<?xml version="1.0" encoding="utf-8"?>
<Structure xmlns="http://www.sdmx.org/resources/sdmxml/schemas/v2_1/message">
  <Header>
    <ID>REGISTRY_RESPONSE</ID>
    <Test>true</Test>
    <Prepared>2013-09-10T09:08:10.2868+02:00</Prepared>
    <Sender id="EUROSTAT" />
    <Receiver id="unknown" />
  </Header>
  <Structures>
    <Codelists xmlns="http://www.sdmx.org/resources/sdmxml/schemas/v2_1/structure">
      <Codelist id="CL_AGGREG_CENSAGR" urn="urn:sdmx:org.sdmx.infomodel.codelist.Codelist=IT1:CL_AGGREG_CENSAGR(1.6)" agencyID="IT1" version="1.6" isFinal="true">
        <Name xml:lang="it" xmlns="http://www.sdmx.org/resources/sdmxml/schemas/v2_1/common">Tipo dato</Name>
        <Name xml:lang="en" xmlns="http://www.sdmx.org/resources/sdmxml/schemas/v2_1/common">Data type</Name>
        <Code id="PA" urn="urn:sdmx:org.sdmx.infomodel.codelist.Code=IT1:CL_AGGREG_CENSAGR(1.6).PA">
          <Name xml:lang="it" xmlns="http://www.sdmx.org/resources/sdmxml/schemas/v2_1/common">superficie in produzione - ettari</Name>
          <Name xml:lang="en" xmlns="http://www.sdmx.org/resources/sdmxml/schemas/v2_1/common">production area - hectares</Name>
        </Code>
        <Code id="TP" urn="urn:sdmx:org.sdmx.infomodel.codelist.Code=IT1:CL_AGGREG_CENSAGR(1.6).TP">
          <Name xml:lang="it" xmlns="http://www.sdmx.org/resources/sdmxml/schemas/v2_1/common">produzione totale - quintali</Name>
          <Name xml:lang="en" xmlns="http://www.sdmx.org/resources/sdmxml/schemas/v2_1/common">total production - quintals</Name>
        </Code>
        <Code id="HP" urn="urn:sdmx:org.sdmx.infomodel.codelist.Code=IT1:CL_AGGREG_CENSAGR(1.6).HP">
          <Name xml:lang="it" xmlns="http://www.sdmx.org/resources/sdmxml/schemas/v2_1/common">produzione  raccolta - quintali (unità foraggere per i gruppi erbai, prati e pascoli)</Name>
          <Name xml:lang="en" xmlns="http://www.sdmx.org/resources/sdmxml/schemas/v2_1/common">harvested production - quintals (fodder unit for the types of crop under the groups grass meadows, grasses and grazing)</Name>
        </Code>
        <Code id="HO" urn="urn:sdmx:org.sdmx.infomodel.codelist.Code=IT1:CL_AGGREG_CENSAGR(1.6).HO">
          <Name xml:lang="it" xmlns="http://www.sdmx.org/resources/sdmxml/schemas/v2_1/common">numero di aziende</Name>
          <Name xml:lang="en" xmlns="http://www.sdmx.org/resources/sdmxml/schemas/v2_1/common">number of farms</Name>
        </Code>
        <Code id="HOPV" urn="urn:sdmx:org.sdmx.infomodel.codelist.Code=IT1:CL_AGGREG_CENSAGR(1.6).HOPV">
          <Name xml:lang="it" xmlns="http://www.sdmx.org/resources/sdmxml/schemas/v2_1/common">numero di aziende (valori percentuali)</Name>
          <Name xml:lang="en" xmlns="http://www.sdmx.org/resources/sdmxml/schemas/v2_1/common">number of farms (percentage values)</Name>
        </Code>
        <Code id="HE" urn="urn:sdmx:org.sdmx.infomodel.codelist.Code=IT1:CL_AGGREG_CENSAGR(1.6).HE">
          <Name xml:lang="it" xmlns="http://www.sdmx.org/resources/sdmxml/schemas/v2_1/common">numero di capi</Name>
          <Name xml:lang="en" xmlns="http://www.sdmx.org/resources/sdmxml/schemas/v2_1/common">number of heads</Name>
        </Code>
        <Code id="COHE" urn="urn:sdmx:org.sdmx.infomodel.codelist.Code=IT1:CL_AGGREG_CENSAGR(1.6).COHE">
          <Name xml:lang="it" xmlns="http://www.sdmx.org/resources/sdmxml/schemas/v2_1/common">numero di capi certificati organici</Name>
          <Name xml:lang="en" xmlns="http://www.sdmx.org/resources/sdmxml/schemas/v2_1/common">number of certified organic heads</Name>
        </Code>
        <Code id="AR" urn="urn:sdmx:org.sdmx.infomodel.codelist.Code=IT1:CL_AGGREG_CENSAGR(1.6).AR">
          <Name xml:lang="it" xmlns="http://www.sdmx.org/resources/sdmxml/schemas/v2_1/common">superficie - ettari</Name>
          <Name xml:lang="en" xmlns="http://www.sdmx.org/resources/sdmxml/schemas/v2_1/common">area  - hectares</Name>
        </Code>
        <Code id="ARU" urn="urn:sdmx:org.sdmx.infomodel.codelist.Code=IT1:CL_AGGREG_CENSAGR(1.6).ARU">
          <Name xml:lang="it" xmlns="http://www.sdmx.org/resources/sdmxml/schemas/v2_1/common">superficie agricola utilizzata - ettari</Name>
          <Name xml:lang="en" xmlns="http://www.sdmx.org/resources/sdmxml/schemas/v2_1/common">utilised agricultural area  - hectares</Name>
        </Code>
        <Code id="ARB" urn="urn:sdmx:org.sdmx.infomodel.codelist.Code=IT1:CL_AGGREG_CENSAGR(1.6).ARB">
          <Name xml:lang="it" xmlns="http://www.sdmx.org/resources/sdmxml/schemas/v2_1/common">superficie biologica - ettari</Name>
          <Name xml:lang="en" xmlns="http://www.sdmx.org/resources/sdmxml/schemas/v2_1/common">organic area - hectares</Name>
        </Code>
        <Code id="ARCB" urn="urn:sdmx:org.sdmx.infomodel.codelist.Code=IT1:CL_AGGREG_CENSAGR(1.6).ARCB">
          <Name xml:lang="it" xmlns="http://www.sdmx.org/resources/sdmxml/schemas/v2_1/common">superficie in conversione al biologico</Name>
          <Name xml:lang="en" xmlns="http://www.sdmx.org/resources/sdmxml/schemas/v2_1/common">area under conversion to organic - hectares</Name>
        </Code>
        <Code id="ART" urn="urn:sdmx:org.sdmx.infomodel.codelist.Code=IT1:CL_AGGREG_CENSAGR(1.6).ART">
          <Name xml:lang="it" xmlns="http://www.sdmx.org/resources/sdmxml/schemas/v2_1/common">superficie totale - ettari</Name>
          <Name xml:lang="en" xmlns="http://www.sdmx.org/resources/sdmxml/schemas/v2_1/common">total area  - hectares</Name>
        </Code>
        <Code id="ARTP" urn="urn:sdmx:org.sdmx.infomodel.codelist.Code=IT1:CL_AGGREG_CENSAGR(1.6).ARTP">
          <Name xml:lang="it" xmlns="http://www.sdmx.org/resources/sdmxml/schemas/v2_1/common">superficie in contoterzismo - ettari</Name>
          <Name xml:lang="en" xmlns="http://www.sdmx.org/resources/sdmxml/schemas/v2_1/common">total area  in third parties - hectares</Name>
        </Code>
        <Code id="WD" urn="urn:sdmx:org.sdmx.infomodel.codelist.Code=IT1:CL_AGGREG_CENSAGR(1.6).WD">
          <Name xml:lang="it" xmlns="http://www.sdmx.org/resources/sdmxml/schemas/v2_1/common">giornate di lavoro</Name>
          <Name xml:lang="en" xmlns="http://www.sdmx.org/resources/sdmxml/schemas/v2_1/common">working days</Name>
        </Code>
        <Code id="WDTP" urn="urn:sdmx:org.sdmx.infomodel.codelist.Code=IT1:CL_AGGREG_CENSAGR(1.6).WDTP">
          <Name xml:lang="it" xmlns="http://www.sdmx.org/resources/sdmxml/schemas/v2_1/common">giornate di lavoro in contoterzismo</Name>
          <Name xml:lang="en" xmlns="http://www.sdmx.org/resources/sdmxml/schemas/v2_1/common">working days in third parties</Name>
        </Code>
        <Code id="WDOGAR" urn="urn:sdmx:org.sdmx.infomodel.codelist.Code=IT1:CL_AGGREG_CENSAGR(1.6).WDOGAR">
          <Name xml:lang="it" xmlns="http://www.sdmx.org/resources/sdmxml/schemas/v2_1/common">giornate di lavoro dedicate ad attività connesse</Name>
          <Name xml:lang="en" xmlns="http://www.sdmx.org/resources/sdmxml/schemas/v2_1/common">working days devoted to other gainful activities related to the farms</Name>
        </Code>
        <Code id="HAA" urn="urn:sdmx:org.sdmx.infomodel.codelist.Code=IT1:CL_AGGREG_CENSAGR(1.6).HAA">
          <Name xml:lang="it" xmlns="http://www.sdmx.org/resources/sdmxml/schemas/v2_1/common">superficie media aziendale</Name>
          <Name xml:lang="en" xmlns="http://www.sdmx.org/resources/sdmxml/schemas/v2_1/common">holding average area</Name>
        </Code>
        <Code id="IA" urn="urn:sdmx:org.sdmx.infomodel.codelist.Code=IT1:CL_AGGREG_CENSAGR(1.6).IA">
          <Name xml:lang="it" xmlns="http://www.sdmx.org/resources/sdmxml/schemas/v2_1/common">superficie irrigata</Name>
          <Name xml:lang="en" xmlns="http://www.sdmx.org/resources/sdmxml/schemas/v2_1/common">irrigated area</Name>
        </Code>
        <Code id="VIW" urn="urn:sdmx:org.sdmx.infomodel.codelist.Code=IT1:CL_AGGREG_CENSAGR(1.6).VIW">
          <Name xml:lang="it" xmlns="http://www.sdmx.org/resources/sdmxml/schemas/v2_1/common">volume di acqua irrigua</Name>
          <Name xml:lang="en" xmlns="http://www.sdmx.org/resources/sdmxml/schemas/v2_1/common">volume of irrigation water</Name>
        </Code>
        <Code id="PE" urn="urn:sdmx:org.sdmx.infomodel.codelist.Code=IT1:CL_AGGREG_CENSAGR(1.6).PE">
          <Name xml:lang="it" xmlns="http://www.sdmx.org/resources/sdmxml/schemas/v2_1/common">numero di persone</Name>
          <Name xml:lang="en" xmlns="http://www.sdmx.org/resources/sdmxml/schemas/v2_1/common">number of persons</Name>
        </Code>
        <Code id="PEOGAR" urn="urn:sdmx:org.sdmx.infomodel.codelist.Code=IT1:CL_AGGREG_CENSAGR(1.6).PEOGAR">
          <Name xml:lang="it" xmlns="http://www.sdmx.org/resources/sdmxml/schemas/v2_1/common">numero di persone che svolgono attività connesse</Name>
          <Name xml:lang="en" xmlns="http://www.sdmx.org/resources/sdmxml/schemas/v2_1/common">number of persons involved in other gainful activities related to the farms</Name>
        </Code>
        <Code id="SO" urn="urn:sdmx:org.sdmx.infomodel.codelist.Code=IT1:CL_AGGREG_CENSAGR(1.6).SO">
          <Name xml:lang="it" xmlns="http://www.sdmx.org/resources/sdmxml/schemas/v2_1/common">output standard</Name>
          <Name xml:lang="en" xmlns="http://www.sdmx.org/resources/sdmxml/schemas/v2_1/common">standard output</Name>
        </Code>
        <Code id="LSU" urn="urn:sdmx:org.sdmx.infomodel.codelist.Code=IT1:CL_AGGREG_CENSAGR(1.6).LSU">
          <Name xml:lang="it" xmlns="http://www.sdmx.org/resources/sdmxml/schemas/v2_1/common">unità bestiame adulto - UBA</Name>
          <Name xml:lang="en" xmlns="http://www.sdmx.org/resources/sdmxml/schemas/v2_1/common">livestock unit - LSU</Name>
        </Code>
        <Code id="TPT" urn="urn:sdmx:org.sdmx.infomodel.codelist.Code=IT1:CL_AGGREG_CENSAGR(1.6).TPT">
          <Name xml:lang="it" xmlns="http://www.sdmx.org/resources/sdmxml/schemas/v2_1/common">produzione totale - tonnellate</Name>
          <Name xml:lang="en" xmlns="http://www.sdmx.org/resources/sdmxml/schemas/v2_1/common">total production - tons</Name>
        </Code>
        <Code id="HMAN" urn="urn:sdmx:org.sdmx.infomodel.codelist.Code=IT1:CL_AGGREG_CENSAGR(1.6).HMAN">
          <Name xml:lang="it" xmlns="http://www.sdmx.org/resources/sdmxml/schemas/v2_1/common">numero di persone capo azienda</Name>
          <Name xml:lang="en" xmlns="http://www.sdmx.org/resources/sdmxml/schemas/v2_1/common">number of holding managers</Name>
        </Code>
        <Code id="WDHMAN" urn="urn:sdmx:org.sdmx.infomodel.codelist.Code=IT1:CL_AGGREG_CENSAGR(1.6).WDHMAN">
          <Name xml:lang="it" xmlns="http://www.sdmx.org/resources/sdmxml/schemas/v2_1/common">giornate di lavoro del capo azienda</Name>
          <Name xml:lang="en" xmlns="http://www.sdmx.org/resources/sdmxml/schemas/v2_1/common">working days of holding manager</Name>
        </Code>
        <Code id="IFARM" urn="urn:sdmx:org.sdmx.infomodel.codelist.Code=IT1:CL_AGGREG_CENSAGR(1.6).IFARM">
          <Name xml:lang="it" xmlns="http://www.sdmx.org/resources/sdmxml/schemas/v2_1/common">numero di aziende inattive</Name>
          <Name xml:lang="en" xmlns="http://www.sdmx.org/resources/sdmxml/schemas/v2_1/common">number of inactive farms</Name>
        </Code>
        <Code id="PPHE" urn="urn:sdmx:org.sdmx.infomodel.codelist.Code=IT1:CL_AGGREG_CENSAGR(1.6).PPHE">
          <Name xml:lang="it" xmlns="http://www.sdmx.org/resources/sdmxml/schemas/v2_1/common">numero di capi DOP/IGP</Name>
          <Name xml:lang="en" xmlns="http://www.sdmx.org/resources/sdmxml/schemas/v2_1/common">number of PDO/PGI heads</Name>
        </Code>
        <Code id="ARPP" urn="urn:sdmx:org.sdmx.infomodel.codelist.Code=IT1:CL_AGGREG_CENSAGR(1.6).ARPP">
          <Name xml:lang="it" xmlns="http://www.sdmx.org/resources/sdmxml/schemas/v2_1/common">superficie DOP/IGP</Name>
          <Name xml:lang="en" xmlns="http://www.sdmx.org/resources/sdmxml/schemas/v2_1/common">PDO/PGI area</Name>
        </Code>
        <Code id="AU" urn="urn:sdmx:org.sdmx.infomodel.codelist.Code=IT1:CL_AGGREG_CENSAGR(1.6).AU">
          <Name xml:lang="it" xmlns="http://www.sdmx.org/resources/sdmxml/schemas/v2_1/common">unità agricola</Name>
          <Name xml:lang="en" xmlns="http://www.sdmx.org/resources/sdmxml/schemas/v2_1/common">agricultural unit</Name>
        </Code>
        <Code id="HEM" urn="urn:sdmx:org.sdmx.infomodel.codelist.Code=IT1:CL_AGGREG_CENSAGR(1.6).HEM">
          <Name xml:lang="it" xmlns="http://www.sdmx.org/resources/sdmxml/schemas/v2_1/common">numero di capi per comune</Name>
          <Name xml:lang="en" xmlns="http://www.sdmx.org/resources/sdmxml/schemas/v2_1/common">number of heads per municipality</Name>
        </Code>
        <Code id="ARM" urn="urn:sdmx:org.sdmx.infomodel.codelist.Code=IT1:CL_AGGREG_CENSAGR(1.6).ARM">
          <Name xml:lang="it" xmlns="http://www.sdmx.org/resources/sdmxml/schemas/v2_1/common">superficie per comune - ettari</Name>
          <Name xml:lang="en" xmlns="http://www.sdmx.org/resources/sdmxml/schemas/v2_1/common">area per municipality - hectares</Name>
        </Code>
        <Code id="ARUM" urn="urn:sdmx:org.sdmx.infomodel.codelist.Code=IT1:CL_AGGREG_CENSAGR(1.6).ARUM">
          <Name xml:lang="it" xmlns="http://www.sdmx.org/resources/sdmxml/schemas/v2_1/common">superficie agricola utilizzata per comune - ettari</Name>
          <Name xml:lang="en" xmlns="http://www.sdmx.org/resources/sdmxml/schemas/v2_1/common">utilised agricultural area per municipality - hectares</Name>
        </Code>
        <Code id="ARTM" urn="urn:sdmx:org.sdmx.infomodel.codelist.Code=IT1:CL_AGGREG_CENSAGR(1.6).ARTM">
          <Name xml:lang="it" xmlns="http://www.sdmx.org/resources/sdmxml/schemas/v2_1/common">superficie totale per comune - ettari</Name>
          <Name xml:lang="en" xmlns="http://www.sdmx.org/resources/sdmxml/schemas/v2_1/common">total area  per municipality - hectares</Name>
        </Code>
        <Code id="IBA" urn="urn:sdmx:org.sdmx.infomodel.codelist.Code=IT1:CL_AGGREG_CENSAGR(1.6).IBA">
          <Name xml:lang="it" xmlns="http://www.sdmx.org/resources/sdmxml/schemas/v2_1/common">superficie irrigabile</Name>
          <Name xml:lang="en" xmlns="http://www.sdmx.org/resources/sdmxml/schemas/v2_1/common">irrigable area</Name>
        </Code>
      </Codelist>
      <Codelist id="CL_CARATT_AZ" urn="urn:sdmx:org.sdmx.infomodel.codelist.Codelist=IT1:CL_CARATT_AZ(1.6)" agencyID="IT1" version="1.6" isFinal="true">
        <Name xml:lang="it" xmlns="http://www.sdmx.org/resources/sdmxml/schemas/v2_1/common">Caratteristica della azienda</Name>
        <Name xml:lang="en" xmlns="http://www.sdmx.org/resources/sdmxml/schemas/v2_1/common">Farm features</Name>
        <Code id="WLC" urn="urn:sdmx:org.sdmx.infomodel.codelist.Code=IT1:CL_CARATT_AZ(1.6).WLC">
          <Name xml:lang="it" xmlns="http://www.sdmx.org/resources/sdmxml/schemas/v2_1/common">azienda con allevamenti e coltivazioni</Name>
          <Name xml:lang="en" xmlns="http://www.sdmx.org/resources/sdmxml/schemas/v2_1/common">farm with livestock and crops</Name>
        </Code>
        <Code id="FOAL" urn="urn:sdmx:org.sdmx.infomodel.codelist.Code=IT1:CL_CARATT_AZ(1.6).FOAL">
          <Name xml:lang="it" xmlns="http://www.sdmx.org/resources/sdmxml/schemas/v2_1/common">azienda con allevamenti biologici certificati e superficie biologica</Name>
          <Name xml:lang="en" xmlns="http://www.sdmx.org/resources/sdmxml/schemas/v2_1/common">farm with certified organic livestock and organic area</Name>
        </Code>
        <Code id="WC" urn="urn:sdmx:org.sdmx.infomodel.codelist.Code=IT1:CL_CARATT_AZ(1.6).WC">
          <Name xml:lang="it" xmlns="http://www.sdmx.org/resources/sdmxml/schemas/v2_1/common">azienda con coltivazioni</Name>
          <Name xml:lang="en" xmlns="http://www.sdmx.org/resources/sdmxml/schemas/v2_1/common">farm with crops</Name>
        </Code>
        <Code id="FCOUAA" urn="urn:sdmx:org.sdmx.infomodel.codelist.Code=IT1:CL_CARATT_AZ(1.6).FCOUAA">
          <Name xml:lang="it" xmlns="http://www.sdmx.org/resources/sdmxml/schemas/v2_1/common">azienda con superficie biologica</Name>
          <Name xml:lang="en" xmlns="http://www.sdmx.org/resources/sdmxml/schemas/v2_1/common">farm with organic area</Name>
        </Code>
        <Code id="FCCOUAA" urn="urn:sdmx:org.sdmx.infomodel.codelist.Code=IT1:CL_CARATT_AZ(1.6).FCCOUAA">
          <Name xml:lang="it" xmlns="http://www.sdmx.org/resources/sdmxml/schemas/v2_1/common">azienda con superficie in fase di conversione al biologico</Name>
          <Name xml:lang="en" xmlns="http://www.sdmx.org/resources/sdmxml/schemas/v2_1/common">farm with area under conversion to organic</Name>
          <Parent>
            <Ref id="FCOUAA" xmlns="" />
          </Parent>
        </Code>
        <Code id="FCEOUAA" urn="urn:sdmx:org.sdmx.infomodel.codelist.Code=IT1:CL_CARATT_AZ(1.6).FCEOUAA">
          <Name xml:lang="it" xmlns="http://www.sdmx.org/resources/sdmxml/schemas/v2_1/common">azienda con superficie esclusivamente biologica</Name>
          <Name xml:lang="en" xmlns="http://www.sdmx.org/resources/sdmxml/schemas/v2_1/common">farm with area exclusively organic</Name>
          <Parent>
            <Ref id="FCOUAA" xmlns="" />
          </Parent>
        </Code>
        <Code id="WL" urn="urn:sdmx:org.sdmx.infomodel.codelist.Code=IT1:CL_CARATT_AZ(1.6).WL">
          <Name xml:lang="it" xmlns="http://www.sdmx.org/resources/sdmxml/schemas/v2_1/common">azienda con allevamenti</Name>
          <Name xml:lang="en" xmlns="http://www.sdmx.org/resources/sdmxml/schemas/v2_1/common">farm with livestock</Name>
        </Code>
        <Code id="FOL" urn="urn:sdmx:org.sdmx.infomodel.codelist.Code=IT1:CL_CARATT_AZ(1.6).FOL">
          <Name xml:lang="it" xmlns="http://www.sdmx.org/resources/sdmxml/schemas/v2_1/common">azienda  con allevamenti biologici certificati</Name>
          <Name xml:lang="en" xmlns="http://www.sdmx.org/resources/sdmxml/schemas/v2_1/common">farm with certified organic livestock</Name>
        </Code>
        <Code id="FEOL" urn="urn:sdmx:org.sdmx.infomodel.codelist.Code=IT1:CL_CARATT_AZ(1.6).FEOL">
          <Name xml:lang="it" xmlns="http://www.sdmx.org/resources/sdmxml/schemas/v2_1/common">azienda con allevamenti esclusivamente biologici certificati</Name>
          <Name xml:lang="en" xmlns="http://www.sdmx.org/resources/sdmxml/schemas/v2_1/common">farm with exclusively certified organic livestock</Name>
          <Parent>
            <Ref id="FOL" xmlns="" />
          </Parent>
        </Code>
        <Code id="OWC" urn="urn:sdmx:org.sdmx.infomodel.codelist.Code=IT1:CL_CARATT_AZ(1.6).OWC">
          <Name xml:lang="it" xmlns="http://www.sdmx.org/resources/sdmxml/schemas/v2_1/common">azienda solo con coltivazioni</Name>
          <Name xml:lang="en" xmlns="http://www.sdmx.org/resources/sdmxml/schemas/v2_1/common">farm with crops only</Name>
        </Code>
        <Code id="OWL" urn="urn:sdmx:org.sdmx.infomodel.codelist.Code=IT1:CL_CARATT_AZ(1.6).OWL">
          <Name xml:lang="it" xmlns="http://www.sdmx.org/resources/sdmxml/schemas/v2_1/common">azienda solo con allevamenti</Name>
          <Name xml:lang="en" xmlns="http://www.sdmx.org/resources/sdmxml/schemas/v2_1/common">farm with livestock only</Name>
        </Code>
        <Code id="OUAA" urn="urn:sdmx:org.sdmx.infomodel.codelist.Code=IT1:CL_CARATT_AZ(1.6).OUAA">
          <Name xml:lang="it" xmlns="http://www.sdmx.org/resources/sdmxml/schemas/v2_1/common">azienda con superficie biologica</Name>
          <Name xml:lang="en" xmlns="http://www.sdmx.org/resources/sdmxml/schemas/v2_1/common">farm with organic area</Name>
          <Parent>
            <Ref id="OCL" xmlns="" />
          </Parent>
        </Code>
        <Code id="COUAA" urn="urn:sdmx:org.sdmx.infomodel.codelist.Code=IT1:CL_CARATT_AZ(1.6).COUAA">
          <Name xml:lang="it" xmlns="http://www.sdmx.org/resources/sdmxml/schemas/v2_1/common">azienda con superficie in fase di conversione al biologico</Name>
          <Name xml:lang="en" xmlns="http://www.sdmx.org/resources/sdmxml/schemas/v2_1/common">farm with area under conversion to organic</Name>
          <Parent>
            <Ref id="OUAA" xmlns="" />
          </Parent>
        </Code>
        <Code id="EOUAA" urn="urn:sdmx:org.sdmx.infomodel.codelist.Code=IT1:CL_CARATT_AZ(1.6).EOUAA">
          <Name xml:lang="it" xmlns="http://www.sdmx.org/resources/sdmxml/schemas/v2_1/common">azienda con superficie esclusivamente biologica</Name>
          <Name xml:lang="en" xmlns="http://www.sdmx.org/resources/sdmxml/schemas/v2_1/common">farm with area exclusively organic</Name>
          <Parent>
            <Ref id="OUAA" xmlns="" />
          </Parent>
        </Code>
        <Code id="OL" urn="urn:sdmx:org.sdmx.infomodel.codelist.Code=IT1:CL_CARATT_AZ(1.6).OL">
          <Name xml:lang="it" xmlns="http://www.sdmx.org/resources/sdmxml/schemas/v2_1/common">azienda  con allevamenti biologici certificati</Name>
          <Name xml:lang="en" xmlns="http://www.sdmx.org/resources/sdmxml/schemas/v2_1/common">farm with certified organic livestock</Name>
          <Parent>
            <Ref id="OCL" xmlns="" />
          </Parent>
        </Code>
        <Code id="EOL" urn="urn:sdmx:org.sdmx.infomodel.codelist.Code=IT1:CL_CARATT_AZ(1.6).EOL">
          <Name xml:lang="it" xmlns="http://www.sdmx.org/resources/sdmxml/schemas/v2_1/common">azienda con allevamenti esclusivamente certificati biologici</Name>
          <Name xml:lang="en" xmlns="http://www.sdmx.org/resources/sdmxml/schemas/v2_1/common">farm with livestock exclusively certified organic</Name>
          <Parent>
            <Ref id="OL" xmlns="" />
          </Parent>
        </Code>
        <Code id="FFM40" urn="urn:sdmx:org.sdmx.infomodel.codelist.Code=IT1:CL_CARATT_AZ(1.6).FFM40">
          <Name xml:lang="it" xmlns="http://www.sdmx.org/resources/sdmxml/schemas/v2_1/common">aziende con almeno un familiare che lavora con meno di 40 anni e più di cento giornate di lavoro</Name>
          <Name xml:lang="en" xmlns="http://www.sdmx.org/resources/sdmxml/schemas/v2_1/common">farms with at least one family member aged less than 40 years old and working more than a 100 working days</Name>
        </Code>
        <Code id="OCLFFM40" urn="urn:sdmx:org.sdmx.infomodel.codelist.Code=IT1:CL_CARATT_AZ(1.6).OCLFFM40">
          <Name xml:lang="it" xmlns="http://www.sdmx.org/resources/sdmxml/schemas/v2_1/common">aziende con superfIcie biologica e/o allevamenti certificati biologici e con almeno un familiare che lavora con meno di 40 anni e più di cento giornate di lavoro</Name>
          <Name xml:lang="en" xmlns="http://www.sdmx.org/resources/sdmxml/schemas/v2_1/common">farms with organic area and/or certified organic livestock and with at least one family member aged less than 40 years old and working more than a 100 working days</Name>
        </Code>
        <Code id="FFM55" urn="urn:sdmx:org.sdmx.infomodel.codelist.Code=IT1:CL_CARATT_AZ(1.6).FFM55">
          <Name xml:lang="it" xmlns="http://www.sdmx.org/resources/sdmxml/schemas/v2_1/common">aziende con almeno un familiare che lavora con meno di 55 anni e più di cento giornate di lavoro</Name>
          <Name xml:lang="en" xmlns="http://www.sdmx.org/resources/sdmxml/schemas/v2_1/common">farms with at least one family member aged less than 55 years old and working more than a 100 working days</Name>
        </Code>
        <Code id="OCLFFM55" urn="urn:sdmx:org.sdmx.infomodel.codelist.Code=IT1:CL_CARATT_AZ(1.6).OCLFFM55">
          <Name xml:lang="it" xmlns="http://www.sdmx.org/resources/sdmxml/schemas/v2_1/common">aziende con superfIcie biologica e/o allevamenti certificati biologici e con almeno un familiare che lavora con meno di 55 anni e più di cento giornate di lavoro</Name>
          <Name xml:lang="en" xmlns="http://www.sdmx.org/resources/sdmxml/schemas/v2_1/common">farms with organic area and/or certified organic livestock and with at least one family member aged less than 55 years old and working more than a 100 working days</Name>
        </Code>
        <Code id="FIABLE" urn="urn:sdmx:org.sdmx.infomodel.codelist.Code=IT1:CL_CARATT_AZ(1.6).FIABLE">
          <Name xml:lang="it" xmlns="http://www.sdmx.org/resources/sdmxml/schemas/v2_1/common">azienda con superficie irrigabile</Name>
          <Name xml:lang="en" xmlns="http://www.sdmx.org/resources/sdmxml/schemas/v2_1/common">farm with irrigable area</Name>
        </Code>
        <Code id="FIABLEO" urn="urn:sdmx:org.sdmx.infomodel.codelist.Code=IT1:CL_CARATT_AZ(1.6).FIABLEO">
          <Name xml:lang="it" xmlns="http://www.sdmx.org/resources/sdmxml/schemas/v2_1/common">azienda con superficie irrigabile e superficie biologica</Name>
          <Name xml:lang="en" xmlns="http://www.sdmx.org/resources/sdmxml/schemas/v2_1/common">farm with irrigable and organic area</Name>
        </Code>
        <Code id="FIATED" urn="urn:sdmx:org.sdmx.infomodel.codelist.Code=IT1:CL_CARATT_AZ(1.6).FIATED">
          <Name xml:lang="it" xmlns="http://www.sdmx.org/resources/sdmxml/schemas/v2_1/common">azienda con superficie effettivamente irrigata</Name>
          <Name xml:lang="en" xmlns="http://www.sdmx.org/resources/sdmxml/schemas/v2_1/common">farm with irrigated area</Name>
        </Code>
        <Code id="FIATEDO" urn="urn:sdmx:org.sdmx.infomodel.codelist.Code=IT1:CL_CARATT_AZ(1.6).FIATEDO">
          <Name xml:lang="it" xmlns="http://www.sdmx.org/resources/sdmxml/schemas/v2_1/common">azienda con superficie irrigata e superfcie biologica</Name>
          <Name xml:lang="en" xmlns="http://www.sdmx.org/resources/sdmxml/schemas/v2_1/common">farm with irrigated and organic area</Name>
        </Code>
        <Code id="FVINE" urn="urn:sdmx:org.sdmx.infomodel.codelist.Code=IT1:CL_CARATT_AZ(1.6).FVINE">
          <Name xml:lang="it" xmlns="http://www.sdmx.org/resources/sdmxml/schemas/v2_1/common">azienda con vite</Name>
          <Name xml:lang="en" xmlns="http://www.sdmx.org/resources/sdmxml/schemas/v2_1/common">farm with vineyard</Name>
        </Code>
        <Code id="FWOV" urn="urn:sdmx:org.sdmx.infomodel.codelist.Code=IT1:CL_CARATT_AZ(1.6).FWOV">
          <Name xml:lang="it" xmlns="http://www.sdmx.org/resources/sdmxml/schemas/v2_1/common">azienda con vite biologica</Name>
          <Name xml:lang="en" xmlns="http://www.sdmx.org/resources/sdmxml/schemas/v2_1/common">farm with organic vineyard</Name>
        </Code>
        <Code id="SFVINE" urn="urn:sdmx:org.sdmx.infomodel.codelist.Code=IT1:CL_CARATT_AZ(1.6).SFVINE">
          <Name xml:lang="it" xmlns="http://www.sdmx.org/resources/sdmxml/schemas/v2_1/common">azienda con vite specializzata</Name>
          <Name xml:lang="en" xmlns="http://www.sdmx.org/resources/sdmxml/schemas/v2_1/common">specialised farm in vineyard</Name>
        </Code>
        <Code id="SFWOV" urn="urn:sdmx:org.sdmx.infomodel.codelist.Code=IT1:CL_CARATT_AZ(1.6).SFWOV">
          <Name xml:lang="it" xmlns="http://www.sdmx.org/resources/sdmxml/schemas/v2_1/common">azienda con vite specializzata biologica (esclusivamente o parzialmente)</Name>
          <Name xml:lang="en" xmlns="http://www.sdmx.org/resources/sdmxml/schemas/v2_1/common">specialised farm in organic (exclusively or partially) vineyard</Name>
        </Code>
        <Code id="PDOPGICL" urn="urn:sdmx:org.sdmx.infomodel.codelist.Code=IT1:CL_CARATT_AZ(1.6).PDOPGICL">
          <Name xml:lang="it" xmlns="http://www.sdmx.org/resources/sdmxml/schemas/v2_1/common">azienda con coltivazioni e/o allevamenti DOP e/o IGP</Name>
          <Name xml:lang="en" xmlns="http://www.sdmx.org/resources/sdmxml/schemas/v2_1/common">farm with PDO and/or PGI crops and/or livestock</Name>
        </Code>
        <Code id="PDOPGIC" urn="urn:sdmx:org.sdmx.infomodel.codelist.Code=IT1:CL_CARATT_AZ(1.6).PDOPGIC">
          <Name xml:lang="it" xmlns="http://www.sdmx.org/resources/sdmxml/schemas/v2_1/common">azienda con coltivazioni DOP e/o IGP</Name>
          <Name xml:lang="en" xmlns="http://www.sdmx.org/resources/sdmxml/schemas/v2_1/common">farm with PDO and/or PGI crops</Name>
          <Parent>
            <Ref id="PDOPGICL" xmlns="" />
          </Parent>
        </Code>
        <Code id="PDOPGIL" urn="urn:sdmx:org.sdmx.infomodel.codelist.Code=IT1:CL_CARATT_AZ(1.6).PDOPGIL">
          <Name xml:lang="it" xmlns="http://www.sdmx.org/resources/sdmxml/schemas/v2_1/common">azienda con allevamenti DOP e/o IGP</Name>
          <Name xml:lang="en" xmlns="http://www.sdmx.org/resources/sdmxml/schemas/v2_1/common">farm with PDO and/or PGI livestock</Name>
          <Parent>
            <Ref id="PDOPGICL" xmlns="" />
          </Parent>
        </Code>
        <Code id="EPDOPGIL" urn="urn:sdmx:org.sdmx.infomodel.codelist.Code=IT1:CL_CARATT_AZ(1.6).EPDOPGIL">
          <Name xml:lang="it" xmlns="http://www.sdmx.org/resources/sdmxml/schemas/v2_1/common">azienda con allevamenti esclusivamente DOP e/o IGP</Name>
          <Name xml:lang="en" xmlns="http://www.sdmx.org/resources/sdmxml/schemas/v2_1/common">farm with exclusively PDO and/or PGI livestock</Name>
          <Parent>
            <Ref id="PDOPGIL" xmlns="" />
          </Parent>
        </Code>
        <Code id="WPTPWF" urn="urn:sdmx:org.sdmx.infomodel.codelist.Code=IT1:CL_CARATT_AZ(1.6).WPTPWF">
          <Name xml:lang="it" xmlns="http://www.sdmx.org/resources/sdmxml/schemas/v2_1/common">azienda con contoterzismo attivo</Name>
          <Name xml:lang="en" xmlns="http://www.sdmx.org/resources/sdmxml/schemas/v2_1/common">farm providing  third parties work</Name>
        </Code>
        <Code id="WPTPWFOCL" urn="urn:sdmx:org.sdmx.infomodel.codelist.Code=IT1:CL_CARATT_AZ(1.6).WPTPWFOCL">
          <Name xml:lang="it" xmlns="http://www.sdmx.org/resources/sdmxml/schemas/v2_1/common">azienda con contoterzismo attivo - con superficie biologica e/o allevamenti certificati biologici</Name>
          <Name xml:lang="en" xmlns="http://www.sdmx.org/resources/sdmxml/schemas/v2_1/common">farm providing  third parties work - with organic area and/or certified organic livestock</Name>
        </Code>
        <Code id="WTPWPF" urn="urn:sdmx:org.sdmx.infomodel.codelist.Code=IT1:CL_CARATT_AZ(1.6).WTPWPF">
          <Name xml:lang="it" xmlns="http://www.sdmx.org/resources/sdmxml/schemas/v2_1/common">azienda con contoterzismo passivo</Name>
          <Name xml:lang="en" xmlns="http://www.sdmx.org/resources/sdmxml/schemas/v2_1/common">farm having recourse to third parties work</Name>
        </Code>
        <Code id="WTPWPFOCL" urn="urn:sdmx:org.sdmx.infomodel.codelist.Code=IT1:CL_CARATT_AZ(1.6).WTPWPFOCL">
          <Name xml:lang="it" xmlns="http://www.sdmx.org/resources/sdmxml/schemas/v2_1/common">azienda con contoterzismo passivo - con superficie biologica e/o allevamenti certificati biologici</Name>
          <Name xml:lang="en" xmlns="http://www.sdmx.org/resources/sdmxml/schemas/v2_1/common">farm having recourse to third parties work - with organic area and/or certified organic livestock</Name>
        </Code>
        <Code id="HOGA" urn="urn:sdmx:org.sdmx.infomodel.codelist.Code=IT1:CL_CARATT_AZ(1.6).HOGA">
          <Name xml:lang="it" xmlns="http://www.sdmx.org/resources/sdmxml/schemas/v2_1/common">azienda che svolge attività remunerative connesse</Name>
          <Name xml:lang="en" xmlns="http://www.sdmx.org/resources/sdmxml/schemas/v2_1/common">farm with other gainful activities</Name>
        </Code>
        <Code id="HOGACR" urn="urn:sdmx:org.sdmx.infomodel.codelist.Code=IT1:CL_CARATT_AZ(1.6).HOGACR">
          <Name xml:lang="it" xmlns="http://www.sdmx.org/resources/sdmxml/schemas/v2_1/common">azienda che svolge attività remunerative connesse - con coltivazioni</Name>
          <Name xml:lang="en" xmlns="http://www.sdmx.org/resources/sdmxml/schemas/v2_1/common">farm with other gainful activities - with crops</Name>
          <Parent>
            <Ref id="HOGA" xmlns="" />
          </Parent>
        </Code>
        <Code id="HOGALV" urn="urn:sdmx:org.sdmx.infomodel.codelist.Code=IT1:CL_CARATT_AZ(1.6).HOGALV">
          <Name xml:lang="it" xmlns="http://www.sdmx.org/resources/sdmxml/schemas/v2_1/common">azienda che svolge attività remunerative connesse - con allevamenti</Name>
          <Name xml:lang="en" xmlns="http://www.sdmx.org/resources/sdmxml/schemas/v2_1/common">farm with other gainful activities - with livestock</Name>
          <Parent>
            <Ref id="HOGA" xmlns="" />
          </Parent>
        </Code>
        <Code id="HOGACRLV" urn="urn:sdmx:org.sdmx.infomodel.codelist.Code=IT1:CL_CARATT_AZ(1.6).HOGACRLV">
          <Name xml:lang="it" xmlns="http://www.sdmx.org/resources/sdmxml/schemas/v2_1/common">azienda che svolge attività remunerative connesse - con allevamenti e coltivazioni</Name>
          <Name xml:lang="en" xmlns="http://www.sdmx.org/resources/sdmxml/schemas/v2_1/common">farm with other gainful activities - with crops and livestock</Name>
          <Parent>
            <Ref id="HOGA" xmlns="" />
          </Parent>
        </Code>
        <Code id="HOGAONCR" urn="urn:sdmx:org.sdmx.infomodel.codelist.Code=IT1:CL_CARATT_AZ(1.6).HOGAONCR">
          <Name xml:lang="it" xmlns="http://www.sdmx.org/resources/sdmxml/schemas/v2_1/common">azienda che svolge attività remunerative connesse - solo con coltivazioni</Name>
          <Name xml:lang="en" xmlns="http://www.sdmx.org/resources/sdmxml/schemas/v2_1/common">farm with other gainful activities - with crops only</Name>
          <Parent>
            <Ref id="HOGA" xmlns="" />
          </Parent>
        </Code>
        <Code id="HOGAONLV" urn="urn:sdmx:org.sdmx.infomodel.codelist.Code=IT1:CL_CARATT_AZ(1.6).HOGAONLV">
          <Name xml:lang="it" xmlns="http://www.sdmx.org/resources/sdmxml/schemas/v2_1/common">azienda che svolge attività remunerative connesse - solo con allevamenti</Name>
          <Name xml:lang="en" xmlns="http://www.sdmx.org/resources/sdmxml/schemas/v2_1/common">farm with other gainful activities - with livestock only</Name>
          <Parent>
            <Ref id="HOGA" xmlns="" />
          </Parent>
        </Code>
        <Code id="HGVOCL" urn="urn:sdmx:org.sdmx.infomodel.codelist.Code=IT1:CL_CARATT_AZ(1.6).HGVOCL">
          <Name xml:lang="it" xmlns="http://www.sdmx.org/resources/sdmxml/schemas/v2_1/common">azienda che svolge attività remunerative connesse - con superfice biologica e/o allevamenti biologici certificati</Name>
          <Name xml:lang="en" xmlns="http://www.sdmx.org/resources/sdmxml/schemas/v2_1/common">farm with other gainful activities - with organic area and/or certified organic livestock</Name>
        </Code>
        <Code id="HGVOUAA" urn="urn:sdmx:org.sdmx.infomodel.codelist.Code=IT1:CL_CARATT_AZ(1.6).HGVOUAA">
          <Name xml:lang="it" xmlns="http://www.sdmx.org/resources/sdmxml/schemas/v2_1/common">azienda che svolge attività remunerative connesse - con superficie biologica</Name>
          <Name xml:lang="en" xmlns="http://www.sdmx.org/resources/sdmxml/schemas/v2_1/common">farm with other gainful activities - with organic area</Name>
          <Parent>
            <Ref id="HGVOCL" xmlns="" />
          </Parent>
        </Code>
        <Code id="HGVOL" urn="urn:sdmx:org.sdmx.infomodel.codelist.Code=IT1:CL_CARATT_AZ(1.6).HGVOL">
          <Name xml:lang="it" xmlns="http://www.sdmx.org/resources/sdmxml/schemas/v2_1/common">azienda che svolge attività remunerative connesse - con allevamenti certificati biologici</Name>
          <Name xml:lang="en" xmlns="http://www.sdmx.org/resources/sdmxml/schemas/v2_1/common">farm with other gainful activities - with certified organic livestock</Name>
          <Parent>
            <Ref id="HGVOCL" xmlns="" />
          </Parent>
        </Code>
        <Code id="HGVOAL" urn="urn:sdmx:org.sdmx.infomodel.codelist.Code=IT1:CL_CARATT_AZ(1.6).HGVOAL">
          <Name xml:lang="it" xmlns="http://www.sdmx.org/resources/sdmxml/schemas/v2_1/common">azienda che svolge attività remunerative connesse - con allevamenti certificati biologici e superficie biologica</Name>
          <Name xml:lang="en" xmlns="http://www.sdmx.org/resources/sdmxml/schemas/v2_1/common">farm with other gainful activities - with certified organic livestock and organic area</Name>
          <Parent>
            <Ref id="HGVOCL" xmlns="" />
          </Parent>
        </Code>
        <Code id="HGVOA" urn="urn:sdmx:org.sdmx.infomodel.codelist.Code=IT1:CL_CARATT_AZ(1.6).HGVOA">
          <Name xml:lang="it" xmlns="http://www.sdmx.org/resources/sdmxml/schemas/v2_1/common">azienda che svolge attività remunerative connesse - con superficie esclusivamente biologica</Name>
          <Name xml:lang="en" xmlns="http://www.sdmx.org/resources/sdmxml/schemas/v2_1/common">farm with other gainful activities - with area exclusively organic</Name>
          <Parent>
            <Ref id="HGVOCL" xmlns="" />
          </Parent>
        </Code>
        <Code id="HGVEOL" urn="urn:sdmx:org.sdmx.infomodel.codelist.Code=IT1:CL_CARATT_AZ(1.6).HGVEOL">
          <Name xml:lang="it" xmlns="http://www.sdmx.org/resources/sdmxml/schemas/v2_1/common">azienda che svolge attività remunerative connesse - con allevamenti esclusivamente certificati biologici</Name>
          <Name xml:lang="en" xmlns="http://www.sdmx.org/resources/sdmxml/schemas/v2_1/common">farm with other gainful activities - with  livestock exclusively certified organic</Name>
          <Parent>
            <Ref id="HGVOCL" xmlns="" />
          </Parent>
        </Code>
        <Code id="HEREP" urn="urn:sdmx:org.sdmx.infomodel.codelist.Code=IT1:CL_CARATT_AZ(1.6).HEREP">
          <Name xml:lang="it" xmlns="http://www.sdmx.org/resources/sdmxml/schemas/v2_1/common">aziende con impianti per la produzione dell'energia rinnovabile</Name>
          <Name xml:lang="en" xmlns="http://www.sdmx.org/resources/sdmxml/schemas/v2_1/common">farm with equipment for renewable energy production</Name>
        </Code>
        <Code id="HEREP_HOGA" urn="urn:sdmx:org.sdmx.infomodel.codelist.Code=IT1:CL_CARATT_AZ(1.6).HEREP_HOGA">
          <Name xml:lang="it" xmlns="http://www.sdmx.org/resources/sdmxml/schemas/v2_1/common">aziende con attività remunerativa connessa di produzione di energia rinnovabile da relativo impianto</Name>
          <Name xml:lang="en" xmlns="http://www.sdmx.org/resources/sdmxml/schemas/v2_1/common">farm with other gainful activities related to  renewable energy production from dedicated equipment</Name>
          <Parent>
            <Ref id="HEREP" xmlns="" />
          </Parent>
        </Code>
        <Code id="HEREPOCL" urn="urn:sdmx:org.sdmx.infomodel.codelist.Code=IT1:CL_CARATT_AZ(1.6).HEREPOCL">
          <Name xml:lang="it" xmlns="http://www.sdmx.org/resources/sdmxml/schemas/v2_1/common">aziende con impianti per la produzione dell'energia rinnovabile e con superfIcie biologica e/o allevamenti certificati biologici</Name>
          <Name xml:lang="en" xmlns="http://www.sdmx.org/resources/sdmxml/schemas/v2_1/common">farm with equipment for renewable energy production and with organic area and/or certified organic livestock</Name>
        </Code>
        <Code id="HEREPOCL_HOGA" urn="urn:sdmx:org.sdmx.infomodel.codelist.Code=IT1:CL_CARATT_AZ(1.6).HEREPOCL_HOGA">
          <Name xml:lang="it" xmlns="http://www.sdmx.org/resources/sdmxml/schemas/v2_1/common">aziende con attività remunerativa connessa di produzione di energia rinnovabile da relativo impianto e con superfIcie biologica e/o allevamenti certificati</Name>
          <Name xml:lang="en" xmlns="http://www.sdmx.org/resources/sdmxml/schemas/v2_1/common">farm with other gainful activities related to  renewable energy production from dedicated equipment and with organic area and/or certified organic livestock</Name>
          <Parent>
            <Ref id="HEREPOCL" xmlns="" />
          </Parent>
        </Code>
        <Code id="WSHP" urn="urn:sdmx:org.sdmx.infomodel.codelist.Code=IT1:CL_CARATT_AZ(1.6).WSHP">
          <Name xml:lang="it" xmlns="http://www.sdmx.org/resources/sdmxml/schemas/v2_1/common">azienda con vendita dei prodotti aziendali</Name>
          <Name xml:lang="en" xmlns="http://www.sdmx.org/resources/sdmxml/schemas/v2_1/common">farm with sale of holding products</Name>
        </Code>
        <Code id="WSHPOCL" urn="urn:sdmx:org.sdmx.infomodel.codelist.Code=IT1:CL_CARATT_AZ(1.6).WSHPOCL">
          <Name xml:lang="it" xmlns="http://www.sdmx.org/resources/sdmxml/schemas/v2_1/common">azienda con vendita dei prodotti aziendali - con superficie biologica e/o allevamenti certificati</Name>
          <Name xml:lang="en" xmlns="http://www.sdmx.org/resources/sdmxml/schemas/v2_1/common">farm with sale of holding products - with organic area and/or certified organic livestock</Name>
        </Code>
        <Code id="WSHPOUAA" urn="urn:sdmx:org.sdmx.infomodel.codelist.Code=IT1:CL_CARATT_AZ(1.6).WSHPOUAA">
          <Name xml:lang="it" xmlns="http://www.sdmx.org/resources/sdmxml/schemas/v2_1/common">azienda con vendita dei prodotti aziendali - con superficie biologica</Name>
          <Name xml:lang="en" xmlns="http://www.sdmx.org/resources/sdmxml/schemas/v2_1/common">farm with sale of holding products - with organic area</Name>
          <Parent>
            <Ref id="WSHPOCL" xmlns="" />
          </Parent>
        </Code>
        <Code id="WSHPOL" urn="urn:sdmx:org.sdmx.infomodel.codelist.Code=IT1:CL_CARATT_AZ(1.6).WSHPOL">
          <Name xml:lang="it" xmlns="http://www.sdmx.org/resources/sdmxml/schemas/v2_1/common">azienda con vendita dei prodotti aziendali - con allevamenti biologici certificati</Name>
          <Name xml:lang="en" xmlns="http://www.sdmx.org/resources/sdmxml/schemas/v2_1/common">farm with sale of holding products - with certified organic livestock</Name>
          <Parent>
            <Ref id="WSHPOCL" xmlns="" />
          </Parent>
        </Code>
        <Code id="WOUTSHP" urn="urn:sdmx:org.sdmx.infomodel.codelist.Code=IT1:CL_CARATT_AZ(1.6).WOUTSHP">
          <Name xml:lang="it" xmlns="http://www.sdmx.org/resources/sdmxml/schemas/v2_1/common">azienda senza vendita dei prodotti aziendali</Name>
          <Name xml:lang="en" xmlns="http://www.sdmx.org/resources/sdmxml/schemas/v2_1/common">farm without sale of holding products</Name>
        </Code>
        <Code id="WOUTSHPOCL" urn="urn:sdmx:org.sdmx.infomodel.codelist.Code=IT1:CL_CARATT_AZ(1.6).WOUTSHPOCL">
          <Name xml:lang="it" xmlns="http://www.sdmx.org/resources/sdmxml/schemas/v2_1/common">azienda senza vendita dei prodotti aziendali - con superficie biologica e/o allevamenti certificati</Name>
          <Name xml:lang="en" xmlns="http://www.sdmx.org/resources/sdmxml/schemas/v2_1/common">farm without sale of holding products - with organic area and/or certified organic livestock</Name>
        </Code>
        <Code id="WCSHP" urn="urn:sdmx:org.sdmx.infomodel.codelist.Code=IT1:CL_CARATT_AZ(1.6).WCSHP">
          <Name xml:lang="it" xmlns="http://www.sdmx.org/resources/sdmxml/schemas/v2_1/common">azienda con vendita dei prodotti aziendali e con coltivazioni</Name>
          <Name xml:lang="en" xmlns="http://www.sdmx.org/resources/sdmxml/schemas/v2_1/common">farm with sale of holding products and crops</Name>
          <Parent>
            <Ref id="WSHP" xmlns="" />
          </Parent>
        </Code>
        <Code id="WLSHP" urn="urn:sdmx:org.sdmx.infomodel.codelist.Code=IT1:CL_CARATT_AZ(1.6).WLSHP">
          <Name xml:lang="it" xmlns="http://www.sdmx.org/resources/sdmxml/schemas/v2_1/common">azienda con vendita dei prodotti aziendali e con allevamenti</Name>
          <Name xml:lang="en" xmlns="http://www.sdmx.org/resources/sdmxml/schemas/v2_1/common">farm with sale of holding products and livestock</Name>
          <Parent>
            <Ref id="WSHP" xmlns="" />
          </Parent>
        </Code>
        <Code id="FALLM" urn="urn:sdmx:org.sdmx.infomodel.codelist.Code=IT1:CL_CARATT_AZ(1.6).FALLM">
          <Name xml:lang="it" xmlns="http://www.sdmx.org/resources/sdmxml/schemas/v2_1/common">azienda con seminativi e pratiche di conservazione del suolo</Name>
          <Name xml:lang="en" xmlns="http://www.sdmx.org/resources/sdmxml/schemas/v2_1/common">farm with arable land and practice of crops and land management</Name>
        </Code>
        <Code id="OFALLM" urn="urn:sdmx:org.sdmx.infomodel.codelist.Code=IT1:CL_CARATT_AZ(1.6).OFALLM">
          <Name xml:lang="it" xmlns="http://www.sdmx.org/resources/sdmxml/schemas/v2_1/common">azienda con superficie biologica e pratiche di conservazione del suolo a seminativi</Name>
          <Name xml:lang="en" xmlns="http://www.sdmx.org/resources/sdmxml/schemas/v2_1/common">farm with organic area and practice of arable crops land conservation</Name>
        </Code>
        <Code id="PPLM" urn="urn:sdmx:org.sdmx.infomodel.codelist.Code=IT1:CL_CARATT_AZ(1.6).PPLM">
          <Name xml:lang="it" xmlns="http://www.sdmx.org/resources/sdmxml/schemas/v2_1/common">azienda con coltivazioni legnose agrarie e pratiche di gestione del suolo</Name>
          <Name xml:lang="en" xmlns="http://www.sdmx.org/resources/sdmxml/schemas/v2_1/common">farm with permanent crops and practice of land management</Name>
        </Code>
        <Code id="OPPLM" urn="urn:sdmx:org.sdmx.infomodel.codelist.Code=IT1:CL_CARATT_AZ(1.6).OPPLM">
          <Name xml:lang="it" xmlns="http://www.sdmx.org/resources/sdmxml/schemas/v2_1/common">azienda con superficie biologica e pratiche di gestione del suolo a coltivazioni legnose agrarie</Name>
          <Name xml:lang="en" xmlns="http://www.sdmx.org/resources/sdmxml/schemas/v2_1/common">farm with organic area and practice of permanent crops land management</Name>
        </Code>
        <Code id="UAATM" urn="urn:sdmx:org.sdmx.infomodel.codelist.Code=IT1:CL_CARATT_AZ(1.6).UAATM">
          <Name xml:lang="it" xmlns="http://www.sdmx.org/resources/sdmxml/schemas/v2_1/common">azienda con SAU trattata con effluenti zootecnici</Name>
          <Name xml:lang="en" xmlns="http://www.sdmx.org/resources/sdmxml/schemas/v2_1/common">farm with utilised agricultural area treated with manure</Name>
        </Code>
        <Code id="OUAATM" urn="urn:sdmx:org.sdmx.infomodel.codelist.Code=IT1:CL_CARATT_AZ(1.6).OUAATM">
          <Name xml:lang="it" xmlns="http://www.sdmx.org/resources/sdmxml/schemas/v2_1/common">azienda con superficie biologica e con trattamento della superficie agricola utilizzata con effluenti zootecnici</Name>
          <Name xml:lang="en" xmlns="http://www.sdmx.org/resources/sdmxml/schemas/v2_1/common">farm with organic area and utilised agricultural area treated with manure</Name>
        </Code>
        <Code id="AH" urn="urn:sdmx:org.sdmx.infomodel.codelist.Code=IT1:CL_CARATT_AZ(1.6).AH">
          <Name xml:lang="it" xmlns="http://www.sdmx.org/resources/sdmxml/schemas/v2_1/common">azienda con allevamenti in stabulazione</Name>
          <Name xml:lang="en" xmlns="http://www.sdmx.org/resources/sdmxml/schemas/v2_1/common">farm with animal housing</Name>
        </Code>
        <Code id="FOLAH" urn="urn:sdmx:org.sdmx.infomodel.codelist.Code=IT1:CL_CARATT_AZ(1.6).FOLAH">
          <Name xml:lang="it" xmlns="http://www.sdmx.org/resources/sdmxml/schemas/v2_1/common">azienda con allevamenti biologici certificati e capi in stabulazione</Name>
          <Name xml:lang="en" xmlns="http://www.sdmx.org/resources/sdmxml/schemas/v2_1/common">farm with certified organic livestock and animal housing</Name>
        </Code>
        <Code id="SFM" urn="urn:sdmx:org.sdmx.infomodel.codelist.Code=IT1:CL_CARATT_AZ(1.6).SFM">
          <Name xml:lang="it" xmlns="http://www.sdmx.org/resources/sdmxml/schemas/v2_1/common">azienda con impianti di stoccaggio degli effluenti zootecnici generati in azienda</Name>
          <Name xml:lang="en" xmlns="http://www.sdmx.org/resources/sdmxml/schemas/v2_1/common">farm with storage facilities for manure generated in the farm</Name>
        </Code>
        <Code id="FOLSFM" urn="urn:sdmx:org.sdmx.infomodel.codelist.Code=IT1:CL_CARATT_AZ(1.6).FOLSFM">
          <Name xml:lang="it" xmlns="http://www.sdmx.org/resources/sdmxml/schemas/v2_1/common">azienda con allevamenti biologici certificati e con impianti di stoccaggio degli effluenti zootecnici generati in azienda</Name>
          <Name xml:lang="en" xmlns="http://www.sdmx.org/resources/sdmxml/schemas/v2_1/common">farm with certified organic livestock and storage facilities for manure generated in the farm</Name>
        </Code>
        <Code id="ME" urn="urn:sdmx:org.sdmx.infomodel.codelist.Code=IT1:CL_CARATT_AZ(1.6).ME">
          <Name xml:lang="it" xmlns="http://www.sdmx.org/resources/sdmxml/schemas/v2_1/common">azienda con effluenti zootecnici esportati dall'azienda</Name>
          <Name xml:lang="en" xmlns="http://www.sdmx.org/resources/sdmxml/schemas/v2_1/common">farm with manure exported from the farm</Name>
        </Code>
        <Code id="FOLME" urn="urn:sdmx:org.sdmx.infomodel.codelist.Code=IT1:CL_CARATT_AZ(1.6).FOLME">
          <Name xml:lang="it" xmlns="http://www.sdmx.org/resources/sdmxml/schemas/v2_1/common">azienda con allevamenti biologici certificati e con effluenti zootecnici esportati dall'azienda</Name>
          <Name xml:lang="en" xmlns="http://www.sdmx.org/resources/sdmxml/schemas/v2_1/common">farm with certified organic livestock and manure exported from the farm</Name>
        </Code>
        <Code id="AG" urn="urn:sdmx:org.sdmx.infomodel.codelist.Code=IT1:CL_CARATT_AZ(1.6).AG">
          <Name xml:lang="it" xmlns="http://www.sdmx.org/resources/sdmxml/schemas/v2_1/common">azienda con bestiame al pascolo</Name>
          <Name xml:lang="en" xmlns="http://www.sdmx.org/resources/sdmxml/schemas/v2_1/common">farm with animal grazing</Name>
        </Code>
        <Code id="FOLAG" urn="urn:sdmx:org.sdmx.infomodel.codelist.Code=IT1:CL_CARATT_AZ(1.6).FOLAG">
          <Name xml:lang="it" xmlns="http://www.sdmx.org/resources/sdmxml/schemas/v2_1/common">azienda con allevamenti biologici certificati e con bestiame al pascolo</Name>
          <Name xml:lang="en" xmlns="http://www.sdmx.org/resources/sdmxml/schemas/v2_1/common">farm with certified organic livestock and animal grazing</Name>
        </Code>
        <Code id="OCL" urn="urn:sdmx:org.sdmx.infomodel.codelist.Code=IT1:CL_CARATT_AZ(1.6).OCL">
          <Name xml:lang="it" xmlns="http://www.sdmx.org/resources/sdmxml/schemas/v2_1/common">azienda con superfIcie biologica e/o allevamenti certificati biologici</Name>
          <Name xml:lang="en" xmlns="http://www.sdmx.org/resources/sdmxml/schemas/v2_1/common">farm with organic area and/or certified organic livestock</Name>
        </Code>
        <Code id="ALL" urn="urn:sdmx:org.sdmx.infomodel.codelist.Code=IT1:CL_CARATT_AZ(1.6).ALL">
          <Name xml:lang="it" xmlns="http://www.sdmx.org/resources/sdmxml/schemas/v2_1/common">tutte le aziende</Name>
          <Name xml:lang="en" xmlns="http://www.sdmx.org/resources/sdmxml/schemas/v2_1/common">all farms</Name>
        </Code>
        <Code id="AUC" urn="urn:sdmx:org.sdmx.infomodel.codelist.Code=IT1:CL_CARATT_AZ(1.6).AUC">
          <Name xml:lang="it" xmlns="http://www.sdmx.org/resources/sdmxml/schemas/v2_1/common">unità agricola con coltivazioni</Name>
          <Name xml:lang="en" xmlns="http://www.sdmx.org/resources/sdmxml/schemas/v2_1/common">agricultural unit with livestock</Name>
        </Code>
        <Code id="AUL" urn="urn:sdmx:org.sdmx.infomodel.codelist.Code=IT1:CL_CARATT_AZ(1.6).AUL">
          <Name xml:lang="it" xmlns="http://www.sdmx.org/resources/sdmxml/schemas/v2_1/common">unità agricola con allevamenti</Name>
          <Name xml:lang="en" xmlns="http://www.sdmx.org/resources/sdmxml/schemas/v2_1/common">agricultural unit with livestock</Name>
        </Code>
        <Code id="AUOC" urn="urn:sdmx:org.sdmx.infomodel.codelist.Code=IT1:CL_CARATT_AZ(1.6).AUOC">
          <Name xml:lang="it" xmlns="http://www.sdmx.org/resources/sdmxml/schemas/v2_1/common">unità agricola solo con coltivazioni</Name>
          <Name xml:lang="en" xmlns="http://www.sdmx.org/resources/sdmxml/schemas/v2_1/common">agricultural unit with crops only</Name>
        </Code>
        <Code id="AUOL" urn="urn:sdmx:org.sdmx.infomodel.codelist.Code=IT1:CL_CARATT_AZ(1.6).AUOL">
          <Name xml:lang="it" xmlns="http://www.sdmx.org/resources/sdmxml/schemas/v2_1/common">unità agricola solo con allevamenti</Name>
          <Name xml:lang="en" xmlns="http://www.sdmx.org/resources/sdmxml/schemas/v2_1/common">agricultural unit with livestock only</Name>
          <Parent>
            <Ref id="AUL" xmlns="" />
          </Parent>
        </Code>
        <Code id="FLA" urn="urn:sdmx:org.sdmx.infomodel.codelist.Code=IT1:CL_CARATT_AZ(1.6).FLA">
          <Name xml:lang="it" xmlns="http://www.sdmx.org/resources/sdmxml/schemas/v2_1/common">aziende con terreni</Name>
          <Name xml:lang="en" xmlns="http://www.sdmx.org/resources/sdmxml/schemas/v2_1/common">farms with land</Name>
        </Code>
      </Codelist>
      <Codelist id="CL_CITTAD" urn="urn:sdmx:org.sdmx.infomodel.codelist.Codelist=IT1:CL_CITTAD(1.0)" agencyID="IT1" version="1.0" isFinal="true">
        <Name xml:lang="it" xmlns="http://www.sdmx.org/resources/sdmxml/schemas/v2_1/common">Cittadinanza</Name>
        <Name xml:lang="en" xmlns="http://www.sdmx.org/resources/sdmxml/schemas/v2_1/common">Citizenship</Name>
        <Code id="1" urn="urn:sdmx:org.sdmx.infomodel.codelist.Code=IT1:CL_CITTAD(1.0).1">
          <Name xml:lang="it" xmlns="http://www.sdmx.org/resources/sdmxml/schemas/v2_1/common">italiano-a</Name>
          <Name xml:lang="en" xmlns="http://www.sdmx.org/resources/sdmxml/schemas/v2_1/common">italian</Name>
        </Code>
        <Code id="2" urn="urn:sdmx:org.sdmx.infomodel.codelist.Code=IT1:CL_CITTAD(1.0).2">
          <Name xml:lang="it" xmlns="http://www.sdmx.org/resources/sdmxml/schemas/v2_1/common">straniero-a</Name>
          <Name xml:lang="en" xmlns="http://www.sdmx.org/resources/sdmxml/schemas/v2_1/common">foreign</Name>
        </Code>
        <Code id="4" urn="urn:sdmx:org.sdmx.infomodel.codelist.Code=IT1:CL_CITTAD(1.0).4">
          <Name xml:lang="it" xmlns="http://www.sdmx.org/resources/sdmxml/schemas/v2_1/common">di paese dell'Unione europea a 27</Name>
          <Name xml:lang="en" xmlns="http://www.sdmx.org/resources/sdmxml/schemas/v2_1/common">of European Union country with 27 Member States</Name>
          <Parent>
            <Ref id="2" xmlns="" />
          </Parent>
        </Code>
        <Code id="5" urn="urn:sdmx:org.sdmx.infomodel.codelist.Code=IT1:CL_CITTAD(1.0).5">
          <Name xml:lang="it" xmlns="http://www.sdmx.org/resources/sdmxml/schemas/v2_1/common">di paese extra Unione europea a 27 paesi</Name>
          <Name xml:lang="en" xmlns="http://www.sdmx.org/resources/sdmxml/schemas/v2_1/common">of extra European Union country with 27 Member States</Name>
          <Parent>
            <Ref id="2" xmlns="" />
          </Parent>
        </Code>
        <Code id="3" urn="urn:sdmx:org.sdmx.infomodel.codelist.Code=IT1:CL_CITTAD(1.0).3">
          <Name xml:lang="it" xmlns="http://www.sdmx.org/resources/sdmxml/schemas/v2_1/common">apolide</Name>
          <Name xml:lang="en" xmlns="http://www.sdmx.org/resources/sdmxml/schemas/v2_1/common">stateless</Name>
        </Code>
        <Code id="9" urn="urn:sdmx:org.sdmx.infomodel.codelist.Code=IT1:CL_CITTAD(1.0).9">
          <Name xml:lang="it" xmlns="http://www.sdmx.org/resources/sdmxml/schemas/v2_1/common">totale</Name>
          <Name xml:lang="en" xmlns="http://www.sdmx.org/resources/sdmxml/schemas/v2_1/common">total</Name>
        </Code>
      </Codelist>
      <Codelist id="CL_CLASSE_SAU" urn="urn:sdmx:org.sdmx.infomodel.codelist.Codelist=IT1:CL_CLASSE_SAU(1.2)" agencyID="IT1" version="1.2" isFinal="true">
        <Name xml:lang="it" xmlns="http://www.sdmx.org/resources/sdmxml/schemas/v2_1/common">Classe di superficie agricola utilizzata</Name>
        <Name xml:lang="en" xmlns="http://www.sdmx.org/resources/sdmxml/schemas/v2_1/common">Class of utilized agricultural area</Name>
        <Code id="HE_0" urn="urn:sdmx:org.sdmx.infomodel.codelist.Code=IT1:CL_CLASSE_SAU(1.2).HE_0">
          <Name xml:lang="it" xmlns="http://www.sdmx.org/resources/sdmxml/schemas/v2_1/common">0 ettari</Name>
          <Name xml:lang="en" xmlns="http://www.sdmx.org/resources/sdmxml/schemas/v2_1/common">0 hectares</Name>
        </Code>
        <Code id="HE_UN0_09" urn="urn:sdmx:org.sdmx.infomodel.codelist.Code=IT1:CL_CLASSE_SAU(1.2).HE_UN0_09">
          <Name xml:lang="it" xmlns="http://www.sdmx.org/resources/sdmxml/schemas/v2_1/common">fino a 0,09 ettari</Name>
          <Name xml:lang="en" xmlns="http://www.sdmx.org/resources/sdmxml/schemas/v2_1/common">until 0.09 hectares</Name>
        </Code>
        <Code id="HE_0_10-0_19" urn="urn:sdmx:org.sdmx.infomodel.codelist.Code=IT1:CL_CLASSE_SAU(1.2).HE_0_10-0_19">
          <Name xml:lang="it" xmlns="http://www.sdmx.org/resources/sdmxml/schemas/v2_1/common">0,10 - 0,19 ettari</Name>
          <Name xml:lang="en" xmlns="http://www.sdmx.org/resources/sdmxml/schemas/v2_1/common">0.10 - 0.19 hectares</Name>
        </Code>
        <Code id="HE0_20-0_29" urn="urn:sdmx:org.sdmx.infomodel.codelist.Code=IT1:CL_CLASSE_SAU(1.2).HE0_20-0_29">
          <Name xml:lang="it" xmlns="http://www.sdmx.org/resources/sdmxml/schemas/v2_1/common">0,20 - 0,29 ettari</Name>
          <Name xml:lang="en" xmlns="http://www.sdmx.org/resources/sdmxml/schemas/v2_1/common">0.20 - 0.29 hectares</Name>
        </Code>
        <Code id="HE0_30-0_49" urn="urn:sdmx:org.sdmx.infomodel.codelist.Code=IT1:CL_CLASSE_SAU(1.2).HE0_30-0_49">
          <Name xml:lang="it" xmlns="http://www.sdmx.org/resources/sdmxml/schemas/v2_1/common">0,30 - 0,49 ettari</Name>
          <Name xml:lang="en" xmlns="http://www.sdmx.org/resources/sdmxml/schemas/v2_1/common">0.30 - 0.49 hectares</Name>
        </Code>
        <Code id="HE0_50-0_99" urn="urn:sdmx:org.sdmx.infomodel.codelist.Code=IT1:CL_CLASSE_SAU(1.2).HE0_50-0_99">
          <Name xml:lang="it" xmlns="http://www.sdmx.org/resources/sdmxml/schemas/v2_1/common">0,50 - 0,99 ettari</Name>
          <Name xml:lang="en" xmlns="http://www.sdmx.org/resources/sdmxml/schemas/v2_1/common">0.50 - 0.99 hectares</Name>
        </Code>
        <Code id="HE_UN1" urn="urn:sdmx:org.sdmx.infomodel.codelist.Code=IT1:CL_CLASSE_SAU(1.2).HE_UN1">
          <Name xml:lang="it" xmlns="http://www.sdmx.org/resources/sdmxml/schemas/v2_1/common">fino a 0,99 ettari</Name>
          <Name xml:lang="en" xmlns="http://www.sdmx.org/resources/sdmxml/schemas/v2_1/common">until 0.99 hectares</Name>
        </Code>
        <Code id="HE1-1_99" urn="urn:sdmx:org.sdmx.infomodel.codelist.Code=IT1:CL_CLASSE_SAU(1.2).HE1-1_99">
          <Name xml:lang="it" xmlns="http://www.sdmx.org/resources/sdmxml/schemas/v2_1/common">1-1,99 ettari</Name>
          <Name xml:lang="en" xmlns="http://www.sdmx.org/resources/sdmxml/schemas/v2_1/common">1-1.99 hectares</Name>
        </Code>
        <Code id="HE2-2_99" urn="urn:sdmx:org.sdmx.infomodel.codelist.Code=IT1:CL_CLASSE_SAU(1.2).HE2-2_99">
          <Name xml:lang="it" xmlns="http://www.sdmx.org/resources/sdmxml/schemas/v2_1/common">2-2,99 ettari</Name>
          <Name xml:lang="en" xmlns="http://www.sdmx.org/resources/sdmxml/schemas/v2_1/common">2-2.99 hectares</Name>
        </Code>
        <Code id="HE2-4_99" urn="urn:sdmx:org.sdmx.infomodel.codelist.Code=IT1:CL_CLASSE_SAU(1.2).HE2-4_99">
          <Name xml:lang="it" xmlns="http://www.sdmx.org/resources/sdmxml/schemas/v2_1/common">2-4,99 ettari</Name>
          <Name xml:lang="en" xmlns="http://www.sdmx.org/resources/sdmxml/schemas/v2_1/common">2-4.99 hectares</Name>
        </Code>
        <Code id="HE3-4_99" urn="urn:sdmx:org.sdmx.infomodel.codelist.Code=IT1:CL_CLASSE_SAU(1.2).HE3-4_99">
          <Name xml:lang="it" xmlns="http://www.sdmx.org/resources/sdmxml/schemas/v2_1/common">3-4,99 ettari</Name>
          <Name xml:lang="en" xmlns="http://www.sdmx.org/resources/sdmxml/schemas/v2_1/common">3-4.99 hectares</Name>
        </Code>
        <Code id="HE5-9_99" urn="urn:sdmx:org.sdmx.infomodel.codelist.Code=IT1:CL_CLASSE_SAU(1.2).HE5-9_99">
          <Name xml:lang="it" xmlns="http://www.sdmx.org/resources/sdmxml/schemas/v2_1/common">5-9,99 ettari</Name>
          <Name xml:lang="en" xmlns="http://www.sdmx.org/resources/sdmxml/schemas/v2_1/common">5-9.99 hectares</Name>
        </Code>
        <Code id="HE_GE10" urn="urn:sdmx:org.sdmx.infomodel.codelist.Code=IT1:CL_CLASSE_SAU(1.2).HE_GE10">
          <Name xml:lang="it" xmlns="http://www.sdmx.org/resources/sdmxml/schemas/v2_1/common">10 ettari e più</Name>
          <Name xml:lang="en" xmlns="http://www.sdmx.org/resources/sdmxml/schemas/v2_1/common">10 hectares and over</Name>
        </Code>
        <Code id="HE10-19_99" urn="urn:sdmx:org.sdmx.infomodel.codelist.Code=IT1:CL_CLASSE_SAU(1.2).HE10-19_99">
          <Name xml:lang="it" xmlns="http://www.sdmx.org/resources/sdmxml/schemas/v2_1/common">10-19,99 ettari</Name>
          <Name xml:lang="en" xmlns="http://www.sdmx.org/resources/sdmxml/schemas/v2_1/common">10-19.99 hectares</Name>
        </Code>
        <Code id="HE20-29_99" urn="urn:sdmx:org.sdmx.infomodel.codelist.Code=IT1:CL_CLASSE_SAU(1.2).HE20-29_99">
          <Name xml:lang="it" xmlns="http://www.sdmx.org/resources/sdmxml/schemas/v2_1/common">20-29,99 ettari</Name>
          <Name xml:lang="en" xmlns="http://www.sdmx.org/resources/sdmxml/schemas/v2_1/common">20-29.99 hectares</Name>
        </Code>
        <Code id="HE20-49_99" urn="urn:sdmx:org.sdmx.infomodel.codelist.Code=IT1:CL_CLASSE_SAU(1.2).HE20-49_99">
          <Name xml:lang="it" xmlns="http://www.sdmx.org/resources/sdmxml/schemas/v2_1/common">20-49,99 ettari</Name>
          <Name xml:lang="en" xmlns="http://www.sdmx.org/resources/sdmxml/schemas/v2_1/common">20-49.99 hectares</Name>
        </Code>
        <Code id="HE30-49_99" urn="urn:sdmx:org.sdmx.infomodel.codelist.Code=IT1:CL_CLASSE_SAU(1.2).HE30-49_99">
          <Name xml:lang="it" xmlns="http://www.sdmx.org/resources/sdmxml/schemas/v2_1/common">30-49,99 ettari</Name>
          <Name xml:lang="en" xmlns="http://www.sdmx.org/resources/sdmxml/schemas/v2_1/common">30-49.99 hectares</Name>
        </Code>
        <Code id="HE50-99_99" urn="urn:sdmx:org.sdmx.infomodel.codelist.Code=IT1:CL_CLASSE_SAU(1.2).HE50-99_99">
          <Name xml:lang="it" xmlns="http://www.sdmx.org/resources/sdmxml/schemas/v2_1/common">50-99,99 ettari</Name>
          <Name xml:lang="en" xmlns="http://www.sdmx.org/resources/sdmxml/schemas/v2_1/common">50-99.99 hectares</Name>
        </Code>
        <Code id="HE_GE100" urn="urn:sdmx:org.sdmx.infomodel.codelist.Code=IT1:CL_CLASSE_SAU(1.2).HE_GE100">
          <Name xml:lang="it" xmlns="http://www.sdmx.org/resources/sdmxml/schemas/v2_1/common">100 ettari e più</Name>
          <Name xml:lang="en" xmlns="http://www.sdmx.org/resources/sdmxml/schemas/v2_1/common">100 hectares and over</Name>
        </Code>
        <Code id="TOT" urn="urn:sdmx:org.sdmx.infomodel.codelist.Code=IT1:CL_CLASSE_SAU(1.2).TOT">
          <Name xml:lang="it" xmlns="http://www.sdmx.org/resources/sdmxml/schemas/v2_1/common">totale</Name>
          <Name xml:lang="en" xmlns="http://www.sdmx.org/resources/sdmxml/schemas/v2_1/common">total</Name>
        </Code>
        <Code id="HE0_01-0_99" urn="urn:sdmx:org.sdmx.infomodel.codelist.Code=IT1:CL_CLASSE_SAU(1.2).HE0_01-0_99">
          <Name xml:lang="it" xmlns="http://www.sdmx.org/resources/sdmxml/schemas/v2_1/common">0,01 - 0,99 ettari</Name>
          <Name xml:lang="en" xmlns="http://www.sdmx.org/resources/sdmxml/schemas/v2_1/common">0.01 - 0.99 hectares</Name>
        </Code>
      </Codelist>
      <Codelist id="CL_COLTIV_CONDUZ" urn="urn:sdmx:org.sdmx.infomodel.codelist.Codelist=IT1:CL_COLTIV_CONDUZ(1.1)" agencyID="IT1" version="1.1" isFinal="true">
        <Name xml:lang="it" xmlns="http://www.sdmx.org/resources/sdmxml/schemas/v2_1/common">Forma di conduzione</Name>
        <Name xml:lang="en" xmlns="http://www.sdmx.org/resources/sdmxml/schemas/v2_1/common">Management system</Name>
        <Code id="DIRMAN" urn="urn:sdmx:org.sdmx.infomodel.codelist.Code=IT1:CL_COLTIV_CONDUZ(1.1).DIRMAN">
          <Name xml:lang="it" xmlns="http://www.sdmx.org/resources/sdmxml/schemas/v2_1/common">conduzione diretta del coltivatore</Name>
          <Name xml:lang="en" xmlns="http://www.sdmx.org/resources/sdmxml/schemas/v2_1/common">direct management by the farmer</Name>
        </Code>
        <Code id="MANWSP" urn="urn:sdmx:org.sdmx.infomodel.codelist.Code=IT1:CL_COLTIV_CONDUZ(1.1).MANWSP">
          <Name xml:lang="it" xmlns="http://www.sdmx.org/resources/sdmxml/schemas/v2_1/common">conduzione con salariati</Name>
          <Name xml:lang="en" xmlns="http://www.sdmx.org/resources/sdmxml/schemas/v2_1/common">management with salaried personnel</Name>
        </Code>
        <Code id="MANTHSF" urn="urn:sdmx:org.sdmx.infomodel.codelist.Code=IT1:CL_COLTIV_CONDUZ(1.1).MANTHSF">
          <Name xml:lang="it" xmlns="http://www.sdmx.org/resources/sdmxml/schemas/v2_1/common">conduzione a colonia parziaria appoderata</Name>
          <Name xml:lang="en" xmlns="http://www.sdmx.org/resources/sdmxml/schemas/v2_1/common">management through share-farming</Name>
        </Code>
        <Code id="OTHEFMAN" urn="urn:sdmx:org.sdmx.infomodel.codelist.Code=IT1:CL_COLTIV_CONDUZ(1.1).OTHEFMAN">
          <Name xml:lang="it" xmlns="http://www.sdmx.org/resources/sdmxml/schemas/v2_1/common">altra forma di conduzione</Name>
          <Name xml:lang="en" xmlns="http://www.sdmx.org/resources/sdmxml/schemas/v2_1/common">other form of management</Name>
        </Code>
        <Code id="TOT" urn="urn:sdmx:org.sdmx.infomodel.codelist.Code=IT1:CL_COLTIV_CONDUZ(1.1).TOT">
          <Name xml:lang="it" xmlns="http://www.sdmx.org/resources/sdmxml/schemas/v2_1/common">totale</Name>
          <Name xml:lang="en" xmlns="http://www.sdmx.org/resources/sdmxml/schemas/v2_1/common">total</Name>
        </Code>
      </Codelist>
      <Codelist id="CL_DECI" urn="urn:sdmx:org.sdmx.infomodel.codelist.Codelist=IT1:CL_DECI(1.0)" agencyID="IT1" version="1.0" isFinal="true">
        <Name xml:lang="it" xmlns="http://www.sdmx.org/resources/sdmxml/schemas/v2_1/common">Decimali</Name>
        <Name xml:lang="en" xmlns="http://www.sdmx.org/resources/sdmxml/schemas/v2_1/common">Decimals</Name>
        <Code id="0" urn="urn:sdmx:org.sdmx.infomodel.codelist.Code=IT1:CL_DECI(1.0).0">
          <Name xml:lang="it" xmlns="http://www.sdmx.org/resources/sdmxml/schemas/v2_1/common">Zero</Name>
          <Name xml:lang="en" xmlns="http://www.sdmx.org/resources/sdmxml/schemas/v2_1/common">Zero</Name>
        </Code>
        <Code id="1" urn="urn:sdmx:org.sdmx.infomodel.codelist.Code=IT1:CL_DECI(1.0).1">
          <Name xml:lang="it" xmlns="http://www.sdmx.org/resources/sdmxml/schemas/v2_1/common">Uno</Name>
          <Name xml:lang="en" xmlns="http://www.sdmx.org/resources/sdmxml/schemas/v2_1/common">One</Name>
        </Code>
        <Code id="2" urn="urn:sdmx:org.sdmx.infomodel.codelist.Code=IT1:CL_DECI(1.0).2">
          <Name xml:lang="it" xmlns="http://www.sdmx.org/resources/sdmxml/schemas/v2_1/common">Due</Name>
          <Name xml:lang="en" xmlns="http://www.sdmx.org/resources/sdmxml/schemas/v2_1/common">Two</Name>
        </Code>
        <Code id="3" urn="urn:sdmx:org.sdmx.infomodel.codelist.Code=IT1:CL_DECI(1.0).3">
          <Name xml:lang="it" xmlns="http://www.sdmx.org/resources/sdmxml/schemas/v2_1/common">Tre</Name>
          <Name xml:lang="en" xmlns="http://www.sdmx.org/resources/sdmxml/schemas/v2_1/common">Three</Name>
        </Code>
        <Code id="4" urn="urn:sdmx:org.sdmx.infomodel.codelist.Code=IT1:CL_DECI(1.0).4">
          <Name xml:lang="it" xmlns="http://www.sdmx.org/resources/sdmxml/schemas/v2_1/common">Quattro</Name>
          <Name xml:lang="en" xmlns="http://www.sdmx.org/resources/sdmxml/schemas/v2_1/common">Four</Name>
        </Code>
        <Code id="5" urn="urn:sdmx:org.sdmx.infomodel.codelist.Code=IT1:CL_DECI(1.0).5">
          <Name xml:lang="it" xmlns="http://www.sdmx.org/resources/sdmxml/schemas/v2_1/common">Cinque</Name>
          <Name xml:lang="en" xmlns="http://www.sdmx.org/resources/sdmxml/schemas/v2_1/common">Five</Name>
        </Code>
        <Code id="6" urn="urn:sdmx:org.sdmx.infomodel.codelist.Code=IT1:CL_DECI(1.0).6">
          <Name xml:lang="it" xmlns="http://www.sdmx.org/resources/sdmxml/schemas/v2_1/common">Sei</Name>
          <Name xml:lang="en" xmlns="http://www.sdmx.org/resources/sdmxml/schemas/v2_1/common">Six</Name>
        </Code>
        <Code id="7" urn="urn:sdmx:org.sdmx.infomodel.codelist.Code=IT1:CL_DECI(1.0).7">
          <Name xml:lang="it" xmlns="http://www.sdmx.org/resources/sdmxml/schemas/v2_1/common">Sette</Name>
          <Name xml:lang="en" xmlns="http://www.sdmx.org/resources/sdmxml/schemas/v2_1/common">Seven</Name>
        </Code>
      </Codelist>
      <Codelist id="CL_DURATA" urn="urn:sdmx:org.sdmx.infomodel.codelist.Codelist=IT1:CL_DURATA(1.1)" agencyID="IT1" version="1.1" isFinal="true">
        <Name xml:lang="it" xmlns="http://www.sdmx.org/resources/sdmxml/schemas/v2_1/common">Durata</Name>
        <Name xml:lang="en" xmlns="http://www.sdmx.org/resources/sdmxml/schemas/v2_1/common">Duration</Name>
        <Code id="D_UN10" urn="urn:sdmx:org.sdmx.infomodel.codelist.Code=IT1:CL_DURATA(1.1).D_UN10">
          <Name xml:lang="it" xmlns="http://www.sdmx.org/resources/sdmxml/schemas/v2_1/common">fino a 10 giorni</Name>
          <Name xml:lang="en" xmlns="http://www.sdmx.org/resources/sdmxml/schemas/v2_1/common">until 10 days</Name>
        </Code>
        <Code id="D11-20" urn="urn:sdmx:org.sdmx.infomodel.codelist.Code=IT1:CL_DURATA(1.1).D11-20">
          <Name xml:lang="it" xmlns="http://www.sdmx.org/resources/sdmxml/schemas/v2_1/common">11-20 giorni</Name>
          <Name xml:lang="en" xmlns="http://www.sdmx.org/resources/sdmxml/schemas/v2_1/common">11-20 days</Name>
        </Code>
        <Code id="D21-30" urn="urn:sdmx:org.sdmx.infomodel.codelist.Code=IT1:CL_DURATA(1.1).D21-30">
          <Name xml:lang="it" xmlns="http://www.sdmx.org/resources/sdmxml/schemas/v2_1/common">21-30 giorni</Name>
          <Name xml:lang="en" xmlns="http://www.sdmx.org/resources/sdmxml/schemas/v2_1/common">21-30 days</Name>
        </Code>
        <Code id="D31-50" urn="urn:sdmx:org.sdmx.infomodel.codelist.Code=IT1:CL_DURATA(1.1).D31-50">
          <Name xml:lang="it" xmlns="http://www.sdmx.org/resources/sdmxml/schemas/v2_1/common">31-50 giorni</Name>
          <Name xml:lang="en" xmlns="http://www.sdmx.org/resources/sdmxml/schemas/v2_1/common">31-50 days</Name>
        </Code>
        <Code id="D_UN50" urn="urn:sdmx:org.sdmx.infomodel.codelist.Code=IT1:CL_DURATA(1.1).D_UN50">
          <Name xml:lang="it" xmlns="http://www.sdmx.org/resources/sdmxml/schemas/v2_1/common">fino a 50 giorni</Name>
          <Name xml:lang="en" xmlns="http://www.sdmx.org/resources/sdmxml/schemas/v2_1/common">until 50 days</Name>
        </Code>
        <Code id="D51-100" urn="urn:sdmx:org.sdmx.infomodel.codelist.Code=IT1:CL_DURATA(1.1).D51-100">
          <Name xml:lang="it" xmlns="http://www.sdmx.org/resources/sdmxml/schemas/v2_1/common">51-100 giorni</Name>
          <Name xml:lang="en" xmlns="http://www.sdmx.org/resources/sdmxml/schemas/v2_1/common">51-100 days</Name>
        </Code>
        <Code id="D101-200" urn="urn:sdmx:org.sdmx.infomodel.codelist.Code=IT1:CL_DURATA(1.1).D101-200">
          <Name xml:lang="it" xmlns="http://www.sdmx.org/resources/sdmxml/schemas/v2_1/common">101-200 giorni</Name>
          <Name xml:lang="en" xmlns="http://www.sdmx.org/resources/sdmxml/schemas/v2_1/common">101-200 days</Name>
        </Code>
        <Code id="D201-250" urn="urn:sdmx:org.sdmx.infomodel.codelist.Code=IT1:CL_DURATA(1.1).D201-250">
          <Name xml:lang="it" xmlns="http://www.sdmx.org/resources/sdmxml/schemas/v2_1/common">201-250 giorni</Name>
          <Name xml:lang="en" xmlns="http://www.sdmx.org/resources/sdmxml/schemas/v2_1/common">201-250 days</Name>
        </Code>
        <Code id="D251-300" urn="urn:sdmx:org.sdmx.infomodel.codelist.Code=IT1:CL_DURATA(1.1).D251-300">
          <Name xml:lang="it" xmlns="http://www.sdmx.org/resources/sdmxml/schemas/v2_1/common">251-300 giorni</Name>
          <Name xml:lang="en" xmlns="http://www.sdmx.org/resources/sdmxml/schemas/v2_1/common">251-300 days</Name>
        </Code>
        <Code id="D201-300" urn="urn:sdmx:org.sdmx.infomodel.codelist.Code=IT1:CL_DURATA(1.1).D201-300">
          <Name xml:lang="it" xmlns="http://www.sdmx.org/resources/sdmxml/schemas/v2_1/common">201-300 giorni</Name>
          <Name xml:lang="en" xmlns="http://www.sdmx.org/resources/sdmxml/schemas/v2_1/common">201-300 days</Name>
        </Code>
        <Code id="D301-500" urn="urn:sdmx:org.sdmx.infomodel.codelist.Code=IT1:CL_DURATA(1.1).D301-500">
          <Name xml:lang="it" xmlns="http://www.sdmx.org/resources/sdmxml/schemas/v2_1/common">301-500 giorni</Name>
          <Name xml:lang="en" xmlns="http://www.sdmx.org/resources/sdmxml/schemas/v2_1/common">301-500 days</Name>
        </Code>
        <Code id="D_GE301" urn="urn:sdmx:org.sdmx.infomodel.codelist.Code=IT1:CL_DURATA(1.1).D_GE301">
          <Name xml:lang="it" xmlns="http://www.sdmx.org/resources/sdmxml/schemas/v2_1/common">301 giorni e più</Name>
          <Name xml:lang="en" xmlns="http://www.sdmx.org/resources/sdmxml/schemas/v2_1/common">301 days and over</Name>
        </Code>
        <Code id="D501-1000" urn="urn:sdmx:org.sdmx.infomodel.codelist.Code=IT1:CL_DURATA(1.1).D501-1000">
          <Name xml:lang="it" xmlns="http://www.sdmx.org/resources/sdmxml/schemas/v2_1/common">501-1000 giorni</Name>
          <Name xml:lang="en" xmlns="http://www.sdmx.org/resources/sdmxml/schemas/v2_1/common">501-1000 days</Name>
        </Code>
        <Code id="D1001-2500" urn="urn:sdmx:org.sdmx.infomodel.codelist.Code=IT1:CL_DURATA(1.1).D1001-2500">
          <Name xml:lang="it" xmlns="http://www.sdmx.org/resources/sdmxml/schemas/v2_1/common">1001-2500 giorni</Name>
          <Name xml:lang="en" xmlns="http://www.sdmx.org/resources/sdmxml/schemas/v2_1/common">1001-2500 days</Name>
        </Code>
        <Code id="D_GE2501" urn="urn:sdmx:org.sdmx.infomodel.codelist.Code=IT1:CL_DURATA(1.1).D_GE2501">
          <Name xml:lang="it" xmlns="http://www.sdmx.org/resources/sdmxml/schemas/v2_1/common">2501 giorni e più</Name>
          <Name xml:lang="en" xmlns="http://www.sdmx.org/resources/sdmxml/schemas/v2_1/common">2501 days and over</Name>
        </Code>
        <Code id="M0" urn="urn:sdmx:org.sdmx.infomodel.codelist.Code=IT1:CL_DURATA(1.1).M0">
          <Name xml:lang="it" xmlns="http://www.sdmx.org/resources/sdmxml/schemas/v2_1/common">0 mesi</Name>
          <Name xml:lang="en" xmlns="http://www.sdmx.org/resources/sdmxml/schemas/v2_1/common">0 months</Name>
        </Code>
        <Code id="M1-12" urn="urn:sdmx:org.sdmx.infomodel.codelist.Code=IT1:CL_DURATA(1.1).M1-12">
          <Name xml:lang="it" xmlns="http://www.sdmx.org/resources/sdmxml/schemas/v2_1/common">1-12 mesi</Name>
          <Name xml:lang="en" xmlns="http://www.sdmx.org/resources/sdmxml/schemas/v2_1/common">1-12 months</Name>
        </Code>
        <Code id="M1-3" urn="urn:sdmx:org.sdmx.infomodel.codelist.Code=IT1:CL_DURATA(1.1).M1-3">
          <Name xml:lang="it" xmlns="http://www.sdmx.org/resources/sdmxml/schemas/v2_1/common">1-3 mesi</Name>
          <Name xml:lang="en" xmlns="http://www.sdmx.org/resources/sdmxml/schemas/v2_1/common">1-3 months</Name>
        </Code>
        <Code id="M4-6" urn="urn:sdmx:org.sdmx.infomodel.codelist.Code=IT1:CL_DURATA(1.1).M4-6">
          <Name xml:lang="it" xmlns="http://www.sdmx.org/resources/sdmxml/schemas/v2_1/common">4-6 mesi</Name>
          <Name xml:lang="en" xmlns="http://www.sdmx.org/resources/sdmxml/schemas/v2_1/common">4-6 months</Name>
        </Code>
        <Code id="M7-9" urn="urn:sdmx:org.sdmx.infomodel.codelist.Code=IT1:CL_DURATA(1.1).M7-9">
          <Name xml:lang="it" xmlns="http://www.sdmx.org/resources/sdmxml/schemas/v2_1/common">7-9 mesi</Name>
          <Name xml:lang="en" xmlns="http://www.sdmx.org/resources/sdmxml/schemas/v2_1/common">7-9 months</Name>
        </Code>
        <Code id="M10-12" urn="urn:sdmx:org.sdmx.infomodel.codelist.Code=IT1:CL_DURATA(1.1).M10-12">
          <Name xml:lang="it" xmlns="http://www.sdmx.org/resources/sdmxml/schemas/v2_1/common">10-12 mesi</Name>
          <Name xml:lang="en" xmlns="http://www.sdmx.org/resources/sdmxml/schemas/v2_1/common">10-12 months</Name>
        </Code>
        <Code id="TOTAL" urn="urn:sdmx:org.sdmx.infomodel.codelist.Code=IT1:CL_DURATA(1.1).TOTAL">
          <Name xml:lang="it" xmlns="http://www.sdmx.org/resources/sdmxml/schemas/v2_1/common">totale</Name>
          <Name xml:lang="en" xmlns="http://www.sdmx.org/resources/sdmxml/schemas/v2_1/common">total</Name>
        </Code>
        <Code id="NAP" urn="urn:sdmx:org.sdmx.infomodel.codelist.Code=IT1:CL_DURATA(1.1).NAP">
          <Name xml:lang="it" xmlns="http://www.sdmx.org/resources/sdmxml/schemas/v2_1/common">non applicabile</Name>
          <Name xml:lang="en" xmlns="http://www.sdmx.org/resources/sdmxml/schemas/v2_1/common">not applicable</Name>
        </Code>
        <Code id="ABS" urn="urn:sdmx:org.sdmx.infomodel.codelist.Code=IT1:CL_DURATA(1.1).ABS">
          <Name xml:lang="it" xmlns="http://www.sdmx.org/resources/sdmxml/schemas/v2_1/common">assenti</Name>
          <Name xml:lang="en" xmlns="http://www.sdmx.org/resources/sdmxml/schemas/v2_1/common">absents</Name>
        </Code>
        <Code id="H26-39" urn="urn:sdmx:org.sdmx.infomodel.codelist.Code=IT1:CL_DURATA(1.1).H26-39">
          <Name xml:lang="it" xmlns="http://www.sdmx.org/resources/sdmxml/schemas/v2_1/common">26-39 ore</Name>
          <Name xml:lang="en" xmlns="http://www.sdmx.org/resources/sdmxml/schemas/v2_1/common">26-39 hours</Name>
        </Code>
        <Code id="H40" urn="urn:sdmx:org.sdmx.infomodel.codelist.Code=IT1:CL_DURATA(1.1).H40">
          <Name xml:lang="it" xmlns="http://www.sdmx.org/resources/sdmxml/schemas/v2_1/common">40 ore</Name>
          <Name xml:lang="en" xmlns="http://www.sdmx.org/resources/sdmxml/schemas/v2_1/common">40 hours</Name>
        </Code>
        <Code id="H_GE41" urn="urn:sdmx:org.sdmx.infomodel.codelist.Code=IT1:CL_DURATA(1.1).H_GE41">
          <Name xml:lang="it" xmlns="http://www.sdmx.org/resources/sdmxml/schemas/v2_1/common">41 ore e più</Name>
          <Name xml:lang="en" xmlns="http://www.sdmx.org/resources/sdmxml/schemas/v2_1/common">41 hours and over</Name>
        </Code>
        <Code id="H1-10" urn="urn:sdmx:org.sdmx.infomodel.codelist.Code=IT1:CL_DURATA(1.1).H1-10">
          <Name xml:lang="it" xmlns="http://www.sdmx.org/resources/sdmxml/schemas/v2_1/common">1-10 ore</Name>
          <Name xml:lang="en" xmlns="http://www.sdmx.org/resources/sdmxml/schemas/v2_1/common">1-10 hours</Name>
        </Code>
        <Code id="H11-25" urn="urn:sdmx:org.sdmx.infomodel.codelist.Code=IT1:CL_DURATA(1.1).H11-25">
          <Name xml:lang="it" xmlns="http://www.sdmx.org/resources/sdmxml/schemas/v2_1/common">11-25 ore</Name>
          <Name xml:lang="en" xmlns="http://www.sdmx.org/resources/sdmxml/schemas/v2_1/common">11-25 hours</Name>
        </Code>
      </Codelist>
      <Codelist id="CL_ETA" urn="urn:sdmx:org.sdmx.infomodel.codelist.Codelist=IT1:CL_ETA(1.0)" agencyID="IT1" version="1.0" isFinal="true">
        <Name xml:lang="it" xmlns="http://www.sdmx.org/resources/sdmxml/schemas/v2_1/common">Code list per le età e le classi di età</Name>
        <Name xml:lang="en" xmlns="http://www.sdmx.org/resources/sdmxml/schemas/v2_1/common">Age and age classes</Name>
        <Code id="Y0" urn="urn:sdmx:org.sdmx.infomodel.codelist.Code=IT1:CL_ETA(1.0).Y0">
          <Name xml:lang="it" xmlns="http://www.sdmx.org/resources/sdmxml/schemas/v2_1/common">0 anni</Name>
          <Name xml:lang="en" xmlns="http://www.sdmx.org/resources/sdmxml/schemas/v2_1/common">0 years</Name>
        </Code>
        <Code id="Y0-14" urn="urn:sdmx:org.sdmx.infomodel.codelist.Code=IT1:CL_ETA(1.0).Y0-14">
          <Name xml:lang="it" xmlns="http://www.sdmx.org/resources/sdmxml/schemas/v2_1/common">0-14 anni</Name>
          <Name xml:lang="en" xmlns="http://www.sdmx.org/resources/sdmxml/schemas/v2_1/common">0-14 years</Name>
        </Code>
        <Code id="Y1" urn="urn:sdmx:org.sdmx.infomodel.codelist.Code=IT1:CL_ETA(1.0).Y1">
          <Name xml:lang="it" xmlns="http://www.sdmx.org/resources/sdmxml/schemas/v2_1/common">1 anni</Name>
          <Name xml:lang="en" xmlns="http://www.sdmx.org/resources/sdmxml/schemas/v2_1/common">1 years</Name>
        </Code>
        <Code id="Y_UN2" urn="urn:sdmx:org.sdmx.infomodel.codelist.Code=IT1:CL_ETA(1.0).Y_UN2">
          <Name xml:lang="it" xmlns="http://www.sdmx.org/resources/sdmxml/schemas/v2_1/common">fino a 2 anni</Name>
          <Name xml:lang="en" xmlns="http://www.sdmx.org/resources/sdmxml/schemas/v2_1/common">until 2 years</Name>
        </Code>
        <Code id="Y2" urn="urn:sdmx:org.sdmx.infomodel.codelist.Code=IT1:CL_ETA(1.0).Y2">
          <Name xml:lang="it" xmlns="http://www.sdmx.org/resources/sdmxml/schemas/v2_1/common">2 anni</Name>
          <Name xml:lang="en" xmlns="http://www.sdmx.org/resources/sdmxml/schemas/v2_1/common">2 years</Name>
        </Code>
        <Code id="Y3" urn="urn:sdmx:org.sdmx.infomodel.codelist.Code=IT1:CL_ETA(1.0).Y3">
          <Name xml:lang="it" xmlns="http://www.sdmx.org/resources/sdmxml/schemas/v2_1/common">3 anni</Name>
          <Name xml:lang="en" xmlns="http://www.sdmx.org/resources/sdmxml/schemas/v2_1/common">3 years</Name>
        </Code>
        <Code id="Y3-5" urn="urn:sdmx:org.sdmx.infomodel.codelist.Code=IT1:CL_ETA(1.0).Y3-5">
          <Name xml:lang="it" xmlns="http://www.sdmx.org/resources/sdmxml/schemas/v2_1/common">3-5 anni</Name>
          <Name xml:lang="en" xmlns="http://www.sdmx.org/resources/sdmxml/schemas/v2_1/common">3-5 years</Name>
        </Code>
        <Code id="Y4" urn="urn:sdmx:org.sdmx.infomodel.codelist.Code=IT1:CL_ETA(1.0).Y4">
          <Name xml:lang="it" xmlns="http://www.sdmx.org/resources/sdmxml/schemas/v2_1/common">4 anni</Name>
          <Name xml:lang="en" xmlns="http://www.sdmx.org/resources/sdmxml/schemas/v2_1/common">4 years</Name>
        </Code>
        <Code id="Y_UN4" urn="urn:sdmx:org.sdmx.infomodel.codelist.Code=IT1:CL_ETA(1.0).Y_UN4">
          <Name xml:lang="it" xmlns="http://www.sdmx.org/resources/sdmxml/schemas/v2_1/common">fino a 4 anni</Name>
          <Name xml:lang="en" xmlns="http://www.sdmx.org/resources/sdmxml/schemas/v2_1/common">until 4 years</Name>
        </Code>
        <Code id="Y5" urn="urn:sdmx:org.sdmx.infomodel.codelist.Code=IT1:CL_ETA(1.0).Y5">
          <Name xml:lang="it" xmlns="http://www.sdmx.org/resources/sdmxml/schemas/v2_1/common">5 anni</Name>
          <Name xml:lang="en" xmlns="http://www.sdmx.org/resources/sdmxml/schemas/v2_1/common">5 years</Name>
        </Code>
        <Code id="Y_UN5" urn="urn:sdmx:org.sdmx.infomodel.codelist.Code=IT1:CL_ETA(1.0).Y_UN5">
          <Name xml:lang="it" xmlns="http://www.sdmx.org/resources/sdmxml/schemas/v2_1/common">fino a 5 anni</Name>
          <Name xml:lang="en" xmlns="http://www.sdmx.org/resources/sdmxml/schemas/v2_1/common">until 5 years</Name>
        </Code>
        <Code id="Y5-9" urn="urn:sdmx:org.sdmx.infomodel.codelist.Code=IT1:CL_ETA(1.0).Y5-9">
          <Name xml:lang="it" xmlns="http://www.sdmx.org/resources/sdmxml/schemas/v2_1/common">5-9 anni</Name>
          <Name xml:lang="en" xmlns="http://www.sdmx.org/resources/sdmxml/schemas/v2_1/common">5-9 years</Name>
        </Code>
        <Code id="Y6" urn="urn:sdmx:org.sdmx.infomodel.codelist.Code=IT1:CL_ETA(1.0).Y6">
          <Name xml:lang="it" xmlns="http://www.sdmx.org/resources/sdmxml/schemas/v2_1/common">6 anni</Name>
          <Name xml:lang="en" xmlns="http://www.sdmx.org/resources/sdmxml/schemas/v2_1/common">6 years</Name>
        </Code>
        <Code id="Y_GE6" urn="urn:sdmx:org.sdmx.infomodel.codelist.Code=IT1:CL_ETA(1.0).Y_GE6">
          <Name xml:lang="it" xmlns="http://www.sdmx.org/resources/sdmxml/schemas/v2_1/common">6 anni e più</Name>
          <Name xml:lang="en" xmlns="http://www.sdmx.org/resources/sdmxml/schemas/v2_1/common">6 years and over</Name>
        </Code>
        <Code id="Y6-9" urn="urn:sdmx:org.sdmx.infomodel.codelist.Code=IT1:CL_ETA(1.0).Y6-9">
          <Name xml:lang="it" xmlns="http://www.sdmx.org/resources/sdmxml/schemas/v2_1/common">6-9 anni</Name>
          <Name xml:lang="en" xmlns="http://www.sdmx.org/resources/sdmxml/schemas/v2_1/common">6-9 years</Name>
        </Code>
        <Code id="Y6-10" urn="urn:sdmx:org.sdmx.infomodel.codelist.Code=IT1:CL_ETA(1.0).Y6-10">
          <Name xml:lang="it" xmlns="http://www.sdmx.org/resources/sdmxml/schemas/v2_1/common">6-10 anni</Name>
          <Name xml:lang="en" xmlns="http://www.sdmx.org/resources/sdmxml/schemas/v2_1/common">6-10 years</Name>
        </Code>
        <Code id="Y6-14" urn="urn:sdmx:org.sdmx.infomodel.codelist.Code=IT1:CL_ETA(1.0).Y6-14">
          <Name xml:lang="it" xmlns="http://www.sdmx.org/resources/sdmxml/schemas/v2_1/common">6-14 anni</Name>
          <Name xml:lang="en" xmlns="http://www.sdmx.org/resources/sdmxml/schemas/v2_1/common">6-14 years</Name>
        </Code>
        <Code id="Y6-44" urn="urn:sdmx:org.sdmx.infomodel.codelist.Code=IT1:CL_ETA(1.0).Y6-44">
          <Name xml:lang="it" xmlns="http://www.sdmx.org/resources/sdmxml/schemas/v2_1/common">6-44 anni</Name>
          <Name xml:lang="en" xmlns="http://www.sdmx.org/resources/sdmxml/schemas/v2_1/common">6-44 years</Name>
        </Code>
        <Code id="Y6-64" urn="urn:sdmx:org.sdmx.infomodel.codelist.Code=IT1:CL_ETA(1.0).Y6-64">
          <Name xml:lang="it" xmlns="http://www.sdmx.org/resources/sdmxml/schemas/v2_1/common">6-64 anni</Name>
          <Name xml:lang="en" xmlns="http://www.sdmx.org/resources/sdmxml/schemas/v2_1/common">6-64 years</Name>
        </Code>
        <Code id="Y7" urn="urn:sdmx:org.sdmx.infomodel.codelist.Code=IT1:CL_ETA(1.0).Y7">
          <Name xml:lang="it" xmlns="http://www.sdmx.org/resources/sdmxml/schemas/v2_1/common">7 anni</Name>
          <Name xml:lang="en" xmlns="http://www.sdmx.org/resources/sdmxml/schemas/v2_1/common">7 years</Name>
        </Code>
        <Code id="Y8" urn="urn:sdmx:org.sdmx.infomodel.codelist.Code=IT1:CL_ETA(1.0).Y8">
          <Name xml:lang="it" xmlns="http://www.sdmx.org/resources/sdmxml/schemas/v2_1/common">8 anni</Name>
          <Name xml:lang="en" xmlns="http://www.sdmx.org/resources/sdmxml/schemas/v2_1/common">8 years</Name>
        </Code>
        <Code id="Y9" urn="urn:sdmx:org.sdmx.infomodel.codelist.Code=IT1:CL_ETA(1.0).Y9">
          <Name xml:lang="it" xmlns="http://www.sdmx.org/resources/sdmxml/schemas/v2_1/common">9 anni</Name>
          <Name xml:lang="en" xmlns="http://www.sdmx.org/resources/sdmxml/schemas/v2_1/common">9 years</Name>
        </Code>
        <Code id="Y10" urn="urn:sdmx:org.sdmx.infomodel.codelist.Code=IT1:CL_ETA(1.0).Y10">
          <Name xml:lang="it" xmlns="http://www.sdmx.org/resources/sdmxml/schemas/v2_1/common">10 anni</Name>
          <Name xml:lang="en" xmlns="http://www.sdmx.org/resources/sdmxml/schemas/v2_1/common">10 years</Name>
        </Code>
        <Code id="Y10-14" urn="urn:sdmx:org.sdmx.infomodel.codelist.Code=IT1:CL_ETA(1.0).Y10-14">
          <Name xml:lang="it" xmlns="http://www.sdmx.org/resources/sdmxml/schemas/v2_1/common">10-14 anni</Name>
          <Name xml:lang="en" xmlns="http://www.sdmx.org/resources/sdmxml/schemas/v2_1/common">10-14 years</Name>
        </Code>
        <Code id="Y10-19" urn="urn:sdmx:org.sdmx.infomodel.codelist.Code=IT1:CL_ETA(1.0).Y10-19">
          <Name xml:lang="it" xmlns="http://www.sdmx.org/resources/sdmxml/schemas/v2_1/common">10-19 anni</Name>
          <Name xml:lang="en" xmlns="http://www.sdmx.org/resources/sdmxml/schemas/v2_1/common">10-19 years</Name>
        </Code>
        <Code id="Y11" urn="urn:sdmx:org.sdmx.infomodel.codelist.Code=IT1:CL_ETA(1.0).Y11">
          <Name xml:lang="it" xmlns="http://www.sdmx.org/resources/sdmxml/schemas/v2_1/common">11 anni</Name>
          <Name xml:lang="en" xmlns="http://www.sdmx.org/resources/sdmxml/schemas/v2_1/common">11 years</Name>
        </Code>
        <Code id="Y11-13" urn="urn:sdmx:org.sdmx.infomodel.codelist.Code=IT1:CL_ETA(1.0).Y11-13">
          <Name xml:lang="it" xmlns="http://www.sdmx.org/resources/sdmxml/schemas/v2_1/common">11-13 anni</Name>
          <Name xml:lang="en" xmlns="http://www.sdmx.org/resources/sdmxml/schemas/v2_1/common">11-13 years</Name>
        </Code>
        <Code id="Y12" urn="urn:sdmx:org.sdmx.infomodel.codelist.Code=IT1:CL_ETA(1.0).Y12">
          <Name xml:lang="it" xmlns="http://www.sdmx.org/resources/sdmxml/schemas/v2_1/common">12 anni</Name>
          <Name xml:lang="en" xmlns="http://www.sdmx.org/resources/sdmxml/schemas/v2_1/common">12 years</Name>
        </Code>
        <Code id="Y13" urn="urn:sdmx:org.sdmx.infomodel.codelist.Code=IT1:CL_ETA(1.0).Y13">
          <Name xml:lang="it" xmlns="http://www.sdmx.org/resources/sdmxml/schemas/v2_1/common">13 anni</Name>
          <Name xml:lang="en" xmlns="http://www.sdmx.org/resources/sdmxml/schemas/v2_1/common">13 years</Name>
        </Code>
        <Code id="Y14" urn="urn:sdmx:org.sdmx.infomodel.codelist.Code=IT1:CL_ETA(1.0).Y14">
          <Name xml:lang="it" xmlns="http://www.sdmx.org/resources/sdmxml/schemas/v2_1/common">14 anni</Name>
          <Name xml:lang="en" xmlns="http://www.sdmx.org/resources/sdmxml/schemas/v2_1/common">14 years</Name>
        </Code>
        <Code id="Y_UN14" urn="urn:sdmx:org.sdmx.infomodel.codelist.Code=IT1:CL_ETA(1.0).Y_UN14">
          <Name xml:lang="it" xmlns="http://www.sdmx.org/resources/sdmxml/schemas/v2_1/common">fino a 14 anni</Name>
          <Name xml:lang="en" xmlns="http://www.sdmx.org/resources/sdmxml/schemas/v2_1/common">until 14 years</Name>
        </Code>
        <Code id="Y14-17" urn="urn:sdmx:org.sdmx.infomodel.codelist.Code=IT1:CL_ETA(1.0).Y14-17">
          <Name xml:lang="it" xmlns="http://www.sdmx.org/resources/sdmxml/schemas/v2_1/common">14-17 anni</Name>
          <Name xml:lang="en" xmlns="http://www.sdmx.org/resources/sdmxml/schemas/v2_1/common">14-17 years</Name>
        </Code>
        <Code id="Y15" urn="urn:sdmx:org.sdmx.infomodel.codelist.Code=IT1:CL_ETA(1.0).Y15">
          <Name xml:lang="it" xmlns="http://www.sdmx.org/resources/sdmxml/schemas/v2_1/common">15 anni</Name>
          <Name xml:lang="en" xmlns="http://www.sdmx.org/resources/sdmxml/schemas/v2_1/common">15 years</Name>
        </Code>
        <Code id="Y_GE15" urn="urn:sdmx:org.sdmx.infomodel.codelist.Code=IT1:CL_ETA(1.0).Y_GE15">
          <Name xml:lang="it" xmlns="http://www.sdmx.org/resources/sdmxml/schemas/v2_1/common">15 anni e più</Name>
          <Name xml:lang="en" xmlns="http://www.sdmx.org/resources/sdmxml/schemas/v2_1/common">15 years and over</Name>
        </Code>
        <Code id="Y15-17" urn="urn:sdmx:org.sdmx.infomodel.codelist.Code=IT1:CL_ETA(1.0).Y15-17">
          <Name xml:lang="it" xmlns="http://www.sdmx.org/resources/sdmxml/schemas/v2_1/common">15-17 anni</Name>
          <Name xml:lang="en" xmlns="http://www.sdmx.org/resources/sdmxml/schemas/v2_1/common">15-17 years</Name>
        </Code>
        <Code id="Y15-19" urn="urn:sdmx:org.sdmx.infomodel.codelist.Code=IT1:CL_ETA(1.0).Y15-19">
          <Name xml:lang="it" xmlns="http://www.sdmx.org/resources/sdmxml/schemas/v2_1/common">15-19 anni</Name>
          <Name xml:lang="en" xmlns="http://www.sdmx.org/resources/sdmxml/schemas/v2_1/common">15-19 years</Name>
        </Code>
        <Code id="Y15-24" urn="urn:sdmx:org.sdmx.infomodel.codelist.Code=IT1:CL_ETA(1.0).Y15-24">
          <Name xml:lang="it" xmlns="http://www.sdmx.org/resources/sdmxml/schemas/v2_1/common">15-24 anni</Name>
          <Name xml:lang="en" xmlns="http://www.sdmx.org/resources/sdmxml/schemas/v2_1/common">15-24 years</Name>
        </Code>
        <Code id="Y15-29" urn="urn:sdmx:org.sdmx.infomodel.codelist.Code=IT1:CL_ETA(1.0).Y15-29">
          <Name xml:lang="it" xmlns="http://www.sdmx.org/resources/sdmxml/schemas/v2_1/common">15-29 anni</Name>
          <Name xml:lang="en" xmlns="http://www.sdmx.org/resources/sdmxml/schemas/v2_1/common">15-29 years</Name>
        </Code>
        <Code id="Y15-34" urn="urn:sdmx:org.sdmx.infomodel.codelist.Code=IT1:CL_ETA(1.0).Y15-34">
          <Name xml:lang="it" xmlns="http://www.sdmx.org/resources/sdmxml/schemas/v2_1/common">15-34 anni</Name>
          <Name xml:lang="en" xmlns="http://www.sdmx.org/resources/sdmxml/schemas/v2_1/common">15-34 years</Name>
        </Code>
        <Code id="Y15-39" urn="urn:sdmx:org.sdmx.infomodel.codelist.Code=IT1:CL_ETA(1.0).Y15-39">
          <Name xml:lang="it" xmlns="http://www.sdmx.org/resources/sdmxml/schemas/v2_1/common">15-39 anni</Name>
          <Name xml:lang="en" xmlns="http://www.sdmx.org/resources/sdmxml/schemas/v2_1/common">15-39 years</Name>
        </Code>
        <Code id="Y15-44" urn="urn:sdmx:org.sdmx.infomodel.codelist.Code=IT1:CL_ETA(1.0).Y15-44">
          <Name xml:lang="it" xmlns="http://www.sdmx.org/resources/sdmxml/schemas/v2_1/common">15-44 anni</Name>
          <Name xml:lang="en" xmlns="http://www.sdmx.org/resources/sdmxml/schemas/v2_1/common">15-44 years</Name>
        </Code>
        <Code id="Y15-49" urn="urn:sdmx:org.sdmx.infomodel.codelist.Code=IT1:CL_ETA(1.0).Y15-49">
          <Name xml:lang="it" xmlns="http://www.sdmx.org/resources/sdmxml/schemas/v2_1/common">15-49 anni</Name>
          <Name xml:lang="en" xmlns="http://www.sdmx.org/resources/sdmxml/schemas/v2_1/common">15-49 years</Name>
        </Code>
        <Code id="Y15-64" urn="urn:sdmx:org.sdmx.infomodel.codelist.Code=IT1:CL_ETA(1.0).Y15-64">
          <Name xml:lang="it" xmlns="http://www.sdmx.org/resources/sdmxml/schemas/v2_1/common">15-64 anni</Name>
          <Name xml:lang="en" xmlns="http://www.sdmx.org/resources/sdmxml/schemas/v2_1/common">15-64 years</Name>
        </Code>
        <Code id="Y15-74" urn="urn:sdmx:org.sdmx.infomodel.codelist.Code=IT1:CL_ETA(1.0).Y15-74">
          <Name xml:lang="it" xmlns="http://www.sdmx.org/resources/sdmxml/schemas/v2_1/common">15-74 anni</Name>
          <Name xml:lang="en" xmlns="http://www.sdmx.org/resources/sdmxml/schemas/v2_1/common">15-74 years</Name>
        </Code>
        <Code id="Y16" urn="urn:sdmx:org.sdmx.infomodel.codelist.Code=IT1:CL_ETA(1.0).Y16">
          <Name xml:lang="it" xmlns="http://www.sdmx.org/resources/sdmxml/schemas/v2_1/common">16 anni</Name>
          <Name xml:lang="en" xmlns="http://www.sdmx.org/resources/sdmxml/schemas/v2_1/common">16 years</Name>
        </Code>
        <Code id="Y17" urn="urn:sdmx:org.sdmx.infomodel.codelist.Code=IT1:CL_ETA(1.0).Y17">
          <Name xml:lang="it" xmlns="http://www.sdmx.org/resources/sdmxml/schemas/v2_1/common">17 anni</Name>
          <Name xml:lang="en" xmlns="http://www.sdmx.org/resources/sdmxml/schemas/v2_1/common">17 years</Name>
        </Code>
        <Code id="Y_UN17" urn="urn:sdmx:org.sdmx.infomodel.codelist.Code=IT1:CL_ETA(1.0).Y_UN17">
          <Name xml:lang="it" xmlns="http://www.sdmx.org/resources/sdmxml/schemas/v2_1/common">fino a 17 anni</Name>
          <Name xml:lang="en" xmlns="http://www.sdmx.org/resources/sdmxml/schemas/v2_1/common">until 17 years</Name>
        </Code>
        <Code id="Y18" urn="urn:sdmx:org.sdmx.infomodel.codelist.Code=IT1:CL_ETA(1.0).Y18">
          <Name xml:lang="it" xmlns="http://www.sdmx.org/resources/sdmxml/schemas/v2_1/common">18 anni</Name>
          <Name xml:lang="en" xmlns="http://www.sdmx.org/resources/sdmxml/schemas/v2_1/common">18 years</Name>
        </Code>
        <Code id="Y_UN18" urn="urn:sdmx:org.sdmx.infomodel.codelist.Code=IT1:CL_ETA(1.0).Y_UN18">
          <Name xml:lang="it" xmlns="http://www.sdmx.org/resources/sdmxml/schemas/v2_1/common">fino a 18 anni</Name>
          <Name xml:lang="en" xmlns="http://www.sdmx.org/resources/sdmxml/schemas/v2_1/common">until 18 years</Name>
        </Code>
        <Code id="Y18-19" urn="urn:sdmx:org.sdmx.infomodel.codelist.Code=IT1:CL_ETA(1.0).Y18-19">
          <Name xml:lang="it" xmlns="http://www.sdmx.org/resources/sdmxml/schemas/v2_1/common">18-19 anni</Name>
          <Name xml:lang="en" xmlns="http://www.sdmx.org/resources/sdmxml/schemas/v2_1/common">18-19 years</Name>
        </Code>
        <Code id="Y18-20" urn="urn:sdmx:org.sdmx.infomodel.codelist.Code=IT1:CL_ETA(1.0).Y18-20">
          <Name xml:lang="it" xmlns="http://www.sdmx.org/resources/sdmxml/schemas/v2_1/common">18-20 anni</Name>
          <Name xml:lang="en" xmlns="http://www.sdmx.org/resources/sdmxml/schemas/v2_1/common">18-20 years</Name>
        </Code>
        <Code id="Y18-24" urn="urn:sdmx:org.sdmx.infomodel.codelist.Code=IT1:CL_ETA(1.0).Y18-24">
          <Name xml:lang="it" xmlns="http://www.sdmx.org/resources/sdmxml/schemas/v2_1/common">18-24 anni</Name>
          <Name xml:lang="en" xmlns="http://www.sdmx.org/resources/sdmxml/schemas/v2_1/common">18-24 years</Name>
        </Code>
        <Code id="Y18-29" urn="urn:sdmx:org.sdmx.infomodel.codelist.Code=IT1:CL_ETA(1.0).Y18-29">
          <Name xml:lang="it" xmlns="http://www.sdmx.org/resources/sdmxml/schemas/v2_1/common">18-29 anni</Name>
          <Name xml:lang="en" xmlns="http://www.sdmx.org/resources/sdmxml/schemas/v2_1/common">18-29 years</Name>
        </Code>
        <Code id="Y19" urn="urn:sdmx:org.sdmx.infomodel.codelist.Code=IT1:CL_ETA(1.0).Y19">
          <Name xml:lang="it" xmlns="http://www.sdmx.org/resources/sdmxml/schemas/v2_1/common">19 anni</Name>
          <Name xml:lang="en" xmlns="http://www.sdmx.org/resources/sdmxml/schemas/v2_1/common">19 years</Name>
        </Code>
        <Code id="Y_UN19" urn="urn:sdmx:org.sdmx.infomodel.codelist.Code=IT1:CL_ETA(1.0).Y_UN19">
          <Name xml:lang="it" xmlns="http://www.sdmx.org/resources/sdmxml/schemas/v2_1/common">fino a 19 anni</Name>
          <Name xml:lang="en" xmlns="http://www.sdmx.org/resources/sdmxml/schemas/v2_1/common">until 19 years</Name>
        </Code>
        <Code id="Y20" urn="urn:sdmx:org.sdmx.infomodel.codelist.Code=IT1:CL_ETA(1.0).Y20">
          <Name xml:lang="it" xmlns="http://www.sdmx.org/resources/sdmxml/schemas/v2_1/common">20 anni</Name>
          <Name xml:lang="en" xmlns="http://www.sdmx.org/resources/sdmxml/schemas/v2_1/common">20 years</Name>
        </Code>
        <Code id="Y_GE20" urn="urn:sdmx:org.sdmx.infomodel.codelist.Code=IT1:CL_ETA(1.0).Y_GE20">
          <Name xml:lang="it" xmlns="http://www.sdmx.org/resources/sdmxml/schemas/v2_1/common">20 anni e più</Name>
          <Name xml:lang="en" xmlns="http://www.sdmx.org/resources/sdmxml/schemas/v2_1/common">20 years and over</Name>
        </Code>
        <Code id="Y_UN20" urn="urn:sdmx:org.sdmx.infomodel.codelist.Code=IT1:CL_ETA(1.0).Y_UN20">
          <Name xml:lang="it" xmlns="http://www.sdmx.org/resources/sdmxml/schemas/v2_1/common">fino a 20 anni</Name>
          <Name xml:lang="en" xmlns="http://www.sdmx.org/resources/sdmxml/schemas/v2_1/common">until 20 years</Name>
        </Code>
        <Code id="Y20-24" urn="urn:sdmx:org.sdmx.infomodel.codelist.Code=IT1:CL_ETA(1.0).Y20-24">
          <Name xml:lang="it" xmlns="http://www.sdmx.org/resources/sdmxml/schemas/v2_1/common">20-24 anni</Name>
          <Name xml:lang="en" xmlns="http://www.sdmx.org/resources/sdmxml/schemas/v2_1/common">20-24 years</Name>
        </Code>
        <Code id="Y20-29" urn="urn:sdmx:org.sdmx.infomodel.codelist.Code=IT1:CL_ETA(1.0).Y20-29">
          <Name xml:lang="it" xmlns="http://www.sdmx.org/resources/sdmxml/schemas/v2_1/common">20-29 anni</Name>
          <Name xml:lang="en" xmlns="http://www.sdmx.org/resources/sdmxml/schemas/v2_1/common">20-29 years</Name>
        </Code>
        <Code id="Y20-64" urn="urn:sdmx:org.sdmx.infomodel.codelist.Code=IT1:CL_ETA(1.0).Y20-64">
          <Name xml:lang="it" xmlns="http://www.sdmx.org/resources/sdmxml/schemas/v2_1/common">20-64 anni</Name>
          <Name xml:lang="en" xmlns="http://www.sdmx.org/resources/sdmxml/schemas/v2_1/common">20-64 years</Name>
        </Code>
        <Code id="Y21" urn="urn:sdmx:org.sdmx.infomodel.codelist.Code=IT1:CL_ETA(1.0).Y21">
          <Name xml:lang="it" xmlns="http://www.sdmx.org/resources/sdmxml/schemas/v2_1/common">21 anni</Name>
          <Name xml:lang="en" xmlns="http://www.sdmx.org/resources/sdmxml/schemas/v2_1/common">21 years</Name>
        </Code>
        <Code id="Y21-24" urn="urn:sdmx:org.sdmx.infomodel.codelist.Code=IT1:CL_ETA(1.0).Y21-24">
          <Name xml:lang="it" xmlns="http://www.sdmx.org/resources/sdmxml/schemas/v2_1/common">21-24 anni</Name>
          <Name xml:lang="en" xmlns="http://www.sdmx.org/resources/sdmxml/schemas/v2_1/common">21-24 years</Name>
        </Code>
        <Code id="Y22" urn="urn:sdmx:org.sdmx.infomodel.codelist.Code=IT1:CL_ETA(1.0).Y22">
          <Name xml:lang="it" xmlns="http://www.sdmx.org/resources/sdmxml/schemas/v2_1/common">22 anni</Name>
          <Name xml:lang="en" xmlns="http://www.sdmx.org/resources/sdmxml/schemas/v2_1/common">22 years</Name>
        </Code>
        <Code id="Y_GE22" urn="urn:sdmx:org.sdmx.infomodel.codelist.Code=IT1:CL_ETA(1.0).Y_GE22">
          <Name xml:lang="it" xmlns="http://www.sdmx.org/resources/sdmxml/schemas/v2_1/common">22 anni e più</Name>
          <Name xml:lang="en" xmlns="http://www.sdmx.org/resources/sdmxml/schemas/v2_1/common">22 years and over</Name>
        </Code>
        <Code id="Y23" urn="urn:sdmx:org.sdmx.infomodel.codelist.Code=IT1:CL_ETA(1.0).Y23">
          <Name xml:lang="it" xmlns="http://www.sdmx.org/resources/sdmxml/schemas/v2_1/common">23 anni</Name>
          <Name xml:lang="en" xmlns="http://www.sdmx.org/resources/sdmxml/schemas/v2_1/common">23 years</Name>
        </Code>
        <Code id="Y24" urn="urn:sdmx:org.sdmx.infomodel.codelist.Code=IT1:CL_ETA(1.0).Y24">
          <Name xml:lang="it" xmlns="http://www.sdmx.org/resources/sdmxml/schemas/v2_1/common">24 anni</Name>
          <Name xml:lang="en" xmlns="http://www.sdmx.org/resources/sdmxml/schemas/v2_1/common">24 years</Name>
        </Code>
        <Code id="Y_UN24" urn="urn:sdmx:org.sdmx.infomodel.codelist.Code=IT1:CL_ETA(1.0).Y_UN24">
          <Name xml:lang="it" xmlns="http://www.sdmx.org/resources/sdmxml/schemas/v2_1/common">fino a 24 anni</Name>
          <Name xml:lang="en" xmlns="http://www.sdmx.org/resources/sdmxml/schemas/v2_1/common">until 24 years</Name>
        </Code>
        <Code id="Y25" urn="urn:sdmx:org.sdmx.infomodel.codelist.Code=IT1:CL_ETA(1.0).Y25">
          <Name xml:lang="it" xmlns="http://www.sdmx.org/resources/sdmxml/schemas/v2_1/common">25 anni</Name>
          <Name xml:lang="en" xmlns="http://www.sdmx.org/resources/sdmxml/schemas/v2_1/common">25 years</Name>
        </Code>
        <Code id="Y_GE25" urn="urn:sdmx:org.sdmx.infomodel.codelist.Code=IT1:CL_ETA(1.0).Y_GE25">
          <Name xml:lang="it" xmlns="http://www.sdmx.org/resources/sdmxml/schemas/v2_1/common">25 anni e più</Name>
          <Name xml:lang="en" xmlns="http://www.sdmx.org/resources/sdmxml/schemas/v2_1/common">25 years and over</Name>
        </Code>
        <Code id="Y25-29" urn="urn:sdmx:org.sdmx.infomodel.codelist.Code=IT1:CL_ETA(1.0).Y25-29">
          <Name xml:lang="it" xmlns="http://www.sdmx.org/resources/sdmxml/schemas/v2_1/common">25-29 anni</Name>
          <Name xml:lang="en" xmlns="http://www.sdmx.org/resources/sdmxml/schemas/v2_1/common">25-29 years</Name>
        </Code>
        <Code id="Y25-34" urn="urn:sdmx:org.sdmx.infomodel.codelist.Code=IT1:CL_ETA(1.0).Y25-34">
          <Name xml:lang="it" xmlns="http://www.sdmx.org/resources/sdmxml/schemas/v2_1/common">25-34 anni</Name>
          <Name xml:lang="en" xmlns="http://www.sdmx.org/resources/sdmxml/schemas/v2_1/common">25-34 years</Name>
        </Code>
        <Code id="Y25-44" urn="urn:sdmx:org.sdmx.infomodel.codelist.Code=IT1:CL_ETA(1.0).Y25-44">
          <Name xml:lang="it" xmlns="http://www.sdmx.org/resources/sdmxml/schemas/v2_1/common">25-44 anni</Name>
          <Name xml:lang="en" xmlns="http://www.sdmx.org/resources/sdmxml/schemas/v2_1/common">25-44 years</Name>
        </Code>
        <Code id="Y25-64" urn="urn:sdmx:org.sdmx.infomodel.codelist.Code=IT1:CL_ETA(1.0).Y25-64">
          <Name xml:lang="it" xmlns="http://www.sdmx.org/resources/sdmxml/schemas/v2_1/common">25-64 anni</Name>
          <Name xml:lang="en" xmlns="http://www.sdmx.org/resources/sdmxml/schemas/v2_1/common">25-64 years</Name>
        </Code>
        <Code id="Y26" urn="urn:sdmx:org.sdmx.infomodel.codelist.Code=IT1:CL_ETA(1.0).Y26">
          <Name xml:lang="it" xmlns="http://www.sdmx.org/resources/sdmxml/schemas/v2_1/common">26 anni</Name>
          <Name xml:lang="en" xmlns="http://www.sdmx.org/resources/sdmxml/schemas/v2_1/common">26 years</Name>
        </Code>
        <Code id="Y27" urn="urn:sdmx:org.sdmx.infomodel.codelist.Code=IT1:CL_ETA(1.0).Y27">
          <Name xml:lang="it" xmlns="http://www.sdmx.org/resources/sdmxml/schemas/v2_1/common">27 anni</Name>
          <Name xml:lang="en" xmlns="http://www.sdmx.org/resources/sdmxml/schemas/v2_1/common">27 years</Name>
        </Code>
        <Code id="Y28" urn="urn:sdmx:org.sdmx.infomodel.codelist.Code=IT1:CL_ETA(1.0).Y28">
          <Name xml:lang="it" xmlns="http://www.sdmx.org/resources/sdmxml/schemas/v2_1/common">28 anni</Name>
          <Name xml:lang="en" xmlns="http://www.sdmx.org/resources/sdmxml/schemas/v2_1/common">28 years</Name>
        </Code>
        <Code id="Y28-29" urn="urn:sdmx:org.sdmx.infomodel.codelist.Code=IT1:CL_ETA(1.0).Y28-29">
          <Name xml:lang="it" xmlns="http://www.sdmx.org/resources/sdmxml/schemas/v2_1/common">28-29 anni</Name>
          <Name xml:lang="en" xmlns="http://www.sdmx.org/resources/sdmxml/schemas/v2_1/common">28-29 years</Name>
        </Code>
        <Code id="Y29" urn="urn:sdmx:org.sdmx.infomodel.codelist.Code=IT1:CL_ETA(1.0).Y29">
          <Name xml:lang="it" xmlns="http://www.sdmx.org/resources/sdmxml/schemas/v2_1/common">29 anni</Name>
          <Name xml:lang="en" xmlns="http://www.sdmx.org/resources/sdmxml/schemas/v2_1/common">29 years</Name>
        </Code>
        <Code id="Y_UN29" urn="urn:sdmx:org.sdmx.infomodel.codelist.Code=IT1:CL_ETA(1.0).Y_UN29">
          <Name xml:lang="it" xmlns="http://www.sdmx.org/resources/sdmxml/schemas/v2_1/common">fino a 29 anni</Name>
          <Name xml:lang="en" xmlns="http://www.sdmx.org/resources/sdmxml/schemas/v2_1/common">until 29 years</Name>
        </Code>
        <Code id="Y30" urn="urn:sdmx:org.sdmx.infomodel.codelist.Code=IT1:CL_ETA(1.0).Y30">
          <Name xml:lang="it" xmlns="http://www.sdmx.org/resources/sdmxml/schemas/v2_1/common">30 anni</Name>
          <Name xml:lang="en" xmlns="http://www.sdmx.org/resources/sdmxml/schemas/v2_1/common">30 years</Name>
        </Code>
        <Code id="Y_GE30" urn="urn:sdmx:org.sdmx.infomodel.codelist.Code=IT1:CL_ETA(1.0).Y_GE30">
          <Name xml:lang="it" xmlns="http://www.sdmx.org/resources/sdmxml/schemas/v2_1/common">30 anni e più</Name>
          <Name xml:lang="en" xmlns="http://www.sdmx.org/resources/sdmxml/schemas/v2_1/common">30 years and over</Name>
        </Code>
        <Code id="Y30-34" urn="urn:sdmx:org.sdmx.infomodel.codelist.Code=IT1:CL_ETA(1.0).Y30-34">
          <Name xml:lang="it" xmlns="http://www.sdmx.org/resources/sdmxml/schemas/v2_1/common">30-34 anni</Name>
          <Name xml:lang="en" xmlns="http://www.sdmx.org/resources/sdmxml/schemas/v2_1/common">30-34 years</Name>
        </Code>
        <Code id="Y30-39" urn="urn:sdmx:org.sdmx.infomodel.codelist.Code=IT1:CL_ETA(1.0).Y30-39">
          <Name xml:lang="it" xmlns="http://www.sdmx.org/resources/sdmxml/schemas/v2_1/common">30-39 anni</Name>
          <Name xml:lang="en" xmlns="http://www.sdmx.org/resources/sdmxml/schemas/v2_1/common">30-39 years</Name>
        </Code>
        <Code id="Y30-44" urn="urn:sdmx:org.sdmx.infomodel.codelist.Code=IT1:CL_ETA(1.0).Y30-44">
          <Name xml:lang="it" xmlns="http://www.sdmx.org/resources/sdmxml/schemas/v2_1/common">30-44 anni</Name>
          <Name xml:lang="en" xmlns="http://www.sdmx.org/resources/sdmxml/schemas/v2_1/common">30-44 years</Name>
        </Code>
        <Code id="Y30-49" urn="urn:sdmx:org.sdmx.infomodel.codelist.Code=IT1:CL_ETA(1.0).Y30-49">
          <Name xml:lang="it" xmlns="http://www.sdmx.org/resources/sdmxml/schemas/v2_1/common">30-49 anni</Name>
          <Name xml:lang="en" xmlns="http://www.sdmx.org/resources/sdmxml/schemas/v2_1/common">30-49 years</Name>
        </Code>
        <Code id="Y31" urn="urn:sdmx:org.sdmx.infomodel.codelist.Code=IT1:CL_ETA(1.0).Y31">
          <Name xml:lang="it" xmlns="http://www.sdmx.org/resources/sdmxml/schemas/v2_1/common">31 anni</Name>
          <Name xml:lang="en" xmlns="http://www.sdmx.org/resources/sdmxml/schemas/v2_1/common">31 years</Name>
        </Code>
        <Code id="Y32" urn="urn:sdmx:org.sdmx.infomodel.codelist.Code=IT1:CL_ETA(1.0).Y32">
          <Name xml:lang="it" xmlns="http://www.sdmx.org/resources/sdmxml/schemas/v2_1/common">32 anni</Name>
          <Name xml:lang="en" xmlns="http://www.sdmx.org/resources/sdmxml/schemas/v2_1/common">32 years</Name>
        </Code>
        <Code id="Y33" urn="urn:sdmx:org.sdmx.infomodel.codelist.Code=IT1:CL_ETA(1.0).Y33">
          <Name xml:lang="it" xmlns="http://www.sdmx.org/resources/sdmxml/schemas/v2_1/common">33 anni</Name>
          <Name xml:lang="en" xmlns="http://www.sdmx.org/resources/sdmxml/schemas/v2_1/common">33 years</Name>
        </Code>
        <Code id="Y34" urn="urn:sdmx:org.sdmx.infomodel.codelist.Code=IT1:CL_ETA(1.0).Y34">
          <Name xml:lang="it" xmlns="http://www.sdmx.org/resources/sdmxml/schemas/v2_1/common">34 anni</Name>
          <Name xml:lang="en" xmlns="http://www.sdmx.org/resources/sdmxml/schemas/v2_1/common">34 years</Name>
        </Code>
        <Code id="Y35" urn="urn:sdmx:org.sdmx.infomodel.codelist.Code=IT1:CL_ETA(1.0).Y35">
          <Name xml:lang="it" xmlns="http://www.sdmx.org/resources/sdmxml/schemas/v2_1/common">35 anni</Name>
          <Name xml:lang="en" xmlns="http://www.sdmx.org/resources/sdmxml/schemas/v2_1/common">35 years</Name>
        </Code>
        <Code id="Y_UN35" urn="urn:sdmx:org.sdmx.infomodel.codelist.Code=IT1:CL_ETA(1.0).Y_UN35">
          <Name xml:lang="it" xmlns="http://www.sdmx.org/resources/sdmxml/schemas/v2_1/common">fino a 35 anni</Name>
          <Name xml:lang="en" xmlns="http://www.sdmx.org/resources/sdmxml/schemas/v2_1/common">until 35 years</Name>
        </Code>
        <Code id="Y_GE35" urn="urn:sdmx:org.sdmx.infomodel.codelist.Code=IT1:CL_ETA(1.0).Y_GE35">
          <Name xml:lang="it" xmlns="http://www.sdmx.org/resources/sdmxml/schemas/v2_1/common">35 anni e più</Name>
          <Name xml:lang="en" xmlns="http://www.sdmx.org/resources/sdmxml/schemas/v2_1/common">35 years and over</Name>
        </Code>
        <Code id="Y35-39" urn="urn:sdmx:org.sdmx.infomodel.codelist.Code=IT1:CL_ETA(1.0).Y35-39">
          <Name xml:lang="it" xmlns="http://www.sdmx.org/resources/sdmxml/schemas/v2_1/common">35-39 anni</Name>
          <Name xml:lang="en" xmlns="http://www.sdmx.org/resources/sdmxml/schemas/v2_1/common">35-39 years</Name>
        </Code>
        <Code id="Y35-44" urn="urn:sdmx:org.sdmx.infomodel.codelist.Code=IT1:CL_ETA(1.0).Y35-44">
          <Name xml:lang="it" xmlns="http://www.sdmx.org/resources/sdmxml/schemas/v2_1/common">35-44 anni</Name>
          <Name xml:lang="en" xmlns="http://www.sdmx.org/resources/sdmxml/schemas/v2_1/common">35-44 years</Name>
        </Code>
        <Code id="Y35-54" urn="urn:sdmx:org.sdmx.infomodel.codelist.Code=IT1:CL_ETA(1.0).Y35-54">
          <Name xml:lang="it" xmlns="http://www.sdmx.org/resources/sdmxml/schemas/v2_1/common">35-54 anni</Name>
          <Name xml:lang="en" xmlns="http://www.sdmx.org/resources/sdmxml/schemas/v2_1/common">35-54 years</Name>
        </Code>
        <Code id="Y35-64" urn="urn:sdmx:org.sdmx.infomodel.codelist.Code=IT1:CL_ETA(1.0).Y35-64">
          <Name xml:lang="it" xmlns="http://www.sdmx.org/resources/sdmxml/schemas/v2_1/common">35-64 anni</Name>
          <Name xml:lang="en" xmlns="http://www.sdmx.org/resources/sdmxml/schemas/v2_1/common">35-64 years</Name>
        </Code>
        <Code id="Y36" urn="urn:sdmx:org.sdmx.infomodel.codelist.Code=IT1:CL_ETA(1.0).Y36">
          <Name xml:lang="it" xmlns="http://www.sdmx.org/resources/sdmxml/schemas/v2_1/common">36 anni</Name>
          <Name xml:lang="en" xmlns="http://www.sdmx.org/resources/sdmxml/schemas/v2_1/common">36 years</Name>
        </Code>
        <Code id="Y37" urn="urn:sdmx:org.sdmx.infomodel.codelist.Code=IT1:CL_ETA(1.0).Y37">
          <Name xml:lang="it" xmlns="http://www.sdmx.org/resources/sdmxml/schemas/v2_1/common">37 anni</Name>
          <Name xml:lang="en" xmlns="http://www.sdmx.org/resources/sdmxml/schemas/v2_1/common">37 years</Name>
        </Code>
        <Code id="Y38" urn="urn:sdmx:org.sdmx.infomodel.codelist.Code=IT1:CL_ETA(1.0).Y38">
          <Name xml:lang="it" xmlns="http://www.sdmx.org/resources/sdmxml/schemas/v2_1/common">38 anni</Name>
          <Name xml:lang="en" xmlns="http://www.sdmx.org/resources/sdmxml/schemas/v2_1/common">38 years</Name>
        </Code>
        <Code id="Y39" urn="urn:sdmx:org.sdmx.infomodel.codelist.Code=IT1:CL_ETA(1.0).Y39">
          <Name xml:lang="it" xmlns="http://www.sdmx.org/resources/sdmxml/schemas/v2_1/common">39 anni</Name>
          <Name xml:lang="en" xmlns="http://www.sdmx.org/resources/sdmxml/schemas/v2_1/common">39 years</Name>
        </Code>
        <Code id="Y40" urn="urn:sdmx:org.sdmx.infomodel.codelist.Code=IT1:CL_ETA(1.0).Y40">
          <Name xml:lang="it" xmlns="http://www.sdmx.org/resources/sdmxml/schemas/v2_1/common">40 anni</Name>
          <Name xml:lang="en" xmlns="http://www.sdmx.org/resources/sdmxml/schemas/v2_1/common">40 years</Name>
        </Code>
        <Code id="Y40-44" urn="urn:sdmx:org.sdmx.infomodel.codelist.Code=IT1:CL_ETA(1.0).Y40-44">
          <Name xml:lang="it" xmlns="http://www.sdmx.org/resources/sdmxml/schemas/v2_1/common">40-44 anni</Name>
          <Name xml:lang="en" xmlns="http://www.sdmx.org/resources/sdmxml/schemas/v2_1/common">40-44 years</Name>
        </Code>
        <Code id="Y40-49" urn="urn:sdmx:org.sdmx.infomodel.codelist.Code=IT1:CL_ETA(1.0).Y40-49">
          <Name xml:lang="it" xmlns="http://www.sdmx.org/resources/sdmxml/schemas/v2_1/common">40-49 anni</Name>
          <Name xml:lang="en" xmlns="http://www.sdmx.org/resources/sdmxml/schemas/v2_1/common">40-49 years</Name>
        </Code>
        <Code id="Y41" urn="urn:sdmx:org.sdmx.infomodel.codelist.Code=IT1:CL_ETA(1.0).Y41">
          <Name xml:lang="it" xmlns="http://www.sdmx.org/resources/sdmxml/schemas/v2_1/common">41 anni</Name>
          <Name xml:lang="en" xmlns="http://www.sdmx.org/resources/sdmxml/schemas/v2_1/common">41 years</Name>
        </Code>
        <Code id="Y42" urn="urn:sdmx:org.sdmx.infomodel.codelist.Code=IT1:CL_ETA(1.0).Y42">
          <Name xml:lang="it" xmlns="http://www.sdmx.org/resources/sdmxml/schemas/v2_1/common">42 anni</Name>
          <Name xml:lang="en" xmlns="http://www.sdmx.org/resources/sdmxml/schemas/v2_1/common">42 years</Name>
        </Code>
        <Code id="Y43" urn="urn:sdmx:org.sdmx.infomodel.codelist.Code=IT1:CL_ETA(1.0).Y43">
          <Name xml:lang="it" xmlns="http://www.sdmx.org/resources/sdmxml/schemas/v2_1/common">43 anni</Name>
          <Name xml:lang="en" xmlns="http://www.sdmx.org/resources/sdmxml/schemas/v2_1/common">43 years</Name>
        </Code>
        <Code id="Y44" urn="urn:sdmx:org.sdmx.infomodel.codelist.Code=IT1:CL_ETA(1.0).Y44">
          <Name xml:lang="it" xmlns="http://www.sdmx.org/resources/sdmxml/schemas/v2_1/common">44 anni</Name>
          <Name xml:lang="en" xmlns="http://www.sdmx.org/resources/sdmxml/schemas/v2_1/common">44 years</Name>
        </Code>
        <Code id="Y45" urn="urn:sdmx:org.sdmx.infomodel.codelist.Code=IT1:CL_ETA(1.0).Y45">
          <Name xml:lang="it" xmlns="http://www.sdmx.org/resources/sdmxml/schemas/v2_1/common">45 anni</Name>
          <Name xml:lang="en" xmlns="http://www.sdmx.org/resources/sdmxml/schemas/v2_1/common">45 years</Name>
        </Code>
        <Code id="Y_GE45" urn="urn:sdmx:org.sdmx.infomodel.codelist.Code=IT1:CL_ETA(1.0).Y_GE45">
          <Name xml:lang="it" xmlns="http://www.sdmx.org/resources/sdmxml/schemas/v2_1/common">45 anni e più</Name>
          <Name xml:lang="en" xmlns="http://www.sdmx.org/resources/sdmxml/schemas/v2_1/common">45 years and over</Name>
        </Code>
        <Code id="Y45-49" urn="urn:sdmx:org.sdmx.infomodel.codelist.Code=IT1:CL_ETA(1.0).Y45-49">
          <Name xml:lang="it" xmlns="http://www.sdmx.org/resources/sdmxml/schemas/v2_1/common">45-49 anni</Name>
          <Name xml:lang="en" xmlns="http://www.sdmx.org/resources/sdmxml/schemas/v2_1/common">45-49 years</Name>
        </Code>
        <Code id="Y45-54" urn="urn:sdmx:org.sdmx.infomodel.codelist.Code=IT1:CL_ETA(1.0).Y45-54">
          <Name xml:lang="it" xmlns="http://www.sdmx.org/resources/sdmxml/schemas/v2_1/common">45-54 anni</Name>
          <Name xml:lang="en" xmlns="http://www.sdmx.org/resources/sdmxml/schemas/v2_1/common">45-54 years</Name>
        </Code>
        <Code id="Y45-64" urn="urn:sdmx:org.sdmx.infomodel.codelist.Code=IT1:CL_ETA(1.0).Y45-64">
          <Name xml:lang="it" xmlns="http://www.sdmx.org/resources/sdmxml/schemas/v2_1/common">45-64 anni</Name>
          <Name xml:lang="en" xmlns="http://www.sdmx.org/resources/sdmxml/schemas/v2_1/common">45-64 years</Name>
        </Code>
        <Code id="Y46" urn="urn:sdmx:org.sdmx.infomodel.codelist.Code=IT1:CL_ETA(1.0).Y46">
          <Name xml:lang="it" xmlns="http://www.sdmx.org/resources/sdmxml/schemas/v2_1/common">46 anni</Name>
          <Name xml:lang="en" xmlns="http://www.sdmx.org/resources/sdmxml/schemas/v2_1/common">46 years</Name>
        </Code>
        <Code id="Y47" urn="urn:sdmx:org.sdmx.infomodel.codelist.Code=IT1:CL_ETA(1.0).Y47">
          <Name xml:lang="it" xmlns="http://www.sdmx.org/resources/sdmxml/schemas/v2_1/common">47 anni</Name>
          <Name xml:lang="en" xmlns="http://www.sdmx.org/resources/sdmxml/schemas/v2_1/common">47 years</Name>
        </Code>
        <Code id="Y48" urn="urn:sdmx:org.sdmx.infomodel.codelist.Code=IT1:CL_ETA(1.0).Y48">
          <Name xml:lang="it" xmlns="http://www.sdmx.org/resources/sdmxml/schemas/v2_1/common">48 anni</Name>
          <Name xml:lang="en" xmlns="http://www.sdmx.org/resources/sdmxml/schemas/v2_1/common">48 years</Name>
        </Code>
        <Code id="Y49" urn="urn:sdmx:org.sdmx.infomodel.codelist.Code=IT1:CL_ETA(1.0).Y49">
          <Name xml:lang="it" xmlns="http://www.sdmx.org/resources/sdmxml/schemas/v2_1/common">49 anni</Name>
          <Name xml:lang="en" xmlns="http://www.sdmx.org/resources/sdmxml/schemas/v2_1/common">49 years</Name>
        </Code>
        <Code id="Y50" urn="urn:sdmx:org.sdmx.infomodel.codelist.Code=IT1:CL_ETA(1.0).Y50">
          <Name xml:lang="it" xmlns="http://www.sdmx.org/resources/sdmxml/schemas/v2_1/common">50 anni</Name>
          <Name xml:lang="en" xmlns="http://www.sdmx.org/resources/sdmxml/schemas/v2_1/common">50 years</Name>
        </Code>
        <Code id="Y_GE50" urn="urn:sdmx:org.sdmx.infomodel.codelist.Code=IT1:CL_ETA(1.0).Y_GE50">
          <Name xml:lang="it" xmlns="http://www.sdmx.org/resources/sdmxml/schemas/v2_1/common">50 anni e più</Name>
          <Name xml:lang="en" xmlns="http://www.sdmx.org/resources/sdmxml/schemas/v2_1/common">50 years and over</Name>
        </Code>
        <Code id="Y50-54" urn="urn:sdmx:org.sdmx.infomodel.codelist.Code=IT1:CL_ETA(1.0).Y50-54">
          <Name xml:lang="it" xmlns="http://www.sdmx.org/resources/sdmxml/schemas/v2_1/common">50-54 anni</Name>
          <Name xml:lang="en" xmlns="http://www.sdmx.org/resources/sdmxml/schemas/v2_1/common">50-54 years</Name>
        </Code>
        <Code id="Y50-59" urn="urn:sdmx:org.sdmx.infomodel.codelist.Code=IT1:CL_ETA(1.0).Y50-59">
          <Name xml:lang="it" xmlns="http://www.sdmx.org/resources/sdmxml/schemas/v2_1/common">50-59 anni</Name>
          <Name xml:lang="en" xmlns="http://www.sdmx.org/resources/sdmxml/schemas/v2_1/common">50-59 years</Name>
        </Code>
        <Code id="Y50-64" urn="urn:sdmx:org.sdmx.infomodel.codelist.Code=IT1:CL_ETA(1.0).Y50-64">
          <Name xml:lang="it" xmlns="http://www.sdmx.org/resources/sdmxml/schemas/v2_1/common">50-64 anni</Name>
          <Name xml:lang="en" xmlns="http://www.sdmx.org/resources/sdmxml/schemas/v2_1/common">50-64 years</Name>
        </Code>
        <Code id="Y51" urn="urn:sdmx:org.sdmx.infomodel.codelist.Code=IT1:CL_ETA(1.0).Y51">
          <Name xml:lang="it" xmlns="http://www.sdmx.org/resources/sdmxml/schemas/v2_1/common">51 anni</Name>
          <Name xml:lang="en" xmlns="http://www.sdmx.org/resources/sdmxml/schemas/v2_1/common">51 years</Name>
        </Code>
        <Code id="Y52" urn="urn:sdmx:org.sdmx.infomodel.codelist.Code=IT1:CL_ETA(1.0).Y52">
          <Name xml:lang="it" xmlns="http://www.sdmx.org/resources/sdmxml/schemas/v2_1/common">52 anni</Name>
          <Name xml:lang="en" xmlns="http://www.sdmx.org/resources/sdmxml/schemas/v2_1/common">52 years</Name>
        </Code>
        <Code id="Y53" urn="urn:sdmx:org.sdmx.infomodel.codelist.Code=IT1:CL_ETA(1.0).Y53">
          <Name xml:lang="it" xmlns="http://www.sdmx.org/resources/sdmxml/schemas/v2_1/common">53 anni</Name>
          <Name xml:lang="en" xmlns="http://www.sdmx.org/resources/sdmxml/schemas/v2_1/common">53 years</Name>
        </Code>
        <Code id="Y54" urn="urn:sdmx:org.sdmx.infomodel.codelist.Code=IT1:CL_ETA(1.0).Y54">
          <Name xml:lang="it" xmlns="http://www.sdmx.org/resources/sdmxml/schemas/v2_1/common">54 anni</Name>
          <Name xml:lang="en" xmlns="http://www.sdmx.org/resources/sdmxml/schemas/v2_1/common">54 years</Name>
        </Code>
        <Code id="Y55" urn="urn:sdmx:org.sdmx.infomodel.codelist.Code=IT1:CL_ETA(1.0).Y55">
          <Name xml:lang="it" xmlns="http://www.sdmx.org/resources/sdmxml/schemas/v2_1/common">55 anni</Name>
          <Name xml:lang="en" xmlns="http://www.sdmx.org/resources/sdmxml/schemas/v2_1/common">55 years</Name>
        </Code>
        <Code id="Y_GE55" urn="urn:sdmx:org.sdmx.infomodel.codelist.Code=IT1:CL_ETA(1.0).Y_GE55">
          <Name xml:lang="it" xmlns="http://www.sdmx.org/resources/sdmxml/schemas/v2_1/common">55 anni e più</Name>
          <Name xml:lang="en" xmlns="http://www.sdmx.org/resources/sdmxml/schemas/v2_1/common">55 years and over</Name>
        </Code>
        <Code id="Y55-59" urn="urn:sdmx:org.sdmx.infomodel.codelist.Code=IT1:CL_ETA(1.0).Y55-59">
          <Name xml:lang="it" xmlns="http://www.sdmx.org/resources/sdmxml/schemas/v2_1/common">55-59 anni</Name>
          <Name xml:lang="en" xmlns="http://www.sdmx.org/resources/sdmxml/schemas/v2_1/common">55-59 years</Name>
        </Code>
        <Code id="Y55-64" urn="urn:sdmx:org.sdmx.infomodel.codelist.Code=IT1:CL_ETA(1.0).Y55-64">
          <Name xml:lang="it" xmlns="http://www.sdmx.org/resources/sdmxml/schemas/v2_1/common">55-64 anni</Name>
          <Name xml:lang="en" xmlns="http://www.sdmx.org/resources/sdmxml/schemas/v2_1/common">55-64 years</Name>
        </Code>
        <Code id="Y56" urn="urn:sdmx:org.sdmx.infomodel.codelist.Code=IT1:CL_ETA(1.0).Y56">
          <Name xml:lang="it" xmlns="http://www.sdmx.org/resources/sdmxml/schemas/v2_1/common">56 anni</Name>
          <Name xml:lang="en" xmlns="http://www.sdmx.org/resources/sdmxml/schemas/v2_1/common">56 years</Name>
        </Code>
        <Code id="Y57" urn="urn:sdmx:org.sdmx.infomodel.codelist.Code=IT1:CL_ETA(1.0).Y57">
          <Name xml:lang="it" xmlns="http://www.sdmx.org/resources/sdmxml/schemas/v2_1/common">57 anni</Name>
          <Name xml:lang="en" xmlns="http://www.sdmx.org/resources/sdmxml/schemas/v2_1/common">57 years</Name>
        </Code>
        <Code id="Y58" urn="urn:sdmx:org.sdmx.infomodel.codelist.Code=IT1:CL_ETA(1.0).Y58">
          <Name xml:lang="it" xmlns="http://www.sdmx.org/resources/sdmxml/schemas/v2_1/common">58 anni</Name>
          <Name xml:lang="en" xmlns="http://www.sdmx.org/resources/sdmxml/schemas/v2_1/common">58 years</Name>
        </Code>
        <Code id="Y59" urn="urn:sdmx:org.sdmx.infomodel.codelist.Code=IT1:CL_ETA(1.0).Y59">
          <Name xml:lang="it" xmlns="http://www.sdmx.org/resources/sdmxml/schemas/v2_1/common">59 anni</Name>
          <Name xml:lang="en" xmlns="http://www.sdmx.org/resources/sdmxml/schemas/v2_1/common">59 years</Name>
        </Code>
        <Code id="Y60" urn="urn:sdmx:org.sdmx.infomodel.codelist.Code=IT1:CL_ETA(1.0).Y60">
          <Name xml:lang="it" xmlns="http://www.sdmx.org/resources/sdmxml/schemas/v2_1/common">60 anni</Name>
          <Name xml:lang="en" xmlns="http://www.sdmx.org/resources/sdmxml/schemas/v2_1/common">60 years</Name>
        </Code>
        <Code id="Y_GE60" urn="urn:sdmx:org.sdmx.infomodel.codelist.Code=IT1:CL_ETA(1.0).Y_GE60">
          <Name xml:lang="it" xmlns="http://www.sdmx.org/resources/sdmxml/schemas/v2_1/common">60 anni e più</Name>
          <Name xml:lang="en" xmlns="http://www.sdmx.org/resources/sdmxml/schemas/v2_1/common">60 years and over</Name>
        </Code>
        <Code id="Y60-64" urn="urn:sdmx:org.sdmx.infomodel.codelist.Code=IT1:CL_ETA(1.0).Y60-64">
          <Name xml:lang="it" xmlns="http://www.sdmx.org/resources/sdmxml/schemas/v2_1/common">60-64 anni</Name>
          <Name xml:lang="en" xmlns="http://www.sdmx.org/resources/sdmxml/schemas/v2_1/common">60-64 years</Name>
        </Code>
        <Code id="Y61" urn="urn:sdmx:org.sdmx.infomodel.codelist.Code=IT1:CL_ETA(1.0).Y61">
          <Name xml:lang="it" xmlns="http://www.sdmx.org/resources/sdmxml/schemas/v2_1/common">61 anni</Name>
          <Name xml:lang="en" xmlns="http://www.sdmx.org/resources/sdmxml/schemas/v2_1/common">61 years</Name>
        </Code>
        <Code id="Y62" urn="urn:sdmx:org.sdmx.infomodel.codelist.Code=IT1:CL_ETA(1.0).Y62">
          <Name xml:lang="it" xmlns="http://www.sdmx.org/resources/sdmxml/schemas/v2_1/common">62 anni</Name>
          <Name xml:lang="en" xmlns="http://www.sdmx.org/resources/sdmxml/schemas/v2_1/common">62 years</Name>
        </Code>
        <Code id="Y63" urn="urn:sdmx:org.sdmx.infomodel.codelist.Code=IT1:CL_ETA(1.0).Y63">
          <Name xml:lang="it" xmlns="http://www.sdmx.org/resources/sdmxml/schemas/v2_1/common">63 anni</Name>
          <Name xml:lang="en" xmlns="http://www.sdmx.org/resources/sdmxml/schemas/v2_1/common">63 years</Name>
        </Code>
        <Code id="Y64" urn="urn:sdmx:org.sdmx.infomodel.codelist.Code=IT1:CL_ETA(1.0).Y64">
          <Name xml:lang="it" xmlns="http://www.sdmx.org/resources/sdmxml/schemas/v2_1/common">64 anni</Name>
          <Name xml:lang="en" xmlns="http://www.sdmx.org/resources/sdmxml/schemas/v2_1/common">64 years</Name>
        </Code>
        <Code id="Y65" urn="urn:sdmx:org.sdmx.infomodel.codelist.Code=IT1:CL_ETA(1.0).Y65">
          <Name xml:lang="it" xmlns="http://www.sdmx.org/resources/sdmxml/schemas/v2_1/common">65 anni</Name>
          <Name xml:lang="en" xmlns="http://www.sdmx.org/resources/sdmxml/schemas/v2_1/common">65 years</Name>
        </Code>
        <Code id="Y_GE65" urn="urn:sdmx:org.sdmx.infomodel.codelist.Code=IT1:CL_ETA(1.0).Y_GE65">
          <Name xml:lang="it" xmlns="http://www.sdmx.org/resources/sdmxml/schemas/v2_1/common">65 anni e più</Name>
          <Name xml:lang="en" xmlns="http://www.sdmx.org/resources/sdmxml/schemas/v2_1/common">65 years and over</Name>
        </Code>
        <Code id="Y65-69" urn="urn:sdmx:org.sdmx.infomodel.codelist.Code=IT1:CL_ETA(1.0).Y65-69">
          <Name xml:lang="it" xmlns="http://www.sdmx.org/resources/sdmxml/schemas/v2_1/common">65-69 anni</Name>
          <Name xml:lang="en" xmlns="http://www.sdmx.org/resources/sdmxml/schemas/v2_1/common">65-69 years</Name>
        </Code>
        <Code id="Y65-74" urn="urn:sdmx:org.sdmx.infomodel.codelist.Code=IT1:CL_ETA(1.0).Y65-74">
          <Name xml:lang="it" xmlns="http://www.sdmx.org/resources/sdmxml/schemas/v2_1/common">65-74 anni</Name>
          <Name xml:lang="en" xmlns="http://www.sdmx.org/resources/sdmxml/schemas/v2_1/common">65-74 years</Name>
        </Code>
        <Code id="Y66" urn="urn:sdmx:org.sdmx.infomodel.codelist.Code=IT1:CL_ETA(1.0).Y66">
          <Name xml:lang="it" xmlns="http://www.sdmx.org/resources/sdmxml/schemas/v2_1/common">66 anni</Name>
          <Name xml:lang="en" xmlns="http://www.sdmx.org/resources/sdmxml/schemas/v2_1/common">66 years</Name>
        </Code>
        <Code id="Y67" urn="urn:sdmx:org.sdmx.infomodel.codelist.Code=IT1:CL_ETA(1.0).Y67">
          <Name xml:lang="it" xmlns="http://www.sdmx.org/resources/sdmxml/schemas/v2_1/common">67 anni</Name>
          <Name xml:lang="en" xmlns="http://www.sdmx.org/resources/sdmxml/schemas/v2_1/common">67 years</Name>
        </Code>
        <Code id="Y68" urn="urn:sdmx:org.sdmx.infomodel.codelist.Code=IT1:CL_ETA(1.0).Y68">
          <Name xml:lang="it" xmlns="http://www.sdmx.org/resources/sdmxml/schemas/v2_1/common">68 anni</Name>
          <Name xml:lang="en" xmlns="http://www.sdmx.org/resources/sdmxml/schemas/v2_1/common">68 years</Name>
        </Code>
        <Code id="Y69" urn="urn:sdmx:org.sdmx.infomodel.codelist.Code=IT1:CL_ETA(1.0).Y69">
          <Name xml:lang="it" xmlns="http://www.sdmx.org/resources/sdmxml/schemas/v2_1/common">69 anni</Name>
          <Name xml:lang="en" xmlns="http://www.sdmx.org/resources/sdmxml/schemas/v2_1/common">69 years</Name>
        </Code>
        <Code id="Y70" urn="urn:sdmx:org.sdmx.infomodel.codelist.Code=IT1:CL_ETA(1.0).Y70">
          <Name xml:lang="it" xmlns="http://www.sdmx.org/resources/sdmxml/schemas/v2_1/common">70 anni</Name>
          <Name xml:lang="en" xmlns="http://www.sdmx.org/resources/sdmxml/schemas/v2_1/common">70 years</Name>
        </Code>
        <Code id="Y70-74" urn="urn:sdmx:org.sdmx.infomodel.codelist.Code=IT1:CL_ETA(1.0).Y70-74">
          <Name xml:lang="it" xmlns="http://www.sdmx.org/resources/sdmxml/schemas/v2_1/common">70-74 anni</Name>
          <Name xml:lang="en" xmlns="http://www.sdmx.org/resources/sdmxml/schemas/v2_1/common">70-74 years</Name>
        </Code>
        <Code id="Y71" urn="urn:sdmx:org.sdmx.infomodel.codelist.Code=IT1:CL_ETA(1.0).Y71">
          <Name xml:lang="it" xmlns="http://www.sdmx.org/resources/sdmxml/schemas/v2_1/common">71 anni</Name>
          <Name xml:lang="en" xmlns="http://www.sdmx.org/resources/sdmxml/schemas/v2_1/common">71 years</Name>
        </Code>
        <Code id="Y72" urn="urn:sdmx:org.sdmx.infomodel.codelist.Code=IT1:CL_ETA(1.0).Y72">
          <Name xml:lang="it" xmlns="http://www.sdmx.org/resources/sdmxml/schemas/v2_1/common">72 anni</Name>
          <Name xml:lang="en" xmlns="http://www.sdmx.org/resources/sdmxml/schemas/v2_1/common">72 years</Name>
        </Code>
        <Code id="Y73" urn="urn:sdmx:org.sdmx.infomodel.codelist.Code=IT1:CL_ETA(1.0).Y73">
          <Name xml:lang="it" xmlns="http://www.sdmx.org/resources/sdmxml/schemas/v2_1/common">73 anni</Name>
          <Name xml:lang="en" xmlns="http://www.sdmx.org/resources/sdmxml/schemas/v2_1/common">73 years</Name>
        </Code>
        <Code id="Y74" urn="urn:sdmx:org.sdmx.infomodel.codelist.Code=IT1:CL_ETA(1.0).Y74">
          <Name xml:lang="it" xmlns="http://www.sdmx.org/resources/sdmxml/schemas/v2_1/common">74 anni</Name>
          <Name xml:lang="en" xmlns="http://www.sdmx.org/resources/sdmxml/schemas/v2_1/common">74 years</Name>
        </Code>
        <Code id="Y75" urn="urn:sdmx:org.sdmx.infomodel.codelist.Code=IT1:CL_ETA(1.0).Y75">
          <Name xml:lang="it" xmlns="http://www.sdmx.org/resources/sdmxml/schemas/v2_1/common">75 anni</Name>
          <Name xml:lang="en" xmlns="http://www.sdmx.org/resources/sdmxml/schemas/v2_1/common">75 years</Name>
        </Code>
        <Code id="Y_GE75" urn="urn:sdmx:org.sdmx.infomodel.codelist.Code=IT1:CL_ETA(1.0).Y_GE75">
          <Name xml:lang="it" xmlns="http://www.sdmx.org/resources/sdmxml/schemas/v2_1/common">75 anni e più</Name>
          <Name xml:lang="en" xmlns="http://www.sdmx.org/resources/sdmxml/schemas/v2_1/common">75 years and over</Name>
        </Code>
        <Code id="Y75-79" urn="urn:sdmx:org.sdmx.infomodel.codelist.Code=IT1:CL_ETA(1.0).Y75-79">
          <Name xml:lang="it" xmlns="http://www.sdmx.org/resources/sdmxml/schemas/v2_1/common">75-79 anni</Name>
          <Name xml:lang="en" xmlns="http://www.sdmx.org/resources/sdmxml/schemas/v2_1/common">75-79 years</Name>
        </Code>
        <Code id="Y76" urn="urn:sdmx:org.sdmx.infomodel.codelist.Code=IT1:CL_ETA(1.0).Y76">
          <Name xml:lang="it" xmlns="http://www.sdmx.org/resources/sdmxml/schemas/v2_1/common">76 anni</Name>
          <Name xml:lang="en" xmlns="http://www.sdmx.org/resources/sdmxml/schemas/v2_1/common">76 years</Name>
        </Code>
        <Code id="Y_GE76" urn="urn:sdmx:org.sdmx.infomodel.codelist.Code=IT1:CL_ETA(1.0).Y_GE76">
          <Name xml:lang="it" xmlns="http://www.sdmx.org/resources/sdmxml/schemas/v2_1/common">76 anni e più</Name>
          <Name xml:lang="en" xmlns="http://www.sdmx.org/resources/sdmxml/schemas/v2_1/common">76 years and over</Name>
        </Code>
        <Code id="Y77" urn="urn:sdmx:org.sdmx.infomodel.codelist.Code=IT1:CL_ETA(1.0).Y77">
          <Name xml:lang="it" xmlns="http://www.sdmx.org/resources/sdmxml/schemas/v2_1/common">77 anni</Name>
          <Name xml:lang="en" xmlns="http://www.sdmx.org/resources/sdmxml/schemas/v2_1/common">77 years</Name>
        </Code>
        <Code id="Y78" urn="urn:sdmx:org.sdmx.infomodel.codelist.Code=IT1:CL_ETA(1.0).Y78">
          <Name xml:lang="it" xmlns="http://www.sdmx.org/resources/sdmxml/schemas/v2_1/common">78 anni</Name>
          <Name xml:lang="en" xmlns="http://www.sdmx.org/resources/sdmxml/schemas/v2_1/common">78 years</Name>
        </Code>
        <Code id="Y79" urn="urn:sdmx:org.sdmx.infomodel.codelist.Code=IT1:CL_ETA(1.0).Y79">
          <Name xml:lang="it" xmlns="http://www.sdmx.org/resources/sdmxml/schemas/v2_1/common">79 anni</Name>
          <Name xml:lang="en" xmlns="http://www.sdmx.org/resources/sdmxml/schemas/v2_1/common">79 years</Name>
        </Code>
        <Code id="Y80" urn="urn:sdmx:org.sdmx.infomodel.codelist.Code=IT1:CL_ETA(1.0).Y80">
          <Name xml:lang="it" xmlns="http://www.sdmx.org/resources/sdmxml/schemas/v2_1/common">80 anni</Name>
          <Name xml:lang="en" xmlns="http://www.sdmx.org/resources/sdmxml/schemas/v2_1/common">80 years</Name>
        </Code>
        <Code id="Y_GE80" urn="urn:sdmx:org.sdmx.infomodel.codelist.Code=IT1:CL_ETA(1.0).Y_GE80">
          <Name xml:lang="it" xmlns="http://www.sdmx.org/resources/sdmxml/schemas/v2_1/common">80 anni e più</Name>
          <Name xml:lang="en" xmlns="http://www.sdmx.org/resources/sdmxml/schemas/v2_1/common">80 years and over</Name>
        </Code>
        <Code id="Y80-84" urn="urn:sdmx:org.sdmx.infomodel.codelist.Code=IT1:CL_ETA(1.0).Y80-84">
          <Name xml:lang="it" xmlns="http://www.sdmx.org/resources/sdmxml/schemas/v2_1/common">80-84 anni</Name>
          <Name xml:lang="en" xmlns="http://www.sdmx.org/resources/sdmxml/schemas/v2_1/common">80-84 years</Name>
        </Code>
        <Code id="Y81" urn="urn:sdmx:org.sdmx.infomodel.codelist.Code=IT1:CL_ETA(1.0).Y81">
          <Name xml:lang="it" xmlns="http://www.sdmx.org/resources/sdmxml/schemas/v2_1/common">81 anni</Name>
          <Name xml:lang="en" xmlns="http://www.sdmx.org/resources/sdmxml/schemas/v2_1/common">81 years</Name>
        </Code>
        <Code id="Y82" urn="urn:sdmx:org.sdmx.infomodel.codelist.Code=IT1:CL_ETA(1.0).Y82">
          <Name xml:lang="it" xmlns="http://www.sdmx.org/resources/sdmxml/schemas/v2_1/common">82 anni</Name>
          <Name xml:lang="en" xmlns="http://www.sdmx.org/resources/sdmxml/schemas/v2_1/common">82 years</Name>
        </Code>
        <Code id="Y83" urn="urn:sdmx:org.sdmx.infomodel.codelist.Code=IT1:CL_ETA(1.0).Y83">
          <Name xml:lang="it" xmlns="http://www.sdmx.org/resources/sdmxml/schemas/v2_1/common">83 anni</Name>
          <Name xml:lang="en" xmlns="http://www.sdmx.org/resources/sdmxml/schemas/v2_1/common">83 years</Name>
        </Code>
        <Code id="Y84" urn="urn:sdmx:org.sdmx.infomodel.codelist.Code=IT1:CL_ETA(1.0).Y84">
          <Name xml:lang="it" xmlns="http://www.sdmx.org/resources/sdmxml/schemas/v2_1/common">84 anni</Name>
          <Name xml:lang="en" xmlns="http://www.sdmx.org/resources/sdmxml/schemas/v2_1/common">84 years</Name>
        </Code>
        <Code id="Y85" urn="urn:sdmx:org.sdmx.infomodel.codelist.Code=IT1:CL_ETA(1.0).Y85">
          <Name xml:lang="it" xmlns="http://www.sdmx.org/resources/sdmxml/schemas/v2_1/common">85 anni</Name>
          <Name xml:lang="en" xmlns="http://www.sdmx.org/resources/sdmxml/schemas/v2_1/common">85 years</Name>
        </Code>
        <Code id="Y_GE85" urn="urn:sdmx:org.sdmx.infomodel.codelist.Code=IT1:CL_ETA(1.0).Y_GE85">
          <Name xml:lang="it" xmlns="http://www.sdmx.org/resources/sdmxml/schemas/v2_1/common">85 anni e più</Name>
          <Name xml:lang="en" xmlns="http://www.sdmx.org/resources/sdmxml/schemas/v2_1/common">85 years and over</Name>
        </Code>
        <Code id="Y85-89" urn="urn:sdmx:org.sdmx.infomodel.codelist.Code=IT1:CL_ETA(1.0).Y85-89">
          <Name xml:lang="it" xmlns="http://www.sdmx.org/resources/sdmxml/schemas/v2_1/common">85-89 anni</Name>
          <Name xml:lang="en" xmlns="http://www.sdmx.org/resources/sdmxml/schemas/v2_1/common">85-89 years</Name>
        </Code>
        <Code id="Y86" urn="urn:sdmx:org.sdmx.infomodel.codelist.Code=IT1:CL_ETA(1.0).Y86">
          <Name xml:lang="it" xmlns="http://www.sdmx.org/resources/sdmxml/schemas/v2_1/common">86 anni</Name>
          <Name xml:lang="en" xmlns="http://www.sdmx.org/resources/sdmxml/schemas/v2_1/common">86 years</Name>
        </Code>
        <Code id="Y87" urn="urn:sdmx:org.sdmx.infomodel.codelist.Code=IT1:CL_ETA(1.0).Y87">
          <Name xml:lang="it" xmlns="http://www.sdmx.org/resources/sdmxml/schemas/v2_1/common">87 anni</Name>
          <Name xml:lang="en" xmlns="http://www.sdmx.org/resources/sdmxml/schemas/v2_1/common">87 years</Name>
        </Code>
        <Code id="Y88" urn="urn:sdmx:org.sdmx.infomodel.codelist.Code=IT1:CL_ETA(1.0).Y88">
          <Name xml:lang="it" xmlns="http://www.sdmx.org/resources/sdmxml/schemas/v2_1/common">88 anni</Name>
          <Name xml:lang="en" xmlns="http://www.sdmx.org/resources/sdmxml/schemas/v2_1/common">88 years</Name>
        </Code>
        <Code id="Y89" urn="urn:sdmx:org.sdmx.infomodel.codelist.Code=IT1:CL_ETA(1.0).Y89">
          <Name xml:lang="it" xmlns="http://www.sdmx.org/resources/sdmxml/schemas/v2_1/common">89 anni</Name>
          <Name xml:lang="en" xmlns="http://www.sdmx.org/resources/sdmxml/schemas/v2_1/common">89 years</Name>
        </Code>
        <Code id="Y90" urn="urn:sdmx:org.sdmx.infomodel.codelist.Code=IT1:CL_ETA(1.0).Y90">
          <Name xml:lang="it" xmlns="http://www.sdmx.org/resources/sdmxml/schemas/v2_1/common">90 anni</Name>
          <Name xml:lang="en" xmlns="http://www.sdmx.org/resources/sdmxml/schemas/v2_1/common">90 years</Name>
        </Code>
        <Code id="Y90-94" urn="urn:sdmx:org.sdmx.infomodel.codelist.Code=IT1:CL_ETA(1.0).Y90-94">
          <Name xml:lang="it" xmlns="http://www.sdmx.org/resources/sdmxml/schemas/v2_1/common">90-94 anni</Name>
          <Name xml:lang="en" xmlns="http://www.sdmx.org/resources/sdmxml/schemas/v2_1/common">90-94 years</Name>
        </Code>
        <Code id="Y91" urn="urn:sdmx:org.sdmx.infomodel.codelist.Code=IT1:CL_ETA(1.0).Y91">
          <Name xml:lang="it" xmlns="http://www.sdmx.org/resources/sdmxml/schemas/v2_1/common">91 anni</Name>
          <Name xml:lang="en" xmlns="http://www.sdmx.org/resources/sdmxml/schemas/v2_1/common">91 years</Name>
        </Code>
        <Code id="Y92" urn="urn:sdmx:org.sdmx.infomodel.codelist.Code=IT1:CL_ETA(1.0).Y92">
          <Name xml:lang="it" xmlns="http://www.sdmx.org/resources/sdmxml/schemas/v2_1/common">92 anni</Name>
          <Name xml:lang="en" xmlns="http://www.sdmx.org/resources/sdmxml/schemas/v2_1/common">92 years</Name>
        </Code>
        <Code id="Y93" urn="urn:sdmx:org.sdmx.infomodel.codelist.Code=IT1:CL_ETA(1.0).Y93">
          <Name xml:lang="it" xmlns="http://www.sdmx.org/resources/sdmxml/schemas/v2_1/common">93 anni</Name>
          <Name xml:lang="en" xmlns="http://www.sdmx.org/resources/sdmxml/schemas/v2_1/common">93 years</Name>
        </Code>
        <Code id="Y94" urn="urn:sdmx:org.sdmx.infomodel.codelist.Code=IT1:CL_ETA(1.0).Y94">
          <Name xml:lang="it" xmlns="http://www.sdmx.org/resources/sdmxml/schemas/v2_1/common">94 anni</Name>
          <Name xml:lang="en" xmlns="http://www.sdmx.org/resources/sdmxml/schemas/v2_1/common">94 years</Name>
        </Code>
        <Code id="Y95" urn="urn:sdmx:org.sdmx.infomodel.codelist.Code=IT1:CL_ETA(1.0).Y95">
          <Name xml:lang="it" xmlns="http://www.sdmx.org/resources/sdmxml/schemas/v2_1/common">95 anni</Name>
          <Name xml:lang="en" xmlns="http://www.sdmx.org/resources/sdmxml/schemas/v2_1/common">95 years</Name>
        </Code>
        <Code id="Y_GE95" urn="urn:sdmx:org.sdmx.infomodel.codelist.Code=IT1:CL_ETA(1.0).Y_GE95">
          <Name xml:lang="it" xmlns="http://www.sdmx.org/resources/sdmxml/schemas/v2_1/common">95 anni e più</Name>
          <Name xml:lang="en" xmlns="http://www.sdmx.org/resources/sdmxml/schemas/v2_1/common">95 years and over</Name>
        </Code>
        <Code id="Y95-99" urn="urn:sdmx:org.sdmx.infomodel.codelist.Code=IT1:CL_ETA(1.0).Y95-99">
          <Name xml:lang="it" xmlns="http://www.sdmx.org/resources/sdmxml/schemas/v2_1/common">95-99 anni</Name>
          <Name xml:lang="en" xmlns="http://www.sdmx.org/resources/sdmxml/schemas/v2_1/common">95-99 years</Name>
        </Code>
        <Code id="Y96" urn="urn:sdmx:org.sdmx.infomodel.codelist.Code=IT1:CL_ETA(1.0).Y96">
          <Name xml:lang="it" xmlns="http://www.sdmx.org/resources/sdmxml/schemas/v2_1/common">96 anni</Name>
          <Name xml:lang="en" xmlns="http://www.sdmx.org/resources/sdmxml/schemas/v2_1/common">96 years</Name>
        </Code>
        <Code id="Y97" urn="urn:sdmx:org.sdmx.infomodel.codelist.Code=IT1:CL_ETA(1.0).Y97">
          <Name xml:lang="it" xmlns="http://www.sdmx.org/resources/sdmxml/schemas/v2_1/common">97 anni</Name>
          <Name xml:lang="en" xmlns="http://www.sdmx.org/resources/sdmxml/schemas/v2_1/common">97 years</Name>
        </Code>
        <Code id="Y98" urn="urn:sdmx:org.sdmx.infomodel.codelist.Code=IT1:CL_ETA(1.0).Y98">
          <Name xml:lang="it" xmlns="http://www.sdmx.org/resources/sdmxml/schemas/v2_1/common">98 anni</Name>
          <Name xml:lang="en" xmlns="http://www.sdmx.org/resources/sdmxml/schemas/v2_1/common">98 years</Name>
        </Code>
        <Code id="Y99" urn="urn:sdmx:org.sdmx.infomodel.codelist.Code=IT1:CL_ETA(1.0).Y99">
          <Name xml:lang="it" xmlns="http://www.sdmx.org/resources/sdmxml/schemas/v2_1/common">99 anni</Name>
          <Name xml:lang="en" xmlns="http://www.sdmx.org/resources/sdmxml/schemas/v2_1/common">99 years</Name>
        </Code>
        <Code id="Y100" urn="urn:sdmx:org.sdmx.infomodel.codelist.Code=IT1:CL_ETA(1.0).Y100">
          <Name xml:lang="it" xmlns="http://www.sdmx.org/resources/sdmxml/schemas/v2_1/common">100 anni</Name>
          <Name xml:lang="en" xmlns="http://www.sdmx.org/resources/sdmxml/schemas/v2_1/common">100 years</Name>
        </Code>
        <Code id="Y_GE100" urn="urn:sdmx:org.sdmx.infomodel.codelist.Code=IT1:CL_ETA(1.0).Y_GE100">
          <Name xml:lang="it" xmlns="http://www.sdmx.org/resources/sdmxml/schemas/v2_1/common">100 anni e più</Name>
          <Name xml:lang="en" xmlns="http://www.sdmx.org/resources/sdmxml/schemas/v2_1/common">100 years and over</Name>
        </Code>
        <Code id="Y100-104" urn="urn:sdmx:org.sdmx.infomodel.codelist.Code=IT1:CL_ETA(1.0).Y100-104">
          <Name xml:lang="it" xmlns="http://www.sdmx.org/resources/sdmxml/schemas/v2_1/common">100-104 anni</Name>
          <Name xml:lang="en" xmlns="http://www.sdmx.org/resources/sdmxml/schemas/v2_1/common">100-104 years</Name>
        </Code>
        <Code id="Y101" urn="urn:sdmx:org.sdmx.infomodel.codelist.Code=IT1:CL_ETA(1.0).Y101">
          <Name xml:lang="it" xmlns="http://www.sdmx.org/resources/sdmxml/schemas/v2_1/common">101 anni</Name>
          <Name xml:lang="en" xmlns="http://www.sdmx.org/resources/sdmxml/schemas/v2_1/common">101 years</Name>
        </Code>
        <Code id="Y102" urn="urn:sdmx:org.sdmx.infomodel.codelist.Code=IT1:CL_ETA(1.0).Y102">
          <Name xml:lang="it" xmlns="http://www.sdmx.org/resources/sdmxml/schemas/v2_1/common">102 anni</Name>
          <Name xml:lang="en" xmlns="http://www.sdmx.org/resources/sdmxml/schemas/v2_1/common">102 years</Name>
        </Code>
        <Code id="Y103" urn="urn:sdmx:org.sdmx.infomodel.codelist.Code=IT1:CL_ETA(1.0).Y103">
          <Name xml:lang="it" xmlns="http://www.sdmx.org/resources/sdmxml/schemas/v2_1/common">103 anni</Name>
          <Name xml:lang="en" xmlns="http://www.sdmx.org/resources/sdmxml/schemas/v2_1/common">103 years</Name>
        </Code>
        <Code id="Y104" urn="urn:sdmx:org.sdmx.infomodel.codelist.Code=IT1:CL_ETA(1.0).Y104">
          <Name xml:lang="it" xmlns="http://www.sdmx.org/resources/sdmxml/schemas/v2_1/common">104 anni</Name>
          <Name xml:lang="en" xmlns="http://www.sdmx.org/resources/sdmxml/schemas/v2_1/common">104 years</Name>
        </Code>
        <Code id="Y105" urn="urn:sdmx:org.sdmx.infomodel.codelist.Code=IT1:CL_ETA(1.0).Y105">
          <Name xml:lang="it" xmlns="http://www.sdmx.org/resources/sdmxml/schemas/v2_1/common">105 anni</Name>
          <Name xml:lang="en" xmlns="http://www.sdmx.org/resources/sdmxml/schemas/v2_1/common">105 years</Name>
        </Code>
        <Code id="Y105-109" urn="urn:sdmx:org.sdmx.infomodel.codelist.Code=IT1:CL_ETA(1.0).Y105-109">
          <Name xml:lang="it" xmlns="http://www.sdmx.org/resources/sdmxml/schemas/v2_1/common">105-109 anni</Name>
          <Name xml:lang="en" xmlns="http://www.sdmx.org/resources/sdmxml/schemas/v2_1/common">105-109 years</Name>
        </Code>
        <Code id="Y106" urn="urn:sdmx:org.sdmx.infomodel.codelist.Code=IT1:CL_ETA(1.0).Y106">
          <Name xml:lang="it" xmlns="http://www.sdmx.org/resources/sdmxml/schemas/v2_1/common">106 anni</Name>
          <Name xml:lang="en" xmlns="http://www.sdmx.org/resources/sdmxml/schemas/v2_1/common">106 years</Name>
        </Code>
        <Code id="Y107" urn="urn:sdmx:org.sdmx.infomodel.codelist.Code=IT1:CL_ETA(1.0).Y107">
          <Name xml:lang="it" xmlns="http://www.sdmx.org/resources/sdmxml/schemas/v2_1/common">107 anni</Name>
          <Name xml:lang="en" xmlns="http://www.sdmx.org/resources/sdmxml/schemas/v2_1/common">107 years</Name>
        </Code>
        <Code id="Y108" urn="urn:sdmx:org.sdmx.infomodel.codelist.Code=IT1:CL_ETA(1.0).Y108">
          <Name xml:lang="it" xmlns="http://www.sdmx.org/resources/sdmxml/schemas/v2_1/common">108 anni</Name>
          <Name xml:lang="en" xmlns="http://www.sdmx.org/resources/sdmxml/schemas/v2_1/common">108 years</Name>
        </Code>
        <Code id="Y109" urn="urn:sdmx:org.sdmx.infomodel.codelist.Code=IT1:CL_ETA(1.0).Y109">
          <Name xml:lang="it" xmlns="http://www.sdmx.org/resources/sdmxml/schemas/v2_1/common">109 anni</Name>
          <Name xml:lang="en" xmlns="http://www.sdmx.org/resources/sdmxml/schemas/v2_1/common">109 years</Name>
        </Code>
        <Code id="Y110" urn="urn:sdmx:org.sdmx.infomodel.codelist.Code=IT1:CL_ETA(1.0).Y110">
          <Name xml:lang="it" xmlns="http://www.sdmx.org/resources/sdmxml/schemas/v2_1/common">110 anni</Name>
          <Name xml:lang="en" xmlns="http://www.sdmx.org/resources/sdmxml/schemas/v2_1/common">110 years</Name>
        </Code>
        <Code id="Y110-114" urn="urn:sdmx:org.sdmx.infomodel.codelist.Code=IT1:CL_ETA(1.0).Y110-114">
          <Name xml:lang="it" xmlns="http://www.sdmx.org/resources/sdmxml/schemas/v2_1/common">110-114 anni</Name>
          <Name xml:lang="en" xmlns="http://www.sdmx.org/resources/sdmxml/schemas/v2_1/common">110-114 years</Name>
        </Code>
        <Code id="Y111" urn="urn:sdmx:org.sdmx.infomodel.codelist.Code=IT1:CL_ETA(1.0).Y111">
          <Name xml:lang="it" xmlns="http://www.sdmx.org/resources/sdmxml/schemas/v2_1/common">111 anni</Name>
          <Name xml:lang="en" xmlns="http://www.sdmx.org/resources/sdmxml/schemas/v2_1/common">111 years</Name>
        </Code>
        <Code id="Y112" urn="urn:sdmx:org.sdmx.infomodel.codelist.Code=IT1:CL_ETA(1.0).Y112">
          <Name xml:lang="it" xmlns="http://www.sdmx.org/resources/sdmxml/schemas/v2_1/common">112 anni</Name>
          <Name xml:lang="en" xmlns="http://www.sdmx.org/resources/sdmxml/schemas/v2_1/common">112 years</Name>
        </Code>
        <Code id="Y113" urn="urn:sdmx:org.sdmx.infomodel.codelist.Code=IT1:CL_ETA(1.0).Y113">
          <Name xml:lang="it" xmlns="http://www.sdmx.org/resources/sdmxml/schemas/v2_1/common">113 anni</Name>
          <Name xml:lang="en" xmlns="http://www.sdmx.org/resources/sdmxml/schemas/v2_1/common">113 years</Name>
        </Code>
        <Code id="Y114" urn="urn:sdmx:org.sdmx.infomodel.codelist.Code=IT1:CL_ETA(1.0).Y114">
          <Name xml:lang="it" xmlns="http://www.sdmx.org/resources/sdmxml/schemas/v2_1/common">114 anni</Name>
          <Name xml:lang="en" xmlns="http://www.sdmx.org/resources/sdmxml/schemas/v2_1/common">114 years</Name>
        </Code>
        <Code id="Y115" urn="urn:sdmx:org.sdmx.infomodel.codelist.Code=IT1:CL_ETA(1.0).Y115">
          <Name xml:lang="it" xmlns="http://www.sdmx.org/resources/sdmxml/schemas/v2_1/common">115 anni</Name>
          <Name xml:lang="en" xmlns="http://www.sdmx.org/resources/sdmxml/schemas/v2_1/common">115 years</Name>
        </Code>
        <Code id="Y115-119" urn="urn:sdmx:org.sdmx.infomodel.codelist.Code=IT1:CL_ETA(1.0).Y115-119">
          <Name xml:lang="it" xmlns="http://www.sdmx.org/resources/sdmxml/schemas/v2_1/common">115-119 anni</Name>
          <Name xml:lang="en" xmlns="http://www.sdmx.org/resources/sdmxml/schemas/v2_1/common">115-119 years</Name>
        </Code>
        <Code id="Y116" urn="urn:sdmx:org.sdmx.infomodel.codelist.Code=IT1:CL_ETA(1.0).Y116">
          <Name xml:lang="it" xmlns="http://www.sdmx.org/resources/sdmxml/schemas/v2_1/common">116 anni</Name>
          <Name xml:lang="en" xmlns="http://www.sdmx.org/resources/sdmxml/schemas/v2_1/common">16 years</Name>
        </Code>
        <Code id="Y117" urn="urn:sdmx:org.sdmx.infomodel.codelist.Code=IT1:CL_ETA(1.0).Y117">
          <Name xml:lang="it" xmlns="http://www.sdmx.org/resources/sdmxml/schemas/v2_1/common">117 anni</Name>
          <Name xml:lang="en" xmlns="http://www.sdmx.org/resources/sdmxml/schemas/v2_1/common">117 years</Name>
        </Code>
        <Code id="Y118" urn="urn:sdmx:org.sdmx.infomodel.codelist.Code=IT1:CL_ETA(1.0).Y118">
          <Name xml:lang="it" xmlns="http://www.sdmx.org/resources/sdmxml/schemas/v2_1/common">118 anni</Name>
          <Name xml:lang="en" xmlns="http://www.sdmx.org/resources/sdmxml/schemas/v2_1/common">118 years</Name>
        </Code>
        <Code id="Y119" urn="urn:sdmx:org.sdmx.infomodel.codelist.Code=IT1:CL_ETA(1.0).Y119">
          <Name xml:lang="it" xmlns="http://www.sdmx.org/resources/sdmxml/schemas/v2_1/common">119 anni</Name>
          <Name xml:lang="en" xmlns="http://www.sdmx.org/resources/sdmxml/schemas/v2_1/common">119 years</Name>
        </Code>
        <Code id="Y_GE120" urn="urn:sdmx:org.sdmx.infomodel.codelist.Code=IT1:CL_ETA(1.0).Y_GE120">
          <Name xml:lang="it" xmlns="http://www.sdmx.org/resources/sdmxml/schemas/v2_1/common">120 anni e più</Name>
          <Name xml:lang="en" xmlns="http://www.sdmx.org/resources/sdmxml/schemas/v2_1/common">120 years and over</Name>
        </Code>
        <Code id="UNK" urn="urn:sdmx:org.sdmx.infomodel.codelist.Code=IT1:CL_ETA(1.0).UNK">
          <Name xml:lang="it" xmlns="http://www.sdmx.org/resources/sdmxml/schemas/v2_1/common">imprecisata</Name>
          <Name xml:lang="en" xmlns="http://www.sdmx.org/resources/sdmxml/schemas/v2_1/common">age unknown</Name>
        </Code>
        <Code id="NAP" urn="urn:sdmx:org.sdmx.infomodel.codelist.Code=IT1:CL_ETA(1.0).NAP">
          <Name xml:lang="it" xmlns="http://www.sdmx.org/resources/sdmxml/schemas/v2_1/common">non applicabile</Name>
          <Name xml:lang="en" xmlns="http://www.sdmx.org/resources/sdmxml/schemas/v2_1/common">not applicable</Name>
        </Code>
        <Code id="NDV" urn="urn:sdmx:org.sdmx.infomodel.codelist.Code=IT1:CL_ETA(1.0).NDV">
          <Name xml:lang="it" xmlns="http://www.sdmx.org/resources/sdmxml/schemas/v2_1/common">non ripartibili</Name>
          <Name xml:lang="en" xmlns="http://www.sdmx.org/resources/sdmxml/schemas/v2_1/common">not divisible</Name>
        </Code>
        <Code id="NSP" urn="urn:sdmx:org.sdmx.infomodel.codelist.Code=IT1:CL_ETA(1.0).NSP">
          <Name xml:lang="it" xmlns="http://www.sdmx.org/resources/sdmxml/schemas/v2_1/common">non indicato</Name>
          <Name xml:lang="en" xmlns="http://www.sdmx.org/resources/sdmxml/schemas/v2_1/common">no response</Name>
        </Code>
        <Code id="TOTAL" urn="urn:sdmx:org.sdmx.infomodel.codelist.Code=IT1:CL_ETA(1.0).TOTAL">
          <Name xml:lang="it" xmlns="http://www.sdmx.org/resources/sdmxml/schemas/v2_1/common">totale</Name>
          <Name xml:lang="en" xmlns="http://www.sdmx.org/resources/sdmxml/schemas/v2_1/common">total</Name>
        </Code>
      </Codelist>
      <Codelist id="CL_FLAG" urn="urn:sdmx:org.sdmx.infomodel.codelist.Codelist=IT1:CL_FLAG(1.1)" agencyID="IT1" version="1.1" isFinal="true">
        <Name xml:lang="it" xmlns="http://www.sdmx.org/resources/sdmxml/schemas/v2_1/common">Flag</Name>
        <Name xml:lang="en" xmlns="http://www.sdmx.org/resources/sdmxml/schemas/v2_1/common">Flag</Name>
        <Description xml:lang="it" xmlns="http://www.sdmx.org/resources/sdmxml/schemas/v2_1/common">raggruppa i concetti di "Observation status" definiti a livello internazionale. Include i valori di flag definiti in I.Stat</Description>
        <Description xml:lang="en" xmlns="http://www.sdmx.org/resources/sdmxml/schemas/v2_1/common">Includes the concepts "Observation status" defined at the international level. Includes with the flag values as defined in I.Stat</Description>
        <Code id="p_z" urn="urn:sdmx:org.sdmx.infomodel.codelist.Code=IT1:CL_FLAG(1.1).p_z">
          <Name xml:lang="it" xmlns="http://www.sdmx.org/resources/sdmxml/schemas/v2_1/common">il fenomeno non esiste oppure esiste e viene rilevato, ma i casi non si sono verificati</Name>
          <Name xml:lang="en" xmlns="http://www.sdmx.org/resources/sdmxml/schemas/v2_1/common">the instance does not exist or any case has not occurred</Name>
        </Code>
        <Code id="p_0" urn="urn:sdmx:org.sdmx.infomodel.codelist.Code=IT1:CL_FLAG(1.1).p_0">
          <Name xml:lang="it" xmlns="http://www.sdmx.org/resources/sdmxml/schemas/v2_1/common">il dato non raggiunge la metà della cifra minima considerata</Name>
          <Name xml:lang="en" xmlns="http://www.sdmx.org/resources/sdmxml/schemas/v2_1/common">less than half of the unit used</Name>
        </Code>
        <Code id="p_c" urn="urn:sdmx:org.sdmx.infomodel.codelist.Code=IT1:CL_FLAG(1.1).p_c">
          <Name xml:lang="it" xmlns="http://www.sdmx.org/resources/sdmxml/schemas/v2_1/common">dato oscurato per la tutela del segreto statistico</Name>
          <Name xml:lang="en" xmlns="http://www.sdmx.org/resources/sdmxml/schemas/v2_1/common">unseen data because of the statistical confidenciality</Name>
        </Code>
        <Code id="p_d" urn="urn:sdmx:org.sdmx.infomodel.codelist.Code=IT1:CL_FLAG(1.1).p_d">
          <Name xml:lang="it" xmlns="http://www.sdmx.org/resources/sdmxml/schemas/v2_1/common">l'indicatore risulta non calcolabile in quanto il denominatore della formula è pari a zero</Name>
          <Name xml:lang="en" xmlns="http://www.sdmx.org/resources/sdmxml/schemas/v2_1/common">the indicator is not calculated because the denominator of the formula is zero</Name>
        </Code>
        <Code id="p_e" urn="urn:sdmx:org.sdmx.infomodel.codelist.Code=IT1:CL_FLAG(1.1).p_e">
          <Name xml:lang="it" xmlns="http://www.sdmx.org/resources/sdmxml/schemas/v2_1/common">dato stimato</Name>
          <Name xml:lang="en" xmlns="http://www.sdmx.org/resources/sdmxml/schemas/v2_1/common">estimate data</Name>
        </Code>
        <Code id="p_g" urn="urn:sdmx:org.sdmx.infomodel.codelist.Code=IT1:CL_FLAG(1.1).p_g">
          <Name xml:lang="it" xmlns="http://www.sdmx.org/resources/sdmxml/schemas/v2_1/common">dato statisticamente non significativo (vedasi metadati di dataset)</Name>
          <Name xml:lang="en" xmlns="http://www.sdmx.org/resources/sdmxml/schemas/v2_1/common">data statistically not significant (see explanatory texts)</Name>
        </Code>
        <Code id="p_n" urn="urn:sdmx:org.sdmx.infomodel.codelist.Code=IT1:CL_FLAG(1.1).p_n">
          <Name xml:lang="it" xmlns="http://www.sdmx.org/resources/sdmxml/schemas/v2_1/common">il fenomeno esiste, ma i dati non si conoscono per qualsiasi ragione</Name>
          <Name xml:lang="en" xmlns="http://www.sdmx.org/resources/sdmxml/schemas/v2_1/common">the instance exists, but is not known for any reason</Name>
        </Code>
        <Code id="p_p" urn="urn:sdmx:org.sdmx.infomodel.codelist.Code=IT1:CL_FLAG(1.1).p_p">
          <Name xml:lang="it" xmlns="http://www.sdmx.org/resources/sdmxml/schemas/v2_1/common">dato provvisorio</Name>
          <Name xml:lang="en" xmlns="http://www.sdmx.org/resources/sdmxml/schemas/v2_1/common">provisional data</Name>
        </Code>
        <Code id="p_r" urn="urn:sdmx:org.sdmx.infomodel.codelist.Code=IT1:CL_FLAG(1.1).p_r">
          <Name xml:lang="it" xmlns="http://www.sdmx.org/resources/sdmxml/schemas/v2_1/common">dato aggiornato</Name>
          <Name xml:lang="en" xmlns="http://www.sdmx.org/resources/sdmxml/schemas/v2_1/common">revised data</Name>
        </Code>
        <Code id="p_t" urn="urn:sdmx:org.sdmx.infomodel.codelist.Code=IT1:CL_FLAG(1.1).p_t">
          <Name xml:lang="it" xmlns="http://www.sdmx.org/resources/sdmxml/schemas/v2_1/common">è voce da considerarsi come titolo di raggruppamento</Name>
          <Name xml:lang="en" xmlns="http://www.sdmx.org/resources/sdmxml/schemas/v2_1/common">title for the grouping</Name>
        </Code>
        <Code id="p_u" urn="urn:sdmx:org.sdmx.infomodel.codelist.Code=IT1:CL_FLAG(1.1).p_u">
          <Name xml:lang="it" xmlns="http://www.sdmx.org/resources/sdmxml/schemas/v2_1/common">dato indisponibile o incerto (vedasi metadati di dataset)</Name>
          <Name xml:lang="en" xmlns="http://www.sdmx.org/resources/sdmxml/schemas/v2_1/common">unreliable or uncertain data (see explanatory texts)</Name>
        </Code>
        <Code id="276_a" urn="urn:sdmx:org.sdmx.infomodel.codelist.Code=IT1:CL_FLAG(1.1).276_a">
          <Name xml:lang="it" xmlns="http://www.sdmx.org/resources/sdmxml/schemas/v2_1/common">il valore è relativo all'insieme di più province della stessa regione</Name>
          <Name xml:lang="en" xmlns="http://www.sdmx.org/resources/sdmxml/schemas/v2_1/common">the value is referred to the set of more provinces in the same region</Name>
        </Code>
        <Code id="276_o" urn="urn:sdmx:org.sdmx.infomodel.codelist.Code=IT1:CL_FLAG(1.1).276_o">
          <Name xml:lang="it" xmlns="http://www.sdmx.org/resources/sdmxml/schemas/v2_1/common">il valore è diffuso insieme a quello della provincia della stessa regione indicata con (a)</Name>
          <Name xml:lang="en" xmlns="http://www.sdmx.org/resources/sdmxml/schemas/v2_1/common">the value is released together with the value of the province of the same region with (a)</Name>
        </Code>
        <Code id="b" urn="urn:sdmx:org.sdmx.infomodel.codelist.Code=IT1:CL_FLAG(1.1).b">
          <Name xml:lang="it" xmlns="http://www.sdmx.org/resources/sdmxml/schemas/v2_1/common">break</Name>
          <Name xml:lang="en" xmlns="http://www.sdmx.org/resources/sdmxml/schemas/v2_1/common">break</Name>
        </Code>
        <Code id="f" urn="urn:sdmx:org.sdmx.infomodel.codelist.Code=IT1:CL_FLAG(1.1).f">
          <Name xml:lang="it" xmlns="http://www.sdmx.org/resources/sdmxml/schemas/v2_1/common">valore previsto</Name>
          <Name xml:lang="en" xmlns="http://www.sdmx.org/resources/sdmxml/schemas/v2_1/common">forecast value</Name>
        </Code>
        <Code id="h" urn="urn:sdmx:org.sdmx.infomodel.codelist.Code=IT1:CL_FLAG(1.1).h">
          <Name xml:lang="it" xmlns="http://www.sdmx.org/resources/sdmxml/schemas/v2_1/common">valore mancante; vacanza o weekend</Name>
          <Name xml:lang="en" xmlns="http://www.sdmx.org/resources/sdmxml/schemas/v2_1/common">missing value; holiday or weekend</Name>
        </Code>
        <Code id="l" urn="urn:sdmx:org.sdmx.infomodel.codelist.Code=IT1:CL_FLAG(1.1).l">
          <Name xml:lang="it" xmlns="http://www.sdmx.org/resources/sdmxml/schemas/v2_1/common">valore mancante; il dato esiste ma non è stato osservato</Name>
          <Name xml:lang="en" xmlns="http://www.sdmx.org/resources/sdmxml/schemas/v2_1/common">missing value; data exist but were not collected</Name>
        </Code>
        <Code id="m" urn="urn:sdmx:org.sdmx.infomodel.codelist.Code=IT1:CL_FLAG(1.1).m">
          <Name xml:lang="it" xmlns="http://www.sdmx.org/resources/sdmxml/schemas/v2_1/common">valore mancante; il dato non può esistere</Name>
          <Name xml:lang="en" xmlns="http://www.sdmx.org/resources/sdmxml/schemas/v2_1/common">missing value; data cannot exist</Name>
        </Code>
        <Code id="s" urn="urn:sdmx:org.sdmx.infomodel.codelist.Code=IT1:CL_FLAG(1.1).s">
          <Name xml:lang="it" xmlns="http://www.sdmx.org/resources/sdmxml/schemas/v2_1/common">sciopero</Name>
          <Name xml:lang="en" xmlns="http://www.sdmx.org/resources/sdmxml/schemas/v2_1/common">strike</Name>
        </Code>
        <Code id="q" urn="urn:sdmx:org.sdmx.infomodel.codelist.Code=IT1:CL_FLAG(1.1).q">
          <Name xml:lang="it" xmlns="http://www.sdmx.org/resources/sdmxml/schemas/v2_1/common">valore mancante; soppresso</Name>
          <Name xml:lang="en" xmlns="http://www.sdmx.org/resources/sdmxml/schemas/v2_1/common">missing value; suppressed</Name>
        </Code>
      </Codelist>
      <Codelist id="CL_FORMGIUR" urn="urn:sdmx:org.sdmx.infomodel.codelist.Codelist=IT1:CL_FORMGIUR(1.1)" agencyID="IT1" version="1.1" isFinal="true">
        <Name xml:lang="it" xmlns="http://www.sdmx.org/resources/sdmxml/schemas/v2_1/common">Forma giuridica</Name>
        <Name xml:lang="en" xmlns="http://www.sdmx.org/resources/sdmxml/schemas/v2_1/common">Legal status</Name>
        <Code id="11" urn="urn:sdmx:org.sdmx.infomodel.codelist.Code=IT1:CL_FORMGIUR(1.1).11">
          <Name xml:lang="it" xmlns="http://www.sdmx.org/resources/sdmxml/schemas/v2_1/common">imprenditore individuale, libero professionista e lavoratore autonomo</Name>
          <Name xml:lang="en" xmlns="http://www.sdmx.org/resources/sdmxml/schemas/v2_1/common">imprenditore individuale, libero professionista e lavoratore autonomo</Name>
        </Code>
        <Code id="1110" urn="urn:sdmx:org.sdmx.infomodel.codelist.Code=IT1:CL_FORMGIUR(1.1).1110">
          <Name xml:lang="it" xmlns="http://www.sdmx.org/resources/sdmxml/schemas/v2_1/common">imprenditore individuale agricolo</Name>
          <Name xml:lang="en" xmlns="http://www.sdmx.org/resources/sdmxml/schemas/v2_1/common">imprenditore individuale agricolo</Name>
          <Parent>
            <Ref id="11" xmlns="" />
          </Parent>
        </Code>
        <Code id="1120" urn="urn:sdmx:org.sdmx.infomodel.codelist.Code=IT1:CL_FORMGIUR(1.1).1120">
          <Name xml:lang="it" xmlns="http://www.sdmx.org/resources/sdmxml/schemas/v2_1/common">imprenditore individuale non agricolo</Name>
          <Name xml:lang="en" xmlns="http://www.sdmx.org/resources/sdmxml/schemas/v2_1/common">imprenditore individuale non agricolo</Name>
          <Parent>
            <Ref id="11" xmlns="" />
          </Parent>
        </Code>
        <Code id="1130" urn="urn:sdmx:org.sdmx.infomodel.codelist.Code=IT1:CL_FORMGIUR(1.1).1130">
          <Name xml:lang="it" xmlns="http://www.sdmx.org/resources/sdmxml/schemas/v2_1/common">libero professionista</Name>
          <Name xml:lang="en" xmlns="http://www.sdmx.org/resources/sdmxml/schemas/v2_1/common">libero professionista</Name>
          <Parent>
            <Ref id="11" xmlns="" />
          </Parent>
        </Code>
        <Code id="1140" urn="urn:sdmx:org.sdmx.infomodel.codelist.Code=IT1:CL_FORMGIUR(1.1).1140">
          <Name xml:lang="it" xmlns="http://www.sdmx.org/resources/sdmxml/schemas/v2_1/common">lavoratore autonomo</Name>
          <Name xml:lang="en" xmlns="http://www.sdmx.org/resources/sdmxml/schemas/v2_1/common">lavoratore autonomo</Name>
          <Parent>
            <Ref id="11" xmlns="" />
          </Parent>
        </Code>
        <Code id="X11" urn="urn:sdmx:org.sdmx.infomodel.codelist.Code=IT1:CL_FORMGIUR(1.1).X11">
          <Name xml:lang="it" xmlns="http://www.sdmx.org/resources/sdmxml/schemas/v2_1/common">azienda individuale (1110 + unità non legali)</Name>
          <Name xml:lang="en" xmlns="http://www.sdmx.org/resources/sdmxml/schemas/v2_1/common">azienda individuale (1110 + unità non legali)</Name>
        </Code>
        <Code id="12" urn="urn:sdmx:org.sdmx.infomodel.codelist.Code=IT1:CL_FORMGIUR(1.1).12">
          <Name xml:lang="it" xmlns="http://www.sdmx.org/resources/sdmxml/schemas/v2_1/common">società di persone</Name>
          <Name xml:lang="en" xmlns="http://www.sdmx.org/resources/sdmxml/schemas/v2_1/common">società di persone</Name>
        </Code>
        <Code id="1210" urn="urn:sdmx:org.sdmx.infomodel.codelist.Code=IT1:CL_FORMGIUR(1.1).1210">
          <Name xml:lang="it" xmlns="http://www.sdmx.org/resources/sdmxml/schemas/v2_1/common">società semplice</Name>
          <Name xml:lang="en" xmlns="http://www.sdmx.org/resources/sdmxml/schemas/v2_1/common">società semplice</Name>
          <Parent>
            <Ref id="12" xmlns="" />
          </Parent>
        </Code>
        <Code id="1220" urn="urn:sdmx:org.sdmx.infomodel.codelist.Code=IT1:CL_FORMGIUR(1.1).1220">
          <Name xml:lang="it" xmlns="http://www.sdmx.org/resources/sdmxml/schemas/v2_1/common">società in nome collettivo</Name>
          <Name xml:lang="en" xmlns="http://www.sdmx.org/resources/sdmxml/schemas/v2_1/common">società in nome collettivo</Name>
          <Parent>
            <Ref id="12" xmlns="" />
          </Parent>
        </Code>
        <Code id="1230" urn="urn:sdmx:org.sdmx.infomodel.codelist.Code=IT1:CL_FORMGIUR(1.1).1230">
          <Name xml:lang="it" xmlns="http://www.sdmx.org/resources/sdmxml/schemas/v2_1/common">società in accomandita semplice</Name>
          <Name xml:lang="en" xmlns="http://www.sdmx.org/resources/sdmxml/schemas/v2_1/common">società in accomandita semplice</Name>
          <Parent>
            <Ref id="12" xmlns="" />
          </Parent>
        </Code>
        <Code id="1240" urn="urn:sdmx:org.sdmx.infomodel.codelist.Code=IT1:CL_FORMGIUR(1.1).1240">
          <Name xml:lang="it" xmlns="http://www.sdmx.org/resources/sdmxml/schemas/v2_1/common">studio associato e società di professionisti</Name>
          <Name xml:lang="en" xmlns="http://www.sdmx.org/resources/sdmxml/schemas/v2_1/common">studio associato e società di professionisti</Name>
          <Parent>
            <Ref id="12" xmlns="" />
          </Parent>
        </Code>
        <Code id="1250" urn="urn:sdmx:org.sdmx.infomodel.codelist.Code=IT1:CL_FORMGIUR(1.1).1250">
          <Name xml:lang="it" xmlns="http://www.sdmx.org/resources/sdmxml/schemas/v2_1/common">società di fatto o irregolare, comunione ereditaria</Name>
          <Name xml:lang="en" xmlns="http://www.sdmx.org/resources/sdmxml/schemas/v2_1/common">società di fatto o irregolare, comunione ereditaria</Name>
          <Parent>
            <Ref id="12" xmlns="" />
          </Parent>
        </Code>
        <Code id="X1260" urn="urn:sdmx:org.sdmx.infomodel.codelist.Code=IT1:CL_FORMGIUR(1.1).X1260">
          <Name xml:lang="it" xmlns="http://www.sdmx.org/resources/sdmxml/schemas/v2_1/common">altra società di persone diversa dalla società semplice (1220+1230+1240+1250)</Name>
          <Name xml:lang="en" xmlns="http://www.sdmx.org/resources/sdmxml/schemas/v2_1/common">altra società di persone diversa dalla società semplice (1220+1230+1240+1250)</Name>
          <Parent>
            <Ref id="12" xmlns="" />
          </Parent>
        </Code>
        <Code id="13" urn="urn:sdmx:org.sdmx.infomodel.codelist.Code=IT1:CL_FORMGIUR(1.1).13">
          <Name xml:lang="it" xmlns="http://www.sdmx.org/resources/sdmxml/schemas/v2_1/common">società di capitali</Name>
          <Name xml:lang="en" xmlns="http://www.sdmx.org/resources/sdmxml/schemas/v2_1/common">società di capitali</Name>
        </Code>
        <Code id="1310" urn="urn:sdmx:org.sdmx.infomodel.codelist.Code=IT1:CL_FORMGIUR(1.1).1310">
          <Name xml:lang="it" xmlns="http://www.sdmx.org/resources/sdmxml/schemas/v2_1/common">società per azioni</Name>
          <Name xml:lang="en" xmlns="http://www.sdmx.org/resources/sdmxml/schemas/v2_1/common">società per azioni</Name>
          <Parent>
            <Ref id="13" xmlns="" />
          </Parent>
        </Code>
        <Code id="1320" urn="urn:sdmx:org.sdmx.infomodel.codelist.Code=IT1:CL_FORMGIUR(1.1).1320">
          <Name xml:lang="it" xmlns="http://www.sdmx.org/resources/sdmxml/schemas/v2_1/common">società a responsabilità limitata</Name>
          <Name xml:lang="en" xmlns="http://www.sdmx.org/resources/sdmxml/schemas/v2_1/common">società a responsabilità limitata</Name>
          <Parent>
            <Ref id="13" xmlns="" />
          </Parent>
        </Code>
        <Code id="1330" urn="urn:sdmx:org.sdmx.infomodel.codelist.Code=IT1:CL_FORMGIUR(1.1).1330">
          <Name xml:lang="it" xmlns="http://www.sdmx.org/resources/sdmxml/schemas/v2_1/common">società a responsabilità limitata con un unico socio</Name>
          <Name xml:lang="en" xmlns="http://www.sdmx.org/resources/sdmxml/schemas/v2_1/common">società a responsabilità limitata con un unico socio</Name>
          <Parent>
            <Ref id="13" xmlns="" />
          </Parent>
        </Code>
        <Code id="1340" urn="urn:sdmx:org.sdmx.infomodel.codelist.Code=IT1:CL_FORMGIUR(1.1).1340">
          <Name xml:lang="it" xmlns="http://www.sdmx.org/resources/sdmxml/schemas/v2_1/common">società in accomandita per azioni</Name>
          <Name xml:lang="en" xmlns="http://www.sdmx.org/resources/sdmxml/schemas/v2_1/common">società in accomandita per azioni</Name>
          <Parent>
            <Ref id="13" xmlns="" />
          </Parent>
        </Code>
        <Code id="14" urn="urn:sdmx:org.sdmx.infomodel.codelist.Code=IT1:CL_FORMGIUR(1.1).14">
          <Name xml:lang="it" xmlns="http://www.sdmx.org/resources/sdmxml/schemas/v2_1/common">società cooperativa</Name>
          <Name xml:lang="en" xmlns="http://www.sdmx.org/resources/sdmxml/schemas/v2_1/common">società cooperativa</Name>
        </Code>
        <Code id="1410" urn="urn:sdmx:org.sdmx.infomodel.codelist.Code=IT1:CL_FORMGIUR(1.1).1410">
          <Name xml:lang="it" xmlns="http://www.sdmx.org/resources/sdmxml/schemas/v2_1/common">società cooperativa a mutualità prevalente</Name>
          <Name xml:lang="en" xmlns="http://www.sdmx.org/resources/sdmxml/schemas/v2_1/common">società cooperativa a mutualità prevalente</Name>
          <Parent>
            <Ref id="14" xmlns="" />
          </Parent>
        </Code>
        <Code id="1420" urn="urn:sdmx:org.sdmx.infomodel.codelist.Code=IT1:CL_FORMGIUR(1.1).1420">
          <Name xml:lang="it" xmlns="http://www.sdmx.org/resources/sdmxml/schemas/v2_1/common">società cooperativa diversa</Name>
          <Name xml:lang="en" xmlns="http://www.sdmx.org/resources/sdmxml/schemas/v2_1/common">società cooperativa diversa</Name>
          <Parent>
            <Ref id="14" xmlns="" />
          </Parent>
        </Code>
        <Code id="1430" urn="urn:sdmx:org.sdmx.infomodel.codelist.Code=IT1:CL_FORMGIUR(1.1).1430">
          <Name xml:lang="it" xmlns="http://www.sdmx.org/resources/sdmxml/schemas/v2_1/common">società cooperativa sociale</Name>
          <Name xml:lang="en" xmlns="http://www.sdmx.org/resources/sdmxml/schemas/v2_1/common">società cooperativa sociale</Name>
          <Parent>
            <Ref id="14" xmlns="" />
          </Parent>
        </Code>
        <Code id="1440" urn="urn:sdmx:org.sdmx.infomodel.codelist.Code=IT1:CL_FORMGIUR(1.1).1440">
          <Name xml:lang="it" xmlns="http://www.sdmx.org/resources/sdmxml/schemas/v2_1/common">società di mutua assicurazione</Name>
          <Name xml:lang="en" xmlns="http://www.sdmx.org/resources/sdmxml/schemas/v2_1/common">società di mutua assicurazione</Name>
          <Parent>
            <Ref id="14" xmlns="" />
          </Parent>
        </Code>
        <Code id="X1450" urn="urn:sdmx:org.sdmx.infomodel.codelist.Code=IT1:CL_FORMGIUR(1.1).X1450">
          <Name xml:lang="it" xmlns="http://www.sdmx.org/resources/sdmxml/schemas/v2_1/common">società cooperativa esclusa società cooperativa sociale (1410 + 1420+1440)</Name>
          <Name xml:lang="en" xmlns="http://www.sdmx.org/resources/sdmxml/schemas/v2_1/common">società cooperativa esclusa società cooperativa sociale (1410 + 1420+1440)</Name>
          <Parent>
            <Ref id="14" xmlns="" />
          </Parent>
        </Code>
        <Code id="15" urn="urn:sdmx:org.sdmx.infomodel.codelist.Code=IT1:CL_FORMGIUR(1.1).15">
          <Name xml:lang="it" xmlns="http://www.sdmx.org/resources/sdmxml/schemas/v2_1/common">consorzio di diritto privato ed altre forme di cooperazione fra imprese</Name>
          <Name xml:lang="en" xmlns="http://www.sdmx.org/resources/sdmxml/schemas/v2_1/common">consorzio di diritto privato ed altre forme di cooperazione fra imprese</Name>
        </Code>
        <Code id="1510" urn="urn:sdmx:org.sdmx.infomodel.codelist.Code=IT1:CL_FORMGIUR(1.1).1510">
          <Name xml:lang="it" xmlns="http://www.sdmx.org/resources/sdmxml/schemas/v2_1/common">consorzio di diritto privato</Name>
          <Name xml:lang="en" xmlns="http://www.sdmx.org/resources/sdmxml/schemas/v2_1/common">consorzio di diritto privato</Name>
          <Parent>
            <Ref id="15" xmlns="" />
          </Parent>
        </Code>
        <Code id="1520" urn="urn:sdmx:org.sdmx.infomodel.codelist.Code=IT1:CL_FORMGIUR(1.1).1520">
          <Name xml:lang="it" xmlns="http://www.sdmx.org/resources/sdmxml/schemas/v2_1/common">società consortile</Name>
          <Name xml:lang="en" xmlns="http://www.sdmx.org/resources/sdmxml/schemas/v2_1/common">società consortile</Name>
          <Parent>
            <Ref id="15" xmlns="" />
          </Parent>
        </Code>
        <Code id="1530" urn="urn:sdmx:org.sdmx.infomodel.codelist.Code=IT1:CL_FORMGIUR(1.1).1530">
          <Name xml:lang="it" xmlns="http://www.sdmx.org/resources/sdmxml/schemas/v2_1/common">associazione o raggruppamento temporaneo di imprese</Name>
          <Name xml:lang="en" xmlns="http://www.sdmx.org/resources/sdmxml/schemas/v2_1/common">associazione o raggruppamento temporaneo di imprese</Name>
          <Parent>
            <Ref id="15" xmlns="" />
          </Parent>
        </Code>
        <Code id="1540" urn="urn:sdmx:org.sdmx.infomodel.codelist.Code=IT1:CL_FORMGIUR(1.1).1540">
          <Name xml:lang="it" xmlns="http://www.sdmx.org/resources/sdmxml/schemas/v2_1/common">gruppo europeo di interesse economico</Name>
          <Name xml:lang="en" xmlns="http://www.sdmx.org/resources/sdmxml/schemas/v2_1/common">gruppo europeo di interesse economico</Name>
          <Parent>
            <Ref id="15" xmlns="" />
          </Parent>
        </Code>
        <Code id="16" urn="urn:sdmx:org.sdmx.infomodel.codelist.Code=IT1:CL_FORMGIUR(1.1).16">
          <Name xml:lang="it" xmlns="http://www.sdmx.org/resources/sdmxml/schemas/v2_1/common">ente pubblico economico, azienda speciale e azienda pubblica di servizi</Name>
          <Name xml:lang="en" xmlns="http://www.sdmx.org/resources/sdmxml/schemas/v2_1/common">ente pubblico economico, azienda speciale e azienda pubblica di servizi</Name>
        </Code>
        <Code id="1610" urn="urn:sdmx:org.sdmx.infomodel.codelist.Code=IT1:CL_FORMGIUR(1.1).1610">
          <Name xml:lang="it" xmlns="http://www.sdmx.org/resources/sdmxml/schemas/v2_1/common">ente pubblico economico</Name>
          <Name xml:lang="en" xmlns="http://www.sdmx.org/resources/sdmxml/schemas/v2_1/common">ente pubblico economico</Name>
          <Parent>
            <Ref id="16" xmlns="" />
          </Parent>
        </Code>
        <Code id="1620" urn="urn:sdmx:org.sdmx.infomodel.codelist.Code=IT1:CL_FORMGIUR(1.1).1620">
          <Name xml:lang="it" xmlns="http://www.sdmx.org/resources/sdmxml/schemas/v2_1/common">azienda speciale ai sensi del t.u. 267/2000</Name>
          <Name xml:lang="en" xmlns="http://www.sdmx.org/resources/sdmxml/schemas/v2_1/common">azienda speciale ai sensi del t.u. 267/2000</Name>
          <Parent>
            <Ref id="16" xmlns="" />
          </Parent>
        </Code>
        <Code id="1630" urn="urn:sdmx:org.sdmx.infomodel.codelist.Code=IT1:CL_FORMGIUR(1.1).1630">
          <Name xml:lang="it" xmlns="http://www.sdmx.org/resources/sdmxml/schemas/v2_1/common">azienda pubblica di servizi alle persone ai sensi del d.lgs n. 207/2001</Name>
          <Name xml:lang="en" xmlns="http://www.sdmx.org/resources/sdmxml/schemas/v2_1/common">azienda pubblica di servizi alle persone ai sensi del d.lgs n. 207/2001</Name>
          <Parent>
            <Ref id="16" xmlns="" />
          </Parent>
        </Code>
        <Code id="17" urn="urn:sdmx:org.sdmx.infomodel.codelist.Code=IT1:CL_FORMGIUR(1.1).17">
          <Name xml:lang="it" xmlns="http://www.sdmx.org/resources/sdmxml/schemas/v2_1/common">ente privato con personalità giuridica</Name>
          <Name xml:lang="en" xmlns="http://www.sdmx.org/resources/sdmxml/schemas/v2_1/common">ente privato con personalità giuridica</Name>
        </Code>
        <Code id="1710" urn="urn:sdmx:org.sdmx.infomodel.codelist.Code=IT1:CL_FORMGIUR(1.1).1710">
          <Name xml:lang="it" xmlns="http://www.sdmx.org/resources/sdmxml/schemas/v2_1/common">associazione riconosciuta</Name>
          <Name xml:lang="en" xmlns="http://www.sdmx.org/resources/sdmxml/schemas/v2_1/common">associazione riconosciuta</Name>
          <Parent>
            <Ref id="17" xmlns="" />
          </Parent>
        </Code>
        <Code id="1720" urn="urn:sdmx:org.sdmx.infomodel.codelist.Code=IT1:CL_FORMGIUR(1.1).1720">
          <Name xml:lang="it" xmlns="http://www.sdmx.org/resources/sdmxml/schemas/v2_1/common">fondazione (esclusa fondazione bancaria)</Name>
          <Name xml:lang="en" xmlns="http://www.sdmx.org/resources/sdmxml/schemas/v2_1/common">fondazione (esclusa fondazione bancaria)</Name>
          <Parent>
            <Ref id="17" xmlns="" />
          </Parent>
        </Code>
        <Code id="1730" urn="urn:sdmx:org.sdmx.infomodel.codelist.Code=IT1:CL_FORMGIUR(1.1).1730">
          <Name xml:lang="it" xmlns="http://www.sdmx.org/resources/sdmxml/schemas/v2_1/common">fondazione bancaria</Name>
          <Name xml:lang="en" xmlns="http://www.sdmx.org/resources/sdmxml/schemas/v2_1/common">fondazione bancaria</Name>
          <Parent>
            <Ref id="17" xmlns="" />
          </Parent>
        </Code>
        <Code id="1740" urn="urn:sdmx:org.sdmx.infomodel.codelist.Code=IT1:CL_FORMGIUR(1.1).1740">
          <Name xml:lang="it" xmlns="http://www.sdmx.org/resources/sdmxml/schemas/v2_1/common">ente ecclesiastico</Name>
          <Name xml:lang="en" xmlns="http://www.sdmx.org/resources/sdmxml/schemas/v2_1/common">ente ecclesiastico</Name>
          <Parent>
            <Ref id="17" xmlns="" />
          </Parent>
        </Code>
        <Code id="1750" urn="urn:sdmx:org.sdmx.infomodel.codelist.Code=IT1:CL_FORMGIUR(1.1).1750">
          <Name xml:lang="it" xmlns="http://www.sdmx.org/resources/sdmxml/schemas/v2_1/common">società di mutuo soccorso</Name>
          <Name xml:lang="en" xmlns="http://www.sdmx.org/resources/sdmxml/schemas/v2_1/common">società di mutuo soccorso</Name>
          <Parent>
            <Ref id="17" xmlns="" />
          </Parent>
        </Code>
        <Code id="1790" urn="urn:sdmx:org.sdmx.infomodel.codelist.Code=IT1:CL_FORMGIUR(1.1).1790">
          <Name xml:lang="it" xmlns="http://www.sdmx.org/resources/sdmxml/schemas/v2_1/common">altra forma di ente privato con personalità giuridica</Name>
          <Name xml:lang="en" xmlns="http://www.sdmx.org/resources/sdmxml/schemas/v2_1/common">altra forma di ente privato con personalità giuridica</Name>
          <Parent>
            <Ref id="17" xmlns="" />
          </Parent>
        </Code>
        <Code id="18" urn="urn:sdmx:org.sdmx.infomodel.codelist.Code=IT1:CL_FORMGIUR(1.1).18">
          <Name xml:lang="it" xmlns="http://www.sdmx.org/resources/sdmxml/schemas/v2_1/common">ente privato senza personalità giuridica</Name>
          <Name xml:lang="en" xmlns="http://www.sdmx.org/resources/sdmxml/schemas/v2_1/common">ente privato senza personalità giuridica</Name>
        </Code>
        <Code id="1810" urn="urn:sdmx:org.sdmx.infomodel.codelist.Code=IT1:CL_FORMGIUR(1.1).1810">
          <Name xml:lang="it" xmlns="http://www.sdmx.org/resources/sdmxml/schemas/v2_1/common">associazione non riconosciuta</Name>
          <Name xml:lang="en" xmlns="http://www.sdmx.org/resources/sdmxml/schemas/v2_1/common">associazione non riconosciuta</Name>
          <Parent>
            <Ref id="18" xmlns="" />
          </Parent>
        </Code>
        <Code id="1820" urn="urn:sdmx:org.sdmx.infomodel.codelist.Code=IT1:CL_FORMGIUR(1.1).1820">
          <Name xml:lang="it" xmlns="http://www.sdmx.org/resources/sdmxml/schemas/v2_1/common">comitato</Name>
          <Name xml:lang="en" xmlns="http://www.sdmx.org/resources/sdmxml/schemas/v2_1/common">comitato</Name>
          <Parent>
            <Ref id="18" xmlns="" />
          </Parent>
        </Code>
        <Code id="1830" urn="urn:sdmx:org.sdmx.infomodel.codelist.Code=IT1:CL_FORMGIUR(1.1).1830">
          <Name xml:lang="it" xmlns="http://www.sdmx.org/resources/sdmxml/schemas/v2_1/common">condominio</Name>
          <Name xml:lang="en" xmlns="http://www.sdmx.org/resources/sdmxml/schemas/v2_1/common">condominio</Name>
          <Parent>
            <Ref id="18" xmlns="" />
          </Parent>
        </Code>
        <Code id="1890" urn="urn:sdmx:org.sdmx.infomodel.codelist.Code=IT1:CL_FORMGIUR(1.1).1890">
          <Name xml:lang="it" xmlns="http://www.sdmx.org/resources/sdmxml/schemas/v2_1/common">altra forma di ente privato senza personalità giuridica</Name>
          <Name xml:lang="en" xmlns="http://www.sdmx.org/resources/sdmxml/schemas/v2_1/common">altra forma di ente privato senza personalità giuridica</Name>
          <Parent>
            <Ref id="18" xmlns="" />
          </Parent>
        </Code>
        <Code id="19" urn="urn:sdmx:org.sdmx.infomodel.codelist.Code=IT1:CL_FORMGIUR(1.1).19">
          <Name xml:lang="it" xmlns="http://www.sdmx.org/resources/sdmxml/schemas/v2_1/common">impresa o ente privato costituito all’estero non altrimenti classificabile che svolge una attività economica in Italia</Name>
          <Name xml:lang="en" xmlns="http://www.sdmx.org/resources/sdmxml/schemas/v2_1/common">impresa o ente privato costituito all’estero non altrimenti classificabile che svolge una attività economica in Italia</Name>
        </Code>
        <Code id="1900" urn="urn:sdmx:org.sdmx.infomodel.codelist.Code=IT1:CL_FORMGIUR(1.1).1900">
          <Name xml:lang="it" xmlns="http://www.sdmx.org/resources/sdmxml/schemas/v2_1/common">impresa o ente privato costituito all’estero non altrimenti classificabile che svolge una attività economica in Italia</Name>
          <Name xml:lang="en" xmlns="http://www.sdmx.org/resources/sdmxml/schemas/v2_1/common">impresa o ente privato costituito all’estero non altrimenti classificabile che svolge una attività economica in Italia</Name>
          <Parent>
            <Ref id="19" xmlns="" />
          </Parent>
        </Code>
        <Code id="X216" urn="urn:sdmx:org.sdmx.infomodel.codelist.Code=IT1:CL_FORMGIUR(1.1).X216">
          <Name xml:lang="it" xmlns="http://www.sdmx.org/resources/sdmxml/schemas/v2_1/common">amministrazione o ente pubblico (2+16)</Name>
          <Name xml:lang="en" xmlns="http://www.sdmx.org/resources/sdmxml/schemas/v2_1/common">amministrazione o ente pubblico (2+16)</Name>
        </Code>
        <Code id="21" urn="urn:sdmx:org.sdmx.infomodel.codelist.Code=IT1:CL_FORMGIUR(1.1).21">
          <Name xml:lang="it" xmlns="http://www.sdmx.org/resources/sdmxml/schemas/v2_1/common">organo costituzionale o a rilevanza costituzionale</Name>
          <Name xml:lang="en" xmlns="http://www.sdmx.org/resources/sdmxml/schemas/v2_1/common">organo costituzionale o a rilevanza costituzionale</Name>
        </Code>
        <Code id="2100" urn="urn:sdmx:org.sdmx.infomodel.codelist.Code=IT1:CL_FORMGIUR(1.1).2100">
          <Name xml:lang="it" xmlns="http://www.sdmx.org/resources/sdmxml/schemas/v2_1/common">organo costituzionale o a rilevanza costituzionale</Name>
          <Name xml:lang="en" xmlns="http://www.sdmx.org/resources/sdmxml/schemas/v2_1/common">organo costituzionale o a rilevanza costituzionale</Name>
          <Parent>
            <Ref id="21" xmlns="" />
          </Parent>
        </Code>
        <Code id="22" urn="urn:sdmx:org.sdmx.infomodel.codelist.Code=IT1:CL_FORMGIUR(1.1).22">
          <Name xml:lang="it" xmlns="http://www.sdmx.org/resources/sdmxml/schemas/v2_1/common">amministrazione dello Stato</Name>
          <Name xml:lang="en" xmlns="http://www.sdmx.org/resources/sdmxml/schemas/v2_1/common">amministrazione dello Stato</Name>
        </Code>
        <Code id="2210" urn="urn:sdmx:org.sdmx.infomodel.codelist.Code=IT1:CL_FORMGIUR(1.1).2210">
          <Name xml:lang="it" xmlns="http://www.sdmx.org/resources/sdmxml/schemas/v2_1/common">presidenza del consiglio</Name>
          <Name xml:lang="en" xmlns="http://www.sdmx.org/resources/sdmxml/schemas/v2_1/common">presidenza del consiglio</Name>
          <Parent>
            <Ref id="22" xmlns="" />
          </Parent>
        </Code>
        <Code id="2220" urn="urn:sdmx:org.sdmx.infomodel.codelist.Code=IT1:CL_FORMGIUR(1.1).2220">
          <Name xml:lang="it" xmlns="http://www.sdmx.org/resources/sdmxml/schemas/v2_1/common">ministero</Name>
          <Name xml:lang="en" xmlns="http://www.sdmx.org/resources/sdmxml/schemas/v2_1/common">ministero</Name>
          <Parent>
            <Ref id="22" xmlns="" />
          </Parent>
        </Code>
        <Code id="2230" urn="urn:sdmx:org.sdmx.infomodel.codelist.Code=IT1:CL_FORMGIUR(1.1).2230">
          <Name xml:lang="it" xmlns="http://www.sdmx.org/resources/sdmxml/schemas/v2_1/common">agenzia dello Stato</Name>
          <Name xml:lang="en" xmlns="http://www.sdmx.org/resources/sdmxml/schemas/v2_1/common">agenzia dello Stato</Name>
          <Parent>
            <Ref id="22" xmlns="" />
          </Parent>
        </Code>
        <Code id="2240" urn="urn:sdmx:org.sdmx.infomodel.codelist.Code=IT1:CL_FORMGIUR(1.1).2240">
          <Name xml:lang="it" xmlns="http://www.sdmx.org/resources/sdmxml/schemas/v2_1/common">archivio notarile</Name>
          <Name xml:lang="en" xmlns="http://www.sdmx.org/resources/sdmxml/schemas/v2_1/common">archivio notarile</Name>
          <Parent>
            <Ref id="22" xmlns="" />
          </Parent>
        </Code>
        <Code id="23" urn="urn:sdmx:org.sdmx.infomodel.codelist.Code=IT1:CL_FORMGIUR(1.1).23">
          <Name xml:lang="it" xmlns="http://www.sdmx.org/resources/sdmxml/schemas/v2_1/common">autorità indipendente</Name>
          <Name xml:lang="en" xmlns="http://www.sdmx.org/resources/sdmxml/schemas/v2_1/common">autorità indipendente</Name>
        </Code>
        <Code id="2300" urn="urn:sdmx:org.sdmx.infomodel.codelist.Code=IT1:CL_FORMGIUR(1.1).2300">
          <Name xml:lang="it" xmlns="http://www.sdmx.org/resources/sdmxml/schemas/v2_1/common">autorità indipendenti</Name>
          <Name xml:lang="en" xmlns="http://www.sdmx.org/resources/sdmxml/schemas/v2_1/common">autorità indipendenti</Name>
          <Parent>
            <Ref id="23" xmlns="" />
          </Parent>
        </Code>
        <Code id="24" urn="urn:sdmx:org.sdmx.infomodel.codelist.Code=IT1:CL_FORMGIUR(1.1).24">
          <Name xml:lang="it" xmlns="http://www.sdmx.org/resources/sdmxml/schemas/v2_1/common">regione e autonomia locale</Name>
          <Name xml:lang="en" xmlns="http://www.sdmx.org/resources/sdmxml/schemas/v2_1/common">regione e autonomia locale</Name>
        </Code>
        <Code id="2410" urn="urn:sdmx:org.sdmx.infomodel.codelist.Code=IT1:CL_FORMGIUR(1.1).2410">
          <Name xml:lang="it" xmlns="http://www.sdmx.org/resources/sdmxml/schemas/v2_1/common">regione</Name>
          <Name xml:lang="en" xmlns="http://www.sdmx.org/resources/sdmxml/schemas/v2_1/common">regione</Name>
          <Parent>
            <Ref id="24" xmlns="" />
          </Parent>
        </Code>
        <Code id="2420" urn="urn:sdmx:org.sdmx.infomodel.codelist.Code=IT1:CL_FORMGIUR(1.1).2420">
          <Name xml:lang="it" xmlns="http://www.sdmx.org/resources/sdmxml/schemas/v2_1/common">provincia</Name>
          <Name xml:lang="en" xmlns="http://www.sdmx.org/resources/sdmxml/schemas/v2_1/common">provincia</Name>
          <Parent>
            <Ref id="24" xmlns="" />
          </Parent>
        </Code>
        <Code id="2430" urn="urn:sdmx:org.sdmx.infomodel.codelist.Code=IT1:CL_FORMGIUR(1.1).2430">
          <Name xml:lang="it" xmlns="http://www.sdmx.org/resources/sdmxml/schemas/v2_1/common">comune</Name>
          <Name xml:lang="en" xmlns="http://www.sdmx.org/resources/sdmxml/schemas/v2_1/common">comune</Name>
          <Parent>
            <Ref id="24" xmlns="" />
          </Parent>
        </Code>
        <Code id="2440" urn="urn:sdmx:org.sdmx.infomodel.codelist.Code=IT1:CL_FORMGIUR(1.1).2440">
          <Name xml:lang="it" xmlns="http://www.sdmx.org/resources/sdmxml/schemas/v2_1/common">comunità montana o isolana</Name>
          <Name xml:lang="en" xmlns="http://www.sdmx.org/resources/sdmxml/schemas/v2_1/common">comunità montana o isolana</Name>
          <Parent>
            <Ref id="24" xmlns="" />
          </Parent>
        </Code>
        <Code id="2450" urn="urn:sdmx:org.sdmx.infomodel.codelist.Code=IT1:CL_FORMGIUR(1.1).2450">
          <Name xml:lang="it" xmlns="http://www.sdmx.org/resources/sdmxml/schemas/v2_1/common">unione di comuni</Name>
          <Name xml:lang="en" xmlns="http://www.sdmx.org/resources/sdmxml/schemas/v2_1/common">unione di comuni</Name>
          <Parent>
            <Ref id="24" xmlns="" />
          </Parent>
        </Code>
        <Code id="2460" urn="urn:sdmx:org.sdmx.infomodel.codelist.Code=IT1:CL_FORMGIUR(1.1).2460">
          <Name xml:lang="it" xmlns="http://www.sdmx.org/resources/sdmxml/schemas/v2_1/common">città metropolitana</Name>
          <Name xml:lang="en" xmlns="http://www.sdmx.org/resources/sdmxml/schemas/v2_1/common">città metropolitana</Name>
          <Parent>
            <Ref id="24" xmlns="" />
          </Parent>
        </Code>
        <Code id="25" urn="urn:sdmx:org.sdmx.infomodel.codelist.Code=IT1:CL_FORMGIUR(1.1).25">
          <Name xml:lang="it" xmlns="http://www.sdmx.org/resources/sdmxml/schemas/v2_1/common">azienda o ente del servizio sanitario nazionale</Name>
          <Name xml:lang="en" xmlns="http://www.sdmx.org/resources/sdmxml/schemas/v2_1/common">azienda o ente del servizio sanitario nazionale</Name>
        </Code>
        <Code id="2500" urn="urn:sdmx:org.sdmx.infomodel.codelist.Code=IT1:CL_FORMGIUR(1.1).2500">
          <Name xml:lang="it" xmlns="http://www.sdmx.org/resources/sdmxml/schemas/v2_1/common">azienda o ente del servizio sanitario nazionale</Name>
          <Name xml:lang="en" xmlns="http://www.sdmx.org/resources/sdmxml/schemas/v2_1/common">azienda o ente del servizio sanitario nazionale</Name>
          <Parent>
            <Ref id="25" xmlns="" />
          </Parent>
        </Code>
        <Code id="26" urn="urn:sdmx:org.sdmx.infomodel.codelist.Code=IT1:CL_FORMGIUR(1.1).26">
          <Name xml:lang="it" xmlns="http://www.sdmx.org/resources/sdmxml/schemas/v2_1/common">istituto, scuola e università pubblica</Name>
          <Name xml:lang="en" xmlns="http://www.sdmx.org/resources/sdmxml/schemas/v2_1/common">istituto, scuola e università pubblica</Name>
        </Code>
        <Code id="2610" urn="urn:sdmx:org.sdmx.infomodel.codelist.Code=IT1:CL_FORMGIUR(1.1).2610">
          <Name xml:lang="it" xmlns="http://www.sdmx.org/resources/sdmxml/schemas/v2_1/common">istituto e scuola pubblica di ogni ordine e grado</Name>
          <Name xml:lang="en" xmlns="http://www.sdmx.org/resources/sdmxml/schemas/v2_1/common">istituto e scuola pubblica di ogni ordine e grado</Name>
          <Parent>
            <Ref id="26" xmlns="" />
          </Parent>
        </Code>
        <Code id="2620" urn="urn:sdmx:org.sdmx.infomodel.codelist.Code=IT1:CL_FORMGIUR(1.1).2620">
          <Name xml:lang="it" xmlns="http://www.sdmx.org/resources/sdmxml/schemas/v2_1/common">università pubblica</Name>
          <Name xml:lang="en" xmlns="http://www.sdmx.org/resources/sdmxml/schemas/v2_1/common">università pubblica</Name>
          <Parent>
            <Ref id="26" xmlns="" />
          </Parent>
        </Code>
        <Code id="27" urn="urn:sdmx:org.sdmx.infomodel.codelist.Code=IT1:CL_FORMGIUR(1.1).27">
          <Name xml:lang="it" xmlns="http://www.sdmx.org/resources/sdmxml/schemas/v2_1/common">ente pubblico non economico</Name>
          <Name xml:lang="en" xmlns="http://www.sdmx.org/resources/sdmxml/schemas/v2_1/common">ente pubblico non economico</Name>
        </Code>
        <Code id="2711" urn="urn:sdmx:org.sdmx.infomodel.codelist.Code=IT1:CL_FORMGIUR(1.1).2711">
          <Name xml:lang="it" xmlns="http://www.sdmx.org/resources/sdmxml/schemas/v2_1/common">istituto o ente pubblico di ricerca</Name>
          <Name xml:lang="en" xmlns="http://www.sdmx.org/resources/sdmxml/schemas/v2_1/common">istituto o ente pubblico di ricerca</Name>
          <Parent>
            <Ref id="27" xmlns="" />
          </Parent>
        </Code>
        <Code id="2712" urn="urn:sdmx:org.sdmx.infomodel.codelist.Code=IT1:CL_FORMGIUR(1.1).2712">
          <Name xml:lang="it" xmlns="http://www.sdmx.org/resources/sdmxml/schemas/v2_1/common">istituto pubblico di assistenza e beneficenza</Name>
          <Name xml:lang="en" xmlns="http://www.sdmx.org/resources/sdmxml/schemas/v2_1/common">istituto pubblico di assistenza e beneficenza</Name>
          <Parent>
            <Ref id="27" xmlns="" />
          </Parent>
        </Code>
        <Code id="2720" urn="urn:sdmx:org.sdmx.infomodel.codelist.Code=IT1:CL_FORMGIUR(1.1).2720">
          <Name xml:lang="it" xmlns="http://www.sdmx.org/resources/sdmxml/schemas/v2_1/common">camera di commercio</Name>
          <Name xml:lang="en" xmlns="http://www.sdmx.org/resources/sdmxml/schemas/v2_1/common">camera di commercio</Name>
          <Parent>
            <Ref id="27" xmlns="" />
          </Parent>
        </Code>
        <Code id="2730" urn="urn:sdmx:org.sdmx.infomodel.codelist.Code=IT1:CL_FORMGIUR(1.1).2730">
          <Name xml:lang="it" xmlns="http://www.sdmx.org/resources/sdmxml/schemas/v2_1/common">ordine e collegio professionale</Name>
          <Name xml:lang="en" xmlns="http://www.sdmx.org/resources/sdmxml/schemas/v2_1/common">ordine e collegio professionale</Name>
          <Parent>
            <Ref id="27" xmlns="" />
          </Parent>
        </Code>
        <Code id="2740" urn="urn:sdmx:org.sdmx.infomodel.codelist.Code=IT1:CL_FORMGIUR(1.1).2740">
          <Name xml:lang="it" xmlns="http://www.sdmx.org/resources/sdmxml/schemas/v2_1/common">consorzio di diritto pubblico</Name>
          <Name xml:lang="en" xmlns="http://www.sdmx.org/resources/sdmxml/schemas/v2_1/common">consorzio di diritto pubblico</Name>
          <Parent>
            <Ref id="27" xmlns="" />
          </Parent>
        </Code>
        <Code id="2751" urn="urn:sdmx:org.sdmx.infomodel.codelist.Code=IT1:CL_FORMGIUR(1.1).2751">
          <Name xml:lang="it" xmlns="http://www.sdmx.org/resources/sdmxml/schemas/v2_1/common">ente parco</Name>
          <Name xml:lang="en" xmlns="http://www.sdmx.org/resources/sdmxml/schemas/v2_1/common">ente parco</Name>
          <Parent>
            <Ref id="27" xmlns="" />
          </Parent>
        </Code>
        <Code id="2752" urn="urn:sdmx:org.sdmx.infomodel.codelist.Code=IT1:CL_FORMGIUR(1.1).2752">
          <Name xml:lang="it" xmlns="http://www.sdmx.org/resources/sdmxml/schemas/v2_1/common">ente o autorità portuale</Name>
          <Name xml:lang="en" xmlns="http://www.sdmx.org/resources/sdmxml/schemas/v2_1/common">ente o autorità portuale</Name>
          <Parent>
            <Ref id="27" xmlns="" />
          </Parent>
        </Code>
        <Code id="2753" urn="urn:sdmx:org.sdmx.infomodel.codelist.Code=IT1:CL_FORMGIUR(1.1).2753">
          <Name xml:lang="it" xmlns="http://www.sdmx.org/resources/sdmxml/schemas/v2_1/common">ente di sviluppo agricolo regionale o di altro ente locale</Name>
          <Name xml:lang="en" xmlns="http://www.sdmx.org/resources/sdmxml/schemas/v2_1/common">ente di sviluppo agricolo regionale o di altro ente locale</Name>
          <Parent>
            <Ref id="27" xmlns="" />
          </Parent>
        </Code>
        <Code id="2754" urn="urn:sdmx:org.sdmx.infomodel.codelist.Code=IT1:CL_FORMGIUR(1.1).2754">
          <Name xml:lang="it" xmlns="http://www.sdmx.org/resources/sdmxml/schemas/v2_1/common">ente per il turismo</Name>
          <Name xml:lang="en" xmlns="http://www.sdmx.org/resources/sdmxml/schemas/v2_1/common">ente per il turismo</Name>
          <Parent>
            <Ref id="27" xmlns="" />
          </Parent>
        </Code>
        <Code id="2755" urn="urn:sdmx:org.sdmx.infomodel.codelist.Code=IT1:CL_FORMGIUR(1.1).2755">
          <Name xml:lang="it" xmlns="http://www.sdmx.org/resources/sdmxml/schemas/v2_1/common">ente ambientale regionale</Name>
          <Name xml:lang="en" xmlns="http://www.sdmx.org/resources/sdmxml/schemas/v2_1/common">ente ambientale regionale</Name>
          <Parent>
            <Ref id="27" xmlns="" />
          </Parent>
        </Code>
        <Code id="2756" urn="urn:sdmx:org.sdmx.infomodel.codelist.Code=IT1:CL_FORMGIUR(1.1).2756">
          <Name xml:lang="it" xmlns="http://www.sdmx.org/resources/sdmxml/schemas/v2_1/common">ente per la ricerca e per l’aggiornamento educativo</Name>
          <Name xml:lang="en" xmlns="http://www.sdmx.org/resources/sdmxml/schemas/v2_1/common">ente per la ricerca e per l’aggiornamento educativo</Name>
          <Parent>
            <Ref id="27" xmlns="" />
          </Parent>
        </Code>
        <Code id="2790" urn="urn:sdmx:org.sdmx.infomodel.codelist.Code=IT1:CL_FORMGIUR(1.1).2790">
          <Name xml:lang="it" xmlns="http://www.sdmx.org/resources/sdmxml/schemas/v2_1/common">altro ente pubblico non economico nazionale</Name>
          <Name xml:lang="en" xmlns="http://www.sdmx.org/resources/sdmxml/schemas/v2_1/common">altro ente pubblico non economico nazionale</Name>
          <Parent>
            <Ref id="27" xmlns="" />
          </Parent>
        </Code>
        <Code id="X299" urn="urn:sdmx:org.sdmx.infomodel.codelist.Code=IT1:CL_FORMGIUR(1.1).X299">
          <Name xml:lang="it" xmlns="http://www.sdmx.org/resources/sdmxml/schemas/v2_1/common">ente (comunanze, università, regole, ecc) o comune che gestisce le proprietà collettive</Name>
          <Name xml:lang="en" xmlns="http://www.sdmx.org/resources/sdmxml/schemas/v2_1/common">ente (comunanze, università, regole, ecc) o comune che gestisce le proprietà collettive</Name>
        </Code>
        <Code id="X1430_17" urn="urn:sdmx:org.sdmx.infomodel.codelist.Code=IT1:CL_FORMGIUR(1.1).X1430_17">
          <Name xml:lang="it" xmlns="http://www.sdmx.org/resources/sdmxml/schemas/v2_1/common">ente privato senza fini di lucro (1430 + 17)</Name>
          <Name xml:lang="en" xmlns="http://www.sdmx.org/resources/sdmxml/schemas/v2_1/common">ente privato senza fini di lucro (1430 + 17)</Name>
        </Code>
        <Code id="X15_18_19" urn="urn:sdmx:org.sdmx.infomodel.codelist.Code=IT1:CL_FORMGIUR(1.1).X15_18_19">
          <Name xml:lang="it" xmlns="http://www.sdmx.org/resources/sdmxml/schemas/v2_1/common">altra forma giuridica (15 + 18 + 19)</Name>
          <Name xml:lang="en" xmlns="http://www.sdmx.org/resources/sdmxml/schemas/v2_1/common">altra forma giuridica (15 + 18 + 19)</Name>
        </Code>
        <Code id="TOT" urn="urn:sdmx:org.sdmx.infomodel.codelist.Code=IT1:CL_FORMGIUR(1.1).TOT">
          <Name xml:lang="it" xmlns="http://www.sdmx.org/resources/sdmxml/schemas/v2_1/common">totale</Name>
          <Name xml:lang="en" xmlns="http://www.sdmx.org/resources/sdmxml/schemas/v2_1/common">totale</Name>
        </Code>
      </Codelist>
      <Codelist id="CL_FREQ" urn="urn:sdmx:org.sdmx.infomodel.codelist.Codelist=IT1:CL_FREQ(1.0)" agencyID="IT1" version="1.0" isFinal="true">
        <Name xml:lang="it" xmlns="http://www.sdmx.org/resources/sdmxml/schemas/v2_1/common">Periodicità</Name>
        <Name xml:lang="en" xmlns="http://www.sdmx.org/resources/sdmxml/schemas/v2_1/common">Frequency</Name>
        <Code id="A" urn="urn:sdmx:org.sdmx.infomodel.codelist.Code=IT1:CL_FREQ(1.0).A">
          <Name xml:lang="it" xmlns="http://www.sdmx.org/resources/sdmxml/schemas/v2_1/common">annuale</Name>
          <Name xml:lang="en" xmlns="http://www.sdmx.org/resources/sdmxml/schemas/v2_1/common">annual</Name>
        </Code>
        <Code id="B" urn="urn:sdmx:org.sdmx.infomodel.codelist.Code=IT1:CL_FREQ(1.0).B">
          <Name xml:lang="it" xmlns="http://www.sdmx.org/resources/sdmxml/schemas/v2_1/common">business (non supportato)</Name>
          <Name xml:lang="en" xmlns="http://www.sdmx.org/resources/sdmxml/schemas/v2_1/common">business (not supported)</Name>
        </Code>
        <Code id="D" urn="urn:sdmx:org.sdmx.infomodel.codelist.Code=IT1:CL_FREQ(1.0).D">
          <Name xml:lang="it" xmlns="http://www.sdmx.org/resources/sdmxml/schemas/v2_1/common">giornaliero</Name>
          <Name xml:lang="en" xmlns="http://www.sdmx.org/resources/sdmxml/schemas/v2_1/common">daily</Name>
        </Code>
        <Code id="E" urn="urn:sdmx:org.sdmx.infomodel.codelist.Code=IT1:CL_FREQ(1.0).E">
          <Name xml:lang="it" xmlns="http://www.sdmx.org/resources/sdmxml/schemas/v2_1/common">event (non supportato)</Name>
          <Name xml:lang="en" xmlns="http://www.sdmx.org/resources/sdmxml/schemas/v2_1/common">event (not supported)</Name>
        </Code>
        <Code id="H" urn="urn:sdmx:org.sdmx.infomodel.codelist.Code=IT1:CL_FREQ(1.0).H">
          <Name xml:lang="it" xmlns="http://www.sdmx.org/resources/sdmxml/schemas/v2_1/common">semestrale</Name>
          <Name xml:lang="en" xmlns="http://www.sdmx.org/resources/sdmxml/schemas/v2_1/common">half-yearly</Name>
        </Code>
        <Code id="M" urn="urn:sdmx:org.sdmx.infomodel.codelist.Code=IT1:CL_FREQ(1.0).M">
          <Name xml:lang="it" xmlns="http://www.sdmx.org/resources/sdmxml/schemas/v2_1/common">mensile</Name>
          <Name xml:lang="en" xmlns="http://www.sdmx.org/resources/sdmxml/schemas/v2_1/common">monthly</Name>
        </Code>
        <Code id="Q" urn="urn:sdmx:org.sdmx.infomodel.codelist.Code=IT1:CL_FREQ(1.0).Q">
          <Name xml:lang="it" xmlns="http://www.sdmx.org/resources/sdmxml/schemas/v2_1/common">trimestrale</Name>
          <Name xml:lang="en" xmlns="http://www.sdmx.org/resources/sdmxml/schemas/v2_1/common">quarterly</Name>
        </Code>
        <Code id="W" urn="urn:sdmx:org.sdmx.infomodel.codelist.Code=IT1:CL_FREQ(1.0).W">
          <Name xml:lang="it" xmlns="http://www.sdmx.org/resources/sdmxml/schemas/v2_1/common">settimanale</Name>
          <Name xml:lang="en" xmlns="http://www.sdmx.org/resources/sdmxml/schemas/v2_1/common">weekly</Name>
        </Code>
      </Codelist>
      <Codelist id="CL_MANODOPERA" urn="urn:sdmx:org.sdmx.infomodel.codelist.Codelist=IT1:CL_MANODOPERA(1.1)" agencyID="IT1" version="1.1" isFinal="true">
        <Name xml:lang="it" xmlns="http://www.sdmx.org/resources/sdmxml/schemas/v2_1/common">Categoria di manodopera</Name>
        <Name xml:lang="en" xmlns="http://www.sdmx.org/resources/sdmxml/schemas/v2_1/common">Labour force category</Name>
        <Code id="HOL" urn="urn:sdmx:org.sdmx.infomodel.codelist.Code=IT1:CL_MANODOPERA(1.1).HOL">
          <Name xml:lang="it" xmlns="http://www.sdmx.org/resources/sdmxml/schemas/v2_1/common">conduttore</Name>
          <Name xml:lang="en" xmlns="http://www.sdmx.org/resources/sdmxml/schemas/v2_1/common">holder</Name>
        </Code>
        <Code id="SPOWF" urn="urn:sdmx:org.sdmx.infomodel.codelist.Code=IT1:CL_MANODOPERA(1.1).SPOWF">
          <Name xml:lang="it" xmlns="http://www.sdmx.org/resources/sdmxml/schemas/v2_1/common">coniuge che lavora in azienda</Name>
          <Name xml:lang="en" xmlns="http://www.sdmx.org/resources/sdmxml/schemas/v2_1/common">spouse working in the farm</Name>
        </Code>
        <Code id="OFMWF" urn="urn:sdmx:org.sdmx.infomodel.codelist.Code=IT1:CL_MANODOPERA(1.1).OFMWF">
          <Name xml:lang="it" xmlns="http://www.sdmx.org/resources/sdmxml/schemas/v2_1/common">altri familiari del conduttore che lavorano in azienda</Name>
          <Name xml:lang="en" xmlns="http://www.sdmx.org/resources/sdmxml/schemas/v2_1/common">other family members working  in the farm</Name>
        </Code>
        <Code id="RH" urn="urn:sdmx:org.sdmx.infomodel.codelist.Code=IT1:CL_MANODOPERA(1.1).RH">
          <Name xml:lang="it" xmlns="http://www.sdmx.org/resources/sdmxml/schemas/v2_1/common">parenti del conduttore che lavorano in azienda</Name>
          <Name xml:lang="en" xmlns="http://www.sdmx.org/resources/sdmxml/schemas/v2_1/common">relatives of the holder working in the farm</Name>
        </Code>
        <Code id="OFRH" urn="urn:sdmx:org.sdmx.infomodel.codelist.Code=IT1:CL_MANODOPERA(1.1).OFRH">
          <Name xml:lang="it" xmlns="http://www.sdmx.org/resources/sdmxml/schemas/v2_1/common">altri familiari e parenti del conduttore che lavorano in azienda</Name>
          <Name xml:lang="en" xmlns="http://www.sdmx.org/resources/sdmxml/schemas/v2_1/common">other family members and relatives of the holder working in the farm</Name>
        </Code>
        <Code id="TFLF" urn="urn:sdmx:org.sdmx.infomodel.codelist.Code=IT1:CL_MANODOPERA(1.1).TFLF">
          <Name xml:lang="it" xmlns="http://www.sdmx.org/resources/sdmxml/schemas/v2_1/common">tutte le voci relative alla manodopera aziendale familiare</Name>
          <Name xml:lang="en" xmlns="http://www.sdmx.org/resources/sdmxml/schemas/v2_1/common">all items related to family labour force</Name>
        </Code>
        <Code id="NFLRE" urn="urn:sdmx:org.sdmx.infomodel.codelist.Code=IT1:CL_MANODOPERA(1.1).NFLRE">
          <Name xml:lang="it" xmlns="http://www.sdmx.org/resources/sdmxml/schemas/v2_1/common">altra manodopera aziendale in forma continuativa</Name>
          <Name xml:lang="en" xmlns="http://www.sdmx.org/resources/sdmxml/schemas/v2_1/common">non-family labour regularly employed</Name>
        </Code>
        <Code id="OLERB" urn="urn:sdmx:org.sdmx.infomodel.codelist.Code=IT1:CL_MANODOPERA(1.1).OLERB">
          <Name xml:lang="it" xmlns="http://www.sdmx.org/resources/sdmxml/schemas/v2_1/common">altra manodopera aziendale in forma saltuaria</Name>
          <Name xml:lang="en" xmlns="http://www.sdmx.org/resources/sdmxml/schemas/v2_1/common">other labour employed on a non-regular basis</Name>
        </Code>
        <Code id="LNDEH" urn="urn:sdmx:org.sdmx.infomodel.codelist.Code=IT1:CL_MANODOPERA(1.1).LNDEH">
          <Name xml:lang="it" xmlns="http://www.sdmx.org/resources/sdmxml/schemas/v2_1/common">lavoratori non assunti direttamente dall'azienda</Name>
          <Name xml:lang="en" xmlns="http://www.sdmx.org/resources/sdmxml/schemas/v2_1/common">labour not directly employed by the farm</Name>
        </Code>
        <Code id="TNFLF" urn="urn:sdmx:org.sdmx.infomodel.codelist.Code=IT1:CL_MANODOPERA(1.1).TNFLF">
          <Name xml:lang="it" xmlns="http://www.sdmx.org/resources/sdmxml/schemas/v2_1/common">tutte le voci relative alla manodopera aziendale non familiare</Name>
          <Name xml:lang="en" xmlns="http://www.sdmx.org/resources/sdmxml/schemas/v2_1/common">all items related to non-family labour force</Name>
        </Code>
        <Code id="THLF" urn="urn:sdmx:org.sdmx.infomodel.codelist.Code=IT1:CL_MANODOPERA(1.1).THLF">
          <Name xml:lang="it" xmlns="http://www.sdmx.org/resources/sdmxml/schemas/v2_1/common">tutte le voci relative alla manodopera aziendale</Name>
          <Name xml:lang="en" xmlns="http://www.sdmx.org/resources/sdmxml/schemas/v2_1/common">all items related to holding labour force</Name>
        </Code>
        <Code id="SPODWF" urn="urn:sdmx:org.sdmx.infomodel.codelist.Code=IT1:CL_MANODOPERA(1.1).SPODWF">
          <Name xml:lang="it" xmlns="http://www.sdmx.org/resources/sdmxml/schemas/v2_1/common">coniuge che non lavora in azienda</Name>
          <Name xml:lang="en" xmlns="http://www.sdmx.org/resources/sdmxml/schemas/v2_1/common">spouse doesn't working in the farm</Name>
        </Code>
        <Code id="OFMDWF" urn="urn:sdmx:org.sdmx.infomodel.codelist.Code=IT1:CL_MANODOPERA(1.1).OFMDWF">
          <Name xml:lang="it" xmlns="http://www.sdmx.org/resources/sdmxml/schemas/v2_1/common">altri familiari del conduttore che non lavorano in azienda</Name>
          <Name xml:lang="en" xmlns="http://www.sdmx.org/resources/sdmxml/schemas/v2_1/common">other family components do not working in the farm</Name>
        </Code>
        <Code id="SOTFDWF" urn="urn:sdmx:org.sdmx.infomodel.codelist.Code=IT1:CL_MANODOPERA(1.1).SOTFDWF">
          <Name xml:lang="it" xmlns="http://www.sdmx.org/resources/sdmxml/schemas/v2_1/common">coniuge e altri familiari che non lavorano in azienda</Name>
          <Name xml:lang="en" xmlns="http://www.sdmx.org/resources/sdmxml/schemas/v2_1/common">spouse and other family components do not working in the farm</Name>
        </Code>
        <Code id="TFLFSOF" urn="urn:sdmx:org.sdmx.infomodel.codelist.Code=IT1:CL_MANODOPERA(1.1).TFLFSOF">
          <Name xml:lang="it" xmlns="http://www.sdmx.org/resources/sdmxml/schemas/v2_1/common">tutte le voci relative alla manodopera aziendale familiare più coniuge e altri familiari che non lavorano in azienda</Name>
          <Name xml:lang="en" xmlns="http://www.sdmx.org/resources/sdmxml/schemas/v2_1/common">all items related to family labour force, spouse and other family components do not working in the farm</Name>
        </Code>
        <Code id="THMAN" urn="urn:sdmx:org.sdmx.infomodel.codelist.Code=IT1:CL_MANODOPERA(1.1).THMAN">
          <Name xml:lang="it" xmlns="http://www.sdmx.org/resources/sdmxml/schemas/v2_1/common">tutte le voci di manodopera aziendale compatibili con la funzione di capo azienda</Name>
          <Name xml:lang="en" xmlns="http://www.sdmx.org/resources/sdmxml/schemas/v2_1/common">all labour force items related to the holding manager function</Name>
        </Code>
        <Code id="TFLF_NFLRE" urn="urn:sdmx:org.sdmx.infomodel.codelist.Code=IT1:CL_MANODOPERA(1.1).TFLF_NFLRE">
          <Name xml:lang="it" xmlns="http://www.sdmx.org/resources/sdmxml/schemas/v2_1/common">tutte le voci di manodopera familiare e altra manodopera in forma continuativa</Name>
          <Name xml:lang="en" xmlns="http://www.sdmx.org/resources/sdmxml/schemas/v2_1/common">all items related to family labour force and non-family labour regularly employed</Name>
        </Code>
        <Code id="TFLF_RE_NRE" urn="urn:sdmx:org.sdmx.infomodel.codelist.Code=IT1:CL_MANODOPERA(1.1).TFLF_RE_NRE">
          <Name xml:lang="it" xmlns="http://www.sdmx.org/resources/sdmxml/schemas/v2_1/common">tutte le voci di manodopera familiare e altra manodopera in forma continuativa o saltuaria</Name>
          <Name xml:lang="en" xmlns="http://www.sdmx.org/resources/sdmxml/schemas/v2_1/common">all items related to family labour force and non-family labour regularly employed or other labour employed on a non-regular basis</Name>
        </Code>
        <Code id="PENFLF" urn="urn:sdmx:org.sdmx.infomodel.codelist.Code=IT1:CL_MANODOPERA(1.1).PENFLF">
          <Name xml:lang="it" xmlns="http://www.sdmx.org/resources/sdmxml/schemas/v2_1/common">altra manodopera aziendale a tempo indeterminato</Name>
          <Name xml:lang="en" xmlns="http://www.sdmx.org/resources/sdmxml/schemas/v2_1/common">non-family labour force permanently employed</Name>
        </Code>
        <Code id="TENFLF" urn="urn:sdmx:org.sdmx.infomodel.codelist.Code=IT1:CL_MANODOPERA(1.1).TENFLF">
          <Name xml:lang="it" xmlns="http://www.sdmx.org/resources/sdmxml/schemas/v2_1/common">altra manodopera aziendale a tempo determinato</Name>
          <Name xml:lang="en" xmlns="http://www.sdmx.org/resources/sdmxml/schemas/v2_1/common">non-family labour force temporarily employed</Name>
        </Code>
        <Code id="TSLF" urn="urn:sdmx:org.sdmx.infomodel.codelist.Code=IT1:CL_MANODOPERA(1.1).TSLF">
          <Name xml:lang="it" xmlns="http://www.sdmx.org/resources/sdmxml/schemas/v2_1/common">tutte le voci di manodopera aziendale compatibili con confronto in serie storica</Name>
          <Name xml:lang="en" xmlns="http://www.sdmx.org/resources/sdmxml/schemas/v2_1/common">all labour force items related to time series</Name>
        </Code>
      </Codelist>
      <Codelist id="CL_OBS_CONF" urn="urn:sdmx:org.sdmx.infomodel.codelist.Codelist=IT1:CL_OBS_CONF(1.0)" agencyID="IT1" version="1.0" isFinal="true">
        <Name xml:lang="it" xmlns="http://www.sdmx.org/resources/sdmxml/schemas/v2_1/common">Riservatezza del dato</Name>
        <Name xml:lang="en" xmlns="http://www.sdmx.org/resources/sdmxml/schemas/v2_1/common">Observation confidentiality</Name>
        <Code id="C" urn="urn:sdmx:org.sdmx.infomodel.codelist.Code=IT1:CL_OBS_CONF(1.0).C">
          <Name xml:lang="it" xmlns="http://www.sdmx.org/resources/sdmxml/schemas/v2_1/common">Non pubblicabile e riservato</Name>
          <Name xml:lang="en" xmlns="http://www.sdmx.org/resources/sdmxml/schemas/v2_1/common">Non-publishable and confidential</Name>
        </Code>
        <Code id="F" urn="urn:sdmx:org.sdmx.infomodel.codelist.Code=IT1:CL_OBS_CONF(1.0).F">
          <Name xml:lang="it" xmlns="http://www.sdmx.org/resources/sdmxml/schemas/v2_1/common">Libero</Name>
          <Name xml:lang="en" xmlns="http://www.sdmx.org/resources/sdmxml/schemas/v2_1/common">Free</Name>
        </Code>
        <Code id="N" urn="urn:sdmx:org.sdmx.infomodel.codelist.Code=IT1:CL_OBS_CONF(1.0).N">
          <Name xml:lang="it" xmlns="http://www.sdmx.org/resources/sdmxml/schemas/v2_1/common">Non pubblicabile ma non riservato</Name>
          <Name xml:lang="en" xmlns="http://www.sdmx.org/resources/sdmxml/schemas/v2_1/common">Non-publishable, but non-confidential</Name>
        </Code>
        <Code id="R" urn="urn:sdmx:org.sdmx.infomodel.codelist.Code=IT1:CL_OBS_CONF(1.0).R">
          <Name xml:lang="it" xmlns="http://www.sdmx.org/resources/sdmxml/schemas/v2_1/common">Informazione statistica riservata a causa di rispondenti identificabili</Name>
          <Name xml:lang="en" xmlns="http://www.sdmx.org/resources/sdmxml/schemas/v2_1/common">Confidential statistical information due to identifiable respondents</Name>
        </Code>
        <Code id="D" urn="urn:sdmx:org.sdmx.infomodel.codelist.Code=IT1:CL_OBS_CONF(1.0).D">
          <Name xml:lang="it" xmlns="http://www.sdmx.org/resources/sdmxml/schemas/v2_1/common">Secondary confidentiality set by the sender, not for publication</Name>
          <Name xml:lang="en" xmlns="http://www.sdmx.org/resources/sdmxml/schemas/v2_1/common">Secondary confidentiality set by the sender, not for publication</Name>
        </Code>
        <Code id="S" urn="urn:sdmx:org.sdmx.infomodel.codelist.Code=IT1:CL_OBS_CONF(1.0).S">
          <Name xml:lang="it" xmlns="http://www.sdmx.org/resources/sdmxml/schemas/v2_1/common">INTERNAL EUROSTAT?: Secondary confidentiality set and managed  by the: receiver, not for publication</Name>
          <Name xml:lang="en" xmlns="http://www.sdmx.org/resources/sdmxml/schemas/v2_1/common">INTERNAL EUROSTAT?: Secondary confidentiality set and managed  by the: receiver, not for publication</Name>
        </Code>
      </Codelist>
      <Codelist id="CL_PERCENT" urn="urn:sdmx:org.sdmx.infomodel.codelist.Codelist=IT1:CL_PERCENT(1.1)" agencyID="IT1" version="1.1" isFinal="true">
        <Name xml:lang="it" xmlns="http://www.sdmx.org/resources/sdmxml/schemas/v2_1/common">Percentuale</Name>
        <Name xml:lang="en" xmlns="http://www.sdmx.org/resources/sdmxml/schemas/v2_1/common">Percentage</Name>
        <Code id="P0" urn="urn:sdmx:org.sdmx.infomodel.codelist.Code=IT1:CL_PERCENT(1.1).P0">
          <Name xml:lang="it" xmlns="http://www.sdmx.org/resources/sdmxml/schemas/v2_1/common">0</Name>
          <Name xml:lang="en" xmlns="http://www.sdmx.org/resources/sdmxml/schemas/v2_1/common">0</Name>
        </Code>
        <Code id="P1_01-24_99" urn="urn:sdmx:org.sdmx.infomodel.codelist.Code=IT1:CL_PERCENT(1.1).P1_01-24_99">
          <Name xml:lang="it" xmlns="http://www.sdmx.org/resources/sdmxml/schemas/v2_1/common">0,01-24,99 per cento</Name>
          <Name xml:lang="en" xmlns="http://www.sdmx.org/resources/sdmxml/schemas/v2_1/common">0.01-24.99 percent</Name>
        </Code>
        <Code id="P_UN25" urn="urn:sdmx:org.sdmx.infomodel.codelist.Code=IT1:CL_PERCENT(1.1).P_UN25">
          <Name xml:lang="it" xmlns="http://www.sdmx.org/resources/sdmxml/schemas/v2_1/common">fino a 25 per cento</Name>
          <Name xml:lang="en" xmlns="http://www.sdmx.org/resources/sdmxml/schemas/v2_1/common">until 25 percent</Name>
        </Code>
        <Code id="P25-49_99" urn="urn:sdmx:org.sdmx.infomodel.codelist.Code=IT1:CL_PERCENT(1.1).P25-49_99">
          <Name xml:lang="it" xmlns="http://www.sdmx.org/resources/sdmxml/schemas/v2_1/common">25-49,99 per cento</Name>
          <Name xml:lang="en" xmlns="http://www.sdmx.org/resources/sdmxml/schemas/v2_1/common">25-49.99 percent</Name>
        </Code>
        <Code id="P26-50" urn="urn:sdmx:org.sdmx.infomodel.codelist.Code=IT1:CL_PERCENT(1.1).P26-50">
          <Name xml:lang="it" xmlns="http://www.sdmx.org/resources/sdmxml/schemas/v2_1/common">26-50 per cento</Name>
          <Name xml:lang="en" xmlns="http://www.sdmx.org/resources/sdmxml/schemas/v2_1/common">26-50 percent</Name>
        </Code>
        <Code id="P51-75" urn="urn:sdmx:org.sdmx.infomodel.codelist.Code=IT1:CL_PERCENT(1.1).P51-75">
          <Name xml:lang="it" xmlns="http://www.sdmx.org/resources/sdmxml/schemas/v2_1/common">51-75 per cento</Name>
          <Name xml:lang="en" xmlns="http://www.sdmx.org/resources/sdmxml/schemas/v2_1/common">51-75 percent</Name>
        </Code>
        <Code id="P50-74_99" urn="urn:sdmx:org.sdmx.infomodel.codelist.Code=IT1:CL_PERCENT(1.1).P50-74_99">
          <Name xml:lang="it" xmlns="http://www.sdmx.org/resources/sdmxml/schemas/v2_1/common">50-74,99 per cento</Name>
          <Name xml:lang="en" xmlns="http://www.sdmx.org/resources/sdmxml/schemas/v2_1/common">50-74.99 percent</Name>
        </Code>
        <Code id="P75-99_99" urn="urn:sdmx:org.sdmx.infomodel.codelist.Code=IT1:CL_PERCENT(1.1).P75-99_99">
          <Name xml:lang="it" xmlns="http://www.sdmx.org/resources/sdmxml/schemas/v2_1/common">75-99,99 per cento</Name>
          <Name xml:lang="en" xmlns="http://www.sdmx.org/resources/sdmxml/schemas/v2_1/common">75-99.99 percent</Name>
        </Code>
        <Code id="P76-100" urn="urn:sdmx:org.sdmx.infomodel.codelist.Code=IT1:CL_PERCENT(1.1).P76-100">
          <Name xml:lang="it" xmlns="http://www.sdmx.org/resources/sdmxml/schemas/v2_1/common">76-100 per cento</Name>
          <Name xml:lang="en" xmlns="http://www.sdmx.org/resources/sdmxml/schemas/v2_1/common">76-100 percent</Name>
        </Code>
        <Code id="P100" urn="urn:sdmx:org.sdmx.infomodel.codelist.Code=IT1:CL_PERCENT(1.1).P100">
          <Name xml:lang="it" xmlns="http://www.sdmx.org/resources/sdmxml/schemas/v2_1/common">100 per cento</Name>
          <Name xml:lang="en" xmlns="http://www.sdmx.org/resources/sdmxml/schemas/v2_1/common">100 percent</Name>
        </Code>
        <Code id="TOT" urn="urn:sdmx:org.sdmx.infomodel.codelist.Code=IT1:CL_PERCENT(1.1).TOT">
          <Name xml:lang="it" xmlns="http://www.sdmx.org/resources/sdmxml/schemas/v2_1/common">totale</Name>
          <Name xml:lang="en" xmlns="http://www.sdmx.org/resources/sdmxml/schemas/v2_1/common">total</Name>
        </Code>
        <Code id="P_UN5" urn="urn:sdmx:org.sdmx.infomodel.codelist.Code=IT1:CL_PERCENT(1.1).P_UN5">
          <Name xml:lang="it" xmlns="http://www.sdmx.org/resources/sdmxml/schemas/v2_1/common">fino al 5 per cento</Name>
          <Name xml:lang="en" xmlns="http://www.sdmx.org/resources/sdmxml/schemas/v2_1/common">until 5 percent</Name>
        </Code>
        <Code id="P5_01-10" urn="urn:sdmx:org.sdmx.infomodel.codelist.Code=IT1:CL_PERCENT(1.1).P5_01-10">
          <Name xml:lang="it" xmlns="http://www.sdmx.org/resources/sdmxml/schemas/v2_1/common">5,01-10 per cento</Name>
          <Name xml:lang="en" xmlns="http://www.sdmx.org/resources/sdmxml/schemas/v2_1/common">5.01-10 percent</Name>
        </Code>
        <Code id="P10_01-15" urn="urn:sdmx:org.sdmx.infomodel.codelist.Code=IT1:CL_PERCENT(1.1).P10_01-15">
          <Name xml:lang="it" xmlns="http://www.sdmx.org/resources/sdmxml/schemas/v2_1/common">10,01-15 per cento</Name>
          <Name xml:lang="en" xmlns="http://www.sdmx.org/resources/sdmxml/schemas/v2_1/common">10.01-15 percent</Name>
        </Code>
        <Code id="P15_01-25" urn="urn:sdmx:org.sdmx.infomodel.codelist.Code=IT1:CL_PERCENT(1.1).P15_01-25">
          <Name xml:lang="it" xmlns="http://www.sdmx.org/resources/sdmxml/schemas/v2_1/common">15,01-25 per cento</Name>
          <Name xml:lang="en" xmlns="http://www.sdmx.org/resources/sdmxml/schemas/v2_1/common">15.01-25 percent</Name>
        </Code>
        <Code id="PGE25_01" urn="urn:sdmx:org.sdmx.infomodel.codelist.Code=IT1:CL_PERCENT(1.1).PGE25_01">
          <Name xml:lang="it" xmlns="http://www.sdmx.org/resources/sdmxml/schemas/v2_1/common">25,01 per cento e più</Name>
          <Name xml:lang="en" xmlns="http://www.sdmx.org/resources/sdmxml/schemas/v2_1/common">25.01 percent and over</Name>
        </Code>
      </Codelist>
      <Codelist id="CL_REFAREA" urn="urn:sdmx:org.sdmx.infomodel.codelist.Codelist=IT1:CL_REFAREA(1.2)" agencyID="IT1" version="1.2" isFinal="true">
        <Name xml:lang="it" xmlns="http://www.sdmx.org/resources/sdmxml/schemas/v2_1/common">Territorio</Name>
        <Name xml:lang="en" xmlns="http://www.sdmx.org/resources/sdmxml/schemas/v2_1/common">Territory</Name>
        <Code id="00" urn="urn:sdmx:org.sdmx.infomodel.codelist.Code=IT1:CL_REFAREA(1.2).00">
          <Name xml:lang="it" xmlns="http://www.sdmx.org/resources/sdmxml/schemas/v2_1/common">Raggruppamento a 107 province</Name>
          <Name xml:lang="en" xmlns="http://www.sdmx.org/resources/sdmxml/schemas/v2_1/common">Raggruppamento a 107 province</Name>
        </Code>
        <Code id="001001" urn="urn:sdmx:org.sdmx.infomodel.codelist.Code=IT1:CL_REFAREA(1.2).001001">
          <Name xml:lang="it" xmlns="http://www.sdmx.org/resources/sdmxml/schemas/v2_1/common">Agliè</Name>
          <Name xml:lang="en" xmlns="http://www.sdmx.org/resources/sdmxml/schemas/v2_1/common">Agliè</Name>
          <Parent>
            <Ref id="ITC11" xmlns="" />
          </Parent>
        </Code>
        <Code id="001002" urn="urn:sdmx:org.sdmx.infomodel.codelist.Code=IT1:CL_REFAREA(1.2).001002">
          <Name xml:lang="it" xmlns="http://www.sdmx.org/resources/sdmxml/schemas/v2_1/common">Airasca</Name>
          <Name xml:lang="en" xmlns="http://www.sdmx.org/resources/sdmxml/schemas/v2_1/common">Airasca</Name>
          <Parent>
            <Ref id="ITC11" xmlns="" />
          </Parent>
        </Code>
        <Code id="001003" urn="urn:sdmx:org.sdmx.infomodel.codelist.Code=IT1:CL_REFAREA(1.2).001003">
          <Name xml:lang="it" xmlns="http://www.sdmx.org/resources/sdmxml/schemas/v2_1/common">Ala di Stura</Name>
          <Name xml:lang="en" xmlns="http://www.sdmx.org/resources/sdmxml/schemas/v2_1/common">Ala di Stura</Name>
          <Parent>
            <Ref id="ITC11" xmlns="" />
          </Parent>
        </Code>
        <Code id="001004" urn="urn:sdmx:org.sdmx.infomodel.codelist.Code=IT1:CL_REFAREA(1.2).001004">
          <Name xml:lang="it" xmlns="http://www.sdmx.org/resources/sdmxml/schemas/v2_1/common">Albiano d'Ivrea</Name>
          <Name xml:lang="en" xmlns="http://www.sdmx.org/resources/sdmxml/schemas/v2_1/common">Albiano d'Ivrea</Name>
          <Parent>
            <Ref id="ITC11" xmlns="" />
          </Parent>
        </Code>
        <Code id="001005" urn="urn:sdmx:org.sdmx.infomodel.codelist.Code=IT1:CL_REFAREA(1.2).001005">
          <Name xml:lang="it" xmlns="http://www.sdmx.org/resources/sdmxml/schemas/v2_1/common">Alice Superiore</Name>
          <Name xml:lang="en" xmlns="http://www.sdmx.org/resources/sdmxml/schemas/v2_1/common">Alice Superiore</Name>
          <Parent>
            <Ref id="ITC11" xmlns="" />
          </Parent>
        </Code>
        <Code id="001006" urn="urn:sdmx:org.sdmx.infomodel.codelist.Code=IT1:CL_REFAREA(1.2).001006">
          <Name xml:lang="it" xmlns="http://www.sdmx.org/resources/sdmxml/schemas/v2_1/common">Almese</Name>
          <Name xml:lang="en" xmlns="http://www.sdmx.org/resources/sdmxml/schemas/v2_1/common">Almese</Name>
          <Parent>
            <Ref id="ITC11" xmlns="" />
          </Parent>
        </Code>
        <Code id="001007" urn="urn:sdmx:org.sdmx.infomodel.codelist.Code=IT1:CL_REFAREA(1.2).001007">
          <Name xml:lang="it" xmlns="http://www.sdmx.org/resources/sdmxml/schemas/v2_1/common">Alpette</Name>
          <Name xml:lang="en" xmlns="http://www.sdmx.org/resources/sdmxml/schemas/v2_1/common">Alpette</Name>
          <Parent>
            <Ref id="ITC11" xmlns="" />
          </Parent>
        </Code>
        <Code id="001008" urn="urn:sdmx:org.sdmx.infomodel.codelist.Code=IT1:CL_REFAREA(1.2).001008">
          <Name xml:lang="it" xmlns="http://www.sdmx.org/resources/sdmxml/schemas/v2_1/common">Alpignano</Name>
          <Name xml:lang="en" xmlns="http://www.sdmx.org/resources/sdmxml/schemas/v2_1/common">Alpignano</Name>
          <Parent>
            <Ref id="ITC11" xmlns="" />
          </Parent>
        </Code>
        <Code id="001009" urn="urn:sdmx:org.sdmx.infomodel.codelist.Code=IT1:CL_REFAREA(1.2).001009">
          <Name xml:lang="it" xmlns="http://www.sdmx.org/resources/sdmxml/schemas/v2_1/common">Andezeno</Name>
          <Name xml:lang="en" xmlns="http://www.sdmx.org/resources/sdmxml/schemas/v2_1/common">Andezeno</Name>
          <Parent>
            <Ref id="ITC11" xmlns="" />
          </Parent>
        </Code>
        <Code id="001010" urn="urn:sdmx:org.sdmx.infomodel.codelist.Code=IT1:CL_REFAREA(1.2).001010">
          <Name xml:lang="it" xmlns="http://www.sdmx.org/resources/sdmxml/schemas/v2_1/common">Andrate</Name>
          <Name xml:lang="en" xmlns="http://www.sdmx.org/resources/sdmxml/schemas/v2_1/common">Andrate</Name>
          <Parent>
            <Ref id="ITC11" xmlns="" />
          </Parent>
        </Code>
        <Code id="001011" urn="urn:sdmx:org.sdmx.infomodel.codelist.Code=IT1:CL_REFAREA(1.2).001011">
          <Name xml:lang="it" xmlns="http://www.sdmx.org/resources/sdmxml/schemas/v2_1/common">Angrogna</Name>
          <Name xml:lang="en" xmlns="http://www.sdmx.org/resources/sdmxml/schemas/v2_1/common">Angrogna</Name>
          <Parent>
            <Ref id="ITC11" xmlns="" />
          </Parent>
        </Code>
        <Code id="001012" urn="urn:sdmx:org.sdmx.infomodel.codelist.Code=IT1:CL_REFAREA(1.2).001012">
          <Name xml:lang="it" xmlns="http://www.sdmx.org/resources/sdmxml/schemas/v2_1/common">Arignano</Name>
          <Name xml:lang="en" xmlns="http://www.sdmx.org/resources/sdmxml/schemas/v2_1/common">Arignano</Name>
          <Parent>
            <Ref id="ITC11" xmlns="" />
          </Parent>
        </Code>
        <Code id="001013" urn="urn:sdmx:org.sdmx.infomodel.codelist.Code=IT1:CL_REFAREA(1.2).001013">
          <Name xml:lang="it" xmlns="http://www.sdmx.org/resources/sdmxml/schemas/v2_1/common">Avigliana</Name>
          <Name xml:lang="en" xmlns="http://www.sdmx.org/resources/sdmxml/schemas/v2_1/common">Avigliana</Name>
          <Parent>
            <Ref id="ITC11" xmlns="" />
          </Parent>
        </Code>
        <Code id="001014" urn="urn:sdmx:org.sdmx.infomodel.codelist.Code=IT1:CL_REFAREA(1.2).001014">
          <Name xml:lang="it" xmlns="http://www.sdmx.org/resources/sdmxml/schemas/v2_1/common">Azeglio</Name>
          <Name xml:lang="en" xmlns="http://www.sdmx.org/resources/sdmxml/schemas/v2_1/common">Azeglio</Name>
          <Parent>
            <Ref id="ITC11" xmlns="" />
          </Parent>
        </Code>
        <Code id="001015" urn="urn:sdmx:org.sdmx.infomodel.codelist.Code=IT1:CL_REFAREA(1.2).001015">
          <Name xml:lang="it" xmlns="http://www.sdmx.org/resources/sdmxml/schemas/v2_1/common">Bairo</Name>
          <Name xml:lang="en" xmlns="http://www.sdmx.org/resources/sdmxml/schemas/v2_1/common">Bairo</Name>
          <Parent>
            <Ref id="ITC11" xmlns="" />
          </Parent>
        </Code>
        <Code id="001016" urn="urn:sdmx:org.sdmx.infomodel.codelist.Code=IT1:CL_REFAREA(1.2).001016">
          <Name xml:lang="it" xmlns="http://www.sdmx.org/resources/sdmxml/schemas/v2_1/common">Balangero</Name>
          <Name xml:lang="en" xmlns="http://www.sdmx.org/resources/sdmxml/schemas/v2_1/common">Balangero</Name>
          <Parent>
            <Ref id="ITC11" xmlns="" />
          </Parent>
        </Code>
        <Code id="001017" urn="urn:sdmx:org.sdmx.infomodel.codelist.Code=IT1:CL_REFAREA(1.2).001017">
          <Name xml:lang="it" xmlns="http://www.sdmx.org/resources/sdmxml/schemas/v2_1/common">Baldissero Canavese</Name>
          <Name xml:lang="en" xmlns="http://www.sdmx.org/resources/sdmxml/schemas/v2_1/common">Baldissero Canavese</Name>
          <Parent>
            <Ref id="ITC11" xmlns="" />
          </Parent>
        </Code>
        <Code id="001018" urn="urn:sdmx:org.sdmx.infomodel.codelist.Code=IT1:CL_REFAREA(1.2).001018">
          <Name xml:lang="it" xmlns="http://www.sdmx.org/resources/sdmxml/schemas/v2_1/common">Baldissero Torinese</Name>
          <Name xml:lang="en" xmlns="http://www.sdmx.org/resources/sdmxml/schemas/v2_1/common">Baldissero Torinese</Name>
          <Parent>
            <Ref id="ITC11" xmlns="" />
          </Parent>
        </Code>
        <Code id="001019" urn="urn:sdmx:org.sdmx.infomodel.codelist.Code=IT1:CL_REFAREA(1.2).001019">
          <Name xml:lang="it" xmlns="http://www.sdmx.org/resources/sdmxml/schemas/v2_1/common">Balme</Name>
          <Name xml:lang="en" xmlns="http://www.sdmx.org/resources/sdmxml/schemas/v2_1/common">Balme</Name>
          <Parent>
            <Ref id="ITC11" xmlns="" />
          </Parent>
        </Code>
        <Code id="001020" urn="urn:sdmx:org.sdmx.infomodel.codelist.Code=IT1:CL_REFAREA(1.2).001020">
          <Name xml:lang="it" xmlns="http://www.sdmx.org/resources/sdmxml/schemas/v2_1/common">Banchette</Name>
          <Name xml:lang="en" xmlns="http://www.sdmx.org/resources/sdmxml/schemas/v2_1/common">Banchette</Name>
          <Parent>
            <Ref id="ITC11" xmlns="" />
          </Parent>
        </Code>
        <Code id="001021" urn="urn:sdmx:org.sdmx.infomodel.codelist.Code=IT1:CL_REFAREA(1.2).001021">
          <Name xml:lang="it" xmlns="http://www.sdmx.org/resources/sdmxml/schemas/v2_1/common">Barbania</Name>
          <Name xml:lang="en" xmlns="http://www.sdmx.org/resources/sdmxml/schemas/v2_1/common">Barbania</Name>
          <Parent>
            <Ref id="ITC11" xmlns="" />
          </Parent>
        </Code>
        <Code id="001022" urn="urn:sdmx:org.sdmx.infomodel.codelist.Code=IT1:CL_REFAREA(1.2).001022">
          <Name xml:lang="it" xmlns="http://www.sdmx.org/resources/sdmxml/schemas/v2_1/common">Bardonecchia</Name>
          <Name xml:lang="en" xmlns="http://www.sdmx.org/resources/sdmxml/schemas/v2_1/common">Bardonecchia</Name>
          <Parent>
            <Ref id="ITC11" xmlns="" />
          </Parent>
        </Code>
        <Code id="001023" urn="urn:sdmx:org.sdmx.infomodel.codelist.Code=IT1:CL_REFAREA(1.2).001023">
          <Name xml:lang="it" xmlns="http://www.sdmx.org/resources/sdmxml/schemas/v2_1/common">Barone Canavese</Name>
          <Name xml:lang="en" xmlns="http://www.sdmx.org/resources/sdmxml/schemas/v2_1/common">Barone Canavese</Name>
          <Parent>
            <Ref id="ITC11" xmlns="" />
          </Parent>
        </Code>
        <Code id="001024" urn="urn:sdmx:org.sdmx.infomodel.codelist.Code=IT1:CL_REFAREA(1.2).001024">
          <Name xml:lang="it" xmlns="http://www.sdmx.org/resources/sdmxml/schemas/v2_1/common">Beinasco</Name>
          <Name xml:lang="en" xmlns="http://www.sdmx.org/resources/sdmxml/schemas/v2_1/common">Beinasco</Name>
          <Parent>
            <Ref id="ITC11" xmlns="" />
          </Parent>
        </Code>
        <Code id="001025" urn="urn:sdmx:org.sdmx.infomodel.codelist.Code=IT1:CL_REFAREA(1.2).001025">
          <Name xml:lang="it" xmlns="http://www.sdmx.org/resources/sdmxml/schemas/v2_1/common">Bibiana</Name>
          <Name xml:lang="en" xmlns="http://www.sdmx.org/resources/sdmxml/schemas/v2_1/common">Bibiana</Name>
          <Parent>
            <Ref id="ITC11" xmlns="" />
          </Parent>
        </Code>
        <Code id="001026" urn="urn:sdmx:org.sdmx.infomodel.codelist.Code=IT1:CL_REFAREA(1.2).001026">
          <Name xml:lang="it" xmlns="http://www.sdmx.org/resources/sdmxml/schemas/v2_1/common">Bobbio Pellice</Name>
          <Name xml:lang="en" xmlns="http://www.sdmx.org/resources/sdmxml/schemas/v2_1/common">Bobbio Pellice</Name>
          <Parent>
            <Ref id="ITC11" xmlns="" />
          </Parent>
        </Code>
        <Code id="001027" urn="urn:sdmx:org.sdmx.infomodel.codelist.Code=IT1:CL_REFAREA(1.2).001027">
          <Name xml:lang="it" xmlns="http://www.sdmx.org/resources/sdmxml/schemas/v2_1/common">Bollengo</Name>
          <Name xml:lang="en" xmlns="http://www.sdmx.org/resources/sdmxml/schemas/v2_1/common">Bollengo</Name>
          <Parent>
            <Ref id="ITC11" xmlns="" />
          </Parent>
        </Code>
        <Code id="001028" urn="urn:sdmx:org.sdmx.infomodel.codelist.Code=IT1:CL_REFAREA(1.2).001028">
          <Name xml:lang="it" xmlns="http://www.sdmx.org/resources/sdmxml/schemas/v2_1/common">Borgaro Torinese</Name>
          <Name xml:lang="en" xmlns="http://www.sdmx.org/resources/sdmxml/schemas/v2_1/common">Borgaro Torinese</Name>
          <Parent>
            <Ref id="ITC11" xmlns="" />
          </Parent>
        </Code>
        <Code id="001029" urn="urn:sdmx:org.sdmx.infomodel.codelist.Code=IT1:CL_REFAREA(1.2).001029">
          <Name xml:lang="it" xmlns="http://www.sdmx.org/resources/sdmxml/schemas/v2_1/common">Borgiallo</Name>
          <Name xml:lang="en" xmlns="http://www.sdmx.org/resources/sdmxml/schemas/v2_1/common">Borgiallo</Name>
          <Parent>
            <Ref id="ITC11" xmlns="" />
          </Parent>
        </Code>
        <Code id="001030" urn="urn:sdmx:org.sdmx.infomodel.codelist.Code=IT1:CL_REFAREA(1.2).001030">
          <Name xml:lang="it" xmlns="http://www.sdmx.org/resources/sdmxml/schemas/v2_1/common">Borgofranco d'Ivrea</Name>
          <Name xml:lang="en" xmlns="http://www.sdmx.org/resources/sdmxml/schemas/v2_1/common">Borgofranco d'Ivrea</Name>
          <Parent>
            <Ref id="ITC11" xmlns="" />
          </Parent>
        </Code>
        <Code id="001031" urn="urn:sdmx:org.sdmx.infomodel.codelist.Code=IT1:CL_REFAREA(1.2).001031">
          <Name xml:lang="it" xmlns="http://www.sdmx.org/resources/sdmxml/schemas/v2_1/common">Borgomasino</Name>
          <Name xml:lang="en" xmlns="http://www.sdmx.org/resources/sdmxml/schemas/v2_1/common">Borgomasino</Name>
          <Parent>
            <Ref id="ITC11" xmlns="" />
          </Parent>
        </Code>
        <Code id="001032" urn="urn:sdmx:org.sdmx.infomodel.codelist.Code=IT1:CL_REFAREA(1.2).001032">
          <Name xml:lang="it" xmlns="http://www.sdmx.org/resources/sdmxml/schemas/v2_1/common">Borgone Susa</Name>
          <Name xml:lang="en" xmlns="http://www.sdmx.org/resources/sdmxml/schemas/v2_1/common">Borgone Susa</Name>
          <Parent>
            <Ref id="ITC11" xmlns="" />
          </Parent>
        </Code>
        <Code id="001033" urn="urn:sdmx:org.sdmx.infomodel.codelist.Code=IT1:CL_REFAREA(1.2).001033">
          <Name xml:lang="it" xmlns="http://www.sdmx.org/resources/sdmxml/schemas/v2_1/common">Bosconero</Name>
          <Name xml:lang="en" xmlns="http://www.sdmx.org/resources/sdmxml/schemas/v2_1/common">Bosconero</Name>
          <Parent>
            <Ref id="ITC11" xmlns="" />
          </Parent>
        </Code>
        <Code id="001034" urn="urn:sdmx:org.sdmx.infomodel.codelist.Code=IT1:CL_REFAREA(1.2).001034">
          <Name xml:lang="it" xmlns="http://www.sdmx.org/resources/sdmxml/schemas/v2_1/common">Brandizzo</Name>
          <Name xml:lang="en" xmlns="http://www.sdmx.org/resources/sdmxml/schemas/v2_1/common">Brandizzo</Name>
          <Parent>
            <Ref id="ITC11" xmlns="" />
          </Parent>
        </Code>
        <Code id="001035" urn="urn:sdmx:org.sdmx.infomodel.codelist.Code=IT1:CL_REFAREA(1.2).001035">
          <Name xml:lang="it" xmlns="http://www.sdmx.org/resources/sdmxml/schemas/v2_1/common">Bricherasio</Name>
          <Name xml:lang="en" xmlns="http://www.sdmx.org/resources/sdmxml/schemas/v2_1/common">Bricherasio</Name>
          <Parent>
            <Ref id="ITC11" xmlns="" />
          </Parent>
        </Code>
        <Code id="001036" urn="urn:sdmx:org.sdmx.infomodel.codelist.Code=IT1:CL_REFAREA(1.2).001036">
          <Name xml:lang="it" xmlns="http://www.sdmx.org/resources/sdmxml/schemas/v2_1/common">Brosso</Name>
          <Name xml:lang="en" xmlns="http://www.sdmx.org/resources/sdmxml/schemas/v2_1/common">Brosso</Name>
          <Parent>
            <Ref id="ITC11" xmlns="" />
          </Parent>
        </Code>
        <Code id="001037" urn="urn:sdmx:org.sdmx.infomodel.codelist.Code=IT1:CL_REFAREA(1.2).001037">
          <Name xml:lang="it" xmlns="http://www.sdmx.org/resources/sdmxml/schemas/v2_1/common">Brozolo</Name>
          <Name xml:lang="en" xmlns="http://www.sdmx.org/resources/sdmxml/schemas/v2_1/common">Brozolo</Name>
          <Parent>
            <Ref id="ITC11" xmlns="" />
          </Parent>
        </Code>
        <Code id="001038" urn="urn:sdmx:org.sdmx.infomodel.codelist.Code=IT1:CL_REFAREA(1.2).001038">
          <Name xml:lang="it" xmlns="http://www.sdmx.org/resources/sdmxml/schemas/v2_1/common">Bruino</Name>
          <Name xml:lang="en" xmlns="http://www.sdmx.org/resources/sdmxml/schemas/v2_1/common">Bruino</Name>
          <Parent>
            <Ref id="ITC11" xmlns="" />
          </Parent>
        </Code>
        <Code id="001039" urn="urn:sdmx:org.sdmx.infomodel.codelist.Code=IT1:CL_REFAREA(1.2).001039">
          <Name xml:lang="it" xmlns="http://www.sdmx.org/resources/sdmxml/schemas/v2_1/common">Brusasco</Name>
          <Name xml:lang="en" xmlns="http://www.sdmx.org/resources/sdmxml/schemas/v2_1/common">Brusasco</Name>
          <Parent>
            <Ref id="ITC11" xmlns="" />
          </Parent>
        </Code>
        <Code id="001040" urn="urn:sdmx:org.sdmx.infomodel.codelist.Code=IT1:CL_REFAREA(1.2).001040">
          <Name xml:lang="it" xmlns="http://www.sdmx.org/resources/sdmxml/schemas/v2_1/common">Bruzolo</Name>
          <Name xml:lang="en" xmlns="http://www.sdmx.org/resources/sdmxml/schemas/v2_1/common">Bruzolo</Name>
          <Parent>
            <Ref id="ITC11" xmlns="" />
          </Parent>
        </Code>
        <Code id="001041" urn="urn:sdmx:org.sdmx.infomodel.codelist.Code=IT1:CL_REFAREA(1.2).001041">
          <Name xml:lang="it" xmlns="http://www.sdmx.org/resources/sdmxml/schemas/v2_1/common">Buriasco</Name>
          <Name xml:lang="en" xmlns="http://www.sdmx.org/resources/sdmxml/schemas/v2_1/common">Buriasco</Name>
          <Parent>
            <Ref id="ITC11" xmlns="" />
          </Parent>
        </Code>
        <Code id="001042" urn="urn:sdmx:org.sdmx.infomodel.codelist.Code=IT1:CL_REFAREA(1.2).001042">
          <Name xml:lang="it" xmlns="http://www.sdmx.org/resources/sdmxml/schemas/v2_1/common">Burolo</Name>
          <Name xml:lang="en" xmlns="http://www.sdmx.org/resources/sdmxml/schemas/v2_1/common">Burolo</Name>
          <Parent>
            <Ref id="ITC11" xmlns="" />
          </Parent>
        </Code>
        <Code id="001043" urn="urn:sdmx:org.sdmx.infomodel.codelist.Code=IT1:CL_REFAREA(1.2).001043">
          <Name xml:lang="it" xmlns="http://www.sdmx.org/resources/sdmxml/schemas/v2_1/common">Busano</Name>
          <Name xml:lang="en" xmlns="http://www.sdmx.org/resources/sdmxml/schemas/v2_1/common">Busano</Name>
          <Parent>
            <Ref id="ITC11" xmlns="" />
          </Parent>
        </Code>
        <Code id="001044" urn="urn:sdmx:org.sdmx.infomodel.codelist.Code=IT1:CL_REFAREA(1.2).001044">
          <Name xml:lang="it" xmlns="http://www.sdmx.org/resources/sdmxml/schemas/v2_1/common">Bussoleno</Name>
          <Name xml:lang="en" xmlns="http://www.sdmx.org/resources/sdmxml/schemas/v2_1/common">Bussoleno</Name>
          <Parent>
            <Ref id="ITC11" xmlns="" />
          </Parent>
        </Code>
        <Code id="001045" urn="urn:sdmx:org.sdmx.infomodel.codelist.Code=IT1:CL_REFAREA(1.2).001045">
          <Name xml:lang="it" xmlns="http://www.sdmx.org/resources/sdmxml/schemas/v2_1/common">Buttigliera Alta</Name>
          <Name xml:lang="en" xmlns="http://www.sdmx.org/resources/sdmxml/schemas/v2_1/common">Buttigliera Alta</Name>
          <Parent>
            <Ref id="ITC11" xmlns="" />
          </Parent>
        </Code>
        <Code id="001046" urn="urn:sdmx:org.sdmx.infomodel.codelist.Code=IT1:CL_REFAREA(1.2).001046">
          <Name xml:lang="it" xmlns="http://www.sdmx.org/resources/sdmxml/schemas/v2_1/common">Cafasse</Name>
          <Name xml:lang="en" xmlns="http://www.sdmx.org/resources/sdmxml/schemas/v2_1/common">Cafasse</Name>
          <Parent>
            <Ref id="ITC11" xmlns="" />
          </Parent>
        </Code>
        <Code id="001047" urn="urn:sdmx:org.sdmx.infomodel.codelist.Code=IT1:CL_REFAREA(1.2).001047">
          <Name xml:lang="it" xmlns="http://www.sdmx.org/resources/sdmxml/schemas/v2_1/common">Caluso</Name>
          <Name xml:lang="en" xmlns="http://www.sdmx.org/resources/sdmxml/schemas/v2_1/common">Caluso</Name>
          <Parent>
            <Ref id="ITC11" xmlns="" />
          </Parent>
        </Code>
        <Code id="001048" urn="urn:sdmx:org.sdmx.infomodel.codelist.Code=IT1:CL_REFAREA(1.2).001048">
          <Name xml:lang="it" xmlns="http://www.sdmx.org/resources/sdmxml/schemas/v2_1/common">Cambiano</Name>
          <Name xml:lang="en" xmlns="http://www.sdmx.org/resources/sdmxml/schemas/v2_1/common">Cambiano</Name>
          <Parent>
            <Ref id="ITC11" xmlns="" />
          </Parent>
        </Code>
        <Code id="001049" urn="urn:sdmx:org.sdmx.infomodel.codelist.Code=IT1:CL_REFAREA(1.2).001049">
          <Name xml:lang="it" xmlns="http://www.sdmx.org/resources/sdmxml/schemas/v2_1/common">Campiglione Fenile</Name>
          <Name xml:lang="en" xmlns="http://www.sdmx.org/resources/sdmxml/schemas/v2_1/common">Campiglione Fenile</Name>
          <Parent>
            <Ref id="ITC11" xmlns="" />
          </Parent>
        </Code>
        <Code id="001050" urn="urn:sdmx:org.sdmx.infomodel.codelist.Code=IT1:CL_REFAREA(1.2).001050">
          <Name xml:lang="it" xmlns="http://www.sdmx.org/resources/sdmxml/schemas/v2_1/common">Candia Canavese</Name>
          <Name xml:lang="en" xmlns="http://www.sdmx.org/resources/sdmxml/schemas/v2_1/common">Candia Canavese</Name>
          <Parent>
            <Ref id="ITC11" xmlns="" />
          </Parent>
        </Code>
        <Code id="001051" urn="urn:sdmx:org.sdmx.infomodel.codelist.Code=IT1:CL_REFAREA(1.2).001051">
          <Name xml:lang="it" xmlns="http://www.sdmx.org/resources/sdmxml/schemas/v2_1/common">Candiolo</Name>
          <Name xml:lang="en" xmlns="http://www.sdmx.org/resources/sdmxml/schemas/v2_1/common">Candiolo</Name>
          <Parent>
            <Ref id="ITC11" xmlns="" />
          </Parent>
        </Code>
        <Code id="001052" urn="urn:sdmx:org.sdmx.infomodel.codelist.Code=IT1:CL_REFAREA(1.2).001052">
          <Name xml:lang="it" xmlns="http://www.sdmx.org/resources/sdmxml/schemas/v2_1/common">Canischio</Name>
          <Name xml:lang="en" xmlns="http://www.sdmx.org/resources/sdmxml/schemas/v2_1/common">Canischio</Name>
          <Parent>
            <Ref id="ITC11" xmlns="" />
          </Parent>
        </Code>
        <Code id="001053" urn="urn:sdmx:org.sdmx.infomodel.codelist.Code=IT1:CL_REFAREA(1.2).001053">
          <Name xml:lang="it" xmlns="http://www.sdmx.org/resources/sdmxml/schemas/v2_1/common">Cantalupa</Name>
          <Name xml:lang="en" xmlns="http://www.sdmx.org/resources/sdmxml/schemas/v2_1/common">Cantalupa</Name>
          <Parent>
            <Ref id="ITC11" xmlns="" />
          </Parent>
        </Code>
        <Code id="001054" urn="urn:sdmx:org.sdmx.infomodel.codelist.Code=IT1:CL_REFAREA(1.2).001054">
          <Name xml:lang="it" xmlns="http://www.sdmx.org/resources/sdmxml/schemas/v2_1/common">Cantoira</Name>
          <Name xml:lang="en" xmlns="http://www.sdmx.org/resources/sdmxml/schemas/v2_1/common">Cantoira</Name>
          <Parent>
            <Ref id="ITC11" xmlns="" />
          </Parent>
        </Code>
        <Code id="001055" urn="urn:sdmx:org.sdmx.infomodel.codelist.Code=IT1:CL_REFAREA(1.2).001055">
          <Name xml:lang="it" xmlns="http://www.sdmx.org/resources/sdmxml/schemas/v2_1/common">Caprie</Name>
          <Name xml:lang="en" xmlns="http://www.sdmx.org/resources/sdmxml/schemas/v2_1/common">Caprie</Name>
          <Parent>
            <Ref id="ITC11" xmlns="" />
          </Parent>
        </Code>
        <Code id="001056" urn="urn:sdmx:org.sdmx.infomodel.codelist.Code=IT1:CL_REFAREA(1.2).001056">
          <Name xml:lang="it" xmlns="http://www.sdmx.org/resources/sdmxml/schemas/v2_1/common">Caravino</Name>
          <Name xml:lang="en" xmlns="http://www.sdmx.org/resources/sdmxml/schemas/v2_1/common">Caravino</Name>
          <Parent>
            <Ref id="ITC11" xmlns="" />
          </Parent>
        </Code>
        <Code id="001057" urn="urn:sdmx:org.sdmx.infomodel.codelist.Code=IT1:CL_REFAREA(1.2).001057">
          <Name xml:lang="it" xmlns="http://www.sdmx.org/resources/sdmxml/schemas/v2_1/common">Carema</Name>
          <Name xml:lang="en" xmlns="http://www.sdmx.org/resources/sdmxml/schemas/v2_1/common">Carema</Name>
          <Parent>
            <Ref id="ITC11" xmlns="" />
          </Parent>
        </Code>
        <Code id="001058" urn="urn:sdmx:org.sdmx.infomodel.codelist.Code=IT1:CL_REFAREA(1.2).001058">
          <Name xml:lang="it" xmlns="http://www.sdmx.org/resources/sdmxml/schemas/v2_1/common">Carignano</Name>
          <Name xml:lang="en" xmlns="http://www.sdmx.org/resources/sdmxml/schemas/v2_1/common">Carignano</Name>
          <Parent>
            <Ref id="ITC11" xmlns="" />
          </Parent>
        </Code>
        <Code id="001059" urn="urn:sdmx:org.sdmx.infomodel.codelist.Code=IT1:CL_REFAREA(1.2).001059">
          <Name xml:lang="it" xmlns="http://www.sdmx.org/resources/sdmxml/schemas/v2_1/common">Carmagnola</Name>
          <Name xml:lang="en" xmlns="http://www.sdmx.org/resources/sdmxml/schemas/v2_1/common">Carmagnola</Name>
          <Parent>
            <Ref id="ITC11" xmlns="" />
          </Parent>
        </Code>
        <Code id="001060" urn="urn:sdmx:org.sdmx.infomodel.codelist.Code=IT1:CL_REFAREA(1.2).001060">
          <Name xml:lang="it" xmlns="http://www.sdmx.org/resources/sdmxml/schemas/v2_1/common">Casalborgone</Name>
          <Name xml:lang="en" xmlns="http://www.sdmx.org/resources/sdmxml/schemas/v2_1/common">Casalborgone</Name>
          <Parent>
            <Ref id="ITC11" xmlns="" />
          </Parent>
        </Code>
        <Code id="001061" urn="urn:sdmx:org.sdmx.infomodel.codelist.Code=IT1:CL_REFAREA(1.2).001061">
          <Name xml:lang="it" xmlns="http://www.sdmx.org/resources/sdmxml/schemas/v2_1/common">Cascinette d'Ivrea</Name>
          <Name xml:lang="en" xmlns="http://www.sdmx.org/resources/sdmxml/schemas/v2_1/common">Cascinette d'Ivrea</Name>
          <Parent>
            <Ref id="ITC11" xmlns="" />
          </Parent>
        </Code>
        <Code id="001062" urn="urn:sdmx:org.sdmx.infomodel.codelist.Code=IT1:CL_REFAREA(1.2).001062">
          <Name xml:lang="it" xmlns="http://www.sdmx.org/resources/sdmxml/schemas/v2_1/common">Caselette</Name>
          <Name xml:lang="en" xmlns="http://www.sdmx.org/resources/sdmxml/schemas/v2_1/common">Caselette</Name>
          <Parent>
            <Ref id="ITC11" xmlns="" />
          </Parent>
        </Code>
        <Code id="001063" urn="urn:sdmx:org.sdmx.infomodel.codelist.Code=IT1:CL_REFAREA(1.2).001063">
          <Name xml:lang="it" xmlns="http://www.sdmx.org/resources/sdmxml/schemas/v2_1/common">Caselle Torinese</Name>
          <Name xml:lang="en" xmlns="http://www.sdmx.org/resources/sdmxml/schemas/v2_1/common">Caselle Torinese</Name>
          <Parent>
            <Ref id="ITC11" xmlns="" />
          </Parent>
        </Code>
        <Code id="001064" urn="urn:sdmx:org.sdmx.infomodel.codelist.Code=IT1:CL_REFAREA(1.2).001064">
          <Name xml:lang="it" xmlns="http://www.sdmx.org/resources/sdmxml/schemas/v2_1/common">Castagneto Po</Name>
          <Name xml:lang="en" xmlns="http://www.sdmx.org/resources/sdmxml/schemas/v2_1/common">Castagneto Po</Name>
          <Parent>
            <Ref id="ITC11" xmlns="" />
          </Parent>
        </Code>
        <Code id="001065" urn="urn:sdmx:org.sdmx.infomodel.codelist.Code=IT1:CL_REFAREA(1.2).001065">
          <Name xml:lang="it" xmlns="http://www.sdmx.org/resources/sdmxml/schemas/v2_1/common">Castagnole Piemonte</Name>
          <Name xml:lang="en" xmlns="http://www.sdmx.org/resources/sdmxml/schemas/v2_1/common">Castagnole Piemonte</Name>
          <Parent>
            <Ref id="ITC11" xmlns="" />
          </Parent>
        </Code>
        <Code id="001066" urn="urn:sdmx:org.sdmx.infomodel.codelist.Code=IT1:CL_REFAREA(1.2).001066">
          <Name xml:lang="it" xmlns="http://www.sdmx.org/resources/sdmxml/schemas/v2_1/common">Castellamonte</Name>
          <Name xml:lang="en" xmlns="http://www.sdmx.org/resources/sdmxml/schemas/v2_1/common">Castellamonte</Name>
          <Parent>
            <Ref id="ITC11" xmlns="" />
          </Parent>
        </Code>
        <Code id="001067" urn="urn:sdmx:org.sdmx.infomodel.codelist.Code=IT1:CL_REFAREA(1.2).001067">
          <Name xml:lang="it" xmlns="http://www.sdmx.org/resources/sdmxml/schemas/v2_1/common">Castelnuovo Nigra</Name>
          <Name xml:lang="en" xmlns="http://www.sdmx.org/resources/sdmxml/schemas/v2_1/common">Castelnuovo Nigra</Name>
          <Parent>
            <Ref id="ITC11" xmlns="" />
          </Parent>
        </Code>
        <Code id="001068" urn="urn:sdmx:org.sdmx.infomodel.codelist.Code=IT1:CL_REFAREA(1.2).001068">
          <Name xml:lang="it" xmlns="http://www.sdmx.org/resources/sdmxml/schemas/v2_1/common">Castiglione Torinese</Name>
          <Name xml:lang="en" xmlns="http://www.sdmx.org/resources/sdmxml/schemas/v2_1/common">Castiglione Torinese</Name>
          <Parent>
            <Ref id="ITC11" xmlns="" />
          </Parent>
        </Code>
        <Code id="001069" urn="urn:sdmx:org.sdmx.infomodel.codelist.Code=IT1:CL_REFAREA(1.2).001069">
          <Name xml:lang="it" xmlns="http://www.sdmx.org/resources/sdmxml/schemas/v2_1/common">Cavagnolo</Name>
          <Name xml:lang="en" xmlns="http://www.sdmx.org/resources/sdmxml/schemas/v2_1/common">Cavagnolo</Name>
          <Parent>
            <Ref id="ITC11" xmlns="" />
          </Parent>
        </Code>
        <Code id="001070" urn="urn:sdmx:org.sdmx.infomodel.codelist.Code=IT1:CL_REFAREA(1.2).001070">
          <Name xml:lang="it" xmlns="http://www.sdmx.org/resources/sdmxml/schemas/v2_1/common">Cavour</Name>
          <Name xml:lang="en" xmlns="http://www.sdmx.org/resources/sdmxml/schemas/v2_1/common">Cavour</Name>
          <Parent>
            <Ref id="ITC11" xmlns="" />
          </Parent>
        </Code>
        <Code id="001071" urn="urn:sdmx:org.sdmx.infomodel.codelist.Code=IT1:CL_REFAREA(1.2).001071">
          <Name xml:lang="it" xmlns="http://www.sdmx.org/resources/sdmxml/schemas/v2_1/common">Cercenasco</Name>
          <Name xml:lang="en" xmlns="http://www.sdmx.org/resources/sdmxml/schemas/v2_1/common">Cercenasco</Name>
          <Parent>
            <Ref id="ITC11" xmlns="" />
          </Parent>
        </Code>
        <Code id="001072" urn="urn:sdmx:org.sdmx.infomodel.codelist.Code=IT1:CL_REFAREA(1.2).001072">
          <Name xml:lang="it" xmlns="http://www.sdmx.org/resources/sdmxml/schemas/v2_1/common">Ceres</Name>
          <Name xml:lang="en" xmlns="http://www.sdmx.org/resources/sdmxml/schemas/v2_1/common">Ceres</Name>
          <Parent>
            <Ref id="ITC11" xmlns="" />
          </Parent>
        </Code>
        <Code id="001073" urn="urn:sdmx:org.sdmx.infomodel.codelist.Code=IT1:CL_REFAREA(1.2).001073">
          <Name xml:lang="it" xmlns="http://www.sdmx.org/resources/sdmxml/schemas/v2_1/common">Ceresole Reale</Name>
          <Name xml:lang="en" xmlns="http://www.sdmx.org/resources/sdmxml/schemas/v2_1/common">Ceresole Reale</Name>
          <Parent>
            <Ref id="ITC11" xmlns="" />
          </Parent>
        </Code>
        <Code id="001074" urn="urn:sdmx:org.sdmx.infomodel.codelist.Code=IT1:CL_REFAREA(1.2).001074">
          <Name xml:lang="it" xmlns="http://www.sdmx.org/resources/sdmxml/schemas/v2_1/common">Cesana Torinese</Name>
          <Name xml:lang="en" xmlns="http://www.sdmx.org/resources/sdmxml/schemas/v2_1/common">Cesana Torinese</Name>
          <Parent>
            <Ref id="ITC11" xmlns="" />
          </Parent>
        </Code>
        <Code id="001075" urn="urn:sdmx:org.sdmx.infomodel.codelist.Code=IT1:CL_REFAREA(1.2).001075">
          <Name xml:lang="it" xmlns="http://www.sdmx.org/resources/sdmxml/schemas/v2_1/common">Chialamberto</Name>
          <Name xml:lang="en" xmlns="http://www.sdmx.org/resources/sdmxml/schemas/v2_1/common">Chialamberto</Name>
          <Parent>
            <Ref id="ITC11" xmlns="" />
          </Parent>
        </Code>
        <Code id="001076" urn="urn:sdmx:org.sdmx.infomodel.codelist.Code=IT1:CL_REFAREA(1.2).001076">
          <Name xml:lang="it" xmlns="http://www.sdmx.org/resources/sdmxml/schemas/v2_1/common">Chianocco</Name>
          <Name xml:lang="en" xmlns="http://www.sdmx.org/resources/sdmxml/schemas/v2_1/common">Chianocco</Name>
          <Parent>
            <Ref id="ITC11" xmlns="" />
          </Parent>
        </Code>
        <Code id="001077" urn="urn:sdmx:org.sdmx.infomodel.codelist.Code=IT1:CL_REFAREA(1.2).001077">
          <Name xml:lang="it" xmlns="http://www.sdmx.org/resources/sdmxml/schemas/v2_1/common">Chiaverano</Name>
          <Name xml:lang="en" xmlns="http://www.sdmx.org/resources/sdmxml/schemas/v2_1/common">Chiaverano</Name>
          <Parent>
            <Ref id="ITC11" xmlns="" />
          </Parent>
        </Code>
        <Code id="001078" urn="urn:sdmx:org.sdmx.infomodel.codelist.Code=IT1:CL_REFAREA(1.2).001078">
          <Name xml:lang="it" xmlns="http://www.sdmx.org/resources/sdmxml/schemas/v2_1/common">Chieri</Name>
          <Name xml:lang="en" xmlns="http://www.sdmx.org/resources/sdmxml/schemas/v2_1/common">Chieri</Name>
          <Parent>
            <Ref id="ITC11" xmlns="" />
          </Parent>
        </Code>
        <Code id="001079" urn="urn:sdmx:org.sdmx.infomodel.codelist.Code=IT1:CL_REFAREA(1.2).001079">
          <Name xml:lang="it" xmlns="http://www.sdmx.org/resources/sdmxml/schemas/v2_1/common">Chiesanuova</Name>
          <Name xml:lang="en" xmlns="http://www.sdmx.org/resources/sdmxml/schemas/v2_1/common">Chiesanuova</Name>
          <Parent>
            <Ref id="ITC11" xmlns="" />
          </Parent>
        </Code>
        <Code id="001080" urn="urn:sdmx:org.sdmx.infomodel.codelist.Code=IT1:CL_REFAREA(1.2).001080">
          <Name xml:lang="it" xmlns="http://www.sdmx.org/resources/sdmxml/schemas/v2_1/common">Chiomonte</Name>
          <Name xml:lang="en" xmlns="http://www.sdmx.org/resources/sdmxml/schemas/v2_1/common">Chiomonte</Name>
          <Parent>
            <Ref id="ITC11" xmlns="" />
          </Parent>
        </Code>
        <Code id="001081" urn="urn:sdmx:org.sdmx.infomodel.codelist.Code=IT1:CL_REFAREA(1.2).001081">
          <Name xml:lang="it" xmlns="http://www.sdmx.org/resources/sdmxml/schemas/v2_1/common">Chiusa di San Michele</Name>
          <Name xml:lang="en" xmlns="http://www.sdmx.org/resources/sdmxml/schemas/v2_1/common">Chiusa di San Michele</Name>
          <Parent>
            <Ref id="ITC11" xmlns="" />
          </Parent>
        </Code>
        <Code id="001082" urn="urn:sdmx:org.sdmx.infomodel.codelist.Code=IT1:CL_REFAREA(1.2).001082">
          <Name xml:lang="it" xmlns="http://www.sdmx.org/resources/sdmxml/schemas/v2_1/common">Chivasso</Name>
          <Name xml:lang="en" xmlns="http://www.sdmx.org/resources/sdmxml/schemas/v2_1/common">Chivasso</Name>
          <Parent>
            <Ref id="ITC11" xmlns="" />
          </Parent>
        </Code>
        <Code id="001083" urn="urn:sdmx:org.sdmx.infomodel.codelist.Code=IT1:CL_REFAREA(1.2).001083">
          <Name xml:lang="it" xmlns="http://www.sdmx.org/resources/sdmxml/schemas/v2_1/common">Ciconio</Name>
          <Name xml:lang="en" xmlns="http://www.sdmx.org/resources/sdmxml/schemas/v2_1/common">Ciconio</Name>
          <Parent>
            <Ref id="ITC11" xmlns="" />
          </Parent>
        </Code>
        <Code id="001084" urn="urn:sdmx:org.sdmx.infomodel.codelist.Code=IT1:CL_REFAREA(1.2).001084">
          <Name xml:lang="it" xmlns="http://www.sdmx.org/resources/sdmxml/schemas/v2_1/common">Cintano</Name>
          <Name xml:lang="en" xmlns="http://www.sdmx.org/resources/sdmxml/schemas/v2_1/common">Cintano</Name>
          <Parent>
            <Ref id="ITC11" xmlns="" />
          </Parent>
        </Code>
        <Code id="001085" urn="urn:sdmx:org.sdmx.infomodel.codelist.Code=IT1:CL_REFAREA(1.2).001085">
          <Name xml:lang="it" xmlns="http://www.sdmx.org/resources/sdmxml/schemas/v2_1/common">Cinzano</Name>
          <Name xml:lang="en" xmlns="http://www.sdmx.org/resources/sdmxml/schemas/v2_1/common">Cinzano</Name>
          <Parent>
            <Ref id="ITC11" xmlns="" />
          </Parent>
        </Code>
        <Code id="001086" urn="urn:sdmx:org.sdmx.infomodel.codelist.Code=IT1:CL_REFAREA(1.2).001086">
          <Name xml:lang="it" xmlns="http://www.sdmx.org/resources/sdmxml/schemas/v2_1/common">Ciriè</Name>
          <Name xml:lang="en" xmlns="http://www.sdmx.org/resources/sdmxml/schemas/v2_1/common">Ciriè</Name>
          <Parent>
            <Ref id="ITC11" xmlns="" />
          </Parent>
        </Code>
        <Code id="001087" urn="urn:sdmx:org.sdmx.infomodel.codelist.Code=IT1:CL_REFAREA(1.2).001087">
          <Name xml:lang="it" xmlns="http://www.sdmx.org/resources/sdmxml/schemas/v2_1/common">Claviere</Name>
          <Name xml:lang="en" xmlns="http://www.sdmx.org/resources/sdmxml/schemas/v2_1/common">Claviere</Name>
          <Parent>
            <Ref id="ITC11" xmlns="" />
          </Parent>
        </Code>
        <Code id="001088" urn="urn:sdmx:org.sdmx.infomodel.codelist.Code=IT1:CL_REFAREA(1.2).001088">
          <Name xml:lang="it" xmlns="http://www.sdmx.org/resources/sdmxml/schemas/v2_1/common">Coassolo Torinese</Name>
          <Name xml:lang="en" xmlns="http://www.sdmx.org/resources/sdmxml/schemas/v2_1/common">Coassolo Torinese</Name>
          <Parent>
            <Ref id="ITC11" xmlns="" />
          </Parent>
        </Code>
        <Code id="001089" urn="urn:sdmx:org.sdmx.infomodel.codelist.Code=IT1:CL_REFAREA(1.2).001089">
          <Name xml:lang="it" xmlns="http://www.sdmx.org/resources/sdmxml/schemas/v2_1/common">Coazze</Name>
          <Name xml:lang="en" xmlns="http://www.sdmx.org/resources/sdmxml/schemas/v2_1/common">Coazze</Name>
          <Parent>
            <Ref id="ITC11" xmlns="" />
          </Parent>
        </Code>
        <Code id="001090" urn="urn:sdmx:org.sdmx.infomodel.codelist.Code=IT1:CL_REFAREA(1.2).001090">
          <Name xml:lang="it" xmlns="http://www.sdmx.org/resources/sdmxml/schemas/v2_1/common">Collegno</Name>
          <Name xml:lang="en" xmlns="http://www.sdmx.org/resources/sdmxml/schemas/v2_1/common">Collegno</Name>
          <Parent>
            <Ref id="ITC11" xmlns="" />
          </Parent>
        </Code>
        <Code id="001091" urn="urn:sdmx:org.sdmx.infomodel.codelist.Code=IT1:CL_REFAREA(1.2).001091">
          <Name xml:lang="it" xmlns="http://www.sdmx.org/resources/sdmxml/schemas/v2_1/common">Colleretto Castelnuovo</Name>
          <Name xml:lang="en" xmlns="http://www.sdmx.org/resources/sdmxml/schemas/v2_1/common">Colleretto Castelnuovo</Name>
          <Parent>
            <Ref id="ITC11" xmlns="" />
          </Parent>
        </Code>
        <Code id="001092" urn="urn:sdmx:org.sdmx.infomodel.codelist.Code=IT1:CL_REFAREA(1.2).001092">
          <Name xml:lang="it" xmlns="http://www.sdmx.org/resources/sdmxml/schemas/v2_1/common">Colleretto Giacosa</Name>
          <Name xml:lang="en" xmlns="http://www.sdmx.org/resources/sdmxml/schemas/v2_1/common">Colleretto Giacosa</Name>
          <Parent>
            <Ref id="ITC11" xmlns="" />
          </Parent>
        </Code>
        <Code id="001093" urn="urn:sdmx:org.sdmx.infomodel.codelist.Code=IT1:CL_REFAREA(1.2).001093">
          <Name xml:lang="it" xmlns="http://www.sdmx.org/resources/sdmxml/schemas/v2_1/common">Condove</Name>
          <Name xml:lang="en" xmlns="http://www.sdmx.org/resources/sdmxml/schemas/v2_1/common">Condove</Name>
          <Parent>
            <Ref id="ITC11" xmlns="" />
          </Parent>
        </Code>
        <Code id="001094" urn="urn:sdmx:org.sdmx.infomodel.codelist.Code=IT1:CL_REFAREA(1.2).001094">
          <Name xml:lang="it" xmlns="http://www.sdmx.org/resources/sdmxml/schemas/v2_1/common">Corio</Name>
          <Name xml:lang="en" xmlns="http://www.sdmx.org/resources/sdmxml/schemas/v2_1/common">Corio</Name>
          <Parent>
            <Ref id="ITC11" xmlns="" />
          </Parent>
        </Code>
        <Code id="001095" urn="urn:sdmx:org.sdmx.infomodel.codelist.Code=IT1:CL_REFAREA(1.2).001095">
          <Name xml:lang="it" xmlns="http://www.sdmx.org/resources/sdmxml/schemas/v2_1/common">Cossano Canavese</Name>
          <Name xml:lang="en" xmlns="http://www.sdmx.org/resources/sdmxml/schemas/v2_1/common">Cossano Canavese</Name>
          <Parent>
            <Ref id="ITC11" xmlns="" />
          </Parent>
        </Code>
        <Code id="001096" urn="urn:sdmx:org.sdmx.infomodel.codelist.Code=IT1:CL_REFAREA(1.2).001096">
          <Name xml:lang="it" xmlns="http://www.sdmx.org/resources/sdmxml/schemas/v2_1/common">Cuceglio</Name>
          <Name xml:lang="en" xmlns="http://www.sdmx.org/resources/sdmxml/schemas/v2_1/common">Cuceglio</Name>
          <Parent>
            <Ref id="ITC11" xmlns="" />
          </Parent>
        </Code>
        <Code id="001097" urn="urn:sdmx:org.sdmx.infomodel.codelist.Code=IT1:CL_REFAREA(1.2).001097">
          <Name xml:lang="it" xmlns="http://www.sdmx.org/resources/sdmxml/schemas/v2_1/common">Cumiana</Name>
          <Name xml:lang="en" xmlns="http://www.sdmx.org/resources/sdmxml/schemas/v2_1/common">Cumiana</Name>
          <Parent>
            <Ref id="ITC11" xmlns="" />
          </Parent>
        </Code>
        <Code id="001098" urn="urn:sdmx:org.sdmx.infomodel.codelist.Code=IT1:CL_REFAREA(1.2).001098">
          <Name xml:lang="it" xmlns="http://www.sdmx.org/resources/sdmxml/schemas/v2_1/common">Cuorgnè</Name>
          <Name xml:lang="en" xmlns="http://www.sdmx.org/resources/sdmxml/schemas/v2_1/common">Cuorgnè</Name>
          <Parent>
            <Ref id="ITC11" xmlns="" />
          </Parent>
        </Code>
        <Code id="001099" urn="urn:sdmx:org.sdmx.infomodel.codelist.Code=IT1:CL_REFAREA(1.2).001099">
          <Name xml:lang="it" xmlns="http://www.sdmx.org/resources/sdmxml/schemas/v2_1/common">Druento</Name>
          <Name xml:lang="en" xmlns="http://www.sdmx.org/resources/sdmxml/schemas/v2_1/common">Druento</Name>
          <Parent>
            <Ref id="ITC11" xmlns="" />
          </Parent>
        </Code>
        <Code id="001100" urn="urn:sdmx:org.sdmx.infomodel.codelist.Code=IT1:CL_REFAREA(1.2).001100">
          <Name xml:lang="it" xmlns="http://www.sdmx.org/resources/sdmxml/schemas/v2_1/common">Exilles</Name>
          <Name xml:lang="en" xmlns="http://www.sdmx.org/resources/sdmxml/schemas/v2_1/common">Exilles</Name>
          <Parent>
            <Ref id="ITC11" xmlns="" />
          </Parent>
        </Code>
        <Code id="001101" urn="urn:sdmx:org.sdmx.infomodel.codelist.Code=IT1:CL_REFAREA(1.2).001101">
          <Name xml:lang="it" xmlns="http://www.sdmx.org/resources/sdmxml/schemas/v2_1/common">Favria</Name>
          <Name xml:lang="en" xmlns="http://www.sdmx.org/resources/sdmxml/schemas/v2_1/common">Favria</Name>
          <Parent>
            <Ref id="ITC11" xmlns="" />
          </Parent>
        </Code>
        <Code id="001102" urn="urn:sdmx:org.sdmx.infomodel.codelist.Code=IT1:CL_REFAREA(1.2).001102">
          <Name xml:lang="it" xmlns="http://www.sdmx.org/resources/sdmxml/schemas/v2_1/common">Feletto</Name>
          <Name xml:lang="en" xmlns="http://www.sdmx.org/resources/sdmxml/schemas/v2_1/common">Feletto</Name>
          <Parent>
            <Ref id="ITC11" xmlns="" />
          </Parent>
        </Code>
        <Code id="001103" urn="urn:sdmx:org.sdmx.infomodel.codelist.Code=IT1:CL_REFAREA(1.2).001103">
          <Name xml:lang="it" xmlns="http://www.sdmx.org/resources/sdmxml/schemas/v2_1/common">Fenestrelle</Name>
          <Name xml:lang="en" xmlns="http://www.sdmx.org/resources/sdmxml/schemas/v2_1/common">Fenestrelle</Name>
          <Parent>
            <Ref id="ITC11" xmlns="" />
          </Parent>
        </Code>
        <Code id="001104" urn="urn:sdmx:org.sdmx.infomodel.codelist.Code=IT1:CL_REFAREA(1.2).001104">
          <Name xml:lang="it" xmlns="http://www.sdmx.org/resources/sdmxml/schemas/v2_1/common">Fiano</Name>
          <Name xml:lang="en" xmlns="http://www.sdmx.org/resources/sdmxml/schemas/v2_1/common">Fiano</Name>
          <Parent>
            <Ref id="ITC11" xmlns="" />
          </Parent>
        </Code>
        <Code id="001105" urn="urn:sdmx:org.sdmx.infomodel.codelist.Code=IT1:CL_REFAREA(1.2).001105">
          <Name xml:lang="it" xmlns="http://www.sdmx.org/resources/sdmxml/schemas/v2_1/common">Fiorano Canavese</Name>
          <Name xml:lang="en" xmlns="http://www.sdmx.org/resources/sdmxml/schemas/v2_1/common">Fiorano Canavese</Name>
          <Parent>
            <Ref id="ITC11" xmlns="" />
          </Parent>
        </Code>
        <Code id="001106" urn="urn:sdmx:org.sdmx.infomodel.codelist.Code=IT1:CL_REFAREA(1.2).001106">
          <Name xml:lang="it" xmlns="http://www.sdmx.org/resources/sdmxml/schemas/v2_1/common">Foglizzo</Name>
          <Name xml:lang="en" xmlns="http://www.sdmx.org/resources/sdmxml/schemas/v2_1/common">Foglizzo</Name>
          <Parent>
            <Ref id="ITC11" xmlns="" />
          </Parent>
        </Code>
        <Code id="001107" urn="urn:sdmx:org.sdmx.infomodel.codelist.Code=IT1:CL_REFAREA(1.2).001107">
          <Name xml:lang="it" xmlns="http://www.sdmx.org/resources/sdmxml/schemas/v2_1/common">Forno Canavese</Name>
          <Name xml:lang="en" xmlns="http://www.sdmx.org/resources/sdmxml/schemas/v2_1/common">Forno Canavese</Name>
          <Parent>
            <Ref id="ITC11" xmlns="" />
          </Parent>
        </Code>
        <Code id="001108" urn="urn:sdmx:org.sdmx.infomodel.codelist.Code=IT1:CL_REFAREA(1.2).001108">
          <Name xml:lang="it" xmlns="http://www.sdmx.org/resources/sdmxml/schemas/v2_1/common">Frassinetto</Name>
          <Name xml:lang="en" xmlns="http://www.sdmx.org/resources/sdmxml/schemas/v2_1/common">Frassinetto</Name>
          <Parent>
            <Ref id="ITC11" xmlns="" />
          </Parent>
        </Code>
        <Code id="001109" urn="urn:sdmx:org.sdmx.infomodel.codelist.Code=IT1:CL_REFAREA(1.2).001109">
          <Name xml:lang="it" xmlns="http://www.sdmx.org/resources/sdmxml/schemas/v2_1/common">Front</Name>
          <Name xml:lang="en" xmlns="http://www.sdmx.org/resources/sdmxml/schemas/v2_1/common">Front</Name>
          <Parent>
            <Ref id="ITC11" xmlns="" />
          </Parent>
        </Code>
        <Code id="001110" urn="urn:sdmx:org.sdmx.infomodel.codelist.Code=IT1:CL_REFAREA(1.2).001110">
          <Name xml:lang="it" xmlns="http://www.sdmx.org/resources/sdmxml/schemas/v2_1/common">Frossasco</Name>
          <Name xml:lang="en" xmlns="http://www.sdmx.org/resources/sdmxml/schemas/v2_1/common">Frossasco</Name>
          <Parent>
            <Ref id="ITC11" xmlns="" />
          </Parent>
        </Code>
        <Code id="001111" urn="urn:sdmx:org.sdmx.infomodel.codelist.Code=IT1:CL_REFAREA(1.2).001111">
          <Name xml:lang="it" xmlns="http://www.sdmx.org/resources/sdmxml/schemas/v2_1/common">Garzigliana</Name>
          <Name xml:lang="en" xmlns="http://www.sdmx.org/resources/sdmxml/schemas/v2_1/common">Garzigliana</Name>
          <Parent>
            <Ref id="ITC11" xmlns="" />
          </Parent>
        </Code>
        <Code id="001112" urn="urn:sdmx:org.sdmx.infomodel.codelist.Code=IT1:CL_REFAREA(1.2).001112">
          <Name xml:lang="it" xmlns="http://www.sdmx.org/resources/sdmxml/schemas/v2_1/common">Gassino Torinese</Name>
          <Name xml:lang="en" xmlns="http://www.sdmx.org/resources/sdmxml/schemas/v2_1/common">Gassino Torinese</Name>
          <Parent>
            <Ref id="ITC11" xmlns="" />
          </Parent>
        </Code>
        <Code id="001113" urn="urn:sdmx:org.sdmx.infomodel.codelist.Code=IT1:CL_REFAREA(1.2).001113">
          <Name xml:lang="it" xmlns="http://www.sdmx.org/resources/sdmxml/schemas/v2_1/common">Germagnano</Name>
          <Name xml:lang="en" xmlns="http://www.sdmx.org/resources/sdmxml/schemas/v2_1/common">Germagnano</Name>
          <Parent>
            <Ref id="ITC11" xmlns="" />
          </Parent>
        </Code>
        <Code id="001114" urn="urn:sdmx:org.sdmx.infomodel.codelist.Code=IT1:CL_REFAREA(1.2).001114">
          <Name xml:lang="it" xmlns="http://www.sdmx.org/resources/sdmxml/schemas/v2_1/common">Giaglione</Name>
          <Name xml:lang="en" xmlns="http://www.sdmx.org/resources/sdmxml/schemas/v2_1/common">Giaglione</Name>
          <Parent>
            <Ref id="ITC11" xmlns="" />
          </Parent>
        </Code>
        <Code id="001115" urn="urn:sdmx:org.sdmx.infomodel.codelist.Code=IT1:CL_REFAREA(1.2).001115">
          <Name xml:lang="it" xmlns="http://www.sdmx.org/resources/sdmxml/schemas/v2_1/common">Giaveno</Name>
          <Name xml:lang="en" xmlns="http://www.sdmx.org/resources/sdmxml/schemas/v2_1/common">Giaveno</Name>
          <Parent>
            <Ref id="ITC11" xmlns="" />
          </Parent>
        </Code>
        <Code id="001116" urn="urn:sdmx:org.sdmx.infomodel.codelist.Code=IT1:CL_REFAREA(1.2).001116">
          <Name xml:lang="it" xmlns="http://www.sdmx.org/resources/sdmxml/schemas/v2_1/common">Givoletto</Name>
          <Name xml:lang="en" xmlns="http://www.sdmx.org/resources/sdmxml/schemas/v2_1/common">Givoletto</Name>
          <Parent>
            <Ref id="ITC11" xmlns="" />
          </Parent>
        </Code>
        <Code id="001117" urn="urn:sdmx:org.sdmx.infomodel.codelist.Code=IT1:CL_REFAREA(1.2).001117">
          <Name xml:lang="it" xmlns="http://www.sdmx.org/resources/sdmxml/schemas/v2_1/common">Gravere</Name>
          <Name xml:lang="en" xmlns="http://www.sdmx.org/resources/sdmxml/schemas/v2_1/common">Gravere</Name>
          <Parent>
            <Ref id="ITC11" xmlns="" />
          </Parent>
        </Code>
        <Code id="001118" urn="urn:sdmx:org.sdmx.infomodel.codelist.Code=IT1:CL_REFAREA(1.2).001118">
          <Name xml:lang="it" xmlns="http://www.sdmx.org/resources/sdmxml/schemas/v2_1/common">Groscavallo</Name>
          <Name xml:lang="en" xmlns="http://www.sdmx.org/resources/sdmxml/schemas/v2_1/common">Groscavallo</Name>
          <Parent>
            <Ref id="ITC11" xmlns="" />
          </Parent>
        </Code>
        <Code id="001119" urn="urn:sdmx:org.sdmx.infomodel.codelist.Code=IT1:CL_REFAREA(1.2).001119">
          <Name xml:lang="it" xmlns="http://www.sdmx.org/resources/sdmxml/schemas/v2_1/common">Grosso</Name>
          <Name xml:lang="en" xmlns="http://www.sdmx.org/resources/sdmxml/schemas/v2_1/common">Grosso</Name>
          <Parent>
            <Ref id="ITC11" xmlns="" />
          </Parent>
        </Code>
        <Code id="001120" urn="urn:sdmx:org.sdmx.infomodel.codelist.Code=IT1:CL_REFAREA(1.2).001120">
          <Name xml:lang="it" xmlns="http://www.sdmx.org/resources/sdmxml/schemas/v2_1/common">Grugliasco</Name>
          <Name xml:lang="en" xmlns="http://www.sdmx.org/resources/sdmxml/schemas/v2_1/common">Grugliasco</Name>
          <Parent>
            <Ref id="ITC11" xmlns="" />
          </Parent>
        </Code>
        <Code id="001121" urn="urn:sdmx:org.sdmx.infomodel.codelist.Code=IT1:CL_REFAREA(1.2).001121">
          <Name xml:lang="it" xmlns="http://www.sdmx.org/resources/sdmxml/schemas/v2_1/common">Ingria</Name>
          <Name xml:lang="en" xmlns="http://www.sdmx.org/resources/sdmxml/schemas/v2_1/common">Ingria</Name>
          <Parent>
            <Ref id="ITC11" xmlns="" />
          </Parent>
        </Code>
        <Code id="001122" urn="urn:sdmx:org.sdmx.infomodel.codelist.Code=IT1:CL_REFAREA(1.2).001122">
          <Name xml:lang="it" xmlns="http://www.sdmx.org/resources/sdmxml/schemas/v2_1/common">Inverso Pinasca</Name>
          <Name xml:lang="en" xmlns="http://www.sdmx.org/resources/sdmxml/schemas/v2_1/common">Inverso Pinasca</Name>
          <Parent>
            <Ref id="ITC11" xmlns="" />
          </Parent>
        </Code>
        <Code id="001123" urn="urn:sdmx:org.sdmx.infomodel.codelist.Code=IT1:CL_REFAREA(1.2).001123">
          <Name xml:lang="it" xmlns="http://www.sdmx.org/resources/sdmxml/schemas/v2_1/common">Isolabella</Name>
          <Name xml:lang="en" xmlns="http://www.sdmx.org/resources/sdmxml/schemas/v2_1/common">Isolabella</Name>
          <Parent>
            <Ref id="ITC11" xmlns="" />
          </Parent>
        </Code>
        <Code id="001124" urn="urn:sdmx:org.sdmx.infomodel.codelist.Code=IT1:CL_REFAREA(1.2).001124">
          <Name xml:lang="it" xmlns="http://www.sdmx.org/resources/sdmxml/schemas/v2_1/common">Issiglio</Name>
          <Name xml:lang="en" xmlns="http://www.sdmx.org/resources/sdmxml/schemas/v2_1/common">Issiglio</Name>
          <Parent>
            <Ref id="ITC11" xmlns="" />
          </Parent>
        </Code>
        <Code id="001125" urn="urn:sdmx:org.sdmx.infomodel.codelist.Code=IT1:CL_REFAREA(1.2).001125">
          <Name xml:lang="it" xmlns="http://www.sdmx.org/resources/sdmxml/schemas/v2_1/common">Ivrea</Name>
          <Name xml:lang="en" xmlns="http://www.sdmx.org/resources/sdmxml/schemas/v2_1/common">Ivrea</Name>
          <Parent>
            <Ref id="ITC11" xmlns="" />
          </Parent>
        </Code>
        <Code id="001126" urn="urn:sdmx:org.sdmx.infomodel.codelist.Code=IT1:CL_REFAREA(1.2).001126">
          <Name xml:lang="it" xmlns="http://www.sdmx.org/resources/sdmxml/schemas/v2_1/common">La Cassa</Name>
          <Name xml:lang="en" xmlns="http://www.sdmx.org/resources/sdmxml/schemas/v2_1/common">La Cassa</Name>
          <Parent>
            <Ref id="ITC11" xmlns="" />
          </Parent>
        </Code>
        <Code id="001127" urn="urn:sdmx:org.sdmx.infomodel.codelist.Code=IT1:CL_REFAREA(1.2).001127">
          <Name xml:lang="it" xmlns="http://www.sdmx.org/resources/sdmxml/schemas/v2_1/common">La Loggia</Name>
          <Name xml:lang="en" xmlns="http://www.sdmx.org/resources/sdmxml/schemas/v2_1/common">La Loggia</Name>
          <Parent>
            <Ref id="ITC11" xmlns="" />
          </Parent>
        </Code>
        <Code id="001128" urn="urn:sdmx:org.sdmx.infomodel.codelist.Code=IT1:CL_REFAREA(1.2).001128">
          <Name xml:lang="it" xmlns="http://www.sdmx.org/resources/sdmxml/schemas/v2_1/common">Lanzo Torinese</Name>
          <Name xml:lang="en" xmlns="http://www.sdmx.org/resources/sdmxml/schemas/v2_1/common">Lanzo Torinese</Name>
          <Parent>
            <Ref id="ITC11" xmlns="" />
          </Parent>
        </Code>
        <Code id="001129" urn="urn:sdmx:org.sdmx.infomodel.codelist.Code=IT1:CL_REFAREA(1.2).001129">
          <Name xml:lang="it" xmlns="http://www.sdmx.org/resources/sdmxml/schemas/v2_1/common">Lauriano</Name>
          <Name xml:lang="en" xmlns="http://www.sdmx.org/resources/sdmxml/schemas/v2_1/common">Lauriano</Name>
          <Parent>
            <Ref id="ITC11" xmlns="" />
          </Parent>
        </Code>
        <Code id="001130" urn="urn:sdmx:org.sdmx.infomodel.codelist.Code=IT1:CL_REFAREA(1.2).001130">
          <Name xml:lang="it" xmlns="http://www.sdmx.org/resources/sdmxml/schemas/v2_1/common">Leinì</Name>
          <Name xml:lang="en" xmlns="http://www.sdmx.org/resources/sdmxml/schemas/v2_1/common">Leinì</Name>
          <Parent>
            <Ref id="ITC11" xmlns="" />
          </Parent>
        </Code>
        <Code id="001131" urn="urn:sdmx:org.sdmx.infomodel.codelist.Code=IT1:CL_REFAREA(1.2).001131">
          <Name xml:lang="it" xmlns="http://www.sdmx.org/resources/sdmxml/schemas/v2_1/common">Lemie</Name>
          <Name xml:lang="en" xmlns="http://www.sdmx.org/resources/sdmxml/schemas/v2_1/common">Lemie</Name>
          <Parent>
            <Ref id="ITC11" xmlns="" />
          </Parent>
        </Code>
        <Code id="001132" urn="urn:sdmx:org.sdmx.infomodel.codelist.Code=IT1:CL_REFAREA(1.2).001132">
          <Name xml:lang="it" xmlns="http://www.sdmx.org/resources/sdmxml/schemas/v2_1/common">Lessolo</Name>
          <Name xml:lang="en" xmlns="http://www.sdmx.org/resources/sdmxml/schemas/v2_1/common">Lessolo</Name>
          <Parent>
            <Ref id="ITC11" xmlns="" />
          </Parent>
        </Code>
        <Code id="001133" urn="urn:sdmx:org.sdmx.infomodel.codelist.Code=IT1:CL_REFAREA(1.2).001133">
          <Name xml:lang="it" xmlns="http://www.sdmx.org/resources/sdmxml/schemas/v2_1/common">Levone</Name>
          <Name xml:lang="en" xmlns="http://www.sdmx.org/resources/sdmxml/schemas/v2_1/common">Levone</Name>
          <Parent>
            <Ref id="ITC11" xmlns="" />
          </Parent>
        </Code>
        <Code id="001134" urn="urn:sdmx:org.sdmx.infomodel.codelist.Code=IT1:CL_REFAREA(1.2).001134">
          <Name xml:lang="it" xmlns="http://www.sdmx.org/resources/sdmxml/schemas/v2_1/common">Locana</Name>
          <Name xml:lang="en" xmlns="http://www.sdmx.org/resources/sdmxml/schemas/v2_1/common">Locana</Name>
          <Parent>
            <Ref id="ITC11" xmlns="" />
          </Parent>
        </Code>
        <Code id="001135" urn="urn:sdmx:org.sdmx.infomodel.codelist.Code=IT1:CL_REFAREA(1.2).001135">
          <Name xml:lang="it" xmlns="http://www.sdmx.org/resources/sdmxml/schemas/v2_1/common">Lombardore</Name>
          <Name xml:lang="en" xmlns="http://www.sdmx.org/resources/sdmxml/schemas/v2_1/common">Lombardore</Name>
          <Parent>
            <Ref id="ITC11" xmlns="" />
          </Parent>
        </Code>
        <Code id="001136" urn="urn:sdmx:org.sdmx.infomodel.codelist.Code=IT1:CL_REFAREA(1.2).001136">
          <Name xml:lang="it" xmlns="http://www.sdmx.org/resources/sdmxml/schemas/v2_1/common">Lombriasco</Name>
          <Name xml:lang="en" xmlns="http://www.sdmx.org/resources/sdmxml/schemas/v2_1/common">Lombriasco</Name>
          <Parent>
            <Ref id="ITC11" xmlns="" />
          </Parent>
        </Code>
        <Code id="001137" urn="urn:sdmx:org.sdmx.infomodel.codelist.Code=IT1:CL_REFAREA(1.2).001137">
          <Name xml:lang="it" xmlns="http://www.sdmx.org/resources/sdmxml/schemas/v2_1/common">Loranzè</Name>
          <Name xml:lang="en" xmlns="http://www.sdmx.org/resources/sdmxml/schemas/v2_1/common">Loranzè</Name>
          <Parent>
            <Ref id="ITC11" xmlns="" />
          </Parent>
        </Code>
        <Code id="001138" urn="urn:sdmx:org.sdmx.infomodel.codelist.Code=IT1:CL_REFAREA(1.2).001138">
          <Name xml:lang="it" xmlns="http://www.sdmx.org/resources/sdmxml/schemas/v2_1/common">Lugnacco</Name>
          <Name xml:lang="en" xmlns="http://www.sdmx.org/resources/sdmxml/schemas/v2_1/common">Lugnacco</Name>
          <Parent>
            <Ref id="ITC11" xmlns="" />
          </Parent>
        </Code>
        <Code id="001139" urn="urn:sdmx:org.sdmx.infomodel.codelist.Code=IT1:CL_REFAREA(1.2).001139">
          <Name xml:lang="it" xmlns="http://www.sdmx.org/resources/sdmxml/schemas/v2_1/common">Luserna San Giovanni</Name>
          <Name xml:lang="en" xmlns="http://www.sdmx.org/resources/sdmxml/schemas/v2_1/common">Luserna San Giovanni</Name>
          <Parent>
            <Ref id="ITC11" xmlns="" />
          </Parent>
        </Code>
        <Code id="001140" urn="urn:sdmx:org.sdmx.infomodel.codelist.Code=IT1:CL_REFAREA(1.2).001140">
          <Name xml:lang="it" xmlns="http://www.sdmx.org/resources/sdmxml/schemas/v2_1/common">Lusernetta</Name>
          <Name xml:lang="en" xmlns="http://www.sdmx.org/resources/sdmxml/schemas/v2_1/common">Lusernetta</Name>
          <Parent>
            <Ref id="ITC11" xmlns="" />
          </Parent>
        </Code>
        <Code id="001141" urn="urn:sdmx:org.sdmx.infomodel.codelist.Code=IT1:CL_REFAREA(1.2).001141">
          <Name xml:lang="it" xmlns="http://www.sdmx.org/resources/sdmxml/schemas/v2_1/common">Lusigliè</Name>
          <Name xml:lang="en" xmlns="http://www.sdmx.org/resources/sdmxml/schemas/v2_1/common">Lusigliè</Name>
          <Parent>
            <Ref id="ITC11" xmlns="" />
          </Parent>
        </Code>
        <Code id="001142" urn="urn:sdmx:org.sdmx.infomodel.codelist.Code=IT1:CL_REFAREA(1.2).001142">
          <Name xml:lang="it" xmlns="http://www.sdmx.org/resources/sdmxml/schemas/v2_1/common">Macello</Name>
          <Name xml:lang="en" xmlns="http://www.sdmx.org/resources/sdmxml/schemas/v2_1/common">Macello</Name>
          <Parent>
            <Ref id="ITC11" xmlns="" />
          </Parent>
        </Code>
        <Code id="001143" urn="urn:sdmx:org.sdmx.infomodel.codelist.Code=IT1:CL_REFAREA(1.2).001143">
          <Name xml:lang="it" xmlns="http://www.sdmx.org/resources/sdmxml/schemas/v2_1/common">Maglione</Name>
          <Name xml:lang="en" xmlns="http://www.sdmx.org/resources/sdmxml/schemas/v2_1/common">Maglione</Name>
          <Parent>
            <Ref id="ITC11" xmlns="" />
          </Parent>
        </Code>
        <Code id="001144" urn="urn:sdmx:org.sdmx.infomodel.codelist.Code=IT1:CL_REFAREA(1.2).001144">
          <Name xml:lang="it" xmlns="http://www.sdmx.org/resources/sdmxml/schemas/v2_1/common">Marentino</Name>
          <Name xml:lang="en" xmlns="http://www.sdmx.org/resources/sdmxml/schemas/v2_1/common">Marentino</Name>
          <Parent>
            <Ref id="ITC11" xmlns="" />
          </Parent>
        </Code>
        <Code id="001145" urn="urn:sdmx:org.sdmx.infomodel.codelist.Code=IT1:CL_REFAREA(1.2).001145">
          <Name xml:lang="it" xmlns="http://www.sdmx.org/resources/sdmxml/schemas/v2_1/common">Massello</Name>
          <Name xml:lang="en" xmlns="http://www.sdmx.org/resources/sdmxml/schemas/v2_1/common">Massello</Name>
          <Parent>
            <Ref id="ITC11" xmlns="" />
          </Parent>
        </Code>
        <Code id="001146" urn="urn:sdmx:org.sdmx.infomodel.codelist.Code=IT1:CL_REFAREA(1.2).001146">
          <Name xml:lang="it" xmlns="http://www.sdmx.org/resources/sdmxml/schemas/v2_1/common">Mathi</Name>
          <Name xml:lang="en" xmlns="http://www.sdmx.org/resources/sdmxml/schemas/v2_1/common">Mathi</Name>
          <Parent>
            <Ref id="ITC11" xmlns="" />
          </Parent>
        </Code>
        <Code id="001147" urn="urn:sdmx:org.sdmx.infomodel.codelist.Code=IT1:CL_REFAREA(1.2).001147">
          <Name xml:lang="it" xmlns="http://www.sdmx.org/resources/sdmxml/schemas/v2_1/common">Mattie</Name>
          <Name xml:lang="en" xmlns="http://www.sdmx.org/resources/sdmxml/schemas/v2_1/common">Mattie</Name>
          <Parent>
            <Ref id="ITC11" xmlns="" />
          </Parent>
        </Code>
        <Code id="001148" urn="urn:sdmx:org.sdmx.infomodel.codelist.Code=IT1:CL_REFAREA(1.2).001148">
          <Name xml:lang="it" xmlns="http://www.sdmx.org/resources/sdmxml/schemas/v2_1/common">Mazzè</Name>
          <Name xml:lang="en" xmlns="http://www.sdmx.org/resources/sdmxml/schemas/v2_1/common">Mazzè</Name>
          <Parent>
            <Ref id="ITC11" xmlns="" />
          </Parent>
        </Code>
        <Code id="001149" urn="urn:sdmx:org.sdmx.infomodel.codelist.Code=IT1:CL_REFAREA(1.2).001149">
          <Name xml:lang="it" xmlns="http://www.sdmx.org/resources/sdmxml/schemas/v2_1/common">Meana di Susa</Name>
          <Name xml:lang="en" xmlns="http://www.sdmx.org/resources/sdmxml/schemas/v2_1/common">Meana di Susa</Name>
          <Parent>
            <Ref id="ITC11" xmlns="" />
          </Parent>
        </Code>
        <Code id="001150" urn="urn:sdmx:org.sdmx.infomodel.codelist.Code=IT1:CL_REFAREA(1.2).001150">
          <Name xml:lang="it" xmlns="http://www.sdmx.org/resources/sdmxml/schemas/v2_1/common">Mercenasco</Name>
          <Name xml:lang="en" xmlns="http://www.sdmx.org/resources/sdmxml/schemas/v2_1/common">Mercenasco</Name>
          <Parent>
            <Ref id="ITC11" xmlns="" />
          </Parent>
        </Code>
        <Code id="001151" urn="urn:sdmx:org.sdmx.infomodel.codelist.Code=IT1:CL_REFAREA(1.2).001151">
          <Name xml:lang="it" xmlns="http://www.sdmx.org/resources/sdmxml/schemas/v2_1/common">Meugliano</Name>
          <Name xml:lang="en" xmlns="http://www.sdmx.org/resources/sdmxml/schemas/v2_1/common">Meugliano</Name>
          <Parent>
            <Ref id="ITC11" xmlns="" />
          </Parent>
        </Code>
        <Code id="001152" urn="urn:sdmx:org.sdmx.infomodel.codelist.Code=IT1:CL_REFAREA(1.2).001152">
          <Name xml:lang="it" xmlns="http://www.sdmx.org/resources/sdmxml/schemas/v2_1/common">Mezzenile</Name>
          <Name xml:lang="en" xmlns="http://www.sdmx.org/resources/sdmxml/schemas/v2_1/common">Mezzenile</Name>
          <Parent>
            <Ref id="ITC11" xmlns="" />
          </Parent>
        </Code>
        <Code id="001153" urn="urn:sdmx:org.sdmx.infomodel.codelist.Code=IT1:CL_REFAREA(1.2).001153">
          <Name xml:lang="it" xmlns="http://www.sdmx.org/resources/sdmxml/schemas/v2_1/common">Mombello di Torino</Name>
          <Name xml:lang="en" xmlns="http://www.sdmx.org/resources/sdmxml/schemas/v2_1/common">Mombello di Torino</Name>
          <Parent>
            <Ref id="ITC11" xmlns="" />
          </Parent>
        </Code>
        <Code id="001154" urn="urn:sdmx:org.sdmx.infomodel.codelist.Code=IT1:CL_REFAREA(1.2).001154">
          <Name xml:lang="it" xmlns="http://www.sdmx.org/resources/sdmxml/schemas/v2_1/common">Mompantero</Name>
          <Name xml:lang="en" xmlns="http://www.sdmx.org/resources/sdmxml/schemas/v2_1/common">Mompantero</Name>
          <Parent>
            <Ref id="ITC11" xmlns="" />
          </Parent>
        </Code>
        <Code id="001155" urn="urn:sdmx:org.sdmx.infomodel.codelist.Code=IT1:CL_REFAREA(1.2).001155">
          <Name xml:lang="it" xmlns="http://www.sdmx.org/resources/sdmxml/schemas/v2_1/common">Monastero di Lanzo</Name>
          <Name xml:lang="en" xmlns="http://www.sdmx.org/resources/sdmxml/schemas/v2_1/common">Monastero di Lanzo</Name>
          <Parent>
            <Ref id="ITC11" xmlns="" />
          </Parent>
        </Code>
        <Code id="001156" urn="urn:sdmx:org.sdmx.infomodel.codelist.Code=IT1:CL_REFAREA(1.2).001156">
          <Name xml:lang="it" xmlns="http://www.sdmx.org/resources/sdmxml/schemas/v2_1/common">Moncalieri</Name>
          <Name xml:lang="en" xmlns="http://www.sdmx.org/resources/sdmxml/schemas/v2_1/common">Moncalieri</Name>
          <Parent>
            <Ref id="ITC11" xmlns="" />
          </Parent>
        </Code>
        <Code id="001157" urn="urn:sdmx:org.sdmx.infomodel.codelist.Code=IT1:CL_REFAREA(1.2).001157">
          <Name xml:lang="it" xmlns="http://www.sdmx.org/resources/sdmxml/schemas/v2_1/common">Moncenisio</Name>
          <Name xml:lang="en" xmlns="http://www.sdmx.org/resources/sdmxml/schemas/v2_1/common">Moncenisio</Name>
          <Parent>
            <Ref id="ITC11" xmlns="" />
          </Parent>
        </Code>
        <Code id="001158" urn="urn:sdmx:org.sdmx.infomodel.codelist.Code=IT1:CL_REFAREA(1.2).001158">
          <Name xml:lang="it" xmlns="http://www.sdmx.org/resources/sdmxml/schemas/v2_1/common">Montaldo Torinese</Name>
          <Name xml:lang="en" xmlns="http://www.sdmx.org/resources/sdmxml/schemas/v2_1/common">Montaldo Torinese</Name>
          <Parent>
            <Ref id="ITC11" xmlns="" />
          </Parent>
        </Code>
        <Code id="001159" urn="urn:sdmx:org.sdmx.infomodel.codelist.Code=IT1:CL_REFAREA(1.2).001159">
          <Name xml:lang="it" xmlns="http://www.sdmx.org/resources/sdmxml/schemas/v2_1/common">Montalenghe</Name>
          <Name xml:lang="en" xmlns="http://www.sdmx.org/resources/sdmxml/schemas/v2_1/common">Montalenghe</Name>
          <Parent>
            <Ref id="ITC11" xmlns="" />
          </Parent>
        </Code>
        <Code id="001160" urn="urn:sdmx:org.sdmx.infomodel.codelist.Code=IT1:CL_REFAREA(1.2).001160">
          <Name xml:lang="it" xmlns="http://www.sdmx.org/resources/sdmxml/schemas/v2_1/common">Montalto Dora</Name>
          <Name xml:lang="en" xmlns="http://www.sdmx.org/resources/sdmxml/schemas/v2_1/common">Montalto Dora</Name>
          <Parent>
            <Ref id="ITC11" xmlns="" />
          </Parent>
        </Code>
        <Code id="001161" urn="urn:sdmx:org.sdmx.infomodel.codelist.Code=IT1:CL_REFAREA(1.2).001161">
          <Name xml:lang="it" xmlns="http://www.sdmx.org/resources/sdmxml/schemas/v2_1/common">Montanaro</Name>
          <Name xml:lang="en" xmlns="http://www.sdmx.org/resources/sdmxml/schemas/v2_1/common">Montanaro</Name>
          <Parent>
            <Ref id="ITC11" xmlns="" />
          </Parent>
        </Code>
        <Code id="001162" urn="urn:sdmx:org.sdmx.infomodel.codelist.Code=IT1:CL_REFAREA(1.2).001162">
          <Name xml:lang="it" xmlns="http://www.sdmx.org/resources/sdmxml/schemas/v2_1/common">Monteu da Po</Name>
          <Name xml:lang="en" xmlns="http://www.sdmx.org/resources/sdmxml/schemas/v2_1/common">Monteu da Po</Name>
          <Parent>
            <Ref id="ITC11" xmlns="" />
          </Parent>
        </Code>
        <Code id="001163" urn="urn:sdmx:org.sdmx.infomodel.codelist.Code=IT1:CL_REFAREA(1.2).001163">
          <Name xml:lang="it" xmlns="http://www.sdmx.org/resources/sdmxml/schemas/v2_1/common">Moriondo Torinese</Name>
          <Name xml:lang="en" xmlns="http://www.sdmx.org/resources/sdmxml/schemas/v2_1/common">Moriondo Torinese</Name>
          <Parent>
            <Ref id="ITC11" xmlns="" />
          </Parent>
        </Code>
        <Code id="001164" urn="urn:sdmx:org.sdmx.infomodel.codelist.Code=IT1:CL_REFAREA(1.2).001164">
          <Name xml:lang="it" xmlns="http://www.sdmx.org/resources/sdmxml/schemas/v2_1/common">Nichelino</Name>
          <Name xml:lang="en" xmlns="http://www.sdmx.org/resources/sdmxml/schemas/v2_1/common">Nichelino</Name>
          <Parent>
            <Ref id="ITC11" xmlns="" />
          </Parent>
        </Code>
        <Code id="001165" urn="urn:sdmx:org.sdmx.infomodel.codelist.Code=IT1:CL_REFAREA(1.2).001165">
          <Name xml:lang="it" xmlns="http://www.sdmx.org/resources/sdmxml/schemas/v2_1/common">Noasca</Name>
          <Name xml:lang="en" xmlns="http://www.sdmx.org/resources/sdmxml/schemas/v2_1/common">Noasca</Name>
          <Parent>
            <Ref id="ITC11" xmlns="" />
          </Parent>
        </Code>
        <Code id="001166" urn="urn:sdmx:org.sdmx.infomodel.codelist.Code=IT1:CL_REFAREA(1.2).001166">
          <Name xml:lang="it" xmlns="http://www.sdmx.org/resources/sdmxml/schemas/v2_1/common">Nole</Name>
          <Name xml:lang="en" xmlns="http://www.sdmx.org/resources/sdmxml/schemas/v2_1/common">Nole</Name>
          <Parent>
            <Ref id="ITC11" xmlns="" />
          </Parent>
        </Code>
        <Code id="001167" urn="urn:sdmx:org.sdmx.infomodel.codelist.Code=IT1:CL_REFAREA(1.2).001167">
          <Name xml:lang="it" xmlns="http://www.sdmx.org/resources/sdmxml/schemas/v2_1/common">Nomaglio</Name>
          <Name xml:lang="en" xmlns="http://www.sdmx.org/resources/sdmxml/schemas/v2_1/common">Nomaglio</Name>
          <Parent>
            <Ref id="ITC11" xmlns="" />
          </Parent>
        </Code>
        <Code id="001168" urn="urn:sdmx:org.sdmx.infomodel.codelist.Code=IT1:CL_REFAREA(1.2).001168">
          <Name xml:lang="it" xmlns="http://www.sdmx.org/resources/sdmxml/schemas/v2_1/common">None</Name>
          <Name xml:lang="en" xmlns="http://www.sdmx.org/resources/sdmxml/schemas/v2_1/common">None</Name>
          <Parent>
            <Ref id="ITC11" xmlns="" />
          </Parent>
        </Code>
        <Code id="001169" urn="urn:sdmx:org.sdmx.infomodel.codelist.Code=IT1:CL_REFAREA(1.2).001169">
          <Name xml:lang="it" xmlns="http://www.sdmx.org/resources/sdmxml/schemas/v2_1/common">Novalesa</Name>
          <Name xml:lang="en" xmlns="http://www.sdmx.org/resources/sdmxml/schemas/v2_1/common">Novalesa</Name>
          <Parent>
            <Ref id="ITC11" xmlns="" />
          </Parent>
        </Code>
        <Code id="001170" urn="urn:sdmx:org.sdmx.infomodel.codelist.Code=IT1:CL_REFAREA(1.2).001170">
          <Name xml:lang="it" xmlns="http://www.sdmx.org/resources/sdmxml/schemas/v2_1/common">Oglianico</Name>
          <Name xml:lang="en" xmlns="http://www.sdmx.org/resources/sdmxml/schemas/v2_1/common">Oglianico</Name>
          <Parent>
            <Ref id="ITC11" xmlns="" />
          </Parent>
        </Code>
        <Code id="001171" urn="urn:sdmx:org.sdmx.infomodel.codelist.Code=IT1:CL_REFAREA(1.2).001171">
          <Name xml:lang="it" xmlns="http://www.sdmx.org/resources/sdmxml/schemas/v2_1/common">Orbassano</Name>
          <Name xml:lang="en" xmlns="http://www.sdmx.org/resources/sdmxml/schemas/v2_1/common">Orbassano</Name>
          <Parent>
            <Ref id="ITC11" xmlns="" />
          </Parent>
        </Code>
        <Code id="001172" urn="urn:sdmx:org.sdmx.infomodel.codelist.Code=IT1:CL_REFAREA(1.2).001172">
          <Name xml:lang="it" xmlns="http://www.sdmx.org/resources/sdmxml/schemas/v2_1/common">Orio Canavese</Name>
          <Name xml:lang="en" xmlns="http://www.sdmx.org/resources/sdmxml/schemas/v2_1/common">Orio Canavese</Name>
          <Parent>
            <Ref id="ITC11" xmlns="" />
          </Parent>
        </Code>
        <Code id="001173" urn="urn:sdmx:org.sdmx.infomodel.codelist.Code=IT1:CL_REFAREA(1.2).001173">
          <Name xml:lang="it" xmlns="http://www.sdmx.org/resources/sdmxml/schemas/v2_1/common">Osasco</Name>
          <Name xml:lang="en" xmlns="http://www.sdmx.org/resources/sdmxml/schemas/v2_1/common">Osasco</Name>
          <Parent>
            <Ref id="ITC11" xmlns="" />
          </Parent>
        </Code>
        <Code id="001174" urn="urn:sdmx:org.sdmx.infomodel.codelist.Code=IT1:CL_REFAREA(1.2).001174">
          <Name xml:lang="it" xmlns="http://www.sdmx.org/resources/sdmxml/schemas/v2_1/common">Osasio</Name>
          <Name xml:lang="en" xmlns="http://www.sdmx.org/resources/sdmxml/schemas/v2_1/common">Osasio</Name>
          <Parent>
            <Ref id="ITC11" xmlns="" />
          </Parent>
        </Code>
        <Code id="001175" urn="urn:sdmx:org.sdmx.infomodel.codelist.Code=IT1:CL_REFAREA(1.2).001175">
          <Name xml:lang="it" xmlns="http://www.sdmx.org/resources/sdmxml/schemas/v2_1/common">Oulx</Name>
          <Name xml:lang="en" xmlns="http://www.sdmx.org/resources/sdmxml/schemas/v2_1/common">Oulx</Name>
          <Parent>
            <Ref id="ITC11" xmlns="" />
          </Parent>
        </Code>
        <Code id="001176" urn="urn:sdmx:org.sdmx.infomodel.codelist.Code=IT1:CL_REFAREA(1.2).001176">
          <Name xml:lang="it" xmlns="http://www.sdmx.org/resources/sdmxml/schemas/v2_1/common">Ozegna</Name>
          <Name xml:lang="en" xmlns="http://www.sdmx.org/resources/sdmxml/schemas/v2_1/common">Ozegna</Name>
          <Parent>
            <Ref id="ITC11" xmlns="" />
          </Parent>
        </Code>
        <Code id="001177" urn="urn:sdmx:org.sdmx.infomodel.codelist.Code=IT1:CL_REFAREA(1.2).001177">
          <Name xml:lang="it" xmlns="http://www.sdmx.org/resources/sdmxml/schemas/v2_1/common">Palazzo Canavese</Name>
          <Name xml:lang="en" xmlns="http://www.sdmx.org/resources/sdmxml/schemas/v2_1/common">Palazzo Canavese</Name>
          <Parent>
            <Ref id="ITC11" xmlns="" />
          </Parent>
        </Code>
        <Code id="001178" urn="urn:sdmx:org.sdmx.infomodel.codelist.Code=IT1:CL_REFAREA(1.2).001178">
          <Name xml:lang="it" xmlns="http://www.sdmx.org/resources/sdmxml/schemas/v2_1/common">Pancalieri</Name>
          <Name xml:lang="en" xmlns="http://www.sdmx.org/resources/sdmxml/schemas/v2_1/common">Pancalieri</Name>
          <Parent>
            <Ref id="ITC11" xmlns="" />
          </Parent>
        </Code>
        <Code id="001179" urn="urn:sdmx:org.sdmx.infomodel.codelist.Code=IT1:CL_REFAREA(1.2).001179">
          <Name xml:lang="it" xmlns="http://www.sdmx.org/resources/sdmxml/schemas/v2_1/common">Parella</Name>
          <Name xml:lang="en" xmlns="http://www.sdmx.org/resources/sdmxml/schemas/v2_1/common">Parella</Name>
          <Parent>
            <Ref id="ITC11" xmlns="" />
          </Parent>
        </Code>
        <Code id="001180" urn="urn:sdmx:org.sdmx.infomodel.codelist.Code=IT1:CL_REFAREA(1.2).001180">
          <Name xml:lang="it" xmlns="http://www.sdmx.org/resources/sdmxml/schemas/v2_1/common">Pavarolo</Name>
          <Name xml:lang="en" xmlns="http://www.sdmx.org/resources/sdmxml/schemas/v2_1/common">Pavarolo</Name>
          <Parent>
            <Ref id="ITC11" xmlns="" />
          </Parent>
        </Code>
        <Code id="001181" urn="urn:sdmx:org.sdmx.infomodel.codelist.Code=IT1:CL_REFAREA(1.2).001181">
          <Name xml:lang="it" xmlns="http://www.sdmx.org/resources/sdmxml/schemas/v2_1/common">Pavone Canavese</Name>
          <Name xml:lang="en" xmlns="http://www.sdmx.org/resources/sdmxml/schemas/v2_1/common">Pavone Canavese</Name>
          <Parent>
            <Ref id="ITC11" xmlns="" />
          </Parent>
        </Code>
        <Code id="001182" urn="urn:sdmx:org.sdmx.infomodel.codelist.Code=IT1:CL_REFAREA(1.2).001182">
          <Name xml:lang="it" xmlns="http://www.sdmx.org/resources/sdmxml/schemas/v2_1/common">Pecco</Name>
          <Name xml:lang="en" xmlns="http://www.sdmx.org/resources/sdmxml/schemas/v2_1/common">Pecco</Name>
          <Parent>
            <Ref id="ITC11" xmlns="" />
          </Parent>
        </Code>
        <Code id="001183" urn="urn:sdmx:org.sdmx.infomodel.codelist.Code=IT1:CL_REFAREA(1.2).001183">
          <Name xml:lang="it" xmlns="http://www.sdmx.org/resources/sdmxml/schemas/v2_1/common">Pecetto Torinese</Name>
          <Name xml:lang="en" xmlns="http://www.sdmx.org/resources/sdmxml/schemas/v2_1/common">Pecetto Torinese</Name>
          <Parent>
            <Ref id="ITC11" xmlns="" />
          </Parent>
        </Code>
        <Code id="001184" urn="urn:sdmx:org.sdmx.infomodel.codelist.Code=IT1:CL_REFAREA(1.2).001184">
          <Name xml:lang="it" xmlns="http://www.sdmx.org/resources/sdmxml/schemas/v2_1/common">Perosa Argentina</Name>
          <Name xml:lang="en" xmlns="http://www.sdmx.org/resources/sdmxml/schemas/v2_1/common">Perosa Argentina</Name>
          <Parent>
            <Ref id="ITC11" xmlns="" />
          </Parent>
        </Code>
        <Code id="001185" urn="urn:sdmx:org.sdmx.infomodel.codelist.Code=IT1:CL_REFAREA(1.2).001185">
          <Name xml:lang="it" xmlns="http://www.sdmx.org/resources/sdmxml/schemas/v2_1/common">Perosa Canavese</Name>
          <Name xml:lang="en" xmlns="http://www.sdmx.org/resources/sdmxml/schemas/v2_1/common">Perosa Canavese</Name>
          <Parent>
            <Ref id="ITC11" xmlns="" />
          </Parent>
        </Code>
        <Code id="001186" urn="urn:sdmx:org.sdmx.infomodel.codelist.Code=IT1:CL_REFAREA(1.2).001186">
          <Name xml:lang="it" xmlns="http://www.sdmx.org/resources/sdmxml/schemas/v2_1/common">Perrero</Name>
          <Name xml:lang="en" xmlns="http://www.sdmx.org/resources/sdmxml/schemas/v2_1/common">Perrero</Name>
          <Parent>
            <Ref id="ITC11" xmlns="" />
          </Parent>
        </Code>
        <Code id="001187" urn="urn:sdmx:org.sdmx.infomodel.codelist.Code=IT1:CL_REFAREA(1.2).001187">
          <Name xml:lang="it" xmlns="http://www.sdmx.org/resources/sdmxml/schemas/v2_1/common">Pertusio</Name>
          <Name xml:lang="en" xmlns="http://www.sdmx.org/resources/sdmxml/schemas/v2_1/common">Pertusio</Name>
          <Parent>
            <Ref id="ITC11" xmlns="" />
          </Parent>
        </Code>
        <Code id="001188" urn="urn:sdmx:org.sdmx.infomodel.codelist.Code=IT1:CL_REFAREA(1.2).001188">
          <Name xml:lang="it" xmlns="http://www.sdmx.org/resources/sdmxml/schemas/v2_1/common">Pessinetto</Name>
          <Name xml:lang="en" xmlns="http://www.sdmx.org/resources/sdmxml/schemas/v2_1/common">Pessinetto</Name>
          <Parent>
            <Ref id="ITC11" xmlns="" />
          </Parent>
        </Code>
        <Code id="001189" urn="urn:sdmx:org.sdmx.infomodel.codelist.Code=IT1:CL_REFAREA(1.2).001189">
          <Name xml:lang="it" xmlns="http://www.sdmx.org/resources/sdmxml/schemas/v2_1/common">Pianezza</Name>
          <Name xml:lang="en" xmlns="http://www.sdmx.org/resources/sdmxml/schemas/v2_1/common">Pianezza</Name>
          <Parent>
            <Ref id="ITC11" xmlns="" />
          </Parent>
        </Code>
        <Code id="001190" urn="urn:sdmx:org.sdmx.infomodel.codelist.Code=IT1:CL_REFAREA(1.2).001190">
          <Name xml:lang="it" xmlns="http://www.sdmx.org/resources/sdmxml/schemas/v2_1/common">Pinasca</Name>
          <Name xml:lang="en" xmlns="http://www.sdmx.org/resources/sdmxml/schemas/v2_1/common">Pinasca</Name>
          <Parent>
            <Ref id="ITC11" xmlns="" />
          </Parent>
        </Code>
        <Code id="001191" urn="urn:sdmx:org.sdmx.infomodel.codelist.Code=IT1:CL_REFAREA(1.2).001191">
          <Name xml:lang="it" xmlns="http://www.sdmx.org/resources/sdmxml/schemas/v2_1/common">Pinerolo</Name>
          <Name xml:lang="en" xmlns="http://www.sdmx.org/resources/sdmxml/schemas/v2_1/common">Pinerolo</Name>
          <Parent>
            <Ref id="ITC11" xmlns="" />
          </Parent>
        </Code>
        <Code id="001192" urn="urn:sdmx:org.sdmx.infomodel.codelist.Code=IT1:CL_REFAREA(1.2).001192">
          <Name xml:lang="it" xmlns="http://www.sdmx.org/resources/sdmxml/schemas/v2_1/common">Pino Torinese</Name>
          <Name xml:lang="en" xmlns="http://www.sdmx.org/resources/sdmxml/schemas/v2_1/common">Pino Torinese</Name>
          <Parent>
            <Ref id="ITC11" xmlns="" />
          </Parent>
        </Code>
        <Code id="001193" urn="urn:sdmx:org.sdmx.infomodel.codelist.Code=IT1:CL_REFAREA(1.2).001193">
          <Name xml:lang="it" xmlns="http://www.sdmx.org/resources/sdmxml/schemas/v2_1/common">Piobesi Torinese</Name>
          <Name xml:lang="en" xmlns="http://www.sdmx.org/resources/sdmxml/schemas/v2_1/common">Piobesi Torinese</Name>
          <Parent>
            <Ref id="ITC11" xmlns="" />
          </Parent>
        </Code>
        <Code id="001194" urn="urn:sdmx:org.sdmx.infomodel.codelist.Code=IT1:CL_REFAREA(1.2).001194">
          <Name xml:lang="it" xmlns="http://www.sdmx.org/resources/sdmxml/schemas/v2_1/common">Piossasco</Name>
          <Name xml:lang="en" xmlns="http://www.sdmx.org/resources/sdmxml/schemas/v2_1/common">Piossasco</Name>
          <Parent>
            <Ref id="ITC11" xmlns="" />
          </Parent>
        </Code>
        <Code id="001195" urn="urn:sdmx:org.sdmx.infomodel.codelist.Code=IT1:CL_REFAREA(1.2).001195">
          <Name xml:lang="it" xmlns="http://www.sdmx.org/resources/sdmxml/schemas/v2_1/common">Piscina</Name>
          <Name xml:lang="en" xmlns="http://www.sdmx.org/resources/sdmxml/schemas/v2_1/common">Piscina</Name>
          <Parent>
            <Ref id="ITC11" xmlns="" />
          </Parent>
        </Code>
        <Code id="001196" urn="urn:sdmx:org.sdmx.infomodel.codelist.Code=IT1:CL_REFAREA(1.2).001196">
          <Name xml:lang="it" xmlns="http://www.sdmx.org/resources/sdmxml/schemas/v2_1/common">Piverone</Name>
          <Name xml:lang="en" xmlns="http://www.sdmx.org/resources/sdmxml/schemas/v2_1/common">Piverone</Name>
          <Parent>
            <Ref id="ITC11" xmlns="" />
          </Parent>
        </Code>
        <Code id="001197" urn="urn:sdmx:org.sdmx.infomodel.codelist.Code=IT1:CL_REFAREA(1.2).001197">
          <Name xml:lang="it" xmlns="http://www.sdmx.org/resources/sdmxml/schemas/v2_1/common">Poirino</Name>
          <Name xml:lang="en" xmlns="http://www.sdmx.org/resources/sdmxml/schemas/v2_1/common">Poirino</Name>
          <Parent>
            <Ref id="ITC11" xmlns="" />
          </Parent>
        </Code>
        <Code id="001198" urn="urn:sdmx:org.sdmx.infomodel.codelist.Code=IT1:CL_REFAREA(1.2).001198">
          <Name xml:lang="it" xmlns="http://www.sdmx.org/resources/sdmxml/schemas/v2_1/common">Pomaretto</Name>
          <Name xml:lang="en" xmlns="http://www.sdmx.org/resources/sdmxml/schemas/v2_1/common">Pomaretto</Name>
          <Parent>
            <Ref id="ITC11" xmlns="" />
          </Parent>
        </Code>
        <Code id="001199" urn="urn:sdmx:org.sdmx.infomodel.codelist.Code=IT1:CL_REFAREA(1.2).001199">
          <Name xml:lang="it" xmlns="http://www.sdmx.org/resources/sdmxml/schemas/v2_1/common">Pont-Canavese</Name>
          <Name xml:lang="en" xmlns="http://www.sdmx.org/resources/sdmxml/schemas/v2_1/common">Pont-Canavese</Name>
          <Parent>
            <Ref id="ITC11" xmlns="" />
          </Parent>
        </Code>
        <Code id="001200" urn="urn:sdmx:org.sdmx.infomodel.codelist.Code=IT1:CL_REFAREA(1.2).001200">
          <Name xml:lang="it" xmlns="http://www.sdmx.org/resources/sdmxml/schemas/v2_1/common">Porte</Name>
          <Name xml:lang="en" xmlns="http://www.sdmx.org/resources/sdmxml/schemas/v2_1/common">Porte</Name>
          <Parent>
            <Ref id="ITC11" xmlns="" />
          </Parent>
        </Code>
        <Code id="001201" urn="urn:sdmx:org.sdmx.infomodel.codelist.Code=IT1:CL_REFAREA(1.2).001201">
          <Name xml:lang="it" xmlns="http://www.sdmx.org/resources/sdmxml/schemas/v2_1/common">Pragelato</Name>
          <Name xml:lang="en" xmlns="http://www.sdmx.org/resources/sdmxml/schemas/v2_1/common">Pragelato</Name>
          <Parent>
            <Ref id="ITC11" xmlns="" />
          </Parent>
        </Code>
        <Code id="001202" urn="urn:sdmx:org.sdmx.infomodel.codelist.Code=IT1:CL_REFAREA(1.2).001202">
          <Name xml:lang="it" xmlns="http://www.sdmx.org/resources/sdmxml/schemas/v2_1/common">Prali</Name>
          <Name xml:lang="en" xmlns="http://www.sdmx.org/resources/sdmxml/schemas/v2_1/common">Prali</Name>
          <Parent>
            <Ref id="ITC11" xmlns="" />
          </Parent>
        </Code>
        <Code id="001203" urn="urn:sdmx:org.sdmx.infomodel.codelist.Code=IT1:CL_REFAREA(1.2).001203">
          <Name xml:lang="it" xmlns="http://www.sdmx.org/resources/sdmxml/schemas/v2_1/common">Pralormo</Name>
          <Name xml:lang="en" xmlns="http://www.sdmx.org/resources/sdmxml/schemas/v2_1/common">Pralormo</Name>
          <Parent>
            <Ref id="ITC11" xmlns="" />
          </Parent>
        </Code>
        <Code id="001204" urn="urn:sdmx:org.sdmx.infomodel.codelist.Code=IT1:CL_REFAREA(1.2).001204">
          <Name xml:lang="it" xmlns="http://www.sdmx.org/resources/sdmxml/schemas/v2_1/common">Pramollo</Name>
          <Name xml:lang="en" xmlns="http://www.sdmx.org/resources/sdmxml/schemas/v2_1/common">Pramollo</Name>
          <Parent>
            <Ref id="ITC11" xmlns="" />
          </Parent>
        </Code>
        <Code id="001205" urn="urn:sdmx:org.sdmx.infomodel.codelist.Code=IT1:CL_REFAREA(1.2).001205">
          <Name xml:lang="it" xmlns="http://www.sdmx.org/resources/sdmxml/schemas/v2_1/common">Prarostino</Name>
          <Name xml:lang="en" xmlns="http://www.sdmx.org/resources/sdmxml/schemas/v2_1/common">Prarostino</Name>
          <Parent>
            <Ref id="ITC11" xmlns="" />
          </Parent>
        </Code>
        <Code id="001206" urn="urn:sdmx:org.sdmx.infomodel.codelist.Code=IT1:CL_REFAREA(1.2).001206">
          <Name xml:lang="it" xmlns="http://www.sdmx.org/resources/sdmxml/schemas/v2_1/common">Prascorsano</Name>
          <Name xml:lang="en" xmlns="http://www.sdmx.org/resources/sdmxml/schemas/v2_1/common">Prascorsano</Name>
          <Parent>
            <Ref id="ITC11" xmlns="" />
          </Parent>
        </Code>
        <Code id="001207" urn="urn:sdmx:org.sdmx.infomodel.codelist.Code=IT1:CL_REFAREA(1.2).001207">
          <Name xml:lang="it" xmlns="http://www.sdmx.org/resources/sdmxml/schemas/v2_1/common">Pratiglione</Name>
          <Name xml:lang="en" xmlns="http://www.sdmx.org/resources/sdmxml/schemas/v2_1/common">Pratiglione</Name>
          <Parent>
            <Ref id="ITC11" xmlns="" />
          </Parent>
        </Code>
        <Code id="001208" urn="urn:sdmx:org.sdmx.infomodel.codelist.Code=IT1:CL_REFAREA(1.2).001208">
          <Name xml:lang="it" xmlns="http://www.sdmx.org/resources/sdmxml/schemas/v2_1/common">Quagliuzzo</Name>
          <Name xml:lang="en" xmlns="http://www.sdmx.org/resources/sdmxml/schemas/v2_1/common">Quagliuzzo</Name>
          <Parent>
            <Ref id="ITC11" xmlns="" />
          </Parent>
        </Code>
        <Code id="001209" urn="urn:sdmx:org.sdmx.infomodel.codelist.Code=IT1:CL_REFAREA(1.2).001209">
          <Name xml:lang="it" xmlns="http://www.sdmx.org/resources/sdmxml/schemas/v2_1/common">Quassolo</Name>
          <Name xml:lang="en" xmlns="http://www.sdmx.org/resources/sdmxml/schemas/v2_1/common">Quassolo</Name>
          <Parent>
            <Ref id="ITC11" xmlns="" />
          </Parent>
        </Code>
        <Code id="001210" urn="urn:sdmx:org.sdmx.infomodel.codelist.Code=IT1:CL_REFAREA(1.2).001210">
          <Name xml:lang="it" xmlns="http://www.sdmx.org/resources/sdmxml/schemas/v2_1/common">Quincinetto</Name>
          <Name xml:lang="en" xmlns="http://www.sdmx.org/resources/sdmxml/schemas/v2_1/common">Quincinetto</Name>
          <Parent>
            <Ref id="ITC11" xmlns="" />
          </Parent>
        </Code>
        <Code id="001211" urn="urn:sdmx:org.sdmx.infomodel.codelist.Code=IT1:CL_REFAREA(1.2).001211">
          <Name xml:lang="it" xmlns="http://www.sdmx.org/resources/sdmxml/schemas/v2_1/common">Reano</Name>
          <Name xml:lang="en" xmlns="http://www.sdmx.org/resources/sdmxml/schemas/v2_1/common">Reano</Name>
          <Parent>
            <Ref id="ITC11" xmlns="" />
          </Parent>
        </Code>
        <Code id="001212" urn="urn:sdmx:org.sdmx.infomodel.codelist.Code=IT1:CL_REFAREA(1.2).001212">
          <Name xml:lang="it" xmlns="http://www.sdmx.org/resources/sdmxml/schemas/v2_1/common">Ribordone</Name>
          <Name xml:lang="en" xmlns="http://www.sdmx.org/resources/sdmxml/schemas/v2_1/common">Ribordone</Name>
          <Parent>
            <Ref id="ITC11" xmlns="" />
          </Parent>
        </Code>
        <Code id="001213" urn="urn:sdmx:org.sdmx.infomodel.codelist.Code=IT1:CL_REFAREA(1.2).001213">
          <Name xml:lang="it" xmlns="http://www.sdmx.org/resources/sdmxml/schemas/v2_1/common">Rivalba</Name>
          <Name xml:lang="en" xmlns="http://www.sdmx.org/resources/sdmxml/schemas/v2_1/common">Rivalba</Name>
          <Parent>
            <Ref id="ITC11" xmlns="" />
          </Parent>
        </Code>
        <Code id="001214" urn="urn:sdmx:org.sdmx.infomodel.codelist.Code=IT1:CL_REFAREA(1.2).001214">
          <Name xml:lang="it" xmlns="http://www.sdmx.org/resources/sdmxml/schemas/v2_1/common">Rivalta di Torino</Name>
          <Name xml:lang="en" xmlns="http://www.sdmx.org/resources/sdmxml/schemas/v2_1/common">Rivalta di Torino</Name>
          <Parent>
            <Ref id="ITC11" xmlns="" />
          </Parent>
        </Code>
        <Code id="001215" urn="urn:sdmx:org.sdmx.infomodel.codelist.Code=IT1:CL_REFAREA(1.2).001215">
          <Name xml:lang="it" xmlns="http://www.sdmx.org/resources/sdmxml/schemas/v2_1/common">Riva presso Chieri</Name>
          <Name xml:lang="en" xmlns="http://www.sdmx.org/resources/sdmxml/schemas/v2_1/common">Riva presso Chieri</Name>
          <Parent>
            <Ref id="ITC11" xmlns="" />
          </Parent>
        </Code>
        <Code id="001216" urn="urn:sdmx:org.sdmx.infomodel.codelist.Code=IT1:CL_REFAREA(1.2).001216">
          <Name xml:lang="it" xmlns="http://www.sdmx.org/resources/sdmxml/schemas/v2_1/common">Rivara</Name>
          <Name xml:lang="en" xmlns="http://www.sdmx.org/resources/sdmxml/schemas/v2_1/common">Rivara</Name>
          <Parent>
            <Ref id="ITC11" xmlns="" />
          </Parent>
        </Code>
        <Code id="001217" urn="urn:sdmx:org.sdmx.infomodel.codelist.Code=IT1:CL_REFAREA(1.2).001217">
          <Name xml:lang="it" xmlns="http://www.sdmx.org/resources/sdmxml/schemas/v2_1/common">Rivarolo Canavese</Name>
          <Name xml:lang="en" xmlns="http://www.sdmx.org/resources/sdmxml/schemas/v2_1/common">Rivarolo Canavese</Name>
          <Parent>
            <Ref id="ITC11" xmlns="" />
          </Parent>
        </Code>
        <Code id="001218" urn="urn:sdmx:org.sdmx.infomodel.codelist.Code=IT1:CL_REFAREA(1.2).001218">
          <Name xml:lang="it" xmlns="http://www.sdmx.org/resources/sdmxml/schemas/v2_1/common">Rivarossa</Name>
          <Name xml:lang="en" xmlns="http://www.sdmx.org/resources/sdmxml/schemas/v2_1/common">Rivarossa</Name>
          <Parent>
            <Ref id="ITC11" xmlns="" />
          </Parent>
        </Code>
        <Code id="001219" urn="urn:sdmx:org.sdmx.infomodel.codelist.Code=IT1:CL_REFAREA(1.2).001219">
          <Name xml:lang="it" xmlns="http://www.sdmx.org/resources/sdmxml/schemas/v2_1/common">Rivoli</Name>
          <Name xml:lang="en" xmlns="http://www.sdmx.org/resources/sdmxml/schemas/v2_1/common">Rivoli</Name>
          <Parent>
            <Ref id="ITC11" xmlns="" />
          </Parent>
        </Code>
        <Code id="001220" urn="urn:sdmx:org.sdmx.infomodel.codelist.Code=IT1:CL_REFAREA(1.2).001220">
          <Name xml:lang="it" xmlns="http://www.sdmx.org/resources/sdmxml/schemas/v2_1/common">Robassomero</Name>
          <Name xml:lang="en" xmlns="http://www.sdmx.org/resources/sdmxml/schemas/v2_1/common">Robassomero</Name>
          <Parent>
            <Ref id="ITC11" xmlns="" />
          </Parent>
        </Code>
        <Code id="001221" urn="urn:sdmx:org.sdmx.infomodel.codelist.Code=IT1:CL_REFAREA(1.2).001221">
          <Name xml:lang="it" xmlns="http://www.sdmx.org/resources/sdmxml/schemas/v2_1/common">Rocca Canavese</Name>
          <Name xml:lang="en" xmlns="http://www.sdmx.org/resources/sdmxml/schemas/v2_1/common">Rocca Canavese</Name>
          <Parent>
            <Ref id="ITC11" xmlns="" />
          </Parent>
        </Code>
        <Code id="001222" urn="urn:sdmx:org.sdmx.infomodel.codelist.Code=IT1:CL_REFAREA(1.2).001222">
          <Name xml:lang="it" xmlns="http://www.sdmx.org/resources/sdmxml/schemas/v2_1/common">Roletto</Name>
          <Name xml:lang="en" xmlns="http://www.sdmx.org/resources/sdmxml/schemas/v2_1/common">Roletto</Name>
          <Parent>
            <Ref id="ITC11" xmlns="" />
          </Parent>
        </Code>
        <Code id="001223" urn="urn:sdmx:org.sdmx.infomodel.codelist.Code=IT1:CL_REFAREA(1.2).001223">
          <Name xml:lang="it" xmlns="http://www.sdmx.org/resources/sdmxml/schemas/v2_1/common">Romano Canavese</Name>
          <Name xml:lang="en" xmlns="http://www.sdmx.org/resources/sdmxml/schemas/v2_1/common">Romano Canavese</Name>
          <Parent>
            <Ref id="ITC11" xmlns="" />
          </Parent>
        </Code>
        <Code id="001224" urn="urn:sdmx:org.sdmx.infomodel.codelist.Code=IT1:CL_REFAREA(1.2).001224">
          <Name xml:lang="it" xmlns="http://www.sdmx.org/resources/sdmxml/schemas/v2_1/common">Ronco Canavese</Name>
          <Name xml:lang="en" xmlns="http://www.sdmx.org/resources/sdmxml/schemas/v2_1/common">Ronco Canavese</Name>
          <Parent>
            <Ref id="ITC11" xmlns="" />
          </Parent>
        </Code>
        <Code id="001225" urn="urn:sdmx:org.sdmx.infomodel.codelist.Code=IT1:CL_REFAREA(1.2).001225">
          <Name xml:lang="it" xmlns="http://www.sdmx.org/resources/sdmxml/schemas/v2_1/common">Rondissone</Name>
          <Name xml:lang="en" xmlns="http://www.sdmx.org/resources/sdmxml/schemas/v2_1/common">Rondissone</Name>
          <Parent>
            <Ref id="ITC11" xmlns="" />
          </Parent>
        </Code>
        <Code id="001226" urn="urn:sdmx:org.sdmx.infomodel.codelist.Code=IT1:CL_REFAREA(1.2).001226">
          <Name xml:lang="it" xmlns="http://www.sdmx.org/resources/sdmxml/schemas/v2_1/common">Rorà</Name>
          <Name xml:lang="en" xmlns="http://www.sdmx.org/resources/sdmxml/schemas/v2_1/common">Rorà</Name>
          <Parent>
            <Ref id="ITC11" xmlns="" />
          </Parent>
        </Code>
        <Code id="001227" urn="urn:sdmx:org.sdmx.infomodel.codelist.Code=IT1:CL_REFAREA(1.2).001227">
          <Name xml:lang="it" xmlns="http://www.sdmx.org/resources/sdmxml/schemas/v2_1/common">Roure</Name>
          <Name xml:lang="en" xmlns="http://www.sdmx.org/resources/sdmxml/schemas/v2_1/common">Roure</Name>
          <Parent>
            <Ref id="ITC11" xmlns="" />
          </Parent>
        </Code>
        <Code id="001228" urn="urn:sdmx:org.sdmx.infomodel.codelist.Code=IT1:CL_REFAREA(1.2).001228">
          <Name xml:lang="it" xmlns="http://www.sdmx.org/resources/sdmxml/schemas/v2_1/common">Rosta</Name>
          <Name xml:lang="en" xmlns="http://www.sdmx.org/resources/sdmxml/schemas/v2_1/common">Rosta</Name>
          <Parent>
            <Ref id="ITC11" xmlns="" />
          </Parent>
        </Code>
        <Code id="001229" urn="urn:sdmx:org.sdmx.infomodel.codelist.Code=IT1:CL_REFAREA(1.2).001229">
          <Name xml:lang="it" xmlns="http://www.sdmx.org/resources/sdmxml/schemas/v2_1/common">Rubiana</Name>
          <Name xml:lang="en" xmlns="http://www.sdmx.org/resources/sdmxml/schemas/v2_1/common">Rubiana</Name>
          <Parent>
            <Ref id="ITC11" xmlns="" />
          </Parent>
        </Code>
        <Code id="001230" urn="urn:sdmx:org.sdmx.infomodel.codelist.Code=IT1:CL_REFAREA(1.2).001230">
          <Name xml:lang="it" xmlns="http://www.sdmx.org/resources/sdmxml/schemas/v2_1/common">Rueglio</Name>
          <Name xml:lang="en" xmlns="http://www.sdmx.org/resources/sdmxml/schemas/v2_1/common">Rueglio</Name>
          <Parent>
            <Ref id="ITC11" xmlns="" />
          </Parent>
        </Code>
        <Code id="001231" urn="urn:sdmx:org.sdmx.infomodel.codelist.Code=IT1:CL_REFAREA(1.2).001231">
          <Name xml:lang="it" xmlns="http://www.sdmx.org/resources/sdmxml/schemas/v2_1/common">Salassa</Name>
          <Name xml:lang="en" xmlns="http://www.sdmx.org/resources/sdmxml/schemas/v2_1/common">Salassa</Name>
          <Parent>
            <Ref id="ITC11" xmlns="" />
          </Parent>
        </Code>
        <Code id="001232" urn="urn:sdmx:org.sdmx.infomodel.codelist.Code=IT1:CL_REFAREA(1.2).001232">
          <Name xml:lang="it" xmlns="http://www.sdmx.org/resources/sdmxml/schemas/v2_1/common">Salbertrand</Name>
          <Name xml:lang="en" xmlns="http://www.sdmx.org/resources/sdmxml/schemas/v2_1/common">Salbertrand</Name>
          <Parent>
            <Ref id="ITC11" xmlns="" />
          </Parent>
        </Code>
        <Code id="001233" urn="urn:sdmx:org.sdmx.infomodel.codelist.Code=IT1:CL_REFAREA(1.2).001233">
          <Name xml:lang="it" xmlns="http://www.sdmx.org/resources/sdmxml/schemas/v2_1/common">Salerano Canavese</Name>
          <Name xml:lang="en" xmlns="http://www.sdmx.org/resources/sdmxml/schemas/v2_1/common">Salerano Canavese</Name>
          <Parent>
            <Ref id="ITC11" xmlns="" />
          </Parent>
        </Code>
        <Code id="001234" urn="urn:sdmx:org.sdmx.infomodel.codelist.Code=IT1:CL_REFAREA(1.2).001234">
          <Name xml:lang="it" xmlns="http://www.sdmx.org/resources/sdmxml/schemas/v2_1/common">Salza di Pinerolo</Name>
          <Name xml:lang="en" xmlns="http://www.sdmx.org/resources/sdmxml/schemas/v2_1/common">Salza di Pinerolo</Name>
          <Parent>
            <Ref id="ITC11" xmlns="" />
          </Parent>
        </Code>
        <Code id="001235" urn="urn:sdmx:org.sdmx.infomodel.codelist.Code=IT1:CL_REFAREA(1.2).001235">
          <Name xml:lang="it" xmlns="http://www.sdmx.org/resources/sdmxml/schemas/v2_1/common">Samone</Name>
          <Name xml:lang="en" xmlns="http://www.sdmx.org/resources/sdmxml/schemas/v2_1/common">Samone</Name>
          <Parent>
            <Ref id="ITC11" xmlns="" />
          </Parent>
        </Code>
        <Code id="001236" urn="urn:sdmx:org.sdmx.infomodel.codelist.Code=IT1:CL_REFAREA(1.2).001236">
          <Name xml:lang="it" xmlns="http://www.sdmx.org/resources/sdmxml/schemas/v2_1/common">San Benigno Canavese</Name>
          <Name xml:lang="en" xmlns="http://www.sdmx.org/resources/sdmxml/schemas/v2_1/common">San Benigno Canavese</Name>
          <Parent>
            <Ref id="ITC11" xmlns="" />
          </Parent>
        </Code>
        <Code id="001237" urn="urn:sdmx:org.sdmx.infomodel.codelist.Code=IT1:CL_REFAREA(1.2).001237">
          <Name xml:lang="it" xmlns="http://www.sdmx.org/resources/sdmxml/schemas/v2_1/common">San Carlo Canavese</Name>
          <Name xml:lang="en" xmlns="http://www.sdmx.org/resources/sdmxml/schemas/v2_1/common">San Carlo Canavese</Name>
          <Parent>
            <Ref id="ITC11" xmlns="" />
          </Parent>
        </Code>
        <Code id="001238" urn="urn:sdmx:org.sdmx.infomodel.codelist.Code=IT1:CL_REFAREA(1.2).001238">
          <Name xml:lang="it" xmlns="http://www.sdmx.org/resources/sdmxml/schemas/v2_1/common">San Colombano Belmonte</Name>
          <Name xml:lang="en" xmlns="http://www.sdmx.org/resources/sdmxml/schemas/v2_1/common">San Colombano Belmonte</Name>
          <Parent>
            <Ref id="ITC11" xmlns="" />
          </Parent>
        </Code>
        <Code id="001239" urn="urn:sdmx:org.sdmx.infomodel.codelist.Code=IT1:CL_REFAREA(1.2).001239">
          <Name xml:lang="it" xmlns="http://www.sdmx.org/resources/sdmxml/schemas/v2_1/common">San Didero</Name>
          <Name xml:lang="en" xmlns="http://www.sdmx.org/resources/sdmxml/schemas/v2_1/common">San Didero</Name>
          <Parent>
            <Ref id="ITC11" xmlns="" />
          </Parent>
        </Code>
        <Code id="001240" urn="urn:sdmx:org.sdmx.infomodel.codelist.Code=IT1:CL_REFAREA(1.2).001240">
          <Name xml:lang="it" xmlns="http://www.sdmx.org/resources/sdmxml/schemas/v2_1/common">San Francesco al Campo</Name>
          <Name xml:lang="en" xmlns="http://www.sdmx.org/resources/sdmxml/schemas/v2_1/common">San Francesco al Campo</Name>
          <Parent>
            <Ref id="ITC11" xmlns="" />
          </Parent>
        </Code>
        <Code id="001241" urn="urn:sdmx:org.sdmx.infomodel.codelist.Code=IT1:CL_REFAREA(1.2).001241">
          <Name xml:lang="it" xmlns="http://www.sdmx.org/resources/sdmxml/schemas/v2_1/common">Sangano</Name>
          <Name xml:lang="en" xmlns="http://www.sdmx.org/resources/sdmxml/schemas/v2_1/common">Sangano</Name>
          <Parent>
            <Ref id="ITC11" xmlns="" />
          </Parent>
        </Code>
        <Code id="001242" urn="urn:sdmx:org.sdmx.infomodel.codelist.Code=IT1:CL_REFAREA(1.2).001242">
          <Name xml:lang="it" xmlns="http://www.sdmx.org/resources/sdmxml/schemas/v2_1/common">San Germano Chisone</Name>
          <Name xml:lang="en" xmlns="http://www.sdmx.org/resources/sdmxml/schemas/v2_1/common">San Germano Chisone</Name>
          <Parent>
            <Ref id="ITC11" xmlns="" />
          </Parent>
        </Code>
        <Code id="001243" urn="urn:sdmx:org.sdmx.infomodel.codelist.Code=IT1:CL_REFAREA(1.2).001243">
          <Name xml:lang="it" xmlns="http://www.sdmx.org/resources/sdmxml/schemas/v2_1/common">San Gillio</Name>
          <Name xml:lang="en" xmlns="http://www.sdmx.org/resources/sdmxml/schemas/v2_1/common">San Gillio</Name>
          <Parent>
            <Ref id="ITC11" xmlns="" />
          </Parent>
        </Code>
        <Code id="001244" urn="urn:sdmx:org.sdmx.infomodel.codelist.Code=IT1:CL_REFAREA(1.2).001244">
          <Name xml:lang="it" xmlns="http://www.sdmx.org/resources/sdmxml/schemas/v2_1/common">San Giorgio Canavese</Name>
          <Name xml:lang="en" xmlns="http://www.sdmx.org/resources/sdmxml/schemas/v2_1/common">San Giorgio Canavese</Name>
          <Parent>
            <Ref id="ITC11" xmlns="" />
          </Parent>
        </Code>
        <Code id="001245" urn="urn:sdmx:org.sdmx.infomodel.codelist.Code=IT1:CL_REFAREA(1.2).001245">
          <Name xml:lang="it" xmlns="http://www.sdmx.org/resources/sdmxml/schemas/v2_1/common">San Giorio di Susa</Name>
          <Name xml:lang="en" xmlns="http://www.sdmx.org/resources/sdmxml/schemas/v2_1/common">San Giorio di Susa</Name>
          <Parent>
            <Ref id="ITC11" xmlns="" />
          </Parent>
        </Code>
        <Code id="001246" urn="urn:sdmx:org.sdmx.infomodel.codelist.Code=IT1:CL_REFAREA(1.2).001246">
          <Name xml:lang="it" xmlns="http://www.sdmx.org/resources/sdmxml/schemas/v2_1/common">San Giusto Canavese</Name>
          <Name xml:lang="en" xmlns="http://www.sdmx.org/resources/sdmxml/schemas/v2_1/common">San Giusto Canavese</Name>
          <Parent>
            <Ref id="ITC11" xmlns="" />
          </Parent>
        </Code>
        <Code id="001247" urn="urn:sdmx:org.sdmx.infomodel.codelist.Code=IT1:CL_REFAREA(1.2).001247">
          <Name xml:lang="it" xmlns="http://www.sdmx.org/resources/sdmxml/schemas/v2_1/common">San Martino Canavese</Name>
          <Name xml:lang="en" xmlns="http://www.sdmx.org/resources/sdmxml/schemas/v2_1/common">San Martino Canavese</Name>
          <Parent>
            <Ref id="ITC11" xmlns="" />
          </Parent>
        </Code>
        <Code id="001248" urn="urn:sdmx:org.sdmx.infomodel.codelist.Code=IT1:CL_REFAREA(1.2).001248">
          <Name xml:lang="it" xmlns="http://www.sdmx.org/resources/sdmxml/schemas/v2_1/common">San Maurizio Canavese</Name>
          <Name xml:lang="en" xmlns="http://www.sdmx.org/resources/sdmxml/schemas/v2_1/common">San Maurizio Canavese</Name>
          <Parent>
            <Ref id="ITC11" xmlns="" />
          </Parent>
        </Code>
        <Code id="001249" urn="urn:sdmx:org.sdmx.infomodel.codelist.Code=IT1:CL_REFAREA(1.2).001249">
          <Name xml:lang="it" xmlns="http://www.sdmx.org/resources/sdmxml/schemas/v2_1/common">San Mauro Torinese</Name>
          <Name xml:lang="en" xmlns="http://www.sdmx.org/resources/sdmxml/schemas/v2_1/common">San Mauro Torinese</Name>
          <Parent>
            <Ref id="ITC11" xmlns="" />
          </Parent>
        </Code>
        <Code id="001250" urn="urn:sdmx:org.sdmx.infomodel.codelist.Code=IT1:CL_REFAREA(1.2).001250">
          <Name xml:lang="it" xmlns="http://www.sdmx.org/resources/sdmxml/schemas/v2_1/common">San Pietro Val Lemina</Name>
          <Name xml:lang="en" xmlns="http://www.sdmx.org/resources/sdmxml/schemas/v2_1/common">San Pietro Val Lemina</Name>
          <Parent>
            <Ref id="ITC11" xmlns="" />
          </Parent>
        </Code>
        <Code id="001251" urn="urn:sdmx:org.sdmx.infomodel.codelist.Code=IT1:CL_REFAREA(1.2).001251">
          <Name xml:lang="it" xmlns="http://www.sdmx.org/resources/sdmxml/schemas/v2_1/common">San Ponso</Name>
          <Name xml:lang="en" xmlns="http://www.sdmx.org/resources/sdmxml/schemas/v2_1/common">San Ponso</Name>
          <Parent>
            <Ref id="ITC11" xmlns="" />
          </Parent>
        </Code>
        <Code id="001252" urn="urn:sdmx:org.sdmx.infomodel.codelist.Code=IT1:CL_REFAREA(1.2).001252">
          <Name xml:lang="it" xmlns="http://www.sdmx.org/resources/sdmxml/schemas/v2_1/common">San Raffaele Cimena</Name>
          <Name xml:lang="en" xmlns="http://www.sdmx.org/resources/sdmxml/schemas/v2_1/common">San Raffaele Cimena</Name>
          <Parent>
            <Ref id="ITC11" xmlns="" />
          </Parent>
        </Code>
        <Code id="001253" urn="urn:sdmx:org.sdmx.infomodel.codelist.Code=IT1:CL_REFAREA(1.2).001253">
          <Name xml:lang="it" xmlns="http://www.sdmx.org/resources/sdmxml/schemas/v2_1/common">San Sebastiano da Po</Name>
          <Name xml:lang="en" xmlns="http://www.sdmx.org/resources/sdmxml/schemas/v2_1/common">San Sebastiano da Po</Name>
          <Parent>
            <Ref id="ITC11" xmlns="" />
          </Parent>
        </Code>
        <Code id="001254" urn="urn:sdmx:org.sdmx.infomodel.codelist.Code=IT1:CL_REFAREA(1.2).001254">
          <Name xml:lang="it" xmlns="http://www.sdmx.org/resources/sdmxml/schemas/v2_1/common">San Secondo di Pinerolo</Name>
          <Name xml:lang="en" xmlns="http://www.sdmx.org/resources/sdmxml/schemas/v2_1/common">San Secondo di Pinerolo</Name>
          <Parent>
            <Ref id="ITC11" xmlns="" />
          </Parent>
        </Code>
        <Code id="001255" urn="urn:sdmx:org.sdmx.infomodel.codelist.Code=IT1:CL_REFAREA(1.2).001255">
          <Name xml:lang="it" xmlns="http://www.sdmx.org/resources/sdmxml/schemas/v2_1/common">Sant'Ambrogio di Torino</Name>
          <Name xml:lang="en" xmlns="http://www.sdmx.org/resources/sdmxml/schemas/v2_1/common">Sant'Ambrogio di Torino</Name>
          <Parent>
            <Ref id="ITC11" xmlns="" />
          </Parent>
        </Code>
        <Code id="001256" urn="urn:sdmx:org.sdmx.infomodel.codelist.Code=IT1:CL_REFAREA(1.2).001256">
          <Name xml:lang="it" xmlns="http://www.sdmx.org/resources/sdmxml/schemas/v2_1/common">Sant'Antonino di Susa</Name>
          <Name xml:lang="en" xmlns="http://www.sdmx.org/resources/sdmxml/schemas/v2_1/common">Sant'Antonino di Susa</Name>
          <Parent>
            <Ref id="ITC11" xmlns="" />
          </Parent>
        </Code>
        <Code id="001257" urn="urn:sdmx:org.sdmx.infomodel.codelist.Code=IT1:CL_REFAREA(1.2).001257">
          <Name xml:lang="it" xmlns="http://www.sdmx.org/resources/sdmxml/schemas/v2_1/common">Santena</Name>
          <Name xml:lang="en" xmlns="http://www.sdmx.org/resources/sdmxml/schemas/v2_1/common">Santena</Name>
          <Parent>
            <Ref id="ITC11" xmlns="" />
          </Parent>
        </Code>
        <Code id="001258" urn="urn:sdmx:org.sdmx.infomodel.codelist.Code=IT1:CL_REFAREA(1.2).001258">
          <Name xml:lang="it" xmlns="http://www.sdmx.org/resources/sdmxml/schemas/v2_1/common">Sauze di Cesana</Name>
          <Name xml:lang="en" xmlns="http://www.sdmx.org/resources/sdmxml/schemas/v2_1/common">Sauze di Cesana</Name>
          <Parent>
            <Ref id="ITC11" xmlns="" />
          </Parent>
        </Code>
        <Code id="001259" urn="urn:sdmx:org.sdmx.infomodel.codelist.Code=IT1:CL_REFAREA(1.2).001259">
          <Name xml:lang="it" xmlns="http://www.sdmx.org/resources/sdmxml/schemas/v2_1/common">Sauze d'Oulx</Name>
          <Name xml:lang="en" xmlns="http://www.sdmx.org/resources/sdmxml/schemas/v2_1/common">Sauze d'Oulx</Name>
          <Parent>
            <Ref id="ITC11" xmlns="" />
          </Parent>
        </Code>
        <Code id="001260" urn="urn:sdmx:org.sdmx.infomodel.codelist.Code=IT1:CL_REFAREA(1.2).001260">
          <Name xml:lang="it" xmlns="http://www.sdmx.org/resources/sdmxml/schemas/v2_1/common">Scalenghe</Name>
          <Name xml:lang="en" xmlns="http://www.sdmx.org/resources/sdmxml/schemas/v2_1/common">Scalenghe</Name>
          <Parent>
            <Ref id="ITC11" xmlns="" />
          </Parent>
        </Code>
        <Code id="001261" urn="urn:sdmx:org.sdmx.infomodel.codelist.Code=IT1:CL_REFAREA(1.2).001261">
          <Name xml:lang="it" xmlns="http://www.sdmx.org/resources/sdmxml/schemas/v2_1/common">Scarmagno</Name>
          <Name xml:lang="en" xmlns="http://www.sdmx.org/resources/sdmxml/schemas/v2_1/common">Scarmagno</Name>
          <Parent>
            <Ref id="ITC11" xmlns="" />
          </Parent>
        </Code>
        <Code id="001262" urn="urn:sdmx:org.sdmx.infomodel.codelist.Code=IT1:CL_REFAREA(1.2).001262">
          <Name xml:lang="it" xmlns="http://www.sdmx.org/resources/sdmxml/schemas/v2_1/common">Sciolze</Name>
          <Name xml:lang="en" xmlns="http://www.sdmx.org/resources/sdmxml/schemas/v2_1/common">Sciolze</Name>
          <Parent>
            <Ref id="ITC11" xmlns="" />
          </Parent>
        </Code>
        <Code id="001263" urn="urn:sdmx:org.sdmx.infomodel.codelist.Code=IT1:CL_REFAREA(1.2).001263">
          <Name xml:lang="it" xmlns="http://www.sdmx.org/resources/sdmxml/schemas/v2_1/common">Sestriere</Name>
          <Name xml:lang="en" xmlns="http://www.sdmx.org/resources/sdmxml/schemas/v2_1/common">Sestriere</Name>
          <Parent>
            <Ref id="ITC11" xmlns="" />
          </Parent>
        </Code>
        <Code id="001264" urn="urn:sdmx:org.sdmx.infomodel.codelist.Code=IT1:CL_REFAREA(1.2).001264">
          <Name xml:lang="it" xmlns="http://www.sdmx.org/resources/sdmxml/schemas/v2_1/common">Settimo Rottaro</Name>
          <Name xml:lang="en" xmlns="http://www.sdmx.org/resources/sdmxml/schemas/v2_1/common">Settimo Rottaro</Name>
          <Parent>
            <Ref id="ITC11" xmlns="" />
          </Parent>
        </Code>
        <Code id="001265" urn="urn:sdmx:org.sdmx.infomodel.codelist.Code=IT1:CL_REFAREA(1.2).001265">
          <Name xml:lang="it" xmlns="http://www.sdmx.org/resources/sdmxml/schemas/v2_1/common">Settimo Torinese</Name>
          <Name xml:lang="en" xmlns="http://www.sdmx.org/resources/sdmxml/schemas/v2_1/common">Settimo Torinese</Name>
          <Parent>
            <Ref id="ITC11" xmlns="" />
          </Parent>
        </Code>
        <Code id="001266" urn="urn:sdmx:org.sdmx.infomodel.codelist.Code=IT1:CL_REFAREA(1.2).001266">
          <Name xml:lang="it" xmlns="http://www.sdmx.org/resources/sdmxml/schemas/v2_1/common">Settimo Vittone</Name>
          <Name xml:lang="en" xmlns="http://www.sdmx.org/resources/sdmxml/schemas/v2_1/common">Settimo Vittone</Name>
          <Parent>
            <Ref id="ITC11" xmlns="" />
          </Parent>
        </Code>
        <Code id="001267" urn="urn:sdmx:org.sdmx.infomodel.codelist.Code=IT1:CL_REFAREA(1.2).001267">
          <Name xml:lang="it" xmlns="http://www.sdmx.org/resources/sdmxml/schemas/v2_1/common">Sparone</Name>
          <Name xml:lang="en" xmlns="http://www.sdmx.org/resources/sdmxml/schemas/v2_1/common">Sparone</Name>
          <Parent>
            <Ref id="ITC11" xmlns="" />
          </Parent>
        </Code>
        <Code id="001268" urn="urn:sdmx:org.sdmx.infomodel.codelist.Code=IT1:CL_REFAREA(1.2).001268">
          <Name xml:lang="it" xmlns="http://www.sdmx.org/resources/sdmxml/schemas/v2_1/common">Strambinello</Name>
          <Name xml:lang="en" xmlns="http://www.sdmx.org/resources/sdmxml/schemas/v2_1/common">Strambinello</Name>
          <Parent>
            <Ref id="ITC11" xmlns="" />
          </Parent>
        </Code>
        <Code id="001269" urn="urn:sdmx:org.sdmx.infomodel.codelist.Code=IT1:CL_REFAREA(1.2).001269">
          <Name xml:lang="it" xmlns="http://www.sdmx.org/resources/sdmxml/schemas/v2_1/common">Strambino</Name>
          <Name xml:lang="en" xmlns="http://www.sdmx.org/resources/sdmxml/schemas/v2_1/common">Strambino</Name>
          <Parent>
            <Ref id="ITC11" xmlns="" />
          </Parent>
        </Code>
        <Code id="001270" urn="urn:sdmx:org.sdmx.infomodel.codelist.Code=IT1:CL_REFAREA(1.2).001270">
          <Name xml:lang="it" xmlns="http://www.sdmx.org/resources/sdmxml/schemas/v2_1/common">Susa</Name>
          <Name xml:lang="en" xmlns="http://www.sdmx.org/resources/sdmxml/schemas/v2_1/common">Susa</Name>
          <Parent>
            <Ref id="ITC11" xmlns="" />
          </Parent>
        </Code>
        <Code id="001271" urn="urn:sdmx:org.sdmx.infomodel.codelist.Code=IT1:CL_REFAREA(1.2).001271">
          <Name xml:lang="it" xmlns="http://www.sdmx.org/resources/sdmxml/schemas/v2_1/common">Tavagnasco</Name>
          <Name xml:lang="en" xmlns="http://www.sdmx.org/resources/sdmxml/schemas/v2_1/common">Tavagnasco</Name>
          <Parent>
            <Ref id="ITC11" xmlns="" />
          </Parent>
        </Code>
        <Code id="001272" urn="urn:sdmx:org.sdmx.infomodel.codelist.Code=IT1:CL_REFAREA(1.2).001272">
          <Name xml:lang="it" xmlns="http://www.sdmx.org/resources/sdmxml/schemas/v2_1/common">Torino</Name>
          <Name xml:lang="en" xmlns="http://www.sdmx.org/resources/sdmxml/schemas/v2_1/common">Torino</Name>
          <Parent>
            <Ref id="ITC11" xmlns="" />
          </Parent>
        </Code>
        <Code id="001273" urn="urn:sdmx:org.sdmx.infomodel.codelist.Code=IT1:CL_REFAREA(1.2).001273">
          <Name xml:lang="it" xmlns="http://www.sdmx.org/resources/sdmxml/schemas/v2_1/common">Torrazza Piemonte</Name>
          <Name xml:lang="en" xmlns="http://www.sdmx.org/resources/sdmxml/schemas/v2_1/common">Torrazza Piemonte</Name>
          <Parent>
            <Ref id="ITC11" xmlns="" />
          </Parent>
        </Code>
        <Code id="001274" urn="urn:sdmx:org.sdmx.infomodel.codelist.Code=IT1:CL_REFAREA(1.2).001274">
          <Name xml:lang="it" xmlns="http://www.sdmx.org/resources/sdmxml/schemas/v2_1/common">Torre Canavese</Name>
          <Name xml:lang="en" xmlns="http://www.sdmx.org/resources/sdmxml/schemas/v2_1/common">Torre Canavese</Name>
          <Parent>
            <Ref id="ITC11" xmlns="" />
          </Parent>
        </Code>
        <Code id="001275" urn="urn:sdmx:org.sdmx.infomodel.codelist.Code=IT1:CL_REFAREA(1.2).001275">
          <Name xml:lang="it" xmlns="http://www.sdmx.org/resources/sdmxml/schemas/v2_1/common">Torre Pellice</Name>
          <Name xml:lang="en" xmlns="http://www.sdmx.org/resources/sdmxml/schemas/v2_1/common">Torre Pellice</Name>
          <Parent>
            <Ref id="ITC11" xmlns="" />
          </Parent>
        </Code>
        <Code id="001276" urn="urn:sdmx:org.sdmx.infomodel.codelist.Code=IT1:CL_REFAREA(1.2).001276">
          <Name xml:lang="it" xmlns="http://www.sdmx.org/resources/sdmxml/schemas/v2_1/common">Trana</Name>
          <Name xml:lang="en" xmlns="http://www.sdmx.org/resources/sdmxml/schemas/v2_1/common">Trana</Name>
          <Parent>
            <Ref id="ITC11" xmlns="" />
          </Parent>
        </Code>
        <Code id="001277" urn="urn:sdmx:org.sdmx.infomodel.codelist.Code=IT1:CL_REFAREA(1.2).001277">
          <Name xml:lang="it" xmlns="http://www.sdmx.org/resources/sdmxml/schemas/v2_1/common">Trausella</Name>
          <Name xml:lang="en" xmlns="http://www.sdmx.org/resources/sdmxml/schemas/v2_1/common">Trausella</Name>
          <Parent>
            <Ref id="ITC11" xmlns="" />
          </Parent>
        </Code>
        <Code id="001278" urn="urn:sdmx:org.sdmx.infomodel.codelist.Code=IT1:CL_REFAREA(1.2).001278">
          <Name xml:lang="it" xmlns="http://www.sdmx.org/resources/sdmxml/schemas/v2_1/common">Traversella</Name>
          <Name xml:lang="en" xmlns="http://www.sdmx.org/resources/sdmxml/schemas/v2_1/common">Traversella</Name>
          <Parent>
            <Ref id="ITC11" xmlns="" />
          </Parent>
        </Code>
        <Code id="001279" urn="urn:sdmx:org.sdmx.infomodel.codelist.Code=IT1:CL_REFAREA(1.2).001279">
          <Name xml:lang="it" xmlns="http://www.sdmx.org/resources/sdmxml/schemas/v2_1/common">Traves</Name>
          <Name xml:lang="en" xmlns="http://www.sdmx.org/resources/sdmxml/schemas/v2_1/common">Traves</Name>
          <Parent>
            <Ref id="ITC11" xmlns="" />
          </Parent>
        </Code>
        <Code id="001280" urn="urn:sdmx:org.sdmx.infomodel.codelist.Code=IT1:CL_REFAREA(1.2).001280">
          <Name xml:lang="it" xmlns="http://www.sdmx.org/resources/sdmxml/schemas/v2_1/common">Trofarello</Name>
          <Name xml:lang="en" xmlns="http://www.sdmx.org/resources/sdmxml/schemas/v2_1/common">Trofarello</Name>
          <Parent>
            <Ref id="ITC11" xmlns="" />
          </Parent>
        </Code>
        <Code id="001281" urn="urn:sdmx:org.sdmx.infomodel.codelist.Code=IT1:CL_REFAREA(1.2).001281">
          <Name xml:lang="it" xmlns="http://www.sdmx.org/resources/sdmxml/schemas/v2_1/common">Usseaux</Name>
          <Name xml:lang="en" xmlns="http://www.sdmx.org/resources/sdmxml/schemas/v2_1/common">Usseaux</Name>
          <Parent>
            <Ref id="ITC11" xmlns="" />
          </Parent>
        </Code>
        <Code id="001282" urn="urn:sdmx:org.sdmx.infomodel.codelist.Code=IT1:CL_REFAREA(1.2).001282">
          <Name xml:lang="it" xmlns="http://www.sdmx.org/resources/sdmxml/schemas/v2_1/common">Usseglio</Name>
          <Name xml:lang="en" xmlns="http://www.sdmx.org/resources/sdmxml/schemas/v2_1/common">Usseglio</Name>
          <Parent>
            <Ref id="ITC11" xmlns="" />
          </Parent>
        </Code>
        <Code id="001283" urn="urn:sdmx:org.sdmx.infomodel.codelist.Code=IT1:CL_REFAREA(1.2).001283">
          <Name xml:lang="it" xmlns="http://www.sdmx.org/resources/sdmxml/schemas/v2_1/common">Vaie</Name>
          <Name xml:lang="en" xmlns="http://www.sdmx.org/resources/sdmxml/schemas/v2_1/common">Vaie</Name>
          <Parent>
            <Ref id="ITC11" xmlns="" />
          </Parent>
        </Code>
        <Code id="001284" urn="urn:sdmx:org.sdmx.infomodel.codelist.Code=IT1:CL_REFAREA(1.2).001284">
          <Name xml:lang="it" xmlns="http://www.sdmx.org/resources/sdmxml/schemas/v2_1/common">Val della Torre</Name>
          <Name xml:lang="en" xmlns="http://www.sdmx.org/resources/sdmxml/schemas/v2_1/common">Val della Torre</Name>
          <Parent>
            <Ref id="ITC11" xmlns="" />
          </Parent>
        </Code>
        <Code id="001285" urn="urn:sdmx:org.sdmx.infomodel.codelist.Code=IT1:CL_REFAREA(1.2).001285">
          <Name xml:lang="it" xmlns="http://www.sdmx.org/resources/sdmxml/schemas/v2_1/common">Valgioie</Name>
          <Name xml:lang="en" xmlns="http://www.sdmx.org/resources/sdmxml/schemas/v2_1/common">Valgioie</Name>
          <Parent>
            <Ref id="ITC11" xmlns="" />
          </Parent>
        </Code>
        <Code id="001286" urn="urn:sdmx:org.sdmx.infomodel.codelist.Code=IT1:CL_REFAREA(1.2).001286">
          <Name xml:lang="it" xmlns="http://www.sdmx.org/resources/sdmxml/schemas/v2_1/common">Vallo Torinese</Name>
          <Name xml:lang="en" xmlns="http://www.sdmx.org/resources/sdmxml/schemas/v2_1/common">Vallo Torinese</Name>
          <Parent>
            <Ref id="ITC11" xmlns="" />
          </Parent>
        </Code>
        <Code id="001287" urn="urn:sdmx:org.sdmx.infomodel.codelist.Code=IT1:CL_REFAREA(1.2).001287">
          <Name xml:lang="it" xmlns="http://www.sdmx.org/resources/sdmxml/schemas/v2_1/common">Valperga</Name>
          <Name xml:lang="en" xmlns="http://www.sdmx.org/resources/sdmxml/schemas/v2_1/common">Valperga</Name>
          <Parent>
            <Ref id="ITC11" xmlns="" />
          </Parent>
        </Code>
        <Code id="001288" urn="urn:sdmx:org.sdmx.infomodel.codelist.Code=IT1:CL_REFAREA(1.2).001288">
          <Name xml:lang="it" xmlns="http://www.sdmx.org/resources/sdmxml/schemas/v2_1/common">Valprato Soana</Name>
          <Name xml:lang="en" xmlns="http://www.sdmx.org/resources/sdmxml/schemas/v2_1/common">Valprato Soana</Name>
          <Parent>
            <Ref id="ITC11" xmlns="" />
          </Parent>
        </Code>
        <Code id="001289" urn="urn:sdmx:org.sdmx.infomodel.codelist.Code=IT1:CL_REFAREA(1.2).001289">
          <Name xml:lang="it" xmlns="http://www.sdmx.org/resources/sdmxml/schemas/v2_1/common">Varisella</Name>
          <Name xml:lang="en" xmlns="http://www.sdmx.org/resources/sdmxml/schemas/v2_1/common">Varisella</Name>
          <Parent>
            <Ref id="ITC11" xmlns="" />
          </Parent>
        </Code>
        <Code id="001290" urn="urn:sdmx:org.sdmx.infomodel.codelist.Code=IT1:CL_REFAREA(1.2).001290">
          <Name xml:lang="it" xmlns="http://www.sdmx.org/resources/sdmxml/schemas/v2_1/common">Vauda Canavese</Name>
          <Name xml:lang="en" xmlns="http://www.sdmx.org/resources/sdmxml/schemas/v2_1/common">Vauda Canavese</Name>
          <Parent>
            <Ref id="ITC11" xmlns="" />
          </Parent>
        </Code>
        <Code id="001291" urn="urn:sdmx:org.sdmx.infomodel.codelist.Code=IT1:CL_REFAREA(1.2).001291">
          <Name xml:lang="it" xmlns="http://www.sdmx.org/resources/sdmxml/schemas/v2_1/common">Venaus</Name>
          <Name xml:lang="en" xmlns="http://www.sdmx.org/resources/sdmxml/schemas/v2_1/common">Venaus</Name>
          <Parent>
            <Ref id="ITC11" xmlns="" />
          </Parent>
        </Code>
        <Code id="001292" urn="urn:sdmx:org.sdmx.infomodel.codelist.Code=IT1:CL_REFAREA(1.2).001292">
          <Name xml:lang="it" xmlns="http://www.sdmx.org/resources/sdmxml/schemas/v2_1/common">Venaria Reale</Name>
          <Name xml:lang="en" xmlns="http://www.sdmx.org/resources/sdmxml/schemas/v2_1/common">Venaria Reale</Name>
          <Parent>
            <Ref id="ITC11" xmlns="" />
          </Parent>
        </Code>
        <Code id="001293" urn="urn:sdmx:org.sdmx.infomodel.codelist.Code=IT1:CL_REFAREA(1.2).001293">
          <Name xml:lang="it" xmlns="http://www.sdmx.org/resources/sdmxml/schemas/v2_1/common">Verolengo</Name>
          <Name xml:lang="en" xmlns="http://www.sdmx.org/resources/sdmxml/schemas/v2_1/common">Verolengo</Name>
          <Parent>
            <Ref id="ITC11" xmlns="" />
          </Parent>
        </Code>
        <Code id="001294" urn="urn:sdmx:org.sdmx.infomodel.codelist.Code=IT1:CL_REFAREA(1.2).001294">
          <Name xml:lang="it" xmlns="http://www.sdmx.org/resources/sdmxml/schemas/v2_1/common">Verrua Savoia</Name>
          <Name xml:lang="en" xmlns="http://www.sdmx.org/resources/sdmxml/schemas/v2_1/common">Verrua Savoia</Name>
          <Parent>
            <Ref id="ITC11" xmlns="" />
          </Parent>
        </Code>
        <Code id="001295" urn="urn:sdmx:org.sdmx.infomodel.codelist.Code=IT1:CL_REFAREA(1.2).001295">
          <Name xml:lang="it" xmlns="http://www.sdmx.org/resources/sdmxml/schemas/v2_1/common">Vestignè</Name>
          <Name xml:lang="en" xmlns="http://www.sdmx.org/resources/sdmxml/schemas/v2_1/common">Vestignè</Name>
          <Parent>
            <Ref id="ITC11" xmlns="" />
          </Parent>
        </Code>
        <Code id="001296" urn="urn:sdmx:org.sdmx.infomodel.codelist.Code=IT1:CL_REFAREA(1.2).001296">
          <Name xml:lang="it" xmlns="http://www.sdmx.org/resources/sdmxml/schemas/v2_1/common">Vialfrè</Name>
          <Name xml:lang="en" xmlns="http://www.sdmx.org/resources/sdmxml/schemas/v2_1/common">Vialfrè</Name>
          <Parent>
            <Ref id="ITC11" xmlns="" />
          </Parent>
        </Code>
        <Code id="001297" urn="urn:sdmx:org.sdmx.infomodel.codelist.Code=IT1:CL_REFAREA(1.2).001297">
          <Name xml:lang="it" xmlns="http://www.sdmx.org/resources/sdmxml/schemas/v2_1/common">Vico Canavese</Name>
          <Name xml:lang="en" xmlns="http://www.sdmx.org/resources/sdmxml/schemas/v2_1/common">Vico Canavese</Name>
          <Parent>
            <Ref id="ITC11" xmlns="" />
          </Parent>
        </Code>
        <Code id="001298" urn="urn:sdmx:org.sdmx.infomodel.codelist.Code=IT1:CL_REFAREA(1.2).001298">
          <Name xml:lang="it" xmlns="http://www.sdmx.org/resources/sdmxml/schemas/v2_1/common">Vidracco</Name>
          <Name xml:lang="en" xmlns="http://www.sdmx.org/resources/sdmxml/schemas/v2_1/common">Vidracco</Name>
          <Parent>
            <Ref id="ITC11" xmlns="" />
          </Parent>
        </Code>
        <Code id="001299" urn="urn:sdmx:org.sdmx.infomodel.codelist.Code=IT1:CL_REFAREA(1.2).001299">
          <Name xml:lang="it" xmlns="http://www.sdmx.org/resources/sdmxml/schemas/v2_1/common">Vigone</Name>
          <Name xml:lang="en" xmlns="http://www.sdmx.org/resources/sdmxml/schemas/v2_1/common">Vigone</Name>
          <Parent>
            <Ref id="ITC11" xmlns="" />
          </Parent>
        </Code>
        <Code id="001300" urn="urn:sdmx:org.sdmx.infomodel.codelist.Code=IT1:CL_REFAREA(1.2).001300">
          <Name xml:lang="it" xmlns="http://www.sdmx.org/resources/sdmxml/schemas/v2_1/common">Villafranca Piemonte</Name>
          <Name xml:lang="en" xmlns="http://www.sdmx.org/resources/sdmxml/schemas/v2_1/common">Villafranca Piemonte</Name>
          <Parent>
            <Ref id="ITC11" xmlns="" />
          </Parent>
        </Code>
        <Code id="001301" urn="urn:sdmx:org.sdmx.infomodel.codelist.Code=IT1:CL_REFAREA(1.2).001301">
          <Name xml:lang="it" xmlns="http://www.sdmx.org/resources/sdmxml/schemas/v2_1/common">Villanova Canavese</Name>
          <Name xml:lang="en" xmlns="http://www.sdmx.org/resources/sdmxml/schemas/v2_1/common">Villanova Canavese</Name>
          <Parent>
            <Ref id="ITC11" xmlns="" />
          </Parent>
        </Code>
        <Code id="001302" urn="urn:sdmx:org.sdmx.infomodel.codelist.Code=IT1:CL_REFAREA(1.2).001302">
          <Name xml:lang="it" xmlns="http://www.sdmx.org/resources/sdmxml/schemas/v2_1/common">Villarbasse</Name>
          <Name xml:lang="en" xmlns="http://www.sdmx.org/resources/sdmxml/schemas/v2_1/common">Villarbasse</Name>
          <Parent>
            <Ref id="ITC11" xmlns="" />
          </Parent>
        </Code>
        <Code id="001303" urn="urn:sdmx:org.sdmx.infomodel.codelist.Code=IT1:CL_REFAREA(1.2).001303">
          <Name xml:lang="it" xmlns="http://www.sdmx.org/resources/sdmxml/schemas/v2_1/common">Villar Dora</Name>
          <Name xml:lang="en" xmlns="http://www.sdmx.org/resources/sdmxml/schemas/v2_1/common">Villar Dora</Name>
          <Parent>
            <Ref id="ITC11" xmlns="" />
          </Parent>
        </Code>
        <Code id="001304" urn="urn:sdmx:org.sdmx.infomodel.codelist.Code=IT1:CL_REFAREA(1.2).001304">
          <Name xml:lang="it" xmlns="http://www.sdmx.org/resources/sdmxml/schemas/v2_1/common">Villareggia</Name>
          <Name xml:lang="en" xmlns="http://www.sdmx.org/resources/sdmxml/schemas/v2_1/common">Villareggia</Name>
          <Parent>
            <Ref id="ITC11" xmlns="" />
          </Parent>
        </Code>
        <Code id="001305" urn="urn:sdmx:org.sdmx.infomodel.codelist.Code=IT1:CL_REFAREA(1.2).001305">
          <Name xml:lang="it" xmlns="http://www.sdmx.org/resources/sdmxml/schemas/v2_1/common">Villar Focchiardo</Name>
          <Name xml:lang="en" xmlns="http://www.sdmx.org/resources/sdmxml/schemas/v2_1/common">Villar Focchiardo</Name>
          <Parent>
            <Ref id="ITC11" xmlns="" />
          </Parent>
        </Code>
        <Code id="001306" urn="urn:sdmx:org.sdmx.infomodel.codelist.Code=IT1:CL_REFAREA(1.2).001306">
          <Name xml:lang="it" xmlns="http://www.sdmx.org/resources/sdmxml/schemas/v2_1/common">Villar Pellice</Name>
          <Name xml:lang="en" xmlns="http://www.sdmx.org/resources/sdmxml/schemas/v2_1/common">Villar Pellice</Name>
          <Parent>
            <Ref id="ITC11" xmlns="" />
          </Parent>
        </Code>
        <Code id="001307" urn="urn:sdmx:org.sdmx.infomodel.codelist.Code=IT1:CL_REFAREA(1.2).001307">
          <Name xml:lang="it" xmlns="http://www.sdmx.org/resources/sdmxml/schemas/v2_1/common">Villar Perosa</Name>
          <Name xml:lang="en" xmlns="http://www.sdmx.org/resources/sdmxml/schemas/v2_1/common">Villar Perosa</Name>
          <Parent>
            <Ref id="ITC11" xmlns="" />
          </Parent>
        </Code>
        <Code id="001308" urn="urn:sdmx:org.sdmx.infomodel.codelist.Code=IT1:CL_REFAREA(1.2).001308">
          <Name xml:lang="it" xmlns="http://www.sdmx.org/resources/sdmxml/schemas/v2_1/common">Villastellone</Name>
          <Name xml:lang="en" xmlns="http://www.sdmx.org/resources/sdmxml/schemas/v2_1/common">Villastellone</Name>
          <Parent>
            <Ref id="ITC11" xmlns="" />
          </Parent>
        </Code>
        <Code id="001309" urn="urn:sdmx:org.sdmx.infomodel.codelist.Code=IT1:CL_REFAREA(1.2).001309">
          <Name xml:lang="it" xmlns="http://www.sdmx.org/resources/sdmxml/schemas/v2_1/common">Vinovo</Name>
          <Name xml:lang="en" xmlns="http://www.sdmx.org/resources/sdmxml/schemas/v2_1/common">Vinovo</Name>
          <Parent>
            <Ref id="ITC11" xmlns="" />
          </Parent>
        </Code>
        <Code id="001310" urn="urn:sdmx:org.sdmx.infomodel.codelist.Code=IT1:CL_REFAREA(1.2).001310">
          <Name xml:lang="it" xmlns="http://www.sdmx.org/resources/sdmxml/schemas/v2_1/common">Virle Piemonte</Name>
          <Name xml:lang="en" xmlns="http://www.sdmx.org/resources/sdmxml/schemas/v2_1/common">Virle Piemonte</Name>
          <Parent>
            <Ref id="ITC11" xmlns="" />
          </Parent>
        </Code>
        <Code id="001311" urn="urn:sdmx:org.sdmx.infomodel.codelist.Code=IT1:CL_REFAREA(1.2).001311">
          <Name xml:lang="it" xmlns="http://www.sdmx.org/resources/sdmxml/schemas/v2_1/common">Vische</Name>
          <Name xml:lang="en" xmlns="http://www.sdmx.org/resources/sdmxml/schemas/v2_1/common">Vische</Name>
          <Parent>
            <Ref id="ITC11" xmlns="" />
          </Parent>
        </Code>
        <Code id="001312" urn="urn:sdmx:org.sdmx.infomodel.codelist.Code=IT1:CL_REFAREA(1.2).001312">
          <Name xml:lang="it" xmlns="http://www.sdmx.org/resources/sdmxml/schemas/v2_1/common">Vistrorio</Name>
          <Name xml:lang="en" xmlns="http://www.sdmx.org/resources/sdmxml/schemas/v2_1/common">Vistrorio</Name>
          <Parent>
            <Ref id="ITC11" xmlns="" />
          </Parent>
        </Code>
        <Code id="001313" urn="urn:sdmx:org.sdmx.infomodel.codelist.Code=IT1:CL_REFAREA(1.2).001313">
          <Name xml:lang="it" xmlns="http://www.sdmx.org/resources/sdmxml/schemas/v2_1/common">Viù</Name>
          <Name xml:lang="en" xmlns="http://www.sdmx.org/resources/sdmxml/schemas/v2_1/common">Viù</Name>
          <Parent>
            <Ref id="ITC11" xmlns="" />
          </Parent>
        </Code>
        <Code id="001314" urn="urn:sdmx:org.sdmx.infomodel.codelist.Code=IT1:CL_REFAREA(1.2).001314">
          <Name xml:lang="it" xmlns="http://www.sdmx.org/resources/sdmxml/schemas/v2_1/common">Volpiano</Name>
          <Name xml:lang="en" xmlns="http://www.sdmx.org/resources/sdmxml/schemas/v2_1/common">Volpiano</Name>
          <Parent>
            <Ref id="ITC11" xmlns="" />
          </Parent>
        </Code>
        <Code id="001315" urn="urn:sdmx:org.sdmx.infomodel.codelist.Code=IT1:CL_REFAREA(1.2).001315">
          <Name xml:lang="it" xmlns="http://www.sdmx.org/resources/sdmxml/schemas/v2_1/common">Volvera</Name>
          <Name xml:lang="en" xmlns="http://www.sdmx.org/resources/sdmxml/schemas/v2_1/common">Volvera</Name>
          <Parent>
            <Ref id="ITC11" xmlns="" />
          </Parent>
        </Code>
        <Code id="002001" urn="urn:sdmx:org.sdmx.infomodel.codelist.Code=IT1:CL_REFAREA(1.2).002001">
          <Name xml:lang="it" xmlns="http://www.sdmx.org/resources/sdmxml/schemas/v2_1/common">Ailoche</Name>
          <Name xml:lang="en" xmlns="http://www.sdmx.org/resources/sdmxml/schemas/v2_1/common">Ailoche</Name>
          <Parent>
            <Ref id="ITC12" xmlns="" />
          </Parent>
        </Code>
        <Code id="002002" urn="urn:sdmx:org.sdmx.infomodel.codelist.Code=IT1:CL_REFAREA(1.2).002002">
          <Name xml:lang="it" xmlns="http://www.sdmx.org/resources/sdmxml/schemas/v2_1/common">Alagna Valsesia</Name>
          <Name xml:lang="en" xmlns="http://www.sdmx.org/resources/sdmxml/schemas/v2_1/common">Alagna Valsesia</Name>
          <Parent>
            <Ref id="ITC12" xmlns="" />
          </Parent>
        </Code>
        <Code id="002003" urn="urn:sdmx:org.sdmx.infomodel.codelist.Code=IT1:CL_REFAREA(1.2).002003">
          <Name xml:lang="it" xmlns="http://www.sdmx.org/resources/sdmxml/schemas/v2_1/common">Albano Vercellese</Name>
          <Name xml:lang="en" xmlns="http://www.sdmx.org/resources/sdmxml/schemas/v2_1/common">Albano Vercellese</Name>
          <Parent>
            <Ref id="ITC12" xmlns="" />
          </Parent>
        </Code>
        <Code id="002004" urn="urn:sdmx:org.sdmx.infomodel.codelist.Code=IT1:CL_REFAREA(1.2).002004">
          <Name xml:lang="it" xmlns="http://www.sdmx.org/resources/sdmxml/schemas/v2_1/common">Alice Castello</Name>
          <Name xml:lang="en" xmlns="http://www.sdmx.org/resources/sdmxml/schemas/v2_1/common">Alice Castello</Name>
          <Parent>
            <Ref id="ITC12" xmlns="" />
          </Parent>
        </Code>
        <Code id="002005" urn="urn:sdmx:org.sdmx.infomodel.codelist.Code=IT1:CL_REFAREA(1.2).002005">
          <Name xml:lang="it" xmlns="http://www.sdmx.org/resources/sdmxml/schemas/v2_1/common">Andorno Micca</Name>
          <Name xml:lang="en" xmlns="http://www.sdmx.org/resources/sdmxml/schemas/v2_1/common">Andorno Micca</Name>
          <Parent>
            <Ref id="ITC12" xmlns="" />
          </Parent>
        </Code>
        <Code id="002006" urn="urn:sdmx:org.sdmx.infomodel.codelist.Code=IT1:CL_REFAREA(1.2).002006">
          <Name xml:lang="it" xmlns="http://www.sdmx.org/resources/sdmxml/schemas/v2_1/common">Arborio</Name>
          <Name xml:lang="en" xmlns="http://www.sdmx.org/resources/sdmxml/schemas/v2_1/common">Arborio</Name>
          <Parent>
            <Ref id="ITC12" xmlns="" />
          </Parent>
        </Code>
        <Code id="002007" urn="urn:sdmx:org.sdmx.infomodel.codelist.Code=IT1:CL_REFAREA(1.2).002007">
          <Name xml:lang="it" xmlns="http://www.sdmx.org/resources/sdmxml/schemas/v2_1/common">Asigliano Vercellese</Name>
          <Name xml:lang="en" xmlns="http://www.sdmx.org/resources/sdmxml/schemas/v2_1/common">Asigliano Vercellese</Name>
          <Parent>
            <Ref id="ITC12" xmlns="" />
          </Parent>
        </Code>
        <Code id="002008" urn="urn:sdmx:org.sdmx.infomodel.codelist.Code=IT1:CL_REFAREA(1.2).002008">
          <Name xml:lang="it" xmlns="http://www.sdmx.org/resources/sdmxml/schemas/v2_1/common">Balmuccia</Name>
          <Name xml:lang="en" xmlns="http://www.sdmx.org/resources/sdmxml/schemas/v2_1/common">Balmuccia</Name>
          <Parent>
            <Ref id="ITC12" xmlns="" />
          </Parent>
        </Code>
        <Code id="002009" urn="urn:sdmx:org.sdmx.infomodel.codelist.Code=IT1:CL_REFAREA(1.2).002009">
          <Name xml:lang="it" xmlns="http://www.sdmx.org/resources/sdmxml/schemas/v2_1/common">Balocco</Name>
          <Name xml:lang="en" xmlns="http://www.sdmx.org/resources/sdmxml/schemas/v2_1/common">Balocco</Name>
          <Parent>
            <Ref id="ITC12" xmlns="" />
          </Parent>
        </Code>
        <Code id="002010" urn="urn:sdmx:org.sdmx.infomodel.codelist.Code=IT1:CL_REFAREA(1.2).002010">
          <Name xml:lang="it" xmlns="http://www.sdmx.org/resources/sdmxml/schemas/v2_1/common">Benna</Name>
          <Name xml:lang="en" xmlns="http://www.sdmx.org/resources/sdmxml/schemas/v2_1/common">Benna</Name>
          <Parent>
            <Ref id="ITC12" xmlns="" />
          </Parent>
        </Code>
        <Code id="002011" urn="urn:sdmx:org.sdmx.infomodel.codelist.Code=IT1:CL_REFAREA(1.2).002011">
          <Name xml:lang="it" xmlns="http://www.sdmx.org/resources/sdmxml/schemas/v2_1/common">Bianzè</Name>
          <Name xml:lang="en" xmlns="http://www.sdmx.org/resources/sdmxml/schemas/v2_1/common">Bianzè</Name>
          <Parent>
            <Ref id="ITC12" xmlns="" />
          </Parent>
        </Code>
        <Code id="002012" urn="urn:sdmx:org.sdmx.infomodel.codelist.Code=IT1:CL_REFAREA(1.2).002012">
          <Name xml:lang="it" xmlns="http://www.sdmx.org/resources/sdmxml/schemas/v2_1/common">Biella</Name>
          <Name xml:lang="en" xmlns="http://www.sdmx.org/resources/sdmxml/schemas/v2_1/common">Biella</Name>
          <Parent>
            <Ref id="ITC12" xmlns="" />
          </Parent>
        </Code>
        <Code id="002013" urn="urn:sdmx:org.sdmx.infomodel.codelist.Code=IT1:CL_REFAREA(1.2).002013">
          <Name xml:lang="it" xmlns="http://www.sdmx.org/resources/sdmxml/schemas/v2_1/common">Bioglio</Name>
          <Name xml:lang="en" xmlns="http://www.sdmx.org/resources/sdmxml/schemas/v2_1/common">Bioglio</Name>
          <Parent>
            <Ref id="ITC12" xmlns="" />
          </Parent>
        </Code>
        <Code id="002014" urn="urn:sdmx:org.sdmx.infomodel.codelist.Code=IT1:CL_REFAREA(1.2).002014">
          <Name xml:lang="it" xmlns="http://www.sdmx.org/resources/sdmxml/schemas/v2_1/common">Boccioleto</Name>
          <Name xml:lang="en" xmlns="http://www.sdmx.org/resources/sdmxml/schemas/v2_1/common">Boccioleto</Name>
          <Parent>
            <Ref id="ITC12" xmlns="" />
          </Parent>
        </Code>
        <Code id="002015" urn="urn:sdmx:org.sdmx.infomodel.codelist.Code=IT1:CL_REFAREA(1.2).002015">
          <Name xml:lang="it" xmlns="http://www.sdmx.org/resources/sdmxml/schemas/v2_1/common">Borgo d'Ale</Name>
          <Name xml:lang="en" xmlns="http://www.sdmx.org/resources/sdmxml/schemas/v2_1/common">Borgo d'Ale</Name>
          <Parent>
            <Ref id="ITC12" xmlns="" />
          </Parent>
        </Code>
        <Code id="002016" urn="urn:sdmx:org.sdmx.infomodel.codelist.Code=IT1:CL_REFAREA(1.2).002016">
          <Name xml:lang="it" xmlns="http://www.sdmx.org/resources/sdmxml/schemas/v2_1/common">Borgosesia</Name>
          <Name xml:lang="en" xmlns="http://www.sdmx.org/resources/sdmxml/schemas/v2_1/common">Borgosesia</Name>
          <Parent>
            <Ref id="ITC12" xmlns="" />
          </Parent>
        </Code>
        <Code id="002017" urn="urn:sdmx:org.sdmx.infomodel.codelist.Code=IT1:CL_REFAREA(1.2).002017">
          <Name xml:lang="it" xmlns="http://www.sdmx.org/resources/sdmxml/schemas/v2_1/common">Borgo Vercelli</Name>
          <Name xml:lang="en" xmlns="http://www.sdmx.org/resources/sdmxml/schemas/v2_1/common">Borgo Vercelli</Name>
          <Parent>
            <Ref id="ITC12" xmlns="" />
          </Parent>
        </Code>
        <Code id="002018" urn="urn:sdmx:org.sdmx.infomodel.codelist.Code=IT1:CL_REFAREA(1.2).002018">
          <Name xml:lang="it" xmlns="http://www.sdmx.org/resources/sdmxml/schemas/v2_1/common">Borriana</Name>
          <Name xml:lang="en" xmlns="http://www.sdmx.org/resources/sdmxml/schemas/v2_1/common">Borriana</Name>
          <Parent>
            <Ref id="ITC12" xmlns="" />
          </Parent>
        </Code>
        <Code id="002019" urn="urn:sdmx:org.sdmx.infomodel.codelist.Code=IT1:CL_REFAREA(1.2).002019">
          <Name xml:lang="it" xmlns="http://www.sdmx.org/resources/sdmxml/schemas/v2_1/common">Breia</Name>
          <Name xml:lang="en" xmlns="http://www.sdmx.org/resources/sdmxml/schemas/v2_1/common">Breia</Name>
          <Parent>
            <Ref id="ITC12" xmlns="" />
          </Parent>
        </Code>
        <Code id="002020" urn="urn:sdmx:org.sdmx.infomodel.codelist.Code=IT1:CL_REFAREA(1.2).002020">
          <Name xml:lang="it" xmlns="http://www.sdmx.org/resources/sdmxml/schemas/v2_1/common">Brusnengo</Name>
          <Name xml:lang="en" xmlns="http://www.sdmx.org/resources/sdmxml/schemas/v2_1/common">Brusnengo</Name>
          <Parent>
            <Ref id="ITC12" xmlns="" />
          </Parent>
        </Code>
        <Code id="002021" urn="urn:sdmx:org.sdmx.infomodel.codelist.Code=IT1:CL_REFAREA(1.2).002021">
          <Name xml:lang="it" xmlns="http://www.sdmx.org/resources/sdmxml/schemas/v2_1/common">Buronzo</Name>
          <Name xml:lang="en" xmlns="http://www.sdmx.org/resources/sdmxml/schemas/v2_1/common">Buronzo</Name>
          <Parent>
            <Ref id="ITC12" xmlns="" />
          </Parent>
        </Code>
        <Code id="002022" urn="urn:sdmx:org.sdmx.infomodel.codelist.Code=IT1:CL_REFAREA(1.2).002022">
          <Name xml:lang="it" xmlns="http://www.sdmx.org/resources/sdmxml/schemas/v2_1/common">Callabiana</Name>
          <Name xml:lang="en" xmlns="http://www.sdmx.org/resources/sdmxml/schemas/v2_1/common">Callabiana</Name>
          <Parent>
            <Ref id="ITC12" xmlns="" />
          </Parent>
        </Code>
        <Code id="002023" urn="urn:sdmx:org.sdmx.infomodel.codelist.Code=IT1:CL_REFAREA(1.2).002023">
          <Name xml:lang="it" xmlns="http://www.sdmx.org/resources/sdmxml/schemas/v2_1/common">Camandona</Name>
          <Name xml:lang="en" xmlns="http://www.sdmx.org/resources/sdmxml/schemas/v2_1/common">Camandona</Name>
          <Parent>
            <Ref id="ITC12" xmlns="" />
          </Parent>
        </Code>
        <Code id="002024" urn="urn:sdmx:org.sdmx.infomodel.codelist.Code=IT1:CL_REFAREA(1.2).002024">
          <Name xml:lang="it" xmlns="http://www.sdmx.org/resources/sdmxml/schemas/v2_1/common">Camburzano</Name>
          <Name xml:lang="en" xmlns="http://www.sdmx.org/resources/sdmxml/schemas/v2_1/common">Camburzano</Name>
          <Parent>
            <Ref id="ITC12" xmlns="" />
          </Parent>
        </Code>
        <Code id="002025" urn="urn:sdmx:org.sdmx.infomodel.codelist.Code=IT1:CL_REFAREA(1.2).002025">
          <Name xml:lang="it" xmlns="http://www.sdmx.org/resources/sdmxml/schemas/v2_1/common">Campertogno</Name>
          <Name xml:lang="en" xmlns="http://www.sdmx.org/resources/sdmxml/schemas/v2_1/common">Campertogno</Name>
          <Parent>
            <Ref id="ITC12" xmlns="" />
          </Parent>
        </Code>
        <Code id="002026" urn="urn:sdmx:org.sdmx.infomodel.codelist.Code=IT1:CL_REFAREA(1.2).002026">
          <Name xml:lang="it" xmlns="http://www.sdmx.org/resources/sdmxml/schemas/v2_1/common">Campiglia Cervo</Name>
          <Name xml:lang="en" xmlns="http://www.sdmx.org/resources/sdmxml/schemas/v2_1/common">Campiglia Cervo</Name>
          <Parent>
            <Ref id="ITC12" xmlns="" />
          </Parent>
        </Code>
        <Code id="002027" urn="urn:sdmx:org.sdmx.infomodel.codelist.Code=IT1:CL_REFAREA(1.2).002027">
          <Name xml:lang="it" xmlns="http://www.sdmx.org/resources/sdmxml/schemas/v2_1/common">Candelo</Name>
          <Name xml:lang="en" xmlns="http://www.sdmx.org/resources/sdmxml/schemas/v2_1/common">Candelo</Name>
          <Parent>
            <Ref id="ITC12" xmlns="" />
          </Parent>
        </Code>
        <Code id="002028" urn="urn:sdmx:org.sdmx.infomodel.codelist.Code=IT1:CL_REFAREA(1.2).002028">
          <Name xml:lang="it" xmlns="http://www.sdmx.org/resources/sdmxml/schemas/v2_1/common">Caprile</Name>
          <Name xml:lang="en" xmlns="http://www.sdmx.org/resources/sdmxml/schemas/v2_1/common">Caprile</Name>
          <Parent>
            <Ref id="ITC12" xmlns="" />
          </Parent>
        </Code>
        <Code id="002029" urn="urn:sdmx:org.sdmx.infomodel.codelist.Code=IT1:CL_REFAREA(1.2).002029">
          <Name xml:lang="it" xmlns="http://www.sdmx.org/resources/sdmxml/schemas/v2_1/common">Carcoforo</Name>
          <Name xml:lang="en" xmlns="http://www.sdmx.org/resources/sdmxml/schemas/v2_1/common">Carcoforo</Name>
          <Parent>
            <Ref id="ITC12" xmlns="" />
          </Parent>
        </Code>
        <Code id="002030" urn="urn:sdmx:org.sdmx.infomodel.codelist.Code=IT1:CL_REFAREA(1.2).002030">
          <Name xml:lang="it" xmlns="http://www.sdmx.org/resources/sdmxml/schemas/v2_1/common">Caresana</Name>
          <Name xml:lang="en" xmlns="http://www.sdmx.org/resources/sdmxml/schemas/v2_1/common">Caresana</Name>
          <Parent>
            <Ref id="ITC12" xmlns="" />
          </Parent>
        </Code>
        <Code id="002031" urn="urn:sdmx:org.sdmx.infomodel.codelist.Code=IT1:CL_REFAREA(1.2).002031">
          <Name xml:lang="it" xmlns="http://www.sdmx.org/resources/sdmxml/schemas/v2_1/common">Caresanablot</Name>
          <Name xml:lang="en" xmlns="http://www.sdmx.org/resources/sdmxml/schemas/v2_1/common">Caresanablot</Name>
          <Parent>
            <Ref id="ITC12" xmlns="" />
          </Parent>
        </Code>
        <Code id="002032" urn="urn:sdmx:org.sdmx.infomodel.codelist.Code=IT1:CL_REFAREA(1.2).002032">
          <Name xml:lang="it" xmlns="http://www.sdmx.org/resources/sdmxml/schemas/v2_1/common">Carisio</Name>
          <Name xml:lang="en" xmlns="http://www.sdmx.org/resources/sdmxml/schemas/v2_1/common">Carisio</Name>
          <Parent>
            <Ref id="ITC12" xmlns="" />
          </Parent>
        </Code>
        <Code id="002033" urn="urn:sdmx:org.sdmx.infomodel.codelist.Code=IT1:CL_REFAREA(1.2).002033">
          <Name xml:lang="it" xmlns="http://www.sdmx.org/resources/sdmxml/schemas/v2_1/common">Casanova Elvo</Name>
          <Name xml:lang="en" xmlns="http://www.sdmx.org/resources/sdmxml/schemas/v2_1/common">Casanova Elvo</Name>
          <Parent>
            <Ref id="ITC12" xmlns="" />
          </Parent>
        </Code>
        <Code id="002034" urn="urn:sdmx:org.sdmx.infomodel.codelist.Code=IT1:CL_REFAREA(1.2).002034">
          <Name xml:lang="it" xmlns="http://www.sdmx.org/resources/sdmxml/schemas/v2_1/common">Casapinta</Name>
          <Name xml:lang="en" xmlns="http://www.sdmx.org/resources/sdmxml/schemas/v2_1/common">Casapinta</Name>
          <Parent>
            <Ref id="ITC12" xmlns="" />
          </Parent>
        </Code>
        <Code id="002035" urn="urn:sdmx:org.sdmx.infomodel.codelist.Code=IT1:CL_REFAREA(1.2).002035">
          <Name xml:lang="it" xmlns="http://www.sdmx.org/resources/sdmxml/schemas/v2_1/common">San Giacomo Vercellese</Name>
          <Name xml:lang="en" xmlns="http://www.sdmx.org/resources/sdmxml/schemas/v2_1/common">San Giacomo Vercellese</Name>
          <Parent>
            <Ref id="ITC12" xmlns="" />
          </Parent>
        </Code>
        <Code id="002036" urn="urn:sdmx:org.sdmx.infomodel.codelist.Code=IT1:CL_REFAREA(1.2).002036">
          <Name xml:lang="it" xmlns="http://www.sdmx.org/resources/sdmxml/schemas/v2_1/common">Castelletto Cervo</Name>
          <Name xml:lang="en" xmlns="http://www.sdmx.org/resources/sdmxml/schemas/v2_1/common">Castelletto Cervo</Name>
          <Parent>
            <Ref id="ITC12" xmlns="" />
          </Parent>
        </Code>
        <Code id="002037" urn="urn:sdmx:org.sdmx.infomodel.codelist.Code=IT1:CL_REFAREA(1.2).002037">
          <Name xml:lang="it" xmlns="http://www.sdmx.org/resources/sdmxml/schemas/v2_1/common">Cavaglià</Name>
          <Name xml:lang="en" xmlns="http://www.sdmx.org/resources/sdmxml/schemas/v2_1/common">Cavaglià</Name>
          <Parent>
            <Ref id="ITC12" xmlns="" />
          </Parent>
        </Code>
        <Code id="002038" urn="urn:sdmx:org.sdmx.infomodel.codelist.Code=IT1:CL_REFAREA(1.2).002038">
          <Name xml:lang="it" xmlns="http://www.sdmx.org/resources/sdmxml/schemas/v2_1/common">Cellio</Name>
          <Name xml:lang="en" xmlns="http://www.sdmx.org/resources/sdmxml/schemas/v2_1/common">Cellio</Name>
          <Parent>
            <Ref id="ITC12" xmlns="" />
          </Parent>
        </Code>
        <Code id="002039" urn="urn:sdmx:org.sdmx.infomodel.codelist.Code=IT1:CL_REFAREA(1.2).002039">
          <Name xml:lang="it" xmlns="http://www.sdmx.org/resources/sdmxml/schemas/v2_1/common">Cerreto Castello</Name>
          <Name xml:lang="en" xmlns="http://www.sdmx.org/resources/sdmxml/schemas/v2_1/common">Cerreto Castello</Name>
          <Parent>
            <Ref id="ITC12" xmlns="" />
          </Parent>
        </Code>
        <Code id="002040" urn="urn:sdmx:org.sdmx.infomodel.codelist.Code=IT1:CL_REFAREA(1.2).002040">
          <Name xml:lang="it" xmlns="http://www.sdmx.org/resources/sdmxml/schemas/v2_1/common">Cerrione</Name>
          <Name xml:lang="en" xmlns="http://www.sdmx.org/resources/sdmxml/schemas/v2_1/common">Cerrione</Name>
          <Parent>
            <Ref id="ITC12" xmlns="" />
          </Parent>
        </Code>
        <Code id="002041" urn="urn:sdmx:org.sdmx.infomodel.codelist.Code=IT1:CL_REFAREA(1.2).002041">
          <Name xml:lang="it" xmlns="http://www.sdmx.org/resources/sdmxml/schemas/v2_1/common">Cervatto</Name>
          <Name xml:lang="en" xmlns="http://www.sdmx.org/resources/sdmxml/schemas/v2_1/common">Cervatto</Name>
          <Parent>
            <Ref id="ITC12" xmlns="" />
          </Parent>
        </Code>
        <Code id="002042" urn="urn:sdmx:org.sdmx.infomodel.codelist.Code=IT1:CL_REFAREA(1.2).002042">
          <Name xml:lang="it" xmlns="http://www.sdmx.org/resources/sdmxml/schemas/v2_1/common">Cigliano</Name>
          <Name xml:lang="en" xmlns="http://www.sdmx.org/resources/sdmxml/schemas/v2_1/common">Cigliano</Name>
          <Parent>
            <Ref id="ITC12" xmlns="" />
          </Parent>
        </Code>
        <Code id="002043" urn="urn:sdmx:org.sdmx.infomodel.codelist.Code=IT1:CL_REFAREA(1.2).002043">
          <Name xml:lang="it" xmlns="http://www.sdmx.org/resources/sdmxml/schemas/v2_1/common">Civiasco</Name>
          <Name xml:lang="en" xmlns="http://www.sdmx.org/resources/sdmxml/schemas/v2_1/common">Civiasco</Name>
          <Parent>
            <Ref id="ITC12" xmlns="" />
          </Parent>
        </Code>
        <Code id="002044" urn="urn:sdmx:org.sdmx.infomodel.codelist.Code=IT1:CL_REFAREA(1.2).002044">
          <Name xml:lang="it" xmlns="http://www.sdmx.org/resources/sdmxml/schemas/v2_1/common">Coggiola</Name>
          <Name xml:lang="en" xmlns="http://www.sdmx.org/resources/sdmxml/schemas/v2_1/common">Coggiola</Name>
          <Parent>
            <Ref id="ITC12" xmlns="" />
          </Parent>
        </Code>
        <Code id="002045" urn="urn:sdmx:org.sdmx.infomodel.codelist.Code=IT1:CL_REFAREA(1.2).002045">
          <Name xml:lang="it" xmlns="http://www.sdmx.org/resources/sdmxml/schemas/v2_1/common">Collobiano</Name>
          <Name xml:lang="en" xmlns="http://www.sdmx.org/resources/sdmxml/schemas/v2_1/common">Collobiano</Name>
          <Parent>
            <Ref id="ITC12" xmlns="" />
          </Parent>
        </Code>
        <Code id="002046" urn="urn:sdmx:org.sdmx.infomodel.codelist.Code=IT1:CL_REFAREA(1.2).002046">
          <Name xml:lang="it" xmlns="http://www.sdmx.org/resources/sdmxml/schemas/v2_1/common">Cossato</Name>
          <Name xml:lang="en" xmlns="http://www.sdmx.org/resources/sdmxml/schemas/v2_1/common">Cossato</Name>
          <Parent>
            <Ref id="ITC12" xmlns="" />
          </Parent>
        </Code>
        <Code id="002047" urn="urn:sdmx:org.sdmx.infomodel.codelist.Code=IT1:CL_REFAREA(1.2).002047">
          <Name xml:lang="it" xmlns="http://www.sdmx.org/resources/sdmxml/schemas/v2_1/common">Costanzana</Name>
          <Name xml:lang="en" xmlns="http://www.sdmx.org/resources/sdmxml/schemas/v2_1/common">Costanzana</Name>
          <Parent>
            <Ref id="ITC12" xmlns="" />
          </Parent>
        </Code>
        <Code id="002048" urn="urn:sdmx:org.sdmx.infomodel.codelist.Code=IT1:CL_REFAREA(1.2).002048">
          <Name xml:lang="it" xmlns="http://www.sdmx.org/resources/sdmxml/schemas/v2_1/common">Cravagliana</Name>
          <Name xml:lang="en" xmlns="http://www.sdmx.org/resources/sdmxml/schemas/v2_1/common">Cravagliana</Name>
          <Parent>
            <Ref id="ITC12" xmlns="" />
          </Parent>
        </Code>
        <Code id="002049" urn="urn:sdmx:org.sdmx.infomodel.codelist.Code=IT1:CL_REFAREA(1.2).002049">
          <Name xml:lang="it" xmlns="http://www.sdmx.org/resources/sdmxml/schemas/v2_1/common">Crescentino</Name>
          <Name xml:lang="en" xmlns="http://www.sdmx.org/resources/sdmxml/schemas/v2_1/common">Crescentino</Name>
          <Parent>
            <Ref id="ITC12" xmlns="" />
          </Parent>
        </Code>
        <Code id="002050" urn="urn:sdmx:org.sdmx.infomodel.codelist.Code=IT1:CL_REFAREA(1.2).002050">
          <Name xml:lang="it" xmlns="http://www.sdmx.org/resources/sdmxml/schemas/v2_1/common">Crevacuore</Name>
          <Name xml:lang="en" xmlns="http://www.sdmx.org/resources/sdmxml/schemas/v2_1/common">Crevacuore</Name>
          <Parent>
            <Ref id="ITC12" xmlns="" />
          </Parent>
        </Code>
        <Code id="002051" urn="urn:sdmx:org.sdmx.infomodel.codelist.Code=IT1:CL_REFAREA(1.2).002051">
          <Name xml:lang="it" xmlns="http://www.sdmx.org/resources/sdmxml/schemas/v2_1/common">Crosa</Name>
          <Name xml:lang="en" xmlns="http://www.sdmx.org/resources/sdmxml/schemas/v2_1/common">Crosa</Name>
          <Parent>
            <Ref id="ITC12" xmlns="" />
          </Parent>
        </Code>
        <Code id="002052" urn="urn:sdmx:org.sdmx.infomodel.codelist.Code=IT1:CL_REFAREA(1.2).002052">
          <Name xml:lang="it" xmlns="http://www.sdmx.org/resources/sdmxml/schemas/v2_1/common">Crova</Name>
          <Name xml:lang="en" xmlns="http://www.sdmx.org/resources/sdmxml/schemas/v2_1/common">Crova</Name>
          <Parent>
            <Ref id="ITC12" xmlns="" />
          </Parent>
        </Code>
        <Code id="002053" urn="urn:sdmx:org.sdmx.infomodel.codelist.Code=IT1:CL_REFAREA(1.2).002053">
          <Name xml:lang="it" xmlns="http://www.sdmx.org/resources/sdmxml/schemas/v2_1/common">Curino</Name>
          <Name xml:lang="en" xmlns="http://www.sdmx.org/resources/sdmxml/schemas/v2_1/common">Curino</Name>
          <Parent>
            <Ref id="ITC12" xmlns="" />
          </Parent>
        </Code>
        <Code id="002054" urn="urn:sdmx:org.sdmx.infomodel.codelist.Code=IT1:CL_REFAREA(1.2).002054">
          <Name xml:lang="it" xmlns="http://www.sdmx.org/resources/sdmxml/schemas/v2_1/common">Desana</Name>
          <Name xml:lang="en" xmlns="http://www.sdmx.org/resources/sdmxml/schemas/v2_1/common">Desana</Name>
          <Parent>
            <Ref id="ITC12" xmlns="" />
          </Parent>
        </Code>
        <Code id="002055" urn="urn:sdmx:org.sdmx.infomodel.codelist.Code=IT1:CL_REFAREA(1.2).002055">
          <Name xml:lang="it" xmlns="http://www.sdmx.org/resources/sdmxml/schemas/v2_1/common">Donato</Name>
          <Name xml:lang="en" xmlns="http://www.sdmx.org/resources/sdmxml/schemas/v2_1/common">Donato</Name>
          <Parent>
            <Ref id="ITC12" xmlns="" />
          </Parent>
        </Code>
        <Code id="002056" urn="urn:sdmx:org.sdmx.infomodel.codelist.Code=IT1:CL_REFAREA(1.2).002056">
          <Name xml:lang="it" xmlns="http://www.sdmx.org/resources/sdmxml/schemas/v2_1/common">Dorzano</Name>
          <Name xml:lang="en" xmlns="http://www.sdmx.org/resources/sdmxml/schemas/v2_1/common">Dorzano</Name>
          <Parent>
            <Ref id="ITC12" xmlns="" />
          </Parent>
        </Code>
        <Code id="002057" urn="urn:sdmx:org.sdmx.infomodel.codelist.Code=IT1:CL_REFAREA(1.2).002057">
          <Name xml:lang="it" xmlns="http://www.sdmx.org/resources/sdmxml/schemas/v2_1/common">Fobello</Name>
          <Name xml:lang="en" xmlns="http://www.sdmx.org/resources/sdmxml/schemas/v2_1/common">Fobello</Name>
          <Parent>
            <Ref id="ITC12" xmlns="" />
          </Parent>
        </Code>
        <Code id="002058" urn="urn:sdmx:org.sdmx.infomodel.codelist.Code=IT1:CL_REFAREA(1.2).002058">
          <Name xml:lang="it" xmlns="http://www.sdmx.org/resources/sdmxml/schemas/v2_1/common">Fontanetto Po</Name>
          <Name xml:lang="en" xmlns="http://www.sdmx.org/resources/sdmxml/schemas/v2_1/common">Fontanetto Po</Name>
          <Parent>
            <Ref id="ITC12" xmlns="" />
          </Parent>
        </Code>
        <Code id="002059" urn="urn:sdmx:org.sdmx.infomodel.codelist.Code=IT1:CL_REFAREA(1.2).002059">
          <Name xml:lang="it" xmlns="http://www.sdmx.org/resources/sdmxml/schemas/v2_1/common">Formigliana</Name>
          <Name xml:lang="en" xmlns="http://www.sdmx.org/resources/sdmxml/schemas/v2_1/common">Formigliana</Name>
          <Parent>
            <Ref id="ITC12" xmlns="" />
          </Parent>
        </Code>
        <Code id="002060" urn="urn:sdmx:org.sdmx.infomodel.codelist.Code=IT1:CL_REFAREA(1.2).002060">
          <Name xml:lang="it" xmlns="http://www.sdmx.org/resources/sdmxml/schemas/v2_1/common">Gaglianico</Name>
          <Name xml:lang="en" xmlns="http://www.sdmx.org/resources/sdmxml/schemas/v2_1/common">Gaglianico</Name>
          <Parent>
            <Ref id="ITC12" xmlns="" />
          </Parent>
        </Code>
        <Code id="002061" urn="urn:sdmx:org.sdmx.infomodel.codelist.Code=IT1:CL_REFAREA(1.2).002061">
          <Name xml:lang="it" xmlns="http://www.sdmx.org/resources/sdmxml/schemas/v2_1/common">Gattinara</Name>
          <Name xml:lang="en" xmlns="http://www.sdmx.org/resources/sdmxml/schemas/v2_1/common">Gattinara</Name>
          <Parent>
            <Ref id="ITC12" xmlns="" />
          </Parent>
        </Code>
        <Code id="002062" urn="urn:sdmx:org.sdmx.infomodel.codelist.Code=IT1:CL_REFAREA(1.2).002062">
          <Name xml:lang="it" xmlns="http://www.sdmx.org/resources/sdmxml/schemas/v2_1/common">Ghislarengo</Name>
          <Name xml:lang="en" xmlns="http://www.sdmx.org/resources/sdmxml/schemas/v2_1/common">Ghislarengo</Name>
          <Parent>
            <Ref id="ITC12" xmlns="" />
          </Parent>
        </Code>
        <Code id="002063" urn="urn:sdmx:org.sdmx.infomodel.codelist.Code=IT1:CL_REFAREA(1.2).002063">
          <Name xml:lang="it" xmlns="http://www.sdmx.org/resources/sdmxml/schemas/v2_1/common">Gifflenga</Name>
          <Name xml:lang="en" xmlns="http://www.sdmx.org/resources/sdmxml/schemas/v2_1/common">Gifflenga</Name>
          <Parent>
            <Ref id="ITC12" xmlns="" />
          </Parent>
        </Code>
        <Code id="002064" urn="urn:sdmx:org.sdmx.infomodel.codelist.Code=IT1:CL_REFAREA(1.2).002064">
          <Name xml:lang="it" xmlns="http://www.sdmx.org/resources/sdmxml/schemas/v2_1/common">Graglia</Name>
          <Name xml:lang="en" xmlns="http://www.sdmx.org/resources/sdmxml/schemas/v2_1/common">Graglia</Name>
          <Parent>
            <Ref id="ITC12" xmlns="" />
          </Parent>
        </Code>
        <Code id="002065" urn="urn:sdmx:org.sdmx.infomodel.codelist.Code=IT1:CL_REFAREA(1.2).002065">
          <Name xml:lang="it" xmlns="http://www.sdmx.org/resources/sdmxml/schemas/v2_1/common">Greggio</Name>
          <Name xml:lang="en" xmlns="http://www.sdmx.org/resources/sdmxml/schemas/v2_1/common">Greggio</Name>
          <Parent>
            <Ref id="ITC12" xmlns="" />
          </Parent>
        </Code>
        <Code id="002066" urn="urn:sdmx:org.sdmx.infomodel.codelist.Code=IT1:CL_REFAREA(1.2).002066">
          <Name xml:lang="it" xmlns="http://www.sdmx.org/resources/sdmxml/schemas/v2_1/common">Guardabosone</Name>
          <Name xml:lang="en" xmlns="http://www.sdmx.org/resources/sdmxml/schemas/v2_1/common">Guardabosone</Name>
          <Parent>
            <Ref id="ITC12" xmlns="" />
          </Parent>
        </Code>
        <Code id="002067" urn="urn:sdmx:org.sdmx.infomodel.codelist.Code=IT1:CL_REFAREA(1.2).002067">
          <Name xml:lang="it" xmlns="http://www.sdmx.org/resources/sdmxml/schemas/v2_1/common">Lamporo</Name>
          <Name xml:lang="en" xmlns="http://www.sdmx.org/resources/sdmxml/schemas/v2_1/common">Lamporo</Name>
          <Parent>
            <Ref id="ITC12" xmlns="" />
          </Parent>
        </Code>
        <Code id="002068" urn="urn:sdmx:org.sdmx.infomodel.codelist.Code=IT1:CL_REFAREA(1.2).002068">
          <Name xml:lang="it" xmlns="http://www.sdmx.org/resources/sdmxml/schemas/v2_1/common">Lenta</Name>
          <Name xml:lang="en" xmlns="http://www.sdmx.org/resources/sdmxml/schemas/v2_1/common">Lenta</Name>
          <Parent>
            <Ref id="ITC12" xmlns="" />
          </Parent>
        </Code>
        <Code id="002069" urn="urn:sdmx:org.sdmx.infomodel.codelist.Code=IT1:CL_REFAREA(1.2).002069">
          <Name xml:lang="it" xmlns="http://www.sdmx.org/resources/sdmxml/schemas/v2_1/common">Lessona</Name>
          <Name xml:lang="en" xmlns="http://www.sdmx.org/resources/sdmxml/schemas/v2_1/common">Lessona</Name>
          <Parent>
            <Ref id="ITC12" xmlns="" />
          </Parent>
        </Code>
        <Code id="002070" urn="urn:sdmx:org.sdmx.infomodel.codelist.Code=IT1:CL_REFAREA(1.2).002070">
          <Name xml:lang="it" xmlns="http://www.sdmx.org/resources/sdmxml/schemas/v2_1/common">Lignana</Name>
          <Name xml:lang="en" xmlns="http://www.sdmx.org/resources/sdmxml/schemas/v2_1/common">Lignana</Name>
          <Parent>
            <Ref id="ITC12" xmlns="" />
          </Parent>
        </Code>
        <Code id="002071" urn="urn:sdmx:org.sdmx.infomodel.codelist.Code=IT1:CL_REFAREA(1.2).002071">
          <Name xml:lang="it" xmlns="http://www.sdmx.org/resources/sdmxml/schemas/v2_1/common">Livorno Ferraris</Name>
          <Name xml:lang="en" xmlns="http://www.sdmx.org/resources/sdmxml/schemas/v2_1/common">Livorno Ferraris</Name>
          <Parent>
            <Ref id="ITC12" xmlns="" />
          </Parent>
        </Code>
        <Code id="002072" urn="urn:sdmx:org.sdmx.infomodel.codelist.Code=IT1:CL_REFAREA(1.2).002072">
          <Name xml:lang="it" xmlns="http://www.sdmx.org/resources/sdmxml/schemas/v2_1/common">Lozzolo</Name>
          <Name xml:lang="en" xmlns="http://www.sdmx.org/resources/sdmxml/schemas/v2_1/common">Lozzolo</Name>
          <Parent>
            <Ref id="ITC12" xmlns="" />
          </Parent>
        </Code>
        <Code id="002073" urn="urn:sdmx:org.sdmx.infomodel.codelist.Code=IT1:CL_REFAREA(1.2).002073">
          <Name xml:lang="it" xmlns="http://www.sdmx.org/resources/sdmxml/schemas/v2_1/common">Magnano</Name>
          <Name xml:lang="en" xmlns="http://www.sdmx.org/resources/sdmxml/schemas/v2_1/common">Magnano</Name>
          <Parent>
            <Ref id="ITC12" xmlns="" />
          </Parent>
        </Code>
        <Code id="002074" urn="urn:sdmx:org.sdmx.infomodel.codelist.Code=IT1:CL_REFAREA(1.2).002074">
          <Name xml:lang="it" xmlns="http://www.sdmx.org/resources/sdmxml/schemas/v2_1/common">Massazza</Name>
          <Name xml:lang="en" xmlns="http://www.sdmx.org/resources/sdmxml/schemas/v2_1/common">Massazza</Name>
          <Parent>
            <Ref id="ITC12" xmlns="" />
          </Parent>
        </Code>
        <Code id="002075" urn="urn:sdmx:org.sdmx.infomodel.codelist.Code=IT1:CL_REFAREA(1.2).002075">
          <Name xml:lang="it" xmlns="http://www.sdmx.org/resources/sdmxml/schemas/v2_1/common">Masserano</Name>
          <Name xml:lang="en" xmlns="http://www.sdmx.org/resources/sdmxml/schemas/v2_1/common">Masserano</Name>
          <Parent>
            <Ref id="ITC12" xmlns="" />
          </Parent>
        </Code>
        <Code id="002076" urn="urn:sdmx:org.sdmx.infomodel.codelist.Code=IT1:CL_REFAREA(1.2).002076">
          <Name xml:lang="it" xmlns="http://www.sdmx.org/resources/sdmxml/schemas/v2_1/common">Mezzana Mortigliengo</Name>
          <Name xml:lang="en" xmlns="http://www.sdmx.org/resources/sdmxml/schemas/v2_1/common">Mezzana Mortigliengo</Name>
          <Parent>
            <Ref id="ITC12" xmlns="" />
          </Parent>
        </Code>
        <Code id="002077" urn="urn:sdmx:org.sdmx.infomodel.codelist.Code=IT1:CL_REFAREA(1.2).002077">
          <Name xml:lang="it" xmlns="http://www.sdmx.org/resources/sdmxml/schemas/v2_1/common">Miagliano</Name>
          <Name xml:lang="en" xmlns="http://www.sdmx.org/resources/sdmxml/schemas/v2_1/common">Miagliano</Name>
          <Parent>
            <Ref id="ITC12" xmlns="" />
          </Parent>
        </Code>
        <Code id="002078" urn="urn:sdmx:org.sdmx.infomodel.codelist.Code=IT1:CL_REFAREA(1.2).002078">
          <Name xml:lang="it" xmlns="http://www.sdmx.org/resources/sdmxml/schemas/v2_1/common">Mollia</Name>
          <Name xml:lang="en" xmlns="http://www.sdmx.org/resources/sdmxml/schemas/v2_1/common">Mollia</Name>
          <Parent>
            <Ref id="ITC12" xmlns="" />
          </Parent>
        </Code>
        <Code id="002079" urn="urn:sdmx:org.sdmx.infomodel.codelist.Code=IT1:CL_REFAREA(1.2).002079">
          <Name xml:lang="it" xmlns="http://www.sdmx.org/resources/sdmxml/schemas/v2_1/common">Moncrivello</Name>
          <Name xml:lang="en" xmlns="http://www.sdmx.org/resources/sdmxml/schemas/v2_1/common">Moncrivello</Name>
          <Parent>
            <Ref id="ITC12" xmlns="" />
          </Parent>
        </Code>
        <Code id="002080" urn="urn:sdmx:org.sdmx.infomodel.codelist.Code=IT1:CL_REFAREA(1.2).002080">
          <Name xml:lang="it" xmlns="http://www.sdmx.org/resources/sdmxml/schemas/v2_1/common">Mongrando</Name>
          <Name xml:lang="en" xmlns="http://www.sdmx.org/resources/sdmxml/schemas/v2_1/common">Mongrando</Name>
          <Parent>
            <Ref id="ITC12" xmlns="" />
          </Parent>
        </Code>
        <Code id="002081" urn="urn:sdmx:org.sdmx.infomodel.codelist.Code=IT1:CL_REFAREA(1.2).002081">
          <Name xml:lang="it" xmlns="http://www.sdmx.org/resources/sdmxml/schemas/v2_1/common">Mosso Santa Maria</Name>
          <Name xml:lang="en" xmlns="http://www.sdmx.org/resources/sdmxml/schemas/v2_1/common">Mosso Santa Maria</Name>
          <Parent>
            <Ref id="ITC12" xmlns="" />
          </Parent>
        </Code>
        <Code id="002082" urn="urn:sdmx:org.sdmx.infomodel.codelist.Code=IT1:CL_REFAREA(1.2).002082">
          <Name xml:lang="it" xmlns="http://www.sdmx.org/resources/sdmxml/schemas/v2_1/common">Motta de' Conti</Name>
          <Name xml:lang="en" xmlns="http://www.sdmx.org/resources/sdmxml/schemas/v2_1/common">Motta de' Conti</Name>
          <Parent>
            <Ref id="ITC12" xmlns="" />
          </Parent>
        </Code>
        <Code id="002083" urn="urn:sdmx:org.sdmx.infomodel.codelist.Code=IT1:CL_REFAREA(1.2).002083">
          <Name xml:lang="it" xmlns="http://www.sdmx.org/resources/sdmxml/schemas/v2_1/common">Mottalciata</Name>
          <Name xml:lang="en" xmlns="http://www.sdmx.org/resources/sdmxml/schemas/v2_1/common">Mottalciata</Name>
          <Parent>
            <Ref id="ITC12" xmlns="" />
          </Parent>
        </Code>
        <Code id="002084" urn="urn:sdmx:org.sdmx.infomodel.codelist.Code=IT1:CL_REFAREA(1.2).002084">
          <Name xml:lang="it" xmlns="http://www.sdmx.org/resources/sdmxml/schemas/v2_1/common">Muzzano</Name>
          <Name xml:lang="en" xmlns="http://www.sdmx.org/resources/sdmxml/schemas/v2_1/common">Muzzano</Name>
          <Parent>
            <Ref id="ITC12" xmlns="" />
          </Parent>
        </Code>
        <Code id="002085" urn="urn:sdmx:org.sdmx.infomodel.codelist.Code=IT1:CL_REFAREA(1.2).002085">
          <Name xml:lang="it" xmlns="http://www.sdmx.org/resources/sdmxml/schemas/v2_1/common">Netro</Name>
          <Name xml:lang="en" xmlns="http://www.sdmx.org/resources/sdmxml/schemas/v2_1/common">Netro</Name>
          <Parent>
            <Ref id="ITC12" xmlns="" />
          </Parent>
        </Code>
        <Code id="002086" urn="urn:sdmx:org.sdmx.infomodel.codelist.Code=IT1:CL_REFAREA(1.2).002086">
          <Name xml:lang="it" xmlns="http://www.sdmx.org/resources/sdmxml/schemas/v2_1/common">Occhieppo Inferiore</Name>
          <Name xml:lang="en" xmlns="http://www.sdmx.org/resources/sdmxml/schemas/v2_1/common">Occhieppo Inferiore</Name>
          <Parent>
            <Ref id="ITC12" xmlns="" />
          </Parent>
        </Code>
        <Code id="002087" urn="urn:sdmx:org.sdmx.infomodel.codelist.Code=IT1:CL_REFAREA(1.2).002087">
          <Name xml:lang="it" xmlns="http://www.sdmx.org/resources/sdmxml/schemas/v2_1/common">Occhieppo Superiore</Name>
          <Name xml:lang="en" xmlns="http://www.sdmx.org/resources/sdmxml/schemas/v2_1/common">Occhieppo Superiore</Name>
          <Parent>
            <Ref id="ITC12" xmlns="" />
          </Parent>
        </Code>
        <Code id="002088" urn="urn:sdmx:org.sdmx.infomodel.codelist.Code=IT1:CL_REFAREA(1.2).002088">
          <Name xml:lang="it" xmlns="http://www.sdmx.org/resources/sdmxml/schemas/v2_1/common">Olcenengo</Name>
          <Name xml:lang="en" xmlns="http://www.sdmx.org/resources/sdmxml/schemas/v2_1/common">Olcenengo</Name>
          <Parent>
            <Ref id="ITC12" xmlns="" />
          </Parent>
        </Code>
        <Code id="002089" urn="urn:sdmx:org.sdmx.infomodel.codelist.Code=IT1:CL_REFAREA(1.2).002089">
          <Name xml:lang="it" xmlns="http://www.sdmx.org/resources/sdmxml/schemas/v2_1/common">Oldenico</Name>
          <Name xml:lang="en" xmlns="http://www.sdmx.org/resources/sdmxml/schemas/v2_1/common">Oldenico</Name>
          <Parent>
            <Ref id="ITC12" xmlns="" />
          </Parent>
        </Code>
        <Code id="002090" urn="urn:sdmx:org.sdmx.infomodel.codelist.Code=IT1:CL_REFAREA(1.2).002090">
          <Name xml:lang="it" xmlns="http://www.sdmx.org/resources/sdmxml/schemas/v2_1/common">Palazzolo Vercellese</Name>
          <Name xml:lang="en" xmlns="http://www.sdmx.org/resources/sdmxml/schemas/v2_1/common">Palazzolo Vercellese</Name>
          <Parent>
            <Ref id="ITC12" xmlns="" />
          </Parent>
        </Code>
        <Code id="002091" urn="urn:sdmx:org.sdmx.infomodel.codelist.Code=IT1:CL_REFAREA(1.2).002091">
          <Name xml:lang="it" xmlns="http://www.sdmx.org/resources/sdmxml/schemas/v2_1/common">Pertengo</Name>
          <Name xml:lang="en" xmlns="http://www.sdmx.org/resources/sdmxml/schemas/v2_1/common">Pertengo</Name>
          <Parent>
            <Ref id="ITC12" xmlns="" />
          </Parent>
        </Code>
        <Code id="002092" urn="urn:sdmx:org.sdmx.infomodel.codelist.Code=IT1:CL_REFAREA(1.2).002092">
          <Name xml:lang="it" xmlns="http://www.sdmx.org/resources/sdmxml/schemas/v2_1/common">Pettinengo</Name>
          <Name xml:lang="en" xmlns="http://www.sdmx.org/resources/sdmxml/schemas/v2_1/common">Pettinengo</Name>
          <Parent>
            <Ref id="ITC12" xmlns="" />
          </Parent>
        </Code>
        <Code id="002093" urn="urn:sdmx:org.sdmx.infomodel.codelist.Code=IT1:CL_REFAREA(1.2).002093">
          <Name xml:lang="it" xmlns="http://www.sdmx.org/resources/sdmxml/schemas/v2_1/common">Pezzana</Name>
          <Name xml:lang="en" xmlns="http://www.sdmx.org/resources/sdmxml/schemas/v2_1/common">Pezzana</Name>
          <Parent>
            <Ref id="ITC12" xmlns="" />
          </Parent>
        </Code>
        <Code id="002094" urn="urn:sdmx:org.sdmx.infomodel.codelist.Code=IT1:CL_REFAREA(1.2).002094">
          <Name xml:lang="it" xmlns="http://www.sdmx.org/resources/sdmxml/schemas/v2_1/common">Piatto</Name>
          <Name xml:lang="en" xmlns="http://www.sdmx.org/resources/sdmxml/schemas/v2_1/common">Piatto</Name>
          <Parent>
            <Ref id="ITC12" xmlns="" />
          </Parent>
        </Code>
        <Code id="002095" urn="urn:sdmx:org.sdmx.infomodel.codelist.Code=IT1:CL_REFAREA(1.2).002095">
          <Name xml:lang="it" xmlns="http://www.sdmx.org/resources/sdmxml/schemas/v2_1/common">Piedicavallo</Name>
          <Name xml:lang="en" xmlns="http://www.sdmx.org/resources/sdmxml/schemas/v2_1/common">Piedicavallo</Name>
          <Parent>
            <Ref id="ITC12" xmlns="" />
          </Parent>
        </Code>
        <Code id="002096" urn="urn:sdmx:org.sdmx.infomodel.codelist.Code=IT1:CL_REFAREA(1.2).002096">
          <Name xml:lang="it" xmlns="http://www.sdmx.org/resources/sdmxml/schemas/v2_1/common">Pila</Name>
          <Name xml:lang="en" xmlns="http://www.sdmx.org/resources/sdmxml/schemas/v2_1/common">Pila</Name>
          <Parent>
            <Ref id="ITC12" xmlns="" />
          </Parent>
        </Code>
        <Code id="002097" urn="urn:sdmx:org.sdmx.infomodel.codelist.Code=IT1:CL_REFAREA(1.2).002097">
          <Name xml:lang="it" xmlns="http://www.sdmx.org/resources/sdmxml/schemas/v2_1/common">Piode</Name>
          <Name xml:lang="en" xmlns="http://www.sdmx.org/resources/sdmxml/schemas/v2_1/common">Piode</Name>
          <Parent>
            <Ref id="ITC12" xmlns="" />
          </Parent>
        </Code>
        <Code id="002098" urn="urn:sdmx:org.sdmx.infomodel.codelist.Code=IT1:CL_REFAREA(1.2).002098">
          <Name xml:lang="it" xmlns="http://www.sdmx.org/resources/sdmxml/schemas/v2_1/common">Pistolesa</Name>
          <Name xml:lang="en" xmlns="http://www.sdmx.org/resources/sdmxml/schemas/v2_1/common">Pistolesa</Name>
          <Parent>
            <Ref id="ITC12" xmlns="" />
          </Parent>
        </Code>
        <Code id="002099" urn="urn:sdmx:org.sdmx.infomodel.codelist.Code=IT1:CL_REFAREA(1.2).002099">
          <Name xml:lang="it" xmlns="http://www.sdmx.org/resources/sdmxml/schemas/v2_1/common">Pollone</Name>
          <Name xml:lang="en" xmlns="http://www.sdmx.org/resources/sdmxml/schemas/v2_1/common">Pollone</Name>
          <Parent>
            <Ref id="ITC12" xmlns="" />
          </Parent>
        </Code>
        <Code id="002100" urn="urn:sdmx:org.sdmx.infomodel.codelist.Code=IT1:CL_REFAREA(1.2).002100">
          <Name xml:lang="it" xmlns="http://www.sdmx.org/resources/sdmxml/schemas/v2_1/common">Ponderano</Name>
          <Name xml:lang="en" xmlns="http://www.sdmx.org/resources/sdmxml/schemas/v2_1/common">Ponderano</Name>
          <Parent>
            <Ref id="ITC12" xmlns="" />
          </Parent>
        </Code>
        <Code id="002101" urn="urn:sdmx:org.sdmx.infomodel.codelist.Code=IT1:CL_REFAREA(1.2).002101">
          <Name xml:lang="it" xmlns="http://www.sdmx.org/resources/sdmxml/schemas/v2_1/common">Portula</Name>
          <Name xml:lang="en" xmlns="http://www.sdmx.org/resources/sdmxml/schemas/v2_1/common">Portula</Name>
          <Parent>
            <Ref id="ITC12" xmlns="" />
          </Parent>
        </Code>
        <Code id="002102" urn="urn:sdmx:org.sdmx.infomodel.codelist.Code=IT1:CL_REFAREA(1.2).002102">
          <Name xml:lang="it" xmlns="http://www.sdmx.org/resources/sdmxml/schemas/v2_1/common">Postua</Name>
          <Name xml:lang="en" xmlns="http://www.sdmx.org/resources/sdmxml/schemas/v2_1/common">Postua</Name>
          <Parent>
            <Ref id="ITC12" xmlns="" />
          </Parent>
        </Code>
        <Code id="002103" urn="urn:sdmx:org.sdmx.infomodel.codelist.Code=IT1:CL_REFAREA(1.2).002103">
          <Name xml:lang="it" xmlns="http://www.sdmx.org/resources/sdmxml/schemas/v2_1/common">Pralungo</Name>
          <Name xml:lang="en" xmlns="http://www.sdmx.org/resources/sdmxml/schemas/v2_1/common">Pralungo</Name>
          <Parent>
            <Ref id="ITC12" xmlns="" />
          </Parent>
        </Code>
        <Code id="002104" urn="urn:sdmx:org.sdmx.infomodel.codelist.Code=IT1:CL_REFAREA(1.2).002104">
          <Name xml:lang="it" xmlns="http://www.sdmx.org/resources/sdmxml/schemas/v2_1/common">Prarolo</Name>
          <Name xml:lang="en" xmlns="http://www.sdmx.org/resources/sdmxml/schemas/v2_1/common">Prarolo</Name>
          <Parent>
            <Ref id="ITC12" xmlns="" />
          </Parent>
        </Code>
        <Code id="002105" urn="urn:sdmx:org.sdmx.infomodel.codelist.Code=IT1:CL_REFAREA(1.2).002105">
          <Name xml:lang="it" xmlns="http://www.sdmx.org/resources/sdmxml/schemas/v2_1/common">Pray</Name>
          <Name xml:lang="en" xmlns="http://www.sdmx.org/resources/sdmxml/schemas/v2_1/common">Pray</Name>
          <Parent>
            <Ref id="ITC12" xmlns="" />
          </Parent>
        </Code>
        <Code id="002106" urn="urn:sdmx:org.sdmx.infomodel.codelist.Code=IT1:CL_REFAREA(1.2).002106">
          <Name xml:lang="it" xmlns="http://www.sdmx.org/resources/sdmxml/schemas/v2_1/common">Quaregna</Name>
          <Name xml:lang="en" xmlns="http://www.sdmx.org/resources/sdmxml/schemas/v2_1/common">Quaregna</Name>
          <Parent>
            <Ref id="ITC12" xmlns="" />
          </Parent>
        </Code>
        <Code id="002107" urn="urn:sdmx:org.sdmx.infomodel.codelist.Code=IT1:CL_REFAREA(1.2).002107">
          <Name xml:lang="it" xmlns="http://www.sdmx.org/resources/sdmxml/schemas/v2_1/common">Quarona</Name>
          <Name xml:lang="en" xmlns="http://www.sdmx.org/resources/sdmxml/schemas/v2_1/common">Quarona</Name>
          <Parent>
            <Ref id="ITC12" xmlns="" />
          </Parent>
        </Code>
        <Code id="002108" urn="urn:sdmx:org.sdmx.infomodel.codelist.Code=IT1:CL_REFAREA(1.2).002108">
          <Name xml:lang="it" xmlns="http://www.sdmx.org/resources/sdmxml/schemas/v2_1/common">Quinto Vercellese</Name>
          <Name xml:lang="en" xmlns="http://www.sdmx.org/resources/sdmxml/schemas/v2_1/common">Quinto Vercellese</Name>
          <Parent>
            <Ref id="ITC12" xmlns="" />
          </Parent>
        </Code>
        <Code id="002109" urn="urn:sdmx:org.sdmx.infomodel.codelist.Code=IT1:CL_REFAREA(1.2).002109">
          <Name xml:lang="it" xmlns="http://www.sdmx.org/resources/sdmxml/schemas/v2_1/common">Quittengo</Name>
          <Name xml:lang="en" xmlns="http://www.sdmx.org/resources/sdmxml/schemas/v2_1/common">Quittengo</Name>
          <Parent>
            <Ref id="ITC12" xmlns="" />
          </Parent>
        </Code>
        <Code id="002110" urn="urn:sdmx:org.sdmx.infomodel.codelist.Code=IT1:CL_REFAREA(1.2).002110">
          <Name xml:lang="it" xmlns="http://www.sdmx.org/resources/sdmxml/schemas/v2_1/common">Rassa</Name>
          <Name xml:lang="en" xmlns="http://www.sdmx.org/resources/sdmxml/schemas/v2_1/common">Rassa</Name>
          <Parent>
            <Ref id="ITC12" xmlns="" />
          </Parent>
        </Code>
        <Code id="002111" urn="urn:sdmx:org.sdmx.infomodel.codelist.Code=IT1:CL_REFAREA(1.2).002111">
          <Name xml:lang="it" xmlns="http://www.sdmx.org/resources/sdmxml/schemas/v2_1/common">Rima San Giuseppe</Name>
          <Name xml:lang="en" xmlns="http://www.sdmx.org/resources/sdmxml/schemas/v2_1/common">Rima San Giuseppe</Name>
          <Parent>
            <Ref id="ITC12" xmlns="" />
          </Parent>
        </Code>
        <Code id="002112" urn="urn:sdmx:org.sdmx.infomodel.codelist.Code=IT1:CL_REFAREA(1.2).002112">
          <Name xml:lang="it" xmlns="http://www.sdmx.org/resources/sdmxml/schemas/v2_1/common">Rimasco</Name>
          <Name xml:lang="en" xmlns="http://www.sdmx.org/resources/sdmxml/schemas/v2_1/common">Rimasco</Name>
          <Parent>
            <Ref id="ITC12" xmlns="" />
          </Parent>
        </Code>
        <Code id="002113" urn="urn:sdmx:org.sdmx.infomodel.codelist.Code=IT1:CL_REFAREA(1.2).002113">
          <Name xml:lang="it" xmlns="http://www.sdmx.org/resources/sdmxml/schemas/v2_1/common">Rimella</Name>
          <Name xml:lang="en" xmlns="http://www.sdmx.org/resources/sdmxml/schemas/v2_1/common">Rimella</Name>
          <Parent>
            <Ref id="ITC12" xmlns="" />
          </Parent>
        </Code>
        <Code id="002114" urn="urn:sdmx:org.sdmx.infomodel.codelist.Code=IT1:CL_REFAREA(1.2).002114">
          <Name xml:lang="it" xmlns="http://www.sdmx.org/resources/sdmxml/schemas/v2_1/common">Riva Valdobbia</Name>
          <Name xml:lang="en" xmlns="http://www.sdmx.org/resources/sdmxml/schemas/v2_1/common">Riva Valdobbia</Name>
          <Parent>
            <Ref id="ITC12" xmlns="" />
          </Parent>
        </Code>
        <Code id="002115" urn="urn:sdmx:org.sdmx.infomodel.codelist.Code=IT1:CL_REFAREA(1.2).002115">
          <Name xml:lang="it" xmlns="http://www.sdmx.org/resources/sdmxml/schemas/v2_1/common">Rive</Name>
          <Name xml:lang="en" xmlns="http://www.sdmx.org/resources/sdmxml/schemas/v2_1/common">Rive</Name>
          <Parent>
            <Ref id="ITC12" xmlns="" />
          </Parent>
        </Code>
        <Code id="002116" urn="urn:sdmx:org.sdmx.infomodel.codelist.Code=IT1:CL_REFAREA(1.2).002116">
          <Name xml:lang="it" xmlns="http://www.sdmx.org/resources/sdmxml/schemas/v2_1/common">Roasio</Name>
          <Name xml:lang="en" xmlns="http://www.sdmx.org/resources/sdmxml/schemas/v2_1/common">Roasio</Name>
          <Parent>
            <Ref id="ITC12" xmlns="" />
          </Parent>
        </Code>
        <Code id="002117" urn="urn:sdmx:org.sdmx.infomodel.codelist.Code=IT1:CL_REFAREA(1.2).002117">
          <Name xml:lang="it" xmlns="http://www.sdmx.org/resources/sdmxml/schemas/v2_1/common">Ronco Biellese</Name>
          <Name xml:lang="en" xmlns="http://www.sdmx.org/resources/sdmxml/schemas/v2_1/common">Ronco Biellese</Name>
          <Parent>
            <Ref id="ITC12" xmlns="" />
          </Parent>
        </Code>
        <Code id="002118" urn="urn:sdmx:org.sdmx.infomodel.codelist.Code=IT1:CL_REFAREA(1.2).002118">
          <Name xml:lang="it" xmlns="http://www.sdmx.org/resources/sdmxml/schemas/v2_1/common">Ronsecco</Name>
          <Name xml:lang="en" xmlns="http://www.sdmx.org/resources/sdmxml/schemas/v2_1/common">Ronsecco</Name>
          <Parent>
            <Ref id="ITC12" xmlns="" />
          </Parent>
        </Code>
        <Code id="002119" urn="urn:sdmx:org.sdmx.infomodel.codelist.Code=IT1:CL_REFAREA(1.2).002119">
          <Name xml:lang="it" xmlns="http://www.sdmx.org/resources/sdmxml/schemas/v2_1/common">Roppolo</Name>
          <Name xml:lang="en" xmlns="http://www.sdmx.org/resources/sdmxml/schemas/v2_1/common">Roppolo</Name>
          <Parent>
            <Ref id="ITC12" xmlns="" />
          </Parent>
        </Code>
        <Code id="002120" urn="urn:sdmx:org.sdmx.infomodel.codelist.Code=IT1:CL_REFAREA(1.2).002120">
          <Name xml:lang="it" xmlns="http://www.sdmx.org/resources/sdmxml/schemas/v2_1/common">Rosazza</Name>
          <Name xml:lang="en" xmlns="http://www.sdmx.org/resources/sdmxml/schemas/v2_1/common">Rosazza</Name>
          <Parent>
            <Ref id="ITC12" xmlns="" />
          </Parent>
        </Code>
        <Code id="002121" urn="urn:sdmx:org.sdmx.infomodel.codelist.Code=IT1:CL_REFAREA(1.2).002121">
          <Name xml:lang="it" xmlns="http://www.sdmx.org/resources/sdmxml/schemas/v2_1/common">Rossa</Name>
          <Name xml:lang="en" xmlns="http://www.sdmx.org/resources/sdmxml/schemas/v2_1/common">Rossa</Name>
          <Parent>
            <Ref id="ITC12" xmlns="" />
          </Parent>
        </Code>
        <Code id="002122" urn="urn:sdmx:org.sdmx.infomodel.codelist.Code=IT1:CL_REFAREA(1.2).002122">
          <Name xml:lang="it" xmlns="http://www.sdmx.org/resources/sdmxml/schemas/v2_1/common">Rovasenda</Name>
          <Name xml:lang="en" xmlns="http://www.sdmx.org/resources/sdmxml/schemas/v2_1/common">Rovasenda</Name>
          <Parent>
            <Ref id="ITC12" xmlns="" />
          </Parent>
        </Code>
        <Code id="002123" urn="urn:sdmx:org.sdmx.infomodel.codelist.Code=IT1:CL_REFAREA(1.2).002123">
          <Name xml:lang="it" xmlns="http://www.sdmx.org/resources/sdmxml/schemas/v2_1/common">Sabbia</Name>
          <Name xml:lang="en" xmlns="http://www.sdmx.org/resources/sdmxml/schemas/v2_1/common">Sabbia</Name>
          <Parent>
            <Ref id="ITC12" xmlns="" />
          </Parent>
        </Code>
        <Code id="002124" urn="urn:sdmx:org.sdmx.infomodel.codelist.Code=IT1:CL_REFAREA(1.2).002124">
          <Name xml:lang="it" xmlns="http://www.sdmx.org/resources/sdmxml/schemas/v2_1/common">Sagliano Micca</Name>
          <Name xml:lang="en" xmlns="http://www.sdmx.org/resources/sdmxml/schemas/v2_1/common">Sagliano Micca</Name>
          <Parent>
            <Ref id="ITC12" xmlns="" />
          </Parent>
        </Code>
        <Code id="002125" urn="urn:sdmx:org.sdmx.infomodel.codelist.Code=IT1:CL_REFAREA(1.2).002125">
          <Name xml:lang="it" xmlns="http://www.sdmx.org/resources/sdmxml/schemas/v2_1/common">Sala Biellese</Name>
          <Name xml:lang="en" xmlns="http://www.sdmx.org/resources/sdmxml/schemas/v2_1/common">Sala Biellese</Name>
          <Parent>
            <Ref id="ITC12" xmlns="" />
          </Parent>
        </Code>
        <Code id="002126" urn="urn:sdmx:org.sdmx.infomodel.codelist.Code=IT1:CL_REFAREA(1.2).002126">
          <Name xml:lang="it" xmlns="http://www.sdmx.org/resources/sdmxml/schemas/v2_1/common">Salasco</Name>
          <Name xml:lang="en" xmlns="http://www.sdmx.org/resources/sdmxml/schemas/v2_1/common">Salasco</Name>
          <Parent>
            <Ref id="ITC12" xmlns="" />
          </Parent>
        </Code>
        <Code id="002127" urn="urn:sdmx:org.sdmx.infomodel.codelist.Code=IT1:CL_REFAREA(1.2).002127">
          <Name xml:lang="it" xmlns="http://www.sdmx.org/resources/sdmxml/schemas/v2_1/common">Sali Vercellese</Name>
          <Name xml:lang="en" xmlns="http://www.sdmx.org/resources/sdmxml/schemas/v2_1/common">Sali Vercellese</Name>
          <Parent>
            <Ref id="ITC12" xmlns="" />
          </Parent>
        </Code>
        <Code id="002128" urn="urn:sdmx:org.sdmx.infomodel.codelist.Code=IT1:CL_REFAREA(1.2).002128">
          <Name xml:lang="it" xmlns="http://www.sdmx.org/resources/sdmxml/schemas/v2_1/common">Saluggia</Name>
          <Name xml:lang="en" xmlns="http://www.sdmx.org/resources/sdmxml/schemas/v2_1/common">Saluggia</Name>
          <Parent>
            <Ref id="ITC12" xmlns="" />
          </Parent>
        </Code>
        <Code id="002129" urn="urn:sdmx:org.sdmx.infomodel.codelist.Code=IT1:CL_REFAREA(1.2).002129">
          <Name xml:lang="it" xmlns="http://www.sdmx.org/resources/sdmxml/schemas/v2_1/common">Salussola</Name>
          <Name xml:lang="en" xmlns="http://www.sdmx.org/resources/sdmxml/schemas/v2_1/common">Salussola</Name>
          <Parent>
            <Ref id="ITC12" xmlns="" />
          </Parent>
        </Code>
        <Code id="002130" urn="urn:sdmx:org.sdmx.infomodel.codelist.Code=IT1:CL_REFAREA(1.2).002130">
          <Name xml:lang="it" xmlns="http://www.sdmx.org/resources/sdmxml/schemas/v2_1/common">Sandigliano</Name>
          <Name xml:lang="en" xmlns="http://www.sdmx.org/resources/sdmxml/schemas/v2_1/common">Sandigliano</Name>
          <Parent>
            <Ref id="ITC12" xmlns="" />
          </Parent>
        </Code>
        <Code id="002131" urn="urn:sdmx:org.sdmx.infomodel.codelist.Code=IT1:CL_REFAREA(1.2).002131">
          <Name xml:lang="it" xmlns="http://www.sdmx.org/resources/sdmxml/schemas/v2_1/common">San Germano Vercellese</Name>
          <Name xml:lang="en" xmlns="http://www.sdmx.org/resources/sdmxml/schemas/v2_1/common">San Germano Vercellese</Name>
          <Parent>
            <Ref id="ITC12" xmlns="" />
          </Parent>
        </Code>
        <Code id="002132" urn="urn:sdmx:org.sdmx.infomodel.codelist.Code=IT1:CL_REFAREA(1.2).002132">
          <Name xml:lang="it" xmlns="http://www.sdmx.org/resources/sdmxml/schemas/v2_1/common">San Paolo Cervo</Name>
          <Name xml:lang="en" xmlns="http://www.sdmx.org/resources/sdmxml/schemas/v2_1/common">San Paolo Cervo</Name>
          <Parent>
            <Ref id="ITC12" xmlns="" />
          </Parent>
        </Code>
        <Code id="002133" urn="urn:sdmx:org.sdmx.infomodel.codelist.Code=IT1:CL_REFAREA(1.2).002133">
          <Name xml:lang="it" xmlns="http://www.sdmx.org/resources/sdmxml/schemas/v2_1/common">Santhià</Name>
          <Name xml:lang="en" xmlns="http://www.sdmx.org/resources/sdmxml/schemas/v2_1/common">Santhià</Name>
          <Parent>
            <Ref id="ITC12" xmlns="" />
          </Parent>
        </Code>
        <Code id="002134" urn="urn:sdmx:org.sdmx.infomodel.codelist.Code=IT1:CL_REFAREA(1.2).002134">
          <Name xml:lang="it" xmlns="http://www.sdmx.org/resources/sdmxml/schemas/v2_1/common">Scopa</Name>
          <Name xml:lang="en" xmlns="http://www.sdmx.org/resources/sdmxml/schemas/v2_1/common">Scopa</Name>
          <Parent>
            <Ref id="ITC12" xmlns="" />
          </Parent>
        </Code>
        <Code id="002135" urn="urn:sdmx:org.sdmx.infomodel.codelist.Code=IT1:CL_REFAREA(1.2).002135">
          <Name xml:lang="it" xmlns="http://www.sdmx.org/resources/sdmxml/schemas/v2_1/common">Scopello</Name>
          <Name xml:lang="en" xmlns="http://www.sdmx.org/resources/sdmxml/schemas/v2_1/common">Scopello</Name>
          <Parent>
            <Ref id="ITC12" xmlns="" />
          </Parent>
        </Code>
        <Code id="002136" urn="urn:sdmx:org.sdmx.infomodel.codelist.Code=IT1:CL_REFAREA(1.2).002136">
          <Name xml:lang="it" xmlns="http://www.sdmx.org/resources/sdmxml/schemas/v2_1/common">Selve Marcone</Name>
          <Name xml:lang="en" xmlns="http://www.sdmx.org/resources/sdmxml/schemas/v2_1/common">Selve Marcone</Name>
          <Parent>
            <Ref id="ITC12" xmlns="" />
          </Parent>
        </Code>
        <Code id="002137" urn="urn:sdmx:org.sdmx.infomodel.codelist.Code=IT1:CL_REFAREA(1.2).002137">
          <Name xml:lang="it" xmlns="http://www.sdmx.org/resources/sdmxml/schemas/v2_1/common">Serravalle Sesia</Name>
          <Name xml:lang="en" xmlns="http://www.sdmx.org/resources/sdmxml/schemas/v2_1/common">Serravalle Sesia</Name>
          <Parent>
            <Ref id="ITC12" xmlns="" />
          </Parent>
        </Code>
        <Code id="002138" urn="urn:sdmx:org.sdmx.infomodel.codelist.Code=IT1:CL_REFAREA(1.2).002138">
          <Name xml:lang="it" xmlns="http://www.sdmx.org/resources/sdmxml/schemas/v2_1/common">Soprana</Name>
          <Name xml:lang="en" xmlns="http://www.sdmx.org/resources/sdmxml/schemas/v2_1/common">Soprana</Name>
          <Parent>
            <Ref id="ITC12" xmlns="" />
          </Parent>
        </Code>
        <Code id="002139" urn="urn:sdmx:org.sdmx.infomodel.codelist.Code=IT1:CL_REFAREA(1.2).002139">
          <Name xml:lang="it" xmlns="http://www.sdmx.org/resources/sdmxml/schemas/v2_1/common">Sordevolo</Name>
          <Name xml:lang="en" xmlns="http://www.sdmx.org/resources/sdmxml/schemas/v2_1/common">Sordevolo</Name>
          <Parent>
            <Ref id="ITC12" xmlns="" />
          </Parent>
        </Code>
        <Code id="002140" urn="urn:sdmx:org.sdmx.infomodel.codelist.Code=IT1:CL_REFAREA(1.2).002140">
          <Name xml:lang="it" xmlns="http://www.sdmx.org/resources/sdmxml/schemas/v2_1/common">Sostegno</Name>
          <Name xml:lang="en" xmlns="http://www.sdmx.org/resources/sdmxml/schemas/v2_1/common">Sostegno</Name>
          <Parent>
            <Ref id="ITC12" xmlns="" />
          </Parent>
        </Code>
        <Code id="002141" urn="urn:sdmx:org.sdmx.infomodel.codelist.Code=IT1:CL_REFAREA(1.2).002141">
          <Name xml:lang="it" xmlns="http://www.sdmx.org/resources/sdmxml/schemas/v2_1/common">Strona</Name>
          <Name xml:lang="en" xmlns="http://www.sdmx.org/resources/sdmxml/schemas/v2_1/common">Strona</Name>
          <Parent>
            <Ref id="ITC12" xmlns="" />
          </Parent>
        </Code>
        <Code id="002142" urn="urn:sdmx:org.sdmx.infomodel.codelist.Code=IT1:CL_REFAREA(1.2).002142">
          <Name xml:lang="it" xmlns="http://www.sdmx.org/resources/sdmxml/schemas/v2_1/common">Stroppiana</Name>
          <Name xml:lang="en" xmlns="http://www.sdmx.org/resources/sdmxml/schemas/v2_1/common">Stroppiana</Name>
          <Parent>
            <Ref id="ITC12" xmlns="" />
          </Parent>
        </Code>
        <Code id="002143" urn="urn:sdmx:org.sdmx.infomodel.codelist.Code=IT1:CL_REFAREA(1.2).002143">
          <Name xml:lang="it" xmlns="http://www.sdmx.org/resources/sdmxml/schemas/v2_1/common">Tavigliano</Name>
          <Name xml:lang="en" xmlns="http://www.sdmx.org/resources/sdmxml/schemas/v2_1/common">Tavigliano</Name>
          <Parent>
            <Ref id="ITC12" xmlns="" />
          </Parent>
        </Code>
        <Code id="002144" urn="urn:sdmx:org.sdmx.infomodel.codelist.Code=IT1:CL_REFAREA(1.2).002144">
          <Name xml:lang="it" xmlns="http://www.sdmx.org/resources/sdmxml/schemas/v2_1/common">Ternengo</Name>
          <Name xml:lang="en" xmlns="http://www.sdmx.org/resources/sdmxml/schemas/v2_1/common">Ternengo</Name>
          <Parent>
            <Ref id="ITC12" xmlns="" />
          </Parent>
        </Code>
        <Code id="002145" urn="urn:sdmx:org.sdmx.infomodel.codelist.Code=IT1:CL_REFAREA(1.2).002145">
          <Name xml:lang="it" xmlns="http://www.sdmx.org/resources/sdmxml/schemas/v2_1/common">Tollegno</Name>
          <Name xml:lang="en" xmlns="http://www.sdmx.org/resources/sdmxml/schemas/v2_1/common">Tollegno</Name>
          <Parent>
            <Ref id="ITC12" xmlns="" />
          </Parent>
        </Code>
        <Code id="002146" urn="urn:sdmx:org.sdmx.infomodel.codelist.Code=IT1:CL_REFAREA(1.2).002146">
          <Name xml:lang="it" xmlns="http://www.sdmx.org/resources/sdmxml/schemas/v2_1/common">Torrazzo</Name>
          <Name xml:lang="en" xmlns="http://www.sdmx.org/resources/sdmxml/schemas/v2_1/common">Torrazzo</Name>
          <Parent>
            <Ref id="ITC12" xmlns="" />
          </Parent>
        </Code>
        <Code id="002147" urn="urn:sdmx:org.sdmx.infomodel.codelist.Code=IT1:CL_REFAREA(1.2).002147">
          <Name xml:lang="it" xmlns="http://www.sdmx.org/resources/sdmxml/schemas/v2_1/common">Tricerro</Name>
          <Name xml:lang="en" xmlns="http://www.sdmx.org/resources/sdmxml/schemas/v2_1/common">Tricerro</Name>
          <Parent>
            <Ref id="ITC12" xmlns="" />
          </Parent>
        </Code>
        <Code id="002148" urn="urn:sdmx:org.sdmx.infomodel.codelist.Code=IT1:CL_REFAREA(1.2).002148">
          <Name xml:lang="it" xmlns="http://www.sdmx.org/resources/sdmxml/schemas/v2_1/common">Trino</Name>
          <Name xml:lang="en" xmlns="http://www.sdmx.org/resources/sdmxml/schemas/v2_1/common">Trino</Name>
          <Parent>
            <Ref id="ITC12" xmlns="" />
          </Parent>
        </Code>
        <Code id="002149" urn="urn:sdmx:org.sdmx.infomodel.codelist.Code=IT1:CL_REFAREA(1.2).002149">
          <Name xml:lang="it" xmlns="http://www.sdmx.org/resources/sdmxml/schemas/v2_1/common">Trivero</Name>
          <Name xml:lang="en" xmlns="http://www.sdmx.org/resources/sdmxml/schemas/v2_1/common">Trivero</Name>
          <Parent>
            <Ref id="ITC12" xmlns="" />
          </Parent>
        </Code>
        <Code id="002150" urn="urn:sdmx:org.sdmx.infomodel.codelist.Code=IT1:CL_REFAREA(1.2).002150">
          <Name xml:lang="it" xmlns="http://www.sdmx.org/resources/sdmxml/schemas/v2_1/common">Tronzano Vercellese</Name>
          <Name xml:lang="en" xmlns="http://www.sdmx.org/resources/sdmxml/schemas/v2_1/common">Tronzano Vercellese</Name>
          <Parent>
            <Ref id="ITC12" xmlns="" />
          </Parent>
        </Code>
        <Code id="002151" urn="urn:sdmx:org.sdmx.infomodel.codelist.Code=IT1:CL_REFAREA(1.2).002151">
          <Name xml:lang="it" xmlns="http://www.sdmx.org/resources/sdmxml/schemas/v2_1/common">Valdengo</Name>
          <Name xml:lang="en" xmlns="http://www.sdmx.org/resources/sdmxml/schemas/v2_1/common">Valdengo</Name>
          <Parent>
            <Ref id="ITC12" xmlns="" />
          </Parent>
        </Code>
        <Code id="002152" urn="urn:sdmx:org.sdmx.infomodel.codelist.Code=IT1:CL_REFAREA(1.2).002152">
          <Name xml:lang="it" xmlns="http://www.sdmx.org/resources/sdmxml/schemas/v2_1/common">Valduggia</Name>
          <Name xml:lang="en" xmlns="http://www.sdmx.org/resources/sdmxml/schemas/v2_1/common">Valduggia</Name>
          <Parent>
            <Ref id="ITC12" xmlns="" />
          </Parent>
        </Code>
        <Code id="002153" urn="urn:sdmx:org.sdmx.infomodel.codelist.Code=IT1:CL_REFAREA(1.2).002153">
          <Name xml:lang="it" xmlns="http://www.sdmx.org/resources/sdmxml/schemas/v2_1/common">Vallanzengo</Name>
          <Name xml:lang="en" xmlns="http://www.sdmx.org/resources/sdmxml/schemas/v2_1/common">Vallanzengo</Name>
          <Parent>
            <Ref id="ITC12" xmlns="" />
          </Parent>
        </Code>
        <Code id="002154" urn="urn:sdmx:org.sdmx.infomodel.codelist.Code=IT1:CL_REFAREA(1.2).002154">
          <Name xml:lang="it" xmlns="http://www.sdmx.org/resources/sdmxml/schemas/v2_1/common">Valle Mosso</Name>
          <Name xml:lang="en" xmlns="http://www.sdmx.org/resources/sdmxml/schemas/v2_1/common">Valle Mosso</Name>
          <Parent>
            <Ref id="ITC12" xmlns="" />
          </Parent>
        </Code>
        <Code id="002155" urn="urn:sdmx:org.sdmx.infomodel.codelist.Code=IT1:CL_REFAREA(1.2).002155">
          <Name xml:lang="it" xmlns="http://www.sdmx.org/resources/sdmxml/schemas/v2_1/common">Valle San Nicolao</Name>
          <Name xml:lang="en" xmlns="http://www.sdmx.org/resources/sdmxml/schemas/v2_1/common">Valle San Nicolao</Name>
          <Parent>
            <Ref id="ITC12" xmlns="" />
          </Parent>
        </Code>
        <Code id="002156" urn="urn:sdmx:org.sdmx.infomodel.codelist.Code=IT1:CL_REFAREA(1.2).002156">
          <Name xml:lang="it" xmlns="http://www.sdmx.org/resources/sdmxml/schemas/v2_1/common">Varallo</Name>
          <Name xml:lang="en" xmlns="http://www.sdmx.org/resources/sdmxml/schemas/v2_1/common">Varallo</Name>
          <Parent>
            <Ref id="ITC12" xmlns="" />
          </Parent>
        </Code>
        <Code id="002157" urn="urn:sdmx:org.sdmx.infomodel.codelist.Code=IT1:CL_REFAREA(1.2).002157">
          <Name xml:lang="it" xmlns="http://www.sdmx.org/resources/sdmxml/schemas/v2_1/common">Veglio</Name>
          <Name xml:lang="en" xmlns="http://www.sdmx.org/resources/sdmxml/schemas/v2_1/common">Veglio</Name>
          <Parent>
            <Ref id="ITC12" xmlns="" />
          </Parent>
        </Code>
        <Code id="002158" urn="urn:sdmx:org.sdmx.infomodel.codelist.Code=IT1:CL_REFAREA(1.2).002158">
          <Name xml:lang="it" xmlns="http://www.sdmx.org/resources/sdmxml/schemas/v2_1/common">Vercelli</Name>
          <Name xml:lang="en" xmlns="http://www.sdmx.org/resources/sdmxml/schemas/v2_1/common">Vercelli</Name>
          <Parent>
            <Ref id="ITC12" xmlns="" />
          </Parent>
        </Code>
        <Code id="002159" urn="urn:sdmx:org.sdmx.infomodel.codelist.Code=IT1:CL_REFAREA(1.2).002159">
          <Name xml:lang="it" xmlns="http://www.sdmx.org/resources/sdmxml/schemas/v2_1/common">Verrone</Name>
          <Name xml:lang="en" xmlns="http://www.sdmx.org/resources/sdmxml/schemas/v2_1/common">Verrone</Name>
          <Parent>
            <Ref id="ITC12" xmlns="" />
          </Parent>
        </Code>
        <Code id="002160" urn="urn:sdmx:org.sdmx.infomodel.codelist.Code=IT1:CL_REFAREA(1.2).002160">
          <Name xml:lang="it" xmlns="http://www.sdmx.org/resources/sdmxml/schemas/v2_1/common">Vigliano Biellese</Name>
          <Name xml:lang="en" xmlns="http://www.sdmx.org/resources/sdmxml/schemas/v2_1/common">Vigliano Biellese</Name>
          <Parent>
            <Ref id="ITC12" xmlns="" />
          </Parent>
        </Code>
        <Code id="002161" urn="urn:sdmx:org.sdmx.infomodel.codelist.Code=IT1:CL_REFAREA(1.2).002161">
          <Name xml:lang="it" xmlns="http://www.sdmx.org/resources/sdmxml/schemas/v2_1/common">Villa del Bosco</Name>
          <Name xml:lang="en" xmlns="http://www.sdmx.org/resources/sdmxml/schemas/v2_1/common">Villa del Bosco</Name>
          <Parent>
            <Ref id="ITC12" xmlns="" />
          </Parent>
        </Code>
        <Code id="002162" urn="urn:sdmx:org.sdmx.infomodel.codelist.Code=IT1:CL_REFAREA(1.2).002162">
          <Name xml:lang="it" xmlns="http://www.sdmx.org/resources/sdmxml/schemas/v2_1/common">Villanova Biellese</Name>
          <Name xml:lang="en" xmlns="http://www.sdmx.org/resources/sdmxml/schemas/v2_1/common">Villanova Biellese</Name>
          <Parent>
            <Ref id="ITC12" xmlns="" />
          </Parent>
        </Code>
        <Code id="002163" urn="urn:sdmx:org.sdmx.infomodel.codelist.Code=IT1:CL_REFAREA(1.2).002163">
          <Name xml:lang="it" xmlns="http://www.sdmx.org/resources/sdmxml/schemas/v2_1/common">Villarboit</Name>
          <Name xml:lang="en" xmlns="http://www.sdmx.org/resources/sdmxml/schemas/v2_1/common">Villarboit</Name>
          <Parent>
            <Ref id="ITC12" xmlns="" />
          </Parent>
        </Code>
        <Code id="002164" urn="urn:sdmx:org.sdmx.infomodel.codelist.Code=IT1:CL_REFAREA(1.2).002164">
          <Name xml:lang="it" xmlns="http://www.sdmx.org/resources/sdmxml/schemas/v2_1/common">Villata</Name>
          <Name xml:lang="en" xmlns="http://www.sdmx.org/resources/sdmxml/schemas/v2_1/common">Villata</Name>
          <Parent>
            <Ref id="ITC12" xmlns="" />
          </Parent>
        </Code>
        <Code id="002165" urn="urn:sdmx:org.sdmx.infomodel.codelist.Code=IT1:CL_REFAREA(1.2).002165">
          <Name xml:lang="it" xmlns="http://www.sdmx.org/resources/sdmxml/schemas/v2_1/common">Viverone</Name>
          <Name xml:lang="en" xmlns="http://www.sdmx.org/resources/sdmxml/schemas/v2_1/common">Viverone</Name>
          <Parent>
            <Ref id="ITC12" xmlns="" />
          </Parent>
        </Code>
        <Code id="002166" urn="urn:sdmx:org.sdmx.infomodel.codelist.Code=IT1:CL_REFAREA(1.2).002166">
          <Name xml:lang="it" xmlns="http://www.sdmx.org/resources/sdmxml/schemas/v2_1/common">Vocca</Name>
          <Name xml:lang="en" xmlns="http://www.sdmx.org/resources/sdmxml/schemas/v2_1/common">Vocca</Name>
          <Parent>
            <Ref id="ITC12" xmlns="" />
          </Parent>
        </Code>
        <Code id="002167" urn="urn:sdmx:org.sdmx.infomodel.codelist.Code=IT1:CL_REFAREA(1.2).002167">
          <Name xml:lang="it" xmlns="http://www.sdmx.org/resources/sdmxml/schemas/v2_1/common">Zimone</Name>
          <Name xml:lang="en" xmlns="http://www.sdmx.org/resources/sdmxml/schemas/v2_1/common">Zimone</Name>
          <Parent>
            <Ref id="ITC12" xmlns="" />
          </Parent>
        </Code>
        <Code id="002168" urn="urn:sdmx:org.sdmx.infomodel.codelist.Code=IT1:CL_REFAREA(1.2).002168">
          <Name xml:lang="it" xmlns="http://www.sdmx.org/resources/sdmxml/schemas/v2_1/common">Zubiena</Name>
          <Name xml:lang="en" xmlns="http://www.sdmx.org/resources/sdmxml/schemas/v2_1/common">Zubiena</Name>
          <Parent>
            <Ref id="ITC12" xmlns="" />
          </Parent>
        </Code>
        <Code id="002169" urn="urn:sdmx:org.sdmx.infomodel.codelist.Code=IT1:CL_REFAREA(1.2).002169">
          <Name xml:lang="it" xmlns="http://www.sdmx.org/resources/sdmxml/schemas/v2_1/common">Zumaglia</Name>
          <Name xml:lang="en" xmlns="http://www.sdmx.org/resources/sdmxml/schemas/v2_1/common">Zumaglia</Name>
          <Parent>
            <Ref id="ITC12" xmlns="" />
          </Parent>
        </Code>
        <Code id="003001" urn="urn:sdmx:org.sdmx.infomodel.codelist.Code=IT1:CL_REFAREA(1.2).003001">
          <Name xml:lang="it" xmlns="http://www.sdmx.org/resources/sdmxml/schemas/v2_1/common">Agrate Conturbia</Name>
          <Name xml:lang="en" xmlns="http://www.sdmx.org/resources/sdmxml/schemas/v2_1/common">Agrate Conturbia</Name>
          <Parent>
            <Ref id="ITC15" xmlns="" />
          </Parent>
        </Code>
        <Code id="003002" urn="urn:sdmx:org.sdmx.infomodel.codelist.Code=IT1:CL_REFAREA(1.2).003002">
          <Name xml:lang="it" xmlns="http://www.sdmx.org/resources/sdmxml/schemas/v2_1/common">Ameno</Name>
          <Name xml:lang="en" xmlns="http://www.sdmx.org/resources/sdmxml/schemas/v2_1/common">Ameno</Name>
          <Parent>
            <Ref id="ITC15" xmlns="" />
          </Parent>
        </Code>
        <Code id="003003" urn="urn:sdmx:org.sdmx.infomodel.codelist.Code=IT1:CL_REFAREA(1.2).003003">
          <Name xml:lang="it" xmlns="http://www.sdmx.org/resources/sdmxml/schemas/v2_1/common">Antrona Schieranco</Name>
          <Name xml:lang="en" xmlns="http://www.sdmx.org/resources/sdmxml/schemas/v2_1/common">Antrona Schieranco</Name>
          <Parent>
            <Ref id="ITC15" xmlns="" />
          </Parent>
        </Code>
        <Code id="003004" urn="urn:sdmx:org.sdmx.infomodel.codelist.Code=IT1:CL_REFAREA(1.2).003004">
          <Name xml:lang="it" xmlns="http://www.sdmx.org/resources/sdmxml/schemas/v2_1/common">Anzola d'Ossola</Name>
          <Name xml:lang="en" xmlns="http://www.sdmx.org/resources/sdmxml/schemas/v2_1/common">Anzola d'Ossola</Name>
          <Parent>
            <Ref id="ITC15" xmlns="" />
          </Parent>
        </Code>
        <Code id="003005" urn="urn:sdmx:org.sdmx.infomodel.codelist.Code=IT1:CL_REFAREA(1.2).003005">
          <Name xml:lang="it" xmlns="http://www.sdmx.org/resources/sdmxml/schemas/v2_1/common">Arizzano</Name>
          <Name xml:lang="en" xmlns="http://www.sdmx.org/resources/sdmxml/schemas/v2_1/common">Arizzano</Name>
          <Parent>
            <Ref id="ITC15" xmlns="" />
          </Parent>
        </Code>
        <Code id="003006" urn="urn:sdmx:org.sdmx.infomodel.codelist.Code=IT1:CL_REFAREA(1.2).003006">
          <Name xml:lang="it" xmlns="http://www.sdmx.org/resources/sdmxml/schemas/v2_1/common">Armeno</Name>
          <Name xml:lang="en" xmlns="http://www.sdmx.org/resources/sdmxml/schemas/v2_1/common">Armeno</Name>
          <Parent>
            <Ref id="ITC15" xmlns="" />
          </Parent>
        </Code>
        <Code id="003007" urn="urn:sdmx:org.sdmx.infomodel.codelist.Code=IT1:CL_REFAREA(1.2).003007">
          <Name xml:lang="it" xmlns="http://www.sdmx.org/resources/sdmxml/schemas/v2_1/common">Arola</Name>
          <Name xml:lang="en" xmlns="http://www.sdmx.org/resources/sdmxml/schemas/v2_1/common">Arola</Name>
          <Parent>
            <Ref id="ITC15" xmlns="" />
          </Parent>
        </Code>
        <Code id="003008" urn="urn:sdmx:org.sdmx.infomodel.codelist.Code=IT1:CL_REFAREA(1.2).003008">
          <Name xml:lang="it" xmlns="http://www.sdmx.org/resources/sdmxml/schemas/v2_1/common">Arona</Name>
          <Name xml:lang="en" xmlns="http://www.sdmx.org/resources/sdmxml/schemas/v2_1/common">Arona</Name>
          <Parent>
            <Ref id="ITC15" xmlns="" />
          </Parent>
        </Code>
        <Code id="003009" urn="urn:sdmx:org.sdmx.infomodel.codelist.Code=IT1:CL_REFAREA(1.2).003009">
          <Name xml:lang="it" xmlns="http://www.sdmx.org/resources/sdmxml/schemas/v2_1/common">Aurano</Name>
          <Name xml:lang="en" xmlns="http://www.sdmx.org/resources/sdmxml/schemas/v2_1/common">Aurano</Name>
          <Parent>
            <Ref id="ITC15" xmlns="" />
          </Parent>
        </Code>
        <Code id="003010" urn="urn:sdmx:org.sdmx.infomodel.codelist.Code=IT1:CL_REFAREA(1.2).003010">
          <Name xml:lang="it" xmlns="http://www.sdmx.org/resources/sdmxml/schemas/v2_1/common">Baceno</Name>
          <Name xml:lang="en" xmlns="http://www.sdmx.org/resources/sdmxml/schemas/v2_1/common">Baceno</Name>
          <Parent>
            <Ref id="ITC15" xmlns="" />
          </Parent>
        </Code>
        <Code id="003011" urn="urn:sdmx:org.sdmx.infomodel.codelist.Code=IT1:CL_REFAREA(1.2).003011">
          <Name xml:lang="it" xmlns="http://www.sdmx.org/resources/sdmxml/schemas/v2_1/common">Bannio Anzino</Name>
          <Name xml:lang="en" xmlns="http://www.sdmx.org/resources/sdmxml/schemas/v2_1/common">Bannio Anzino</Name>
          <Parent>
            <Ref id="ITC15" xmlns="" />
          </Parent>
        </Code>
        <Code id="003012" urn="urn:sdmx:org.sdmx.infomodel.codelist.Code=IT1:CL_REFAREA(1.2).003012">
          <Name xml:lang="it" xmlns="http://www.sdmx.org/resources/sdmxml/schemas/v2_1/common">Barengo</Name>
          <Name xml:lang="en" xmlns="http://www.sdmx.org/resources/sdmxml/schemas/v2_1/common">Barengo</Name>
          <Parent>
            <Ref id="ITC15" xmlns="" />
          </Parent>
        </Code>
        <Code id="003013" urn="urn:sdmx:org.sdmx.infomodel.codelist.Code=IT1:CL_REFAREA(1.2).003013">
          <Name xml:lang="it" xmlns="http://www.sdmx.org/resources/sdmxml/schemas/v2_1/common">Baveno</Name>
          <Name xml:lang="en" xmlns="http://www.sdmx.org/resources/sdmxml/schemas/v2_1/common">Baveno</Name>
          <Parent>
            <Ref id="ITC15" xmlns="" />
          </Parent>
        </Code>
        <Code id="003014" urn="urn:sdmx:org.sdmx.infomodel.codelist.Code=IT1:CL_REFAREA(1.2).003014">
          <Name xml:lang="it" xmlns="http://www.sdmx.org/resources/sdmxml/schemas/v2_1/common">Bee</Name>
          <Name xml:lang="en" xmlns="http://www.sdmx.org/resources/sdmxml/schemas/v2_1/common">Bee</Name>
          <Parent>
            <Ref id="ITC15" xmlns="" />
          </Parent>
        </Code>
        <Code id="003015" urn="urn:sdmx:org.sdmx.infomodel.codelist.Code=IT1:CL_REFAREA(1.2).003015">
          <Name xml:lang="it" xmlns="http://www.sdmx.org/resources/sdmxml/schemas/v2_1/common">Belgirate</Name>
          <Name xml:lang="en" xmlns="http://www.sdmx.org/resources/sdmxml/schemas/v2_1/common">Belgirate</Name>
          <Parent>
            <Ref id="ITC15" xmlns="" />
          </Parent>
        </Code>
        <Code id="003016" urn="urn:sdmx:org.sdmx.infomodel.codelist.Code=IT1:CL_REFAREA(1.2).003016">
          <Name xml:lang="it" xmlns="http://www.sdmx.org/resources/sdmxml/schemas/v2_1/common">Bellinzago Novarese</Name>
          <Name xml:lang="en" xmlns="http://www.sdmx.org/resources/sdmxml/schemas/v2_1/common">Bellinzago Novarese</Name>
          <Parent>
            <Ref id="ITC15" xmlns="" />
          </Parent>
        </Code>
        <Code id="003017" urn="urn:sdmx:org.sdmx.infomodel.codelist.Code=IT1:CL_REFAREA(1.2).003017">
          <Name xml:lang="it" xmlns="http://www.sdmx.org/resources/sdmxml/schemas/v2_1/common">Beura-Cardezza</Name>
          <Name xml:lang="en" xmlns="http://www.sdmx.org/resources/sdmxml/schemas/v2_1/common">Beura-Cardezza</Name>
          <Parent>
            <Ref id="ITC15" xmlns="" />
          </Parent>
        </Code>
        <Code id="003018" urn="urn:sdmx:org.sdmx.infomodel.codelist.Code=IT1:CL_REFAREA(1.2).003018">
          <Name xml:lang="it" xmlns="http://www.sdmx.org/resources/sdmxml/schemas/v2_1/common">Biandrate</Name>
          <Name xml:lang="en" xmlns="http://www.sdmx.org/resources/sdmxml/schemas/v2_1/common">Biandrate</Name>
          <Parent>
            <Ref id="ITC15" xmlns="" />
          </Parent>
        </Code>
        <Code id="003019" urn="urn:sdmx:org.sdmx.infomodel.codelist.Code=IT1:CL_REFAREA(1.2).003019">
          <Name xml:lang="it" xmlns="http://www.sdmx.org/resources/sdmxml/schemas/v2_1/common">Boca</Name>
          <Name xml:lang="en" xmlns="http://www.sdmx.org/resources/sdmxml/schemas/v2_1/common">Boca</Name>
          <Parent>
            <Ref id="ITC15" xmlns="" />
          </Parent>
        </Code>
        <Code id="003020" urn="urn:sdmx:org.sdmx.infomodel.codelist.Code=IT1:CL_REFAREA(1.2).003020">
          <Name xml:lang="it" xmlns="http://www.sdmx.org/resources/sdmxml/schemas/v2_1/common">Bognanco</Name>
          <Name xml:lang="en" xmlns="http://www.sdmx.org/resources/sdmxml/schemas/v2_1/common">Bognanco</Name>
          <Parent>
            <Ref id="ITC15" xmlns="" />
          </Parent>
        </Code>
        <Code id="003021" urn="urn:sdmx:org.sdmx.infomodel.codelist.Code=IT1:CL_REFAREA(1.2).003021">
          <Name xml:lang="it" xmlns="http://www.sdmx.org/resources/sdmxml/schemas/v2_1/common">Bogogno</Name>
          <Name xml:lang="en" xmlns="http://www.sdmx.org/resources/sdmxml/schemas/v2_1/common">Bogogno</Name>
          <Parent>
            <Ref id="ITC15" xmlns="" />
          </Parent>
        </Code>
        <Code id="003022" urn="urn:sdmx:org.sdmx.infomodel.codelist.Code=IT1:CL_REFAREA(1.2).003022">
          <Name xml:lang="it" xmlns="http://www.sdmx.org/resources/sdmxml/schemas/v2_1/common">Bolzano Novarese</Name>
          <Name xml:lang="en" xmlns="http://www.sdmx.org/resources/sdmxml/schemas/v2_1/common">Bolzano Novarese</Name>
          <Parent>
            <Ref id="ITC15" xmlns="" />
          </Parent>
        </Code>
        <Code id="003023" urn="urn:sdmx:org.sdmx.infomodel.codelist.Code=IT1:CL_REFAREA(1.2).003023">
          <Name xml:lang="it" xmlns="http://www.sdmx.org/resources/sdmxml/schemas/v2_1/common">Borgolavezzaro</Name>
          <Name xml:lang="en" xmlns="http://www.sdmx.org/resources/sdmxml/schemas/v2_1/common">Borgolavezzaro</Name>
          <Parent>
            <Ref id="ITC15" xmlns="" />
          </Parent>
        </Code>
        <Code id="003024" urn="urn:sdmx:org.sdmx.infomodel.codelist.Code=IT1:CL_REFAREA(1.2).003024">
          <Name xml:lang="it" xmlns="http://www.sdmx.org/resources/sdmxml/schemas/v2_1/common">Borgomanero</Name>
          <Name xml:lang="en" xmlns="http://www.sdmx.org/resources/sdmxml/schemas/v2_1/common">Borgomanero</Name>
          <Parent>
            <Ref id="ITC15" xmlns="" />
          </Parent>
        </Code>
        <Code id="003025" urn="urn:sdmx:org.sdmx.infomodel.codelist.Code=IT1:CL_REFAREA(1.2).003025">
          <Name xml:lang="it" xmlns="http://www.sdmx.org/resources/sdmxml/schemas/v2_1/common">Borgo Ticino</Name>
          <Name xml:lang="en" xmlns="http://www.sdmx.org/resources/sdmxml/schemas/v2_1/common">Borgo Ticino</Name>
          <Parent>
            <Ref id="ITC15" xmlns="" />
          </Parent>
        </Code>
        <Code id="003026" urn="urn:sdmx:org.sdmx.infomodel.codelist.Code=IT1:CL_REFAREA(1.2).003026">
          <Name xml:lang="it" xmlns="http://www.sdmx.org/resources/sdmxml/schemas/v2_1/common">Briga Novarese</Name>
          <Name xml:lang="en" xmlns="http://www.sdmx.org/resources/sdmxml/schemas/v2_1/common">Briga Novarese</Name>
          <Parent>
            <Ref id="ITC15" xmlns="" />
          </Parent>
        </Code>
        <Code id="003027" urn="urn:sdmx:org.sdmx.infomodel.codelist.Code=IT1:CL_REFAREA(1.2).003027">
          <Name xml:lang="it" xmlns="http://www.sdmx.org/resources/sdmxml/schemas/v2_1/common">Briona</Name>
          <Name xml:lang="en" xmlns="http://www.sdmx.org/resources/sdmxml/schemas/v2_1/common">Briona</Name>
          <Parent>
            <Ref id="ITC15" xmlns="" />
          </Parent>
        </Code>
        <Code id="003028" urn="urn:sdmx:org.sdmx.infomodel.codelist.Code=IT1:CL_REFAREA(1.2).003028">
          <Name xml:lang="it" xmlns="http://www.sdmx.org/resources/sdmxml/schemas/v2_1/common">Brovello-Carpugnino</Name>
          <Name xml:lang="en" xmlns="http://www.sdmx.org/resources/sdmxml/schemas/v2_1/common">Brovello-Carpugnino</Name>
          <Parent>
            <Ref id="ITC15" xmlns="" />
          </Parent>
        </Code>
        <Code id="003029" urn="urn:sdmx:org.sdmx.infomodel.codelist.Code=IT1:CL_REFAREA(1.2).003029">
          <Name xml:lang="it" xmlns="http://www.sdmx.org/resources/sdmxml/schemas/v2_1/common">Calasca-Castiglione</Name>
          <Name xml:lang="en" xmlns="http://www.sdmx.org/resources/sdmxml/schemas/v2_1/common">Calasca-Castiglione</Name>
          <Parent>
            <Ref id="ITC15" xmlns="" />
          </Parent>
        </Code>
        <Code id="003030" urn="urn:sdmx:org.sdmx.infomodel.codelist.Code=IT1:CL_REFAREA(1.2).003030">
          <Name xml:lang="it" xmlns="http://www.sdmx.org/resources/sdmxml/schemas/v2_1/common">Caltignaga</Name>
          <Name xml:lang="en" xmlns="http://www.sdmx.org/resources/sdmxml/schemas/v2_1/common">Caltignaga</Name>
          <Parent>
            <Ref id="ITC15" xmlns="" />
          </Parent>
        </Code>
        <Code id="003031" urn="urn:sdmx:org.sdmx.infomodel.codelist.Code=IT1:CL_REFAREA(1.2).003031">
          <Name xml:lang="it" xmlns="http://www.sdmx.org/resources/sdmxml/schemas/v2_1/common">Cambiasca</Name>
          <Name xml:lang="en" xmlns="http://www.sdmx.org/resources/sdmxml/schemas/v2_1/common">Cambiasca</Name>
          <Parent>
            <Ref id="ITC15" xmlns="" />
          </Parent>
        </Code>
        <Code id="003032" urn="urn:sdmx:org.sdmx.infomodel.codelist.Code=IT1:CL_REFAREA(1.2).003032">
          <Name xml:lang="it" xmlns="http://www.sdmx.org/resources/sdmxml/schemas/v2_1/common">Cameri</Name>
          <Name xml:lang="en" xmlns="http://www.sdmx.org/resources/sdmxml/schemas/v2_1/common">Cameri</Name>
          <Parent>
            <Ref id="ITC15" xmlns="" />
          </Parent>
        </Code>
        <Code id="003033" urn="urn:sdmx:org.sdmx.infomodel.codelist.Code=IT1:CL_REFAREA(1.2).003033">
          <Name xml:lang="it" xmlns="http://www.sdmx.org/resources/sdmxml/schemas/v2_1/common">Cannero Riviera</Name>
          <Name xml:lang="en" xmlns="http://www.sdmx.org/resources/sdmxml/schemas/v2_1/common">Cannero Riviera</Name>
          <Parent>
            <Ref id="ITC15" xmlns="" />
          </Parent>
        </Code>
        <Code id="003034" urn="urn:sdmx:org.sdmx.infomodel.codelist.Code=IT1:CL_REFAREA(1.2).003034">
          <Name xml:lang="it" xmlns="http://www.sdmx.org/resources/sdmxml/schemas/v2_1/common">Cannobio</Name>
          <Name xml:lang="en" xmlns="http://www.sdmx.org/resources/sdmxml/schemas/v2_1/common">Cannobio</Name>
          <Parent>
            <Ref id="ITC15" xmlns="" />
          </Parent>
        </Code>
        <Code id="003035" urn="urn:sdmx:org.sdmx.infomodel.codelist.Code=IT1:CL_REFAREA(1.2).003035">
          <Name xml:lang="it" xmlns="http://www.sdmx.org/resources/sdmxml/schemas/v2_1/common">Caprezzo</Name>
          <Name xml:lang="en" xmlns="http://www.sdmx.org/resources/sdmxml/schemas/v2_1/common">Caprezzo</Name>
          <Parent>
            <Ref id="ITC15" xmlns="" />
          </Parent>
        </Code>
        <Code id="003036" urn="urn:sdmx:org.sdmx.infomodel.codelist.Code=IT1:CL_REFAREA(1.2).003036">
          <Name xml:lang="it" xmlns="http://www.sdmx.org/resources/sdmxml/schemas/v2_1/common">Carpignano Sesia</Name>
          <Name xml:lang="en" xmlns="http://www.sdmx.org/resources/sdmxml/schemas/v2_1/common">Carpignano Sesia</Name>
          <Parent>
            <Ref id="ITC15" xmlns="" />
          </Parent>
        </Code>
        <Code id="003037" urn="urn:sdmx:org.sdmx.infomodel.codelist.Code=IT1:CL_REFAREA(1.2).003037">
          <Name xml:lang="it" xmlns="http://www.sdmx.org/resources/sdmxml/schemas/v2_1/common">Casalbeltrame</Name>
          <Name xml:lang="en" xmlns="http://www.sdmx.org/resources/sdmxml/schemas/v2_1/common">Casalbeltrame</Name>
          <Parent>
            <Ref id="ITC15" xmlns="" />
          </Parent>
        </Code>
        <Code id="003038" urn="urn:sdmx:org.sdmx.infomodel.codelist.Code=IT1:CL_REFAREA(1.2).003038">
          <Name xml:lang="it" xmlns="http://www.sdmx.org/resources/sdmxml/schemas/v2_1/common">Casale Corte Cerro</Name>
          <Name xml:lang="en" xmlns="http://www.sdmx.org/resources/sdmxml/schemas/v2_1/common">Casale Corte Cerro</Name>
          <Parent>
            <Ref id="ITC15" xmlns="" />
          </Parent>
        </Code>
        <Code id="003039" urn="urn:sdmx:org.sdmx.infomodel.codelist.Code=IT1:CL_REFAREA(1.2).003039">
          <Name xml:lang="it" xmlns="http://www.sdmx.org/resources/sdmxml/schemas/v2_1/common">Casaleggio Novara</Name>
          <Name xml:lang="en" xmlns="http://www.sdmx.org/resources/sdmxml/schemas/v2_1/common">Casaleggio Novara</Name>
          <Parent>
            <Ref id="ITC15" xmlns="" />
          </Parent>
        </Code>
        <Code id="003040" urn="urn:sdmx:org.sdmx.infomodel.codelist.Code=IT1:CL_REFAREA(1.2).003040">
          <Name xml:lang="it" xmlns="http://www.sdmx.org/resources/sdmxml/schemas/v2_1/common">Casalino</Name>
          <Name xml:lang="en" xmlns="http://www.sdmx.org/resources/sdmxml/schemas/v2_1/common">Casalino</Name>
          <Parent>
            <Ref id="ITC15" xmlns="" />
          </Parent>
        </Code>
        <Code id="003041" urn="urn:sdmx:org.sdmx.infomodel.codelist.Code=IT1:CL_REFAREA(1.2).003041">
          <Name xml:lang="it" xmlns="http://www.sdmx.org/resources/sdmxml/schemas/v2_1/common">Casalvolone</Name>
          <Name xml:lang="en" xmlns="http://www.sdmx.org/resources/sdmxml/schemas/v2_1/common">Casalvolone</Name>
          <Parent>
            <Ref id="ITC15" xmlns="" />
          </Parent>
        </Code>
        <Code id="003042" urn="urn:sdmx:org.sdmx.infomodel.codelist.Code=IT1:CL_REFAREA(1.2).003042">
          <Name xml:lang="it" xmlns="http://www.sdmx.org/resources/sdmxml/schemas/v2_1/common">Castellazzo Novarese</Name>
          <Name xml:lang="en" xmlns="http://www.sdmx.org/resources/sdmxml/schemas/v2_1/common">Castellazzo Novarese</Name>
          <Parent>
            <Ref id="ITC15" xmlns="" />
          </Parent>
        </Code>
        <Code id="003043" urn="urn:sdmx:org.sdmx.infomodel.codelist.Code=IT1:CL_REFAREA(1.2).003043">
          <Name xml:lang="it" xmlns="http://www.sdmx.org/resources/sdmxml/schemas/v2_1/common">Castelletto sopra Ticino</Name>
          <Name xml:lang="en" xmlns="http://www.sdmx.org/resources/sdmxml/schemas/v2_1/common">Castelletto sopra Ticino</Name>
          <Parent>
            <Ref id="ITC15" xmlns="" />
          </Parent>
        </Code>
        <Code id="003044" urn="urn:sdmx:org.sdmx.infomodel.codelist.Code=IT1:CL_REFAREA(1.2).003044">
          <Name xml:lang="it" xmlns="http://www.sdmx.org/resources/sdmxml/schemas/v2_1/common">Cavaglietto</Name>
          <Name xml:lang="en" xmlns="http://www.sdmx.org/resources/sdmxml/schemas/v2_1/common">Cavaglietto</Name>
          <Parent>
            <Ref id="ITC15" xmlns="" />
          </Parent>
        </Code>
        <Code id="003045" urn="urn:sdmx:org.sdmx.infomodel.codelist.Code=IT1:CL_REFAREA(1.2).003045">
          <Name xml:lang="it" xmlns="http://www.sdmx.org/resources/sdmxml/schemas/v2_1/common">Cavaglio d'Agogna</Name>
          <Name xml:lang="en" xmlns="http://www.sdmx.org/resources/sdmxml/schemas/v2_1/common">Cavaglio d'Agogna</Name>
          <Parent>
            <Ref id="ITC15" xmlns="" />
          </Parent>
        </Code>
        <Code id="003046" urn="urn:sdmx:org.sdmx.infomodel.codelist.Code=IT1:CL_REFAREA(1.2).003046">
          <Name xml:lang="it" xmlns="http://www.sdmx.org/resources/sdmxml/schemas/v2_1/common">Cavaglio-Spoccia</Name>
          <Name xml:lang="en" xmlns="http://www.sdmx.org/resources/sdmxml/schemas/v2_1/common">Cavaglio-Spoccia</Name>
          <Parent>
            <Ref id="ITC15" xmlns="" />
          </Parent>
        </Code>
        <Code id="003047" urn="urn:sdmx:org.sdmx.infomodel.codelist.Code=IT1:CL_REFAREA(1.2).003047">
          <Name xml:lang="it" xmlns="http://www.sdmx.org/resources/sdmxml/schemas/v2_1/common">Cavallirio</Name>
          <Name xml:lang="en" xmlns="http://www.sdmx.org/resources/sdmxml/schemas/v2_1/common">Cavallirio</Name>
          <Parent>
            <Ref id="ITC15" xmlns="" />
          </Parent>
        </Code>
        <Code id="003048" urn="urn:sdmx:org.sdmx.infomodel.codelist.Code=IT1:CL_REFAREA(1.2).003048">
          <Name xml:lang="it" xmlns="http://www.sdmx.org/resources/sdmxml/schemas/v2_1/common">Ceppo Morelli</Name>
          <Name xml:lang="en" xmlns="http://www.sdmx.org/resources/sdmxml/schemas/v2_1/common">Ceppo Morelli</Name>
          <Parent>
            <Ref id="ITC15" xmlns="" />
          </Parent>
        </Code>
        <Code id="003049" urn="urn:sdmx:org.sdmx.infomodel.codelist.Code=IT1:CL_REFAREA(1.2).003049">
          <Name xml:lang="it" xmlns="http://www.sdmx.org/resources/sdmxml/schemas/v2_1/common">Cerano</Name>
          <Name xml:lang="en" xmlns="http://www.sdmx.org/resources/sdmxml/schemas/v2_1/common">Cerano</Name>
          <Parent>
            <Ref id="ITC15" xmlns="" />
          </Parent>
        </Code>
        <Code id="003050" urn="urn:sdmx:org.sdmx.infomodel.codelist.Code=IT1:CL_REFAREA(1.2).003050">
          <Name xml:lang="it" xmlns="http://www.sdmx.org/resources/sdmxml/schemas/v2_1/common">Cesara</Name>
          <Name xml:lang="en" xmlns="http://www.sdmx.org/resources/sdmxml/schemas/v2_1/common">Cesara</Name>
          <Parent>
            <Ref id="ITC15" xmlns="" />
          </Parent>
        </Code>
        <Code id="003051" urn="urn:sdmx:org.sdmx.infomodel.codelist.Code=IT1:CL_REFAREA(1.2).003051">
          <Name xml:lang="it" xmlns="http://www.sdmx.org/resources/sdmxml/schemas/v2_1/common">Colazza</Name>
          <Name xml:lang="en" xmlns="http://www.sdmx.org/resources/sdmxml/schemas/v2_1/common">Colazza</Name>
          <Parent>
            <Ref id="ITC15" xmlns="" />
          </Parent>
        </Code>
        <Code id="003052" urn="urn:sdmx:org.sdmx.infomodel.codelist.Code=IT1:CL_REFAREA(1.2).003052">
          <Name xml:lang="it" xmlns="http://www.sdmx.org/resources/sdmxml/schemas/v2_1/common">Comignago</Name>
          <Name xml:lang="en" xmlns="http://www.sdmx.org/resources/sdmxml/schemas/v2_1/common">Comignago</Name>
          <Parent>
            <Ref id="ITC15" xmlns="" />
          </Parent>
        </Code>
        <Code id="003053" urn="urn:sdmx:org.sdmx.infomodel.codelist.Code=IT1:CL_REFAREA(1.2).003053">
          <Name xml:lang="it" xmlns="http://www.sdmx.org/resources/sdmxml/schemas/v2_1/common">Cossogno</Name>
          <Name xml:lang="en" xmlns="http://www.sdmx.org/resources/sdmxml/schemas/v2_1/common">Cossogno</Name>
          <Parent>
            <Ref id="ITC15" xmlns="" />
          </Parent>
        </Code>
        <Code id="003054" urn="urn:sdmx:org.sdmx.infomodel.codelist.Code=IT1:CL_REFAREA(1.2).003054">
          <Name xml:lang="it" xmlns="http://www.sdmx.org/resources/sdmxml/schemas/v2_1/common">Craveggia</Name>
          <Name xml:lang="en" xmlns="http://www.sdmx.org/resources/sdmxml/schemas/v2_1/common">Craveggia</Name>
          <Parent>
            <Ref id="ITC15" xmlns="" />
          </Parent>
        </Code>
        <Code id="003055" urn="urn:sdmx:org.sdmx.infomodel.codelist.Code=IT1:CL_REFAREA(1.2).003055">
          <Name xml:lang="it" xmlns="http://www.sdmx.org/resources/sdmxml/schemas/v2_1/common">Cressa</Name>
          <Name xml:lang="en" xmlns="http://www.sdmx.org/resources/sdmxml/schemas/v2_1/common">Cressa</Name>
          <Parent>
            <Ref id="ITC15" xmlns="" />
          </Parent>
        </Code>
        <Code id="003056" urn="urn:sdmx:org.sdmx.infomodel.codelist.Code=IT1:CL_REFAREA(1.2).003056">
          <Name xml:lang="it" xmlns="http://www.sdmx.org/resources/sdmxml/schemas/v2_1/common">Crevoladossola</Name>
          <Name xml:lang="en" xmlns="http://www.sdmx.org/resources/sdmxml/schemas/v2_1/common">Crevoladossola</Name>
          <Parent>
            <Ref id="ITC15" xmlns="" />
          </Parent>
        </Code>
        <Code id="003057" urn="urn:sdmx:org.sdmx.infomodel.codelist.Code=IT1:CL_REFAREA(1.2).003057">
          <Name xml:lang="it" xmlns="http://www.sdmx.org/resources/sdmxml/schemas/v2_1/common">Crodo</Name>
          <Name xml:lang="en" xmlns="http://www.sdmx.org/resources/sdmxml/schemas/v2_1/common">Crodo</Name>
          <Parent>
            <Ref id="ITC15" xmlns="" />
          </Parent>
        </Code>
        <Code id="003058" urn="urn:sdmx:org.sdmx.infomodel.codelist.Code=IT1:CL_REFAREA(1.2).003058">
          <Name xml:lang="it" xmlns="http://www.sdmx.org/resources/sdmxml/schemas/v2_1/common">Cureggio</Name>
          <Name xml:lang="en" xmlns="http://www.sdmx.org/resources/sdmxml/schemas/v2_1/common">Cureggio</Name>
          <Parent>
            <Ref id="ITC15" xmlns="" />
          </Parent>
        </Code>
        <Code id="003059" urn="urn:sdmx:org.sdmx.infomodel.codelist.Code=IT1:CL_REFAREA(1.2).003059">
          <Name xml:lang="it" xmlns="http://www.sdmx.org/resources/sdmxml/schemas/v2_1/common">Cursolo-Orasso</Name>
          <Name xml:lang="en" xmlns="http://www.sdmx.org/resources/sdmxml/schemas/v2_1/common">Cursolo-Orasso</Name>
          <Parent>
            <Ref id="ITC15" xmlns="" />
          </Parent>
        </Code>
        <Code id="003060" urn="urn:sdmx:org.sdmx.infomodel.codelist.Code=IT1:CL_REFAREA(1.2).003060">
          <Name xml:lang="it" xmlns="http://www.sdmx.org/resources/sdmxml/schemas/v2_1/common">Divignano</Name>
          <Name xml:lang="en" xmlns="http://www.sdmx.org/resources/sdmxml/schemas/v2_1/common">Divignano</Name>
          <Parent>
            <Ref id="ITC15" xmlns="" />
          </Parent>
        </Code>
        <Code id="003061" urn="urn:sdmx:org.sdmx.infomodel.codelist.Code=IT1:CL_REFAREA(1.2).003061">
          <Name xml:lang="it" xmlns="http://www.sdmx.org/resources/sdmxml/schemas/v2_1/common">Domodossola</Name>
          <Name xml:lang="en" xmlns="http://www.sdmx.org/resources/sdmxml/schemas/v2_1/common">Domodossola</Name>
          <Parent>
            <Ref id="ITC15" xmlns="" />
          </Parent>
        </Code>
        <Code id="003062" urn="urn:sdmx:org.sdmx.infomodel.codelist.Code=IT1:CL_REFAREA(1.2).003062">
          <Name xml:lang="it" xmlns="http://www.sdmx.org/resources/sdmxml/schemas/v2_1/common">Dormelletto</Name>
          <Name xml:lang="en" xmlns="http://www.sdmx.org/resources/sdmxml/schemas/v2_1/common">Dormelletto</Name>
          <Parent>
            <Ref id="ITC15" xmlns="" />
          </Parent>
        </Code>
        <Code id="003063" urn="urn:sdmx:org.sdmx.infomodel.codelist.Code=IT1:CL_REFAREA(1.2).003063">
          <Name xml:lang="it" xmlns="http://www.sdmx.org/resources/sdmxml/schemas/v2_1/common">Druogno</Name>
          <Name xml:lang="en" xmlns="http://www.sdmx.org/resources/sdmxml/schemas/v2_1/common">Druogno</Name>
          <Parent>
            <Ref id="ITC15" xmlns="" />
          </Parent>
        </Code>
        <Code id="003064" urn="urn:sdmx:org.sdmx.infomodel.codelist.Code=IT1:CL_REFAREA(1.2).003064">
          <Name xml:lang="it" xmlns="http://www.sdmx.org/resources/sdmxml/schemas/v2_1/common">Falmenta</Name>
          <Name xml:lang="en" xmlns="http://www.sdmx.org/resources/sdmxml/schemas/v2_1/common">Falmenta</Name>
          <Parent>
            <Ref id="ITC15" xmlns="" />
          </Parent>
        </Code>
        <Code id="003065" urn="urn:sdmx:org.sdmx.infomodel.codelist.Code=IT1:CL_REFAREA(1.2).003065">
          <Name xml:lang="it" xmlns="http://www.sdmx.org/resources/sdmxml/schemas/v2_1/common">Fara Novarese</Name>
          <Name xml:lang="en" xmlns="http://www.sdmx.org/resources/sdmxml/schemas/v2_1/common">Fara Novarese</Name>
          <Parent>
            <Ref id="ITC15" xmlns="" />
          </Parent>
        </Code>
        <Code id="003066" urn="urn:sdmx:org.sdmx.infomodel.codelist.Code=IT1:CL_REFAREA(1.2).003066">
          <Name xml:lang="it" xmlns="http://www.sdmx.org/resources/sdmxml/schemas/v2_1/common">Fontaneto d'Agogna</Name>
          <Name xml:lang="en" xmlns="http://www.sdmx.org/resources/sdmxml/schemas/v2_1/common">Fontaneto d'Agogna</Name>
          <Parent>
            <Ref id="ITC15" xmlns="" />
          </Parent>
        </Code>
        <Code id="003067" urn="urn:sdmx:org.sdmx.infomodel.codelist.Code=IT1:CL_REFAREA(1.2).003067">
          <Name xml:lang="it" xmlns="http://www.sdmx.org/resources/sdmxml/schemas/v2_1/common">Formazza</Name>
          <Name xml:lang="en" xmlns="http://www.sdmx.org/resources/sdmxml/schemas/v2_1/common">Formazza</Name>
          <Parent>
            <Ref id="ITC15" xmlns="" />
          </Parent>
        </Code>
        <Code id="003068" urn="urn:sdmx:org.sdmx.infomodel.codelist.Code=IT1:CL_REFAREA(1.2).003068">
          <Name xml:lang="it" xmlns="http://www.sdmx.org/resources/sdmxml/schemas/v2_1/common">Galliate</Name>
          <Name xml:lang="en" xmlns="http://www.sdmx.org/resources/sdmxml/schemas/v2_1/common">Galliate</Name>
          <Parent>
            <Ref id="ITC15" xmlns="" />
          </Parent>
        </Code>
        <Code id="003069" urn="urn:sdmx:org.sdmx.infomodel.codelist.Code=IT1:CL_REFAREA(1.2).003069">
          <Name xml:lang="it" xmlns="http://www.sdmx.org/resources/sdmxml/schemas/v2_1/common">Garbagna Novarese</Name>
          <Name xml:lang="en" xmlns="http://www.sdmx.org/resources/sdmxml/schemas/v2_1/common">Garbagna Novarese</Name>
          <Parent>
            <Ref id="ITC15" xmlns="" />
          </Parent>
        </Code>
        <Code id="003070" urn="urn:sdmx:org.sdmx.infomodel.codelist.Code=IT1:CL_REFAREA(1.2).003070">
          <Name xml:lang="it" xmlns="http://www.sdmx.org/resources/sdmxml/schemas/v2_1/common">Gargallo</Name>
          <Name xml:lang="en" xmlns="http://www.sdmx.org/resources/sdmxml/schemas/v2_1/common">Gargallo</Name>
          <Parent>
            <Ref id="ITC15" xmlns="" />
          </Parent>
        </Code>
        <Code id="003071" urn="urn:sdmx:org.sdmx.infomodel.codelist.Code=IT1:CL_REFAREA(1.2).003071">
          <Name xml:lang="it" xmlns="http://www.sdmx.org/resources/sdmxml/schemas/v2_1/common">Gattico</Name>
          <Name xml:lang="en" xmlns="http://www.sdmx.org/resources/sdmxml/schemas/v2_1/common">Gattico</Name>
          <Parent>
            <Ref id="ITC15" xmlns="" />
          </Parent>
        </Code>
        <Code id="003072" urn="urn:sdmx:org.sdmx.infomodel.codelist.Code=IT1:CL_REFAREA(1.2).003072">
          <Name xml:lang="it" xmlns="http://www.sdmx.org/resources/sdmxml/schemas/v2_1/common">Germagno</Name>
          <Name xml:lang="en" xmlns="http://www.sdmx.org/resources/sdmxml/schemas/v2_1/common">Germagno</Name>
          <Parent>
            <Ref id="ITC15" xmlns="" />
          </Parent>
        </Code>
        <Code id="003073" urn="urn:sdmx:org.sdmx.infomodel.codelist.Code=IT1:CL_REFAREA(1.2).003073">
          <Name xml:lang="it" xmlns="http://www.sdmx.org/resources/sdmxml/schemas/v2_1/common">Ghemme</Name>
          <Name xml:lang="en" xmlns="http://www.sdmx.org/resources/sdmxml/schemas/v2_1/common">Ghemme</Name>
          <Parent>
            <Ref id="ITC15" xmlns="" />
          </Parent>
        </Code>
        <Code id="003074" urn="urn:sdmx:org.sdmx.infomodel.codelist.Code=IT1:CL_REFAREA(1.2).003074">
          <Name xml:lang="it" xmlns="http://www.sdmx.org/resources/sdmxml/schemas/v2_1/common">Ghiffa</Name>
          <Name xml:lang="en" xmlns="http://www.sdmx.org/resources/sdmxml/schemas/v2_1/common">Ghiffa</Name>
          <Parent>
            <Ref id="ITC15" xmlns="" />
          </Parent>
        </Code>
        <Code id="003075" urn="urn:sdmx:org.sdmx.infomodel.codelist.Code=IT1:CL_REFAREA(1.2).003075">
          <Name xml:lang="it" xmlns="http://www.sdmx.org/resources/sdmxml/schemas/v2_1/common">Gignese</Name>
          <Name xml:lang="en" xmlns="http://www.sdmx.org/resources/sdmxml/schemas/v2_1/common">Gignese</Name>
          <Parent>
            <Ref id="ITC15" xmlns="" />
          </Parent>
        </Code>
        <Code id="003076" urn="urn:sdmx:org.sdmx.infomodel.codelist.Code=IT1:CL_REFAREA(1.2).003076">
          <Name xml:lang="it" xmlns="http://www.sdmx.org/resources/sdmxml/schemas/v2_1/common">Gozzano</Name>
          <Name xml:lang="en" xmlns="http://www.sdmx.org/resources/sdmxml/schemas/v2_1/common">Gozzano</Name>
          <Parent>
            <Ref id="ITC15" xmlns="" />
          </Parent>
        </Code>
        <Code id="003077" urn="urn:sdmx:org.sdmx.infomodel.codelist.Code=IT1:CL_REFAREA(1.2).003077">
          <Name xml:lang="it" xmlns="http://www.sdmx.org/resources/sdmxml/schemas/v2_1/common">Granozzo con Monticello</Name>
          <Name xml:lang="en" xmlns="http://www.sdmx.org/resources/sdmxml/schemas/v2_1/common">Granozzo con Monticello</Name>
          <Parent>
            <Ref id="ITC15" xmlns="" />
          </Parent>
        </Code>
        <Code id="003078" urn="urn:sdmx:org.sdmx.infomodel.codelist.Code=IT1:CL_REFAREA(1.2).003078">
          <Name xml:lang="it" xmlns="http://www.sdmx.org/resources/sdmxml/schemas/v2_1/common">Gravellona Toce</Name>
          <Name xml:lang="en" xmlns="http://www.sdmx.org/resources/sdmxml/schemas/v2_1/common">Gravellona Toce</Name>
          <Parent>
            <Ref id="ITC15" xmlns="" />
          </Parent>
        </Code>
        <Code id="003079" urn="urn:sdmx:org.sdmx.infomodel.codelist.Code=IT1:CL_REFAREA(1.2).003079">
          <Name xml:lang="it" xmlns="http://www.sdmx.org/resources/sdmxml/schemas/v2_1/common">Grignasco</Name>
          <Name xml:lang="en" xmlns="http://www.sdmx.org/resources/sdmxml/schemas/v2_1/common">Grignasco</Name>
          <Parent>
            <Ref id="ITC15" xmlns="" />
          </Parent>
        </Code>
        <Code id="003080" urn="urn:sdmx:org.sdmx.infomodel.codelist.Code=IT1:CL_REFAREA(1.2).003080">
          <Name xml:lang="it" xmlns="http://www.sdmx.org/resources/sdmxml/schemas/v2_1/common">Gurro</Name>
          <Name xml:lang="en" xmlns="http://www.sdmx.org/resources/sdmxml/schemas/v2_1/common">Gurro</Name>
          <Parent>
            <Ref id="ITC15" xmlns="" />
          </Parent>
        </Code>
        <Code id="003081" urn="urn:sdmx:org.sdmx.infomodel.codelist.Code=IT1:CL_REFAREA(1.2).003081">
          <Name xml:lang="it" xmlns="http://www.sdmx.org/resources/sdmxml/schemas/v2_1/common">Intragna</Name>
          <Name xml:lang="en" xmlns="http://www.sdmx.org/resources/sdmxml/schemas/v2_1/common">Intragna</Name>
          <Parent>
            <Ref id="ITC15" xmlns="" />
          </Parent>
        </Code>
        <Code id="003082" urn="urn:sdmx:org.sdmx.infomodel.codelist.Code=IT1:CL_REFAREA(1.2).003082">
          <Name xml:lang="it" xmlns="http://www.sdmx.org/resources/sdmxml/schemas/v2_1/common">Invorio</Name>
          <Name xml:lang="en" xmlns="http://www.sdmx.org/resources/sdmxml/schemas/v2_1/common">Invorio</Name>
          <Parent>
            <Ref id="ITC15" xmlns="" />
          </Parent>
        </Code>
        <Code id="003083" urn="urn:sdmx:org.sdmx.infomodel.codelist.Code=IT1:CL_REFAREA(1.2).003083">
          <Name xml:lang="it" xmlns="http://www.sdmx.org/resources/sdmxml/schemas/v2_1/common">Landiona</Name>
          <Name xml:lang="en" xmlns="http://www.sdmx.org/resources/sdmxml/schemas/v2_1/common">Landiona</Name>
          <Parent>
            <Ref id="ITC15" xmlns="" />
          </Parent>
        </Code>
        <Code id="003084" urn="urn:sdmx:org.sdmx.infomodel.codelist.Code=IT1:CL_REFAREA(1.2).003084">
          <Name xml:lang="it" xmlns="http://www.sdmx.org/resources/sdmxml/schemas/v2_1/common">Lesa</Name>
          <Name xml:lang="en" xmlns="http://www.sdmx.org/resources/sdmxml/schemas/v2_1/common">Lesa</Name>
          <Parent>
            <Ref id="ITC15" xmlns="" />
          </Parent>
        </Code>
        <Code id="003085" urn="urn:sdmx:org.sdmx.infomodel.codelist.Code=IT1:CL_REFAREA(1.2).003085">
          <Name xml:lang="it" xmlns="http://www.sdmx.org/resources/sdmxml/schemas/v2_1/common">Loreglia</Name>
          <Name xml:lang="en" xmlns="http://www.sdmx.org/resources/sdmxml/schemas/v2_1/common">Loreglia</Name>
          <Parent>
            <Ref id="ITC15" xmlns="" />
          </Parent>
        </Code>
        <Code id="003086" urn="urn:sdmx:org.sdmx.infomodel.codelist.Code=IT1:CL_REFAREA(1.2).003086">
          <Name xml:lang="it" xmlns="http://www.sdmx.org/resources/sdmxml/schemas/v2_1/common">Macugnaga</Name>
          <Name xml:lang="en" xmlns="http://www.sdmx.org/resources/sdmxml/schemas/v2_1/common">Macugnaga</Name>
          <Parent>
            <Ref id="ITC15" xmlns="" />
          </Parent>
        </Code>
        <Code id="003087" urn="urn:sdmx:org.sdmx.infomodel.codelist.Code=IT1:CL_REFAREA(1.2).003087">
          <Name xml:lang="it" xmlns="http://www.sdmx.org/resources/sdmxml/schemas/v2_1/common">Madonna del Sasso</Name>
          <Name xml:lang="en" xmlns="http://www.sdmx.org/resources/sdmxml/schemas/v2_1/common">Madonna del Sasso</Name>
          <Parent>
            <Ref id="ITC15" xmlns="" />
          </Parent>
        </Code>
        <Code id="003088" urn="urn:sdmx:org.sdmx.infomodel.codelist.Code=IT1:CL_REFAREA(1.2).003088">
          <Name xml:lang="it" xmlns="http://www.sdmx.org/resources/sdmxml/schemas/v2_1/common">Maggiora</Name>
          <Name xml:lang="en" xmlns="http://www.sdmx.org/resources/sdmxml/schemas/v2_1/common">Maggiora</Name>
          <Parent>
            <Ref id="ITC15" xmlns="" />
          </Parent>
        </Code>
        <Code id="003089" urn="urn:sdmx:org.sdmx.infomodel.codelist.Code=IT1:CL_REFAREA(1.2).003089">
          <Name xml:lang="it" xmlns="http://www.sdmx.org/resources/sdmxml/schemas/v2_1/common">Malesco</Name>
          <Name xml:lang="en" xmlns="http://www.sdmx.org/resources/sdmxml/schemas/v2_1/common">Malesco</Name>
          <Parent>
            <Ref id="ITC15" xmlns="" />
          </Parent>
        </Code>
        <Code id="003090" urn="urn:sdmx:org.sdmx.infomodel.codelist.Code=IT1:CL_REFAREA(1.2).003090">
          <Name xml:lang="it" xmlns="http://www.sdmx.org/resources/sdmxml/schemas/v2_1/common">Mandello Vitta</Name>
          <Name xml:lang="en" xmlns="http://www.sdmx.org/resources/sdmxml/schemas/v2_1/common">Mandello Vitta</Name>
          <Parent>
            <Ref id="ITC15" xmlns="" />
          </Parent>
        </Code>
        <Code id="003091" urn="urn:sdmx:org.sdmx.infomodel.codelist.Code=IT1:CL_REFAREA(1.2).003091">
          <Name xml:lang="it" xmlns="http://www.sdmx.org/resources/sdmxml/schemas/v2_1/common">Marano Ticino</Name>
          <Name xml:lang="en" xmlns="http://www.sdmx.org/resources/sdmxml/schemas/v2_1/common">Marano Ticino</Name>
          <Parent>
            <Ref id="ITC15" xmlns="" />
          </Parent>
        </Code>
        <Code id="003092" urn="urn:sdmx:org.sdmx.infomodel.codelist.Code=IT1:CL_REFAREA(1.2).003092">
          <Name xml:lang="it" xmlns="http://www.sdmx.org/resources/sdmxml/schemas/v2_1/common">Masera</Name>
          <Name xml:lang="en" xmlns="http://www.sdmx.org/resources/sdmxml/schemas/v2_1/common">Masera</Name>
          <Parent>
            <Ref id="ITC15" xmlns="" />
          </Parent>
        </Code>
        <Code id="003093" urn="urn:sdmx:org.sdmx.infomodel.codelist.Code=IT1:CL_REFAREA(1.2).003093">
          <Name xml:lang="it" xmlns="http://www.sdmx.org/resources/sdmxml/schemas/v2_1/common">Massino Visconti</Name>
          <Name xml:lang="en" xmlns="http://www.sdmx.org/resources/sdmxml/schemas/v2_1/common">Massino Visconti</Name>
          <Parent>
            <Ref id="ITC15" xmlns="" />
          </Parent>
        </Code>
        <Code id="003094" urn="urn:sdmx:org.sdmx.infomodel.codelist.Code=IT1:CL_REFAREA(1.2).003094">
          <Name xml:lang="it" xmlns="http://www.sdmx.org/resources/sdmxml/schemas/v2_1/common">Massiola</Name>
          <Name xml:lang="en" xmlns="http://www.sdmx.org/resources/sdmxml/schemas/v2_1/common">Massiola</Name>
          <Parent>
            <Ref id="ITC15" xmlns="" />
          </Parent>
        </Code>
        <Code id="003095" urn="urn:sdmx:org.sdmx.infomodel.codelist.Code=IT1:CL_REFAREA(1.2).003095">
          <Name xml:lang="it" xmlns="http://www.sdmx.org/resources/sdmxml/schemas/v2_1/common">Meina</Name>
          <Name xml:lang="en" xmlns="http://www.sdmx.org/resources/sdmxml/schemas/v2_1/common">Meina</Name>
          <Parent>
            <Ref id="ITC15" xmlns="" />
          </Parent>
        </Code>
        <Code id="003096" urn="urn:sdmx:org.sdmx.infomodel.codelist.Code=IT1:CL_REFAREA(1.2).003096">
          <Name xml:lang="it" xmlns="http://www.sdmx.org/resources/sdmxml/schemas/v2_1/common">Mergozzo</Name>
          <Name xml:lang="en" xmlns="http://www.sdmx.org/resources/sdmxml/schemas/v2_1/common">Mergozzo</Name>
          <Parent>
            <Ref id="ITC15" xmlns="" />
          </Parent>
        </Code>
        <Code id="003097" urn="urn:sdmx:org.sdmx.infomodel.codelist.Code=IT1:CL_REFAREA(1.2).003097">
          <Name xml:lang="it" xmlns="http://www.sdmx.org/resources/sdmxml/schemas/v2_1/common">Mezzomerico</Name>
          <Name xml:lang="en" xmlns="http://www.sdmx.org/resources/sdmxml/schemas/v2_1/common">Mezzomerico</Name>
          <Parent>
            <Ref id="ITC15" xmlns="" />
          </Parent>
        </Code>
        <Code id="003098" urn="urn:sdmx:org.sdmx.infomodel.codelist.Code=IT1:CL_REFAREA(1.2).003098">
          <Name xml:lang="it" xmlns="http://www.sdmx.org/resources/sdmxml/schemas/v2_1/common">Miasino</Name>
          <Name xml:lang="en" xmlns="http://www.sdmx.org/resources/sdmxml/schemas/v2_1/common">Miasino</Name>
          <Parent>
            <Ref id="ITC15" xmlns="" />
          </Parent>
        </Code>
        <Code id="003099" urn="urn:sdmx:org.sdmx.infomodel.codelist.Code=IT1:CL_REFAREA(1.2).003099">
          <Name xml:lang="it" xmlns="http://www.sdmx.org/resources/sdmxml/schemas/v2_1/common">Miazzina</Name>
          <Name xml:lang="en" xmlns="http://www.sdmx.org/resources/sdmxml/schemas/v2_1/common">Miazzina</Name>
          <Parent>
            <Ref id="ITC15" xmlns="" />
          </Parent>
        </Code>
        <Code id="003100" urn="urn:sdmx:org.sdmx.infomodel.codelist.Code=IT1:CL_REFAREA(1.2).003100">
          <Name xml:lang="it" xmlns="http://www.sdmx.org/resources/sdmxml/schemas/v2_1/common">Momo</Name>
          <Name xml:lang="en" xmlns="http://www.sdmx.org/resources/sdmxml/schemas/v2_1/common">Momo</Name>
          <Parent>
            <Ref id="ITC15" xmlns="" />
          </Parent>
        </Code>
        <Code id="003101" urn="urn:sdmx:org.sdmx.infomodel.codelist.Code=IT1:CL_REFAREA(1.2).003101">
          <Name xml:lang="it" xmlns="http://www.sdmx.org/resources/sdmxml/schemas/v2_1/common">Montecrestese</Name>
          <Name xml:lang="en" xmlns="http://www.sdmx.org/resources/sdmxml/schemas/v2_1/common">Montecrestese</Name>
          <Parent>
            <Ref id="ITC15" xmlns="" />
          </Parent>
        </Code>
        <Code id="003102" urn="urn:sdmx:org.sdmx.infomodel.codelist.Code=IT1:CL_REFAREA(1.2).003102">
          <Name xml:lang="it" xmlns="http://www.sdmx.org/resources/sdmxml/schemas/v2_1/common">Montescheno</Name>
          <Name xml:lang="en" xmlns="http://www.sdmx.org/resources/sdmxml/schemas/v2_1/common">Montescheno</Name>
          <Parent>
            <Ref id="ITC15" xmlns="" />
          </Parent>
        </Code>
        <Code id="003103" urn="urn:sdmx:org.sdmx.infomodel.codelist.Code=IT1:CL_REFAREA(1.2).003103">
          <Name xml:lang="it" xmlns="http://www.sdmx.org/resources/sdmxml/schemas/v2_1/common">Nebbiuno</Name>
          <Name xml:lang="en" xmlns="http://www.sdmx.org/resources/sdmxml/schemas/v2_1/common">Nebbiuno</Name>
          <Parent>
            <Ref id="ITC15" xmlns="" />
          </Parent>
        </Code>
        <Code id="003104" urn="urn:sdmx:org.sdmx.infomodel.codelist.Code=IT1:CL_REFAREA(1.2).003104">
          <Name xml:lang="it" xmlns="http://www.sdmx.org/resources/sdmxml/schemas/v2_1/common">Nibbiola</Name>
          <Name xml:lang="en" xmlns="http://www.sdmx.org/resources/sdmxml/schemas/v2_1/common">Nibbiola</Name>
          <Parent>
            <Ref id="ITC15" xmlns="" />
          </Parent>
        </Code>
        <Code id="003105" urn="urn:sdmx:org.sdmx.infomodel.codelist.Code=IT1:CL_REFAREA(1.2).003105">
          <Name xml:lang="it" xmlns="http://www.sdmx.org/resources/sdmxml/schemas/v2_1/common">Nonio</Name>
          <Name xml:lang="en" xmlns="http://www.sdmx.org/resources/sdmxml/schemas/v2_1/common">Nonio</Name>
          <Parent>
            <Ref id="ITC15" xmlns="" />
          </Parent>
        </Code>
        <Code id="003106" urn="urn:sdmx:org.sdmx.infomodel.codelist.Code=IT1:CL_REFAREA(1.2).003106">
          <Name xml:lang="it" xmlns="http://www.sdmx.org/resources/sdmxml/schemas/v2_1/common">Novara</Name>
          <Name xml:lang="en" xmlns="http://www.sdmx.org/resources/sdmxml/schemas/v2_1/common">Novara</Name>
          <Parent>
            <Ref id="ITC15" xmlns="" />
          </Parent>
        </Code>
        <Code id="003107" urn="urn:sdmx:org.sdmx.infomodel.codelist.Code=IT1:CL_REFAREA(1.2).003107">
          <Name xml:lang="it" xmlns="http://www.sdmx.org/resources/sdmxml/schemas/v2_1/common">Oggebbio</Name>
          <Name xml:lang="en" xmlns="http://www.sdmx.org/resources/sdmxml/schemas/v2_1/common">Oggebbio</Name>
          <Parent>
            <Ref id="ITC15" xmlns="" />
          </Parent>
        </Code>
        <Code id="003108" urn="urn:sdmx:org.sdmx.infomodel.codelist.Code=IT1:CL_REFAREA(1.2).003108">
          <Name xml:lang="it" xmlns="http://www.sdmx.org/resources/sdmxml/schemas/v2_1/common">Oleggio</Name>
          <Name xml:lang="en" xmlns="http://www.sdmx.org/resources/sdmxml/schemas/v2_1/common">Oleggio</Name>
          <Parent>
            <Ref id="ITC15" xmlns="" />
          </Parent>
        </Code>
        <Code id="003109" urn="urn:sdmx:org.sdmx.infomodel.codelist.Code=IT1:CL_REFAREA(1.2).003109">
          <Name xml:lang="it" xmlns="http://www.sdmx.org/resources/sdmxml/schemas/v2_1/common">Oleggio Castello</Name>
          <Name xml:lang="en" xmlns="http://www.sdmx.org/resources/sdmxml/schemas/v2_1/common">Oleggio Castello</Name>
          <Parent>
            <Ref id="ITC15" xmlns="" />
          </Parent>
        </Code>
        <Code id="003110" urn="urn:sdmx:org.sdmx.infomodel.codelist.Code=IT1:CL_REFAREA(1.2).003110">
          <Name xml:lang="it" xmlns="http://www.sdmx.org/resources/sdmxml/schemas/v2_1/common">Omegna</Name>
          <Name xml:lang="en" xmlns="http://www.sdmx.org/resources/sdmxml/schemas/v2_1/common">Omegna</Name>
          <Parent>
            <Ref id="ITC15" xmlns="" />
          </Parent>
        </Code>
        <Code id="003111" urn="urn:sdmx:org.sdmx.infomodel.codelist.Code=IT1:CL_REFAREA(1.2).003111">
          <Name xml:lang="it" xmlns="http://www.sdmx.org/resources/sdmxml/schemas/v2_1/common">Ornavasso</Name>
          <Name xml:lang="en" xmlns="http://www.sdmx.org/resources/sdmxml/schemas/v2_1/common">Ornavasso</Name>
          <Parent>
            <Ref id="ITC15" xmlns="" />
          </Parent>
        </Code>
        <Code id="003112" urn="urn:sdmx:org.sdmx.infomodel.codelist.Code=IT1:CL_REFAREA(1.2).003112">
          <Name xml:lang="it" xmlns="http://www.sdmx.org/resources/sdmxml/schemas/v2_1/common">Orta San Giulio</Name>
          <Name xml:lang="en" xmlns="http://www.sdmx.org/resources/sdmxml/schemas/v2_1/common">Orta San Giulio</Name>
          <Parent>
            <Ref id="ITC15" xmlns="" />
          </Parent>
        </Code>
        <Code id="003113" urn="urn:sdmx:org.sdmx.infomodel.codelist.Code=IT1:CL_REFAREA(1.2).003113">
          <Name xml:lang="it" xmlns="http://www.sdmx.org/resources/sdmxml/schemas/v2_1/common">Pallanzeno</Name>
          <Name xml:lang="en" xmlns="http://www.sdmx.org/resources/sdmxml/schemas/v2_1/common">Pallanzeno</Name>
          <Parent>
            <Ref id="ITC15" xmlns="" />
          </Parent>
        </Code>
        <Code id="003114" urn="urn:sdmx:org.sdmx.infomodel.codelist.Code=IT1:CL_REFAREA(1.2).003114">
          <Name xml:lang="it" xmlns="http://www.sdmx.org/resources/sdmxml/schemas/v2_1/common">Paruzzaro</Name>
          <Name xml:lang="en" xmlns="http://www.sdmx.org/resources/sdmxml/schemas/v2_1/common">Paruzzaro</Name>
          <Parent>
            <Ref id="ITC15" xmlns="" />
          </Parent>
        </Code>
        <Code id="003115" urn="urn:sdmx:org.sdmx.infomodel.codelist.Code=IT1:CL_REFAREA(1.2).003115">
          <Name xml:lang="it" xmlns="http://www.sdmx.org/resources/sdmxml/schemas/v2_1/common">Pella</Name>
          <Name xml:lang="en" xmlns="http://www.sdmx.org/resources/sdmxml/schemas/v2_1/common">Pella</Name>
          <Parent>
            <Ref id="ITC15" xmlns="" />
          </Parent>
        </Code>
        <Code id="003116" urn="urn:sdmx:org.sdmx.infomodel.codelist.Code=IT1:CL_REFAREA(1.2).003116">
          <Name xml:lang="it" xmlns="http://www.sdmx.org/resources/sdmxml/schemas/v2_1/common">Pettenasco</Name>
          <Name xml:lang="en" xmlns="http://www.sdmx.org/resources/sdmxml/schemas/v2_1/common">Pettenasco</Name>
          <Parent>
            <Ref id="ITC15" xmlns="" />
          </Parent>
        </Code>
        <Code id="003117" urn="urn:sdmx:org.sdmx.infomodel.codelist.Code=IT1:CL_REFAREA(1.2).003117">
          <Name xml:lang="it" xmlns="http://www.sdmx.org/resources/sdmxml/schemas/v2_1/common">Piedimulera</Name>
          <Name xml:lang="en" xmlns="http://www.sdmx.org/resources/sdmxml/schemas/v2_1/common">Piedimulera</Name>
          <Parent>
            <Ref id="ITC15" xmlns="" />
          </Parent>
        </Code>
        <Code id="003118" urn="urn:sdmx:org.sdmx.infomodel.codelist.Code=IT1:CL_REFAREA(1.2).003118">
          <Name xml:lang="it" xmlns="http://www.sdmx.org/resources/sdmxml/schemas/v2_1/common">Pieve Vergonte</Name>
          <Name xml:lang="en" xmlns="http://www.sdmx.org/resources/sdmxml/schemas/v2_1/common">Pieve Vergonte</Name>
          <Parent>
            <Ref id="ITC15" xmlns="" />
          </Parent>
        </Code>
        <Code id="003119" urn="urn:sdmx:org.sdmx.infomodel.codelist.Code=IT1:CL_REFAREA(1.2).003119">
          <Name xml:lang="it" xmlns="http://www.sdmx.org/resources/sdmxml/schemas/v2_1/common">Pisano</Name>
          <Name xml:lang="en" xmlns="http://www.sdmx.org/resources/sdmxml/schemas/v2_1/common">Pisano</Name>
          <Parent>
            <Ref id="ITC15" xmlns="" />
          </Parent>
        </Code>
        <Code id="003120" urn="urn:sdmx:org.sdmx.infomodel.codelist.Code=IT1:CL_REFAREA(1.2).003120">
          <Name xml:lang="it" xmlns="http://www.sdmx.org/resources/sdmxml/schemas/v2_1/common">Pogno</Name>
          <Name xml:lang="en" xmlns="http://www.sdmx.org/resources/sdmxml/schemas/v2_1/common">Pogno</Name>
          <Parent>
            <Ref id="ITC15" xmlns="" />
          </Parent>
        </Code>
        <Code id="003121" urn="urn:sdmx:org.sdmx.infomodel.codelist.Code=IT1:CL_REFAREA(1.2).003121">
          <Name xml:lang="it" xmlns="http://www.sdmx.org/resources/sdmxml/schemas/v2_1/common">Pombia</Name>
          <Name xml:lang="en" xmlns="http://www.sdmx.org/resources/sdmxml/schemas/v2_1/common">Pombia</Name>
          <Parent>
            <Ref id="ITC15" xmlns="" />
          </Parent>
        </Code>
        <Code id="003122" urn="urn:sdmx:org.sdmx.infomodel.codelist.Code=IT1:CL_REFAREA(1.2).003122">
          <Name xml:lang="it" xmlns="http://www.sdmx.org/resources/sdmxml/schemas/v2_1/common">Prato Sesia</Name>
          <Name xml:lang="en" xmlns="http://www.sdmx.org/resources/sdmxml/schemas/v2_1/common">Prato Sesia</Name>
          <Parent>
            <Ref id="ITC15" xmlns="" />
          </Parent>
        </Code>
        <Code id="003123" urn="urn:sdmx:org.sdmx.infomodel.codelist.Code=IT1:CL_REFAREA(1.2).003123">
          <Name xml:lang="it" xmlns="http://www.sdmx.org/resources/sdmxml/schemas/v2_1/common">Premeno</Name>
          <Name xml:lang="en" xmlns="http://www.sdmx.org/resources/sdmxml/schemas/v2_1/common">Premeno</Name>
          <Parent>
            <Ref id="ITC15" xmlns="" />
          </Parent>
        </Code>
        <Code id="003124" urn="urn:sdmx:org.sdmx.infomodel.codelist.Code=IT1:CL_REFAREA(1.2).003124">
          <Name xml:lang="it" xmlns="http://www.sdmx.org/resources/sdmxml/schemas/v2_1/common">Premia</Name>
          <Name xml:lang="en" xmlns="http://www.sdmx.org/resources/sdmxml/schemas/v2_1/common">Premia</Name>
          <Parent>
            <Ref id="ITC15" xmlns="" />
          </Parent>
        </Code>
        <Code id="003125" urn="urn:sdmx:org.sdmx.infomodel.codelist.Code=IT1:CL_REFAREA(1.2).003125">
          <Name xml:lang="it" xmlns="http://www.sdmx.org/resources/sdmxml/schemas/v2_1/common">Premosello-Chiovenda</Name>
          <Name xml:lang="en" xmlns="http://www.sdmx.org/resources/sdmxml/schemas/v2_1/common">Premosello-Chiovenda</Name>
          <Parent>
            <Ref id="ITC15" xmlns="" />
          </Parent>
        </Code>
        <Code id="003126" urn="urn:sdmx:org.sdmx.infomodel.codelist.Code=IT1:CL_REFAREA(1.2).003126">
          <Name xml:lang="it" xmlns="http://www.sdmx.org/resources/sdmxml/schemas/v2_1/common">Quarna Sopra</Name>
          <Name xml:lang="en" xmlns="http://www.sdmx.org/resources/sdmxml/schemas/v2_1/common">Quarna Sopra</Name>
          <Parent>
            <Ref id="ITC15" xmlns="" />
          </Parent>
        </Code>
        <Code id="003127" urn="urn:sdmx:org.sdmx.infomodel.codelist.Code=IT1:CL_REFAREA(1.2).003127">
          <Name xml:lang="it" xmlns="http://www.sdmx.org/resources/sdmxml/schemas/v2_1/common">Quarna Sotto</Name>
          <Name xml:lang="en" xmlns="http://www.sdmx.org/resources/sdmxml/schemas/v2_1/common">Quarna Sotto</Name>
          <Parent>
            <Ref id="ITC15" xmlns="" />
          </Parent>
        </Code>
        <Code id="003128" urn="urn:sdmx:org.sdmx.infomodel.codelist.Code=IT1:CL_REFAREA(1.2).003128">
          <Name xml:lang="it" xmlns="http://www.sdmx.org/resources/sdmxml/schemas/v2_1/common">Re</Name>
          <Name xml:lang="en" xmlns="http://www.sdmx.org/resources/sdmxml/schemas/v2_1/common">Re</Name>
          <Parent>
            <Ref id="ITC15" xmlns="" />
          </Parent>
        </Code>
        <Code id="003129" urn="urn:sdmx:org.sdmx.infomodel.codelist.Code=IT1:CL_REFAREA(1.2).003129">
          <Name xml:lang="it" xmlns="http://www.sdmx.org/resources/sdmxml/schemas/v2_1/common">Recetto</Name>
          <Name xml:lang="en" xmlns="http://www.sdmx.org/resources/sdmxml/schemas/v2_1/common">Recetto</Name>
          <Parent>
            <Ref id="ITC15" xmlns="" />
          </Parent>
        </Code>
        <Code id="003130" urn="urn:sdmx:org.sdmx.infomodel.codelist.Code=IT1:CL_REFAREA(1.2).003130">
          <Name xml:lang="it" xmlns="http://www.sdmx.org/resources/sdmxml/schemas/v2_1/common">Romagnano Sesia</Name>
          <Name xml:lang="en" xmlns="http://www.sdmx.org/resources/sdmxml/schemas/v2_1/common">Romagnano Sesia</Name>
          <Parent>
            <Ref id="ITC15" xmlns="" />
          </Parent>
        </Code>
        <Code id="003131" urn="urn:sdmx:org.sdmx.infomodel.codelist.Code=IT1:CL_REFAREA(1.2).003131">
          <Name xml:lang="it" xmlns="http://www.sdmx.org/resources/sdmxml/schemas/v2_1/common">Romentino</Name>
          <Name xml:lang="en" xmlns="http://www.sdmx.org/resources/sdmxml/schemas/v2_1/common">Romentino</Name>
          <Parent>
            <Ref id="ITC15" xmlns="" />
          </Parent>
        </Code>
        <Code id="003132" urn="urn:sdmx:org.sdmx.infomodel.codelist.Code=IT1:CL_REFAREA(1.2).003132">
          <Name xml:lang="it" xmlns="http://www.sdmx.org/resources/sdmxml/schemas/v2_1/common">San Bernardino Verbano</Name>
          <Name xml:lang="en" xmlns="http://www.sdmx.org/resources/sdmxml/schemas/v2_1/common">San Bernardino Verbano</Name>
          <Parent>
            <Ref id="ITC15" xmlns="" />
          </Parent>
        </Code>
        <Code id="003133" urn="urn:sdmx:org.sdmx.infomodel.codelist.Code=IT1:CL_REFAREA(1.2).003133">
          <Name xml:lang="it" xmlns="http://www.sdmx.org/resources/sdmxml/schemas/v2_1/common">San Maurizio d'Opaglio</Name>
          <Name xml:lang="en" xmlns="http://www.sdmx.org/resources/sdmxml/schemas/v2_1/common">San Maurizio d'Opaglio</Name>
          <Parent>
            <Ref id="ITC15" xmlns="" />
          </Parent>
        </Code>
        <Code id="003134" urn="urn:sdmx:org.sdmx.infomodel.codelist.Code=IT1:CL_REFAREA(1.2).003134">
          <Name xml:lang="it" xmlns="http://www.sdmx.org/resources/sdmxml/schemas/v2_1/common">San Nazzaro Sesia</Name>
          <Name xml:lang="en" xmlns="http://www.sdmx.org/resources/sdmxml/schemas/v2_1/common">San Nazzaro Sesia</Name>
          <Parent>
            <Ref id="ITC15" xmlns="" />
          </Parent>
        </Code>
        <Code id="003135" urn="urn:sdmx:org.sdmx.infomodel.codelist.Code=IT1:CL_REFAREA(1.2).003135">
          <Name xml:lang="it" xmlns="http://www.sdmx.org/resources/sdmxml/schemas/v2_1/common">San Pietro Mosezzo</Name>
          <Name xml:lang="en" xmlns="http://www.sdmx.org/resources/sdmxml/schemas/v2_1/common">San Pietro Mosezzo</Name>
          <Parent>
            <Ref id="ITC15" xmlns="" />
          </Parent>
        </Code>
        <Code id="003136" urn="urn:sdmx:org.sdmx.infomodel.codelist.Code=IT1:CL_REFAREA(1.2).003136">
          <Name xml:lang="it" xmlns="http://www.sdmx.org/resources/sdmxml/schemas/v2_1/common">Santa Maria Maggiore</Name>
          <Name xml:lang="en" xmlns="http://www.sdmx.org/resources/sdmxml/schemas/v2_1/common">Santa Maria Maggiore</Name>
          <Parent>
            <Ref id="ITC15" xmlns="" />
          </Parent>
        </Code>
        <Code id="003137" urn="urn:sdmx:org.sdmx.infomodel.codelist.Code=IT1:CL_REFAREA(1.2).003137">
          <Name xml:lang="it" xmlns="http://www.sdmx.org/resources/sdmxml/schemas/v2_1/common">Seppiana</Name>
          <Name xml:lang="en" xmlns="http://www.sdmx.org/resources/sdmxml/schemas/v2_1/common">Seppiana</Name>
          <Parent>
            <Ref id="ITC15" xmlns="" />
          </Parent>
        </Code>
        <Code id="003138" urn="urn:sdmx:org.sdmx.infomodel.codelist.Code=IT1:CL_REFAREA(1.2).003138">
          <Name xml:lang="it" xmlns="http://www.sdmx.org/resources/sdmxml/schemas/v2_1/common">Sillavengo</Name>
          <Name xml:lang="en" xmlns="http://www.sdmx.org/resources/sdmxml/schemas/v2_1/common">Sillavengo</Name>
          <Parent>
            <Ref id="ITC15" xmlns="" />
          </Parent>
        </Code>
        <Code id="003139" urn="urn:sdmx:org.sdmx.infomodel.codelist.Code=IT1:CL_REFAREA(1.2).003139">
          <Name xml:lang="it" xmlns="http://www.sdmx.org/resources/sdmxml/schemas/v2_1/common">Sizzano</Name>
          <Name xml:lang="en" xmlns="http://www.sdmx.org/resources/sdmxml/schemas/v2_1/common">Sizzano</Name>
          <Parent>
            <Ref id="ITC15" xmlns="" />
          </Parent>
        </Code>
        <Code id="003140" urn="urn:sdmx:org.sdmx.infomodel.codelist.Code=IT1:CL_REFAREA(1.2).003140">
          <Name xml:lang="it" xmlns="http://www.sdmx.org/resources/sdmxml/schemas/v2_1/common">Soriso</Name>
          <Name xml:lang="en" xmlns="http://www.sdmx.org/resources/sdmxml/schemas/v2_1/common">Soriso</Name>
          <Parent>
            <Ref id="ITC15" xmlns="" />
          </Parent>
        </Code>
        <Code id="003141" urn="urn:sdmx:org.sdmx.infomodel.codelist.Code=IT1:CL_REFAREA(1.2).003141">
          <Name xml:lang="it" xmlns="http://www.sdmx.org/resources/sdmxml/schemas/v2_1/common">Sozzago</Name>
          <Name xml:lang="en" xmlns="http://www.sdmx.org/resources/sdmxml/schemas/v2_1/common">Sozzago</Name>
          <Parent>
            <Ref id="ITC15" xmlns="" />
          </Parent>
        </Code>
        <Code id="003142" urn="urn:sdmx:org.sdmx.infomodel.codelist.Code=IT1:CL_REFAREA(1.2).003142">
          <Name xml:lang="it" xmlns="http://www.sdmx.org/resources/sdmxml/schemas/v2_1/common">Stresa</Name>
          <Name xml:lang="en" xmlns="http://www.sdmx.org/resources/sdmxml/schemas/v2_1/common">Stresa</Name>
          <Parent>
            <Ref id="ITC15" xmlns="" />
          </Parent>
        </Code>
        <Code id="003143" urn="urn:sdmx:org.sdmx.infomodel.codelist.Code=IT1:CL_REFAREA(1.2).003143">
          <Name xml:lang="it" xmlns="http://www.sdmx.org/resources/sdmxml/schemas/v2_1/common">Suno</Name>
          <Name xml:lang="en" xmlns="http://www.sdmx.org/resources/sdmxml/schemas/v2_1/common">Suno</Name>
          <Parent>
            <Ref id="ITC15" xmlns="" />
          </Parent>
        </Code>
        <Code id="003144" urn="urn:sdmx:org.sdmx.infomodel.codelist.Code=IT1:CL_REFAREA(1.2).003144">
          <Name xml:lang="it" xmlns="http://www.sdmx.org/resources/sdmxml/schemas/v2_1/common">Terdobbiate</Name>
          <Name xml:lang="en" xmlns="http://www.sdmx.org/resources/sdmxml/schemas/v2_1/common">Terdobbiate</Name>
          <Parent>
            <Ref id="ITC15" xmlns="" />
          </Parent>
        </Code>
        <Code id="003145" urn="urn:sdmx:org.sdmx.infomodel.codelist.Code=IT1:CL_REFAREA(1.2).003145">
          <Name xml:lang="it" xmlns="http://www.sdmx.org/resources/sdmxml/schemas/v2_1/common">Toceno</Name>
          <Name xml:lang="en" xmlns="http://www.sdmx.org/resources/sdmxml/schemas/v2_1/common">Toceno</Name>
          <Parent>
            <Ref id="ITC15" xmlns="" />
          </Parent>
        </Code>
        <Code id="003146" urn="urn:sdmx:org.sdmx.infomodel.codelist.Code=IT1:CL_REFAREA(1.2).003146">
          <Name xml:lang="it" xmlns="http://www.sdmx.org/resources/sdmxml/schemas/v2_1/common">Tornaco</Name>
          <Name xml:lang="en" xmlns="http://www.sdmx.org/resources/sdmxml/schemas/v2_1/common">Tornaco</Name>
          <Parent>
            <Ref id="ITC15" xmlns="" />
          </Parent>
        </Code>
        <Code id="003147" urn="urn:sdmx:org.sdmx.infomodel.codelist.Code=IT1:CL_REFAREA(1.2).003147">
          <Name xml:lang="it" xmlns="http://www.sdmx.org/resources/sdmxml/schemas/v2_1/common">Trarego Viggiona</Name>
          <Name xml:lang="en" xmlns="http://www.sdmx.org/resources/sdmxml/schemas/v2_1/common">Trarego Viggiona</Name>
          <Parent>
            <Ref id="ITC15" xmlns="" />
          </Parent>
        </Code>
        <Code id="003148" urn="urn:sdmx:org.sdmx.infomodel.codelist.Code=IT1:CL_REFAREA(1.2).003148">
          <Name xml:lang="it" xmlns="http://www.sdmx.org/resources/sdmxml/schemas/v2_1/common">Trasquera</Name>
          <Name xml:lang="en" xmlns="http://www.sdmx.org/resources/sdmxml/schemas/v2_1/common">Trasquera</Name>
          <Parent>
            <Ref id="ITC15" xmlns="" />
          </Parent>
        </Code>
        <Code id="003149" urn="urn:sdmx:org.sdmx.infomodel.codelist.Code=IT1:CL_REFAREA(1.2).003149">
          <Name xml:lang="it" xmlns="http://www.sdmx.org/resources/sdmxml/schemas/v2_1/common">Trecate</Name>
          <Name xml:lang="en" xmlns="http://www.sdmx.org/resources/sdmxml/schemas/v2_1/common">Trecate</Name>
          <Parent>
            <Ref id="ITC15" xmlns="" />
          </Parent>
        </Code>
        <Code id="003150" urn="urn:sdmx:org.sdmx.infomodel.codelist.Code=IT1:CL_REFAREA(1.2).003150">
          <Name xml:lang="it" xmlns="http://www.sdmx.org/resources/sdmxml/schemas/v2_1/common">Trontano</Name>
          <Name xml:lang="en" xmlns="http://www.sdmx.org/resources/sdmxml/schemas/v2_1/common">Trontano</Name>
          <Parent>
            <Ref id="ITC15" xmlns="" />
          </Parent>
        </Code>
        <Code id="003151" urn="urn:sdmx:org.sdmx.infomodel.codelist.Code=IT1:CL_REFAREA(1.2).003151">
          <Name xml:lang="it" xmlns="http://www.sdmx.org/resources/sdmxml/schemas/v2_1/common">Valstrona</Name>
          <Name xml:lang="en" xmlns="http://www.sdmx.org/resources/sdmxml/schemas/v2_1/common">Valstrona</Name>
          <Parent>
            <Ref id="ITC15" xmlns="" />
          </Parent>
        </Code>
        <Code id="003152" urn="urn:sdmx:org.sdmx.infomodel.codelist.Code=IT1:CL_REFAREA(1.2).003152">
          <Name xml:lang="it" xmlns="http://www.sdmx.org/resources/sdmxml/schemas/v2_1/common">Vanzone con San Carlo</Name>
          <Name xml:lang="en" xmlns="http://www.sdmx.org/resources/sdmxml/schemas/v2_1/common">Vanzone con San Carlo</Name>
          <Parent>
            <Ref id="ITC15" xmlns="" />
          </Parent>
        </Code>
        <Code id="003153" urn="urn:sdmx:org.sdmx.infomodel.codelist.Code=IT1:CL_REFAREA(1.2).003153">
          <Name xml:lang="it" xmlns="http://www.sdmx.org/resources/sdmxml/schemas/v2_1/common">Vaprio d'Agogna</Name>
          <Name xml:lang="en" xmlns="http://www.sdmx.org/resources/sdmxml/schemas/v2_1/common">Vaprio d'Agogna</Name>
          <Parent>
            <Ref id="ITC15" xmlns="" />
          </Parent>
        </Code>
        <Code id="003154" urn="urn:sdmx:org.sdmx.infomodel.codelist.Code=IT1:CL_REFAREA(1.2).003154">
          <Name xml:lang="it" xmlns="http://www.sdmx.org/resources/sdmxml/schemas/v2_1/common">Varallo Pombia</Name>
          <Name xml:lang="en" xmlns="http://www.sdmx.org/resources/sdmxml/schemas/v2_1/common">Varallo Pombia</Name>
          <Parent>
            <Ref id="ITC15" xmlns="" />
          </Parent>
        </Code>
        <Code id="003155" urn="urn:sdmx:org.sdmx.infomodel.codelist.Code=IT1:CL_REFAREA(1.2).003155">
          <Name xml:lang="it" xmlns="http://www.sdmx.org/resources/sdmxml/schemas/v2_1/common">Varzo</Name>
          <Name xml:lang="en" xmlns="http://www.sdmx.org/resources/sdmxml/schemas/v2_1/common">Varzo</Name>
          <Parent>
            <Ref id="ITC15" xmlns="" />
          </Parent>
        </Code>
        <Code id="003156" urn="urn:sdmx:org.sdmx.infomodel.codelist.Code=IT1:CL_REFAREA(1.2).003156">
          <Name xml:lang="it" xmlns="http://www.sdmx.org/resources/sdmxml/schemas/v2_1/common">Verbania</Name>
          <Name xml:lang="en" xmlns="http://www.sdmx.org/resources/sdmxml/schemas/v2_1/common">Verbania</Name>
          <Parent>
            <Ref id="ITC15" xmlns="" />
          </Parent>
        </Code>
        <Code id="003157" urn="urn:sdmx:org.sdmx.infomodel.codelist.Code=IT1:CL_REFAREA(1.2).003157">
          <Name xml:lang="it" xmlns="http://www.sdmx.org/resources/sdmxml/schemas/v2_1/common">Veruno</Name>
          <Name xml:lang="en" xmlns="http://www.sdmx.org/resources/sdmxml/schemas/v2_1/common">Veruno</Name>
          <Parent>
            <Ref id="ITC15" xmlns="" />
          </Parent>
        </Code>
        <Code id="003158" urn="urn:sdmx:org.sdmx.infomodel.codelist.Code=IT1:CL_REFAREA(1.2).003158">
          <Name xml:lang="it" xmlns="http://www.sdmx.org/resources/sdmxml/schemas/v2_1/common">Vespolate</Name>
          <Name xml:lang="en" xmlns="http://www.sdmx.org/resources/sdmxml/schemas/v2_1/common">Vespolate</Name>
          <Parent>
            <Ref id="ITC15" xmlns="" />
          </Parent>
        </Code>
        <Code id="003159" urn="urn:sdmx:org.sdmx.infomodel.codelist.Code=IT1:CL_REFAREA(1.2).003159">
          <Name xml:lang="it" xmlns="http://www.sdmx.org/resources/sdmxml/schemas/v2_1/common">Vicolungo</Name>
          <Name xml:lang="en" xmlns="http://www.sdmx.org/resources/sdmxml/schemas/v2_1/common">Vicolungo</Name>
          <Parent>
            <Ref id="ITC15" xmlns="" />
          </Parent>
        </Code>
        <Code id="003160" urn="urn:sdmx:org.sdmx.infomodel.codelist.Code=IT1:CL_REFAREA(1.2).003160">
          <Name xml:lang="it" xmlns="http://www.sdmx.org/resources/sdmxml/schemas/v2_1/common">Viganella</Name>
          <Name xml:lang="en" xmlns="http://www.sdmx.org/resources/sdmxml/schemas/v2_1/common">Viganella</Name>
          <Parent>
            <Ref id="ITC15" xmlns="" />
          </Parent>
        </Code>
        <Code id="003161" urn="urn:sdmx:org.sdmx.infomodel.codelist.Code=IT1:CL_REFAREA(1.2).003161">
          <Name xml:lang="it" xmlns="http://www.sdmx.org/resources/sdmxml/schemas/v2_1/common">Vignone</Name>
          <Name xml:lang="en" xmlns="http://www.sdmx.org/resources/sdmxml/schemas/v2_1/common">Vignone</Name>
          <Parent>
            <Ref id="ITC15" xmlns="" />
          </Parent>
        </Code>
        <Code id="003162" urn="urn:sdmx:org.sdmx.infomodel.codelist.Code=IT1:CL_REFAREA(1.2).003162">
          <Name xml:lang="it" xmlns="http://www.sdmx.org/resources/sdmxml/schemas/v2_1/common">Villadossola</Name>
          <Name xml:lang="en" xmlns="http://www.sdmx.org/resources/sdmxml/schemas/v2_1/common">Villadossola</Name>
          <Parent>
            <Ref id="ITC15" xmlns="" />
          </Parent>
        </Code>
        <Code id="003163" urn="urn:sdmx:org.sdmx.infomodel.codelist.Code=IT1:CL_REFAREA(1.2).003163">
          <Name xml:lang="it" xmlns="http://www.sdmx.org/resources/sdmxml/schemas/v2_1/common">Villette</Name>
          <Name xml:lang="en" xmlns="http://www.sdmx.org/resources/sdmxml/schemas/v2_1/common">Villette</Name>
          <Parent>
            <Ref id="ITC15" xmlns="" />
          </Parent>
        </Code>
        <Code id="003164" urn="urn:sdmx:org.sdmx.infomodel.codelist.Code=IT1:CL_REFAREA(1.2).003164">
          <Name xml:lang="it" xmlns="http://www.sdmx.org/resources/sdmxml/schemas/v2_1/common">Vinzaglio</Name>
          <Name xml:lang="en" xmlns="http://www.sdmx.org/resources/sdmxml/schemas/v2_1/common">Vinzaglio</Name>
          <Parent>
            <Ref id="ITC15" xmlns="" />
          </Parent>
        </Code>
        <Code id="003165" urn="urn:sdmx:org.sdmx.infomodel.codelist.Code=IT1:CL_REFAREA(1.2).003165">
          <Name xml:lang="it" xmlns="http://www.sdmx.org/resources/sdmxml/schemas/v2_1/common">Vogogna</Name>
          <Name xml:lang="en" xmlns="http://www.sdmx.org/resources/sdmxml/schemas/v2_1/common">Vogogna</Name>
          <Parent>
            <Ref id="ITC15" xmlns="" />
          </Parent>
        </Code>
        <Code id="004001" urn="urn:sdmx:org.sdmx.infomodel.codelist.Code=IT1:CL_REFAREA(1.2).004001">
          <Name xml:lang="it" xmlns="http://www.sdmx.org/resources/sdmxml/schemas/v2_1/common">Acceglio</Name>
          <Name xml:lang="en" xmlns="http://www.sdmx.org/resources/sdmxml/schemas/v2_1/common">Acceglio</Name>
          <Parent>
            <Ref id="ITC16" xmlns="" />
          </Parent>
        </Code>
        <Code id="004002" urn="urn:sdmx:org.sdmx.infomodel.codelist.Code=IT1:CL_REFAREA(1.2).004002">
          <Name xml:lang="it" xmlns="http://www.sdmx.org/resources/sdmxml/schemas/v2_1/common">Aisone</Name>
          <Name xml:lang="en" xmlns="http://www.sdmx.org/resources/sdmxml/schemas/v2_1/common">Aisone</Name>
          <Parent>
            <Ref id="ITC16" xmlns="" />
          </Parent>
        </Code>
        <Code id="004003" urn="urn:sdmx:org.sdmx.infomodel.codelist.Code=IT1:CL_REFAREA(1.2).004003">
          <Name xml:lang="it" xmlns="http://www.sdmx.org/resources/sdmxml/schemas/v2_1/common">Alba</Name>
          <Name xml:lang="en" xmlns="http://www.sdmx.org/resources/sdmxml/schemas/v2_1/common">Alba</Name>
          <Parent>
            <Ref id="ITC16" xmlns="" />
          </Parent>
        </Code>
        <Code id="004004" urn="urn:sdmx:org.sdmx.infomodel.codelist.Code=IT1:CL_REFAREA(1.2).004004">
          <Name xml:lang="it" xmlns="http://www.sdmx.org/resources/sdmxml/schemas/v2_1/common">Albaretto della Torre</Name>
          <Name xml:lang="en" xmlns="http://www.sdmx.org/resources/sdmxml/schemas/v2_1/common">Albaretto della Torre</Name>
          <Parent>
            <Ref id="ITC16" xmlns="" />
          </Parent>
        </Code>
        <Code id="004005" urn="urn:sdmx:org.sdmx.infomodel.codelist.Code=IT1:CL_REFAREA(1.2).004005">
          <Name xml:lang="it" xmlns="http://www.sdmx.org/resources/sdmxml/schemas/v2_1/common">Alto</Name>
          <Name xml:lang="en" xmlns="http://www.sdmx.org/resources/sdmxml/schemas/v2_1/common">Alto</Name>
          <Parent>
            <Ref id="ITC16" xmlns="" />
          </Parent>
        </Code>
        <Code id="004006" urn="urn:sdmx:org.sdmx.infomodel.codelist.Code=IT1:CL_REFAREA(1.2).004006">
          <Name xml:lang="it" xmlns="http://www.sdmx.org/resources/sdmxml/schemas/v2_1/common">Argentera</Name>
          <Name xml:lang="en" xmlns="http://www.sdmx.org/resources/sdmxml/schemas/v2_1/common">Argentera</Name>
          <Parent>
            <Ref id="ITC16" xmlns="" />
          </Parent>
        </Code>
        <Code id="004007" urn="urn:sdmx:org.sdmx.infomodel.codelist.Code=IT1:CL_REFAREA(1.2).004007">
          <Name xml:lang="it" xmlns="http://www.sdmx.org/resources/sdmxml/schemas/v2_1/common">Arguello</Name>
          <Name xml:lang="en" xmlns="http://www.sdmx.org/resources/sdmxml/schemas/v2_1/common">Arguello</Name>
          <Parent>
            <Ref id="ITC16" xmlns="" />
          </Parent>
        </Code>
        <Code id="004008" urn="urn:sdmx:org.sdmx.infomodel.codelist.Code=IT1:CL_REFAREA(1.2).004008">
          <Name xml:lang="it" xmlns="http://www.sdmx.org/resources/sdmxml/schemas/v2_1/common">Bagnasco</Name>
          <Name xml:lang="en" xmlns="http://www.sdmx.org/resources/sdmxml/schemas/v2_1/common">Bagnasco</Name>
          <Parent>
            <Ref id="ITC16" xmlns="" />
          </Parent>
        </Code>
        <Code id="004009" urn="urn:sdmx:org.sdmx.infomodel.codelist.Code=IT1:CL_REFAREA(1.2).004009">
          <Name xml:lang="it" xmlns="http://www.sdmx.org/resources/sdmxml/schemas/v2_1/common">Bagnolo Piemonte</Name>
          <Name xml:lang="en" xmlns="http://www.sdmx.org/resources/sdmxml/schemas/v2_1/common">Bagnolo Piemonte</Name>
          <Parent>
            <Ref id="ITC16" xmlns="" />
          </Parent>
        </Code>
        <Code id="004010" urn="urn:sdmx:org.sdmx.infomodel.codelist.Code=IT1:CL_REFAREA(1.2).004010">
          <Name xml:lang="it" xmlns="http://www.sdmx.org/resources/sdmxml/schemas/v2_1/common">Baldissero d'Alba</Name>
          <Name xml:lang="en" xmlns="http://www.sdmx.org/resources/sdmxml/schemas/v2_1/common">Baldissero d'Alba</Name>
          <Parent>
            <Ref id="ITC16" xmlns="" />
          </Parent>
        </Code>
        <Code id="004011" urn="urn:sdmx:org.sdmx.infomodel.codelist.Code=IT1:CL_REFAREA(1.2).004011">
          <Name xml:lang="it" xmlns="http://www.sdmx.org/resources/sdmxml/schemas/v2_1/common">Barbaresco</Name>
          <Name xml:lang="en" xmlns="http://www.sdmx.org/resources/sdmxml/schemas/v2_1/common">Barbaresco</Name>
          <Parent>
            <Ref id="ITC16" xmlns="" />
          </Parent>
        </Code>
        <Code id="004012" urn="urn:sdmx:org.sdmx.infomodel.codelist.Code=IT1:CL_REFAREA(1.2).004012">
          <Name xml:lang="it" xmlns="http://www.sdmx.org/resources/sdmxml/schemas/v2_1/common">Barge</Name>
          <Name xml:lang="en" xmlns="http://www.sdmx.org/resources/sdmxml/schemas/v2_1/common">Barge</Name>
          <Parent>
            <Ref id="ITC16" xmlns="" />
          </Parent>
        </Code>
        <Code id="004013" urn="urn:sdmx:org.sdmx.infomodel.codelist.Code=IT1:CL_REFAREA(1.2).004013">
          <Name xml:lang="it" xmlns="http://www.sdmx.org/resources/sdmxml/schemas/v2_1/common">Barolo</Name>
          <Name xml:lang="en" xmlns="http://www.sdmx.org/resources/sdmxml/schemas/v2_1/common">Barolo</Name>
          <Parent>
            <Ref id="ITC16" xmlns="" />
          </Parent>
        </Code>
        <Code id="004014" urn="urn:sdmx:org.sdmx.infomodel.codelist.Code=IT1:CL_REFAREA(1.2).004014">
          <Name xml:lang="it" xmlns="http://www.sdmx.org/resources/sdmxml/schemas/v2_1/common">Bastia Mondovì</Name>
          <Name xml:lang="en" xmlns="http://www.sdmx.org/resources/sdmxml/schemas/v2_1/common">Bastia Mondovì</Name>
          <Parent>
            <Ref id="ITC16" xmlns="" />
          </Parent>
        </Code>
        <Code id="004015" urn="urn:sdmx:org.sdmx.infomodel.codelist.Code=IT1:CL_REFAREA(1.2).004015">
          <Name xml:lang="it" xmlns="http://www.sdmx.org/resources/sdmxml/schemas/v2_1/common">Battifollo</Name>
          <Name xml:lang="en" xmlns="http://www.sdmx.org/resources/sdmxml/schemas/v2_1/common">Battifollo</Name>
          <Parent>
            <Ref id="ITC16" xmlns="" />
          </Parent>
        </Code>
        <Code id="004016" urn="urn:sdmx:org.sdmx.infomodel.codelist.Code=IT1:CL_REFAREA(1.2).004016">
          <Name xml:lang="it" xmlns="http://www.sdmx.org/resources/sdmxml/schemas/v2_1/common">Beinette</Name>
          <Name xml:lang="en" xmlns="http://www.sdmx.org/resources/sdmxml/schemas/v2_1/common">Beinette</Name>
          <Parent>
            <Ref id="ITC16" xmlns="" />
          </Parent>
        </Code>
        <Code id="004017" urn="urn:sdmx:org.sdmx.infomodel.codelist.Code=IT1:CL_REFAREA(1.2).004017">
          <Name xml:lang="it" xmlns="http://www.sdmx.org/resources/sdmxml/schemas/v2_1/common">Bellino</Name>
          <Name xml:lang="en" xmlns="http://www.sdmx.org/resources/sdmxml/schemas/v2_1/common">Bellino</Name>
          <Parent>
            <Ref id="ITC16" xmlns="" />
          </Parent>
        </Code>
        <Code id="004018" urn="urn:sdmx:org.sdmx.infomodel.codelist.Code=IT1:CL_REFAREA(1.2).004018">
          <Name xml:lang="it" xmlns="http://www.sdmx.org/resources/sdmxml/schemas/v2_1/common">Belvedere Langhe</Name>
          <Name xml:lang="en" xmlns="http://www.sdmx.org/resources/sdmxml/schemas/v2_1/common">Belvedere Langhe</Name>
          <Parent>
            <Ref id="ITC16" xmlns="" />
          </Parent>
        </Code>
        <Code id="004019" urn="urn:sdmx:org.sdmx.infomodel.codelist.Code=IT1:CL_REFAREA(1.2).004019">
          <Name xml:lang="it" xmlns="http://www.sdmx.org/resources/sdmxml/schemas/v2_1/common">Bene Vagienna</Name>
          <Name xml:lang="en" xmlns="http://www.sdmx.org/resources/sdmxml/schemas/v2_1/common">Bene Vagienna</Name>
          <Parent>
            <Ref id="ITC16" xmlns="" />
          </Parent>
        </Code>
        <Code id="004020" urn="urn:sdmx:org.sdmx.infomodel.codelist.Code=IT1:CL_REFAREA(1.2).004020">
          <Name xml:lang="it" xmlns="http://www.sdmx.org/resources/sdmxml/schemas/v2_1/common">Benevello</Name>
          <Name xml:lang="en" xmlns="http://www.sdmx.org/resources/sdmxml/schemas/v2_1/common">Benevello</Name>
          <Parent>
            <Ref id="ITC16" xmlns="" />
          </Parent>
        </Code>
        <Code id="004021" urn="urn:sdmx:org.sdmx.infomodel.codelist.Code=IT1:CL_REFAREA(1.2).004021">
          <Name xml:lang="it" xmlns="http://www.sdmx.org/resources/sdmxml/schemas/v2_1/common">Bergolo</Name>
          <Name xml:lang="en" xmlns="http://www.sdmx.org/resources/sdmxml/schemas/v2_1/common">Bergolo</Name>
          <Parent>
            <Ref id="ITC16" xmlns="" />
          </Parent>
        </Code>
        <Code id="004022" urn="urn:sdmx:org.sdmx.infomodel.codelist.Code=IT1:CL_REFAREA(1.2).004022">
          <Name xml:lang="it" xmlns="http://www.sdmx.org/resources/sdmxml/schemas/v2_1/common">Bernezzo</Name>
          <Name xml:lang="en" xmlns="http://www.sdmx.org/resources/sdmxml/schemas/v2_1/common">Bernezzo</Name>
          <Parent>
            <Ref id="ITC16" xmlns="" />
          </Parent>
        </Code>
        <Code id="004023" urn="urn:sdmx:org.sdmx.infomodel.codelist.Code=IT1:CL_REFAREA(1.2).004023">
          <Name xml:lang="it" xmlns="http://www.sdmx.org/resources/sdmxml/schemas/v2_1/common">Bonvicino</Name>
          <Name xml:lang="en" xmlns="http://www.sdmx.org/resources/sdmxml/schemas/v2_1/common">Bonvicino</Name>
          <Parent>
            <Ref id="ITC16" xmlns="" />
          </Parent>
        </Code>
        <Code id="004024" urn="urn:sdmx:org.sdmx.infomodel.codelist.Code=IT1:CL_REFAREA(1.2).004024">
          <Name xml:lang="it" xmlns="http://www.sdmx.org/resources/sdmxml/schemas/v2_1/common">Borgomale</Name>
          <Name xml:lang="en" xmlns="http://www.sdmx.org/resources/sdmxml/schemas/v2_1/common">Borgomale</Name>
          <Parent>
            <Ref id="ITC16" xmlns="" />
          </Parent>
        </Code>
        <Code id="004025" urn="urn:sdmx:org.sdmx.infomodel.codelist.Code=IT1:CL_REFAREA(1.2).004025">
          <Name xml:lang="it" xmlns="http://www.sdmx.org/resources/sdmxml/schemas/v2_1/common">Borgo San Dalmazzo</Name>
          <Name xml:lang="en" xmlns="http://www.sdmx.org/resources/sdmxml/schemas/v2_1/common">Borgo San Dalmazzo</Name>
          <Parent>
            <Ref id="ITC16" xmlns="" />
          </Parent>
        </Code>
        <Code id="004026" urn="urn:sdmx:org.sdmx.infomodel.codelist.Code=IT1:CL_REFAREA(1.2).004026">
          <Name xml:lang="it" xmlns="http://www.sdmx.org/resources/sdmxml/schemas/v2_1/common">Bosia</Name>
          <Name xml:lang="en" xmlns="http://www.sdmx.org/resources/sdmxml/schemas/v2_1/common">Bosia</Name>
          <Parent>
            <Ref id="ITC16" xmlns="" />
          </Parent>
        </Code>
        <Code id="004027" urn="urn:sdmx:org.sdmx.infomodel.codelist.Code=IT1:CL_REFAREA(1.2).004027">
          <Name xml:lang="it" xmlns="http://www.sdmx.org/resources/sdmxml/schemas/v2_1/common">Bossolasco</Name>
          <Name xml:lang="en" xmlns="http://www.sdmx.org/resources/sdmxml/schemas/v2_1/common">Bossolasco</Name>
          <Parent>
            <Ref id="ITC16" xmlns="" />
          </Parent>
        </Code>
        <Code id="004028" urn="urn:sdmx:org.sdmx.infomodel.codelist.Code=IT1:CL_REFAREA(1.2).004028">
          <Name xml:lang="it" xmlns="http://www.sdmx.org/resources/sdmxml/schemas/v2_1/common">Boves</Name>
          <Name xml:lang="en" xmlns="http://www.sdmx.org/resources/sdmxml/schemas/v2_1/common">Boves</Name>
          <Parent>
            <Ref id="ITC16" xmlns="" />
          </Parent>
        </Code>
        <Code id="004029" urn="urn:sdmx:org.sdmx.infomodel.codelist.Code=IT1:CL_REFAREA(1.2).004029">
          <Name xml:lang="it" xmlns="http://www.sdmx.org/resources/sdmxml/schemas/v2_1/common">Bra</Name>
          <Name xml:lang="en" xmlns="http://www.sdmx.org/resources/sdmxml/schemas/v2_1/common">Bra</Name>
          <Parent>
            <Ref id="ITC16" xmlns="" />
          </Parent>
        </Code>
        <Code id="004030" urn="urn:sdmx:org.sdmx.infomodel.codelist.Code=IT1:CL_REFAREA(1.2).004030">
          <Name xml:lang="it" xmlns="http://www.sdmx.org/resources/sdmxml/schemas/v2_1/common">Briaglia</Name>
          <Name xml:lang="en" xmlns="http://www.sdmx.org/resources/sdmxml/schemas/v2_1/common">Briaglia</Name>
          <Parent>
            <Ref id="ITC16" xmlns="" />
          </Parent>
        </Code>
        <Code id="004031" urn="urn:sdmx:org.sdmx.infomodel.codelist.Code=IT1:CL_REFAREA(1.2).004031">
          <Name xml:lang="it" xmlns="http://www.sdmx.org/resources/sdmxml/schemas/v2_1/common">Briga Alta</Name>
          <Name xml:lang="en" xmlns="http://www.sdmx.org/resources/sdmxml/schemas/v2_1/common">Briga Alta</Name>
          <Parent>
            <Ref id="ITC16" xmlns="" />
          </Parent>
        </Code>
        <Code id="004032" urn="urn:sdmx:org.sdmx.infomodel.codelist.Code=IT1:CL_REFAREA(1.2).004032">
          <Name xml:lang="it" xmlns="http://www.sdmx.org/resources/sdmxml/schemas/v2_1/common">Brondello</Name>
          <Name xml:lang="en" xmlns="http://www.sdmx.org/resources/sdmxml/schemas/v2_1/common">Brondello</Name>
          <Parent>
            <Ref id="ITC16" xmlns="" />
          </Parent>
        </Code>
        <Code id="004033" urn="urn:sdmx:org.sdmx.infomodel.codelist.Code=IT1:CL_REFAREA(1.2).004033">
          <Name xml:lang="it" xmlns="http://www.sdmx.org/resources/sdmxml/schemas/v2_1/common">Brossasco</Name>
          <Name xml:lang="en" xmlns="http://www.sdmx.org/resources/sdmxml/schemas/v2_1/common">Brossasco</Name>
          <Parent>
            <Ref id="ITC16" xmlns="" />
          </Parent>
        </Code>
        <Code id="004034" urn="urn:sdmx:org.sdmx.infomodel.codelist.Code=IT1:CL_REFAREA(1.2).004034">
          <Name xml:lang="it" xmlns="http://www.sdmx.org/resources/sdmxml/schemas/v2_1/common">Busca</Name>
          <Name xml:lang="en" xmlns="http://www.sdmx.org/resources/sdmxml/schemas/v2_1/common">Busca</Name>
          <Parent>
            <Ref id="ITC16" xmlns="" />
          </Parent>
        </Code>
        <Code id="004035" urn="urn:sdmx:org.sdmx.infomodel.codelist.Code=IT1:CL_REFAREA(1.2).004035">
          <Name xml:lang="it" xmlns="http://www.sdmx.org/resources/sdmxml/schemas/v2_1/common">Camerana</Name>
          <Name xml:lang="en" xmlns="http://www.sdmx.org/resources/sdmxml/schemas/v2_1/common">Camerana</Name>
          <Parent>
            <Ref id="ITC16" xmlns="" />
          </Parent>
        </Code>
        <Code id="004036" urn="urn:sdmx:org.sdmx.infomodel.codelist.Code=IT1:CL_REFAREA(1.2).004036">
          <Name xml:lang="it" xmlns="http://www.sdmx.org/resources/sdmxml/schemas/v2_1/common">Camo</Name>
          <Name xml:lang="en" xmlns="http://www.sdmx.org/resources/sdmxml/schemas/v2_1/common">Camo</Name>
          <Parent>
            <Ref id="ITC16" xmlns="" />
          </Parent>
        </Code>
        <Code id="004037" urn="urn:sdmx:org.sdmx.infomodel.codelist.Code=IT1:CL_REFAREA(1.2).004037">
          <Name xml:lang="it" xmlns="http://www.sdmx.org/resources/sdmxml/schemas/v2_1/common">Canale</Name>
          <Name xml:lang="en" xmlns="http://www.sdmx.org/resources/sdmxml/schemas/v2_1/common">Canale</Name>
          <Parent>
            <Ref id="ITC16" xmlns="" />
          </Parent>
        </Code>
        <Code id="004038" urn="urn:sdmx:org.sdmx.infomodel.codelist.Code=IT1:CL_REFAREA(1.2).004038">
          <Name xml:lang="it" xmlns="http://www.sdmx.org/resources/sdmxml/schemas/v2_1/common">Canosio</Name>
          <Name xml:lang="en" xmlns="http://www.sdmx.org/resources/sdmxml/schemas/v2_1/common">Canosio</Name>
          <Parent>
            <Ref id="ITC16" xmlns="" />
          </Parent>
        </Code>
        <Code id="004039" urn="urn:sdmx:org.sdmx.infomodel.codelist.Code=IT1:CL_REFAREA(1.2).004039">
          <Name xml:lang="it" xmlns="http://www.sdmx.org/resources/sdmxml/schemas/v2_1/common">Caprauna</Name>
          <Name xml:lang="en" xmlns="http://www.sdmx.org/resources/sdmxml/schemas/v2_1/common">Caprauna</Name>
          <Parent>
            <Ref id="ITC16" xmlns="" />
          </Parent>
        </Code>
        <Code id="004040" urn="urn:sdmx:org.sdmx.infomodel.codelist.Code=IT1:CL_REFAREA(1.2).004040">
          <Name xml:lang="it" xmlns="http://www.sdmx.org/resources/sdmxml/schemas/v2_1/common">Caraglio</Name>
          <Name xml:lang="en" xmlns="http://www.sdmx.org/resources/sdmxml/schemas/v2_1/common">Caraglio</Name>
          <Parent>
            <Ref id="ITC16" xmlns="" />
          </Parent>
        </Code>
        <Code id="004041" urn="urn:sdmx:org.sdmx.infomodel.codelist.Code=IT1:CL_REFAREA(1.2).004041">
          <Name xml:lang="it" xmlns="http://www.sdmx.org/resources/sdmxml/schemas/v2_1/common">Caramagna Piemonte</Name>
          <Name xml:lang="en" xmlns="http://www.sdmx.org/resources/sdmxml/schemas/v2_1/common">Caramagna Piemonte</Name>
          <Parent>
            <Ref id="ITC16" xmlns="" />
          </Parent>
        </Code>
        <Code id="004042" urn="urn:sdmx:org.sdmx.infomodel.codelist.Code=IT1:CL_REFAREA(1.2).004042">
          <Name xml:lang="it" xmlns="http://www.sdmx.org/resources/sdmxml/schemas/v2_1/common">Cardè</Name>
          <Name xml:lang="en" xmlns="http://www.sdmx.org/resources/sdmxml/schemas/v2_1/common">Cardè</Name>
          <Parent>
            <Ref id="ITC16" xmlns="" />
          </Parent>
        </Code>
        <Code id="004043" urn="urn:sdmx:org.sdmx.infomodel.codelist.Code=IT1:CL_REFAREA(1.2).004043">
          <Name xml:lang="it" xmlns="http://www.sdmx.org/resources/sdmxml/schemas/v2_1/common">Carrù</Name>
          <Name xml:lang="en" xmlns="http://www.sdmx.org/resources/sdmxml/schemas/v2_1/common">Carrù</Name>
          <Parent>
            <Ref id="ITC16" xmlns="" />
          </Parent>
        </Code>
        <Code id="004044" urn="urn:sdmx:org.sdmx.infomodel.codelist.Code=IT1:CL_REFAREA(1.2).004044">
          <Name xml:lang="it" xmlns="http://www.sdmx.org/resources/sdmxml/schemas/v2_1/common">Cartignano</Name>
          <Name xml:lang="en" xmlns="http://www.sdmx.org/resources/sdmxml/schemas/v2_1/common">Cartignano</Name>
          <Parent>
            <Ref id="ITC16" xmlns="" />
          </Parent>
        </Code>
        <Code id="004045" urn="urn:sdmx:org.sdmx.infomodel.codelist.Code=IT1:CL_REFAREA(1.2).004045">
          <Name xml:lang="it" xmlns="http://www.sdmx.org/resources/sdmxml/schemas/v2_1/common">Casalgrasso</Name>
          <Name xml:lang="en" xmlns="http://www.sdmx.org/resources/sdmxml/schemas/v2_1/common">Casalgrasso</Name>
          <Parent>
            <Ref id="ITC16" xmlns="" />
          </Parent>
        </Code>
        <Code id="004046" urn="urn:sdmx:org.sdmx.infomodel.codelist.Code=IT1:CL_REFAREA(1.2).004046">
          <Name xml:lang="it" xmlns="http://www.sdmx.org/resources/sdmxml/schemas/v2_1/common">Castagnito</Name>
          <Name xml:lang="en" xmlns="http://www.sdmx.org/resources/sdmxml/schemas/v2_1/common">Castagnito</Name>
          <Parent>
            <Ref id="ITC16" xmlns="" />
          </Parent>
        </Code>
        <Code id="004047" urn="urn:sdmx:org.sdmx.infomodel.codelist.Code=IT1:CL_REFAREA(1.2).004047">
          <Name xml:lang="it" xmlns="http://www.sdmx.org/resources/sdmxml/schemas/v2_1/common">Casteldelfino</Name>
          <Name xml:lang="en" xmlns="http://www.sdmx.org/resources/sdmxml/schemas/v2_1/common">Casteldelfino</Name>
          <Parent>
            <Ref id="ITC16" xmlns="" />
          </Parent>
        </Code>
        <Code id="004048" urn="urn:sdmx:org.sdmx.infomodel.codelist.Code=IT1:CL_REFAREA(1.2).004048">
          <Name xml:lang="it" xmlns="http://www.sdmx.org/resources/sdmxml/schemas/v2_1/common">Castellar</Name>
          <Name xml:lang="en" xmlns="http://www.sdmx.org/resources/sdmxml/schemas/v2_1/common">Castellar</Name>
          <Parent>
            <Ref id="ITC16" xmlns="" />
          </Parent>
        </Code>
        <Code id="004049" urn="urn:sdmx:org.sdmx.infomodel.codelist.Code=IT1:CL_REFAREA(1.2).004049">
          <Name xml:lang="it" xmlns="http://www.sdmx.org/resources/sdmxml/schemas/v2_1/common">Castelletto Stura</Name>
          <Name xml:lang="en" xmlns="http://www.sdmx.org/resources/sdmxml/schemas/v2_1/common">Castelletto Stura</Name>
          <Parent>
            <Ref id="ITC16" xmlns="" />
          </Parent>
        </Code>
        <Code id="004050" urn="urn:sdmx:org.sdmx.infomodel.codelist.Code=IT1:CL_REFAREA(1.2).004050">
          <Name xml:lang="it" xmlns="http://www.sdmx.org/resources/sdmxml/schemas/v2_1/common">Castelletto Uzzone</Name>
          <Name xml:lang="en" xmlns="http://www.sdmx.org/resources/sdmxml/schemas/v2_1/common">Castelletto Uzzone</Name>
          <Parent>
            <Ref id="ITC16" xmlns="" />
          </Parent>
        </Code>
        <Code id="004051" urn="urn:sdmx:org.sdmx.infomodel.codelist.Code=IT1:CL_REFAREA(1.2).004051">
          <Name xml:lang="it" xmlns="http://www.sdmx.org/resources/sdmxml/schemas/v2_1/common">Castellinaldo</Name>
          <Name xml:lang="en" xmlns="http://www.sdmx.org/resources/sdmxml/schemas/v2_1/common">Castellinaldo</Name>
          <Parent>
            <Ref id="ITC16" xmlns="" />
          </Parent>
        </Code>
        <Code id="004052" urn="urn:sdmx:org.sdmx.infomodel.codelist.Code=IT1:CL_REFAREA(1.2).004052">
          <Name xml:lang="it" xmlns="http://www.sdmx.org/resources/sdmxml/schemas/v2_1/common">Castellino Tanaro</Name>
          <Name xml:lang="en" xmlns="http://www.sdmx.org/resources/sdmxml/schemas/v2_1/common">Castellino Tanaro</Name>
          <Parent>
            <Ref id="ITC16" xmlns="" />
          </Parent>
        </Code>
        <Code id="004053" urn="urn:sdmx:org.sdmx.infomodel.codelist.Code=IT1:CL_REFAREA(1.2).004053">
          <Name xml:lang="it" xmlns="http://www.sdmx.org/resources/sdmxml/schemas/v2_1/common">Castelmagno</Name>
          <Name xml:lang="en" xmlns="http://www.sdmx.org/resources/sdmxml/schemas/v2_1/common">Castelmagno</Name>
          <Parent>
            <Ref id="ITC16" xmlns="" />
          </Parent>
        </Code>
        <Code id="004054" urn="urn:sdmx:org.sdmx.infomodel.codelist.Code=IT1:CL_REFAREA(1.2).004054">
          <Name xml:lang="it" xmlns="http://www.sdmx.org/resources/sdmxml/schemas/v2_1/common">Castelnuovo di Ceva</Name>
          <Name xml:lang="en" xmlns="http://www.sdmx.org/resources/sdmxml/schemas/v2_1/common">Castelnuovo di Ceva</Name>
          <Parent>
            <Ref id="ITC16" xmlns="" />
          </Parent>
        </Code>
        <Code id="004055" urn="urn:sdmx:org.sdmx.infomodel.codelist.Code=IT1:CL_REFAREA(1.2).004055">
          <Name xml:lang="it" xmlns="http://www.sdmx.org/resources/sdmxml/schemas/v2_1/common">Castiglione Falletto</Name>
          <Name xml:lang="en" xmlns="http://www.sdmx.org/resources/sdmxml/schemas/v2_1/common">Castiglione Falletto</Name>
          <Parent>
            <Ref id="ITC16" xmlns="" />
          </Parent>
        </Code>
        <Code id="004056" urn="urn:sdmx:org.sdmx.infomodel.codelist.Code=IT1:CL_REFAREA(1.2).004056">
          <Name xml:lang="it" xmlns="http://www.sdmx.org/resources/sdmxml/schemas/v2_1/common">Castiglione Tinella</Name>
          <Name xml:lang="en" xmlns="http://www.sdmx.org/resources/sdmxml/schemas/v2_1/common">Castiglione Tinella</Name>
          <Parent>
            <Ref id="ITC16" xmlns="" />
          </Parent>
        </Code>
        <Code id="004057" urn="urn:sdmx:org.sdmx.infomodel.codelist.Code=IT1:CL_REFAREA(1.2).004057">
          <Name xml:lang="it" xmlns="http://www.sdmx.org/resources/sdmxml/schemas/v2_1/common">Castino</Name>
          <Name xml:lang="en" xmlns="http://www.sdmx.org/resources/sdmxml/schemas/v2_1/common">Castino</Name>
          <Parent>
            <Ref id="ITC16" xmlns="" />
          </Parent>
        </Code>
        <Code id="004058" urn="urn:sdmx:org.sdmx.infomodel.codelist.Code=IT1:CL_REFAREA(1.2).004058">
          <Name xml:lang="it" xmlns="http://www.sdmx.org/resources/sdmxml/schemas/v2_1/common">Cavallerleone</Name>
          <Name xml:lang="en" xmlns="http://www.sdmx.org/resources/sdmxml/schemas/v2_1/common">Cavallerleone</Name>
          <Parent>
            <Ref id="ITC16" xmlns="" />
          </Parent>
        </Code>
        <Code id="004059" urn="urn:sdmx:org.sdmx.infomodel.codelist.Code=IT1:CL_REFAREA(1.2).004059">
          <Name xml:lang="it" xmlns="http://www.sdmx.org/resources/sdmxml/schemas/v2_1/common">Cavallermaggiore</Name>
          <Name xml:lang="en" xmlns="http://www.sdmx.org/resources/sdmxml/schemas/v2_1/common">Cavallermaggiore</Name>
          <Parent>
            <Ref id="ITC16" xmlns="" />
          </Parent>
        </Code>
        <Code id="004060" urn="urn:sdmx:org.sdmx.infomodel.codelist.Code=IT1:CL_REFAREA(1.2).004060">
          <Name xml:lang="it" xmlns="http://www.sdmx.org/resources/sdmxml/schemas/v2_1/common">Celle di Macra</Name>
          <Name xml:lang="en" xmlns="http://www.sdmx.org/resources/sdmxml/schemas/v2_1/common">Celle di Macra</Name>
          <Parent>
            <Ref id="ITC16" xmlns="" />
          </Parent>
        </Code>
        <Code id="004061" urn="urn:sdmx:org.sdmx.infomodel.codelist.Code=IT1:CL_REFAREA(1.2).004061">
          <Name xml:lang="it" xmlns="http://www.sdmx.org/resources/sdmxml/schemas/v2_1/common">Centallo</Name>
          <Name xml:lang="en" xmlns="http://www.sdmx.org/resources/sdmxml/schemas/v2_1/common">Centallo</Name>
          <Parent>
            <Ref id="ITC16" xmlns="" />
          </Parent>
        </Code>
        <Code id="004062" urn="urn:sdmx:org.sdmx.infomodel.codelist.Code=IT1:CL_REFAREA(1.2).004062">
          <Name xml:lang="it" xmlns="http://www.sdmx.org/resources/sdmxml/schemas/v2_1/common">Ceresole Alba</Name>
          <Name xml:lang="en" xmlns="http://www.sdmx.org/resources/sdmxml/schemas/v2_1/common">Ceresole Alba</Name>
          <Parent>
            <Ref id="ITC16" xmlns="" />
          </Parent>
        </Code>
        <Code id="004063" urn="urn:sdmx:org.sdmx.infomodel.codelist.Code=IT1:CL_REFAREA(1.2).004063">
          <Name xml:lang="it" xmlns="http://www.sdmx.org/resources/sdmxml/schemas/v2_1/common">Cerretto Langhe</Name>
          <Name xml:lang="en" xmlns="http://www.sdmx.org/resources/sdmxml/schemas/v2_1/common">Cerretto Langhe</Name>
          <Parent>
            <Ref id="ITC16" xmlns="" />
          </Parent>
        </Code>
        <Code id="004064" urn="urn:sdmx:org.sdmx.infomodel.codelist.Code=IT1:CL_REFAREA(1.2).004064">
          <Name xml:lang="it" xmlns="http://www.sdmx.org/resources/sdmxml/schemas/v2_1/common">Cervasca</Name>
          <Name xml:lang="en" xmlns="http://www.sdmx.org/resources/sdmxml/schemas/v2_1/common">Cervasca</Name>
          <Parent>
            <Ref id="ITC16" xmlns="" />
          </Parent>
        </Code>
        <Code id="004065" urn="urn:sdmx:org.sdmx.infomodel.codelist.Code=IT1:CL_REFAREA(1.2).004065">
          <Name xml:lang="it" xmlns="http://www.sdmx.org/resources/sdmxml/schemas/v2_1/common">Cervere</Name>
          <Name xml:lang="en" xmlns="http://www.sdmx.org/resources/sdmxml/schemas/v2_1/common">Cervere</Name>
          <Parent>
            <Ref id="ITC16" xmlns="" />
          </Parent>
        </Code>
        <Code id="004066" urn="urn:sdmx:org.sdmx.infomodel.codelist.Code=IT1:CL_REFAREA(1.2).004066">
          <Name xml:lang="it" xmlns="http://www.sdmx.org/resources/sdmxml/schemas/v2_1/common">Ceva</Name>
          <Name xml:lang="en" xmlns="http://www.sdmx.org/resources/sdmxml/schemas/v2_1/common">Ceva</Name>
          <Parent>
            <Ref id="ITC16" xmlns="" />
          </Parent>
        </Code>
        <Code id="004067" urn="urn:sdmx:org.sdmx.infomodel.codelist.Code=IT1:CL_REFAREA(1.2).004067">
          <Name xml:lang="it" xmlns="http://www.sdmx.org/resources/sdmxml/schemas/v2_1/common">Cherasco</Name>
          <Name xml:lang="en" xmlns="http://www.sdmx.org/resources/sdmxml/schemas/v2_1/common">Cherasco</Name>
          <Parent>
            <Ref id="ITC16" xmlns="" />
          </Parent>
        </Code>
        <Code id="004068" urn="urn:sdmx:org.sdmx.infomodel.codelist.Code=IT1:CL_REFAREA(1.2).004068">
          <Name xml:lang="it" xmlns="http://www.sdmx.org/resources/sdmxml/schemas/v2_1/common">Chiusa di Pesio</Name>
          <Name xml:lang="en" xmlns="http://www.sdmx.org/resources/sdmxml/schemas/v2_1/common">Chiusa di Pesio</Name>
          <Parent>
            <Ref id="ITC16" xmlns="" />
          </Parent>
        </Code>
        <Code id="004069" urn="urn:sdmx:org.sdmx.infomodel.codelist.Code=IT1:CL_REFAREA(1.2).004069">
          <Name xml:lang="it" xmlns="http://www.sdmx.org/resources/sdmxml/schemas/v2_1/common">Cigliè</Name>
          <Name xml:lang="en" xmlns="http://www.sdmx.org/resources/sdmxml/schemas/v2_1/common">Cigliè</Name>
          <Parent>
            <Ref id="ITC16" xmlns="" />
          </Parent>
        </Code>
        <Code id="004070" urn="urn:sdmx:org.sdmx.infomodel.codelist.Code=IT1:CL_REFAREA(1.2).004070">
          <Name xml:lang="it" xmlns="http://www.sdmx.org/resources/sdmxml/schemas/v2_1/common">Cissone</Name>
          <Name xml:lang="en" xmlns="http://www.sdmx.org/resources/sdmxml/schemas/v2_1/common">Cissone</Name>
          <Parent>
            <Ref id="ITC16" xmlns="" />
          </Parent>
        </Code>
        <Code id="004071" urn="urn:sdmx:org.sdmx.infomodel.codelist.Code=IT1:CL_REFAREA(1.2).004071">
          <Name xml:lang="it" xmlns="http://www.sdmx.org/resources/sdmxml/schemas/v2_1/common">Clavesana</Name>
          <Name xml:lang="en" xmlns="http://www.sdmx.org/resources/sdmxml/schemas/v2_1/common">Clavesana</Name>
          <Parent>
            <Ref id="ITC16" xmlns="" />
          </Parent>
        </Code>
        <Code id="004072" urn="urn:sdmx:org.sdmx.infomodel.codelist.Code=IT1:CL_REFAREA(1.2).004072">
          <Name xml:lang="it" xmlns="http://www.sdmx.org/resources/sdmxml/schemas/v2_1/common">Corneliano d'Alba</Name>
          <Name xml:lang="en" xmlns="http://www.sdmx.org/resources/sdmxml/schemas/v2_1/common">Corneliano d'Alba</Name>
          <Parent>
            <Ref id="ITC16" xmlns="" />
          </Parent>
        </Code>
        <Code id="004073" urn="urn:sdmx:org.sdmx.infomodel.codelist.Code=IT1:CL_REFAREA(1.2).004073">
          <Name xml:lang="it" xmlns="http://www.sdmx.org/resources/sdmxml/schemas/v2_1/common">Cortemilia</Name>
          <Name xml:lang="en" xmlns="http://www.sdmx.org/resources/sdmxml/schemas/v2_1/common">Cortemilia</Name>
          <Parent>
            <Ref id="ITC16" xmlns="" />
          </Parent>
        </Code>
        <Code id="004074" urn="urn:sdmx:org.sdmx.infomodel.codelist.Code=IT1:CL_REFAREA(1.2).004074">
          <Name xml:lang="it" xmlns="http://www.sdmx.org/resources/sdmxml/schemas/v2_1/common">Cossano Belbo</Name>
          <Name xml:lang="en" xmlns="http://www.sdmx.org/resources/sdmxml/schemas/v2_1/common">Cossano Belbo</Name>
          <Parent>
            <Ref id="ITC16" xmlns="" />
          </Parent>
        </Code>
        <Code id="004075" urn="urn:sdmx:org.sdmx.infomodel.codelist.Code=IT1:CL_REFAREA(1.2).004075">
          <Name xml:lang="it" xmlns="http://www.sdmx.org/resources/sdmxml/schemas/v2_1/common">Costigliole Saluzzo</Name>
          <Name xml:lang="en" xmlns="http://www.sdmx.org/resources/sdmxml/schemas/v2_1/common">Costigliole Saluzzo</Name>
          <Parent>
            <Ref id="ITC16" xmlns="" />
          </Parent>
        </Code>
        <Code id="004076" urn="urn:sdmx:org.sdmx.infomodel.codelist.Code=IT1:CL_REFAREA(1.2).004076">
          <Name xml:lang="it" xmlns="http://www.sdmx.org/resources/sdmxml/schemas/v2_1/common">Cravanzana</Name>
          <Name xml:lang="en" xmlns="http://www.sdmx.org/resources/sdmxml/schemas/v2_1/common">Cravanzana</Name>
          <Parent>
            <Ref id="ITC16" xmlns="" />
          </Parent>
        </Code>
        <Code id="004077" urn="urn:sdmx:org.sdmx.infomodel.codelist.Code=IT1:CL_REFAREA(1.2).004077">
          <Name xml:lang="it" xmlns="http://www.sdmx.org/resources/sdmxml/schemas/v2_1/common">Crissolo</Name>
          <Name xml:lang="en" xmlns="http://www.sdmx.org/resources/sdmxml/schemas/v2_1/common">Crissolo</Name>
          <Parent>
            <Ref id="ITC16" xmlns="" />
          </Parent>
        </Code>
        <Code id="004078" urn="urn:sdmx:org.sdmx.infomodel.codelist.Code=IT1:CL_REFAREA(1.2).004078">
          <Name xml:lang="it" xmlns="http://www.sdmx.org/resources/sdmxml/schemas/v2_1/common">Cuneo</Name>
          <Name xml:lang="en" xmlns="http://www.sdmx.org/resources/sdmxml/schemas/v2_1/common">Cuneo</Name>
          <Parent>
            <Ref id="ITC16" xmlns="" />
          </Parent>
        </Code>
        <Code id="004079" urn="urn:sdmx:org.sdmx.infomodel.codelist.Code=IT1:CL_REFAREA(1.2).004079">
          <Name xml:lang="it" xmlns="http://www.sdmx.org/resources/sdmxml/schemas/v2_1/common">Demonte</Name>
          <Name xml:lang="en" xmlns="http://www.sdmx.org/resources/sdmxml/schemas/v2_1/common">Demonte</Name>
          <Parent>
            <Ref id="ITC16" xmlns="" />
          </Parent>
        </Code>
        <Code id="004080" urn="urn:sdmx:org.sdmx.infomodel.codelist.Code=IT1:CL_REFAREA(1.2).004080">
          <Name xml:lang="it" xmlns="http://www.sdmx.org/resources/sdmxml/schemas/v2_1/common">Diano d'Alba</Name>
          <Name xml:lang="en" xmlns="http://www.sdmx.org/resources/sdmxml/schemas/v2_1/common">Diano d'Alba</Name>
          <Parent>
            <Ref id="ITC16" xmlns="" />
          </Parent>
        </Code>
        <Code id="004081" urn="urn:sdmx:org.sdmx.infomodel.codelist.Code=IT1:CL_REFAREA(1.2).004081">
          <Name xml:lang="it" xmlns="http://www.sdmx.org/resources/sdmxml/schemas/v2_1/common">Dogliani</Name>
          <Name xml:lang="en" xmlns="http://www.sdmx.org/resources/sdmxml/schemas/v2_1/common">Dogliani</Name>
          <Parent>
            <Ref id="ITC16" xmlns="" />
          </Parent>
        </Code>
        <Code id="004082" urn="urn:sdmx:org.sdmx.infomodel.codelist.Code=IT1:CL_REFAREA(1.2).004082">
          <Name xml:lang="it" xmlns="http://www.sdmx.org/resources/sdmxml/schemas/v2_1/common">Dronero</Name>
          <Name xml:lang="en" xmlns="http://www.sdmx.org/resources/sdmxml/schemas/v2_1/common">Dronero</Name>
          <Parent>
            <Ref id="ITC16" xmlns="" />
          </Parent>
        </Code>
        <Code id="004083" urn="urn:sdmx:org.sdmx.infomodel.codelist.Code=IT1:CL_REFAREA(1.2).004083">
          <Name xml:lang="it" xmlns="http://www.sdmx.org/resources/sdmxml/schemas/v2_1/common">Elva</Name>
          <Name xml:lang="en" xmlns="http://www.sdmx.org/resources/sdmxml/schemas/v2_1/common">Elva</Name>
          <Parent>
            <Ref id="ITC16" xmlns="" />
          </Parent>
        </Code>
        <Code id="004084" urn="urn:sdmx:org.sdmx.infomodel.codelist.Code=IT1:CL_REFAREA(1.2).004084">
          <Name xml:lang="it" xmlns="http://www.sdmx.org/resources/sdmxml/schemas/v2_1/common">Entracque</Name>
          <Name xml:lang="en" xmlns="http://www.sdmx.org/resources/sdmxml/schemas/v2_1/common">Entracque</Name>
          <Parent>
            <Ref id="ITC16" xmlns="" />
          </Parent>
        </Code>
        <Code id="004085" urn="urn:sdmx:org.sdmx.infomodel.codelist.Code=IT1:CL_REFAREA(1.2).004085">
          <Name xml:lang="it" xmlns="http://www.sdmx.org/resources/sdmxml/schemas/v2_1/common">Envie</Name>
          <Name xml:lang="en" xmlns="http://www.sdmx.org/resources/sdmxml/schemas/v2_1/common">Envie</Name>
          <Parent>
            <Ref id="ITC16" xmlns="" />
          </Parent>
        </Code>
        <Code id="004086" urn="urn:sdmx:org.sdmx.infomodel.codelist.Code=IT1:CL_REFAREA(1.2).004086">
          <Name xml:lang="it" xmlns="http://www.sdmx.org/resources/sdmxml/schemas/v2_1/common">Farigliano</Name>
          <Name xml:lang="en" xmlns="http://www.sdmx.org/resources/sdmxml/schemas/v2_1/common">Farigliano</Name>
          <Parent>
            <Ref id="ITC16" xmlns="" />
          </Parent>
        </Code>
        <Code id="004087" urn="urn:sdmx:org.sdmx.infomodel.codelist.Code=IT1:CL_REFAREA(1.2).004087">
          <Name xml:lang="it" xmlns="http://www.sdmx.org/resources/sdmxml/schemas/v2_1/common">Faule</Name>
          <Name xml:lang="en" xmlns="http://www.sdmx.org/resources/sdmxml/schemas/v2_1/common">Faule</Name>
          <Parent>
            <Ref id="ITC16" xmlns="" />
          </Parent>
        </Code>
        <Code id="004088" urn="urn:sdmx:org.sdmx.infomodel.codelist.Code=IT1:CL_REFAREA(1.2).004088">
          <Name xml:lang="it" xmlns="http://www.sdmx.org/resources/sdmxml/schemas/v2_1/common">Feisoglio</Name>
          <Name xml:lang="en" xmlns="http://www.sdmx.org/resources/sdmxml/schemas/v2_1/common">Feisoglio</Name>
          <Parent>
            <Ref id="ITC16" xmlns="" />
          </Parent>
        </Code>
        <Code id="004089" urn="urn:sdmx:org.sdmx.infomodel.codelist.Code=IT1:CL_REFAREA(1.2).004089">
          <Name xml:lang="it" xmlns="http://www.sdmx.org/resources/sdmxml/schemas/v2_1/common">Fossano</Name>
          <Name xml:lang="en" xmlns="http://www.sdmx.org/resources/sdmxml/schemas/v2_1/common">Fossano</Name>
          <Parent>
            <Ref id="ITC16" xmlns="" />
          </Parent>
        </Code>
        <Code id="004090" urn="urn:sdmx:org.sdmx.infomodel.codelist.Code=IT1:CL_REFAREA(1.2).004090">
          <Name xml:lang="it" xmlns="http://www.sdmx.org/resources/sdmxml/schemas/v2_1/common">Frabosa Soprana</Name>
          <Name xml:lang="en" xmlns="http://www.sdmx.org/resources/sdmxml/schemas/v2_1/common">Frabosa Soprana</Name>
          <Parent>
            <Ref id="ITC16" xmlns="" />
          </Parent>
        </Code>
        <Code id="004091" urn="urn:sdmx:org.sdmx.infomodel.codelist.Code=IT1:CL_REFAREA(1.2).004091">
          <Name xml:lang="it" xmlns="http://www.sdmx.org/resources/sdmxml/schemas/v2_1/common">Frabosa Sottana</Name>
          <Name xml:lang="en" xmlns="http://www.sdmx.org/resources/sdmxml/schemas/v2_1/common">Frabosa Sottana</Name>
          <Parent>
            <Ref id="ITC16" xmlns="" />
          </Parent>
        </Code>
        <Code id="004092" urn="urn:sdmx:org.sdmx.infomodel.codelist.Code=IT1:CL_REFAREA(1.2).004092">
          <Name xml:lang="it" xmlns="http://www.sdmx.org/resources/sdmxml/schemas/v2_1/common">Frassino</Name>
          <Name xml:lang="en" xmlns="http://www.sdmx.org/resources/sdmxml/schemas/v2_1/common">Frassino</Name>
          <Parent>
            <Ref id="ITC16" xmlns="" />
          </Parent>
        </Code>
        <Code id="004093" urn="urn:sdmx:org.sdmx.infomodel.codelist.Code=IT1:CL_REFAREA(1.2).004093">
          <Name xml:lang="it" xmlns="http://www.sdmx.org/resources/sdmxml/schemas/v2_1/common">Gaiola</Name>
          <Name xml:lang="en" xmlns="http://www.sdmx.org/resources/sdmxml/schemas/v2_1/common">Gaiola</Name>
          <Parent>
            <Ref id="ITC16" xmlns="" />
          </Parent>
        </Code>
        <Code id="004094" urn="urn:sdmx:org.sdmx.infomodel.codelist.Code=IT1:CL_REFAREA(1.2).004094">
          <Name xml:lang="it" xmlns="http://www.sdmx.org/resources/sdmxml/schemas/v2_1/common">Gambasca</Name>
          <Name xml:lang="en" xmlns="http://www.sdmx.org/resources/sdmxml/schemas/v2_1/common">Gambasca</Name>
          <Parent>
            <Ref id="ITC16" xmlns="" />
          </Parent>
        </Code>
        <Code id="004095" urn="urn:sdmx:org.sdmx.infomodel.codelist.Code=IT1:CL_REFAREA(1.2).004095">
          <Name xml:lang="it" xmlns="http://www.sdmx.org/resources/sdmxml/schemas/v2_1/common">Garessio</Name>
          <Name xml:lang="en" xmlns="http://www.sdmx.org/resources/sdmxml/schemas/v2_1/common">Garessio</Name>
          <Parent>
            <Ref id="ITC16" xmlns="" />
          </Parent>
        </Code>
        <Code id="004096" urn="urn:sdmx:org.sdmx.infomodel.codelist.Code=IT1:CL_REFAREA(1.2).004096">
          <Name xml:lang="it" xmlns="http://www.sdmx.org/resources/sdmxml/schemas/v2_1/common">Genola</Name>
          <Name xml:lang="en" xmlns="http://www.sdmx.org/resources/sdmxml/schemas/v2_1/common">Genola</Name>
          <Parent>
            <Ref id="ITC16" xmlns="" />
          </Parent>
        </Code>
        <Code id="004097" urn="urn:sdmx:org.sdmx.infomodel.codelist.Code=IT1:CL_REFAREA(1.2).004097">
          <Name xml:lang="it" xmlns="http://www.sdmx.org/resources/sdmxml/schemas/v2_1/common">Gorzegno</Name>
          <Name xml:lang="en" xmlns="http://www.sdmx.org/resources/sdmxml/schemas/v2_1/common">Gorzegno</Name>
          <Parent>
            <Ref id="ITC16" xmlns="" />
          </Parent>
        </Code>
        <Code id="004098" urn="urn:sdmx:org.sdmx.infomodel.codelist.Code=IT1:CL_REFAREA(1.2).004098">
          <Name xml:lang="it" xmlns="http://www.sdmx.org/resources/sdmxml/schemas/v2_1/common">Gottasecca</Name>
          <Name xml:lang="en" xmlns="http://www.sdmx.org/resources/sdmxml/schemas/v2_1/common">Gottasecca</Name>
          <Parent>
            <Ref id="ITC16" xmlns="" />
          </Parent>
        </Code>
        <Code id="004099" urn="urn:sdmx:org.sdmx.infomodel.codelist.Code=IT1:CL_REFAREA(1.2).004099">
          <Name xml:lang="it" xmlns="http://www.sdmx.org/resources/sdmxml/schemas/v2_1/common">Govone</Name>
          <Name xml:lang="en" xmlns="http://www.sdmx.org/resources/sdmxml/schemas/v2_1/common">Govone</Name>
          <Parent>
            <Ref id="ITC16" xmlns="" />
          </Parent>
        </Code>
        <Code id="004100" urn="urn:sdmx:org.sdmx.infomodel.codelist.Code=IT1:CL_REFAREA(1.2).004100">
          <Name xml:lang="it" xmlns="http://www.sdmx.org/resources/sdmxml/schemas/v2_1/common">Grinzane Cavour</Name>
          <Name xml:lang="en" xmlns="http://www.sdmx.org/resources/sdmxml/schemas/v2_1/common">Grinzane Cavour</Name>
          <Parent>
            <Ref id="ITC16" xmlns="" />
          </Parent>
        </Code>
        <Code id="004101" urn="urn:sdmx:org.sdmx.infomodel.codelist.Code=IT1:CL_REFAREA(1.2).004101">
          <Name xml:lang="it" xmlns="http://www.sdmx.org/resources/sdmxml/schemas/v2_1/common">Guarene</Name>
          <Name xml:lang="en" xmlns="http://www.sdmx.org/resources/sdmxml/schemas/v2_1/common">Guarene</Name>
          <Parent>
            <Ref id="ITC16" xmlns="" />
          </Parent>
        </Code>
        <Code id="004102" urn="urn:sdmx:org.sdmx.infomodel.codelist.Code=IT1:CL_REFAREA(1.2).004102">
          <Name xml:lang="it" xmlns="http://www.sdmx.org/resources/sdmxml/schemas/v2_1/common">Igliano</Name>
          <Name xml:lang="en" xmlns="http://www.sdmx.org/resources/sdmxml/schemas/v2_1/common">Igliano</Name>
          <Parent>
            <Ref id="ITC16" xmlns="" />
          </Parent>
        </Code>
        <Code id="004103" urn="urn:sdmx:org.sdmx.infomodel.codelist.Code=IT1:CL_REFAREA(1.2).004103">
          <Name xml:lang="it" xmlns="http://www.sdmx.org/resources/sdmxml/schemas/v2_1/common">Isasca</Name>
          <Name xml:lang="en" xmlns="http://www.sdmx.org/resources/sdmxml/schemas/v2_1/common">Isasca</Name>
          <Parent>
            <Ref id="ITC16" xmlns="" />
          </Parent>
        </Code>
        <Code id="004104" urn="urn:sdmx:org.sdmx.infomodel.codelist.Code=IT1:CL_REFAREA(1.2).004104">
          <Name xml:lang="it" xmlns="http://www.sdmx.org/resources/sdmxml/schemas/v2_1/common">Lagnasco</Name>
          <Name xml:lang="en" xmlns="http://www.sdmx.org/resources/sdmxml/schemas/v2_1/common">Lagnasco</Name>
          <Parent>
            <Ref id="ITC16" xmlns="" />
          </Parent>
        </Code>
        <Code id="004105" urn="urn:sdmx:org.sdmx.infomodel.codelist.Code=IT1:CL_REFAREA(1.2).004105">
          <Name xml:lang="it" xmlns="http://www.sdmx.org/resources/sdmxml/schemas/v2_1/common">La Morra</Name>
          <Name xml:lang="en" xmlns="http://www.sdmx.org/resources/sdmxml/schemas/v2_1/common">La Morra</Name>
          <Parent>
            <Ref id="ITC16" xmlns="" />
          </Parent>
        </Code>
        <Code id="004106" urn="urn:sdmx:org.sdmx.infomodel.codelist.Code=IT1:CL_REFAREA(1.2).004106">
          <Name xml:lang="it" xmlns="http://www.sdmx.org/resources/sdmxml/schemas/v2_1/common">Lequio Berria</Name>
          <Name xml:lang="en" xmlns="http://www.sdmx.org/resources/sdmxml/schemas/v2_1/common">Lequio Berria</Name>
          <Parent>
            <Ref id="ITC16" xmlns="" />
          </Parent>
        </Code>
        <Code id="004107" urn="urn:sdmx:org.sdmx.infomodel.codelist.Code=IT1:CL_REFAREA(1.2).004107">
          <Name xml:lang="it" xmlns="http://www.sdmx.org/resources/sdmxml/schemas/v2_1/common">Lequio Tanaro</Name>
          <Name xml:lang="en" xmlns="http://www.sdmx.org/resources/sdmxml/schemas/v2_1/common">Lequio Tanaro</Name>
          <Parent>
            <Ref id="ITC16" xmlns="" />
          </Parent>
        </Code>
        <Code id="004108" urn="urn:sdmx:org.sdmx.infomodel.codelist.Code=IT1:CL_REFAREA(1.2).004108">
          <Name xml:lang="it" xmlns="http://www.sdmx.org/resources/sdmxml/schemas/v2_1/common">Lesegno</Name>
          <Name xml:lang="en" xmlns="http://www.sdmx.org/resources/sdmxml/schemas/v2_1/common">Lesegno</Name>
          <Parent>
            <Ref id="ITC16" xmlns="" />
          </Parent>
        </Code>
        <Code id="004109" urn="urn:sdmx:org.sdmx.infomodel.codelist.Code=IT1:CL_REFAREA(1.2).004109">
          <Name xml:lang="it" xmlns="http://www.sdmx.org/resources/sdmxml/schemas/v2_1/common">Levice</Name>
          <Name xml:lang="en" xmlns="http://www.sdmx.org/resources/sdmxml/schemas/v2_1/common">Levice</Name>
          <Parent>
            <Ref id="ITC16" xmlns="" />
          </Parent>
        </Code>
        <Code id="004110" urn="urn:sdmx:org.sdmx.infomodel.codelist.Code=IT1:CL_REFAREA(1.2).004110">
          <Name xml:lang="it" xmlns="http://www.sdmx.org/resources/sdmxml/schemas/v2_1/common">Limone Piemonte</Name>
          <Name xml:lang="en" xmlns="http://www.sdmx.org/resources/sdmxml/schemas/v2_1/common">Limone Piemonte</Name>
          <Parent>
            <Ref id="ITC16" xmlns="" />
          </Parent>
        </Code>
        <Code id="004111" urn="urn:sdmx:org.sdmx.infomodel.codelist.Code=IT1:CL_REFAREA(1.2).004111">
          <Name xml:lang="it" xmlns="http://www.sdmx.org/resources/sdmxml/schemas/v2_1/common">Lisio</Name>
          <Name xml:lang="en" xmlns="http://www.sdmx.org/resources/sdmxml/schemas/v2_1/common">Lisio</Name>
          <Parent>
            <Ref id="ITC16" xmlns="" />
          </Parent>
        </Code>
        <Code id="004112" urn="urn:sdmx:org.sdmx.infomodel.codelist.Code=IT1:CL_REFAREA(1.2).004112">
          <Name xml:lang="it" xmlns="http://www.sdmx.org/resources/sdmxml/schemas/v2_1/common">Macra</Name>
          <Name xml:lang="en" xmlns="http://www.sdmx.org/resources/sdmxml/schemas/v2_1/common">Macra</Name>
          <Parent>
            <Ref id="ITC16" xmlns="" />
          </Parent>
        </Code>
        <Code id="004113" urn="urn:sdmx:org.sdmx.infomodel.codelist.Code=IT1:CL_REFAREA(1.2).004113">
          <Name xml:lang="it" xmlns="http://www.sdmx.org/resources/sdmxml/schemas/v2_1/common">Magliano Alfieri</Name>
          <Name xml:lang="en" xmlns="http://www.sdmx.org/resources/sdmxml/schemas/v2_1/common">Magliano Alfieri</Name>
          <Parent>
            <Ref id="ITC16" xmlns="" />
          </Parent>
        </Code>
        <Code id="004114" urn="urn:sdmx:org.sdmx.infomodel.codelist.Code=IT1:CL_REFAREA(1.2).004114">
          <Name xml:lang="it" xmlns="http://www.sdmx.org/resources/sdmxml/schemas/v2_1/common">Magliano Alpi</Name>
          <Name xml:lang="en" xmlns="http://www.sdmx.org/resources/sdmxml/schemas/v2_1/common">Magliano Alpi</Name>
          <Parent>
            <Ref id="ITC16" xmlns="" />
          </Parent>
        </Code>
        <Code id="004115" urn="urn:sdmx:org.sdmx.infomodel.codelist.Code=IT1:CL_REFAREA(1.2).004115">
          <Name xml:lang="it" xmlns="http://www.sdmx.org/resources/sdmxml/schemas/v2_1/common">Mango</Name>
          <Name xml:lang="en" xmlns="http://www.sdmx.org/resources/sdmxml/schemas/v2_1/common">Mango</Name>
          <Parent>
            <Ref id="ITC16" xmlns="" />
          </Parent>
        </Code>
        <Code id="004116" urn="urn:sdmx:org.sdmx.infomodel.codelist.Code=IT1:CL_REFAREA(1.2).004116">
          <Name xml:lang="it" xmlns="http://www.sdmx.org/resources/sdmxml/schemas/v2_1/common">Manta</Name>
          <Name xml:lang="en" xmlns="http://www.sdmx.org/resources/sdmxml/schemas/v2_1/common">Manta</Name>
          <Parent>
            <Ref id="ITC16" xmlns="" />
          </Parent>
        </Code>
        <Code id="004117" urn="urn:sdmx:org.sdmx.infomodel.codelist.Code=IT1:CL_REFAREA(1.2).004117">
          <Name xml:lang="it" xmlns="http://www.sdmx.org/resources/sdmxml/schemas/v2_1/common">Marene</Name>
          <Name xml:lang="en" xmlns="http://www.sdmx.org/resources/sdmxml/schemas/v2_1/common">Marene</Name>
          <Parent>
            <Ref id="ITC16" xmlns="" />
          </Parent>
        </Code>
        <Code id="004118" urn="urn:sdmx:org.sdmx.infomodel.codelist.Code=IT1:CL_REFAREA(1.2).004118">
          <Name xml:lang="it" xmlns="http://www.sdmx.org/resources/sdmxml/schemas/v2_1/common">Margarita</Name>
          <Name xml:lang="en" xmlns="http://www.sdmx.org/resources/sdmxml/schemas/v2_1/common">Margarita</Name>
          <Parent>
            <Ref id="ITC16" xmlns="" />
          </Parent>
        </Code>
        <Code id="004119" urn="urn:sdmx:org.sdmx.infomodel.codelist.Code=IT1:CL_REFAREA(1.2).004119">
          <Name xml:lang="it" xmlns="http://www.sdmx.org/resources/sdmxml/schemas/v2_1/common">Marmora</Name>
          <Name xml:lang="en" xmlns="http://www.sdmx.org/resources/sdmxml/schemas/v2_1/common">Marmora</Name>
          <Parent>
            <Ref id="ITC16" xmlns="" />
          </Parent>
        </Code>
        <Code id="004120" urn="urn:sdmx:org.sdmx.infomodel.codelist.Code=IT1:CL_REFAREA(1.2).004120">
          <Name xml:lang="it" xmlns="http://www.sdmx.org/resources/sdmxml/schemas/v2_1/common">Marsaglia</Name>
          <Name xml:lang="en" xmlns="http://www.sdmx.org/resources/sdmxml/schemas/v2_1/common">Marsaglia</Name>
          <Parent>
            <Ref id="ITC16" xmlns="" />
          </Parent>
        </Code>
        <Code id="004121" urn="urn:sdmx:org.sdmx.infomodel.codelist.Code=IT1:CL_REFAREA(1.2).004121">
          <Name xml:lang="it" xmlns="http://www.sdmx.org/resources/sdmxml/schemas/v2_1/common">Martiniana Po</Name>
          <Name xml:lang="en" xmlns="http://www.sdmx.org/resources/sdmxml/schemas/v2_1/common">Martiniana Po</Name>
          <Parent>
            <Ref id="ITC16" xmlns="" />
          </Parent>
        </Code>
        <Code id="004122" urn="urn:sdmx:org.sdmx.infomodel.codelist.Code=IT1:CL_REFAREA(1.2).004122">
          <Name xml:lang="it" xmlns="http://www.sdmx.org/resources/sdmxml/schemas/v2_1/common">Melle</Name>
          <Name xml:lang="en" xmlns="http://www.sdmx.org/resources/sdmxml/schemas/v2_1/common">Melle</Name>
          <Parent>
            <Ref id="ITC16" xmlns="" />
          </Parent>
        </Code>
        <Code id="004123" urn="urn:sdmx:org.sdmx.infomodel.codelist.Code=IT1:CL_REFAREA(1.2).004123">
          <Name xml:lang="it" xmlns="http://www.sdmx.org/resources/sdmxml/schemas/v2_1/common">Moiola</Name>
          <Name xml:lang="en" xmlns="http://www.sdmx.org/resources/sdmxml/schemas/v2_1/common">Moiola</Name>
          <Parent>
            <Ref id="ITC16" xmlns="" />
          </Parent>
        </Code>
        <Code id="004124" urn="urn:sdmx:org.sdmx.infomodel.codelist.Code=IT1:CL_REFAREA(1.2).004124">
          <Name xml:lang="it" xmlns="http://www.sdmx.org/resources/sdmxml/schemas/v2_1/common">Mombarcaro</Name>
          <Name xml:lang="en" xmlns="http://www.sdmx.org/resources/sdmxml/schemas/v2_1/common">Mombarcaro</Name>
          <Parent>
            <Ref id="ITC16" xmlns="" />
          </Parent>
        </Code>
        <Code id="004125" urn="urn:sdmx:org.sdmx.infomodel.codelist.Code=IT1:CL_REFAREA(1.2).004125">
          <Name xml:lang="it" xmlns="http://www.sdmx.org/resources/sdmxml/schemas/v2_1/common">Mombasiglio</Name>
          <Name xml:lang="en" xmlns="http://www.sdmx.org/resources/sdmxml/schemas/v2_1/common">Mombasiglio</Name>
          <Parent>
            <Ref id="ITC16" xmlns="" />
          </Parent>
        </Code>
        <Code id="004126" urn="urn:sdmx:org.sdmx.infomodel.codelist.Code=IT1:CL_REFAREA(1.2).004126">
          <Name xml:lang="it" xmlns="http://www.sdmx.org/resources/sdmxml/schemas/v2_1/common">Monastero di Vasco</Name>
          <Name xml:lang="en" xmlns="http://www.sdmx.org/resources/sdmxml/schemas/v2_1/common">Monastero di Vasco</Name>
          <Parent>
            <Ref id="ITC16" xmlns="" />
          </Parent>
        </Code>
        <Code id="004127" urn="urn:sdmx:org.sdmx.infomodel.codelist.Code=IT1:CL_REFAREA(1.2).004127">
          <Name xml:lang="it" xmlns="http://www.sdmx.org/resources/sdmxml/schemas/v2_1/common">Monasterolo Casotto</Name>
          <Name xml:lang="en" xmlns="http://www.sdmx.org/resources/sdmxml/schemas/v2_1/common">Monasterolo Casotto</Name>
          <Parent>
            <Ref id="ITC16" xmlns="" />
          </Parent>
        </Code>
        <Code id="004128" urn="urn:sdmx:org.sdmx.infomodel.codelist.Code=IT1:CL_REFAREA(1.2).004128">
          <Name xml:lang="it" xmlns="http://www.sdmx.org/resources/sdmxml/schemas/v2_1/common">Monasterolo di Savigliano</Name>
          <Name xml:lang="en" xmlns="http://www.sdmx.org/resources/sdmxml/schemas/v2_1/common">Monasterolo di Savigliano</Name>
          <Parent>
            <Ref id="ITC16" xmlns="" />
          </Parent>
        </Code>
        <Code id="004129" urn="urn:sdmx:org.sdmx.infomodel.codelist.Code=IT1:CL_REFAREA(1.2).004129">
          <Name xml:lang="it" xmlns="http://www.sdmx.org/resources/sdmxml/schemas/v2_1/common">Monchiero</Name>
          <Name xml:lang="en" xmlns="http://www.sdmx.org/resources/sdmxml/schemas/v2_1/common">Monchiero</Name>
          <Parent>
            <Ref id="ITC16" xmlns="" />
          </Parent>
        </Code>
        <Code id="004130" urn="urn:sdmx:org.sdmx.infomodel.codelist.Code=IT1:CL_REFAREA(1.2).004130">
          <Name xml:lang="it" xmlns="http://www.sdmx.org/resources/sdmxml/schemas/v2_1/common">Mondovì</Name>
          <Name xml:lang="en" xmlns="http://www.sdmx.org/resources/sdmxml/schemas/v2_1/common">Mondovì</Name>
          <Parent>
            <Ref id="ITC16" xmlns="" />
          </Parent>
        </Code>
        <Code id="004131" urn="urn:sdmx:org.sdmx.infomodel.codelist.Code=IT1:CL_REFAREA(1.2).004131">
          <Name xml:lang="it" xmlns="http://www.sdmx.org/resources/sdmxml/schemas/v2_1/common">Monesiglio</Name>
          <Name xml:lang="en" xmlns="http://www.sdmx.org/resources/sdmxml/schemas/v2_1/common">Monesiglio</Name>
          <Parent>
            <Ref id="ITC16" xmlns="" />
          </Parent>
        </Code>
        <Code id="004132" urn="urn:sdmx:org.sdmx.infomodel.codelist.Code=IT1:CL_REFAREA(1.2).004132">
          <Name xml:lang="it" xmlns="http://www.sdmx.org/resources/sdmxml/schemas/v2_1/common">Monforte d'Alba</Name>
          <Name xml:lang="en" xmlns="http://www.sdmx.org/resources/sdmxml/schemas/v2_1/common">Monforte d'Alba</Name>
          <Parent>
            <Ref id="ITC16" xmlns="" />
          </Parent>
        </Code>
        <Code id="004133" urn="urn:sdmx:org.sdmx.infomodel.codelist.Code=IT1:CL_REFAREA(1.2).004133">
          <Name xml:lang="it" xmlns="http://www.sdmx.org/resources/sdmxml/schemas/v2_1/common">Montà</Name>
          <Name xml:lang="en" xmlns="http://www.sdmx.org/resources/sdmxml/schemas/v2_1/common">Montà</Name>
          <Parent>
            <Ref id="ITC16" xmlns="" />
          </Parent>
        </Code>
        <Code id="004134" urn="urn:sdmx:org.sdmx.infomodel.codelist.Code=IT1:CL_REFAREA(1.2).004134">
          <Name xml:lang="it" xmlns="http://www.sdmx.org/resources/sdmxml/schemas/v2_1/common">Montaldo di Mondovì</Name>
          <Name xml:lang="en" xmlns="http://www.sdmx.org/resources/sdmxml/schemas/v2_1/common">Montaldo di Mondovì</Name>
          <Parent>
            <Ref id="ITC16" xmlns="" />
          </Parent>
        </Code>
        <Code id="004135" urn="urn:sdmx:org.sdmx.infomodel.codelist.Code=IT1:CL_REFAREA(1.2).004135">
          <Name xml:lang="it" xmlns="http://www.sdmx.org/resources/sdmxml/schemas/v2_1/common">Montaldo Roero</Name>
          <Name xml:lang="en" xmlns="http://www.sdmx.org/resources/sdmxml/schemas/v2_1/common">Montaldo Roero</Name>
          <Parent>
            <Ref id="ITC16" xmlns="" />
          </Parent>
        </Code>
        <Code id="004136" urn="urn:sdmx:org.sdmx.infomodel.codelist.Code=IT1:CL_REFAREA(1.2).004136">
          <Name xml:lang="it" xmlns="http://www.sdmx.org/resources/sdmxml/schemas/v2_1/common">Montanera</Name>
          <Name xml:lang="en" xmlns="http://www.sdmx.org/resources/sdmxml/schemas/v2_1/common">Montanera</Name>
          <Parent>
            <Ref id="ITC16" xmlns="" />
          </Parent>
        </Code>
        <Code id="004137" urn="urn:sdmx:org.sdmx.infomodel.codelist.Code=IT1:CL_REFAREA(1.2).004137">
          <Name xml:lang="it" xmlns="http://www.sdmx.org/resources/sdmxml/schemas/v2_1/common">Montelupo Albese</Name>
          <Name xml:lang="en" xmlns="http://www.sdmx.org/resources/sdmxml/schemas/v2_1/common">Montelupo Albese</Name>
          <Parent>
            <Ref id="ITC16" xmlns="" />
          </Parent>
        </Code>
        <Code id="004138" urn="urn:sdmx:org.sdmx.infomodel.codelist.Code=IT1:CL_REFAREA(1.2).004138">
          <Name xml:lang="it" xmlns="http://www.sdmx.org/resources/sdmxml/schemas/v2_1/common">Montemale di Cuneo</Name>
          <Name xml:lang="en" xmlns="http://www.sdmx.org/resources/sdmxml/schemas/v2_1/common">Montemale di Cuneo</Name>
          <Parent>
            <Ref id="ITC16" xmlns="" />
          </Parent>
        </Code>
        <Code id="004139" urn="urn:sdmx:org.sdmx.infomodel.codelist.Code=IT1:CL_REFAREA(1.2).004139">
          <Name xml:lang="it" xmlns="http://www.sdmx.org/resources/sdmxml/schemas/v2_1/common">Monterosso Grana</Name>
          <Name xml:lang="en" xmlns="http://www.sdmx.org/resources/sdmxml/schemas/v2_1/common">Monterosso Grana</Name>
          <Parent>
            <Ref id="ITC16" xmlns="" />
          </Parent>
        </Code>
        <Code id="004140" urn="urn:sdmx:org.sdmx.infomodel.codelist.Code=IT1:CL_REFAREA(1.2).004140">
          <Name xml:lang="it" xmlns="http://www.sdmx.org/resources/sdmxml/schemas/v2_1/common">Monteu Roero</Name>
          <Name xml:lang="en" xmlns="http://www.sdmx.org/resources/sdmxml/schemas/v2_1/common">Monteu Roero</Name>
          <Parent>
            <Ref id="ITC16" xmlns="" />
          </Parent>
        </Code>
        <Code id="004141" urn="urn:sdmx:org.sdmx.infomodel.codelist.Code=IT1:CL_REFAREA(1.2).004141">
          <Name xml:lang="it" xmlns="http://www.sdmx.org/resources/sdmxml/schemas/v2_1/common">Montezemolo</Name>
          <Name xml:lang="en" xmlns="http://www.sdmx.org/resources/sdmxml/schemas/v2_1/common">Montezemolo</Name>
          <Parent>
            <Ref id="ITC16" xmlns="" />
          </Parent>
        </Code>
        <Code id="004142" urn="urn:sdmx:org.sdmx.infomodel.codelist.Code=IT1:CL_REFAREA(1.2).004142">
          <Name xml:lang="it" xmlns="http://www.sdmx.org/resources/sdmxml/schemas/v2_1/common">Monticello d'Alba</Name>
          <Name xml:lang="en" xmlns="http://www.sdmx.org/resources/sdmxml/schemas/v2_1/common">Monticello d'Alba</Name>
          <Parent>
            <Ref id="ITC16" xmlns="" />
          </Parent>
        </Code>
        <Code id="004143" urn="urn:sdmx:org.sdmx.infomodel.codelist.Code=IT1:CL_REFAREA(1.2).004143">
          <Name xml:lang="it" xmlns="http://www.sdmx.org/resources/sdmxml/schemas/v2_1/common">Moretta</Name>
          <Name xml:lang="en" xmlns="http://www.sdmx.org/resources/sdmxml/schemas/v2_1/common">Moretta</Name>
          <Parent>
            <Ref id="ITC16" xmlns="" />
          </Parent>
        </Code>
        <Code id="004144" urn="urn:sdmx:org.sdmx.infomodel.codelist.Code=IT1:CL_REFAREA(1.2).004144">
          <Name xml:lang="it" xmlns="http://www.sdmx.org/resources/sdmxml/schemas/v2_1/common">Morozzo</Name>
          <Name xml:lang="en" xmlns="http://www.sdmx.org/resources/sdmxml/schemas/v2_1/common">Morozzo</Name>
          <Parent>
            <Ref id="ITC16" xmlns="" />
          </Parent>
        </Code>
        <Code id="004145" urn="urn:sdmx:org.sdmx.infomodel.codelist.Code=IT1:CL_REFAREA(1.2).004145">
          <Name xml:lang="it" xmlns="http://www.sdmx.org/resources/sdmxml/schemas/v2_1/common">Murazzano</Name>
          <Name xml:lang="en" xmlns="http://www.sdmx.org/resources/sdmxml/schemas/v2_1/common">Murazzano</Name>
          <Parent>
            <Ref id="ITC16" xmlns="" />
          </Parent>
        </Code>
        <Code id="004146" urn="urn:sdmx:org.sdmx.infomodel.codelist.Code=IT1:CL_REFAREA(1.2).004146">
          <Name xml:lang="it" xmlns="http://www.sdmx.org/resources/sdmxml/schemas/v2_1/common">Murello</Name>
          <Name xml:lang="en" xmlns="http://www.sdmx.org/resources/sdmxml/schemas/v2_1/common">Murello</Name>
          <Parent>
            <Ref id="ITC16" xmlns="" />
          </Parent>
        </Code>
        <Code id="004147" urn="urn:sdmx:org.sdmx.infomodel.codelist.Code=IT1:CL_REFAREA(1.2).004147">
          <Name xml:lang="it" xmlns="http://www.sdmx.org/resources/sdmxml/schemas/v2_1/common">Narzole</Name>
          <Name xml:lang="en" xmlns="http://www.sdmx.org/resources/sdmxml/schemas/v2_1/common">Narzole</Name>
          <Parent>
            <Ref id="ITC16" xmlns="" />
          </Parent>
        </Code>
        <Code id="004148" urn="urn:sdmx:org.sdmx.infomodel.codelist.Code=IT1:CL_REFAREA(1.2).004148">
          <Name xml:lang="it" xmlns="http://www.sdmx.org/resources/sdmxml/schemas/v2_1/common">Neive</Name>
          <Name xml:lang="en" xmlns="http://www.sdmx.org/resources/sdmxml/schemas/v2_1/common">Neive</Name>
          <Parent>
            <Ref id="ITC16" xmlns="" />
          </Parent>
        </Code>
        <Code id="004149" urn="urn:sdmx:org.sdmx.infomodel.codelist.Code=IT1:CL_REFAREA(1.2).004149">
          <Name xml:lang="it" xmlns="http://www.sdmx.org/resources/sdmxml/schemas/v2_1/common">Neviglie</Name>
          <Name xml:lang="en" xmlns="http://www.sdmx.org/resources/sdmxml/schemas/v2_1/common">Neviglie</Name>
          <Parent>
            <Ref id="ITC16" xmlns="" />
          </Parent>
        </Code>
        <Code id="004150" urn="urn:sdmx:org.sdmx.infomodel.codelist.Code=IT1:CL_REFAREA(1.2).004150">
          <Name xml:lang="it" xmlns="http://www.sdmx.org/resources/sdmxml/schemas/v2_1/common">Niella Belbo</Name>
          <Name xml:lang="en" xmlns="http://www.sdmx.org/resources/sdmxml/schemas/v2_1/common">Niella Belbo</Name>
          <Parent>
            <Ref id="ITC16" xmlns="" />
          </Parent>
        </Code>
        <Code id="004151" urn="urn:sdmx:org.sdmx.infomodel.codelist.Code=IT1:CL_REFAREA(1.2).004151">
          <Name xml:lang="it" xmlns="http://www.sdmx.org/resources/sdmxml/schemas/v2_1/common">Niella Tanaro</Name>
          <Name xml:lang="en" xmlns="http://www.sdmx.org/resources/sdmxml/schemas/v2_1/common">Niella Tanaro</Name>
          <Parent>
            <Ref id="ITC16" xmlns="" />
          </Parent>
        </Code>
        <Code id="004152" urn="urn:sdmx:org.sdmx.infomodel.codelist.Code=IT1:CL_REFAREA(1.2).004152">
          <Name xml:lang="it" xmlns="http://www.sdmx.org/resources/sdmxml/schemas/v2_1/common">Novello</Name>
          <Name xml:lang="en" xmlns="http://www.sdmx.org/resources/sdmxml/schemas/v2_1/common">Novello</Name>
          <Parent>
            <Ref id="ITC16" xmlns="" />
          </Parent>
        </Code>
        <Code id="004153" urn="urn:sdmx:org.sdmx.infomodel.codelist.Code=IT1:CL_REFAREA(1.2).004153">
          <Name xml:lang="it" xmlns="http://www.sdmx.org/resources/sdmxml/schemas/v2_1/common">Nucetto</Name>
          <Name xml:lang="en" xmlns="http://www.sdmx.org/resources/sdmxml/schemas/v2_1/common">Nucetto</Name>
          <Parent>
            <Ref id="ITC16" xmlns="" />
          </Parent>
        </Code>
        <Code id="004154" urn="urn:sdmx:org.sdmx.infomodel.codelist.Code=IT1:CL_REFAREA(1.2).004154">
          <Name xml:lang="it" xmlns="http://www.sdmx.org/resources/sdmxml/schemas/v2_1/common">Oncino</Name>
          <Name xml:lang="en" xmlns="http://www.sdmx.org/resources/sdmxml/schemas/v2_1/common">Oncino</Name>
          <Parent>
            <Ref id="ITC16" xmlns="" />
          </Parent>
        </Code>
        <Code id="004155" urn="urn:sdmx:org.sdmx.infomodel.codelist.Code=IT1:CL_REFAREA(1.2).004155">
          <Name xml:lang="it" xmlns="http://www.sdmx.org/resources/sdmxml/schemas/v2_1/common">Ormea</Name>
          <Name xml:lang="en" xmlns="http://www.sdmx.org/resources/sdmxml/schemas/v2_1/common">Ormea</Name>
          <Parent>
            <Ref id="ITC16" xmlns="" />
          </Parent>
        </Code>
        <Code id="004156" urn="urn:sdmx:org.sdmx.infomodel.codelist.Code=IT1:CL_REFAREA(1.2).004156">
          <Name xml:lang="it" xmlns="http://www.sdmx.org/resources/sdmxml/schemas/v2_1/common">Ostana</Name>
          <Name xml:lang="en" xmlns="http://www.sdmx.org/resources/sdmxml/schemas/v2_1/common">Ostana</Name>
          <Parent>
            <Ref id="ITC16" xmlns="" />
          </Parent>
        </Code>
        <Code id="004157" urn="urn:sdmx:org.sdmx.infomodel.codelist.Code=IT1:CL_REFAREA(1.2).004157">
          <Name xml:lang="it" xmlns="http://www.sdmx.org/resources/sdmxml/schemas/v2_1/common">Paesana</Name>
          <Name xml:lang="en" xmlns="http://www.sdmx.org/resources/sdmxml/schemas/v2_1/common">Paesana</Name>
          <Parent>
            <Ref id="ITC16" xmlns="" />
          </Parent>
        </Code>
        <Code id="004158" urn="urn:sdmx:org.sdmx.infomodel.codelist.Code=IT1:CL_REFAREA(1.2).004158">
          <Name xml:lang="it" xmlns="http://www.sdmx.org/resources/sdmxml/schemas/v2_1/common">Pagno</Name>
          <Name xml:lang="en" xmlns="http://www.sdmx.org/resources/sdmxml/schemas/v2_1/common">Pagno</Name>
          <Parent>
            <Ref id="ITC16" xmlns="" />
          </Parent>
        </Code>
        <Code id="004159" urn="urn:sdmx:org.sdmx.infomodel.codelist.Code=IT1:CL_REFAREA(1.2).004159">
          <Name xml:lang="it" xmlns="http://www.sdmx.org/resources/sdmxml/schemas/v2_1/common">Pamparato</Name>
          <Name xml:lang="en" xmlns="http://www.sdmx.org/resources/sdmxml/schemas/v2_1/common">Pamparato</Name>
          <Parent>
            <Ref id="ITC16" xmlns="" />
          </Parent>
        </Code>
        <Code id="004160" urn="urn:sdmx:org.sdmx.infomodel.codelist.Code=IT1:CL_REFAREA(1.2).004160">
          <Name xml:lang="it" xmlns="http://www.sdmx.org/resources/sdmxml/schemas/v2_1/common">Paroldo</Name>
          <Name xml:lang="en" xmlns="http://www.sdmx.org/resources/sdmxml/schemas/v2_1/common">Paroldo</Name>
          <Parent>
            <Ref id="ITC16" xmlns="" />
          </Parent>
        </Code>
        <Code id="004161" urn="urn:sdmx:org.sdmx.infomodel.codelist.Code=IT1:CL_REFAREA(1.2).004161">
          <Name xml:lang="it" xmlns="http://www.sdmx.org/resources/sdmxml/schemas/v2_1/common">Perletto</Name>
          <Name xml:lang="en" xmlns="http://www.sdmx.org/resources/sdmxml/schemas/v2_1/common">Perletto</Name>
          <Parent>
            <Ref id="ITC16" xmlns="" />
          </Parent>
        </Code>
        <Code id="004162" urn="urn:sdmx:org.sdmx.infomodel.codelist.Code=IT1:CL_REFAREA(1.2).004162">
          <Name xml:lang="it" xmlns="http://www.sdmx.org/resources/sdmxml/schemas/v2_1/common">Perlo</Name>
          <Name xml:lang="en" xmlns="http://www.sdmx.org/resources/sdmxml/schemas/v2_1/common">Perlo</Name>
          <Parent>
            <Ref id="ITC16" xmlns="" />
          </Parent>
        </Code>
        <Code id="004163" urn="urn:sdmx:org.sdmx.infomodel.codelist.Code=IT1:CL_REFAREA(1.2).004163">
          <Name xml:lang="it" xmlns="http://www.sdmx.org/resources/sdmxml/schemas/v2_1/common">Peveragno</Name>
          <Name xml:lang="en" xmlns="http://www.sdmx.org/resources/sdmxml/schemas/v2_1/common">Peveragno</Name>
          <Parent>
            <Ref id="ITC16" xmlns="" />
          </Parent>
        </Code>
        <Code id="004164" urn="urn:sdmx:org.sdmx.infomodel.codelist.Code=IT1:CL_REFAREA(1.2).004164">
          <Name xml:lang="it" xmlns="http://www.sdmx.org/resources/sdmxml/schemas/v2_1/common">Pezzolo Valle Uzzone</Name>
          <Name xml:lang="en" xmlns="http://www.sdmx.org/resources/sdmxml/schemas/v2_1/common">Pezzolo Valle Uzzone</Name>
          <Parent>
            <Ref id="ITC16" xmlns="" />
          </Parent>
        </Code>
        <Code id="004165" urn="urn:sdmx:org.sdmx.infomodel.codelist.Code=IT1:CL_REFAREA(1.2).004165">
          <Name xml:lang="it" xmlns="http://www.sdmx.org/resources/sdmxml/schemas/v2_1/common">Pianfei</Name>
          <Name xml:lang="en" xmlns="http://www.sdmx.org/resources/sdmxml/schemas/v2_1/common">Pianfei</Name>
          <Parent>
            <Ref id="ITC16" xmlns="" />
          </Parent>
        </Code>
        <Code id="004166" urn="urn:sdmx:org.sdmx.infomodel.codelist.Code=IT1:CL_REFAREA(1.2).004166">
          <Name xml:lang="it" xmlns="http://www.sdmx.org/resources/sdmxml/schemas/v2_1/common">Piasco</Name>
          <Name xml:lang="en" xmlns="http://www.sdmx.org/resources/sdmxml/schemas/v2_1/common">Piasco</Name>
          <Parent>
            <Ref id="ITC16" xmlns="" />
          </Parent>
        </Code>
        <Code id="004167" urn="urn:sdmx:org.sdmx.infomodel.codelist.Code=IT1:CL_REFAREA(1.2).004167">
          <Name xml:lang="it" xmlns="http://www.sdmx.org/resources/sdmxml/schemas/v2_1/common">Pietraporzio</Name>
          <Name xml:lang="en" xmlns="http://www.sdmx.org/resources/sdmxml/schemas/v2_1/common">Pietraporzio</Name>
          <Parent>
            <Ref id="ITC16" xmlns="" />
          </Parent>
        </Code>
        <Code id="004168" urn="urn:sdmx:org.sdmx.infomodel.codelist.Code=IT1:CL_REFAREA(1.2).004168">
          <Name xml:lang="it" xmlns="http://www.sdmx.org/resources/sdmxml/schemas/v2_1/common">Piobesi d'Alba</Name>
          <Name xml:lang="en" xmlns="http://www.sdmx.org/resources/sdmxml/schemas/v2_1/common">Piobesi d'Alba</Name>
          <Parent>
            <Ref id="ITC16" xmlns="" />
          </Parent>
        </Code>
        <Code id="004169" urn="urn:sdmx:org.sdmx.infomodel.codelist.Code=IT1:CL_REFAREA(1.2).004169">
          <Name xml:lang="it" xmlns="http://www.sdmx.org/resources/sdmxml/schemas/v2_1/common">Piozzo</Name>
          <Name xml:lang="en" xmlns="http://www.sdmx.org/resources/sdmxml/schemas/v2_1/common">Piozzo</Name>
          <Parent>
            <Ref id="ITC16" xmlns="" />
          </Parent>
        </Code>
        <Code id="004170" urn="urn:sdmx:org.sdmx.infomodel.codelist.Code=IT1:CL_REFAREA(1.2).004170">
          <Name xml:lang="it" xmlns="http://www.sdmx.org/resources/sdmxml/schemas/v2_1/common">Pocapaglia</Name>
          <Name xml:lang="en" xmlns="http://www.sdmx.org/resources/sdmxml/schemas/v2_1/common">Pocapaglia</Name>
          <Parent>
            <Ref id="ITC16" xmlns="" />
          </Parent>
        </Code>
        <Code id="004171" urn="urn:sdmx:org.sdmx.infomodel.codelist.Code=IT1:CL_REFAREA(1.2).004171">
          <Name xml:lang="it" xmlns="http://www.sdmx.org/resources/sdmxml/schemas/v2_1/common">Polonghera</Name>
          <Name xml:lang="en" xmlns="http://www.sdmx.org/resources/sdmxml/schemas/v2_1/common">Polonghera</Name>
          <Parent>
            <Ref id="ITC16" xmlns="" />
          </Parent>
        </Code>
        <Code id="004172" urn="urn:sdmx:org.sdmx.infomodel.codelist.Code=IT1:CL_REFAREA(1.2).004172">
          <Name xml:lang="it" xmlns="http://www.sdmx.org/resources/sdmxml/schemas/v2_1/common">Pontechianale</Name>
          <Name xml:lang="en" xmlns="http://www.sdmx.org/resources/sdmxml/schemas/v2_1/common">Pontechianale</Name>
          <Parent>
            <Ref id="ITC16" xmlns="" />
          </Parent>
        </Code>
        <Code id="004173" urn="urn:sdmx:org.sdmx.infomodel.codelist.Code=IT1:CL_REFAREA(1.2).004173">
          <Name xml:lang="it" xmlns="http://www.sdmx.org/resources/sdmxml/schemas/v2_1/common">Pradleves</Name>
          <Name xml:lang="en" xmlns="http://www.sdmx.org/resources/sdmxml/schemas/v2_1/common">Pradleves</Name>
          <Parent>
            <Ref id="ITC16" xmlns="" />
          </Parent>
        </Code>
        <Code id="004174" urn="urn:sdmx:org.sdmx.infomodel.codelist.Code=IT1:CL_REFAREA(1.2).004174">
          <Name xml:lang="it" xmlns="http://www.sdmx.org/resources/sdmxml/schemas/v2_1/common">Prazzo</Name>
          <Name xml:lang="en" xmlns="http://www.sdmx.org/resources/sdmxml/schemas/v2_1/common">Prazzo</Name>
          <Parent>
            <Ref id="ITC16" xmlns="" />
          </Parent>
        </Code>
        <Code id="004175" urn="urn:sdmx:org.sdmx.infomodel.codelist.Code=IT1:CL_REFAREA(1.2).004175">
          <Name xml:lang="it" xmlns="http://www.sdmx.org/resources/sdmxml/schemas/v2_1/common">Priero</Name>
          <Name xml:lang="en" xmlns="http://www.sdmx.org/resources/sdmxml/schemas/v2_1/common">Priero</Name>
          <Parent>
            <Ref id="ITC16" xmlns="" />
          </Parent>
        </Code>
        <Code id="004176" urn="urn:sdmx:org.sdmx.infomodel.codelist.Code=IT1:CL_REFAREA(1.2).004176">
          <Name xml:lang="it" xmlns="http://www.sdmx.org/resources/sdmxml/schemas/v2_1/common">Priocca</Name>
          <Name xml:lang="en" xmlns="http://www.sdmx.org/resources/sdmxml/schemas/v2_1/common">Priocca</Name>
          <Parent>
            <Ref id="ITC16" xmlns="" />
          </Parent>
        </Code>
        <Code id="004177" urn="urn:sdmx:org.sdmx.infomodel.codelist.Code=IT1:CL_REFAREA(1.2).004177">
          <Name xml:lang="it" xmlns="http://www.sdmx.org/resources/sdmxml/schemas/v2_1/common">Priola</Name>
          <Name xml:lang="en" xmlns="http://www.sdmx.org/resources/sdmxml/schemas/v2_1/common">Priola</Name>
          <Parent>
            <Ref id="ITC16" xmlns="" />
          </Parent>
        </Code>
        <Code id="004178" urn="urn:sdmx:org.sdmx.infomodel.codelist.Code=IT1:CL_REFAREA(1.2).004178">
          <Name xml:lang="it" xmlns="http://www.sdmx.org/resources/sdmxml/schemas/v2_1/common">Prunetto</Name>
          <Name xml:lang="en" xmlns="http://www.sdmx.org/resources/sdmxml/schemas/v2_1/common">Prunetto</Name>
          <Parent>
            <Ref id="ITC16" xmlns="" />
          </Parent>
        </Code>
        <Code id="004179" urn="urn:sdmx:org.sdmx.infomodel.codelist.Code=IT1:CL_REFAREA(1.2).004179">
          <Name xml:lang="it" xmlns="http://www.sdmx.org/resources/sdmxml/schemas/v2_1/common">Racconigi</Name>
          <Name xml:lang="en" xmlns="http://www.sdmx.org/resources/sdmxml/schemas/v2_1/common">Racconigi</Name>
          <Parent>
            <Ref id="ITC16" xmlns="" />
          </Parent>
        </Code>
        <Code id="004180" urn="urn:sdmx:org.sdmx.infomodel.codelist.Code=IT1:CL_REFAREA(1.2).004180">
          <Name xml:lang="it" xmlns="http://www.sdmx.org/resources/sdmxml/schemas/v2_1/common">Revello</Name>
          <Name xml:lang="en" xmlns="http://www.sdmx.org/resources/sdmxml/schemas/v2_1/common">Revello</Name>
          <Parent>
            <Ref id="ITC16" xmlns="" />
          </Parent>
        </Code>
        <Code id="004181" urn="urn:sdmx:org.sdmx.infomodel.codelist.Code=IT1:CL_REFAREA(1.2).004181">
          <Name xml:lang="it" xmlns="http://www.sdmx.org/resources/sdmxml/schemas/v2_1/common">Rifreddo</Name>
          <Name xml:lang="en" xmlns="http://www.sdmx.org/resources/sdmxml/schemas/v2_1/common">Rifreddo</Name>
          <Parent>
            <Ref id="ITC16" xmlns="" />
          </Parent>
        </Code>
        <Code id="004182" urn="urn:sdmx:org.sdmx.infomodel.codelist.Code=IT1:CL_REFAREA(1.2).004182">
          <Name xml:lang="it" xmlns="http://www.sdmx.org/resources/sdmxml/schemas/v2_1/common">Rittana</Name>
          <Name xml:lang="en" xmlns="http://www.sdmx.org/resources/sdmxml/schemas/v2_1/common">Rittana</Name>
          <Parent>
            <Ref id="ITC16" xmlns="" />
          </Parent>
        </Code>
        <Code id="004183" urn="urn:sdmx:org.sdmx.infomodel.codelist.Code=IT1:CL_REFAREA(1.2).004183">
          <Name xml:lang="it" xmlns="http://www.sdmx.org/resources/sdmxml/schemas/v2_1/common">Roaschia</Name>
          <Name xml:lang="en" xmlns="http://www.sdmx.org/resources/sdmxml/schemas/v2_1/common">Roaschia</Name>
          <Parent>
            <Ref id="ITC16" xmlns="" />
          </Parent>
        </Code>
        <Code id="004184" urn="urn:sdmx:org.sdmx.infomodel.codelist.Code=IT1:CL_REFAREA(1.2).004184">
          <Name xml:lang="it" xmlns="http://www.sdmx.org/resources/sdmxml/schemas/v2_1/common">Roascio</Name>
          <Name xml:lang="en" xmlns="http://www.sdmx.org/resources/sdmxml/schemas/v2_1/common">Roascio</Name>
          <Parent>
            <Ref id="ITC16" xmlns="" />
          </Parent>
        </Code>
        <Code id="004185" urn="urn:sdmx:org.sdmx.infomodel.codelist.Code=IT1:CL_REFAREA(1.2).004185">
          <Name xml:lang="it" xmlns="http://www.sdmx.org/resources/sdmxml/schemas/v2_1/common">Robilante</Name>
          <Name xml:lang="en" xmlns="http://www.sdmx.org/resources/sdmxml/schemas/v2_1/common">Robilante</Name>
          <Parent>
            <Ref id="ITC16" xmlns="" />
          </Parent>
        </Code>
        <Code id="004186" urn="urn:sdmx:org.sdmx.infomodel.codelist.Code=IT1:CL_REFAREA(1.2).004186">
          <Name xml:lang="it" xmlns="http://www.sdmx.org/resources/sdmxml/schemas/v2_1/common">Roburent</Name>
          <Name xml:lang="en" xmlns="http://www.sdmx.org/resources/sdmxml/schemas/v2_1/common">Roburent</Name>
          <Parent>
            <Ref id="ITC16" xmlns="" />
          </Parent>
        </Code>
        <Code id="004187" urn="urn:sdmx:org.sdmx.infomodel.codelist.Code=IT1:CL_REFAREA(1.2).004187">
          <Name xml:lang="it" xmlns="http://www.sdmx.org/resources/sdmxml/schemas/v2_1/common">Roccabruna</Name>
          <Name xml:lang="en" xmlns="http://www.sdmx.org/resources/sdmxml/schemas/v2_1/common">Roccabruna</Name>
          <Parent>
            <Ref id="ITC16" xmlns="" />
          </Parent>
        </Code>
        <Code id="004188" urn="urn:sdmx:org.sdmx.infomodel.codelist.Code=IT1:CL_REFAREA(1.2).004188">
          <Name xml:lang="it" xmlns="http://www.sdmx.org/resources/sdmxml/schemas/v2_1/common">Rocca Cigliè</Name>
          <Name xml:lang="en" xmlns="http://www.sdmx.org/resources/sdmxml/schemas/v2_1/common">Rocca Cigliè</Name>
          <Parent>
            <Ref id="ITC16" xmlns="" />
          </Parent>
        </Code>
        <Code id="004189" urn="urn:sdmx:org.sdmx.infomodel.codelist.Code=IT1:CL_REFAREA(1.2).004189">
          <Name xml:lang="it" xmlns="http://www.sdmx.org/resources/sdmxml/schemas/v2_1/common">Rocca de' Baldi</Name>
          <Name xml:lang="en" xmlns="http://www.sdmx.org/resources/sdmxml/schemas/v2_1/common">Rocca de' Baldi</Name>
          <Parent>
            <Ref id="ITC16" xmlns="" />
          </Parent>
        </Code>
        <Code id="004190" urn="urn:sdmx:org.sdmx.infomodel.codelist.Code=IT1:CL_REFAREA(1.2).004190">
          <Name xml:lang="it" xmlns="http://www.sdmx.org/resources/sdmxml/schemas/v2_1/common">Roccaforte Mondovì</Name>
          <Name xml:lang="en" xmlns="http://www.sdmx.org/resources/sdmxml/schemas/v2_1/common">Roccaforte Mondovì</Name>
          <Parent>
            <Ref id="ITC16" xmlns="" />
          </Parent>
        </Code>
        <Code id="004191" urn="urn:sdmx:org.sdmx.infomodel.codelist.Code=IT1:CL_REFAREA(1.2).004191">
          <Name xml:lang="it" xmlns="http://www.sdmx.org/resources/sdmxml/schemas/v2_1/common">Roccasparvera</Name>
          <Name xml:lang="en" xmlns="http://www.sdmx.org/resources/sdmxml/schemas/v2_1/common">Roccasparvera</Name>
          <Parent>
            <Ref id="ITC16" xmlns="" />
          </Parent>
        </Code>
        <Code id="004192" urn="urn:sdmx:org.sdmx.infomodel.codelist.Code=IT1:CL_REFAREA(1.2).004192">
          <Name xml:lang="it" xmlns="http://www.sdmx.org/resources/sdmxml/schemas/v2_1/common">Roccavione</Name>
          <Name xml:lang="en" xmlns="http://www.sdmx.org/resources/sdmxml/schemas/v2_1/common">Roccavione</Name>
          <Parent>
            <Ref id="ITC16" xmlns="" />
          </Parent>
        </Code>
        <Code id="004193" urn="urn:sdmx:org.sdmx.infomodel.codelist.Code=IT1:CL_REFAREA(1.2).004193">
          <Name xml:lang="it" xmlns="http://www.sdmx.org/resources/sdmxml/schemas/v2_1/common">Rocchetta Belbo</Name>
          <Name xml:lang="en" xmlns="http://www.sdmx.org/resources/sdmxml/schemas/v2_1/common">Rocchetta Belbo</Name>
          <Parent>
            <Ref id="ITC16" xmlns="" />
          </Parent>
        </Code>
        <Code id="004194" urn="urn:sdmx:org.sdmx.infomodel.codelist.Code=IT1:CL_REFAREA(1.2).004194">
          <Name xml:lang="it" xmlns="http://www.sdmx.org/resources/sdmxml/schemas/v2_1/common">Roddi</Name>
          <Name xml:lang="en" xmlns="http://www.sdmx.org/resources/sdmxml/schemas/v2_1/common">Roddi</Name>
          <Parent>
            <Ref id="ITC16" xmlns="" />
          </Parent>
        </Code>
        <Code id="004195" urn="urn:sdmx:org.sdmx.infomodel.codelist.Code=IT1:CL_REFAREA(1.2).004195">
          <Name xml:lang="it" xmlns="http://www.sdmx.org/resources/sdmxml/schemas/v2_1/common">Roddino</Name>
          <Name xml:lang="en" xmlns="http://www.sdmx.org/resources/sdmxml/schemas/v2_1/common">Roddino</Name>
          <Parent>
            <Ref id="ITC16" xmlns="" />
          </Parent>
        </Code>
        <Code id="004196" urn="urn:sdmx:org.sdmx.infomodel.codelist.Code=IT1:CL_REFAREA(1.2).004196">
          <Name xml:lang="it" xmlns="http://www.sdmx.org/resources/sdmxml/schemas/v2_1/common">Rodello</Name>
          <Name xml:lang="en" xmlns="http://www.sdmx.org/resources/sdmxml/schemas/v2_1/common">Rodello</Name>
          <Parent>
            <Ref id="ITC16" xmlns="" />
          </Parent>
        </Code>
        <Code id="004197" urn="urn:sdmx:org.sdmx.infomodel.codelist.Code=IT1:CL_REFAREA(1.2).004197">
          <Name xml:lang="it" xmlns="http://www.sdmx.org/resources/sdmxml/schemas/v2_1/common">Rossana</Name>
          <Name xml:lang="en" xmlns="http://www.sdmx.org/resources/sdmxml/schemas/v2_1/common">Rossana</Name>
          <Parent>
            <Ref id="ITC16" xmlns="" />
          </Parent>
        </Code>
        <Code id="004198" urn="urn:sdmx:org.sdmx.infomodel.codelist.Code=IT1:CL_REFAREA(1.2).004198">
          <Name xml:lang="it" xmlns="http://www.sdmx.org/resources/sdmxml/schemas/v2_1/common">Ruffia</Name>
          <Name xml:lang="en" xmlns="http://www.sdmx.org/resources/sdmxml/schemas/v2_1/common">Ruffia</Name>
          <Parent>
            <Ref id="ITC16" xmlns="" />
          </Parent>
        </Code>
        <Code id="004199" urn="urn:sdmx:org.sdmx.infomodel.codelist.Code=IT1:CL_REFAREA(1.2).004199">
          <Name xml:lang="it" xmlns="http://www.sdmx.org/resources/sdmxml/schemas/v2_1/common">Sale delle Langhe</Name>
          <Name xml:lang="en" xmlns="http://www.sdmx.org/resources/sdmxml/schemas/v2_1/common">Sale delle Langhe</Name>
          <Parent>
            <Ref id="ITC16" xmlns="" />
          </Parent>
        </Code>
        <Code id="004200" urn="urn:sdmx:org.sdmx.infomodel.codelist.Code=IT1:CL_REFAREA(1.2).004200">
          <Name xml:lang="it" xmlns="http://www.sdmx.org/resources/sdmxml/schemas/v2_1/common">Sale San Giovanni</Name>
          <Name xml:lang="en" xmlns="http://www.sdmx.org/resources/sdmxml/schemas/v2_1/common">Sale San Giovanni</Name>
          <Parent>
            <Ref id="ITC16" xmlns="" />
          </Parent>
        </Code>
        <Code id="004201" urn="urn:sdmx:org.sdmx.infomodel.codelist.Code=IT1:CL_REFAREA(1.2).004201">
          <Name xml:lang="it" xmlns="http://www.sdmx.org/resources/sdmxml/schemas/v2_1/common">Saliceto</Name>
          <Name xml:lang="en" xmlns="http://www.sdmx.org/resources/sdmxml/schemas/v2_1/common">Saliceto</Name>
          <Parent>
            <Ref id="ITC16" xmlns="" />
          </Parent>
        </Code>
        <Code id="004202" urn="urn:sdmx:org.sdmx.infomodel.codelist.Code=IT1:CL_REFAREA(1.2).004202">
          <Name xml:lang="it" xmlns="http://www.sdmx.org/resources/sdmxml/schemas/v2_1/common">Salmour</Name>
          <Name xml:lang="en" xmlns="http://www.sdmx.org/resources/sdmxml/schemas/v2_1/common">Salmour</Name>
          <Parent>
            <Ref id="ITC16" xmlns="" />
          </Parent>
        </Code>
        <Code id="004203" urn="urn:sdmx:org.sdmx.infomodel.codelist.Code=IT1:CL_REFAREA(1.2).004203">
          <Name xml:lang="it" xmlns="http://www.sdmx.org/resources/sdmxml/schemas/v2_1/common">Saluzzo</Name>
          <Name xml:lang="en" xmlns="http://www.sdmx.org/resources/sdmxml/schemas/v2_1/common">Saluzzo</Name>
          <Parent>
            <Ref id="ITC16" xmlns="" />
          </Parent>
        </Code>
        <Code id="004204" urn="urn:sdmx:org.sdmx.infomodel.codelist.Code=IT1:CL_REFAREA(1.2).004204">
          <Name xml:lang="it" xmlns="http://www.sdmx.org/resources/sdmxml/schemas/v2_1/common">Sambuco</Name>
          <Name xml:lang="en" xmlns="http://www.sdmx.org/resources/sdmxml/schemas/v2_1/common">Sambuco</Name>
          <Parent>
            <Ref id="ITC16" xmlns="" />
          </Parent>
        </Code>
        <Code id="004205" urn="urn:sdmx:org.sdmx.infomodel.codelist.Code=IT1:CL_REFAREA(1.2).004205">
          <Name xml:lang="it" xmlns="http://www.sdmx.org/resources/sdmxml/schemas/v2_1/common">Sampèyre</Name>
          <Name xml:lang="en" xmlns="http://www.sdmx.org/resources/sdmxml/schemas/v2_1/common">Sampèyre</Name>
          <Parent>
            <Ref id="ITC16" xmlns="" />
          </Parent>
        </Code>
        <Code id="004206" urn="urn:sdmx:org.sdmx.infomodel.codelist.Code=IT1:CL_REFAREA(1.2).004206">
          <Name xml:lang="it" xmlns="http://www.sdmx.org/resources/sdmxml/schemas/v2_1/common">San Benedetto Belbo</Name>
          <Name xml:lang="en" xmlns="http://www.sdmx.org/resources/sdmxml/schemas/v2_1/common">San Benedetto Belbo</Name>
          <Parent>
            <Ref id="ITC16" xmlns="" />
          </Parent>
        </Code>
        <Code id="004207" urn="urn:sdmx:org.sdmx.infomodel.codelist.Code=IT1:CL_REFAREA(1.2).004207">
          <Name xml:lang="it" xmlns="http://www.sdmx.org/resources/sdmxml/schemas/v2_1/common">San Damiano Macra</Name>
          <Name xml:lang="en" xmlns="http://www.sdmx.org/resources/sdmxml/schemas/v2_1/common">San Damiano Macra</Name>
          <Parent>
            <Ref id="ITC16" xmlns="" />
          </Parent>
        </Code>
        <Code id="004208" urn="urn:sdmx:org.sdmx.infomodel.codelist.Code=IT1:CL_REFAREA(1.2).004208">
          <Name xml:lang="it" xmlns="http://www.sdmx.org/resources/sdmxml/schemas/v2_1/common">Sanfrè</Name>
          <Name xml:lang="en" xmlns="http://www.sdmx.org/resources/sdmxml/schemas/v2_1/common">Sanfrè</Name>
          <Parent>
            <Ref id="ITC16" xmlns="" />
          </Parent>
        </Code>
        <Code id="004209" urn="urn:sdmx:org.sdmx.infomodel.codelist.Code=IT1:CL_REFAREA(1.2).004209">
          <Name xml:lang="it" xmlns="http://www.sdmx.org/resources/sdmxml/schemas/v2_1/common">Sanfront</Name>
          <Name xml:lang="en" xmlns="http://www.sdmx.org/resources/sdmxml/schemas/v2_1/common">Sanfront</Name>
          <Parent>
            <Ref id="ITC16" xmlns="" />
          </Parent>
        </Code>
        <Code id="004210" urn="urn:sdmx:org.sdmx.infomodel.codelist.Code=IT1:CL_REFAREA(1.2).004210">
          <Name xml:lang="it" xmlns="http://www.sdmx.org/resources/sdmxml/schemas/v2_1/common">San Michele Mondovì</Name>
          <Name xml:lang="en" xmlns="http://www.sdmx.org/resources/sdmxml/schemas/v2_1/common">San Michele Mondovì</Name>
          <Parent>
            <Ref id="ITC16" xmlns="" />
          </Parent>
        </Code>
        <Code id="004211" urn="urn:sdmx:org.sdmx.infomodel.codelist.Code=IT1:CL_REFAREA(1.2).004211">
          <Name xml:lang="it" xmlns="http://www.sdmx.org/resources/sdmxml/schemas/v2_1/common">Sant'Albano Stura</Name>
          <Name xml:lang="en" xmlns="http://www.sdmx.org/resources/sdmxml/schemas/v2_1/common">Sant'Albano Stura</Name>
          <Parent>
            <Ref id="ITC16" xmlns="" />
          </Parent>
        </Code>
        <Code id="004212" urn="urn:sdmx:org.sdmx.infomodel.codelist.Code=IT1:CL_REFAREA(1.2).004212">
          <Name xml:lang="it" xmlns="http://www.sdmx.org/resources/sdmxml/schemas/v2_1/common">Santa Vittoria d'Alba</Name>
          <Name xml:lang="en" xmlns="http://www.sdmx.org/resources/sdmxml/schemas/v2_1/common">Santa Vittoria d'Alba</Name>
          <Parent>
            <Ref id="ITC16" xmlns="" />
          </Parent>
        </Code>
        <Code id="004213" urn="urn:sdmx:org.sdmx.infomodel.codelist.Code=IT1:CL_REFAREA(1.2).004213">
          <Name xml:lang="it" xmlns="http://www.sdmx.org/resources/sdmxml/schemas/v2_1/common">Santo Stefano Belbo</Name>
          <Name xml:lang="en" xmlns="http://www.sdmx.org/resources/sdmxml/schemas/v2_1/common">Santo Stefano Belbo</Name>
          <Parent>
            <Ref id="ITC16" xmlns="" />
          </Parent>
        </Code>
        <Code id="004214" urn="urn:sdmx:org.sdmx.infomodel.codelist.Code=IT1:CL_REFAREA(1.2).004214">
          <Name xml:lang="it" xmlns="http://www.sdmx.org/resources/sdmxml/schemas/v2_1/common">Santo Stefano Roero</Name>
          <Name xml:lang="en" xmlns="http://www.sdmx.org/resources/sdmxml/schemas/v2_1/common">Santo Stefano Roero</Name>
          <Parent>
            <Ref id="ITC16" xmlns="" />
          </Parent>
        </Code>
        <Code id="004215" urn="urn:sdmx:org.sdmx.infomodel.codelist.Code=IT1:CL_REFAREA(1.2).004215">
          <Name xml:lang="it" xmlns="http://www.sdmx.org/resources/sdmxml/schemas/v2_1/common">Savigliano</Name>
          <Name xml:lang="en" xmlns="http://www.sdmx.org/resources/sdmxml/schemas/v2_1/common">Savigliano</Name>
          <Parent>
            <Ref id="ITC16" xmlns="" />
          </Parent>
        </Code>
        <Code id="004216" urn="urn:sdmx:org.sdmx.infomodel.codelist.Code=IT1:CL_REFAREA(1.2).004216">
          <Name xml:lang="it" xmlns="http://www.sdmx.org/resources/sdmxml/schemas/v2_1/common">Scagnello</Name>
          <Name xml:lang="en" xmlns="http://www.sdmx.org/resources/sdmxml/schemas/v2_1/common">Scagnello</Name>
          <Parent>
            <Ref id="ITC16" xmlns="" />
          </Parent>
        </Code>
        <Code id="004217" urn="urn:sdmx:org.sdmx.infomodel.codelist.Code=IT1:CL_REFAREA(1.2).004217">
          <Name xml:lang="it" xmlns="http://www.sdmx.org/resources/sdmxml/schemas/v2_1/common">Scarnafigi</Name>
          <Name xml:lang="en" xmlns="http://www.sdmx.org/resources/sdmxml/schemas/v2_1/common">Scarnafigi</Name>
          <Parent>
            <Ref id="ITC16" xmlns="" />
          </Parent>
        </Code>
        <Code id="004218" urn="urn:sdmx:org.sdmx.infomodel.codelist.Code=IT1:CL_REFAREA(1.2).004218">
          <Name xml:lang="it" xmlns="http://www.sdmx.org/resources/sdmxml/schemas/v2_1/common">Serralunga d'Alba</Name>
          <Name xml:lang="en" xmlns="http://www.sdmx.org/resources/sdmxml/schemas/v2_1/common">Serralunga d'Alba</Name>
          <Parent>
            <Ref id="ITC16" xmlns="" />
          </Parent>
        </Code>
        <Code id="004219" urn="urn:sdmx:org.sdmx.infomodel.codelist.Code=IT1:CL_REFAREA(1.2).004219">
          <Name xml:lang="it" xmlns="http://www.sdmx.org/resources/sdmxml/schemas/v2_1/common">Serravalle Langhe</Name>
          <Name xml:lang="en" xmlns="http://www.sdmx.org/resources/sdmxml/schemas/v2_1/common">Serravalle Langhe</Name>
          <Parent>
            <Ref id="ITC16" xmlns="" />
          </Parent>
        </Code>
        <Code id="004220" urn="urn:sdmx:org.sdmx.infomodel.codelist.Code=IT1:CL_REFAREA(1.2).004220">
          <Name xml:lang="it" xmlns="http://www.sdmx.org/resources/sdmxml/schemas/v2_1/common">Sinio</Name>
          <Name xml:lang="en" xmlns="http://www.sdmx.org/resources/sdmxml/schemas/v2_1/common">Sinio</Name>
          <Parent>
            <Ref id="ITC16" xmlns="" />
          </Parent>
        </Code>
        <Code id="004221" urn="urn:sdmx:org.sdmx.infomodel.codelist.Code=IT1:CL_REFAREA(1.2).004221">
          <Name xml:lang="it" xmlns="http://www.sdmx.org/resources/sdmxml/schemas/v2_1/common">Somano</Name>
          <Name xml:lang="en" xmlns="http://www.sdmx.org/resources/sdmxml/schemas/v2_1/common">Somano</Name>
          <Parent>
            <Ref id="ITC16" xmlns="" />
          </Parent>
        </Code>
        <Code id="004222" urn="urn:sdmx:org.sdmx.infomodel.codelist.Code=IT1:CL_REFAREA(1.2).004222">
          <Name xml:lang="it" xmlns="http://www.sdmx.org/resources/sdmxml/schemas/v2_1/common">Sommariva del Bosco</Name>
          <Name xml:lang="en" xmlns="http://www.sdmx.org/resources/sdmxml/schemas/v2_1/common">Sommariva del Bosco</Name>
          <Parent>
            <Ref id="ITC16" xmlns="" />
          </Parent>
        </Code>
        <Code id="004223" urn="urn:sdmx:org.sdmx.infomodel.codelist.Code=IT1:CL_REFAREA(1.2).004223">
          <Name xml:lang="it" xmlns="http://www.sdmx.org/resources/sdmxml/schemas/v2_1/common">Sommariva Perno</Name>
          <Name xml:lang="en" xmlns="http://www.sdmx.org/resources/sdmxml/schemas/v2_1/common">Sommariva Perno</Name>
          <Parent>
            <Ref id="ITC16" xmlns="" />
          </Parent>
        </Code>
        <Code id="004224" urn="urn:sdmx:org.sdmx.infomodel.codelist.Code=IT1:CL_REFAREA(1.2).004224">
          <Name xml:lang="it" xmlns="http://www.sdmx.org/resources/sdmxml/schemas/v2_1/common">Stroppo</Name>
          <Name xml:lang="en" xmlns="http://www.sdmx.org/resources/sdmxml/schemas/v2_1/common">Stroppo</Name>
          <Parent>
            <Ref id="ITC16" xmlns="" />
          </Parent>
        </Code>
        <Code id="004225" urn="urn:sdmx:org.sdmx.infomodel.codelist.Code=IT1:CL_REFAREA(1.2).004225">
          <Name xml:lang="it" xmlns="http://www.sdmx.org/resources/sdmxml/schemas/v2_1/common">Tarantasca</Name>
          <Name xml:lang="en" xmlns="http://www.sdmx.org/resources/sdmxml/schemas/v2_1/common">Tarantasca</Name>
          <Parent>
            <Ref id="ITC16" xmlns="" />
          </Parent>
        </Code>
        <Code id="004226" urn="urn:sdmx:org.sdmx.infomodel.codelist.Code=IT1:CL_REFAREA(1.2).004226">
          <Name xml:lang="it" xmlns="http://www.sdmx.org/resources/sdmxml/schemas/v2_1/common">Torre Bormida</Name>
          <Name xml:lang="en" xmlns="http://www.sdmx.org/resources/sdmxml/schemas/v2_1/common">Torre Bormida</Name>
          <Parent>
            <Ref id="ITC16" xmlns="" />
          </Parent>
        </Code>
        <Code id="004227" urn="urn:sdmx:org.sdmx.infomodel.codelist.Code=IT1:CL_REFAREA(1.2).004227">
          <Name xml:lang="it" xmlns="http://www.sdmx.org/resources/sdmxml/schemas/v2_1/common">Torre Mondovì</Name>
          <Name xml:lang="en" xmlns="http://www.sdmx.org/resources/sdmxml/schemas/v2_1/common">Torre Mondovì</Name>
          <Parent>
            <Ref id="ITC16" xmlns="" />
          </Parent>
        </Code>
        <Code id="004228" urn="urn:sdmx:org.sdmx.infomodel.codelist.Code=IT1:CL_REFAREA(1.2).004228">
          <Name xml:lang="it" xmlns="http://www.sdmx.org/resources/sdmxml/schemas/v2_1/common">Torre San Giorgio</Name>
          <Name xml:lang="en" xmlns="http://www.sdmx.org/resources/sdmxml/schemas/v2_1/common">Torre San Giorgio</Name>
          <Parent>
            <Ref id="ITC16" xmlns="" />
          </Parent>
        </Code>
        <Code id="004229" urn="urn:sdmx:org.sdmx.infomodel.codelist.Code=IT1:CL_REFAREA(1.2).004229">
          <Name xml:lang="it" xmlns="http://www.sdmx.org/resources/sdmxml/schemas/v2_1/common">Torresina</Name>
          <Name xml:lang="en" xmlns="http://www.sdmx.org/resources/sdmxml/schemas/v2_1/common">Torresina</Name>
          <Parent>
            <Ref id="ITC16" xmlns="" />
          </Parent>
        </Code>
        <Code id="004230" urn="urn:sdmx:org.sdmx.infomodel.codelist.Code=IT1:CL_REFAREA(1.2).004230">
          <Name xml:lang="it" xmlns="http://www.sdmx.org/resources/sdmxml/schemas/v2_1/common">Treiso</Name>
          <Name xml:lang="en" xmlns="http://www.sdmx.org/resources/sdmxml/schemas/v2_1/common">Treiso</Name>
          <Parent>
            <Ref id="ITC16" xmlns="" />
          </Parent>
        </Code>
        <Code id="004231" urn="urn:sdmx:org.sdmx.infomodel.codelist.Code=IT1:CL_REFAREA(1.2).004231">
          <Name xml:lang="it" xmlns="http://www.sdmx.org/resources/sdmxml/schemas/v2_1/common">Trezzo Tinella</Name>
          <Name xml:lang="en" xmlns="http://www.sdmx.org/resources/sdmxml/schemas/v2_1/common">Trezzo Tinella</Name>
          <Parent>
            <Ref id="ITC16" xmlns="" />
          </Parent>
        </Code>
        <Code id="004232" urn="urn:sdmx:org.sdmx.infomodel.codelist.Code=IT1:CL_REFAREA(1.2).004232">
          <Name xml:lang="it" xmlns="http://www.sdmx.org/resources/sdmxml/schemas/v2_1/common">Trinità</Name>
          <Name xml:lang="en" xmlns="http://www.sdmx.org/resources/sdmxml/schemas/v2_1/common">Trinità</Name>
          <Parent>
            <Ref id="ITC16" xmlns="" />
          </Parent>
        </Code>
        <Code id="004233" urn="urn:sdmx:org.sdmx.infomodel.codelist.Code=IT1:CL_REFAREA(1.2).004233">
          <Name xml:lang="it" xmlns="http://www.sdmx.org/resources/sdmxml/schemas/v2_1/common">Valdieri</Name>
          <Name xml:lang="en" xmlns="http://www.sdmx.org/resources/sdmxml/schemas/v2_1/common">Valdieri</Name>
          <Parent>
            <Ref id="ITC16" xmlns="" />
          </Parent>
        </Code>
        <Code id="004234" urn="urn:sdmx:org.sdmx.infomodel.codelist.Code=IT1:CL_REFAREA(1.2).004234">
          <Name xml:lang="it" xmlns="http://www.sdmx.org/resources/sdmxml/schemas/v2_1/common">Valgrana</Name>
          <Name xml:lang="en" xmlns="http://www.sdmx.org/resources/sdmxml/schemas/v2_1/common">Valgrana</Name>
          <Parent>
            <Ref id="ITC16" xmlns="" />
          </Parent>
        </Code>
        <Code id="004235" urn="urn:sdmx:org.sdmx.infomodel.codelist.Code=IT1:CL_REFAREA(1.2).004235">
          <Name xml:lang="it" xmlns="http://www.sdmx.org/resources/sdmxml/schemas/v2_1/common">Valloriate</Name>
          <Name xml:lang="en" xmlns="http://www.sdmx.org/resources/sdmxml/schemas/v2_1/common">Valloriate</Name>
          <Parent>
            <Ref id="ITC16" xmlns="" />
          </Parent>
        </Code>
        <Code id="004236" urn="urn:sdmx:org.sdmx.infomodel.codelist.Code=IT1:CL_REFAREA(1.2).004236">
          <Name xml:lang="it" xmlns="http://www.sdmx.org/resources/sdmxml/schemas/v2_1/common">Valmala</Name>
          <Name xml:lang="en" xmlns="http://www.sdmx.org/resources/sdmxml/schemas/v2_1/common">Valmala</Name>
          <Parent>
            <Ref id="ITC16" xmlns="" />
          </Parent>
        </Code>
        <Code id="004237" urn="urn:sdmx:org.sdmx.infomodel.codelist.Code=IT1:CL_REFAREA(1.2).004237">
          <Name xml:lang="it" xmlns="http://www.sdmx.org/resources/sdmxml/schemas/v2_1/common">Venasca</Name>
          <Name xml:lang="en" xmlns="http://www.sdmx.org/resources/sdmxml/schemas/v2_1/common">Venasca</Name>
          <Parent>
            <Ref id="ITC16" xmlns="" />
          </Parent>
        </Code>
        <Code id="004238" urn="urn:sdmx:org.sdmx.infomodel.codelist.Code=IT1:CL_REFAREA(1.2).004238">
          <Name xml:lang="it" xmlns="http://www.sdmx.org/resources/sdmxml/schemas/v2_1/common">Verduno</Name>
          <Name xml:lang="en" xmlns="http://www.sdmx.org/resources/sdmxml/schemas/v2_1/common">Verduno</Name>
          <Parent>
            <Ref id="ITC16" xmlns="" />
          </Parent>
        </Code>
        <Code id="004239" urn="urn:sdmx:org.sdmx.infomodel.codelist.Code=IT1:CL_REFAREA(1.2).004239">
          <Name xml:lang="it" xmlns="http://www.sdmx.org/resources/sdmxml/schemas/v2_1/common">Vernante</Name>
          <Name xml:lang="en" xmlns="http://www.sdmx.org/resources/sdmxml/schemas/v2_1/common">Vernante</Name>
          <Parent>
            <Ref id="ITC16" xmlns="" />
          </Parent>
        </Code>
        <Code id="004240" urn="urn:sdmx:org.sdmx.infomodel.codelist.Code=IT1:CL_REFAREA(1.2).004240">
          <Name xml:lang="it" xmlns="http://www.sdmx.org/resources/sdmxml/schemas/v2_1/common">Verzuolo</Name>
          <Name xml:lang="en" xmlns="http://www.sdmx.org/resources/sdmxml/schemas/v2_1/common">Verzuolo</Name>
          <Parent>
            <Ref id="ITC16" xmlns="" />
          </Parent>
        </Code>
        <Code id="004241" urn="urn:sdmx:org.sdmx.infomodel.codelist.Code=IT1:CL_REFAREA(1.2).004241">
          <Name xml:lang="it" xmlns="http://www.sdmx.org/resources/sdmxml/schemas/v2_1/common">Vezza d'Alba</Name>
          <Name xml:lang="en" xmlns="http://www.sdmx.org/resources/sdmxml/schemas/v2_1/common">Vezza d'Alba</Name>
          <Parent>
            <Ref id="ITC16" xmlns="" />
          </Parent>
        </Code>
        <Code id="004242" urn="urn:sdmx:org.sdmx.infomodel.codelist.Code=IT1:CL_REFAREA(1.2).004242">
          <Name xml:lang="it" xmlns="http://www.sdmx.org/resources/sdmxml/schemas/v2_1/common">Vicoforte</Name>
          <Name xml:lang="en" xmlns="http://www.sdmx.org/resources/sdmxml/schemas/v2_1/common">Vicoforte</Name>
          <Parent>
            <Ref id="ITC16" xmlns="" />
          </Parent>
        </Code>
        <Code id="004243" urn="urn:sdmx:org.sdmx.infomodel.codelist.Code=IT1:CL_REFAREA(1.2).004243">
          <Name xml:lang="it" xmlns="http://www.sdmx.org/resources/sdmxml/schemas/v2_1/common">Vignolo</Name>
          <Name xml:lang="en" xmlns="http://www.sdmx.org/resources/sdmxml/schemas/v2_1/common">Vignolo</Name>
          <Parent>
            <Ref id="ITC16" xmlns="" />
          </Parent>
        </Code>
        <Code id="004244" urn="urn:sdmx:org.sdmx.infomodel.codelist.Code=IT1:CL_REFAREA(1.2).004244">
          <Name xml:lang="it" xmlns="http://www.sdmx.org/resources/sdmxml/schemas/v2_1/common">Villafalletto</Name>
          <Name xml:lang="en" xmlns="http://www.sdmx.org/resources/sdmxml/schemas/v2_1/common">Villafalletto</Name>
          <Parent>
            <Ref id="ITC16" xmlns="" />
          </Parent>
        </Code>
        <Code id="004245" urn="urn:sdmx:org.sdmx.infomodel.codelist.Code=IT1:CL_REFAREA(1.2).004245">
          <Name xml:lang="it" xmlns="http://www.sdmx.org/resources/sdmxml/schemas/v2_1/common">Villanova Mondovì</Name>
          <Name xml:lang="en" xmlns="http://www.sdmx.org/resources/sdmxml/schemas/v2_1/common">Villanova Mondovì</Name>
          <Parent>
            <Ref id="ITC16" xmlns="" />
          </Parent>
        </Code>
        <Code id="004246" urn="urn:sdmx:org.sdmx.infomodel.codelist.Code=IT1:CL_REFAREA(1.2).004246">
          <Name xml:lang="it" xmlns="http://www.sdmx.org/resources/sdmxml/schemas/v2_1/common">Villanova Solaro</Name>
          <Name xml:lang="en" xmlns="http://www.sdmx.org/resources/sdmxml/schemas/v2_1/common">Villanova Solaro</Name>
          <Parent>
            <Ref id="ITC16" xmlns="" />
          </Parent>
        </Code>
        <Code id="004247" urn="urn:sdmx:org.sdmx.infomodel.codelist.Code=IT1:CL_REFAREA(1.2).004247">
          <Name xml:lang="it" xmlns="http://www.sdmx.org/resources/sdmxml/schemas/v2_1/common">Villar San Costanzo</Name>
          <Name xml:lang="en" xmlns="http://www.sdmx.org/resources/sdmxml/schemas/v2_1/common">Villar San Costanzo</Name>
          <Parent>
            <Ref id="ITC16" xmlns="" />
          </Parent>
        </Code>
        <Code id="004248" urn="urn:sdmx:org.sdmx.infomodel.codelist.Code=IT1:CL_REFAREA(1.2).004248">
          <Name xml:lang="it" xmlns="http://www.sdmx.org/resources/sdmxml/schemas/v2_1/common">Vinadio</Name>
          <Name xml:lang="en" xmlns="http://www.sdmx.org/resources/sdmxml/schemas/v2_1/common">Vinadio</Name>
          <Parent>
            <Ref id="ITC16" xmlns="" />
          </Parent>
        </Code>
        <Code id="004249" urn="urn:sdmx:org.sdmx.infomodel.codelist.Code=IT1:CL_REFAREA(1.2).004249">
          <Name xml:lang="it" xmlns="http://www.sdmx.org/resources/sdmxml/schemas/v2_1/common">Viola</Name>
          <Name xml:lang="en" xmlns="http://www.sdmx.org/resources/sdmxml/schemas/v2_1/common">Viola</Name>
          <Parent>
            <Ref id="ITC16" xmlns="" />
          </Parent>
        </Code>
        <Code id="004250" urn="urn:sdmx:org.sdmx.infomodel.codelist.Code=IT1:CL_REFAREA(1.2).004250">
          <Name xml:lang="it" xmlns="http://www.sdmx.org/resources/sdmxml/schemas/v2_1/common">Vottignasco</Name>
          <Name xml:lang="en" xmlns="http://www.sdmx.org/resources/sdmxml/schemas/v2_1/common">Vottignasco</Name>
          <Parent>
            <Ref id="ITC16" xmlns="" />
          </Parent>
        </Code>
        <Code id="005001" urn="urn:sdmx:org.sdmx.infomodel.codelist.Code=IT1:CL_REFAREA(1.2).005001">
          <Name xml:lang="it" xmlns="http://www.sdmx.org/resources/sdmxml/schemas/v2_1/common">Agliano Terme</Name>
          <Name xml:lang="en" xmlns="http://www.sdmx.org/resources/sdmxml/schemas/v2_1/common">Agliano Terme</Name>
          <Parent>
            <Ref id="ITC17" xmlns="" />
          </Parent>
        </Code>
        <Code id="005002" urn="urn:sdmx:org.sdmx.infomodel.codelist.Code=IT1:CL_REFAREA(1.2).005002">
          <Name xml:lang="it" xmlns="http://www.sdmx.org/resources/sdmxml/schemas/v2_1/common">Albugnano</Name>
          <Name xml:lang="en" xmlns="http://www.sdmx.org/resources/sdmxml/schemas/v2_1/common">Albugnano</Name>
          <Parent>
            <Ref id="ITC17" xmlns="" />
          </Parent>
        </Code>
        <Code id="005003" urn="urn:sdmx:org.sdmx.infomodel.codelist.Code=IT1:CL_REFAREA(1.2).005003">
          <Name xml:lang="it" xmlns="http://www.sdmx.org/resources/sdmxml/schemas/v2_1/common">Antignano</Name>
          <Name xml:lang="en" xmlns="http://www.sdmx.org/resources/sdmxml/schemas/v2_1/common">Antignano</Name>
          <Parent>
            <Ref id="ITC17" xmlns="" />
          </Parent>
        </Code>
        <Code id="005004" urn="urn:sdmx:org.sdmx.infomodel.codelist.Code=IT1:CL_REFAREA(1.2).005004">
          <Name xml:lang="it" xmlns="http://www.sdmx.org/resources/sdmxml/schemas/v2_1/common">Aramengo</Name>
          <Name xml:lang="en" xmlns="http://www.sdmx.org/resources/sdmxml/schemas/v2_1/common">Aramengo</Name>
          <Parent>
            <Ref id="ITC17" xmlns="" />
          </Parent>
        </Code>
        <Code id="005005" urn="urn:sdmx:org.sdmx.infomodel.codelist.Code=IT1:CL_REFAREA(1.2).005005">
          <Name xml:lang="it" xmlns="http://www.sdmx.org/resources/sdmxml/schemas/v2_1/common">Asti</Name>
          <Name xml:lang="en" xmlns="http://www.sdmx.org/resources/sdmxml/schemas/v2_1/common">Asti</Name>
          <Parent>
            <Ref id="ITC17" xmlns="" />
          </Parent>
        </Code>
        <Code id="005006" urn="urn:sdmx:org.sdmx.infomodel.codelist.Code=IT1:CL_REFAREA(1.2).005006">
          <Name xml:lang="it" xmlns="http://www.sdmx.org/resources/sdmxml/schemas/v2_1/common">Azzano d'Asti</Name>
          <Name xml:lang="en" xmlns="http://www.sdmx.org/resources/sdmxml/schemas/v2_1/common">Azzano d'Asti</Name>
          <Parent>
            <Ref id="ITC17" xmlns="" />
          </Parent>
        </Code>
        <Code id="005007" urn="urn:sdmx:org.sdmx.infomodel.codelist.Code=IT1:CL_REFAREA(1.2).005007">
          <Name xml:lang="it" xmlns="http://www.sdmx.org/resources/sdmxml/schemas/v2_1/common">Baldichieri d'Asti</Name>
          <Name xml:lang="en" xmlns="http://www.sdmx.org/resources/sdmxml/schemas/v2_1/common">Baldichieri d'Asti</Name>
          <Parent>
            <Ref id="ITC17" xmlns="" />
          </Parent>
        </Code>
        <Code id="005008" urn="urn:sdmx:org.sdmx.infomodel.codelist.Code=IT1:CL_REFAREA(1.2).005008">
          <Name xml:lang="it" xmlns="http://www.sdmx.org/resources/sdmxml/schemas/v2_1/common">Belveglio</Name>
          <Name xml:lang="en" xmlns="http://www.sdmx.org/resources/sdmxml/schemas/v2_1/common">Belveglio</Name>
          <Parent>
            <Ref id="ITC17" xmlns="" />
          </Parent>
        </Code>
        <Code id="005009" urn="urn:sdmx:org.sdmx.infomodel.codelist.Code=IT1:CL_REFAREA(1.2).005009">
          <Name xml:lang="it" xmlns="http://www.sdmx.org/resources/sdmxml/schemas/v2_1/common">Berzano di San Pietro</Name>
          <Name xml:lang="en" xmlns="http://www.sdmx.org/resources/sdmxml/schemas/v2_1/common">Berzano di San Pietro</Name>
          <Parent>
            <Ref id="ITC17" xmlns="" />
          </Parent>
        </Code>
        <Code id="005010" urn="urn:sdmx:org.sdmx.infomodel.codelist.Code=IT1:CL_REFAREA(1.2).005010">
          <Name xml:lang="it" xmlns="http://www.sdmx.org/resources/sdmxml/schemas/v2_1/common">Bruno</Name>
          <Name xml:lang="en" xmlns="http://www.sdmx.org/resources/sdmxml/schemas/v2_1/common">Bruno</Name>
          <Parent>
            <Ref id="ITC17" xmlns="" />
          </Parent>
        </Code>
        <Code id="005011" urn="urn:sdmx:org.sdmx.infomodel.codelist.Code=IT1:CL_REFAREA(1.2).005011">
          <Name xml:lang="it" xmlns="http://www.sdmx.org/resources/sdmxml/schemas/v2_1/common">Bubbio</Name>
          <Name xml:lang="en" xmlns="http://www.sdmx.org/resources/sdmxml/schemas/v2_1/common">Bubbio</Name>
          <Parent>
            <Ref id="ITC17" xmlns="" />
          </Parent>
        </Code>
        <Code id="005012" urn="urn:sdmx:org.sdmx.infomodel.codelist.Code=IT1:CL_REFAREA(1.2).005012">
          <Name xml:lang="it" xmlns="http://www.sdmx.org/resources/sdmxml/schemas/v2_1/common">Buttigliera d'Asti</Name>
          <Name xml:lang="en" xmlns="http://www.sdmx.org/resources/sdmxml/schemas/v2_1/common">Buttigliera d'Asti</Name>
          <Parent>
            <Ref id="ITC17" xmlns="" />
          </Parent>
        </Code>
        <Code id="005013" urn="urn:sdmx:org.sdmx.infomodel.codelist.Code=IT1:CL_REFAREA(1.2).005013">
          <Name xml:lang="it" xmlns="http://www.sdmx.org/resources/sdmxml/schemas/v2_1/common">Calamandrana</Name>
          <Name xml:lang="en" xmlns="http://www.sdmx.org/resources/sdmxml/schemas/v2_1/common">Calamandrana</Name>
          <Parent>
            <Ref id="ITC17" xmlns="" />
          </Parent>
        </Code>
        <Code id="005014" urn="urn:sdmx:org.sdmx.infomodel.codelist.Code=IT1:CL_REFAREA(1.2).005014">
          <Name xml:lang="it" xmlns="http://www.sdmx.org/resources/sdmxml/schemas/v2_1/common">Calliano</Name>
          <Name xml:lang="en" xmlns="http://www.sdmx.org/resources/sdmxml/schemas/v2_1/common">Calliano</Name>
          <Parent>
            <Ref id="ITC17" xmlns="" />
          </Parent>
        </Code>
        <Code id="005015" urn="urn:sdmx:org.sdmx.infomodel.codelist.Code=IT1:CL_REFAREA(1.2).005015">
          <Name xml:lang="it" xmlns="http://www.sdmx.org/resources/sdmxml/schemas/v2_1/common">Calosso</Name>
          <Name xml:lang="en" xmlns="http://www.sdmx.org/resources/sdmxml/schemas/v2_1/common">Calosso</Name>
          <Parent>
            <Ref id="ITC17" xmlns="" />
          </Parent>
        </Code>
        <Code id="005016" urn="urn:sdmx:org.sdmx.infomodel.codelist.Code=IT1:CL_REFAREA(1.2).005016">
          <Name xml:lang="it" xmlns="http://www.sdmx.org/resources/sdmxml/schemas/v2_1/common">Camerano Casasco</Name>
          <Name xml:lang="en" xmlns="http://www.sdmx.org/resources/sdmxml/schemas/v2_1/common">Camerano Casasco</Name>
          <Parent>
            <Ref id="ITC17" xmlns="" />
          </Parent>
        </Code>
        <Code id="005017" urn="urn:sdmx:org.sdmx.infomodel.codelist.Code=IT1:CL_REFAREA(1.2).005017">
          <Name xml:lang="it" xmlns="http://www.sdmx.org/resources/sdmxml/schemas/v2_1/common">Canelli</Name>
          <Name xml:lang="en" xmlns="http://www.sdmx.org/resources/sdmxml/schemas/v2_1/common">Canelli</Name>
          <Parent>
            <Ref id="ITC17" xmlns="" />
          </Parent>
        </Code>
        <Code id="005018" urn="urn:sdmx:org.sdmx.infomodel.codelist.Code=IT1:CL_REFAREA(1.2).005018">
          <Name xml:lang="it" xmlns="http://www.sdmx.org/resources/sdmxml/schemas/v2_1/common">Cantarana</Name>
          <Name xml:lang="en" xmlns="http://www.sdmx.org/resources/sdmxml/schemas/v2_1/common">Cantarana</Name>
          <Parent>
            <Ref id="ITC17" xmlns="" />
          </Parent>
        </Code>
        <Code id="005019" urn="urn:sdmx:org.sdmx.infomodel.codelist.Code=IT1:CL_REFAREA(1.2).005019">
          <Name xml:lang="it" xmlns="http://www.sdmx.org/resources/sdmxml/schemas/v2_1/common">Capriglio</Name>
          <Name xml:lang="en" xmlns="http://www.sdmx.org/resources/sdmxml/schemas/v2_1/common">Capriglio</Name>
          <Parent>
            <Ref id="ITC17" xmlns="" />
          </Parent>
        </Code>
        <Code id="005020" urn="urn:sdmx:org.sdmx.infomodel.codelist.Code=IT1:CL_REFAREA(1.2).005020">
          <Name xml:lang="it" xmlns="http://www.sdmx.org/resources/sdmxml/schemas/v2_1/common">Casorzo</Name>
          <Name xml:lang="en" xmlns="http://www.sdmx.org/resources/sdmxml/schemas/v2_1/common">Casorzo</Name>
          <Parent>
            <Ref id="ITC17" xmlns="" />
          </Parent>
        </Code>
        <Code id="005021" urn="urn:sdmx:org.sdmx.infomodel.codelist.Code=IT1:CL_REFAREA(1.2).005021">
          <Name xml:lang="it" xmlns="http://www.sdmx.org/resources/sdmxml/schemas/v2_1/common">Cassinasco</Name>
          <Name xml:lang="en" xmlns="http://www.sdmx.org/resources/sdmxml/schemas/v2_1/common">Cassinasco</Name>
          <Parent>
            <Ref id="ITC17" xmlns="" />
          </Parent>
        </Code>
        <Code id="005022" urn="urn:sdmx:org.sdmx.infomodel.codelist.Code=IT1:CL_REFAREA(1.2).005022">
          <Name xml:lang="it" xmlns="http://www.sdmx.org/resources/sdmxml/schemas/v2_1/common">Castagnole delle Lanze</Name>
          <Name xml:lang="en" xmlns="http://www.sdmx.org/resources/sdmxml/schemas/v2_1/common">Castagnole delle Lanze</Name>
          <Parent>
            <Ref id="ITC17" xmlns="" />
          </Parent>
        </Code>
        <Code id="005023" urn="urn:sdmx:org.sdmx.infomodel.codelist.Code=IT1:CL_REFAREA(1.2).005023">
          <Name xml:lang="it" xmlns="http://www.sdmx.org/resources/sdmxml/schemas/v2_1/common">Castagnole Monferrato</Name>
          <Name xml:lang="en" xmlns="http://www.sdmx.org/resources/sdmxml/schemas/v2_1/common">Castagnole Monferrato</Name>
          <Parent>
            <Ref id="ITC17" xmlns="" />
          </Parent>
        </Code>
        <Code id="005024" urn="urn:sdmx:org.sdmx.infomodel.codelist.Code=IT1:CL_REFAREA(1.2).005024">
          <Name xml:lang="it" xmlns="http://www.sdmx.org/resources/sdmxml/schemas/v2_1/common">Castel Boglione</Name>
          <Name xml:lang="en" xmlns="http://www.sdmx.org/resources/sdmxml/schemas/v2_1/common">Castel Boglione</Name>
          <Parent>
            <Ref id="ITC17" xmlns="" />
          </Parent>
        </Code>
        <Code id="005025" urn="urn:sdmx:org.sdmx.infomodel.codelist.Code=IT1:CL_REFAREA(1.2).005025">
          <Name xml:lang="it" xmlns="http://www.sdmx.org/resources/sdmxml/schemas/v2_1/common">Castell'Alfero</Name>
          <Name xml:lang="en" xmlns="http://www.sdmx.org/resources/sdmxml/schemas/v2_1/common">Castell'Alfero</Name>
          <Parent>
            <Ref id="ITC17" xmlns="" />
          </Parent>
        </Code>
        <Code id="005026" urn="urn:sdmx:org.sdmx.infomodel.codelist.Code=IT1:CL_REFAREA(1.2).005026">
          <Name xml:lang="it" xmlns="http://www.sdmx.org/resources/sdmxml/schemas/v2_1/common">Castellero</Name>
          <Name xml:lang="en" xmlns="http://www.sdmx.org/resources/sdmxml/schemas/v2_1/common">Castellero</Name>
          <Parent>
            <Ref id="ITC17" xmlns="" />
          </Parent>
        </Code>
        <Code id="005027" urn="urn:sdmx:org.sdmx.infomodel.codelist.Code=IT1:CL_REFAREA(1.2).005027">
          <Name xml:lang="it" xmlns="http://www.sdmx.org/resources/sdmxml/schemas/v2_1/common">Castelletto Molina</Name>
          <Name xml:lang="en" xmlns="http://www.sdmx.org/resources/sdmxml/schemas/v2_1/common">Castelletto Molina</Name>
          <Parent>
            <Ref id="ITC17" xmlns="" />
          </Parent>
        </Code>
        <Code id="005028" urn="urn:sdmx:org.sdmx.infomodel.codelist.Code=IT1:CL_REFAREA(1.2).005028">
          <Name xml:lang="it" xmlns="http://www.sdmx.org/resources/sdmxml/schemas/v2_1/common">Castello di Annone</Name>
          <Name xml:lang="en" xmlns="http://www.sdmx.org/resources/sdmxml/schemas/v2_1/common">Castello di Annone</Name>
          <Parent>
            <Ref id="ITC17" xmlns="" />
          </Parent>
        </Code>
        <Code id="005029" urn="urn:sdmx:org.sdmx.infomodel.codelist.Code=IT1:CL_REFAREA(1.2).005029">
          <Name xml:lang="it" xmlns="http://www.sdmx.org/resources/sdmxml/schemas/v2_1/common">Castelnuovo Belbo</Name>
          <Name xml:lang="en" xmlns="http://www.sdmx.org/resources/sdmxml/schemas/v2_1/common">Castelnuovo Belbo</Name>
          <Parent>
            <Ref id="ITC17" xmlns="" />
          </Parent>
        </Code>
        <Code id="005030" urn="urn:sdmx:org.sdmx.infomodel.codelist.Code=IT1:CL_REFAREA(1.2).005030">
          <Name xml:lang="it" xmlns="http://www.sdmx.org/resources/sdmxml/schemas/v2_1/common">Castelnuovo Calcea</Name>
          <Name xml:lang="en" xmlns="http://www.sdmx.org/resources/sdmxml/schemas/v2_1/common">Castelnuovo Calcea</Name>
          <Parent>
            <Ref id="ITC17" xmlns="" />
          </Parent>
        </Code>
        <Code id="005031" urn="urn:sdmx:org.sdmx.infomodel.codelist.Code=IT1:CL_REFAREA(1.2).005031">
          <Name xml:lang="it" xmlns="http://www.sdmx.org/resources/sdmxml/schemas/v2_1/common">Castelnuovo Don Bosco</Name>
          <Name xml:lang="en" xmlns="http://www.sdmx.org/resources/sdmxml/schemas/v2_1/common">Castelnuovo Don Bosco</Name>
          <Parent>
            <Ref id="ITC17" xmlns="" />
          </Parent>
        </Code>
        <Code id="005032" urn="urn:sdmx:org.sdmx.infomodel.codelist.Code=IT1:CL_REFAREA(1.2).005032">
          <Name xml:lang="it" xmlns="http://www.sdmx.org/resources/sdmxml/schemas/v2_1/common">Castel Rocchero</Name>
          <Name xml:lang="en" xmlns="http://www.sdmx.org/resources/sdmxml/schemas/v2_1/common">Castel Rocchero</Name>
          <Parent>
            <Ref id="ITC17" xmlns="" />
          </Parent>
        </Code>
        <Code id="005033" urn="urn:sdmx:org.sdmx.infomodel.codelist.Code=IT1:CL_REFAREA(1.2).005033">
          <Name xml:lang="it" xmlns="http://www.sdmx.org/resources/sdmxml/schemas/v2_1/common">Cellarengo</Name>
          <Name xml:lang="en" xmlns="http://www.sdmx.org/resources/sdmxml/schemas/v2_1/common">Cellarengo</Name>
          <Parent>
            <Ref id="ITC17" xmlns="" />
          </Parent>
        </Code>
        <Code id="005034" urn="urn:sdmx:org.sdmx.infomodel.codelist.Code=IT1:CL_REFAREA(1.2).005034">
          <Name xml:lang="it" xmlns="http://www.sdmx.org/resources/sdmxml/schemas/v2_1/common">Celle Enomondo</Name>
          <Name xml:lang="en" xmlns="http://www.sdmx.org/resources/sdmxml/schemas/v2_1/common">Celle Enomondo</Name>
          <Parent>
            <Ref id="ITC17" xmlns="" />
          </Parent>
        </Code>
        <Code id="005035" urn="urn:sdmx:org.sdmx.infomodel.codelist.Code=IT1:CL_REFAREA(1.2).005035">
          <Name xml:lang="it" xmlns="http://www.sdmx.org/resources/sdmxml/schemas/v2_1/common">Cerreto d'Asti</Name>
          <Name xml:lang="en" xmlns="http://www.sdmx.org/resources/sdmxml/schemas/v2_1/common">Cerreto d'Asti</Name>
          <Parent>
            <Ref id="ITC17" xmlns="" />
          </Parent>
        </Code>
        <Code id="005036" urn="urn:sdmx:org.sdmx.infomodel.codelist.Code=IT1:CL_REFAREA(1.2).005036">
          <Name xml:lang="it" xmlns="http://www.sdmx.org/resources/sdmxml/schemas/v2_1/common">Cerro Tanaro</Name>
          <Name xml:lang="en" xmlns="http://www.sdmx.org/resources/sdmxml/schemas/v2_1/common">Cerro Tanaro</Name>
          <Parent>
            <Ref id="ITC17" xmlns="" />
          </Parent>
        </Code>
        <Code id="005037" urn="urn:sdmx:org.sdmx.infomodel.codelist.Code=IT1:CL_REFAREA(1.2).005037">
          <Name xml:lang="it" xmlns="http://www.sdmx.org/resources/sdmxml/schemas/v2_1/common">Cessole</Name>
          <Name xml:lang="en" xmlns="http://www.sdmx.org/resources/sdmxml/schemas/v2_1/common">Cessole</Name>
          <Parent>
            <Ref id="ITC17" xmlns="" />
          </Parent>
        </Code>
        <Code id="005038" urn="urn:sdmx:org.sdmx.infomodel.codelist.Code=IT1:CL_REFAREA(1.2).005038">
          <Name xml:lang="it" xmlns="http://www.sdmx.org/resources/sdmxml/schemas/v2_1/common">Chiusano d'Asti</Name>
          <Name xml:lang="en" xmlns="http://www.sdmx.org/resources/sdmxml/schemas/v2_1/common">Chiusano d'Asti</Name>
          <Parent>
            <Ref id="ITC17" xmlns="" />
          </Parent>
        </Code>
        <Code id="005039" urn="urn:sdmx:org.sdmx.infomodel.codelist.Code=IT1:CL_REFAREA(1.2).005039">
          <Name xml:lang="it" xmlns="http://www.sdmx.org/resources/sdmxml/schemas/v2_1/common">Cinaglio</Name>
          <Name xml:lang="en" xmlns="http://www.sdmx.org/resources/sdmxml/schemas/v2_1/common">Cinaglio</Name>
          <Parent>
            <Ref id="ITC17" xmlns="" />
          </Parent>
        </Code>
        <Code id="005040" urn="urn:sdmx:org.sdmx.infomodel.codelist.Code=IT1:CL_REFAREA(1.2).005040">
          <Name xml:lang="it" xmlns="http://www.sdmx.org/resources/sdmxml/schemas/v2_1/common">Cisterna d'Asti</Name>
          <Name xml:lang="en" xmlns="http://www.sdmx.org/resources/sdmxml/schemas/v2_1/common">Cisterna d'Asti</Name>
          <Parent>
            <Ref id="ITC17" xmlns="" />
          </Parent>
        </Code>
        <Code id="005041" urn="urn:sdmx:org.sdmx.infomodel.codelist.Code=IT1:CL_REFAREA(1.2).005041">
          <Name xml:lang="it" xmlns="http://www.sdmx.org/resources/sdmxml/schemas/v2_1/common">Coazzolo</Name>
          <Name xml:lang="en" xmlns="http://www.sdmx.org/resources/sdmxml/schemas/v2_1/common">Coazzolo</Name>
          <Parent>
            <Ref id="ITC17" xmlns="" />
          </Parent>
        </Code>
        <Code id="005042" urn="urn:sdmx:org.sdmx.infomodel.codelist.Code=IT1:CL_REFAREA(1.2).005042">
          <Name xml:lang="it" xmlns="http://www.sdmx.org/resources/sdmxml/schemas/v2_1/common">Cocconato</Name>
          <Name xml:lang="en" xmlns="http://www.sdmx.org/resources/sdmxml/schemas/v2_1/common">Cocconato</Name>
          <Parent>
            <Ref id="ITC17" xmlns="" />
          </Parent>
        </Code>
        <Code id="005043" urn="urn:sdmx:org.sdmx.infomodel.codelist.Code=IT1:CL_REFAREA(1.2).005043">
          <Name xml:lang="it" xmlns="http://www.sdmx.org/resources/sdmxml/schemas/v2_1/common">Colcavagno</Name>
          <Name xml:lang="en" xmlns="http://www.sdmx.org/resources/sdmxml/schemas/v2_1/common">Colcavagno</Name>
          <Parent>
            <Ref id="ITC17" xmlns="" />
          </Parent>
        </Code>
        <Code id="005044" urn="urn:sdmx:org.sdmx.infomodel.codelist.Code=IT1:CL_REFAREA(1.2).005044">
          <Name xml:lang="it" xmlns="http://www.sdmx.org/resources/sdmxml/schemas/v2_1/common">Corsione</Name>
          <Name xml:lang="en" xmlns="http://www.sdmx.org/resources/sdmxml/schemas/v2_1/common">Corsione</Name>
          <Parent>
            <Ref id="ITC17" xmlns="" />
          </Parent>
        </Code>
        <Code id="005045" urn="urn:sdmx:org.sdmx.infomodel.codelist.Code=IT1:CL_REFAREA(1.2).005045">
          <Name xml:lang="it" xmlns="http://www.sdmx.org/resources/sdmxml/schemas/v2_1/common">Cortandone</Name>
          <Name xml:lang="en" xmlns="http://www.sdmx.org/resources/sdmxml/schemas/v2_1/common">Cortandone</Name>
          <Parent>
            <Ref id="ITC17" xmlns="" />
          </Parent>
        </Code>
        <Code id="005046" urn="urn:sdmx:org.sdmx.infomodel.codelist.Code=IT1:CL_REFAREA(1.2).005046">
          <Name xml:lang="it" xmlns="http://www.sdmx.org/resources/sdmxml/schemas/v2_1/common">Cortanze</Name>
          <Name xml:lang="en" xmlns="http://www.sdmx.org/resources/sdmxml/schemas/v2_1/common">Cortanze</Name>
          <Parent>
            <Ref id="ITC17" xmlns="" />
          </Parent>
        </Code>
        <Code id="005047" urn="urn:sdmx:org.sdmx.infomodel.codelist.Code=IT1:CL_REFAREA(1.2).005047">
          <Name xml:lang="it" xmlns="http://www.sdmx.org/resources/sdmxml/schemas/v2_1/common">Cortazzone</Name>
          <Name xml:lang="en" xmlns="http://www.sdmx.org/resources/sdmxml/schemas/v2_1/common">Cortazzone</Name>
          <Parent>
            <Ref id="ITC17" xmlns="" />
          </Parent>
        </Code>
        <Code id="005048" urn="urn:sdmx:org.sdmx.infomodel.codelist.Code=IT1:CL_REFAREA(1.2).005048">
          <Name xml:lang="it" xmlns="http://www.sdmx.org/resources/sdmxml/schemas/v2_1/common">Cortiglione</Name>
          <Name xml:lang="en" xmlns="http://www.sdmx.org/resources/sdmxml/schemas/v2_1/common">Cortiglione</Name>
          <Parent>
            <Ref id="ITC17" xmlns="" />
          </Parent>
        </Code>
        <Code id="005049" urn="urn:sdmx:org.sdmx.infomodel.codelist.Code=IT1:CL_REFAREA(1.2).005049">
          <Name xml:lang="it" xmlns="http://www.sdmx.org/resources/sdmxml/schemas/v2_1/common">Cossombrato</Name>
          <Name xml:lang="en" xmlns="http://www.sdmx.org/resources/sdmxml/schemas/v2_1/common">Cossombrato</Name>
          <Parent>
            <Ref id="ITC17" xmlns="" />
          </Parent>
        </Code>
        <Code id="005050" urn="urn:sdmx:org.sdmx.infomodel.codelist.Code=IT1:CL_REFAREA(1.2).005050">
          <Name xml:lang="it" xmlns="http://www.sdmx.org/resources/sdmxml/schemas/v2_1/common">Costigliole d'Asti</Name>
          <Name xml:lang="en" xmlns="http://www.sdmx.org/resources/sdmxml/schemas/v2_1/common">Costigliole d'Asti</Name>
          <Parent>
            <Ref id="ITC17" xmlns="" />
          </Parent>
        </Code>
        <Code id="005051" urn="urn:sdmx:org.sdmx.infomodel.codelist.Code=IT1:CL_REFAREA(1.2).005051">
          <Name xml:lang="it" xmlns="http://www.sdmx.org/resources/sdmxml/schemas/v2_1/common">Cunico</Name>
          <Name xml:lang="en" xmlns="http://www.sdmx.org/resources/sdmxml/schemas/v2_1/common">Cunico</Name>
          <Parent>
            <Ref id="ITC17" xmlns="" />
          </Parent>
        </Code>
        <Code id="005052" urn="urn:sdmx:org.sdmx.infomodel.codelist.Code=IT1:CL_REFAREA(1.2).005052">
          <Name xml:lang="it" xmlns="http://www.sdmx.org/resources/sdmxml/schemas/v2_1/common">Dusino San Michele</Name>
          <Name xml:lang="en" xmlns="http://www.sdmx.org/resources/sdmxml/schemas/v2_1/common">Dusino San Michele</Name>
          <Parent>
            <Ref id="ITC17" xmlns="" />
          </Parent>
        </Code>
        <Code id="005053" urn="urn:sdmx:org.sdmx.infomodel.codelist.Code=IT1:CL_REFAREA(1.2).005053">
          <Name xml:lang="it" xmlns="http://www.sdmx.org/resources/sdmxml/schemas/v2_1/common">Ferrere</Name>
          <Name xml:lang="en" xmlns="http://www.sdmx.org/resources/sdmxml/schemas/v2_1/common">Ferrere</Name>
          <Parent>
            <Ref id="ITC17" xmlns="" />
          </Parent>
        </Code>
        <Code id="005054" urn="urn:sdmx:org.sdmx.infomodel.codelist.Code=IT1:CL_REFAREA(1.2).005054">
          <Name xml:lang="it" xmlns="http://www.sdmx.org/resources/sdmxml/schemas/v2_1/common">Fontanile</Name>
          <Name xml:lang="en" xmlns="http://www.sdmx.org/resources/sdmxml/schemas/v2_1/common">Fontanile</Name>
          <Parent>
            <Ref id="ITC17" xmlns="" />
          </Parent>
        </Code>
        <Code id="005055" urn="urn:sdmx:org.sdmx.infomodel.codelist.Code=IT1:CL_REFAREA(1.2).005055">
          <Name xml:lang="it" xmlns="http://www.sdmx.org/resources/sdmxml/schemas/v2_1/common">Frinco</Name>
          <Name xml:lang="en" xmlns="http://www.sdmx.org/resources/sdmxml/schemas/v2_1/common">Frinco</Name>
          <Parent>
            <Ref id="ITC17" xmlns="" />
          </Parent>
        </Code>
        <Code id="005056" urn="urn:sdmx:org.sdmx.infomodel.codelist.Code=IT1:CL_REFAREA(1.2).005056">
          <Name xml:lang="it" xmlns="http://www.sdmx.org/resources/sdmxml/schemas/v2_1/common">Grana</Name>
          <Name xml:lang="en" xmlns="http://www.sdmx.org/resources/sdmxml/schemas/v2_1/common">Grana</Name>
          <Parent>
            <Ref id="ITC17" xmlns="" />
          </Parent>
        </Code>
        <Code id="005057" urn="urn:sdmx:org.sdmx.infomodel.codelist.Code=IT1:CL_REFAREA(1.2).005057">
          <Name xml:lang="it" xmlns="http://www.sdmx.org/resources/sdmxml/schemas/v2_1/common">Grazzano Badoglio</Name>
          <Name xml:lang="en" xmlns="http://www.sdmx.org/resources/sdmxml/schemas/v2_1/common">Grazzano Badoglio</Name>
          <Parent>
            <Ref id="ITC17" xmlns="" />
          </Parent>
        </Code>
        <Code id="005058" urn="urn:sdmx:org.sdmx.infomodel.codelist.Code=IT1:CL_REFAREA(1.2).005058">
          <Name xml:lang="it" xmlns="http://www.sdmx.org/resources/sdmxml/schemas/v2_1/common">Incisa Scapaccino</Name>
          <Name xml:lang="en" xmlns="http://www.sdmx.org/resources/sdmxml/schemas/v2_1/common">Incisa Scapaccino</Name>
          <Parent>
            <Ref id="ITC17" xmlns="" />
          </Parent>
        </Code>
        <Code id="005059" urn="urn:sdmx:org.sdmx.infomodel.codelist.Code=IT1:CL_REFAREA(1.2).005059">
          <Name xml:lang="it" xmlns="http://www.sdmx.org/resources/sdmxml/schemas/v2_1/common">Isola d'Asti</Name>
          <Name xml:lang="en" xmlns="http://www.sdmx.org/resources/sdmxml/schemas/v2_1/common">Isola d'Asti</Name>
          <Parent>
            <Ref id="ITC17" xmlns="" />
          </Parent>
        </Code>
        <Code id="005060" urn="urn:sdmx:org.sdmx.infomodel.codelist.Code=IT1:CL_REFAREA(1.2).005060">
          <Name xml:lang="it" xmlns="http://www.sdmx.org/resources/sdmxml/schemas/v2_1/common">Loazzolo</Name>
          <Name xml:lang="en" xmlns="http://www.sdmx.org/resources/sdmxml/schemas/v2_1/common">Loazzolo</Name>
          <Parent>
            <Ref id="ITC17" xmlns="" />
          </Parent>
        </Code>
        <Code id="005061" urn="urn:sdmx:org.sdmx.infomodel.codelist.Code=IT1:CL_REFAREA(1.2).005061">
          <Name xml:lang="it" xmlns="http://www.sdmx.org/resources/sdmxml/schemas/v2_1/common">Maranzana</Name>
          <Name xml:lang="en" xmlns="http://www.sdmx.org/resources/sdmxml/schemas/v2_1/common">Maranzana</Name>
          <Parent>
            <Ref id="ITC17" xmlns="" />
          </Parent>
        </Code>
        <Code id="005062" urn="urn:sdmx:org.sdmx.infomodel.codelist.Code=IT1:CL_REFAREA(1.2).005062">
          <Name xml:lang="it" xmlns="http://www.sdmx.org/resources/sdmxml/schemas/v2_1/common">Maretto</Name>
          <Name xml:lang="en" xmlns="http://www.sdmx.org/resources/sdmxml/schemas/v2_1/common">Maretto</Name>
          <Parent>
            <Ref id="ITC17" xmlns="" />
          </Parent>
        </Code>
        <Code id="005063" urn="urn:sdmx:org.sdmx.infomodel.codelist.Code=IT1:CL_REFAREA(1.2).005063">
          <Name xml:lang="it" xmlns="http://www.sdmx.org/resources/sdmxml/schemas/v2_1/common">Moasca</Name>
          <Name xml:lang="en" xmlns="http://www.sdmx.org/resources/sdmxml/schemas/v2_1/common">Moasca</Name>
          <Parent>
            <Ref id="ITC17" xmlns="" />
          </Parent>
        </Code>
        <Code id="005064" urn="urn:sdmx:org.sdmx.infomodel.codelist.Code=IT1:CL_REFAREA(1.2).005064">
          <Name xml:lang="it" xmlns="http://www.sdmx.org/resources/sdmxml/schemas/v2_1/common">Mombaldone</Name>
          <Name xml:lang="en" xmlns="http://www.sdmx.org/resources/sdmxml/schemas/v2_1/common">Mombaldone</Name>
          <Parent>
            <Ref id="ITC17" xmlns="" />
          </Parent>
        </Code>
        <Code id="005065" urn="urn:sdmx:org.sdmx.infomodel.codelist.Code=IT1:CL_REFAREA(1.2).005065">
          <Name xml:lang="it" xmlns="http://www.sdmx.org/resources/sdmxml/schemas/v2_1/common">Mombaruzzo</Name>
          <Name xml:lang="en" xmlns="http://www.sdmx.org/resources/sdmxml/schemas/v2_1/common">Mombaruzzo</Name>
          <Parent>
            <Ref id="ITC17" xmlns="" />
          </Parent>
        </Code>
        <Code id="005066" urn="urn:sdmx:org.sdmx.infomodel.codelist.Code=IT1:CL_REFAREA(1.2).005066">
          <Name xml:lang="it" xmlns="http://www.sdmx.org/resources/sdmxml/schemas/v2_1/common">Mombercelli</Name>
          <Name xml:lang="en" xmlns="http://www.sdmx.org/resources/sdmxml/schemas/v2_1/common">Mombercelli</Name>
          <Parent>
            <Ref id="ITC17" xmlns="" />
          </Parent>
        </Code>
        <Code id="005067" urn="urn:sdmx:org.sdmx.infomodel.codelist.Code=IT1:CL_REFAREA(1.2).005067">
          <Name xml:lang="it" xmlns="http://www.sdmx.org/resources/sdmxml/schemas/v2_1/common">Monale</Name>
          <Name xml:lang="en" xmlns="http://www.sdmx.org/resources/sdmxml/schemas/v2_1/common">Monale</Name>
          <Parent>
            <Ref id="ITC17" xmlns="" />
          </Parent>
        </Code>
        <Code id="005068" urn="urn:sdmx:org.sdmx.infomodel.codelist.Code=IT1:CL_REFAREA(1.2).005068">
          <Name xml:lang="it" xmlns="http://www.sdmx.org/resources/sdmxml/schemas/v2_1/common">Monastero Bormida</Name>
          <Name xml:lang="en" xmlns="http://www.sdmx.org/resources/sdmxml/schemas/v2_1/common">Monastero Bormida</Name>
          <Parent>
            <Ref id="ITC17" xmlns="" />
          </Parent>
        </Code>
        <Code id="005069" urn="urn:sdmx:org.sdmx.infomodel.codelist.Code=IT1:CL_REFAREA(1.2).005069">
          <Name xml:lang="it" xmlns="http://www.sdmx.org/resources/sdmxml/schemas/v2_1/common">Moncalvo</Name>
          <Name xml:lang="en" xmlns="http://www.sdmx.org/resources/sdmxml/schemas/v2_1/common">Moncalvo</Name>
          <Parent>
            <Ref id="ITC17" xmlns="" />
          </Parent>
        </Code>
        <Code id="005070" urn="urn:sdmx:org.sdmx.infomodel.codelist.Code=IT1:CL_REFAREA(1.2).005070">
          <Name xml:lang="it" xmlns="http://www.sdmx.org/resources/sdmxml/schemas/v2_1/common">Moncucco Torinese</Name>
          <Name xml:lang="en" xmlns="http://www.sdmx.org/resources/sdmxml/schemas/v2_1/common">Moncucco Torinese</Name>
          <Parent>
            <Ref id="ITC17" xmlns="" />
          </Parent>
        </Code>
        <Code id="005071" urn="urn:sdmx:org.sdmx.infomodel.codelist.Code=IT1:CL_REFAREA(1.2).005071">
          <Name xml:lang="it" xmlns="http://www.sdmx.org/resources/sdmxml/schemas/v2_1/common">Mongardino</Name>
          <Name xml:lang="en" xmlns="http://www.sdmx.org/resources/sdmxml/schemas/v2_1/common">Mongardino</Name>
          <Parent>
            <Ref id="ITC17" xmlns="" />
          </Parent>
        </Code>
        <Code id="005072" urn="urn:sdmx:org.sdmx.infomodel.codelist.Code=IT1:CL_REFAREA(1.2).005072">
          <Name xml:lang="it" xmlns="http://www.sdmx.org/resources/sdmxml/schemas/v2_1/common">Montabone</Name>
          <Name xml:lang="en" xmlns="http://www.sdmx.org/resources/sdmxml/schemas/v2_1/common">Montabone</Name>
          <Parent>
            <Ref id="ITC17" xmlns="" />
          </Parent>
        </Code>
        <Code id="005073" urn="urn:sdmx:org.sdmx.infomodel.codelist.Code=IT1:CL_REFAREA(1.2).005073">
          <Name xml:lang="it" xmlns="http://www.sdmx.org/resources/sdmxml/schemas/v2_1/common">Montafia</Name>
          <Name xml:lang="en" xmlns="http://www.sdmx.org/resources/sdmxml/schemas/v2_1/common">Montafia</Name>
          <Parent>
            <Ref id="ITC17" xmlns="" />
          </Parent>
        </Code>
        <Code id="005074" urn="urn:sdmx:org.sdmx.infomodel.codelist.Code=IT1:CL_REFAREA(1.2).005074">
          <Name xml:lang="it" xmlns="http://www.sdmx.org/resources/sdmxml/schemas/v2_1/common">Montaldo Scarampi</Name>
          <Name xml:lang="en" xmlns="http://www.sdmx.org/resources/sdmxml/schemas/v2_1/common">Montaldo Scarampi</Name>
          <Parent>
            <Ref id="ITC17" xmlns="" />
          </Parent>
        </Code>
        <Code id="005075" urn="urn:sdmx:org.sdmx.infomodel.codelist.Code=IT1:CL_REFAREA(1.2).005075">
          <Name xml:lang="it" xmlns="http://www.sdmx.org/resources/sdmxml/schemas/v2_1/common">Montechiaro d'Asti</Name>
          <Name xml:lang="en" xmlns="http://www.sdmx.org/resources/sdmxml/schemas/v2_1/common">Montechiaro d'Asti</Name>
          <Parent>
            <Ref id="ITC17" xmlns="" />
          </Parent>
        </Code>
        <Code id="005076" urn="urn:sdmx:org.sdmx.infomodel.codelist.Code=IT1:CL_REFAREA(1.2).005076">
          <Name xml:lang="it" xmlns="http://www.sdmx.org/resources/sdmxml/schemas/v2_1/common">Montegrosso d'Asti</Name>
          <Name xml:lang="en" xmlns="http://www.sdmx.org/resources/sdmxml/schemas/v2_1/common">Montegrosso d'Asti</Name>
          <Parent>
            <Ref id="ITC17" xmlns="" />
          </Parent>
        </Code>
        <Code id="005077" urn="urn:sdmx:org.sdmx.infomodel.codelist.Code=IT1:CL_REFAREA(1.2).005077">
          <Name xml:lang="it" xmlns="http://www.sdmx.org/resources/sdmxml/schemas/v2_1/common">Montemagno</Name>
          <Name xml:lang="en" xmlns="http://www.sdmx.org/resources/sdmxml/schemas/v2_1/common">Montemagno</Name>
          <Parent>
            <Ref id="ITC17" xmlns="" />
          </Parent>
        </Code>
        <Code id="005078" urn="urn:sdmx:org.sdmx.infomodel.codelist.Code=IT1:CL_REFAREA(1.2).005078">
          <Name xml:lang="it" xmlns="http://www.sdmx.org/resources/sdmxml/schemas/v2_1/common">Montiglio</Name>
          <Name xml:lang="en" xmlns="http://www.sdmx.org/resources/sdmxml/schemas/v2_1/common">Montiglio</Name>
          <Parent>
            <Ref id="ITC17" xmlns="" />
          </Parent>
        </Code>
        <Code id="005079" urn="urn:sdmx:org.sdmx.infomodel.codelist.Code=IT1:CL_REFAREA(1.2).005079">
          <Name xml:lang="it" xmlns="http://www.sdmx.org/resources/sdmxml/schemas/v2_1/common">Moransengo</Name>
          <Name xml:lang="en" xmlns="http://www.sdmx.org/resources/sdmxml/schemas/v2_1/common">Moransengo</Name>
          <Parent>
            <Ref id="ITC17" xmlns="" />
          </Parent>
        </Code>
        <Code id="005080" urn="urn:sdmx:org.sdmx.infomodel.codelist.Code=IT1:CL_REFAREA(1.2).005080">
          <Name xml:lang="it" xmlns="http://www.sdmx.org/resources/sdmxml/schemas/v2_1/common">Nizza Monferrato</Name>
          <Name xml:lang="en" xmlns="http://www.sdmx.org/resources/sdmxml/schemas/v2_1/common">Nizza Monferrato</Name>
          <Parent>
            <Ref id="ITC17" xmlns="" />
          </Parent>
        </Code>
        <Code id="005081" urn="urn:sdmx:org.sdmx.infomodel.codelist.Code=IT1:CL_REFAREA(1.2).005081">
          <Name xml:lang="it" xmlns="http://www.sdmx.org/resources/sdmxml/schemas/v2_1/common">Olmo Gentile</Name>
          <Name xml:lang="en" xmlns="http://www.sdmx.org/resources/sdmxml/schemas/v2_1/common">Olmo Gentile</Name>
          <Parent>
            <Ref id="ITC17" xmlns="" />
          </Parent>
        </Code>
        <Code id="005082" urn="urn:sdmx:org.sdmx.infomodel.codelist.Code=IT1:CL_REFAREA(1.2).005082">
          <Name xml:lang="it" xmlns="http://www.sdmx.org/resources/sdmxml/schemas/v2_1/common">Passerano Marmorito</Name>
          <Name xml:lang="en" xmlns="http://www.sdmx.org/resources/sdmxml/schemas/v2_1/common">Passerano Marmorito</Name>
          <Parent>
            <Ref id="ITC17" xmlns="" />
          </Parent>
        </Code>
        <Code id="005083" urn="urn:sdmx:org.sdmx.infomodel.codelist.Code=IT1:CL_REFAREA(1.2).005083">
          <Name xml:lang="it" xmlns="http://www.sdmx.org/resources/sdmxml/schemas/v2_1/common">Penango</Name>
          <Name xml:lang="en" xmlns="http://www.sdmx.org/resources/sdmxml/schemas/v2_1/common">Penango</Name>
          <Parent>
            <Ref id="ITC17" xmlns="" />
          </Parent>
        </Code>
        <Code id="005084" urn="urn:sdmx:org.sdmx.infomodel.codelist.Code=IT1:CL_REFAREA(1.2).005084">
          <Name xml:lang="it" xmlns="http://www.sdmx.org/resources/sdmxml/schemas/v2_1/common">Piea</Name>
          <Name xml:lang="en" xmlns="http://www.sdmx.org/resources/sdmxml/schemas/v2_1/common">Piea</Name>
          <Parent>
            <Ref id="ITC17" xmlns="" />
          </Parent>
        </Code>
        <Code id="005085" urn="urn:sdmx:org.sdmx.infomodel.codelist.Code=IT1:CL_REFAREA(1.2).005085">
          <Name xml:lang="it" xmlns="http://www.sdmx.org/resources/sdmxml/schemas/v2_1/common">Pino d'Asti</Name>
          <Name xml:lang="en" xmlns="http://www.sdmx.org/resources/sdmxml/schemas/v2_1/common">Pino d'Asti</Name>
          <Parent>
            <Ref id="ITC17" xmlns="" />
          </Parent>
        </Code>
        <Code id="005086" urn="urn:sdmx:org.sdmx.infomodel.codelist.Code=IT1:CL_REFAREA(1.2).005086">
          <Name xml:lang="it" xmlns="http://www.sdmx.org/resources/sdmxml/schemas/v2_1/common">Piovà Massaia</Name>
          <Name xml:lang="en" xmlns="http://www.sdmx.org/resources/sdmxml/schemas/v2_1/common">Piovà Massaia</Name>
          <Parent>
            <Ref id="ITC17" xmlns="" />
          </Parent>
        </Code>
        <Code id="005087" urn="urn:sdmx:org.sdmx.infomodel.codelist.Code=IT1:CL_REFAREA(1.2).005087">
          <Name xml:lang="it" xmlns="http://www.sdmx.org/resources/sdmxml/schemas/v2_1/common">Portacomaro</Name>
          <Name xml:lang="en" xmlns="http://www.sdmx.org/resources/sdmxml/schemas/v2_1/common">Portacomaro</Name>
          <Parent>
            <Ref id="ITC17" xmlns="" />
          </Parent>
        </Code>
        <Code id="005088" urn="urn:sdmx:org.sdmx.infomodel.codelist.Code=IT1:CL_REFAREA(1.2).005088">
          <Name xml:lang="it" xmlns="http://www.sdmx.org/resources/sdmxml/schemas/v2_1/common">Quaranti</Name>
          <Name xml:lang="en" xmlns="http://www.sdmx.org/resources/sdmxml/schemas/v2_1/common">Quaranti</Name>
          <Parent>
            <Ref id="ITC17" xmlns="" />
          </Parent>
        </Code>
        <Code id="005089" urn="urn:sdmx:org.sdmx.infomodel.codelist.Code=IT1:CL_REFAREA(1.2).005089">
          <Name xml:lang="it" xmlns="http://www.sdmx.org/resources/sdmxml/schemas/v2_1/common">Refrancore</Name>
          <Name xml:lang="en" xmlns="http://www.sdmx.org/resources/sdmxml/schemas/v2_1/common">Refrancore</Name>
          <Parent>
            <Ref id="ITC17" xmlns="" />
          </Parent>
        </Code>
        <Code id="005090" urn="urn:sdmx:org.sdmx.infomodel.codelist.Code=IT1:CL_REFAREA(1.2).005090">
          <Name xml:lang="it" xmlns="http://www.sdmx.org/resources/sdmxml/schemas/v2_1/common">Revigliasco d'Asti</Name>
          <Name xml:lang="en" xmlns="http://www.sdmx.org/resources/sdmxml/schemas/v2_1/common">Revigliasco d'Asti</Name>
          <Parent>
            <Ref id="ITC17" xmlns="" />
          </Parent>
        </Code>
        <Code id="005091" urn="urn:sdmx:org.sdmx.infomodel.codelist.Code=IT1:CL_REFAREA(1.2).005091">
          <Name xml:lang="it" xmlns="http://www.sdmx.org/resources/sdmxml/schemas/v2_1/common">Roatto</Name>
          <Name xml:lang="en" xmlns="http://www.sdmx.org/resources/sdmxml/schemas/v2_1/common">Roatto</Name>
          <Parent>
            <Ref id="ITC17" xmlns="" />
          </Parent>
        </Code>
        <Code id="005092" urn="urn:sdmx:org.sdmx.infomodel.codelist.Code=IT1:CL_REFAREA(1.2).005092">
          <Name xml:lang="it" xmlns="http://www.sdmx.org/resources/sdmxml/schemas/v2_1/common">Robella</Name>
          <Name xml:lang="en" xmlns="http://www.sdmx.org/resources/sdmxml/schemas/v2_1/common">Robella</Name>
          <Parent>
            <Ref id="ITC17" xmlns="" />
          </Parent>
        </Code>
        <Code id="005093" urn="urn:sdmx:org.sdmx.infomodel.codelist.Code=IT1:CL_REFAREA(1.2).005093">
          <Name xml:lang="it" xmlns="http://www.sdmx.org/resources/sdmxml/schemas/v2_1/common">Rocca d'Arazzo</Name>
          <Name xml:lang="en" xmlns="http://www.sdmx.org/resources/sdmxml/schemas/v2_1/common">Rocca d'Arazzo</Name>
          <Parent>
            <Ref id="ITC17" xmlns="" />
          </Parent>
        </Code>
        <Code id="005094" urn="urn:sdmx:org.sdmx.infomodel.codelist.Code=IT1:CL_REFAREA(1.2).005094">
          <Name xml:lang="it" xmlns="http://www.sdmx.org/resources/sdmxml/schemas/v2_1/common">Roccaverano</Name>
          <Name xml:lang="en" xmlns="http://www.sdmx.org/resources/sdmxml/schemas/v2_1/common">Roccaverano</Name>
          <Parent>
            <Ref id="ITC17" xmlns="" />
          </Parent>
        </Code>
        <Code id="005095" urn="urn:sdmx:org.sdmx.infomodel.codelist.Code=IT1:CL_REFAREA(1.2).005095">
          <Name xml:lang="it" xmlns="http://www.sdmx.org/resources/sdmxml/schemas/v2_1/common">Rocchetta Palafea</Name>
          <Name xml:lang="en" xmlns="http://www.sdmx.org/resources/sdmxml/schemas/v2_1/common">Rocchetta Palafea</Name>
          <Parent>
            <Ref id="ITC17" xmlns="" />
          </Parent>
        </Code>
        <Code id="005096" urn="urn:sdmx:org.sdmx.infomodel.codelist.Code=IT1:CL_REFAREA(1.2).005096">
          <Name xml:lang="it" xmlns="http://www.sdmx.org/resources/sdmxml/schemas/v2_1/common">Rocchetta Tanaro</Name>
          <Name xml:lang="en" xmlns="http://www.sdmx.org/resources/sdmxml/schemas/v2_1/common">Rocchetta Tanaro</Name>
          <Parent>
            <Ref id="ITC17" xmlns="" />
          </Parent>
        </Code>
        <Code id="005097" urn="urn:sdmx:org.sdmx.infomodel.codelist.Code=IT1:CL_REFAREA(1.2).005097">
          <Name xml:lang="it" xmlns="http://www.sdmx.org/resources/sdmxml/schemas/v2_1/common">San Damiano d'Asti</Name>
          <Name xml:lang="en" xmlns="http://www.sdmx.org/resources/sdmxml/schemas/v2_1/common">San Damiano d'Asti</Name>
          <Parent>
            <Ref id="ITC17" xmlns="" />
          </Parent>
        </Code>
        <Code id="005098" urn="urn:sdmx:org.sdmx.infomodel.codelist.Code=IT1:CL_REFAREA(1.2).005098">
          <Name xml:lang="it" xmlns="http://www.sdmx.org/resources/sdmxml/schemas/v2_1/common">San Giorgio Scarampi</Name>
          <Name xml:lang="en" xmlns="http://www.sdmx.org/resources/sdmxml/schemas/v2_1/common">San Giorgio Scarampi</Name>
          <Parent>
            <Ref id="ITC17" xmlns="" />
          </Parent>
        </Code>
        <Code id="005099" urn="urn:sdmx:org.sdmx.infomodel.codelist.Code=IT1:CL_REFAREA(1.2).005099">
          <Name xml:lang="it" xmlns="http://www.sdmx.org/resources/sdmxml/schemas/v2_1/common">San Martino Alfieri</Name>
          <Name xml:lang="en" xmlns="http://www.sdmx.org/resources/sdmxml/schemas/v2_1/common">San Martino Alfieri</Name>
          <Parent>
            <Ref id="ITC17" xmlns="" />
          </Parent>
        </Code>
        <Code id="005100" urn="urn:sdmx:org.sdmx.infomodel.codelist.Code=IT1:CL_REFAREA(1.2).005100">
          <Name xml:lang="it" xmlns="http://www.sdmx.org/resources/sdmxml/schemas/v2_1/common">San Marzano Oliveto</Name>
          <Name xml:lang="en" xmlns="http://www.sdmx.org/resources/sdmxml/schemas/v2_1/common">San Marzano Oliveto</Name>
          <Parent>
            <Ref id="ITC17" xmlns="" />
          </Parent>
        </Code>
        <Code id="005101" urn="urn:sdmx:org.sdmx.infomodel.codelist.Code=IT1:CL_REFAREA(1.2).005101">
          <Name xml:lang="it" xmlns="http://www.sdmx.org/resources/sdmxml/schemas/v2_1/common">San Paolo Solbrito</Name>
          <Name xml:lang="en" xmlns="http://www.sdmx.org/resources/sdmxml/schemas/v2_1/common">San Paolo Solbrito</Name>
          <Parent>
            <Ref id="ITC17" xmlns="" />
          </Parent>
        </Code>
        <Code id="005102" urn="urn:sdmx:org.sdmx.infomodel.codelist.Code=IT1:CL_REFAREA(1.2).005102">
          <Name xml:lang="it" xmlns="http://www.sdmx.org/resources/sdmxml/schemas/v2_1/common">Scandeluzza</Name>
          <Name xml:lang="en" xmlns="http://www.sdmx.org/resources/sdmxml/schemas/v2_1/common">Scandeluzza</Name>
          <Parent>
            <Ref id="ITC17" xmlns="" />
          </Parent>
        </Code>
        <Code id="005103" urn="urn:sdmx:org.sdmx.infomodel.codelist.Code=IT1:CL_REFAREA(1.2).005103">
          <Name xml:lang="it" xmlns="http://www.sdmx.org/resources/sdmxml/schemas/v2_1/common">Scurzolengo</Name>
          <Name xml:lang="en" xmlns="http://www.sdmx.org/resources/sdmxml/schemas/v2_1/common">Scurzolengo</Name>
          <Parent>
            <Ref id="ITC17" xmlns="" />
          </Parent>
        </Code>
        <Code id="005104" urn="urn:sdmx:org.sdmx.infomodel.codelist.Code=IT1:CL_REFAREA(1.2).005104">
          <Name xml:lang="it" xmlns="http://www.sdmx.org/resources/sdmxml/schemas/v2_1/common">Serole</Name>
          <Name xml:lang="en" xmlns="http://www.sdmx.org/resources/sdmxml/schemas/v2_1/common">Serole</Name>
          <Parent>
            <Ref id="ITC17" xmlns="" />
          </Parent>
        </Code>
        <Code id="005105" urn="urn:sdmx:org.sdmx.infomodel.codelist.Code=IT1:CL_REFAREA(1.2).005105">
          <Name xml:lang="it" xmlns="http://www.sdmx.org/resources/sdmxml/schemas/v2_1/common">Sessame</Name>
          <Name xml:lang="en" xmlns="http://www.sdmx.org/resources/sdmxml/schemas/v2_1/common">Sessame</Name>
          <Parent>
            <Ref id="ITC17" xmlns="" />
          </Parent>
        </Code>
        <Code id="005106" urn="urn:sdmx:org.sdmx.infomodel.codelist.Code=IT1:CL_REFAREA(1.2).005106">
          <Name xml:lang="it" xmlns="http://www.sdmx.org/resources/sdmxml/schemas/v2_1/common">Settime</Name>
          <Name xml:lang="en" xmlns="http://www.sdmx.org/resources/sdmxml/schemas/v2_1/common">Settime</Name>
          <Parent>
            <Ref id="ITC17" xmlns="" />
          </Parent>
        </Code>
        <Code id="005107" urn="urn:sdmx:org.sdmx.infomodel.codelist.Code=IT1:CL_REFAREA(1.2).005107">
          <Name xml:lang="it" xmlns="http://www.sdmx.org/resources/sdmxml/schemas/v2_1/common">Soglio</Name>
          <Name xml:lang="en" xmlns="http://www.sdmx.org/resources/sdmxml/schemas/v2_1/common">Soglio</Name>
          <Parent>
            <Ref id="ITC17" xmlns="" />
          </Parent>
        </Code>
        <Code id="005108" urn="urn:sdmx:org.sdmx.infomodel.codelist.Code=IT1:CL_REFAREA(1.2).005108">
          <Name xml:lang="it" xmlns="http://www.sdmx.org/resources/sdmxml/schemas/v2_1/common">Tigliole</Name>
          <Name xml:lang="en" xmlns="http://www.sdmx.org/resources/sdmxml/schemas/v2_1/common">Tigliole</Name>
          <Parent>
            <Ref id="ITC17" xmlns="" />
          </Parent>
        </Code>
        <Code id="005109" urn="urn:sdmx:org.sdmx.infomodel.codelist.Code=IT1:CL_REFAREA(1.2).005109">
          <Name xml:lang="it" xmlns="http://www.sdmx.org/resources/sdmxml/schemas/v2_1/common">Tonco</Name>
          <Name xml:lang="en" xmlns="http://www.sdmx.org/resources/sdmxml/schemas/v2_1/common">Tonco</Name>
          <Parent>
            <Ref id="ITC17" xmlns="" />
          </Parent>
        </Code>
        <Code id="005110" urn="urn:sdmx:org.sdmx.infomodel.codelist.Code=IT1:CL_REFAREA(1.2).005110">
          <Name xml:lang="it" xmlns="http://www.sdmx.org/resources/sdmxml/schemas/v2_1/common">Tonengo</Name>
          <Name xml:lang="en" xmlns="http://www.sdmx.org/resources/sdmxml/schemas/v2_1/common">Tonengo</Name>
          <Parent>
            <Ref id="ITC17" xmlns="" />
          </Parent>
        </Code>
        <Code id="005111" urn="urn:sdmx:org.sdmx.infomodel.codelist.Code=IT1:CL_REFAREA(1.2).005111">
          <Name xml:lang="it" xmlns="http://www.sdmx.org/resources/sdmxml/schemas/v2_1/common">Vaglio Serra</Name>
          <Name xml:lang="en" xmlns="http://www.sdmx.org/resources/sdmxml/schemas/v2_1/common">Vaglio Serra</Name>
          <Parent>
            <Ref id="ITC17" xmlns="" />
          </Parent>
        </Code>
        <Code id="005112" urn="urn:sdmx:org.sdmx.infomodel.codelist.Code=IT1:CL_REFAREA(1.2).005112">
          <Name xml:lang="it" xmlns="http://www.sdmx.org/resources/sdmxml/schemas/v2_1/common">Valfenera</Name>
          <Name xml:lang="en" xmlns="http://www.sdmx.org/resources/sdmxml/schemas/v2_1/common">Valfenera</Name>
          <Parent>
            <Ref id="ITC17" xmlns="" />
          </Parent>
        </Code>
        <Code id="005113" urn="urn:sdmx:org.sdmx.infomodel.codelist.Code=IT1:CL_REFAREA(1.2).005113">
          <Name xml:lang="it" xmlns="http://www.sdmx.org/resources/sdmxml/schemas/v2_1/common">Vesime</Name>
          <Name xml:lang="en" xmlns="http://www.sdmx.org/resources/sdmxml/schemas/v2_1/common">Vesime</Name>
          <Parent>
            <Ref id="ITC17" xmlns="" />
          </Parent>
        </Code>
        <Code id="005114" urn="urn:sdmx:org.sdmx.infomodel.codelist.Code=IT1:CL_REFAREA(1.2).005114">
          <Name xml:lang="it" xmlns="http://www.sdmx.org/resources/sdmxml/schemas/v2_1/common">Viale</Name>
          <Name xml:lang="en" xmlns="http://www.sdmx.org/resources/sdmxml/schemas/v2_1/common">Viale</Name>
          <Parent>
            <Ref id="ITC17" xmlns="" />
          </Parent>
        </Code>
        <Code id="005115" urn="urn:sdmx:org.sdmx.infomodel.codelist.Code=IT1:CL_REFAREA(1.2).005115">
          <Name xml:lang="it" xmlns="http://www.sdmx.org/resources/sdmxml/schemas/v2_1/common">Viarigi</Name>
          <Name xml:lang="en" xmlns="http://www.sdmx.org/resources/sdmxml/schemas/v2_1/common">Viarigi</Name>
          <Parent>
            <Ref id="ITC17" xmlns="" />
          </Parent>
        </Code>
        <Code id="005116" urn="urn:sdmx:org.sdmx.infomodel.codelist.Code=IT1:CL_REFAREA(1.2).005116">
          <Name xml:lang="it" xmlns="http://www.sdmx.org/resources/sdmxml/schemas/v2_1/common">Vigliano d'Asti</Name>
          <Name xml:lang="en" xmlns="http://www.sdmx.org/resources/sdmxml/schemas/v2_1/common">Vigliano d'Asti</Name>
          <Parent>
            <Ref id="ITC17" xmlns="" />
          </Parent>
        </Code>
        <Code id="005117" urn="urn:sdmx:org.sdmx.infomodel.codelist.Code=IT1:CL_REFAREA(1.2).005117">
          <Name xml:lang="it" xmlns="http://www.sdmx.org/resources/sdmxml/schemas/v2_1/common">Villafranca d'Asti</Name>
          <Name xml:lang="en" xmlns="http://www.sdmx.org/resources/sdmxml/schemas/v2_1/common">Villafranca d'Asti</Name>
          <Parent>
            <Ref id="ITC17" xmlns="" />
          </Parent>
        </Code>
        <Code id="005118" urn="urn:sdmx:org.sdmx.infomodel.codelist.Code=IT1:CL_REFAREA(1.2).005118">
          <Name xml:lang="it" xmlns="http://www.sdmx.org/resources/sdmxml/schemas/v2_1/common">Villanova d'Asti</Name>
          <Name xml:lang="en" xmlns="http://www.sdmx.org/resources/sdmxml/schemas/v2_1/common">Villanova d'Asti</Name>
          <Parent>
            <Ref id="ITC17" xmlns="" />
          </Parent>
        </Code>
        <Code id="005119" urn="urn:sdmx:org.sdmx.infomodel.codelist.Code=IT1:CL_REFAREA(1.2).005119">
          <Name xml:lang="it" xmlns="http://www.sdmx.org/resources/sdmxml/schemas/v2_1/common">Villa San Secondo</Name>
          <Name xml:lang="en" xmlns="http://www.sdmx.org/resources/sdmxml/schemas/v2_1/common">Villa San Secondo</Name>
          <Parent>
            <Ref id="ITC17" xmlns="" />
          </Parent>
        </Code>
        <Code id="005120" urn="urn:sdmx:org.sdmx.infomodel.codelist.Code=IT1:CL_REFAREA(1.2).005120">
          <Name xml:lang="it" xmlns="http://www.sdmx.org/resources/sdmxml/schemas/v2_1/common">Vinchio</Name>
          <Name xml:lang="en" xmlns="http://www.sdmx.org/resources/sdmxml/schemas/v2_1/common">Vinchio</Name>
          <Parent>
            <Ref id="ITC17" xmlns="" />
          </Parent>
        </Code>
        <Code id="005121" urn="urn:sdmx:org.sdmx.infomodel.codelist.Code=IT1:CL_REFAREA(1.2).005121">
          <Name xml:lang="it" xmlns="http://www.sdmx.org/resources/sdmxml/schemas/v2_1/common">Montiglio Monferrato</Name>
          <Name xml:lang="en" xmlns="http://www.sdmx.org/resources/sdmxml/schemas/v2_1/common">Montiglio Monferrato</Name>
          <Parent>
            <Ref id="ITC17" xmlns="" />
          </Parent>
        </Code>
        <Code id="006001" urn="urn:sdmx:org.sdmx.infomodel.codelist.Code=IT1:CL_REFAREA(1.2).006001">
          <Name xml:lang="it" xmlns="http://www.sdmx.org/resources/sdmxml/schemas/v2_1/common">Acqui Terme</Name>
          <Name xml:lang="en" xmlns="http://www.sdmx.org/resources/sdmxml/schemas/v2_1/common">Acqui Terme</Name>
          <Parent>
            <Ref id="ITC18" xmlns="" />
          </Parent>
        </Code>
        <Code id="006002" urn="urn:sdmx:org.sdmx.infomodel.codelist.Code=IT1:CL_REFAREA(1.2).006002">
          <Name xml:lang="it" xmlns="http://www.sdmx.org/resources/sdmxml/schemas/v2_1/common">Albera Ligure</Name>
          <Name xml:lang="en" xmlns="http://www.sdmx.org/resources/sdmxml/schemas/v2_1/common">Albera Ligure</Name>
          <Parent>
            <Ref id="ITC18" xmlns="" />
          </Parent>
        </Code>
        <Code id="006003" urn="urn:sdmx:org.sdmx.infomodel.codelist.Code=IT1:CL_REFAREA(1.2).006003">
          <Name xml:lang="it" xmlns="http://www.sdmx.org/resources/sdmxml/schemas/v2_1/common">Alessandria</Name>
          <Name xml:lang="en" xmlns="http://www.sdmx.org/resources/sdmxml/schemas/v2_1/common">Alessandria</Name>
          <Parent>
            <Ref id="ITC18" xmlns="" />
          </Parent>
        </Code>
        <Code id="006004" urn="urn:sdmx:org.sdmx.infomodel.codelist.Code=IT1:CL_REFAREA(1.2).006004">
          <Name xml:lang="it" xmlns="http://www.sdmx.org/resources/sdmxml/schemas/v2_1/common">Alfiano Natta</Name>
          <Name xml:lang="en" xmlns="http://www.sdmx.org/resources/sdmxml/schemas/v2_1/common">Alfiano Natta</Name>
          <Parent>
            <Ref id="ITC18" xmlns="" />
          </Parent>
        </Code>
        <Code id="006005" urn="urn:sdmx:org.sdmx.infomodel.codelist.Code=IT1:CL_REFAREA(1.2).006005">
          <Name xml:lang="it" xmlns="http://www.sdmx.org/resources/sdmxml/schemas/v2_1/common">Alice Bel Colle</Name>
          <Name xml:lang="en" xmlns="http://www.sdmx.org/resources/sdmxml/schemas/v2_1/common">Alice Bel Colle</Name>
          <Parent>
            <Ref id="ITC18" xmlns="" />
          </Parent>
        </Code>
        <Code id="006006" urn="urn:sdmx:org.sdmx.infomodel.codelist.Code=IT1:CL_REFAREA(1.2).006006">
          <Name xml:lang="it" xmlns="http://www.sdmx.org/resources/sdmxml/schemas/v2_1/common">Alluvioni Cambiò</Name>
          <Name xml:lang="en" xmlns="http://www.sdmx.org/resources/sdmxml/schemas/v2_1/common">Alluvioni Cambiò</Name>
          <Parent>
            <Ref id="ITC18" xmlns="" />
          </Parent>
        </Code>
        <Code id="006007" urn="urn:sdmx:org.sdmx.infomodel.codelist.Code=IT1:CL_REFAREA(1.2).006007">
          <Name xml:lang="it" xmlns="http://www.sdmx.org/resources/sdmxml/schemas/v2_1/common">Altavilla Monferrato</Name>
          <Name xml:lang="en" xmlns="http://www.sdmx.org/resources/sdmxml/schemas/v2_1/common">Altavilla Monferrato</Name>
          <Parent>
            <Ref id="ITC18" xmlns="" />
          </Parent>
        </Code>
        <Code id="006008" urn="urn:sdmx:org.sdmx.infomodel.codelist.Code=IT1:CL_REFAREA(1.2).006008">
          <Name xml:lang="it" xmlns="http://www.sdmx.org/resources/sdmxml/schemas/v2_1/common">Alzano Scrivia</Name>
          <Name xml:lang="en" xmlns="http://www.sdmx.org/resources/sdmxml/schemas/v2_1/common">Alzano Scrivia</Name>
          <Parent>
            <Ref id="ITC18" xmlns="" />
          </Parent>
        </Code>
        <Code id="006009" urn="urn:sdmx:org.sdmx.infomodel.codelist.Code=IT1:CL_REFAREA(1.2).006009">
          <Name xml:lang="it" xmlns="http://www.sdmx.org/resources/sdmxml/schemas/v2_1/common">Arquata Scrivia</Name>
          <Name xml:lang="en" xmlns="http://www.sdmx.org/resources/sdmxml/schemas/v2_1/common">Arquata Scrivia</Name>
          <Parent>
            <Ref id="ITC18" xmlns="" />
          </Parent>
        </Code>
        <Code id="006010" urn="urn:sdmx:org.sdmx.infomodel.codelist.Code=IT1:CL_REFAREA(1.2).006010">
          <Name xml:lang="it" xmlns="http://www.sdmx.org/resources/sdmxml/schemas/v2_1/common">Avolasca</Name>
          <Name xml:lang="en" xmlns="http://www.sdmx.org/resources/sdmxml/schemas/v2_1/common">Avolasca</Name>
          <Parent>
            <Ref id="ITC18" xmlns="" />
          </Parent>
        </Code>
        <Code id="006011" urn="urn:sdmx:org.sdmx.infomodel.codelist.Code=IT1:CL_REFAREA(1.2).006011">
          <Name xml:lang="it" xmlns="http://www.sdmx.org/resources/sdmxml/schemas/v2_1/common">Balzola</Name>
          <Name xml:lang="en" xmlns="http://www.sdmx.org/resources/sdmxml/schemas/v2_1/common">Balzola</Name>
          <Parent>
            <Ref id="ITC18" xmlns="" />
          </Parent>
        </Code>
        <Code id="006012" urn="urn:sdmx:org.sdmx.infomodel.codelist.Code=IT1:CL_REFAREA(1.2).006012">
          <Name xml:lang="it" xmlns="http://www.sdmx.org/resources/sdmxml/schemas/v2_1/common">Basaluzzo</Name>
          <Name xml:lang="en" xmlns="http://www.sdmx.org/resources/sdmxml/schemas/v2_1/common">Basaluzzo</Name>
          <Parent>
            <Ref id="ITC18" xmlns="" />
          </Parent>
        </Code>
        <Code id="006013" urn="urn:sdmx:org.sdmx.infomodel.codelist.Code=IT1:CL_REFAREA(1.2).006013">
          <Name xml:lang="it" xmlns="http://www.sdmx.org/resources/sdmxml/schemas/v2_1/common">Bassignana</Name>
          <Name xml:lang="en" xmlns="http://www.sdmx.org/resources/sdmxml/schemas/v2_1/common">Bassignana</Name>
          <Parent>
            <Ref id="ITC18" xmlns="" />
          </Parent>
        </Code>
        <Code id="006014" urn="urn:sdmx:org.sdmx.infomodel.codelist.Code=IT1:CL_REFAREA(1.2).006014">
          <Name xml:lang="it" xmlns="http://www.sdmx.org/resources/sdmxml/schemas/v2_1/common">Belforte Monferrato</Name>
          <Name xml:lang="en" xmlns="http://www.sdmx.org/resources/sdmxml/schemas/v2_1/common">Belforte Monferrato</Name>
          <Parent>
            <Ref id="ITC18" xmlns="" />
          </Parent>
        </Code>
        <Code id="006015" urn="urn:sdmx:org.sdmx.infomodel.codelist.Code=IT1:CL_REFAREA(1.2).006015">
          <Name xml:lang="it" xmlns="http://www.sdmx.org/resources/sdmxml/schemas/v2_1/common">Bergamasco</Name>
          <Name xml:lang="en" xmlns="http://www.sdmx.org/resources/sdmxml/schemas/v2_1/common">Bergamasco</Name>
          <Parent>
            <Ref id="ITC18" xmlns="" />
          </Parent>
        </Code>
        <Code id="006016" urn="urn:sdmx:org.sdmx.infomodel.codelist.Code=IT1:CL_REFAREA(1.2).006016">
          <Name xml:lang="it" xmlns="http://www.sdmx.org/resources/sdmxml/schemas/v2_1/common">Berzano di Tortona</Name>
          <Name xml:lang="en" xmlns="http://www.sdmx.org/resources/sdmxml/schemas/v2_1/common">Berzano di Tortona</Name>
          <Parent>
            <Ref id="ITC18" xmlns="" />
          </Parent>
        </Code>
        <Code id="006017" urn="urn:sdmx:org.sdmx.infomodel.codelist.Code=IT1:CL_REFAREA(1.2).006017">
          <Name xml:lang="it" xmlns="http://www.sdmx.org/resources/sdmxml/schemas/v2_1/common">Bistagno</Name>
          <Name xml:lang="en" xmlns="http://www.sdmx.org/resources/sdmxml/schemas/v2_1/common">Bistagno</Name>
          <Parent>
            <Ref id="ITC18" xmlns="" />
          </Parent>
        </Code>
        <Code id="006018" urn="urn:sdmx:org.sdmx.infomodel.codelist.Code=IT1:CL_REFAREA(1.2).006018">
          <Name xml:lang="it" xmlns="http://www.sdmx.org/resources/sdmxml/schemas/v2_1/common">Borghetto di Borbera</Name>
          <Name xml:lang="en" xmlns="http://www.sdmx.org/resources/sdmxml/schemas/v2_1/common">Borghetto di Borbera</Name>
          <Parent>
            <Ref id="ITC18" xmlns="" />
          </Parent>
        </Code>
        <Code id="006019" urn="urn:sdmx:org.sdmx.infomodel.codelist.Code=IT1:CL_REFAREA(1.2).006019">
          <Name xml:lang="it" xmlns="http://www.sdmx.org/resources/sdmxml/schemas/v2_1/common">Borgoratto Alessandrino</Name>
          <Name xml:lang="en" xmlns="http://www.sdmx.org/resources/sdmxml/schemas/v2_1/common">Borgoratto Alessandrino</Name>
          <Parent>
            <Ref id="ITC18" xmlns="" />
          </Parent>
        </Code>
        <Code id="006020" urn="urn:sdmx:org.sdmx.infomodel.codelist.Code=IT1:CL_REFAREA(1.2).006020">
          <Name xml:lang="it" xmlns="http://www.sdmx.org/resources/sdmxml/schemas/v2_1/common">Borgo San Martino</Name>
          <Name xml:lang="en" xmlns="http://www.sdmx.org/resources/sdmxml/schemas/v2_1/common">Borgo San Martino</Name>
          <Parent>
            <Ref id="ITC18" xmlns="" />
          </Parent>
        </Code>
        <Code id="006021" urn="urn:sdmx:org.sdmx.infomodel.codelist.Code=IT1:CL_REFAREA(1.2).006021">
          <Name xml:lang="it" xmlns="http://www.sdmx.org/resources/sdmxml/schemas/v2_1/common">Bosco Marengo</Name>
          <Name xml:lang="en" xmlns="http://www.sdmx.org/resources/sdmxml/schemas/v2_1/common">Bosco Marengo</Name>
          <Parent>
            <Ref id="ITC18" xmlns="" />
          </Parent>
        </Code>
        <Code id="006022" urn="urn:sdmx:org.sdmx.infomodel.codelist.Code=IT1:CL_REFAREA(1.2).006022">
          <Name xml:lang="it" xmlns="http://www.sdmx.org/resources/sdmxml/schemas/v2_1/common">Bosio</Name>
          <Name xml:lang="en" xmlns="http://www.sdmx.org/resources/sdmxml/schemas/v2_1/common">Bosio</Name>
          <Parent>
            <Ref id="ITC18" xmlns="" />
          </Parent>
        </Code>
        <Code id="006023" urn="urn:sdmx:org.sdmx.infomodel.codelist.Code=IT1:CL_REFAREA(1.2).006023">
          <Name xml:lang="it" xmlns="http://www.sdmx.org/resources/sdmxml/schemas/v2_1/common">Bozzole</Name>
          <Name xml:lang="en" xmlns="http://www.sdmx.org/resources/sdmxml/schemas/v2_1/common">Bozzole</Name>
          <Parent>
            <Ref id="ITC18" xmlns="" />
          </Parent>
        </Code>
        <Code id="006024" urn="urn:sdmx:org.sdmx.infomodel.codelist.Code=IT1:CL_REFAREA(1.2).006024">
          <Name xml:lang="it" xmlns="http://www.sdmx.org/resources/sdmxml/schemas/v2_1/common">Brignano-Frascata</Name>
          <Name xml:lang="en" xmlns="http://www.sdmx.org/resources/sdmxml/schemas/v2_1/common">Brignano-Frascata</Name>
          <Parent>
            <Ref id="ITC18" xmlns="" />
          </Parent>
        </Code>
        <Code id="006025" urn="urn:sdmx:org.sdmx.infomodel.codelist.Code=IT1:CL_REFAREA(1.2).006025">
          <Name xml:lang="it" xmlns="http://www.sdmx.org/resources/sdmxml/schemas/v2_1/common">Cabella Ligure</Name>
          <Name xml:lang="en" xmlns="http://www.sdmx.org/resources/sdmxml/schemas/v2_1/common">Cabella Ligure</Name>
          <Parent>
            <Ref id="ITC18" xmlns="" />
          </Parent>
        </Code>
        <Code id="006026" urn="urn:sdmx:org.sdmx.infomodel.codelist.Code=IT1:CL_REFAREA(1.2).006026">
          <Name xml:lang="it" xmlns="http://www.sdmx.org/resources/sdmxml/schemas/v2_1/common">Camagna Monferrato</Name>
          <Name xml:lang="en" xmlns="http://www.sdmx.org/resources/sdmxml/schemas/v2_1/common">Camagna Monferrato</Name>
          <Parent>
            <Ref id="ITC18" xmlns="" />
          </Parent>
        </Code>
        <Code id="006027" urn="urn:sdmx:org.sdmx.infomodel.codelist.Code=IT1:CL_REFAREA(1.2).006027">
          <Name xml:lang="it" xmlns="http://www.sdmx.org/resources/sdmxml/schemas/v2_1/common">Camino</Name>
          <Name xml:lang="en" xmlns="http://www.sdmx.org/resources/sdmxml/schemas/v2_1/common">Camino</Name>
          <Parent>
            <Ref id="ITC18" xmlns="" />
          </Parent>
        </Code>
        <Code id="006028" urn="urn:sdmx:org.sdmx.infomodel.codelist.Code=IT1:CL_REFAREA(1.2).006028">
          <Name xml:lang="it" xmlns="http://www.sdmx.org/resources/sdmxml/schemas/v2_1/common">Cantalupo Ligure</Name>
          <Name xml:lang="en" xmlns="http://www.sdmx.org/resources/sdmxml/schemas/v2_1/common">Cantalupo Ligure</Name>
          <Parent>
            <Ref id="ITC18" xmlns="" />
          </Parent>
        </Code>
        <Code id="006029" urn="urn:sdmx:org.sdmx.infomodel.codelist.Code=IT1:CL_REFAREA(1.2).006029">
          <Name xml:lang="it" xmlns="http://www.sdmx.org/resources/sdmxml/schemas/v2_1/common">Capriata d'Orba</Name>
          <Name xml:lang="en" xmlns="http://www.sdmx.org/resources/sdmxml/schemas/v2_1/common">Capriata d'Orba</Name>
          <Parent>
            <Ref id="ITC18" xmlns="" />
          </Parent>
        </Code>
        <Code id="006030" urn="urn:sdmx:org.sdmx.infomodel.codelist.Code=IT1:CL_REFAREA(1.2).006030">
          <Name xml:lang="it" xmlns="http://www.sdmx.org/resources/sdmxml/schemas/v2_1/common">Carbonara Scrivia</Name>
          <Name xml:lang="en" xmlns="http://www.sdmx.org/resources/sdmxml/schemas/v2_1/common">Carbonara Scrivia</Name>
          <Parent>
            <Ref id="ITC18" xmlns="" />
          </Parent>
        </Code>
        <Code id="006031" urn="urn:sdmx:org.sdmx.infomodel.codelist.Code=IT1:CL_REFAREA(1.2).006031">
          <Name xml:lang="it" xmlns="http://www.sdmx.org/resources/sdmxml/schemas/v2_1/common">Carentino</Name>
          <Name xml:lang="en" xmlns="http://www.sdmx.org/resources/sdmxml/schemas/v2_1/common">Carentino</Name>
          <Parent>
            <Ref id="ITC18" xmlns="" />
          </Parent>
        </Code>
        <Code id="006032" urn="urn:sdmx:org.sdmx.infomodel.codelist.Code=IT1:CL_REFAREA(1.2).006032">
          <Name xml:lang="it" xmlns="http://www.sdmx.org/resources/sdmxml/schemas/v2_1/common">Carezzano</Name>
          <Name xml:lang="en" xmlns="http://www.sdmx.org/resources/sdmxml/schemas/v2_1/common">Carezzano</Name>
          <Parent>
            <Ref id="ITC18" xmlns="" />
          </Parent>
        </Code>
        <Code id="006033" urn="urn:sdmx:org.sdmx.infomodel.codelist.Code=IT1:CL_REFAREA(1.2).006033">
          <Name xml:lang="it" xmlns="http://www.sdmx.org/resources/sdmxml/schemas/v2_1/common">Carpeneto</Name>
          <Name xml:lang="en" xmlns="http://www.sdmx.org/resources/sdmxml/schemas/v2_1/common">Carpeneto</Name>
          <Parent>
            <Ref id="ITC18" xmlns="" />
          </Parent>
        </Code>
        <Code id="006034" urn="urn:sdmx:org.sdmx.infomodel.codelist.Code=IT1:CL_REFAREA(1.2).006034">
          <Name xml:lang="it" xmlns="http://www.sdmx.org/resources/sdmxml/schemas/v2_1/common">Carrega Ligure</Name>
          <Name xml:lang="en" xmlns="http://www.sdmx.org/resources/sdmxml/schemas/v2_1/common">Carrega Ligure</Name>
          <Parent>
            <Ref id="ITC18" xmlns="" />
          </Parent>
        </Code>
        <Code id="006035" urn="urn:sdmx:org.sdmx.infomodel.codelist.Code=IT1:CL_REFAREA(1.2).006035">
          <Name xml:lang="it" xmlns="http://www.sdmx.org/resources/sdmxml/schemas/v2_1/common">Carrosio</Name>
          <Name xml:lang="en" xmlns="http://www.sdmx.org/resources/sdmxml/schemas/v2_1/common">Carrosio</Name>
          <Parent>
            <Ref id="ITC18" xmlns="" />
          </Parent>
        </Code>
        <Code id="006036" urn="urn:sdmx:org.sdmx.infomodel.codelist.Code=IT1:CL_REFAREA(1.2).006036">
          <Name xml:lang="it" xmlns="http://www.sdmx.org/resources/sdmxml/schemas/v2_1/common">Cartosio</Name>
          <Name xml:lang="en" xmlns="http://www.sdmx.org/resources/sdmxml/schemas/v2_1/common">Cartosio</Name>
          <Parent>
            <Ref id="ITC18" xmlns="" />
          </Parent>
        </Code>
        <Code id="006037" urn="urn:sdmx:org.sdmx.infomodel.codelist.Code=IT1:CL_REFAREA(1.2).006037">
          <Name xml:lang="it" xmlns="http://www.sdmx.org/resources/sdmxml/schemas/v2_1/common">Casal Cermelli</Name>
          <Name xml:lang="en" xmlns="http://www.sdmx.org/resources/sdmxml/schemas/v2_1/common">Casal Cermelli</Name>
          <Parent>
            <Ref id="ITC18" xmlns="" />
          </Parent>
        </Code>
        <Code id="006038" urn="urn:sdmx:org.sdmx.infomodel.codelist.Code=IT1:CL_REFAREA(1.2).006038">
          <Name xml:lang="it" xmlns="http://www.sdmx.org/resources/sdmxml/schemas/v2_1/common">Casaleggio Boiro</Name>
          <Name xml:lang="en" xmlns="http://www.sdmx.org/resources/sdmxml/schemas/v2_1/common">Casaleggio Boiro</Name>
          <Parent>
            <Ref id="ITC18" xmlns="" />
          </Parent>
        </Code>
        <Code id="006039" urn="urn:sdmx:org.sdmx.infomodel.codelist.Code=IT1:CL_REFAREA(1.2).006039">
          <Name xml:lang="it" xmlns="http://www.sdmx.org/resources/sdmxml/schemas/v2_1/common">Casale Monferrato</Name>
          <Name xml:lang="en" xmlns="http://www.sdmx.org/resources/sdmxml/schemas/v2_1/common">Casale Monferrato</Name>
          <Parent>
            <Ref id="ITC18" xmlns="" />
          </Parent>
        </Code>
        <Code id="006040" urn="urn:sdmx:org.sdmx.infomodel.codelist.Code=IT1:CL_REFAREA(1.2).006040">
          <Name xml:lang="it" xmlns="http://www.sdmx.org/resources/sdmxml/schemas/v2_1/common">Casalnoceto</Name>
          <Name xml:lang="en" xmlns="http://www.sdmx.org/resources/sdmxml/schemas/v2_1/common">Casalnoceto</Name>
          <Parent>
            <Ref id="ITC18" xmlns="" />
          </Parent>
        </Code>
        <Code id="006041" urn="urn:sdmx:org.sdmx.infomodel.codelist.Code=IT1:CL_REFAREA(1.2).006041">
          <Name xml:lang="it" xmlns="http://www.sdmx.org/resources/sdmxml/schemas/v2_1/common">Casasco</Name>
          <Name xml:lang="en" xmlns="http://www.sdmx.org/resources/sdmxml/schemas/v2_1/common">Casasco</Name>
          <Parent>
            <Ref id="ITC18" xmlns="" />
          </Parent>
        </Code>
        <Code id="006042" urn="urn:sdmx:org.sdmx.infomodel.codelist.Code=IT1:CL_REFAREA(1.2).006042">
          <Name xml:lang="it" xmlns="http://www.sdmx.org/resources/sdmxml/schemas/v2_1/common">Cassano Spinola</Name>
          <Name xml:lang="en" xmlns="http://www.sdmx.org/resources/sdmxml/schemas/v2_1/common">Cassano Spinola</Name>
          <Parent>
            <Ref id="ITC18" xmlns="" />
          </Parent>
        </Code>
        <Code id="006043" urn="urn:sdmx:org.sdmx.infomodel.codelist.Code=IT1:CL_REFAREA(1.2).006043">
          <Name xml:lang="it" xmlns="http://www.sdmx.org/resources/sdmxml/schemas/v2_1/common">Cassine</Name>
          <Name xml:lang="en" xmlns="http://www.sdmx.org/resources/sdmxml/schemas/v2_1/common">Cassine</Name>
          <Parent>
            <Ref id="ITC18" xmlns="" />
          </Parent>
        </Code>
        <Code id="006044" urn="urn:sdmx:org.sdmx.infomodel.codelist.Code=IT1:CL_REFAREA(1.2).006044">
          <Name xml:lang="it" xmlns="http://www.sdmx.org/resources/sdmxml/schemas/v2_1/common">Cassinelle</Name>
          <Name xml:lang="en" xmlns="http://www.sdmx.org/resources/sdmxml/schemas/v2_1/common">Cassinelle</Name>
          <Parent>
            <Ref id="ITC18" xmlns="" />
          </Parent>
        </Code>
        <Code id="006045" urn="urn:sdmx:org.sdmx.infomodel.codelist.Code=IT1:CL_REFAREA(1.2).006045">
          <Name xml:lang="it" xmlns="http://www.sdmx.org/resources/sdmxml/schemas/v2_1/common">Castellania</Name>
          <Name xml:lang="en" xmlns="http://www.sdmx.org/resources/sdmxml/schemas/v2_1/common">Castellania</Name>
          <Parent>
            <Ref id="ITC18" xmlns="" />
          </Parent>
        </Code>
        <Code id="006046" urn="urn:sdmx:org.sdmx.infomodel.codelist.Code=IT1:CL_REFAREA(1.2).006046">
          <Name xml:lang="it" xmlns="http://www.sdmx.org/resources/sdmxml/schemas/v2_1/common">Castellar Guidobono</Name>
          <Name xml:lang="en" xmlns="http://www.sdmx.org/resources/sdmxml/schemas/v2_1/common">Castellar Guidobono</Name>
          <Parent>
            <Ref id="ITC18" xmlns="" />
          </Parent>
        </Code>
        <Code id="006047" urn="urn:sdmx:org.sdmx.infomodel.codelist.Code=IT1:CL_REFAREA(1.2).006047">
          <Name xml:lang="it" xmlns="http://www.sdmx.org/resources/sdmxml/schemas/v2_1/common">Castellazzo Bormida</Name>
          <Name xml:lang="en" xmlns="http://www.sdmx.org/resources/sdmxml/schemas/v2_1/common">Castellazzo Bormida</Name>
          <Parent>
            <Ref id="ITC18" xmlns="" />
          </Parent>
        </Code>
        <Code id="006048" urn="urn:sdmx:org.sdmx.infomodel.codelist.Code=IT1:CL_REFAREA(1.2).006048">
          <Name xml:lang="it" xmlns="http://www.sdmx.org/resources/sdmxml/schemas/v2_1/common">Castelletto d'Erro</Name>
          <Name xml:lang="en" xmlns="http://www.sdmx.org/resources/sdmxml/schemas/v2_1/common">Castelletto d'Erro</Name>
          <Parent>
            <Ref id="ITC18" xmlns="" />
          </Parent>
        </Code>
        <Code id="006049" urn="urn:sdmx:org.sdmx.infomodel.codelist.Code=IT1:CL_REFAREA(1.2).006049">
          <Name xml:lang="it" xmlns="http://www.sdmx.org/resources/sdmxml/schemas/v2_1/common">Castelletto d'Orba</Name>
          <Name xml:lang="en" xmlns="http://www.sdmx.org/resources/sdmxml/schemas/v2_1/common">Castelletto d'Orba</Name>
          <Parent>
            <Ref id="ITC18" xmlns="" />
          </Parent>
        </Code>
        <Code id="006050" urn="urn:sdmx:org.sdmx.infomodel.codelist.Code=IT1:CL_REFAREA(1.2).006050">
          <Name xml:lang="it" xmlns="http://www.sdmx.org/resources/sdmxml/schemas/v2_1/common">Castelletto Merli</Name>
          <Name xml:lang="en" xmlns="http://www.sdmx.org/resources/sdmxml/schemas/v2_1/common">Castelletto Merli</Name>
          <Parent>
            <Ref id="ITC18" xmlns="" />
          </Parent>
        </Code>
        <Code id="006051" urn="urn:sdmx:org.sdmx.infomodel.codelist.Code=IT1:CL_REFAREA(1.2).006051">
          <Name xml:lang="it" xmlns="http://www.sdmx.org/resources/sdmxml/schemas/v2_1/common">Castelletto Monferrato</Name>
          <Name xml:lang="en" xmlns="http://www.sdmx.org/resources/sdmxml/schemas/v2_1/common">Castelletto Monferrato</Name>
          <Parent>
            <Ref id="ITC18" xmlns="" />
          </Parent>
        </Code>
        <Code id="006052" urn="urn:sdmx:org.sdmx.infomodel.codelist.Code=IT1:CL_REFAREA(1.2).006052">
          <Name xml:lang="it" xmlns="http://www.sdmx.org/resources/sdmxml/schemas/v2_1/common">Castelnuovo Bormida</Name>
          <Name xml:lang="en" xmlns="http://www.sdmx.org/resources/sdmxml/schemas/v2_1/common">Castelnuovo Bormida</Name>
          <Parent>
            <Ref id="ITC18" xmlns="" />
          </Parent>
        </Code>
        <Code id="006053" urn="urn:sdmx:org.sdmx.infomodel.codelist.Code=IT1:CL_REFAREA(1.2).006053">
          <Name xml:lang="it" xmlns="http://www.sdmx.org/resources/sdmxml/schemas/v2_1/common">Castelnuovo Scrivia</Name>
          <Name xml:lang="en" xmlns="http://www.sdmx.org/resources/sdmxml/schemas/v2_1/common">Castelnuovo Scrivia</Name>
          <Parent>
            <Ref id="ITC18" xmlns="" />
          </Parent>
        </Code>
        <Code id="006054" urn="urn:sdmx:org.sdmx.infomodel.codelist.Code=IT1:CL_REFAREA(1.2).006054">
          <Name xml:lang="it" xmlns="http://www.sdmx.org/resources/sdmxml/schemas/v2_1/common">Castelspina</Name>
          <Name xml:lang="en" xmlns="http://www.sdmx.org/resources/sdmxml/schemas/v2_1/common">Castelspina</Name>
          <Parent>
            <Ref id="ITC18" xmlns="" />
          </Parent>
        </Code>
        <Code id="006055" urn="urn:sdmx:org.sdmx.infomodel.codelist.Code=IT1:CL_REFAREA(1.2).006055">
          <Name xml:lang="it" xmlns="http://www.sdmx.org/resources/sdmxml/schemas/v2_1/common">Cavatore</Name>
          <Name xml:lang="en" xmlns="http://www.sdmx.org/resources/sdmxml/schemas/v2_1/common">Cavatore</Name>
          <Parent>
            <Ref id="ITC18" xmlns="" />
          </Parent>
        </Code>
        <Code id="006056" urn="urn:sdmx:org.sdmx.infomodel.codelist.Code=IT1:CL_REFAREA(1.2).006056">
          <Name xml:lang="it" xmlns="http://www.sdmx.org/resources/sdmxml/schemas/v2_1/common">Cella Monte</Name>
          <Name xml:lang="en" xmlns="http://www.sdmx.org/resources/sdmxml/schemas/v2_1/common">Cella Monte</Name>
          <Parent>
            <Ref id="ITC18" xmlns="" />
          </Parent>
        </Code>
        <Code id="006057" urn="urn:sdmx:org.sdmx.infomodel.codelist.Code=IT1:CL_REFAREA(1.2).006057">
          <Name xml:lang="it" xmlns="http://www.sdmx.org/resources/sdmxml/schemas/v2_1/common">Cereseto</Name>
          <Name xml:lang="en" xmlns="http://www.sdmx.org/resources/sdmxml/schemas/v2_1/common">Cereseto</Name>
          <Parent>
            <Ref id="ITC18" xmlns="" />
          </Parent>
        </Code>
        <Code id="006058" urn="urn:sdmx:org.sdmx.infomodel.codelist.Code=IT1:CL_REFAREA(1.2).006058">
          <Name xml:lang="it" xmlns="http://www.sdmx.org/resources/sdmxml/schemas/v2_1/common">Cerreto Grue</Name>
          <Name xml:lang="en" xmlns="http://www.sdmx.org/resources/sdmxml/schemas/v2_1/common">Cerreto Grue</Name>
          <Parent>
            <Ref id="ITC18" xmlns="" />
          </Parent>
        </Code>
        <Code id="006059" urn="urn:sdmx:org.sdmx.infomodel.codelist.Code=IT1:CL_REFAREA(1.2).006059">
          <Name xml:lang="it" xmlns="http://www.sdmx.org/resources/sdmxml/schemas/v2_1/common">Cerrina Monferrato</Name>
          <Name xml:lang="en" xmlns="http://www.sdmx.org/resources/sdmxml/schemas/v2_1/common">Cerrina Monferrato</Name>
          <Parent>
            <Ref id="ITC18" xmlns="" />
          </Parent>
        </Code>
        <Code id="006060" urn="urn:sdmx:org.sdmx.infomodel.codelist.Code=IT1:CL_REFAREA(1.2).006060">
          <Name xml:lang="it" xmlns="http://www.sdmx.org/resources/sdmxml/schemas/v2_1/common">Coniolo</Name>
          <Name xml:lang="en" xmlns="http://www.sdmx.org/resources/sdmxml/schemas/v2_1/common">Coniolo</Name>
          <Parent>
            <Ref id="ITC18" xmlns="" />
          </Parent>
        </Code>
        <Code id="006061" urn="urn:sdmx:org.sdmx.infomodel.codelist.Code=IT1:CL_REFAREA(1.2).006061">
          <Name xml:lang="it" xmlns="http://www.sdmx.org/resources/sdmxml/schemas/v2_1/common">Conzano</Name>
          <Name xml:lang="en" xmlns="http://www.sdmx.org/resources/sdmxml/schemas/v2_1/common">Conzano</Name>
          <Parent>
            <Ref id="ITC18" xmlns="" />
          </Parent>
        </Code>
        <Code id="006062" urn="urn:sdmx:org.sdmx.infomodel.codelist.Code=IT1:CL_REFAREA(1.2).006062">
          <Name xml:lang="it" xmlns="http://www.sdmx.org/resources/sdmxml/schemas/v2_1/common">Costa Vescovato</Name>
          <Name xml:lang="en" xmlns="http://www.sdmx.org/resources/sdmxml/schemas/v2_1/common">Costa Vescovato</Name>
          <Parent>
            <Ref id="ITC18" xmlns="" />
          </Parent>
        </Code>
        <Code id="006063" urn="urn:sdmx:org.sdmx.infomodel.codelist.Code=IT1:CL_REFAREA(1.2).006063">
          <Name xml:lang="it" xmlns="http://www.sdmx.org/resources/sdmxml/schemas/v2_1/common">Cremolino</Name>
          <Name xml:lang="en" xmlns="http://www.sdmx.org/resources/sdmxml/schemas/v2_1/common">Cremolino</Name>
          <Parent>
            <Ref id="ITC18" xmlns="" />
          </Parent>
        </Code>
        <Code id="006064" urn="urn:sdmx:org.sdmx.infomodel.codelist.Code=IT1:CL_REFAREA(1.2).006064">
          <Name xml:lang="it" xmlns="http://www.sdmx.org/resources/sdmxml/schemas/v2_1/common">Cuccaro Monferrato</Name>
          <Name xml:lang="en" xmlns="http://www.sdmx.org/resources/sdmxml/schemas/v2_1/common">Cuccaro Monferrato</Name>
          <Parent>
            <Ref id="ITC18" xmlns="" />
          </Parent>
        </Code>
        <Code id="006065" urn="urn:sdmx:org.sdmx.infomodel.codelist.Code=IT1:CL_REFAREA(1.2).006065">
          <Name xml:lang="it" xmlns="http://www.sdmx.org/resources/sdmxml/schemas/v2_1/common">Denice</Name>
          <Name xml:lang="en" xmlns="http://www.sdmx.org/resources/sdmxml/schemas/v2_1/common">Denice</Name>
          <Parent>
            <Ref id="ITC18" xmlns="" />
          </Parent>
        </Code>
        <Code id="006066" urn="urn:sdmx:org.sdmx.infomodel.codelist.Code=IT1:CL_REFAREA(1.2).006066">
          <Name xml:lang="it" xmlns="http://www.sdmx.org/resources/sdmxml/schemas/v2_1/common">Dernice</Name>
          <Name xml:lang="en" xmlns="http://www.sdmx.org/resources/sdmxml/schemas/v2_1/common">Dernice</Name>
          <Parent>
            <Ref id="ITC18" xmlns="" />
          </Parent>
        </Code>
        <Code id="006067" urn="urn:sdmx:org.sdmx.infomodel.codelist.Code=IT1:CL_REFAREA(1.2).006067">
          <Name xml:lang="it" xmlns="http://www.sdmx.org/resources/sdmxml/schemas/v2_1/common">Fabbrica Curone</Name>
          <Name xml:lang="en" xmlns="http://www.sdmx.org/resources/sdmxml/schemas/v2_1/common">Fabbrica Curone</Name>
          <Parent>
            <Ref id="ITC18" xmlns="" />
          </Parent>
        </Code>
        <Code id="006068" urn="urn:sdmx:org.sdmx.infomodel.codelist.Code=IT1:CL_REFAREA(1.2).006068">
          <Name xml:lang="it" xmlns="http://www.sdmx.org/resources/sdmxml/schemas/v2_1/common">Felizzano</Name>
          <Name xml:lang="en" xmlns="http://www.sdmx.org/resources/sdmxml/schemas/v2_1/common">Felizzano</Name>
          <Parent>
            <Ref id="ITC18" xmlns="" />
          </Parent>
        </Code>
        <Code id="006069" urn="urn:sdmx:org.sdmx.infomodel.codelist.Code=IT1:CL_REFAREA(1.2).006069">
          <Name xml:lang="it" xmlns="http://www.sdmx.org/resources/sdmxml/schemas/v2_1/common">Fraconalto</Name>
          <Name xml:lang="en" xmlns="http://www.sdmx.org/resources/sdmxml/schemas/v2_1/common">Fraconalto</Name>
          <Parent>
            <Ref id="ITC18" xmlns="" />
          </Parent>
        </Code>
        <Code id="006070" urn="urn:sdmx:org.sdmx.infomodel.codelist.Code=IT1:CL_REFAREA(1.2).006070">
          <Name xml:lang="it" xmlns="http://www.sdmx.org/resources/sdmxml/schemas/v2_1/common">Francavilla Bisio</Name>
          <Name xml:lang="en" xmlns="http://www.sdmx.org/resources/sdmxml/schemas/v2_1/common">Francavilla Bisio</Name>
          <Parent>
            <Ref id="ITC18" xmlns="" />
          </Parent>
        </Code>
        <Code id="006071" urn="urn:sdmx:org.sdmx.infomodel.codelist.Code=IT1:CL_REFAREA(1.2).006071">
          <Name xml:lang="it" xmlns="http://www.sdmx.org/resources/sdmxml/schemas/v2_1/common">Frascaro</Name>
          <Name xml:lang="en" xmlns="http://www.sdmx.org/resources/sdmxml/schemas/v2_1/common">Frascaro</Name>
          <Parent>
            <Ref id="ITC18" xmlns="" />
          </Parent>
        </Code>
        <Code id="006072" urn="urn:sdmx:org.sdmx.infomodel.codelist.Code=IT1:CL_REFAREA(1.2).006072">
          <Name xml:lang="it" xmlns="http://www.sdmx.org/resources/sdmxml/schemas/v2_1/common">Frassinello Monferrato</Name>
          <Name xml:lang="en" xmlns="http://www.sdmx.org/resources/sdmxml/schemas/v2_1/common">Frassinello Monferrato</Name>
          <Parent>
            <Ref id="ITC18" xmlns="" />
          </Parent>
        </Code>
        <Code id="006073" urn="urn:sdmx:org.sdmx.infomodel.codelist.Code=IT1:CL_REFAREA(1.2).006073">
          <Name xml:lang="it" xmlns="http://www.sdmx.org/resources/sdmxml/schemas/v2_1/common">Frassineto Po</Name>
          <Name xml:lang="en" xmlns="http://www.sdmx.org/resources/sdmxml/schemas/v2_1/common">Frassineto Po</Name>
          <Parent>
            <Ref id="ITC18" xmlns="" />
          </Parent>
        </Code>
        <Code id="006074" urn="urn:sdmx:org.sdmx.infomodel.codelist.Code=IT1:CL_REFAREA(1.2).006074">
          <Name xml:lang="it" xmlns="http://www.sdmx.org/resources/sdmxml/schemas/v2_1/common">Fresonara</Name>
          <Name xml:lang="en" xmlns="http://www.sdmx.org/resources/sdmxml/schemas/v2_1/common">Fresonara</Name>
          <Parent>
            <Ref id="ITC18" xmlns="" />
          </Parent>
        </Code>
        <Code id="006075" urn="urn:sdmx:org.sdmx.infomodel.codelist.Code=IT1:CL_REFAREA(1.2).006075">
          <Name xml:lang="it" xmlns="http://www.sdmx.org/resources/sdmxml/schemas/v2_1/common">Frugarolo</Name>
          <Name xml:lang="en" xmlns="http://www.sdmx.org/resources/sdmxml/schemas/v2_1/common">Frugarolo</Name>
          <Parent>
            <Ref id="ITC18" xmlns="" />
          </Parent>
        </Code>
        <Code id="006076" urn="urn:sdmx:org.sdmx.infomodel.codelist.Code=IT1:CL_REFAREA(1.2).006076">
          <Name xml:lang="it" xmlns="http://www.sdmx.org/resources/sdmxml/schemas/v2_1/common">Fubine</Name>
          <Name xml:lang="en" xmlns="http://www.sdmx.org/resources/sdmxml/schemas/v2_1/common">Fubine</Name>
          <Parent>
            <Ref id="ITC18" xmlns="" />
          </Parent>
        </Code>
        <Code id="006077" urn="urn:sdmx:org.sdmx.infomodel.codelist.Code=IT1:CL_REFAREA(1.2).006077">
          <Name xml:lang="it" xmlns="http://www.sdmx.org/resources/sdmxml/schemas/v2_1/common">Gabiano</Name>
          <Name xml:lang="en" xmlns="http://www.sdmx.org/resources/sdmxml/schemas/v2_1/common">Gabiano</Name>
          <Parent>
            <Ref id="ITC18" xmlns="" />
          </Parent>
        </Code>
        <Code id="006078" urn="urn:sdmx:org.sdmx.infomodel.codelist.Code=IT1:CL_REFAREA(1.2).006078">
          <Name xml:lang="it" xmlns="http://www.sdmx.org/resources/sdmxml/schemas/v2_1/common">Gamalero</Name>
          <Name xml:lang="en" xmlns="http://www.sdmx.org/resources/sdmxml/schemas/v2_1/common">Gamalero</Name>
          <Parent>
            <Ref id="ITC18" xmlns="" />
          </Parent>
        </Code>
        <Code id="006079" urn="urn:sdmx:org.sdmx.infomodel.codelist.Code=IT1:CL_REFAREA(1.2).006079">
          <Name xml:lang="it" xmlns="http://www.sdmx.org/resources/sdmxml/schemas/v2_1/common">Garbagna</Name>
          <Name xml:lang="en" xmlns="http://www.sdmx.org/resources/sdmxml/schemas/v2_1/common">Garbagna</Name>
          <Parent>
            <Ref id="ITC18" xmlns="" />
          </Parent>
        </Code>
        <Code id="006080" urn="urn:sdmx:org.sdmx.infomodel.codelist.Code=IT1:CL_REFAREA(1.2).006080">
          <Name xml:lang="it" xmlns="http://www.sdmx.org/resources/sdmxml/schemas/v2_1/common">Gavazzana</Name>
          <Name xml:lang="en" xmlns="http://www.sdmx.org/resources/sdmxml/schemas/v2_1/common">Gavazzana</Name>
          <Parent>
            <Ref id="ITC18" xmlns="" />
          </Parent>
        </Code>
        <Code id="006081" urn="urn:sdmx:org.sdmx.infomodel.codelist.Code=IT1:CL_REFAREA(1.2).006081">
          <Name xml:lang="it" xmlns="http://www.sdmx.org/resources/sdmxml/schemas/v2_1/common">Gavi</Name>
          <Name xml:lang="en" xmlns="http://www.sdmx.org/resources/sdmxml/schemas/v2_1/common">Gavi</Name>
          <Parent>
            <Ref id="ITC18" xmlns="" />
          </Parent>
        </Code>
        <Code id="006082" urn="urn:sdmx:org.sdmx.infomodel.codelist.Code=IT1:CL_REFAREA(1.2).006082">
          <Name xml:lang="it" xmlns="http://www.sdmx.org/resources/sdmxml/schemas/v2_1/common">Giarole</Name>
          <Name xml:lang="en" xmlns="http://www.sdmx.org/resources/sdmxml/schemas/v2_1/common">Giarole</Name>
          <Parent>
            <Ref id="ITC18" xmlns="" />
          </Parent>
        </Code>
        <Code id="006083" urn="urn:sdmx:org.sdmx.infomodel.codelist.Code=IT1:CL_REFAREA(1.2).006083">
          <Name xml:lang="it" xmlns="http://www.sdmx.org/resources/sdmxml/schemas/v2_1/common">Gremiasco</Name>
          <Name xml:lang="en" xmlns="http://www.sdmx.org/resources/sdmxml/schemas/v2_1/common">Gremiasco</Name>
          <Parent>
            <Ref id="ITC18" xmlns="" />
          </Parent>
        </Code>
        <Code id="006084" urn="urn:sdmx:org.sdmx.infomodel.codelist.Code=IT1:CL_REFAREA(1.2).006084">
          <Name xml:lang="it" xmlns="http://www.sdmx.org/resources/sdmxml/schemas/v2_1/common">Grognardo</Name>
          <Name xml:lang="en" xmlns="http://www.sdmx.org/resources/sdmxml/schemas/v2_1/common">Grognardo</Name>
          <Parent>
            <Ref id="ITC18" xmlns="" />
          </Parent>
        </Code>
        <Code id="006085" urn="urn:sdmx:org.sdmx.infomodel.codelist.Code=IT1:CL_REFAREA(1.2).006085">
          <Name xml:lang="it" xmlns="http://www.sdmx.org/resources/sdmxml/schemas/v2_1/common">Grondona</Name>
          <Name xml:lang="en" xmlns="http://www.sdmx.org/resources/sdmxml/schemas/v2_1/common">Grondona</Name>
          <Parent>
            <Ref id="ITC18" xmlns="" />
          </Parent>
        </Code>
        <Code id="006086" urn="urn:sdmx:org.sdmx.infomodel.codelist.Code=IT1:CL_REFAREA(1.2).006086">
          <Name xml:lang="it" xmlns="http://www.sdmx.org/resources/sdmxml/schemas/v2_1/common">Guazzora</Name>
          <Name xml:lang="en" xmlns="http://www.sdmx.org/resources/sdmxml/schemas/v2_1/common">Guazzora</Name>
          <Parent>
            <Ref id="ITC18" xmlns="" />
          </Parent>
        </Code>
        <Code id="006087" urn="urn:sdmx:org.sdmx.infomodel.codelist.Code=IT1:CL_REFAREA(1.2).006087">
          <Name xml:lang="it" xmlns="http://www.sdmx.org/resources/sdmxml/schemas/v2_1/common">Isola Sant'Antonio</Name>
          <Name xml:lang="en" xmlns="http://www.sdmx.org/resources/sdmxml/schemas/v2_1/common">Isola Sant'Antonio</Name>
          <Parent>
            <Ref id="ITC18" xmlns="" />
          </Parent>
        </Code>
        <Code id="006088" urn="urn:sdmx:org.sdmx.infomodel.codelist.Code=IT1:CL_REFAREA(1.2).006088">
          <Name xml:lang="it" xmlns="http://www.sdmx.org/resources/sdmxml/schemas/v2_1/common">Lerma</Name>
          <Name xml:lang="en" xmlns="http://www.sdmx.org/resources/sdmxml/schemas/v2_1/common">Lerma</Name>
          <Parent>
            <Ref id="ITC18" xmlns="" />
          </Parent>
        </Code>
        <Code id="006089" urn="urn:sdmx:org.sdmx.infomodel.codelist.Code=IT1:CL_REFAREA(1.2).006089">
          <Name xml:lang="it" xmlns="http://www.sdmx.org/resources/sdmxml/schemas/v2_1/common">Lu</Name>
          <Name xml:lang="en" xmlns="http://www.sdmx.org/resources/sdmxml/schemas/v2_1/common">Lu</Name>
          <Parent>
            <Ref id="ITC18" xmlns="" />
          </Parent>
        </Code>
        <Code id="006090" urn="urn:sdmx:org.sdmx.infomodel.codelist.Code=IT1:CL_REFAREA(1.2).006090">
          <Name xml:lang="it" xmlns="http://www.sdmx.org/resources/sdmxml/schemas/v2_1/common">Malvicino</Name>
          <Name xml:lang="en" xmlns="http://www.sdmx.org/resources/sdmxml/schemas/v2_1/common">Malvicino</Name>
          <Parent>
            <Ref id="ITC18" xmlns="" />
          </Parent>
        </Code>
        <Code id="006091" urn="urn:sdmx:org.sdmx.infomodel.codelist.Code=IT1:CL_REFAREA(1.2).006091">
          <Name xml:lang="it" xmlns="http://www.sdmx.org/resources/sdmxml/schemas/v2_1/common">Masio</Name>
          <Name xml:lang="en" xmlns="http://www.sdmx.org/resources/sdmxml/schemas/v2_1/common">Masio</Name>
          <Parent>
            <Ref id="ITC18" xmlns="" />
          </Parent>
        </Code>
        <Code id="006092" urn="urn:sdmx:org.sdmx.infomodel.codelist.Code=IT1:CL_REFAREA(1.2).006092">
          <Name xml:lang="it" xmlns="http://www.sdmx.org/resources/sdmxml/schemas/v2_1/common">Melazzo</Name>
          <Name xml:lang="en" xmlns="http://www.sdmx.org/resources/sdmxml/schemas/v2_1/common">Melazzo</Name>
          <Parent>
            <Ref id="ITC18" xmlns="" />
          </Parent>
        </Code>
        <Code id="006093" urn="urn:sdmx:org.sdmx.infomodel.codelist.Code=IT1:CL_REFAREA(1.2).006093">
          <Name xml:lang="it" xmlns="http://www.sdmx.org/resources/sdmxml/schemas/v2_1/common">Merana</Name>
          <Name xml:lang="en" xmlns="http://www.sdmx.org/resources/sdmxml/schemas/v2_1/common">Merana</Name>
          <Parent>
            <Ref id="ITC18" xmlns="" />
          </Parent>
        </Code>
        <Code id="006094" urn="urn:sdmx:org.sdmx.infomodel.codelist.Code=IT1:CL_REFAREA(1.2).006094">
          <Name xml:lang="it" xmlns="http://www.sdmx.org/resources/sdmxml/schemas/v2_1/common">Mirabello Monferrato</Name>
          <Name xml:lang="en" xmlns="http://www.sdmx.org/resources/sdmxml/schemas/v2_1/common">Mirabello Monferrato</Name>
          <Parent>
            <Ref id="ITC18" xmlns="" />
          </Parent>
        </Code>
        <Code id="006095" urn="urn:sdmx:org.sdmx.infomodel.codelist.Code=IT1:CL_REFAREA(1.2).006095">
          <Name xml:lang="it" xmlns="http://www.sdmx.org/resources/sdmxml/schemas/v2_1/common">Molare</Name>
          <Name xml:lang="en" xmlns="http://www.sdmx.org/resources/sdmxml/schemas/v2_1/common">Molare</Name>
          <Parent>
            <Ref id="ITC18" xmlns="" />
          </Parent>
        </Code>
        <Code id="006096" urn="urn:sdmx:org.sdmx.infomodel.codelist.Code=IT1:CL_REFAREA(1.2).006096">
          <Name xml:lang="it" xmlns="http://www.sdmx.org/resources/sdmxml/schemas/v2_1/common">Molino dei Torti</Name>
          <Name xml:lang="en" xmlns="http://www.sdmx.org/resources/sdmxml/schemas/v2_1/common">Molino dei Torti</Name>
          <Parent>
            <Ref id="ITC18" xmlns="" />
          </Parent>
        </Code>
        <Code id="006097" urn="urn:sdmx:org.sdmx.infomodel.codelist.Code=IT1:CL_REFAREA(1.2).006097">
          <Name xml:lang="it" xmlns="http://www.sdmx.org/resources/sdmxml/schemas/v2_1/common">Mombello Monferrato</Name>
          <Name xml:lang="en" xmlns="http://www.sdmx.org/resources/sdmxml/schemas/v2_1/common">Mombello Monferrato</Name>
          <Parent>
            <Ref id="ITC18" xmlns="" />
          </Parent>
        </Code>
        <Code id="006098" urn="urn:sdmx:org.sdmx.infomodel.codelist.Code=IT1:CL_REFAREA(1.2).006098">
          <Name xml:lang="it" xmlns="http://www.sdmx.org/resources/sdmxml/schemas/v2_1/common">Momperone</Name>
          <Name xml:lang="en" xmlns="http://www.sdmx.org/resources/sdmxml/schemas/v2_1/common">Momperone</Name>
          <Parent>
            <Ref id="ITC18" xmlns="" />
          </Parent>
        </Code>
        <Code id="006099" urn="urn:sdmx:org.sdmx.infomodel.codelist.Code=IT1:CL_REFAREA(1.2).006099">
          <Name xml:lang="it" xmlns="http://www.sdmx.org/resources/sdmxml/schemas/v2_1/common">Moncestino</Name>
          <Name xml:lang="en" xmlns="http://www.sdmx.org/resources/sdmxml/schemas/v2_1/common">Moncestino</Name>
          <Parent>
            <Ref id="ITC18" xmlns="" />
          </Parent>
        </Code>
        <Code id="006100" urn="urn:sdmx:org.sdmx.infomodel.codelist.Code=IT1:CL_REFAREA(1.2).006100">
          <Name xml:lang="it" xmlns="http://www.sdmx.org/resources/sdmxml/schemas/v2_1/common">Mongiardino Ligure</Name>
          <Name xml:lang="en" xmlns="http://www.sdmx.org/resources/sdmxml/schemas/v2_1/common">Mongiardino Ligure</Name>
          <Parent>
            <Ref id="ITC18" xmlns="" />
          </Parent>
        </Code>
        <Code id="006101" urn="urn:sdmx:org.sdmx.infomodel.codelist.Code=IT1:CL_REFAREA(1.2).006101">
          <Name xml:lang="it" xmlns="http://www.sdmx.org/resources/sdmxml/schemas/v2_1/common">Monleale</Name>
          <Name xml:lang="en" xmlns="http://www.sdmx.org/resources/sdmxml/schemas/v2_1/common">Monleale</Name>
          <Parent>
            <Ref id="ITC18" xmlns="" />
          </Parent>
        </Code>
        <Code id="006102" urn="urn:sdmx:org.sdmx.infomodel.codelist.Code=IT1:CL_REFAREA(1.2).006102">
          <Name xml:lang="it" xmlns="http://www.sdmx.org/resources/sdmxml/schemas/v2_1/common">Montacuto</Name>
          <Name xml:lang="en" xmlns="http://www.sdmx.org/resources/sdmxml/schemas/v2_1/common">Montacuto</Name>
          <Parent>
            <Ref id="ITC18" xmlns="" />
          </Parent>
        </Code>
        <Code id="006103" urn="urn:sdmx:org.sdmx.infomodel.codelist.Code=IT1:CL_REFAREA(1.2).006103">
          <Name xml:lang="it" xmlns="http://www.sdmx.org/resources/sdmxml/schemas/v2_1/common">Montaldeo</Name>
          <Name xml:lang="en" xmlns="http://www.sdmx.org/resources/sdmxml/schemas/v2_1/common">Montaldeo</Name>
          <Parent>
            <Ref id="ITC18" xmlns="" />
          </Parent>
        </Code>
        <Code id="006104" urn="urn:sdmx:org.sdmx.infomodel.codelist.Code=IT1:CL_REFAREA(1.2).006104">
          <Name xml:lang="it" xmlns="http://www.sdmx.org/resources/sdmxml/schemas/v2_1/common">Montaldo Bormida</Name>
          <Name xml:lang="en" xmlns="http://www.sdmx.org/resources/sdmxml/schemas/v2_1/common">Montaldo Bormida</Name>
          <Parent>
            <Ref id="ITC18" xmlns="" />
          </Parent>
        </Code>
        <Code id="006105" urn="urn:sdmx:org.sdmx.infomodel.codelist.Code=IT1:CL_REFAREA(1.2).006105">
          <Name xml:lang="it" xmlns="http://www.sdmx.org/resources/sdmxml/schemas/v2_1/common">Montecastello</Name>
          <Name xml:lang="en" xmlns="http://www.sdmx.org/resources/sdmxml/schemas/v2_1/common">Montecastello</Name>
          <Parent>
            <Ref id="ITC18" xmlns="" />
          </Parent>
        </Code>
        <Code id="006106" urn="urn:sdmx:org.sdmx.infomodel.codelist.Code=IT1:CL_REFAREA(1.2).006106">
          <Name xml:lang="it" xmlns="http://www.sdmx.org/resources/sdmxml/schemas/v2_1/common">Montechiaro d'Acqui</Name>
          <Name xml:lang="en" xmlns="http://www.sdmx.org/resources/sdmxml/schemas/v2_1/common">Montechiaro d'Acqui</Name>
          <Parent>
            <Ref id="ITC18" xmlns="" />
          </Parent>
        </Code>
        <Code id="006107" urn="urn:sdmx:org.sdmx.infomodel.codelist.Code=IT1:CL_REFAREA(1.2).006107">
          <Name xml:lang="it" xmlns="http://www.sdmx.org/resources/sdmxml/schemas/v2_1/common">Montegioco</Name>
          <Name xml:lang="en" xmlns="http://www.sdmx.org/resources/sdmxml/schemas/v2_1/common">Montegioco</Name>
          <Parent>
            <Ref id="ITC18" xmlns="" />
          </Parent>
        </Code>
        <Code id="006108" urn="urn:sdmx:org.sdmx.infomodel.codelist.Code=IT1:CL_REFAREA(1.2).006108">
          <Name xml:lang="it" xmlns="http://www.sdmx.org/resources/sdmxml/schemas/v2_1/common">Montemarzino</Name>
          <Name xml:lang="en" xmlns="http://www.sdmx.org/resources/sdmxml/schemas/v2_1/common">Montemarzino</Name>
          <Parent>
            <Ref id="ITC18" xmlns="" />
          </Parent>
        </Code>
        <Code id="006109" urn="urn:sdmx:org.sdmx.infomodel.codelist.Code=IT1:CL_REFAREA(1.2).006109">
          <Name xml:lang="it" xmlns="http://www.sdmx.org/resources/sdmxml/schemas/v2_1/common">Morano sul Po</Name>
          <Name xml:lang="en" xmlns="http://www.sdmx.org/resources/sdmxml/schemas/v2_1/common">Morano sul Po</Name>
          <Parent>
            <Ref id="ITC18" xmlns="" />
          </Parent>
        </Code>
        <Code id="006110" urn="urn:sdmx:org.sdmx.infomodel.codelist.Code=IT1:CL_REFAREA(1.2).006110">
          <Name xml:lang="it" xmlns="http://www.sdmx.org/resources/sdmxml/schemas/v2_1/common">Morbello</Name>
          <Name xml:lang="en" xmlns="http://www.sdmx.org/resources/sdmxml/schemas/v2_1/common">Morbello</Name>
          <Parent>
            <Ref id="ITC18" xmlns="" />
          </Parent>
        </Code>
        <Code id="006111" urn="urn:sdmx:org.sdmx.infomodel.codelist.Code=IT1:CL_REFAREA(1.2).006111">
          <Name xml:lang="it" xmlns="http://www.sdmx.org/resources/sdmxml/schemas/v2_1/common">Mornese</Name>
          <Name xml:lang="en" xmlns="http://www.sdmx.org/resources/sdmxml/schemas/v2_1/common">Mornese</Name>
          <Parent>
            <Ref id="ITC18" xmlns="" />
          </Parent>
        </Code>
        <Code id="006112" urn="urn:sdmx:org.sdmx.infomodel.codelist.Code=IT1:CL_REFAREA(1.2).006112">
          <Name xml:lang="it" xmlns="http://www.sdmx.org/resources/sdmxml/schemas/v2_1/common">Morsasco</Name>
          <Name xml:lang="en" xmlns="http://www.sdmx.org/resources/sdmxml/schemas/v2_1/common">Morsasco</Name>
          <Parent>
            <Ref id="ITC18" xmlns="" />
          </Parent>
        </Code>
        <Code id="006113" urn="urn:sdmx:org.sdmx.infomodel.codelist.Code=IT1:CL_REFAREA(1.2).006113">
          <Name xml:lang="it" xmlns="http://www.sdmx.org/resources/sdmxml/schemas/v2_1/common">Murisengo</Name>
          <Name xml:lang="en" xmlns="http://www.sdmx.org/resources/sdmxml/schemas/v2_1/common">Murisengo</Name>
          <Parent>
            <Ref id="ITC18" xmlns="" />
          </Parent>
        </Code>
        <Code id="006114" urn="urn:sdmx:org.sdmx.infomodel.codelist.Code=IT1:CL_REFAREA(1.2).006114">
          <Name xml:lang="it" xmlns="http://www.sdmx.org/resources/sdmxml/schemas/v2_1/common">Novi Ligure</Name>
          <Name xml:lang="en" xmlns="http://www.sdmx.org/resources/sdmxml/schemas/v2_1/common">Novi Ligure</Name>
          <Parent>
            <Ref id="ITC18" xmlns="" />
          </Parent>
        </Code>
        <Code id="006115" urn="urn:sdmx:org.sdmx.infomodel.codelist.Code=IT1:CL_REFAREA(1.2).006115">
          <Name xml:lang="it" xmlns="http://www.sdmx.org/resources/sdmxml/schemas/v2_1/common">Occimiano</Name>
          <Name xml:lang="en" xmlns="http://www.sdmx.org/resources/sdmxml/schemas/v2_1/common">Occimiano</Name>
          <Parent>
            <Ref id="ITC18" xmlns="" />
          </Parent>
        </Code>
        <Code id="006116" urn="urn:sdmx:org.sdmx.infomodel.codelist.Code=IT1:CL_REFAREA(1.2).006116">
          <Name xml:lang="it" xmlns="http://www.sdmx.org/resources/sdmxml/schemas/v2_1/common">Odalengo Grande</Name>
          <Name xml:lang="en" xmlns="http://www.sdmx.org/resources/sdmxml/schemas/v2_1/common">Odalengo Grande</Name>
          <Parent>
            <Ref id="ITC18" xmlns="" />
          </Parent>
        </Code>
        <Code id="006117" urn="urn:sdmx:org.sdmx.infomodel.codelist.Code=IT1:CL_REFAREA(1.2).006117">
          <Name xml:lang="it" xmlns="http://www.sdmx.org/resources/sdmxml/schemas/v2_1/common">Odalengo Piccolo</Name>
          <Name xml:lang="en" xmlns="http://www.sdmx.org/resources/sdmxml/schemas/v2_1/common">Odalengo Piccolo</Name>
          <Parent>
            <Ref id="ITC18" xmlns="" />
          </Parent>
        </Code>
        <Code id="006118" urn="urn:sdmx:org.sdmx.infomodel.codelist.Code=IT1:CL_REFAREA(1.2).006118">
          <Name xml:lang="it" xmlns="http://www.sdmx.org/resources/sdmxml/schemas/v2_1/common">Olivola</Name>
          <Name xml:lang="en" xmlns="http://www.sdmx.org/resources/sdmxml/schemas/v2_1/common">Olivola</Name>
          <Parent>
            <Ref id="ITC18" xmlns="" />
          </Parent>
        </Code>
        <Code id="006119" urn="urn:sdmx:org.sdmx.infomodel.codelist.Code=IT1:CL_REFAREA(1.2).006119">
          <Name xml:lang="it" xmlns="http://www.sdmx.org/resources/sdmxml/schemas/v2_1/common">Orsara Bormida</Name>
          <Name xml:lang="en" xmlns="http://www.sdmx.org/resources/sdmxml/schemas/v2_1/common">Orsara Bormida</Name>
          <Parent>
            <Ref id="ITC18" xmlns="" />
          </Parent>
        </Code>
        <Code id="006120" urn="urn:sdmx:org.sdmx.infomodel.codelist.Code=IT1:CL_REFAREA(1.2).006120">
          <Name xml:lang="it" xmlns="http://www.sdmx.org/resources/sdmxml/schemas/v2_1/common">Ottiglio</Name>
          <Name xml:lang="en" xmlns="http://www.sdmx.org/resources/sdmxml/schemas/v2_1/common">Ottiglio</Name>
          <Parent>
            <Ref id="ITC18" xmlns="" />
          </Parent>
        </Code>
        <Code id="006121" urn="urn:sdmx:org.sdmx.infomodel.codelist.Code=IT1:CL_REFAREA(1.2).006121">
          <Name xml:lang="it" xmlns="http://www.sdmx.org/resources/sdmxml/schemas/v2_1/common">Ovada</Name>
          <Name xml:lang="en" xmlns="http://www.sdmx.org/resources/sdmxml/schemas/v2_1/common">Ovada</Name>
          <Parent>
            <Ref id="ITC18" xmlns="" />
          </Parent>
        </Code>
        <Code id="006122" urn="urn:sdmx:org.sdmx.infomodel.codelist.Code=IT1:CL_REFAREA(1.2).006122">
          <Name xml:lang="it" xmlns="http://www.sdmx.org/resources/sdmxml/schemas/v2_1/common">Oviglio</Name>
          <Name xml:lang="en" xmlns="http://www.sdmx.org/resources/sdmxml/schemas/v2_1/common">Oviglio</Name>
          <Parent>
            <Ref id="ITC18" xmlns="" />
          </Parent>
        </Code>
        <Code id="006123" urn="urn:sdmx:org.sdmx.infomodel.codelist.Code=IT1:CL_REFAREA(1.2).006123">
          <Name xml:lang="it" xmlns="http://www.sdmx.org/resources/sdmxml/schemas/v2_1/common">Ozzano Monferrato</Name>
          <Name xml:lang="en" xmlns="http://www.sdmx.org/resources/sdmxml/schemas/v2_1/common">Ozzano Monferrato</Name>
          <Parent>
            <Ref id="ITC18" xmlns="" />
          </Parent>
        </Code>
        <Code id="006124" urn="urn:sdmx:org.sdmx.infomodel.codelist.Code=IT1:CL_REFAREA(1.2).006124">
          <Name xml:lang="it" xmlns="http://www.sdmx.org/resources/sdmxml/schemas/v2_1/common">Paderna</Name>
          <Name xml:lang="en" xmlns="http://www.sdmx.org/resources/sdmxml/schemas/v2_1/common">Paderna</Name>
          <Parent>
            <Ref id="ITC18" xmlns="" />
          </Parent>
        </Code>
        <Code id="006125" urn="urn:sdmx:org.sdmx.infomodel.codelist.Code=IT1:CL_REFAREA(1.2).006125">
          <Name xml:lang="it" xmlns="http://www.sdmx.org/resources/sdmxml/schemas/v2_1/common">Pareto</Name>
          <Name xml:lang="en" xmlns="http://www.sdmx.org/resources/sdmxml/schemas/v2_1/common">Pareto</Name>
          <Parent>
            <Ref id="ITC18" xmlns="" />
          </Parent>
        </Code>
        <Code id="006126" urn="urn:sdmx:org.sdmx.infomodel.codelist.Code=IT1:CL_REFAREA(1.2).006126">
          <Name xml:lang="it" xmlns="http://www.sdmx.org/resources/sdmxml/schemas/v2_1/common">Parodi Ligure</Name>
          <Name xml:lang="en" xmlns="http://www.sdmx.org/resources/sdmxml/schemas/v2_1/common">Parodi Ligure</Name>
          <Parent>
            <Ref id="ITC18" xmlns="" />
          </Parent>
        </Code>
        <Code id="006127" urn="urn:sdmx:org.sdmx.infomodel.codelist.Code=IT1:CL_REFAREA(1.2).006127">
          <Name xml:lang="it" xmlns="http://www.sdmx.org/resources/sdmxml/schemas/v2_1/common">Pasturana</Name>
          <Name xml:lang="en" xmlns="http://www.sdmx.org/resources/sdmxml/schemas/v2_1/common">Pasturana</Name>
          <Parent>
            <Ref id="ITC18" xmlns="" />
          </Parent>
        </Code>
        <Code id="006128" urn="urn:sdmx:org.sdmx.infomodel.codelist.Code=IT1:CL_REFAREA(1.2).006128">
          <Name xml:lang="it" xmlns="http://www.sdmx.org/resources/sdmxml/schemas/v2_1/common">Pecetto di Valenza</Name>
          <Name xml:lang="en" xmlns="http://www.sdmx.org/resources/sdmxml/schemas/v2_1/common">Pecetto di Valenza</Name>
          <Parent>
            <Ref id="ITC18" xmlns="" />
          </Parent>
        </Code>
        <Code id="006129" urn="urn:sdmx:org.sdmx.infomodel.codelist.Code=IT1:CL_REFAREA(1.2).006129">
          <Name xml:lang="it" xmlns="http://www.sdmx.org/resources/sdmxml/schemas/v2_1/common">Pietra Marazzi</Name>
          <Name xml:lang="en" xmlns="http://www.sdmx.org/resources/sdmxml/schemas/v2_1/common">Pietra Marazzi</Name>
          <Parent>
            <Ref id="ITC18" xmlns="" />
          </Parent>
        </Code>
        <Code id="006130" urn="urn:sdmx:org.sdmx.infomodel.codelist.Code=IT1:CL_REFAREA(1.2).006130">
          <Name xml:lang="it" xmlns="http://www.sdmx.org/resources/sdmxml/schemas/v2_1/common">Piovera</Name>
          <Name xml:lang="en" xmlns="http://www.sdmx.org/resources/sdmxml/schemas/v2_1/common">Piovera</Name>
          <Parent>
            <Ref id="ITC18" xmlns="" />
          </Parent>
        </Code>
        <Code id="006131" urn="urn:sdmx:org.sdmx.infomodel.codelist.Code=IT1:CL_REFAREA(1.2).006131">
          <Name xml:lang="it" xmlns="http://www.sdmx.org/resources/sdmxml/schemas/v2_1/common">Pomaro Monferrato</Name>
          <Name xml:lang="en" xmlns="http://www.sdmx.org/resources/sdmxml/schemas/v2_1/common">Pomaro Monferrato</Name>
          <Parent>
            <Ref id="ITC18" xmlns="" />
          </Parent>
        </Code>
        <Code id="006132" urn="urn:sdmx:org.sdmx.infomodel.codelist.Code=IT1:CL_REFAREA(1.2).006132">
          <Name xml:lang="it" xmlns="http://www.sdmx.org/resources/sdmxml/schemas/v2_1/common">Pontecurone</Name>
          <Name xml:lang="en" xmlns="http://www.sdmx.org/resources/sdmxml/schemas/v2_1/common">Pontecurone</Name>
          <Parent>
            <Ref id="ITC18" xmlns="" />
          </Parent>
        </Code>
        <Code id="006133" urn="urn:sdmx:org.sdmx.infomodel.codelist.Code=IT1:CL_REFAREA(1.2).006133">
          <Name xml:lang="it" xmlns="http://www.sdmx.org/resources/sdmxml/schemas/v2_1/common">Pontestura</Name>
          <Name xml:lang="en" xmlns="http://www.sdmx.org/resources/sdmxml/schemas/v2_1/common">Pontestura</Name>
          <Parent>
            <Ref id="ITC18" xmlns="" />
          </Parent>
        </Code>
        <Code id="006134" urn="urn:sdmx:org.sdmx.infomodel.codelist.Code=IT1:CL_REFAREA(1.2).006134">
          <Name xml:lang="it" xmlns="http://www.sdmx.org/resources/sdmxml/schemas/v2_1/common">Ponti</Name>
          <Name xml:lang="en" xmlns="http://www.sdmx.org/resources/sdmxml/schemas/v2_1/common">Ponti</Name>
          <Parent>
            <Ref id="ITC18" xmlns="" />
          </Parent>
        </Code>
        <Code id="006135" urn="urn:sdmx:org.sdmx.infomodel.codelist.Code=IT1:CL_REFAREA(1.2).006135">
          <Name xml:lang="it" xmlns="http://www.sdmx.org/resources/sdmxml/schemas/v2_1/common">Ponzano Monferrato</Name>
          <Name xml:lang="en" xmlns="http://www.sdmx.org/resources/sdmxml/schemas/v2_1/common">Ponzano Monferrato</Name>
          <Parent>
            <Ref id="ITC18" xmlns="" />
          </Parent>
        </Code>
        <Code id="006136" urn="urn:sdmx:org.sdmx.infomodel.codelist.Code=IT1:CL_REFAREA(1.2).006136">
          <Name xml:lang="it" xmlns="http://www.sdmx.org/resources/sdmxml/schemas/v2_1/common">Ponzone</Name>
          <Name xml:lang="en" xmlns="http://www.sdmx.org/resources/sdmxml/schemas/v2_1/common">Ponzone</Name>
          <Parent>
            <Ref id="ITC18" xmlns="" />
          </Parent>
        </Code>
        <Code id="006137" urn="urn:sdmx:org.sdmx.infomodel.codelist.Code=IT1:CL_REFAREA(1.2).006137">
          <Name xml:lang="it" xmlns="http://www.sdmx.org/resources/sdmxml/schemas/v2_1/common">Pozzol Groppo</Name>
          <Name xml:lang="en" xmlns="http://www.sdmx.org/resources/sdmxml/schemas/v2_1/common">Pozzol Groppo</Name>
          <Parent>
            <Ref id="ITC18" xmlns="" />
          </Parent>
        </Code>
        <Code id="006138" urn="urn:sdmx:org.sdmx.infomodel.codelist.Code=IT1:CL_REFAREA(1.2).006138">
          <Name xml:lang="it" xmlns="http://www.sdmx.org/resources/sdmxml/schemas/v2_1/common">Pozzolo Formigaro</Name>
          <Name xml:lang="en" xmlns="http://www.sdmx.org/resources/sdmxml/schemas/v2_1/common">Pozzolo Formigaro</Name>
          <Parent>
            <Ref id="ITC18" xmlns="" />
          </Parent>
        </Code>
        <Code id="006139" urn="urn:sdmx:org.sdmx.infomodel.codelist.Code=IT1:CL_REFAREA(1.2).006139">
          <Name xml:lang="it" xmlns="http://www.sdmx.org/resources/sdmxml/schemas/v2_1/common">Prasco</Name>
          <Name xml:lang="en" xmlns="http://www.sdmx.org/resources/sdmxml/schemas/v2_1/common">Prasco</Name>
          <Parent>
            <Ref id="ITC18" xmlns="" />
          </Parent>
        </Code>
        <Code id="006140" urn="urn:sdmx:org.sdmx.infomodel.codelist.Code=IT1:CL_REFAREA(1.2).006140">
          <Name xml:lang="it" xmlns="http://www.sdmx.org/resources/sdmxml/schemas/v2_1/common">Predosa</Name>
          <Name xml:lang="en" xmlns="http://www.sdmx.org/resources/sdmxml/schemas/v2_1/common">Predosa</Name>
          <Parent>
            <Ref id="ITC18" xmlns="" />
          </Parent>
        </Code>
        <Code id="006141" urn="urn:sdmx:org.sdmx.infomodel.codelist.Code=IT1:CL_REFAREA(1.2).006141">
          <Name xml:lang="it" xmlns="http://www.sdmx.org/resources/sdmxml/schemas/v2_1/common">Quargnento</Name>
          <Name xml:lang="en" xmlns="http://www.sdmx.org/resources/sdmxml/schemas/v2_1/common">Quargnento</Name>
          <Parent>
            <Ref id="ITC18" xmlns="" />
          </Parent>
        </Code>
        <Code id="006142" urn="urn:sdmx:org.sdmx.infomodel.codelist.Code=IT1:CL_REFAREA(1.2).006142">
          <Name xml:lang="it" xmlns="http://www.sdmx.org/resources/sdmxml/schemas/v2_1/common">Quattordio</Name>
          <Name xml:lang="en" xmlns="http://www.sdmx.org/resources/sdmxml/schemas/v2_1/common">Quattordio</Name>
          <Parent>
            <Ref id="ITC18" xmlns="" />
          </Parent>
        </Code>
        <Code id="006143" urn="urn:sdmx:org.sdmx.infomodel.codelist.Code=IT1:CL_REFAREA(1.2).006143">
          <Name xml:lang="it" xmlns="http://www.sdmx.org/resources/sdmxml/schemas/v2_1/common">Ricaldone</Name>
          <Name xml:lang="en" xmlns="http://www.sdmx.org/resources/sdmxml/schemas/v2_1/common">Ricaldone</Name>
          <Parent>
            <Ref id="ITC18" xmlns="" />
          </Parent>
        </Code>
        <Code id="006144" urn="urn:sdmx:org.sdmx.infomodel.codelist.Code=IT1:CL_REFAREA(1.2).006144">
          <Name xml:lang="it" xmlns="http://www.sdmx.org/resources/sdmxml/schemas/v2_1/common">Rivalta Bormida</Name>
          <Name xml:lang="en" xmlns="http://www.sdmx.org/resources/sdmxml/schemas/v2_1/common">Rivalta Bormida</Name>
          <Parent>
            <Ref id="ITC18" xmlns="" />
          </Parent>
        </Code>
        <Code id="006145" urn="urn:sdmx:org.sdmx.infomodel.codelist.Code=IT1:CL_REFAREA(1.2).006145">
          <Name xml:lang="it" xmlns="http://www.sdmx.org/resources/sdmxml/schemas/v2_1/common">Rivarone</Name>
          <Name xml:lang="en" xmlns="http://www.sdmx.org/resources/sdmxml/schemas/v2_1/common">Rivarone</Name>
          <Parent>
            <Ref id="ITC18" xmlns="" />
          </Parent>
        </Code>
        <Code id="006146" urn="urn:sdmx:org.sdmx.infomodel.codelist.Code=IT1:CL_REFAREA(1.2).006146">
          <Name xml:lang="it" xmlns="http://www.sdmx.org/resources/sdmxml/schemas/v2_1/common">Roccaforte Ligure</Name>
          <Name xml:lang="en" xmlns="http://www.sdmx.org/resources/sdmxml/schemas/v2_1/common">Roccaforte Ligure</Name>
          <Parent>
            <Ref id="ITC18" xmlns="" />
          </Parent>
        </Code>
        <Code id="006147" urn="urn:sdmx:org.sdmx.infomodel.codelist.Code=IT1:CL_REFAREA(1.2).006147">
          <Name xml:lang="it" xmlns="http://www.sdmx.org/resources/sdmxml/schemas/v2_1/common">Rocca Grimalda</Name>
          <Name xml:lang="en" xmlns="http://www.sdmx.org/resources/sdmxml/schemas/v2_1/common">Rocca Grimalda</Name>
          <Parent>
            <Ref id="ITC18" xmlns="" />
          </Parent>
        </Code>
        <Code id="006148" urn="urn:sdmx:org.sdmx.infomodel.codelist.Code=IT1:CL_REFAREA(1.2).006148">
          <Name xml:lang="it" xmlns="http://www.sdmx.org/resources/sdmxml/schemas/v2_1/common">Rocchetta Ligure</Name>
          <Name xml:lang="en" xmlns="http://www.sdmx.org/resources/sdmxml/schemas/v2_1/common">Rocchetta Ligure</Name>
          <Parent>
            <Ref id="ITC18" xmlns="" />
          </Parent>
        </Code>
        <Code id="006149" urn="urn:sdmx:org.sdmx.infomodel.codelist.Code=IT1:CL_REFAREA(1.2).006149">
          <Name xml:lang="it" xmlns="http://www.sdmx.org/resources/sdmxml/schemas/v2_1/common">Rosignano Monferrato</Name>
          <Name xml:lang="en" xmlns="http://www.sdmx.org/resources/sdmxml/schemas/v2_1/common">Rosignano Monferrato</Name>
          <Parent>
            <Ref id="ITC18" xmlns="" />
          </Parent>
        </Code>
        <Code id="006150" urn="urn:sdmx:org.sdmx.infomodel.codelist.Code=IT1:CL_REFAREA(1.2).006150">
          <Name xml:lang="it" xmlns="http://www.sdmx.org/resources/sdmxml/schemas/v2_1/common">Sala Monferrato</Name>
          <Name xml:lang="en" xmlns="http://www.sdmx.org/resources/sdmxml/schemas/v2_1/common">Sala Monferrato</Name>
          <Parent>
            <Ref id="ITC18" xmlns="" />
          </Parent>
        </Code>
        <Code id="006151" urn="urn:sdmx:org.sdmx.infomodel.codelist.Code=IT1:CL_REFAREA(1.2).006151">
          <Name xml:lang="it" xmlns="http://www.sdmx.org/resources/sdmxml/schemas/v2_1/common">Sale</Name>
          <Name xml:lang="en" xmlns="http://www.sdmx.org/resources/sdmxml/schemas/v2_1/common">Sale</Name>
          <Parent>
            <Ref id="ITC18" xmlns="" />
          </Parent>
        </Code>
        <Code id="006152" urn="urn:sdmx:org.sdmx.infomodel.codelist.Code=IT1:CL_REFAREA(1.2).006152">
          <Name xml:lang="it" xmlns="http://www.sdmx.org/resources/sdmxml/schemas/v2_1/common">San Cristoforo</Name>
          <Name xml:lang="en" xmlns="http://www.sdmx.org/resources/sdmxml/schemas/v2_1/common">San Cristoforo</Name>
          <Parent>
            <Ref id="ITC18" xmlns="" />
          </Parent>
        </Code>
        <Code id="006153" urn="urn:sdmx:org.sdmx.infomodel.codelist.Code=IT1:CL_REFAREA(1.2).006153">
          <Name xml:lang="it" xmlns="http://www.sdmx.org/resources/sdmxml/schemas/v2_1/common">San Giorgio Monferrato</Name>
          <Name xml:lang="en" xmlns="http://www.sdmx.org/resources/sdmxml/schemas/v2_1/common">San Giorgio Monferrato</Name>
          <Parent>
            <Ref id="ITC18" xmlns="" />
          </Parent>
        </Code>
        <Code id="006154" urn="urn:sdmx:org.sdmx.infomodel.codelist.Code=IT1:CL_REFAREA(1.2).006154">
          <Name xml:lang="it" xmlns="http://www.sdmx.org/resources/sdmxml/schemas/v2_1/common">San Salvatore Monferrato</Name>
          <Name xml:lang="en" xmlns="http://www.sdmx.org/resources/sdmxml/schemas/v2_1/common">San Salvatore Monferrato</Name>
          <Parent>
            <Ref id="ITC18" xmlns="" />
          </Parent>
        </Code>
        <Code id="006155" urn="urn:sdmx:org.sdmx.infomodel.codelist.Code=IT1:CL_REFAREA(1.2).006155">
          <Name xml:lang="it" xmlns="http://www.sdmx.org/resources/sdmxml/schemas/v2_1/common">San Sebastiano Curone</Name>
          <Name xml:lang="en" xmlns="http://www.sdmx.org/resources/sdmxml/schemas/v2_1/common">San Sebastiano Curone</Name>
          <Parent>
            <Ref id="ITC18" xmlns="" />
          </Parent>
        </Code>
        <Code id="006156" urn="urn:sdmx:org.sdmx.infomodel.codelist.Code=IT1:CL_REFAREA(1.2).006156">
          <Name xml:lang="it" xmlns="http://www.sdmx.org/resources/sdmxml/schemas/v2_1/common">Sant'Agata Fossili</Name>
          <Name xml:lang="en" xmlns="http://www.sdmx.org/resources/sdmxml/schemas/v2_1/common">Sant'Agata Fossili</Name>
          <Parent>
            <Ref id="ITC18" xmlns="" />
          </Parent>
        </Code>
        <Code id="006157" urn="urn:sdmx:org.sdmx.infomodel.codelist.Code=IT1:CL_REFAREA(1.2).006157">
          <Name xml:lang="it" xmlns="http://www.sdmx.org/resources/sdmxml/schemas/v2_1/common">Sardigliano</Name>
          <Name xml:lang="en" xmlns="http://www.sdmx.org/resources/sdmxml/schemas/v2_1/common">Sardigliano</Name>
          <Parent>
            <Ref id="ITC18" xmlns="" />
          </Parent>
        </Code>
        <Code id="006158" urn="urn:sdmx:org.sdmx.infomodel.codelist.Code=IT1:CL_REFAREA(1.2).006158">
          <Name xml:lang="it" xmlns="http://www.sdmx.org/resources/sdmxml/schemas/v2_1/common">Sarezzano</Name>
          <Name xml:lang="en" xmlns="http://www.sdmx.org/resources/sdmxml/schemas/v2_1/common">Sarezzano</Name>
          <Parent>
            <Ref id="ITC18" xmlns="" />
          </Parent>
        </Code>
        <Code id="006159" urn="urn:sdmx:org.sdmx.infomodel.codelist.Code=IT1:CL_REFAREA(1.2).006159">
          <Name xml:lang="it" xmlns="http://www.sdmx.org/resources/sdmxml/schemas/v2_1/common">Serralunga di Crea</Name>
          <Name xml:lang="en" xmlns="http://www.sdmx.org/resources/sdmxml/schemas/v2_1/common">Serralunga di Crea</Name>
          <Parent>
            <Ref id="ITC18" xmlns="" />
          </Parent>
        </Code>
        <Code id="006160" urn="urn:sdmx:org.sdmx.infomodel.codelist.Code=IT1:CL_REFAREA(1.2).006160">
          <Name xml:lang="it" xmlns="http://www.sdmx.org/resources/sdmxml/schemas/v2_1/common">Serravalle Scrivia</Name>
          <Name xml:lang="en" xmlns="http://www.sdmx.org/resources/sdmxml/schemas/v2_1/common">Serravalle Scrivia</Name>
          <Parent>
            <Ref id="ITC18" xmlns="" />
          </Parent>
        </Code>
        <Code id="006161" urn="urn:sdmx:org.sdmx.infomodel.codelist.Code=IT1:CL_REFAREA(1.2).006161">
          <Name xml:lang="it" xmlns="http://www.sdmx.org/resources/sdmxml/schemas/v2_1/common">Sezzadio</Name>
          <Name xml:lang="en" xmlns="http://www.sdmx.org/resources/sdmxml/schemas/v2_1/common">Sezzadio</Name>
          <Parent>
            <Ref id="ITC18" xmlns="" />
          </Parent>
        </Code>
        <Code id="006162" urn="urn:sdmx:org.sdmx.infomodel.codelist.Code=IT1:CL_REFAREA(1.2).006162">
          <Name xml:lang="it" xmlns="http://www.sdmx.org/resources/sdmxml/schemas/v2_1/common">Silvano d'Orba</Name>
          <Name xml:lang="en" xmlns="http://www.sdmx.org/resources/sdmxml/schemas/v2_1/common">Silvano d'Orba</Name>
          <Parent>
            <Ref id="ITC18" xmlns="" />
          </Parent>
        </Code>
        <Code id="006163" urn="urn:sdmx:org.sdmx.infomodel.codelist.Code=IT1:CL_REFAREA(1.2).006163">
          <Name xml:lang="it" xmlns="http://www.sdmx.org/resources/sdmxml/schemas/v2_1/common">Solero</Name>
          <Name xml:lang="en" xmlns="http://www.sdmx.org/resources/sdmxml/schemas/v2_1/common">Solero</Name>
          <Parent>
            <Ref id="ITC18" xmlns="" />
          </Parent>
        </Code>
        <Code id="006164" urn="urn:sdmx:org.sdmx.infomodel.codelist.Code=IT1:CL_REFAREA(1.2).006164">
          <Name xml:lang="it" xmlns="http://www.sdmx.org/resources/sdmxml/schemas/v2_1/common">Solonghello</Name>
          <Name xml:lang="en" xmlns="http://www.sdmx.org/resources/sdmxml/schemas/v2_1/common">Solonghello</Name>
          <Parent>
            <Ref id="ITC18" xmlns="" />
          </Parent>
        </Code>
        <Code id="006165" urn="urn:sdmx:org.sdmx.infomodel.codelist.Code=IT1:CL_REFAREA(1.2).006165">
          <Name xml:lang="it" xmlns="http://www.sdmx.org/resources/sdmxml/schemas/v2_1/common">Spigno Monferrato</Name>
          <Name xml:lang="en" xmlns="http://www.sdmx.org/resources/sdmxml/schemas/v2_1/common">Spigno Monferrato</Name>
          <Parent>
            <Ref id="ITC18" xmlns="" />
          </Parent>
        </Code>
        <Code id="006166" urn="urn:sdmx:org.sdmx.infomodel.codelist.Code=IT1:CL_REFAREA(1.2).006166">
          <Name xml:lang="it" xmlns="http://www.sdmx.org/resources/sdmxml/schemas/v2_1/common">Spineto Scrivia</Name>
          <Name xml:lang="en" xmlns="http://www.sdmx.org/resources/sdmxml/schemas/v2_1/common">Spineto Scrivia</Name>
          <Parent>
            <Ref id="ITC18" xmlns="" />
          </Parent>
        </Code>
        <Code id="006167" urn="urn:sdmx:org.sdmx.infomodel.codelist.Code=IT1:CL_REFAREA(1.2).006167">
          <Name xml:lang="it" xmlns="http://www.sdmx.org/resources/sdmxml/schemas/v2_1/common">Stazzano</Name>
          <Name xml:lang="en" xmlns="http://www.sdmx.org/resources/sdmxml/schemas/v2_1/common">Stazzano</Name>
          <Parent>
            <Ref id="ITC18" xmlns="" />
          </Parent>
        </Code>
        <Code id="006168" urn="urn:sdmx:org.sdmx.infomodel.codelist.Code=IT1:CL_REFAREA(1.2).006168">
          <Name xml:lang="it" xmlns="http://www.sdmx.org/resources/sdmxml/schemas/v2_1/common">Strevi</Name>
          <Name xml:lang="en" xmlns="http://www.sdmx.org/resources/sdmxml/schemas/v2_1/common">Strevi</Name>
          <Parent>
            <Ref id="ITC18" xmlns="" />
          </Parent>
        </Code>
        <Code id="006169" urn="urn:sdmx:org.sdmx.infomodel.codelist.Code=IT1:CL_REFAREA(1.2).006169">
          <Name xml:lang="it" xmlns="http://www.sdmx.org/resources/sdmxml/schemas/v2_1/common">Tagliolo Monferrato</Name>
          <Name xml:lang="en" xmlns="http://www.sdmx.org/resources/sdmxml/schemas/v2_1/common">Tagliolo Monferrato</Name>
          <Parent>
            <Ref id="ITC18" xmlns="" />
          </Parent>
        </Code>
        <Code id="006170" urn="urn:sdmx:org.sdmx.infomodel.codelist.Code=IT1:CL_REFAREA(1.2).006170">
          <Name xml:lang="it" xmlns="http://www.sdmx.org/resources/sdmxml/schemas/v2_1/common">Tassarolo</Name>
          <Name xml:lang="en" xmlns="http://www.sdmx.org/resources/sdmxml/schemas/v2_1/common">Tassarolo</Name>
          <Parent>
            <Ref id="ITC18" xmlns="" />
          </Parent>
        </Code>
        <Code id="006171" urn="urn:sdmx:org.sdmx.infomodel.codelist.Code=IT1:CL_REFAREA(1.2).006171">
          <Name xml:lang="it" xmlns="http://www.sdmx.org/resources/sdmxml/schemas/v2_1/common">Terruggia</Name>
          <Name xml:lang="en" xmlns="http://www.sdmx.org/resources/sdmxml/schemas/v2_1/common">Terruggia</Name>
          <Parent>
            <Ref id="ITC18" xmlns="" />
          </Parent>
        </Code>
        <Code id="006172" urn="urn:sdmx:org.sdmx.infomodel.codelist.Code=IT1:CL_REFAREA(1.2).006172">
          <Name xml:lang="it" xmlns="http://www.sdmx.org/resources/sdmxml/schemas/v2_1/common">Terzo</Name>
          <Name xml:lang="en" xmlns="http://www.sdmx.org/resources/sdmxml/schemas/v2_1/common">Terzo</Name>
          <Parent>
            <Ref id="ITC18" xmlns="" />
          </Parent>
        </Code>
        <Code id="006173" urn="urn:sdmx:org.sdmx.infomodel.codelist.Code=IT1:CL_REFAREA(1.2).006173">
          <Name xml:lang="it" xmlns="http://www.sdmx.org/resources/sdmxml/schemas/v2_1/common">Ticineto</Name>
          <Name xml:lang="en" xmlns="http://www.sdmx.org/resources/sdmxml/schemas/v2_1/common">Ticineto</Name>
          <Parent>
            <Ref id="ITC18" xmlns="" />
          </Parent>
        </Code>
        <Code id="006174" urn="urn:sdmx:org.sdmx.infomodel.codelist.Code=IT1:CL_REFAREA(1.2).006174">
          <Name xml:lang="it" xmlns="http://www.sdmx.org/resources/sdmxml/schemas/v2_1/common">Tortona</Name>
          <Name xml:lang="en" xmlns="http://www.sdmx.org/resources/sdmxml/schemas/v2_1/common">Tortona</Name>
          <Parent>
            <Ref id="ITC18" xmlns="" />
          </Parent>
        </Code>
        <Code id="006175" urn="urn:sdmx:org.sdmx.infomodel.codelist.Code=IT1:CL_REFAREA(1.2).006175">
          <Name xml:lang="it" xmlns="http://www.sdmx.org/resources/sdmxml/schemas/v2_1/common">Treville</Name>
          <Name xml:lang="en" xmlns="http://www.sdmx.org/resources/sdmxml/schemas/v2_1/common">Treville</Name>
          <Parent>
            <Ref id="ITC18" xmlns="" />
          </Parent>
        </Code>
        <Code id="006176" urn="urn:sdmx:org.sdmx.infomodel.codelist.Code=IT1:CL_REFAREA(1.2).006176">
          <Name xml:lang="it" xmlns="http://www.sdmx.org/resources/sdmxml/schemas/v2_1/common">Trisobbio</Name>
          <Name xml:lang="en" xmlns="http://www.sdmx.org/resources/sdmxml/schemas/v2_1/common">Trisobbio</Name>
          <Parent>
            <Ref id="ITC18" xmlns="" />
          </Parent>
        </Code>
        <Code id="006177" urn="urn:sdmx:org.sdmx.infomodel.codelist.Code=IT1:CL_REFAREA(1.2).006177">
          <Name xml:lang="it" xmlns="http://www.sdmx.org/resources/sdmxml/schemas/v2_1/common">Valenza</Name>
          <Name xml:lang="en" xmlns="http://www.sdmx.org/resources/sdmxml/schemas/v2_1/common">Valenza</Name>
          <Parent>
            <Ref id="ITC18" xmlns="" />
          </Parent>
        </Code>
        <Code id="006178" urn="urn:sdmx:org.sdmx.infomodel.codelist.Code=IT1:CL_REFAREA(1.2).006178">
          <Name xml:lang="it" xmlns="http://www.sdmx.org/resources/sdmxml/schemas/v2_1/common">Valmacca</Name>
          <Name xml:lang="en" xmlns="http://www.sdmx.org/resources/sdmxml/schemas/v2_1/common">Valmacca</Name>
          <Parent>
            <Ref id="ITC18" xmlns="" />
          </Parent>
        </Code>
        <Code id="006179" urn="urn:sdmx:org.sdmx.infomodel.codelist.Code=IT1:CL_REFAREA(1.2).006179">
          <Name xml:lang="it" xmlns="http://www.sdmx.org/resources/sdmxml/schemas/v2_1/common">Vignale Monferrato</Name>
          <Name xml:lang="en" xmlns="http://www.sdmx.org/resources/sdmxml/schemas/v2_1/common">Vignale Monferrato</Name>
          <Parent>
            <Ref id="ITC18" xmlns="" />
          </Parent>
        </Code>
        <Code id="006180" urn="urn:sdmx:org.sdmx.infomodel.codelist.Code=IT1:CL_REFAREA(1.2).006180">
          <Name xml:lang="it" xmlns="http://www.sdmx.org/resources/sdmxml/schemas/v2_1/common">Vignole Borbera</Name>
          <Name xml:lang="en" xmlns="http://www.sdmx.org/resources/sdmxml/schemas/v2_1/common">Vignole Borbera</Name>
          <Parent>
            <Ref id="ITC18" xmlns="" />
          </Parent>
        </Code>
        <Code id="006181" urn="urn:sdmx:org.sdmx.infomodel.codelist.Code=IT1:CL_REFAREA(1.2).006181">
          <Name xml:lang="it" xmlns="http://www.sdmx.org/resources/sdmxml/schemas/v2_1/common">Viguzzolo</Name>
          <Name xml:lang="en" xmlns="http://www.sdmx.org/resources/sdmxml/schemas/v2_1/common">Viguzzolo</Name>
          <Parent>
            <Ref id="ITC18" xmlns="" />
          </Parent>
        </Code>
        <Code id="006182" urn="urn:sdmx:org.sdmx.infomodel.codelist.Code=IT1:CL_REFAREA(1.2).006182">
          <Name xml:lang="it" xmlns="http://www.sdmx.org/resources/sdmxml/schemas/v2_1/common">Villadeati</Name>
          <Name xml:lang="en" xmlns="http://www.sdmx.org/resources/sdmxml/schemas/v2_1/common">Villadeati</Name>
          <Parent>
            <Ref id="ITC18" xmlns="" />
          </Parent>
        </Code>
        <Code id="006183" urn="urn:sdmx:org.sdmx.infomodel.codelist.Code=IT1:CL_REFAREA(1.2).006183">
          <Name xml:lang="it" xmlns="http://www.sdmx.org/resources/sdmxml/schemas/v2_1/common">Villalvernia</Name>
          <Name xml:lang="en" xmlns="http://www.sdmx.org/resources/sdmxml/schemas/v2_1/common">Villalvernia</Name>
          <Parent>
            <Ref id="ITC18" xmlns="" />
          </Parent>
        </Code>
        <Code id="006184" urn="urn:sdmx:org.sdmx.infomodel.codelist.Code=IT1:CL_REFAREA(1.2).006184">
          <Name xml:lang="it" xmlns="http://www.sdmx.org/resources/sdmxml/schemas/v2_1/common">Villamiroglio</Name>
          <Name xml:lang="en" xmlns="http://www.sdmx.org/resources/sdmxml/schemas/v2_1/common">Villamiroglio</Name>
          <Parent>
            <Ref id="ITC18" xmlns="" />
          </Parent>
        </Code>
        <Code id="006185" urn="urn:sdmx:org.sdmx.infomodel.codelist.Code=IT1:CL_REFAREA(1.2).006185">
          <Name xml:lang="it" xmlns="http://www.sdmx.org/resources/sdmxml/schemas/v2_1/common">Villanova Monferrato</Name>
          <Name xml:lang="en" xmlns="http://www.sdmx.org/resources/sdmxml/schemas/v2_1/common">Villanova Monferrato</Name>
          <Parent>
            <Ref id="ITC18" xmlns="" />
          </Parent>
        </Code>
        <Code id="006186" urn="urn:sdmx:org.sdmx.infomodel.codelist.Code=IT1:CL_REFAREA(1.2).006186">
          <Name xml:lang="it" xmlns="http://www.sdmx.org/resources/sdmxml/schemas/v2_1/common">Villaromagnano</Name>
          <Name xml:lang="en" xmlns="http://www.sdmx.org/resources/sdmxml/schemas/v2_1/common">Villaromagnano</Name>
          <Parent>
            <Ref id="ITC18" xmlns="" />
          </Parent>
        </Code>
        <Code id="006187" urn="urn:sdmx:org.sdmx.infomodel.codelist.Code=IT1:CL_REFAREA(1.2).006187">
          <Name xml:lang="it" xmlns="http://www.sdmx.org/resources/sdmxml/schemas/v2_1/common">Visone</Name>
          <Name xml:lang="en" xmlns="http://www.sdmx.org/resources/sdmxml/schemas/v2_1/common">Visone</Name>
          <Parent>
            <Ref id="ITC18" xmlns="" />
          </Parent>
        </Code>
        <Code id="006188" urn="urn:sdmx:org.sdmx.infomodel.codelist.Code=IT1:CL_REFAREA(1.2).006188">
          <Name xml:lang="it" xmlns="http://www.sdmx.org/resources/sdmxml/schemas/v2_1/common">Volpedo</Name>
          <Name xml:lang="en" xmlns="http://www.sdmx.org/resources/sdmxml/schemas/v2_1/common">Volpedo</Name>
          <Parent>
            <Ref id="ITC18" xmlns="" />
          </Parent>
        </Code>
        <Code id="006189" urn="urn:sdmx:org.sdmx.infomodel.codelist.Code=IT1:CL_REFAREA(1.2).006189">
          <Name xml:lang="it" xmlns="http://www.sdmx.org/resources/sdmxml/schemas/v2_1/common">Volpeglino</Name>
          <Name xml:lang="en" xmlns="http://www.sdmx.org/resources/sdmxml/schemas/v2_1/common">Volpeglino</Name>
          <Parent>
            <Ref id="ITC18" xmlns="" />
          </Parent>
        </Code>
        <Code id="006190" urn="urn:sdmx:org.sdmx.infomodel.codelist.Code=IT1:CL_REFAREA(1.2).006190">
          <Name xml:lang="it" xmlns="http://www.sdmx.org/resources/sdmxml/schemas/v2_1/common">Voltaggio</Name>
          <Name xml:lang="en" xmlns="http://www.sdmx.org/resources/sdmxml/schemas/v2_1/common">Voltaggio</Name>
          <Parent>
            <Ref id="ITC18" xmlns="" />
          </Parent>
        </Code>
        <Code id="007001" urn="urn:sdmx:org.sdmx.infomodel.codelist.Code=IT1:CL_REFAREA(1.2).007001">
          <Name xml:lang="it" xmlns="http://www.sdmx.org/resources/sdmxml/schemas/v2_1/common">Allein</Name>
          <Name xml:lang="en" xmlns="http://www.sdmx.org/resources/sdmxml/schemas/v2_1/common">Allein</Name>
          <Parent>
            <Ref id="ITC20" xmlns="" />
          </Parent>
        </Code>
        <Code id="007002" urn="urn:sdmx:org.sdmx.infomodel.codelist.Code=IT1:CL_REFAREA(1.2).007002">
          <Name xml:lang="it" xmlns="http://www.sdmx.org/resources/sdmxml/schemas/v2_1/common">Antey-Saint-André</Name>
          <Name xml:lang="en" xmlns="http://www.sdmx.org/resources/sdmxml/schemas/v2_1/common">Antey-Saint-André</Name>
          <Parent>
            <Ref id="ITC20" xmlns="" />
          </Parent>
        </Code>
        <Code id="007003" urn="urn:sdmx:org.sdmx.infomodel.codelist.Code=IT1:CL_REFAREA(1.2).007003">
          <Name xml:lang="it" xmlns="http://www.sdmx.org/resources/sdmxml/schemas/v2_1/common">Aosta</Name>
          <Name xml:lang="en" xmlns="http://www.sdmx.org/resources/sdmxml/schemas/v2_1/common">Aosta</Name>
          <Parent>
            <Ref id="ITC20" xmlns="" />
          </Parent>
        </Code>
        <Code id="007004" urn="urn:sdmx:org.sdmx.infomodel.codelist.Code=IT1:CL_REFAREA(1.2).007004">
          <Name xml:lang="it" xmlns="http://www.sdmx.org/resources/sdmxml/schemas/v2_1/common">Arnad</Name>
          <Name xml:lang="en" xmlns="http://www.sdmx.org/resources/sdmxml/schemas/v2_1/common">Arnad</Name>
          <Parent>
            <Ref id="ITC20" xmlns="" />
          </Parent>
        </Code>
        <Code id="007005" urn="urn:sdmx:org.sdmx.infomodel.codelist.Code=IT1:CL_REFAREA(1.2).007005">
          <Name xml:lang="it" xmlns="http://www.sdmx.org/resources/sdmxml/schemas/v2_1/common">Arvier</Name>
          <Name xml:lang="en" xmlns="http://www.sdmx.org/resources/sdmxml/schemas/v2_1/common">Arvier</Name>
          <Parent>
            <Ref id="ITC20" xmlns="" />
          </Parent>
        </Code>
        <Code id="007006" urn="urn:sdmx:org.sdmx.infomodel.codelist.Code=IT1:CL_REFAREA(1.2).007006">
          <Name xml:lang="it" xmlns="http://www.sdmx.org/resources/sdmxml/schemas/v2_1/common">Avise</Name>
          <Name xml:lang="en" xmlns="http://www.sdmx.org/resources/sdmxml/schemas/v2_1/common">Avise</Name>
          <Parent>
            <Ref id="ITC20" xmlns="" />
          </Parent>
        </Code>
        <Code id="007007" urn="urn:sdmx:org.sdmx.infomodel.codelist.Code=IT1:CL_REFAREA(1.2).007007">
          <Name xml:lang="it" xmlns="http://www.sdmx.org/resources/sdmxml/schemas/v2_1/common">Ayas</Name>
          <Name xml:lang="en" xmlns="http://www.sdmx.org/resources/sdmxml/schemas/v2_1/common">Ayas</Name>
          <Parent>
            <Ref id="ITC20" xmlns="" />
          </Parent>
        </Code>
        <Code id="007008" urn="urn:sdmx:org.sdmx.infomodel.codelist.Code=IT1:CL_REFAREA(1.2).007008">
          <Name xml:lang="it" xmlns="http://www.sdmx.org/resources/sdmxml/schemas/v2_1/common">Aymavilles</Name>
          <Name xml:lang="en" xmlns="http://www.sdmx.org/resources/sdmxml/schemas/v2_1/common">Aymavilles</Name>
          <Parent>
            <Ref id="ITC20" xmlns="" />
          </Parent>
        </Code>
        <Code id="007009" urn="urn:sdmx:org.sdmx.infomodel.codelist.Code=IT1:CL_REFAREA(1.2).007009">
          <Name xml:lang="it" xmlns="http://www.sdmx.org/resources/sdmxml/schemas/v2_1/common">Bard</Name>
          <Name xml:lang="en" xmlns="http://www.sdmx.org/resources/sdmxml/schemas/v2_1/common">Bard</Name>
          <Parent>
            <Ref id="ITC20" xmlns="" />
          </Parent>
        </Code>
        <Code id="007010" urn="urn:sdmx:org.sdmx.infomodel.codelist.Code=IT1:CL_REFAREA(1.2).007010">
          <Name xml:lang="it" xmlns="http://www.sdmx.org/resources/sdmxml/schemas/v2_1/common">Bionaz</Name>
          <Name xml:lang="en" xmlns="http://www.sdmx.org/resources/sdmxml/schemas/v2_1/common">Bionaz</Name>
          <Parent>
            <Ref id="ITC20" xmlns="" />
          </Parent>
        </Code>
        <Code id="007011" urn="urn:sdmx:org.sdmx.infomodel.codelist.Code=IT1:CL_REFAREA(1.2).007011">
          <Name xml:lang="it" xmlns="http://www.sdmx.org/resources/sdmxml/schemas/v2_1/common">Brissogne</Name>
          <Name xml:lang="en" xmlns="http://www.sdmx.org/resources/sdmxml/schemas/v2_1/common">Brissogne</Name>
          <Parent>
            <Ref id="ITC20" xmlns="" />
          </Parent>
        </Code>
        <Code id="007012" urn="urn:sdmx:org.sdmx.infomodel.codelist.Code=IT1:CL_REFAREA(1.2).007012">
          <Name xml:lang="it" xmlns="http://www.sdmx.org/resources/sdmxml/schemas/v2_1/common">Brusson</Name>
          <Name xml:lang="en" xmlns="http://www.sdmx.org/resources/sdmxml/schemas/v2_1/common">Brusson</Name>
          <Parent>
            <Ref id="ITC20" xmlns="" />
          </Parent>
        </Code>
        <Code id="007013" urn="urn:sdmx:org.sdmx.infomodel.codelist.Code=IT1:CL_REFAREA(1.2).007013">
          <Name xml:lang="it" xmlns="http://www.sdmx.org/resources/sdmxml/schemas/v2_1/common">Challand-Saint-Anselme</Name>
          <Name xml:lang="en" xmlns="http://www.sdmx.org/resources/sdmxml/schemas/v2_1/common">Challand-Saint-Anselme</Name>
          <Parent>
            <Ref id="ITC20" xmlns="" />
          </Parent>
        </Code>
        <Code id="007014" urn="urn:sdmx:org.sdmx.infomodel.codelist.Code=IT1:CL_REFAREA(1.2).007014">
          <Name xml:lang="it" xmlns="http://www.sdmx.org/resources/sdmxml/schemas/v2_1/common">Challand-Saint-Victor</Name>
          <Name xml:lang="en" xmlns="http://www.sdmx.org/resources/sdmxml/schemas/v2_1/common">Challand-Saint-Victor</Name>
          <Parent>
            <Ref id="ITC20" xmlns="" />
          </Parent>
        </Code>
        <Code id="007015" urn="urn:sdmx:org.sdmx.infomodel.codelist.Code=IT1:CL_REFAREA(1.2).007015">
          <Name xml:lang="it" xmlns="http://www.sdmx.org/resources/sdmxml/schemas/v2_1/common">Chambave</Name>
          <Name xml:lang="en" xmlns="http://www.sdmx.org/resources/sdmxml/schemas/v2_1/common">Chambave</Name>
          <Parent>
            <Ref id="ITC20" xmlns="" />
          </Parent>
        </Code>
        <Code id="007016" urn="urn:sdmx:org.sdmx.infomodel.codelist.Code=IT1:CL_REFAREA(1.2).007016">
          <Name xml:lang="it" xmlns="http://www.sdmx.org/resources/sdmxml/schemas/v2_1/common">Chamois</Name>
          <Name xml:lang="en" xmlns="http://www.sdmx.org/resources/sdmxml/schemas/v2_1/common">Chamois</Name>
          <Parent>
            <Ref id="ITC20" xmlns="" />
          </Parent>
        </Code>
        <Code id="007017" urn="urn:sdmx:org.sdmx.infomodel.codelist.Code=IT1:CL_REFAREA(1.2).007017">
          <Name xml:lang="it" xmlns="http://www.sdmx.org/resources/sdmxml/schemas/v2_1/common">Champdepraz</Name>
          <Name xml:lang="en" xmlns="http://www.sdmx.org/resources/sdmxml/schemas/v2_1/common">Champdepraz</Name>
          <Parent>
            <Ref id="ITC20" xmlns="" />
          </Parent>
        </Code>
        <Code id="007018" urn="urn:sdmx:org.sdmx.infomodel.codelist.Code=IT1:CL_REFAREA(1.2).007018">
          <Name xml:lang="it" xmlns="http://www.sdmx.org/resources/sdmxml/schemas/v2_1/common">Champorcher</Name>
          <Name xml:lang="en" xmlns="http://www.sdmx.org/resources/sdmxml/schemas/v2_1/common">Champorcher</Name>
          <Parent>
            <Ref id="ITC20" xmlns="" />
          </Parent>
        </Code>
        <Code id="007019" urn="urn:sdmx:org.sdmx.infomodel.codelist.Code=IT1:CL_REFAREA(1.2).007019">
          <Name xml:lang="it" xmlns="http://www.sdmx.org/resources/sdmxml/schemas/v2_1/common">Charvensod</Name>
          <Name xml:lang="en" xmlns="http://www.sdmx.org/resources/sdmxml/schemas/v2_1/common">Charvensod</Name>
          <Parent>
            <Ref id="ITC20" xmlns="" />
          </Parent>
        </Code>
        <Code id="007020" urn="urn:sdmx:org.sdmx.infomodel.codelist.Code=IT1:CL_REFAREA(1.2).007020">
          <Name xml:lang="it" xmlns="http://www.sdmx.org/resources/sdmxml/schemas/v2_1/common">Chatillon</Name>
          <Name xml:lang="en" xmlns="http://www.sdmx.org/resources/sdmxml/schemas/v2_1/common">Chatillon</Name>
          <Parent>
            <Ref id="ITC20" xmlns="" />
          </Parent>
        </Code>
        <Code id="007021" urn="urn:sdmx:org.sdmx.infomodel.codelist.Code=IT1:CL_REFAREA(1.2).007021">
          <Name xml:lang="it" xmlns="http://www.sdmx.org/resources/sdmxml/schemas/v2_1/common">Cogne</Name>
          <Name xml:lang="en" xmlns="http://www.sdmx.org/resources/sdmxml/schemas/v2_1/common">Cogne</Name>
          <Parent>
            <Ref id="ITC20" xmlns="" />
          </Parent>
        </Code>
        <Code id="007022" urn="urn:sdmx:org.sdmx.infomodel.codelist.Code=IT1:CL_REFAREA(1.2).007022">
          <Name xml:lang="it" xmlns="http://www.sdmx.org/resources/sdmxml/schemas/v2_1/common">Courmayeur</Name>
          <Name xml:lang="en" xmlns="http://www.sdmx.org/resources/sdmxml/schemas/v2_1/common">Courmayeur</Name>
          <Parent>
            <Ref id="ITC20" xmlns="" />
          </Parent>
        </Code>
        <Code id="007023" urn="urn:sdmx:org.sdmx.infomodel.codelist.Code=IT1:CL_REFAREA(1.2).007023">
          <Name xml:lang="it" xmlns="http://www.sdmx.org/resources/sdmxml/schemas/v2_1/common">Donnas</Name>
          <Name xml:lang="en" xmlns="http://www.sdmx.org/resources/sdmxml/schemas/v2_1/common">Donnas</Name>
          <Parent>
            <Ref id="ITC20" xmlns="" />
          </Parent>
        </Code>
        <Code id="007024" urn="urn:sdmx:org.sdmx.infomodel.codelist.Code=IT1:CL_REFAREA(1.2).007024">
          <Name xml:lang="it" xmlns="http://www.sdmx.org/resources/sdmxml/schemas/v2_1/common">Doues</Name>
          <Name xml:lang="en" xmlns="http://www.sdmx.org/resources/sdmxml/schemas/v2_1/common">Doues</Name>
          <Parent>
            <Ref id="ITC20" xmlns="" />
          </Parent>
        </Code>
        <Code id="007025" urn="urn:sdmx:org.sdmx.infomodel.codelist.Code=IT1:CL_REFAREA(1.2).007025">
          <Name xml:lang="it" xmlns="http://www.sdmx.org/resources/sdmxml/schemas/v2_1/common">Emarèse</Name>
          <Name xml:lang="en" xmlns="http://www.sdmx.org/resources/sdmxml/schemas/v2_1/common">Emarèse</Name>
          <Parent>
            <Ref id="ITC20" xmlns="" />
          </Parent>
        </Code>
        <Code id="007026" urn="urn:sdmx:org.sdmx.infomodel.codelist.Code=IT1:CL_REFAREA(1.2).007026">
          <Name xml:lang="it" xmlns="http://www.sdmx.org/resources/sdmxml/schemas/v2_1/common">Ètroubles</Name>
          <Name xml:lang="en" xmlns="http://www.sdmx.org/resources/sdmxml/schemas/v2_1/common">Ètroubles</Name>
          <Parent>
            <Ref id="ITC20" xmlns="" />
          </Parent>
        </Code>
        <Code id="007027" urn="urn:sdmx:org.sdmx.infomodel.codelist.Code=IT1:CL_REFAREA(1.2).007027">
          <Name xml:lang="it" xmlns="http://www.sdmx.org/resources/sdmxml/schemas/v2_1/common">Fénis</Name>
          <Name xml:lang="en" xmlns="http://www.sdmx.org/resources/sdmxml/schemas/v2_1/common">Fénis</Name>
          <Parent>
            <Ref id="ITC20" xmlns="" />
          </Parent>
        </Code>
        <Code id="007028" urn="urn:sdmx:org.sdmx.infomodel.codelist.Code=IT1:CL_REFAREA(1.2).007028">
          <Name xml:lang="it" xmlns="http://www.sdmx.org/resources/sdmxml/schemas/v2_1/common">Fontainemore</Name>
          <Name xml:lang="en" xmlns="http://www.sdmx.org/resources/sdmxml/schemas/v2_1/common">Fontainemore</Name>
          <Parent>
            <Ref id="ITC20" xmlns="" />
          </Parent>
        </Code>
        <Code id="007029" urn="urn:sdmx:org.sdmx.infomodel.codelist.Code=IT1:CL_REFAREA(1.2).007029">
          <Name xml:lang="it" xmlns="http://www.sdmx.org/resources/sdmxml/schemas/v2_1/common">Gaby</Name>
          <Name xml:lang="en" xmlns="http://www.sdmx.org/resources/sdmxml/schemas/v2_1/common">Gaby</Name>
          <Parent>
            <Ref id="ITC20" xmlns="" />
          </Parent>
        </Code>
        <Code id="007030" urn="urn:sdmx:org.sdmx.infomodel.codelist.Code=IT1:CL_REFAREA(1.2).007030">
          <Name xml:lang="it" xmlns="http://www.sdmx.org/resources/sdmxml/schemas/v2_1/common">Gignod</Name>
          <Name xml:lang="en" xmlns="http://www.sdmx.org/resources/sdmxml/schemas/v2_1/common">Gignod</Name>
          <Parent>
            <Ref id="ITC20" xmlns="" />
          </Parent>
        </Code>
        <Code id="007031" urn="urn:sdmx:org.sdmx.infomodel.codelist.Code=IT1:CL_REFAREA(1.2).007031">
          <Name xml:lang="it" xmlns="http://www.sdmx.org/resources/sdmxml/schemas/v2_1/common">Gressan</Name>
          <Name xml:lang="en" xmlns="http://www.sdmx.org/resources/sdmxml/schemas/v2_1/common">Gressan</Name>
          <Parent>
            <Ref id="ITC20" xmlns="" />
          </Parent>
        </Code>
        <Code id="007032" urn="urn:sdmx:org.sdmx.infomodel.codelist.Code=IT1:CL_REFAREA(1.2).007032">
          <Name xml:lang="it" xmlns="http://www.sdmx.org/resources/sdmxml/schemas/v2_1/common">Gressoney-La-Trinitè</Name>
          <Name xml:lang="en" xmlns="http://www.sdmx.org/resources/sdmxml/schemas/v2_1/common">Gressoney-La-Trinitè</Name>
          <Parent>
            <Ref id="ITC20" xmlns="" />
          </Parent>
        </Code>
        <Code id="007033" urn="urn:sdmx:org.sdmx.infomodel.codelist.Code=IT1:CL_REFAREA(1.2).007033">
          <Name xml:lang="it" xmlns="http://www.sdmx.org/resources/sdmxml/schemas/v2_1/common">Gressoney-Saint-Jean</Name>
          <Name xml:lang="en" xmlns="http://www.sdmx.org/resources/sdmxml/schemas/v2_1/common">Gressoney-Saint-Jean</Name>
          <Parent>
            <Ref id="ITC20" xmlns="" />
          </Parent>
        </Code>
        <Code id="007034" urn="urn:sdmx:org.sdmx.infomodel.codelist.Code=IT1:CL_REFAREA(1.2).007034">
          <Name xml:lang="it" xmlns="http://www.sdmx.org/resources/sdmxml/schemas/v2_1/common">Hône</Name>
          <Name xml:lang="en" xmlns="http://www.sdmx.org/resources/sdmxml/schemas/v2_1/common">Hône</Name>
          <Parent>
            <Ref id="ITC20" xmlns="" />
          </Parent>
        </Code>
        <Code id="007035" urn="urn:sdmx:org.sdmx.infomodel.codelist.Code=IT1:CL_REFAREA(1.2).007035">
          <Name xml:lang="it" xmlns="http://www.sdmx.org/resources/sdmxml/schemas/v2_1/common">Introd</Name>
          <Name xml:lang="en" xmlns="http://www.sdmx.org/resources/sdmxml/schemas/v2_1/common">Introd</Name>
          <Parent>
            <Ref id="ITC20" xmlns="" />
          </Parent>
        </Code>
        <Code id="007036" urn="urn:sdmx:org.sdmx.infomodel.codelist.Code=IT1:CL_REFAREA(1.2).007036">
          <Name xml:lang="it" xmlns="http://www.sdmx.org/resources/sdmxml/schemas/v2_1/common">Issime</Name>
          <Name xml:lang="en" xmlns="http://www.sdmx.org/resources/sdmxml/schemas/v2_1/common">Issime</Name>
          <Parent>
            <Ref id="ITC20" xmlns="" />
          </Parent>
        </Code>
        <Code id="007037" urn="urn:sdmx:org.sdmx.infomodel.codelist.Code=IT1:CL_REFAREA(1.2).007037">
          <Name xml:lang="it" xmlns="http://www.sdmx.org/resources/sdmxml/schemas/v2_1/common">Issogne</Name>
          <Name xml:lang="en" xmlns="http://www.sdmx.org/resources/sdmxml/schemas/v2_1/common">Issogne</Name>
          <Parent>
            <Ref id="ITC20" xmlns="" />
          </Parent>
        </Code>
        <Code id="007038" urn="urn:sdmx:org.sdmx.infomodel.codelist.Code=IT1:CL_REFAREA(1.2).007038">
          <Name xml:lang="it" xmlns="http://www.sdmx.org/resources/sdmxml/schemas/v2_1/common">Jovençan</Name>
          <Name xml:lang="en" xmlns="http://www.sdmx.org/resources/sdmxml/schemas/v2_1/common">Jovençan</Name>
          <Parent>
            <Ref id="ITC20" xmlns="" />
          </Parent>
        </Code>
        <Code id="007039" urn="urn:sdmx:org.sdmx.infomodel.codelist.Code=IT1:CL_REFAREA(1.2).007039">
          <Name xml:lang="it" xmlns="http://www.sdmx.org/resources/sdmxml/schemas/v2_1/common">La Magdeleine</Name>
          <Name xml:lang="en" xmlns="http://www.sdmx.org/resources/sdmxml/schemas/v2_1/common">La Magdeleine</Name>
          <Parent>
            <Ref id="ITC20" xmlns="" />
          </Parent>
        </Code>
        <Code id="007040" urn="urn:sdmx:org.sdmx.infomodel.codelist.Code=IT1:CL_REFAREA(1.2).007040">
          <Name xml:lang="it" xmlns="http://www.sdmx.org/resources/sdmxml/schemas/v2_1/common">La Salle</Name>
          <Name xml:lang="en" xmlns="http://www.sdmx.org/resources/sdmxml/schemas/v2_1/common">La Salle</Name>
          <Parent>
            <Ref id="ITC20" xmlns="" />
          </Parent>
        </Code>
        <Code id="007041" urn="urn:sdmx:org.sdmx.infomodel.codelist.Code=IT1:CL_REFAREA(1.2).007041">
          <Name xml:lang="it" xmlns="http://www.sdmx.org/resources/sdmxml/schemas/v2_1/common">La Thuile</Name>
          <Name xml:lang="en" xmlns="http://www.sdmx.org/resources/sdmxml/schemas/v2_1/common">La Thuile</Name>
          <Parent>
            <Ref id="ITC20" xmlns="" />
          </Parent>
        </Code>
        <Code id="007042" urn="urn:sdmx:org.sdmx.infomodel.codelist.Code=IT1:CL_REFAREA(1.2).007042">
          <Name xml:lang="it" xmlns="http://www.sdmx.org/resources/sdmxml/schemas/v2_1/common">Lillianes</Name>
          <Name xml:lang="en" xmlns="http://www.sdmx.org/resources/sdmxml/schemas/v2_1/common">Lillianes</Name>
          <Parent>
            <Ref id="ITC20" xmlns="" />
          </Parent>
        </Code>
        <Code id="007043" urn="urn:sdmx:org.sdmx.infomodel.codelist.Code=IT1:CL_REFAREA(1.2).007043">
          <Name xml:lang="it" xmlns="http://www.sdmx.org/resources/sdmxml/schemas/v2_1/common">Montjovet</Name>
          <Name xml:lang="en" xmlns="http://www.sdmx.org/resources/sdmxml/schemas/v2_1/common">Montjovet</Name>
          <Parent>
            <Ref id="ITC20" xmlns="" />
          </Parent>
        </Code>
        <Code id="007044" urn="urn:sdmx:org.sdmx.infomodel.codelist.Code=IT1:CL_REFAREA(1.2).007044">
          <Name xml:lang="it" xmlns="http://www.sdmx.org/resources/sdmxml/schemas/v2_1/common">Morgex</Name>
          <Name xml:lang="en" xmlns="http://www.sdmx.org/resources/sdmxml/schemas/v2_1/common">Morgex</Name>
          <Parent>
            <Ref id="ITC20" xmlns="" />
          </Parent>
        </Code>
        <Code id="007045" urn="urn:sdmx:org.sdmx.infomodel.codelist.Code=IT1:CL_REFAREA(1.2).007045">
          <Name xml:lang="it" xmlns="http://www.sdmx.org/resources/sdmxml/schemas/v2_1/common">Nus</Name>
          <Name xml:lang="en" xmlns="http://www.sdmx.org/resources/sdmxml/schemas/v2_1/common">Nus</Name>
          <Parent>
            <Ref id="ITC20" xmlns="" />
          </Parent>
        </Code>
        <Code id="007046" urn="urn:sdmx:org.sdmx.infomodel.codelist.Code=IT1:CL_REFAREA(1.2).007046">
          <Name xml:lang="it" xmlns="http://www.sdmx.org/resources/sdmxml/schemas/v2_1/common">Ollomont</Name>
          <Name xml:lang="en" xmlns="http://www.sdmx.org/resources/sdmxml/schemas/v2_1/common">Ollomont</Name>
          <Parent>
            <Ref id="ITC20" xmlns="" />
          </Parent>
        </Code>
        <Code id="007047" urn="urn:sdmx:org.sdmx.infomodel.codelist.Code=IT1:CL_REFAREA(1.2).007047">
          <Name xml:lang="it" xmlns="http://www.sdmx.org/resources/sdmxml/schemas/v2_1/common">Oyace</Name>
          <Name xml:lang="en" xmlns="http://www.sdmx.org/resources/sdmxml/schemas/v2_1/common">Oyace</Name>
          <Parent>
            <Ref id="ITC20" xmlns="" />
          </Parent>
        </Code>
        <Code id="007048" urn="urn:sdmx:org.sdmx.infomodel.codelist.Code=IT1:CL_REFAREA(1.2).007048">
          <Name xml:lang="it" xmlns="http://www.sdmx.org/resources/sdmxml/schemas/v2_1/common">Perloz</Name>
          <Name xml:lang="en" xmlns="http://www.sdmx.org/resources/sdmxml/schemas/v2_1/common">Perloz</Name>
          <Parent>
            <Ref id="ITC20" xmlns="" />
          </Parent>
        </Code>
        <Code id="007049" urn="urn:sdmx:org.sdmx.infomodel.codelist.Code=IT1:CL_REFAREA(1.2).007049">
          <Name xml:lang="it" xmlns="http://www.sdmx.org/resources/sdmxml/schemas/v2_1/common">Pollein</Name>
          <Name xml:lang="en" xmlns="http://www.sdmx.org/resources/sdmxml/schemas/v2_1/common">Pollein</Name>
          <Parent>
            <Ref id="ITC20" xmlns="" />
          </Parent>
        </Code>
        <Code id="007050" urn="urn:sdmx:org.sdmx.infomodel.codelist.Code=IT1:CL_REFAREA(1.2).007050">
          <Name xml:lang="it" xmlns="http://www.sdmx.org/resources/sdmxml/schemas/v2_1/common">Pontboset</Name>
          <Name xml:lang="en" xmlns="http://www.sdmx.org/resources/sdmxml/schemas/v2_1/common">Pontboset</Name>
          <Parent>
            <Ref id="ITC20" xmlns="" />
          </Parent>
        </Code>
        <Code id="007051" urn="urn:sdmx:org.sdmx.infomodel.codelist.Code=IT1:CL_REFAREA(1.2).007051">
          <Name xml:lang="it" xmlns="http://www.sdmx.org/resources/sdmxml/schemas/v2_1/common">Pontey</Name>
          <Name xml:lang="en" xmlns="http://www.sdmx.org/resources/sdmxml/schemas/v2_1/common">Pontey</Name>
          <Parent>
            <Ref id="ITC20" xmlns="" />
          </Parent>
        </Code>
        <Code id="007052" urn="urn:sdmx:org.sdmx.infomodel.codelist.Code=IT1:CL_REFAREA(1.2).007052">
          <Name xml:lang="it" xmlns="http://www.sdmx.org/resources/sdmxml/schemas/v2_1/common">Pont-Saint-Martin</Name>
          <Name xml:lang="en" xmlns="http://www.sdmx.org/resources/sdmxml/schemas/v2_1/common">Pont-Saint-Martin</Name>
          <Parent>
            <Ref id="ITC20" xmlns="" />
          </Parent>
        </Code>
        <Code id="007053" urn="urn:sdmx:org.sdmx.infomodel.codelist.Code=IT1:CL_REFAREA(1.2).007053">
          <Name xml:lang="it" xmlns="http://www.sdmx.org/resources/sdmxml/schemas/v2_1/common">Pré-Saint-Didier</Name>
          <Name xml:lang="en" xmlns="http://www.sdmx.org/resources/sdmxml/schemas/v2_1/common">Pré-Saint-Didier</Name>
          <Parent>
            <Ref id="ITC20" xmlns="" />
          </Parent>
        </Code>
        <Code id="007054" urn="urn:sdmx:org.sdmx.infomodel.codelist.Code=IT1:CL_REFAREA(1.2).007054">
          <Name xml:lang="it" xmlns="http://www.sdmx.org/resources/sdmxml/schemas/v2_1/common">Quart</Name>
          <Name xml:lang="en" xmlns="http://www.sdmx.org/resources/sdmxml/schemas/v2_1/common">Quart</Name>
          <Parent>
            <Ref id="ITC20" xmlns="" />
          </Parent>
        </Code>
        <Code id="007055" urn="urn:sdmx:org.sdmx.infomodel.codelist.Code=IT1:CL_REFAREA(1.2).007055">
          <Name xml:lang="it" xmlns="http://www.sdmx.org/resources/sdmxml/schemas/v2_1/common">Rhemes-Notre-Dame</Name>
          <Name xml:lang="en" xmlns="http://www.sdmx.org/resources/sdmxml/schemas/v2_1/common">Rhemes-Notre-Dame</Name>
          <Parent>
            <Ref id="ITC20" xmlns="" />
          </Parent>
        </Code>
        <Code id="007056" urn="urn:sdmx:org.sdmx.infomodel.codelist.Code=IT1:CL_REFAREA(1.2).007056">
          <Name xml:lang="it" xmlns="http://www.sdmx.org/resources/sdmxml/schemas/v2_1/common">Rhemes-Saint-Georges</Name>
          <Name xml:lang="en" xmlns="http://www.sdmx.org/resources/sdmxml/schemas/v2_1/common">Rhemes-Saint-Georges</Name>
          <Parent>
            <Ref id="ITC20" xmlns="" />
          </Parent>
        </Code>
        <Code id="007057" urn="urn:sdmx:org.sdmx.infomodel.codelist.Code=IT1:CL_REFAREA(1.2).007057">
          <Name xml:lang="it" xmlns="http://www.sdmx.org/resources/sdmxml/schemas/v2_1/common">Roisan</Name>
          <Name xml:lang="en" xmlns="http://www.sdmx.org/resources/sdmxml/schemas/v2_1/common">Roisan</Name>
          <Parent>
            <Ref id="ITC20" xmlns="" />
          </Parent>
        </Code>
        <Code id="007058" urn="urn:sdmx:org.sdmx.infomodel.codelist.Code=IT1:CL_REFAREA(1.2).007058">
          <Name xml:lang="it" xmlns="http://www.sdmx.org/resources/sdmxml/schemas/v2_1/common">Saint-Christophe</Name>
          <Name xml:lang="en" xmlns="http://www.sdmx.org/resources/sdmxml/schemas/v2_1/common">Saint-Christophe</Name>
          <Parent>
            <Ref id="ITC20" xmlns="" />
          </Parent>
        </Code>
        <Code id="007059" urn="urn:sdmx:org.sdmx.infomodel.codelist.Code=IT1:CL_REFAREA(1.2).007059">
          <Name xml:lang="it" xmlns="http://www.sdmx.org/resources/sdmxml/schemas/v2_1/common">Saint-Denis</Name>
          <Name xml:lang="en" xmlns="http://www.sdmx.org/resources/sdmxml/schemas/v2_1/common">Saint-Denis</Name>
          <Parent>
            <Ref id="ITC20" xmlns="" />
          </Parent>
        </Code>
        <Code id="007060" urn="urn:sdmx:org.sdmx.infomodel.codelist.Code=IT1:CL_REFAREA(1.2).007060">
          <Name xml:lang="it" xmlns="http://www.sdmx.org/resources/sdmxml/schemas/v2_1/common">Saint-Marcel</Name>
          <Name xml:lang="en" xmlns="http://www.sdmx.org/resources/sdmxml/schemas/v2_1/common">Saint-Marcel</Name>
          <Parent>
            <Ref id="ITC20" xmlns="" />
          </Parent>
        </Code>
        <Code id="007061" urn="urn:sdmx:org.sdmx.infomodel.codelist.Code=IT1:CL_REFAREA(1.2).007061">
          <Name xml:lang="it" xmlns="http://www.sdmx.org/resources/sdmxml/schemas/v2_1/common">Saint-Nicolas</Name>
          <Name xml:lang="en" xmlns="http://www.sdmx.org/resources/sdmxml/schemas/v2_1/common">Saint-Nicolas</Name>
          <Parent>
            <Ref id="ITC20" xmlns="" />
          </Parent>
        </Code>
        <Code id="007062" urn="urn:sdmx:org.sdmx.infomodel.codelist.Code=IT1:CL_REFAREA(1.2).007062">
          <Name xml:lang="it" xmlns="http://www.sdmx.org/resources/sdmxml/schemas/v2_1/common">Saint-Oyen</Name>
          <Name xml:lang="en" xmlns="http://www.sdmx.org/resources/sdmxml/schemas/v2_1/common">Saint-Oyen</Name>
          <Parent>
            <Ref id="ITC20" xmlns="" />
          </Parent>
        </Code>
        <Code id="007063" urn="urn:sdmx:org.sdmx.infomodel.codelist.Code=IT1:CL_REFAREA(1.2).007063">
          <Name xml:lang="it" xmlns="http://www.sdmx.org/resources/sdmxml/schemas/v2_1/common">Saint-Pierre</Name>
          <Name xml:lang="en" xmlns="http://www.sdmx.org/resources/sdmxml/schemas/v2_1/common">Saint-Pierre</Name>
          <Parent>
            <Ref id="ITC20" xmlns="" />
          </Parent>
        </Code>
        <Code id="007064" urn="urn:sdmx:org.sdmx.infomodel.codelist.Code=IT1:CL_REFAREA(1.2).007064">
          <Name xml:lang="it" xmlns="http://www.sdmx.org/resources/sdmxml/schemas/v2_1/common">Saint-Rhémy-en-Bosses</Name>
          <Name xml:lang="en" xmlns="http://www.sdmx.org/resources/sdmxml/schemas/v2_1/common">Saint-Rhémy-en-Bosses</Name>
          <Parent>
            <Ref id="ITC20" xmlns="" />
          </Parent>
        </Code>
        <Code id="007065" urn="urn:sdmx:org.sdmx.infomodel.codelist.Code=IT1:CL_REFAREA(1.2).007065">
          <Name xml:lang="it" xmlns="http://www.sdmx.org/resources/sdmxml/schemas/v2_1/common">Saint-Vincent</Name>
          <Name xml:lang="en" xmlns="http://www.sdmx.org/resources/sdmxml/schemas/v2_1/common">Saint-Vincent</Name>
          <Parent>
            <Ref id="ITC20" xmlns="" />
          </Parent>
        </Code>
        <Code id="007066" urn="urn:sdmx:org.sdmx.infomodel.codelist.Code=IT1:CL_REFAREA(1.2).007066">
          <Name xml:lang="it" xmlns="http://www.sdmx.org/resources/sdmxml/schemas/v2_1/common">Sarre</Name>
          <Name xml:lang="en" xmlns="http://www.sdmx.org/resources/sdmxml/schemas/v2_1/common">Sarre</Name>
          <Parent>
            <Ref id="ITC20" xmlns="" />
          </Parent>
        </Code>
        <Code id="007067" urn="urn:sdmx:org.sdmx.infomodel.codelist.Code=IT1:CL_REFAREA(1.2).007067">
          <Name xml:lang="it" xmlns="http://www.sdmx.org/resources/sdmxml/schemas/v2_1/common">Torgnon</Name>
          <Name xml:lang="en" xmlns="http://www.sdmx.org/resources/sdmxml/schemas/v2_1/common">Torgnon</Name>
          <Parent>
            <Ref id="ITC20" xmlns="" />
          </Parent>
        </Code>
        <Code id="007068" urn="urn:sdmx:org.sdmx.infomodel.codelist.Code=IT1:CL_REFAREA(1.2).007068">
          <Name xml:lang="it" xmlns="http://www.sdmx.org/resources/sdmxml/schemas/v2_1/common">Valgrisenche</Name>
          <Name xml:lang="en" xmlns="http://www.sdmx.org/resources/sdmxml/schemas/v2_1/common">Valgrisenche</Name>
          <Parent>
            <Ref id="ITC20" xmlns="" />
          </Parent>
        </Code>
        <Code id="007069" urn="urn:sdmx:org.sdmx.infomodel.codelist.Code=IT1:CL_REFAREA(1.2).007069">
          <Name xml:lang="it" xmlns="http://www.sdmx.org/resources/sdmxml/schemas/v2_1/common">Valpelline</Name>
          <Name xml:lang="en" xmlns="http://www.sdmx.org/resources/sdmxml/schemas/v2_1/common">Valpelline</Name>
          <Parent>
            <Ref id="ITC20" xmlns="" />
          </Parent>
        </Code>
        <Code id="007070" urn="urn:sdmx:org.sdmx.infomodel.codelist.Code=IT1:CL_REFAREA(1.2).007070">
          <Name xml:lang="it" xmlns="http://www.sdmx.org/resources/sdmxml/schemas/v2_1/common">Valsavarenche</Name>
          <Name xml:lang="en" xmlns="http://www.sdmx.org/resources/sdmxml/schemas/v2_1/common">Valsavarenche</Name>
          <Parent>
            <Ref id="ITC20" xmlns="" />
          </Parent>
        </Code>
        <Code id="007071" urn="urn:sdmx:org.sdmx.infomodel.codelist.Code=IT1:CL_REFAREA(1.2).007071">
          <Name xml:lang="it" xmlns="http://www.sdmx.org/resources/sdmxml/schemas/v2_1/common">Valtournenche</Name>
          <Name xml:lang="en" xmlns="http://www.sdmx.org/resources/sdmxml/schemas/v2_1/common">Valtournenche</Name>
          <Parent>
            <Ref id="ITC20" xmlns="" />
          </Parent>
        </Code>
        <Code id="007072" urn="urn:sdmx:org.sdmx.infomodel.codelist.Code=IT1:CL_REFAREA(1.2).007072">
          <Name xml:lang="it" xmlns="http://www.sdmx.org/resources/sdmxml/schemas/v2_1/common">Verrayes</Name>
          <Name xml:lang="en" xmlns="http://www.sdmx.org/resources/sdmxml/schemas/v2_1/common">Verrayes</Name>
          <Parent>
            <Ref id="ITC20" xmlns="" />
          </Parent>
        </Code>
        <Code id="007073" urn="urn:sdmx:org.sdmx.infomodel.codelist.Code=IT1:CL_REFAREA(1.2).007073">
          <Name xml:lang="it" xmlns="http://www.sdmx.org/resources/sdmxml/schemas/v2_1/common">Verrès</Name>
          <Name xml:lang="en" xmlns="http://www.sdmx.org/resources/sdmxml/schemas/v2_1/common">Verrès</Name>
          <Parent>
            <Ref id="ITC20" xmlns="" />
          </Parent>
        </Code>
        <Code id="007074" urn="urn:sdmx:org.sdmx.infomodel.codelist.Code=IT1:CL_REFAREA(1.2).007074">
          <Name xml:lang="it" xmlns="http://www.sdmx.org/resources/sdmxml/schemas/v2_1/common">Villeneuve</Name>
          <Name xml:lang="en" xmlns="http://www.sdmx.org/resources/sdmxml/schemas/v2_1/common">Villeneuve</Name>
          <Parent>
            <Ref id="ITC20" xmlns="" />
          </Parent>
        </Code>
        <Code id="008001" urn="urn:sdmx:org.sdmx.infomodel.codelist.Code=IT1:CL_REFAREA(1.2).008001">
          <Name xml:lang="it" xmlns="http://www.sdmx.org/resources/sdmxml/schemas/v2_1/common">Airole</Name>
          <Name xml:lang="en" xmlns="http://www.sdmx.org/resources/sdmxml/schemas/v2_1/common">Airole</Name>
          <Parent>
            <Ref id="ITC31" xmlns="" />
          </Parent>
        </Code>
        <Code id="008002" urn="urn:sdmx:org.sdmx.infomodel.codelist.Code=IT1:CL_REFAREA(1.2).008002">
          <Name xml:lang="it" xmlns="http://www.sdmx.org/resources/sdmxml/schemas/v2_1/common">Apricale</Name>
          <Name xml:lang="en" xmlns="http://www.sdmx.org/resources/sdmxml/schemas/v2_1/common">Apricale</Name>
          <Parent>
            <Ref id="ITC31" xmlns="" />
          </Parent>
        </Code>
        <Code id="008003" urn="urn:sdmx:org.sdmx.infomodel.codelist.Code=IT1:CL_REFAREA(1.2).008003">
          <Name xml:lang="it" xmlns="http://www.sdmx.org/resources/sdmxml/schemas/v2_1/common">Aquila d'Arroscia</Name>
          <Name xml:lang="en" xmlns="http://www.sdmx.org/resources/sdmxml/schemas/v2_1/common">Aquila d'Arroscia</Name>
          <Parent>
            <Ref id="ITC31" xmlns="" />
          </Parent>
        </Code>
        <Code id="008004" urn="urn:sdmx:org.sdmx.infomodel.codelist.Code=IT1:CL_REFAREA(1.2).008004">
          <Name xml:lang="it" xmlns="http://www.sdmx.org/resources/sdmxml/schemas/v2_1/common">Armo</Name>
          <Name xml:lang="en" xmlns="http://www.sdmx.org/resources/sdmxml/schemas/v2_1/common">Armo</Name>
          <Parent>
            <Ref id="ITC31" xmlns="" />
          </Parent>
        </Code>
        <Code id="008005" urn="urn:sdmx:org.sdmx.infomodel.codelist.Code=IT1:CL_REFAREA(1.2).008005">
          <Name xml:lang="it" xmlns="http://www.sdmx.org/resources/sdmxml/schemas/v2_1/common">Aurigo</Name>
          <Name xml:lang="en" xmlns="http://www.sdmx.org/resources/sdmxml/schemas/v2_1/common">Aurigo</Name>
          <Parent>
            <Ref id="ITC31" xmlns="" />
          </Parent>
        </Code>
        <Code id="008006" urn="urn:sdmx:org.sdmx.infomodel.codelist.Code=IT1:CL_REFAREA(1.2).008006">
          <Name xml:lang="it" xmlns="http://www.sdmx.org/resources/sdmxml/schemas/v2_1/common">Badalucco</Name>
          <Name xml:lang="en" xmlns="http://www.sdmx.org/resources/sdmxml/schemas/v2_1/common">Badalucco</Name>
          <Parent>
            <Ref id="ITC31" xmlns="" />
          </Parent>
        </Code>
        <Code id="008007" urn="urn:sdmx:org.sdmx.infomodel.codelist.Code=IT1:CL_REFAREA(1.2).008007">
          <Name xml:lang="it" xmlns="http://www.sdmx.org/resources/sdmxml/schemas/v2_1/common">Bajardo</Name>
          <Name xml:lang="en" xmlns="http://www.sdmx.org/resources/sdmxml/schemas/v2_1/common">Bajardo</Name>
          <Parent>
            <Ref id="ITC31" xmlns="" />
          </Parent>
        </Code>
        <Code id="008008" urn="urn:sdmx:org.sdmx.infomodel.codelist.Code=IT1:CL_REFAREA(1.2).008008">
          <Name xml:lang="it" xmlns="http://www.sdmx.org/resources/sdmxml/schemas/v2_1/common">Bordighera</Name>
          <Name xml:lang="en" xmlns="http://www.sdmx.org/resources/sdmxml/schemas/v2_1/common">Bordighera</Name>
          <Parent>
            <Ref id="ITC31" xmlns="" />
          </Parent>
        </Code>
        <Code id="008009" urn="urn:sdmx:org.sdmx.infomodel.codelist.Code=IT1:CL_REFAREA(1.2).008009">
          <Name xml:lang="it" xmlns="http://www.sdmx.org/resources/sdmxml/schemas/v2_1/common">Borghetto d'Arroscia</Name>
          <Name xml:lang="en" xmlns="http://www.sdmx.org/resources/sdmxml/schemas/v2_1/common">Borghetto d'Arroscia</Name>
          <Parent>
            <Ref id="ITC31" xmlns="" />
          </Parent>
        </Code>
        <Code id="008010" urn="urn:sdmx:org.sdmx.infomodel.codelist.Code=IT1:CL_REFAREA(1.2).008010">
          <Name xml:lang="it" xmlns="http://www.sdmx.org/resources/sdmxml/schemas/v2_1/common">Borgomaro</Name>
          <Name xml:lang="en" xmlns="http://www.sdmx.org/resources/sdmxml/schemas/v2_1/common">Borgomaro</Name>
          <Parent>
            <Ref id="ITC31" xmlns="" />
          </Parent>
        </Code>
        <Code id="008011" urn="urn:sdmx:org.sdmx.infomodel.codelist.Code=IT1:CL_REFAREA(1.2).008011">
          <Name xml:lang="it" xmlns="http://www.sdmx.org/resources/sdmxml/schemas/v2_1/common">Camporosso</Name>
          <Name xml:lang="en" xmlns="http://www.sdmx.org/resources/sdmxml/schemas/v2_1/common">Camporosso</Name>
          <Parent>
            <Ref id="ITC31" xmlns="" />
          </Parent>
        </Code>
        <Code id="008012" urn="urn:sdmx:org.sdmx.infomodel.codelist.Code=IT1:CL_REFAREA(1.2).008012">
          <Name xml:lang="it" xmlns="http://www.sdmx.org/resources/sdmxml/schemas/v2_1/common">Caravonica</Name>
          <Name xml:lang="en" xmlns="http://www.sdmx.org/resources/sdmxml/schemas/v2_1/common">Caravonica</Name>
          <Parent>
            <Ref id="ITC31" xmlns="" />
          </Parent>
        </Code>
        <Code id="008013" urn="urn:sdmx:org.sdmx.infomodel.codelist.Code=IT1:CL_REFAREA(1.2).008013">
          <Name xml:lang="it" xmlns="http://www.sdmx.org/resources/sdmxml/schemas/v2_1/common">Carpasio</Name>
          <Name xml:lang="en" xmlns="http://www.sdmx.org/resources/sdmxml/schemas/v2_1/common">Carpasio</Name>
          <Parent>
            <Ref id="ITC31" xmlns="" />
          </Parent>
        </Code>
        <Code id="008014" urn="urn:sdmx:org.sdmx.infomodel.codelist.Code=IT1:CL_REFAREA(1.2).008014">
          <Name xml:lang="it" xmlns="http://www.sdmx.org/resources/sdmxml/schemas/v2_1/common">Castellaro</Name>
          <Name xml:lang="en" xmlns="http://www.sdmx.org/resources/sdmxml/schemas/v2_1/common">Castellaro</Name>
          <Parent>
            <Ref id="ITC31" xmlns="" />
          </Parent>
        </Code>
        <Code id="008015" urn="urn:sdmx:org.sdmx.infomodel.codelist.Code=IT1:CL_REFAREA(1.2).008015">
          <Name xml:lang="it" xmlns="http://www.sdmx.org/resources/sdmxml/schemas/v2_1/common">Castel Vittorio</Name>
          <Name xml:lang="en" xmlns="http://www.sdmx.org/resources/sdmxml/schemas/v2_1/common">Castel Vittorio</Name>
          <Parent>
            <Ref id="ITC31" xmlns="" />
          </Parent>
        </Code>
        <Code id="008016" urn="urn:sdmx:org.sdmx.infomodel.codelist.Code=IT1:CL_REFAREA(1.2).008016">
          <Name xml:lang="it" xmlns="http://www.sdmx.org/resources/sdmxml/schemas/v2_1/common">Ceriana</Name>
          <Name xml:lang="en" xmlns="http://www.sdmx.org/resources/sdmxml/schemas/v2_1/common">Ceriana</Name>
          <Parent>
            <Ref id="ITC31" xmlns="" />
          </Parent>
        </Code>
        <Code id="008017" urn="urn:sdmx:org.sdmx.infomodel.codelist.Code=IT1:CL_REFAREA(1.2).008017">
          <Name xml:lang="it" xmlns="http://www.sdmx.org/resources/sdmxml/schemas/v2_1/common">Cervo</Name>
          <Name xml:lang="en" xmlns="http://www.sdmx.org/resources/sdmxml/schemas/v2_1/common">Cervo</Name>
          <Parent>
            <Ref id="ITC31" xmlns="" />
          </Parent>
        </Code>
        <Code id="008018" urn="urn:sdmx:org.sdmx.infomodel.codelist.Code=IT1:CL_REFAREA(1.2).008018">
          <Name xml:lang="it" xmlns="http://www.sdmx.org/resources/sdmxml/schemas/v2_1/common">Cesio</Name>
          <Name xml:lang="en" xmlns="http://www.sdmx.org/resources/sdmxml/schemas/v2_1/common">Cesio</Name>
          <Parent>
            <Ref id="ITC31" xmlns="" />
          </Parent>
        </Code>
        <Code id="008019" urn="urn:sdmx:org.sdmx.infomodel.codelist.Code=IT1:CL_REFAREA(1.2).008019">
          <Name xml:lang="it" xmlns="http://www.sdmx.org/resources/sdmxml/schemas/v2_1/common">Chiusanico</Name>
          <Name xml:lang="en" xmlns="http://www.sdmx.org/resources/sdmxml/schemas/v2_1/common">Chiusanico</Name>
          <Parent>
            <Ref id="ITC31" xmlns="" />
          </Parent>
        </Code>
        <Code id="008020" urn="urn:sdmx:org.sdmx.infomodel.codelist.Code=IT1:CL_REFAREA(1.2).008020">
          <Name xml:lang="it" xmlns="http://www.sdmx.org/resources/sdmxml/schemas/v2_1/common">Chiusavecchia</Name>
          <Name xml:lang="en" xmlns="http://www.sdmx.org/resources/sdmxml/schemas/v2_1/common">Chiusavecchia</Name>
          <Parent>
            <Ref id="ITC31" xmlns="" />
          </Parent>
        </Code>
        <Code id="008021" urn="urn:sdmx:org.sdmx.infomodel.codelist.Code=IT1:CL_REFAREA(1.2).008021">
          <Name xml:lang="it" xmlns="http://www.sdmx.org/resources/sdmxml/schemas/v2_1/common">Cipressa</Name>
          <Name xml:lang="en" xmlns="http://www.sdmx.org/resources/sdmxml/schemas/v2_1/common">Cipressa</Name>
          <Parent>
            <Ref id="ITC31" xmlns="" />
          </Parent>
        </Code>
        <Code id="008022" urn="urn:sdmx:org.sdmx.infomodel.codelist.Code=IT1:CL_REFAREA(1.2).008022">
          <Name xml:lang="it" xmlns="http://www.sdmx.org/resources/sdmxml/schemas/v2_1/common">Civezza</Name>
          <Name xml:lang="en" xmlns="http://www.sdmx.org/resources/sdmxml/schemas/v2_1/common">Civezza</Name>
          <Parent>
            <Ref id="ITC31" xmlns="" />
          </Parent>
        </Code>
        <Code id="008023" urn="urn:sdmx:org.sdmx.infomodel.codelist.Code=IT1:CL_REFAREA(1.2).008023">
          <Name xml:lang="it" xmlns="http://www.sdmx.org/resources/sdmxml/schemas/v2_1/common">Cosio d'Arroscia</Name>
          <Name xml:lang="en" xmlns="http://www.sdmx.org/resources/sdmxml/schemas/v2_1/common">Cosio d'Arroscia</Name>
          <Parent>
            <Ref id="ITC31" xmlns="" />
          </Parent>
        </Code>
        <Code id="008024" urn="urn:sdmx:org.sdmx.infomodel.codelist.Code=IT1:CL_REFAREA(1.2).008024">
          <Name xml:lang="it" xmlns="http://www.sdmx.org/resources/sdmxml/schemas/v2_1/common">Costarainera</Name>
          <Name xml:lang="en" xmlns="http://www.sdmx.org/resources/sdmxml/schemas/v2_1/common">Costarainera</Name>
          <Parent>
            <Ref id="ITC31" xmlns="" />
          </Parent>
        </Code>
        <Code id="008025" urn="urn:sdmx:org.sdmx.infomodel.codelist.Code=IT1:CL_REFAREA(1.2).008025">
          <Name xml:lang="it" xmlns="http://www.sdmx.org/resources/sdmxml/schemas/v2_1/common">Diano Arentino</Name>
          <Name xml:lang="en" xmlns="http://www.sdmx.org/resources/sdmxml/schemas/v2_1/common">Diano Arentino</Name>
          <Parent>
            <Ref id="ITC31" xmlns="" />
          </Parent>
        </Code>
        <Code id="008026" urn="urn:sdmx:org.sdmx.infomodel.codelist.Code=IT1:CL_REFAREA(1.2).008026">
          <Name xml:lang="it" xmlns="http://www.sdmx.org/resources/sdmxml/schemas/v2_1/common">Diano Castello</Name>
          <Name xml:lang="en" xmlns="http://www.sdmx.org/resources/sdmxml/schemas/v2_1/common">Diano Castello</Name>
          <Parent>
            <Ref id="ITC31" xmlns="" />
          </Parent>
        </Code>
        <Code id="008027" urn="urn:sdmx:org.sdmx.infomodel.codelist.Code=IT1:CL_REFAREA(1.2).008027">
          <Name xml:lang="it" xmlns="http://www.sdmx.org/resources/sdmxml/schemas/v2_1/common">Diano Marina</Name>
          <Name xml:lang="en" xmlns="http://www.sdmx.org/resources/sdmxml/schemas/v2_1/common">Diano Marina</Name>
          <Parent>
            <Ref id="ITC31" xmlns="" />
          </Parent>
        </Code>
        <Code id="008028" urn="urn:sdmx:org.sdmx.infomodel.codelist.Code=IT1:CL_REFAREA(1.2).008028">
          <Name xml:lang="it" xmlns="http://www.sdmx.org/resources/sdmxml/schemas/v2_1/common">Diano San Pietro</Name>
          <Name xml:lang="en" xmlns="http://www.sdmx.org/resources/sdmxml/schemas/v2_1/common">Diano San Pietro</Name>
          <Parent>
            <Ref id="ITC31" xmlns="" />
          </Parent>
        </Code>
        <Code id="008029" urn="urn:sdmx:org.sdmx.infomodel.codelist.Code=IT1:CL_REFAREA(1.2).008029">
          <Name xml:lang="it" xmlns="http://www.sdmx.org/resources/sdmxml/schemas/v2_1/common">Dolceacqua</Name>
          <Name xml:lang="en" xmlns="http://www.sdmx.org/resources/sdmxml/schemas/v2_1/common">Dolceacqua</Name>
          <Parent>
            <Ref id="ITC31" xmlns="" />
          </Parent>
        </Code>
        <Code id="008030" urn="urn:sdmx:org.sdmx.infomodel.codelist.Code=IT1:CL_REFAREA(1.2).008030">
          <Name xml:lang="it" xmlns="http://www.sdmx.org/resources/sdmxml/schemas/v2_1/common">Dolcedo</Name>
          <Name xml:lang="en" xmlns="http://www.sdmx.org/resources/sdmxml/schemas/v2_1/common">Dolcedo</Name>
          <Parent>
            <Ref id="ITC31" xmlns="" />
          </Parent>
        </Code>
        <Code id="008031" urn="urn:sdmx:org.sdmx.infomodel.codelist.Code=IT1:CL_REFAREA(1.2).008031">
          <Name xml:lang="it" xmlns="http://www.sdmx.org/resources/sdmxml/schemas/v2_1/common">Imperia</Name>
          <Name xml:lang="en" xmlns="http://www.sdmx.org/resources/sdmxml/schemas/v2_1/common">Imperia</Name>
          <Parent>
            <Ref id="ITC31" xmlns="" />
          </Parent>
        </Code>
        <Code id="008032" urn="urn:sdmx:org.sdmx.infomodel.codelist.Code=IT1:CL_REFAREA(1.2).008032">
          <Name xml:lang="it" xmlns="http://www.sdmx.org/resources/sdmxml/schemas/v2_1/common">Isolabona</Name>
          <Name xml:lang="en" xmlns="http://www.sdmx.org/resources/sdmxml/schemas/v2_1/common">Isolabona</Name>
          <Parent>
            <Ref id="ITC31" xmlns="" />
          </Parent>
        </Code>
        <Code id="008033" urn="urn:sdmx:org.sdmx.infomodel.codelist.Code=IT1:CL_REFAREA(1.2).008033">
          <Name xml:lang="it" xmlns="http://www.sdmx.org/resources/sdmxml/schemas/v2_1/common">Lucinasco</Name>
          <Name xml:lang="en" xmlns="http://www.sdmx.org/resources/sdmxml/schemas/v2_1/common">Lucinasco</Name>
          <Parent>
            <Ref id="ITC31" xmlns="" />
          </Parent>
        </Code>
        <Code id="008034" urn="urn:sdmx:org.sdmx.infomodel.codelist.Code=IT1:CL_REFAREA(1.2).008034">
          <Name xml:lang="it" xmlns="http://www.sdmx.org/resources/sdmxml/schemas/v2_1/common">Mendatica</Name>
          <Name xml:lang="en" xmlns="http://www.sdmx.org/resources/sdmxml/schemas/v2_1/common">Mendatica</Name>
          <Parent>
            <Ref id="ITC31" xmlns="" />
          </Parent>
        </Code>
        <Code id="008035" urn="urn:sdmx:org.sdmx.infomodel.codelist.Code=IT1:CL_REFAREA(1.2).008035">
          <Name xml:lang="it" xmlns="http://www.sdmx.org/resources/sdmxml/schemas/v2_1/common">Molini di Triora</Name>
          <Name xml:lang="en" xmlns="http://www.sdmx.org/resources/sdmxml/schemas/v2_1/common">Molini di Triora</Name>
          <Parent>
            <Ref id="ITC31" xmlns="" />
          </Parent>
        </Code>
        <Code id="008036" urn="urn:sdmx:org.sdmx.infomodel.codelist.Code=IT1:CL_REFAREA(1.2).008036">
          <Name xml:lang="it" xmlns="http://www.sdmx.org/resources/sdmxml/schemas/v2_1/common">Montalto Ligure</Name>
          <Name xml:lang="en" xmlns="http://www.sdmx.org/resources/sdmxml/schemas/v2_1/common">Montalto Ligure</Name>
          <Parent>
            <Ref id="ITC31" xmlns="" />
          </Parent>
        </Code>
        <Code id="008037" urn="urn:sdmx:org.sdmx.infomodel.codelist.Code=IT1:CL_REFAREA(1.2).008037">
          <Name xml:lang="it" xmlns="http://www.sdmx.org/resources/sdmxml/schemas/v2_1/common">Montegrosso Pian Latte</Name>
          <Name xml:lang="en" xmlns="http://www.sdmx.org/resources/sdmxml/schemas/v2_1/common">Montegrosso Pian Latte</Name>
          <Parent>
            <Ref id="ITC31" xmlns="" />
          </Parent>
        </Code>
        <Code id="008038" urn="urn:sdmx:org.sdmx.infomodel.codelist.Code=IT1:CL_REFAREA(1.2).008038">
          <Name xml:lang="it" xmlns="http://www.sdmx.org/resources/sdmxml/schemas/v2_1/common">Olivetta San Michele</Name>
          <Name xml:lang="en" xmlns="http://www.sdmx.org/resources/sdmxml/schemas/v2_1/common">Olivetta San Michele</Name>
          <Parent>
            <Ref id="ITC31" xmlns="" />
          </Parent>
        </Code>
        <Code id="008039" urn="urn:sdmx:org.sdmx.infomodel.codelist.Code=IT1:CL_REFAREA(1.2).008039">
          <Name xml:lang="it" xmlns="http://www.sdmx.org/resources/sdmxml/schemas/v2_1/common">Ospedaletti</Name>
          <Name xml:lang="en" xmlns="http://www.sdmx.org/resources/sdmxml/schemas/v2_1/common">Ospedaletti</Name>
          <Parent>
            <Ref id="ITC31" xmlns="" />
          </Parent>
        </Code>
        <Code id="008040" urn="urn:sdmx:org.sdmx.infomodel.codelist.Code=IT1:CL_REFAREA(1.2).008040">
          <Name xml:lang="it" xmlns="http://www.sdmx.org/resources/sdmxml/schemas/v2_1/common">Perinaldo</Name>
          <Name xml:lang="en" xmlns="http://www.sdmx.org/resources/sdmxml/schemas/v2_1/common">Perinaldo</Name>
          <Parent>
            <Ref id="ITC31" xmlns="" />
          </Parent>
        </Code>
        <Code id="008041" urn="urn:sdmx:org.sdmx.infomodel.codelist.Code=IT1:CL_REFAREA(1.2).008041">
          <Name xml:lang="it" xmlns="http://www.sdmx.org/resources/sdmxml/schemas/v2_1/common">Pietrabruna</Name>
          <Name xml:lang="en" xmlns="http://www.sdmx.org/resources/sdmxml/schemas/v2_1/common">Pietrabruna</Name>
          <Parent>
            <Ref id="ITC31" xmlns="" />
          </Parent>
        </Code>
        <Code id="008042" urn="urn:sdmx:org.sdmx.infomodel.codelist.Code=IT1:CL_REFAREA(1.2).008042">
          <Name xml:lang="it" xmlns="http://www.sdmx.org/resources/sdmxml/schemas/v2_1/common">Pieve di Teco</Name>
          <Name xml:lang="en" xmlns="http://www.sdmx.org/resources/sdmxml/schemas/v2_1/common">Pieve di Teco</Name>
          <Parent>
            <Ref id="ITC31" xmlns="" />
          </Parent>
        </Code>
        <Code id="008043" urn="urn:sdmx:org.sdmx.infomodel.codelist.Code=IT1:CL_REFAREA(1.2).008043">
          <Name xml:lang="it" xmlns="http://www.sdmx.org/resources/sdmxml/schemas/v2_1/common">Pigna</Name>
          <Name xml:lang="en" xmlns="http://www.sdmx.org/resources/sdmxml/schemas/v2_1/common">Pigna</Name>
          <Parent>
            <Ref id="ITC31" xmlns="" />
          </Parent>
        </Code>
        <Code id="008044" urn="urn:sdmx:org.sdmx.infomodel.codelist.Code=IT1:CL_REFAREA(1.2).008044">
          <Name xml:lang="it" xmlns="http://www.sdmx.org/resources/sdmxml/schemas/v2_1/common">Pompeiana</Name>
          <Name xml:lang="en" xmlns="http://www.sdmx.org/resources/sdmxml/schemas/v2_1/common">Pompeiana</Name>
          <Parent>
            <Ref id="ITC31" xmlns="" />
          </Parent>
        </Code>
        <Code id="008045" urn="urn:sdmx:org.sdmx.infomodel.codelist.Code=IT1:CL_REFAREA(1.2).008045">
          <Name xml:lang="it" xmlns="http://www.sdmx.org/resources/sdmxml/schemas/v2_1/common">Pontedassio</Name>
          <Name xml:lang="en" xmlns="http://www.sdmx.org/resources/sdmxml/schemas/v2_1/common">Pontedassio</Name>
          <Parent>
            <Ref id="ITC31" xmlns="" />
          </Parent>
        </Code>
        <Code id="008046" urn="urn:sdmx:org.sdmx.infomodel.codelist.Code=IT1:CL_REFAREA(1.2).008046">
          <Name xml:lang="it" xmlns="http://www.sdmx.org/resources/sdmxml/schemas/v2_1/common">Pornassio</Name>
          <Name xml:lang="en" xmlns="http://www.sdmx.org/resources/sdmxml/schemas/v2_1/common">Pornassio</Name>
          <Parent>
            <Ref id="ITC31" xmlns="" />
          </Parent>
        </Code>
        <Code id="008047" urn="urn:sdmx:org.sdmx.infomodel.codelist.Code=IT1:CL_REFAREA(1.2).008047">
          <Name xml:lang="it" xmlns="http://www.sdmx.org/resources/sdmxml/schemas/v2_1/common">Prelà</Name>
          <Name xml:lang="en" xmlns="http://www.sdmx.org/resources/sdmxml/schemas/v2_1/common">Prelà</Name>
          <Parent>
            <Ref id="ITC31" xmlns="" />
          </Parent>
        </Code>
        <Code id="008048" urn="urn:sdmx:org.sdmx.infomodel.codelist.Code=IT1:CL_REFAREA(1.2).008048">
          <Name xml:lang="it" xmlns="http://www.sdmx.org/resources/sdmxml/schemas/v2_1/common">Ranzo</Name>
          <Name xml:lang="en" xmlns="http://www.sdmx.org/resources/sdmxml/schemas/v2_1/common">Ranzo</Name>
          <Parent>
            <Ref id="ITC31" xmlns="" />
          </Parent>
        </Code>
        <Code id="008049" urn="urn:sdmx:org.sdmx.infomodel.codelist.Code=IT1:CL_REFAREA(1.2).008049">
          <Name xml:lang="it" xmlns="http://www.sdmx.org/resources/sdmxml/schemas/v2_1/common">Rezzo</Name>
          <Name xml:lang="en" xmlns="http://www.sdmx.org/resources/sdmxml/schemas/v2_1/common">Rezzo</Name>
          <Parent>
            <Ref id="ITC31" xmlns="" />
          </Parent>
        </Code>
        <Code id="008050" urn="urn:sdmx:org.sdmx.infomodel.codelist.Code=IT1:CL_REFAREA(1.2).008050">
          <Name xml:lang="it" xmlns="http://www.sdmx.org/resources/sdmxml/schemas/v2_1/common">Riva Ligure</Name>
          <Name xml:lang="en" xmlns="http://www.sdmx.org/resources/sdmxml/schemas/v2_1/common">Riva Ligure</Name>
          <Parent>
            <Ref id="ITC31" xmlns="" />
          </Parent>
        </Code>
        <Code id="008051" urn="urn:sdmx:org.sdmx.infomodel.codelist.Code=IT1:CL_REFAREA(1.2).008051">
          <Name xml:lang="it" xmlns="http://www.sdmx.org/resources/sdmxml/schemas/v2_1/common">Rocchetta Nervina</Name>
          <Name xml:lang="en" xmlns="http://www.sdmx.org/resources/sdmxml/schemas/v2_1/common">Rocchetta Nervina</Name>
          <Parent>
            <Ref id="ITC31" xmlns="" />
          </Parent>
        </Code>
        <Code id="008052" urn="urn:sdmx:org.sdmx.infomodel.codelist.Code=IT1:CL_REFAREA(1.2).008052">
          <Name xml:lang="it" xmlns="http://www.sdmx.org/resources/sdmxml/schemas/v2_1/common">San Bartolomeo al Mare</Name>
          <Name xml:lang="en" xmlns="http://www.sdmx.org/resources/sdmxml/schemas/v2_1/common">San Bartolomeo al Mare</Name>
          <Parent>
            <Ref id="ITC31" xmlns="" />
          </Parent>
        </Code>
        <Code id="008053" urn="urn:sdmx:org.sdmx.infomodel.codelist.Code=IT1:CL_REFAREA(1.2).008053">
          <Name xml:lang="it" xmlns="http://www.sdmx.org/resources/sdmxml/schemas/v2_1/common">San Biagio della Cima</Name>
          <Name xml:lang="en" xmlns="http://www.sdmx.org/resources/sdmxml/schemas/v2_1/common">San Biagio della Cima</Name>
          <Parent>
            <Ref id="ITC31" xmlns="" />
          </Parent>
        </Code>
        <Code id="008054" urn="urn:sdmx:org.sdmx.infomodel.codelist.Code=IT1:CL_REFAREA(1.2).008054">
          <Name xml:lang="it" xmlns="http://www.sdmx.org/resources/sdmxml/schemas/v2_1/common">San Lorenzo al Mare</Name>
          <Name xml:lang="en" xmlns="http://www.sdmx.org/resources/sdmxml/schemas/v2_1/common">San Lorenzo al Mare</Name>
          <Parent>
            <Ref id="ITC31" xmlns="" />
          </Parent>
        </Code>
        <Code id="008055" urn="urn:sdmx:org.sdmx.infomodel.codelist.Code=IT1:CL_REFAREA(1.2).008055">
          <Name xml:lang="it" xmlns="http://www.sdmx.org/resources/sdmxml/schemas/v2_1/common">Sanremo</Name>
          <Name xml:lang="en" xmlns="http://www.sdmx.org/resources/sdmxml/schemas/v2_1/common">Sanremo</Name>
          <Parent>
            <Ref id="ITC31" xmlns="" />
          </Parent>
        </Code>
        <Code id="008056" urn="urn:sdmx:org.sdmx.infomodel.codelist.Code=IT1:CL_REFAREA(1.2).008056">
          <Name xml:lang="it" xmlns="http://www.sdmx.org/resources/sdmxml/schemas/v2_1/common">Santo Stefano al Mare</Name>
          <Name xml:lang="en" xmlns="http://www.sdmx.org/resources/sdmxml/schemas/v2_1/common">Santo Stefano al Mare</Name>
          <Parent>
            <Ref id="ITC31" xmlns="" />
          </Parent>
        </Code>
        <Code id="008057" urn="urn:sdmx:org.sdmx.infomodel.codelist.Code=IT1:CL_REFAREA(1.2).008057">
          <Name xml:lang="it" xmlns="http://www.sdmx.org/resources/sdmxml/schemas/v2_1/common">Seborga</Name>
          <Name xml:lang="en" xmlns="http://www.sdmx.org/resources/sdmxml/schemas/v2_1/common">Seborga</Name>
          <Parent>
            <Ref id="ITC31" xmlns="" />
          </Parent>
        </Code>
        <Code id="008058" urn="urn:sdmx:org.sdmx.infomodel.codelist.Code=IT1:CL_REFAREA(1.2).008058">
          <Name xml:lang="it" xmlns="http://www.sdmx.org/resources/sdmxml/schemas/v2_1/common">Soldano</Name>
          <Name xml:lang="en" xmlns="http://www.sdmx.org/resources/sdmxml/schemas/v2_1/common">Soldano</Name>
          <Parent>
            <Ref id="ITC31" xmlns="" />
          </Parent>
        </Code>
        <Code id="008059" urn="urn:sdmx:org.sdmx.infomodel.codelist.Code=IT1:CL_REFAREA(1.2).008059">
          <Name xml:lang="it" xmlns="http://www.sdmx.org/resources/sdmxml/schemas/v2_1/common">Taggia</Name>
          <Name xml:lang="en" xmlns="http://www.sdmx.org/resources/sdmxml/schemas/v2_1/common">Taggia</Name>
          <Parent>
            <Ref id="ITC31" xmlns="" />
          </Parent>
        </Code>
        <Code id="008060" urn="urn:sdmx:org.sdmx.infomodel.codelist.Code=IT1:CL_REFAREA(1.2).008060">
          <Name xml:lang="it" xmlns="http://www.sdmx.org/resources/sdmxml/schemas/v2_1/common">Terzorio</Name>
          <Name xml:lang="en" xmlns="http://www.sdmx.org/resources/sdmxml/schemas/v2_1/common">Terzorio</Name>
          <Parent>
            <Ref id="ITC31" xmlns="" />
          </Parent>
        </Code>
        <Code id="008061" urn="urn:sdmx:org.sdmx.infomodel.codelist.Code=IT1:CL_REFAREA(1.2).008061">
          <Name xml:lang="it" xmlns="http://www.sdmx.org/resources/sdmxml/schemas/v2_1/common">Triora</Name>
          <Name xml:lang="en" xmlns="http://www.sdmx.org/resources/sdmxml/schemas/v2_1/common">Triora</Name>
          <Parent>
            <Ref id="ITC31" xmlns="" />
          </Parent>
        </Code>
        <Code id="008062" urn="urn:sdmx:org.sdmx.infomodel.codelist.Code=IT1:CL_REFAREA(1.2).008062">
          <Name xml:lang="it" xmlns="http://www.sdmx.org/resources/sdmxml/schemas/v2_1/common">Vallebona</Name>
          <Name xml:lang="en" xmlns="http://www.sdmx.org/resources/sdmxml/schemas/v2_1/common">Vallebona</Name>
          <Parent>
            <Ref id="ITC31" xmlns="" />
          </Parent>
        </Code>
        <Code id="008063" urn="urn:sdmx:org.sdmx.infomodel.codelist.Code=IT1:CL_REFAREA(1.2).008063">
          <Name xml:lang="it" xmlns="http://www.sdmx.org/resources/sdmxml/schemas/v2_1/common">Vallecrosia</Name>
          <Name xml:lang="en" xmlns="http://www.sdmx.org/resources/sdmxml/schemas/v2_1/common">Vallecrosia</Name>
          <Parent>
            <Ref id="ITC31" xmlns="" />
          </Parent>
        </Code>
        <Code id="008064" urn="urn:sdmx:org.sdmx.infomodel.codelist.Code=IT1:CL_REFAREA(1.2).008064">
          <Name xml:lang="it" xmlns="http://www.sdmx.org/resources/sdmxml/schemas/v2_1/common">Vasia</Name>
          <Name xml:lang="en" xmlns="http://www.sdmx.org/resources/sdmxml/schemas/v2_1/common">Vasia</Name>
          <Parent>
            <Ref id="ITC31" xmlns="" />
          </Parent>
        </Code>
        <Code id="008065" urn="urn:sdmx:org.sdmx.infomodel.codelist.Code=IT1:CL_REFAREA(1.2).008065">
          <Name xml:lang="it" xmlns="http://www.sdmx.org/resources/sdmxml/schemas/v2_1/common">Ventimiglia</Name>
          <Name xml:lang="en" xmlns="http://www.sdmx.org/resources/sdmxml/schemas/v2_1/common">Ventimiglia</Name>
          <Parent>
            <Ref id="ITC31" xmlns="" />
          </Parent>
        </Code>
        <Code id="008066" urn="urn:sdmx:org.sdmx.infomodel.codelist.Code=IT1:CL_REFAREA(1.2).008066">
          <Name xml:lang="it" xmlns="http://www.sdmx.org/resources/sdmxml/schemas/v2_1/common">Vessalico</Name>
          <Name xml:lang="en" xmlns="http://www.sdmx.org/resources/sdmxml/schemas/v2_1/common">Vessalico</Name>
          <Parent>
            <Ref id="ITC31" xmlns="" />
          </Parent>
        </Code>
        <Code id="008067" urn="urn:sdmx:org.sdmx.infomodel.codelist.Code=IT1:CL_REFAREA(1.2).008067">
          <Name xml:lang="it" xmlns="http://www.sdmx.org/resources/sdmxml/schemas/v2_1/common">Villa Faraldi</Name>
          <Name xml:lang="en" xmlns="http://www.sdmx.org/resources/sdmxml/schemas/v2_1/common">Villa Faraldi</Name>
          <Parent>
            <Ref id="ITC31" xmlns="" />
          </Parent>
        </Code>
        <Code id="009001" urn="urn:sdmx:org.sdmx.infomodel.codelist.Code=IT1:CL_REFAREA(1.2).009001">
          <Name xml:lang="it" xmlns="http://www.sdmx.org/resources/sdmxml/schemas/v2_1/common">Alassio</Name>
          <Name xml:lang="en" xmlns="http://www.sdmx.org/resources/sdmxml/schemas/v2_1/common">Alassio</Name>
          <Parent>
            <Ref id="ITC32" xmlns="" />
          </Parent>
        </Code>
        <Code id="009002" urn="urn:sdmx:org.sdmx.infomodel.codelist.Code=IT1:CL_REFAREA(1.2).009002">
          <Name xml:lang="it" xmlns="http://www.sdmx.org/resources/sdmxml/schemas/v2_1/common">Albenga</Name>
          <Name xml:lang="en" xmlns="http://www.sdmx.org/resources/sdmxml/schemas/v2_1/common">Albenga</Name>
          <Parent>
            <Ref id="ITC32" xmlns="" />
          </Parent>
        </Code>
        <Code id="009003" urn="urn:sdmx:org.sdmx.infomodel.codelist.Code=IT1:CL_REFAREA(1.2).009003">
          <Name xml:lang="it" xmlns="http://www.sdmx.org/resources/sdmxml/schemas/v2_1/common">Albissola Marina</Name>
          <Name xml:lang="en" xmlns="http://www.sdmx.org/resources/sdmxml/schemas/v2_1/common">Albissola Marina</Name>
          <Parent>
            <Ref id="ITC32" xmlns="" />
          </Parent>
        </Code>
        <Code id="009004" urn="urn:sdmx:org.sdmx.infomodel.codelist.Code=IT1:CL_REFAREA(1.2).009004">
          <Name xml:lang="it" xmlns="http://www.sdmx.org/resources/sdmxml/schemas/v2_1/common">Albisola Superiore</Name>
          <Name xml:lang="en" xmlns="http://www.sdmx.org/resources/sdmxml/schemas/v2_1/common">Albisola Superiore</Name>
          <Parent>
            <Ref id="ITC32" xmlns="" />
          </Parent>
        </Code>
        <Code id="009005" urn="urn:sdmx:org.sdmx.infomodel.codelist.Code=IT1:CL_REFAREA(1.2).009005">
          <Name xml:lang="it" xmlns="http://www.sdmx.org/resources/sdmxml/schemas/v2_1/common">Altare</Name>
          <Name xml:lang="en" xmlns="http://www.sdmx.org/resources/sdmxml/schemas/v2_1/common">Altare</Name>
          <Parent>
            <Ref id="ITC32" xmlns="" />
          </Parent>
        </Code>
        <Code id="009006" urn="urn:sdmx:org.sdmx.infomodel.codelist.Code=IT1:CL_REFAREA(1.2).009006">
          <Name xml:lang="it" xmlns="http://www.sdmx.org/resources/sdmxml/schemas/v2_1/common">Andora</Name>
          <Name xml:lang="en" xmlns="http://www.sdmx.org/resources/sdmxml/schemas/v2_1/common">Andora</Name>
          <Parent>
            <Ref id="ITC32" xmlns="" />
          </Parent>
        </Code>
        <Code id="009007" urn="urn:sdmx:org.sdmx.infomodel.codelist.Code=IT1:CL_REFAREA(1.2).009007">
          <Name xml:lang="it" xmlns="http://www.sdmx.org/resources/sdmxml/schemas/v2_1/common">Arnasco</Name>
          <Name xml:lang="en" xmlns="http://www.sdmx.org/resources/sdmxml/schemas/v2_1/common">Arnasco</Name>
          <Parent>
            <Ref id="ITC32" xmlns="" />
          </Parent>
        </Code>
        <Code id="009008" urn="urn:sdmx:org.sdmx.infomodel.codelist.Code=IT1:CL_REFAREA(1.2).009008">
          <Name xml:lang="it" xmlns="http://www.sdmx.org/resources/sdmxml/schemas/v2_1/common">Balestrino</Name>
          <Name xml:lang="en" xmlns="http://www.sdmx.org/resources/sdmxml/schemas/v2_1/common">Balestrino</Name>
          <Parent>
            <Ref id="ITC32" xmlns="" />
          </Parent>
        </Code>
        <Code id="009009" urn="urn:sdmx:org.sdmx.infomodel.codelist.Code=IT1:CL_REFAREA(1.2).009009">
          <Name xml:lang="it" xmlns="http://www.sdmx.org/resources/sdmxml/schemas/v2_1/common">Bardineto</Name>
          <Name xml:lang="en" xmlns="http://www.sdmx.org/resources/sdmxml/schemas/v2_1/common">Bardineto</Name>
          <Parent>
            <Ref id="ITC32" xmlns="" />
          </Parent>
        </Code>
        <Code id="009010" urn="urn:sdmx:org.sdmx.infomodel.codelist.Code=IT1:CL_REFAREA(1.2).009010">
          <Name xml:lang="it" xmlns="http://www.sdmx.org/resources/sdmxml/schemas/v2_1/common">Bergeggi</Name>
          <Name xml:lang="en" xmlns="http://www.sdmx.org/resources/sdmxml/schemas/v2_1/common">Bergeggi</Name>
          <Parent>
            <Ref id="ITC32" xmlns="" />
          </Parent>
        </Code>
        <Code id="009011" urn="urn:sdmx:org.sdmx.infomodel.codelist.Code=IT1:CL_REFAREA(1.2).009011">
          <Name xml:lang="it" xmlns="http://www.sdmx.org/resources/sdmxml/schemas/v2_1/common">Boissano</Name>
          <Name xml:lang="en" xmlns="http://www.sdmx.org/resources/sdmxml/schemas/v2_1/common">Boissano</Name>
          <Parent>
            <Ref id="ITC32" xmlns="" />
          </Parent>
        </Code>
        <Code id="009012" urn="urn:sdmx:org.sdmx.infomodel.codelist.Code=IT1:CL_REFAREA(1.2).009012">
          <Name xml:lang="it" xmlns="http://www.sdmx.org/resources/sdmxml/schemas/v2_1/common">Borghetto Santo Spirito</Name>
          <Name xml:lang="en" xmlns="http://www.sdmx.org/resources/sdmxml/schemas/v2_1/common">Borghetto Santo Spirito</Name>
          <Parent>
            <Ref id="ITC32" xmlns="" />
          </Parent>
        </Code>
        <Code id="009013" urn="urn:sdmx:org.sdmx.infomodel.codelist.Code=IT1:CL_REFAREA(1.2).009013">
          <Name xml:lang="it" xmlns="http://www.sdmx.org/resources/sdmxml/schemas/v2_1/common">Borgio Verezzi</Name>
          <Name xml:lang="en" xmlns="http://www.sdmx.org/resources/sdmxml/schemas/v2_1/common">Borgio Verezzi</Name>
          <Parent>
            <Ref id="ITC32" xmlns="" />
          </Parent>
        </Code>
        <Code id="009014" urn="urn:sdmx:org.sdmx.infomodel.codelist.Code=IT1:CL_REFAREA(1.2).009014">
          <Name xml:lang="it" xmlns="http://www.sdmx.org/resources/sdmxml/schemas/v2_1/common">Bormida</Name>
          <Name xml:lang="en" xmlns="http://www.sdmx.org/resources/sdmxml/schemas/v2_1/common">Bormida</Name>
          <Parent>
            <Ref id="ITC32" xmlns="" />
          </Parent>
        </Code>
        <Code id="009015" urn="urn:sdmx:org.sdmx.infomodel.codelist.Code=IT1:CL_REFAREA(1.2).009015">
          <Name xml:lang="it" xmlns="http://www.sdmx.org/resources/sdmxml/schemas/v2_1/common">Cairo Montenotte</Name>
          <Name xml:lang="en" xmlns="http://www.sdmx.org/resources/sdmxml/schemas/v2_1/common">Cairo Montenotte</Name>
          <Parent>
            <Ref id="ITC32" xmlns="" />
          </Parent>
        </Code>
        <Code id="009016" urn="urn:sdmx:org.sdmx.infomodel.codelist.Code=IT1:CL_REFAREA(1.2).009016">
          <Name xml:lang="it" xmlns="http://www.sdmx.org/resources/sdmxml/schemas/v2_1/common">Calice Ligure</Name>
          <Name xml:lang="en" xmlns="http://www.sdmx.org/resources/sdmxml/schemas/v2_1/common">Calice Ligure</Name>
          <Parent>
            <Ref id="ITC32" xmlns="" />
          </Parent>
        </Code>
        <Code id="009017" urn="urn:sdmx:org.sdmx.infomodel.codelist.Code=IT1:CL_REFAREA(1.2).009017">
          <Name xml:lang="it" xmlns="http://www.sdmx.org/resources/sdmxml/schemas/v2_1/common">Calizzano</Name>
          <Name xml:lang="en" xmlns="http://www.sdmx.org/resources/sdmxml/schemas/v2_1/common">Calizzano</Name>
          <Parent>
            <Ref id="ITC32" xmlns="" />
          </Parent>
        </Code>
        <Code id="009018" urn="urn:sdmx:org.sdmx.infomodel.codelist.Code=IT1:CL_REFAREA(1.2).009018">
          <Name xml:lang="it" xmlns="http://www.sdmx.org/resources/sdmxml/schemas/v2_1/common">Carcare</Name>
          <Name xml:lang="en" xmlns="http://www.sdmx.org/resources/sdmxml/schemas/v2_1/common">Carcare</Name>
          <Parent>
            <Ref id="ITC32" xmlns="" />
          </Parent>
        </Code>
        <Code id="009019" urn="urn:sdmx:org.sdmx.infomodel.codelist.Code=IT1:CL_REFAREA(1.2).009019">
          <Name xml:lang="it" xmlns="http://www.sdmx.org/resources/sdmxml/schemas/v2_1/common">Casanova Lerrone</Name>
          <Name xml:lang="en" xmlns="http://www.sdmx.org/resources/sdmxml/schemas/v2_1/common">Casanova Lerrone</Name>
          <Parent>
            <Ref id="ITC32" xmlns="" />
          </Parent>
        </Code>
        <Code id="009020" urn="urn:sdmx:org.sdmx.infomodel.codelist.Code=IT1:CL_REFAREA(1.2).009020">
          <Name xml:lang="it" xmlns="http://www.sdmx.org/resources/sdmxml/schemas/v2_1/common">Castelbianco</Name>
          <Name xml:lang="en" xmlns="http://www.sdmx.org/resources/sdmxml/schemas/v2_1/common">Castelbianco</Name>
          <Parent>
            <Ref id="ITC32" xmlns="" />
          </Parent>
        </Code>
        <Code id="009021" urn="urn:sdmx:org.sdmx.infomodel.codelist.Code=IT1:CL_REFAREA(1.2).009021">
          <Name xml:lang="it" xmlns="http://www.sdmx.org/resources/sdmxml/schemas/v2_1/common">Castelvecchio di Rocca Barbena</Name>
          <Name xml:lang="en" xmlns="http://www.sdmx.org/resources/sdmxml/schemas/v2_1/common">Castelvecchio di Rocca Barbena</Name>
          <Parent>
            <Ref id="ITC32" xmlns="" />
          </Parent>
        </Code>
        <Code id="009022" urn="urn:sdmx:org.sdmx.infomodel.codelist.Code=IT1:CL_REFAREA(1.2).009022">
          <Name xml:lang="it" xmlns="http://www.sdmx.org/resources/sdmxml/schemas/v2_1/common">Celle Ligure</Name>
          <Name xml:lang="en" xmlns="http://www.sdmx.org/resources/sdmxml/schemas/v2_1/common">Celle Ligure</Name>
          <Parent>
            <Ref id="ITC32" xmlns="" />
          </Parent>
        </Code>
        <Code id="009023" urn="urn:sdmx:org.sdmx.infomodel.codelist.Code=IT1:CL_REFAREA(1.2).009023">
          <Name xml:lang="it" xmlns="http://www.sdmx.org/resources/sdmxml/schemas/v2_1/common">Cengio</Name>
          <Name xml:lang="en" xmlns="http://www.sdmx.org/resources/sdmxml/schemas/v2_1/common">Cengio</Name>
          <Parent>
            <Ref id="ITC32" xmlns="" />
          </Parent>
        </Code>
        <Code id="009024" urn="urn:sdmx:org.sdmx.infomodel.codelist.Code=IT1:CL_REFAREA(1.2).009024">
          <Name xml:lang="it" xmlns="http://www.sdmx.org/resources/sdmxml/schemas/v2_1/common">Ceriale</Name>
          <Name xml:lang="en" xmlns="http://www.sdmx.org/resources/sdmxml/schemas/v2_1/common">Ceriale</Name>
          <Parent>
            <Ref id="ITC32" xmlns="" />
          </Parent>
        </Code>
        <Code id="009025" urn="urn:sdmx:org.sdmx.infomodel.codelist.Code=IT1:CL_REFAREA(1.2).009025">
          <Name xml:lang="it" xmlns="http://www.sdmx.org/resources/sdmxml/schemas/v2_1/common">Cisano sul Neva</Name>
          <Name xml:lang="en" xmlns="http://www.sdmx.org/resources/sdmxml/schemas/v2_1/common">Cisano sul Neva</Name>
          <Parent>
            <Ref id="ITC32" xmlns="" />
          </Parent>
        </Code>
        <Code id="009026" urn="urn:sdmx:org.sdmx.infomodel.codelist.Code=IT1:CL_REFAREA(1.2).009026">
          <Name xml:lang="it" xmlns="http://www.sdmx.org/resources/sdmxml/schemas/v2_1/common">Cosseria</Name>
          <Name xml:lang="en" xmlns="http://www.sdmx.org/resources/sdmxml/schemas/v2_1/common">Cosseria</Name>
          <Parent>
            <Ref id="ITC32" xmlns="" />
          </Parent>
        </Code>
        <Code id="009027" urn="urn:sdmx:org.sdmx.infomodel.codelist.Code=IT1:CL_REFAREA(1.2).009027">
          <Name xml:lang="it" xmlns="http://www.sdmx.org/resources/sdmxml/schemas/v2_1/common">Dego</Name>
          <Name xml:lang="en" xmlns="http://www.sdmx.org/resources/sdmxml/schemas/v2_1/common">Dego</Name>
          <Parent>
            <Ref id="ITC32" xmlns="" />
          </Parent>
        </Code>
        <Code id="009028" urn="urn:sdmx:org.sdmx.infomodel.codelist.Code=IT1:CL_REFAREA(1.2).009028">
          <Name xml:lang="it" xmlns="http://www.sdmx.org/resources/sdmxml/schemas/v2_1/common">Erli</Name>
          <Name xml:lang="en" xmlns="http://www.sdmx.org/resources/sdmxml/schemas/v2_1/common">Erli</Name>
          <Parent>
            <Ref id="ITC32" xmlns="" />
          </Parent>
        </Code>
        <Code id="009029" urn="urn:sdmx:org.sdmx.infomodel.codelist.Code=IT1:CL_REFAREA(1.2).009029">
          <Name xml:lang="it" xmlns="http://www.sdmx.org/resources/sdmxml/schemas/v2_1/common">Finale Ligure</Name>
          <Name xml:lang="en" xmlns="http://www.sdmx.org/resources/sdmxml/schemas/v2_1/common">Finale Ligure</Name>
          <Parent>
            <Ref id="ITC32" xmlns="" />
          </Parent>
        </Code>
        <Code id="009030" urn="urn:sdmx:org.sdmx.infomodel.codelist.Code=IT1:CL_REFAREA(1.2).009030">
          <Name xml:lang="it" xmlns="http://www.sdmx.org/resources/sdmxml/schemas/v2_1/common">Garlenda</Name>
          <Name xml:lang="en" xmlns="http://www.sdmx.org/resources/sdmxml/schemas/v2_1/common">Garlenda</Name>
          <Parent>
            <Ref id="ITC32" xmlns="" />
          </Parent>
        </Code>
        <Code id="009031" urn="urn:sdmx:org.sdmx.infomodel.codelist.Code=IT1:CL_REFAREA(1.2).009031">
          <Name xml:lang="it" xmlns="http://www.sdmx.org/resources/sdmxml/schemas/v2_1/common">Giustenice</Name>
          <Name xml:lang="en" xmlns="http://www.sdmx.org/resources/sdmxml/schemas/v2_1/common">Giustenice</Name>
          <Parent>
            <Ref id="ITC32" xmlns="" />
          </Parent>
        </Code>
        <Code id="009032" urn="urn:sdmx:org.sdmx.infomodel.codelist.Code=IT1:CL_REFAREA(1.2).009032">
          <Name xml:lang="it" xmlns="http://www.sdmx.org/resources/sdmxml/schemas/v2_1/common">Giusvalla</Name>
          <Name xml:lang="en" xmlns="http://www.sdmx.org/resources/sdmxml/schemas/v2_1/common">Giusvalla</Name>
          <Parent>
            <Ref id="ITC32" xmlns="" />
          </Parent>
        </Code>
        <Code id="009033" urn="urn:sdmx:org.sdmx.infomodel.codelist.Code=IT1:CL_REFAREA(1.2).009033">
          <Name xml:lang="it" xmlns="http://www.sdmx.org/resources/sdmxml/schemas/v2_1/common">Laigueglia</Name>
          <Name xml:lang="en" xmlns="http://www.sdmx.org/resources/sdmxml/schemas/v2_1/common">Laigueglia</Name>
          <Parent>
            <Ref id="ITC32" xmlns="" />
          </Parent>
        </Code>
        <Code id="009034" urn="urn:sdmx:org.sdmx.infomodel.codelist.Code=IT1:CL_REFAREA(1.2).009034">
          <Name xml:lang="it" xmlns="http://www.sdmx.org/resources/sdmxml/schemas/v2_1/common">Loano</Name>
          <Name xml:lang="en" xmlns="http://www.sdmx.org/resources/sdmxml/schemas/v2_1/common">Loano</Name>
          <Parent>
            <Ref id="ITC32" xmlns="" />
          </Parent>
        </Code>
        <Code id="009035" urn="urn:sdmx:org.sdmx.infomodel.codelist.Code=IT1:CL_REFAREA(1.2).009035">
          <Name xml:lang="it" xmlns="http://www.sdmx.org/resources/sdmxml/schemas/v2_1/common">Magliolo</Name>
          <Name xml:lang="en" xmlns="http://www.sdmx.org/resources/sdmxml/schemas/v2_1/common">Magliolo</Name>
          <Parent>
            <Ref id="ITC32" xmlns="" />
          </Parent>
        </Code>
        <Code id="009036" urn="urn:sdmx:org.sdmx.infomodel.codelist.Code=IT1:CL_REFAREA(1.2).009036">
          <Name xml:lang="it" xmlns="http://www.sdmx.org/resources/sdmxml/schemas/v2_1/common">Mallare</Name>
          <Name xml:lang="en" xmlns="http://www.sdmx.org/resources/sdmxml/schemas/v2_1/common">Mallare</Name>
          <Parent>
            <Ref id="ITC32" xmlns="" />
          </Parent>
        </Code>
        <Code id="009037" urn="urn:sdmx:org.sdmx.infomodel.codelist.Code=IT1:CL_REFAREA(1.2).009037">
          <Name xml:lang="it" xmlns="http://www.sdmx.org/resources/sdmxml/schemas/v2_1/common">Massimino</Name>
          <Name xml:lang="en" xmlns="http://www.sdmx.org/resources/sdmxml/schemas/v2_1/common">Massimino</Name>
          <Parent>
            <Ref id="ITC32" xmlns="" />
          </Parent>
        </Code>
        <Code id="009038" urn="urn:sdmx:org.sdmx.infomodel.codelist.Code=IT1:CL_REFAREA(1.2).009038">
          <Name xml:lang="it" xmlns="http://www.sdmx.org/resources/sdmxml/schemas/v2_1/common">Millesimo</Name>
          <Name xml:lang="en" xmlns="http://www.sdmx.org/resources/sdmxml/schemas/v2_1/common">Millesimo</Name>
          <Parent>
            <Ref id="ITC32" xmlns="" />
          </Parent>
        </Code>
        <Code id="009039" urn="urn:sdmx:org.sdmx.infomodel.codelist.Code=IT1:CL_REFAREA(1.2).009039">
          <Name xml:lang="it" xmlns="http://www.sdmx.org/resources/sdmxml/schemas/v2_1/common">Mioglia</Name>
          <Name xml:lang="en" xmlns="http://www.sdmx.org/resources/sdmxml/schemas/v2_1/common">Mioglia</Name>
          <Parent>
            <Ref id="ITC32" xmlns="" />
          </Parent>
        </Code>
        <Code id="009040" urn="urn:sdmx:org.sdmx.infomodel.codelist.Code=IT1:CL_REFAREA(1.2).009040">
          <Name xml:lang="it" xmlns="http://www.sdmx.org/resources/sdmxml/schemas/v2_1/common">Murialdo</Name>
          <Name xml:lang="en" xmlns="http://www.sdmx.org/resources/sdmxml/schemas/v2_1/common">Murialdo</Name>
          <Parent>
            <Ref id="ITC32" xmlns="" />
          </Parent>
        </Code>
        <Code id="009041" urn="urn:sdmx:org.sdmx.infomodel.codelist.Code=IT1:CL_REFAREA(1.2).009041">
          <Name xml:lang="it" xmlns="http://www.sdmx.org/resources/sdmxml/schemas/v2_1/common">Nasino</Name>
          <Name xml:lang="en" xmlns="http://www.sdmx.org/resources/sdmxml/schemas/v2_1/common">Nasino</Name>
          <Parent>
            <Ref id="ITC32" xmlns="" />
          </Parent>
        </Code>
        <Code id="009042" urn="urn:sdmx:org.sdmx.infomodel.codelist.Code=IT1:CL_REFAREA(1.2).009042">
          <Name xml:lang="it" xmlns="http://www.sdmx.org/resources/sdmxml/schemas/v2_1/common">Noli</Name>
          <Name xml:lang="en" xmlns="http://www.sdmx.org/resources/sdmxml/schemas/v2_1/common">Noli</Name>
          <Parent>
            <Ref id="ITC32" xmlns="" />
          </Parent>
        </Code>
        <Code id="009043" urn="urn:sdmx:org.sdmx.infomodel.codelist.Code=IT1:CL_REFAREA(1.2).009043">
          <Name xml:lang="it" xmlns="http://www.sdmx.org/resources/sdmxml/schemas/v2_1/common">Onzo</Name>
          <Name xml:lang="en" xmlns="http://www.sdmx.org/resources/sdmxml/schemas/v2_1/common">Onzo</Name>
          <Parent>
            <Ref id="ITC32" xmlns="" />
          </Parent>
        </Code>
        <Code id="009044" urn="urn:sdmx:org.sdmx.infomodel.codelist.Code=IT1:CL_REFAREA(1.2).009044">
          <Name xml:lang="it" xmlns="http://www.sdmx.org/resources/sdmxml/schemas/v2_1/common">Orco Feglino</Name>
          <Name xml:lang="en" xmlns="http://www.sdmx.org/resources/sdmxml/schemas/v2_1/common">Orco Feglino</Name>
          <Parent>
            <Ref id="ITC32" xmlns="" />
          </Parent>
        </Code>
        <Code id="009045" urn="urn:sdmx:org.sdmx.infomodel.codelist.Code=IT1:CL_REFAREA(1.2).009045">
          <Name xml:lang="it" xmlns="http://www.sdmx.org/resources/sdmxml/schemas/v2_1/common">Ortovero</Name>
          <Name xml:lang="en" xmlns="http://www.sdmx.org/resources/sdmxml/schemas/v2_1/common">Ortovero</Name>
          <Parent>
            <Ref id="ITC32" xmlns="" />
          </Parent>
        </Code>
        <Code id="009046" urn="urn:sdmx:org.sdmx.infomodel.codelist.Code=IT1:CL_REFAREA(1.2).009046">
          <Name xml:lang="it" xmlns="http://www.sdmx.org/resources/sdmxml/schemas/v2_1/common">Osiglia</Name>
          <Name xml:lang="en" xmlns="http://www.sdmx.org/resources/sdmxml/schemas/v2_1/common">Osiglia</Name>
          <Parent>
            <Ref id="ITC32" xmlns="" />
          </Parent>
        </Code>
        <Code id="009047" urn="urn:sdmx:org.sdmx.infomodel.codelist.Code=IT1:CL_REFAREA(1.2).009047">
          <Name xml:lang="it" xmlns="http://www.sdmx.org/resources/sdmxml/schemas/v2_1/common">Pallare</Name>
          <Name xml:lang="en" xmlns="http://www.sdmx.org/resources/sdmxml/schemas/v2_1/common">Pallare</Name>
          <Parent>
            <Ref id="ITC32" xmlns="" />
          </Parent>
        </Code>
        <Code id="009048" urn="urn:sdmx:org.sdmx.infomodel.codelist.Code=IT1:CL_REFAREA(1.2).009048">
          <Name xml:lang="it" xmlns="http://www.sdmx.org/resources/sdmxml/schemas/v2_1/common">Piana Crixia</Name>
          <Name xml:lang="en" xmlns="http://www.sdmx.org/resources/sdmxml/schemas/v2_1/common">Piana Crixia</Name>
          <Parent>
            <Ref id="ITC32" xmlns="" />
          </Parent>
        </Code>
        <Code id="009049" urn="urn:sdmx:org.sdmx.infomodel.codelist.Code=IT1:CL_REFAREA(1.2).009049">
          <Name xml:lang="it" xmlns="http://www.sdmx.org/resources/sdmxml/schemas/v2_1/common">Pietra Ligure</Name>
          <Name xml:lang="en" xmlns="http://www.sdmx.org/resources/sdmxml/schemas/v2_1/common">Pietra Ligure</Name>
          <Parent>
            <Ref id="ITC32" xmlns="" />
          </Parent>
        </Code>
        <Code id="009050" urn="urn:sdmx:org.sdmx.infomodel.codelist.Code=IT1:CL_REFAREA(1.2).009050">
          <Name xml:lang="it" xmlns="http://www.sdmx.org/resources/sdmxml/schemas/v2_1/common">Plodio</Name>
          <Name xml:lang="en" xmlns="http://www.sdmx.org/resources/sdmxml/schemas/v2_1/common">Plodio</Name>
          <Parent>
            <Ref id="ITC32" xmlns="" />
          </Parent>
        </Code>
        <Code id="009051" urn="urn:sdmx:org.sdmx.infomodel.codelist.Code=IT1:CL_REFAREA(1.2).009051">
          <Name xml:lang="it" xmlns="http://www.sdmx.org/resources/sdmxml/schemas/v2_1/common">Pontinvrea</Name>
          <Name xml:lang="en" xmlns="http://www.sdmx.org/resources/sdmxml/schemas/v2_1/common">Pontinvrea</Name>
          <Parent>
            <Ref id="ITC32" xmlns="" />
          </Parent>
        </Code>
        <Code id="009052" urn="urn:sdmx:org.sdmx.infomodel.codelist.Code=IT1:CL_REFAREA(1.2).009052">
          <Name xml:lang="it" xmlns="http://www.sdmx.org/resources/sdmxml/schemas/v2_1/common">Quiliano</Name>
          <Name xml:lang="en" xmlns="http://www.sdmx.org/resources/sdmxml/schemas/v2_1/common">Quiliano</Name>
          <Parent>
            <Ref id="ITC32" xmlns="" />
          </Parent>
        </Code>
        <Code id="009053" urn="urn:sdmx:org.sdmx.infomodel.codelist.Code=IT1:CL_REFAREA(1.2).009053">
          <Name xml:lang="it" xmlns="http://www.sdmx.org/resources/sdmxml/schemas/v2_1/common">Rialto</Name>
          <Name xml:lang="en" xmlns="http://www.sdmx.org/resources/sdmxml/schemas/v2_1/common">Rialto</Name>
          <Parent>
            <Ref id="ITC32" xmlns="" />
          </Parent>
        </Code>
        <Code id="009054" urn="urn:sdmx:org.sdmx.infomodel.codelist.Code=IT1:CL_REFAREA(1.2).009054">
          <Name xml:lang="it" xmlns="http://www.sdmx.org/resources/sdmxml/schemas/v2_1/common">Roccavignale</Name>
          <Name xml:lang="en" xmlns="http://www.sdmx.org/resources/sdmxml/schemas/v2_1/common">Roccavignale</Name>
          <Parent>
            <Ref id="ITC32" xmlns="" />
          </Parent>
        </Code>
        <Code id="009055" urn="urn:sdmx:org.sdmx.infomodel.codelist.Code=IT1:CL_REFAREA(1.2).009055">
          <Name xml:lang="it" xmlns="http://www.sdmx.org/resources/sdmxml/schemas/v2_1/common">Sassello</Name>
          <Name xml:lang="en" xmlns="http://www.sdmx.org/resources/sdmxml/schemas/v2_1/common">Sassello</Name>
          <Parent>
            <Ref id="ITC32" xmlns="" />
          </Parent>
        </Code>
        <Code id="009056" urn="urn:sdmx:org.sdmx.infomodel.codelist.Code=IT1:CL_REFAREA(1.2).009056">
          <Name xml:lang="it" xmlns="http://www.sdmx.org/resources/sdmxml/schemas/v2_1/common">Savona</Name>
          <Name xml:lang="en" xmlns="http://www.sdmx.org/resources/sdmxml/schemas/v2_1/common">Savona</Name>
          <Parent>
            <Ref id="ITC32" xmlns="" />
          </Parent>
        </Code>
        <Code id="009057" urn="urn:sdmx:org.sdmx.infomodel.codelist.Code=IT1:CL_REFAREA(1.2).009057">
          <Name xml:lang="it" xmlns="http://www.sdmx.org/resources/sdmxml/schemas/v2_1/common">Spotorno</Name>
          <Name xml:lang="en" xmlns="http://www.sdmx.org/resources/sdmxml/schemas/v2_1/common">Spotorno</Name>
          <Parent>
            <Ref id="ITC32" xmlns="" />
          </Parent>
        </Code>
        <Code id="009058" urn="urn:sdmx:org.sdmx.infomodel.codelist.Code=IT1:CL_REFAREA(1.2).009058">
          <Name xml:lang="it" xmlns="http://www.sdmx.org/resources/sdmxml/schemas/v2_1/common">Stella</Name>
          <Name xml:lang="en" xmlns="http://www.sdmx.org/resources/sdmxml/schemas/v2_1/common">Stella</Name>
          <Parent>
            <Ref id="ITC32" xmlns="" />
          </Parent>
        </Code>
        <Code id="009059" urn="urn:sdmx:org.sdmx.infomodel.codelist.Code=IT1:CL_REFAREA(1.2).009059">
          <Name xml:lang="it" xmlns="http://www.sdmx.org/resources/sdmxml/schemas/v2_1/common">Stellanello</Name>
          <Name xml:lang="en" xmlns="http://www.sdmx.org/resources/sdmxml/schemas/v2_1/common">Stellanello</Name>
          <Parent>
            <Ref id="ITC32" xmlns="" />
          </Parent>
        </Code>
        <Code id="009060" urn="urn:sdmx:org.sdmx.infomodel.codelist.Code=IT1:CL_REFAREA(1.2).009060">
          <Name xml:lang="it" xmlns="http://www.sdmx.org/resources/sdmxml/schemas/v2_1/common">Testico</Name>
          <Name xml:lang="en" xmlns="http://www.sdmx.org/resources/sdmxml/schemas/v2_1/common">Testico</Name>
          <Parent>
            <Ref id="ITC32" xmlns="" />
          </Parent>
        </Code>
        <Code id="009061" urn="urn:sdmx:org.sdmx.infomodel.codelist.Code=IT1:CL_REFAREA(1.2).009061">
          <Name xml:lang="it" xmlns="http://www.sdmx.org/resources/sdmxml/schemas/v2_1/common">Toirano</Name>
          <Name xml:lang="en" xmlns="http://www.sdmx.org/resources/sdmxml/schemas/v2_1/common">Toirano</Name>
          <Parent>
            <Ref id="ITC32" xmlns="" />
          </Parent>
        </Code>
        <Code id="009062" urn="urn:sdmx:org.sdmx.infomodel.codelist.Code=IT1:CL_REFAREA(1.2).009062">
          <Name xml:lang="it" xmlns="http://www.sdmx.org/resources/sdmxml/schemas/v2_1/common">Tovo San Giacomo</Name>
          <Name xml:lang="en" xmlns="http://www.sdmx.org/resources/sdmxml/schemas/v2_1/common">Tovo San Giacomo</Name>
          <Parent>
            <Ref id="ITC32" xmlns="" />
          </Parent>
        </Code>
        <Code id="009063" urn="urn:sdmx:org.sdmx.infomodel.codelist.Code=IT1:CL_REFAREA(1.2).009063">
          <Name xml:lang="it" xmlns="http://www.sdmx.org/resources/sdmxml/schemas/v2_1/common">Urbe</Name>
          <Name xml:lang="en" xmlns="http://www.sdmx.org/resources/sdmxml/schemas/v2_1/common">Urbe</Name>
          <Parent>
            <Ref id="ITC32" xmlns="" />
          </Parent>
        </Code>
        <Code id="009064" urn="urn:sdmx:org.sdmx.infomodel.codelist.Code=IT1:CL_REFAREA(1.2).009064">
          <Name xml:lang="it" xmlns="http://www.sdmx.org/resources/sdmxml/schemas/v2_1/common">Vado Ligure</Name>
          <Name xml:lang="en" xmlns="http://www.sdmx.org/resources/sdmxml/schemas/v2_1/common">Vado Ligure</Name>
          <Parent>
            <Ref id="ITC32" xmlns="" />
          </Parent>
        </Code>
        <Code id="009065" urn="urn:sdmx:org.sdmx.infomodel.codelist.Code=IT1:CL_REFAREA(1.2).009065">
          <Name xml:lang="it" xmlns="http://www.sdmx.org/resources/sdmxml/schemas/v2_1/common">Varazze</Name>
          <Name xml:lang="en" xmlns="http://www.sdmx.org/resources/sdmxml/schemas/v2_1/common">Varazze</Name>
          <Parent>
            <Ref id="ITC32" xmlns="" />
          </Parent>
        </Code>
        <Code id="009066" urn="urn:sdmx:org.sdmx.infomodel.codelist.Code=IT1:CL_REFAREA(1.2).009066">
          <Name xml:lang="it" xmlns="http://www.sdmx.org/resources/sdmxml/schemas/v2_1/common">Vendone</Name>
          <Name xml:lang="en" xmlns="http://www.sdmx.org/resources/sdmxml/schemas/v2_1/common">Vendone</Name>
          <Parent>
            <Ref id="ITC32" xmlns="" />
          </Parent>
        </Code>
        <Code id="009067" urn="urn:sdmx:org.sdmx.infomodel.codelist.Code=IT1:CL_REFAREA(1.2).009067">
          <Name xml:lang="it" xmlns="http://www.sdmx.org/resources/sdmxml/schemas/v2_1/common">Vezzi Portio</Name>
          <Name xml:lang="en" xmlns="http://www.sdmx.org/resources/sdmxml/schemas/v2_1/common">Vezzi Portio</Name>
          <Parent>
            <Ref id="ITC32" xmlns="" />
          </Parent>
        </Code>
        <Code id="009068" urn="urn:sdmx:org.sdmx.infomodel.codelist.Code=IT1:CL_REFAREA(1.2).009068">
          <Name xml:lang="it" xmlns="http://www.sdmx.org/resources/sdmxml/schemas/v2_1/common">Villanova d'Albenga</Name>
          <Name xml:lang="en" xmlns="http://www.sdmx.org/resources/sdmxml/schemas/v2_1/common">Villanova d'Albenga</Name>
          <Parent>
            <Ref id="ITC32" xmlns="" />
          </Parent>
        </Code>
        <Code id="009069" urn="urn:sdmx:org.sdmx.infomodel.codelist.Code=IT1:CL_REFAREA(1.2).009069">
          <Name xml:lang="it" xmlns="http://www.sdmx.org/resources/sdmxml/schemas/v2_1/common">Zuccarello</Name>
          <Name xml:lang="en" xmlns="http://www.sdmx.org/resources/sdmxml/schemas/v2_1/common">Zuccarello</Name>
          <Parent>
            <Ref id="ITC32" xmlns="" />
          </Parent>
        </Code>
        <Code id="010001" urn="urn:sdmx:org.sdmx.infomodel.codelist.Code=IT1:CL_REFAREA(1.2).010001">
          <Name xml:lang="it" xmlns="http://www.sdmx.org/resources/sdmxml/schemas/v2_1/common">Arenzano</Name>
          <Name xml:lang="en" xmlns="http://www.sdmx.org/resources/sdmxml/schemas/v2_1/common">Arenzano</Name>
          <Parent>
            <Ref id="ITC33" xmlns="" />
          </Parent>
        </Code>
        <Code id="010002" urn="urn:sdmx:org.sdmx.infomodel.codelist.Code=IT1:CL_REFAREA(1.2).010002">
          <Name xml:lang="it" xmlns="http://www.sdmx.org/resources/sdmxml/schemas/v2_1/common">Avegno</Name>
          <Name xml:lang="en" xmlns="http://www.sdmx.org/resources/sdmxml/schemas/v2_1/common">Avegno</Name>
          <Parent>
            <Ref id="ITC33" xmlns="" />
          </Parent>
        </Code>
        <Code id="010003" urn="urn:sdmx:org.sdmx.infomodel.codelist.Code=IT1:CL_REFAREA(1.2).010003">
          <Name xml:lang="it" xmlns="http://www.sdmx.org/resources/sdmxml/schemas/v2_1/common">Bargagli</Name>
          <Name xml:lang="en" xmlns="http://www.sdmx.org/resources/sdmxml/schemas/v2_1/common">Bargagli</Name>
          <Parent>
            <Ref id="ITC33" xmlns="" />
          </Parent>
        </Code>
        <Code id="010004" urn="urn:sdmx:org.sdmx.infomodel.codelist.Code=IT1:CL_REFAREA(1.2).010004">
          <Name xml:lang="it" xmlns="http://www.sdmx.org/resources/sdmxml/schemas/v2_1/common">Bogliasco</Name>
          <Name xml:lang="en" xmlns="http://www.sdmx.org/resources/sdmxml/schemas/v2_1/common">Bogliasco</Name>
          <Parent>
            <Ref id="ITC33" xmlns="" />
          </Parent>
        </Code>
        <Code id="010005" urn="urn:sdmx:org.sdmx.infomodel.codelist.Code=IT1:CL_REFAREA(1.2).010005">
          <Name xml:lang="it" xmlns="http://www.sdmx.org/resources/sdmxml/schemas/v2_1/common">Borzonasca</Name>
          <Name xml:lang="en" xmlns="http://www.sdmx.org/resources/sdmxml/schemas/v2_1/common">Borzonasca</Name>
          <Parent>
            <Ref id="ITC33" xmlns="" />
          </Parent>
        </Code>
        <Code id="010006" urn="urn:sdmx:org.sdmx.infomodel.codelist.Code=IT1:CL_REFAREA(1.2).010006">
          <Name xml:lang="it" xmlns="http://www.sdmx.org/resources/sdmxml/schemas/v2_1/common">Busalla</Name>
          <Name xml:lang="en" xmlns="http://www.sdmx.org/resources/sdmxml/schemas/v2_1/common">Busalla</Name>
          <Parent>
            <Ref id="ITC33" xmlns="" />
          </Parent>
        </Code>
        <Code id="010007" urn="urn:sdmx:org.sdmx.infomodel.codelist.Code=IT1:CL_REFAREA(1.2).010007">
          <Name xml:lang="it" xmlns="http://www.sdmx.org/resources/sdmxml/schemas/v2_1/common">Camogli</Name>
          <Name xml:lang="en" xmlns="http://www.sdmx.org/resources/sdmxml/schemas/v2_1/common">Camogli</Name>
          <Parent>
            <Ref id="ITC33" xmlns="" />
          </Parent>
        </Code>
        <Code id="010008" urn="urn:sdmx:org.sdmx.infomodel.codelist.Code=IT1:CL_REFAREA(1.2).010008">
          <Name xml:lang="it" xmlns="http://www.sdmx.org/resources/sdmxml/schemas/v2_1/common">Campo Ligure</Name>
          <Name xml:lang="en" xmlns="http://www.sdmx.org/resources/sdmxml/schemas/v2_1/common">Campo Ligure</Name>
          <Parent>
            <Ref id="ITC33" xmlns="" />
          </Parent>
        </Code>
        <Code id="010009" urn="urn:sdmx:org.sdmx.infomodel.codelist.Code=IT1:CL_REFAREA(1.2).010009">
          <Name xml:lang="it" xmlns="http://www.sdmx.org/resources/sdmxml/schemas/v2_1/common">Campomorone</Name>
          <Name xml:lang="en" xmlns="http://www.sdmx.org/resources/sdmxml/schemas/v2_1/common">Campomorone</Name>
          <Parent>
            <Ref id="ITC33" xmlns="" />
          </Parent>
        </Code>
        <Code id="010010" urn="urn:sdmx:org.sdmx.infomodel.codelist.Code=IT1:CL_REFAREA(1.2).010010">
          <Name xml:lang="it" xmlns="http://www.sdmx.org/resources/sdmxml/schemas/v2_1/common">Carasco</Name>
          <Name xml:lang="en" xmlns="http://www.sdmx.org/resources/sdmxml/schemas/v2_1/common">Carasco</Name>
          <Parent>
            <Ref id="ITC33" xmlns="" />
          </Parent>
        </Code>
        <Code id="010011" urn="urn:sdmx:org.sdmx.infomodel.codelist.Code=IT1:CL_REFAREA(1.2).010011">
          <Name xml:lang="it" xmlns="http://www.sdmx.org/resources/sdmxml/schemas/v2_1/common">Casarza Ligure</Name>
          <Name xml:lang="en" xmlns="http://www.sdmx.org/resources/sdmxml/schemas/v2_1/common">Casarza Ligure</Name>
          <Parent>
            <Ref id="ITC33" xmlns="" />
          </Parent>
        </Code>
        <Code id="010012" urn="urn:sdmx:org.sdmx.infomodel.codelist.Code=IT1:CL_REFAREA(1.2).010012">
          <Name xml:lang="it" xmlns="http://www.sdmx.org/resources/sdmxml/schemas/v2_1/common">Casella</Name>
          <Name xml:lang="en" xmlns="http://www.sdmx.org/resources/sdmxml/schemas/v2_1/common">Casella</Name>
          <Parent>
            <Ref id="ITC33" xmlns="" />
          </Parent>
        </Code>
        <Code id="010013" urn="urn:sdmx:org.sdmx.infomodel.codelist.Code=IT1:CL_REFAREA(1.2).010013">
          <Name xml:lang="it" xmlns="http://www.sdmx.org/resources/sdmxml/schemas/v2_1/common">Castiglione Chiavarese</Name>
          <Name xml:lang="en" xmlns="http://www.sdmx.org/resources/sdmxml/schemas/v2_1/common">Castiglione Chiavarese</Name>
          <Parent>
            <Ref id="ITC33" xmlns="" />
          </Parent>
        </Code>
        <Code id="010014" urn="urn:sdmx:org.sdmx.infomodel.codelist.Code=IT1:CL_REFAREA(1.2).010014">
          <Name xml:lang="it" xmlns="http://www.sdmx.org/resources/sdmxml/schemas/v2_1/common">Ceranesi</Name>
          <Name xml:lang="en" xmlns="http://www.sdmx.org/resources/sdmxml/schemas/v2_1/common">Ceranesi</Name>
          <Parent>
            <Ref id="ITC33" xmlns="" />
          </Parent>
        </Code>
        <Code id="010015" urn="urn:sdmx:org.sdmx.infomodel.codelist.Code=IT1:CL_REFAREA(1.2).010015">
          <Name xml:lang="it" xmlns="http://www.sdmx.org/resources/sdmxml/schemas/v2_1/common">Chiavari</Name>
          <Name xml:lang="en" xmlns="http://www.sdmx.org/resources/sdmxml/schemas/v2_1/common">Chiavari</Name>
          <Parent>
            <Ref id="ITC33" xmlns="" />
          </Parent>
        </Code>
        <Code id="010016" urn="urn:sdmx:org.sdmx.infomodel.codelist.Code=IT1:CL_REFAREA(1.2).010016">
          <Name xml:lang="it" xmlns="http://www.sdmx.org/resources/sdmxml/schemas/v2_1/common">Cicagna</Name>
          <Name xml:lang="en" xmlns="http://www.sdmx.org/resources/sdmxml/schemas/v2_1/common">Cicagna</Name>
          <Parent>
            <Ref id="ITC33" xmlns="" />
          </Parent>
        </Code>
        <Code id="010017" urn="urn:sdmx:org.sdmx.infomodel.codelist.Code=IT1:CL_REFAREA(1.2).010017">
          <Name xml:lang="it" xmlns="http://www.sdmx.org/resources/sdmxml/schemas/v2_1/common">Cogoleto</Name>
          <Name xml:lang="en" xmlns="http://www.sdmx.org/resources/sdmxml/schemas/v2_1/common">Cogoleto</Name>
          <Parent>
            <Ref id="ITC33" xmlns="" />
          </Parent>
        </Code>
        <Code id="010018" urn="urn:sdmx:org.sdmx.infomodel.codelist.Code=IT1:CL_REFAREA(1.2).010018">
          <Name xml:lang="it" xmlns="http://www.sdmx.org/resources/sdmxml/schemas/v2_1/common">Cogorno</Name>
          <Name xml:lang="en" xmlns="http://www.sdmx.org/resources/sdmxml/schemas/v2_1/common">Cogorno</Name>
          <Parent>
            <Ref id="ITC33" xmlns="" />
          </Parent>
        </Code>
        <Code id="010019" urn="urn:sdmx:org.sdmx.infomodel.codelist.Code=IT1:CL_REFAREA(1.2).010019">
          <Name xml:lang="it" xmlns="http://www.sdmx.org/resources/sdmxml/schemas/v2_1/common">Coreglia Ligure</Name>
          <Name xml:lang="en" xmlns="http://www.sdmx.org/resources/sdmxml/schemas/v2_1/common">Coreglia Ligure</Name>
          <Parent>
            <Ref id="ITC33" xmlns="" />
          </Parent>
        </Code>
        <Code id="010020" urn="urn:sdmx:org.sdmx.infomodel.codelist.Code=IT1:CL_REFAREA(1.2).010020">
          <Name xml:lang="it" xmlns="http://www.sdmx.org/resources/sdmxml/schemas/v2_1/common">Crocefieschi</Name>
          <Name xml:lang="en" xmlns="http://www.sdmx.org/resources/sdmxml/schemas/v2_1/common">Crocefieschi</Name>
          <Parent>
            <Ref id="ITC33" xmlns="" />
          </Parent>
        </Code>
        <Code id="010021" urn="urn:sdmx:org.sdmx.infomodel.codelist.Code=IT1:CL_REFAREA(1.2).010021">
          <Name xml:lang="it" xmlns="http://www.sdmx.org/resources/sdmxml/schemas/v2_1/common">Davagna</Name>
          <Name xml:lang="en" xmlns="http://www.sdmx.org/resources/sdmxml/schemas/v2_1/common">Davagna</Name>
          <Parent>
            <Ref id="ITC33" xmlns="" />
          </Parent>
        </Code>
        <Code id="010022" urn="urn:sdmx:org.sdmx.infomodel.codelist.Code=IT1:CL_REFAREA(1.2).010022">
          <Name xml:lang="it" xmlns="http://www.sdmx.org/resources/sdmxml/schemas/v2_1/common">Fascia</Name>
          <Name xml:lang="en" xmlns="http://www.sdmx.org/resources/sdmxml/schemas/v2_1/common">Fascia</Name>
          <Parent>
            <Ref id="ITC33" xmlns="" />
          </Parent>
        </Code>
        <Code id="010023" urn="urn:sdmx:org.sdmx.infomodel.codelist.Code=IT1:CL_REFAREA(1.2).010023">
          <Name xml:lang="it" xmlns="http://www.sdmx.org/resources/sdmxml/schemas/v2_1/common">Favale di Malvaro</Name>
          <Name xml:lang="en" xmlns="http://www.sdmx.org/resources/sdmxml/schemas/v2_1/common">Favale di Malvaro</Name>
          <Parent>
            <Ref id="ITC33" xmlns="" />
          </Parent>
        </Code>
        <Code id="010024" urn="urn:sdmx:org.sdmx.infomodel.codelist.Code=IT1:CL_REFAREA(1.2).010024">
          <Name xml:lang="it" xmlns="http://www.sdmx.org/resources/sdmxml/schemas/v2_1/common">Fontanigorda</Name>
          <Name xml:lang="en" xmlns="http://www.sdmx.org/resources/sdmxml/schemas/v2_1/common">Fontanigorda</Name>
          <Parent>
            <Ref id="ITC33" xmlns="" />
          </Parent>
        </Code>
        <Code id="010025" urn="urn:sdmx:org.sdmx.infomodel.codelist.Code=IT1:CL_REFAREA(1.2).010025">
          <Name xml:lang="it" xmlns="http://www.sdmx.org/resources/sdmxml/schemas/v2_1/common">Genova</Name>
          <Name xml:lang="en" xmlns="http://www.sdmx.org/resources/sdmxml/schemas/v2_1/common">Genova</Name>
          <Parent>
            <Ref id="ITC33" xmlns="" />
          </Parent>
        </Code>
        <Code id="010026" urn="urn:sdmx:org.sdmx.infomodel.codelist.Code=IT1:CL_REFAREA(1.2).010026">
          <Name xml:lang="it" xmlns="http://www.sdmx.org/resources/sdmxml/schemas/v2_1/common">Gorreto</Name>
          <Name xml:lang="en" xmlns="http://www.sdmx.org/resources/sdmxml/schemas/v2_1/common">Gorreto</Name>
          <Parent>
            <Ref id="ITC33" xmlns="" />
          </Parent>
        </Code>
        <Code id="010027" urn="urn:sdmx:org.sdmx.infomodel.codelist.Code=IT1:CL_REFAREA(1.2).010027">
          <Name xml:lang="it" xmlns="http://www.sdmx.org/resources/sdmxml/schemas/v2_1/common">Isola del Cantone</Name>
          <Name xml:lang="en" xmlns="http://www.sdmx.org/resources/sdmxml/schemas/v2_1/common">Isola del Cantone</Name>
          <Parent>
            <Ref id="ITC33" xmlns="" />
          </Parent>
        </Code>
        <Code id="010028" urn="urn:sdmx:org.sdmx.infomodel.codelist.Code=IT1:CL_REFAREA(1.2).010028">
          <Name xml:lang="it" xmlns="http://www.sdmx.org/resources/sdmxml/schemas/v2_1/common">Lavagna</Name>
          <Name xml:lang="en" xmlns="http://www.sdmx.org/resources/sdmxml/schemas/v2_1/common">Lavagna</Name>
          <Parent>
            <Ref id="ITC33" xmlns="" />
          </Parent>
        </Code>
        <Code id="010029" urn="urn:sdmx:org.sdmx.infomodel.codelist.Code=IT1:CL_REFAREA(1.2).010029">
          <Name xml:lang="it" xmlns="http://www.sdmx.org/resources/sdmxml/schemas/v2_1/common">Leivi</Name>
          <Name xml:lang="en" xmlns="http://www.sdmx.org/resources/sdmxml/schemas/v2_1/common">Leivi</Name>
          <Parent>
            <Ref id="ITC33" xmlns="" />
          </Parent>
        </Code>
        <Code id="010030" urn="urn:sdmx:org.sdmx.infomodel.codelist.Code=IT1:CL_REFAREA(1.2).010030">
          <Name xml:lang="it" xmlns="http://www.sdmx.org/resources/sdmxml/schemas/v2_1/common">Lorsica</Name>
          <Name xml:lang="en" xmlns="http://www.sdmx.org/resources/sdmxml/schemas/v2_1/common">Lorsica</Name>
          <Parent>
            <Ref id="ITC33" xmlns="" />
          </Parent>
        </Code>
        <Code id="010031" urn="urn:sdmx:org.sdmx.infomodel.codelist.Code=IT1:CL_REFAREA(1.2).010031">
          <Name xml:lang="it" xmlns="http://www.sdmx.org/resources/sdmxml/schemas/v2_1/common">Lumarzo</Name>
          <Name xml:lang="en" xmlns="http://www.sdmx.org/resources/sdmxml/schemas/v2_1/common">Lumarzo</Name>
          <Parent>
            <Ref id="ITC33" xmlns="" />
          </Parent>
        </Code>
        <Code id="010032" urn="urn:sdmx:org.sdmx.infomodel.codelist.Code=IT1:CL_REFAREA(1.2).010032">
          <Name xml:lang="it" xmlns="http://www.sdmx.org/resources/sdmxml/schemas/v2_1/common">Masone</Name>
          <Name xml:lang="en" xmlns="http://www.sdmx.org/resources/sdmxml/schemas/v2_1/common">Masone</Name>
          <Parent>
            <Ref id="ITC33" xmlns="" />
          </Parent>
        </Code>
        <Code id="010033" urn="urn:sdmx:org.sdmx.infomodel.codelist.Code=IT1:CL_REFAREA(1.2).010033">
          <Name xml:lang="it" xmlns="http://www.sdmx.org/resources/sdmxml/schemas/v2_1/common">Mele</Name>
          <Name xml:lang="en" xmlns="http://www.sdmx.org/resources/sdmxml/schemas/v2_1/common">Mele</Name>
          <Parent>
            <Ref id="ITC33" xmlns="" />
          </Parent>
        </Code>
        <Code id="010034" urn="urn:sdmx:org.sdmx.infomodel.codelist.Code=IT1:CL_REFAREA(1.2).010034">
          <Name xml:lang="it" xmlns="http://www.sdmx.org/resources/sdmxml/schemas/v2_1/common">Mezzanego</Name>
          <Name xml:lang="en" xmlns="http://www.sdmx.org/resources/sdmxml/schemas/v2_1/common">Mezzanego</Name>
          <Parent>
            <Ref id="ITC33" xmlns="" />
          </Parent>
        </Code>
        <Code id="010035" urn="urn:sdmx:org.sdmx.infomodel.codelist.Code=IT1:CL_REFAREA(1.2).010035">
          <Name xml:lang="it" xmlns="http://www.sdmx.org/resources/sdmxml/schemas/v2_1/common">Mignanego</Name>
          <Name xml:lang="en" xmlns="http://www.sdmx.org/resources/sdmxml/schemas/v2_1/common">Mignanego</Name>
          <Parent>
            <Ref id="ITC33" xmlns="" />
          </Parent>
        </Code>
        <Code id="010036" urn="urn:sdmx:org.sdmx.infomodel.codelist.Code=IT1:CL_REFAREA(1.2).010036">
          <Name xml:lang="it" xmlns="http://www.sdmx.org/resources/sdmxml/schemas/v2_1/common">Moconesi</Name>
          <Name xml:lang="en" xmlns="http://www.sdmx.org/resources/sdmxml/schemas/v2_1/common">Moconesi</Name>
          <Parent>
            <Ref id="ITC33" xmlns="" />
          </Parent>
        </Code>
        <Code id="010037" urn="urn:sdmx:org.sdmx.infomodel.codelist.Code=IT1:CL_REFAREA(1.2).010037">
          <Name xml:lang="it" xmlns="http://www.sdmx.org/resources/sdmxml/schemas/v2_1/common">Moneglia</Name>
          <Name xml:lang="en" xmlns="http://www.sdmx.org/resources/sdmxml/schemas/v2_1/common">Moneglia</Name>
          <Parent>
            <Ref id="ITC33" xmlns="" />
          </Parent>
        </Code>
        <Code id="010038" urn="urn:sdmx:org.sdmx.infomodel.codelist.Code=IT1:CL_REFAREA(1.2).010038">
          <Name xml:lang="it" xmlns="http://www.sdmx.org/resources/sdmxml/schemas/v2_1/common">Montebruno</Name>
          <Name xml:lang="en" xmlns="http://www.sdmx.org/resources/sdmxml/schemas/v2_1/common">Montebruno</Name>
          <Parent>
            <Ref id="ITC33" xmlns="" />
          </Parent>
        </Code>
        <Code id="010039" urn="urn:sdmx:org.sdmx.infomodel.codelist.Code=IT1:CL_REFAREA(1.2).010039">
          <Name xml:lang="it" xmlns="http://www.sdmx.org/resources/sdmxml/schemas/v2_1/common">Montoggio</Name>
          <Name xml:lang="en" xmlns="http://www.sdmx.org/resources/sdmxml/schemas/v2_1/common">Montoggio</Name>
          <Parent>
            <Ref id="ITC33" xmlns="" />
          </Parent>
        </Code>
        <Code id="010040" urn="urn:sdmx:org.sdmx.infomodel.codelist.Code=IT1:CL_REFAREA(1.2).010040">
          <Name xml:lang="it" xmlns="http://www.sdmx.org/resources/sdmxml/schemas/v2_1/common">Ne</Name>
          <Name xml:lang="en" xmlns="http://www.sdmx.org/resources/sdmxml/schemas/v2_1/common">Ne</Name>
          <Parent>
            <Ref id="ITC33" xmlns="" />
          </Parent>
        </Code>
        <Code id="010041" urn="urn:sdmx:org.sdmx.infomodel.codelist.Code=IT1:CL_REFAREA(1.2).010041">
          <Name xml:lang="it" xmlns="http://www.sdmx.org/resources/sdmxml/schemas/v2_1/common">Neirone</Name>
          <Name xml:lang="en" xmlns="http://www.sdmx.org/resources/sdmxml/schemas/v2_1/common">Neirone</Name>
          <Parent>
            <Ref id="ITC33" xmlns="" />
          </Parent>
        </Code>
        <Code id="010042" urn="urn:sdmx:org.sdmx.infomodel.codelist.Code=IT1:CL_REFAREA(1.2).010042">
          <Name xml:lang="it" xmlns="http://www.sdmx.org/resources/sdmxml/schemas/v2_1/common">Orero</Name>
          <Name xml:lang="en" xmlns="http://www.sdmx.org/resources/sdmxml/schemas/v2_1/common">Orero</Name>
          <Parent>
            <Ref id="ITC33" xmlns="" />
          </Parent>
        </Code>
        <Code id="010043" urn="urn:sdmx:org.sdmx.infomodel.codelist.Code=IT1:CL_REFAREA(1.2).010043">
          <Name xml:lang="it" xmlns="http://www.sdmx.org/resources/sdmxml/schemas/v2_1/common">Pieve Ligure</Name>
          <Name xml:lang="en" xmlns="http://www.sdmx.org/resources/sdmxml/schemas/v2_1/common">Pieve Ligure</Name>
          <Parent>
            <Ref id="ITC33" xmlns="" />
          </Parent>
        </Code>
        <Code id="010044" urn="urn:sdmx:org.sdmx.infomodel.codelist.Code=IT1:CL_REFAREA(1.2).010044">
          <Name xml:lang="it" xmlns="http://www.sdmx.org/resources/sdmxml/schemas/v2_1/common">Portofino</Name>
          <Name xml:lang="en" xmlns="http://www.sdmx.org/resources/sdmxml/schemas/v2_1/common">Portofino</Name>
          <Parent>
            <Ref id="ITC33" xmlns="" />
          </Parent>
        </Code>
        <Code id="010045" urn="urn:sdmx:org.sdmx.infomodel.codelist.Code=IT1:CL_REFAREA(1.2).010045">
          <Name xml:lang="it" xmlns="http://www.sdmx.org/resources/sdmxml/schemas/v2_1/common">Propata</Name>
          <Name xml:lang="en" xmlns="http://www.sdmx.org/resources/sdmxml/schemas/v2_1/common">Propata</Name>
          <Parent>
            <Ref id="ITC33" xmlns="" />
          </Parent>
        </Code>
        <Code id="010046" urn="urn:sdmx:org.sdmx.infomodel.codelist.Code=IT1:CL_REFAREA(1.2).010046">
          <Name xml:lang="it" xmlns="http://www.sdmx.org/resources/sdmxml/schemas/v2_1/common">Rapallo</Name>
          <Name xml:lang="en" xmlns="http://www.sdmx.org/resources/sdmxml/schemas/v2_1/common">Rapallo</Name>
          <Parent>
            <Ref id="ITC33" xmlns="" />
          </Parent>
        </Code>
        <Code id="010047" urn="urn:sdmx:org.sdmx.infomodel.codelist.Code=IT1:CL_REFAREA(1.2).010047">
          <Name xml:lang="it" xmlns="http://www.sdmx.org/resources/sdmxml/schemas/v2_1/common">Recco</Name>
          <Name xml:lang="en" xmlns="http://www.sdmx.org/resources/sdmxml/schemas/v2_1/common">Recco</Name>
          <Parent>
            <Ref id="ITC33" xmlns="" />
          </Parent>
        </Code>
        <Code id="010048" urn="urn:sdmx:org.sdmx.infomodel.codelist.Code=IT1:CL_REFAREA(1.2).010048">
          <Name xml:lang="it" xmlns="http://www.sdmx.org/resources/sdmxml/schemas/v2_1/common">Rezzoaglio</Name>
          <Name xml:lang="en" xmlns="http://www.sdmx.org/resources/sdmxml/schemas/v2_1/common">Rezzoaglio</Name>
          <Parent>
            <Ref id="ITC33" xmlns="" />
          </Parent>
        </Code>
        <Code id="010049" urn="urn:sdmx:org.sdmx.infomodel.codelist.Code=IT1:CL_REFAREA(1.2).010049">
          <Name xml:lang="it" xmlns="http://www.sdmx.org/resources/sdmxml/schemas/v2_1/common">Ronco Scrivia</Name>
          <Name xml:lang="en" xmlns="http://www.sdmx.org/resources/sdmxml/schemas/v2_1/common">Ronco Scrivia</Name>
          <Parent>
            <Ref id="ITC33" xmlns="" />
          </Parent>
        </Code>
        <Code id="010050" urn="urn:sdmx:org.sdmx.infomodel.codelist.Code=IT1:CL_REFAREA(1.2).010050">
          <Name xml:lang="it" xmlns="http://www.sdmx.org/resources/sdmxml/schemas/v2_1/common">Rondanina</Name>
          <Name xml:lang="en" xmlns="http://www.sdmx.org/resources/sdmxml/schemas/v2_1/common">Rondanina</Name>
          <Parent>
            <Ref id="ITC33" xmlns="" />
          </Parent>
        </Code>
        <Code id="010051" urn="urn:sdmx:org.sdmx.infomodel.codelist.Code=IT1:CL_REFAREA(1.2).010051">
          <Name xml:lang="it" xmlns="http://www.sdmx.org/resources/sdmxml/schemas/v2_1/common">Rossiglione</Name>
          <Name xml:lang="en" xmlns="http://www.sdmx.org/resources/sdmxml/schemas/v2_1/common">Rossiglione</Name>
          <Parent>
            <Ref id="ITC33" xmlns="" />
          </Parent>
        </Code>
        <Code id="010052" urn="urn:sdmx:org.sdmx.infomodel.codelist.Code=IT1:CL_REFAREA(1.2).010052">
          <Name xml:lang="it" xmlns="http://www.sdmx.org/resources/sdmxml/schemas/v2_1/common">Rovegno</Name>
          <Name xml:lang="en" xmlns="http://www.sdmx.org/resources/sdmxml/schemas/v2_1/common">Rovegno</Name>
          <Parent>
            <Ref id="ITC33" xmlns="" />
          </Parent>
        </Code>
        <Code id="010053" urn="urn:sdmx:org.sdmx.infomodel.codelist.Code=IT1:CL_REFAREA(1.2).010053">
          <Name xml:lang="it" xmlns="http://www.sdmx.org/resources/sdmxml/schemas/v2_1/common">San Colombano Certenoli</Name>
          <Name xml:lang="en" xmlns="http://www.sdmx.org/resources/sdmxml/schemas/v2_1/common">San Colombano Certenoli</Name>
          <Parent>
            <Ref id="ITC33" xmlns="" />
          </Parent>
        </Code>
        <Code id="010054" urn="urn:sdmx:org.sdmx.infomodel.codelist.Code=IT1:CL_REFAREA(1.2).010054">
          <Name xml:lang="it" xmlns="http://www.sdmx.org/resources/sdmxml/schemas/v2_1/common">Santa Margherita Ligure</Name>
          <Name xml:lang="en" xmlns="http://www.sdmx.org/resources/sdmxml/schemas/v2_1/common">Santa Margherita Ligure</Name>
          <Parent>
            <Ref id="ITC33" xmlns="" />
          </Parent>
        </Code>
        <Code id="010055" urn="urn:sdmx:org.sdmx.infomodel.codelist.Code=IT1:CL_REFAREA(1.2).010055">
          <Name xml:lang="it" xmlns="http://www.sdmx.org/resources/sdmxml/schemas/v2_1/common">Sant'Olcese</Name>
          <Name xml:lang="en" xmlns="http://www.sdmx.org/resources/sdmxml/schemas/v2_1/common">Sant'Olcese</Name>
          <Parent>
            <Ref id="ITC33" xmlns="" />
          </Parent>
        </Code>
        <Code id="010056" urn="urn:sdmx:org.sdmx.infomodel.codelist.Code=IT1:CL_REFAREA(1.2).010056">
          <Name xml:lang="it" xmlns="http://www.sdmx.org/resources/sdmxml/schemas/v2_1/common">Santo Stefano d'Aveto</Name>
          <Name xml:lang="en" xmlns="http://www.sdmx.org/resources/sdmxml/schemas/v2_1/common">Santo Stefano d'Aveto</Name>
          <Parent>
            <Ref id="ITC33" xmlns="" />
          </Parent>
        </Code>
        <Code id="010057" urn="urn:sdmx:org.sdmx.infomodel.codelist.Code=IT1:CL_REFAREA(1.2).010057">
          <Name xml:lang="it" xmlns="http://www.sdmx.org/resources/sdmxml/schemas/v2_1/common">Savignone</Name>
          <Name xml:lang="en" xmlns="http://www.sdmx.org/resources/sdmxml/schemas/v2_1/common">Savignone</Name>
          <Parent>
            <Ref id="ITC33" xmlns="" />
          </Parent>
        </Code>
        <Code id="010058" urn="urn:sdmx:org.sdmx.infomodel.codelist.Code=IT1:CL_REFAREA(1.2).010058">
          <Name xml:lang="it" xmlns="http://www.sdmx.org/resources/sdmxml/schemas/v2_1/common">Serra Riccò</Name>
          <Name xml:lang="en" xmlns="http://www.sdmx.org/resources/sdmxml/schemas/v2_1/common">Serra Riccò</Name>
          <Parent>
            <Ref id="ITC33" xmlns="" />
          </Parent>
        </Code>
        <Code id="010059" urn="urn:sdmx:org.sdmx.infomodel.codelist.Code=IT1:CL_REFAREA(1.2).010059">
          <Name xml:lang="it" xmlns="http://www.sdmx.org/resources/sdmxml/schemas/v2_1/common">Sestri Levante</Name>
          <Name xml:lang="en" xmlns="http://www.sdmx.org/resources/sdmxml/schemas/v2_1/common">Sestri Levante</Name>
          <Parent>
            <Ref id="ITC33" xmlns="" />
          </Parent>
        </Code>
        <Code id="010060" urn="urn:sdmx:org.sdmx.infomodel.codelist.Code=IT1:CL_REFAREA(1.2).010060">
          <Name xml:lang="it" xmlns="http://www.sdmx.org/resources/sdmxml/schemas/v2_1/common">Sori</Name>
          <Name xml:lang="en" xmlns="http://www.sdmx.org/resources/sdmxml/schemas/v2_1/common">Sori</Name>
          <Parent>
            <Ref id="ITC33" xmlns="" />
          </Parent>
        </Code>
        <Code id="010061" urn="urn:sdmx:org.sdmx.infomodel.codelist.Code=IT1:CL_REFAREA(1.2).010061">
          <Name xml:lang="it" xmlns="http://www.sdmx.org/resources/sdmxml/schemas/v2_1/common">Tiglieto</Name>
          <Name xml:lang="en" xmlns="http://www.sdmx.org/resources/sdmxml/schemas/v2_1/common">Tiglieto</Name>
          <Parent>
            <Ref id="ITC33" xmlns="" />
          </Parent>
        </Code>
        <Code id="010062" urn="urn:sdmx:org.sdmx.infomodel.codelist.Code=IT1:CL_REFAREA(1.2).010062">
          <Name xml:lang="it" xmlns="http://www.sdmx.org/resources/sdmxml/schemas/v2_1/common">Torriglia</Name>
          <Name xml:lang="en" xmlns="http://www.sdmx.org/resources/sdmxml/schemas/v2_1/common">Torriglia</Name>
          <Parent>
            <Ref id="ITC33" xmlns="" />
          </Parent>
        </Code>
        <Code id="010063" urn="urn:sdmx:org.sdmx.infomodel.codelist.Code=IT1:CL_REFAREA(1.2).010063">
          <Name xml:lang="it" xmlns="http://www.sdmx.org/resources/sdmxml/schemas/v2_1/common">Tribogna</Name>
          <Name xml:lang="en" xmlns="http://www.sdmx.org/resources/sdmxml/schemas/v2_1/common">Tribogna</Name>
          <Parent>
            <Ref id="ITC33" xmlns="" />
          </Parent>
        </Code>
        <Code id="010064" urn="urn:sdmx:org.sdmx.infomodel.codelist.Code=IT1:CL_REFAREA(1.2).010064">
          <Name xml:lang="it" xmlns="http://www.sdmx.org/resources/sdmxml/schemas/v2_1/common">Uscio</Name>
          <Name xml:lang="en" xmlns="http://www.sdmx.org/resources/sdmxml/schemas/v2_1/common">Uscio</Name>
          <Parent>
            <Ref id="ITC33" xmlns="" />
          </Parent>
        </Code>
        <Code id="010065" urn="urn:sdmx:org.sdmx.infomodel.codelist.Code=IT1:CL_REFAREA(1.2).010065">
          <Name xml:lang="it" xmlns="http://www.sdmx.org/resources/sdmxml/schemas/v2_1/common">Valbrevenna</Name>
          <Name xml:lang="en" xmlns="http://www.sdmx.org/resources/sdmxml/schemas/v2_1/common">Valbrevenna</Name>
          <Parent>
            <Ref id="ITC33" xmlns="" />
          </Parent>
        </Code>
        <Code id="010066" urn="urn:sdmx:org.sdmx.infomodel.codelist.Code=IT1:CL_REFAREA(1.2).010066">
          <Name xml:lang="it" xmlns="http://www.sdmx.org/resources/sdmxml/schemas/v2_1/common">Vobbia</Name>
          <Name xml:lang="en" xmlns="http://www.sdmx.org/resources/sdmxml/schemas/v2_1/common">Vobbia</Name>
          <Parent>
            <Ref id="ITC33" xmlns="" />
          </Parent>
        </Code>
        <Code id="010067" urn="urn:sdmx:org.sdmx.infomodel.codelist.Code=IT1:CL_REFAREA(1.2).010067">
          <Name xml:lang="it" xmlns="http://www.sdmx.org/resources/sdmxml/schemas/v2_1/common">Zoagli</Name>
          <Name xml:lang="en" xmlns="http://www.sdmx.org/resources/sdmxml/schemas/v2_1/common">Zoagli</Name>
          <Parent>
            <Ref id="ITC33" xmlns="" />
          </Parent>
        </Code>
        <Code id="011001" urn="urn:sdmx:org.sdmx.infomodel.codelist.Code=IT1:CL_REFAREA(1.2).011001">
          <Name xml:lang="it" xmlns="http://www.sdmx.org/resources/sdmxml/schemas/v2_1/common">Ameglia</Name>
          <Name xml:lang="en" xmlns="http://www.sdmx.org/resources/sdmxml/schemas/v2_1/common">Ameglia</Name>
          <Parent>
            <Ref id="ITC34" xmlns="" />
          </Parent>
        </Code>
        <Code id="011002" urn="urn:sdmx:org.sdmx.infomodel.codelist.Code=IT1:CL_REFAREA(1.2).011002">
          <Name xml:lang="it" xmlns="http://www.sdmx.org/resources/sdmxml/schemas/v2_1/common">Arcola</Name>
          <Name xml:lang="en" xmlns="http://www.sdmx.org/resources/sdmxml/schemas/v2_1/common">Arcola</Name>
          <Parent>
            <Ref id="ITC34" xmlns="" />
          </Parent>
        </Code>
        <Code id="011003" urn="urn:sdmx:org.sdmx.infomodel.codelist.Code=IT1:CL_REFAREA(1.2).011003">
          <Name xml:lang="it" xmlns="http://www.sdmx.org/resources/sdmxml/schemas/v2_1/common">Beverino</Name>
          <Name xml:lang="en" xmlns="http://www.sdmx.org/resources/sdmxml/schemas/v2_1/common">Beverino</Name>
          <Parent>
            <Ref id="ITC34" xmlns="" />
          </Parent>
        </Code>
        <Code id="011004" urn="urn:sdmx:org.sdmx.infomodel.codelist.Code=IT1:CL_REFAREA(1.2).011004">
          <Name xml:lang="it" xmlns="http://www.sdmx.org/resources/sdmxml/schemas/v2_1/common">Bolano</Name>
          <Name xml:lang="en" xmlns="http://www.sdmx.org/resources/sdmxml/schemas/v2_1/common">Bolano</Name>
          <Parent>
            <Ref id="ITC34" xmlns="" />
          </Parent>
        </Code>
        <Code id="011005" urn="urn:sdmx:org.sdmx.infomodel.codelist.Code=IT1:CL_REFAREA(1.2).011005">
          <Name xml:lang="it" xmlns="http://www.sdmx.org/resources/sdmxml/schemas/v2_1/common">Bonassola</Name>
          <Name xml:lang="en" xmlns="http://www.sdmx.org/resources/sdmxml/schemas/v2_1/common">Bonassola</Name>
          <Parent>
            <Ref id="ITC34" xmlns="" />
          </Parent>
        </Code>
        <Code id="011006" urn="urn:sdmx:org.sdmx.infomodel.codelist.Code=IT1:CL_REFAREA(1.2).011006">
          <Name xml:lang="it" xmlns="http://www.sdmx.org/resources/sdmxml/schemas/v2_1/common">Borghetto di Vara</Name>
          <Name xml:lang="en" xmlns="http://www.sdmx.org/resources/sdmxml/schemas/v2_1/common">Borghetto di Vara</Name>
          <Parent>
            <Ref id="ITC34" xmlns="" />
          </Parent>
        </Code>
        <Code id="011007" urn="urn:sdmx:org.sdmx.infomodel.codelist.Code=IT1:CL_REFAREA(1.2).011007">
          <Name xml:lang="it" xmlns="http://www.sdmx.org/resources/sdmxml/schemas/v2_1/common">Brugnato</Name>
          <Name xml:lang="en" xmlns="http://www.sdmx.org/resources/sdmxml/schemas/v2_1/common">Brugnato</Name>
          <Parent>
            <Ref id="ITC34" xmlns="" />
          </Parent>
        </Code>
        <Code id="011008" urn="urn:sdmx:org.sdmx.infomodel.codelist.Code=IT1:CL_REFAREA(1.2).011008">
          <Name xml:lang="it" xmlns="http://www.sdmx.org/resources/sdmxml/schemas/v2_1/common">Calice al Cornoviglio</Name>
          <Name xml:lang="en" xmlns="http://www.sdmx.org/resources/sdmxml/schemas/v2_1/common">Calice al Cornoviglio</Name>
          <Parent>
            <Ref id="ITC34" xmlns="" />
          </Parent>
        </Code>
        <Code id="011009" urn="urn:sdmx:org.sdmx.infomodel.codelist.Code=IT1:CL_REFAREA(1.2).011009">
          <Name xml:lang="it" xmlns="http://www.sdmx.org/resources/sdmxml/schemas/v2_1/common">Carro</Name>
          <Name xml:lang="en" xmlns="http://www.sdmx.org/resources/sdmxml/schemas/v2_1/common">Carro</Name>
          <Parent>
            <Ref id="ITC34" xmlns="" />
          </Parent>
        </Code>
        <Code id="011010" urn="urn:sdmx:org.sdmx.infomodel.codelist.Code=IT1:CL_REFAREA(1.2).011010">
          <Name xml:lang="it" xmlns="http://www.sdmx.org/resources/sdmxml/schemas/v2_1/common">Carrodano</Name>
          <Name xml:lang="en" xmlns="http://www.sdmx.org/resources/sdmxml/schemas/v2_1/common">Carrodano</Name>
          <Parent>
            <Ref id="ITC34" xmlns="" />
          </Parent>
        </Code>
        <Code id="011011" urn="urn:sdmx:org.sdmx.infomodel.codelist.Code=IT1:CL_REFAREA(1.2).011011">
          <Name xml:lang="it" xmlns="http://www.sdmx.org/resources/sdmxml/schemas/v2_1/common">Castelnuovo Magra</Name>
          <Name xml:lang="en" xmlns="http://www.sdmx.org/resources/sdmxml/schemas/v2_1/common">Castelnuovo Magra</Name>
          <Parent>
            <Ref id="ITC34" xmlns="" />
          </Parent>
        </Code>
        <Code id="011012" urn="urn:sdmx:org.sdmx.infomodel.codelist.Code=IT1:CL_REFAREA(1.2).011012">
          <Name xml:lang="it" xmlns="http://www.sdmx.org/resources/sdmxml/schemas/v2_1/common">Deiva Marina</Name>
          <Name xml:lang="en" xmlns="http://www.sdmx.org/resources/sdmxml/schemas/v2_1/common">Deiva Marina</Name>
          <Parent>
            <Ref id="ITC34" xmlns="" />
          </Parent>
        </Code>
        <Code id="011013" urn="urn:sdmx:org.sdmx.infomodel.codelist.Code=IT1:CL_REFAREA(1.2).011013">
          <Name xml:lang="it" xmlns="http://www.sdmx.org/resources/sdmxml/schemas/v2_1/common">Follo</Name>
          <Name xml:lang="en" xmlns="http://www.sdmx.org/resources/sdmxml/schemas/v2_1/common">Follo</Name>
          <Parent>
            <Ref id="ITC34" xmlns="" />
          </Parent>
        </Code>
        <Code id="011014" urn="urn:sdmx:org.sdmx.infomodel.codelist.Code=IT1:CL_REFAREA(1.2).011014">
          <Name xml:lang="it" xmlns="http://www.sdmx.org/resources/sdmxml/schemas/v2_1/common">Framura</Name>
          <Name xml:lang="en" xmlns="http://www.sdmx.org/resources/sdmxml/schemas/v2_1/common">Framura</Name>
          <Parent>
            <Ref id="ITC34" xmlns="" />
          </Parent>
        </Code>
        <Code id="011015" urn="urn:sdmx:org.sdmx.infomodel.codelist.Code=IT1:CL_REFAREA(1.2).011015">
          <Name xml:lang="it" xmlns="http://www.sdmx.org/resources/sdmxml/schemas/v2_1/common">La Spezia</Name>
          <Name xml:lang="en" xmlns="http://www.sdmx.org/resources/sdmxml/schemas/v2_1/common">La Spezia</Name>
          <Parent>
            <Ref id="ITC34" xmlns="" />
          </Parent>
        </Code>
        <Code id="011016" urn="urn:sdmx:org.sdmx.infomodel.codelist.Code=IT1:CL_REFAREA(1.2).011016">
          <Name xml:lang="it" xmlns="http://www.sdmx.org/resources/sdmxml/schemas/v2_1/common">Lerici</Name>
          <Name xml:lang="en" xmlns="http://www.sdmx.org/resources/sdmxml/schemas/v2_1/common">Lerici</Name>
          <Parent>
            <Ref id="ITC34" xmlns="" />
          </Parent>
        </Code>
        <Code id="011017" urn="urn:sdmx:org.sdmx.infomodel.codelist.Code=IT1:CL_REFAREA(1.2).011017">
          <Name xml:lang="it" xmlns="http://www.sdmx.org/resources/sdmxml/schemas/v2_1/common">Levanto</Name>
          <Name xml:lang="en" xmlns="http://www.sdmx.org/resources/sdmxml/schemas/v2_1/common">Levanto</Name>
          <Parent>
            <Ref id="ITC34" xmlns="" />
          </Parent>
        </Code>
        <Code id="011018" urn="urn:sdmx:org.sdmx.infomodel.codelist.Code=IT1:CL_REFAREA(1.2).011018">
          <Name xml:lang="it" xmlns="http://www.sdmx.org/resources/sdmxml/schemas/v2_1/common">Maissana</Name>
          <Name xml:lang="en" xmlns="http://www.sdmx.org/resources/sdmxml/schemas/v2_1/common">Maissana</Name>
          <Parent>
            <Ref id="ITC34" xmlns="" />
          </Parent>
        </Code>
        <Code id="011019" urn="urn:sdmx:org.sdmx.infomodel.codelist.Code=IT1:CL_REFAREA(1.2).011019">
          <Name xml:lang="it" xmlns="http://www.sdmx.org/resources/sdmxml/schemas/v2_1/common">Monterosso al Mare</Name>
          <Name xml:lang="en" xmlns="http://www.sdmx.org/resources/sdmxml/schemas/v2_1/common">Monterosso al Mare</Name>
          <Parent>
            <Ref id="ITC34" xmlns="" />
          </Parent>
        </Code>
        <Code id="011020" urn="urn:sdmx:org.sdmx.infomodel.codelist.Code=IT1:CL_REFAREA(1.2).011020">
          <Name xml:lang="it" xmlns="http://www.sdmx.org/resources/sdmxml/schemas/v2_1/common">Ortonovo</Name>
          <Name xml:lang="en" xmlns="http://www.sdmx.org/resources/sdmxml/schemas/v2_1/common">Ortonovo</Name>
          <Parent>
            <Ref id="ITC34" xmlns="" />
          </Parent>
        </Code>
        <Code id="011021" urn="urn:sdmx:org.sdmx.infomodel.codelist.Code=IT1:CL_REFAREA(1.2).011021">
          <Name xml:lang="it" xmlns="http://www.sdmx.org/resources/sdmxml/schemas/v2_1/common">Pignone</Name>
          <Name xml:lang="en" xmlns="http://www.sdmx.org/resources/sdmxml/schemas/v2_1/common">Pignone</Name>
          <Parent>
            <Ref id="ITC34" xmlns="" />
          </Parent>
        </Code>
        <Code id="011022" urn="urn:sdmx:org.sdmx.infomodel.codelist.Code=IT1:CL_REFAREA(1.2).011022">
          <Name xml:lang="it" xmlns="http://www.sdmx.org/resources/sdmxml/schemas/v2_1/common">Portovenere</Name>
          <Name xml:lang="en" xmlns="http://www.sdmx.org/resources/sdmxml/schemas/v2_1/common">Portovenere</Name>
          <Parent>
            <Ref id="ITC34" xmlns="" />
          </Parent>
        </Code>
        <Code id="011023" urn="urn:sdmx:org.sdmx.infomodel.codelist.Code=IT1:CL_REFAREA(1.2).011023">
          <Name xml:lang="it" xmlns="http://www.sdmx.org/resources/sdmxml/schemas/v2_1/common">Riccò del Golfo di Spezia</Name>
          <Name xml:lang="en" xmlns="http://www.sdmx.org/resources/sdmxml/schemas/v2_1/common">Riccò del Golfo di Spezia</Name>
          <Parent>
            <Ref id="ITC34" xmlns="" />
          </Parent>
        </Code>
        <Code id="011024" urn="urn:sdmx:org.sdmx.infomodel.codelist.Code=IT1:CL_REFAREA(1.2).011024">
          <Name xml:lang="it" xmlns="http://www.sdmx.org/resources/sdmxml/schemas/v2_1/common">Riomaggiore</Name>
          <Name xml:lang="en" xmlns="http://www.sdmx.org/resources/sdmxml/schemas/v2_1/common">Riomaggiore</Name>
          <Parent>
            <Ref id="ITC34" xmlns="" />
          </Parent>
        </Code>
        <Code id="011025" urn="urn:sdmx:org.sdmx.infomodel.codelist.Code=IT1:CL_REFAREA(1.2).011025">
          <Name xml:lang="it" xmlns="http://www.sdmx.org/resources/sdmxml/schemas/v2_1/common">Rocchetta di Vara</Name>
          <Name xml:lang="en" xmlns="http://www.sdmx.org/resources/sdmxml/schemas/v2_1/common">Rocchetta di Vara</Name>
          <Parent>
            <Ref id="ITC34" xmlns="" />
          </Parent>
        </Code>
        <Code id="011026" urn="urn:sdmx:org.sdmx.infomodel.codelist.Code=IT1:CL_REFAREA(1.2).011026">
          <Name xml:lang="it" xmlns="http://www.sdmx.org/resources/sdmxml/schemas/v2_1/common">Santo Stefano di Magra</Name>
          <Name xml:lang="en" xmlns="http://www.sdmx.org/resources/sdmxml/schemas/v2_1/common">Santo Stefano di Magra</Name>
          <Parent>
            <Ref id="ITC34" xmlns="" />
          </Parent>
        </Code>
        <Code id="011027" urn="urn:sdmx:org.sdmx.infomodel.codelist.Code=IT1:CL_REFAREA(1.2).011027">
          <Name xml:lang="it" xmlns="http://www.sdmx.org/resources/sdmxml/schemas/v2_1/common">Sarzana</Name>
          <Name xml:lang="en" xmlns="http://www.sdmx.org/resources/sdmxml/schemas/v2_1/common">Sarzana</Name>
          <Parent>
            <Ref id="ITC34" xmlns="" />
          </Parent>
        </Code>
        <Code id="011028" urn="urn:sdmx:org.sdmx.infomodel.codelist.Code=IT1:CL_REFAREA(1.2).011028">
          <Name xml:lang="it" xmlns="http://www.sdmx.org/resources/sdmxml/schemas/v2_1/common">Sesta Godano</Name>
          <Name xml:lang="en" xmlns="http://www.sdmx.org/resources/sdmxml/schemas/v2_1/common">Sesta Godano</Name>
          <Parent>
            <Ref id="ITC34" xmlns="" />
          </Parent>
        </Code>
        <Code id="011029" urn="urn:sdmx:org.sdmx.infomodel.codelist.Code=IT1:CL_REFAREA(1.2).011029">
          <Name xml:lang="it" xmlns="http://www.sdmx.org/resources/sdmxml/schemas/v2_1/common">Varese Ligure</Name>
          <Name xml:lang="en" xmlns="http://www.sdmx.org/resources/sdmxml/schemas/v2_1/common">Varese Ligure</Name>
          <Parent>
            <Ref id="ITC34" xmlns="" />
          </Parent>
        </Code>
        <Code id="011030" urn="urn:sdmx:org.sdmx.infomodel.codelist.Code=IT1:CL_REFAREA(1.2).011030">
          <Name xml:lang="it" xmlns="http://www.sdmx.org/resources/sdmxml/schemas/v2_1/common">Vernazza</Name>
          <Name xml:lang="en" xmlns="http://www.sdmx.org/resources/sdmxml/schemas/v2_1/common">Vernazza</Name>
          <Parent>
            <Ref id="ITC34" xmlns="" />
          </Parent>
        </Code>
        <Code id="011031" urn="urn:sdmx:org.sdmx.infomodel.codelist.Code=IT1:CL_REFAREA(1.2).011031">
          <Name xml:lang="it" xmlns="http://www.sdmx.org/resources/sdmxml/schemas/v2_1/common">Vezzano Ligure</Name>
          <Name xml:lang="en" xmlns="http://www.sdmx.org/resources/sdmxml/schemas/v2_1/common">Vezzano Ligure</Name>
          <Parent>
            <Ref id="ITC34" xmlns="" />
          </Parent>
        </Code>
        <Code id="011032" urn="urn:sdmx:org.sdmx.infomodel.codelist.Code=IT1:CL_REFAREA(1.2).011032">
          <Name xml:lang="it" xmlns="http://www.sdmx.org/resources/sdmxml/schemas/v2_1/common">Zignago</Name>
          <Name xml:lang="en" xmlns="http://www.sdmx.org/resources/sdmxml/schemas/v2_1/common">Zignago</Name>
          <Parent>
            <Ref id="ITC34" xmlns="" />
          </Parent>
        </Code>
        <Code id="012001" urn="urn:sdmx:org.sdmx.infomodel.codelist.Code=IT1:CL_REFAREA(1.2).012001">
          <Name xml:lang="it" xmlns="http://www.sdmx.org/resources/sdmxml/schemas/v2_1/common">Agra</Name>
          <Name xml:lang="en" xmlns="http://www.sdmx.org/resources/sdmxml/schemas/v2_1/common">Agra</Name>
          <Parent>
            <Ref id="ITC41" xmlns="" />
          </Parent>
        </Code>
        <Code id="012002" urn="urn:sdmx:org.sdmx.infomodel.codelist.Code=IT1:CL_REFAREA(1.2).012002">
          <Name xml:lang="it" xmlns="http://www.sdmx.org/resources/sdmxml/schemas/v2_1/common">Albizzate</Name>
          <Name xml:lang="en" xmlns="http://www.sdmx.org/resources/sdmxml/schemas/v2_1/common">Albizzate</Name>
          <Parent>
            <Ref id="ITC41" xmlns="" />
          </Parent>
        </Code>
        <Code id="012003" urn="urn:sdmx:org.sdmx.infomodel.codelist.Code=IT1:CL_REFAREA(1.2).012003">
          <Name xml:lang="it" xmlns="http://www.sdmx.org/resources/sdmxml/schemas/v2_1/common">Angera</Name>
          <Name xml:lang="en" xmlns="http://www.sdmx.org/resources/sdmxml/schemas/v2_1/common">Angera</Name>
          <Parent>
            <Ref id="ITC41" xmlns="" />
          </Parent>
        </Code>
        <Code id="012004" urn="urn:sdmx:org.sdmx.infomodel.codelist.Code=IT1:CL_REFAREA(1.2).012004">
          <Name xml:lang="it" xmlns="http://www.sdmx.org/resources/sdmxml/schemas/v2_1/common">Arcisate</Name>
          <Name xml:lang="en" xmlns="http://www.sdmx.org/resources/sdmxml/schemas/v2_1/common">Arcisate</Name>
          <Parent>
            <Ref id="ITC41" xmlns="" />
          </Parent>
        </Code>
        <Code id="012005" urn="urn:sdmx:org.sdmx.infomodel.codelist.Code=IT1:CL_REFAREA(1.2).012005">
          <Name xml:lang="it" xmlns="http://www.sdmx.org/resources/sdmxml/schemas/v2_1/common">Arsago Seprio</Name>
          <Name xml:lang="en" xmlns="http://www.sdmx.org/resources/sdmxml/schemas/v2_1/common">Arsago Seprio</Name>
          <Parent>
            <Ref id="ITC41" xmlns="" />
          </Parent>
        </Code>
        <Code id="012006" urn="urn:sdmx:org.sdmx.infomodel.codelist.Code=IT1:CL_REFAREA(1.2).012006">
          <Name xml:lang="it" xmlns="http://www.sdmx.org/resources/sdmxml/schemas/v2_1/common">Azzate</Name>
          <Name xml:lang="en" xmlns="http://www.sdmx.org/resources/sdmxml/schemas/v2_1/common">Azzate</Name>
          <Parent>
            <Ref id="ITC41" xmlns="" />
          </Parent>
        </Code>
        <Code id="012007" urn="urn:sdmx:org.sdmx.infomodel.codelist.Code=IT1:CL_REFAREA(1.2).012007">
          <Name xml:lang="it" xmlns="http://www.sdmx.org/resources/sdmxml/schemas/v2_1/common">Azzio</Name>
          <Name xml:lang="en" xmlns="http://www.sdmx.org/resources/sdmxml/schemas/v2_1/common">Azzio</Name>
          <Parent>
            <Ref id="ITC41" xmlns="" />
          </Parent>
        </Code>
        <Code id="012008" urn="urn:sdmx:org.sdmx.infomodel.codelist.Code=IT1:CL_REFAREA(1.2).012008">
          <Name xml:lang="it" xmlns="http://www.sdmx.org/resources/sdmxml/schemas/v2_1/common">Barasso</Name>
          <Name xml:lang="en" xmlns="http://www.sdmx.org/resources/sdmxml/schemas/v2_1/common">Barasso</Name>
          <Parent>
            <Ref id="ITC41" xmlns="" />
          </Parent>
        </Code>
        <Code id="012009" urn="urn:sdmx:org.sdmx.infomodel.codelist.Code=IT1:CL_REFAREA(1.2).012009">
          <Name xml:lang="it" xmlns="http://www.sdmx.org/resources/sdmxml/schemas/v2_1/common">Bardello</Name>
          <Name xml:lang="en" xmlns="http://www.sdmx.org/resources/sdmxml/schemas/v2_1/common">Bardello</Name>
          <Parent>
            <Ref id="ITC41" xmlns="" />
          </Parent>
        </Code>
        <Code id="012010" urn="urn:sdmx:org.sdmx.infomodel.codelist.Code=IT1:CL_REFAREA(1.2).012010">
          <Name xml:lang="it" xmlns="http://www.sdmx.org/resources/sdmxml/schemas/v2_1/common">Bedero Valcuvia</Name>
          <Name xml:lang="en" xmlns="http://www.sdmx.org/resources/sdmxml/schemas/v2_1/common">Bedero Valcuvia</Name>
          <Parent>
            <Ref id="ITC41" xmlns="" />
          </Parent>
        </Code>
        <Code id="012011" urn="urn:sdmx:org.sdmx.infomodel.codelist.Code=IT1:CL_REFAREA(1.2).012011">
          <Name xml:lang="it" xmlns="http://www.sdmx.org/resources/sdmxml/schemas/v2_1/common">Besano</Name>
          <Name xml:lang="en" xmlns="http://www.sdmx.org/resources/sdmxml/schemas/v2_1/common">Besano</Name>
          <Parent>
            <Ref id="ITC41" xmlns="" />
          </Parent>
        </Code>
        <Code id="012012" urn="urn:sdmx:org.sdmx.infomodel.codelist.Code=IT1:CL_REFAREA(1.2).012012">
          <Name xml:lang="it" xmlns="http://www.sdmx.org/resources/sdmxml/schemas/v2_1/common">Besnate</Name>
          <Name xml:lang="en" xmlns="http://www.sdmx.org/resources/sdmxml/schemas/v2_1/common">Besnate</Name>
          <Parent>
            <Ref id="ITC41" xmlns="" />
          </Parent>
        </Code>
        <Code id="012013" urn="urn:sdmx:org.sdmx.infomodel.codelist.Code=IT1:CL_REFAREA(1.2).012013">
          <Name xml:lang="it" xmlns="http://www.sdmx.org/resources/sdmxml/schemas/v2_1/common">Besozzo</Name>
          <Name xml:lang="en" xmlns="http://www.sdmx.org/resources/sdmxml/schemas/v2_1/common">Besozzo</Name>
          <Parent>
            <Ref id="ITC41" xmlns="" />
          </Parent>
        </Code>
        <Code id="012014" urn="urn:sdmx:org.sdmx.infomodel.codelist.Code=IT1:CL_REFAREA(1.2).012014">
          <Name xml:lang="it" xmlns="http://www.sdmx.org/resources/sdmxml/schemas/v2_1/common">Biandronno</Name>
          <Name xml:lang="en" xmlns="http://www.sdmx.org/resources/sdmxml/schemas/v2_1/common">Biandronno</Name>
          <Parent>
            <Ref id="ITC41" xmlns="" />
          </Parent>
        </Code>
        <Code id="012015" urn="urn:sdmx:org.sdmx.infomodel.codelist.Code=IT1:CL_REFAREA(1.2).012015">
          <Name xml:lang="it" xmlns="http://www.sdmx.org/resources/sdmxml/schemas/v2_1/common">Bisuschio</Name>
          <Name xml:lang="en" xmlns="http://www.sdmx.org/resources/sdmxml/schemas/v2_1/common">Bisuschio</Name>
          <Parent>
            <Ref id="ITC41" xmlns="" />
          </Parent>
        </Code>
        <Code id="012016" urn="urn:sdmx:org.sdmx.infomodel.codelist.Code=IT1:CL_REFAREA(1.2).012016">
          <Name xml:lang="it" xmlns="http://www.sdmx.org/resources/sdmxml/schemas/v2_1/common">Bodio Lomnago</Name>
          <Name xml:lang="en" xmlns="http://www.sdmx.org/resources/sdmxml/schemas/v2_1/common">Bodio Lomnago</Name>
          <Parent>
            <Ref id="ITC41" xmlns="" />
          </Parent>
        </Code>
        <Code id="012017" urn="urn:sdmx:org.sdmx.infomodel.codelist.Code=IT1:CL_REFAREA(1.2).012017">
          <Name xml:lang="it" xmlns="http://www.sdmx.org/resources/sdmxml/schemas/v2_1/common">Brebbia</Name>
          <Name xml:lang="en" xmlns="http://www.sdmx.org/resources/sdmxml/schemas/v2_1/common">Brebbia</Name>
          <Parent>
            <Ref id="ITC41" xmlns="" />
          </Parent>
        </Code>
        <Code id="012018" urn="urn:sdmx:org.sdmx.infomodel.codelist.Code=IT1:CL_REFAREA(1.2).012018">
          <Name xml:lang="it" xmlns="http://www.sdmx.org/resources/sdmxml/schemas/v2_1/common">Bregano</Name>
          <Name xml:lang="en" xmlns="http://www.sdmx.org/resources/sdmxml/schemas/v2_1/common">Bregano</Name>
          <Parent>
            <Ref id="ITC41" xmlns="" />
          </Parent>
        </Code>
        <Code id="012019" urn="urn:sdmx:org.sdmx.infomodel.codelist.Code=IT1:CL_REFAREA(1.2).012019">
          <Name xml:lang="it" xmlns="http://www.sdmx.org/resources/sdmxml/schemas/v2_1/common">Brenta</Name>
          <Name xml:lang="en" xmlns="http://www.sdmx.org/resources/sdmxml/schemas/v2_1/common">Brenta</Name>
          <Parent>
            <Ref id="ITC41" xmlns="" />
          </Parent>
        </Code>
        <Code id="012020" urn="urn:sdmx:org.sdmx.infomodel.codelist.Code=IT1:CL_REFAREA(1.2).012020">
          <Name xml:lang="it" xmlns="http://www.sdmx.org/resources/sdmxml/schemas/v2_1/common">Brezzo di Bedero</Name>
          <Name xml:lang="en" xmlns="http://www.sdmx.org/resources/sdmxml/schemas/v2_1/common">Brezzo di Bedero</Name>
          <Parent>
            <Ref id="ITC41" xmlns="" />
          </Parent>
        </Code>
        <Code id="012021" urn="urn:sdmx:org.sdmx.infomodel.codelist.Code=IT1:CL_REFAREA(1.2).012021">
          <Name xml:lang="it" xmlns="http://www.sdmx.org/resources/sdmxml/schemas/v2_1/common">Brinzio</Name>
          <Name xml:lang="en" xmlns="http://www.sdmx.org/resources/sdmxml/schemas/v2_1/common">Brinzio</Name>
          <Parent>
            <Ref id="ITC41" xmlns="" />
          </Parent>
        </Code>
        <Code id="012022" urn="urn:sdmx:org.sdmx.infomodel.codelist.Code=IT1:CL_REFAREA(1.2).012022">
          <Name xml:lang="it" xmlns="http://www.sdmx.org/resources/sdmxml/schemas/v2_1/common">Brissago-Valtravaglia</Name>
          <Name xml:lang="en" xmlns="http://www.sdmx.org/resources/sdmxml/schemas/v2_1/common">Brissago-Valtravaglia</Name>
          <Parent>
            <Ref id="ITC41" xmlns="" />
          </Parent>
        </Code>
        <Code id="012023" urn="urn:sdmx:org.sdmx.infomodel.codelist.Code=IT1:CL_REFAREA(1.2).012023">
          <Name xml:lang="it" xmlns="http://www.sdmx.org/resources/sdmxml/schemas/v2_1/common">Brunello</Name>
          <Name xml:lang="en" xmlns="http://www.sdmx.org/resources/sdmxml/schemas/v2_1/common">Brunello</Name>
          <Parent>
            <Ref id="ITC41" xmlns="" />
          </Parent>
        </Code>
        <Code id="012024" urn="urn:sdmx:org.sdmx.infomodel.codelist.Code=IT1:CL_REFAREA(1.2).012024">
          <Name xml:lang="it" xmlns="http://www.sdmx.org/resources/sdmxml/schemas/v2_1/common">Brusimpiano</Name>
          <Name xml:lang="en" xmlns="http://www.sdmx.org/resources/sdmxml/schemas/v2_1/common">Brusimpiano</Name>
          <Parent>
            <Ref id="ITC41" xmlns="" />
          </Parent>
        </Code>
        <Code id="012025" urn="urn:sdmx:org.sdmx.infomodel.codelist.Code=IT1:CL_REFAREA(1.2).012025">
          <Name xml:lang="it" xmlns="http://www.sdmx.org/resources/sdmxml/schemas/v2_1/common">Buguggiate</Name>
          <Name xml:lang="en" xmlns="http://www.sdmx.org/resources/sdmxml/schemas/v2_1/common">Buguggiate</Name>
          <Parent>
            <Ref id="ITC41" xmlns="" />
          </Parent>
        </Code>
        <Code id="012026" urn="urn:sdmx:org.sdmx.infomodel.codelist.Code=IT1:CL_REFAREA(1.2).012026">
          <Name xml:lang="it" xmlns="http://www.sdmx.org/resources/sdmxml/schemas/v2_1/common">Busto Arsizio</Name>
          <Name xml:lang="en" xmlns="http://www.sdmx.org/resources/sdmxml/schemas/v2_1/common">Busto Arsizio</Name>
          <Parent>
            <Ref id="ITC41" xmlns="" />
          </Parent>
        </Code>
        <Code id="012027" urn="urn:sdmx:org.sdmx.infomodel.codelist.Code=IT1:CL_REFAREA(1.2).012027">
          <Name xml:lang="it" xmlns="http://www.sdmx.org/resources/sdmxml/schemas/v2_1/common">Cadegliano-Viconago</Name>
          <Name xml:lang="en" xmlns="http://www.sdmx.org/resources/sdmxml/schemas/v2_1/common">Cadegliano-Viconago</Name>
          <Parent>
            <Ref id="ITC41" xmlns="" />
          </Parent>
        </Code>
        <Code id="012028" urn="urn:sdmx:org.sdmx.infomodel.codelist.Code=IT1:CL_REFAREA(1.2).012028">
          <Name xml:lang="it" xmlns="http://www.sdmx.org/resources/sdmxml/schemas/v2_1/common">Cadrezzate</Name>
          <Name xml:lang="en" xmlns="http://www.sdmx.org/resources/sdmxml/schemas/v2_1/common">Cadrezzate</Name>
          <Parent>
            <Ref id="ITC41" xmlns="" />
          </Parent>
        </Code>
        <Code id="012029" urn="urn:sdmx:org.sdmx.infomodel.codelist.Code=IT1:CL_REFAREA(1.2).012029">
          <Name xml:lang="it" xmlns="http://www.sdmx.org/resources/sdmxml/schemas/v2_1/common">Cairate</Name>
          <Name xml:lang="en" xmlns="http://www.sdmx.org/resources/sdmxml/schemas/v2_1/common">Cairate</Name>
          <Parent>
            <Ref id="ITC41" xmlns="" />
          </Parent>
        </Code>
        <Code id="012030" urn="urn:sdmx:org.sdmx.infomodel.codelist.Code=IT1:CL_REFAREA(1.2).012030">
          <Name xml:lang="it" xmlns="http://www.sdmx.org/resources/sdmxml/schemas/v2_1/common">Cantello</Name>
          <Name xml:lang="en" xmlns="http://www.sdmx.org/resources/sdmxml/schemas/v2_1/common">Cantello</Name>
          <Parent>
            <Ref id="ITC41" xmlns="" />
          </Parent>
        </Code>
        <Code id="012031" urn="urn:sdmx:org.sdmx.infomodel.codelist.Code=IT1:CL_REFAREA(1.2).012031">
          <Name xml:lang="it" xmlns="http://www.sdmx.org/resources/sdmxml/schemas/v2_1/common">Caravate</Name>
          <Name xml:lang="en" xmlns="http://www.sdmx.org/resources/sdmxml/schemas/v2_1/common">Caravate</Name>
          <Parent>
            <Ref id="ITC41" xmlns="" />
          </Parent>
        </Code>
        <Code id="012032" urn="urn:sdmx:org.sdmx.infomodel.codelist.Code=IT1:CL_REFAREA(1.2).012032">
          <Name xml:lang="it" xmlns="http://www.sdmx.org/resources/sdmxml/schemas/v2_1/common">Cardano al Campo</Name>
          <Name xml:lang="en" xmlns="http://www.sdmx.org/resources/sdmxml/schemas/v2_1/common">Cardano al Campo</Name>
          <Parent>
            <Ref id="ITC41" xmlns="" />
          </Parent>
        </Code>
        <Code id="012033" urn="urn:sdmx:org.sdmx.infomodel.codelist.Code=IT1:CL_REFAREA(1.2).012033">
          <Name xml:lang="it" xmlns="http://www.sdmx.org/resources/sdmxml/schemas/v2_1/common">Carnago</Name>
          <Name xml:lang="en" xmlns="http://www.sdmx.org/resources/sdmxml/schemas/v2_1/common">Carnago</Name>
          <Parent>
            <Ref id="ITC41" xmlns="" />
          </Parent>
        </Code>
        <Code id="012034" urn="urn:sdmx:org.sdmx.infomodel.codelist.Code=IT1:CL_REFAREA(1.2).012034">
          <Name xml:lang="it" xmlns="http://www.sdmx.org/resources/sdmxml/schemas/v2_1/common">Caronno Pertusella</Name>
          <Name xml:lang="en" xmlns="http://www.sdmx.org/resources/sdmxml/schemas/v2_1/common">Caronno Pertusella</Name>
          <Parent>
            <Ref id="ITC41" xmlns="" />
          </Parent>
        </Code>
        <Code id="012035" urn="urn:sdmx:org.sdmx.infomodel.codelist.Code=IT1:CL_REFAREA(1.2).012035">
          <Name xml:lang="it" xmlns="http://www.sdmx.org/resources/sdmxml/schemas/v2_1/common">Caronno Varesino</Name>
          <Name xml:lang="en" xmlns="http://www.sdmx.org/resources/sdmxml/schemas/v2_1/common">Caronno Varesino</Name>
          <Parent>
            <Ref id="ITC41" xmlns="" />
          </Parent>
        </Code>
        <Code id="012036" urn="urn:sdmx:org.sdmx.infomodel.codelist.Code=IT1:CL_REFAREA(1.2).012036">
          <Name xml:lang="it" xmlns="http://www.sdmx.org/resources/sdmxml/schemas/v2_1/common">Casale Litta</Name>
          <Name xml:lang="en" xmlns="http://www.sdmx.org/resources/sdmxml/schemas/v2_1/common">Casale Litta</Name>
          <Parent>
            <Ref id="ITC41" xmlns="" />
          </Parent>
        </Code>
        <Code id="012037" urn="urn:sdmx:org.sdmx.infomodel.codelist.Code=IT1:CL_REFAREA(1.2).012037">
          <Name xml:lang="it" xmlns="http://www.sdmx.org/resources/sdmxml/schemas/v2_1/common">Casalzuigno</Name>
          <Name xml:lang="en" xmlns="http://www.sdmx.org/resources/sdmxml/schemas/v2_1/common">Casalzuigno</Name>
          <Parent>
            <Ref id="ITC41" xmlns="" />
          </Parent>
        </Code>
        <Code id="012038" urn="urn:sdmx:org.sdmx.infomodel.codelist.Code=IT1:CL_REFAREA(1.2).012038">
          <Name xml:lang="it" xmlns="http://www.sdmx.org/resources/sdmxml/schemas/v2_1/common">Casciago</Name>
          <Name xml:lang="en" xmlns="http://www.sdmx.org/resources/sdmxml/schemas/v2_1/common">Casciago</Name>
          <Parent>
            <Ref id="ITC41" xmlns="" />
          </Parent>
        </Code>
        <Code id="012039" urn="urn:sdmx:org.sdmx.infomodel.codelist.Code=IT1:CL_REFAREA(1.2).012039">
          <Name xml:lang="it" xmlns="http://www.sdmx.org/resources/sdmxml/schemas/v2_1/common">Casorate Sempione</Name>
          <Name xml:lang="en" xmlns="http://www.sdmx.org/resources/sdmxml/schemas/v2_1/common">Casorate Sempione</Name>
          <Parent>
            <Ref id="ITC41" xmlns="" />
          </Parent>
        </Code>
        <Code id="012040" urn="urn:sdmx:org.sdmx.infomodel.codelist.Code=IT1:CL_REFAREA(1.2).012040">
          <Name xml:lang="it" xmlns="http://www.sdmx.org/resources/sdmxml/schemas/v2_1/common">Cassano Magnago</Name>
          <Name xml:lang="en" xmlns="http://www.sdmx.org/resources/sdmxml/schemas/v2_1/common">Cassano Magnago</Name>
          <Parent>
            <Ref id="ITC41" xmlns="" />
          </Parent>
        </Code>
        <Code id="012041" urn="urn:sdmx:org.sdmx.infomodel.codelist.Code=IT1:CL_REFAREA(1.2).012041">
          <Name xml:lang="it" xmlns="http://www.sdmx.org/resources/sdmxml/schemas/v2_1/common">Cassano Valcuvia</Name>
          <Name xml:lang="en" xmlns="http://www.sdmx.org/resources/sdmxml/schemas/v2_1/common">Cassano Valcuvia</Name>
          <Parent>
            <Ref id="ITC41" xmlns="" />
          </Parent>
        </Code>
        <Code id="012042" urn="urn:sdmx:org.sdmx.infomodel.codelist.Code=IT1:CL_REFAREA(1.2).012042">
          <Name xml:lang="it" xmlns="http://www.sdmx.org/resources/sdmxml/schemas/v2_1/common">Castellanza</Name>
          <Name xml:lang="en" xmlns="http://www.sdmx.org/resources/sdmxml/schemas/v2_1/common">Castellanza</Name>
          <Parent>
            <Ref id="ITC41" xmlns="" />
          </Parent>
        </Code>
        <Code id="012043" urn="urn:sdmx:org.sdmx.infomodel.codelist.Code=IT1:CL_REFAREA(1.2).012043">
          <Name xml:lang="it" xmlns="http://www.sdmx.org/resources/sdmxml/schemas/v2_1/common">Castello Cabiaglio</Name>
          <Name xml:lang="en" xmlns="http://www.sdmx.org/resources/sdmxml/schemas/v2_1/common">Castello Cabiaglio</Name>
          <Parent>
            <Ref id="ITC41" xmlns="" />
          </Parent>
        </Code>
        <Code id="012044" urn="urn:sdmx:org.sdmx.infomodel.codelist.Code=IT1:CL_REFAREA(1.2).012044">
          <Name xml:lang="it" xmlns="http://www.sdmx.org/resources/sdmxml/schemas/v2_1/common">Castelseprio</Name>
          <Name xml:lang="en" xmlns="http://www.sdmx.org/resources/sdmxml/schemas/v2_1/common">Castelseprio</Name>
          <Parent>
            <Ref id="ITC41" xmlns="" />
          </Parent>
        </Code>
        <Code id="012045" urn="urn:sdmx:org.sdmx.infomodel.codelist.Code=IT1:CL_REFAREA(1.2).012045">
          <Name xml:lang="it" xmlns="http://www.sdmx.org/resources/sdmxml/schemas/v2_1/common">Castelveccana</Name>
          <Name xml:lang="en" xmlns="http://www.sdmx.org/resources/sdmxml/schemas/v2_1/common">Castelveccana</Name>
          <Parent>
            <Ref id="ITC41" xmlns="" />
          </Parent>
        </Code>
        <Code id="012046" urn="urn:sdmx:org.sdmx.infomodel.codelist.Code=IT1:CL_REFAREA(1.2).012046">
          <Name xml:lang="it" xmlns="http://www.sdmx.org/resources/sdmxml/schemas/v2_1/common">Castiglione Olona</Name>
          <Name xml:lang="en" xmlns="http://www.sdmx.org/resources/sdmxml/schemas/v2_1/common">Castiglione Olona</Name>
          <Parent>
            <Ref id="ITC41" xmlns="" />
          </Parent>
        </Code>
        <Code id="012047" urn="urn:sdmx:org.sdmx.infomodel.codelist.Code=IT1:CL_REFAREA(1.2).012047">
          <Name xml:lang="it" xmlns="http://www.sdmx.org/resources/sdmxml/schemas/v2_1/common">Castronno</Name>
          <Name xml:lang="en" xmlns="http://www.sdmx.org/resources/sdmxml/schemas/v2_1/common">Castronno</Name>
          <Parent>
            <Ref id="ITC41" xmlns="" />
          </Parent>
        </Code>
        <Code id="012048" urn="urn:sdmx:org.sdmx.infomodel.codelist.Code=IT1:CL_REFAREA(1.2).012048">
          <Name xml:lang="it" xmlns="http://www.sdmx.org/resources/sdmxml/schemas/v2_1/common">Cavaria con Premezzo</Name>
          <Name xml:lang="en" xmlns="http://www.sdmx.org/resources/sdmxml/schemas/v2_1/common">Cavaria con Premezzo</Name>
          <Parent>
            <Ref id="ITC41" xmlns="" />
          </Parent>
        </Code>
        <Code id="012049" urn="urn:sdmx:org.sdmx.infomodel.codelist.Code=IT1:CL_REFAREA(1.2).012049">
          <Name xml:lang="it" xmlns="http://www.sdmx.org/resources/sdmxml/schemas/v2_1/common">Cazzago Brabbia</Name>
          <Name xml:lang="en" xmlns="http://www.sdmx.org/resources/sdmxml/schemas/v2_1/common">Cazzago Brabbia</Name>
          <Parent>
            <Ref id="ITC41" xmlns="" />
          </Parent>
        </Code>
        <Code id="012050" urn="urn:sdmx:org.sdmx.infomodel.codelist.Code=IT1:CL_REFAREA(1.2).012050">
          <Name xml:lang="it" xmlns="http://www.sdmx.org/resources/sdmxml/schemas/v2_1/common">Cislago</Name>
          <Name xml:lang="en" xmlns="http://www.sdmx.org/resources/sdmxml/schemas/v2_1/common">Cislago</Name>
          <Parent>
            <Ref id="ITC41" xmlns="" />
          </Parent>
        </Code>
        <Code id="012051" urn="urn:sdmx:org.sdmx.infomodel.codelist.Code=IT1:CL_REFAREA(1.2).012051">
          <Name xml:lang="it" xmlns="http://www.sdmx.org/resources/sdmxml/schemas/v2_1/common">Cittiglio</Name>
          <Name xml:lang="en" xmlns="http://www.sdmx.org/resources/sdmxml/schemas/v2_1/common">Cittiglio</Name>
          <Parent>
            <Ref id="ITC41" xmlns="" />
          </Parent>
        </Code>
        <Code id="012052" urn="urn:sdmx:org.sdmx.infomodel.codelist.Code=IT1:CL_REFAREA(1.2).012052">
          <Name xml:lang="it" xmlns="http://www.sdmx.org/resources/sdmxml/schemas/v2_1/common">Clivio</Name>
          <Name xml:lang="en" xmlns="http://www.sdmx.org/resources/sdmxml/schemas/v2_1/common">Clivio</Name>
          <Parent>
            <Ref id="ITC41" xmlns="" />
          </Parent>
        </Code>
        <Code id="012053" urn="urn:sdmx:org.sdmx.infomodel.codelist.Code=IT1:CL_REFAREA(1.2).012053">
          <Name xml:lang="it" xmlns="http://www.sdmx.org/resources/sdmxml/schemas/v2_1/common">Cocquio-Trevisago</Name>
          <Name xml:lang="en" xmlns="http://www.sdmx.org/resources/sdmxml/schemas/v2_1/common">Cocquio-Trevisago</Name>
          <Parent>
            <Ref id="ITC41" xmlns="" />
          </Parent>
        </Code>
        <Code id="012054" urn="urn:sdmx:org.sdmx.infomodel.codelist.Code=IT1:CL_REFAREA(1.2).012054">
          <Name xml:lang="it" xmlns="http://www.sdmx.org/resources/sdmxml/schemas/v2_1/common">Comabbio</Name>
          <Name xml:lang="en" xmlns="http://www.sdmx.org/resources/sdmxml/schemas/v2_1/common">Comabbio</Name>
          <Parent>
            <Ref id="ITC41" xmlns="" />
          </Parent>
        </Code>
        <Code id="012055" urn="urn:sdmx:org.sdmx.infomodel.codelist.Code=IT1:CL_REFAREA(1.2).012055">
          <Name xml:lang="it" xmlns="http://www.sdmx.org/resources/sdmxml/schemas/v2_1/common">Comerio</Name>
          <Name xml:lang="en" xmlns="http://www.sdmx.org/resources/sdmxml/schemas/v2_1/common">Comerio</Name>
          <Parent>
            <Ref id="ITC41" xmlns="" />
          </Parent>
        </Code>
        <Code id="012056" urn="urn:sdmx:org.sdmx.infomodel.codelist.Code=IT1:CL_REFAREA(1.2).012056">
          <Name xml:lang="it" xmlns="http://www.sdmx.org/resources/sdmxml/schemas/v2_1/common">Cremenaga</Name>
          <Name xml:lang="en" xmlns="http://www.sdmx.org/resources/sdmxml/schemas/v2_1/common">Cremenaga</Name>
          <Parent>
            <Ref id="ITC41" xmlns="" />
          </Parent>
        </Code>
        <Code id="012057" urn="urn:sdmx:org.sdmx.infomodel.codelist.Code=IT1:CL_REFAREA(1.2).012057">
          <Name xml:lang="it" xmlns="http://www.sdmx.org/resources/sdmxml/schemas/v2_1/common">Crosio della Valle</Name>
          <Name xml:lang="en" xmlns="http://www.sdmx.org/resources/sdmxml/schemas/v2_1/common">Crosio della Valle</Name>
          <Parent>
            <Ref id="ITC41" xmlns="" />
          </Parent>
        </Code>
        <Code id="012058" urn="urn:sdmx:org.sdmx.infomodel.codelist.Code=IT1:CL_REFAREA(1.2).012058">
          <Name xml:lang="it" xmlns="http://www.sdmx.org/resources/sdmxml/schemas/v2_1/common">Cuasso al Monte</Name>
          <Name xml:lang="en" xmlns="http://www.sdmx.org/resources/sdmxml/schemas/v2_1/common">Cuasso al Monte</Name>
          <Parent>
            <Ref id="ITC41" xmlns="" />
          </Parent>
        </Code>
        <Code id="012059" urn="urn:sdmx:org.sdmx.infomodel.codelist.Code=IT1:CL_REFAREA(1.2).012059">
          <Name xml:lang="it" xmlns="http://www.sdmx.org/resources/sdmxml/schemas/v2_1/common">Cugliate-Fabiasco</Name>
          <Name xml:lang="en" xmlns="http://www.sdmx.org/resources/sdmxml/schemas/v2_1/common">Cugliate-Fabiasco</Name>
          <Parent>
            <Ref id="ITC41" xmlns="" />
          </Parent>
        </Code>
        <Code id="012060" urn="urn:sdmx:org.sdmx.infomodel.codelist.Code=IT1:CL_REFAREA(1.2).012060">
          <Name xml:lang="it" xmlns="http://www.sdmx.org/resources/sdmxml/schemas/v2_1/common">Cunardo</Name>
          <Name xml:lang="en" xmlns="http://www.sdmx.org/resources/sdmxml/schemas/v2_1/common">Cunardo</Name>
          <Parent>
            <Ref id="ITC41" xmlns="" />
          </Parent>
        </Code>
        <Code id="012061" urn="urn:sdmx:org.sdmx.infomodel.codelist.Code=IT1:CL_REFAREA(1.2).012061">
          <Name xml:lang="it" xmlns="http://www.sdmx.org/resources/sdmxml/schemas/v2_1/common">Curiglia con Monteviasco</Name>
          <Name xml:lang="en" xmlns="http://www.sdmx.org/resources/sdmxml/schemas/v2_1/common">Curiglia con Monteviasco</Name>
          <Parent>
            <Ref id="ITC41" xmlns="" />
          </Parent>
        </Code>
        <Code id="012062" urn="urn:sdmx:org.sdmx.infomodel.codelist.Code=IT1:CL_REFAREA(1.2).012062">
          <Name xml:lang="it" xmlns="http://www.sdmx.org/resources/sdmxml/schemas/v2_1/common">Cuveglio</Name>
          <Name xml:lang="en" xmlns="http://www.sdmx.org/resources/sdmxml/schemas/v2_1/common">Cuveglio</Name>
          <Parent>
            <Ref id="ITC41" xmlns="" />
          </Parent>
        </Code>
        <Code id="012063" urn="urn:sdmx:org.sdmx.infomodel.codelist.Code=IT1:CL_REFAREA(1.2).012063">
          <Name xml:lang="it" xmlns="http://www.sdmx.org/resources/sdmxml/schemas/v2_1/common">Cuvio</Name>
          <Name xml:lang="en" xmlns="http://www.sdmx.org/resources/sdmxml/schemas/v2_1/common">Cuvio</Name>
          <Parent>
            <Ref id="ITC41" xmlns="" />
          </Parent>
        </Code>
        <Code id="012064" urn="urn:sdmx:org.sdmx.infomodel.codelist.Code=IT1:CL_REFAREA(1.2).012064">
          <Name xml:lang="it" xmlns="http://www.sdmx.org/resources/sdmxml/schemas/v2_1/common">Daverio</Name>
          <Name xml:lang="en" xmlns="http://www.sdmx.org/resources/sdmxml/schemas/v2_1/common">Daverio</Name>
          <Parent>
            <Ref id="ITC41" xmlns="" />
          </Parent>
        </Code>
        <Code id="012065" urn="urn:sdmx:org.sdmx.infomodel.codelist.Code=IT1:CL_REFAREA(1.2).012065">
          <Name xml:lang="it" xmlns="http://www.sdmx.org/resources/sdmxml/schemas/v2_1/common">Dumenza</Name>
          <Name xml:lang="en" xmlns="http://www.sdmx.org/resources/sdmxml/schemas/v2_1/common">Dumenza</Name>
          <Parent>
            <Ref id="ITC41" xmlns="" />
          </Parent>
        </Code>
        <Code id="012066" urn="urn:sdmx:org.sdmx.infomodel.codelist.Code=IT1:CL_REFAREA(1.2).012066">
          <Name xml:lang="it" xmlns="http://www.sdmx.org/resources/sdmxml/schemas/v2_1/common">Duno</Name>
          <Name xml:lang="en" xmlns="http://www.sdmx.org/resources/sdmxml/schemas/v2_1/common">Duno</Name>
          <Parent>
            <Ref id="ITC41" xmlns="" />
          </Parent>
        </Code>
        <Code id="012067" urn="urn:sdmx:org.sdmx.infomodel.codelist.Code=IT1:CL_REFAREA(1.2).012067">
          <Name xml:lang="it" xmlns="http://www.sdmx.org/resources/sdmxml/schemas/v2_1/common">Fagnano Olona</Name>
          <Name xml:lang="en" xmlns="http://www.sdmx.org/resources/sdmxml/schemas/v2_1/common">Fagnano Olona</Name>
          <Parent>
            <Ref id="ITC41" xmlns="" />
          </Parent>
        </Code>
        <Code id="012068" urn="urn:sdmx:org.sdmx.infomodel.codelist.Code=IT1:CL_REFAREA(1.2).012068">
          <Name xml:lang="it" xmlns="http://www.sdmx.org/resources/sdmxml/schemas/v2_1/common">Ferno</Name>
          <Name xml:lang="en" xmlns="http://www.sdmx.org/resources/sdmxml/schemas/v2_1/common">Ferno</Name>
          <Parent>
            <Ref id="ITC41" xmlns="" />
          </Parent>
        </Code>
        <Code id="012069" urn="urn:sdmx:org.sdmx.infomodel.codelist.Code=IT1:CL_REFAREA(1.2).012069">
          <Name xml:lang="it" xmlns="http://www.sdmx.org/resources/sdmxml/schemas/v2_1/common">Ferrera di Varese</Name>
          <Name xml:lang="en" xmlns="http://www.sdmx.org/resources/sdmxml/schemas/v2_1/common">Ferrera di Varese</Name>
          <Parent>
            <Ref id="ITC41" xmlns="" />
          </Parent>
        </Code>
        <Code id="012070" urn="urn:sdmx:org.sdmx.infomodel.codelist.Code=IT1:CL_REFAREA(1.2).012070">
          <Name xml:lang="it" xmlns="http://www.sdmx.org/resources/sdmxml/schemas/v2_1/common">Gallarate</Name>
          <Name xml:lang="en" xmlns="http://www.sdmx.org/resources/sdmxml/schemas/v2_1/common">Gallarate</Name>
          <Parent>
            <Ref id="ITC41" xmlns="" />
          </Parent>
        </Code>
        <Code id="012071" urn="urn:sdmx:org.sdmx.infomodel.codelist.Code=IT1:CL_REFAREA(1.2).012071">
          <Name xml:lang="it" xmlns="http://www.sdmx.org/resources/sdmxml/schemas/v2_1/common">Galliate Lombardo</Name>
          <Name xml:lang="en" xmlns="http://www.sdmx.org/resources/sdmxml/schemas/v2_1/common">Galliate Lombardo</Name>
          <Parent>
            <Ref id="ITC41" xmlns="" />
          </Parent>
        </Code>
        <Code id="012072" urn="urn:sdmx:org.sdmx.infomodel.codelist.Code=IT1:CL_REFAREA(1.2).012072">
          <Name xml:lang="it" xmlns="http://www.sdmx.org/resources/sdmxml/schemas/v2_1/common">Gavirate</Name>
          <Name xml:lang="en" xmlns="http://www.sdmx.org/resources/sdmxml/schemas/v2_1/common">Gavirate</Name>
          <Parent>
            <Ref id="ITC41" xmlns="" />
          </Parent>
        </Code>
        <Code id="012073" urn="urn:sdmx:org.sdmx.infomodel.codelist.Code=IT1:CL_REFAREA(1.2).012073">
          <Name xml:lang="it" xmlns="http://www.sdmx.org/resources/sdmxml/schemas/v2_1/common">Gazzada Schianno</Name>
          <Name xml:lang="en" xmlns="http://www.sdmx.org/resources/sdmxml/schemas/v2_1/common">Gazzada Schianno</Name>
          <Parent>
            <Ref id="ITC41" xmlns="" />
          </Parent>
        </Code>
        <Code id="012074" urn="urn:sdmx:org.sdmx.infomodel.codelist.Code=IT1:CL_REFAREA(1.2).012074">
          <Name xml:lang="it" xmlns="http://www.sdmx.org/resources/sdmxml/schemas/v2_1/common">Gemonio</Name>
          <Name xml:lang="en" xmlns="http://www.sdmx.org/resources/sdmxml/schemas/v2_1/common">Gemonio</Name>
          <Parent>
            <Ref id="ITC41" xmlns="" />
          </Parent>
        </Code>
        <Code id="012075" urn="urn:sdmx:org.sdmx.infomodel.codelist.Code=IT1:CL_REFAREA(1.2).012075">
          <Name xml:lang="it" xmlns="http://www.sdmx.org/resources/sdmxml/schemas/v2_1/common">Gerenzano</Name>
          <Name xml:lang="en" xmlns="http://www.sdmx.org/resources/sdmxml/schemas/v2_1/common">Gerenzano</Name>
          <Parent>
            <Ref id="ITC41" xmlns="" />
          </Parent>
        </Code>
        <Code id="012076" urn="urn:sdmx:org.sdmx.infomodel.codelist.Code=IT1:CL_REFAREA(1.2).012076">
          <Name xml:lang="it" xmlns="http://www.sdmx.org/resources/sdmxml/schemas/v2_1/common">Germignaga</Name>
          <Name xml:lang="en" xmlns="http://www.sdmx.org/resources/sdmxml/schemas/v2_1/common">Germignaga</Name>
          <Parent>
            <Ref id="ITC41" xmlns="" />
          </Parent>
        </Code>
        <Code id="012077" urn="urn:sdmx:org.sdmx.infomodel.codelist.Code=IT1:CL_REFAREA(1.2).012077">
          <Name xml:lang="it" xmlns="http://www.sdmx.org/resources/sdmxml/schemas/v2_1/common">Golasecca</Name>
          <Name xml:lang="en" xmlns="http://www.sdmx.org/resources/sdmxml/schemas/v2_1/common">Golasecca</Name>
          <Parent>
            <Ref id="ITC41" xmlns="" />
          </Parent>
        </Code>
        <Code id="012078" urn="urn:sdmx:org.sdmx.infomodel.codelist.Code=IT1:CL_REFAREA(1.2).012078">
          <Name xml:lang="it" xmlns="http://www.sdmx.org/resources/sdmxml/schemas/v2_1/common">Gorla Maggiore</Name>
          <Name xml:lang="en" xmlns="http://www.sdmx.org/resources/sdmxml/schemas/v2_1/common">Gorla Maggiore</Name>
          <Parent>
            <Ref id="ITC41" xmlns="" />
          </Parent>
        </Code>
        <Code id="012079" urn="urn:sdmx:org.sdmx.infomodel.codelist.Code=IT1:CL_REFAREA(1.2).012079">
          <Name xml:lang="it" xmlns="http://www.sdmx.org/resources/sdmxml/schemas/v2_1/common">Gorla Minore</Name>
          <Name xml:lang="en" xmlns="http://www.sdmx.org/resources/sdmxml/schemas/v2_1/common">Gorla Minore</Name>
          <Parent>
            <Ref id="ITC41" xmlns="" />
          </Parent>
        </Code>
        <Code id="012080" urn="urn:sdmx:org.sdmx.infomodel.codelist.Code=IT1:CL_REFAREA(1.2).012080">
          <Name xml:lang="it" xmlns="http://www.sdmx.org/resources/sdmxml/schemas/v2_1/common">Gornate-Olona</Name>
          <Name xml:lang="en" xmlns="http://www.sdmx.org/resources/sdmxml/schemas/v2_1/common">Gornate-Olona</Name>
          <Parent>
            <Ref id="ITC41" xmlns="" />
          </Parent>
        </Code>
        <Code id="012081" urn="urn:sdmx:org.sdmx.infomodel.codelist.Code=IT1:CL_REFAREA(1.2).012081">
          <Name xml:lang="it" xmlns="http://www.sdmx.org/resources/sdmxml/schemas/v2_1/common">Grantola</Name>
          <Name xml:lang="en" xmlns="http://www.sdmx.org/resources/sdmxml/schemas/v2_1/common">Grantola</Name>
          <Parent>
            <Ref id="ITC41" xmlns="" />
          </Parent>
        </Code>
        <Code id="012082" urn="urn:sdmx:org.sdmx.infomodel.codelist.Code=IT1:CL_REFAREA(1.2).012082">
          <Name xml:lang="it" xmlns="http://www.sdmx.org/resources/sdmxml/schemas/v2_1/common">Inarzo</Name>
          <Name xml:lang="en" xmlns="http://www.sdmx.org/resources/sdmxml/schemas/v2_1/common">Inarzo</Name>
          <Parent>
            <Ref id="ITC41" xmlns="" />
          </Parent>
        </Code>
        <Code id="012083" urn="urn:sdmx:org.sdmx.infomodel.codelist.Code=IT1:CL_REFAREA(1.2).012083">
          <Name xml:lang="it" xmlns="http://www.sdmx.org/resources/sdmxml/schemas/v2_1/common">Induno Olona</Name>
          <Name xml:lang="en" xmlns="http://www.sdmx.org/resources/sdmxml/schemas/v2_1/common">Induno Olona</Name>
          <Parent>
            <Ref id="ITC41" xmlns="" />
          </Parent>
        </Code>
        <Code id="012084" urn="urn:sdmx:org.sdmx.infomodel.codelist.Code=IT1:CL_REFAREA(1.2).012084">
          <Name xml:lang="it" xmlns="http://www.sdmx.org/resources/sdmxml/schemas/v2_1/common">Ispra</Name>
          <Name xml:lang="en" xmlns="http://www.sdmx.org/resources/sdmxml/schemas/v2_1/common">Ispra</Name>
          <Parent>
            <Ref id="ITC41" xmlns="" />
          </Parent>
        </Code>
        <Code id="012085" urn="urn:sdmx:org.sdmx.infomodel.codelist.Code=IT1:CL_REFAREA(1.2).012085">
          <Name xml:lang="it" xmlns="http://www.sdmx.org/resources/sdmxml/schemas/v2_1/common">Jerago con Orago</Name>
          <Name xml:lang="en" xmlns="http://www.sdmx.org/resources/sdmxml/schemas/v2_1/common">Jerago con Orago</Name>
          <Parent>
            <Ref id="ITC41" xmlns="" />
          </Parent>
        </Code>
        <Code id="012086" urn="urn:sdmx:org.sdmx.infomodel.codelist.Code=IT1:CL_REFAREA(1.2).012086">
          <Name xml:lang="it" xmlns="http://www.sdmx.org/resources/sdmxml/schemas/v2_1/common">Lavena Ponte Tresa</Name>
          <Name xml:lang="en" xmlns="http://www.sdmx.org/resources/sdmxml/schemas/v2_1/common">Lavena Ponte Tresa</Name>
          <Parent>
            <Ref id="ITC41" xmlns="" />
          </Parent>
        </Code>
        <Code id="012087" urn="urn:sdmx:org.sdmx.infomodel.codelist.Code=IT1:CL_REFAREA(1.2).012087">
          <Name xml:lang="it" xmlns="http://www.sdmx.org/resources/sdmxml/schemas/v2_1/common">Laveno-Mombello</Name>
          <Name xml:lang="en" xmlns="http://www.sdmx.org/resources/sdmxml/schemas/v2_1/common">Laveno-Mombello</Name>
          <Parent>
            <Ref id="ITC41" xmlns="" />
          </Parent>
        </Code>
        <Code id="012088" urn="urn:sdmx:org.sdmx.infomodel.codelist.Code=IT1:CL_REFAREA(1.2).012088">
          <Name xml:lang="it" xmlns="http://www.sdmx.org/resources/sdmxml/schemas/v2_1/common">Leggiuno</Name>
          <Name xml:lang="en" xmlns="http://www.sdmx.org/resources/sdmxml/schemas/v2_1/common">Leggiuno</Name>
          <Parent>
            <Ref id="ITC41" xmlns="" />
          </Parent>
        </Code>
        <Code id="012089" urn="urn:sdmx:org.sdmx.infomodel.codelist.Code=IT1:CL_REFAREA(1.2).012089">
          <Name xml:lang="it" xmlns="http://www.sdmx.org/resources/sdmxml/schemas/v2_1/common">Lonate Ceppino</Name>
          <Name xml:lang="en" xmlns="http://www.sdmx.org/resources/sdmxml/schemas/v2_1/common">Lonate Ceppino</Name>
          <Parent>
            <Ref id="ITC41" xmlns="" />
          </Parent>
        </Code>
        <Code id="012090" urn="urn:sdmx:org.sdmx.infomodel.codelist.Code=IT1:CL_REFAREA(1.2).012090">
          <Name xml:lang="it" xmlns="http://www.sdmx.org/resources/sdmxml/schemas/v2_1/common">Lonate Pozzolo</Name>
          <Name xml:lang="en" xmlns="http://www.sdmx.org/resources/sdmxml/schemas/v2_1/common">Lonate Pozzolo</Name>
          <Parent>
            <Ref id="ITC41" xmlns="" />
          </Parent>
        </Code>
        <Code id="012091" urn="urn:sdmx:org.sdmx.infomodel.codelist.Code=IT1:CL_REFAREA(1.2).012091">
          <Name xml:lang="it" xmlns="http://www.sdmx.org/resources/sdmxml/schemas/v2_1/common">Lozza</Name>
          <Name xml:lang="en" xmlns="http://www.sdmx.org/resources/sdmxml/schemas/v2_1/common">Lozza</Name>
          <Parent>
            <Ref id="ITC41" xmlns="" />
          </Parent>
        </Code>
        <Code id="012092" urn="urn:sdmx:org.sdmx.infomodel.codelist.Code=IT1:CL_REFAREA(1.2).012092">
          <Name xml:lang="it" xmlns="http://www.sdmx.org/resources/sdmxml/schemas/v2_1/common">Luino</Name>
          <Name xml:lang="en" xmlns="http://www.sdmx.org/resources/sdmxml/schemas/v2_1/common">Luino</Name>
          <Parent>
            <Ref id="ITC41" xmlns="" />
          </Parent>
        </Code>
        <Code id="012093" urn="urn:sdmx:org.sdmx.infomodel.codelist.Code=IT1:CL_REFAREA(1.2).012093">
          <Name xml:lang="it" xmlns="http://www.sdmx.org/resources/sdmxml/schemas/v2_1/common">Luvinate</Name>
          <Name xml:lang="en" xmlns="http://www.sdmx.org/resources/sdmxml/schemas/v2_1/common">Luvinate</Name>
          <Parent>
            <Ref id="ITC41" xmlns="" />
          </Parent>
        </Code>
        <Code id="012094" urn="urn:sdmx:org.sdmx.infomodel.codelist.Code=IT1:CL_REFAREA(1.2).012094">
          <Name xml:lang="it" xmlns="http://www.sdmx.org/resources/sdmxml/schemas/v2_1/common">Maccagno</Name>
          <Name xml:lang="en" xmlns="http://www.sdmx.org/resources/sdmxml/schemas/v2_1/common">Maccagno</Name>
          <Parent>
            <Ref id="ITC41" xmlns="" />
          </Parent>
        </Code>
        <Code id="012095" urn="urn:sdmx:org.sdmx.infomodel.codelist.Code=IT1:CL_REFAREA(1.2).012095">
          <Name xml:lang="it" xmlns="http://www.sdmx.org/resources/sdmxml/schemas/v2_1/common">Malgesso</Name>
          <Name xml:lang="en" xmlns="http://www.sdmx.org/resources/sdmxml/schemas/v2_1/common">Malgesso</Name>
          <Parent>
            <Ref id="ITC41" xmlns="" />
          </Parent>
        </Code>
        <Code id="012096" urn="urn:sdmx:org.sdmx.infomodel.codelist.Code=IT1:CL_REFAREA(1.2).012096">
          <Name xml:lang="it" xmlns="http://www.sdmx.org/resources/sdmxml/schemas/v2_1/common">Malnate</Name>
          <Name xml:lang="en" xmlns="http://www.sdmx.org/resources/sdmxml/schemas/v2_1/common">Malnate</Name>
          <Parent>
            <Ref id="ITC41" xmlns="" />
          </Parent>
        </Code>
        <Code id="012097" urn="urn:sdmx:org.sdmx.infomodel.codelist.Code=IT1:CL_REFAREA(1.2).012097">
          <Name xml:lang="it" xmlns="http://www.sdmx.org/resources/sdmxml/schemas/v2_1/common">Marchirolo</Name>
          <Name xml:lang="en" xmlns="http://www.sdmx.org/resources/sdmxml/schemas/v2_1/common">Marchirolo</Name>
          <Parent>
            <Ref id="ITC41" xmlns="" />
          </Parent>
        </Code>
        <Code id="012098" urn="urn:sdmx:org.sdmx.infomodel.codelist.Code=IT1:CL_REFAREA(1.2).012098">
          <Name xml:lang="it" xmlns="http://www.sdmx.org/resources/sdmxml/schemas/v2_1/common">Marnate</Name>
          <Name xml:lang="en" xmlns="http://www.sdmx.org/resources/sdmxml/schemas/v2_1/common">Marnate</Name>
          <Parent>
            <Ref id="ITC41" xmlns="" />
          </Parent>
        </Code>
        <Code id="012099" urn="urn:sdmx:org.sdmx.infomodel.codelist.Code=IT1:CL_REFAREA(1.2).012099">
          <Name xml:lang="it" xmlns="http://www.sdmx.org/resources/sdmxml/schemas/v2_1/common">Marzio</Name>
          <Name xml:lang="en" xmlns="http://www.sdmx.org/resources/sdmxml/schemas/v2_1/common">Marzio</Name>
          <Parent>
            <Ref id="ITC41" xmlns="" />
          </Parent>
        </Code>
        <Code id="012100" urn="urn:sdmx:org.sdmx.infomodel.codelist.Code=IT1:CL_REFAREA(1.2).012100">
          <Name xml:lang="it" xmlns="http://www.sdmx.org/resources/sdmxml/schemas/v2_1/common">Masciago Primo</Name>
          <Name xml:lang="en" xmlns="http://www.sdmx.org/resources/sdmxml/schemas/v2_1/common">Masciago Primo</Name>
          <Parent>
            <Ref id="ITC41" xmlns="" />
          </Parent>
        </Code>
        <Code id="012101" urn="urn:sdmx:org.sdmx.infomodel.codelist.Code=IT1:CL_REFAREA(1.2).012101">
          <Name xml:lang="it" xmlns="http://www.sdmx.org/resources/sdmxml/schemas/v2_1/common">Mercallo</Name>
          <Name xml:lang="en" xmlns="http://www.sdmx.org/resources/sdmxml/schemas/v2_1/common">Mercallo</Name>
          <Parent>
            <Ref id="ITC41" xmlns="" />
          </Parent>
        </Code>
        <Code id="012102" urn="urn:sdmx:org.sdmx.infomodel.codelist.Code=IT1:CL_REFAREA(1.2).012102">
          <Name xml:lang="it" xmlns="http://www.sdmx.org/resources/sdmxml/schemas/v2_1/common">Mesenzana</Name>
          <Name xml:lang="en" xmlns="http://www.sdmx.org/resources/sdmxml/schemas/v2_1/common">Mesenzana</Name>
          <Parent>
            <Ref id="ITC41" xmlns="" />
          </Parent>
        </Code>
        <Code id="012103" urn="urn:sdmx:org.sdmx.infomodel.codelist.Code=IT1:CL_REFAREA(1.2).012103">
          <Name xml:lang="it" xmlns="http://www.sdmx.org/resources/sdmxml/schemas/v2_1/common">Montegrino Valtravaglia</Name>
          <Name xml:lang="en" xmlns="http://www.sdmx.org/resources/sdmxml/schemas/v2_1/common">Montegrino Valtravaglia</Name>
          <Parent>
            <Ref id="ITC41" xmlns="" />
          </Parent>
        </Code>
        <Code id="012104" urn="urn:sdmx:org.sdmx.infomodel.codelist.Code=IT1:CL_REFAREA(1.2).012104">
          <Name xml:lang="it" xmlns="http://www.sdmx.org/resources/sdmxml/schemas/v2_1/common">Monvalle</Name>
          <Name xml:lang="en" xmlns="http://www.sdmx.org/resources/sdmxml/schemas/v2_1/common">Monvalle</Name>
          <Parent>
            <Ref id="ITC41" xmlns="" />
          </Parent>
        </Code>
        <Code id="012105" urn="urn:sdmx:org.sdmx.infomodel.codelist.Code=IT1:CL_REFAREA(1.2).012105">
          <Name xml:lang="it" xmlns="http://www.sdmx.org/resources/sdmxml/schemas/v2_1/common">Morazzone</Name>
          <Name xml:lang="en" xmlns="http://www.sdmx.org/resources/sdmxml/schemas/v2_1/common">Morazzone</Name>
          <Parent>
            <Ref id="ITC41" xmlns="" />
          </Parent>
        </Code>
        <Code id="012106" urn="urn:sdmx:org.sdmx.infomodel.codelist.Code=IT1:CL_REFAREA(1.2).012106">
          <Name xml:lang="it" xmlns="http://www.sdmx.org/resources/sdmxml/schemas/v2_1/common">Mornago</Name>
          <Name xml:lang="en" xmlns="http://www.sdmx.org/resources/sdmxml/schemas/v2_1/common">Mornago</Name>
          <Parent>
            <Ref id="ITC41" xmlns="" />
          </Parent>
        </Code>
        <Code id="012107" urn="urn:sdmx:org.sdmx.infomodel.codelist.Code=IT1:CL_REFAREA(1.2).012107">
          <Name xml:lang="it" xmlns="http://www.sdmx.org/resources/sdmxml/schemas/v2_1/common">Oggiona con Santo Stefano</Name>
          <Name xml:lang="en" xmlns="http://www.sdmx.org/resources/sdmxml/schemas/v2_1/common">Oggiona con Santo Stefano</Name>
          <Parent>
            <Ref id="ITC41" xmlns="" />
          </Parent>
        </Code>
        <Code id="012108" urn="urn:sdmx:org.sdmx.infomodel.codelist.Code=IT1:CL_REFAREA(1.2).012108">
          <Name xml:lang="it" xmlns="http://www.sdmx.org/resources/sdmxml/schemas/v2_1/common">Olgiate Olona</Name>
          <Name xml:lang="en" xmlns="http://www.sdmx.org/resources/sdmxml/schemas/v2_1/common">Olgiate Olona</Name>
          <Parent>
            <Ref id="ITC41" xmlns="" />
          </Parent>
        </Code>
        <Code id="012109" urn="urn:sdmx:org.sdmx.infomodel.codelist.Code=IT1:CL_REFAREA(1.2).012109">
          <Name xml:lang="it" xmlns="http://www.sdmx.org/resources/sdmxml/schemas/v2_1/common">Origgio</Name>
          <Name xml:lang="en" xmlns="http://www.sdmx.org/resources/sdmxml/schemas/v2_1/common">Origgio</Name>
          <Parent>
            <Ref id="ITC41" xmlns="" />
          </Parent>
        </Code>
        <Code id="012110" urn="urn:sdmx:org.sdmx.infomodel.codelist.Code=IT1:CL_REFAREA(1.2).012110">
          <Name xml:lang="it" xmlns="http://www.sdmx.org/resources/sdmxml/schemas/v2_1/common">Orino</Name>
          <Name xml:lang="en" xmlns="http://www.sdmx.org/resources/sdmxml/schemas/v2_1/common">Orino</Name>
          <Parent>
            <Ref id="ITC41" xmlns="" />
          </Parent>
        </Code>
        <Code id="012111" urn="urn:sdmx:org.sdmx.infomodel.codelist.Code=IT1:CL_REFAREA(1.2).012111">
          <Name xml:lang="it" xmlns="http://www.sdmx.org/resources/sdmxml/schemas/v2_1/common">Osmate</Name>
          <Name xml:lang="en" xmlns="http://www.sdmx.org/resources/sdmxml/schemas/v2_1/common">Osmate</Name>
          <Parent>
            <Ref id="ITC41" xmlns="" />
          </Parent>
        </Code>
        <Code id="012112" urn="urn:sdmx:org.sdmx.infomodel.codelist.Code=IT1:CL_REFAREA(1.2).012112">
          <Name xml:lang="it" xmlns="http://www.sdmx.org/resources/sdmxml/schemas/v2_1/common">Pino sulla Sponda del Lago Maggiore</Name>
          <Name xml:lang="en" xmlns="http://www.sdmx.org/resources/sdmxml/schemas/v2_1/common">Pino sulla Sponda del Lago Maggiore</Name>
          <Parent>
            <Ref id="ITC41" xmlns="" />
          </Parent>
        </Code>
        <Code id="012113" urn="urn:sdmx:org.sdmx.infomodel.codelist.Code=IT1:CL_REFAREA(1.2).012113">
          <Name xml:lang="it" xmlns="http://www.sdmx.org/resources/sdmxml/schemas/v2_1/common">Porto Ceresio</Name>
          <Name xml:lang="en" xmlns="http://www.sdmx.org/resources/sdmxml/schemas/v2_1/common">Porto Ceresio</Name>
          <Parent>
            <Ref id="ITC41" xmlns="" />
          </Parent>
        </Code>
        <Code id="012114" urn="urn:sdmx:org.sdmx.infomodel.codelist.Code=IT1:CL_REFAREA(1.2).012114">
          <Name xml:lang="it" xmlns="http://www.sdmx.org/resources/sdmxml/schemas/v2_1/common">Porto Valtravaglia</Name>
          <Name xml:lang="en" xmlns="http://www.sdmx.org/resources/sdmxml/schemas/v2_1/common">Porto Valtravaglia</Name>
          <Parent>
            <Ref id="ITC41" xmlns="" />
          </Parent>
        </Code>
        <Code id="012115" urn="urn:sdmx:org.sdmx.infomodel.codelist.Code=IT1:CL_REFAREA(1.2).012115">
          <Name xml:lang="it" xmlns="http://www.sdmx.org/resources/sdmxml/schemas/v2_1/common">Rancio Valcuvia</Name>
          <Name xml:lang="en" xmlns="http://www.sdmx.org/resources/sdmxml/schemas/v2_1/common">Rancio Valcuvia</Name>
          <Parent>
            <Ref id="ITC41" xmlns="" />
          </Parent>
        </Code>
        <Code id="012116" urn="urn:sdmx:org.sdmx.infomodel.codelist.Code=IT1:CL_REFAREA(1.2).012116">
          <Name xml:lang="it" xmlns="http://www.sdmx.org/resources/sdmxml/schemas/v2_1/common">Ranco</Name>
          <Name xml:lang="en" xmlns="http://www.sdmx.org/resources/sdmxml/schemas/v2_1/common">Ranco</Name>
          <Parent>
            <Ref id="ITC41" xmlns="" />
          </Parent>
        </Code>
        <Code id="012117" urn="urn:sdmx:org.sdmx.infomodel.codelist.Code=IT1:CL_REFAREA(1.2).012117">
          <Name xml:lang="it" xmlns="http://www.sdmx.org/resources/sdmxml/schemas/v2_1/common">Saltrio</Name>
          <Name xml:lang="en" xmlns="http://www.sdmx.org/resources/sdmxml/schemas/v2_1/common">Saltrio</Name>
          <Parent>
            <Ref id="ITC41" xmlns="" />
          </Parent>
        </Code>
        <Code id="012118" urn="urn:sdmx:org.sdmx.infomodel.codelist.Code=IT1:CL_REFAREA(1.2).012118">
          <Name xml:lang="it" xmlns="http://www.sdmx.org/resources/sdmxml/schemas/v2_1/common">Samarate</Name>
          <Name xml:lang="en" xmlns="http://www.sdmx.org/resources/sdmxml/schemas/v2_1/common">Samarate</Name>
          <Parent>
            <Ref id="ITC41" xmlns="" />
          </Parent>
        </Code>
        <Code id="012119" urn="urn:sdmx:org.sdmx.infomodel.codelist.Code=IT1:CL_REFAREA(1.2).012119">
          <Name xml:lang="it" xmlns="http://www.sdmx.org/resources/sdmxml/schemas/v2_1/common">Saronno</Name>
          <Name xml:lang="en" xmlns="http://www.sdmx.org/resources/sdmxml/schemas/v2_1/common">Saronno</Name>
          <Parent>
            <Ref id="ITC41" xmlns="" />
          </Parent>
        </Code>
        <Code id="012120" urn="urn:sdmx:org.sdmx.infomodel.codelist.Code=IT1:CL_REFAREA(1.2).012120">
          <Name xml:lang="it" xmlns="http://www.sdmx.org/resources/sdmxml/schemas/v2_1/common">Sesto Calende</Name>
          <Name xml:lang="en" xmlns="http://www.sdmx.org/resources/sdmxml/schemas/v2_1/common">Sesto Calende</Name>
          <Parent>
            <Ref id="ITC41" xmlns="" />
          </Parent>
        </Code>
        <Code id="012121" urn="urn:sdmx:org.sdmx.infomodel.codelist.Code=IT1:CL_REFAREA(1.2).012121">
          <Name xml:lang="it" xmlns="http://www.sdmx.org/resources/sdmxml/schemas/v2_1/common">Solbiate Arno</Name>
          <Name xml:lang="en" xmlns="http://www.sdmx.org/resources/sdmxml/schemas/v2_1/common">Solbiate Arno</Name>
          <Parent>
            <Ref id="ITC41" xmlns="" />
          </Parent>
        </Code>
        <Code id="012122" urn="urn:sdmx:org.sdmx.infomodel.codelist.Code=IT1:CL_REFAREA(1.2).012122">
          <Name xml:lang="it" xmlns="http://www.sdmx.org/resources/sdmxml/schemas/v2_1/common">Solbiate Olona</Name>
          <Name xml:lang="en" xmlns="http://www.sdmx.org/resources/sdmxml/schemas/v2_1/common">Solbiate Olona</Name>
          <Parent>
            <Ref id="ITC41" xmlns="" />
          </Parent>
        </Code>
        <Code id="012123" urn="urn:sdmx:org.sdmx.infomodel.codelist.Code=IT1:CL_REFAREA(1.2).012123">
          <Name xml:lang="it" xmlns="http://www.sdmx.org/resources/sdmxml/schemas/v2_1/common">Somma Lombardo</Name>
          <Name xml:lang="en" xmlns="http://www.sdmx.org/resources/sdmxml/schemas/v2_1/common">Somma Lombardo</Name>
          <Parent>
            <Ref id="ITC41" xmlns="" />
          </Parent>
        </Code>
        <Code id="012124" urn="urn:sdmx:org.sdmx.infomodel.codelist.Code=IT1:CL_REFAREA(1.2).012124">
          <Name xml:lang="it" xmlns="http://www.sdmx.org/resources/sdmxml/schemas/v2_1/common">Sumirago</Name>
          <Name xml:lang="en" xmlns="http://www.sdmx.org/resources/sdmxml/schemas/v2_1/common">Sumirago</Name>
          <Parent>
            <Ref id="ITC41" xmlns="" />
          </Parent>
        </Code>
        <Code id="012125" urn="urn:sdmx:org.sdmx.infomodel.codelist.Code=IT1:CL_REFAREA(1.2).012125">
          <Name xml:lang="it" xmlns="http://www.sdmx.org/resources/sdmxml/schemas/v2_1/common">Taino</Name>
          <Name xml:lang="en" xmlns="http://www.sdmx.org/resources/sdmxml/schemas/v2_1/common">Taino</Name>
          <Parent>
            <Ref id="ITC41" xmlns="" />
          </Parent>
        </Code>
        <Code id="012126" urn="urn:sdmx:org.sdmx.infomodel.codelist.Code=IT1:CL_REFAREA(1.2).012126">
          <Name xml:lang="it" xmlns="http://www.sdmx.org/resources/sdmxml/schemas/v2_1/common">Ternate</Name>
          <Name xml:lang="en" xmlns="http://www.sdmx.org/resources/sdmxml/schemas/v2_1/common">Ternate</Name>
          <Parent>
            <Ref id="ITC41" xmlns="" />
          </Parent>
        </Code>
        <Code id="012127" urn="urn:sdmx:org.sdmx.infomodel.codelist.Code=IT1:CL_REFAREA(1.2).012127">
          <Name xml:lang="it" xmlns="http://www.sdmx.org/resources/sdmxml/schemas/v2_1/common">Tradate</Name>
          <Name xml:lang="en" xmlns="http://www.sdmx.org/resources/sdmxml/schemas/v2_1/common">Tradate</Name>
          <Parent>
            <Ref id="ITC41" xmlns="" />
          </Parent>
        </Code>
        <Code id="012128" urn="urn:sdmx:org.sdmx.infomodel.codelist.Code=IT1:CL_REFAREA(1.2).012128">
          <Name xml:lang="it" xmlns="http://www.sdmx.org/resources/sdmxml/schemas/v2_1/common">Travedona-Monate</Name>
          <Name xml:lang="en" xmlns="http://www.sdmx.org/resources/sdmxml/schemas/v2_1/common">Travedona-Monate</Name>
          <Parent>
            <Ref id="ITC41" xmlns="" />
          </Parent>
        </Code>
        <Code id="012129" urn="urn:sdmx:org.sdmx.infomodel.codelist.Code=IT1:CL_REFAREA(1.2).012129">
          <Name xml:lang="it" xmlns="http://www.sdmx.org/resources/sdmxml/schemas/v2_1/common">Tronzano Lago Maggiore</Name>
          <Name xml:lang="en" xmlns="http://www.sdmx.org/resources/sdmxml/schemas/v2_1/common">Tronzano Lago Maggiore</Name>
          <Parent>
            <Ref id="ITC41" xmlns="" />
          </Parent>
        </Code>
        <Code id="012130" urn="urn:sdmx:org.sdmx.infomodel.codelist.Code=IT1:CL_REFAREA(1.2).012130">
          <Name xml:lang="it" xmlns="http://www.sdmx.org/resources/sdmxml/schemas/v2_1/common">Uboldo</Name>
          <Name xml:lang="en" xmlns="http://www.sdmx.org/resources/sdmxml/schemas/v2_1/common">Uboldo</Name>
          <Parent>
            <Ref id="ITC41" xmlns="" />
          </Parent>
        </Code>
        <Code id="012131" urn="urn:sdmx:org.sdmx.infomodel.codelist.Code=IT1:CL_REFAREA(1.2).012131">
          <Name xml:lang="it" xmlns="http://www.sdmx.org/resources/sdmxml/schemas/v2_1/common">Valganna</Name>
          <Name xml:lang="en" xmlns="http://www.sdmx.org/resources/sdmxml/schemas/v2_1/common">Valganna</Name>
          <Parent>
            <Ref id="ITC41" xmlns="" />
          </Parent>
        </Code>
        <Code id="012132" urn="urn:sdmx:org.sdmx.infomodel.codelist.Code=IT1:CL_REFAREA(1.2).012132">
          <Name xml:lang="it" xmlns="http://www.sdmx.org/resources/sdmxml/schemas/v2_1/common">Varano Borghi</Name>
          <Name xml:lang="en" xmlns="http://www.sdmx.org/resources/sdmxml/schemas/v2_1/common">Varano Borghi</Name>
          <Parent>
            <Ref id="ITC41" xmlns="" />
          </Parent>
        </Code>
        <Code id="012133" urn="urn:sdmx:org.sdmx.infomodel.codelist.Code=IT1:CL_REFAREA(1.2).012133">
          <Name xml:lang="it" xmlns="http://www.sdmx.org/resources/sdmxml/schemas/v2_1/common">Varese</Name>
          <Name xml:lang="en" xmlns="http://www.sdmx.org/resources/sdmxml/schemas/v2_1/common">Varese</Name>
          <Parent>
            <Ref id="ITC41" xmlns="" />
          </Parent>
        </Code>
        <Code id="012134" urn="urn:sdmx:org.sdmx.infomodel.codelist.Code=IT1:CL_REFAREA(1.2).012134">
          <Name xml:lang="it" xmlns="http://www.sdmx.org/resources/sdmxml/schemas/v2_1/common">Vedano Olona</Name>
          <Name xml:lang="en" xmlns="http://www.sdmx.org/resources/sdmxml/schemas/v2_1/common">Vedano Olona</Name>
          <Parent>
            <Ref id="ITC41" xmlns="" />
          </Parent>
        </Code>
        <Code id="012135" urn="urn:sdmx:org.sdmx.infomodel.codelist.Code=IT1:CL_REFAREA(1.2).012135">
          <Name xml:lang="it" xmlns="http://www.sdmx.org/resources/sdmxml/schemas/v2_1/common">Veddasca</Name>
          <Name xml:lang="en" xmlns="http://www.sdmx.org/resources/sdmxml/schemas/v2_1/common">Veddasca</Name>
          <Parent>
            <Ref id="ITC41" xmlns="" />
          </Parent>
        </Code>
        <Code id="012136" urn="urn:sdmx:org.sdmx.infomodel.codelist.Code=IT1:CL_REFAREA(1.2).012136">
          <Name xml:lang="it" xmlns="http://www.sdmx.org/resources/sdmxml/schemas/v2_1/common">Venegono Inferiore</Name>
          <Name xml:lang="en" xmlns="http://www.sdmx.org/resources/sdmxml/schemas/v2_1/common">Venegono Inferiore</Name>
          <Parent>
            <Ref id="ITC41" xmlns="" />
          </Parent>
        </Code>
        <Code id="012137" urn="urn:sdmx:org.sdmx.infomodel.codelist.Code=IT1:CL_REFAREA(1.2).012137">
          <Name xml:lang="it" xmlns="http://www.sdmx.org/resources/sdmxml/schemas/v2_1/common">Venegono Superiore</Name>
          <Name xml:lang="en" xmlns="http://www.sdmx.org/resources/sdmxml/schemas/v2_1/common">Venegono Superiore</Name>
          <Parent>
            <Ref id="ITC41" xmlns="" />
          </Parent>
        </Code>
        <Code id="012138" urn="urn:sdmx:org.sdmx.infomodel.codelist.Code=IT1:CL_REFAREA(1.2).012138">
          <Name xml:lang="it" xmlns="http://www.sdmx.org/resources/sdmxml/schemas/v2_1/common">Vergiate</Name>
          <Name xml:lang="en" xmlns="http://www.sdmx.org/resources/sdmxml/schemas/v2_1/common">Vergiate</Name>
          <Parent>
            <Ref id="ITC41" xmlns="" />
          </Parent>
        </Code>
        <Code id="012139" urn="urn:sdmx:org.sdmx.infomodel.codelist.Code=IT1:CL_REFAREA(1.2).012139">
          <Name xml:lang="it" xmlns="http://www.sdmx.org/resources/sdmxml/schemas/v2_1/common">Viggiù</Name>
          <Name xml:lang="en" xmlns="http://www.sdmx.org/resources/sdmxml/schemas/v2_1/common">Viggiù</Name>
          <Parent>
            <Ref id="ITC41" xmlns="" />
          </Parent>
        </Code>
        <Code id="012140" urn="urn:sdmx:org.sdmx.infomodel.codelist.Code=IT1:CL_REFAREA(1.2).012140">
          <Name xml:lang="it" xmlns="http://www.sdmx.org/resources/sdmxml/schemas/v2_1/common">Vizzola Ticino</Name>
          <Name xml:lang="en" xmlns="http://www.sdmx.org/resources/sdmxml/schemas/v2_1/common">Vizzola Ticino</Name>
          <Parent>
            <Ref id="ITC41" xmlns="" />
          </Parent>
        </Code>
        <Code id="012141" urn="urn:sdmx:org.sdmx.infomodel.codelist.Code=IT1:CL_REFAREA(1.2).012141">
          <Name xml:lang="it" xmlns="http://www.sdmx.org/resources/sdmxml/schemas/v2_1/common">Sangiano</Name>
          <Name xml:lang="en" xmlns="http://www.sdmx.org/resources/sdmxml/schemas/v2_1/common">Sangiano</Name>
          <Parent>
            <Ref id="ITC41" xmlns="" />
          </Parent>
        </Code>
        <Code id="013001" urn="urn:sdmx:org.sdmx.infomodel.codelist.Code=IT1:CL_REFAREA(1.2).013001">
          <Name xml:lang="it" xmlns="http://www.sdmx.org/resources/sdmxml/schemas/v2_1/common">Abbadia Lariana</Name>
          <Name xml:lang="en" xmlns="http://www.sdmx.org/resources/sdmxml/schemas/v2_1/common">Abbadia Lariana</Name>
          <Parent>
            <Ref id="ITC42" xmlns="" />
          </Parent>
        </Code>
        <Code id="013002" urn="urn:sdmx:org.sdmx.infomodel.codelist.Code=IT1:CL_REFAREA(1.2).013002">
          <Name xml:lang="it" xmlns="http://www.sdmx.org/resources/sdmxml/schemas/v2_1/common">Airuno</Name>
          <Name xml:lang="en" xmlns="http://www.sdmx.org/resources/sdmxml/schemas/v2_1/common">Airuno</Name>
          <Parent>
            <Ref id="ITC42" xmlns="" />
          </Parent>
        </Code>
        <Code id="013003" urn="urn:sdmx:org.sdmx.infomodel.codelist.Code=IT1:CL_REFAREA(1.2).013003">
          <Name xml:lang="it" xmlns="http://www.sdmx.org/resources/sdmxml/schemas/v2_1/common">Albavilla</Name>
          <Name xml:lang="en" xmlns="http://www.sdmx.org/resources/sdmxml/schemas/v2_1/common">Albavilla</Name>
          <Parent>
            <Ref id="ITC42" xmlns="" />
          </Parent>
        </Code>
        <Code id="013004" urn="urn:sdmx:org.sdmx.infomodel.codelist.Code=IT1:CL_REFAREA(1.2).013004">
          <Name xml:lang="it" xmlns="http://www.sdmx.org/resources/sdmxml/schemas/v2_1/common">Albese con Cassano</Name>
          <Name xml:lang="en" xmlns="http://www.sdmx.org/resources/sdmxml/schemas/v2_1/common">Albese con Cassano</Name>
          <Parent>
            <Ref id="ITC42" xmlns="" />
          </Parent>
        </Code>
        <Code id="013005" urn="urn:sdmx:org.sdmx.infomodel.codelist.Code=IT1:CL_REFAREA(1.2).013005">
          <Name xml:lang="it" xmlns="http://www.sdmx.org/resources/sdmxml/schemas/v2_1/common">Albiolo</Name>
          <Name xml:lang="en" xmlns="http://www.sdmx.org/resources/sdmxml/schemas/v2_1/common">Albiolo</Name>
          <Parent>
            <Ref id="ITC42" xmlns="" />
          </Parent>
        </Code>
        <Code id="013006" urn="urn:sdmx:org.sdmx.infomodel.codelist.Code=IT1:CL_REFAREA(1.2).013006">
          <Name xml:lang="it" xmlns="http://www.sdmx.org/resources/sdmxml/schemas/v2_1/common">Alserio</Name>
          <Name xml:lang="en" xmlns="http://www.sdmx.org/resources/sdmxml/schemas/v2_1/common">Alserio</Name>
          <Parent>
            <Ref id="ITC42" xmlns="" />
          </Parent>
        </Code>
        <Code id="013007" urn="urn:sdmx:org.sdmx.infomodel.codelist.Code=IT1:CL_REFAREA(1.2).013007">
          <Name xml:lang="it" xmlns="http://www.sdmx.org/resources/sdmxml/schemas/v2_1/common">Alzate Brianza</Name>
          <Name xml:lang="en" xmlns="http://www.sdmx.org/resources/sdmxml/schemas/v2_1/common">Alzate Brianza</Name>
          <Parent>
            <Ref id="ITC42" xmlns="" />
          </Parent>
        </Code>
        <Code id="013008" urn="urn:sdmx:org.sdmx.infomodel.codelist.Code=IT1:CL_REFAREA(1.2).013008">
          <Name xml:lang="it" xmlns="http://www.sdmx.org/resources/sdmxml/schemas/v2_1/common">Annone di Brianza</Name>
          <Name xml:lang="en" xmlns="http://www.sdmx.org/resources/sdmxml/schemas/v2_1/common">Annone di Brianza</Name>
          <Parent>
            <Ref id="ITC42" xmlns="" />
          </Parent>
        </Code>
        <Code id="013009" urn="urn:sdmx:org.sdmx.infomodel.codelist.Code=IT1:CL_REFAREA(1.2).013009">
          <Name xml:lang="it" xmlns="http://www.sdmx.org/resources/sdmxml/schemas/v2_1/common">Anzano del Parco</Name>
          <Name xml:lang="en" xmlns="http://www.sdmx.org/resources/sdmxml/schemas/v2_1/common">Anzano del Parco</Name>
          <Parent>
            <Ref id="ITC42" xmlns="" />
          </Parent>
        </Code>
        <Code id="013010" urn="urn:sdmx:org.sdmx.infomodel.codelist.Code=IT1:CL_REFAREA(1.2).013010">
          <Name xml:lang="it" xmlns="http://www.sdmx.org/resources/sdmxml/schemas/v2_1/common">Appiano Gentile</Name>
          <Name xml:lang="en" xmlns="http://www.sdmx.org/resources/sdmxml/schemas/v2_1/common">Appiano Gentile</Name>
          <Parent>
            <Ref id="ITC42" xmlns="" />
          </Parent>
        </Code>
        <Code id="013011" urn="urn:sdmx:org.sdmx.infomodel.codelist.Code=IT1:CL_REFAREA(1.2).013011">
          <Name xml:lang="it" xmlns="http://www.sdmx.org/resources/sdmxml/schemas/v2_1/common">Argegno</Name>
          <Name xml:lang="en" xmlns="http://www.sdmx.org/resources/sdmxml/schemas/v2_1/common">Argegno</Name>
          <Parent>
            <Ref id="ITC42" xmlns="" />
          </Parent>
        </Code>
        <Code id="013012" urn="urn:sdmx:org.sdmx.infomodel.codelist.Code=IT1:CL_REFAREA(1.2).013012">
          <Name xml:lang="it" xmlns="http://www.sdmx.org/resources/sdmxml/schemas/v2_1/common">Arosio</Name>
          <Name xml:lang="en" xmlns="http://www.sdmx.org/resources/sdmxml/schemas/v2_1/common">Arosio</Name>
          <Parent>
            <Ref id="ITC42" xmlns="" />
          </Parent>
        </Code>
        <Code id="013013" urn="urn:sdmx:org.sdmx.infomodel.codelist.Code=IT1:CL_REFAREA(1.2).013013">
          <Name xml:lang="it" xmlns="http://www.sdmx.org/resources/sdmxml/schemas/v2_1/common">Asso</Name>
          <Name xml:lang="en" xmlns="http://www.sdmx.org/resources/sdmxml/schemas/v2_1/common">Asso</Name>
          <Parent>
            <Ref id="ITC42" xmlns="" />
          </Parent>
        </Code>
        <Code id="013014" urn="urn:sdmx:org.sdmx.infomodel.codelist.Code=IT1:CL_REFAREA(1.2).013014">
          <Name xml:lang="it" xmlns="http://www.sdmx.org/resources/sdmxml/schemas/v2_1/common">Ballabio</Name>
          <Name xml:lang="en" xmlns="http://www.sdmx.org/resources/sdmxml/schemas/v2_1/common">Ballabio</Name>
          <Parent>
            <Ref id="ITC42" xmlns="" />
          </Parent>
        </Code>
        <Code id="013015" urn="urn:sdmx:org.sdmx.infomodel.codelist.Code=IT1:CL_REFAREA(1.2).013015">
          <Name xml:lang="it" xmlns="http://www.sdmx.org/resources/sdmxml/schemas/v2_1/common">Barni</Name>
          <Name xml:lang="en" xmlns="http://www.sdmx.org/resources/sdmxml/schemas/v2_1/common">Barni</Name>
          <Parent>
            <Ref id="ITC42" xmlns="" />
          </Parent>
        </Code>
        <Code id="013016" urn="urn:sdmx:org.sdmx.infomodel.codelist.Code=IT1:CL_REFAREA(1.2).013016">
          <Name xml:lang="it" xmlns="http://www.sdmx.org/resources/sdmxml/schemas/v2_1/common">Barzago</Name>
          <Name xml:lang="en" xmlns="http://www.sdmx.org/resources/sdmxml/schemas/v2_1/common">Barzago</Name>
          <Parent>
            <Ref id="ITC42" xmlns="" />
          </Parent>
        </Code>
        <Code id="013017" urn="urn:sdmx:org.sdmx.infomodel.codelist.Code=IT1:CL_REFAREA(1.2).013017">
          <Name xml:lang="it" xmlns="http://www.sdmx.org/resources/sdmxml/schemas/v2_1/common">Barzanò</Name>
          <Name xml:lang="en" xmlns="http://www.sdmx.org/resources/sdmxml/schemas/v2_1/common">Barzanò</Name>
          <Parent>
            <Ref id="ITC42" xmlns="" />
          </Parent>
        </Code>
        <Code id="013018" urn="urn:sdmx:org.sdmx.infomodel.codelist.Code=IT1:CL_REFAREA(1.2).013018">
          <Name xml:lang="it" xmlns="http://www.sdmx.org/resources/sdmxml/schemas/v2_1/common">Barzio</Name>
          <Name xml:lang="en" xmlns="http://www.sdmx.org/resources/sdmxml/schemas/v2_1/common">Barzio</Name>
          <Parent>
            <Ref id="ITC42" xmlns="" />
          </Parent>
        </Code>
        <Code id="013019" urn="urn:sdmx:org.sdmx.infomodel.codelist.Code=IT1:CL_REFAREA(1.2).013019">
          <Name xml:lang="it" xmlns="http://www.sdmx.org/resources/sdmxml/schemas/v2_1/common">Bellagio</Name>
          <Name xml:lang="en" xmlns="http://www.sdmx.org/resources/sdmxml/schemas/v2_1/common">Bellagio</Name>
          <Parent>
            <Ref id="ITC42" xmlns="" />
          </Parent>
        </Code>
        <Code id="013020" urn="urn:sdmx:org.sdmx.infomodel.codelist.Code=IT1:CL_REFAREA(1.2).013020">
          <Name xml:lang="it" xmlns="http://www.sdmx.org/resources/sdmxml/schemas/v2_1/common">Bellano</Name>
          <Name xml:lang="en" xmlns="http://www.sdmx.org/resources/sdmxml/schemas/v2_1/common">Bellano</Name>
          <Parent>
            <Ref id="ITC42" xmlns="" />
          </Parent>
        </Code>
        <Code id="013021" urn="urn:sdmx:org.sdmx.infomodel.codelist.Code=IT1:CL_REFAREA(1.2).013021">
          <Name xml:lang="it" xmlns="http://www.sdmx.org/resources/sdmxml/schemas/v2_1/common">Bene Lario</Name>
          <Name xml:lang="en" xmlns="http://www.sdmx.org/resources/sdmxml/schemas/v2_1/common">Bene Lario</Name>
          <Parent>
            <Ref id="ITC42" xmlns="" />
          </Parent>
        </Code>
        <Code id="013022" urn="urn:sdmx:org.sdmx.infomodel.codelist.Code=IT1:CL_REFAREA(1.2).013022">
          <Name xml:lang="it" xmlns="http://www.sdmx.org/resources/sdmxml/schemas/v2_1/common">Beregazzo con Figliaro</Name>
          <Name xml:lang="en" xmlns="http://www.sdmx.org/resources/sdmxml/schemas/v2_1/common">Beregazzo con Figliaro</Name>
          <Parent>
            <Ref id="ITC42" xmlns="" />
          </Parent>
        </Code>
        <Code id="013023" urn="urn:sdmx:org.sdmx.infomodel.codelist.Code=IT1:CL_REFAREA(1.2).013023">
          <Name xml:lang="it" xmlns="http://www.sdmx.org/resources/sdmxml/schemas/v2_1/common">Binago</Name>
          <Name xml:lang="en" xmlns="http://www.sdmx.org/resources/sdmxml/schemas/v2_1/common">Binago</Name>
          <Parent>
            <Ref id="ITC42" xmlns="" />
          </Parent>
        </Code>
        <Code id="013024" urn="urn:sdmx:org.sdmx.infomodel.codelist.Code=IT1:CL_REFAREA(1.2).013024">
          <Name xml:lang="it" xmlns="http://www.sdmx.org/resources/sdmxml/schemas/v2_1/common">Bizzarone</Name>
          <Name xml:lang="en" xmlns="http://www.sdmx.org/resources/sdmxml/schemas/v2_1/common">Bizzarone</Name>
          <Parent>
            <Ref id="ITC42" xmlns="" />
          </Parent>
        </Code>
        <Code id="013025" urn="urn:sdmx:org.sdmx.infomodel.codelist.Code=IT1:CL_REFAREA(1.2).013025">
          <Name xml:lang="it" xmlns="http://www.sdmx.org/resources/sdmxml/schemas/v2_1/common">Blessagno</Name>
          <Name xml:lang="en" xmlns="http://www.sdmx.org/resources/sdmxml/schemas/v2_1/common">Blessagno</Name>
          <Parent>
            <Ref id="ITC42" xmlns="" />
          </Parent>
        </Code>
        <Code id="013026" urn="urn:sdmx:org.sdmx.infomodel.codelist.Code=IT1:CL_REFAREA(1.2).013026">
          <Name xml:lang="it" xmlns="http://www.sdmx.org/resources/sdmxml/schemas/v2_1/common">Blevio</Name>
          <Name xml:lang="en" xmlns="http://www.sdmx.org/resources/sdmxml/schemas/v2_1/common">Blevio</Name>
          <Parent>
            <Ref id="ITC42" xmlns="" />
          </Parent>
        </Code>
        <Code id="013027" urn="urn:sdmx:org.sdmx.infomodel.codelist.Code=IT1:CL_REFAREA(1.2).013027">
          <Name xml:lang="it" xmlns="http://www.sdmx.org/resources/sdmxml/schemas/v2_1/common">Bosisio Parini</Name>
          <Name xml:lang="en" xmlns="http://www.sdmx.org/resources/sdmxml/schemas/v2_1/common">Bosisio Parini</Name>
          <Parent>
            <Ref id="ITC42" xmlns="" />
          </Parent>
        </Code>
        <Code id="013028" urn="urn:sdmx:org.sdmx.infomodel.codelist.Code=IT1:CL_REFAREA(1.2).013028">
          <Name xml:lang="it" xmlns="http://www.sdmx.org/resources/sdmxml/schemas/v2_1/common">Bregnano</Name>
          <Name xml:lang="en" xmlns="http://www.sdmx.org/resources/sdmxml/schemas/v2_1/common">Bregnano</Name>
          <Parent>
            <Ref id="ITC42" xmlns="" />
          </Parent>
        </Code>
        <Code id="013029" urn="urn:sdmx:org.sdmx.infomodel.codelist.Code=IT1:CL_REFAREA(1.2).013029">
          <Name xml:lang="it" xmlns="http://www.sdmx.org/resources/sdmxml/schemas/v2_1/common">Brenna</Name>
          <Name xml:lang="en" xmlns="http://www.sdmx.org/resources/sdmxml/schemas/v2_1/common">Brenna</Name>
          <Parent>
            <Ref id="ITC42" xmlns="" />
          </Parent>
        </Code>
        <Code id="013030" urn="urn:sdmx:org.sdmx.infomodel.codelist.Code=IT1:CL_REFAREA(1.2).013030">
          <Name xml:lang="it" xmlns="http://www.sdmx.org/resources/sdmxml/schemas/v2_1/common">Brienno</Name>
          <Name xml:lang="en" xmlns="http://www.sdmx.org/resources/sdmxml/schemas/v2_1/common">Brienno</Name>
          <Parent>
            <Ref id="ITC42" xmlns="" />
          </Parent>
        </Code>
        <Code id="013031" urn="urn:sdmx:org.sdmx.infomodel.codelist.Code=IT1:CL_REFAREA(1.2).013031">
          <Name xml:lang="it" xmlns="http://www.sdmx.org/resources/sdmxml/schemas/v2_1/common">Brivio</Name>
          <Name xml:lang="en" xmlns="http://www.sdmx.org/resources/sdmxml/schemas/v2_1/common">Brivio</Name>
          <Parent>
            <Ref id="ITC42" xmlns="" />
          </Parent>
        </Code>
        <Code id="013032" urn="urn:sdmx:org.sdmx.infomodel.codelist.Code=IT1:CL_REFAREA(1.2).013032">
          <Name xml:lang="it" xmlns="http://www.sdmx.org/resources/sdmxml/schemas/v2_1/common">Brunate</Name>
          <Name xml:lang="en" xmlns="http://www.sdmx.org/resources/sdmxml/schemas/v2_1/common">Brunate</Name>
          <Parent>
            <Ref id="ITC42" xmlns="" />
          </Parent>
        </Code>
        <Code id="013033" urn="urn:sdmx:org.sdmx.infomodel.codelist.Code=IT1:CL_REFAREA(1.2).013033">
          <Name xml:lang="it" xmlns="http://www.sdmx.org/resources/sdmxml/schemas/v2_1/common">Bulciago</Name>
          <Name xml:lang="en" xmlns="http://www.sdmx.org/resources/sdmxml/schemas/v2_1/common">Bulciago</Name>
          <Parent>
            <Ref id="ITC42" xmlns="" />
          </Parent>
        </Code>
        <Code id="013034" urn="urn:sdmx:org.sdmx.infomodel.codelist.Code=IT1:CL_REFAREA(1.2).013034">
          <Name xml:lang="it" xmlns="http://www.sdmx.org/resources/sdmxml/schemas/v2_1/common">Bulgarograsso</Name>
          <Name xml:lang="en" xmlns="http://www.sdmx.org/resources/sdmxml/schemas/v2_1/common">Bulgarograsso</Name>
          <Parent>
            <Ref id="ITC42" xmlns="" />
          </Parent>
        </Code>
        <Code id="013035" urn="urn:sdmx:org.sdmx.infomodel.codelist.Code=IT1:CL_REFAREA(1.2).013035">
          <Name xml:lang="it" xmlns="http://www.sdmx.org/resources/sdmxml/schemas/v2_1/common">Cabiate</Name>
          <Name xml:lang="en" xmlns="http://www.sdmx.org/resources/sdmxml/schemas/v2_1/common">Cabiate</Name>
          <Parent>
            <Ref id="ITC42" xmlns="" />
          </Parent>
        </Code>
        <Code id="013036" urn="urn:sdmx:org.sdmx.infomodel.codelist.Code=IT1:CL_REFAREA(1.2).013036">
          <Name xml:lang="it" xmlns="http://www.sdmx.org/resources/sdmxml/schemas/v2_1/common">Cadorago</Name>
          <Name xml:lang="en" xmlns="http://www.sdmx.org/resources/sdmxml/schemas/v2_1/common">Cadorago</Name>
          <Parent>
            <Ref id="ITC42" xmlns="" />
          </Parent>
        </Code>
        <Code id="013037" urn="urn:sdmx:org.sdmx.infomodel.codelist.Code=IT1:CL_REFAREA(1.2).013037">
          <Name xml:lang="it" xmlns="http://www.sdmx.org/resources/sdmxml/schemas/v2_1/common">Caglio</Name>
          <Name xml:lang="en" xmlns="http://www.sdmx.org/resources/sdmxml/schemas/v2_1/common">Caglio</Name>
          <Parent>
            <Ref id="ITC42" xmlns="" />
          </Parent>
        </Code>
        <Code id="013038" urn="urn:sdmx:org.sdmx.infomodel.codelist.Code=IT1:CL_REFAREA(1.2).013038">
          <Name xml:lang="it" xmlns="http://www.sdmx.org/resources/sdmxml/schemas/v2_1/common">Cagno</Name>
          <Name xml:lang="en" xmlns="http://www.sdmx.org/resources/sdmxml/schemas/v2_1/common">Cagno</Name>
          <Parent>
            <Ref id="ITC42" xmlns="" />
          </Parent>
        </Code>
        <Code id="013039" urn="urn:sdmx:org.sdmx.infomodel.codelist.Code=IT1:CL_REFAREA(1.2).013039">
          <Name xml:lang="it" xmlns="http://www.sdmx.org/resources/sdmxml/schemas/v2_1/common">Calco</Name>
          <Name xml:lang="en" xmlns="http://www.sdmx.org/resources/sdmxml/schemas/v2_1/common">Calco</Name>
          <Parent>
            <Ref id="ITC42" xmlns="" />
          </Parent>
        </Code>
        <Code id="013040" urn="urn:sdmx:org.sdmx.infomodel.codelist.Code=IT1:CL_REFAREA(1.2).013040">
          <Name xml:lang="it" xmlns="http://www.sdmx.org/resources/sdmxml/schemas/v2_1/common">Campione d'Italia</Name>
          <Name xml:lang="en" xmlns="http://www.sdmx.org/resources/sdmxml/schemas/v2_1/common">Campione d'Italia</Name>
          <Parent>
            <Ref id="ITC42" xmlns="" />
          </Parent>
        </Code>
        <Code id="013041" urn="urn:sdmx:org.sdmx.infomodel.codelist.Code=IT1:CL_REFAREA(1.2).013041">
          <Name xml:lang="it" xmlns="http://www.sdmx.org/resources/sdmxml/schemas/v2_1/common">Cantù</Name>
          <Name xml:lang="en" xmlns="http://www.sdmx.org/resources/sdmxml/schemas/v2_1/common">Cantù</Name>
          <Parent>
            <Ref id="ITC42" xmlns="" />
          </Parent>
        </Code>
        <Code id="013042" urn="urn:sdmx:org.sdmx.infomodel.codelist.Code=IT1:CL_REFAREA(1.2).013042">
          <Name xml:lang="it" xmlns="http://www.sdmx.org/resources/sdmxml/schemas/v2_1/common">Canzo</Name>
          <Name xml:lang="en" xmlns="http://www.sdmx.org/resources/sdmxml/schemas/v2_1/common">Canzo</Name>
          <Parent>
            <Ref id="ITC42" xmlns="" />
          </Parent>
        </Code>
        <Code id="013043" urn="urn:sdmx:org.sdmx.infomodel.codelist.Code=IT1:CL_REFAREA(1.2).013043">
          <Name xml:lang="it" xmlns="http://www.sdmx.org/resources/sdmxml/schemas/v2_1/common">Capiago Intimiano</Name>
          <Name xml:lang="en" xmlns="http://www.sdmx.org/resources/sdmxml/schemas/v2_1/common">Capiago Intimiano</Name>
          <Parent>
            <Ref id="ITC42" xmlns="" />
          </Parent>
        </Code>
        <Code id="013044" urn="urn:sdmx:org.sdmx.infomodel.codelist.Code=IT1:CL_REFAREA(1.2).013044">
          <Name xml:lang="it" xmlns="http://www.sdmx.org/resources/sdmxml/schemas/v2_1/common">Carate Urio</Name>
          <Name xml:lang="en" xmlns="http://www.sdmx.org/resources/sdmxml/schemas/v2_1/common">Carate Urio</Name>
          <Parent>
            <Ref id="ITC42" xmlns="" />
          </Parent>
        </Code>
        <Code id="013045" urn="urn:sdmx:org.sdmx.infomodel.codelist.Code=IT1:CL_REFAREA(1.2).013045">
          <Name xml:lang="it" xmlns="http://www.sdmx.org/resources/sdmxml/schemas/v2_1/common">Carbonate</Name>
          <Name xml:lang="en" xmlns="http://www.sdmx.org/resources/sdmxml/schemas/v2_1/common">Carbonate</Name>
          <Parent>
            <Ref id="ITC42" xmlns="" />
          </Parent>
        </Code>
        <Code id="013046" urn="urn:sdmx:org.sdmx.infomodel.codelist.Code=IT1:CL_REFAREA(1.2).013046">
          <Name xml:lang="it" xmlns="http://www.sdmx.org/resources/sdmxml/schemas/v2_1/common">Carimate</Name>
          <Name xml:lang="en" xmlns="http://www.sdmx.org/resources/sdmxml/schemas/v2_1/common">Carimate</Name>
          <Parent>
            <Ref id="ITC42" xmlns="" />
          </Parent>
        </Code>
        <Code id="013047" urn="urn:sdmx:org.sdmx.infomodel.codelist.Code=IT1:CL_REFAREA(1.2).013047">
          <Name xml:lang="it" xmlns="http://www.sdmx.org/resources/sdmxml/schemas/v2_1/common">Carlazzo</Name>
          <Name xml:lang="en" xmlns="http://www.sdmx.org/resources/sdmxml/schemas/v2_1/common">Carlazzo</Name>
          <Parent>
            <Ref id="ITC42" xmlns="" />
          </Parent>
        </Code>
        <Code id="013048" urn="urn:sdmx:org.sdmx.infomodel.codelist.Code=IT1:CL_REFAREA(1.2).013048">
          <Name xml:lang="it" xmlns="http://www.sdmx.org/resources/sdmxml/schemas/v2_1/common">Carugo</Name>
          <Name xml:lang="en" xmlns="http://www.sdmx.org/resources/sdmxml/schemas/v2_1/common">Carugo</Name>
          <Parent>
            <Ref id="ITC42" xmlns="" />
          </Parent>
        </Code>
        <Code id="013049" urn="urn:sdmx:org.sdmx.infomodel.codelist.Code=IT1:CL_REFAREA(1.2).013049">
          <Name xml:lang="it" xmlns="http://www.sdmx.org/resources/sdmxml/schemas/v2_1/common">Casargo</Name>
          <Name xml:lang="en" xmlns="http://www.sdmx.org/resources/sdmxml/schemas/v2_1/common">Casargo</Name>
          <Parent>
            <Ref id="ITC42" xmlns="" />
          </Parent>
        </Code>
        <Code id="013050" urn="urn:sdmx:org.sdmx.infomodel.codelist.Code=IT1:CL_REFAREA(1.2).013050">
          <Name xml:lang="it" xmlns="http://www.sdmx.org/resources/sdmxml/schemas/v2_1/common">Casasco d'Intelvi</Name>
          <Name xml:lang="en" xmlns="http://www.sdmx.org/resources/sdmxml/schemas/v2_1/common">Casasco d'Intelvi</Name>
          <Parent>
            <Ref id="ITC42" xmlns="" />
          </Parent>
        </Code>
        <Code id="013051" urn="urn:sdmx:org.sdmx.infomodel.codelist.Code=IT1:CL_REFAREA(1.2).013051">
          <Name xml:lang="it" xmlns="http://www.sdmx.org/resources/sdmxml/schemas/v2_1/common">Casatenovo</Name>
          <Name xml:lang="en" xmlns="http://www.sdmx.org/resources/sdmxml/schemas/v2_1/common">Casatenovo</Name>
          <Parent>
            <Ref id="ITC42" xmlns="" />
          </Parent>
        </Code>
        <Code id="013052" urn="urn:sdmx:org.sdmx.infomodel.codelist.Code=IT1:CL_REFAREA(1.2).013052">
          <Name xml:lang="it" xmlns="http://www.sdmx.org/resources/sdmxml/schemas/v2_1/common">Caslino d'Erba</Name>
          <Name xml:lang="en" xmlns="http://www.sdmx.org/resources/sdmxml/schemas/v2_1/common">Caslino d'Erba</Name>
          <Parent>
            <Ref id="ITC42" xmlns="" />
          </Parent>
        </Code>
        <Code id="013053" urn="urn:sdmx:org.sdmx.infomodel.codelist.Code=IT1:CL_REFAREA(1.2).013053">
          <Name xml:lang="it" xmlns="http://www.sdmx.org/resources/sdmxml/schemas/v2_1/common">Casnate con Bernate</Name>
          <Name xml:lang="en" xmlns="http://www.sdmx.org/resources/sdmxml/schemas/v2_1/common">Casnate con Bernate</Name>
          <Parent>
            <Ref id="ITC42" xmlns="" />
          </Parent>
        </Code>
        <Code id="013054" urn="urn:sdmx:org.sdmx.infomodel.codelist.Code=IT1:CL_REFAREA(1.2).013054">
          <Name xml:lang="it" xmlns="http://www.sdmx.org/resources/sdmxml/schemas/v2_1/common">Cassago Brianza</Name>
          <Name xml:lang="en" xmlns="http://www.sdmx.org/resources/sdmxml/schemas/v2_1/common">Cassago Brianza</Name>
          <Parent>
            <Ref id="ITC42" xmlns="" />
          </Parent>
        </Code>
        <Code id="013055" urn="urn:sdmx:org.sdmx.infomodel.codelist.Code=IT1:CL_REFAREA(1.2).013055">
          <Name xml:lang="it" xmlns="http://www.sdmx.org/resources/sdmxml/schemas/v2_1/common">Cassina Rizzardi</Name>
          <Name xml:lang="en" xmlns="http://www.sdmx.org/resources/sdmxml/schemas/v2_1/common">Cassina Rizzardi</Name>
          <Parent>
            <Ref id="ITC42" xmlns="" />
          </Parent>
        </Code>
        <Code id="013056" urn="urn:sdmx:org.sdmx.infomodel.codelist.Code=IT1:CL_REFAREA(1.2).013056">
          <Name xml:lang="it" xmlns="http://www.sdmx.org/resources/sdmxml/schemas/v2_1/common">Cassina Valsassina</Name>
          <Name xml:lang="en" xmlns="http://www.sdmx.org/resources/sdmxml/schemas/v2_1/common">Cassina Valsassina</Name>
          <Parent>
            <Ref id="ITC42" xmlns="" />
          </Parent>
        </Code>
        <Code id="013057" urn="urn:sdmx:org.sdmx.infomodel.codelist.Code=IT1:CL_REFAREA(1.2).013057">
          <Name xml:lang="it" xmlns="http://www.sdmx.org/resources/sdmxml/schemas/v2_1/common">Castello di Brianza</Name>
          <Name xml:lang="en" xmlns="http://www.sdmx.org/resources/sdmxml/schemas/v2_1/common">Castello di Brianza</Name>
          <Parent>
            <Ref id="ITC42" xmlns="" />
          </Parent>
        </Code>
        <Code id="013058" urn="urn:sdmx:org.sdmx.infomodel.codelist.Code=IT1:CL_REFAREA(1.2).013058">
          <Name xml:lang="it" xmlns="http://www.sdmx.org/resources/sdmxml/schemas/v2_1/common">Castelmarte</Name>
          <Name xml:lang="en" xmlns="http://www.sdmx.org/resources/sdmxml/schemas/v2_1/common">Castelmarte</Name>
          <Parent>
            <Ref id="ITC42" xmlns="" />
          </Parent>
        </Code>
        <Code id="013059" urn="urn:sdmx:org.sdmx.infomodel.codelist.Code=IT1:CL_REFAREA(1.2).013059">
          <Name xml:lang="it" xmlns="http://www.sdmx.org/resources/sdmxml/schemas/v2_1/common">Castelnuovo Bozzente</Name>
          <Name xml:lang="en" xmlns="http://www.sdmx.org/resources/sdmxml/schemas/v2_1/common">Castelnuovo Bozzente</Name>
          <Parent>
            <Ref id="ITC42" xmlns="" />
          </Parent>
        </Code>
        <Code id="013060" urn="urn:sdmx:org.sdmx.infomodel.codelist.Code=IT1:CL_REFAREA(1.2).013060">
          <Name xml:lang="it" xmlns="http://www.sdmx.org/resources/sdmxml/schemas/v2_1/common">Castiglione d'Intelvi</Name>
          <Name xml:lang="en" xmlns="http://www.sdmx.org/resources/sdmxml/schemas/v2_1/common">Castiglione d'Intelvi</Name>
          <Parent>
            <Ref id="ITC42" xmlns="" />
          </Parent>
        </Code>
        <Code id="013061" urn="urn:sdmx:org.sdmx.infomodel.codelist.Code=IT1:CL_REFAREA(1.2).013061">
          <Name xml:lang="it" xmlns="http://www.sdmx.org/resources/sdmxml/schemas/v2_1/common">Cavallasca</Name>
          <Name xml:lang="en" xmlns="http://www.sdmx.org/resources/sdmxml/schemas/v2_1/common">Cavallasca</Name>
          <Parent>
            <Ref id="ITC42" xmlns="" />
          </Parent>
        </Code>
        <Code id="013062" urn="urn:sdmx:org.sdmx.infomodel.codelist.Code=IT1:CL_REFAREA(1.2).013062">
          <Name xml:lang="it" xmlns="http://www.sdmx.org/resources/sdmxml/schemas/v2_1/common">Cavargna</Name>
          <Name xml:lang="en" xmlns="http://www.sdmx.org/resources/sdmxml/schemas/v2_1/common">Cavargna</Name>
          <Parent>
            <Ref id="ITC42" xmlns="" />
          </Parent>
        </Code>
        <Code id="013063" urn="urn:sdmx:org.sdmx.infomodel.codelist.Code=IT1:CL_REFAREA(1.2).013063">
          <Name xml:lang="it" xmlns="http://www.sdmx.org/resources/sdmxml/schemas/v2_1/common">Cerano d'Intelvi</Name>
          <Name xml:lang="en" xmlns="http://www.sdmx.org/resources/sdmxml/schemas/v2_1/common">Cerano d'Intelvi</Name>
          <Parent>
            <Ref id="ITC42" xmlns="" />
          </Parent>
        </Code>
        <Code id="013064" urn="urn:sdmx:org.sdmx.infomodel.codelist.Code=IT1:CL_REFAREA(1.2).013064">
          <Name xml:lang="it" xmlns="http://www.sdmx.org/resources/sdmxml/schemas/v2_1/common">Cermenate</Name>
          <Name xml:lang="en" xmlns="http://www.sdmx.org/resources/sdmxml/schemas/v2_1/common">Cermenate</Name>
          <Parent>
            <Ref id="ITC42" xmlns="" />
          </Parent>
        </Code>
        <Code id="013065" urn="urn:sdmx:org.sdmx.infomodel.codelist.Code=IT1:CL_REFAREA(1.2).013065">
          <Name xml:lang="it" xmlns="http://www.sdmx.org/resources/sdmxml/schemas/v2_1/common">Cernobbio</Name>
          <Name xml:lang="en" xmlns="http://www.sdmx.org/resources/sdmxml/schemas/v2_1/common">Cernobbio</Name>
          <Parent>
            <Ref id="ITC42" xmlns="" />
          </Parent>
        </Code>
        <Code id="013066" urn="urn:sdmx:org.sdmx.infomodel.codelist.Code=IT1:CL_REFAREA(1.2).013066">
          <Name xml:lang="it" xmlns="http://www.sdmx.org/resources/sdmxml/schemas/v2_1/common">Cernusco Lombardone</Name>
          <Name xml:lang="en" xmlns="http://www.sdmx.org/resources/sdmxml/schemas/v2_1/common">Cernusco Lombardone</Name>
          <Parent>
            <Ref id="ITC42" xmlns="" />
          </Parent>
        </Code>
        <Code id="013067" urn="urn:sdmx:org.sdmx.infomodel.codelist.Code=IT1:CL_REFAREA(1.2).013067">
          <Name xml:lang="it" xmlns="http://www.sdmx.org/resources/sdmxml/schemas/v2_1/common">Cesana Brianza</Name>
          <Name xml:lang="en" xmlns="http://www.sdmx.org/resources/sdmxml/schemas/v2_1/common">Cesana Brianza</Name>
          <Parent>
            <Ref id="ITC42" xmlns="" />
          </Parent>
        </Code>
        <Code id="013068" urn="urn:sdmx:org.sdmx.infomodel.codelist.Code=IT1:CL_REFAREA(1.2).013068">
          <Name xml:lang="it" xmlns="http://www.sdmx.org/resources/sdmxml/schemas/v2_1/common">Cirimido</Name>
          <Name xml:lang="en" xmlns="http://www.sdmx.org/resources/sdmxml/schemas/v2_1/common">Cirimido</Name>
          <Parent>
            <Ref id="ITC42" xmlns="" />
          </Parent>
        </Code>
        <Code id="013069" urn="urn:sdmx:org.sdmx.infomodel.codelist.Code=IT1:CL_REFAREA(1.2).013069">
          <Name xml:lang="it" xmlns="http://www.sdmx.org/resources/sdmxml/schemas/v2_1/common">Civate</Name>
          <Name xml:lang="en" xmlns="http://www.sdmx.org/resources/sdmxml/schemas/v2_1/common">Civate</Name>
          <Parent>
            <Ref id="ITC42" xmlns="" />
          </Parent>
        </Code>
        <Code id="013070" urn="urn:sdmx:org.sdmx.infomodel.codelist.Code=IT1:CL_REFAREA(1.2).013070">
          <Name xml:lang="it" xmlns="http://www.sdmx.org/resources/sdmxml/schemas/v2_1/common">Civenna</Name>
          <Name xml:lang="en" xmlns="http://www.sdmx.org/resources/sdmxml/schemas/v2_1/common">Civenna</Name>
          <Parent>
            <Ref id="ITC42" xmlns="" />
          </Parent>
        </Code>
        <Code id="013071" urn="urn:sdmx:org.sdmx.infomodel.codelist.Code=IT1:CL_REFAREA(1.2).013071">
          <Name xml:lang="it" xmlns="http://www.sdmx.org/resources/sdmxml/schemas/v2_1/common">Claino con Osteno</Name>
          <Name xml:lang="en" xmlns="http://www.sdmx.org/resources/sdmxml/schemas/v2_1/common">Claino con Osteno</Name>
          <Parent>
            <Ref id="ITC42" xmlns="" />
          </Parent>
        </Code>
        <Code id="013072" urn="urn:sdmx:org.sdmx.infomodel.codelist.Code=IT1:CL_REFAREA(1.2).013072">
          <Name xml:lang="it" xmlns="http://www.sdmx.org/resources/sdmxml/schemas/v2_1/common">Colico</Name>
          <Name xml:lang="en" xmlns="http://www.sdmx.org/resources/sdmxml/schemas/v2_1/common">Colico</Name>
          <Parent>
            <Ref id="ITC42" xmlns="" />
          </Parent>
        </Code>
        <Code id="013073" urn="urn:sdmx:org.sdmx.infomodel.codelist.Code=IT1:CL_REFAREA(1.2).013073">
          <Name xml:lang="it" xmlns="http://www.sdmx.org/resources/sdmxml/schemas/v2_1/common">Colle Brianza</Name>
          <Name xml:lang="en" xmlns="http://www.sdmx.org/resources/sdmxml/schemas/v2_1/common">Colle Brianza</Name>
          <Parent>
            <Ref id="ITC42" xmlns="" />
          </Parent>
        </Code>
        <Code id="013074" urn="urn:sdmx:org.sdmx.infomodel.codelist.Code=IT1:CL_REFAREA(1.2).013074">
          <Name xml:lang="it" xmlns="http://www.sdmx.org/resources/sdmxml/schemas/v2_1/common">Colonno</Name>
          <Name xml:lang="en" xmlns="http://www.sdmx.org/resources/sdmxml/schemas/v2_1/common">Colonno</Name>
          <Parent>
            <Ref id="ITC42" xmlns="" />
          </Parent>
        </Code>
        <Code id="013075" urn="urn:sdmx:org.sdmx.infomodel.codelist.Code=IT1:CL_REFAREA(1.2).013075">
          <Name xml:lang="it" xmlns="http://www.sdmx.org/resources/sdmxml/schemas/v2_1/common">Como</Name>
          <Name xml:lang="en" xmlns="http://www.sdmx.org/resources/sdmxml/schemas/v2_1/common">Como</Name>
          <Parent>
            <Ref id="ITC42" xmlns="" />
          </Parent>
        </Code>
        <Code id="013076" urn="urn:sdmx:org.sdmx.infomodel.codelist.Code=IT1:CL_REFAREA(1.2).013076">
          <Name xml:lang="it" xmlns="http://www.sdmx.org/resources/sdmxml/schemas/v2_1/common">Consiglio di Rumo</Name>
          <Name xml:lang="en" xmlns="http://www.sdmx.org/resources/sdmxml/schemas/v2_1/common">Consiglio di Rumo</Name>
          <Parent>
            <Ref id="ITC42" xmlns="" />
          </Parent>
        </Code>
        <Code id="013077" urn="urn:sdmx:org.sdmx.infomodel.codelist.Code=IT1:CL_REFAREA(1.2).013077">
          <Name xml:lang="it" xmlns="http://www.sdmx.org/resources/sdmxml/schemas/v2_1/common">Corrido</Name>
          <Name xml:lang="en" xmlns="http://www.sdmx.org/resources/sdmxml/schemas/v2_1/common">Corrido</Name>
          <Parent>
            <Ref id="ITC42" xmlns="" />
          </Parent>
        </Code>
        <Code id="013078" urn="urn:sdmx:org.sdmx.infomodel.codelist.Code=IT1:CL_REFAREA(1.2).013078">
          <Name xml:lang="it" xmlns="http://www.sdmx.org/resources/sdmxml/schemas/v2_1/common">Cortenova</Name>
          <Name xml:lang="en" xmlns="http://www.sdmx.org/resources/sdmxml/schemas/v2_1/common">Cortenova</Name>
          <Parent>
            <Ref id="ITC42" xmlns="" />
          </Parent>
        </Code>
        <Code id="013079" urn="urn:sdmx:org.sdmx.infomodel.codelist.Code=IT1:CL_REFAREA(1.2).013079">
          <Name xml:lang="it" xmlns="http://www.sdmx.org/resources/sdmxml/schemas/v2_1/common">Costa Masnaga</Name>
          <Name xml:lang="en" xmlns="http://www.sdmx.org/resources/sdmxml/schemas/v2_1/common">Costa Masnaga</Name>
          <Parent>
            <Ref id="ITC42" xmlns="" />
          </Parent>
        </Code>
        <Code id="013080" urn="urn:sdmx:org.sdmx.infomodel.codelist.Code=IT1:CL_REFAREA(1.2).013080">
          <Name xml:lang="it" xmlns="http://www.sdmx.org/resources/sdmxml/schemas/v2_1/common">Crandola Valsassina</Name>
          <Name xml:lang="en" xmlns="http://www.sdmx.org/resources/sdmxml/schemas/v2_1/common">Crandola Valsassina</Name>
          <Parent>
            <Ref id="ITC42" xmlns="" />
          </Parent>
        </Code>
        <Code id="013081" urn="urn:sdmx:org.sdmx.infomodel.codelist.Code=IT1:CL_REFAREA(1.2).013081">
          <Name xml:lang="it" xmlns="http://www.sdmx.org/resources/sdmxml/schemas/v2_1/common">Cremella</Name>
          <Name xml:lang="en" xmlns="http://www.sdmx.org/resources/sdmxml/schemas/v2_1/common">Cremella</Name>
          <Parent>
            <Ref id="ITC42" xmlns="" />
          </Parent>
        </Code>
        <Code id="013082" urn="urn:sdmx:org.sdmx.infomodel.codelist.Code=IT1:CL_REFAREA(1.2).013082">
          <Name xml:lang="it" xmlns="http://www.sdmx.org/resources/sdmxml/schemas/v2_1/common">Cremeno</Name>
          <Name xml:lang="en" xmlns="http://www.sdmx.org/resources/sdmxml/schemas/v2_1/common">Cremeno</Name>
          <Parent>
            <Ref id="ITC42" xmlns="" />
          </Parent>
        </Code>
        <Code id="013083" urn="urn:sdmx:org.sdmx.infomodel.codelist.Code=IT1:CL_REFAREA(1.2).013083">
          <Name xml:lang="it" xmlns="http://www.sdmx.org/resources/sdmxml/schemas/v2_1/common">Cremia</Name>
          <Name xml:lang="en" xmlns="http://www.sdmx.org/resources/sdmxml/schemas/v2_1/common">Cremia</Name>
          <Parent>
            <Ref id="ITC42" xmlns="" />
          </Parent>
        </Code>
        <Code id="013084" urn="urn:sdmx:org.sdmx.infomodel.codelist.Code=IT1:CL_REFAREA(1.2).013084">
          <Name xml:lang="it" xmlns="http://www.sdmx.org/resources/sdmxml/schemas/v2_1/common">Cucciago</Name>
          <Name xml:lang="en" xmlns="http://www.sdmx.org/resources/sdmxml/schemas/v2_1/common">Cucciago</Name>
          <Parent>
            <Ref id="ITC42" xmlns="" />
          </Parent>
        </Code>
        <Code id="013085" urn="urn:sdmx:org.sdmx.infomodel.codelist.Code=IT1:CL_REFAREA(1.2).013085">
          <Name xml:lang="it" xmlns="http://www.sdmx.org/resources/sdmxml/schemas/v2_1/common">Cusino</Name>
          <Name xml:lang="en" xmlns="http://www.sdmx.org/resources/sdmxml/schemas/v2_1/common">Cusino</Name>
          <Parent>
            <Ref id="ITC42" xmlns="" />
          </Parent>
        </Code>
        <Code id="013086" urn="urn:sdmx:org.sdmx.infomodel.codelist.Code=IT1:CL_REFAREA(1.2).013086">
          <Name xml:lang="it" xmlns="http://www.sdmx.org/resources/sdmxml/schemas/v2_1/common">Dervio</Name>
          <Name xml:lang="en" xmlns="http://www.sdmx.org/resources/sdmxml/schemas/v2_1/common">Dervio</Name>
          <Parent>
            <Ref id="ITC42" xmlns="" />
          </Parent>
        </Code>
        <Code id="013087" urn="urn:sdmx:org.sdmx.infomodel.codelist.Code=IT1:CL_REFAREA(1.2).013087">
          <Name xml:lang="it" xmlns="http://www.sdmx.org/resources/sdmxml/schemas/v2_1/common">Dizzasco</Name>
          <Name xml:lang="en" xmlns="http://www.sdmx.org/resources/sdmxml/schemas/v2_1/common">Dizzasco</Name>
          <Parent>
            <Ref id="ITC42" xmlns="" />
          </Parent>
        </Code>
        <Code id="013088" urn="urn:sdmx:org.sdmx.infomodel.codelist.Code=IT1:CL_REFAREA(1.2).013088">
          <Name xml:lang="it" xmlns="http://www.sdmx.org/resources/sdmxml/schemas/v2_1/common">Dolzago</Name>
          <Name xml:lang="en" xmlns="http://www.sdmx.org/resources/sdmxml/schemas/v2_1/common">Dolzago</Name>
          <Parent>
            <Ref id="ITC42" xmlns="" />
          </Parent>
        </Code>
        <Code id="013089" urn="urn:sdmx:org.sdmx.infomodel.codelist.Code=IT1:CL_REFAREA(1.2).013089">
          <Name xml:lang="it" xmlns="http://www.sdmx.org/resources/sdmxml/schemas/v2_1/common">Domaso</Name>
          <Name xml:lang="en" xmlns="http://www.sdmx.org/resources/sdmxml/schemas/v2_1/common">Domaso</Name>
          <Parent>
            <Ref id="ITC42" xmlns="" />
          </Parent>
        </Code>
        <Code id="013090" urn="urn:sdmx:org.sdmx.infomodel.codelist.Code=IT1:CL_REFAREA(1.2).013090">
          <Name xml:lang="it" xmlns="http://www.sdmx.org/resources/sdmxml/schemas/v2_1/common">Dongo</Name>
          <Name xml:lang="en" xmlns="http://www.sdmx.org/resources/sdmxml/schemas/v2_1/common">Dongo</Name>
          <Parent>
            <Ref id="ITC42" xmlns="" />
          </Parent>
        </Code>
        <Code id="013091" urn="urn:sdmx:org.sdmx.infomodel.codelist.Code=IT1:CL_REFAREA(1.2).013091">
          <Name xml:lang="it" xmlns="http://www.sdmx.org/resources/sdmxml/schemas/v2_1/common">Dorio</Name>
          <Name xml:lang="en" xmlns="http://www.sdmx.org/resources/sdmxml/schemas/v2_1/common">Dorio</Name>
          <Parent>
            <Ref id="ITC42" xmlns="" />
          </Parent>
        </Code>
        <Code id="013092" urn="urn:sdmx:org.sdmx.infomodel.codelist.Code=IT1:CL_REFAREA(1.2).013092">
          <Name xml:lang="it" xmlns="http://www.sdmx.org/resources/sdmxml/schemas/v2_1/common">Dosso del Liro</Name>
          <Name xml:lang="en" xmlns="http://www.sdmx.org/resources/sdmxml/schemas/v2_1/common">Dosso del Liro</Name>
          <Parent>
            <Ref id="ITC42" xmlns="" />
          </Parent>
        </Code>
        <Code id="013093" urn="urn:sdmx:org.sdmx.infomodel.codelist.Code=IT1:CL_REFAREA(1.2).013093">
          <Name xml:lang="it" xmlns="http://www.sdmx.org/resources/sdmxml/schemas/v2_1/common">Drezzo</Name>
          <Name xml:lang="en" xmlns="http://www.sdmx.org/resources/sdmxml/schemas/v2_1/common">Drezzo</Name>
          <Parent>
            <Ref id="ITC42" xmlns="" />
          </Parent>
        </Code>
        <Code id="013094" urn="urn:sdmx:org.sdmx.infomodel.codelist.Code=IT1:CL_REFAREA(1.2).013094">
          <Name xml:lang="it" xmlns="http://www.sdmx.org/resources/sdmxml/schemas/v2_1/common">Ello</Name>
          <Name xml:lang="en" xmlns="http://www.sdmx.org/resources/sdmxml/schemas/v2_1/common">Ello</Name>
          <Parent>
            <Ref id="ITC42" xmlns="" />
          </Parent>
        </Code>
        <Code id="013095" urn="urn:sdmx:org.sdmx.infomodel.codelist.Code=IT1:CL_REFAREA(1.2).013095">
          <Name xml:lang="it" xmlns="http://www.sdmx.org/resources/sdmxml/schemas/v2_1/common">Erba</Name>
          <Name xml:lang="en" xmlns="http://www.sdmx.org/resources/sdmxml/schemas/v2_1/common">Erba</Name>
          <Parent>
            <Ref id="ITC42" xmlns="" />
          </Parent>
        </Code>
        <Code id="013096" urn="urn:sdmx:org.sdmx.infomodel.codelist.Code=IT1:CL_REFAREA(1.2).013096">
          <Name xml:lang="it" xmlns="http://www.sdmx.org/resources/sdmxml/schemas/v2_1/common">Esino Lario</Name>
          <Name xml:lang="en" xmlns="http://www.sdmx.org/resources/sdmxml/schemas/v2_1/common">Esino Lario</Name>
          <Parent>
            <Ref id="ITC42" xmlns="" />
          </Parent>
        </Code>
        <Code id="013097" urn="urn:sdmx:org.sdmx.infomodel.codelist.Code=IT1:CL_REFAREA(1.2).013097">
          <Name xml:lang="it" xmlns="http://www.sdmx.org/resources/sdmxml/schemas/v2_1/common">Eupilio</Name>
          <Name xml:lang="en" xmlns="http://www.sdmx.org/resources/sdmxml/schemas/v2_1/common">Eupilio</Name>
          <Parent>
            <Ref id="ITC42" xmlns="" />
          </Parent>
        </Code>
        <Code id="013098" urn="urn:sdmx:org.sdmx.infomodel.codelist.Code=IT1:CL_REFAREA(1.2).013098">
          <Name xml:lang="it" xmlns="http://www.sdmx.org/resources/sdmxml/schemas/v2_1/common">Faggeto Lario</Name>
          <Name xml:lang="en" xmlns="http://www.sdmx.org/resources/sdmxml/schemas/v2_1/common">Faggeto Lario</Name>
          <Parent>
            <Ref id="ITC42" xmlns="" />
          </Parent>
        </Code>
        <Code id="013099" urn="urn:sdmx:org.sdmx.infomodel.codelist.Code=IT1:CL_REFAREA(1.2).013099">
          <Name xml:lang="it" xmlns="http://www.sdmx.org/resources/sdmxml/schemas/v2_1/common">Faloppio</Name>
          <Name xml:lang="en" xmlns="http://www.sdmx.org/resources/sdmxml/schemas/v2_1/common">Faloppio</Name>
          <Parent>
            <Ref id="ITC42" xmlns="" />
          </Parent>
        </Code>
        <Code id="013100" urn="urn:sdmx:org.sdmx.infomodel.codelist.Code=IT1:CL_REFAREA(1.2).013100">
          <Name xml:lang="it" xmlns="http://www.sdmx.org/resources/sdmxml/schemas/v2_1/common">Fenegrò</Name>
          <Name xml:lang="en" xmlns="http://www.sdmx.org/resources/sdmxml/schemas/v2_1/common">Fenegrò</Name>
          <Parent>
            <Ref id="ITC42" xmlns="" />
          </Parent>
        </Code>
        <Code id="013101" urn="urn:sdmx:org.sdmx.infomodel.codelist.Code=IT1:CL_REFAREA(1.2).013101">
          <Name xml:lang="it" xmlns="http://www.sdmx.org/resources/sdmxml/schemas/v2_1/common">Figino Serenza</Name>
          <Name xml:lang="en" xmlns="http://www.sdmx.org/resources/sdmxml/schemas/v2_1/common">Figino Serenza</Name>
          <Parent>
            <Ref id="ITC42" xmlns="" />
          </Parent>
        </Code>
        <Code id="013102" urn="urn:sdmx:org.sdmx.infomodel.codelist.Code=IT1:CL_REFAREA(1.2).013102">
          <Name xml:lang="it" xmlns="http://www.sdmx.org/resources/sdmxml/schemas/v2_1/common">Fino Mornasco</Name>
          <Name xml:lang="en" xmlns="http://www.sdmx.org/resources/sdmxml/schemas/v2_1/common">Fino Mornasco</Name>
          <Parent>
            <Ref id="ITC42" xmlns="" />
          </Parent>
        </Code>
        <Code id="013103" urn="urn:sdmx:org.sdmx.infomodel.codelist.Code=IT1:CL_REFAREA(1.2).013103">
          <Name xml:lang="it" xmlns="http://www.sdmx.org/resources/sdmxml/schemas/v2_1/common">Galbiate</Name>
          <Name xml:lang="en" xmlns="http://www.sdmx.org/resources/sdmxml/schemas/v2_1/common">Galbiate</Name>
          <Parent>
            <Ref id="ITC42" xmlns="" />
          </Parent>
        </Code>
        <Code id="013104" urn="urn:sdmx:org.sdmx.infomodel.codelist.Code=IT1:CL_REFAREA(1.2).013104">
          <Name xml:lang="it" xmlns="http://www.sdmx.org/resources/sdmxml/schemas/v2_1/common">Garbagnate Monastero</Name>
          <Name xml:lang="en" xmlns="http://www.sdmx.org/resources/sdmxml/schemas/v2_1/common">Garbagnate Monastero</Name>
          <Parent>
            <Ref id="ITC42" xmlns="" />
          </Parent>
        </Code>
        <Code id="013105" urn="urn:sdmx:org.sdmx.infomodel.codelist.Code=IT1:CL_REFAREA(1.2).013105">
          <Name xml:lang="it" xmlns="http://www.sdmx.org/resources/sdmxml/schemas/v2_1/common">Garlate</Name>
          <Name xml:lang="en" xmlns="http://www.sdmx.org/resources/sdmxml/schemas/v2_1/common">Garlate</Name>
          <Parent>
            <Ref id="ITC42" xmlns="" />
          </Parent>
        </Code>
        <Code id="013106" urn="urn:sdmx:org.sdmx.infomodel.codelist.Code=IT1:CL_REFAREA(1.2).013106">
          <Name xml:lang="it" xmlns="http://www.sdmx.org/resources/sdmxml/schemas/v2_1/common">Garzeno</Name>
          <Name xml:lang="en" xmlns="http://www.sdmx.org/resources/sdmxml/schemas/v2_1/common">Garzeno</Name>
          <Parent>
            <Ref id="ITC42" xmlns="" />
          </Parent>
        </Code>
        <Code id="013107" urn="urn:sdmx:org.sdmx.infomodel.codelist.Code=IT1:CL_REFAREA(1.2).013107">
          <Name xml:lang="it" xmlns="http://www.sdmx.org/resources/sdmxml/schemas/v2_1/common">Gera Lario</Name>
          <Name xml:lang="en" xmlns="http://www.sdmx.org/resources/sdmxml/schemas/v2_1/common">Gera Lario</Name>
          <Parent>
            <Ref id="ITC42" xmlns="" />
          </Parent>
        </Code>
        <Code id="013108" urn="urn:sdmx:org.sdmx.infomodel.codelist.Code=IT1:CL_REFAREA(1.2).013108">
          <Name xml:lang="it" xmlns="http://www.sdmx.org/resources/sdmxml/schemas/v2_1/common">Germasino</Name>
          <Name xml:lang="en" xmlns="http://www.sdmx.org/resources/sdmxml/schemas/v2_1/common">Germasino</Name>
          <Parent>
            <Ref id="ITC42" xmlns="" />
          </Parent>
        </Code>
        <Code id="013109" urn="urn:sdmx:org.sdmx.infomodel.codelist.Code=IT1:CL_REFAREA(1.2).013109">
          <Name xml:lang="it" xmlns="http://www.sdmx.org/resources/sdmxml/schemas/v2_1/common">Gironico</Name>
          <Name xml:lang="en" xmlns="http://www.sdmx.org/resources/sdmxml/schemas/v2_1/common">Gironico</Name>
          <Parent>
            <Ref id="ITC42" xmlns="" />
          </Parent>
        </Code>
        <Code id="013110" urn="urn:sdmx:org.sdmx.infomodel.codelist.Code=IT1:CL_REFAREA(1.2).013110">
          <Name xml:lang="it" xmlns="http://www.sdmx.org/resources/sdmxml/schemas/v2_1/common">Grandate</Name>
          <Name xml:lang="en" xmlns="http://www.sdmx.org/resources/sdmxml/schemas/v2_1/common">Grandate</Name>
          <Parent>
            <Ref id="ITC42" xmlns="" />
          </Parent>
        </Code>
        <Code id="013111" urn="urn:sdmx:org.sdmx.infomodel.codelist.Code=IT1:CL_REFAREA(1.2).013111">
          <Name xml:lang="it" xmlns="http://www.sdmx.org/resources/sdmxml/schemas/v2_1/common">Grandola ed Uniti</Name>
          <Name xml:lang="en" xmlns="http://www.sdmx.org/resources/sdmxml/schemas/v2_1/common">Grandola ed Uniti</Name>
          <Parent>
            <Ref id="ITC42" xmlns="" />
          </Parent>
        </Code>
        <Code id="013112" urn="urn:sdmx:org.sdmx.infomodel.codelist.Code=IT1:CL_REFAREA(1.2).013112">
          <Name xml:lang="it" xmlns="http://www.sdmx.org/resources/sdmxml/schemas/v2_1/common">Gravedona</Name>
          <Name xml:lang="en" xmlns="http://www.sdmx.org/resources/sdmxml/schemas/v2_1/common">Gravedona</Name>
          <Parent>
            <Ref id="ITC42" xmlns="" />
          </Parent>
        </Code>
        <Code id="013113" urn="urn:sdmx:org.sdmx.infomodel.codelist.Code=IT1:CL_REFAREA(1.2).013113">
          <Name xml:lang="it" xmlns="http://www.sdmx.org/resources/sdmxml/schemas/v2_1/common">Griante</Name>
          <Name xml:lang="en" xmlns="http://www.sdmx.org/resources/sdmxml/schemas/v2_1/common">Griante</Name>
          <Parent>
            <Ref id="ITC42" xmlns="" />
          </Parent>
        </Code>
        <Code id="013114" urn="urn:sdmx:org.sdmx.infomodel.codelist.Code=IT1:CL_REFAREA(1.2).013114">
          <Name xml:lang="it" xmlns="http://www.sdmx.org/resources/sdmxml/schemas/v2_1/common">Guanzate</Name>
          <Name xml:lang="en" xmlns="http://www.sdmx.org/resources/sdmxml/schemas/v2_1/common">Guanzate</Name>
          <Parent>
            <Ref id="ITC42" xmlns="" />
          </Parent>
        </Code>
        <Code id="013115" urn="urn:sdmx:org.sdmx.infomodel.codelist.Code=IT1:CL_REFAREA(1.2).013115">
          <Name xml:lang="it" xmlns="http://www.sdmx.org/resources/sdmxml/schemas/v2_1/common">Imbersago</Name>
          <Name xml:lang="en" xmlns="http://www.sdmx.org/resources/sdmxml/schemas/v2_1/common">Imbersago</Name>
          <Parent>
            <Ref id="ITC42" xmlns="" />
          </Parent>
        </Code>
        <Code id="013116" urn="urn:sdmx:org.sdmx.infomodel.codelist.Code=IT1:CL_REFAREA(1.2).013116">
          <Name xml:lang="it" xmlns="http://www.sdmx.org/resources/sdmxml/schemas/v2_1/common">Introbio</Name>
          <Name xml:lang="en" xmlns="http://www.sdmx.org/resources/sdmxml/schemas/v2_1/common">Introbio</Name>
          <Parent>
            <Ref id="ITC42" xmlns="" />
          </Parent>
        </Code>
        <Code id="013117" urn="urn:sdmx:org.sdmx.infomodel.codelist.Code=IT1:CL_REFAREA(1.2).013117">
          <Name xml:lang="it" xmlns="http://www.sdmx.org/resources/sdmxml/schemas/v2_1/common">Introzzo</Name>
          <Name xml:lang="en" xmlns="http://www.sdmx.org/resources/sdmxml/schemas/v2_1/common">Introzzo</Name>
          <Parent>
            <Ref id="ITC42" xmlns="" />
          </Parent>
        </Code>
        <Code id="013118" urn="urn:sdmx:org.sdmx.infomodel.codelist.Code=IT1:CL_REFAREA(1.2).013118">
          <Name xml:lang="it" xmlns="http://www.sdmx.org/resources/sdmxml/schemas/v2_1/common">Inverigo</Name>
          <Name xml:lang="en" xmlns="http://www.sdmx.org/resources/sdmxml/schemas/v2_1/common">Inverigo</Name>
          <Parent>
            <Ref id="ITC42" xmlns="" />
          </Parent>
        </Code>
        <Code id="013119" urn="urn:sdmx:org.sdmx.infomodel.codelist.Code=IT1:CL_REFAREA(1.2).013119">
          <Name xml:lang="it" xmlns="http://www.sdmx.org/resources/sdmxml/schemas/v2_1/common">Laglio</Name>
          <Name xml:lang="en" xmlns="http://www.sdmx.org/resources/sdmxml/schemas/v2_1/common">Laglio</Name>
          <Parent>
            <Ref id="ITC42" xmlns="" />
          </Parent>
        </Code>
        <Code id="013120" urn="urn:sdmx:org.sdmx.infomodel.codelist.Code=IT1:CL_REFAREA(1.2).013120">
          <Name xml:lang="it" xmlns="http://www.sdmx.org/resources/sdmxml/schemas/v2_1/common">Laino</Name>
          <Name xml:lang="en" xmlns="http://www.sdmx.org/resources/sdmxml/schemas/v2_1/common">Laino</Name>
          <Parent>
            <Ref id="ITC42" xmlns="" />
          </Parent>
        </Code>
        <Code id="013121" urn="urn:sdmx:org.sdmx.infomodel.codelist.Code=IT1:CL_REFAREA(1.2).013121">
          <Name xml:lang="it" xmlns="http://www.sdmx.org/resources/sdmxml/schemas/v2_1/common">Lambrugo</Name>
          <Name xml:lang="en" xmlns="http://www.sdmx.org/resources/sdmxml/schemas/v2_1/common">Lambrugo</Name>
          <Parent>
            <Ref id="ITC42" xmlns="" />
          </Parent>
        </Code>
        <Code id="013122" urn="urn:sdmx:org.sdmx.infomodel.codelist.Code=IT1:CL_REFAREA(1.2).013122">
          <Name xml:lang="it" xmlns="http://www.sdmx.org/resources/sdmxml/schemas/v2_1/common">Lanzo d'Intelvi</Name>
          <Name xml:lang="en" xmlns="http://www.sdmx.org/resources/sdmxml/schemas/v2_1/common">Lanzo d'Intelvi</Name>
          <Parent>
            <Ref id="ITC42" xmlns="" />
          </Parent>
        </Code>
        <Code id="013123" urn="urn:sdmx:org.sdmx.infomodel.codelist.Code=IT1:CL_REFAREA(1.2).013123">
          <Name xml:lang="it" xmlns="http://www.sdmx.org/resources/sdmxml/schemas/v2_1/common">Lasnigo</Name>
          <Name xml:lang="en" xmlns="http://www.sdmx.org/resources/sdmxml/schemas/v2_1/common">Lasnigo</Name>
          <Parent>
            <Ref id="ITC42" xmlns="" />
          </Parent>
        </Code>
        <Code id="013124" urn="urn:sdmx:org.sdmx.infomodel.codelist.Code=IT1:CL_REFAREA(1.2).013124">
          <Name xml:lang="it" xmlns="http://www.sdmx.org/resources/sdmxml/schemas/v2_1/common">Lecco</Name>
          <Name xml:lang="en" xmlns="http://www.sdmx.org/resources/sdmxml/schemas/v2_1/common">Lecco</Name>
          <Parent>
            <Ref id="ITC42" xmlns="" />
          </Parent>
        </Code>
        <Code id="013125" urn="urn:sdmx:org.sdmx.infomodel.codelist.Code=IT1:CL_REFAREA(1.2).013125">
          <Name xml:lang="it" xmlns="http://www.sdmx.org/resources/sdmxml/schemas/v2_1/common">Lenno</Name>
          <Name xml:lang="en" xmlns="http://www.sdmx.org/resources/sdmxml/schemas/v2_1/common">Lenno</Name>
          <Parent>
            <Ref id="ITC42" xmlns="" />
          </Parent>
        </Code>
        <Code id="013126" urn="urn:sdmx:org.sdmx.infomodel.codelist.Code=IT1:CL_REFAREA(1.2).013126">
          <Name xml:lang="it" xmlns="http://www.sdmx.org/resources/sdmxml/schemas/v2_1/common">Lezzeno</Name>
          <Name xml:lang="en" xmlns="http://www.sdmx.org/resources/sdmxml/schemas/v2_1/common">Lezzeno</Name>
          <Parent>
            <Ref id="ITC42" xmlns="" />
          </Parent>
        </Code>
        <Code id="013127" urn="urn:sdmx:org.sdmx.infomodel.codelist.Code=IT1:CL_REFAREA(1.2).013127">
          <Name xml:lang="it" xmlns="http://www.sdmx.org/resources/sdmxml/schemas/v2_1/common">Lierna</Name>
          <Name xml:lang="en" xmlns="http://www.sdmx.org/resources/sdmxml/schemas/v2_1/common">Lierna</Name>
          <Parent>
            <Ref id="ITC42" xmlns="" />
          </Parent>
        </Code>
        <Code id="013128" urn="urn:sdmx:org.sdmx.infomodel.codelist.Code=IT1:CL_REFAREA(1.2).013128">
          <Name xml:lang="it" xmlns="http://www.sdmx.org/resources/sdmxml/schemas/v2_1/common">Limido Comasco</Name>
          <Name xml:lang="en" xmlns="http://www.sdmx.org/resources/sdmxml/schemas/v2_1/common">Limido Comasco</Name>
          <Parent>
            <Ref id="ITC42" xmlns="" />
          </Parent>
        </Code>
        <Code id="013129" urn="urn:sdmx:org.sdmx.infomodel.codelist.Code=IT1:CL_REFAREA(1.2).013129">
          <Name xml:lang="it" xmlns="http://www.sdmx.org/resources/sdmxml/schemas/v2_1/common">Lipomo</Name>
          <Name xml:lang="en" xmlns="http://www.sdmx.org/resources/sdmxml/schemas/v2_1/common">Lipomo</Name>
          <Parent>
            <Ref id="ITC42" xmlns="" />
          </Parent>
        </Code>
        <Code id="013130" urn="urn:sdmx:org.sdmx.infomodel.codelist.Code=IT1:CL_REFAREA(1.2).013130">
          <Name xml:lang="it" xmlns="http://www.sdmx.org/resources/sdmxml/schemas/v2_1/common">Livo</Name>
          <Name xml:lang="en" xmlns="http://www.sdmx.org/resources/sdmxml/schemas/v2_1/common">Livo</Name>
          <Parent>
            <Ref id="ITC42" xmlns="" />
          </Parent>
        </Code>
        <Code id="013131" urn="urn:sdmx:org.sdmx.infomodel.codelist.Code=IT1:CL_REFAREA(1.2).013131">
          <Name xml:lang="it" xmlns="http://www.sdmx.org/resources/sdmxml/schemas/v2_1/common">Locate Varesino</Name>
          <Name xml:lang="en" xmlns="http://www.sdmx.org/resources/sdmxml/schemas/v2_1/common">Locate Varesino</Name>
          <Parent>
            <Ref id="ITC42" xmlns="" />
          </Parent>
        </Code>
        <Code id="013132" urn="urn:sdmx:org.sdmx.infomodel.codelist.Code=IT1:CL_REFAREA(1.2).013132">
          <Name xml:lang="it" xmlns="http://www.sdmx.org/resources/sdmxml/schemas/v2_1/common">Lomagna</Name>
          <Name xml:lang="en" xmlns="http://www.sdmx.org/resources/sdmxml/schemas/v2_1/common">Lomagna</Name>
          <Parent>
            <Ref id="ITC42" xmlns="" />
          </Parent>
        </Code>
        <Code id="013133" urn="urn:sdmx:org.sdmx.infomodel.codelist.Code=IT1:CL_REFAREA(1.2).013133">
          <Name xml:lang="it" xmlns="http://www.sdmx.org/resources/sdmxml/schemas/v2_1/common">Lomazzo</Name>
          <Name xml:lang="en" xmlns="http://www.sdmx.org/resources/sdmxml/schemas/v2_1/common">Lomazzo</Name>
          <Parent>
            <Ref id="ITC42" xmlns="" />
          </Parent>
        </Code>
        <Code id="013134" urn="urn:sdmx:org.sdmx.infomodel.codelist.Code=IT1:CL_REFAREA(1.2).013134">
          <Name xml:lang="it" xmlns="http://www.sdmx.org/resources/sdmxml/schemas/v2_1/common">Longone al Segrino</Name>
          <Name xml:lang="en" xmlns="http://www.sdmx.org/resources/sdmxml/schemas/v2_1/common">Longone al Segrino</Name>
          <Parent>
            <Ref id="ITC42" xmlns="" />
          </Parent>
        </Code>
        <Code id="013135" urn="urn:sdmx:org.sdmx.infomodel.codelist.Code=IT1:CL_REFAREA(1.2).013135">
          <Name xml:lang="it" xmlns="http://www.sdmx.org/resources/sdmxml/schemas/v2_1/common">Luisago</Name>
          <Name xml:lang="en" xmlns="http://www.sdmx.org/resources/sdmxml/schemas/v2_1/common">Luisago</Name>
          <Parent>
            <Ref id="ITC42" xmlns="" />
          </Parent>
        </Code>
        <Code id="013136" urn="urn:sdmx:org.sdmx.infomodel.codelist.Code=IT1:CL_REFAREA(1.2).013136">
          <Name xml:lang="it" xmlns="http://www.sdmx.org/resources/sdmxml/schemas/v2_1/common">Lurago d'Erba</Name>
          <Name xml:lang="en" xmlns="http://www.sdmx.org/resources/sdmxml/schemas/v2_1/common">Lurago d'Erba</Name>
          <Parent>
            <Ref id="ITC42" xmlns="" />
          </Parent>
        </Code>
        <Code id="013137" urn="urn:sdmx:org.sdmx.infomodel.codelist.Code=IT1:CL_REFAREA(1.2).013137">
          <Name xml:lang="it" xmlns="http://www.sdmx.org/resources/sdmxml/schemas/v2_1/common">Lurago Marinone</Name>
          <Name xml:lang="en" xmlns="http://www.sdmx.org/resources/sdmxml/schemas/v2_1/common">Lurago Marinone</Name>
          <Parent>
            <Ref id="ITC42" xmlns="" />
          </Parent>
        </Code>
        <Code id="013138" urn="urn:sdmx:org.sdmx.infomodel.codelist.Code=IT1:CL_REFAREA(1.2).013138">
          <Name xml:lang="it" xmlns="http://www.sdmx.org/resources/sdmxml/schemas/v2_1/common">Lurate Caccivio</Name>
          <Name xml:lang="en" xmlns="http://www.sdmx.org/resources/sdmxml/schemas/v2_1/common">Lurate Caccivio</Name>
          <Parent>
            <Ref id="ITC42" xmlns="" />
          </Parent>
        </Code>
        <Code id="013139" urn="urn:sdmx:org.sdmx.infomodel.codelist.Code=IT1:CL_REFAREA(1.2).013139">
          <Name xml:lang="it" xmlns="http://www.sdmx.org/resources/sdmxml/schemas/v2_1/common">Magreglio</Name>
          <Name xml:lang="en" xmlns="http://www.sdmx.org/resources/sdmxml/schemas/v2_1/common">Magreglio</Name>
          <Parent>
            <Ref id="ITC42" xmlns="" />
          </Parent>
        </Code>
        <Code id="013140" urn="urn:sdmx:org.sdmx.infomodel.codelist.Code=IT1:CL_REFAREA(1.2).013140">
          <Name xml:lang="it" xmlns="http://www.sdmx.org/resources/sdmxml/schemas/v2_1/common">Malgrate</Name>
          <Name xml:lang="en" xmlns="http://www.sdmx.org/resources/sdmxml/schemas/v2_1/common">Malgrate</Name>
          <Parent>
            <Ref id="ITC42" xmlns="" />
          </Parent>
        </Code>
        <Code id="013141" urn="urn:sdmx:org.sdmx.infomodel.codelist.Code=IT1:CL_REFAREA(1.2).013141">
          <Name xml:lang="it" xmlns="http://www.sdmx.org/resources/sdmxml/schemas/v2_1/common">Mandello del Lario</Name>
          <Name xml:lang="en" xmlns="http://www.sdmx.org/resources/sdmxml/schemas/v2_1/common">Mandello del Lario</Name>
          <Parent>
            <Ref id="ITC42" xmlns="" />
          </Parent>
        </Code>
        <Code id="013142" urn="urn:sdmx:org.sdmx.infomodel.codelist.Code=IT1:CL_REFAREA(1.2).013142">
          <Name xml:lang="it" xmlns="http://www.sdmx.org/resources/sdmxml/schemas/v2_1/common">Margno</Name>
          <Name xml:lang="en" xmlns="http://www.sdmx.org/resources/sdmxml/schemas/v2_1/common">Margno</Name>
          <Parent>
            <Ref id="ITC42" xmlns="" />
          </Parent>
        </Code>
        <Code id="013143" urn="urn:sdmx:org.sdmx.infomodel.codelist.Code=IT1:CL_REFAREA(1.2).013143">
          <Name xml:lang="it" xmlns="http://www.sdmx.org/resources/sdmxml/schemas/v2_1/common">Mariano Comense</Name>
          <Name xml:lang="en" xmlns="http://www.sdmx.org/resources/sdmxml/schemas/v2_1/common">Mariano Comense</Name>
          <Parent>
            <Ref id="ITC42" xmlns="" />
          </Parent>
        </Code>
        <Code id="013144" urn="urn:sdmx:org.sdmx.infomodel.codelist.Code=IT1:CL_REFAREA(1.2).013144">
          <Name xml:lang="it" xmlns="http://www.sdmx.org/resources/sdmxml/schemas/v2_1/common">Maslianico</Name>
          <Name xml:lang="en" xmlns="http://www.sdmx.org/resources/sdmxml/schemas/v2_1/common">Maslianico</Name>
          <Parent>
            <Ref id="ITC42" xmlns="" />
          </Parent>
        </Code>
        <Code id="013145" urn="urn:sdmx:org.sdmx.infomodel.codelist.Code=IT1:CL_REFAREA(1.2).013145">
          <Name xml:lang="it" xmlns="http://www.sdmx.org/resources/sdmxml/schemas/v2_1/common">Menaggio</Name>
          <Name xml:lang="en" xmlns="http://www.sdmx.org/resources/sdmxml/schemas/v2_1/common">Menaggio</Name>
          <Parent>
            <Ref id="ITC42" xmlns="" />
          </Parent>
        </Code>
        <Code id="013146" urn="urn:sdmx:org.sdmx.infomodel.codelist.Code=IT1:CL_REFAREA(1.2).013146">
          <Name xml:lang="it" xmlns="http://www.sdmx.org/resources/sdmxml/schemas/v2_1/common">Merate</Name>
          <Name xml:lang="en" xmlns="http://www.sdmx.org/resources/sdmxml/schemas/v2_1/common">Merate</Name>
          <Parent>
            <Ref id="ITC42" xmlns="" />
          </Parent>
        </Code>
        <Code id="013147" urn="urn:sdmx:org.sdmx.infomodel.codelist.Code=IT1:CL_REFAREA(1.2).013147">
          <Name xml:lang="it" xmlns="http://www.sdmx.org/resources/sdmxml/schemas/v2_1/common">Merone</Name>
          <Name xml:lang="en" xmlns="http://www.sdmx.org/resources/sdmxml/schemas/v2_1/common">Merone</Name>
          <Parent>
            <Ref id="ITC42" xmlns="" />
          </Parent>
        </Code>
        <Code id="013148" urn="urn:sdmx:org.sdmx.infomodel.codelist.Code=IT1:CL_REFAREA(1.2).013148">
          <Name xml:lang="it" xmlns="http://www.sdmx.org/resources/sdmxml/schemas/v2_1/common">Mezzegra</Name>
          <Name xml:lang="en" xmlns="http://www.sdmx.org/resources/sdmxml/schemas/v2_1/common">Mezzegra</Name>
          <Parent>
            <Ref id="ITC42" xmlns="" />
          </Parent>
        </Code>
        <Code id="013149" urn="urn:sdmx:org.sdmx.infomodel.codelist.Code=IT1:CL_REFAREA(1.2).013149">
          <Name xml:lang="it" xmlns="http://www.sdmx.org/resources/sdmxml/schemas/v2_1/common">Missaglia</Name>
          <Name xml:lang="en" xmlns="http://www.sdmx.org/resources/sdmxml/schemas/v2_1/common">Missaglia</Name>
          <Parent>
            <Ref id="ITC42" xmlns="" />
          </Parent>
        </Code>
        <Code id="013150" urn="urn:sdmx:org.sdmx.infomodel.codelist.Code=IT1:CL_REFAREA(1.2).013150">
          <Name xml:lang="it" xmlns="http://www.sdmx.org/resources/sdmxml/schemas/v2_1/common">Moggio</Name>
          <Name xml:lang="en" xmlns="http://www.sdmx.org/resources/sdmxml/schemas/v2_1/common">Moggio</Name>
          <Parent>
            <Ref id="ITC42" xmlns="" />
          </Parent>
        </Code>
        <Code id="013151" urn="urn:sdmx:org.sdmx.infomodel.codelist.Code=IT1:CL_REFAREA(1.2).013151">
          <Name xml:lang="it" xmlns="http://www.sdmx.org/resources/sdmxml/schemas/v2_1/common">Molteno</Name>
          <Name xml:lang="en" xmlns="http://www.sdmx.org/resources/sdmxml/schemas/v2_1/common">Molteno</Name>
          <Parent>
            <Ref id="ITC42" xmlns="" />
          </Parent>
        </Code>
        <Code id="013152" urn="urn:sdmx:org.sdmx.infomodel.codelist.Code=IT1:CL_REFAREA(1.2).013152">
          <Name xml:lang="it" xmlns="http://www.sdmx.org/resources/sdmxml/schemas/v2_1/common">Moltrasio</Name>
          <Name xml:lang="en" xmlns="http://www.sdmx.org/resources/sdmxml/schemas/v2_1/common">Moltrasio</Name>
          <Parent>
            <Ref id="ITC42" xmlns="" />
          </Parent>
        </Code>
        <Code id="013153" urn="urn:sdmx:org.sdmx.infomodel.codelist.Code=IT1:CL_REFAREA(1.2).013153">
          <Name xml:lang="it" xmlns="http://www.sdmx.org/resources/sdmxml/schemas/v2_1/common">Monguzzo</Name>
          <Name xml:lang="en" xmlns="http://www.sdmx.org/resources/sdmxml/schemas/v2_1/common">Monguzzo</Name>
          <Parent>
            <Ref id="ITC42" xmlns="" />
          </Parent>
        </Code>
        <Code id="013154" urn="urn:sdmx:org.sdmx.infomodel.codelist.Code=IT1:CL_REFAREA(1.2).013154">
          <Name xml:lang="it" xmlns="http://www.sdmx.org/resources/sdmxml/schemas/v2_1/common">Montano Lucino</Name>
          <Name xml:lang="en" xmlns="http://www.sdmx.org/resources/sdmxml/schemas/v2_1/common">Montano Lucino</Name>
          <Parent>
            <Ref id="ITC42" xmlns="" />
          </Parent>
        </Code>
        <Code id="013155" urn="urn:sdmx:org.sdmx.infomodel.codelist.Code=IT1:CL_REFAREA(1.2).013155">
          <Name xml:lang="it" xmlns="http://www.sdmx.org/resources/sdmxml/schemas/v2_1/common">Montemezzo</Name>
          <Name xml:lang="en" xmlns="http://www.sdmx.org/resources/sdmxml/schemas/v2_1/common">Montemezzo</Name>
          <Parent>
            <Ref id="ITC42" xmlns="" />
          </Parent>
        </Code>
        <Code id="013156" urn="urn:sdmx:org.sdmx.infomodel.codelist.Code=IT1:CL_REFAREA(1.2).013156">
          <Name xml:lang="it" xmlns="http://www.sdmx.org/resources/sdmxml/schemas/v2_1/common">Monticello Brianza</Name>
          <Name xml:lang="en" xmlns="http://www.sdmx.org/resources/sdmxml/schemas/v2_1/common">Monticello Brianza</Name>
          <Parent>
            <Ref id="ITC42" xmlns="" />
          </Parent>
        </Code>
        <Code id="013157" urn="urn:sdmx:org.sdmx.infomodel.codelist.Code=IT1:CL_REFAREA(1.2).013157">
          <Name xml:lang="it" xmlns="http://www.sdmx.org/resources/sdmxml/schemas/v2_1/common">Montorfano</Name>
          <Name xml:lang="en" xmlns="http://www.sdmx.org/resources/sdmxml/schemas/v2_1/common">Montorfano</Name>
          <Parent>
            <Ref id="ITC42" xmlns="" />
          </Parent>
        </Code>
        <Code id="013158" urn="urn:sdmx:org.sdmx.infomodel.codelist.Code=IT1:CL_REFAREA(1.2).013158">
          <Name xml:lang="it" xmlns="http://www.sdmx.org/resources/sdmxml/schemas/v2_1/common">Morterone</Name>
          <Name xml:lang="en" xmlns="http://www.sdmx.org/resources/sdmxml/schemas/v2_1/common">Morterone</Name>
          <Parent>
            <Ref id="ITC42" xmlns="" />
          </Parent>
        </Code>
        <Code id="013159" urn="urn:sdmx:org.sdmx.infomodel.codelist.Code=IT1:CL_REFAREA(1.2).013159">
          <Name xml:lang="it" xmlns="http://www.sdmx.org/resources/sdmxml/schemas/v2_1/common">Mozzate</Name>
          <Name xml:lang="en" xmlns="http://www.sdmx.org/resources/sdmxml/schemas/v2_1/common">Mozzate</Name>
          <Parent>
            <Ref id="ITC42" xmlns="" />
          </Parent>
        </Code>
        <Code id="013160" urn="urn:sdmx:org.sdmx.infomodel.codelist.Code=IT1:CL_REFAREA(1.2).013160">
          <Name xml:lang="it" xmlns="http://www.sdmx.org/resources/sdmxml/schemas/v2_1/common">Musso</Name>
          <Name xml:lang="en" xmlns="http://www.sdmx.org/resources/sdmxml/schemas/v2_1/common">Musso</Name>
          <Parent>
            <Ref id="ITC42" xmlns="" />
          </Parent>
        </Code>
        <Code id="013161" urn="urn:sdmx:org.sdmx.infomodel.codelist.Code=IT1:CL_REFAREA(1.2).013161">
          <Name xml:lang="it" xmlns="http://www.sdmx.org/resources/sdmxml/schemas/v2_1/common">Nesso</Name>
          <Name xml:lang="en" xmlns="http://www.sdmx.org/resources/sdmxml/schemas/v2_1/common">Nesso</Name>
          <Parent>
            <Ref id="ITC42" xmlns="" />
          </Parent>
        </Code>
        <Code id="013162" urn="urn:sdmx:org.sdmx.infomodel.codelist.Code=IT1:CL_REFAREA(1.2).013162">
          <Name xml:lang="it" xmlns="http://www.sdmx.org/resources/sdmxml/schemas/v2_1/common">Nibionno</Name>
          <Name xml:lang="en" xmlns="http://www.sdmx.org/resources/sdmxml/schemas/v2_1/common">Nibionno</Name>
          <Parent>
            <Ref id="ITC42" xmlns="" />
          </Parent>
        </Code>
        <Code id="013163" urn="urn:sdmx:org.sdmx.infomodel.codelist.Code=IT1:CL_REFAREA(1.2).013163">
          <Name xml:lang="it" xmlns="http://www.sdmx.org/resources/sdmxml/schemas/v2_1/common">Novedrate</Name>
          <Name xml:lang="en" xmlns="http://www.sdmx.org/resources/sdmxml/schemas/v2_1/common">Novedrate</Name>
          <Parent>
            <Ref id="ITC42" xmlns="" />
          </Parent>
        </Code>
        <Code id="013164" urn="urn:sdmx:org.sdmx.infomodel.codelist.Code=IT1:CL_REFAREA(1.2).013164">
          <Name xml:lang="it" xmlns="http://www.sdmx.org/resources/sdmxml/schemas/v2_1/common">Oggiono</Name>
          <Name xml:lang="en" xmlns="http://www.sdmx.org/resources/sdmxml/schemas/v2_1/common">Oggiono</Name>
          <Parent>
            <Ref id="ITC42" xmlns="" />
          </Parent>
        </Code>
        <Code id="013165" urn="urn:sdmx:org.sdmx.infomodel.codelist.Code=IT1:CL_REFAREA(1.2).013165">
          <Name xml:lang="it" xmlns="http://www.sdmx.org/resources/sdmxml/schemas/v2_1/common">Olgiate Comasco</Name>
          <Name xml:lang="en" xmlns="http://www.sdmx.org/resources/sdmxml/schemas/v2_1/common">Olgiate Comasco</Name>
          <Parent>
            <Ref id="ITC42" xmlns="" />
          </Parent>
        </Code>
        <Code id="013166" urn="urn:sdmx:org.sdmx.infomodel.codelist.Code=IT1:CL_REFAREA(1.2).013166">
          <Name xml:lang="it" xmlns="http://www.sdmx.org/resources/sdmxml/schemas/v2_1/common">Olgiate Molgora</Name>
          <Name xml:lang="en" xmlns="http://www.sdmx.org/resources/sdmxml/schemas/v2_1/common">Olgiate Molgora</Name>
          <Parent>
            <Ref id="ITC42" xmlns="" />
          </Parent>
        </Code>
        <Code id="013167" urn="urn:sdmx:org.sdmx.infomodel.codelist.Code=IT1:CL_REFAREA(1.2).013167">
          <Name xml:lang="it" xmlns="http://www.sdmx.org/resources/sdmxml/schemas/v2_1/common">Olginate</Name>
          <Name xml:lang="en" xmlns="http://www.sdmx.org/resources/sdmxml/schemas/v2_1/common">Olginate</Name>
          <Parent>
            <Ref id="ITC42" xmlns="" />
          </Parent>
        </Code>
        <Code id="013168" urn="urn:sdmx:org.sdmx.infomodel.codelist.Code=IT1:CL_REFAREA(1.2).013168">
          <Name xml:lang="it" xmlns="http://www.sdmx.org/resources/sdmxml/schemas/v2_1/common">Oliveto Lario</Name>
          <Name xml:lang="en" xmlns="http://www.sdmx.org/resources/sdmxml/schemas/v2_1/common">Oliveto Lario</Name>
          <Parent>
            <Ref id="ITC42" xmlns="" />
          </Parent>
        </Code>
        <Code id="013169" urn="urn:sdmx:org.sdmx.infomodel.codelist.Code=IT1:CL_REFAREA(1.2).013169">
          <Name xml:lang="it" xmlns="http://www.sdmx.org/resources/sdmxml/schemas/v2_1/common">Oltrona di San Mamette</Name>
          <Name xml:lang="en" xmlns="http://www.sdmx.org/resources/sdmxml/schemas/v2_1/common">Oltrona di San Mamette</Name>
          <Parent>
            <Ref id="ITC42" xmlns="" />
          </Parent>
        </Code>
        <Code id="013170" urn="urn:sdmx:org.sdmx.infomodel.codelist.Code=IT1:CL_REFAREA(1.2).013170">
          <Name xml:lang="it" xmlns="http://www.sdmx.org/resources/sdmxml/schemas/v2_1/common">Orsenigo</Name>
          <Name xml:lang="en" xmlns="http://www.sdmx.org/resources/sdmxml/schemas/v2_1/common">Orsenigo</Name>
          <Parent>
            <Ref id="ITC42" xmlns="" />
          </Parent>
        </Code>
        <Code id="013171" urn="urn:sdmx:org.sdmx.infomodel.codelist.Code=IT1:CL_REFAREA(1.2).013171">
          <Name xml:lang="it" xmlns="http://www.sdmx.org/resources/sdmxml/schemas/v2_1/common">Osnago</Name>
          <Name xml:lang="en" xmlns="http://www.sdmx.org/resources/sdmxml/schemas/v2_1/common">Osnago</Name>
          <Parent>
            <Ref id="ITC42" xmlns="" />
          </Parent>
        </Code>
        <Code id="013172" urn="urn:sdmx:org.sdmx.infomodel.codelist.Code=IT1:CL_REFAREA(1.2).013172">
          <Name xml:lang="it" xmlns="http://www.sdmx.org/resources/sdmxml/schemas/v2_1/common">Ossuccio</Name>
          <Name xml:lang="en" xmlns="http://www.sdmx.org/resources/sdmxml/schemas/v2_1/common">Ossuccio</Name>
          <Parent>
            <Ref id="ITC42" xmlns="" />
          </Parent>
        </Code>
        <Code id="013173" urn="urn:sdmx:org.sdmx.infomodel.codelist.Code=IT1:CL_REFAREA(1.2).013173">
          <Name xml:lang="it" xmlns="http://www.sdmx.org/resources/sdmxml/schemas/v2_1/common">Paderno d'Adda</Name>
          <Name xml:lang="en" xmlns="http://www.sdmx.org/resources/sdmxml/schemas/v2_1/common">Paderno d'Adda</Name>
          <Parent>
            <Ref id="ITC42" xmlns="" />
          </Parent>
        </Code>
        <Code id="013174" urn="urn:sdmx:org.sdmx.infomodel.codelist.Code=IT1:CL_REFAREA(1.2).013174">
          <Name xml:lang="it" xmlns="http://www.sdmx.org/resources/sdmxml/schemas/v2_1/common">Pagnona</Name>
          <Name xml:lang="en" xmlns="http://www.sdmx.org/resources/sdmxml/schemas/v2_1/common">Pagnona</Name>
          <Parent>
            <Ref id="ITC42" xmlns="" />
          </Parent>
        </Code>
        <Code id="013175" urn="urn:sdmx:org.sdmx.infomodel.codelist.Code=IT1:CL_REFAREA(1.2).013175">
          <Name xml:lang="it" xmlns="http://www.sdmx.org/resources/sdmxml/schemas/v2_1/common">Parè</Name>
          <Name xml:lang="en" xmlns="http://www.sdmx.org/resources/sdmxml/schemas/v2_1/common">Parè</Name>
          <Parent>
            <Ref id="ITC42" xmlns="" />
          </Parent>
        </Code>
        <Code id="013176" urn="urn:sdmx:org.sdmx.infomodel.codelist.Code=IT1:CL_REFAREA(1.2).013176">
          <Name xml:lang="it" xmlns="http://www.sdmx.org/resources/sdmxml/schemas/v2_1/common">Parlasco</Name>
          <Name xml:lang="en" xmlns="http://www.sdmx.org/resources/sdmxml/schemas/v2_1/common">Parlasco</Name>
          <Parent>
            <Ref id="ITC42" xmlns="" />
          </Parent>
        </Code>
        <Code id="013177" urn="urn:sdmx:org.sdmx.infomodel.codelist.Code=IT1:CL_REFAREA(1.2).013177">
          <Name xml:lang="it" xmlns="http://www.sdmx.org/resources/sdmxml/schemas/v2_1/common">Pasturo</Name>
          <Name xml:lang="en" xmlns="http://www.sdmx.org/resources/sdmxml/schemas/v2_1/common">Pasturo</Name>
          <Parent>
            <Ref id="ITC42" xmlns="" />
          </Parent>
        </Code>
        <Code id="013178" urn="urn:sdmx:org.sdmx.infomodel.codelist.Code=IT1:CL_REFAREA(1.2).013178">
          <Name xml:lang="it" xmlns="http://www.sdmx.org/resources/sdmxml/schemas/v2_1/common">Peglio</Name>
          <Name xml:lang="en" xmlns="http://www.sdmx.org/resources/sdmxml/schemas/v2_1/common">Peglio</Name>
          <Parent>
            <Ref id="ITC42" xmlns="" />
          </Parent>
        </Code>
        <Code id="013179" urn="urn:sdmx:org.sdmx.infomodel.codelist.Code=IT1:CL_REFAREA(1.2).013179">
          <Name xml:lang="it" xmlns="http://www.sdmx.org/resources/sdmxml/schemas/v2_1/common">Pellio Intelvi</Name>
          <Name xml:lang="en" xmlns="http://www.sdmx.org/resources/sdmxml/schemas/v2_1/common">Pellio Intelvi</Name>
          <Parent>
            <Ref id="ITC42" xmlns="" />
          </Parent>
        </Code>
        <Code id="013180" urn="urn:sdmx:org.sdmx.infomodel.codelist.Code=IT1:CL_REFAREA(1.2).013180">
          <Name xml:lang="it" xmlns="http://www.sdmx.org/resources/sdmxml/schemas/v2_1/common">Perego</Name>
          <Name xml:lang="en" xmlns="http://www.sdmx.org/resources/sdmxml/schemas/v2_1/common">Perego</Name>
          <Parent>
            <Ref id="ITC42" xmlns="" />
          </Parent>
        </Code>
        <Code id="013181" urn="urn:sdmx:org.sdmx.infomodel.codelist.Code=IT1:CL_REFAREA(1.2).013181">
          <Name xml:lang="it" xmlns="http://www.sdmx.org/resources/sdmxml/schemas/v2_1/common">Perledo</Name>
          <Name xml:lang="en" xmlns="http://www.sdmx.org/resources/sdmxml/schemas/v2_1/common">Perledo</Name>
          <Parent>
            <Ref id="ITC42" xmlns="" />
          </Parent>
        </Code>
        <Code id="013182" urn="urn:sdmx:org.sdmx.infomodel.codelist.Code=IT1:CL_REFAREA(1.2).013182">
          <Name xml:lang="it" xmlns="http://www.sdmx.org/resources/sdmxml/schemas/v2_1/common">Pescate</Name>
          <Name xml:lang="en" xmlns="http://www.sdmx.org/resources/sdmxml/schemas/v2_1/common">Pescate</Name>
          <Parent>
            <Ref id="ITC42" xmlns="" />
          </Parent>
        </Code>
        <Code id="013183" urn="urn:sdmx:org.sdmx.infomodel.codelist.Code=IT1:CL_REFAREA(1.2).013183">
          <Name xml:lang="it" xmlns="http://www.sdmx.org/resources/sdmxml/schemas/v2_1/common">Pianello del Lario</Name>
          <Name xml:lang="en" xmlns="http://www.sdmx.org/resources/sdmxml/schemas/v2_1/common">Pianello del Lario</Name>
          <Parent>
            <Ref id="ITC42" xmlns="" />
          </Parent>
        </Code>
        <Code id="013184" urn="urn:sdmx:org.sdmx.infomodel.codelist.Code=IT1:CL_REFAREA(1.2).013184">
          <Name xml:lang="it" xmlns="http://www.sdmx.org/resources/sdmxml/schemas/v2_1/common">Pigra</Name>
          <Name xml:lang="en" xmlns="http://www.sdmx.org/resources/sdmxml/schemas/v2_1/common">Pigra</Name>
          <Parent>
            <Ref id="ITC42" xmlns="" />
          </Parent>
        </Code>
        <Code id="013185" urn="urn:sdmx:org.sdmx.infomodel.codelist.Code=IT1:CL_REFAREA(1.2).013185">
          <Name xml:lang="it" xmlns="http://www.sdmx.org/resources/sdmxml/schemas/v2_1/common">Plesio</Name>
          <Name xml:lang="en" xmlns="http://www.sdmx.org/resources/sdmxml/schemas/v2_1/common">Plesio</Name>
          <Parent>
            <Ref id="ITC42" xmlns="" />
          </Parent>
        </Code>
        <Code id="013186" urn="urn:sdmx:org.sdmx.infomodel.codelist.Code=IT1:CL_REFAREA(1.2).013186">
          <Name xml:lang="it" xmlns="http://www.sdmx.org/resources/sdmxml/schemas/v2_1/common">Pognana Lario</Name>
          <Name xml:lang="en" xmlns="http://www.sdmx.org/resources/sdmxml/schemas/v2_1/common">Pognana Lario</Name>
          <Parent>
            <Ref id="ITC42" xmlns="" />
          </Parent>
        </Code>
        <Code id="013187" urn="urn:sdmx:org.sdmx.infomodel.codelist.Code=IT1:CL_REFAREA(1.2).013187">
          <Name xml:lang="it" xmlns="http://www.sdmx.org/resources/sdmxml/schemas/v2_1/common">Ponna</Name>
          <Name xml:lang="en" xmlns="http://www.sdmx.org/resources/sdmxml/schemas/v2_1/common">Ponna</Name>
          <Parent>
            <Ref id="ITC42" xmlns="" />
          </Parent>
        </Code>
        <Code id="013188" urn="urn:sdmx:org.sdmx.infomodel.codelist.Code=IT1:CL_REFAREA(1.2).013188">
          <Name xml:lang="it" xmlns="http://www.sdmx.org/resources/sdmxml/schemas/v2_1/common">Ponte Lambro</Name>
          <Name xml:lang="en" xmlns="http://www.sdmx.org/resources/sdmxml/schemas/v2_1/common">Ponte Lambro</Name>
          <Parent>
            <Ref id="ITC42" xmlns="" />
          </Parent>
        </Code>
        <Code id="013189" urn="urn:sdmx:org.sdmx.infomodel.codelist.Code=IT1:CL_REFAREA(1.2).013189">
          <Name xml:lang="it" xmlns="http://www.sdmx.org/resources/sdmxml/schemas/v2_1/common">Porlezza</Name>
          <Name xml:lang="en" xmlns="http://www.sdmx.org/resources/sdmxml/schemas/v2_1/common">Porlezza</Name>
          <Parent>
            <Ref id="ITC42" xmlns="" />
          </Parent>
        </Code>
        <Code id="013190" urn="urn:sdmx:org.sdmx.infomodel.codelist.Code=IT1:CL_REFAREA(1.2).013190">
          <Name xml:lang="it" xmlns="http://www.sdmx.org/resources/sdmxml/schemas/v2_1/common">Premana</Name>
          <Name xml:lang="en" xmlns="http://www.sdmx.org/resources/sdmxml/schemas/v2_1/common">Premana</Name>
          <Parent>
            <Ref id="ITC42" xmlns="" />
          </Parent>
        </Code>
        <Code id="013191" urn="urn:sdmx:org.sdmx.infomodel.codelist.Code=IT1:CL_REFAREA(1.2).013191">
          <Name xml:lang="it" xmlns="http://www.sdmx.org/resources/sdmxml/schemas/v2_1/common">Primaluna</Name>
          <Name xml:lang="en" xmlns="http://www.sdmx.org/resources/sdmxml/schemas/v2_1/common">Primaluna</Name>
          <Parent>
            <Ref id="ITC42" xmlns="" />
          </Parent>
        </Code>
        <Code id="013192" urn="urn:sdmx:org.sdmx.infomodel.codelist.Code=IT1:CL_REFAREA(1.2).013192">
          <Name xml:lang="it" xmlns="http://www.sdmx.org/resources/sdmxml/schemas/v2_1/common">Proserpio</Name>
          <Name xml:lang="en" xmlns="http://www.sdmx.org/resources/sdmxml/schemas/v2_1/common">Proserpio</Name>
          <Parent>
            <Ref id="ITC42" xmlns="" />
          </Parent>
        </Code>
        <Code id="013193" urn="urn:sdmx:org.sdmx.infomodel.codelist.Code=IT1:CL_REFAREA(1.2).013193">
          <Name xml:lang="it" xmlns="http://www.sdmx.org/resources/sdmxml/schemas/v2_1/common">Pusiano</Name>
          <Name xml:lang="en" xmlns="http://www.sdmx.org/resources/sdmxml/schemas/v2_1/common">Pusiano</Name>
          <Parent>
            <Ref id="ITC42" xmlns="" />
          </Parent>
        </Code>
        <Code id="013194" urn="urn:sdmx:org.sdmx.infomodel.codelist.Code=IT1:CL_REFAREA(1.2).013194">
          <Name xml:lang="it" xmlns="http://www.sdmx.org/resources/sdmxml/schemas/v2_1/common">Ramponio Verna</Name>
          <Name xml:lang="en" xmlns="http://www.sdmx.org/resources/sdmxml/schemas/v2_1/common">Ramponio Verna</Name>
          <Parent>
            <Ref id="ITC42" xmlns="" />
          </Parent>
        </Code>
        <Code id="013195" urn="urn:sdmx:org.sdmx.infomodel.codelist.Code=IT1:CL_REFAREA(1.2).013195">
          <Name xml:lang="it" xmlns="http://www.sdmx.org/resources/sdmxml/schemas/v2_1/common">Rezzago</Name>
          <Name xml:lang="en" xmlns="http://www.sdmx.org/resources/sdmxml/schemas/v2_1/common">Rezzago</Name>
          <Parent>
            <Ref id="ITC42" xmlns="" />
          </Parent>
        </Code>
        <Code id="013196" urn="urn:sdmx:org.sdmx.infomodel.codelist.Code=IT1:CL_REFAREA(1.2).013196">
          <Name xml:lang="it" xmlns="http://www.sdmx.org/resources/sdmxml/schemas/v2_1/common">Robbiate</Name>
          <Name xml:lang="en" xmlns="http://www.sdmx.org/resources/sdmxml/schemas/v2_1/common">Robbiate</Name>
          <Parent>
            <Ref id="ITC42" xmlns="" />
          </Parent>
        </Code>
        <Code id="013197" urn="urn:sdmx:org.sdmx.infomodel.codelist.Code=IT1:CL_REFAREA(1.2).013197">
          <Name xml:lang="it" xmlns="http://www.sdmx.org/resources/sdmxml/schemas/v2_1/common">Rodero</Name>
          <Name xml:lang="en" xmlns="http://www.sdmx.org/resources/sdmxml/schemas/v2_1/common">Rodero</Name>
          <Parent>
            <Ref id="ITC42" xmlns="" />
          </Parent>
        </Code>
        <Code id="013198" urn="urn:sdmx:org.sdmx.infomodel.codelist.Code=IT1:CL_REFAREA(1.2).013198">
          <Name xml:lang="it" xmlns="http://www.sdmx.org/resources/sdmxml/schemas/v2_1/common">Rogeno</Name>
          <Name xml:lang="en" xmlns="http://www.sdmx.org/resources/sdmxml/schemas/v2_1/common">Rogeno</Name>
          <Parent>
            <Ref id="ITC42" xmlns="" />
          </Parent>
        </Code>
        <Code id="013199" urn="urn:sdmx:org.sdmx.infomodel.codelist.Code=IT1:CL_REFAREA(1.2).013199">
          <Name xml:lang="it" xmlns="http://www.sdmx.org/resources/sdmxml/schemas/v2_1/common">Ronago</Name>
          <Name xml:lang="en" xmlns="http://www.sdmx.org/resources/sdmxml/schemas/v2_1/common">Ronago</Name>
          <Parent>
            <Ref id="ITC42" xmlns="" />
          </Parent>
        </Code>
        <Code id="013200" urn="urn:sdmx:org.sdmx.infomodel.codelist.Code=IT1:CL_REFAREA(1.2).013200">
          <Name xml:lang="it" xmlns="http://www.sdmx.org/resources/sdmxml/schemas/v2_1/common">Rovagnate</Name>
          <Name xml:lang="en" xmlns="http://www.sdmx.org/resources/sdmxml/schemas/v2_1/common">Rovagnate</Name>
          <Parent>
            <Ref id="ITC42" xmlns="" />
          </Parent>
        </Code>
        <Code id="013201" urn="urn:sdmx:org.sdmx.infomodel.codelist.Code=IT1:CL_REFAREA(1.2).013201">
          <Name xml:lang="it" xmlns="http://www.sdmx.org/resources/sdmxml/schemas/v2_1/common">Rovellasca</Name>
          <Name xml:lang="en" xmlns="http://www.sdmx.org/resources/sdmxml/schemas/v2_1/common">Rovellasca</Name>
          <Parent>
            <Ref id="ITC42" xmlns="" />
          </Parent>
        </Code>
        <Code id="013202" urn="urn:sdmx:org.sdmx.infomodel.codelist.Code=IT1:CL_REFAREA(1.2).013202">
          <Name xml:lang="it" xmlns="http://www.sdmx.org/resources/sdmxml/schemas/v2_1/common">Rovello Porro</Name>
          <Name xml:lang="en" xmlns="http://www.sdmx.org/resources/sdmxml/schemas/v2_1/common">Rovello Porro</Name>
          <Parent>
            <Ref id="ITC42" xmlns="" />
          </Parent>
        </Code>
        <Code id="013203" urn="urn:sdmx:org.sdmx.infomodel.codelist.Code=IT1:CL_REFAREA(1.2).013203">
          <Name xml:lang="it" xmlns="http://www.sdmx.org/resources/sdmxml/schemas/v2_1/common">Sala Comacina</Name>
          <Name xml:lang="en" xmlns="http://www.sdmx.org/resources/sdmxml/schemas/v2_1/common">Sala Comacina</Name>
          <Parent>
            <Ref id="ITC42" xmlns="" />
          </Parent>
        </Code>
        <Code id="013204" urn="urn:sdmx:org.sdmx.infomodel.codelist.Code=IT1:CL_REFAREA(1.2).013204">
          <Name xml:lang="it" xmlns="http://www.sdmx.org/resources/sdmxml/schemas/v2_1/common">San Bartolomeo Val Cavargna</Name>
          <Name xml:lang="en" xmlns="http://www.sdmx.org/resources/sdmxml/schemas/v2_1/common">San Bartolomeo Val Cavargna</Name>
          <Parent>
            <Ref id="ITC42" xmlns="" />
          </Parent>
        </Code>
        <Code id="013205" urn="urn:sdmx:org.sdmx.infomodel.codelist.Code=IT1:CL_REFAREA(1.2).013205">
          <Name xml:lang="it" xmlns="http://www.sdmx.org/resources/sdmxml/schemas/v2_1/common">San Fedele Intelvi</Name>
          <Name xml:lang="en" xmlns="http://www.sdmx.org/resources/sdmxml/schemas/v2_1/common">San Fedele Intelvi</Name>
          <Parent>
            <Ref id="ITC42" xmlns="" />
          </Parent>
        </Code>
        <Code id="013206" urn="urn:sdmx:org.sdmx.infomodel.codelist.Code=IT1:CL_REFAREA(1.2).013206">
          <Name xml:lang="it" xmlns="http://www.sdmx.org/resources/sdmxml/schemas/v2_1/common">San Fermo della Battaglia</Name>
          <Name xml:lang="en" xmlns="http://www.sdmx.org/resources/sdmxml/schemas/v2_1/common">San Fermo della Battaglia</Name>
          <Parent>
            <Ref id="ITC42" xmlns="" />
          </Parent>
        </Code>
        <Code id="013207" urn="urn:sdmx:org.sdmx.infomodel.codelist.Code=IT1:CL_REFAREA(1.2).013207">
          <Name xml:lang="it" xmlns="http://www.sdmx.org/resources/sdmxml/schemas/v2_1/common">San Nazzaro Val Cavargna</Name>
          <Name xml:lang="en" xmlns="http://www.sdmx.org/resources/sdmxml/schemas/v2_1/common">San Nazzaro Val Cavargna</Name>
          <Parent>
            <Ref id="ITC42" xmlns="" />
          </Parent>
        </Code>
        <Code id="013208" urn="urn:sdmx:org.sdmx.infomodel.codelist.Code=IT1:CL_REFAREA(1.2).013208">
          <Name xml:lang="it" xmlns="http://www.sdmx.org/resources/sdmxml/schemas/v2_1/common">Sant'Abbondio</Name>
          <Name xml:lang="en" xmlns="http://www.sdmx.org/resources/sdmxml/schemas/v2_1/common">Sant'Abbondio</Name>
          <Parent>
            <Ref id="ITC42" xmlns="" />
          </Parent>
        </Code>
        <Code id="013209" urn="urn:sdmx:org.sdmx.infomodel.codelist.Code=IT1:CL_REFAREA(1.2).013209">
          <Name xml:lang="it" xmlns="http://www.sdmx.org/resources/sdmxml/schemas/v2_1/common">Santa Maria Hoè</Name>
          <Name xml:lang="en" xmlns="http://www.sdmx.org/resources/sdmxml/schemas/v2_1/common">Santa Maria Hoè</Name>
          <Parent>
            <Ref id="ITC42" xmlns="" />
          </Parent>
        </Code>
        <Code id="013210" urn="urn:sdmx:org.sdmx.infomodel.codelist.Code=IT1:CL_REFAREA(1.2).013210">
          <Name xml:lang="it" xmlns="http://www.sdmx.org/resources/sdmxml/schemas/v2_1/common">Santa Maria Rezzonico</Name>
          <Name xml:lang="en" xmlns="http://www.sdmx.org/resources/sdmxml/schemas/v2_1/common">Santa Maria Rezzonico</Name>
          <Parent>
            <Ref id="ITC42" xmlns="" />
          </Parent>
        </Code>
        <Code id="013211" urn="urn:sdmx:org.sdmx.infomodel.codelist.Code=IT1:CL_REFAREA(1.2).013211">
          <Name xml:lang="it" xmlns="http://www.sdmx.org/resources/sdmxml/schemas/v2_1/common">Schignano</Name>
          <Name xml:lang="en" xmlns="http://www.sdmx.org/resources/sdmxml/schemas/v2_1/common">Schignano</Name>
          <Parent>
            <Ref id="ITC42" xmlns="" />
          </Parent>
        </Code>
        <Code id="013212" urn="urn:sdmx:org.sdmx.infomodel.codelist.Code=IT1:CL_REFAREA(1.2).013212">
          <Name xml:lang="it" xmlns="http://www.sdmx.org/resources/sdmxml/schemas/v2_1/common">Senna Comasco</Name>
          <Name xml:lang="en" xmlns="http://www.sdmx.org/resources/sdmxml/schemas/v2_1/common">Senna Comasco</Name>
          <Parent>
            <Ref id="ITC42" xmlns="" />
          </Parent>
        </Code>
        <Code id="013213" urn="urn:sdmx:org.sdmx.infomodel.codelist.Code=IT1:CL_REFAREA(1.2).013213">
          <Name xml:lang="it" xmlns="http://www.sdmx.org/resources/sdmxml/schemas/v2_1/common">Sirone</Name>
          <Name xml:lang="en" xmlns="http://www.sdmx.org/resources/sdmxml/schemas/v2_1/common">Sirone</Name>
          <Parent>
            <Ref id="ITC42" xmlns="" />
          </Parent>
        </Code>
        <Code id="013214" urn="urn:sdmx:org.sdmx.infomodel.codelist.Code=IT1:CL_REFAREA(1.2).013214">
          <Name xml:lang="it" xmlns="http://www.sdmx.org/resources/sdmxml/schemas/v2_1/common">Sirtori</Name>
          <Name xml:lang="en" xmlns="http://www.sdmx.org/resources/sdmxml/schemas/v2_1/common">Sirtori</Name>
          <Parent>
            <Ref id="ITC42" xmlns="" />
          </Parent>
        </Code>
        <Code id="013215" urn="urn:sdmx:org.sdmx.infomodel.codelist.Code=IT1:CL_REFAREA(1.2).013215">
          <Name xml:lang="it" xmlns="http://www.sdmx.org/resources/sdmxml/schemas/v2_1/common">Solbiate</Name>
          <Name xml:lang="en" xmlns="http://www.sdmx.org/resources/sdmxml/schemas/v2_1/common">Solbiate</Name>
          <Parent>
            <Ref id="ITC42" xmlns="" />
          </Parent>
        </Code>
        <Code id="013216" urn="urn:sdmx:org.sdmx.infomodel.codelist.Code=IT1:CL_REFAREA(1.2).013216">
          <Name xml:lang="it" xmlns="http://www.sdmx.org/resources/sdmxml/schemas/v2_1/common">Sorico</Name>
          <Name xml:lang="en" xmlns="http://www.sdmx.org/resources/sdmxml/schemas/v2_1/common">Sorico</Name>
          <Parent>
            <Ref id="ITC42" xmlns="" />
          </Parent>
        </Code>
        <Code id="013217" urn="urn:sdmx:org.sdmx.infomodel.codelist.Code=IT1:CL_REFAREA(1.2).013217">
          <Name xml:lang="it" xmlns="http://www.sdmx.org/resources/sdmxml/schemas/v2_1/common">Sormano</Name>
          <Name xml:lang="en" xmlns="http://www.sdmx.org/resources/sdmxml/schemas/v2_1/common">Sormano</Name>
          <Parent>
            <Ref id="ITC42" xmlns="" />
          </Parent>
        </Code>
        <Code id="013218" urn="urn:sdmx:org.sdmx.infomodel.codelist.Code=IT1:CL_REFAREA(1.2).013218">
          <Name xml:lang="it" xmlns="http://www.sdmx.org/resources/sdmxml/schemas/v2_1/common">Stazzona</Name>
          <Name xml:lang="en" xmlns="http://www.sdmx.org/resources/sdmxml/schemas/v2_1/common">Stazzona</Name>
          <Parent>
            <Ref id="ITC42" xmlns="" />
          </Parent>
        </Code>
        <Code id="013219" urn="urn:sdmx:org.sdmx.infomodel.codelist.Code=IT1:CL_REFAREA(1.2).013219">
          <Name xml:lang="it" xmlns="http://www.sdmx.org/resources/sdmxml/schemas/v2_1/common">Sueglio</Name>
          <Name xml:lang="en" xmlns="http://www.sdmx.org/resources/sdmxml/schemas/v2_1/common">Sueglio</Name>
          <Parent>
            <Ref id="ITC42" xmlns="" />
          </Parent>
        </Code>
        <Code id="013220" urn="urn:sdmx:org.sdmx.infomodel.codelist.Code=IT1:CL_REFAREA(1.2).013220">
          <Name xml:lang="it" xmlns="http://www.sdmx.org/resources/sdmxml/schemas/v2_1/common">Suello</Name>
          <Name xml:lang="en" xmlns="http://www.sdmx.org/resources/sdmxml/schemas/v2_1/common">Suello</Name>
          <Parent>
            <Ref id="ITC42" xmlns="" />
          </Parent>
        </Code>
        <Code id="013221" urn="urn:sdmx:org.sdmx.infomodel.codelist.Code=IT1:CL_REFAREA(1.2).013221">
          <Name xml:lang="it" xmlns="http://www.sdmx.org/resources/sdmxml/schemas/v2_1/common">Taceno</Name>
          <Name xml:lang="en" xmlns="http://www.sdmx.org/resources/sdmxml/schemas/v2_1/common">Taceno</Name>
          <Parent>
            <Ref id="ITC42" xmlns="" />
          </Parent>
        </Code>
        <Code id="013222" urn="urn:sdmx:org.sdmx.infomodel.codelist.Code=IT1:CL_REFAREA(1.2).013222">
          <Name xml:lang="it" xmlns="http://www.sdmx.org/resources/sdmxml/schemas/v2_1/common">Tavernerio</Name>
          <Name xml:lang="en" xmlns="http://www.sdmx.org/resources/sdmxml/schemas/v2_1/common">Tavernerio</Name>
          <Parent>
            <Ref id="ITC42" xmlns="" />
          </Parent>
        </Code>
        <Code id="013223" urn="urn:sdmx:org.sdmx.infomodel.codelist.Code=IT1:CL_REFAREA(1.2).013223">
          <Name xml:lang="it" xmlns="http://www.sdmx.org/resources/sdmxml/schemas/v2_1/common">Torno</Name>
          <Name xml:lang="en" xmlns="http://www.sdmx.org/resources/sdmxml/schemas/v2_1/common">Torno</Name>
          <Parent>
            <Ref id="ITC42" xmlns="" />
          </Parent>
        </Code>
        <Code id="013224" urn="urn:sdmx:org.sdmx.infomodel.codelist.Code=IT1:CL_REFAREA(1.2).013224">
          <Name xml:lang="it" xmlns="http://www.sdmx.org/resources/sdmxml/schemas/v2_1/common">Tremenico</Name>
          <Name xml:lang="en" xmlns="http://www.sdmx.org/resources/sdmxml/schemas/v2_1/common">Tremenico</Name>
          <Parent>
            <Ref id="ITC42" xmlns="" />
          </Parent>
        </Code>
        <Code id="013225" urn="urn:sdmx:org.sdmx.infomodel.codelist.Code=IT1:CL_REFAREA(1.2).013225">
          <Name xml:lang="it" xmlns="http://www.sdmx.org/resources/sdmxml/schemas/v2_1/common">Tremezzo</Name>
          <Name xml:lang="en" xmlns="http://www.sdmx.org/resources/sdmxml/schemas/v2_1/common">Tremezzo</Name>
          <Parent>
            <Ref id="ITC42" xmlns="" />
          </Parent>
        </Code>
        <Code id="013226" urn="urn:sdmx:org.sdmx.infomodel.codelist.Code=IT1:CL_REFAREA(1.2).013226">
          <Name xml:lang="it" xmlns="http://www.sdmx.org/resources/sdmxml/schemas/v2_1/common">Trezzone</Name>
          <Name xml:lang="en" xmlns="http://www.sdmx.org/resources/sdmxml/schemas/v2_1/common">Trezzone</Name>
          <Parent>
            <Ref id="ITC42" xmlns="" />
          </Parent>
        </Code>
        <Code id="013227" urn="urn:sdmx:org.sdmx.infomodel.codelist.Code=IT1:CL_REFAREA(1.2).013227">
          <Name xml:lang="it" xmlns="http://www.sdmx.org/resources/sdmxml/schemas/v2_1/common">Turate</Name>
          <Name xml:lang="en" xmlns="http://www.sdmx.org/resources/sdmxml/schemas/v2_1/common">Turate</Name>
          <Parent>
            <Ref id="ITC42" xmlns="" />
          </Parent>
        </Code>
        <Code id="013228" urn="urn:sdmx:org.sdmx.infomodel.codelist.Code=IT1:CL_REFAREA(1.2).013228">
          <Name xml:lang="it" xmlns="http://www.sdmx.org/resources/sdmxml/schemas/v2_1/common">Uggiate-Trevano</Name>
          <Name xml:lang="en" xmlns="http://www.sdmx.org/resources/sdmxml/schemas/v2_1/common">Uggiate-Trevano</Name>
          <Parent>
            <Ref id="ITC42" xmlns="" />
          </Parent>
        </Code>
        <Code id="013229" urn="urn:sdmx:org.sdmx.infomodel.codelist.Code=IT1:CL_REFAREA(1.2).013229">
          <Name xml:lang="it" xmlns="http://www.sdmx.org/resources/sdmxml/schemas/v2_1/common">Valbrona</Name>
          <Name xml:lang="en" xmlns="http://www.sdmx.org/resources/sdmxml/schemas/v2_1/common">Valbrona</Name>
          <Parent>
            <Ref id="ITC42" xmlns="" />
          </Parent>
        </Code>
        <Code id="013230" urn="urn:sdmx:org.sdmx.infomodel.codelist.Code=IT1:CL_REFAREA(1.2).013230">
          <Name xml:lang="it" xmlns="http://www.sdmx.org/resources/sdmxml/schemas/v2_1/common">Valgreghentino</Name>
          <Name xml:lang="en" xmlns="http://www.sdmx.org/resources/sdmxml/schemas/v2_1/common">Valgreghentino</Name>
          <Parent>
            <Ref id="ITC42" xmlns="" />
          </Parent>
        </Code>
        <Code id="013231" urn="urn:sdmx:org.sdmx.infomodel.codelist.Code=IT1:CL_REFAREA(1.2).013231">
          <Name xml:lang="it" xmlns="http://www.sdmx.org/resources/sdmxml/schemas/v2_1/common">Valmadrera</Name>
          <Name xml:lang="en" xmlns="http://www.sdmx.org/resources/sdmxml/schemas/v2_1/common">Valmadrera</Name>
          <Parent>
            <Ref id="ITC42" xmlns="" />
          </Parent>
        </Code>
        <Code id="013232" urn="urn:sdmx:org.sdmx.infomodel.codelist.Code=IT1:CL_REFAREA(1.2).013232">
          <Name xml:lang="it" xmlns="http://www.sdmx.org/resources/sdmxml/schemas/v2_1/common">Valmorea</Name>
          <Name xml:lang="en" xmlns="http://www.sdmx.org/resources/sdmxml/schemas/v2_1/common">Valmorea</Name>
          <Parent>
            <Ref id="ITC42" xmlns="" />
          </Parent>
        </Code>
        <Code id="013233" urn="urn:sdmx:org.sdmx.infomodel.codelist.Code=IT1:CL_REFAREA(1.2).013233">
          <Name xml:lang="it" xmlns="http://www.sdmx.org/resources/sdmxml/schemas/v2_1/common">Val Rezzo</Name>
          <Name xml:lang="en" xmlns="http://www.sdmx.org/resources/sdmxml/schemas/v2_1/common">Val Rezzo</Name>
          <Parent>
            <Ref id="ITC42" xmlns="" />
          </Parent>
        </Code>
        <Code id="013234" urn="urn:sdmx:org.sdmx.infomodel.codelist.Code=IT1:CL_REFAREA(1.2).013234">
          <Name xml:lang="it" xmlns="http://www.sdmx.org/resources/sdmxml/schemas/v2_1/common">Valsolda</Name>
          <Name xml:lang="en" xmlns="http://www.sdmx.org/resources/sdmxml/schemas/v2_1/common">Valsolda</Name>
          <Parent>
            <Ref id="ITC42" xmlns="" />
          </Parent>
        </Code>
        <Code id="013235" urn="urn:sdmx:org.sdmx.infomodel.codelist.Code=IT1:CL_REFAREA(1.2).013235">
          <Name xml:lang="it" xmlns="http://www.sdmx.org/resources/sdmxml/schemas/v2_1/common">Varenna</Name>
          <Name xml:lang="en" xmlns="http://www.sdmx.org/resources/sdmxml/schemas/v2_1/common">Varenna</Name>
          <Parent>
            <Ref id="ITC42" xmlns="" />
          </Parent>
        </Code>
        <Code id="013236" urn="urn:sdmx:org.sdmx.infomodel.codelist.Code=IT1:CL_REFAREA(1.2).013236">
          <Name xml:lang="it" xmlns="http://www.sdmx.org/resources/sdmxml/schemas/v2_1/common">Veleso</Name>
          <Name xml:lang="en" xmlns="http://www.sdmx.org/resources/sdmxml/schemas/v2_1/common">Veleso</Name>
          <Parent>
            <Ref id="ITC42" xmlns="" />
          </Parent>
        </Code>
        <Code id="013237" urn="urn:sdmx:org.sdmx.infomodel.codelist.Code=IT1:CL_REFAREA(1.2).013237">
          <Name xml:lang="it" xmlns="http://www.sdmx.org/resources/sdmxml/schemas/v2_1/common">Vendrogno</Name>
          <Name xml:lang="en" xmlns="http://www.sdmx.org/resources/sdmxml/schemas/v2_1/common">Vendrogno</Name>
          <Parent>
            <Ref id="ITC42" xmlns="" />
          </Parent>
        </Code>
        <Code id="013238" urn="urn:sdmx:org.sdmx.infomodel.codelist.Code=IT1:CL_REFAREA(1.2).013238">
          <Name xml:lang="it" xmlns="http://www.sdmx.org/resources/sdmxml/schemas/v2_1/common">Veniano</Name>
          <Name xml:lang="en" xmlns="http://www.sdmx.org/resources/sdmxml/schemas/v2_1/common">Veniano</Name>
          <Parent>
            <Ref id="ITC42" xmlns="" />
          </Parent>
        </Code>
        <Code id="013239" urn="urn:sdmx:org.sdmx.infomodel.codelist.Code=IT1:CL_REFAREA(1.2).013239">
          <Name xml:lang="it" xmlns="http://www.sdmx.org/resources/sdmxml/schemas/v2_1/common">Vercana</Name>
          <Name xml:lang="en" xmlns="http://www.sdmx.org/resources/sdmxml/schemas/v2_1/common">Vercana</Name>
          <Parent>
            <Ref id="ITC42" xmlns="" />
          </Parent>
        </Code>
        <Code id="013240" urn="urn:sdmx:org.sdmx.infomodel.codelist.Code=IT1:CL_REFAREA(1.2).013240">
          <Name xml:lang="it" xmlns="http://www.sdmx.org/resources/sdmxml/schemas/v2_1/common">Verderio Inferiore</Name>
          <Name xml:lang="en" xmlns="http://www.sdmx.org/resources/sdmxml/schemas/v2_1/common">Verderio Inferiore</Name>
          <Parent>
            <Ref id="ITC42" xmlns="" />
          </Parent>
        </Code>
        <Code id="013241" urn="urn:sdmx:org.sdmx.infomodel.codelist.Code=IT1:CL_REFAREA(1.2).013241">
          <Name xml:lang="it" xmlns="http://www.sdmx.org/resources/sdmxml/schemas/v2_1/common">Verderio Superiore</Name>
          <Name xml:lang="en" xmlns="http://www.sdmx.org/resources/sdmxml/schemas/v2_1/common">Verderio Superiore</Name>
          <Parent>
            <Ref id="ITC42" xmlns="" />
          </Parent>
        </Code>
        <Code id="013242" urn="urn:sdmx:org.sdmx.infomodel.codelist.Code=IT1:CL_REFAREA(1.2).013242">
          <Name xml:lang="it" xmlns="http://www.sdmx.org/resources/sdmxml/schemas/v2_1/common">Vertemate con Minoprio</Name>
          <Name xml:lang="en" xmlns="http://www.sdmx.org/resources/sdmxml/schemas/v2_1/common">Vertemate con Minoprio</Name>
          <Parent>
            <Ref id="ITC42" xmlns="" />
          </Parent>
        </Code>
        <Code id="013243" urn="urn:sdmx:org.sdmx.infomodel.codelist.Code=IT1:CL_REFAREA(1.2).013243">
          <Name xml:lang="it" xmlns="http://www.sdmx.org/resources/sdmxml/schemas/v2_1/common">Vestreno</Name>
          <Name xml:lang="en" xmlns="http://www.sdmx.org/resources/sdmxml/schemas/v2_1/common">Vestreno</Name>
          <Parent>
            <Ref id="ITC42" xmlns="" />
          </Parent>
        </Code>
        <Code id="013244" urn="urn:sdmx:org.sdmx.infomodel.codelist.Code=IT1:CL_REFAREA(1.2).013244">
          <Name xml:lang="it" xmlns="http://www.sdmx.org/resources/sdmxml/schemas/v2_1/common">Viganò</Name>
          <Name xml:lang="en" xmlns="http://www.sdmx.org/resources/sdmxml/schemas/v2_1/common">Viganò</Name>
          <Parent>
            <Ref id="ITC42" xmlns="" />
          </Parent>
        </Code>
        <Code id="013245" urn="urn:sdmx:org.sdmx.infomodel.codelist.Code=IT1:CL_REFAREA(1.2).013245">
          <Name xml:lang="it" xmlns="http://www.sdmx.org/resources/sdmxml/schemas/v2_1/common">Villa Guardia</Name>
          <Name xml:lang="en" xmlns="http://www.sdmx.org/resources/sdmxml/schemas/v2_1/common">Villa Guardia</Name>
          <Parent>
            <Ref id="ITC42" xmlns="" />
          </Parent>
        </Code>
        <Code id="013246" urn="urn:sdmx:org.sdmx.infomodel.codelist.Code=IT1:CL_REFAREA(1.2).013246">
          <Name xml:lang="it" xmlns="http://www.sdmx.org/resources/sdmxml/schemas/v2_1/common">Zelbio</Name>
          <Name xml:lang="en" xmlns="http://www.sdmx.org/resources/sdmxml/schemas/v2_1/common">Zelbio</Name>
          <Parent>
            <Ref id="ITC42" xmlns="" />
          </Parent>
        </Code>
        <Code id="013247" urn="urn:sdmx:org.sdmx.infomodel.codelist.Code=IT1:CL_REFAREA(1.2).013247">
          <Name xml:lang="it" xmlns="http://www.sdmx.org/resources/sdmxml/schemas/v2_1/common">Montevecchia</Name>
          <Name xml:lang="en" xmlns="http://www.sdmx.org/resources/sdmxml/schemas/v2_1/common">Montevecchia</Name>
          <Parent>
            <Ref id="ITC42" xmlns="" />
          </Parent>
        </Code>
        <Code id="013248" urn="urn:sdmx:org.sdmx.infomodel.codelist.Code=IT1:CL_REFAREA(1.2).013248">
          <Name xml:lang="it" xmlns="http://www.sdmx.org/resources/sdmxml/schemas/v2_1/common">San Siro</Name>
          <Name xml:lang="en" xmlns="http://www.sdmx.org/resources/sdmxml/schemas/v2_1/common">San Siro</Name>
          <Parent>
            <Ref id="ITC42" xmlns="" />
          </Parent>
        </Code>
        <Code id="013249" urn="urn:sdmx:org.sdmx.infomodel.codelist.Code=IT1:CL_REFAREA(1.2).013249">
          <Name xml:lang="it" xmlns="http://www.sdmx.org/resources/sdmxml/schemas/v2_1/common">Gravedona ed Uniti</Name>
          <Name xml:lang="en" xmlns="http://www.sdmx.org/resources/sdmxml/schemas/v2_1/common">Gravedona ed Uniti</Name>
          <Parent>
            <Ref id="ITC42" xmlns="" />
          </Parent>
        </Code>
        <Code id="014001" urn="urn:sdmx:org.sdmx.infomodel.codelist.Code=IT1:CL_REFAREA(1.2).014001">
          <Name xml:lang="it" xmlns="http://www.sdmx.org/resources/sdmxml/schemas/v2_1/common">Albaredo per San Marco</Name>
          <Name xml:lang="en" xmlns="http://www.sdmx.org/resources/sdmxml/schemas/v2_1/common">Albaredo per San Marco</Name>
          <Parent>
            <Ref id="ITC44" xmlns="" />
          </Parent>
        </Code>
        <Code id="014002" urn="urn:sdmx:org.sdmx.infomodel.codelist.Code=IT1:CL_REFAREA(1.2).014002">
          <Name xml:lang="it" xmlns="http://www.sdmx.org/resources/sdmxml/schemas/v2_1/common">Albosaggia</Name>
          <Name xml:lang="en" xmlns="http://www.sdmx.org/resources/sdmxml/schemas/v2_1/common">Albosaggia</Name>
          <Parent>
            <Ref id="ITC44" xmlns="" />
          </Parent>
        </Code>
        <Code id="014003" urn="urn:sdmx:org.sdmx.infomodel.codelist.Code=IT1:CL_REFAREA(1.2).014003">
          <Name xml:lang="it" xmlns="http://www.sdmx.org/resources/sdmxml/schemas/v2_1/common">Andalo Valtellino</Name>
          <Name xml:lang="en" xmlns="http://www.sdmx.org/resources/sdmxml/schemas/v2_1/common">Andalo Valtellino</Name>
          <Parent>
            <Ref id="ITC44" xmlns="" />
          </Parent>
        </Code>
        <Code id="014004" urn="urn:sdmx:org.sdmx.infomodel.codelist.Code=IT1:CL_REFAREA(1.2).014004">
          <Name xml:lang="it" xmlns="http://www.sdmx.org/resources/sdmxml/schemas/v2_1/common">Aprica</Name>
          <Name xml:lang="en" xmlns="http://www.sdmx.org/resources/sdmxml/schemas/v2_1/common">Aprica</Name>
          <Parent>
            <Ref id="ITC44" xmlns="" />
          </Parent>
        </Code>
        <Code id="014005" urn="urn:sdmx:org.sdmx.infomodel.codelist.Code=IT1:CL_REFAREA(1.2).014005">
          <Name xml:lang="it" xmlns="http://www.sdmx.org/resources/sdmxml/schemas/v2_1/common">Ardenno</Name>
          <Name xml:lang="en" xmlns="http://www.sdmx.org/resources/sdmxml/schemas/v2_1/common">Ardenno</Name>
          <Parent>
            <Ref id="ITC44" xmlns="" />
          </Parent>
        </Code>
        <Code id="014006" urn="urn:sdmx:org.sdmx.infomodel.codelist.Code=IT1:CL_REFAREA(1.2).014006">
          <Name xml:lang="it" xmlns="http://www.sdmx.org/resources/sdmxml/schemas/v2_1/common">Bema</Name>
          <Name xml:lang="en" xmlns="http://www.sdmx.org/resources/sdmxml/schemas/v2_1/common">Bema</Name>
          <Parent>
            <Ref id="ITC44" xmlns="" />
          </Parent>
        </Code>
        <Code id="014007" urn="urn:sdmx:org.sdmx.infomodel.codelist.Code=IT1:CL_REFAREA(1.2).014007">
          <Name xml:lang="it" xmlns="http://www.sdmx.org/resources/sdmxml/schemas/v2_1/common">Berbenno di Valtellina</Name>
          <Name xml:lang="en" xmlns="http://www.sdmx.org/resources/sdmxml/schemas/v2_1/common">Berbenno di Valtellina</Name>
          <Parent>
            <Ref id="ITC44" xmlns="" />
          </Parent>
        </Code>
        <Code id="014008" urn="urn:sdmx:org.sdmx.infomodel.codelist.Code=IT1:CL_REFAREA(1.2).014008">
          <Name xml:lang="it" xmlns="http://www.sdmx.org/resources/sdmxml/schemas/v2_1/common">Bianzone</Name>
          <Name xml:lang="en" xmlns="http://www.sdmx.org/resources/sdmxml/schemas/v2_1/common">Bianzone</Name>
          <Parent>
            <Ref id="ITC44" xmlns="" />
          </Parent>
        </Code>
        <Code id="014009" urn="urn:sdmx:org.sdmx.infomodel.codelist.Code=IT1:CL_REFAREA(1.2).014009">
          <Name xml:lang="it" xmlns="http://www.sdmx.org/resources/sdmxml/schemas/v2_1/common">Bormio</Name>
          <Name xml:lang="en" xmlns="http://www.sdmx.org/resources/sdmxml/schemas/v2_1/common">Bormio</Name>
          <Parent>
            <Ref id="ITC44" xmlns="" />
          </Parent>
        </Code>
        <Code id="014010" urn="urn:sdmx:org.sdmx.infomodel.codelist.Code=IT1:CL_REFAREA(1.2).014010">
          <Name xml:lang="it" xmlns="http://www.sdmx.org/resources/sdmxml/schemas/v2_1/common">Buglio in Monte</Name>
          <Name xml:lang="en" xmlns="http://www.sdmx.org/resources/sdmxml/schemas/v2_1/common">Buglio in Monte</Name>
          <Parent>
            <Ref id="ITC44" xmlns="" />
          </Parent>
        </Code>
        <Code id="014011" urn="urn:sdmx:org.sdmx.infomodel.codelist.Code=IT1:CL_REFAREA(1.2).014011">
          <Name xml:lang="it" xmlns="http://www.sdmx.org/resources/sdmxml/schemas/v2_1/common">Caiolo</Name>
          <Name xml:lang="en" xmlns="http://www.sdmx.org/resources/sdmxml/schemas/v2_1/common">Caiolo</Name>
          <Parent>
            <Ref id="ITC44" xmlns="" />
          </Parent>
        </Code>
        <Code id="014012" urn="urn:sdmx:org.sdmx.infomodel.codelist.Code=IT1:CL_REFAREA(1.2).014012">
          <Name xml:lang="it" xmlns="http://www.sdmx.org/resources/sdmxml/schemas/v2_1/common">Campodolcino</Name>
          <Name xml:lang="en" xmlns="http://www.sdmx.org/resources/sdmxml/schemas/v2_1/common">Campodolcino</Name>
          <Parent>
            <Ref id="ITC44" xmlns="" />
          </Parent>
        </Code>
        <Code id="014013" urn="urn:sdmx:org.sdmx.infomodel.codelist.Code=IT1:CL_REFAREA(1.2).014013">
          <Name xml:lang="it" xmlns="http://www.sdmx.org/resources/sdmxml/schemas/v2_1/common">Caspoggio</Name>
          <Name xml:lang="en" xmlns="http://www.sdmx.org/resources/sdmxml/schemas/v2_1/common">Caspoggio</Name>
          <Parent>
            <Ref id="ITC44" xmlns="" />
          </Parent>
        </Code>
        <Code id="014014" urn="urn:sdmx:org.sdmx.infomodel.codelist.Code=IT1:CL_REFAREA(1.2).014014">
          <Name xml:lang="it" xmlns="http://www.sdmx.org/resources/sdmxml/schemas/v2_1/common">Castello dell'Acqua</Name>
          <Name xml:lang="en" xmlns="http://www.sdmx.org/resources/sdmxml/schemas/v2_1/common">Castello dell'Acqua</Name>
          <Parent>
            <Ref id="ITC44" xmlns="" />
          </Parent>
        </Code>
        <Code id="014015" urn="urn:sdmx:org.sdmx.infomodel.codelist.Code=IT1:CL_REFAREA(1.2).014015">
          <Name xml:lang="it" xmlns="http://www.sdmx.org/resources/sdmxml/schemas/v2_1/common">Castione Andevenno</Name>
          <Name xml:lang="en" xmlns="http://www.sdmx.org/resources/sdmxml/schemas/v2_1/common">Castione Andevenno</Name>
          <Parent>
            <Ref id="ITC44" xmlns="" />
          </Parent>
        </Code>
        <Code id="014016" urn="urn:sdmx:org.sdmx.infomodel.codelist.Code=IT1:CL_REFAREA(1.2).014016">
          <Name xml:lang="it" xmlns="http://www.sdmx.org/resources/sdmxml/schemas/v2_1/common">Cedrasco</Name>
          <Name xml:lang="en" xmlns="http://www.sdmx.org/resources/sdmxml/schemas/v2_1/common">Cedrasco</Name>
          <Parent>
            <Ref id="ITC44" xmlns="" />
          </Parent>
        </Code>
        <Code id="014017" urn="urn:sdmx:org.sdmx.infomodel.codelist.Code=IT1:CL_REFAREA(1.2).014017">
          <Name xml:lang="it" xmlns="http://www.sdmx.org/resources/sdmxml/schemas/v2_1/common">Cercino</Name>
          <Name xml:lang="en" xmlns="http://www.sdmx.org/resources/sdmxml/schemas/v2_1/common">Cercino</Name>
          <Parent>
            <Ref id="ITC44" xmlns="" />
          </Parent>
        </Code>
        <Code id="014018" urn="urn:sdmx:org.sdmx.infomodel.codelist.Code=IT1:CL_REFAREA(1.2).014018">
          <Name xml:lang="it" xmlns="http://www.sdmx.org/resources/sdmxml/schemas/v2_1/common">Chiavenna</Name>
          <Name xml:lang="en" xmlns="http://www.sdmx.org/resources/sdmxml/schemas/v2_1/common">Chiavenna</Name>
          <Parent>
            <Ref id="ITC44" xmlns="" />
          </Parent>
        </Code>
        <Code id="014019" urn="urn:sdmx:org.sdmx.infomodel.codelist.Code=IT1:CL_REFAREA(1.2).014019">
          <Name xml:lang="it" xmlns="http://www.sdmx.org/resources/sdmxml/schemas/v2_1/common">Chiesa in Valmalenco</Name>
          <Name xml:lang="en" xmlns="http://www.sdmx.org/resources/sdmxml/schemas/v2_1/common">Chiesa in Valmalenco</Name>
          <Parent>
            <Ref id="ITC44" xmlns="" />
          </Parent>
        </Code>
        <Code id="014020" urn="urn:sdmx:org.sdmx.infomodel.codelist.Code=IT1:CL_REFAREA(1.2).014020">
          <Name xml:lang="it" xmlns="http://www.sdmx.org/resources/sdmxml/schemas/v2_1/common">Chiuro</Name>
          <Name xml:lang="en" xmlns="http://www.sdmx.org/resources/sdmxml/schemas/v2_1/common">Chiuro</Name>
          <Parent>
            <Ref id="ITC44" xmlns="" />
          </Parent>
        </Code>
        <Code id="014021" urn="urn:sdmx:org.sdmx.infomodel.codelist.Code=IT1:CL_REFAREA(1.2).014021">
          <Name xml:lang="it" xmlns="http://www.sdmx.org/resources/sdmxml/schemas/v2_1/common">Cino</Name>
          <Name xml:lang="en" xmlns="http://www.sdmx.org/resources/sdmxml/schemas/v2_1/common">Cino</Name>
          <Parent>
            <Ref id="ITC44" xmlns="" />
          </Parent>
        </Code>
        <Code id="014022" urn="urn:sdmx:org.sdmx.infomodel.codelist.Code=IT1:CL_REFAREA(1.2).014022">
          <Name xml:lang="it" xmlns="http://www.sdmx.org/resources/sdmxml/schemas/v2_1/common">Civo</Name>
          <Name xml:lang="en" xmlns="http://www.sdmx.org/resources/sdmxml/schemas/v2_1/common">Civo</Name>
          <Parent>
            <Ref id="ITC44" xmlns="" />
          </Parent>
        </Code>
        <Code id="014023" urn="urn:sdmx:org.sdmx.infomodel.codelist.Code=IT1:CL_REFAREA(1.2).014023">
          <Name xml:lang="it" xmlns="http://www.sdmx.org/resources/sdmxml/schemas/v2_1/common">Colorina</Name>
          <Name xml:lang="en" xmlns="http://www.sdmx.org/resources/sdmxml/schemas/v2_1/common">Colorina</Name>
          <Parent>
            <Ref id="ITC44" xmlns="" />
          </Parent>
        </Code>
        <Code id="014024" urn="urn:sdmx:org.sdmx.infomodel.codelist.Code=IT1:CL_REFAREA(1.2).014024">
          <Name xml:lang="it" xmlns="http://www.sdmx.org/resources/sdmxml/schemas/v2_1/common">Cosio Valtellino</Name>
          <Name xml:lang="en" xmlns="http://www.sdmx.org/resources/sdmxml/schemas/v2_1/common">Cosio Valtellino</Name>
          <Parent>
            <Ref id="ITC44" xmlns="" />
          </Parent>
        </Code>
        <Code id="014025" urn="urn:sdmx:org.sdmx.infomodel.codelist.Code=IT1:CL_REFAREA(1.2).014025">
          <Name xml:lang="it" xmlns="http://www.sdmx.org/resources/sdmxml/schemas/v2_1/common">Dazio</Name>
          <Name xml:lang="en" xmlns="http://www.sdmx.org/resources/sdmxml/schemas/v2_1/common">Dazio</Name>
          <Parent>
            <Ref id="ITC44" xmlns="" />
          </Parent>
        </Code>
        <Code id="014026" urn="urn:sdmx:org.sdmx.infomodel.codelist.Code=IT1:CL_REFAREA(1.2).014026">
          <Name xml:lang="it" xmlns="http://www.sdmx.org/resources/sdmxml/schemas/v2_1/common">Delebio</Name>
          <Name xml:lang="en" xmlns="http://www.sdmx.org/resources/sdmxml/schemas/v2_1/common">Delebio</Name>
          <Parent>
            <Ref id="ITC44" xmlns="" />
          </Parent>
        </Code>
        <Code id="014027" urn="urn:sdmx:org.sdmx.infomodel.codelist.Code=IT1:CL_REFAREA(1.2).014027">
          <Name xml:lang="it" xmlns="http://www.sdmx.org/resources/sdmxml/schemas/v2_1/common">Dubino</Name>
          <Name xml:lang="en" xmlns="http://www.sdmx.org/resources/sdmxml/schemas/v2_1/common">Dubino</Name>
          <Parent>
            <Ref id="ITC44" xmlns="" />
          </Parent>
        </Code>
        <Code id="014028" urn="urn:sdmx:org.sdmx.infomodel.codelist.Code=IT1:CL_REFAREA(1.2).014028">
          <Name xml:lang="it" xmlns="http://www.sdmx.org/resources/sdmxml/schemas/v2_1/common">Faedo Valtellino</Name>
          <Name xml:lang="en" xmlns="http://www.sdmx.org/resources/sdmxml/schemas/v2_1/common">Faedo Valtellino</Name>
          <Parent>
            <Ref id="ITC44" xmlns="" />
          </Parent>
        </Code>
        <Code id="014029" urn="urn:sdmx:org.sdmx.infomodel.codelist.Code=IT1:CL_REFAREA(1.2).014029">
          <Name xml:lang="it" xmlns="http://www.sdmx.org/resources/sdmxml/schemas/v2_1/common">Forcola</Name>
          <Name xml:lang="en" xmlns="http://www.sdmx.org/resources/sdmxml/schemas/v2_1/common">Forcola</Name>
          <Parent>
            <Ref id="ITC44" xmlns="" />
          </Parent>
        </Code>
        <Code id="014030" urn="urn:sdmx:org.sdmx.infomodel.codelist.Code=IT1:CL_REFAREA(1.2).014030">
          <Name xml:lang="it" xmlns="http://www.sdmx.org/resources/sdmxml/schemas/v2_1/common">Fusine</Name>
          <Name xml:lang="en" xmlns="http://www.sdmx.org/resources/sdmxml/schemas/v2_1/common">Fusine</Name>
          <Parent>
            <Ref id="ITC44" xmlns="" />
          </Parent>
        </Code>
        <Code id="014031" urn="urn:sdmx:org.sdmx.infomodel.codelist.Code=IT1:CL_REFAREA(1.2).014031">
          <Name xml:lang="it" xmlns="http://www.sdmx.org/resources/sdmxml/schemas/v2_1/common">Gerola Alta</Name>
          <Name xml:lang="en" xmlns="http://www.sdmx.org/resources/sdmxml/schemas/v2_1/common">Gerola Alta</Name>
          <Parent>
            <Ref id="ITC44" xmlns="" />
          </Parent>
        </Code>
        <Code id="014032" urn="urn:sdmx:org.sdmx.infomodel.codelist.Code=IT1:CL_REFAREA(1.2).014032">
          <Name xml:lang="it" xmlns="http://www.sdmx.org/resources/sdmxml/schemas/v2_1/common">Gordona</Name>
          <Name xml:lang="en" xmlns="http://www.sdmx.org/resources/sdmxml/schemas/v2_1/common">Gordona</Name>
          <Parent>
            <Ref id="ITC44" xmlns="" />
          </Parent>
        </Code>
        <Code id="014033" urn="urn:sdmx:org.sdmx.infomodel.codelist.Code=IT1:CL_REFAREA(1.2).014033">
          <Name xml:lang="it" xmlns="http://www.sdmx.org/resources/sdmxml/schemas/v2_1/common">Grosio</Name>
          <Name xml:lang="en" xmlns="http://www.sdmx.org/resources/sdmxml/schemas/v2_1/common">Grosio</Name>
          <Parent>
            <Ref id="ITC44" xmlns="" />
          </Parent>
        </Code>
        <Code id="014034" urn="urn:sdmx:org.sdmx.infomodel.codelist.Code=IT1:CL_REFAREA(1.2).014034">
          <Name xml:lang="it" xmlns="http://www.sdmx.org/resources/sdmxml/schemas/v2_1/common">Grosotto</Name>
          <Name xml:lang="en" xmlns="http://www.sdmx.org/resources/sdmxml/schemas/v2_1/common">Grosotto</Name>
          <Parent>
            <Ref id="ITC44" xmlns="" />
          </Parent>
        </Code>
        <Code id="014035" urn="urn:sdmx:org.sdmx.infomodel.codelist.Code=IT1:CL_REFAREA(1.2).014035">
          <Name xml:lang="it" xmlns="http://www.sdmx.org/resources/sdmxml/schemas/v2_1/common">Madesimo</Name>
          <Name xml:lang="en" xmlns="http://www.sdmx.org/resources/sdmxml/schemas/v2_1/common">Madesimo</Name>
          <Parent>
            <Ref id="ITC44" xmlns="" />
          </Parent>
        </Code>
        <Code id="014036" urn="urn:sdmx:org.sdmx.infomodel.codelist.Code=IT1:CL_REFAREA(1.2).014036">
          <Name xml:lang="it" xmlns="http://www.sdmx.org/resources/sdmxml/schemas/v2_1/common">Lanzada</Name>
          <Name xml:lang="en" xmlns="http://www.sdmx.org/resources/sdmxml/schemas/v2_1/common">Lanzada</Name>
          <Parent>
            <Ref id="ITC44" xmlns="" />
          </Parent>
        </Code>
        <Code id="014037" urn="urn:sdmx:org.sdmx.infomodel.codelist.Code=IT1:CL_REFAREA(1.2).014037">
          <Name xml:lang="it" xmlns="http://www.sdmx.org/resources/sdmxml/schemas/v2_1/common">Livigno</Name>
          <Name xml:lang="en" xmlns="http://www.sdmx.org/resources/sdmxml/schemas/v2_1/common">Livigno</Name>
          <Parent>
            <Ref id="ITC44" xmlns="" />
          </Parent>
        </Code>
        <Code id="014038" urn="urn:sdmx:org.sdmx.infomodel.codelist.Code=IT1:CL_REFAREA(1.2).014038">
          <Name xml:lang="it" xmlns="http://www.sdmx.org/resources/sdmxml/schemas/v2_1/common">Lovero</Name>
          <Name xml:lang="en" xmlns="http://www.sdmx.org/resources/sdmxml/schemas/v2_1/common">Lovero</Name>
          <Parent>
            <Ref id="ITC44" xmlns="" />
          </Parent>
        </Code>
        <Code id="014039" urn="urn:sdmx:org.sdmx.infomodel.codelist.Code=IT1:CL_REFAREA(1.2).014039">
          <Name xml:lang="it" xmlns="http://www.sdmx.org/resources/sdmxml/schemas/v2_1/common">Mantello</Name>
          <Name xml:lang="en" xmlns="http://www.sdmx.org/resources/sdmxml/schemas/v2_1/common">Mantello</Name>
          <Parent>
            <Ref id="ITC44" xmlns="" />
          </Parent>
        </Code>
        <Code id="014040" urn="urn:sdmx:org.sdmx.infomodel.codelist.Code=IT1:CL_REFAREA(1.2).014040">
          <Name xml:lang="it" xmlns="http://www.sdmx.org/resources/sdmxml/schemas/v2_1/common">Mazzo di Valtellina</Name>
          <Name xml:lang="en" xmlns="http://www.sdmx.org/resources/sdmxml/schemas/v2_1/common">Mazzo di Valtellina</Name>
          <Parent>
            <Ref id="ITC44" xmlns="" />
          </Parent>
        </Code>
        <Code id="014041" urn="urn:sdmx:org.sdmx.infomodel.codelist.Code=IT1:CL_REFAREA(1.2).014041">
          <Name xml:lang="it" xmlns="http://www.sdmx.org/resources/sdmxml/schemas/v2_1/common">Mello</Name>
          <Name xml:lang="en" xmlns="http://www.sdmx.org/resources/sdmxml/schemas/v2_1/common">Mello</Name>
          <Parent>
            <Ref id="ITC44" xmlns="" />
          </Parent>
        </Code>
        <Code id="014042" urn="urn:sdmx:org.sdmx.infomodel.codelist.Code=IT1:CL_REFAREA(1.2).014042">
          <Name xml:lang="it" xmlns="http://www.sdmx.org/resources/sdmxml/schemas/v2_1/common">Menarola</Name>
          <Name xml:lang="en" xmlns="http://www.sdmx.org/resources/sdmxml/schemas/v2_1/common">Menarola</Name>
          <Parent>
            <Ref id="ITC44" xmlns="" />
          </Parent>
        </Code>
        <Code id="014043" urn="urn:sdmx:org.sdmx.infomodel.codelist.Code=IT1:CL_REFAREA(1.2).014043">
          <Name xml:lang="it" xmlns="http://www.sdmx.org/resources/sdmxml/schemas/v2_1/common">Mese</Name>
          <Name xml:lang="en" xmlns="http://www.sdmx.org/resources/sdmxml/schemas/v2_1/common">Mese</Name>
          <Parent>
            <Ref id="ITC44" xmlns="" />
          </Parent>
        </Code>
        <Code id="014044" urn="urn:sdmx:org.sdmx.infomodel.codelist.Code=IT1:CL_REFAREA(1.2).014044">
          <Name xml:lang="it" xmlns="http://www.sdmx.org/resources/sdmxml/schemas/v2_1/common">Montagna in Valtellina</Name>
          <Name xml:lang="en" xmlns="http://www.sdmx.org/resources/sdmxml/schemas/v2_1/common">Montagna in Valtellina</Name>
          <Parent>
            <Ref id="ITC44" xmlns="" />
          </Parent>
        </Code>
        <Code id="014045" urn="urn:sdmx:org.sdmx.infomodel.codelist.Code=IT1:CL_REFAREA(1.2).014045">
          <Name xml:lang="it" xmlns="http://www.sdmx.org/resources/sdmxml/schemas/v2_1/common">Morbegno</Name>
          <Name xml:lang="en" xmlns="http://www.sdmx.org/resources/sdmxml/schemas/v2_1/common">Morbegno</Name>
          <Parent>
            <Ref id="ITC44" xmlns="" />
          </Parent>
        </Code>
        <Code id="014046" urn="urn:sdmx:org.sdmx.infomodel.codelist.Code=IT1:CL_REFAREA(1.2).014046">
          <Name xml:lang="it" xmlns="http://www.sdmx.org/resources/sdmxml/schemas/v2_1/common">Novate Mezzola</Name>
          <Name xml:lang="en" xmlns="http://www.sdmx.org/resources/sdmxml/schemas/v2_1/common">Novate Mezzola</Name>
          <Parent>
            <Ref id="ITC44" xmlns="" />
          </Parent>
        </Code>
        <Code id="014047" urn="urn:sdmx:org.sdmx.infomodel.codelist.Code=IT1:CL_REFAREA(1.2).014047">
          <Name xml:lang="it" xmlns="http://www.sdmx.org/resources/sdmxml/schemas/v2_1/common">Pedesina</Name>
          <Name xml:lang="en" xmlns="http://www.sdmx.org/resources/sdmxml/schemas/v2_1/common">Pedesina</Name>
          <Parent>
            <Ref id="ITC44" xmlns="" />
          </Parent>
        </Code>
        <Code id="014048" urn="urn:sdmx:org.sdmx.infomodel.codelist.Code=IT1:CL_REFAREA(1.2).014048">
          <Name xml:lang="it" xmlns="http://www.sdmx.org/resources/sdmxml/schemas/v2_1/common">Piantedo</Name>
          <Name xml:lang="en" xmlns="http://www.sdmx.org/resources/sdmxml/schemas/v2_1/common">Piantedo</Name>
          <Parent>
            <Ref id="ITC44" xmlns="" />
          </Parent>
        </Code>
        <Code id="014049" urn="urn:sdmx:org.sdmx.infomodel.codelist.Code=IT1:CL_REFAREA(1.2).014049">
          <Name xml:lang="it" xmlns="http://www.sdmx.org/resources/sdmxml/schemas/v2_1/common">Piateda</Name>
          <Name xml:lang="en" xmlns="http://www.sdmx.org/resources/sdmxml/schemas/v2_1/common">Piateda</Name>
          <Parent>
            <Ref id="ITC44" xmlns="" />
          </Parent>
        </Code>
        <Code id="014050" urn="urn:sdmx:org.sdmx.infomodel.codelist.Code=IT1:CL_REFAREA(1.2).014050">
          <Name xml:lang="it" xmlns="http://www.sdmx.org/resources/sdmxml/schemas/v2_1/common">Piuro</Name>
          <Name xml:lang="en" xmlns="http://www.sdmx.org/resources/sdmxml/schemas/v2_1/common">Piuro</Name>
          <Parent>
            <Ref id="ITC44" xmlns="" />
          </Parent>
        </Code>
        <Code id="014051" urn="urn:sdmx:org.sdmx.infomodel.codelist.Code=IT1:CL_REFAREA(1.2).014051">
          <Name xml:lang="it" xmlns="http://www.sdmx.org/resources/sdmxml/schemas/v2_1/common">Poggiridenti</Name>
          <Name xml:lang="en" xmlns="http://www.sdmx.org/resources/sdmxml/schemas/v2_1/common">Poggiridenti</Name>
          <Parent>
            <Ref id="ITC44" xmlns="" />
          </Parent>
        </Code>
        <Code id="014052" urn="urn:sdmx:org.sdmx.infomodel.codelist.Code=IT1:CL_REFAREA(1.2).014052">
          <Name xml:lang="it" xmlns="http://www.sdmx.org/resources/sdmxml/schemas/v2_1/common">Ponte in Valtellina</Name>
          <Name xml:lang="en" xmlns="http://www.sdmx.org/resources/sdmxml/schemas/v2_1/common">Ponte in Valtellina</Name>
          <Parent>
            <Ref id="ITC44" xmlns="" />
          </Parent>
        </Code>
        <Code id="014053" urn="urn:sdmx:org.sdmx.infomodel.codelist.Code=IT1:CL_REFAREA(1.2).014053">
          <Name xml:lang="it" xmlns="http://www.sdmx.org/resources/sdmxml/schemas/v2_1/common">Postalesio</Name>
          <Name xml:lang="en" xmlns="http://www.sdmx.org/resources/sdmxml/schemas/v2_1/common">Postalesio</Name>
          <Parent>
            <Ref id="ITC44" xmlns="" />
          </Parent>
        </Code>
        <Code id="014054" urn="urn:sdmx:org.sdmx.infomodel.codelist.Code=IT1:CL_REFAREA(1.2).014054">
          <Name xml:lang="it" xmlns="http://www.sdmx.org/resources/sdmxml/schemas/v2_1/common">Prata Camportaccio</Name>
          <Name xml:lang="en" xmlns="http://www.sdmx.org/resources/sdmxml/schemas/v2_1/common">Prata Camportaccio</Name>
          <Parent>
            <Ref id="ITC44" xmlns="" />
          </Parent>
        </Code>
        <Code id="014055" urn="urn:sdmx:org.sdmx.infomodel.codelist.Code=IT1:CL_REFAREA(1.2).014055">
          <Name xml:lang="it" xmlns="http://www.sdmx.org/resources/sdmxml/schemas/v2_1/common">Rasura</Name>
          <Name xml:lang="en" xmlns="http://www.sdmx.org/resources/sdmxml/schemas/v2_1/common">Rasura</Name>
          <Parent>
            <Ref id="ITC44" xmlns="" />
          </Parent>
        </Code>
        <Code id="014056" urn="urn:sdmx:org.sdmx.infomodel.codelist.Code=IT1:CL_REFAREA(1.2).014056">
          <Name xml:lang="it" xmlns="http://www.sdmx.org/resources/sdmxml/schemas/v2_1/common">Rogolo</Name>
          <Name xml:lang="en" xmlns="http://www.sdmx.org/resources/sdmxml/schemas/v2_1/common">Rogolo</Name>
          <Parent>
            <Ref id="ITC44" xmlns="" />
          </Parent>
        </Code>
        <Code id="014057" urn="urn:sdmx:org.sdmx.infomodel.codelist.Code=IT1:CL_REFAREA(1.2).014057">
          <Name xml:lang="it" xmlns="http://www.sdmx.org/resources/sdmxml/schemas/v2_1/common">Samolaco</Name>
          <Name xml:lang="en" xmlns="http://www.sdmx.org/resources/sdmxml/schemas/v2_1/common">Samolaco</Name>
          <Parent>
            <Ref id="ITC44" xmlns="" />
          </Parent>
        </Code>
        <Code id="014058" urn="urn:sdmx:org.sdmx.infomodel.codelist.Code=IT1:CL_REFAREA(1.2).014058">
          <Name xml:lang="it" xmlns="http://www.sdmx.org/resources/sdmxml/schemas/v2_1/common">San Giacomo Filippo</Name>
          <Name xml:lang="en" xmlns="http://www.sdmx.org/resources/sdmxml/schemas/v2_1/common">San Giacomo Filippo</Name>
          <Parent>
            <Ref id="ITC44" xmlns="" />
          </Parent>
        </Code>
        <Code id="014059" urn="urn:sdmx:org.sdmx.infomodel.codelist.Code=IT1:CL_REFAREA(1.2).014059">
          <Name xml:lang="it" xmlns="http://www.sdmx.org/resources/sdmxml/schemas/v2_1/common">Sernio</Name>
          <Name xml:lang="en" xmlns="http://www.sdmx.org/resources/sdmxml/schemas/v2_1/common">Sernio</Name>
          <Parent>
            <Ref id="ITC44" xmlns="" />
          </Parent>
        </Code>
        <Code id="014060" urn="urn:sdmx:org.sdmx.infomodel.codelist.Code=IT1:CL_REFAREA(1.2).014060">
          <Name xml:lang="it" xmlns="http://www.sdmx.org/resources/sdmxml/schemas/v2_1/common">Sondalo</Name>
          <Name xml:lang="en" xmlns="http://www.sdmx.org/resources/sdmxml/schemas/v2_1/common">Sondalo</Name>
          <Parent>
            <Ref id="ITC44" xmlns="" />
          </Parent>
        </Code>
        <Code id="014061" urn="urn:sdmx:org.sdmx.infomodel.codelist.Code=IT1:CL_REFAREA(1.2).014061">
          <Name xml:lang="it" xmlns="http://www.sdmx.org/resources/sdmxml/schemas/v2_1/common">Sondrio</Name>
          <Name xml:lang="en" xmlns="http://www.sdmx.org/resources/sdmxml/schemas/v2_1/common">Sondrio</Name>
          <Parent>
            <Ref id="ITC44" xmlns="" />
          </Parent>
        </Code>
        <Code id="014062" urn="urn:sdmx:org.sdmx.infomodel.codelist.Code=IT1:CL_REFAREA(1.2).014062">
          <Name xml:lang="it" xmlns="http://www.sdmx.org/resources/sdmxml/schemas/v2_1/common">Spriana</Name>
          <Name xml:lang="en" xmlns="http://www.sdmx.org/resources/sdmxml/schemas/v2_1/common">Spriana</Name>
          <Parent>
            <Ref id="ITC44" xmlns="" />
          </Parent>
        </Code>
        <Code id="014063" urn="urn:sdmx:org.sdmx.infomodel.codelist.Code=IT1:CL_REFAREA(1.2).014063">
          <Name xml:lang="it" xmlns="http://www.sdmx.org/resources/sdmxml/schemas/v2_1/common">Talamona</Name>
          <Name xml:lang="en" xmlns="http://www.sdmx.org/resources/sdmxml/schemas/v2_1/common">Talamona</Name>
          <Parent>
            <Ref id="ITC44" xmlns="" />
          </Parent>
        </Code>
        <Code id="014064" urn="urn:sdmx:org.sdmx.infomodel.codelist.Code=IT1:CL_REFAREA(1.2).014064">
          <Name xml:lang="it" xmlns="http://www.sdmx.org/resources/sdmxml/schemas/v2_1/common">Tartano</Name>
          <Name xml:lang="en" xmlns="http://www.sdmx.org/resources/sdmxml/schemas/v2_1/common">Tartano</Name>
          <Parent>
            <Ref id="ITC44" xmlns="" />
          </Parent>
        </Code>
        <Code id="014065" urn="urn:sdmx:org.sdmx.infomodel.codelist.Code=IT1:CL_REFAREA(1.2).014065">
          <Name xml:lang="it" xmlns="http://www.sdmx.org/resources/sdmxml/schemas/v2_1/common">Teglio</Name>
          <Name xml:lang="en" xmlns="http://www.sdmx.org/resources/sdmxml/schemas/v2_1/common">Teglio</Name>
          <Parent>
            <Ref id="ITC44" xmlns="" />
          </Parent>
        </Code>
        <Code id="014066" urn="urn:sdmx:org.sdmx.infomodel.codelist.Code=IT1:CL_REFAREA(1.2).014066">
          <Name xml:lang="it" xmlns="http://www.sdmx.org/resources/sdmxml/schemas/v2_1/common">Tirano</Name>
          <Name xml:lang="en" xmlns="http://www.sdmx.org/resources/sdmxml/schemas/v2_1/common">Tirano</Name>
          <Parent>
            <Ref id="ITC44" xmlns="" />
          </Parent>
        </Code>
        <Code id="014067" urn="urn:sdmx:org.sdmx.infomodel.codelist.Code=IT1:CL_REFAREA(1.2).014067">
          <Name xml:lang="it" xmlns="http://www.sdmx.org/resources/sdmxml/schemas/v2_1/common">Torre di Santa Maria</Name>
          <Name xml:lang="en" xmlns="http://www.sdmx.org/resources/sdmxml/schemas/v2_1/common">Torre di Santa Maria</Name>
          <Parent>
            <Ref id="ITC44" xmlns="" />
          </Parent>
        </Code>
        <Code id="014068" urn="urn:sdmx:org.sdmx.infomodel.codelist.Code=IT1:CL_REFAREA(1.2).014068">
          <Name xml:lang="it" xmlns="http://www.sdmx.org/resources/sdmxml/schemas/v2_1/common">Tovo di Sant'Agata</Name>
          <Name xml:lang="en" xmlns="http://www.sdmx.org/resources/sdmxml/schemas/v2_1/common">Tovo di Sant'Agata</Name>
          <Parent>
            <Ref id="ITC44" xmlns="" />
          </Parent>
        </Code>
        <Code id="014069" urn="urn:sdmx:org.sdmx.infomodel.codelist.Code=IT1:CL_REFAREA(1.2).014069">
          <Name xml:lang="it" xmlns="http://www.sdmx.org/resources/sdmxml/schemas/v2_1/common">Traona</Name>
          <Name xml:lang="en" xmlns="http://www.sdmx.org/resources/sdmxml/schemas/v2_1/common">Traona</Name>
          <Parent>
            <Ref id="ITC44" xmlns="" />
          </Parent>
        </Code>
        <Code id="014070" urn="urn:sdmx:org.sdmx.infomodel.codelist.Code=IT1:CL_REFAREA(1.2).014070">
          <Name xml:lang="it" xmlns="http://www.sdmx.org/resources/sdmxml/schemas/v2_1/common">Tresivio</Name>
          <Name xml:lang="en" xmlns="http://www.sdmx.org/resources/sdmxml/schemas/v2_1/common">Tresivio</Name>
          <Parent>
            <Ref id="ITC44" xmlns="" />
          </Parent>
        </Code>
        <Code id="014071" urn="urn:sdmx:org.sdmx.infomodel.codelist.Code=IT1:CL_REFAREA(1.2).014071">
          <Name xml:lang="it" xmlns="http://www.sdmx.org/resources/sdmxml/schemas/v2_1/common">Valdidentro</Name>
          <Name xml:lang="en" xmlns="http://www.sdmx.org/resources/sdmxml/schemas/v2_1/common">Valdidentro</Name>
          <Parent>
            <Ref id="ITC44" xmlns="" />
          </Parent>
        </Code>
        <Code id="014072" urn="urn:sdmx:org.sdmx.infomodel.codelist.Code=IT1:CL_REFAREA(1.2).014072">
          <Name xml:lang="it" xmlns="http://www.sdmx.org/resources/sdmxml/schemas/v2_1/common">Valdisotto</Name>
          <Name xml:lang="en" xmlns="http://www.sdmx.org/resources/sdmxml/schemas/v2_1/common">Valdisotto</Name>
          <Parent>
            <Ref id="ITC44" xmlns="" />
          </Parent>
        </Code>
        <Code id="014073" urn="urn:sdmx:org.sdmx.infomodel.codelist.Code=IT1:CL_REFAREA(1.2).014073">
          <Name xml:lang="it" xmlns="http://www.sdmx.org/resources/sdmxml/schemas/v2_1/common">Valfurva</Name>
          <Name xml:lang="en" xmlns="http://www.sdmx.org/resources/sdmxml/schemas/v2_1/common">Valfurva</Name>
          <Parent>
            <Ref id="ITC44" xmlns="" />
          </Parent>
        </Code>
        <Code id="014074" urn="urn:sdmx:org.sdmx.infomodel.codelist.Code=IT1:CL_REFAREA(1.2).014074">
          <Name xml:lang="it" xmlns="http://www.sdmx.org/resources/sdmxml/schemas/v2_1/common">Val Masino</Name>
          <Name xml:lang="en" xmlns="http://www.sdmx.org/resources/sdmxml/schemas/v2_1/common">Val Masino</Name>
          <Parent>
            <Ref id="ITC44" xmlns="" />
          </Parent>
        </Code>
        <Code id="014075" urn="urn:sdmx:org.sdmx.infomodel.codelist.Code=IT1:CL_REFAREA(1.2).014075">
          <Name xml:lang="it" xmlns="http://www.sdmx.org/resources/sdmxml/schemas/v2_1/common">Verceia</Name>
          <Name xml:lang="en" xmlns="http://www.sdmx.org/resources/sdmxml/schemas/v2_1/common">Verceia</Name>
          <Parent>
            <Ref id="ITC44" xmlns="" />
          </Parent>
        </Code>
        <Code id="014076" urn="urn:sdmx:org.sdmx.infomodel.codelist.Code=IT1:CL_REFAREA(1.2).014076">
          <Name xml:lang="it" xmlns="http://www.sdmx.org/resources/sdmxml/schemas/v2_1/common">Vervio</Name>
          <Name xml:lang="en" xmlns="http://www.sdmx.org/resources/sdmxml/schemas/v2_1/common">Vervio</Name>
          <Parent>
            <Ref id="ITC44" xmlns="" />
          </Parent>
        </Code>
        <Code id="014077" urn="urn:sdmx:org.sdmx.infomodel.codelist.Code=IT1:CL_REFAREA(1.2).014077">
          <Name xml:lang="it" xmlns="http://www.sdmx.org/resources/sdmxml/schemas/v2_1/common">Villa di Chiavenna</Name>
          <Name xml:lang="en" xmlns="http://www.sdmx.org/resources/sdmxml/schemas/v2_1/common">Villa di Chiavenna</Name>
          <Parent>
            <Ref id="ITC44" xmlns="" />
          </Parent>
        </Code>
        <Code id="014078" urn="urn:sdmx:org.sdmx.infomodel.codelist.Code=IT1:CL_REFAREA(1.2).014078">
          <Name xml:lang="it" xmlns="http://www.sdmx.org/resources/sdmxml/schemas/v2_1/common">Villa di Tirano</Name>
          <Name xml:lang="en" xmlns="http://www.sdmx.org/resources/sdmxml/schemas/v2_1/common">Villa di Tirano</Name>
          <Parent>
            <Ref id="ITC44" xmlns="" />
          </Parent>
        </Code>
        <Code id="015001" urn="urn:sdmx:org.sdmx.infomodel.codelist.Code=IT1:CL_REFAREA(1.2).015001">
          <Name xml:lang="it" xmlns="http://www.sdmx.org/resources/sdmxml/schemas/v2_1/common">Abbadia Cerreto</Name>
          <Name xml:lang="en" xmlns="http://www.sdmx.org/resources/sdmxml/schemas/v2_1/common">Abbadia Cerreto</Name>
          <Parent>
            <Ref id="ITC45" xmlns="" />
          </Parent>
        </Code>
        <Code id="015002" urn="urn:sdmx:org.sdmx.infomodel.codelist.Code=IT1:CL_REFAREA(1.2).015002">
          <Name xml:lang="it" xmlns="http://www.sdmx.org/resources/sdmxml/schemas/v2_1/common">Abbiategrasso</Name>
          <Name xml:lang="en" xmlns="http://www.sdmx.org/resources/sdmxml/schemas/v2_1/common">Abbiategrasso</Name>
          <Parent>
            <Ref id="ITC45" xmlns="" />
          </Parent>
        </Code>
        <Code id="015003" urn="urn:sdmx:org.sdmx.infomodel.codelist.Code=IT1:CL_REFAREA(1.2).015003">
          <Name xml:lang="it" xmlns="http://www.sdmx.org/resources/sdmxml/schemas/v2_1/common">Agrate Brianza</Name>
          <Name xml:lang="en" xmlns="http://www.sdmx.org/resources/sdmxml/schemas/v2_1/common">Agrate Brianza</Name>
          <Parent>
            <Ref id="ITC45" xmlns="" />
          </Parent>
        </Code>
        <Code id="015004" urn="urn:sdmx:org.sdmx.infomodel.codelist.Code=IT1:CL_REFAREA(1.2).015004">
          <Name xml:lang="it" xmlns="http://www.sdmx.org/resources/sdmxml/schemas/v2_1/common">Aicurzio</Name>
          <Name xml:lang="en" xmlns="http://www.sdmx.org/resources/sdmxml/schemas/v2_1/common">Aicurzio</Name>
          <Parent>
            <Ref id="ITC45" xmlns="" />
          </Parent>
        </Code>
        <Code id="015005" urn="urn:sdmx:org.sdmx.infomodel.codelist.Code=IT1:CL_REFAREA(1.2).015005">
          <Name xml:lang="it" xmlns="http://www.sdmx.org/resources/sdmxml/schemas/v2_1/common">Albairate</Name>
          <Name xml:lang="en" xmlns="http://www.sdmx.org/resources/sdmxml/schemas/v2_1/common">Albairate</Name>
          <Parent>
            <Ref id="ITC45" xmlns="" />
          </Parent>
        </Code>
        <Code id="015006" urn="urn:sdmx:org.sdmx.infomodel.codelist.Code=IT1:CL_REFAREA(1.2).015006">
          <Name xml:lang="it" xmlns="http://www.sdmx.org/resources/sdmxml/schemas/v2_1/common">Albiate</Name>
          <Name xml:lang="en" xmlns="http://www.sdmx.org/resources/sdmxml/schemas/v2_1/common">Albiate</Name>
          <Parent>
            <Ref id="ITC45" xmlns="" />
          </Parent>
        </Code>
        <Code id="015007" urn="urn:sdmx:org.sdmx.infomodel.codelist.Code=IT1:CL_REFAREA(1.2).015007">
          <Name xml:lang="it" xmlns="http://www.sdmx.org/resources/sdmxml/schemas/v2_1/common">Arconate</Name>
          <Name xml:lang="en" xmlns="http://www.sdmx.org/resources/sdmxml/schemas/v2_1/common">Arconate</Name>
          <Parent>
            <Ref id="ITC45" xmlns="" />
          </Parent>
        </Code>
        <Code id="015008" urn="urn:sdmx:org.sdmx.infomodel.codelist.Code=IT1:CL_REFAREA(1.2).015008">
          <Name xml:lang="it" xmlns="http://www.sdmx.org/resources/sdmxml/schemas/v2_1/common">Arcore</Name>
          <Name xml:lang="en" xmlns="http://www.sdmx.org/resources/sdmxml/schemas/v2_1/common">Arcore</Name>
          <Parent>
            <Ref id="ITC45" xmlns="" />
          </Parent>
        </Code>
        <Code id="015009" urn="urn:sdmx:org.sdmx.infomodel.codelist.Code=IT1:CL_REFAREA(1.2).015009">
          <Name xml:lang="it" xmlns="http://www.sdmx.org/resources/sdmxml/schemas/v2_1/common">Arese</Name>
          <Name xml:lang="en" xmlns="http://www.sdmx.org/resources/sdmxml/schemas/v2_1/common">Arese</Name>
          <Parent>
            <Ref id="ITC45" xmlns="" />
          </Parent>
        </Code>
        <Code id="015010" urn="urn:sdmx:org.sdmx.infomodel.codelist.Code=IT1:CL_REFAREA(1.2).015010">
          <Name xml:lang="it" xmlns="http://www.sdmx.org/resources/sdmxml/schemas/v2_1/common">Arluno</Name>
          <Name xml:lang="en" xmlns="http://www.sdmx.org/resources/sdmxml/schemas/v2_1/common">Arluno</Name>
          <Parent>
            <Ref id="ITC45" xmlns="" />
          </Parent>
        </Code>
        <Code id="015011" urn="urn:sdmx:org.sdmx.infomodel.codelist.Code=IT1:CL_REFAREA(1.2).015011">
          <Name xml:lang="it" xmlns="http://www.sdmx.org/resources/sdmxml/schemas/v2_1/common">Assago</Name>
          <Name xml:lang="en" xmlns="http://www.sdmx.org/resources/sdmxml/schemas/v2_1/common">Assago</Name>
          <Parent>
            <Ref id="ITC45" xmlns="" />
          </Parent>
        </Code>
        <Code id="015012" urn="urn:sdmx:org.sdmx.infomodel.codelist.Code=IT1:CL_REFAREA(1.2).015012">
          <Name xml:lang="it" xmlns="http://www.sdmx.org/resources/sdmxml/schemas/v2_1/common">Bareggio</Name>
          <Name xml:lang="en" xmlns="http://www.sdmx.org/resources/sdmxml/schemas/v2_1/common">Bareggio</Name>
          <Parent>
            <Ref id="ITC45" xmlns="" />
          </Parent>
        </Code>
        <Code id="015013" urn="urn:sdmx:org.sdmx.infomodel.codelist.Code=IT1:CL_REFAREA(1.2).015013">
          <Name xml:lang="it" xmlns="http://www.sdmx.org/resources/sdmxml/schemas/v2_1/common">Barlassina</Name>
          <Name xml:lang="en" xmlns="http://www.sdmx.org/resources/sdmxml/schemas/v2_1/common">Barlassina</Name>
          <Parent>
            <Ref id="ITC45" xmlns="" />
          </Parent>
        </Code>
        <Code id="015014" urn="urn:sdmx:org.sdmx.infomodel.codelist.Code=IT1:CL_REFAREA(1.2).015014">
          <Name xml:lang="it" xmlns="http://www.sdmx.org/resources/sdmxml/schemas/v2_1/common">Basiano</Name>
          <Name xml:lang="en" xmlns="http://www.sdmx.org/resources/sdmxml/schemas/v2_1/common">Basiano</Name>
          <Parent>
            <Ref id="ITC45" xmlns="" />
          </Parent>
        </Code>
        <Code id="015015" urn="urn:sdmx:org.sdmx.infomodel.codelist.Code=IT1:CL_REFAREA(1.2).015015">
          <Name xml:lang="it" xmlns="http://www.sdmx.org/resources/sdmxml/schemas/v2_1/common">Basiglio</Name>
          <Name xml:lang="en" xmlns="http://www.sdmx.org/resources/sdmxml/schemas/v2_1/common">Basiglio</Name>
          <Parent>
            <Ref id="ITC45" xmlns="" />
          </Parent>
        </Code>
        <Code id="015016" urn="urn:sdmx:org.sdmx.infomodel.codelist.Code=IT1:CL_REFAREA(1.2).015016">
          <Name xml:lang="it" xmlns="http://www.sdmx.org/resources/sdmxml/schemas/v2_1/common">Bellinzago Lombardo</Name>
          <Name xml:lang="en" xmlns="http://www.sdmx.org/resources/sdmxml/schemas/v2_1/common">Bellinzago Lombardo</Name>
          <Parent>
            <Ref id="ITC45" xmlns="" />
          </Parent>
        </Code>
        <Code id="015017" urn="urn:sdmx:org.sdmx.infomodel.codelist.Code=IT1:CL_REFAREA(1.2).015017">
          <Name xml:lang="it" xmlns="http://www.sdmx.org/resources/sdmxml/schemas/v2_1/common">Bellusco</Name>
          <Name xml:lang="en" xmlns="http://www.sdmx.org/resources/sdmxml/schemas/v2_1/common">Bellusco</Name>
          <Parent>
            <Ref id="ITC45" xmlns="" />
          </Parent>
        </Code>
        <Code id="015018" urn="urn:sdmx:org.sdmx.infomodel.codelist.Code=IT1:CL_REFAREA(1.2).015018">
          <Name xml:lang="it" xmlns="http://www.sdmx.org/resources/sdmxml/schemas/v2_1/common">Bernareggio</Name>
          <Name xml:lang="en" xmlns="http://www.sdmx.org/resources/sdmxml/schemas/v2_1/common">Bernareggio</Name>
          <Parent>
            <Ref id="ITC45" xmlns="" />
          </Parent>
        </Code>
        <Code id="015019" urn="urn:sdmx:org.sdmx.infomodel.codelist.Code=IT1:CL_REFAREA(1.2).015019">
          <Name xml:lang="it" xmlns="http://www.sdmx.org/resources/sdmxml/schemas/v2_1/common">Bernate Ticino</Name>
          <Name xml:lang="en" xmlns="http://www.sdmx.org/resources/sdmxml/schemas/v2_1/common">Bernate Ticino</Name>
          <Parent>
            <Ref id="ITC45" xmlns="" />
          </Parent>
        </Code>
        <Code id="015020" urn="urn:sdmx:org.sdmx.infomodel.codelist.Code=IT1:CL_REFAREA(1.2).015020">
          <Name xml:lang="it" xmlns="http://www.sdmx.org/resources/sdmxml/schemas/v2_1/common">Bertonico</Name>
          <Name xml:lang="en" xmlns="http://www.sdmx.org/resources/sdmxml/schemas/v2_1/common">Bertonico</Name>
          <Parent>
            <Ref id="ITC45" xmlns="" />
          </Parent>
        </Code>
        <Code id="015021" urn="urn:sdmx:org.sdmx.infomodel.codelist.Code=IT1:CL_REFAREA(1.2).015021">
          <Name xml:lang="it" xmlns="http://www.sdmx.org/resources/sdmxml/schemas/v2_1/common">Besana in Brianza</Name>
          <Name xml:lang="en" xmlns="http://www.sdmx.org/resources/sdmxml/schemas/v2_1/common">Besana in Brianza</Name>
          <Parent>
            <Ref id="ITC45" xmlns="" />
          </Parent>
        </Code>
        <Code id="015022" urn="urn:sdmx:org.sdmx.infomodel.codelist.Code=IT1:CL_REFAREA(1.2).015022">
          <Name xml:lang="it" xmlns="http://www.sdmx.org/resources/sdmxml/schemas/v2_1/common">Besate</Name>
          <Name xml:lang="en" xmlns="http://www.sdmx.org/resources/sdmxml/schemas/v2_1/common">Besate</Name>
          <Parent>
            <Ref id="ITC45" xmlns="" />
          </Parent>
        </Code>
        <Code id="015023" urn="urn:sdmx:org.sdmx.infomodel.codelist.Code=IT1:CL_REFAREA(1.2).015023">
          <Name xml:lang="it" xmlns="http://www.sdmx.org/resources/sdmxml/schemas/v2_1/common">Biassono</Name>
          <Name xml:lang="en" xmlns="http://www.sdmx.org/resources/sdmxml/schemas/v2_1/common">Biassono</Name>
          <Parent>
            <Ref id="ITC45" xmlns="" />
          </Parent>
        </Code>
        <Code id="015024" urn="urn:sdmx:org.sdmx.infomodel.codelist.Code=IT1:CL_REFAREA(1.2).015024">
          <Name xml:lang="it" xmlns="http://www.sdmx.org/resources/sdmxml/schemas/v2_1/common">Binasco</Name>
          <Name xml:lang="en" xmlns="http://www.sdmx.org/resources/sdmxml/schemas/v2_1/common">Binasco</Name>
          <Parent>
            <Ref id="ITC45" xmlns="" />
          </Parent>
        </Code>
        <Code id="015025" urn="urn:sdmx:org.sdmx.infomodel.codelist.Code=IT1:CL_REFAREA(1.2).015025">
          <Name xml:lang="it" xmlns="http://www.sdmx.org/resources/sdmxml/schemas/v2_1/common">Boffalora d'Adda</Name>
          <Name xml:lang="en" xmlns="http://www.sdmx.org/resources/sdmxml/schemas/v2_1/common">Boffalora d'Adda</Name>
          <Parent>
            <Ref id="ITC45" xmlns="" />
          </Parent>
        </Code>
        <Code id="015026" urn="urn:sdmx:org.sdmx.infomodel.codelist.Code=IT1:CL_REFAREA(1.2).015026">
          <Name xml:lang="it" xmlns="http://www.sdmx.org/resources/sdmxml/schemas/v2_1/common">Boffalora sopra Ticino</Name>
          <Name xml:lang="en" xmlns="http://www.sdmx.org/resources/sdmxml/schemas/v2_1/common">Boffalora sopra Ticino</Name>
          <Parent>
            <Ref id="ITC45" xmlns="" />
          </Parent>
        </Code>
        <Code id="015027" urn="urn:sdmx:org.sdmx.infomodel.codelist.Code=IT1:CL_REFAREA(1.2).015027">
          <Name xml:lang="it" xmlns="http://www.sdmx.org/resources/sdmxml/schemas/v2_1/common">Bollate</Name>
          <Name xml:lang="en" xmlns="http://www.sdmx.org/resources/sdmxml/schemas/v2_1/common">Bollate</Name>
          <Parent>
            <Ref id="ITC45" xmlns="" />
          </Parent>
        </Code>
        <Code id="015028" urn="urn:sdmx:org.sdmx.infomodel.codelist.Code=IT1:CL_REFAREA(1.2).015028">
          <Name xml:lang="it" xmlns="http://www.sdmx.org/resources/sdmxml/schemas/v2_1/common">Borghetto Lodigiano</Name>
          <Name xml:lang="en" xmlns="http://www.sdmx.org/resources/sdmxml/schemas/v2_1/common">Borghetto Lodigiano</Name>
          <Parent>
            <Ref id="ITC45" xmlns="" />
          </Parent>
        </Code>
        <Code id="015029" urn="urn:sdmx:org.sdmx.infomodel.codelist.Code=IT1:CL_REFAREA(1.2).015029">
          <Name xml:lang="it" xmlns="http://www.sdmx.org/resources/sdmxml/schemas/v2_1/common">Borgo San Giovanni</Name>
          <Name xml:lang="en" xmlns="http://www.sdmx.org/resources/sdmxml/schemas/v2_1/common">Borgo San Giovanni</Name>
          <Parent>
            <Ref id="ITC45" xmlns="" />
          </Parent>
        </Code>
        <Code id="015030" urn="urn:sdmx:org.sdmx.infomodel.codelist.Code=IT1:CL_REFAREA(1.2).015030">
          <Name xml:lang="it" xmlns="http://www.sdmx.org/resources/sdmxml/schemas/v2_1/common">Bovisio-Masciago</Name>
          <Name xml:lang="en" xmlns="http://www.sdmx.org/resources/sdmxml/schemas/v2_1/common">Bovisio-Masciago</Name>
          <Parent>
            <Ref id="ITC45" xmlns="" />
          </Parent>
        </Code>
        <Code id="015031" urn="urn:sdmx:org.sdmx.infomodel.codelist.Code=IT1:CL_REFAREA(1.2).015031">
          <Name xml:lang="it" xmlns="http://www.sdmx.org/resources/sdmxml/schemas/v2_1/common">Brembio</Name>
          <Name xml:lang="en" xmlns="http://www.sdmx.org/resources/sdmxml/schemas/v2_1/common">Brembio</Name>
          <Parent>
            <Ref id="ITC45" xmlns="" />
          </Parent>
        </Code>
        <Code id="015032" urn="urn:sdmx:org.sdmx.infomodel.codelist.Code=IT1:CL_REFAREA(1.2).015032">
          <Name xml:lang="it" xmlns="http://www.sdmx.org/resources/sdmxml/schemas/v2_1/common">Bresso</Name>
          <Name xml:lang="en" xmlns="http://www.sdmx.org/resources/sdmxml/schemas/v2_1/common">Bresso</Name>
          <Parent>
            <Ref id="ITC45" xmlns="" />
          </Parent>
        </Code>
        <Code id="015033" urn="urn:sdmx:org.sdmx.infomodel.codelist.Code=IT1:CL_REFAREA(1.2).015033">
          <Name xml:lang="it" xmlns="http://www.sdmx.org/resources/sdmxml/schemas/v2_1/common">Briosco</Name>
          <Name xml:lang="en" xmlns="http://www.sdmx.org/resources/sdmxml/schemas/v2_1/common">Briosco</Name>
          <Parent>
            <Ref id="ITC45" xmlns="" />
          </Parent>
        </Code>
        <Code id="015034" urn="urn:sdmx:org.sdmx.infomodel.codelist.Code=IT1:CL_REFAREA(1.2).015034">
          <Name xml:lang="it" xmlns="http://www.sdmx.org/resources/sdmxml/schemas/v2_1/common">Brugherio</Name>
          <Name xml:lang="en" xmlns="http://www.sdmx.org/resources/sdmxml/schemas/v2_1/common">Brugherio</Name>
          <Parent>
            <Ref id="ITC45" xmlns="" />
          </Parent>
        </Code>
        <Code id="015035" urn="urn:sdmx:org.sdmx.infomodel.codelist.Code=IT1:CL_REFAREA(1.2).015035">
          <Name xml:lang="it" xmlns="http://www.sdmx.org/resources/sdmxml/schemas/v2_1/common">Bubbiano</Name>
          <Name xml:lang="en" xmlns="http://www.sdmx.org/resources/sdmxml/schemas/v2_1/common">Bubbiano</Name>
          <Parent>
            <Ref id="ITC45" xmlns="" />
          </Parent>
        </Code>
        <Code id="015036" urn="urn:sdmx:org.sdmx.infomodel.codelist.Code=IT1:CL_REFAREA(1.2).015036">
          <Name xml:lang="it" xmlns="http://www.sdmx.org/resources/sdmxml/schemas/v2_1/common">Buccinasco</Name>
          <Name xml:lang="en" xmlns="http://www.sdmx.org/resources/sdmxml/schemas/v2_1/common">Buccinasco</Name>
          <Parent>
            <Ref id="ITC45" xmlns="" />
          </Parent>
        </Code>
        <Code id="015037" urn="urn:sdmx:org.sdmx.infomodel.codelist.Code=IT1:CL_REFAREA(1.2).015037">
          <Name xml:lang="it" xmlns="http://www.sdmx.org/resources/sdmxml/schemas/v2_1/common">Burago di Molgora</Name>
          <Name xml:lang="en" xmlns="http://www.sdmx.org/resources/sdmxml/schemas/v2_1/common">Burago di Molgora</Name>
          <Parent>
            <Ref id="ITC45" xmlns="" />
          </Parent>
        </Code>
        <Code id="015038" urn="urn:sdmx:org.sdmx.infomodel.codelist.Code=IT1:CL_REFAREA(1.2).015038">
          <Name xml:lang="it" xmlns="http://www.sdmx.org/resources/sdmxml/schemas/v2_1/common">Buscate</Name>
          <Name xml:lang="en" xmlns="http://www.sdmx.org/resources/sdmxml/schemas/v2_1/common">Buscate</Name>
          <Parent>
            <Ref id="ITC45" xmlns="" />
          </Parent>
        </Code>
        <Code id="015039" urn="urn:sdmx:org.sdmx.infomodel.codelist.Code=IT1:CL_REFAREA(1.2).015039">
          <Name xml:lang="it" xmlns="http://www.sdmx.org/resources/sdmxml/schemas/v2_1/common">Busnago</Name>
          <Name xml:lang="en" xmlns="http://www.sdmx.org/resources/sdmxml/schemas/v2_1/common">Busnago</Name>
          <Parent>
            <Ref id="ITC45" xmlns="" />
          </Parent>
        </Code>
        <Code id="015040" urn="urn:sdmx:org.sdmx.infomodel.codelist.Code=IT1:CL_REFAREA(1.2).015040">
          <Name xml:lang="it" xmlns="http://www.sdmx.org/resources/sdmxml/schemas/v2_1/common">Bussero</Name>
          <Name xml:lang="en" xmlns="http://www.sdmx.org/resources/sdmxml/schemas/v2_1/common">Bussero</Name>
          <Parent>
            <Ref id="ITC45" xmlns="" />
          </Parent>
        </Code>
        <Code id="015041" urn="urn:sdmx:org.sdmx.infomodel.codelist.Code=IT1:CL_REFAREA(1.2).015041">
          <Name xml:lang="it" xmlns="http://www.sdmx.org/resources/sdmxml/schemas/v2_1/common">Busto Garolfo</Name>
          <Name xml:lang="en" xmlns="http://www.sdmx.org/resources/sdmxml/schemas/v2_1/common">Busto Garolfo</Name>
          <Parent>
            <Ref id="ITC45" xmlns="" />
          </Parent>
        </Code>
        <Code id="015042" urn="urn:sdmx:org.sdmx.infomodel.codelist.Code=IT1:CL_REFAREA(1.2).015042">
          <Name xml:lang="it" xmlns="http://www.sdmx.org/resources/sdmxml/schemas/v2_1/common">Calvignasco</Name>
          <Name xml:lang="en" xmlns="http://www.sdmx.org/resources/sdmxml/schemas/v2_1/common">Calvignasco</Name>
          <Parent>
            <Ref id="ITC45" xmlns="" />
          </Parent>
        </Code>
        <Code id="015043" urn="urn:sdmx:org.sdmx.infomodel.codelist.Code=IT1:CL_REFAREA(1.2).015043">
          <Name xml:lang="it" xmlns="http://www.sdmx.org/resources/sdmxml/schemas/v2_1/common">Camairago</Name>
          <Name xml:lang="en" xmlns="http://www.sdmx.org/resources/sdmxml/schemas/v2_1/common">Camairago</Name>
          <Parent>
            <Ref id="ITC45" xmlns="" />
          </Parent>
        </Code>
        <Code id="015044" urn="urn:sdmx:org.sdmx.infomodel.codelist.Code=IT1:CL_REFAREA(1.2).015044">
          <Name xml:lang="it" xmlns="http://www.sdmx.org/resources/sdmxml/schemas/v2_1/common">Cambiago</Name>
          <Name xml:lang="en" xmlns="http://www.sdmx.org/resources/sdmxml/schemas/v2_1/common">Cambiago</Name>
          <Parent>
            <Ref id="ITC45" xmlns="" />
          </Parent>
        </Code>
        <Code id="015045" urn="urn:sdmx:org.sdmx.infomodel.codelist.Code=IT1:CL_REFAREA(1.2).015045">
          <Name xml:lang="it" xmlns="http://www.sdmx.org/resources/sdmxml/schemas/v2_1/common">Camparada</Name>
          <Name xml:lang="en" xmlns="http://www.sdmx.org/resources/sdmxml/schemas/v2_1/common">Camparada</Name>
          <Parent>
            <Ref id="ITC45" xmlns="" />
          </Parent>
        </Code>
        <Code id="015046" urn="urn:sdmx:org.sdmx.infomodel.codelist.Code=IT1:CL_REFAREA(1.2).015046">
          <Name xml:lang="it" xmlns="http://www.sdmx.org/resources/sdmxml/schemas/v2_1/common">Canegrate</Name>
          <Name xml:lang="en" xmlns="http://www.sdmx.org/resources/sdmxml/schemas/v2_1/common">Canegrate</Name>
          <Parent>
            <Ref id="ITC45" xmlns="" />
          </Parent>
        </Code>
        <Code id="015047" urn="urn:sdmx:org.sdmx.infomodel.codelist.Code=IT1:CL_REFAREA(1.2).015047">
          <Name xml:lang="it" xmlns="http://www.sdmx.org/resources/sdmxml/schemas/v2_1/common">Caponago</Name>
          <Name xml:lang="en" xmlns="http://www.sdmx.org/resources/sdmxml/schemas/v2_1/common">Caponago</Name>
          <Parent>
            <Ref id="ITC45" xmlns="" />
          </Parent>
        </Code>
        <Code id="015048" urn="urn:sdmx:org.sdmx.infomodel.codelist.Code=IT1:CL_REFAREA(1.2).015048">
          <Name xml:lang="it" xmlns="http://www.sdmx.org/resources/sdmxml/schemas/v2_1/common">Carate Brianza</Name>
          <Name xml:lang="en" xmlns="http://www.sdmx.org/resources/sdmxml/schemas/v2_1/common">Carate Brianza</Name>
          <Parent>
            <Ref id="ITC45" xmlns="" />
          </Parent>
        </Code>
        <Code id="015049" urn="urn:sdmx:org.sdmx.infomodel.codelist.Code=IT1:CL_REFAREA(1.2).015049">
          <Name xml:lang="it" xmlns="http://www.sdmx.org/resources/sdmxml/schemas/v2_1/common">Carnate</Name>
          <Name xml:lang="en" xmlns="http://www.sdmx.org/resources/sdmxml/schemas/v2_1/common">Carnate</Name>
          <Parent>
            <Ref id="ITC45" xmlns="" />
          </Parent>
        </Code>
        <Code id="015050" urn="urn:sdmx:org.sdmx.infomodel.codelist.Code=IT1:CL_REFAREA(1.2).015050">
          <Name xml:lang="it" xmlns="http://www.sdmx.org/resources/sdmxml/schemas/v2_1/common">Carpiano</Name>
          <Name xml:lang="en" xmlns="http://www.sdmx.org/resources/sdmxml/schemas/v2_1/common">Carpiano</Name>
          <Parent>
            <Ref id="ITC45" xmlns="" />
          </Parent>
        </Code>
        <Code id="015051" urn="urn:sdmx:org.sdmx.infomodel.codelist.Code=IT1:CL_REFAREA(1.2).015051">
          <Name xml:lang="it" xmlns="http://www.sdmx.org/resources/sdmxml/schemas/v2_1/common">Carugate</Name>
          <Name xml:lang="en" xmlns="http://www.sdmx.org/resources/sdmxml/schemas/v2_1/common">Carugate</Name>
          <Parent>
            <Ref id="ITC45" xmlns="" />
          </Parent>
        </Code>
        <Code id="015052" urn="urn:sdmx:org.sdmx.infomodel.codelist.Code=IT1:CL_REFAREA(1.2).015052">
          <Name xml:lang="it" xmlns="http://www.sdmx.org/resources/sdmxml/schemas/v2_1/common">Casaletto Lodigiano</Name>
          <Name xml:lang="en" xmlns="http://www.sdmx.org/resources/sdmxml/schemas/v2_1/common">Casaletto Lodigiano</Name>
          <Parent>
            <Ref id="ITC45" xmlns="" />
          </Parent>
        </Code>
        <Code id="015053" urn="urn:sdmx:org.sdmx.infomodel.codelist.Code=IT1:CL_REFAREA(1.2).015053">
          <Name xml:lang="it" xmlns="http://www.sdmx.org/resources/sdmxml/schemas/v2_1/common">Casalmaiocco</Name>
          <Name xml:lang="en" xmlns="http://www.sdmx.org/resources/sdmxml/schemas/v2_1/common">Casalmaiocco</Name>
          <Parent>
            <Ref id="ITC45" xmlns="" />
          </Parent>
        </Code>
        <Code id="015054" urn="urn:sdmx:org.sdmx.infomodel.codelist.Code=IT1:CL_REFAREA(1.2).015054">
          <Name xml:lang="it" xmlns="http://www.sdmx.org/resources/sdmxml/schemas/v2_1/common">Casalpusterlengo</Name>
          <Name xml:lang="en" xmlns="http://www.sdmx.org/resources/sdmxml/schemas/v2_1/common">Casalpusterlengo</Name>
          <Parent>
            <Ref id="ITC45" xmlns="" />
          </Parent>
        </Code>
        <Code id="015055" urn="urn:sdmx:org.sdmx.infomodel.codelist.Code=IT1:CL_REFAREA(1.2).015055">
          <Name xml:lang="it" xmlns="http://www.sdmx.org/resources/sdmxml/schemas/v2_1/common">Casarile</Name>
          <Name xml:lang="en" xmlns="http://www.sdmx.org/resources/sdmxml/schemas/v2_1/common">Casarile</Name>
          <Parent>
            <Ref id="ITC45" xmlns="" />
          </Parent>
        </Code>
        <Code id="015056" urn="urn:sdmx:org.sdmx.infomodel.codelist.Code=IT1:CL_REFAREA(1.2).015056">
          <Name xml:lang="it" xmlns="http://www.sdmx.org/resources/sdmxml/schemas/v2_1/common">Caselle Landi</Name>
          <Name xml:lang="en" xmlns="http://www.sdmx.org/resources/sdmxml/schemas/v2_1/common">Caselle Landi</Name>
          <Parent>
            <Ref id="ITC45" xmlns="" />
          </Parent>
        </Code>
        <Code id="015057" urn="urn:sdmx:org.sdmx.infomodel.codelist.Code=IT1:CL_REFAREA(1.2).015057">
          <Name xml:lang="it" xmlns="http://www.sdmx.org/resources/sdmxml/schemas/v2_1/common">Caselle Lurani</Name>
          <Name xml:lang="en" xmlns="http://www.sdmx.org/resources/sdmxml/schemas/v2_1/common">Caselle Lurani</Name>
          <Parent>
            <Ref id="ITC45" xmlns="" />
          </Parent>
        </Code>
        <Code id="015058" urn="urn:sdmx:org.sdmx.infomodel.codelist.Code=IT1:CL_REFAREA(1.2).015058">
          <Name xml:lang="it" xmlns="http://www.sdmx.org/resources/sdmxml/schemas/v2_1/common">Casorezzo</Name>
          <Name xml:lang="en" xmlns="http://www.sdmx.org/resources/sdmxml/schemas/v2_1/common">Casorezzo</Name>
          <Parent>
            <Ref id="ITC45" xmlns="" />
          </Parent>
        </Code>
        <Code id="015059" urn="urn:sdmx:org.sdmx.infomodel.codelist.Code=IT1:CL_REFAREA(1.2).015059">
          <Name xml:lang="it" xmlns="http://www.sdmx.org/resources/sdmxml/schemas/v2_1/common">Cassano d'Adda</Name>
          <Name xml:lang="en" xmlns="http://www.sdmx.org/resources/sdmxml/schemas/v2_1/common">Cassano d'Adda</Name>
          <Parent>
            <Ref id="ITC45" xmlns="" />
          </Parent>
        </Code>
        <Code id="015060" urn="urn:sdmx:org.sdmx.infomodel.codelist.Code=IT1:CL_REFAREA(1.2).015060">
          <Name xml:lang="it" xmlns="http://www.sdmx.org/resources/sdmxml/schemas/v2_1/common">Cassina de' Pecchi</Name>
          <Name xml:lang="en" xmlns="http://www.sdmx.org/resources/sdmxml/schemas/v2_1/common">Cassina de' Pecchi</Name>
          <Parent>
            <Ref id="ITC45" xmlns="" />
          </Parent>
        </Code>
        <Code id="015061" urn="urn:sdmx:org.sdmx.infomodel.codelist.Code=IT1:CL_REFAREA(1.2).015061">
          <Name xml:lang="it" xmlns="http://www.sdmx.org/resources/sdmxml/schemas/v2_1/common">Cassinetta di Lugagnano</Name>
          <Name xml:lang="en" xmlns="http://www.sdmx.org/resources/sdmxml/schemas/v2_1/common">Cassinetta di Lugagnano</Name>
          <Parent>
            <Ref id="ITC45" xmlns="" />
          </Parent>
        </Code>
        <Code id="015062" urn="urn:sdmx:org.sdmx.infomodel.codelist.Code=IT1:CL_REFAREA(1.2).015062">
          <Name xml:lang="it" xmlns="http://www.sdmx.org/resources/sdmxml/schemas/v2_1/common">Castano Primo</Name>
          <Name xml:lang="en" xmlns="http://www.sdmx.org/resources/sdmxml/schemas/v2_1/common">Castano Primo</Name>
          <Parent>
            <Ref id="ITC45" xmlns="" />
          </Parent>
        </Code>
        <Code id="015063" urn="urn:sdmx:org.sdmx.infomodel.codelist.Code=IT1:CL_REFAREA(1.2).015063">
          <Name xml:lang="it" xmlns="http://www.sdmx.org/resources/sdmxml/schemas/v2_1/common">Castelnuovo Bocca d'Adda</Name>
          <Name xml:lang="en" xmlns="http://www.sdmx.org/resources/sdmxml/schemas/v2_1/common">Castelnuovo Bocca d'Adda</Name>
          <Parent>
            <Ref id="ITC45" xmlns="" />
          </Parent>
        </Code>
        <Code id="015064" urn="urn:sdmx:org.sdmx.infomodel.codelist.Code=IT1:CL_REFAREA(1.2).015064">
          <Name xml:lang="it" xmlns="http://www.sdmx.org/resources/sdmxml/schemas/v2_1/common">Castiglione d'Adda</Name>
          <Name xml:lang="en" xmlns="http://www.sdmx.org/resources/sdmxml/schemas/v2_1/common">Castiglione d'Adda</Name>
          <Parent>
            <Ref id="ITC45" xmlns="" />
          </Parent>
        </Code>
        <Code id="015065" urn="urn:sdmx:org.sdmx.infomodel.codelist.Code=IT1:CL_REFAREA(1.2).015065">
          <Name xml:lang="it" xmlns="http://www.sdmx.org/resources/sdmxml/schemas/v2_1/common">Castiraga Vidardo</Name>
          <Name xml:lang="en" xmlns="http://www.sdmx.org/resources/sdmxml/schemas/v2_1/common">Castiraga Vidardo</Name>
          <Parent>
            <Ref id="ITC45" xmlns="" />
          </Parent>
        </Code>
        <Code id="015066" urn="urn:sdmx:org.sdmx.infomodel.codelist.Code=IT1:CL_REFAREA(1.2).015066">
          <Name xml:lang="it" xmlns="http://www.sdmx.org/resources/sdmxml/schemas/v2_1/common">Cavacurta</Name>
          <Name xml:lang="en" xmlns="http://www.sdmx.org/resources/sdmxml/schemas/v2_1/common">Cavacurta</Name>
          <Parent>
            <Ref id="ITC45" xmlns="" />
          </Parent>
        </Code>
        <Code id="015067" urn="urn:sdmx:org.sdmx.infomodel.codelist.Code=IT1:CL_REFAREA(1.2).015067">
          <Name xml:lang="it" xmlns="http://www.sdmx.org/resources/sdmxml/schemas/v2_1/common">Cavenago d'Adda</Name>
          <Name xml:lang="en" xmlns="http://www.sdmx.org/resources/sdmxml/schemas/v2_1/common">Cavenago d'Adda</Name>
          <Parent>
            <Ref id="ITC45" xmlns="" />
          </Parent>
        </Code>
        <Code id="015068" urn="urn:sdmx:org.sdmx.infomodel.codelist.Code=IT1:CL_REFAREA(1.2).015068">
          <Name xml:lang="it" xmlns="http://www.sdmx.org/resources/sdmxml/schemas/v2_1/common">Cavenago di Brianza</Name>
          <Name xml:lang="en" xmlns="http://www.sdmx.org/resources/sdmxml/schemas/v2_1/common">Cavenago di Brianza</Name>
          <Parent>
            <Ref id="ITC45" xmlns="" />
          </Parent>
        </Code>
        <Code id="015069" urn="urn:sdmx:org.sdmx.infomodel.codelist.Code=IT1:CL_REFAREA(1.2).015069">
          <Name xml:lang="it" xmlns="http://www.sdmx.org/resources/sdmxml/schemas/v2_1/common">Ceriano Laghetto</Name>
          <Name xml:lang="en" xmlns="http://www.sdmx.org/resources/sdmxml/schemas/v2_1/common">Ceriano Laghetto</Name>
          <Parent>
            <Ref id="ITC45" xmlns="" />
          </Parent>
        </Code>
        <Code id="015070" urn="urn:sdmx:org.sdmx.infomodel.codelist.Code=IT1:CL_REFAREA(1.2).015070">
          <Name xml:lang="it" xmlns="http://www.sdmx.org/resources/sdmxml/schemas/v2_1/common">Cernusco sul Naviglio</Name>
          <Name xml:lang="en" xmlns="http://www.sdmx.org/resources/sdmxml/schemas/v2_1/common">Cernusco sul Naviglio</Name>
          <Parent>
            <Ref id="ITC45" xmlns="" />
          </Parent>
        </Code>
        <Code id="015071" urn="urn:sdmx:org.sdmx.infomodel.codelist.Code=IT1:CL_REFAREA(1.2).015071">
          <Name xml:lang="it" xmlns="http://www.sdmx.org/resources/sdmxml/schemas/v2_1/common">Cerro al Lambro</Name>
          <Name xml:lang="en" xmlns="http://www.sdmx.org/resources/sdmxml/schemas/v2_1/common">Cerro al Lambro</Name>
          <Parent>
            <Ref id="ITC45" xmlns="" />
          </Parent>
        </Code>
        <Code id="015072" urn="urn:sdmx:org.sdmx.infomodel.codelist.Code=IT1:CL_REFAREA(1.2).015072">
          <Name xml:lang="it" xmlns="http://www.sdmx.org/resources/sdmxml/schemas/v2_1/common">Cerro Maggiore</Name>
          <Name xml:lang="en" xmlns="http://www.sdmx.org/resources/sdmxml/schemas/v2_1/common">Cerro Maggiore</Name>
          <Parent>
            <Ref id="ITC45" xmlns="" />
          </Parent>
        </Code>
        <Code id="015073" urn="urn:sdmx:org.sdmx.infomodel.codelist.Code=IT1:CL_REFAREA(1.2).015073">
          <Name xml:lang="it" xmlns="http://www.sdmx.org/resources/sdmxml/schemas/v2_1/common">Cervignano d'Adda</Name>
          <Name xml:lang="en" xmlns="http://www.sdmx.org/resources/sdmxml/schemas/v2_1/common">Cervignano d'Adda</Name>
          <Parent>
            <Ref id="ITC45" xmlns="" />
          </Parent>
        </Code>
        <Code id="015074" urn="urn:sdmx:org.sdmx.infomodel.codelist.Code=IT1:CL_REFAREA(1.2).015074">
          <Name xml:lang="it" xmlns="http://www.sdmx.org/resources/sdmxml/schemas/v2_1/common">Cesano Boscone</Name>
          <Name xml:lang="en" xmlns="http://www.sdmx.org/resources/sdmxml/schemas/v2_1/common">Cesano Boscone</Name>
          <Parent>
            <Ref id="ITC45" xmlns="" />
          </Parent>
        </Code>
        <Code id="015075" urn="urn:sdmx:org.sdmx.infomodel.codelist.Code=IT1:CL_REFAREA(1.2).015075">
          <Name xml:lang="it" xmlns="http://www.sdmx.org/resources/sdmxml/schemas/v2_1/common">Cesano Maderno</Name>
          <Name xml:lang="en" xmlns="http://www.sdmx.org/resources/sdmxml/schemas/v2_1/common">Cesano Maderno</Name>
          <Parent>
            <Ref id="ITC45" xmlns="" />
          </Parent>
        </Code>
        <Code id="015076" urn="urn:sdmx:org.sdmx.infomodel.codelist.Code=IT1:CL_REFAREA(1.2).015076">
          <Name xml:lang="it" xmlns="http://www.sdmx.org/resources/sdmxml/schemas/v2_1/common">Cesate</Name>
          <Name xml:lang="en" xmlns="http://www.sdmx.org/resources/sdmxml/schemas/v2_1/common">Cesate</Name>
          <Parent>
            <Ref id="ITC45" xmlns="" />
          </Parent>
        </Code>
        <Code id="015077" urn="urn:sdmx:org.sdmx.infomodel.codelist.Code=IT1:CL_REFAREA(1.2).015077">
          <Name xml:lang="it" xmlns="http://www.sdmx.org/resources/sdmxml/schemas/v2_1/common">Cinisello Balsamo</Name>
          <Name xml:lang="en" xmlns="http://www.sdmx.org/resources/sdmxml/schemas/v2_1/common">Cinisello Balsamo</Name>
          <Parent>
            <Ref id="ITC45" xmlns="" />
          </Parent>
        </Code>
        <Code id="015078" urn="urn:sdmx:org.sdmx.infomodel.codelist.Code=IT1:CL_REFAREA(1.2).015078">
          <Name xml:lang="it" xmlns="http://www.sdmx.org/resources/sdmxml/schemas/v2_1/common">Cisliano</Name>
          <Name xml:lang="en" xmlns="http://www.sdmx.org/resources/sdmxml/schemas/v2_1/common">Cisliano</Name>
          <Parent>
            <Ref id="ITC45" xmlns="" />
          </Parent>
        </Code>
        <Code id="015079" urn="urn:sdmx:org.sdmx.infomodel.codelist.Code=IT1:CL_REFAREA(1.2).015079">
          <Name xml:lang="it" xmlns="http://www.sdmx.org/resources/sdmxml/schemas/v2_1/common">Codogno</Name>
          <Name xml:lang="en" xmlns="http://www.sdmx.org/resources/sdmxml/schemas/v2_1/common">Codogno</Name>
          <Parent>
            <Ref id="ITC45" xmlns="" />
          </Parent>
        </Code>
        <Code id="015080" urn="urn:sdmx:org.sdmx.infomodel.codelist.Code=IT1:CL_REFAREA(1.2).015080">
          <Name xml:lang="it" xmlns="http://www.sdmx.org/resources/sdmxml/schemas/v2_1/common">Cogliate</Name>
          <Name xml:lang="en" xmlns="http://www.sdmx.org/resources/sdmxml/schemas/v2_1/common">Cogliate</Name>
          <Parent>
            <Ref id="ITC45" xmlns="" />
          </Parent>
        </Code>
        <Code id="015081" urn="urn:sdmx:org.sdmx.infomodel.codelist.Code=IT1:CL_REFAREA(1.2).015081">
          <Name xml:lang="it" xmlns="http://www.sdmx.org/resources/sdmxml/schemas/v2_1/common">Cologno Monzese</Name>
          <Name xml:lang="en" xmlns="http://www.sdmx.org/resources/sdmxml/schemas/v2_1/common">Cologno Monzese</Name>
          <Parent>
            <Ref id="ITC45" xmlns="" />
          </Parent>
        </Code>
        <Code id="015082" urn="urn:sdmx:org.sdmx.infomodel.codelist.Code=IT1:CL_REFAREA(1.2).015082">
          <Name xml:lang="it" xmlns="http://www.sdmx.org/resources/sdmxml/schemas/v2_1/common">Colturano</Name>
          <Name xml:lang="en" xmlns="http://www.sdmx.org/resources/sdmxml/schemas/v2_1/common">Colturano</Name>
          <Parent>
            <Ref id="ITC45" xmlns="" />
          </Parent>
        </Code>
        <Code id="015083" urn="urn:sdmx:org.sdmx.infomodel.codelist.Code=IT1:CL_REFAREA(1.2).015083">
          <Name xml:lang="it" xmlns="http://www.sdmx.org/resources/sdmxml/schemas/v2_1/common">Comazzo</Name>
          <Name xml:lang="en" xmlns="http://www.sdmx.org/resources/sdmxml/schemas/v2_1/common">Comazzo</Name>
          <Parent>
            <Ref id="ITC45" xmlns="" />
          </Parent>
        </Code>
        <Code id="015084" urn="urn:sdmx:org.sdmx.infomodel.codelist.Code=IT1:CL_REFAREA(1.2).015084">
          <Name xml:lang="it" xmlns="http://www.sdmx.org/resources/sdmxml/schemas/v2_1/common">Concorezzo</Name>
          <Name xml:lang="en" xmlns="http://www.sdmx.org/resources/sdmxml/schemas/v2_1/common">Concorezzo</Name>
          <Parent>
            <Ref id="ITC45" xmlns="" />
          </Parent>
        </Code>
        <Code id="015085" urn="urn:sdmx:org.sdmx.infomodel.codelist.Code=IT1:CL_REFAREA(1.2).015085">
          <Name xml:lang="it" xmlns="http://www.sdmx.org/resources/sdmxml/schemas/v2_1/common">Corbetta</Name>
          <Name xml:lang="en" xmlns="http://www.sdmx.org/resources/sdmxml/schemas/v2_1/common">Corbetta</Name>
          <Parent>
            <Ref id="ITC45" xmlns="" />
          </Parent>
        </Code>
        <Code id="015086" urn="urn:sdmx:org.sdmx.infomodel.codelist.Code=IT1:CL_REFAREA(1.2).015086">
          <Name xml:lang="it" xmlns="http://www.sdmx.org/resources/sdmxml/schemas/v2_1/common">Cormano</Name>
          <Name xml:lang="en" xmlns="http://www.sdmx.org/resources/sdmxml/schemas/v2_1/common">Cormano</Name>
          <Parent>
            <Ref id="ITC45" xmlns="" />
          </Parent>
        </Code>
        <Code id="015087" urn="urn:sdmx:org.sdmx.infomodel.codelist.Code=IT1:CL_REFAREA(1.2).015087">
          <Name xml:lang="it" xmlns="http://www.sdmx.org/resources/sdmxml/schemas/v2_1/common">Cornaredo</Name>
          <Name xml:lang="en" xmlns="http://www.sdmx.org/resources/sdmxml/schemas/v2_1/common">Cornaredo</Name>
          <Parent>
            <Ref id="ITC45" xmlns="" />
          </Parent>
        </Code>
        <Code id="015088" urn="urn:sdmx:org.sdmx.infomodel.codelist.Code=IT1:CL_REFAREA(1.2).015088">
          <Name xml:lang="it" xmlns="http://www.sdmx.org/resources/sdmxml/schemas/v2_1/common">Cornate d'Adda</Name>
          <Name xml:lang="en" xmlns="http://www.sdmx.org/resources/sdmxml/schemas/v2_1/common">Cornate d'Adda</Name>
          <Parent>
            <Ref id="ITC45" xmlns="" />
          </Parent>
        </Code>
        <Code id="015089" urn="urn:sdmx:org.sdmx.infomodel.codelist.Code=IT1:CL_REFAREA(1.2).015089">
          <Name xml:lang="it" xmlns="http://www.sdmx.org/resources/sdmxml/schemas/v2_1/common">Cornegliano Laudense</Name>
          <Name xml:lang="en" xmlns="http://www.sdmx.org/resources/sdmxml/schemas/v2_1/common">Cornegliano Laudense</Name>
          <Parent>
            <Ref id="ITC45" xmlns="" />
          </Parent>
        </Code>
        <Code id="015090" urn="urn:sdmx:org.sdmx.infomodel.codelist.Code=IT1:CL_REFAREA(1.2).015090">
          <Name xml:lang="it" xmlns="http://www.sdmx.org/resources/sdmxml/schemas/v2_1/common">Corno Giovine</Name>
          <Name xml:lang="en" xmlns="http://www.sdmx.org/resources/sdmxml/schemas/v2_1/common">Corno Giovine</Name>
          <Parent>
            <Ref id="ITC45" xmlns="" />
          </Parent>
        </Code>
        <Code id="015091" urn="urn:sdmx:org.sdmx.infomodel.codelist.Code=IT1:CL_REFAREA(1.2).015091">
          <Name xml:lang="it" xmlns="http://www.sdmx.org/resources/sdmxml/schemas/v2_1/common">Cornovecchio</Name>
          <Name xml:lang="en" xmlns="http://www.sdmx.org/resources/sdmxml/schemas/v2_1/common">Cornovecchio</Name>
          <Parent>
            <Ref id="ITC45" xmlns="" />
          </Parent>
        </Code>
        <Code id="015092" urn="urn:sdmx:org.sdmx.infomodel.codelist.Code=IT1:CL_REFAREA(1.2).015092">
          <Name xml:lang="it" xmlns="http://www.sdmx.org/resources/sdmxml/schemas/v2_1/common">Correzzana</Name>
          <Name xml:lang="en" xmlns="http://www.sdmx.org/resources/sdmxml/schemas/v2_1/common">Correzzana</Name>
          <Parent>
            <Ref id="ITC45" xmlns="" />
          </Parent>
        </Code>
        <Code id="015093" urn="urn:sdmx:org.sdmx.infomodel.codelist.Code=IT1:CL_REFAREA(1.2).015093">
          <Name xml:lang="it" xmlns="http://www.sdmx.org/resources/sdmxml/schemas/v2_1/common">Corsico</Name>
          <Name xml:lang="en" xmlns="http://www.sdmx.org/resources/sdmxml/schemas/v2_1/common">Corsico</Name>
          <Parent>
            <Ref id="ITC45" xmlns="" />
          </Parent>
        </Code>
        <Code id="015094" urn="urn:sdmx:org.sdmx.infomodel.codelist.Code=IT1:CL_REFAREA(1.2).015094">
          <Name xml:lang="it" xmlns="http://www.sdmx.org/resources/sdmxml/schemas/v2_1/common">Corte Palasio</Name>
          <Name xml:lang="en" xmlns="http://www.sdmx.org/resources/sdmxml/schemas/v2_1/common">Corte Palasio</Name>
          <Parent>
            <Ref id="ITC45" xmlns="" />
          </Parent>
        </Code>
        <Code id="015095" urn="urn:sdmx:org.sdmx.infomodel.codelist.Code=IT1:CL_REFAREA(1.2).015095">
          <Name xml:lang="it" xmlns="http://www.sdmx.org/resources/sdmxml/schemas/v2_1/common">Crespiatica</Name>
          <Name xml:lang="en" xmlns="http://www.sdmx.org/resources/sdmxml/schemas/v2_1/common">Crespiatica</Name>
          <Parent>
            <Ref id="ITC45" xmlns="" />
          </Parent>
        </Code>
        <Code id="015096" urn="urn:sdmx:org.sdmx.infomodel.codelist.Code=IT1:CL_REFAREA(1.2).015096">
          <Name xml:lang="it" xmlns="http://www.sdmx.org/resources/sdmxml/schemas/v2_1/common">Cuggiono</Name>
          <Name xml:lang="en" xmlns="http://www.sdmx.org/resources/sdmxml/schemas/v2_1/common">Cuggiono</Name>
          <Parent>
            <Ref id="ITC45" xmlns="" />
          </Parent>
        </Code>
        <Code id="015097" urn="urn:sdmx:org.sdmx.infomodel.codelist.Code=IT1:CL_REFAREA(1.2).015097">
          <Name xml:lang="it" xmlns="http://www.sdmx.org/resources/sdmxml/schemas/v2_1/common">Cusago</Name>
          <Name xml:lang="en" xmlns="http://www.sdmx.org/resources/sdmxml/schemas/v2_1/common">Cusago</Name>
          <Parent>
            <Ref id="ITC45" xmlns="" />
          </Parent>
        </Code>
        <Code id="015098" urn="urn:sdmx:org.sdmx.infomodel.codelist.Code=IT1:CL_REFAREA(1.2).015098">
          <Name xml:lang="it" xmlns="http://www.sdmx.org/resources/sdmxml/schemas/v2_1/common">Cusano Milanino</Name>
          <Name xml:lang="en" xmlns="http://www.sdmx.org/resources/sdmxml/schemas/v2_1/common">Cusano Milanino</Name>
          <Parent>
            <Ref id="ITC45" xmlns="" />
          </Parent>
        </Code>
        <Code id="015099" urn="urn:sdmx:org.sdmx.infomodel.codelist.Code=IT1:CL_REFAREA(1.2).015099">
          <Name xml:lang="it" xmlns="http://www.sdmx.org/resources/sdmxml/schemas/v2_1/common">Dairago</Name>
          <Name xml:lang="en" xmlns="http://www.sdmx.org/resources/sdmxml/schemas/v2_1/common">Dairago</Name>
          <Parent>
            <Ref id="ITC45" xmlns="" />
          </Parent>
        </Code>
        <Code id="015100" urn="urn:sdmx:org.sdmx.infomodel.codelist.Code=IT1:CL_REFAREA(1.2).015100">
          <Name xml:lang="it" xmlns="http://www.sdmx.org/resources/sdmxml/schemas/v2_1/common">Desio</Name>
          <Name xml:lang="en" xmlns="http://www.sdmx.org/resources/sdmxml/schemas/v2_1/common">Desio</Name>
          <Parent>
            <Ref id="ITC45" xmlns="" />
          </Parent>
        </Code>
        <Code id="015101" urn="urn:sdmx:org.sdmx.infomodel.codelist.Code=IT1:CL_REFAREA(1.2).015101">
          <Name xml:lang="it" xmlns="http://www.sdmx.org/resources/sdmxml/schemas/v2_1/common">Dresano</Name>
          <Name xml:lang="en" xmlns="http://www.sdmx.org/resources/sdmxml/schemas/v2_1/common">Dresano</Name>
          <Parent>
            <Ref id="ITC45" xmlns="" />
          </Parent>
        </Code>
        <Code id="015102" urn="urn:sdmx:org.sdmx.infomodel.codelist.Code=IT1:CL_REFAREA(1.2).015102">
          <Name xml:lang="it" xmlns="http://www.sdmx.org/resources/sdmxml/schemas/v2_1/common">Fombio</Name>
          <Name xml:lang="en" xmlns="http://www.sdmx.org/resources/sdmxml/schemas/v2_1/common">Fombio</Name>
          <Parent>
            <Ref id="ITC45" xmlns="" />
          </Parent>
        </Code>
        <Code id="015103" urn="urn:sdmx:org.sdmx.infomodel.codelist.Code=IT1:CL_REFAREA(1.2).015103">
          <Name xml:lang="it" xmlns="http://www.sdmx.org/resources/sdmxml/schemas/v2_1/common">Gaggiano</Name>
          <Name xml:lang="en" xmlns="http://www.sdmx.org/resources/sdmxml/schemas/v2_1/common">Gaggiano</Name>
          <Parent>
            <Ref id="ITC45" xmlns="" />
          </Parent>
        </Code>
        <Code id="015104" urn="urn:sdmx:org.sdmx.infomodel.codelist.Code=IT1:CL_REFAREA(1.2).015104">
          <Name xml:lang="it" xmlns="http://www.sdmx.org/resources/sdmxml/schemas/v2_1/common">Galgagnano</Name>
          <Name xml:lang="en" xmlns="http://www.sdmx.org/resources/sdmxml/schemas/v2_1/common">Galgagnano</Name>
          <Parent>
            <Ref id="ITC45" xmlns="" />
          </Parent>
        </Code>
        <Code id="015105" urn="urn:sdmx:org.sdmx.infomodel.codelist.Code=IT1:CL_REFAREA(1.2).015105">
          <Name xml:lang="it" xmlns="http://www.sdmx.org/resources/sdmxml/schemas/v2_1/common">Garbagnate Milanese</Name>
          <Name xml:lang="en" xmlns="http://www.sdmx.org/resources/sdmxml/schemas/v2_1/common">Garbagnate Milanese</Name>
          <Parent>
            <Ref id="ITC45" xmlns="" />
          </Parent>
        </Code>
        <Code id="015106" urn="urn:sdmx:org.sdmx.infomodel.codelist.Code=IT1:CL_REFAREA(1.2).015106">
          <Name xml:lang="it" xmlns="http://www.sdmx.org/resources/sdmxml/schemas/v2_1/common">Gessate</Name>
          <Name xml:lang="en" xmlns="http://www.sdmx.org/resources/sdmxml/schemas/v2_1/common">Gessate</Name>
          <Parent>
            <Ref id="ITC45" xmlns="" />
          </Parent>
        </Code>
        <Code id="015107" urn="urn:sdmx:org.sdmx.infomodel.codelist.Code=IT1:CL_REFAREA(1.2).015107">
          <Name xml:lang="it" xmlns="http://www.sdmx.org/resources/sdmxml/schemas/v2_1/common">Giussano</Name>
          <Name xml:lang="en" xmlns="http://www.sdmx.org/resources/sdmxml/schemas/v2_1/common">Giussano</Name>
          <Parent>
            <Ref id="ITC45" xmlns="" />
          </Parent>
        </Code>
        <Code id="015108" urn="urn:sdmx:org.sdmx.infomodel.codelist.Code=IT1:CL_REFAREA(1.2).015108">
          <Name xml:lang="it" xmlns="http://www.sdmx.org/resources/sdmxml/schemas/v2_1/common">Gorgonzola</Name>
          <Name xml:lang="en" xmlns="http://www.sdmx.org/resources/sdmxml/schemas/v2_1/common">Gorgonzola</Name>
          <Parent>
            <Ref id="ITC45" xmlns="" />
          </Parent>
        </Code>
        <Code id="015109" urn="urn:sdmx:org.sdmx.infomodel.codelist.Code=IT1:CL_REFAREA(1.2).015109">
          <Name xml:lang="it" xmlns="http://www.sdmx.org/resources/sdmxml/schemas/v2_1/common">Graffignana</Name>
          <Name xml:lang="en" xmlns="http://www.sdmx.org/resources/sdmxml/schemas/v2_1/common">Graffignana</Name>
          <Parent>
            <Ref id="ITC45" xmlns="" />
          </Parent>
        </Code>
        <Code id="015110" urn="urn:sdmx:org.sdmx.infomodel.codelist.Code=IT1:CL_REFAREA(1.2).015110">
          <Name xml:lang="it" xmlns="http://www.sdmx.org/resources/sdmxml/schemas/v2_1/common">Grezzago</Name>
          <Name xml:lang="en" xmlns="http://www.sdmx.org/resources/sdmxml/schemas/v2_1/common">Grezzago</Name>
          <Parent>
            <Ref id="ITC45" xmlns="" />
          </Parent>
        </Code>
        <Code id="015111" urn="urn:sdmx:org.sdmx.infomodel.codelist.Code=IT1:CL_REFAREA(1.2).015111">
          <Name xml:lang="it" xmlns="http://www.sdmx.org/resources/sdmxml/schemas/v2_1/common">Guardamiglio</Name>
          <Name xml:lang="en" xmlns="http://www.sdmx.org/resources/sdmxml/schemas/v2_1/common">Guardamiglio</Name>
          <Parent>
            <Ref id="ITC45" xmlns="" />
          </Parent>
        </Code>
        <Code id="015112" urn="urn:sdmx:org.sdmx.infomodel.codelist.Code=IT1:CL_REFAREA(1.2).015112">
          <Name xml:lang="it" xmlns="http://www.sdmx.org/resources/sdmxml/schemas/v2_1/common">Gudo Visconti</Name>
          <Name xml:lang="en" xmlns="http://www.sdmx.org/resources/sdmxml/schemas/v2_1/common">Gudo Visconti</Name>
          <Parent>
            <Ref id="ITC45" xmlns="" />
          </Parent>
        </Code>
        <Code id="015113" urn="urn:sdmx:org.sdmx.infomodel.codelist.Code=IT1:CL_REFAREA(1.2).015113">
          <Name xml:lang="it" xmlns="http://www.sdmx.org/resources/sdmxml/schemas/v2_1/common">Inveruno</Name>
          <Name xml:lang="en" xmlns="http://www.sdmx.org/resources/sdmxml/schemas/v2_1/common">Inveruno</Name>
          <Parent>
            <Ref id="ITC45" xmlns="" />
          </Parent>
        </Code>
        <Code id="015114" urn="urn:sdmx:org.sdmx.infomodel.codelist.Code=IT1:CL_REFAREA(1.2).015114">
          <Name xml:lang="it" xmlns="http://www.sdmx.org/resources/sdmxml/schemas/v2_1/common">Inzago</Name>
          <Name xml:lang="en" xmlns="http://www.sdmx.org/resources/sdmxml/schemas/v2_1/common">Inzago</Name>
          <Parent>
            <Ref id="ITC45" xmlns="" />
          </Parent>
        </Code>
        <Code id="015115" urn="urn:sdmx:org.sdmx.infomodel.codelist.Code=IT1:CL_REFAREA(1.2).015115">
          <Name xml:lang="it" xmlns="http://www.sdmx.org/resources/sdmxml/schemas/v2_1/common">Lacchiarella</Name>
          <Name xml:lang="en" xmlns="http://www.sdmx.org/resources/sdmxml/schemas/v2_1/common">Lacchiarella</Name>
          <Parent>
            <Ref id="ITC45" xmlns="" />
          </Parent>
        </Code>
        <Code id="015116" urn="urn:sdmx:org.sdmx.infomodel.codelist.Code=IT1:CL_REFAREA(1.2).015116">
          <Name xml:lang="it" xmlns="http://www.sdmx.org/resources/sdmxml/schemas/v2_1/common">Lainate</Name>
          <Name xml:lang="en" xmlns="http://www.sdmx.org/resources/sdmxml/schemas/v2_1/common">Lainate</Name>
          <Parent>
            <Ref id="ITC45" xmlns="" />
          </Parent>
        </Code>
        <Code id="015117" urn="urn:sdmx:org.sdmx.infomodel.codelist.Code=IT1:CL_REFAREA(1.2).015117">
          <Name xml:lang="it" xmlns="http://www.sdmx.org/resources/sdmxml/schemas/v2_1/common">Lazzate</Name>
          <Name xml:lang="en" xmlns="http://www.sdmx.org/resources/sdmxml/schemas/v2_1/common">Lazzate</Name>
          <Parent>
            <Ref id="ITC45" xmlns="" />
          </Parent>
        </Code>
        <Code id="015118" urn="urn:sdmx:org.sdmx.infomodel.codelist.Code=IT1:CL_REFAREA(1.2).015118">
          <Name xml:lang="it" xmlns="http://www.sdmx.org/resources/sdmxml/schemas/v2_1/common">Legnano</Name>
          <Name xml:lang="en" xmlns="http://www.sdmx.org/resources/sdmxml/schemas/v2_1/common">Legnano</Name>
          <Parent>
            <Ref id="ITC45" xmlns="" />
          </Parent>
        </Code>
        <Code id="015119" urn="urn:sdmx:org.sdmx.infomodel.codelist.Code=IT1:CL_REFAREA(1.2).015119">
          <Name xml:lang="it" xmlns="http://www.sdmx.org/resources/sdmxml/schemas/v2_1/common">Lentate sul Seveso</Name>
          <Name xml:lang="en" xmlns="http://www.sdmx.org/resources/sdmxml/schemas/v2_1/common">Lentate sul Seveso</Name>
          <Parent>
            <Ref id="ITC45" xmlns="" />
          </Parent>
        </Code>
        <Code id="015120" urn="urn:sdmx:org.sdmx.infomodel.codelist.Code=IT1:CL_REFAREA(1.2).015120">
          <Name xml:lang="it" xmlns="http://www.sdmx.org/resources/sdmxml/schemas/v2_1/common">Lesmo</Name>
          <Name xml:lang="en" xmlns="http://www.sdmx.org/resources/sdmxml/schemas/v2_1/common">Lesmo</Name>
          <Parent>
            <Ref id="ITC45" xmlns="" />
          </Parent>
        </Code>
        <Code id="015121" urn="urn:sdmx:org.sdmx.infomodel.codelist.Code=IT1:CL_REFAREA(1.2).015121">
          <Name xml:lang="it" xmlns="http://www.sdmx.org/resources/sdmxml/schemas/v2_1/common">Limbiate</Name>
          <Name xml:lang="en" xmlns="http://www.sdmx.org/resources/sdmxml/schemas/v2_1/common">Limbiate</Name>
          <Parent>
            <Ref id="ITC45" xmlns="" />
          </Parent>
        </Code>
        <Code id="015122" urn="urn:sdmx:org.sdmx.infomodel.codelist.Code=IT1:CL_REFAREA(1.2).015122">
          <Name xml:lang="it" xmlns="http://www.sdmx.org/resources/sdmxml/schemas/v2_1/common">Liscate</Name>
          <Name xml:lang="en" xmlns="http://www.sdmx.org/resources/sdmxml/schemas/v2_1/common">Liscate</Name>
          <Parent>
            <Ref id="ITC45" xmlns="" />
          </Parent>
        </Code>
        <Code id="015123" urn="urn:sdmx:org.sdmx.infomodel.codelist.Code=IT1:CL_REFAREA(1.2).015123">
          <Name xml:lang="it" xmlns="http://www.sdmx.org/resources/sdmxml/schemas/v2_1/common">Lissone</Name>
          <Name xml:lang="en" xmlns="http://www.sdmx.org/resources/sdmxml/schemas/v2_1/common">Lissone</Name>
          <Parent>
            <Ref id="ITC45" xmlns="" />
          </Parent>
        </Code>
        <Code id="015124" urn="urn:sdmx:org.sdmx.infomodel.codelist.Code=IT1:CL_REFAREA(1.2).015124">
          <Name xml:lang="it" xmlns="http://www.sdmx.org/resources/sdmxml/schemas/v2_1/common">Livraga</Name>
          <Name xml:lang="en" xmlns="http://www.sdmx.org/resources/sdmxml/schemas/v2_1/common">Livraga</Name>
          <Parent>
            <Ref id="ITC45" xmlns="" />
          </Parent>
        </Code>
        <Code id="015125" urn="urn:sdmx:org.sdmx.infomodel.codelist.Code=IT1:CL_REFAREA(1.2).015125">
          <Name xml:lang="it" xmlns="http://www.sdmx.org/resources/sdmxml/schemas/v2_1/common">Locate di Triulzi</Name>
          <Name xml:lang="en" xmlns="http://www.sdmx.org/resources/sdmxml/schemas/v2_1/common">Locate di Triulzi</Name>
          <Parent>
            <Ref id="ITC45" xmlns="" />
          </Parent>
        </Code>
        <Code id="015126" urn="urn:sdmx:org.sdmx.infomodel.codelist.Code=IT1:CL_REFAREA(1.2).015126">
          <Name xml:lang="it" xmlns="http://www.sdmx.org/resources/sdmxml/schemas/v2_1/common">Lodi</Name>
          <Name xml:lang="en" xmlns="http://www.sdmx.org/resources/sdmxml/schemas/v2_1/common">Lodi</Name>
          <Parent>
            <Ref id="ITC45" xmlns="" />
          </Parent>
        </Code>
        <Code id="015127" urn="urn:sdmx:org.sdmx.infomodel.codelist.Code=IT1:CL_REFAREA(1.2).015127">
          <Name xml:lang="it" xmlns="http://www.sdmx.org/resources/sdmxml/schemas/v2_1/common">Lodi Vecchio</Name>
          <Name xml:lang="en" xmlns="http://www.sdmx.org/resources/sdmxml/schemas/v2_1/common">Lodi Vecchio</Name>
          <Parent>
            <Ref id="ITC45" xmlns="" />
          </Parent>
        </Code>
        <Code id="015128" urn="urn:sdmx:org.sdmx.infomodel.codelist.Code=IT1:CL_REFAREA(1.2).015128">
          <Name xml:lang="it" xmlns="http://www.sdmx.org/resources/sdmxml/schemas/v2_1/common">Maccastorna</Name>
          <Name xml:lang="en" xmlns="http://www.sdmx.org/resources/sdmxml/schemas/v2_1/common">Maccastorna</Name>
          <Parent>
            <Ref id="ITC45" xmlns="" />
          </Parent>
        </Code>
        <Code id="015129" urn="urn:sdmx:org.sdmx.infomodel.codelist.Code=IT1:CL_REFAREA(1.2).015129">
          <Name xml:lang="it" xmlns="http://www.sdmx.org/resources/sdmxml/schemas/v2_1/common">Macherio</Name>
          <Name xml:lang="en" xmlns="http://www.sdmx.org/resources/sdmxml/schemas/v2_1/common">Macherio</Name>
          <Parent>
            <Ref id="ITC45" xmlns="" />
          </Parent>
        </Code>
        <Code id="015130" urn="urn:sdmx:org.sdmx.infomodel.codelist.Code=IT1:CL_REFAREA(1.2).015130">
          <Name xml:lang="it" xmlns="http://www.sdmx.org/resources/sdmxml/schemas/v2_1/common">Magenta</Name>
          <Name xml:lang="en" xmlns="http://www.sdmx.org/resources/sdmxml/schemas/v2_1/common">Magenta</Name>
          <Parent>
            <Ref id="ITC45" xmlns="" />
          </Parent>
        </Code>
        <Code id="015131" urn="urn:sdmx:org.sdmx.infomodel.codelist.Code=IT1:CL_REFAREA(1.2).015131">
          <Name xml:lang="it" xmlns="http://www.sdmx.org/resources/sdmxml/schemas/v2_1/common">Magnago</Name>
          <Name xml:lang="en" xmlns="http://www.sdmx.org/resources/sdmxml/schemas/v2_1/common">Magnago</Name>
          <Parent>
            <Ref id="ITC45" xmlns="" />
          </Parent>
        </Code>
        <Code id="015132" urn="urn:sdmx:org.sdmx.infomodel.codelist.Code=IT1:CL_REFAREA(1.2).015132">
          <Name xml:lang="it" xmlns="http://www.sdmx.org/resources/sdmxml/schemas/v2_1/common">Mairago</Name>
          <Name xml:lang="en" xmlns="http://www.sdmx.org/resources/sdmxml/schemas/v2_1/common">Mairago</Name>
          <Parent>
            <Ref id="ITC45" xmlns="" />
          </Parent>
        </Code>
        <Code id="015133" urn="urn:sdmx:org.sdmx.infomodel.codelist.Code=IT1:CL_REFAREA(1.2).015133">
          <Name xml:lang="it" xmlns="http://www.sdmx.org/resources/sdmxml/schemas/v2_1/common">Maleo</Name>
          <Name xml:lang="en" xmlns="http://www.sdmx.org/resources/sdmxml/schemas/v2_1/common">Maleo</Name>
          <Parent>
            <Ref id="ITC45" xmlns="" />
          </Parent>
        </Code>
        <Code id="015134" urn="urn:sdmx:org.sdmx.infomodel.codelist.Code=IT1:CL_REFAREA(1.2).015134">
          <Name xml:lang="it" xmlns="http://www.sdmx.org/resources/sdmxml/schemas/v2_1/common">Marcallo con Casone</Name>
          <Name xml:lang="en" xmlns="http://www.sdmx.org/resources/sdmxml/schemas/v2_1/common">Marcallo con Casone</Name>
          <Parent>
            <Ref id="ITC45" xmlns="" />
          </Parent>
        </Code>
        <Code id="015135" urn="urn:sdmx:org.sdmx.infomodel.codelist.Code=IT1:CL_REFAREA(1.2).015135">
          <Name xml:lang="it" xmlns="http://www.sdmx.org/resources/sdmxml/schemas/v2_1/common">Marudo</Name>
          <Name xml:lang="en" xmlns="http://www.sdmx.org/resources/sdmxml/schemas/v2_1/common">Marudo</Name>
          <Parent>
            <Ref id="ITC45" xmlns="" />
          </Parent>
        </Code>
        <Code id="015136" urn="urn:sdmx:org.sdmx.infomodel.codelist.Code=IT1:CL_REFAREA(1.2).015136">
          <Name xml:lang="it" xmlns="http://www.sdmx.org/resources/sdmxml/schemas/v2_1/common">Masate</Name>
          <Name xml:lang="en" xmlns="http://www.sdmx.org/resources/sdmxml/schemas/v2_1/common">Masate</Name>
          <Parent>
            <Ref id="ITC45" xmlns="" />
          </Parent>
        </Code>
        <Code id="015137" urn="urn:sdmx:org.sdmx.infomodel.codelist.Code=IT1:CL_REFAREA(1.2).015137">
          <Name xml:lang="it" xmlns="http://www.sdmx.org/resources/sdmxml/schemas/v2_1/common">Massalengo</Name>
          <Name xml:lang="en" xmlns="http://www.sdmx.org/resources/sdmxml/schemas/v2_1/common">Massalengo</Name>
          <Parent>
            <Ref id="ITC45" xmlns="" />
          </Parent>
        </Code>
        <Code id="015138" urn="urn:sdmx:org.sdmx.infomodel.codelist.Code=IT1:CL_REFAREA(1.2).015138">
          <Name xml:lang="it" xmlns="http://www.sdmx.org/resources/sdmxml/schemas/v2_1/common">Meda</Name>
          <Name xml:lang="en" xmlns="http://www.sdmx.org/resources/sdmxml/schemas/v2_1/common">Meda</Name>
          <Parent>
            <Ref id="ITC45" xmlns="" />
          </Parent>
        </Code>
        <Code id="015139" urn="urn:sdmx:org.sdmx.infomodel.codelist.Code=IT1:CL_REFAREA(1.2).015139">
          <Name xml:lang="it" xmlns="http://www.sdmx.org/resources/sdmxml/schemas/v2_1/common">Mediglia</Name>
          <Name xml:lang="en" xmlns="http://www.sdmx.org/resources/sdmxml/schemas/v2_1/common">Mediglia</Name>
          <Parent>
            <Ref id="ITC45" xmlns="" />
          </Parent>
        </Code>
        <Code id="015140" urn="urn:sdmx:org.sdmx.infomodel.codelist.Code=IT1:CL_REFAREA(1.2).015140">
          <Name xml:lang="it" xmlns="http://www.sdmx.org/resources/sdmxml/schemas/v2_1/common">Melegnano</Name>
          <Name xml:lang="en" xmlns="http://www.sdmx.org/resources/sdmxml/schemas/v2_1/common">Melegnano</Name>
          <Parent>
            <Ref id="ITC45" xmlns="" />
          </Parent>
        </Code>
        <Code id="015141" urn="urn:sdmx:org.sdmx.infomodel.codelist.Code=IT1:CL_REFAREA(1.2).015141">
          <Name xml:lang="it" xmlns="http://www.sdmx.org/resources/sdmxml/schemas/v2_1/common">Meleti</Name>
          <Name xml:lang="en" xmlns="http://www.sdmx.org/resources/sdmxml/schemas/v2_1/common">Meleti</Name>
          <Parent>
            <Ref id="ITC45" xmlns="" />
          </Parent>
        </Code>
        <Code id="015142" urn="urn:sdmx:org.sdmx.infomodel.codelist.Code=IT1:CL_REFAREA(1.2).015142">
          <Name xml:lang="it" xmlns="http://www.sdmx.org/resources/sdmxml/schemas/v2_1/common">Melzo</Name>
          <Name xml:lang="en" xmlns="http://www.sdmx.org/resources/sdmxml/schemas/v2_1/common">Melzo</Name>
          <Parent>
            <Ref id="ITC45" xmlns="" />
          </Parent>
        </Code>
        <Code id="015143" urn="urn:sdmx:org.sdmx.infomodel.codelist.Code=IT1:CL_REFAREA(1.2).015143">
          <Name xml:lang="it" xmlns="http://www.sdmx.org/resources/sdmxml/schemas/v2_1/common">Merlino</Name>
          <Name xml:lang="en" xmlns="http://www.sdmx.org/resources/sdmxml/schemas/v2_1/common">Merlino</Name>
          <Parent>
            <Ref id="ITC45" xmlns="" />
          </Parent>
        </Code>
        <Code id="015144" urn="urn:sdmx:org.sdmx.infomodel.codelist.Code=IT1:CL_REFAREA(1.2).015144">
          <Name xml:lang="it" xmlns="http://www.sdmx.org/resources/sdmxml/schemas/v2_1/common">Mesero</Name>
          <Name xml:lang="en" xmlns="http://www.sdmx.org/resources/sdmxml/schemas/v2_1/common">Mesero</Name>
          <Parent>
            <Ref id="ITC45" xmlns="" />
          </Parent>
        </Code>
        <Code id="015145" urn="urn:sdmx:org.sdmx.infomodel.codelist.Code=IT1:CL_REFAREA(1.2).015145">
          <Name xml:lang="it" xmlns="http://www.sdmx.org/resources/sdmxml/schemas/v2_1/common">Mezzago</Name>
          <Name xml:lang="en" xmlns="http://www.sdmx.org/resources/sdmxml/schemas/v2_1/common">Mezzago</Name>
          <Parent>
            <Ref id="ITC45" xmlns="" />
          </Parent>
        </Code>
        <Code id="015146" urn="urn:sdmx:org.sdmx.infomodel.codelist.Code=IT1:CL_REFAREA(1.2).015146">
          <Name xml:lang="it" xmlns="http://www.sdmx.org/resources/sdmxml/schemas/v2_1/common">Milano</Name>
          <Name xml:lang="en" xmlns="http://www.sdmx.org/resources/sdmxml/schemas/v2_1/common">Milano</Name>
          <Parent>
            <Ref id="ITC45" xmlns="" />
          </Parent>
        </Code>
        <Code id="015147" urn="urn:sdmx:org.sdmx.infomodel.codelist.Code=IT1:CL_REFAREA(1.2).015147">
          <Name xml:lang="it" xmlns="http://www.sdmx.org/resources/sdmxml/schemas/v2_1/common">Misinto</Name>
          <Name xml:lang="en" xmlns="http://www.sdmx.org/resources/sdmxml/schemas/v2_1/common">Misinto</Name>
          <Parent>
            <Ref id="ITC45" xmlns="" />
          </Parent>
        </Code>
        <Code id="015148" urn="urn:sdmx:org.sdmx.infomodel.codelist.Code=IT1:CL_REFAREA(1.2).015148">
          <Name xml:lang="it" xmlns="http://www.sdmx.org/resources/sdmxml/schemas/v2_1/common">Montanaso Lombardo</Name>
          <Name xml:lang="en" xmlns="http://www.sdmx.org/resources/sdmxml/schemas/v2_1/common">Montanaso Lombardo</Name>
          <Parent>
            <Ref id="ITC45" xmlns="" />
          </Parent>
        </Code>
        <Code id="015149" urn="urn:sdmx:org.sdmx.infomodel.codelist.Code=IT1:CL_REFAREA(1.2).015149">
          <Name xml:lang="it" xmlns="http://www.sdmx.org/resources/sdmxml/schemas/v2_1/common">Monza</Name>
          <Name xml:lang="en" xmlns="http://www.sdmx.org/resources/sdmxml/schemas/v2_1/common">Monza</Name>
          <Parent>
            <Ref id="ITC45" xmlns="" />
          </Parent>
        </Code>
        <Code id="015150" urn="urn:sdmx:org.sdmx.infomodel.codelist.Code=IT1:CL_REFAREA(1.2).015150">
          <Name xml:lang="it" xmlns="http://www.sdmx.org/resources/sdmxml/schemas/v2_1/common">Morimondo</Name>
          <Name xml:lang="en" xmlns="http://www.sdmx.org/resources/sdmxml/schemas/v2_1/common">Morimondo</Name>
          <Parent>
            <Ref id="ITC45" xmlns="" />
          </Parent>
        </Code>
        <Code id="015151" urn="urn:sdmx:org.sdmx.infomodel.codelist.Code=IT1:CL_REFAREA(1.2).015151">
          <Name xml:lang="it" xmlns="http://www.sdmx.org/resources/sdmxml/schemas/v2_1/common">Motta Visconti</Name>
          <Name xml:lang="en" xmlns="http://www.sdmx.org/resources/sdmxml/schemas/v2_1/common">Motta Visconti</Name>
          <Parent>
            <Ref id="ITC45" xmlns="" />
          </Parent>
        </Code>
        <Code id="015152" urn="urn:sdmx:org.sdmx.infomodel.codelist.Code=IT1:CL_REFAREA(1.2).015152">
          <Name xml:lang="it" xmlns="http://www.sdmx.org/resources/sdmxml/schemas/v2_1/common">Muggiò</Name>
          <Name xml:lang="en" xmlns="http://www.sdmx.org/resources/sdmxml/schemas/v2_1/common">Muggiò</Name>
          <Parent>
            <Ref id="ITC45" xmlns="" />
          </Parent>
        </Code>
        <Code id="015153" urn="urn:sdmx:org.sdmx.infomodel.codelist.Code=IT1:CL_REFAREA(1.2).015153">
          <Name xml:lang="it" xmlns="http://www.sdmx.org/resources/sdmxml/schemas/v2_1/common">Mulazzano</Name>
          <Name xml:lang="en" xmlns="http://www.sdmx.org/resources/sdmxml/schemas/v2_1/common">Mulazzano</Name>
          <Parent>
            <Ref id="ITC45" xmlns="" />
          </Parent>
        </Code>
        <Code id="015154" urn="urn:sdmx:org.sdmx.infomodel.codelist.Code=IT1:CL_REFAREA(1.2).015154">
          <Name xml:lang="it" xmlns="http://www.sdmx.org/resources/sdmxml/schemas/v2_1/common">Nerviano</Name>
          <Name xml:lang="en" xmlns="http://www.sdmx.org/resources/sdmxml/schemas/v2_1/common">Nerviano</Name>
          <Parent>
            <Ref id="ITC45" xmlns="" />
          </Parent>
        </Code>
        <Code id="015155" urn="urn:sdmx:org.sdmx.infomodel.codelist.Code=IT1:CL_REFAREA(1.2).015155">
          <Name xml:lang="it" xmlns="http://www.sdmx.org/resources/sdmxml/schemas/v2_1/common">Nosate</Name>
          <Name xml:lang="en" xmlns="http://www.sdmx.org/resources/sdmxml/schemas/v2_1/common">Nosate</Name>
          <Parent>
            <Ref id="ITC45" xmlns="" />
          </Parent>
        </Code>
        <Code id="015156" urn="urn:sdmx:org.sdmx.infomodel.codelist.Code=IT1:CL_REFAREA(1.2).015156">
          <Name xml:lang="it" xmlns="http://www.sdmx.org/resources/sdmxml/schemas/v2_1/common">Nova Milanese</Name>
          <Name xml:lang="en" xmlns="http://www.sdmx.org/resources/sdmxml/schemas/v2_1/common">Nova Milanese</Name>
          <Parent>
            <Ref id="ITC45" xmlns="" />
          </Parent>
        </Code>
        <Code id="015157" urn="urn:sdmx:org.sdmx.infomodel.codelist.Code=IT1:CL_REFAREA(1.2).015157">
          <Name xml:lang="it" xmlns="http://www.sdmx.org/resources/sdmxml/schemas/v2_1/common">Novate Milanese</Name>
          <Name xml:lang="en" xmlns="http://www.sdmx.org/resources/sdmxml/schemas/v2_1/common">Novate Milanese</Name>
          <Parent>
            <Ref id="ITC45" xmlns="" />
          </Parent>
        </Code>
        <Code id="015158" urn="urn:sdmx:org.sdmx.infomodel.codelist.Code=IT1:CL_REFAREA(1.2).015158">
          <Name xml:lang="it" xmlns="http://www.sdmx.org/resources/sdmxml/schemas/v2_1/common">Noviglio</Name>
          <Name xml:lang="en" xmlns="http://www.sdmx.org/resources/sdmxml/schemas/v2_1/common">Noviglio</Name>
          <Parent>
            <Ref id="ITC45" xmlns="" />
          </Parent>
        </Code>
        <Code id="015159" urn="urn:sdmx:org.sdmx.infomodel.codelist.Code=IT1:CL_REFAREA(1.2).015159">
          <Name xml:lang="it" xmlns="http://www.sdmx.org/resources/sdmxml/schemas/v2_1/common">Opera</Name>
          <Name xml:lang="en" xmlns="http://www.sdmx.org/resources/sdmxml/schemas/v2_1/common">Opera</Name>
          <Parent>
            <Ref id="ITC45" xmlns="" />
          </Parent>
        </Code>
        <Code id="015160" urn="urn:sdmx:org.sdmx.infomodel.codelist.Code=IT1:CL_REFAREA(1.2).015160">
          <Name xml:lang="it" xmlns="http://www.sdmx.org/resources/sdmxml/schemas/v2_1/common">Orio Litta</Name>
          <Name xml:lang="en" xmlns="http://www.sdmx.org/resources/sdmxml/schemas/v2_1/common">Orio Litta</Name>
          <Parent>
            <Ref id="ITC45" xmlns="" />
          </Parent>
        </Code>
        <Code id="015161" urn="urn:sdmx:org.sdmx.infomodel.codelist.Code=IT1:CL_REFAREA(1.2).015161">
          <Name xml:lang="it" xmlns="http://www.sdmx.org/resources/sdmxml/schemas/v2_1/common">Ornago</Name>
          <Name xml:lang="en" xmlns="http://www.sdmx.org/resources/sdmxml/schemas/v2_1/common">Ornago</Name>
          <Parent>
            <Ref id="ITC45" xmlns="" />
          </Parent>
        </Code>
        <Code id="015162" urn="urn:sdmx:org.sdmx.infomodel.codelist.Code=IT1:CL_REFAREA(1.2).015162">
          <Name xml:lang="it" xmlns="http://www.sdmx.org/resources/sdmxml/schemas/v2_1/common">Ospedaletto Lodigiano</Name>
          <Name xml:lang="en" xmlns="http://www.sdmx.org/resources/sdmxml/schemas/v2_1/common">Ospedaletto Lodigiano</Name>
          <Parent>
            <Ref id="ITC45" xmlns="" />
          </Parent>
        </Code>
        <Code id="015163" urn="urn:sdmx:org.sdmx.infomodel.codelist.Code=IT1:CL_REFAREA(1.2).015163">
          <Name xml:lang="it" xmlns="http://www.sdmx.org/resources/sdmxml/schemas/v2_1/common">Ossago Lodigiano</Name>
          <Name xml:lang="en" xmlns="http://www.sdmx.org/resources/sdmxml/schemas/v2_1/common">Ossago Lodigiano</Name>
          <Parent>
            <Ref id="ITC45" xmlns="" />
          </Parent>
        </Code>
        <Code id="015164" urn="urn:sdmx:org.sdmx.infomodel.codelist.Code=IT1:CL_REFAREA(1.2).015164">
          <Name xml:lang="it" xmlns="http://www.sdmx.org/resources/sdmxml/schemas/v2_1/common">Ossona</Name>
          <Name xml:lang="en" xmlns="http://www.sdmx.org/resources/sdmxml/schemas/v2_1/common">Ossona</Name>
          <Parent>
            <Ref id="ITC45" xmlns="" />
          </Parent>
        </Code>
        <Code id="015165" urn="urn:sdmx:org.sdmx.infomodel.codelist.Code=IT1:CL_REFAREA(1.2).015165">
          <Name xml:lang="it" xmlns="http://www.sdmx.org/resources/sdmxml/schemas/v2_1/common">Ozzero</Name>
          <Name xml:lang="en" xmlns="http://www.sdmx.org/resources/sdmxml/schemas/v2_1/common">Ozzero</Name>
          <Parent>
            <Ref id="ITC45" xmlns="" />
          </Parent>
        </Code>
        <Code id="015166" urn="urn:sdmx:org.sdmx.infomodel.codelist.Code=IT1:CL_REFAREA(1.2).015166">
          <Name xml:lang="it" xmlns="http://www.sdmx.org/resources/sdmxml/schemas/v2_1/common">Paderno Dugnano</Name>
          <Name xml:lang="en" xmlns="http://www.sdmx.org/resources/sdmxml/schemas/v2_1/common">Paderno Dugnano</Name>
          <Parent>
            <Ref id="ITC45" xmlns="" />
          </Parent>
        </Code>
        <Code id="015167" urn="urn:sdmx:org.sdmx.infomodel.codelist.Code=IT1:CL_REFAREA(1.2).015167">
          <Name xml:lang="it" xmlns="http://www.sdmx.org/resources/sdmxml/schemas/v2_1/common">Pantigliate</Name>
          <Name xml:lang="en" xmlns="http://www.sdmx.org/resources/sdmxml/schemas/v2_1/common">Pantigliate</Name>
          <Parent>
            <Ref id="ITC45" xmlns="" />
          </Parent>
        </Code>
        <Code id="015168" urn="urn:sdmx:org.sdmx.infomodel.codelist.Code=IT1:CL_REFAREA(1.2).015168">
          <Name xml:lang="it" xmlns="http://www.sdmx.org/resources/sdmxml/schemas/v2_1/common">Parabiago</Name>
          <Name xml:lang="en" xmlns="http://www.sdmx.org/resources/sdmxml/schemas/v2_1/common">Parabiago</Name>
          <Parent>
            <Ref id="ITC45" xmlns="" />
          </Parent>
        </Code>
        <Code id="015169" urn="urn:sdmx:org.sdmx.infomodel.codelist.Code=IT1:CL_REFAREA(1.2).015169">
          <Name xml:lang="it" xmlns="http://www.sdmx.org/resources/sdmxml/schemas/v2_1/common">Paullo</Name>
          <Name xml:lang="en" xmlns="http://www.sdmx.org/resources/sdmxml/schemas/v2_1/common">Paullo</Name>
          <Parent>
            <Ref id="ITC45" xmlns="" />
          </Parent>
        </Code>
        <Code id="015170" urn="urn:sdmx:org.sdmx.infomodel.codelist.Code=IT1:CL_REFAREA(1.2).015170">
          <Name xml:lang="it" xmlns="http://www.sdmx.org/resources/sdmxml/schemas/v2_1/common">Pero</Name>
          <Name xml:lang="en" xmlns="http://www.sdmx.org/resources/sdmxml/schemas/v2_1/common">Pero</Name>
          <Parent>
            <Ref id="ITC45" xmlns="" />
          </Parent>
        </Code>
        <Code id="015171" urn="urn:sdmx:org.sdmx.infomodel.codelist.Code=IT1:CL_REFAREA(1.2).015171">
          <Name xml:lang="it" xmlns="http://www.sdmx.org/resources/sdmxml/schemas/v2_1/common">Peschiera Borromeo</Name>
          <Name xml:lang="en" xmlns="http://www.sdmx.org/resources/sdmxml/schemas/v2_1/common">Peschiera Borromeo</Name>
          <Parent>
            <Ref id="ITC45" xmlns="" />
          </Parent>
        </Code>
        <Code id="015172" urn="urn:sdmx:org.sdmx.infomodel.codelist.Code=IT1:CL_REFAREA(1.2).015172">
          <Name xml:lang="it" xmlns="http://www.sdmx.org/resources/sdmxml/schemas/v2_1/common">Pessano con Bornago</Name>
          <Name xml:lang="en" xmlns="http://www.sdmx.org/resources/sdmxml/schemas/v2_1/common">Pessano con Bornago</Name>
          <Parent>
            <Ref id="ITC45" xmlns="" />
          </Parent>
        </Code>
        <Code id="015173" urn="urn:sdmx:org.sdmx.infomodel.codelist.Code=IT1:CL_REFAREA(1.2).015173">
          <Name xml:lang="it" xmlns="http://www.sdmx.org/resources/sdmxml/schemas/v2_1/common">Pieve Emanuele</Name>
          <Name xml:lang="en" xmlns="http://www.sdmx.org/resources/sdmxml/schemas/v2_1/common">Pieve Emanuele</Name>
          <Parent>
            <Ref id="ITC45" xmlns="" />
          </Parent>
        </Code>
        <Code id="015174" urn="urn:sdmx:org.sdmx.infomodel.codelist.Code=IT1:CL_REFAREA(1.2).015174">
          <Name xml:lang="it" xmlns="http://www.sdmx.org/resources/sdmxml/schemas/v2_1/common">Pieve Fissiraga</Name>
          <Name xml:lang="en" xmlns="http://www.sdmx.org/resources/sdmxml/schemas/v2_1/common">Pieve Fissiraga</Name>
          <Parent>
            <Ref id="ITC45" xmlns="" />
          </Parent>
        </Code>
        <Code id="015175" urn="urn:sdmx:org.sdmx.infomodel.codelist.Code=IT1:CL_REFAREA(1.2).015175">
          <Name xml:lang="it" xmlns="http://www.sdmx.org/resources/sdmxml/schemas/v2_1/common">Pioltello</Name>
          <Name xml:lang="en" xmlns="http://www.sdmx.org/resources/sdmxml/schemas/v2_1/common">Pioltello</Name>
          <Parent>
            <Ref id="ITC45" xmlns="" />
          </Parent>
        </Code>
        <Code id="015176" urn="urn:sdmx:org.sdmx.infomodel.codelist.Code=IT1:CL_REFAREA(1.2).015176">
          <Name xml:lang="it" xmlns="http://www.sdmx.org/resources/sdmxml/schemas/v2_1/common">Pogliano Milanese</Name>
          <Name xml:lang="en" xmlns="http://www.sdmx.org/resources/sdmxml/schemas/v2_1/common">Pogliano Milanese</Name>
          <Parent>
            <Ref id="ITC45" xmlns="" />
          </Parent>
        </Code>
        <Code id="015177" urn="urn:sdmx:org.sdmx.infomodel.codelist.Code=IT1:CL_REFAREA(1.2).015177">
          <Name xml:lang="it" xmlns="http://www.sdmx.org/resources/sdmxml/schemas/v2_1/common">Pozzo d'Adda</Name>
          <Name xml:lang="en" xmlns="http://www.sdmx.org/resources/sdmxml/schemas/v2_1/common">Pozzo d'Adda</Name>
          <Parent>
            <Ref id="ITC45" xmlns="" />
          </Parent>
        </Code>
        <Code id="015178" urn="urn:sdmx:org.sdmx.infomodel.codelist.Code=IT1:CL_REFAREA(1.2).015178">
          <Name xml:lang="it" xmlns="http://www.sdmx.org/resources/sdmxml/schemas/v2_1/common">Pozzuolo Martesana</Name>
          <Name xml:lang="en" xmlns="http://www.sdmx.org/resources/sdmxml/schemas/v2_1/common">Pozzuolo Martesana</Name>
          <Parent>
            <Ref id="ITC45" xmlns="" />
          </Parent>
        </Code>
        <Code id="015179" urn="urn:sdmx:org.sdmx.infomodel.codelist.Code=IT1:CL_REFAREA(1.2).015179">
          <Name xml:lang="it" xmlns="http://www.sdmx.org/resources/sdmxml/schemas/v2_1/common">Pregnana Milanese</Name>
          <Name xml:lang="en" xmlns="http://www.sdmx.org/resources/sdmxml/schemas/v2_1/common">Pregnana Milanese</Name>
          <Parent>
            <Ref id="ITC45" xmlns="" />
          </Parent>
        </Code>
        <Code id="015180" urn="urn:sdmx:org.sdmx.infomodel.codelist.Code=IT1:CL_REFAREA(1.2).015180">
          <Name xml:lang="it" xmlns="http://www.sdmx.org/resources/sdmxml/schemas/v2_1/common">Renate</Name>
          <Name xml:lang="en" xmlns="http://www.sdmx.org/resources/sdmxml/schemas/v2_1/common">Renate</Name>
          <Parent>
            <Ref id="ITC45" xmlns="" />
          </Parent>
        </Code>
        <Code id="015181" urn="urn:sdmx:org.sdmx.infomodel.codelist.Code=IT1:CL_REFAREA(1.2).015181">
          <Name xml:lang="it" xmlns="http://www.sdmx.org/resources/sdmxml/schemas/v2_1/common">Rescaldina</Name>
          <Name xml:lang="en" xmlns="http://www.sdmx.org/resources/sdmxml/schemas/v2_1/common">Rescaldina</Name>
          <Parent>
            <Ref id="ITC45" xmlns="" />
          </Parent>
        </Code>
        <Code id="015182" urn="urn:sdmx:org.sdmx.infomodel.codelist.Code=IT1:CL_REFAREA(1.2).015182">
          <Name xml:lang="it" xmlns="http://www.sdmx.org/resources/sdmxml/schemas/v2_1/common">Rho</Name>
          <Name xml:lang="en" xmlns="http://www.sdmx.org/resources/sdmxml/schemas/v2_1/common">Rho</Name>
          <Parent>
            <Ref id="ITC45" xmlns="" />
          </Parent>
        </Code>
        <Code id="015183" urn="urn:sdmx:org.sdmx.infomodel.codelist.Code=IT1:CL_REFAREA(1.2).015183">
          <Name xml:lang="it" xmlns="http://www.sdmx.org/resources/sdmxml/schemas/v2_1/common">Robecchetto con Induno</Name>
          <Name xml:lang="en" xmlns="http://www.sdmx.org/resources/sdmxml/schemas/v2_1/common">Robecchetto con Induno</Name>
          <Parent>
            <Ref id="ITC45" xmlns="" />
          </Parent>
        </Code>
        <Code id="015184" urn="urn:sdmx:org.sdmx.infomodel.codelist.Code=IT1:CL_REFAREA(1.2).015184">
          <Name xml:lang="it" xmlns="http://www.sdmx.org/resources/sdmxml/schemas/v2_1/common">Robecco sul Naviglio</Name>
          <Name xml:lang="en" xmlns="http://www.sdmx.org/resources/sdmxml/schemas/v2_1/common">Robecco sul Naviglio</Name>
          <Parent>
            <Ref id="ITC45" xmlns="" />
          </Parent>
        </Code>
        <Code id="015185" urn="urn:sdmx:org.sdmx.infomodel.codelist.Code=IT1:CL_REFAREA(1.2).015185">
          <Name xml:lang="it" xmlns="http://www.sdmx.org/resources/sdmxml/schemas/v2_1/common">Rodano</Name>
          <Name xml:lang="en" xmlns="http://www.sdmx.org/resources/sdmxml/schemas/v2_1/common">Rodano</Name>
          <Parent>
            <Ref id="ITC45" xmlns="" />
          </Parent>
        </Code>
        <Code id="015186" urn="urn:sdmx:org.sdmx.infomodel.codelist.Code=IT1:CL_REFAREA(1.2).015186">
          <Name xml:lang="it" xmlns="http://www.sdmx.org/resources/sdmxml/schemas/v2_1/common">Roncello</Name>
          <Name xml:lang="en" xmlns="http://www.sdmx.org/resources/sdmxml/schemas/v2_1/common">Roncello</Name>
          <Parent>
            <Ref id="ITC45" xmlns="" />
          </Parent>
        </Code>
        <Code id="015187" urn="urn:sdmx:org.sdmx.infomodel.codelist.Code=IT1:CL_REFAREA(1.2).015187">
          <Name xml:lang="it" xmlns="http://www.sdmx.org/resources/sdmxml/schemas/v2_1/common">Ronco Briantino</Name>
          <Name xml:lang="en" xmlns="http://www.sdmx.org/resources/sdmxml/schemas/v2_1/common">Ronco Briantino</Name>
          <Parent>
            <Ref id="ITC45" xmlns="" />
          </Parent>
        </Code>
        <Code id="015188" urn="urn:sdmx:org.sdmx.infomodel.codelist.Code=IT1:CL_REFAREA(1.2).015188">
          <Name xml:lang="it" xmlns="http://www.sdmx.org/resources/sdmxml/schemas/v2_1/common">Rosate</Name>
          <Name xml:lang="en" xmlns="http://www.sdmx.org/resources/sdmxml/schemas/v2_1/common">Rosate</Name>
          <Parent>
            <Ref id="ITC45" xmlns="" />
          </Parent>
        </Code>
        <Code id="015189" urn="urn:sdmx:org.sdmx.infomodel.codelist.Code=IT1:CL_REFAREA(1.2).015189">
          <Name xml:lang="it" xmlns="http://www.sdmx.org/resources/sdmxml/schemas/v2_1/common">Rozzano</Name>
          <Name xml:lang="en" xmlns="http://www.sdmx.org/resources/sdmxml/schemas/v2_1/common">Rozzano</Name>
          <Parent>
            <Ref id="ITC45" xmlns="" />
          </Parent>
        </Code>
        <Code id="015190" urn="urn:sdmx:org.sdmx.infomodel.codelist.Code=IT1:CL_REFAREA(1.2).015190">
          <Name xml:lang="it" xmlns="http://www.sdmx.org/resources/sdmxml/schemas/v2_1/common">Salerano sul Lambro</Name>
          <Name xml:lang="en" xmlns="http://www.sdmx.org/resources/sdmxml/schemas/v2_1/common">Salerano sul Lambro</Name>
          <Parent>
            <Ref id="ITC45" xmlns="" />
          </Parent>
        </Code>
        <Code id="015191" urn="urn:sdmx:org.sdmx.infomodel.codelist.Code=IT1:CL_REFAREA(1.2).015191">
          <Name xml:lang="it" xmlns="http://www.sdmx.org/resources/sdmxml/schemas/v2_1/common">San Colombano al Lambro</Name>
          <Name xml:lang="en" xmlns="http://www.sdmx.org/resources/sdmxml/schemas/v2_1/common">San Colombano al Lambro</Name>
          <Parent>
            <Ref id="ITC45" xmlns="" />
          </Parent>
        </Code>
        <Code id="015192" urn="urn:sdmx:org.sdmx.infomodel.codelist.Code=IT1:CL_REFAREA(1.2).015192">
          <Name xml:lang="it" xmlns="http://www.sdmx.org/resources/sdmxml/schemas/v2_1/common">San Donato Milanese</Name>
          <Name xml:lang="en" xmlns="http://www.sdmx.org/resources/sdmxml/schemas/v2_1/common">San Donato Milanese</Name>
          <Parent>
            <Ref id="ITC45" xmlns="" />
          </Parent>
        </Code>
        <Code id="015193" urn="urn:sdmx:org.sdmx.infomodel.codelist.Code=IT1:CL_REFAREA(1.2).015193">
          <Name xml:lang="it" xmlns="http://www.sdmx.org/resources/sdmxml/schemas/v2_1/common">San Fiorano</Name>
          <Name xml:lang="en" xmlns="http://www.sdmx.org/resources/sdmxml/schemas/v2_1/common">San Fiorano</Name>
          <Parent>
            <Ref id="ITC45" xmlns="" />
          </Parent>
        </Code>
        <Code id="015194" urn="urn:sdmx:org.sdmx.infomodel.codelist.Code=IT1:CL_REFAREA(1.2).015194">
          <Name xml:lang="it" xmlns="http://www.sdmx.org/resources/sdmxml/schemas/v2_1/common">San Giorgio su Legnano</Name>
          <Name xml:lang="en" xmlns="http://www.sdmx.org/resources/sdmxml/schemas/v2_1/common">San Giorgio su Legnano</Name>
          <Parent>
            <Ref id="ITC45" xmlns="" />
          </Parent>
        </Code>
        <Code id="015195" urn="urn:sdmx:org.sdmx.infomodel.codelist.Code=IT1:CL_REFAREA(1.2).015195">
          <Name xml:lang="it" xmlns="http://www.sdmx.org/resources/sdmxml/schemas/v2_1/common">San Giuliano Milanese</Name>
          <Name xml:lang="en" xmlns="http://www.sdmx.org/resources/sdmxml/schemas/v2_1/common">San Giuliano Milanese</Name>
          <Parent>
            <Ref id="ITC45" xmlns="" />
          </Parent>
        </Code>
        <Code id="015196" urn="urn:sdmx:org.sdmx.infomodel.codelist.Code=IT1:CL_REFAREA(1.2).015196">
          <Name xml:lang="it" xmlns="http://www.sdmx.org/resources/sdmxml/schemas/v2_1/common">San Martino in Strada</Name>
          <Name xml:lang="en" xmlns="http://www.sdmx.org/resources/sdmxml/schemas/v2_1/common">San Martino in Strada</Name>
          <Parent>
            <Ref id="ITC45" xmlns="" />
          </Parent>
        </Code>
        <Code id="015197" urn="urn:sdmx:org.sdmx.infomodel.codelist.Code=IT1:CL_REFAREA(1.2).015197">
          <Name xml:lang="it" xmlns="http://www.sdmx.org/resources/sdmxml/schemas/v2_1/common">San Rocco al Porto</Name>
          <Name xml:lang="en" xmlns="http://www.sdmx.org/resources/sdmxml/schemas/v2_1/common">San Rocco al Porto</Name>
          <Parent>
            <Ref id="ITC45" xmlns="" />
          </Parent>
        </Code>
        <Code id="015198" urn="urn:sdmx:org.sdmx.infomodel.codelist.Code=IT1:CL_REFAREA(1.2).015198">
          <Name xml:lang="it" xmlns="http://www.sdmx.org/resources/sdmxml/schemas/v2_1/common">Sant'Angelo Lodigiano</Name>
          <Name xml:lang="en" xmlns="http://www.sdmx.org/resources/sdmxml/schemas/v2_1/common">Sant'Angelo Lodigiano</Name>
          <Parent>
            <Ref id="ITC45" xmlns="" />
          </Parent>
        </Code>
        <Code id="015199" urn="urn:sdmx:org.sdmx.infomodel.codelist.Code=IT1:CL_REFAREA(1.2).015199">
          <Name xml:lang="it" xmlns="http://www.sdmx.org/resources/sdmxml/schemas/v2_1/common">Santo Stefano Lodigiano</Name>
          <Name xml:lang="en" xmlns="http://www.sdmx.org/resources/sdmxml/schemas/v2_1/common">Santo Stefano Lodigiano</Name>
          <Parent>
            <Ref id="ITC45" xmlns="" />
          </Parent>
        </Code>
        <Code id="015200" urn="urn:sdmx:org.sdmx.infomodel.codelist.Code=IT1:CL_REFAREA(1.2).015200">
          <Name xml:lang="it" xmlns="http://www.sdmx.org/resources/sdmxml/schemas/v2_1/common">Santo Stefano Ticino</Name>
          <Name xml:lang="en" xmlns="http://www.sdmx.org/resources/sdmxml/schemas/v2_1/common">Santo Stefano Ticino</Name>
          <Parent>
            <Ref id="ITC45" xmlns="" />
          </Parent>
        </Code>
        <Code id="015201" urn="urn:sdmx:org.sdmx.infomodel.codelist.Code=IT1:CL_REFAREA(1.2).015201">
          <Name xml:lang="it" xmlns="http://www.sdmx.org/resources/sdmxml/schemas/v2_1/common">San Vittore Olona</Name>
          <Name xml:lang="en" xmlns="http://www.sdmx.org/resources/sdmxml/schemas/v2_1/common">San Vittore Olona</Name>
          <Parent>
            <Ref id="ITC45" xmlns="" />
          </Parent>
        </Code>
        <Code id="015202" urn="urn:sdmx:org.sdmx.infomodel.codelist.Code=IT1:CL_REFAREA(1.2).015202">
          <Name xml:lang="it" xmlns="http://www.sdmx.org/resources/sdmxml/schemas/v2_1/common">San Zenone al Lambro</Name>
          <Name xml:lang="en" xmlns="http://www.sdmx.org/resources/sdmxml/schemas/v2_1/common">San Zenone al Lambro</Name>
          <Parent>
            <Ref id="ITC45" xmlns="" />
          </Parent>
        </Code>
        <Code id="015203" urn="urn:sdmx:org.sdmx.infomodel.codelist.Code=IT1:CL_REFAREA(1.2).015203">
          <Name xml:lang="it" xmlns="http://www.sdmx.org/resources/sdmxml/schemas/v2_1/common">Secugnago</Name>
          <Name xml:lang="en" xmlns="http://www.sdmx.org/resources/sdmxml/schemas/v2_1/common">Secugnago</Name>
          <Parent>
            <Ref id="ITC45" xmlns="" />
          </Parent>
        </Code>
        <Code id="015204" urn="urn:sdmx:org.sdmx.infomodel.codelist.Code=IT1:CL_REFAREA(1.2).015204">
          <Name xml:lang="it" xmlns="http://www.sdmx.org/resources/sdmxml/schemas/v2_1/common">Sedriano</Name>
          <Name xml:lang="en" xmlns="http://www.sdmx.org/resources/sdmxml/schemas/v2_1/common">Sedriano</Name>
          <Parent>
            <Ref id="ITC45" xmlns="" />
          </Parent>
        </Code>
        <Code id="015205" urn="urn:sdmx:org.sdmx.infomodel.codelist.Code=IT1:CL_REFAREA(1.2).015205">
          <Name xml:lang="it" xmlns="http://www.sdmx.org/resources/sdmxml/schemas/v2_1/common">Segrate</Name>
          <Name xml:lang="en" xmlns="http://www.sdmx.org/resources/sdmxml/schemas/v2_1/common">Segrate</Name>
          <Parent>
            <Ref id="ITC45" xmlns="" />
          </Parent>
        </Code>
        <Code id="015206" urn="urn:sdmx:org.sdmx.infomodel.codelist.Code=IT1:CL_REFAREA(1.2).015206">
          <Name xml:lang="it" xmlns="http://www.sdmx.org/resources/sdmxml/schemas/v2_1/common">Senago</Name>
          <Name xml:lang="en" xmlns="http://www.sdmx.org/resources/sdmxml/schemas/v2_1/common">Senago</Name>
          <Parent>
            <Ref id="ITC45" xmlns="" />
          </Parent>
        </Code>
        <Code id="015207" urn="urn:sdmx:org.sdmx.infomodel.codelist.Code=IT1:CL_REFAREA(1.2).015207">
          <Name xml:lang="it" xmlns="http://www.sdmx.org/resources/sdmxml/schemas/v2_1/common">Senna Lodigiana</Name>
          <Name xml:lang="en" xmlns="http://www.sdmx.org/resources/sdmxml/schemas/v2_1/common">Senna Lodigiana</Name>
          <Parent>
            <Ref id="ITC45" xmlns="" />
          </Parent>
        </Code>
        <Code id="015208" urn="urn:sdmx:org.sdmx.infomodel.codelist.Code=IT1:CL_REFAREA(1.2).015208">
          <Name xml:lang="it" xmlns="http://www.sdmx.org/resources/sdmxml/schemas/v2_1/common">Seregno</Name>
          <Name xml:lang="en" xmlns="http://www.sdmx.org/resources/sdmxml/schemas/v2_1/common">Seregno</Name>
          <Parent>
            <Ref id="ITC45" xmlns="" />
          </Parent>
        </Code>
        <Code id="015209" urn="urn:sdmx:org.sdmx.infomodel.codelist.Code=IT1:CL_REFAREA(1.2).015209">
          <Name xml:lang="it" xmlns="http://www.sdmx.org/resources/sdmxml/schemas/v2_1/common">Sesto San Giovanni</Name>
          <Name xml:lang="en" xmlns="http://www.sdmx.org/resources/sdmxml/schemas/v2_1/common">Sesto San Giovanni</Name>
          <Parent>
            <Ref id="ITC45" xmlns="" />
          </Parent>
        </Code>
        <Code id="015210" urn="urn:sdmx:org.sdmx.infomodel.codelist.Code=IT1:CL_REFAREA(1.2).015210">
          <Name xml:lang="it" xmlns="http://www.sdmx.org/resources/sdmxml/schemas/v2_1/common">Settala</Name>
          <Name xml:lang="en" xmlns="http://www.sdmx.org/resources/sdmxml/schemas/v2_1/common">Settala</Name>
          <Parent>
            <Ref id="ITC45" xmlns="" />
          </Parent>
        </Code>
        <Code id="015211" urn="urn:sdmx:org.sdmx.infomodel.codelist.Code=IT1:CL_REFAREA(1.2).015211">
          <Name xml:lang="it" xmlns="http://www.sdmx.org/resources/sdmxml/schemas/v2_1/common">Settimo Milanese</Name>
          <Name xml:lang="en" xmlns="http://www.sdmx.org/resources/sdmxml/schemas/v2_1/common">Settimo Milanese</Name>
          <Parent>
            <Ref id="ITC45" xmlns="" />
          </Parent>
        </Code>
        <Code id="015212" urn="urn:sdmx:org.sdmx.infomodel.codelist.Code=IT1:CL_REFAREA(1.2).015212">
          <Name xml:lang="it" xmlns="http://www.sdmx.org/resources/sdmxml/schemas/v2_1/common">Seveso</Name>
          <Name xml:lang="en" xmlns="http://www.sdmx.org/resources/sdmxml/schemas/v2_1/common">Seveso</Name>
          <Parent>
            <Ref id="ITC45" xmlns="" />
          </Parent>
        </Code>
        <Code id="015213" urn="urn:sdmx:org.sdmx.infomodel.codelist.Code=IT1:CL_REFAREA(1.2).015213">
          <Name xml:lang="it" xmlns="http://www.sdmx.org/resources/sdmxml/schemas/v2_1/common">Solaro</Name>
          <Name xml:lang="en" xmlns="http://www.sdmx.org/resources/sdmxml/schemas/v2_1/common">Solaro</Name>
          <Parent>
            <Ref id="ITC45" xmlns="" />
          </Parent>
        </Code>
        <Code id="015214" urn="urn:sdmx:org.sdmx.infomodel.codelist.Code=IT1:CL_REFAREA(1.2).015214">
          <Name xml:lang="it" xmlns="http://www.sdmx.org/resources/sdmxml/schemas/v2_1/common">Somaglia</Name>
          <Name xml:lang="en" xmlns="http://www.sdmx.org/resources/sdmxml/schemas/v2_1/common">Somaglia</Name>
          <Parent>
            <Ref id="ITC45" xmlns="" />
          </Parent>
        </Code>
        <Code id="015215" urn="urn:sdmx:org.sdmx.infomodel.codelist.Code=IT1:CL_REFAREA(1.2).015215">
          <Name xml:lang="it" xmlns="http://www.sdmx.org/resources/sdmxml/schemas/v2_1/common">Sordio</Name>
          <Name xml:lang="en" xmlns="http://www.sdmx.org/resources/sdmxml/schemas/v2_1/common">Sordio</Name>
          <Parent>
            <Ref id="ITC45" xmlns="" />
          </Parent>
        </Code>
        <Code id="015216" urn="urn:sdmx:org.sdmx.infomodel.codelist.Code=IT1:CL_REFAREA(1.2).015216">
          <Name xml:lang="it" xmlns="http://www.sdmx.org/resources/sdmxml/schemas/v2_1/common">Sovico</Name>
          <Name xml:lang="en" xmlns="http://www.sdmx.org/resources/sdmxml/schemas/v2_1/common">Sovico</Name>
          <Parent>
            <Ref id="ITC45" xmlns="" />
          </Parent>
        </Code>
        <Code id="015217" urn="urn:sdmx:org.sdmx.infomodel.codelist.Code=IT1:CL_REFAREA(1.2).015217">
          <Name xml:lang="it" xmlns="http://www.sdmx.org/resources/sdmxml/schemas/v2_1/common">Sulbiate</Name>
          <Name xml:lang="en" xmlns="http://www.sdmx.org/resources/sdmxml/schemas/v2_1/common">Sulbiate</Name>
          <Parent>
            <Ref id="ITC45" xmlns="" />
          </Parent>
        </Code>
        <Code id="015218" urn="urn:sdmx:org.sdmx.infomodel.codelist.Code=IT1:CL_REFAREA(1.2).015218">
          <Name xml:lang="it" xmlns="http://www.sdmx.org/resources/sdmxml/schemas/v2_1/common">Terranova dei Passerini</Name>
          <Name xml:lang="en" xmlns="http://www.sdmx.org/resources/sdmxml/schemas/v2_1/common">Terranova dei Passerini</Name>
          <Parent>
            <Ref id="ITC45" xmlns="" />
          </Parent>
        </Code>
        <Code id="015219" urn="urn:sdmx:org.sdmx.infomodel.codelist.Code=IT1:CL_REFAREA(1.2).015219">
          <Name xml:lang="it" xmlns="http://www.sdmx.org/resources/sdmxml/schemas/v2_1/common">Trezzano Rosa</Name>
          <Name xml:lang="en" xmlns="http://www.sdmx.org/resources/sdmxml/schemas/v2_1/common">Trezzano Rosa</Name>
          <Parent>
            <Ref id="ITC45" xmlns="" />
          </Parent>
        </Code>
        <Code id="015220" urn="urn:sdmx:org.sdmx.infomodel.codelist.Code=IT1:CL_REFAREA(1.2).015220">
          <Name xml:lang="it" xmlns="http://www.sdmx.org/resources/sdmxml/schemas/v2_1/common">Trezzano sul Naviglio</Name>
          <Name xml:lang="en" xmlns="http://www.sdmx.org/resources/sdmxml/schemas/v2_1/common">Trezzano sul Naviglio</Name>
          <Parent>
            <Ref id="ITC45" xmlns="" />
          </Parent>
        </Code>
        <Code id="015221" urn="urn:sdmx:org.sdmx.infomodel.codelist.Code=IT1:CL_REFAREA(1.2).015221">
          <Name xml:lang="it" xmlns="http://www.sdmx.org/resources/sdmxml/schemas/v2_1/common">Trezzo sull'Adda</Name>
          <Name xml:lang="en" xmlns="http://www.sdmx.org/resources/sdmxml/schemas/v2_1/common">Trezzo sull'Adda</Name>
          <Parent>
            <Ref id="ITC45" xmlns="" />
          </Parent>
        </Code>
        <Code id="015222" urn="urn:sdmx:org.sdmx.infomodel.codelist.Code=IT1:CL_REFAREA(1.2).015222">
          <Name xml:lang="it" xmlns="http://www.sdmx.org/resources/sdmxml/schemas/v2_1/common">Tribiano</Name>
          <Name xml:lang="en" xmlns="http://www.sdmx.org/resources/sdmxml/schemas/v2_1/common">Tribiano</Name>
          <Parent>
            <Ref id="ITC45" xmlns="" />
          </Parent>
        </Code>
        <Code id="015223" urn="urn:sdmx:org.sdmx.infomodel.codelist.Code=IT1:CL_REFAREA(1.2).015223">
          <Name xml:lang="it" xmlns="http://www.sdmx.org/resources/sdmxml/schemas/v2_1/common">Triuggio</Name>
          <Name xml:lang="en" xmlns="http://www.sdmx.org/resources/sdmxml/schemas/v2_1/common">Triuggio</Name>
          <Parent>
            <Ref id="ITC45" xmlns="" />
          </Parent>
        </Code>
        <Code id="015224" urn="urn:sdmx:org.sdmx.infomodel.codelist.Code=IT1:CL_REFAREA(1.2).015224">
          <Name xml:lang="it" xmlns="http://www.sdmx.org/resources/sdmxml/schemas/v2_1/common">Truccazzano</Name>
          <Name xml:lang="en" xmlns="http://www.sdmx.org/resources/sdmxml/schemas/v2_1/common">Truccazzano</Name>
          <Parent>
            <Ref id="ITC45" xmlns="" />
          </Parent>
        </Code>
        <Code id="015225" urn="urn:sdmx:org.sdmx.infomodel.codelist.Code=IT1:CL_REFAREA(1.2).015225">
          <Name xml:lang="it" xmlns="http://www.sdmx.org/resources/sdmxml/schemas/v2_1/common">Turano Lodigiano</Name>
          <Name xml:lang="en" xmlns="http://www.sdmx.org/resources/sdmxml/schemas/v2_1/common">Turano Lodigiano</Name>
          <Parent>
            <Ref id="ITC45" xmlns="" />
          </Parent>
        </Code>
        <Code id="015226" urn="urn:sdmx:org.sdmx.infomodel.codelist.Code=IT1:CL_REFAREA(1.2).015226">
          <Name xml:lang="it" xmlns="http://www.sdmx.org/resources/sdmxml/schemas/v2_1/common">Turbigo</Name>
          <Name xml:lang="en" xmlns="http://www.sdmx.org/resources/sdmxml/schemas/v2_1/common">Turbigo</Name>
          <Parent>
            <Ref id="ITC45" xmlns="" />
          </Parent>
        </Code>
        <Code id="015227" urn="urn:sdmx:org.sdmx.infomodel.codelist.Code=IT1:CL_REFAREA(1.2).015227">
          <Name xml:lang="it" xmlns="http://www.sdmx.org/resources/sdmxml/schemas/v2_1/common">Usmate Velate</Name>
          <Name xml:lang="en" xmlns="http://www.sdmx.org/resources/sdmxml/schemas/v2_1/common">Usmate Velate</Name>
          <Parent>
            <Ref id="ITC45" xmlns="" />
          </Parent>
        </Code>
        <Code id="015228" urn="urn:sdmx:org.sdmx.infomodel.codelist.Code=IT1:CL_REFAREA(1.2).015228">
          <Name xml:lang="it" xmlns="http://www.sdmx.org/resources/sdmxml/schemas/v2_1/common">Valera Fratta</Name>
          <Name xml:lang="en" xmlns="http://www.sdmx.org/resources/sdmxml/schemas/v2_1/common">Valera Fratta</Name>
          <Parent>
            <Ref id="ITC45" xmlns="" />
          </Parent>
        </Code>
        <Code id="015229" urn="urn:sdmx:org.sdmx.infomodel.codelist.Code=IT1:CL_REFAREA(1.2).015229">
          <Name xml:lang="it" xmlns="http://www.sdmx.org/resources/sdmxml/schemas/v2_1/common">Vanzago</Name>
          <Name xml:lang="en" xmlns="http://www.sdmx.org/resources/sdmxml/schemas/v2_1/common">Vanzago</Name>
          <Parent>
            <Ref id="ITC45" xmlns="" />
          </Parent>
        </Code>
        <Code id="015230" urn="urn:sdmx:org.sdmx.infomodel.codelist.Code=IT1:CL_REFAREA(1.2).015230">
          <Name xml:lang="it" xmlns="http://www.sdmx.org/resources/sdmxml/schemas/v2_1/common">Vaprio d'Adda</Name>
          <Name xml:lang="en" xmlns="http://www.sdmx.org/resources/sdmxml/schemas/v2_1/common">Vaprio d'Adda</Name>
          <Parent>
            <Ref id="ITC45" xmlns="" />
          </Parent>
        </Code>
        <Code id="015231" urn="urn:sdmx:org.sdmx.infomodel.codelist.Code=IT1:CL_REFAREA(1.2).015231">
          <Name xml:lang="it" xmlns="http://www.sdmx.org/resources/sdmxml/schemas/v2_1/common">Varedo</Name>
          <Name xml:lang="en" xmlns="http://www.sdmx.org/resources/sdmxml/schemas/v2_1/common">Varedo</Name>
          <Parent>
            <Ref id="ITC45" xmlns="" />
          </Parent>
        </Code>
        <Code id="015232" urn="urn:sdmx:org.sdmx.infomodel.codelist.Code=IT1:CL_REFAREA(1.2).015232">
          <Name xml:lang="it" xmlns="http://www.sdmx.org/resources/sdmxml/schemas/v2_1/common">Vedano al Lambro</Name>
          <Name xml:lang="en" xmlns="http://www.sdmx.org/resources/sdmxml/schemas/v2_1/common">Vedano al Lambro</Name>
          <Parent>
            <Ref id="ITC45" xmlns="" />
          </Parent>
        </Code>
        <Code id="015233" urn="urn:sdmx:org.sdmx.infomodel.codelist.Code=IT1:CL_REFAREA(1.2).015233">
          <Name xml:lang="it" xmlns="http://www.sdmx.org/resources/sdmxml/schemas/v2_1/common">Veduggio con Colzano</Name>
          <Name xml:lang="en" xmlns="http://www.sdmx.org/resources/sdmxml/schemas/v2_1/common">Veduggio con Colzano</Name>
          <Parent>
            <Ref id="ITC45" xmlns="" />
          </Parent>
        </Code>
        <Code id="015234" urn="urn:sdmx:org.sdmx.infomodel.codelist.Code=IT1:CL_REFAREA(1.2).015234">
          <Name xml:lang="it" xmlns="http://www.sdmx.org/resources/sdmxml/schemas/v2_1/common">Verano Brianza</Name>
          <Name xml:lang="en" xmlns="http://www.sdmx.org/resources/sdmxml/schemas/v2_1/common">Verano Brianza</Name>
          <Parent>
            <Ref id="ITC45" xmlns="" />
          </Parent>
        </Code>
        <Code id="015235" urn="urn:sdmx:org.sdmx.infomodel.codelist.Code=IT1:CL_REFAREA(1.2).015235">
          <Name xml:lang="it" xmlns="http://www.sdmx.org/resources/sdmxml/schemas/v2_1/common">Vermezzo</Name>
          <Name xml:lang="en" xmlns="http://www.sdmx.org/resources/sdmxml/schemas/v2_1/common">Vermezzo</Name>
          <Parent>
            <Ref id="ITC45" xmlns="" />
          </Parent>
        </Code>
        <Code id="015236" urn="urn:sdmx:org.sdmx.infomodel.codelist.Code=IT1:CL_REFAREA(1.2).015236">
          <Name xml:lang="it" xmlns="http://www.sdmx.org/resources/sdmxml/schemas/v2_1/common">Vernate</Name>
          <Name xml:lang="en" xmlns="http://www.sdmx.org/resources/sdmxml/schemas/v2_1/common">Vernate</Name>
          <Parent>
            <Ref id="ITC45" xmlns="" />
          </Parent>
        </Code>
        <Code id="015237" urn="urn:sdmx:org.sdmx.infomodel.codelist.Code=IT1:CL_REFAREA(1.2).015237">
          <Name xml:lang="it" xmlns="http://www.sdmx.org/resources/sdmxml/schemas/v2_1/common">Vignate</Name>
          <Name xml:lang="en" xmlns="http://www.sdmx.org/resources/sdmxml/schemas/v2_1/common">Vignate</Name>
          <Parent>
            <Ref id="ITC45" xmlns="" />
          </Parent>
        </Code>
        <Code id="015238" urn="urn:sdmx:org.sdmx.infomodel.codelist.Code=IT1:CL_REFAREA(1.2).015238">
          <Name xml:lang="it" xmlns="http://www.sdmx.org/resources/sdmxml/schemas/v2_1/common">Villanova del Sillaro</Name>
          <Name xml:lang="en" xmlns="http://www.sdmx.org/resources/sdmxml/schemas/v2_1/common">Villanova del Sillaro</Name>
          <Parent>
            <Ref id="ITC45" xmlns="" />
          </Parent>
        </Code>
        <Code id="015239" urn="urn:sdmx:org.sdmx.infomodel.codelist.Code=IT1:CL_REFAREA(1.2).015239">
          <Name xml:lang="it" xmlns="http://www.sdmx.org/resources/sdmxml/schemas/v2_1/common">Villasanta</Name>
          <Name xml:lang="en" xmlns="http://www.sdmx.org/resources/sdmxml/schemas/v2_1/common">Villasanta</Name>
          <Parent>
            <Ref id="ITC45" xmlns="" />
          </Parent>
        </Code>
        <Code id="015240" urn="urn:sdmx:org.sdmx.infomodel.codelist.Code=IT1:CL_REFAREA(1.2).015240">
          <Name xml:lang="it" xmlns="http://www.sdmx.org/resources/sdmxml/schemas/v2_1/common">Tavazzano con Villavesco</Name>
          <Name xml:lang="en" xmlns="http://www.sdmx.org/resources/sdmxml/schemas/v2_1/common">Tavazzano con Villavesco</Name>
          <Parent>
            <Ref id="ITC45" xmlns="" />
          </Parent>
        </Code>
        <Code id="015241" urn="urn:sdmx:org.sdmx.infomodel.codelist.Code=IT1:CL_REFAREA(1.2).015241">
          <Name xml:lang="it" xmlns="http://www.sdmx.org/resources/sdmxml/schemas/v2_1/common">Vimercate</Name>
          <Name xml:lang="en" xmlns="http://www.sdmx.org/resources/sdmxml/schemas/v2_1/common">Vimercate</Name>
          <Parent>
            <Ref id="ITC45" xmlns="" />
          </Parent>
        </Code>
        <Code id="015242" urn="urn:sdmx:org.sdmx.infomodel.codelist.Code=IT1:CL_REFAREA(1.2).015242">
          <Name xml:lang="it" xmlns="http://www.sdmx.org/resources/sdmxml/schemas/v2_1/common">Vimodrone</Name>
          <Name xml:lang="en" xmlns="http://www.sdmx.org/resources/sdmxml/schemas/v2_1/common">Vimodrone</Name>
          <Parent>
            <Ref id="ITC45" xmlns="" />
          </Parent>
        </Code>
        <Code id="015243" urn="urn:sdmx:org.sdmx.infomodel.codelist.Code=IT1:CL_REFAREA(1.2).015243">
          <Name xml:lang="it" xmlns="http://www.sdmx.org/resources/sdmxml/schemas/v2_1/common">Vittuone</Name>
          <Name xml:lang="en" xmlns="http://www.sdmx.org/resources/sdmxml/schemas/v2_1/common">Vittuone</Name>
          <Parent>
            <Ref id="ITC45" xmlns="" />
          </Parent>
        </Code>
        <Code id="015244" urn="urn:sdmx:org.sdmx.infomodel.codelist.Code=IT1:CL_REFAREA(1.2).015244">
          <Name xml:lang="it" xmlns="http://www.sdmx.org/resources/sdmxml/schemas/v2_1/common">Vizzolo Predabissi</Name>
          <Name xml:lang="en" xmlns="http://www.sdmx.org/resources/sdmxml/schemas/v2_1/common">Vizzolo Predabissi</Name>
          <Parent>
            <Ref id="ITC45" xmlns="" />
          </Parent>
        </Code>
        <Code id="015245" urn="urn:sdmx:org.sdmx.infomodel.codelist.Code=IT1:CL_REFAREA(1.2).015245">
          <Name xml:lang="it" xmlns="http://www.sdmx.org/resources/sdmxml/schemas/v2_1/common">Zelo Buon Persico</Name>
          <Name xml:lang="en" xmlns="http://www.sdmx.org/resources/sdmxml/schemas/v2_1/common">Zelo Buon Persico</Name>
          <Parent>
            <Ref id="ITC45" xmlns="" />
          </Parent>
        </Code>
        <Code id="015246" urn="urn:sdmx:org.sdmx.infomodel.codelist.Code=IT1:CL_REFAREA(1.2).015246">
          <Name xml:lang="it" xmlns="http://www.sdmx.org/resources/sdmxml/schemas/v2_1/common">Zelo Surrigone</Name>
          <Name xml:lang="en" xmlns="http://www.sdmx.org/resources/sdmxml/schemas/v2_1/common">Zelo Surrigone</Name>
          <Parent>
            <Ref id="ITC45" xmlns="" />
          </Parent>
        </Code>
        <Code id="015247" urn="urn:sdmx:org.sdmx.infomodel.codelist.Code=IT1:CL_REFAREA(1.2).015247">
          <Name xml:lang="it" xmlns="http://www.sdmx.org/resources/sdmxml/schemas/v2_1/common">Zibido San Giacomo</Name>
          <Name xml:lang="en" xmlns="http://www.sdmx.org/resources/sdmxml/schemas/v2_1/common">Zibido San Giacomo</Name>
          <Parent>
            <Ref id="ITC45" xmlns="" />
          </Parent>
        </Code>
        <Code id="015248" urn="urn:sdmx:org.sdmx.infomodel.codelist.Code=IT1:CL_REFAREA(1.2).015248">
          <Name xml:lang="it" xmlns="http://www.sdmx.org/resources/sdmxml/schemas/v2_1/common">Villa Cortese</Name>
          <Name xml:lang="en" xmlns="http://www.sdmx.org/resources/sdmxml/schemas/v2_1/common">Villa Cortese</Name>
          <Parent>
            <Ref id="ITC45" xmlns="" />
          </Parent>
        </Code>
        <Code id="015249" urn="urn:sdmx:org.sdmx.infomodel.codelist.Code=IT1:CL_REFAREA(1.2).015249">
          <Name xml:lang="it" xmlns="http://www.sdmx.org/resources/sdmxml/schemas/v2_1/common">Vanzaghello</Name>
          <Name xml:lang="en" xmlns="http://www.sdmx.org/resources/sdmxml/schemas/v2_1/common">Vanzaghello</Name>
          <Parent>
            <Ref id="ITC45" xmlns="" />
          </Parent>
        </Code>
        <Code id="015250" urn="urn:sdmx:org.sdmx.infomodel.codelist.Code=IT1:CL_REFAREA(1.2).015250">
          <Name xml:lang="it" xmlns="http://www.sdmx.org/resources/sdmxml/schemas/v2_1/common">Baranzate</Name>
          <Name xml:lang="en" xmlns="http://www.sdmx.org/resources/sdmxml/schemas/v2_1/common">Baranzate</Name>
          <Parent>
            <Ref id="ITC45" xmlns="" />
          </Parent>
        </Code>
        <Code id="016001" urn="urn:sdmx:org.sdmx.infomodel.codelist.Code=IT1:CL_REFAREA(1.2).016001">
          <Name xml:lang="it" xmlns="http://www.sdmx.org/resources/sdmxml/schemas/v2_1/common">Adrara San Martino</Name>
          <Name xml:lang="en" xmlns="http://www.sdmx.org/resources/sdmxml/schemas/v2_1/common">Adrara San Martino</Name>
          <Parent>
            <Ref id="ITC46" xmlns="" />
          </Parent>
        </Code>
        <Code id="016002" urn="urn:sdmx:org.sdmx.infomodel.codelist.Code=IT1:CL_REFAREA(1.2).016002">
          <Name xml:lang="it" xmlns="http://www.sdmx.org/resources/sdmxml/schemas/v2_1/common">Adrara San Rocco</Name>
          <Name xml:lang="en" xmlns="http://www.sdmx.org/resources/sdmxml/schemas/v2_1/common">Adrara San Rocco</Name>
          <Parent>
            <Ref id="ITC46" xmlns="" />
          </Parent>
        </Code>
        <Code id="016003" urn="urn:sdmx:org.sdmx.infomodel.codelist.Code=IT1:CL_REFAREA(1.2).016003">
          <Name xml:lang="it" xmlns="http://www.sdmx.org/resources/sdmxml/schemas/v2_1/common">Albano Sant'Alessandro</Name>
          <Name xml:lang="en" xmlns="http://www.sdmx.org/resources/sdmxml/schemas/v2_1/common">Albano Sant'Alessandro</Name>
          <Parent>
            <Ref id="ITC46" xmlns="" />
          </Parent>
        </Code>
        <Code id="016004" urn="urn:sdmx:org.sdmx.infomodel.codelist.Code=IT1:CL_REFAREA(1.2).016004">
          <Name xml:lang="it" xmlns="http://www.sdmx.org/resources/sdmxml/schemas/v2_1/common">Albino</Name>
          <Name xml:lang="en" xmlns="http://www.sdmx.org/resources/sdmxml/schemas/v2_1/common">Albino</Name>
          <Parent>
            <Ref id="ITC46" xmlns="" />
          </Parent>
        </Code>
        <Code id="016005" urn="urn:sdmx:org.sdmx.infomodel.codelist.Code=IT1:CL_REFAREA(1.2).016005">
          <Name xml:lang="it" xmlns="http://www.sdmx.org/resources/sdmxml/schemas/v2_1/common">Almè</Name>
          <Name xml:lang="en" xmlns="http://www.sdmx.org/resources/sdmxml/schemas/v2_1/common">Almè</Name>
          <Parent>
            <Ref id="ITC46" xmlns="" />
          </Parent>
        </Code>
        <Code id="016006" urn="urn:sdmx:org.sdmx.infomodel.codelist.Code=IT1:CL_REFAREA(1.2).016006">
          <Name xml:lang="it" xmlns="http://www.sdmx.org/resources/sdmxml/schemas/v2_1/common">Almenno San Bartolomeo</Name>
          <Name xml:lang="en" xmlns="http://www.sdmx.org/resources/sdmxml/schemas/v2_1/common">Almenno San Bartolomeo</Name>
          <Parent>
            <Ref id="ITC46" xmlns="" />
          </Parent>
        </Code>
        <Code id="016007" urn="urn:sdmx:org.sdmx.infomodel.codelist.Code=IT1:CL_REFAREA(1.2).016007">
          <Name xml:lang="it" xmlns="http://www.sdmx.org/resources/sdmxml/schemas/v2_1/common">Almenno San Salvatore</Name>
          <Name xml:lang="en" xmlns="http://www.sdmx.org/resources/sdmxml/schemas/v2_1/common">Almenno San Salvatore</Name>
          <Parent>
            <Ref id="ITC46" xmlns="" />
          </Parent>
        </Code>
        <Code id="016008" urn="urn:sdmx:org.sdmx.infomodel.codelist.Code=IT1:CL_REFAREA(1.2).016008">
          <Name xml:lang="it" xmlns="http://www.sdmx.org/resources/sdmxml/schemas/v2_1/common">Alzano Lombardo</Name>
          <Name xml:lang="en" xmlns="http://www.sdmx.org/resources/sdmxml/schemas/v2_1/common">Alzano Lombardo</Name>
          <Parent>
            <Ref id="ITC46" xmlns="" />
          </Parent>
        </Code>
        <Code id="016009" urn="urn:sdmx:org.sdmx.infomodel.codelist.Code=IT1:CL_REFAREA(1.2).016009">
          <Name xml:lang="it" xmlns="http://www.sdmx.org/resources/sdmxml/schemas/v2_1/common">Ambivere</Name>
          <Name xml:lang="en" xmlns="http://www.sdmx.org/resources/sdmxml/schemas/v2_1/common">Ambivere</Name>
          <Parent>
            <Ref id="ITC46" xmlns="" />
          </Parent>
        </Code>
        <Code id="016010" urn="urn:sdmx:org.sdmx.infomodel.codelist.Code=IT1:CL_REFAREA(1.2).016010">
          <Name xml:lang="it" xmlns="http://www.sdmx.org/resources/sdmxml/schemas/v2_1/common">Antegnate</Name>
          <Name xml:lang="en" xmlns="http://www.sdmx.org/resources/sdmxml/schemas/v2_1/common">Antegnate</Name>
          <Parent>
            <Ref id="ITC46" xmlns="" />
          </Parent>
        </Code>
        <Code id="016011" urn="urn:sdmx:org.sdmx.infomodel.codelist.Code=IT1:CL_REFAREA(1.2).016011">
          <Name xml:lang="it" xmlns="http://www.sdmx.org/resources/sdmxml/schemas/v2_1/common">Arcene</Name>
          <Name xml:lang="en" xmlns="http://www.sdmx.org/resources/sdmxml/schemas/v2_1/common">Arcene</Name>
          <Parent>
            <Ref id="ITC46" xmlns="" />
          </Parent>
        </Code>
        <Code id="016012" urn="urn:sdmx:org.sdmx.infomodel.codelist.Code=IT1:CL_REFAREA(1.2).016012">
          <Name xml:lang="it" xmlns="http://www.sdmx.org/resources/sdmxml/schemas/v2_1/common">Ardesio</Name>
          <Name xml:lang="en" xmlns="http://www.sdmx.org/resources/sdmxml/schemas/v2_1/common">Ardesio</Name>
          <Parent>
            <Ref id="ITC46" xmlns="" />
          </Parent>
        </Code>
        <Code id="016013" urn="urn:sdmx:org.sdmx.infomodel.codelist.Code=IT1:CL_REFAREA(1.2).016013">
          <Name xml:lang="it" xmlns="http://www.sdmx.org/resources/sdmxml/schemas/v2_1/common">Arzago d'Adda</Name>
          <Name xml:lang="en" xmlns="http://www.sdmx.org/resources/sdmxml/schemas/v2_1/common">Arzago d'Adda</Name>
          <Parent>
            <Ref id="ITC46" xmlns="" />
          </Parent>
        </Code>
        <Code id="016014" urn="urn:sdmx:org.sdmx.infomodel.codelist.Code=IT1:CL_REFAREA(1.2).016014">
          <Name xml:lang="it" xmlns="http://www.sdmx.org/resources/sdmxml/schemas/v2_1/common">Averara</Name>
          <Name xml:lang="en" xmlns="http://www.sdmx.org/resources/sdmxml/schemas/v2_1/common">Averara</Name>
          <Parent>
            <Ref id="ITC46" xmlns="" />
          </Parent>
        </Code>
        <Code id="016015" urn="urn:sdmx:org.sdmx.infomodel.codelist.Code=IT1:CL_REFAREA(1.2).016015">
          <Name xml:lang="it" xmlns="http://www.sdmx.org/resources/sdmxml/schemas/v2_1/common">Aviatico</Name>
          <Name xml:lang="en" xmlns="http://www.sdmx.org/resources/sdmxml/schemas/v2_1/common">Aviatico</Name>
          <Parent>
            <Ref id="ITC46" xmlns="" />
          </Parent>
        </Code>
        <Code id="016016" urn="urn:sdmx:org.sdmx.infomodel.codelist.Code=IT1:CL_REFAREA(1.2).016016">
          <Name xml:lang="it" xmlns="http://www.sdmx.org/resources/sdmxml/schemas/v2_1/common">Azzano San Paolo</Name>
          <Name xml:lang="en" xmlns="http://www.sdmx.org/resources/sdmxml/schemas/v2_1/common">Azzano San Paolo</Name>
          <Parent>
            <Ref id="ITC46" xmlns="" />
          </Parent>
        </Code>
        <Code id="016017" urn="urn:sdmx:org.sdmx.infomodel.codelist.Code=IT1:CL_REFAREA(1.2).016017">
          <Name xml:lang="it" xmlns="http://www.sdmx.org/resources/sdmxml/schemas/v2_1/common">Azzone</Name>
          <Name xml:lang="en" xmlns="http://www.sdmx.org/resources/sdmxml/schemas/v2_1/common">Azzone</Name>
          <Parent>
            <Ref id="ITC46" xmlns="" />
          </Parent>
        </Code>
        <Code id="016018" urn="urn:sdmx:org.sdmx.infomodel.codelist.Code=IT1:CL_REFAREA(1.2).016018">
          <Name xml:lang="it" xmlns="http://www.sdmx.org/resources/sdmxml/schemas/v2_1/common">Bagnatica</Name>
          <Name xml:lang="en" xmlns="http://www.sdmx.org/resources/sdmxml/schemas/v2_1/common">Bagnatica</Name>
          <Parent>
            <Ref id="ITC46" xmlns="" />
          </Parent>
        </Code>
        <Code id="016019" urn="urn:sdmx:org.sdmx.infomodel.codelist.Code=IT1:CL_REFAREA(1.2).016019">
          <Name xml:lang="it" xmlns="http://www.sdmx.org/resources/sdmxml/schemas/v2_1/common">Barbata</Name>
          <Name xml:lang="en" xmlns="http://www.sdmx.org/resources/sdmxml/schemas/v2_1/common">Barbata</Name>
          <Parent>
            <Ref id="ITC46" xmlns="" />
          </Parent>
        </Code>
        <Code id="016020" urn="urn:sdmx:org.sdmx.infomodel.codelist.Code=IT1:CL_REFAREA(1.2).016020">
          <Name xml:lang="it" xmlns="http://www.sdmx.org/resources/sdmxml/schemas/v2_1/common">Bariano</Name>
          <Name xml:lang="en" xmlns="http://www.sdmx.org/resources/sdmxml/schemas/v2_1/common">Bariano</Name>
          <Parent>
            <Ref id="ITC46" xmlns="" />
          </Parent>
        </Code>
        <Code id="016021" urn="urn:sdmx:org.sdmx.infomodel.codelist.Code=IT1:CL_REFAREA(1.2).016021">
          <Name xml:lang="it" xmlns="http://www.sdmx.org/resources/sdmxml/schemas/v2_1/common">Barzana</Name>
          <Name xml:lang="en" xmlns="http://www.sdmx.org/resources/sdmxml/schemas/v2_1/common">Barzana</Name>
          <Parent>
            <Ref id="ITC46" xmlns="" />
          </Parent>
        </Code>
        <Code id="016022" urn="urn:sdmx:org.sdmx.infomodel.codelist.Code=IT1:CL_REFAREA(1.2).016022">
          <Name xml:lang="it" xmlns="http://www.sdmx.org/resources/sdmxml/schemas/v2_1/common">Bedulita</Name>
          <Name xml:lang="en" xmlns="http://www.sdmx.org/resources/sdmxml/schemas/v2_1/common">Bedulita</Name>
          <Parent>
            <Ref id="ITC46" xmlns="" />
          </Parent>
        </Code>
        <Code id="016023" urn="urn:sdmx:org.sdmx.infomodel.codelist.Code=IT1:CL_REFAREA(1.2).016023">
          <Name xml:lang="it" xmlns="http://www.sdmx.org/resources/sdmxml/schemas/v2_1/common">Berbenno</Name>
          <Name xml:lang="en" xmlns="http://www.sdmx.org/resources/sdmxml/schemas/v2_1/common">Berbenno</Name>
          <Parent>
            <Ref id="ITC46" xmlns="" />
          </Parent>
        </Code>
        <Code id="016024" urn="urn:sdmx:org.sdmx.infomodel.codelist.Code=IT1:CL_REFAREA(1.2).016024">
          <Name xml:lang="it" xmlns="http://www.sdmx.org/resources/sdmxml/schemas/v2_1/common">Bergamo</Name>
          <Name xml:lang="en" xmlns="http://www.sdmx.org/resources/sdmxml/schemas/v2_1/common">Bergamo</Name>
          <Parent>
            <Ref id="ITC46" xmlns="" />
          </Parent>
        </Code>
        <Code id="016025" urn="urn:sdmx:org.sdmx.infomodel.codelist.Code=IT1:CL_REFAREA(1.2).016025">
          <Name xml:lang="it" xmlns="http://www.sdmx.org/resources/sdmxml/schemas/v2_1/common">Berzo San Fermo</Name>
          <Name xml:lang="en" xmlns="http://www.sdmx.org/resources/sdmxml/schemas/v2_1/common">Berzo San Fermo</Name>
          <Parent>
            <Ref id="ITC46" xmlns="" />
          </Parent>
        </Code>
        <Code id="016026" urn="urn:sdmx:org.sdmx.infomodel.codelist.Code=IT1:CL_REFAREA(1.2).016026">
          <Name xml:lang="it" xmlns="http://www.sdmx.org/resources/sdmxml/schemas/v2_1/common">Bianzano</Name>
          <Name xml:lang="en" xmlns="http://www.sdmx.org/resources/sdmxml/schemas/v2_1/common">Bianzano</Name>
          <Parent>
            <Ref id="ITC46" xmlns="" />
          </Parent>
        </Code>
        <Code id="016027" urn="urn:sdmx:org.sdmx.infomodel.codelist.Code=IT1:CL_REFAREA(1.2).016027">
          <Name xml:lang="it" xmlns="http://www.sdmx.org/resources/sdmxml/schemas/v2_1/common">Blello</Name>
          <Name xml:lang="en" xmlns="http://www.sdmx.org/resources/sdmxml/schemas/v2_1/common">Blello</Name>
          <Parent>
            <Ref id="ITC46" xmlns="" />
          </Parent>
        </Code>
        <Code id="016028" urn="urn:sdmx:org.sdmx.infomodel.codelist.Code=IT1:CL_REFAREA(1.2).016028">
          <Name xml:lang="it" xmlns="http://www.sdmx.org/resources/sdmxml/schemas/v2_1/common">Bolgare</Name>
          <Name xml:lang="en" xmlns="http://www.sdmx.org/resources/sdmxml/schemas/v2_1/common">Bolgare</Name>
          <Parent>
            <Ref id="ITC46" xmlns="" />
          </Parent>
        </Code>
        <Code id="016029" urn="urn:sdmx:org.sdmx.infomodel.codelist.Code=IT1:CL_REFAREA(1.2).016029">
          <Name xml:lang="it" xmlns="http://www.sdmx.org/resources/sdmxml/schemas/v2_1/common">Boltiere</Name>
          <Name xml:lang="en" xmlns="http://www.sdmx.org/resources/sdmxml/schemas/v2_1/common">Boltiere</Name>
          <Parent>
            <Ref id="ITC46" xmlns="" />
          </Parent>
        </Code>
        <Code id="016030" urn="urn:sdmx:org.sdmx.infomodel.codelist.Code=IT1:CL_REFAREA(1.2).016030">
          <Name xml:lang="it" xmlns="http://www.sdmx.org/resources/sdmxml/schemas/v2_1/common">Bonate Sopra</Name>
          <Name xml:lang="en" xmlns="http://www.sdmx.org/resources/sdmxml/schemas/v2_1/common">Bonate Sopra</Name>
          <Parent>
            <Ref id="ITC46" xmlns="" />
          </Parent>
        </Code>
        <Code id="016031" urn="urn:sdmx:org.sdmx.infomodel.codelist.Code=IT1:CL_REFAREA(1.2).016031">
          <Name xml:lang="it" xmlns="http://www.sdmx.org/resources/sdmxml/schemas/v2_1/common">Bonate Sotto</Name>
          <Name xml:lang="en" xmlns="http://www.sdmx.org/resources/sdmxml/schemas/v2_1/common">Bonate Sotto</Name>
          <Parent>
            <Ref id="ITC46" xmlns="" />
          </Parent>
        </Code>
        <Code id="016032" urn="urn:sdmx:org.sdmx.infomodel.codelist.Code=IT1:CL_REFAREA(1.2).016032">
          <Name xml:lang="it" xmlns="http://www.sdmx.org/resources/sdmxml/schemas/v2_1/common">Borgo di Terzo</Name>
          <Name xml:lang="en" xmlns="http://www.sdmx.org/resources/sdmxml/schemas/v2_1/common">Borgo di Terzo</Name>
          <Parent>
            <Ref id="ITC46" xmlns="" />
          </Parent>
        </Code>
        <Code id="016033" urn="urn:sdmx:org.sdmx.infomodel.codelist.Code=IT1:CL_REFAREA(1.2).016033">
          <Name xml:lang="it" xmlns="http://www.sdmx.org/resources/sdmxml/schemas/v2_1/common">Bossico</Name>
          <Name xml:lang="en" xmlns="http://www.sdmx.org/resources/sdmxml/schemas/v2_1/common">Bossico</Name>
          <Parent>
            <Ref id="ITC46" xmlns="" />
          </Parent>
        </Code>
        <Code id="016034" urn="urn:sdmx:org.sdmx.infomodel.codelist.Code=IT1:CL_REFAREA(1.2).016034">
          <Name xml:lang="it" xmlns="http://www.sdmx.org/resources/sdmxml/schemas/v2_1/common">Bottanuco</Name>
          <Name xml:lang="en" xmlns="http://www.sdmx.org/resources/sdmxml/schemas/v2_1/common">Bottanuco</Name>
          <Parent>
            <Ref id="ITC46" xmlns="" />
          </Parent>
        </Code>
        <Code id="016035" urn="urn:sdmx:org.sdmx.infomodel.codelist.Code=IT1:CL_REFAREA(1.2).016035">
          <Name xml:lang="it" xmlns="http://www.sdmx.org/resources/sdmxml/schemas/v2_1/common">Bracca</Name>
          <Name xml:lang="en" xmlns="http://www.sdmx.org/resources/sdmxml/schemas/v2_1/common">Bracca</Name>
          <Parent>
            <Ref id="ITC46" xmlns="" />
          </Parent>
        </Code>
        <Code id="016036" urn="urn:sdmx:org.sdmx.infomodel.codelist.Code=IT1:CL_REFAREA(1.2).016036">
          <Name xml:lang="it" xmlns="http://www.sdmx.org/resources/sdmxml/schemas/v2_1/common">Branzi</Name>
          <Name xml:lang="en" xmlns="http://www.sdmx.org/resources/sdmxml/schemas/v2_1/common">Branzi</Name>
          <Parent>
            <Ref id="ITC46" xmlns="" />
          </Parent>
        </Code>
        <Code id="016037" urn="urn:sdmx:org.sdmx.infomodel.codelist.Code=IT1:CL_REFAREA(1.2).016037">
          <Name xml:lang="it" xmlns="http://www.sdmx.org/resources/sdmxml/schemas/v2_1/common">Brembate</Name>
          <Name xml:lang="en" xmlns="http://www.sdmx.org/resources/sdmxml/schemas/v2_1/common">Brembate</Name>
          <Parent>
            <Ref id="ITC46" xmlns="" />
          </Parent>
        </Code>
        <Code id="016038" urn="urn:sdmx:org.sdmx.infomodel.codelist.Code=IT1:CL_REFAREA(1.2).016038">
          <Name xml:lang="it" xmlns="http://www.sdmx.org/resources/sdmxml/schemas/v2_1/common">Brembate di Sopra</Name>
          <Name xml:lang="en" xmlns="http://www.sdmx.org/resources/sdmxml/schemas/v2_1/common">Brembate di Sopra</Name>
          <Parent>
            <Ref id="ITC46" xmlns="" />
          </Parent>
        </Code>
        <Code id="016039" urn="urn:sdmx:org.sdmx.infomodel.codelist.Code=IT1:CL_REFAREA(1.2).016039">
          <Name xml:lang="it" xmlns="http://www.sdmx.org/resources/sdmxml/schemas/v2_1/common">Brembilla</Name>
          <Name xml:lang="en" xmlns="http://www.sdmx.org/resources/sdmxml/schemas/v2_1/common">Brembilla</Name>
          <Parent>
            <Ref id="ITC46" xmlns="" />
          </Parent>
        </Code>
        <Code id="016040" urn="urn:sdmx:org.sdmx.infomodel.codelist.Code=IT1:CL_REFAREA(1.2).016040">
          <Name xml:lang="it" xmlns="http://www.sdmx.org/resources/sdmxml/schemas/v2_1/common">Brignano Gera d'Adda</Name>
          <Name xml:lang="en" xmlns="http://www.sdmx.org/resources/sdmxml/schemas/v2_1/common">Brignano Gera d'Adda</Name>
          <Parent>
            <Ref id="ITC46" xmlns="" />
          </Parent>
        </Code>
        <Code id="016041" urn="urn:sdmx:org.sdmx.infomodel.codelist.Code=IT1:CL_REFAREA(1.2).016041">
          <Name xml:lang="it" xmlns="http://www.sdmx.org/resources/sdmxml/schemas/v2_1/common">Brumano</Name>
          <Name xml:lang="en" xmlns="http://www.sdmx.org/resources/sdmxml/schemas/v2_1/common">Brumano</Name>
          <Parent>
            <Ref id="ITC46" xmlns="" />
          </Parent>
        </Code>
        <Code id="016042" urn="urn:sdmx:org.sdmx.infomodel.codelist.Code=IT1:CL_REFAREA(1.2).016042">
          <Name xml:lang="it" xmlns="http://www.sdmx.org/resources/sdmxml/schemas/v2_1/common">Brusaporto</Name>
          <Name xml:lang="en" xmlns="http://www.sdmx.org/resources/sdmxml/schemas/v2_1/common">Brusaporto</Name>
          <Parent>
            <Ref id="ITC46" xmlns="" />
          </Parent>
        </Code>
        <Code id="016043" urn="urn:sdmx:org.sdmx.infomodel.codelist.Code=IT1:CL_REFAREA(1.2).016043">
          <Name xml:lang="it" xmlns="http://www.sdmx.org/resources/sdmxml/schemas/v2_1/common">Calcinate</Name>
          <Name xml:lang="en" xmlns="http://www.sdmx.org/resources/sdmxml/schemas/v2_1/common">Calcinate</Name>
          <Parent>
            <Ref id="ITC46" xmlns="" />
          </Parent>
        </Code>
        <Code id="016044" urn="urn:sdmx:org.sdmx.infomodel.codelist.Code=IT1:CL_REFAREA(1.2).016044">
          <Name xml:lang="it" xmlns="http://www.sdmx.org/resources/sdmxml/schemas/v2_1/common">Calcio</Name>
          <Name xml:lang="en" xmlns="http://www.sdmx.org/resources/sdmxml/schemas/v2_1/common">Calcio</Name>
          <Parent>
            <Ref id="ITC46" xmlns="" />
          </Parent>
        </Code>
        <Code id="016045" urn="urn:sdmx:org.sdmx.infomodel.codelist.Code=IT1:CL_REFAREA(1.2).016045">
          <Name xml:lang="it" xmlns="http://www.sdmx.org/resources/sdmxml/schemas/v2_1/common">Calolziocorte</Name>
          <Name xml:lang="en" xmlns="http://www.sdmx.org/resources/sdmxml/schemas/v2_1/common">Calolziocorte</Name>
          <Parent>
            <Ref id="ITC46" xmlns="" />
          </Parent>
        </Code>
        <Code id="016046" urn="urn:sdmx:org.sdmx.infomodel.codelist.Code=IT1:CL_REFAREA(1.2).016046">
          <Name xml:lang="it" xmlns="http://www.sdmx.org/resources/sdmxml/schemas/v2_1/common">Calusco d'Adda</Name>
          <Name xml:lang="en" xmlns="http://www.sdmx.org/resources/sdmxml/schemas/v2_1/common">Calusco d'Adda</Name>
          <Parent>
            <Ref id="ITC46" xmlns="" />
          </Parent>
        </Code>
        <Code id="016047" urn="urn:sdmx:org.sdmx.infomodel.codelist.Code=IT1:CL_REFAREA(1.2).016047">
          <Name xml:lang="it" xmlns="http://www.sdmx.org/resources/sdmxml/schemas/v2_1/common">Calvenzano</Name>
          <Name xml:lang="en" xmlns="http://www.sdmx.org/resources/sdmxml/schemas/v2_1/common">Calvenzano</Name>
          <Parent>
            <Ref id="ITC46" xmlns="" />
          </Parent>
        </Code>
        <Code id="016048" urn="urn:sdmx:org.sdmx.infomodel.codelist.Code=IT1:CL_REFAREA(1.2).016048">
          <Name xml:lang="it" xmlns="http://www.sdmx.org/resources/sdmxml/schemas/v2_1/common">Camerata Cornello</Name>
          <Name xml:lang="en" xmlns="http://www.sdmx.org/resources/sdmxml/schemas/v2_1/common">Camerata Cornello</Name>
          <Parent>
            <Ref id="ITC46" xmlns="" />
          </Parent>
        </Code>
        <Code id="016049" urn="urn:sdmx:org.sdmx.infomodel.codelist.Code=IT1:CL_REFAREA(1.2).016049">
          <Name xml:lang="it" xmlns="http://www.sdmx.org/resources/sdmxml/schemas/v2_1/common">Canonica d'Adda</Name>
          <Name xml:lang="en" xmlns="http://www.sdmx.org/resources/sdmxml/schemas/v2_1/common">Canonica d'Adda</Name>
          <Parent>
            <Ref id="ITC46" xmlns="" />
          </Parent>
        </Code>
        <Code id="016050" urn="urn:sdmx:org.sdmx.infomodel.codelist.Code=IT1:CL_REFAREA(1.2).016050">
          <Name xml:lang="it" xmlns="http://www.sdmx.org/resources/sdmxml/schemas/v2_1/common">Capizzone</Name>
          <Name xml:lang="en" xmlns="http://www.sdmx.org/resources/sdmxml/schemas/v2_1/common">Capizzone</Name>
          <Parent>
            <Ref id="ITC46" xmlns="" />
          </Parent>
        </Code>
        <Code id="016051" urn="urn:sdmx:org.sdmx.infomodel.codelist.Code=IT1:CL_REFAREA(1.2).016051">
          <Name xml:lang="it" xmlns="http://www.sdmx.org/resources/sdmxml/schemas/v2_1/common">Capriate San Gervasio</Name>
          <Name xml:lang="en" xmlns="http://www.sdmx.org/resources/sdmxml/schemas/v2_1/common">Capriate San Gervasio</Name>
          <Parent>
            <Ref id="ITC46" xmlns="" />
          </Parent>
        </Code>
        <Code id="016052" urn="urn:sdmx:org.sdmx.infomodel.codelist.Code=IT1:CL_REFAREA(1.2).016052">
          <Name xml:lang="it" xmlns="http://www.sdmx.org/resources/sdmxml/schemas/v2_1/common">Caprino Bergamasco</Name>
          <Name xml:lang="en" xmlns="http://www.sdmx.org/resources/sdmxml/schemas/v2_1/common">Caprino Bergamasco</Name>
          <Parent>
            <Ref id="ITC46" xmlns="" />
          </Parent>
        </Code>
        <Code id="016053" urn="urn:sdmx:org.sdmx.infomodel.codelist.Code=IT1:CL_REFAREA(1.2).016053">
          <Name xml:lang="it" xmlns="http://www.sdmx.org/resources/sdmxml/schemas/v2_1/common">Caravaggio</Name>
          <Name xml:lang="en" xmlns="http://www.sdmx.org/resources/sdmxml/schemas/v2_1/common">Caravaggio</Name>
          <Parent>
            <Ref id="ITC46" xmlns="" />
          </Parent>
        </Code>
        <Code id="016054" urn="urn:sdmx:org.sdmx.infomodel.codelist.Code=IT1:CL_REFAREA(1.2).016054">
          <Name xml:lang="it" xmlns="http://www.sdmx.org/resources/sdmxml/schemas/v2_1/common">Carenno</Name>
          <Name xml:lang="en" xmlns="http://www.sdmx.org/resources/sdmxml/schemas/v2_1/common">Carenno</Name>
          <Parent>
            <Ref id="ITC46" xmlns="" />
          </Parent>
        </Code>
        <Code id="016055" urn="urn:sdmx:org.sdmx.infomodel.codelist.Code=IT1:CL_REFAREA(1.2).016055">
          <Name xml:lang="it" xmlns="http://www.sdmx.org/resources/sdmxml/schemas/v2_1/common">Carobbio degli Angeli</Name>
          <Name xml:lang="en" xmlns="http://www.sdmx.org/resources/sdmxml/schemas/v2_1/common">Carobbio degli Angeli</Name>
          <Parent>
            <Ref id="ITC46" xmlns="" />
          </Parent>
        </Code>
        <Code id="016056" urn="urn:sdmx:org.sdmx.infomodel.codelist.Code=IT1:CL_REFAREA(1.2).016056">
          <Name xml:lang="it" xmlns="http://www.sdmx.org/resources/sdmxml/schemas/v2_1/common">Carona</Name>
          <Name xml:lang="en" xmlns="http://www.sdmx.org/resources/sdmxml/schemas/v2_1/common">Carona</Name>
          <Parent>
            <Ref id="ITC46" xmlns="" />
          </Parent>
        </Code>
        <Code id="016057" urn="urn:sdmx:org.sdmx.infomodel.codelist.Code=IT1:CL_REFAREA(1.2).016057">
          <Name xml:lang="it" xmlns="http://www.sdmx.org/resources/sdmxml/schemas/v2_1/common">Carvico</Name>
          <Name xml:lang="en" xmlns="http://www.sdmx.org/resources/sdmxml/schemas/v2_1/common">Carvico</Name>
          <Parent>
            <Ref id="ITC46" xmlns="" />
          </Parent>
        </Code>
        <Code id="016058" urn="urn:sdmx:org.sdmx.infomodel.codelist.Code=IT1:CL_REFAREA(1.2).016058">
          <Name xml:lang="it" xmlns="http://www.sdmx.org/resources/sdmxml/schemas/v2_1/common">Casazza</Name>
          <Name xml:lang="en" xmlns="http://www.sdmx.org/resources/sdmxml/schemas/v2_1/common">Casazza</Name>
          <Parent>
            <Ref id="ITC46" xmlns="" />
          </Parent>
        </Code>
        <Code id="016059" urn="urn:sdmx:org.sdmx.infomodel.codelist.Code=IT1:CL_REFAREA(1.2).016059">
          <Name xml:lang="it" xmlns="http://www.sdmx.org/resources/sdmxml/schemas/v2_1/common">Casirate d'Adda</Name>
          <Name xml:lang="en" xmlns="http://www.sdmx.org/resources/sdmxml/schemas/v2_1/common">Casirate d'Adda</Name>
          <Parent>
            <Ref id="ITC46" xmlns="" />
          </Parent>
        </Code>
        <Code id="016060" urn="urn:sdmx:org.sdmx.infomodel.codelist.Code=IT1:CL_REFAREA(1.2).016060">
          <Name xml:lang="it" xmlns="http://www.sdmx.org/resources/sdmxml/schemas/v2_1/common">Casnigo</Name>
          <Name xml:lang="en" xmlns="http://www.sdmx.org/resources/sdmxml/schemas/v2_1/common">Casnigo</Name>
          <Parent>
            <Ref id="ITC46" xmlns="" />
          </Parent>
        </Code>
        <Code id="016061" urn="urn:sdmx:org.sdmx.infomodel.codelist.Code=IT1:CL_REFAREA(1.2).016061">
          <Name xml:lang="it" xmlns="http://www.sdmx.org/resources/sdmxml/schemas/v2_1/common">Cassiglio</Name>
          <Name xml:lang="en" xmlns="http://www.sdmx.org/resources/sdmxml/schemas/v2_1/common">Cassiglio</Name>
          <Parent>
            <Ref id="ITC46" xmlns="" />
          </Parent>
        </Code>
        <Code id="016062" urn="urn:sdmx:org.sdmx.infomodel.codelist.Code=IT1:CL_REFAREA(1.2).016062">
          <Name xml:lang="it" xmlns="http://www.sdmx.org/resources/sdmxml/schemas/v2_1/common">Castelli Calepio</Name>
          <Name xml:lang="en" xmlns="http://www.sdmx.org/resources/sdmxml/schemas/v2_1/common">Castelli Calepio</Name>
          <Parent>
            <Ref id="ITC46" xmlns="" />
          </Parent>
        </Code>
        <Code id="016063" urn="urn:sdmx:org.sdmx.infomodel.codelist.Code=IT1:CL_REFAREA(1.2).016063">
          <Name xml:lang="it" xmlns="http://www.sdmx.org/resources/sdmxml/schemas/v2_1/common">Castel Rozzone</Name>
          <Name xml:lang="en" xmlns="http://www.sdmx.org/resources/sdmxml/schemas/v2_1/common">Castel Rozzone</Name>
          <Parent>
            <Ref id="ITC46" xmlns="" />
          </Parent>
        </Code>
        <Code id="016064" urn="urn:sdmx:org.sdmx.infomodel.codelist.Code=IT1:CL_REFAREA(1.2).016064">
          <Name xml:lang="it" xmlns="http://www.sdmx.org/resources/sdmxml/schemas/v2_1/common">Castione della Presolana</Name>
          <Name xml:lang="en" xmlns="http://www.sdmx.org/resources/sdmxml/schemas/v2_1/common">Castione della Presolana</Name>
          <Parent>
            <Ref id="ITC46" xmlns="" />
          </Parent>
        </Code>
        <Code id="016065" urn="urn:sdmx:org.sdmx.infomodel.codelist.Code=IT1:CL_REFAREA(1.2).016065">
          <Name xml:lang="it" xmlns="http://www.sdmx.org/resources/sdmxml/schemas/v2_1/common">Castro</Name>
          <Name xml:lang="en" xmlns="http://www.sdmx.org/resources/sdmxml/schemas/v2_1/common">Castro</Name>
          <Parent>
            <Ref id="ITC46" xmlns="" />
          </Parent>
        </Code>
        <Code id="016066" urn="urn:sdmx:org.sdmx.infomodel.codelist.Code=IT1:CL_REFAREA(1.2).016066">
          <Name xml:lang="it" xmlns="http://www.sdmx.org/resources/sdmxml/schemas/v2_1/common">Cavernago</Name>
          <Name xml:lang="en" xmlns="http://www.sdmx.org/resources/sdmxml/schemas/v2_1/common">Cavernago</Name>
          <Parent>
            <Ref id="ITC46" xmlns="" />
          </Parent>
        </Code>
        <Code id="016067" urn="urn:sdmx:org.sdmx.infomodel.codelist.Code=IT1:CL_REFAREA(1.2).016067">
          <Name xml:lang="it" xmlns="http://www.sdmx.org/resources/sdmxml/schemas/v2_1/common">Cazzano Sant'Andrea</Name>
          <Name xml:lang="en" xmlns="http://www.sdmx.org/resources/sdmxml/schemas/v2_1/common">Cazzano Sant'Andrea</Name>
          <Parent>
            <Ref id="ITC46" xmlns="" />
          </Parent>
        </Code>
        <Code id="016068" urn="urn:sdmx:org.sdmx.infomodel.codelist.Code=IT1:CL_REFAREA(1.2).016068">
          <Name xml:lang="it" xmlns="http://www.sdmx.org/resources/sdmxml/schemas/v2_1/common">Cenate Sopra</Name>
          <Name xml:lang="en" xmlns="http://www.sdmx.org/resources/sdmxml/schemas/v2_1/common">Cenate Sopra</Name>
          <Parent>
            <Ref id="ITC46" xmlns="" />
          </Parent>
        </Code>
        <Code id="016069" urn="urn:sdmx:org.sdmx.infomodel.codelist.Code=IT1:CL_REFAREA(1.2).016069">
          <Name xml:lang="it" xmlns="http://www.sdmx.org/resources/sdmxml/schemas/v2_1/common">Cenate Sotto</Name>
          <Name xml:lang="en" xmlns="http://www.sdmx.org/resources/sdmxml/schemas/v2_1/common">Cenate Sotto</Name>
          <Parent>
            <Ref id="ITC46" xmlns="" />
          </Parent>
        </Code>
        <Code id="016070" urn="urn:sdmx:org.sdmx.infomodel.codelist.Code=IT1:CL_REFAREA(1.2).016070">
          <Name xml:lang="it" xmlns="http://www.sdmx.org/resources/sdmxml/schemas/v2_1/common">Cene</Name>
          <Name xml:lang="en" xmlns="http://www.sdmx.org/resources/sdmxml/schemas/v2_1/common">Cene</Name>
          <Parent>
            <Ref id="ITC46" xmlns="" />
          </Parent>
        </Code>
        <Code id="016071" urn="urn:sdmx:org.sdmx.infomodel.codelist.Code=IT1:CL_REFAREA(1.2).016071">
          <Name xml:lang="it" xmlns="http://www.sdmx.org/resources/sdmxml/schemas/v2_1/common">Cerete</Name>
          <Name xml:lang="en" xmlns="http://www.sdmx.org/resources/sdmxml/schemas/v2_1/common">Cerete</Name>
          <Parent>
            <Ref id="ITC46" xmlns="" />
          </Parent>
        </Code>
        <Code id="016072" urn="urn:sdmx:org.sdmx.infomodel.codelist.Code=IT1:CL_REFAREA(1.2).016072">
          <Name xml:lang="it" xmlns="http://www.sdmx.org/resources/sdmxml/schemas/v2_1/common">Chignolo d'Isola</Name>
          <Name xml:lang="en" xmlns="http://www.sdmx.org/resources/sdmxml/schemas/v2_1/common">Chignolo d'Isola</Name>
          <Parent>
            <Ref id="ITC46" xmlns="" />
          </Parent>
        </Code>
        <Code id="016073" urn="urn:sdmx:org.sdmx.infomodel.codelist.Code=IT1:CL_REFAREA(1.2).016073">
          <Name xml:lang="it" xmlns="http://www.sdmx.org/resources/sdmxml/schemas/v2_1/common">Chiuduno</Name>
          <Name xml:lang="en" xmlns="http://www.sdmx.org/resources/sdmxml/schemas/v2_1/common">Chiuduno</Name>
          <Parent>
            <Ref id="ITC46" xmlns="" />
          </Parent>
        </Code>
        <Code id="016074" urn="urn:sdmx:org.sdmx.infomodel.codelist.Code=IT1:CL_REFAREA(1.2).016074">
          <Name xml:lang="it" xmlns="http://www.sdmx.org/resources/sdmxml/schemas/v2_1/common">Cisano Bergamasco</Name>
          <Name xml:lang="en" xmlns="http://www.sdmx.org/resources/sdmxml/schemas/v2_1/common">Cisano Bergamasco</Name>
          <Parent>
            <Ref id="ITC46" xmlns="" />
          </Parent>
        </Code>
        <Code id="016075" urn="urn:sdmx:org.sdmx.infomodel.codelist.Code=IT1:CL_REFAREA(1.2).016075">
          <Name xml:lang="it" xmlns="http://www.sdmx.org/resources/sdmxml/schemas/v2_1/common">Ciserano</Name>
          <Name xml:lang="en" xmlns="http://www.sdmx.org/resources/sdmxml/schemas/v2_1/common">Ciserano</Name>
          <Parent>
            <Ref id="ITC46" xmlns="" />
          </Parent>
        </Code>
        <Code id="016076" urn="urn:sdmx:org.sdmx.infomodel.codelist.Code=IT1:CL_REFAREA(1.2).016076">
          <Name xml:lang="it" xmlns="http://www.sdmx.org/resources/sdmxml/schemas/v2_1/common">Cividate al Piano</Name>
          <Name xml:lang="en" xmlns="http://www.sdmx.org/resources/sdmxml/schemas/v2_1/common">Cividate al Piano</Name>
          <Parent>
            <Ref id="ITC46" xmlns="" />
          </Parent>
        </Code>
        <Code id="016077" urn="urn:sdmx:org.sdmx.infomodel.codelist.Code=IT1:CL_REFAREA(1.2).016077">
          <Name xml:lang="it" xmlns="http://www.sdmx.org/resources/sdmxml/schemas/v2_1/common">Clusone</Name>
          <Name xml:lang="en" xmlns="http://www.sdmx.org/resources/sdmxml/schemas/v2_1/common">Clusone</Name>
          <Parent>
            <Ref id="ITC46" xmlns="" />
          </Parent>
        </Code>
        <Code id="016078" urn="urn:sdmx:org.sdmx.infomodel.codelist.Code=IT1:CL_REFAREA(1.2).016078">
          <Name xml:lang="it" xmlns="http://www.sdmx.org/resources/sdmxml/schemas/v2_1/common">Colere</Name>
          <Name xml:lang="en" xmlns="http://www.sdmx.org/resources/sdmxml/schemas/v2_1/common">Colere</Name>
          <Parent>
            <Ref id="ITC46" xmlns="" />
          </Parent>
        </Code>
        <Code id="016079" urn="urn:sdmx:org.sdmx.infomodel.codelist.Code=IT1:CL_REFAREA(1.2).016079">
          <Name xml:lang="it" xmlns="http://www.sdmx.org/resources/sdmxml/schemas/v2_1/common">Cologno al Serio</Name>
          <Name xml:lang="en" xmlns="http://www.sdmx.org/resources/sdmxml/schemas/v2_1/common">Cologno al Serio</Name>
          <Parent>
            <Ref id="ITC46" xmlns="" />
          </Parent>
        </Code>
        <Code id="016080" urn="urn:sdmx:org.sdmx.infomodel.codelist.Code=IT1:CL_REFAREA(1.2).016080">
          <Name xml:lang="it" xmlns="http://www.sdmx.org/resources/sdmxml/schemas/v2_1/common">Colzate</Name>
          <Name xml:lang="en" xmlns="http://www.sdmx.org/resources/sdmxml/schemas/v2_1/common">Colzate</Name>
          <Parent>
            <Ref id="ITC46" xmlns="" />
          </Parent>
        </Code>
        <Code id="016081" urn="urn:sdmx:org.sdmx.infomodel.codelist.Code=IT1:CL_REFAREA(1.2).016081">
          <Name xml:lang="it" xmlns="http://www.sdmx.org/resources/sdmxml/schemas/v2_1/common">Comun Nuovo</Name>
          <Name xml:lang="en" xmlns="http://www.sdmx.org/resources/sdmxml/schemas/v2_1/common">Comun Nuovo</Name>
          <Parent>
            <Ref id="ITC46" xmlns="" />
          </Parent>
        </Code>
        <Code id="016082" urn="urn:sdmx:org.sdmx.infomodel.codelist.Code=IT1:CL_REFAREA(1.2).016082">
          <Name xml:lang="it" xmlns="http://www.sdmx.org/resources/sdmxml/schemas/v2_1/common">Corna Imagna</Name>
          <Name xml:lang="en" xmlns="http://www.sdmx.org/resources/sdmxml/schemas/v2_1/common">Corna Imagna</Name>
          <Parent>
            <Ref id="ITC46" xmlns="" />
          </Parent>
        </Code>
        <Code id="016083" urn="urn:sdmx:org.sdmx.infomodel.codelist.Code=IT1:CL_REFAREA(1.2).016083">
          <Name xml:lang="it" xmlns="http://www.sdmx.org/resources/sdmxml/schemas/v2_1/common">Cortenuova</Name>
          <Name xml:lang="en" xmlns="http://www.sdmx.org/resources/sdmxml/schemas/v2_1/common">Cortenuova</Name>
          <Parent>
            <Ref id="ITC46" xmlns="" />
          </Parent>
        </Code>
        <Code id="016084" urn="urn:sdmx:org.sdmx.infomodel.codelist.Code=IT1:CL_REFAREA(1.2).016084">
          <Name xml:lang="it" xmlns="http://www.sdmx.org/resources/sdmxml/schemas/v2_1/common">Costa di Mezzate</Name>
          <Name xml:lang="en" xmlns="http://www.sdmx.org/resources/sdmxml/schemas/v2_1/common">Costa di Mezzate</Name>
          <Parent>
            <Ref id="ITC46" xmlns="" />
          </Parent>
        </Code>
        <Code id="016085" urn="urn:sdmx:org.sdmx.infomodel.codelist.Code=IT1:CL_REFAREA(1.2).016085">
          <Name xml:lang="it" xmlns="http://www.sdmx.org/resources/sdmxml/schemas/v2_1/common">Costa Valle Imagna</Name>
          <Name xml:lang="en" xmlns="http://www.sdmx.org/resources/sdmxml/schemas/v2_1/common">Costa Valle Imagna</Name>
          <Parent>
            <Ref id="ITC46" xmlns="" />
          </Parent>
        </Code>
        <Code id="016086" urn="urn:sdmx:org.sdmx.infomodel.codelist.Code=IT1:CL_REFAREA(1.2).016086">
          <Name xml:lang="it" xmlns="http://www.sdmx.org/resources/sdmxml/schemas/v2_1/common">Costa Volpino</Name>
          <Name xml:lang="en" xmlns="http://www.sdmx.org/resources/sdmxml/schemas/v2_1/common">Costa Volpino</Name>
          <Parent>
            <Ref id="ITC46" xmlns="" />
          </Parent>
        </Code>
        <Code id="016087" urn="urn:sdmx:org.sdmx.infomodel.codelist.Code=IT1:CL_REFAREA(1.2).016087">
          <Name xml:lang="it" xmlns="http://www.sdmx.org/resources/sdmxml/schemas/v2_1/common">Covo</Name>
          <Name xml:lang="en" xmlns="http://www.sdmx.org/resources/sdmxml/schemas/v2_1/common">Covo</Name>
          <Parent>
            <Ref id="ITC46" xmlns="" />
          </Parent>
        </Code>
        <Code id="016088" urn="urn:sdmx:org.sdmx.infomodel.codelist.Code=IT1:CL_REFAREA(1.2).016088">
          <Name xml:lang="it" xmlns="http://www.sdmx.org/resources/sdmxml/schemas/v2_1/common">Credaro</Name>
          <Name xml:lang="en" xmlns="http://www.sdmx.org/resources/sdmxml/schemas/v2_1/common">Credaro</Name>
          <Parent>
            <Ref id="ITC46" xmlns="" />
          </Parent>
        </Code>
        <Code id="016089" urn="urn:sdmx:org.sdmx.infomodel.codelist.Code=IT1:CL_REFAREA(1.2).016089">
          <Name xml:lang="it" xmlns="http://www.sdmx.org/resources/sdmxml/schemas/v2_1/common">Curno</Name>
          <Name xml:lang="en" xmlns="http://www.sdmx.org/resources/sdmxml/schemas/v2_1/common">Curno</Name>
          <Parent>
            <Ref id="ITC46" xmlns="" />
          </Parent>
        </Code>
        <Code id="016090" urn="urn:sdmx:org.sdmx.infomodel.codelist.Code=IT1:CL_REFAREA(1.2).016090">
          <Name xml:lang="it" xmlns="http://www.sdmx.org/resources/sdmxml/schemas/v2_1/common">Cusio</Name>
          <Name xml:lang="en" xmlns="http://www.sdmx.org/resources/sdmxml/schemas/v2_1/common">Cusio</Name>
          <Parent>
            <Ref id="ITC46" xmlns="" />
          </Parent>
        </Code>
        <Code id="016091" urn="urn:sdmx:org.sdmx.infomodel.codelist.Code=IT1:CL_REFAREA(1.2).016091">
          <Name xml:lang="it" xmlns="http://www.sdmx.org/resources/sdmxml/schemas/v2_1/common">Dalmine</Name>
          <Name xml:lang="en" xmlns="http://www.sdmx.org/resources/sdmxml/schemas/v2_1/common">Dalmine</Name>
          <Parent>
            <Ref id="ITC46" xmlns="" />
          </Parent>
        </Code>
        <Code id="016092" urn="urn:sdmx:org.sdmx.infomodel.codelist.Code=IT1:CL_REFAREA(1.2).016092">
          <Name xml:lang="it" xmlns="http://www.sdmx.org/resources/sdmxml/schemas/v2_1/common">Dossena</Name>
          <Name xml:lang="en" xmlns="http://www.sdmx.org/resources/sdmxml/schemas/v2_1/common">Dossena</Name>
          <Parent>
            <Ref id="ITC46" xmlns="" />
          </Parent>
        </Code>
        <Code id="016093" urn="urn:sdmx:org.sdmx.infomodel.codelist.Code=IT1:CL_REFAREA(1.2).016093">
          <Name xml:lang="it" xmlns="http://www.sdmx.org/resources/sdmxml/schemas/v2_1/common">Endine Gaiano</Name>
          <Name xml:lang="en" xmlns="http://www.sdmx.org/resources/sdmxml/schemas/v2_1/common">Endine Gaiano</Name>
          <Parent>
            <Ref id="ITC46" xmlns="" />
          </Parent>
        </Code>
        <Code id="016094" urn="urn:sdmx:org.sdmx.infomodel.codelist.Code=IT1:CL_REFAREA(1.2).016094">
          <Name xml:lang="it" xmlns="http://www.sdmx.org/resources/sdmxml/schemas/v2_1/common">Entratico</Name>
          <Name xml:lang="en" xmlns="http://www.sdmx.org/resources/sdmxml/schemas/v2_1/common">Entratico</Name>
          <Parent>
            <Ref id="ITC46" xmlns="" />
          </Parent>
        </Code>
        <Code id="016095" urn="urn:sdmx:org.sdmx.infomodel.codelist.Code=IT1:CL_REFAREA(1.2).016095">
          <Name xml:lang="it" xmlns="http://www.sdmx.org/resources/sdmxml/schemas/v2_1/common">Erve</Name>
          <Name xml:lang="en" xmlns="http://www.sdmx.org/resources/sdmxml/schemas/v2_1/common">Erve</Name>
          <Parent>
            <Ref id="ITC46" xmlns="" />
          </Parent>
        </Code>
        <Code id="016096" urn="urn:sdmx:org.sdmx.infomodel.codelist.Code=IT1:CL_REFAREA(1.2).016096">
          <Name xml:lang="it" xmlns="http://www.sdmx.org/resources/sdmxml/schemas/v2_1/common">Fara Gera d'Adda</Name>
          <Name xml:lang="en" xmlns="http://www.sdmx.org/resources/sdmxml/schemas/v2_1/common">Fara Gera d'Adda</Name>
          <Parent>
            <Ref id="ITC46" xmlns="" />
          </Parent>
        </Code>
        <Code id="016097" urn="urn:sdmx:org.sdmx.infomodel.codelist.Code=IT1:CL_REFAREA(1.2).016097">
          <Name xml:lang="it" xmlns="http://www.sdmx.org/resources/sdmxml/schemas/v2_1/common">Fara Olivana con Sola</Name>
          <Name xml:lang="en" xmlns="http://www.sdmx.org/resources/sdmxml/schemas/v2_1/common">Fara Olivana con Sola</Name>
          <Parent>
            <Ref id="ITC46" xmlns="" />
          </Parent>
        </Code>
        <Code id="016098" urn="urn:sdmx:org.sdmx.infomodel.codelist.Code=IT1:CL_REFAREA(1.2).016098">
          <Name xml:lang="it" xmlns="http://www.sdmx.org/resources/sdmxml/schemas/v2_1/common">Filago</Name>
          <Name xml:lang="en" xmlns="http://www.sdmx.org/resources/sdmxml/schemas/v2_1/common">Filago</Name>
          <Parent>
            <Ref id="ITC46" xmlns="" />
          </Parent>
        </Code>
        <Code id="016099" urn="urn:sdmx:org.sdmx.infomodel.codelist.Code=IT1:CL_REFAREA(1.2).016099">
          <Name xml:lang="it" xmlns="http://www.sdmx.org/resources/sdmxml/schemas/v2_1/common">Fino del Monte</Name>
          <Name xml:lang="en" xmlns="http://www.sdmx.org/resources/sdmxml/schemas/v2_1/common">Fino del Monte</Name>
          <Parent>
            <Ref id="ITC46" xmlns="" />
          </Parent>
        </Code>
        <Code id="016100" urn="urn:sdmx:org.sdmx.infomodel.codelist.Code=IT1:CL_REFAREA(1.2).016100">
          <Name xml:lang="it" xmlns="http://www.sdmx.org/resources/sdmxml/schemas/v2_1/common">Fiorano al Serio</Name>
          <Name xml:lang="en" xmlns="http://www.sdmx.org/resources/sdmxml/schemas/v2_1/common">Fiorano al Serio</Name>
          <Parent>
            <Ref id="ITC46" xmlns="" />
          </Parent>
        </Code>
        <Code id="016101" urn="urn:sdmx:org.sdmx.infomodel.codelist.Code=IT1:CL_REFAREA(1.2).016101">
          <Name xml:lang="it" xmlns="http://www.sdmx.org/resources/sdmxml/schemas/v2_1/common">Fontanella</Name>
          <Name xml:lang="en" xmlns="http://www.sdmx.org/resources/sdmxml/schemas/v2_1/common">Fontanella</Name>
          <Parent>
            <Ref id="ITC46" xmlns="" />
          </Parent>
        </Code>
        <Code id="016102" urn="urn:sdmx:org.sdmx.infomodel.codelist.Code=IT1:CL_REFAREA(1.2).016102">
          <Name xml:lang="it" xmlns="http://www.sdmx.org/resources/sdmxml/schemas/v2_1/common">Fonteno</Name>
          <Name xml:lang="en" xmlns="http://www.sdmx.org/resources/sdmxml/schemas/v2_1/common">Fonteno</Name>
          <Parent>
            <Ref id="ITC46" xmlns="" />
          </Parent>
        </Code>
        <Code id="016103" urn="urn:sdmx:org.sdmx.infomodel.codelist.Code=IT1:CL_REFAREA(1.2).016103">
          <Name xml:lang="it" xmlns="http://www.sdmx.org/resources/sdmxml/schemas/v2_1/common">Foppolo</Name>
          <Name xml:lang="en" xmlns="http://www.sdmx.org/resources/sdmxml/schemas/v2_1/common">Foppolo</Name>
          <Parent>
            <Ref id="ITC46" xmlns="" />
          </Parent>
        </Code>
        <Code id="016104" urn="urn:sdmx:org.sdmx.infomodel.codelist.Code=IT1:CL_REFAREA(1.2).016104">
          <Name xml:lang="it" xmlns="http://www.sdmx.org/resources/sdmxml/schemas/v2_1/common">Foresto Sparso</Name>
          <Name xml:lang="en" xmlns="http://www.sdmx.org/resources/sdmxml/schemas/v2_1/common">Foresto Sparso</Name>
          <Parent>
            <Ref id="ITC46" xmlns="" />
          </Parent>
        </Code>
        <Code id="016105" urn="urn:sdmx:org.sdmx.infomodel.codelist.Code=IT1:CL_REFAREA(1.2).016105">
          <Name xml:lang="it" xmlns="http://www.sdmx.org/resources/sdmxml/schemas/v2_1/common">Fornovo San Giovanni</Name>
          <Name xml:lang="en" xmlns="http://www.sdmx.org/resources/sdmxml/schemas/v2_1/common">Fornovo San Giovanni</Name>
          <Parent>
            <Ref id="ITC46" xmlns="" />
          </Parent>
        </Code>
        <Code id="016106" urn="urn:sdmx:org.sdmx.infomodel.codelist.Code=IT1:CL_REFAREA(1.2).016106">
          <Name xml:lang="it" xmlns="http://www.sdmx.org/resources/sdmxml/schemas/v2_1/common">Fuipiano Valle Imagna</Name>
          <Name xml:lang="en" xmlns="http://www.sdmx.org/resources/sdmxml/schemas/v2_1/common">Fuipiano Valle Imagna</Name>
          <Parent>
            <Ref id="ITC46" xmlns="" />
          </Parent>
        </Code>
        <Code id="016107" urn="urn:sdmx:org.sdmx.infomodel.codelist.Code=IT1:CL_REFAREA(1.2).016107">
          <Name xml:lang="it" xmlns="http://www.sdmx.org/resources/sdmxml/schemas/v2_1/common">Gandellino</Name>
          <Name xml:lang="en" xmlns="http://www.sdmx.org/resources/sdmxml/schemas/v2_1/common">Gandellino</Name>
          <Parent>
            <Ref id="ITC46" xmlns="" />
          </Parent>
        </Code>
        <Code id="016108" urn="urn:sdmx:org.sdmx.infomodel.codelist.Code=IT1:CL_REFAREA(1.2).016108">
          <Name xml:lang="it" xmlns="http://www.sdmx.org/resources/sdmxml/schemas/v2_1/common">Gandino</Name>
          <Name xml:lang="en" xmlns="http://www.sdmx.org/resources/sdmxml/schemas/v2_1/common">Gandino</Name>
          <Parent>
            <Ref id="ITC46" xmlns="" />
          </Parent>
        </Code>
        <Code id="016109" urn="urn:sdmx:org.sdmx.infomodel.codelist.Code=IT1:CL_REFAREA(1.2).016109">
          <Name xml:lang="it" xmlns="http://www.sdmx.org/resources/sdmxml/schemas/v2_1/common">Gandosso</Name>
          <Name xml:lang="en" xmlns="http://www.sdmx.org/resources/sdmxml/schemas/v2_1/common">Gandosso</Name>
          <Parent>
            <Ref id="ITC46" xmlns="" />
          </Parent>
        </Code>
        <Code id="016110" urn="urn:sdmx:org.sdmx.infomodel.codelist.Code=IT1:CL_REFAREA(1.2).016110">
          <Name xml:lang="it" xmlns="http://www.sdmx.org/resources/sdmxml/schemas/v2_1/common">Gaverina Terme</Name>
          <Name xml:lang="en" xmlns="http://www.sdmx.org/resources/sdmxml/schemas/v2_1/common">Gaverina Terme</Name>
          <Parent>
            <Ref id="ITC46" xmlns="" />
          </Parent>
        </Code>
        <Code id="016111" urn="urn:sdmx:org.sdmx.infomodel.codelist.Code=IT1:CL_REFAREA(1.2).016111">
          <Name xml:lang="it" xmlns="http://www.sdmx.org/resources/sdmxml/schemas/v2_1/common">Gazzaniga</Name>
          <Name xml:lang="en" xmlns="http://www.sdmx.org/resources/sdmxml/schemas/v2_1/common">Gazzaniga</Name>
          <Parent>
            <Ref id="ITC46" xmlns="" />
          </Parent>
        </Code>
        <Code id="016112" urn="urn:sdmx:org.sdmx.infomodel.codelist.Code=IT1:CL_REFAREA(1.2).016112">
          <Name xml:lang="it" xmlns="http://www.sdmx.org/resources/sdmxml/schemas/v2_1/common">Gerosa</Name>
          <Name xml:lang="en" xmlns="http://www.sdmx.org/resources/sdmxml/schemas/v2_1/common">Gerosa</Name>
          <Parent>
            <Ref id="ITC46" xmlns="" />
          </Parent>
        </Code>
        <Code id="016113" urn="urn:sdmx:org.sdmx.infomodel.codelist.Code=IT1:CL_REFAREA(1.2).016113">
          <Name xml:lang="it" xmlns="http://www.sdmx.org/resources/sdmxml/schemas/v2_1/common">Ghisalba</Name>
          <Name xml:lang="en" xmlns="http://www.sdmx.org/resources/sdmxml/schemas/v2_1/common">Ghisalba</Name>
          <Parent>
            <Ref id="ITC46" xmlns="" />
          </Parent>
        </Code>
        <Code id="016114" urn="urn:sdmx:org.sdmx.infomodel.codelist.Code=IT1:CL_REFAREA(1.2).016114">
          <Name xml:lang="it" xmlns="http://www.sdmx.org/resources/sdmxml/schemas/v2_1/common">Gorlago</Name>
          <Name xml:lang="en" xmlns="http://www.sdmx.org/resources/sdmxml/schemas/v2_1/common">Gorlago</Name>
          <Parent>
            <Ref id="ITC46" xmlns="" />
          </Parent>
        </Code>
        <Code id="016115" urn="urn:sdmx:org.sdmx.infomodel.codelist.Code=IT1:CL_REFAREA(1.2).016115">
          <Name xml:lang="it" xmlns="http://www.sdmx.org/resources/sdmxml/schemas/v2_1/common">Gorle</Name>
          <Name xml:lang="en" xmlns="http://www.sdmx.org/resources/sdmxml/schemas/v2_1/common">Gorle</Name>
          <Parent>
            <Ref id="ITC46" xmlns="" />
          </Parent>
        </Code>
        <Code id="016116" urn="urn:sdmx:org.sdmx.infomodel.codelist.Code=IT1:CL_REFAREA(1.2).016116">
          <Name xml:lang="it" xmlns="http://www.sdmx.org/resources/sdmxml/schemas/v2_1/common">Gorno</Name>
          <Name xml:lang="en" xmlns="http://www.sdmx.org/resources/sdmxml/schemas/v2_1/common">Gorno</Name>
          <Parent>
            <Ref id="ITC46" xmlns="" />
          </Parent>
        </Code>
        <Code id="016117" urn="urn:sdmx:org.sdmx.infomodel.codelist.Code=IT1:CL_REFAREA(1.2).016117">
          <Name xml:lang="it" xmlns="http://www.sdmx.org/resources/sdmxml/schemas/v2_1/common">Grassobbio</Name>
          <Name xml:lang="en" xmlns="http://www.sdmx.org/resources/sdmxml/schemas/v2_1/common">Grassobbio</Name>
          <Parent>
            <Ref id="ITC46" xmlns="" />
          </Parent>
        </Code>
        <Code id="016118" urn="urn:sdmx:org.sdmx.infomodel.codelist.Code=IT1:CL_REFAREA(1.2).016118">
          <Name xml:lang="it" xmlns="http://www.sdmx.org/resources/sdmxml/schemas/v2_1/common">Gromo</Name>
          <Name xml:lang="en" xmlns="http://www.sdmx.org/resources/sdmxml/schemas/v2_1/common">Gromo</Name>
          <Parent>
            <Ref id="ITC46" xmlns="" />
          </Parent>
        </Code>
        <Code id="016119" urn="urn:sdmx:org.sdmx.infomodel.codelist.Code=IT1:CL_REFAREA(1.2).016119">
          <Name xml:lang="it" xmlns="http://www.sdmx.org/resources/sdmxml/schemas/v2_1/common">Grone</Name>
          <Name xml:lang="en" xmlns="http://www.sdmx.org/resources/sdmxml/schemas/v2_1/common">Grone</Name>
          <Parent>
            <Ref id="ITC46" xmlns="" />
          </Parent>
        </Code>
        <Code id="016120" urn="urn:sdmx:org.sdmx.infomodel.codelist.Code=IT1:CL_REFAREA(1.2).016120">
          <Name xml:lang="it" xmlns="http://www.sdmx.org/resources/sdmxml/schemas/v2_1/common">Grumello del Monte</Name>
          <Name xml:lang="en" xmlns="http://www.sdmx.org/resources/sdmxml/schemas/v2_1/common">Grumello del Monte</Name>
          <Parent>
            <Ref id="ITC46" xmlns="" />
          </Parent>
        </Code>
        <Code id="016121" urn="urn:sdmx:org.sdmx.infomodel.codelist.Code=IT1:CL_REFAREA(1.2).016121">
          <Name xml:lang="it" xmlns="http://www.sdmx.org/resources/sdmxml/schemas/v2_1/common">Isola di Fondra</Name>
          <Name xml:lang="en" xmlns="http://www.sdmx.org/resources/sdmxml/schemas/v2_1/common">Isola di Fondra</Name>
          <Parent>
            <Ref id="ITC46" xmlns="" />
          </Parent>
        </Code>
        <Code id="016122" urn="urn:sdmx:org.sdmx.infomodel.codelist.Code=IT1:CL_REFAREA(1.2).016122">
          <Name xml:lang="it" xmlns="http://www.sdmx.org/resources/sdmxml/schemas/v2_1/common">Isso</Name>
          <Name xml:lang="en" xmlns="http://www.sdmx.org/resources/sdmxml/schemas/v2_1/common">Isso</Name>
          <Parent>
            <Ref id="ITC46" xmlns="" />
          </Parent>
        </Code>
        <Code id="016123" urn="urn:sdmx:org.sdmx.infomodel.codelist.Code=IT1:CL_REFAREA(1.2).016123">
          <Name xml:lang="it" xmlns="http://www.sdmx.org/resources/sdmxml/schemas/v2_1/common">Lallio</Name>
          <Name xml:lang="en" xmlns="http://www.sdmx.org/resources/sdmxml/schemas/v2_1/common">Lallio</Name>
          <Parent>
            <Ref id="ITC46" xmlns="" />
          </Parent>
        </Code>
        <Code id="016124" urn="urn:sdmx:org.sdmx.infomodel.codelist.Code=IT1:CL_REFAREA(1.2).016124">
          <Name xml:lang="it" xmlns="http://www.sdmx.org/resources/sdmxml/schemas/v2_1/common">Leffe</Name>
          <Name xml:lang="en" xmlns="http://www.sdmx.org/resources/sdmxml/schemas/v2_1/common">Leffe</Name>
          <Parent>
            <Ref id="ITC46" xmlns="" />
          </Parent>
        </Code>
        <Code id="016125" urn="urn:sdmx:org.sdmx.infomodel.codelist.Code=IT1:CL_REFAREA(1.2).016125">
          <Name xml:lang="it" xmlns="http://www.sdmx.org/resources/sdmxml/schemas/v2_1/common">Lenna</Name>
          <Name xml:lang="en" xmlns="http://www.sdmx.org/resources/sdmxml/schemas/v2_1/common">Lenna</Name>
          <Parent>
            <Ref id="ITC46" xmlns="" />
          </Parent>
        </Code>
        <Code id="016126" urn="urn:sdmx:org.sdmx.infomodel.codelist.Code=IT1:CL_REFAREA(1.2).016126">
          <Name xml:lang="it" xmlns="http://www.sdmx.org/resources/sdmxml/schemas/v2_1/common">Levate</Name>
          <Name xml:lang="en" xmlns="http://www.sdmx.org/resources/sdmxml/schemas/v2_1/common">Levate</Name>
          <Parent>
            <Ref id="ITC46" xmlns="" />
          </Parent>
        </Code>
        <Code id="016127" urn="urn:sdmx:org.sdmx.infomodel.codelist.Code=IT1:CL_REFAREA(1.2).016127">
          <Name xml:lang="it" xmlns="http://www.sdmx.org/resources/sdmxml/schemas/v2_1/common">Locatello</Name>
          <Name xml:lang="en" xmlns="http://www.sdmx.org/resources/sdmxml/schemas/v2_1/common">Locatello</Name>
          <Parent>
            <Ref id="ITC46" xmlns="" />
          </Parent>
        </Code>
        <Code id="016128" urn="urn:sdmx:org.sdmx.infomodel.codelist.Code=IT1:CL_REFAREA(1.2).016128">
          <Name xml:lang="it" xmlns="http://www.sdmx.org/resources/sdmxml/schemas/v2_1/common">Lovere</Name>
          <Name xml:lang="en" xmlns="http://www.sdmx.org/resources/sdmxml/schemas/v2_1/common">Lovere</Name>
          <Parent>
            <Ref id="ITC46" xmlns="" />
          </Parent>
        </Code>
        <Code id="016129" urn="urn:sdmx:org.sdmx.infomodel.codelist.Code=IT1:CL_REFAREA(1.2).016129">
          <Name xml:lang="it" xmlns="http://www.sdmx.org/resources/sdmxml/schemas/v2_1/common">Lurano</Name>
          <Name xml:lang="en" xmlns="http://www.sdmx.org/resources/sdmxml/schemas/v2_1/common">Lurano</Name>
          <Parent>
            <Ref id="ITC46" xmlns="" />
          </Parent>
        </Code>
        <Code id="016130" urn="urn:sdmx:org.sdmx.infomodel.codelist.Code=IT1:CL_REFAREA(1.2).016130">
          <Name xml:lang="it" xmlns="http://www.sdmx.org/resources/sdmxml/schemas/v2_1/common">Luzzana</Name>
          <Name xml:lang="en" xmlns="http://www.sdmx.org/resources/sdmxml/schemas/v2_1/common">Luzzana</Name>
          <Parent>
            <Ref id="ITC46" xmlns="" />
          </Parent>
        </Code>
        <Code id="016131" urn="urn:sdmx:org.sdmx.infomodel.codelist.Code=IT1:CL_REFAREA(1.2).016131">
          <Name xml:lang="it" xmlns="http://www.sdmx.org/resources/sdmxml/schemas/v2_1/common">Madone</Name>
          <Name xml:lang="en" xmlns="http://www.sdmx.org/resources/sdmxml/schemas/v2_1/common">Madone</Name>
          <Parent>
            <Ref id="ITC46" xmlns="" />
          </Parent>
        </Code>
        <Code id="016132" urn="urn:sdmx:org.sdmx.infomodel.codelist.Code=IT1:CL_REFAREA(1.2).016132">
          <Name xml:lang="it" xmlns="http://www.sdmx.org/resources/sdmxml/schemas/v2_1/common">Mapello</Name>
          <Name xml:lang="en" xmlns="http://www.sdmx.org/resources/sdmxml/schemas/v2_1/common">Mapello</Name>
          <Parent>
            <Ref id="ITC46" xmlns="" />
          </Parent>
        </Code>
        <Code id="016133" urn="urn:sdmx:org.sdmx.infomodel.codelist.Code=IT1:CL_REFAREA(1.2).016133">
          <Name xml:lang="it" xmlns="http://www.sdmx.org/resources/sdmxml/schemas/v2_1/common">Martinengo</Name>
          <Name xml:lang="en" xmlns="http://www.sdmx.org/resources/sdmxml/schemas/v2_1/common">Martinengo</Name>
          <Parent>
            <Ref id="ITC46" xmlns="" />
          </Parent>
        </Code>
        <Code id="016134" urn="urn:sdmx:org.sdmx.infomodel.codelist.Code=IT1:CL_REFAREA(1.2).016134">
          <Name xml:lang="it" xmlns="http://www.sdmx.org/resources/sdmxml/schemas/v2_1/common">Mezzoldo</Name>
          <Name xml:lang="en" xmlns="http://www.sdmx.org/resources/sdmxml/schemas/v2_1/common">Mezzoldo</Name>
          <Parent>
            <Ref id="ITC46" xmlns="" />
          </Parent>
        </Code>
        <Code id="016135" urn="urn:sdmx:org.sdmx.infomodel.codelist.Code=IT1:CL_REFAREA(1.2).016135">
          <Name xml:lang="it" xmlns="http://www.sdmx.org/resources/sdmxml/schemas/v2_1/common">Misano di Gera d'Adda</Name>
          <Name xml:lang="en" xmlns="http://www.sdmx.org/resources/sdmxml/schemas/v2_1/common">Misano di Gera d'Adda</Name>
          <Parent>
            <Ref id="ITC46" xmlns="" />
          </Parent>
        </Code>
        <Code id="016136" urn="urn:sdmx:org.sdmx.infomodel.codelist.Code=IT1:CL_REFAREA(1.2).016136">
          <Name xml:lang="it" xmlns="http://www.sdmx.org/resources/sdmxml/schemas/v2_1/common">Moio de' Calvi</Name>
          <Name xml:lang="en" xmlns="http://www.sdmx.org/resources/sdmxml/schemas/v2_1/common">Moio de' Calvi</Name>
          <Parent>
            <Ref id="ITC46" xmlns="" />
          </Parent>
        </Code>
        <Code id="016137" urn="urn:sdmx:org.sdmx.infomodel.codelist.Code=IT1:CL_REFAREA(1.2).016137">
          <Name xml:lang="it" xmlns="http://www.sdmx.org/resources/sdmxml/schemas/v2_1/common">Monasterolo del Castello</Name>
          <Name xml:lang="en" xmlns="http://www.sdmx.org/resources/sdmxml/schemas/v2_1/common">Monasterolo del Castello</Name>
          <Parent>
            <Ref id="ITC46" xmlns="" />
          </Parent>
        </Code>
        <Code id="016138" urn="urn:sdmx:org.sdmx.infomodel.codelist.Code=IT1:CL_REFAREA(1.2).016138">
          <Name xml:lang="it" xmlns="http://www.sdmx.org/resources/sdmxml/schemas/v2_1/common">Monte Marenzo</Name>
          <Name xml:lang="en" xmlns="http://www.sdmx.org/resources/sdmxml/schemas/v2_1/common">Monte Marenzo</Name>
          <Parent>
            <Ref id="ITC46" xmlns="" />
          </Parent>
        </Code>
        <Code id="016139" urn="urn:sdmx:org.sdmx.infomodel.codelist.Code=IT1:CL_REFAREA(1.2).016139">
          <Name xml:lang="it" xmlns="http://www.sdmx.org/resources/sdmxml/schemas/v2_1/common">Montello</Name>
          <Name xml:lang="en" xmlns="http://www.sdmx.org/resources/sdmxml/schemas/v2_1/common">Montello</Name>
          <Parent>
            <Ref id="ITC46" xmlns="" />
          </Parent>
        </Code>
        <Code id="016140" urn="urn:sdmx:org.sdmx.infomodel.codelist.Code=IT1:CL_REFAREA(1.2).016140">
          <Name xml:lang="it" xmlns="http://www.sdmx.org/resources/sdmxml/schemas/v2_1/common">Morengo</Name>
          <Name xml:lang="en" xmlns="http://www.sdmx.org/resources/sdmxml/schemas/v2_1/common">Morengo</Name>
          <Parent>
            <Ref id="ITC46" xmlns="" />
          </Parent>
        </Code>
        <Code id="016141" urn="urn:sdmx:org.sdmx.infomodel.codelist.Code=IT1:CL_REFAREA(1.2).016141">
          <Name xml:lang="it" xmlns="http://www.sdmx.org/resources/sdmxml/schemas/v2_1/common">Mornico al Serio</Name>
          <Name xml:lang="en" xmlns="http://www.sdmx.org/resources/sdmxml/schemas/v2_1/common">Mornico al Serio</Name>
          <Parent>
            <Ref id="ITC46" xmlns="" />
          </Parent>
        </Code>
        <Code id="016142" urn="urn:sdmx:org.sdmx.infomodel.codelist.Code=IT1:CL_REFAREA(1.2).016142">
          <Name xml:lang="it" xmlns="http://www.sdmx.org/resources/sdmxml/schemas/v2_1/common">Mozzanica</Name>
          <Name xml:lang="en" xmlns="http://www.sdmx.org/resources/sdmxml/schemas/v2_1/common">Mozzanica</Name>
          <Parent>
            <Ref id="ITC46" xmlns="" />
          </Parent>
        </Code>
        <Code id="016143" urn="urn:sdmx:org.sdmx.infomodel.codelist.Code=IT1:CL_REFAREA(1.2).016143">
          <Name xml:lang="it" xmlns="http://www.sdmx.org/resources/sdmxml/schemas/v2_1/common">Mozzo</Name>
          <Name xml:lang="en" xmlns="http://www.sdmx.org/resources/sdmxml/schemas/v2_1/common">Mozzo</Name>
          <Parent>
            <Ref id="ITC46" xmlns="" />
          </Parent>
        </Code>
        <Code id="016144" urn="urn:sdmx:org.sdmx.infomodel.codelist.Code=IT1:CL_REFAREA(1.2).016144">
          <Name xml:lang="it" xmlns="http://www.sdmx.org/resources/sdmxml/schemas/v2_1/common">Nembro</Name>
          <Name xml:lang="en" xmlns="http://www.sdmx.org/resources/sdmxml/schemas/v2_1/common">Nembro</Name>
          <Parent>
            <Ref id="ITC46" xmlns="" />
          </Parent>
        </Code>
        <Code id="016145" urn="urn:sdmx:org.sdmx.infomodel.codelist.Code=IT1:CL_REFAREA(1.2).016145">
          <Name xml:lang="it" xmlns="http://www.sdmx.org/resources/sdmxml/schemas/v2_1/common">Olmo al Brembo</Name>
          <Name xml:lang="en" xmlns="http://www.sdmx.org/resources/sdmxml/schemas/v2_1/common">Olmo al Brembo</Name>
          <Parent>
            <Ref id="ITC46" xmlns="" />
          </Parent>
        </Code>
        <Code id="016146" urn="urn:sdmx:org.sdmx.infomodel.codelist.Code=IT1:CL_REFAREA(1.2).016146">
          <Name xml:lang="it" xmlns="http://www.sdmx.org/resources/sdmxml/schemas/v2_1/common">Oltre il Colle</Name>
          <Name xml:lang="en" xmlns="http://www.sdmx.org/resources/sdmxml/schemas/v2_1/common">Oltre il Colle</Name>
          <Parent>
            <Ref id="ITC46" xmlns="" />
          </Parent>
        </Code>
        <Code id="016147" urn="urn:sdmx:org.sdmx.infomodel.codelist.Code=IT1:CL_REFAREA(1.2).016147">
          <Name xml:lang="it" xmlns="http://www.sdmx.org/resources/sdmxml/schemas/v2_1/common">Oltressenda Alta</Name>
          <Name xml:lang="en" xmlns="http://www.sdmx.org/resources/sdmxml/schemas/v2_1/common">Oltressenda Alta</Name>
          <Parent>
            <Ref id="ITC46" xmlns="" />
          </Parent>
        </Code>
        <Code id="016148" urn="urn:sdmx:org.sdmx.infomodel.codelist.Code=IT1:CL_REFAREA(1.2).016148">
          <Name xml:lang="it" xmlns="http://www.sdmx.org/resources/sdmxml/schemas/v2_1/common">Oneta</Name>
          <Name xml:lang="en" xmlns="http://www.sdmx.org/resources/sdmxml/schemas/v2_1/common">Oneta</Name>
          <Parent>
            <Ref id="ITC46" xmlns="" />
          </Parent>
        </Code>
        <Code id="016149" urn="urn:sdmx:org.sdmx.infomodel.codelist.Code=IT1:CL_REFAREA(1.2).016149">
          <Name xml:lang="it" xmlns="http://www.sdmx.org/resources/sdmxml/schemas/v2_1/common">Onore</Name>
          <Name xml:lang="en" xmlns="http://www.sdmx.org/resources/sdmxml/schemas/v2_1/common">Onore</Name>
          <Parent>
            <Ref id="ITC46" xmlns="" />
          </Parent>
        </Code>
        <Code id="016150" urn="urn:sdmx:org.sdmx.infomodel.codelist.Code=IT1:CL_REFAREA(1.2).016150">
          <Name xml:lang="it" xmlns="http://www.sdmx.org/resources/sdmxml/schemas/v2_1/common">Orio al Serio</Name>
          <Name xml:lang="en" xmlns="http://www.sdmx.org/resources/sdmxml/schemas/v2_1/common">Orio al Serio</Name>
          <Parent>
            <Ref id="ITC46" xmlns="" />
          </Parent>
        </Code>
        <Code id="016151" urn="urn:sdmx:org.sdmx.infomodel.codelist.Code=IT1:CL_REFAREA(1.2).016151">
          <Name xml:lang="it" xmlns="http://www.sdmx.org/resources/sdmxml/schemas/v2_1/common">Ornica</Name>
          <Name xml:lang="en" xmlns="http://www.sdmx.org/resources/sdmxml/schemas/v2_1/common">Ornica</Name>
          <Parent>
            <Ref id="ITC46" xmlns="" />
          </Parent>
        </Code>
        <Code id="016152" urn="urn:sdmx:org.sdmx.infomodel.codelist.Code=IT1:CL_REFAREA(1.2).016152">
          <Name xml:lang="it" xmlns="http://www.sdmx.org/resources/sdmxml/schemas/v2_1/common">Osio Sopra</Name>
          <Name xml:lang="en" xmlns="http://www.sdmx.org/resources/sdmxml/schemas/v2_1/common">Osio Sopra</Name>
          <Parent>
            <Ref id="ITC46" xmlns="" />
          </Parent>
        </Code>
        <Code id="016153" urn="urn:sdmx:org.sdmx.infomodel.codelist.Code=IT1:CL_REFAREA(1.2).016153">
          <Name xml:lang="it" xmlns="http://www.sdmx.org/resources/sdmxml/schemas/v2_1/common">Osio Sotto</Name>
          <Name xml:lang="en" xmlns="http://www.sdmx.org/resources/sdmxml/schemas/v2_1/common">Osio Sotto</Name>
          <Parent>
            <Ref id="ITC46" xmlns="" />
          </Parent>
        </Code>
        <Code id="016154" urn="urn:sdmx:org.sdmx.infomodel.codelist.Code=IT1:CL_REFAREA(1.2).016154">
          <Name xml:lang="it" xmlns="http://www.sdmx.org/resources/sdmxml/schemas/v2_1/common">Pagazzano</Name>
          <Name xml:lang="en" xmlns="http://www.sdmx.org/resources/sdmxml/schemas/v2_1/common">Pagazzano</Name>
          <Parent>
            <Ref id="ITC46" xmlns="" />
          </Parent>
        </Code>
        <Code id="016155" urn="urn:sdmx:org.sdmx.infomodel.codelist.Code=IT1:CL_REFAREA(1.2).016155">
          <Name xml:lang="it" xmlns="http://www.sdmx.org/resources/sdmxml/schemas/v2_1/common">Paladina</Name>
          <Name xml:lang="en" xmlns="http://www.sdmx.org/resources/sdmxml/schemas/v2_1/common">Paladina</Name>
          <Parent>
            <Ref id="ITC46" xmlns="" />
          </Parent>
        </Code>
        <Code id="016156" urn="urn:sdmx:org.sdmx.infomodel.codelist.Code=IT1:CL_REFAREA(1.2).016156">
          <Name xml:lang="it" xmlns="http://www.sdmx.org/resources/sdmxml/schemas/v2_1/common">Palazzago</Name>
          <Name xml:lang="en" xmlns="http://www.sdmx.org/resources/sdmxml/schemas/v2_1/common">Palazzago</Name>
          <Parent>
            <Ref id="ITC46" xmlns="" />
          </Parent>
        </Code>
        <Code id="016157" urn="urn:sdmx:org.sdmx.infomodel.codelist.Code=IT1:CL_REFAREA(1.2).016157">
          <Name xml:lang="it" xmlns="http://www.sdmx.org/resources/sdmxml/schemas/v2_1/common">Palosco</Name>
          <Name xml:lang="en" xmlns="http://www.sdmx.org/resources/sdmxml/schemas/v2_1/common">Palosco</Name>
          <Parent>
            <Ref id="ITC46" xmlns="" />
          </Parent>
        </Code>
        <Code id="016158" urn="urn:sdmx:org.sdmx.infomodel.codelist.Code=IT1:CL_REFAREA(1.2).016158">
          <Name xml:lang="it" xmlns="http://www.sdmx.org/resources/sdmxml/schemas/v2_1/common">Parre</Name>
          <Name xml:lang="en" xmlns="http://www.sdmx.org/resources/sdmxml/schemas/v2_1/common">Parre</Name>
          <Parent>
            <Ref id="ITC46" xmlns="" />
          </Parent>
        </Code>
        <Code id="016159" urn="urn:sdmx:org.sdmx.infomodel.codelist.Code=IT1:CL_REFAREA(1.2).016159">
          <Name xml:lang="it" xmlns="http://www.sdmx.org/resources/sdmxml/schemas/v2_1/common">Parzanica</Name>
          <Name xml:lang="en" xmlns="http://www.sdmx.org/resources/sdmxml/schemas/v2_1/common">Parzanica</Name>
          <Parent>
            <Ref id="ITC46" xmlns="" />
          </Parent>
        </Code>
        <Code id="016160" urn="urn:sdmx:org.sdmx.infomodel.codelist.Code=IT1:CL_REFAREA(1.2).016160">
          <Name xml:lang="it" xmlns="http://www.sdmx.org/resources/sdmxml/schemas/v2_1/common">Pedrengo</Name>
          <Name xml:lang="en" xmlns="http://www.sdmx.org/resources/sdmxml/schemas/v2_1/common">Pedrengo</Name>
          <Parent>
            <Ref id="ITC46" xmlns="" />
          </Parent>
        </Code>
        <Code id="016161" urn="urn:sdmx:org.sdmx.infomodel.codelist.Code=IT1:CL_REFAREA(1.2).016161">
          <Name xml:lang="it" xmlns="http://www.sdmx.org/resources/sdmxml/schemas/v2_1/common">Peia</Name>
          <Name xml:lang="en" xmlns="http://www.sdmx.org/resources/sdmxml/schemas/v2_1/common">Peia</Name>
          <Parent>
            <Ref id="ITC46" xmlns="" />
          </Parent>
        </Code>
        <Code id="016162" urn="urn:sdmx:org.sdmx.infomodel.codelist.Code=IT1:CL_REFAREA(1.2).016162">
          <Name xml:lang="it" xmlns="http://www.sdmx.org/resources/sdmxml/schemas/v2_1/common">Pianico</Name>
          <Name xml:lang="en" xmlns="http://www.sdmx.org/resources/sdmxml/schemas/v2_1/common">Pianico</Name>
          <Parent>
            <Ref id="ITC46" xmlns="" />
          </Parent>
        </Code>
        <Code id="016163" urn="urn:sdmx:org.sdmx.infomodel.codelist.Code=IT1:CL_REFAREA(1.2).016163">
          <Name xml:lang="it" xmlns="http://www.sdmx.org/resources/sdmxml/schemas/v2_1/common">Piario</Name>
          <Name xml:lang="en" xmlns="http://www.sdmx.org/resources/sdmxml/schemas/v2_1/common">Piario</Name>
          <Parent>
            <Ref id="ITC46" xmlns="" />
          </Parent>
        </Code>
        <Code id="016164" urn="urn:sdmx:org.sdmx.infomodel.codelist.Code=IT1:CL_REFAREA(1.2).016164">
          <Name xml:lang="it" xmlns="http://www.sdmx.org/resources/sdmxml/schemas/v2_1/common">Piazza Brembana</Name>
          <Name xml:lang="en" xmlns="http://www.sdmx.org/resources/sdmxml/schemas/v2_1/common">Piazza Brembana</Name>
          <Parent>
            <Ref id="ITC46" xmlns="" />
          </Parent>
        </Code>
        <Code id="016165" urn="urn:sdmx:org.sdmx.infomodel.codelist.Code=IT1:CL_REFAREA(1.2).016165">
          <Name xml:lang="it" xmlns="http://www.sdmx.org/resources/sdmxml/schemas/v2_1/common">Piazzatorre</Name>
          <Name xml:lang="en" xmlns="http://www.sdmx.org/resources/sdmxml/schemas/v2_1/common">Piazzatorre</Name>
          <Parent>
            <Ref id="ITC46" xmlns="" />
          </Parent>
        </Code>
        <Code id="016166" urn="urn:sdmx:org.sdmx.infomodel.codelist.Code=IT1:CL_REFAREA(1.2).016166">
          <Name xml:lang="it" xmlns="http://www.sdmx.org/resources/sdmxml/schemas/v2_1/common">Piazzolo</Name>
          <Name xml:lang="en" xmlns="http://www.sdmx.org/resources/sdmxml/schemas/v2_1/common">Piazzolo</Name>
          <Parent>
            <Ref id="ITC46" xmlns="" />
          </Parent>
        </Code>
        <Code id="016167" urn="urn:sdmx:org.sdmx.infomodel.codelist.Code=IT1:CL_REFAREA(1.2).016167">
          <Name xml:lang="it" xmlns="http://www.sdmx.org/resources/sdmxml/schemas/v2_1/common">Pognano</Name>
          <Name xml:lang="en" xmlns="http://www.sdmx.org/resources/sdmxml/schemas/v2_1/common">Pognano</Name>
          <Parent>
            <Ref id="ITC46" xmlns="" />
          </Parent>
        </Code>
        <Code id="016168" urn="urn:sdmx:org.sdmx.infomodel.codelist.Code=IT1:CL_REFAREA(1.2).016168">
          <Name xml:lang="it" xmlns="http://www.sdmx.org/resources/sdmxml/schemas/v2_1/common">Ponte Nossa</Name>
          <Name xml:lang="en" xmlns="http://www.sdmx.org/resources/sdmxml/schemas/v2_1/common">Ponte Nossa</Name>
          <Parent>
            <Ref id="ITC46" xmlns="" />
          </Parent>
        </Code>
        <Code id="016169" urn="urn:sdmx:org.sdmx.infomodel.codelist.Code=IT1:CL_REFAREA(1.2).016169">
          <Name xml:lang="it" xmlns="http://www.sdmx.org/resources/sdmxml/schemas/v2_1/common">Ponteranica</Name>
          <Name xml:lang="en" xmlns="http://www.sdmx.org/resources/sdmxml/schemas/v2_1/common">Ponteranica</Name>
          <Parent>
            <Ref id="ITC46" xmlns="" />
          </Parent>
        </Code>
        <Code id="016170" urn="urn:sdmx:org.sdmx.infomodel.codelist.Code=IT1:CL_REFAREA(1.2).016170">
          <Name xml:lang="it" xmlns="http://www.sdmx.org/resources/sdmxml/schemas/v2_1/common">Ponte San Pietro</Name>
          <Name xml:lang="en" xmlns="http://www.sdmx.org/resources/sdmxml/schemas/v2_1/common">Ponte San Pietro</Name>
          <Parent>
            <Ref id="ITC46" xmlns="" />
          </Parent>
        </Code>
        <Code id="016171" urn="urn:sdmx:org.sdmx.infomodel.codelist.Code=IT1:CL_REFAREA(1.2).016171">
          <Name xml:lang="it" xmlns="http://www.sdmx.org/resources/sdmxml/schemas/v2_1/common">Pontida</Name>
          <Name xml:lang="en" xmlns="http://www.sdmx.org/resources/sdmxml/schemas/v2_1/common">Pontida</Name>
          <Parent>
            <Ref id="ITC46" xmlns="" />
          </Parent>
        </Code>
        <Code id="016172" urn="urn:sdmx:org.sdmx.infomodel.codelist.Code=IT1:CL_REFAREA(1.2).016172">
          <Name xml:lang="it" xmlns="http://www.sdmx.org/resources/sdmxml/schemas/v2_1/common">Pontirolo Nuovo</Name>
          <Name xml:lang="en" xmlns="http://www.sdmx.org/resources/sdmxml/schemas/v2_1/common">Pontirolo Nuovo</Name>
          <Parent>
            <Ref id="ITC46" xmlns="" />
          </Parent>
        </Code>
        <Code id="016173" urn="urn:sdmx:org.sdmx.infomodel.codelist.Code=IT1:CL_REFAREA(1.2).016173">
          <Name xml:lang="it" xmlns="http://www.sdmx.org/resources/sdmxml/schemas/v2_1/common">Pradalunga</Name>
          <Name xml:lang="en" xmlns="http://www.sdmx.org/resources/sdmxml/schemas/v2_1/common">Pradalunga</Name>
          <Parent>
            <Ref id="ITC46" xmlns="" />
          </Parent>
        </Code>
        <Code id="016174" urn="urn:sdmx:org.sdmx.infomodel.codelist.Code=IT1:CL_REFAREA(1.2).016174">
          <Name xml:lang="it" xmlns="http://www.sdmx.org/resources/sdmxml/schemas/v2_1/common">Predore</Name>
          <Name xml:lang="en" xmlns="http://www.sdmx.org/resources/sdmxml/schemas/v2_1/common">Predore</Name>
          <Parent>
            <Ref id="ITC46" xmlns="" />
          </Parent>
        </Code>
        <Code id="016175" urn="urn:sdmx:org.sdmx.infomodel.codelist.Code=IT1:CL_REFAREA(1.2).016175">
          <Name xml:lang="it" xmlns="http://www.sdmx.org/resources/sdmxml/schemas/v2_1/common">Premolo</Name>
          <Name xml:lang="en" xmlns="http://www.sdmx.org/resources/sdmxml/schemas/v2_1/common">Premolo</Name>
          <Parent>
            <Ref id="ITC46" xmlns="" />
          </Parent>
        </Code>
        <Code id="016176" urn="urn:sdmx:org.sdmx.infomodel.codelist.Code=IT1:CL_REFAREA(1.2).016176">
          <Name xml:lang="it" xmlns="http://www.sdmx.org/resources/sdmxml/schemas/v2_1/common">Presezzo</Name>
          <Name xml:lang="en" xmlns="http://www.sdmx.org/resources/sdmxml/schemas/v2_1/common">Presezzo</Name>
          <Parent>
            <Ref id="ITC46" xmlns="" />
          </Parent>
        </Code>
        <Code id="016177" urn="urn:sdmx:org.sdmx.infomodel.codelist.Code=IT1:CL_REFAREA(1.2).016177">
          <Name xml:lang="it" xmlns="http://www.sdmx.org/resources/sdmxml/schemas/v2_1/common">Pumenengo</Name>
          <Name xml:lang="en" xmlns="http://www.sdmx.org/resources/sdmxml/schemas/v2_1/common">Pumenengo</Name>
          <Parent>
            <Ref id="ITC46" xmlns="" />
          </Parent>
        </Code>
        <Code id="016178" urn="urn:sdmx:org.sdmx.infomodel.codelist.Code=IT1:CL_REFAREA(1.2).016178">
          <Name xml:lang="it" xmlns="http://www.sdmx.org/resources/sdmxml/schemas/v2_1/common">Ranica</Name>
          <Name xml:lang="en" xmlns="http://www.sdmx.org/resources/sdmxml/schemas/v2_1/common">Ranica</Name>
          <Parent>
            <Ref id="ITC46" xmlns="" />
          </Parent>
        </Code>
        <Code id="016179" urn="urn:sdmx:org.sdmx.infomodel.codelist.Code=IT1:CL_REFAREA(1.2).016179">
          <Name xml:lang="it" xmlns="http://www.sdmx.org/resources/sdmxml/schemas/v2_1/common">Ranzanico</Name>
          <Name xml:lang="en" xmlns="http://www.sdmx.org/resources/sdmxml/schemas/v2_1/common">Ranzanico</Name>
          <Parent>
            <Ref id="ITC46" xmlns="" />
          </Parent>
        </Code>
        <Code id="016180" urn="urn:sdmx:org.sdmx.infomodel.codelist.Code=IT1:CL_REFAREA(1.2).016180">
          <Name xml:lang="it" xmlns="http://www.sdmx.org/resources/sdmxml/schemas/v2_1/common">Riva di Solto</Name>
          <Name xml:lang="en" xmlns="http://www.sdmx.org/resources/sdmxml/schemas/v2_1/common">Riva di Solto</Name>
          <Parent>
            <Ref id="ITC46" xmlns="" />
          </Parent>
        </Code>
        <Code id="016182" urn="urn:sdmx:org.sdmx.infomodel.codelist.Code=IT1:CL_REFAREA(1.2).016182">
          <Name xml:lang="it" xmlns="http://www.sdmx.org/resources/sdmxml/schemas/v2_1/common">Rogno</Name>
          <Name xml:lang="en" xmlns="http://www.sdmx.org/resources/sdmxml/schemas/v2_1/common">Rogno</Name>
          <Parent>
            <Ref id="ITC46" xmlns="" />
          </Parent>
        </Code>
        <Code id="016183" urn="urn:sdmx:org.sdmx.infomodel.codelist.Code=IT1:CL_REFAREA(1.2).016183">
          <Name xml:lang="it" xmlns="http://www.sdmx.org/resources/sdmxml/schemas/v2_1/common">Romano di Lombardia</Name>
          <Name xml:lang="en" xmlns="http://www.sdmx.org/resources/sdmxml/schemas/v2_1/common">Romano di Lombardia</Name>
          <Parent>
            <Ref id="ITC46" xmlns="" />
          </Parent>
        </Code>
        <Code id="016184" urn="urn:sdmx:org.sdmx.infomodel.codelist.Code=IT1:CL_REFAREA(1.2).016184">
          <Name xml:lang="it" xmlns="http://www.sdmx.org/resources/sdmxml/schemas/v2_1/common">Roncobello</Name>
          <Name xml:lang="en" xmlns="http://www.sdmx.org/resources/sdmxml/schemas/v2_1/common">Roncobello</Name>
          <Parent>
            <Ref id="ITC46" xmlns="" />
          </Parent>
        </Code>
        <Code id="016185" urn="urn:sdmx:org.sdmx.infomodel.codelist.Code=IT1:CL_REFAREA(1.2).016185">
          <Name xml:lang="it" xmlns="http://www.sdmx.org/resources/sdmxml/schemas/v2_1/common">Roncola</Name>
          <Name xml:lang="en" xmlns="http://www.sdmx.org/resources/sdmxml/schemas/v2_1/common">Roncola</Name>
          <Parent>
            <Ref id="ITC46" xmlns="" />
          </Parent>
        </Code>
        <Code id="016186" urn="urn:sdmx:org.sdmx.infomodel.codelist.Code=IT1:CL_REFAREA(1.2).016186">
          <Name xml:lang="it" xmlns="http://www.sdmx.org/resources/sdmxml/schemas/v2_1/common">Rota d'Imagna</Name>
          <Name xml:lang="en" xmlns="http://www.sdmx.org/resources/sdmxml/schemas/v2_1/common">Rota d'Imagna</Name>
          <Parent>
            <Ref id="ITC46" xmlns="" />
          </Parent>
        </Code>
        <Code id="016187" urn="urn:sdmx:org.sdmx.infomodel.codelist.Code=IT1:CL_REFAREA(1.2).016187">
          <Name xml:lang="it" xmlns="http://www.sdmx.org/resources/sdmxml/schemas/v2_1/common">Rovetta</Name>
          <Name xml:lang="en" xmlns="http://www.sdmx.org/resources/sdmxml/schemas/v2_1/common">Rovetta</Name>
          <Parent>
            <Ref id="ITC46" xmlns="" />
          </Parent>
        </Code>
        <Code id="016188" urn="urn:sdmx:org.sdmx.infomodel.codelist.Code=IT1:CL_REFAREA(1.2).016188">
          <Name xml:lang="it" xmlns="http://www.sdmx.org/resources/sdmxml/schemas/v2_1/common">San Giovanni Bianco</Name>
          <Name xml:lang="en" xmlns="http://www.sdmx.org/resources/sdmxml/schemas/v2_1/common">San Giovanni Bianco</Name>
          <Parent>
            <Ref id="ITC46" xmlns="" />
          </Parent>
        </Code>
        <Code id="016189" urn="urn:sdmx:org.sdmx.infomodel.codelist.Code=IT1:CL_REFAREA(1.2).016189">
          <Name xml:lang="it" xmlns="http://www.sdmx.org/resources/sdmxml/schemas/v2_1/common">San Paolo d'Argon</Name>
          <Name xml:lang="en" xmlns="http://www.sdmx.org/resources/sdmxml/schemas/v2_1/common">San Paolo d'Argon</Name>
          <Parent>
            <Ref id="ITC46" xmlns="" />
          </Parent>
        </Code>
        <Code id="016190" urn="urn:sdmx:org.sdmx.infomodel.codelist.Code=IT1:CL_REFAREA(1.2).016190">
          <Name xml:lang="it" xmlns="http://www.sdmx.org/resources/sdmxml/schemas/v2_1/common">San Pellegrino Terme</Name>
          <Name xml:lang="en" xmlns="http://www.sdmx.org/resources/sdmxml/schemas/v2_1/common">San Pellegrino Terme</Name>
          <Parent>
            <Ref id="ITC46" xmlns="" />
          </Parent>
        </Code>
        <Code id="016191" urn="urn:sdmx:org.sdmx.infomodel.codelist.Code=IT1:CL_REFAREA(1.2).016191">
          <Name xml:lang="it" xmlns="http://www.sdmx.org/resources/sdmxml/schemas/v2_1/common">Santa Brigida</Name>
          <Name xml:lang="en" xmlns="http://www.sdmx.org/resources/sdmxml/schemas/v2_1/common">Santa Brigida</Name>
          <Parent>
            <Ref id="ITC46" xmlns="" />
          </Parent>
        </Code>
        <Code id="016192" urn="urn:sdmx:org.sdmx.infomodel.codelist.Code=IT1:CL_REFAREA(1.2).016192">
          <Name xml:lang="it" xmlns="http://www.sdmx.org/resources/sdmxml/schemas/v2_1/common">Sant'Omobono Terme</Name>
          <Name xml:lang="en" xmlns="http://www.sdmx.org/resources/sdmxml/schemas/v2_1/common">Sant'Omobono Terme</Name>
          <Parent>
            <Ref id="ITC46" xmlns="" />
          </Parent>
        </Code>
        <Code id="016193" urn="urn:sdmx:org.sdmx.infomodel.codelist.Code=IT1:CL_REFAREA(1.2).016193">
          <Name xml:lang="it" xmlns="http://www.sdmx.org/resources/sdmxml/schemas/v2_1/common">Sarnico</Name>
          <Name xml:lang="en" xmlns="http://www.sdmx.org/resources/sdmxml/schemas/v2_1/common">Sarnico</Name>
          <Parent>
            <Ref id="ITC46" xmlns="" />
          </Parent>
        </Code>
        <Code id="016194" urn="urn:sdmx:org.sdmx.infomodel.codelist.Code=IT1:CL_REFAREA(1.2).016194">
          <Name xml:lang="it" xmlns="http://www.sdmx.org/resources/sdmxml/schemas/v2_1/common">Scanzorosciate</Name>
          <Name xml:lang="en" xmlns="http://www.sdmx.org/resources/sdmxml/schemas/v2_1/common">Scanzorosciate</Name>
          <Parent>
            <Ref id="ITC46" xmlns="" />
          </Parent>
        </Code>
        <Code id="016195" urn="urn:sdmx:org.sdmx.infomodel.codelist.Code=IT1:CL_REFAREA(1.2).016195">
          <Name xml:lang="it" xmlns="http://www.sdmx.org/resources/sdmxml/schemas/v2_1/common">Schilpario</Name>
          <Name xml:lang="en" xmlns="http://www.sdmx.org/resources/sdmxml/schemas/v2_1/common">Schilpario</Name>
          <Parent>
            <Ref id="ITC46" xmlns="" />
          </Parent>
        </Code>
        <Code id="016196" urn="urn:sdmx:org.sdmx.infomodel.codelist.Code=IT1:CL_REFAREA(1.2).016196">
          <Name xml:lang="it" xmlns="http://www.sdmx.org/resources/sdmxml/schemas/v2_1/common">Sedrina</Name>
          <Name xml:lang="en" xmlns="http://www.sdmx.org/resources/sdmxml/schemas/v2_1/common">Sedrina</Name>
          <Parent>
            <Ref id="ITC46" xmlns="" />
          </Parent>
        </Code>
        <Code id="016197" urn="urn:sdmx:org.sdmx.infomodel.codelist.Code=IT1:CL_REFAREA(1.2).016197">
          <Name xml:lang="it" xmlns="http://www.sdmx.org/resources/sdmxml/schemas/v2_1/common">Selvino</Name>
          <Name xml:lang="en" xmlns="http://www.sdmx.org/resources/sdmxml/schemas/v2_1/common">Selvino</Name>
          <Parent>
            <Ref id="ITC46" xmlns="" />
          </Parent>
        </Code>
        <Code id="016198" urn="urn:sdmx:org.sdmx.infomodel.codelist.Code=IT1:CL_REFAREA(1.2).016198">
          <Name xml:lang="it" xmlns="http://www.sdmx.org/resources/sdmxml/schemas/v2_1/common">Seriate</Name>
          <Name xml:lang="en" xmlns="http://www.sdmx.org/resources/sdmxml/schemas/v2_1/common">Seriate</Name>
          <Parent>
            <Ref id="ITC46" xmlns="" />
          </Parent>
        </Code>
        <Code id="016199" urn="urn:sdmx:org.sdmx.infomodel.codelist.Code=IT1:CL_REFAREA(1.2).016199">
          <Name xml:lang="it" xmlns="http://www.sdmx.org/resources/sdmxml/schemas/v2_1/common">Serina</Name>
          <Name xml:lang="en" xmlns="http://www.sdmx.org/resources/sdmxml/schemas/v2_1/common">Serina</Name>
          <Parent>
            <Ref id="ITC46" xmlns="" />
          </Parent>
        </Code>
        <Code id="016200" urn="urn:sdmx:org.sdmx.infomodel.codelist.Code=IT1:CL_REFAREA(1.2).016200">
          <Name xml:lang="it" xmlns="http://www.sdmx.org/resources/sdmxml/schemas/v2_1/common">Solto Collina</Name>
          <Name xml:lang="en" xmlns="http://www.sdmx.org/resources/sdmxml/schemas/v2_1/common">Solto Collina</Name>
          <Parent>
            <Ref id="ITC46" xmlns="" />
          </Parent>
        </Code>
        <Code id="016201" urn="urn:sdmx:org.sdmx.infomodel.codelist.Code=IT1:CL_REFAREA(1.2).016201">
          <Name xml:lang="it" xmlns="http://www.sdmx.org/resources/sdmxml/schemas/v2_1/common">Songavazzo</Name>
          <Name xml:lang="en" xmlns="http://www.sdmx.org/resources/sdmxml/schemas/v2_1/common">Songavazzo</Name>
          <Parent>
            <Ref id="ITC46" xmlns="" />
          </Parent>
        </Code>
        <Code id="016202" urn="urn:sdmx:org.sdmx.infomodel.codelist.Code=IT1:CL_REFAREA(1.2).016202">
          <Name xml:lang="it" xmlns="http://www.sdmx.org/resources/sdmxml/schemas/v2_1/common">Sorisole</Name>
          <Name xml:lang="en" xmlns="http://www.sdmx.org/resources/sdmxml/schemas/v2_1/common">Sorisole</Name>
          <Parent>
            <Ref id="ITC46" xmlns="" />
          </Parent>
        </Code>
        <Code id="016203" urn="urn:sdmx:org.sdmx.infomodel.codelist.Code=IT1:CL_REFAREA(1.2).016203">
          <Name xml:lang="it" xmlns="http://www.sdmx.org/resources/sdmxml/schemas/v2_1/common">Sotto il Monte Giovanni XXIII</Name>
          <Name xml:lang="en" xmlns="http://www.sdmx.org/resources/sdmxml/schemas/v2_1/common">Sotto il Monte Giovanni XXIII</Name>
          <Parent>
            <Ref id="ITC46" xmlns="" />
          </Parent>
        </Code>
        <Code id="016204" urn="urn:sdmx:org.sdmx.infomodel.codelist.Code=IT1:CL_REFAREA(1.2).016204">
          <Name xml:lang="it" xmlns="http://www.sdmx.org/resources/sdmxml/schemas/v2_1/common">Sovere</Name>
          <Name xml:lang="en" xmlns="http://www.sdmx.org/resources/sdmxml/schemas/v2_1/common">Sovere</Name>
          <Parent>
            <Ref id="ITC46" xmlns="" />
          </Parent>
        </Code>
        <Code id="016205" urn="urn:sdmx:org.sdmx.infomodel.codelist.Code=IT1:CL_REFAREA(1.2).016205">
          <Name xml:lang="it" xmlns="http://www.sdmx.org/resources/sdmxml/schemas/v2_1/common">Spinone al Lago</Name>
          <Name xml:lang="en" xmlns="http://www.sdmx.org/resources/sdmxml/schemas/v2_1/common">Spinone al Lago</Name>
          <Parent>
            <Ref id="ITC46" xmlns="" />
          </Parent>
        </Code>
        <Code id="016206" urn="urn:sdmx:org.sdmx.infomodel.codelist.Code=IT1:CL_REFAREA(1.2).016206">
          <Name xml:lang="it" xmlns="http://www.sdmx.org/resources/sdmxml/schemas/v2_1/common">Spirano</Name>
          <Name xml:lang="en" xmlns="http://www.sdmx.org/resources/sdmxml/schemas/v2_1/common">Spirano</Name>
          <Parent>
            <Ref id="ITC46" xmlns="" />
          </Parent>
        </Code>
        <Code id="016207" urn="urn:sdmx:org.sdmx.infomodel.codelist.Code=IT1:CL_REFAREA(1.2).016207">
          <Name xml:lang="it" xmlns="http://www.sdmx.org/resources/sdmxml/schemas/v2_1/common">Stezzano</Name>
          <Name xml:lang="en" xmlns="http://www.sdmx.org/resources/sdmxml/schemas/v2_1/common">Stezzano</Name>
          <Parent>
            <Ref id="ITC46" xmlns="" />
          </Parent>
        </Code>
        <Code id="016208" urn="urn:sdmx:org.sdmx.infomodel.codelist.Code=IT1:CL_REFAREA(1.2).016208">
          <Name xml:lang="it" xmlns="http://www.sdmx.org/resources/sdmxml/schemas/v2_1/common">Strozza</Name>
          <Name xml:lang="en" xmlns="http://www.sdmx.org/resources/sdmxml/schemas/v2_1/common">Strozza</Name>
          <Parent>
            <Ref id="ITC46" xmlns="" />
          </Parent>
        </Code>
        <Code id="016209" urn="urn:sdmx:org.sdmx.infomodel.codelist.Code=IT1:CL_REFAREA(1.2).016209">
          <Name xml:lang="it" xmlns="http://www.sdmx.org/resources/sdmxml/schemas/v2_1/common">Suisio</Name>
          <Name xml:lang="en" xmlns="http://www.sdmx.org/resources/sdmxml/schemas/v2_1/common">Suisio</Name>
          <Parent>
            <Ref id="ITC46" xmlns="" />
          </Parent>
        </Code>
        <Code id="016210" urn="urn:sdmx:org.sdmx.infomodel.codelist.Code=IT1:CL_REFAREA(1.2).016210">
          <Name xml:lang="it" xmlns="http://www.sdmx.org/resources/sdmxml/schemas/v2_1/common">Taleggio</Name>
          <Name xml:lang="en" xmlns="http://www.sdmx.org/resources/sdmxml/schemas/v2_1/common">Taleggio</Name>
          <Parent>
            <Ref id="ITC46" xmlns="" />
          </Parent>
        </Code>
        <Code id="016211" urn="urn:sdmx:org.sdmx.infomodel.codelist.Code=IT1:CL_REFAREA(1.2).016211">
          <Name xml:lang="it" xmlns="http://www.sdmx.org/resources/sdmxml/schemas/v2_1/common">Tavernola Bergamasca</Name>
          <Name xml:lang="en" xmlns="http://www.sdmx.org/resources/sdmxml/schemas/v2_1/common">Tavernola Bergamasca</Name>
          <Parent>
            <Ref id="ITC46" xmlns="" />
          </Parent>
        </Code>
        <Code id="016212" urn="urn:sdmx:org.sdmx.infomodel.codelist.Code=IT1:CL_REFAREA(1.2).016212">
          <Name xml:lang="it" xmlns="http://www.sdmx.org/resources/sdmxml/schemas/v2_1/common">Telgate</Name>
          <Name xml:lang="en" xmlns="http://www.sdmx.org/resources/sdmxml/schemas/v2_1/common">Telgate</Name>
          <Parent>
            <Ref id="ITC46" xmlns="" />
          </Parent>
        </Code>
        <Code id="016213" urn="urn:sdmx:org.sdmx.infomodel.codelist.Code=IT1:CL_REFAREA(1.2).016213">
          <Name xml:lang="it" xmlns="http://www.sdmx.org/resources/sdmxml/schemas/v2_1/common">Terno d'Isola</Name>
          <Name xml:lang="en" xmlns="http://www.sdmx.org/resources/sdmxml/schemas/v2_1/common">Terno d'Isola</Name>
          <Parent>
            <Ref id="ITC46" xmlns="" />
          </Parent>
        </Code>
        <Code id="016214" urn="urn:sdmx:org.sdmx.infomodel.codelist.Code=IT1:CL_REFAREA(1.2).016214">
          <Name xml:lang="it" xmlns="http://www.sdmx.org/resources/sdmxml/schemas/v2_1/common">Torre Boldone</Name>
          <Name xml:lang="en" xmlns="http://www.sdmx.org/resources/sdmxml/schemas/v2_1/common">Torre Boldone</Name>
          <Parent>
            <Ref id="ITC46" xmlns="" />
          </Parent>
        </Code>
        <Code id="016215" urn="urn:sdmx:org.sdmx.infomodel.codelist.Code=IT1:CL_REFAREA(1.2).016215">
          <Name xml:lang="it" xmlns="http://www.sdmx.org/resources/sdmxml/schemas/v2_1/common">Torre de' Busi</Name>
          <Name xml:lang="en" xmlns="http://www.sdmx.org/resources/sdmxml/schemas/v2_1/common">Torre de' Busi</Name>
          <Parent>
            <Ref id="ITC46" xmlns="" />
          </Parent>
        </Code>
        <Code id="016216" urn="urn:sdmx:org.sdmx.infomodel.codelist.Code=IT1:CL_REFAREA(1.2).016216">
          <Name xml:lang="it" xmlns="http://www.sdmx.org/resources/sdmxml/schemas/v2_1/common">Torre de' Roveri</Name>
          <Name xml:lang="en" xmlns="http://www.sdmx.org/resources/sdmxml/schemas/v2_1/common">Torre de' Roveri</Name>
          <Parent>
            <Ref id="ITC46" xmlns="" />
          </Parent>
        </Code>
        <Code id="016217" urn="urn:sdmx:org.sdmx.infomodel.codelist.Code=IT1:CL_REFAREA(1.2).016217">
          <Name xml:lang="it" xmlns="http://www.sdmx.org/resources/sdmxml/schemas/v2_1/common">Torre Pallavicina</Name>
          <Name xml:lang="en" xmlns="http://www.sdmx.org/resources/sdmxml/schemas/v2_1/common">Torre Pallavicina</Name>
          <Parent>
            <Ref id="ITC46" xmlns="" />
          </Parent>
        </Code>
        <Code id="016218" urn="urn:sdmx:org.sdmx.infomodel.codelist.Code=IT1:CL_REFAREA(1.2).016218">
          <Name xml:lang="it" xmlns="http://www.sdmx.org/resources/sdmxml/schemas/v2_1/common">Trescore Balneario</Name>
          <Name xml:lang="en" xmlns="http://www.sdmx.org/resources/sdmxml/schemas/v2_1/common">Trescore Balneario</Name>
          <Parent>
            <Ref id="ITC46" xmlns="" />
          </Parent>
        </Code>
        <Code id="016219" urn="urn:sdmx:org.sdmx.infomodel.codelist.Code=IT1:CL_REFAREA(1.2).016219">
          <Name xml:lang="it" xmlns="http://www.sdmx.org/resources/sdmxml/schemas/v2_1/common">Treviglio</Name>
          <Name xml:lang="en" xmlns="http://www.sdmx.org/resources/sdmxml/schemas/v2_1/common">Treviglio</Name>
          <Parent>
            <Ref id="ITC46" xmlns="" />
          </Parent>
        </Code>
        <Code id="016220" urn="urn:sdmx:org.sdmx.infomodel.codelist.Code=IT1:CL_REFAREA(1.2).016220">
          <Name xml:lang="it" xmlns="http://www.sdmx.org/resources/sdmxml/schemas/v2_1/common">Treviolo</Name>
          <Name xml:lang="en" xmlns="http://www.sdmx.org/resources/sdmxml/schemas/v2_1/common">Treviolo</Name>
          <Parent>
            <Ref id="ITC46" xmlns="" />
          </Parent>
        </Code>
        <Code id="016221" urn="urn:sdmx:org.sdmx.infomodel.codelist.Code=IT1:CL_REFAREA(1.2).016221">
          <Name xml:lang="it" xmlns="http://www.sdmx.org/resources/sdmxml/schemas/v2_1/common">Ubiale Clanezzo</Name>
          <Name xml:lang="en" xmlns="http://www.sdmx.org/resources/sdmxml/schemas/v2_1/common">Ubiale Clanezzo</Name>
          <Parent>
            <Ref id="ITC46" xmlns="" />
          </Parent>
        </Code>
        <Code id="016222" urn="urn:sdmx:org.sdmx.infomodel.codelist.Code=IT1:CL_REFAREA(1.2).016222">
          <Name xml:lang="it" xmlns="http://www.sdmx.org/resources/sdmxml/schemas/v2_1/common">Urgnano</Name>
          <Name xml:lang="en" xmlns="http://www.sdmx.org/resources/sdmxml/schemas/v2_1/common">Urgnano</Name>
          <Parent>
            <Ref id="ITC46" xmlns="" />
          </Parent>
        </Code>
        <Code id="016223" urn="urn:sdmx:org.sdmx.infomodel.codelist.Code=IT1:CL_REFAREA(1.2).016223">
          <Name xml:lang="it" xmlns="http://www.sdmx.org/resources/sdmxml/schemas/v2_1/common">Valbondione</Name>
          <Name xml:lang="en" xmlns="http://www.sdmx.org/resources/sdmxml/schemas/v2_1/common">Valbondione</Name>
          <Parent>
            <Ref id="ITC46" xmlns="" />
          </Parent>
        </Code>
        <Code id="016224" urn="urn:sdmx:org.sdmx.infomodel.codelist.Code=IT1:CL_REFAREA(1.2).016224">
          <Name xml:lang="it" xmlns="http://www.sdmx.org/resources/sdmxml/schemas/v2_1/common">Valbrembo</Name>
          <Name xml:lang="en" xmlns="http://www.sdmx.org/resources/sdmxml/schemas/v2_1/common">Valbrembo</Name>
          <Parent>
            <Ref id="ITC46" xmlns="" />
          </Parent>
        </Code>
        <Code id="016225" urn="urn:sdmx:org.sdmx.infomodel.codelist.Code=IT1:CL_REFAREA(1.2).016225">
          <Name xml:lang="it" xmlns="http://www.sdmx.org/resources/sdmxml/schemas/v2_1/common">Valgoglio</Name>
          <Name xml:lang="en" xmlns="http://www.sdmx.org/resources/sdmxml/schemas/v2_1/common">Valgoglio</Name>
          <Parent>
            <Ref id="ITC46" xmlns="" />
          </Parent>
        </Code>
        <Code id="016226" urn="urn:sdmx:org.sdmx.infomodel.codelist.Code=IT1:CL_REFAREA(1.2).016226">
          <Name xml:lang="it" xmlns="http://www.sdmx.org/resources/sdmxml/schemas/v2_1/common">Valleve</Name>
          <Name xml:lang="en" xmlns="http://www.sdmx.org/resources/sdmxml/schemas/v2_1/common">Valleve</Name>
          <Parent>
            <Ref id="ITC46" xmlns="" />
          </Parent>
        </Code>
        <Code id="016227" urn="urn:sdmx:org.sdmx.infomodel.codelist.Code=IT1:CL_REFAREA(1.2).016227">
          <Name xml:lang="it" xmlns="http://www.sdmx.org/resources/sdmxml/schemas/v2_1/common">Valnegra</Name>
          <Name xml:lang="en" xmlns="http://www.sdmx.org/resources/sdmxml/schemas/v2_1/common">Valnegra</Name>
          <Parent>
            <Ref id="ITC46" xmlns="" />
          </Parent>
        </Code>
        <Code id="016228" urn="urn:sdmx:org.sdmx.infomodel.codelist.Code=IT1:CL_REFAREA(1.2).016228">
          <Name xml:lang="it" xmlns="http://www.sdmx.org/resources/sdmxml/schemas/v2_1/common">Valsecca</Name>
          <Name xml:lang="en" xmlns="http://www.sdmx.org/resources/sdmxml/schemas/v2_1/common">Valsecca</Name>
          <Parent>
            <Ref id="ITC46" xmlns="" />
          </Parent>
        </Code>
        <Code id="016229" urn="urn:sdmx:org.sdmx.infomodel.codelist.Code=IT1:CL_REFAREA(1.2).016229">
          <Name xml:lang="it" xmlns="http://www.sdmx.org/resources/sdmxml/schemas/v2_1/common">Valtorta</Name>
          <Name xml:lang="en" xmlns="http://www.sdmx.org/resources/sdmxml/schemas/v2_1/common">Valtorta</Name>
          <Parent>
            <Ref id="ITC46" xmlns="" />
          </Parent>
        </Code>
        <Code id="016230" urn="urn:sdmx:org.sdmx.infomodel.codelist.Code=IT1:CL_REFAREA(1.2).016230">
          <Name xml:lang="it" xmlns="http://www.sdmx.org/resources/sdmxml/schemas/v2_1/common">Vedeseta</Name>
          <Name xml:lang="en" xmlns="http://www.sdmx.org/resources/sdmxml/schemas/v2_1/common">Vedeseta</Name>
          <Parent>
            <Ref id="ITC46" xmlns="" />
          </Parent>
        </Code>
        <Code id="016231" urn="urn:sdmx:org.sdmx.infomodel.codelist.Code=IT1:CL_REFAREA(1.2).016231">
          <Name xml:lang="it" xmlns="http://www.sdmx.org/resources/sdmxml/schemas/v2_1/common">Vercurago</Name>
          <Name xml:lang="en" xmlns="http://www.sdmx.org/resources/sdmxml/schemas/v2_1/common">Vercurago</Name>
          <Parent>
            <Ref id="ITC46" xmlns="" />
          </Parent>
        </Code>
        <Code id="016232" urn="urn:sdmx:org.sdmx.infomodel.codelist.Code=IT1:CL_REFAREA(1.2).016232">
          <Name xml:lang="it" xmlns="http://www.sdmx.org/resources/sdmxml/schemas/v2_1/common">Verdellino</Name>
          <Name xml:lang="en" xmlns="http://www.sdmx.org/resources/sdmxml/schemas/v2_1/common">Verdellino</Name>
          <Parent>
            <Ref id="ITC46" xmlns="" />
          </Parent>
        </Code>
        <Code id="016233" urn="urn:sdmx:org.sdmx.infomodel.codelist.Code=IT1:CL_REFAREA(1.2).016233">
          <Name xml:lang="it" xmlns="http://www.sdmx.org/resources/sdmxml/schemas/v2_1/common">Verdello</Name>
          <Name xml:lang="en" xmlns="http://www.sdmx.org/resources/sdmxml/schemas/v2_1/common">Verdello</Name>
          <Parent>
            <Ref id="ITC46" xmlns="" />
          </Parent>
        </Code>
        <Code id="016234" urn="urn:sdmx:org.sdmx.infomodel.codelist.Code=IT1:CL_REFAREA(1.2).016234">
          <Name xml:lang="it" xmlns="http://www.sdmx.org/resources/sdmxml/schemas/v2_1/common">Vertova</Name>
          <Name xml:lang="en" xmlns="http://www.sdmx.org/resources/sdmxml/schemas/v2_1/common">Vertova</Name>
          <Parent>
            <Ref id="ITC46" xmlns="" />
          </Parent>
        </Code>
        <Code id="016235" urn="urn:sdmx:org.sdmx.infomodel.codelist.Code=IT1:CL_REFAREA(1.2).016235">
          <Name xml:lang="it" xmlns="http://www.sdmx.org/resources/sdmxml/schemas/v2_1/common">Viadanica</Name>
          <Name xml:lang="en" xmlns="http://www.sdmx.org/resources/sdmxml/schemas/v2_1/common">Viadanica</Name>
          <Parent>
            <Ref id="ITC46" xmlns="" />
          </Parent>
        </Code>
        <Code id="016236" urn="urn:sdmx:org.sdmx.infomodel.codelist.Code=IT1:CL_REFAREA(1.2).016236">
          <Name xml:lang="it" xmlns="http://www.sdmx.org/resources/sdmxml/schemas/v2_1/common">Vigano San Martino</Name>
          <Name xml:lang="en" xmlns="http://www.sdmx.org/resources/sdmxml/schemas/v2_1/common">Vigano San Martino</Name>
          <Parent>
            <Ref id="ITC46" xmlns="" />
          </Parent>
        </Code>
        <Code id="016237" urn="urn:sdmx:org.sdmx.infomodel.codelist.Code=IT1:CL_REFAREA(1.2).016237">
          <Name xml:lang="it" xmlns="http://www.sdmx.org/resources/sdmxml/schemas/v2_1/common">Vigolo</Name>
          <Name xml:lang="en" xmlns="http://www.sdmx.org/resources/sdmxml/schemas/v2_1/common">Vigolo</Name>
          <Parent>
            <Ref id="ITC46" xmlns="" />
          </Parent>
        </Code>
        <Code id="016238" urn="urn:sdmx:org.sdmx.infomodel.codelist.Code=IT1:CL_REFAREA(1.2).016238">
          <Name xml:lang="it" xmlns="http://www.sdmx.org/resources/sdmxml/schemas/v2_1/common">Villa d'Adda</Name>
          <Name xml:lang="en" xmlns="http://www.sdmx.org/resources/sdmxml/schemas/v2_1/common">Villa d'Adda</Name>
          <Parent>
            <Ref id="ITC46" xmlns="" />
          </Parent>
        </Code>
        <Code id="016239" urn="urn:sdmx:org.sdmx.infomodel.codelist.Code=IT1:CL_REFAREA(1.2).016239">
          <Name xml:lang="it" xmlns="http://www.sdmx.org/resources/sdmxml/schemas/v2_1/common">Villa d'Almè</Name>
          <Name xml:lang="en" xmlns="http://www.sdmx.org/resources/sdmxml/schemas/v2_1/common">Villa d'Almè</Name>
          <Parent>
            <Ref id="ITC46" xmlns="" />
          </Parent>
        </Code>
        <Code id="016240" urn="urn:sdmx:org.sdmx.infomodel.codelist.Code=IT1:CL_REFAREA(1.2).016240">
          <Name xml:lang="it" xmlns="http://www.sdmx.org/resources/sdmxml/schemas/v2_1/common">Villa di Serio</Name>
          <Name xml:lang="en" xmlns="http://www.sdmx.org/resources/sdmxml/schemas/v2_1/common">Villa di Serio</Name>
          <Parent>
            <Ref id="ITC46" xmlns="" />
          </Parent>
        </Code>
        <Code id="016241" urn="urn:sdmx:org.sdmx.infomodel.codelist.Code=IT1:CL_REFAREA(1.2).016241">
          <Name xml:lang="it" xmlns="http://www.sdmx.org/resources/sdmxml/schemas/v2_1/common">Villa d'Ogna</Name>
          <Name xml:lang="en" xmlns="http://www.sdmx.org/resources/sdmxml/schemas/v2_1/common">Villa d'Ogna</Name>
          <Parent>
            <Ref id="ITC46" xmlns="" />
          </Parent>
        </Code>
        <Code id="016242" urn="urn:sdmx:org.sdmx.infomodel.codelist.Code=IT1:CL_REFAREA(1.2).016242">
          <Name xml:lang="it" xmlns="http://www.sdmx.org/resources/sdmxml/schemas/v2_1/common">Villongo</Name>
          <Name xml:lang="en" xmlns="http://www.sdmx.org/resources/sdmxml/schemas/v2_1/common">Villongo</Name>
          <Parent>
            <Ref id="ITC46" xmlns="" />
          </Parent>
        </Code>
        <Code id="016243" urn="urn:sdmx:org.sdmx.infomodel.codelist.Code=IT1:CL_REFAREA(1.2).016243">
          <Name xml:lang="it" xmlns="http://www.sdmx.org/resources/sdmxml/schemas/v2_1/common">Vilminore di Scalve</Name>
          <Name xml:lang="en" xmlns="http://www.sdmx.org/resources/sdmxml/schemas/v2_1/common">Vilminore di Scalve</Name>
          <Parent>
            <Ref id="ITC46" xmlns="" />
          </Parent>
        </Code>
        <Code id="016244" urn="urn:sdmx:org.sdmx.infomodel.codelist.Code=IT1:CL_REFAREA(1.2).016244">
          <Name xml:lang="it" xmlns="http://www.sdmx.org/resources/sdmxml/schemas/v2_1/common">Zandobbio</Name>
          <Name xml:lang="en" xmlns="http://www.sdmx.org/resources/sdmxml/schemas/v2_1/common">Zandobbio</Name>
          <Parent>
            <Ref id="ITC46" xmlns="" />
          </Parent>
        </Code>
        <Code id="016245" urn="urn:sdmx:org.sdmx.infomodel.codelist.Code=IT1:CL_REFAREA(1.2).016245">
          <Name xml:lang="it" xmlns="http://www.sdmx.org/resources/sdmxml/schemas/v2_1/common">Zanica</Name>
          <Name xml:lang="en" xmlns="http://www.sdmx.org/resources/sdmxml/schemas/v2_1/common">Zanica</Name>
          <Parent>
            <Ref id="ITC46" xmlns="" />
          </Parent>
        </Code>
        <Code id="016246" urn="urn:sdmx:org.sdmx.infomodel.codelist.Code=IT1:CL_REFAREA(1.2).016246">
          <Name xml:lang="it" xmlns="http://www.sdmx.org/resources/sdmxml/schemas/v2_1/common">Zogno</Name>
          <Name xml:lang="en" xmlns="http://www.sdmx.org/resources/sdmxml/schemas/v2_1/common">Zogno</Name>
          <Parent>
            <Ref id="ITC46" xmlns="" />
          </Parent>
        </Code>
        <Code id="016247" urn="urn:sdmx:org.sdmx.infomodel.codelist.Code=IT1:CL_REFAREA(1.2).016247">
          <Name xml:lang="it" xmlns="http://www.sdmx.org/resources/sdmxml/schemas/v2_1/common">Costa Serina</Name>
          <Name xml:lang="en" xmlns="http://www.sdmx.org/resources/sdmxml/schemas/v2_1/common">Costa Serina</Name>
          <Parent>
            <Ref id="ITC46" xmlns="" />
          </Parent>
        </Code>
        <Code id="016248" urn="urn:sdmx:org.sdmx.infomodel.codelist.Code=IT1:CL_REFAREA(1.2).016248">
          <Name xml:lang="it" xmlns="http://www.sdmx.org/resources/sdmxml/schemas/v2_1/common">Algua</Name>
          <Name xml:lang="en" xmlns="http://www.sdmx.org/resources/sdmxml/schemas/v2_1/common">Algua</Name>
          <Parent>
            <Ref id="ITC46" xmlns="" />
          </Parent>
        </Code>
        <Code id="016249" urn="urn:sdmx:org.sdmx.infomodel.codelist.Code=IT1:CL_REFAREA(1.2).016249">
          <Name xml:lang="it" xmlns="http://www.sdmx.org/resources/sdmxml/schemas/v2_1/common">Cornalba</Name>
          <Name xml:lang="en" xmlns="http://www.sdmx.org/resources/sdmxml/schemas/v2_1/common">Cornalba</Name>
          <Parent>
            <Ref id="ITC46" xmlns="" />
          </Parent>
        </Code>
        <Code id="016250" urn="urn:sdmx:org.sdmx.infomodel.codelist.Code=IT1:CL_REFAREA(1.2).016250">
          <Name xml:lang="it" xmlns="http://www.sdmx.org/resources/sdmxml/schemas/v2_1/common">Medolago</Name>
          <Name xml:lang="en" xmlns="http://www.sdmx.org/resources/sdmxml/schemas/v2_1/common">Medolago</Name>
          <Parent>
            <Ref id="ITC46" xmlns="" />
          </Parent>
        </Code>
        <Code id="016251" urn="urn:sdmx:org.sdmx.infomodel.codelist.Code=IT1:CL_REFAREA(1.2).016251">
          <Name xml:lang="it" xmlns="http://www.sdmx.org/resources/sdmxml/schemas/v2_1/common">Solza</Name>
          <Name xml:lang="en" xmlns="http://www.sdmx.org/resources/sdmxml/schemas/v2_1/common">Solza</Name>
          <Parent>
            <Ref id="ITC46" xmlns="" />
          </Parent>
        </Code>
        <Code id="017001" urn="urn:sdmx:org.sdmx.infomodel.codelist.Code=IT1:CL_REFAREA(1.2).017001">
          <Name xml:lang="it" xmlns="http://www.sdmx.org/resources/sdmxml/schemas/v2_1/common">Acquafredda</Name>
          <Name xml:lang="en" xmlns="http://www.sdmx.org/resources/sdmxml/schemas/v2_1/common">Acquafredda</Name>
          <Parent>
            <Ref id="ITC47" xmlns="" />
          </Parent>
        </Code>
        <Code id="017002" urn="urn:sdmx:org.sdmx.infomodel.codelist.Code=IT1:CL_REFAREA(1.2).017002">
          <Name xml:lang="it" xmlns="http://www.sdmx.org/resources/sdmxml/schemas/v2_1/common">Adro</Name>
          <Name xml:lang="en" xmlns="http://www.sdmx.org/resources/sdmxml/schemas/v2_1/common">Adro</Name>
          <Parent>
            <Ref id="ITC47" xmlns="" />
          </Parent>
        </Code>
        <Code id="017003" urn="urn:sdmx:org.sdmx.infomodel.codelist.Code=IT1:CL_REFAREA(1.2).017003">
          <Name xml:lang="it" xmlns="http://www.sdmx.org/resources/sdmxml/schemas/v2_1/common">Agnosine</Name>
          <Name xml:lang="en" xmlns="http://www.sdmx.org/resources/sdmxml/schemas/v2_1/common">Agnosine</Name>
          <Parent>
            <Ref id="ITC47" xmlns="" />
          </Parent>
        </Code>
        <Code id="017004" urn="urn:sdmx:org.sdmx.infomodel.codelist.Code=IT1:CL_REFAREA(1.2).017004">
          <Name xml:lang="it" xmlns="http://www.sdmx.org/resources/sdmxml/schemas/v2_1/common">Alfianello</Name>
          <Name xml:lang="en" xmlns="http://www.sdmx.org/resources/sdmxml/schemas/v2_1/common">Alfianello</Name>
          <Parent>
            <Ref id="ITC47" xmlns="" />
          </Parent>
        </Code>
        <Code id="017005" urn="urn:sdmx:org.sdmx.infomodel.codelist.Code=IT1:CL_REFAREA(1.2).017005">
          <Name xml:lang="it" xmlns="http://www.sdmx.org/resources/sdmxml/schemas/v2_1/common">Anfo</Name>
          <Name xml:lang="en" xmlns="http://www.sdmx.org/resources/sdmxml/schemas/v2_1/common">Anfo</Name>
          <Parent>
            <Ref id="ITC47" xmlns="" />
          </Parent>
        </Code>
        <Code id="017006" urn="urn:sdmx:org.sdmx.infomodel.codelist.Code=IT1:CL_REFAREA(1.2).017006">
          <Name xml:lang="it" xmlns="http://www.sdmx.org/resources/sdmxml/schemas/v2_1/common">Angolo Terme</Name>
          <Name xml:lang="en" xmlns="http://www.sdmx.org/resources/sdmxml/schemas/v2_1/common">Angolo Terme</Name>
          <Parent>
            <Ref id="ITC47" xmlns="" />
          </Parent>
        </Code>
        <Code id="017007" urn="urn:sdmx:org.sdmx.infomodel.codelist.Code=IT1:CL_REFAREA(1.2).017007">
          <Name xml:lang="it" xmlns="http://www.sdmx.org/resources/sdmxml/schemas/v2_1/common">Artogne</Name>
          <Name xml:lang="en" xmlns="http://www.sdmx.org/resources/sdmxml/schemas/v2_1/common">Artogne</Name>
          <Parent>
            <Ref id="ITC47" xmlns="" />
          </Parent>
        </Code>
        <Code id="017008" urn="urn:sdmx:org.sdmx.infomodel.codelist.Code=IT1:CL_REFAREA(1.2).017008">
          <Name xml:lang="it" xmlns="http://www.sdmx.org/resources/sdmxml/schemas/v2_1/common">Azzano Mella</Name>
          <Name xml:lang="en" xmlns="http://www.sdmx.org/resources/sdmxml/schemas/v2_1/common">Azzano Mella</Name>
          <Parent>
            <Ref id="ITC47" xmlns="" />
          </Parent>
        </Code>
        <Code id="017009" urn="urn:sdmx:org.sdmx.infomodel.codelist.Code=IT1:CL_REFAREA(1.2).017009">
          <Name xml:lang="it" xmlns="http://www.sdmx.org/resources/sdmxml/schemas/v2_1/common">Bagnolo Mella</Name>
          <Name xml:lang="en" xmlns="http://www.sdmx.org/resources/sdmxml/schemas/v2_1/common">Bagnolo Mella</Name>
          <Parent>
            <Ref id="ITC47" xmlns="" />
          </Parent>
        </Code>
        <Code id="017010" urn="urn:sdmx:org.sdmx.infomodel.codelist.Code=IT1:CL_REFAREA(1.2).017010">
          <Name xml:lang="it" xmlns="http://www.sdmx.org/resources/sdmxml/schemas/v2_1/common">Bagolino</Name>
          <Name xml:lang="en" xmlns="http://www.sdmx.org/resources/sdmxml/schemas/v2_1/common">Bagolino</Name>
          <Parent>
            <Ref id="ITC47" xmlns="" />
          </Parent>
        </Code>
        <Code id="017011" urn="urn:sdmx:org.sdmx.infomodel.codelist.Code=IT1:CL_REFAREA(1.2).017011">
          <Name xml:lang="it" xmlns="http://www.sdmx.org/resources/sdmxml/schemas/v2_1/common">Barbariga</Name>
          <Name xml:lang="en" xmlns="http://www.sdmx.org/resources/sdmxml/schemas/v2_1/common">Barbariga</Name>
          <Parent>
            <Ref id="ITC47" xmlns="" />
          </Parent>
        </Code>
        <Code id="017012" urn="urn:sdmx:org.sdmx.infomodel.codelist.Code=IT1:CL_REFAREA(1.2).017012">
          <Name xml:lang="it" xmlns="http://www.sdmx.org/resources/sdmxml/schemas/v2_1/common">Barghe</Name>
          <Name xml:lang="en" xmlns="http://www.sdmx.org/resources/sdmxml/schemas/v2_1/common">Barghe</Name>
          <Parent>
            <Ref id="ITC47" xmlns="" />
          </Parent>
        </Code>
        <Code id="017013" urn="urn:sdmx:org.sdmx.infomodel.codelist.Code=IT1:CL_REFAREA(1.2).017013">
          <Name xml:lang="it" xmlns="http://www.sdmx.org/resources/sdmxml/schemas/v2_1/common">Bassano Bresciano</Name>
          <Name xml:lang="en" xmlns="http://www.sdmx.org/resources/sdmxml/schemas/v2_1/common">Bassano Bresciano</Name>
          <Parent>
            <Ref id="ITC47" xmlns="" />
          </Parent>
        </Code>
        <Code id="017014" urn="urn:sdmx:org.sdmx.infomodel.codelist.Code=IT1:CL_REFAREA(1.2).017014">
          <Name xml:lang="it" xmlns="http://www.sdmx.org/resources/sdmxml/schemas/v2_1/common">Bedizzole</Name>
          <Name xml:lang="en" xmlns="http://www.sdmx.org/resources/sdmxml/schemas/v2_1/common">Bedizzole</Name>
          <Parent>
            <Ref id="ITC47" xmlns="" />
          </Parent>
        </Code>
        <Code id="017015" urn="urn:sdmx:org.sdmx.infomodel.codelist.Code=IT1:CL_REFAREA(1.2).017015">
          <Name xml:lang="it" xmlns="http://www.sdmx.org/resources/sdmxml/schemas/v2_1/common">Berlingo</Name>
          <Name xml:lang="en" xmlns="http://www.sdmx.org/resources/sdmxml/schemas/v2_1/common">Berlingo</Name>
          <Parent>
            <Ref id="ITC47" xmlns="" />
          </Parent>
        </Code>
        <Code id="017016" urn="urn:sdmx:org.sdmx.infomodel.codelist.Code=IT1:CL_REFAREA(1.2).017016">
          <Name xml:lang="it" xmlns="http://www.sdmx.org/resources/sdmxml/schemas/v2_1/common">Berzo Demo</Name>
          <Name xml:lang="en" xmlns="http://www.sdmx.org/resources/sdmxml/schemas/v2_1/common">Berzo Demo</Name>
          <Parent>
            <Ref id="ITC47" xmlns="" />
          </Parent>
        </Code>
        <Code id="017017" urn="urn:sdmx:org.sdmx.infomodel.codelist.Code=IT1:CL_REFAREA(1.2).017017">
          <Name xml:lang="it" xmlns="http://www.sdmx.org/resources/sdmxml/schemas/v2_1/common">Berzo Inferiore</Name>
          <Name xml:lang="en" xmlns="http://www.sdmx.org/resources/sdmxml/schemas/v2_1/common">Berzo Inferiore</Name>
          <Parent>
            <Ref id="ITC47" xmlns="" />
          </Parent>
        </Code>
        <Code id="017018" urn="urn:sdmx:org.sdmx.infomodel.codelist.Code=IT1:CL_REFAREA(1.2).017018">
          <Name xml:lang="it" xmlns="http://www.sdmx.org/resources/sdmxml/schemas/v2_1/common">Bienno</Name>
          <Name xml:lang="en" xmlns="http://www.sdmx.org/resources/sdmxml/schemas/v2_1/common">Bienno</Name>
          <Parent>
            <Ref id="ITC47" xmlns="" />
          </Parent>
        </Code>
        <Code id="017019" urn="urn:sdmx:org.sdmx.infomodel.codelist.Code=IT1:CL_REFAREA(1.2).017019">
          <Name xml:lang="it" xmlns="http://www.sdmx.org/resources/sdmxml/schemas/v2_1/common">Bione</Name>
          <Name xml:lang="en" xmlns="http://www.sdmx.org/resources/sdmxml/schemas/v2_1/common">Bione</Name>
          <Parent>
            <Ref id="ITC47" xmlns="" />
          </Parent>
        </Code>
        <Code id="017020" urn="urn:sdmx:org.sdmx.infomodel.codelist.Code=IT1:CL_REFAREA(1.2).017020">
          <Name xml:lang="it" xmlns="http://www.sdmx.org/resources/sdmxml/schemas/v2_1/common">Borgo San Giacomo</Name>
          <Name xml:lang="en" xmlns="http://www.sdmx.org/resources/sdmxml/schemas/v2_1/common">Borgo San Giacomo</Name>
          <Parent>
            <Ref id="ITC47" xmlns="" />
          </Parent>
        </Code>
        <Code id="017021" urn="urn:sdmx:org.sdmx.infomodel.codelist.Code=IT1:CL_REFAREA(1.2).017021">
          <Name xml:lang="it" xmlns="http://www.sdmx.org/resources/sdmxml/schemas/v2_1/common">Borgosatollo</Name>
          <Name xml:lang="en" xmlns="http://www.sdmx.org/resources/sdmxml/schemas/v2_1/common">Borgosatollo</Name>
          <Parent>
            <Ref id="ITC47" xmlns="" />
          </Parent>
        </Code>
        <Code id="017022" urn="urn:sdmx:org.sdmx.infomodel.codelist.Code=IT1:CL_REFAREA(1.2).017022">
          <Name xml:lang="it" xmlns="http://www.sdmx.org/resources/sdmxml/schemas/v2_1/common">Borno</Name>
          <Name xml:lang="en" xmlns="http://www.sdmx.org/resources/sdmxml/schemas/v2_1/common">Borno</Name>
          <Parent>
            <Ref id="ITC47" xmlns="" />
          </Parent>
        </Code>
        <Code id="017023" urn="urn:sdmx:org.sdmx.infomodel.codelist.Code=IT1:CL_REFAREA(1.2).017023">
          <Name xml:lang="it" xmlns="http://www.sdmx.org/resources/sdmxml/schemas/v2_1/common">Botticino</Name>
          <Name xml:lang="en" xmlns="http://www.sdmx.org/resources/sdmxml/schemas/v2_1/common">Botticino</Name>
          <Parent>
            <Ref id="ITC47" xmlns="" />
          </Parent>
        </Code>
        <Code id="017024" urn="urn:sdmx:org.sdmx.infomodel.codelist.Code=IT1:CL_REFAREA(1.2).017024">
          <Name xml:lang="it" xmlns="http://www.sdmx.org/resources/sdmxml/schemas/v2_1/common">Bovegno</Name>
          <Name xml:lang="en" xmlns="http://www.sdmx.org/resources/sdmxml/schemas/v2_1/common">Bovegno</Name>
          <Parent>
            <Ref id="ITC47" xmlns="" />
          </Parent>
        </Code>
        <Code id="017025" urn="urn:sdmx:org.sdmx.infomodel.codelist.Code=IT1:CL_REFAREA(1.2).017025">
          <Name xml:lang="it" xmlns="http://www.sdmx.org/resources/sdmxml/schemas/v2_1/common">Bovezzo</Name>
          <Name xml:lang="en" xmlns="http://www.sdmx.org/resources/sdmxml/schemas/v2_1/common">Bovezzo</Name>
          <Parent>
            <Ref id="ITC47" xmlns="" />
          </Parent>
        </Code>
        <Code id="017026" urn="urn:sdmx:org.sdmx.infomodel.codelist.Code=IT1:CL_REFAREA(1.2).017026">
          <Name xml:lang="it" xmlns="http://www.sdmx.org/resources/sdmxml/schemas/v2_1/common">Brandico</Name>
          <Name xml:lang="en" xmlns="http://www.sdmx.org/resources/sdmxml/schemas/v2_1/common">Brandico</Name>
          <Parent>
            <Ref id="ITC47" xmlns="" />
          </Parent>
        </Code>
        <Code id="017027" urn="urn:sdmx:org.sdmx.infomodel.codelist.Code=IT1:CL_REFAREA(1.2).017027">
          <Name xml:lang="it" xmlns="http://www.sdmx.org/resources/sdmxml/schemas/v2_1/common">Braone</Name>
          <Name xml:lang="en" xmlns="http://www.sdmx.org/resources/sdmxml/schemas/v2_1/common">Braone</Name>
          <Parent>
            <Ref id="ITC47" xmlns="" />
          </Parent>
        </Code>
        <Code id="017028" urn="urn:sdmx:org.sdmx.infomodel.codelist.Code=IT1:CL_REFAREA(1.2).017028">
          <Name xml:lang="it" xmlns="http://www.sdmx.org/resources/sdmxml/schemas/v2_1/common">Breno</Name>
          <Name xml:lang="en" xmlns="http://www.sdmx.org/resources/sdmxml/schemas/v2_1/common">Breno</Name>
          <Parent>
            <Ref id="ITC47" xmlns="" />
          </Parent>
        </Code>
        <Code id="017029" urn="urn:sdmx:org.sdmx.infomodel.codelist.Code=IT1:CL_REFAREA(1.2).017029">
          <Name xml:lang="it" xmlns="http://www.sdmx.org/resources/sdmxml/schemas/v2_1/common">Brescia</Name>
          <Name xml:lang="en" xmlns="http://www.sdmx.org/resources/sdmxml/schemas/v2_1/common">Brescia</Name>
          <Parent>
            <Ref id="ITC47" xmlns="" />
          </Parent>
        </Code>
        <Code id="017030" urn="urn:sdmx:org.sdmx.infomodel.codelist.Code=IT1:CL_REFAREA(1.2).017030">
          <Name xml:lang="it" xmlns="http://www.sdmx.org/resources/sdmxml/schemas/v2_1/common">Brione</Name>
          <Name xml:lang="en" xmlns="http://www.sdmx.org/resources/sdmxml/schemas/v2_1/common">Brione</Name>
          <Parent>
            <Ref id="ITC47" xmlns="" />
          </Parent>
        </Code>
        <Code id="017031" urn="urn:sdmx:org.sdmx.infomodel.codelist.Code=IT1:CL_REFAREA(1.2).017031">
          <Name xml:lang="it" xmlns="http://www.sdmx.org/resources/sdmxml/schemas/v2_1/common">Caino</Name>
          <Name xml:lang="en" xmlns="http://www.sdmx.org/resources/sdmxml/schemas/v2_1/common">Caino</Name>
          <Parent>
            <Ref id="ITC47" xmlns="" />
          </Parent>
        </Code>
        <Code id="017032" urn="urn:sdmx:org.sdmx.infomodel.codelist.Code=IT1:CL_REFAREA(1.2).017032">
          <Name xml:lang="it" xmlns="http://www.sdmx.org/resources/sdmxml/schemas/v2_1/common">Calcinato</Name>
          <Name xml:lang="en" xmlns="http://www.sdmx.org/resources/sdmxml/schemas/v2_1/common">Calcinato</Name>
          <Parent>
            <Ref id="ITC47" xmlns="" />
          </Parent>
        </Code>
        <Code id="017033" urn="urn:sdmx:org.sdmx.infomodel.codelist.Code=IT1:CL_REFAREA(1.2).017033">
          <Name xml:lang="it" xmlns="http://www.sdmx.org/resources/sdmxml/schemas/v2_1/common">Calvagese della Riviera</Name>
          <Name xml:lang="en" xmlns="http://www.sdmx.org/resources/sdmxml/schemas/v2_1/common">Calvagese della Riviera</Name>
          <Parent>
            <Ref id="ITC47" xmlns="" />
          </Parent>
        </Code>
        <Code id="017034" urn="urn:sdmx:org.sdmx.infomodel.codelist.Code=IT1:CL_REFAREA(1.2).017034">
          <Name xml:lang="it" xmlns="http://www.sdmx.org/resources/sdmxml/schemas/v2_1/common">Calvisano</Name>
          <Name xml:lang="en" xmlns="http://www.sdmx.org/resources/sdmxml/schemas/v2_1/common">Calvisano</Name>
          <Parent>
            <Ref id="ITC47" xmlns="" />
          </Parent>
        </Code>
        <Code id="017035" urn="urn:sdmx:org.sdmx.infomodel.codelist.Code=IT1:CL_REFAREA(1.2).017035">
          <Name xml:lang="it" xmlns="http://www.sdmx.org/resources/sdmxml/schemas/v2_1/common">Capo di Ponte</Name>
          <Name xml:lang="en" xmlns="http://www.sdmx.org/resources/sdmxml/schemas/v2_1/common">Capo di Ponte</Name>
          <Parent>
            <Ref id="ITC47" xmlns="" />
          </Parent>
        </Code>
        <Code id="017036" urn="urn:sdmx:org.sdmx.infomodel.codelist.Code=IT1:CL_REFAREA(1.2).017036">
          <Name xml:lang="it" xmlns="http://www.sdmx.org/resources/sdmxml/schemas/v2_1/common">Capovalle</Name>
          <Name xml:lang="en" xmlns="http://www.sdmx.org/resources/sdmxml/schemas/v2_1/common">Capovalle</Name>
          <Parent>
            <Ref id="ITC47" xmlns="" />
          </Parent>
        </Code>
        <Code id="017037" urn="urn:sdmx:org.sdmx.infomodel.codelist.Code=IT1:CL_REFAREA(1.2).017037">
          <Name xml:lang="it" xmlns="http://www.sdmx.org/resources/sdmxml/schemas/v2_1/common">Capriano del Colle</Name>
          <Name xml:lang="en" xmlns="http://www.sdmx.org/resources/sdmxml/schemas/v2_1/common">Capriano del Colle</Name>
          <Parent>
            <Ref id="ITC47" xmlns="" />
          </Parent>
        </Code>
        <Code id="017038" urn="urn:sdmx:org.sdmx.infomodel.codelist.Code=IT1:CL_REFAREA(1.2).017038">
          <Name xml:lang="it" xmlns="http://www.sdmx.org/resources/sdmxml/schemas/v2_1/common">Capriolo</Name>
          <Name xml:lang="en" xmlns="http://www.sdmx.org/resources/sdmxml/schemas/v2_1/common">Capriolo</Name>
          <Parent>
            <Ref id="ITC47" xmlns="" />
          </Parent>
        </Code>
        <Code id="017039" urn="urn:sdmx:org.sdmx.infomodel.codelist.Code=IT1:CL_REFAREA(1.2).017039">
          <Name xml:lang="it" xmlns="http://www.sdmx.org/resources/sdmxml/schemas/v2_1/common">Carpenedolo</Name>
          <Name xml:lang="en" xmlns="http://www.sdmx.org/resources/sdmxml/schemas/v2_1/common">Carpenedolo</Name>
          <Parent>
            <Ref id="ITC47" xmlns="" />
          </Parent>
        </Code>
        <Code id="017040" urn="urn:sdmx:org.sdmx.infomodel.codelist.Code=IT1:CL_REFAREA(1.2).017040">
          <Name xml:lang="it" xmlns="http://www.sdmx.org/resources/sdmxml/schemas/v2_1/common">Castegnato</Name>
          <Name xml:lang="en" xmlns="http://www.sdmx.org/resources/sdmxml/schemas/v2_1/common">Castegnato</Name>
          <Parent>
            <Ref id="ITC47" xmlns="" />
          </Parent>
        </Code>
        <Code id="017041" urn="urn:sdmx:org.sdmx.infomodel.codelist.Code=IT1:CL_REFAREA(1.2).017041">
          <Name xml:lang="it" xmlns="http://www.sdmx.org/resources/sdmxml/schemas/v2_1/common">Castelcovati</Name>
          <Name xml:lang="en" xmlns="http://www.sdmx.org/resources/sdmxml/schemas/v2_1/common">Castelcovati</Name>
          <Parent>
            <Ref id="ITC47" xmlns="" />
          </Parent>
        </Code>
        <Code id="017042" urn="urn:sdmx:org.sdmx.infomodel.codelist.Code=IT1:CL_REFAREA(1.2).017042">
          <Name xml:lang="it" xmlns="http://www.sdmx.org/resources/sdmxml/schemas/v2_1/common">Castel Mella</Name>
          <Name xml:lang="en" xmlns="http://www.sdmx.org/resources/sdmxml/schemas/v2_1/common">Castel Mella</Name>
          <Parent>
            <Ref id="ITC47" xmlns="" />
          </Parent>
        </Code>
        <Code id="017043" urn="urn:sdmx:org.sdmx.infomodel.codelist.Code=IT1:CL_REFAREA(1.2).017043">
          <Name xml:lang="it" xmlns="http://www.sdmx.org/resources/sdmxml/schemas/v2_1/common">Castenedolo</Name>
          <Name xml:lang="en" xmlns="http://www.sdmx.org/resources/sdmxml/schemas/v2_1/common">Castenedolo</Name>
          <Parent>
            <Ref id="ITC47" xmlns="" />
          </Parent>
        </Code>
        <Code id="017044" urn="urn:sdmx:org.sdmx.infomodel.codelist.Code=IT1:CL_REFAREA(1.2).017044">
          <Name xml:lang="it" xmlns="http://www.sdmx.org/resources/sdmxml/schemas/v2_1/common">Casto</Name>
          <Name xml:lang="en" xmlns="http://www.sdmx.org/resources/sdmxml/schemas/v2_1/common">Casto</Name>
          <Parent>
            <Ref id="ITC47" xmlns="" />
          </Parent>
        </Code>
        <Code id="017045" urn="urn:sdmx:org.sdmx.infomodel.codelist.Code=IT1:CL_REFAREA(1.2).017045">
          <Name xml:lang="it" xmlns="http://www.sdmx.org/resources/sdmxml/schemas/v2_1/common">Castrezzato</Name>
          <Name xml:lang="en" xmlns="http://www.sdmx.org/resources/sdmxml/schemas/v2_1/common">Castrezzato</Name>
          <Parent>
            <Ref id="ITC47" xmlns="" />
          </Parent>
        </Code>
        <Code id="017046" urn="urn:sdmx:org.sdmx.infomodel.codelist.Code=IT1:CL_REFAREA(1.2).017046">
          <Name xml:lang="it" xmlns="http://www.sdmx.org/resources/sdmxml/schemas/v2_1/common">Cazzago San Martino</Name>
          <Name xml:lang="en" xmlns="http://www.sdmx.org/resources/sdmxml/schemas/v2_1/common">Cazzago San Martino</Name>
          <Parent>
            <Ref id="ITC47" xmlns="" />
          </Parent>
        </Code>
        <Code id="017047" urn="urn:sdmx:org.sdmx.infomodel.codelist.Code=IT1:CL_REFAREA(1.2).017047">
          <Name xml:lang="it" xmlns="http://www.sdmx.org/resources/sdmxml/schemas/v2_1/common">Cedegolo</Name>
          <Name xml:lang="en" xmlns="http://www.sdmx.org/resources/sdmxml/schemas/v2_1/common">Cedegolo</Name>
          <Parent>
            <Ref id="ITC47" xmlns="" />
          </Parent>
        </Code>
        <Code id="017048" urn="urn:sdmx:org.sdmx.infomodel.codelist.Code=IT1:CL_REFAREA(1.2).017048">
          <Name xml:lang="it" xmlns="http://www.sdmx.org/resources/sdmxml/schemas/v2_1/common">Cellatica</Name>
          <Name xml:lang="en" xmlns="http://www.sdmx.org/resources/sdmxml/schemas/v2_1/common">Cellatica</Name>
          <Parent>
            <Ref id="ITC47" xmlns="" />
          </Parent>
        </Code>
        <Code id="017049" urn="urn:sdmx:org.sdmx.infomodel.codelist.Code=IT1:CL_REFAREA(1.2).017049">
          <Name xml:lang="it" xmlns="http://www.sdmx.org/resources/sdmxml/schemas/v2_1/common">Cerveno</Name>
          <Name xml:lang="en" xmlns="http://www.sdmx.org/resources/sdmxml/schemas/v2_1/common">Cerveno</Name>
          <Parent>
            <Ref id="ITC47" xmlns="" />
          </Parent>
        </Code>
        <Code id="017050" urn="urn:sdmx:org.sdmx.infomodel.codelist.Code=IT1:CL_REFAREA(1.2).017050">
          <Name xml:lang="it" xmlns="http://www.sdmx.org/resources/sdmxml/schemas/v2_1/common">Ceto</Name>
          <Name xml:lang="en" xmlns="http://www.sdmx.org/resources/sdmxml/schemas/v2_1/common">Ceto</Name>
          <Parent>
            <Ref id="ITC47" xmlns="" />
          </Parent>
        </Code>
        <Code id="017051" urn="urn:sdmx:org.sdmx.infomodel.codelist.Code=IT1:CL_REFAREA(1.2).017051">
          <Name xml:lang="it" xmlns="http://www.sdmx.org/resources/sdmxml/schemas/v2_1/common">Cevo</Name>
          <Name xml:lang="en" xmlns="http://www.sdmx.org/resources/sdmxml/schemas/v2_1/common">Cevo</Name>
          <Parent>
            <Ref id="ITC47" xmlns="" />
          </Parent>
        </Code>
        <Code id="017052" urn="urn:sdmx:org.sdmx.infomodel.codelist.Code=IT1:CL_REFAREA(1.2).017052">
          <Name xml:lang="it" xmlns="http://www.sdmx.org/resources/sdmxml/schemas/v2_1/common">Chiari</Name>
          <Name xml:lang="en" xmlns="http://www.sdmx.org/resources/sdmxml/schemas/v2_1/common">Chiari</Name>
          <Parent>
            <Ref id="ITC47" xmlns="" />
          </Parent>
        </Code>
        <Code id="017053" urn="urn:sdmx:org.sdmx.infomodel.codelist.Code=IT1:CL_REFAREA(1.2).017053">
          <Name xml:lang="it" xmlns="http://www.sdmx.org/resources/sdmxml/schemas/v2_1/common">Cigole</Name>
          <Name xml:lang="en" xmlns="http://www.sdmx.org/resources/sdmxml/schemas/v2_1/common">Cigole</Name>
          <Parent>
            <Ref id="ITC47" xmlns="" />
          </Parent>
        </Code>
        <Code id="017054" urn="urn:sdmx:org.sdmx.infomodel.codelist.Code=IT1:CL_REFAREA(1.2).017054">
          <Name xml:lang="it" xmlns="http://www.sdmx.org/resources/sdmxml/schemas/v2_1/common">Cimbergo</Name>
          <Name xml:lang="en" xmlns="http://www.sdmx.org/resources/sdmxml/schemas/v2_1/common">Cimbergo</Name>
          <Parent>
            <Ref id="ITC47" xmlns="" />
          </Parent>
        </Code>
        <Code id="017055" urn="urn:sdmx:org.sdmx.infomodel.codelist.Code=IT1:CL_REFAREA(1.2).017055">
          <Name xml:lang="it" xmlns="http://www.sdmx.org/resources/sdmxml/schemas/v2_1/common">Cividate Camuno</Name>
          <Name xml:lang="en" xmlns="http://www.sdmx.org/resources/sdmxml/schemas/v2_1/common">Cividate Camuno</Name>
          <Parent>
            <Ref id="ITC47" xmlns="" />
          </Parent>
        </Code>
        <Code id="017056" urn="urn:sdmx:org.sdmx.infomodel.codelist.Code=IT1:CL_REFAREA(1.2).017056">
          <Name xml:lang="it" xmlns="http://www.sdmx.org/resources/sdmxml/schemas/v2_1/common">Coccaglio</Name>
          <Name xml:lang="en" xmlns="http://www.sdmx.org/resources/sdmxml/schemas/v2_1/common">Coccaglio</Name>
          <Parent>
            <Ref id="ITC47" xmlns="" />
          </Parent>
        </Code>
        <Code id="017057" urn="urn:sdmx:org.sdmx.infomodel.codelist.Code=IT1:CL_REFAREA(1.2).017057">
          <Name xml:lang="it" xmlns="http://www.sdmx.org/resources/sdmxml/schemas/v2_1/common">Collebeato</Name>
          <Name xml:lang="en" xmlns="http://www.sdmx.org/resources/sdmxml/schemas/v2_1/common">Collebeato</Name>
          <Parent>
            <Ref id="ITC47" xmlns="" />
          </Parent>
        </Code>
        <Code id="017058" urn="urn:sdmx:org.sdmx.infomodel.codelist.Code=IT1:CL_REFAREA(1.2).017058">
          <Name xml:lang="it" xmlns="http://www.sdmx.org/resources/sdmxml/schemas/v2_1/common">Collio</Name>
          <Name xml:lang="en" xmlns="http://www.sdmx.org/resources/sdmxml/schemas/v2_1/common">Collio</Name>
          <Parent>
            <Ref id="ITC47" xmlns="" />
          </Parent>
        </Code>
        <Code id="017059" urn="urn:sdmx:org.sdmx.infomodel.codelist.Code=IT1:CL_REFAREA(1.2).017059">
          <Name xml:lang="it" xmlns="http://www.sdmx.org/resources/sdmxml/schemas/v2_1/common">Cologne</Name>
          <Name xml:lang="en" xmlns="http://www.sdmx.org/resources/sdmxml/schemas/v2_1/common">Cologne</Name>
          <Parent>
            <Ref id="ITC47" xmlns="" />
          </Parent>
        </Code>
        <Code id="017060" urn="urn:sdmx:org.sdmx.infomodel.codelist.Code=IT1:CL_REFAREA(1.2).017060">
          <Name xml:lang="it" xmlns="http://www.sdmx.org/resources/sdmxml/schemas/v2_1/common">Comezzano-Cizzago</Name>
          <Name xml:lang="en" xmlns="http://www.sdmx.org/resources/sdmxml/schemas/v2_1/common">Comezzano-Cizzago</Name>
          <Parent>
            <Ref id="ITC47" xmlns="" />
          </Parent>
        </Code>
        <Code id="017061" urn="urn:sdmx:org.sdmx.infomodel.codelist.Code=IT1:CL_REFAREA(1.2).017061">
          <Name xml:lang="it" xmlns="http://www.sdmx.org/resources/sdmxml/schemas/v2_1/common">Concesio</Name>
          <Name xml:lang="en" xmlns="http://www.sdmx.org/resources/sdmxml/schemas/v2_1/common">Concesio</Name>
          <Parent>
            <Ref id="ITC47" xmlns="" />
          </Parent>
        </Code>
        <Code id="017062" urn="urn:sdmx:org.sdmx.infomodel.codelist.Code=IT1:CL_REFAREA(1.2).017062">
          <Name xml:lang="it" xmlns="http://www.sdmx.org/resources/sdmxml/schemas/v2_1/common">Corte Franca</Name>
          <Name xml:lang="en" xmlns="http://www.sdmx.org/resources/sdmxml/schemas/v2_1/common">Corte Franca</Name>
          <Parent>
            <Ref id="ITC47" xmlns="" />
          </Parent>
        </Code>
        <Code id="017063" urn="urn:sdmx:org.sdmx.infomodel.codelist.Code=IT1:CL_REFAREA(1.2).017063">
          <Name xml:lang="it" xmlns="http://www.sdmx.org/resources/sdmxml/schemas/v2_1/common">Corteno Golgi</Name>
          <Name xml:lang="en" xmlns="http://www.sdmx.org/resources/sdmxml/schemas/v2_1/common">Corteno Golgi</Name>
          <Parent>
            <Ref id="ITC47" xmlns="" />
          </Parent>
        </Code>
        <Code id="017064" urn="urn:sdmx:org.sdmx.infomodel.codelist.Code=IT1:CL_REFAREA(1.2).017064">
          <Name xml:lang="it" xmlns="http://www.sdmx.org/resources/sdmxml/schemas/v2_1/common">Corzano</Name>
          <Name xml:lang="en" xmlns="http://www.sdmx.org/resources/sdmxml/schemas/v2_1/common">Corzano</Name>
          <Parent>
            <Ref id="ITC47" xmlns="" />
          </Parent>
        </Code>
        <Code id="017065" urn="urn:sdmx:org.sdmx.infomodel.codelist.Code=IT1:CL_REFAREA(1.2).017065">
          <Name xml:lang="it" xmlns="http://www.sdmx.org/resources/sdmxml/schemas/v2_1/common">Darfo Boario Terme</Name>
          <Name xml:lang="en" xmlns="http://www.sdmx.org/resources/sdmxml/schemas/v2_1/common">Darfo Boario Terme</Name>
          <Parent>
            <Ref id="ITC47" xmlns="" />
          </Parent>
        </Code>
        <Code id="017066" urn="urn:sdmx:org.sdmx.infomodel.codelist.Code=IT1:CL_REFAREA(1.2).017066">
          <Name xml:lang="it" xmlns="http://www.sdmx.org/resources/sdmxml/schemas/v2_1/common">Dello</Name>
          <Name xml:lang="en" xmlns="http://www.sdmx.org/resources/sdmxml/schemas/v2_1/common">Dello</Name>
          <Parent>
            <Ref id="ITC47" xmlns="" />
          </Parent>
        </Code>
        <Code id="017067" urn="urn:sdmx:org.sdmx.infomodel.codelist.Code=IT1:CL_REFAREA(1.2).017067">
          <Name xml:lang="it" xmlns="http://www.sdmx.org/resources/sdmxml/schemas/v2_1/common">Desenzano del Garda</Name>
          <Name xml:lang="en" xmlns="http://www.sdmx.org/resources/sdmxml/schemas/v2_1/common">Desenzano del Garda</Name>
          <Parent>
            <Ref id="ITC47" xmlns="" />
          </Parent>
        </Code>
        <Code id="017068" urn="urn:sdmx:org.sdmx.infomodel.codelist.Code=IT1:CL_REFAREA(1.2).017068">
          <Name xml:lang="it" xmlns="http://www.sdmx.org/resources/sdmxml/schemas/v2_1/common">Edolo</Name>
          <Name xml:lang="en" xmlns="http://www.sdmx.org/resources/sdmxml/schemas/v2_1/common">Edolo</Name>
          <Parent>
            <Ref id="ITC47" xmlns="" />
          </Parent>
        </Code>
        <Code id="017069" urn="urn:sdmx:org.sdmx.infomodel.codelist.Code=IT1:CL_REFAREA(1.2).017069">
          <Name xml:lang="it" xmlns="http://www.sdmx.org/resources/sdmxml/schemas/v2_1/common">Erbusco</Name>
          <Name xml:lang="en" xmlns="http://www.sdmx.org/resources/sdmxml/schemas/v2_1/common">Erbusco</Name>
          <Parent>
            <Ref id="ITC47" xmlns="" />
          </Parent>
        </Code>
        <Code id="017070" urn="urn:sdmx:org.sdmx.infomodel.codelist.Code=IT1:CL_REFAREA(1.2).017070">
          <Name xml:lang="it" xmlns="http://www.sdmx.org/resources/sdmxml/schemas/v2_1/common">Esine</Name>
          <Name xml:lang="en" xmlns="http://www.sdmx.org/resources/sdmxml/schemas/v2_1/common">Esine</Name>
          <Parent>
            <Ref id="ITC47" xmlns="" />
          </Parent>
        </Code>
        <Code id="017071" urn="urn:sdmx:org.sdmx.infomodel.codelist.Code=IT1:CL_REFAREA(1.2).017071">
          <Name xml:lang="it" xmlns="http://www.sdmx.org/resources/sdmxml/schemas/v2_1/common">Fiesse</Name>
          <Name xml:lang="en" xmlns="http://www.sdmx.org/resources/sdmxml/schemas/v2_1/common">Fiesse</Name>
          <Parent>
            <Ref id="ITC47" xmlns="" />
          </Parent>
        </Code>
        <Code id="017072" urn="urn:sdmx:org.sdmx.infomodel.codelist.Code=IT1:CL_REFAREA(1.2).017072">
          <Name xml:lang="it" xmlns="http://www.sdmx.org/resources/sdmxml/schemas/v2_1/common">Flero</Name>
          <Name xml:lang="en" xmlns="http://www.sdmx.org/resources/sdmxml/schemas/v2_1/common">Flero</Name>
          <Parent>
            <Ref id="ITC47" xmlns="" />
          </Parent>
        </Code>
        <Code id="017073" urn="urn:sdmx:org.sdmx.infomodel.codelist.Code=IT1:CL_REFAREA(1.2).017073">
          <Name xml:lang="it" xmlns="http://www.sdmx.org/resources/sdmxml/schemas/v2_1/common">Gambara</Name>
          <Name xml:lang="en" xmlns="http://www.sdmx.org/resources/sdmxml/schemas/v2_1/common">Gambara</Name>
          <Parent>
            <Ref id="ITC47" xmlns="" />
          </Parent>
        </Code>
        <Code id="017074" urn="urn:sdmx:org.sdmx.infomodel.codelist.Code=IT1:CL_REFAREA(1.2).017074">
          <Name xml:lang="it" xmlns="http://www.sdmx.org/resources/sdmxml/schemas/v2_1/common">Gardone Riviera</Name>
          <Name xml:lang="en" xmlns="http://www.sdmx.org/resources/sdmxml/schemas/v2_1/common">Gardone Riviera</Name>
          <Parent>
            <Ref id="ITC47" xmlns="" />
          </Parent>
        </Code>
        <Code id="017075" urn="urn:sdmx:org.sdmx.infomodel.codelist.Code=IT1:CL_REFAREA(1.2).017075">
          <Name xml:lang="it" xmlns="http://www.sdmx.org/resources/sdmxml/schemas/v2_1/common">Gardone Val Trompia</Name>
          <Name xml:lang="en" xmlns="http://www.sdmx.org/resources/sdmxml/schemas/v2_1/common">Gardone Val Trompia</Name>
          <Parent>
            <Ref id="ITC47" xmlns="" />
          </Parent>
        </Code>
        <Code id="017076" urn="urn:sdmx:org.sdmx.infomodel.codelist.Code=IT1:CL_REFAREA(1.2).017076">
          <Name xml:lang="it" xmlns="http://www.sdmx.org/resources/sdmxml/schemas/v2_1/common">Gargnano</Name>
          <Name xml:lang="en" xmlns="http://www.sdmx.org/resources/sdmxml/schemas/v2_1/common">Gargnano</Name>
          <Parent>
            <Ref id="ITC47" xmlns="" />
          </Parent>
        </Code>
        <Code id="017077" urn="urn:sdmx:org.sdmx.infomodel.codelist.Code=IT1:CL_REFAREA(1.2).017077">
          <Name xml:lang="it" xmlns="http://www.sdmx.org/resources/sdmxml/schemas/v2_1/common">Gavardo</Name>
          <Name xml:lang="en" xmlns="http://www.sdmx.org/resources/sdmxml/schemas/v2_1/common">Gavardo</Name>
          <Parent>
            <Ref id="ITC47" xmlns="" />
          </Parent>
        </Code>
        <Code id="017078" urn="urn:sdmx:org.sdmx.infomodel.codelist.Code=IT1:CL_REFAREA(1.2).017078">
          <Name xml:lang="it" xmlns="http://www.sdmx.org/resources/sdmxml/schemas/v2_1/common">Ghedi</Name>
          <Name xml:lang="en" xmlns="http://www.sdmx.org/resources/sdmxml/schemas/v2_1/common">Ghedi</Name>
          <Parent>
            <Ref id="ITC47" xmlns="" />
          </Parent>
        </Code>
        <Code id="017079" urn="urn:sdmx:org.sdmx.infomodel.codelist.Code=IT1:CL_REFAREA(1.2).017079">
          <Name xml:lang="it" xmlns="http://www.sdmx.org/resources/sdmxml/schemas/v2_1/common">Gianico</Name>
          <Name xml:lang="en" xmlns="http://www.sdmx.org/resources/sdmxml/schemas/v2_1/common">Gianico</Name>
          <Parent>
            <Ref id="ITC47" xmlns="" />
          </Parent>
        </Code>
        <Code id="017080" urn="urn:sdmx:org.sdmx.infomodel.codelist.Code=IT1:CL_REFAREA(1.2).017080">
          <Name xml:lang="it" xmlns="http://www.sdmx.org/resources/sdmxml/schemas/v2_1/common">Gottolengo</Name>
          <Name xml:lang="en" xmlns="http://www.sdmx.org/resources/sdmxml/schemas/v2_1/common">Gottolengo</Name>
          <Parent>
            <Ref id="ITC47" xmlns="" />
          </Parent>
        </Code>
        <Code id="017081" urn="urn:sdmx:org.sdmx.infomodel.codelist.Code=IT1:CL_REFAREA(1.2).017081">
          <Name xml:lang="it" xmlns="http://www.sdmx.org/resources/sdmxml/schemas/v2_1/common">Gussago</Name>
          <Name xml:lang="en" xmlns="http://www.sdmx.org/resources/sdmxml/schemas/v2_1/common">Gussago</Name>
          <Parent>
            <Ref id="ITC47" xmlns="" />
          </Parent>
        </Code>
        <Code id="017082" urn="urn:sdmx:org.sdmx.infomodel.codelist.Code=IT1:CL_REFAREA(1.2).017082">
          <Name xml:lang="it" xmlns="http://www.sdmx.org/resources/sdmxml/schemas/v2_1/common">Idro</Name>
          <Name xml:lang="en" xmlns="http://www.sdmx.org/resources/sdmxml/schemas/v2_1/common">Idro</Name>
          <Parent>
            <Ref id="ITC47" xmlns="" />
          </Parent>
        </Code>
        <Code id="017083" urn="urn:sdmx:org.sdmx.infomodel.codelist.Code=IT1:CL_REFAREA(1.2).017083">
          <Name xml:lang="it" xmlns="http://www.sdmx.org/resources/sdmxml/schemas/v2_1/common">Incudine</Name>
          <Name xml:lang="en" xmlns="http://www.sdmx.org/resources/sdmxml/schemas/v2_1/common">Incudine</Name>
          <Parent>
            <Ref id="ITC47" xmlns="" />
          </Parent>
        </Code>
        <Code id="017084" urn="urn:sdmx:org.sdmx.infomodel.codelist.Code=IT1:CL_REFAREA(1.2).017084">
          <Name xml:lang="it" xmlns="http://www.sdmx.org/resources/sdmxml/schemas/v2_1/common">Irma</Name>
          <Name xml:lang="en" xmlns="http://www.sdmx.org/resources/sdmxml/schemas/v2_1/common">Irma</Name>
          <Parent>
            <Ref id="ITC47" xmlns="" />
          </Parent>
        </Code>
        <Code id="017085" urn="urn:sdmx:org.sdmx.infomodel.codelist.Code=IT1:CL_REFAREA(1.2).017085">
          <Name xml:lang="it" xmlns="http://www.sdmx.org/resources/sdmxml/schemas/v2_1/common">Iseo</Name>
          <Name xml:lang="en" xmlns="http://www.sdmx.org/resources/sdmxml/schemas/v2_1/common">Iseo</Name>
          <Parent>
            <Ref id="ITC47" xmlns="" />
          </Parent>
        </Code>
        <Code id="017086" urn="urn:sdmx:org.sdmx.infomodel.codelist.Code=IT1:CL_REFAREA(1.2).017086">
          <Name xml:lang="it" xmlns="http://www.sdmx.org/resources/sdmxml/schemas/v2_1/common">Isorella</Name>
          <Name xml:lang="en" xmlns="http://www.sdmx.org/resources/sdmxml/schemas/v2_1/common">Isorella</Name>
          <Parent>
            <Ref id="ITC47" xmlns="" />
          </Parent>
        </Code>
        <Code id="017087" urn="urn:sdmx:org.sdmx.infomodel.codelist.Code=IT1:CL_REFAREA(1.2).017087">
          <Name xml:lang="it" xmlns="http://www.sdmx.org/resources/sdmxml/schemas/v2_1/common">Lavenone</Name>
          <Name xml:lang="en" xmlns="http://www.sdmx.org/resources/sdmxml/schemas/v2_1/common">Lavenone</Name>
          <Parent>
            <Ref id="ITC47" xmlns="" />
          </Parent>
        </Code>
        <Code id="017088" urn="urn:sdmx:org.sdmx.infomodel.codelist.Code=IT1:CL_REFAREA(1.2).017088">
          <Name xml:lang="it" xmlns="http://www.sdmx.org/resources/sdmxml/schemas/v2_1/common">Leno</Name>
          <Name xml:lang="en" xmlns="http://www.sdmx.org/resources/sdmxml/schemas/v2_1/common">Leno</Name>
          <Parent>
            <Ref id="ITC47" xmlns="" />
          </Parent>
        </Code>
        <Code id="017089" urn="urn:sdmx:org.sdmx.infomodel.codelist.Code=IT1:CL_REFAREA(1.2).017089">
          <Name xml:lang="it" xmlns="http://www.sdmx.org/resources/sdmxml/schemas/v2_1/common">Limone sul Garda</Name>
          <Name xml:lang="en" xmlns="http://www.sdmx.org/resources/sdmxml/schemas/v2_1/common">Limone sul Garda</Name>
          <Parent>
            <Ref id="ITC47" xmlns="" />
          </Parent>
        </Code>
        <Code id="017090" urn="urn:sdmx:org.sdmx.infomodel.codelist.Code=IT1:CL_REFAREA(1.2).017090">
          <Name xml:lang="it" xmlns="http://www.sdmx.org/resources/sdmxml/schemas/v2_1/common">Lodrino</Name>
          <Name xml:lang="en" xmlns="http://www.sdmx.org/resources/sdmxml/schemas/v2_1/common">Lodrino</Name>
          <Parent>
            <Ref id="ITC47" xmlns="" />
          </Parent>
        </Code>
        <Code id="017091" urn="urn:sdmx:org.sdmx.infomodel.codelist.Code=IT1:CL_REFAREA(1.2).017091">
          <Name xml:lang="it" xmlns="http://www.sdmx.org/resources/sdmxml/schemas/v2_1/common">Lograto</Name>
          <Name xml:lang="en" xmlns="http://www.sdmx.org/resources/sdmxml/schemas/v2_1/common">Lograto</Name>
          <Parent>
            <Ref id="ITC47" xmlns="" />
          </Parent>
        </Code>
        <Code id="017092" urn="urn:sdmx:org.sdmx.infomodel.codelist.Code=IT1:CL_REFAREA(1.2).017092">
          <Name xml:lang="it" xmlns="http://www.sdmx.org/resources/sdmxml/schemas/v2_1/common">Lonato del Garda</Name>
          <Name xml:lang="en" xmlns="http://www.sdmx.org/resources/sdmxml/schemas/v2_1/common">Lonato del Garda</Name>
          <Parent>
            <Ref id="ITC47" xmlns="" />
          </Parent>
        </Code>
        <Code id="017093" urn="urn:sdmx:org.sdmx.infomodel.codelist.Code=IT1:CL_REFAREA(1.2).017093">
          <Name xml:lang="it" xmlns="http://www.sdmx.org/resources/sdmxml/schemas/v2_1/common">Longhena</Name>
          <Name xml:lang="en" xmlns="http://www.sdmx.org/resources/sdmxml/schemas/v2_1/common">Longhena</Name>
          <Parent>
            <Ref id="ITC47" xmlns="" />
          </Parent>
        </Code>
        <Code id="017094" urn="urn:sdmx:org.sdmx.infomodel.codelist.Code=IT1:CL_REFAREA(1.2).017094">
          <Name xml:lang="it" xmlns="http://www.sdmx.org/resources/sdmxml/schemas/v2_1/common">Losine</Name>
          <Name xml:lang="en" xmlns="http://www.sdmx.org/resources/sdmxml/schemas/v2_1/common">Losine</Name>
          <Parent>
            <Ref id="ITC47" xmlns="" />
          </Parent>
        </Code>
        <Code id="017095" urn="urn:sdmx:org.sdmx.infomodel.codelist.Code=IT1:CL_REFAREA(1.2).017095">
          <Name xml:lang="it" xmlns="http://www.sdmx.org/resources/sdmxml/schemas/v2_1/common">Lozio</Name>
          <Name xml:lang="en" xmlns="http://www.sdmx.org/resources/sdmxml/schemas/v2_1/common">Lozio</Name>
          <Parent>
            <Ref id="ITC47" xmlns="" />
          </Parent>
        </Code>
        <Code id="017096" urn="urn:sdmx:org.sdmx.infomodel.codelist.Code=IT1:CL_REFAREA(1.2).017096">
          <Name xml:lang="it" xmlns="http://www.sdmx.org/resources/sdmxml/schemas/v2_1/common">Lumezzane</Name>
          <Name xml:lang="en" xmlns="http://www.sdmx.org/resources/sdmxml/schemas/v2_1/common">Lumezzane</Name>
          <Parent>
            <Ref id="ITC47" xmlns="" />
          </Parent>
        </Code>
        <Code id="017097" urn="urn:sdmx:org.sdmx.infomodel.codelist.Code=IT1:CL_REFAREA(1.2).017097">
          <Name xml:lang="it" xmlns="http://www.sdmx.org/resources/sdmxml/schemas/v2_1/common">Maclodio</Name>
          <Name xml:lang="en" xmlns="http://www.sdmx.org/resources/sdmxml/schemas/v2_1/common">Maclodio</Name>
          <Parent>
            <Ref id="ITC47" xmlns="" />
          </Parent>
        </Code>
        <Code id="017098" urn="urn:sdmx:org.sdmx.infomodel.codelist.Code=IT1:CL_REFAREA(1.2).017098">
          <Name xml:lang="it" xmlns="http://www.sdmx.org/resources/sdmxml/schemas/v2_1/common">Magasa</Name>
          <Name xml:lang="en" xmlns="http://www.sdmx.org/resources/sdmxml/schemas/v2_1/common">Magasa</Name>
          <Parent>
            <Ref id="ITC47" xmlns="" />
          </Parent>
        </Code>
        <Code id="017099" urn="urn:sdmx:org.sdmx.infomodel.codelist.Code=IT1:CL_REFAREA(1.2).017099">
          <Name xml:lang="it" xmlns="http://www.sdmx.org/resources/sdmxml/schemas/v2_1/common">Mairano</Name>
          <Name xml:lang="en" xmlns="http://www.sdmx.org/resources/sdmxml/schemas/v2_1/common">Mairano</Name>
          <Parent>
            <Ref id="ITC47" xmlns="" />
          </Parent>
        </Code>
        <Code id="017100" urn="urn:sdmx:org.sdmx.infomodel.codelist.Code=IT1:CL_REFAREA(1.2).017100">
          <Name xml:lang="it" xmlns="http://www.sdmx.org/resources/sdmxml/schemas/v2_1/common">Malegno</Name>
          <Name xml:lang="en" xmlns="http://www.sdmx.org/resources/sdmxml/schemas/v2_1/common">Malegno</Name>
          <Parent>
            <Ref id="ITC47" xmlns="" />
          </Parent>
        </Code>
        <Code id="017101" urn="urn:sdmx:org.sdmx.infomodel.codelist.Code=IT1:CL_REFAREA(1.2).017101">
          <Name xml:lang="it" xmlns="http://www.sdmx.org/resources/sdmxml/schemas/v2_1/common">Malonno</Name>
          <Name xml:lang="en" xmlns="http://www.sdmx.org/resources/sdmxml/schemas/v2_1/common">Malonno</Name>
          <Parent>
            <Ref id="ITC47" xmlns="" />
          </Parent>
        </Code>
        <Code id="017102" urn="urn:sdmx:org.sdmx.infomodel.codelist.Code=IT1:CL_REFAREA(1.2).017102">
          <Name xml:lang="it" xmlns="http://www.sdmx.org/resources/sdmxml/schemas/v2_1/common">Manerba del Garda</Name>
          <Name xml:lang="en" xmlns="http://www.sdmx.org/resources/sdmxml/schemas/v2_1/common">Manerba del Garda</Name>
          <Parent>
            <Ref id="ITC47" xmlns="" />
          </Parent>
        </Code>
        <Code id="017103" urn="urn:sdmx:org.sdmx.infomodel.codelist.Code=IT1:CL_REFAREA(1.2).017103">
          <Name xml:lang="it" xmlns="http://www.sdmx.org/resources/sdmxml/schemas/v2_1/common">Manerbio</Name>
          <Name xml:lang="en" xmlns="http://www.sdmx.org/resources/sdmxml/schemas/v2_1/common">Manerbio</Name>
          <Parent>
            <Ref id="ITC47" xmlns="" />
          </Parent>
        </Code>
        <Code id="017104" urn="urn:sdmx:org.sdmx.infomodel.codelist.Code=IT1:CL_REFAREA(1.2).017104">
          <Name xml:lang="it" xmlns="http://www.sdmx.org/resources/sdmxml/schemas/v2_1/common">Marcheno</Name>
          <Name xml:lang="en" xmlns="http://www.sdmx.org/resources/sdmxml/schemas/v2_1/common">Marcheno</Name>
          <Parent>
            <Ref id="ITC47" xmlns="" />
          </Parent>
        </Code>
        <Code id="017105" urn="urn:sdmx:org.sdmx.infomodel.codelist.Code=IT1:CL_REFAREA(1.2).017105">
          <Name xml:lang="it" xmlns="http://www.sdmx.org/resources/sdmxml/schemas/v2_1/common">Marmentino</Name>
          <Name xml:lang="en" xmlns="http://www.sdmx.org/resources/sdmxml/schemas/v2_1/common">Marmentino</Name>
          <Parent>
            <Ref id="ITC47" xmlns="" />
          </Parent>
        </Code>
        <Code id="017106" urn="urn:sdmx:org.sdmx.infomodel.codelist.Code=IT1:CL_REFAREA(1.2).017106">
          <Name xml:lang="it" xmlns="http://www.sdmx.org/resources/sdmxml/schemas/v2_1/common">Marone</Name>
          <Name xml:lang="en" xmlns="http://www.sdmx.org/resources/sdmxml/schemas/v2_1/common">Marone</Name>
          <Parent>
            <Ref id="ITC47" xmlns="" />
          </Parent>
        </Code>
        <Code id="017107" urn="urn:sdmx:org.sdmx.infomodel.codelist.Code=IT1:CL_REFAREA(1.2).017107">
          <Name xml:lang="it" xmlns="http://www.sdmx.org/resources/sdmxml/schemas/v2_1/common">Mazzano</Name>
          <Name xml:lang="en" xmlns="http://www.sdmx.org/resources/sdmxml/schemas/v2_1/common">Mazzano</Name>
          <Parent>
            <Ref id="ITC47" xmlns="" />
          </Parent>
        </Code>
        <Code id="017108" urn="urn:sdmx:org.sdmx.infomodel.codelist.Code=IT1:CL_REFAREA(1.2).017108">
          <Name xml:lang="it" xmlns="http://www.sdmx.org/resources/sdmxml/schemas/v2_1/common">Milzano</Name>
          <Name xml:lang="en" xmlns="http://www.sdmx.org/resources/sdmxml/schemas/v2_1/common">Milzano</Name>
          <Parent>
            <Ref id="ITC47" xmlns="" />
          </Parent>
        </Code>
        <Code id="017109" urn="urn:sdmx:org.sdmx.infomodel.codelist.Code=IT1:CL_REFAREA(1.2).017109">
          <Name xml:lang="it" xmlns="http://www.sdmx.org/resources/sdmxml/schemas/v2_1/common">Moniga del Garda</Name>
          <Name xml:lang="en" xmlns="http://www.sdmx.org/resources/sdmxml/schemas/v2_1/common">Moniga del Garda</Name>
          <Parent>
            <Ref id="ITC47" xmlns="" />
          </Parent>
        </Code>
        <Code id="017110" urn="urn:sdmx:org.sdmx.infomodel.codelist.Code=IT1:CL_REFAREA(1.2).017110">
          <Name xml:lang="it" xmlns="http://www.sdmx.org/resources/sdmxml/schemas/v2_1/common">Monno</Name>
          <Name xml:lang="en" xmlns="http://www.sdmx.org/resources/sdmxml/schemas/v2_1/common">Monno</Name>
          <Parent>
            <Ref id="ITC47" xmlns="" />
          </Parent>
        </Code>
        <Code id="017111" urn="urn:sdmx:org.sdmx.infomodel.codelist.Code=IT1:CL_REFAREA(1.2).017111">
          <Name xml:lang="it" xmlns="http://www.sdmx.org/resources/sdmxml/schemas/v2_1/common">Monte Isola</Name>
          <Name xml:lang="en" xmlns="http://www.sdmx.org/resources/sdmxml/schemas/v2_1/common">Monte Isola</Name>
          <Parent>
            <Ref id="ITC47" xmlns="" />
          </Parent>
        </Code>
        <Code id="017112" urn="urn:sdmx:org.sdmx.infomodel.codelist.Code=IT1:CL_REFAREA(1.2).017112">
          <Name xml:lang="it" xmlns="http://www.sdmx.org/resources/sdmxml/schemas/v2_1/common">Monticelli Brusati</Name>
          <Name xml:lang="en" xmlns="http://www.sdmx.org/resources/sdmxml/schemas/v2_1/common">Monticelli Brusati</Name>
          <Parent>
            <Ref id="ITC47" xmlns="" />
          </Parent>
        </Code>
        <Code id="017113" urn="urn:sdmx:org.sdmx.infomodel.codelist.Code=IT1:CL_REFAREA(1.2).017113">
          <Name xml:lang="it" xmlns="http://www.sdmx.org/resources/sdmxml/schemas/v2_1/common">Montichiari</Name>
          <Name xml:lang="en" xmlns="http://www.sdmx.org/resources/sdmxml/schemas/v2_1/common">Montichiari</Name>
          <Parent>
            <Ref id="ITC47" xmlns="" />
          </Parent>
        </Code>
        <Code id="017114" urn="urn:sdmx:org.sdmx.infomodel.codelist.Code=IT1:CL_REFAREA(1.2).017114">
          <Name xml:lang="it" xmlns="http://www.sdmx.org/resources/sdmxml/schemas/v2_1/common">Montirone</Name>
          <Name xml:lang="en" xmlns="http://www.sdmx.org/resources/sdmxml/schemas/v2_1/common">Montirone</Name>
          <Parent>
            <Ref id="ITC47" xmlns="" />
          </Parent>
        </Code>
        <Code id="017115" urn="urn:sdmx:org.sdmx.infomodel.codelist.Code=IT1:CL_REFAREA(1.2).017115">
          <Name xml:lang="it" xmlns="http://www.sdmx.org/resources/sdmxml/schemas/v2_1/common">Mura</Name>
          <Name xml:lang="en" xmlns="http://www.sdmx.org/resources/sdmxml/schemas/v2_1/common">Mura</Name>
          <Parent>
            <Ref id="ITC47" xmlns="" />
          </Parent>
        </Code>
        <Code id="017116" urn="urn:sdmx:org.sdmx.infomodel.codelist.Code=IT1:CL_REFAREA(1.2).017116">
          <Name xml:lang="it" xmlns="http://www.sdmx.org/resources/sdmxml/schemas/v2_1/common">Muscoline</Name>
          <Name xml:lang="en" xmlns="http://www.sdmx.org/resources/sdmxml/schemas/v2_1/common">Muscoline</Name>
          <Parent>
            <Ref id="ITC47" xmlns="" />
          </Parent>
        </Code>
        <Code id="017117" urn="urn:sdmx:org.sdmx.infomodel.codelist.Code=IT1:CL_REFAREA(1.2).017117">
          <Name xml:lang="it" xmlns="http://www.sdmx.org/resources/sdmxml/schemas/v2_1/common">Nave</Name>
          <Name xml:lang="en" xmlns="http://www.sdmx.org/resources/sdmxml/schemas/v2_1/common">Nave</Name>
          <Parent>
            <Ref id="ITC47" xmlns="" />
          </Parent>
        </Code>
        <Code id="017118" urn="urn:sdmx:org.sdmx.infomodel.codelist.Code=IT1:CL_REFAREA(1.2).017118">
          <Name xml:lang="it" xmlns="http://www.sdmx.org/resources/sdmxml/schemas/v2_1/common">Niardo</Name>
          <Name xml:lang="en" xmlns="http://www.sdmx.org/resources/sdmxml/schemas/v2_1/common">Niardo</Name>
          <Parent>
            <Ref id="ITC47" xmlns="" />
          </Parent>
        </Code>
        <Code id="017119" urn="urn:sdmx:org.sdmx.infomodel.codelist.Code=IT1:CL_REFAREA(1.2).017119">
          <Name xml:lang="it" xmlns="http://www.sdmx.org/resources/sdmxml/schemas/v2_1/common">Nuvolento</Name>
          <Name xml:lang="en" xmlns="http://www.sdmx.org/resources/sdmxml/schemas/v2_1/common">Nuvolento</Name>
          <Parent>
            <Ref id="ITC47" xmlns="" />
          </Parent>
        </Code>
        <Code id="017120" urn="urn:sdmx:org.sdmx.infomodel.codelist.Code=IT1:CL_REFAREA(1.2).017120">
          <Name xml:lang="it" xmlns="http://www.sdmx.org/resources/sdmxml/schemas/v2_1/common">Nuvolera</Name>
          <Name xml:lang="en" xmlns="http://www.sdmx.org/resources/sdmxml/schemas/v2_1/common">Nuvolera</Name>
          <Parent>
            <Ref id="ITC47" xmlns="" />
          </Parent>
        </Code>
        <Code id="017121" urn="urn:sdmx:org.sdmx.infomodel.codelist.Code=IT1:CL_REFAREA(1.2).017121">
          <Name xml:lang="it" xmlns="http://www.sdmx.org/resources/sdmxml/schemas/v2_1/common">Odolo</Name>
          <Name xml:lang="en" xmlns="http://www.sdmx.org/resources/sdmxml/schemas/v2_1/common">Odolo</Name>
          <Parent>
            <Ref id="ITC47" xmlns="" />
          </Parent>
        </Code>
        <Code id="017122" urn="urn:sdmx:org.sdmx.infomodel.codelist.Code=IT1:CL_REFAREA(1.2).017122">
          <Name xml:lang="it" xmlns="http://www.sdmx.org/resources/sdmxml/schemas/v2_1/common">Offlaga</Name>
          <Name xml:lang="en" xmlns="http://www.sdmx.org/resources/sdmxml/schemas/v2_1/common">Offlaga</Name>
          <Parent>
            <Ref id="ITC47" xmlns="" />
          </Parent>
        </Code>
        <Code id="017123" urn="urn:sdmx:org.sdmx.infomodel.codelist.Code=IT1:CL_REFAREA(1.2).017123">
          <Name xml:lang="it" xmlns="http://www.sdmx.org/resources/sdmxml/schemas/v2_1/common">Ome</Name>
          <Name xml:lang="en" xmlns="http://www.sdmx.org/resources/sdmxml/schemas/v2_1/common">Ome</Name>
          <Parent>
            <Ref id="ITC47" xmlns="" />
          </Parent>
        </Code>
        <Code id="017124" urn="urn:sdmx:org.sdmx.infomodel.codelist.Code=IT1:CL_REFAREA(1.2).017124">
          <Name xml:lang="it" xmlns="http://www.sdmx.org/resources/sdmxml/schemas/v2_1/common">Ono San Pietro</Name>
          <Name xml:lang="en" xmlns="http://www.sdmx.org/resources/sdmxml/schemas/v2_1/common">Ono San Pietro</Name>
          <Parent>
            <Ref id="ITC47" xmlns="" />
          </Parent>
        </Code>
        <Code id="017125" urn="urn:sdmx:org.sdmx.infomodel.codelist.Code=IT1:CL_REFAREA(1.2).017125">
          <Name xml:lang="it" xmlns="http://www.sdmx.org/resources/sdmxml/schemas/v2_1/common">Orzinuovi</Name>
          <Name xml:lang="en" xmlns="http://www.sdmx.org/resources/sdmxml/schemas/v2_1/common">Orzinuovi</Name>
          <Parent>
            <Ref id="ITC47" xmlns="" />
          </Parent>
        </Code>
        <Code id="017126" urn="urn:sdmx:org.sdmx.infomodel.codelist.Code=IT1:CL_REFAREA(1.2).017126">
          <Name xml:lang="it" xmlns="http://www.sdmx.org/resources/sdmxml/schemas/v2_1/common">Orzivecchi</Name>
          <Name xml:lang="en" xmlns="http://www.sdmx.org/resources/sdmxml/schemas/v2_1/common">Orzivecchi</Name>
          <Parent>
            <Ref id="ITC47" xmlns="" />
          </Parent>
        </Code>
        <Code id="017127" urn="urn:sdmx:org.sdmx.infomodel.codelist.Code=IT1:CL_REFAREA(1.2).017127">
          <Name xml:lang="it" xmlns="http://www.sdmx.org/resources/sdmxml/schemas/v2_1/common">Ospitaletto</Name>
          <Name xml:lang="en" xmlns="http://www.sdmx.org/resources/sdmxml/schemas/v2_1/common">Ospitaletto</Name>
          <Parent>
            <Ref id="ITC47" xmlns="" />
          </Parent>
        </Code>
        <Code id="017128" urn="urn:sdmx:org.sdmx.infomodel.codelist.Code=IT1:CL_REFAREA(1.2).017128">
          <Name xml:lang="it" xmlns="http://www.sdmx.org/resources/sdmxml/schemas/v2_1/common">Ossimo</Name>
          <Name xml:lang="en" xmlns="http://www.sdmx.org/resources/sdmxml/schemas/v2_1/common">Ossimo</Name>
          <Parent>
            <Ref id="ITC47" xmlns="" />
          </Parent>
        </Code>
        <Code id="017129" urn="urn:sdmx:org.sdmx.infomodel.codelist.Code=IT1:CL_REFAREA(1.2).017129">
          <Name xml:lang="it" xmlns="http://www.sdmx.org/resources/sdmxml/schemas/v2_1/common">Padenghe sul Garda</Name>
          <Name xml:lang="en" xmlns="http://www.sdmx.org/resources/sdmxml/schemas/v2_1/common">Padenghe sul Garda</Name>
          <Parent>
            <Ref id="ITC47" xmlns="" />
          </Parent>
        </Code>
        <Code id="017130" urn="urn:sdmx:org.sdmx.infomodel.codelist.Code=IT1:CL_REFAREA(1.2).017130">
          <Name xml:lang="it" xmlns="http://www.sdmx.org/resources/sdmxml/schemas/v2_1/common">Paderno Franciacorta</Name>
          <Name xml:lang="en" xmlns="http://www.sdmx.org/resources/sdmxml/schemas/v2_1/common">Paderno Franciacorta</Name>
          <Parent>
            <Ref id="ITC47" xmlns="" />
          </Parent>
        </Code>
        <Code id="017131" urn="urn:sdmx:org.sdmx.infomodel.codelist.Code=IT1:CL_REFAREA(1.2).017131">
          <Name xml:lang="it" xmlns="http://www.sdmx.org/resources/sdmxml/schemas/v2_1/common">Paisco Loveno</Name>
          <Name xml:lang="en" xmlns="http://www.sdmx.org/resources/sdmxml/schemas/v2_1/common">Paisco Loveno</Name>
          <Parent>
            <Ref id="ITC47" xmlns="" />
          </Parent>
        </Code>
        <Code id="017132" urn="urn:sdmx:org.sdmx.infomodel.codelist.Code=IT1:CL_REFAREA(1.2).017132">
          <Name xml:lang="it" xmlns="http://www.sdmx.org/resources/sdmxml/schemas/v2_1/common">Paitone</Name>
          <Name xml:lang="en" xmlns="http://www.sdmx.org/resources/sdmxml/schemas/v2_1/common">Paitone</Name>
          <Parent>
            <Ref id="ITC47" xmlns="" />
          </Parent>
        </Code>
        <Code id="017133" urn="urn:sdmx:org.sdmx.infomodel.codelist.Code=IT1:CL_REFAREA(1.2).017133">
          <Name xml:lang="it" xmlns="http://www.sdmx.org/resources/sdmxml/schemas/v2_1/common">Palazzolo sull'Oglio</Name>
          <Name xml:lang="en" xmlns="http://www.sdmx.org/resources/sdmxml/schemas/v2_1/common">Palazzolo sull'Oglio</Name>
          <Parent>
            <Ref id="ITC47" xmlns="" />
          </Parent>
        </Code>
        <Code id="017134" urn="urn:sdmx:org.sdmx.infomodel.codelist.Code=IT1:CL_REFAREA(1.2).017134">
          <Name xml:lang="it" xmlns="http://www.sdmx.org/resources/sdmxml/schemas/v2_1/common">Paratico</Name>
          <Name xml:lang="en" xmlns="http://www.sdmx.org/resources/sdmxml/schemas/v2_1/common">Paratico</Name>
          <Parent>
            <Ref id="ITC47" xmlns="" />
          </Parent>
        </Code>
        <Code id="017135" urn="urn:sdmx:org.sdmx.infomodel.codelist.Code=IT1:CL_REFAREA(1.2).017135">
          <Name xml:lang="it" xmlns="http://www.sdmx.org/resources/sdmxml/schemas/v2_1/common">Paspardo</Name>
          <Name xml:lang="en" xmlns="http://www.sdmx.org/resources/sdmxml/schemas/v2_1/common">Paspardo</Name>
          <Parent>
            <Ref id="ITC47" xmlns="" />
          </Parent>
        </Code>
        <Code id="017136" urn="urn:sdmx:org.sdmx.infomodel.codelist.Code=IT1:CL_REFAREA(1.2).017136">
          <Name xml:lang="it" xmlns="http://www.sdmx.org/resources/sdmxml/schemas/v2_1/common">Passirano</Name>
          <Name xml:lang="en" xmlns="http://www.sdmx.org/resources/sdmxml/schemas/v2_1/common">Passirano</Name>
          <Parent>
            <Ref id="ITC47" xmlns="" />
          </Parent>
        </Code>
        <Code id="017137" urn="urn:sdmx:org.sdmx.infomodel.codelist.Code=IT1:CL_REFAREA(1.2).017137">
          <Name xml:lang="it" xmlns="http://www.sdmx.org/resources/sdmxml/schemas/v2_1/common">Pavone del Mella</Name>
          <Name xml:lang="en" xmlns="http://www.sdmx.org/resources/sdmxml/schemas/v2_1/common">Pavone del Mella</Name>
          <Parent>
            <Ref id="ITC47" xmlns="" />
          </Parent>
        </Code>
        <Code id="017138" urn="urn:sdmx:org.sdmx.infomodel.codelist.Code=IT1:CL_REFAREA(1.2).017138">
          <Name xml:lang="it" xmlns="http://www.sdmx.org/resources/sdmxml/schemas/v2_1/common">San Paolo</Name>
          <Name xml:lang="en" xmlns="http://www.sdmx.org/resources/sdmxml/schemas/v2_1/common">San Paolo</Name>
          <Parent>
            <Ref id="ITC47" xmlns="" />
          </Parent>
        </Code>
        <Code id="017139" urn="urn:sdmx:org.sdmx.infomodel.codelist.Code=IT1:CL_REFAREA(1.2).017139">
          <Name xml:lang="it" xmlns="http://www.sdmx.org/resources/sdmxml/schemas/v2_1/common">Pertica Alta</Name>
          <Name xml:lang="en" xmlns="http://www.sdmx.org/resources/sdmxml/schemas/v2_1/common">Pertica Alta</Name>
          <Parent>
            <Ref id="ITC47" xmlns="" />
          </Parent>
        </Code>
        <Code id="017140" urn="urn:sdmx:org.sdmx.infomodel.codelist.Code=IT1:CL_REFAREA(1.2).017140">
          <Name xml:lang="it" xmlns="http://www.sdmx.org/resources/sdmxml/schemas/v2_1/common">Pertica Bassa</Name>
          <Name xml:lang="en" xmlns="http://www.sdmx.org/resources/sdmxml/schemas/v2_1/common">Pertica Bassa</Name>
          <Parent>
            <Ref id="ITC47" xmlns="" />
          </Parent>
        </Code>
        <Code id="017141" urn="urn:sdmx:org.sdmx.infomodel.codelist.Code=IT1:CL_REFAREA(1.2).017141">
          <Name xml:lang="it" xmlns="http://www.sdmx.org/resources/sdmxml/schemas/v2_1/common">Pezzaze</Name>
          <Name xml:lang="en" xmlns="http://www.sdmx.org/resources/sdmxml/schemas/v2_1/common">Pezzaze</Name>
          <Parent>
            <Ref id="ITC47" xmlns="" />
          </Parent>
        </Code>
        <Code id="017142" urn="urn:sdmx:org.sdmx.infomodel.codelist.Code=IT1:CL_REFAREA(1.2).017142">
          <Name xml:lang="it" xmlns="http://www.sdmx.org/resources/sdmxml/schemas/v2_1/common">Pian Camuno</Name>
          <Name xml:lang="en" xmlns="http://www.sdmx.org/resources/sdmxml/schemas/v2_1/common">Pian Camuno</Name>
          <Parent>
            <Ref id="ITC47" xmlns="" />
          </Parent>
        </Code>
        <Code id="017143" urn="urn:sdmx:org.sdmx.infomodel.codelist.Code=IT1:CL_REFAREA(1.2).017143">
          <Name xml:lang="it" xmlns="http://www.sdmx.org/resources/sdmxml/schemas/v2_1/common">Pisogne</Name>
          <Name xml:lang="en" xmlns="http://www.sdmx.org/resources/sdmxml/schemas/v2_1/common">Pisogne</Name>
          <Parent>
            <Ref id="ITC47" xmlns="" />
          </Parent>
        </Code>
        <Code id="017144" urn="urn:sdmx:org.sdmx.infomodel.codelist.Code=IT1:CL_REFAREA(1.2).017144">
          <Name xml:lang="it" xmlns="http://www.sdmx.org/resources/sdmxml/schemas/v2_1/common">Polaveno</Name>
          <Name xml:lang="en" xmlns="http://www.sdmx.org/resources/sdmxml/schemas/v2_1/common">Polaveno</Name>
          <Parent>
            <Ref id="ITC47" xmlns="" />
          </Parent>
        </Code>
        <Code id="017145" urn="urn:sdmx:org.sdmx.infomodel.codelist.Code=IT1:CL_REFAREA(1.2).017145">
          <Name xml:lang="it" xmlns="http://www.sdmx.org/resources/sdmxml/schemas/v2_1/common">Polpenazze del Garda</Name>
          <Name xml:lang="en" xmlns="http://www.sdmx.org/resources/sdmxml/schemas/v2_1/common">Polpenazze del Garda</Name>
          <Parent>
            <Ref id="ITC47" xmlns="" />
          </Parent>
        </Code>
        <Code id="017146" urn="urn:sdmx:org.sdmx.infomodel.codelist.Code=IT1:CL_REFAREA(1.2).017146">
          <Name xml:lang="it" xmlns="http://www.sdmx.org/resources/sdmxml/schemas/v2_1/common">Pompiano</Name>
          <Name xml:lang="en" xmlns="http://www.sdmx.org/resources/sdmxml/schemas/v2_1/common">Pompiano</Name>
          <Parent>
            <Ref id="ITC47" xmlns="" />
          </Parent>
        </Code>
        <Code id="017147" urn="urn:sdmx:org.sdmx.infomodel.codelist.Code=IT1:CL_REFAREA(1.2).017147">
          <Name xml:lang="it" xmlns="http://www.sdmx.org/resources/sdmxml/schemas/v2_1/common">Poncarale</Name>
          <Name xml:lang="en" xmlns="http://www.sdmx.org/resources/sdmxml/schemas/v2_1/common">Poncarale</Name>
          <Parent>
            <Ref id="ITC47" xmlns="" />
          </Parent>
        </Code>
        <Code id="017148" urn="urn:sdmx:org.sdmx.infomodel.codelist.Code=IT1:CL_REFAREA(1.2).017148">
          <Name xml:lang="it" xmlns="http://www.sdmx.org/resources/sdmxml/schemas/v2_1/common">Ponte di Legno</Name>
          <Name xml:lang="en" xmlns="http://www.sdmx.org/resources/sdmxml/schemas/v2_1/common">Ponte di Legno</Name>
          <Parent>
            <Ref id="ITC47" xmlns="" />
          </Parent>
        </Code>
        <Code id="017149" urn="urn:sdmx:org.sdmx.infomodel.codelist.Code=IT1:CL_REFAREA(1.2).017149">
          <Name xml:lang="it" xmlns="http://www.sdmx.org/resources/sdmxml/schemas/v2_1/common">Pontevico</Name>
          <Name xml:lang="en" xmlns="http://www.sdmx.org/resources/sdmxml/schemas/v2_1/common">Pontevico</Name>
          <Parent>
            <Ref id="ITC47" xmlns="" />
          </Parent>
        </Code>
        <Code id="017150" urn="urn:sdmx:org.sdmx.infomodel.codelist.Code=IT1:CL_REFAREA(1.2).017150">
          <Name xml:lang="it" xmlns="http://www.sdmx.org/resources/sdmxml/schemas/v2_1/common">Pontoglio</Name>
          <Name xml:lang="en" xmlns="http://www.sdmx.org/resources/sdmxml/schemas/v2_1/common">Pontoglio</Name>
          <Parent>
            <Ref id="ITC47" xmlns="" />
          </Parent>
        </Code>
        <Code id="017151" urn="urn:sdmx:org.sdmx.infomodel.codelist.Code=IT1:CL_REFAREA(1.2).017151">
          <Name xml:lang="it" xmlns="http://www.sdmx.org/resources/sdmxml/schemas/v2_1/common">Pozzolengo</Name>
          <Name xml:lang="en" xmlns="http://www.sdmx.org/resources/sdmxml/schemas/v2_1/common">Pozzolengo</Name>
          <Parent>
            <Ref id="ITC47" xmlns="" />
          </Parent>
        </Code>
        <Code id="017152" urn="urn:sdmx:org.sdmx.infomodel.codelist.Code=IT1:CL_REFAREA(1.2).017152">
          <Name xml:lang="it" xmlns="http://www.sdmx.org/resources/sdmxml/schemas/v2_1/common">Pralboino</Name>
          <Name xml:lang="en" xmlns="http://www.sdmx.org/resources/sdmxml/schemas/v2_1/common">Pralboino</Name>
          <Parent>
            <Ref id="ITC47" xmlns="" />
          </Parent>
        </Code>
        <Code id="017153" urn="urn:sdmx:org.sdmx.infomodel.codelist.Code=IT1:CL_REFAREA(1.2).017153">
          <Name xml:lang="it" xmlns="http://www.sdmx.org/resources/sdmxml/schemas/v2_1/common">Preseglie</Name>
          <Name xml:lang="en" xmlns="http://www.sdmx.org/resources/sdmxml/schemas/v2_1/common">Preseglie</Name>
          <Parent>
            <Ref id="ITC47" xmlns="" />
          </Parent>
        </Code>
        <Code id="017154" urn="urn:sdmx:org.sdmx.infomodel.codelist.Code=IT1:CL_REFAREA(1.2).017154">
          <Name xml:lang="it" xmlns="http://www.sdmx.org/resources/sdmxml/schemas/v2_1/common">Prestine</Name>
          <Name xml:lang="en" xmlns="http://www.sdmx.org/resources/sdmxml/schemas/v2_1/common">Prestine</Name>
          <Parent>
            <Ref id="ITC47" xmlns="" />
          </Parent>
        </Code>
        <Code id="017155" urn="urn:sdmx:org.sdmx.infomodel.codelist.Code=IT1:CL_REFAREA(1.2).017155">
          <Name xml:lang="it" xmlns="http://www.sdmx.org/resources/sdmxml/schemas/v2_1/common">Prevalle</Name>
          <Name xml:lang="en" xmlns="http://www.sdmx.org/resources/sdmxml/schemas/v2_1/common">Prevalle</Name>
          <Parent>
            <Ref id="ITC47" xmlns="" />
          </Parent>
        </Code>
        <Code id="017156" urn="urn:sdmx:org.sdmx.infomodel.codelist.Code=IT1:CL_REFAREA(1.2).017156">
          <Name xml:lang="it" xmlns="http://www.sdmx.org/resources/sdmxml/schemas/v2_1/common">Provaglio d'Iseo</Name>
          <Name xml:lang="en" xmlns="http://www.sdmx.org/resources/sdmxml/schemas/v2_1/common">Provaglio d'Iseo</Name>
          <Parent>
            <Ref id="ITC47" xmlns="" />
          </Parent>
        </Code>
        <Code id="017157" urn="urn:sdmx:org.sdmx.infomodel.codelist.Code=IT1:CL_REFAREA(1.2).017157">
          <Name xml:lang="it" xmlns="http://www.sdmx.org/resources/sdmxml/schemas/v2_1/common">Provaglio Val Sabbia</Name>
          <Name xml:lang="en" xmlns="http://www.sdmx.org/resources/sdmxml/schemas/v2_1/common">Provaglio Val Sabbia</Name>
          <Parent>
            <Ref id="ITC47" xmlns="" />
          </Parent>
        </Code>
        <Code id="017158" urn="urn:sdmx:org.sdmx.infomodel.codelist.Code=IT1:CL_REFAREA(1.2).017158">
          <Name xml:lang="it" xmlns="http://www.sdmx.org/resources/sdmxml/schemas/v2_1/common">Puegnago sul Garda</Name>
          <Name xml:lang="en" xmlns="http://www.sdmx.org/resources/sdmxml/schemas/v2_1/common">Puegnago sul Garda</Name>
          <Parent>
            <Ref id="ITC47" xmlns="" />
          </Parent>
        </Code>
        <Code id="017159" urn="urn:sdmx:org.sdmx.infomodel.codelist.Code=IT1:CL_REFAREA(1.2).017159">
          <Name xml:lang="it" xmlns="http://www.sdmx.org/resources/sdmxml/schemas/v2_1/common">Quinzano d'Oglio</Name>
          <Name xml:lang="en" xmlns="http://www.sdmx.org/resources/sdmxml/schemas/v2_1/common">Quinzano d'Oglio</Name>
          <Parent>
            <Ref id="ITC47" xmlns="" />
          </Parent>
        </Code>
        <Code id="017160" urn="urn:sdmx:org.sdmx.infomodel.codelist.Code=IT1:CL_REFAREA(1.2).017160">
          <Name xml:lang="it" xmlns="http://www.sdmx.org/resources/sdmxml/schemas/v2_1/common">Remedello</Name>
          <Name xml:lang="en" xmlns="http://www.sdmx.org/resources/sdmxml/schemas/v2_1/common">Remedello</Name>
          <Parent>
            <Ref id="ITC47" xmlns="" />
          </Parent>
        </Code>
        <Code id="017161" urn="urn:sdmx:org.sdmx.infomodel.codelist.Code=IT1:CL_REFAREA(1.2).017161">
          <Name xml:lang="it" xmlns="http://www.sdmx.org/resources/sdmxml/schemas/v2_1/common">Rezzato</Name>
          <Name xml:lang="en" xmlns="http://www.sdmx.org/resources/sdmxml/schemas/v2_1/common">Rezzato</Name>
          <Parent>
            <Ref id="ITC47" xmlns="" />
          </Parent>
        </Code>
        <Code id="017162" urn="urn:sdmx:org.sdmx.infomodel.codelist.Code=IT1:CL_REFAREA(1.2).017162">
          <Name xml:lang="it" xmlns="http://www.sdmx.org/resources/sdmxml/schemas/v2_1/common">Roccafranca</Name>
          <Name xml:lang="en" xmlns="http://www.sdmx.org/resources/sdmxml/schemas/v2_1/common">Roccafranca</Name>
          <Parent>
            <Ref id="ITC47" xmlns="" />
          </Parent>
        </Code>
        <Code id="017163" urn="urn:sdmx:org.sdmx.infomodel.codelist.Code=IT1:CL_REFAREA(1.2).017163">
          <Name xml:lang="it" xmlns="http://www.sdmx.org/resources/sdmxml/schemas/v2_1/common">Rodengo Saiano</Name>
          <Name xml:lang="en" xmlns="http://www.sdmx.org/resources/sdmxml/schemas/v2_1/common">Rodengo Saiano</Name>
          <Parent>
            <Ref id="ITC47" xmlns="" />
          </Parent>
        </Code>
        <Code id="017164" urn="urn:sdmx:org.sdmx.infomodel.codelist.Code=IT1:CL_REFAREA(1.2).017164">
          <Name xml:lang="it" xmlns="http://www.sdmx.org/resources/sdmxml/schemas/v2_1/common">Roè Volciano</Name>
          <Name xml:lang="en" xmlns="http://www.sdmx.org/resources/sdmxml/schemas/v2_1/common">Roè Volciano</Name>
          <Parent>
            <Ref id="ITC47" xmlns="" />
          </Parent>
        </Code>
        <Code id="017165" urn="urn:sdmx:org.sdmx.infomodel.codelist.Code=IT1:CL_REFAREA(1.2).017165">
          <Name xml:lang="it" xmlns="http://www.sdmx.org/resources/sdmxml/schemas/v2_1/common">Roncadelle</Name>
          <Name xml:lang="en" xmlns="http://www.sdmx.org/resources/sdmxml/schemas/v2_1/common">Roncadelle</Name>
          <Parent>
            <Ref id="ITC47" xmlns="" />
          </Parent>
        </Code>
        <Code id="017166" urn="urn:sdmx:org.sdmx.infomodel.codelist.Code=IT1:CL_REFAREA(1.2).017166">
          <Name xml:lang="it" xmlns="http://www.sdmx.org/resources/sdmxml/schemas/v2_1/common">Rovato</Name>
          <Name xml:lang="en" xmlns="http://www.sdmx.org/resources/sdmxml/schemas/v2_1/common">Rovato</Name>
          <Parent>
            <Ref id="ITC47" xmlns="" />
          </Parent>
        </Code>
        <Code id="017167" urn="urn:sdmx:org.sdmx.infomodel.codelist.Code=IT1:CL_REFAREA(1.2).017167">
          <Name xml:lang="it" xmlns="http://www.sdmx.org/resources/sdmxml/schemas/v2_1/common">Rudiano</Name>
          <Name xml:lang="en" xmlns="http://www.sdmx.org/resources/sdmxml/schemas/v2_1/common">Rudiano</Name>
          <Parent>
            <Ref id="ITC47" xmlns="" />
          </Parent>
        </Code>
        <Code id="017168" urn="urn:sdmx:org.sdmx.infomodel.codelist.Code=IT1:CL_REFAREA(1.2).017168">
          <Name xml:lang="it" xmlns="http://www.sdmx.org/resources/sdmxml/schemas/v2_1/common">Sabbio Chiese</Name>
          <Name xml:lang="en" xmlns="http://www.sdmx.org/resources/sdmxml/schemas/v2_1/common">Sabbio Chiese</Name>
          <Parent>
            <Ref id="ITC47" xmlns="" />
          </Parent>
        </Code>
        <Code id="017169" urn="urn:sdmx:org.sdmx.infomodel.codelist.Code=IT1:CL_REFAREA(1.2).017169">
          <Name xml:lang="it" xmlns="http://www.sdmx.org/resources/sdmxml/schemas/v2_1/common">Sale Marasino</Name>
          <Name xml:lang="en" xmlns="http://www.sdmx.org/resources/sdmxml/schemas/v2_1/common">Sale Marasino</Name>
          <Parent>
            <Ref id="ITC47" xmlns="" />
          </Parent>
        </Code>
        <Code id="017170" urn="urn:sdmx:org.sdmx.infomodel.codelist.Code=IT1:CL_REFAREA(1.2).017170">
          <Name xml:lang="it" xmlns="http://www.sdmx.org/resources/sdmxml/schemas/v2_1/common">Salò</Name>
          <Name xml:lang="en" xmlns="http://www.sdmx.org/resources/sdmxml/schemas/v2_1/common">Salò</Name>
          <Parent>
            <Ref id="ITC47" xmlns="" />
          </Parent>
        </Code>
        <Code id="017171" urn="urn:sdmx:org.sdmx.infomodel.codelist.Code=IT1:CL_REFAREA(1.2).017171">
          <Name xml:lang="it" xmlns="http://www.sdmx.org/resources/sdmxml/schemas/v2_1/common">San Felice del Benaco</Name>
          <Name xml:lang="en" xmlns="http://www.sdmx.org/resources/sdmxml/schemas/v2_1/common">San Felice del Benaco</Name>
          <Parent>
            <Ref id="ITC47" xmlns="" />
          </Parent>
        </Code>
        <Code id="017172" urn="urn:sdmx:org.sdmx.infomodel.codelist.Code=IT1:CL_REFAREA(1.2).017172">
          <Name xml:lang="it" xmlns="http://www.sdmx.org/resources/sdmxml/schemas/v2_1/common">San Gervasio Bresciano</Name>
          <Name xml:lang="en" xmlns="http://www.sdmx.org/resources/sdmxml/schemas/v2_1/common">San Gervasio Bresciano</Name>
          <Parent>
            <Ref id="ITC47" xmlns="" />
          </Parent>
        </Code>
        <Code id="017173" urn="urn:sdmx:org.sdmx.infomodel.codelist.Code=IT1:CL_REFAREA(1.2).017173">
          <Name xml:lang="it" xmlns="http://www.sdmx.org/resources/sdmxml/schemas/v2_1/common">San Zeno Naviglio</Name>
          <Name xml:lang="en" xmlns="http://www.sdmx.org/resources/sdmxml/schemas/v2_1/common">San Zeno Naviglio</Name>
          <Parent>
            <Ref id="ITC47" xmlns="" />
          </Parent>
        </Code>
        <Code id="017174" urn="urn:sdmx:org.sdmx.infomodel.codelist.Code=IT1:CL_REFAREA(1.2).017174">
          <Name xml:lang="it" xmlns="http://www.sdmx.org/resources/sdmxml/schemas/v2_1/common">Sarezzo</Name>
          <Name xml:lang="en" xmlns="http://www.sdmx.org/resources/sdmxml/schemas/v2_1/common">Sarezzo</Name>
          <Parent>
            <Ref id="ITC47" xmlns="" />
          </Parent>
        </Code>
        <Code id="017175" urn="urn:sdmx:org.sdmx.infomodel.codelist.Code=IT1:CL_REFAREA(1.2).017175">
          <Name xml:lang="it" xmlns="http://www.sdmx.org/resources/sdmxml/schemas/v2_1/common">Saviore dell'Adamello</Name>
          <Name xml:lang="en" xmlns="http://www.sdmx.org/resources/sdmxml/schemas/v2_1/common">Saviore dell'Adamello</Name>
          <Parent>
            <Ref id="ITC47" xmlns="" />
          </Parent>
        </Code>
        <Code id="017176" urn="urn:sdmx:org.sdmx.infomodel.codelist.Code=IT1:CL_REFAREA(1.2).017176">
          <Name xml:lang="it" xmlns="http://www.sdmx.org/resources/sdmxml/schemas/v2_1/common">Sellero</Name>
          <Name xml:lang="en" xmlns="http://www.sdmx.org/resources/sdmxml/schemas/v2_1/common">Sellero</Name>
          <Parent>
            <Ref id="ITC47" xmlns="" />
          </Parent>
        </Code>
        <Code id="017177" urn="urn:sdmx:org.sdmx.infomodel.codelist.Code=IT1:CL_REFAREA(1.2).017177">
          <Name xml:lang="it" xmlns="http://www.sdmx.org/resources/sdmxml/schemas/v2_1/common">Seniga</Name>
          <Name xml:lang="en" xmlns="http://www.sdmx.org/resources/sdmxml/schemas/v2_1/common">Seniga</Name>
          <Parent>
            <Ref id="ITC47" xmlns="" />
          </Parent>
        </Code>
        <Code id="017178" urn="urn:sdmx:org.sdmx.infomodel.codelist.Code=IT1:CL_REFAREA(1.2).017178">
          <Name xml:lang="it" xmlns="http://www.sdmx.org/resources/sdmxml/schemas/v2_1/common">Serle</Name>
          <Name xml:lang="en" xmlns="http://www.sdmx.org/resources/sdmxml/schemas/v2_1/common">Serle</Name>
          <Parent>
            <Ref id="ITC47" xmlns="" />
          </Parent>
        </Code>
        <Code id="017179" urn="urn:sdmx:org.sdmx.infomodel.codelist.Code=IT1:CL_REFAREA(1.2).017179">
          <Name xml:lang="it" xmlns="http://www.sdmx.org/resources/sdmxml/schemas/v2_1/common">Sirmione</Name>
          <Name xml:lang="en" xmlns="http://www.sdmx.org/resources/sdmxml/schemas/v2_1/common">Sirmione</Name>
          <Parent>
            <Ref id="ITC47" xmlns="" />
          </Parent>
        </Code>
        <Code id="017180" urn="urn:sdmx:org.sdmx.infomodel.codelist.Code=IT1:CL_REFAREA(1.2).017180">
          <Name xml:lang="it" xmlns="http://www.sdmx.org/resources/sdmxml/schemas/v2_1/common">Soiano del Lago</Name>
          <Name xml:lang="en" xmlns="http://www.sdmx.org/resources/sdmxml/schemas/v2_1/common">Soiano del Lago</Name>
          <Parent>
            <Ref id="ITC47" xmlns="" />
          </Parent>
        </Code>
        <Code id="017181" urn="urn:sdmx:org.sdmx.infomodel.codelist.Code=IT1:CL_REFAREA(1.2).017181">
          <Name xml:lang="it" xmlns="http://www.sdmx.org/resources/sdmxml/schemas/v2_1/common">Sonico</Name>
          <Name xml:lang="en" xmlns="http://www.sdmx.org/resources/sdmxml/schemas/v2_1/common">Sonico</Name>
          <Parent>
            <Ref id="ITC47" xmlns="" />
          </Parent>
        </Code>
        <Code id="017182" urn="urn:sdmx:org.sdmx.infomodel.codelist.Code=IT1:CL_REFAREA(1.2).017182">
          <Name xml:lang="it" xmlns="http://www.sdmx.org/resources/sdmxml/schemas/v2_1/common">Sulzano</Name>
          <Name xml:lang="en" xmlns="http://www.sdmx.org/resources/sdmxml/schemas/v2_1/common">Sulzano</Name>
          <Parent>
            <Ref id="ITC47" xmlns="" />
          </Parent>
        </Code>
        <Code id="017183" urn="urn:sdmx:org.sdmx.infomodel.codelist.Code=IT1:CL_REFAREA(1.2).017183">
          <Name xml:lang="it" xmlns="http://www.sdmx.org/resources/sdmxml/schemas/v2_1/common">Tavernole sul Mella</Name>
          <Name xml:lang="en" xmlns="http://www.sdmx.org/resources/sdmxml/schemas/v2_1/common">Tavernole sul Mella</Name>
          <Parent>
            <Ref id="ITC47" xmlns="" />
          </Parent>
        </Code>
        <Code id="017184" urn="urn:sdmx:org.sdmx.infomodel.codelist.Code=IT1:CL_REFAREA(1.2).017184">
          <Name xml:lang="it" xmlns="http://www.sdmx.org/resources/sdmxml/schemas/v2_1/common">Temù</Name>
          <Name xml:lang="en" xmlns="http://www.sdmx.org/resources/sdmxml/schemas/v2_1/common">Temù</Name>
          <Parent>
            <Ref id="ITC47" xmlns="" />
          </Parent>
        </Code>
        <Code id="017185" urn="urn:sdmx:org.sdmx.infomodel.codelist.Code=IT1:CL_REFAREA(1.2).017185">
          <Name xml:lang="it" xmlns="http://www.sdmx.org/resources/sdmxml/schemas/v2_1/common">Tignale</Name>
          <Name xml:lang="en" xmlns="http://www.sdmx.org/resources/sdmxml/schemas/v2_1/common">Tignale</Name>
          <Parent>
            <Ref id="ITC47" xmlns="" />
          </Parent>
        </Code>
        <Code id="017186" urn="urn:sdmx:org.sdmx.infomodel.codelist.Code=IT1:CL_REFAREA(1.2).017186">
          <Name xml:lang="it" xmlns="http://www.sdmx.org/resources/sdmxml/schemas/v2_1/common">Torbole Casaglia</Name>
          <Name xml:lang="en" xmlns="http://www.sdmx.org/resources/sdmxml/schemas/v2_1/common">Torbole Casaglia</Name>
          <Parent>
            <Ref id="ITC47" xmlns="" />
          </Parent>
        </Code>
        <Code id="017187" urn="urn:sdmx:org.sdmx.infomodel.codelist.Code=IT1:CL_REFAREA(1.2).017187">
          <Name xml:lang="it" xmlns="http://www.sdmx.org/resources/sdmxml/schemas/v2_1/common">Toscolano-Maderno</Name>
          <Name xml:lang="en" xmlns="http://www.sdmx.org/resources/sdmxml/schemas/v2_1/common">Toscolano-Maderno</Name>
          <Parent>
            <Ref id="ITC47" xmlns="" />
          </Parent>
        </Code>
        <Code id="017188" urn="urn:sdmx:org.sdmx.infomodel.codelist.Code=IT1:CL_REFAREA(1.2).017188">
          <Name xml:lang="it" xmlns="http://www.sdmx.org/resources/sdmxml/schemas/v2_1/common">Travagliato</Name>
          <Name xml:lang="en" xmlns="http://www.sdmx.org/resources/sdmxml/schemas/v2_1/common">Travagliato</Name>
          <Parent>
            <Ref id="ITC47" xmlns="" />
          </Parent>
        </Code>
        <Code id="017189" urn="urn:sdmx:org.sdmx.infomodel.codelist.Code=IT1:CL_REFAREA(1.2).017189">
          <Name xml:lang="it" xmlns="http://www.sdmx.org/resources/sdmxml/schemas/v2_1/common">Tremosine</Name>
          <Name xml:lang="en" xmlns="http://www.sdmx.org/resources/sdmxml/schemas/v2_1/common">Tremosine</Name>
          <Parent>
            <Ref id="ITC47" xmlns="" />
          </Parent>
        </Code>
        <Code id="017190" urn="urn:sdmx:org.sdmx.infomodel.codelist.Code=IT1:CL_REFAREA(1.2).017190">
          <Name xml:lang="it" xmlns="http://www.sdmx.org/resources/sdmxml/schemas/v2_1/common">Trenzano</Name>
          <Name xml:lang="en" xmlns="http://www.sdmx.org/resources/sdmxml/schemas/v2_1/common">Trenzano</Name>
          <Parent>
            <Ref id="ITC47" xmlns="" />
          </Parent>
        </Code>
        <Code id="017191" urn="urn:sdmx:org.sdmx.infomodel.codelist.Code=IT1:CL_REFAREA(1.2).017191">
          <Name xml:lang="it" xmlns="http://www.sdmx.org/resources/sdmxml/schemas/v2_1/common">Treviso Bresciano</Name>
          <Name xml:lang="en" xmlns="http://www.sdmx.org/resources/sdmxml/schemas/v2_1/common">Treviso Bresciano</Name>
          <Parent>
            <Ref id="ITC47" xmlns="" />
          </Parent>
        </Code>
        <Code id="017192" urn="urn:sdmx:org.sdmx.infomodel.codelist.Code=IT1:CL_REFAREA(1.2).017192">
          <Name xml:lang="it" xmlns="http://www.sdmx.org/resources/sdmxml/schemas/v2_1/common">Urago d'Oglio</Name>
          <Name xml:lang="en" xmlns="http://www.sdmx.org/resources/sdmxml/schemas/v2_1/common">Urago d'Oglio</Name>
          <Parent>
            <Ref id="ITC47" xmlns="" />
          </Parent>
        </Code>
        <Code id="017193" urn="urn:sdmx:org.sdmx.infomodel.codelist.Code=IT1:CL_REFAREA(1.2).017193">
          <Name xml:lang="it" xmlns="http://www.sdmx.org/resources/sdmxml/schemas/v2_1/common">Vallio Terme</Name>
          <Name xml:lang="en" xmlns="http://www.sdmx.org/resources/sdmxml/schemas/v2_1/common">Vallio Terme</Name>
          <Parent>
            <Ref id="ITC47" xmlns="" />
          </Parent>
        </Code>
        <Code id="017194" urn="urn:sdmx:org.sdmx.infomodel.codelist.Code=IT1:CL_REFAREA(1.2).017194">
          <Name xml:lang="it" xmlns="http://www.sdmx.org/resources/sdmxml/schemas/v2_1/common">Valvestino</Name>
          <Name xml:lang="en" xmlns="http://www.sdmx.org/resources/sdmxml/schemas/v2_1/common">Valvestino</Name>
          <Parent>
            <Ref id="ITC47" xmlns="" />
          </Parent>
        </Code>
        <Code id="017195" urn="urn:sdmx:org.sdmx.infomodel.codelist.Code=IT1:CL_REFAREA(1.2).017195">
          <Name xml:lang="it" xmlns="http://www.sdmx.org/resources/sdmxml/schemas/v2_1/common">Verolanuova</Name>
          <Name xml:lang="en" xmlns="http://www.sdmx.org/resources/sdmxml/schemas/v2_1/common">Verolanuova</Name>
          <Parent>
            <Ref id="ITC47" xmlns="" />
          </Parent>
        </Code>
        <Code id="017196" urn="urn:sdmx:org.sdmx.infomodel.codelist.Code=IT1:CL_REFAREA(1.2).017196">
          <Name xml:lang="it" xmlns="http://www.sdmx.org/resources/sdmxml/schemas/v2_1/common">Verolavecchia</Name>
          <Name xml:lang="en" xmlns="http://www.sdmx.org/resources/sdmxml/schemas/v2_1/common">Verolavecchia</Name>
          <Parent>
            <Ref id="ITC47" xmlns="" />
          </Parent>
        </Code>
        <Code id="017197" urn="urn:sdmx:org.sdmx.infomodel.codelist.Code=IT1:CL_REFAREA(1.2).017197">
          <Name xml:lang="it" xmlns="http://www.sdmx.org/resources/sdmxml/schemas/v2_1/common">Vestone</Name>
          <Name xml:lang="en" xmlns="http://www.sdmx.org/resources/sdmxml/schemas/v2_1/common">Vestone</Name>
          <Parent>
            <Ref id="ITC47" xmlns="" />
          </Parent>
        </Code>
        <Code id="017198" urn="urn:sdmx:org.sdmx.infomodel.codelist.Code=IT1:CL_REFAREA(1.2).017198">
          <Name xml:lang="it" xmlns="http://www.sdmx.org/resources/sdmxml/schemas/v2_1/common">Vezza d'Oglio</Name>
          <Name xml:lang="en" xmlns="http://www.sdmx.org/resources/sdmxml/schemas/v2_1/common">Vezza d'Oglio</Name>
          <Parent>
            <Ref id="ITC47" xmlns="" />
          </Parent>
        </Code>
        <Code id="017199" urn="urn:sdmx:org.sdmx.infomodel.codelist.Code=IT1:CL_REFAREA(1.2).017199">
          <Name xml:lang="it" xmlns="http://www.sdmx.org/resources/sdmxml/schemas/v2_1/common">Villa Carcina</Name>
          <Name xml:lang="en" xmlns="http://www.sdmx.org/resources/sdmxml/schemas/v2_1/common">Villa Carcina</Name>
          <Parent>
            <Ref id="ITC47" xmlns="" />
          </Parent>
        </Code>
        <Code id="017200" urn="urn:sdmx:org.sdmx.infomodel.codelist.Code=IT1:CL_REFAREA(1.2).017200">
          <Name xml:lang="it" xmlns="http://www.sdmx.org/resources/sdmxml/schemas/v2_1/common">Villachiara</Name>
          <Name xml:lang="en" xmlns="http://www.sdmx.org/resources/sdmxml/schemas/v2_1/common">Villachiara</Name>
          <Parent>
            <Ref id="ITC47" xmlns="" />
          </Parent>
        </Code>
        <Code id="017201" urn="urn:sdmx:org.sdmx.infomodel.codelist.Code=IT1:CL_REFAREA(1.2).017201">
          <Name xml:lang="it" xmlns="http://www.sdmx.org/resources/sdmxml/schemas/v2_1/common">Villanuova sul Clisi</Name>
          <Name xml:lang="en" xmlns="http://www.sdmx.org/resources/sdmxml/schemas/v2_1/common">Villanuova sul Clisi</Name>
          <Parent>
            <Ref id="ITC47" xmlns="" />
          </Parent>
        </Code>
        <Code id="017202" urn="urn:sdmx:org.sdmx.infomodel.codelist.Code=IT1:CL_REFAREA(1.2).017202">
          <Name xml:lang="it" xmlns="http://www.sdmx.org/resources/sdmxml/schemas/v2_1/common">Vione</Name>
          <Name xml:lang="en" xmlns="http://www.sdmx.org/resources/sdmxml/schemas/v2_1/common">Vione</Name>
          <Parent>
            <Ref id="ITC47" xmlns="" />
          </Parent>
        </Code>
        <Code id="017203" urn="urn:sdmx:org.sdmx.infomodel.codelist.Code=IT1:CL_REFAREA(1.2).017203">
          <Name xml:lang="it" xmlns="http://www.sdmx.org/resources/sdmxml/schemas/v2_1/common">Visano</Name>
          <Name xml:lang="en" xmlns="http://www.sdmx.org/resources/sdmxml/schemas/v2_1/common">Visano</Name>
          <Parent>
            <Ref id="ITC47" xmlns="" />
          </Parent>
        </Code>
        <Code id="017204" urn="urn:sdmx:org.sdmx.infomodel.codelist.Code=IT1:CL_REFAREA(1.2).017204">
          <Name xml:lang="it" xmlns="http://www.sdmx.org/resources/sdmxml/schemas/v2_1/common">Vobarno</Name>
          <Name xml:lang="en" xmlns="http://www.sdmx.org/resources/sdmxml/schemas/v2_1/common">Vobarno</Name>
          <Parent>
            <Ref id="ITC47" xmlns="" />
          </Parent>
        </Code>
        <Code id="017205" urn="urn:sdmx:org.sdmx.infomodel.codelist.Code=IT1:CL_REFAREA(1.2).017205">
          <Name xml:lang="it" xmlns="http://www.sdmx.org/resources/sdmxml/schemas/v2_1/common">Zone</Name>
          <Name xml:lang="en" xmlns="http://www.sdmx.org/resources/sdmxml/schemas/v2_1/common">Zone</Name>
          <Parent>
            <Ref id="ITC47" xmlns="" />
          </Parent>
        </Code>
        <Code id="017206" urn="urn:sdmx:org.sdmx.infomodel.codelist.Code=IT1:CL_REFAREA(1.2).017206">
          <Name xml:lang="it" xmlns="http://www.sdmx.org/resources/sdmxml/schemas/v2_1/common">Piancogno</Name>
          <Name xml:lang="en" xmlns="http://www.sdmx.org/resources/sdmxml/schemas/v2_1/common">Piancogno</Name>
          <Parent>
            <Ref id="ITC47" xmlns="" />
          </Parent>
        </Code>
        <Code id="018001" urn="urn:sdmx:org.sdmx.infomodel.codelist.Code=IT1:CL_REFAREA(1.2).018001">
          <Name xml:lang="it" xmlns="http://www.sdmx.org/resources/sdmxml/schemas/v2_1/common">Alagna</Name>
          <Name xml:lang="en" xmlns="http://www.sdmx.org/resources/sdmxml/schemas/v2_1/common">Alagna</Name>
          <Parent>
            <Ref id="ITC48" xmlns="" />
          </Parent>
        </Code>
        <Code id="018002" urn="urn:sdmx:org.sdmx.infomodel.codelist.Code=IT1:CL_REFAREA(1.2).018002">
          <Name xml:lang="it" xmlns="http://www.sdmx.org/resources/sdmxml/schemas/v2_1/common">Albaredo Arnaboldi</Name>
          <Name xml:lang="en" xmlns="http://www.sdmx.org/resources/sdmxml/schemas/v2_1/common">Albaredo Arnaboldi</Name>
          <Parent>
            <Ref id="ITC48" xmlns="" />
          </Parent>
        </Code>
        <Code id="018003" urn="urn:sdmx:org.sdmx.infomodel.codelist.Code=IT1:CL_REFAREA(1.2).018003">
          <Name xml:lang="it" xmlns="http://www.sdmx.org/resources/sdmxml/schemas/v2_1/common">Albonese</Name>
          <Name xml:lang="en" xmlns="http://www.sdmx.org/resources/sdmxml/schemas/v2_1/common">Albonese</Name>
          <Parent>
            <Ref id="ITC48" xmlns="" />
          </Parent>
        </Code>
        <Code id="018004" urn="urn:sdmx:org.sdmx.infomodel.codelist.Code=IT1:CL_REFAREA(1.2).018004">
          <Name xml:lang="it" xmlns="http://www.sdmx.org/resources/sdmxml/schemas/v2_1/common">Albuzzano</Name>
          <Name xml:lang="en" xmlns="http://www.sdmx.org/resources/sdmxml/schemas/v2_1/common">Albuzzano</Name>
          <Parent>
            <Ref id="ITC48" xmlns="" />
          </Parent>
        </Code>
        <Code id="018005" urn="urn:sdmx:org.sdmx.infomodel.codelist.Code=IT1:CL_REFAREA(1.2).018005">
          <Name xml:lang="it" xmlns="http://www.sdmx.org/resources/sdmxml/schemas/v2_1/common">Arena Po</Name>
          <Name xml:lang="en" xmlns="http://www.sdmx.org/resources/sdmxml/schemas/v2_1/common">Arena Po</Name>
          <Parent>
            <Ref id="ITC48" xmlns="" />
          </Parent>
        </Code>
        <Code id="018006" urn="urn:sdmx:org.sdmx.infomodel.codelist.Code=IT1:CL_REFAREA(1.2).018006">
          <Name xml:lang="it" xmlns="http://www.sdmx.org/resources/sdmxml/schemas/v2_1/common">Badia Pavese</Name>
          <Name xml:lang="en" xmlns="http://www.sdmx.org/resources/sdmxml/schemas/v2_1/common">Badia Pavese</Name>
          <Parent>
            <Ref id="ITC48" xmlns="" />
          </Parent>
        </Code>
        <Code id="018007" urn="urn:sdmx:org.sdmx.infomodel.codelist.Code=IT1:CL_REFAREA(1.2).018007">
          <Name xml:lang="it" xmlns="http://www.sdmx.org/resources/sdmxml/schemas/v2_1/common">Bagnaria</Name>
          <Name xml:lang="en" xmlns="http://www.sdmx.org/resources/sdmxml/schemas/v2_1/common">Bagnaria</Name>
          <Parent>
            <Ref id="ITC48" xmlns="" />
          </Parent>
        </Code>
        <Code id="018008" urn="urn:sdmx:org.sdmx.infomodel.codelist.Code=IT1:CL_REFAREA(1.2).018008">
          <Name xml:lang="it" xmlns="http://www.sdmx.org/resources/sdmxml/schemas/v2_1/common">Barbianello</Name>
          <Name xml:lang="en" xmlns="http://www.sdmx.org/resources/sdmxml/schemas/v2_1/common">Barbianello</Name>
          <Parent>
            <Ref id="ITC48" xmlns="" />
          </Parent>
        </Code>
        <Code id="018009" urn="urn:sdmx:org.sdmx.infomodel.codelist.Code=IT1:CL_REFAREA(1.2).018009">
          <Name xml:lang="it" xmlns="http://www.sdmx.org/resources/sdmxml/schemas/v2_1/common">Bascapè</Name>
          <Name xml:lang="en" xmlns="http://www.sdmx.org/resources/sdmxml/schemas/v2_1/common">Bascapè</Name>
          <Parent>
            <Ref id="ITC48" xmlns="" />
          </Parent>
        </Code>
        <Code id="018010" urn="urn:sdmx:org.sdmx.infomodel.codelist.Code=IT1:CL_REFAREA(1.2).018010">
          <Name xml:lang="it" xmlns="http://www.sdmx.org/resources/sdmxml/schemas/v2_1/common">Bastida de' Dossi</Name>
          <Name xml:lang="en" xmlns="http://www.sdmx.org/resources/sdmxml/schemas/v2_1/common">Bastida de' Dossi</Name>
          <Parent>
            <Ref id="ITC48" xmlns="" />
          </Parent>
        </Code>
        <Code id="018011" urn="urn:sdmx:org.sdmx.infomodel.codelist.Code=IT1:CL_REFAREA(1.2).018011">
          <Name xml:lang="it" xmlns="http://www.sdmx.org/resources/sdmxml/schemas/v2_1/common">Bastida Pancarana</Name>
          <Name xml:lang="en" xmlns="http://www.sdmx.org/resources/sdmxml/schemas/v2_1/common">Bastida Pancarana</Name>
          <Parent>
            <Ref id="ITC48" xmlns="" />
          </Parent>
        </Code>
        <Code id="018012" urn="urn:sdmx:org.sdmx.infomodel.codelist.Code=IT1:CL_REFAREA(1.2).018012">
          <Name xml:lang="it" xmlns="http://www.sdmx.org/resources/sdmxml/schemas/v2_1/common">Battuda</Name>
          <Name xml:lang="en" xmlns="http://www.sdmx.org/resources/sdmxml/schemas/v2_1/common">Battuda</Name>
          <Parent>
            <Ref id="ITC48" xmlns="" />
          </Parent>
        </Code>
        <Code id="018013" urn="urn:sdmx:org.sdmx.infomodel.codelist.Code=IT1:CL_REFAREA(1.2).018013">
          <Name xml:lang="it" xmlns="http://www.sdmx.org/resources/sdmxml/schemas/v2_1/common">Belgioioso</Name>
          <Name xml:lang="en" xmlns="http://www.sdmx.org/resources/sdmxml/schemas/v2_1/common">Belgioioso</Name>
          <Parent>
            <Ref id="ITC48" xmlns="" />
          </Parent>
        </Code>
        <Code id="018014" urn="urn:sdmx:org.sdmx.infomodel.codelist.Code=IT1:CL_REFAREA(1.2).018014">
          <Name xml:lang="it" xmlns="http://www.sdmx.org/resources/sdmxml/schemas/v2_1/common">Bereguardo</Name>
          <Name xml:lang="en" xmlns="http://www.sdmx.org/resources/sdmxml/schemas/v2_1/common">Bereguardo</Name>
          <Parent>
            <Ref id="ITC48" xmlns="" />
          </Parent>
        </Code>
        <Code id="018015" urn="urn:sdmx:org.sdmx.infomodel.codelist.Code=IT1:CL_REFAREA(1.2).018015">
          <Name xml:lang="it" xmlns="http://www.sdmx.org/resources/sdmxml/schemas/v2_1/common">Borgarello</Name>
          <Name xml:lang="en" xmlns="http://www.sdmx.org/resources/sdmxml/schemas/v2_1/common">Borgarello</Name>
          <Parent>
            <Ref id="ITC48" xmlns="" />
          </Parent>
        </Code>
        <Code id="018016" urn="urn:sdmx:org.sdmx.infomodel.codelist.Code=IT1:CL_REFAREA(1.2).018016">
          <Name xml:lang="it" xmlns="http://www.sdmx.org/resources/sdmxml/schemas/v2_1/common">Borgo Priolo</Name>
          <Name xml:lang="en" xmlns="http://www.sdmx.org/resources/sdmxml/schemas/v2_1/common">Borgo Priolo</Name>
          <Parent>
            <Ref id="ITC48" xmlns="" />
          </Parent>
        </Code>
        <Code id="018017" urn="urn:sdmx:org.sdmx.infomodel.codelist.Code=IT1:CL_REFAREA(1.2).018017">
          <Name xml:lang="it" xmlns="http://www.sdmx.org/resources/sdmxml/schemas/v2_1/common">Borgoratto Mormorolo</Name>
          <Name xml:lang="en" xmlns="http://www.sdmx.org/resources/sdmxml/schemas/v2_1/common">Borgoratto Mormorolo</Name>
          <Parent>
            <Ref id="ITC48" xmlns="" />
          </Parent>
        </Code>
        <Code id="018018" urn="urn:sdmx:org.sdmx.infomodel.codelist.Code=IT1:CL_REFAREA(1.2).018018">
          <Name xml:lang="it" xmlns="http://www.sdmx.org/resources/sdmxml/schemas/v2_1/common">Borgo San Siro</Name>
          <Name xml:lang="en" xmlns="http://www.sdmx.org/resources/sdmxml/schemas/v2_1/common">Borgo San Siro</Name>
          <Parent>
            <Ref id="ITC48" xmlns="" />
          </Parent>
        </Code>
        <Code id="018019" urn="urn:sdmx:org.sdmx.infomodel.codelist.Code=IT1:CL_REFAREA(1.2).018019">
          <Name xml:lang="it" xmlns="http://www.sdmx.org/resources/sdmxml/schemas/v2_1/common">Bornasco</Name>
          <Name xml:lang="en" xmlns="http://www.sdmx.org/resources/sdmxml/schemas/v2_1/common">Bornasco</Name>
          <Parent>
            <Ref id="ITC48" xmlns="" />
          </Parent>
        </Code>
        <Code id="018020" urn="urn:sdmx:org.sdmx.infomodel.codelist.Code=IT1:CL_REFAREA(1.2).018020">
          <Name xml:lang="it" xmlns="http://www.sdmx.org/resources/sdmxml/schemas/v2_1/common">Bosnasco</Name>
          <Name xml:lang="en" xmlns="http://www.sdmx.org/resources/sdmxml/schemas/v2_1/common">Bosnasco</Name>
          <Parent>
            <Ref id="ITC48" xmlns="" />
          </Parent>
        </Code>
        <Code id="018021" urn="urn:sdmx:org.sdmx.infomodel.codelist.Code=IT1:CL_REFAREA(1.2).018021">
          <Name xml:lang="it" xmlns="http://www.sdmx.org/resources/sdmxml/schemas/v2_1/common">Brallo di Pregola</Name>
          <Name xml:lang="en" xmlns="http://www.sdmx.org/resources/sdmxml/schemas/v2_1/common">Brallo di Pregola</Name>
          <Parent>
            <Ref id="ITC48" xmlns="" />
          </Parent>
        </Code>
        <Code id="018022" urn="urn:sdmx:org.sdmx.infomodel.codelist.Code=IT1:CL_REFAREA(1.2).018022">
          <Name xml:lang="it" xmlns="http://www.sdmx.org/resources/sdmxml/schemas/v2_1/common">Breme</Name>
          <Name xml:lang="en" xmlns="http://www.sdmx.org/resources/sdmxml/schemas/v2_1/common">Breme</Name>
          <Parent>
            <Ref id="ITC48" xmlns="" />
          </Parent>
        </Code>
        <Code id="018023" urn="urn:sdmx:org.sdmx.infomodel.codelist.Code=IT1:CL_REFAREA(1.2).018023">
          <Name xml:lang="it" xmlns="http://www.sdmx.org/resources/sdmxml/schemas/v2_1/common">Bressana Bottarone</Name>
          <Name xml:lang="en" xmlns="http://www.sdmx.org/resources/sdmxml/schemas/v2_1/common">Bressana Bottarone</Name>
          <Parent>
            <Ref id="ITC48" xmlns="" />
          </Parent>
        </Code>
        <Code id="018024" urn="urn:sdmx:org.sdmx.infomodel.codelist.Code=IT1:CL_REFAREA(1.2).018024">
          <Name xml:lang="it" xmlns="http://www.sdmx.org/resources/sdmxml/schemas/v2_1/common">Broni</Name>
          <Name xml:lang="en" xmlns="http://www.sdmx.org/resources/sdmxml/schemas/v2_1/common">Broni</Name>
          <Parent>
            <Ref id="ITC48" xmlns="" />
          </Parent>
        </Code>
        <Code id="018025" urn="urn:sdmx:org.sdmx.infomodel.codelist.Code=IT1:CL_REFAREA(1.2).018025">
          <Name xml:lang="it" xmlns="http://www.sdmx.org/resources/sdmxml/schemas/v2_1/common">Calvignano</Name>
          <Name xml:lang="en" xmlns="http://www.sdmx.org/resources/sdmxml/schemas/v2_1/common">Calvignano</Name>
          <Parent>
            <Ref id="ITC48" xmlns="" />
          </Parent>
        </Code>
        <Code id="018026" urn="urn:sdmx:org.sdmx.infomodel.codelist.Code=IT1:CL_REFAREA(1.2).018026">
          <Name xml:lang="it" xmlns="http://www.sdmx.org/resources/sdmxml/schemas/v2_1/common">Campospinoso</Name>
          <Name xml:lang="en" xmlns="http://www.sdmx.org/resources/sdmxml/schemas/v2_1/common">Campospinoso</Name>
          <Parent>
            <Ref id="ITC48" xmlns="" />
          </Parent>
        </Code>
        <Code id="018027" urn="urn:sdmx:org.sdmx.infomodel.codelist.Code=IT1:CL_REFAREA(1.2).018027">
          <Name xml:lang="it" xmlns="http://www.sdmx.org/resources/sdmxml/schemas/v2_1/common">Candia Lomellina</Name>
          <Name xml:lang="en" xmlns="http://www.sdmx.org/resources/sdmxml/schemas/v2_1/common">Candia Lomellina</Name>
          <Parent>
            <Ref id="ITC48" xmlns="" />
          </Parent>
        </Code>
        <Code id="018028" urn="urn:sdmx:org.sdmx.infomodel.codelist.Code=IT1:CL_REFAREA(1.2).018028">
          <Name xml:lang="it" xmlns="http://www.sdmx.org/resources/sdmxml/schemas/v2_1/common">Canevino</Name>
          <Name xml:lang="en" xmlns="http://www.sdmx.org/resources/sdmxml/schemas/v2_1/common">Canevino</Name>
          <Parent>
            <Ref id="ITC48" xmlns="" />
          </Parent>
        </Code>
        <Code id="018029" urn="urn:sdmx:org.sdmx.infomodel.codelist.Code=IT1:CL_REFAREA(1.2).018029">
          <Name xml:lang="it" xmlns="http://www.sdmx.org/resources/sdmxml/schemas/v2_1/common">Canneto Pavese</Name>
          <Name xml:lang="en" xmlns="http://www.sdmx.org/resources/sdmxml/schemas/v2_1/common">Canneto Pavese</Name>
          <Parent>
            <Ref id="ITC48" xmlns="" />
          </Parent>
        </Code>
        <Code id="018030" urn="urn:sdmx:org.sdmx.infomodel.codelist.Code=IT1:CL_REFAREA(1.2).018030">
          <Name xml:lang="it" xmlns="http://www.sdmx.org/resources/sdmxml/schemas/v2_1/common">Carbonara al Ticino</Name>
          <Name xml:lang="en" xmlns="http://www.sdmx.org/resources/sdmxml/schemas/v2_1/common">Carbonara al Ticino</Name>
          <Parent>
            <Ref id="ITC48" xmlns="" />
          </Parent>
        </Code>
        <Code id="018031" urn="urn:sdmx:org.sdmx.infomodel.codelist.Code=IT1:CL_REFAREA(1.2).018031">
          <Name xml:lang="it" xmlns="http://www.sdmx.org/resources/sdmxml/schemas/v2_1/common">Casanova Lonati</Name>
          <Name xml:lang="en" xmlns="http://www.sdmx.org/resources/sdmxml/schemas/v2_1/common">Casanova Lonati</Name>
          <Parent>
            <Ref id="ITC48" xmlns="" />
          </Parent>
        </Code>
        <Code id="018032" urn="urn:sdmx:org.sdmx.infomodel.codelist.Code=IT1:CL_REFAREA(1.2).018032">
          <Name xml:lang="it" xmlns="http://www.sdmx.org/resources/sdmxml/schemas/v2_1/common">Casatisma</Name>
          <Name xml:lang="en" xmlns="http://www.sdmx.org/resources/sdmxml/schemas/v2_1/common">Casatisma</Name>
          <Parent>
            <Ref id="ITC48" xmlns="" />
          </Parent>
        </Code>
        <Code id="018033" urn="urn:sdmx:org.sdmx.infomodel.codelist.Code=IT1:CL_REFAREA(1.2).018033">
          <Name xml:lang="it" xmlns="http://www.sdmx.org/resources/sdmxml/schemas/v2_1/common">Casei Gerola</Name>
          <Name xml:lang="en" xmlns="http://www.sdmx.org/resources/sdmxml/schemas/v2_1/common">Casei Gerola</Name>
          <Parent>
            <Ref id="ITC48" xmlns="" />
          </Parent>
        </Code>
        <Code id="018034" urn="urn:sdmx:org.sdmx.infomodel.codelist.Code=IT1:CL_REFAREA(1.2).018034">
          <Name xml:lang="it" xmlns="http://www.sdmx.org/resources/sdmxml/schemas/v2_1/common">Casorate Primo</Name>
          <Name xml:lang="en" xmlns="http://www.sdmx.org/resources/sdmxml/schemas/v2_1/common">Casorate Primo</Name>
          <Parent>
            <Ref id="ITC48" xmlns="" />
          </Parent>
        </Code>
        <Code id="018035" urn="urn:sdmx:org.sdmx.infomodel.codelist.Code=IT1:CL_REFAREA(1.2).018035">
          <Name xml:lang="it" xmlns="http://www.sdmx.org/resources/sdmxml/schemas/v2_1/common">Cassolnovo</Name>
          <Name xml:lang="en" xmlns="http://www.sdmx.org/resources/sdmxml/schemas/v2_1/common">Cassolnovo</Name>
          <Parent>
            <Ref id="ITC48" xmlns="" />
          </Parent>
        </Code>
        <Code id="018036" urn="urn:sdmx:org.sdmx.infomodel.codelist.Code=IT1:CL_REFAREA(1.2).018036">
          <Name xml:lang="it" xmlns="http://www.sdmx.org/resources/sdmxml/schemas/v2_1/common">Castana</Name>
          <Name xml:lang="en" xmlns="http://www.sdmx.org/resources/sdmxml/schemas/v2_1/common">Castana</Name>
          <Parent>
            <Ref id="ITC48" xmlns="" />
          </Parent>
        </Code>
        <Code id="018037" urn="urn:sdmx:org.sdmx.infomodel.codelist.Code=IT1:CL_REFAREA(1.2).018037">
          <Name xml:lang="it" xmlns="http://www.sdmx.org/resources/sdmxml/schemas/v2_1/common">Casteggio</Name>
          <Name xml:lang="en" xmlns="http://www.sdmx.org/resources/sdmxml/schemas/v2_1/common">Casteggio</Name>
          <Parent>
            <Ref id="ITC48" xmlns="" />
          </Parent>
        </Code>
        <Code id="018038" urn="urn:sdmx:org.sdmx.infomodel.codelist.Code=IT1:CL_REFAREA(1.2).018038">
          <Name xml:lang="it" xmlns="http://www.sdmx.org/resources/sdmxml/schemas/v2_1/common">Castelletto di Branduzzo</Name>
          <Name xml:lang="en" xmlns="http://www.sdmx.org/resources/sdmxml/schemas/v2_1/common">Castelletto di Branduzzo</Name>
          <Parent>
            <Ref id="ITC48" xmlns="" />
          </Parent>
        </Code>
        <Code id="018039" urn="urn:sdmx:org.sdmx.infomodel.codelist.Code=IT1:CL_REFAREA(1.2).018039">
          <Name xml:lang="it" xmlns="http://www.sdmx.org/resources/sdmxml/schemas/v2_1/common">Castello d'Agogna</Name>
          <Name xml:lang="en" xmlns="http://www.sdmx.org/resources/sdmxml/schemas/v2_1/common">Castello d'Agogna</Name>
          <Parent>
            <Ref id="ITC48" xmlns="" />
          </Parent>
        </Code>
        <Code id="018040" urn="urn:sdmx:org.sdmx.infomodel.codelist.Code=IT1:CL_REFAREA(1.2).018040">
          <Name xml:lang="it" xmlns="http://www.sdmx.org/resources/sdmxml/schemas/v2_1/common">Castelnovetto</Name>
          <Name xml:lang="en" xmlns="http://www.sdmx.org/resources/sdmxml/schemas/v2_1/common">Castelnovetto</Name>
          <Parent>
            <Ref id="ITC48" xmlns="" />
          </Parent>
        </Code>
        <Code id="018041" urn="urn:sdmx:org.sdmx.infomodel.codelist.Code=IT1:CL_REFAREA(1.2).018041">
          <Name xml:lang="it" xmlns="http://www.sdmx.org/resources/sdmxml/schemas/v2_1/common">Cava Manara</Name>
          <Name xml:lang="en" xmlns="http://www.sdmx.org/resources/sdmxml/schemas/v2_1/common">Cava Manara</Name>
          <Parent>
            <Ref id="ITC48" xmlns="" />
          </Parent>
        </Code>
        <Code id="018042" urn="urn:sdmx:org.sdmx.infomodel.codelist.Code=IT1:CL_REFAREA(1.2).018042">
          <Name xml:lang="it" xmlns="http://www.sdmx.org/resources/sdmxml/schemas/v2_1/common">Cecima</Name>
          <Name xml:lang="en" xmlns="http://www.sdmx.org/resources/sdmxml/schemas/v2_1/common">Cecima</Name>
          <Parent>
            <Ref id="ITC48" xmlns="" />
          </Parent>
        </Code>
        <Code id="018043" urn="urn:sdmx:org.sdmx.infomodel.codelist.Code=IT1:CL_REFAREA(1.2).018043">
          <Name xml:lang="it" xmlns="http://www.sdmx.org/resources/sdmxml/schemas/v2_1/common">Ceranova</Name>
          <Name xml:lang="en" xmlns="http://www.sdmx.org/resources/sdmxml/schemas/v2_1/common">Ceranova</Name>
          <Parent>
            <Ref id="ITC48" xmlns="" />
          </Parent>
        </Code>
        <Code id="018044" urn="urn:sdmx:org.sdmx.infomodel.codelist.Code=IT1:CL_REFAREA(1.2).018044">
          <Name xml:lang="it" xmlns="http://www.sdmx.org/resources/sdmxml/schemas/v2_1/common">Ceretto Lomellina</Name>
          <Name xml:lang="en" xmlns="http://www.sdmx.org/resources/sdmxml/schemas/v2_1/common">Ceretto Lomellina</Name>
          <Parent>
            <Ref id="ITC48" xmlns="" />
          </Parent>
        </Code>
        <Code id="018045" urn="urn:sdmx:org.sdmx.infomodel.codelist.Code=IT1:CL_REFAREA(1.2).018045">
          <Name xml:lang="it" xmlns="http://www.sdmx.org/resources/sdmxml/schemas/v2_1/common">Cergnago</Name>
          <Name xml:lang="en" xmlns="http://www.sdmx.org/resources/sdmxml/schemas/v2_1/common">Cergnago</Name>
          <Parent>
            <Ref id="ITC48" xmlns="" />
          </Parent>
        </Code>
        <Code id="018046" urn="urn:sdmx:org.sdmx.infomodel.codelist.Code=IT1:CL_REFAREA(1.2).018046">
          <Name xml:lang="it" xmlns="http://www.sdmx.org/resources/sdmxml/schemas/v2_1/common">Certosa di Pavia</Name>
          <Name xml:lang="en" xmlns="http://www.sdmx.org/resources/sdmxml/schemas/v2_1/common">Certosa di Pavia</Name>
          <Parent>
            <Ref id="ITC48" xmlns="" />
          </Parent>
        </Code>
        <Code id="018047" urn="urn:sdmx:org.sdmx.infomodel.codelist.Code=IT1:CL_REFAREA(1.2).018047">
          <Name xml:lang="it" xmlns="http://www.sdmx.org/resources/sdmxml/schemas/v2_1/common">Cervesina</Name>
          <Name xml:lang="en" xmlns="http://www.sdmx.org/resources/sdmxml/schemas/v2_1/common">Cervesina</Name>
          <Parent>
            <Ref id="ITC48" xmlns="" />
          </Parent>
        </Code>
        <Code id="018048" urn="urn:sdmx:org.sdmx.infomodel.codelist.Code=IT1:CL_REFAREA(1.2).018048">
          <Name xml:lang="it" xmlns="http://www.sdmx.org/resources/sdmxml/schemas/v2_1/common">Chignolo Po</Name>
          <Name xml:lang="en" xmlns="http://www.sdmx.org/resources/sdmxml/schemas/v2_1/common">Chignolo Po</Name>
          <Parent>
            <Ref id="ITC48" xmlns="" />
          </Parent>
        </Code>
        <Code id="018049" urn="urn:sdmx:org.sdmx.infomodel.codelist.Code=IT1:CL_REFAREA(1.2).018049">
          <Name xml:lang="it" xmlns="http://www.sdmx.org/resources/sdmxml/schemas/v2_1/common">Cigognola</Name>
          <Name xml:lang="en" xmlns="http://www.sdmx.org/resources/sdmxml/schemas/v2_1/common">Cigognola</Name>
          <Parent>
            <Ref id="ITC48" xmlns="" />
          </Parent>
        </Code>
        <Code id="018050" urn="urn:sdmx:org.sdmx.infomodel.codelist.Code=IT1:CL_REFAREA(1.2).018050">
          <Name xml:lang="it" xmlns="http://www.sdmx.org/resources/sdmxml/schemas/v2_1/common">Cilavegna</Name>
          <Name xml:lang="en" xmlns="http://www.sdmx.org/resources/sdmxml/schemas/v2_1/common">Cilavegna</Name>
          <Parent>
            <Ref id="ITC48" xmlns="" />
          </Parent>
        </Code>
        <Code id="018051" urn="urn:sdmx:org.sdmx.infomodel.codelist.Code=IT1:CL_REFAREA(1.2).018051">
          <Name xml:lang="it" xmlns="http://www.sdmx.org/resources/sdmxml/schemas/v2_1/common">Codevilla</Name>
          <Name xml:lang="en" xmlns="http://www.sdmx.org/resources/sdmxml/schemas/v2_1/common">Codevilla</Name>
          <Parent>
            <Ref id="ITC48" xmlns="" />
          </Parent>
        </Code>
        <Code id="018052" urn="urn:sdmx:org.sdmx.infomodel.codelist.Code=IT1:CL_REFAREA(1.2).018052">
          <Name xml:lang="it" xmlns="http://www.sdmx.org/resources/sdmxml/schemas/v2_1/common">Confienza</Name>
          <Name xml:lang="en" xmlns="http://www.sdmx.org/resources/sdmxml/schemas/v2_1/common">Confienza</Name>
          <Parent>
            <Ref id="ITC48" xmlns="" />
          </Parent>
        </Code>
        <Code id="018053" urn="urn:sdmx:org.sdmx.infomodel.codelist.Code=IT1:CL_REFAREA(1.2).018053">
          <Name xml:lang="it" xmlns="http://www.sdmx.org/resources/sdmxml/schemas/v2_1/common">Copiano</Name>
          <Name xml:lang="en" xmlns="http://www.sdmx.org/resources/sdmxml/schemas/v2_1/common">Copiano</Name>
          <Parent>
            <Ref id="ITC48" xmlns="" />
          </Parent>
        </Code>
        <Code id="018054" urn="urn:sdmx:org.sdmx.infomodel.codelist.Code=IT1:CL_REFAREA(1.2).018054">
          <Name xml:lang="it" xmlns="http://www.sdmx.org/resources/sdmxml/schemas/v2_1/common">Corana</Name>
          <Name xml:lang="en" xmlns="http://www.sdmx.org/resources/sdmxml/schemas/v2_1/common">Corana</Name>
          <Parent>
            <Ref id="ITC48" xmlns="" />
          </Parent>
        </Code>
        <Code id="018055" urn="urn:sdmx:org.sdmx.infomodel.codelist.Code=IT1:CL_REFAREA(1.2).018055">
          <Name xml:lang="it" xmlns="http://www.sdmx.org/resources/sdmxml/schemas/v2_1/common">Cornale</Name>
          <Name xml:lang="en" xmlns="http://www.sdmx.org/resources/sdmxml/schemas/v2_1/common">Cornale</Name>
          <Parent>
            <Ref id="ITC48" xmlns="" />
          </Parent>
        </Code>
        <Code id="018056" urn="urn:sdmx:org.sdmx.infomodel.codelist.Code=IT1:CL_REFAREA(1.2).018056">
          <Name xml:lang="it" xmlns="http://www.sdmx.org/resources/sdmxml/schemas/v2_1/common">Corteolona</Name>
          <Name xml:lang="en" xmlns="http://www.sdmx.org/resources/sdmxml/schemas/v2_1/common">Corteolona</Name>
          <Parent>
            <Ref id="ITC48" xmlns="" />
          </Parent>
        </Code>
        <Code id="018057" urn="urn:sdmx:org.sdmx.infomodel.codelist.Code=IT1:CL_REFAREA(1.2).018057">
          <Name xml:lang="it" xmlns="http://www.sdmx.org/resources/sdmxml/schemas/v2_1/common">Corvino San Quirico</Name>
          <Name xml:lang="en" xmlns="http://www.sdmx.org/resources/sdmxml/schemas/v2_1/common">Corvino San Quirico</Name>
          <Parent>
            <Ref id="ITC48" xmlns="" />
          </Parent>
        </Code>
        <Code id="018058" urn="urn:sdmx:org.sdmx.infomodel.codelist.Code=IT1:CL_REFAREA(1.2).018058">
          <Name xml:lang="it" xmlns="http://www.sdmx.org/resources/sdmxml/schemas/v2_1/common">Costa de' Nobili</Name>
          <Name xml:lang="en" xmlns="http://www.sdmx.org/resources/sdmxml/schemas/v2_1/common">Costa de' Nobili</Name>
          <Parent>
            <Ref id="ITC48" xmlns="" />
          </Parent>
        </Code>
        <Code id="018059" urn="urn:sdmx:org.sdmx.infomodel.codelist.Code=IT1:CL_REFAREA(1.2).018059">
          <Name xml:lang="it" xmlns="http://www.sdmx.org/resources/sdmxml/schemas/v2_1/common">Cozzo</Name>
          <Name xml:lang="en" xmlns="http://www.sdmx.org/resources/sdmxml/schemas/v2_1/common">Cozzo</Name>
          <Parent>
            <Ref id="ITC48" xmlns="" />
          </Parent>
        </Code>
        <Code id="018060" urn="urn:sdmx:org.sdmx.infomodel.codelist.Code=IT1:CL_REFAREA(1.2).018060">
          <Name xml:lang="it" xmlns="http://www.sdmx.org/resources/sdmxml/schemas/v2_1/common">Cura Carpignano</Name>
          <Name xml:lang="en" xmlns="http://www.sdmx.org/resources/sdmxml/schemas/v2_1/common">Cura Carpignano</Name>
          <Parent>
            <Ref id="ITC48" xmlns="" />
          </Parent>
        </Code>
        <Code id="018061" urn="urn:sdmx:org.sdmx.infomodel.codelist.Code=IT1:CL_REFAREA(1.2).018061">
          <Name xml:lang="it" xmlns="http://www.sdmx.org/resources/sdmxml/schemas/v2_1/common">Dorno</Name>
          <Name xml:lang="en" xmlns="http://www.sdmx.org/resources/sdmxml/schemas/v2_1/common">Dorno</Name>
          <Parent>
            <Ref id="ITC48" xmlns="" />
          </Parent>
        </Code>
        <Code id="018062" urn="urn:sdmx:org.sdmx.infomodel.codelist.Code=IT1:CL_REFAREA(1.2).018062">
          <Name xml:lang="it" xmlns="http://www.sdmx.org/resources/sdmxml/schemas/v2_1/common">Ferrera Erbognone</Name>
          <Name xml:lang="en" xmlns="http://www.sdmx.org/resources/sdmxml/schemas/v2_1/common">Ferrera Erbognone</Name>
          <Parent>
            <Ref id="ITC48" xmlns="" />
          </Parent>
        </Code>
        <Code id="018063" urn="urn:sdmx:org.sdmx.infomodel.codelist.Code=IT1:CL_REFAREA(1.2).018063">
          <Name xml:lang="it" xmlns="http://www.sdmx.org/resources/sdmxml/schemas/v2_1/common">Filighera</Name>
          <Name xml:lang="en" xmlns="http://www.sdmx.org/resources/sdmxml/schemas/v2_1/common">Filighera</Name>
          <Parent>
            <Ref id="ITC48" xmlns="" />
          </Parent>
        </Code>
        <Code id="018064" urn="urn:sdmx:org.sdmx.infomodel.codelist.Code=IT1:CL_REFAREA(1.2).018064">
          <Name xml:lang="it" xmlns="http://www.sdmx.org/resources/sdmxml/schemas/v2_1/common">Fortunago</Name>
          <Name xml:lang="en" xmlns="http://www.sdmx.org/resources/sdmxml/schemas/v2_1/common">Fortunago</Name>
          <Parent>
            <Ref id="ITC48" xmlns="" />
          </Parent>
        </Code>
        <Code id="018065" urn="urn:sdmx:org.sdmx.infomodel.codelist.Code=IT1:CL_REFAREA(1.2).018065">
          <Name xml:lang="it" xmlns="http://www.sdmx.org/resources/sdmxml/schemas/v2_1/common">Frascarolo</Name>
          <Name xml:lang="en" xmlns="http://www.sdmx.org/resources/sdmxml/schemas/v2_1/common">Frascarolo</Name>
          <Parent>
            <Ref id="ITC48" xmlns="" />
          </Parent>
        </Code>
        <Code id="018066" urn="urn:sdmx:org.sdmx.infomodel.codelist.Code=IT1:CL_REFAREA(1.2).018066">
          <Name xml:lang="it" xmlns="http://www.sdmx.org/resources/sdmxml/schemas/v2_1/common">Galliavola</Name>
          <Name xml:lang="en" xmlns="http://www.sdmx.org/resources/sdmxml/schemas/v2_1/common">Galliavola</Name>
          <Parent>
            <Ref id="ITC48" xmlns="" />
          </Parent>
        </Code>
        <Code id="018067" urn="urn:sdmx:org.sdmx.infomodel.codelist.Code=IT1:CL_REFAREA(1.2).018067">
          <Name xml:lang="it" xmlns="http://www.sdmx.org/resources/sdmxml/schemas/v2_1/common">Gambarana</Name>
          <Name xml:lang="en" xmlns="http://www.sdmx.org/resources/sdmxml/schemas/v2_1/common">Gambarana</Name>
          <Parent>
            <Ref id="ITC48" xmlns="" />
          </Parent>
        </Code>
        <Code id="018068" urn="urn:sdmx:org.sdmx.infomodel.codelist.Code=IT1:CL_REFAREA(1.2).018068">
          <Name xml:lang="it" xmlns="http://www.sdmx.org/resources/sdmxml/schemas/v2_1/common">Gambolò</Name>
          <Name xml:lang="en" xmlns="http://www.sdmx.org/resources/sdmxml/schemas/v2_1/common">Gambolò</Name>
          <Parent>
            <Ref id="ITC48" xmlns="" />
          </Parent>
        </Code>
        <Code id="018069" urn="urn:sdmx:org.sdmx.infomodel.codelist.Code=IT1:CL_REFAREA(1.2).018069">
          <Name xml:lang="it" xmlns="http://www.sdmx.org/resources/sdmxml/schemas/v2_1/common">Garlasco</Name>
          <Name xml:lang="en" xmlns="http://www.sdmx.org/resources/sdmxml/schemas/v2_1/common">Garlasco</Name>
          <Parent>
            <Ref id="ITC48" xmlns="" />
          </Parent>
        </Code>
        <Code id="018070" urn="urn:sdmx:org.sdmx.infomodel.codelist.Code=IT1:CL_REFAREA(1.2).018070">
          <Name xml:lang="it" xmlns="http://www.sdmx.org/resources/sdmxml/schemas/v2_1/common">Genzone</Name>
          <Name xml:lang="en" xmlns="http://www.sdmx.org/resources/sdmxml/schemas/v2_1/common">Genzone</Name>
          <Parent>
            <Ref id="ITC48" xmlns="" />
          </Parent>
        </Code>
        <Code id="018071" urn="urn:sdmx:org.sdmx.infomodel.codelist.Code=IT1:CL_REFAREA(1.2).018071">
          <Name xml:lang="it" xmlns="http://www.sdmx.org/resources/sdmxml/schemas/v2_1/common">Gerenzago</Name>
          <Name xml:lang="en" xmlns="http://www.sdmx.org/resources/sdmxml/schemas/v2_1/common">Gerenzago</Name>
          <Parent>
            <Ref id="ITC48" xmlns="" />
          </Parent>
        </Code>
        <Code id="018072" urn="urn:sdmx:org.sdmx.infomodel.codelist.Code=IT1:CL_REFAREA(1.2).018072">
          <Name xml:lang="it" xmlns="http://www.sdmx.org/resources/sdmxml/schemas/v2_1/common">Giussago</Name>
          <Name xml:lang="en" xmlns="http://www.sdmx.org/resources/sdmxml/schemas/v2_1/common">Giussago</Name>
          <Parent>
            <Ref id="ITC48" xmlns="" />
          </Parent>
        </Code>
        <Code id="018073" urn="urn:sdmx:org.sdmx.infomodel.codelist.Code=IT1:CL_REFAREA(1.2).018073">
          <Name xml:lang="it" xmlns="http://www.sdmx.org/resources/sdmxml/schemas/v2_1/common">Godiasco</Name>
          <Name xml:lang="en" xmlns="http://www.sdmx.org/resources/sdmxml/schemas/v2_1/common">Godiasco</Name>
          <Parent>
            <Ref id="ITC48" xmlns="" />
          </Parent>
        </Code>
        <Code id="018074" urn="urn:sdmx:org.sdmx.infomodel.codelist.Code=IT1:CL_REFAREA(1.2).018074">
          <Name xml:lang="it" xmlns="http://www.sdmx.org/resources/sdmxml/schemas/v2_1/common">Golferenzo</Name>
          <Name xml:lang="en" xmlns="http://www.sdmx.org/resources/sdmxml/schemas/v2_1/common">Golferenzo</Name>
          <Parent>
            <Ref id="ITC48" xmlns="" />
          </Parent>
        </Code>
        <Code id="018075" urn="urn:sdmx:org.sdmx.infomodel.codelist.Code=IT1:CL_REFAREA(1.2).018075">
          <Name xml:lang="it" xmlns="http://www.sdmx.org/resources/sdmxml/schemas/v2_1/common">Gravellona Lomellina</Name>
          <Name xml:lang="en" xmlns="http://www.sdmx.org/resources/sdmxml/schemas/v2_1/common">Gravellona Lomellina</Name>
          <Parent>
            <Ref id="ITC48" xmlns="" />
          </Parent>
        </Code>
        <Code id="018076" urn="urn:sdmx:org.sdmx.infomodel.codelist.Code=IT1:CL_REFAREA(1.2).018076">
          <Name xml:lang="it" xmlns="http://www.sdmx.org/resources/sdmxml/schemas/v2_1/common">Gropello Cairoli</Name>
          <Name xml:lang="en" xmlns="http://www.sdmx.org/resources/sdmxml/schemas/v2_1/common">Gropello Cairoli</Name>
          <Parent>
            <Ref id="ITC48" xmlns="" />
          </Parent>
        </Code>
        <Code id="018077" urn="urn:sdmx:org.sdmx.infomodel.codelist.Code=IT1:CL_REFAREA(1.2).018077">
          <Name xml:lang="it" xmlns="http://www.sdmx.org/resources/sdmxml/schemas/v2_1/common">Inverno e Monteleone</Name>
          <Name xml:lang="en" xmlns="http://www.sdmx.org/resources/sdmxml/schemas/v2_1/common">Inverno e Monteleone</Name>
          <Parent>
            <Ref id="ITC48" xmlns="" />
          </Parent>
        </Code>
        <Code id="018078" urn="urn:sdmx:org.sdmx.infomodel.codelist.Code=IT1:CL_REFAREA(1.2).018078">
          <Name xml:lang="it" xmlns="http://www.sdmx.org/resources/sdmxml/schemas/v2_1/common">Landriano</Name>
          <Name xml:lang="en" xmlns="http://www.sdmx.org/resources/sdmxml/schemas/v2_1/common">Landriano</Name>
          <Parent>
            <Ref id="ITC48" xmlns="" />
          </Parent>
        </Code>
        <Code id="018079" urn="urn:sdmx:org.sdmx.infomodel.codelist.Code=IT1:CL_REFAREA(1.2).018079">
          <Name xml:lang="it" xmlns="http://www.sdmx.org/resources/sdmxml/schemas/v2_1/common">Langosco</Name>
          <Name xml:lang="en" xmlns="http://www.sdmx.org/resources/sdmxml/schemas/v2_1/common">Langosco</Name>
          <Parent>
            <Ref id="ITC48" xmlns="" />
          </Parent>
        </Code>
        <Code id="018080" urn="urn:sdmx:org.sdmx.infomodel.codelist.Code=IT1:CL_REFAREA(1.2).018080">
          <Name xml:lang="it" xmlns="http://www.sdmx.org/resources/sdmxml/schemas/v2_1/common">Lardirago</Name>
          <Name xml:lang="en" xmlns="http://www.sdmx.org/resources/sdmxml/schemas/v2_1/common">Lardirago</Name>
          <Parent>
            <Ref id="ITC48" xmlns="" />
          </Parent>
        </Code>
        <Code id="018081" urn="urn:sdmx:org.sdmx.infomodel.codelist.Code=IT1:CL_REFAREA(1.2).018081">
          <Name xml:lang="it" xmlns="http://www.sdmx.org/resources/sdmxml/schemas/v2_1/common">Linarolo</Name>
          <Name xml:lang="en" xmlns="http://www.sdmx.org/resources/sdmxml/schemas/v2_1/common">Linarolo</Name>
          <Parent>
            <Ref id="ITC48" xmlns="" />
          </Parent>
        </Code>
        <Code id="018082" urn="urn:sdmx:org.sdmx.infomodel.codelist.Code=IT1:CL_REFAREA(1.2).018082">
          <Name xml:lang="it" xmlns="http://www.sdmx.org/resources/sdmxml/schemas/v2_1/common">Lirio</Name>
          <Name xml:lang="en" xmlns="http://www.sdmx.org/resources/sdmxml/schemas/v2_1/common">Lirio</Name>
          <Parent>
            <Ref id="ITC48" xmlns="" />
          </Parent>
        </Code>
        <Code id="018083" urn="urn:sdmx:org.sdmx.infomodel.codelist.Code=IT1:CL_REFAREA(1.2).018083">
          <Name xml:lang="it" xmlns="http://www.sdmx.org/resources/sdmxml/schemas/v2_1/common">Lomello</Name>
          <Name xml:lang="en" xmlns="http://www.sdmx.org/resources/sdmxml/schemas/v2_1/common">Lomello</Name>
          <Parent>
            <Ref id="ITC48" xmlns="" />
          </Parent>
        </Code>
        <Code id="018084" urn="urn:sdmx:org.sdmx.infomodel.codelist.Code=IT1:CL_REFAREA(1.2).018084">
          <Name xml:lang="it" xmlns="http://www.sdmx.org/resources/sdmxml/schemas/v2_1/common">Lungavilla</Name>
          <Name xml:lang="en" xmlns="http://www.sdmx.org/resources/sdmxml/schemas/v2_1/common">Lungavilla</Name>
          <Parent>
            <Ref id="ITC48" xmlns="" />
          </Parent>
        </Code>
        <Code id="018085" urn="urn:sdmx:org.sdmx.infomodel.codelist.Code=IT1:CL_REFAREA(1.2).018085">
          <Name xml:lang="it" xmlns="http://www.sdmx.org/resources/sdmxml/schemas/v2_1/common">Magherno</Name>
          <Name xml:lang="en" xmlns="http://www.sdmx.org/resources/sdmxml/schemas/v2_1/common">Magherno</Name>
          <Parent>
            <Ref id="ITC48" xmlns="" />
          </Parent>
        </Code>
        <Code id="018086" urn="urn:sdmx:org.sdmx.infomodel.codelist.Code=IT1:CL_REFAREA(1.2).018086">
          <Name xml:lang="it" xmlns="http://www.sdmx.org/resources/sdmxml/schemas/v2_1/common">Marcignago</Name>
          <Name xml:lang="en" xmlns="http://www.sdmx.org/resources/sdmxml/schemas/v2_1/common">Marcignago</Name>
          <Parent>
            <Ref id="ITC48" xmlns="" />
          </Parent>
        </Code>
        <Code id="018087" urn="urn:sdmx:org.sdmx.infomodel.codelist.Code=IT1:CL_REFAREA(1.2).018087">
          <Name xml:lang="it" xmlns="http://www.sdmx.org/resources/sdmxml/schemas/v2_1/common">Marzano</Name>
          <Name xml:lang="en" xmlns="http://www.sdmx.org/resources/sdmxml/schemas/v2_1/common">Marzano</Name>
          <Parent>
            <Ref id="ITC48" xmlns="" />
          </Parent>
        </Code>
        <Code id="018088" urn="urn:sdmx:org.sdmx.infomodel.codelist.Code=IT1:CL_REFAREA(1.2).018088">
          <Name xml:lang="it" xmlns="http://www.sdmx.org/resources/sdmxml/schemas/v2_1/common">Mede</Name>
          <Name xml:lang="en" xmlns="http://www.sdmx.org/resources/sdmxml/schemas/v2_1/common">Mede</Name>
          <Parent>
            <Ref id="ITC48" xmlns="" />
          </Parent>
        </Code>
        <Code id="018089" urn="urn:sdmx:org.sdmx.infomodel.codelist.Code=IT1:CL_REFAREA(1.2).018089">
          <Name xml:lang="it" xmlns="http://www.sdmx.org/resources/sdmxml/schemas/v2_1/common">Menconico</Name>
          <Name xml:lang="en" xmlns="http://www.sdmx.org/resources/sdmxml/schemas/v2_1/common">Menconico</Name>
          <Parent>
            <Ref id="ITC48" xmlns="" />
          </Parent>
        </Code>
        <Code id="018090" urn="urn:sdmx:org.sdmx.infomodel.codelist.Code=IT1:CL_REFAREA(1.2).018090">
          <Name xml:lang="it" xmlns="http://www.sdmx.org/resources/sdmxml/schemas/v2_1/common">Mezzana Bigli</Name>
          <Name xml:lang="en" xmlns="http://www.sdmx.org/resources/sdmxml/schemas/v2_1/common">Mezzana Bigli</Name>
          <Parent>
            <Ref id="ITC48" xmlns="" />
          </Parent>
        </Code>
        <Code id="018091" urn="urn:sdmx:org.sdmx.infomodel.codelist.Code=IT1:CL_REFAREA(1.2).018091">
          <Name xml:lang="it" xmlns="http://www.sdmx.org/resources/sdmxml/schemas/v2_1/common">Mezzana Rabattone</Name>
          <Name xml:lang="en" xmlns="http://www.sdmx.org/resources/sdmxml/schemas/v2_1/common">Mezzana Rabattone</Name>
          <Parent>
            <Ref id="ITC48" xmlns="" />
          </Parent>
        </Code>
        <Code id="018092" urn="urn:sdmx:org.sdmx.infomodel.codelist.Code=IT1:CL_REFAREA(1.2).018092">
          <Name xml:lang="it" xmlns="http://www.sdmx.org/resources/sdmxml/schemas/v2_1/common">Mezzanino</Name>
          <Name xml:lang="en" xmlns="http://www.sdmx.org/resources/sdmxml/schemas/v2_1/common">Mezzanino</Name>
          <Parent>
            <Ref id="ITC48" xmlns="" />
          </Parent>
        </Code>
        <Code id="018093" urn="urn:sdmx:org.sdmx.infomodel.codelist.Code=IT1:CL_REFAREA(1.2).018093">
          <Name xml:lang="it" xmlns="http://www.sdmx.org/resources/sdmxml/schemas/v2_1/common">Miradolo Terme</Name>
          <Name xml:lang="en" xmlns="http://www.sdmx.org/resources/sdmxml/schemas/v2_1/common">Miradolo Terme</Name>
          <Parent>
            <Ref id="ITC48" xmlns="" />
          </Parent>
        </Code>
        <Code id="018094" urn="urn:sdmx:org.sdmx.infomodel.codelist.Code=IT1:CL_REFAREA(1.2).018094">
          <Name xml:lang="it" xmlns="http://www.sdmx.org/resources/sdmxml/schemas/v2_1/common">Montalto Pavese</Name>
          <Name xml:lang="en" xmlns="http://www.sdmx.org/resources/sdmxml/schemas/v2_1/common">Montalto Pavese</Name>
          <Parent>
            <Ref id="ITC48" xmlns="" />
          </Parent>
        </Code>
        <Code id="018095" urn="urn:sdmx:org.sdmx.infomodel.codelist.Code=IT1:CL_REFAREA(1.2).018095">
          <Name xml:lang="it" xmlns="http://www.sdmx.org/resources/sdmxml/schemas/v2_1/common">Montebello della Battaglia</Name>
          <Name xml:lang="en" xmlns="http://www.sdmx.org/resources/sdmxml/schemas/v2_1/common">Montebello della Battaglia</Name>
          <Parent>
            <Ref id="ITC48" xmlns="" />
          </Parent>
        </Code>
        <Code id="018096" urn="urn:sdmx:org.sdmx.infomodel.codelist.Code=IT1:CL_REFAREA(1.2).018096">
          <Name xml:lang="it" xmlns="http://www.sdmx.org/resources/sdmxml/schemas/v2_1/common">Montecalvo Versiggia</Name>
          <Name xml:lang="en" xmlns="http://www.sdmx.org/resources/sdmxml/schemas/v2_1/common">Montecalvo Versiggia</Name>
          <Parent>
            <Ref id="ITC48" xmlns="" />
          </Parent>
        </Code>
        <Code id="018097" urn="urn:sdmx:org.sdmx.infomodel.codelist.Code=IT1:CL_REFAREA(1.2).018097">
          <Name xml:lang="it" xmlns="http://www.sdmx.org/resources/sdmxml/schemas/v2_1/common">Montescano</Name>
          <Name xml:lang="en" xmlns="http://www.sdmx.org/resources/sdmxml/schemas/v2_1/common">Montescano</Name>
          <Parent>
            <Ref id="ITC48" xmlns="" />
          </Parent>
        </Code>
        <Code id="018098" urn="urn:sdmx:org.sdmx.infomodel.codelist.Code=IT1:CL_REFAREA(1.2).018098">
          <Name xml:lang="it" xmlns="http://www.sdmx.org/resources/sdmxml/schemas/v2_1/common">Montesegale</Name>
          <Name xml:lang="en" xmlns="http://www.sdmx.org/resources/sdmxml/schemas/v2_1/common">Montesegale</Name>
          <Parent>
            <Ref id="ITC48" xmlns="" />
          </Parent>
        </Code>
        <Code id="018099" urn="urn:sdmx:org.sdmx.infomodel.codelist.Code=IT1:CL_REFAREA(1.2).018099">
          <Name xml:lang="it" xmlns="http://www.sdmx.org/resources/sdmxml/schemas/v2_1/common">Monticelli Pavese</Name>
          <Name xml:lang="en" xmlns="http://www.sdmx.org/resources/sdmxml/schemas/v2_1/common">Monticelli Pavese</Name>
          <Parent>
            <Ref id="ITC48" xmlns="" />
          </Parent>
        </Code>
        <Code id="018100" urn="urn:sdmx:org.sdmx.infomodel.codelist.Code=IT1:CL_REFAREA(1.2).018100">
          <Name xml:lang="it" xmlns="http://www.sdmx.org/resources/sdmxml/schemas/v2_1/common">Montù Beccaria</Name>
          <Name xml:lang="en" xmlns="http://www.sdmx.org/resources/sdmxml/schemas/v2_1/common">Montù Beccaria</Name>
          <Parent>
            <Ref id="ITC48" xmlns="" />
          </Parent>
        </Code>
        <Code id="018101" urn="urn:sdmx:org.sdmx.infomodel.codelist.Code=IT1:CL_REFAREA(1.2).018101">
          <Name xml:lang="it" xmlns="http://www.sdmx.org/resources/sdmxml/schemas/v2_1/common">Mornico Losana</Name>
          <Name xml:lang="en" xmlns="http://www.sdmx.org/resources/sdmxml/schemas/v2_1/common">Mornico Losana</Name>
          <Parent>
            <Ref id="ITC48" xmlns="" />
          </Parent>
        </Code>
        <Code id="018102" urn="urn:sdmx:org.sdmx.infomodel.codelist.Code=IT1:CL_REFAREA(1.2).018102">
          <Name xml:lang="it" xmlns="http://www.sdmx.org/resources/sdmxml/schemas/v2_1/common">Mortara</Name>
          <Name xml:lang="en" xmlns="http://www.sdmx.org/resources/sdmxml/schemas/v2_1/common">Mortara</Name>
          <Parent>
            <Ref id="ITC48" xmlns="" />
          </Parent>
        </Code>
        <Code id="018103" urn="urn:sdmx:org.sdmx.infomodel.codelist.Code=IT1:CL_REFAREA(1.2).018103">
          <Name xml:lang="it" xmlns="http://www.sdmx.org/resources/sdmxml/schemas/v2_1/common">Nicorvo</Name>
          <Name xml:lang="en" xmlns="http://www.sdmx.org/resources/sdmxml/schemas/v2_1/common">Nicorvo</Name>
          <Parent>
            <Ref id="ITC48" xmlns="" />
          </Parent>
        </Code>
        <Code id="018104" urn="urn:sdmx:org.sdmx.infomodel.codelist.Code=IT1:CL_REFAREA(1.2).018104">
          <Name xml:lang="it" xmlns="http://www.sdmx.org/resources/sdmxml/schemas/v2_1/common">Olevano di Lomellina</Name>
          <Name xml:lang="en" xmlns="http://www.sdmx.org/resources/sdmxml/schemas/v2_1/common">Olevano di Lomellina</Name>
          <Parent>
            <Ref id="ITC48" xmlns="" />
          </Parent>
        </Code>
        <Code id="018105" urn="urn:sdmx:org.sdmx.infomodel.codelist.Code=IT1:CL_REFAREA(1.2).018105">
          <Name xml:lang="it" xmlns="http://www.sdmx.org/resources/sdmxml/schemas/v2_1/common">Oliva Gessi</Name>
          <Name xml:lang="en" xmlns="http://www.sdmx.org/resources/sdmxml/schemas/v2_1/common">Oliva Gessi</Name>
          <Parent>
            <Ref id="ITC48" xmlns="" />
          </Parent>
        </Code>
        <Code id="018106" urn="urn:sdmx:org.sdmx.infomodel.codelist.Code=IT1:CL_REFAREA(1.2).018106">
          <Name xml:lang="it" xmlns="http://www.sdmx.org/resources/sdmxml/schemas/v2_1/common">Ottobiano</Name>
          <Name xml:lang="en" xmlns="http://www.sdmx.org/resources/sdmxml/schemas/v2_1/common">Ottobiano</Name>
          <Parent>
            <Ref id="ITC48" xmlns="" />
          </Parent>
        </Code>
        <Code id="018107" urn="urn:sdmx:org.sdmx.infomodel.codelist.Code=IT1:CL_REFAREA(1.2).018107">
          <Name xml:lang="it" xmlns="http://www.sdmx.org/resources/sdmxml/schemas/v2_1/common">Palestro</Name>
          <Name xml:lang="en" xmlns="http://www.sdmx.org/resources/sdmxml/schemas/v2_1/common">Palestro</Name>
          <Parent>
            <Ref id="ITC48" xmlns="" />
          </Parent>
        </Code>
        <Code id="018108" urn="urn:sdmx:org.sdmx.infomodel.codelist.Code=IT1:CL_REFAREA(1.2).018108">
          <Name xml:lang="it" xmlns="http://www.sdmx.org/resources/sdmxml/schemas/v2_1/common">Pancarana</Name>
          <Name xml:lang="en" xmlns="http://www.sdmx.org/resources/sdmxml/schemas/v2_1/common">Pancarana</Name>
          <Parent>
            <Ref id="ITC48" xmlns="" />
          </Parent>
        </Code>
        <Code id="018109" urn="urn:sdmx:org.sdmx.infomodel.codelist.Code=IT1:CL_REFAREA(1.2).018109">
          <Name xml:lang="it" xmlns="http://www.sdmx.org/resources/sdmxml/schemas/v2_1/common">Parona</Name>
          <Name xml:lang="en" xmlns="http://www.sdmx.org/resources/sdmxml/schemas/v2_1/common">Parona</Name>
          <Parent>
            <Ref id="ITC48" xmlns="" />
          </Parent>
        </Code>
        <Code id="018110" urn="urn:sdmx:org.sdmx.infomodel.codelist.Code=IT1:CL_REFAREA(1.2).018110">
          <Name xml:lang="it" xmlns="http://www.sdmx.org/resources/sdmxml/schemas/v2_1/common">Pavia</Name>
          <Name xml:lang="en" xmlns="http://www.sdmx.org/resources/sdmxml/schemas/v2_1/common">Pavia</Name>
          <Parent>
            <Ref id="ITC48" xmlns="" />
          </Parent>
        </Code>
        <Code id="018111" urn="urn:sdmx:org.sdmx.infomodel.codelist.Code=IT1:CL_REFAREA(1.2).018111">
          <Name xml:lang="it" xmlns="http://www.sdmx.org/resources/sdmxml/schemas/v2_1/common">Pietra de' Giorgi</Name>
          <Name xml:lang="en" xmlns="http://www.sdmx.org/resources/sdmxml/schemas/v2_1/common">Pietra de' Giorgi</Name>
          <Parent>
            <Ref id="ITC48" xmlns="" />
          </Parent>
        </Code>
        <Code id="018112" urn="urn:sdmx:org.sdmx.infomodel.codelist.Code=IT1:CL_REFAREA(1.2).018112">
          <Name xml:lang="it" xmlns="http://www.sdmx.org/resources/sdmxml/schemas/v2_1/common">Pieve Albignola</Name>
          <Name xml:lang="en" xmlns="http://www.sdmx.org/resources/sdmxml/schemas/v2_1/common">Pieve Albignola</Name>
          <Parent>
            <Ref id="ITC48" xmlns="" />
          </Parent>
        </Code>
        <Code id="018113" urn="urn:sdmx:org.sdmx.infomodel.codelist.Code=IT1:CL_REFAREA(1.2).018113">
          <Name xml:lang="it" xmlns="http://www.sdmx.org/resources/sdmxml/schemas/v2_1/common">Pieve del Cairo</Name>
          <Name xml:lang="en" xmlns="http://www.sdmx.org/resources/sdmxml/schemas/v2_1/common">Pieve del Cairo</Name>
          <Parent>
            <Ref id="ITC48" xmlns="" />
          </Parent>
        </Code>
        <Code id="018114" urn="urn:sdmx:org.sdmx.infomodel.codelist.Code=IT1:CL_REFAREA(1.2).018114">
          <Name xml:lang="it" xmlns="http://www.sdmx.org/resources/sdmxml/schemas/v2_1/common">Pieve Porto Morone</Name>
          <Name xml:lang="en" xmlns="http://www.sdmx.org/resources/sdmxml/schemas/v2_1/common">Pieve Porto Morone</Name>
          <Parent>
            <Ref id="ITC48" xmlns="" />
          </Parent>
        </Code>
        <Code id="018115" urn="urn:sdmx:org.sdmx.infomodel.codelist.Code=IT1:CL_REFAREA(1.2).018115">
          <Name xml:lang="it" xmlns="http://www.sdmx.org/resources/sdmxml/schemas/v2_1/common">Pinarolo Po</Name>
          <Name xml:lang="en" xmlns="http://www.sdmx.org/resources/sdmxml/schemas/v2_1/common">Pinarolo Po</Name>
          <Parent>
            <Ref id="ITC48" xmlns="" />
          </Parent>
        </Code>
        <Code id="018116" urn="urn:sdmx:org.sdmx.infomodel.codelist.Code=IT1:CL_REFAREA(1.2).018116">
          <Name xml:lang="it" xmlns="http://www.sdmx.org/resources/sdmxml/schemas/v2_1/common">Pizzale</Name>
          <Name xml:lang="en" xmlns="http://www.sdmx.org/resources/sdmxml/schemas/v2_1/common">Pizzale</Name>
          <Parent>
            <Ref id="ITC48" xmlns="" />
          </Parent>
        </Code>
        <Code id="018117" urn="urn:sdmx:org.sdmx.infomodel.codelist.Code=IT1:CL_REFAREA(1.2).018117">
          <Name xml:lang="it" xmlns="http://www.sdmx.org/resources/sdmxml/schemas/v2_1/common">Ponte Nizza</Name>
          <Name xml:lang="en" xmlns="http://www.sdmx.org/resources/sdmxml/schemas/v2_1/common">Ponte Nizza</Name>
          <Parent>
            <Ref id="ITC48" xmlns="" />
          </Parent>
        </Code>
        <Code id="018118" urn="urn:sdmx:org.sdmx.infomodel.codelist.Code=IT1:CL_REFAREA(1.2).018118">
          <Name xml:lang="it" xmlns="http://www.sdmx.org/resources/sdmxml/schemas/v2_1/common">Portalbera</Name>
          <Name xml:lang="en" xmlns="http://www.sdmx.org/resources/sdmxml/schemas/v2_1/common">Portalbera</Name>
          <Parent>
            <Ref id="ITC48" xmlns="" />
          </Parent>
        </Code>
        <Code id="018119" urn="urn:sdmx:org.sdmx.infomodel.codelist.Code=IT1:CL_REFAREA(1.2).018119">
          <Name xml:lang="it" xmlns="http://www.sdmx.org/resources/sdmxml/schemas/v2_1/common">Rea</Name>
          <Name xml:lang="en" xmlns="http://www.sdmx.org/resources/sdmxml/schemas/v2_1/common">Rea</Name>
          <Parent>
            <Ref id="ITC48" xmlns="" />
          </Parent>
        </Code>
        <Code id="018120" urn="urn:sdmx:org.sdmx.infomodel.codelist.Code=IT1:CL_REFAREA(1.2).018120">
          <Name xml:lang="it" xmlns="http://www.sdmx.org/resources/sdmxml/schemas/v2_1/common">Redavalle</Name>
          <Name xml:lang="en" xmlns="http://www.sdmx.org/resources/sdmxml/schemas/v2_1/common">Redavalle</Name>
          <Parent>
            <Ref id="ITC48" xmlns="" />
          </Parent>
        </Code>
        <Code id="018121" urn="urn:sdmx:org.sdmx.infomodel.codelist.Code=IT1:CL_REFAREA(1.2).018121">
          <Name xml:lang="it" xmlns="http://www.sdmx.org/resources/sdmxml/schemas/v2_1/common">Retorbido</Name>
          <Name xml:lang="en" xmlns="http://www.sdmx.org/resources/sdmxml/schemas/v2_1/common">Retorbido</Name>
          <Parent>
            <Ref id="ITC48" xmlns="" />
          </Parent>
        </Code>
        <Code id="018122" urn="urn:sdmx:org.sdmx.infomodel.codelist.Code=IT1:CL_REFAREA(1.2).018122">
          <Name xml:lang="it" xmlns="http://www.sdmx.org/resources/sdmxml/schemas/v2_1/common">Rivanazzano Terme</Name>
          <Name xml:lang="en" xmlns="http://www.sdmx.org/resources/sdmxml/schemas/v2_1/common">Rivanazzano Terme</Name>
          <Parent>
            <Ref id="ITC48" xmlns="" />
          </Parent>
        </Code>
        <Code id="018123" urn="urn:sdmx:org.sdmx.infomodel.codelist.Code=IT1:CL_REFAREA(1.2).018123">
          <Name xml:lang="it" xmlns="http://www.sdmx.org/resources/sdmxml/schemas/v2_1/common">Robbio</Name>
          <Name xml:lang="en" xmlns="http://www.sdmx.org/resources/sdmxml/schemas/v2_1/common">Robbio</Name>
          <Parent>
            <Ref id="ITC48" xmlns="" />
          </Parent>
        </Code>
        <Code id="018124" urn="urn:sdmx:org.sdmx.infomodel.codelist.Code=IT1:CL_REFAREA(1.2).018124">
          <Name xml:lang="it" xmlns="http://www.sdmx.org/resources/sdmxml/schemas/v2_1/common">Robecco Pavese</Name>
          <Name xml:lang="en" xmlns="http://www.sdmx.org/resources/sdmxml/schemas/v2_1/common">Robecco Pavese</Name>
          <Parent>
            <Ref id="ITC48" xmlns="" />
          </Parent>
        </Code>
        <Code id="018125" urn="urn:sdmx:org.sdmx.infomodel.codelist.Code=IT1:CL_REFAREA(1.2).018125">
          <Name xml:lang="it" xmlns="http://www.sdmx.org/resources/sdmxml/schemas/v2_1/common">Rocca de' Giorgi</Name>
          <Name xml:lang="en" xmlns="http://www.sdmx.org/resources/sdmxml/schemas/v2_1/common">Rocca de' Giorgi</Name>
          <Parent>
            <Ref id="ITC48" xmlns="" />
          </Parent>
        </Code>
        <Code id="018126" urn="urn:sdmx:org.sdmx.infomodel.codelist.Code=IT1:CL_REFAREA(1.2).018126">
          <Name xml:lang="it" xmlns="http://www.sdmx.org/resources/sdmxml/schemas/v2_1/common">Rocca Susella</Name>
          <Name xml:lang="en" xmlns="http://www.sdmx.org/resources/sdmxml/schemas/v2_1/common">Rocca Susella</Name>
          <Parent>
            <Ref id="ITC48" xmlns="" />
          </Parent>
        </Code>
        <Code id="018127" urn="urn:sdmx:org.sdmx.infomodel.codelist.Code=IT1:CL_REFAREA(1.2).018127">
          <Name xml:lang="it" xmlns="http://www.sdmx.org/resources/sdmxml/schemas/v2_1/common">Rognano</Name>
          <Name xml:lang="en" xmlns="http://www.sdmx.org/resources/sdmxml/schemas/v2_1/common">Rognano</Name>
          <Parent>
            <Ref id="ITC48" xmlns="" />
          </Parent>
        </Code>
        <Code id="018128" urn="urn:sdmx:org.sdmx.infomodel.codelist.Code=IT1:CL_REFAREA(1.2).018128">
          <Name xml:lang="it" xmlns="http://www.sdmx.org/resources/sdmxml/schemas/v2_1/common">Romagnese</Name>
          <Name xml:lang="en" xmlns="http://www.sdmx.org/resources/sdmxml/schemas/v2_1/common">Romagnese</Name>
          <Parent>
            <Ref id="ITC48" xmlns="" />
          </Parent>
        </Code>
        <Code id="018129" urn="urn:sdmx:org.sdmx.infomodel.codelist.Code=IT1:CL_REFAREA(1.2).018129">
          <Name xml:lang="it" xmlns="http://www.sdmx.org/resources/sdmxml/schemas/v2_1/common">Roncaro</Name>
          <Name xml:lang="en" xmlns="http://www.sdmx.org/resources/sdmxml/schemas/v2_1/common">Roncaro</Name>
          <Parent>
            <Ref id="ITC48" xmlns="" />
          </Parent>
        </Code>
        <Code id="018130" urn="urn:sdmx:org.sdmx.infomodel.codelist.Code=IT1:CL_REFAREA(1.2).018130">
          <Name xml:lang="it" xmlns="http://www.sdmx.org/resources/sdmxml/schemas/v2_1/common">Rosasco</Name>
          <Name xml:lang="en" xmlns="http://www.sdmx.org/resources/sdmxml/schemas/v2_1/common">Rosasco</Name>
          <Parent>
            <Ref id="ITC48" xmlns="" />
          </Parent>
        </Code>
        <Code id="018131" urn="urn:sdmx:org.sdmx.infomodel.codelist.Code=IT1:CL_REFAREA(1.2).018131">
          <Name xml:lang="it" xmlns="http://www.sdmx.org/resources/sdmxml/schemas/v2_1/common">Rovescala</Name>
          <Name xml:lang="en" xmlns="http://www.sdmx.org/resources/sdmxml/schemas/v2_1/common">Rovescala</Name>
          <Parent>
            <Ref id="ITC48" xmlns="" />
          </Parent>
        </Code>
        <Code id="018132" urn="urn:sdmx:org.sdmx.infomodel.codelist.Code=IT1:CL_REFAREA(1.2).018132">
          <Name xml:lang="it" xmlns="http://www.sdmx.org/resources/sdmxml/schemas/v2_1/common">Ruino</Name>
          <Name xml:lang="en" xmlns="http://www.sdmx.org/resources/sdmxml/schemas/v2_1/common">Ruino</Name>
          <Parent>
            <Ref id="ITC48" xmlns="" />
          </Parent>
        </Code>
        <Code id="018133" urn="urn:sdmx:org.sdmx.infomodel.codelist.Code=IT1:CL_REFAREA(1.2).018133">
          <Name xml:lang="it" xmlns="http://www.sdmx.org/resources/sdmxml/schemas/v2_1/common">San Cipriano Po</Name>
          <Name xml:lang="en" xmlns="http://www.sdmx.org/resources/sdmxml/schemas/v2_1/common">San Cipriano Po</Name>
          <Parent>
            <Ref id="ITC48" xmlns="" />
          </Parent>
        </Code>
        <Code id="018134" urn="urn:sdmx:org.sdmx.infomodel.codelist.Code=IT1:CL_REFAREA(1.2).018134">
          <Name xml:lang="it" xmlns="http://www.sdmx.org/resources/sdmxml/schemas/v2_1/common">San Damiano al Colle</Name>
          <Name xml:lang="en" xmlns="http://www.sdmx.org/resources/sdmxml/schemas/v2_1/common">San Damiano al Colle</Name>
          <Parent>
            <Ref id="ITC48" xmlns="" />
          </Parent>
        </Code>
        <Code id="018135" urn="urn:sdmx:org.sdmx.infomodel.codelist.Code=IT1:CL_REFAREA(1.2).018135">
          <Name xml:lang="it" xmlns="http://www.sdmx.org/resources/sdmxml/schemas/v2_1/common">San Genesio ed Uniti</Name>
          <Name xml:lang="en" xmlns="http://www.sdmx.org/resources/sdmxml/schemas/v2_1/common">San Genesio ed Uniti</Name>
          <Parent>
            <Ref id="ITC48" xmlns="" />
          </Parent>
        </Code>
        <Code id="018136" urn="urn:sdmx:org.sdmx.infomodel.codelist.Code=IT1:CL_REFAREA(1.2).018136">
          <Name xml:lang="it" xmlns="http://www.sdmx.org/resources/sdmxml/schemas/v2_1/common">San Giorgio di Lomellina</Name>
          <Name xml:lang="en" xmlns="http://www.sdmx.org/resources/sdmxml/schemas/v2_1/common">San Giorgio di Lomellina</Name>
          <Parent>
            <Ref id="ITC48" xmlns="" />
          </Parent>
        </Code>
        <Code id="018137" urn="urn:sdmx:org.sdmx.infomodel.codelist.Code=IT1:CL_REFAREA(1.2).018137">
          <Name xml:lang="it" xmlns="http://www.sdmx.org/resources/sdmxml/schemas/v2_1/common">San Martino Siccomario</Name>
          <Name xml:lang="en" xmlns="http://www.sdmx.org/resources/sdmxml/schemas/v2_1/common">San Martino Siccomario</Name>
          <Parent>
            <Ref id="ITC48" xmlns="" />
          </Parent>
        </Code>
        <Code id="018138" urn="urn:sdmx:org.sdmx.infomodel.codelist.Code=IT1:CL_REFAREA(1.2).018138">
          <Name xml:lang="it" xmlns="http://www.sdmx.org/resources/sdmxml/schemas/v2_1/common">Sannazzaro de' Burgondi</Name>
          <Name xml:lang="en" xmlns="http://www.sdmx.org/resources/sdmxml/schemas/v2_1/common">Sannazzaro de' Burgondi</Name>
          <Parent>
            <Ref id="ITC48" xmlns="" />
          </Parent>
        </Code>
        <Code id="018139" urn="urn:sdmx:org.sdmx.infomodel.codelist.Code=IT1:CL_REFAREA(1.2).018139">
          <Name xml:lang="it" xmlns="http://www.sdmx.org/resources/sdmxml/schemas/v2_1/common">Santa Cristina e Bissone</Name>
          <Name xml:lang="en" xmlns="http://www.sdmx.org/resources/sdmxml/schemas/v2_1/common">Santa Cristina e Bissone</Name>
          <Parent>
            <Ref id="ITC48" xmlns="" />
          </Parent>
        </Code>
        <Code id="018140" urn="urn:sdmx:org.sdmx.infomodel.codelist.Code=IT1:CL_REFAREA(1.2).018140">
          <Name xml:lang="it" xmlns="http://www.sdmx.org/resources/sdmxml/schemas/v2_1/common">Santa Giuletta</Name>
          <Name xml:lang="en" xmlns="http://www.sdmx.org/resources/sdmxml/schemas/v2_1/common">Santa Giuletta</Name>
          <Parent>
            <Ref id="ITC48" xmlns="" />
          </Parent>
        </Code>
        <Code id="018141" urn="urn:sdmx:org.sdmx.infomodel.codelist.Code=IT1:CL_REFAREA(1.2).018141">
          <Name xml:lang="it" xmlns="http://www.sdmx.org/resources/sdmxml/schemas/v2_1/common">Sant'Alessio con Vialone</Name>
          <Name xml:lang="en" xmlns="http://www.sdmx.org/resources/sdmxml/schemas/v2_1/common">Sant'Alessio con Vialone</Name>
          <Parent>
            <Ref id="ITC48" xmlns="" />
          </Parent>
        </Code>
        <Code id="018142" urn="urn:sdmx:org.sdmx.infomodel.codelist.Code=IT1:CL_REFAREA(1.2).018142">
          <Name xml:lang="it" xmlns="http://www.sdmx.org/resources/sdmxml/schemas/v2_1/common">Santa Margherita di Staffora</Name>
          <Name xml:lang="en" xmlns="http://www.sdmx.org/resources/sdmxml/schemas/v2_1/common">Santa Margherita di Staffora</Name>
          <Parent>
            <Ref id="ITC48" xmlns="" />
          </Parent>
        </Code>
        <Code id="018143" urn="urn:sdmx:org.sdmx.infomodel.codelist.Code=IT1:CL_REFAREA(1.2).018143">
          <Name xml:lang="it" xmlns="http://www.sdmx.org/resources/sdmxml/schemas/v2_1/common">Santa Maria della Versa</Name>
          <Name xml:lang="en" xmlns="http://www.sdmx.org/resources/sdmxml/schemas/v2_1/common">Santa Maria della Versa</Name>
          <Parent>
            <Ref id="ITC48" xmlns="" />
          </Parent>
        </Code>
        <Code id="018144" urn="urn:sdmx:org.sdmx.infomodel.codelist.Code=IT1:CL_REFAREA(1.2).018144">
          <Name xml:lang="it" xmlns="http://www.sdmx.org/resources/sdmxml/schemas/v2_1/common">Sant'Angelo Lomellina</Name>
          <Name xml:lang="en" xmlns="http://www.sdmx.org/resources/sdmxml/schemas/v2_1/common">Sant'Angelo Lomellina</Name>
          <Parent>
            <Ref id="ITC48" xmlns="" />
          </Parent>
        </Code>
        <Code id="018145" urn="urn:sdmx:org.sdmx.infomodel.codelist.Code=IT1:CL_REFAREA(1.2).018145">
          <Name xml:lang="it" xmlns="http://www.sdmx.org/resources/sdmxml/schemas/v2_1/common">San Zenone al Po</Name>
          <Name xml:lang="en" xmlns="http://www.sdmx.org/resources/sdmxml/schemas/v2_1/common">San Zenone al Po</Name>
          <Parent>
            <Ref id="ITC48" xmlns="" />
          </Parent>
        </Code>
        <Code id="018146" urn="urn:sdmx:org.sdmx.infomodel.codelist.Code=IT1:CL_REFAREA(1.2).018146">
          <Name xml:lang="it" xmlns="http://www.sdmx.org/resources/sdmxml/schemas/v2_1/common">Sartirana Lomellina</Name>
          <Name xml:lang="en" xmlns="http://www.sdmx.org/resources/sdmxml/schemas/v2_1/common">Sartirana Lomellina</Name>
          <Parent>
            <Ref id="ITC48" xmlns="" />
          </Parent>
        </Code>
        <Code id="018147" urn="urn:sdmx:org.sdmx.infomodel.codelist.Code=IT1:CL_REFAREA(1.2).018147">
          <Name xml:lang="it" xmlns="http://www.sdmx.org/resources/sdmxml/schemas/v2_1/common">Scaldasole</Name>
          <Name xml:lang="en" xmlns="http://www.sdmx.org/resources/sdmxml/schemas/v2_1/common">Scaldasole</Name>
          <Parent>
            <Ref id="ITC48" xmlns="" />
          </Parent>
        </Code>
        <Code id="018148" urn="urn:sdmx:org.sdmx.infomodel.codelist.Code=IT1:CL_REFAREA(1.2).018148">
          <Name xml:lang="it" xmlns="http://www.sdmx.org/resources/sdmxml/schemas/v2_1/common">Semiana</Name>
          <Name xml:lang="en" xmlns="http://www.sdmx.org/resources/sdmxml/schemas/v2_1/common">Semiana</Name>
          <Parent>
            <Ref id="ITC48" xmlns="" />
          </Parent>
        </Code>
        <Code id="018149" urn="urn:sdmx:org.sdmx.infomodel.codelist.Code=IT1:CL_REFAREA(1.2).018149">
          <Name xml:lang="it" xmlns="http://www.sdmx.org/resources/sdmxml/schemas/v2_1/common">Silvano Pietra</Name>
          <Name xml:lang="en" xmlns="http://www.sdmx.org/resources/sdmxml/schemas/v2_1/common">Silvano Pietra</Name>
          <Parent>
            <Ref id="ITC48" xmlns="" />
          </Parent>
        </Code>
        <Code id="018150" urn="urn:sdmx:org.sdmx.infomodel.codelist.Code=IT1:CL_REFAREA(1.2).018150">
          <Name xml:lang="it" xmlns="http://www.sdmx.org/resources/sdmxml/schemas/v2_1/common">Siziano</Name>
          <Name xml:lang="en" xmlns="http://www.sdmx.org/resources/sdmxml/schemas/v2_1/common">Siziano</Name>
          <Parent>
            <Ref id="ITC48" xmlns="" />
          </Parent>
        </Code>
        <Code id="018151" urn="urn:sdmx:org.sdmx.infomodel.codelist.Code=IT1:CL_REFAREA(1.2).018151">
          <Name xml:lang="it" xmlns="http://www.sdmx.org/resources/sdmxml/schemas/v2_1/common">Sommo</Name>
          <Name xml:lang="en" xmlns="http://www.sdmx.org/resources/sdmxml/schemas/v2_1/common">Sommo</Name>
          <Parent>
            <Ref id="ITC48" xmlns="" />
          </Parent>
        </Code>
        <Code id="018152" urn="urn:sdmx:org.sdmx.infomodel.codelist.Code=IT1:CL_REFAREA(1.2).018152">
          <Name xml:lang="it" xmlns="http://www.sdmx.org/resources/sdmxml/schemas/v2_1/common">Spessa</Name>
          <Name xml:lang="en" xmlns="http://www.sdmx.org/resources/sdmxml/schemas/v2_1/common">Spessa</Name>
          <Parent>
            <Ref id="ITC48" xmlns="" />
          </Parent>
        </Code>
        <Code id="018153" urn="urn:sdmx:org.sdmx.infomodel.codelist.Code=IT1:CL_REFAREA(1.2).018153">
          <Name xml:lang="it" xmlns="http://www.sdmx.org/resources/sdmxml/schemas/v2_1/common">Stradella</Name>
          <Name xml:lang="en" xmlns="http://www.sdmx.org/resources/sdmxml/schemas/v2_1/common">Stradella</Name>
          <Parent>
            <Ref id="ITC48" xmlns="" />
          </Parent>
        </Code>
        <Code id="018154" urn="urn:sdmx:org.sdmx.infomodel.codelist.Code=IT1:CL_REFAREA(1.2).018154">
          <Name xml:lang="it" xmlns="http://www.sdmx.org/resources/sdmxml/schemas/v2_1/common">Suardi</Name>
          <Name xml:lang="en" xmlns="http://www.sdmx.org/resources/sdmxml/schemas/v2_1/common">Suardi</Name>
          <Parent>
            <Ref id="ITC48" xmlns="" />
          </Parent>
        </Code>
        <Code id="018155" urn="urn:sdmx:org.sdmx.infomodel.codelist.Code=IT1:CL_REFAREA(1.2).018155">
          <Name xml:lang="it" xmlns="http://www.sdmx.org/resources/sdmxml/schemas/v2_1/common">Torrazza Coste</Name>
          <Name xml:lang="en" xmlns="http://www.sdmx.org/resources/sdmxml/schemas/v2_1/common">Torrazza Coste</Name>
          <Parent>
            <Ref id="ITC48" xmlns="" />
          </Parent>
        </Code>
        <Code id="018156" urn="urn:sdmx:org.sdmx.infomodel.codelist.Code=IT1:CL_REFAREA(1.2).018156">
          <Name xml:lang="it" xmlns="http://www.sdmx.org/resources/sdmxml/schemas/v2_1/common">Torre Beretti e Castellaro</Name>
          <Name xml:lang="en" xmlns="http://www.sdmx.org/resources/sdmxml/schemas/v2_1/common">Torre Beretti e Castellaro</Name>
          <Parent>
            <Ref id="ITC48" xmlns="" />
          </Parent>
        </Code>
        <Code id="018157" urn="urn:sdmx:org.sdmx.infomodel.codelist.Code=IT1:CL_REFAREA(1.2).018157">
          <Name xml:lang="it" xmlns="http://www.sdmx.org/resources/sdmxml/schemas/v2_1/common">Torre d'Arese</Name>
          <Name xml:lang="en" xmlns="http://www.sdmx.org/resources/sdmxml/schemas/v2_1/common">Torre d'Arese</Name>
          <Parent>
            <Ref id="ITC48" xmlns="" />
          </Parent>
        </Code>
        <Code id="018158" urn="urn:sdmx:org.sdmx.infomodel.codelist.Code=IT1:CL_REFAREA(1.2).018158">
          <Name xml:lang="it" xmlns="http://www.sdmx.org/resources/sdmxml/schemas/v2_1/common">Torre de' Negri</Name>
          <Name xml:lang="en" xmlns="http://www.sdmx.org/resources/sdmxml/schemas/v2_1/common">Torre de' Negri</Name>
          <Parent>
            <Ref id="ITC48" xmlns="" />
          </Parent>
        </Code>
        <Code id="018159" urn="urn:sdmx:org.sdmx.infomodel.codelist.Code=IT1:CL_REFAREA(1.2).018159">
          <Name xml:lang="it" xmlns="http://www.sdmx.org/resources/sdmxml/schemas/v2_1/common">Torre d'Isola</Name>
          <Name xml:lang="en" xmlns="http://www.sdmx.org/resources/sdmxml/schemas/v2_1/common">Torre d'Isola</Name>
          <Parent>
            <Ref id="ITC48" xmlns="" />
          </Parent>
        </Code>
        <Code id="018160" urn="urn:sdmx:org.sdmx.infomodel.codelist.Code=IT1:CL_REFAREA(1.2).018160">
          <Name xml:lang="it" xmlns="http://www.sdmx.org/resources/sdmxml/schemas/v2_1/common">Torrevecchia Pia</Name>
          <Name xml:lang="en" xmlns="http://www.sdmx.org/resources/sdmxml/schemas/v2_1/common">Torrevecchia Pia</Name>
          <Parent>
            <Ref id="ITC48" xmlns="" />
          </Parent>
        </Code>
        <Code id="018161" urn="urn:sdmx:org.sdmx.infomodel.codelist.Code=IT1:CL_REFAREA(1.2).018161">
          <Name xml:lang="it" xmlns="http://www.sdmx.org/resources/sdmxml/schemas/v2_1/common">Torricella Verzate</Name>
          <Name xml:lang="en" xmlns="http://www.sdmx.org/resources/sdmxml/schemas/v2_1/common">Torricella Verzate</Name>
          <Parent>
            <Ref id="ITC48" xmlns="" />
          </Parent>
        </Code>
        <Code id="018162" urn="urn:sdmx:org.sdmx.infomodel.codelist.Code=IT1:CL_REFAREA(1.2).018162">
          <Name xml:lang="it" xmlns="http://www.sdmx.org/resources/sdmxml/schemas/v2_1/common">Travacò Siccomario</Name>
          <Name xml:lang="en" xmlns="http://www.sdmx.org/resources/sdmxml/schemas/v2_1/common">Travacò Siccomario</Name>
          <Parent>
            <Ref id="ITC48" xmlns="" />
          </Parent>
        </Code>
        <Code id="018163" urn="urn:sdmx:org.sdmx.infomodel.codelist.Code=IT1:CL_REFAREA(1.2).018163">
          <Name xml:lang="it" xmlns="http://www.sdmx.org/resources/sdmxml/schemas/v2_1/common">Trivolzio</Name>
          <Name xml:lang="en" xmlns="http://www.sdmx.org/resources/sdmxml/schemas/v2_1/common">Trivolzio</Name>
          <Parent>
            <Ref id="ITC48" xmlns="" />
          </Parent>
        </Code>
        <Code id="018164" urn="urn:sdmx:org.sdmx.infomodel.codelist.Code=IT1:CL_REFAREA(1.2).018164">
          <Name xml:lang="it" xmlns="http://www.sdmx.org/resources/sdmxml/schemas/v2_1/common">Tromello</Name>
          <Name xml:lang="en" xmlns="http://www.sdmx.org/resources/sdmxml/schemas/v2_1/common">Tromello</Name>
          <Parent>
            <Ref id="ITC48" xmlns="" />
          </Parent>
        </Code>
        <Code id="018165" urn="urn:sdmx:org.sdmx.infomodel.codelist.Code=IT1:CL_REFAREA(1.2).018165">
          <Name xml:lang="it" xmlns="http://www.sdmx.org/resources/sdmxml/schemas/v2_1/common">Trovo</Name>
          <Name xml:lang="en" xmlns="http://www.sdmx.org/resources/sdmxml/schemas/v2_1/common">Trovo</Name>
          <Parent>
            <Ref id="ITC48" xmlns="" />
          </Parent>
        </Code>
        <Code id="018166" urn="urn:sdmx:org.sdmx.infomodel.codelist.Code=IT1:CL_REFAREA(1.2).018166">
          <Name xml:lang="it" xmlns="http://www.sdmx.org/resources/sdmxml/schemas/v2_1/common">Val di Nizza</Name>
          <Name xml:lang="en" xmlns="http://www.sdmx.org/resources/sdmxml/schemas/v2_1/common">Val di Nizza</Name>
          <Parent>
            <Ref id="ITC48" xmlns="" />
          </Parent>
        </Code>
        <Code id="018167" urn="urn:sdmx:org.sdmx.infomodel.codelist.Code=IT1:CL_REFAREA(1.2).018167">
          <Name xml:lang="it" xmlns="http://www.sdmx.org/resources/sdmxml/schemas/v2_1/common">Valeggio</Name>
          <Name xml:lang="en" xmlns="http://www.sdmx.org/resources/sdmxml/schemas/v2_1/common">Valeggio</Name>
          <Parent>
            <Ref id="ITC48" xmlns="" />
          </Parent>
        </Code>
        <Code id="018168" urn="urn:sdmx:org.sdmx.infomodel.codelist.Code=IT1:CL_REFAREA(1.2).018168">
          <Name xml:lang="it" xmlns="http://www.sdmx.org/resources/sdmxml/schemas/v2_1/common">Valle Lomellina</Name>
          <Name xml:lang="en" xmlns="http://www.sdmx.org/resources/sdmxml/schemas/v2_1/common">Valle Lomellina</Name>
          <Parent>
            <Ref id="ITC48" xmlns="" />
          </Parent>
        </Code>
        <Code id="018169" urn="urn:sdmx:org.sdmx.infomodel.codelist.Code=IT1:CL_REFAREA(1.2).018169">
          <Name xml:lang="it" xmlns="http://www.sdmx.org/resources/sdmxml/schemas/v2_1/common">Valle Salimbene</Name>
          <Name xml:lang="en" xmlns="http://www.sdmx.org/resources/sdmxml/schemas/v2_1/common">Valle Salimbene</Name>
          <Parent>
            <Ref id="ITC48" xmlns="" />
          </Parent>
        </Code>
        <Code id="018170" urn="urn:sdmx:org.sdmx.infomodel.codelist.Code=IT1:CL_REFAREA(1.2).018170">
          <Name xml:lang="it" xmlns="http://www.sdmx.org/resources/sdmxml/schemas/v2_1/common">Valverde</Name>
          <Name xml:lang="en" xmlns="http://www.sdmx.org/resources/sdmxml/schemas/v2_1/common">Valverde</Name>
          <Parent>
            <Ref id="ITC48" xmlns="" />
          </Parent>
        </Code>
        <Code id="018171" urn="urn:sdmx:org.sdmx.infomodel.codelist.Code=IT1:CL_REFAREA(1.2).018171">
          <Name xml:lang="it" xmlns="http://www.sdmx.org/resources/sdmxml/schemas/v2_1/common">Varzi</Name>
          <Name xml:lang="en" xmlns="http://www.sdmx.org/resources/sdmxml/schemas/v2_1/common">Varzi</Name>
          <Parent>
            <Ref id="ITC48" xmlns="" />
          </Parent>
        </Code>
        <Code id="018172" urn="urn:sdmx:org.sdmx.infomodel.codelist.Code=IT1:CL_REFAREA(1.2).018172">
          <Name xml:lang="it" xmlns="http://www.sdmx.org/resources/sdmxml/schemas/v2_1/common">Velezzo Lomellina</Name>
          <Name xml:lang="en" xmlns="http://www.sdmx.org/resources/sdmxml/schemas/v2_1/common">Velezzo Lomellina</Name>
          <Parent>
            <Ref id="ITC48" xmlns="" />
          </Parent>
        </Code>
        <Code id="018173" urn="urn:sdmx:org.sdmx.infomodel.codelist.Code=IT1:CL_REFAREA(1.2).018173">
          <Name xml:lang="it" xmlns="http://www.sdmx.org/resources/sdmxml/schemas/v2_1/common">Vellezzo Bellini</Name>
          <Name xml:lang="en" xmlns="http://www.sdmx.org/resources/sdmxml/schemas/v2_1/common">Vellezzo Bellini</Name>
          <Parent>
            <Ref id="ITC48" xmlns="" />
          </Parent>
        </Code>
        <Code id="018174" urn="urn:sdmx:org.sdmx.infomodel.codelist.Code=IT1:CL_REFAREA(1.2).018174">
          <Name xml:lang="it" xmlns="http://www.sdmx.org/resources/sdmxml/schemas/v2_1/common">Verretto</Name>
          <Name xml:lang="en" xmlns="http://www.sdmx.org/resources/sdmxml/schemas/v2_1/common">Verretto</Name>
          <Parent>
            <Ref id="ITC48" xmlns="" />
          </Parent>
        </Code>
        <Code id="018175" urn="urn:sdmx:org.sdmx.infomodel.codelist.Code=IT1:CL_REFAREA(1.2).018175">
          <Name xml:lang="it" xmlns="http://www.sdmx.org/resources/sdmxml/schemas/v2_1/common">Verrua Po</Name>
          <Name xml:lang="en" xmlns="http://www.sdmx.org/resources/sdmxml/schemas/v2_1/common">Verrua Po</Name>
          <Parent>
            <Ref id="ITC48" xmlns="" />
          </Parent>
        </Code>
        <Code id="018176" urn="urn:sdmx:org.sdmx.infomodel.codelist.Code=IT1:CL_REFAREA(1.2).018176">
          <Name xml:lang="it" xmlns="http://www.sdmx.org/resources/sdmxml/schemas/v2_1/common">Vidigulfo</Name>
          <Name xml:lang="en" xmlns="http://www.sdmx.org/resources/sdmxml/schemas/v2_1/common">Vidigulfo</Name>
          <Parent>
            <Ref id="ITC48" xmlns="" />
          </Parent>
        </Code>
        <Code id="018177" urn="urn:sdmx:org.sdmx.infomodel.codelist.Code=IT1:CL_REFAREA(1.2).018177">
          <Name xml:lang="it" xmlns="http://www.sdmx.org/resources/sdmxml/schemas/v2_1/common">Vigevano</Name>
          <Name xml:lang="en" xmlns="http://www.sdmx.org/resources/sdmxml/schemas/v2_1/common">Vigevano</Name>
          <Parent>
            <Ref id="ITC48" xmlns="" />
          </Parent>
        </Code>
        <Code id="018178" urn="urn:sdmx:org.sdmx.infomodel.codelist.Code=IT1:CL_REFAREA(1.2).018178">
          <Name xml:lang="it" xmlns="http://www.sdmx.org/resources/sdmxml/schemas/v2_1/common">Villa Biscossi</Name>
          <Name xml:lang="en" xmlns="http://www.sdmx.org/resources/sdmxml/schemas/v2_1/common">Villa Biscossi</Name>
          <Parent>
            <Ref id="ITC48" xmlns="" />
          </Parent>
        </Code>
        <Code id="018179" urn="urn:sdmx:org.sdmx.infomodel.codelist.Code=IT1:CL_REFAREA(1.2).018179">
          <Name xml:lang="it" xmlns="http://www.sdmx.org/resources/sdmxml/schemas/v2_1/common">Villanova d'Ardenghi</Name>
          <Name xml:lang="en" xmlns="http://www.sdmx.org/resources/sdmxml/schemas/v2_1/common">Villanova d'Ardenghi</Name>
          <Parent>
            <Ref id="ITC48" xmlns="" />
          </Parent>
        </Code>
        <Code id="018180" urn="urn:sdmx:org.sdmx.infomodel.codelist.Code=IT1:CL_REFAREA(1.2).018180">
          <Name xml:lang="it" xmlns="http://www.sdmx.org/resources/sdmxml/schemas/v2_1/common">Villanterio</Name>
          <Name xml:lang="en" xmlns="http://www.sdmx.org/resources/sdmxml/schemas/v2_1/common">Villanterio</Name>
          <Parent>
            <Ref id="ITC48" xmlns="" />
          </Parent>
        </Code>
        <Code id="018181" urn="urn:sdmx:org.sdmx.infomodel.codelist.Code=IT1:CL_REFAREA(1.2).018181">
          <Name xml:lang="it" xmlns="http://www.sdmx.org/resources/sdmxml/schemas/v2_1/common">Vistarino</Name>
          <Name xml:lang="en" xmlns="http://www.sdmx.org/resources/sdmxml/schemas/v2_1/common">Vistarino</Name>
          <Parent>
            <Ref id="ITC48" xmlns="" />
          </Parent>
        </Code>
        <Code id="018182" urn="urn:sdmx:org.sdmx.infomodel.codelist.Code=IT1:CL_REFAREA(1.2).018182">
          <Name xml:lang="it" xmlns="http://www.sdmx.org/resources/sdmxml/schemas/v2_1/common">Voghera</Name>
          <Name xml:lang="en" xmlns="http://www.sdmx.org/resources/sdmxml/schemas/v2_1/common">Voghera</Name>
          <Parent>
            <Ref id="ITC48" xmlns="" />
          </Parent>
        </Code>
        <Code id="018183" urn="urn:sdmx:org.sdmx.infomodel.codelist.Code=IT1:CL_REFAREA(1.2).018183">
          <Name xml:lang="it" xmlns="http://www.sdmx.org/resources/sdmxml/schemas/v2_1/common">Volpara</Name>
          <Name xml:lang="en" xmlns="http://www.sdmx.org/resources/sdmxml/schemas/v2_1/common">Volpara</Name>
          <Parent>
            <Ref id="ITC48" xmlns="" />
          </Parent>
        </Code>
        <Code id="018184" urn="urn:sdmx:org.sdmx.infomodel.codelist.Code=IT1:CL_REFAREA(1.2).018184">
          <Name xml:lang="it" xmlns="http://www.sdmx.org/resources/sdmxml/schemas/v2_1/common">Zavattarello</Name>
          <Name xml:lang="en" xmlns="http://www.sdmx.org/resources/sdmxml/schemas/v2_1/common">Zavattarello</Name>
          <Parent>
            <Ref id="ITC48" xmlns="" />
          </Parent>
        </Code>
        <Code id="018185" urn="urn:sdmx:org.sdmx.infomodel.codelist.Code=IT1:CL_REFAREA(1.2).018185">
          <Name xml:lang="it" xmlns="http://www.sdmx.org/resources/sdmxml/schemas/v2_1/common">Zeccone</Name>
          <Name xml:lang="en" xmlns="http://www.sdmx.org/resources/sdmxml/schemas/v2_1/common">Zeccone</Name>
          <Parent>
            <Ref id="ITC48" xmlns="" />
          </Parent>
        </Code>
        <Code id="018186" urn="urn:sdmx:org.sdmx.infomodel.codelist.Code=IT1:CL_REFAREA(1.2).018186">
          <Name xml:lang="it" xmlns="http://www.sdmx.org/resources/sdmxml/schemas/v2_1/common">Zeme</Name>
          <Name xml:lang="en" xmlns="http://www.sdmx.org/resources/sdmxml/schemas/v2_1/common">Zeme</Name>
          <Parent>
            <Ref id="ITC48" xmlns="" />
          </Parent>
        </Code>
        <Code id="018187" urn="urn:sdmx:org.sdmx.infomodel.codelist.Code=IT1:CL_REFAREA(1.2).018187">
          <Name xml:lang="it" xmlns="http://www.sdmx.org/resources/sdmxml/schemas/v2_1/common">Zenevredo</Name>
          <Name xml:lang="en" xmlns="http://www.sdmx.org/resources/sdmxml/schemas/v2_1/common">Zenevredo</Name>
          <Parent>
            <Ref id="ITC48" xmlns="" />
          </Parent>
        </Code>
        <Code id="018188" urn="urn:sdmx:org.sdmx.infomodel.codelist.Code=IT1:CL_REFAREA(1.2).018188">
          <Name xml:lang="it" xmlns="http://www.sdmx.org/resources/sdmxml/schemas/v2_1/common">Zerbo</Name>
          <Name xml:lang="en" xmlns="http://www.sdmx.org/resources/sdmxml/schemas/v2_1/common">Zerbo</Name>
          <Parent>
            <Ref id="ITC48" xmlns="" />
          </Parent>
        </Code>
        <Code id="018189" urn="urn:sdmx:org.sdmx.infomodel.codelist.Code=IT1:CL_REFAREA(1.2).018189">
          <Name xml:lang="it" xmlns="http://www.sdmx.org/resources/sdmxml/schemas/v2_1/common">Zerbolò</Name>
          <Name xml:lang="en" xmlns="http://www.sdmx.org/resources/sdmxml/schemas/v2_1/common">Zerbolò</Name>
          <Parent>
            <Ref id="ITC48" xmlns="" />
          </Parent>
        </Code>
        <Code id="018190" urn="urn:sdmx:org.sdmx.infomodel.codelist.Code=IT1:CL_REFAREA(1.2).018190">
          <Name xml:lang="it" xmlns="http://www.sdmx.org/resources/sdmxml/schemas/v2_1/common">Zinasco</Name>
          <Name xml:lang="en" xmlns="http://www.sdmx.org/resources/sdmxml/schemas/v2_1/common">Zinasco</Name>
          <Parent>
            <Ref id="ITC48" xmlns="" />
          </Parent>
        </Code>
        <Code id="019001" urn="urn:sdmx:org.sdmx.infomodel.codelist.Code=IT1:CL_REFAREA(1.2).019001">
          <Name xml:lang="it" xmlns="http://www.sdmx.org/resources/sdmxml/schemas/v2_1/common">Acquanegra Cremonese</Name>
          <Name xml:lang="en" xmlns="http://www.sdmx.org/resources/sdmxml/schemas/v2_1/common">Acquanegra Cremonese</Name>
          <Parent>
            <Ref id="ITC4A" xmlns="" />
          </Parent>
        </Code>
        <Code id="019002" urn="urn:sdmx:org.sdmx.infomodel.codelist.Code=IT1:CL_REFAREA(1.2).019002">
          <Name xml:lang="it" xmlns="http://www.sdmx.org/resources/sdmxml/schemas/v2_1/common">Agnadello</Name>
          <Name xml:lang="en" xmlns="http://www.sdmx.org/resources/sdmxml/schemas/v2_1/common">Agnadello</Name>
          <Parent>
            <Ref id="ITC4A" xmlns="" />
          </Parent>
        </Code>
        <Code id="019003" urn="urn:sdmx:org.sdmx.infomodel.codelist.Code=IT1:CL_REFAREA(1.2).019003">
          <Name xml:lang="it" xmlns="http://www.sdmx.org/resources/sdmxml/schemas/v2_1/common">Annicco</Name>
          <Name xml:lang="en" xmlns="http://www.sdmx.org/resources/sdmxml/schemas/v2_1/common">Annicco</Name>
          <Parent>
            <Ref id="ITC4A" xmlns="" />
          </Parent>
        </Code>
        <Code id="019004" urn="urn:sdmx:org.sdmx.infomodel.codelist.Code=IT1:CL_REFAREA(1.2).019004">
          <Name xml:lang="it" xmlns="http://www.sdmx.org/resources/sdmxml/schemas/v2_1/common">Azzanello</Name>
          <Name xml:lang="en" xmlns="http://www.sdmx.org/resources/sdmxml/schemas/v2_1/common">Azzanello</Name>
          <Parent>
            <Ref id="ITC4A" xmlns="" />
          </Parent>
        </Code>
        <Code id="019005" urn="urn:sdmx:org.sdmx.infomodel.codelist.Code=IT1:CL_REFAREA(1.2).019005">
          <Name xml:lang="it" xmlns="http://www.sdmx.org/resources/sdmxml/schemas/v2_1/common">Bagnolo Cremasco</Name>
          <Name xml:lang="en" xmlns="http://www.sdmx.org/resources/sdmxml/schemas/v2_1/common">Bagnolo Cremasco</Name>
          <Parent>
            <Ref id="ITC4A" xmlns="" />
          </Parent>
        </Code>
        <Code id="019006" urn="urn:sdmx:org.sdmx.infomodel.codelist.Code=IT1:CL_REFAREA(1.2).019006">
          <Name xml:lang="it" xmlns="http://www.sdmx.org/resources/sdmxml/schemas/v2_1/common">Bonemerse</Name>
          <Name xml:lang="en" xmlns="http://www.sdmx.org/resources/sdmxml/schemas/v2_1/common">Bonemerse</Name>
          <Parent>
            <Ref id="ITC4A" xmlns="" />
          </Parent>
        </Code>
        <Code id="019007" urn="urn:sdmx:org.sdmx.infomodel.codelist.Code=IT1:CL_REFAREA(1.2).019007">
          <Name xml:lang="it" xmlns="http://www.sdmx.org/resources/sdmxml/schemas/v2_1/common">Bordolano</Name>
          <Name xml:lang="en" xmlns="http://www.sdmx.org/resources/sdmxml/schemas/v2_1/common">Bordolano</Name>
          <Parent>
            <Ref id="ITC4A" xmlns="" />
          </Parent>
        </Code>
        <Code id="019008" urn="urn:sdmx:org.sdmx.infomodel.codelist.Code=IT1:CL_REFAREA(1.2).019008">
          <Name xml:lang="it" xmlns="http://www.sdmx.org/resources/sdmxml/schemas/v2_1/common">Ca' d'Andrea</Name>
          <Name xml:lang="en" xmlns="http://www.sdmx.org/resources/sdmxml/schemas/v2_1/common">Ca' d'Andrea</Name>
          <Parent>
            <Ref id="ITC4A" xmlns="" />
          </Parent>
        </Code>
        <Code id="019009" urn="urn:sdmx:org.sdmx.infomodel.codelist.Code=IT1:CL_REFAREA(1.2).019009">
          <Name xml:lang="it" xmlns="http://www.sdmx.org/resources/sdmxml/schemas/v2_1/common">Calvatone</Name>
          <Name xml:lang="en" xmlns="http://www.sdmx.org/resources/sdmxml/schemas/v2_1/common">Calvatone</Name>
          <Parent>
            <Ref id="ITC4A" xmlns="" />
          </Parent>
        </Code>
        <Code id="019010" urn="urn:sdmx:org.sdmx.infomodel.codelist.Code=IT1:CL_REFAREA(1.2).019010">
          <Name xml:lang="it" xmlns="http://www.sdmx.org/resources/sdmxml/schemas/v2_1/common">Camisano</Name>
          <Name xml:lang="en" xmlns="http://www.sdmx.org/resources/sdmxml/schemas/v2_1/common">Camisano</Name>
          <Parent>
            <Ref id="ITC4A" xmlns="" />
          </Parent>
        </Code>
        <Code id="019011" urn="urn:sdmx:org.sdmx.infomodel.codelist.Code=IT1:CL_REFAREA(1.2).019011">
          <Name xml:lang="it" xmlns="http://www.sdmx.org/resources/sdmxml/schemas/v2_1/common">Campagnola Cremasca</Name>
          <Name xml:lang="en" xmlns="http://www.sdmx.org/resources/sdmxml/schemas/v2_1/common">Campagnola Cremasca</Name>
          <Parent>
            <Ref id="ITC4A" xmlns="" />
          </Parent>
        </Code>
        <Code id="019012" urn="urn:sdmx:org.sdmx.infomodel.codelist.Code=IT1:CL_REFAREA(1.2).019012">
          <Name xml:lang="it" xmlns="http://www.sdmx.org/resources/sdmxml/schemas/v2_1/common">Capergnanica</Name>
          <Name xml:lang="en" xmlns="http://www.sdmx.org/resources/sdmxml/schemas/v2_1/common">Capergnanica</Name>
          <Parent>
            <Ref id="ITC4A" xmlns="" />
          </Parent>
        </Code>
        <Code id="019013" urn="urn:sdmx:org.sdmx.infomodel.codelist.Code=IT1:CL_REFAREA(1.2).019013">
          <Name xml:lang="it" xmlns="http://www.sdmx.org/resources/sdmxml/schemas/v2_1/common">Cappella Cantone</Name>
          <Name xml:lang="en" xmlns="http://www.sdmx.org/resources/sdmxml/schemas/v2_1/common">Cappella Cantone</Name>
          <Parent>
            <Ref id="ITC4A" xmlns="" />
          </Parent>
        </Code>
        <Code id="019014" urn="urn:sdmx:org.sdmx.infomodel.codelist.Code=IT1:CL_REFAREA(1.2).019014">
          <Name xml:lang="it" xmlns="http://www.sdmx.org/resources/sdmxml/schemas/v2_1/common">Cappella de' Picenardi</Name>
          <Name xml:lang="en" xmlns="http://www.sdmx.org/resources/sdmxml/schemas/v2_1/common">Cappella de' Picenardi</Name>
          <Parent>
            <Ref id="ITC4A" xmlns="" />
          </Parent>
        </Code>
        <Code id="019015" urn="urn:sdmx:org.sdmx.infomodel.codelist.Code=IT1:CL_REFAREA(1.2).019015">
          <Name xml:lang="it" xmlns="http://www.sdmx.org/resources/sdmxml/schemas/v2_1/common">Capralba</Name>
          <Name xml:lang="en" xmlns="http://www.sdmx.org/resources/sdmxml/schemas/v2_1/common">Capralba</Name>
          <Parent>
            <Ref id="ITC4A" xmlns="" />
          </Parent>
        </Code>
        <Code id="019016" urn="urn:sdmx:org.sdmx.infomodel.codelist.Code=IT1:CL_REFAREA(1.2).019016">
          <Name xml:lang="it" xmlns="http://www.sdmx.org/resources/sdmxml/schemas/v2_1/common">Casalbuttano ed Uniti</Name>
          <Name xml:lang="en" xmlns="http://www.sdmx.org/resources/sdmxml/schemas/v2_1/common">Casalbuttano ed Uniti</Name>
          <Parent>
            <Ref id="ITC4A" xmlns="" />
          </Parent>
        </Code>
        <Code id="019017" urn="urn:sdmx:org.sdmx.infomodel.codelist.Code=IT1:CL_REFAREA(1.2).019017">
          <Name xml:lang="it" xmlns="http://www.sdmx.org/resources/sdmxml/schemas/v2_1/common">Casale Cremasco-Vidolasco</Name>
          <Name xml:lang="en" xmlns="http://www.sdmx.org/resources/sdmxml/schemas/v2_1/common">Casale Cremasco-Vidolasco</Name>
          <Parent>
            <Ref id="ITC4A" xmlns="" />
          </Parent>
        </Code>
        <Code id="019018" urn="urn:sdmx:org.sdmx.infomodel.codelist.Code=IT1:CL_REFAREA(1.2).019018">
          <Name xml:lang="it" xmlns="http://www.sdmx.org/resources/sdmxml/schemas/v2_1/common">Casaletto Ceredano</Name>
          <Name xml:lang="en" xmlns="http://www.sdmx.org/resources/sdmxml/schemas/v2_1/common">Casaletto Ceredano</Name>
          <Parent>
            <Ref id="ITC4A" xmlns="" />
          </Parent>
        </Code>
        <Code id="019019" urn="urn:sdmx:org.sdmx.infomodel.codelist.Code=IT1:CL_REFAREA(1.2).019019">
          <Name xml:lang="it" xmlns="http://www.sdmx.org/resources/sdmxml/schemas/v2_1/common">Casaletto di Sopra</Name>
          <Name xml:lang="en" xmlns="http://www.sdmx.org/resources/sdmxml/schemas/v2_1/common">Casaletto di Sopra</Name>
          <Parent>
            <Ref id="ITC4A" xmlns="" />
          </Parent>
        </Code>
        <Code id="019020" urn="urn:sdmx:org.sdmx.infomodel.codelist.Code=IT1:CL_REFAREA(1.2).019020">
          <Name xml:lang="it" xmlns="http://www.sdmx.org/resources/sdmxml/schemas/v2_1/common">Casaletto Vaprio</Name>
          <Name xml:lang="en" xmlns="http://www.sdmx.org/resources/sdmxml/schemas/v2_1/common">Casaletto Vaprio</Name>
          <Parent>
            <Ref id="ITC4A" xmlns="" />
          </Parent>
        </Code>
        <Code id="019021" urn="urn:sdmx:org.sdmx.infomodel.codelist.Code=IT1:CL_REFAREA(1.2).019021">
          <Name xml:lang="it" xmlns="http://www.sdmx.org/resources/sdmxml/schemas/v2_1/common">Casalmaggiore</Name>
          <Name xml:lang="en" xmlns="http://www.sdmx.org/resources/sdmxml/schemas/v2_1/common">Casalmaggiore</Name>
          <Parent>
            <Ref id="ITC4A" xmlns="" />
          </Parent>
        </Code>
        <Code id="019022" urn="urn:sdmx:org.sdmx.infomodel.codelist.Code=IT1:CL_REFAREA(1.2).019022">
          <Name xml:lang="it" xmlns="http://www.sdmx.org/resources/sdmxml/schemas/v2_1/common">Casalmorano</Name>
          <Name xml:lang="en" xmlns="http://www.sdmx.org/resources/sdmxml/schemas/v2_1/common">Casalmorano</Name>
          <Parent>
            <Ref id="ITC4A" xmlns="" />
          </Parent>
        </Code>
        <Code id="019023" urn="urn:sdmx:org.sdmx.infomodel.codelist.Code=IT1:CL_REFAREA(1.2).019023">
          <Name xml:lang="it" xmlns="http://www.sdmx.org/resources/sdmxml/schemas/v2_1/common">Casteldidone</Name>
          <Name xml:lang="en" xmlns="http://www.sdmx.org/resources/sdmxml/schemas/v2_1/common">Casteldidone</Name>
          <Parent>
            <Ref id="ITC4A" xmlns="" />
          </Parent>
        </Code>
        <Code id="019024" urn="urn:sdmx:org.sdmx.infomodel.codelist.Code=IT1:CL_REFAREA(1.2).019024">
          <Name xml:lang="it" xmlns="http://www.sdmx.org/resources/sdmxml/schemas/v2_1/common">Castel Gabbiano</Name>
          <Name xml:lang="en" xmlns="http://www.sdmx.org/resources/sdmxml/schemas/v2_1/common">Castel Gabbiano</Name>
          <Parent>
            <Ref id="ITC4A" xmlns="" />
          </Parent>
        </Code>
        <Code id="019025" urn="urn:sdmx:org.sdmx.infomodel.codelist.Code=IT1:CL_REFAREA(1.2).019025">
          <Name xml:lang="it" xmlns="http://www.sdmx.org/resources/sdmxml/schemas/v2_1/common">Castelleone</Name>
          <Name xml:lang="en" xmlns="http://www.sdmx.org/resources/sdmxml/schemas/v2_1/common">Castelleone</Name>
          <Parent>
            <Ref id="ITC4A" xmlns="" />
          </Parent>
        </Code>
        <Code id="019026" urn="urn:sdmx:org.sdmx.infomodel.codelist.Code=IT1:CL_REFAREA(1.2).019026">
          <Name xml:lang="it" xmlns="http://www.sdmx.org/resources/sdmxml/schemas/v2_1/common">Castelverde</Name>
          <Name xml:lang="en" xmlns="http://www.sdmx.org/resources/sdmxml/schemas/v2_1/common">Castelverde</Name>
          <Parent>
            <Ref id="ITC4A" xmlns="" />
          </Parent>
        </Code>
        <Code id="019027" urn="urn:sdmx:org.sdmx.infomodel.codelist.Code=IT1:CL_REFAREA(1.2).019027">
          <Name xml:lang="it" xmlns="http://www.sdmx.org/resources/sdmxml/schemas/v2_1/common">Castelvisconti</Name>
          <Name xml:lang="en" xmlns="http://www.sdmx.org/resources/sdmxml/schemas/v2_1/common">Castelvisconti</Name>
          <Parent>
            <Ref id="ITC4A" xmlns="" />
          </Parent>
        </Code>
        <Code id="019028" urn="urn:sdmx:org.sdmx.infomodel.codelist.Code=IT1:CL_REFAREA(1.2).019028">
          <Name xml:lang="it" xmlns="http://www.sdmx.org/resources/sdmxml/schemas/v2_1/common">Cella Dati</Name>
          <Name xml:lang="en" xmlns="http://www.sdmx.org/resources/sdmxml/schemas/v2_1/common">Cella Dati</Name>
          <Parent>
            <Ref id="ITC4A" xmlns="" />
          </Parent>
        </Code>
        <Code id="019029" urn="urn:sdmx:org.sdmx.infomodel.codelist.Code=IT1:CL_REFAREA(1.2).019029">
          <Name xml:lang="it" xmlns="http://www.sdmx.org/resources/sdmxml/schemas/v2_1/common">Chieve</Name>
          <Name xml:lang="en" xmlns="http://www.sdmx.org/resources/sdmxml/schemas/v2_1/common">Chieve</Name>
          <Parent>
            <Ref id="ITC4A" xmlns="" />
          </Parent>
        </Code>
        <Code id="019030" urn="urn:sdmx:org.sdmx.infomodel.codelist.Code=IT1:CL_REFAREA(1.2).019030">
          <Name xml:lang="it" xmlns="http://www.sdmx.org/resources/sdmxml/schemas/v2_1/common">Cicognolo</Name>
          <Name xml:lang="en" xmlns="http://www.sdmx.org/resources/sdmxml/schemas/v2_1/common">Cicognolo</Name>
          <Parent>
            <Ref id="ITC4A" xmlns="" />
          </Parent>
        </Code>
        <Code id="019031" urn="urn:sdmx:org.sdmx.infomodel.codelist.Code=IT1:CL_REFAREA(1.2).019031">
          <Name xml:lang="it" xmlns="http://www.sdmx.org/resources/sdmxml/schemas/v2_1/common">Cingia de' Botti</Name>
          <Name xml:lang="en" xmlns="http://www.sdmx.org/resources/sdmxml/schemas/v2_1/common">Cingia de' Botti</Name>
          <Parent>
            <Ref id="ITC4A" xmlns="" />
          </Parent>
        </Code>
        <Code id="019032" urn="urn:sdmx:org.sdmx.infomodel.codelist.Code=IT1:CL_REFAREA(1.2).019032">
          <Name xml:lang="it" xmlns="http://www.sdmx.org/resources/sdmxml/schemas/v2_1/common">Corte de' Cortesi con Cignone</Name>
          <Name xml:lang="en" xmlns="http://www.sdmx.org/resources/sdmxml/schemas/v2_1/common">Corte de' Cortesi con Cignone</Name>
          <Parent>
            <Ref id="ITC4A" xmlns="" />
          </Parent>
        </Code>
        <Code id="019033" urn="urn:sdmx:org.sdmx.infomodel.codelist.Code=IT1:CL_REFAREA(1.2).019033">
          <Name xml:lang="it" xmlns="http://www.sdmx.org/resources/sdmxml/schemas/v2_1/common">Corte de' Frati</Name>
          <Name xml:lang="en" xmlns="http://www.sdmx.org/resources/sdmxml/schemas/v2_1/common">Corte de' Frati</Name>
          <Parent>
            <Ref id="ITC4A" xmlns="" />
          </Parent>
        </Code>
        <Code id="019034" urn="urn:sdmx:org.sdmx.infomodel.codelist.Code=IT1:CL_REFAREA(1.2).019034">
          <Name xml:lang="it" xmlns="http://www.sdmx.org/resources/sdmxml/schemas/v2_1/common">Credera Rubbiano</Name>
          <Name xml:lang="en" xmlns="http://www.sdmx.org/resources/sdmxml/schemas/v2_1/common">Credera Rubbiano</Name>
          <Parent>
            <Ref id="ITC4A" xmlns="" />
          </Parent>
        </Code>
        <Code id="019035" urn="urn:sdmx:org.sdmx.infomodel.codelist.Code=IT1:CL_REFAREA(1.2).019035">
          <Name xml:lang="it" xmlns="http://www.sdmx.org/resources/sdmxml/schemas/v2_1/common">Crema</Name>
          <Name xml:lang="en" xmlns="http://www.sdmx.org/resources/sdmxml/schemas/v2_1/common">Crema</Name>
          <Parent>
            <Ref id="ITC4A" xmlns="" />
          </Parent>
        </Code>
        <Code id="019036" urn="urn:sdmx:org.sdmx.infomodel.codelist.Code=IT1:CL_REFAREA(1.2).019036">
          <Name xml:lang="it" xmlns="http://www.sdmx.org/resources/sdmxml/schemas/v2_1/common">Cremona</Name>
          <Name xml:lang="en" xmlns="http://www.sdmx.org/resources/sdmxml/schemas/v2_1/common">Cremona</Name>
          <Parent>
            <Ref id="ITC4A" xmlns="" />
          </Parent>
        </Code>
        <Code id="019037" urn="urn:sdmx:org.sdmx.infomodel.codelist.Code=IT1:CL_REFAREA(1.2).019037">
          <Name xml:lang="it" xmlns="http://www.sdmx.org/resources/sdmxml/schemas/v2_1/common">Cremosano</Name>
          <Name xml:lang="en" xmlns="http://www.sdmx.org/resources/sdmxml/schemas/v2_1/common">Cremosano</Name>
          <Parent>
            <Ref id="ITC4A" xmlns="" />
          </Parent>
        </Code>
        <Code id="019038" urn="urn:sdmx:org.sdmx.infomodel.codelist.Code=IT1:CL_REFAREA(1.2).019038">
          <Name xml:lang="it" xmlns="http://www.sdmx.org/resources/sdmxml/schemas/v2_1/common">Crotta d'Adda</Name>
          <Name xml:lang="en" xmlns="http://www.sdmx.org/resources/sdmxml/schemas/v2_1/common">Crotta d'Adda</Name>
          <Parent>
            <Ref id="ITC4A" xmlns="" />
          </Parent>
        </Code>
        <Code id="019039" urn="urn:sdmx:org.sdmx.infomodel.codelist.Code=IT1:CL_REFAREA(1.2).019039">
          <Name xml:lang="it" xmlns="http://www.sdmx.org/resources/sdmxml/schemas/v2_1/common">Cumignano sul Naviglio</Name>
          <Name xml:lang="en" xmlns="http://www.sdmx.org/resources/sdmxml/schemas/v2_1/common">Cumignano sul Naviglio</Name>
          <Parent>
            <Ref id="ITC4A" xmlns="" />
          </Parent>
        </Code>
        <Code id="019040" urn="urn:sdmx:org.sdmx.infomodel.codelist.Code=IT1:CL_REFAREA(1.2).019040">
          <Name xml:lang="it" xmlns="http://www.sdmx.org/resources/sdmxml/schemas/v2_1/common">Derovere</Name>
          <Name xml:lang="en" xmlns="http://www.sdmx.org/resources/sdmxml/schemas/v2_1/common">Derovere</Name>
          <Parent>
            <Ref id="ITC4A" xmlns="" />
          </Parent>
        </Code>
        <Code id="019041" urn="urn:sdmx:org.sdmx.infomodel.codelist.Code=IT1:CL_REFAREA(1.2).019041">
          <Name xml:lang="it" xmlns="http://www.sdmx.org/resources/sdmxml/schemas/v2_1/common">Dovera</Name>
          <Name xml:lang="en" xmlns="http://www.sdmx.org/resources/sdmxml/schemas/v2_1/common">Dovera</Name>
          <Parent>
            <Ref id="ITC4A" xmlns="" />
          </Parent>
        </Code>
        <Code id="019042" urn="urn:sdmx:org.sdmx.infomodel.codelist.Code=IT1:CL_REFAREA(1.2).019042">
          <Name xml:lang="it" xmlns="http://www.sdmx.org/resources/sdmxml/schemas/v2_1/common">Drizzona</Name>
          <Name xml:lang="en" xmlns="http://www.sdmx.org/resources/sdmxml/schemas/v2_1/common">Drizzona</Name>
          <Parent>
            <Ref id="ITC4A" xmlns="" />
          </Parent>
        </Code>
        <Code id="019043" urn="urn:sdmx:org.sdmx.infomodel.codelist.Code=IT1:CL_REFAREA(1.2).019043">
          <Name xml:lang="it" xmlns="http://www.sdmx.org/resources/sdmxml/schemas/v2_1/common">Fiesco</Name>
          <Name xml:lang="en" xmlns="http://www.sdmx.org/resources/sdmxml/schemas/v2_1/common">Fiesco</Name>
          <Parent>
            <Ref id="ITC4A" xmlns="" />
          </Parent>
        </Code>
        <Code id="019044" urn="urn:sdmx:org.sdmx.infomodel.codelist.Code=IT1:CL_REFAREA(1.2).019044">
          <Name xml:lang="it" xmlns="http://www.sdmx.org/resources/sdmxml/schemas/v2_1/common">Formigara</Name>
          <Name xml:lang="en" xmlns="http://www.sdmx.org/resources/sdmxml/schemas/v2_1/common">Formigara</Name>
          <Parent>
            <Ref id="ITC4A" xmlns="" />
          </Parent>
        </Code>
        <Code id="019045" urn="urn:sdmx:org.sdmx.infomodel.codelist.Code=IT1:CL_REFAREA(1.2).019045">
          <Name xml:lang="it" xmlns="http://www.sdmx.org/resources/sdmxml/schemas/v2_1/common">Gabbioneta-Binanuova</Name>
          <Name xml:lang="en" xmlns="http://www.sdmx.org/resources/sdmxml/schemas/v2_1/common">Gabbioneta-Binanuova</Name>
          <Parent>
            <Ref id="ITC4A" xmlns="" />
          </Parent>
        </Code>
        <Code id="019046" urn="urn:sdmx:org.sdmx.infomodel.codelist.Code=IT1:CL_REFAREA(1.2).019046">
          <Name xml:lang="it" xmlns="http://www.sdmx.org/resources/sdmxml/schemas/v2_1/common">Gadesco-Pieve Delmona</Name>
          <Name xml:lang="en" xmlns="http://www.sdmx.org/resources/sdmxml/schemas/v2_1/common">Gadesco-Pieve Delmona</Name>
          <Parent>
            <Ref id="ITC4A" xmlns="" />
          </Parent>
        </Code>
        <Code id="019047" urn="urn:sdmx:org.sdmx.infomodel.codelist.Code=IT1:CL_REFAREA(1.2).019047">
          <Name xml:lang="it" xmlns="http://www.sdmx.org/resources/sdmxml/schemas/v2_1/common">Genivolta</Name>
          <Name xml:lang="en" xmlns="http://www.sdmx.org/resources/sdmxml/schemas/v2_1/common">Genivolta</Name>
          <Parent>
            <Ref id="ITC4A" xmlns="" />
          </Parent>
        </Code>
        <Code id="019048" urn="urn:sdmx:org.sdmx.infomodel.codelist.Code=IT1:CL_REFAREA(1.2).019048">
          <Name xml:lang="it" xmlns="http://www.sdmx.org/resources/sdmxml/schemas/v2_1/common">Gerre de' Caprioli</Name>
          <Name xml:lang="en" xmlns="http://www.sdmx.org/resources/sdmxml/schemas/v2_1/common">Gerre de' Caprioli</Name>
          <Parent>
            <Ref id="ITC4A" xmlns="" />
          </Parent>
        </Code>
        <Code id="019049" urn="urn:sdmx:org.sdmx.infomodel.codelist.Code=IT1:CL_REFAREA(1.2).019049">
          <Name xml:lang="it" xmlns="http://www.sdmx.org/resources/sdmxml/schemas/v2_1/common">Gombito</Name>
          <Name xml:lang="en" xmlns="http://www.sdmx.org/resources/sdmxml/schemas/v2_1/common">Gombito</Name>
          <Parent>
            <Ref id="ITC4A" xmlns="" />
          </Parent>
        </Code>
        <Code id="019050" urn="urn:sdmx:org.sdmx.infomodel.codelist.Code=IT1:CL_REFAREA(1.2).019050">
          <Name xml:lang="it" xmlns="http://www.sdmx.org/resources/sdmxml/schemas/v2_1/common">Grontardo</Name>
          <Name xml:lang="en" xmlns="http://www.sdmx.org/resources/sdmxml/schemas/v2_1/common">Grontardo</Name>
          <Parent>
            <Ref id="ITC4A" xmlns="" />
          </Parent>
        </Code>
        <Code id="019051" urn="urn:sdmx:org.sdmx.infomodel.codelist.Code=IT1:CL_REFAREA(1.2).019051">
          <Name xml:lang="it" xmlns="http://www.sdmx.org/resources/sdmxml/schemas/v2_1/common">Grumello Cremonese ed Uniti</Name>
          <Name xml:lang="en" xmlns="http://www.sdmx.org/resources/sdmxml/schemas/v2_1/common">Grumello Cremonese ed Uniti</Name>
          <Parent>
            <Ref id="ITC4A" xmlns="" />
          </Parent>
        </Code>
        <Code id="019052" urn="urn:sdmx:org.sdmx.infomodel.codelist.Code=IT1:CL_REFAREA(1.2).019052">
          <Name xml:lang="it" xmlns="http://www.sdmx.org/resources/sdmxml/schemas/v2_1/common">Gussola</Name>
          <Name xml:lang="en" xmlns="http://www.sdmx.org/resources/sdmxml/schemas/v2_1/common">Gussola</Name>
          <Parent>
            <Ref id="ITC4A" xmlns="" />
          </Parent>
        </Code>
        <Code id="019053" urn="urn:sdmx:org.sdmx.infomodel.codelist.Code=IT1:CL_REFAREA(1.2).019053">
          <Name xml:lang="it" xmlns="http://www.sdmx.org/resources/sdmxml/schemas/v2_1/common">Isola Dovarese</Name>
          <Name xml:lang="en" xmlns="http://www.sdmx.org/resources/sdmxml/schemas/v2_1/common">Isola Dovarese</Name>
          <Parent>
            <Ref id="ITC4A" xmlns="" />
          </Parent>
        </Code>
        <Code id="019054" urn="urn:sdmx:org.sdmx.infomodel.codelist.Code=IT1:CL_REFAREA(1.2).019054">
          <Name xml:lang="it" xmlns="http://www.sdmx.org/resources/sdmxml/schemas/v2_1/common">Izano</Name>
          <Name xml:lang="en" xmlns="http://www.sdmx.org/resources/sdmxml/schemas/v2_1/common">Izano</Name>
          <Parent>
            <Ref id="ITC4A" xmlns="" />
          </Parent>
        </Code>
        <Code id="019055" urn="urn:sdmx:org.sdmx.infomodel.codelist.Code=IT1:CL_REFAREA(1.2).019055">
          <Name xml:lang="it" xmlns="http://www.sdmx.org/resources/sdmxml/schemas/v2_1/common">Madignano</Name>
          <Name xml:lang="en" xmlns="http://www.sdmx.org/resources/sdmxml/schemas/v2_1/common">Madignano</Name>
          <Parent>
            <Ref id="ITC4A" xmlns="" />
          </Parent>
        </Code>
        <Code id="019056" urn="urn:sdmx:org.sdmx.infomodel.codelist.Code=IT1:CL_REFAREA(1.2).019056">
          <Name xml:lang="it" xmlns="http://www.sdmx.org/resources/sdmxml/schemas/v2_1/common">Malagnino</Name>
          <Name xml:lang="en" xmlns="http://www.sdmx.org/resources/sdmxml/schemas/v2_1/common">Malagnino</Name>
          <Parent>
            <Ref id="ITC4A" xmlns="" />
          </Parent>
        </Code>
        <Code id="019057" urn="urn:sdmx:org.sdmx.infomodel.codelist.Code=IT1:CL_REFAREA(1.2).019057">
          <Name xml:lang="it" xmlns="http://www.sdmx.org/resources/sdmxml/schemas/v2_1/common">Martignana di Po</Name>
          <Name xml:lang="en" xmlns="http://www.sdmx.org/resources/sdmxml/schemas/v2_1/common">Martignana di Po</Name>
          <Parent>
            <Ref id="ITC4A" xmlns="" />
          </Parent>
        </Code>
        <Code id="019058" urn="urn:sdmx:org.sdmx.infomodel.codelist.Code=IT1:CL_REFAREA(1.2).019058">
          <Name xml:lang="it" xmlns="http://www.sdmx.org/resources/sdmxml/schemas/v2_1/common">Monte Cremasco</Name>
          <Name xml:lang="en" xmlns="http://www.sdmx.org/resources/sdmxml/schemas/v2_1/common">Monte Cremasco</Name>
          <Parent>
            <Ref id="ITC4A" xmlns="" />
          </Parent>
        </Code>
        <Code id="019059" urn="urn:sdmx:org.sdmx.infomodel.codelist.Code=IT1:CL_REFAREA(1.2).019059">
          <Name xml:lang="it" xmlns="http://www.sdmx.org/resources/sdmxml/schemas/v2_1/common">Montodine</Name>
          <Name xml:lang="en" xmlns="http://www.sdmx.org/resources/sdmxml/schemas/v2_1/common">Montodine</Name>
          <Parent>
            <Ref id="ITC4A" xmlns="" />
          </Parent>
        </Code>
        <Code id="019060" urn="urn:sdmx:org.sdmx.infomodel.codelist.Code=IT1:CL_REFAREA(1.2).019060">
          <Name xml:lang="it" xmlns="http://www.sdmx.org/resources/sdmxml/schemas/v2_1/common">Moscazzano</Name>
          <Name xml:lang="en" xmlns="http://www.sdmx.org/resources/sdmxml/schemas/v2_1/common">Moscazzano</Name>
          <Parent>
            <Ref id="ITC4A" xmlns="" />
          </Parent>
        </Code>
        <Code id="019061" urn="urn:sdmx:org.sdmx.infomodel.codelist.Code=IT1:CL_REFAREA(1.2).019061">
          <Name xml:lang="it" xmlns="http://www.sdmx.org/resources/sdmxml/schemas/v2_1/common">Motta Baluffi</Name>
          <Name xml:lang="en" xmlns="http://www.sdmx.org/resources/sdmxml/schemas/v2_1/common">Motta Baluffi</Name>
          <Parent>
            <Ref id="ITC4A" xmlns="" />
          </Parent>
        </Code>
        <Code id="019062" urn="urn:sdmx:org.sdmx.infomodel.codelist.Code=IT1:CL_REFAREA(1.2).019062">
          <Name xml:lang="it" xmlns="http://www.sdmx.org/resources/sdmxml/schemas/v2_1/common">Offanengo</Name>
          <Name xml:lang="en" xmlns="http://www.sdmx.org/resources/sdmxml/schemas/v2_1/common">Offanengo</Name>
          <Parent>
            <Ref id="ITC4A" xmlns="" />
          </Parent>
        </Code>
        <Code id="019063" urn="urn:sdmx:org.sdmx.infomodel.codelist.Code=IT1:CL_REFAREA(1.2).019063">
          <Name xml:lang="it" xmlns="http://www.sdmx.org/resources/sdmxml/schemas/v2_1/common">Olmeneta</Name>
          <Name xml:lang="en" xmlns="http://www.sdmx.org/resources/sdmxml/schemas/v2_1/common">Olmeneta</Name>
          <Parent>
            <Ref id="ITC4A" xmlns="" />
          </Parent>
        </Code>
        <Code id="019064" urn="urn:sdmx:org.sdmx.infomodel.codelist.Code=IT1:CL_REFAREA(1.2).019064">
          <Name xml:lang="it" xmlns="http://www.sdmx.org/resources/sdmxml/schemas/v2_1/common">Ostiano</Name>
          <Name xml:lang="en" xmlns="http://www.sdmx.org/resources/sdmxml/schemas/v2_1/common">Ostiano</Name>
          <Parent>
            <Ref id="ITC4A" xmlns="" />
          </Parent>
        </Code>
        <Code id="019065" urn="urn:sdmx:org.sdmx.infomodel.codelist.Code=IT1:CL_REFAREA(1.2).019065">
          <Name xml:lang="it" xmlns="http://www.sdmx.org/resources/sdmxml/schemas/v2_1/common">Paderno Ponchielli</Name>
          <Name xml:lang="en" xmlns="http://www.sdmx.org/resources/sdmxml/schemas/v2_1/common">Paderno Ponchielli</Name>
          <Parent>
            <Ref id="ITC4A" xmlns="" />
          </Parent>
        </Code>
        <Code id="019066" urn="urn:sdmx:org.sdmx.infomodel.codelist.Code=IT1:CL_REFAREA(1.2).019066">
          <Name xml:lang="it" xmlns="http://www.sdmx.org/resources/sdmxml/schemas/v2_1/common">Palazzo Pignano</Name>
          <Name xml:lang="en" xmlns="http://www.sdmx.org/resources/sdmxml/schemas/v2_1/common">Palazzo Pignano</Name>
          <Parent>
            <Ref id="ITC4A" xmlns="" />
          </Parent>
        </Code>
        <Code id="019067" urn="urn:sdmx:org.sdmx.infomodel.codelist.Code=IT1:CL_REFAREA(1.2).019067">
          <Name xml:lang="it" xmlns="http://www.sdmx.org/resources/sdmxml/schemas/v2_1/common">Pandino</Name>
          <Name xml:lang="en" xmlns="http://www.sdmx.org/resources/sdmxml/schemas/v2_1/common">Pandino</Name>
          <Parent>
            <Ref id="ITC4A" xmlns="" />
          </Parent>
        </Code>
        <Code id="019068" urn="urn:sdmx:org.sdmx.infomodel.codelist.Code=IT1:CL_REFAREA(1.2).019068">
          <Name xml:lang="it" xmlns="http://www.sdmx.org/resources/sdmxml/schemas/v2_1/common">Persico Dosimo</Name>
          <Name xml:lang="en" xmlns="http://www.sdmx.org/resources/sdmxml/schemas/v2_1/common">Persico Dosimo</Name>
          <Parent>
            <Ref id="ITC4A" xmlns="" />
          </Parent>
        </Code>
        <Code id="019069" urn="urn:sdmx:org.sdmx.infomodel.codelist.Code=IT1:CL_REFAREA(1.2).019069">
          <Name xml:lang="it" xmlns="http://www.sdmx.org/resources/sdmxml/schemas/v2_1/common">Pescarolo ed Uniti</Name>
          <Name xml:lang="en" xmlns="http://www.sdmx.org/resources/sdmxml/schemas/v2_1/common">Pescarolo ed Uniti</Name>
          <Parent>
            <Ref id="ITC4A" xmlns="" />
          </Parent>
        </Code>
        <Code id="019070" urn="urn:sdmx:org.sdmx.infomodel.codelist.Code=IT1:CL_REFAREA(1.2).019070">
          <Name xml:lang="it" xmlns="http://www.sdmx.org/resources/sdmxml/schemas/v2_1/common">Pessina Cremonese</Name>
          <Name xml:lang="en" xmlns="http://www.sdmx.org/resources/sdmxml/schemas/v2_1/common">Pessina Cremonese</Name>
          <Parent>
            <Ref id="ITC4A" xmlns="" />
          </Parent>
        </Code>
        <Code id="019071" urn="urn:sdmx:org.sdmx.infomodel.codelist.Code=IT1:CL_REFAREA(1.2).019071">
          <Name xml:lang="it" xmlns="http://www.sdmx.org/resources/sdmxml/schemas/v2_1/common">Piadena</Name>
          <Name xml:lang="en" xmlns="http://www.sdmx.org/resources/sdmxml/schemas/v2_1/common">Piadena</Name>
          <Parent>
            <Ref id="ITC4A" xmlns="" />
          </Parent>
        </Code>
        <Code id="019072" urn="urn:sdmx:org.sdmx.infomodel.codelist.Code=IT1:CL_REFAREA(1.2).019072">
          <Name xml:lang="it" xmlns="http://www.sdmx.org/resources/sdmxml/schemas/v2_1/common">Pianengo</Name>
          <Name xml:lang="en" xmlns="http://www.sdmx.org/resources/sdmxml/schemas/v2_1/common">Pianengo</Name>
          <Parent>
            <Ref id="ITC4A" xmlns="" />
          </Parent>
        </Code>
        <Code id="019073" urn="urn:sdmx:org.sdmx.infomodel.codelist.Code=IT1:CL_REFAREA(1.2).019073">
          <Name xml:lang="it" xmlns="http://www.sdmx.org/resources/sdmxml/schemas/v2_1/common">Pieranica</Name>
          <Name xml:lang="en" xmlns="http://www.sdmx.org/resources/sdmxml/schemas/v2_1/common">Pieranica</Name>
          <Parent>
            <Ref id="ITC4A" xmlns="" />
          </Parent>
        </Code>
        <Code id="019074" urn="urn:sdmx:org.sdmx.infomodel.codelist.Code=IT1:CL_REFAREA(1.2).019074">
          <Name xml:lang="it" xmlns="http://www.sdmx.org/resources/sdmxml/schemas/v2_1/common">Pieve d'Olmi</Name>
          <Name xml:lang="en" xmlns="http://www.sdmx.org/resources/sdmxml/schemas/v2_1/common">Pieve d'Olmi</Name>
          <Parent>
            <Ref id="ITC4A" xmlns="" />
          </Parent>
        </Code>
        <Code id="019075" urn="urn:sdmx:org.sdmx.infomodel.codelist.Code=IT1:CL_REFAREA(1.2).019075">
          <Name xml:lang="it" xmlns="http://www.sdmx.org/resources/sdmxml/schemas/v2_1/common">Pieve San Giacomo</Name>
          <Name xml:lang="en" xmlns="http://www.sdmx.org/resources/sdmxml/schemas/v2_1/common">Pieve San Giacomo</Name>
          <Parent>
            <Ref id="ITC4A" xmlns="" />
          </Parent>
        </Code>
        <Code id="019076" urn="urn:sdmx:org.sdmx.infomodel.codelist.Code=IT1:CL_REFAREA(1.2).019076">
          <Name xml:lang="it" xmlns="http://www.sdmx.org/resources/sdmxml/schemas/v2_1/common">Pizzighettone</Name>
          <Name xml:lang="en" xmlns="http://www.sdmx.org/resources/sdmxml/schemas/v2_1/common">Pizzighettone</Name>
          <Parent>
            <Ref id="ITC4A" xmlns="" />
          </Parent>
        </Code>
        <Code id="019077" urn="urn:sdmx:org.sdmx.infomodel.codelist.Code=IT1:CL_REFAREA(1.2).019077">
          <Name xml:lang="it" xmlns="http://www.sdmx.org/resources/sdmxml/schemas/v2_1/common">Pozzaglio ed Uniti</Name>
          <Name xml:lang="en" xmlns="http://www.sdmx.org/resources/sdmxml/schemas/v2_1/common">Pozzaglio ed Uniti</Name>
          <Parent>
            <Ref id="ITC4A" xmlns="" />
          </Parent>
        </Code>
        <Code id="019078" urn="urn:sdmx:org.sdmx.infomodel.codelist.Code=IT1:CL_REFAREA(1.2).019078">
          <Name xml:lang="it" xmlns="http://www.sdmx.org/resources/sdmxml/schemas/v2_1/common">Quintano</Name>
          <Name xml:lang="en" xmlns="http://www.sdmx.org/resources/sdmxml/schemas/v2_1/common">Quintano</Name>
          <Parent>
            <Ref id="ITC4A" xmlns="" />
          </Parent>
        </Code>
        <Code id="019079" urn="urn:sdmx:org.sdmx.infomodel.codelist.Code=IT1:CL_REFAREA(1.2).019079">
          <Name xml:lang="it" xmlns="http://www.sdmx.org/resources/sdmxml/schemas/v2_1/common">Ricengo</Name>
          <Name xml:lang="en" xmlns="http://www.sdmx.org/resources/sdmxml/schemas/v2_1/common">Ricengo</Name>
          <Parent>
            <Ref id="ITC4A" xmlns="" />
          </Parent>
        </Code>
        <Code id="019080" urn="urn:sdmx:org.sdmx.infomodel.codelist.Code=IT1:CL_REFAREA(1.2).019080">
          <Name xml:lang="it" xmlns="http://www.sdmx.org/resources/sdmxml/schemas/v2_1/common">Ripalta Arpina</Name>
          <Name xml:lang="en" xmlns="http://www.sdmx.org/resources/sdmxml/schemas/v2_1/common">Ripalta Arpina</Name>
          <Parent>
            <Ref id="ITC4A" xmlns="" />
          </Parent>
        </Code>
        <Code id="019081" urn="urn:sdmx:org.sdmx.infomodel.codelist.Code=IT1:CL_REFAREA(1.2).019081">
          <Name xml:lang="it" xmlns="http://www.sdmx.org/resources/sdmxml/schemas/v2_1/common">Ripalta Cremasca</Name>
          <Name xml:lang="en" xmlns="http://www.sdmx.org/resources/sdmxml/schemas/v2_1/common">Ripalta Cremasca</Name>
          <Parent>
            <Ref id="ITC4A" xmlns="" />
          </Parent>
        </Code>
        <Code id="019082" urn="urn:sdmx:org.sdmx.infomodel.codelist.Code=IT1:CL_REFAREA(1.2).019082">
          <Name xml:lang="it" xmlns="http://www.sdmx.org/resources/sdmxml/schemas/v2_1/common">Ripalta Guerina</Name>
          <Name xml:lang="en" xmlns="http://www.sdmx.org/resources/sdmxml/schemas/v2_1/common">Ripalta Guerina</Name>
          <Parent>
            <Ref id="ITC4A" xmlns="" />
          </Parent>
        </Code>
        <Code id="019083" urn="urn:sdmx:org.sdmx.infomodel.codelist.Code=IT1:CL_REFAREA(1.2).019083">
          <Name xml:lang="it" xmlns="http://www.sdmx.org/resources/sdmxml/schemas/v2_1/common">Rivarolo del Re ed Uniti</Name>
          <Name xml:lang="en" xmlns="http://www.sdmx.org/resources/sdmxml/schemas/v2_1/common">Rivarolo del Re ed Uniti</Name>
          <Parent>
            <Ref id="ITC4A" xmlns="" />
          </Parent>
        </Code>
        <Code id="019084" urn="urn:sdmx:org.sdmx.infomodel.codelist.Code=IT1:CL_REFAREA(1.2).019084">
          <Name xml:lang="it" xmlns="http://www.sdmx.org/resources/sdmxml/schemas/v2_1/common">Rivolta d'Adda</Name>
          <Name xml:lang="en" xmlns="http://www.sdmx.org/resources/sdmxml/schemas/v2_1/common">Rivolta d'Adda</Name>
          <Parent>
            <Ref id="ITC4A" xmlns="" />
          </Parent>
        </Code>
        <Code id="019085" urn="urn:sdmx:org.sdmx.infomodel.codelist.Code=IT1:CL_REFAREA(1.2).019085">
          <Name xml:lang="it" xmlns="http://www.sdmx.org/resources/sdmxml/schemas/v2_1/common">Robecco d'Oglio</Name>
          <Name xml:lang="en" xmlns="http://www.sdmx.org/resources/sdmxml/schemas/v2_1/common">Robecco d'Oglio</Name>
          <Parent>
            <Ref id="ITC4A" xmlns="" />
          </Parent>
        </Code>
        <Code id="019086" urn="urn:sdmx:org.sdmx.infomodel.codelist.Code=IT1:CL_REFAREA(1.2).019086">
          <Name xml:lang="it" xmlns="http://www.sdmx.org/resources/sdmxml/schemas/v2_1/common">Romanengo</Name>
          <Name xml:lang="en" xmlns="http://www.sdmx.org/resources/sdmxml/schemas/v2_1/common">Romanengo</Name>
          <Parent>
            <Ref id="ITC4A" xmlns="" />
          </Parent>
        </Code>
        <Code id="019087" urn="urn:sdmx:org.sdmx.infomodel.codelist.Code=IT1:CL_REFAREA(1.2).019087">
          <Name xml:lang="it" xmlns="http://www.sdmx.org/resources/sdmxml/schemas/v2_1/common">Salvirola</Name>
          <Name xml:lang="en" xmlns="http://www.sdmx.org/resources/sdmxml/schemas/v2_1/common">Salvirola</Name>
          <Parent>
            <Ref id="ITC4A" xmlns="" />
          </Parent>
        </Code>
        <Code id="019088" urn="urn:sdmx:org.sdmx.infomodel.codelist.Code=IT1:CL_REFAREA(1.2).019088">
          <Name xml:lang="it" xmlns="http://www.sdmx.org/resources/sdmxml/schemas/v2_1/common">San Bassano</Name>
          <Name xml:lang="en" xmlns="http://www.sdmx.org/resources/sdmxml/schemas/v2_1/common">San Bassano</Name>
          <Parent>
            <Ref id="ITC4A" xmlns="" />
          </Parent>
        </Code>
        <Code id="019089" urn="urn:sdmx:org.sdmx.infomodel.codelist.Code=IT1:CL_REFAREA(1.2).019089">
          <Name xml:lang="it" xmlns="http://www.sdmx.org/resources/sdmxml/schemas/v2_1/common">San Daniele Po</Name>
          <Name xml:lang="en" xmlns="http://www.sdmx.org/resources/sdmxml/schemas/v2_1/common">San Daniele Po</Name>
          <Parent>
            <Ref id="ITC4A" xmlns="" />
          </Parent>
        </Code>
        <Code id="019090" urn="urn:sdmx:org.sdmx.infomodel.codelist.Code=IT1:CL_REFAREA(1.2).019090">
          <Name xml:lang="it" xmlns="http://www.sdmx.org/resources/sdmxml/schemas/v2_1/common">San Giovanni in Croce</Name>
          <Name xml:lang="en" xmlns="http://www.sdmx.org/resources/sdmxml/schemas/v2_1/common">San Giovanni in Croce</Name>
          <Parent>
            <Ref id="ITC4A" xmlns="" />
          </Parent>
        </Code>
        <Code id="019091" urn="urn:sdmx:org.sdmx.infomodel.codelist.Code=IT1:CL_REFAREA(1.2).019091">
          <Name xml:lang="it" xmlns="http://www.sdmx.org/resources/sdmxml/schemas/v2_1/common">San Martino del Lago</Name>
          <Name xml:lang="en" xmlns="http://www.sdmx.org/resources/sdmxml/schemas/v2_1/common">San Martino del Lago</Name>
          <Parent>
            <Ref id="ITC4A" xmlns="" />
          </Parent>
        </Code>
        <Code id="019092" urn="urn:sdmx:org.sdmx.infomodel.codelist.Code=IT1:CL_REFAREA(1.2).019092">
          <Name xml:lang="it" xmlns="http://www.sdmx.org/resources/sdmxml/schemas/v2_1/common">Scandolara Ravara</Name>
          <Name xml:lang="en" xmlns="http://www.sdmx.org/resources/sdmxml/schemas/v2_1/common">Scandolara Ravara</Name>
          <Parent>
            <Ref id="ITC4A" xmlns="" />
          </Parent>
        </Code>
        <Code id="019093" urn="urn:sdmx:org.sdmx.infomodel.codelist.Code=IT1:CL_REFAREA(1.2).019093">
          <Name xml:lang="it" xmlns="http://www.sdmx.org/resources/sdmxml/schemas/v2_1/common">Scandolara Ripa d'Oglio</Name>
          <Name xml:lang="en" xmlns="http://www.sdmx.org/resources/sdmxml/schemas/v2_1/common">Scandolara Ripa d'Oglio</Name>
          <Parent>
            <Ref id="ITC4A" xmlns="" />
          </Parent>
        </Code>
        <Code id="019094" urn="urn:sdmx:org.sdmx.infomodel.codelist.Code=IT1:CL_REFAREA(1.2).019094">
          <Name xml:lang="it" xmlns="http://www.sdmx.org/resources/sdmxml/schemas/v2_1/common">Sergnano</Name>
          <Name xml:lang="en" xmlns="http://www.sdmx.org/resources/sdmxml/schemas/v2_1/common">Sergnano</Name>
          <Parent>
            <Ref id="ITC4A" xmlns="" />
          </Parent>
        </Code>
        <Code id="019095" urn="urn:sdmx:org.sdmx.infomodel.codelist.Code=IT1:CL_REFAREA(1.2).019095">
          <Name xml:lang="it" xmlns="http://www.sdmx.org/resources/sdmxml/schemas/v2_1/common">Sesto ed Uniti</Name>
          <Name xml:lang="en" xmlns="http://www.sdmx.org/resources/sdmxml/schemas/v2_1/common">Sesto ed Uniti</Name>
          <Parent>
            <Ref id="ITC4A" xmlns="" />
          </Parent>
        </Code>
        <Code id="019096" urn="urn:sdmx:org.sdmx.infomodel.codelist.Code=IT1:CL_REFAREA(1.2).019096">
          <Name xml:lang="it" xmlns="http://www.sdmx.org/resources/sdmxml/schemas/v2_1/common">Solarolo Rainerio</Name>
          <Name xml:lang="en" xmlns="http://www.sdmx.org/resources/sdmxml/schemas/v2_1/common">Solarolo Rainerio</Name>
          <Parent>
            <Ref id="ITC4A" xmlns="" />
          </Parent>
        </Code>
        <Code id="019097" urn="urn:sdmx:org.sdmx.infomodel.codelist.Code=IT1:CL_REFAREA(1.2).019097">
          <Name xml:lang="it" xmlns="http://www.sdmx.org/resources/sdmxml/schemas/v2_1/common">Soncino</Name>
          <Name xml:lang="en" xmlns="http://www.sdmx.org/resources/sdmxml/schemas/v2_1/common">Soncino</Name>
          <Parent>
            <Ref id="ITC4A" xmlns="" />
          </Parent>
        </Code>
        <Code id="019098" urn="urn:sdmx:org.sdmx.infomodel.codelist.Code=IT1:CL_REFAREA(1.2).019098">
          <Name xml:lang="it" xmlns="http://www.sdmx.org/resources/sdmxml/schemas/v2_1/common">Soresina</Name>
          <Name xml:lang="en" xmlns="http://www.sdmx.org/resources/sdmxml/schemas/v2_1/common">Soresina</Name>
          <Parent>
            <Ref id="ITC4A" xmlns="" />
          </Parent>
        </Code>
        <Code id="019099" urn="urn:sdmx:org.sdmx.infomodel.codelist.Code=IT1:CL_REFAREA(1.2).019099">
          <Name xml:lang="it" xmlns="http://www.sdmx.org/resources/sdmxml/schemas/v2_1/common">Sospiro</Name>
          <Name xml:lang="en" xmlns="http://www.sdmx.org/resources/sdmxml/schemas/v2_1/common">Sospiro</Name>
          <Parent>
            <Ref id="ITC4A" xmlns="" />
          </Parent>
        </Code>
        <Code id="019100" urn="urn:sdmx:org.sdmx.infomodel.codelist.Code=IT1:CL_REFAREA(1.2).019100">
          <Name xml:lang="it" xmlns="http://www.sdmx.org/resources/sdmxml/schemas/v2_1/common">Spinadesco</Name>
          <Name xml:lang="en" xmlns="http://www.sdmx.org/resources/sdmxml/schemas/v2_1/common">Spinadesco</Name>
          <Parent>
            <Ref id="ITC4A" xmlns="" />
          </Parent>
        </Code>
        <Code id="019101" urn="urn:sdmx:org.sdmx.infomodel.codelist.Code=IT1:CL_REFAREA(1.2).019101">
          <Name xml:lang="it" xmlns="http://www.sdmx.org/resources/sdmxml/schemas/v2_1/common">Spineda</Name>
          <Name xml:lang="en" xmlns="http://www.sdmx.org/resources/sdmxml/schemas/v2_1/common">Spineda</Name>
          <Parent>
            <Ref id="ITC4A" xmlns="" />
          </Parent>
        </Code>
        <Code id="019102" urn="urn:sdmx:org.sdmx.infomodel.codelist.Code=IT1:CL_REFAREA(1.2).019102">
          <Name xml:lang="it" xmlns="http://www.sdmx.org/resources/sdmxml/schemas/v2_1/common">Spino d'Adda</Name>
          <Name xml:lang="en" xmlns="http://www.sdmx.org/resources/sdmxml/schemas/v2_1/common">Spino d'Adda</Name>
          <Parent>
            <Ref id="ITC4A" xmlns="" />
          </Parent>
        </Code>
        <Code id="019103" urn="urn:sdmx:org.sdmx.infomodel.codelist.Code=IT1:CL_REFAREA(1.2).019103">
          <Name xml:lang="it" xmlns="http://www.sdmx.org/resources/sdmxml/schemas/v2_1/common">Stagno Lombardo</Name>
          <Name xml:lang="en" xmlns="http://www.sdmx.org/resources/sdmxml/schemas/v2_1/common">Stagno Lombardo</Name>
          <Parent>
            <Ref id="ITC4A" xmlns="" />
          </Parent>
        </Code>
        <Code id="019104" urn="urn:sdmx:org.sdmx.infomodel.codelist.Code=IT1:CL_REFAREA(1.2).019104">
          <Name xml:lang="it" xmlns="http://www.sdmx.org/resources/sdmxml/schemas/v2_1/common">Ticengo</Name>
          <Name xml:lang="en" xmlns="http://www.sdmx.org/resources/sdmxml/schemas/v2_1/common">Ticengo</Name>
          <Parent>
            <Ref id="ITC4A" xmlns="" />
          </Parent>
        </Code>
        <Code id="019105" urn="urn:sdmx:org.sdmx.infomodel.codelist.Code=IT1:CL_REFAREA(1.2).019105">
          <Name xml:lang="it" xmlns="http://www.sdmx.org/resources/sdmxml/schemas/v2_1/common">Torlino Vimercati</Name>
          <Name xml:lang="en" xmlns="http://www.sdmx.org/resources/sdmxml/schemas/v2_1/common">Torlino Vimercati</Name>
          <Parent>
            <Ref id="ITC4A" xmlns="" />
          </Parent>
        </Code>
        <Code id="019106" urn="urn:sdmx:org.sdmx.infomodel.codelist.Code=IT1:CL_REFAREA(1.2).019106">
          <Name xml:lang="it" xmlns="http://www.sdmx.org/resources/sdmxml/schemas/v2_1/common">Tornata</Name>
          <Name xml:lang="en" xmlns="http://www.sdmx.org/resources/sdmxml/schemas/v2_1/common">Tornata</Name>
          <Parent>
            <Ref id="ITC4A" xmlns="" />
          </Parent>
        </Code>
        <Code id="019107" urn="urn:sdmx:org.sdmx.infomodel.codelist.Code=IT1:CL_REFAREA(1.2).019107">
          <Name xml:lang="it" xmlns="http://www.sdmx.org/resources/sdmxml/schemas/v2_1/common">Torre de' Picenardi</Name>
          <Name xml:lang="en" xmlns="http://www.sdmx.org/resources/sdmxml/schemas/v2_1/common">Torre de' Picenardi</Name>
          <Parent>
            <Ref id="ITC4A" xmlns="" />
          </Parent>
        </Code>
        <Code id="019108" urn="urn:sdmx:org.sdmx.infomodel.codelist.Code=IT1:CL_REFAREA(1.2).019108">
          <Name xml:lang="it" xmlns="http://www.sdmx.org/resources/sdmxml/schemas/v2_1/common">Torricella del Pizzo</Name>
          <Name xml:lang="en" xmlns="http://www.sdmx.org/resources/sdmxml/schemas/v2_1/common">Torricella del Pizzo</Name>
          <Parent>
            <Ref id="ITC4A" xmlns="" />
          </Parent>
        </Code>
        <Code id="019109" urn="urn:sdmx:org.sdmx.infomodel.codelist.Code=IT1:CL_REFAREA(1.2).019109">
          <Name xml:lang="it" xmlns="http://www.sdmx.org/resources/sdmxml/schemas/v2_1/common">Trescore Cremasco</Name>
          <Name xml:lang="en" xmlns="http://www.sdmx.org/resources/sdmxml/schemas/v2_1/common">Trescore Cremasco</Name>
          <Parent>
            <Ref id="ITC4A" xmlns="" />
          </Parent>
        </Code>
        <Code id="019110" urn="urn:sdmx:org.sdmx.infomodel.codelist.Code=IT1:CL_REFAREA(1.2).019110">
          <Name xml:lang="it" xmlns="http://www.sdmx.org/resources/sdmxml/schemas/v2_1/common">Trigolo</Name>
          <Name xml:lang="en" xmlns="http://www.sdmx.org/resources/sdmxml/schemas/v2_1/common">Trigolo</Name>
          <Parent>
            <Ref id="ITC4A" xmlns="" />
          </Parent>
        </Code>
        <Code id="019111" urn="urn:sdmx:org.sdmx.infomodel.codelist.Code=IT1:CL_REFAREA(1.2).019111">
          <Name xml:lang="it" xmlns="http://www.sdmx.org/resources/sdmxml/schemas/v2_1/common">Vaiano Cremasco</Name>
          <Name xml:lang="en" xmlns="http://www.sdmx.org/resources/sdmxml/schemas/v2_1/common">Vaiano Cremasco</Name>
          <Parent>
            <Ref id="ITC4A" xmlns="" />
          </Parent>
        </Code>
        <Code id="019112" urn="urn:sdmx:org.sdmx.infomodel.codelist.Code=IT1:CL_REFAREA(1.2).019112">
          <Name xml:lang="it" xmlns="http://www.sdmx.org/resources/sdmxml/schemas/v2_1/common">Vailate</Name>
          <Name xml:lang="en" xmlns="http://www.sdmx.org/resources/sdmxml/schemas/v2_1/common">Vailate</Name>
          <Parent>
            <Ref id="ITC4A" xmlns="" />
          </Parent>
        </Code>
        <Code id="019113" urn="urn:sdmx:org.sdmx.infomodel.codelist.Code=IT1:CL_REFAREA(1.2).019113">
          <Name xml:lang="it" xmlns="http://www.sdmx.org/resources/sdmxml/schemas/v2_1/common">Vescovato</Name>
          <Name xml:lang="en" xmlns="http://www.sdmx.org/resources/sdmxml/schemas/v2_1/common">Vescovato</Name>
          <Parent>
            <Ref id="ITC4A" xmlns="" />
          </Parent>
        </Code>
        <Code id="019114" urn="urn:sdmx:org.sdmx.infomodel.codelist.Code=IT1:CL_REFAREA(1.2).019114">
          <Name xml:lang="it" xmlns="http://www.sdmx.org/resources/sdmxml/schemas/v2_1/common">Volongo</Name>
          <Name xml:lang="en" xmlns="http://www.sdmx.org/resources/sdmxml/schemas/v2_1/common">Volongo</Name>
          <Parent>
            <Ref id="ITC4A" xmlns="" />
          </Parent>
        </Code>
        <Code id="019115" urn="urn:sdmx:org.sdmx.infomodel.codelist.Code=IT1:CL_REFAREA(1.2).019115">
          <Name xml:lang="it" xmlns="http://www.sdmx.org/resources/sdmxml/schemas/v2_1/common">Voltido</Name>
          <Name xml:lang="en" xmlns="http://www.sdmx.org/resources/sdmxml/schemas/v2_1/common">Voltido</Name>
          <Parent>
            <Ref id="ITC4A" xmlns="" />
          </Parent>
        </Code>
        <Code id="020001" urn="urn:sdmx:org.sdmx.infomodel.codelist.Code=IT1:CL_REFAREA(1.2).020001">
          <Name xml:lang="it" xmlns="http://www.sdmx.org/resources/sdmxml/schemas/v2_1/common">Acquanegra sul Chiese</Name>
          <Name xml:lang="en" xmlns="http://www.sdmx.org/resources/sdmxml/schemas/v2_1/common">Acquanegra sul Chiese</Name>
          <Parent>
            <Ref id="ITC4B" xmlns="" />
          </Parent>
        </Code>
        <Code id="020002" urn="urn:sdmx:org.sdmx.infomodel.codelist.Code=IT1:CL_REFAREA(1.2).020002">
          <Name xml:lang="it" xmlns="http://www.sdmx.org/resources/sdmxml/schemas/v2_1/common">Asola</Name>
          <Name xml:lang="en" xmlns="http://www.sdmx.org/resources/sdmxml/schemas/v2_1/common">Asola</Name>
          <Parent>
            <Ref id="ITC4B" xmlns="" />
          </Parent>
        </Code>
        <Code id="020003" urn="urn:sdmx:org.sdmx.infomodel.codelist.Code=IT1:CL_REFAREA(1.2).020003">
          <Name xml:lang="it" xmlns="http://www.sdmx.org/resources/sdmxml/schemas/v2_1/common">Bagnolo San Vito</Name>
          <Name xml:lang="en" xmlns="http://www.sdmx.org/resources/sdmxml/schemas/v2_1/common">Bagnolo San Vito</Name>
          <Parent>
            <Ref id="ITC4B" xmlns="" />
          </Parent>
        </Code>
        <Code id="020004" urn="urn:sdmx:org.sdmx.infomodel.codelist.Code=IT1:CL_REFAREA(1.2).020004">
          <Name xml:lang="it" xmlns="http://www.sdmx.org/resources/sdmxml/schemas/v2_1/common">Bigarello</Name>
          <Name xml:lang="en" xmlns="http://www.sdmx.org/resources/sdmxml/schemas/v2_1/common">Bigarello</Name>
          <Parent>
            <Ref id="ITC4B" xmlns="" />
          </Parent>
        </Code>
        <Code id="020005" urn="urn:sdmx:org.sdmx.infomodel.codelist.Code=IT1:CL_REFAREA(1.2).020005">
          <Name xml:lang="it" xmlns="http://www.sdmx.org/resources/sdmxml/schemas/v2_1/common">Borgoforte</Name>
          <Name xml:lang="en" xmlns="http://www.sdmx.org/resources/sdmxml/schemas/v2_1/common">Borgoforte</Name>
          <Parent>
            <Ref id="ITC4B" xmlns="" />
          </Parent>
        </Code>
        <Code id="020006" urn="urn:sdmx:org.sdmx.infomodel.codelist.Code=IT1:CL_REFAREA(1.2).020006">
          <Name xml:lang="it" xmlns="http://www.sdmx.org/resources/sdmxml/schemas/v2_1/common">Borgofranco sul Po</Name>
          <Name xml:lang="en" xmlns="http://www.sdmx.org/resources/sdmxml/schemas/v2_1/common">Borgofranco sul Po</Name>
          <Parent>
            <Ref id="ITC4B" xmlns="" />
          </Parent>
        </Code>
        <Code id="020007" urn="urn:sdmx:org.sdmx.infomodel.codelist.Code=IT1:CL_REFAREA(1.2).020007">
          <Name xml:lang="it" xmlns="http://www.sdmx.org/resources/sdmxml/schemas/v2_1/common">Bozzolo</Name>
          <Name xml:lang="en" xmlns="http://www.sdmx.org/resources/sdmxml/schemas/v2_1/common">Bozzolo</Name>
          <Parent>
            <Ref id="ITC4B" xmlns="" />
          </Parent>
        </Code>
        <Code id="020008" urn="urn:sdmx:org.sdmx.infomodel.codelist.Code=IT1:CL_REFAREA(1.2).020008">
          <Name xml:lang="it" xmlns="http://www.sdmx.org/resources/sdmxml/schemas/v2_1/common">Canneto sull'Oglio</Name>
          <Name xml:lang="en" xmlns="http://www.sdmx.org/resources/sdmxml/schemas/v2_1/common">Canneto sull'Oglio</Name>
          <Parent>
            <Ref id="ITC4B" xmlns="" />
          </Parent>
        </Code>
        <Code id="020009" urn="urn:sdmx:org.sdmx.infomodel.codelist.Code=IT1:CL_REFAREA(1.2).020009">
          <Name xml:lang="it" xmlns="http://www.sdmx.org/resources/sdmxml/schemas/v2_1/common">Carbonara di Po</Name>
          <Name xml:lang="en" xmlns="http://www.sdmx.org/resources/sdmxml/schemas/v2_1/common">Carbonara di Po</Name>
          <Parent>
            <Ref id="ITC4B" xmlns="" />
          </Parent>
        </Code>
        <Code id="020010" urn="urn:sdmx:org.sdmx.infomodel.codelist.Code=IT1:CL_REFAREA(1.2).020010">
          <Name xml:lang="it" xmlns="http://www.sdmx.org/resources/sdmxml/schemas/v2_1/common">Casalmoro</Name>
          <Name xml:lang="en" xmlns="http://www.sdmx.org/resources/sdmxml/schemas/v2_1/common">Casalmoro</Name>
          <Parent>
            <Ref id="ITC4B" xmlns="" />
          </Parent>
        </Code>
        <Code id="020011" urn="urn:sdmx:org.sdmx.infomodel.codelist.Code=IT1:CL_REFAREA(1.2).020011">
          <Name xml:lang="it" xmlns="http://www.sdmx.org/resources/sdmxml/schemas/v2_1/common">Casaloldo</Name>
          <Name xml:lang="en" xmlns="http://www.sdmx.org/resources/sdmxml/schemas/v2_1/common">Casaloldo</Name>
          <Parent>
            <Ref id="ITC4B" xmlns="" />
          </Parent>
        </Code>
        <Code id="020012" urn="urn:sdmx:org.sdmx.infomodel.codelist.Code=IT1:CL_REFAREA(1.2).020012">
          <Name xml:lang="it" xmlns="http://www.sdmx.org/resources/sdmxml/schemas/v2_1/common">Casalromano</Name>
          <Name xml:lang="en" xmlns="http://www.sdmx.org/resources/sdmxml/schemas/v2_1/common">Casalromano</Name>
          <Parent>
            <Ref id="ITC4B" xmlns="" />
          </Parent>
        </Code>
        <Code id="020013" urn="urn:sdmx:org.sdmx.infomodel.codelist.Code=IT1:CL_REFAREA(1.2).020013">
          <Name xml:lang="it" xmlns="http://www.sdmx.org/resources/sdmxml/schemas/v2_1/common">Castelbelforte</Name>
          <Name xml:lang="en" xmlns="http://www.sdmx.org/resources/sdmxml/schemas/v2_1/common">Castelbelforte</Name>
          <Parent>
            <Ref id="ITC4B" xmlns="" />
          </Parent>
        </Code>
        <Code id="020014" urn="urn:sdmx:org.sdmx.infomodel.codelist.Code=IT1:CL_REFAREA(1.2).020014">
          <Name xml:lang="it" xmlns="http://www.sdmx.org/resources/sdmxml/schemas/v2_1/common">Castel d'Ario</Name>
          <Name xml:lang="en" xmlns="http://www.sdmx.org/resources/sdmxml/schemas/v2_1/common">Castel d'Ario</Name>
          <Parent>
            <Ref id="ITC4B" xmlns="" />
          </Parent>
        </Code>
        <Code id="020015" urn="urn:sdmx:org.sdmx.infomodel.codelist.Code=IT1:CL_REFAREA(1.2).020015">
          <Name xml:lang="it" xmlns="http://www.sdmx.org/resources/sdmxml/schemas/v2_1/common">Castel Goffredo</Name>
          <Name xml:lang="en" xmlns="http://www.sdmx.org/resources/sdmxml/schemas/v2_1/common">Castel Goffredo</Name>
          <Parent>
            <Ref id="ITC4B" xmlns="" />
          </Parent>
        </Code>
        <Code id="020016" urn="urn:sdmx:org.sdmx.infomodel.codelist.Code=IT1:CL_REFAREA(1.2).020016">
          <Name xml:lang="it" xmlns="http://www.sdmx.org/resources/sdmxml/schemas/v2_1/common">Castellucchio</Name>
          <Name xml:lang="en" xmlns="http://www.sdmx.org/resources/sdmxml/schemas/v2_1/common">Castellucchio</Name>
          <Parent>
            <Ref id="ITC4B" xmlns="" />
          </Parent>
        </Code>
        <Code id="020017" urn="urn:sdmx:org.sdmx.infomodel.codelist.Code=IT1:CL_REFAREA(1.2).020017">
          <Name xml:lang="it" xmlns="http://www.sdmx.org/resources/sdmxml/schemas/v2_1/common">Castiglione delle Stiviere</Name>
          <Name xml:lang="en" xmlns="http://www.sdmx.org/resources/sdmxml/schemas/v2_1/common">Castiglione delle Stiviere</Name>
          <Parent>
            <Ref id="ITC4B" xmlns="" />
          </Parent>
        </Code>
        <Code id="020018" urn="urn:sdmx:org.sdmx.infomodel.codelist.Code=IT1:CL_REFAREA(1.2).020018">
          <Name xml:lang="it" xmlns="http://www.sdmx.org/resources/sdmxml/schemas/v2_1/common">Cavriana</Name>
          <Name xml:lang="en" xmlns="http://www.sdmx.org/resources/sdmxml/schemas/v2_1/common">Cavriana</Name>
          <Parent>
            <Ref id="ITC4B" xmlns="" />
          </Parent>
        </Code>
        <Code id="020019" urn="urn:sdmx:org.sdmx.infomodel.codelist.Code=IT1:CL_REFAREA(1.2).020019">
          <Name xml:lang="it" xmlns="http://www.sdmx.org/resources/sdmxml/schemas/v2_1/common">Ceresara</Name>
          <Name xml:lang="en" xmlns="http://www.sdmx.org/resources/sdmxml/schemas/v2_1/common">Ceresara</Name>
          <Parent>
            <Ref id="ITC4B" xmlns="" />
          </Parent>
        </Code>
        <Code id="020020" urn="urn:sdmx:org.sdmx.infomodel.codelist.Code=IT1:CL_REFAREA(1.2).020020">
          <Name xml:lang="it" xmlns="http://www.sdmx.org/resources/sdmxml/schemas/v2_1/common">Commessaggio</Name>
          <Name xml:lang="en" xmlns="http://www.sdmx.org/resources/sdmxml/schemas/v2_1/common">Commessaggio</Name>
          <Parent>
            <Ref id="ITC4B" xmlns="" />
          </Parent>
        </Code>
        <Code id="020021" urn="urn:sdmx:org.sdmx.infomodel.codelist.Code=IT1:CL_REFAREA(1.2).020021">
          <Name xml:lang="it" xmlns="http://www.sdmx.org/resources/sdmxml/schemas/v2_1/common">Curtatone</Name>
          <Name xml:lang="en" xmlns="http://www.sdmx.org/resources/sdmxml/schemas/v2_1/common">Curtatone</Name>
          <Parent>
            <Ref id="ITC4B" xmlns="" />
          </Parent>
        </Code>
        <Code id="020022" urn="urn:sdmx:org.sdmx.infomodel.codelist.Code=IT1:CL_REFAREA(1.2).020022">
          <Name xml:lang="it" xmlns="http://www.sdmx.org/resources/sdmxml/schemas/v2_1/common">Dosolo</Name>
          <Name xml:lang="en" xmlns="http://www.sdmx.org/resources/sdmxml/schemas/v2_1/common">Dosolo</Name>
          <Parent>
            <Ref id="ITC4B" xmlns="" />
          </Parent>
        </Code>
        <Code id="020023" urn="urn:sdmx:org.sdmx.infomodel.codelist.Code=IT1:CL_REFAREA(1.2).020023">
          <Name xml:lang="it" xmlns="http://www.sdmx.org/resources/sdmxml/schemas/v2_1/common">Felonica</Name>
          <Name xml:lang="en" xmlns="http://www.sdmx.org/resources/sdmxml/schemas/v2_1/common">Felonica</Name>
          <Parent>
            <Ref id="ITC4B" xmlns="" />
          </Parent>
        </Code>
        <Code id="020024" urn="urn:sdmx:org.sdmx.infomodel.codelist.Code=IT1:CL_REFAREA(1.2).020024">
          <Name xml:lang="it" xmlns="http://www.sdmx.org/resources/sdmxml/schemas/v2_1/common">Gazoldo degli Ippoliti</Name>
          <Name xml:lang="en" xmlns="http://www.sdmx.org/resources/sdmxml/schemas/v2_1/common">Gazoldo degli Ippoliti</Name>
          <Parent>
            <Ref id="ITC4B" xmlns="" />
          </Parent>
        </Code>
        <Code id="020025" urn="urn:sdmx:org.sdmx.infomodel.codelist.Code=IT1:CL_REFAREA(1.2).020025">
          <Name xml:lang="it" xmlns="http://www.sdmx.org/resources/sdmxml/schemas/v2_1/common">Gazzuolo</Name>
          <Name xml:lang="en" xmlns="http://www.sdmx.org/resources/sdmxml/schemas/v2_1/common">Gazzuolo</Name>
          <Parent>
            <Ref id="ITC4B" xmlns="" />
          </Parent>
        </Code>
        <Code id="020026" urn="urn:sdmx:org.sdmx.infomodel.codelist.Code=IT1:CL_REFAREA(1.2).020026">
          <Name xml:lang="it" xmlns="http://www.sdmx.org/resources/sdmxml/schemas/v2_1/common">Goito</Name>
          <Name xml:lang="en" xmlns="http://www.sdmx.org/resources/sdmxml/schemas/v2_1/common">Goito</Name>
          <Parent>
            <Ref id="ITC4B" xmlns="" />
          </Parent>
        </Code>
        <Code id="020027" urn="urn:sdmx:org.sdmx.infomodel.codelist.Code=IT1:CL_REFAREA(1.2).020027">
          <Name xml:lang="it" xmlns="http://www.sdmx.org/resources/sdmxml/schemas/v2_1/common">Gonzaga</Name>
          <Name xml:lang="en" xmlns="http://www.sdmx.org/resources/sdmxml/schemas/v2_1/common">Gonzaga</Name>
          <Parent>
            <Ref id="ITC4B" xmlns="" />
          </Parent>
        </Code>
        <Code id="020028" urn="urn:sdmx:org.sdmx.infomodel.codelist.Code=IT1:CL_REFAREA(1.2).020028">
          <Name xml:lang="it" xmlns="http://www.sdmx.org/resources/sdmxml/schemas/v2_1/common">Guidizzolo</Name>
          <Name xml:lang="en" xmlns="http://www.sdmx.org/resources/sdmxml/schemas/v2_1/common">Guidizzolo</Name>
          <Parent>
            <Ref id="ITC4B" xmlns="" />
          </Parent>
        </Code>
        <Code id="020029" urn="urn:sdmx:org.sdmx.infomodel.codelist.Code=IT1:CL_REFAREA(1.2).020029">
          <Name xml:lang="it" xmlns="http://www.sdmx.org/resources/sdmxml/schemas/v2_1/common">Magnacavallo</Name>
          <Name xml:lang="en" xmlns="http://www.sdmx.org/resources/sdmxml/schemas/v2_1/common">Magnacavallo</Name>
          <Parent>
            <Ref id="ITC4B" xmlns="" />
          </Parent>
        </Code>
        <Code id="020030" urn="urn:sdmx:org.sdmx.infomodel.codelist.Code=IT1:CL_REFAREA(1.2).020030">
          <Name xml:lang="it" xmlns="http://www.sdmx.org/resources/sdmxml/schemas/v2_1/common">Mantova</Name>
          <Name xml:lang="en" xmlns="http://www.sdmx.org/resources/sdmxml/schemas/v2_1/common">Mantova</Name>
          <Parent>
            <Ref id="ITC4B" xmlns="" />
          </Parent>
        </Code>
        <Code id="020031" urn="urn:sdmx:org.sdmx.infomodel.codelist.Code=IT1:CL_REFAREA(1.2).020031">
          <Name xml:lang="it" xmlns="http://www.sdmx.org/resources/sdmxml/schemas/v2_1/common">Marcaria</Name>
          <Name xml:lang="en" xmlns="http://www.sdmx.org/resources/sdmxml/schemas/v2_1/common">Marcaria</Name>
          <Parent>
            <Ref id="ITC4B" xmlns="" />
          </Parent>
        </Code>
        <Code id="020032" urn="urn:sdmx:org.sdmx.infomodel.codelist.Code=IT1:CL_REFAREA(1.2).020032">
          <Name xml:lang="it" xmlns="http://www.sdmx.org/resources/sdmxml/schemas/v2_1/common">Mariana Mantovana</Name>
          <Name xml:lang="en" xmlns="http://www.sdmx.org/resources/sdmxml/schemas/v2_1/common">Mariana Mantovana</Name>
          <Parent>
            <Ref id="ITC4B" xmlns="" />
          </Parent>
        </Code>
        <Code id="020033" urn="urn:sdmx:org.sdmx.infomodel.codelist.Code=IT1:CL_REFAREA(1.2).020033">
          <Name xml:lang="it" xmlns="http://www.sdmx.org/resources/sdmxml/schemas/v2_1/common">Marmirolo</Name>
          <Name xml:lang="en" xmlns="http://www.sdmx.org/resources/sdmxml/schemas/v2_1/common">Marmirolo</Name>
          <Parent>
            <Ref id="ITC4B" xmlns="" />
          </Parent>
        </Code>
        <Code id="020034" urn="urn:sdmx:org.sdmx.infomodel.codelist.Code=IT1:CL_REFAREA(1.2).020034">
          <Name xml:lang="it" xmlns="http://www.sdmx.org/resources/sdmxml/schemas/v2_1/common">Medole</Name>
          <Name xml:lang="en" xmlns="http://www.sdmx.org/resources/sdmxml/schemas/v2_1/common">Medole</Name>
          <Parent>
            <Ref id="ITC4B" xmlns="" />
          </Parent>
        </Code>
        <Code id="020035" urn="urn:sdmx:org.sdmx.infomodel.codelist.Code=IT1:CL_REFAREA(1.2).020035">
          <Name xml:lang="it" xmlns="http://www.sdmx.org/resources/sdmxml/schemas/v2_1/common">Moglia</Name>
          <Name xml:lang="en" xmlns="http://www.sdmx.org/resources/sdmxml/schemas/v2_1/common">Moglia</Name>
          <Parent>
            <Ref id="ITC4B" xmlns="" />
          </Parent>
        </Code>
        <Code id="020036" urn="urn:sdmx:org.sdmx.infomodel.codelist.Code=IT1:CL_REFAREA(1.2).020036">
          <Name xml:lang="it" xmlns="http://www.sdmx.org/resources/sdmxml/schemas/v2_1/common">Monzambano</Name>
          <Name xml:lang="en" xmlns="http://www.sdmx.org/resources/sdmxml/schemas/v2_1/common">Monzambano</Name>
          <Parent>
            <Ref id="ITC4B" xmlns="" />
          </Parent>
        </Code>
        <Code id="020037" urn="urn:sdmx:org.sdmx.infomodel.codelist.Code=IT1:CL_REFAREA(1.2).020037">
          <Name xml:lang="it" xmlns="http://www.sdmx.org/resources/sdmxml/schemas/v2_1/common">Motteggiana</Name>
          <Name xml:lang="en" xmlns="http://www.sdmx.org/resources/sdmxml/schemas/v2_1/common">Motteggiana</Name>
          <Parent>
            <Ref id="ITC4B" xmlns="" />
          </Parent>
        </Code>
        <Code id="020038" urn="urn:sdmx:org.sdmx.infomodel.codelist.Code=IT1:CL_REFAREA(1.2).020038">
          <Name xml:lang="it" xmlns="http://www.sdmx.org/resources/sdmxml/schemas/v2_1/common">Ostiglia</Name>
          <Name xml:lang="en" xmlns="http://www.sdmx.org/resources/sdmxml/schemas/v2_1/common">Ostiglia</Name>
          <Parent>
            <Ref id="ITC4B" xmlns="" />
          </Parent>
        </Code>
        <Code id="020039" urn="urn:sdmx:org.sdmx.infomodel.codelist.Code=IT1:CL_REFAREA(1.2).020039">
          <Name xml:lang="it" xmlns="http://www.sdmx.org/resources/sdmxml/schemas/v2_1/common">Pegognaga</Name>
          <Name xml:lang="en" xmlns="http://www.sdmx.org/resources/sdmxml/schemas/v2_1/common">Pegognaga</Name>
          <Parent>
            <Ref id="ITC4B" xmlns="" />
          </Parent>
        </Code>
        <Code id="020040" urn="urn:sdmx:org.sdmx.infomodel.codelist.Code=IT1:CL_REFAREA(1.2).020040">
          <Name xml:lang="it" xmlns="http://www.sdmx.org/resources/sdmxml/schemas/v2_1/common">Pieve di Coriano</Name>
          <Name xml:lang="en" xmlns="http://www.sdmx.org/resources/sdmxml/schemas/v2_1/common">Pieve di Coriano</Name>
          <Parent>
            <Ref id="ITC4B" xmlns="" />
          </Parent>
        </Code>
        <Code id="020041" urn="urn:sdmx:org.sdmx.infomodel.codelist.Code=IT1:CL_REFAREA(1.2).020041">
          <Name xml:lang="it" xmlns="http://www.sdmx.org/resources/sdmxml/schemas/v2_1/common">Piubega</Name>
          <Name xml:lang="en" xmlns="http://www.sdmx.org/resources/sdmxml/schemas/v2_1/common">Piubega</Name>
          <Parent>
            <Ref id="ITC4B" xmlns="" />
          </Parent>
        </Code>
        <Code id="020042" urn="urn:sdmx:org.sdmx.infomodel.codelist.Code=IT1:CL_REFAREA(1.2).020042">
          <Name xml:lang="it" xmlns="http://www.sdmx.org/resources/sdmxml/schemas/v2_1/common">Poggio Rusco</Name>
          <Name xml:lang="en" xmlns="http://www.sdmx.org/resources/sdmxml/schemas/v2_1/common">Poggio Rusco</Name>
          <Parent>
            <Ref id="ITC4B" xmlns="" />
          </Parent>
        </Code>
        <Code id="020043" urn="urn:sdmx:org.sdmx.infomodel.codelist.Code=IT1:CL_REFAREA(1.2).020043">
          <Name xml:lang="it" xmlns="http://www.sdmx.org/resources/sdmxml/schemas/v2_1/common">Pomponesco</Name>
          <Name xml:lang="en" xmlns="http://www.sdmx.org/resources/sdmxml/schemas/v2_1/common">Pomponesco</Name>
          <Parent>
            <Ref id="ITC4B" xmlns="" />
          </Parent>
        </Code>
        <Code id="020044" urn="urn:sdmx:org.sdmx.infomodel.codelist.Code=IT1:CL_REFAREA(1.2).020044">
          <Name xml:lang="it" xmlns="http://www.sdmx.org/resources/sdmxml/schemas/v2_1/common">Ponti sul Mincio</Name>
          <Name xml:lang="en" xmlns="http://www.sdmx.org/resources/sdmxml/schemas/v2_1/common">Ponti sul Mincio</Name>
          <Parent>
            <Ref id="ITC4B" xmlns="" />
          </Parent>
        </Code>
        <Code id="020045" urn="urn:sdmx:org.sdmx.infomodel.codelist.Code=IT1:CL_REFAREA(1.2).020045">
          <Name xml:lang="it" xmlns="http://www.sdmx.org/resources/sdmxml/schemas/v2_1/common">Porto Mantovano</Name>
          <Name xml:lang="en" xmlns="http://www.sdmx.org/resources/sdmxml/schemas/v2_1/common">Porto Mantovano</Name>
          <Parent>
            <Ref id="ITC4B" xmlns="" />
          </Parent>
        </Code>
        <Code id="020046" urn="urn:sdmx:org.sdmx.infomodel.codelist.Code=IT1:CL_REFAREA(1.2).020046">
          <Name xml:lang="it" xmlns="http://www.sdmx.org/resources/sdmxml/schemas/v2_1/common">Quingentole</Name>
          <Name xml:lang="en" xmlns="http://www.sdmx.org/resources/sdmxml/schemas/v2_1/common">Quingentole</Name>
          <Parent>
            <Ref id="ITC4B" xmlns="" />
          </Parent>
        </Code>
        <Code id="020047" urn="urn:sdmx:org.sdmx.infomodel.codelist.Code=IT1:CL_REFAREA(1.2).020047">
          <Name xml:lang="it" xmlns="http://www.sdmx.org/resources/sdmxml/schemas/v2_1/common">Quistello</Name>
          <Name xml:lang="en" xmlns="http://www.sdmx.org/resources/sdmxml/schemas/v2_1/common">Quistello</Name>
          <Parent>
            <Ref id="ITC4B" xmlns="" />
          </Parent>
        </Code>
        <Code id="020048" urn="urn:sdmx:org.sdmx.infomodel.codelist.Code=IT1:CL_REFAREA(1.2).020048">
          <Name xml:lang="it" xmlns="http://www.sdmx.org/resources/sdmxml/schemas/v2_1/common">Redondesco</Name>
          <Name xml:lang="en" xmlns="http://www.sdmx.org/resources/sdmxml/schemas/v2_1/common">Redondesco</Name>
          <Parent>
            <Ref id="ITC4B" xmlns="" />
          </Parent>
        </Code>
        <Code id="020049" urn="urn:sdmx:org.sdmx.infomodel.codelist.Code=IT1:CL_REFAREA(1.2).020049">
          <Name xml:lang="it" xmlns="http://www.sdmx.org/resources/sdmxml/schemas/v2_1/common">Revere</Name>
          <Name xml:lang="en" xmlns="http://www.sdmx.org/resources/sdmxml/schemas/v2_1/common">Revere</Name>
          <Parent>
            <Ref id="ITC4B" xmlns="" />
          </Parent>
        </Code>
        <Code id="020050" urn="urn:sdmx:org.sdmx.infomodel.codelist.Code=IT1:CL_REFAREA(1.2).020050">
          <Name xml:lang="it" xmlns="http://www.sdmx.org/resources/sdmxml/schemas/v2_1/common">Rivarolo Mantovano</Name>
          <Name xml:lang="en" xmlns="http://www.sdmx.org/resources/sdmxml/schemas/v2_1/common">Rivarolo Mantovano</Name>
          <Parent>
            <Ref id="ITC4B" xmlns="" />
          </Parent>
        </Code>
        <Code id="020051" urn="urn:sdmx:org.sdmx.infomodel.codelist.Code=IT1:CL_REFAREA(1.2).020051">
          <Name xml:lang="it" xmlns="http://www.sdmx.org/resources/sdmxml/schemas/v2_1/common">Rodigo</Name>
          <Name xml:lang="en" xmlns="http://www.sdmx.org/resources/sdmxml/schemas/v2_1/common">Rodigo</Name>
          <Parent>
            <Ref id="ITC4B" xmlns="" />
          </Parent>
        </Code>
        <Code id="020052" urn="urn:sdmx:org.sdmx.infomodel.codelist.Code=IT1:CL_REFAREA(1.2).020052">
          <Name xml:lang="it" xmlns="http://www.sdmx.org/resources/sdmxml/schemas/v2_1/common">Roncoferraro</Name>
          <Name xml:lang="en" xmlns="http://www.sdmx.org/resources/sdmxml/schemas/v2_1/common">Roncoferraro</Name>
          <Parent>
            <Ref id="ITC4B" xmlns="" />
          </Parent>
        </Code>
        <Code id="020053" urn="urn:sdmx:org.sdmx.infomodel.codelist.Code=IT1:CL_REFAREA(1.2).020053">
          <Name xml:lang="it" xmlns="http://www.sdmx.org/resources/sdmxml/schemas/v2_1/common">Roverbella</Name>
          <Name xml:lang="en" xmlns="http://www.sdmx.org/resources/sdmxml/schemas/v2_1/common">Roverbella</Name>
          <Parent>
            <Ref id="ITC4B" xmlns="" />
          </Parent>
        </Code>
        <Code id="020054" urn="urn:sdmx:org.sdmx.infomodel.codelist.Code=IT1:CL_REFAREA(1.2).020054">
          <Name xml:lang="it" xmlns="http://www.sdmx.org/resources/sdmxml/schemas/v2_1/common">Sabbioneta</Name>
          <Name xml:lang="en" xmlns="http://www.sdmx.org/resources/sdmxml/schemas/v2_1/common">Sabbioneta</Name>
          <Parent>
            <Ref id="ITC4B" xmlns="" />
          </Parent>
        </Code>
        <Code id="020055" urn="urn:sdmx:org.sdmx.infomodel.codelist.Code=IT1:CL_REFAREA(1.2).020055">
          <Name xml:lang="it" xmlns="http://www.sdmx.org/resources/sdmxml/schemas/v2_1/common">San Benedetto Po</Name>
          <Name xml:lang="en" xmlns="http://www.sdmx.org/resources/sdmxml/schemas/v2_1/common">San Benedetto Po</Name>
          <Parent>
            <Ref id="ITC4B" xmlns="" />
          </Parent>
        </Code>
        <Code id="020056" urn="urn:sdmx:org.sdmx.infomodel.codelist.Code=IT1:CL_REFAREA(1.2).020056">
          <Name xml:lang="it" xmlns="http://www.sdmx.org/resources/sdmxml/schemas/v2_1/common">San Giacomo delle Segnate</Name>
          <Name xml:lang="en" xmlns="http://www.sdmx.org/resources/sdmxml/schemas/v2_1/common">San Giacomo delle Segnate</Name>
          <Parent>
            <Ref id="ITC4B" xmlns="" />
          </Parent>
        </Code>
        <Code id="020057" urn="urn:sdmx:org.sdmx.infomodel.codelist.Code=IT1:CL_REFAREA(1.2).020057">
          <Name xml:lang="it" xmlns="http://www.sdmx.org/resources/sdmxml/schemas/v2_1/common">San Giorgio di Mantova</Name>
          <Name xml:lang="en" xmlns="http://www.sdmx.org/resources/sdmxml/schemas/v2_1/common">San Giorgio di Mantova</Name>
          <Parent>
            <Ref id="ITC4B" xmlns="" />
          </Parent>
        </Code>
        <Code id="020058" urn="urn:sdmx:org.sdmx.infomodel.codelist.Code=IT1:CL_REFAREA(1.2).020058">
          <Name xml:lang="it" xmlns="http://www.sdmx.org/resources/sdmxml/schemas/v2_1/common">San Giovanni del Dosso</Name>
          <Name xml:lang="en" xmlns="http://www.sdmx.org/resources/sdmxml/schemas/v2_1/common">San Giovanni del Dosso</Name>
          <Parent>
            <Ref id="ITC4B" xmlns="" />
          </Parent>
        </Code>
        <Code id="020059" urn="urn:sdmx:org.sdmx.infomodel.codelist.Code=IT1:CL_REFAREA(1.2).020059">
          <Name xml:lang="it" xmlns="http://www.sdmx.org/resources/sdmxml/schemas/v2_1/common">San Martino dall'Argine</Name>
          <Name xml:lang="en" xmlns="http://www.sdmx.org/resources/sdmxml/schemas/v2_1/common">San Martino dall'Argine</Name>
          <Parent>
            <Ref id="ITC4B" xmlns="" />
          </Parent>
        </Code>
        <Code id="020060" urn="urn:sdmx:org.sdmx.infomodel.codelist.Code=IT1:CL_REFAREA(1.2).020060">
          <Name xml:lang="it" xmlns="http://www.sdmx.org/resources/sdmxml/schemas/v2_1/common">Schivenoglia</Name>
          <Name xml:lang="en" xmlns="http://www.sdmx.org/resources/sdmxml/schemas/v2_1/common">Schivenoglia</Name>
          <Parent>
            <Ref id="ITC4B" xmlns="" />
          </Parent>
        </Code>
        <Code id="020061" urn="urn:sdmx:org.sdmx.infomodel.codelist.Code=IT1:CL_REFAREA(1.2).020061">
          <Name xml:lang="it" xmlns="http://www.sdmx.org/resources/sdmxml/schemas/v2_1/common">Sermide</Name>
          <Name xml:lang="en" xmlns="http://www.sdmx.org/resources/sdmxml/schemas/v2_1/common">Sermide</Name>
          <Parent>
            <Ref id="ITC4B" xmlns="" />
          </Parent>
        </Code>
        <Code id="020062" urn="urn:sdmx:org.sdmx.infomodel.codelist.Code=IT1:CL_REFAREA(1.2).020062">
          <Name xml:lang="it" xmlns="http://www.sdmx.org/resources/sdmxml/schemas/v2_1/common">Serravalle a Po</Name>
          <Name xml:lang="en" xmlns="http://www.sdmx.org/resources/sdmxml/schemas/v2_1/common">Serravalle a Po</Name>
          <Parent>
            <Ref id="ITC4B" xmlns="" />
          </Parent>
        </Code>
        <Code id="020063" urn="urn:sdmx:org.sdmx.infomodel.codelist.Code=IT1:CL_REFAREA(1.2).020063">
          <Name xml:lang="it" xmlns="http://www.sdmx.org/resources/sdmxml/schemas/v2_1/common">Solferino</Name>
          <Name xml:lang="en" xmlns="http://www.sdmx.org/resources/sdmxml/schemas/v2_1/common">Solferino</Name>
          <Parent>
            <Ref id="ITC4B" xmlns="" />
          </Parent>
        </Code>
        <Code id="020064" urn="urn:sdmx:org.sdmx.infomodel.codelist.Code=IT1:CL_REFAREA(1.2).020064">
          <Name xml:lang="it" xmlns="http://www.sdmx.org/resources/sdmxml/schemas/v2_1/common">Sustinente</Name>
          <Name xml:lang="en" xmlns="http://www.sdmx.org/resources/sdmxml/schemas/v2_1/common">Sustinente</Name>
          <Parent>
            <Ref id="ITC4B" xmlns="" />
          </Parent>
        </Code>
        <Code id="020065" urn="urn:sdmx:org.sdmx.infomodel.codelist.Code=IT1:CL_REFAREA(1.2).020065">
          <Name xml:lang="it" xmlns="http://www.sdmx.org/resources/sdmxml/schemas/v2_1/common">Suzzara</Name>
          <Name xml:lang="en" xmlns="http://www.sdmx.org/resources/sdmxml/schemas/v2_1/common">Suzzara</Name>
          <Parent>
            <Ref id="ITC4B" xmlns="" />
          </Parent>
        </Code>
        <Code id="020066" urn="urn:sdmx:org.sdmx.infomodel.codelist.Code=IT1:CL_REFAREA(1.2).020066">
          <Name xml:lang="it" xmlns="http://www.sdmx.org/resources/sdmxml/schemas/v2_1/common">Viadana</Name>
          <Name xml:lang="en" xmlns="http://www.sdmx.org/resources/sdmxml/schemas/v2_1/common">Viadana</Name>
          <Parent>
            <Ref id="ITC4B" xmlns="" />
          </Parent>
        </Code>
        <Code id="020067" urn="urn:sdmx:org.sdmx.infomodel.codelist.Code=IT1:CL_REFAREA(1.2).020067">
          <Name xml:lang="it" xmlns="http://www.sdmx.org/resources/sdmxml/schemas/v2_1/common">Villa Poma</Name>
          <Name xml:lang="en" xmlns="http://www.sdmx.org/resources/sdmxml/schemas/v2_1/common">Villa Poma</Name>
          <Parent>
            <Ref id="ITC4B" xmlns="" />
          </Parent>
        </Code>
        <Code id="020068" urn="urn:sdmx:org.sdmx.infomodel.codelist.Code=IT1:CL_REFAREA(1.2).020068">
          <Name xml:lang="it" xmlns="http://www.sdmx.org/resources/sdmxml/schemas/v2_1/common">Villimpenta</Name>
          <Name xml:lang="en" xmlns="http://www.sdmx.org/resources/sdmxml/schemas/v2_1/common">Villimpenta</Name>
          <Parent>
            <Ref id="ITC4B" xmlns="" />
          </Parent>
        </Code>
        <Code id="020069" urn="urn:sdmx:org.sdmx.infomodel.codelist.Code=IT1:CL_REFAREA(1.2).020069">
          <Name xml:lang="it" xmlns="http://www.sdmx.org/resources/sdmxml/schemas/v2_1/common">Virgilio</Name>
          <Name xml:lang="en" xmlns="http://www.sdmx.org/resources/sdmxml/schemas/v2_1/common">Virgilio</Name>
          <Parent>
            <Ref id="ITC4B" xmlns="" />
          </Parent>
        </Code>
        <Code id="020070" urn="urn:sdmx:org.sdmx.infomodel.codelist.Code=IT1:CL_REFAREA(1.2).020070">
          <Name xml:lang="it" xmlns="http://www.sdmx.org/resources/sdmxml/schemas/v2_1/common">Volta Mantovana</Name>
          <Name xml:lang="en" xmlns="http://www.sdmx.org/resources/sdmxml/schemas/v2_1/common">Volta Mantovana</Name>
          <Parent>
            <Ref id="ITC4B" xmlns="" />
          </Parent>
        </Code>
        <Code id="021001" urn="urn:sdmx:org.sdmx.infomodel.codelist.Code=IT1:CL_REFAREA(1.2).021001">
          <Name xml:lang="it" xmlns="http://www.sdmx.org/resources/sdmxml/schemas/v2_1/common">Aldino/Aldein</Name>
          <Name xml:lang="en" xmlns="http://www.sdmx.org/resources/sdmxml/schemas/v2_1/common">Aldino/Aldein</Name>
          <Parent>
            <Ref id="ITD10" xmlns="" />
          </Parent>
        </Code>
        <Code id="021002" urn="urn:sdmx:org.sdmx.infomodel.codelist.Code=IT1:CL_REFAREA(1.2).021002">
          <Name xml:lang="it" xmlns="http://www.sdmx.org/resources/sdmxml/schemas/v2_1/common">Andriano/Andrian</Name>
          <Name xml:lang="en" xmlns="http://www.sdmx.org/resources/sdmxml/schemas/v2_1/common">Andriano/Andrian</Name>
          <Parent>
            <Ref id="ITD10" xmlns="" />
          </Parent>
        </Code>
        <Code id="021003" urn="urn:sdmx:org.sdmx.infomodel.codelist.Code=IT1:CL_REFAREA(1.2).021003">
          <Name xml:lang="it" xmlns="http://www.sdmx.org/resources/sdmxml/schemas/v2_1/common">Anterivo/Altrei</Name>
          <Name xml:lang="en" xmlns="http://www.sdmx.org/resources/sdmxml/schemas/v2_1/common">Anterivo/Altrei</Name>
          <Parent>
            <Ref id="ITD10" xmlns="" />
          </Parent>
        </Code>
        <Code id="021004" urn="urn:sdmx:org.sdmx.infomodel.codelist.Code=IT1:CL_REFAREA(1.2).021004">
          <Name xml:lang="it" xmlns="http://www.sdmx.org/resources/sdmxml/schemas/v2_1/common">Appiano sulla strada del vino/Eppan an der Weinstraße</Name>
          <Name xml:lang="en" xmlns="http://www.sdmx.org/resources/sdmxml/schemas/v2_1/common">Appiano sulla strada del vino/Eppan an der Weinstraße</Name>
          <Parent>
            <Ref id="ITD10" xmlns="" />
          </Parent>
        </Code>
        <Code id="021005" urn="urn:sdmx:org.sdmx.infomodel.codelist.Code=IT1:CL_REFAREA(1.2).021005">
          <Name xml:lang="it" xmlns="http://www.sdmx.org/resources/sdmxml/schemas/v2_1/common">Avelengo/Hafling</Name>
          <Name xml:lang="en" xmlns="http://www.sdmx.org/resources/sdmxml/schemas/v2_1/common">Avelengo/Hafling</Name>
          <Parent>
            <Ref id="ITD10" xmlns="" />
          </Parent>
        </Code>
        <Code id="021006" urn="urn:sdmx:org.sdmx.infomodel.codelist.Code=IT1:CL_REFAREA(1.2).021006">
          <Name xml:lang="it" xmlns="http://www.sdmx.org/resources/sdmxml/schemas/v2_1/common">Badia/Abtei</Name>
          <Name xml:lang="en" xmlns="http://www.sdmx.org/resources/sdmxml/schemas/v2_1/common">Badia/Abtei</Name>
          <Parent>
            <Ref id="ITD10" xmlns="" />
          </Parent>
        </Code>
        <Code id="021007" urn="urn:sdmx:org.sdmx.infomodel.codelist.Code=IT1:CL_REFAREA(1.2).021007">
          <Name xml:lang="it" xmlns="http://www.sdmx.org/resources/sdmxml/schemas/v2_1/common">Barbiano/Barbian</Name>
          <Name xml:lang="en" xmlns="http://www.sdmx.org/resources/sdmxml/schemas/v2_1/common">Barbiano/Barbian</Name>
          <Parent>
            <Ref id="ITD10" xmlns="" />
          </Parent>
        </Code>
        <Code id="021008" urn="urn:sdmx:org.sdmx.infomodel.codelist.Code=IT1:CL_REFAREA(1.2).021008">
          <Name xml:lang="it" xmlns="http://www.sdmx.org/resources/sdmxml/schemas/v2_1/common">Bolzano/Bozen</Name>
          <Name xml:lang="en" xmlns="http://www.sdmx.org/resources/sdmxml/schemas/v2_1/common">Bolzano/Bozen</Name>
          <Parent>
            <Ref id="ITD10" xmlns="" />
          </Parent>
        </Code>
        <Code id="021009" urn="urn:sdmx:org.sdmx.infomodel.codelist.Code=IT1:CL_REFAREA(1.2).021009">
          <Name xml:lang="it" xmlns="http://www.sdmx.org/resources/sdmxml/schemas/v2_1/common">Braies/Prags</Name>
          <Name xml:lang="en" xmlns="http://www.sdmx.org/resources/sdmxml/schemas/v2_1/common">Braies/Prags</Name>
          <Parent>
            <Ref id="ITD10" xmlns="" />
          </Parent>
        </Code>
        <Code id="021010" urn="urn:sdmx:org.sdmx.infomodel.codelist.Code=IT1:CL_REFAREA(1.2).021010">
          <Name xml:lang="it" xmlns="http://www.sdmx.org/resources/sdmxml/schemas/v2_1/common">Brennero/Brenner</Name>
          <Name xml:lang="en" xmlns="http://www.sdmx.org/resources/sdmxml/schemas/v2_1/common">Brennero/Brenner</Name>
          <Parent>
            <Ref id="ITD10" xmlns="" />
          </Parent>
        </Code>
        <Code id="021011" urn="urn:sdmx:org.sdmx.infomodel.codelist.Code=IT1:CL_REFAREA(1.2).021011">
          <Name xml:lang="it" xmlns="http://www.sdmx.org/resources/sdmxml/schemas/v2_1/common">Bressanone/Brixen</Name>
          <Name xml:lang="en" xmlns="http://www.sdmx.org/resources/sdmxml/schemas/v2_1/common">Bressanone/Brixen</Name>
          <Parent>
            <Ref id="ITD10" xmlns="" />
          </Parent>
        </Code>
        <Code id="021012" urn="urn:sdmx:org.sdmx.infomodel.codelist.Code=IT1:CL_REFAREA(1.2).021012">
          <Name xml:lang="it" xmlns="http://www.sdmx.org/resources/sdmxml/schemas/v2_1/common">Bronzolo/Branzoll</Name>
          <Name xml:lang="en" xmlns="http://www.sdmx.org/resources/sdmxml/schemas/v2_1/common">Bronzolo/Branzoll</Name>
          <Parent>
            <Ref id="ITD10" xmlns="" />
          </Parent>
        </Code>
        <Code id="021013" urn="urn:sdmx:org.sdmx.infomodel.codelist.Code=IT1:CL_REFAREA(1.2).021013">
          <Name xml:lang="it" xmlns="http://www.sdmx.org/resources/sdmxml/schemas/v2_1/common">Brunico/Bruneck</Name>
          <Name xml:lang="en" xmlns="http://www.sdmx.org/resources/sdmxml/schemas/v2_1/common">Brunico/Bruneck</Name>
          <Parent>
            <Ref id="ITD10" xmlns="" />
          </Parent>
        </Code>
        <Code id="021014" urn="urn:sdmx:org.sdmx.infomodel.codelist.Code=IT1:CL_REFAREA(1.2).021014">
          <Name xml:lang="it" xmlns="http://www.sdmx.org/resources/sdmxml/schemas/v2_1/common">Caines/Kuens</Name>
          <Name xml:lang="en" xmlns="http://www.sdmx.org/resources/sdmxml/schemas/v2_1/common">Caines/Kuens</Name>
          <Parent>
            <Ref id="ITD10" xmlns="" />
          </Parent>
        </Code>
        <Code id="021015" urn="urn:sdmx:org.sdmx.infomodel.codelist.Code=IT1:CL_REFAREA(1.2).021015">
          <Name xml:lang="it" xmlns="http://www.sdmx.org/resources/sdmxml/schemas/v2_1/common">Caldaro sulla strada del vino/Kaltern an der Weinstraße</Name>
          <Name xml:lang="en" xmlns="http://www.sdmx.org/resources/sdmxml/schemas/v2_1/common">Caldaro sulla strada del vino/Kaltern an der Weinstraße</Name>
          <Parent>
            <Ref id="ITD10" xmlns="" />
          </Parent>
        </Code>
        <Code id="021016" urn="urn:sdmx:org.sdmx.infomodel.codelist.Code=IT1:CL_REFAREA(1.2).021016">
          <Name xml:lang="it" xmlns="http://www.sdmx.org/resources/sdmxml/schemas/v2_1/common">Campo di Trens/Freienfeld</Name>
          <Name xml:lang="en" xmlns="http://www.sdmx.org/resources/sdmxml/schemas/v2_1/common">Campo di Trens/Freienfeld</Name>
          <Parent>
            <Ref id="ITD10" xmlns="" />
          </Parent>
        </Code>
        <Code id="021017" urn="urn:sdmx:org.sdmx.infomodel.codelist.Code=IT1:CL_REFAREA(1.2).021017">
          <Name xml:lang="it" xmlns="http://www.sdmx.org/resources/sdmxml/schemas/v2_1/common">Campo Tures/Sand in Taufers</Name>
          <Name xml:lang="en" xmlns="http://www.sdmx.org/resources/sdmxml/schemas/v2_1/common">Campo Tures/Sand in Taufers</Name>
          <Parent>
            <Ref id="ITD10" xmlns="" />
          </Parent>
        </Code>
        <Code id="021018" urn="urn:sdmx:org.sdmx.infomodel.codelist.Code=IT1:CL_REFAREA(1.2).021018">
          <Name xml:lang="it" xmlns="http://www.sdmx.org/resources/sdmxml/schemas/v2_1/common">Castelbello-Ciardes/Kastelbell-Tschars</Name>
          <Name xml:lang="en" xmlns="http://www.sdmx.org/resources/sdmxml/schemas/v2_1/common">Castelbello-Ciardes/Kastelbell-Tschars</Name>
          <Parent>
            <Ref id="ITD10" xmlns="" />
          </Parent>
        </Code>
        <Code id="021019" urn="urn:sdmx:org.sdmx.infomodel.codelist.Code=IT1:CL_REFAREA(1.2).021019">
          <Name xml:lang="it" xmlns="http://www.sdmx.org/resources/sdmxml/schemas/v2_1/common">Castelrotto/Kastelruth</Name>
          <Name xml:lang="en" xmlns="http://www.sdmx.org/resources/sdmxml/schemas/v2_1/common">Castelrotto/Kastelruth</Name>
          <Parent>
            <Ref id="ITD10" xmlns="" />
          </Parent>
        </Code>
        <Code id="021020" urn="urn:sdmx:org.sdmx.infomodel.codelist.Code=IT1:CL_REFAREA(1.2).021020">
          <Name xml:lang="it" xmlns="http://www.sdmx.org/resources/sdmxml/schemas/v2_1/common">Cermes/Tscherms</Name>
          <Name xml:lang="en" xmlns="http://www.sdmx.org/resources/sdmxml/schemas/v2_1/common">Cermes/Tscherms</Name>
          <Parent>
            <Ref id="ITD10" xmlns="" />
          </Parent>
        </Code>
        <Code id="021021" urn="urn:sdmx:org.sdmx.infomodel.codelist.Code=IT1:CL_REFAREA(1.2).021021">
          <Name xml:lang="it" xmlns="http://www.sdmx.org/resources/sdmxml/schemas/v2_1/common">Chienes/Kiens</Name>
          <Name xml:lang="en" xmlns="http://www.sdmx.org/resources/sdmxml/schemas/v2_1/common">Chienes/Kiens</Name>
          <Parent>
            <Ref id="ITD10" xmlns="" />
          </Parent>
        </Code>
        <Code id="021022" urn="urn:sdmx:org.sdmx.infomodel.codelist.Code=IT1:CL_REFAREA(1.2).021022">
          <Name xml:lang="it" xmlns="http://www.sdmx.org/resources/sdmxml/schemas/v2_1/common">Chiusa/Klausen</Name>
          <Name xml:lang="en" xmlns="http://www.sdmx.org/resources/sdmxml/schemas/v2_1/common">Chiusa/Klausen</Name>
          <Parent>
            <Ref id="ITD10" xmlns="" />
          </Parent>
        </Code>
        <Code id="021023" urn="urn:sdmx:org.sdmx.infomodel.codelist.Code=IT1:CL_REFAREA(1.2).021023">
          <Name xml:lang="it" xmlns="http://www.sdmx.org/resources/sdmxml/schemas/v2_1/common">Cornedo all'Isarco/Karneid</Name>
          <Name xml:lang="en" xmlns="http://www.sdmx.org/resources/sdmxml/schemas/v2_1/common">Cornedo all'Isarco/Karneid</Name>
          <Parent>
            <Ref id="ITD10" xmlns="" />
          </Parent>
        </Code>
        <Code id="021024" urn="urn:sdmx:org.sdmx.infomodel.codelist.Code=IT1:CL_REFAREA(1.2).021024">
          <Name xml:lang="it" xmlns="http://www.sdmx.org/resources/sdmxml/schemas/v2_1/common">Cortaccia sulla strada del vino/Kurtatsch an der Weinstraße</Name>
          <Name xml:lang="en" xmlns="http://www.sdmx.org/resources/sdmxml/schemas/v2_1/common">Cortaccia sulla strada del vino/Kurtatsch an der Weinstraße</Name>
          <Parent>
            <Ref id="ITD10" xmlns="" />
          </Parent>
        </Code>
        <Code id="021025" urn="urn:sdmx:org.sdmx.infomodel.codelist.Code=IT1:CL_REFAREA(1.2).021025">
          <Name xml:lang="it" xmlns="http://www.sdmx.org/resources/sdmxml/schemas/v2_1/common">Cortina sulla strada del vino/Kurtinig an der Weinstraße</Name>
          <Name xml:lang="en" xmlns="http://www.sdmx.org/resources/sdmxml/schemas/v2_1/common">Cortina sulla strada del vino/Kurtinig an der Weinstraße</Name>
          <Parent>
            <Ref id="ITD10" xmlns="" />
          </Parent>
        </Code>
        <Code id="021026" urn="urn:sdmx:org.sdmx.infomodel.codelist.Code=IT1:CL_REFAREA(1.2).021026">
          <Name xml:lang="it" xmlns="http://www.sdmx.org/resources/sdmxml/schemas/v2_1/common">Corvara in Badia/Corvara</Name>
          <Name xml:lang="en" xmlns="http://www.sdmx.org/resources/sdmxml/schemas/v2_1/common">Corvara in Badia/Corvara</Name>
          <Parent>
            <Ref id="ITD10" xmlns="" />
          </Parent>
        </Code>
        <Code id="021027" urn="urn:sdmx:org.sdmx.infomodel.codelist.Code=IT1:CL_REFAREA(1.2).021027">
          <Name xml:lang="it" xmlns="http://www.sdmx.org/resources/sdmxml/schemas/v2_1/common">Curon Venosta/Graun im Vinschgau</Name>
          <Name xml:lang="en" xmlns="http://www.sdmx.org/resources/sdmxml/schemas/v2_1/common">Curon Venosta/Graun im Vinschgau</Name>
          <Parent>
            <Ref id="ITD10" xmlns="" />
          </Parent>
        </Code>
        <Code id="021028" urn="urn:sdmx:org.sdmx.infomodel.codelist.Code=IT1:CL_REFAREA(1.2).021028">
          <Name xml:lang="it" xmlns="http://www.sdmx.org/resources/sdmxml/schemas/v2_1/common">Dobbiaco/Toblach</Name>
          <Name xml:lang="en" xmlns="http://www.sdmx.org/resources/sdmxml/schemas/v2_1/common">Dobbiaco/Toblach</Name>
          <Parent>
            <Ref id="ITD10" xmlns="" />
          </Parent>
        </Code>
        <Code id="021029" urn="urn:sdmx:org.sdmx.infomodel.codelist.Code=IT1:CL_REFAREA(1.2).021029">
          <Name xml:lang="it" xmlns="http://www.sdmx.org/resources/sdmxml/schemas/v2_1/common">Egna/Neumarkt</Name>
          <Name xml:lang="en" xmlns="http://www.sdmx.org/resources/sdmxml/schemas/v2_1/common">Egna/Neumarkt</Name>
          <Parent>
            <Ref id="ITD10" xmlns="" />
          </Parent>
        </Code>
        <Code id="021030" urn="urn:sdmx:org.sdmx.infomodel.codelist.Code=IT1:CL_REFAREA(1.2).021030">
          <Name xml:lang="it" xmlns="http://www.sdmx.org/resources/sdmxml/schemas/v2_1/common">Falzes/Pfalzen</Name>
          <Name xml:lang="en" xmlns="http://www.sdmx.org/resources/sdmxml/schemas/v2_1/common">Falzes/Pfalzen</Name>
          <Parent>
            <Ref id="ITD10" xmlns="" />
          </Parent>
        </Code>
        <Code id="021031" urn="urn:sdmx:org.sdmx.infomodel.codelist.Code=IT1:CL_REFAREA(1.2).021031">
          <Name xml:lang="it" xmlns="http://www.sdmx.org/resources/sdmxml/schemas/v2_1/common">Fiè allo Sciliar/Völs am Schlern</Name>
          <Name xml:lang="en" xmlns="http://www.sdmx.org/resources/sdmxml/schemas/v2_1/common">Fiè allo Sciliar/Völs am Schlern</Name>
          <Parent>
            <Ref id="ITD10" xmlns="" />
          </Parent>
        </Code>
        <Code id="021032" urn="urn:sdmx:org.sdmx.infomodel.codelist.Code=IT1:CL_REFAREA(1.2).021032">
          <Name xml:lang="it" xmlns="http://www.sdmx.org/resources/sdmxml/schemas/v2_1/common">Fortezza/Franzensfeste</Name>
          <Name xml:lang="en" xmlns="http://www.sdmx.org/resources/sdmxml/schemas/v2_1/common">Fortezza/Franzensfeste</Name>
          <Parent>
            <Ref id="ITD10" xmlns="" />
          </Parent>
        </Code>
        <Code id="021033" urn="urn:sdmx:org.sdmx.infomodel.codelist.Code=IT1:CL_REFAREA(1.2).021033">
          <Name xml:lang="it" xmlns="http://www.sdmx.org/resources/sdmxml/schemas/v2_1/common">Funes/Villnöß</Name>
          <Name xml:lang="en" xmlns="http://www.sdmx.org/resources/sdmxml/schemas/v2_1/common">Funes/Villnöß</Name>
          <Parent>
            <Ref id="ITD10" xmlns="" />
          </Parent>
        </Code>
        <Code id="021034" urn="urn:sdmx:org.sdmx.infomodel.codelist.Code=IT1:CL_REFAREA(1.2).021034">
          <Name xml:lang="it" xmlns="http://www.sdmx.org/resources/sdmxml/schemas/v2_1/common">Gais/Gais</Name>
          <Name xml:lang="en" xmlns="http://www.sdmx.org/resources/sdmxml/schemas/v2_1/common">Gais/Gais</Name>
          <Parent>
            <Ref id="ITD10" xmlns="" />
          </Parent>
        </Code>
        <Code id="021035" urn="urn:sdmx:org.sdmx.infomodel.codelist.Code=IT1:CL_REFAREA(1.2).021035">
          <Name xml:lang="it" xmlns="http://www.sdmx.org/resources/sdmxml/schemas/v2_1/common">Gargazzone/Gargazon</Name>
          <Name xml:lang="en" xmlns="http://www.sdmx.org/resources/sdmxml/schemas/v2_1/common">Gargazzone/Gargazon</Name>
          <Parent>
            <Ref id="ITD10" xmlns="" />
          </Parent>
        </Code>
        <Code id="021036" urn="urn:sdmx:org.sdmx.infomodel.codelist.Code=IT1:CL_REFAREA(1.2).021036">
          <Name xml:lang="it" xmlns="http://www.sdmx.org/resources/sdmxml/schemas/v2_1/common">Glorenza/Glurns</Name>
          <Name xml:lang="en" xmlns="http://www.sdmx.org/resources/sdmxml/schemas/v2_1/common">Glorenza/Glurns</Name>
          <Parent>
            <Ref id="ITD10" xmlns="" />
          </Parent>
        </Code>
        <Code id="021037" urn="urn:sdmx:org.sdmx.infomodel.codelist.Code=IT1:CL_REFAREA(1.2).021037">
          <Name xml:lang="it" xmlns="http://www.sdmx.org/resources/sdmxml/schemas/v2_1/common">Laces/Latsch</Name>
          <Name xml:lang="en" xmlns="http://www.sdmx.org/resources/sdmxml/schemas/v2_1/common">Laces/Latsch</Name>
          <Parent>
            <Ref id="ITD10" xmlns="" />
          </Parent>
        </Code>
        <Code id="021038" urn="urn:sdmx:org.sdmx.infomodel.codelist.Code=IT1:CL_REFAREA(1.2).021038">
          <Name xml:lang="it" xmlns="http://www.sdmx.org/resources/sdmxml/schemas/v2_1/common">Lagundo/Algund</Name>
          <Name xml:lang="en" xmlns="http://www.sdmx.org/resources/sdmxml/schemas/v2_1/common">Lagundo/Algund</Name>
          <Parent>
            <Ref id="ITD10" xmlns="" />
          </Parent>
        </Code>
        <Code id="021039" urn="urn:sdmx:org.sdmx.infomodel.codelist.Code=IT1:CL_REFAREA(1.2).021039">
          <Name xml:lang="it" xmlns="http://www.sdmx.org/resources/sdmxml/schemas/v2_1/common">Laion/Lajen</Name>
          <Name xml:lang="en" xmlns="http://www.sdmx.org/resources/sdmxml/schemas/v2_1/common">Laion/Lajen</Name>
          <Parent>
            <Ref id="ITD10" xmlns="" />
          </Parent>
        </Code>
        <Code id="021040" urn="urn:sdmx:org.sdmx.infomodel.codelist.Code=IT1:CL_REFAREA(1.2).021040">
          <Name xml:lang="it" xmlns="http://www.sdmx.org/resources/sdmxml/schemas/v2_1/common">Laives/Leifers</Name>
          <Name xml:lang="en" xmlns="http://www.sdmx.org/resources/sdmxml/schemas/v2_1/common">Laives/Leifers</Name>
          <Parent>
            <Ref id="ITD10" xmlns="" />
          </Parent>
        </Code>
        <Code id="021041" urn="urn:sdmx:org.sdmx.infomodel.codelist.Code=IT1:CL_REFAREA(1.2).021041">
          <Name xml:lang="it" xmlns="http://www.sdmx.org/resources/sdmxml/schemas/v2_1/common">Lana/Lana</Name>
          <Name xml:lang="en" xmlns="http://www.sdmx.org/resources/sdmxml/schemas/v2_1/common">Lana/Lana</Name>
          <Parent>
            <Ref id="ITD10" xmlns="" />
          </Parent>
        </Code>
        <Code id="021042" urn="urn:sdmx:org.sdmx.infomodel.codelist.Code=IT1:CL_REFAREA(1.2).021042">
          <Name xml:lang="it" xmlns="http://www.sdmx.org/resources/sdmxml/schemas/v2_1/common">Lasa/Laas</Name>
          <Name xml:lang="en" xmlns="http://www.sdmx.org/resources/sdmxml/schemas/v2_1/common">Lasa/Laas</Name>
          <Parent>
            <Ref id="ITD10" xmlns="" />
          </Parent>
        </Code>
        <Code id="021043" urn="urn:sdmx:org.sdmx.infomodel.codelist.Code=IT1:CL_REFAREA(1.2).021043">
          <Name xml:lang="it" xmlns="http://www.sdmx.org/resources/sdmxml/schemas/v2_1/common">Lauregno/Laurein</Name>
          <Name xml:lang="en" xmlns="http://www.sdmx.org/resources/sdmxml/schemas/v2_1/common">Lauregno/Laurein</Name>
          <Parent>
            <Ref id="ITD10" xmlns="" />
          </Parent>
        </Code>
        <Code id="021044" urn="urn:sdmx:org.sdmx.infomodel.codelist.Code=IT1:CL_REFAREA(1.2).021044">
          <Name xml:lang="it" xmlns="http://www.sdmx.org/resources/sdmxml/schemas/v2_1/common">Luson/Lüsen</Name>
          <Name xml:lang="en" xmlns="http://www.sdmx.org/resources/sdmxml/schemas/v2_1/common">Luson/Lüsen</Name>
          <Parent>
            <Ref id="ITD10" xmlns="" />
          </Parent>
        </Code>
        <Code id="021045" urn="urn:sdmx:org.sdmx.infomodel.codelist.Code=IT1:CL_REFAREA(1.2).021045">
          <Name xml:lang="it" xmlns="http://www.sdmx.org/resources/sdmxml/schemas/v2_1/common">Magrè sulla strada del vino/Margreid an der Weinstraße</Name>
          <Name xml:lang="en" xmlns="http://www.sdmx.org/resources/sdmxml/schemas/v2_1/common">Magrè sulla strada del vino/Margreid an der Weinstraße</Name>
          <Parent>
            <Ref id="ITD10" xmlns="" />
          </Parent>
        </Code>
        <Code id="021046" urn="urn:sdmx:org.sdmx.infomodel.codelist.Code=IT1:CL_REFAREA(1.2).021046">
          <Name xml:lang="it" xmlns="http://www.sdmx.org/resources/sdmxml/schemas/v2_1/common">Malles Venosta/Mals</Name>
          <Name xml:lang="en" xmlns="http://www.sdmx.org/resources/sdmxml/schemas/v2_1/common">Malles Venosta/Mals</Name>
          <Parent>
            <Ref id="ITD10" xmlns="" />
          </Parent>
        </Code>
        <Code id="021047" urn="urn:sdmx:org.sdmx.infomodel.codelist.Code=IT1:CL_REFAREA(1.2).021047">
          <Name xml:lang="it" xmlns="http://www.sdmx.org/resources/sdmxml/schemas/v2_1/common">Marebbe/Enneberg</Name>
          <Name xml:lang="en" xmlns="http://www.sdmx.org/resources/sdmxml/schemas/v2_1/common">Marebbe/Enneberg</Name>
          <Parent>
            <Ref id="ITD10" xmlns="" />
          </Parent>
        </Code>
        <Code id="021048" urn="urn:sdmx:org.sdmx.infomodel.codelist.Code=IT1:CL_REFAREA(1.2).021048">
          <Name xml:lang="it" xmlns="http://www.sdmx.org/resources/sdmxml/schemas/v2_1/common">Marlengo/Marling</Name>
          <Name xml:lang="en" xmlns="http://www.sdmx.org/resources/sdmxml/schemas/v2_1/common">Marlengo/Marling</Name>
          <Parent>
            <Ref id="ITD10" xmlns="" />
          </Parent>
        </Code>
        <Code id="021049" urn="urn:sdmx:org.sdmx.infomodel.codelist.Code=IT1:CL_REFAREA(1.2).021049">
          <Name xml:lang="it" xmlns="http://www.sdmx.org/resources/sdmxml/schemas/v2_1/common">Martello/Martell</Name>
          <Name xml:lang="en" xmlns="http://www.sdmx.org/resources/sdmxml/schemas/v2_1/common">Martello/Martell</Name>
          <Parent>
            <Ref id="ITD10" xmlns="" />
          </Parent>
        </Code>
        <Code id="021050" urn="urn:sdmx:org.sdmx.infomodel.codelist.Code=IT1:CL_REFAREA(1.2).021050">
          <Name xml:lang="it" xmlns="http://www.sdmx.org/resources/sdmxml/schemas/v2_1/common">Meltina/Mölten</Name>
          <Name xml:lang="en" xmlns="http://www.sdmx.org/resources/sdmxml/schemas/v2_1/common">Meltina/Mölten</Name>
          <Parent>
            <Ref id="ITD10" xmlns="" />
          </Parent>
        </Code>
        <Code id="021051" urn="urn:sdmx:org.sdmx.infomodel.codelist.Code=IT1:CL_REFAREA(1.2).021051">
          <Name xml:lang="it" xmlns="http://www.sdmx.org/resources/sdmxml/schemas/v2_1/common">Merano/Meran</Name>
          <Name xml:lang="en" xmlns="http://www.sdmx.org/resources/sdmxml/schemas/v2_1/common">Merano/Meran</Name>
          <Parent>
            <Ref id="ITD10" xmlns="" />
          </Parent>
        </Code>
        <Code id="021052" urn="urn:sdmx:org.sdmx.infomodel.codelist.Code=IT1:CL_REFAREA(1.2).021052">
          <Name xml:lang="it" xmlns="http://www.sdmx.org/resources/sdmxml/schemas/v2_1/common">Monguelfo-Tesido/Welsberg-Taisten</Name>
          <Name xml:lang="en" xmlns="http://www.sdmx.org/resources/sdmxml/schemas/v2_1/common">Monguelfo-Tesido/Welsberg-Taisten</Name>
          <Parent>
            <Ref id="ITD10" xmlns="" />
          </Parent>
        </Code>
        <Code id="021053" urn="urn:sdmx:org.sdmx.infomodel.codelist.Code=IT1:CL_REFAREA(1.2).021053">
          <Name xml:lang="it" xmlns="http://www.sdmx.org/resources/sdmxml/schemas/v2_1/common">Montagna/Montan</Name>
          <Name xml:lang="en" xmlns="http://www.sdmx.org/resources/sdmxml/schemas/v2_1/common">Montagna/Montan</Name>
          <Parent>
            <Ref id="ITD10" xmlns="" />
          </Parent>
        </Code>
        <Code id="021054" urn="urn:sdmx:org.sdmx.infomodel.codelist.Code=IT1:CL_REFAREA(1.2).021054">
          <Name xml:lang="it" xmlns="http://www.sdmx.org/resources/sdmxml/schemas/v2_1/common">Moso in Passiria/Moos In Passeier</Name>
          <Name xml:lang="en" xmlns="http://www.sdmx.org/resources/sdmxml/schemas/v2_1/common">Moso in Passiria/Moos In Passeier</Name>
          <Parent>
            <Ref id="ITD10" xmlns="" />
          </Parent>
        </Code>
        <Code id="021055" urn="urn:sdmx:org.sdmx.infomodel.codelist.Code=IT1:CL_REFAREA(1.2).021055">
          <Name xml:lang="it" xmlns="http://www.sdmx.org/resources/sdmxml/schemas/v2_1/common">Nalles/Nals</Name>
          <Name xml:lang="en" xmlns="http://www.sdmx.org/resources/sdmxml/schemas/v2_1/common">Nalles/Nals</Name>
          <Parent>
            <Ref id="ITD10" xmlns="" />
          </Parent>
        </Code>
        <Code id="021056" urn="urn:sdmx:org.sdmx.infomodel.codelist.Code=IT1:CL_REFAREA(1.2).021056">
          <Name xml:lang="it" xmlns="http://www.sdmx.org/resources/sdmxml/schemas/v2_1/common">Naturno/Naturns</Name>
          <Name xml:lang="en" xmlns="http://www.sdmx.org/resources/sdmxml/schemas/v2_1/common">Naturno/Naturns</Name>
          <Parent>
            <Ref id="ITD10" xmlns="" />
          </Parent>
        </Code>
        <Code id="021057" urn="urn:sdmx:org.sdmx.infomodel.codelist.Code=IT1:CL_REFAREA(1.2).021057">
          <Name xml:lang="it" xmlns="http://www.sdmx.org/resources/sdmxml/schemas/v2_1/common">Naz-Sciaves/Natz-Schabs</Name>
          <Name xml:lang="en" xmlns="http://www.sdmx.org/resources/sdmxml/schemas/v2_1/common">Naz-Sciaves/Natz-Schabs</Name>
          <Parent>
            <Ref id="ITD10" xmlns="" />
          </Parent>
        </Code>
        <Code id="021058" urn="urn:sdmx:org.sdmx.infomodel.codelist.Code=IT1:CL_REFAREA(1.2).021058">
          <Name xml:lang="it" xmlns="http://www.sdmx.org/resources/sdmxml/schemas/v2_1/common">Nova Levante/Welschnofen</Name>
          <Name xml:lang="en" xmlns="http://www.sdmx.org/resources/sdmxml/schemas/v2_1/common">Nova Levante/Welschnofen</Name>
          <Parent>
            <Ref id="ITD10" xmlns="" />
          </Parent>
        </Code>
        <Code id="021059" urn="urn:sdmx:org.sdmx.infomodel.codelist.Code=IT1:CL_REFAREA(1.2).021059">
          <Name xml:lang="it" xmlns="http://www.sdmx.org/resources/sdmxml/schemas/v2_1/common">Nova Ponente/Deutschnofen</Name>
          <Name xml:lang="en" xmlns="http://www.sdmx.org/resources/sdmxml/schemas/v2_1/common">Nova Ponente/Deutschnofen</Name>
          <Parent>
            <Ref id="ITD10" xmlns="" />
          </Parent>
        </Code>
        <Code id="021060" urn="urn:sdmx:org.sdmx.infomodel.codelist.Code=IT1:CL_REFAREA(1.2).021060">
          <Name xml:lang="it" xmlns="http://www.sdmx.org/resources/sdmxml/schemas/v2_1/common">Ora/Auer</Name>
          <Name xml:lang="en" xmlns="http://www.sdmx.org/resources/sdmxml/schemas/v2_1/common">Ora/Auer</Name>
          <Parent>
            <Ref id="ITD10" xmlns="" />
          </Parent>
        </Code>
        <Code id="021061" urn="urn:sdmx:org.sdmx.infomodel.codelist.Code=IT1:CL_REFAREA(1.2).021061">
          <Name xml:lang="it" xmlns="http://www.sdmx.org/resources/sdmxml/schemas/v2_1/common">Ortisei/St. Ulrich</Name>
          <Name xml:lang="en" xmlns="http://www.sdmx.org/resources/sdmxml/schemas/v2_1/common">Ortisei/St. Ulrich</Name>
          <Parent>
            <Ref id="ITD10" xmlns="" />
          </Parent>
        </Code>
        <Code id="021062" urn="urn:sdmx:org.sdmx.infomodel.codelist.Code=IT1:CL_REFAREA(1.2).021062">
          <Name xml:lang="it" xmlns="http://www.sdmx.org/resources/sdmxml/schemas/v2_1/common">Parcines/Partschins</Name>
          <Name xml:lang="en" xmlns="http://www.sdmx.org/resources/sdmxml/schemas/v2_1/common">Parcines/Partschins</Name>
          <Parent>
            <Ref id="ITD10" xmlns="" />
          </Parent>
        </Code>
        <Code id="021063" urn="urn:sdmx:org.sdmx.infomodel.codelist.Code=IT1:CL_REFAREA(1.2).021063">
          <Name xml:lang="it" xmlns="http://www.sdmx.org/resources/sdmxml/schemas/v2_1/common">Perca/Percha</Name>
          <Name xml:lang="en" xmlns="http://www.sdmx.org/resources/sdmxml/schemas/v2_1/common">Perca/Percha</Name>
          <Parent>
            <Ref id="ITD10" xmlns="" />
          </Parent>
        </Code>
        <Code id="021064" urn="urn:sdmx:org.sdmx.infomodel.codelist.Code=IT1:CL_REFAREA(1.2).021064">
          <Name xml:lang="it" xmlns="http://www.sdmx.org/resources/sdmxml/schemas/v2_1/common">Plaus/Plaus</Name>
          <Name xml:lang="en" xmlns="http://www.sdmx.org/resources/sdmxml/schemas/v2_1/common">Plaus/Plaus</Name>
          <Parent>
            <Ref id="ITD10" xmlns="" />
          </Parent>
        </Code>
        <Code id="021065" urn="urn:sdmx:org.sdmx.infomodel.codelist.Code=IT1:CL_REFAREA(1.2).021065">
          <Name xml:lang="it" xmlns="http://www.sdmx.org/resources/sdmxml/schemas/v2_1/common">Ponte Gardena/Waidbruck</Name>
          <Name xml:lang="en" xmlns="http://www.sdmx.org/resources/sdmxml/schemas/v2_1/common">Ponte Gardena/Waidbruck</Name>
          <Parent>
            <Ref id="ITD10" xmlns="" />
          </Parent>
        </Code>
        <Code id="021066" urn="urn:sdmx:org.sdmx.infomodel.codelist.Code=IT1:CL_REFAREA(1.2).021066">
          <Name xml:lang="it" xmlns="http://www.sdmx.org/resources/sdmxml/schemas/v2_1/common">Postal/Burgstall</Name>
          <Name xml:lang="en" xmlns="http://www.sdmx.org/resources/sdmxml/schemas/v2_1/common">Postal/Burgstall</Name>
          <Parent>
            <Ref id="ITD10" xmlns="" />
          </Parent>
        </Code>
        <Code id="021067" urn="urn:sdmx:org.sdmx.infomodel.codelist.Code=IT1:CL_REFAREA(1.2).021067">
          <Name xml:lang="it" xmlns="http://www.sdmx.org/resources/sdmxml/schemas/v2_1/common">Prato allo Stelvio/Prad am Stilfser Joch</Name>
          <Name xml:lang="en" xmlns="http://www.sdmx.org/resources/sdmxml/schemas/v2_1/common">Prato allo Stelvio/Prad am Stilfser Joch</Name>
          <Parent>
            <Ref id="ITD10" xmlns="" />
          </Parent>
        </Code>
        <Code id="021068" urn="urn:sdmx:org.sdmx.infomodel.codelist.Code=IT1:CL_REFAREA(1.2).021068">
          <Name xml:lang="it" xmlns="http://www.sdmx.org/resources/sdmxml/schemas/v2_1/common">Predoi/Prettau</Name>
          <Name xml:lang="en" xmlns="http://www.sdmx.org/resources/sdmxml/schemas/v2_1/common">Predoi/Prettau</Name>
          <Parent>
            <Ref id="ITD10" xmlns="" />
          </Parent>
        </Code>
        <Code id="021069" urn="urn:sdmx:org.sdmx.infomodel.codelist.Code=IT1:CL_REFAREA(1.2).021069">
          <Name xml:lang="it" xmlns="http://www.sdmx.org/resources/sdmxml/schemas/v2_1/common">Proves/Proveis</Name>
          <Name xml:lang="en" xmlns="http://www.sdmx.org/resources/sdmxml/schemas/v2_1/common">Proves/Proveis</Name>
          <Parent>
            <Ref id="ITD10" xmlns="" />
          </Parent>
        </Code>
        <Code id="021070" urn="urn:sdmx:org.sdmx.infomodel.codelist.Code=IT1:CL_REFAREA(1.2).021070">
          <Name xml:lang="it" xmlns="http://www.sdmx.org/resources/sdmxml/schemas/v2_1/common">Racines/Ratschings</Name>
          <Name xml:lang="en" xmlns="http://www.sdmx.org/resources/sdmxml/schemas/v2_1/common">Racines/Ratschings</Name>
          <Parent>
            <Ref id="ITD10" xmlns="" />
          </Parent>
        </Code>
        <Code id="021071" urn="urn:sdmx:org.sdmx.infomodel.codelist.Code=IT1:CL_REFAREA(1.2).021071">
          <Name xml:lang="it" xmlns="http://www.sdmx.org/resources/sdmxml/schemas/v2_1/common">Rasun Anterselva/Rasen-Antholz</Name>
          <Name xml:lang="en" xmlns="http://www.sdmx.org/resources/sdmxml/schemas/v2_1/common">Rasun Anterselva/Rasen-Antholz</Name>
          <Parent>
            <Ref id="ITD10" xmlns="" />
          </Parent>
        </Code>
        <Code id="021072" urn="urn:sdmx:org.sdmx.infomodel.codelist.Code=IT1:CL_REFAREA(1.2).021072">
          <Name xml:lang="it" xmlns="http://www.sdmx.org/resources/sdmxml/schemas/v2_1/common">Renon/Ritten</Name>
          <Name xml:lang="en" xmlns="http://www.sdmx.org/resources/sdmxml/schemas/v2_1/common">Renon/Ritten</Name>
          <Parent>
            <Ref id="ITD10" xmlns="" />
          </Parent>
        </Code>
        <Code id="021073" urn="urn:sdmx:org.sdmx.infomodel.codelist.Code=IT1:CL_REFAREA(1.2).021073">
          <Name xml:lang="it" xmlns="http://www.sdmx.org/resources/sdmxml/schemas/v2_1/common">Rifiano/Riffian</Name>
          <Name xml:lang="en" xmlns="http://www.sdmx.org/resources/sdmxml/schemas/v2_1/common">Rifiano/Riffian</Name>
          <Parent>
            <Ref id="ITD10" xmlns="" />
          </Parent>
        </Code>
        <Code id="021074" urn="urn:sdmx:org.sdmx.infomodel.codelist.Code=IT1:CL_REFAREA(1.2).021074">
          <Name xml:lang="it" xmlns="http://www.sdmx.org/resources/sdmxml/schemas/v2_1/common">Rio di Pusteria/Mühlbach</Name>
          <Name xml:lang="en" xmlns="http://www.sdmx.org/resources/sdmxml/schemas/v2_1/common">Rio di Pusteria/Mühlbach</Name>
          <Parent>
            <Ref id="ITD10" xmlns="" />
          </Parent>
        </Code>
        <Code id="021075" urn="urn:sdmx:org.sdmx.infomodel.codelist.Code=IT1:CL_REFAREA(1.2).021075">
          <Name xml:lang="it" xmlns="http://www.sdmx.org/resources/sdmxml/schemas/v2_1/common">Rodengo/Rodeneck</Name>
          <Name xml:lang="en" xmlns="http://www.sdmx.org/resources/sdmxml/schemas/v2_1/common">Rodengo/Rodeneck</Name>
          <Parent>
            <Ref id="ITD10" xmlns="" />
          </Parent>
        </Code>
        <Code id="021076" urn="urn:sdmx:org.sdmx.infomodel.codelist.Code=IT1:CL_REFAREA(1.2).021076">
          <Name xml:lang="it" xmlns="http://www.sdmx.org/resources/sdmxml/schemas/v2_1/common">Salorno/Salurn</Name>
          <Name xml:lang="en" xmlns="http://www.sdmx.org/resources/sdmxml/schemas/v2_1/common">Salorno/Salurn</Name>
          <Parent>
            <Ref id="ITD10" xmlns="" />
          </Parent>
        </Code>
        <Code id="021077" urn="urn:sdmx:org.sdmx.infomodel.codelist.Code=IT1:CL_REFAREA(1.2).021077">
          <Name xml:lang="it" xmlns="http://www.sdmx.org/resources/sdmxml/schemas/v2_1/common">San Candido/Innichen</Name>
          <Name xml:lang="en" xmlns="http://www.sdmx.org/resources/sdmxml/schemas/v2_1/common">San Candido/Innichen</Name>
          <Parent>
            <Ref id="ITD10" xmlns="" />
          </Parent>
        </Code>
        <Code id="021079" urn="urn:sdmx:org.sdmx.infomodel.codelist.Code=IT1:CL_REFAREA(1.2).021079">
          <Name xml:lang="it" xmlns="http://www.sdmx.org/resources/sdmxml/schemas/v2_1/common">San Genesio Atesino/Jenesien</Name>
          <Name xml:lang="en" xmlns="http://www.sdmx.org/resources/sdmxml/schemas/v2_1/common">San Genesio Atesino/Jenesien</Name>
          <Parent>
            <Ref id="ITD10" xmlns="" />
          </Parent>
        </Code>
        <Code id="021080" urn="urn:sdmx:org.sdmx.infomodel.codelist.Code=IT1:CL_REFAREA(1.2).021080">
          <Name xml:lang="it" xmlns="http://www.sdmx.org/resources/sdmxml/schemas/v2_1/common">San Leonardo in Passiria/St. Leonhard in Passeier</Name>
          <Name xml:lang="en" xmlns="http://www.sdmx.org/resources/sdmxml/schemas/v2_1/common">San Leonardo in Passiria/St. Leonhard in Passeier</Name>
          <Parent>
            <Ref id="ITD10" xmlns="" />
          </Parent>
        </Code>
        <Code id="021081" urn="urn:sdmx:org.sdmx.infomodel.codelist.Code=IT1:CL_REFAREA(1.2).021081">
          <Name xml:lang="it" xmlns="http://www.sdmx.org/resources/sdmxml/schemas/v2_1/common">San Lorenzo di Sebato/St. Lorenzen</Name>
          <Name xml:lang="en" xmlns="http://www.sdmx.org/resources/sdmxml/schemas/v2_1/common">San Lorenzo di Sebato/St. Lorenzen</Name>
          <Parent>
            <Ref id="ITD10" xmlns="" />
          </Parent>
        </Code>
        <Code id="021082" urn="urn:sdmx:org.sdmx.infomodel.codelist.Code=IT1:CL_REFAREA(1.2).021082">
          <Name xml:lang="it" xmlns="http://www.sdmx.org/resources/sdmxml/schemas/v2_1/common">San Martino in Badia/St. Martin in Thurn</Name>
          <Name xml:lang="en" xmlns="http://www.sdmx.org/resources/sdmxml/schemas/v2_1/common">San Martino in Badia/St. Martin in Thurn</Name>
          <Parent>
            <Ref id="ITD10" xmlns="" />
          </Parent>
        </Code>
        <Code id="021083" urn="urn:sdmx:org.sdmx.infomodel.codelist.Code=IT1:CL_REFAREA(1.2).021083">
          <Name xml:lang="it" xmlns="http://www.sdmx.org/resources/sdmxml/schemas/v2_1/common">San Martino in Passiria/St. Martin in Passeier</Name>
          <Name xml:lang="en" xmlns="http://www.sdmx.org/resources/sdmxml/schemas/v2_1/common">San Martino in Passiria/St. Martin in Passeier</Name>
          <Parent>
            <Ref id="ITD10" xmlns="" />
          </Parent>
        </Code>
        <Code id="021084" urn="urn:sdmx:org.sdmx.infomodel.codelist.Code=IT1:CL_REFAREA(1.2).021084">
          <Name xml:lang="it" xmlns="http://www.sdmx.org/resources/sdmxml/schemas/v2_1/common">San Pancrazio/St. Pankraz</Name>
          <Name xml:lang="en" xmlns="http://www.sdmx.org/resources/sdmxml/schemas/v2_1/common">San Pancrazio/St. Pankraz</Name>
          <Parent>
            <Ref id="ITD10" xmlns="" />
          </Parent>
        </Code>
        <Code id="021085" urn="urn:sdmx:org.sdmx.infomodel.codelist.Code=IT1:CL_REFAREA(1.2).021085">
          <Name xml:lang="it" xmlns="http://www.sdmx.org/resources/sdmxml/schemas/v2_1/common">Santa Cristina Valgardena/St. Christina in Gröden</Name>
          <Name xml:lang="en" xmlns="http://www.sdmx.org/resources/sdmxml/schemas/v2_1/common">Santa Cristina Valgardena/St. Christina in Gröden</Name>
          <Parent>
            <Ref id="ITD10" xmlns="" />
          </Parent>
        </Code>
        <Code id="021086" urn="urn:sdmx:org.sdmx.infomodel.codelist.Code=IT1:CL_REFAREA(1.2).021086">
          <Name xml:lang="it" xmlns="http://www.sdmx.org/resources/sdmxml/schemas/v2_1/common">Sarentino/Sarntal</Name>
          <Name xml:lang="en" xmlns="http://www.sdmx.org/resources/sdmxml/schemas/v2_1/common">Sarentino/Sarntal</Name>
          <Parent>
            <Ref id="ITD10" xmlns="" />
          </Parent>
        </Code>
        <Code id="021087" urn="urn:sdmx:org.sdmx.infomodel.codelist.Code=IT1:CL_REFAREA(1.2).021087">
          <Name xml:lang="it" xmlns="http://www.sdmx.org/resources/sdmxml/schemas/v2_1/common">Scena/Schenna</Name>
          <Name xml:lang="en" xmlns="http://www.sdmx.org/resources/sdmxml/schemas/v2_1/common">Scena/Schenna</Name>
          <Parent>
            <Ref id="ITD10" xmlns="" />
          </Parent>
        </Code>
        <Code id="021088" urn="urn:sdmx:org.sdmx.infomodel.codelist.Code=IT1:CL_REFAREA(1.2).021088">
          <Name xml:lang="it" xmlns="http://www.sdmx.org/resources/sdmxml/schemas/v2_1/common">Selva dei Molini/Mühlwald</Name>
          <Name xml:lang="en" xmlns="http://www.sdmx.org/resources/sdmxml/schemas/v2_1/common">Selva dei Molini/Mühlwald</Name>
          <Parent>
            <Ref id="ITD10" xmlns="" />
          </Parent>
        </Code>
        <Code id="021089" urn="urn:sdmx:org.sdmx.infomodel.codelist.Code=IT1:CL_REFAREA(1.2).021089">
          <Name xml:lang="it" xmlns="http://www.sdmx.org/resources/sdmxml/schemas/v2_1/common">Selva di Val Gardena/Wolkenstein in Gröden</Name>
          <Name xml:lang="en" xmlns="http://www.sdmx.org/resources/sdmxml/schemas/v2_1/common">Selva di Val Gardena/Wolkenstein in Gröden</Name>
          <Parent>
            <Ref id="ITD10" xmlns="" />
          </Parent>
        </Code>
        <Code id="021091" urn="urn:sdmx:org.sdmx.infomodel.codelist.Code=IT1:CL_REFAREA(1.2).021091">
          <Name xml:lang="it" xmlns="http://www.sdmx.org/resources/sdmxml/schemas/v2_1/common">Senales/Schnals</Name>
          <Name xml:lang="en" xmlns="http://www.sdmx.org/resources/sdmxml/schemas/v2_1/common">Senales/Schnals</Name>
          <Parent>
            <Ref id="ITD10" xmlns="" />
          </Parent>
        </Code>
        <Code id="021092" urn="urn:sdmx:org.sdmx.infomodel.codelist.Code=IT1:CL_REFAREA(1.2).021092">
          <Name xml:lang="it" xmlns="http://www.sdmx.org/resources/sdmxml/schemas/v2_1/common">Sesto/Sexten</Name>
          <Name xml:lang="en" xmlns="http://www.sdmx.org/resources/sdmxml/schemas/v2_1/common">Sesto/Sexten</Name>
          <Parent>
            <Ref id="ITD10" xmlns="" />
          </Parent>
        </Code>
        <Code id="021093" urn="urn:sdmx:org.sdmx.infomodel.codelist.Code=IT1:CL_REFAREA(1.2).021093">
          <Name xml:lang="it" xmlns="http://www.sdmx.org/resources/sdmxml/schemas/v2_1/common">Silandro/Schlanders</Name>
          <Name xml:lang="en" xmlns="http://www.sdmx.org/resources/sdmxml/schemas/v2_1/common">Silandro/Schlanders</Name>
          <Parent>
            <Ref id="ITD10" xmlns="" />
          </Parent>
        </Code>
        <Code id="021094" urn="urn:sdmx:org.sdmx.infomodel.codelist.Code=IT1:CL_REFAREA(1.2).021094">
          <Name xml:lang="it" xmlns="http://www.sdmx.org/resources/sdmxml/schemas/v2_1/common">Sluderno/Schluderns</Name>
          <Name xml:lang="en" xmlns="http://www.sdmx.org/resources/sdmxml/schemas/v2_1/common">Sluderno/Schluderns</Name>
          <Parent>
            <Ref id="ITD10" xmlns="" />
          </Parent>
        </Code>
        <Code id="021095" urn="urn:sdmx:org.sdmx.infomodel.codelist.Code=IT1:CL_REFAREA(1.2).021095">
          <Name xml:lang="it" xmlns="http://www.sdmx.org/resources/sdmxml/schemas/v2_1/common">Stelvio/Stilfs</Name>
          <Name xml:lang="en" xmlns="http://www.sdmx.org/resources/sdmxml/schemas/v2_1/common">Stelvio/Stilfs</Name>
          <Parent>
            <Ref id="ITD10" xmlns="" />
          </Parent>
        </Code>
        <Code id="021096" urn="urn:sdmx:org.sdmx.infomodel.codelist.Code=IT1:CL_REFAREA(1.2).021096">
          <Name xml:lang="it" xmlns="http://www.sdmx.org/resources/sdmxml/schemas/v2_1/common">Terento/Terenten</Name>
          <Name xml:lang="en" xmlns="http://www.sdmx.org/resources/sdmxml/schemas/v2_1/common">Terento/Terenten</Name>
          <Parent>
            <Ref id="ITD10" xmlns="" />
          </Parent>
        </Code>
        <Code id="021097" urn="urn:sdmx:org.sdmx.infomodel.codelist.Code=IT1:CL_REFAREA(1.2).021097">
          <Name xml:lang="it" xmlns="http://www.sdmx.org/resources/sdmxml/schemas/v2_1/common">Terlano/Terlan</Name>
          <Name xml:lang="en" xmlns="http://www.sdmx.org/resources/sdmxml/schemas/v2_1/common">Terlano/Terlan</Name>
          <Parent>
            <Ref id="ITD10" xmlns="" />
          </Parent>
        </Code>
        <Code id="021098" urn="urn:sdmx:org.sdmx.infomodel.codelist.Code=IT1:CL_REFAREA(1.2).021098">
          <Name xml:lang="it" xmlns="http://www.sdmx.org/resources/sdmxml/schemas/v2_1/common">Termeno sulla strada del vino/Tramin an der Weinstraße</Name>
          <Name xml:lang="en" xmlns="http://www.sdmx.org/resources/sdmxml/schemas/v2_1/common">Termeno sulla strada del vino/Tramin an der Weinstraße</Name>
          <Parent>
            <Ref id="ITD10" xmlns="" />
          </Parent>
        </Code>
        <Code id="021099" urn="urn:sdmx:org.sdmx.infomodel.codelist.Code=IT1:CL_REFAREA(1.2).021099">
          <Name xml:lang="it" xmlns="http://www.sdmx.org/resources/sdmxml/schemas/v2_1/common">Tesimo/Tisens</Name>
          <Name xml:lang="en" xmlns="http://www.sdmx.org/resources/sdmxml/schemas/v2_1/common">Tesimo/Tisens</Name>
          <Parent>
            <Ref id="ITD10" xmlns="" />
          </Parent>
        </Code>
        <Code id="021100" urn="urn:sdmx:org.sdmx.infomodel.codelist.Code=IT1:CL_REFAREA(1.2).021100">
          <Name xml:lang="it" xmlns="http://www.sdmx.org/resources/sdmxml/schemas/v2_1/common">Tires/Tiers</Name>
          <Name xml:lang="en" xmlns="http://www.sdmx.org/resources/sdmxml/schemas/v2_1/common">Tires/Tiers</Name>
          <Parent>
            <Ref id="ITD10" xmlns="" />
          </Parent>
        </Code>
        <Code id="021101" urn="urn:sdmx:org.sdmx.infomodel.codelist.Code=IT1:CL_REFAREA(1.2).021101">
          <Name xml:lang="it" xmlns="http://www.sdmx.org/resources/sdmxml/schemas/v2_1/common">Tirolo/Tirol</Name>
          <Name xml:lang="en" xmlns="http://www.sdmx.org/resources/sdmxml/schemas/v2_1/common">Tirolo/Tirol</Name>
          <Parent>
            <Ref id="ITD10" xmlns="" />
          </Parent>
        </Code>
        <Code id="021102" urn="urn:sdmx:org.sdmx.infomodel.codelist.Code=IT1:CL_REFAREA(1.2).021102">
          <Name xml:lang="it" xmlns="http://www.sdmx.org/resources/sdmxml/schemas/v2_1/common">Trodena nel parco naturale/Truden im Naturpark</Name>
          <Name xml:lang="en" xmlns="http://www.sdmx.org/resources/sdmxml/schemas/v2_1/common">Trodena nel parco naturale/Truden im Naturpark</Name>
          <Parent>
            <Ref id="ITD10" xmlns="" />
          </Parent>
        </Code>
        <Code id="021103" urn="urn:sdmx:org.sdmx.infomodel.codelist.Code=IT1:CL_REFAREA(1.2).021103">
          <Name xml:lang="it" xmlns="http://www.sdmx.org/resources/sdmxml/schemas/v2_1/common">Tubre/Taufers im Münstertal</Name>
          <Name xml:lang="en" xmlns="http://www.sdmx.org/resources/sdmxml/schemas/v2_1/common">Tubre/Taufers im Münstertal</Name>
          <Parent>
            <Ref id="ITD10" xmlns="" />
          </Parent>
        </Code>
        <Code id="021104" urn="urn:sdmx:org.sdmx.infomodel.codelist.Code=IT1:CL_REFAREA(1.2).021104">
          <Name xml:lang="it" xmlns="http://www.sdmx.org/resources/sdmxml/schemas/v2_1/common">Ultimo/Ulten</Name>
          <Name xml:lang="en" xmlns="http://www.sdmx.org/resources/sdmxml/schemas/v2_1/common">Ultimo/Ulten</Name>
          <Parent>
            <Ref id="ITD10" xmlns="" />
          </Parent>
        </Code>
        <Code id="021105" urn="urn:sdmx:org.sdmx.infomodel.codelist.Code=IT1:CL_REFAREA(1.2).021105">
          <Name xml:lang="it" xmlns="http://www.sdmx.org/resources/sdmxml/schemas/v2_1/common">Vadena/Pfatten</Name>
          <Name xml:lang="en" xmlns="http://www.sdmx.org/resources/sdmxml/schemas/v2_1/common">Vadena/Pfatten</Name>
          <Parent>
            <Ref id="ITD10" xmlns="" />
          </Parent>
        </Code>
        <Code id="021106" urn="urn:sdmx:org.sdmx.infomodel.codelist.Code=IT1:CL_REFAREA(1.2).021106">
          <Name xml:lang="it" xmlns="http://www.sdmx.org/resources/sdmxml/schemas/v2_1/common">Valdaora/Olang</Name>
          <Name xml:lang="en" xmlns="http://www.sdmx.org/resources/sdmxml/schemas/v2_1/common">Valdaora/Olang</Name>
          <Parent>
            <Ref id="ITD10" xmlns="" />
          </Parent>
        </Code>
        <Code id="021107" urn="urn:sdmx:org.sdmx.infomodel.codelist.Code=IT1:CL_REFAREA(1.2).021107">
          <Name xml:lang="it" xmlns="http://www.sdmx.org/resources/sdmxml/schemas/v2_1/common">Val di Vizze/Pfitsch</Name>
          <Name xml:lang="en" xmlns="http://www.sdmx.org/resources/sdmxml/schemas/v2_1/common">Val di Vizze/Pfitsch</Name>
          <Parent>
            <Ref id="ITD10" xmlns="" />
          </Parent>
        </Code>
        <Code id="021108" urn="urn:sdmx:org.sdmx.infomodel.codelist.Code=IT1:CL_REFAREA(1.2).021108">
          <Name xml:lang="it" xmlns="http://www.sdmx.org/resources/sdmxml/schemas/v2_1/common">Valle Aurina/Ahrntal</Name>
          <Name xml:lang="en" xmlns="http://www.sdmx.org/resources/sdmxml/schemas/v2_1/common">Valle Aurina/Ahrntal</Name>
          <Parent>
            <Ref id="ITD10" xmlns="" />
          </Parent>
        </Code>
        <Code id="021109" urn="urn:sdmx:org.sdmx.infomodel.codelist.Code=IT1:CL_REFAREA(1.2).021109">
          <Name xml:lang="it" xmlns="http://www.sdmx.org/resources/sdmxml/schemas/v2_1/common">Valle di Casies/Gsies</Name>
          <Name xml:lang="en" xmlns="http://www.sdmx.org/resources/sdmxml/schemas/v2_1/common">Valle di Casies/Gsies</Name>
          <Parent>
            <Ref id="ITD10" xmlns="" />
          </Parent>
        </Code>
        <Code id="021110" urn="urn:sdmx:org.sdmx.infomodel.codelist.Code=IT1:CL_REFAREA(1.2).021110">
          <Name xml:lang="it" xmlns="http://www.sdmx.org/resources/sdmxml/schemas/v2_1/common">Vandoies/Vintl</Name>
          <Name xml:lang="en" xmlns="http://www.sdmx.org/resources/sdmxml/schemas/v2_1/common">Vandoies/Vintl</Name>
          <Parent>
            <Ref id="ITD10" xmlns="" />
          </Parent>
        </Code>
        <Code id="021111" urn="urn:sdmx:org.sdmx.infomodel.codelist.Code=IT1:CL_REFAREA(1.2).021111">
          <Name xml:lang="it" xmlns="http://www.sdmx.org/resources/sdmxml/schemas/v2_1/common">Varna/Vahrn</Name>
          <Name xml:lang="en" xmlns="http://www.sdmx.org/resources/sdmxml/schemas/v2_1/common">Varna/Vahrn</Name>
          <Parent>
            <Ref id="ITD10" xmlns="" />
          </Parent>
        </Code>
        <Code id="021112" urn="urn:sdmx:org.sdmx.infomodel.codelist.Code=IT1:CL_REFAREA(1.2).021112">
          <Name xml:lang="it" xmlns="http://www.sdmx.org/resources/sdmxml/schemas/v2_1/common">Verano/Vöran</Name>
          <Name xml:lang="en" xmlns="http://www.sdmx.org/resources/sdmxml/schemas/v2_1/common">Verano/Vöran</Name>
          <Parent>
            <Ref id="ITD10" xmlns="" />
          </Parent>
        </Code>
        <Code id="021113" urn="urn:sdmx:org.sdmx.infomodel.codelist.Code=IT1:CL_REFAREA(1.2).021113">
          <Name xml:lang="it" xmlns="http://www.sdmx.org/resources/sdmxml/schemas/v2_1/common">Villabassa/Niederdorf</Name>
          <Name xml:lang="en" xmlns="http://www.sdmx.org/resources/sdmxml/schemas/v2_1/common">Villabassa/Niederdorf</Name>
          <Parent>
            <Ref id="ITD10" xmlns="" />
          </Parent>
        </Code>
        <Code id="021114" urn="urn:sdmx:org.sdmx.infomodel.codelist.Code=IT1:CL_REFAREA(1.2).021114">
          <Name xml:lang="it" xmlns="http://www.sdmx.org/resources/sdmxml/schemas/v2_1/common">Villandro/Villanders</Name>
          <Name xml:lang="en" xmlns="http://www.sdmx.org/resources/sdmxml/schemas/v2_1/common">Villandro/Villanders</Name>
          <Parent>
            <Ref id="ITD10" xmlns="" />
          </Parent>
        </Code>
        <Code id="021115" urn="urn:sdmx:org.sdmx.infomodel.codelist.Code=IT1:CL_REFAREA(1.2).021115">
          <Name xml:lang="it" xmlns="http://www.sdmx.org/resources/sdmxml/schemas/v2_1/common">Vipiteno/Sterzing</Name>
          <Name xml:lang="en" xmlns="http://www.sdmx.org/resources/sdmxml/schemas/v2_1/common">Vipiteno/Sterzing</Name>
          <Parent>
            <Ref id="ITD10" xmlns="" />
          </Parent>
        </Code>
        <Code id="021116" urn="urn:sdmx:org.sdmx.infomodel.codelist.Code=IT1:CL_REFAREA(1.2).021116">
          <Name xml:lang="it" xmlns="http://www.sdmx.org/resources/sdmxml/schemas/v2_1/common">Velturno/Feldthurns</Name>
          <Name xml:lang="en" xmlns="http://www.sdmx.org/resources/sdmxml/schemas/v2_1/common">Velturno/Feldthurns</Name>
          <Parent>
            <Ref id="ITD10" xmlns="" />
          </Parent>
        </Code>
        <Code id="021117" urn="urn:sdmx:org.sdmx.infomodel.codelist.Code=IT1:CL_REFAREA(1.2).021117">
          <Name xml:lang="it" xmlns="http://www.sdmx.org/resources/sdmxml/schemas/v2_1/common">La Valle/Wengen</Name>
          <Name xml:lang="en" xmlns="http://www.sdmx.org/resources/sdmxml/schemas/v2_1/common">La Valle/Wengen</Name>
          <Parent>
            <Ref id="ITD10" xmlns="" />
          </Parent>
        </Code>
        <Code id="021118" urn="urn:sdmx:org.sdmx.infomodel.codelist.Code=IT1:CL_REFAREA(1.2).021118">
          <Name xml:lang="it" xmlns="http://www.sdmx.org/resources/sdmxml/schemas/v2_1/common">Senale-San Felice/Unsere Liebe Frau im Walde-St. Felix</Name>
          <Name xml:lang="en" xmlns="http://www.sdmx.org/resources/sdmxml/schemas/v2_1/common">Senale-San Felice/Unsere Liebe Frau im Walde-St. Felix</Name>
          <Parent>
            <Ref id="ITD10" xmlns="" />
          </Parent>
        </Code>
        <Code id="022001" urn="urn:sdmx:org.sdmx.infomodel.codelist.Code=IT1:CL_REFAREA(1.2).022001">
          <Name xml:lang="it" xmlns="http://www.sdmx.org/resources/sdmxml/schemas/v2_1/common">Ala</Name>
          <Name xml:lang="en" xmlns="http://www.sdmx.org/resources/sdmxml/schemas/v2_1/common">Ala</Name>
          <Parent>
            <Ref id="ITD20" xmlns="" />
          </Parent>
        </Code>
        <Code id="022002" urn="urn:sdmx:org.sdmx.infomodel.codelist.Code=IT1:CL_REFAREA(1.2).022002">
          <Name xml:lang="it" xmlns="http://www.sdmx.org/resources/sdmxml/schemas/v2_1/common">Albiano</Name>
          <Name xml:lang="en" xmlns="http://www.sdmx.org/resources/sdmxml/schemas/v2_1/common">Albiano</Name>
          <Parent>
            <Ref id="ITD20" xmlns="" />
          </Parent>
        </Code>
        <Code id="022003" urn="urn:sdmx:org.sdmx.infomodel.codelist.Code=IT1:CL_REFAREA(1.2).022003">
          <Name xml:lang="it" xmlns="http://www.sdmx.org/resources/sdmxml/schemas/v2_1/common">Aldeno</Name>
          <Name xml:lang="en" xmlns="http://www.sdmx.org/resources/sdmxml/schemas/v2_1/common">Aldeno</Name>
          <Parent>
            <Ref id="ITD20" xmlns="" />
          </Parent>
        </Code>
        <Code id="022004" urn="urn:sdmx:org.sdmx.infomodel.codelist.Code=IT1:CL_REFAREA(1.2).022004">
          <Name xml:lang="it" xmlns="http://www.sdmx.org/resources/sdmxml/schemas/v2_1/common">Amblar</Name>
          <Name xml:lang="en" xmlns="http://www.sdmx.org/resources/sdmxml/schemas/v2_1/common">Amblar</Name>
          <Parent>
            <Ref id="ITD20" xmlns="" />
          </Parent>
        </Code>
        <Code id="022005" urn="urn:sdmx:org.sdmx.infomodel.codelist.Code=IT1:CL_REFAREA(1.2).022005">
          <Name xml:lang="it" xmlns="http://www.sdmx.org/resources/sdmxml/schemas/v2_1/common">Andalo</Name>
          <Name xml:lang="en" xmlns="http://www.sdmx.org/resources/sdmxml/schemas/v2_1/common">Andalo</Name>
          <Parent>
            <Ref id="ITD20" xmlns="" />
          </Parent>
        </Code>
        <Code id="022006" urn="urn:sdmx:org.sdmx.infomodel.codelist.Code=IT1:CL_REFAREA(1.2).022006">
          <Name xml:lang="it" xmlns="http://www.sdmx.org/resources/sdmxml/schemas/v2_1/common">Arco</Name>
          <Name xml:lang="en" xmlns="http://www.sdmx.org/resources/sdmxml/schemas/v2_1/common">Arco</Name>
          <Parent>
            <Ref id="ITD20" xmlns="" />
          </Parent>
        </Code>
        <Code id="022007" urn="urn:sdmx:org.sdmx.infomodel.codelist.Code=IT1:CL_REFAREA(1.2).022007">
          <Name xml:lang="it" xmlns="http://www.sdmx.org/resources/sdmxml/schemas/v2_1/common">Avio</Name>
          <Name xml:lang="en" xmlns="http://www.sdmx.org/resources/sdmxml/schemas/v2_1/common">Avio</Name>
          <Parent>
            <Ref id="ITD20" xmlns="" />
          </Parent>
        </Code>
        <Code id="022009" urn="urn:sdmx:org.sdmx.infomodel.codelist.Code=IT1:CL_REFAREA(1.2).022009">
          <Name xml:lang="it" xmlns="http://www.sdmx.org/resources/sdmxml/schemas/v2_1/common">Baselga di Pinè</Name>
          <Name xml:lang="en" xmlns="http://www.sdmx.org/resources/sdmxml/schemas/v2_1/common">Baselga di Pinè</Name>
          <Parent>
            <Ref id="ITD20" xmlns="" />
          </Parent>
        </Code>
        <Code id="022011" urn="urn:sdmx:org.sdmx.infomodel.codelist.Code=IT1:CL_REFAREA(1.2).022011">
          <Name xml:lang="it" xmlns="http://www.sdmx.org/resources/sdmxml/schemas/v2_1/common">Bedollo</Name>
          <Name xml:lang="en" xmlns="http://www.sdmx.org/resources/sdmxml/schemas/v2_1/common">Bedollo</Name>
          <Parent>
            <Ref id="ITD20" xmlns="" />
          </Parent>
        </Code>
        <Code id="022012" urn="urn:sdmx:org.sdmx.infomodel.codelist.Code=IT1:CL_REFAREA(1.2).022012">
          <Name xml:lang="it" xmlns="http://www.sdmx.org/resources/sdmxml/schemas/v2_1/common">Bersone</Name>
          <Name xml:lang="en" xmlns="http://www.sdmx.org/resources/sdmxml/schemas/v2_1/common">Bersone</Name>
          <Parent>
            <Ref id="ITD20" xmlns="" />
          </Parent>
        </Code>
        <Code id="022013" urn="urn:sdmx:org.sdmx.infomodel.codelist.Code=IT1:CL_REFAREA(1.2).022013">
          <Name xml:lang="it" xmlns="http://www.sdmx.org/resources/sdmxml/schemas/v2_1/common">Besenello</Name>
          <Name xml:lang="en" xmlns="http://www.sdmx.org/resources/sdmxml/schemas/v2_1/common">Besenello</Name>
          <Parent>
            <Ref id="ITD20" xmlns="" />
          </Parent>
        </Code>
        <Code id="022014" urn="urn:sdmx:org.sdmx.infomodel.codelist.Code=IT1:CL_REFAREA(1.2).022014">
          <Name xml:lang="it" xmlns="http://www.sdmx.org/resources/sdmxml/schemas/v2_1/common">Bezzecca</Name>
          <Name xml:lang="en" xmlns="http://www.sdmx.org/resources/sdmxml/schemas/v2_1/common">Bezzecca</Name>
          <Parent>
            <Ref id="ITD20" xmlns="" />
          </Parent>
        </Code>
        <Code id="022015" urn="urn:sdmx:org.sdmx.infomodel.codelist.Code=IT1:CL_REFAREA(1.2).022015">
          <Name xml:lang="it" xmlns="http://www.sdmx.org/resources/sdmxml/schemas/v2_1/common">Bieno</Name>
          <Name xml:lang="en" xmlns="http://www.sdmx.org/resources/sdmxml/schemas/v2_1/common">Bieno</Name>
          <Parent>
            <Ref id="ITD20" xmlns="" />
          </Parent>
        </Code>
        <Code id="022016" urn="urn:sdmx:org.sdmx.infomodel.codelist.Code=IT1:CL_REFAREA(1.2).022016">
          <Name xml:lang="it" xmlns="http://www.sdmx.org/resources/sdmxml/schemas/v2_1/common">Bleggio Inferiore</Name>
          <Name xml:lang="en" xmlns="http://www.sdmx.org/resources/sdmxml/schemas/v2_1/common">Bleggio Inferiore</Name>
          <Parent>
            <Ref id="ITD20" xmlns="" />
          </Parent>
        </Code>
        <Code id="022017" urn="urn:sdmx:org.sdmx.infomodel.codelist.Code=IT1:CL_REFAREA(1.2).022017">
          <Name xml:lang="it" xmlns="http://www.sdmx.org/resources/sdmxml/schemas/v2_1/common">Bleggio Superiore</Name>
          <Name xml:lang="en" xmlns="http://www.sdmx.org/resources/sdmxml/schemas/v2_1/common">Bleggio Superiore</Name>
          <Parent>
            <Ref id="ITD20" xmlns="" />
          </Parent>
        </Code>
        <Code id="022018" urn="urn:sdmx:org.sdmx.infomodel.codelist.Code=IT1:CL_REFAREA(1.2).022018">
          <Name xml:lang="it" xmlns="http://www.sdmx.org/resources/sdmxml/schemas/v2_1/common">Bocenago</Name>
          <Name xml:lang="en" xmlns="http://www.sdmx.org/resources/sdmxml/schemas/v2_1/common">Bocenago</Name>
          <Parent>
            <Ref id="ITD20" xmlns="" />
          </Parent>
        </Code>
        <Code id="022019" urn="urn:sdmx:org.sdmx.infomodel.codelist.Code=IT1:CL_REFAREA(1.2).022019">
          <Name xml:lang="it" xmlns="http://www.sdmx.org/resources/sdmxml/schemas/v2_1/common">Bolbeno</Name>
          <Name xml:lang="en" xmlns="http://www.sdmx.org/resources/sdmxml/schemas/v2_1/common">Bolbeno</Name>
          <Parent>
            <Ref id="ITD20" xmlns="" />
          </Parent>
        </Code>
        <Code id="022020" urn="urn:sdmx:org.sdmx.infomodel.codelist.Code=IT1:CL_REFAREA(1.2).022020">
          <Name xml:lang="it" xmlns="http://www.sdmx.org/resources/sdmxml/schemas/v2_1/common">Bondo</Name>
          <Name xml:lang="en" xmlns="http://www.sdmx.org/resources/sdmxml/schemas/v2_1/common">Bondo</Name>
          <Parent>
            <Ref id="ITD20" xmlns="" />
          </Parent>
        </Code>
        <Code id="022021" urn="urn:sdmx:org.sdmx.infomodel.codelist.Code=IT1:CL_REFAREA(1.2).022021">
          <Name xml:lang="it" xmlns="http://www.sdmx.org/resources/sdmxml/schemas/v2_1/common">Bondone</Name>
          <Name xml:lang="en" xmlns="http://www.sdmx.org/resources/sdmxml/schemas/v2_1/common">Bondone</Name>
          <Parent>
            <Ref id="ITD20" xmlns="" />
          </Parent>
        </Code>
        <Code id="022022" urn="urn:sdmx:org.sdmx.infomodel.codelist.Code=IT1:CL_REFAREA(1.2).022022">
          <Name xml:lang="it" xmlns="http://www.sdmx.org/resources/sdmxml/schemas/v2_1/common">Borgo Valsugana</Name>
          <Name xml:lang="en" xmlns="http://www.sdmx.org/resources/sdmxml/schemas/v2_1/common">Borgo Valsugana</Name>
          <Parent>
            <Ref id="ITD20" xmlns="" />
          </Parent>
        </Code>
        <Code id="022023" urn="urn:sdmx:org.sdmx.infomodel.codelist.Code=IT1:CL_REFAREA(1.2).022023">
          <Name xml:lang="it" xmlns="http://www.sdmx.org/resources/sdmxml/schemas/v2_1/common">Bosentino</Name>
          <Name xml:lang="en" xmlns="http://www.sdmx.org/resources/sdmxml/schemas/v2_1/common">Bosentino</Name>
          <Parent>
            <Ref id="ITD20" xmlns="" />
          </Parent>
        </Code>
        <Code id="022024" urn="urn:sdmx:org.sdmx.infomodel.codelist.Code=IT1:CL_REFAREA(1.2).022024">
          <Name xml:lang="it" xmlns="http://www.sdmx.org/resources/sdmxml/schemas/v2_1/common">Breguzzo</Name>
          <Name xml:lang="en" xmlns="http://www.sdmx.org/resources/sdmxml/schemas/v2_1/common">Breguzzo</Name>
          <Parent>
            <Ref id="ITD20" xmlns="" />
          </Parent>
        </Code>
        <Code id="022025" urn="urn:sdmx:org.sdmx.infomodel.codelist.Code=IT1:CL_REFAREA(1.2).022025">
          <Name xml:lang="it" xmlns="http://www.sdmx.org/resources/sdmxml/schemas/v2_1/common">Brentonico</Name>
          <Name xml:lang="en" xmlns="http://www.sdmx.org/resources/sdmxml/schemas/v2_1/common">Brentonico</Name>
          <Parent>
            <Ref id="ITD20" xmlns="" />
          </Parent>
        </Code>
        <Code id="022026" urn="urn:sdmx:org.sdmx.infomodel.codelist.Code=IT1:CL_REFAREA(1.2).022026">
          <Name xml:lang="it" xmlns="http://www.sdmx.org/resources/sdmxml/schemas/v2_1/common">Bresimo</Name>
          <Name xml:lang="en" xmlns="http://www.sdmx.org/resources/sdmxml/schemas/v2_1/common">Bresimo</Name>
          <Parent>
            <Ref id="ITD20" xmlns="" />
          </Parent>
        </Code>
        <Code id="022027" urn="urn:sdmx:org.sdmx.infomodel.codelist.Code=IT1:CL_REFAREA(1.2).022027">
          <Name xml:lang="it" xmlns="http://www.sdmx.org/resources/sdmxml/schemas/v2_1/common">Brez</Name>
          <Name xml:lang="en" xmlns="http://www.sdmx.org/resources/sdmxml/schemas/v2_1/common">Brez</Name>
          <Parent>
            <Ref id="ITD20" xmlns="" />
          </Parent>
        </Code>
        <Code id="022028" urn="urn:sdmx:org.sdmx.infomodel.codelist.Code=IT1:CL_REFAREA(1.2).022028">
          <Name xml:lang="it" xmlns="http://www.sdmx.org/resources/sdmxml/schemas/v2_1/common">Brione</Name>
          <Name xml:lang="en" xmlns="http://www.sdmx.org/resources/sdmxml/schemas/v2_1/common">Brione</Name>
          <Parent>
            <Ref id="ITD20" xmlns="" />
          </Parent>
        </Code>
        <Code id="022029" urn="urn:sdmx:org.sdmx.infomodel.codelist.Code=IT1:CL_REFAREA(1.2).022029">
          <Name xml:lang="it" xmlns="http://www.sdmx.org/resources/sdmxml/schemas/v2_1/common">Caderzone Terme</Name>
          <Name xml:lang="en" xmlns="http://www.sdmx.org/resources/sdmxml/schemas/v2_1/common">Caderzone Terme</Name>
          <Parent>
            <Ref id="ITD20" xmlns="" />
          </Parent>
        </Code>
        <Code id="022030" urn="urn:sdmx:org.sdmx.infomodel.codelist.Code=IT1:CL_REFAREA(1.2).022030">
          <Name xml:lang="it" xmlns="http://www.sdmx.org/resources/sdmxml/schemas/v2_1/common">Cagnò</Name>
          <Name xml:lang="en" xmlns="http://www.sdmx.org/resources/sdmxml/schemas/v2_1/common">Cagnò</Name>
          <Parent>
            <Ref id="ITD20" xmlns="" />
          </Parent>
        </Code>
        <Code id="022031" urn="urn:sdmx:org.sdmx.infomodel.codelist.Code=IT1:CL_REFAREA(1.2).022031">
          <Name xml:lang="it" xmlns="http://www.sdmx.org/resources/sdmxml/schemas/v2_1/common">Calavino</Name>
          <Name xml:lang="en" xmlns="http://www.sdmx.org/resources/sdmxml/schemas/v2_1/common">Calavino</Name>
          <Parent>
            <Ref id="ITD20" xmlns="" />
          </Parent>
        </Code>
        <Code id="022032" urn="urn:sdmx:org.sdmx.infomodel.codelist.Code=IT1:CL_REFAREA(1.2).022032">
          <Name xml:lang="it" xmlns="http://www.sdmx.org/resources/sdmxml/schemas/v2_1/common">Calceranica al Lago</Name>
          <Name xml:lang="en" xmlns="http://www.sdmx.org/resources/sdmxml/schemas/v2_1/common">Calceranica al Lago</Name>
          <Parent>
            <Ref id="ITD20" xmlns="" />
          </Parent>
        </Code>
        <Code id="022033" urn="urn:sdmx:org.sdmx.infomodel.codelist.Code=IT1:CL_REFAREA(1.2).022033">
          <Name xml:lang="it" xmlns="http://www.sdmx.org/resources/sdmxml/schemas/v2_1/common">Caldes</Name>
          <Name xml:lang="en" xmlns="http://www.sdmx.org/resources/sdmxml/schemas/v2_1/common">Caldes</Name>
          <Parent>
            <Ref id="ITD20" xmlns="" />
          </Parent>
        </Code>
        <Code id="022034" urn="urn:sdmx:org.sdmx.infomodel.codelist.Code=IT1:CL_REFAREA(1.2).022034">
          <Name xml:lang="it" xmlns="http://www.sdmx.org/resources/sdmxml/schemas/v2_1/common">Caldonazzo</Name>
          <Name xml:lang="en" xmlns="http://www.sdmx.org/resources/sdmxml/schemas/v2_1/common">Caldonazzo</Name>
          <Parent>
            <Ref id="ITD20" xmlns="" />
          </Parent>
        </Code>
        <Code id="022035" urn="urn:sdmx:org.sdmx.infomodel.codelist.Code=IT1:CL_REFAREA(1.2).022035">
          <Name xml:lang="it" xmlns="http://www.sdmx.org/resources/sdmxml/schemas/v2_1/common">Calliano</Name>
          <Name xml:lang="en" xmlns="http://www.sdmx.org/resources/sdmxml/schemas/v2_1/common">Calliano</Name>
          <Parent>
            <Ref id="ITD20" xmlns="" />
          </Parent>
        </Code>
        <Code id="022036" urn="urn:sdmx:org.sdmx.infomodel.codelist.Code=IT1:CL_REFAREA(1.2).022036">
          <Name xml:lang="it" xmlns="http://www.sdmx.org/resources/sdmxml/schemas/v2_1/common">Campitello di Fassa</Name>
          <Name xml:lang="en" xmlns="http://www.sdmx.org/resources/sdmxml/schemas/v2_1/common">Campitello di Fassa</Name>
          <Parent>
            <Ref id="ITD20" xmlns="" />
          </Parent>
        </Code>
        <Code id="022037" urn="urn:sdmx:org.sdmx.infomodel.codelist.Code=IT1:CL_REFAREA(1.2).022037">
          <Name xml:lang="it" xmlns="http://www.sdmx.org/resources/sdmxml/schemas/v2_1/common">Campodenno</Name>
          <Name xml:lang="en" xmlns="http://www.sdmx.org/resources/sdmxml/schemas/v2_1/common">Campodenno</Name>
          <Parent>
            <Ref id="ITD20" xmlns="" />
          </Parent>
        </Code>
        <Code id="022038" urn="urn:sdmx:org.sdmx.infomodel.codelist.Code=IT1:CL_REFAREA(1.2).022038">
          <Name xml:lang="it" xmlns="http://www.sdmx.org/resources/sdmxml/schemas/v2_1/common">Canal San Bovo</Name>
          <Name xml:lang="en" xmlns="http://www.sdmx.org/resources/sdmxml/schemas/v2_1/common">Canal San Bovo</Name>
          <Parent>
            <Ref id="ITD20" xmlns="" />
          </Parent>
        </Code>
        <Code id="022039" urn="urn:sdmx:org.sdmx.infomodel.codelist.Code=IT1:CL_REFAREA(1.2).022039">
          <Name xml:lang="it" xmlns="http://www.sdmx.org/resources/sdmxml/schemas/v2_1/common">Canazei</Name>
          <Name xml:lang="en" xmlns="http://www.sdmx.org/resources/sdmxml/schemas/v2_1/common">Canazei</Name>
          <Parent>
            <Ref id="ITD20" xmlns="" />
          </Parent>
        </Code>
        <Code id="022040" urn="urn:sdmx:org.sdmx.infomodel.codelist.Code=IT1:CL_REFAREA(1.2).022040">
          <Name xml:lang="it" xmlns="http://www.sdmx.org/resources/sdmxml/schemas/v2_1/common">Capriana</Name>
          <Name xml:lang="en" xmlns="http://www.sdmx.org/resources/sdmxml/schemas/v2_1/common">Capriana</Name>
          <Parent>
            <Ref id="ITD20" xmlns="" />
          </Parent>
        </Code>
        <Code id="022041" urn="urn:sdmx:org.sdmx.infomodel.codelist.Code=IT1:CL_REFAREA(1.2).022041">
          <Name xml:lang="it" xmlns="http://www.sdmx.org/resources/sdmxml/schemas/v2_1/common">Carano</Name>
          <Name xml:lang="en" xmlns="http://www.sdmx.org/resources/sdmxml/schemas/v2_1/common">Carano</Name>
          <Parent>
            <Ref id="ITD20" xmlns="" />
          </Parent>
        </Code>
        <Code id="022042" urn="urn:sdmx:org.sdmx.infomodel.codelist.Code=IT1:CL_REFAREA(1.2).022042">
          <Name xml:lang="it" xmlns="http://www.sdmx.org/resources/sdmxml/schemas/v2_1/common">Carisolo</Name>
          <Name xml:lang="en" xmlns="http://www.sdmx.org/resources/sdmxml/schemas/v2_1/common">Carisolo</Name>
          <Parent>
            <Ref id="ITD20" xmlns="" />
          </Parent>
        </Code>
        <Code id="022043" urn="urn:sdmx:org.sdmx.infomodel.codelist.Code=IT1:CL_REFAREA(1.2).022043">
          <Name xml:lang="it" xmlns="http://www.sdmx.org/resources/sdmxml/schemas/v2_1/common">Carzano</Name>
          <Name xml:lang="en" xmlns="http://www.sdmx.org/resources/sdmxml/schemas/v2_1/common">Carzano</Name>
          <Parent>
            <Ref id="ITD20" xmlns="" />
          </Parent>
        </Code>
        <Code id="022045" urn="urn:sdmx:org.sdmx.infomodel.codelist.Code=IT1:CL_REFAREA(1.2).022045">
          <Name xml:lang="it" xmlns="http://www.sdmx.org/resources/sdmxml/schemas/v2_1/common">Castel Condino</Name>
          <Name xml:lang="en" xmlns="http://www.sdmx.org/resources/sdmxml/schemas/v2_1/common">Castel Condino</Name>
          <Parent>
            <Ref id="ITD20" xmlns="" />
          </Parent>
        </Code>
        <Code id="022046" urn="urn:sdmx:org.sdmx.infomodel.codelist.Code=IT1:CL_REFAREA(1.2).022046">
          <Name xml:lang="it" xmlns="http://www.sdmx.org/resources/sdmxml/schemas/v2_1/common">Castelfondo</Name>
          <Name xml:lang="en" xmlns="http://www.sdmx.org/resources/sdmxml/schemas/v2_1/common">Castelfondo</Name>
          <Parent>
            <Ref id="ITD20" xmlns="" />
          </Parent>
        </Code>
        <Code id="022047" urn="urn:sdmx:org.sdmx.infomodel.codelist.Code=IT1:CL_REFAREA(1.2).022047">
          <Name xml:lang="it" xmlns="http://www.sdmx.org/resources/sdmxml/schemas/v2_1/common">Castello-Molina di Fiemme</Name>
          <Name xml:lang="en" xmlns="http://www.sdmx.org/resources/sdmxml/schemas/v2_1/common">Castello-Molina di Fiemme</Name>
          <Parent>
            <Ref id="ITD20" xmlns="" />
          </Parent>
        </Code>
        <Code id="022048" urn="urn:sdmx:org.sdmx.infomodel.codelist.Code=IT1:CL_REFAREA(1.2).022048">
          <Name xml:lang="it" xmlns="http://www.sdmx.org/resources/sdmxml/schemas/v2_1/common">Castello Tesino</Name>
          <Name xml:lang="en" xmlns="http://www.sdmx.org/resources/sdmxml/schemas/v2_1/common">Castello Tesino</Name>
          <Parent>
            <Ref id="ITD20" xmlns="" />
          </Parent>
        </Code>
        <Code id="022049" urn="urn:sdmx:org.sdmx.infomodel.codelist.Code=IT1:CL_REFAREA(1.2).022049">
          <Name xml:lang="it" xmlns="http://www.sdmx.org/resources/sdmxml/schemas/v2_1/common">Castelnuovo</Name>
          <Name xml:lang="en" xmlns="http://www.sdmx.org/resources/sdmxml/schemas/v2_1/common">Castelnuovo</Name>
          <Parent>
            <Ref id="ITD20" xmlns="" />
          </Parent>
        </Code>
        <Code id="022050" urn="urn:sdmx:org.sdmx.infomodel.codelist.Code=IT1:CL_REFAREA(1.2).022050">
          <Name xml:lang="it" xmlns="http://www.sdmx.org/resources/sdmxml/schemas/v2_1/common">Cavalese</Name>
          <Name xml:lang="en" xmlns="http://www.sdmx.org/resources/sdmxml/schemas/v2_1/common">Cavalese</Name>
          <Parent>
            <Ref id="ITD20" xmlns="" />
          </Parent>
        </Code>
        <Code id="022051" urn="urn:sdmx:org.sdmx.infomodel.codelist.Code=IT1:CL_REFAREA(1.2).022051">
          <Name xml:lang="it" xmlns="http://www.sdmx.org/resources/sdmxml/schemas/v2_1/common">Cavareno</Name>
          <Name xml:lang="en" xmlns="http://www.sdmx.org/resources/sdmxml/schemas/v2_1/common">Cavareno</Name>
          <Parent>
            <Ref id="ITD20" xmlns="" />
          </Parent>
        </Code>
        <Code id="022052" urn="urn:sdmx:org.sdmx.infomodel.codelist.Code=IT1:CL_REFAREA(1.2).022052">
          <Name xml:lang="it" xmlns="http://www.sdmx.org/resources/sdmxml/schemas/v2_1/common">Cavedago</Name>
          <Name xml:lang="en" xmlns="http://www.sdmx.org/resources/sdmxml/schemas/v2_1/common">Cavedago</Name>
          <Parent>
            <Ref id="ITD20" xmlns="" />
          </Parent>
        </Code>
        <Code id="022053" urn="urn:sdmx:org.sdmx.infomodel.codelist.Code=IT1:CL_REFAREA(1.2).022053">
          <Name xml:lang="it" xmlns="http://www.sdmx.org/resources/sdmxml/schemas/v2_1/common">Cavedine</Name>
          <Name xml:lang="en" xmlns="http://www.sdmx.org/resources/sdmxml/schemas/v2_1/common">Cavedine</Name>
          <Parent>
            <Ref id="ITD20" xmlns="" />
          </Parent>
        </Code>
        <Code id="022054" urn="urn:sdmx:org.sdmx.infomodel.codelist.Code=IT1:CL_REFAREA(1.2).022054">
          <Name xml:lang="it" xmlns="http://www.sdmx.org/resources/sdmxml/schemas/v2_1/common">Cavizzana</Name>
          <Name xml:lang="en" xmlns="http://www.sdmx.org/resources/sdmxml/schemas/v2_1/common">Cavizzana</Name>
          <Parent>
            <Ref id="ITD20" xmlns="" />
          </Parent>
        </Code>
        <Code id="022055" urn="urn:sdmx:org.sdmx.infomodel.codelist.Code=IT1:CL_REFAREA(1.2).022055">
          <Name xml:lang="it" xmlns="http://www.sdmx.org/resources/sdmxml/schemas/v2_1/common">Cembra</Name>
          <Name xml:lang="en" xmlns="http://www.sdmx.org/resources/sdmxml/schemas/v2_1/common">Cembra</Name>
          <Parent>
            <Ref id="ITD20" xmlns="" />
          </Parent>
        </Code>
        <Code id="022056" urn="urn:sdmx:org.sdmx.infomodel.codelist.Code=IT1:CL_REFAREA(1.2).022056">
          <Name xml:lang="it" xmlns="http://www.sdmx.org/resources/sdmxml/schemas/v2_1/common">Centa San Nicolò</Name>
          <Name xml:lang="en" xmlns="http://www.sdmx.org/resources/sdmxml/schemas/v2_1/common">Centa San Nicolò</Name>
          <Parent>
            <Ref id="ITD20" xmlns="" />
          </Parent>
        </Code>
        <Code id="022057" urn="urn:sdmx:org.sdmx.infomodel.codelist.Code=IT1:CL_REFAREA(1.2).022057">
          <Name xml:lang="it" xmlns="http://www.sdmx.org/resources/sdmxml/schemas/v2_1/common">Cimego</Name>
          <Name xml:lang="en" xmlns="http://www.sdmx.org/resources/sdmxml/schemas/v2_1/common">Cimego</Name>
          <Parent>
            <Ref id="ITD20" xmlns="" />
          </Parent>
        </Code>
        <Code id="022058" urn="urn:sdmx:org.sdmx.infomodel.codelist.Code=IT1:CL_REFAREA(1.2).022058">
          <Name xml:lang="it" xmlns="http://www.sdmx.org/resources/sdmxml/schemas/v2_1/common">Cimone</Name>
          <Name xml:lang="en" xmlns="http://www.sdmx.org/resources/sdmxml/schemas/v2_1/common">Cimone</Name>
          <Parent>
            <Ref id="ITD20" xmlns="" />
          </Parent>
        </Code>
        <Code id="022059" urn="urn:sdmx:org.sdmx.infomodel.codelist.Code=IT1:CL_REFAREA(1.2).022059">
          <Name xml:lang="it" xmlns="http://www.sdmx.org/resources/sdmxml/schemas/v2_1/common">Cinte Tesino</Name>
          <Name xml:lang="en" xmlns="http://www.sdmx.org/resources/sdmxml/schemas/v2_1/common">Cinte Tesino</Name>
          <Parent>
            <Ref id="ITD20" xmlns="" />
          </Parent>
        </Code>
        <Code id="022060" urn="urn:sdmx:org.sdmx.infomodel.codelist.Code=IT1:CL_REFAREA(1.2).022060">
          <Name xml:lang="it" xmlns="http://www.sdmx.org/resources/sdmxml/schemas/v2_1/common">Cis</Name>
          <Name xml:lang="en" xmlns="http://www.sdmx.org/resources/sdmxml/schemas/v2_1/common">Cis</Name>
          <Parent>
            <Ref id="ITD20" xmlns="" />
          </Parent>
        </Code>
        <Code id="022061" urn="urn:sdmx:org.sdmx.infomodel.codelist.Code=IT1:CL_REFAREA(1.2).022061">
          <Name xml:lang="it" xmlns="http://www.sdmx.org/resources/sdmxml/schemas/v2_1/common">Civezzano</Name>
          <Name xml:lang="en" xmlns="http://www.sdmx.org/resources/sdmxml/schemas/v2_1/common">Civezzano</Name>
          <Parent>
            <Ref id="ITD20" xmlns="" />
          </Parent>
        </Code>
        <Code id="022062" urn="urn:sdmx:org.sdmx.infomodel.codelist.Code=IT1:CL_REFAREA(1.2).022062">
          <Name xml:lang="it" xmlns="http://www.sdmx.org/resources/sdmxml/schemas/v2_1/common">Cles</Name>
          <Name xml:lang="en" xmlns="http://www.sdmx.org/resources/sdmxml/schemas/v2_1/common">Cles</Name>
          <Parent>
            <Ref id="ITD20" xmlns="" />
          </Parent>
        </Code>
        <Code id="022063" urn="urn:sdmx:org.sdmx.infomodel.codelist.Code=IT1:CL_REFAREA(1.2).022063">
          <Name xml:lang="it" xmlns="http://www.sdmx.org/resources/sdmxml/schemas/v2_1/common">Cloz</Name>
          <Name xml:lang="en" xmlns="http://www.sdmx.org/resources/sdmxml/schemas/v2_1/common">Cloz</Name>
          <Parent>
            <Ref id="ITD20" xmlns="" />
          </Parent>
        </Code>
        <Code id="022064" urn="urn:sdmx:org.sdmx.infomodel.codelist.Code=IT1:CL_REFAREA(1.2).022064">
          <Name xml:lang="it" xmlns="http://www.sdmx.org/resources/sdmxml/schemas/v2_1/common">Commezzadura</Name>
          <Name xml:lang="en" xmlns="http://www.sdmx.org/resources/sdmxml/schemas/v2_1/common">Commezzadura</Name>
          <Parent>
            <Ref id="ITD20" xmlns="" />
          </Parent>
        </Code>
        <Code id="022065" urn="urn:sdmx:org.sdmx.infomodel.codelist.Code=IT1:CL_REFAREA(1.2).022065">
          <Name xml:lang="it" xmlns="http://www.sdmx.org/resources/sdmxml/schemas/v2_1/common">Concei</Name>
          <Name xml:lang="en" xmlns="http://www.sdmx.org/resources/sdmxml/schemas/v2_1/common">Concei</Name>
          <Parent>
            <Ref id="ITD20" xmlns="" />
          </Parent>
        </Code>
        <Code id="022066" urn="urn:sdmx:org.sdmx.infomodel.codelist.Code=IT1:CL_REFAREA(1.2).022066">
          <Name xml:lang="it" xmlns="http://www.sdmx.org/resources/sdmxml/schemas/v2_1/common">Condino</Name>
          <Name xml:lang="en" xmlns="http://www.sdmx.org/resources/sdmxml/schemas/v2_1/common">Condino</Name>
          <Parent>
            <Ref id="ITD20" xmlns="" />
          </Parent>
        </Code>
        <Code id="022067" urn="urn:sdmx:org.sdmx.infomodel.codelist.Code=IT1:CL_REFAREA(1.2).022067">
          <Name xml:lang="it" xmlns="http://www.sdmx.org/resources/sdmxml/schemas/v2_1/common">Coredo</Name>
          <Name xml:lang="en" xmlns="http://www.sdmx.org/resources/sdmxml/schemas/v2_1/common">Coredo</Name>
          <Parent>
            <Ref id="ITD20" xmlns="" />
          </Parent>
        </Code>
        <Code id="022068" urn="urn:sdmx:org.sdmx.infomodel.codelist.Code=IT1:CL_REFAREA(1.2).022068">
          <Name xml:lang="it" xmlns="http://www.sdmx.org/resources/sdmxml/schemas/v2_1/common">Croviana</Name>
          <Name xml:lang="en" xmlns="http://www.sdmx.org/resources/sdmxml/schemas/v2_1/common">Croviana</Name>
          <Parent>
            <Ref id="ITD20" xmlns="" />
          </Parent>
        </Code>
        <Code id="022069" urn="urn:sdmx:org.sdmx.infomodel.codelist.Code=IT1:CL_REFAREA(1.2).022069">
          <Name xml:lang="it" xmlns="http://www.sdmx.org/resources/sdmxml/schemas/v2_1/common">Cunevo</Name>
          <Name xml:lang="en" xmlns="http://www.sdmx.org/resources/sdmxml/schemas/v2_1/common">Cunevo</Name>
          <Parent>
            <Ref id="ITD20" xmlns="" />
          </Parent>
        </Code>
        <Code id="022070" urn="urn:sdmx:org.sdmx.infomodel.codelist.Code=IT1:CL_REFAREA(1.2).022070">
          <Name xml:lang="it" xmlns="http://www.sdmx.org/resources/sdmxml/schemas/v2_1/common">Daiano</Name>
          <Name xml:lang="en" xmlns="http://www.sdmx.org/resources/sdmxml/schemas/v2_1/common">Daiano</Name>
          <Parent>
            <Ref id="ITD20" xmlns="" />
          </Parent>
        </Code>
        <Code id="022071" urn="urn:sdmx:org.sdmx.infomodel.codelist.Code=IT1:CL_REFAREA(1.2).022071">
          <Name xml:lang="it" xmlns="http://www.sdmx.org/resources/sdmxml/schemas/v2_1/common">Dambel</Name>
          <Name xml:lang="en" xmlns="http://www.sdmx.org/resources/sdmxml/schemas/v2_1/common">Dambel</Name>
          <Parent>
            <Ref id="ITD20" xmlns="" />
          </Parent>
        </Code>
        <Code id="022072" urn="urn:sdmx:org.sdmx.infomodel.codelist.Code=IT1:CL_REFAREA(1.2).022072">
          <Name xml:lang="it" xmlns="http://www.sdmx.org/resources/sdmxml/schemas/v2_1/common">Daone</Name>
          <Name xml:lang="en" xmlns="http://www.sdmx.org/resources/sdmxml/schemas/v2_1/common">Daone</Name>
          <Parent>
            <Ref id="ITD20" xmlns="" />
          </Parent>
        </Code>
        <Code id="022073" urn="urn:sdmx:org.sdmx.infomodel.codelist.Code=IT1:CL_REFAREA(1.2).022073">
          <Name xml:lang="it" xmlns="http://www.sdmx.org/resources/sdmxml/schemas/v2_1/common">Darè</Name>
          <Name xml:lang="en" xmlns="http://www.sdmx.org/resources/sdmxml/schemas/v2_1/common">Darè</Name>
          <Parent>
            <Ref id="ITD20" xmlns="" />
          </Parent>
        </Code>
        <Code id="022074" urn="urn:sdmx:org.sdmx.infomodel.codelist.Code=IT1:CL_REFAREA(1.2).022074">
          <Name xml:lang="it" xmlns="http://www.sdmx.org/resources/sdmxml/schemas/v2_1/common">Denno</Name>
          <Name xml:lang="en" xmlns="http://www.sdmx.org/resources/sdmxml/schemas/v2_1/common">Denno</Name>
          <Parent>
            <Ref id="ITD20" xmlns="" />
          </Parent>
        </Code>
        <Code id="022075" urn="urn:sdmx:org.sdmx.infomodel.codelist.Code=IT1:CL_REFAREA(1.2).022075">
          <Name xml:lang="it" xmlns="http://www.sdmx.org/resources/sdmxml/schemas/v2_1/common">Dimaro</Name>
          <Name xml:lang="en" xmlns="http://www.sdmx.org/resources/sdmxml/schemas/v2_1/common">Dimaro</Name>
          <Parent>
            <Ref id="ITD20" xmlns="" />
          </Parent>
        </Code>
        <Code id="022076" urn="urn:sdmx:org.sdmx.infomodel.codelist.Code=IT1:CL_REFAREA(1.2).022076">
          <Name xml:lang="it" xmlns="http://www.sdmx.org/resources/sdmxml/schemas/v2_1/common">Don</Name>
          <Name xml:lang="en" xmlns="http://www.sdmx.org/resources/sdmxml/schemas/v2_1/common">Don</Name>
          <Parent>
            <Ref id="ITD20" xmlns="" />
          </Parent>
        </Code>
        <Code id="022077" urn="urn:sdmx:org.sdmx.infomodel.codelist.Code=IT1:CL_REFAREA(1.2).022077">
          <Name xml:lang="it" xmlns="http://www.sdmx.org/resources/sdmxml/schemas/v2_1/common">Dorsino</Name>
          <Name xml:lang="en" xmlns="http://www.sdmx.org/resources/sdmxml/schemas/v2_1/common">Dorsino</Name>
          <Parent>
            <Ref id="ITD20" xmlns="" />
          </Parent>
        </Code>
        <Code id="022078" urn="urn:sdmx:org.sdmx.infomodel.codelist.Code=IT1:CL_REFAREA(1.2).022078">
          <Name xml:lang="it" xmlns="http://www.sdmx.org/resources/sdmxml/schemas/v2_1/common">Drena</Name>
          <Name xml:lang="en" xmlns="http://www.sdmx.org/resources/sdmxml/schemas/v2_1/common">Drena</Name>
          <Parent>
            <Ref id="ITD20" xmlns="" />
          </Parent>
        </Code>
        <Code id="022079" urn="urn:sdmx:org.sdmx.infomodel.codelist.Code=IT1:CL_REFAREA(1.2).022079">
          <Name xml:lang="it" xmlns="http://www.sdmx.org/resources/sdmxml/schemas/v2_1/common">Dro</Name>
          <Name xml:lang="en" xmlns="http://www.sdmx.org/resources/sdmxml/schemas/v2_1/common">Dro</Name>
          <Parent>
            <Ref id="ITD20" xmlns="" />
          </Parent>
        </Code>
        <Code id="022080" urn="urn:sdmx:org.sdmx.infomodel.codelist.Code=IT1:CL_REFAREA(1.2).022080">
          <Name xml:lang="it" xmlns="http://www.sdmx.org/resources/sdmxml/schemas/v2_1/common">Faedo</Name>
          <Name xml:lang="en" xmlns="http://www.sdmx.org/resources/sdmxml/schemas/v2_1/common">Faedo</Name>
          <Parent>
            <Ref id="ITD20" xmlns="" />
          </Parent>
        </Code>
        <Code id="022081" urn="urn:sdmx:org.sdmx.infomodel.codelist.Code=IT1:CL_REFAREA(1.2).022081">
          <Name xml:lang="it" xmlns="http://www.sdmx.org/resources/sdmxml/schemas/v2_1/common">Fai della Paganella</Name>
          <Name xml:lang="en" xmlns="http://www.sdmx.org/resources/sdmxml/schemas/v2_1/common">Fai della Paganella</Name>
          <Parent>
            <Ref id="ITD20" xmlns="" />
          </Parent>
        </Code>
        <Code id="022082" urn="urn:sdmx:org.sdmx.infomodel.codelist.Code=IT1:CL_REFAREA(1.2).022082">
          <Name xml:lang="it" xmlns="http://www.sdmx.org/resources/sdmxml/schemas/v2_1/common">Faver</Name>
          <Name xml:lang="en" xmlns="http://www.sdmx.org/resources/sdmxml/schemas/v2_1/common">Faver</Name>
          <Parent>
            <Ref id="ITD20" xmlns="" />
          </Parent>
        </Code>
        <Code id="022083" urn="urn:sdmx:org.sdmx.infomodel.codelist.Code=IT1:CL_REFAREA(1.2).022083">
          <Name xml:lang="it" xmlns="http://www.sdmx.org/resources/sdmxml/schemas/v2_1/common">Fiavè</Name>
          <Name xml:lang="en" xmlns="http://www.sdmx.org/resources/sdmxml/schemas/v2_1/common">Fiavè</Name>
          <Parent>
            <Ref id="ITD20" xmlns="" />
          </Parent>
        </Code>
        <Code id="022084" urn="urn:sdmx:org.sdmx.infomodel.codelist.Code=IT1:CL_REFAREA(1.2).022084">
          <Name xml:lang="it" xmlns="http://www.sdmx.org/resources/sdmxml/schemas/v2_1/common">Fiera di Primiero</Name>
          <Name xml:lang="en" xmlns="http://www.sdmx.org/resources/sdmxml/schemas/v2_1/common">Fiera di Primiero</Name>
          <Parent>
            <Ref id="ITD20" xmlns="" />
          </Parent>
        </Code>
        <Code id="022085" urn="urn:sdmx:org.sdmx.infomodel.codelist.Code=IT1:CL_REFAREA(1.2).022085">
          <Name xml:lang="it" xmlns="http://www.sdmx.org/resources/sdmxml/schemas/v2_1/common">Fierozzo</Name>
          <Name xml:lang="en" xmlns="http://www.sdmx.org/resources/sdmxml/schemas/v2_1/common">Fierozzo</Name>
          <Parent>
            <Ref id="ITD20" xmlns="" />
          </Parent>
        </Code>
        <Code id="022086" urn="urn:sdmx:org.sdmx.infomodel.codelist.Code=IT1:CL_REFAREA(1.2).022086">
          <Name xml:lang="it" xmlns="http://www.sdmx.org/resources/sdmxml/schemas/v2_1/common">Flavon</Name>
          <Name xml:lang="en" xmlns="http://www.sdmx.org/resources/sdmxml/schemas/v2_1/common">Flavon</Name>
          <Parent>
            <Ref id="ITD20" xmlns="" />
          </Parent>
        </Code>
        <Code id="022087" urn="urn:sdmx:org.sdmx.infomodel.codelist.Code=IT1:CL_REFAREA(1.2).022087">
          <Name xml:lang="it" xmlns="http://www.sdmx.org/resources/sdmxml/schemas/v2_1/common">Folgaria</Name>
          <Name xml:lang="en" xmlns="http://www.sdmx.org/resources/sdmxml/schemas/v2_1/common">Folgaria</Name>
          <Parent>
            <Ref id="ITD20" xmlns="" />
          </Parent>
        </Code>
        <Code id="022088" urn="urn:sdmx:org.sdmx.infomodel.codelist.Code=IT1:CL_REFAREA(1.2).022088">
          <Name xml:lang="it" xmlns="http://www.sdmx.org/resources/sdmxml/schemas/v2_1/common">Fondo</Name>
          <Name xml:lang="en" xmlns="http://www.sdmx.org/resources/sdmxml/schemas/v2_1/common">Fondo</Name>
          <Parent>
            <Ref id="ITD20" xmlns="" />
          </Parent>
        </Code>
        <Code id="022089" urn="urn:sdmx:org.sdmx.infomodel.codelist.Code=IT1:CL_REFAREA(1.2).022089">
          <Name xml:lang="it" xmlns="http://www.sdmx.org/resources/sdmxml/schemas/v2_1/common">Fornace</Name>
          <Name xml:lang="en" xmlns="http://www.sdmx.org/resources/sdmxml/schemas/v2_1/common">Fornace</Name>
          <Parent>
            <Ref id="ITD20" xmlns="" />
          </Parent>
        </Code>
        <Code id="022090" urn="urn:sdmx:org.sdmx.infomodel.codelist.Code=IT1:CL_REFAREA(1.2).022090">
          <Name xml:lang="it" xmlns="http://www.sdmx.org/resources/sdmxml/schemas/v2_1/common">Frassilongo</Name>
          <Name xml:lang="en" xmlns="http://www.sdmx.org/resources/sdmxml/schemas/v2_1/common">Frassilongo</Name>
          <Parent>
            <Ref id="ITD20" xmlns="" />
          </Parent>
        </Code>
        <Code id="022091" urn="urn:sdmx:org.sdmx.infomodel.codelist.Code=IT1:CL_REFAREA(1.2).022091">
          <Name xml:lang="it" xmlns="http://www.sdmx.org/resources/sdmxml/schemas/v2_1/common">Garniga Terme</Name>
          <Name xml:lang="en" xmlns="http://www.sdmx.org/resources/sdmxml/schemas/v2_1/common">Garniga Terme</Name>
          <Parent>
            <Ref id="ITD20" xmlns="" />
          </Parent>
        </Code>
        <Code id="022092" urn="urn:sdmx:org.sdmx.infomodel.codelist.Code=IT1:CL_REFAREA(1.2).022092">
          <Name xml:lang="it" xmlns="http://www.sdmx.org/resources/sdmxml/schemas/v2_1/common">Giovo</Name>
          <Name xml:lang="en" xmlns="http://www.sdmx.org/resources/sdmxml/schemas/v2_1/common">Giovo</Name>
          <Parent>
            <Ref id="ITD20" xmlns="" />
          </Parent>
        </Code>
        <Code id="022093" urn="urn:sdmx:org.sdmx.infomodel.codelist.Code=IT1:CL_REFAREA(1.2).022093">
          <Name xml:lang="it" xmlns="http://www.sdmx.org/resources/sdmxml/schemas/v2_1/common">Giustino</Name>
          <Name xml:lang="en" xmlns="http://www.sdmx.org/resources/sdmxml/schemas/v2_1/common">Giustino</Name>
          <Parent>
            <Ref id="ITD20" xmlns="" />
          </Parent>
        </Code>
        <Code id="022094" urn="urn:sdmx:org.sdmx.infomodel.codelist.Code=IT1:CL_REFAREA(1.2).022094">
          <Name xml:lang="it" xmlns="http://www.sdmx.org/resources/sdmxml/schemas/v2_1/common">Grauno</Name>
          <Name xml:lang="en" xmlns="http://www.sdmx.org/resources/sdmxml/schemas/v2_1/common">Grauno</Name>
          <Parent>
            <Ref id="ITD20" xmlns="" />
          </Parent>
        </Code>
        <Code id="022095" urn="urn:sdmx:org.sdmx.infomodel.codelist.Code=IT1:CL_REFAREA(1.2).022095">
          <Name xml:lang="it" xmlns="http://www.sdmx.org/resources/sdmxml/schemas/v2_1/common">Grigno</Name>
          <Name xml:lang="en" xmlns="http://www.sdmx.org/resources/sdmxml/schemas/v2_1/common">Grigno</Name>
          <Parent>
            <Ref id="ITD20" xmlns="" />
          </Parent>
        </Code>
        <Code id="022096" urn="urn:sdmx:org.sdmx.infomodel.codelist.Code=IT1:CL_REFAREA(1.2).022096">
          <Name xml:lang="it" xmlns="http://www.sdmx.org/resources/sdmxml/schemas/v2_1/common">Grumes</Name>
          <Name xml:lang="en" xmlns="http://www.sdmx.org/resources/sdmxml/schemas/v2_1/common">Grumes</Name>
          <Parent>
            <Ref id="ITD20" xmlns="" />
          </Parent>
        </Code>
        <Code id="022097" urn="urn:sdmx:org.sdmx.infomodel.codelist.Code=IT1:CL_REFAREA(1.2).022097">
          <Name xml:lang="it" xmlns="http://www.sdmx.org/resources/sdmxml/schemas/v2_1/common">Imer</Name>
          <Name xml:lang="en" xmlns="http://www.sdmx.org/resources/sdmxml/schemas/v2_1/common">Imer</Name>
          <Parent>
            <Ref id="ITD20" xmlns="" />
          </Parent>
        </Code>
        <Code id="022098" urn="urn:sdmx:org.sdmx.infomodel.codelist.Code=IT1:CL_REFAREA(1.2).022098">
          <Name xml:lang="it" xmlns="http://www.sdmx.org/resources/sdmxml/schemas/v2_1/common">Isera</Name>
          <Name xml:lang="en" xmlns="http://www.sdmx.org/resources/sdmxml/schemas/v2_1/common">Isera</Name>
          <Parent>
            <Ref id="ITD20" xmlns="" />
          </Parent>
        </Code>
        <Code id="022099" urn="urn:sdmx:org.sdmx.infomodel.codelist.Code=IT1:CL_REFAREA(1.2).022099">
          <Name xml:lang="it" xmlns="http://www.sdmx.org/resources/sdmxml/schemas/v2_1/common">Ivano-Fracena</Name>
          <Name xml:lang="en" xmlns="http://www.sdmx.org/resources/sdmxml/schemas/v2_1/common">Ivano-Fracena</Name>
          <Parent>
            <Ref id="ITD20" xmlns="" />
          </Parent>
        </Code>
        <Code id="022100" urn="urn:sdmx:org.sdmx.infomodel.codelist.Code=IT1:CL_REFAREA(1.2).022100">
          <Name xml:lang="it" xmlns="http://www.sdmx.org/resources/sdmxml/schemas/v2_1/common">Lardaro</Name>
          <Name xml:lang="en" xmlns="http://www.sdmx.org/resources/sdmxml/schemas/v2_1/common">Lardaro</Name>
          <Parent>
            <Ref id="ITD20" xmlns="" />
          </Parent>
        </Code>
        <Code id="022101" urn="urn:sdmx:org.sdmx.infomodel.codelist.Code=IT1:CL_REFAREA(1.2).022101">
          <Name xml:lang="it" xmlns="http://www.sdmx.org/resources/sdmxml/schemas/v2_1/common">Lasino</Name>
          <Name xml:lang="en" xmlns="http://www.sdmx.org/resources/sdmxml/schemas/v2_1/common">Lasino</Name>
          <Parent>
            <Ref id="ITD20" xmlns="" />
          </Parent>
        </Code>
        <Code id="022102" urn="urn:sdmx:org.sdmx.infomodel.codelist.Code=IT1:CL_REFAREA(1.2).022102">
          <Name xml:lang="it" xmlns="http://www.sdmx.org/resources/sdmxml/schemas/v2_1/common">Lavarone</Name>
          <Name xml:lang="en" xmlns="http://www.sdmx.org/resources/sdmxml/schemas/v2_1/common">Lavarone</Name>
          <Parent>
            <Ref id="ITD20" xmlns="" />
          </Parent>
        </Code>
        <Code id="022103" urn="urn:sdmx:org.sdmx.infomodel.codelist.Code=IT1:CL_REFAREA(1.2).022103">
          <Name xml:lang="it" xmlns="http://www.sdmx.org/resources/sdmxml/schemas/v2_1/common">Lavis</Name>
          <Name xml:lang="en" xmlns="http://www.sdmx.org/resources/sdmxml/schemas/v2_1/common">Lavis</Name>
          <Parent>
            <Ref id="ITD20" xmlns="" />
          </Parent>
        </Code>
        <Code id="022104" urn="urn:sdmx:org.sdmx.infomodel.codelist.Code=IT1:CL_REFAREA(1.2).022104">
          <Name xml:lang="it" xmlns="http://www.sdmx.org/resources/sdmxml/schemas/v2_1/common">Levico Terme</Name>
          <Name xml:lang="en" xmlns="http://www.sdmx.org/resources/sdmxml/schemas/v2_1/common">Levico Terme</Name>
          <Parent>
            <Ref id="ITD20" xmlns="" />
          </Parent>
        </Code>
        <Code id="022105" urn="urn:sdmx:org.sdmx.infomodel.codelist.Code=IT1:CL_REFAREA(1.2).022105">
          <Name xml:lang="it" xmlns="http://www.sdmx.org/resources/sdmxml/schemas/v2_1/common">Lisignago</Name>
          <Name xml:lang="en" xmlns="http://www.sdmx.org/resources/sdmxml/schemas/v2_1/common">Lisignago</Name>
          <Parent>
            <Ref id="ITD20" xmlns="" />
          </Parent>
        </Code>
        <Code id="022106" urn="urn:sdmx:org.sdmx.infomodel.codelist.Code=IT1:CL_REFAREA(1.2).022106">
          <Name xml:lang="it" xmlns="http://www.sdmx.org/resources/sdmxml/schemas/v2_1/common">Livo</Name>
          <Name xml:lang="en" xmlns="http://www.sdmx.org/resources/sdmxml/schemas/v2_1/common">Livo</Name>
          <Parent>
            <Ref id="ITD20" xmlns="" />
          </Parent>
        </Code>
        <Code id="022107" urn="urn:sdmx:org.sdmx.infomodel.codelist.Code=IT1:CL_REFAREA(1.2).022107">
          <Name xml:lang="it" xmlns="http://www.sdmx.org/resources/sdmxml/schemas/v2_1/common">Lomaso</Name>
          <Name xml:lang="en" xmlns="http://www.sdmx.org/resources/sdmxml/schemas/v2_1/common">Lomaso</Name>
          <Parent>
            <Ref id="ITD20" xmlns="" />
          </Parent>
        </Code>
        <Code id="022108" urn="urn:sdmx:org.sdmx.infomodel.codelist.Code=IT1:CL_REFAREA(1.2).022108">
          <Name xml:lang="it" xmlns="http://www.sdmx.org/resources/sdmxml/schemas/v2_1/common">Lona-Lases</Name>
          <Name xml:lang="en" xmlns="http://www.sdmx.org/resources/sdmxml/schemas/v2_1/common">Lona-Lases</Name>
          <Parent>
            <Ref id="ITD20" xmlns="" />
          </Parent>
        </Code>
        <Code id="022109" urn="urn:sdmx:org.sdmx.infomodel.codelist.Code=IT1:CL_REFAREA(1.2).022109">
          <Name xml:lang="it" xmlns="http://www.sdmx.org/resources/sdmxml/schemas/v2_1/common">Luserna</Name>
          <Name xml:lang="en" xmlns="http://www.sdmx.org/resources/sdmxml/schemas/v2_1/common">Luserna</Name>
          <Parent>
            <Ref id="ITD20" xmlns="" />
          </Parent>
        </Code>
        <Code id="022110" urn="urn:sdmx:org.sdmx.infomodel.codelist.Code=IT1:CL_REFAREA(1.2).022110">
          <Name xml:lang="it" xmlns="http://www.sdmx.org/resources/sdmxml/schemas/v2_1/common">Malè</Name>
          <Name xml:lang="en" xmlns="http://www.sdmx.org/resources/sdmxml/schemas/v2_1/common">Malè</Name>
          <Parent>
            <Ref id="ITD20" xmlns="" />
          </Parent>
        </Code>
        <Code id="022111" urn="urn:sdmx:org.sdmx.infomodel.codelist.Code=IT1:CL_REFAREA(1.2).022111">
          <Name xml:lang="it" xmlns="http://www.sdmx.org/resources/sdmxml/schemas/v2_1/common">Malosco</Name>
          <Name xml:lang="en" xmlns="http://www.sdmx.org/resources/sdmxml/schemas/v2_1/common">Malosco</Name>
          <Parent>
            <Ref id="ITD20" xmlns="" />
          </Parent>
        </Code>
        <Code id="022112" urn="urn:sdmx:org.sdmx.infomodel.codelist.Code=IT1:CL_REFAREA(1.2).022112">
          <Name xml:lang="it" xmlns="http://www.sdmx.org/resources/sdmxml/schemas/v2_1/common">Massimeno</Name>
          <Name xml:lang="en" xmlns="http://www.sdmx.org/resources/sdmxml/schemas/v2_1/common">Massimeno</Name>
          <Parent>
            <Ref id="ITD20" xmlns="" />
          </Parent>
        </Code>
        <Code id="022113" urn="urn:sdmx:org.sdmx.infomodel.codelist.Code=IT1:CL_REFAREA(1.2).022113">
          <Name xml:lang="it" xmlns="http://www.sdmx.org/resources/sdmxml/schemas/v2_1/common">Mazzin</Name>
          <Name xml:lang="en" xmlns="http://www.sdmx.org/resources/sdmxml/schemas/v2_1/common">Mazzin</Name>
          <Parent>
            <Ref id="ITD20" xmlns="" />
          </Parent>
        </Code>
        <Code id="022114" urn="urn:sdmx:org.sdmx.infomodel.codelist.Code=IT1:CL_REFAREA(1.2).022114">
          <Name xml:lang="it" xmlns="http://www.sdmx.org/resources/sdmxml/schemas/v2_1/common">Mezzana</Name>
          <Name xml:lang="en" xmlns="http://www.sdmx.org/resources/sdmxml/schemas/v2_1/common">Mezzana</Name>
          <Parent>
            <Ref id="ITD20" xmlns="" />
          </Parent>
        </Code>
        <Code id="022115" urn="urn:sdmx:org.sdmx.infomodel.codelist.Code=IT1:CL_REFAREA(1.2).022115">
          <Name xml:lang="it" xmlns="http://www.sdmx.org/resources/sdmxml/schemas/v2_1/common">Mezzano</Name>
          <Name xml:lang="en" xmlns="http://www.sdmx.org/resources/sdmxml/schemas/v2_1/common">Mezzano</Name>
          <Parent>
            <Ref id="ITD20" xmlns="" />
          </Parent>
        </Code>
        <Code id="022116" urn="urn:sdmx:org.sdmx.infomodel.codelist.Code=IT1:CL_REFAREA(1.2).022116">
          <Name xml:lang="it" xmlns="http://www.sdmx.org/resources/sdmxml/schemas/v2_1/common">Mezzocorona</Name>
          <Name xml:lang="en" xmlns="http://www.sdmx.org/resources/sdmxml/schemas/v2_1/common">Mezzocorona</Name>
          <Parent>
            <Ref id="ITD20" xmlns="" />
          </Parent>
        </Code>
        <Code id="022117" urn="urn:sdmx:org.sdmx.infomodel.codelist.Code=IT1:CL_REFAREA(1.2).022117">
          <Name xml:lang="it" xmlns="http://www.sdmx.org/resources/sdmxml/schemas/v2_1/common">Mezzolombardo</Name>
          <Name xml:lang="en" xmlns="http://www.sdmx.org/resources/sdmxml/schemas/v2_1/common">Mezzolombardo</Name>
          <Parent>
            <Ref id="ITD20" xmlns="" />
          </Parent>
        </Code>
        <Code id="022118" urn="urn:sdmx:org.sdmx.infomodel.codelist.Code=IT1:CL_REFAREA(1.2).022118">
          <Name xml:lang="it" xmlns="http://www.sdmx.org/resources/sdmxml/schemas/v2_1/common">Moena</Name>
          <Name xml:lang="en" xmlns="http://www.sdmx.org/resources/sdmxml/schemas/v2_1/common">Moena</Name>
          <Parent>
            <Ref id="ITD20" xmlns="" />
          </Parent>
        </Code>
        <Code id="022119" urn="urn:sdmx:org.sdmx.infomodel.codelist.Code=IT1:CL_REFAREA(1.2).022119">
          <Name xml:lang="it" xmlns="http://www.sdmx.org/resources/sdmxml/schemas/v2_1/common">Molina di Ledro</Name>
          <Name xml:lang="en" xmlns="http://www.sdmx.org/resources/sdmxml/schemas/v2_1/common">Molina di Ledro</Name>
          <Parent>
            <Ref id="ITD20" xmlns="" />
          </Parent>
        </Code>
        <Code id="022120" urn="urn:sdmx:org.sdmx.infomodel.codelist.Code=IT1:CL_REFAREA(1.2).022120">
          <Name xml:lang="it" xmlns="http://www.sdmx.org/resources/sdmxml/schemas/v2_1/common">Molveno</Name>
          <Name xml:lang="en" xmlns="http://www.sdmx.org/resources/sdmxml/schemas/v2_1/common">Molveno</Name>
          <Parent>
            <Ref id="ITD20" xmlns="" />
          </Parent>
        </Code>
        <Code id="022121" urn="urn:sdmx:org.sdmx.infomodel.codelist.Code=IT1:CL_REFAREA(1.2).022121">
          <Name xml:lang="it" xmlns="http://www.sdmx.org/resources/sdmxml/schemas/v2_1/common">Monclassico</Name>
          <Name xml:lang="en" xmlns="http://www.sdmx.org/resources/sdmxml/schemas/v2_1/common">Monclassico</Name>
          <Parent>
            <Ref id="ITD20" xmlns="" />
          </Parent>
        </Code>
        <Code id="022122" urn="urn:sdmx:org.sdmx.infomodel.codelist.Code=IT1:CL_REFAREA(1.2).022122">
          <Name xml:lang="it" xmlns="http://www.sdmx.org/resources/sdmxml/schemas/v2_1/common">Montagne</Name>
          <Name xml:lang="en" xmlns="http://www.sdmx.org/resources/sdmxml/schemas/v2_1/common">Montagne</Name>
          <Parent>
            <Ref id="ITD20" xmlns="" />
          </Parent>
        </Code>
        <Code id="022123" urn="urn:sdmx:org.sdmx.infomodel.codelist.Code=IT1:CL_REFAREA(1.2).022123">
          <Name xml:lang="it" xmlns="http://www.sdmx.org/resources/sdmxml/schemas/v2_1/common">Mori</Name>
          <Name xml:lang="en" xmlns="http://www.sdmx.org/resources/sdmxml/schemas/v2_1/common">Mori</Name>
          <Parent>
            <Ref id="ITD20" xmlns="" />
          </Parent>
        </Code>
        <Code id="022124" urn="urn:sdmx:org.sdmx.infomodel.codelist.Code=IT1:CL_REFAREA(1.2).022124">
          <Name xml:lang="it" xmlns="http://www.sdmx.org/resources/sdmxml/schemas/v2_1/common">Nago-Torbole</Name>
          <Name xml:lang="en" xmlns="http://www.sdmx.org/resources/sdmxml/schemas/v2_1/common">Nago-Torbole</Name>
          <Parent>
            <Ref id="ITD20" xmlns="" />
          </Parent>
        </Code>
        <Code id="022125" urn="urn:sdmx:org.sdmx.infomodel.codelist.Code=IT1:CL_REFAREA(1.2).022125">
          <Name xml:lang="it" xmlns="http://www.sdmx.org/resources/sdmxml/schemas/v2_1/common">Nanno</Name>
          <Name xml:lang="en" xmlns="http://www.sdmx.org/resources/sdmxml/schemas/v2_1/common">Nanno</Name>
          <Parent>
            <Ref id="ITD20" xmlns="" />
          </Parent>
        </Code>
        <Code id="022126" urn="urn:sdmx:org.sdmx.infomodel.codelist.Code=IT1:CL_REFAREA(1.2).022126">
          <Name xml:lang="it" xmlns="http://www.sdmx.org/resources/sdmxml/schemas/v2_1/common">Nave San Rocco</Name>
          <Name xml:lang="en" xmlns="http://www.sdmx.org/resources/sdmxml/schemas/v2_1/common">Nave San Rocco</Name>
          <Parent>
            <Ref id="ITD20" xmlns="" />
          </Parent>
        </Code>
        <Code id="022127" urn="urn:sdmx:org.sdmx.infomodel.codelist.Code=IT1:CL_REFAREA(1.2).022127">
          <Name xml:lang="it" xmlns="http://www.sdmx.org/resources/sdmxml/schemas/v2_1/common">Nogaredo</Name>
          <Name xml:lang="en" xmlns="http://www.sdmx.org/resources/sdmxml/schemas/v2_1/common">Nogaredo</Name>
          <Parent>
            <Ref id="ITD20" xmlns="" />
          </Parent>
        </Code>
        <Code id="022128" urn="urn:sdmx:org.sdmx.infomodel.codelist.Code=IT1:CL_REFAREA(1.2).022128">
          <Name xml:lang="it" xmlns="http://www.sdmx.org/resources/sdmxml/schemas/v2_1/common">Nomi</Name>
          <Name xml:lang="en" xmlns="http://www.sdmx.org/resources/sdmxml/schemas/v2_1/common">Nomi</Name>
          <Parent>
            <Ref id="ITD20" xmlns="" />
          </Parent>
        </Code>
        <Code id="022129" urn="urn:sdmx:org.sdmx.infomodel.codelist.Code=IT1:CL_REFAREA(1.2).022129">
          <Name xml:lang="it" xmlns="http://www.sdmx.org/resources/sdmxml/schemas/v2_1/common">Novaledo</Name>
          <Name xml:lang="en" xmlns="http://www.sdmx.org/resources/sdmxml/schemas/v2_1/common">Novaledo</Name>
          <Parent>
            <Ref id="ITD20" xmlns="" />
          </Parent>
        </Code>
        <Code id="022130" urn="urn:sdmx:org.sdmx.infomodel.codelist.Code=IT1:CL_REFAREA(1.2).022130">
          <Name xml:lang="it" xmlns="http://www.sdmx.org/resources/sdmxml/schemas/v2_1/common">Ospedaletto</Name>
          <Name xml:lang="en" xmlns="http://www.sdmx.org/resources/sdmxml/schemas/v2_1/common">Ospedaletto</Name>
          <Parent>
            <Ref id="ITD20" xmlns="" />
          </Parent>
        </Code>
        <Code id="022131" urn="urn:sdmx:org.sdmx.infomodel.codelist.Code=IT1:CL_REFAREA(1.2).022131">
          <Name xml:lang="it" xmlns="http://www.sdmx.org/resources/sdmxml/schemas/v2_1/common">Ossana</Name>
          <Name xml:lang="en" xmlns="http://www.sdmx.org/resources/sdmxml/schemas/v2_1/common">Ossana</Name>
          <Parent>
            <Ref id="ITD20" xmlns="" />
          </Parent>
        </Code>
        <Code id="022132" urn="urn:sdmx:org.sdmx.infomodel.codelist.Code=IT1:CL_REFAREA(1.2).022132">
          <Name xml:lang="it" xmlns="http://www.sdmx.org/resources/sdmxml/schemas/v2_1/common">Padergnone</Name>
          <Name xml:lang="en" xmlns="http://www.sdmx.org/resources/sdmxml/schemas/v2_1/common">Padergnone</Name>
          <Parent>
            <Ref id="ITD20" xmlns="" />
          </Parent>
        </Code>
        <Code id="022133" urn="urn:sdmx:org.sdmx.infomodel.codelist.Code=IT1:CL_REFAREA(1.2).022133">
          <Name xml:lang="it" xmlns="http://www.sdmx.org/resources/sdmxml/schemas/v2_1/common">Palù del Fersina</Name>
          <Name xml:lang="en" xmlns="http://www.sdmx.org/resources/sdmxml/schemas/v2_1/common">Palù del Fersina</Name>
          <Parent>
            <Ref id="ITD20" xmlns="" />
          </Parent>
        </Code>
        <Code id="022134" urn="urn:sdmx:org.sdmx.infomodel.codelist.Code=IT1:CL_REFAREA(1.2).022134">
          <Name xml:lang="it" xmlns="http://www.sdmx.org/resources/sdmxml/schemas/v2_1/common">Panchià</Name>
          <Name xml:lang="en" xmlns="http://www.sdmx.org/resources/sdmxml/schemas/v2_1/common">Panchià</Name>
          <Parent>
            <Ref id="ITD20" xmlns="" />
          </Parent>
        </Code>
        <Code id="022135" urn="urn:sdmx:org.sdmx.infomodel.codelist.Code=IT1:CL_REFAREA(1.2).022135">
          <Name xml:lang="it" xmlns="http://www.sdmx.org/resources/sdmxml/schemas/v2_1/common">Ronzo-Chienis</Name>
          <Name xml:lang="en" xmlns="http://www.sdmx.org/resources/sdmxml/schemas/v2_1/common">Ronzo-Chienis</Name>
          <Parent>
            <Ref id="ITD20" xmlns="" />
          </Parent>
        </Code>
        <Code id="022136" urn="urn:sdmx:org.sdmx.infomodel.codelist.Code=IT1:CL_REFAREA(1.2).022136">
          <Name xml:lang="it" xmlns="http://www.sdmx.org/resources/sdmxml/schemas/v2_1/common">Peio</Name>
          <Name xml:lang="en" xmlns="http://www.sdmx.org/resources/sdmxml/schemas/v2_1/common">Peio</Name>
          <Parent>
            <Ref id="ITD20" xmlns="" />
          </Parent>
        </Code>
        <Code id="022137" urn="urn:sdmx:org.sdmx.infomodel.codelist.Code=IT1:CL_REFAREA(1.2).022137">
          <Name xml:lang="it" xmlns="http://www.sdmx.org/resources/sdmxml/schemas/v2_1/common">Pellizzano</Name>
          <Name xml:lang="en" xmlns="http://www.sdmx.org/resources/sdmxml/schemas/v2_1/common">Pellizzano</Name>
          <Parent>
            <Ref id="ITD20" xmlns="" />
          </Parent>
        </Code>
        <Code id="022138" urn="urn:sdmx:org.sdmx.infomodel.codelist.Code=IT1:CL_REFAREA(1.2).022138">
          <Name xml:lang="it" xmlns="http://www.sdmx.org/resources/sdmxml/schemas/v2_1/common">Pelugo</Name>
          <Name xml:lang="en" xmlns="http://www.sdmx.org/resources/sdmxml/schemas/v2_1/common">Pelugo</Name>
          <Parent>
            <Ref id="ITD20" xmlns="" />
          </Parent>
        </Code>
        <Code id="022139" urn="urn:sdmx:org.sdmx.infomodel.codelist.Code=IT1:CL_REFAREA(1.2).022139">
          <Name xml:lang="it" xmlns="http://www.sdmx.org/resources/sdmxml/schemas/v2_1/common">Pergine Valsugana</Name>
          <Name xml:lang="en" xmlns="http://www.sdmx.org/resources/sdmxml/schemas/v2_1/common">Pergine Valsugana</Name>
          <Parent>
            <Ref id="ITD20" xmlns="" />
          </Parent>
        </Code>
        <Code id="022140" urn="urn:sdmx:org.sdmx.infomodel.codelist.Code=IT1:CL_REFAREA(1.2).022140">
          <Name xml:lang="it" xmlns="http://www.sdmx.org/resources/sdmxml/schemas/v2_1/common">Pieve di Bono</Name>
          <Name xml:lang="en" xmlns="http://www.sdmx.org/resources/sdmxml/schemas/v2_1/common">Pieve di Bono</Name>
          <Parent>
            <Ref id="ITD20" xmlns="" />
          </Parent>
        </Code>
        <Code id="022141" urn="urn:sdmx:org.sdmx.infomodel.codelist.Code=IT1:CL_REFAREA(1.2).022141">
          <Name xml:lang="it" xmlns="http://www.sdmx.org/resources/sdmxml/schemas/v2_1/common">Pieve di Ledro</Name>
          <Name xml:lang="en" xmlns="http://www.sdmx.org/resources/sdmxml/schemas/v2_1/common">Pieve di Ledro</Name>
          <Parent>
            <Ref id="ITD20" xmlns="" />
          </Parent>
        </Code>
        <Code id="022142" urn="urn:sdmx:org.sdmx.infomodel.codelist.Code=IT1:CL_REFAREA(1.2).022142">
          <Name xml:lang="it" xmlns="http://www.sdmx.org/resources/sdmxml/schemas/v2_1/common">Pieve Tesino</Name>
          <Name xml:lang="en" xmlns="http://www.sdmx.org/resources/sdmxml/schemas/v2_1/common">Pieve Tesino</Name>
          <Parent>
            <Ref id="ITD20" xmlns="" />
          </Parent>
        </Code>
        <Code id="022143" urn="urn:sdmx:org.sdmx.infomodel.codelist.Code=IT1:CL_REFAREA(1.2).022143">
          <Name xml:lang="it" xmlns="http://www.sdmx.org/resources/sdmxml/schemas/v2_1/common">Pinzolo</Name>
          <Name xml:lang="en" xmlns="http://www.sdmx.org/resources/sdmxml/schemas/v2_1/common">Pinzolo</Name>
          <Parent>
            <Ref id="ITD20" xmlns="" />
          </Parent>
        </Code>
        <Code id="022144" urn="urn:sdmx:org.sdmx.infomodel.codelist.Code=IT1:CL_REFAREA(1.2).022144">
          <Name xml:lang="it" xmlns="http://www.sdmx.org/resources/sdmxml/schemas/v2_1/common">Pomarolo</Name>
          <Name xml:lang="en" xmlns="http://www.sdmx.org/resources/sdmxml/schemas/v2_1/common">Pomarolo</Name>
          <Parent>
            <Ref id="ITD20" xmlns="" />
          </Parent>
        </Code>
        <Code id="022145" urn="urn:sdmx:org.sdmx.infomodel.codelist.Code=IT1:CL_REFAREA(1.2).022145">
          <Name xml:lang="it" xmlns="http://www.sdmx.org/resources/sdmxml/schemas/v2_1/common">Pozza di Fassa</Name>
          <Name xml:lang="en" xmlns="http://www.sdmx.org/resources/sdmxml/schemas/v2_1/common">Pozza di Fassa</Name>
          <Parent>
            <Ref id="ITD20" xmlns="" />
          </Parent>
        </Code>
        <Code id="022146" urn="urn:sdmx:org.sdmx.infomodel.codelist.Code=IT1:CL_REFAREA(1.2).022146">
          <Name xml:lang="it" xmlns="http://www.sdmx.org/resources/sdmxml/schemas/v2_1/common">Praso</Name>
          <Name xml:lang="en" xmlns="http://www.sdmx.org/resources/sdmxml/schemas/v2_1/common">Praso</Name>
          <Parent>
            <Ref id="ITD20" xmlns="" />
          </Parent>
        </Code>
        <Code id="022147" urn="urn:sdmx:org.sdmx.infomodel.codelist.Code=IT1:CL_REFAREA(1.2).022147">
          <Name xml:lang="it" xmlns="http://www.sdmx.org/resources/sdmxml/schemas/v2_1/common">Predazzo</Name>
          <Name xml:lang="en" xmlns="http://www.sdmx.org/resources/sdmxml/schemas/v2_1/common">Predazzo</Name>
          <Parent>
            <Ref id="ITD20" xmlns="" />
          </Parent>
        </Code>
        <Code id="022148" urn="urn:sdmx:org.sdmx.infomodel.codelist.Code=IT1:CL_REFAREA(1.2).022148">
          <Name xml:lang="it" xmlns="http://www.sdmx.org/resources/sdmxml/schemas/v2_1/common">Preore</Name>
          <Name xml:lang="en" xmlns="http://www.sdmx.org/resources/sdmxml/schemas/v2_1/common">Preore</Name>
          <Parent>
            <Ref id="ITD20" xmlns="" />
          </Parent>
        </Code>
        <Code id="022149" urn="urn:sdmx:org.sdmx.infomodel.codelist.Code=IT1:CL_REFAREA(1.2).022149">
          <Name xml:lang="it" xmlns="http://www.sdmx.org/resources/sdmxml/schemas/v2_1/common">Prezzo</Name>
          <Name xml:lang="en" xmlns="http://www.sdmx.org/resources/sdmxml/schemas/v2_1/common">Prezzo</Name>
          <Parent>
            <Ref id="ITD20" xmlns="" />
          </Parent>
        </Code>
        <Code id="022150" urn="urn:sdmx:org.sdmx.infomodel.codelist.Code=IT1:CL_REFAREA(1.2).022150">
          <Name xml:lang="it" xmlns="http://www.sdmx.org/resources/sdmxml/schemas/v2_1/common">Rabbi</Name>
          <Name xml:lang="en" xmlns="http://www.sdmx.org/resources/sdmxml/schemas/v2_1/common">Rabbi</Name>
          <Parent>
            <Ref id="ITD20" xmlns="" />
          </Parent>
        </Code>
        <Code id="022151" urn="urn:sdmx:org.sdmx.infomodel.codelist.Code=IT1:CL_REFAREA(1.2).022151">
          <Name xml:lang="it" xmlns="http://www.sdmx.org/resources/sdmxml/schemas/v2_1/common">Ragoli</Name>
          <Name xml:lang="en" xmlns="http://www.sdmx.org/resources/sdmxml/schemas/v2_1/common">Ragoli</Name>
          <Parent>
            <Ref id="ITD20" xmlns="" />
          </Parent>
        </Code>
        <Code id="022152" urn="urn:sdmx:org.sdmx.infomodel.codelist.Code=IT1:CL_REFAREA(1.2).022152">
          <Name xml:lang="it" xmlns="http://www.sdmx.org/resources/sdmxml/schemas/v2_1/common">Revò</Name>
          <Name xml:lang="en" xmlns="http://www.sdmx.org/resources/sdmxml/schemas/v2_1/common">Revò</Name>
          <Parent>
            <Ref id="ITD20" xmlns="" />
          </Parent>
        </Code>
        <Code id="022153" urn="urn:sdmx:org.sdmx.infomodel.codelist.Code=IT1:CL_REFAREA(1.2).022153">
          <Name xml:lang="it" xmlns="http://www.sdmx.org/resources/sdmxml/schemas/v2_1/common">Riva del Garda</Name>
          <Name xml:lang="en" xmlns="http://www.sdmx.org/resources/sdmxml/schemas/v2_1/common">Riva del Garda</Name>
          <Parent>
            <Ref id="ITD20" xmlns="" />
          </Parent>
        </Code>
        <Code id="022154" urn="urn:sdmx:org.sdmx.infomodel.codelist.Code=IT1:CL_REFAREA(1.2).022154">
          <Name xml:lang="it" xmlns="http://www.sdmx.org/resources/sdmxml/schemas/v2_1/common">Romallo</Name>
          <Name xml:lang="en" xmlns="http://www.sdmx.org/resources/sdmxml/schemas/v2_1/common">Romallo</Name>
          <Parent>
            <Ref id="ITD20" xmlns="" />
          </Parent>
        </Code>
        <Code id="022155" urn="urn:sdmx:org.sdmx.infomodel.codelist.Code=IT1:CL_REFAREA(1.2).022155">
          <Name xml:lang="it" xmlns="http://www.sdmx.org/resources/sdmxml/schemas/v2_1/common">Romeno</Name>
          <Name xml:lang="en" xmlns="http://www.sdmx.org/resources/sdmxml/schemas/v2_1/common">Romeno</Name>
          <Parent>
            <Ref id="ITD20" xmlns="" />
          </Parent>
        </Code>
        <Code id="022156" urn="urn:sdmx:org.sdmx.infomodel.codelist.Code=IT1:CL_REFAREA(1.2).022156">
          <Name xml:lang="it" xmlns="http://www.sdmx.org/resources/sdmxml/schemas/v2_1/common">Roncegno Terme</Name>
          <Name xml:lang="en" xmlns="http://www.sdmx.org/resources/sdmxml/schemas/v2_1/common">Roncegno Terme</Name>
          <Parent>
            <Ref id="ITD20" xmlns="" />
          </Parent>
        </Code>
        <Code id="022157" urn="urn:sdmx:org.sdmx.infomodel.codelist.Code=IT1:CL_REFAREA(1.2).022157">
          <Name xml:lang="it" xmlns="http://www.sdmx.org/resources/sdmxml/schemas/v2_1/common">Ronchi Valsugana</Name>
          <Name xml:lang="en" xmlns="http://www.sdmx.org/resources/sdmxml/schemas/v2_1/common">Ronchi Valsugana</Name>
          <Parent>
            <Ref id="ITD20" xmlns="" />
          </Parent>
        </Code>
        <Code id="022158" urn="urn:sdmx:org.sdmx.infomodel.codelist.Code=IT1:CL_REFAREA(1.2).022158">
          <Name xml:lang="it" xmlns="http://www.sdmx.org/resources/sdmxml/schemas/v2_1/common">Roncone</Name>
          <Name xml:lang="en" xmlns="http://www.sdmx.org/resources/sdmxml/schemas/v2_1/common">Roncone</Name>
          <Parent>
            <Ref id="ITD20" xmlns="" />
          </Parent>
        </Code>
        <Code id="022159" urn="urn:sdmx:org.sdmx.infomodel.codelist.Code=IT1:CL_REFAREA(1.2).022159">
          <Name xml:lang="it" xmlns="http://www.sdmx.org/resources/sdmxml/schemas/v2_1/common">Ronzone</Name>
          <Name xml:lang="en" xmlns="http://www.sdmx.org/resources/sdmxml/schemas/v2_1/common">Ronzone</Name>
          <Parent>
            <Ref id="ITD20" xmlns="" />
          </Parent>
        </Code>
        <Code id="022160" urn="urn:sdmx:org.sdmx.infomodel.codelist.Code=IT1:CL_REFAREA(1.2).022160">
          <Name xml:lang="it" xmlns="http://www.sdmx.org/resources/sdmxml/schemas/v2_1/common">Roverè della Luna</Name>
          <Name xml:lang="en" xmlns="http://www.sdmx.org/resources/sdmxml/schemas/v2_1/common">Roverè della Luna</Name>
          <Parent>
            <Ref id="ITD20" xmlns="" />
          </Parent>
        </Code>
        <Code id="022161" urn="urn:sdmx:org.sdmx.infomodel.codelist.Code=IT1:CL_REFAREA(1.2).022161">
          <Name xml:lang="it" xmlns="http://www.sdmx.org/resources/sdmxml/schemas/v2_1/common">Rovereto</Name>
          <Name xml:lang="en" xmlns="http://www.sdmx.org/resources/sdmxml/schemas/v2_1/common">Rovereto</Name>
          <Parent>
            <Ref id="ITD20" xmlns="" />
          </Parent>
        </Code>
        <Code id="022162" urn="urn:sdmx:org.sdmx.infomodel.codelist.Code=IT1:CL_REFAREA(1.2).022162">
          <Name xml:lang="it" xmlns="http://www.sdmx.org/resources/sdmxml/schemas/v2_1/common">Ruffrè-Mendola</Name>
          <Name xml:lang="en" xmlns="http://www.sdmx.org/resources/sdmxml/schemas/v2_1/common">Ruffrè-Mendola</Name>
          <Parent>
            <Ref id="ITD20" xmlns="" />
          </Parent>
        </Code>
        <Code id="022163" urn="urn:sdmx:org.sdmx.infomodel.codelist.Code=IT1:CL_REFAREA(1.2).022163">
          <Name xml:lang="it" xmlns="http://www.sdmx.org/resources/sdmxml/schemas/v2_1/common">Rumo</Name>
          <Name xml:lang="en" xmlns="http://www.sdmx.org/resources/sdmxml/schemas/v2_1/common">Rumo</Name>
          <Parent>
            <Ref id="ITD20" xmlns="" />
          </Parent>
        </Code>
        <Code id="022164" urn="urn:sdmx:org.sdmx.infomodel.codelist.Code=IT1:CL_REFAREA(1.2).022164">
          <Name xml:lang="it" xmlns="http://www.sdmx.org/resources/sdmxml/schemas/v2_1/common">Sagron Mis</Name>
          <Name xml:lang="en" xmlns="http://www.sdmx.org/resources/sdmxml/schemas/v2_1/common">Sagron Mis</Name>
          <Parent>
            <Ref id="ITD20" xmlns="" />
          </Parent>
        </Code>
        <Code id="022165" urn="urn:sdmx:org.sdmx.infomodel.codelist.Code=IT1:CL_REFAREA(1.2).022165">
          <Name xml:lang="it" xmlns="http://www.sdmx.org/resources/sdmxml/schemas/v2_1/common">Samone</Name>
          <Name xml:lang="en" xmlns="http://www.sdmx.org/resources/sdmxml/schemas/v2_1/common">Samone</Name>
          <Parent>
            <Ref id="ITD20" xmlns="" />
          </Parent>
        </Code>
        <Code id="022166" urn="urn:sdmx:org.sdmx.infomodel.codelist.Code=IT1:CL_REFAREA(1.2).022166">
          <Name xml:lang="it" xmlns="http://www.sdmx.org/resources/sdmxml/schemas/v2_1/common">San Lorenzo in Banale</Name>
          <Name xml:lang="en" xmlns="http://www.sdmx.org/resources/sdmxml/schemas/v2_1/common">San Lorenzo in Banale</Name>
          <Parent>
            <Ref id="ITD20" xmlns="" />
          </Parent>
        </Code>
        <Code id="022167" urn="urn:sdmx:org.sdmx.infomodel.codelist.Code=IT1:CL_REFAREA(1.2).022167">
          <Name xml:lang="it" xmlns="http://www.sdmx.org/resources/sdmxml/schemas/v2_1/common">San Michele all'Adige</Name>
          <Name xml:lang="en" xmlns="http://www.sdmx.org/resources/sdmxml/schemas/v2_1/common">San Michele all'Adige</Name>
          <Parent>
            <Ref id="ITD20" xmlns="" />
          </Parent>
        </Code>
        <Code id="022168" urn="urn:sdmx:org.sdmx.infomodel.codelist.Code=IT1:CL_REFAREA(1.2).022168">
          <Name xml:lang="it" xmlns="http://www.sdmx.org/resources/sdmxml/schemas/v2_1/common">Sant'Orsola Terme</Name>
          <Name xml:lang="en" xmlns="http://www.sdmx.org/resources/sdmxml/schemas/v2_1/common">Sant'Orsola Terme</Name>
          <Parent>
            <Ref id="ITD20" xmlns="" />
          </Parent>
        </Code>
        <Code id="022169" urn="urn:sdmx:org.sdmx.infomodel.codelist.Code=IT1:CL_REFAREA(1.2).022169">
          <Name xml:lang="it" xmlns="http://www.sdmx.org/resources/sdmxml/schemas/v2_1/common">Sanzeno</Name>
          <Name xml:lang="en" xmlns="http://www.sdmx.org/resources/sdmxml/schemas/v2_1/common">Sanzeno</Name>
          <Parent>
            <Ref id="ITD20" xmlns="" />
          </Parent>
        </Code>
        <Code id="022170" urn="urn:sdmx:org.sdmx.infomodel.codelist.Code=IT1:CL_REFAREA(1.2).022170">
          <Name xml:lang="it" xmlns="http://www.sdmx.org/resources/sdmxml/schemas/v2_1/common">Sarnonico</Name>
          <Name xml:lang="en" xmlns="http://www.sdmx.org/resources/sdmxml/schemas/v2_1/common">Sarnonico</Name>
          <Parent>
            <Ref id="ITD20" xmlns="" />
          </Parent>
        </Code>
        <Code id="022171" urn="urn:sdmx:org.sdmx.infomodel.codelist.Code=IT1:CL_REFAREA(1.2).022171">
          <Name xml:lang="it" xmlns="http://www.sdmx.org/resources/sdmxml/schemas/v2_1/common">Scurelle</Name>
          <Name xml:lang="en" xmlns="http://www.sdmx.org/resources/sdmxml/schemas/v2_1/common">Scurelle</Name>
          <Parent>
            <Ref id="ITD20" xmlns="" />
          </Parent>
        </Code>
        <Code id="022172" urn="urn:sdmx:org.sdmx.infomodel.codelist.Code=IT1:CL_REFAREA(1.2).022172">
          <Name xml:lang="it" xmlns="http://www.sdmx.org/resources/sdmxml/schemas/v2_1/common">Segonzano</Name>
          <Name xml:lang="en" xmlns="http://www.sdmx.org/resources/sdmxml/schemas/v2_1/common">Segonzano</Name>
          <Parent>
            <Ref id="ITD20" xmlns="" />
          </Parent>
        </Code>
        <Code id="022173" urn="urn:sdmx:org.sdmx.infomodel.codelist.Code=IT1:CL_REFAREA(1.2).022173">
          <Name xml:lang="it" xmlns="http://www.sdmx.org/resources/sdmxml/schemas/v2_1/common">Sfruz</Name>
          <Name xml:lang="en" xmlns="http://www.sdmx.org/resources/sdmxml/schemas/v2_1/common">Sfruz</Name>
          <Parent>
            <Ref id="ITD20" xmlns="" />
          </Parent>
        </Code>
        <Code id="022174" urn="urn:sdmx:org.sdmx.infomodel.codelist.Code=IT1:CL_REFAREA(1.2).022174">
          <Name xml:lang="it" xmlns="http://www.sdmx.org/resources/sdmxml/schemas/v2_1/common">Siror</Name>
          <Name xml:lang="en" xmlns="http://www.sdmx.org/resources/sdmxml/schemas/v2_1/common">Siror</Name>
          <Parent>
            <Ref id="ITD20" xmlns="" />
          </Parent>
        </Code>
        <Code id="022175" urn="urn:sdmx:org.sdmx.infomodel.codelist.Code=IT1:CL_REFAREA(1.2).022175">
          <Name xml:lang="it" xmlns="http://www.sdmx.org/resources/sdmxml/schemas/v2_1/common">Smarano</Name>
          <Name xml:lang="en" xmlns="http://www.sdmx.org/resources/sdmxml/schemas/v2_1/common">Smarano</Name>
          <Parent>
            <Ref id="ITD20" xmlns="" />
          </Parent>
        </Code>
        <Code id="022176" urn="urn:sdmx:org.sdmx.infomodel.codelist.Code=IT1:CL_REFAREA(1.2).022176">
          <Name xml:lang="it" xmlns="http://www.sdmx.org/resources/sdmxml/schemas/v2_1/common">Soraga</Name>
          <Name xml:lang="en" xmlns="http://www.sdmx.org/resources/sdmxml/schemas/v2_1/common">Soraga</Name>
          <Parent>
            <Ref id="ITD20" xmlns="" />
          </Parent>
        </Code>
        <Code id="022177" urn="urn:sdmx:org.sdmx.infomodel.codelist.Code=IT1:CL_REFAREA(1.2).022177">
          <Name xml:lang="it" xmlns="http://www.sdmx.org/resources/sdmxml/schemas/v2_1/common">Sover</Name>
          <Name xml:lang="en" xmlns="http://www.sdmx.org/resources/sdmxml/schemas/v2_1/common">Sover</Name>
          <Parent>
            <Ref id="ITD20" xmlns="" />
          </Parent>
        </Code>
        <Code id="022178" urn="urn:sdmx:org.sdmx.infomodel.codelist.Code=IT1:CL_REFAREA(1.2).022178">
          <Name xml:lang="it" xmlns="http://www.sdmx.org/resources/sdmxml/schemas/v2_1/common">Spera</Name>
          <Name xml:lang="en" xmlns="http://www.sdmx.org/resources/sdmxml/schemas/v2_1/common">Spera</Name>
          <Parent>
            <Ref id="ITD20" xmlns="" />
          </Parent>
        </Code>
        <Code id="022179" urn="urn:sdmx:org.sdmx.infomodel.codelist.Code=IT1:CL_REFAREA(1.2).022179">
          <Name xml:lang="it" xmlns="http://www.sdmx.org/resources/sdmxml/schemas/v2_1/common">Spiazzo</Name>
          <Name xml:lang="en" xmlns="http://www.sdmx.org/resources/sdmxml/schemas/v2_1/common">Spiazzo</Name>
          <Parent>
            <Ref id="ITD20" xmlns="" />
          </Parent>
        </Code>
        <Code id="022180" urn="urn:sdmx:org.sdmx.infomodel.codelist.Code=IT1:CL_REFAREA(1.2).022180">
          <Name xml:lang="it" xmlns="http://www.sdmx.org/resources/sdmxml/schemas/v2_1/common">Spormaggiore</Name>
          <Name xml:lang="en" xmlns="http://www.sdmx.org/resources/sdmxml/schemas/v2_1/common">Spormaggiore</Name>
          <Parent>
            <Ref id="ITD20" xmlns="" />
          </Parent>
        </Code>
        <Code id="022181" urn="urn:sdmx:org.sdmx.infomodel.codelist.Code=IT1:CL_REFAREA(1.2).022181">
          <Name xml:lang="it" xmlns="http://www.sdmx.org/resources/sdmxml/schemas/v2_1/common">Sporminore</Name>
          <Name xml:lang="en" xmlns="http://www.sdmx.org/resources/sdmxml/schemas/v2_1/common">Sporminore</Name>
          <Parent>
            <Ref id="ITD20" xmlns="" />
          </Parent>
        </Code>
        <Code id="022182" urn="urn:sdmx:org.sdmx.infomodel.codelist.Code=IT1:CL_REFAREA(1.2).022182">
          <Name xml:lang="it" xmlns="http://www.sdmx.org/resources/sdmxml/schemas/v2_1/common">Stenico</Name>
          <Name xml:lang="en" xmlns="http://www.sdmx.org/resources/sdmxml/schemas/v2_1/common">Stenico</Name>
          <Parent>
            <Ref id="ITD20" xmlns="" />
          </Parent>
        </Code>
        <Code id="022183" urn="urn:sdmx:org.sdmx.infomodel.codelist.Code=IT1:CL_REFAREA(1.2).022183">
          <Name xml:lang="it" xmlns="http://www.sdmx.org/resources/sdmxml/schemas/v2_1/common">Storo</Name>
          <Name xml:lang="en" xmlns="http://www.sdmx.org/resources/sdmxml/schemas/v2_1/common">Storo</Name>
          <Parent>
            <Ref id="ITD20" xmlns="" />
          </Parent>
        </Code>
        <Code id="022184" urn="urn:sdmx:org.sdmx.infomodel.codelist.Code=IT1:CL_REFAREA(1.2).022184">
          <Name xml:lang="it" xmlns="http://www.sdmx.org/resources/sdmxml/schemas/v2_1/common">Strembo</Name>
          <Name xml:lang="en" xmlns="http://www.sdmx.org/resources/sdmxml/schemas/v2_1/common">Strembo</Name>
          <Parent>
            <Ref id="ITD20" xmlns="" />
          </Parent>
        </Code>
        <Code id="022185" urn="urn:sdmx:org.sdmx.infomodel.codelist.Code=IT1:CL_REFAREA(1.2).022185">
          <Name xml:lang="it" xmlns="http://www.sdmx.org/resources/sdmxml/schemas/v2_1/common">Strigno</Name>
          <Name xml:lang="en" xmlns="http://www.sdmx.org/resources/sdmxml/schemas/v2_1/common">Strigno</Name>
          <Parent>
            <Ref id="ITD20" xmlns="" />
          </Parent>
        </Code>
        <Code id="022186" urn="urn:sdmx:org.sdmx.infomodel.codelist.Code=IT1:CL_REFAREA(1.2).022186">
          <Name xml:lang="it" xmlns="http://www.sdmx.org/resources/sdmxml/schemas/v2_1/common">Taio</Name>
          <Name xml:lang="en" xmlns="http://www.sdmx.org/resources/sdmxml/schemas/v2_1/common">Taio</Name>
          <Parent>
            <Ref id="ITD20" xmlns="" />
          </Parent>
        </Code>
        <Code id="022187" urn="urn:sdmx:org.sdmx.infomodel.codelist.Code=IT1:CL_REFAREA(1.2).022187">
          <Name xml:lang="it" xmlns="http://www.sdmx.org/resources/sdmxml/schemas/v2_1/common">Tassullo</Name>
          <Name xml:lang="en" xmlns="http://www.sdmx.org/resources/sdmxml/schemas/v2_1/common">Tassullo</Name>
          <Parent>
            <Ref id="ITD20" xmlns="" />
          </Parent>
        </Code>
        <Code id="022188" urn="urn:sdmx:org.sdmx.infomodel.codelist.Code=IT1:CL_REFAREA(1.2).022188">
          <Name xml:lang="it" xmlns="http://www.sdmx.org/resources/sdmxml/schemas/v2_1/common">Telve</Name>
          <Name xml:lang="en" xmlns="http://www.sdmx.org/resources/sdmxml/schemas/v2_1/common">Telve</Name>
          <Parent>
            <Ref id="ITD20" xmlns="" />
          </Parent>
        </Code>
        <Code id="022189" urn="urn:sdmx:org.sdmx.infomodel.codelist.Code=IT1:CL_REFAREA(1.2).022189">
          <Name xml:lang="it" xmlns="http://www.sdmx.org/resources/sdmxml/schemas/v2_1/common">Telve di Sopra</Name>
          <Name xml:lang="en" xmlns="http://www.sdmx.org/resources/sdmxml/schemas/v2_1/common">Telve di Sopra</Name>
          <Parent>
            <Ref id="ITD20" xmlns="" />
          </Parent>
        </Code>
        <Code id="022190" urn="urn:sdmx:org.sdmx.infomodel.codelist.Code=IT1:CL_REFAREA(1.2).022190">
          <Name xml:lang="it" xmlns="http://www.sdmx.org/resources/sdmxml/schemas/v2_1/common">Tenna</Name>
          <Name xml:lang="en" xmlns="http://www.sdmx.org/resources/sdmxml/schemas/v2_1/common">Tenna</Name>
          <Parent>
            <Ref id="ITD20" xmlns="" />
          </Parent>
        </Code>
        <Code id="022191" urn="urn:sdmx:org.sdmx.infomodel.codelist.Code=IT1:CL_REFAREA(1.2).022191">
          <Name xml:lang="it" xmlns="http://www.sdmx.org/resources/sdmxml/schemas/v2_1/common">Tenno</Name>
          <Name xml:lang="en" xmlns="http://www.sdmx.org/resources/sdmxml/schemas/v2_1/common">Tenno</Name>
          <Parent>
            <Ref id="ITD20" xmlns="" />
          </Parent>
        </Code>
        <Code id="022192" urn="urn:sdmx:org.sdmx.infomodel.codelist.Code=IT1:CL_REFAREA(1.2).022192">
          <Name xml:lang="it" xmlns="http://www.sdmx.org/resources/sdmxml/schemas/v2_1/common">Terlago</Name>
          <Name xml:lang="en" xmlns="http://www.sdmx.org/resources/sdmxml/schemas/v2_1/common">Terlago</Name>
          <Parent>
            <Ref id="ITD20" xmlns="" />
          </Parent>
        </Code>
        <Code id="022193" urn="urn:sdmx:org.sdmx.infomodel.codelist.Code=IT1:CL_REFAREA(1.2).022193">
          <Name xml:lang="it" xmlns="http://www.sdmx.org/resources/sdmxml/schemas/v2_1/common">Terragnolo</Name>
          <Name xml:lang="en" xmlns="http://www.sdmx.org/resources/sdmxml/schemas/v2_1/common">Terragnolo</Name>
          <Parent>
            <Ref id="ITD20" xmlns="" />
          </Parent>
        </Code>
        <Code id="022194" urn="urn:sdmx:org.sdmx.infomodel.codelist.Code=IT1:CL_REFAREA(1.2).022194">
          <Name xml:lang="it" xmlns="http://www.sdmx.org/resources/sdmxml/schemas/v2_1/common">Terres</Name>
          <Name xml:lang="en" xmlns="http://www.sdmx.org/resources/sdmxml/schemas/v2_1/common">Terres</Name>
          <Parent>
            <Ref id="ITD20" xmlns="" />
          </Parent>
        </Code>
        <Code id="022195" urn="urn:sdmx:org.sdmx.infomodel.codelist.Code=IT1:CL_REFAREA(1.2).022195">
          <Name xml:lang="it" xmlns="http://www.sdmx.org/resources/sdmxml/schemas/v2_1/common">Terzolas</Name>
          <Name xml:lang="en" xmlns="http://www.sdmx.org/resources/sdmxml/schemas/v2_1/common">Terzolas</Name>
          <Parent>
            <Ref id="ITD20" xmlns="" />
          </Parent>
        </Code>
        <Code id="022196" urn="urn:sdmx:org.sdmx.infomodel.codelist.Code=IT1:CL_REFAREA(1.2).022196">
          <Name xml:lang="it" xmlns="http://www.sdmx.org/resources/sdmxml/schemas/v2_1/common">Tesero</Name>
          <Name xml:lang="en" xmlns="http://www.sdmx.org/resources/sdmxml/schemas/v2_1/common">Tesero</Name>
          <Parent>
            <Ref id="ITD20" xmlns="" />
          </Parent>
        </Code>
        <Code id="022197" urn="urn:sdmx:org.sdmx.infomodel.codelist.Code=IT1:CL_REFAREA(1.2).022197">
          <Name xml:lang="it" xmlns="http://www.sdmx.org/resources/sdmxml/schemas/v2_1/common">Tiarno di Sopra</Name>
          <Name xml:lang="en" xmlns="http://www.sdmx.org/resources/sdmxml/schemas/v2_1/common">Tiarno di Sopra</Name>
          <Parent>
            <Ref id="ITD20" xmlns="" />
          </Parent>
        </Code>
        <Code id="022198" urn="urn:sdmx:org.sdmx.infomodel.codelist.Code=IT1:CL_REFAREA(1.2).022198">
          <Name xml:lang="it" xmlns="http://www.sdmx.org/resources/sdmxml/schemas/v2_1/common">Tiarno di Sotto</Name>
          <Name xml:lang="en" xmlns="http://www.sdmx.org/resources/sdmxml/schemas/v2_1/common">Tiarno di Sotto</Name>
          <Parent>
            <Ref id="ITD20" xmlns="" />
          </Parent>
        </Code>
        <Code id="022199" urn="urn:sdmx:org.sdmx.infomodel.codelist.Code=IT1:CL_REFAREA(1.2).022199">
          <Name xml:lang="it" xmlns="http://www.sdmx.org/resources/sdmxml/schemas/v2_1/common">Tione di Trento</Name>
          <Name xml:lang="en" xmlns="http://www.sdmx.org/resources/sdmxml/schemas/v2_1/common">Tione di Trento</Name>
          <Parent>
            <Ref id="ITD20" xmlns="" />
          </Parent>
        </Code>
        <Code id="022200" urn="urn:sdmx:org.sdmx.infomodel.codelist.Code=IT1:CL_REFAREA(1.2).022200">
          <Name xml:lang="it" xmlns="http://www.sdmx.org/resources/sdmxml/schemas/v2_1/common">Ton</Name>
          <Name xml:lang="en" xmlns="http://www.sdmx.org/resources/sdmxml/schemas/v2_1/common">Ton</Name>
          <Parent>
            <Ref id="ITD20" xmlns="" />
          </Parent>
        </Code>
        <Code id="022201" urn="urn:sdmx:org.sdmx.infomodel.codelist.Code=IT1:CL_REFAREA(1.2).022201">
          <Name xml:lang="it" xmlns="http://www.sdmx.org/resources/sdmxml/schemas/v2_1/common">Tonadico</Name>
          <Name xml:lang="en" xmlns="http://www.sdmx.org/resources/sdmxml/schemas/v2_1/common">Tonadico</Name>
          <Parent>
            <Ref id="ITD20" xmlns="" />
          </Parent>
        </Code>
        <Code id="022202" urn="urn:sdmx:org.sdmx.infomodel.codelist.Code=IT1:CL_REFAREA(1.2).022202">
          <Name xml:lang="it" xmlns="http://www.sdmx.org/resources/sdmxml/schemas/v2_1/common">Torcegno</Name>
          <Name xml:lang="en" xmlns="http://www.sdmx.org/resources/sdmxml/schemas/v2_1/common">Torcegno</Name>
          <Parent>
            <Ref id="ITD20" xmlns="" />
          </Parent>
        </Code>
        <Code id="022203" urn="urn:sdmx:org.sdmx.infomodel.codelist.Code=IT1:CL_REFAREA(1.2).022203">
          <Name xml:lang="it" xmlns="http://www.sdmx.org/resources/sdmxml/schemas/v2_1/common">Trambileno</Name>
          <Name xml:lang="en" xmlns="http://www.sdmx.org/resources/sdmxml/schemas/v2_1/common">Trambileno</Name>
          <Parent>
            <Ref id="ITD20" xmlns="" />
          </Parent>
        </Code>
        <Code id="022204" urn="urn:sdmx:org.sdmx.infomodel.codelist.Code=IT1:CL_REFAREA(1.2).022204">
          <Name xml:lang="it" xmlns="http://www.sdmx.org/resources/sdmxml/schemas/v2_1/common">Transacqua</Name>
          <Name xml:lang="en" xmlns="http://www.sdmx.org/resources/sdmxml/schemas/v2_1/common">Transacqua</Name>
          <Parent>
            <Ref id="ITD20" xmlns="" />
          </Parent>
        </Code>
        <Code id="022205" urn="urn:sdmx:org.sdmx.infomodel.codelist.Code=IT1:CL_REFAREA(1.2).022205">
          <Name xml:lang="it" xmlns="http://www.sdmx.org/resources/sdmxml/schemas/v2_1/common">Trento</Name>
          <Name xml:lang="en" xmlns="http://www.sdmx.org/resources/sdmxml/schemas/v2_1/common">Trento</Name>
          <Parent>
            <Ref id="ITD20" xmlns="" />
          </Parent>
        </Code>
        <Code id="022206" urn="urn:sdmx:org.sdmx.infomodel.codelist.Code=IT1:CL_REFAREA(1.2).022206">
          <Name xml:lang="it" xmlns="http://www.sdmx.org/resources/sdmxml/schemas/v2_1/common">Tres</Name>
          <Name xml:lang="en" xmlns="http://www.sdmx.org/resources/sdmxml/schemas/v2_1/common">Tres</Name>
          <Parent>
            <Ref id="ITD20" xmlns="" />
          </Parent>
        </Code>
        <Code id="022207" urn="urn:sdmx:org.sdmx.infomodel.codelist.Code=IT1:CL_REFAREA(1.2).022207">
          <Name xml:lang="it" xmlns="http://www.sdmx.org/resources/sdmxml/schemas/v2_1/common">Tuenno</Name>
          <Name xml:lang="en" xmlns="http://www.sdmx.org/resources/sdmxml/schemas/v2_1/common">Tuenno</Name>
          <Parent>
            <Ref id="ITD20" xmlns="" />
          </Parent>
        </Code>
        <Code id="022208" urn="urn:sdmx:org.sdmx.infomodel.codelist.Code=IT1:CL_REFAREA(1.2).022208">
          <Name xml:lang="it" xmlns="http://www.sdmx.org/resources/sdmxml/schemas/v2_1/common">Valda</Name>
          <Name xml:lang="en" xmlns="http://www.sdmx.org/resources/sdmxml/schemas/v2_1/common">Valda</Name>
          <Parent>
            <Ref id="ITD20" xmlns="" />
          </Parent>
        </Code>
        <Code id="022209" urn="urn:sdmx:org.sdmx.infomodel.codelist.Code=IT1:CL_REFAREA(1.2).022209">
          <Name xml:lang="it" xmlns="http://www.sdmx.org/resources/sdmxml/schemas/v2_1/common">Valfloriana</Name>
          <Name xml:lang="en" xmlns="http://www.sdmx.org/resources/sdmxml/schemas/v2_1/common">Valfloriana</Name>
          <Parent>
            <Ref id="ITD20" xmlns="" />
          </Parent>
        </Code>
        <Code id="022210" urn="urn:sdmx:org.sdmx.infomodel.codelist.Code=IT1:CL_REFAREA(1.2).022210">
          <Name xml:lang="it" xmlns="http://www.sdmx.org/resources/sdmxml/schemas/v2_1/common">Vallarsa</Name>
          <Name xml:lang="en" xmlns="http://www.sdmx.org/resources/sdmxml/schemas/v2_1/common">Vallarsa</Name>
          <Parent>
            <Ref id="ITD20" xmlns="" />
          </Parent>
        </Code>
        <Code id="022211" urn="urn:sdmx:org.sdmx.infomodel.codelist.Code=IT1:CL_REFAREA(1.2).022211">
          <Name xml:lang="it" xmlns="http://www.sdmx.org/resources/sdmxml/schemas/v2_1/common">Varena</Name>
          <Name xml:lang="en" xmlns="http://www.sdmx.org/resources/sdmxml/schemas/v2_1/common">Varena</Name>
          <Parent>
            <Ref id="ITD20" xmlns="" />
          </Parent>
        </Code>
        <Code id="022212" urn="urn:sdmx:org.sdmx.infomodel.codelist.Code=IT1:CL_REFAREA(1.2).022212">
          <Name xml:lang="it" xmlns="http://www.sdmx.org/resources/sdmxml/schemas/v2_1/common">Vattaro</Name>
          <Name xml:lang="en" xmlns="http://www.sdmx.org/resources/sdmxml/schemas/v2_1/common">Vattaro</Name>
          <Parent>
            <Ref id="ITD20" xmlns="" />
          </Parent>
        </Code>
        <Code id="022213" urn="urn:sdmx:org.sdmx.infomodel.codelist.Code=IT1:CL_REFAREA(1.2).022213">
          <Name xml:lang="it" xmlns="http://www.sdmx.org/resources/sdmxml/schemas/v2_1/common">Vermiglio</Name>
          <Name xml:lang="en" xmlns="http://www.sdmx.org/resources/sdmxml/schemas/v2_1/common">Vermiglio</Name>
          <Parent>
            <Ref id="ITD20" xmlns="" />
          </Parent>
        </Code>
        <Code id="022214" urn="urn:sdmx:org.sdmx.infomodel.codelist.Code=IT1:CL_REFAREA(1.2).022214">
          <Name xml:lang="it" xmlns="http://www.sdmx.org/resources/sdmxml/schemas/v2_1/common">Vervò</Name>
          <Name xml:lang="en" xmlns="http://www.sdmx.org/resources/sdmxml/schemas/v2_1/common">Vervò</Name>
          <Parent>
            <Ref id="ITD20" xmlns="" />
          </Parent>
        </Code>
        <Code id="022215" urn="urn:sdmx:org.sdmx.infomodel.codelist.Code=IT1:CL_REFAREA(1.2).022215">
          <Name xml:lang="it" xmlns="http://www.sdmx.org/resources/sdmxml/schemas/v2_1/common">Vezzano</Name>
          <Name xml:lang="en" xmlns="http://www.sdmx.org/resources/sdmxml/schemas/v2_1/common">Vezzano</Name>
          <Parent>
            <Ref id="ITD20" xmlns="" />
          </Parent>
        </Code>
        <Code id="022216" urn="urn:sdmx:org.sdmx.infomodel.codelist.Code=IT1:CL_REFAREA(1.2).022216">
          <Name xml:lang="it" xmlns="http://www.sdmx.org/resources/sdmxml/schemas/v2_1/common">Vignola-Falesina</Name>
          <Name xml:lang="en" xmlns="http://www.sdmx.org/resources/sdmxml/schemas/v2_1/common">Vignola-Falesina</Name>
          <Parent>
            <Ref id="ITD20" xmlns="" />
          </Parent>
        </Code>
        <Code id="022217" urn="urn:sdmx:org.sdmx.infomodel.codelist.Code=IT1:CL_REFAREA(1.2).022217">
          <Name xml:lang="it" xmlns="http://www.sdmx.org/resources/sdmxml/schemas/v2_1/common">Vigo di Fassa</Name>
          <Name xml:lang="en" xmlns="http://www.sdmx.org/resources/sdmxml/schemas/v2_1/common">Vigo di Fassa</Name>
          <Parent>
            <Ref id="ITD20" xmlns="" />
          </Parent>
        </Code>
        <Code id="022219" urn="urn:sdmx:org.sdmx.infomodel.codelist.Code=IT1:CL_REFAREA(1.2).022219">
          <Name xml:lang="it" xmlns="http://www.sdmx.org/resources/sdmxml/schemas/v2_1/common">Vigolo Vattaro</Name>
          <Name xml:lang="en" xmlns="http://www.sdmx.org/resources/sdmxml/schemas/v2_1/common">Vigolo Vattaro</Name>
          <Parent>
            <Ref id="ITD20" xmlns="" />
          </Parent>
        </Code>
        <Code id="022220" urn="urn:sdmx:org.sdmx.infomodel.codelist.Code=IT1:CL_REFAREA(1.2).022220">
          <Name xml:lang="it" xmlns="http://www.sdmx.org/resources/sdmxml/schemas/v2_1/common">Vigo Rendena</Name>
          <Name xml:lang="en" xmlns="http://www.sdmx.org/resources/sdmxml/schemas/v2_1/common">Vigo Rendena</Name>
          <Parent>
            <Ref id="ITD20" xmlns="" />
          </Parent>
        </Code>
        <Code id="022221" urn="urn:sdmx:org.sdmx.infomodel.codelist.Code=IT1:CL_REFAREA(1.2).022221">
          <Name xml:lang="it" xmlns="http://www.sdmx.org/resources/sdmxml/schemas/v2_1/common">Villa Agnedo</Name>
          <Name xml:lang="en" xmlns="http://www.sdmx.org/resources/sdmxml/schemas/v2_1/common">Villa Agnedo</Name>
          <Parent>
            <Ref id="ITD20" xmlns="" />
          </Parent>
        </Code>
        <Code id="022222" urn="urn:sdmx:org.sdmx.infomodel.codelist.Code=IT1:CL_REFAREA(1.2).022222">
          <Name xml:lang="it" xmlns="http://www.sdmx.org/resources/sdmxml/schemas/v2_1/common">Villa Lagarina</Name>
          <Name xml:lang="en" xmlns="http://www.sdmx.org/resources/sdmxml/schemas/v2_1/common">Villa Lagarina</Name>
          <Parent>
            <Ref id="ITD20" xmlns="" />
          </Parent>
        </Code>
        <Code id="022223" urn="urn:sdmx:org.sdmx.infomodel.codelist.Code=IT1:CL_REFAREA(1.2).022223">
          <Name xml:lang="it" xmlns="http://www.sdmx.org/resources/sdmxml/schemas/v2_1/common">Villa Rendena</Name>
          <Name xml:lang="en" xmlns="http://www.sdmx.org/resources/sdmxml/schemas/v2_1/common">Villa Rendena</Name>
          <Parent>
            <Ref id="ITD20" xmlns="" />
          </Parent>
        </Code>
        <Code id="022224" urn="urn:sdmx:org.sdmx.infomodel.codelist.Code=IT1:CL_REFAREA(1.2).022224">
          <Name xml:lang="it" xmlns="http://www.sdmx.org/resources/sdmxml/schemas/v2_1/common">Volano</Name>
          <Name xml:lang="en" xmlns="http://www.sdmx.org/resources/sdmxml/schemas/v2_1/common">Volano</Name>
          <Parent>
            <Ref id="ITD20" xmlns="" />
          </Parent>
        </Code>
        <Code id="022225" urn="urn:sdmx:org.sdmx.infomodel.codelist.Code=IT1:CL_REFAREA(1.2).022225">
          <Name xml:lang="it" xmlns="http://www.sdmx.org/resources/sdmxml/schemas/v2_1/common">Zambana</Name>
          <Name xml:lang="en" xmlns="http://www.sdmx.org/resources/sdmxml/schemas/v2_1/common">Zambana</Name>
          <Parent>
            <Ref id="ITD20" xmlns="" />
          </Parent>
        </Code>
        <Code id="022226" urn="urn:sdmx:org.sdmx.infomodel.codelist.Code=IT1:CL_REFAREA(1.2).022226">
          <Name xml:lang="it" xmlns="http://www.sdmx.org/resources/sdmxml/schemas/v2_1/common">Ziano di Fiemme</Name>
          <Name xml:lang="en" xmlns="http://www.sdmx.org/resources/sdmxml/schemas/v2_1/common">Ziano di Fiemme</Name>
          <Parent>
            <Ref id="ITD20" xmlns="" />
          </Parent>
        </Code>
        <Code id="022227" urn="urn:sdmx:org.sdmx.infomodel.codelist.Code=IT1:CL_REFAREA(1.2).022227">
          <Name xml:lang="it" xmlns="http://www.sdmx.org/resources/sdmxml/schemas/v2_1/common">Zuclo</Name>
          <Name xml:lang="en" xmlns="http://www.sdmx.org/resources/sdmxml/schemas/v2_1/common">Zuclo</Name>
          <Parent>
            <Ref id="ITD20" xmlns="" />
          </Parent>
        </Code>
        <Code id="022228" urn="urn:sdmx:org.sdmx.infomodel.codelist.Code=IT1:CL_REFAREA(1.2).022228">
          <Name xml:lang="it" xmlns="http://www.sdmx.org/resources/sdmxml/schemas/v2_1/common">Comano Terme</Name>
          <Name xml:lang="en" xmlns="http://www.sdmx.org/resources/sdmxml/schemas/v2_1/common">Comano Terme</Name>
          <Parent>
            <Ref id="ITD20" xmlns="" />
          </Parent>
        </Code>
        <Code id="022229" urn="urn:sdmx:org.sdmx.infomodel.codelist.Code=IT1:CL_REFAREA(1.2).022229">
          <Name xml:lang="it" xmlns="http://www.sdmx.org/resources/sdmxml/schemas/v2_1/common">Ledro</Name>
          <Name xml:lang="en" xmlns="http://www.sdmx.org/resources/sdmxml/schemas/v2_1/common">Ledro</Name>
          <Parent>
            <Ref id="ITD20" xmlns="" />
          </Parent>
        </Code>
        <Code id="023001" urn="urn:sdmx:org.sdmx.infomodel.codelist.Code=IT1:CL_REFAREA(1.2).023001">
          <Name xml:lang="it" xmlns="http://www.sdmx.org/resources/sdmxml/schemas/v2_1/common">Affi</Name>
          <Name xml:lang="en" xmlns="http://www.sdmx.org/resources/sdmxml/schemas/v2_1/common">Affi</Name>
          <Parent>
            <Ref id="ITD31" xmlns="" />
          </Parent>
        </Code>
        <Code id="023002" urn="urn:sdmx:org.sdmx.infomodel.codelist.Code=IT1:CL_REFAREA(1.2).023002">
          <Name xml:lang="it" xmlns="http://www.sdmx.org/resources/sdmxml/schemas/v2_1/common">Albaredo d'Adige</Name>
          <Name xml:lang="en" xmlns="http://www.sdmx.org/resources/sdmxml/schemas/v2_1/common">Albaredo d'Adige</Name>
          <Parent>
            <Ref id="ITD31" xmlns="" />
          </Parent>
        </Code>
        <Code id="023003" urn="urn:sdmx:org.sdmx.infomodel.codelist.Code=IT1:CL_REFAREA(1.2).023003">
          <Name xml:lang="it" xmlns="http://www.sdmx.org/resources/sdmxml/schemas/v2_1/common">Angiari</Name>
          <Name xml:lang="en" xmlns="http://www.sdmx.org/resources/sdmxml/schemas/v2_1/common">Angiari</Name>
          <Parent>
            <Ref id="ITD31" xmlns="" />
          </Parent>
        </Code>
        <Code id="023004" urn="urn:sdmx:org.sdmx.infomodel.codelist.Code=IT1:CL_REFAREA(1.2).023004">
          <Name xml:lang="it" xmlns="http://www.sdmx.org/resources/sdmxml/schemas/v2_1/common">Arcole</Name>
          <Name xml:lang="en" xmlns="http://www.sdmx.org/resources/sdmxml/schemas/v2_1/common">Arcole</Name>
          <Parent>
            <Ref id="ITD31" xmlns="" />
          </Parent>
        </Code>
        <Code id="023005" urn="urn:sdmx:org.sdmx.infomodel.codelist.Code=IT1:CL_REFAREA(1.2).023005">
          <Name xml:lang="it" xmlns="http://www.sdmx.org/resources/sdmxml/schemas/v2_1/common">Badia Calavena</Name>
          <Name xml:lang="en" xmlns="http://www.sdmx.org/resources/sdmxml/schemas/v2_1/common">Badia Calavena</Name>
          <Parent>
            <Ref id="ITD31" xmlns="" />
          </Parent>
        </Code>
        <Code id="023006" urn="urn:sdmx:org.sdmx.infomodel.codelist.Code=IT1:CL_REFAREA(1.2).023006">
          <Name xml:lang="it" xmlns="http://www.sdmx.org/resources/sdmxml/schemas/v2_1/common">Bardolino</Name>
          <Name xml:lang="en" xmlns="http://www.sdmx.org/resources/sdmxml/schemas/v2_1/common">Bardolino</Name>
          <Parent>
            <Ref id="ITD31" xmlns="" />
          </Parent>
        </Code>
        <Code id="023007" urn="urn:sdmx:org.sdmx.infomodel.codelist.Code=IT1:CL_REFAREA(1.2).023007">
          <Name xml:lang="it" xmlns="http://www.sdmx.org/resources/sdmxml/schemas/v2_1/common">Belfiore</Name>
          <Name xml:lang="en" xmlns="http://www.sdmx.org/resources/sdmxml/schemas/v2_1/common">Belfiore</Name>
          <Parent>
            <Ref id="ITD31" xmlns="" />
          </Parent>
        </Code>
        <Code id="023008" urn="urn:sdmx:org.sdmx.infomodel.codelist.Code=IT1:CL_REFAREA(1.2).023008">
          <Name xml:lang="it" xmlns="http://www.sdmx.org/resources/sdmxml/schemas/v2_1/common">Bevilacqua</Name>
          <Name xml:lang="en" xmlns="http://www.sdmx.org/resources/sdmxml/schemas/v2_1/common">Bevilacqua</Name>
          <Parent>
            <Ref id="ITD31" xmlns="" />
          </Parent>
        </Code>
        <Code id="023009" urn="urn:sdmx:org.sdmx.infomodel.codelist.Code=IT1:CL_REFAREA(1.2).023009">
          <Name xml:lang="it" xmlns="http://www.sdmx.org/resources/sdmxml/schemas/v2_1/common">Bonavigo</Name>
          <Name xml:lang="en" xmlns="http://www.sdmx.org/resources/sdmxml/schemas/v2_1/common">Bonavigo</Name>
          <Parent>
            <Ref id="ITD31" xmlns="" />
          </Parent>
        </Code>
        <Code id="023010" urn="urn:sdmx:org.sdmx.infomodel.codelist.Code=IT1:CL_REFAREA(1.2).023010">
          <Name xml:lang="it" xmlns="http://www.sdmx.org/resources/sdmxml/schemas/v2_1/common">Boschi Sant'Anna</Name>
          <Name xml:lang="en" xmlns="http://www.sdmx.org/resources/sdmxml/schemas/v2_1/common">Boschi Sant'Anna</Name>
          <Parent>
            <Ref id="ITD31" xmlns="" />
          </Parent>
        </Code>
        <Code id="023011" urn="urn:sdmx:org.sdmx.infomodel.codelist.Code=IT1:CL_REFAREA(1.2).023011">
          <Name xml:lang="it" xmlns="http://www.sdmx.org/resources/sdmxml/schemas/v2_1/common">Bosco Chiesanuova</Name>
          <Name xml:lang="en" xmlns="http://www.sdmx.org/resources/sdmxml/schemas/v2_1/common">Bosco Chiesanuova</Name>
          <Parent>
            <Ref id="ITD31" xmlns="" />
          </Parent>
        </Code>
        <Code id="023012" urn="urn:sdmx:org.sdmx.infomodel.codelist.Code=IT1:CL_REFAREA(1.2).023012">
          <Name xml:lang="it" xmlns="http://www.sdmx.org/resources/sdmxml/schemas/v2_1/common">Bovolone</Name>
          <Name xml:lang="en" xmlns="http://www.sdmx.org/resources/sdmxml/schemas/v2_1/common">Bovolone</Name>
          <Parent>
            <Ref id="ITD31" xmlns="" />
          </Parent>
        </Code>
        <Code id="023013" urn="urn:sdmx:org.sdmx.infomodel.codelist.Code=IT1:CL_REFAREA(1.2).023013">
          <Name xml:lang="it" xmlns="http://www.sdmx.org/resources/sdmxml/schemas/v2_1/common">Brentino Belluno</Name>
          <Name xml:lang="en" xmlns="http://www.sdmx.org/resources/sdmxml/schemas/v2_1/common">Brentino Belluno</Name>
          <Parent>
            <Ref id="ITD31" xmlns="" />
          </Parent>
        </Code>
        <Code id="023014" urn="urn:sdmx:org.sdmx.infomodel.codelist.Code=IT1:CL_REFAREA(1.2).023014">
          <Name xml:lang="it" xmlns="http://www.sdmx.org/resources/sdmxml/schemas/v2_1/common">Brenzone</Name>
          <Name xml:lang="en" xmlns="http://www.sdmx.org/resources/sdmxml/schemas/v2_1/common">Brenzone</Name>
          <Parent>
            <Ref id="ITD31" xmlns="" />
          </Parent>
        </Code>
        <Code id="023015" urn="urn:sdmx:org.sdmx.infomodel.codelist.Code=IT1:CL_REFAREA(1.2).023015">
          <Name xml:lang="it" xmlns="http://www.sdmx.org/resources/sdmxml/schemas/v2_1/common">Bussolengo</Name>
          <Name xml:lang="en" xmlns="http://www.sdmx.org/resources/sdmxml/schemas/v2_1/common">Bussolengo</Name>
          <Parent>
            <Ref id="ITD31" xmlns="" />
          </Parent>
        </Code>
        <Code id="023016" urn="urn:sdmx:org.sdmx.infomodel.codelist.Code=IT1:CL_REFAREA(1.2).023016">
          <Name xml:lang="it" xmlns="http://www.sdmx.org/resources/sdmxml/schemas/v2_1/common">Buttapietra</Name>
          <Name xml:lang="en" xmlns="http://www.sdmx.org/resources/sdmxml/schemas/v2_1/common">Buttapietra</Name>
          <Parent>
            <Ref id="ITD31" xmlns="" />
          </Parent>
        </Code>
        <Code id="023017" urn="urn:sdmx:org.sdmx.infomodel.codelist.Code=IT1:CL_REFAREA(1.2).023017">
          <Name xml:lang="it" xmlns="http://www.sdmx.org/resources/sdmxml/schemas/v2_1/common">Caldiero</Name>
          <Name xml:lang="en" xmlns="http://www.sdmx.org/resources/sdmxml/schemas/v2_1/common">Caldiero</Name>
          <Parent>
            <Ref id="ITD31" xmlns="" />
          </Parent>
        </Code>
        <Code id="023018" urn="urn:sdmx:org.sdmx.infomodel.codelist.Code=IT1:CL_REFAREA(1.2).023018">
          <Name xml:lang="it" xmlns="http://www.sdmx.org/resources/sdmxml/schemas/v2_1/common">Caprino Veronese</Name>
          <Name xml:lang="en" xmlns="http://www.sdmx.org/resources/sdmxml/schemas/v2_1/common">Caprino Veronese</Name>
          <Parent>
            <Ref id="ITD31" xmlns="" />
          </Parent>
        </Code>
        <Code id="023019" urn="urn:sdmx:org.sdmx.infomodel.codelist.Code=IT1:CL_REFAREA(1.2).023019">
          <Name xml:lang="it" xmlns="http://www.sdmx.org/resources/sdmxml/schemas/v2_1/common">Casaleone</Name>
          <Name xml:lang="en" xmlns="http://www.sdmx.org/resources/sdmxml/schemas/v2_1/common">Casaleone</Name>
          <Parent>
            <Ref id="ITD31" xmlns="" />
          </Parent>
        </Code>
        <Code id="023020" urn="urn:sdmx:org.sdmx.infomodel.codelist.Code=IT1:CL_REFAREA(1.2).023020">
          <Name xml:lang="it" xmlns="http://www.sdmx.org/resources/sdmxml/schemas/v2_1/common">Castagnaro</Name>
          <Name xml:lang="en" xmlns="http://www.sdmx.org/resources/sdmxml/schemas/v2_1/common">Castagnaro</Name>
          <Parent>
            <Ref id="ITD31" xmlns="" />
          </Parent>
        </Code>
        <Code id="023021" urn="urn:sdmx:org.sdmx.infomodel.codelist.Code=IT1:CL_REFAREA(1.2).023021">
          <Name xml:lang="it" xmlns="http://www.sdmx.org/resources/sdmxml/schemas/v2_1/common">Castel d'Azzano</Name>
          <Name xml:lang="en" xmlns="http://www.sdmx.org/resources/sdmxml/schemas/v2_1/common">Castel d'Azzano</Name>
          <Parent>
            <Ref id="ITD31" xmlns="" />
          </Parent>
        </Code>
        <Code id="023022" urn="urn:sdmx:org.sdmx.infomodel.codelist.Code=IT1:CL_REFAREA(1.2).023022">
          <Name xml:lang="it" xmlns="http://www.sdmx.org/resources/sdmxml/schemas/v2_1/common">Castelnuovo del Garda</Name>
          <Name xml:lang="en" xmlns="http://www.sdmx.org/resources/sdmxml/schemas/v2_1/common">Castelnuovo del Garda</Name>
          <Parent>
            <Ref id="ITD31" xmlns="" />
          </Parent>
        </Code>
        <Code id="023023" urn="urn:sdmx:org.sdmx.infomodel.codelist.Code=IT1:CL_REFAREA(1.2).023023">
          <Name xml:lang="it" xmlns="http://www.sdmx.org/resources/sdmxml/schemas/v2_1/common">Cavaion Veronese</Name>
          <Name xml:lang="en" xmlns="http://www.sdmx.org/resources/sdmxml/schemas/v2_1/common">Cavaion Veronese</Name>
          <Parent>
            <Ref id="ITD31" xmlns="" />
          </Parent>
        </Code>
        <Code id="023024" urn="urn:sdmx:org.sdmx.infomodel.codelist.Code=IT1:CL_REFAREA(1.2).023024">
          <Name xml:lang="it" xmlns="http://www.sdmx.org/resources/sdmxml/schemas/v2_1/common">Cazzano di Tramigna</Name>
          <Name xml:lang="en" xmlns="http://www.sdmx.org/resources/sdmxml/schemas/v2_1/common">Cazzano di Tramigna</Name>
          <Parent>
            <Ref id="ITD31" xmlns="" />
          </Parent>
        </Code>
        <Code id="023025" urn="urn:sdmx:org.sdmx.infomodel.codelist.Code=IT1:CL_REFAREA(1.2).023025">
          <Name xml:lang="it" xmlns="http://www.sdmx.org/resources/sdmxml/schemas/v2_1/common">Cerea</Name>
          <Name xml:lang="en" xmlns="http://www.sdmx.org/resources/sdmxml/schemas/v2_1/common">Cerea</Name>
          <Parent>
            <Ref id="ITD31" xmlns="" />
          </Parent>
        </Code>
        <Code id="023026" urn="urn:sdmx:org.sdmx.infomodel.codelist.Code=IT1:CL_REFAREA(1.2).023026">
          <Name xml:lang="it" xmlns="http://www.sdmx.org/resources/sdmxml/schemas/v2_1/common">Cerro Veronese</Name>
          <Name xml:lang="en" xmlns="http://www.sdmx.org/resources/sdmxml/schemas/v2_1/common">Cerro Veronese</Name>
          <Parent>
            <Ref id="ITD31" xmlns="" />
          </Parent>
        </Code>
        <Code id="023027" urn="urn:sdmx:org.sdmx.infomodel.codelist.Code=IT1:CL_REFAREA(1.2).023027">
          <Name xml:lang="it" xmlns="http://www.sdmx.org/resources/sdmxml/schemas/v2_1/common">Cologna Veneta</Name>
          <Name xml:lang="en" xmlns="http://www.sdmx.org/resources/sdmxml/schemas/v2_1/common">Cologna Veneta</Name>
          <Parent>
            <Ref id="ITD31" xmlns="" />
          </Parent>
        </Code>
        <Code id="023028" urn="urn:sdmx:org.sdmx.infomodel.codelist.Code=IT1:CL_REFAREA(1.2).023028">
          <Name xml:lang="it" xmlns="http://www.sdmx.org/resources/sdmxml/schemas/v2_1/common">Colognola ai Colli</Name>
          <Name xml:lang="en" xmlns="http://www.sdmx.org/resources/sdmxml/schemas/v2_1/common">Colognola ai Colli</Name>
          <Parent>
            <Ref id="ITD31" xmlns="" />
          </Parent>
        </Code>
        <Code id="023029" urn="urn:sdmx:org.sdmx.infomodel.codelist.Code=IT1:CL_REFAREA(1.2).023029">
          <Name xml:lang="it" xmlns="http://www.sdmx.org/resources/sdmxml/schemas/v2_1/common">Concamarise</Name>
          <Name xml:lang="en" xmlns="http://www.sdmx.org/resources/sdmxml/schemas/v2_1/common">Concamarise</Name>
          <Parent>
            <Ref id="ITD31" xmlns="" />
          </Parent>
        </Code>
        <Code id="023030" urn="urn:sdmx:org.sdmx.infomodel.codelist.Code=IT1:CL_REFAREA(1.2).023030">
          <Name xml:lang="it" xmlns="http://www.sdmx.org/resources/sdmxml/schemas/v2_1/common">Costermano</Name>
          <Name xml:lang="en" xmlns="http://www.sdmx.org/resources/sdmxml/schemas/v2_1/common">Costermano</Name>
          <Parent>
            <Ref id="ITD31" xmlns="" />
          </Parent>
        </Code>
        <Code id="023031" urn="urn:sdmx:org.sdmx.infomodel.codelist.Code=IT1:CL_REFAREA(1.2).023031">
          <Name xml:lang="it" xmlns="http://www.sdmx.org/resources/sdmxml/schemas/v2_1/common">Dolcè</Name>
          <Name xml:lang="en" xmlns="http://www.sdmx.org/resources/sdmxml/schemas/v2_1/common">Dolcè</Name>
          <Parent>
            <Ref id="ITD31" xmlns="" />
          </Parent>
        </Code>
        <Code id="023032" urn="urn:sdmx:org.sdmx.infomodel.codelist.Code=IT1:CL_REFAREA(1.2).023032">
          <Name xml:lang="it" xmlns="http://www.sdmx.org/resources/sdmxml/schemas/v2_1/common">Erbè</Name>
          <Name xml:lang="en" xmlns="http://www.sdmx.org/resources/sdmxml/schemas/v2_1/common">Erbè</Name>
          <Parent>
            <Ref id="ITD31" xmlns="" />
          </Parent>
        </Code>
        <Code id="023033" urn="urn:sdmx:org.sdmx.infomodel.codelist.Code=IT1:CL_REFAREA(1.2).023033">
          <Name xml:lang="it" xmlns="http://www.sdmx.org/resources/sdmxml/schemas/v2_1/common">Erbezzo</Name>
          <Name xml:lang="en" xmlns="http://www.sdmx.org/resources/sdmxml/schemas/v2_1/common">Erbezzo</Name>
          <Parent>
            <Ref id="ITD31" xmlns="" />
          </Parent>
        </Code>
        <Code id="023034" urn="urn:sdmx:org.sdmx.infomodel.codelist.Code=IT1:CL_REFAREA(1.2).023034">
          <Name xml:lang="it" xmlns="http://www.sdmx.org/resources/sdmxml/schemas/v2_1/common">Ferrara di Monte Baldo</Name>
          <Name xml:lang="en" xmlns="http://www.sdmx.org/resources/sdmxml/schemas/v2_1/common">Ferrara di Monte Baldo</Name>
          <Parent>
            <Ref id="ITD31" xmlns="" />
          </Parent>
        </Code>
        <Code id="023035" urn="urn:sdmx:org.sdmx.infomodel.codelist.Code=IT1:CL_REFAREA(1.2).023035">
          <Name xml:lang="it" xmlns="http://www.sdmx.org/resources/sdmxml/schemas/v2_1/common">Fumane</Name>
          <Name xml:lang="en" xmlns="http://www.sdmx.org/resources/sdmxml/schemas/v2_1/common">Fumane</Name>
          <Parent>
            <Ref id="ITD31" xmlns="" />
          </Parent>
        </Code>
        <Code id="023036" urn="urn:sdmx:org.sdmx.infomodel.codelist.Code=IT1:CL_REFAREA(1.2).023036">
          <Name xml:lang="it" xmlns="http://www.sdmx.org/resources/sdmxml/schemas/v2_1/common">Garda</Name>
          <Name xml:lang="en" xmlns="http://www.sdmx.org/resources/sdmxml/schemas/v2_1/common">Garda</Name>
          <Parent>
            <Ref id="ITD31" xmlns="" />
          </Parent>
        </Code>
        <Code id="023037" urn="urn:sdmx:org.sdmx.infomodel.codelist.Code=IT1:CL_REFAREA(1.2).023037">
          <Name xml:lang="it" xmlns="http://www.sdmx.org/resources/sdmxml/schemas/v2_1/common">Gazzo Veronese</Name>
          <Name xml:lang="en" xmlns="http://www.sdmx.org/resources/sdmxml/schemas/v2_1/common">Gazzo Veronese</Name>
          <Parent>
            <Ref id="ITD31" xmlns="" />
          </Parent>
        </Code>
        <Code id="023038" urn="urn:sdmx:org.sdmx.infomodel.codelist.Code=IT1:CL_REFAREA(1.2).023038">
          <Name xml:lang="it" xmlns="http://www.sdmx.org/resources/sdmxml/schemas/v2_1/common">Grezzana</Name>
          <Name xml:lang="en" xmlns="http://www.sdmx.org/resources/sdmxml/schemas/v2_1/common">Grezzana</Name>
          <Parent>
            <Ref id="ITD31" xmlns="" />
          </Parent>
        </Code>
        <Code id="023039" urn="urn:sdmx:org.sdmx.infomodel.codelist.Code=IT1:CL_REFAREA(1.2).023039">
          <Name xml:lang="it" xmlns="http://www.sdmx.org/resources/sdmxml/schemas/v2_1/common">Illasi</Name>
          <Name xml:lang="en" xmlns="http://www.sdmx.org/resources/sdmxml/schemas/v2_1/common">Illasi</Name>
          <Parent>
            <Ref id="ITD31" xmlns="" />
          </Parent>
        </Code>
        <Code id="023040" urn="urn:sdmx:org.sdmx.infomodel.codelist.Code=IT1:CL_REFAREA(1.2).023040">
          <Name xml:lang="it" xmlns="http://www.sdmx.org/resources/sdmxml/schemas/v2_1/common">Isola della Scala</Name>
          <Name xml:lang="en" xmlns="http://www.sdmx.org/resources/sdmxml/schemas/v2_1/common">Isola della Scala</Name>
          <Parent>
            <Ref id="ITD31" xmlns="" />
          </Parent>
        </Code>
        <Code id="023041" urn="urn:sdmx:org.sdmx.infomodel.codelist.Code=IT1:CL_REFAREA(1.2).023041">
          <Name xml:lang="it" xmlns="http://www.sdmx.org/resources/sdmxml/schemas/v2_1/common">Isola Rizza</Name>
          <Name xml:lang="en" xmlns="http://www.sdmx.org/resources/sdmxml/schemas/v2_1/common">Isola Rizza</Name>
          <Parent>
            <Ref id="ITD31" xmlns="" />
          </Parent>
        </Code>
        <Code id="023042" urn="urn:sdmx:org.sdmx.infomodel.codelist.Code=IT1:CL_REFAREA(1.2).023042">
          <Name xml:lang="it" xmlns="http://www.sdmx.org/resources/sdmxml/schemas/v2_1/common">Lavagno</Name>
          <Name xml:lang="en" xmlns="http://www.sdmx.org/resources/sdmxml/schemas/v2_1/common">Lavagno</Name>
          <Parent>
            <Ref id="ITD31" xmlns="" />
          </Parent>
        </Code>
        <Code id="023043" urn="urn:sdmx:org.sdmx.infomodel.codelist.Code=IT1:CL_REFAREA(1.2).023043">
          <Name xml:lang="it" xmlns="http://www.sdmx.org/resources/sdmxml/schemas/v2_1/common">Lazise</Name>
          <Name xml:lang="en" xmlns="http://www.sdmx.org/resources/sdmxml/schemas/v2_1/common">Lazise</Name>
          <Parent>
            <Ref id="ITD31" xmlns="" />
          </Parent>
        </Code>
        <Code id="023044" urn="urn:sdmx:org.sdmx.infomodel.codelist.Code=IT1:CL_REFAREA(1.2).023044">
          <Name xml:lang="it" xmlns="http://www.sdmx.org/resources/sdmxml/schemas/v2_1/common">Legnago</Name>
          <Name xml:lang="en" xmlns="http://www.sdmx.org/resources/sdmxml/schemas/v2_1/common">Legnago</Name>
          <Parent>
            <Ref id="ITD31" xmlns="" />
          </Parent>
        </Code>
        <Code id="023045" urn="urn:sdmx:org.sdmx.infomodel.codelist.Code=IT1:CL_REFAREA(1.2).023045">
          <Name xml:lang="it" xmlns="http://www.sdmx.org/resources/sdmxml/schemas/v2_1/common">Malcesine</Name>
          <Name xml:lang="en" xmlns="http://www.sdmx.org/resources/sdmxml/schemas/v2_1/common">Malcesine</Name>
          <Parent>
            <Ref id="ITD31" xmlns="" />
          </Parent>
        </Code>
        <Code id="023046" urn="urn:sdmx:org.sdmx.infomodel.codelist.Code=IT1:CL_REFAREA(1.2).023046">
          <Name xml:lang="it" xmlns="http://www.sdmx.org/resources/sdmxml/schemas/v2_1/common">Marano di Valpolicella</Name>
          <Name xml:lang="en" xmlns="http://www.sdmx.org/resources/sdmxml/schemas/v2_1/common">Marano di Valpolicella</Name>
          <Parent>
            <Ref id="ITD31" xmlns="" />
          </Parent>
        </Code>
        <Code id="023047" urn="urn:sdmx:org.sdmx.infomodel.codelist.Code=IT1:CL_REFAREA(1.2).023047">
          <Name xml:lang="it" xmlns="http://www.sdmx.org/resources/sdmxml/schemas/v2_1/common">Mezzane di Sotto</Name>
          <Name xml:lang="en" xmlns="http://www.sdmx.org/resources/sdmxml/schemas/v2_1/common">Mezzane di Sotto</Name>
          <Parent>
            <Ref id="ITD31" xmlns="" />
          </Parent>
        </Code>
        <Code id="023048" urn="urn:sdmx:org.sdmx.infomodel.codelist.Code=IT1:CL_REFAREA(1.2).023048">
          <Name xml:lang="it" xmlns="http://www.sdmx.org/resources/sdmxml/schemas/v2_1/common">Minerbe</Name>
          <Name xml:lang="en" xmlns="http://www.sdmx.org/resources/sdmxml/schemas/v2_1/common">Minerbe</Name>
          <Parent>
            <Ref id="ITD31" xmlns="" />
          </Parent>
        </Code>
        <Code id="023049" urn="urn:sdmx:org.sdmx.infomodel.codelist.Code=IT1:CL_REFAREA(1.2).023049">
          <Name xml:lang="it" xmlns="http://www.sdmx.org/resources/sdmxml/schemas/v2_1/common">Montecchia di Crosara</Name>
          <Name xml:lang="en" xmlns="http://www.sdmx.org/resources/sdmxml/schemas/v2_1/common">Montecchia di Crosara</Name>
          <Parent>
            <Ref id="ITD31" xmlns="" />
          </Parent>
        </Code>
        <Code id="023050" urn="urn:sdmx:org.sdmx.infomodel.codelist.Code=IT1:CL_REFAREA(1.2).023050">
          <Name xml:lang="it" xmlns="http://www.sdmx.org/resources/sdmxml/schemas/v2_1/common">Monteforte d'Alpone</Name>
          <Name xml:lang="en" xmlns="http://www.sdmx.org/resources/sdmxml/schemas/v2_1/common">Monteforte d'Alpone</Name>
          <Parent>
            <Ref id="ITD31" xmlns="" />
          </Parent>
        </Code>
        <Code id="023051" urn="urn:sdmx:org.sdmx.infomodel.codelist.Code=IT1:CL_REFAREA(1.2).023051">
          <Name xml:lang="it" xmlns="http://www.sdmx.org/resources/sdmxml/schemas/v2_1/common">Mozzecane</Name>
          <Name xml:lang="en" xmlns="http://www.sdmx.org/resources/sdmxml/schemas/v2_1/common">Mozzecane</Name>
          <Parent>
            <Ref id="ITD31" xmlns="" />
          </Parent>
        </Code>
        <Code id="023052" urn="urn:sdmx:org.sdmx.infomodel.codelist.Code=IT1:CL_REFAREA(1.2).023052">
          <Name xml:lang="it" xmlns="http://www.sdmx.org/resources/sdmxml/schemas/v2_1/common">Negrar</Name>
          <Name xml:lang="en" xmlns="http://www.sdmx.org/resources/sdmxml/schemas/v2_1/common">Negrar</Name>
          <Parent>
            <Ref id="ITD31" xmlns="" />
          </Parent>
        </Code>
        <Code id="023053" urn="urn:sdmx:org.sdmx.infomodel.codelist.Code=IT1:CL_REFAREA(1.2).023053">
          <Name xml:lang="it" xmlns="http://www.sdmx.org/resources/sdmxml/schemas/v2_1/common">Nogara</Name>
          <Name xml:lang="en" xmlns="http://www.sdmx.org/resources/sdmxml/schemas/v2_1/common">Nogara</Name>
          <Parent>
            <Ref id="ITD31" xmlns="" />
          </Parent>
        </Code>
        <Code id="023054" urn="urn:sdmx:org.sdmx.infomodel.codelist.Code=IT1:CL_REFAREA(1.2).023054">
          <Name xml:lang="it" xmlns="http://www.sdmx.org/resources/sdmxml/schemas/v2_1/common">Nogarole Rocca</Name>
          <Name xml:lang="en" xmlns="http://www.sdmx.org/resources/sdmxml/schemas/v2_1/common">Nogarole Rocca</Name>
          <Parent>
            <Ref id="ITD31" xmlns="" />
          </Parent>
        </Code>
        <Code id="023055" urn="urn:sdmx:org.sdmx.infomodel.codelist.Code=IT1:CL_REFAREA(1.2).023055">
          <Name xml:lang="it" xmlns="http://www.sdmx.org/resources/sdmxml/schemas/v2_1/common">Oppeano</Name>
          <Name xml:lang="en" xmlns="http://www.sdmx.org/resources/sdmxml/schemas/v2_1/common">Oppeano</Name>
          <Parent>
            <Ref id="ITD31" xmlns="" />
          </Parent>
        </Code>
        <Code id="023056" urn="urn:sdmx:org.sdmx.infomodel.codelist.Code=IT1:CL_REFAREA(1.2).023056">
          <Name xml:lang="it" xmlns="http://www.sdmx.org/resources/sdmxml/schemas/v2_1/common">Palù</Name>
          <Name xml:lang="en" xmlns="http://www.sdmx.org/resources/sdmxml/schemas/v2_1/common">Palù</Name>
          <Parent>
            <Ref id="ITD31" xmlns="" />
          </Parent>
        </Code>
        <Code id="023057" urn="urn:sdmx:org.sdmx.infomodel.codelist.Code=IT1:CL_REFAREA(1.2).023057">
          <Name xml:lang="it" xmlns="http://www.sdmx.org/resources/sdmxml/schemas/v2_1/common">Pastrengo</Name>
          <Name xml:lang="en" xmlns="http://www.sdmx.org/resources/sdmxml/schemas/v2_1/common">Pastrengo</Name>
          <Parent>
            <Ref id="ITD31" xmlns="" />
          </Parent>
        </Code>
        <Code id="023058" urn="urn:sdmx:org.sdmx.infomodel.codelist.Code=IT1:CL_REFAREA(1.2).023058">
          <Name xml:lang="it" xmlns="http://www.sdmx.org/resources/sdmxml/schemas/v2_1/common">Pescantina</Name>
          <Name xml:lang="en" xmlns="http://www.sdmx.org/resources/sdmxml/schemas/v2_1/common">Pescantina</Name>
          <Parent>
            <Ref id="ITD31" xmlns="" />
          </Parent>
        </Code>
        <Code id="023059" urn="urn:sdmx:org.sdmx.infomodel.codelist.Code=IT1:CL_REFAREA(1.2).023059">
          <Name xml:lang="it" xmlns="http://www.sdmx.org/resources/sdmxml/schemas/v2_1/common">Peschiera del Garda</Name>
          <Name xml:lang="en" xmlns="http://www.sdmx.org/resources/sdmxml/schemas/v2_1/common">Peschiera del Garda</Name>
          <Parent>
            <Ref id="ITD31" xmlns="" />
          </Parent>
        </Code>
        <Code id="023060" urn="urn:sdmx:org.sdmx.infomodel.codelist.Code=IT1:CL_REFAREA(1.2).023060">
          <Name xml:lang="it" xmlns="http://www.sdmx.org/resources/sdmxml/schemas/v2_1/common">Povegliano Veronese</Name>
          <Name xml:lang="en" xmlns="http://www.sdmx.org/resources/sdmxml/schemas/v2_1/common">Povegliano Veronese</Name>
          <Parent>
            <Ref id="ITD31" xmlns="" />
          </Parent>
        </Code>
        <Code id="023061" urn="urn:sdmx:org.sdmx.infomodel.codelist.Code=IT1:CL_REFAREA(1.2).023061">
          <Name xml:lang="it" xmlns="http://www.sdmx.org/resources/sdmxml/schemas/v2_1/common">Pressana</Name>
          <Name xml:lang="en" xmlns="http://www.sdmx.org/resources/sdmxml/schemas/v2_1/common">Pressana</Name>
          <Parent>
            <Ref id="ITD31" xmlns="" />
          </Parent>
        </Code>
        <Code id="023062" urn="urn:sdmx:org.sdmx.infomodel.codelist.Code=IT1:CL_REFAREA(1.2).023062">
          <Name xml:lang="it" xmlns="http://www.sdmx.org/resources/sdmxml/schemas/v2_1/common">Rivoli Veronese</Name>
          <Name xml:lang="en" xmlns="http://www.sdmx.org/resources/sdmxml/schemas/v2_1/common">Rivoli Veronese</Name>
          <Parent>
            <Ref id="ITD31" xmlns="" />
          </Parent>
        </Code>
        <Code id="023063" urn="urn:sdmx:org.sdmx.infomodel.codelist.Code=IT1:CL_REFAREA(1.2).023063">
          <Name xml:lang="it" xmlns="http://www.sdmx.org/resources/sdmxml/schemas/v2_1/common">Roncà</Name>
          <Name xml:lang="en" xmlns="http://www.sdmx.org/resources/sdmxml/schemas/v2_1/common">Roncà</Name>
          <Parent>
            <Ref id="ITD31" xmlns="" />
          </Parent>
        </Code>
        <Code id="023064" urn="urn:sdmx:org.sdmx.infomodel.codelist.Code=IT1:CL_REFAREA(1.2).023064">
          <Name xml:lang="it" xmlns="http://www.sdmx.org/resources/sdmxml/schemas/v2_1/common">Ronco all'Adige</Name>
          <Name xml:lang="en" xmlns="http://www.sdmx.org/resources/sdmxml/schemas/v2_1/common">Ronco all'Adige</Name>
          <Parent>
            <Ref id="ITD31" xmlns="" />
          </Parent>
        </Code>
        <Code id="023065" urn="urn:sdmx:org.sdmx.infomodel.codelist.Code=IT1:CL_REFAREA(1.2).023065">
          <Name xml:lang="it" xmlns="http://www.sdmx.org/resources/sdmxml/schemas/v2_1/common">Roverchiara</Name>
          <Name xml:lang="en" xmlns="http://www.sdmx.org/resources/sdmxml/schemas/v2_1/common">Roverchiara</Name>
          <Parent>
            <Ref id="ITD31" xmlns="" />
          </Parent>
        </Code>
        <Code id="023066" urn="urn:sdmx:org.sdmx.infomodel.codelist.Code=IT1:CL_REFAREA(1.2).023066">
          <Name xml:lang="it" xmlns="http://www.sdmx.org/resources/sdmxml/schemas/v2_1/common">Roveredo di Guà</Name>
          <Name xml:lang="en" xmlns="http://www.sdmx.org/resources/sdmxml/schemas/v2_1/common">Roveredo di Guà</Name>
          <Parent>
            <Ref id="ITD31" xmlns="" />
          </Parent>
        </Code>
        <Code id="023067" urn="urn:sdmx:org.sdmx.infomodel.codelist.Code=IT1:CL_REFAREA(1.2).023067">
          <Name xml:lang="it" xmlns="http://www.sdmx.org/resources/sdmxml/schemas/v2_1/common">Roverè Veronese</Name>
          <Name xml:lang="en" xmlns="http://www.sdmx.org/resources/sdmxml/schemas/v2_1/common">Roverè Veronese</Name>
          <Parent>
            <Ref id="ITD31" xmlns="" />
          </Parent>
        </Code>
        <Code id="023068" urn="urn:sdmx:org.sdmx.infomodel.codelist.Code=IT1:CL_REFAREA(1.2).023068">
          <Name xml:lang="it" xmlns="http://www.sdmx.org/resources/sdmxml/schemas/v2_1/common">Salizzole</Name>
          <Name xml:lang="en" xmlns="http://www.sdmx.org/resources/sdmxml/schemas/v2_1/common">Salizzole</Name>
          <Parent>
            <Ref id="ITD31" xmlns="" />
          </Parent>
        </Code>
        <Code id="023069" urn="urn:sdmx:org.sdmx.infomodel.codelist.Code=IT1:CL_REFAREA(1.2).023069">
          <Name xml:lang="it" xmlns="http://www.sdmx.org/resources/sdmxml/schemas/v2_1/common">San Bonifacio</Name>
          <Name xml:lang="en" xmlns="http://www.sdmx.org/resources/sdmxml/schemas/v2_1/common">San Bonifacio</Name>
          <Parent>
            <Ref id="ITD31" xmlns="" />
          </Parent>
        </Code>
        <Code id="023070" urn="urn:sdmx:org.sdmx.infomodel.codelist.Code=IT1:CL_REFAREA(1.2).023070">
          <Name xml:lang="it" xmlns="http://www.sdmx.org/resources/sdmxml/schemas/v2_1/common">San Giovanni Ilarione</Name>
          <Name xml:lang="en" xmlns="http://www.sdmx.org/resources/sdmxml/schemas/v2_1/common">San Giovanni Ilarione</Name>
          <Parent>
            <Ref id="ITD31" xmlns="" />
          </Parent>
        </Code>
        <Code id="023071" urn="urn:sdmx:org.sdmx.infomodel.codelist.Code=IT1:CL_REFAREA(1.2).023071">
          <Name xml:lang="it" xmlns="http://www.sdmx.org/resources/sdmxml/schemas/v2_1/common">San Giovanni Lupatoto</Name>
          <Name xml:lang="en" xmlns="http://www.sdmx.org/resources/sdmxml/schemas/v2_1/common">San Giovanni Lupatoto</Name>
          <Parent>
            <Ref id="ITD31" xmlns="" />
          </Parent>
        </Code>
        <Code id="023072" urn="urn:sdmx:org.sdmx.infomodel.codelist.Code=IT1:CL_REFAREA(1.2).023072">
          <Name xml:lang="it" xmlns="http://www.sdmx.org/resources/sdmxml/schemas/v2_1/common">Sanguinetto</Name>
          <Name xml:lang="en" xmlns="http://www.sdmx.org/resources/sdmxml/schemas/v2_1/common">Sanguinetto</Name>
          <Parent>
            <Ref id="ITD31" xmlns="" />
          </Parent>
        </Code>
        <Code id="023073" urn="urn:sdmx:org.sdmx.infomodel.codelist.Code=IT1:CL_REFAREA(1.2).023073">
          <Name xml:lang="it" xmlns="http://www.sdmx.org/resources/sdmxml/schemas/v2_1/common">San Martino Buon Albergo</Name>
          <Name xml:lang="en" xmlns="http://www.sdmx.org/resources/sdmxml/schemas/v2_1/common">San Martino Buon Albergo</Name>
          <Parent>
            <Ref id="ITD31" xmlns="" />
          </Parent>
        </Code>
        <Code id="023074" urn="urn:sdmx:org.sdmx.infomodel.codelist.Code=IT1:CL_REFAREA(1.2).023074">
          <Name xml:lang="it" xmlns="http://www.sdmx.org/resources/sdmxml/schemas/v2_1/common">San Mauro di Saline</Name>
          <Name xml:lang="en" xmlns="http://www.sdmx.org/resources/sdmxml/schemas/v2_1/common">San Mauro di Saline</Name>
          <Parent>
            <Ref id="ITD31" xmlns="" />
          </Parent>
        </Code>
        <Code id="023075" urn="urn:sdmx:org.sdmx.infomodel.codelist.Code=IT1:CL_REFAREA(1.2).023075">
          <Name xml:lang="it" xmlns="http://www.sdmx.org/resources/sdmxml/schemas/v2_1/common">San Pietro di Morubio</Name>
          <Name xml:lang="en" xmlns="http://www.sdmx.org/resources/sdmxml/schemas/v2_1/common">San Pietro di Morubio</Name>
          <Parent>
            <Ref id="ITD31" xmlns="" />
          </Parent>
        </Code>
        <Code id="023076" urn="urn:sdmx:org.sdmx.infomodel.codelist.Code=IT1:CL_REFAREA(1.2).023076">
          <Name xml:lang="it" xmlns="http://www.sdmx.org/resources/sdmxml/schemas/v2_1/common">San Pietro in Cariano</Name>
          <Name xml:lang="en" xmlns="http://www.sdmx.org/resources/sdmxml/schemas/v2_1/common">San Pietro in Cariano</Name>
          <Parent>
            <Ref id="ITD31" xmlns="" />
          </Parent>
        </Code>
        <Code id="023077" urn="urn:sdmx:org.sdmx.infomodel.codelist.Code=IT1:CL_REFAREA(1.2).023077">
          <Name xml:lang="it" xmlns="http://www.sdmx.org/resources/sdmxml/schemas/v2_1/common">Sant'Ambrogio di Valpolicella</Name>
          <Name xml:lang="en" xmlns="http://www.sdmx.org/resources/sdmxml/schemas/v2_1/common">Sant'Ambrogio di Valpolicella</Name>
          <Parent>
            <Ref id="ITD31" xmlns="" />
          </Parent>
        </Code>
        <Code id="023078" urn="urn:sdmx:org.sdmx.infomodel.codelist.Code=IT1:CL_REFAREA(1.2).023078">
          <Name xml:lang="it" xmlns="http://www.sdmx.org/resources/sdmxml/schemas/v2_1/common">Sant'Anna d'Alfaedo</Name>
          <Name xml:lang="en" xmlns="http://www.sdmx.org/resources/sdmxml/schemas/v2_1/common">Sant'Anna d'Alfaedo</Name>
          <Parent>
            <Ref id="ITD31" xmlns="" />
          </Parent>
        </Code>
        <Code id="023079" urn="urn:sdmx:org.sdmx.infomodel.codelist.Code=IT1:CL_REFAREA(1.2).023079">
          <Name xml:lang="it" xmlns="http://www.sdmx.org/resources/sdmxml/schemas/v2_1/common">San Zeno di Montagna</Name>
          <Name xml:lang="en" xmlns="http://www.sdmx.org/resources/sdmxml/schemas/v2_1/common">San Zeno di Montagna</Name>
          <Parent>
            <Ref id="ITD31" xmlns="" />
          </Parent>
        </Code>
        <Code id="023080" urn="urn:sdmx:org.sdmx.infomodel.codelist.Code=IT1:CL_REFAREA(1.2).023080">
          <Name xml:lang="it" xmlns="http://www.sdmx.org/resources/sdmxml/schemas/v2_1/common">Selva di Progno</Name>
          <Name xml:lang="en" xmlns="http://www.sdmx.org/resources/sdmxml/schemas/v2_1/common">Selva di Progno</Name>
          <Parent>
            <Ref id="ITD31" xmlns="" />
          </Parent>
        </Code>
        <Code id="023081" urn="urn:sdmx:org.sdmx.infomodel.codelist.Code=IT1:CL_REFAREA(1.2).023081">
          <Name xml:lang="it" xmlns="http://www.sdmx.org/resources/sdmxml/schemas/v2_1/common">Soave</Name>
          <Name xml:lang="en" xmlns="http://www.sdmx.org/resources/sdmxml/schemas/v2_1/common">Soave</Name>
          <Parent>
            <Ref id="ITD31" xmlns="" />
          </Parent>
        </Code>
        <Code id="023082" urn="urn:sdmx:org.sdmx.infomodel.codelist.Code=IT1:CL_REFAREA(1.2).023082">
          <Name xml:lang="it" xmlns="http://www.sdmx.org/resources/sdmxml/schemas/v2_1/common">Sommacampagna</Name>
          <Name xml:lang="en" xmlns="http://www.sdmx.org/resources/sdmxml/schemas/v2_1/common">Sommacampagna</Name>
          <Parent>
            <Ref id="ITD31" xmlns="" />
          </Parent>
        </Code>
        <Code id="023083" urn="urn:sdmx:org.sdmx.infomodel.codelist.Code=IT1:CL_REFAREA(1.2).023083">
          <Name xml:lang="it" xmlns="http://www.sdmx.org/resources/sdmxml/schemas/v2_1/common">Sona</Name>
          <Name xml:lang="en" xmlns="http://www.sdmx.org/resources/sdmxml/schemas/v2_1/common">Sona</Name>
          <Parent>
            <Ref id="ITD31" xmlns="" />
          </Parent>
        </Code>
        <Code id="023084" urn="urn:sdmx:org.sdmx.infomodel.codelist.Code=IT1:CL_REFAREA(1.2).023084">
          <Name xml:lang="it" xmlns="http://www.sdmx.org/resources/sdmxml/schemas/v2_1/common">Sorgà</Name>
          <Name xml:lang="en" xmlns="http://www.sdmx.org/resources/sdmxml/schemas/v2_1/common">Sorgà</Name>
          <Parent>
            <Ref id="ITD31" xmlns="" />
          </Parent>
        </Code>
        <Code id="023085" urn="urn:sdmx:org.sdmx.infomodel.codelist.Code=IT1:CL_REFAREA(1.2).023085">
          <Name xml:lang="it" xmlns="http://www.sdmx.org/resources/sdmxml/schemas/v2_1/common">Terrazzo</Name>
          <Name xml:lang="en" xmlns="http://www.sdmx.org/resources/sdmxml/schemas/v2_1/common">Terrazzo</Name>
          <Parent>
            <Ref id="ITD31" xmlns="" />
          </Parent>
        </Code>
        <Code id="023086" urn="urn:sdmx:org.sdmx.infomodel.codelist.Code=IT1:CL_REFAREA(1.2).023086">
          <Name xml:lang="it" xmlns="http://www.sdmx.org/resources/sdmxml/schemas/v2_1/common">Torri del Benaco</Name>
          <Name xml:lang="en" xmlns="http://www.sdmx.org/resources/sdmxml/schemas/v2_1/common">Torri del Benaco</Name>
          <Parent>
            <Ref id="ITD31" xmlns="" />
          </Parent>
        </Code>
        <Code id="023087" urn="urn:sdmx:org.sdmx.infomodel.codelist.Code=IT1:CL_REFAREA(1.2).023087">
          <Name xml:lang="it" xmlns="http://www.sdmx.org/resources/sdmxml/schemas/v2_1/common">Tregnago</Name>
          <Name xml:lang="en" xmlns="http://www.sdmx.org/resources/sdmxml/schemas/v2_1/common">Tregnago</Name>
          <Parent>
            <Ref id="ITD31" xmlns="" />
          </Parent>
        </Code>
        <Code id="023088" urn="urn:sdmx:org.sdmx.infomodel.codelist.Code=IT1:CL_REFAREA(1.2).023088">
          <Name xml:lang="it" xmlns="http://www.sdmx.org/resources/sdmxml/schemas/v2_1/common">Trevenzuolo</Name>
          <Name xml:lang="en" xmlns="http://www.sdmx.org/resources/sdmxml/schemas/v2_1/common">Trevenzuolo</Name>
          <Parent>
            <Ref id="ITD31" xmlns="" />
          </Parent>
        </Code>
        <Code id="023089" urn="urn:sdmx:org.sdmx.infomodel.codelist.Code=IT1:CL_REFAREA(1.2).023089">
          <Name xml:lang="it" xmlns="http://www.sdmx.org/resources/sdmxml/schemas/v2_1/common">Valeggio sul Mincio</Name>
          <Name xml:lang="en" xmlns="http://www.sdmx.org/resources/sdmxml/schemas/v2_1/common">Valeggio sul Mincio</Name>
          <Parent>
            <Ref id="ITD31" xmlns="" />
          </Parent>
        </Code>
        <Code id="023090" urn="urn:sdmx:org.sdmx.infomodel.codelist.Code=IT1:CL_REFAREA(1.2).023090">
          <Name xml:lang="it" xmlns="http://www.sdmx.org/resources/sdmxml/schemas/v2_1/common">Velo Veronese</Name>
          <Name xml:lang="en" xmlns="http://www.sdmx.org/resources/sdmxml/schemas/v2_1/common">Velo Veronese</Name>
          <Parent>
            <Ref id="ITD31" xmlns="" />
          </Parent>
        </Code>
        <Code id="023091" urn="urn:sdmx:org.sdmx.infomodel.codelist.Code=IT1:CL_REFAREA(1.2).023091">
          <Name xml:lang="it" xmlns="http://www.sdmx.org/resources/sdmxml/schemas/v2_1/common">Verona</Name>
          <Name xml:lang="en" xmlns="http://www.sdmx.org/resources/sdmxml/schemas/v2_1/common">Verona</Name>
          <Parent>
            <Ref id="ITD31" xmlns="" />
          </Parent>
        </Code>
        <Code id="023092" urn="urn:sdmx:org.sdmx.infomodel.codelist.Code=IT1:CL_REFAREA(1.2).023092">
          <Name xml:lang="it" xmlns="http://www.sdmx.org/resources/sdmxml/schemas/v2_1/common">Veronella</Name>
          <Name xml:lang="en" xmlns="http://www.sdmx.org/resources/sdmxml/schemas/v2_1/common">Veronella</Name>
          <Parent>
            <Ref id="ITD31" xmlns="" />
          </Parent>
        </Code>
        <Code id="023093" urn="urn:sdmx:org.sdmx.infomodel.codelist.Code=IT1:CL_REFAREA(1.2).023093">
          <Name xml:lang="it" xmlns="http://www.sdmx.org/resources/sdmxml/schemas/v2_1/common">Vestenanova</Name>
          <Name xml:lang="en" xmlns="http://www.sdmx.org/resources/sdmxml/schemas/v2_1/common">Vestenanova</Name>
          <Parent>
            <Ref id="ITD31" xmlns="" />
          </Parent>
        </Code>
        <Code id="023094" urn="urn:sdmx:org.sdmx.infomodel.codelist.Code=IT1:CL_REFAREA(1.2).023094">
          <Name xml:lang="it" xmlns="http://www.sdmx.org/resources/sdmxml/schemas/v2_1/common">Vigasio</Name>
          <Name xml:lang="en" xmlns="http://www.sdmx.org/resources/sdmxml/schemas/v2_1/common">Vigasio</Name>
          <Parent>
            <Ref id="ITD31" xmlns="" />
          </Parent>
        </Code>
        <Code id="023095" urn="urn:sdmx:org.sdmx.infomodel.codelist.Code=IT1:CL_REFAREA(1.2).023095">
          <Name xml:lang="it" xmlns="http://www.sdmx.org/resources/sdmxml/schemas/v2_1/common">Villa Bartolomea</Name>
          <Name xml:lang="en" xmlns="http://www.sdmx.org/resources/sdmxml/schemas/v2_1/common">Villa Bartolomea</Name>
          <Parent>
            <Ref id="ITD31" xmlns="" />
          </Parent>
        </Code>
        <Code id="023096" urn="urn:sdmx:org.sdmx.infomodel.codelist.Code=IT1:CL_REFAREA(1.2).023096">
          <Name xml:lang="it" xmlns="http://www.sdmx.org/resources/sdmxml/schemas/v2_1/common">Villafranca di Verona</Name>
          <Name xml:lang="en" xmlns="http://www.sdmx.org/resources/sdmxml/schemas/v2_1/common">Villafranca di Verona</Name>
          <Parent>
            <Ref id="ITD31" xmlns="" />
          </Parent>
        </Code>
        <Code id="023097" urn="urn:sdmx:org.sdmx.infomodel.codelist.Code=IT1:CL_REFAREA(1.2).023097">
          <Name xml:lang="it" xmlns="http://www.sdmx.org/resources/sdmxml/schemas/v2_1/common">Zevio</Name>
          <Name xml:lang="en" xmlns="http://www.sdmx.org/resources/sdmxml/schemas/v2_1/common">Zevio</Name>
          <Parent>
            <Ref id="ITD31" xmlns="" />
          </Parent>
        </Code>
        <Code id="023098" urn="urn:sdmx:org.sdmx.infomodel.codelist.Code=IT1:CL_REFAREA(1.2).023098">
          <Name xml:lang="it" xmlns="http://www.sdmx.org/resources/sdmxml/schemas/v2_1/common">Zimella</Name>
          <Name xml:lang="en" xmlns="http://www.sdmx.org/resources/sdmxml/schemas/v2_1/common">Zimella</Name>
          <Parent>
            <Ref id="ITD31" xmlns="" />
          </Parent>
        </Code>
        <Code id="024001" urn="urn:sdmx:org.sdmx.infomodel.codelist.Code=IT1:CL_REFAREA(1.2).024001">
          <Name xml:lang="it" xmlns="http://www.sdmx.org/resources/sdmxml/schemas/v2_1/common">Agugliaro</Name>
          <Name xml:lang="en" xmlns="http://www.sdmx.org/resources/sdmxml/schemas/v2_1/common">Agugliaro</Name>
          <Parent>
            <Ref id="ITD32" xmlns="" />
          </Parent>
        </Code>
        <Code id="024002" urn="urn:sdmx:org.sdmx.infomodel.codelist.Code=IT1:CL_REFAREA(1.2).024002">
          <Name xml:lang="it" xmlns="http://www.sdmx.org/resources/sdmxml/schemas/v2_1/common">Albettone</Name>
          <Name xml:lang="en" xmlns="http://www.sdmx.org/resources/sdmxml/schemas/v2_1/common">Albettone</Name>
          <Parent>
            <Ref id="ITD32" xmlns="" />
          </Parent>
        </Code>
        <Code id="024003" urn="urn:sdmx:org.sdmx.infomodel.codelist.Code=IT1:CL_REFAREA(1.2).024003">
          <Name xml:lang="it" xmlns="http://www.sdmx.org/resources/sdmxml/schemas/v2_1/common">Alonte</Name>
          <Name xml:lang="en" xmlns="http://www.sdmx.org/resources/sdmxml/schemas/v2_1/common">Alonte</Name>
          <Parent>
            <Ref id="ITD32" xmlns="" />
          </Parent>
        </Code>
        <Code id="024004" urn="urn:sdmx:org.sdmx.infomodel.codelist.Code=IT1:CL_REFAREA(1.2).024004">
          <Name xml:lang="it" xmlns="http://www.sdmx.org/resources/sdmxml/schemas/v2_1/common">Altavilla Vicentina</Name>
          <Name xml:lang="en" xmlns="http://www.sdmx.org/resources/sdmxml/schemas/v2_1/common">Altavilla Vicentina</Name>
          <Parent>
            <Ref id="ITD32" xmlns="" />
          </Parent>
        </Code>
        <Code id="024005" urn="urn:sdmx:org.sdmx.infomodel.codelist.Code=IT1:CL_REFAREA(1.2).024005">
          <Name xml:lang="it" xmlns="http://www.sdmx.org/resources/sdmxml/schemas/v2_1/common">Altissimo</Name>
          <Name xml:lang="en" xmlns="http://www.sdmx.org/resources/sdmxml/schemas/v2_1/common">Altissimo</Name>
          <Parent>
            <Ref id="ITD32" xmlns="" />
          </Parent>
        </Code>
        <Code id="024006" urn="urn:sdmx:org.sdmx.infomodel.codelist.Code=IT1:CL_REFAREA(1.2).024006">
          <Name xml:lang="it" xmlns="http://www.sdmx.org/resources/sdmxml/schemas/v2_1/common">Arcugnano</Name>
          <Name xml:lang="en" xmlns="http://www.sdmx.org/resources/sdmxml/schemas/v2_1/common">Arcugnano</Name>
          <Parent>
            <Ref id="ITD32" xmlns="" />
          </Parent>
        </Code>
        <Code id="024007" urn="urn:sdmx:org.sdmx.infomodel.codelist.Code=IT1:CL_REFAREA(1.2).024007">
          <Name xml:lang="it" xmlns="http://www.sdmx.org/resources/sdmxml/schemas/v2_1/common">Arsiero</Name>
          <Name xml:lang="en" xmlns="http://www.sdmx.org/resources/sdmxml/schemas/v2_1/common">Arsiero</Name>
          <Parent>
            <Ref id="ITD32" xmlns="" />
          </Parent>
        </Code>
        <Code id="024008" urn="urn:sdmx:org.sdmx.infomodel.codelist.Code=IT1:CL_REFAREA(1.2).024008">
          <Name xml:lang="it" xmlns="http://www.sdmx.org/resources/sdmxml/schemas/v2_1/common">Arzignano</Name>
          <Name xml:lang="en" xmlns="http://www.sdmx.org/resources/sdmxml/schemas/v2_1/common">Arzignano</Name>
          <Parent>
            <Ref id="ITD32" xmlns="" />
          </Parent>
        </Code>
        <Code id="024009" urn="urn:sdmx:org.sdmx.infomodel.codelist.Code=IT1:CL_REFAREA(1.2).024009">
          <Name xml:lang="it" xmlns="http://www.sdmx.org/resources/sdmxml/schemas/v2_1/common">Asiago</Name>
          <Name xml:lang="en" xmlns="http://www.sdmx.org/resources/sdmxml/schemas/v2_1/common">Asiago</Name>
          <Parent>
            <Ref id="ITD32" xmlns="" />
          </Parent>
        </Code>
        <Code id="024010" urn="urn:sdmx:org.sdmx.infomodel.codelist.Code=IT1:CL_REFAREA(1.2).024010">
          <Name xml:lang="it" xmlns="http://www.sdmx.org/resources/sdmxml/schemas/v2_1/common">Asigliano Veneto</Name>
          <Name xml:lang="en" xmlns="http://www.sdmx.org/resources/sdmxml/schemas/v2_1/common">Asigliano Veneto</Name>
          <Parent>
            <Ref id="ITD32" xmlns="" />
          </Parent>
        </Code>
        <Code id="024011" urn="urn:sdmx:org.sdmx.infomodel.codelist.Code=IT1:CL_REFAREA(1.2).024011">
          <Name xml:lang="it" xmlns="http://www.sdmx.org/resources/sdmxml/schemas/v2_1/common">Barbarano Vicentino</Name>
          <Name xml:lang="en" xmlns="http://www.sdmx.org/resources/sdmxml/schemas/v2_1/common">Barbarano Vicentino</Name>
          <Parent>
            <Ref id="ITD32" xmlns="" />
          </Parent>
        </Code>
        <Code id="024012" urn="urn:sdmx:org.sdmx.infomodel.codelist.Code=IT1:CL_REFAREA(1.2).024012">
          <Name xml:lang="it" xmlns="http://www.sdmx.org/resources/sdmxml/schemas/v2_1/common">Bassano del Grappa</Name>
          <Name xml:lang="en" xmlns="http://www.sdmx.org/resources/sdmxml/schemas/v2_1/common">Bassano del Grappa</Name>
          <Parent>
            <Ref id="ITD32" xmlns="" />
          </Parent>
        </Code>
        <Code id="024013" urn="urn:sdmx:org.sdmx.infomodel.codelist.Code=IT1:CL_REFAREA(1.2).024013">
          <Name xml:lang="it" xmlns="http://www.sdmx.org/resources/sdmxml/schemas/v2_1/common">Bolzano Vicentino</Name>
          <Name xml:lang="en" xmlns="http://www.sdmx.org/resources/sdmxml/schemas/v2_1/common">Bolzano Vicentino</Name>
          <Parent>
            <Ref id="ITD32" xmlns="" />
          </Parent>
        </Code>
        <Code id="024014" urn="urn:sdmx:org.sdmx.infomodel.codelist.Code=IT1:CL_REFAREA(1.2).024014">
          <Name xml:lang="it" xmlns="http://www.sdmx.org/resources/sdmxml/schemas/v2_1/common">Breganze</Name>
          <Name xml:lang="en" xmlns="http://www.sdmx.org/resources/sdmxml/schemas/v2_1/common">Breganze</Name>
          <Parent>
            <Ref id="ITD32" xmlns="" />
          </Parent>
        </Code>
        <Code id="024015" urn="urn:sdmx:org.sdmx.infomodel.codelist.Code=IT1:CL_REFAREA(1.2).024015">
          <Name xml:lang="it" xmlns="http://www.sdmx.org/resources/sdmxml/schemas/v2_1/common">Brendola</Name>
          <Name xml:lang="en" xmlns="http://www.sdmx.org/resources/sdmxml/schemas/v2_1/common">Brendola</Name>
          <Parent>
            <Ref id="ITD32" xmlns="" />
          </Parent>
        </Code>
        <Code id="024016" urn="urn:sdmx:org.sdmx.infomodel.codelist.Code=IT1:CL_REFAREA(1.2).024016">
          <Name xml:lang="it" xmlns="http://www.sdmx.org/resources/sdmxml/schemas/v2_1/common">Bressanvido</Name>
          <Name xml:lang="en" xmlns="http://www.sdmx.org/resources/sdmxml/schemas/v2_1/common">Bressanvido</Name>
          <Parent>
            <Ref id="ITD32" xmlns="" />
          </Parent>
        </Code>
        <Code id="024017" urn="urn:sdmx:org.sdmx.infomodel.codelist.Code=IT1:CL_REFAREA(1.2).024017">
          <Name xml:lang="it" xmlns="http://www.sdmx.org/resources/sdmxml/schemas/v2_1/common">Brogliano</Name>
          <Name xml:lang="en" xmlns="http://www.sdmx.org/resources/sdmxml/schemas/v2_1/common">Brogliano</Name>
          <Parent>
            <Ref id="ITD32" xmlns="" />
          </Parent>
        </Code>
        <Code id="024018" urn="urn:sdmx:org.sdmx.infomodel.codelist.Code=IT1:CL_REFAREA(1.2).024018">
          <Name xml:lang="it" xmlns="http://www.sdmx.org/resources/sdmxml/schemas/v2_1/common">Caldogno</Name>
          <Name xml:lang="en" xmlns="http://www.sdmx.org/resources/sdmxml/schemas/v2_1/common">Caldogno</Name>
          <Parent>
            <Ref id="ITD32" xmlns="" />
          </Parent>
        </Code>
        <Code id="024019" urn="urn:sdmx:org.sdmx.infomodel.codelist.Code=IT1:CL_REFAREA(1.2).024019">
          <Name xml:lang="it" xmlns="http://www.sdmx.org/resources/sdmxml/schemas/v2_1/common">Caltrano</Name>
          <Name xml:lang="en" xmlns="http://www.sdmx.org/resources/sdmxml/schemas/v2_1/common">Caltrano</Name>
          <Parent>
            <Ref id="ITD32" xmlns="" />
          </Parent>
        </Code>
        <Code id="024020" urn="urn:sdmx:org.sdmx.infomodel.codelist.Code=IT1:CL_REFAREA(1.2).024020">
          <Name xml:lang="it" xmlns="http://www.sdmx.org/resources/sdmxml/schemas/v2_1/common">Calvene</Name>
          <Name xml:lang="en" xmlns="http://www.sdmx.org/resources/sdmxml/schemas/v2_1/common">Calvene</Name>
          <Parent>
            <Ref id="ITD32" xmlns="" />
          </Parent>
        </Code>
        <Code id="024021" urn="urn:sdmx:org.sdmx.infomodel.codelist.Code=IT1:CL_REFAREA(1.2).024021">
          <Name xml:lang="it" xmlns="http://www.sdmx.org/resources/sdmxml/schemas/v2_1/common">Camisano Vicentino</Name>
          <Name xml:lang="en" xmlns="http://www.sdmx.org/resources/sdmxml/schemas/v2_1/common">Camisano Vicentino</Name>
          <Parent>
            <Ref id="ITD32" xmlns="" />
          </Parent>
        </Code>
        <Code id="024022" urn="urn:sdmx:org.sdmx.infomodel.codelist.Code=IT1:CL_REFAREA(1.2).024022">
          <Name xml:lang="it" xmlns="http://www.sdmx.org/resources/sdmxml/schemas/v2_1/common">Campiglia dei Berici</Name>
          <Name xml:lang="en" xmlns="http://www.sdmx.org/resources/sdmxml/schemas/v2_1/common">Campiglia dei Berici</Name>
          <Parent>
            <Ref id="ITD32" xmlns="" />
          </Parent>
        </Code>
        <Code id="024023" urn="urn:sdmx:org.sdmx.infomodel.codelist.Code=IT1:CL_REFAREA(1.2).024023">
          <Name xml:lang="it" xmlns="http://www.sdmx.org/resources/sdmxml/schemas/v2_1/common">Campolongo sul Brenta</Name>
          <Name xml:lang="en" xmlns="http://www.sdmx.org/resources/sdmxml/schemas/v2_1/common">Campolongo sul Brenta</Name>
          <Parent>
            <Ref id="ITD32" xmlns="" />
          </Parent>
        </Code>
        <Code id="024024" urn="urn:sdmx:org.sdmx.infomodel.codelist.Code=IT1:CL_REFAREA(1.2).024024">
          <Name xml:lang="it" xmlns="http://www.sdmx.org/resources/sdmxml/schemas/v2_1/common">Carrè</Name>
          <Name xml:lang="en" xmlns="http://www.sdmx.org/resources/sdmxml/schemas/v2_1/common">Carrè</Name>
          <Parent>
            <Ref id="ITD32" xmlns="" />
          </Parent>
        </Code>
        <Code id="024025" urn="urn:sdmx:org.sdmx.infomodel.codelist.Code=IT1:CL_REFAREA(1.2).024025">
          <Name xml:lang="it" xmlns="http://www.sdmx.org/resources/sdmxml/schemas/v2_1/common">Cartigliano</Name>
          <Name xml:lang="en" xmlns="http://www.sdmx.org/resources/sdmxml/schemas/v2_1/common">Cartigliano</Name>
          <Parent>
            <Ref id="ITD32" xmlns="" />
          </Parent>
        </Code>
        <Code id="024026" urn="urn:sdmx:org.sdmx.infomodel.codelist.Code=IT1:CL_REFAREA(1.2).024026">
          <Name xml:lang="it" xmlns="http://www.sdmx.org/resources/sdmxml/schemas/v2_1/common">Cassola</Name>
          <Name xml:lang="en" xmlns="http://www.sdmx.org/resources/sdmxml/schemas/v2_1/common">Cassola</Name>
          <Parent>
            <Ref id="ITD32" xmlns="" />
          </Parent>
        </Code>
        <Code id="024027" urn="urn:sdmx:org.sdmx.infomodel.codelist.Code=IT1:CL_REFAREA(1.2).024027">
          <Name xml:lang="it" xmlns="http://www.sdmx.org/resources/sdmxml/schemas/v2_1/common">Castegnero</Name>
          <Name xml:lang="en" xmlns="http://www.sdmx.org/resources/sdmxml/schemas/v2_1/common">Castegnero</Name>
          <Parent>
            <Ref id="ITD32" xmlns="" />
          </Parent>
        </Code>
        <Code id="024028" urn="urn:sdmx:org.sdmx.infomodel.codelist.Code=IT1:CL_REFAREA(1.2).024028">
          <Name xml:lang="it" xmlns="http://www.sdmx.org/resources/sdmxml/schemas/v2_1/common">Castelgomberto</Name>
          <Name xml:lang="en" xmlns="http://www.sdmx.org/resources/sdmxml/schemas/v2_1/common">Castelgomberto</Name>
          <Parent>
            <Ref id="ITD32" xmlns="" />
          </Parent>
        </Code>
        <Code id="024029" urn="urn:sdmx:org.sdmx.infomodel.codelist.Code=IT1:CL_REFAREA(1.2).024029">
          <Name xml:lang="it" xmlns="http://www.sdmx.org/resources/sdmxml/schemas/v2_1/common">Chiampo</Name>
          <Name xml:lang="en" xmlns="http://www.sdmx.org/resources/sdmxml/schemas/v2_1/common">Chiampo</Name>
          <Parent>
            <Ref id="ITD32" xmlns="" />
          </Parent>
        </Code>
        <Code id="024030" urn="urn:sdmx:org.sdmx.infomodel.codelist.Code=IT1:CL_REFAREA(1.2).024030">
          <Name xml:lang="it" xmlns="http://www.sdmx.org/resources/sdmxml/schemas/v2_1/common">Chiuppano</Name>
          <Name xml:lang="en" xmlns="http://www.sdmx.org/resources/sdmxml/schemas/v2_1/common">Chiuppano</Name>
          <Parent>
            <Ref id="ITD32" xmlns="" />
          </Parent>
        </Code>
        <Code id="024031" urn="urn:sdmx:org.sdmx.infomodel.codelist.Code=IT1:CL_REFAREA(1.2).024031">
          <Name xml:lang="it" xmlns="http://www.sdmx.org/resources/sdmxml/schemas/v2_1/common">Cismon del Grappa</Name>
          <Name xml:lang="en" xmlns="http://www.sdmx.org/resources/sdmxml/schemas/v2_1/common">Cismon del Grappa</Name>
          <Parent>
            <Ref id="ITD32" xmlns="" />
          </Parent>
        </Code>
        <Code id="024032" urn="urn:sdmx:org.sdmx.infomodel.codelist.Code=IT1:CL_REFAREA(1.2).024032">
          <Name xml:lang="it" xmlns="http://www.sdmx.org/resources/sdmxml/schemas/v2_1/common">Cogollo del Cengio</Name>
          <Name xml:lang="en" xmlns="http://www.sdmx.org/resources/sdmxml/schemas/v2_1/common">Cogollo del Cengio</Name>
          <Parent>
            <Ref id="ITD32" xmlns="" />
          </Parent>
        </Code>
        <Code id="024033" urn="urn:sdmx:org.sdmx.infomodel.codelist.Code=IT1:CL_REFAREA(1.2).024033">
          <Name xml:lang="it" xmlns="http://www.sdmx.org/resources/sdmxml/schemas/v2_1/common">Conco</Name>
          <Name xml:lang="en" xmlns="http://www.sdmx.org/resources/sdmxml/schemas/v2_1/common">Conco</Name>
          <Parent>
            <Ref id="ITD32" xmlns="" />
          </Parent>
        </Code>
        <Code id="024034" urn="urn:sdmx:org.sdmx.infomodel.codelist.Code=IT1:CL_REFAREA(1.2).024034">
          <Name xml:lang="it" xmlns="http://www.sdmx.org/resources/sdmxml/schemas/v2_1/common">Cornedo Vicentino</Name>
          <Name xml:lang="en" xmlns="http://www.sdmx.org/resources/sdmxml/schemas/v2_1/common">Cornedo Vicentino</Name>
          <Parent>
            <Ref id="ITD32" xmlns="" />
          </Parent>
        </Code>
        <Code id="024035" urn="urn:sdmx:org.sdmx.infomodel.codelist.Code=IT1:CL_REFAREA(1.2).024035">
          <Name xml:lang="it" xmlns="http://www.sdmx.org/resources/sdmxml/schemas/v2_1/common">Costabissara</Name>
          <Name xml:lang="en" xmlns="http://www.sdmx.org/resources/sdmxml/schemas/v2_1/common">Costabissara</Name>
          <Parent>
            <Ref id="ITD32" xmlns="" />
          </Parent>
        </Code>
        <Code id="024036" urn="urn:sdmx:org.sdmx.infomodel.codelist.Code=IT1:CL_REFAREA(1.2).024036">
          <Name xml:lang="it" xmlns="http://www.sdmx.org/resources/sdmxml/schemas/v2_1/common">Creazzo</Name>
          <Name xml:lang="en" xmlns="http://www.sdmx.org/resources/sdmxml/schemas/v2_1/common">Creazzo</Name>
          <Parent>
            <Ref id="ITD32" xmlns="" />
          </Parent>
        </Code>
        <Code id="024037" urn="urn:sdmx:org.sdmx.infomodel.codelist.Code=IT1:CL_REFAREA(1.2).024037">
          <Name xml:lang="it" xmlns="http://www.sdmx.org/resources/sdmxml/schemas/v2_1/common">Crespadoro</Name>
          <Name xml:lang="en" xmlns="http://www.sdmx.org/resources/sdmxml/schemas/v2_1/common">Crespadoro</Name>
          <Parent>
            <Ref id="ITD32" xmlns="" />
          </Parent>
        </Code>
        <Code id="024038" urn="urn:sdmx:org.sdmx.infomodel.codelist.Code=IT1:CL_REFAREA(1.2).024038">
          <Name xml:lang="it" xmlns="http://www.sdmx.org/resources/sdmxml/schemas/v2_1/common">Dueville</Name>
          <Name xml:lang="en" xmlns="http://www.sdmx.org/resources/sdmxml/schemas/v2_1/common">Dueville</Name>
          <Parent>
            <Ref id="ITD32" xmlns="" />
          </Parent>
        </Code>
        <Code id="024039" urn="urn:sdmx:org.sdmx.infomodel.codelist.Code=IT1:CL_REFAREA(1.2).024039">
          <Name xml:lang="it" xmlns="http://www.sdmx.org/resources/sdmxml/schemas/v2_1/common">Enego</Name>
          <Name xml:lang="en" xmlns="http://www.sdmx.org/resources/sdmxml/schemas/v2_1/common">Enego</Name>
          <Parent>
            <Ref id="ITD32" xmlns="" />
          </Parent>
        </Code>
        <Code id="024040" urn="urn:sdmx:org.sdmx.infomodel.codelist.Code=IT1:CL_REFAREA(1.2).024040">
          <Name xml:lang="it" xmlns="http://www.sdmx.org/resources/sdmxml/schemas/v2_1/common">Fara Vicentino</Name>
          <Name xml:lang="en" xmlns="http://www.sdmx.org/resources/sdmxml/schemas/v2_1/common">Fara Vicentino</Name>
          <Parent>
            <Ref id="ITD32" xmlns="" />
          </Parent>
        </Code>
        <Code id="024041" urn="urn:sdmx:org.sdmx.infomodel.codelist.Code=IT1:CL_REFAREA(1.2).024041">
          <Name xml:lang="it" xmlns="http://www.sdmx.org/resources/sdmxml/schemas/v2_1/common">Foza</Name>
          <Name xml:lang="en" xmlns="http://www.sdmx.org/resources/sdmxml/schemas/v2_1/common">Foza</Name>
          <Parent>
            <Ref id="ITD32" xmlns="" />
          </Parent>
        </Code>
        <Code id="024042" urn="urn:sdmx:org.sdmx.infomodel.codelist.Code=IT1:CL_REFAREA(1.2).024042">
          <Name xml:lang="it" xmlns="http://www.sdmx.org/resources/sdmxml/schemas/v2_1/common">Gallio</Name>
          <Name xml:lang="en" xmlns="http://www.sdmx.org/resources/sdmxml/schemas/v2_1/common">Gallio</Name>
          <Parent>
            <Ref id="ITD32" xmlns="" />
          </Parent>
        </Code>
        <Code id="024043" urn="urn:sdmx:org.sdmx.infomodel.codelist.Code=IT1:CL_REFAREA(1.2).024043">
          <Name xml:lang="it" xmlns="http://www.sdmx.org/resources/sdmxml/schemas/v2_1/common">Gambellara</Name>
          <Name xml:lang="en" xmlns="http://www.sdmx.org/resources/sdmxml/schemas/v2_1/common">Gambellara</Name>
          <Parent>
            <Ref id="ITD32" xmlns="" />
          </Parent>
        </Code>
        <Code id="024044" urn="urn:sdmx:org.sdmx.infomodel.codelist.Code=IT1:CL_REFAREA(1.2).024044">
          <Name xml:lang="it" xmlns="http://www.sdmx.org/resources/sdmxml/schemas/v2_1/common">Gambugliano</Name>
          <Name xml:lang="en" xmlns="http://www.sdmx.org/resources/sdmxml/schemas/v2_1/common">Gambugliano</Name>
          <Parent>
            <Ref id="ITD32" xmlns="" />
          </Parent>
        </Code>
        <Code id="024045" urn="urn:sdmx:org.sdmx.infomodel.codelist.Code=IT1:CL_REFAREA(1.2).024045">
          <Name xml:lang="it" xmlns="http://www.sdmx.org/resources/sdmxml/schemas/v2_1/common">Grancona</Name>
          <Name xml:lang="en" xmlns="http://www.sdmx.org/resources/sdmxml/schemas/v2_1/common">Grancona</Name>
          <Parent>
            <Ref id="ITD32" xmlns="" />
          </Parent>
        </Code>
        <Code id="024046" urn="urn:sdmx:org.sdmx.infomodel.codelist.Code=IT1:CL_REFAREA(1.2).024046">
          <Name xml:lang="it" xmlns="http://www.sdmx.org/resources/sdmxml/schemas/v2_1/common">Grisignano di Zocco</Name>
          <Name xml:lang="en" xmlns="http://www.sdmx.org/resources/sdmxml/schemas/v2_1/common">Grisignano di Zocco</Name>
          <Parent>
            <Ref id="ITD32" xmlns="" />
          </Parent>
        </Code>
        <Code id="024047" urn="urn:sdmx:org.sdmx.infomodel.codelist.Code=IT1:CL_REFAREA(1.2).024047">
          <Name xml:lang="it" xmlns="http://www.sdmx.org/resources/sdmxml/schemas/v2_1/common">Grumolo delle Abbadesse</Name>
          <Name xml:lang="en" xmlns="http://www.sdmx.org/resources/sdmxml/schemas/v2_1/common">Grumolo delle Abbadesse</Name>
          <Parent>
            <Ref id="ITD32" xmlns="" />
          </Parent>
        </Code>
        <Code id="024048" urn="urn:sdmx:org.sdmx.infomodel.codelist.Code=IT1:CL_REFAREA(1.2).024048">
          <Name xml:lang="it" xmlns="http://www.sdmx.org/resources/sdmxml/schemas/v2_1/common">Isola Vicentina</Name>
          <Name xml:lang="en" xmlns="http://www.sdmx.org/resources/sdmxml/schemas/v2_1/common">Isola Vicentina</Name>
          <Parent>
            <Ref id="ITD32" xmlns="" />
          </Parent>
        </Code>
        <Code id="024049" urn="urn:sdmx:org.sdmx.infomodel.codelist.Code=IT1:CL_REFAREA(1.2).024049">
          <Name xml:lang="it" xmlns="http://www.sdmx.org/resources/sdmxml/schemas/v2_1/common">Laghi</Name>
          <Name xml:lang="en" xmlns="http://www.sdmx.org/resources/sdmxml/schemas/v2_1/common">Laghi</Name>
          <Parent>
            <Ref id="ITD32" xmlns="" />
          </Parent>
        </Code>
        <Code id="024050" urn="urn:sdmx:org.sdmx.infomodel.codelist.Code=IT1:CL_REFAREA(1.2).024050">
          <Name xml:lang="it" xmlns="http://www.sdmx.org/resources/sdmxml/schemas/v2_1/common">Lastebasse</Name>
          <Name xml:lang="en" xmlns="http://www.sdmx.org/resources/sdmxml/schemas/v2_1/common">Lastebasse</Name>
          <Parent>
            <Ref id="ITD32" xmlns="" />
          </Parent>
        </Code>
        <Code id="024051" urn="urn:sdmx:org.sdmx.infomodel.codelist.Code=IT1:CL_REFAREA(1.2).024051">
          <Name xml:lang="it" xmlns="http://www.sdmx.org/resources/sdmxml/schemas/v2_1/common">Longare</Name>
          <Name xml:lang="en" xmlns="http://www.sdmx.org/resources/sdmxml/schemas/v2_1/common">Longare</Name>
          <Parent>
            <Ref id="ITD32" xmlns="" />
          </Parent>
        </Code>
        <Code id="024052" urn="urn:sdmx:org.sdmx.infomodel.codelist.Code=IT1:CL_REFAREA(1.2).024052">
          <Name xml:lang="it" xmlns="http://www.sdmx.org/resources/sdmxml/schemas/v2_1/common">Lonigo</Name>
          <Name xml:lang="en" xmlns="http://www.sdmx.org/resources/sdmxml/schemas/v2_1/common">Lonigo</Name>
          <Parent>
            <Ref id="ITD32" xmlns="" />
          </Parent>
        </Code>
        <Code id="024053" urn="urn:sdmx:org.sdmx.infomodel.codelist.Code=IT1:CL_REFAREA(1.2).024053">
          <Name xml:lang="it" xmlns="http://www.sdmx.org/resources/sdmxml/schemas/v2_1/common">Lugo di Vicenza</Name>
          <Name xml:lang="en" xmlns="http://www.sdmx.org/resources/sdmxml/schemas/v2_1/common">Lugo di Vicenza</Name>
          <Parent>
            <Ref id="ITD32" xmlns="" />
          </Parent>
        </Code>
        <Code id="024054" urn="urn:sdmx:org.sdmx.infomodel.codelist.Code=IT1:CL_REFAREA(1.2).024054">
          <Name xml:lang="it" xmlns="http://www.sdmx.org/resources/sdmxml/schemas/v2_1/common">Lusiana</Name>
          <Name xml:lang="en" xmlns="http://www.sdmx.org/resources/sdmxml/schemas/v2_1/common">Lusiana</Name>
          <Parent>
            <Ref id="ITD32" xmlns="" />
          </Parent>
        </Code>
        <Code id="024055" urn="urn:sdmx:org.sdmx.infomodel.codelist.Code=IT1:CL_REFAREA(1.2).024055">
          <Name xml:lang="it" xmlns="http://www.sdmx.org/resources/sdmxml/schemas/v2_1/common">Malo</Name>
          <Name xml:lang="en" xmlns="http://www.sdmx.org/resources/sdmxml/schemas/v2_1/common">Malo</Name>
          <Parent>
            <Ref id="ITD32" xmlns="" />
          </Parent>
        </Code>
        <Code id="024056" urn="urn:sdmx:org.sdmx.infomodel.codelist.Code=IT1:CL_REFAREA(1.2).024056">
          <Name xml:lang="it" xmlns="http://www.sdmx.org/resources/sdmxml/schemas/v2_1/common">Marano Vicentino</Name>
          <Name xml:lang="en" xmlns="http://www.sdmx.org/resources/sdmxml/schemas/v2_1/common">Marano Vicentino</Name>
          <Parent>
            <Ref id="ITD32" xmlns="" />
          </Parent>
        </Code>
        <Code id="024057" urn="urn:sdmx:org.sdmx.infomodel.codelist.Code=IT1:CL_REFAREA(1.2).024057">
          <Name xml:lang="it" xmlns="http://www.sdmx.org/resources/sdmxml/schemas/v2_1/common">Marostica</Name>
          <Name xml:lang="en" xmlns="http://www.sdmx.org/resources/sdmxml/schemas/v2_1/common">Marostica</Name>
          <Parent>
            <Ref id="ITD32" xmlns="" />
          </Parent>
        </Code>
        <Code id="024058" urn="urn:sdmx:org.sdmx.infomodel.codelist.Code=IT1:CL_REFAREA(1.2).024058">
          <Name xml:lang="it" xmlns="http://www.sdmx.org/resources/sdmxml/schemas/v2_1/common">Mason Vicentino</Name>
          <Name xml:lang="en" xmlns="http://www.sdmx.org/resources/sdmxml/schemas/v2_1/common">Mason Vicentino</Name>
          <Parent>
            <Ref id="ITD32" xmlns="" />
          </Parent>
        </Code>
        <Code id="024059" urn="urn:sdmx:org.sdmx.infomodel.codelist.Code=IT1:CL_REFAREA(1.2).024059">
          <Name xml:lang="it" xmlns="http://www.sdmx.org/resources/sdmxml/schemas/v2_1/common">Molvena</Name>
          <Name xml:lang="en" xmlns="http://www.sdmx.org/resources/sdmxml/schemas/v2_1/common">Molvena</Name>
          <Parent>
            <Ref id="ITD32" xmlns="" />
          </Parent>
        </Code>
        <Code id="024060" urn="urn:sdmx:org.sdmx.infomodel.codelist.Code=IT1:CL_REFAREA(1.2).024060">
          <Name xml:lang="it" xmlns="http://www.sdmx.org/resources/sdmxml/schemas/v2_1/common">Montebello Vicentino</Name>
          <Name xml:lang="en" xmlns="http://www.sdmx.org/resources/sdmxml/schemas/v2_1/common">Montebello Vicentino</Name>
          <Parent>
            <Ref id="ITD32" xmlns="" />
          </Parent>
        </Code>
        <Code id="024061" urn="urn:sdmx:org.sdmx.infomodel.codelist.Code=IT1:CL_REFAREA(1.2).024061">
          <Name xml:lang="it" xmlns="http://www.sdmx.org/resources/sdmxml/schemas/v2_1/common">Montecchio Maggiore</Name>
          <Name xml:lang="en" xmlns="http://www.sdmx.org/resources/sdmxml/schemas/v2_1/common">Montecchio Maggiore</Name>
          <Parent>
            <Ref id="ITD32" xmlns="" />
          </Parent>
        </Code>
        <Code id="024062" urn="urn:sdmx:org.sdmx.infomodel.codelist.Code=IT1:CL_REFAREA(1.2).024062">
          <Name xml:lang="it" xmlns="http://www.sdmx.org/resources/sdmxml/schemas/v2_1/common">Montecchio Precalcino</Name>
          <Name xml:lang="en" xmlns="http://www.sdmx.org/resources/sdmxml/schemas/v2_1/common">Montecchio Precalcino</Name>
          <Parent>
            <Ref id="ITD32" xmlns="" />
          </Parent>
        </Code>
        <Code id="024063" urn="urn:sdmx:org.sdmx.infomodel.codelist.Code=IT1:CL_REFAREA(1.2).024063">
          <Name xml:lang="it" xmlns="http://www.sdmx.org/resources/sdmxml/schemas/v2_1/common">Monte di Malo</Name>
          <Name xml:lang="en" xmlns="http://www.sdmx.org/resources/sdmxml/schemas/v2_1/common">Monte di Malo</Name>
          <Parent>
            <Ref id="ITD32" xmlns="" />
          </Parent>
        </Code>
        <Code id="024064" urn="urn:sdmx:org.sdmx.infomodel.codelist.Code=IT1:CL_REFAREA(1.2).024064">
          <Name xml:lang="it" xmlns="http://www.sdmx.org/resources/sdmxml/schemas/v2_1/common">Montegalda</Name>
          <Name xml:lang="en" xmlns="http://www.sdmx.org/resources/sdmxml/schemas/v2_1/common">Montegalda</Name>
          <Parent>
            <Ref id="ITD32" xmlns="" />
          </Parent>
        </Code>
        <Code id="024065" urn="urn:sdmx:org.sdmx.infomodel.codelist.Code=IT1:CL_REFAREA(1.2).024065">
          <Name xml:lang="it" xmlns="http://www.sdmx.org/resources/sdmxml/schemas/v2_1/common">Montegaldella</Name>
          <Name xml:lang="en" xmlns="http://www.sdmx.org/resources/sdmxml/schemas/v2_1/common">Montegaldella</Name>
          <Parent>
            <Ref id="ITD32" xmlns="" />
          </Parent>
        </Code>
        <Code id="024066" urn="urn:sdmx:org.sdmx.infomodel.codelist.Code=IT1:CL_REFAREA(1.2).024066">
          <Name xml:lang="it" xmlns="http://www.sdmx.org/resources/sdmxml/schemas/v2_1/common">Monteviale</Name>
          <Name xml:lang="en" xmlns="http://www.sdmx.org/resources/sdmxml/schemas/v2_1/common">Monteviale</Name>
          <Parent>
            <Ref id="ITD32" xmlns="" />
          </Parent>
        </Code>
        <Code id="024067" urn="urn:sdmx:org.sdmx.infomodel.codelist.Code=IT1:CL_REFAREA(1.2).024067">
          <Name xml:lang="it" xmlns="http://www.sdmx.org/resources/sdmxml/schemas/v2_1/common">Monticello Conte Otto</Name>
          <Name xml:lang="en" xmlns="http://www.sdmx.org/resources/sdmxml/schemas/v2_1/common">Monticello Conte Otto</Name>
          <Parent>
            <Ref id="ITD32" xmlns="" />
          </Parent>
        </Code>
        <Code id="024068" urn="urn:sdmx:org.sdmx.infomodel.codelist.Code=IT1:CL_REFAREA(1.2).024068">
          <Name xml:lang="it" xmlns="http://www.sdmx.org/resources/sdmxml/schemas/v2_1/common">Montorso Vicentino</Name>
          <Name xml:lang="en" xmlns="http://www.sdmx.org/resources/sdmxml/schemas/v2_1/common">Montorso Vicentino</Name>
          <Parent>
            <Ref id="ITD32" xmlns="" />
          </Parent>
        </Code>
        <Code id="024069" urn="urn:sdmx:org.sdmx.infomodel.codelist.Code=IT1:CL_REFAREA(1.2).024069">
          <Name xml:lang="it" xmlns="http://www.sdmx.org/resources/sdmxml/schemas/v2_1/common">Mossano</Name>
          <Name xml:lang="en" xmlns="http://www.sdmx.org/resources/sdmxml/schemas/v2_1/common">Mossano</Name>
          <Parent>
            <Ref id="ITD32" xmlns="" />
          </Parent>
        </Code>
        <Code id="024070" urn="urn:sdmx:org.sdmx.infomodel.codelist.Code=IT1:CL_REFAREA(1.2).024070">
          <Name xml:lang="it" xmlns="http://www.sdmx.org/resources/sdmxml/schemas/v2_1/common">Mussolente</Name>
          <Name xml:lang="en" xmlns="http://www.sdmx.org/resources/sdmxml/schemas/v2_1/common">Mussolente</Name>
          <Parent>
            <Ref id="ITD32" xmlns="" />
          </Parent>
        </Code>
        <Code id="024071" urn="urn:sdmx:org.sdmx.infomodel.codelist.Code=IT1:CL_REFAREA(1.2).024071">
          <Name xml:lang="it" xmlns="http://www.sdmx.org/resources/sdmxml/schemas/v2_1/common">Nanto</Name>
          <Name xml:lang="en" xmlns="http://www.sdmx.org/resources/sdmxml/schemas/v2_1/common">Nanto</Name>
          <Parent>
            <Ref id="ITD32" xmlns="" />
          </Parent>
        </Code>
        <Code id="024072" urn="urn:sdmx:org.sdmx.infomodel.codelist.Code=IT1:CL_REFAREA(1.2).024072">
          <Name xml:lang="it" xmlns="http://www.sdmx.org/resources/sdmxml/schemas/v2_1/common">Nogarole Vicentino</Name>
          <Name xml:lang="en" xmlns="http://www.sdmx.org/resources/sdmxml/schemas/v2_1/common">Nogarole Vicentino</Name>
          <Parent>
            <Ref id="ITD32" xmlns="" />
          </Parent>
        </Code>
        <Code id="024073" urn="urn:sdmx:org.sdmx.infomodel.codelist.Code=IT1:CL_REFAREA(1.2).024073">
          <Name xml:lang="it" xmlns="http://www.sdmx.org/resources/sdmxml/schemas/v2_1/common">Nove</Name>
          <Name xml:lang="en" xmlns="http://www.sdmx.org/resources/sdmxml/schemas/v2_1/common">Nove</Name>
          <Parent>
            <Ref id="ITD32" xmlns="" />
          </Parent>
        </Code>
        <Code id="024074" urn="urn:sdmx:org.sdmx.infomodel.codelist.Code=IT1:CL_REFAREA(1.2).024074">
          <Name xml:lang="it" xmlns="http://www.sdmx.org/resources/sdmxml/schemas/v2_1/common">Noventa Vicentina</Name>
          <Name xml:lang="en" xmlns="http://www.sdmx.org/resources/sdmxml/schemas/v2_1/common">Noventa Vicentina</Name>
          <Parent>
            <Ref id="ITD32" xmlns="" />
          </Parent>
        </Code>
        <Code id="024075" urn="urn:sdmx:org.sdmx.infomodel.codelist.Code=IT1:CL_REFAREA(1.2).024075">
          <Name xml:lang="it" xmlns="http://www.sdmx.org/resources/sdmxml/schemas/v2_1/common">Orgiano</Name>
          <Name xml:lang="en" xmlns="http://www.sdmx.org/resources/sdmxml/schemas/v2_1/common">Orgiano</Name>
          <Parent>
            <Ref id="ITD32" xmlns="" />
          </Parent>
        </Code>
        <Code id="024076" urn="urn:sdmx:org.sdmx.infomodel.codelist.Code=IT1:CL_REFAREA(1.2).024076">
          <Name xml:lang="it" xmlns="http://www.sdmx.org/resources/sdmxml/schemas/v2_1/common">Pedemonte</Name>
          <Name xml:lang="en" xmlns="http://www.sdmx.org/resources/sdmxml/schemas/v2_1/common">Pedemonte</Name>
          <Parent>
            <Ref id="ITD32" xmlns="" />
          </Parent>
        </Code>
        <Code id="024077" urn="urn:sdmx:org.sdmx.infomodel.codelist.Code=IT1:CL_REFAREA(1.2).024077">
          <Name xml:lang="it" xmlns="http://www.sdmx.org/resources/sdmxml/schemas/v2_1/common">Pianezze</Name>
          <Name xml:lang="en" xmlns="http://www.sdmx.org/resources/sdmxml/schemas/v2_1/common">Pianezze</Name>
          <Parent>
            <Ref id="ITD32" xmlns="" />
          </Parent>
        </Code>
        <Code id="024078" urn="urn:sdmx:org.sdmx.infomodel.codelist.Code=IT1:CL_REFAREA(1.2).024078">
          <Name xml:lang="it" xmlns="http://www.sdmx.org/resources/sdmxml/schemas/v2_1/common">Piovene Rocchette</Name>
          <Name xml:lang="en" xmlns="http://www.sdmx.org/resources/sdmxml/schemas/v2_1/common">Piovene Rocchette</Name>
          <Parent>
            <Ref id="ITD32" xmlns="" />
          </Parent>
        </Code>
        <Code id="024079" urn="urn:sdmx:org.sdmx.infomodel.codelist.Code=IT1:CL_REFAREA(1.2).024079">
          <Name xml:lang="it" xmlns="http://www.sdmx.org/resources/sdmxml/schemas/v2_1/common">Pojana Maggiore</Name>
          <Name xml:lang="en" xmlns="http://www.sdmx.org/resources/sdmxml/schemas/v2_1/common">Pojana Maggiore</Name>
          <Parent>
            <Ref id="ITD32" xmlns="" />
          </Parent>
        </Code>
        <Code id="024080" urn="urn:sdmx:org.sdmx.infomodel.codelist.Code=IT1:CL_REFAREA(1.2).024080">
          <Name xml:lang="it" xmlns="http://www.sdmx.org/resources/sdmxml/schemas/v2_1/common">Posina</Name>
          <Name xml:lang="en" xmlns="http://www.sdmx.org/resources/sdmxml/schemas/v2_1/common">Posina</Name>
          <Parent>
            <Ref id="ITD32" xmlns="" />
          </Parent>
        </Code>
        <Code id="024081" urn="urn:sdmx:org.sdmx.infomodel.codelist.Code=IT1:CL_REFAREA(1.2).024081">
          <Name xml:lang="it" xmlns="http://www.sdmx.org/resources/sdmxml/schemas/v2_1/common">Pove del Grappa</Name>
          <Name xml:lang="en" xmlns="http://www.sdmx.org/resources/sdmxml/schemas/v2_1/common">Pove del Grappa</Name>
          <Parent>
            <Ref id="ITD32" xmlns="" />
          </Parent>
        </Code>
        <Code id="024082" urn="urn:sdmx:org.sdmx.infomodel.codelist.Code=IT1:CL_REFAREA(1.2).024082">
          <Name xml:lang="it" xmlns="http://www.sdmx.org/resources/sdmxml/schemas/v2_1/common">Pozzoleone</Name>
          <Name xml:lang="en" xmlns="http://www.sdmx.org/resources/sdmxml/schemas/v2_1/common">Pozzoleone</Name>
          <Parent>
            <Ref id="ITD32" xmlns="" />
          </Parent>
        </Code>
        <Code id="024083" urn="urn:sdmx:org.sdmx.infomodel.codelist.Code=IT1:CL_REFAREA(1.2).024083">
          <Name xml:lang="it" xmlns="http://www.sdmx.org/resources/sdmxml/schemas/v2_1/common">Quinto Vicentino</Name>
          <Name xml:lang="en" xmlns="http://www.sdmx.org/resources/sdmxml/schemas/v2_1/common">Quinto Vicentino</Name>
          <Parent>
            <Ref id="ITD32" xmlns="" />
          </Parent>
        </Code>
        <Code id="024084" urn="urn:sdmx:org.sdmx.infomodel.codelist.Code=IT1:CL_REFAREA(1.2).024084">
          <Name xml:lang="it" xmlns="http://www.sdmx.org/resources/sdmxml/schemas/v2_1/common">Recoaro Terme</Name>
          <Name xml:lang="en" xmlns="http://www.sdmx.org/resources/sdmxml/schemas/v2_1/common">Recoaro Terme</Name>
          <Parent>
            <Ref id="ITD32" xmlns="" />
          </Parent>
        </Code>
        <Code id="024085" urn="urn:sdmx:org.sdmx.infomodel.codelist.Code=IT1:CL_REFAREA(1.2).024085">
          <Name xml:lang="it" xmlns="http://www.sdmx.org/resources/sdmxml/schemas/v2_1/common">Roana</Name>
          <Name xml:lang="en" xmlns="http://www.sdmx.org/resources/sdmxml/schemas/v2_1/common">Roana</Name>
          <Parent>
            <Ref id="ITD32" xmlns="" />
          </Parent>
        </Code>
        <Code id="024086" urn="urn:sdmx:org.sdmx.infomodel.codelist.Code=IT1:CL_REFAREA(1.2).024086">
          <Name xml:lang="it" xmlns="http://www.sdmx.org/resources/sdmxml/schemas/v2_1/common">Romano d'Ezzelino</Name>
          <Name xml:lang="en" xmlns="http://www.sdmx.org/resources/sdmxml/schemas/v2_1/common">Romano d'Ezzelino</Name>
          <Parent>
            <Ref id="ITD32" xmlns="" />
          </Parent>
        </Code>
        <Code id="024087" urn="urn:sdmx:org.sdmx.infomodel.codelist.Code=IT1:CL_REFAREA(1.2).024087">
          <Name xml:lang="it" xmlns="http://www.sdmx.org/resources/sdmxml/schemas/v2_1/common">Rosà</Name>
          <Name xml:lang="en" xmlns="http://www.sdmx.org/resources/sdmxml/schemas/v2_1/common">Rosà</Name>
          <Parent>
            <Ref id="ITD32" xmlns="" />
          </Parent>
        </Code>
        <Code id="024088" urn="urn:sdmx:org.sdmx.infomodel.codelist.Code=IT1:CL_REFAREA(1.2).024088">
          <Name xml:lang="it" xmlns="http://www.sdmx.org/resources/sdmxml/schemas/v2_1/common">Rossano Veneto</Name>
          <Name xml:lang="en" xmlns="http://www.sdmx.org/resources/sdmxml/schemas/v2_1/common">Rossano Veneto</Name>
          <Parent>
            <Ref id="ITD32" xmlns="" />
          </Parent>
        </Code>
        <Code id="024089" urn="urn:sdmx:org.sdmx.infomodel.codelist.Code=IT1:CL_REFAREA(1.2).024089">
          <Name xml:lang="it" xmlns="http://www.sdmx.org/resources/sdmxml/schemas/v2_1/common">Rotzo</Name>
          <Name xml:lang="en" xmlns="http://www.sdmx.org/resources/sdmxml/schemas/v2_1/common">Rotzo</Name>
          <Parent>
            <Ref id="ITD32" xmlns="" />
          </Parent>
        </Code>
        <Code id="024090" urn="urn:sdmx:org.sdmx.infomodel.codelist.Code=IT1:CL_REFAREA(1.2).024090">
          <Name xml:lang="it" xmlns="http://www.sdmx.org/resources/sdmxml/schemas/v2_1/common">Salcedo</Name>
          <Name xml:lang="en" xmlns="http://www.sdmx.org/resources/sdmxml/schemas/v2_1/common">Salcedo</Name>
          <Parent>
            <Ref id="ITD32" xmlns="" />
          </Parent>
        </Code>
        <Code id="024091" urn="urn:sdmx:org.sdmx.infomodel.codelist.Code=IT1:CL_REFAREA(1.2).024091">
          <Name xml:lang="it" xmlns="http://www.sdmx.org/resources/sdmxml/schemas/v2_1/common">Sandrigo</Name>
          <Name xml:lang="en" xmlns="http://www.sdmx.org/resources/sdmxml/schemas/v2_1/common">Sandrigo</Name>
          <Parent>
            <Ref id="ITD32" xmlns="" />
          </Parent>
        </Code>
        <Code id="024092" urn="urn:sdmx:org.sdmx.infomodel.codelist.Code=IT1:CL_REFAREA(1.2).024092">
          <Name xml:lang="it" xmlns="http://www.sdmx.org/resources/sdmxml/schemas/v2_1/common">San Germano dei Berici</Name>
          <Name xml:lang="en" xmlns="http://www.sdmx.org/resources/sdmxml/schemas/v2_1/common">San Germano dei Berici</Name>
          <Parent>
            <Ref id="ITD32" xmlns="" />
          </Parent>
        </Code>
        <Code id="024093" urn="urn:sdmx:org.sdmx.infomodel.codelist.Code=IT1:CL_REFAREA(1.2).024093">
          <Name xml:lang="it" xmlns="http://www.sdmx.org/resources/sdmxml/schemas/v2_1/common">San Nazario</Name>
          <Name xml:lang="en" xmlns="http://www.sdmx.org/resources/sdmxml/schemas/v2_1/common">San Nazario</Name>
          <Parent>
            <Ref id="ITD32" xmlns="" />
          </Parent>
        </Code>
        <Code id="024094" urn="urn:sdmx:org.sdmx.infomodel.codelist.Code=IT1:CL_REFAREA(1.2).024094">
          <Name xml:lang="it" xmlns="http://www.sdmx.org/resources/sdmxml/schemas/v2_1/common">San Pietro Mussolino</Name>
          <Name xml:lang="en" xmlns="http://www.sdmx.org/resources/sdmxml/schemas/v2_1/common">San Pietro Mussolino</Name>
          <Parent>
            <Ref id="ITD32" xmlns="" />
          </Parent>
        </Code>
        <Code id="024095" urn="urn:sdmx:org.sdmx.infomodel.codelist.Code=IT1:CL_REFAREA(1.2).024095">
          <Name xml:lang="it" xmlns="http://www.sdmx.org/resources/sdmxml/schemas/v2_1/common">Santorso</Name>
          <Name xml:lang="en" xmlns="http://www.sdmx.org/resources/sdmxml/schemas/v2_1/common">Santorso</Name>
          <Parent>
            <Ref id="ITD32" xmlns="" />
          </Parent>
        </Code>
        <Code id="024096" urn="urn:sdmx:org.sdmx.infomodel.codelist.Code=IT1:CL_REFAREA(1.2).024096">
          <Name xml:lang="it" xmlns="http://www.sdmx.org/resources/sdmxml/schemas/v2_1/common">San Vito di Leguzzano</Name>
          <Name xml:lang="en" xmlns="http://www.sdmx.org/resources/sdmxml/schemas/v2_1/common">San Vito di Leguzzano</Name>
          <Parent>
            <Ref id="ITD32" xmlns="" />
          </Parent>
        </Code>
        <Code id="024097" urn="urn:sdmx:org.sdmx.infomodel.codelist.Code=IT1:CL_REFAREA(1.2).024097">
          <Name xml:lang="it" xmlns="http://www.sdmx.org/resources/sdmxml/schemas/v2_1/common">Sarcedo</Name>
          <Name xml:lang="en" xmlns="http://www.sdmx.org/resources/sdmxml/schemas/v2_1/common">Sarcedo</Name>
          <Parent>
            <Ref id="ITD32" xmlns="" />
          </Parent>
        </Code>
        <Code id="024098" urn="urn:sdmx:org.sdmx.infomodel.codelist.Code=IT1:CL_REFAREA(1.2).024098">
          <Name xml:lang="it" xmlns="http://www.sdmx.org/resources/sdmxml/schemas/v2_1/common">Sarego</Name>
          <Name xml:lang="en" xmlns="http://www.sdmx.org/resources/sdmxml/schemas/v2_1/common">Sarego</Name>
          <Parent>
            <Ref id="ITD32" xmlns="" />
          </Parent>
        </Code>
        <Code id="024099" urn="urn:sdmx:org.sdmx.infomodel.codelist.Code=IT1:CL_REFAREA(1.2).024099">
          <Name xml:lang="it" xmlns="http://www.sdmx.org/resources/sdmxml/schemas/v2_1/common">Schiavon</Name>
          <Name xml:lang="en" xmlns="http://www.sdmx.org/resources/sdmxml/schemas/v2_1/common">Schiavon</Name>
          <Parent>
            <Ref id="ITD32" xmlns="" />
          </Parent>
        </Code>
        <Code id="024100" urn="urn:sdmx:org.sdmx.infomodel.codelist.Code=IT1:CL_REFAREA(1.2).024100">
          <Name xml:lang="it" xmlns="http://www.sdmx.org/resources/sdmxml/schemas/v2_1/common">Schio</Name>
          <Name xml:lang="en" xmlns="http://www.sdmx.org/resources/sdmxml/schemas/v2_1/common">Schio</Name>
          <Parent>
            <Ref id="ITD32" xmlns="" />
          </Parent>
        </Code>
        <Code id="024101" urn="urn:sdmx:org.sdmx.infomodel.codelist.Code=IT1:CL_REFAREA(1.2).024101">
          <Name xml:lang="it" xmlns="http://www.sdmx.org/resources/sdmxml/schemas/v2_1/common">Solagna</Name>
          <Name xml:lang="en" xmlns="http://www.sdmx.org/resources/sdmxml/schemas/v2_1/common">Solagna</Name>
          <Parent>
            <Ref id="ITD32" xmlns="" />
          </Parent>
        </Code>
        <Code id="024102" urn="urn:sdmx:org.sdmx.infomodel.codelist.Code=IT1:CL_REFAREA(1.2).024102">
          <Name xml:lang="it" xmlns="http://www.sdmx.org/resources/sdmxml/schemas/v2_1/common">Sossano</Name>
          <Name xml:lang="en" xmlns="http://www.sdmx.org/resources/sdmxml/schemas/v2_1/common">Sossano</Name>
          <Parent>
            <Ref id="ITD32" xmlns="" />
          </Parent>
        </Code>
        <Code id="024103" urn="urn:sdmx:org.sdmx.infomodel.codelist.Code=IT1:CL_REFAREA(1.2).024103">
          <Name xml:lang="it" xmlns="http://www.sdmx.org/resources/sdmxml/schemas/v2_1/common">Sovizzo</Name>
          <Name xml:lang="en" xmlns="http://www.sdmx.org/resources/sdmxml/schemas/v2_1/common">Sovizzo</Name>
          <Parent>
            <Ref id="ITD32" xmlns="" />
          </Parent>
        </Code>
        <Code id="024104" urn="urn:sdmx:org.sdmx.infomodel.codelist.Code=IT1:CL_REFAREA(1.2).024104">
          <Name xml:lang="it" xmlns="http://www.sdmx.org/resources/sdmxml/schemas/v2_1/common">Tezze sul Brenta</Name>
          <Name xml:lang="en" xmlns="http://www.sdmx.org/resources/sdmxml/schemas/v2_1/common">Tezze sul Brenta</Name>
          <Parent>
            <Ref id="ITD32" xmlns="" />
          </Parent>
        </Code>
        <Code id="024105" urn="urn:sdmx:org.sdmx.infomodel.codelist.Code=IT1:CL_REFAREA(1.2).024105">
          <Name xml:lang="it" xmlns="http://www.sdmx.org/resources/sdmxml/schemas/v2_1/common">Thiene</Name>
          <Name xml:lang="en" xmlns="http://www.sdmx.org/resources/sdmxml/schemas/v2_1/common">Thiene</Name>
          <Parent>
            <Ref id="ITD32" xmlns="" />
          </Parent>
        </Code>
        <Code id="024106" urn="urn:sdmx:org.sdmx.infomodel.codelist.Code=IT1:CL_REFAREA(1.2).024106">
          <Name xml:lang="it" xmlns="http://www.sdmx.org/resources/sdmxml/schemas/v2_1/common">Tonezza del Cimone</Name>
          <Name xml:lang="en" xmlns="http://www.sdmx.org/resources/sdmxml/schemas/v2_1/common">Tonezza del Cimone</Name>
          <Parent>
            <Ref id="ITD32" xmlns="" />
          </Parent>
        </Code>
        <Code id="024107" urn="urn:sdmx:org.sdmx.infomodel.codelist.Code=IT1:CL_REFAREA(1.2).024107">
          <Name xml:lang="it" xmlns="http://www.sdmx.org/resources/sdmxml/schemas/v2_1/common">Torrebelvicino</Name>
          <Name xml:lang="en" xmlns="http://www.sdmx.org/resources/sdmxml/schemas/v2_1/common">Torrebelvicino</Name>
          <Parent>
            <Ref id="ITD32" xmlns="" />
          </Parent>
        </Code>
        <Code id="024108" urn="urn:sdmx:org.sdmx.infomodel.codelist.Code=IT1:CL_REFAREA(1.2).024108">
          <Name xml:lang="it" xmlns="http://www.sdmx.org/resources/sdmxml/schemas/v2_1/common">Torri di Quartesolo</Name>
          <Name xml:lang="en" xmlns="http://www.sdmx.org/resources/sdmxml/schemas/v2_1/common">Torri di Quartesolo</Name>
          <Parent>
            <Ref id="ITD32" xmlns="" />
          </Parent>
        </Code>
        <Code id="024110" urn="urn:sdmx:org.sdmx.infomodel.codelist.Code=IT1:CL_REFAREA(1.2).024110">
          <Name xml:lang="it" xmlns="http://www.sdmx.org/resources/sdmxml/schemas/v2_1/common">Trissino</Name>
          <Name xml:lang="en" xmlns="http://www.sdmx.org/resources/sdmxml/schemas/v2_1/common">Trissino</Name>
          <Parent>
            <Ref id="ITD32" xmlns="" />
          </Parent>
        </Code>
        <Code id="024111" urn="urn:sdmx:org.sdmx.infomodel.codelist.Code=IT1:CL_REFAREA(1.2).024111">
          <Name xml:lang="it" xmlns="http://www.sdmx.org/resources/sdmxml/schemas/v2_1/common">Valdagno</Name>
          <Name xml:lang="en" xmlns="http://www.sdmx.org/resources/sdmxml/schemas/v2_1/common">Valdagno</Name>
          <Parent>
            <Ref id="ITD32" xmlns="" />
          </Parent>
        </Code>
        <Code id="024112" urn="urn:sdmx:org.sdmx.infomodel.codelist.Code=IT1:CL_REFAREA(1.2).024112">
          <Name xml:lang="it" xmlns="http://www.sdmx.org/resources/sdmxml/schemas/v2_1/common">Valdastico</Name>
          <Name xml:lang="en" xmlns="http://www.sdmx.org/resources/sdmxml/schemas/v2_1/common">Valdastico</Name>
          <Parent>
            <Ref id="ITD32" xmlns="" />
          </Parent>
        </Code>
        <Code id="024113" urn="urn:sdmx:org.sdmx.infomodel.codelist.Code=IT1:CL_REFAREA(1.2).024113">
          <Name xml:lang="it" xmlns="http://www.sdmx.org/resources/sdmxml/schemas/v2_1/common">Valli del Pasubio</Name>
          <Name xml:lang="en" xmlns="http://www.sdmx.org/resources/sdmxml/schemas/v2_1/common">Valli del Pasubio</Name>
          <Parent>
            <Ref id="ITD32" xmlns="" />
          </Parent>
        </Code>
        <Code id="024114" urn="urn:sdmx:org.sdmx.infomodel.codelist.Code=IT1:CL_REFAREA(1.2).024114">
          <Name xml:lang="it" xmlns="http://www.sdmx.org/resources/sdmxml/schemas/v2_1/common">Valstagna</Name>
          <Name xml:lang="en" xmlns="http://www.sdmx.org/resources/sdmxml/schemas/v2_1/common">Valstagna</Name>
          <Parent>
            <Ref id="ITD32" xmlns="" />
          </Parent>
        </Code>
        <Code id="024115" urn="urn:sdmx:org.sdmx.infomodel.codelist.Code=IT1:CL_REFAREA(1.2).024115">
          <Name xml:lang="it" xmlns="http://www.sdmx.org/resources/sdmxml/schemas/v2_1/common">Velo d'Astico</Name>
          <Name xml:lang="en" xmlns="http://www.sdmx.org/resources/sdmxml/schemas/v2_1/common">Velo d'Astico</Name>
          <Parent>
            <Ref id="ITD32" xmlns="" />
          </Parent>
        </Code>
        <Code id="024116" urn="urn:sdmx:org.sdmx.infomodel.codelist.Code=IT1:CL_REFAREA(1.2).024116">
          <Name xml:lang="it" xmlns="http://www.sdmx.org/resources/sdmxml/schemas/v2_1/common">Vicenza</Name>
          <Name xml:lang="en" xmlns="http://www.sdmx.org/resources/sdmxml/schemas/v2_1/common">Vicenza</Name>
          <Parent>
            <Ref id="ITD32" xmlns="" />
          </Parent>
        </Code>
        <Code id="024117" urn="urn:sdmx:org.sdmx.infomodel.codelist.Code=IT1:CL_REFAREA(1.2).024117">
          <Name xml:lang="it" xmlns="http://www.sdmx.org/resources/sdmxml/schemas/v2_1/common">Villaga</Name>
          <Name xml:lang="en" xmlns="http://www.sdmx.org/resources/sdmxml/schemas/v2_1/common">Villaga</Name>
          <Parent>
            <Ref id="ITD32" xmlns="" />
          </Parent>
        </Code>
        <Code id="024118" urn="urn:sdmx:org.sdmx.infomodel.codelist.Code=IT1:CL_REFAREA(1.2).024118">
          <Name xml:lang="it" xmlns="http://www.sdmx.org/resources/sdmxml/schemas/v2_1/common">Villaverla</Name>
          <Name xml:lang="en" xmlns="http://www.sdmx.org/resources/sdmxml/schemas/v2_1/common">Villaverla</Name>
          <Parent>
            <Ref id="ITD32" xmlns="" />
          </Parent>
        </Code>
        <Code id="024119" urn="urn:sdmx:org.sdmx.infomodel.codelist.Code=IT1:CL_REFAREA(1.2).024119">
          <Name xml:lang="it" xmlns="http://www.sdmx.org/resources/sdmxml/schemas/v2_1/common">Zanè</Name>
          <Name xml:lang="en" xmlns="http://www.sdmx.org/resources/sdmxml/schemas/v2_1/common">Zanè</Name>
          <Parent>
            <Ref id="ITD32" xmlns="" />
          </Parent>
        </Code>
        <Code id="024120" urn="urn:sdmx:org.sdmx.infomodel.codelist.Code=IT1:CL_REFAREA(1.2).024120">
          <Name xml:lang="it" xmlns="http://www.sdmx.org/resources/sdmxml/schemas/v2_1/common">Zermeghedo</Name>
          <Name xml:lang="en" xmlns="http://www.sdmx.org/resources/sdmxml/schemas/v2_1/common">Zermeghedo</Name>
          <Parent>
            <Ref id="ITD32" xmlns="" />
          </Parent>
        </Code>
        <Code id="024121" urn="urn:sdmx:org.sdmx.infomodel.codelist.Code=IT1:CL_REFAREA(1.2).024121">
          <Name xml:lang="it" xmlns="http://www.sdmx.org/resources/sdmxml/schemas/v2_1/common">Zovencedo</Name>
          <Name xml:lang="en" xmlns="http://www.sdmx.org/resources/sdmxml/schemas/v2_1/common">Zovencedo</Name>
          <Parent>
            <Ref id="ITD32" xmlns="" />
          </Parent>
        </Code>
        <Code id="024122" urn="urn:sdmx:org.sdmx.infomodel.codelist.Code=IT1:CL_REFAREA(1.2).024122">
          <Name xml:lang="it" xmlns="http://www.sdmx.org/resources/sdmxml/schemas/v2_1/common">Zugliano</Name>
          <Name xml:lang="en" xmlns="http://www.sdmx.org/resources/sdmxml/schemas/v2_1/common">Zugliano</Name>
          <Parent>
            <Ref id="ITD32" xmlns="" />
          </Parent>
        </Code>
        <Code id="025001" urn="urn:sdmx:org.sdmx.infomodel.codelist.Code=IT1:CL_REFAREA(1.2).025001">
          <Name xml:lang="it" xmlns="http://www.sdmx.org/resources/sdmxml/schemas/v2_1/common">Agordo</Name>
          <Name xml:lang="en" xmlns="http://www.sdmx.org/resources/sdmxml/schemas/v2_1/common">Agordo</Name>
          <Parent>
            <Ref id="ITD33" xmlns="" />
          </Parent>
        </Code>
        <Code id="025002" urn="urn:sdmx:org.sdmx.infomodel.codelist.Code=IT1:CL_REFAREA(1.2).025002">
          <Name xml:lang="it" xmlns="http://www.sdmx.org/resources/sdmxml/schemas/v2_1/common">Alano di Piave</Name>
          <Name xml:lang="en" xmlns="http://www.sdmx.org/resources/sdmxml/schemas/v2_1/common">Alano di Piave</Name>
          <Parent>
            <Ref id="ITD33" xmlns="" />
          </Parent>
        </Code>
        <Code id="025003" urn="urn:sdmx:org.sdmx.infomodel.codelist.Code=IT1:CL_REFAREA(1.2).025003">
          <Name xml:lang="it" xmlns="http://www.sdmx.org/resources/sdmxml/schemas/v2_1/common">Alleghe</Name>
          <Name xml:lang="en" xmlns="http://www.sdmx.org/resources/sdmxml/schemas/v2_1/common">Alleghe</Name>
          <Parent>
            <Ref id="ITD33" xmlns="" />
          </Parent>
        </Code>
        <Code id="025004" urn="urn:sdmx:org.sdmx.infomodel.codelist.Code=IT1:CL_REFAREA(1.2).025004">
          <Name xml:lang="it" xmlns="http://www.sdmx.org/resources/sdmxml/schemas/v2_1/common">Arsiè</Name>
          <Name xml:lang="en" xmlns="http://www.sdmx.org/resources/sdmxml/schemas/v2_1/common">Arsiè</Name>
          <Parent>
            <Ref id="ITD33" xmlns="" />
          </Parent>
        </Code>
        <Code id="025005" urn="urn:sdmx:org.sdmx.infomodel.codelist.Code=IT1:CL_REFAREA(1.2).025005">
          <Name xml:lang="it" xmlns="http://www.sdmx.org/resources/sdmxml/schemas/v2_1/common">Auronzo di Cadore</Name>
          <Name xml:lang="en" xmlns="http://www.sdmx.org/resources/sdmxml/schemas/v2_1/common">Auronzo di Cadore</Name>
          <Parent>
            <Ref id="ITD33" xmlns="" />
          </Parent>
        </Code>
        <Code id="025006" urn="urn:sdmx:org.sdmx.infomodel.codelist.Code=IT1:CL_REFAREA(1.2).025006">
          <Name xml:lang="it" xmlns="http://www.sdmx.org/resources/sdmxml/schemas/v2_1/common">Belluno</Name>
          <Name xml:lang="en" xmlns="http://www.sdmx.org/resources/sdmxml/schemas/v2_1/common">Belluno</Name>
          <Parent>
            <Ref id="ITD33" xmlns="" />
          </Parent>
        </Code>
        <Code id="025007" urn="urn:sdmx:org.sdmx.infomodel.codelist.Code=IT1:CL_REFAREA(1.2).025007">
          <Name xml:lang="it" xmlns="http://www.sdmx.org/resources/sdmxml/schemas/v2_1/common">Borca di Cadore</Name>
          <Name xml:lang="en" xmlns="http://www.sdmx.org/resources/sdmxml/schemas/v2_1/common">Borca di Cadore</Name>
          <Parent>
            <Ref id="ITD33" xmlns="" />
          </Parent>
        </Code>
        <Code id="025008" urn="urn:sdmx:org.sdmx.infomodel.codelist.Code=IT1:CL_REFAREA(1.2).025008">
          <Name xml:lang="it" xmlns="http://www.sdmx.org/resources/sdmxml/schemas/v2_1/common">Calalzo di Cadore</Name>
          <Name xml:lang="en" xmlns="http://www.sdmx.org/resources/sdmxml/schemas/v2_1/common">Calalzo di Cadore</Name>
          <Parent>
            <Ref id="ITD33" xmlns="" />
          </Parent>
        </Code>
        <Code id="025009" urn="urn:sdmx:org.sdmx.infomodel.codelist.Code=IT1:CL_REFAREA(1.2).025009">
          <Name xml:lang="it" xmlns="http://www.sdmx.org/resources/sdmxml/schemas/v2_1/common">Castellavazzo</Name>
          <Name xml:lang="en" xmlns="http://www.sdmx.org/resources/sdmxml/schemas/v2_1/common">Castellavazzo</Name>
          <Parent>
            <Ref id="ITD33" xmlns="" />
          </Parent>
        </Code>
        <Code id="025010" urn="urn:sdmx:org.sdmx.infomodel.codelist.Code=IT1:CL_REFAREA(1.2).025010">
          <Name xml:lang="it" xmlns="http://www.sdmx.org/resources/sdmxml/schemas/v2_1/common">Cencenighe Agordino</Name>
          <Name xml:lang="en" xmlns="http://www.sdmx.org/resources/sdmxml/schemas/v2_1/common">Cencenighe Agordino</Name>
          <Parent>
            <Ref id="ITD33" xmlns="" />
          </Parent>
        </Code>
        <Code id="025011" urn="urn:sdmx:org.sdmx.infomodel.codelist.Code=IT1:CL_REFAREA(1.2).025011">
          <Name xml:lang="it" xmlns="http://www.sdmx.org/resources/sdmxml/schemas/v2_1/common">Cesiomaggiore</Name>
          <Name xml:lang="en" xmlns="http://www.sdmx.org/resources/sdmxml/schemas/v2_1/common">Cesiomaggiore</Name>
          <Parent>
            <Ref id="ITD33" xmlns="" />
          </Parent>
        </Code>
        <Code id="025012" urn="urn:sdmx:org.sdmx.infomodel.codelist.Code=IT1:CL_REFAREA(1.2).025012">
          <Name xml:lang="it" xmlns="http://www.sdmx.org/resources/sdmxml/schemas/v2_1/common">Chies d'Alpago</Name>
          <Name xml:lang="en" xmlns="http://www.sdmx.org/resources/sdmxml/schemas/v2_1/common">Chies d'Alpago</Name>
          <Parent>
            <Ref id="ITD33" xmlns="" />
          </Parent>
        </Code>
        <Code id="025013" urn="urn:sdmx:org.sdmx.infomodel.codelist.Code=IT1:CL_REFAREA(1.2).025013">
          <Name xml:lang="it" xmlns="http://www.sdmx.org/resources/sdmxml/schemas/v2_1/common">Cibiana di Cadore</Name>
          <Name xml:lang="en" xmlns="http://www.sdmx.org/resources/sdmxml/schemas/v2_1/common">Cibiana di Cadore</Name>
          <Parent>
            <Ref id="ITD33" xmlns="" />
          </Parent>
        </Code>
        <Code id="025014" urn="urn:sdmx:org.sdmx.infomodel.codelist.Code=IT1:CL_REFAREA(1.2).025014">
          <Name xml:lang="it" xmlns="http://www.sdmx.org/resources/sdmxml/schemas/v2_1/common">Colle Santa Lucia</Name>
          <Name xml:lang="en" xmlns="http://www.sdmx.org/resources/sdmxml/schemas/v2_1/common">Colle Santa Lucia</Name>
          <Parent>
            <Ref id="ITD33" xmlns="" />
          </Parent>
        </Code>
        <Code id="025015" urn="urn:sdmx:org.sdmx.infomodel.codelist.Code=IT1:CL_REFAREA(1.2).025015">
          <Name xml:lang="it" xmlns="http://www.sdmx.org/resources/sdmxml/schemas/v2_1/common">Comelico Superiore</Name>
          <Name xml:lang="en" xmlns="http://www.sdmx.org/resources/sdmxml/schemas/v2_1/common">Comelico Superiore</Name>
          <Parent>
            <Ref id="ITD33" xmlns="" />
          </Parent>
        </Code>
        <Code id="025016" urn="urn:sdmx:org.sdmx.infomodel.codelist.Code=IT1:CL_REFAREA(1.2).025016">
          <Name xml:lang="it" xmlns="http://www.sdmx.org/resources/sdmxml/schemas/v2_1/common">Cortina d'Ampezzo</Name>
          <Name xml:lang="en" xmlns="http://www.sdmx.org/resources/sdmxml/schemas/v2_1/common">Cortina d'Ampezzo</Name>
          <Parent>
            <Ref id="ITD33" xmlns="" />
          </Parent>
        </Code>
        <Code id="025017" urn="urn:sdmx:org.sdmx.infomodel.codelist.Code=IT1:CL_REFAREA(1.2).025017">
          <Name xml:lang="it" xmlns="http://www.sdmx.org/resources/sdmxml/schemas/v2_1/common">Danta di Cadore</Name>
          <Name xml:lang="en" xmlns="http://www.sdmx.org/resources/sdmxml/schemas/v2_1/common">Danta di Cadore</Name>
          <Parent>
            <Ref id="ITD33" xmlns="" />
          </Parent>
        </Code>
        <Code id="025018" urn="urn:sdmx:org.sdmx.infomodel.codelist.Code=IT1:CL_REFAREA(1.2).025018">
          <Name xml:lang="it" xmlns="http://www.sdmx.org/resources/sdmxml/schemas/v2_1/common">Domegge di Cadore</Name>
          <Name xml:lang="en" xmlns="http://www.sdmx.org/resources/sdmxml/schemas/v2_1/common">Domegge di Cadore</Name>
          <Parent>
            <Ref id="ITD33" xmlns="" />
          </Parent>
        </Code>
        <Code id="025019" urn="urn:sdmx:org.sdmx.infomodel.codelist.Code=IT1:CL_REFAREA(1.2).025019">
          <Name xml:lang="it" xmlns="http://www.sdmx.org/resources/sdmxml/schemas/v2_1/common">Falcade</Name>
          <Name xml:lang="en" xmlns="http://www.sdmx.org/resources/sdmxml/schemas/v2_1/common">Falcade</Name>
          <Parent>
            <Ref id="ITD33" xmlns="" />
          </Parent>
        </Code>
        <Code id="025020" urn="urn:sdmx:org.sdmx.infomodel.codelist.Code=IT1:CL_REFAREA(1.2).025020">
          <Name xml:lang="it" xmlns="http://www.sdmx.org/resources/sdmxml/schemas/v2_1/common">Farra d'Alpago</Name>
          <Name xml:lang="en" xmlns="http://www.sdmx.org/resources/sdmxml/schemas/v2_1/common">Farra d'Alpago</Name>
          <Parent>
            <Ref id="ITD33" xmlns="" />
          </Parent>
        </Code>
        <Code id="025021" urn="urn:sdmx:org.sdmx.infomodel.codelist.Code=IT1:CL_REFAREA(1.2).025021">
          <Name xml:lang="it" xmlns="http://www.sdmx.org/resources/sdmxml/schemas/v2_1/common">Feltre</Name>
          <Name xml:lang="en" xmlns="http://www.sdmx.org/resources/sdmxml/schemas/v2_1/common">Feltre</Name>
          <Parent>
            <Ref id="ITD33" xmlns="" />
          </Parent>
        </Code>
        <Code id="025022" urn="urn:sdmx:org.sdmx.infomodel.codelist.Code=IT1:CL_REFAREA(1.2).025022">
          <Name xml:lang="it" xmlns="http://www.sdmx.org/resources/sdmxml/schemas/v2_1/common">Fonzaso</Name>
          <Name xml:lang="en" xmlns="http://www.sdmx.org/resources/sdmxml/schemas/v2_1/common">Fonzaso</Name>
          <Parent>
            <Ref id="ITD33" xmlns="" />
          </Parent>
        </Code>
        <Code id="025023" urn="urn:sdmx:org.sdmx.infomodel.codelist.Code=IT1:CL_REFAREA(1.2).025023">
          <Name xml:lang="it" xmlns="http://www.sdmx.org/resources/sdmxml/schemas/v2_1/common">Canale d'Agordo</Name>
          <Name xml:lang="en" xmlns="http://www.sdmx.org/resources/sdmxml/schemas/v2_1/common">Canale d'Agordo</Name>
          <Parent>
            <Ref id="ITD33" xmlns="" />
          </Parent>
        </Code>
        <Code id="025024" urn="urn:sdmx:org.sdmx.infomodel.codelist.Code=IT1:CL_REFAREA(1.2).025024">
          <Name xml:lang="it" xmlns="http://www.sdmx.org/resources/sdmxml/schemas/v2_1/common">Forno di Zoldo</Name>
          <Name xml:lang="en" xmlns="http://www.sdmx.org/resources/sdmxml/schemas/v2_1/common">Forno di Zoldo</Name>
          <Parent>
            <Ref id="ITD33" xmlns="" />
          </Parent>
        </Code>
        <Code id="025025" urn="urn:sdmx:org.sdmx.infomodel.codelist.Code=IT1:CL_REFAREA(1.2).025025">
          <Name xml:lang="it" xmlns="http://www.sdmx.org/resources/sdmxml/schemas/v2_1/common">Gosaldo</Name>
          <Name xml:lang="en" xmlns="http://www.sdmx.org/resources/sdmxml/schemas/v2_1/common">Gosaldo</Name>
          <Parent>
            <Ref id="ITD33" xmlns="" />
          </Parent>
        </Code>
        <Code id="025026" urn="urn:sdmx:org.sdmx.infomodel.codelist.Code=IT1:CL_REFAREA(1.2).025026">
          <Name xml:lang="it" xmlns="http://www.sdmx.org/resources/sdmxml/schemas/v2_1/common">Lamon</Name>
          <Name xml:lang="en" xmlns="http://www.sdmx.org/resources/sdmxml/schemas/v2_1/common">Lamon</Name>
          <Parent>
            <Ref id="ITD33" xmlns="" />
          </Parent>
        </Code>
        <Code id="025027" urn="urn:sdmx:org.sdmx.infomodel.codelist.Code=IT1:CL_REFAREA(1.2).025027">
          <Name xml:lang="it" xmlns="http://www.sdmx.org/resources/sdmxml/schemas/v2_1/common">La Valle Agordina</Name>
          <Name xml:lang="en" xmlns="http://www.sdmx.org/resources/sdmxml/schemas/v2_1/common">La Valle Agordina</Name>
          <Parent>
            <Ref id="ITD33" xmlns="" />
          </Parent>
        </Code>
        <Code id="025028" urn="urn:sdmx:org.sdmx.infomodel.codelist.Code=IT1:CL_REFAREA(1.2).025028">
          <Name xml:lang="it" xmlns="http://www.sdmx.org/resources/sdmxml/schemas/v2_1/common">Lentiai</Name>
          <Name xml:lang="en" xmlns="http://www.sdmx.org/resources/sdmxml/schemas/v2_1/common">Lentiai</Name>
          <Parent>
            <Ref id="ITD33" xmlns="" />
          </Parent>
        </Code>
        <Code id="025029" urn="urn:sdmx:org.sdmx.infomodel.codelist.Code=IT1:CL_REFAREA(1.2).025029">
          <Name xml:lang="it" xmlns="http://www.sdmx.org/resources/sdmxml/schemas/v2_1/common">Limana</Name>
          <Name xml:lang="en" xmlns="http://www.sdmx.org/resources/sdmxml/schemas/v2_1/common">Limana</Name>
          <Parent>
            <Ref id="ITD33" xmlns="" />
          </Parent>
        </Code>
        <Code id="025030" urn="urn:sdmx:org.sdmx.infomodel.codelist.Code=IT1:CL_REFAREA(1.2).025030">
          <Name xml:lang="it" xmlns="http://www.sdmx.org/resources/sdmxml/schemas/v2_1/common">Livinallongo del Col di Lana</Name>
          <Name xml:lang="en" xmlns="http://www.sdmx.org/resources/sdmxml/schemas/v2_1/common">Livinallongo del Col di Lana</Name>
          <Parent>
            <Ref id="ITD33" xmlns="" />
          </Parent>
        </Code>
        <Code id="025031" urn="urn:sdmx:org.sdmx.infomodel.codelist.Code=IT1:CL_REFAREA(1.2).025031">
          <Name xml:lang="it" xmlns="http://www.sdmx.org/resources/sdmxml/schemas/v2_1/common">Longarone</Name>
          <Name xml:lang="en" xmlns="http://www.sdmx.org/resources/sdmxml/schemas/v2_1/common">Longarone</Name>
          <Parent>
            <Ref id="ITD33" xmlns="" />
          </Parent>
        </Code>
        <Code id="025032" urn="urn:sdmx:org.sdmx.infomodel.codelist.Code=IT1:CL_REFAREA(1.2).025032">
          <Name xml:lang="it" xmlns="http://www.sdmx.org/resources/sdmxml/schemas/v2_1/common">Lorenzago di Cadore</Name>
          <Name xml:lang="en" xmlns="http://www.sdmx.org/resources/sdmxml/schemas/v2_1/common">Lorenzago di Cadore</Name>
          <Parent>
            <Ref id="ITD33" xmlns="" />
          </Parent>
        </Code>
        <Code id="025033" urn="urn:sdmx:org.sdmx.infomodel.codelist.Code=IT1:CL_REFAREA(1.2).025033">
          <Name xml:lang="it" xmlns="http://www.sdmx.org/resources/sdmxml/schemas/v2_1/common">Lozzo di Cadore</Name>
          <Name xml:lang="en" xmlns="http://www.sdmx.org/resources/sdmxml/schemas/v2_1/common">Lozzo di Cadore</Name>
          <Parent>
            <Ref id="ITD33" xmlns="" />
          </Parent>
        </Code>
        <Code id="025034" urn="urn:sdmx:org.sdmx.infomodel.codelist.Code=IT1:CL_REFAREA(1.2).025034">
          <Name xml:lang="it" xmlns="http://www.sdmx.org/resources/sdmxml/schemas/v2_1/common">Mel</Name>
          <Name xml:lang="en" xmlns="http://www.sdmx.org/resources/sdmxml/schemas/v2_1/common">Mel</Name>
          <Parent>
            <Ref id="ITD33" xmlns="" />
          </Parent>
        </Code>
        <Code id="025035" urn="urn:sdmx:org.sdmx.infomodel.codelist.Code=IT1:CL_REFAREA(1.2).025035">
          <Name xml:lang="it" xmlns="http://www.sdmx.org/resources/sdmxml/schemas/v2_1/common">Ospitale di Cadore</Name>
          <Name xml:lang="en" xmlns="http://www.sdmx.org/resources/sdmxml/schemas/v2_1/common">Ospitale di Cadore</Name>
          <Parent>
            <Ref id="ITD33" xmlns="" />
          </Parent>
        </Code>
        <Code id="025036" urn="urn:sdmx:org.sdmx.infomodel.codelist.Code=IT1:CL_REFAREA(1.2).025036">
          <Name xml:lang="it" xmlns="http://www.sdmx.org/resources/sdmxml/schemas/v2_1/common">Pedavena</Name>
          <Name xml:lang="en" xmlns="http://www.sdmx.org/resources/sdmxml/schemas/v2_1/common">Pedavena</Name>
          <Parent>
            <Ref id="ITD33" xmlns="" />
          </Parent>
        </Code>
        <Code id="025037" urn="urn:sdmx:org.sdmx.infomodel.codelist.Code=IT1:CL_REFAREA(1.2).025037">
          <Name xml:lang="it" xmlns="http://www.sdmx.org/resources/sdmxml/schemas/v2_1/common">Perarolo di Cadore</Name>
          <Name xml:lang="en" xmlns="http://www.sdmx.org/resources/sdmxml/schemas/v2_1/common">Perarolo di Cadore</Name>
          <Parent>
            <Ref id="ITD33" xmlns="" />
          </Parent>
        </Code>
        <Code id="025038" urn="urn:sdmx:org.sdmx.infomodel.codelist.Code=IT1:CL_REFAREA(1.2).025038">
          <Name xml:lang="it" xmlns="http://www.sdmx.org/resources/sdmxml/schemas/v2_1/common">Pieve d'Alpago</Name>
          <Name xml:lang="en" xmlns="http://www.sdmx.org/resources/sdmxml/schemas/v2_1/common">Pieve d'Alpago</Name>
          <Parent>
            <Ref id="ITD33" xmlns="" />
          </Parent>
        </Code>
        <Code id="025039" urn="urn:sdmx:org.sdmx.infomodel.codelist.Code=IT1:CL_REFAREA(1.2).025039">
          <Name xml:lang="it" xmlns="http://www.sdmx.org/resources/sdmxml/schemas/v2_1/common">Pieve di Cadore</Name>
          <Name xml:lang="en" xmlns="http://www.sdmx.org/resources/sdmxml/schemas/v2_1/common">Pieve di Cadore</Name>
          <Parent>
            <Ref id="ITD33" xmlns="" />
          </Parent>
        </Code>
        <Code id="025040" urn="urn:sdmx:org.sdmx.infomodel.codelist.Code=IT1:CL_REFAREA(1.2).025040">
          <Name xml:lang="it" xmlns="http://www.sdmx.org/resources/sdmxml/schemas/v2_1/common">Ponte nelle Alpi</Name>
          <Name xml:lang="en" xmlns="http://www.sdmx.org/resources/sdmxml/schemas/v2_1/common">Ponte nelle Alpi</Name>
          <Parent>
            <Ref id="ITD33" xmlns="" />
          </Parent>
        </Code>
        <Code id="025041" urn="urn:sdmx:org.sdmx.infomodel.codelist.Code=IT1:CL_REFAREA(1.2).025041">
          <Name xml:lang="it" xmlns="http://www.sdmx.org/resources/sdmxml/schemas/v2_1/common">Puos d'Alpago</Name>
          <Name xml:lang="en" xmlns="http://www.sdmx.org/resources/sdmxml/schemas/v2_1/common">Puos d'Alpago</Name>
          <Parent>
            <Ref id="ITD33" xmlns="" />
          </Parent>
        </Code>
        <Code id="025042" urn="urn:sdmx:org.sdmx.infomodel.codelist.Code=IT1:CL_REFAREA(1.2).025042">
          <Name xml:lang="it" xmlns="http://www.sdmx.org/resources/sdmxml/schemas/v2_1/common">Quero</Name>
          <Name xml:lang="en" xmlns="http://www.sdmx.org/resources/sdmxml/schemas/v2_1/common">Quero</Name>
          <Parent>
            <Ref id="ITD33" xmlns="" />
          </Parent>
        </Code>
        <Code id="025043" urn="urn:sdmx:org.sdmx.infomodel.codelist.Code=IT1:CL_REFAREA(1.2).025043">
          <Name xml:lang="it" xmlns="http://www.sdmx.org/resources/sdmxml/schemas/v2_1/common">Rivamonte Agordino</Name>
          <Name xml:lang="en" xmlns="http://www.sdmx.org/resources/sdmxml/schemas/v2_1/common">Rivamonte Agordino</Name>
          <Parent>
            <Ref id="ITD33" xmlns="" />
          </Parent>
        </Code>
        <Code id="025044" urn="urn:sdmx:org.sdmx.infomodel.codelist.Code=IT1:CL_REFAREA(1.2).025044">
          <Name xml:lang="it" xmlns="http://www.sdmx.org/resources/sdmxml/schemas/v2_1/common">Rocca Pietore</Name>
          <Name xml:lang="en" xmlns="http://www.sdmx.org/resources/sdmxml/schemas/v2_1/common">Rocca Pietore</Name>
          <Parent>
            <Ref id="ITD33" xmlns="" />
          </Parent>
        </Code>
        <Code id="025045" urn="urn:sdmx:org.sdmx.infomodel.codelist.Code=IT1:CL_REFAREA(1.2).025045">
          <Name xml:lang="it" xmlns="http://www.sdmx.org/resources/sdmxml/schemas/v2_1/common">San Gregorio nelle Alpi</Name>
          <Name xml:lang="en" xmlns="http://www.sdmx.org/resources/sdmxml/schemas/v2_1/common">San Gregorio nelle Alpi</Name>
          <Parent>
            <Ref id="ITD33" xmlns="" />
          </Parent>
        </Code>
        <Code id="025046" urn="urn:sdmx:org.sdmx.infomodel.codelist.Code=IT1:CL_REFAREA(1.2).025046">
          <Name xml:lang="it" xmlns="http://www.sdmx.org/resources/sdmxml/schemas/v2_1/common">San Nicolò di Comelico</Name>
          <Name xml:lang="en" xmlns="http://www.sdmx.org/resources/sdmxml/schemas/v2_1/common">San Nicolò di Comelico</Name>
          <Parent>
            <Ref id="ITD33" xmlns="" />
          </Parent>
        </Code>
        <Code id="025047" urn="urn:sdmx:org.sdmx.infomodel.codelist.Code=IT1:CL_REFAREA(1.2).025047">
          <Name xml:lang="it" xmlns="http://www.sdmx.org/resources/sdmxml/schemas/v2_1/common">San Pietro di Cadore</Name>
          <Name xml:lang="en" xmlns="http://www.sdmx.org/resources/sdmxml/schemas/v2_1/common">San Pietro di Cadore</Name>
          <Parent>
            <Ref id="ITD33" xmlns="" />
          </Parent>
        </Code>
        <Code id="025048" urn="urn:sdmx:org.sdmx.infomodel.codelist.Code=IT1:CL_REFAREA(1.2).025048">
          <Name xml:lang="it" xmlns="http://www.sdmx.org/resources/sdmxml/schemas/v2_1/common">Santa Giustina</Name>
          <Name xml:lang="en" xmlns="http://www.sdmx.org/resources/sdmxml/schemas/v2_1/common">Santa Giustina</Name>
          <Parent>
            <Ref id="ITD33" xmlns="" />
          </Parent>
        </Code>
        <Code id="025049" urn="urn:sdmx:org.sdmx.infomodel.codelist.Code=IT1:CL_REFAREA(1.2).025049">
          <Name xml:lang="it" xmlns="http://www.sdmx.org/resources/sdmxml/schemas/v2_1/common">San Tomaso Agordino</Name>
          <Name xml:lang="en" xmlns="http://www.sdmx.org/resources/sdmxml/schemas/v2_1/common">San Tomaso Agordino</Name>
          <Parent>
            <Ref id="ITD33" xmlns="" />
          </Parent>
        </Code>
        <Code id="025050" urn="urn:sdmx:org.sdmx.infomodel.codelist.Code=IT1:CL_REFAREA(1.2).025050">
          <Name xml:lang="it" xmlns="http://www.sdmx.org/resources/sdmxml/schemas/v2_1/common">Santo Stefano di Cadore</Name>
          <Name xml:lang="en" xmlns="http://www.sdmx.org/resources/sdmxml/schemas/v2_1/common">Santo Stefano di Cadore</Name>
          <Parent>
            <Ref id="ITD33" xmlns="" />
          </Parent>
        </Code>
        <Code id="025051" urn="urn:sdmx:org.sdmx.infomodel.codelist.Code=IT1:CL_REFAREA(1.2).025051">
          <Name xml:lang="it" xmlns="http://www.sdmx.org/resources/sdmxml/schemas/v2_1/common">San Vito di Cadore</Name>
          <Name xml:lang="en" xmlns="http://www.sdmx.org/resources/sdmxml/schemas/v2_1/common">San Vito di Cadore</Name>
          <Parent>
            <Ref id="ITD33" xmlns="" />
          </Parent>
        </Code>
        <Code id="025052" urn="urn:sdmx:org.sdmx.infomodel.codelist.Code=IT1:CL_REFAREA(1.2).025052">
          <Name xml:lang="it" xmlns="http://www.sdmx.org/resources/sdmxml/schemas/v2_1/common">Sappada</Name>
          <Name xml:lang="en" xmlns="http://www.sdmx.org/resources/sdmxml/schemas/v2_1/common">Sappada</Name>
          <Parent>
            <Ref id="ITD33" xmlns="" />
          </Parent>
        </Code>
        <Code id="025053" urn="urn:sdmx:org.sdmx.infomodel.codelist.Code=IT1:CL_REFAREA(1.2).025053">
          <Name xml:lang="it" xmlns="http://www.sdmx.org/resources/sdmxml/schemas/v2_1/common">Sedico</Name>
          <Name xml:lang="en" xmlns="http://www.sdmx.org/resources/sdmxml/schemas/v2_1/common">Sedico</Name>
          <Parent>
            <Ref id="ITD33" xmlns="" />
          </Parent>
        </Code>
        <Code id="025054" urn="urn:sdmx:org.sdmx.infomodel.codelist.Code=IT1:CL_REFAREA(1.2).025054">
          <Name xml:lang="it" xmlns="http://www.sdmx.org/resources/sdmxml/schemas/v2_1/common">Selva di Cadore</Name>
          <Name xml:lang="en" xmlns="http://www.sdmx.org/resources/sdmxml/schemas/v2_1/common">Selva di Cadore</Name>
          <Parent>
            <Ref id="ITD33" xmlns="" />
          </Parent>
        </Code>
        <Code id="025055" urn="urn:sdmx:org.sdmx.infomodel.codelist.Code=IT1:CL_REFAREA(1.2).025055">
          <Name xml:lang="it" xmlns="http://www.sdmx.org/resources/sdmxml/schemas/v2_1/common">Seren del Grappa</Name>
          <Name xml:lang="en" xmlns="http://www.sdmx.org/resources/sdmxml/schemas/v2_1/common">Seren del Grappa</Name>
          <Parent>
            <Ref id="ITD33" xmlns="" />
          </Parent>
        </Code>
        <Code id="025056" urn="urn:sdmx:org.sdmx.infomodel.codelist.Code=IT1:CL_REFAREA(1.2).025056">
          <Name xml:lang="it" xmlns="http://www.sdmx.org/resources/sdmxml/schemas/v2_1/common">Sospirolo</Name>
          <Name xml:lang="en" xmlns="http://www.sdmx.org/resources/sdmxml/schemas/v2_1/common">Sospirolo</Name>
          <Parent>
            <Ref id="ITD33" xmlns="" />
          </Parent>
        </Code>
        <Code id="025057" urn="urn:sdmx:org.sdmx.infomodel.codelist.Code=IT1:CL_REFAREA(1.2).025057">
          <Name xml:lang="it" xmlns="http://www.sdmx.org/resources/sdmxml/schemas/v2_1/common">Soverzene</Name>
          <Name xml:lang="en" xmlns="http://www.sdmx.org/resources/sdmxml/schemas/v2_1/common">Soverzene</Name>
          <Parent>
            <Ref id="ITD33" xmlns="" />
          </Parent>
        </Code>
        <Code id="025058" urn="urn:sdmx:org.sdmx.infomodel.codelist.Code=IT1:CL_REFAREA(1.2).025058">
          <Name xml:lang="it" xmlns="http://www.sdmx.org/resources/sdmxml/schemas/v2_1/common">Sovramonte</Name>
          <Name xml:lang="en" xmlns="http://www.sdmx.org/resources/sdmxml/schemas/v2_1/common">Sovramonte</Name>
          <Parent>
            <Ref id="ITD33" xmlns="" />
          </Parent>
        </Code>
        <Code id="025059" urn="urn:sdmx:org.sdmx.infomodel.codelist.Code=IT1:CL_REFAREA(1.2).025059">
          <Name xml:lang="it" xmlns="http://www.sdmx.org/resources/sdmxml/schemas/v2_1/common">Taibon Agordino</Name>
          <Name xml:lang="en" xmlns="http://www.sdmx.org/resources/sdmxml/schemas/v2_1/common">Taibon Agordino</Name>
          <Parent>
            <Ref id="ITD33" xmlns="" />
          </Parent>
        </Code>
        <Code id="025060" urn="urn:sdmx:org.sdmx.infomodel.codelist.Code=IT1:CL_REFAREA(1.2).025060">
          <Name xml:lang="it" xmlns="http://www.sdmx.org/resources/sdmxml/schemas/v2_1/common">Tambre</Name>
          <Name xml:lang="en" xmlns="http://www.sdmx.org/resources/sdmxml/schemas/v2_1/common">Tambre</Name>
          <Parent>
            <Ref id="ITD33" xmlns="" />
          </Parent>
        </Code>
        <Code id="025061" urn="urn:sdmx:org.sdmx.infomodel.codelist.Code=IT1:CL_REFAREA(1.2).025061">
          <Name xml:lang="it" xmlns="http://www.sdmx.org/resources/sdmxml/schemas/v2_1/common">Trichiana</Name>
          <Name xml:lang="en" xmlns="http://www.sdmx.org/resources/sdmxml/schemas/v2_1/common">Trichiana</Name>
          <Parent>
            <Ref id="ITD33" xmlns="" />
          </Parent>
        </Code>
        <Code id="025062" urn="urn:sdmx:org.sdmx.infomodel.codelist.Code=IT1:CL_REFAREA(1.2).025062">
          <Name xml:lang="it" xmlns="http://www.sdmx.org/resources/sdmxml/schemas/v2_1/common">Vallada Agordina</Name>
          <Name xml:lang="en" xmlns="http://www.sdmx.org/resources/sdmxml/schemas/v2_1/common">Vallada Agordina</Name>
          <Parent>
            <Ref id="ITD33" xmlns="" />
          </Parent>
        </Code>
        <Code id="025063" urn="urn:sdmx:org.sdmx.infomodel.codelist.Code=IT1:CL_REFAREA(1.2).025063">
          <Name xml:lang="it" xmlns="http://www.sdmx.org/resources/sdmxml/schemas/v2_1/common">Valle di Cadore</Name>
          <Name xml:lang="en" xmlns="http://www.sdmx.org/resources/sdmxml/schemas/v2_1/common">Valle di Cadore</Name>
          <Parent>
            <Ref id="ITD33" xmlns="" />
          </Parent>
        </Code>
        <Code id="025064" urn="urn:sdmx:org.sdmx.infomodel.codelist.Code=IT1:CL_REFAREA(1.2).025064">
          <Name xml:lang="it" xmlns="http://www.sdmx.org/resources/sdmxml/schemas/v2_1/common">Vas</Name>
          <Name xml:lang="en" xmlns="http://www.sdmx.org/resources/sdmxml/schemas/v2_1/common">Vas</Name>
          <Parent>
            <Ref id="ITD33" xmlns="" />
          </Parent>
        </Code>
        <Code id="025065" urn="urn:sdmx:org.sdmx.infomodel.codelist.Code=IT1:CL_REFAREA(1.2).025065">
          <Name xml:lang="it" xmlns="http://www.sdmx.org/resources/sdmxml/schemas/v2_1/common">Vigo di Cadore</Name>
          <Name xml:lang="en" xmlns="http://www.sdmx.org/resources/sdmxml/schemas/v2_1/common">Vigo di Cadore</Name>
          <Parent>
            <Ref id="ITD33" xmlns="" />
          </Parent>
        </Code>
        <Code id="025066" urn="urn:sdmx:org.sdmx.infomodel.codelist.Code=IT1:CL_REFAREA(1.2).025066">
          <Name xml:lang="it" xmlns="http://www.sdmx.org/resources/sdmxml/schemas/v2_1/common">Vodo Cadore</Name>
          <Name xml:lang="en" xmlns="http://www.sdmx.org/resources/sdmxml/schemas/v2_1/common">Vodo Cadore</Name>
          <Parent>
            <Ref id="ITD33" xmlns="" />
          </Parent>
        </Code>
        <Code id="025067" urn="urn:sdmx:org.sdmx.infomodel.codelist.Code=IT1:CL_REFAREA(1.2).025067">
          <Name xml:lang="it" xmlns="http://www.sdmx.org/resources/sdmxml/schemas/v2_1/common">Voltago Agordino</Name>
          <Name xml:lang="en" xmlns="http://www.sdmx.org/resources/sdmxml/schemas/v2_1/common">Voltago Agordino</Name>
          <Parent>
            <Ref id="ITD33" xmlns="" />
          </Parent>
        </Code>
        <Code id="025068" urn="urn:sdmx:org.sdmx.infomodel.codelist.Code=IT1:CL_REFAREA(1.2).025068">
          <Name xml:lang="it" xmlns="http://www.sdmx.org/resources/sdmxml/schemas/v2_1/common">Zoldo Alto</Name>
          <Name xml:lang="en" xmlns="http://www.sdmx.org/resources/sdmxml/schemas/v2_1/common">Zoldo Alto</Name>
          <Parent>
            <Ref id="ITD33" xmlns="" />
          </Parent>
        </Code>
        <Code id="025069" urn="urn:sdmx:org.sdmx.infomodel.codelist.Code=IT1:CL_REFAREA(1.2).025069">
          <Name xml:lang="it" xmlns="http://www.sdmx.org/resources/sdmxml/schemas/v2_1/common">Zoppè di Cadore</Name>
          <Name xml:lang="en" xmlns="http://www.sdmx.org/resources/sdmxml/schemas/v2_1/common">Zoppè di Cadore</Name>
          <Parent>
            <Ref id="ITD33" xmlns="" />
          </Parent>
        </Code>
        <Code id="026001" urn="urn:sdmx:org.sdmx.infomodel.codelist.Code=IT1:CL_REFAREA(1.2).026001">
          <Name xml:lang="it" xmlns="http://www.sdmx.org/resources/sdmxml/schemas/v2_1/common">Altivole</Name>
          <Name xml:lang="en" xmlns="http://www.sdmx.org/resources/sdmxml/schemas/v2_1/common">Altivole</Name>
          <Parent>
            <Ref id="ITD34" xmlns="" />
          </Parent>
        </Code>
        <Code id="026002" urn="urn:sdmx:org.sdmx.infomodel.codelist.Code=IT1:CL_REFAREA(1.2).026002">
          <Name xml:lang="it" xmlns="http://www.sdmx.org/resources/sdmxml/schemas/v2_1/common">Arcade</Name>
          <Name xml:lang="en" xmlns="http://www.sdmx.org/resources/sdmxml/schemas/v2_1/common">Arcade</Name>
          <Parent>
            <Ref id="ITD34" xmlns="" />
          </Parent>
        </Code>
        <Code id="026003" urn="urn:sdmx:org.sdmx.infomodel.codelist.Code=IT1:CL_REFAREA(1.2).026003">
          <Name xml:lang="it" xmlns="http://www.sdmx.org/resources/sdmxml/schemas/v2_1/common">Asolo</Name>
          <Name xml:lang="en" xmlns="http://www.sdmx.org/resources/sdmxml/schemas/v2_1/common">Asolo</Name>
          <Parent>
            <Ref id="ITD34" xmlns="" />
          </Parent>
        </Code>
        <Code id="026004" urn="urn:sdmx:org.sdmx.infomodel.codelist.Code=IT1:CL_REFAREA(1.2).026004">
          <Name xml:lang="it" xmlns="http://www.sdmx.org/resources/sdmxml/schemas/v2_1/common">Borso del Grappa</Name>
          <Name xml:lang="en" xmlns="http://www.sdmx.org/resources/sdmxml/schemas/v2_1/common">Borso del Grappa</Name>
          <Parent>
            <Ref id="ITD34" xmlns="" />
          </Parent>
        </Code>
        <Code id="026005" urn="urn:sdmx:org.sdmx.infomodel.codelist.Code=IT1:CL_REFAREA(1.2).026005">
          <Name xml:lang="it" xmlns="http://www.sdmx.org/resources/sdmxml/schemas/v2_1/common">Breda di Piave</Name>
          <Name xml:lang="en" xmlns="http://www.sdmx.org/resources/sdmxml/schemas/v2_1/common">Breda di Piave</Name>
          <Parent>
            <Ref id="ITD34" xmlns="" />
          </Parent>
        </Code>
        <Code id="026006" urn="urn:sdmx:org.sdmx.infomodel.codelist.Code=IT1:CL_REFAREA(1.2).026006">
          <Name xml:lang="it" xmlns="http://www.sdmx.org/resources/sdmxml/schemas/v2_1/common">Caerano di San Marco</Name>
          <Name xml:lang="en" xmlns="http://www.sdmx.org/resources/sdmxml/schemas/v2_1/common">Caerano di San Marco</Name>
          <Parent>
            <Ref id="ITD34" xmlns="" />
          </Parent>
        </Code>
        <Code id="026007" urn="urn:sdmx:org.sdmx.infomodel.codelist.Code=IT1:CL_REFAREA(1.2).026007">
          <Name xml:lang="it" xmlns="http://www.sdmx.org/resources/sdmxml/schemas/v2_1/common">Cappella Maggiore</Name>
          <Name xml:lang="en" xmlns="http://www.sdmx.org/resources/sdmxml/schemas/v2_1/common">Cappella Maggiore</Name>
          <Parent>
            <Ref id="ITD34" xmlns="" />
          </Parent>
        </Code>
        <Code id="026008" urn="urn:sdmx:org.sdmx.infomodel.codelist.Code=IT1:CL_REFAREA(1.2).026008">
          <Name xml:lang="it" xmlns="http://www.sdmx.org/resources/sdmxml/schemas/v2_1/common">Carbonera</Name>
          <Name xml:lang="en" xmlns="http://www.sdmx.org/resources/sdmxml/schemas/v2_1/common">Carbonera</Name>
          <Parent>
            <Ref id="ITD34" xmlns="" />
          </Parent>
        </Code>
        <Code id="026009" urn="urn:sdmx:org.sdmx.infomodel.codelist.Code=IT1:CL_REFAREA(1.2).026009">
          <Name xml:lang="it" xmlns="http://www.sdmx.org/resources/sdmxml/schemas/v2_1/common">Casale sul Sile</Name>
          <Name xml:lang="en" xmlns="http://www.sdmx.org/resources/sdmxml/schemas/v2_1/common">Casale sul Sile</Name>
          <Parent>
            <Ref id="ITD34" xmlns="" />
          </Parent>
        </Code>
        <Code id="026010" urn="urn:sdmx:org.sdmx.infomodel.codelist.Code=IT1:CL_REFAREA(1.2).026010">
          <Name xml:lang="it" xmlns="http://www.sdmx.org/resources/sdmxml/schemas/v2_1/common">Casier</Name>
          <Name xml:lang="en" xmlns="http://www.sdmx.org/resources/sdmxml/schemas/v2_1/common">Casier</Name>
          <Parent>
            <Ref id="ITD34" xmlns="" />
          </Parent>
        </Code>
        <Code id="026011" urn="urn:sdmx:org.sdmx.infomodel.codelist.Code=IT1:CL_REFAREA(1.2).026011">
          <Name xml:lang="it" xmlns="http://www.sdmx.org/resources/sdmxml/schemas/v2_1/common">Castelcucco</Name>
          <Name xml:lang="en" xmlns="http://www.sdmx.org/resources/sdmxml/schemas/v2_1/common">Castelcucco</Name>
          <Parent>
            <Ref id="ITD34" xmlns="" />
          </Parent>
        </Code>
        <Code id="026012" urn="urn:sdmx:org.sdmx.infomodel.codelist.Code=IT1:CL_REFAREA(1.2).026012">
          <Name xml:lang="it" xmlns="http://www.sdmx.org/resources/sdmxml/schemas/v2_1/common">Castelfranco Veneto</Name>
          <Name xml:lang="en" xmlns="http://www.sdmx.org/resources/sdmxml/schemas/v2_1/common">Castelfranco Veneto</Name>
          <Parent>
            <Ref id="ITD34" xmlns="" />
          </Parent>
        </Code>
        <Code id="026013" urn="urn:sdmx:org.sdmx.infomodel.codelist.Code=IT1:CL_REFAREA(1.2).026013">
          <Name xml:lang="it" xmlns="http://www.sdmx.org/resources/sdmxml/schemas/v2_1/common">Castello di Godego</Name>
          <Name xml:lang="en" xmlns="http://www.sdmx.org/resources/sdmxml/schemas/v2_1/common">Castello di Godego</Name>
          <Parent>
            <Ref id="ITD34" xmlns="" />
          </Parent>
        </Code>
        <Code id="026014" urn="urn:sdmx:org.sdmx.infomodel.codelist.Code=IT1:CL_REFAREA(1.2).026014">
          <Name xml:lang="it" xmlns="http://www.sdmx.org/resources/sdmxml/schemas/v2_1/common">Cavaso del Tomba</Name>
          <Name xml:lang="en" xmlns="http://www.sdmx.org/resources/sdmxml/schemas/v2_1/common">Cavaso del Tomba</Name>
          <Parent>
            <Ref id="ITD34" xmlns="" />
          </Parent>
        </Code>
        <Code id="026015" urn="urn:sdmx:org.sdmx.infomodel.codelist.Code=IT1:CL_REFAREA(1.2).026015">
          <Name xml:lang="it" xmlns="http://www.sdmx.org/resources/sdmxml/schemas/v2_1/common">Cessalto</Name>
          <Name xml:lang="en" xmlns="http://www.sdmx.org/resources/sdmxml/schemas/v2_1/common">Cessalto</Name>
          <Parent>
            <Ref id="ITD34" xmlns="" />
          </Parent>
        </Code>
        <Code id="026016" urn="urn:sdmx:org.sdmx.infomodel.codelist.Code=IT1:CL_REFAREA(1.2).026016">
          <Name xml:lang="it" xmlns="http://www.sdmx.org/resources/sdmxml/schemas/v2_1/common">Chiarano</Name>
          <Name xml:lang="en" xmlns="http://www.sdmx.org/resources/sdmxml/schemas/v2_1/common">Chiarano</Name>
          <Parent>
            <Ref id="ITD34" xmlns="" />
          </Parent>
        </Code>
        <Code id="026017" urn="urn:sdmx:org.sdmx.infomodel.codelist.Code=IT1:CL_REFAREA(1.2).026017">
          <Name xml:lang="it" xmlns="http://www.sdmx.org/resources/sdmxml/schemas/v2_1/common">Cimadolmo</Name>
          <Name xml:lang="en" xmlns="http://www.sdmx.org/resources/sdmxml/schemas/v2_1/common">Cimadolmo</Name>
          <Parent>
            <Ref id="ITD34" xmlns="" />
          </Parent>
        </Code>
        <Code id="026018" urn="urn:sdmx:org.sdmx.infomodel.codelist.Code=IT1:CL_REFAREA(1.2).026018">
          <Name xml:lang="it" xmlns="http://www.sdmx.org/resources/sdmxml/schemas/v2_1/common">Cison di Valmarino</Name>
          <Name xml:lang="en" xmlns="http://www.sdmx.org/resources/sdmxml/schemas/v2_1/common">Cison di Valmarino</Name>
          <Parent>
            <Ref id="ITD34" xmlns="" />
          </Parent>
        </Code>
        <Code id="026019" urn="urn:sdmx:org.sdmx.infomodel.codelist.Code=IT1:CL_REFAREA(1.2).026019">
          <Name xml:lang="it" xmlns="http://www.sdmx.org/resources/sdmxml/schemas/v2_1/common">Codognè</Name>
          <Name xml:lang="en" xmlns="http://www.sdmx.org/resources/sdmxml/schemas/v2_1/common">Codognè</Name>
          <Parent>
            <Ref id="ITD34" xmlns="" />
          </Parent>
        </Code>
        <Code id="026020" urn="urn:sdmx:org.sdmx.infomodel.codelist.Code=IT1:CL_REFAREA(1.2).026020">
          <Name xml:lang="it" xmlns="http://www.sdmx.org/resources/sdmxml/schemas/v2_1/common">Colle Umberto</Name>
          <Name xml:lang="en" xmlns="http://www.sdmx.org/resources/sdmxml/schemas/v2_1/common">Colle Umberto</Name>
          <Parent>
            <Ref id="ITD34" xmlns="" />
          </Parent>
        </Code>
        <Code id="026021" urn="urn:sdmx:org.sdmx.infomodel.codelist.Code=IT1:CL_REFAREA(1.2).026021">
          <Name xml:lang="it" xmlns="http://www.sdmx.org/resources/sdmxml/schemas/v2_1/common">Conegliano</Name>
          <Name xml:lang="en" xmlns="http://www.sdmx.org/resources/sdmxml/schemas/v2_1/common">Conegliano</Name>
          <Parent>
            <Ref id="ITD34" xmlns="" />
          </Parent>
        </Code>
        <Code id="026022" urn="urn:sdmx:org.sdmx.infomodel.codelist.Code=IT1:CL_REFAREA(1.2).026022">
          <Name xml:lang="it" xmlns="http://www.sdmx.org/resources/sdmxml/schemas/v2_1/common">Cordignano</Name>
          <Name xml:lang="en" xmlns="http://www.sdmx.org/resources/sdmxml/schemas/v2_1/common">Cordignano</Name>
          <Parent>
            <Ref id="ITD34" xmlns="" />
          </Parent>
        </Code>
        <Code id="026023" urn="urn:sdmx:org.sdmx.infomodel.codelist.Code=IT1:CL_REFAREA(1.2).026023">
          <Name xml:lang="it" xmlns="http://www.sdmx.org/resources/sdmxml/schemas/v2_1/common">Cornuda</Name>
          <Name xml:lang="en" xmlns="http://www.sdmx.org/resources/sdmxml/schemas/v2_1/common">Cornuda</Name>
          <Parent>
            <Ref id="ITD34" xmlns="" />
          </Parent>
        </Code>
        <Code id="026024" urn="urn:sdmx:org.sdmx.infomodel.codelist.Code=IT1:CL_REFAREA(1.2).026024">
          <Name xml:lang="it" xmlns="http://www.sdmx.org/resources/sdmxml/schemas/v2_1/common">Crespano del Grappa</Name>
          <Name xml:lang="en" xmlns="http://www.sdmx.org/resources/sdmxml/schemas/v2_1/common">Crespano del Grappa</Name>
          <Parent>
            <Ref id="ITD34" xmlns="" />
          </Parent>
        </Code>
        <Code id="026025" urn="urn:sdmx:org.sdmx.infomodel.codelist.Code=IT1:CL_REFAREA(1.2).026025">
          <Name xml:lang="it" xmlns="http://www.sdmx.org/resources/sdmxml/schemas/v2_1/common">Crocetta del Montello</Name>
          <Name xml:lang="en" xmlns="http://www.sdmx.org/resources/sdmxml/schemas/v2_1/common">Crocetta del Montello</Name>
          <Parent>
            <Ref id="ITD34" xmlns="" />
          </Parent>
        </Code>
        <Code id="026026" urn="urn:sdmx:org.sdmx.infomodel.codelist.Code=IT1:CL_REFAREA(1.2).026026">
          <Name xml:lang="it" xmlns="http://www.sdmx.org/resources/sdmxml/schemas/v2_1/common">Farra di Soligo</Name>
          <Name xml:lang="en" xmlns="http://www.sdmx.org/resources/sdmxml/schemas/v2_1/common">Farra di Soligo</Name>
          <Parent>
            <Ref id="ITD34" xmlns="" />
          </Parent>
        </Code>
        <Code id="026027" urn="urn:sdmx:org.sdmx.infomodel.codelist.Code=IT1:CL_REFAREA(1.2).026027">
          <Name xml:lang="it" xmlns="http://www.sdmx.org/resources/sdmxml/schemas/v2_1/common">Follina</Name>
          <Name xml:lang="en" xmlns="http://www.sdmx.org/resources/sdmxml/schemas/v2_1/common">Follina</Name>
          <Parent>
            <Ref id="ITD34" xmlns="" />
          </Parent>
        </Code>
        <Code id="026028" urn="urn:sdmx:org.sdmx.infomodel.codelist.Code=IT1:CL_REFAREA(1.2).026028">
          <Name xml:lang="it" xmlns="http://www.sdmx.org/resources/sdmxml/schemas/v2_1/common">Fontanelle</Name>
          <Name xml:lang="en" xmlns="http://www.sdmx.org/resources/sdmxml/schemas/v2_1/common">Fontanelle</Name>
          <Parent>
            <Ref id="ITD34" xmlns="" />
          </Parent>
        </Code>
        <Code id="026029" urn="urn:sdmx:org.sdmx.infomodel.codelist.Code=IT1:CL_REFAREA(1.2).026029">
          <Name xml:lang="it" xmlns="http://www.sdmx.org/resources/sdmxml/schemas/v2_1/common">Fonte</Name>
          <Name xml:lang="en" xmlns="http://www.sdmx.org/resources/sdmxml/schemas/v2_1/common">Fonte</Name>
          <Parent>
            <Ref id="ITD34" xmlns="" />
          </Parent>
        </Code>
        <Code id="026030" urn="urn:sdmx:org.sdmx.infomodel.codelist.Code=IT1:CL_REFAREA(1.2).026030">
          <Name xml:lang="it" xmlns="http://www.sdmx.org/resources/sdmxml/schemas/v2_1/common">Fregona</Name>
          <Name xml:lang="en" xmlns="http://www.sdmx.org/resources/sdmxml/schemas/v2_1/common">Fregona</Name>
          <Parent>
            <Ref id="ITD34" xmlns="" />
          </Parent>
        </Code>
        <Code id="026031" urn="urn:sdmx:org.sdmx.infomodel.codelist.Code=IT1:CL_REFAREA(1.2).026031">
          <Name xml:lang="it" xmlns="http://www.sdmx.org/resources/sdmxml/schemas/v2_1/common">Gaiarine</Name>
          <Name xml:lang="en" xmlns="http://www.sdmx.org/resources/sdmxml/schemas/v2_1/common">Gaiarine</Name>
          <Parent>
            <Ref id="ITD34" xmlns="" />
          </Parent>
        </Code>
        <Code id="026032" urn="urn:sdmx:org.sdmx.infomodel.codelist.Code=IT1:CL_REFAREA(1.2).026032">
          <Name xml:lang="it" xmlns="http://www.sdmx.org/resources/sdmxml/schemas/v2_1/common">Giavera del Montello</Name>
          <Name xml:lang="en" xmlns="http://www.sdmx.org/resources/sdmxml/schemas/v2_1/common">Giavera del Montello</Name>
          <Parent>
            <Ref id="ITD34" xmlns="" />
          </Parent>
        </Code>
        <Code id="026033" urn="urn:sdmx:org.sdmx.infomodel.codelist.Code=IT1:CL_REFAREA(1.2).026033">
          <Name xml:lang="it" xmlns="http://www.sdmx.org/resources/sdmxml/schemas/v2_1/common">Godega di Sant'Urbano</Name>
          <Name xml:lang="en" xmlns="http://www.sdmx.org/resources/sdmxml/schemas/v2_1/common">Godega di Sant'Urbano</Name>
          <Parent>
            <Ref id="ITD34" xmlns="" />
          </Parent>
        </Code>
        <Code id="026034" urn="urn:sdmx:org.sdmx.infomodel.codelist.Code=IT1:CL_REFAREA(1.2).026034">
          <Name xml:lang="it" xmlns="http://www.sdmx.org/resources/sdmxml/schemas/v2_1/common">Gorgo al Monticano</Name>
          <Name xml:lang="en" xmlns="http://www.sdmx.org/resources/sdmxml/schemas/v2_1/common">Gorgo al Monticano</Name>
          <Parent>
            <Ref id="ITD34" xmlns="" />
          </Parent>
        </Code>
        <Code id="026035" urn="urn:sdmx:org.sdmx.infomodel.codelist.Code=IT1:CL_REFAREA(1.2).026035">
          <Name xml:lang="it" xmlns="http://www.sdmx.org/resources/sdmxml/schemas/v2_1/common">Istrana</Name>
          <Name xml:lang="en" xmlns="http://www.sdmx.org/resources/sdmxml/schemas/v2_1/common">Istrana</Name>
          <Parent>
            <Ref id="ITD34" xmlns="" />
          </Parent>
        </Code>
        <Code id="026036" urn="urn:sdmx:org.sdmx.infomodel.codelist.Code=IT1:CL_REFAREA(1.2).026036">
          <Name xml:lang="it" xmlns="http://www.sdmx.org/resources/sdmxml/schemas/v2_1/common">Loria</Name>
          <Name xml:lang="en" xmlns="http://www.sdmx.org/resources/sdmxml/schemas/v2_1/common">Loria</Name>
          <Parent>
            <Ref id="ITD34" xmlns="" />
          </Parent>
        </Code>
        <Code id="026037" urn="urn:sdmx:org.sdmx.infomodel.codelist.Code=IT1:CL_REFAREA(1.2).026037">
          <Name xml:lang="it" xmlns="http://www.sdmx.org/resources/sdmxml/schemas/v2_1/common">Mansuè</Name>
          <Name xml:lang="en" xmlns="http://www.sdmx.org/resources/sdmxml/schemas/v2_1/common">Mansuè</Name>
          <Parent>
            <Ref id="ITD34" xmlns="" />
          </Parent>
        </Code>
        <Code id="026038" urn="urn:sdmx:org.sdmx.infomodel.codelist.Code=IT1:CL_REFAREA(1.2).026038">
          <Name xml:lang="it" xmlns="http://www.sdmx.org/resources/sdmxml/schemas/v2_1/common">Mareno di Piave</Name>
          <Name xml:lang="en" xmlns="http://www.sdmx.org/resources/sdmxml/schemas/v2_1/common">Mareno di Piave</Name>
          <Parent>
            <Ref id="ITD34" xmlns="" />
          </Parent>
        </Code>
        <Code id="026039" urn="urn:sdmx:org.sdmx.infomodel.codelist.Code=IT1:CL_REFAREA(1.2).026039">
          <Name xml:lang="it" xmlns="http://www.sdmx.org/resources/sdmxml/schemas/v2_1/common">Maser</Name>
          <Name xml:lang="en" xmlns="http://www.sdmx.org/resources/sdmxml/schemas/v2_1/common">Maser</Name>
          <Parent>
            <Ref id="ITD34" xmlns="" />
          </Parent>
        </Code>
        <Code id="026040" urn="urn:sdmx:org.sdmx.infomodel.codelist.Code=IT1:CL_REFAREA(1.2).026040">
          <Name xml:lang="it" xmlns="http://www.sdmx.org/resources/sdmxml/schemas/v2_1/common">Maserada sul Piave</Name>
          <Name xml:lang="en" xmlns="http://www.sdmx.org/resources/sdmxml/schemas/v2_1/common">Maserada sul Piave</Name>
          <Parent>
            <Ref id="ITD34" xmlns="" />
          </Parent>
        </Code>
        <Code id="026041" urn="urn:sdmx:org.sdmx.infomodel.codelist.Code=IT1:CL_REFAREA(1.2).026041">
          <Name xml:lang="it" xmlns="http://www.sdmx.org/resources/sdmxml/schemas/v2_1/common">Meduna di Livenza</Name>
          <Name xml:lang="en" xmlns="http://www.sdmx.org/resources/sdmxml/schemas/v2_1/common">Meduna di Livenza</Name>
          <Parent>
            <Ref id="ITD34" xmlns="" />
          </Parent>
        </Code>
        <Code id="026042" urn="urn:sdmx:org.sdmx.infomodel.codelist.Code=IT1:CL_REFAREA(1.2).026042">
          <Name xml:lang="it" xmlns="http://www.sdmx.org/resources/sdmxml/schemas/v2_1/common">Miane</Name>
          <Name xml:lang="en" xmlns="http://www.sdmx.org/resources/sdmxml/schemas/v2_1/common">Miane</Name>
          <Parent>
            <Ref id="ITD34" xmlns="" />
          </Parent>
        </Code>
        <Code id="026043" urn="urn:sdmx:org.sdmx.infomodel.codelist.Code=IT1:CL_REFAREA(1.2).026043">
          <Name xml:lang="it" xmlns="http://www.sdmx.org/resources/sdmxml/schemas/v2_1/common">Mogliano Veneto</Name>
          <Name xml:lang="en" xmlns="http://www.sdmx.org/resources/sdmxml/schemas/v2_1/common">Mogliano Veneto</Name>
          <Parent>
            <Ref id="ITD34" xmlns="" />
          </Parent>
        </Code>
        <Code id="026044" urn="urn:sdmx:org.sdmx.infomodel.codelist.Code=IT1:CL_REFAREA(1.2).026044">
          <Name xml:lang="it" xmlns="http://www.sdmx.org/resources/sdmxml/schemas/v2_1/common">Monastier di Treviso</Name>
          <Name xml:lang="en" xmlns="http://www.sdmx.org/resources/sdmxml/schemas/v2_1/common">Monastier di Treviso</Name>
          <Parent>
            <Ref id="ITD34" xmlns="" />
          </Parent>
        </Code>
        <Code id="026045" urn="urn:sdmx:org.sdmx.infomodel.codelist.Code=IT1:CL_REFAREA(1.2).026045">
          <Name xml:lang="it" xmlns="http://www.sdmx.org/resources/sdmxml/schemas/v2_1/common">Monfumo</Name>
          <Name xml:lang="en" xmlns="http://www.sdmx.org/resources/sdmxml/schemas/v2_1/common">Monfumo</Name>
          <Parent>
            <Ref id="ITD34" xmlns="" />
          </Parent>
        </Code>
        <Code id="026046" urn="urn:sdmx:org.sdmx.infomodel.codelist.Code=IT1:CL_REFAREA(1.2).026046">
          <Name xml:lang="it" xmlns="http://www.sdmx.org/resources/sdmxml/schemas/v2_1/common">Montebelluna</Name>
          <Name xml:lang="en" xmlns="http://www.sdmx.org/resources/sdmxml/schemas/v2_1/common">Montebelluna</Name>
          <Parent>
            <Ref id="ITD34" xmlns="" />
          </Parent>
        </Code>
        <Code id="026047" urn="urn:sdmx:org.sdmx.infomodel.codelist.Code=IT1:CL_REFAREA(1.2).026047">
          <Name xml:lang="it" xmlns="http://www.sdmx.org/resources/sdmxml/schemas/v2_1/common">Morgano</Name>
          <Name xml:lang="en" xmlns="http://www.sdmx.org/resources/sdmxml/schemas/v2_1/common">Morgano</Name>
          <Parent>
            <Ref id="ITD34" xmlns="" />
          </Parent>
        </Code>
        <Code id="026048" urn="urn:sdmx:org.sdmx.infomodel.codelist.Code=IT1:CL_REFAREA(1.2).026048">
          <Name xml:lang="it" xmlns="http://www.sdmx.org/resources/sdmxml/schemas/v2_1/common">Moriago della Battaglia</Name>
          <Name xml:lang="en" xmlns="http://www.sdmx.org/resources/sdmxml/schemas/v2_1/common">Moriago della Battaglia</Name>
          <Parent>
            <Ref id="ITD34" xmlns="" />
          </Parent>
        </Code>
        <Code id="026049" urn="urn:sdmx:org.sdmx.infomodel.codelist.Code=IT1:CL_REFAREA(1.2).026049">
          <Name xml:lang="it" xmlns="http://www.sdmx.org/resources/sdmxml/schemas/v2_1/common">Motta di Livenza</Name>
          <Name xml:lang="en" xmlns="http://www.sdmx.org/resources/sdmxml/schemas/v2_1/common">Motta di Livenza</Name>
          <Parent>
            <Ref id="ITD34" xmlns="" />
          </Parent>
        </Code>
        <Code id="026050" urn="urn:sdmx:org.sdmx.infomodel.codelist.Code=IT1:CL_REFAREA(1.2).026050">
          <Name xml:lang="it" xmlns="http://www.sdmx.org/resources/sdmxml/schemas/v2_1/common">Nervesa della Battaglia</Name>
          <Name xml:lang="en" xmlns="http://www.sdmx.org/resources/sdmxml/schemas/v2_1/common">Nervesa della Battaglia</Name>
          <Parent>
            <Ref id="ITD34" xmlns="" />
          </Parent>
        </Code>
        <Code id="026051" urn="urn:sdmx:org.sdmx.infomodel.codelist.Code=IT1:CL_REFAREA(1.2).026051">
          <Name xml:lang="it" xmlns="http://www.sdmx.org/resources/sdmxml/schemas/v2_1/common">Oderzo</Name>
          <Name xml:lang="en" xmlns="http://www.sdmx.org/resources/sdmxml/schemas/v2_1/common">Oderzo</Name>
          <Parent>
            <Ref id="ITD34" xmlns="" />
          </Parent>
        </Code>
        <Code id="026052" urn="urn:sdmx:org.sdmx.infomodel.codelist.Code=IT1:CL_REFAREA(1.2).026052">
          <Name xml:lang="it" xmlns="http://www.sdmx.org/resources/sdmxml/schemas/v2_1/common">Ormelle</Name>
          <Name xml:lang="en" xmlns="http://www.sdmx.org/resources/sdmxml/schemas/v2_1/common">Ormelle</Name>
          <Parent>
            <Ref id="ITD34" xmlns="" />
          </Parent>
        </Code>
        <Code id="026053" urn="urn:sdmx:org.sdmx.infomodel.codelist.Code=IT1:CL_REFAREA(1.2).026053">
          <Name xml:lang="it" xmlns="http://www.sdmx.org/resources/sdmxml/schemas/v2_1/common">Orsago</Name>
          <Name xml:lang="en" xmlns="http://www.sdmx.org/resources/sdmxml/schemas/v2_1/common">Orsago</Name>
          <Parent>
            <Ref id="ITD34" xmlns="" />
          </Parent>
        </Code>
        <Code id="026054" urn="urn:sdmx:org.sdmx.infomodel.codelist.Code=IT1:CL_REFAREA(1.2).026054">
          <Name xml:lang="it" xmlns="http://www.sdmx.org/resources/sdmxml/schemas/v2_1/common">Paderno del Grappa</Name>
          <Name xml:lang="en" xmlns="http://www.sdmx.org/resources/sdmxml/schemas/v2_1/common">Paderno del Grappa</Name>
          <Parent>
            <Ref id="ITD34" xmlns="" />
          </Parent>
        </Code>
        <Code id="026055" urn="urn:sdmx:org.sdmx.infomodel.codelist.Code=IT1:CL_REFAREA(1.2).026055">
          <Name xml:lang="it" xmlns="http://www.sdmx.org/resources/sdmxml/schemas/v2_1/common">Paese</Name>
          <Name xml:lang="en" xmlns="http://www.sdmx.org/resources/sdmxml/schemas/v2_1/common">Paese</Name>
          <Parent>
            <Ref id="ITD34" xmlns="" />
          </Parent>
        </Code>
        <Code id="026056" urn="urn:sdmx:org.sdmx.infomodel.codelist.Code=IT1:CL_REFAREA(1.2).026056">
          <Name xml:lang="it" xmlns="http://www.sdmx.org/resources/sdmxml/schemas/v2_1/common">Pederobba</Name>
          <Name xml:lang="en" xmlns="http://www.sdmx.org/resources/sdmxml/schemas/v2_1/common">Pederobba</Name>
          <Parent>
            <Ref id="ITD34" xmlns="" />
          </Parent>
        </Code>
        <Code id="026057" urn="urn:sdmx:org.sdmx.infomodel.codelist.Code=IT1:CL_REFAREA(1.2).026057">
          <Name xml:lang="it" xmlns="http://www.sdmx.org/resources/sdmxml/schemas/v2_1/common">Pieve di Soligo</Name>
          <Name xml:lang="en" xmlns="http://www.sdmx.org/resources/sdmxml/schemas/v2_1/common">Pieve di Soligo</Name>
          <Parent>
            <Ref id="ITD34" xmlns="" />
          </Parent>
        </Code>
        <Code id="026058" urn="urn:sdmx:org.sdmx.infomodel.codelist.Code=IT1:CL_REFAREA(1.2).026058">
          <Name xml:lang="it" xmlns="http://www.sdmx.org/resources/sdmxml/schemas/v2_1/common">Ponte di Piave</Name>
          <Name xml:lang="en" xmlns="http://www.sdmx.org/resources/sdmxml/schemas/v2_1/common">Ponte di Piave</Name>
          <Parent>
            <Ref id="ITD34" xmlns="" />
          </Parent>
        </Code>
        <Code id="026059" urn="urn:sdmx:org.sdmx.infomodel.codelist.Code=IT1:CL_REFAREA(1.2).026059">
          <Name xml:lang="it" xmlns="http://www.sdmx.org/resources/sdmxml/schemas/v2_1/common">Ponzano Veneto</Name>
          <Name xml:lang="en" xmlns="http://www.sdmx.org/resources/sdmxml/schemas/v2_1/common">Ponzano Veneto</Name>
          <Parent>
            <Ref id="ITD34" xmlns="" />
          </Parent>
        </Code>
        <Code id="026060" urn="urn:sdmx:org.sdmx.infomodel.codelist.Code=IT1:CL_REFAREA(1.2).026060">
          <Name xml:lang="it" xmlns="http://www.sdmx.org/resources/sdmxml/schemas/v2_1/common">Portobuffolè</Name>
          <Name xml:lang="en" xmlns="http://www.sdmx.org/resources/sdmxml/schemas/v2_1/common">Portobuffolè</Name>
          <Parent>
            <Ref id="ITD34" xmlns="" />
          </Parent>
        </Code>
        <Code id="026061" urn="urn:sdmx:org.sdmx.infomodel.codelist.Code=IT1:CL_REFAREA(1.2).026061">
          <Name xml:lang="it" xmlns="http://www.sdmx.org/resources/sdmxml/schemas/v2_1/common">Possagno</Name>
          <Name xml:lang="en" xmlns="http://www.sdmx.org/resources/sdmxml/schemas/v2_1/common">Possagno</Name>
          <Parent>
            <Ref id="ITD34" xmlns="" />
          </Parent>
        </Code>
        <Code id="026062" urn="urn:sdmx:org.sdmx.infomodel.codelist.Code=IT1:CL_REFAREA(1.2).026062">
          <Name xml:lang="it" xmlns="http://www.sdmx.org/resources/sdmxml/schemas/v2_1/common">Povegliano</Name>
          <Name xml:lang="en" xmlns="http://www.sdmx.org/resources/sdmxml/schemas/v2_1/common">Povegliano</Name>
          <Parent>
            <Ref id="ITD34" xmlns="" />
          </Parent>
        </Code>
        <Code id="026063" urn="urn:sdmx:org.sdmx.infomodel.codelist.Code=IT1:CL_REFAREA(1.2).026063">
          <Name xml:lang="it" xmlns="http://www.sdmx.org/resources/sdmxml/schemas/v2_1/common">Preganziol</Name>
          <Name xml:lang="en" xmlns="http://www.sdmx.org/resources/sdmxml/schemas/v2_1/common">Preganziol</Name>
          <Parent>
            <Ref id="ITD34" xmlns="" />
          </Parent>
        </Code>
        <Code id="026064" urn="urn:sdmx:org.sdmx.infomodel.codelist.Code=IT1:CL_REFAREA(1.2).026064">
          <Name xml:lang="it" xmlns="http://www.sdmx.org/resources/sdmxml/schemas/v2_1/common">Quinto di Treviso</Name>
          <Name xml:lang="en" xmlns="http://www.sdmx.org/resources/sdmxml/schemas/v2_1/common">Quinto di Treviso</Name>
          <Parent>
            <Ref id="ITD34" xmlns="" />
          </Parent>
        </Code>
        <Code id="026065" urn="urn:sdmx:org.sdmx.infomodel.codelist.Code=IT1:CL_REFAREA(1.2).026065">
          <Name xml:lang="it" xmlns="http://www.sdmx.org/resources/sdmxml/schemas/v2_1/common">Refrontolo</Name>
          <Name xml:lang="en" xmlns="http://www.sdmx.org/resources/sdmxml/schemas/v2_1/common">Refrontolo</Name>
          <Parent>
            <Ref id="ITD34" xmlns="" />
          </Parent>
        </Code>
        <Code id="026066" urn="urn:sdmx:org.sdmx.infomodel.codelist.Code=IT1:CL_REFAREA(1.2).026066">
          <Name xml:lang="it" xmlns="http://www.sdmx.org/resources/sdmxml/schemas/v2_1/common">Resana</Name>
          <Name xml:lang="en" xmlns="http://www.sdmx.org/resources/sdmxml/schemas/v2_1/common">Resana</Name>
          <Parent>
            <Ref id="ITD34" xmlns="" />
          </Parent>
        </Code>
        <Code id="026067" urn="urn:sdmx:org.sdmx.infomodel.codelist.Code=IT1:CL_REFAREA(1.2).026067">
          <Name xml:lang="it" xmlns="http://www.sdmx.org/resources/sdmxml/schemas/v2_1/common">Revine Lago</Name>
          <Name xml:lang="en" xmlns="http://www.sdmx.org/resources/sdmxml/schemas/v2_1/common">Revine Lago</Name>
          <Parent>
            <Ref id="ITD34" xmlns="" />
          </Parent>
        </Code>
        <Code id="026068" urn="urn:sdmx:org.sdmx.infomodel.codelist.Code=IT1:CL_REFAREA(1.2).026068">
          <Name xml:lang="it" xmlns="http://www.sdmx.org/resources/sdmxml/schemas/v2_1/common">Riese Pio X</Name>
          <Name xml:lang="en" xmlns="http://www.sdmx.org/resources/sdmxml/schemas/v2_1/common">Riese Pio X</Name>
          <Parent>
            <Ref id="ITD34" xmlns="" />
          </Parent>
        </Code>
        <Code id="026069" urn="urn:sdmx:org.sdmx.infomodel.codelist.Code=IT1:CL_REFAREA(1.2).026069">
          <Name xml:lang="it" xmlns="http://www.sdmx.org/resources/sdmxml/schemas/v2_1/common">Roncade</Name>
          <Name xml:lang="en" xmlns="http://www.sdmx.org/resources/sdmxml/schemas/v2_1/common">Roncade</Name>
          <Parent>
            <Ref id="ITD34" xmlns="" />
          </Parent>
        </Code>
        <Code id="026070" urn="urn:sdmx:org.sdmx.infomodel.codelist.Code=IT1:CL_REFAREA(1.2).026070">
          <Name xml:lang="it" xmlns="http://www.sdmx.org/resources/sdmxml/schemas/v2_1/common">Salgareda</Name>
          <Name xml:lang="en" xmlns="http://www.sdmx.org/resources/sdmxml/schemas/v2_1/common">Salgareda</Name>
          <Parent>
            <Ref id="ITD34" xmlns="" />
          </Parent>
        </Code>
        <Code id="026071" urn="urn:sdmx:org.sdmx.infomodel.codelist.Code=IT1:CL_REFAREA(1.2).026071">
          <Name xml:lang="it" xmlns="http://www.sdmx.org/resources/sdmxml/schemas/v2_1/common">San Biagio di Callalta</Name>
          <Name xml:lang="en" xmlns="http://www.sdmx.org/resources/sdmxml/schemas/v2_1/common">San Biagio di Callalta</Name>
          <Parent>
            <Ref id="ITD34" xmlns="" />
          </Parent>
        </Code>
        <Code id="026072" urn="urn:sdmx:org.sdmx.infomodel.codelist.Code=IT1:CL_REFAREA(1.2).026072">
          <Name xml:lang="it" xmlns="http://www.sdmx.org/resources/sdmxml/schemas/v2_1/common">San Fior</Name>
          <Name xml:lang="en" xmlns="http://www.sdmx.org/resources/sdmxml/schemas/v2_1/common">San Fior</Name>
          <Parent>
            <Ref id="ITD34" xmlns="" />
          </Parent>
        </Code>
        <Code id="026073" urn="urn:sdmx:org.sdmx.infomodel.codelist.Code=IT1:CL_REFAREA(1.2).026073">
          <Name xml:lang="it" xmlns="http://www.sdmx.org/resources/sdmxml/schemas/v2_1/common">San Pietro di Feletto</Name>
          <Name xml:lang="en" xmlns="http://www.sdmx.org/resources/sdmxml/schemas/v2_1/common">San Pietro di Feletto</Name>
          <Parent>
            <Ref id="ITD34" xmlns="" />
          </Parent>
        </Code>
        <Code id="026074" urn="urn:sdmx:org.sdmx.infomodel.codelist.Code=IT1:CL_REFAREA(1.2).026074">
          <Name xml:lang="it" xmlns="http://www.sdmx.org/resources/sdmxml/schemas/v2_1/common">San Polo di Piave</Name>
          <Name xml:lang="en" xmlns="http://www.sdmx.org/resources/sdmxml/schemas/v2_1/common">San Polo di Piave</Name>
          <Parent>
            <Ref id="ITD34" xmlns="" />
          </Parent>
        </Code>
        <Code id="026075" urn="urn:sdmx:org.sdmx.infomodel.codelist.Code=IT1:CL_REFAREA(1.2).026075">
          <Name xml:lang="it" xmlns="http://www.sdmx.org/resources/sdmxml/schemas/v2_1/common">Santa Lucia di Piave</Name>
          <Name xml:lang="en" xmlns="http://www.sdmx.org/resources/sdmxml/schemas/v2_1/common">Santa Lucia di Piave</Name>
          <Parent>
            <Ref id="ITD34" xmlns="" />
          </Parent>
        </Code>
        <Code id="026076" urn="urn:sdmx:org.sdmx.infomodel.codelist.Code=IT1:CL_REFAREA(1.2).026076">
          <Name xml:lang="it" xmlns="http://www.sdmx.org/resources/sdmxml/schemas/v2_1/common">San Vendemiano</Name>
          <Name xml:lang="en" xmlns="http://www.sdmx.org/resources/sdmxml/schemas/v2_1/common">San Vendemiano</Name>
          <Parent>
            <Ref id="ITD34" xmlns="" />
          </Parent>
        </Code>
        <Code id="026077" urn="urn:sdmx:org.sdmx.infomodel.codelist.Code=IT1:CL_REFAREA(1.2).026077">
          <Name xml:lang="it" xmlns="http://www.sdmx.org/resources/sdmxml/schemas/v2_1/common">San Zenone degli Ezzelini</Name>
          <Name xml:lang="en" xmlns="http://www.sdmx.org/resources/sdmxml/schemas/v2_1/common">San Zenone degli Ezzelini</Name>
          <Parent>
            <Ref id="ITD34" xmlns="" />
          </Parent>
        </Code>
        <Code id="026078" urn="urn:sdmx:org.sdmx.infomodel.codelist.Code=IT1:CL_REFAREA(1.2).026078">
          <Name xml:lang="it" xmlns="http://www.sdmx.org/resources/sdmxml/schemas/v2_1/common">Sarmede</Name>
          <Name xml:lang="en" xmlns="http://www.sdmx.org/resources/sdmxml/schemas/v2_1/common">Sarmede</Name>
          <Parent>
            <Ref id="ITD34" xmlns="" />
          </Parent>
        </Code>
        <Code id="026079" urn="urn:sdmx:org.sdmx.infomodel.codelist.Code=IT1:CL_REFAREA(1.2).026079">
          <Name xml:lang="it" xmlns="http://www.sdmx.org/resources/sdmxml/schemas/v2_1/common">Segusino</Name>
          <Name xml:lang="en" xmlns="http://www.sdmx.org/resources/sdmxml/schemas/v2_1/common">Segusino</Name>
          <Parent>
            <Ref id="ITD34" xmlns="" />
          </Parent>
        </Code>
        <Code id="026080" urn="urn:sdmx:org.sdmx.infomodel.codelist.Code=IT1:CL_REFAREA(1.2).026080">
          <Name xml:lang="it" xmlns="http://www.sdmx.org/resources/sdmxml/schemas/v2_1/common">Sernaglia della Battaglia</Name>
          <Name xml:lang="en" xmlns="http://www.sdmx.org/resources/sdmxml/schemas/v2_1/common">Sernaglia della Battaglia</Name>
          <Parent>
            <Ref id="ITD34" xmlns="" />
          </Parent>
        </Code>
        <Code id="026081" urn="urn:sdmx:org.sdmx.infomodel.codelist.Code=IT1:CL_REFAREA(1.2).026081">
          <Name xml:lang="it" xmlns="http://www.sdmx.org/resources/sdmxml/schemas/v2_1/common">Silea</Name>
          <Name xml:lang="en" xmlns="http://www.sdmx.org/resources/sdmxml/schemas/v2_1/common">Silea</Name>
          <Parent>
            <Ref id="ITD34" xmlns="" />
          </Parent>
        </Code>
        <Code id="026082" urn="urn:sdmx:org.sdmx.infomodel.codelist.Code=IT1:CL_REFAREA(1.2).026082">
          <Name xml:lang="it" xmlns="http://www.sdmx.org/resources/sdmxml/schemas/v2_1/common">Spresiano</Name>
          <Name xml:lang="en" xmlns="http://www.sdmx.org/resources/sdmxml/schemas/v2_1/common">Spresiano</Name>
          <Parent>
            <Ref id="ITD34" xmlns="" />
          </Parent>
        </Code>
        <Code id="026083" urn="urn:sdmx:org.sdmx.infomodel.codelist.Code=IT1:CL_REFAREA(1.2).026083">
          <Name xml:lang="it" xmlns="http://www.sdmx.org/resources/sdmxml/schemas/v2_1/common">Susegana</Name>
          <Name xml:lang="en" xmlns="http://www.sdmx.org/resources/sdmxml/schemas/v2_1/common">Susegana</Name>
          <Parent>
            <Ref id="ITD34" xmlns="" />
          </Parent>
        </Code>
        <Code id="026084" urn="urn:sdmx:org.sdmx.infomodel.codelist.Code=IT1:CL_REFAREA(1.2).026084">
          <Name xml:lang="it" xmlns="http://www.sdmx.org/resources/sdmxml/schemas/v2_1/common">Tarzo</Name>
          <Name xml:lang="en" xmlns="http://www.sdmx.org/resources/sdmxml/schemas/v2_1/common">Tarzo</Name>
          <Parent>
            <Ref id="ITD34" xmlns="" />
          </Parent>
        </Code>
        <Code id="026085" urn="urn:sdmx:org.sdmx.infomodel.codelist.Code=IT1:CL_REFAREA(1.2).026085">
          <Name xml:lang="it" xmlns="http://www.sdmx.org/resources/sdmxml/schemas/v2_1/common">Trevignano</Name>
          <Name xml:lang="en" xmlns="http://www.sdmx.org/resources/sdmxml/schemas/v2_1/common">Trevignano</Name>
          <Parent>
            <Ref id="ITD34" xmlns="" />
          </Parent>
        </Code>
        <Code id="026086" urn="urn:sdmx:org.sdmx.infomodel.codelist.Code=IT1:CL_REFAREA(1.2).026086">
          <Name xml:lang="it" xmlns="http://www.sdmx.org/resources/sdmxml/schemas/v2_1/common">Treviso</Name>
          <Name xml:lang="en" xmlns="http://www.sdmx.org/resources/sdmxml/schemas/v2_1/common">Treviso</Name>
          <Parent>
            <Ref id="ITD34" xmlns="" />
          </Parent>
        </Code>
        <Code id="026087" urn="urn:sdmx:org.sdmx.infomodel.codelist.Code=IT1:CL_REFAREA(1.2).026087">
          <Name xml:lang="it" xmlns="http://www.sdmx.org/resources/sdmxml/schemas/v2_1/common">Valdobbiadene</Name>
          <Name xml:lang="en" xmlns="http://www.sdmx.org/resources/sdmxml/schemas/v2_1/common">Valdobbiadene</Name>
          <Parent>
            <Ref id="ITD34" xmlns="" />
          </Parent>
        </Code>
        <Code id="026088" urn="urn:sdmx:org.sdmx.infomodel.codelist.Code=IT1:CL_REFAREA(1.2).026088">
          <Name xml:lang="it" xmlns="http://www.sdmx.org/resources/sdmxml/schemas/v2_1/common">Vazzola</Name>
          <Name xml:lang="en" xmlns="http://www.sdmx.org/resources/sdmxml/schemas/v2_1/common">Vazzola</Name>
          <Parent>
            <Ref id="ITD34" xmlns="" />
          </Parent>
        </Code>
        <Code id="026089" urn="urn:sdmx:org.sdmx.infomodel.codelist.Code=IT1:CL_REFAREA(1.2).026089">
          <Name xml:lang="it" xmlns="http://www.sdmx.org/resources/sdmxml/schemas/v2_1/common">Vedelago</Name>
          <Name xml:lang="en" xmlns="http://www.sdmx.org/resources/sdmxml/schemas/v2_1/common">Vedelago</Name>
          <Parent>
            <Ref id="ITD34" xmlns="" />
          </Parent>
        </Code>
        <Code id="026090" urn="urn:sdmx:org.sdmx.infomodel.codelist.Code=IT1:CL_REFAREA(1.2).026090">
          <Name xml:lang="it" xmlns="http://www.sdmx.org/resources/sdmxml/schemas/v2_1/common">Vidor</Name>
          <Name xml:lang="en" xmlns="http://www.sdmx.org/resources/sdmxml/schemas/v2_1/common">Vidor</Name>
          <Parent>
            <Ref id="ITD34" xmlns="" />
          </Parent>
        </Code>
        <Code id="026091" urn="urn:sdmx:org.sdmx.infomodel.codelist.Code=IT1:CL_REFAREA(1.2).026091">
          <Name xml:lang="it" xmlns="http://www.sdmx.org/resources/sdmxml/schemas/v2_1/common">Villorba</Name>
          <Name xml:lang="en" xmlns="http://www.sdmx.org/resources/sdmxml/schemas/v2_1/common">Villorba</Name>
          <Parent>
            <Ref id="ITD34" xmlns="" />
          </Parent>
        </Code>
        <Code id="026092" urn="urn:sdmx:org.sdmx.infomodel.codelist.Code=IT1:CL_REFAREA(1.2).026092">
          <Name xml:lang="it" xmlns="http://www.sdmx.org/resources/sdmxml/schemas/v2_1/common">Vittorio Veneto</Name>
          <Name xml:lang="en" xmlns="http://www.sdmx.org/resources/sdmxml/schemas/v2_1/common">Vittorio Veneto</Name>
          <Parent>
            <Ref id="ITD34" xmlns="" />
          </Parent>
        </Code>
        <Code id="026093" urn="urn:sdmx:org.sdmx.infomodel.codelist.Code=IT1:CL_REFAREA(1.2).026093">
          <Name xml:lang="it" xmlns="http://www.sdmx.org/resources/sdmxml/schemas/v2_1/common">Volpago del Montello</Name>
          <Name xml:lang="en" xmlns="http://www.sdmx.org/resources/sdmxml/schemas/v2_1/common">Volpago del Montello</Name>
          <Parent>
            <Ref id="ITD34" xmlns="" />
          </Parent>
        </Code>
        <Code id="026094" urn="urn:sdmx:org.sdmx.infomodel.codelist.Code=IT1:CL_REFAREA(1.2).026094">
          <Name xml:lang="it" xmlns="http://www.sdmx.org/resources/sdmxml/schemas/v2_1/common">Zenson di Piave</Name>
          <Name xml:lang="en" xmlns="http://www.sdmx.org/resources/sdmxml/schemas/v2_1/common">Zenson di Piave</Name>
          <Parent>
            <Ref id="ITD34" xmlns="" />
          </Parent>
        </Code>
        <Code id="026095" urn="urn:sdmx:org.sdmx.infomodel.codelist.Code=IT1:CL_REFAREA(1.2).026095">
          <Name xml:lang="it" xmlns="http://www.sdmx.org/resources/sdmxml/schemas/v2_1/common">Zero Branco</Name>
          <Name xml:lang="en" xmlns="http://www.sdmx.org/resources/sdmxml/schemas/v2_1/common">Zero Branco</Name>
          <Parent>
            <Ref id="ITD34" xmlns="" />
          </Parent>
        </Code>
        <Code id="027001" urn="urn:sdmx:org.sdmx.infomodel.codelist.Code=IT1:CL_REFAREA(1.2).027001">
          <Name xml:lang="it" xmlns="http://www.sdmx.org/resources/sdmxml/schemas/v2_1/common">Annone Veneto</Name>
          <Name xml:lang="en" xmlns="http://www.sdmx.org/resources/sdmxml/schemas/v2_1/common">Annone Veneto</Name>
          <Parent>
            <Ref id="ITD35" xmlns="" />
          </Parent>
        </Code>
        <Code id="027002" urn="urn:sdmx:org.sdmx.infomodel.codelist.Code=IT1:CL_REFAREA(1.2).027002">
          <Name xml:lang="it" xmlns="http://www.sdmx.org/resources/sdmxml/schemas/v2_1/common">Campagna Lupia</Name>
          <Name xml:lang="en" xmlns="http://www.sdmx.org/resources/sdmxml/schemas/v2_1/common">Campagna Lupia</Name>
          <Parent>
            <Ref id="ITD35" xmlns="" />
          </Parent>
        </Code>
        <Code id="027003" urn="urn:sdmx:org.sdmx.infomodel.codelist.Code=IT1:CL_REFAREA(1.2).027003">
          <Name xml:lang="it" xmlns="http://www.sdmx.org/resources/sdmxml/schemas/v2_1/common">Campolongo Maggiore</Name>
          <Name xml:lang="en" xmlns="http://www.sdmx.org/resources/sdmxml/schemas/v2_1/common">Campolongo Maggiore</Name>
          <Parent>
            <Ref id="ITD35" xmlns="" />
          </Parent>
        </Code>
        <Code id="027004" urn="urn:sdmx:org.sdmx.infomodel.codelist.Code=IT1:CL_REFAREA(1.2).027004">
          <Name xml:lang="it" xmlns="http://www.sdmx.org/resources/sdmxml/schemas/v2_1/common">Camponogara</Name>
          <Name xml:lang="en" xmlns="http://www.sdmx.org/resources/sdmxml/schemas/v2_1/common">Camponogara</Name>
          <Parent>
            <Ref id="ITD35" xmlns="" />
          </Parent>
        </Code>
        <Code id="027005" urn="urn:sdmx:org.sdmx.infomodel.codelist.Code=IT1:CL_REFAREA(1.2).027005">
          <Name xml:lang="it" xmlns="http://www.sdmx.org/resources/sdmxml/schemas/v2_1/common">Caorle</Name>
          <Name xml:lang="en" xmlns="http://www.sdmx.org/resources/sdmxml/schemas/v2_1/common">Caorle</Name>
          <Parent>
            <Ref id="ITD35" xmlns="" />
          </Parent>
        </Code>
        <Code id="027006" urn="urn:sdmx:org.sdmx.infomodel.codelist.Code=IT1:CL_REFAREA(1.2).027006">
          <Name xml:lang="it" xmlns="http://www.sdmx.org/resources/sdmxml/schemas/v2_1/common">Cavarzere</Name>
          <Name xml:lang="en" xmlns="http://www.sdmx.org/resources/sdmxml/schemas/v2_1/common">Cavarzere</Name>
          <Parent>
            <Ref id="ITD35" xmlns="" />
          </Parent>
        </Code>
        <Code id="027007" urn="urn:sdmx:org.sdmx.infomodel.codelist.Code=IT1:CL_REFAREA(1.2).027007">
          <Name xml:lang="it" xmlns="http://www.sdmx.org/resources/sdmxml/schemas/v2_1/common">Ceggia</Name>
          <Name xml:lang="en" xmlns="http://www.sdmx.org/resources/sdmxml/schemas/v2_1/common">Ceggia</Name>
          <Parent>
            <Ref id="ITD35" xmlns="" />
          </Parent>
        </Code>
        <Code id="027008" urn="urn:sdmx:org.sdmx.infomodel.codelist.Code=IT1:CL_REFAREA(1.2).027008">
          <Name xml:lang="it" xmlns="http://www.sdmx.org/resources/sdmxml/schemas/v2_1/common">Chioggia</Name>
          <Name xml:lang="en" xmlns="http://www.sdmx.org/resources/sdmxml/schemas/v2_1/common">Chioggia</Name>
          <Parent>
            <Ref id="ITD35" xmlns="" />
          </Parent>
        </Code>
        <Code id="027009" urn="urn:sdmx:org.sdmx.infomodel.codelist.Code=IT1:CL_REFAREA(1.2).027009">
          <Name xml:lang="it" xmlns="http://www.sdmx.org/resources/sdmxml/schemas/v2_1/common">Cinto Caomaggiore</Name>
          <Name xml:lang="en" xmlns="http://www.sdmx.org/resources/sdmxml/schemas/v2_1/common">Cinto Caomaggiore</Name>
          <Parent>
            <Ref id="ITD35" xmlns="" />
          </Parent>
        </Code>
        <Code id="027010" urn="urn:sdmx:org.sdmx.infomodel.codelist.Code=IT1:CL_REFAREA(1.2).027010">
          <Name xml:lang="it" xmlns="http://www.sdmx.org/resources/sdmxml/schemas/v2_1/common">Cona</Name>
          <Name xml:lang="en" xmlns="http://www.sdmx.org/resources/sdmxml/schemas/v2_1/common">Cona</Name>
          <Parent>
            <Ref id="ITD35" xmlns="" />
          </Parent>
        </Code>
        <Code id="027011" urn="urn:sdmx:org.sdmx.infomodel.codelist.Code=IT1:CL_REFAREA(1.2).027011">
          <Name xml:lang="it" xmlns="http://www.sdmx.org/resources/sdmxml/schemas/v2_1/common">Concordia Sagittaria</Name>
          <Name xml:lang="en" xmlns="http://www.sdmx.org/resources/sdmxml/schemas/v2_1/common">Concordia Sagittaria</Name>
          <Parent>
            <Ref id="ITD35" xmlns="" />
          </Parent>
        </Code>
        <Code id="027012" urn="urn:sdmx:org.sdmx.infomodel.codelist.Code=IT1:CL_REFAREA(1.2).027012">
          <Name xml:lang="it" xmlns="http://www.sdmx.org/resources/sdmxml/schemas/v2_1/common">Dolo</Name>
          <Name xml:lang="en" xmlns="http://www.sdmx.org/resources/sdmxml/schemas/v2_1/common">Dolo</Name>
          <Parent>
            <Ref id="ITD35" xmlns="" />
          </Parent>
        </Code>
        <Code id="027013" urn="urn:sdmx:org.sdmx.infomodel.codelist.Code=IT1:CL_REFAREA(1.2).027013">
          <Name xml:lang="it" xmlns="http://www.sdmx.org/resources/sdmxml/schemas/v2_1/common">Eraclea</Name>
          <Name xml:lang="en" xmlns="http://www.sdmx.org/resources/sdmxml/schemas/v2_1/common">Eraclea</Name>
          <Parent>
            <Ref id="ITD35" xmlns="" />
          </Parent>
        </Code>
        <Code id="027014" urn="urn:sdmx:org.sdmx.infomodel.codelist.Code=IT1:CL_REFAREA(1.2).027014">
          <Name xml:lang="it" xmlns="http://www.sdmx.org/resources/sdmxml/schemas/v2_1/common">Fiesso d'Artico</Name>
          <Name xml:lang="en" xmlns="http://www.sdmx.org/resources/sdmxml/schemas/v2_1/common">Fiesso d'Artico</Name>
          <Parent>
            <Ref id="ITD35" xmlns="" />
          </Parent>
        </Code>
        <Code id="027015" urn="urn:sdmx:org.sdmx.infomodel.codelist.Code=IT1:CL_REFAREA(1.2).027015">
          <Name xml:lang="it" xmlns="http://www.sdmx.org/resources/sdmxml/schemas/v2_1/common">Fossalta di Piave</Name>
          <Name xml:lang="en" xmlns="http://www.sdmx.org/resources/sdmxml/schemas/v2_1/common">Fossalta di Piave</Name>
          <Parent>
            <Ref id="ITD35" xmlns="" />
          </Parent>
        </Code>
        <Code id="027016" urn="urn:sdmx:org.sdmx.infomodel.codelist.Code=IT1:CL_REFAREA(1.2).027016">
          <Name xml:lang="it" xmlns="http://www.sdmx.org/resources/sdmxml/schemas/v2_1/common">Fossalta di Portogruaro</Name>
          <Name xml:lang="en" xmlns="http://www.sdmx.org/resources/sdmxml/schemas/v2_1/common">Fossalta di Portogruaro</Name>
          <Parent>
            <Ref id="ITD35" xmlns="" />
          </Parent>
        </Code>
        <Code id="027017" urn="urn:sdmx:org.sdmx.infomodel.codelist.Code=IT1:CL_REFAREA(1.2).027017">
          <Name xml:lang="it" xmlns="http://www.sdmx.org/resources/sdmxml/schemas/v2_1/common">Fossò</Name>
          <Name xml:lang="en" xmlns="http://www.sdmx.org/resources/sdmxml/schemas/v2_1/common">Fossò</Name>
          <Parent>
            <Ref id="ITD35" xmlns="" />
          </Parent>
        </Code>
        <Code id="027018" urn="urn:sdmx:org.sdmx.infomodel.codelist.Code=IT1:CL_REFAREA(1.2).027018">
          <Name xml:lang="it" xmlns="http://www.sdmx.org/resources/sdmxml/schemas/v2_1/common">Gruaro</Name>
          <Name xml:lang="en" xmlns="http://www.sdmx.org/resources/sdmxml/schemas/v2_1/common">Gruaro</Name>
          <Parent>
            <Ref id="ITD35" xmlns="" />
          </Parent>
        </Code>
        <Code id="027019" urn="urn:sdmx:org.sdmx.infomodel.codelist.Code=IT1:CL_REFAREA(1.2).027019">
          <Name xml:lang="it" xmlns="http://www.sdmx.org/resources/sdmxml/schemas/v2_1/common">Jesolo</Name>
          <Name xml:lang="en" xmlns="http://www.sdmx.org/resources/sdmxml/schemas/v2_1/common">Jesolo</Name>
          <Parent>
            <Ref id="ITD35" xmlns="" />
          </Parent>
        </Code>
        <Code id="027020" urn="urn:sdmx:org.sdmx.infomodel.codelist.Code=IT1:CL_REFAREA(1.2).027020">
          <Name xml:lang="it" xmlns="http://www.sdmx.org/resources/sdmxml/schemas/v2_1/common">Marcon</Name>
          <Name xml:lang="en" xmlns="http://www.sdmx.org/resources/sdmxml/schemas/v2_1/common">Marcon</Name>
          <Parent>
            <Ref id="ITD35" xmlns="" />
          </Parent>
        </Code>
        <Code id="027021" urn="urn:sdmx:org.sdmx.infomodel.codelist.Code=IT1:CL_REFAREA(1.2).027021">
          <Name xml:lang="it" xmlns="http://www.sdmx.org/resources/sdmxml/schemas/v2_1/common">Martellago</Name>
          <Name xml:lang="en" xmlns="http://www.sdmx.org/resources/sdmxml/schemas/v2_1/common">Martellago</Name>
          <Parent>
            <Ref id="ITD35" xmlns="" />
          </Parent>
        </Code>
        <Code id="027022" urn="urn:sdmx:org.sdmx.infomodel.codelist.Code=IT1:CL_REFAREA(1.2).027022">
          <Name xml:lang="it" xmlns="http://www.sdmx.org/resources/sdmxml/schemas/v2_1/common">Meolo</Name>
          <Name xml:lang="en" xmlns="http://www.sdmx.org/resources/sdmxml/schemas/v2_1/common">Meolo</Name>
          <Parent>
            <Ref id="ITD35" xmlns="" />
          </Parent>
        </Code>
        <Code id="027023" urn="urn:sdmx:org.sdmx.infomodel.codelist.Code=IT1:CL_REFAREA(1.2).027023">
          <Name xml:lang="it" xmlns="http://www.sdmx.org/resources/sdmxml/schemas/v2_1/common">Mira</Name>
          <Name xml:lang="en" xmlns="http://www.sdmx.org/resources/sdmxml/schemas/v2_1/common">Mira</Name>
          <Parent>
            <Ref id="ITD35" xmlns="" />
          </Parent>
        </Code>
        <Code id="027024" urn="urn:sdmx:org.sdmx.infomodel.codelist.Code=IT1:CL_REFAREA(1.2).027024">
          <Name xml:lang="it" xmlns="http://www.sdmx.org/resources/sdmxml/schemas/v2_1/common">Mirano</Name>
          <Name xml:lang="en" xmlns="http://www.sdmx.org/resources/sdmxml/schemas/v2_1/common">Mirano</Name>
          <Parent>
            <Ref id="ITD35" xmlns="" />
          </Parent>
        </Code>
        <Code id="027025" urn="urn:sdmx:org.sdmx.infomodel.codelist.Code=IT1:CL_REFAREA(1.2).027025">
          <Name xml:lang="it" xmlns="http://www.sdmx.org/resources/sdmxml/schemas/v2_1/common">Musile di Piave</Name>
          <Name xml:lang="en" xmlns="http://www.sdmx.org/resources/sdmxml/schemas/v2_1/common">Musile di Piave</Name>
          <Parent>
            <Ref id="ITD35" xmlns="" />
          </Parent>
        </Code>
        <Code id="027026" urn="urn:sdmx:org.sdmx.infomodel.codelist.Code=IT1:CL_REFAREA(1.2).027026">
          <Name xml:lang="it" xmlns="http://www.sdmx.org/resources/sdmxml/schemas/v2_1/common">Noale</Name>
          <Name xml:lang="en" xmlns="http://www.sdmx.org/resources/sdmxml/schemas/v2_1/common">Noale</Name>
          <Parent>
            <Ref id="ITD35" xmlns="" />
          </Parent>
        </Code>
        <Code id="027027" urn="urn:sdmx:org.sdmx.infomodel.codelist.Code=IT1:CL_REFAREA(1.2).027027">
          <Name xml:lang="it" xmlns="http://www.sdmx.org/resources/sdmxml/schemas/v2_1/common">Noventa di Piave</Name>
          <Name xml:lang="en" xmlns="http://www.sdmx.org/resources/sdmxml/schemas/v2_1/common">Noventa di Piave</Name>
          <Parent>
            <Ref id="ITD35" xmlns="" />
          </Parent>
        </Code>
        <Code id="027028" urn="urn:sdmx:org.sdmx.infomodel.codelist.Code=IT1:CL_REFAREA(1.2).027028">
          <Name xml:lang="it" xmlns="http://www.sdmx.org/resources/sdmxml/schemas/v2_1/common">Pianiga</Name>
          <Name xml:lang="en" xmlns="http://www.sdmx.org/resources/sdmxml/schemas/v2_1/common">Pianiga</Name>
          <Parent>
            <Ref id="ITD35" xmlns="" />
          </Parent>
        </Code>
        <Code id="027029" urn="urn:sdmx:org.sdmx.infomodel.codelist.Code=IT1:CL_REFAREA(1.2).027029">
          <Name xml:lang="it" xmlns="http://www.sdmx.org/resources/sdmxml/schemas/v2_1/common">Portogruaro</Name>
          <Name xml:lang="en" xmlns="http://www.sdmx.org/resources/sdmxml/schemas/v2_1/common">Portogruaro</Name>
          <Parent>
            <Ref id="ITD35" xmlns="" />
          </Parent>
        </Code>
        <Code id="027030" urn="urn:sdmx:org.sdmx.infomodel.codelist.Code=IT1:CL_REFAREA(1.2).027030">
          <Name xml:lang="it" xmlns="http://www.sdmx.org/resources/sdmxml/schemas/v2_1/common">Pramaggiore</Name>
          <Name xml:lang="en" xmlns="http://www.sdmx.org/resources/sdmxml/schemas/v2_1/common">Pramaggiore</Name>
          <Parent>
            <Ref id="ITD35" xmlns="" />
          </Parent>
        </Code>
        <Code id="027031" urn="urn:sdmx:org.sdmx.infomodel.codelist.Code=IT1:CL_REFAREA(1.2).027031">
          <Name xml:lang="it" xmlns="http://www.sdmx.org/resources/sdmxml/schemas/v2_1/common">Quarto d'Altino</Name>
          <Name xml:lang="en" xmlns="http://www.sdmx.org/resources/sdmxml/schemas/v2_1/common">Quarto d'Altino</Name>
          <Parent>
            <Ref id="ITD35" xmlns="" />
          </Parent>
        </Code>
        <Code id="027032" urn="urn:sdmx:org.sdmx.infomodel.codelist.Code=IT1:CL_REFAREA(1.2).027032">
          <Name xml:lang="it" xmlns="http://www.sdmx.org/resources/sdmxml/schemas/v2_1/common">Salzano</Name>
          <Name xml:lang="en" xmlns="http://www.sdmx.org/resources/sdmxml/schemas/v2_1/common">Salzano</Name>
          <Parent>
            <Ref id="ITD35" xmlns="" />
          </Parent>
        </Code>
        <Code id="027033" urn="urn:sdmx:org.sdmx.infomodel.codelist.Code=IT1:CL_REFAREA(1.2).027033">
          <Name xml:lang="it" xmlns="http://www.sdmx.org/resources/sdmxml/schemas/v2_1/common">San Donà di Piave</Name>
          <Name xml:lang="en" xmlns="http://www.sdmx.org/resources/sdmxml/schemas/v2_1/common">San Donà di Piave</Name>
          <Parent>
            <Ref id="ITD35" xmlns="" />
          </Parent>
        </Code>
        <Code id="027034" urn="urn:sdmx:org.sdmx.infomodel.codelist.Code=IT1:CL_REFAREA(1.2).027034">
          <Name xml:lang="it" xmlns="http://www.sdmx.org/resources/sdmxml/schemas/v2_1/common">San Michele al Tagliamento</Name>
          <Name xml:lang="en" xmlns="http://www.sdmx.org/resources/sdmxml/schemas/v2_1/common">San Michele al Tagliamento</Name>
          <Parent>
            <Ref id="ITD35" xmlns="" />
          </Parent>
        </Code>
        <Code id="027035" urn="urn:sdmx:org.sdmx.infomodel.codelist.Code=IT1:CL_REFAREA(1.2).027035">
          <Name xml:lang="it" xmlns="http://www.sdmx.org/resources/sdmxml/schemas/v2_1/common">Santa Maria di Sala</Name>
          <Name xml:lang="en" xmlns="http://www.sdmx.org/resources/sdmxml/schemas/v2_1/common">Santa Maria di Sala</Name>
          <Parent>
            <Ref id="ITD35" xmlns="" />
          </Parent>
        </Code>
        <Code id="027036" urn="urn:sdmx:org.sdmx.infomodel.codelist.Code=IT1:CL_REFAREA(1.2).027036">
          <Name xml:lang="it" xmlns="http://www.sdmx.org/resources/sdmxml/schemas/v2_1/common">Santo Stino di Livenza</Name>
          <Name xml:lang="en" xmlns="http://www.sdmx.org/resources/sdmxml/schemas/v2_1/common">Santo Stino di Livenza</Name>
          <Parent>
            <Ref id="ITD35" xmlns="" />
          </Parent>
        </Code>
        <Code id="027037" urn="urn:sdmx:org.sdmx.infomodel.codelist.Code=IT1:CL_REFAREA(1.2).027037">
          <Name xml:lang="it" xmlns="http://www.sdmx.org/resources/sdmxml/schemas/v2_1/common">Scorzè</Name>
          <Name xml:lang="en" xmlns="http://www.sdmx.org/resources/sdmxml/schemas/v2_1/common">Scorzè</Name>
          <Parent>
            <Ref id="ITD35" xmlns="" />
          </Parent>
        </Code>
        <Code id="027038" urn="urn:sdmx:org.sdmx.infomodel.codelist.Code=IT1:CL_REFAREA(1.2).027038">
          <Name xml:lang="it" xmlns="http://www.sdmx.org/resources/sdmxml/schemas/v2_1/common">Spinea</Name>
          <Name xml:lang="en" xmlns="http://www.sdmx.org/resources/sdmxml/schemas/v2_1/common">Spinea</Name>
          <Parent>
            <Ref id="ITD35" xmlns="" />
          </Parent>
        </Code>
        <Code id="027039" urn="urn:sdmx:org.sdmx.infomodel.codelist.Code=IT1:CL_REFAREA(1.2).027039">
          <Name xml:lang="it" xmlns="http://www.sdmx.org/resources/sdmxml/schemas/v2_1/common">Stra</Name>
          <Name xml:lang="en" xmlns="http://www.sdmx.org/resources/sdmxml/schemas/v2_1/common">Stra</Name>
          <Parent>
            <Ref id="ITD35" xmlns="" />
          </Parent>
        </Code>
        <Code id="027040" urn="urn:sdmx:org.sdmx.infomodel.codelist.Code=IT1:CL_REFAREA(1.2).027040">
          <Name xml:lang="it" xmlns="http://www.sdmx.org/resources/sdmxml/schemas/v2_1/common">Teglio Veneto</Name>
          <Name xml:lang="en" xmlns="http://www.sdmx.org/resources/sdmxml/schemas/v2_1/common">Teglio Veneto</Name>
          <Parent>
            <Ref id="ITD35" xmlns="" />
          </Parent>
        </Code>
        <Code id="027041" urn="urn:sdmx:org.sdmx.infomodel.codelist.Code=IT1:CL_REFAREA(1.2).027041">
          <Name xml:lang="it" xmlns="http://www.sdmx.org/resources/sdmxml/schemas/v2_1/common">Torre di Mosto</Name>
          <Name xml:lang="en" xmlns="http://www.sdmx.org/resources/sdmxml/schemas/v2_1/common">Torre di Mosto</Name>
          <Parent>
            <Ref id="ITD35" xmlns="" />
          </Parent>
        </Code>
        <Code id="027042" urn="urn:sdmx:org.sdmx.infomodel.codelist.Code=IT1:CL_REFAREA(1.2).027042">
          <Name xml:lang="it" xmlns="http://www.sdmx.org/resources/sdmxml/schemas/v2_1/common">Venezia</Name>
          <Name xml:lang="en" xmlns="http://www.sdmx.org/resources/sdmxml/schemas/v2_1/common">Venezia</Name>
          <Parent>
            <Ref id="ITD35" xmlns="" />
          </Parent>
        </Code>
        <Code id="027043" urn="urn:sdmx:org.sdmx.infomodel.codelist.Code=IT1:CL_REFAREA(1.2).027043">
          <Name xml:lang="it" xmlns="http://www.sdmx.org/resources/sdmxml/schemas/v2_1/common">Vigonovo</Name>
          <Name xml:lang="en" xmlns="http://www.sdmx.org/resources/sdmxml/schemas/v2_1/common">Vigonovo</Name>
          <Parent>
            <Ref id="ITD35" xmlns="" />
          </Parent>
        </Code>
        <Code id="027044" urn="urn:sdmx:org.sdmx.infomodel.codelist.Code=IT1:CL_REFAREA(1.2).027044">
          <Name xml:lang="it" xmlns="http://www.sdmx.org/resources/sdmxml/schemas/v2_1/common">Cavallino-Treporti</Name>
          <Name xml:lang="en" xmlns="http://www.sdmx.org/resources/sdmxml/schemas/v2_1/common">Cavallino-Treporti</Name>
          <Parent>
            <Ref id="ITD35" xmlns="" />
          </Parent>
        </Code>
        <Code id="028001" urn="urn:sdmx:org.sdmx.infomodel.codelist.Code=IT1:CL_REFAREA(1.2).028001">
          <Name xml:lang="it" xmlns="http://www.sdmx.org/resources/sdmxml/schemas/v2_1/common">Abano Terme</Name>
          <Name xml:lang="en" xmlns="http://www.sdmx.org/resources/sdmxml/schemas/v2_1/common">Abano Terme</Name>
          <Parent>
            <Ref id="ITD36" xmlns="" />
          </Parent>
        </Code>
        <Code id="028002" urn="urn:sdmx:org.sdmx.infomodel.codelist.Code=IT1:CL_REFAREA(1.2).028002">
          <Name xml:lang="it" xmlns="http://www.sdmx.org/resources/sdmxml/schemas/v2_1/common">Agna</Name>
          <Name xml:lang="en" xmlns="http://www.sdmx.org/resources/sdmxml/schemas/v2_1/common">Agna</Name>
          <Parent>
            <Ref id="ITD36" xmlns="" />
          </Parent>
        </Code>
        <Code id="028003" urn="urn:sdmx:org.sdmx.infomodel.codelist.Code=IT1:CL_REFAREA(1.2).028003">
          <Name xml:lang="it" xmlns="http://www.sdmx.org/resources/sdmxml/schemas/v2_1/common">Albignasego</Name>
          <Name xml:lang="en" xmlns="http://www.sdmx.org/resources/sdmxml/schemas/v2_1/common">Albignasego</Name>
          <Parent>
            <Ref id="ITD36" xmlns="" />
          </Parent>
        </Code>
        <Code id="028004" urn="urn:sdmx:org.sdmx.infomodel.codelist.Code=IT1:CL_REFAREA(1.2).028004">
          <Name xml:lang="it" xmlns="http://www.sdmx.org/resources/sdmxml/schemas/v2_1/common">Anguillara Veneta</Name>
          <Name xml:lang="en" xmlns="http://www.sdmx.org/resources/sdmxml/schemas/v2_1/common">Anguillara Veneta</Name>
          <Parent>
            <Ref id="ITD36" xmlns="" />
          </Parent>
        </Code>
        <Code id="028005" urn="urn:sdmx:org.sdmx.infomodel.codelist.Code=IT1:CL_REFAREA(1.2).028005">
          <Name xml:lang="it" xmlns="http://www.sdmx.org/resources/sdmxml/schemas/v2_1/common">Arquà Petrarca</Name>
          <Name xml:lang="en" xmlns="http://www.sdmx.org/resources/sdmxml/schemas/v2_1/common">Arquà Petrarca</Name>
          <Parent>
            <Ref id="ITD36" xmlns="" />
          </Parent>
        </Code>
        <Code id="028006" urn="urn:sdmx:org.sdmx.infomodel.codelist.Code=IT1:CL_REFAREA(1.2).028006">
          <Name xml:lang="it" xmlns="http://www.sdmx.org/resources/sdmxml/schemas/v2_1/common">Arre</Name>
          <Name xml:lang="en" xmlns="http://www.sdmx.org/resources/sdmxml/schemas/v2_1/common">Arre</Name>
          <Parent>
            <Ref id="ITD36" xmlns="" />
          </Parent>
        </Code>
        <Code id="028007" urn="urn:sdmx:org.sdmx.infomodel.codelist.Code=IT1:CL_REFAREA(1.2).028007">
          <Name xml:lang="it" xmlns="http://www.sdmx.org/resources/sdmxml/schemas/v2_1/common">Arzergrande</Name>
          <Name xml:lang="en" xmlns="http://www.sdmx.org/resources/sdmxml/schemas/v2_1/common">Arzergrande</Name>
          <Parent>
            <Ref id="ITD36" xmlns="" />
          </Parent>
        </Code>
        <Code id="028008" urn="urn:sdmx:org.sdmx.infomodel.codelist.Code=IT1:CL_REFAREA(1.2).028008">
          <Name xml:lang="it" xmlns="http://www.sdmx.org/resources/sdmxml/schemas/v2_1/common">Bagnoli di Sopra</Name>
          <Name xml:lang="en" xmlns="http://www.sdmx.org/resources/sdmxml/schemas/v2_1/common">Bagnoli di Sopra</Name>
          <Parent>
            <Ref id="ITD36" xmlns="" />
          </Parent>
        </Code>
        <Code id="028009" urn="urn:sdmx:org.sdmx.infomodel.codelist.Code=IT1:CL_REFAREA(1.2).028009">
          <Name xml:lang="it" xmlns="http://www.sdmx.org/resources/sdmxml/schemas/v2_1/common">Baone</Name>
          <Name xml:lang="en" xmlns="http://www.sdmx.org/resources/sdmxml/schemas/v2_1/common">Baone</Name>
          <Parent>
            <Ref id="ITD36" xmlns="" />
          </Parent>
        </Code>
        <Code id="028010" urn="urn:sdmx:org.sdmx.infomodel.codelist.Code=IT1:CL_REFAREA(1.2).028010">
          <Name xml:lang="it" xmlns="http://www.sdmx.org/resources/sdmxml/schemas/v2_1/common">Barbona</Name>
          <Name xml:lang="en" xmlns="http://www.sdmx.org/resources/sdmxml/schemas/v2_1/common">Barbona</Name>
          <Parent>
            <Ref id="ITD36" xmlns="" />
          </Parent>
        </Code>
        <Code id="028011" urn="urn:sdmx:org.sdmx.infomodel.codelist.Code=IT1:CL_REFAREA(1.2).028011">
          <Name xml:lang="it" xmlns="http://www.sdmx.org/resources/sdmxml/schemas/v2_1/common">Battaglia Terme</Name>
          <Name xml:lang="en" xmlns="http://www.sdmx.org/resources/sdmxml/schemas/v2_1/common">Battaglia Terme</Name>
          <Parent>
            <Ref id="ITD36" xmlns="" />
          </Parent>
        </Code>
        <Code id="028012" urn="urn:sdmx:org.sdmx.infomodel.codelist.Code=IT1:CL_REFAREA(1.2).028012">
          <Name xml:lang="it" xmlns="http://www.sdmx.org/resources/sdmxml/schemas/v2_1/common">Boara Pisani</Name>
          <Name xml:lang="en" xmlns="http://www.sdmx.org/resources/sdmxml/schemas/v2_1/common">Boara Pisani</Name>
          <Parent>
            <Ref id="ITD36" xmlns="" />
          </Parent>
        </Code>
        <Code id="028013" urn="urn:sdmx:org.sdmx.infomodel.codelist.Code=IT1:CL_REFAREA(1.2).028013">
          <Name xml:lang="it" xmlns="http://www.sdmx.org/resources/sdmxml/schemas/v2_1/common">Borgoricco</Name>
          <Name xml:lang="en" xmlns="http://www.sdmx.org/resources/sdmxml/schemas/v2_1/common">Borgoricco</Name>
          <Parent>
            <Ref id="ITD36" xmlns="" />
          </Parent>
        </Code>
        <Code id="028014" urn="urn:sdmx:org.sdmx.infomodel.codelist.Code=IT1:CL_REFAREA(1.2).028014">
          <Name xml:lang="it" xmlns="http://www.sdmx.org/resources/sdmxml/schemas/v2_1/common">Bovolenta</Name>
          <Name xml:lang="en" xmlns="http://www.sdmx.org/resources/sdmxml/schemas/v2_1/common">Bovolenta</Name>
          <Parent>
            <Ref id="ITD36" xmlns="" />
          </Parent>
        </Code>
        <Code id="028015" urn="urn:sdmx:org.sdmx.infomodel.codelist.Code=IT1:CL_REFAREA(1.2).028015">
          <Name xml:lang="it" xmlns="http://www.sdmx.org/resources/sdmxml/schemas/v2_1/common">Brugine</Name>
          <Name xml:lang="en" xmlns="http://www.sdmx.org/resources/sdmxml/schemas/v2_1/common">Brugine</Name>
          <Parent>
            <Ref id="ITD36" xmlns="" />
          </Parent>
        </Code>
        <Code id="028016" urn="urn:sdmx:org.sdmx.infomodel.codelist.Code=IT1:CL_REFAREA(1.2).028016">
          <Name xml:lang="it" xmlns="http://www.sdmx.org/resources/sdmxml/schemas/v2_1/common">Cadoneghe</Name>
          <Name xml:lang="en" xmlns="http://www.sdmx.org/resources/sdmxml/schemas/v2_1/common">Cadoneghe</Name>
          <Parent>
            <Ref id="ITD36" xmlns="" />
          </Parent>
        </Code>
        <Code id="028017" urn="urn:sdmx:org.sdmx.infomodel.codelist.Code=IT1:CL_REFAREA(1.2).028017">
          <Name xml:lang="it" xmlns="http://www.sdmx.org/resources/sdmxml/schemas/v2_1/common">Campodarsego</Name>
          <Name xml:lang="en" xmlns="http://www.sdmx.org/resources/sdmxml/schemas/v2_1/common">Campodarsego</Name>
          <Parent>
            <Ref id="ITD36" xmlns="" />
          </Parent>
        </Code>
        <Code id="028018" urn="urn:sdmx:org.sdmx.infomodel.codelist.Code=IT1:CL_REFAREA(1.2).028018">
          <Name xml:lang="it" xmlns="http://www.sdmx.org/resources/sdmxml/schemas/v2_1/common">Campodoro</Name>
          <Name xml:lang="en" xmlns="http://www.sdmx.org/resources/sdmxml/schemas/v2_1/common">Campodoro</Name>
          <Parent>
            <Ref id="ITD36" xmlns="" />
          </Parent>
        </Code>
        <Code id="028019" urn="urn:sdmx:org.sdmx.infomodel.codelist.Code=IT1:CL_REFAREA(1.2).028019">
          <Name xml:lang="it" xmlns="http://www.sdmx.org/resources/sdmxml/schemas/v2_1/common">Camposampiero</Name>
          <Name xml:lang="en" xmlns="http://www.sdmx.org/resources/sdmxml/schemas/v2_1/common">Camposampiero</Name>
          <Parent>
            <Ref id="ITD36" xmlns="" />
          </Parent>
        </Code>
        <Code id="028020" urn="urn:sdmx:org.sdmx.infomodel.codelist.Code=IT1:CL_REFAREA(1.2).028020">
          <Name xml:lang="it" xmlns="http://www.sdmx.org/resources/sdmxml/schemas/v2_1/common">Campo San Martino</Name>
          <Name xml:lang="en" xmlns="http://www.sdmx.org/resources/sdmxml/schemas/v2_1/common">Campo San Martino</Name>
          <Parent>
            <Ref id="ITD36" xmlns="" />
          </Parent>
        </Code>
        <Code id="028021" urn="urn:sdmx:org.sdmx.infomodel.codelist.Code=IT1:CL_REFAREA(1.2).028021">
          <Name xml:lang="it" xmlns="http://www.sdmx.org/resources/sdmxml/schemas/v2_1/common">Candiana</Name>
          <Name xml:lang="en" xmlns="http://www.sdmx.org/resources/sdmxml/schemas/v2_1/common">Candiana</Name>
          <Parent>
            <Ref id="ITD36" xmlns="" />
          </Parent>
        </Code>
        <Code id="028022" urn="urn:sdmx:org.sdmx.infomodel.codelist.Code=IT1:CL_REFAREA(1.2).028022">
          <Name xml:lang="it" xmlns="http://www.sdmx.org/resources/sdmxml/schemas/v2_1/common">Carceri</Name>
          <Name xml:lang="en" xmlns="http://www.sdmx.org/resources/sdmxml/schemas/v2_1/common">Carceri</Name>
          <Parent>
            <Ref id="ITD36" xmlns="" />
          </Parent>
        </Code>
        <Code id="028023" urn="urn:sdmx:org.sdmx.infomodel.codelist.Code=IT1:CL_REFAREA(1.2).028023">
          <Name xml:lang="it" xmlns="http://www.sdmx.org/resources/sdmxml/schemas/v2_1/common">Carmignano di Brenta</Name>
          <Name xml:lang="en" xmlns="http://www.sdmx.org/resources/sdmxml/schemas/v2_1/common">Carmignano di Brenta</Name>
          <Parent>
            <Ref id="ITD36" xmlns="" />
          </Parent>
        </Code>
        <Code id="028024" urn="urn:sdmx:org.sdmx.infomodel.codelist.Code=IT1:CL_REFAREA(1.2).028024">
          <Name xml:lang="it" xmlns="http://www.sdmx.org/resources/sdmxml/schemas/v2_1/common">Carrara San Giorgio</Name>
          <Name xml:lang="en" xmlns="http://www.sdmx.org/resources/sdmxml/schemas/v2_1/common">Carrara San Giorgio</Name>
          <Parent>
            <Ref id="ITD36" xmlns="" />
          </Parent>
        </Code>
        <Code id="028025" urn="urn:sdmx:org.sdmx.infomodel.codelist.Code=IT1:CL_REFAREA(1.2).028025">
          <Name xml:lang="it" xmlns="http://www.sdmx.org/resources/sdmxml/schemas/v2_1/common">Carrara Santo Stefano</Name>
          <Name xml:lang="en" xmlns="http://www.sdmx.org/resources/sdmxml/schemas/v2_1/common">Carrara Santo Stefano</Name>
          <Parent>
            <Ref id="ITD36" xmlns="" />
          </Parent>
        </Code>
        <Code id="028026" urn="urn:sdmx:org.sdmx.infomodel.codelist.Code=IT1:CL_REFAREA(1.2).028026">
          <Name xml:lang="it" xmlns="http://www.sdmx.org/resources/sdmxml/schemas/v2_1/common">Cartura</Name>
          <Name xml:lang="en" xmlns="http://www.sdmx.org/resources/sdmxml/schemas/v2_1/common">Cartura</Name>
          <Parent>
            <Ref id="ITD36" xmlns="" />
          </Parent>
        </Code>
        <Code id="028027" urn="urn:sdmx:org.sdmx.infomodel.codelist.Code=IT1:CL_REFAREA(1.2).028027">
          <Name xml:lang="it" xmlns="http://www.sdmx.org/resources/sdmxml/schemas/v2_1/common">Casale di Scodosia</Name>
          <Name xml:lang="en" xmlns="http://www.sdmx.org/resources/sdmxml/schemas/v2_1/common">Casale di Scodosia</Name>
          <Parent>
            <Ref id="ITD36" xmlns="" />
          </Parent>
        </Code>
        <Code id="028028" urn="urn:sdmx:org.sdmx.infomodel.codelist.Code=IT1:CL_REFAREA(1.2).028028">
          <Name xml:lang="it" xmlns="http://www.sdmx.org/resources/sdmxml/schemas/v2_1/common">Casalserugo</Name>
          <Name xml:lang="en" xmlns="http://www.sdmx.org/resources/sdmxml/schemas/v2_1/common">Casalserugo</Name>
          <Parent>
            <Ref id="ITD36" xmlns="" />
          </Parent>
        </Code>
        <Code id="028029" urn="urn:sdmx:org.sdmx.infomodel.codelist.Code=IT1:CL_REFAREA(1.2).028029">
          <Name xml:lang="it" xmlns="http://www.sdmx.org/resources/sdmxml/schemas/v2_1/common">Castelbaldo</Name>
          <Name xml:lang="en" xmlns="http://www.sdmx.org/resources/sdmxml/schemas/v2_1/common">Castelbaldo</Name>
          <Parent>
            <Ref id="ITD36" xmlns="" />
          </Parent>
        </Code>
        <Code id="028030" urn="urn:sdmx:org.sdmx.infomodel.codelist.Code=IT1:CL_REFAREA(1.2).028030">
          <Name xml:lang="it" xmlns="http://www.sdmx.org/resources/sdmxml/schemas/v2_1/common">Cervarese Santa Croce</Name>
          <Name xml:lang="en" xmlns="http://www.sdmx.org/resources/sdmxml/schemas/v2_1/common">Cervarese Santa Croce</Name>
          <Parent>
            <Ref id="ITD36" xmlns="" />
          </Parent>
        </Code>
        <Code id="028031" urn="urn:sdmx:org.sdmx.infomodel.codelist.Code=IT1:CL_REFAREA(1.2).028031">
          <Name xml:lang="it" xmlns="http://www.sdmx.org/resources/sdmxml/schemas/v2_1/common">Cinto Euganeo</Name>
          <Name xml:lang="en" xmlns="http://www.sdmx.org/resources/sdmxml/schemas/v2_1/common">Cinto Euganeo</Name>
          <Parent>
            <Ref id="ITD36" xmlns="" />
          </Parent>
        </Code>
        <Code id="028032" urn="urn:sdmx:org.sdmx.infomodel.codelist.Code=IT1:CL_REFAREA(1.2).028032">
          <Name xml:lang="it" xmlns="http://www.sdmx.org/resources/sdmxml/schemas/v2_1/common">Cittadella</Name>
          <Name xml:lang="en" xmlns="http://www.sdmx.org/resources/sdmxml/schemas/v2_1/common">Cittadella</Name>
          <Parent>
            <Ref id="ITD36" xmlns="" />
          </Parent>
        </Code>
        <Code id="028033" urn="urn:sdmx:org.sdmx.infomodel.codelist.Code=IT1:CL_REFAREA(1.2).028033">
          <Name xml:lang="it" xmlns="http://www.sdmx.org/resources/sdmxml/schemas/v2_1/common">Codevigo</Name>
          <Name xml:lang="en" xmlns="http://www.sdmx.org/resources/sdmxml/schemas/v2_1/common">Codevigo</Name>
          <Parent>
            <Ref id="ITD36" xmlns="" />
          </Parent>
        </Code>
        <Code id="028034" urn="urn:sdmx:org.sdmx.infomodel.codelist.Code=IT1:CL_REFAREA(1.2).028034">
          <Name xml:lang="it" xmlns="http://www.sdmx.org/resources/sdmxml/schemas/v2_1/common">Conselve</Name>
          <Name xml:lang="en" xmlns="http://www.sdmx.org/resources/sdmxml/schemas/v2_1/common">Conselve</Name>
          <Parent>
            <Ref id="ITD36" xmlns="" />
          </Parent>
        </Code>
        <Code id="028035" urn="urn:sdmx:org.sdmx.infomodel.codelist.Code=IT1:CL_REFAREA(1.2).028035">
          <Name xml:lang="it" xmlns="http://www.sdmx.org/resources/sdmxml/schemas/v2_1/common">Correzzola</Name>
          <Name xml:lang="en" xmlns="http://www.sdmx.org/resources/sdmxml/schemas/v2_1/common">Correzzola</Name>
          <Parent>
            <Ref id="ITD36" xmlns="" />
          </Parent>
        </Code>
        <Code id="028036" urn="urn:sdmx:org.sdmx.infomodel.codelist.Code=IT1:CL_REFAREA(1.2).028036">
          <Name xml:lang="it" xmlns="http://www.sdmx.org/resources/sdmxml/schemas/v2_1/common">Curtarolo</Name>
          <Name xml:lang="en" xmlns="http://www.sdmx.org/resources/sdmxml/schemas/v2_1/common">Curtarolo</Name>
          <Parent>
            <Ref id="ITD36" xmlns="" />
          </Parent>
        </Code>
        <Code id="028037" urn="urn:sdmx:org.sdmx.infomodel.codelist.Code=IT1:CL_REFAREA(1.2).028037">
          <Name xml:lang="it" xmlns="http://www.sdmx.org/resources/sdmxml/schemas/v2_1/common">Este</Name>
          <Name xml:lang="en" xmlns="http://www.sdmx.org/resources/sdmxml/schemas/v2_1/common">Este</Name>
          <Parent>
            <Ref id="ITD36" xmlns="" />
          </Parent>
        </Code>
        <Code id="028038" urn="urn:sdmx:org.sdmx.infomodel.codelist.Code=IT1:CL_REFAREA(1.2).028038">
          <Name xml:lang="it" xmlns="http://www.sdmx.org/resources/sdmxml/schemas/v2_1/common">Fontaniva</Name>
          <Name xml:lang="en" xmlns="http://www.sdmx.org/resources/sdmxml/schemas/v2_1/common">Fontaniva</Name>
          <Parent>
            <Ref id="ITD36" xmlns="" />
          </Parent>
        </Code>
        <Code id="028039" urn="urn:sdmx:org.sdmx.infomodel.codelist.Code=IT1:CL_REFAREA(1.2).028039">
          <Name xml:lang="it" xmlns="http://www.sdmx.org/resources/sdmxml/schemas/v2_1/common">Galliera Veneta</Name>
          <Name xml:lang="en" xmlns="http://www.sdmx.org/resources/sdmxml/schemas/v2_1/common">Galliera Veneta</Name>
          <Parent>
            <Ref id="ITD36" xmlns="" />
          </Parent>
        </Code>
        <Code id="028040" urn="urn:sdmx:org.sdmx.infomodel.codelist.Code=IT1:CL_REFAREA(1.2).028040">
          <Name xml:lang="it" xmlns="http://www.sdmx.org/resources/sdmxml/schemas/v2_1/common">Galzignano Terme</Name>
          <Name xml:lang="en" xmlns="http://www.sdmx.org/resources/sdmxml/schemas/v2_1/common">Galzignano Terme</Name>
          <Parent>
            <Ref id="ITD36" xmlns="" />
          </Parent>
        </Code>
        <Code id="028041" urn="urn:sdmx:org.sdmx.infomodel.codelist.Code=IT1:CL_REFAREA(1.2).028041">
          <Name xml:lang="it" xmlns="http://www.sdmx.org/resources/sdmxml/schemas/v2_1/common">Gazzo</Name>
          <Name xml:lang="en" xmlns="http://www.sdmx.org/resources/sdmxml/schemas/v2_1/common">Gazzo</Name>
          <Parent>
            <Ref id="ITD36" xmlns="" />
          </Parent>
        </Code>
        <Code id="028042" urn="urn:sdmx:org.sdmx.infomodel.codelist.Code=IT1:CL_REFAREA(1.2).028042">
          <Name xml:lang="it" xmlns="http://www.sdmx.org/resources/sdmxml/schemas/v2_1/common">Grantorto</Name>
          <Name xml:lang="en" xmlns="http://www.sdmx.org/resources/sdmxml/schemas/v2_1/common">Grantorto</Name>
          <Parent>
            <Ref id="ITD36" xmlns="" />
          </Parent>
        </Code>
        <Code id="028043" urn="urn:sdmx:org.sdmx.infomodel.codelist.Code=IT1:CL_REFAREA(1.2).028043">
          <Name xml:lang="it" xmlns="http://www.sdmx.org/resources/sdmxml/schemas/v2_1/common">Granze</Name>
          <Name xml:lang="en" xmlns="http://www.sdmx.org/resources/sdmxml/schemas/v2_1/common">Granze</Name>
          <Parent>
            <Ref id="ITD36" xmlns="" />
          </Parent>
        </Code>
        <Code id="028044" urn="urn:sdmx:org.sdmx.infomodel.codelist.Code=IT1:CL_REFAREA(1.2).028044">
          <Name xml:lang="it" xmlns="http://www.sdmx.org/resources/sdmxml/schemas/v2_1/common">Legnaro</Name>
          <Name xml:lang="en" xmlns="http://www.sdmx.org/resources/sdmxml/schemas/v2_1/common">Legnaro</Name>
          <Parent>
            <Ref id="ITD36" xmlns="" />
          </Parent>
        </Code>
        <Code id="028045" urn="urn:sdmx:org.sdmx.infomodel.codelist.Code=IT1:CL_REFAREA(1.2).028045">
          <Name xml:lang="it" xmlns="http://www.sdmx.org/resources/sdmxml/schemas/v2_1/common">Limena</Name>
          <Name xml:lang="en" xmlns="http://www.sdmx.org/resources/sdmxml/schemas/v2_1/common">Limena</Name>
          <Parent>
            <Ref id="ITD36" xmlns="" />
          </Parent>
        </Code>
        <Code id="028046" urn="urn:sdmx:org.sdmx.infomodel.codelist.Code=IT1:CL_REFAREA(1.2).028046">
          <Name xml:lang="it" xmlns="http://www.sdmx.org/resources/sdmxml/schemas/v2_1/common">Loreggia</Name>
          <Name xml:lang="en" xmlns="http://www.sdmx.org/resources/sdmxml/schemas/v2_1/common">Loreggia</Name>
          <Parent>
            <Ref id="ITD36" xmlns="" />
          </Parent>
        </Code>
        <Code id="028047" urn="urn:sdmx:org.sdmx.infomodel.codelist.Code=IT1:CL_REFAREA(1.2).028047">
          <Name xml:lang="it" xmlns="http://www.sdmx.org/resources/sdmxml/schemas/v2_1/common">Lozzo Atestino</Name>
          <Name xml:lang="en" xmlns="http://www.sdmx.org/resources/sdmxml/schemas/v2_1/common">Lozzo Atestino</Name>
          <Parent>
            <Ref id="ITD36" xmlns="" />
          </Parent>
        </Code>
        <Code id="028048" urn="urn:sdmx:org.sdmx.infomodel.codelist.Code=IT1:CL_REFAREA(1.2).028048">
          <Name xml:lang="it" xmlns="http://www.sdmx.org/resources/sdmxml/schemas/v2_1/common">Maserà di Padova</Name>
          <Name xml:lang="en" xmlns="http://www.sdmx.org/resources/sdmxml/schemas/v2_1/common">Maserà di Padova</Name>
          <Parent>
            <Ref id="ITD36" xmlns="" />
          </Parent>
        </Code>
        <Code id="028049" urn="urn:sdmx:org.sdmx.infomodel.codelist.Code=IT1:CL_REFAREA(1.2).028049">
          <Name xml:lang="it" xmlns="http://www.sdmx.org/resources/sdmxml/schemas/v2_1/common">Masi</Name>
          <Name xml:lang="en" xmlns="http://www.sdmx.org/resources/sdmxml/schemas/v2_1/common">Masi</Name>
          <Parent>
            <Ref id="ITD36" xmlns="" />
          </Parent>
        </Code>
        <Code id="028050" urn="urn:sdmx:org.sdmx.infomodel.codelist.Code=IT1:CL_REFAREA(1.2).028050">
          <Name xml:lang="it" xmlns="http://www.sdmx.org/resources/sdmxml/schemas/v2_1/common">Massanzago</Name>
          <Name xml:lang="en" xmlns="http://www.sdmx.org/resources/sdmxml/schemas/v2_1/common">Massanzago</Name>
          <Parent>
            <Ref id="ITD36" xmlns="" />
          </Parent>
        </Code>
        <Code id="028051" urn="urn:sdmx:org.sdmx.infomodel.codelist.Code=IT1:CL_REFAREA(1.2).028051">
          <Name xml:lang="it" xmlns="http://www.sdmx.org/resources/sdmxml/schemas/v2_1/common">Megliadino San Fidenzio</Name>
          <Name xml:lang="en" xmlns="http://www.sdmx.org/resources/sdmxml/schemas/v2_1/common">Megliadino San Fidenzio</Name>
          <Parent>
            <Ref id="ITD36" xmlns="" />
          </Parent>
        </Code>
        <Code id="028052" urn="urn:sdmx:org.sdmx.infomodel.codelist.Code=IT1:CL_REFAREA(1.2).028052">
          <Name xml:lang="it" xmlns="http://www.sdmx.org/resources/sdmxml/schemas/v2_1/common">Megliadino San Vitale</Name>
          <Name xml:lang="en" xmlns="http://www.sdmx.org/resources/sdmxml/schemas/v2_1/common">Megliadino San Vitale</Name>
          <Parent>
            <Ref id="ITD36" xmlns="" />
          </Parent>
        </Code>
        <Code id="028053" urn="urn:sdmx:org.sdmx.infomodel.codelist.Code=IT1:CL_REFAREA(1.2).028053">
          <Name xml:lang="it" xmlns="http://www.sdmx.org/resources/sdmxml/schemas/v2_1/common">Merlara</Name>
          <Name xml:lang="en" xmlns="http://www.sdmx.org/resources/sdmxml/schemas/v2_1/common">Merlara</Name>
          <Parent>
            <Ref id="ITD36" xmlns="" />
          </Parent>
        </Code>
        <Code id="028054" urn="urn:sdmx:org.sdmx.infomodel.codelist.Code=IT1:CL_REFAREA(1.2).028054">
          <Name xml:lang="it" xmlns="http://www.sdmx.org/resources/sdmxml/schemas/v2_1/common">Mestrino</Name>
          <Name xml:lang="en" xmlns="http://www.sdmx.org/resources/sdmxml/schemas/v2_1/common">Mestrino</Name>
          <Parent>
            <Ref id="ITD36" xmlns="" />
          </Parent>
        </Code>
        <Code id="028055" urn="urn:sdmx:org.sdmx.infomodel.codelist.Code=IT1:CL_REFAREA(1.2).028055">
          <Name xml:lang="it" xmlns="http://www.sdmx.org/resources/sdmxml/schemas/v2_1/common">Monselice</Name>
          <Name xml:lang="en" xmlns="http://www.sdmx.org/resources/sdmxml/schemas/v2_1/common">Monselice</Name>
          <Parent>
            <Ref id="ITD36" xmlns="" />
          </Parent>
        </Code>
        <Code id="028056" urn="urn:sdmx:org.sdmx.infomodel.codelist.Code=IT1:CL_REFAREA(1.2).028056">
          <Name xml:lang="it" xmlns="http://www.sdmx.org/resources/sdmxml/schemas/v2_1/common">Montagnana</Name>
          <Name xml:lang="en" xmlns="http://www.sdmx.org/resources/sdmxml/schemas/v2_1/common">Montagnana</Name>
          <Parent>
            <Ref id="ITD36" xmlns="" />
          </Parent>
        </Code>
        <Code id="028057" urn="urn:sdmx:org.sdmx.infomodel.codelist.Code=IT1:CL_REFAREA(1.2).028057">
          <Name xml:lang="it" xmlns="http://www.sdmx.org/resources/sdmxml/schemas/v2_1/common">Montegrotto Terme</Name>
          <Name xml:lang="en" xmlns="http://www.sdmx.org/resources/sdmxml/schemas/v2_1/common">Montegrotto Terme</Name>
          <Parent>
            <Ref id="ITD36" xmlns="" />
          </Parent>
        </Code>
        <Code id="028058" urn="urn:sdmx:org.sdmx.infomodel.codelist.Code=IT1:CL_REFAREA(1.2).028058">
          <Name xml:lang="it" xmlns="http://www.sdmx.org/resources/sdmxml/schemas/v2_1/common">Noventa Padovana</Name>
          <Name xml:lang="en" xmlns="http://www.sdmx.org/resources/sdmxml/schemas/v2_1/common">Noventa Padovana</Name>
          <Parent>
            <Ref id="ITD36" xmlns="" />
          </Parent>
        </Code>
        <Code id="028059" urn="urn:sdmx:org.sdmx.infomodel.codelist.Code=IT1:CL_REFAREA(1.2).028059">
          <Name xml:lang="it" xmlns="http://www.sdmx.org/resources/sdmxml/schemas/v2_1/common">Ospedaletto Euganeo</Name>
          <Name xml:lang="en" xmlns="http://www.sdmx.org/resources/sdmxml/schemas/v2_1/common">Ospedaletto Euganeo</Name>
          <Parent>
            <Ref id="ITD36" xmlns="" />
          </Parent>
        </Code>
        <Code id="028060" urn="urn:sdmx:org.sdmx.infomodel.codelist.Code=IT1:CL_REFAREA(1.2).028060">
          <Name xml:lang="it" xmlns="http://www.sdmx.org/resources/sdmxml/schemas/v2_1/common">Padova</Name>
          <Name xml:lang="en" xmlns="http://www.sdmx.org/resources/sdmxml/schemas/v2_1/common">Padova</Name>
          <Parent>
            <Ref id="ITD36" xmlns="" />
          </Parent>
        </Code>
        <Code id="028061" urn="urn:sdmx:org.sdmx.infomodel.codelist.Code=IT1:CL_REFAREA(1.2).028061">
          <Name xml:lang="it" xmlns="http://www.sdmx.org/resources/sdmxml/schemas/v2_1/common">Pernumia</Name>
          <Name xml:lang="en" xmlns="http://www.sdmx.org/resources/sdmxml/schemas/v2_1/common">Pernumia</Name>
          <Parent>
            <Ref id="ITD36" xmlns="" />
          </Parent>
        </Code>
        <Code id="028062" urn="urn:sdmx:org.sdmx.infomodel.codelist.Code=IT1:CL_REFAREA(1.2).028062">
          <Name xml:lang="it" xmlns="http://www.sdmx.org/resources/sdmxml/schemas/v2_1/common">Piacenza d'Adige</Name>
          <Name xml:lang="en" xmlns="http://www.sdmx.org/resources/sdmxml/schemas/v2_1/common">Piacenza d'Adige</Name>
          <Parent>
            <Ref id="ITD36" xmlns="" />
          </Parent>
        </Code>
        <Code id="028063" urn="urn:sdmx:org.sdmx.infomodel.codelist.Code=IT1:CL_REFAREA(1.2).028063">
          <Name xml:lang="it" xmlns="http://www.sdmx.org/resources/sdmxml/schemas/v2_1/common">Piazzola sul Brenta</Name>
          <Name xml:lang="en" xmlns="http://www.sdmx.org/resources/sdmxml/schemas/v2_1/common">Piazzola sul Brenta</Name>
          <Parent>
            <Ref id="ITD36" xmlns="" />
          </Parent>
        </Code>
        <Code id="028064" urn="urn:sdmx:org.sdmx.infomodel.codelist.Code=IT1:CL_REFAREA(1.2).028064">
          <Name xml:lang="it" xmlns="http://www.sdmx.org/resources/sdmxml/schemas/v2_1/common">Piombino Dese</Name>
          <Name xml:lang="en" xmlns="http://www.sdmx.org/resources/sdmxml/schemas/v2_1/common">Piombino Dese</Name>
          <Parent>
            <Ref id="ITD36" xmlns="" />
          </Parent>
        </Code>
        <Code id="028065" urn="urn:sdmx:org.sdmx.infomodel.codelist.Code=IT1:CL_REFAREA(1.2).028065">
          <Name xml:lang="it" xmlns="http://www.sdmx.org/resources/sdmxml/schemas/v2_1/common">Piove di Sacco</Name>
          <Name xml:lang="en" xmlns="http://www.sdmx.org/resources/sdmxml/schemas/v2_1/common">Piove di Sacco</Name>
          <Parent>
            <Ref id="ITD36" xmlns="" />
          </Parent>
        </Code>
        <Code id="028066" urn="urn:sdmx:org.sdmx.infomodel.codelist.Code=IT1:CL_REFAREA(1.2).028066">
          <Name xml:lang="it" xmlns="http://www.sdmx.org/resources/sdmxml/schemas/v2_1/common">Polverara</Name>
          <Name xml:lang="en" xmlns="http://www.sdmx.org/resources/sdmxml/schemas/v2_1/common">Polverara</Name>
          <Parent>
            <Ref id="ITD36" xmlns="" />
          </Parent>
        </Code>
        <Code id="028067" urn="urn:sdmx:org.sdmx.infomodel.codelist.Code=IT1:CL_REFAREA(1.2).028067">
          <Name xml:lang="it" xmlns="http://www.sdmx.org/resources/sdmxml/schemas/v2_1/common">Ponso</Name>
          <Name xml:lang="en" xmlns="http://www.sdmx.org/resources/sdmxml/schemas/v2_1/common">Ponso</Name>
          <Parent>
            <Ref id="ITD36" xmlns="" />
          </Parent>
        </Code>
        <Code id="028068" urn="urn:sdmx:org.sdmx.infomodel.codelist.Code=IT1:CL_REFAREA(1.2).028068">
          <Name xml:lang="it" xmlns="http://www.sdmx.org/resources/sdmxml/schemas/v2_1/common">Pontelongo</Name>
          <Name xml:lang="en" xmlns="http://www.sdmx.org/resources/sdmxml/schemas/v2_1/common">Pontelongo</Name>
          <Parent>
            <Ref id="ITD36" xmlns="" />
          </Parent>
        </Code>
        <Code id="028069" urn="urn:sdmx:org.sdmx.infomodel.codelist.Code=IT1:CL_REFAREA(1.2).028069">
          <Name xml:lang="it" xmlns="http://www.sdmx.org/resources/sdmxml/schemas/v2_1/common">Ponte San Nicolò</Name>
          <Name xml:lang="en" xmlns="http://www.sdmx.org/resources/sdmxml/schemas/v2_1/common">Ponte San Nicolò</Name>
          <Parent>
            <Ref id="ITD36" xmlns="" />
          </Parent>
        </Code>
        <Code id="028070" urn="urn:sdmx:org.sdmx.infomodel.codelist.Code=IT1:CL_REFAREA(1.2).028070">
          <Name xml:lang="it" xmlns="http://www.sdmx.org/resources/sdmxml/schemas/v2_1/common">Pozzonovo</Name>
          <Name xml:lang="en" xmlns="http://www.sdmx.org/resources/sdmxml/schemas/v2_1/common">Pozzonovo</Name>
          <Parent>
            <Ref id="ITD36" xmlns="" />
          </Parent>
        </Code>
        <Code id="028071" urn="urn:sdmx:org.sdmx.infomodel.codelist.Code=IT1:CL_REFAREA(1.2).028071">
          <Name xml:lang="it" xmlns="http://www.sdmx.org/resources/sdmxml/schemas/v2_1/common">Rovolon</Name>
          <Name xml:lang="en" xmlns="http://www.sdmx.org/resources/sdmxml/schemas/v2_1/common">Rovolon</Name>
          <Parent>
            <Ref id="ITD36" xmlns="" />
          </Parent>
        </Code>
        <Code id="028072" urn="urn:sdmx:org.sdmx.infomodel.codelist.Code=IT1:CL_REFAREA(1.2).028072">
          <Name xml:lang="it" xmlns="http://www.sdmx.org/resources/sdmxml/schemas/v2_1/common">Rubano</Name>
          <Name xml:lang="en" xmlns="http://www.sdmx.org/resources/sdmxml/schemas/v2_1/common">Rubano</Name>
          <Parent>
            <Ref id="ITD36" xmlns="" />
          </Parent>
        </Code>
        <Code id="028073" urn="urn:sdmx:org.sdmx.infomodel.codelist.Code=IT1:CL_REFAREA(1.2).028073">
          <Name xml:lang="it" xmlns="http://www.sdmx.org/resources/sdmxml/schemas/v2_1/common">Saccolongo</Name>
          <Name xml:lang="en" xmlns="http://www.sdmx.org/resources/sdmxml/schemas/v2_1/common">Saccolongo</Name>
          <Parent>
            <Ref id="ITD36" xmlns="" />
          </Parent>
        </Code>
        <Code id="028074" urn="urn:sdmx:org.sdmx.infomodel.codelist.Code=IT1:CL_REFAREA(1.2).028074">
          <Name xml:lang="it" xmlns="http://www.sdmx.org/resources/sdmxml/schemas/v2_1/common">Saletto</Name>
          <Name xml:lang="en" xmlns="http://www.sdmx.org/resources/sdmxml/schemas/v2_1/common">Saletto</Name>
          <Parent>
            <Ref id="ITD36" xmlns="" />
          </Parent>
        </Code>
        <Code id="028075" urn="urn:sdmx:org.sdmx.infomodel.codelist.Code=IT1:CL_REFAREA(1.2).028075">
          <Name xml:lang="it" xmlns="http://www.sdmx.org/resources/sdmxml/schemas/v2_1/common">San Giorgio delle Pertiche</Name>
          <Name xml:lang="en" xmlns="http://www.sdmx.org/resources/sdmxml/schemas/v2_1/common">San Giorgio delle Pertiche</Name>
          <Parent>
            <Ref id="ITD36" xmlns="" />
          </Parent>
        </Code>
        <Code id="028076" urn="urn:sdmx:org.sdmx.infomodel.codelist.Code=IT1:CL_REFAREA(1.2).028076">
          <Name xml:lang="it" xmlns="http://www.sdmx.org/resources/sdmxml/schemas/v2_1/common">San Giorgio in Bosco</Name>
          <Name xml:lang="en" xmlns="http://www.sdmx.org/resources/sdmxml/schemas/v2_1/common">San Giorgio in Bosco</Name>
          <Parent>
            <Ref id="ITD36" xmlns="" />
          </Parent>
        </Code>
        <Code id="028077" urn="urn:sdmx:org.sdmx.infomodel.codelist.Code=IT1:CL_REFAREA(1.2).028077">
          <Name xml:lang="it" xmlns="http://www.sdmx.org/resources/sdmxml/schemas/v2_1/common">San Martino di Lupari</Name>
          <Name xml:lang="en" xmlns="http://www.sdmx.org/resources/sdmxml/schemas/v2_1/common">San Martino di Lupari</Name>
          <Parent>
            <Ref id="ITD36" xmlns="" />
          </Parent>
        </Code>
        <Code id="028078" urn="urn:sdmx:org.sdmx.infomodel.codelist.Code=IT1:CL_REFAREA(1.2).028078">
          <Name xml:lang="it" xmlns="http://www.sdmx.org/resources/sdmxml/schemas/v2_1/common">San Pietro in Gu</Name>
          <Name xml:lang="en" xmlns="http://www.sdmx.org/resources/sdmxml/schemas/v2_1/common">San Pietro in Gu</Name>
          <Parent>
            <Ref id="ITD36" xmlns="" />
          </Parent>
        </Code>
        <Code id="028079" urn="urn:sdmx:org.sdmx.infomodel.codelist.Code=IT1:CL_REFAREA(1.2).028079">
          <Name xml:lang="it" xmlns="http://www.sdmx.org/resources/sdmxml/schemas/v2_1/common">San Pietro Viminario</Name>
          <Name xml:lang="en" xmlns="http://www.sdmx.org/resources/sdmxml/schemas/v2_1/common">San Pietro Viminario</Name>
          <Parent>
            <Ref id="ITD36" xmlns="" />
          </Parent>
        </Code>
        <Code id="028080" urn="urn:sdmx:org.sdmx.infomodel.codelist.Code=IT1:CL_REFAREA(1.2).028080">
          <Name xml:lang="it" xmlns="http://www.sdmx.org/resources/sdmxml/schemas/v2_1/common">Santa Giustina in Colle</Name>
          <Name xml:lang="en" xmlns="http://www.sdmx.org/resources/sdmxml/schemas/v2_1/common">Santa Giustina in Colle</Name>
          <Parent>
            <Ref id="ITD36" xmlns="" />
          </Parent>
        </Code>
        <Code id="028081" urn="urn:sdmx:org.sdmx.infomodel.codelist.Code=IT1:CL_REFAREA(1.2).028081">
          <Name xml:lang="it" xmlns="http://www.sdmx.org/resources/sdmxml/schemas/v2_1/common">Santa Margherita d'Adige</Name>
          <Name xml:lang="en" xmlns="http://www.sdmx.org/resources/sdmxml/schemas/v2_1/common">Santa Margherita d'Adige</Name>
          <Parent>
            <Ref id="ITD36" xmlns="" />
          </Parent>
        </Code>
        <Code id="028082" urn="urn:sdmx:org.sdmx.infomodel.codelist.Code=IT1:CL_REFAREA(1.2).028082">
          <Name xml:lang="it" xmlns="http://www.sdmx.org/resources/sdmxml/schemas/v2_1/common">Sant'Angelo di Piove di Sacco</Name>
          <Name xml:lang="en" xmlns="http://www.sdmx.org/resources/sdmxml/schemas/v2_1/common">Sant'Angelo di Piove di Sacco</Name>
          <Parent>
            <Ref id="ITD36" xmlns="" />
          </Parent>
        </Code>
        <Code id="028083" urn="urn:sdmx:org.sdmx.infomodel.codelist.Code=IT1:CL_REFAREA(1.2).028083">
          <Name xml:lang="it" xmlns="http://www.sdmx.org/resources/sdmxml/schemas/v2_1/common">Sant'Elena</Name>
          <Name xml:lang="en" xmlns="http://www.sdmx.org/resources/sdmxml/schemas/v2_1/common">Sant'Elena</Name>
          <Parent>
            <Ref id="ITD36" xmlns="" />
          </Parent>
        </Code>
        <Code id="028084" urn="urn:sdmx:org.sdmx.infomodel.codelist.Code=IT1:CL_REFAREA(1.2).028084">
          <Name xml:lang="it" xmlns="http://www.sdmx.org/resources/sdmxml/schemas/v2_1/common">Sant'Urbano</Name>
          <Name xml:lang="en" xmlns="http://www.sdmx.org/resources/sdmxml/schemas/v2_1/common">Sant'Urbano</Name>
          <Parent>
            <Ref id="ITD36" xmlns="" />
          </Parent>
        </Code>
        <Code id="028085" urn="urn:sdmx:org.sdmx.infomodel.codelist.Code=IT1:CL_REFAREA(1.2).028085">
          <Name xml:lang="it" xmlns="http://www.sdmx.org/resources/sdmxml/schemas/v2_1/common">Saonara</Name>
          <Name xml:lang="en" xmlns="http://www.sdmx.org/resources/sdmxml/schemas/v2_1/common">Saonara</Name>
          <Parent>
            <Ref id="ITD36" xmlns="" />
          </Parent>
        </Code>
        <Code id="028086" urn="urn:sdmx:org.sdmx.infomodel.codelist.Code=IT1:CL_REFAREA(1.2).028086">
          <Name xml:lang="it" xmlns="http://www.sdmx.org/resources/sdmxml/schemas/v2_1/common">Selvazzano Dentro</Name>
          <Name xml:lang="en" xmlns="http://www.sdmx.org/resources/sdmxml/schemas/v2_1/common">Selvazzano Dentro</Name>
          <Parent>
            <Ref id="ITD36" xmlns="" />
          </Parent>
        </Code>
        <Code id="028087" urn="urn:sdmx:org.sdmx.infomodel.codelist.Code=IT1:CL_REFAREA(1.2).028087">
          <Name xml:lang="it" xmlns="http://www.sdmx.org/resources/sdmxml/schemas/v2_1/common">Solesino</Name>
          <Name xml:lang="en" xmlns="http://www.sdmx.org/resources/sdmxml/schemas/v2_1/common">Solesino</Name>
          <Parent>
            <Ref id="ITD36" xmlns="" />
          </Parent>
        </Code>
        <Code id="028088" urn="urn:sdmx:org.sdmx.infomodel.codelist.Code=IT1:CL_REFAREA(1.2).028088">
          <Name xml:lang="it" xmlns="http://www.sdmx.org/resources/sdmxml/schemas/v2_1/common">Stanghella</Name>
          <Name xml:lang="en" xmlns="http://www.sdmx.org/resources/sdmxml/schemas/v2_1/common">Stanghella</Name>
          <Parent>
            <Ref id="ITD36" xmlns="" />
          </Parent>
        </Code>
        <Code id="028089" urn="urn:sdmx:org.sdmx.infomodel.codelist.Code=IT1:CL_REFAREA(1.2).028089">
          <Name xml:lang="it" xmlns="http://www.sdmx.org/resources/sdmxml/schemas/v2_1/common">Teolo</Name>
          <Name xml:lang="en" xmlns="http://www.sdmx.org/resources/sdmxml/schemas/v2_1/common">Teolo</Name>
          <Parent>
            <Ref id="ITD36" xmlns="" />
          </Parent>
        </Code>
        <Code id="028090" urn="urn:sdmx:org.sdmx.infomodel.codelist.Code=IT1:CL_REFAREA(1.2).028090">
          <Name xml:lang="it" xmlns="http://www.sdmx.org/resources/sdmxml/schemas/v2_1/common">Terrassa Padovana</Name>
          <Name xml:lang="en" xmlns="http://www.sdmx.org/resources/sdmxml/schemas/v2_1/common">Terrassa Padovana</Name>
          <Parent>
            <Ref id="ITD36" xmlns="" />
          </Parent>
        </Code>
        <Code id="028091" urn="urn:sdmx:org.sdmx.infomodel.codelist.Code=IT1:CL_REFAREA(1.2).028091">
          <Name xml:lang="it" xmlns="http://www.sdmx.org/resources/sdmxml/schemas/v2_1/common">Tombolo</Name>
          <Name xml:lang="en" xmlns="http://www.sdmx.org/resources/sdmxml/schemas/v2_1/common">Tombolo</Name>
          <Parent>
            <Ref id="ITD36" xmlns="" />
          </Parent>
        </Code>
        <Code id="028092" urn="urn:sdmx:org.sdmx.infomodel.codelist.Code=IT1:CL_REFAREA(1.2).028092">
          <Name xml:lang="it" xmlns="http://www.sdmx.org/resources/sdmxml/schemas/v2_1/common">Torreglia</Name>
          <Name xml:lang="en" xmlns="http://www.sdmx.org/resources/sdmxml/schemas/v2_1/common">Torreglia</Name>
          <Parent>
            <Ref id="ITD36" xmlns="" />
          </Parent>
        </Code>
        <Code id="028093" urn="urn:sdmx:org.sdmx.infomodel.codelist.Code=IT1:CL_REFAREA(1.2).028093">
          <Name xml:lang="it" xmlns="http://www.sdmx.org/resources/sdmxml/schemas/v2_1/common">Trebaseleghe</Name>
          <Name xml:lang="en" xmlns="http://www.sdmx.org/resources/sdmxml/schemas/v2_1/common">Trebaseleghe</Name>
          <Parent>
            <Ref id="ITD36" xmlns="" />
          </Parent>
        </Code>
        <Code id="028094" urn="urn:sdmx:org.sdmx.infomodel.codelist.Code=IT1:CL_REFAREA(1.2).028094">
          <Name xml:lang="it" xmlns="http://www.sdmx.org/resources/sdmxml/schemas/v2_1/common">Tribano</Name>
          <Name xml:lang="en" xmlns="http://www.sdmx.org/resources/sdmxml/schemas/v2_1/common">Tribano</Name>
          <Parent>
            <Ref id="ITD36" xmlns="" />
          </Parent>
        </Code>
        <Code id="028095" urn="urn:sdmx:org.sdmx.infomodel.codelist.Code=IT1:CL_REFAREA(1.2).028095">
          <Name xml:lang="it" xmlns="http://www.sdmx.org/resources/sdmxml/schemas/v2_1/common">Urbana</Name>
          <Name xml:lang="en" xmlns="http://www.sdmx.org/resources/sdmxml/schemas/v2_1/common">Urbana</Name>
          <Parent>
            <Ref id="ITD36" xmlns="" />
          </Parent>
        </Code>
        <Code id="028096" urn="urn:sdmx:org.sdmx.infomodel.codelist.Code=IT1:CL_REFAREA(1.2).028096">
          <Name xml:lang="it" xmlns="http://www.sdmx.org/resources/sdmxml/schemas/v2_1/common">Veggiano</Name>
          <Name xml:lang="en" xmlns="http://www.sdmx.org/resources/sdmxml/schemas/v2_1/common">Veggiano</Name>
          <Parent>
            <Ref id="ITD36" xmlns="" />
          </Parent>
        </Code>
        <Code id="028097" urn="urn:sdmx:org.sdmx.infomodel.codelist.Code=IT1:CL_REFAREA(1.2).028097">
          <Name xml:lang="it" xmlns="http://www.sdmx.org/resources/sdmxml/schemas/v2_1/common">Vescovana</Name>
          <Name xml:lang="en" xmlns="http://www.sdmx.org/resources/sdmxml/schemas/v2_1/common">Vescovana</Name>
          <Parent>
            <Ref id="ITD36" xmlns="" />
          </Parent>
        </Code>
        <Code id="028098" urn="urn:sdmx:org.sdmx.infomodel.codelist.Code=IT1:CL_REFAREA(1.2).028098">
          <Name xml:lang="it" xmlns="http://www.sdmx.org/resources/sdmxml/schemas/v2_1/common">Vighizzolo d'Este</Name>
          <Name xml:lang="en" xmlns="http://www.sdmx.org/resources/sdmxml/schemas/v2_1/common">Vighizzolo d'Este</Name>
          <Parent>
            <Ref id="ITD36" xmlns="" />
          </Parent>
        </Code>
        <Code id="028099" urn="urn:sdmx:org.sdmx.infomodel.codelist.Code=IT1:CL_REFAREA(1.2).028099">
          <Name xml:lang="it" xmlns="http://www.sdmx.org/resources/sdmxml/schemas/v2_1/common">Vigodarzere</Name>
          <Name xml:lang="en" xmlns="http://www.sdmx.org/resources/sdmxml/schemas/v2_1/common">Vigodarzere</Name>
          <Parent>
            <Ref id="ITD36" xmlns="" />
          </Parent>
        </Code>
        <Code id="028100" urn="urn:sdmx:org.sdmx.infomodel.codelist.Code=IT1:CL_REFAREA(1.2).028100">
          <Name xml:lang="it" xmlns="http://www.sdmx.org/resources/sdmxml/schemas/v2_1/common">Vigonza</Name>
          <Name xml:lang="en" xmlns="http://www.sdmx.org/resources/sdmxml/schemas/v2_1/common">Vigonza</Name>
          <Parent>
            <Ref id="ITD36" xmlns="" />
          </Parent>
        </Code>
        <Code id="028101" urn="urn:sdmx:org.sdmx.infomodel.codelist.Code=IT1:CL_REFAREA(1.2).028101">
          <Name xml:lang="it" xmlns="http://www.sdmx.org/resources/sdmxml/schemas/v2_1/common">Villa del Conte</Name>
          <Name xml:lang="en" xmlns="http://www.sdmx.org/resources/sdmxml/schemas/v2_1/common">Villa del Conte</Name>
          <Parent>
            <Ref id="ITD36" xmlns="" />
          </Parent>
        </Code>
        <Code id="028102" urn="urn:sdmx:org.sdmx.infomodel.codelist.Code=IT1:CL_REFAREA(1.2).028102">
          <Name xml:lang="it" xmlns="http://www.sdmx.org/resources/sdmxml/schemas/v2_1/common">Villa Estense</Name>
          <Name xml:lang="en" xmlns="http://www.sdmx.org/resources/sdmxml/schemas/v2_1/common">Villa Estense</Name>
          <Parent>
            <Ref id="ITD36" xmlns="" />
          </Parent>
        </Code>
        <Code id="028103" urn="urn:sdmx:org.sdmx.infomodel.codelist.Code=IT1:CL_REFAREA(1.2).028103">
          <Name xml:lang="it" xmlns="http://www.sdmx.org/resources/sdmxml/schemas/v2_1/common">Villafranca Padovana</Name>
          <Name xml:lang="en" xmlns="http://www.sdmx.org/resources/sdmxml/schemas/v2_1/common">Villafranca Padovana</Name>
          <Parent>
            <Ref id="ITD36" xmlns="" />
          </Parent>
        </Code>
        <Code id="028104" urn="urn:sdmx:org.sdmx.infomodel.codelist.Code=IT1:CL_REFAREA(1.2).028104">
          <Name xml:lang="it" xmlns="http://www.sdmx.org/resources/sdmxml/schemas/v2_1/common">Villanova di Camposampiero</Name>
          <Name xml:lang="en" xmlns="http://www.sdmx.org/resources/sdmxml/schemas/v2_1/common">Villanova di Camposampiero</Name>
          <Parent>
            <Ref id="ITD36" xmlns="" />
          </Parent>
        </Code>
        <Code id="028105" urn="urn:sdmx:org.sdmx.infomodel.codelist.Code=IT1:CL_REFAREA(1.2).028105">
          <Name xml:lang="it" xmlns="http://www.sdmx.org/resources/sdmxml/schemas/v2_1/common">Vo'</Name>
          <Name xml:lang="en" xmlns="http://www.sdmx.org/resources/sdmxml/schemas/v2_1/common">Vo'</Name>
          <Parent>
            <Ref id="ITD36" xmlns="" />
          </Parent>
        </Code>
        <Code id="028106" urn="urn:sdmx:org.sdmx.infomodel.codelist.Code=IT1:CL_REFAREA(1.2).028106">
          <Name xml:lang="it" xmlns="http://www.sdmx.org/resources/sdmxml/schemas/v2_1/common">Due Carrare</Name>
          <Name xml:lang="en" xmlns="http://www.sdmx.org/resources/sdmxml/schemas/v2_1/common">Due Carrare</Name>
          <Parent>
            <Ref id="ITD36" xmlns="" />
          </Parent>
        </Code>
        <Code id="029001" urn="urn:sdmx:org.sdmx.infomodel.codelist.Code=IT1:CL_REFAREA(1.2).029001">
          <Name xml:lang="it" xmlns="http://www.sdmx.org/resources/sdmxml/schemas/v2_1/common">Adria</Name>
          <Name xml:lang="en" xmlns="http://www.sdmx.org/resources/sdmxml/schemas/v2_1/common">Adria</Name>
          <Parent>
            <Ref id="ITD37" xmlns="" />
          </Parent>
        </Code>
        <Code id="029002" urn="urn:sdmx:org.sdmx.infomodel.codelist.Code=IT1:CL_REFAREA(1.2).029002">
          <Name xml:lang="it" xmlns="http://www.sdmx.org/resources/sdmxml/schemas/v2_1/common">Ariano nel Polesine</Name>
          <Name xml:lang="en" xmlns="http://www.sdmx.org/resources/sdmxml/schemas/v2_1/common">Ariano nel Polesine</Name>
          <Parent>
            <Ref id="ITD37" xmlns="" />
          </Parent>
        </Code>
        <Code id="029003" urn="urn:sdmx:org.sdmx.infomodel.codelist.Code=IT1:CL_REFAREA(1.2).029003">
          <Name xml:lang="it" xmlns="http://www.sdmx.org/resources/sdmxml/schemas/v2_1/common">Arquà Polesine</Name>
          <Name xml:lang="en" xmlns="http://www.sdmx.org/resources/sdmxml/schemas/v2_1/common">Arquà Polesine</Name>
          <Parent>
            <Ref id="ITD37" xmlns="" />
          </Parent>
        </Code>
        <Code id="029004" urn="urn:sdmx:org.sdmx.infomodel.codelist.Code=IT1:CL_REFAREA(1.2).029004">
          <Name xml:lang="it" xmlns="http://www.sdmx.org/resources/sdmxml/schemas/v2_1/common">Badia Polesine</Name>
          <Name xml:lang="en" xmlns="http://www.sdmx.org/resources/sdmxml/schemas/v2_1/common">Badia Polesine</Name>
          <Parent>
            <Ref id="ITD37" xmlns="" />
          </Parent>
        </Code>
        <Code id="029005" urn="urn:sdmx:org.sdmx.infomodel.codelist.Code=IT1:CL_REFAREA(1.2).029005">
          <Name xml:lang="it" xmlns="http://www.sdmx.org/resources/sdmxml/schemas/v2_1/common">Bagnolo di Po</Name>
          <Name xml:lang="en" xmlns="http://www.sdmx.org/resources/sdmxml/schemas/v2_1/common">Bagnolo di Po</Name>
          <Parent>
            <Ref id="ITD37" xmlns="" />
          </Parent>
        </Code>
        <Code id="029006" urn="urn:sdmx:org.sdmx.infomodel.codelist.Code=IT1:CL_REFAREA(1.2).029006">
          <Name xml:lang="it" xmlns="http://www.sdmx.org/resources/sdmxml/schemas/v2_1/common">Bergantino</Name>
          <Name xml:lang="en" xmlns="http://www.sdmx.org/resources/sdmxml/schemas/v2_1/common">Bergantino</Name>
          <Parent>
            <Ref id="ITD37" xmlns="" />
          </Parent>
        </Code>
        <Code id="029007" urn="urn:sdmx:org.sdmx.infomodel.codelist.Code=IT1:CL_REFAREA(1.2).029007">
          <Name xml:lang="it" xmlns="http://www.sdmx.org/resources/sdmxml/schemas/v2_1/common">Bosaro</Name>
          <Name xml:lang="en" xmlns="http://www.sdmx.org/resources/sdmxml/schemas/v2_1/common">Bosaro</Name>
          <Parent>
            <Ref id="ITD37" xmlns="" />
          </Parent>
        </Code>
        <Code id="029008" urn="urn:sdmx:org.sdmx.infomodel.codelist.Code=IT1:CL_REFAREA(1.2).029008">
          <Name xml:lang="it" xmlns="http://www.sdmx.org/resources/sdmxml/schemas/v2_1/common">Calto</Name>
          <Name xml:lang="en" xmlns="http://www.sdmx.org/resources/sdmxml/schemas/v2_1/common">Calto</Name>
          <Parent>
            <Ref id="ITD37" xmlns="" />
          </Parent>
        </Code>
        <Code id="029009" urn="urn:sdmx:org.sdmx.infomodel.codelist.Code=IT1:CL_REFAREA(1.2).029009">
          <Name xml:lang="it" xmlns="http://www.sdmx.org/resources/sdmxml/schemas/v2_1/common">Canaro</Name>
          <Name xml:lang="en" xmlns="http://www.sdmx.org/resources/sdmxml/schemas/v2_1/common">Canaro</Name>
          <Parent>
            <Ref id="ITD37" xmlns="" />
          </Parent>
        </Code>
        <Code id="029010" urn="urn:sdmx:org.sdmx.infomodel.codelist.Code=IT1:CL_REFAREA(1.2).029010">
          <Name xml:lang="it" xmlns="http://www.sdmx.org/resources/sdmxml/schemas/v2_1/common">Canda</Name>
          <Name xml:lang="en" xmlns="http://www.sdmx.org/resources/sdmxml/schemas/v2_1/common">Canda</Name>
          <Parent>
            <Ref id="ITD37" xmlns="" />
          </Parent>
        </Code>
        <Code id="029011" urn="urn:sdmx:org.sdmx.infomodel.codelist.Code=IT1:CL_REFAREA(1.2).029011">
          <Name xml:lang="it" xmlns="http://www.sdmx.org/resources/sdmxml/schemas/v2_1/common">Castelguglielmo</Name>
          <Name xml:lang="en" xmlns="http://www.sdmx.org/resources/sdmxml/schemas/v2_1/common">Castelguglielmo</Name>
          <Parent>
            <Ref id="ITD37" xmlns="" />
          </Parent>
        </Code>
        <Code id="029012" urn="urn:sdmx:org.sdmx.infomodel.codelist.Code=IT1:CL_REFAREA(1.2).029012">
          <Name xml:lang="it" xmlns="http://www.sdmx.org/resources/sdmxml/schemas/v2_1/common">Castelmassa</Name>
          <Name xml:lang="en" xmlns="http://www.sdmx.org/resources/sdmxml/schemas/v2_1/common">Castelmassa</Name>
          <Parent>
            <Ref id="ITD37" xmlns="" />
          </Parent>
        </Code>
        <Code id="029013" urn="urn:sdmx:org.sdmx.infomodel.codelist.Code=IT1:CL_REFAREA(1.2).029013">
          <Name xml:lang="it" xmlns="http://www.sdmx.org/resources/sdmxml/schemas/v2_1/common">Castelnovo Bariano</Name>
          <Name xml:lang="en" xmlns="http://www.sdmx.org/resources/sdmxml/schemas/v2_1/common">Castelnovo Bariano</Name>
          <Parent>
            <Ref id="ITD37" xmlns="" />
          </Parent>
        </Code>
        <Code id="029014" urn="urn:sdmx:org.sdmx.infomodel.codelist.Code=IT1:CL_REFAREA(1.2).029014">
          <Name xml:lang="it" xmlns="http://www.sdmx.org/resources/sdmxml/schemas/v2_1/common">Ceneselli</Name>
          <Name xml:lang="en" xmlns="http://www.sdmx.org/resources/sdmxml/schemas/v2_1/common">Ceneselli</Name>
          <Parent>
            <Ref id="ITD37" xmlns="" />
          </Parent>
        </Code>
        <Code id="029015" urn="urn:sdmx:org.sdmx.infomodel.codelist.Code=IT1:CL_REFAREA(1.2).029015">
          <Name xml:lang="it" xmlns="http://www.sdmx.org/resources/sdmxml/schemas/v2_1/common">Ceregnano</Name>
          <Name xml:lang="en" xmlns="http://www.sdmx.org/resources/sdmxml/schemas/v2_1/common">Ceregnano</Name>
          <Parent>
            <Ref id="ITD37" xmlns="" />
          </Parent>
        </Code>
        <Code id="029016" urn="urn:sdmx:org.sdmx.infomodel.codelist.Code=IT1:CL_REFAREA(1.2).029016">
          <Name xml:lang="it" xmlns="http://www.sdmx.org/resources/sdmxml/schemas/v2_1/common">Contarina</Name>
          <Name xml:lang="en" xmlns="http://www.sdmx.org/resources/sdmxml/schemas/v2_1/common">Contarina</Name>
          <Parent>
            <Ref id="ITD37" xmlns="" />
          </Parent>
        </Code>
        <Code id="029017" urn="urn:sdmx:org.sdmx.infomodel.codelist.Code=IT1:CL_REFAREA(1.2).029017">
          <Name xml:lang="it" xmlns="http://www.sdmx.org/resources/sdmxml/schemas/v2_1/common">Corbola</Name>
          <Name xml:lang="en" xmlns="http://www.sdmx.org/resources/sdmxml/schemas/v2_1/common">Corbola</Name>
          <Parent>
            <Ref id="ITD37" xmlns="" />
          </Parent>
        </Code>
        <Code id="029018" urn="urn:sdmx:org.sdmx.infomodel.codelist.Code=IT1:CL_REFAREA(1.2).029018">
          <Name xml:lang="it" xmlns="http://www.sdmx.org/resources/sdmxml/schemas/v2_1/common">Costa di Rovigo</Name>
          <Name xml:lang="en" xmlns="http://www.sdmx.org/resources/sdmxml/schemas/v2_1/common">Costa di Rovigo</Name>
          <Parent>
            <Ref id="ITD37" xmlns="" />
          </Parent>
        </Code>
        <Code id="029019" urn="urn:sdmx:org.sdmx.infomodel.codelist.Code=IT1:CL_REFAREA(1.2).029019">
          <Name xml:lang="it" xmlns="http://www.sdmx.org/resources/sdmxml/schemas/v2_1/common">Crespino</Name>
          <Name xml:lang="en" xmlns="http://www.sdmx.org/resources/sdmxml/schemas/v2_1/common">Crespino</Name>
          <Parent>
            <Ref id="ITD37" xmlns="" />
          </Parent>
        </Code>
        <Code id="029020" urn="urn:sdmx:org.sdmx.infomodel.codelist.Code=IT1:CL_REFAREA(1.2).029020">
          <Name xml:lang="it" xmlns="http://www.sdmx.org/resources/sdmxml/schemas/v2_1/common">Donada</Name>
          <Name xml:lang="en" xmlns="http://www.sdmx.org/resources/sdmxml/schemas/v2_1/common">Donada</Name>
          <Parent>
            <Ref id="ITD37" xmlns="" />
          </Parent>
        </Code>
        <Code id="029021" urn="urn:sdmx:org.sdmx.infomodel.codelist.Code=IT1:CL_REFAREA(1.2).029021">
          <Name xml:lang="it" xmlns="http://www.sdmx.org/resources/sdmxml/schemas/v2_1/common">Ficarolo</Name>
          <Name xml:lang="en" xmlns="http://www.sdmx.org/resources/sdmxml/schemas/v2_1/common">Ficarolo</Name>
          <Parent>
            <Ref id="ITD37" xmlns="" />
          </Parent>
        </Code>
        <Code id="029022" urn="urn:sdmx:org.sdmx.infomodel.codelist.Code=IT1:CL_REFAREA(1.2).029022">
          <Name xml:lang="it" xmlns="http://www.sdmx.org/resources/sdmxml/schemas/v2_1/common">Fiesso Umbertiano</Name>
          <Name xml:lang="en" xmlns="http://www.sdmx.org/resources/sdmxml/schemas/v2_1/common">Fiesso Umbertiano</Name>
          <Parent>
            <Ref id="ITD37" xmlns="" />
          </Parent>
        </Code>
        <Code id="029023" urn="urn:sdmx:org.sdmx.infomodel.codelist.Code=IT1:CL_REFAREA(1.2).029023">
          <Name xml:lang="it" xmlns="http://www.sdmx.org/resources/sdmxml/schemas/v2_1/common">Frassinelle Polesine</Name>
          <Name xml:lang="en" xmlns="http://www.sdmx.org/resources/sdmxml/schemas/v2_1/common">Frassinelle Polesine</Name>
          <Parent>
            <Ref id="ITD37" xmlns="" />
          </Parent>
        </Code>
        <Code id="029024" urn="urn:sdmx:org.sdmx.infomodel.codelist.Code=IT1:CL_REFAREA(1.2).029024">
          <Name xml:lang="it" xmlns="http://www.sdmx.org/resources/sdmxml/schemas/v2_1/common">Fratta Polesine</Name>
          <Name xml:lang="en" xmlns="http://www.sdmx.org/resources/sdmxml/schemas/v2_1/common">Fratta Polesine</Name>
          <Parent>
            <Ref id="ITD37" xmlns="" />
          </Parent>
        </Code>
        <Code id="029025" urn="urn:sdmx:org.sdmx.infomodel.codelist.Code=IT1:CL_REFAREA(1.2).029025">
          <Name xml:lang="it" xmlns="http://www.sdmx.org/resources/sdmxml/schemas/v2_1/common">Gaiba</Name>
          <Name xml:lang="en" xmlns="http://www.sdmx.org/resources/sdmxml/schemas/v2_1/common">Gaiba</Name>
          <Parent>
            <Ref id="ITD37" xmlns="" />
          </Parent>
        </Code>
        <Code id="029026" urn="urn:sdmx:org.sdmx.infomodel.codelist.Code=IT1:CL_REFAREA(1.2).029026">
          <Name xml:lang="it" xmlns="http://www.sdmx.org/resources/sdmxml/schemas/v2_1/common">Gavello</Name>
          <Name xml:lang="en" xmlns="http://www.sdmx.org/resources/sdmxml/schemas/v2_1/common">Gavello</Name>
          <Parent>
            <Ref id="ITD37" xmlns="" />
          </Parent>
        </Code>
        <Code id="029027" urn="urn:sdmx:org.sdmx.infomodel.codelist.Code=IT1:CL_REFAREA(1.2).029027">
          <Name xml:lang="it" xmlns="http://www.sdmx.org/resources/sdmxml/schemas/v2_1/common">Giacciano con Baruchella</Name>
          <Name xml:lang="en" xmlns="http://www.sdmx.org/resources/sdmxml/schemas/v2_1/common">Giacciano con Baruchella</Name>
          <Parent>
            <Ref id="ITD37" xmlns="" />
          </Parent>
        </Code>
        <Code id="029028" urn="urn:sdmx:org.sdmx.infomodel.codelist.Code=IT1:CL_REFAREA(1.2).029028">
          <Name xml:lang="it" xmlns="http://www.sdmx.org/resources/sdmxml/schemas/v2_1/common">Guarda Veneta</Name>
          <Name xml:lang="en" xmlns="http://www.sdmx.org/resources/sdmxml/schemas/v2_1/common">Guarda Veneta</Name>
          <Parent>
            <Ref id="ITD37" xmlns="" />
          </Parent>
        </Code>
        <Code id="029029" urn="urn:sdmx:org.sdmx.infomodel.codelist.Code=IT1:CL_REFAREA(1.2).029029">
          <Name xml:lang="it" xmlns="http://www.sdmx.org/resources/sdmxml/schemas/v2_1/common">Lendinara</Name>
          <Name xml:lang="en" xmlns="http://www.sdmx.org/resources/sdmxml/schemas/v2_1/common">Lendinara</Name>
          <Parent>
            <Ref id="ITD37" xmlns="" />
          </Parent>
        </Code>
        <Code id="029030" urn="urn:sdmx:org.sdmx.infomodel.codelist.Code=IT1:CL_REFAREA(1.2).029030">
          <Name xml:lang="it" xmlns="http://www.sdmx.org/resources/sdmxml/schemas/v2_1/common">Loreo</Name>
          <Name xml:lang="en" xmlns="http://www.sdmx.org/resources/sdmxml/schemas/v2_1/common">Loreo</Name>
          <Parent>
            <Ref id="ITD37" xmlns="" />
          </Parent>
        </Code>
        <Code id="029031" urn="urn:sdmx:org.sdmx.infomodel.codelist.Code=IT1:CL_REFAREA(1.2).029031">
          <Name xml:lang="it" xmlns="http://www.sdmx.org/resources/sdmxml/schemas/v2_1/common">Lusia</Name>
          <Name xml:lang="en" xmlns="http://www.sdmx.org/resources/sdmxml/schemas/v2_1/common">Lusia</Name>
          <Parent>
            <Ref id="ITD37" xmlns="" />
          </Parent>
        </Code>
        <Code id="029032" urn="urn:sdmx:org.sdmx.infomodel.codelist.Code=IT1:CL_REFAREA(1.2).029032">
          <Name xml:lang="it" xmlns="http://www.sdmx.org/resources/sdmxml/schemas/v2_1/common">Melara</Name>
          <Name xml:lang="en" xmlns="http://www.sdmx.org/resources/sdmxml/schemas/v2_1/common">Melara</Name>
          <Parent>
            <Ref id="ITD37" xmlns="" />
          </Parent>
        </Code>
        <Code id="029033" urn="urn:sdmx:org.sdmx.infomodel.codelist.Code=IT1:CL_REFAREA(1.2).029033">
          <Name xml:lang="it" xmlns="http://www.sdmx.org/resources/sdmxml/schemas/v2_1/common">Occhiobello</Name>
          <Name xml:lang="en" xmlns="http://www.sdmx.org/resources/sdmxml/schemas/v2_1/common">Occhiobello</Name>
          <Parent>
            <Ref id="ITD37" xmlns="" />
          </Parent>
        </Code>
        <Code id="029034" urn="urn:sdmx:org.sdmx.infomodel.codelist.Code=IT1:CL_REFAREA(1.2).029034">
          <Name xml:lang="it" xmlns="http://www.sdmx.org/resources/sdmxml/schemas/v2_1/common">Papozze</Name>
          <Name xml:lang="en" xmlns="http://www.sdmx.org/resources/sdmxml/schemas/v2_1/common">Papozze</Name>
          <Parent>
            <Ref id="ITD37" xmlns="" />
          </Parent>
        </Code>
        <Code id="029035" urn="urn:sdmx:org.sdmx.infomodel.codelist.Code=IT1:CL_REFAREA(1.2).029035">
          <Name xml:lang="it" xmlns="http://www.sdmx.org/resources/sdmxml/schemas/v2_1/common">Pettorazza Grimani</Name>
          <Name xml:lang="en" xmlns="http://www.sdmx.org/resources/sdmxml/schemas/v2_1/common">Pettorazza Grimani</Name>
          <Parent>
            <Ref id="ITD37" xmlns="" />
          </Parent>
        </Code>
        <Code id="029036" urn="urn:sdmx:org.sdmx.infomodel.codelist.Code=IT1:CL_REFAREA(1.2).029036">
          <Name xml:lang="it" xmlns="http://www.sdmx.org/resources/sdmxml/schemas/v2_1/common">Pincara</Name>
          <Name xml:lang="en" xmlns="http://www.sdmx.org/resources/sdmxml/schemas/v2_1/common">Pincara</Name>
          <Parent>
            <Ref id="ITD37" xmlns="" />
          </Parent>
        </Code>
        <Code id="029037" urn="urn:sdmx:org.sdmx.infomodel.codelist.Code=IT1:CL_REFAREA(1.2).029037">
          <Name xml:lang="it" xmlns="http://www.sdmx.org/resources/sdmxml/schemas/v2_1/common">Polesella</Name>
          <Name xml:lang="en" xmlns="http://www.sdmx.org/resources/sdmxml/schemas/v2_1/common">Polesella</Name>
          <Parent>
            <Ref id="ITD37" xmlns="" />
          </Parent>
        </Code>
        <Code id="029038" urn="urn:sdmx:org.sdmx.infomodel.codelist.Code=IT1:CL_REFAREA(1.2).029038">
          <Name xml:lang="it" xmlns="http://www.sdmx.org/resources/sdmxml/schemas/v2_1/common">Pontecchio Polesine</Name>
          <Name xml:lang="en" xmlns="http://www.sdmx.org/resources/sdmxml/schemas/v2_1/common">Pontecchio Polesine</Name>
          <Parent>
            <Ref id="ITD37" xmlns="" />
          </Parent>
        </Code>
        <Code id="029039" urn="urn:sdmx:org.sdmx.infomodel.codelist.Code=IT1:CL_REFAREA(1.2).029039">
          <Name xml:lang="it" xmlns="http://www.sdmx.org/resources/sdmxml/schemas/v2_1/common">Porto Tolle</Name>
          <Name xml:lang="en" xmlns="http://www.sdmx.org/resources/sdmxml/schemas/v2_1/common">Porto Tolle</Name>
          <Parent>
            <Ref id="ITD37" xmlns="" />
          </Parent>
        </Code>
        <Code id="029040" urn="urn:sdmx:org.sdmx.infomodel.codelist.Code=IT1:CL_REFAREA(1.2).029040">
          <Name xml:lang="it" xmlns="http://www.sdmx.org/resources/sdmxml/schemas/v2_1/common">Rosolina</Name>
          <Name xml:lang="en" xmlns="http://www.sdmx.org/resources/sdmxml/schemas/v2_1/common">Rosolina</Name>
          <Parent>
            <Ref id="ITD37" xmlns="" />
          </Parent>
        </Code>
        <Code id="029041" urn="urn:sdmx:org.sdmx.infomodel.codelist.Code=IT1:CL_REFAREA(1.2).029041">
          <Name xml:lang="it" xmlns="http://www.sdmx.org/resources/sdmxml/schemas/v2_1/common">Rovigo</Name>
          <Name xml:lang="en" xmlns="http://www.sdmx.org/resources/sdmxml/schemas/v2_1/common">Rovigo</Name>
          <Parent>
            <Ref id="ITD37" xmlns="" />
          </Parent>
        </Code>
        <Code id="029042" urn="urn:sdmx:org.sdmx.infomodel.codelist.Code=IT1:CL_REFAREA(1.2).029042">
          <Name xml:lang="it" xmlns="http://www.sdmx.org/resources/sdmxml/schemas/v2_1/common">Salara</Name>
          <Name xml:lang="en" xmlns="http://www.sdmx.org/resources/sdmxml/schemas/v2_1/common">Salara</Name>
          <Parent>
            <Ref id="ITD37" xmlns="" />
          </Parent>
        </Code>
        <Code id="029043" urn="urn:sdmx:org.sdmx.infomodel.codelist.Code=IT1:CL_REFAREA(1.2).029043">
          <Name xml:lang="it" xmlns="http://www.sdmx.org/resources/sdmxml/schemas/v2_1/common">San Bellino</Name>
          <Name xml:lang="en" xmlns="http://www.sdmx.org/resources/sdmxml/schemas/v2_1/common">San Bellino</Name>
          <Parent>
            <Ref id="ITD37" xmlns="" />
          </Parent>
        </Code>
        <Code id="029044" urn="urn:sdmx:org.sdmx.infomodel.codelist.Code=IT1:CL_REFAREA(1.2).029044">
          <Name xml:lang="it" xmlns="http://www.sdmx.org/resources/sdmxml/schemas/v2_1/common">San Martino di Venezze</Name>
          <Name xml:lang="en" xmlns="http://www.sdmx.org/resources/sdmxml/schemas/v2_1/common">San Martino di Venezze</Name>
          <Parent>
            <Ref id="ITD37" xmlns="" />
          </Parent>
        </Code>
        <Code id="029045" urn="urn:sdmx:org.sdmx.infomodel.codelist.Code=IT1:CL_REFAREA(1.2).029045">
          <Name xml:lang="it" xmlns="http://www.sdmx.org/resources/sdmxml/schemas/v2_1/common">Stienta</Name>
          <Name xml:lang="en" xmlns="http://www.sdmx.org/resources/sdmxml/schemas/v2_1/common">Stienta</Name>
          <Parent>
            <Ref id="ITD37" xmlns="" />
          </Parent>
        </Code>
        <Code id="029046" urn="urn:sdmx:org.sdmx.infomodel.codelist.Code=IT1:CL_REFAREA(1.2).029046">
          <Name xml:lang="it" xmlns="http://www.sdmx.org/resources/sdmxml/schemas/v2_1/common">Taglio di Po</Name>
          <Name xml:lang="en" xmlns="http://www.sdmx.org/resources/sdmxml/schemas/v2_1/common">Taglio di Po</Name>
          <Parent>
            <Ref id="ITD37" xmlns="" />
          </Parent>
        </Code>
        <Code id="029047" urn="urn:sdmx:org.sdmx.infomodel.codelist.Code=IT1:CL_REFAREA(1.2).029047">
          <Name xml:lang="it" xmlns="http://www.sdmx.org/resources/sdmxml/schemas/v2_1/common">Trecenta</Name>
          <Name xml:lang="en" xmlns="http://www.sdmx.org/resources/sdmxml/schemas/v2_1/common">Trecenta</Name>
          <Parent>
            <Ref id="ITD37" xmlns="" />
          </Parent>
        </Code>
        <Code id="029048" urn="urn:sdmx:org.sdmx.infomodel.codelist.Code=IT1:CL_REFAREA(1.2).029048">
          <Name xml:lang="it" xmlns="http://www.sdmx.org/resources/sdmxml/schemas/v2_1/common">Villadose</Name>
          <Name xml:lang="en" xmlns="http://www.sdmx.org/resources/sdmxml/schemas/v2_1/common">Villadose</Name>
          <Parent>
            <Ref id="ITD37" xmlns="" />
          </Parent>
        </Code>
        <Code id="029049" urn="urn:sdmx:org.sdmx.infomodel.codelist.Code=IT1:CL_REFAREA(1.2).029049">
          <Name xml:lang="it" xmlns="http://www.sdmx.org/resources/sdmxml/schemas/v2_1/common">Villamarzana</Name>
          <Name xml:lang="en" xmlns="http://www.sdmx.org/resources/sdmxml/schemas/v2_1/common">Villamarzana</Name>
          <Parent>
            <Ref id="ITD37" xmlns="" />
          </Parent>
        </Code>
        <Code id="029050" urn="urn:sdmx:org.sdmx.infomodel.codelist.Code=IT1:CL_REFAREA(1.2).029050">
          <Name xml:lang="it" xmlns="http://www.sdmx.org/resources/sdmxml/schemas/v2_1/common">Villanova del Ghebbo</Name>
          <Name xml:lang="en" xmlns="http://www.sdmx.org/resources/sdmxml/schemas/v2_1/common">Villanova del Ghebbo</Name>
          <Parent>
            <Ref id="ITD37" xmlns="" />
          </Parent>
        </Code>
        <Code id="029051" urn="urn:sdmx:org.sdmx.infomodel.codelist.Code=IT1:CL_REFAREA(1.2).029051">
          <Name xml:lang="it" xmlns="http://www.sdmx.org/resources/sdmxml/schemas/v2_1/common">Villanova Marchesana</Name>
          <Name xml:lang="en" xmlns="http://www.sdmx.org/resources/sdmxml/schemas/v2_1/common">Villanova Marchesana</Name>
          <Parent>
            <Ref id="ITD37" xmlns="" />
          </Parent>
        </Code>
        <Code id="029052" urn="urn:sdmx:org.sdmx.infomodel.codelist.Code=IT1:CL_REFAREA(1.2).029052">
          <Name xml:lang="it" xmlns="http://www.sdmx.org/resources/sdmxml/schemas/v2_1/common">Porto Viro</Name>
          <Name xml:lang="en" xmlns="http://www.sdmx.org/resources/sdmxml/schemas/v2_1/common">Porto Viro</Name>
          <Parent>
            <Ref id="ITD37" xmlns="" />
          </Parent>
        </Code>
        <Code id="030001" urn="urn:sdmx:org.sdmx.infomodel.codelist.Code=IT1:CL_REFAREA(1.2).030001">
          <Name xml:lang="it" xmlns="http://www.sdmx.org/resources/sdmxml/schemas/v2_1/common">Aiello del Friuli</Name>
          <Name xml:lang="en" xmlns="http://www.sdmx.org/resources/sdmxml/schemas/v2_1/common">Aiello del Friuli</Name>
          <Parent>
            <Ref id="ITD42" xmlns="" />
          </Parent>
        </Code>
        <Code id="030002" urn="urn:sdmx:org.sdmx.infomodel.codelist.Code=IT1:CL_REFAREA(1.2).030002">
          <Name xml:lang="it" xmlns="http://www.sdmx.org/resources/sdmxml/schemas/v2_1/common">Amaro</Name>
          <Name xml:lang="en" xmlns="http://www.sdmx.org/resources/sdmxml/schemas/v2_1/common">Amaro</Name>
          <Parent>
            <Ref id="ITD42" xmlns="" />
          </Parent>
        </Code>
        <Code id="030003" urn="urn:sdmx:org.sdmx.infomodel.codelist.Code=IT1:CL_REFAREA(1.2).030003">
          <Name xml:lang="it" xmlns="http://www.sdmx.org/resources/sdmxml/schemas/v2_1/common">Ampezzo</Name>
          <Name xml:lang="en" xmlns="http://www.sdmx.org/resources/sdmxml/schemas/v2_1/common">Ampezzo</Name>
          <Parent>
            <Ref id="ITD42" xmlns="" />
          </Parent>
        </Code>
        <Code id="030004" urn="urn:sdmx:org.sdmx.infomodel.codelist.Code=IT1:CL_REFAREA(1.2).030004">
          <Name xml:lang="it" xmlns="http://www.sdmx.org/resources/sdmxml/schemas/v2_1/common">Aquileia</Name>
          <Name xml:lang="en" xmlns="http://www.sdmx.org/resources/sdmxml/schemas/v2_1/common">Aquileia</Name>
          <Parent>
            <Ref id="ITD42" xmlns="" />
          </Parent>
        </Code>
        <Code id="030005" urn="urn:sdmx:org.sdmx.infomodel.codelist.Code=IT1:CL_REFAREA(1.2).030005">
          <Name xml:lang="it" xmlns="http://www.sdmx.org/resources/sdmxml/schemas/v2_1/common">Arta Terme</Name>
          <Name xml:lang="en" xmlns="http://www.sdmx.org/resources/sdmxml/schemas/v2_1/common">Arta Terme</Name>
          <Parent>
            <Ref id="ITD42" xmlns="" />
          </Parent>
        </Code>
        <Code id="030006" urn="urn:sdmx:org.sdmx.infomodel.codelist.Code=IT1:CL_REFAREA(1.2).030006">
          <Name xml:lang="it" xmlns="http://www.sdmx.org/resources/sdmxml/schemas/v2_1/common">Artegna</Name>
          <Name xml:lang="en" xmlns="http://www.sdmx.org/resources/sdmxml/schemas/v2_1/common">Artegna</Name>
          <Parent>
            <Ref id="ITD42" xmlns="" />
          </Parent>
        </Code>
        <Code id="030007" urn="urn:sdmx:org.sdmx.infomodel.codelist.Code=IT1:CL_REFAREA(1.2).030007">
          <Name xml:lang="it" xmlns="http://www.sdmx.org/resources/sdmxml/schemas/v2_1/common">Attimis</Name>
          <Name xml:lang="en" xmlns="http://www.sdmx.org/resources/sdmxml/schemas/v2_1/common">Attimis</Name>
          <Parent>
            <Ref id="ITD42" xmlns="" />
          </Parent>
        </Code>
        <Code id="030008" urn="urn:sdmx:org.sdmx.infomodel.codelist.Code=IT1:CL_REFAREA(1.2).030008">
          <Name xml:lang="it" xmlns="http://www.sdmx.org/resources/sdmxml/schemas/v2_1/common">Bagnaria Arsa</Name>
          <Name xml:lang="en" xmlns="http://www.sdmx.org/resources/sdmxml/schemas/v2_1/common">Bagnaria Arsa</Name>
          <Parent>
            <Ref id="ITD42" xmlns="" />
          </Parent>
        </Code>
        <Code id="030009" urn="urn:sdmx:org.sdmx.infomodel.codelist.Code=IT1:CL_REFAREA(1.2).030009">
          <Name xml:lang="it" xmlns="http://www.sdmx.org/resources/sdmxml/schemas/v2_1/common">Basiliano</Name>
          <Name xml:lang="en" xmlns="http://www.sdmx.org/resources/sdmxml/schemas/v2_1/common">Basiliano</Name>
          <Parent>
            <Ref id="ITD42" xmlns="" />
          </Parent>
        </Code>
        <Code id="030010" urn="urn:sdmx:org.sdmx.infomodel.codelist.Code=IT1:CL_REFAREA(1.2).030010">
          <Name xml:lang="it" xmlns="http://www.sdmx.org/resources/sdmxml/schemas/v2_1/common">Bertiolo</Name>
          <Name xml:lang="en" xmlns="http://www.sdmx.org/resources/sdmxml/schemas/v2_1/common">Bertiolo</Name>
          <Parent>
            <Ref id="ITD42" xmlns="" />
          </Parent>
        </Code>
        <Code id="030011" urn="urn:sdmx:org.sdmx.infomodel.codelist.Code=IT1:CL_REFAREA(1.2).030011">
          <Name xml:lang="it" xmlns="http://www.sdmx.org/resources/sdmxml/schemas/v2_1/common">Bicinicco</Name>
          <Name xml:lang="en" xmlns="http://www.sdmx.org/resources/sdmxml/schemas/v2_1/common">Bicinicco</Name>
          <Parent>
            <Ref id="ITD42" xmlns="" />
          </Parent>
        </Code>
        <Code id="030012" urn="urn:sdmx:org.sdmx.infomodel.codelist.Code=IT1:CL_REFAREA(1.2).030012">
          <Name xml:lang="it" xmlns="http://www.sdmx.org/resources/sdmxml/schemas/v2_1/common">Bordano</Name>
          <Name xml:lang="en" xmlns="http://www.sdmx.org/resources/sdmxml/schemas/v2_1/common">Bordano</Name>
          <Parent>
            <Ref id="ITD42" xmlns="" />
          </Parent>
        </Code>
        <Code id="030013" urn="urn:sdmx:org.sdmx.infomodel.codelist.Code=IT1:CL_REFAREA(1.2).030013">
          <Name xml:lang="it" xmlns="http://www.sdmx.org/resources/sdmxml/schemas/v2_1/common">Buja</Name>
          <Name xml:lang="en" xmlns="http://www.sdmx.org/resources/sdmxml/schemas/v2_1/common">Buja</Name>
          <Parent>
            <Ref id="ITD42" xmlns="" />
          </Parent>
        </Code>
        <Code id="030014" urn="urn:sdmx:org.sdmx.infomodel.codelist.Code=IT1:CL_REFAREA(1.2).030014">
          <Name xml:lang="it" xmlns="http://www.sdmx.org/resources/sdmxml/schemas/v2_1/common">Buttrio</Name>
          <Name xml:lang="en" xmlns="http://www.sdmx.org/resources/sdmxml/schemas/v2_1/common">Buttrio</Name>
          <Parent>
            <Ref id="ITD42" xmlns="" />
          </Parent>
        </Code>
        <Code id="030015" urn="urn:sdmx:org.sdmx.infomodel.codelist.Code=IT1:CL_REFAREA(1.2).030015">
          <Name xml:lang="it" xmlns="http://www.sdmx.org/resources/sdmxml/schemas/v2_1/common">Camino al Tagliamento</Name>
          <Name xml:lang="en" xmlns="http://www.sdmx.org/resources/sdmxml/schemas/v2_1/common">Camino al Tagliamento</Name>
          <Parent>
            <Ref id="ITD42" xmlns="" />
          </Parent>
        </Code>
        <Code id="030016" urn="urn:sdmx:org.sdmx.infomodel.codelist.Code=IT1:CL_REFAREA(1.2).030016">
          <Name xml:lang="it" xmlns="http://www.sdmx.org/resources/sdmxml/schemas/v2_1/common">Campoformido</Name>
          <Name xml:lang="en" xmlns="http://www.sdmx.org/resources/sdmxml/schemas/v2_1/common">Campoformido</Name>
          <Parent>
            <Ref id="ITD42" xmlns="" />
          </Parent>
        </Code>
        <Code id="030017" urn="urn:sdmx:org.sdmx.infomodel.codelist.Code=IT1:CL_REFAREA(1.2).030017">
          <Name xml:lang="it" xmlns="http://www.sdmx.org/resources/sdmxml/schemas/v2_1/common">Campolongo al Torre</Name>
          <Name xml:lang="en" xmlns="http://www.sdmx.org/resources/sdmxml/schemas/v2_1/common">Campolongo al Torre</Name>
          <Parent>
            <Ref id="ITD42" xmlns="" />
          </Parent>
        </Code>
        <Code id="030018" urn="urn:sdmx:org.sdmx.infomodel.codelist.Code=IT1:CL_REFAREA(1.2).030018">
          <Name xml:lang="it" xmlns="http://www.sdmx.org/resources/sdmxml/schemas/v2_1/common">Carlino</Name>
          <Name xml:lang="en" xmlns="http://www.sdmx.org/resources/sdmxml/schemas/v2_1/common">Carlino</Name>
          <Parent>
            <Ref id="ITD42" xmlns="" />
          </Parent>
        </Code>
        <Code id="030019" urn="urn:sdmx:org.sdmx.infomodel.codelist.Code=IT1:CL_REFAREA(1.2).030019">
          <Name xml:lang="it" xmlns="http://www.sdmx.org/resources/sdmxml/schemas/v2_1/common">Cassacco</Name>
          <Name xml:lang="en" xmlns="http://www.sdmx.org/resources/sdmxml/schemas/v2_1/common">Cassacco</Name>
          <Parent>
            <Ref id="ITD42" xmlns="" />
          </Parent>
        </Code>
        <Code id="030020" urn="urn:sdmx:org.sdmx.infomodel.codelist.Code=IT1:CL_REFAREA(1.2).030020">
          <Name xml:lang="it" xmlns="http://www.sdmx.org/resources/sdmxml/schemas/v2_1/common">Castions di Strada</Name>
          <Name xml:lang="en" xmlns="http://www.sdmx.org/resources/sdmxml/schemas/v2_1/common">Castions di Strada</Name>
          <Parent>
            <Ref id="ITD42" xmlns="" />
          </Parent>
        </Code>
        <Code id="030021" urn="urn:sdmx:org.sdmx.infomodel.codelist.Code=IT1:CL_REFAREA(1.2).030021">
          <Name xml:lang="it" xmlns="http://www.sdmx.org/resources/sdmxml/schemas/v2_1/common">Cavazzo Carnico</Name>
          <Name xml:lang="en" xmlns="http://www.sdmx.org/resources/sdmxml/schemas/v2_1/common">Cavazzo Carnico</Name>
          <Parent>
            <Ref id="ITD42" xmlns="" />
          </Parent>
        </Code>
        <Code id="030022" urn="urn:sdmx:org.sdmx.infomodel.codelist.Code=IT1:CL_REFAREA(1.2).030022">
          <Name xml:lang="it" xmlns="http://www.sdmx.org/resources/sdmxml/schemas/v2_1/common">Cercivento</Name>
          <Name xml:lang="en" xmlns="http://www.sdmx.org/resources/sdmxml/schemas/v2_1/common">Cercivento</Name>
          <Parent>
            <Ref id="ITD42" xmlns="" />
          </Parent>
        </Code>
        <Code id="030023" urn="urn:sdmx:org.sdmx.infomodel.codelist.Code=IT1:CL_REFAREA(1.2).030023">
          <Name xml:lang="it" xmlns="http://www.sdmx.org/resources/sdmxml/schemas/v2_1/common">Cervignano del Friuli</Name>
          <Name xml:lang="en" xmlns="http://www.sdmx.org/resources/sdmxml/schemas/v2_1/common">Cervignano del Friuli</Name>
          <Parent>
            <Ref id="ITD42" xmlns="" />
          </Parent>
        </Code>
        <Code id="030024" urn="urn:sdmx:org.sdmx.infomodel.codelist.Code=IT1:CL_REFAREA(1.2).030024">
          <Name xml:lang="it" xmlns="http://www.sdmx.org/resources/sdmxml/schemas/v2_1/common">Chiopris-Viscone</Name>
          <Name xml:lang="en" xmlns="http://www.sdmx.org/resources/sdmxml/schemas/v2_1/common">Chiopris-Viscone</Name>
          <Parent>
            <Ref id="ITD42" xmlns="" />
          </Parent>
        </Code>
        <Code id="030025" urn="urn:sdmx:org.sdmx.infomodel.codelist.Code=IT1:CL_REFAREA(1.2).030025">
          <Name xml:lang="it" xmlns="http://www.sdmx.org/resources/sdmxml/schemas/v2_1/common">Chiusaforte</Name>
          <Name xml:lang="en" xmlns="http://www.sdmx.org/resources/sdmxml/schemas/v2_1/common">Chiusaforte</Name>
          <Parent>
            <Ref id="ITD42" xmlns="" />
          </Parent>
        </Code>
        <Code id="030026" urn="urn:sdmx:org.sdmx.infomodel.codelist.Code=IT1:CL_REFAREA(1.2).030026">
          <Name xml:lang="it" xmlns="http://www.sdmx.org/resources/sdmxml/schemas/v2_1/common">Cividale del Friuli</Name>
          <Name xml:lang="en" xmlns="http://www.sdmx.org/resources/sdmxml/schemas/v2_1/common">Cividale del Friuli</Name>
          <Parent>
            <Ref id="ITD42" xmlns="" />
          </Parent>
        </Code>
        <Code id="030027" urn="urn:sdmx:org.sdmx.infomodel.codelist.Code=IT1:CL_REFAREA(1.2).030027">
          <Name xml:lang="it" xmlns="http://www.sdmx.org/resources/sdmxml/schemas/v2_1/common">Codroipo</Name>
          <Name xml:lang="en" xmlns="http://www.sdmx.org/resources/sdmxml/schemas/v2_1/common">Codroipo</Name>
          <Parent>
            <Ref id="ITD42" xmlns="" />
          </Parent>
        </Code>
        <Code id="030028" urn="urn:sdmx:org.sdmx.infomodel.codelist.Code=IT1:CL_REFAREA(1.2).030028">
          <Name xml:lang="it" xmlns="http://www.sdmx.org/resources/sdmxml/schemas/v2_1/common">Colloredo di Monte Albano</Name>
          <Name xml:lang="en" xmlns="http://www.sdmx.org/resources/sdmxml/schemas/v2_1/common">Colloredo di Monte Albano</Name>
          <Parent>
            <Ref id="ITD42" xmlns="" />
          </Parent>
        </Code>
        <Code id="030029" urn="urn:sdmx:org.sdmx.infomodel.codelist.Code=IT1:CL_REFAREA(1.2).030029">
          <Name xml:lang="it" xmlns="http://www.sdmx.org/resources/sdmxml/schemas/v2_1/common">Comeglians</Name>
          <Name xml:lang="en" xmlns="http://www.sdmx.org/resources/sdmxml/schemas/v2_1/common">Comeglians</Name>
          <Parent>
            <Ref id="ITD42" xmlns="" />
          </Parent>
        </Code>
        <Code id="030030" urn="urn:sdmx:org.sdmx.infomodel.codelist.Code=IT1:CL_REFAREA(1.2).030030">
          <Name xml:lang="it" xmlns="http://www.sdmx.org/resources/sdmxml/schemas/v2_1/common">Corno di Rosazzo</Name>
          <Name xml:lang="en" xmlns="http://www.sdmx.org/resources/sdmxml/schemas/v2_1/common">Corno di Rosazzo</Name>
          <Parent>
            <Ref id="ITD42" xmlns="" />
          </Parent>
        </Code>
        <Code id="030031" urn="urn:sdmx:org.sdmx.infomodel.codelist.Code=IT1:CL_REFAREA(1.2).030031">
          <Name xml:lang="it" xmlns="http://www.sdmx.org/resources/sdmxml/schemas/v2_1/common">Coseano</Name>
          <Name xml:lang="en" xmlns="http://www.sdmx.org/resources/sdmxml/schemas/v2_1/common">Coseano</Name>
          <Parent>
            <Ref id="ITD42" xmlns="" />
          </Parent>
        </Code>
        <Code id="030032" urn="urn:sdmx:org.sdmx.infomodel.codelist.Code=IT1:CL_REFAREA(1.2).030032">
          <Name xml:lang="it" xmlns="http://www.sdmx.org/resources/sdmxml/schemas/v2_1/common">Dignano</Name>
          <Name xml:lang="en" xmlns="http://www.sdmx.org/resources/sdmxml/schemas/v2_1/common">Dignano</Name>
          <Parent>
            <Ref id="ITD42" xmlns="" />
          </Parent>
        </Code>
        <Code id="030033" urn="urn:sdmx:org.sdmx.infomodel.codelist.Code=IT1:CL_REFAREA(1.2).030033">
          <Name xml:lang="it" xmlns="http://www.sdmx.org/resources/sdmxml/schemas/v2_1/common">Dogna</Name>
          <Name xml:lang="en" xmlns="http://www.sdmx.org/resources/sdmxml/schemas/v2_1/common">Dogna</Name>
          <Parent>
            <Ref id="ITD42" xmlns="" />
          </Parent>
        </Code>
        <Code id="030034" urn="urn:sdmx:org.sdmx.infomodel.codelist.Code=IT1:CL_REFAREA(1.2).030034">
          <Name xml:lang="it" xmlns="http://www.sdmx.org/resources/sdmxml/schemas/v2_1/common">Drenchia</Name>
          <Name xml:lang="en" xmlns="http://www.sdmx.org/resources/sdmxml/schemas/v2_1/common">Drenchia</Name>
          <Parent>
            <Ref id="ITD42" xmlns="" />
          </Parent>
        </Code>
        <Code id="030035" urn="urn:sdmx:org.sdmx.infomodel.codelist.Code=IT1:CL_REFAREA(1.2).030035">
          <Name xml:lang="it" xmlns="http://www.sdmx.org/resources/sdmxml/schemas/v2_1/common">Enemonzo</Name>
          <Name xml:lang="en" xmlns="http://www.sdmx.org/resources/sdmxml/schemas/v2_1/common">Enemonzo</Name>
          <Parent>
            <Ref id="ITD42" xmlns="" />
          </Parent>
        </Code>
        <Code id="030036" urn="urn:sdmx:org.sdmx.infomodel.codelist.Code=IT1:CL_REFAREA(1.2).030036">
          <Name xml:lang="it" xmlns="http://www.sdmx.org/resources/sdmxml/schemas/v2_1/common">Faedis</Name>
          <Name xml:lang="en" xmlns="http://www.sdmx.org/resources/sdmxml/schemas/v2_1/common">Faedis</Name>
          <Parent>
            <Ref id="ITD42" xmlns="" />
          </Parent>
        </Code>
        <Code id="030037" urn="urn:sdmx:org.sdmx.infomodel.codelist.Code=IT1:CL_REFAREA(1.2).030037">
          <Name xml:lang="it" xmlns="http://www.sdmx.org/resources/sdmxml/schemas/v2_1/common">Fagagna</Name>
          <Name xml:lang="en" xmlns="http://www.sdmx.org/resources/sdmxml/schemas/v2_1/common">Fagagna</Name>
          <Parent>
            <Ref id="ITD42" xmlns="" />
          </Parent>
        </Code>
        <Code id="030038" urn="urn:sdmx:org.sdmx.infomodel.codelist.Code=IT1:CL_REFAREA(1.2).030038">
          <Name xml:lang="it" xmlns="http://www.sdmx.org/resources/sdmxml/schemas/v2_1/common">Fiumicello</Name>
          <Name xml:lang="en" xmlns="http://www.sdmx.org/resources/sdmxml/schemas/v2_1/common">Fiumicello</Name>
          <Parent>
            <Ref id="ITD42" xmlns="" />
          </Parent>
        </Code>
        <Code id="030039" urn="urn:sdmx:org.sdmx.infomodel.codelist.Code=IT1:CL_REFAREA(1.2).030039">
          <Name xml:lang="it" xmlns="http://www.sdmx.org/resources/sdmxml/schemas/v2_1/common">Flaibano</Name>
          <Name xml:lang="en" xmlns="http://www.sdmx.org/resources/sdmxml/schemas/v2_1/common">Flaibano</Name>
          <Parent>
            <Ref id="ITD42" xmlns="" />
          </Parent>
        </Code>
        <Code id="030040" urn="urn:sdmx:org.sdmx.infomodel.codelist.Code=IT1:CL_REFAREA(1.2).030040">
          <Name xml:lang="it" xmlns="http://www.sdmx.org/resources/sdmxml/schemas/v2_1/common">Forni Avoltri</Name>
          <Name xml:lang="en" xmlns="http://www.sdmx.org/resources/sdmxml/schemas/v2_1/common">Forni Avoltri</Name>
          <Parent>
            <Ref id="ITD42" xmlns="" />
          </Parent>
        </Code>
        <Code id="030041" urn="urn:sdmx:org.sdmx.infomodel.codelist.Code=IT1:CL_REFAREA(1.2).030041">
          <Name xml:lang="it" xmlns="http://www.sdmx.org/resources/sdmxml/schemas/v2_1/common">Forni di Sopra</Name>
          <Name xml:lang="en" xmlns="http://www.sdmx.org/resources/sdmxml/schemas/v2_1/common">Forni di Sopra</Name>
          <Parent>
            <Ref id="ITD42" xmlns="" />
          </Parent>
        </Code>
        <Code id="030042" urn="urn:sdmx:org.sdmx.infomodel.codelist.Code=IT1:CL_REFAREA(1.2).030042">
          <Name xml:lang="it" xmlns="http://www.sdmx.org/resources/sdmxml/schemas/v2_1/common">Forni di Sotto</Name>
          <Name xml:lang="en" xmlns="http://www.sdmx.org/resources/sdmxml/schemas/v2_1/common">Forni di Sotto</Name>
          <Parent>
            <Ref id="ITD42" xmlns="" />
          </Parent>
        </Code>
        <Code id="030043" urn="urn:sdmx:org.sdmx.infomodel.codelist.Code=IT1:CL_REFAREA(1.2).030043">
          <Name xml:lang="it" xmlns="http://www.sdmx.org/resources/sdmxml/schemas/v2_1/common">Gemona del Friuli</Name>
          <Name xml:lang="en" xmlns="http://www.sdmx.org/resources/sdmxml/schemas/v2_1/common">Gemona del Friuli</Name>
          <Parent>
            <Ref id="ITD42" xmlns="" />
          </Parent>
        </Code>
        <Code id="030044" urn="urn:sdmx:org.sdmx.infomodel.codelist.Code=IT1:CL_REFAREA(1.2).030044">
          <Name xml:lang="it" xmlns="http://www.sdmx.org/resources/sdmxml/schemas/v2_1/common">Gonars</Name>
          <Name xml:lang="en" xmlns="http://www.sdmx.org/resources/sdmxml/schemas/v2_1/common">Gonars</Name>
          <Parent>
            <Ref id="ITD42" xmlns="" />
          </Parent>
        </Code>
        <Code id="030045" urn="urn:sdmx:org.sdmx.infomodel.codelist.Code=IT1:CL_REFAREA(1.2).030045">
          <Name xml:lang="it" xmlns="http://www.sdmx.org/resources/sdmxml/schemas/v2_1/common">Grimacco</Name>
          <Name xml:lang="en" xmlns="http://www.sdmx.org/resources/sdmxml/schemas/v2_1/common">Grimacco</Name>
          <Parent>
            <Ref id="ITD42" xmlns="" />
          </Parent>
        </Code>
        <Code id="030046" urn="urn:sdmx:org.sdmx.infomodel.codelist.Code=IT1:CL_REFAREA(1.2).030046">
          <Name xml:lang="it" xmlns="http://www.sdmx.org/resources/sdmxml/schemas/v2_1/common">Latisana</Name>
          <Name xml:lang="en" xmlns="http://www.sdmx.org/resources/sdmxml/schemas/v2_1/common">Latisana</Name>
          <Parent>
            <Ref id="ITD42" xmlns="" />
          </Parent>
        </Code>
        <Code id="030047" urn="urn:sdmx:org.sdmx.infomodel.codelist.Code=IT1:CL_REFAREA(1.2).030047">
          <Name xml:lang="it" xmlns="http://www.sdmx.org/resources/sdmxml/schemas/v2_1/common">Lauco</Name>
          <Name xml:lang="en" xmlns="http://www.sdmx.org/resources/sdmxml/schemas/v2_1/common">Lauco</Name>
          <Parent>
            <Ref id="ITD42" xmlns="" />
          </Parent>
        </Code>
        <Code id="030048" urn="urn:sdmx:org.sdmx.infomodel.codelist.Code=IT1:CL_REFAREA(1.2).030048">
          <Name xml:lang="it" xmlns="http://www.sdmx.org/resources/sdmxml/schemas/v2_1/common">Lestizza</Name>
          <Name xml:lang="en" xmlns="http://www.sdmx.org/resources/sdmxml/schemas/v2_1/common">Lestizza</Name>
          <Parent>
            <Ref id="ITD42" xmlns="" />
          </Parent>
        </Code>
        <Code id="030049" urn="urn:sdmx:org.sdmx.infomodel.codelist.Code=IT1:CL_REFAREA(1.2).030049">
          <Name xml:lang="it" xmlns="http://www.sdmx.org/resources/sdmxml/schemas/v2_1/common">Lignano Sabbiadoro</Name>
          <Name xml:lang="en" xmlns="http://www.sdmx.org/resources/sdmxml/schemas/v2_1/common">Lignano Sabbiadoro</Name>
          <Parent>
            <Ref id="ITD42" xmlns="" />
          </Parent>
        </Code>
        <Code id="030050" urn="urn:sdmx:org.sdmx.infomodel.codelist.Code=IT1:CL_REFAREA(1.2).030050">
          <Name xml:lang="it" xmlns="http://www.sdmx.org/resources/sdmxml/schemas/v2_1/common">Ligosullo</Name>
          <Name xml:lang="en" xmlns="http://www.sdmx.org/resources/sdmxml/schemas/v2_1/common">Ligosullo</Name>
          <Parent>
            <Ref id="ITD42" xmlns="" />
          </Parent>
        </Code>
        <Code id="030051" urn="urn:sdmx:org.sdmx.infomodel.codelist.Code=IT1:CL_REFAREA(1.2).030051">
          <Name xml:lang="it" xmlns="http://www.sdmx.org/resources/sdmxml/schemas/v2_1/common">Lusevera</Name>
          <Name xml:lang="en" xmlns="http://www.sdmx.org/resources/sdmxml/schemas/v2_1/common">Lusevera</Name>
          <Parent>
            <Ref id="ITD42" xmlns="" />
          </Parent>
        </Code>
        <Code id="030052" urn="urn:sdmx:org.sdmx.infomodel.codelist.Code=IT1:CL_REFAREA(1.2).030052">
          <Name xml:lang="it" xmlns="http://www.sdmx.org/resources/sdmxml/schemas/v2_1/common">Magnano in Riviera</Name>
          <Name xml:lang="en" xmlns="http://www.sdmx.org/resources/sdmxml/schemas/v2_1/common">Magnano in Riviera</Name>
          <Parent>
            <Ref id="ITD42" xmlns="" />
          </Parent>
        </Code>
        <Code id="030053" urn="urn:sdmx:org.sdmx.infomodel.codelist.Code=IT1:CL_REFAREA(1.2).030053">
          <Name xml:lang="it" xmlns="http://www.sdmx.org/resources/sdmxml/schemas/v2_1/common">Majano</Name>
          <Name xml:lang="en" xmlns="http://www.sdmx.org/resources/sdmxml/schemas/v2_1/common">Majano</Name>
          <Parent>
            <Ref id="ITD42" xmlns="" />
          </Parent>
        </Code>
        <Code id="030054" urn="urn:sdmx:org.sdmx.infomodel.codelist.Code=IT1:CL_REFAREA(1.2).030054">
          <Name xml:lang="it" xmlns="http://www.sdmx.org/resources/sdmxml/schemas/v2_1/common">Malborghetto Valbruna</Name>
          <Name xml:lang="en" xmlns="http://www.sdmx.org/resources/sdmxml/schemas/v2_1/common">Malborghetto Valbruna</Name>
          <Parent>
            <Ref id="ITD42" xmlns="" />
          </Parent>
        </Code>
        <Code id="030055" urn="urn:sdmx:org.sdmx.infomodel.codelist.Code=IT1:CL_REFAREA(1.2).030055">
          <Name xml:lang="it" xmlns="http://www.sdmx.org/resources/sdmxml/schemas/v2_1/common">Manzano</Name>
          <Name xml:lang="en" xmlns="http://www.sdmx.org/resources/sdmxml/schemas/v2_1/common">Manzano</Name>
          <Parent>
            <Ref id="ITD42" xmlns="" />
          </Parent>
        </Code>
        <Code id="030056" urn="urn:sdmx:org.sdmx.infomodel.codelist.Code=IT1:CL_REFAREA(1.2).030056">
          <Name xml:lang="it" xmlns="http://www.sdmx.org/resources/sdmxml/schemas/v2_1/common">Marano Lagunare</Name>
          <Name xml:lang="en" xmlns="http://www.sdmx.org/resources/sdmxml/schemas/v2_1/common">Marano Lagunare</Name>
          <Parent>
            <Ref id="ITD42" xmlns="" />
          </Parent>
        </Code>
        <Code id="030057" urn="urn:sdmx:org.sdmx.infomodel.codelist.Code=IT1:CL_REFAREA(1.2).030057">
          <Name xml:lang="it" xmlns="http://www.sdmx.org/resources/sdmxml/schemas/v2_1/common">Martignacco</Name>
          <Name xml:lang="en" xmlns="http://www.sdmx.org/resources/sdmxml/schemas/v2_1/common">Martignacco</Name>
          <Parent>
            <Ref id="ITD42" xmlns="" />
          </Parent>
        </Code>
        <Code id="030058" urn="urn:sdmx:org.sdmx.infomodel.codelist.Code=IT1:CL_REFAREA(1.2).030058">
          <Name xml:lang="it" xmlns="http://www.sdmx.org/resources/sdmxml/schemas/v2_1/common">Mereto di Tomba</Name>
          <Name xml:lang="en" xmlns="http://www.sdmx.org/resources/sdmxml/schemas/v2_1/common">Mereto di Tomba</Name>
          <Parent>
            <Ref id="ITD42" xmlns="" />
          </Parent>
        </Code>
        <Code id="030059" urn="urn:sdmx:org.sdmx.infomodel.codelist.Code=IT1:CL_REFAREA(1.2).030059">
          <Name xml:lang="it" xmlns="http://www.sdmx.org/resources/sdmxml/schemas/v2_1/common">Moggio Udinese</Name>
          <Name xml:lang="en" xmlns="http://www.sdmx.org/resources/sdmxml/schemas/v2_1/common">Moggio Udinese</Name>
          <Parent>
            <Ref id="ITD42" xmlns="" />
          </Parent>
        </Code>
        <Code id="030060" urn="urn:sdmx:org.sdmx.infomodel.codelist.Code=IT1:CL_REFAREA(1.2).030060">
          <Name xml:lang="it" xmlns="http://www.sdmx.org/resources/sdmxml/schemas/v2_1/common">Moimacco</Name>
          <Name xml:lang="en" xmlns="http://www.sdmx.org/resources/sdmxml/schemas/v2_1/common">Moimacco</Name>
          <Parent>
            <Ref id="ITD42" xmlns="" />
          </Parent>
        </Code>
        <Code id="030061" urn="urn:sdmx:org.sdmx.infomodel.codelist.Code=IT1:CL_REFAREA(1.2).030061">
          <Name xml:lang="it" xmlns="http://www.sdmx.org/resources/sdmxml/schemas/v2_1/common">Montenars</Name>
          <Name xml:lang="en" xmlns="http://www.sdmx.org/resources/sdmxml/schemas/v2_1/common">Montenars</Name>
          <Parent>
            <Ref id="ITD42" xmlns="" />
          </Parent>
        </Code>
        <Code id="030062" urn="urn:sdmx:org.sdmx.infomodel.codelist.Code=IT1:CL_REFAREA(1.2).030062">
          <Name xml:lang="it" xmlns="http://www.sdmx.org/resources/sdmxml/schemas/v2_1/common">Mortegliano</Name>
          <Name xml:lang="en" xmlns="http://www.sdmx.org/resources/sdmxml/schemas/v2_1/common">Mortegliano</Name>
          <Parent>
            <Ref id="ITD42" xmlns="" />
          </Parent>
        </Code>
        <Code id="030063" urn="urn:sdmx:org.sdmx.infomodel.codelist.Code=IT1:CL_REFAREA(1.2).030063">
          <Name xml:lang="it" xmlns="http://www.sdmx.org/resources/sdmxml/schemas/v2_1/common">Moruzzo</Name>
          <Name xml:lang="en" xmlns="http://www.sdmx.org/resources/sdmxml/schemas/v2_1/common">Moruzzo</Name>
          <Parent>
            <Ref id="ITD42" xmlns="" />
          </Parent>
        </Code>
        <Code id="030064" urn="urn:sdmx:org.sdmx.infomodel.codelist.Code=IT1:CL_REFAREA(1.2).030064">
          <Name xml:lang="it" xmlns="http://www.sdmx.org/resources/sdmxml/schemas/v2_1/common">Muzzana del Turgnano</Name>
          <Name xml:lang="en" xmlns="http://www.sdmx.org/resources/sdmxml/schemas/v2_1/common">Muzzana del Turgnano</Name>
          <Parent>
            <Ref id="ITD42" xmlns="" />
          </Parent>
        </Code>
        <Code id="030065" urn="urn:sdmx:org.sdmx.infomodel.codelist.Code=IT1:CL_REFAREA(1.2).030065">
          <Name xml:lang="it" xmlns="http://www.sdmx.org/resources/sdmxml/schemas/v2_1/common">Nimis</Name>
          <Name xml:lang="en" xmlns="http://www.sdmx.org/resources/sdmxml/schemas/v2_1/common">Nimis</Name>
          <Parent>
            <Ref id="ITD42" xmlns="" />
          </Parent>
        </Code>
        <Code id="030066" urn="urn:sdmx:org.sdmx.infomodel.codelist.Code=IT1:CL_REFAREA(1.2).030066">
          <Name xml:lang="it" xmlns="http://www.sdmx.org/resources/sdmxml/schemas/v2_1/common">Osoppo</Name>
          <Name xml:lang="en" xmlns="http://www.sdmx.org/resources/sdmxml/schemas/v2_1/common">Osoppo</Name>
          <Parent>
            <Ref id="ITD42" xmlns="" />
          </Parent>
        </Code>
        <Code id="030067" urn="urn:sdmx:org.sdmx.infomodel.codelist.Code=IT1:CL_REFAREA(1.2).030067">
          <Name xml:lang="it" xmlns="http://www.sdmx.org/resources/sdmxml/schemas/v2_1/common">Ovaro</Name>
          <Name xml:lang="en" xmlns="http://www.sdmx.org/resources/sdmxml/schemas/v2_1/common">Ovaro</Name>
          <Parent>
            <Ref id="ITD42" xmlns="" />
          </Parent>
        </Code>
        <Code id="030068" urn="urn:sdmx:org.sdmx.infomodel.codelist.Code=IT1:CL_REFAREA(1.2).030068">
          <Name xml:lang="it" xmlns="http://www.sdmx.org/resources/sdmxml/schemas/v2_1/common">Pagnacco</Name>
          <Name xml:lang="en" xmlns="http://www.sdmx.org/resources/sdmxml/schemas/v2_1/common">Pagnacco</Name>
          <Parent>
            <Ref id="ITD42" xmlns="" />
          </Parent>
        </Code>
        <Code id="030069" urn="urn:sdmx:org.sdmx.infomodel.codelist.Code=IT1:CL_REFAREA(1.2).030069">
          <Name xml:lang="it" xmlns="http://www.sdmx.org/resources/sdmxml/schemas/v2_1/common">Palazzolo dello Stella</Name>
          <Name xml:lang="en" xmlns="http://www.sdmx.org/resources/sdmxml/schemas/v2_1/common">Palazzolo dello Stella</Name>
          <Parent>
            <Ref id="ITD42" xmlns="" />
          </Parent>
        </Code>
        <Code id="030070" urn="urn:sdmx:org.sdmx.infomodel.codelist.Code=IT1:CL_REFAREA(1.2).030070">
          <Name xml:lang="it" xmlns="http://www.sdmx.org/resources/sdmxml/schemas/v2_1/common">Palmanova</Name>
          <Name xml:lang="en" xmlns="http://www.sdmx.org/resources/sdmxml/schemas/v2_1/common">Palmanova</Name>
          <Parent>
            <Ref id="ITD42" xmlns="" />
          </Parent>
        </Code>
        <Code id="030071" urn="urn:sdmx:org.sdmx.infomodel.codelist.Code=IT1:CL_REFAREA(1.2).030071">
          <Name xml:lang="it" xmlns="http://www.sdmx.org/resources/sdmxml/schemas/v2_1/common">Paluzza</Name>
          <Name xml:lang="en" xmlns="http://www.sdmx.org/resources/sdmxml/schemas/v2_1/common">Paluzza</Name>
          <Parent>
            <Ref id="ITD42" xmlns="" />
          </Parent>
        </Code>
        <Code id="030072" urn="urn:sdmx:org.sdmx.infomodel.codelist.Code=IT1:CL_REFAREA(1.2).030072">
          <Name xml:lang="it" xmlns="http://www.sdmx.org/resources/sdmxml/schemas/v2_1/common">Pasian di Prato</Name>
          <Name xml:lang="en" xmlns="http://www.sdmx.org/resources/sdmxml/schemas/v2_1/common">Pasian di Prato</Name>
          <Parent>
            <Ref id="ITD42" xmlns="" />
          </Parent>
        </Code>
        <Code id="030073" urn="urn:sdmx:org.sdmx.infomodel.codelist.Code=IT1:CL_REFAREA(1.2).030073">
          <Name xml:lang="it" xmlns="http://www.sdmx.org/resources/sdmxml/schemas/v2_1/common">Paularo</Name>
          <Name xml:lang="en" xmlns="http://www.sdmx.org/resources/sdmxml/schemas/v2_1/common">Paularo</Name>
          <Parent>
            <Ref id="ITD42" xmlns="" />
          </Parent>
        </Code>
        <Code id="030074" urn="urn:sdmx:org.sdmx.infomodel.codelist.Code=IT1:CL_REFAREA(1.2).030074">
          <Name xml:lang="it" xmlns="http://www.sdmx.org/resources/sdmxml/schemas/v2_1/common">Pavia di Udine</Name>
          <Name xml:lang="en" xmlns="http://www.sdmx.org/resources/sdmxml/schemas/v2_1/common">Pavia di Udine</Name>
          <Parent>
            <Ref id="ITD42" xmlns="" />
          </Parent>
        </Code>
        <Code id="030075" urn="urn:sdmx:org.sdmx.infomodel.codelist.Code=IT1:CL_REFAREA(1.2).030075">
          <Name xml:lang="it" xmlns="http://www.sdmx.org/resources/sdmxml/schemas/v2_1/common">Pocenia</Name>
          <Name xml:lang="en" xmlns="http://www.sdmx.org/resources/sdmxml/schemas/v2_1/common">Pocenia</Name>
          <Parent>
            <Ref id="ITD42" xmlns="" />
          </Parent>
        </Code>
        <Code id="030076" urn="urn:sdmx:org.sdmx.infomodel.codelist.Code=IT1:CL_REFAREA(1.2).030076">
          <Name xml:lang="it" xmlns="http://www.sdmx.org/resources/sdmxml/schemas/v2_1/common">Pontebba</Name>
          <Name xml:lang="en" xmlns="http://www.sdmx.org/resources/sdmxml/schemas/v2_1/common">Pontebba</Name>
          <Parent>
            <Ref id="ITD42" xmlns="" />
          </Parent>
        </Code>
        <Code id="030077" urn="urn:sdmx:org.sdmx.infomodel.codelist.Code=IT1:CL_REFAREA(1.2).030077">
          <Name xml:lang="it" xmlns="http://www.sdmx.org/resources/sdmxml/schemas/v2_1/common">Porpetto</Name>
          <Name xml:lang="en" xmlns="http://www.sdmx.org/resources/sdmxml/schemas/v2_1/common">Porpetto</Name>
          <Parent>
            <Ref id="ITD42" xmlns="" />
          </Parent>
        </Code>
        <Code id="030078" urn="urn:sdmx:org.sdmx.infomodel.codelist.Code=IT1:CL_REFAREA(1.2).030078">
          <Name xml:lang="it" xmlns="http://www.sdmx.org/resources/sdmxml/schemas/v2_1/common">Povoletto</Name>
          <Name xml:lang="en" xmlns="http://www.sdmx.org/resources/sdmxml/schemas/v2_1/common">Povoletto</Name>
          <Parent>
            <Ref id="ITD42" xmlns="" />
          </Parent>
        </Code>
        <Code id="030079" urn="urn:sdmx:org.sdmx.infomodel.codelist.Code=IT1:CL_REFAREA(1.2).030079">
          <Name xml:lang="it" xmlns="http://www.sdmx.org/resources/sdmxml/schemas/v2_1/common">Pozzuolo del Friuli</Name>
          <Name xml:lang="en" xmlns="http://www.sdmx.org/resources/sdmxml/schemas/v2_1/common">Pozzuolo del Friuli</Name>
          <Parent>
            <Ref id="ITD42" xmlns="" />
          </Parent>
        </Code>
        <Code id="030080" urn="urn:sdmx:org.sdmx.infomodel.codelist.Code=IT1:CL_REFAREA(1.2).030080">
          <Name xml:lang="it" xmlns="http://www.sdmx.org/resources/sdmxml/schemas/v2_1/common">Pradamano</Name>
          <Name xml:lang="en" xmlns="http://www.sdmx.org/resources/sdmxml/schemas/v2_1/common">Pradamano</Name>
          <Parent>
            <Ref id="ITD42" xmlns="" />
          </Parent>
        </Code>
        <Code id="030081" urn="urn:sdmx:org.sdmx.infomodel.codelist.Code=IT1:CL_REFAREA(1.2).030081">
          <Name xml:lang="it" xmlns="http://www.sdmx.org/resources/sdmxml/schemas/v2_1/common">Prato Carnico</Name>
          <Name xml:lang="en" xmlns="http://www.sdmx.org/resources/sdmxml/schemas/v2_1/common">Prato Carnico</Name>
          <Parent>
            <Ref id="ITD42" xmlns="" />
          </Parent>
        </Code>
        <Code id="030082" urn="urn:sdmx:org.sdmx.infomodel.codelist.Code=IT1:CL_REFAREA(1.2).030082">
          <Name xml:lang="it" xmlns="http://www.sdmx.org/resources/sdmxml/schemas/v2_1/common">Precenicco</Name>
          <Name xml:lang="en" xmlns="http://www.sdmx.org/resources/sdmxml/schemas/v2_1/common">Precenicco</Name>
          <Parent>
            <Ref id="ITD42" xmlns="" />
          </Parent>
        </Code>
        <Code id="030083" urn="urn:sdmx:org.sdmx.infomodel.codelist.Code=IT1:CL_REFAREA(1.2).030083">
          <Name xml:lang="it" xmlns="http://www.sdmx.org/resources/sdmxml/schemas/v2_1/common">Premariacco</Name>
          <Name xml:lang="en" xmlns="http://www.sdmx.org/resources/sdmxml/schemas/v2_1/common">Premariacco</Name>
          <Parent>
            <Ref id="ITD42" xmlns="" />
          </Parent>
        </Code>
        <Code id="030084" urn="urn:sdmx:org.sdmx.infomodel.codelist.Code=IT1:CL_REFAREA(1.2).030084">
          <Name xml:lang="it" xmlns="http://www.sdmx.org/resources/sdmxml/schemas/v2_1/common">Preone</Name>
          <Name xml:lang="en" xmlns="http://www.sdmx.org/resources/sdmxml/schemas/v2_1/common">Preone</Name>
          <Parent>
            <Ref id="ITD42" xmlns="" />
          </Parent>
        </Code>
        <Code id="030085" urn="urn:sdmx:org.sdmx.infomodel.codelist.Code=IT1:CL_REFAREA(1.2).030085">
          <Name xml:lang="it" xmlns="http://www.sdmx.org/resources/sdmxml/schemas/v2_1/common">Prepotto</Name>
          <Name xml:lang="en" xmlns="http://www.sdmx.org/resources/sdmxml/schemas/v2_1/common">Prepotto</Name>
          <Parent>
            <Ref id="ITD42" xmlns="" />
          </Parent>
        </Code>
        <Code id="030086" urn="urn:sdmx:org.sdmx.infomodel.codelist.Code=IT1:CL_REFAREA(1.2).030086">
          <Name xml:lang="it" xmlns="http://www.sdmx.org/resources/sdmxml/schemas/v2_1/common">Pulfero</Name>
          <Name xml:lang="en" xmlns="http://www.sdmx.org/resources/sdmxml/schemas/v2_1/common">Pulfero</Name>
          <Parent>
            <Ref id="ITD42" xmlns="" />
          </Parent>
        </Code>
        <Code id="030087" urn="urn:sdmx:org.sdmx.infomodel.codelist.Code=IT1:CL_REFAREA(1.2).030087">
          <Name xml:lang="it" xmlns="http://www.sdmx.org/resources/sdmxml/schemas/v2_1/common">Ragogna</Name>
          <Name xml:lang="en" xmlns="http://www.sdmx.org/resources/sdmxml/schemas/v2_1/common">Ragogna</Name>
          <Parent>
            <Ref id="ITD42" xmlns="" />
          </Parent>
        </Code>
        <Code id="030088" urn="urn:sdmx:org.sdmx.infomodel.codelist.Code=IT1:CL_REFAREA(1.2).030088">
          <Name xml:lang="it" xmlns="http://www.sdmx.org/resources/sdmxml/schemas/v2_1/common">Ravascletto</Name>
          <Name xml:lang="en" xmlns="http://www.sdmx.org/resources/sdmxml/schemas/v2_1/common">Ravascletto</Name>
          <Parent>
            <Ref id="ITD42" xmlns="" />
          </Parent>
        </Code>
        <Code id="030089" urn="urn:sdmx:org.sdmx.infomodel.codelist.Code=IT1:CL_REFAREA(1.2).030089">
          <Name xml:lang="it" xmlns="http://www.sdmx.org/resources/sdmxml/schemas/v2_1/common">Raveo</Name>
          <Name xml:lang="en" xmlns="http://www.sdmx.org/resources/sdmxml/schemas/v2_1/common">Raveo</Name>
          <Parent>
            <Ref id="ITD42" xmlns="" />
          </Parent>
        </Code>
        <Code id="030090" urn="urn:sdmx:org.sdmx.infomodel.codelist.Code=IT1:CL_REFAREA(1.2).030090">
          <Name xml:lang="it" xmlns="http://www.sdmx.org/resources/sdmxml/schemas/v2_1/common">Reana del Rojale</Name>
          <Name xml:lang="en" xmlns="http://www.sdmx.org/resources/sdmxml/schemas/v2_1/common">Reana del Rojale</Name>
          <Parent>
            <Ref id="ITD42" xmlns="" />
          </Parent>
        </Code>
        <Code id="030091" urn="urn:sdmx:org.sdmx.infomodel.codelist.Code=IT1:CL_REFAREA(1.2).030091">
          <Name xml:lang="it" xmlns="http://www.sdmx.org/resources/sdmxml/schemas/v2_1/common">Remanzacco</Name>
          <Name xml:lang="en" xmlns="http://www.sdmx.org/resources/sdmxml/schemas/v2_1/common">Remanzacco</Name>
          <Parent>
            <Ref id="ITD42" xmlns="" />
          </Parent>
        </Code>
        <Code id="030092" urn="urn:sdmx:org.sdmx.infomodel.codelist.Code=IT1:CL_REFAREA(1.2).030092">
          <Name xml:lang="it" xmlns="http://www.sdmx.org/resources/sdmxml/schemas/v2_1/common">Resia</Name>
          <Name xml:lang="en" xmlns="http://www.sdmx.org/resources/sdmxml/schemas/v2_1/common">Resia</Name>
          <Parent>
            <Ref id="ITD42" xmlns="" />
          </Parent>
        </Code>
        <Code id="030093" urn="urn:sdmx:org.sdmx.infomodel.codelist.Code=IT1:CL_REFAREA(1.2).030093">
          <Name xml:lang="it" xmlns="http://www.sdmx.org/resources/sdmxml/schemas/v2_1/common">Resiutta</Name>
          <Name xml:lang="en" xmlns="http://www.sdmx.org/resources/sdmxml/schemas/v2_1/common">Resiutta</Name>
          <Parent>
            <Ref id="ITD42" xmlns="" />
          </Parent>
        </Code>
        <Code id="030094" urn="urn:sdmx:org.sdmx.infomodel.codelist.Code=IT1:CL_REFAREA(1.2).030094">
          <Name xml:lang="it" xmlns="http://www.sdmx.org/resources/sdmxml/schemas/v2_1/common">Rigolato</Name>
          <Name xml:lang="en" xmlns="http://www.sdmx.org/resources/sdmxml/schemas/v2_1/common">Rigolato</Name>
          <Parent>
            <Ref id="ITD42" xmlns="" />
          </Parent>
        </Code>
        <Code id="030095" urn="urn:sdmx:org.sdmx.infomodel.codelist.Code=IT1:CL_REFAREA(1.2).030095">
          <Name xml:lang="it" xmlns="http://www.sdmx.org/resources/sdmxml/schemas/v2_1/common">Rive d'Arcano</Name>
          <Name xml:lang="en" xmlns="http://www.sdmx.org/resources/sdmxml/schemas/v2_1/common">Rive d'Arcano</Name>
          <Parent>
            <Ref id="ITD42" xmlns="" />
          </Parent>
        </Code>
        <Code id="030096" urn="urn:sdmx:org.sdmx.infomodel.codelist.Code=IT1:CL_REFAREA(1.2).030096">
          <Name xml:lang="it" xmlns="http://www.sdmx.org/resources/sdmxml/schemas/v2_1/common">Rivignano</Name>
          <Name xml:lang="en" xmlns="http://www.sdmx.org/resources/sdmxml/schemas/v2_1/common">Rivignano</Name>
          <Parent>
            <Ref id="ITD42" xmlns="" />
          </Parent>
        </Code>
        <Code id="030097" urn="urn:sdmx:org.sdmx.infomodel.codelist.Code=IT1:CL_REFAREA(1.2).030097">
          <Name xml:lang="it" xmlns="http://www.sdmx.org/resources/sdmxml/schemas/v2_1/common">Ronchis</Name>
          <Name xml:lang="en" xmlns="http://www.sdmx.org/resources/sdmxml/schemas/v2_1/common">Ronchis</Name>
          <Parent>
            <Ref id="ITD42" xmlns="" />
          </Parent>
        </Code>
        <Code id="030098" urn="urn:sdmx:org.sdmx.infomodel.codelist.Code=IT1:CL_REFAREA(1.2).030098">
          <Name xml:lang="it" xmlns="http://www.sdmx.org/resources/sdmxml/schemas/v2_1/common">Ruda</Name>
          <Name xml:lang="en" xmlns="http://www.sdmx.org/resources/sdmxml/schemas/v2_1/common">Ruda</Name>
          <Parent>
            <Ref id="ITD42" xmlns="" />
          </Parent>
        </Code>
        <Code id="030099" urn="urn:sdmx:org.sdmx.infomodel.codelist.Code=IT1:CL_REFAREA(1.2).030099">
          <Name xml:lang="it" xmlns="http://www.sdmx.org/resources/sdmxml/schemas/v2_1/common">San Daniele del Friuli</Name>
          <Name xml:lang="en" xmlns="http://www.sdmx.org/resources/sdmxml/schemas/v2_1/common">San Daniele del Friuli</Name>
          <Parent>
            <Ref id="ITD42" xmlns="" />
          </Parent>
        </Code>
        <Code id="030100" urn="urn:sdmx:org.sdmx.infomodel.codelist.Code=IT1:CL_REFAREA(1.2).030100">
          <Name xml:lang="it" xmlns="http://www.sdmx.org/resources/sdmxml/schemas/v2_1/common">San Giorgio di Nogaro</Name>
          <Name xml:lang="en" xmlns="http://www.sdmx.org/resources/sdmxml/schemas/v2_1/common">San Giorgio di Nogaro</Name>
          <Parent>
            <Ref id="ITD42" xmlns="" />
          </Parent>
        </Code>
        <Code id="030101" urn="urn:sdmx:org.sdmx.infomodel.codelist.Code=IT1:CL_REFAREA(1.2).030101">
          <Name xml:lang="it" xmlns="http://www.sdmx.org/resources/sdmxml/schemas/v2_1/common">San Giovanni al Natisone</Name>
          <Name xml:lang="en" xmlns="http://www.sdmx.org/resources/sdmxml/schemas/v2_1/common">San Giovanni al Natisone</Name>
          <Parent>
            <Ref id="ITD42" xmlns="" />
          </Parent>
        </Code>
        <Code id="030102" urn="urn:sdmx:org.sdmx.infomodel.codelist.Code=IT1:CL_REFAREA(1.2).030102">
          <Name xml:lang="it" xmlns="http://www.sdmx.org/resources/sdmxml/schemas/v2_1/common">San Leonardo</Name>
          <Name xml:lang="en" xmlns="http://www.sdmx.org/resources/sdmxml/schemas/v2_1/common">San Leonardo</Name>
          <Parent>
            <Ref id="ITD42" xmlns="" />
          </Parent>
        </Code>
        <Code id="030103" urn="urn:sdmx:org.sdmx.infomodel.codelist.Code=IT1:CL_REFAREA(1.2).030103">
          <Name xml:lang="it" xmlns="http://www.sdmx.org/resources/sdmxml/schemas/v2_1/common">San Pietro al Natisone</Name>
          <Name xml:lang="en" xmlns="http://www.sdmx.org/resources/sdmxml/schemas/v2_1/common">San Pietro al Natisone</Name>
          <Parent>
            <Ref id="ITD42" xmlns="" />
          </Parent>
        </Code>
        <Code id="030104" urn="urn:sdmx:org.sdmx.infomodel.codelist.Code=IT1:CL_REFAREA(1.2).030104">
          <Name xml:lang="it" xmlns="http://www.sdmx.org/resources/sdmxml/schemas/v2_1/common">Santa Maria la Longa</Name>
          <Name xml:lang="en" xmlns="http://www.sdmx.org/resources/sdmxml/schemas/v2_1/common">Santa Maria la Longa</Name>
          <Parent>
            <Ref id="ITD42" xmlns="" />
          </Parent>
        </Code>
        <Code id="030105" urn="urn:sdmx:org.sdmx.infomodel.codelist.Code=IT1:CL_REFAREA(1.2).030105">
          <Name xml:lang="it" xmlns="http://www.sdmx.org/resources/sdmxml/schemas/v2_1/common">San Vito al Torre</Name>
          <Name xml:lang="en" xmlns="http://www.sdmx.org/resources/sdmxml/schemas/v2_1/common">San Vito al Torre</Name>
          <Parent>
            <Ref id="ITD42" xmlns="" />
          </Parent>
        </Code>
        <Code id="030106" urn="urn:sdmx:org.sdmx.infomodel.codelist.Code=IT1:CL_REFAREA(1.2).030106">
          <Name xml:lang="it" xmlns="http://www.sdmx.org/resources/sdmxml/schemas/v2_1/common">San Vito di Fagagna</Name>
          <Name xml:lang="en" xmlns="http://www.sdmx.org/resources/sdmxml/schemas/v2_1/common">San Vito di Fagagna</Name>
          <Parent>
            <Ref id="ITD42" xmlns="" />
          </Parent>
        </Code>
        <Code id="030107" urn="urn:sdmx:org.sdmx.infomodel.codelist.Code=IT1:CL_REFAREA(1.2).030107">
          <Name xml:lang="it" xmlns="http://www.sdmx.org/resources/sdmxml/schemas/v2_1/common">Sauris</Name>
          <Name xml:lang="en" xmlns="http://www.sdmx.org/resources/sdmxml/schemas/v2_1/common">Sauris</Name>
          <Parent>
            <Ref id="ITD42" xmlns="" />
          </Parent>
        </Code>
        <Code id="030108" urn="urn:sdmx:org.sdmx.infomodel.codelist.Code=IT1:CL_REFAREA(1.2).030108">
          <Name xml:lang="it" xmlns="http://www.sdmx.org/resources/sdmxml/schemas/v2_1/common">Savogna</Name>
          <Name xml:lang="en" xmlns="http://www.sdmx.org/resources/sdmxml/schemas/v2_1/common">Savogna</Name>
          <Parent>
            <Ref id="ITD42" xmlns="" />
          </Parent>
        </Code>
        <Code id="030109" urn="urn:sdmx:org.sdmx.infomodel.codelist.Code=IT1:CL_REFAREA(1.2).030109">
          <Name xml:lang="it" xmlns="http://www.sdmx.org/resources/sdmxml/schemas/v2_1/common">Sedegliano</Name>
          <Name xml:lang="en" xmlns="http://www.sdmx.org/resources/sdmxml/schemas/v2_1/common">Sedegliano</Name>
          <Parent>
            <Ref id="ITD42" xmlns="" />
          </Parent>
        </Code>
        <Code id="030110" urn="urn:sdmx:org.sdmx.infomodel.codelist.Code=IT1:CL_REFAREA(1.2).030110">
          <Name xml:lang="it" xmlns="http://www.sdmx.org/resources/sdmxml/schemas/v2_1/common">Socchieve</Name>
          <Name xml:lang="en" xmlns="http://www.sdmx.org/resources/sdmxml/schemas/v2_1/common">Socchieve</Name>
          <Parent>
            <Ref id="ITD42" xmlns="" />
          </Parent>
        </Code>
        <Code id="030111" urn="urn:sdmx:org.sdmx.infomodel.codelist.Code=IT1:CL_REFAREA(1.2).030111">
          <Name xml:lang="it" xmlns="http://www.sdmx.org/resources/sdmxml/schemas/v2_1/common">Stregna</Name>
          <Name xml:lang="en" xmlns="http://www.sdmx.org/resources/sdmxml/schemas/v2_1/common">Stregna</Name>
          <Parent>
            <Ref id="ITD42" xmlns="" />
          </Parent>
        </Code>
        <Code id="030112" urn="urn:sdmx:org.sdmx.infomodel.codelist.Code=IT1:CL_REFAREA(1.2).030112">
          <Name xml:lang="it" xmlns="http://www.sdmx.org/resources/sdmxml/schemas/v2_1/common">Sutrio</Name>
          <Name xml:lang="en" xmlns="http://www.sdmx.org/resources/sdmxml/schemas/v2_1/common">Sutrio</Name>
          <Parent>
            <Ref id="ITD42" xmlns="" />
          </Parent>
        </Code>
        <Code id="030113" urn="urn:sdmx:org.sdmx.infomodel.codelist.Code=IT1:CL_REFAREA(1.2).030113">
          <Name xml:lang="it" xmlns="http://www.sdmx.org/resources/sdmxml/schemas/v2_1/common">Taipana</Name>
          <Name xml:lang="en" xmlns="http://www.sdmx.org/resources/sdmxml/schemas/v2_1/common">Taipana</Name>
          <Parent>
            <Ref id="ITD42" xmlns="" />
          </Parent>
        </Code>
        <Code id="030114" urn="urn:sdmx:org.sdmx.infomodel.codelist.Code=IT1:CL_REFAREA(1.2).030114">
          <Name xml:lang="it" xmlns="http://www.sdmx.org/resources/sdmxml/schemas/v2_1/common">Talmassons</Name>
          <Name xml:lang="en" xmlns="http://www.sdmx.org/resources/sdmxml/schemas/v2_1/common">Talmassons</Name>
          <Parent>
            <Ref id="ITD42" xmlns="" />
          </Parent>
        </Code>
        <Code id="030115" urn="urn:sdmx:org.sdmx.infomodel.codelist.Code=IT1:CL_REFAREA(1.2).030115">
          <Name xml:lang="it" xmlns="http://www.sdmx.org/resources/sdmxml/schemas/v2_1/common">Tapogliano</Name>
          <Name xml:lang="en" xmlns="http://www.sdmx.org/resources/sdmxml/schemas/v2_1/common">Tapogliano</Name>
          <Parent>
            <Ref id="ITD42" xmlns="" />
          </Parent>
        </Code>
        <Code id="030116" urn="urn:sdmx:org.sdmx.infomodel.codelist.Code=IT1:CL_REFAREA(1.2).030116">
          <Name xml:lang="it" xmlns="http://www.sdmx.org/resources/sdmxml/schemas/v2_1/common">Tarcento</Name>
          <Name xml:lang="en" xmlns="http://www.sdmx.org/resources/sdmxml/schemas/v2_1/common">Tarcento</Name>
          <Parent>
            <Ref id="ITD42" xmlns="" />
          </Parent>
        </Code>
        <Code id="030117" urn="urn:sdmx:org.sdmx.infomodel.codelist.Code=IT1:CL_REFAREA(1.2).030117">
          <Name xml:lang="it" xmlns="http://www.sdmx.org/resources/sdmxml/schemas/v2_1/common">Tarvisio</Name>
          <Name xml:lang="en" xmlns="http://www.sdmx.org/resources/sdmxml/schemas/v2_1/common">Tarvisio</Name>
          <Parent>
            <Ref id="ITD42" xmlns="" />
          </Parent>
        </Code>
        <Code id="030118" urn="urn:sdmx:org.sdmx.infomodel.codelist.Code=IT1:CL_REFAREA(1.2).030118">
          <Name xml:lang="it" xmlns="http://www.sdmx.org/resources/sdmxml/schemas/v2_1/common">Tavagnacco</Name>
          <Name xml:lang="en" xmlns="http://www.sdmx.org/resources/sdmxml/schemas/v2_1/common">Tavagnacco</Name>
          <Parent>
            <Ref id="ITD42" xmlns="" />
          </Parent>
        </Code>
        <Code id="030119" urn="urn:sdmx:org.sdmx.infomodel.codelist.Code=IT1:CL_REFAREA(1.2).030119">
          <Name xml:lang="it" xmlns="http://www.sdmx.org/resources/sdmxml/schemas/v2_1/common">Teor</Name>
          <Name xml:lang="en" xmlns="http://www.sdmx.org/resources/sdmxml/schemas/v2_1/common">Teor</Name>
          <Parent>
            <Ref id="ITD42" xmlns="" />
          </Parent>
        </Code>
        <Code id="030120" urn="urn:sdmx:org.sdmx.infomodel.codelist.Code=IT1:CL_REFAREA(1.2).030120">
          <Name xml:lang="it" xmlns="http://www.sdmx.org/resources/sdmxml/schemas/v2_1/common">Terzo d'Aquileia</Name>
          <Name xml:lang="en" xmlns="http://www.sdmx.org/resources/sdmxml/schemas/v2_1/common">Terzo d'Aquileia</Name>
          <Parent>
            <Ref id="ITD42" xmlns="" />
          </Parent>
        </Code>
        <Code id="030121" urn="urn:sdmx:org.sdmx.infomodel.codelist.Code=IT1:CL_REFAREA(1.2).030121">
          <Name xml:lang="it" xmlns="http://www.sdmx.org/resources/sdmxml/schemas/v2_1/common">Tolmezzo</Name>
          <Name xml:lang="en" xmlns="http://www.sdmx.org/resources/sdmxml/schemas/v2_1/common">Tolmezzo</Name>
          <Parent>
            <Ref id="ITD42" xmlns="" />
          </Parent>
        </Code>
        <Code id="030122" urn="urn:sdmx:org.sdmx.infomodel.codelist.Code=IT1:CL_REFAREA(1.2).030122">
          <Name xml:lang="it" xmlns="http://www.sdmx.org/resources/sdmxml/schemas/v2_1/common">Torreano</Name>
          <Name xml:lang="en" xmlns="http://www.sdmx.org/resources/sdmxml/schemas/v2_1/common">Torreano</Name>
          <Parent>
            <Ref id="ITD42" xmlns="" />
          </Parent>
        </Code>
        <Code id="030123" urn="urn:sdmx:org.sdmx.infomodel.codelist.Code=IT1:CL_REFAREA(1.2).030123">
          <Name xml:lang="it" xmlns="http://www.sdmx.org/resources/sdmxml/schemas/v2_1/common">Torviscosa</Name>
          <Name xml:lang="en" xmlns="http://www.sdmx.org/resources/sdmxml/schemas/v2_1/common">Torviscosa</Name>
          <Parent>
            <Ref id="ITD42" xmlns="" />
          </Parent>
        </Code>
        <Code id="030124" urn="urn:sdmx:org.sdmx.infomodel.codelist.Code=IT1:CL_REFAREA(1.2).030124">
          <Name xml:lang="it" xmlns="http://www.sdmx.org/resources/sdmxml/schemas/v2_1/common">Trasaghis</Name>
          <Name xml:lang="en" xmlns="http://www.sdmx.org/resources/sdmxml/schemas/v2_1/common">Trasaghis</Name>
          <Parent>
            <Ref id="ITD42" xmlns="" />
          </Parent>
        </Code>
        <Code id="030125" urn="urn:sdmx:org.sdmx.infomodel.codelist.Code=IT1:CL_REFAREA(1.2).030125">
          <Name xml:lang="it" xmlns="http://www.sdmx.org/resources/sdmxml/schemas/v2_1/common">Treppo Carnico</Name>
          <Name xml:lang="en" xmlns="http://www.sdmx.org/resources/sdmxml/schemas/v2_1/common">Treppo Carnico</Name>
          <Parent>
            <Ref id="ITD42" xmlns="" />
          </Parent>
        </Code>
        <Code id="030126" urn="urn:sdmx:org.sdmx.infomodel.codelist.Code=IT1:CL_REFAREA(1.2).030126">
          <Name xml:lang="it" xmlns="http://www.sdmx.org/resources/sdmxml/schemas/v2_1/common">Treppo Grande</Name>
          <Name xml:lang="en" xmlns="http://www.sdmx.org/resources/sdmxml/schemas/v2_1/common">Treppo Grande</Name>
          <Parent>
            <Ref id="ITD42" xmlns="" />
          </Parent>
        </Code>
        <Code id="030127" urn="urn:sdmx:org.sdmx.infomodel.codelist.Code=IT1:CL_REFAREA(1.2).030127">
          <Name xml:lang="it" xmlns="http://www.sdmx.org/resources/sdmxml/schemas/v2_1/common">Tricesimo</Name>
          <Name xml:lang="en" xmlns="http://www.sdmx.org/resources/sdmxml/schemas/v2_1/common">Tricesimo</Name>
          <Parent>
            <Ref id="ITD42" xmlns="" />
          </Parent>
        </Code>
        <Code id="030128" urn="urn:sdmx:org.sdmx.infomodel.codelist.Code=IT1:CL_REFAREA(1.2).030128">
          <Name xml:lang="it" xmlns="http://www.sdmx.org/resources/sdmxml/schemas/v2_1/common">Trivignano Udinese</Name>
          <Name xml:lang="en" xmlns="http://www.sdmx.org/resources/sdmxml/schemas/v2_1/common">Trivignano Udinese</Name>
          <Parent>
            <Ref id="ITD42" xmlns="" />
          </Parent>
        </Code>
        <Code id="030129" urn="urn:sdmx:org.sdmx.infomodel.codelist.Code=IT1:CL_REFAREA(1.2).030129">
          <Name xml:lang="it" xmlns="http://www.sdmx.org/resources/sdmxml/schemas/v2_1/common">Udine</Name>
          <Name xml:lang="en" xmlns="http://www.sdmx.org/resources/sdmxml/schemas/v2_1/common">Udine</Name>
          <Parent>
            <Ref id="ITD42" xmlns="" />
          </Parent>
        </Code>
        <Code id="030130" urn="urn:sdmx:org.sdmx.infomodel.codelist.Code=IT1:CL_REFAREA(1.2).030130">
          <Name xml:lang="it" xmlns="http://www.sdmx.org/resources/sdmxml/schemas/v2_1/common">Varmo</Name>
          <Name xml:lang="en" xmlns="http://www.sdmx.org/resources/sdmxml/schemas/v2_1/common">Varmo</Name>
          <Parent>
            <Ref id="ITD42" xmlns="" />
          </Parent>
        </Code>
        <Code id="030131" urn="urn:sdmx:org.sdmx.infomodel.codelist.Code=IT1:CL_REFAREA(1.2).030131">
          <Name xml:lang="it" xmlns="http://www.sdmx.org/resources/sdmxml/schemas/v2_1/common">Venzone</Name>
          <Name xml:lang="en" xmlns="http://www.sdmx.org/resources/sdmxml/schemas/v2_1/common">Venzone</Name>
          <Parent>
            <Ref id="ITD42" xmlns="" />
          </Parent>
        </Code>
        <Code id="030132" urn="urn:sdmx:org.sdmx.infomodel.codelist.Code=IT1:CL_REFAREA(1.2).030132">
          <Name xml:lang="it" xmlns="http://www.sdmx.org/resources/sdmxml/schemas/v2_1/common">Verzegnis</Name>
          <Name xml:lang="en" xmlns="http://www.sdmx.org/resources/sdmxml/schemas/v2_1/common">Verzegnis</Name>
          <Parent>
            <Ref id="ITD42" xmlns="" />
          </Parent>
        </Code>
        <Code id="030133" urn="urn:sdmx:org.sdmx.infomodel.codelist.Code=IT1:CL_REFAREA(1.2).030133">
          <Name xml:lang="it" xmlns="http://www.sdmx.org/resources/sdmxml/schemas/v2_1/common">Villa Santina</Name>
          <Name xml:lang="en" xmlns="http://www.sdmx.org/resources/sdmxml/schemas/v2_1/common">Villa Santina</Name>
          <Parent>
            <Ref id="ITD42" xmlns="" />
          </Parent>
        </Code>
        <Code id="030134" urn="urn:sdmx:org.sdmx.infomodel.codelist.Code=IT1:CL_REFAREA(1.2).030134">
          <Name xml:lang="it" xmlns="http://www.sdmx.org/resources/sdmxml/schemas/v2_1/common">Villa Vicentina</Name>
          <Name xml:lang="en" xmlns="http://www.sdmx.org/resources/sdmxml/schemas/v2_1/common">Villa Vicentina</Name>
          <Parent>
            <Ref id="ITD42" xmlns="" />
          </Parent>
        </Code>
        <Code id="030135" urn="urn:sdmx:org.sdmx.infomodel.codelist.Code=IT1:CL_REFAREA(1.2).030135">
          <Name xml:lang="it" xmlns="http://www.sdmx.org/resources/sdmxml/schemas/v2_1/common">Visco</Name>
          <Name xml:lang="en" xmlns="http://www.sdmx.org/resources/sdmxml/schemas/v2_1/common">Visco</Name>
          <Parent>
            <Ref id="ITD42" xmlns="" />
          </Parent>
        </Code>
        <Code id="030136" urn="urn:sdmx:org.sdmx.infomodel.codelist.Code=IT1:CL_REFAREA(1.2).030136">
          <Name xml:lang="it" xmlns="http://www.sdmx.org/resources/sdmxml/schemas/v2_1/common">Zuglio</Name>
          <Name xml:lang="en" xmlns="http://www.sdmx.org/resources/sdmxml/schemas/v2_1/common">Zuglio</Name>
          <Parent>
            <Ref id="ITD42" xmlns="" />
          </Parent>
        </Code>
        <Code id="030137" urn="urn:sdmx:org.sdmx.infomodel.codelist.Code=IT1:CL_REFAREA(1.2).030137">
          <Name xml:lang="it" xmlns="http://www.sdmx.org/resources/sdmxml/schemas/v2_1/common">Forgaria nel Friuli</Name>
          <Name xml:lang="en" xmlns="http://www.sdmx.org/resources/sdmxml/schemas/v2_1/common">Forgaria nel Friuli</Name>
          <Parent>
            <Ref id="ITD42" xmlns="" />
          </Parent>
        </Code>
        <Code id="030138" urn="urn:sdmx:org.sdmx.infomodel.codelist.Code=IT1:CL_REFAREA(1.2).030138">
          <Name xml:lang="it" xmlns="http://www.sdmx.org/resources/sdmxml/schemas/v2_1/common">Campolongo Tapogliano</Name>
          <Name xml:lang="en" xmlns="http://www.sdmx.org/resources/sdmxml/schemas/v2_1/common">Campolongo Tapogliano</Name>
          <Parent>
            <Ref id="ITD42" xmlns="" />
          </Parent>
        </Code>
        <Code id="031001" urn="urn:sdmx:org.sdmx.infomodel.codelist.Code=IT1:CL_REFAREA(1.2).031001">
          <Name xml:lang="it" xmlns="http://www.sdmx.org/resources/sdmxml/schemas/v2_1/common">Capriva del Friuli</Name>
          <Name xml:lang="en" xmlns="http://www.sdmx.org/resources/sdmxml/schemas/v2_1/common">Capriva del Friuli</Name>
          <Parent>
            <Ref id="ITD43" xmlns="" />
          </Parent>
        </Code>
        <Code id="031002" urn="urn:sdmx:org.sdmx.infomodel.codelist.Code=IT1:CL_REFAREA(1.2).031002">
          <Name xml:lang="it" xmlns="http://www.sdmx.org/resources/sdmxml/schemas/v2_1/common">Cormons</Name>
          <Name xml:lang="en" xmlns="http://www.sdmx.org/resources/sdmxml/schemas/v2_1/common">Cormons</Name>
          <Parent>
            <Ref id="ITD43" xmlns="" />
          </Parent>
        </Code>
        <Code id="031003" urn="urn:sdmx:org.sdmx.infomodel.codelist.Code=IT1:CL_REFAREA(1.2).031003">
          <Name xml:lang="it" xmlns="http://www.sdmx.org/resources/sdmxml/schemas/v2_1/common">Doberdò del Lago</Name>
          <Name xml:lang="en" xmlns="http://www.sdmx.org/resources/sdmxml/schemas/v2_1/common">Doberdò del Lago</Name>
          <Parent>
            <Ref id="ITD43" xmlns="" />
          </Parent>
        </Code>
        <Code id="031004" urn="urn:sdmx:org.sdmx.infomodel.codelist.Code=IT1:CL_REFAREA(1.2).031004">
          <Name xml:lang="it" xmlns="http://www.sdmx.org/resources/sdmxml/schemas/v2_1/common">Dolegna del Collio</Name>
          <Name xml:lang="en" xmlns="http://www.sdmx.org/resources/sdmxml/schemas/v2_1/common">Dolegna del Collio</Name>
          <Parent>
            <Ref id="ITD43" xmlns="" />
          </Parent>
        </Code>
        <Code id="031005" urn="urn:sdmx:org.sdmx.infomodel.codelist.Code=IT1:CL_REFAREA(1.2).031005">
          <Name xml:lang="it" xmlns="http://www.sdmx.org/resources/sdmxml/schemas/v2_1/common">Farra d'Isonzo</Name>
          <Name xml:lang="en" xmlns="http://www.sdmx.org/resources/sdmxml/schemas/v2_1/common">Farra d'Isonzo</Name>
          <Parent>
            <Ref id="ITD43" xmlns="" />
          </Parent>
        </Code>
        <Code id="031006" urn="urn:sdmx:org.sdmx.infomodel.codelist.Code=IT1:CL_REFAREA(1.2).031006">
          <Name xml:lang="it" xmlns="http://www.sdmx.org/resources/sdmxml/schemas/v2_1/common">Fogliano Redipuglia</Name>
          <Name xml:lang="en" xmlns="http://www.sdmx.org/resources/sdmxml/schemas/v2_1/common">Fogliano Redipuglia</Name>
          <Parent>
            <Ref id="ITD43" xmlns="" />
          </Parent>
        </Code>
        <Code id="031007" urn="urn:sdmx:org.sdmx.infomodel.codelist.Code=IT1:CL_REFAREA(1.2).031007">
          <Name xml:lang="it" xmlns="http://www.sdmx.org/resources/sdmxml/schemas/v2_1/common">Gorizia</Name>
          <Name xml:lang="en" xmlns="http://www.sdmx.org/resources/sdmxml/schemas/v2_1/common">Gorizia</Name>
          <Parent>
            <Ref id="ITD43" xmlns="" />
          </Parent>
        </Code>
        <Code id="031008" urn="urn:sdmx:org.sdmx.infomodel.codelist.Code=IT1:CL_REFAREA(1.2).031008">
          <Name xml:lang="it" xmlns="http://www.sdmx.org/resources/sdmxml/schemas/v2_1/common">Gradisca d'Isonzo</Name>
          <Name xml:lang="en" xmlns="http://www.sdmx.org/resources/sdmxml/schemas/v2_1/common">Gradisca d'Isonzo</Name>
          <Parent>
            <Ref id="ITD43" xmlns="" />
          </Parent>
        </Code>
        <Code id="031009" urn="urn:sdmx:org.sdmx.infomodel.codelist.Code=IT1:CL_REFAREA(1.2).031009">
          <Name xml:lang="it" xmlns="http://www.sdmx.org/resources/sdmxml/schemas/v2_1/common">Grado</Name>
          <Name xml:lang="en" xmlns="http://www.sdmx.org/resources/sdmxml/schemas/v2_1/common">Grado</Name>
          <Parent>
            <Ref id="ITD43" xmlns="" />
          </Parent>
        </Code>
        <Code id="031010" urn="urn:sdmx:org.sdmx.infomodel.codelist.Code=IT1:CL_REFAREA(1.2).031010">
          <Name xml:lang="it" xmlns="http://www.sdmx.org/resources/sdmxml/schemas/v2_1/common">Mariano del Friuli</Name>
          <Name xml:lang="en" xmlns="http://www.sdmx.org/resources/sdmxml/schemas/v2_1/common">Mariano del Friuli</Name>
          <Parent>
            <Ref id="ITD43" xmlns="" />
          </Parent>
        </Code>
        <Code id="031011" urn="urn:sdmx:org.sdmx.infomodel.codelist.Code=IT1:CL_REFAREA(1.2).031011">
          <Name xml:lang="it" xmlns="http://www.sdmx.org/resources/sdmxml/schemas/v2_1/common">Medea</Name>
          <Name xml:lang="en" xmlns="http://www.sdmx.org/resources/sdmxml/schemas/v2_1/common">Medea</Name>
          <Parent>
            <Ref id="ITD43" xmlns="" />
          </Parent>
        </Code>
        <Code id="031012" urn="urn:sdmx:org.sdmx.infomodel.codelist.Code=IT1:CL_REFAREA(1.2).031012">
          <Name xml:lang="it" xmlns="http://www.sdmx.org/resources/sdmxml/schemas/v2_1/common">Monfalcone</Name>
          <Name xml:lang="en" xmlns="http://www.sdmx.org/resources/sdmxml/schemas/v2_1/common">Monfalcone</Name>
          <Parent>
            <Ref id="ITD43" xmlns="" />
          </Parent>
        </Code>
        <Code id="031013" urn="urn:sdmx:org.sdmx.infomodel.codelist.Code=IT1:CL_REFAREA(1.2).031013">
          <Name xml:lang="it" xmlns="http://www.sdmx.org/resources/sdmxml/schemas/v2_1/common">Moraro</Name>
          <Name xml:lang="en" xmlns="http://www.sdmx.org/resources/sdmxml/schemas/v2_1/common">Moraro</Name>
          <Parent>
            <Ref id="ITD43" xmlns="" />
          </Parent>
        </Code>
        <Code id="031014" urn="urn:sdmx:org.sdmx.infomodel.codelist.Code=IT1:CL_REFAREA(1.2).031014">
          <Name xml:lang="it" xmlns="http://www.sdmx.org/resources/sdmxml/schemas/v2_1/common">Mossa</Name>
          <Name xml:lang="en" xmlns="http://www.sdmx.org/resources/sdmxml/schemas/v2_1/common">Mossa</Name>
          <Parent>
            <Ref id="ITD43" xmlns="" />
          </Parent>
        </Code>
        <Code id="031015" urn="urn:sdmx:org.sdmx.infomodel.codelist.Code=IT1:CL_REFAREA(1.2).031015">
          <Name xml:lang="it" xmlns="http://www.sdmx.org/resources/sdmxml/schemas/v2_1/common">Romans d'Isonzo</Name>
          <Name xml:lang="en" xmlns="http://www.sdmx.org/resources/sdmxml/schemas/v2_1/common">Romans d'Isonzo</Name>
          <Parent>
            <Ref id="ITD43" xmlns="" />
          </Parent>
        </Code>
        <Code id="031016" urn="urn:sdmx:org.sdmx.infomodel.codelist.Code=IT1:CL_REFAREA(1.2).031016">
          <Name xml:lang="it" xmlns="http://www.sdmx.org/resources/sdmxml/schemas/v2_1/common">Ronchi dei Legionari</Name>
          <Name xml:lang="en" xmlns="http://www.sdmx.org/resources/sdmxml/schemas/v2_1/common">Ronchi dei Legionari</Name>
          <Parent>
            <Ref id="ITD43" xmlns="" />
          </Parent>
        </Code>
        <Code id="031017" urn="urn:sdmx:org.sdmx.infomodel.codelist.Code=IT1:CL_REFAREA(1.2).031017">
          <Name xml:lang="it" xmlns="http://www.sdmx.org/resources/sdmxml/schemas/v2_1/common">Sagrado</Name>
          <Name xml:lang="en" xmlns="http://www.sdmx.org/resources/sdmxml/schemas/v2_1/common">Sagrado</Name>
          <Parent>
            <Ref id="ITD43" xmlns="" />
          </Parent>
        </Code>
        <Code id="031018" urn="urn:sdmx:org.sdmx.infomodel.codelist.Code=IT1:CL_REFAREA(1.2).031018">
          <Name xml:lang="it" xmlns="http://www.sdmx.org/resources/sdmxml/schemas/v2_1/common">San Canzian d'Isonzo</Name>
          <Name xml:lang="en" xmlns="http://www.sdmx.org/resources/sdmxml/schemas/v2_1/common">San Canzian d'Isonzo</Name>
          <Parent>
            <Ref id="ITD43" xmlns="" />
          </Parent>
        </Code>
        <Code id="031019" urn="urn:sdmx:org.sdmx.infomodel.codelist.Code=IT1:CL_REFAREA(1.2).031019">
          <Name xml:lang="it" xmlns="http://www.sdmx.org/resources/sdmxml/schemas/v2_1/common">San Floriano del Collio</Name>
          <Name xml:lang="en" xmlns="http://www.sdmx.org/resources/sdmxml/schemas/v2_1/common">San Floriano del Collio</Name>
          <Parent>
            <Ref id="ITD43" xmlns="" />
          </Parent>
        </Code>
        <Code id="031020" urn="urn:sdmx:org.sdmx.infomodel.codelist.Code=IT1:CL_REFAREA(1.2).031020">
          <Name xml:lang="it" xmlns="http://www.sdmx.org/resources/sdmxml/schemas/v2_1/common">San Lorenzo Isontino</Name>
          <Name xml:lang="en" xmlns="http://www.sdmx.org/resources/sdmxml/schemas/v2_1/common">San Lorenzo Isontino</Name>
          <Parent>
            <Ref id="ITD43" xmlns="" />
          </Parent>
        </Code>
        <Code id="031021" urn="urn:sdmx:org.sdmx.infomodel.codelist.Code=IT1:CL_REFAREA(1.2).031021">
          <Name xml:lang="it" xmlns="http://www.sdmx.org/resources/sdmxml/schemas/v2_1/common">San Pier d'Isonzo</Name>
          <Name xml:lang="en" xmlns="http://www.sdmx.org/resources/sdmxml/schemas/v2_1/common">San Pier d'Isonzo</Name>
          <Parent>
            <Ref id="ITD43" xmlns="" />
          </Parent>
        </Code>
        <Code id="031022" urn="urn:sdmx:org.sdmx.infomodel.codelist.Code=IT1:CL_REFAREA(1.2).031022">
          <Name xml:lang="it" xmlns="http://www.sdmx.org/resources/sdmxml/schemas/v2_1/common">Savogna d'Isonzo</Name>
          <Name xml:lang="en" xmlns="http://www.sdmx.org/resources/sdmxml/schemas/v2_1/common">Savogna d'Isonzo</Name>
          <Parent>
            <Ref id="ITD43" xmlns="" />
          </Parent>
        </Code>
        <Code id="031023" urn="urn:sdmx:org.sdmx.infomodel.codelist.Code=IT1:CL_REFAREA(1.2).031023">
          <Name xml:lang="it" xmlns="http://www.sdmx.org/resources/sdmxml/schemas/v2_1/common">Staranzano</Name>
          <Name xml:lang="en" xmlns="http://www.sdmx.org/resources/sdmxml/schemas/v2_1/common">Staranzano</Name>
          <Parent>
            <Ref id="ITD43" xmlns="" />
          </Parent>
        </Code>
        <Code id="031024" urn="urn:sdmx:org.sdmx.infomodel.codelist.Code=IT1:CL_REFAREA(1.2).031024">
          <Name xml:lang="it" xmlns="http://www.sdmx.org/resources/sdmxml/schemas/v2_1/common">Turriaco</Name>
          <Name xml:lang="en" xmlns="http://www.sdmx.org/resources/sdmxml/schemas/v2_1/common">Turriaco</Name>
          <Parent>
            <Ref id="ITD43" xmlns="" />
          </Parent>
        </Code>
        <Code id="031025" urn="urn:sdmx:org.sdmx.infomodel.codelist.Code=IT1:CL_REFAREA(1.2).031025">
          <Name xml:lang="it" xmlns="http://www.sdmx.org/resources/sdmxml/schemas/v2_1/common">Villesse</Name>
          <Name xml:lang="en" xmlns="http://www.sdmx.org/resources/sdmxml/schemas/v2_1/common">Villesse</Name>
          <Parent>
            <Ref id="ITD43" xmlns="" />
          </Parent>
        </Code>
        <Code id="032001" urn="urn:sdmx:org.sdmx.infomodel.codelist.Code=IT1:CL_REFAREA(1.2).032001">
          <Name xml:lang="it" xmlns="http://www.sdmx.org/resources/sdmxml/schemas/v2_1/common">Duino-Aurisina</Name>
          <Name xml:lang="en" xmlns="http://www.sdmx.org/resources/sdmxml/schemas/v2_1/common">Duino-Aurisina</Name>
          <Parent>
            <Ref id="ITD44" xmlns="" />
          </Parent>
        </Code>
        <Code id="032002" urn="urn:sdmx:org.sdmx.infomodel.codelist.Code=IT1:CL_REFAREA(1.2).032002">
          <Name xml:lang="it" xmlns="http://www.sdmx.org/resources/sdmxml/schemas/v2_1/common">Monrupino</Name>
          <Name xml:lang="en" xmlns="http://www.sdmx.org/resources/sdmxml/schemas/v2_1/common">Monrupino</Name>
          <Parent>
            <Ref id="ITD44" xmlns="" />
          </Parent>
        </Code>
        <Code id="032003" urn="urn:sdmx:org.sdmx.infomodel.codelist.Code=IT1:CL_REFAREA(1.2).032003">
          <Name xml:lang="it" xmlns="http://www.sdmx.org/resources/sdmxml/schemas/v2_1/common">Muggia</Name>
          <Name xml:lang="en" xmlns="http://www.sdmx.org/resources/sdmxml/schemas/v2_1/common">Muggia</Name>
          <Parent>
            <Ref id="ITD44" xmlns="" />
          </Parent>
        </Code>
        <Code id="032004" urn="urn:sdmx:org.sdmx.infomodel.codelist.Code=IT1:CL_REFAREA(1.2).032004">
          <Name xml:lang="it" xmlns="http://www.sdmx.org/resources/sdmxml/schemas/v2_1/common">San Dorligo della Valle - Dolina</Name>
          <Name xml:lang="en" xmlns="http://www.sdmx.org/resources/sdmxml/schemas/v2_1/common">San Dorligo della Valle - Dolina</Name>
          <Parent>
            <Ref id="ITD44" xmlns="" />
          </Parent>
        </Code>
        <Code id="032005" urn="urn:sdmx:org.sdmx.infomodel.codelist.Code=IT1:CL_REFAREA(1.2).032005">
          <Name xml:lang="it" xmlns="http://www.sdmx.org/resources/sdmxml/schemas/v2_1/common">Sgonico</Name>
          <Name xml:lang="en" xmlns="http://www.sdmx.org/resources/sdmxml/schemas/v2_1/common">Sgonico</Name>
          <Parent>
            <Ref id="ITD44" xmlns="" />
          </Parent>
        </Code>
        <Code id="032006" urn="urn:sdmx:org.sdmx.infomodel.codelist.Code=IT1:CL_REFAREA(1.2).032006">
          <Name xml:lang="it" xmlns="http://www.sdmx.org/resources/sdmxml/schemas/v2_1/common">Trieste</Name>
          <Name xml:lang="en" xmlns="http://www.sdmx.org/resources/sdmxml/schemas/v2_1/common">Trieste</Name>
          <Parent>
            <Ref id="ITD44" xmlns="" />
          </Parent>
        </Code>
        <Code id="033001" urn="urn:sdmx:org.sdmx.infomodel.codelist.Code=IT1:CL_REFAREA(1.2).033001">
          <Name xml:lang="it" xmlns="http://www.sdmx.org/resources/sdmxml/schemas/v2_1/common">Agazzano</Name>
          <Name xml:lang="en" xmlns="http://www.sdmx.org/resources/sdmxml/schemas/v2_1/common">Agazzano</Name>
          <Parent>
            <Ref id="ITD51" xmlns="" />
          </Parent>
        </Code>
        <Code id="033002" urn="urn:sdmx:org.sdmx.infomodel.codelist.Code=IT1:CL_REFAREA(1.2).033002">
          <Name xml:lang="it" xmlns="http://www.sdmx.org/resources/sdmxml/schemas/v2_1/common">Alseno</Name>
          <Name xml:lang="en" xmlns="http://www.sdmx.org/resources/sdmxml/schemas/v2_1/common">Alseno</Name>
          <Parent>
            <Ref id="ITD51" xmlns="" />
          </Parent>
        </Code>
        <Code id="033003" urn="urn:sdmx:org.sdmx.infomodel.codelist.Code=IT1:CL_REFAREA(1.2).033003">
          <Name xml:lang="it" xmlns="http://www.sdmx.org/resources/sdmxml/schemas/v2_1/common">Besenzone</Name>
          <Name xml:lang="en" xmlns="http://www.sdmx.org/resources/sdmxml/schemas/v2_1/common">Besenzone</Name>
          <Parent>
            <Ref id="ITD51" xmlns="" />
          </Parent>
        </Code>
        <Code id="033004" urn="urn:sdmx:org.sdmx.infomodel.codelist.Code=IT1:CL_REFAREA(1.2).033004">
          <Name xml:lang="it" xmlns="http://www.sdmx.org/resources/sdmxml/schemas/v2_1/common">Bettola</Name>
          <Name xml:lang="en" xmlns="http://www.sdmx.org/resources/sdmxml/schemas/v2_1/common">Bettola</Name>
          <Parent>
            <Ref id="ITD51" xmlns="" />
          </Parent>
        </Code>
        <Code id="033005" urn="urn:sdmx:org.sdmx.infomodel.codelist.Code=IT1:CL_REFAREA(1.2).033005">
          <Name xml:lang="it" xmlns="http://www.sdmx.org/resources/sdmxml/schemas/v2_1/common">Bobbio</Name>
          <Name xml:lang="en" xmlns="http://www.sdmx.org/resources/sdmxml/schemas/v2_1/common">Bobbio</Name>
          <Parent>
            <Ref id="ITD51" xmlns="" />
          </Parent>
        </Code>
        <Code id="033006" urn="urn:sdmx:org.sdmx.infomodel.codelist.Code=IT1:CL_REFAREA(1.2).033006">
          <Name xml:lang="it" xmlns="http://www.sdmx.org/resources/sdmxml/schemas/v2_1/common">Borgonovo Val Tidone</Name>
          <Name xml:lang="en" xmlns="http://www.sdmx.org/resources/sdmxml/schemas/v2_1/common">Borgonovo Val Tidone</Name>
          <Parent>
            <Ref id="ITD51" xmlns="" />
          </Parent>
        </Code>
        <Code id="033007" urn="urn:sdmx:org.sdmx.infomodel.codelist.Code=IT1:CL_REFAREA(1.2).033007">
          <Name xml:lang="it" xmlns="http://www.sdmx.org/resources/sdmxml/schemas/v2_1/common">Cadeo</Name>
          <Name xml:lang="en" xmlns="http://www.sdmx.org/resources/sdmxml/schemas/v2_1/common">Cadeo</Name>
          <Parent>
            <Ref id="ITD51" xmlns="" />
          </Parent>
        </Code>
        <Code id="033008" urn="urn:sdmx:org.sdmx.infomodel.codelist.Code=IT1:CL_REFAREA(1.2).033008">
          <Name xml:lang="it" xmlns="http://www.sdmx.org/resources/sdmxml/schemas/v2_1/common">Calendasco</Name>
          <Name xml:lang="en" xmlns="http://www.sdmx.org/resources/sdmxml/schemas/v2_1/common">Calendasco</Name>
          <Parent>
            <Ref id="ITD51" xmlns="" />
          </Parent>
        </Code>
        <Code id="033009" urn="urn:sdmx:org.sdmx.infomodel.codelist.Code=IT1:CL_REFAREA(1.2).033009">
          <Name xml:lang="it" xmlns="http://www.sdmx.org/resources/sdmxml/schemas/v2_1/common">Caminata</Name>
          <Name xml:lang="en" xmlns="http://www.sdmx.org/resources/sdmxml/schemas/v2_1/common">Caminata</Name>
          <Parent>
            <Ref id="ITD51" xmlns="" />
          </Parent>
        </Code>
        <Code id="033010" urn="urn:sdmx:org.sdmx.infomodel.codelist.Code=IT1:CL_REFAREA(1.2).033010">
          <Name xml:lang="it" xmlns="http://www.sdmx.org/resources/sdmxml/schemas/v2_1/common">Caorso</Name>
          <Name xml:lang="en" xmlns="http://www.sdmx.org/resources/sdmxml/schemas/v2_1/common">Caorso</Name>
          <Parent>
            <Ref id="ITD51" xmlns="" />
          </Parent>
        </Code>
        <Code id="033011" urn="urn:sdmx:org.sdmx.infomodel.codelist.Code=IT1:CL_REFAREA(1.2).033011">
          <Name xml:lang="it" xmlns="http://www.sdmx.org/resources/sdmxml/schemas/v2_1/common">Carpaneto Piacentino</Name>
          <Name xml:lang="en" xmlns="http://www.sdmx.org/resources/sdmxml/schemas/v2_1/common">Carpaneto Piacentino</Name>
          <Parent>
            <Ref id="ITD51" xmlns="" />
          </Parent>
        </Code>
        <Code id="033012" urn="urn:sdmx:org.sdmx.infomodel.codelist.Code=IT1:CL_REFAREA(1.2).033012">
          <Name xml:lang="it" xmlns="http://www.sdmx.org/resources/sdmxml/schemas/v2_1/common">Castell'Arquato</Name>
          <Name xml:lang="en" xmlns="http://www.sdmx.org/resources/sdmxml/schemas/v2_1/common">Castell'Arquato</Name>
          <Parent>
            <Ref id="ITD51" xmlns="" />
          </Parent>
        </Code>
        <Code id="033013" urn="urn:sdmx:org.sdmx.infomodel.codelist.Code=IT1:CL_REFAREA(1.2).033013">
          <Name xml:lang="it" xmlns="http://www.sdmx.org/resources/sdmxml/schemas/v2_1/common">Castel San Giovanni</Name>
          <Name xml:lang="en" xmlns="http://www.sdmx.org/resources/sdmxml/schemas/v2_1/common">Castel San Giovanni</Name>
          <Parent>
            <Ref id="ITD51" xmlns="" />
          </Parent>
        </Code>
        <Code id="033014" urn="urn:sdmx:org.sdmx.infomodel.codelist.Code=IT1:CL_REFAREA(1.2).033014">
          <Name xml:lang="it" xmlns="http://www.sdmx.org/resources/sdmxml/schemas/v2_1/common">Castelvetro Piacentino</Name>
          <Name xml:lang="en" xmlns="http://www.sdmx.org/resources/sdmxml/schemas/v2_1/common">Castelvetro Piacentino</Name>
          <Parent>
            <Ref id="ITD51" xmlns="" />
          </Parent>
        </Code>
        <Code id="033015" urn="urn:sdmx:org.sdmx.infomodel.codelist.Code=IT1:CL_REFAREA(1.2).033015">
          <Name xml:lang="it" xmlns="http://www.sdmx.org/resources/sdmxml/schemas/v2_1/common">Cerignale</Name>
          <Name xml:lang="en" xmlns="http://www.sdmx.org/resources/sdmxml/schemas/v2_1/common">Cerignale</Name>
          <Parent>
            <Ref id="ITD51" xmlns="" />
          </Parent>
        </Code>
        <Code id="033016" urn="urn:sdmx:org.sdmx.infomodel.codelist.Code=IT1:CL_REFAREA(1.2).033016">
          <Name xml:lang="it" xmlns="http://www.sdmx.org/resources/sdmxml/schemas/v2_1/common">Coli</Name>
          <Name xml:lang="en" xmlns="http://www.sdmx.org/resources/sdmxml/schemas/v2_1/common">Coli</Name>
          <Parent>
            <Ref id="ITD51" xmlns="" />
          </Parent>
        </Code>
        <Code id="033017" urn="urn:sdmx:org.sdmx.infomodel.codelist.Code=IT1:CL_REFAREA(1.2).033017">
          <Name xml:lang="it" xmlns="http://www.sdmx.org/resources/sdmxml/schemas/v2_1/common">Corte Brugnatella</Name>
          <Name xml:lang="en" xmlns="http://www.sdmx.org/resources/sdmxml/schemas/v2_1/common">Corte Brugnatella</Name>
          <Parent>
            <Ref id="ITD51" xmlns="" />
          </Parent>
        </Code>
        <Code id="033018" urn="urn:sdmx:org.sdmx.infomodel.codelist.Code=IT1:CL_REFAREA(1.2).033018">
          <Name xml:lang="it" xmlns="http://www.sdmx.org/resources/sdmxml/schemas/v2_1/common">Cortemaggiore</Name>
          <Name xml:lang="en" xmlns="http://www.sdmx.org/resources/sdmxml/schemas/v2_1/common">Cortemaggiore</Name>
          <Parent>
            <Ref id="ITD51" xmlns="" />
          </Parent>
        </Code>
        <Code id="033019" urn="urn:sdmx:org.sdmx.infomodel.codelist.Code=IT1:CL_REFAREA(1.2).033019">
          <Name xml:lang="it" xmlns="http://www.sdmx.org/resources/sdmxml/schemas/v2_1/common">Farini</Name>
          <Name xml:lang="en" xmlns="http://www.sdmx.org/resources/sdmxml/schemas/v2_1/common">Farini</Name>
          <Parent>
            <Ref id="ITD51" xmlns="" />
          </Parent>
        </Code>
        <Code id="033020" urn="urn:sdmx:org.sdmx.infomodel.codelist.Code=IT1:CL_REFAREA(1.2).033020">
          <Name xml:lang="it" xmlns="http://www.sdmx.org/resources/sdmxml/schemas/v2_1/common">Ferriere</Name>
          <Name xml:lang="en" xmlns="http://www.sdmx.org/resources/sdmxml/schemas/v2_1/common">Ferriere</Name>
          <Parent>
            <Ref id="ITD51" xmlns="" />
          </Parent>
        </Code>
        <Code id="033021" urn="urn:sdmx:org.sdmx.infomodel.codelist.Code=IT1:CL_REFAREA(1.2).033021">
          <Name xml:lang="it" xmlns="http://www.sdmx.org/resources/sdmxml/schemas/v2_1/common">Fiorenzuola d'Arda</Name>
          <Name xml:lang="en" xmlns="http://www.sdmx.org/resources/sdmxml/schemas/v2_1/common">Fiorenzuola d'Arda</Name>
          <Parent>
            <Ref id="ITD51" xmlns="" />
          </Parent>
        </Code>
        <Code id="033022" urn="urn:sdmx:org.sdmx.infomodel.codelist.Code=IT1:CL_REFAREA(1.2).033022">
          <Name xml:lang="it" xmlns="http://www.sdmx.org/resources/sdmxml/schemas/v2_1/common">Gazzola</Name>
          <Name xml:lang="en" xmlns="http://www.sdmx.org/resources/sdmxml/schemas/v2_1/common">Gazzola</Name>
          <Parent>
            <Ref id="ITD51" xmlns="" />
          </Parent>
        </Code>
        <Code id="033023" urn="urn:sdmx:org.sdmx.infomodel.codelist.Code=IT1:CL_REFAREA(1.2).033023">
          <Name xml:lang="it" xmlns="http://www.sdmx.org/resources/sdmxml/schemas/v2_1/common">Gossolengo</Name>
          <Name xml:lang="en" xmlns="http://www.sdmx.org/resources/sdmxml/schemas/v2_1/common">Gossolengo</Name>
          <Parent>
            <Ref id="ITD51" xmlns="" />
          </Parent>
        </Code>
        <Code id="033024" urn="urn:sdmx:org.sdmx.infomodel.codelist.Code=IT1:CL_REFAREA(1.2).033024">
          <Name xml:lang="it" xmlns="http://www.sdmx.org/resources/sdmxml/schemas/v2_1/common">Gragnano Trebbiense</Name>
          <Name xml:lang="en" xmlns="http://www.sdmx.org/resources/sdmxml/schemas/v2_1/common">Gragnano Trebbiense</Name>
          <Parent>
            <Ref id="ITD51" xmlns="" />
          </Parent>
        </Code>
        <Code id="033025" urn="urn:sdmx:org.sdmx.infomodel.codelist.Code=IT1:CL_REFAREA(1.2).033025">
          <Name xml:lang="it" xmlns="http://www.sdmx.org/resources/sdmxml/schemas/v2_1/common">Gropparello</Name>
          <Name xml:lang="en" xmlns="http://www.sdmx.org/resources/sdmxml/schemas/v2_1/common">Gropparello</Name>
          <Parent>
            <Ref id="ITD51" xmlns="" />
          </Parent>
        </Code>
        <Code id="033026" urn="urn:sdmx:org.sdmx.infomodel.codelist.Code=IT1:CL_REFAREA(1.2).033026">
          <Name xml:lang="it" xmlns="http://www.sdmx.org/resources/sdmxml/schemas/v2_1/common">Lugagnano Val d'Arda</Name>
          <Name xml:lang="en" xmlns="http://www.sdmx.org/resources/sdmxml/schemas/v2_1/common">Lugagnano Val d'Arda</Name>
          <Parent>
            <Ref id="ITD51" xmlns="" />
          </Parent>
        </Code>
        <Code id="033027" urn="urn:sdmx:org.sdmx.infomodel.codelist.Code=IT1:CL_REFAREA(1.2).033027">
          <Name xml:lang="it" xmlns="http://www.sdmx.org/resources/sdmxml/schemas/v2_1/common">Monticelli d'Ongina</Name>
          <Name xml:lang="en" xmlns="http://www.sdmx.org/resources/sdmxml/schemas/v2_1/common">Monticelli d'Ongina</Name>
          <Parent>
            <Ref id="ITD51" xmlns="" />
          </Parent>
        </Code>
        <Code id="033028" urn="urn:sdmx:org.sdmx.infomodel.codelist.Code=IT1:CL_REFAREA(1.2).033028">
          <Name xml:lang="it" xmlns="http://www.sdmx.org/resources/sdmxml/schemas/v2_1/common">Morfasso</Name>
          <Name xml:lang="en" xmlns="http://www.sdmx.org/resources/sdmxml/schemas/v2_1/common">Morfasso</Name>
          <Parent>
            <Ref id="ITD51" xmlns="" />
          </Parent>
        </Code>
        <Code id="033029" urn="urn:sdmx:org.sdmx.infomodel.codelist.Code=IT1:CL_REFAREA(1.2).033029">
          <Name xml:lang="it" xmlns="http://www.sdmx.org/resources/sdmxml/schemas/v2_1/common">Nibbiano</Name>
          <Name xml:lang="en" xmlns="http://www.sdmx.org/resources/sdmxml/schemas/v2_1/common">Nibbiano</Name>
          <Parent>
            <Ref id="ITD51" xmlns="" />
          </Parent>
        </Code>
        <Code id="033030" urn="urn:sdmx:org.sdmx.infomodel.codelist.Code=IT1:CL_REFAREA(1.2).033030">
          <Name xml:lang="it" xmlns="http://www.sdmx.org/resources/sdmxml/schemas/v2_1/common">Ottone</Name>
          <Name xml:lang="en" xmlns="http://www.sdmx.org/resources/sdmxml/schemas/v2_1/common">Ottone</Name>
          <Parent>
            <Ref id="ITD51" xmlns="" />
          </Parent>
        </Code>
        <Code id="033031" urn="urn:sdmx:org.sdmx.infomodel.codelist.Code=IT1:CL_REFAREA(1.2).033031">
          <Name xml:lang="it" xmlns="http://www.sdmx.org/resources/sdmxml/schemas/v2_1/common">Pecorara</Name>
          <Name xml:lang="en" xmlns="http://www.sdmx.org/resources/sdmxml/schemas/v2_1/common">Pecorara</Name>
          <Parent>
            <Ref id="ITD51" xmlns="" />
          </Parent>
        </Code>
        <Code id="033032" urn="urn:sdmx:org.sdmx.infomodel.codelist.Code=IT1:CL_REFAREA(1.2).033032">
          <Name xml:lang="it" xmlns="http://www.sdmx.org/resources/sdmxml/schemas/v2_1/common">Piacenza</Name>
          <Name xml:lang="en" xmlns="http://www.sdmx.org/resources/sdmxml/schemas/v2_1/common">Piacenza</Name>
          <Parent>
            <Ref id="ITD51" xmlns="" />
          </Parent>
        </Code>
        <Code id="033033" urn="urn:sdmx:org.sdmx.infomodel.codelist.Code=IT1:CL_REFAREA(1.2).033033">
          <Name xml:lang="it" xmlns="http://www.sdmx.org/resources/sdmxml/schemas/v2_1/common">Pianello Val Tidone</Name>
          <Name xml:lang="en" xmlns="http://www.sdmx.org/resources/sdmxml/schemas/v2_1/common">Pianello Val Tidone</Name>
          <Parent>
            <Ref id="ITD51" xmlns="" />
          </Parent>
        </Code>
        <Code id="033034" urn="urn:sdmx:org.sdmx.infomodel.codelist.Code=IT1:CL_REFAREA(1.2).033034">
          <Name xml:lang="it" xmlns="http://www.sdmx.org/resources/sdmxml/schemas/v2_1/common">Piozzano</Name>
          <Name xml:lang="en" xmlns="http://www.sdmx.org/resources/sdmxml/schemas/v2_1/common">Piozzano</Name>
          <Parent>
            <Ref id="ITD51" xmlns="" />
          </Parent>
        </Code>
        <Code id="033035" urn="urn:sdmx:org.sdmx.infomodel.codelist.Code=IT1:CL_REFAREA(1.2).033035">
          <Name xml:lang="it" xmlns="http://www.sdmx.org/resources/sdmxml/schemas/v2_1/common">Podenzano</Name>
          <Name xml:lang="en" xmlns="http://www.sdmx.org/resources/sdmxml/schemas/v2_1/common">Podenzano</Name>
          <Parent>
            <Ref id="ITD51" xmlns="" />
          </Parent>
        </Code>
        <Code id="033036" urn="urn:sdmx:org.sdmx.infomodel.codelist.Code=IT1:CL_REFAREA(1.2).033036">
          <Name xml:lang="it" xmlns="http://www.sdmx.org/resources/sdmxml/schemas/v2_1/common">Ponte dell'Olio</Name>
          <Name xml:lang="en" xmlns="http://www.sdmx.org/resources/sdmxml/schemas/v2_1/common">Ponte dell'Olio</Name>
          <Parent>
            <Ref id="ITD51" xmlns="" />
          </Parent>
        </Code>
        <Code id="033037" urn="urn:sdmx:org.sdmx.infomodel.codelist.Code=IT1:CL_REFAREA(1.2).033037">
          <Name xml:lang="it" xmlns="http://www.sdmx.org/resources/sdmxml/schemas/v2_1/common">Pontenure</Name>
          <Name xml:lang="en" xmlns="http://www.sdmx.org/resources/sdmxml/schemas/v2_1/common">Pontenure</Name>
          <Parent>
            <Ref id="ITD51" xmlns="" />
          </Parent>
        </Code>
        <Code id="033038" urn="urn:sdmx:org.sdmx.infomodel.codelist.Code=IT1:CL_REFAREA(1.2).033038">
          <Name xml:lang="it" xmlns="http://www.sdmx.org/resources/sdmxml/schemas/v2_1/common">Rivergaro</Name>
          <Name xml:lang="en" xmlns="http://www.sdmx.org/resources/sdmxml/schemas/v2_1/common">Rivergaro</Name>
          <Parent>
            <Ref id="ITD51" xmlns="" />
          </Parent>
        </Code>
        <Code id="033039" urn="urn:sdmx:org.sdmx.infomodel.codelist.Code=IT1:CL_REFAREA(1.2).033039">
          <Name xml:lang="it" xmlns="http://www.sdmx.org/resources/sdmxml/schemas/v2_1/common">Rottofreno</Name>
          <Name xml:lang="en" xmlns="http://www.sdmx.org/resources/sdmxml/schemas/v2_1/common">Rottofreno</Name>
          <Parent>
            <Ref id="ITD51" xmlns="" />
          </Parent>
        </Code>
        <Code id="033040" urn="urn:sdmx:org.sdmx.infomodel.codelist.Code=IT1:CL_REFAREA(1.2).033040">
          <Name xml:lang="it" xmlns="http://www.sdmx.org/resources/sdmxml/schemas/v2_1/common">San Giorgio Piacentino</Name>
          <Name xml:lang="en" xmlns="http://www.sdmx.org/resources/sdmxml/schemas/v2_1/common">San Giorgio Piacentino</Name>
          <Parent>
            <Ref id="ITD51" xmlns="" />
          </Parent>
        </Code>
        <Code id="033041" urn="urn:sdmx:org.sdmx.infomodel.codelist.Code=IT1:CL_REFAREA(1.2).033041">
          <Name xml:lang="it" xmlns="http://www.sdmx.org/resources/sdmxml/schemas/v2_1/common">San Pietro in Cerro</Name>
          <Name xml:lang="en" xmlns="http://www.sdmx.org/resources/sdmxml/schemas/v2_1/common">San Pietro in Cerro</Name>
          <Parent>
            <Ref id="ITD51" xmlns="" />
          </Parent>
        </Code>
        <Code id="033042" urn="urn:sdmx:org.sdmx.infomodel.codelist.Code=IT1:CL_REFAREA(1.2).033042">
          <Name xml:lang="it" xmlns="http://www.sdmx.org/resources/sdmxml/schemas/v2_1/common">Sarmato</Name>
          <Name xml:lang="en" xmlns="http://www.sdmx.org/resources/sdmxml/schemas/v2_1/common">Sarmato</Name>
          <Parent>
            <Ref id="ITD51" xmlns="" />
          </Parent>
        </Code>
        <Code id="033043" urn="urn:sdmx:org.sdmx.infomodel.codelist.Code=IT1:CL_REFAREA(1.2).033043">
          <Name xml:lang="it" xmlns="http://www.sdmx.org/resources/sdmxml/schemas/v2_1/common">Travo</Name>
          <Name xml:lang="en" xmlns="http://www.sdmx.org/resources/sdmxml/schemas/v2_1/common">Travo</Name>
          <Parent>
            <Ref id="ITD51" xmlns="" />
          </Parent>
        </Code>
        <Code id="033044" urn="urn:sdmx:org.sdmx.infomodel.codelist.Code=IT1:CL_REFAREA(1.2).033044">
          <Name xml:lang="it" xmlns="http://www.sdmx.org/resources/sdmxml/schemas/v2_1/common">Vernasca</Name>
          <Name xml:lang="en" xmlns="http://www.sdmx.org/resources/sdmxml/schemas/v2_1/common">Vernasca</Name>
          <Parent>
            <Ref id="ITD51" xmlns="" />
          </Parent>
        </Code>
        <Code id="033045" urn="urn:sdmx:org.sdmx.infomodel.codelist.Code=IT1:CL_REFAREA(1.2).033045">
          <Name xml:lang="it" xmlns="http://www.sdmx.org/resources/sdmxml/schemas/v2_1/common">Vigolzone</Name>
          <Name xml:lang="en" xmlns="http://www.sdmx.org/resources/sdmxml/schemas/v2_1/common">Vigolzone</Name>
          <Parent>
            <Ref id="ITD51" xmlns="" />
          </Parent>
        </Code>
        <Code id="033046" urn="urn:sdmx:org.sdmx.infomodel.codelist.Code=IT1:CL_REFAREA(1.2).033046">
          <Name xml:lang="it" xmlns="http://www.sdmx.org/resources/sdmxml/schemas/v2_1/common">Villanova sull'Arda</Name>
          <Name xml:lang="en" xmlns="http://www.sdmx.org/resources/sdmxml/schemas/v2_1/common">Villanova sull'Arda</Name>
          <Parent>
            <Ref id="ITD51" xmlns="" />
          </Parent>
        </Code>
        <Code id="033047" urn="urn:sdmx:org.sdmx.infomodel.codelist.Code=IT1:CL_REFAREA(1.2).033047">
          <Name xml:lang="it" xmlns="http://www.sdmx.org/resources/sdmxml/schemas/v2_1/common">Zerba</Name>
          <Name xml:lang="en" xmlns="http://www.sdmx.org/resources/sdmxml/schemas/v2_1/common">Zerba</Name>
          <Parent>
            <Ref id="ITD51" xmlns="" />
          </Parent>
        </Code>
        <Code id="033048" urn="urn:sdmx:org.sdmx.infomodel.codelist.Code=IT1:CL_REFAREA(1.2).033048">
          <Name xml:lang="it" xmlns="http://www.sdmx.org/resources/sdmxml/schemas/v2_1/common">Ziano Piacentino</Name>
          <Name xml:lang="en" xmlns="http://www.sdmx.org/resources/sdmxml/schemas/v2_1/common">Ziano Piacentino</Name>
          <Parent>
            <Ref id="ITD51" xmlns="" />
          </Parent>
        </Code>
        <Code id="034001" urn="urn:sdmx:org.sdmx.infomodel.codelist.Code=IT1:CL_REFAREA(1.2).034001">
          <Name xml:lang="it" xmlns="http://www.sdmx.org/resources/sdmxml/schemas/v2_1/common">Albareto</Name>
          <Name xml:lang="en" xmlns="http://www.sdmx.org/resources/sdmxml/schemas/v2_1/common">Albareto</Name>
          <Parent>
            <Ref id="ITD52" xmlns="" />
          </Parent>
        </Code>
        <Code id="034002" urn="urn:sdmx:org.sdmx.infomodel.codelist.Code=IT1:CL_REFAREA(1.2).034002">
          <Name xml:lang="it" xmlns="http://www.sdmx.org/resources/sdmxml/schemas/v2_1/common">Bardi</Name>
          <Name xml:lang="en" xmlns="http://www.sdmx.org/resources/sdmxml/schemas/v2_1/common">Bardi</Name>
          <Parent>
            <Ref id="ITD52" xmlns="" />
          </Parent>
        </Code>
        <Code id="034003" urn="urn:sdmx:org.sdmx.infomodel.codelist.Code=IT1:CL_REFAREA(1.2).034003">
          <Name xml:lang="it" xmlns="http://www.sdmx.org/resources/sdmxml/schemas/v2_1/common">Bedonia</Name>
          <Name xml:lang="en" xmlns="http://www.sdmx.org/resources/sdmxml/schemas/v2_1/common">Bedonia</Name>
          <Parent>
            <Ref id="ITD52" xmlns="" />
          </Parent>
        </Code>
        <Code id="034004" urn="urn:sdmx:org.sdmx.infomodel.codelist.Code=IT1:CL_REFAREA(1.2).034004">
          <Name xml:lang="it" xmlns="http://www.sdmx.org/resources/sdmxml/schemas/v2_1/common">Berceto</Name>
          <Name xml:lang="en" xmlns="http://www.sdmx.org/resources/sdmxml/schemas/v2_1/common">Berceto</Name>
          <Parent>
            <Ref id="ITD52" xmlns="" />
          </Parent>
        </Code>
        <Code id="034005" urn="urn:sdmx:org.sdmx.infomodel.codelist.Code=IT1:CL_REFAREA(1.2).034005">
          <Name xml:lang="it" xmlns="http://www.sdmx.org/resources/sdmxml/schemas/v2_1/common">Bore</Name>
          <Name xml:lang="en" xmlns="http://www.sdmx.org/resources/sdmxml/schemas/v2_1/common">Bore</Name>
          <Parent>
            <Ref id="ITD52" xmlns="" />
          </Parent>
        </Code>
        <Code id="034006" urn="urn:sdmx:org.sdmx.infomodel.codelist.Code=IT1:CL_REFAREA(1.2).034006">
          <Name xml:lang="it" xmlns="http://www.sdmx.org/resources/sdmxml/schemas/v2_1/common">Borgo Val di Taro</Name>
          <Name xml:lang="en" xmlns="http://www.sdmx.org/resources/sdmxml/schemas/v2_1/common">Borgo Val di Taro</Name>
          <Parent>
            <Ref id="ITD52" xmlns="" />
          </Parent>
        </Code>
        <Code id="034007" urn="urn:sdmx:org.sdmx.infomodel.codelist.Code=IT1:CL_REFAREA(1.2).034007">
          <Name xml:lang="it" xmlns="http://www.sdmx.org/resources/sdmxml/schemas/v2_1/common">Busseto</Name>
          <Name xml:lang="en" xmlns="http://www.sdmx.org/resources/sdmxml/schemas/v2_1/common">Busseto</Name>
          <Parent>
            <Ref id="ITD52" xmlns="" />
          </Parent>
        </Code>
        <Code id="034008" urn="urn:sdmx:org.sdmx.infomodel.codelist.Code=IT1:CL_REFAREA(1.2).034008">
          <Name xml:lang="it" xmlns="http://www.sdmx.org/resources/sdmxml/schemas/v2_1/common">Calestano</Name>
          <Name xml:lang="en" xmlns="http://www.sdmx.org/resources/sdmxml/schemas/v2_1/common">Calestano</Name>
          <Parent>
            <Ref id="ITD52" xmlns="" />
          </Parent>
        </Code>
        <Code id="034009" urn="urn:sdmx:org.sdmx.infomodel.codelist.Code=IT1:CL_REFAREA(1.2).034009">
          <Name xml:lang="it" xmlns="http://www.sdmx.org/resources/sdmxml/schemas/v2_1/common">Collecchio</Name>
          <Name xml:lang="en" xmlns="http://www.sdmx.org/resources/sdmxml/schemas/v2_1/common">Collecchio</Name>
          <Parent>
            <Ref id="ITD52" xmlns="" />
          </Parent>
        </Code>
        <Code id="034010" urn="urn:sdmx:org.sdmx.infomodel.codelist.Code=IT1:CL_REFAREA(1.2).034010">
          <Name xml:lang="it" xmlns="http://www.sdmx.org/resources/sdmxml/schemas/v2_1/common">Colorno</Name>
          <Name xml:lang="en" xmlns="http://www.sdmx.org/resources/sdmxml/schemas/v2_1/common">Colorno</Name>
          <Parent>
            <Ref id="ITD52" xmlns="" />
          </Parent>
        </Code>
        <Code id="034011" urn="urn:sdmx:org.sdmx.infomodel.codelist.Code=IT1:CL_REFAREA(1.2).034011">
          <Name xml:lang="it" xmlns="http://www.sdmx.org/resources/sdmxml/schemas/v2_1/common">Compiano</Name>
          <Name xml:lang="en" xmlns="http://www.sdmx.org/resources/sdmxml/schemas/v2_1/common">Compiano</Name>
          <Parent>
            <Ref id="ITD52" xmlns="" />
          </Parent>
        </Code>
        <Code id="034012" urn="urn:sdmx:org.sdmx.infomodel.codelist.Code=IT1:CL_REFAREA(1.2).034012">
          <Name xml:lang="it" xmlns="http://www.sdmx.org/resources/sdmxml/schemas/v2_1/common">Corniglio</Name>
          <Name xml:lang="en" xmlns="http://www.sdmx.org/resources/sdmxml/schemas/v2_1/common">Corniglio</Name>
          <Parent>
            <Ref id="ITD52" xmlns="" />
          </Parent>
        </Code>
        <Code id="034013" urn="urn:sdmx:org.sdmx.infomodel.codelist.Code=IT1:CL_REFAREA(1.2).034013">
          <Name xml:lang="it" xmlns="http://www.sdmx.org/resources/sdmxml/schemas/v2_1/common">Felino</Name>
          <Name xml:lang="en" xmlns="http://www.sdmx.org/resources/sdmxml/schemas/v2_1/common">Felino</Name>
          <Parent>
            <Ref id="ITD52" xmlns="" />
          </Parent>
        </Code>
        <Code id="034014" urn="urn:sdmx:org.sdmx.infomodel.codelist.Code=IT1:CL_REFAREA(1.2).034014">
          <Name xml:lang="it" xmlns="http://www.sdmx.org/resources/sdmxml/schemas/v2_1/common">Fidenza</Name>
          <Name xml:lang="en" xmlns="http://www.sdmx.org/resources/sdmxml/schemas/v2_1/common">Fidenza</Name>
          <Parent>
            <Ref id="ITD52" xmlns="" />
          </Parent>
        </Code>
        <Code id="034015" urn="urn:sdmx:org.sdmx.infomodel.codelist.Code=IT1:CL_REFAREA(1.2).034015">
          <Name xml:lang="it" xmlns="http://www.sdmx.org/resources/sdmxml/schemas/v2_1/common">Fontanellato</Name>
          <Name xml:lang="en" xmlns="http://www.sdmx.org/resources/sdmxml/schemas/v2_1/common">Fontanellato</Name>
          <Parent>
            <Ref id="ITD52" xmlns="" />
          </Parent>
        </Code>
        <Code id="034016" urn="urn:sdmx:org.sdmx.infomodel.codelist.Code=IT1:CL_REFAREA(1.2).034016">
          <Name xml:lang="it" xmlns="http://www.sdmx.org/resources/sdmxml/schemas/v2_1/common">Fontevivo</Name>
          <Name xml:lang="en" xmlns="http://www.sdmx.org/resources/sdmxml/schemas/v2_1/common">Fontevivo</Name>
          <Parent>
            <Ref id="ITD52" xmlns="" />
          </Parent>
        </Code>
        <Code id="034017" urn="urn:sdmx:org.sdmx.infomodel.codelist.Code=IT1:CL_REFAREA(1.2).034017">
          <Name xml:lang="it" xmlns="http://www.sdmx.org/resources/sdmxml/schemas/v2_1/common">Fornovo di Taro</Name>
          <Name xml:lang="en" xmlns="http://www.sdmx.org/resources/sdmxml/schemas/v2_1/common">Fornovo di Taro</Name>
          <Parent>
            <Ref id="ITD52" xmlns="" />
          </Parent>
        </Code>
        <Code id="034018" urn="urn:sdmx:org.sdmx.infomodel.codelist.Code=IT1:CL_REFAREA(1.2).034018">
          <Name xml:lang="it" xmlns="http://www.sdmx.org/resources/sdmxml/schemas/v2_1/common">Langhirano</Name>
          <Name xml:lang="en" xmlns="http://www.sdmx.org/resources/sdmxml/schemas/v2_1/common">Langhirano</Name>
          <Parent>
            <Ref id="ITD52" xmlns="" />
          </Parent>
        </Code>
        <Code id="034019" urn="urn:sdmx:org.sdmx.infomodel.codelist.Code=IT1:CL_REFAREA(1.2).034019">
          <Name xml:lang="it" xmlns="http://www.sdmx.org/resources/sdmxml/schemas/v2_1/common">Lesignano de' Bagni</Name>
          <Name xml:lang="en" xmlns="http://www.sdmx.org/resources/sdmxml/schemas/v2_1/common">Lesignano de' Bagni</Name>
          <Parent>
            <Ref id="ITD52" xmlns="" />
          </Parent>
        </Code>
        <Code id="034020" urn="urn:sdmx:org.sdmx.infomodel.codelist.Code=IT1:CL_REFAREA(1.2).034020">
          <Name xml:lang="it" xmlns="http://www.sdmx.org/resources/sdmxml/schemas/v2_1/common">Medesano</Name>
          <Name xml:lang="en" xmlns="http://www.sdmx.org/resources/sdmxml/schemas/v2_1/common">Medesano</Name>
          <Parent>
            <Ref id="ITD52" xmlns="" />
          </Parent>
        </Code>
        <Code id="034021" urn="urn:sdmx:org.sdmx.infomodel.codelist.Code=IT1:CL_REFAREA(1.2).034021">
          <Name xml:lang="it" xmlns="http://www.sdmx.org/resources/sdmxml/schemas/v2_1/common">Mezzani</Name>
          <Name xml:lang="en" xmlns="http://www.sdmx.org/resources/sdmxml/schemas/v2_1/common">Mezzani</Name>
          <Parent>
            <Ref id="ITD52" xmlns="" />
          </Parent>
        </Code>
        <Code id="034022" urn="urn:sdmx:org.sdmx.infomodel.codelist.Code=IT1:CL_REFAREA(1.2).034022">
          <Name xml:lang="it" xmlns="http://www.sdmx.org/resources/sdmxml/schemas/v2_1/common">Monchio delle Corti</Name>
          <Name xml:lang="en" xmlns="http://www.sdmx.org/resources/sdmxml/schemas/v2_1/common">Monchio delle Corti</Name>
          <Parent>
            <Ref id="ITD52" xmlns="" />
          </Parent>
        </Code>
        <Code id="034023" urn="urn:sdmx:org.sdmx.infomodel.codelist.Code=IT1:CL_REFAREA(1.2).034023">
          <Name xml:lang="it" xmlns="http://www.sdmx.org/resources/sdmxml/schemas/v2_1/common">Montechiarugolo</Name>
          <Name xml:lang="en" xmlns="http://www.sdmx.org/resources/sdmxml/schemas/v2_1/common">Montechiarugolo</Name>
          <Parent>
            <Ref id="ITD52" xmlns="" />
          </Parent>
        </Code>
        <Code id="034024" urn="urn:sdmx:org.sdmx.infomodel.codelist.Code=IT1:CL_REFAREA(1.2).034024">
          <Name xml:lang="it" xmlns="http://www.sdmx.org/resources/sdmxml/schemas/v2_1/common">Neviano degli Arduini</Name>
          <Name xml:lang="en" xmlns="http://www.sdmx.org/resources/sdmxml/schemas/v2_1/common">Neviano degli Arduini</Name>
          <Parent>
            <Ref id="ITD52" xmlns="" />
          </Parent>
        </Code>
        <Code id="034025" urn="urn:sdmx:org.sdmx.infomodel.codelist.Code=IT1:CL_REFAREA(1.2).034025">
          <Name xml:lang="it" xmlns="http://www.sdmx.org/resources/sdmxml/schemas/v2_1/common">Noceto</Name>
          <Name xml:lang="en" xmlns="http://www.sdmx.org/resources/sdmxml/schemas/v2_1/common">Noceto</Name>
          <Parent>
            <Ref id="ITD52" xmlns="" />
          </Parent>
        </Code>
        <Code id="034026" urn="urn:sdmx:org.sdmx.infomodel.codelist.Code=IT1:CL_REFAREA(1.2).034026">
          <Name xml:lang="it" xmlns="http://www.sdmx.org/resources/sdmxml/schemas/v2_1/common">Palanzano</Name>
          <Name xml:lang="en" xmlns="http://www.sdmx.org/resources/sdmxml/schemas/v2_1/common">Palanzano</Name>
          <Parent>
            <Ref id="ITD52" xmlns="" />
          </Parent>
        </Code>
        <Code id="034027" urn="urn:sdmx:org.sdmx.infomodel.codelist.Code=IT1:CL_REFAREA(1.2).034027">
          <Name xml:lang="it" xmlns="http://www.sdmx.org/resources/sdmxml/schemas/v2_1/common">Parma</Name>
          <Name xml:lang="en" xmlns="http://www.sdmx.org/resources/sdmxml/schemas/v2_1/common">Parma</Name>
          <Parent>
            <Ref id="ITD52" xmlns="" />
          </Parent>
        </Code>
        <Code id="034028" urn="urn:sdmx:org.sdmx.infomodel.codelist.Code=IT1:CL_REFAREA(1.2).034028">
          <Name xml:lang="it" xmlns="http://www.sdmx.org/resources/sdmxml/schemas/v2_1/common">Pellegrino Parmense</Name>
          <Name xml:lang="en" xmlns="http://www.sdmx.org/resources/sdmxml/schemas/v2_1/common">Pellegrino Parmense</Name>
          <Parent>
            <Ref id="ITD52" xmlns="" />
          </Parent>
        </Code>
        <Code id="034029" urn="urn:sdmx:org.sdmx.infomodel.codelist.Code=IT1:CL_REFAREA(1.2).034029">
          <Name xml:lang="it" xmlns="http://www.sdmx.org/resources/sdmxml/schemas/v2_1/common">Polesine Parmense</Name>
          <Name xml:lang="en" xmlns="http://www.sdmx.org/resources/sdmxml/schemas/v2_1/common">Polesine Parmense</Name>
          <Parent>
            <Ref id="ITD52" xmlns="" />
          </Parent>
        </Code>
        <Code id="034030" urn="urn:sdmx:org.sdmx.infomodel.codelist.Code=IT1:CL_REFAREA(1.2).034030">
          <Name xml:lang="it" xmlns="http://www.sdmx.org/resources/sdmxml/schemas/v2_1/common">Roccabianca</Name>
          <Name xml:lang="en" xmlns="http://www.sdmx.org/resources/sdmxml/schemas/v2_1/common">Roccabianca</Name>
          <Parent>
            <Ref id="ITD52" xmlns="" />
          </Parent>
        </Code>
        <Code id="034031" urn="urn:sdmx:org.sdmx.infomodel.codelist.Code=IT1:CL_REFAREA(1.2).034031">
          <Name xml:lang="it" xmlns="http://www.sdmx.org/resources/sdmxml/schemas/v2_1/common">Sala Baganza</Name>
          <Name xml:lang="en" xmlns="http://www.sdmx.org/resources/sdmxml/schemas/v2_1/common">Sala Baganza</Name>
          <Parent>
            <Ref id="ITD52" xmlns="" />
          </Parent>
        </Code>
        <Code id="034032" urn="urn:sdmx:org.sdmx.infomodel.codelist.Code=IT1:CL_REFAREA(1.2).034032">
          <Name xml:lang="it" xmlns="http://www.sdmx.org/resources/sdmxml/schemas/v2_1/common">Salsomaggiore Terme</Name>
          <Name xml:lang="en" xmlns="http://www.sdmx.org/resources/sdmxml/schemas/v2_1/common">Salsomaggiore Terme</Name>
          <Parent>
            <Ref id="ITD52" xmlns="" />
          </Parent>
        </Code>
        <Code id="034033" urn="urn:sdmx:org.sdmx.infomodel.codelist.Code=IT1:CL_REFAREA(1.2).034033">
          <Name xml:lang="it" xmlns="http://www.sdmx.org/resources/sdmxml/schemas/v2_1/common">San Secondo Parmense</Name>
          <Name xml:lang="en" xmlns="http://www.sdmx.org/resources/sdmxml/schemas/v2_1/common">San Secondo Parmense</Name>
          <Parent>
            <Ref id="ITD52" xmlns="" />
          </Parent>
        </Code>
        <Code id="034034" urn="urn:sdmx:org.sdmx.infomodel.codelist.Code=IT1:CL_REFAREA(1.2).034034">
          <Name xml:lang="it" xmlns="http://www.sdmx.org/resources/sdmxml/schemas/v2_1/common">Sissa</Name>
          <Name xml:lang="en" xmlns="http://www.sdmx.org/resources/sdmxml/schemas/v2_1/common">Sissa</Name>
          <Parent>
            <Ref id="ITD52" xmlns="" />
          </Parent>
        </Code>
        <Code id="034035" urn="urn:sdmx:org.sdmx.infomodel.codelist.Code=IT1:CL_REFAREA(1.2).034035">
          <Name xml:lang="it" xmlns="http://www.sdmx.org/resources/sdmxml/schemas/v2_1/common">Solignano</Name>
          <Name xml:lang="en" xmlns="http://www.sdmx.org/resources/sdmxml/schemas/v2_1/common">Solignano</Name>
          <Parent>
            <Ref id="ITD52" xmlns="" />
          </Parent>
        </Code>
        <Code id="034036" urn="urn:sdmx:org.sdmx.infomodel.codelist.Code=IT1:CL_REFAREA(1.2).034036">
          <Name xml:lang="it" xmlns="http://www.sdmx.org/resources/sdmxml/schemas/v2_1/common">Soragna</Name>
          <Name xml:lang="en" xmlns="http://www.sdmx.org/resources/sdmxml/schemas/v2_1/common">Soragna</Name>
          <Parent>
            <Ref id="ITD52" xmlns="" />
          </Parent>
        </Code>
        <Code id="034037" urn="urn:sdmx:org.sdmx.infomodel.codelist.Code=IT1:CL_REFAREA(1.2).034037">
          <Name xml:lang="it" xmlns="http://www.sdmx.org/resources/sdmxml/schemas/v2_1/common">Sorbolo</Name>
          <Name xml:lang="en" xmlns="http://www.sdmx.org/resources/sdmxml/schemas/v2_1/common">Sorbolo</Name>
          <Parent>
            <Ref id="ITD52" xmlns="" />
          </Parent>
        </Code>
        <Code id="034038" urn="urn:sdmx:org.sdmx.infomodel.codelist.Code=IT1:CL_REFAREA(1.2).034038">
          <Name xml:lang="it" xmlns="http://www.sdmx.org/resources/sdmxml/schemas/v2_1/common">Terenzo</Name>
          <Name xml:lang="en" xmlns="http://www.sdmx.org/resources/sdmxml/schemas/v2_1/common">Terenzo</Name>
          <Parent>
            <Ref id="ITD52" xmlns="" />
          </Parent>
        </Code>
        <Code id="034039" urn="urn:sdmx:org.sdmx.infomodel.codelist.Code=IT1:CL_REFAREA(1.2).034039">
          <Name xml:lang="it" xmlns="http://www.sdmx.org/resources/sdmxml/schemas/v2_1/common">Tizzano Val Parma</Name>
          <Name xml:lang="en" xmlns="http://www.sdmx.org/resources/sdmxml/schemas/v2_1/common">Tizzano Val Parma</Name>
          <Parent>
            <Ref id="ITD52" xmlns="" />
          </Parent>
        </Code>
        <Code id="034040" urn="urn:sdmx:org.sdmx.infomodel.codelist.Code=IT1:CL_REFAREA(1.2).034040">
          <Name xml:lang="it" xmlns="http://www.sdmx.org/resources/sdmxml/schemas/v2_1/common">Tornolo</Name>
          <Name xml:lang="en" xmlns="http://www.sdmx.org/resources/sdmxml/schemas/v2_1/common">Tornolo</Name>
          <Parent>
            <Ref id="ITD52" xmlns="" />
          </Parent>
        </Code>
        <Code id="034041" urn="urn:sdmx:org.sdmx.infomodel.codelist.Code=IT1:CL_REFAREA(1.2).034041">
          <Name xml:lang="it" xmlns="http://www.sdmx.org/resources/sdmxml/schemas/v2_1/common">Torrile</Name>
          <Name xml:lang="en" xmlns="http://www.sdmx.org/resources/sdmxml/schemas/v2_1/common">Torrile</Name>
          <Parent>
            <Ref id="ITD52" xmlns="" />
          </Parent>
        </Code>
        <Code id="034042" urn="urn:sdmx:org.sdmx.infomodel.codelist.Code=IT1:CL_REFAREA(1.2).034042">
          <Name xml:lang="it" xmlns="http://www.sdmx.org/resources/sdmxml/schemas/v2_1/common">Traversetolo</Name>
          <Name xml:lang="en" xmlns="http://www.sdmx.org/resources/sdmxml/schemas/v2_1/common">Traversetolo</Name>
          <Parent>
            <Ref id="ITD52" xmlns="" />
          </Parent>
        </Code>
        <Code id="034043" urn="urn:sdmx:org.sdmx.infomodel.codelist.Code=IT1:CL_REFAREA(1.2).034043">
          <Name xml:lang="it" xmlns="http://www.sdmx.org/resources/sdmxml/schemas/v2_1/common">Trecasali</Name>
          <Name xml:lang="en" xmlns="http://www.sdmx.org/resources/sdmxml/schemas/v2_1/common">Trecasali</Name>
          <Parent>
            <Ref id="ITD52" xmlns="" />
          </Parent>
        </Code>
        <Code id="034044" urn="urn:sdmx:org.sdmx.infomodel.codelist.Code=IT1:CL_REFAREA(1.2).034044">
          <Name xml:lang="it" xmlns="http://www.sdmx.org/resources/sdmxml/schemas/v2_1/common">Valmozzola</Name>
          <Name xml:lang="en" xmlns="http://www.sdmx.org/resources/sdmxml/schemas/v2_1/common">Valmozzola</Name>
          <Parent>
            <Ref id="ITD52" xmlns="" />
          </Parent>
        </Code>
        <Code id="034045" urn="urn:sdmx:org.sdmx.infomodel.codelist.Code=IT1:CL_REFAREA(1.2).034045">
          <Name xml:lang="it" xmlns="http://www.sdmx.org/resources/sdmxml/schemas/v2_1/common">Varano de' Melegari</Name>
          <Name xml:lang="en" xmlns="http://www.sdmx.org/resources/sdmxml/schemas/v2_1/common">Varano de' Melegari</Name>
          <Parent>
            <Ref id="ITD52" xmlns="" />
          </Parent>
        </Code>
        <Code id="034046" urn="urn:sdmx:org.sdmx.infomodel.codelist.Code=IT1:CL_REFAREA(1.2).034046">
          <Name xml:lang="it" xmlns="http://www.sdmx.org/resources/sdmxml/schemas/v2_1/common">Varsi</Name>
          <Name xml:lang="en" xmlns="http://www.sdmx.org/resources/sdmxml/schemas/v2_1/common">Varsi</Name>
          <Parent>
            <Ref id="ITD52" xmlns="" />
          </Parent>
        </Code>
        <Code id="034048" urn="urn:sdmx:org.sdmx.infomodel.codelist.Code=IT1:CL_REFAREA(1.2).034048">
          <Name xml:lang="it" xmlns="http://www.sdmx.org/resources/sdmxml/schemas/v2_1/common">Zibello</Name>
          <Name xml:lang="en" xmlns="http://www.sdmx.org/resources/sdmxml/schemas/v2_1/common">Zibello</Name>
          <Parent>
            <Ref id="ITD52" xmlns="" />
          </Parent>
        </Code>
        <Code id="035001" urn="urn:sdmx:org.sdmx.infomodel.codelist.Code=IT1:CL_REFAREA(1.2).035001">
          <Name xml:lang="it" xmlns="http://www.sdmx.org/resources/sdmxml/schemas/v2_1/common">Albinea</Name>
          <Name xml:lang="en" xmlns="http://www.sdmx.org/resources/sdmxml/schemas/v2_1/common">Albinea</Name>
          <Parent>
            <Ref id="ITD53" xmlns="" />
          </Parent>
        </Code>
        <Code id="035002" urn="urn:sdmx:org.sdmx.infomodel.codelist.Code=IT1:CL_REFAREA(1.2).035002">
          <Name xml:lang="it" xmlns="http://www.sdmx.org/resources/sdmxml/schemas/v2_1/common">Bagnolo in Piano</Name>
          <Name xml:lang="en" xmlns="http://www.sdmx.org/resources/sdmxml/schemas/v2_1/common">Bagnolo in Piano</Name>
          <Parent>
            <Ref id="ITD53" xmlns="" />
          </Parent>
        </Code>
        <Code id="035003" urn="urn:sdmx:org.sdmx.infomodel.codelist.Code=IT1:CL_REFAREA(1.2).035003">
          <Name xml:lang="it" xmlns="http://www.sdmx.org/resources/sdmxml/schemas/v2_1/common">Baiso</Name>
          <Name xml:lang="en" xmlns="http://www.sdmx.org/resources/sdmxml/schemas/v2_1/common">Baiso</Name>
          <Parent>
            <Ref id="ITD53" xmlns="" />
          </Parent>
        </Code>
        <Code id="035004" urn="urn:sdmx:org.sdmx.infomodel.codelist.Code=IT1:CL_REFAREA(1.2).035004">
          <Name xml:lang="it" xmlns="http://www.sdmx.org/resources/sdmxml/schemas/v2_1/common">Bibbiano</Name>
          <Name xml:lang="en" xmlns="http://www.sdmx.org/resources/sdmxml/schemas/v2_1/common">Bibbiano</Name>
          <Parent>
            <Ref id="ITD53" xmlns="" />
          </Parent>
        </Code>
        <Code id="035005" urn="urn:sdmx:org.sdmx.infomodel.codelist.Code=IT1:CL_REFAREA(1.2).035005">
          <Name xml:lang="it" xmlns="http://www.sdmx.org/resources/sdmxml/schemas/v2_1/common">Boretto</Name>
          <Name xml:lang="en" xmlns="http://www.sdmx.org/resources/sdmxml/schemas/v2_1/common">Boretto</Name>
          <Parent>
            <Ref id="ITD53" xmlns="" />
          </Parent>
        </Code>
        <Code id="035006" urn="urn:sdmx:org.sdmx.infomodel.codelist.Code=IT1:CL_REFAREA(1.2).035006">
          <Name xml:lang="it" xmlns="http://www.sdmx.org/resources/sdmxml/schemas/v2_1/common">Brescello</Name>
          <Name xml:lang="en" xmlns="http://www.sdmx.org/resources/sdmxml/schemas/v2_1/common">Brescello</Name>
          <Parent>
            <Ref id="ITD53" xmlns="" />
          </Parent>
        </Code>
        <Code id="035007" urn="urn:sdmx:org.sdmx.infomodel.codelist.Code=IT1:CL_REFAREA(1.2).035007">
          <Name xml:lang="it" xmlns="http://www.sdmx.org/resources/sdmxml/schemas/v2_1/common">Busana</Name>
          <Name xml:lang="en" xmlns="http://www.sdmx.org/resources/sdmxml/schemas/v2_1/common">Busana</Name>
          <Parent>
            <Ref id="ITD53" xmlns="" />
          </Parent>
        </Code>
        <Code id="035008" urn="urn:sdmx:org.sdmx.infomodel.codelist.Code=IT1:CL_REFAREA(1.2).035008">
          <Name xml:lang="it" xmlns="http://www.sdmx.org/resources/sdmxml/schemas/v2_1/common">Cadelbosco di Sopra</Name>
          <Name xml:lang="en" xmlns="http://www.sdmx.org/resources/sdmxml/schemas/v2_1/common">Cadelbosco di Sopra</Name>
          <Parent>
            <Ref id="ITD53" xmlns="" />
          </Parent>
        </Code>
        <Code id="035009" urn="urn:sdmx:org.sdmx.infomodel.codelist.Code=IT1:CL_REFAREA(1.2).035009">
          <Name xml:lang="it" xmlns="http://www.sdmx.org/resources/sdmxml/schemas/v2_1/common">Campagnola Emilia</Name>
          <Name xml:lang="en" xmlns="http://www.sdmx.org/resources/sdmxml/schemas/v2_1/common">Campagnola Emilia</Name>
          <Parent>
            <Ref id="ITD53" xmlns="" />
          </Parent>
        </Code>
        <Code id="035010" urn="urn:sdmx:org.sdmx.infomodel.codelist.Code=IT1:CL_REFAREA(1.2).035010">
          <Name xml:lang="it" xmlns="http://www.sdmx.org/resources/sdmxml/schemas/v2_1/common">Campegine</Name>
          <Name xml:lang="en" xmlns="http://www.sdmx.org/resources/sdmxml/schemas/v2_1/common">Campegine</Name>
          <Parent>
            <Ref id="ITD53" xmlns="" />
          </Parent>
        </Code>
        <Code id="035011" urn="urn:sdmx:org.sdmx.infomodel.codelist.Code=IT1:CL_REFAREA(1.2).035011">
          <Name xml:lang="it" xmlns="http://www.sdmx.org/resources/sdmxml/schemas/v2_1/common">Carpineti</Name>
          <Name xml:lang="en" xmlns="http://www.sdmx.org/resources/sdmxml/schemas/v2_1/common">Carpineti</Name>
          <Parent>
            <Ref id="ITD53" xmlns="" />
          </Parent>
        </Code>
        <Code id="035012" urn="urn:sdmx:org.sdmx.infomodel.codelist.Code=IT1:CL_REFAREA(1.2).035012">
          <Name xml:lang="it" xmlns="http://www.sdmx.org/resources/sdmxml/schemas/v2_1/common">Casalgrande</Name>
          <Name xml:lang="en" xmlns="http://www.sdmx.org/resources/sdmxml/schemas/v2_1/common">Casalgrande</Name>
          <Parent>
            <Ref id="ITD53" xmlns="" />
          </Parent>
        </Code>
        <Code id="035013" urn="urn:sdmx:org.sdmx.infomodel.codelist.Code=IT1:CL_REFAREA(1.2).035013">
          <Name xml:lang="it" xmlns="http://www.sdmx.org/resources/sdmxml/schemas/v2_1/common">Casina</Name>
          <Name xml:lang="en" xmlns="http://www.sdmx.org/resources/sdmxml/schemas/v2_1/common">Casina</Name>
          <Parent>
            <Ref id="ITD53" xmlns="" />
          </Parent>
        </Code>
        <Code id="035014" urn="urn:sdmx:org.sdmx.infomodel.codelist.Code=IT1:CL_REFAREA(1.2).035014">
          <Name xml:lang="it" xmlns="http://www.sdmx.org/resources/sdmxml/schemas/v2_1/common">Castellarano</Name>
          <Name xml:lang="en" xmlns="http://www.sdmx.org/resources/sdmxml/schemas/v2_1/common">Castellarano</Name>
          <Parent>
            <Ref id="ITD53" xmlns="" />
          </Parent>
        </Code>
        <Code id="035015" urn="urn:sdmx:org.sdmx.infomodel.codelist.Code=IT1:CL_REFAREA(1.2).035015">
          <Name xml:lang="it" xmlns="http://www.sdmx.org/resources/sdmxml/schemas/v2_1/common">Castelnovo di Sotto</Name>
          <Name xml:lang="en" xmlns="http://www.sdmx.org/resources/sdmxml/schemas/v2_1/common">Castelnovo di Sotto</Name>
          <Parent>
            <Ref id="ITD53" xmlns="" />
          </Parent>
        </Code>
        <Code id="035016" urn="urn:sdmx:org.sdmx.infomodel.codelist.Code=IT1:CL_REFAREA(1.2).035016">
          <Name xml:lang="it" xmlns="http://www.sdmx.org/resources/sdmxml/schemas/v2_1/common">Castelnovo ne' Monti</Name>
          <Name xml:lang="en" xmlns="http://www.sdmx.org/resources/sdmxml/schemas/v2_1/common">Castelnovo ne' Monti</Name>
          <Parent>
            <Ref id="ITD53" xmlns="" />
          </Parent>
        </Code>
        <Code id="035017" urn="urn:sdmx:org.sdmx.infomodel.codelist.Code=IT1:CL_REFAREA(1.2).035017">
          <Name xml:lang="it" xmlns="http://www.sdmx.org/resources/sdmxml/schemas/v2_1/common">Cavriago</Name>
          <Name xml:lang="en" xmlns="http://www.sdmx.org/resources/sdmxml/schemas/v2_1/common">Cavriago</Name>
          <Parent>
            <Ref id="ITD53" xmlns="" />
          </Parent>
        </Code>
        <Code id="035018" urn="urn:sdmx:org.sdmx.infomodel.codelist.Code=IT1:CL_REFAREA(1.2).035018">
          <Name xml:lang="it" xmlns="http://www.sdmx.org/resources/sdmxml/schemas/v2_1/common">Canossa</Name>
          <Name xml:lang="en" xmlns="http://www.sdmx.org/resources/sdmxml/schemas/v2_1/common">Canossa</Name>
          <Parent>
            <Ref id="ITD53" xmlns="" />
          </Parent>
        </Code>
        <Code id="035019" urn="urn:sdmx:org.sdmx.infomodel.codelist.Code=IT1:CL_REFAREA(1.2).035019">
          <Name xml:lang="it" xmlns="http://www.sdmx.org/resources/sdmxml/schemas/v2_1/common">Collagna</Name>
          <Name xml:lang="en" xmlns="http://www.sdmx.org/resources/sdmxml/schemas/v2_1/common">Collagna</Name>
          <Parent>
            <Ref id="ITD53" xmlns="" />
          </Parent>
        </Code>
        <Code id="035020" urn="urn:sdmx:org.sdmx.infomodel.codelist.Code=IT1:CL_REFAREA(1.2).035020">
          <Name xml:lang="it" xmlns="http://www.sdmx.org/resources/sdmxml/schemas/v2_1/common">Correggio</Name>
          <Name xml:lang="en" xmlns="http://www.sdmx.org/resources/sdmxml/schemas/v2_1/common">Correggio</Name>
          <Parent>
            <Ref id="ITD53" xmlns="" />
          </Parent>
        </Code>
        <Code id="035021" urn="urn:sdmx:org.sdmx.infomodel.codelist.Code=IT1:CL_REFAREA(1.2).035021">
          <Name xml:lang="it" xmlns="http://www.sdmx.org/resources/sdmxml/schemas/v2_1/common">Fabbrico</Name>
          <Name xml:lang="en" xmlns="http://www.sdmx.org/resources/sdmxml/schemas/v2_1/common">Fabbrico</Name>
          <Parent>
            <Ref id="ITD53" xmlns="" />
          </Parent>
        </Code>
        <Code id="035022" urn="urn:sdmx:org.sdmx.infomodel.codelist.Code=IT1:CL_REFAREA(1.2).035022">
          <Name xml:lang="it" xmlns="http://www.sdmx.org/resources/sdmxml/schemas/v2_1/common">Gattatico</Name>
          <Name xml:lang="en" xmlns="http://www.sdmx.org/resources/sdmxml/schemas/v2_1/common">Gattatico</Name>
          <Parent>
            <Ref id="ITD53" xmlns="" />
          </Parent>
        </Code>
        <Code id="035023" urn="urn:sdmx:org.sdmx.infomodel.codelist.Code=IT1:CL_REFAREA(1.2).035023">
          <Name xml:lang="it" xmlns="http://www.sdmx.org/resources/sdmxml/schemas/v2_1/common">Gualtieri</Name>
          <Name xml:lang="en" xmlns="http://www.sdmx.org/resources/sdmxml/schemas/v2_1/common">Gualtieri</Name>
          <Parent>
            <Ref id="ITD53" xmlns="" />
          </Parent>
        </Code>
        <Code id="035024" urn="urn:sdmx:org.sdmx.infomodel.codelist.Code=IT1:CL_REFAREA(1.2).035024">
          <Name xml:lang="it" xmlns="http://www.sdmx.org/resources/sdmxml/schemas/v2_1/common">Guastalla</Name>
          <Name xml:lang="en" xmlns="http://www.sdmx.org/resources/sdmxml/schemas/v2_1/common">Guastalla</Name>
          <Parent>
            <Ref id="ITD53" xmlns="" />
          </Parent>
        </Code>
        <Code id="035025" urn="urn:sdmx:org.sdmx.infomodel.codelist.Code=IT1:CL_REFAREA(1.2).035025">
          <Name xml:lang="it" xmlns="http://www.sdmx.org/resources/sdmxml/schemas/v2_1/common">Ligonchio</Name>
          <Name xml:lang="en" xmlns="http://www.sdmx.org/resources/sdmxml/schemas/v2_1/common">Ligonchio</Name>
          <Parent>
            <Ref id="ITD53" xmlns="" />
          </Parent>
        </Code>
        <Code id="035026" urn="urn:sdmx:org.sdmx.infomodel.codelist.Code=IT1:CL_REFAREA(1.2).035026">
          <Name xml:lang="it" xmlns="http://www.sdmx.org/resources/sdmxml/schemas/v2_1/common">Luzzara</Name>
          <Name xml:lang="en" xmlns="http://www.sdmx.org/resources/sdmxml/schemas/v2_1/common">Luzzara</Name>
          <Parent>
            <Ref id="ITD53" xmlns="" />
          </Parent>
        </Code>
        <Code id="035027" urn="urn:sdmx:org.sdmx.infomodel.codelist.Code=IT1:CL_REFAREA(1.2).035027">
          <Name xml:lang="it" xmlns="http://www.sdmx.org/resources/sdmxml/schemas/v2_1/common">Montecchio Emilia</Name>
          <Name xml:lang="en" xmlns="http://www.sdmx.org/resources/sdmxml/schemas/v2_1/common">Montecchio Emilia</Name>
          <Parent>
            <Ref id="ITD53" xmlns="" />
          </Parent>
        </Code>
        <Code id="035028" urn="urn:sdmx:org.sdmx.infomodel.codelist.Code=IT1:CL_REFAREA(1.2).035028">
          <Name xml:lang="it" xmlns="http://www.sdmx.org/resources/sdmxml/schemas/v2_1/common">Novellara</Name>
          <Name xml:lang="en" xmlns="http://www.sdmx.org/resources/sdmxml/schemas/v2_1/common">Novellara</Name>
          <Parent>
            <Ref id="ITD53" xmlns="" />
          </Parent>
        </Code>
        <Code id="035029" urn="urn:sdmx:org.sdmx.infomodel.codelist.Code=IT1:CL_REFAREA(1.2).035029">
          <Name xml:lang="it" xmlns="http://www.sdmx.org/resources/sdmxml/schemas/v2_1/common">Poviglio</Name>
          <Name xml:lang="en" xmlns="http://www.sdmx.org/resources/sdmxml/schemas/v2_1/common">Poviglio</Name>
          <Parent>
            <Ref id="ITD53" xmlns="" />
          </Parent>
        </Code>
        <Code id="035030" urn="urn:sdmx:org.sdmx.infomodel.codelist.Code=IT1:CL_REFAREA(1.2).035030">
          <Name xml:lang="it" xmlns="http://www.sdmx.org/resources/sdmxml/schemas/v2_1/common">Quattro Castella</Name>
          <Name xml:lang="en" xmlns="http://www.sdmx.org/resources/sdmxml/schemas/v2_1/common">Quattro Castella</Name>
          <Parent>
            <Ref id="ITD53" xmlns="" />
          </Parent>
        </Code>
        <Code id="035031" urn="urn:sdmx:org.sdmx.infomodel.codelist.Code=IT1:CL_REFAREA(1.2).035031">
          <Name xml:lang="it" xmlns="http://www.sdmx.org/resources/sdmxml/schemas/v2_1/common">Ramiseto</Name>
          <Name xml:lang="en" xmlns="http://www.sdmx.org/resources/sdmxml/schemas/v2_1/common">Ramiseto</Name>
          <Parent>
            <Ref id="ITD53" xmlns="" />
          </Parent>
        </Code>
        <Code id="035032" urn="urn:sdmx:org.sdmx.infomodel.codelist.Code=IT1:CL_REFAREA(1.2).035032">
          <Name xml:lang="it" xmlns="http://www.sdmx.org/resources/sdmxml/schemas/v2_1/common">Reggiolo</Name>
          <Name xml:lang="en" xmlns="http://www.sdmx.org/resources/sdmxml/schemas/v2_1/common">Reggiolo</Name>
          <Parent>
            <Ref id="ITD53" xmlns="" />
          </Parent>
        </Code>
        <Code id="035033" urn="urn:sdmx:org.sdmx.infomodel.codelist.Code=IT1:CL_REFAREA(1.2).035033">
          <Name xml:lang="it" xmlns="http://www.sdmx.org/resources/sdmxml/schemas/v2_1/common">Reggio nell'Emilia</Name>
          <Name xml:lang="en" xmlns="http://www.sdmx.org/resources/sdmxml/schemas/v2_1/common">Reggio nell'Emilia</Name>
          <Parent>
            <Ref id="ITD53" xmlns="" />
          </Parent>
        </Code>
        <Code id="035034" urn="urn:sdmx:org.sdmx.infomodel.codelist.Code=IT1:CL_REFAREA(1.2).035034">
          <Name xml:lang="it" xmlns="http://www.sdmx.org/resources/sdmxml/schemas/v2_1/common">Rio Saliceto</Name>
          <Name xml:lang="en" xmlns="http://www.sdmx.org/resources/sdmxml/schemas/v2_1/common">Rio Saliceto</Name>
          <Parent>
            <Ref id="ITD53" xmlns="" />
          </Parent>
        </Code>
        <Code id="035035" urn="urn:sdmx:org.sdmx.infomodel.codelist.Code=IT1:CL_REFAREA(1.2).035035">
          <Name xml:lang="it" xmlns="http://www.sdmx.org/resources/sdmxml/schemas/v2_1/common">Rolo</Name>
          <Name xml:lang="en" xmlns="http://www.sdmx.org/resources/sdmxml/schemas/v2_1/common">Rolo</Name>
          <Parent>
            <Ref id="ITD53" xmlns="" />
          </Parent>
        </Code>
        <Code id="035036" urn="urn:sdmx:org.sdmx.infomodel.codelist.Code=IT1:CL_REFAREA(1.2).035036">
          <Name xml:lang="it" xmlns="http://www.sdmx.org/resources/sdmxml/schemas/v2_1/common">Rubiera</Name>
          <Name xml:lang="en" xmlns="http://www.sdmx.org/resources/sdmxml/schemas/v2_1/common">Rubiera</Name>
          <Parent>
            <Ref id="ITD53" xmlns="" />
          </Parent>
        </Code>
        <Code id="035037" urn="urn:sdmx:org.sdmx.infomodel.codelist.Code=IT1:CL_REFAREA(1.2).035037">
          <Name xml:lang="it" xmlns="http://www.sdmx.org/resources/sdmxml/schemas/v2_1/common">San Martino in Rio</Name>
          <Name xml:lang="en" xmlns="http://www.sdmx.org/resources/sdmxml/schemas/v2_1/common">San Martino in Rio</Name>
          <Parent>
            <Ref id="ITD53" xmlns="" />
          </Parent>
        </Code>
        <Code id="035038" urn="urn:sdmx:org.sdmx.infomodel.codelist.Code=IT1:CL_REFAREA(1.2).035038">
          <Name xml:lang="it" xmlns="http://www.sdmx.org/resources/sdmxml/schemas/v2_1/common">San Polo d'Enza</Name>
          <Name xml:lang="en" xmlns="http://www.sdmx.org/resources/sdmxml/schemas/v2_1/common">San Polo d'Enza</Name>
          <Parent>
            <Ref id="ITD53" xmlns="" />
          </Parent>
        </Code>
        <Code id="035039" urn="urn:sdmx:org.sdmx.infomodel.codelist.Code=IT1:CL_REFAREA(1.2).035039">
          <Name xml:lang="it" xmlns="http://www.sdmx.org/resources/sdmxml/schemas/v2_1/common">Sant'Ilario d'Enza</Name>
          <Name xml:lang="en" xmlns="http://www.sdmx.org/resources/sdmxml/schemas/v2_1/common">Sant'Ilario d'Enza</Name>
          <Parent>
            <Ref id="ITD53" xmlns="" />
          </Parent>
        </Code>
        <Code id="035040" urn="urn:sdmx:org.sdmx.infomodel.codelist.Code=IT1:CL_REFAREA(1.2).035040">
          <Name xml:lang="it" xmlns="http://www.sdmx.org/resources/sdmxml/schemas/v2_1/common">Scandiano</Name>
          <Name xml:lang="en" xmlns="http://www.sdmx.org/resources/sdmxml/schemas/v2_1/common">Scandiano</Name>
          <Parent>
            <Ref id="ITD53" xmlns="" />
          </Parent>
        </Code>
        <Code id="035041" urn="urn:sdmx:org.sdmx.infomodel.codelist.Code=IT1:CL_REFAREA(1.2).035041">
          <Name xml:lang="it" xmlns="http://www.sdmx.org/resources/sdmxml/schemas/v2_1/common">Toano</Name>
          <Name xml:lang="en" xmlns="http://www.sdmx.org/resources/sdmxml/schemas/v2_1/common">Toano</Name>
          <Parent>
            <Ref id="ITD53" xmlns="" />
          </Parent>
        </Code>
        <Code id="035042" urn="urn:sdmx:org.sdmx.infomodel.codelist.Code=IT1:CL_REFAREA(1.2).035042">
          <Name xml:lang="it" xmlns="http://www.sdmx.org/resources/sdmxml/schemas/v2_1/common">Vetto</Name>
          <Name xml:lang="en" xmlns="http://www.sdmx.org/resources/sdmxml/schemas/v2_1/common">Vetto</Name>
          <Parent>
            <Ref id="ITD53" xmlns="" />
          </Parent>
        </Code>
        <Code id="035043" urn="urn:sdmx:org.sdmx.infomodel.codelist.Code=IT1:CL_REFAREA(1.2).035043">
          <Name xml:lang="it" xmlns="http://www.sdmx.org/resources/sdmxml/schemas/v2_1/common">Vezzano sul Crostolo</Name>
          <Name xml:lang="en" xmlns="http://www.sdmx.org/resources/sdmxml/schemas/v2_1/common">Vezzano sul Crostolo</Name>
          <Parent>
            <Ref id="ITD53" xmlns="" />
          </Parent>
        </Code>
        <Code id="035044" urn="urn:sdmx:org.sdmx.infomodel.codelist.Code=IT1:CL_REFAREA(1.2).035044">
          <Name xml:lang="it" xmlns="http://www.sdmx.org/resources/sdmxml/schemas/v2_1/common">Viano</Name>
          <Name xml:lang="en" xmlns="http://www.sdmx.org/resources/sdmxml/schemas/v2_1/common">Viano</Name>
          <Parent>
            <Ref id="ITD53" xmlns="" />
          </Parent>
        </Code>
        <Code id="035045" urn="urn:sdmx:org.sdmx.infomodel.codelist.Code=IT1:CL_REFAREA(1.2).035045">
          <Name xml:lang="it" xmlns="http://www.sdmx.org/resources/sdmxml/schemas/v2_1/common">Villa Minozzo</Name>
          <Name xml:lang="en" xmlns="http://www.sdmx.org/resources/sdmxml/schemas/v2_1/common">Villa Minozzo</Name>
          <Parent>
            <Ref id="ITD53" xmlns="" />
          </Parent>
        </Code>
        <Code id="036001" urn="urn:sdmx:org.sdmx.infomodel.codelist.Code=IT1:CL_REFAREA(1.2).036001">
          <Name xml:lang="it" xmlns="http://www.sdmx.org/resources/sdmxml/schemas/v2_1/common">Bastiglia</Name>
          <Name xml:lang="en" xmlns="http://www.sdmx.org/resources/sdmxml/schemas/v2_1/common">Bastiglia</Name>
          <Parent>
            <Ref id="ITD54" xmlns="" />
          </Parent>
        </Code>
        <Code id="036002" urn="urn:sdmx:org.sdmx.infomodel.codelist.Code=IT1:CL_REFAREA(1.2).036002">
          <Name xml:lang="it" xmlns="http://www.sdmx.org/resources/sdmxml/schemas/v2_1/common">Bomporto</Name>
          <Name xml:lang="en" xmlns="http://www.sdmx.org/resources/sdmxml/schemas/v2_1/common">Bomporto</Name>
          <Parent>
            <Ref id="ITD54" xmlns="" />
          </Parent>
        </Code>
        <Code id="036003" urn="urn:sdmx:org.sdmx.infomodel.codelist.Code=IT1:CL_REFAREA(1.2).036003">
          <Name xml:lang="it" xmlns="http://www.sdmx.org/resources/sdmxml/schemas/v2_1/common">Campogalliano</Name>
          <Name xml:lang="en" xmlns="http://www.sdmx.org/resources/sdmxml/schemas/v2_1/common">Campogalliano</Name>
          <Parent>
            <Ref id="ITD54" xmlns="" />
          </Parent>
        </Code>
        <Code id="036004" urn="urn:sdmx:org.sdmx.infomodel.codelist.Code=IT1:CL_REFAREA(1.2).036004">
          <Name xml:lang="it" xmlns="http://www.sdmx.org/resources/sdmxml/schemas/v2_1/common">Camposanto</Name>
          <Name xml:lang="en" xmlns="http://www.sdmx.org/resources/sdmxml/schemas/v2_1/common">Camposanto</Name>
          <Parent>
            <Ref id="ITD54" xmlns="" />
          </Parent>
        </Code>
        <Code id="036005" urn="urn:sdmx:org.sdmx.infomodel.codelist.Code=IT1:CL_REFAREA(1.2).036005">
          <Name xml:lang="it" xmlns="http://www.sdmx.org/resources/sdmxml/schemas/v2_1/common">Carpi</Name>
          <Name xml:lang="en" xmlns="http://www.sdmx.org/resources/sdmxml/schemas/v2_1/common">Carpi</Name>
          <Parent>
            <Ref id="ITD54" xmlns="" />
          </Parent>
        </Code>
        <Code id="036006" urn="urn:sdmx:org.sdmx.infomodel.codelist.Code=IT1:CL_REFAREA(1.2).036006">
          <Name xml:lang="it" xmlns="http://www.sdmx.org/resources/sdmxml/schemas/v2_1/common">Castelfranco Emilia</Name>
          <Name xml:lang="en" xmlns="http://www.sdmx.org/resources/sdmxml/schemas/v2_1/common">Castelfranco Emilia</Name>
          <Parent>
            <Ref id="ITD54" xmlns="" />
          </Parent>
        </Code>
        <Code id="036007" urn="urn:sdmx:org.sdmx.infomodel.codelist.Code=IT1:CL_REFAREA(1.2).036007">
          <Name xml:lang="it" xmlns="http://www.sdmx.org/resources/sdmxml/schemas/v2_1/common">Castelnuovo Rangone</Name>
          <Name xml:lang="en" xmlns="http://www.sdmx.org/resources/sdmxml/schemas/v2_1/common">Castelnuovo Rangone</Name>
          <Parent>
            <Ref id="ITD54" xmlns="" />
          </Parent>
        </Code>
        <Code id="036008" urn="urn:sdmx:org.sdmx.infomodel.codelist.Code=IT1:CL_REFAREA(1.2).036008">
          <Name xml:lang="it" xmlns="http://www.sdmx.org/resources/sdmxml/schemas/v2_1/common">Castelvetro di Modena</Name>
          <Name xml:lang="en" xmlns="http://www.sdmx.org/resources/sdmxml/schemas/v2_1/common">Castelvetro di Modena</Name>
          <Parent>
            <Ref id="ITD54" xmlns="" />
          </Parent>
        </Code>
        <Code id="036009" urn="urn:sdmx:org.sdmx.infomodel.codelist.Code=IT1:CL_REFAREA(1.2).036009">
          <Name xml:lang="it" xmlns="http://www.sdmx.org/resources/sdmxml/schemas/v2_1/common">Cavezzo</Name>
          <Name xml:lang="en" xmlns="http://www.sdmx.org/resources/sdmxml/schemas/v2_1/common">Cavezzo</Name>
          <Parent>
            <Ref id="ITD54" xmlns="" />
          </Parent>
        </Code>
        <Code id="036010" urn="urn:sdmx:org.sdmx.infomodel.codelist.Code=IT1:CL_REFAREA(1.2).036010">
          <Name xml:lang="it" xmlns="http://www.sdmx.org/resources/sdmxml/schemas/v2_1/common">Concordia sulla Secchia</Name>
          <Name xml:lang="en" xmlns="http://www.sdmx.org/resources/sdmxml/schemas/v2_1/common">Concordia sulla Secchia</Name>
          <Parent>
            <Ref id="ITD54" xmlns="" />
          </Parent>
        </Code>
        <Code id="036011" urn="urn:sdmx:org.sdmx.infomodel.codelist.Code=IT1:CL_REFAREA(1.2).036011">
          <Name xml:lang="it" xmlns="http://www.sdmx.org/resources/sdmxml/schemas/v2_1/common">Fanano</Name>
          <Name xml:lang="en" xmlns="http://www.sdmx.org/resources/sdmxml/schemas/v2_1/common">Fanano</Name>
          <Parent>
            <Ref id="ITD54" xmlns="" />
          </Parent>
        </Code>
        <Code id="036012" urn="urn:sdmx:org.sdmx.infomodel.codelist.Code=IT1:CL_REFAREA(1.2).036012">
          <Name xml:lang="it" xmlns="http://www.sdmx.org/resources/sdmxml/schemas/v2_1/common">Finale Emilia</Name>
          <Name xml:lang="en" xmlns="http://www.sdmx.org/resources/sdmxml/schemas/v2_1/common">Finale Emilia</Name>
          <Parent>
            <Ref id="ITD54" xmlns="" />
          </Parent>
        </Code>
        <Code id="036013" urn="urn:sdmx:org.sdmx.infomodel.codelist.Code=IT1:CL_REFAREA(1.2).036013">
          <Name xml:lang="it" xmlns="http://www.sdmx.org/resources/sdmxml/schemas/v2_1/common">Fiorano Modenese</Name>
          <Name xml:lang="en" xmlns="http://www.sdmx.org/resources/sdmxml/schemas/v2_1/common">Fiorano Modenese</Name>
          <Parent>
            <Ref id="ITD54" xmlns="" />
          </Parent>
        </Code>
        <Code id="036014" urn="urn:sdmx:org.sdmx.infomodel.codelist.Code=IT1:CL_REFAREA(1.2).036014">
          <Name xml:lang="it" xmlns="http://www.sdmx.org/resources/sdmxml/schemas/v2_1/common">Fiumalbo</Name>
          <Name xml:lang="en" xmlns="http://www.sdmx.org/resources/sdmxml/schemas/v2_1/common">Fiumalbo</Name>
          <Parent>
            <Ref id="ITD54" xmlns="" />
          </Parent>
        </Code>
        <Code id="036015" urn="urn:sdmx:org.sdmx.infomodel.codelist.Code=IT1:CL_REFAREA(1.2).036015">
          <Name xml:lang="it" xmlns="http://www.sdmx.org/resources/sdmxml/schemas/v2_1/common">Formigine</Name>
          <Name xml:lang="en" xmlns="http://www.sdmx.org/resources/sdmxml/schemas/v2_1/common">Formigine</Name>
          <Parent>
            <Ref id="ITD54" xmlns="" />
          </Parent>
        </Code>
        <Code id="036016" urn="urn:sdmx:org.sdmx.infomodel.codelist.Code=IT1:CL_REFAREA(1.2).036016">
          <Name xml:lang="it" xmlns="http://www.sdmx.org/resources/sdmxml/schemas/v2_1/common">Frassinoro</Name>
          <Name xml:lang="en" xmlns="http://www.sdmx.org/resources/sdmxml/schemas/v2_1/common">Frassinoro</Name>
          <Parent>
            <Ref id="ITD54" xmlns="" />
          </Parent>
        </Code>
        <Code id="036017" urn="urn:sdmx:org.sdmx.infomodel.codelist.Code=IT1:CL_REFAREA(1.2).036017">
          <Name xml:lang="it" xmlns="http://www.sdmx.org/resources/sdmxml/schemas/v2_1/common">Guiglia</Name>
          <Name xml:lang="en" xmlns="http://www.sdmx.org/resources/sdmxml/schemas/v2_1/common">Guiglia</Name>
          <Parent>
            <Ref id="ITD54" xmlns="" />
          </Parent>
        </Code>
        <Code id="036018" urn="urn:sdmx:org.sdmx.infomodel.codelist.Code=IT1:CL_REFAREA(1.2).036018">
          <Name xml:lang="it" xmlns="http://www.sdmx.org/resources/sdmxml/schemas/v2_1/common">Lama Mocogno</Name>
          <Name xml:lang="en" xmlns="http://www.sdmx.org/resources/sdmxml/schemas/v2_1/common">Lama Mocogno</Name>
          <Parent>
            <Ref id="ITD54" xmlns="" />
          </Parent>
        </Code>
        <Code id="036019" urn="urn:sdmx:org.sdmx.infomodel.codelist.Code=IT1:CL_REFAREA(1.2).036019">
          <Name xml:lang="it" xmlns="http://www.sdmx.org/resources/sdmxml/schemas/v2_1/common">Maranello</Name>
          <Name xml:lang="en" xmlns="http://www.sdmx.org/resources/sdmxml/schemas/v2_1/common">Maranello</Name>
          <Parent>
            <Ref id="ITD54" xmlns="" />
          </Parent>
        </Code>
        <Code id="036020" urn="urn:sdmx:org.sdmx.infomodel.codelist.Code=IT1:CL_REFAREA(1.2).036020">
          <Name xml:lang="it" xmlns="http://www.sdmx.org/resources/sdmxml/schemas/v2_1/common">Marano sul Panaro</Name>
          <Name xml:lang="en" xmlns="http://www.sdmx.org/resources/sdmxml/schemas/v2_1/common">Marano sul Panaro</Name>
          <Parent>
            <Ref id="ITD54" xmlns="" />
          </Parent>
        </Code>
        <Code id="036021" urn="urn:sdmx:org.sdmx.infomodel.codelist.Code=IT1:CL_REFAREA(1.2).036021">
          <Name xml:lang="it" xmlns="http://www.sdmx.org/resources/sdmxml/schemas/v2_1/common">Medolla</Name>
          <Name xml:lang="en" xmlns="http://www.sdmx.org/resources/sdmxml/schemas/v2_1/common">Medolla</Name>
          <Parent>
            <Ref id="ITD54" xmlns="" />
          </Parent>
        </Code>
        <Code id="036022" urn="urn:sdmx:org.sdmx.infomodel.codelist.Code=IT1:CL_REFAREA(1.2).036022">
          <Name xml:lang="it" xmlns="http://www.sdmx.org/resources/sdmxml/schemas/v2_1/common">Mirandola</Name>
          <Name xml:lang="en" xmlns="http://www.sdmx.org/resources/sdmxml/schemas/v2_1/common">Mirandola</Name>
          <Parent>
            <Ref id="ITD54" xmlns="" />
          </Parent>
        </Code>
        <Code id="036023" urn="urn:sdmx:org.sdmx.infomodel.codelist.Code=IT1:CL_REFAREA(1.2).036023">
          <Name xml:lang="it" xmlns="http://www.sdmx.org/resources/sdmxml/schemas/v2_1/common">Modena</Name>
          <Name xml:lang="en" xmlns="http://www.sdmx.org/resources/sdmxml/schemas/v2_1/common">Modena</Name>
          <Parent>
            <Ref id="ITD54" xmlns="" />
          </Parent>
        </Code>
        <Code id="036024" urn="urn:sdmx:org.sdmx.infomodel.codelist.Code=IT1:CL_REFAREA(1.2).036024">
          <Name xml:lang="it" xmlns="http://www.sdmx.org/resources/sdmxml/schemas/v2_1/common">Montecreto</Name>
          <Name xml:lang="en" xmlns="http://www.sdmx.org/resources/sdmxml/schemas/v2_1/common">Montecreto</Name>
          <Parent>
            <Ref id="ITD54" xmlns="" />
          </Parent>
        </Code>
        <Code id="036025" urn="urn:sdmx:org.sdmx.infomodel.codelist.Code=IT1:CL_REFAREA(1.2).036025">
          <Name xml:lang="it" xmlns="http://www.sdmx.org/resources/sdmxml/schemas/v2_1/common">Montefiorino</Name>
          <Name xml:lang="en" xmlns="http://www.sdmx.org/resources/sdmxml/schemas/v2_1/common">Montefiorino</Name>
          <Parent>
            <Ref id="ITD54" xmlns="" />
          </Parent>
        </Code>
        <Code id="036026" urn="urn:sdmx:org.sdmx.infomodel.codelist.Code=IT1:CL_REFAREA(1.2).036026">
          <Name xml:lang="it" xmlns="http://www.sdmx.org/resources/sdmxml/schemas/v2_1/common">Montese</Name>
          <Name xml:lang="en" xmlns="http://www.sdmx.org/resources/sdmxml/schemas/v2_1/common">Montese</Name>
          <Parent>
            <Ref id="ITD54" xmlns="" />
          </Parent>
        </Code>
        <Code id="036027" urn="urn:sdmx:org.sdmx.infomodel.codelist.Code=IT1:CL_REFAREA(1.2).036027">
          <Name xml:lang="it" xmlns="http://www.sdmx.org/resources/sdmxml/schemas/v2_1/common">Nonantola</Name>
          <Name xml:lang="en" xmlns="http://www.sdmx.org/resources/sdmxml/schemas/v2_1/common">Nonantola</Name>
          <Parent>
            <Ref id="ITD54" xmlns="" />
          </Parent>
        </Code>
        <Code id="036028" urn="urn:sdmx:org.sdmx.infomodel.codelist.Code=IT1:CL_REFAREA(1.2).036028">
          <Name xml:lang="it" xmlns="http://www.sdmx.org/resources/sdmxml/schemas/v2_1/common">Novi di Modena</Name>
          <Name xml:lang="en" xmlns="http://www.sdmx.org/resources/sdmxml/schemas/v2_1/common">Novi di Modena</Name>
          <Parent>
            <Ref id="ITD54" xmlns="" />
          </Parent>
        </Code>
        <Code id="036029" urn="urn:sdmx:org.sdmx.infomodel.codelist.Code=IT1:CL_REFAREA(1.2).036029">
          <Name xml:lang="it" xmlns="http://www.sdmx.org/resources/sdmxml/schemas/v2_1/common">Palagano</Name>
          <Name xml:lang="en" xmlns="http://www.sdmx.org/resources/sdmxml/schemas/v2_1/common">Palagano</Name>
          <Parent>
            <Ref id="ITD54" xmlns="" />
          </Parent>
        </Code>
        <Code id="036030" urn="urn:sdmx:org.sdmx.infomodel.codelist.Code=IT1:CL_REFAREA(1.2).036030">
          <Name xml:lang="it" xmlns="http://www.sdmx.org/resources/sdmxml/schemas/v2_1/common">Pavullo nel Frignano</Name>
          <Name xml:lang="en" xmlns="http://www.sdmx.org/resources/sdmxml/schemas/v2_1/common">Pavullo nel Frignano</Name>
          <Parent>
            <Ref id="ITD54" xmlns="" />
          </Parent>
        </Code>
        <Code id="036031" urn="urn:sdmx:org.sdmx.infomodel.codelist.Code=IT1:CL_REFAREA(1.2).036031">
          <Name xml:lang="it" xmlns="http://www.sdmx.org/resources/sdmxml/schemas/v2_1/common">Pievepelago</Name>
          <Name xml:lang="en" xmlns="http://www.sdmx.org/resources/sdmxml/schemas/v2_1/common">Pievepelago</Name>
          <Parent>
            <Ref id="ITD54" xmlns="" />
          </Parent>
        </Code>
        <Code id="036032" urn="urn:sdmx:org.sdmx.infomodel.codelist.Code=IT1:CL_REFAREA(1.2).036032">
          <Name xml:lang="it" xmlns="http://www.sdmx.org/resources/sdmxml/schemas/v2_1/common">Polinago</Name>
          <Name xml:lang="en" xmlns="http://www.sdmx.org/resources/sdmxml/schemas/v2_1/common">Polinago</Name>
          <Parent>
            <Ref id="ITD54" xmlns="" />
          </Parent>
        </Code>
        <Code id="036033" urn="urn:sdmx:org.sdmx.infomodel.codelist.Code=IT1:CL_REFAREA(1.2).036033">
          <Name xml:lang="it" xmlns="http://www.sdmx.org/resources/sdmxml/schemas/v2_1/common">Prignano sulla Secchia</Name>
          <Name xml:lang="en" xmlns="http://www.sdmx.org/resources/sdmxml/schemas/v2_1/common">Prignano sulla Secchia</Name>
          <Parent>
            <Ref id="ITD54" xmlns="" />
          </Parent>
        </Code>
        <Code id="036034" urn="urn:sdmx:org.sdmx.infomodel.codelist.Code=IT1:CL_REFAREA(1.2).036034">
          <Name xml:lang="it" xmlns="http://www.sdmx.org/resources/sdmxml/schemas/v2_1/common">Ravarino</Name>
          <Name xml:lang="en" xmlns="http://www.sdmx.org/resources/sdmxml/schemas/v2_1/common">Ravarino</Name>
          <Parent>
            <Ref id="ITD54" xmlns="" />
          </Parent>
        </Code>
        <Code id="036035" urn="urn:sdmx:org.sdmx.infomodel.codelist.Code=IT1:CL_REFAREA(1.2).036035">
          <Name xml:lang="it" xmlns="http://www.sdmx.org/resources/sdmxml/schemas/v2_1/common">Riolunato</Name>
          <Name xml:lang="en" xmlns="http://www.sdmx.org/resources/sdmxml/schemas/v2_1/common">Riolunato</Name>
          <Parent>
            <Ref id="ITD54" xmlns="" />
          </Parent>
        </Code>
        <Code id="036036" urn="urn:sdmx:org.sdmx.infomodel.codelist.Code=IT1:CL_REFAREA(1.2).036036">
          <Name xml:lang="it" xmlns="http://www.sdmx.org/resources/sdmxml/schemas/v2_1/common">San Cesario sul Panaro</Name>
          <Name xml:lang="en" xmlns="http://www.sdmx.org/resources/sdmxml/schemas/v2_1/common">San Cesario sul Panaro</Name>
          <Parent>
            <Ref id="ITD54" xmlns="" />
          </Parent>
        </Code>
        <Code id="036037" urn="urn:sdmx:org.sdmx.infomodel.codelist.Code=IT1:CL_REFAREA(1.2).036037">
          <Name xml:lang="it" xmlns="http://www.sdmx.org/resources/sdmxml/schemas/v2_1/common">San Felice sul Panaro</Name>
          <Name xml:lang="en" xmlns="http://www.sdmx.org/resources/sdmxml/schemas/v2_1/common">San Felice sul Panaro</Name>
          <Parent>
            <Ref id="ITD54" xmlns="" />
          </Parent>
        </Code>
        <Code id="036038" urn="urn:sdmx:org.sdmx.infomodel.codelist.Code=IT1:CL_REFAREA(1.2).036038">
          <Name xml:lang="it" xmlns="http://www.sdmx.org/resources/sdmxml/schemas/v2_1/common">San Possidonio</Name>
          <Name xml:lang="en" xmlns="http://www.sdmx.org/resources/sdmxml/schemas/v2_1/common">San Possidonio</Name>
          <Parent>
            <Ref id="ITD54" xmlns="" />
          </Parent>
        </Code>
        <Code id="036039" urn="urn:sdmx:org.sdmx.infomodel.codelist.Code=IT1:CL_REFAREA(1.2).036039">
          <Name xml:lang="it" xmlns="http://www.sdmx.org/resources/sdmxml/schemas/v2_1/common">San Prospero</Name>
          <Name xml:lang="en" xmlns="http://www.sdmx.org/resources/sdmxml/schemas/v2_1/common">San Prospero</Name>
          <Parent>
            <Ref id="ITD54" xmlns="" />
          </Parent>
        </Code>
        <Code id="036040" urn="urn:sdmx:org.sdmx.infomodel.codelist.Code=IT1:CL_REFAREA(1.2).036040">
          <Name xml:lang="it" xmlns="http://www.sdmx.org/resources/sdmxml/schemas/v2_1/common">Sassuolo</Name>
          <Name xml:lang="en" xmlns="http://www.sdmx.org/resources/sdmxml/schemas/v2_1/common">Sassuolo</Name>
          <Parent>
            <Ref id="ITD54" xmlns="" />
          </Parent>
        </Code>
        <Code id="036041" urn="urn:sdmx:org.sdmx.infomodel.codelist.Code=IT1:CL_REFAREA(1.2).036041">
          <Name xml:lang="it" xmlns="http://www.sdmx.org/resources/sdmxml/schemas/v2_1/common">Savignano sul Panaro</Name>
          <Name xml:lang="en" xmlns="http://www.sdmx.org/resources/sdmxml/schemas/v2_1/common">Savignano sul Panaro</Name>
          <Parent>
            <Ref id="ITD54" xmlns="" />
          </Parent>
        </Code>
        <Code id="036042" urn="urn:sdmx:org.sdmx.infomodel.codelist.Code=IT1:CL_REFAREA(1.2).036042">
          <Name xml:lang="it" xmlns="http://www.sdmx.org/resources/sdmxml/schemas/v2_1/common">Serramazzoni</Name>
          <Name xml:lang="en" xmlns="http://www.sdmx.org/resources/sdmxml/schemas/v2_1/common">Serramazzoni</Name>
          <Parent>
            <Ref id="ITD54" xmlns="" />
          </Parent>
        </Code>
        <Code id="036043" urn="urn:sdmx:org.sdmx.infomodel.codelist.Code=IT1:CL_REFAREA(1.2).036043">
          <Name xml:lang="it" xmlns="http://www.sdmx.org/resources/sdmxml/schemas/v2_1/common">Sestola</Name>
          <Name xml:lang="en" xmlns="http://www.sdmx.org/resources/sdmxml/schemas/v2_1/common">Sestola</Name>
          <Parent>
            <Ref id="ITD54" xmlns="" />
          </Parent>
        </Code>
        <Code id="036044" urn="urn:sdmx:org.sdmx.infomodel.codelist.Code=IT1:CL_REFAREA(1.2).036044">
          <Name xml:lang="it" xmlns="http://www.sdmx.org/resources/sdmxml/schemas/v2_1/common">Soliera</Name>
          <Name xml:lang="en" xmlns="http://www.sdmx.org/resources/sdmxml/schemas/v2_1/common">Soliera</Name>
          <Parent>
            <Ref id="ITD54" xmlns="" />
          </Parent>
        </Code>
        <Code id="036045" urn="urn:sdmx:org.sdmx.infomodel.codelist.Code=IT1:CL_REFAREA(1.2).036045">
          <Name xml:lang="it" xmlns="http://www.sdmx.org/resources/sdmxml/schemas/v2_1/common">Spilamberto</Name>
          <Name xml:lang="en" xmlns="http://www.sdmx.org/resources/sdmxml/schemas/v2_1/common">Spilamberto</Name>
          <Parent>
            <Ref id="ITD54" xmlns="" />
          </Parent>
        </Code>
        <Code id="036046" urn="urn:sdmx:org.sdmx.infomodel.codelist.Code=IT1:CL_REFAREA(1.2).036046">
          <Name xml:lang="it" xmlns="http://www.sdmx.org/resources/sdmxml/schemas/v2_1/common">Vignola</Name>
          <Name xml:lang="en" xmlns="http://www.sdmx.org/resources/sdmxml/schemas/v2_1/common">Vignola</Name>
          <Parent>
            <Ref id="ITD54" xmlns="" />
          </Parent>
        </Code>
        <Code id="036047" urn="urn:sdmx:org.sdmx.infomodel.codelist.Code=IT1:CL_REFAREA(1.2).036047">
          <Name xml:lang="it" xmlns="http://www.sdmx.org/resources/sdmxml/schemas/v2_1/common">Zocca</Name>
          <Name xml:lang="en" xmlns="http://www.sdmx.org/resources/sdmxml/schemas/v2_1/common">Zocca</Name>
          <Parent>
            <Ref id="ITD54" xmlns="" />
          </Parent>
        </Code>
        <Code id="037001" urn="urn:sdmx:org.sdmx.infomodel.codelist.Code=IT1:CL_REFAREA(1.2).037001">
          <Name xml:lang="it" xmlns="http://www.sdmx.org/resources/sdmxml/schemas/v2_1/common">Anzola dell'Emilia</Name>
          <Name xml:lang="en" xmlns="http://www.sdmx.org/resources/sdmxml/schemas/v2_1/common">Anzola dell'Emilia</Name>
          <Parent>
            <Ref id="ITD55" xmlns="" />
          </Parent>
        </Code>
        <Code id="037002" urn="urn:sdmx:org.sdmx.infomodel.codelist.Code=IT1:CL_REFAREA(1.2).037002">
          <Name xml:lang="it" xmlns="http://www.sdmx.org/resources/sdmxml/schemas/v2_1/common">Argelato</Name>
          <Name xml:lang="en" xmlns="http://www.sdmx.org/resources/sdmxml/schemas/v2_1/common">Argelato</Name>
          <Parent>
            <Ref id="ITD55" xmlns="" />
          </Parent>
        </Code>
        <Code id="037003" urn="urn:sdmx:org.sdmx.infomodel.codelist.Code=IT1:CL_REFAREA(1.2).037003">
          <Name xml:lang="it" xmlns="http://www.sdmx.org/resources/sdmxml/schemas/v2_1/common">Baricella</Name>
          <Name xml:lang="en" xmlns="http://www.sdmx.org/resources/sdmxml/schemas/v2_1/common">Baricella</Name>
          <Parent>
            <Ref id="ITD55" xmlns="" />
          </Parent>
        </Code>
        <Code id="037004" urn="urn:sdmx:org.sdmx.infomodel.codelist.Code=IT1:CL_REFAREA(1.2).037004">
          <Name xml:lang="it" xmlns="http://www.sdmx.org/resources/sdmxml/schemas/v2_1/common">Bazzano</Name>
          <Name xml:lang="en" xmlns="http://www.sdmx.org/resources/sdmxml/schemas/v2_1/common">Bazzano</Name>
          <Parent>
            <Ref id="ITD55" xmlns="" />
          </Parent>
        </Code>
        <Code id="037005" urn="urn:sdmx:org.sdmx.infomodel.codelist.Code=IT1:CL_REFAREA(1.2).037005">
          <Name xml:lang="it" xmlns="http://www.sdmx.org/resources/sdmxml/schemas/v2_1/common">Bentivoglio</Name>
          <Name xml:lang="en" xmlns="http://www.sdmx.org/resources/sdmxml/schemas/v2_1/common">Bentivoglio</Name>
          <Parent>
            <Ref id="ITD55" xmlns="" />
          </Parent>
        </Code>
        <Code id="037006" urn="urn:sdmx:org.sdmx.infomodel.codelist.Code=IT1:CL_REFAREA(1.2).037006">
          <Name xml:lang="it" xmlns="http://www.sdmx.org/resources/sdmxml/schemas/v2_1/common">Bologna</Name>
          <Name xml:lang="en" xmlns="http://www.sdmx.org/resources/sdmxml/schemas/v2_1/common">Bologna</Name>
          <Parent>
            <Ref id="ITD55" xmlns="" />
          </Parent>
        </Code>
        <Code id="037007" urn="urn:sdmx:org.sdmx.infomodel.codelist.Code=IT1:CL_REFAREA(1.2).037007">
          <Name xml:lang="it" xmlns="http://www.sdmx.org/resources/sdmxml/schemas/v2_1/common">Borgo Tossignano</Name>
          <Name xml:lang="en" xmlns="http://www.sdmx.org/resources/sdmxml/schemas/v2_1/common">Borgo Tossignano</Name>
          <Parent>
            <Ref id="ITD55" xmlns="" />
          </Parent>
        </Code>
        <Code id="037008" urn="urn:sdmx:org.sdmx.infomodel.codelist.Code=IT1:CL_REFAREA(1.2).037008">
          <Name xml:lang="it" xmlns="http://www.sdmx.org/resources/sdmxml/schemas/v2_1/common">Budrio</Name>
          <Name xml:lang="en" xmlns="http://www.sdmx.org/resources/sdmxml/schemas/v2_1/common">Budrio</Name>
          <Parent>
            <Ref id="ITD55" xmlns="" />
          </Parent>
        </Code>
        <Code id="037009" urn="urn:sdmx:org.sdmx.infomodel.codelist.Code=IT1:CL_REFAREA(1.2).037009">
          <Name xml:lang="it" xmlns="http://www.sdmx.org/resources/sdmxml/schemas/v2_1/common">Calderara di Reno</Name>
          <Name xml:lang="en" xmlns="http://www.sdmx.org/resources/sdmxml/schemas/v2_1/common">Calderara di Reno</Name>
          <Parent>
            <Ref id="ITD55" xmlns="" />
          </Parent>
        </Code>
        <Code id="037010" urn="urn:sdmx:org.sdmx.infomodel.codelist.Code=IT1:CL_REFAREA(1.2).037010">
          <Name xml:lang="it" xmlns="http://www.sdmx.org/resources/sdmxml/schemas/v2_1/common">Camugnano</Name>
          <Name xml:lang="en" xmlns="http://www.sdmx.org/resources/sdmxml/schemas/v2_1/common">Camugnano</Name>
          <Parent>
            <Ref id="ITD55" xmlns="" />
          </Parent>
        </Code>
        <Code id="037011" urn="urn:sdmx:org.sdmx.infomodel.codelist.Code=IT1:CL_REFAREA(1.2).037011">
          <Name xml:lang="it" xmlns="http://www.sdmx.org/resources/sdmxml/schemas/v2_1/common">Casalecchio di Reno</Name>
          <Name xml:lang="en" xmlns="http://www.sdmx.org/resources/sdmxml/schemas/v2_1/common">Casalecchio di Reno</Name>
          <Parent>
            <Ref id="ITD55" xmlns="" />
          </Parent>
        </Code>
        <Code id="037012" urn="urn:sdmx:org.sdmx.infomodel.codelist.Code=IT1:CL_REFAREA(1.2).037012">
          <Name xml:lang="it" xmlns="http://www.sdmx.org/resources/sdmxml/schemas/v2_1/common">Casalfiumanese</Name>
          <Name xml:lang="en" xmlns="http://www.sdmx.org/resources/sdmxml/schemas/v2_1/common">Casalfiumanese</Name>
          <Parent>
            <Ref id="ITD55" xmlns="" />
          </Parent>
        </Code>
        <Code id="037013" urn="urn:sdmx:org.sdmx.infomodel.codelist.Code=IT1:CL_REFAREA(1.2).037013">
          <Name xml:lang="it" xmlns="http://www.sdmx.org/resources/sdmxml/schemas/v2_1/common">Castel d'Aiano</Name>
          <Name xml:lang="en" xmlns="http://www.sdmx.org/resources/sdmxml/schemas/v2_1/common">Castel d'Aiano</Name>
          <Parent>
            <Ref id="ITD55" xmlns="" />
          </Parent>
        </Code>
        <Code id="037014" urn="urn:sdmx:org.sdmx.infomodel.codelist.Code=IT1:CL_REFAREA(1.2).037014">
          <Name xml:lang="it" xmlns="http://www.sdmx.org/resources/sdmxml/schemas/v2_1/common">Castel del Rio</Name>
          <Name xml:lang="en" xmlns="http://www.sdmx.org/resources/sdmxml/schemas/v2_1/common">Castel del Rio</Name>
          <Parent>
            <Ref id="ITD55" xmlns="" />
          </Parent>
        </Code>
        <Code id="037015" urn="urn:sdmx:org.sdmx.infomodel.codelist.Code=IT1:CL_REFAREA(1.2).037015">
          <Name xml:lang="it" xmlns="http://www.sdmx.org/resources/sdmxml/schemas/v2_1/common">Castel di Casio</Name>
          <Name xml:lang="en" xmlns="http://www.sdmx.org/resources/sdmxml/schemas/v2_1/common">Castel di Casio</Name>
          <Parent>
            <Ref id="ITD55" xmlns="" />
          </Parent>
        </Code>
        <Code id="037016" urn="urn:sdmx:org.sdmx.infomodel.codelist.Code=IT1:CL_REFAREA(1.2).037016">
          <Name xml:lang="it" xmlns="http://www.sdmx.org/resources/sdmxml/schemas/v2_1/common">Castel Guelfo di Bologna</Name>
          <Name xml:lang="en" xmlns="http://www.sdmx.org/resources/sdmxml/schemas/v2_1/common">Castel Guelfo di Bologna</Name>
          <Parent>
            <Ref id="ITD55" xmlns="" />
          </Parent>
        </Code>
        <Code id="037017" urn="urn:sdmx:org.sdmx.infomodel.codelist.Code=IT1:CL_REFAREA(1.2).037017">
          <Name xml:lang="it" xmlns="http://www.sdmx.org/resources/sdmxml/schemas/v2_1/common">Castello d'Argile</Name>
          <Name xml:lang="en" xmlns="http://www.sdmx.org/resources/sdmxml/schemas/v2_1/common">Castello d'Argile</Name>
          <Parent>
            <Ref id="ITD55" xmlns="" />
          </Parent>
        </Code>
        <Code id="037018" urn="urn:sdmx:org.sdmx.infomodel.codelist.Code=IT1:CL_REFAREA(1.2).037018">
          <Name xml:lang="it" xmlns="http://www.sdmx.org/resources/sdmxml/schemas/v2_1/common">Castello di Serravalle</Name>
          <Name xml:lang="en" xmlns="http://www.sdmx.org/resources/sdmxml/schemas/v2_1/common">Castello di Serravalle</Name>
          <Parent>
            <Ref id="ITD55" xmlns="" />
          </Parent>
        </Code>
        <Code id="037019" urn="urn:sdmx:org.sdmx.infomodel.codelist.Code=IT1:CL_REFAREA(1.2).037019">
          <Name xml:lang="it" xmlns="http://www.sdmx.org/resources/sdmxml/schemas/v2_1/common">Castel Maggiore</Name>
          <Name xml:lang="en" xmlns="http://www.sdmx.org/resources/sdmxml/schemas/v2_1/common">Castel Maggiore</Name>
          <Parent>
            <Ref id="ITD55" xmlns="" />
          </Parent>
        </Code>
        <Code id="037020" urn="urn:sdmx:org.sdmx.infomodel.codelist.Code=IT1:CL_REFAREA(1.2).037020">
          <Name xml:lang="it" xmlns="http://www.sdmx.org/resources/sdmxml/schemas/v2_1/common">Castel San Pietro Terme</Name>
          <Name xml:lang="en" xmlns="http://www.sdmx.org/resources/sdmxml/schemas/v2_1/common">Castel San Pietro Terme</Name>
          <Parent>
            <Ref id="ITD55" xmlns="" />
          </Parent>
        </Code>
        <Code id="037021" urn="urn:sdmx:org.sdmx.infomodel.codelist.Code=IT1:CL_REFAREA(1.2).037021">
          <Name xml:lang="it" xmlns="http://www.sdmx.org/resources/sdmxml/schemas/v2_1/common">Castenaso</Name>
          <Name xml:lang="en" xmlns="http://www.sdmx.org/resources/sdmxml/schemas/v2_1/common">Castenaso</Name>
          <Parent>
            <Ref id="ITD55" xmlns="" />
          </Parent>
        </Code>
        <Code id="037022" urn="urn:sdmx:org.sdmx.infomodel.codelist.Code=IT1:CL_REFAREA(1.2).037022">
          <Name xml:lang="it" xmlns="http://www.sdmx.org/resources/sdmxml/schemas/v2_1/common">Castiglione dei Pepoli</Name>
          <Name xml:lang="en" xmlns="http://www.sdmx.org/resources/sdmxml/schemas/v2_1/common">Castiglione dei Pepoli</Name>
          <Parent>
            <Ref id="ITD55" xmlns="" />
          </Parent>
        </Code>
        <Code id="037023" urn="urn:sdmx:org.sdmx.infomodel.codelist.Code=IT1:CL_REFAREA(1.2).037023">
          <Name xml:lang="it" xmlns="http://www.sdmx.org/resources/sdmxml/schemas/v2_1/common">Crespellano</Name>
          <Name xml:lang="en" xmlns="http://www.sdmx.org/resources/sdmxml/schemas/v2_1/common">Crespellano</Name>
          <Parent>
            <Ref id="ITD55" xmlns="" />
          </Parent>
        </Code>
        <Code id="037024" urn="urn:sdmx:org.sdmx.infomodel.codelist.Code=IT1:CL_REFAREA(1.2).037024">
          <Name xml:lang="it" xmlns="http://www.sdmx.org/resources/sdmxml/schemas/v2_1/common">Crevalcore</Name>
          <Name xml:lang="en" xmlns="http://www.sdmx.org/resources/sdmxml/schemas/v2_1/common">Crevalcore</Name>
          <Parent>
            <Ref id="ITD55" xmlns="" />
          </Parent>
        </Code>
        <Code id="037025" urn="urn:sdmx:org.sdmx.infomodel.codelist.Code=IT1:CL_REFAREA(1.2).037025">
          <Name xml:lang="it" xmlns="http://www.sdmx.org/resources/sdmxml/schemas/v2_1/common">Dozza</Name>
          <Name xml:lang="en" xmlns="http://www.sdmx.org/resources/sdmxml/schemas/v2_1/common">Dozza</Name>
          <Parent>
            <Ref id="ITD55" xmlns="" />
          </Parent>
        </Code>
        <Code id="037026" urn="urn:sdmx:org.sdmx.infomodel.codelist.Code=IT1:CL_REFAREA(1.2).037026">
          <Name xml:lang="it" xmlns="http://www.sdmx.org/resources/sdmxml/schemas/v2_1/common">Fontanelice</Name>
          <Name xml:lang="en" xmlns="http://www.sdmx.org/resources/sdmxml/schemas/v2_1/common">Fontanelice</Name>
          <Parent>
            <Ref id="ITD55" xmlns="" />
          </Parent>
        </Code>
        <Code id="037027" urn="urn:sdmx:org.sdmx.infomodel.codelist.Code=IT1:CL_REFAREA(1.2).037027">
          <Name xml:lang="it" xmlns="http://www.sdmx.org/resources/sdmxml/schemas/v2_1/common">Gaggio Montano</Name>
          <Name xml:lang="en" xmlns="http://www.sdmx.org/resources/sdmxml/schemas/v2_1/common">Gaggio Montano</Name>
          <Parent>
            <Ref id="ITD55" xmlns="" />
          </Parent>
        </Code>
        <Code id="037028" urn="urn:sdmx:org.sdmx.infomodel.codelist.Code=IT1:CL_REFAREA(1.2).037028">
          <Name xml:lang="it" xmlns="http://www.sdmx.org/resources/sdmxml/schemas/v2_1/common">Galliera</Name>
          <Name xml:lang="en" xmlns="http://www.sdmx.org/resources/sdmxml/schemas/v2_1/common">Galliera</Name>
          <Parent>
            <Ref id="ITD55" xmlns="" />
          </Parent>
        </Code>
        <Code id="037029" urn="urn:sdmx:org.sdmx.infomodel.codelist.Code=IT1:CL_REFAREA(1.2).037029">
          <Name xml:lang="it" xmlns="http://www.sdmx.org/resources/sdmxml/schemas/v2_1/common">Granaglione</Name>
          <Name xml:lang="en" xmlns="http://www.sdmx.org/resources/sdmxml/schemas/v2_1/common">Granaglione</Name>
          <Parent>
            <Ref id="ITD55" xmlns="" />
          </Parent>
        </Code>
        <Code id="037030" urn="urn:sdmx:org.sdmx.infomodel.codelist.Code=IT1:CL_REFAREA(1.2).037030">
          <Name xml:lang="it" xmlns="http://www.sdmx.org/resources/sdmxml/schemas/v2_1/common">Granarolo dell'Emilia</Name>
          <Name xml:lang="en" xmlns="http://www.sdmx.org/resources/sdmxml/schemas/v2_1/common">Granarolo dell'Emilia</Name>
          <Parent>
            <Ref id="ITD55" xmlns="" />
          </Parent>
        </Code>
        <Code id="037031" urn="urn:sdmx:org.sdmx.infomodel.codelist.Code=IT1:CL_REFAREA(1.2).037031">
          <Name xml:lang="it" xmlns="http://www.sdmx.org/resources/sdmxml/schemas/v2_1/common">Grizzana Morandi</Name>
          <Name xml:lang="en" xmlns="http://www.sdmx.org/resources/sdmxml/schemas/v2_1/common">Grizzana Morandi</Name>
          <Parent>
            <Ref id="ITD55" xmlns="" />
          </Parent>
        </Code>
        <Code id="037032" urn="urn:sdmx:org.sdmx.infomodel.codelist.Code=IT1:CL_REFAREA(1.2).037032">
          <Name xml:lang="it" xmlns="http://www.sdmx.org/resources/sdmxml/schemas/v2_1/common">Imola</Name>
          <Name xml:lang="en" xmlns="http://www.sdmx.org/resources/sdmxml/schemas/v2_1/common">Imola</Name>
          <Parent>
            <Ref id="ITD55" xmlns="" />
          </Parent>
        </Code>
        <Code id="037033" urn="urn:sdmx:org.sdmx.infomodel.codelist.Code=IT1:CL_REFAREA(1.2).037033">
          <Name xml:lang="it" xmlns="http://www.sdmx.org/resources/sdmxml/schemas/v2_1/common">Lizzano in Belvedere</Name>
          <Name xml:lang="en" xmlns="http://www.sdmx.org/resources/sdmxml/schemas/v2_1/common">Lizzano in Belvedere</Name>
          <Parent>
            <Ref id="ITD55" xmlns="" />
          </Parent>
        </Code>
        <Code id="037034" urn="urn:sdmx:org.sdmx.infomodel.codelist.Code=IT1:CL_REFAREA(1.2).037034">
          <Name xml:lang="it" xmlns="http://www.sdmx.org/resources/sdmxml/schemas/v2_1/common">Loiano</Name>
          <Name xml:lang="en" xmlns="http://www.sdmx.org/resources/sdmxml/schemas/v2_1/common">Loiano</Name>
          <Parent>
            <Ref id="ITD55" xmlns="" />
          </Parent>
        </Code>
        <Code id="037035" urn="urn:sdmx:org.sdmx.infomodel.codelist.Code=IT1:CL_REFAREA(1.2).037035">
          <Name xml:lang="it" xmlns="http://www.sdmx.org/resources/sdmxml/schemas/v2_1/common">Malalbergo</Name>
          <Name xml:lang="en" xmlns="http://www.sdmx.org/resources/sdmxml/schemas/v2_1/common">Malalbergo</Name>
          <Parent>
            <Ref id="ITD55" xmlns="" />
          </Parent>
        </Code>
        <Code id="037036" urn="urn:sdmx:org.sdmx.infomodel.codelist.Code=IT1:CL_REFAREA(1.2).037036">
          <Name xml:lang="it" xmlns="http://www.sdmx.org/resources/sdmxml/schemas/v2_1/common">Marzabotto</Name>
          <Name xml:lang="en" xmlns="http://www.sdmx.org/resources/sdmxml/schemas/v2_1/common">Marzabotto</Name>
          <Parent>
            <Ref id="ITD55" xmlns="" />
          </Parent>
        </Code>
        <Code id="037037" urn="urn:sdmx:org.sdmx.infomodel.codelist.Code=IT1:CL_REFAREA(1.2).037037">
          <Name xml:lang="it" xmlns="http://www.sdmx.org/resources/sdmxml/schemas/v2_1/common">Medicina</Name>
          <Name xml:lang="en" xmlns="http://www.sdmx.org/resources/sdmxml/schemas/v2_1/common">Medicina</Name>
          <Parent>
            <Ref id="ITD55" xmlns="" />
          </Parent>
        </Code>
        <Code id="037038" urn="urn:sdmx:org.sdmx.infomodel.codelist.Code=IT1:CL_REFAREA(1.2).037038">
          <Name xml:lang="it" xmlns="http://www.sdmx.org/resources/sdmxml/schemas/v2_1/common">Minerbio</Name>
          <Name xml:lang="en" xmlns="http://www.sdmx.org/resources/sdmxml/schemas/v2_1/common">Minerbio</Name>
          <Parent>
            <Ref id="ITD55" xmlns="" />
          </Parent>
        </Code>
        <Code id="037039" urn="urn:sdmx:org.sdmx.infomodel.codelist.Code=IT1:CL_REFAREA(1.2).037039">
          <Name xml:lang="it" xmlns="http://www.sdmx.org/resources/sdmxml/schemas/v2_1/common">Molinella</Name>
          <Name xml:lang="en" xmlns="http://www.sdmx.org/resources/sdmxml/schemas/v2_1/common">Molinella</Name>
          <Parent>
            <Ref id="ITD55" xmlns="" />
          </Parent>
        </Code>
        <Code id="037040" urn="urn:sdmx:org.sdmx.infomodel.codelist.Code=IT1:CL_REFAREA(1.2).037040">
          <Name xml:lang="it" xmlns="http://www.sdmx.org/resources/sdmxml/schemas/v2_1/common">Monghidoro</Name>
          <Name xml:lang="en" xmlns="http://www.sdmx.org/resources/sdmxml/schemas/v2_1/common">Monghidoro</Name>
          <Parent>
            <Ref id="ITD55" xmlns="" />
          </Parent>
        </Code>
        <Code id="037041" urn="urn:sdmx:org.sdmx.infomodel.codelist.Code=IT1:CL_REFAREA(1.2).037041">
          <Name xml:lang="it" xmlns="http://www.sdmx.org/resources/sdmxml/schemas/v2_1/common">Monterenzio</Name>
          <Name xml:lang="en" xmlns="http://www.sdmx.org/resources/sdmxml/schemas/v2_1/common">Monterenzio</Name>
          <Parent>
            <Ref id="ITD55" xmlns="" />
          </Parent>
        </Code>
        <Code id="037042" urn="urn:sdmx:org.sdmx.infomodel.codelist.Code=IT1:CL_REFAREA(1.2).037042">
          <Name xml:lang="it" xmlns="http://www.sdmx.org/resources/sdmxml/schemas/v2_1/common">Monte San Pietro</Name>
          <Name xml:lang="en" xmlns="http://www.sdmx.org/resources/sdmxml/schemas/v2_1/common">Monte San Pietro</Name>
          <Parent>
            <Ref id="ITD55" xmlns="" />
          </Parent>
        </Code>
        <Code id="037043" urn="urn:sdmx:org.sdmx.infomodel.codelist.Code=IT1:CL_REFAREA(1.2).037043">
          <Name xml:lang="it" xmlns="http://www.sdmx.org/resources/sdmxml/schemas/v2_1/common">Monteveglio</Name>
          <Name xml:lang="en" xmlns="http://www.sdmx.org/resources/sdmxml/schemas/v2_1/common">Monteveglio</Name>
          <Parent>
            <Ref id="ITD55" xmlns="" />
          </Parent>
        </Code>
        <Code id="037044" urn="urn:sdmx:org.sdmx.infomodel.codelist.Code=IT1:CL_REFAREA(1.2).037044">
          <Name xml:lang="it" xmlns="http://www.sdmx.org/resources/sdmxml/schemas/v2_1/common">Monzuno</Name>
          <Name xml:lang="en" xmlns="http://www.sdmx.org/resources/sdmxml/schemas/v2_1/common">Monzuno</Name>
          <Parent>
            <Ref id="ITD55" xmlns="" />
          </Parent>
        </Code>
        <Code id="037045" urn="urn:sdmx:org.sdmx.infomodel.codelist.Code=IT1:CL_REFAREA(1.2).037045">
          <Name xml:lang="it" xmlns="http://www.sdmx.org/resources/sdmxml/schemas/v2_1/common">Mordano</Name>
          <Name xml:lang="en" xmlns="http://www.sdmx.org/resources/sdmxml/schemas/v2_1/common">Mordano</Name>
          <Parent>
            <Ref id="ITD55" xmlns="" />
          </Parent>
        </Code>
        <Code id="037046" urn="urn:sdmx:org.sdmx.infomodel.codelist.Code=IT1:CL_REFAREA(1.2).037046">
          <Name xml:lang="it" xmlns="http://www.sdmx.org/resources/sdmxml/schemas/v2_1/common">Ozzano dell'Emilia</Name>
          <Name xml:lang="en" xmlns="http://www.sdmx.org/resources/sdmxml/schemas/v2_1/common">Ozzano dell'Emilia</Name>
          <Parent>
            <Ref id="ITD55" xmlns="" />
          </Parent>
        </Code>
        <Code id="037047" urn="urn:sdmx:org.sdmx.infomodel.codelist.Code=IT1:CL_REFAREA(1.2).037047">
          <Name xml:lang="it" xmlns="http://www.sdmx.org/resources/sdmxml/schemas/v2_1/common">Pianoro</Name>
          <Name xml:lang="en" xmlns="http://www.sdmx.org/resources/sdmxml/schemas/v2_1/common">Pianoro</Name>
          <Parent>
            <Ref id="ITD55" xmlns="" />
          </Parent>
        </Code>
        <Code id="037048" urn="urn:sdmx:org.sdmx.infomodel.codelist.Code=IT1:CL_REFAREA(1.2).037048">
          <Name xml:lang="it" xmlns="http://www.sdmx.org/resources/sdmxml/schemas/v2_1/common">Pieve di Cento</Name>
          <Name xml:lang="en" xmlns="http://www.sdmx.org/resources/sdmxml/schemas/v2_1/common">Pieve di Cento</Name>
          <Parent>
            <Ref id="ITD55" xmlns="" />
          </Parent>
        </Code>
        <Code id="037049" urn="urn:sdmx:org.sdmx.infomodel.codelist.Code=IT1:CL_REFAREA(1.2).037049">
          <Name xml:lang="it" xmlns="http://www.sdmx.org/resources/sdmxml/schemas/v2_1/common">Porretta Terme</Name>
          <Name xml:lang="en" xmlns="http://www.sdmx.org/resources/sdmxml/schemas/v2_1/common">Porretta Terme</Name>
          <Parent>
            <Ref id="ITD55" xmlns="" />
          </Parent>
        </Code>
        <Code id="037050" urn="urn:sdmx:org.sdmx.infomodel.codelist.Code=IT1:CL_REFAREA(1.2).037050">
          <Name xml:lang="it" xmlns="http://www.sdmx.org/resources/sdmxml/schemas/v2_1/common">Sala Bolognese</Name>
          <Name xml:lang="en" xmlns="http://www.sdmx.org/resources/sdmxml/schemas/v2_1/common">Sala Bolognese</Name>
          <Parent>
            <Ref id="ITD55" xmlns="" />
          </Parent>
        </Code>
        <Code id="037051" urn="urn:sdmx:org.sdmx.infomodel.codelist.Code=IT1:CL_REFAREA(1.2).037051">
          <Name xml:lang="it" xmlns="http://www.sdmx.org/resources/sdmxml/schemas/v2_1/common">San Benedetto Val di Sambro</Name>
          <Name xml:lang="en" xmlns="http://www.sdmx.org/resources/sdmxml/schemas/v2_1/common">San Benedetto Val di Sambro</Name>
          <Parent>
            <Ref id="ITD55" xmlns="" />
          </Parent>
        </Code>
        <Code id="037052" urn="urn:sdmx:org.sdmx.infomodel.codelist.Code=IT1:CL_REFAREA(1.2).037052">
          <Name xml:lang="it" xmlns="http://www.sdmx.org/resources/sdmxml/schemas/v2_1/common">San Giorgio di Piano</Name>
          <Name xml:lang="en" xmlns="http://www.sdmx.org/resources/sdmxml/schemas/v2_1/common">San Giorgio di Piano</Name>
          <Parent>
            <Ref id="ITD55" xmlns="" />
          </Parent>
        </Code>
        <Code id="037053" urn="urn:sdmx:org.sdmx.infomodel.codelist.Code=IT1:CL_REFAREA(1.2).037053">
          <Name xml:lang="it" xmlns="http://www.sdmx.org/resources/sdmxml/schemas/v2_1/common">San Giovanni in Persiceto</Name>
          <Name xml:lang="en" xmlns="http://www.sdmx.org/resources/sdmxml/schemas/v2_1/common">San Giovanni in Persiceto</Name>
          <Parent>
            <Ref id="ITD55" xmlns="" />
          </Parent>
        </Code>
        <Code id="037054" urn="urn:sdmx:org.sdmx.infomodel.codelist.Code=IT1:CL_REFAREA(1.2).037054">
          <Name xml:lang="it" xmlns="http://www.sdmx.org/resources/sdmxml/schemas/v2_1/common">San Lazzaro di Savena</Name>
          <Name xml:lang="en" xmlns="http://www.sdmx.org/resources/sdmxml/schemas/v2_1/common">San Lazzaro di Savena</Name>
          <Parent>
            <Ref id="ITD55" xmlns="" />
          </Parent>
        </Code>
        <Code id="037055" urn="urn:sdmx:org.sdmx.infomodel.codelist.Code=IT1:CL_REFAREA(1.2).037055">
          <Name xml:lang="it" xmlns="http://www.sdmx.org/resources/sdmxml/schemas/v2_1/common">San Pietro in Casale</Name>
          <Name xml:lang="en" xmlns="http://www.sdmx.org/resources/sdmxml/schemas/v2_1/common">San Pietro in Casale</Name>
          <Parent>
            <Ref id="ITD55" xmlns="" />
          </Parent>
        </Code>
        <Code id="037056" urn="urn:sdmx:org.sdmx.infomodel.codelist.Code=IT1:CL_REFAREA(1.2).037056">
          <Name xml:lang="it" xmlns="http://www.sdmx.org/resources/sdmxml/schemas/v2_1/common">Sant'Agata Bolognese</Name>
          <Name xml:lang="en" xmlns="http://www.sdmx.org/resources/sdmxml/schemas/v2_1/common">Sant'Agata Bolognese</Name>
          <Parent>
            <Ref id="ITD55" xmlns="" />
          </Parent>
        </Code>
        <Code id="037057" urn="urn:sdmx:org.sdmx.infomodel.codelist.Code=IT1:CL_REFAREA(1.2).037057">
          <Name xml:lang="it" xmlns="http://www.sdmx.org/resources/sdmxml/schemas/v2_1/common">Sasso Marconi</Name>
          <Name xml:lang="en" xmlns="http://www.sdmx.org/resources/sdmxml/schemas/v2_1/common">Sasso Marconi</Name>
          <Parent>
            <Ref id="ITD55" xmlns="" />
          </Parent>
        </Code>
        <Code id="037058" urn="urn:sdmx:org.sdmx.infomodel.codelist.Code=IT1:CL_REFAREA(1.2).037058">
          <Name xml:lang="it" xmlns="http://www.sdmx.org/resources/sdmxml/schemas/v2_1/common">Savigno</Name>
          <Name xml:lang="en" xmlns="http://www.sdmx.org/resources/sdmxml/schemas/v2_1/common">Savigno</Name>
          <Parent>
            <Ref id="ITD55" xmlns="" />
          </Parent>
        </Code>
        <Code id="037059" urn="urn:sdmx:org.sdmx.infomodel.codelist.Code=IT1:CL_REFAREA(1.2).037059">
          <Name xml:lang="it" xmlns="http://www.sdmx.org/resources/sdmxml/schemas/v2_1/common">Vergato</Name>
          <Name xml:lang="en" xmlns="http://www.sdmx.org/resources/sdmxml/schemas/v2_1/common">Vergato</Name>
          <Parent>
            <Ref id="ITD55" xmlns="" />
          </Parent>
        </Code>
        <Code id="037060" urn="urn:sdmx:org.sdmx.infomodel.codelist.Code=IT1:CL_REFAREA(1.2).037060">
          <Name xml:lang="it" xmlns="http://www.sdmx.org/resources/sdmxml/schemas/v2_1/common">Zola Predosa</Name>
          <Name xml:lang="en" xmlns="http://www.sdmx.org/resources/sdmxml/schemas/v2_1/common">Zola Predosa</Name>
          <Parent>
            <Ref id="ITD55" xmlns="" />
          </Parent>
        </Code>
        <Code id="038001" urn="urn:sdmx:org.sdmx.infomodel.codelist.Code=IT1:CL_REFAREA(1.2).038001">
          <Name xml:lang="it" xmlns="http://www.sdmx.org/resources/sdmxml/schemas/v2_1/common">Argenta</Name>
          <Name xml:lang="en" xmlns="http://www.sdmx.org/resources/sdmxml/schemas/v2_1/common">Argenta</Name>
          <Parent>
            <Ref id="ITD56" xmlns="" />
          </Parent>
        </Code>
        <Code id="038002" urn="urn:sdmx:org.sdmx.infomodel.codelist.Code=IT1:CL_REFAREA(1.2).038002">
          <Name xml:lang="it" xmlns="http://www.sdmx.org/resources/sdmxml/schemas/v2_1/common">Berra</Name>
          <Name xml:lang="en" xmlns="http://www.sdmx.org/resources/sdmxml/schemas/v2_1/common">Berra</Name>
          <Parent>
            <Ref id="ITD56" xmlns="" />
          </Parent>
        </Code>
        <Code id="038003" urn="urn:sdmx:org.sdmx.infomodel.codelist.Code=IT1:CL_REFAREA(1.2).038003">
          <Name xml:lang="it" xmlns="http://www.sdmx.org/resources/sdmxml/schemas/v2_1/common">Bondeno</Name>
          <Name xml:lang="en" xmlns="http://www.sdmx.org/resources/sdmxml/schemas/v2_1/common">Bondeno</Name>
          <Parent>
            <Ref id="ITD56" xmlns="" />
          </Parent>
        </Code>
        <Code id="038004" urn="urn:sdmx:org.sdmx.infomodel.codelist.Code=IT1:CL_REFAREA(1.2).038004">
          <Name xml:lang="it" xmlns="http://www.sdmx.org/resources/sdmxml/schemas/v2_1/common">Cento</Name>
          <Name xml:lang="en" xmlns="http://www.sdmx.org/resources/sdmxml/schemas/v2_1/common">Cento</Name>
          <Parent>
            <Ref id="ITD56" xmlns="" />
          </Parent>
        </Code>
        <Code id="038005" urn="urn:sdmx:org.sdmx.infomodel.codelist.Code=IT1:CL_REFAREA(1.2).038005">
          <Name xml:lang="it" xmlns="http://www.sdmx.org/resources/sdmxml/schemas/v2_1/common">Codigoro</Name>
          <Name xml:lang="en" xmlns="http://www.sdmx.org/resources/sdmxml/schemas/v2_1/common">Codigoro</Name>
          <Parent>
            <Ref id="ITD56" xmlns="" />
          </Parent>
        </Code>
        <Code id="038006" urn="urn:sdmx:org.sdmx.infomodel.codelist.Code=IT1:CL_REFAREA(1.2).038006">
          <Name xml:lang="it" xmlns="http://www.sdmx.org/resources/sdmxml/schemas/v2_1/common">Comacchio</Name>
          <Name xml:lang="en" xmlns="http://www.sdmx.org/resources/sdmxml/schemas/v2_1/common">Comacchio</Name>
          <Parent>
            <Ref id="ITD56" xmlns="" />
          </Parent>
        </Code>
        <Code id="038007" urn="urn:sdmx:org.sdmx.infomodel.codelist.Code=IT1:CL_REFAREA(1.2).038007">
          <Name xml:lang="it" xmlns="http://www.sdmx.org/resources/sdmxml/schemas/v2_1/common">Copparo</Name>
          <Name xml:lang="en" xmlns="http://www.sdmx.org/resources/sdmxml/schemas/v2_1/common">Copparo</Name>
          <Parent>
            <Ref id="ITD56" xmlns="" />
          </Parent>
        </Code>
        <Code id="038008" urn="urn:sdmx:org.sdmx.infomodel.codelist.Code=IT1:CL_REFAREA(1.2).038008">
          <Name xml:lang="it" xmlns="http://www.sdmx.org/resources/sdmxml/schemas/v2_1/common">Ferrara</Name>
          <Name xml:lang="en" xmlns="http://www.sdmx.org/resources/sdmxml/schemas/v2_1/common">Ferrara</Name>
          <Parent>
            <Ref id="ITD56" xmlns="" />
          </Parent>
        </Code>
        <Code id="038009" urn="urn:sdmx:org.sdmx.infomodel.codelist.Code=IT1:CL_REFAREA(1.2).038009">
          <Name xml:lang="it" xmlns="http://www.sdmx.org/resources/sdmxml/schemas/v2_1/common">Formignana</Name>
          <Name xml:lang="en" xmlns="http://www.sdmx.org/resources/sdmxml/schemas/v2_1/common">Formignana</Name>
          <Parent>
            <Ref id="ITD56" xmlns="" />
          </Parent>
        </Code>
        <Code id="038010" urn="urn:sdmx:org.sdmx.infomodel.codelist.Code=IT1:CL_REFAREA(1.2).038010">
          <Name xml:lang="it" xmlns="http://www.sdmx.org/resources/sdmxml/schemas/v2_1/common">Jolanda di Savoia</Name>
          <Name xml:lang="en" xmlns="http://www.sdmx.org/resources/sdmxml/schemas/v2_1/common">Jolanda di Savoia</Name>
          <Parent>
            <Ref id="ITD56" xmlns="" />
          </Parent>
        </Code>
        <Code id="038011" urn="urn:sdmx:org.sdmx.infomodel.codelist.Code=IT1:CL_REFAREA(1.2).038011">
          <Name xml:lang="it" xmlns="http://www.sdmx.org/resources/sdmxml/schemas/v2_1/common">Lagosanto</Name>
          <Name xml:lang="en" xmlns="http://www.sdmx.org/resources/sdmxml/schemas/v2_1/common">Lagosanto</Name>
          <Parent>
            <Ref id="ITD56" xmlns="" />
          </Parent>
        </Code>
        <Code id="038012" urn="urn:sdmx:org.sdmx.infomodel.codelist.Code=IT1:CL_REFAREA(1.2).038012">
          <Name xml:lang="it" xmlns="http://www.sdmx.org/resources/sdmxml/schemas/v2_1/common">Masi Torello</Name>
          <Name xml:lang="en" xmlns="http://www.sdmx.org/resources/sdmxml/schemas/v2_1/common">Masi Torello</Name>
          <Parent>
            <Ref id="ITD56" xmlns="" />
          </Parent>
        </Code>
        <Code id="038013" urn="urn:sdmx:org.sdmx.infomodel.codelist.Code=IT1:CL_REFAREA(1.2).038013">
          <Name xml:lang="it" xmlns="http://www.sdmx.org/resources/sdmxml/schemas/v2_1/common">Massa Fiscaglia</Name>
          <Name xml:lang="en" xmlns="http://www.sdmx.org/resources/sdmxml/schemas/v2_1/common">Massa Fiscaglia</Name>
          <Parent>
            <Ref id="ITD56" xmlns="" />
          </Parent>
        </Code>
        <Code id="038014" urn="urn:sdmx:org.sdmx.infomodel.codelist.Code=IT1:CL_REFAREA(1.2).038014">
          <Name xml:lang="it" xmlns="http://www.sdmx.org/resources/sdmxml/schemas/v2_1/common">Mesola</Name>
          <Name xml:lang="en" xmlns="http://www.sdmx.org/resources/sdmxml/schemas/v2_1/common">Mesola</Name>
          <Parent>
            <Ref id="ITD56" xmlns="" />
          </Parent>
        </Code>
        <Code id="038015" urn="urn:sdmx:org.sdmx.infomodel.codelist.Code=IT1:CL_REFAREA(1.2).038015">
          <Name xml:lang="it" xmlns="http://www.sdmx.org/resources/sdmxml/schemas/v2_1/common">Migliarino</Name>
          <Name xml:lang="en" xmlns="http://www.sdmx.org/resources/sdmxml/schemas/v2_1/common">Migliarino</Name>
          <Parent>
            <Ref id="ITD56" xmlns="" />
          </Parent>
        </Code>
        <Code id="038016" urn="urn:sdmx:org.sdmx.infomodel.codelist.Code=IT1:CL_REFAREA(1.2).038016">
          <Name xml:lang="it" xmlns="http://www.sdmx.org/resources/sdmxml/schemas/v2_1/common">Mirabello</Name>
          <Name xml:lang="en" xmlns="http://www.sdmx.org/resources/sdmxml/schemas/v2_1/common">Mirabello</Name>
          <Parent>
            <Ref id="ITD56" xmlns="" />
          </Parent>
        </Code>
        <Code id="038017" urn="urn:sdmx:org.sdmx.infomodel.codelist.Code=IT1:CL_REFAREA(1.2).038017">
          <Name xml:lang="it" xmlns="http://www.sdmx.org/resources/sdmxml/schemas/v2_1/common">Ostellato</Name>
          <Name xml:lang="en" xmlns="http://www.sdmx.org/resources/sdmxml/schemas/v2_1/common">Ostellato</Name>
          <Parent>
            <Ref id="ITD56" xmlns="" />
          </Parent>
        </Code>
        <Code id="038018" urn="urn:sdmx:org.sdmx.infomodel.codelist.Code=IT1:CL_REFAREA(1.2).038018">
          <Name xml:lang="it" xmlns="http://www.sdmx.org/resources/sdmxml/schemas/v2_1/common">Poggio Renatico</Name>
          <Name xml:lang="en" xmlns="http://www.sdmx.org/resources/sdmxml/schemas/v2_1/common">Poggio Renatico</Name>
          <Parent>
            <Ref id="ITD56" xmlns="" />
          </Parent>
        </Code>
        <Code id="038019" urn="urn:sdmx:org.sdmx.infomodel.codelist.Code=IT1:CL_REFAREA(1.2).038019">
          <Name xml:lang="it" xmlns="http://www.sdmx.org/resources/sdmxml/schemas/v2_1/common">Portomaggiore</Name>
          <Name xml:lang="en" xmlns="http://www.sdmx.org/resources/sdmxml/schemas/v2_1/common">Portomaggiore</Name>
          <Parent>
            <Ref id="ITD56" xmlns="" />
          </Parent>
        </Code>
        <Code id="038020" urn="urn:sdmx:org.sdmx.infomodel.codelist.Code=IT1:CL_REFAREA(1.2).038020">
          <Name xml:lang="it" xmlns="http://www.sdmx.org/resources/sdmxml/schemas/v2_1/common">Ro</Name>
          <Name xml:lang="en" xmlns="http://www.sdmx.org/resources/sdmxml/schemas/v2_1/common">Ro</Name>
          <Parent>
            <Ref id="ITD56" xmlns="" />
          </Parent>
        </Code>
        <Code id="038021" urn="urn:sdmx:org.sdmx.infomodel.codelist.Code=IT1:CL_REFAREA(1.2).038021">
          <Name xml:lang="it" xmlns="http://www.sdmx.org/resources/sdmxml/schemas/v2_1/common">Sant'Agostino</Name>
          <Name xml:lang="en" xmlns="http://www.sdmx.org/resources/sdmxml/schemas/v2_1/common">Sant'Agostino</Name>
          <Parent>
            <Ref id="ITD56" xmlns="" />
          </Parent>
        </Code>
        <Code id="038022" urn="urn:sdmx:org.sdmx.infomodel.codelist.Code=IT1:CL_REFAREA(1.2).038022">
          <Name xml:lang="it" xmlns="http://www.sdmx.org/resources/sdmxml/schemas/v2_1/common">Vigarano Mainarda</Name>
          <Name xml:lang="en" xmlns="http://www.sdmx.org/resources/sdmxml/schemas/v2_1/common">Vigarano Mainarda</Name>
          <Parent>
            <Ref id="ITD56" xmlns="" />
          </Parent>
        </Code>
        <Code id="038023" urn="urn:sdmx:org.sdmx.infomodel.codelist.Code=IT1:CL_REFAREA(1.2).038023">
          <Name xml:lang="it" xmlns="http://www.sdmx.org/resources/sdmxml/schemas/v2_1/common">Voghiera</Name>
          <Name xml:lang="en" xmlns="http://www.sdmx.org/resources/sdmxml/schemas/v2_1/common">Voghiera</Name>
          <Parent>
            <Ref id="ITD56" xmlns="" />
          </Parent>
        </Code>
        <Code id="038024" urn="urn:sdmx:org.sdmx.infomodel.codelist.Code=IT1:CL_REFAREA(1.2).038024">
          <Name xml:lang="it" xmlns="http://www.sdmx.org/resources/sdmxml/schemas/v2_1/common">Tresigallo</Name>
          <Name xml:lang="en" xmlns="http://www.sdmx.org/resources/sdmxml/schemas/v2_1/common">Tresigallo</Name>
          <Parent>
            <Ref id="ITD56" xmlns="" />
          </Parent>
        </Code>
        <Code id="038025" urn="urn:sdmx:org.sdmx.infomodel.codelist.Code=IT1:CL_REFAREA(1.2).038025">
          <Name xml:lang="it" xmlns="http://www.sdmx.org/resources/sdmxml/schemas/v2_1/common">Goro</Name>
          <Name xml:lang="en" xmlns="http://www.sdmx.org/resources/sdmxml/schemas/v2_1/common">Goro</Name>
          <Parent>
            <Ref id="ITD56" xmlns="" />
          </Parent>
        </Code>
        <Code id="038026" urn="urn:sdmx:org.sdmx.infomodel.codelist.Code=IT1:CL_REFAREA(1.2).038026">
          <Name xml:lang="it" xmlns="http://www.sdmx.org/resources/sdmxml/schemas/v2_1/common">Migliaro</Name>
          <Name xml:lang="en" xmlns="http://www.sdmx.org/resources/sdmxml/schemas/v2_1/common">Migliaro</Name>
          <Parent>
            <Ref id="ITD56" xmlns="" />
          </Parent>
        </Code>
        <Code id="039001" urn="urn:sdmx:org.sdmx.infomodel.codelist.Code=IT1:CL_REFAREA(1.2).039001">
          <Name xml:lang="it" xmlns="http://www.sdmx.org/resources/sdmxml/schemas/v2_1/common">Alfonsine</Name>
          <Name xml:lang="en" xmlns="http://www.sdmx.org/resources/sdmxml/schemas/v2_1/common">Alfonsine</Name>
          <Parent>
            <Ref id="ITD57" xmlns="" />
          </Parent>
        </Code>
        <Code id="039002" urn="urn:sdmx:org.sdmx.infomodel.codelist.Code=IT1:CL_REFAREA(1.2).039002">
          <Name xml:lang="it" xmlns="http://www.sdmx.org/resources/sdmxml/schemas/v2_1/common">Bagnacavallo</Name>
          <Name xml:lang="en" xmlns="http://www.sdmx.org/resources/sdmxml/schemas/v2_1/common">Bagnacavallo</Name>
          <Parent>
            <Ref id="ITD57" xmlns="" />
          </Parent>
        </Code>
        <Code id="039003" urn="urn:sdmx:org.sdmx.infomodel.codelist.Code=IT1:CL_REFAREA(1.2).039003">
          <Name xml:lang="it" xmlns="http://www.sdmx.org/resources/sdmxml/schemas/v2_1/common">Bagnara di Romagna</Name>
          <Name xml:lang="en" xmlns="http://www.sdmx.org/resources/sdmxml/schemas/v2_1/common">Bagnara di Romagna</Name>
          <Parent>
            <Ref id="ITD57" xmlns="" />
          </Parent>
        </Code>
        <Code id="039004" urn="urn:sdmx:org.sdmx.infomodel.codelist.Code=IT1:CL_REFAREA(1.2).039004">
          <Name xml:lang="it" xmlns="http://www.sdmx.org/resources/sdmxml/schemas/v2_1/common">Brisighella</Name>
          <Name xml:lang="en" xmlns="http://www.sdmx.org/resources/sdmxml/schemas/v2_1/common">Brisighella</Name>
          <Parent>
            <Ref id="ITD57" xmlns="" />
          </Parent>
        </Code>
        <Code id="039005" urn="urn:sdmx:org.sdmx.infomodel.codelist.Code=IT1:CL_REFAREA(1.2).039005">
          <Name xml:lang="it" xmlns="http://www.sdmx.org/resources/sdmxml/schemas/v2_1/common">Casola Valsenio</Name>
          <Name xml:lang="en" xmlns="http://www.sdmx.org/resources/sdmxml/schemas/v2_1/common">Casola Valsenio</Name>
          <Parent>
            <Ref id="ITD57" xmlns="" />
          </Parent>
        </Code>
        <Code id="039006" urn="urn:sdmx:org.sdmx.infomodel.codelist.Code=IT1:CL_REFAREA(1.2).039006">
          <Name xml:lang="it" xmlns="http://www.sdmx.org/resources/sdmxml/schemas/v2_1/common">Castel Bolognese</Name>
          <Name xml:lang="en" xmlns="http://www.sdmx.org/resources/sdmxml/schemas/v2_1/common">Castel Bolognese</Name>
          <Parent>
            <Ref id="ITD57" xmlns="" />
          </Parent>
        </Code>
        <Code id="039007" urn="urn:sdmx:org.sdmx.infomodel.codelist.Code=IT1:CL_REFAREA(1.2).039007">
          <Name xml:lang="it" xmlns="http://www.sdmx.org/resources/sdmxml/schemas/v2_1/common">Cervia</Name>
          <Name xml:lang="en" xmlns="http://www.sdmx.org/resources/sdmxml/schemas/v2_1/common">Cervia</Name>
          <Parent>
            <Ref id="ITD57" xmlns="" />
          </Parent>
        </Code>
        <Code id="039008" urn="urn:sdmx:org.sdmx.infomodel.codelist.Code=IT1:CL_REFAREA(1.2).039008">
          <Name xml:lang="it" xmlns="http://www.sdmx.org/resources/sdmxml/schemas/v2_1/common">Conselice</Name>
          <Name xml:lang="en" xmlns="http://www.sdmx.org/resources/sdmxml/schemas/v2_1/common">Conselice</Name>
          <Parent>
            <Ref id="ITD57" xmlns="" />
          </Parent>
        </Code>
        <Code id="039009" urn="urn:sdmx:org.sdmx.infomodel.codelist.Code=IT1:CL_REFAREA(1.2).039009">
          <Name xml:lang="it" xmlns="http://www.sdmx.org/resources/sdmxml/schemas/v2_1/common">Cotignola</Name>
          <Name xml:lang="en" xmlns="http://www.sdmx.org/resources/sdmxml/schemas/v2_1/common">Cotignola</Name>
          <Parent>
            <Ref id="ITD57" xmlns="" />
          </Parent>
        </Code>
        <Code id="039010" urn="urn:sdmx:org.sdmx.infomodel.codelist.Code=IT1:CL_REFAREA(1.2).039010">
          <Name xml:lang="it" xmlns="http://www.sdmx.org/resources/sdmxml/schemas/v2_1/common">Faenza</Name>
          <Name xml:lang="en" xmlns="http://www.sdmx.org/resources/sdmxml/schemas/v2_1/common">Faenza</Name>
          <Parent>
            <Ref id="ITD57" xmlns="" />
          </Parent>
        </Code>
        <Code id="039011" urn="urn:sdmx:org.sdmx.infomodel.codelist.Code=IT1:CL_REFAREA(1.2).039011">
          <Name xml:lang="it" xmlns="http://www.sdmx.org/resources/sdmxml/schemas/v2_1/common">Fusignano</Name>
          <Name xml:lang="en" xmlns="http://www.sdmx.org/resources/sdmxml/schemas/v2_1/common">Fusignano</Name>
          <Parent>
            <Ref id="ITD57" xmlns="" />
          </Parent>
        </Code>
        <Code id="039012" urn="urn:sdmx:org.sdmx.infomodel.codelist.Code=IT1:CL_REFAREA(1.2).039012">
          <Name xml:lang="it" xmlns="http://www.sdmx.org/resources/sdmxml/schemas/v2_1/common">Lugo</Name>
          <Name xml:lang="en" xmlns="http://www.sdmx.org/resources/sdmxml/schemas/v2_1/common">Lugo</Name>
          <Parent>
            <Ref id="ITD57" xmlns="" />
          </Parent>
        </Code>
        <Code id="039013" urn="urn:sdmx:org.sdmx.infomodel.codelist.Code=IT1:CL_REFAREA(1.2).039013">
          <Name xml:lang="it" xmlns="http://www.sdmx.org/resources/sdmxml/schemas/v2_1/common">Massa Lombarda</Name>
          <Name xml:lang="en" xmlns="http://www.sdmx.org/resources/sdmxml/schemas/v2_1/common">Massa Lombarda</Name>
          <Parent>
            <Ref id="ITD57" xmlns="" />
          </Parent>
        </Code>
        <Code id="039014" urn="urn:sdmx:org.sdmx.infomodel.codelist.Code=IT1:CL_REFAREA(1.2).039014">
          <Name xml:lang="it" xmlns="http://www.sdmx.org/resources/sdmxml/schemas/v2_1/common">Ravenna</Name>
          <Name xml:lang="en" xmlns="http://www.sdmx.org/resources/sdmxml/schemas/v2_1/common">Ravenna</Name>
          <Parent>
            <Ref id="ITD57" xmlns="" />
          </Parent>
        </Code>
        <Code id="039015" urn="urn:sdmx:org.sdmx.infomodel.codelist.Code=IT1:CL_REFAREA(1.2).039015">
          <Name xml:lang="it" xmlns="http://www.sdmx.org/resources/sdmxml/schemas/v2_1/common">Riolo Terme</Name>
          <Name xml:lang="en" xmlns="http://www.sdmx.org/resources/sdmxml/schemas/v2_1/common">Riolo Terme</Name>
          <Parent>
            <Ref id="ITD57" xmlns="" />
          </Parent>
        </Code>
        <Code id="039016" urn="urn:sdmx:org.sdmx.infomodel.codelist.Code=IT1:CL_REFAREA(1.2).039016">
          <Name xml:lang="it" xmlns="http://www.sdmx.org/resources/sdmxml/schemas/v2_1/common">Russi</Name>
          <Name xml:lang="en" xmlns="http://www.sdmx.org/resources/sdmxml/schemas/v2_1/common">Russi</Name>
          <Parent>
            <Ref id="ITD57" xmlns="" />
          </Parent>
        </Code>
        <Code id="039017" urn="urn:sdmx:org.sdmx.infomodel.codelist.Code=IT1:CL_REFAREA(1.2).039017">
          <Name xml:lang="it" xmlns="http://www.sdmx.org/resources/sdmxml/schemas/v2_1/common">Sant'Agata sul Santerno</Name>
          <Name xml:lang="en" xmlns="http://www.sdmx.org/resources/sdmxml/schemas/v2_1/common">Sant'Agata sul Santerno</Name>
          <Parent>
            <Ref id="ITD57" xmlns="" />
          </Parent>
        </Code>
        <Code id="039018" urn="urn:sdmx:org.sdmx.infomodel.codelist.Code=IT1:CL_REFAREA(1.2).039018">
          <Name xml:lang="it" xmlns="http://www.sdmx.org/resources/sdmxml/schemas/v2_1/common">Solarolo</Name>
          <Name xml:lang="en" xmlns="http://www.sdmx.org/resources/sdmxml/schemas/v2_1/common">Solarolo</Name>
          <Parent>
            <Ref id="ITD57" xmlns="" />
          </Parent>
        </Code>
        <Code id="040001" urn="urn:sdmx:org.sdmx.infomodel.codelist.Code=IT1:CL_REFAREA(1.2).040001">
          <Name xml:lang="it" xmlns="http://www.sdmx.org/resources/sdmxml/schemas/v2_1/common">Bagno di Romagna</Name>
          <Name xml:lang="en" xmlns="http://www.sdmx.org/resources/sdmxml/schemas/v2_1/common">Bagno di Romagna</Name>
          <Parent>
            <Ref id="ITD58" xmlns="" />
          </Parent>
        </Code>
        <Code id="040002" urn="urn:sdmx:org.sdmx.infomodel.codelist.Code=IT1:CL_REFAREA(1.2).040002">
          <Name xml:lang="it" xmlns="http://www.sdmx.org/resources/sdmxml/schemas/v2_1/common">Bellaria-Igea Marina</Name>
          <Name xml:lang="en" xmlns="http://www.sdmx.org/resources/sdmxml/schemas/v2_1/common">Bellaria-Igea Marina</Name>
          <Parent>
            <Ref id="ITD58" xmlns="" />
          </Parent>
        </Code>
        <Code id="040003" urn="urn:sdmx:org.sdmx.infomodel.codelist.Code=IT1:CL_REFAREA(1.2).040003">
          <Name xml:lang="it" xmlns="http://www.sdmx.org/resources/sdmxml/schemas/v2_1/common">Bertinoro</Name>
          <Name xml:lang="en" xmlns="http://www.sdmx.org/resources/sdmxml/schemas/v2_1/common">Bertinoro</Name>
          <Parent>
            <Ref id="ITD58" xmlns="" />
          </Parent>
        </Code>
        <Code id="040004" urn="urn:sdmx:org.sdmx.infomodel.codelist.Code=IT1:CL_REFAREA(1.2).040004">
          <Name xml:lang="it" xmlns="http://www.sdmx.org/resources/sdmxml/schemas/v2_1/common">Borghi</Name>
          <Name xml:lang="en" xmlns="http://www.sdmx.org/resources/sdmxml/schemas/v2_1/common">Borghi</Name>
          <Parent>
            <Ref id="ITD58" xmlns="" />
          </Parent>
        </Code>
        <Code id="040005" urn="urn:sdmx:org.sdmx.infomodel.codelist.Code=IT1:CL_REFAREA(1.2).040005">
          <Name xml:lang="it" xmlns="http://www.sdmx.org/resources/sdmxml/schemas/v2_1/common">Castrocaro Terme e Terra del Sole</Name>
          <Name xml:lang="en" xmlns="http://www.sdmx.org/resources/sdmxml/schemas/v2_1/common">Castrocaro Terme e Terra del Sole</Name>
          <Parent>
            <Ref id="ITD58" xmlns="" />
          </Parent>
        </Code>
        <Code id="040006" urn="urn:sdmx:org.sdmx.infomodel.codelist.Code=IT1:CL_REFAREA(1.2).040006">
          <Name xml:lang="it" xmlns="http://www.sdmx.org/resources/sdmxml/schemas/v2_1/common">Cattolica</Name>
          <Name xml:lang="en" xmlns="http://www.sdmx.org/resources/sdmxml/schemas/v2_1/common">Cattolica</Name>
          <Parent>
            <Ref id="ITD58" xmlns="" />
          </Parent>
        </Code>
        <Code id="040007" urn="urn:sdmx:org.sdmx.infomodel.codelist.Code=IT1:CL_REFAREA(1.2).040007">
          <Name xml:lang="it" xmlns="http://www.sdmx.org/resources/sdmxml/schemas/v2_1/common">Cesena</Name>
          <Name xml:lang="en" xmlns="http://www.sdmx.org/resources/sdmxml/schemas/v2_1/common">Cesena</Name>
          <Parent>
            <Ref id="ITD58" xmlns="" />
          </Parent>
        </Code>
        <Code id="040008" urn="urn:sdmx:org.sdmx.infomodel.codelist.Code=IT1:CL_REFAREA(1.2).040008">
          <Name xml:lang="it" xmlns="http://www.sdmx.org/resources/sdmxml/schemas/v2_1/common">Cesenatico</Name>
          <Name xml:lang="en" xmlns="http://www.sdmx.org/resources/sdmxml/schemas/v2_1/common">Cesenatico</Name>
          <Parent>
            <Ref id="ITD58" xmlns="" />
          </Parent>
        </Code>
        <Code id="040009" urn="urn:sdmx:org.sdmx.infomodel.codelist.Code=IT1:CL_REFAREA(1.2).040009">
          <Name xml:lang="it" xmlns="http://www.sdmx.org/resources/sdmxml/schemas/v2_1/common">Civitella di Romagna</Name>
          <Name xml:lang="en" xmlns="http://www.sdmx.org/resources/sdmxml/schemas/v2_1/common">Civitella di Romagna</Name>
          <Parent>
            <Ref id="ITD58" xmlns="" />
          </Parent>
        </Code>
        <Code id="040010" urn="urn:sdmx:org.sdmx.infomodel.codelist.Code=IT1:CL_REFAREA(1.2).040010">
          <Name xml:lang="it" xmlns="http://www.sdmx.org/resources/sdmxml/schemas/v2_1/common">Coriano</Name>
          <Name xml:lang="en" xmlns="http://www.sdmx.org/resources/sdmxml/schemas/v2_1/common">Coriano</Name>
          <Parent>
            <Ref id="ITD58" xmlns="" />
          </Parent>
        </Code>
        <Code id="040011" urn="urn:sdmx:org.sdmx.infomodel.codelist.Code=IT1:CL_REFAREA(1.2).040011">
          <Name xml:lang="it" xmlns="http://www.sdmx.org/resources/sdmxml/schemas/v2_1/common">Dovadola</Name>
          <Name xml:lang="en" xmlns="http://www.sdmx.org/resources/sdmxml/schemas/v2_1/common">Dovadola</Name>
          <Parent>
            <Ref id="ITD58" xmlns="" />
          </Parent>
        </Code>
        <Code id="040012" urn="urn:sdmx:org.sdmx.infomodel.codelist.Code=IT1:CL_REFAREA(1.2).040012">
          <Name xml:lang="it" xmlns="http://www.sdmx.org/resources/sdmxml/schemas/v2_1/common">Forlì</Name>
          <Name xml:lang="en" xmlns="http://www.sdmx.org/resources/sdmxml/schemas/v2_1/common">Forlì</Name>
          <Parent>
            <Ref id="ITD58" xmlns="" />
          </Parent>
        </Code>
        <Code id="040013" urn="urn:sdmx:org.sdmx.infomodel.codelist.Code=IT1:CL_REFAREA(1.2).040013">
          <Name xml:lang="it" xmlns="http://www.sdmx.org/resources/sdmxml/schemas/v2_1/common">Forlimpopoli</Name>
          <Name xml:lang="en" xmlns="http://www.sdmx.org/resources/sdmxml/schemas/v2_1/common">Forlimpopoli</Name>
          <Parent>
            <Ref id="ITD58" xmlns="" />
          </Parent>
        </Code>
        <Code id="040014" urn="urn:sdmx:org.sdmx.infomodel.codelist.Code=IT1:CL_REFAREA(1.2).040014">
          <Name xml:lang="it" xmlns="http://www.sdmx.org/resources/sdmxml/schemas/v2_1/common">Galeata</Name>
          <Name xml:lang="en" xmlns="http://www.sdmx.org/resources/sdmxml/schemas/v2_1/common">Galeata</Name>
          <Parent>
            <Ref id="ITD58" xmlns="" />
          </Parent>
        </Code>
        <Code id="040015" urn="urn:sdmx:org.sdmx.infomodel.codelist.Code=IT1:CL_REFAREA(1.2).040015">
          <Name xml:lang="it" xmlns="http://www.sdmx.org/resources/sdmxml/schemas/v2_1/common">Gambettola</Name>
          <Name xml:lang="en" xmlns="http://www.sdmx.org/resources/sdmxml/schemas/v2_1/common">Gambettola</Name>
          <Parent>
            <Ref id="ITD58" xmlns="" />
          </Parent>
        </Code>
        <Code id="040016" urn="urn:sdmx:org.sdmx.infomodel.codelist.Code=IT1:CL_REFAREA(1.2).040016">
          <Name xml:lang="it" xmlns="http://www.sdmx.org/resources/sdmxml/schemas/v2_1/common">Gatteo</Name>
          <Name xml:lang="en" xmlns="http://www.sdmx.org/resources/sdmxml/schemas/v2_1/common">Gatteo</Name>
          <Parent>
            <Ref id="ITD58" xmlns="" />
          </Parent>
        </Code>
        <Code id="040017" urn="urn:sdmx:org.sdmx.infomodel.codelist.Code=IT1:CL_REFAREA(1.2).040017">
          <Name xml:lang="it" xmlns="http://www.sdmx.org/resources/sdmxml/schemas/v2_1/common">Gemmano</Name>
          <Name xml:lang="en" xmlns="http://www.sdmx.org/resources/sdmxml/schemas/v2_1/common">Gemmano</Name>
          <Parent>
            <Ref id="ITD58" xmlns="" />
          </Parent>
        </Code>
        <Code id="040018" urn="urn:sdmx:org.sdmx.infomodel.codelist.Code=IT1:CL_REFAREA(1.2).040018">
          <Name xml:lang="it" xmlns="http://www.sdmx.org/resources/sdmxml/schemas/v2_1/common">Longiano</Name>
          <Name xml:lang="en" xmlns="http://www.sdmx.org/resources/sdmxml/schemas/v2_1/common">Longiano</Name>
          <Parent>
            <Ref id="ITD58" xmlns="" />
          </Parent>
        </Code>
        <Code id="040019" urn="urn:sdmx:org.sdmx.infomodel.codelist.Code=IT1:CL_REFAREA(1.2).040019">
          <Name xml:lang="it" xmlns="http://www.sdmx.org/resources/sdmxml/schemas/v2_1/common">Meldola</Name>
          <Name xml:lang="en" xmlns="http://www.sdmx.org/resources/sdmxml/schemas/v2_1/common">Meldola</Name>
          <Parent>
            <Ref id="ITD58" xmlns="" />
          </Parent>
        </Code>
        <Code id="040020" urn="urn:sdmx:org.sdmx.infomodel.codelist.Code=IT1:CL_REFAREA(1.2).040020">
          <Name xml:lang="it" xmlns="http://www.sdmx.org/resources/sdmxml/schemas/v2_1/common">Mercato Saraceno</Name>
          <Name xml:lang="en" xmlns="http://www.sdmx.org/resources/sdmxml/schemas/v2_1/common">Mercato Saraceno</Name>
          <Parent>
            <Ref id="ITD58" xmlns="" />
          </Parent>
        </Code>
        <Code id="040021" urn="urn:sdmx:org.sdmx.infomodel.codelist.Code=IT1:CL_REFAREA(1.2).040021">
          <Name xml:lang="it" xmlns="http://www.sdmx.org/resources/sdmxml/schemas/v2_1/common">Misano Adriatico</Name>
          <Name xml:lang="en" xmlns="http://www.sdmx.org/resources/sdmxml/schemas/v2_1/common">Misano Adriatico</Name>
          <Parent>
            <Ref id="ITD58" xmlns="" />
          </Parent>
        </Code>
        <Code id="040022" urn="urn:sdmx:org.sdmx.infomodel.codelist.Code=IT1:CL_REFAREA(1.2).040022">
          <Name xml:lang="it" xmlns="http://www.sdmx.org/resources/sdmxml/schemas/v2_1/common">Modigliana</Name>
          <Name xml:lang="en" xmlns="http://www.sdmx.org/resources/sdmxml/schemas/v2_1/common">Modigliana</Name>
          <Parent>
            <Ref id="ITD58" xmlns="" />
          </Parent>
        </Code>
        <Code id="040023" urn="urn:sdmx:org.sdmx.infomodel.codelist.Code=IT1:CL_REFAREA(1.2).040023">
          <Name xml:lang="it" xmlns="http://www.sdmx.org/resources/sdmxml/schemas/v2_1/common">Mondaino</Name>
          <Name xml:lang="en" xmlns="http://www.sdmx.org/resources/sdmxml/schemas/v2_1/common">Mondaino</Name>
          <Parent>
            <Ref id="ITD58" xmlns="" />
          </Parent>
        </Code>
        <Code id="040024" urn="urn:sdmx:org.sdmx.infomodel.codelist.Code=IT1:CL_REFAREA(1.2).040024">
          <Name xml:lang="it" xmlns="http://www.sdmx.org/resources/sdmxml/schemas/v2_1/common">Monte Colombo</Name>
          <Name xml:lang="en" xmlns="http://www.sdmx.org/resources/sdmxml/schemas/v2_1/common">Monte Colombo</Name>
          <Parent>
            <Ref id="ITD58" xmlns="" />
          </Parent>
        </Code>
        <Code id="040025" urn="urn:sdmx:org.sdmx.infomodel.codelist.Code=IT1:CL_REFAREA(1.2).040025">
          <Name xml:lang="it" xmlns="http://www.sdmx.org/resources/sdmxml/schemas/v2_1/common">Montefiore Conca</Name>
          <Name xml:lang="en" xmlns="http://www.sdmx.org/resources/sdmxml/schemas/v2_1/common">Montefiore Conca</Name>
          <Parent>
            <Ref id="ITD58" xmlns="" />
          </Parent>
        </Code>
        <Code id="040026" urn="urn:sdmx:org.sdmx.infomodel.codelist.Code=IT1:CL_REFAREA(1.2).040026">
          <Name xml:lang="it" xmlns="http://www.sdmx.org/resources/sdmxml/schemas/v2_1/common">Montegridolfo</Name>
          <Name xml:lang="en" xmlns="http://www.sdmx.org/resources/sdmxml/schemas/v2_1/common">Montegridolfo</Name>
          <Parent>
            <Ref id="ITD58" xmlns="" />
          </Parent>
        </Code>
        <Code id="040027" urn="urn:sdmx:org.sdmx.infomodel.codelist.Code=IT1:CL_REFAREA(1.2).040027">
          <Name xml:lang="it" xmlns="http://www.sdmx.org/resources/sdmxml/schemas/v2_1/common">Montescudo</Name>
          <Name xml:lang="en" xmlns="http://www.sdmx.org/resources/sdmxml/schemas/v2_1/common">Montescudo</Name>
          <Parent>
            <Ref id="ITD58" xmlns="" />
          </Parent>
        </Code>
        <Code id="040028" urn="urn:sdmx:org.sdmx.infomodel.codelist.Code=IT1:CL_REFAREA(1.2).040028">
          <Name xml:lang="it" xmlns="http://www.sdmx.org/resources/sdmxml/schemas/v2_1/common">Montiano</Name>
          <Name xml:lang="en" xmlns="http://www.sdmx.org/resources/sdmxml/schemas/v2_1/common">Montiano</Name>
          <Parent>
            <Ref id="ITD58" xmlns="" />
          </Parent>
        </Code>
        <Code id="040029" urn="urn:sdmx:org.sdmx.infomodel.codelist.Code=IT1:CL_REFAREA(1.2).040029">
          <Name xml:lang="it" xmlns="http://www.sdmx.org/resources/sdmxml/schemas/v2_1/common">Morciano di Romagna</Name>
          <Name xml:lang="en" xmlns="http://www.sdmx.org/resources/sdmxml/schemas/v2_1/common">Morciano di Romagna</Name>
          <Parent>
            <Ref id="ITD58" xmlns="" />
          </Parent>
        </Code>
        <Code id="040030" urn="urn:sdmx:org.sdmx.infomodel.codelist.Code=IT1:CL_REFAREA(1.2).040030">
          <Name xml:lang="it" xmlns="http://www.sdmx.org/resources/sdmxml/schemas/v2_1/common">Poggio Berni</Name>
          <Name xml:lang="en" xmlns="http://www.sdmx.org/resources/sdmxml/schemas/v2_1/common">Poggio Berni</Name>
          <Parent>
            <Ref id="ITD58" xmlns="" />
          </Parent>
        </Code>
        <Code id="040031" urn="urn:sdmx:org.sdmx.infomodel.codelist.Code=IT1:CL_REFAREA(1.2).040031">
          <Name xml:lang="it" xmlns="http://www.sdmx.org/resources/sdmxml/schemas/v2_1/common">Portico e San Benedetto</Name>
          <Name xml:lang="en" xmlns="http://www.sdmx.org/resources/sdmxml/schemas/v2_1/common">Portico e San Benedetto</Name>
          <Parent>
            <Ref id="ITD58" xmlns="" />
          </Parent>
        </Code>
        <Code id="040032" urn="urn:sdmx:org.sdmx.infomodel.codelist.Code=IT1:CL_REFAREA(1.2).040032">
          <Name xml:lang="it" xmlns="http://www.sdmx.org/resources/sdmxml/schemas/v2_1/common">Predappio</Name>
          <Name xml:lang="en" xmlns="http://www.sdmx.org/resources/sdmxml/schemas/v2_1/common">Predappio</Name>
          <Parent>
            <Ref id="ITD58" xmlns="" />
          </Parent>
        </Code>
        <Code id="040033" urn="urn:sdmx:org.sdmx.infomodel.codelist.Code=IT1:CL_REFAREA(1.2).040033">
          <Name xml:lang="it" xmlns="http://www.sdmx.org/resources/sdmxml/schemas/v2_1/common">Premilcuore</Name>
          <Name xml:lang="en" xmlns="http://www.sdmx.org/resources/sdmxml/schemas/v2_1/common">Premilcuore</Name>
          <Parent>
            <Ref id="ITD58" xmlns="" />
          </Parent>
        </Code>
        <Code id="040034" urn="urn:sdmx:org.sdmx.infomodel.codelist.Code=IT1:CL_REFAREA(1.2).040034">
          <Name xml:lang="it" xmlns="http://www.sdmx.org/resources/sdmxml/schemas/v2_1/common">Riccione</Name>
          <Name xml:lang="en" xmlns="http://www.sdmx.org/resources/sdmxml/schemas/v2_1/common">Riccione</Name>
          <Parent>
            <Ref id="ITD58" xmlns="" />
          </Parent>
        </Code>
        <Code id="040035" urn="urn:sdmx:org.sdmx.infomodel.codelist.Code=IT1:CL_REFAREA(1.2).040035">
          <Name xml:lang="it" xmlns="http://www.sdmx.org/resources/sdmxml/schemas/v2_1/common">Rimini</Name>
          <Name xml:lang="en" xmlns="http://www.sdmx.org/resources/sdmxml/schemas/v2_1/common">Rimini</Name>
          <Parent>
            <Ref id="ITD58" xmlns="" />
          </Parent>
        </Code>
        <Code id="040036" urn="urn:sdmx:org.sdmx.infomodel.codelist.Code=IT1:CL_REFAREA(1.2).040036">
          <Name xml:lang="it" xmlns="http://www.sdmx.org/resources/sdmxml/schemas/v2_1/common">Rocca San Casciano</Name>
          <Name xml:lang="en" xmlns="http://www.sdmx.org/resources/sdmxml/schemas/v2_1/common">Rocca San Casciano</Name>
          <Parent>
            <Ref id="ITD58" xmlns="" />
          </Parent>
        </Code>
        <Code id="040037" urn="urn:sdmx:org.sdmx.infomodel.codelist.Code=IT1:CL_REFAREA(1.2).040037">
          <Name xml:lang="it" xmlns="http://www.sdmx.org/resources/sdmxml/schemas/v2_1/common">Roncofreddo</Name>
          <Name xml:lang="en" xmlns="http://www.sdmx.org/resources/sdmxml/schemas/v2_1/common">Roncofreddo</Name>
          <Parent>
            <Ref id="ITD58" xmlns="" />
          </Parent>
        </Code>
        <Code id="040038" urn="urn:sdmx:org.sdmx.infomodel.codelist.Code=IT1:CL_REFAREA(1.2).040038">
          <Name xml:lang="it" xmlns="http://www.sdmx.org/resources/sdmxml/schemas/v2_1/common">Saludecio</Name>
          <Name xml:lang="en" xmlns="http://www.sdmx.org/resources/sdmxml/schemas/v2_1/common">Saludecio</Name>
          <Parent>
            <Ref id="ITD58" xmlns="" />
          </Parent>
        </Code>
        <Code id="040039" urn="urn:sdmx:org.sdmx.infomodel.codelist.Code=IT1:CL_REFAREA(1.2).040039">
          <Name xml:lang="it" xmlns="http://www.sdmx.org/resources/sdmxml/schemas/v2_1/common">San Clemente</Name>
          <Name xml:lang="en" xmlns="http://www.sdmx.org/resources/sdmxml/schemas/v2_1/common">San Clemente</Name>
          <Parent>
            <Ref id="ITD58" xmlns="" />
          </Parent>
        </Code>
        <Code id="040040" urn="urn:sdmx:org.sdmx.infomodel.codelist.Code=IT1:CL_REFAREA(1.2).040040">
          <Name xml:lang="it" xmlns="http://www.sdmx.org/resources/sdmxml/schemas/v2_1/common">San Giovanni in Marignano</Name>
          <Name xml:lang="en" xmlns="http://www.sdmx.org/resources/sdmxml/schemas/v2_1/common">San Giovanni in Marignano</Name>
          <Parent>
            <Ref id="ITD58" xmlns="" />
          </Parent>
        </Code>
        <Code id="040041" urn="urn:sdmx:org.sdmx.infomodel.codelist.Code=IT1:CL_REFAREA(1.2).040041">
          <Name xml:lang="it" xmlns="http://www.sdmx.org/resources/sdmxml/schemas/v2_1/common">San Mauro Pascoli</Name>
          <Name xml:lang="en" xmlns="http://www.sdmx.org/resources/sdmxml/schemas/v2_1/common">San Mauro Pascoli</Name>
          <Parent>
            <Ref id="ITD58" xmlns="" />
          </Parent>
        </Code>
        <Code id="040042" urn="urn:sdmx:org.sdmx.infomodel.codelist.Code=IT1:CL_REFAREA(1.2).040042">
          <Name xml:lang="it" xmlns="http://www.sdmx.org/resources/sdmxml/schemas/v2_1/common">Santarcangelo di Romagna</Name>
          <Name xml:lang="en" xmlns="http://www.sdmx.org/resources/sdmxml/schemas/v2_1/common">Santarcangelo di Romagna</Name>
          <Parent>
            <Ref id="ITD58" xmlns="" />
          </Parent>
        </Code>
        <Code id="040043" urn="urn:sdmx:org.sdmx.infomodel.codelist.Code=IT1:CL_REFAREA(1.2).040043">
          <Name xml:lang="it" xmlns="http://www.sdmx.org/resources/sdmxml/schemas/v2_1/common">Santa Sofia</Name>
          <Name xml:lang="en" xmlns="http://www.sdmx.org/resources/sdmxml/schemas/v2_1/common">Santa Sofia</Name>
          <Parent>
            <Ref id="ITD58" xmlns="" />
          </Parent>
        </Code>
        <Code id="040044" urn="urn:sdmx:org.sdmx.infomodel.codelist.Code=IT1:CL_REFAREA(1.2).040044">
          <Name xml:lang="it" xmlns="http://www.sdmx.org/resources/sdmxml/schemas/v2_1/common">Sarsina</Name>
          <Name xml:lang="en" xmlns="http://www.sdmx.org/resources/sdmxml/schemas/v2_1/common">Sarsina</Name>
          <Parent>
            <Ref id="ITD58" xmlns="" />
          </Parent>
        </Code>
        <Code id="040045" urn="urn:sdmx:org.sdmx.infomodel.codelist.Code=IT1:CL_REFAREA(1.2).040045">
          <Name xml:lang="it" xmlns="http://www.sdmx.org/resources/sdmxml/schemas/v2_1/common">Savignano sul Rubicone</Name>
          <Name xml:lang="en" xmlns="http://www.sdmx.org/resources/sdmxml/schemas/v2_1/common">Savignano sul Rubicone</Name>
          <Parent>
            <Ref id="ITD58" xmlns="" />
          </Parent>
        </Code>
        <Code id="040046" urn="urn:sdmx:org.sdmx.infomodel.codelist.Code=IT1:CL_REFAREA(1.2).040046">
          <Name xml:lang="it" xmlns="http://www.sdmx.org/resources/sdmxml/schemas/v2_1/common">Sogliano al Rubicone</Name>
          <Name xml:lang="en" xmlns="http://www.sdmx.org/resources/sdmxml/schemas/v2_1/common">Sogliano al Rubicone</Name>
          <Parent>
            <Ref id="ITD58" xmlns="" />
          </Parent>
        </Code>
        <Code id="040048" urn="urn:sdmx:org.sdmx.infomodel.codelist.Code=IT1:CL_REFAREA(1.2).040048">
          <Name xml:lang="it" xmlns="http://www.sdmx.org/resources/sdmxml/schemas/v2_1/common">Torriana</Name>
          <Name xml:lang="en" xmlns="http://www.sdmx.org/resources/sdmxml/schemas/v2_1/common">Torriana</Name>
          <Parent>
            <Ref id="ITD58" xmlns="" />
          </Parent>
        </Code>
        <Code id="040049" urn="urn:sdmx:org.sdmx.infomodel.codelist.Code=IT1:CL_REFAREA(1.2).040049">
          <Name xml:lang="it" xmlns="http://www.sdmx.org/resources/sdmxml/schemas/v2_1/common">Tredozio</Name>
          <Name xml:lang="en" xmlns="http://www.sdmx.org/resources/sdmxml/schemas/v2_1/common">Tredozio</Name>
          <Parent>
            <Ref id="ITD58" xmlns="" />
          </Parent>
        </Code>
        <Code id="040050" urn="urn:sdmx:org.sdmx.infomodel.codelist.Code=IT1:CL_REFAREA(1.2).040050">
          <Name xml:lang="it" xmlns="http://www.sdmx.org/resources/sdmxml/schemas/v2_1/common">Verghereto</Name>
          <Name xml:lang="en" xmlns="http://www.sdmx.org/resources/sdmxml/schemas/v2_1/common">Verghereto</Name>
          <Parent>
            <Ref id="ITD58" xmlns="" />
          </Parent>
        </Code>
        <Code id="040051" urn="urn:sdmx:org.sdmx.infomodel.codelist.Code=IT1:CL_REFAREA(1.2).040051">
          <Name xml:lang="it" xmlns="http://www.sdmx.org/resources/sdmxml/schemas/v2_1/common">Verucchio</Name>
          <Name xml:lang="en" xmlns="http://www.sdmx.org/resources/sdmxml/schemas/v2_1/common">Verucchio</Name>
          <Parent>
            <Ref id="ITD58" xmlns="" />
          </Parent>
        </Code>
        <Code id="041001" urn="urn:sdmx:org.sdmx.infomodel.codelist.Code=IT1:CL_REFAREA(1.2).041001">
          <Name xml:lang="it" xmlns="http://www.sdmx.org/resources/sdmxml/schemas/v2_1/common">Acqualagna</Name>
          <Name xml:lang="en" xmlns="http://www.sdmx.org/resources/sdmxml/schemas/v2_1/common">Acqualagna</Name>
          <Parent>
            <Ref id="ITE31" xmlns="" />
          </Parent>
        </Code>
        <Code id="041002" urn="urn:sdmx:org.sdmx.infomodel.codelist.Code=IT1:CL_REFAREA(1.2).041002">
          <Name xml:lang="it" xmlns="http://www.sdmx.org/resources/sdmxml/schemas/v2_1/common">Apecchio</Name>
          <Name xml:lang="en" xmlns="http://www.sdmx.org/resources/sdmxml/schemas/v2_1/common">Apecchio</Name>
          <Parent>
            <Ref id="ITE31" xmlns="" />
          </Parent>
        </Code>
        <Code id="041003" urn="urn:sdmx:org.sdmx.infomodel.codelist.Code=IT1:CL_REFAREA(1.2).041003">
          <Name xml:lang="it" xmlns="http://www.sdmx.org/resources/sdmxml/schemas/v2_1/common">Auditore</Name>
          <Name xml:lang="en" xmlns="http://www.sdmx.org/resources/sdmxml/schemas/v2_1/common">Auditore</Name>
          <Parent>
            <Ref id="ITE31" xmlns="" />
          </Parent>
        </Code>
        <Code id="041004" urn="urn:sdmx:org.sdmx.infomodel.codelist.Code=IT1:CL_REFAREA(1.2).041004">
          <Name xml:lang="it" xmlns="http://www.sdmx.org/resources/sdmxml/schemas/v2_1/common">Barchi</Name>
          <Name xml:lang="en" xmlns="http://www.sdmx.org/resources/sdmxml/schemas/v2_1/common">Barchi</Name>
          <Parent>
            <Ref id="ITE31" xmlns="" />
          </Parent>
        </Code>
        <Code id="041005" urn="urn:sdmx:org.sdmx.infomodel.codelist.Code=IT1:CL_REFAREA(1.2).041005">
          <Name xml:lang="it" xmlns="http://www.sdmx.org/resources/sdmxml/schemas/v2_1/common">Belforte all'Isauro</Name>
          <Name xml:lang="en" xmlns="http://www.sdmx.org/resources/sdmxml/schemas/v2_1/common">Belforte all'Isauro</Name>
          <Parent>
            <Ref id="ITE31" xmlns="" />
          </Parent>
        </Code>
        <Code id="041006" urn="urn:sdmx:org.sdmx.infomodel.codelist.Code=IT1:CL_REFAREA(1.2).041006">
          <Name xml:lang="it" xmlns="http://www.sdmx.org/resources/sdmxml/schemas/v2_1/common">Borgo Pace</Name>
          <Name xml:lang="en" xmlns="http://www.sdmx.org/resources/sdmxml/schemas/v2_1/common">Borgo Pace</Name>
          <Parent>
            <Ref id="ITE31" xmlns="" />
          </Parent>
        </Code>
        <Code id="041007" urn="urn:sdmx:org.sdmx.infomodel.codelist.Code=IT1:CL_REFAREA(1.2).041007">
          <Name xml:lang="it" xmlns="http://www.sdmx.org/resources/sdmxml/schemas/v2_1/common">Cagli</Name>
          <Name xml:lang="en" xmlns="http://www.sdmx.org/resources/sdmxml/schemas/v2_1/common">Cagli</Name>
          <Parent>
            <Ref id="ITE31" xmlns="" />
          </Parent>
        </Code>
        <Code id="041008" urn="urn:sdmx:org.sdmx.infomodel.codelist.Code=IT1:CL_REFAREA(1.2).041008">
          <Name xml:lang="it" xmlns="http://www.sdmx.org/resources/sdmxml/schemas/v2_1/common">Cantiano</Name>
          <Name xml:lang="en" xmlns="http://www.sdmx.org/resources/sdmxml/schemas/v2_1/common">Cantiano</Name>
          <Parent>
            <Ref id="ITE31" xmlns="" />
          </Parent>
        </Code>
        <Code id="041009" urn="urn:sdmx:org.sdmx.infomodel.codelist.Code=IT1:CL_REFAREA(1.2).041009">
          <Name xml:lang="it" xmlns="http://www.sdmx.org/resources/sdmxml/schemas/v2_1/common">Carpegna</Name>
          <Name xml:lang="en" xmlns="http://www.sdmx.org/resources/sdmxml/schemas/v2_1/common">Carpegna</Name>
          <Parent>
            <Ref id="ITE31" xmlns="" />
          </Parent>
        </Code>
        <Code id="041010" urn="urn:sdmx:org.sdmx.infomodel.codelist.Code=IT1:CL_REFAREA(1.2).041010">
          <Name xml:lang="it" xmlns="http://www.sdmx.org/resources/sdmxml/schemas/v2_1/common">Cartoceto</Name>
          <Name xml:lang="en" xmlns="http://www.sdmx.org/resources/sdmxml/schemas/v2_1/common">Cartoceto</Name>
          <Parent>
            <Ref id="ITE31" xmlns="" />
          </Parent>
        </Code>
        <Code id="041011" urn="urn:sdmx:org.sdmx.infomodel.codelist.Code=IT1:CL_REFAREA(1.2).041011">
          <Name xml:lang="it" xmlns="http://www.sdmx.org/resources/sdmxml/schemas/v2_1/common">Casteldelci</Name>
          <Name xml:lang="en" xmlns="http://www.sdmx.org/resources/sdmxml/schemas/v2_1/common">Casteldelci</Name>
          <Parent>
            <Ref id="ITE31" xmlns="" />
          </Parent>
        </Code>
        <Code id="041012" urn="urn:sdmx:org.sdmx.infomodel.codelist.Code=IT1:CL_REFAREA(1.2).041012">
          <Name xml:lang="it" xmlns="http://www.sdmx.org/resources/sdmxml/schemas/v2_1/common">Colbordolo</Name>
          <Name xml:lang="en" xmlns="http://www.sdmx.org/resources/sdmxml/schemas/v2_1/common">Colbordolo</Name>
          <Parent>
            <Ref id="ITE31" xmlns="" />
          </Parent>
        </Code>
        <Code id="041013" urn="urn:sdmx:org.sdmx.infomodel.codelist.Code=IT1:CL_REFAREA(1.2).041013">
          <Name xml:lang="it" xmlns="http://www.sdmx.org/resources/sdmxml/schemas/v2_1/common">Fano</Name>
          <Name xml:lang="en" xmlns="http://www.sdmx.org/resources/sdmxml/schemas/v2_1/common">Fano</Name>
          <Parent>
            <Ref id="ITE31" xmlns="" />
          </Parent>
        </Code>
        <Code id="041014" urn="urn:sdmx:org.sdmx.infomodel.codelist.Code=IT1:CL_REFAREA(1.2).041014">
          <Name xml:lang="it" xmlns="http://www.sdmx.org/resources/sdmxml/schemas/v2_1/common">Fermignano</Name>
          <Name xml:lang="en" xmlns="http://www.sdmx.org/resources/sdmxml/schemas/v2_1/common">Fermignano</Name>
          <Parent>
            <Ref id="ITE31" xmlns="" />
          </Parent>
        </Code>
        <Code id="041015" urn="urn:sdmx:org.sdmx.infomodel.codelist.Code=IT1:CL_REFAREA(1.2).041015">
          <Name xml:lang="it" xmlns="http://www.sdmx.org/resources/sdmxml/schemas/v2_1/common">Fossombrone</Name>
          <Name xml:lang="en" xmlns="http://www.sdmx.org/resources/sdmxml/schemas/v2_1/common">Fossombrone</Name>
          <Parent>
            <Ref id="ITE31" xmlns="" />
          </Parent>
        </Code>
        <Code id="041016" urn="urn:sdmx:org.sdmx.infomodel.codelist.Code=IT1:CL_REFAREA(1.2).041016">
          <Name xml:lang="it" xmlns="http://www.sdmx.org/resources/sdmxml/schemas/v2_1/common">Fratte Rosa</Name>
          <Name xml:lang="en" xmlns="http://www.sdmx.org/resources/sdmxml/schemas/v2_1/common">Fratte Rosa</Name>
          <Parent>
            <Ref id="ITE31" xmlns="" />
          </Parent>
        </Code>
        <Code id="041017" urn="urn:sdmx:org.sdmx.infomodel.codelist.Code=IT1:CL_REFAREA(1.2).041017">
          <Name xml:lang="it" xmlns="http://www.sdmx.org/resources/sdmxml/schemas/v2_1/common">Frontino</Name>
          <Name xml:lang="en" xmlns="http://www.sdmx.org/resources/sdmxml/schemas/v2_1/common">Frontino</Name>
          <Parent>
            <Ref id="ITE31" xmlns="" />
          </Parent>
        </Code>
        <Code id="041018" urn="urn:sdmx:org.sdmx.infomodel.codelist.Code=IT1:CL_REFAREA(1.2).041018">
          <Name xml:lang="it" xmlns="http://www.sdmx.org/resources/sdmxml/schemas/v2_1/common">Frontone</Name>
          <Name xml:lang="en" xmlns="http://www.sdmx.org/resources/sdmxml/schemas/v2_1/common">Frontone</Name>
          <Parent>
            <Ref id="ITE31" xmlns="" />
          </Parent>
        </Code>
        <Code id="041019" urn="urn:sdmx:org.sdmx.infomodel.codelist.Code=IT1:CL_REFAREA(1.2).041019">
          <Name xml:lang="it" xmlns="http://www.sdmx.org/resources/sdmxml/schemas/v2_1/common">Gabicce Mare</Name>
          <Name xml:lang="en" xmlns="http://www.sdmx.org/resources/sdmxml/schemas/v2_1/common">Gabicce Mare</Name>
          <Parent>
            <Ref id="ITE31" xmlns="" />
          </Parent>
        </Code>
        <Code id="041020" urn="urn:sdmx:org.sdmx.infomodel.codelist.Code=IT1:CL_REFAREA(1.2).041020">
          <Name xml:lang="it" xmlns="http://www.sdmx.org/resources/sdmxml/schemas/v2_1/common">Gradara</Name>
          <Name xml:lang="en" xmlns="http://www.sdmx.org/resources/sdmxml/schemas/v2_1/common">Gradara</Name>
          <Parent>
            <Ref id="ITE31" xmlns="" />
          </Parent>
        </Code>
        <Code id="041021" urn="urn:sdmx:org.sdmx.infomodel.codelist.Code=IT1:CL_REFAREA(1.2).041021">
          <Name xml:lang="it" xmlns="http://www.sdmx.org/resources/sdmxml/schemas/v2_1/common">Isola del Piano</Name>
          <Name xml:lang="en" xmlns="http://www.sdmx.org/resources/sdmxml/schemas/v2_1/common">Isola del Piano</Name>
          <Parent>
            <Ref id="ITE31" xmlns="" />
          </Parent>
        </Code>
        <Code id="041022" urn="urn:sdmx:org.sdmx.infomodel.codelist.Code=IT1:CL_REFAREA(1.2).041022">
          <Name xml:lang="it" xmlns="http://www.sdmx.org/resources/sdmxml/schemas/v2_1/common">Lunano</Name>
          <Name xml:lang="en" xmlns="http://www.sdmx.org/resources/sdmxml/schemas/v2_1/common">Lunano</Name>
          <Parent>
            <Ref id="ITE31" xmlns="" />
          </Parent>
        </Code>
        <Code id="041023" urn="urn:sdmx:org.sdmx.infomodel.codelist.Code=IT1:CL_REFAREA(1.2).041023">
          <Name xml:lang="it" xmlns="http://www.sdmx.org/resources/sdmxml/schemas/v2_1/common">Macerata Feltria</Name>
          <Name xml:lang="en" xmlns="http://www.sdmx.org/resources/sdmxml/schemas/v2_1/common">Macerata Feltria</Name>
          <Parent>
            <Ref id="ITE31" xmlns="" />
          </Parent>
        </Code>
        <Code id="041024" urn="urn:sdmx:org.sdmx.infomodel.codelist.Code=IT1:CL_REFAREA(1.2).041024">
          <Name xml:lang="it" xmlns="http://www.sdmx.org/resources/sdmxml/schemas/v2_1/common">Maiolo</Name>
          <Name xml:lang="en" xmlns="http://www.sdmx.org/resources/sdmxml/schemas/v2_1/common">Maiolo</Name>
          <Parent>
            <Ref id="ITE31" xmlns="" />
          </Parent>
        </Code>
        <Code id="041025" urn="urn:sdmx:org.sdmx.infomodel.codelist.Code=IT1:CL_REFAREA(1.2).041025">
          <Name xml:lang="it" xmlns="http://www.sdmx.org/resources/sdmxml/schemas/v2_1/common">Mercatello sul Metauro</Name>
          <Name xml:lang="en" xmlns="http://www.sdmx.org/resources/sdmxml/schemas/v2_1/common">Mercatello sul Metauro</Name>
          <Parent>
            <Ref id="ITE31" xmlns="" />
          </Parent>
        </Code>
        <Code id="041026" urn="urn:sdmx:org.sdmx.infomodel.codelist.Code=IT1:CL_REFAREA(1.2).041026">
          <Name xml:lang="it" xmlns="http://www.sdmx.org/resources/sdmxml/schemas/v2_1/common">Mercatino Conca</Name>
          <Name xml:lang="en" xmlns="http://www.sdmx.org/resources/sdmxml/schemas/v2_1/common">Mercatino Conca</Name>
          <Parent>
            <Ref id="ITE31" xmlns="" />
          </Parent>
        </Code>
        <Code id="041027" urn="urn:sdmx:org.sdmx.infomodel.codelist.Code=IT1:CL_REFAREA(1.2).041027">
          <Name xml:lang="it" xmlns="http://www.sdmx.org/resources/sdmxml/schemas/v2_1/common">Mombaroccio</Name>
          <Name xml:lang="en" xmlns="http://www.sdmx.org/resources/sdmxml/schemas/v2_1/common">Mombaroccio</Name>
          <Parent>
            <Ref id="ITE31" xmlns="" />
          </Parent>
        </Code>
        <Code id="041028" urn="urn:sdmx:org.sdmx.infomodel.codelist.Code=IT1:CL_REFAREA(1.2).041028">
          <Name xml:lang="it" xmlns="http://www.sdmx.org/resources/sdmxml/schemas/v2_1/common">Mondavio</Name>
          <Name xml:lang="en" xmlns="http://www.sdmx.org/resources/sdmxml/schemas/v2_1/common">Mondavio</Name>
          <Parent>
            <Ref id="ITE31" xmlns="" />
          </Parent>
        </Code>
        <Code id="041029" urn="urn:sdmx:org.sdmx.infomodel.codelist.Code=IT1:CL_REFAREA(1.2).041029">
          <Name xml:lang="it" xmlns="http://www.sdmx.org/resources/sdmxml/schemas/v2_1/common">Mondolfo</Name>
          <Name xml:lang="en" xmlns="http://www.sdmx.org/resources/sdmxml/schemas/v2_1/common">Mondolfo</Name>
          <Parent>
            <Ref id="ITE31" xmlns="" />
          </Parent>
        </Code>
        <Code id="041030" urn="urn:sdmx:org.sdmx.infomodel.codelist.Code=IT1:CL_REFAREA(1.2).041030">
          <Name xml:lang="it" xmlns="http://www.sdmx.org/resources/sdmxml/schemas/v2_1/common">Montecalvo in Foglia</Name>
          <Name xml:lang="en" xmlns="http://www.sdmx.org/resources/sdmxml/schemas/v2_1/common">Montecalvo in Foglia</Name>
          <Parent>
            <Ref id="ITE31" xmlns="" />
          </Parent>
        </Code>
        <Code id="041031" urn="urn:sdmx:org.sdmx.infomodel.codelist.Code=IT1:CL_REFAREA(1.2).041031">
          <Name xml:lang="it" xmlns="http://www.sdmx.org/resources/sdmxml/schemas/v2_1/common">Monte Cerignone</Name>
          <Name xml:lang="en" xmlns="http://www.sdmx.org/resources/sdmxml/schemas/v2_1/common">Monte Cerignone</Name>
          <Parent>
            <Ref id="ITE31" xmlns="" />
          </Parent>
        </Code>
        <Code id="041032" urn="urn:sdmx:org.sdmx.infomodel.codelist.Code=IT1:CL_REFAREA(1.2).041032">
          <Name xml:lang="it" xmlns="http://www.sdmx.org/resources/sdmxml/schemas/v2_1/common">Monteciccardo</Name>
          <Name xml:lang="en" xmlns="http://www.sdmx.org/resources/sdmxml/schemas/v2_1/common">Monteciccardo</Name>
          <Parent>
            <Ref id="ITE31" xmlns="" />
          </Parent>
        </Code>
        <Code id="041033" urn="urn:sdmx:org.sdmx.infomodel.codelist.Code=IT1:CL_REFAREA(1.2).041033">
          <Name xml:lang="it" xmlns="http://www.sdmx.org/resources/sdmxml/schemas/v2_1/common">Montecopiolo</Name>
          <Name xml:lang="en" xmlns="http://www.sdmx.org/resources/sdmxml/schemas/v2_1/common">Montecopiolo</Name>
          <Parent>
            <Ref id="ITE31" xmlns="" />
          </Parent>
        </Code>
        <Code id="041034" urn="urn:sdmx:org.sdmx.infomodel.codelist.Code=IT1:CL_REFAREA(1.2).041034">
          <Name xml:lang="it" xmlns="http://www.sdmx.org/resources/sdmxml/schemas/v2_1/common">Montefelcino</Name>
          <Name xml:lang="en" xmlns="http://www.sdmx.org/resources/sdmxml/schemas/v2_1/common">Montefelcino</Name>
          <Parent>
            <Ref id="ITE31" xmlns="" />
          </Parent>
        </Code>
        <Code id="041035" urn="urn:sdmx:org.sdmx.infomodel.codelist.Code=IT1:CL_REFAREA(1.2).041035">
          <Name xml:lang="it" xmlns="http://www.sdmx.org/resources/sdmxml/schemas/v2_1/common">Monte Grimano Terme</Name>
          <Name xml:lang="en" xmlns="http://www.sdmx.org/resources/sdmxml/schemas/v2_1/common">Monte Grimano Terme</Name>
          <Parent>
            <Ref id="ITE31" xmlns="" />
          </Parent>
        </Code>
        <Code id="041036" urn="urn:sdmx:org.sdmx.infomodel.codelist.Code=IT1:CL_REFAREA(1.2).041036">
          <Name xml:lang="it" xmlns="http://www.sdmx.org/resources/sdmxml/schemas/v2_1/common">Montelabbate</Name>
          <Name xml:lang="en" xmlns="http://www.sdmx.org/resources/sdmxml/schemas/v2_1/common">Montelabbate</Name>
          <Parent>
            <Ref id="ITE31" xmlns="" />
          </Parent>
        </Code>
        <Code id="041037" urn="urn:sdmx:org.sdmx.infomodel.codelist.Code=IT1:CL_REFAREA(1.2).041037">
          <Name xml:lang="it" xmlns="http://www.sdmx.org/resources/sdmxml/schemas/v2_1/common">Montemaggiore al Metauro</Name>
          <Name xml:lang="en" xmlns="http://www.sdmx.org/resources/sdmxml/schemas/v2_1/common">Montemaggiore al Metauro</Name>
          <Parent>
            <Ref id="ITE31" xmlns="" />
          </Parent>
        </Code>
        <Code id="041038" urn="urn:sdmx:org.sdmx.infomodel.codelist.Code=IT1:CL_REFAREA(1.2).041038">
          <Name xml:lang="it" xmlns="http://www.sdmx.org/resources/sdmxml/schemas/v2_1/common">Monte Porzio</Name>
          <Name xml:lang="en" xmlns="http://www.sdmx.org/resources/sdmxml/schemas/v2_1/common">Monte Porzio</Name>
          <Parent>
            <Ref id="ITE31" xmlns="" />
          </Parent>
        </Code>
        <Code id="041039" urn="urn:sdmx:org.sdmx.infomodel.codelist.Code=IT1:CL_REFAREA(1.2).041039">
          <Name xml:lang="it" xmlns="http://www.sdmx.org/resources/sdmxml/schemas/v2_1/common">Novafeltria</Name>
          <Name xml:lang="en" xmlns="http://www.sdmx.org/resources/sdmxml/schemas/v2_1/common">Novafeltria</Name>
          <Parent>
            <Ref id="ITE31" xmlns="" />
          </Parent>
        </Code>
        <Code id="041040" urn="urn:sdmx:org.sdmx.infomodel.codelist.Code=IT1:CL_REFAREA(1.2).041040">
          <Name xml:lang="it" xmlns="http://www.sdmx.org/resources/sdmxml/schemas/v2_1/common">Orciano di Pesaro</Name>
          <Name xml:lang="en" xmlns="http://www.sdmx.org/resources/sdmxml/schemas/v2_1/common">Orciano di Pesaro</Name>
          <Parent>
            <Ref id="ITE31" xmlns="" />
          </Parent>
        </Code>
        <Code id="041041" urn="urn:sdmx:org.sdmx.infomodel.codelist.Code=IT1:CL_REFAREA(1.2).041041">
          <Name xml:lang="it" xmlns="http://www.sdmx.org/resources/sdmxml/schemas/v2_1/common">Peglio</Name>
          <Name xml:lang="en" xmlns="http://www.sdmx.org/resources/sdmxml/schemas/v2_1/common">Peglio</Name>
          <Parent>
            <Ref id="ITE31" xmlns="" />
          </Parent>
        </Code>
        <Code id="041042" urn="urn:sdmx:org.sdmx.infomodel.codelist.Code=IT1:CL_REFAREA(1.2).041042">
          <Name xml:lang="it" xmlns="http://www.sdmx.org/resources/sdmxml/schemas/v2_1/common">Pennabilli</Name>
          <Name xml:lang="en" xmlns="http://www.sdmx.org/resources/sdmxml/schemas/v2_1/common">Pennabilli</Name>
          <Parent>
            <Ref id="ITE31" xmlns="" />
          </Parent>
        </Code>
        <Code id="041043" urn="urn:sdmx:org.sdmx.infomodel.codelist.Code=IT1:CL_REFAREA(1.2).041043">
          <Name xml:lang="it" xmlns="http://www.sdmx.org/resources/sdmxml/schemas/v2_1/common">Pergola</Name>
          <Name xml:lang="en" xmlns="http://www.sdmx.org/resources/sdmxml/schemas/v2_1/common">Pergola</Name>
          <Parent>
            <Ref id="ITE31" xmlns="" />
          </Parent>
        </Code>
        <Code id="041044" urn="urn:sdmx:org.sdmx.infomodel.codelist.Code=IT1:CL_REFAREA(1.2).041044">
          <Name xml:lang="it" xmlns="http://www.sdmx.org/resources/sdmxml/schemas/v2_1/common">Pesaro</Name>
          <Name xml:lang="en" xmlns="http://www.sdmx.org/resources/sdmxml/schemas/v2_1/common">Pesaro</Name>
          <Parent>
            <Ref id="ITE31" xmlns="" />
          </Parent>
        </Code>
        <Code id="041045" urn="urn:sdmx:org.sdmx.infomodel.codelist.Code=IT1:CL_REFAREA(1.2).041045">
          <Name xml:lang="it" xmlns="http://www.sdmx.org/resources/sdmxml/schemas/v2_1/common">Petriano</Name>
          <Name xml:lang="en" xmlns="http://www.sdmx.org/resources/sdmxml/schemas/v2_1/common">Petriano</Name>
          <Parent>
            <Ref id="ITE31" xmlns="" />
          </Parent>
        </Code>
        <Code id="041046" urn="urn:sdmx:org.sdmx.infomodel.codelist.Code=IT1:CL_REFAREA(1.2).041046">
          <Name xml:lang="it" xmlns="http://www.sdmx.org/resources/sdmxml/schemas/v2_1/common">Piagge</Name>
          <Name xml:lang="en" xmlns="http://www.sdmx.org/resources/sdmxml/schemas/v2_1/common">Piagge</Name>
          <Parent>
            <Ref id="ITE31" xmlns="" />
          </Parent>
        </Code>
        <Code id="041047" urn="urn:sdmx:org.sdmx.infomodel.codelist.Code=IT1:CL_REFAREA(1.2).041047">
          <Name xml:lang="it" xmlns="http://www.sdmx.org/resources/sdmxml/schemas/v2_1/common">Piandimeleto</Name>
          <Name xml:lang="en" xmlns="http://www.sdmx.org/resources/sdmxml/schemas/v2_1/common">Piandimeleto</Name>
          <Parent>
            <Ref id="ITE31" xmlns="" />
          </Parent>
        </Code>
        <Code id="041048" urn="urn:sdmx:org.sdmx.infomodel.codelist.Code=IT1:CL_REFAREA(1.2).041048">
          <Name xml:lang="it" xmlns="http://www.sdmx.org/resources/sdmxml/schemas/v2_1/common">Pietrarubbia</Name>
          <Name xml:lang="en" xmlns="http://www.sdmx.org/resources/sdmxml/schemas/v2_1/common">Pietrarubbia</Name>
          <Parent>
            <Ref id="ITE31" xmlns="" />
          </Parent>
        </Code>
        <Code id="041049" urn="urn:sdmx:org.sdmx.infomodel.codelist.Code=IT1:CL_REFAREA(1.2).041049">
          <Name xml:lang="it" xmlns="http://www.sdmx.org/resources/sdmxml/schemas/v2_1/common">Piobbico</Name>
          <Name xml:lang="en" xmlns="http://www.sdmx.org/resources/sdmxml/schemas/v2_1/common">Piobbico</Name>
          <Parent>
            <Ref id="ITE31" xmlns="" />
          </Parent>
        </Code>
        <Code id="041050" urn="urn:sdmx:org.sdmx.infomodel.codelist.Code=IT1:CL_REFAREA(1.2).041050">
          <Name xml:lang="it" xmlns="http://www.sdmx.org/resources/sdmxml/schemas/v2_1/common">Saltara</Name>
          <Name xml:lang="en" xmlns="http://www.sdmx.org/resources/sdmxml/schemas/v2_1/common">Saltara</Name>
          <Parent>
            <Ref id="ITE31" xmlns="" />
          </Parent>
        </Code>
        <Code id="041051" urn="urn:sdmx:org.sdmx.infomodel.codelist.Code=IT1:CL_REFAREA(1.2).041051">
          <Name xml:lang="it" xmlns="http://www.sdmx.org/resources/sdmxml/schemas/v2_1/common">San Costanzo</Name>
          <Name xml:lang="en" xmlns="http://www.sdmx.org/resources/sdmxml/schemas/v2_1/common">San Costanzo</Name>
          <Parent>
            <Ref id="ITE31" xmlns="" />
          </Parent>
        </Code>
        <Code id="041052" urn="urn:sdmx:org.sdmx.infomodel.codelist.Code=IT1:CL_REFAREA(1.2).041052">
          <Name xml:lang="it" xmlns="http://www.sdmx.org/resources/sdmxml/schemas/v2_1/common">San Giorgio di Pesaro</Name>
          <Name xml:lang="en" xmlns="http://www.sdmx.org/resources/sdmxml/schemas/v2_1/common">San Giorgio di Pesaro</Name>
          <Parent>
            <Ref id="ITE31" xmlns="" />
          </Parent>
        </Code>
        <Code id="041053" urn="urn:sdmx:org.sdmx.infomodel.codelist.Code=IT1:CL_REFAREA(1.2).041053">
          <Name xml:lang="it" xmlns="http://www.sdmx.org/resources/sdmxml/schemas/v2_1/common">San Leo</Name>
          <Name xml:lang="en" xmlns="http://www.sdmx.org/resources/sdmxml/schemas/v2_1/common">San Leo</Name>
          <Parent>
            <Ref id="ITE31" xmlns="" />
          </Parent>
        </Code>
        <Code id="041054" urn="urn:sdmx:org.sdmx.infomodel.codelist.Code=IT1:CL_REFAREA(1.2).041054">
          <Name xml:lang="it" xmlns="http://www.sdmx.org/resources/sdmxml/schemas/v2_1/common">San Lorenzo in Campo</Name>
          <Name xml:lang="en" xmlns="http://www.sdmx.org/resources/sdmxml/schemas/v2_1/common">San Lorenzo in Campo</Name>
          <Parent>
            <Ref id="ITE31" xmlns="" />
          </Parent>
        </Code>
        <Code id="041055" urn="urn:sdmx:org.sdmx.infomodel.codelist.Code=IT1:CL_REFAREA(1.2).041055">
          <Name xml:lang="it" xmlns="http://www.sdmx.org/resources/sdmxml/schemas/v2_1/common">Sant'Agata Feltria</Name>
          <Name xml:lang="en" xmlns="http://www.sdmx.org/resources/sdmxml/schemas/v2_1/common">Sant'Agata Feltria</Name>
          <Parent>
            <Ref id="ITE31" xmlns="" />
          </Parent>
        </Code>
        <Code id="041056" urn="urn:sdmx:org.sdmx.infomodel.codelist.Code=IT1:CL_REFAREA(1.2).041056">
          <Name xml:lang="it" xmlns="http://www.sdmx.org/resources/sdmxml/schemas/v2_1/common">Sant'Angelo in Lizzola</Name>
          <Name xml:lang="en" xmlns="http://www.sdmx.org/resources/sdmxml/schemas/v2_1/common">Sant'Angelo in Lizzola</Name>
          <Parent>
            <Ref id="ITE31" xmlns="" />
          </Parent>
        </Code>
        <Code id="041057" urn="urn:sdmx:org.sdmx.infomodel.codelist.Code=IT1:CL_REFAREA(1.2).041057">
          <Name xml:lang="it" xmlns="http://www.sdmx.org/resources/sdmxml/schemas/v2_1/common">Sant'Angelo in Vado</Name>
          <Name xml:lang="en" xmlns="http://www.sdmx.org/resources/sdmxml/schemas/v2_1/common">Sant'Angelo in Vado</Name>
          <Parent>
            <Ref id="ITE31" xmlns="" />
          </Parent>
        </Code>
        <Code id="041058" urn="urn:sdmx:org.sdmx.infomodel.codelist.Code=IT1:CL_REFAREA(1.2).041058">
          <Name xml:lang="it" xmlns="http://www.sdmx.org/resources/sdmxml/schemas/v2_1/common">Sant'Ippolito</Name>
          <Name xml:lang="en" xmlns="http://www.sdmx.org/resources/sdmxml/schemas/v2_1/common">Sant'Ippolito</Name>
          <Parent>
            <Ref id="ITE31" xmlns="" />
          </Parent>
        </Code>
        <Code id="041059" urn="urn:sdmx:org.sdmx.infomodel.codelist.Code=IT1:CL_REFAREA(1.2).041059">
          <Name xml:lang="it" xmlns="http://www.sdmx.org/resources/sdmxml/schemas/v2_1/common">Sassocorvaro</Name>
          <Name xml:lang="en" xmlns="http://www.sdmx.org/resources/sdmxml/schemas/v2_1/common">Sassocorvaro</Name>
          <Parent>
            <Ref id="ITE31" xmlns="" />
          </Parent>
        </Code>
        <Code id="041060" urn="urn:sdmx:org.sdmx.infomodel.codelist.Code=IT1:CL_REFAREA(1.2).041060">
          <Name xml:lang="it" xmlns="http://www.sdmx.org/resources/sdmxml/schemas/v2_1/common">Sassofeltrio</Name>
          <Name xml:lang="en" xmlns="http://www.sdmx.org/resources/sdmxml/schemas/v2_1/common">Sassofeltrio</Name>
          <Parent>
            <Ref id="ITE31" xmlns="" />
          </Parent>
        </Code>
        <Code id="041061" urn="urn:sdmx:org.sdmx.infomodel.codelist.Code=IT1:CL_REFAREA(1.2).041061">
          <Name xml:lang="it" xmlns="http://www.sdmx.org/resources/sdmxml/schemas/v2_1/common">Serra Sant'Abbondio</Name>
          <Name xml:lang="en" xmlns="http://www.sdmx.org/resources/sdmxml/schemas/v2_1/common">Serra Sant'Abbondio</Name>
          <Parent>
            <Ref id="ITE31" xmlns="" />
          </Parent>
        </Code>
        <Code id="041062" urn="urn:sdmx:org.sdmx.infomodel.codelist.Code=IT1:CL_REFAREA(1.2).041062">
          <Name xml:lang="it" xmlns="http://www.sdmx.org/resources/sdmxml/schemas/v2_1/common">Serrungarina</Name>
          <Name xml:lang="en" xmlns="http://www.sdmx.org/resources/sdmxml/schemas/v2_1/common">Serrungarina</Name>
          <Parent>
            <Ref id="ITE31" xmlns="" />
          </Parent>
        </Code>
        <Code id="041063" urn="urn:sdmx:org.sdmx.infomodel.codelist.Code=IT1:CL_REFAREA(1.2).041063">
          <Name xml:lang="it" xmlns="http://www.sdmx.org/resources/sdmxml/schemas/v2_1/common">Talamello</Name>
          <Name xml:lang="en" xmlns="http://www.sdmx.org/resources/sdmxml/schemas/v2_1/common">Talamello</Name>
          <Parent>
            <Ref id="ITE31" xmlns="" />
          </Parent>
        </Code>
        <Code id="041064" urn="urn:sdmx:org.sdmx.infomodel.codelist.Code=IT1:CL_REFAREA(1.2).041064">
          <Name xml:lang="it" xmlns="http://www.sdmx.org/resources/sdmxml/schemas/v2_1/common">Tavoleto</Name>
          <Name xml:lang="en" xmlns="http://www.sdmx.org/resources/sdmxml/schemas/v2_1/common">Tavoleto</Name>
          <Parent>
            <Ref id="ITE31" xmlns="" />
          </Parent>
        </Code>
        <Code id="041065" urn="urn:sdmx:org.sdmx.infomodel.codelist.Code=IT1:CL_REFAREA(1.2).041065">
          <Name xml:lang="it" xmlns="http://www.sdmx.org/resources/sdmxml/schemas/v2_1/common">Tavullia</Name>
          <Name xml:lang="en" xmlns="http://www.sdmx.org/resources/sdmxml/schemas/v2_1/common">Tavullia</Name>
          <Parent>
            <Ref id="ITE31" xmlns="" />
          </Parent>
        </Code>
        <Code id="041066" urn="urn:sdmx:org.sdmx.infomodel.codelist.Code=IT1:CL_REFAREA(1.2).041066">
          <Name xml:lang="it" xmlns="http://www.sdmx.org/resources/sdmxml/schemas/v2_1/common">Urbania</Name>
          <Name xml:lang="en" xmlns="http://www.sdmx.org/resources/sdmxml/schemas/v2_1/common">Urbania</Name>
          <Parent>
            <Ref id="ITE31" xmlns="" />
          </Parent>
        </Code>
        <Code id="041067" urn="urn:sdmx:org.sdmx.infomodel.codelist.Code=IT1:CL_REFAREA(1.2).041067">
          <Name xml:lang="it" xmlns="http://www.sdmx.org/resources/sdmxml/schemas/v2_1/common">Urbino</Name>
          <Name xml:lang="en" xmlns="http://www.sdmx.org/resources/sdmxml/schemas/v2_1/common">Urbino</Name>
          <Parent>
            <Ref id="ITE31" xmlns="" />
          </Parent>
        </Code>
        <Code id="042001" urn="urn:sdmx:org.sdmx.infomodel.codelist.Code=IT1:CL_REFAREA(1.2).042001">
          <Name xml:lang="it" xmlns="http://www.sdmx.org/resources/sdmxml/schemas/v2_1/common">Agugliano</Name>
          <Name xml:lang="en" xmlns="http://www.sdmx.org/resources/sdmxml/schemas/v2_1/common">Agugliano</Name>
          <Parent>
            <Ref id="ITE32" xmlns="" />
          </Parent>
        </Code>
        <Code id="042002" urn="urn:sdmx:org.sdmx.infomodel.codelist.Code=IT1:CL_REFAREA(1.2).042002">
          <Name xml:lang="it" xmlns="http://www.sdmx.org/resources/sdmxml/schemas/v2_1/common">Ancona</Name>
          <Name xml:lang="en" xmlns="http://www.sdmx.org/resources/sdmxml/schemas/v2_1/common">Ancona</Name>
          <Parent>
            <Ref id="ITE32" xmlns="" />
          </Parent>
        </Code>
        <Code id="042003" urn="urn:sdmx:org.sdmx.infomodel.codelist.Code=IT1:CL_REFAREA(1.2).042003">
          <Name xml:lang="it" xmlns="http://www.sdmx.org/resources/sdmxml/schemas/v2_1/common">Arcevia</Name>
          <Name xml:lang="en" xmlns="http://www.sdmx.org/resources/sdmxml/schemas/v2_1/common">Arcevia</Name>
          <Parent>
            <Ref id="ITE32" xmlns="" />
          </Parent>
        </Code>
        <Code id="042004" urn="urn:sdmx:org.sdmx.infomodel.codelist.Code=IT1:CL_REFAREA(1.2).042004">
          <Name xml:lang="it" xmlns="http://www.sdmx.org/resources/sdmxml/schemas/v2_1/common">Barbara</Name>
          <Name xml:lang="en" xmlns="http://www.sdmx.org/resources/sdmxml/schemas/v2_1/common">Barbara</Name>
          <Parent>
            <Ref id="ITE32" xmlns="" />
          </Parent>
        </Code>
        <Code id="042005" urn="urn:sdmx:org.sdmx.infomodel.codelist.Code=IT1:CL_REFAREA(1.2).042005">
          <Name xml:lang="it" xmlns="http://www.sdmx.org/resources/sdmxml/schemas/v2_1/common">Belvedere Ostrense</Name>
          <Name xml:lang="en" xmlns="http://www.sdmx.org/resources/sdmxml/schemas/v2_1/common">Belvedere Ostrense</Name>
          <Parent>
            <Ref id="ITE32" xmlns="" />
          </Parent>
        </Code>
        <Code id="042006" urn="urn:sdmx:org.sdmx.infomodel.codelist.Code=IT1:CL_REFAREA(1.2).042006">
          <Name xml:lang="it" xmlns="http://www.sdmx.org/resources/sdmxml/schemas/v2_1/common">Camerano</Name>
          <Name xml:lang="en" xmlns="http://www.sdmx.org/resources/sdmxml/schemas/v2_1/common">Camerano</Name>
          <Parent>
            <Ref id="ITE32" xmlns="" />
          </Parent>
        </Code>
        <Code id="042007" urn="urn:sdmx:org.sdmx.infomodel.codelist.Code=IT1:CL_REFAREA(1.2).042007">
          <Name xml:lang="it" xmlns="http://www.sdmx.org/resources/sdmxml/schemas/v2_1/common">Camerata Picena</Name>
          <Name xml:lang="en" xmlns="http://www.sdmx.org/resources/sdmxml/schemas/v2_1/common">Camerata Picena</Name>
          <Parent>
            <Ref id="ITE32" xmlns="" />
          </Parent>
        </Code>
        <Code id="042008" urn="urn:sdmx:org.sdmx.infomodel.codelist.Code=IT1:CL_REFAREA(1.2).042008">
          <Name xml:lang="it" xmlns="http://www.sdmx.org/resources/sdmxml/schemas/v2_1/common">Castelbellino</Name>
          <Name xml:lang="en" xmlns="http://www.sdmx.org/resources/sdmxml/schemas/v2_1/common">Castelbellino</Name>
          <Parent>
            <Ref id="ITE32" xmlns="" />
          </Parent>
        </Code>
        <Code id="042009" urn="urn:sdmx:org.sdmx.infomodel.codelist.Code=IT1:CL_REFAREA(1.2).042009">
          <Name xml:lang="it" xmlns="http://www.sdmx.org/resources/sdmxml/schemas/v2_1/common">Castel Colonna</Name>
          <Name xml:lang="en" xmlns="http://www.sdmx.org/resources/sdmxml/schemas/v2_1/common">Castel Colonna</Name>
          <Parent>
            <Ref id="ITE32" xmlns="" />
          </Parent>
        </Code>
        <Code id="042010" urn="urn:sdmx:org.sdmx.infomodel.codelist.Code=IT1:CL_REFAREA(1.2).042010">
          <Name xml:lang="it" xmlns="http://www.sdmx.org/resources/sdmxml/schemas/v2_1/common">Castelfidardo</Name>
          <Name xml:lang="en" xmlns="http://www.sdmx.org/resources/sdmxml/schemas/v2_1/common">Castelfidardo</Name>
          <Parent>
            <Ref id="ITE32" xmlns="" />
          </Parent>
        </Code>
        <Code id="042011" urn="urn:sdmx:org.sdmx.infomodel.codelist.Code=IT1:CL_REFAREA(1.2).042011">
          <Name xml:lang="it" xmlns="http://www.sdmx.org/resources/sdmxml/schemas/v2_1/common">Castelleone di Suasa</Name>
          <Name xml:lang="en" xmlns="http://www.sdmx.org/resources/sdmxml/schemas/v2_1/common">Castelleone di Suasa</Name>
          <Parent>
            <Ref id="ITE32" xmlns="" />
          </Parent>
        </Code>
        <Code id="042012" urn="urn:sdmx:org.sdmx.infomodel.codelist.Code=IT1:CL_REFAREA(1.2).042012">
          <Name xml:lang="it" xmlns="http://www.sdmx.org/resources/sdmxml/schemas/v2_1/common">Castelplanio</Name>
          <Name xml:lang="en" xmlns="http://www.sdmx.org/resources/sdmxml/schemas/v2_1/common">Castelplanio</Name>
          <Parent>
            <Ref id="ITE32" xmlns="" />
          </Parent>
        </Code>
        <Code id="042013" urn="urn:sdmx:org.sdmx.infomodel.codelist.Code=IT1:CL_REFAREA(1.2).042013">
          <Name xml:lang="it" xmlns="http://www.sdmx.org/resources/sdmxml/schemas/v2_1/common">Cerreto d'Esi</Name>
          <Name xml:lang="en" xmlns="http://www.sdmx.org/resources/sdmxml/schemas/v2_1/common">Cerreto d'Esi</Name>
          <Parent>
            <Ref id="ITE32" xmlns="" />
          </Parent>
        </Code>
        <Code id="042014" urn="urn:sdmx:org.sdmx.infomodel.codelist.Code=IT1:CL_REFAREA(1.2).042014">
          <Name xml:lang="it" xmlns="http://www.sdmx.org/resources/sdmxml/schemas/v2_1/common">Chiaravalle</Name>
          <Name xml:lang="en" xmlns="http://www.sdmx.org/resources/sdmxml/schemas/v2_1/common">Chiaravalle</Name>
          <Parent>
            <Ref id="ITE32" xmlns="" />
          </Parent>
        </Code>
        <Code id="042015" urn="urn:sdmx:org.sdmx.infomodel.codelist.Code=IT1:CL_REFAREA(1.2).042015">
          <Name xml:lang="it" xmlns="http://www.sdmx.org/resources/sdmxml/schemas/v2_1/common">Corinaldo</Name>
          <Name xml:lang="en" xmlns="http://www.sdmx.org/resources/sdmxml/schemas/v2_1/common">Corinaldo</Name>
          <Parent>
            <Ref id="ITE32" xmlns="" />
          </Parent>
        </Code>
        <Code id="042016" urn="urn:sdmx:org.sdmx.infomodel.codelist.Code=IT1:CL_REFAREA(1.2).042016">
          <Name xml:lang="it" xmlns="http://www.sdmx.org/resources/sdmxml/schemas/v2_1/common">Cupramontana</Name>
          <Name xml:lang="en" xmlns="http://www.sdmx.org/resources/sdmxml/schemas/v2_1/common">Cupramontana</Name>
          <Parent>
            <Ref id="ITE32" xmlns="" />
          </Parent>
        </Code>
        <Code id="042017" urn="urn:sdmx:org.sdmx.infomodel.codelist.Code=IT1:CL_REFAREA(1.2).042017">
          <Name xml:lang="it" xmlns="http://www.sdmx.org/resources/sdmxml/schemas/v2_1/common">Fabriano</Name>
          <Name xml:lang="en" xmlns="http://www.sdmx.org/resources/sdmxml/schemas/v2_1/common">Fabriano</Name>
          <Parent>
            <Ref id="ITE32" xmlns="" />
          </Parent>
        </Code>
        <Code id="042018" urn="urn:sdmx:org.sdmx.infomodel.codelist.Code=IT1:CL_REFAREA(1.2).042018">
          <Name xml:lang="it" xmlns="http://www.sdmx.org/resources/sdmxml/schemas/v2_1/common">Falconara Marittima</Name>
          <Name xml:lang="en" xmlns="http://www.sdmx.org/resources/sdmxml/schemas/v2_1/common">Falconara Marittima</Name>
          <Parent>
            <Ref id="ITE32" xmlns="" />
          </Parent>
        </Code>
        <Code id="042019" urn="urn:sdmx:org.sdmx.infomodel.codelist.Code=IT1:CL_REFAREA(1.2).042019">
          <Name xml:lang="it" xmlns="http://www.sdmx.org/resources/sdmxml/schemas/v2_1/common">Filottrano</Name>
          <Name xml:lang="en" xmlns="http://www.sdmx.org/resources/sdmxml/schemas/v2_1/common">Filottrano</Name>
          <Parent>
            <Ref id="ITE32" xmlns="" />
          </Parent>
        </Code>
        <Code id="042020" urn="urn:sdmx:org.sdmx.infomodel.codelist.Code=IT1:CL_REFAREA(1.2).042020">
          <Name xml:lang="it" xmlns="http://www.sdmx.org/resources/sdmxml/schemas/v2_1/common">Genga</Name>
          <Name xml:lang="en" xmlns="http://www.sdmx.org/resources/sdmxml/schemas/v2_1/common">Genga</Name>
          <Parent>
            <Ref id="ITE32" xmlns="" />
          </Parent>
        </Code>
        <Code id="042021" urn="urn:sdmx:org.sdmx.infomodel.codelist.Code=IT1:CL_REFAREA(1.2).042021">
          <Name xml:lang="it" xmlns="http://www.sdmx.org/resources/sdmxml/schemas/v2_1/common">Jesi</Name>
          <Name xml:lang="en" xmlns="http://www.sdmx.org/resources/sdmxml/schemas/v2_1/common">Jesi</Name>
          <Parent>
            <Ref id="ITE32" xmlns="" />
          </Parent>
        </Code>
        <Code id="042022" urn="urn:sdmx:org.sdmx.infomodel.codelist.Code=IT1:CL_REFAREA(1.2).042022">
          <Name xml:lang="it" xmlns="http://www.sdmx.org/resources/sdmxml/schemas/v2_1/common">Loreto</Name>
          <Name xml:lang="en" xmlns="http://www.sdmx.org/resources/sdmxml/schemas/v2_1/common">Loreto</Name>
          <Parent>
            <Ref id="ITE32" xmlns="" />
          </Parent>
        </Code>
        <Code id="042023" urn="urn:sdmx:org.sdmx.infomodel.codelist.Code=IT1:CL_REFAREA(1.2).042023">
          <Name xml:lang="it" xmlns="http://www.sdmx.org/resources/sdmxml/schemas/v2_1/common">Maiolati Spontini</Name>
          <Name xml:lang="en" xmlns="http://www.sdmx.org/resources/sdmxml/schemas/v2_1/common">Maiolati Spontini</Name>
          <Parent>
            <Ref id="ITE32" xmlns="" />
          </Parent>
        </Code>
        <Code id="042024" urn="urn:sdmx:org.sdmx.infomodel.codelist.Code=IT1:CL_REFAREA(1.2).042024">
          <Name xml:lang="it" xmlns="http://www.sdmx.org/resources/sdmxml/schemas/v2_1/common">Mergo</Name>
          <Name xml:lang="en" xmlns="http://www.sdmx.org/resources/sdmxml/schemas/v2_1/common">Mergo</Name>
          <Parent>
            <Ref id="ITE32" xmlns="" />
          </Parent>
        </Code>
        <Code id="042025" urn="urn:sdmx:org.sdmx.infomodel.codelist.Code=IT1:CL_REFAREA(1.2).042025">
          <Name xml:lang="it" xmlns="http://www.sdmx.org/resources/sdmxml/schemas/v2_1/common">Monsano</Name>
          <Name xml:lang="en" xmlns="http://www.sdmx.org/resources/sdmxml/schemas/v2_1/common">Monsano</Name>
          <Parent>
            <Ref id="ITE32" xmlns="" />
          </Parent>
        </Code>
        <Code id="042026" urn="urn:sdmx:org.sdmx.infomodel.codelist.Code=IT1:CL_REFAREA(1.2).042026">
          <Name xml:lang="it" xmlns="http://www.sdmx.org/resources/sdmxml/schemas/v2_1/common">Montecarotto</Name>
          <Name xml:lang="en" xmlns="http://www.sdmx.org/resources/sdmxml/schemas/v2_1/common">Montecarotto</Name>
          <Parent>
            <Ref id="ITE32" xmlns="" />
          </Parent>
        </Code>
        <Code id="042027" urn="urn:sdmx:org.sdmx.infomodel.codelist.Code=IT1:CL_REFAREA(1.2).042027">
          <Name xml:lang="it" xmlns="http://www.sdmx.org/resources/sdmxml/schemas/v2_1/common">Montemarciano</Name>
          <Name xml:lang="en" xmlns="http://www.sdmx.org/resources/sdmxml/schemas/v2_1/common">Montemarciano</Name>
          <Parent>
            <Ref id="ITE32" xmlns="" />
          </Parent>
        </Code>
        <Code id="042028" urn="urn:sdmx:org.sdmx.infomodel.codelist.Code=IT1:CL_REFAREA(1.2).042028">
          <Name xml:lang="it" xmlns="http://www.sdmx.org/resources/sdmxml/schemas/v2_1/common">Monterado</Name>
          <Name xml:lang="en" xmlns="http://www.sdmx.org/resources/sdmxml/schemas/v2_1/common">Monterado</Name>
          <Parent>
            <Ref id="ITE32" xmlns="" />
          </Parent>
        </Code>
        <Code id="042029" urn="urn:sdmx:org.sdmx.infomodel.codelist.Code=IT1:CL_REFAREA(1.2).042029">
          <Name xml:lang="it" xmlns="http://www.sdmx.org/resources/sdmxml/schemas/v2_1/common">Monte Roberto</Name>
          <Name xml:lang="en" xmlns="http://www.sdmx.org/resources/sdmxml/schemas/v2_1/common">Monte Roberto</Name>
          <Parent>
            <Ref id="ITE32" xmlns="" />
          </Parent>
        </Code>
        <Code id="042030" urn="urn:sdmx:org.sdmx.infomodel.codelist.Code=IT1:CL_REFAREA(1.2).042030">
          <Name xml:lang="it" xmlns="http://www.sdmx.org/resources/sdmxml/schemas/v2_1/common">Monte San Vito</Name>
          <Name xml:lang="en" xmlns="http://www.sdmx.org/resources/sdmxml/schemas/v2_1/common">Monte San Vito</Name>
          <Parent>
            <Ref id="ITE32" xmlns="" />
          </Parent>
        </Code>
        <Code id="042031" urn="urn:sdmx:org.sdmx.infomodel.codelist.Code=IT1:CL_REFAREA(1.2).042031">
          <Name xml:lang="it" xmlns="http://www.sdmx.org/resources/sdmxml/schemas/v2_1/common">Morro d'Alba</Name>
          <Name xml:lang="en" xmlns="http://www.sdmx.org/resources/sdmxml/schemas/v2_1/common">Morro d'Alba</Name>
          <Parent>
            <Ref id="ITE32" xmlns="" />
          </Parent>
        </Code>
        <Code id="042032" urn="urn:sdmx:org.sdmx.infomodel.codelist.Code=IT1:CL_REFAREA(1.2).042032">
          <Name xml:lang="it" xmlns="http://www.sdmx.org/resources/sdmxml/schemas/v2_1/common">Numana</Name>
          <Name xml:lang="en" xmlns="http://www.sdmx.org/resources/sdmxml/schemas/v2_1/common">Numana</Name>
          <Parent>
            <Ref id="ITE32" xmlns="" />
          </Parent>
        </Code>
        <Code id="042033" urn="urn:sdmx:org.sdmx.infomodel.codelist.Code=IT1:CL_REFAREA(1.2).042033">
          <Name xml:lang="it" xmlns="http://www.sdmx.org/resources/sdmxml/schemas/v2_1/common">Offagna</Name>
          <Name xml:lang="en" xmlns="http://www.sdmx.org/resources/sdmxml/schemas/v2_1/common">Offagna</Name>
          <Parent>
            <Ref id="ITE32" xmlns="" />
          </Parent>
        </Code>
        <Code id="042034" urn="urn:sdmx:org.sdmx.infomodel.codelist.Code=IT1:CL_REFAREA(1.2).042034">
          <Name xml:lang="it" xmlns="http://www.sdmx.org/resources/sdmxml/schemas/v2_1/common">Osimo</Name>
          <Name xml:lang="en" xmlns="http://www.sdmx.org/resources/sdmxml/schemas/v2_1/common">Osimo</Name>
          <Parent>
            <Ref id="ITE32" xmlns="" />
          </Parent>
        </Code>
        <Code id="042035" urn="urn:sdmx:org.sdmx.infomodel.codelist.Code=IT1:CL_REFAREA(1.2).042035">
          <Name xml:lang="it" xmlns="http://www.sdmx.org/resources/sdmxml/schemas/v2_1/common">Ostra</Name>
          <Name xml:lang="en" xmlns="http://www.sdmx.org/resources/sdmxml/schemas/v2_1/common">Ostra</Name>
          <Parent>
            <Ref id="ITE32" xmlns="" />
          </Parent>
        </Code>
        <Code id="042036" urn="urn:sdmx:org.sdmx.infomodel.codelist.Code=IT1:CL_REFAREA(1.2).042036">
          <Name xml:lang="it" xmlns="http://www.sdmx.org/resources/sdmxml/schemas/v2_1/common">Ostra Vetere</Name>
          <Name xml:lang="en" xmlns="http://www.sdmx.org/resources/sdmxml/schemas/v2_1/common">Ostra Vetere</Name>
          <Parent>
            <Ref id="ITE32" xmlns="" />
          </Parent>
        </Code>
        <Code id="042037" urn="urn:sdmx:org.sdmx.infomodel.codelist.Code=IT1:CL_REFAREA(1.2).042037">
          <Name xml:lang="it" xmlns="http://www.sdmx.org/resources/sdmxml/schemas/v2_1/common">Poggio San Marcello</Name>
          <Name xml:lang="en" xmlns="http://www.sdmx.org/resources/sdmxml/schemas/v2_1/common">Poggio San Marcello</Name>
          <Parent>
            <Ref id="ITE32" xmlns="" />
          </Parent>
        </Code>
        <Code id="042038" urn="urn:sdmx:org.sdmx.infomodel.codelist.Code=IT1:CL_REFAREA(1.2).042038">
          <Name xml:lang="it" xmlns="http://www.sdmx.org/resources/sdmxml/schemas/v2_1/common">Polverigi</Name>
          <Name xml:lang="en" xmlns="http://www.sdmx.org/resources/sdmxml/schemas/v2_1/common">Polverigi</Name>
          <Parent>
            <Ref id="ITE32" xmlns="" />
          </Parent>
        </Code>
        <Code id="042039" urn="urn:sdmx:org.sdmx.infomodel.codelist.Code=IT1:CL_REFAREA(1.2).042039">
          <Name xml:lang="it" xmlns="http://www.sdmx.org/resources/sdmxml/schemas/v2_1/common">Ripe</Name>
          <Name xml:lang="en" xmlns="http://www.sdmx.org/resources/sdmxml/schemas/v2_1/common">Ripe</Name>
          <Parent>
            <Ref id="ITE32" xmlns="" />
          </Parent>
        </Code>
        <Code id="042040" urn="urn:sdmx:org.sdmx.infomodel.codelist.Code=IT1:CL_REFAREA(1.2).042040">
          <Name xml:lang="it" xmlns="http://www.sdmx.org/resources/sdmxml/schemas/v2_1/common">Rosora</Name>
          <Name xml:lang="en" xmlns="http://www.sdmx.org/resources/sdmxml/schemas/v2_1/common">Rosora</Name>
          <Parent>
            <Ref id="ITE32" xmlns="" />
          </Parent>
        </Code>
        <Code id="042041" urn="urn:sdmx:org.sdmx.infomodel.codelist.Code=IT1:CL_REFAREA(1.2).042041">
          <Name xml:lang="it" xmlns="http://www.sdmx.org/resources/sdmxml/schemas/v2_1/common">San Marcello</Name>
          <Name xml:lang="en" xmlns="http://www.sdmx.org/resources/sdmxml/schemas/v2_1/common">San Marcello</Name>
          <Parent>
            <Ref id="ITE32" xmlns="" />
          </Parent>
        </Code>
        <Code id="042042" urn="urn:sdmx:org.sdmx.infomodel.codelist.Code=IT1:CL_REFAREA(1.2).042042">
          <Name xml:lang="it" xmlns="http://www.sdmx.org/resources/sdmxml/schemas/v2_1/common">San Paolo di Jesi</Name>
          <Name xml:lang="en" xmlns="http://www.sdmx.org/resources/sdmxml/schemas/v2_1/common">San Paolo di Jesi</Name>
          <Parent>
            <Ref id="ITE32" xmlns="" />
          </Parent>
        </Code>
        <Code id="042043" urn="urn:sdmx:org.sdmx.infomodel.codelist.Code=IT1:CL_REFAREA(1.2).042043">
          <Name xml:lang="it" xmlns="http://www.sdmx.org/resources/sdmxml/schemas/v2_1/common">Santa Maria Nuova</Name>
          <Name xml:lang="en" xmlns="http://www.sdmx.org/resources/sdmxml/schemas/v2_1/common">Santa Maria Nuova</Name>
          <Parent>
            <Ref id="ITE32" xmlns="" />
          </Parent>
        </Code>
        <Code id="042044" urn="urn:sdmx:org.sdmx.infomodel.codelist.Code=IT1:CL_REFAREA(1.2).042044">
          <Name xml:lang="it" xmlns="http://www.sdmx.org/resources/sdmxml/schemas/v2_1/common">Sassoferrato</Name>
          <Name xml:lang="en" xmlns="http://www.sdmx.org/resources/sdmxml/schemas/v2_1/common">Sassoferrato</Name>
          <Parent>
            <Ref id="ITE32" xmlns="" />
          </Parent>
        </Code>
        <Code id="042045" urn="urn:sdmx:org.sdmx.infomodel.codelist.Code=IT1:CL_REFAREA(1.2).042045">
          <Name xml:lang="it" xmlns="http://www.sdmx.org/resources/sdmxml/schemas/v2_1/common">Senigallia</Name>
          <Name xml:lang="en" xmlns="http://www.sdmx.org/resources/sdmxml/schemas/v2_1/common">Senigallia</Name>
          <Parent>
            <Ref id="ITE32" xmlns="" />
          </Parent>
        </Code>
        <Code id="042046" urn="urn:sdmx:org.sdmx.infomodel.codelist.Code=IT1:CL_REFAREA(1.2).042046">
          <Name xml:lang="it" xmlns="http://www.sdmx.org/resources/sdmxml/schemas/v2_1/common">Serra de' Conti</Name>
          <Name xml:lang="en" xmlns="http://www.sdmx.org/resources/sdmxml/schemas/v2_1/common">Serra de' Conti</Name>
          <Parent>
            <Ref id="ITE32" xmlns="" />
          </Parent>
        </Code>
        <Code id="042047" urn="urn:sdmx:org.sdmx.infomodel.codelist.Code=IT1:CL_REFAREA(1.2).042047">
          <Name xml:lang="it" xmlns="http://www.sdmx.org/resources/sdmxml/schemas/v2_1/common">Serra San Quirico</Name>
          <Name xml:lang="en" xmlns="http://www.sdmx.org/resources/sdmxml/schemas/v2_1/common">Serra San Quirico</Name>
          <Parent>
            <Ref id="ITE32" xmlns="" />
          </Parent>
        </Code>
        <Code id="042048" urn="urn:sdmx:org.sdmx.infomodel.codelist.Code=IT1:CL_REFAREA(1.2).042048">
          <Name xml:lang="it" xmlns="http://www.sdmx.org/resources/sdmxml/schemas/v2_1/common">Sirolo</Name>
          <Name xml:lang="en" xmlns="http://www.sdmx.org/resources/sdmxml/schemas/v2_1/common">Sirolo</Name>
          <Parent>
            <Ref id="ITE32" xmlns="" />
          </Parent>
        </Code>
        <Code id="042049" urn="urn:sdmx:org.sdmx.infomodel.codelist.Code=IT1:CL_REFAREA(1.2).042049">
          <Name xml:lang="it" xmlns="http://www.sdmx.org/resources/sdmxml/schemas/v2_1/common">Staffolo</Name>
          <Name xml:lang="en" xmlns="http://www.sdmx.org/resources/sdmxml/schemas/v2_1/common">Staffolo</Name>
          <Parent>
            <Ref id="ITE32" xmlns="" />
          </Parent>
        </Code>
        <Code id="043001" urn="urn:sdmx:org.sdmx.infomodel.codelist.Code=IT1:CL_REFAREA(1.2).043001">
          <Name xml:lang="it" xmlns="http://www.sdmx.org/resources/sdmxml/schemas/v2_1/common">Acquacanina</Name>
          <Name xml:lang="en" xmlns="http://www.sdmx.org/resources/sdmxml/schemas/v2_1/common">Acquacanina</Name>
          <Parent>
            <Ref id="ITE33" xmlns="" />
          </Parent>
        </Code>
        <Code id="043002" urn="urn:sdmx:org.sdmx.infomodel.codelist.Code=IT1:CL_REFAREA(1.2).043002">
          <Name xml:lang="it" xmlns="http://www.sdmx.org/resources/sdmxml/schemas/v2_1/common">Apiro</Name>
          <Name xml:lang="en" xmlns="http://www.sdmx.org/resources/sdmxml/schemas/v2_1/common">Apiro</Name>
          <Parent>
            <Ref id="ITE33" xmlns="" />
          </Parent>
        </Code>
        <Code id="043003" urn="urn:sdmx:org.sdmx.infomodel.codelist.Code=IT1:CL_REFAREA(1.2).043003">
          <Name xml:lang="it" xmlns="http://www.sdmx.org/resources/sdmxml/schemas/v2_1/common">Appignano</Name>
          <Name xml:lang="en" xmlns="http://www.sdmx.org/resources/sdmxml/schemas/v2_1/common">Appignano</Name>
          <Parent>
            <Ref id="ITE33" xmlns="" />
          </Parent>
        </Code>
        <Code id="043004" urn="urn:sdmx:org.sdmx.infomodel.codelist.Code=IT1:CL_REFAREA(1.2).043004">
          <Name xml:lang="it" xmlns="http://www.sdmx.org/resources/sdmxml/schemas/v2_1/common">Belforte del Chienti</Name>
          <Name xml:lang="en" xmlns="http://www.sdmx.org/resources/sdmxml/schemas/v2_1/common">Belforte del Chienti</Name>
          <Parent>
            <Ref id="ITE33" xmlns="" />
          </Parent>
        </Code>
        <Code id="043005" urn="urn:sdmx:org.sdmx.infomodel.codelist.Code=IT1:CL_REFAREA(1.2).043005">
          <Name xml:lang="it" xmlns="http://www.sdmx.org/resources/sdmxml/schemas/v2_1/common">Bolognola</Name>
          <Name xml:lang="en" xmlns="http://www.sdmx.org/resources/sdmxml/schemas/v2_1/common">Bolognola</Name>
          <Parent>
            <Ref id="ITE33" xmlns="" />
          </Parent>
        </Code>
        <Code id="043006" urn="urn:sdmx:org.sdmx.infomodel.codelist.Code=IT1:CL_REFAREA(1.2).043006">
          <Name xml:lang="it" xmlns="http://www.sdmx.org/resources/sdmxml/schemas/v2_1/common">Caldarola</Name>
          <Name xml:lang="en" xmlns="http://www.sdmx.org/resources/sdmxml/schemas/v2_1/common">Caldarola</Name>
          <Parent>
            <Ref id="ITE33" xmlns="" />
          </Parent>
        </Code>
        <Code id="043007" urn="urn:sdmx:org.sdmx.infomodel.codelist.Code=IT1:CL_REFAREA(1.2).043007">
          <Name xml:lang="it" xmlns="http://www.sdmx.org/resources/sdmxml/schemas/v2_1/common">Camerino</Name>
          <Name xml:lang="en" xmlns="http://www.sdmx.org/resources/sdmxml/schemas/v2_1/common">Camerino</Name>
          <Parent>
            <Ref id="ITE33" xmlns="" />
          </Parent>
        </Code>
        <Code id="043008" urn="urn:sdmx:org.sdmx.infomodel.codelist.Code=IT1:CL_REFAREA(1.2).043008">
          <Name xml:lang="it" xmlns="http://www.sdmx.org/resources/sdmxml/schemas/v2_1/common">Camporotondo di Fiastrone</Name>
          <Name xml:lang="en" xmlns="http://www.sdmx.org/resources/sdmxml/schemas/v2_1/common">Camporotondo di Fiastrone</Name>
          <Parent>
            <Ref id="ITE33" xmlns="" />
          </Parent>
        </Code>
        <Code id="043009" urn="urn:sdmx:org.sdmx.infomodel.codelist.Code=IT1:CL_REFAREA(1.2).043009">
          <Name xml:lang="it" xmlns="http://www.sdmx.org/resources/sdmxml/schemas/v2_1/common">Castelraimondo</Name>
          <Name xml:lang="en" xmlns="http://www.sdmx.org/resources/sdmxml/schemas/v2_1/common">Castelraimondo</Name>
          <Parent>
            <Ref id="ITE33" xmlns="" />
          </Parent>
        </Code>
        <Code id="043010" urn="urn:sdmx:org.sdmx.infomodel.codelist.Code=IT1:CL_REFAREA(1.2).043010">
          <Name xml:lang="it" xmlns="http://www.sdmx.org/resources/sdmxml/schemas/v2_1/common">Castelsantangelo sul Nera</Name>
          <Name xml:lang="en" xmlns="http://www.sdmx.org/resources/sdmxml/schemas/v2_1/common">Castelsantangelo sul Nera</Name>
          <Parent>
            <Ref id="ITE33" xmlns="" />
          </Parent>
        </Code>
        <Code id="043011" urn="urn:sdmx:org.sdmx.infomodel.codelist.Code=IT1:CL_REFAREA(1.2).043011">
          <Name xml:lang="it" xmlns="http://www.sdmx.org/resources/sdmxml/schemas/v2_1/common">Cessapalombo</Name>
          <Name xml:lang="en" xmlns="http://www.sdmx.org/resources/sdmxml/schemas/v2_1/common">Cessapalombo</Name>
          <Parent>
            <Ref id="ITE33" xmlns="" />
          </Parent>
        </Code>
        <Code id="043012" urn="urn:sdmx:org.sdmx.infomodel.codelist.Code=IT1:CL_REFAREA(1.2).043012">
          <Name xml:lang="it" xmlns="http://www.sdmx.org/resources/sdmxml/schemas/v2_1/common">Cingoli</Name>
          <Name xml:lang="en" xmlns="http://www.sdmx.org/resources/sdmxml/schemas/v2_1/common">Cingoli</Name>
          <Parent>
            <Ref id="ITE33" xmlns="" />
          </Parent>
        </Code>
        <Code id="043013" urn="urn:sdmx:org.sdmx.infomodel.codelist.Code=IT1:CL_REFAREA(1.2).043013">
          <Name xml:lang="it" xmlns="http://www.sdmx.org/resources/sdmxml/schemas/v2_1/common">Civitanova Marche</Name>
          <Name xml:lang="en" xmlns="http://www.sdmx.org/resources/sdmxml/schemas/v2_1/common">Civitanova Marche</Name>
          <Parent>
            <Ref id="ITE33" xmlns="" />
          </Parent>
        </Code>
        <Code id="043014" urn="urn:sdmx:org.sdmx.infomodel.codelist.Code=IT1:CL_REFAREA(1.2).043014">
          <Name xml:lang="it" xmlns="http://www.sdmx.org/resources/sdmxml/schemas/v2_1/common">Colmurano</Name>
          <Name xml:lang="en" xmlns="http://www.sdmx.org/resources/sdmxml/schemas/v2_1/common">Colmurano</Name>
          <Parent>
            <Ref id="ITE33" xmlns="" />
          </Parent>
        </Code>
        <Code id="043015" urn="urn:sdmx:org.sdmx.infomodel.codelist.Code=IT1:CL_REFAREA(1.2).043015">
          <Name xml:lang="it" xmlns="http://www.sdmx.org/resources/sdmxml/schemas/v2_1/common">Corridonia</Name>
          <Name xml:lang="en" xmlns="http://www.sdmx.org/resources/sdmxml/schemas/v2_1/common">Corridonia</Name>
          <Parent>
            <Ref id="ITE33" xmlns="" />
          </Parent>
        </Code>
        <Code id="043016" urn="urn:sdmx:org.sdmx.infomodel.codelist.Code=IT1:CL_REFAREA(1.2).043016">
          <Name xml:lang="it" xmlns="http://www.sdmx.org/resources/sdmxml/schemas/v2_1/common">Esanatoglia</Name>
          <Name xml:lang="en" xmlns="http://www.sdmx.org/resources/sdmxml/schemas/v2_1/common">Esanatoglia</Name>
          <Parent>
            <Ref id="ITE33" xmlns="" />
          </Parent>
        </Code>
        <Code id="043017" urn="urn:sdmx:org.sdmx.infomodel.codelist.Code=IT1:CL_REFAREA(1.2).043017">
          <Name xml:lang="it" xmlns="http://www.sdmx.org/resources/sdmxml/schemas/v2_1/common">Fiastra</Name>
          <Name xml:lang="en" xmlns="http://www.sdmx.org/resources/sdmxml/schemas/v2_1/common">Fiastra</Name>
          <Parent>
            <Ref id="ITE33" xmlns="" />
          </Parent>
        </Code>
        <Code id="043018" urn="urn:sdmx:org.sdmx.infomodel.codelist.Code=IT1:CL_REFAREA(1.2).043018">
          <Name xml:lang="it" xmlns="http://www.sdmx.org/resources/sdmxml/schemas/v2_1/common">Fiordimonte</Name>
          <Name xml:lang="en" xmlns="http://www.sdmx.org/resources/sdmxml/schemas/v2_1/common">Fiordimonte</Name>
          <Parent>
            <Ref id="ITE33" xmlns="" />
          </Parent>
        </Code>
        <Code id="043019" urn="urn:sdmx:org.sdmx.infomodel.codelist.Code=IT1:CL_REFAREA(1.2).043019">
          <Name xml:lang="it" xmlns="http://www.sdmx.org/resources/sdmxml/schemas/v2_1/common">Fiuminata</Name>
          <Name xml:lang="en" xmlns="http://www.sdmx.org/resources/sdmxml/schemas/v2_1/common">Fiuminata</Name>
          <Parent>
            <Ref id="ITE33" xmlns="" />
          </Parent>
        </Code>
        <Code id="043020" urn="urn:sdmx:org.sdmx.infomodel.codelist.Code=IT1:CL_REFAREA(1.2).043020">
          <Name xml:lang="it" xmlns="http://www.sdmx.org/resources/sdmxml/schemas/v2_1/common">Gagliole</Name>
          <Name xml:lang="en" xmlns="http://www.sdmx.org/resources/sdmxml/schemas/v2_1/common">Gagliole</Name>
          <Parent>
            <Ref id="ITE33" xmlns="" />
          </Parent>
        </Code>
        <Code id="043021" urn="urn:sdmx:org.sdmx.infomodel.codelist.Code=IT1:CL_REFAREA(1.2).043021">
          <Name xml:lang="it" xmlns="http://www.sdmx.org/resources/sdmxml/schemas/v2_1/common">Gualdo</Name>
          <Name xml:lang="en" xmlns="http://www.sdmx.org/resources/sdmxml/schemas/v2_1/common">Gualdo</Name>
          <Parent>
            <Ref id="ITE33" xmlns="" />
          </Parent>
        </Code>
        <Code id="043022" urn="urn:sdmx:org.sdmx.infomodel.codelist.Code=IT1:CL_REFAREA(1.2).043022">
          <Name xml:lang="it" xmlns="http://www.sdmx.org/resources/sdmxml/schemas/v2_1/common">Loro Piceno</Name>
          <Name xml:lang="en" xmlns="http://www.sdmx.org/resources/sdmxml/schemas/v2_1/common">Loro Piceno</Name>
          <Parent>
            <Ref id="ITE33" xmlns="" />
          </Parent>
        </Code>
        <Code id="043023" urn="urn:sdmx:org.sdmx.infomodel.codelist.Code=IT1:CL_REFAREA(1.2).043023">
          <Name xml:lang="it" xmlns="http://www.sdmx.org/resources/sdmxml/schemas/v2_1/common">Macerata</Name>
          <Name xml:lang="en" xmlns="http://www.sdmx.org/resources/sdmxml/schemas/v2_1/common">Macerata</Name>
          <Parent>
            <Ref id="ITE33" xmlns="" />
          </Parent>
        </Code>
        <Code id="043024" urn="urn:sdmx:org.sdmx.infomodel.codelist.Code=IT1:CL_REFAREA(1.2).043024">
          <Name xml:lang="it" xmlns="http://www.sdmx.org/resources/sdmxml/schemas/v2_1/common">Matelica</Name>
          <Name xml:lang="en" xmlns="http://www.sdmx.org/resources/sdmxml/schemas/v2_1/common">Matelica</Name>
          <Parent>
            <Ref id="ITE33" xmlns="" />
          </Parent>
        </Code>
        <Code id="043025" urn="urn:sdmx:org.sdmx.infomodel.codelist.Code=IT1:CL_REFAREA(1.2).043025">
          <Name xml:lang="it" xmlns="http://www.sdmx.org/resources/sdmxml/schemas/v2_1/common">Mogliano</Name>
          <Name xml:lang="en" xmlns="http://www.sdmx.org/resources/sdmxml/schemas/v2_1/common">Mogliano</Name>
          <Parent>
            <Ref id="ITE33" xmlns="" />
          </Parent>
        </Code>
        <Code id="043026" urn="urn:sdmx:org.sdmx.infomodel.codelist.Code=IT1:CL_REFAREA(1.2).043026">
          <Name xml:lang="it" xmlns="http://www.sdmx.org/resources/sdmxml/schemas/v2_1/common">Montecassiano</Name>
          <Name xml:lang="en" xmlns="http://www.sdmx.org/resources/sdmxml/schemas/v2_1/common">Montecassiano</Name>
          <Parent>
            <Ref id="ITE33" xmlns="" />
          </Parent>
        </Code>
        <Code id="043027" urn="urn:sdmx:org.sdmx.infomodel.codelist.Code=IT1:CL_REFAREA(1.2).043027">
          <Name xml:lang="it" xmlns="http://www.sdmx.org/resources/sdmxml/schemas/v2_1/common">Monte Cavallo</Name>
          <Name xml:lang="en" xmlns="http://www.sdmx.org/resources/sdmxml/schemas/v2_1/common">Monte Cavallo</Name>
          <Parent>
            <Ref id="ITE33" xmlns="" />
          </Parent>
        </Code>
        <Code id="043028" urn="urn:sdmx:org.sdmx.infomodel.codelist.Code=IT1:CL_REFAREA(1.2).043028">
          <Name xml:lang="it" xmlns="http://www.sdmx.org/resources/sdmxml/schemas/v2_1/common">Montecosaro</Name>
          <Name xml:lang="en" xmlns="http://www.sdmx.org/resources/sdmxml/schemas/v2_1/common">Montecosaro</Name>
          <Parent>
            <Ref id="ITE33" xmlns="" />
          </Parent>
        </Code>
        <Code id="043029" urn="urn:sdmx:org.sdmx.infomodel.codelist.Code=IT1:CL_REFAREA(1.2).043029">
          <Name xml:lang="it" xmlns="http://www.sdmx.org/resources/sdmxml/schemas/v2_1/common">Montefano</Name>
          <Name xml:lang="en" xmlns="http://www.sdmx.org/resources/sdmxml/schemas/v2_1/common">Montefano</Name>
          <Parent>
            <Ref id="ITE33" xmlns="" />
          </Parent>
        </Code>
        <Code id="043030" urn="urn:sdmx:org.sdmx.infomodel.codelist.Code=IT1:CL_REFAREA(1.2).043030">
          <Name xml:lang="it" xmlns="http://www.sdmx.org/resources/sdmxml/schemas/v2_1/common">Montelupone</Name>
          <Name xml:lang="en" xmlns="http://www.sdmx.org/resources/sdmxml/schemas/v2_1/common">Montelupone</Name>
          <Parent>
            <Ref id="ITE33" xmlns="" />
          </Parent>
        </Code>
        <Code id="043031" urn="urn:sdmx:org.sdmx.infomodel.codelist.Code=IT1:CL_REFAREA(1.2).043031">
          <Name xml:lang="it" xmlns="http://www.sdmx.org/resources/sdmxml/schemas/v2_1/common">Monte San Giusto</Name>
          <Name xml:lang="en" xmlns="http://www.sdmx.org/resources/sdmxml/schemas/v2_1/common">Monte San Giusto</Name>
          <Parent>
            <Ref id="ITE33" xmlns="" />
          </Parent>
        </Code>
        <Code id="043032" urn="urn:sdmx:org.sdmx.infomodel.codelist.Code=IT1:CL_REFAREA(1.2).043032">
          <Name xml:lang="it" xmlns="http://www.sdmx.org/resources/sdmxml/schemas/v2_1/common">Monte San Martino</Name>
          <Name xml:lang="en" xmlns="http://www.sdmx.org/resources/sdmxml/schemas/v2_1/common">Monte San Martino</Name>
          <Parent>
            <Ref id="ITE33" xmlns="" />
          </Parent>
        </Code>
        <Code id="043033" urn="urn:sdmx:org.sdmx.infomodel.codelist.Code=IT1:CL_REFAREA(1.2).043033">
          <Name xml:lang="it" xmlns="http://www.sdmx.org/resources/sdmxml/schemas/v2_1/common">Morrovalle</Name>
          <Name xml:lang="en" xmlns="http://www.sdmx.org/resources/sdmxml/schemas/v2_1/common">Morrovalle</Name>
          <Parent>
            <Ref id="ITE33" xmlns="" />
          </Parent>
        </Code>
        <Code id="043034" urn="urn:sdmx:org.sdmx.infomodel.codelist.Code=IT1:CL_REFAREA(1.2).043034">
          <Name xml:lang="it" xmlns="http://www.sdmx.org/resources/sdmxml/schemas/v2_1/common">Muccia</Name>
          <Name xml:lang="en" xmlns="http://www.sdmx.org/resources/sdmxml/schemas/v2_1/common">Muccia</Name>
          <Parent>
            <Ref id="ITE33" xmlns="" />
          </Parent>
        </Code>
        <Code id="043035" urn="urn:sdmx:org.sdmx.infomodel.codelist.Code=IT1:CL_REFAREA(1.2).043035">
          <Name xml:lang="it" xmlns="http://www.sdmx.org/resources/sdmxml/schemas/v2_1/common">Penna San Giovanni</Name>
          <Name xml:lang="en" xmlns="http://www.sdmx.org/resources/sdmxml/schemas/v2_1/common">Penna San Giovanni</Name>
          <Parent>
            <Ref id="ITE33" xmlns="" />
          </Parent>
        </Code>
        <Code id="043036" urn="urn:sdmx:org.sdmx.infomodel.codelist.Code=IT1:CL_REFAREA(1.2).043036">
          <Name xml:lang="it" xmlns="http://www.sdmx.org/resources/sdmxml/schemas/v2_1/common">Petriolo</Name>
          <Name xml:lang="en" xmlns="http://www.sdmx.org/resources/sdmxml/schemas/v2_1/common">Petriolo</Name>
          <Parent>
            <Ref id="ITE33" xmlns="" />
          </Parent>
        </Code>
        <Code id="043037" urn="urn:sdmx:org.sdmx.infomodel.codelist.Code=IT1:CL_REFAREA(1.2).043037">
          <Name xml:lang="it" xmlns="http://www.sdmx.org/resources/sdmxml/schemas/v2_1/common">Pievebovigliana</Name>
          <Name xml:lang="en" xmlns="http://www.sdmx.org/resources/sdmxml/schemas/v2_1/common">Pievebovigliana</Name>
          <Parent>
            <Ref id="ITE33" xmlns="" />
          </Parent>
        </Code>
        <Code id="043038" urn="urn:sdmx:org.sdmx.infomodel.codelist.Code=IT1:CL_REFAREA(1.2).043038">
          <Name xml:lang="it" xmlns="http://www.sdmx.org/resources/sdmxml/schemas/v2_1/common">Pieve Torina</Name>
          <Name xml:lang="en" xmlns="http://www.sdmx.org/resources/sdmxml/schemas/v2_1/common">Pieve Torina</Name>
          <Parent>
            <Ref id="ITE33" xmlns="" />
          </Parent>
        </Code>
        <Code id="043039" urn="urn:sdmx:org.sdmx.infomodel.codelist.Code=IT1:CL_REFAREA(1.2).043039">
          <Name xml:lang="it" xmlns="http://www.sdmx.org/resources/sdmxml/schemas/v2_1/common">Pioraco</Name>
          <Name xml:lang="en" xmlns="http://www.sdmx.org/resources/sdmxml/schemas/v2_1/common">Pioraco</Name>
          <Parent>
            <Ref id="ITE33" xmlns="" />
          </Parent>
        </Code>
        <Code id="043040" urn="urn:sdmx:org.sdmx.infomodel.codelist.Code=IT1:CL_REFAREA(1.2).043040">
          <Name xml:lang="it" xmlns="http://www.sdmx.org/resources/sdmxml/schemas/v2_1/common">Poggio San Vicino</Name>
          <Name xml:lang="en" xmlns="http://www.sdmx.org/resources/sdmxml/schemas/v2_1/common">Poggio San Vicino</Name>
          <Parent>
            <Ref id="ITE33" xmlns="" />
          </Parent>
        </Code>
        <Code id="043041" urn="urn:sdmx:org.sdmx.infomodel.codelist.Code=IT1:CL_REFAREA(1.2).043041">
          <Name xml:lang="it" xmlns="http://www.sdmx.org/resources/sdmxml/schemas/v2_1/common">Pollenza</Name>
          <Name xml:lang="en" xmlns="http://www.sdmx.org/resources/sdmxml/schemas/v2_1/common">Pollenza</Name>
          <Parent>
            <Ref id="ITE33" xmlns="" />
          </Parent>
        </Code>
        <Code id="043042" urn="urn:sdmx:org.sdmx.infomodel.codelist.Code=IT1:CL_REFAREA(1.2).043042">
          <Name xml:lang="it" xmlns="http://www.sdmx.org/resources/sdmxml/schemas/v2_1/common">Porto Recanati</Name>
          <Name xml:lang="en" xmlns="http://www.sdmx.org/resources/sdmxml/schemas/v2_1/common">Porto Recanati</Name>
          <Parent>
            <Ref id="ITE33" xmlns="" />
          </Parent>
        </Code>
        <Code id="043043" urn="urn:sdmx:org.sdmx.infomodel.codelist.Code=IT1:CL_REFAREA(1.2).043043">
          <Name xml:lang="it" xmlns="http://www.sdmx.org/resources/sdmxml/schemas/v2_1/common">Potenza Picena</Name>
          <Name xml:lang="en" xmlns="http://www.sdmx.org/resources/sdmxml/schemas/v2_1/common">Potenza Picena</Name>
          <Parent>
            <Ref id="ITE33" xmlns="" />
          </Parent>
        </Code>
        <Code id="043044" urn="urn:sdmx:org.sdmx.infomodel.codelist.Code=IT1:CL_REFAREA(1.2).043044">
          <Name xml:lang="it" xmlns="http://www.sdmx.org/resources/sdmxml/schemas/v2_1/common">Recanati</Name>
          <Name xml:lang="en" xmlns="http://www.sdmx.org/resources/sdmxml/schemas/v2_1/common">Recanati</Name>
          <Parent>
            <Ref id="ITE33" xmlns="" />
          </Parent>
        </Code>
        <Code id="043045" urn="urn:sdmx:org.sdmx.infomodel.codelist.Code=IT1:CL_REFAREA(1.2).043045">
          <Name xml:lang="it" xmlns="http://www.sdmx.org/resources/sdmxml/schemas/v2_1/common">Ripe San Ginesio</Name>
          <Name xml:lang="en" xmlns="http://www.sdmx.org/resources/sdmxml/schemas/v2_1/common">Ripe San Ginesio</Name>
          <Parent>
            <Ref id="ITE33" xmlns="" />
          </Parent>
        </Code>
        <Code id="043046" urn="urn:sdmx:org.sdmx.infomodel.codelist.Code=IT1:CL_REFAREA(1.2).043046">
          <Name xml:lang="it" xmlns="http://www.sdmx.org/resources/sdmxml/schemas/v2_1/common">San Ginesio</Name>
          <Name xml:lang="en" xmlns="http://www.sdmx.org/resources/sdmxml/schemas/v2_1/common">San Ginesio</Name>
          <Parent>
            <Ref id="ITE33" xmlns="" />
          </Parent>
        </Code>
        <Code id="043047" urn="urn:sdmx:org.sdmx.infomodel.codelist.Code=IT1:CL_REFAREA(1.2).043047">
          <Name xml:lang="it" xmlns="http://www.sdmx.org/resources/sdmxml/schemas/v2_1/common">San Severino Marche</Name>
          <Name xml:lang="en" xmlns="http://www.sdmx.org/resources/sdmxml/schemas/v2_1/common">San Severino Marche</Name>
          <Parent>
            <Ref id="ITE33" xmlns="" />
          </Parent>
        </Code>
        <Code id="043048" urn="urn:sdmx:org.sdmx.infomodel.codelist.Code=IT1:CL_REFAREA(1.2).043048">
          <Name xml:lang="it" xmlns="http://www.sdmx.org/resources/sdmxml/schemas/v2_1/common">Sant'Angelo in Pontano</Name>
          <Name xml:lang="en" xmlns="http://www.sdmx.org/resources/sdmxml/schemas/v2_1/common">Sant'Angelo in Pontano</Name>
          <Parent>
            <Ref id="ITE33" xmlns="" />
          </Parent>
        </Code>
        <Code id="043049" urn="urn:sdmx:org.sdmx.infomodel.codelist.Code=IT1:CL_REFAREA(1.2).043049">
          <Name xml:lang="it" xmlns="http://www.sdmx.org/resources/sdmxml/schemas/v2_1/common">Sarnano</Name>
          <Name xml:lang="en" xmlns="http://www.sdmx.org/resources/sdmxml/schemas/v2_1/common">Sarnano</Name>
          <Parent>
            <Ref id="ITE33" xmlns="" />
          </Parent>
        </Code>
        <Code id="043050" urn="urn:sdmx:org.sdmx.infomodel.codelist.Code=IT1:CL_REFAREA(1.2).043050">
          <Name xml:lang="it" xmlns="http://www.sdmx.org/resources/sdmxml/schemas/v2_1/common">Sefro</Name>
          <Name xml:lang="en" xmlns="http://www.sdmx.org/resources/sdmxml/schemas/v2_1/common">Sefro</Name>
          <Parent>
            <Ref id="ITE33" xmlns="" />
          </Parent>
        </Code>
        <Code id="043051" urn="urn:sdmx:org.sdmx.infomodel.codelist.Code=IT1:CL_REFAREA(1.2).043051">
          <Name xml:lang="it" xmlns="http://www.sdmx.org/resources/sdmxml/schemas/v2_1/common">Serrapetrona</Name>
          <Name xml:lang="en" xmlns="http://www.sdmx.org/resources/sdmxml/schemas/v2_1/common">Serrapetrona</Name>
          <Parent>
            <Ref id="ITE33" xmlns="" />
          </Parent>
        </Code>
        <Code id="043052" urn="urn:sdmx:org.sdmx.infomodel.codelist.Code=IT1:CL_REFAREA(1.2).043052">
          <Name xml:lang="it" xmlns="http://www.sdmx.org/resources/sdmxml/schemas/v2_1/common">Serravalle di Chienti</Name>
          <Name xml:lang="en" xmlns="http://www.sdmx.org/resources/sdmxml/schemas/v2_1/common">Serravalle di Chienti</Name>
          <Parent>
            <Ref id="ITE33" xmlns="" />
          </Parent>
        </Code>
        <Code id="043053" urn="urn:sdmx:org.sdmx.infomodel.codelist.Code=IT1:CL_REFAREA(1.2).043053">
          <Name xml:lang="it" xmlns="http://www.sdmx.org/resources/sdmxml/schemas/v2_1/common">Tolentino</Name>
          <Name xml:lang="en" xmlns="http://www.sdmx.org/resources/sdmxml/schemas/v2_1/common">Tolentino</Name>
          <Parent>
            <Ref id="ITE33" xmlns="" />
          </Parent>
        </Code>
        <Code id="043054" urn="urn:sdmx:org.sdmx.infomodel.codelist.Code=IT1:CL_REFAREA(1.2).043054">
          <Name xml:lang="it" xmlns="http://www.sdmx.org/resources/sdmxml/schemas/v2_1/common">Treia</Name>
          <Name xml:lang="en" xmlns="http://www.sdmx.org/resources/sdmxml/schemas/v2_1/common">Treia</Name>
          <Parent>
            <Ref id="ITE33" xmlns="" />
          </Parent>
        </Code>
        <Code id="043055" urn="urn:sdmx:org.sdmx.infomodel.codelist.Code=IT1:CL_REFAREA(1.2).043055">
          <Name xml:lang="it" xmlns="http://www.sdmx.org/resources/sdmxml/schemas/v2_1/common">Urbisaglia</Name>
          <Name xml:lang="en" xmlns="http://www.sdmx.org/resources/sdmxml/schemas/v2_1/common">Urbisaglia</Name>
          <Parent>
            <Ref id="ITE33" xmlns="" />
          </Parent>
        </Code>
        <Code id="043056" urn="urn:sdmx:org.sdmx.infomodel.codelist.Code=IT1:CL_REFAREA(1.2).043056">
          <Name xml:lang="it" xmlns="http://www.sdmx.org/resources/sdmxml/schemas/v2_1/common">Ussita</Name>
          <Name xml:lang="en" xmlns="http://www.sdmx.org/resources/sdmxml/schemas/v2_1/common">Ussita</Name>
          <Parent>
            <Ref id="ITE33" xmlns="" />
          </Parent>
        </Code>
        <Code id="043057" urn="urn:sdmx:org.sdmx.infomodel.codelist.Code=IT1:CL_REFAREA(1.2).043057">
          <Name xml:lang="it" xmlns="http://www.sdmx.org/resources/sdmxml/schemas/v2_1/common">Visso</Name>
          <Name xml:lang="en" xmlns="http://www.sdmx.org/resources/sdmxml/schemas/v2_1/common">Visso</Name>
          <Parent>
            <Ref id="ITE33" xmlns="" />
          </Parent>
        </Code>
        <Code id="044001" urn="urn:sdmx:org.sdmx.infomodel.codelist.Code=IT1:CL_REFAREA(1.2).044001">
          <Name xml:lang="it" xmlns="http://www.sdmx.org/resources/sdmxml/schemas/v2_1/common">Acquasanta Terme</Name>
          <Name xml:lang="en" xmlns="http://www.sdmx.org/resources/sdmxml/schemas/v2_1/common">Acquasanta Terme</Name>
          <Parent>
            <Ref id="ITE34" xmlns="" />
          </Parent>
        </Code>
        <Code id="044002" urn="urn:sdmx:org.sdmx.infomodel.codelist.Code=IT1:CL_REFAREA(1.2).044002">
          <Name xml:lang="it" xmlns="http://www.sdmx.org/resources/sdmxml/schemas/v2_1/common">Acquaviva Picena</Name>
          <Name xml:lang="en" xmlns="http://www.sdmx.org/resources/sdmxml/schemas/v2_1/common">Acquaviva Picena</Name>
          <Parent>
            <Ref id="ITE34" xmlns="" />
          </Parent>
        </Code>
        <Code id="044003" urn="urn:sdmx:org.sdmx.infomodel.codelist.Code=IT1:CL_REFAREA(1.2).044003">
          <Name xml:lang="it" xmlns="http://www.sdmx.org/resources/sdmxml/schemas/v2_1/common">Altidona</Name>
          <Name xml:lang="en" xmlns="http://www.sdmx.org/resources/sdmxml/schemas/v2_1/common">Altidona</Name>
          <Parent>
            <Ref id="ITE34" xmlns="" />
          </Parent>
        </Code>
        <Code id="044004" urn="urn:sdmx:org.sdmx.infomodel.codelist.Code=IT1:CL_REFAREA(1.2).044004">
          <Name xml:lang="it" xmlns="http://www.sdmx.org/resources/sdmxml/schemas/v2_1/common">Amandola</Name>
          <Name xml:lang="en" xmlns="http://www.sdmx.org/resources/sdmxml/schemas/v2_1/common">Amandola</Name>
          <Parent>
            <Ref id="ITE34" xmlns="" />
          </Parent>
        </Code>
        <Code id="044005" urn="urn:sdmx:org.sdmx.infomodel.codelist.Code=IT1:CL_REFAREA(1.2).044005">
          <Name xml:lang="it" xmlns="http://www.sdmx.org/resources/sdmxml/schemas/v2_1/common">Appignano del Tronto</Name>
          <Name xml:lang="en" xmlns="http://www.sdmx.org/resources/sdmxml/schemas/v2_1/common">Appignano del Tronto</Name>
          <Parent>
            <Ref id="ITE34" xmlns="" />
          </Parent>
        </Code>
        <Code id="044006" urn="urn:sdmx:org.sdmx.infomodel.codelist.Code=IT1:CL_REFAREA(1.2).044006">
          <Name xml:lang="it" xmlns="http://www.sdmx.org/resources/sdmxml/schemas/v2_1/common">Arquata del Tronto</Name>
          <Name xml:lang="en" xmlns="http://www.sdmx.org/resources/sdmxml/schemas/v2_1/common">Arquata del Tronto</Name>
          <Parent>
            <Ref id="ITE34" xmlns="" />
          </Parent>
        </Code>
        <Code id="044007" urn="urn:sdmx:org.sdmx.infomodel.codelist.Code=IT1:CL_REFAREA(1.2).044007">
          <Name xml:lang="it" xmlns="http://www.sdmx.org/resources/sdmxml/schemas/v2_1/common">Ascoli Piceno</Name>
          <Name xml:lang="en" xmlns="http://www.sdmx.org/resources/sdmxml/schemas/v2_1/common">Ascoli Piceno</Name>
          <Parent>
            <Ref id="ITE34" xmlns="" />
          </Parent>
        </Code>
        <Code id="044008" urn="urn:sdmx:org.sdmx.infomodel.codelist.Code=IT1:CL_REFAREA(1.2).044008">
          <Name xml:lang="it" xmlns="http://www.sdmx.org/resources/sdmxml/schemas/v2_1/common">Belmonte Piceno</Name>
          <Name xml:lang="en" xmlns="http://www.sdmx.org/resources/sdmxml/schemas/v2_1/common">Belmonte Piceno</Name>
          <Parent>
            <Ref id="ITE34" xmlns="" />
          </Parent>
        </Code>
        <Code id="044009" urn="urn:sdmx:org.sdmx.infomodel.codelist.Code=IT1:CL_REFAREA(1.2).044009">
          <Name xml:lang="it" xmlns="http://www.sdmx.org/resources/sdmxml/schemas/v2_1/common">Campofilone</Name>
          <Name xml:lang="en" xmlns="http://www.sdmx.org/resources/sdmxml/schemas/v2_1/common">Campofilone</Name>
          <Parent>
            <Ref id="ITE34" xmlns="" />
          </Parent>
        </Code>
        <Code id="044010" urn="urn:sdmx:org.sdmx.infomodel.codelist.Code=IT1:CL_REFAREA(1.2).044010">
          <Name xml:lang="it" xmlns="http://www.sdmx.org/resources/sdmxml/schemas/v2_1/common">Carassai</Name>
          <Name xml:lang="en" xmlns="http://www.sdmx.org/resources/sdmxml/schemas/v2_1/common">Carassai</Name>
          <Parent>
            <Ref id="ITE34" xmlns="" />
          </Parent>
        </Code>
        <Code id="044011" urn="urn:sdmx:org.sdmx.infomodel.codelist.Code=IT1:CL_REFAREA(1.2).044011">
          <Name xml:lang="it" xmlns="http://www.sdmx.org/resources/sdmxml/schemas/v2_1/common">Castel di Lama</Name>
          <Name xml:lang="en" xmlns="http://www.sdmx.org/resources/sdmxml/schemas/v2_1/common">Castel di Lama</Name>
          <Parent>
            <Ref id="ITE34" xmlns="" />
          </Parent>
        </Code>
        <Code id="044012" urn="urn:sdmx:org.sdmx.infomodel.codelist.Code=IT1:CL_REFAREA(1.2).044012">
          <Name xml:lang="it" xmlns="http://www.sdmx.org/resources/sdmxml/schemas/v2_1/common">Castignano</Name>
          <Name xml:lang="en" xmlns="http://www.sdmx.org/resources/sdmxml/schemas/v2_1/common">Castignano</Name>
          <Parent>
            <Ref id="ITE34" xmlns="" />
          </Parent>
        </Code>
        <Code id="044013" urn="urn:sdmx:org.sdmx.infomodel.codelist.Code=IT1:CL_REFAREA(1.2).044013">
          <Name xml:lang="it" xmlns="http://www.sdmx.org/resources/sdmxml/schemas/v2_1/common">Castorano</Name>
          <Name xml:lang="en" xmlns="http://www.sdmx.org/resources/sdmxml/schemas/v2_1/common">Castorano</Name>
          <Parent>
            <Ref id="ITE34" xmlns="" />
          </Parent>
        </Code>
        <Code id="044014" urn="urn:sdmx:org.sdmx.infomodel.codelist.Code=IT1:CL_REFAREA(1.2).044014">
          <Name xml:lang="it" xmlns="http://www.sdmx.org/resources/sdmxml/schemas/v2_1/common">Colli del Tronto</Name>
          <Name xml:lang="en" xmlns="http://www.sdmx.org/resources/sdmxml/schemas/v2_1/common">Colli del Tronto</Name>
          <Parent>
            <Ref id="ITE34" xmlns="" />
          </Parent>
        </Code>
        <Code id="044015" urn="urn:sdmx:org.sdmx.infomodel.codelist.Code=IT1:CL_REFAREA(1.2).044015">
          <Name xml:lang="it" xmlns="http://www.sdmx.org/resources/sdmxml/schemas/v2_1/common">Comunanza</Name>
          <Name xml:lang="en" xmlns="http://www.sdmx.org/resources/sdmxml/schemas/v2_1/common">Comunanza</Name>
          <Parent>
            <Ref id="ITE34" xmlns="" />
          </Parent>
        </Code>
        <Code id="044016" urn="urn:sdmx:org.sdmx.infomodel.codelist.Code=IT1:CL_REFAREA(1.2).044016">
          <Name xml:lang="it" xmlns="http://www.sdmx.org/resources/sdmxml/schemas/v2_1/common">Cossignano</Name>
          <Name xml:lang="en" xmlns="http://www.sdmx.org/resources/sdmxml/schemas/v2_1/common">Cossignano</Name>
          <Parent>
            <Ref id="ITE34" xmlns="" />
          </Parent>
        </Code>
        <Code id="044017" urn="urn:sdmx:org.sdmx.infomodel.codelist.Code=IT1:CL_REFAREA(1.2).044017">
          <Name xml:lang="it" xmlns="http://www.sdmx.org/resources/sdmxml/schemas/v2_1/common">Cupra Marittima</Name>
          <Name xml:lang="en" xmlns="http://www.sdmx.org/resources/sdmxml/schemas/v2_1/common">Cupra Marittima</Name>
          <Parent>
            <Ref id="ITE34" xmlns="" />
          </Parent>
        </Code>
        <Code id="044018" urn="urn:sdmx:org.sdmx.infomodel.codelist.Code=IT1:CL_REFAREA(1.2).044018">
          <Name xml:lang="it" xmlns="http://www.sdmx.org/resources/sdmxml/schemas/v2_1/common">Falerone</Name>
          <Name xml:lang="en" xmlns="http://www.sdmx.org/resources/sdmxml/schemas/v2_1/common">Falerone</Name>
          <Parent>
            <Ref id="ITE34" xmlns="" />
          </Parent>
        </Code>
        <Code id="044019" urn="urn:sdmx:org.sdmx.infomodel.codelist.Code=IT1:CL_REFAREA(1.2).044019">
          <Name xml:lang="it" xmlns="http://www.sdmx.org/resources/sdmxml/schemas/v2_1/common">Fermo</Name>
          <Name xml:lang="en" xmlns="http://www.sdmx.org/resources/sdmxml/schemas/v2_1/common">Fermo</Name>
          <Parent>
            <Ref id="ITE34" xmlns="" />
          </Parent>
        </Code>
        <Code id="044020" urn="urn:sdmx:org.sdmx.infomodel.codelist.Code=IT1:CL_REFAREA(1.2).044020">
          <Name xml:lang="it" xmlns="http://www.sdmx.org/resources/sdmxml/schemas/v2_1/common">Folignano</Name>
          <Name xml:lang="en" xmlns="http://www.sdmx.org/resources/sdmxml/schemas/v2_1/common">Folignano</Name>
          <Parent>
            <Ref id="ITE34" xmlns="" />
          </Parent>
        </Code>
        <Code id="044021" urn="urn:sdmx:org.sdmx.infomodel.codelist.Code=IT1:CL_REFAREA(1.2).044021">
          <Name xml:lang="it" xmlns="http://www.sdmx.org/resources/sdmxml/schemas/v2_1/common">Force</Name>
          <Name xml:lang="en" xmlns="http://www.sdmx.org/resources/sdmxml/schemas/v2_1/common">Force</Name>
          <Parent>
            <Ref id="ITE34" xmlns="" />
          </Parent>
        </Code>
        <Code id="044022" urn="urn:sdmx:org.sdmx.infomodel.codelist.Code=IT1:CL_REFAREA(1.2).044022">
          <Name xml:lang="it" xmlns="http://www.sdmx.org/resources/sdmxml/schemas/v2_1/common">Francavilla d'Ete</Name>
          <Name xml:lang="en" xmlns="http://www.sdmx.org/resources/sdmxml/schemas/v2_1/common">Francavilla d'Ete</Name>
          <Parent>
            <Ref id="ITE34" xmlns="" />
          </Parent>
        </Code>
        <Code id="044023" urn="urn:sdmx:org.sdmx.infomodel.codelist.Code=IT1:CL_REFAREA(1.2).044023">
          <Name xml:lang="it" xmlns="http://www.sdmx.org/resources/sdmxml/schemas/v2_1/common">Grottammare</Name>
          <Name xml:lang="en" xmlns="http://www.sdmx.org/resources/sdmxml/schemas/v2_1/common">Grottammare</Name>
          <Parent>
            <Ref id="ITE34" xmlns="" />
          </Parent>
        </Code>
        <Code id="044024" urn="urn:sdmx:org.sdmx.infomodel.codelist.Code=IT1:CL_REFAREA(1.2).044024">
          <Name xml:lang="it" xmlns="http://www.sdmx.org/resources/sdmxml/schemas/v2_1/common">Grottazzolina</Name>
          <Name xml:lang="en" xmlns="http://www.sdmx.org/resources/sdmxml/schemas/v2_1/common">Grottazzolina</Name>
          <Parent>
            <Ref id="ITE34" xmlns="" />
          </Parent>
        </Code>
        <Code id="044025" urn="urn:sdmx:org.sdmx.infomodel.codelist.Code=IT1:CL_REFAREA(1.2).044025">
          <Name xml:lang="it" xmlns="http://www.sdmx.org/resources/sdmxml/schemas/v2_1/common">Lapedona</Name>
          <Name xml:lang="en" xmlns="http://www.sdmx.org/resources/sdmxml/schemas/v2_1/common">Lapedona</Name>
          <Parent>
            <Ref id="ITE34" xmlns="" />
          </Parent>
        </Code>
        <Code id="044026" urn="urn:sdmx:org.sdmx.infomodel.codelist.Code=IT1:CL_REFAREA(1.2).044026">
          <Name xml:lang="it" xmlns="http://www.sdmx.org/resources/sdmxml/schemas/v2_1/common">Magliano di Tenna</Name>
          <Name xml:lang="en" xmlns="http://www.sdmx.org/resources/sdmxml/schemas/v2_1/common">Magliano di Tenna</Name>
          <Parent>
            <Ref id="ITE34" xmlns="" />
          </Parent>
        </Code>
        <Code id="044027" urn="urn:sdmx:org.sdmx.infomodel.codelist.Code=IT1:CL_REFAREA(1.2).044027">
          <Name xml:lang="it" xmlns="http://www.sdmx.org/resources/sdmxml/schemas/v2_1/common">Maltignano</Name>
          <Name xml:lang="en" xmlns="http://www.sdmx.org/resources/sdmxml/schemas/v2_1/common">Maltignano</Name>
          <Parent>
            <Ref id="ITE34" xmlns="" />
          </Parent>
        </Code>
        <Code id="044028" urn="urn:sdmx:org.sdmx.infomodel.codelist.Code=IT1:CL_REFAREA(1.2).044028">
          <Name xml:lang="it" xmlns="http://www.sdmx.org/resources/sdmxml/schemas/v2_1/common">Massa Fermana</Name>
          <Name xml:lang="en" xmlns="http://www.sdmx.org/resources/sdmxml/schemas/v2_1/common">Massa Fermana</Name>
          <Parent>
            <Ref id="ITE34" xmlns="" />
          </Parent>
        </Code>
        <Code id="044029" urn="urn:sdmx:org.sdmx.infomodel.codelist.Code=IT1:CL_REFAREA(1.2).044029">
          <Name xml:lang="it" xmlns="http://www.sdmx.org/resources/sdmxml/schemas/v2_1/common">Massignano</Name>
          <Name xml:lang="en" xmlns="http://www.sdmx.org/resources/sdmxml/schemas/v2_1/common">Massignano</Name>
          <Parent>
            <Ref id="ITE34" xmlns="" />
          </Parent>
        </Code>
        <Code id="044030" urn="urn:sdmx:org.sdmx.infomodel.codelist.Code=IT1:CL_REFAREA(1.2).044030">
          <Name xml:lang="it" xmlns="http://www.sdmx.org/resources/sdmxml/schemas/v2_1/common">Monsampietro Morico</Name>
          <Name xml:lang="en" xmlns="http://www.sdmx.org/resources/sdmxml/schemas/v2_1/common">Monsampietro Morico</Name>
          <Parent>
            <Ref id="ITE34" xmlns="" />
          </Parent>
        </Code>
        <Code id="044031" urn="urn:sdmx:org.sdmx.infomodel.codelist.Code=IT1:CL_REFAREA(1.2).044031">
          <Name xml:lang="it" xmlns="http://www.sdmx.org/resources/sdmxml/schemas/v2_1/common">Monsampolo del Tronto</Name>
          <Name xml:lang="en" xmlns="http://www.sdmx.org/resources/sdmxml/schemas/v2_1/common">Monsampolo del Tronto</Name>
          <Parent>
            <Ref id="ITE34" xmlns="" />
          </Parent>
        </Code>
        <Code id="044032" urn="urn:sdmx:org.sdmx.infomodel.codelist.Code=IT1:CL_REFAREA(1.2).044032">
          <Name xml:lang="it" xmlns="http://www.sdmx.org/resources/sdmxml/schemas/v2_1/common">Montalto delle Marche</Name>
          <Name xml:lang="en" xmlns="http://www.sdmx.org/resources/sdmxml/schemas/v2_1/common">Montalto delle Marche</Name>
          <Parent>
            <Ref id="ITE34" xmlns="" />
          </Parent>
        </Code>
        <Code id="044033" urn="urn:sdmx:org.sdmx.infomodel.codelist.Code=IT1:CL_REFAREA(1.2).044033">
          <Name xml:lang="it" xmlns="http://www.sdmx.org/resources/sdmxml/schemas/v2_1/common">Montappone</Name>
          <Name xml:lang="en" xmlns="http://www.sdmx.org/resources/sdmxml/schemas/v2_1/common">Montappone</Name>
          <Parent>
            <Ref id="ITE34" xmlns="" />
          </Parent>
        </Code>
        <Code id="044034" urn="urn:sdmx:org.sdmx.infomodel.codelist.Code=IT1:CL_REFAREA(1.2).044034">
          <Name xml:lang="it" xmlns="http://www.sdmx.org/resources/sdmxml/schemas/v2_1/common">Montedinove</Name>
          <Name xml:lang="en" xmlns="http://www.sdmx.org/resources/sdmxml/schemas/v2_1/common">Montedinove</Name>
          <Parent>
            <Ref id="ITE34" xmlns="" />
          </Parent>
        </Code>
        <Code id="044035" urn="urn:sdmx:org.sdmx.infomodel.codelist.Code=IT1:CL_REFAREA(1.2).044035">
          <Name xml:lang="it" xmlns="http://www.sdmx.org/resources/sdmxml/schemas/v2_1/common">Montefalcone Appennino</Name>
          <Name xml:lang="en" xmlns="http://www.sdmx.org/resources/sdmxml/schemas/v2_1/common">Montefalcone Appennino</Name>
          <Parent>
            <Ref id="ITE34" xmlns="" />
          </Parent>
        </Code>
        <Code id="044036" urn="urn:sdmx:org.sdmx.infomodel.codelist.Code=IT1:CL_REFAREA(1.2).044036">
          <Name xml:lang="it" xmlns="http://www.sdmx.org/resources/sdmxml/schemas/v2_1/common">Montefiore dell'Aso</Name>
          <Name xml:lang="en" xmlns="http://www.sdmx.org/resources/sdmxml/schemas/v2_1/common">Montefiore dell'Aso</Name>
          <Parent>
            <Ref id="ITE34" xmlns="" />
          </Parent>
        </Code>
        <Code id="044037" urn="urn:sdmx:org.sdmx.infomodel.codelist.Code=IT1:CL_REFAREA(1.2).044037">
          <Name xml:lang="it" xmlns="http://www.sdmx.org/resources/sdmxml/schemas/v2_1/common">Montefortino</Name>
          <Name xml:lang="en" xmlns="http://www.sdmx.org/resources/sdmxml/schemas/v2_1/common">Montefortino</Name>
          <Parent>
            <Ref id="ITE34" xmlns="" />
          </Parent>
        </Code>
        <Code id="044038" urn="urn:sdmx:org.sdmx.infomodel.codelist.Code=IT1:CL_REFAREA(1.2).044038">
          <Name xml:lang="it" xmlns="http://www.sdmx.org/resources/sdmxml/schemas/v2_1/common">Montegallo</Name>
          <Name xml:lang="en" xmlns="http://www.sdmx.org/resources/sdmxml/schemas/v2_1/common">Montegallo</Name>
          <Parent>
            <Ref id="ITE34" xmlns="" />
          </Parent>
        </Code>
        <Code id="044039" urn="urn:sdmx:org.sdmx.infomodel.codelist.Code=IT1:CL_REFAREA(1.2).044039">
          <Name xml:lang="it" xmlns="http://www.sdmx.org/resources/sdmxml/schemas/v2_1/common">Monte Giberto</Name>
          <Name xml:lang="en" xmlns="http://www.sdmx.org/resources/sdmxml/schemas/v2_1/common">Monte Giberto</Name>
          <Parent>
            <Ref id="ITE34" xmlns="" />
          </Parent>
        </Code>
        <Code id="044040" urn="urn:sdmx:org.sdmx.infomodel.codelist.Code=IT1:CL_REFAREA(1.2).044040">
          <Name xml:lang="it" xmlns="http://www.sdmx.org/resources/sdmxml/schemas/v2_1/common">Montegiorgio</Name>
          <Name xml:lang="en" xmlns="http://www.sdmx.org/resources/sdmxml/schemas/v2_1/common">Montegiorgio</Name>
          <Parent>
            <Ref id="ITE34" xmlns="" />
          </Parent>
        </Code>
        <Code id="044041" urn="urn:sdmx:org.sdmx.infomodel.codelist.Code=IT1:CL_REFAREA(1.2).044041">
          <Name xml:lang="it" xmlns="http://www.sdmx.org/resources/sdmxml/schemas/v2_1/common">Montegranaro</Name>
          <Name xml:lang="en" xmlns="http://www.sdmx.org/resources/sdmxml/schemas/v2_1/common">Montegranaro</Name>
          <Parent>
            <Ref id="ITE34" xmlns="" />
          </Parent>
        </Code>
        <Code id="044042" urn="urn:sdmx:org.sdmx.infomodel.codelist.Code=IT1:CL_REFAREA(1.2).044042">
          <Name xml:lang="it" xmlns="http://www.sdmx.org/resources/sdmxml/schemas/v2_1/common">Monteleone di Fermo</Name>
          <Name xml:lang="en" xmlns="http://www.sdmx.org/resources/sdmxml/schemas/v2_1/common">Monteleone di Fermo</Name>
          <Parent>
            <Ref id="ITE34" xmlns="" />
          </Parent>
        </Code>
        <Code id="044043" urn="urn:sdmx:org.sdmx.infomodel.codelist.Code=IT1:CL_REFAREA(1.2).044043">
          <Name xml:lang="it" xmlns="http://www.sdmx.org/resources/sdmxml/schemas/v2_1/common">Montelparo</Name>
          <Name xml:lang="en" xmlns="http://www.sdmx.org/resources/sdmxml/schemas/v2_1/common">Montelparo</Name>
          <Parent>
            <Ref id="ITE34" xmlns="" />
          </Parent>
        </Code>
        <Code id="044044" urn="urn:sdmx:org.sdmx.infomodel.codelist.Code=IT1:CL_REFAREA(1.2).044044">
          <Name xml:lang="it" xmlns="http://www.sdmx.org/resources/sdmxml/schemas/v2_1/common">Montemonaco</Name>
          <Name xml:lang="en" xmlns="http://www.sdmx.org/resources/sdmxml/schemas/v2_1/common">Montemonaco</Name>
          <Parent>
            <Ref id="ITE34" xmlns="" />
          </Parent>
        </Code>
        <Code id="044045" urn="urn:sdmx:org.sdmx.infomodel.codelist.Code=IT1:CL_REFAREA(1.2).044045">
          <Name xml:lang="it" xmlns="http://www.sdmx.org/resources/sdmxml/schemas/v2_1/common">Monteprandone</Name>
          <Name xml:lang="en" xmlns="http://www.sdmx.org/resources/sdmxml/schemas/v2_1/common">Monteprandone</Name>
          <Parent>
            <Ref id="ITE34" xmlns="" />
          </Parent>
        </Code>
        <Code id="044046" urn="urn:sdmx:org.sdmx.infomodel.codelist.Code=IT1:CL_REFAREA(1.2).044046">
          <Name xml:lang="it" xmlns="http://www.sdmx.org/resources/sdmxml/schemas/v2_1/common">Monte Rinaldo</Name>
          <Name xml:lang="en" xmlns="http://www.sdmx.org/resources/sdmxml/schemas/v2_1/common">Monte Rinaldo</Name>
          <Parent>
            <Ref id="ITE34" xmlns="" />
          </Parent>
        </Code>
        <Code id="044047" urn="urn:sdmx:org.sdmx.infomodel.codelist.Code=IT1:CL_REFAREA(1.2).044047">
          <Name xml:lang="it" xmlns="http://www.sdmx.org/resources/sdmxml/schemas/v2_1/common">Monterubbiano</Name>
          <Name xml:lang="en" xmlns="http://www.sdmx.org/resources/sdmxml/schemas/v2_1/common">Monterubbiano</Name>
          <Parent>
            <Ref id="ITE34" xmlns="" />
          </Parent>
        </Code>
        <Code id="044048" urn="urn:sdmx:org.sdmx.infomodel.codelist.Code=IT1:CL_REFAREA(1.2).044048">
          <Name xml:lang="it" xmlns="http://www.sdmx.org/resources/sdmxml/schemas/v2_1/common">Monte San Pietrangeli</Name>
          <Name xml:lang="en" xmlns="http://www.sdmx.org/resources/sdmxml/schemas/v2_1/common">Monte San Pietrangeli</Name>
          <Parent>
            <Ref id="ITE34" xmlns="" />
          </Parent>
        </Code>
        <Code id="044049" urn="urn:sdmx:org.sdmx.infomodel.codelist.Code=IT1:CL_REFAREA(1.2).044049">
          <Name xml:lang="it" xmlns="http://www.sdmx.org/resources/sdmxml/schemas/v2_1/common">Monte Urano</Name>
          <Name xml:lang="en" xmlns="http://www.sdmx.org/resources/sdmxml/schemas/v2_1/common">Monte Urano</Name>
          <Parent>
            <Ref id="ITE34" xmlns="" />
          </Parent>
        </Code>
        <Code id="044050" urn="urn:sdmx:org.sdmx.infomodel.codelist.Code=IT1:CL_REFAREA(1.2).044050">
          <Name xml:lang="it" xmlns="http://www.sdmx.org/resources/sdmxml/schemas/v2_1/common">Monte Vidon Combatte</Name>
          <Name xml:lang="en" xmlns="http://www.sdmx.org/resources/sdmxml/schemas/v2_1/common">Monte Vidon Combatte</Name>
          <Parent>
            <Ref id="ITE34" xmlns="" />
          </Parent>
        </Code>
        <Code id="044051" urn="urn:sdmx:org.sdmx.infomodel.codelist.Code=IT1:CL_REFAREA(1.2).044051">
          <Name xml:lang="it" xmlns="http://www.sdmx.org/resources/sdmxml/schemas/v2_1/common">Monte Vidon Corrado</Name>
          <Name xml:lang="en" xmlns="http://www.sdmx.org/resources/sdmxml/schemas/v2_1/common">Monte Vidon Corrado</Name>
          <Parent>
            <Ref id="ITE34" xmlns="" />
          </Parent>
        </Code>
        <Code id="044052" urn="urn:sdmx:org.sdmx.infomodel.codelist.Code=IT1:CL_REFAREA(1.2).044052">
          <Name xml:lang="it" xmlns="http://www.sdmx.org/resources/sdmxml/schemas/v2_1/common">Montottone</Name>
          <Name xml:lang="en" xmlns="http://www.sdmx.org/resources/sdmxml/schemas/v2_1/common">Montottone</Name>
          <Parent>
            <Ref id="ITE34" xmlns="" />
          </Parent>
        </Code>
        <Code id="044053" urn="urn:sdmx:org.sdmx.infomodel.codelist.Code=IT1:CL_REFAREA(1.2).044053">
          <Name xml:lang="it" xmlns="http://www.sdmx.org/resources/sdmxml/schemas/v2_1/common">Moresco</Name>
          <Name xml:lang="en" xmlns="http://www.sdmx.org/resources/sdmxml/schemas/v2_1/common">Moresco</Name>
          <Parent>
            <Ref id="ITE34" xmlns="" />
          </Parent>
        </Code>
        <Code id="044054" urn="urn:sdmx:org.sdmx.infomodel.codelist.Code=IT1:CL_REFAREA(1.2).044054">
          <Name xml:lang="it" xmlns="http://www.sdmx.org/resources/sdmxml/schemas/v2_1/common">Offida</Name>
          <Name xml:lang="en" xmlns="http://www.sdmx.org/resources/sdmxml/schemas/v2_1/common">Offida</Name>
          <Parent>
            <Ref id="ITE34" xmlns="" />
          </Parent>
        </Code>
        <Code id="044055" urn="urn:sdmx:org.sdmx.infomodel.codelist.Code=IT1:CL_REFAREA(1.2).044055">
          <Name xml:lang="it" xmlns="http://www.sdmx.org/resources/sdmxml/schemas/v2_1/common">Ortezzano</Name>
          <Name xml:lang="en" xmlns="http://www.sdmx.org/resources/sdmxml/schemas/v2_1/common">Ortezzano</Name>
          <Parent>
            <Ref id="ITE34" xmlns="" />
          </Parent>
        </Code>
        <Code id="044056" urn="urn:sdmx:org.sdmx.infomodel.codelist.Code=IT1:CL_REFAREA(1.2).044056">
          <Name xml:lang="it" xmlns="http://www.sdmx.org/resources/sdmxml/schemas/v2_1/common">Palmiano</Name>
          <Name xml:lang="en" xmlns="http://www.sdmx.org/resources/sdmxml/schemas/v2_1/common">Palmiano</Name>
          <Parent>
            <Ref id="ITE34" xmlns="" />
          </Parent>
        </Code>
        <Code id="044057" urn="urn:sdmx:org.sdmx.infomodel.codelist.Code=IT1:CL_REFAREA(1.2).044057">
          <Name xml:lang="it" xmlns="http://www.sdmx.org/resources/sdmxml/schemas/v2_1/common">Pedaso</Name>
          <Name xml:lang="en" xmlns="http://www.sdmx.org/resources/sdmxml/schemas/v2_1/common">Pedaso</Name>
          <Parent>
            <Ref id="ITE34" xmlns="" />
          </Parent>
        </Code>
        <Code id="044058" urn="urn:sdmx:org.sdmx.infomodel.codelist.Code=IT1:CL_REFAREA(1.2).044058">
          <Name xml:lang="it" xmlns="http://www.sdmx.org/resources/sdmxml/schemas/v2_1/common">Petritoli</Name>
          <Name xml:lang="en" xmlns="http://www.sdmx.org/resources/sdmxml/schemas/v2_1/common">Petritoli</Name>
          <Parent>
            <Ref id="ITE34" xmlns="" />
          </Parent>
        </Code>
        <Code id="044059" urn="urn:sdmx:org.sdmx.infomodel.codelist.Code=IT1:CL_REFAREA(1.2).044059">
          <Name xml:lang="it" xmlns="http://www.sdmx.org/resources/sdmxml/schemas/v2_1/common">Ponzano di Fermo</Name>
          <Name xml:lang="en" xmlns="http://www.sdmx.org/resources/sdmxml/schemas/v2_1/common">Ponzano di Fermo</Name>
          <Parent>
            <Ref id="ITE34" xmlns="" />
          </Parent>
        </Code>
        <Code id="044060" urn="urn:sdmx:org.sdmx.infomodel.codelist.Code=IT1:CL_REFAREA(1.2).044060">
          <Name xml:lang="it" xmlns="http://www.sdmx.org/resources/sdmxml/schemas/v2_1/common">Porto San Giorgio</Name>
          <Name xml:lang="en" xmlns="http://www.sdmx.org/resources/sdmxml/schemas/v2_1/common">Porto San Giorgio</Name>
          <Parent>
            <Ref id="ITE34" xmlns="" />
          </Parent>
        </Code>
        <Code id="044061" urn="urn:sdmx:org.sdmx.infomodel.codelist.Code=IT1:CL_REFAREA(1.2).044061">
          <Name xml:lang="it" xmlns="http://www.sdmx.org/resources/sdmxml/schemas/v2_1/common">Porto Sant'Elpidio</Name>
          <Name xml:lang="en" xmlns="http://www.sdmx.org/resources/sdmxml/schemas/v2_1/common">Porto Sant'Elpidio</Name>
          <Parent>
            <Ref id="ITE34" xmlns="" />
          </Parent>
        </Code>
        <Code id="044062" urn="urn:sdmx:org.sdmx.infomodel.codelist.Code=IT1:CL_REFAREA(1.2).044062">
          <Name xml:lang="it" xmlns="http://www.sdmx.org/resources/sdmxml/schemas/v2_1/common">Rapagnano</Name>
          <Name xml:lang="en" xmlns="http://www.sdmx.org/resources/sdmxml/schemas/v2_1/common">Rapagnano</Name>
          <Parent>
            <Ref id="ITE34" xmlns="" />
          </Parent>
        </Code>
        <Code id="044063" urn="urn:sdmx:org.sdmx.infomodel.codelist.Code=IT1:CL_REFAREA(1.2).044063">
          <Name xml:lang="it" xmlns="http://www.sdmx.org/resources/sdmxml/schemas/v2_1/common">Ripatransone</Name>
          <Name xml:lang="en" xmlns="http://www.sdmx.org/resources/sdmxml/schemas/v2_1/common">Ripatransone</Name>
          <Parent>
            <Ref id="ITE34" xmlns="" />
          </Parent>
        </Code>
        <Code id="044064" urn="urn:sdmx:org.sdmx.infomodel.codelist.Code=IT1:CL_REFAREA(1.2).044064">
          <Name xml:lang="it" xmlns="http://www.sdmx.org/resources/sdmxml/schemas/v2_1/common">Roccafluvione</Name>
          <Name xml:lang="en" xmlns="http://www.sdmx.org/resources/sdmxml/schemas/v2_1/common">Roccafluvione</Name>
          <Parent>
            <Ref id="ITE34" xmlns="" />
          </Parent>
        </Code>
        <Code id="044065" urn="urn:sdmx:org.sdmx.infomodel.codelist.Code=IT1:CL_REFAREA(1.2).044065">
          <Name xml:lang="it" xmlns="http://www.sdmx.org/resources/sdmxml/schemas/v2_1/common">Rotella</Name>
          <Name xml:lang="en" xmlns="http://www.sdmx.org/resources/sdmxml/schemas/v2_1/common">Rotella</Name>
          <Parent>
            <Ref id="ITE34" xmlns="" />
          </Parent>
        </Code>
        <Code id="044066" urn="urn:sdmx:org.sdmx.infomodel.codelist.Code=IT1:CL_REFAREA(1.2).044066">
          <Name xml:lang="it" xmlns="http://www.sdmx.org/resources/sdmxml/schemas/v2_1/common">San Benedetto del Tronto</Name>
          <Name xml:lang="en" xmlns="http://www.sdmx.org/resources/sdmxml/schemas/v2_1/common">San Benedetto del Tronto</Name>
          <Parent>
            <Ref id="ITE34" xmlns="" />
          </Parent>
        </Code>
        <Code id="044067" urn="urn:sdmx:org.sdmx.infomodel.codelist.Code=IT1:CL_REFAREA(1.2).044067">
          <Name xml:lang="it" xmlns="http://www.sdmx.org/resources/sdmxml/schemas/v2_1/common">Santa Vittoria in Matenano</Name>
          <Name xml:lang="en" xmlns="http://www.sdmx.org/resources/sdmxml/schemas/v2_1/common">Santa Vittoria in Matenano</Name>
          <Parent>
            <Ref id="ITE34" xmlns="" />
          </Parent>
        </Code>
        <Code id="044068" urn="urn:sdmx:org.sdmx.infomodel.codelist.Code=IT1:CL_REFAREA(1.2).044068">
          <Name xml:lang="it" xmlns="http://www.sdmx.org/resources/sdmxml/schemas/v2_1/common">Sant'Elpidio a Mare</Name>
          <Name xml:lang="en" xmlns="http://www.sdmx.org/resources/sdmxml/schemas/v2_1/common">Sant'Elpidio a Mare</Name>
          <Parent>
            <Ref id="ITE34" xmlns="" />
          </Parent>
        </Code>
        <Code id="044069" urn="urn:sdmx:org.sdmx.infomodel.codelist.Code=IT1:CL_REFAREA(1.2).044069">
          <Name xml:lang="it" xmlns="http://www.sdmx.org/resources/sdmxml/schemas/v2_1/common">Servigliano</Name>
          <Name xml:lang="en" xmlns="http://www.sdmx.org/resources/sdmxml/schemas/v2_1/common">Servigliano</Name>
          <Parent>
            <Ref id="ITE34" xmlns="" />
          </Parent>
        </Code>
        <Code id="044070" urn="urn:sdmx:org.sdmx.infomodel.codelist.Code=IT1:CL_REFAREA(1.2).044070">
          <Name xml:lang="it" xmlns="http://www.sdmx.org/resources/sdmxml/schemas/v2_1/common">Smerillo</Name>
          <Name xml:lang="en" xmlns="http://www.sdmx.org/resources/sdmxml/schemas/v2_1/common">Smerillo</Name>
          <Parent>
            <Ref id="ITE34" xmlns="" />
          </Parent>
        </Code>
        <Code id="044071" urn="urn:sdmx:org.sdmx.infomodel.codelist.Code=IT1:CL_REFAREA(1.2).044071">
          <Name xml:lang="it" xmlns="http://www.sdmx.org/resources/sdmxml/schemas/v2_1/common">Spinetoli</Name>
          <Name xml:lang="en" xmlns="http://www.sdmx.org/resources/sdmxml/schemas/v2_1/common">Spinetoli</Name>
          <Parent>
            <Ref id="ITE34" xmlns="" />
          </Parent>
        </Code>
        <Code id="044072" urn="urn:sdmx:org.sdmx.infomodel.codelist.Code=IT1:CL_REFAREA(1.2).044072">
          <Name xml:lang="it" xmlns="http://www.sdmx.org/resources/sdmxml/schemas/v2_1/common">Torre San Patrizio</Name>
          <Name xml:lang="en" xmlns="http://www.sdmx.org/resources/sdmxml/schemas/v2_1/common">Torre San Patrizio</Name>
          <Parent>
            <Ref id="ITE34" xmlns="" />
          </Parent>
        </Code>
        <Code id="044073" urn="urn:sdmx:org.sdmx.infomodel.codelist.Code=IT1:CL_REFAREA(1.2).044073">
          <Name xml:lang="it" xmlns="http://www.sdmx.org/resources/sdmxml/schemas/v2_1/common">Venarotta</Name>
          <Name xml:lang="en" xmlns="http://www.sdmx.org/resources/sdmxml/schemas/v2_1/common">Venarotta</Name>
          <Parent>
            <Ref id="ITE34" xmlns="" />
          </Parent>
        </Code>
        <Code id="045001" urn="urn:sdmx:org.sdmx.infomodel.codelist.Code=IT1:CL_REFAREA(1.2).045001">
          <Name xml:lang="it" xmlns="http://www.sdmx.org/resources/sdmxml/schemas/v2_1/common">Aulla</Name>
          <Name xml:lang="en" xmlns="http://www.sdmx.org/resources/sdmxml/schemas/v2_1/common">Aulla</Name>
          <Parent>
            <Ref id="ITE11" xmlns="" />
          </Parent>
        </Code>
        <Code id="045002" urn="urn:sdmx:org.sdmx.infomodel.codelist.Code=IT1:CL_REFAREA(1.2).045002">
          <Name xml:lang="it" xmlns="http://www.sdmx.org/resources/sdmxml/schemas/v2_1/common">Bagnone</Name>
          <Name xml:lang="en" xmlns="http://www.sdmx.org/resources/sdmxml/schemas/v2_1/common">Bagnone</Name>
          <Parent>
            <Ref id="ITE11" xmlns="" />
          </Parent>
        </Code>
        <Code id="045003" urn="urn:sdmx:org.sdmx.infomodel.codelist.Code=IT1:CL_REFAREA(1.2).045003">
          <Name xml:lang="it" xmlns="http://www.sdmx.org/resources/sdmxml/schemas/v2_1/common">Carrara</Name>
          <Name xml:lang="en" xmlns="http://www.sdmx.org/resources/sdmxml/schemas/v2_1/common">Carrara</Name>
          <Parent>
            <Ref id="ITE11" xmlns="" />
          </Parent>
        </Code>
        <Code id="045004" urn="urn:sdmx:org.sdmx.infomodel.codelist.Code=IT1:CL_REFAREA(1.2).045004">
          <Name xml:lang="it" xmlns="http://www.sdmx.org/resources/sdmxml/schemas/v2_1/common">Casola in Lunigiana</Name>
          <Name xml:lang="en" xmlns="http://www.sdmx.org/resources/sdmxml/schemas/v2_1/common">Casola in Lunigiana</Name>
          <Parent>
            <Ref id="ITE11" xmlns="" />
          </Parent>
        </Code>
        <Code id="045005" urn="urn:sdmx:org.sdmx.infomodel.codelist.Code=IT1:CL_REFAREA(1.2).045005">
          <Name xml:lang="it" xmlns="http://www.sdmx.org/resources/sdmxml/schemas/v2_1/common">Comano</Name>
          <Name xml:lang="en" xmlns="http://www.sdmx.org/resources/sdmxml/schemas/v2_1/common">Comano</Name>
          <Parent>
            <Ref id="ITE11" xmlns="" />
          </Parent>
        </Code>
        <Code id="045006" urn="urn:sdmx:org.sdmx.infomodel.codelist.Code=IT1:CL_REFAREA(1.2).045006">
          <Name xml:lang="it" xmlns="http://www.sdmx.org/resources/sdmxml/schemas/v2_1/common">Filattiera</Name>
          <Name xml:lang="en" xmlns="http://www.sdmx.org/resources/sdmxml/schemas/v2_1/common">Filattiera</Name>
          <Parent>
            <Ref id="ITE11" xmlns="" />
          </Parent>
        </Code>
        <Code id="045007" urn="urn:sdmx:org.sdmx.infomodel.codelist.Code=IT1:CL_REFAREA(1.2).045007">
          <Name xml:lang="it" xmlns="http://www.sdmx.org/resources/sdmxml/schemas/v2_1/common">Fivizzano</Name>
          <Name xml:lang="en" xmlns="http://www.sdmx.org/resources/sdmxml/schemas/v2_1/common">Fivizzano</Name>
          <Parent>
            <Ref id="ITE11" xmlns="" />
          </Parent>
        </Code>
        <Code id="045008" urn="urn:sdmx:org.sdmx.infomodel.codelist.Code=IT1:CL_REFAREA(1.2).045008">
          <Name xml:lang="it" xmlns="http://www.sdmx.org/resources/sdmxml/schemas/v2_1/common">Fosdinovo</Name>
          <Name xml:lang="en" xmlns="http://www.sdmx.org/resources/sdmxml/schemas/v2_1/common">Fosdinovo</Name>
          <Parent>
            <Ref id="ITE11" xmlns="" />
          </Parent>
        </Code>
        <Code id="045009" urn="urn:sdmx:org.sdmx.infomodel.codelist.Code=IT1:CL_REFAREA(1.2).045009">
          <Name xml:lang="it" xmlns="http://www.sdmx.org/resources/sdmxml/schemas/v2_1/common">Licciana Nardi</Name>
          <Name xml:lang="en" xmlns="http://www.sdmx.org/resources/sdmxml/schemas/v2_1/common">Licciana Nardi</Name>
          <Parent>
            <Ref id="ITE11" xmlns="" />
          </Parent>
        </Code>
        <Code id="045010" urn="urn:sdmx:org.sdmx.infomodel.codelist.Code=IT1:CL_REFAREA(1.2).045010">
          <Name xml:lang="it" xmlns="http://www.sdmx.org/resources/sdmxml/schemas/v2_1/common">Massa</Name>
          <Name xml:lang="en" xmlns="http://www.sdmx.org/resources/sdmxml/schemas/v2_1/common">Massa</Name>
          <Parent>
            <Ref id="ITE11" xmlns="" />
          </Parent>
        </Code>
        <Code id="045011" urn="urn:sdmx:org.sdmx.infomodel.codelist.Code=IT1:CL_REFAREA(1.2).045011">
          <Name xml:lang="it" xmlns="http://www.sdmx.org/resources/sdmxml/schemas/v2_1/common">Montignoso</Name>
          <Name xml:lang="en" xmlns="http://www.sdmx.org/resources/sdmxml/schemas/v2_1/common">Montignoso</Name>
          <Parent>
            <Ref id="ITE11" xmlns="" />
          </Parent>
        </Code>
        <Code id="045012" urn="urn:sdmx:org.sdmx.infomodel.codelist.Code=IT1:CL_REFAREA(1.2).045012">
          <Name xml:lang="it" xmlns="http://www.sdmx.org/resources/sdmxml/schemas/v2_1/common">Mulazzo</Name>
          <Name xml:lang="en" xmlns="http://www.sdmx.org/resources/sdmxml/schemas/v2_1/common">Mulazzo</Name>
          <Parent>
            <Ref id="ITE11" xmlns="" />
          </Parent>
        </Code>
        <Code id="045013" urn="urn:sdmx:org.sdmx.infomodel.codelist.Code=IT1:CL_REFAREA(1.2).045013">
          <Name xml:lang="it" xmlns="http://www.sdmx.org/resources/sdmxml/schemas/v2_1/common">Podenzana</Name>
          <Name xml:lang="en" xmlns="http://www.sdmx.org/resources/sdmxml/schemas/v2_1/common">Podenzana</Name>
          <Parent>
            <Ref id="ITE11" xmlns="" />
          </Parent>
        </Code>
        <Code id="045014" urn="urn:sdmx:org.sdmx.infomodel.codelist.Code=IT1:CL_REFAREA(1.2).045014">
          <Name xml:lang="it" xmlns="http://www.sdmx.org/resources/sdmxml/schemas/v2_1/common">Pontremoli</Name>
          <Name xml:lang="en" xmlns="http://www.sdmx.org/resources/sdmxml/schemas/v2_1/common">Pontremoli</Name>
          <Parent>
            <Ref id="ITE11" xmlns="" />
          </Parent>
        </Code>
        <Code id="045015" urn="urn:sdmx:org.sdmx.infomodel.codelist.Code=IT1:CL_REFAREA(1.2).045015">
          <Name xml:lang="it" xmlns="http://www.sdmx.org/resources/sdmxml/schemas/v2_1/common">Tresana</Name>
          <Name xml:lang="en" xmlns="http://www.sdmx.org/resources/sdmxml/schemas/v2_1/common">Tresana</Name>
          <Parent>
            <Ref id="ITE11" xmlns="" />
          </Parent>
        </Code>
        <Code id="045016" urn="urn:sdmx:org.sdmx.infomodel.codelist.Code=IT1:CL_REFAREA(1.2).045016">
          <Name xml:lang="it" xmlns="http://www.sdmx.org/resources/sdmxml/schemas/v2_1/common">Villafranca in Lunigiana</Name>
          <Name xml:lang="en" xmlns="http://www.sdmx.org/resources/sdmxml/schemas/v2_1/common">Villafranca in Lunigiana</Name>
          <Parent>
            <Ref id="ITE11" xmlns="" />
          </Parent>
        </Code>
        <Code id="045017" urn="urn:sdmx:org.sdmx.infomodel.codelist.Code=IT1:CL_REFAREA(1.2).045017">
          <Name xml:lang="it" xmlns="http://www.sdmx.org/resources/sdmxml/schemas/v2_1/common">Zeri</Name>
          <Name xml:lang="en" xmlns="http://www.sdmx.org/resources/sdmxml/schemas/v2_1/common">Zeri</Name>
          <Parent>
            <Ref id="ITE11" xmlns="" />
          </Parent>
        </Code>
        <Code id="046001" urn="urn:sdmx:org.sdmx.infomodel.codelist.Code=IT1:CL_REFAREA(1.2).046001">
          <Name xml:lang="it" xmlns="http://www.sdmx.org/resources/sdmxml/schemas/v2_1/common">Altopascio</Name>
          <Name xml:lang="en" xmlns="http://www.sdmx.org/resources/sdmxml/schemas/v2_1/common">Altopascio</Name>
          <Parent>
            <Ref id="ITE12" xmlns="" />
          </Parent>
        </Code>
        <Code id="046002" urn="urn:sdmx:org.sdmx.infomodel.codelist.Code=IT1:CL_REFAREA(1.2).046002">
          <Name xml:lang="it" xmlns="http://www.sdmx.org/resources/sdmxml/schemas/v2_1/common">Bagni di Lucca</Name>
          <Name xml:lang="en" xmlns="http://www.sdmx.org/resources/sdmxml/schemas/v2_1/common">Bagni di Lucca</Name>
          <Parent>
            <Ref id="ITE12" xmlns="" />
          </Parent>
        </Code>
        <Code id="046003" urn="urn:sdmx:org.sdmx.infomodel.codelist.Code=IT1:CL_REFAREA(1.2).046003">
          <Name xml:lang="it" xmlns="http://www.sdmx.org/resources/sdmxml/schemas/v2_1/common">Barga</Name>
          <Name xml:lang="en" xmlns="http://www.sdmx.org/resources/sdmxml/schemas/v2_1/common">Barga</Name>
          <Parent>
            <Ref id="ITE12" xmlns="" />
          </Parent>
        </Code>
        <Code id="046004" urn="urn:sdmx:org.sdmx.infomodel.codelist.Code=IT1:CL_REFAREA(1.2).046004">
          <Name xml:lang="it" xmlns="http://www.sdmx.org/resources/sdmxml/schemas/v2_1/common">Borgo a Mozzano</Name>
          <Name xml:lang="en" xmlns="http://www.sdmx.org/resources/sdmxml/schemas/v2_1/common">Borgo a Mozzano</Name>
          <Parent>
            <Ref id="ITE12" xmlns="" />
          </Parent>
        </Code>
        <Code id="046005" urn="urn:sdmx:org.sdmx.infomodel.codelist.Code=IT1:CL_REFAREA(1.2).046005">
          <Name xml:lang="it" xmlns="http://www.sdmx.org/resources/sdmxml/schemas/v2_1/common">Camaiore</Name>
          <Name xml:lang="en" xmlns="http://www.sdmx.org/resources/sdmxml/schemas/v2_1/common">Camaiore</Name>
          <Parent>
            <Ref id="ITE12" xmlns="" />
          </Parent>
        </Code>
        <Code id="046006" urn="urn:sdmx:org.sdmx.infomodel.codelist.Code=IT1:CL_REFAREA(1.2).046006">
          <Name xml:lang="it" xmlns="http://www.sdmx.org/resources/sdmxml/schemas/v2_1/common">Camporgiano</Name>
          <Name xml:lang="en" xmlns="http://www.sdmx.org/resources/sdmxml/schemas/v2_1/common">Camporgiano</Name>
          <Parent>
            <Ref id="ITE12" xmlns="" />
          </Parent>
        </Code>
        <Code id="046007" urn="urn:sdmx:org.sdmx.infomodel.codelist.Code=IT1:CL_REFAREA(1.2).046007">
          <Name xml:lang="it" xmlns="http://www.sdmx.org/resources/sdmxml/schemas/v2_1/common">Capannori</Name>
          <Name xml:lang="en" xmlns="http://www.sdmx.org/resources/sdmxml/schemas/v2_1/common">Capannori</Name>
          <Parent>
            <Ref id="ITE12" xmlns="" />
          </Parent>
        </Code>
        <Code id="046008" urn="urn:sdmx:org.sdmx.infomodel.codelist.Code=IT1:CL_REFAREA(1.2).046008">
          <Name xml:lang="it" xmlns="http://www.sdmx.org/resources/sdmxml/schemas/v2_1/common">Careggine</Name>
          <Name xml:lang="en" xmlns="http://www.sdmx.org/resources/sdmxml/schemas/v2_1/common">Careggine</Name>
          <Parent>
            <Ref id="ITE12" xmlns="" />
          </Parent>
        </Code>
        <Code id="046009" urn="urn:sdmx:org.sdmx.infomodel.codelist.Code=IT1:CL_REFAREA(1.2).046009">
          <Name xml:lang="it" xmlns="http://www.sdmx.org/resources/sdmxml/schemas/v2_1/common">Castelnuovo di Garfagnana</Name>
          <Name xml:lang="en" xmlns="http://www.sdmx.org/resources/sdmxml/schemas/v2_1/common">Castelnuovo di Garfagnana</Name>
          <Parent>
            <Ref id="ITE12" xmlns="" />
          </Parent>
        </Code>
        <Code id="046010" urn="urn:sdmx:org.sdmx.infomodel.codelist.Code=IT1:CL_REFAREA(1.2).046010">
          <Name xml:lang="it" xmlns="http://www.sdmx.org/resources/sdmxml/schemas/v2_1/common">Castiglione di Garfagnana</Name>
          <Name xml:lang="en" xmlns="http://www.sdmx.org/resources/sdmxml/schemas/v2_1/common">Castiglione di Garfagnana</Name>
          <Parent>
            <Ref id="ITE12" xmlns="" />
          </Parent>
        </Code>
        <Code id="046011" urn="urn:sdmx:org.sdmx.infomodel.codelist.Code=IT1:CL_REFAREA(1.2).046011">
          <Name xml:lang="it" xmlns="http://www.sdmx.org/resources/sdmxml/schemas/v2_1/common">Coreglia Antelminelli</Name>
          <Name xml:lang="en" xmlns="http://www.sdmx.org/resources/sdmxml/schemas/v2_1/common">Coreglia Antelminelli</Name>
          <Parent>
            <Ref id="ITE12" xmlns="" />
          </Parent>
        </Code>
        <Code id="046012" urn="urn:sdmx:org.sdmx.infomodel.codelist.Code=IT1:CL_REFAREA(1.2).046012">
          <Name xml:lang="it" xmlns="http://www.sdmx.org/resources/sdmxml/schemas/v2_1/common">Fabbriche di Vallico</Name>
          <Name xml:lang="en" xmlns="http://www.sdmx.org/resources/sdmxml/schemas/v2_1/common">Fabbriche di Vallico</Name>
          <Parent>
            <Ref id="ITE12" xmlns="" />
          </Parent>
        </Code>
        <Code id="046013" urn="urn:sdmx:org.sdmx.infomodel.codelist.Code=IT1:CL_REFAREA(1.2).046013">
          <Name xml:lang="it" xmlns="http://www.sdmx.org/resources/sdmxml/schemas/v2_1/common">Forte dei Marmi</Name>
          <Name xml:lang="en" xmlns="http://www.sdmx.org/resources/sdmxml/schemas/v2_1/common">Forte dei Marmi</Name>
          <Parent>
            <Ref id="ITE12" xmlns="" />
          </Parent>
        </Code>
        <Code id="046014" urn="urn:sdmx:org.sdmx.infomodel.codelist.Code=IT1:CL_REFAREA(1.2).046014">
          <Name xml:lang="it" xmlns="http://www.sdmx.org/resources/sdmxml/schemas/v2_1/common">Fosciandora</Name>
          <Name xml:lang="en" xmlns="http://www.sdmx.org/resources/sdmxml/schemas/v2_1/common">Fosciandora</Name>
          <Parent>
            <Ref id="ITE12" xmlns="" />
          </Parent>
        </Code>
        <Code id="046015" urn="urn:sdmx:org.sdmx.infomodel.codelist.Code=IT1:CL_REFAREA(1.2).046015">
          <Name xml:lang="it" xmlns="http://www.sdmx.org/resources/sdmxml/schemas/v2_1/common">Gallicano</Name>
          <Name xml:lang="en" xmlns="http://www.sdmx.org/resources/sdmxml/schemas/v2_1/common">Gallicano</Name>
          <Parent>
            <Ref id="ITE12" xmlns="" />
          </Parent>
        </Code>
        <Code id="046016" urn="urn:sdmx:org.sdmx.infomodel.codelist.Code=IT1:CL_REFAREA(1.2).046016">
          <Name xml:lang="it" xmlns="http://www.sdmx.org/resources/sdmxml/schemas/v2_1/common">Giuncugnano</Name>
          <Name xml:lang="en" xmlns="http://www.sdmx.org/resources/sdmxml/schemas/v2_1/common">Giuncugnano</Name>
          <Parent>
            <Ref id="ITE12" xmlns="" />
          </Parent>
        </Code>
        <Code id="046017" urn="urn:sdmx:org.sdmx.infomodel.codelist.Code=IT1:CL_REFAREA(1.2).046017">
          <Name xml:lang="it" xmlns="http://www.sdmx.org/resources/sdmxml/schemas/v2_1/common">Lucca</Name>
          <Name xml:lang="en" xmlns="http://www.sdmx.org/resources/sdmxml/schemas/v2_1/common">Lucca</Name>
          <Parent>
            <Ref id="ITE12" xmlns="" />
          </Parent>
        </Code>
        <Code id="046018" urn="urn:sdmx:org.sdmx.infomodel.codelist.Code=IT1:CL_REFAREA(1.2).046018">
          <Name xml:lang="it" xmlns="http://www.sdmx.org/resources/sdmxml/schemas/v2_1/common">Massarosa</Name>
          <Name xml:lang="en" xmlns="http://www.sdmx.org/resources/sdmxml/schemas/v2_1/common">Massarosa</Name>
          <Parent>
            <Ref id="ITE12" xmlns="" />
          </Parent>
        </Code>
        <Code id="046019" urn="urn:sdmx:org.sdmx.infomodel.codelist.Code=IT1:CL_REFAREA(1.2).046019">
          <Name xml:lang="it" xmlns="http://www.sdmx.org/resources/sdmxml/schemas/v2_1/common">Minucciano</Name>
          <Name xml:lang="en" xmlns="http://www.sdmx.org/resources/sdmxml/schemas/v2_1/common">Minucciano</Name>
          <Parent>
            <Ref id="ITE12" xmlns="" />
          </Parent>
        </Code>
        <Code id="046020" urn="urn:sdmx:org.sdmx.infomodel.codelist.Code=IT1:CL_REFAREA(1.2).046020">
          <Name xml:lang="it" xmlns="http://www.sdmx.org/resources/sdmxml/schemas/v2_1/common">Molazzana</Name>
          <Name xml:lang="en" xmlns="http://www.sdmx.org/resources/sdmxml/schemas/v2_1/common">Molazzana</Name>
          <Parent>
            <Ref id="ITE12" xmlns="" />
          </Parent>
        </Code>
        <Code id="046021" urn="urn:sdmx:org.sdmx.infomodel.codelist.Code=IT1:CL_REFAREA(1.2).046021">
          <Name xml:lang="it" xmlns="http://www.sdmx.org/resources/sdmxml/schemas/v2_1/common">Montecarlo</Name>
          <Name xml:lang="en" xmlns="http://www.sdmx.org/resources/sdmxml/schemas/v2_1/common">Montecarlo</Name>
          <Parent>
            <Ref id="ITE12" xmlns="" />
          </Parent>
        </Code>
        <Code id="046022" urn="urn:sdmx:org.sdmx.infomodel.codelist.Code=IT1:CL_REFAREA(1.2).046022">
          <Name xml:lang="it" xmlns="http://www.sdmx.org/resources/sdmxml/schemas/v2_1/common">Pescaglia</Name>
          <Name xml:lang="en" xmlns="http://www.sdmx.org/resources/sdmxml/schemas/v2_1/common">Pescaglia</Name>
          <Parent>
            <Ref id="ITE12" xmlns="" />
          </Parent>
        </Code>
        <Code id="046023" urn="urn:sdmx:org.sdmx.infomodel.codelist.Code=IT1:CL_REFAREA(1.2).046023">
          <Name xml:lang="it" xmlns="http://www.sdmx.org/resources/sdmxml/schemas/v2_1/common">Piazza al Serchio</Name>
          <Name xml:lang="en" xmlns="http://www.sdmx.org/resources/sdmxml/schemas/v2_1/common">Piazza al Serchio</Name>
          <Parent>
            <Ref id="ITE12" xmlns="" />
          </Parent>
        </Code>
        <Code id="046024" urn="urn:sdmx:org.sdmx.infomodel.codelist.Code=IT1:CL_REFAREA(1.2).046024">
          <Name xml:lang="it" xmlns="http://www.sdmx.org/resources/sdmxml/schemas/v2_1/common">Pietrasanta</Name>
          <Name xml:lang="en" xmlns="http://www.sdmx.org/resources/sdmxml/schemas/v2_1/common">Pietrasanta</Name>
          <Parent>
            <Ref id="ITE12" xmlns="" />
          </Parent>
        </Code>
        <Code id="046025" urn="urn:sdmx:org.sdmx.infomodel.codelist.Code=IT1:CL_REFAREA(1.2).046025">
          <Name xml:lang="it" xmlns="http://www.sdmx.org/resources/sdmxml/schemas/v2_1/common">Pieve Fosciana</Name>
          <Name xml:lang="en" xmlns="http://www.sdmx.org/resources/sdmxml/schemas/v2_1/common">Pieve Fosciana</Name>
          <Parent>
            <Ref id="ITE12" xmlns="" />
          </Parent>
        </Code>
        <Code id="046026" urn="urn:sdmx:org.sdmx.infomodel.codelist.Code=IT1:CL_REFAREA(1.2).046026">
          <Name xml:lang="it" xmlns="http://www.sdmx.org/resources/sdmxml/schemas/v2_1/common">Porcari</Name>
          <Name xml:lang="en" xmlns="http://www.sdmx.org/resources/sdmxml/schemas/v2_1/common">Porcari</Name>
          <Parent>
            <Ref id="ITE12" xmlns="" />
          </Parent>
        </Code>
        <Code id="046027" urn="urn:sdmx:org.sdmx.infomodel.codelist.Code=IT1:CL_REFAREA(1.2).046027">
          <Name xml:lang="it" xmlns="http://www.sdmx.org/resources/sdmxml/schemas/v2_1/common">San Romano in Garfagnana</Name>
          <Name xml:lang="en" xmlns="http://www.sdmx.org/resources/sdmxml/schemas/v2_1/common">San Romano in Garfagnana</Name>
          <Parent>
            <Ref id="ITE12" xmlns="" />
          </Parent>
        </Code>
        <Code id="046028" urn="urn:sdmx:org.sdmx.infomodel.codelist.Code=IT1:CL_REFAREA(1.2).046028">
          <Name xml:lang="it" xmlns="http://www.sdmx.org/resources/sdmxml/schemas/v2_1/common">Seravezza</Name>
          <Name xml:lang="en" xmlns="http://www.sdmx.org/resources/sdmxml/schemas/v2_1/common">Seravezza</Name>
          <Parent>
            <Ref id="ITE12" xmlns="" />
          </Parent>
        </Code>
        <Code id="046029" urn="urn:sdmx:org.sdmx.infomodel.codelist.Code=IT1:CL_REFAREA(1.2).046029">
          <Name xml:lang="it" xmlns="http://www.sdmx.org/resources/sdmxml/schemas/v2_1/common">Sillano</Name>
          <Name xml:lang="en" xmlns="http://www.sdmx.org/resources/sdmxml/schemas/v2_1/common">Sillano</Name>
          <Parent>
            <Ref id="ITE12" xmlns="" />
          </Parent>
        </Code>
        <Code id="046030" urn="urn:sdmx:org.sdmx.infomodel.codelist.Code=IT1:CL_REFAREA(1.2).046030">
          <Name xml:lang="it" xmlns="http://www.sdmx.org/resources/sdmxml/schemas/v2_1/common">Stazzema</Name>
          <Name xml:lang="en" xmlns="http://www.sdmx.org/resources/sdmxml/schemas/v2_1/common">Stazzema</Name>
          <Parent>
            <Ref id="ITE12" xmlns="" />
          </Parent>
        </Code>
        <Code id="046031" urn="urn:sdmx:org.sdmx.infomodel.codelist.Code=IT1:CL_REFAREA(1.2).046031">
          <Name xml:lang="it" xmlns="http://www.sdmx.org/resources/sdmxml/schemas/v2_1/common">Vagli Sotto</Name>
          <Name xml:lang="en" xmlns="http://www.sdmx.org/resources/sdmxml/schemas/v2_1/common">Vagli Sotto</Name>
          <Parent>
            <Ref id="ITE12" xmlns="" />
          </Parent>
        </Code>
        <Code id="046032" urn="urn:sdmx:org.sdmx.infomodel.codelist.Code=IT1:CL_REFAREA(1.2).046032">
          <Name xml:lang="it" xmlns="http://www.sdmx.org/resources/sdmxml/schemas/v2_1/common">Vergemoli</Name>
          <Name xml:lang="en" xmlns="http://www.sdmx.org/resources/sdmxml/schemas/v2_1/common">Vergemoli</Name>
          <Parent>
            <Ref id="ITE12" xmlns="" />
          </Parent>
        </Code>
        <Code id="046033" urn="urn:sdmx:org.sdmx.infomodel.codelist.Code=IT1:CL_REFAREA(1.2).046033">
          <Name xml:lang="it" xmlns="http://www.sdmx.org/resources/sdmxml/schemas/v2_1/common">Viareggio</Name>
          <Name xml:lang="en" xmlns="http://www.sdmx.org/resources/sdmxml/schemas/v2_1/common">Viareggio</Name>
          <Parent>
            <Ref id="ITE12" xmlns="" />
          </Parent>
        </Code>
        <Code id="046034" urn="urn:sdmx:org.sdmx.infomodel.codelist.Code=IT1:CL_REFAREA(1.2).046034">
          <Name xml:lang="it" xmlns="http://www.sdmx.org/resources/sdmxml/schemas/v2_1/common">Villa Basilica</Name>
          <Name xml:lang="en" xmlns="http://www.sdmx.org/resources/sdmxml/schemas/v2_1/common">Villa Basilica</Name>
          <Parent>
            <Ref id="ITE12" xmlns="" />
          </Parent>
        </Code>
        <Code id="046035" urn="urn:sdmx:org.sdmx.infomodel.codelist.Code=IT1:CL_REFAREA(1.2).046035">
          <Name xml:lang="it" xmlns="http://www.sdmx.org/resources/sdmxml/schemas/v2_1/common">Villa Collemandina</Name>
          <Name xml:lang="en" xmlns="http://www.sdmx.org/resources/sdmxml/schemas/v2_1/common">Villa Collemandina</Name>
          <Parent>
            <Ref id="ITE12" xmlns="" />
          </Parent>
        </Code>
        <Code id="047001" urn="urn:sdmx:org.sdmx.infomodel.codelist.Code=IT1:CL_REFAREA(1.2).047001">
          <Name xml:lang="it" xmlns="http://www.sdmx.org/resources/sdmxml/schemas/v2_1/common">Abetone</Name>
          <Name xml:lang="en" xmlns="http://www.sdmx.org/resources/sdmxml/schemas/v2_1/common">Abetone</Name>
          <Parent>
            <Ref id="ITE13" xmlns="" />
          </Parent>
        </Code>
        <Code id="047002" urn="urn:sdmx:org.sdmx.infomodel.codelist.Code=IT1:CL_REFAREA(1.2).047002">
          <Name xml:lang="it" xmlns="http://www.sdmx.org/resources/sdmxml/schemas/v2_1/common">Agliana</Name>
          <Name xml:lang="en" xmlns="http://www.sdmx.org/resources/sdmxml/schemas/v2_1/common">Agliana</Name>
          <Parent>
            <Ref id="ITE13" xmlns="" />
          </Parent>
        </Code>
        <Code id="047003" urn="urn:sdmx:org.sdmx.infomodel.codelist.Code=IT1:CL_REFAREA(1.2).047003">
          <Name xml:lang="it" xmlns="http://www.sdmx.org/resources/sdmxml/schemas/v2_1/common">Buggiano</Name>
          <Name xml:lang="en" xmlns="http://www.sdmx.org/resources/sdmxml/schemas/v2_1/common">Buggiano</Name>
          <Parent>
            <Ref id="ITE13" xmlns="" />
          </Parent>
        </Code>
        <Code id="047004" urn="urn:sdmx:org.sdmx.infomodel.codelist.Code=IT1:CL_REFAREA(1.2).047004">
          <Name xml:lang="it" xmlns="http://www.sdmx.org/resources/sdmxml/schemas/v2_1/common">Cutigliano</Name>
          <Name xml:lang="en" xmlns="http://www.sdmx.org/resources/sdmxml/schemas/v2_1/common">Cutigliano</Name>
          <Parent>
            <Ref id="ITE13" xmlns="" />
          </Parent>
        </Code>
        <Code id="047005" urn="urn:sdmx:org.sdmx.infomodel.codelist.Code=IT1:CL_REFAREA(1.2).047005">
          <Name xml:lang="it" xmlns="http://www.sdmx.org/resources/sdmxml/schemas/v2_1/common">Lamporecchio</Name>
          <Name xml:lang="en" xmlns="http://www.sdmx.org/resources/sdmxml/schemas/v2_1/common">Lamporecchio</Name>
          <Parent>
            <Ref id="ITE13" xmlns="" />
          </Parent>
        </Code>
        <Code id="047006" urn="urn:sdmx:org.sdmx.infomodel.codelist.Code=IT1:CL_REFAREA(1.2).047006">
          <Name xml:lang="it" xmlns="http://www.sdmx.org/resources/sdmxml/schemas/v2_1/common">Larciano</Name>
          <Name xml:lang="en" xmlns="http://www.sdmx.org/resources/sdmxml/schemas/v2_1/common">Larciano</Name>
          <Parent>
            <Ref id="ITE13" xmlns="" />
          </Parent>
        </Code>
        <Code id="047007" urn="urn:sdmx:org.sdmx.infomodel.codelist.Code=IT1:CL_REFAREA(1.2).047007">
          <Name xml:lang="it" xmlns="http://www.sdmx.org/resources/sdmxml/schemas/v2_1/common">Marliana</Name>
          <Name xml:lang="en" xmlns="http://www.sdmx.org/resources/sdmxml/schemas/v2_1/common">Marliana</Name>
          <Parent>
            <Ref id="ITE13" xmlns="" />
          </Parent>
        </Code>
        <Code id="047008" urn="urn:sdmx:org.sdmx.infomodel.codelist.Code=IT1:CL_REFAREA(1.2).047008">
          <Name xml:lang="it" xmlns="http://www.sdmx.org/resources/sdmxml/schemas/v2_1/common">Massa e Cozzile</Name>
          <Name xml:lang="en" xmlns="http://www.sdmx.org/resources/sdmxml/schemas/v2_1/common">Massa e Cozzile</Name>
          <Parent>
            <Ref id="ITE13" xmlns="" />
          </Parent>
        </Code>
        <Code id="047009" urn="urn:sdmx:org.sdmx.infomodel.codelist.Code=IT1:CL_REFAREA(1.2).047009">
          <Name xml:lang="it" xmlns="http://www.sdmx.org/resources/sdmxml/schemas/v2_1/common">Monsummano Terme</Name>
          <Name xml:lang="en" xmlns="http://www.sdmx.org/resources/sdmxml/schemas/v2_1/common">Monsummano Terme</Name>
          <Parent>
            <Ref id="ITE13" xmlns="" />
          </Parent>
        </Code>
        <Code id="047010" urn="urn:sdmx:org.sdmx.infomodel.codelist.Code=IT1:CL_REFAREA(1.2).047010">
          <Name xml:lang="it" xmlns="http://www.sdmx.org/resources/sdmxml/schemas/v2_1/common">Montale</Name>
          <Name xml:lang="en" xmlns="http://www.sdmx.org/resources/sdmxml/schemas/v2_1/common">Montale</Name>
          <Parent>
            <Ref id="ITE13" xmlns="" />
          </Parent>
        </Code>
        <Code id="047011" urn="urn:sdmx:org.sdmx.infomodel.codelist.Code=IT1:CL_REFAREA(1.2).047011">
          <Name xml:lang="it" xmlns="http://www.sdmx.org/resources/sdmxml/schemas/v2_1/common">Montecatini-Terme</Name>
          <Name xml:lang="en" xmlns="http://www.sdmx.org/resources/sdmxml/schemas/v2_1/common">Montecatini-Terme</Name>
          <Parent>
            <Ref id="ITE13" xmlns="" />
          </Parent>
        </Code>
        <Code id="047012" urn="urn:sdmx:org.sdmx.infomodel.codelist.Code=IT1:CL_REFAREA(1.2).047012">
          <Name xml:lang="it" xmlns="http://www.sdmx.org/resources/sdmxml/schemas/v2_1/common">Pescia</Name>
          <Name xml:lang="en" xmlns="http://www.sdmx.org/resources/sdmxml/schemas/v2_1/common">Pescia</Name>
          <Parent>
            <Ref id="ITE13" xmlns="" />
          </Parent>
        </Code>
        <Code id="047013" urn="urn:sdmx:org.sdmx.infomodel.codelist.Code=IT1:CL_REFAREA(1.2).047013">
          <Name xml:lang="it" xmlns="http://www.sdmx.org/resources/sdmxml/schemas/v2_1/common">Pieve a Nievole</Name>
          <Name xml:lang="en" xmlns="http://www.sdmx.org/resources/sdmxml/schemas/v2_1/common">Pieve a Nievole</Name>
          <Parent>
            <Ref id="ITE13" xmlns="" />
          </Parent>
        </Code>
        <Code id="047014" urn="urn:sdmx:org.sdmx.infomodel.codelist.Code=IT1:CL_REFAREA(1.2).047014">
          <Name xml:lang="it" xmlns="http://www.sdmx.org/resources/sdmxml/schemas/v2_1/common">Pistoia</Name>
          <Name xml:lang="en" xmlns="http://www.sdmx.org/resources/sdmxml/schemas/v2_1/common">Pistoia</Name>
          <Parent>
            <Ref id="ITE13" xmlns="" />
          </Parent>
        </Code>
        <Code id="047015" urn="urn:sdmx:org.sdmx.infomodel.codelist.Code=IT1:CL_REFAREA(1.2).047015">
          <Name xml:lang="it" xmlns="http://www.sdmx.org/resources/sdmxml/schemas/v2_1/common">Piteglio</Name>
          <Name xml:lang="en" xmlns="http://www.sdmx.org/resources/sdmxml/schemas/v2_1/common">Piteglio</Name>
          <Parent>
            <Ref id="ITE13" xmlns="" />
          </Parent>
        </Code>
        <Code id="047016" urn="urn:sdmx:org.sdmx.infomodel.codelist.Code=IT1:CL_REFAREA(1.2).047016">
          <Name xml:lang="it" xmlns="http://www.sdmx.org/resources/sdmxml/schemas/v2_1/common">Ponte Buggianese</Name>
          <Name xml:lang="en" xmlns="http://www.sdmx.org/resources/sdmxml/schemas/v2_1/common">Ponte Buggianese</Name>
          <Parent>
            <Ref id="ITE13" xmlns="" />
          </Parent>
        </Code>
        <Code id="047017" urn="urn:sdmx:org.sdmx.infomodel.codelist.Code=IT1:CL_REFAREA(1.2).047017">
          <Name xml:lang="it" xmlns="http://www.sdmx.org/resources/sdmxml/schemas/v2_1/common">Quarrata</Name>
          <Name xml:lang="en" xmlns="http://www.sdmx.org/resources/sdmxml/schemas/v2_1/common">Quarrata</Name>
          <Parent>
            <Ref id="ITE13" xmlns="" />
          </Parent>
        </Code>
        <Code id="047018" urn="urn:sdmx:org.sdmx.infomodel.codelist.Code=IT1:CL_REFAREA(1.2).047018">
          <Name xml:lang="it" xmlns="http://www.sdmx.org/resources/sdmxml/schemas/v2_1/common">Sambuca Pistoiese</Name>
          <Name xml:lang="en" xmlns="http://www.sdmx.org/resources/sdmxml/schemas/v2_1/common">Sambuca Pistoiese</Name>
          <Parent>
            <Ref id="ITE13" xmlns="" />
          </Parent>
        </Code>
        <Code id="047019" urn="urn:sdmx:org.sdmx.infomodel.codelist.Code=IT1:CL_REFAREA(1.2).047019">
          <Name xml:lang="it" xmlns="http://www.sdmx.org/resources/sdmxml/schemas/v2_1/common">San Marcello Pistoiese</Name>
          <Name xml:lang="en" xmlns="http://www.sdmx.org/resources/sdmxml/schemas/v2_1/common">San Marcello Pistoiese</Name>
          <Parent>
            <Ref id="ITE13" xmlns="" />
          </Parent>
        </Code>
        <Code id="047020" urn="urn:sdmx:org.sdmx.infomodel.codelist.Code=IT1:CL_REFAREA(1.2).047020">
          <Name xml:lang="it" xmlns="http://www.sdmx.org/resources/sdmxml/schemas/v2_1/common">Serravalle Pistoiese</Name>
          <Name xml:lang="en" xmlns="http://www.sdmx.org/resources/sdmxml/schemas/v2_1/common">Serravalle Pistoiese</Name>
          <Parent>
            <Ref id="ITE13" xmlns="" />
          </Parent>
        </Code>
        <Code id="047021" urn="urn:sdmx:org.sdmx.infomodel.codelist.Code=IT1:CL_REFAREA(1.2).047021">
          <Name xml:lang="it" xmlns="http://www.sdmx.org/resources/sdmxml/schemas/v2_1/common">Uzzano</Name>
          <Name xml:lang="en" xmlns="http://www.sdmx.org/resources/sdmxml/schemas/v2_1/common">Uzzano</Name>
          <Parent>
            <Ref id="ITE13" xmlns="" />
          </Parent>
        </Code>
        <Code id="047022" urn="urn:sdmx:org.sdmx.infomodel.codelist.Code=IT1:CL_REFAREA(1.2).047022">
          <Name xml:lang="it" xmlns="http://www.sdmx.org/resources/sdmxml/schemas/v2_1/common">Chiesina Uzzanese</Name>
          <Name xml:lang="en" xmlns="http://www.sdmx.org/resources/sdmxml/schemas/v2_1/common">Chiesina Uzzanese</Name>
          <Parent>
            <Ref id="ITE13" xmlns="" />
          </Parent>
        </Code>
        <Code id="048001" urn="urn:sdmx:org.sdmx.infomodel.codelist.Code=IT1:CL_REFAREA(1.2).048001">
          <Name xml:lang="it" xmlns="http://www.sdmx.org/resources/sdmxml/schemas/v2_1/common">Bagno a Ripoli</Name>
          <Name xml:lang="en" xmlns="http://www.sdmx.org/resources/sdmxml/schemas/v2_1/common">Bagno a Ripoli</Name>
          <Parent>
            <Ref id="ITE14" xmlns="" />
          </Parent>
        </Code>
        <Code id="048002" urn="urn:sdmx:org.sdmx.infomodel.codelist.Code=IT1:CL_REFAREA(1.2).048002">
          <Name xml:lang="it" xmlns="http://www.sdmx.org/resources/sdmxml/schemas/v2_1/common">Barberino di Mugello</Name>
          <Name xml:lang="en" xmlns="http://www.sdmx.org/resources/sdmxml/schemas/v2_1/common">Barberino di Mugello</Name>
          <Parent>
            <Ref id="ITE14" xmlns="" />
          </Parent>
        </Code>
        <Code id="048003" urn="urn:sdmx:org.sdmx.infomodel.codelist.Code=IT1:CL_REFAREA(1.2).048003">
          <Name xml:lang="it" xmlns="http://www.sdmx.org/resources/sdmxml/schemas/v2_1/common">Barberino Val d'Elsa</Name>
          <Name xml:lang="en" xmlns="http://www.sdmx.org/resources/sdmxml/schemas/v2_1/common">Barberino Val d'Elsa</Name>
          <Parent>
            <Ref id="ITE14" xmlns="" />
          </Parent>
        </Code>
        <Code id="048004" urn="urn:sdmx:org.sdmx.infomodel.codelist.Code=IT1:CL_REFAREA(1.2).048004">
          <Name xml:lang="it" xmlns="http://www.sdmx.org/resources/sdmxml/schemas/v2_1/common">Borgo San Lorenzo</Name>
          <Name xml:lang="en" xmlns="http://www.sdmx.org/resources/sdmxml/schemas/v2_1/common">Borgo San Lorenzo</Name>
          <Parent>
            <Ref id="ITE14" xmlns="" />
          </Parent>
        </Code>
        <Code id="048005" urn="urn:sdmx:org.sdmx.infomodel.codelist.Code=IT1:CL_REFAREA(1.2).048005">
          <Name xml:lang="it" xmlns="http://www.sdmx.org/resources/sdmxml/schemas/v2_1/common">Calenzano</Name>
          <Name xml:lang="en" xmlns="http://www.sdmx.org/resources/sdmxml/schemas/v2_1/common">Calenzano</Name>
          <Parent>
            <Ref id="ITE14" xmlns="" />
          </Parent>
        </Code>
        <Code id="048006" urn="urn:sdmx:org.sdmx.infomodel.codelist.Code=IT1:CL_REFAREA(1.2).048006">
          <Name xml:lang="it" xmlns="http://www.sdmx.org/resources/sdmxml/schemas/v2_1/common">Campi Bisenzio</Name>
          <Name xml:lang="en" xmlns="http://www.sdmx.org/resources/sdmxml/schemas/v2_1/common">Campi Bisenzio</Name>
          <Parent>
            <Ref id="ITE14" xmlns="" />
          </Parent>
        </Code>
        <Code id="048007" urn="urn:sdmx:org.sdmx.infomodel.codelist.Code=IT1:CL_REFAREA(1.2).048007">
          <Name xml:lang="it" xmlns="http://www.sdmx.org/resources/sdmxml/schemas/v2_1/common">Cantagallo</Name>
          <Name xml:lang="en" xmlns="http://www.sdmx.org/resources/sdmxml/schemas/v2_1/common">Cantagallo</Name>
          <Parent>
            <Ref id="ITE14" xmlns="" />
          </Parent>
        </Code>
        <Code id="048008" urn="urn:sdmx:org.sdmx.infomodel.codelist.Code=IT1:CL_REFAREA(1.2).048008">
          <Name xml:lang="it" xmlns="http://www.sdmx.org/resources/sdmxml/schemas/v2_1/common">Capraia e Limite</Name>
          <Name xml:lang="en" xmlns="http://www.sdmx.org/resources/sdmxml/schemas/v2_1/common">Capraia e Limite</Name>
          <Parent>
            <Ref id="ITE14" xmlns="" />
          </Parent>
        </Code>
        <Code id="048009" urn="urn:sdmx:org.sdmx.infomodel.codelist.Code=IT1:CL_REFAREA(1.2).048009">
          <Name xml:lang="it" xmlns="http://www.sdmx.org/resources/sdmxml/schemas/v2_1/common">Carmignano</Name>
          <Name xml:lang="en" xmlns="http://www.sdmx.org/resources/sdmxml/schemas/v2_1/common">Carmignano</Name>
          <Parent>
            <Ref id="ITE14" xmlns="" />
          </Parent>
        </Code>
        <Code id="048010" urn="urn:sdmx:org.sdmx.infomodel.codelist.Code=IT1:CL_REFAREA(1.2).048010">
          <Name xml:lang="it" xmlns="http://www.sdmx.org/resources/sdmxml/schemas/v2_1/common">Castelfiorentino</Name>
          <Name xml:lang="en" xmlns="http://www.sdmx.org/resources/sdmxml/schemas/v2_1/common">Castelfiorentino</Name>
          <Parent>
            <Ref id="ITE14" xmlns="" />
          </Parent>
        </Code>
        <Code id="048011" urn="urn:sdmx:org.sdmx.infomodel.codelist.Code=IT1:CL_REFAREA(1.2).048011">
          <Name xml:lang="it" xmlns="http://www.sdmx.org/resources/sdmxml/schemas/v2_1/common">Cerreto Guidi</Name>
          <Name xml:lang="en" xmlns="http://www.sdmx.org/resources/sdmxml/schemas/v2_1/common">Cerreto Guidi</Name>
          <Parent>
            <Ref id="ITE14" xmlns="" />
          </Parent>
        </Code>
        <Code id="048012" urn="urn:sdmx:org.sdmx.infomodel.codelist.Code=IT1:CL_REFAREA(1.2).048012">
          <Name xml:lang="it" xmlns="http://www.sdmx.org/resources/sdmxml/schemas/v2_1/common">Certaldo</Name>
          <Name xml:lang="en" xmlns="http://www.sdmx.org/resources/sdmxml/schemas/v2_1/common">Certaldo</Name>
          <Parent>
            <Ref id="ITE14" xmlns="" />
          </Parent>
        </Code>
        <Code id="048013" urn="urn:sdmx:org.sdmx.infomodel.codelist.Code=IT1:CL_REFAREA(1.2).048013">
          <Name xml:lang="it" xmlns="http://www.sdmx.org/resources/sdmxml/schemas/v2_1/common">Dicomano</Name>
          <Name xml:lang="en" xmlns="http://www.sdmx.org/resources/sdmxml/schemas/v2_1/common">Dicomano</Name>
          <Parent>
            <Ref id="ITE14" xmlns="" />
          </Parent>
        </Code>
        <Code id="048014" urn="urn:sdmx:org.sdmx.infomodel.codelist.Code=IT1:CL_REFAREA(1.2).048014">
          <Name xml:lang="it" xmlns="http://www.sdmx.org/resources/sdmxml/schemas/v2_1/common">Empoli</Name>
          <Name xml:lang="en" xmlns="http://www.sdmx.org/resources/sdmxml/schemas/v2_1/common">Empoli</Name>
          <Parent>
            <Ref id="ITE14" xmlns="" />
          </Parent>
        </Code>
        <Code id="048015" urn="urn:sdmx:org.sdmx.infomodel.codelist.Code=IT1:CL_REFAREA(1.2).048015">
          <Name xml:lang="it" xmlns="http://www.sdmx.org/resources/sdmxml/schemas/v2_1/common">Fiesole</Name>
          <Name xml:lang="en" xmlns="http://www.sdmx.org/resources/sdmxml/schemas/v2_1/common">Fiesole</Name>
          <Parent>
            <Ref id="ITE14" xmlns="" />
          </Parent>
        </Code>
        <Code id="048016" urn="urn:sdmx:org.sdmx.infomodel.codelist.Code=IT1:CL_REFAREA(1.2).048016">
          <Name xml:lang="it" xmlns="http://www.sdmx.org/resources/sdmxml/schemas/v2_1/common">Figline Valdarno</Name>
          <Name xml:lang="en" xmlns="http://www.sdmx.org/resources/sdmxml/schemas/v2_1/common">Figline Valdarno</Name>
          <Parent>
            <Ref id="ITE14" xmlns="" />
          </Parent>
        </Code>
        <Code id="048017" urn="urn:sdmx:org.sdmx.infomodel.codelist.Code=IT1:CL_REFAREA(1.2).048017">
          <Name xml:lang="it" xmlns="http://www.sdmx.org/resources/sdmxml/schemas/v2_1/common">Firenze</Name>
          <Name xml:lang="en" xmlns="http://www.sdmx.org/resources/sdmxml/schemas/v2_1/common">Firenze</Name>
          <Parent>
            <Ref id="ITE14" xmlns="" />
          </Parent>
        </Code>
        <Code id="048018" urn="urn:sdmx:org.sdmx.infomodel.codelist.Code=IT1:CL_REFAREA(1.2).048018">
          <Name xml:lang="it" xmlns="http://www.sdmx.org/resources/sdmxml/schemas/v2_1/common">Firenzuola</Name>
          <Name xml:lang="en" xmlns="http://www.sdmx.org/resources/sdmxml/schemas/v2_1/common">Firenzuola</Name>
          <Parent>
            <Ref id="ITE14" xmlns="" />
          </Parent>
        </Code>
        <Code id="048019" urn="urn:sdmx:org.sdmx.infomodel.codelist.Code=IT1:CL_REFAREA(1.2).048019">
          <Name xml:lang="it" xmlns="http://www.sdmx.org/resources/sdmxml/schemas/v2_1/common">Fucecchio</Name>
          <Name xml:lang="en" xmlns="http://www.sdmx.org/resources/sdmxml/schemas/v2_1/common">Fucecchio</Name>
          <Parent>
            <Ref id="ITE14" xmlns="" />
          </Parent>
        </Code>
        <Code id="048020" urn="urn:sdmx:org.sdmx.infomodel.codelist.Code=IT1:CL_REFAREA(1.2).048020">
          <Name xml:lang="it" xmlns="http://www.sdmx.org/resources/sdmxml/schemas/v2_1/common">Gambassi Terme</Name>
          <Name xml:lang="en" xmlns="http://www.sdmx.org/resources/sdmxml/schemas/v2_1/common">Gambassi Terme</Name>
          <Parent>
            <Ref id="ITE14" xmlns="" />
          </Parent>
        </Code>
        <Code id="048021" urn="urn:sdmx:org.sdmx.infomodel.codelist.Code=IT1:CL_REFAREA(1.2).048021">
          <Name xml:lang="it" xmlns="http://www.sdmx.org/resources/sdmxml/schemas/v2_1/common">Greve in Chianti</Name>
          <Name xml:lang="en" xmlns="http://www.sdmx.org/resources/sdmxml/schemas/v2_1/common">Greve in Chianti</Name>
          <Parent>
            <Ref id="ITE14" xmlns="" />
          </Parent>
        </Code>
        <Code id="048022" urn="urn:sdmx:org.sdmx.infomodel.codelist.Code=IT1:CL_REFAREA(1.2).048022">
          <Name xml:lang="it" xmlns="http://www.sdmx.org/resources/sdmxml/schemas/v2_1/common">Impruneta</Name>
          <Name xml:lang="en" xmlns="http://www.sdmx.org/resources/sdmxml/schemas/v2_1/common">Impruneta</Name>
          <Parent>
            <Ref id="ITE14" xmlns="" />
          </Parent>
        </Code>
        <Code id="048023" urn="urn:sdmx:org.sdmx.infomodel.codelist.Code=IT1:CL_REFAREA(1.2).048023">
          <Name xml:lang="it" xmlns="http://www.sdmx.org/resources/sdmxml/schemas/v2_1/common">Incisa in Val d'Arno</Name>
          <Name xml:lang="en" xmlns="http://www.sdmx.org/resources/sdmxml/schemas/v2_1/common">Incisa in Val d'Arno</Name>
          <Parent>
            <Ref id="ITE14" xmlns="" />
          </Parent>
        </Code>
        <Code id="048024" urn="urn:sdmx:org.sdmx.infomodel.codelist.Code=IT1:CL_REFAREA(1.2).048024">
          <Name xml:lang="it" xmlns="http://www.sdmx.org/resources/sdmxml/schemas/v2_1/common">Lastra a Signa</Name>
          <Name xml:lang="en" xmlns="http://www.sdmx.org/resources/sdmxml/schemas/v2_1/common">Lastra a Signa</Name>
          <Parent>
            <Ref id="ITE14" xmlns="" />
          </Parent>
        </Code>
        <Code id="048025" urn="urn:sdmx:org.sdmx.infomodel.codelist.Code=IT1:CL_REFAREA(1.2).048025">
          <Name xml:lang="it" xmlns="http://www.sdmx.org/resources/sdmxml/schemas/v2_1/common">Londa</Name>
          <Name xml:lang="en" xmlns="http://www.sdmx.org/resources/sdmxml/schemas/v2_1/common">Londa</Name>
          <Parent>
            <Ref id="ITE14" xmlns="" />
          </Parent>
        </Code>
        <Code id="048026" urn="urn:sdmx:org.sdmx.infomodel.codelist.Code=IT1:CL_REFAREA(1.2).048026">
          <Name xml:lang="it" xmlns="http://www.sdmx.org/resources/sdmxml/schemas/v2_1/common">Marradi</Name>
          <Name xml:lang="en" xmlns="http://www.sdmx.org/resources/sdmxml/schemas/v2_1/common">Marradi</Name>
          <Parent>
            <Ref id="ITE14" xmlns="" />
          </Parent>
        </Code>
        <Code id="048027" urn="urn:sdmx:org.sdmx.infomodel.codelist.Code=IT1:CL_REFAREA(1.2).048027">
          <Name xml:lang="it" xmlns="http://www.sdmx.org/resources/sdmxml/schemas/v2_1/common">Montaione</Name>
          <Name xml:lang="en" xmlns="http://www.sdmx.org/resources/sdmxml/schemas/v2_1/common">Montaione</Name>
          <Parent>
            <Ref id="ITE14" xmlns="" />
          </Parent>
        </Code>
        <Code id="048028" urn="urn:sdmx:org.sdmx.infomodel.codelist.Code=IT1:CL_REFAREA(1.2).048028">
          <Name xml:lang="it" xmlns="http://www.sdmx.org/resources/sdmxml/schemas/v2_1/common">Montelupo Fiorentino</Name>
          <Name xml:lang="en" xmlns="http://www.sdmx.org/resources/sdmxml/schemas/v2_1/common">Montelupo Fiorentino</Name>
          <Parent>
            <Ref id="ITE14" xmlns="" />
          </Parent>
        </Code>
        <Code id="048029" urn="urn:sdmx:org.sdmx.infomodel.codelist.Code=IT1:CL_REFAREA(1.2).048029">
          <Name xml:lang="it" xmlns="http://www.sdmx.org/resources/sdmxml/schemas/v2_1/common">Montemurlo</Name>
          <Name xml:lang="en" xmlns="http://www.sdmx.org/resources/sdmxml/schemas/v2_1/common">Montemurlo</Name>
          <Parent>
            <Ref id="ITE14" xmlns="" />
          </Parent>
        </Code>
        <Code id="048030" urn="urn:sdmx:org.sdmx.infomodel.codelist.Code=IT1:CL_REFAREA(1.2).048030">
          <Name xml:lang="it" xmlns="http://www.sdmx.org/resources/sdmxml/schemas/v2_1/common">Montespertoli</Name>
          <Name xml:lang="en" xmlns="http://www.sdmx.org/resources/sdmxml/schemas/v2_1/common">Montespertoli</Name>
          <Parent>
            <Ref id="ITE14" xmlns="" />
          </Parent>
        </Code>
        <Code id="048031" urn="urn:sdmx:org.sdmx.infomodel.codelist.Code=IT1:CL_REFAREA(1.2).048031">
          <Name xml:lang="it" xmlns="http://www.sdmx.org/resources/sdmxml/schemas/v2_1/common">Palazzuolo sul Senio</Name>
          <Name xml:lang="en" xmlns="http://www.sdmx.org/resources/sdmxml/schemas/v2_1/common">Palazzuolo sul Senio</Name>
          <Parent>
            <Ref id="ITE14" xmlns="" />
          </Parent>
        </Code>
        <Code id="048032" urn="urn:sdmx:org.sdmx.infomodel.codelist.Code=IT1:CL_REFAREA(1.2).048032">
          <Name xml:lang="it" xmlns="http://www.sdmx.org/resources/sdmxml/schemas/v2_1/common">Pelago</Name>
          <Name xml:lang="en" xmlns="http://www.sdmx.org/resources/sdmxml/schemas/v2_1/common">Pelago</Name>
          <Parent>
            <Ref id="ITE14" xmlns="" />
          </Parent>
        </Code>
        <Code id="048033" urn="urn:sdmx:org.sdmx.infomodel.codelist.Code=IT1:CL_REFAREA(1.2).048033">
          <Name xml:lang="it" xmlns="http://www.sdmx.org/resources/sdmxml/schemas/v2_1/common">Pontassieve</Name>
          <Name xml:lang="en" xmlns="http://www.sdmx.org/resources/sdmxml/schemas/v2_1/common">Pontassieve</Name>
          <Parent>
            <Ref id="ITE14" xmlns="" />
          </Parent>
        </Code>
        <Code id="048034" urn="urn:sdmx:org.sdmx.infomodel.codelist.Code=IT1:CL_REFAREA(1.2).048034">
          <Name xml:lang="it" xmlns="http://www.sdmx.org/resources/sdmxml/schemas/v2_1/common">Prato</Name>
          <Name xml:lang="en" xmlns="http://www.sdmx.org/resources/sdmxml/schemas/v2_1/common">Prato</Name>
          <Parent>
            <Ref id="ITE14" xmlns="" />
          </Parent>
        </Code>
        <Code id="048035" urn="urn:sdmx:org.sdmx.infomodel.codelist.Code=IT1:CL_REFAREA(1.2).048035">
          <Name xml:lang="it" xmlns="http://www.sdmx.org/resources/sdmxml/schemas/v2_1/common">Reggello</Name>
          <Name xml:lang="en" xmlns="http://www.sdmx.org/resources/sdmxml/schemas/v2_1/common">Reggello</Name>
          <Parent>
            <Ref id="ITE14" xmlns="" />
          </Parent>
        </Code>
        <Code id="048036" urn="urn:sdmx:org.sdmx.infomodel.codelist.Code=IT1:CL_REFAREA(1.2).048036">
          <Name xml:lang="it" xmlns="http://www.sdmx.org/resources/sdmxml/schemas/v2_1/common">Rignano sull'Arno</Name>
          <Name xml:lang="en" xmlns="http://www.sdmx.org/resources/sdmxml/schemas/v2_1/common">Rignano sull'Arno</Name>
          <Parent>
            <Ref id="ITE14" xmlns="" />
          </Parent>
        </Code>
        <Code id="048037" urn="urn:sdmx:org.sdmx.infomodel.codelist.Code=IT1:CL_REFAREA(1.2).048037">
          <Name xml:lang="it" xmlns="http://www.sdmx.org/resources/sdmxml/schemas/v2_1/common">Rufina</Name>
          <Name xml:lang="en" xmlns="http://www.sdmx.org/resources/sdmxml/schemas/v2_1/common">Rufina</Name>
          <Parent>
            <Ref id="ITE14" xmlns="" />
          </Parent>
        </Code>
        <Code id="048038" urn="urn:sdmx:org.sdmx.infomodel.codelist.Code=IT1:CL_REFAREA(1.2).048038">
          <Name xml:lang="it" xmlns="http://www.sdmx.org/resources/sdmxml/schemas/v2_1/common">San Casciano in Val di Pesa</Name>
          <Name xml:lang="en" xmlns="http://www.sdmx.org/resources/sdmxml/schemas/v2_1/common">San Casciano in Val di Pesa</Name>
          <Parent>
            <Ref id="ITE14" xmlns="" />
          </Parent>
        </Code>
        <Code id="048039" urn="urn:sdmx:org.sdmx.infomodel.codelist.Code=IT1:CL_REFAREA(1.2).048039">
          <Name xml:lang="it" xmlns="http://www.sdmx.org/resources/sdmxml/schemas/v2_1/common">San Godenzo</Name>
          <Name xml:lang="en" xmlns="http://www.sdmx.org/resources/sdmxml/schemas/v2_1/common">San Godenzo</Name>
          <Parent>
            <Ref id="ITE14" xmlns="" />
          </Parent>
        </Code>
        <Code id="048040" urn="urn:sdmx:org.sdmx.infomodel.codelist.Code=IT1:CL_REFAREA(1.2).048040">
          <Name xml:lang="it" xmlns="http://www.sdmx.org/resources/sdmxml/schemas/v2_1/common">San Piero a Sieve</Name>
          <Name xml:lang="en" xmlns="http://www.sdmx.org/resources/sdmxml/schemas/v2_1/common">San Piero a Sieve</Name>
          <Parent>
            <Ref id="ITE14" xmlns="" />
          </Parent>
        </Code>
        <Code id="048041" urn="urn:sdmx:org.sdmx.infomodel.codelist.Code=IT1:CL_REFAREA(1.2).048041">
          <Name xml:lang="it" xmlns="http://www.sdmx.org/resources/sdmxml/schemas/v2_1/common">Scandicci</Name>
          <Name xml:lang="en" xmlns="http://www.sdmx.org/resources/sdmxml/schemas/v2_1/common">Scandicci</Name>
          <Parent>
            <Ref id="ITE14" xmlns="" />
          </Parent>
        </Code>
        <Code id="048042" urn="urn:sdmx:org.sdmx.infomodel.codelist.Code=IT1:CL_REFAREA(1.2).048042">
          <Name xml:lang="it" xmlns="http://www.sdmx.org/resources/sdmxml/schemas/v2_1/common">Scarperia</Name>
          <Name xml:lang="en" xmlns="http://www.sdmx.org/resources/sdmxml/schemas/v2_1/common">Scarperia</Name>
          <Parent>
            <Ref id="ITE14" xmlns="" />
          </Parent>
        </Code>
        <Code id="048043" urn="urn:sdmx:org.sdmx.infomodel.codelist.Code=IT1:CL_REFAREA(1.2).048043">
          <Name xml:lang="it" xmlns="http://www.sdmx.org/resources/sdmxml/schemas/v2_1/common">Sesto Fiorentino</Name>
          <Name xml:lang="en" xmlns="http://www.sdmx.org/resources/sdmxml/schemas/v2_1/common">Sesto Fiorentino</Name>
          <Parent>
            <Ref id="ITE14" xmlns="" />
          </Parent>
        </Code>
        <Code id="048044" urn="urn:sdmx:org.sdmx.infomodel.codelist.Code=IT1:CL_REFAREA(1.2).048044">
          <Name xml:lang="it" xmlns="http://www.sdmx.org/resources/sdmxml/schemas/v2_1/common">Signa</Name>
          <Name xml:lang="en" xmlns="http://www.sdmx.org/resources/sdmxml/schemas/v2_1/common">Signa</Name>
          <Parent>
            <Ref id="ITE14" xmlns="" />
          </Parent>
        </Code>
        <Code id="048045" urn="urn:sdmx:org.sdmx.infomodel.codelist.Code=IT1:CL_REFAREA(1.2).048045">
          <Name xml:lang="it" xmlns="http://www.sdmx.org/resources/sdmxml/schemas/v2_1/common">Tavarnelle Val di Pesa</Name>
          <Name xml:lang="en" xmlns="http://www.sdmx.org/resources/sdmxml/schemas/v2_1/common">Tavarnelle Val di Pesa</Name>
          <Parent>
            <Ref id="ITE14" xmlns="" />
          </Parent>
        </Code>
        <Code id="048046" urn="urn:sdmx:org.sdmx.infomodel.codelist.Code=IT1:CL_REFAREA(1.2).048046">
          <Name xml:lang="it" xmlns="http://www.sdmx.org/resources/sdmxml/schemas/v2_1/common">Vaglia</Name>
          <Name xml:lang="en" xmlns="http://www.sdmx.org/resources/sdmxml/schemas/v2_1/common">Vaglia</Name>
          <Parent>
            <Ref id="ITE14" xmlns="" />
          </Parent>
        </Code>
        <Code id="048047" urn="urn:sdmx:org.sdmx.infomodel.codelist.Code=IT1:CL_REFAREA(1.2).048047">
          <Name xml:lang="it" xmlns="http://www.sdmx.org/resources/sdmxml/schemas/v2_1/common">Vaiano</Name>
          <Name xml:lang="en" xmlns="http://www.sdmx.org/resources/sdmxml/schemas/v2_1/common">Vaiano</Name>
          <Parent>
            <Ref id="ITE14" xmlns="" />
          </Parent>
        </Code>
        <Code id="048048" urn="urn:sdmx:org.sdmx.infomodel.codelist.Code=IT1:CL_REFAREA(1.2).048048">
          <Name xml:lang="it" xmlns="http://www.sdmx.org/resources/sdmxml/schemas/v2_1/common">Vernio</Name>
          <Name xml:lang="en" xmlns="http://www.sdmx.org/resources/sdmxml/schemas/v2_1/common">Vernio</Name>
          <Parent>
            <Ref id="ITE14" xmlns="" />
          </Parent>
        </Code>
        <Code id="048049" urn="urn:sdmx:org.sdmx.infomodel.codelist.Code=IT1:CL_REFAREA(1.2).048049">
          <Name xml:lang="it" xmlns="http://www.sdmx.org/resources/sdmxml/schemas/v2_1/common">Vicchio</Name>
          <Name xml:lang="en" xmlns="http://www.sdmx.org/resources/sdmxml/schemas/v2_1/common">Vicchio</Name>
          <Parent>
            <Ref id="ITE14" xmlns="" />
          </Parent>
        </Code>
        <Code id="048050" urn="urn:sdmx:org.sdmx.infomodel.codelist.Code=IT1:CL_REFAREA(1.2).048050">
          <Name xml:lang="it" xmlns="http://www.sdmx.org/resources/sdmxml/schemas/v2_1/common">Vinci</Name>
          <Name xml:lang="en" xmlns="http://www.sdmx.org/resources/sdmxml/schemas/v2_1/common">Vinci</Name>
          <Parent>
            <Ref id="ITE14" xmlns="" />
          </Parent>
        </Code>
        <Code id="048051" urn="urn:sdmx:org.sdmx.infomodel.codelist.Code=IT1:CL_REFAREA(1.2).048051">
          <Name xml:lang="it" xmlns="http://www.sdmx.org/resources/sdmxml/schemas/v2_1/common">Poggio a Caiano</Name>
          <Name xml:lang="en" xmlns="http://www.sdmx.org/resources/sdmxml/schemas/v2_1/common">Poggio a Caiano</Name>
          <Parent>
            <Ref id="ITE14" xmlns="" />
          </Parent>
        </Code>
        <Code id="049001" urn="urn:sdmx:org.sdmx.infomodel.codelist.Code=IT1:CL_REFAREA(1.2).049001">
          <Name xml:lang="it" xmlns="http://www.sdmx.org/resources/sdmxml/schemas/v2_1/common">Bibbona</Name>
          <Name xml:lang="en" xmlns="http://www.sdmx.org/resources/sdmxml/schemas/v2_1/common">Bibbona</Name>
          <Parent>
            <Ref id="ITE16" xmlns="" />
          </Parent>
        </Code>
        <Code id="049002" urn="urn:sdmx:org.sdmx.infomodel.codelist.Code=IT1:CL_REFAREA(1.2).049002">
          <Name xml:lang="it" xmlns="http://www.sdmx.org/resources/sdmxml/schemas/v2_1/common">Campiglia Marittima</Name>
          <Name xml:lang="en" xmlns="http://www.sdmx.org/resources/sdmxml/schemas/v2_1/common">Campiglia Marittima</Name>
          <Parent>
            <Ref id="ITE16" xmlns="" />
          </Parent>
        </Code>
        <Code id="049003" urn="urn:sdmx:org.sdmx.infomodel.codelist.Code=IT1:CL_REFAREA(1.2).049003">
          <Name xml:lang="it" xmlns="http://www.sdmx.org/resources/sdmxml/schemas/v2_1/common">Campo nell'Elba</Name>
          <Name xml:lang="en" xmlns="http://www.sdmx.org/resources/sdmxml/schemas/v2_1/common">Campo nell'Elba</Name>
          <Parent>
            <Ref id="ITE16" xmlns="" />
          </Parent>
        </Code>
        <Code id="049004" urn="urn:sdmx:org.sdmx.infomodel.codelist.Code=IT1:CL_REFAREA(1.2).049004">
          <Name xml:lang="it" xmlns="http://www.sdmx.org/resources/sdmxml/schemas/v2_1/common">Capoliveri</Name>
          <Name xml:lang="en" xmlns="http://www.sdmx.org/resources/sdmxml/schemas/v2_1/common">Capoliveri</Name>
          <Parent>
            <Ref id="ITE16" xmlns="" />
          </Parent>
        </Code>
        <Code id="049005" urn="urn:sdmx:org.sdmx.infomodel.codelist.Code=IT1:CL_REFAREA(1.2).049005">
          <Name xml:lang="it" xmlns="http://www.sdmx.org/resources/sdmxml/schemas/v2_1/common">Capraia Isola</Name>
          <Name xml:lang="en" xmlns="http://www.sdmx.org/resources/sdmxml/schemas/v2_1/common">Capraia Isola</Name>
          <Parent>
            <Ref id="ITE16" xmlns="" />
          </Parent>
        </Code>
        <Code id="049006" urn="urn:sdmx:org.sdmx.infomodel.codelist.Code=IT1:CL_REFAREA(1.2).049006">
          <Name xml:lang="it" xmlns="http://www.sdmx.org/resources/sdmxml/schemas/v2_1/common">Castagneto Carducci</Name>
          <Name xml:lang="en" xmlns="http://www.sdmx.org/resources/sdmxml/schemas/v2_1/common">Castagneto Carducci</Name>
          <Parent>
            <Ref id="ITE16" xmlns="" />
          </Parent>
        </Code>
        <Code id="049007" urn="urn:sdmx:org.sdmx.infomodel.codelist.Code=IT1:CL_REFAREA(1.2).049007">
          <Name xml:lang="it" xmlns="http://www.sdmx.org/resources/sdmxml/schemas/v2_1/common">Cecina</Name>
          <Name xml:lang="en" xmlns="http://www.sdmx.org/resources/sdmxml/schemas/v2_1/common">Cecina</Name>
          <Parent>
            <Ref id="ITE16" xmlns="" />
          </Parent>
        </Code>
        <Code id="049008" urn="urn:sdmx:org.sdmx.infomodel.codelist.Code=IT1:CL_REFAREA(1.2).049008">
          <Name xml:lang="it" xmlns="http://www.sdmx.org/resources/sdmxml/schemas/v2_1/common">Collesalvetti</Name>
          <Name xml:lang="en" xmlns="http://www.sdmx.org/resources/sdmxml/schemas/v2_1/common">Collesalvetti</Name>
          <Parent>
            <Ref id="ITE16" xmlns="" />
          </Parent>
        </Code>
        <Code id="049009" urn="urn:sdmx:org.sdmx.infomodel.codelist.Code=IT1:CL_REFAREA(1.2).049009">
          <Name xml:lang="it" xmlns="http://www.sdmx.org/resources/sdmxml/schemas/v2_1/common">Livorno</Name>
          <Name xml:lang="en" xmlns="http://www.sdmx.org/resources/sdmxml/schemas/v2_1/common">Livorno</Name>
          <Parent>
            <Ref id="ITE16" xmlns="" />
          </Parent>
        </Code>
        <Code id="049010" urn="urn:sdmx:org.sdmx.infomodel.codelist.Code=IT1:CL_REFAREA(1.2).049010">
          <Name xml:lang="it" xmlns="http://www.sdmx.org/resources/sdmxml/schemas/v2_1/common">Marciana</Name>
          <Name xml:lang="en" xmlns="http://www.sdmx.org/resources/sdmxml/schemas/v2_1/common">Marciana</Name>
          <Parent>
            <Ref id="ITE16" xmlns="" />
          </Parent>
        </Code>
        <Code id="049011" urn="urn:sdmx:org.sdmx.infomodel.codelist.Code=IT1:CL_REFAREA(1.2).049011">
          <Name xml:lang="it" xmlns="http://www.sdmx.org/resources/sdmxml/schemas/v2_1/common">Marciana Marina</Name>
          <Name xml:lang="en" xmlns="http://www.sdmx.org/resources/sdmxml/schemas/v2_1/common">Marciana Marina</Name>
          <Parent>
            <Ref id="ITE16" xmlns="" />
          </Parent>
        </Code>
        <Code id="049012" urn="urn:sdmx:org.sdmx.infomodel.codelist.Code=IT1:CL_REFAREA(1.2).049012">
          <Name xml:lang="it" xmlns="http://www.sdmx.org/resources/sdmxml/schemas/v2_1/common">Piombino</Name>
          <Name xml:lang="en" xmlns="http://www.sdmx.org/resources/sdmxml/schemas/v2_1/common">Piombino</Name>
          <Parent>
            <Ref id="ITE16" xmlns="" />
          </Parent>
        </Code>
        <Code id="049013" urn="urn:sdmx:org.sdmx.infomodel.codelist.Code=IT1:CL_REFAREA(1.2).049013">
          <Name xml:lang="it" xmlns="http://www.sdmx.org/resources/sdmxml/schemas/v2_1/common">Porto Azzurro</Name>
          <Name xml:lang="en" xmlns="http://www.sdmx.org/resources/sdmxml/schemas/v2_1/common">Porto Azzurro</Name>
          <Parent>
            <Ref id="ITE16" xmlns="" />
          </Parent>
        </Code>
        <Code id="049014" urn="urn:sdmx:org.sdmx.infomodel.codelist.Code=IT1:CL_REFAREA(1.2).049014">
          <Name xml:lang="it" xmlns="http://www.sdmx.org/resources/sdmxml/schemas/v2_1/common">Portoferraio</Name>
          <Name xml:lang="en" xmlns="http://www.sdmx.org/resources/sdmxml/schemas/v2_1/common">Portoferraio</Name>
          <Parent>
            <Ref id="ITE16" xmlns="" />
          </Parent>
        </Code>
        <Code id="049015" urn="urn:sdmx:org.sdmx.infomodel.codelist.Code=IT1:CL_REFAREA(1.2).049015">
          <Name xml:lang="it" xmlns="http://www.sdmx.org/resources/sdmxml/schemas/v2_1/common">Rio Marina</Name>
          <Name xml:lang="en" xmlns="http://www.sdmx.org/resources/sdmxml/schemas/v2_1/common">Rio Marina</Name>
          <Parent>
            <Ref id="ITE16" xmlns="" />
          </Parent>
        </Code>
        <Code id="049016" urn="urn:sdmx:org.sdmx.infomodel.codelist.Code=IT1:CL_REFAREA(1.2).049016">
          <Name xml:lang="it" xmlns="http://www.sdmx.org/resources/sdmxml/schemas/v2_1/common">Rio nell'Elba</Name>
          <Name xml:lang="en" xmlns="http://www.sdmx.org/resources/sdmxml/schemas/v2_1/common">Rio nell'Elba</Name>
          <Parent>
            <Ref id="ITE16" xmlns="" />
          </Parent>
        </Code>
        <Code id="049017" urn="urn:sdmx:org.sdmx.infomodel.codelist.Code=IT1:CL_REFAREA(1.2).049017">
          <Name xml:lang="it" xmlns="http://www.sdmx.org/resources/sdmxml/schemas/v2_1/common">Rosignano Marittimo</Name>
          <Name xml:lang="en" xmlns="http://www.sdmx.org/resources/sdmxml/schemas/v2_1/common">Rosignano Marittimo</Name>
          <Parent>
            <Ref id="ITE16" xmlns="" />
          </Parent>
        </Code>
        <Code id="049018" urn="urn:sdmx:org.sdmx.infomodel.codelist.Code=IT1:CL_REFAREA(1.2).049018">
          <Name xml:lang="it" xmlns="http://www.sdmx.org/resources/sdmxml/schemas/v2_1/common">San Vincenzo</Name>
          <Name xml:lang="en" xmlns="http://www.sdmx.org/resources/sdmxml/schemas/v2_1/common">San Vincenzo</Name>
          <Parent>
            <Ref id="ITE16" xmlns="" />
          </Parent>
        </Code>
        <Code id="049019" urn="urn:sdmx:org.sdmx.infomodel.codelist.Code=IT1:CL_REFAREA(1.2).049019">
          <Name xml:lang="it" xmlns="http://www.sdmx.org/resources/sdmxml/schemas/v2_1/common">Sassetta</Name>
          <Name xml:lang="en" xmlns="http://www.sdmx.org/resources/sdmxml/schemas/v2_1/common">Sassetta</Name>
          <Parent>
            <Ref id="ITE16" xmlns="" />
          </Parent>
        </Code>
        <Code id="049020" urn="urn:sdmx:org.sdmx.infomodel.codelist.Code=IT1:CL_REFAREA(1.2).049020">
          <Name xml:lang="it" xmlns="http://www.sdmx.org/resources/sdmxml/schemas/v2_1/common">Suvereto</Name>
          <Name xml:lang="en" xmlns="http://www.sdmx.org/resources/sdmxml/schemas/v2_1/common">Suvereto</Name>
          <Parent>
            <Ref id="ITE16" xmlns="" />
          </Parent>
        </Code>
        <Code id="050001" urn="urn:sdmx:org.sdmx.infomodel.codelist.Code=IT1:CL_REFAREA(1.2).050001">
          <Name xml:lang="it" xmlns="http://www.sdmx.org/resources/sdmxml/schemas/v2_1/common">Bientina</Name>
          <Name xml:lang="en" xmlns="http://www.sdmx.org/resources/sdmxml/schemas/v2_1/common">Bientina</Name>
          <Parent>
            <Ref id="ITE17" xmlns="" />
          </Parent>
        </Code>
        <Code id="050002" urn="urn:sdmx:org.sdmx.infomodel.codelist.Code=IT1:CL_REFAREA(1.2).050002">
          <Name xml:lang="it" xmlns="http://www.sdmx.org/resources/sdmxml/schemas/v2_1/common">Buti</Name>
          <Name xml:lang="en" xmlns="http://www.sdmx.org/resources/sdmxml/schemas/v2_1/common">Buti</Name>
          <Parent>
            <Ref id="ITE17" xmlns="" />
          </Parent>
        </Code>
        <Code id="050003" urn="urn:sdmx:org.sdmx.infomodel.codelist.Code=IT1:CL_REFAREA(1.2).050003">
          <Name xml:lang="it" xmlns="http://www.sdmx.org/resources/sdmxml/schemas/v2_1/common">Calci</Name>
          <Name xml:lang="en" xmlns="http://www.sdmx.org/resources/sdmxml/schemas/v2_1/common">Calci</Name>
          <Parent>
            <Ref id="ITE17" xmlns="" />
          </Parent>
        </Code>
        <Code id="050004" urn="urn:sdmx:org.sdmx.infomodel.codelist.Code=IT1:CL_REFAREA(1.2).050004">
          <Name xml:lang="it" xmlns="http://www.sdmx.org/resources/sdmxml/schemas/v2_1/common">Calcinaia</Name>
          <Name xml:lang="en" xmlns="http://www.sdmx.org/resources/sdmxml/schemas/v2_1/common">Calcinaia</Name>
          <Parent>
            <Ref id="ITE17" xmlns="" />
          </Parent>
        </Code>
        <Code id="050005" urn="urn:sdmx:org.sdmx.infomodel.codelist.Code=IT1:CL_REFAREA(1.2).050005">
          <Name xml:lang="it" xmlns="http://www.sdmx.org/resources/sdmxml/schemas/v2_1/common">Capannoli</Name>
          <Name xml:lang="en" xmlns="http://www.sdmx.org/resources/sdmxml/schemas/v2_1/common">Capannoli</Name>
          <Parent>
            <Ref id="ITE17" xmlns="" />
          </Parent>
        </Code>
        <Code id="050006" urn="urn:sdmx:org.sdmx.infomodel.codelist.Code=IT1:CL_REFAREA(1.2).050006">
          <Name xml:lang="it" xmlns="http://www.sdmx.org/resources/sdmxml/schemas/v2_1/common">Casale Marittimo</Name>
          <Name xml:lang="en" xmlns="http://www.sdmx.org/resources/sdmxml/schemas/v2_1/common">Casale Marittimo</Name>
          <Parent>
            <Ref id="ITE17" xmlns="" />
          </Parent>
        </Code>
        <Code id="050007" urn="urn:sdmx:org.sdmx.infomodel.codelist.Code=IT1:CL_REFAREA(1.2).050007">
          <Name xml:lang="it" xmlns="http://www.sdmx.org/resources/sdmxml/schemas/v2_1/common">Casciana Terme</Name>
          <Name xml:lang="en" xmlns="http://www.sdmx.org/resources/sdmxml/schemas/v2_1/common">Casciana Terme</Name>
          <Parent>
            <Ref id="ITE17" xmlns="" />
          </Parent>
        </Code>
        <Code id="050008" urn="urn:sdmx:org.sdmx.infomodel.codelist.Code=IT1:CL_REFAREA(1.2).050008">
          <Name xml:lang="it" xmlns="http://www.sdmx.org/resources/sdmxml/schemas/v2_1/common">Cascina</Name>
          <Name xml:lang="en" xmlns="http://www.sdmx.org/resources/sdmxml/schemas/v2_1/common">Cascina</Name>
          <Parent>
            <Ref id="ITE17" xmlns="" />
          </Parent>
        </Code>
        <Code id="050009" urn="urn:sdmx:org.sdmx.infomodel.codelist.Code=IT1:CL_REFAREA(1.2).050009">
          <Name xml:lang="it" xmlns="http://www.sdmx.org/resources/sdmxml/schemas/v2_1/common">Castelfranco di Sotto</Name>
          <Name xml:lang="en" xmlns="http://www.sdmx.org/resources/sdmxml/schemas/v2_1/common">Castelfranco di Sotto</Name>
          <Parent>
            <Ref id="ITE17" xmlns="" />
          </Parent>
        </Code>
        <Code id="050010" urn="urn:sdmx:org.sdmx.infomodel.codelist.Code=IT1:CL_REFAREA(1.2).050010">
          <Name xml:lang="it" xmlns="http://www.sdmx.org/resources/sdmxml/schemas/v2_1/common">Castellina Marittima</Name>
          <Name xml:lang="en" xmlns="http://www.sdmx.org/resources/sdmxml/schemas/v2_1/common">Castellina Marittima</Name>
          <Parent>
            <Ref id="ITE17" xmlns="" />
          </Parent>
        </Code>
        <Code id="050011" urn="urn:sdmx:org.sdmx.infomodel.codelist.Code=IT1:CL_REFAREA(1.2).050011">
          <Name xml:lang="it" xmlns="http://www.sdmx.org/resources/sdmxml/schemas/v2_1/common">Castelnuovo di Val di Cecina</Name>
          <Name xml:lang="en" xmlns="http://www.sdmx.org/resources/sdmxml/schemas/v2_1/common">Castelnuovo di Val di Cecina</Name>
          <Parent>
            <Ref id="ITE17" xmlns="" />
          </Parent>
        </Code>
        <Code id="050012" urn="urn:sdmx:org.sdmx.infomodel.codelist.Code=IT1:CL_REFAREA(1.2).050012">
          <Name xml:lang="it" xmlns="http://www.sdmx.org/resources/sdmxml/schemas/v2_1/common">Chianni</Name>
          <Name xml:lang="en" xmlns="http://www.sdmx.org/resources/sdmxml/schemas/v2_1/common">Chianni</Name>
          <Parent>
            <Ref id="ITE17" xmlns="" />
          </Parent>
        </Code>
        <Code id="050013" urn="urn:sdmx:org.sdmx.infomodel.codelist.Code=IT1:CL_REFAREA(1.2).050013">
          <Name xml:lang="it" xmlns="http://www.sdmx.org/resources/sdmxml/schemas/v2_1/common">Crespina</Name>
          <Name xml:lang="en" xmlns="http://www.sdmx.org/resources/sdmxml/schemas/v2_1/common">Crespina</Name>
          <Parent>
            <Ref id="ITE17" xmlns="" />
          </Parent>
        </Code>
        <Code id="050014" urn="urn:sdmx:org.sdmx.infomodel.codelist.Code=IT1:CL_REFAREA(1.2).050014">
          <Name xml:lang="it" xmlns="http://www.sdmx.org/resources/sdmxml/schemas/v2_1/common">Fauglia</Name>
          <Name xml:lang="en" xmlns="http://www.sdmx.org/resources/sdmxml/schemas/v2_1/common">Fauglia</Name>
          <Parent>
            <Ref id="ITE17" xmlns="" />
          </Parent>
        </Code>
        <Code id="050015" urn="urn:sdmx:org.sdmx.infomodel.codelist.Code=IT1:CL_REFAREA(1.2).050015">
          <Name xml:lang="it" xmlns="http://www.sdmx.org/resources/sdmxml/schemas/v2_1/common">Guardistallo</Name>
          <Name xml:lang="en" xmlns="http://www.sdmx.org/resources/sdmxml/schemas/v2_1/common">Guardistallo</Name>
          <Parent>
            <Ref id="ITE17" xmlns="" />
          </Parent>
        </Code>
        <Code id="050016" urn="urn:sdmx:org.sdmx.infomodel.codelist.Code=IT1:CL_REFAREA(1.2).050016">
          <Name xml:lang="it" xmlns="http://www.sdmx.org/resources/sdmxml/schemas/v2_1/common">Lajatico</Name>
          <Name xml:lang="en" xmlns="http://www.sdmx.org/resources/sdmxml/schemas/v2_1/common">Lajatico</Name>
          <Parent>
            <Ref id="ITE17" xmlns="" />
          </Parent>
        </Code>
        <Code id="050017" urn="urn:sdmx:org.sdmx.infomodel.codelist.Code=IT1:CL_REFAREA(1.2).050017">
          <Name xml:lang="it" xmlns="http://www.sdmx.org/resources/sdmxml/schemas/v2_1/common">Lari</Name>
          <Name xml:lang="en" xmlns="http://www.sdmx.org/resources/sdmxml/schemas/v2_1/common">Lari</Name>
          <Parent>
            <Ref id="ITE17" xmlns="" />
          </Parent>
        </Code>
        <Code id="050018" urn="urn:sdmx:org.sdmx.infomodel.codelist.Code=IT1:CL_REFAREA(1.2).050018">
          <Name xml:lang="it" xmlns="http://www.sdmx.org/resources/sdmxml/schemas/v2_1/common">Lorenzana</Name>
          <Name xml:lang="en" xmlns="http://www.sdmx.org/resources/sdmxml/schemas/v2_1/common">Lorenzana</Name>
          <Parent>
            <Ref id="ITE17" xmlns="" />
          </Parent>
        </Code>
        <Code id="050019" urn="urn:sdmx:org.sdmx.infomodel.codelist.Code=IT1:CL_REFAREA(1.2).050019">
          <Name xml:lang="it" xmlns="http://www.sdmx.org/resources/sdmxml/schemas/v2_1/common">Montecatini Val di Cecina</Name>
          <Name xml:lang="en" xmlns="http://www.sdmx.org/resources/sdmxml/schemas/v2_1/common">Montecatini Val di Cecina</Name>
          <Parent>
            <Ref id="ITE17" xmlns="" />
          </Parent>
        </Code>
        <Code id="050020" urn="urn:sdmx:org.sdmx.infomodel.codelist.Code=IT1:CL_REFAREA(1.2).050020">
          <Name xml:lang="it" xmlns="http://www.sdmx.org/resources/sdmxml/schemas/v2_1/common">Montescudaio</Name>
          <Name xml:lang="en" xmlns="http://www.sdmx.org/resources/sdmxml/schemas/v2_1/common">Montescudaio</Name>
          <Parent>
            <Ref id="ITE17" xmlns="" />
          </Parent>
        </Code>
        <Code id="050021" urn="urn:sdmx:org.sdmx.infomodel.codelist.Code=IT1:CL_REFAREA(1.2).050021">
          <Name xml:lang="it" xmlns="http://www.sdmx.org/resources/sdmxml/schemas/v2_1/common">Monteverdi Marittimo</Name>
          <Name xml:lang="en" xmlns="http://www.sdmx.org/resources/sdmxml/schemas/v2_1/common">Monteverdi Marittimo</Name>
          <Parent>
            <Ref id="ITE17" xmlns="" />
          </Parent>
        </Code>
        <Code id="050022" urn="urn:sdmx:org.sdmx.infomodel.codelist.Code=IT1:CL_REFAREA(1.2).050022">
          <Name xml:lang="it" xmlns="http://www.sdmx.org/resources/sdmxml/schemas/v2_1/common">Montopoli in Val d'Arno</Name>
          <Name xml:lang="en" xmlns="http://www.sdmx.org/resources/sdmxml/schemas/v2_1/common">Montopoli in Val d'Arno</Name>
          <Parent>
            <Ref id="ITE17" xmlns="" />
          </Parent>
        </Code>
        <Code id="050023" urn="urn:sdmx:org.sdmx.infomodel.codelist.Code=IT1:CL_REFAREA(1.2).050023">
          <Name xml:lang="it" xmlns="http://www.sdmx.org/resources/sdmxml/schemas/v2_1/common">Orciano Pisano</Name>
          <Name xml:lang="en" xmlns="http://www.sdmx.org/resources/sdmxml/schemas/v2_1/common">Orciano Pisano</Name>
          <Parent>
            <Ref id="ITE17" xmlns="" />
          </Parent>
        </Code>
        <Code id="050024" urn="urn:sdmx:org.sdmx.infomodel.codelist.Code=IT1:CL_REFAREA(1.2).050024">
          <Name xml:lang="it" xmlns="http://www.sdmx.org/resources/sdmxml/schemas/v2_1/common">Palaia</Name>
          <Name xml:lang="en" xmlns="http://www.sdmx.org/resources/sdmxml/schemas/v2_1/common">Palaia</Name>
          <Parent>
            <Ref id="ITE17" xmlns="" />
          </Parent>
        </Code>
        <Code id="050025" urn="urn:sdmx:org.sdmx.infomodel.codelist.Code=IT1:CL_REFAREA(1.2).050025">
          <Name xml:lang="it" xmlns="http://www.sdmx.org/resources/sdmxml/schemas/v2_1/common">Peccioli</Name>
          <Name xml:lang="en" xmlns="http://www.sdmx.org/resources/sdmxml/schemas/v2_1/common">Peccioli</Name>
          <Parent>
            <Ref id="ITE17" xmlns="" />
          </Parent>
        </Code>
        <Code id="050026" urn="urn:sdmx:org.sdmx.infomodel.codelist.Code=IT1:CL_REFAREA(1.2).050026">
          <Name xml:lang="it" xmlns="http://www.sdmx.org/resources/sdmxml/schemas/v2_1/common">Pisa</Name>
          <Name xml:lang="en" xmlns="http://www.sdmx.org/resources/sdmxml/schemas/v2_1/common">Pisa</Name>
          <Parent>
            <Ref id="ITE17" xmlns="" />
          </Parent>
        </Code>
        <Code id="050027" urn="urn:sdmx:org.sdmx.infomodel.codelist.Code=IT1:CL_REFAREA(1.2).050027">
          <Name xml:lang="it" xmlns="http://www.sdmx.org/resources/sdmxml/schemas/v2_1/common">Pomarance</Name>
          <Name xml:lang="en" xmlns="http://www.sdmx.org/resources/sdmxml/schemas/v2_1/common">Pomarance</Name>
          <Parent>
            <Ref id="ITE17" xmlns="" />
          </Parent>
        </Code>
        <Code id="050028" urn="urn:sdmx:org.sdmx.infomodel.codelist.Code=IT1:CL_REFAREA(1.2).050028">
          <Name xml:lang="it" xmlns="http://www.sdmx.org/resources/sdmxml/schemas/v2_1/common">Ponsacco</Name>
          <Name xml:lang="en" xmlns="http://www.sdmx.org/resources/sdmxml/schemas/v2_1/common">Ponsacco</Name>
          <Parent>
            <Ref id="ITE17" xmlns="" />
          </Parent>
        </Code>
        <Code id="050029" urn="urn:sdmx:org.sdmx.infomodel.codelist.Code=IT1:CL_REFAREA(1.2).050029">
          <Name xml:lang="it" xmlns="http://www.sdmx.org/resources/sdmxml/schemas/v2_1/common">Pontedera</Name>
          <Name xml:lang="en" xmlns="http://www.sdmx.org/resources/sdmxml/schemas/v2_1/common">Pontedera</Name>
          <Parent>
            <Ref id="ITE17" xmlns="" />
          </Parent>
        </Code>
        <Code id="050030" urn="urn:sdmx:org.sdmx.infomodel.codelist.Code=IT1:CL_REFAREA(1.2).050030">
          <Name xml:lang="it" xmlns="http://www.sdmx.org/resources/sdmxml/schemas/v2_1/common">Riparbella</Name>
          <Name xml:lang="en" xmlns="http://www.sdmx.org/resources/sdmxml/schemas/v2_1/common">Riparbella</Name>
          <Parent>
            <Ref id="ITE17" xmlns="" />
          </Parent>
        </Code>
        <Code id="050031" urn="urn:sdmx:org.sdmx.infomodel.codelist.Code=IT1:CL_REFAREA(1.2).050031">
          <Name xml:lang="it" xmlns="http://www.sdmx.org/resources/sdmxml/schemas/v2_1/common">San Giuliano Terme</Name>
          <Name xml:lang="en" xmlns="http://www.sdmx.org/resources/sdmxml/schemas/v2_1/common">San Giuliano Terme</Name>
          <Parent>
            <Ref id="ITE17" xmlns="" />
          </Parent>
        </Code>
        <Code id="050032" urn="urn:sdmx:org.sdmx.infomodel.codelist.Code=IT1:CL_REFAREA(1.2).050032">
          <Name xml:lang="it" xmlns="http://www.sdmx.org/resources/sdmxml/schemas/v2_1/common">San Miniato</Name>
          <Name xml:lang="en" xmlns="http://www.sdmx.org/resources/sdmxml/schemas/v2_1/common">San Miniato</Name>
          <Parent>
            <Ref id="ITE17" xmlns="" />
          </Parent>
        </Code>
        <Code id="050033" urn="urn:sdmx:org.sdmx.infomodel.codelist.Code=IT1:CL_REFAREA(1.2).050033">
          <Name xml:lang="it" xmlns="http://www.sdmx.org/resources/sdmxml/schemas/v2_1/common">Santa Croce sull'Arno</Name>
          <Name xml:lang="en" xmlns="http://www.sdmx.org/resources/sdmxml/schemas/v2_1/common">Santa Croce sull'Arno</Name>
          <Parent>
            <Ref id="ITE17" xmlns="" />
          </Parent>
        </Code>
        <Code id="050034" urn="urn:sdmx:org.sdmx.infomodel.codelist.Code=IT1:CL_REFAREA(1.2).050034">
          <Name xml:lang="it" xmlns="http://www.sdmx.org/resources/sdmxml/schemas/v2_1/common">Santa Luce</Name>
          <Name xml:lang="en" xmlns="http://www.sdmx.org/resources/sdmxml/schemas/v2_1/common">Santa Luce</Name>
          <Parent>
            <Ref id="ITE17" xmlns="" />
          </Parent>
        </Code>
        <Code id="050035" urn="urn:sdmx:org.sdmx.infomodel.codelist.Code=IT1:CL_REFAREA(1.2).050035">
          <Name xml:lang="it" xmlns="http://www.sdmx.org/resources/sdmxml/schemas/v2_1/common">Santa Maria a Monte</Name>
          <Name xml:lang="en" xmlns="http://www.sdmx.org/resources/sdmxml/schemas/v2_1/common">Santa Maria a Monte</Name>
          <Parent>
            <Ref id="ITE17" xmlns="" />
          </Parent>
        </Code>
        <Code id="050036" urn="urn:sdmx:org.sdmx.infomodel.codelist.Code=IT1:CL_REFAREA(1.2).050036">
          <Name xml:lang="it" xmlns="http://www.sdmx.org/resources/sdmxml/schemas/v2_1/common">Terricciola</Name>
          <Name xml:lang="en" xmlns="http://www.sdmx.org/resources/sdmxml/schemas/v2_1/common">Terricciola</Name>
          <Parent>
            <Ref id="ITE17" xmlns="" />
          </Parent>
        </Code>
        <Code id="050037" urn="urn:sdmx:org.sdmx.infomodel.codelist.Code=IT1:CL_REFAREA(1.2).050037">
          <Name xml:lang="it" xmlns="http://www.sdmx.org/resources/sdmxml/schemas/v2_1/common">Vecchiano</Name>
          <Name xml:lang="en" xmlns="http://www.sdmx.org/resources/sdmxml/schemas/v2_1/common">Vecchiano</Name>
          <Parent>
            <Ref id="ITE17" xmlns="" />
          </Parent>
        </Code>
        <Code id="050038" urn="urn:sdmx:org.sdmx.infomodel.codelist.Code=IT1:CL_REFAREA(1.2).050038">
          <Name xml:lang="it" xmlns="http://www.sdmx.org/resources/sdmxml/schemas/v2_1/common">Vicopisano</Name>
          <Name xml:lang="en" xmlns="http://www.sdmx.org/resources/sdmxml/schemas/v2_1/common">Vicopisano</Name>
          <Parent>
            <Ref id="ITE17" xmlns="" />
          </Parent>
        </Code>
        <Code id="050039" urn="urn:sdmx:org.sdmx.infomodel.codelist.Code=IT1:CL_REFAREA(1.2).050039">
          <Name xml:lang="it" xmlns="http://www.sdmx.org/resources/sdmxml/schemas/v2_1/common">Volterra</Name>
          <Name xml:lang="en" xmlns="http://www.sdmx.org/resources/sdmxml/schemas/v2_1/common">Volterra</Name>
          <Parent>
            <Ref id="ITE17" xmlns="" />
          </Parent>
        </Code>
        <Code id="051001" urn="urn:sdmx:org.sdmx.infomodel.codelist.Code=IT1:CL_REFAREA(1.2).051001">
          <Name xml:lang="it" xmlns="http://www.sdmx.org/resources/sdmxml/schemas/v2_1/common">Anghiari</Name>
          <Name xml:lang="en" xmlns="http://www.sdmx.org/resources/sdmxml/schemas/v2_1/common">Anghiari</Name>
          <Parent>
            <Ref id="ITE18" xmlns="" />
          </Parent>
        </Code>
        <Code id="051002" urn="urn:sdmx:org.sdmx.infomodel.codelist.Code=IT1:CL_REFAREA(1.2).051002">
          <Name xml:lang="it" xmlns="http://www.sdmx.org/resources/sdmxml/schemas/v2_1/common">Arezzo</Name>
          <Name xml:lang="en" xmlns="http://www.sdmx.org/resources/sdmxml/schemas/v2_1/common">Arezzo</Name>
          <Parent>
            <Ref id="ITE18" xmlns="" />
          </Parent>
        </Code>
        <Code id="051003" urn="urn:sdmx:org.sdmx.infomodel.codelist.Code=IT1:CL_REFAREA(1.2).051003">
          <Name xml:lang="it" xmlns="http://www.sdmx.org/resources/sdmxml/schemas/v2_1/common">Badia Tedalda</Name>
          <Name xml:lang="en" xmlns="http://www.sdmx.org/resources/sdmxml/schemas/v2_1/common">Badia Tedalda</Name>
          <Parent>
            <Ref id="ITE18" xmlns="" />
          </Parent>
        </Code>
        <Code id="051004" urn="urn:sdmx:org.sdmx.infomodel.codelist.Code=IT1:CL_REFAREA(1.2).051004">
          <Name xml:lang="it" xmlns="http://www.sdmx.org/resources/sdmxml/schemas/v2_1/common">Bibbiena</Name>
          <Name xml:lang="en" xmlns="http://www.sdmx.org/resources/sdmxml/schemas/v2_1/common">Bibbiena</Name>
          <Parent>
            <Ref id="ITE18" xmlns="" />
          </Parent>
        </Code>
        <Code id="051005" urn="urn:sdmx:org.sdmx.infomodel.codelist.Code=IT1:CL_REFAREA(1.2).051005">
          <Name xml:lang="it" xmlns="http://www.sdmx.org/resources/sdmxml/schemas/v2_1/common">Bucine</Name>
          <Name xml:lang="en" xmlns="http://www.sdmx.org/resources/sdmxml/schemas/v2_1/common">Bucine</Name>
          <Parent>
            <Ref id="ITE18" xmlns="" />
          </Parent>
        </Code>
        <Code id="051006" urn="urn:sdmx:org.sdmx.infomodel.codelist.Code=IT1:CL_REFAREA(1.2).051006">
          <Name xml:lang="it" xmlns="http://www.sdmx.org/resources/sdmxml/schemas/v2_1/common">Capolona</Name>
          <Name xml:lang="en" xmlns="http://www.sdmx.org/resources/sdmxml/schemas/v2_1/common">Capolona</Name>
          <Parent>
            <Ref id="ITE18" xmlns="" />
          </Parent>
        </Code>
        <Code id="051007" urn="urn:sdmx:org.sdmx.infomodel.codelist.Code=IT1:CL_REFAREA(1.2).051007">
          <Name xml:lang="it" xmlns="http://www.sdmx.org/resources/sdmxml/schemas/v2_1/common">Caprese Michelangelo</Name>
          <Name xml:lang="en" xmlns="http://www.sdmx.org/resources/sdmxml/schemas/v2_1/common">Caprese Michelangelo</Name>
          <Parent>
            <Ref id="ITE18" xmlns="" />
          </Parent>
        </Code>
        <Code id="051008" urn="urn:sdmx:org.sdmx.infomodel.codelist.Code=IT1:CL_REFAREA(1.2).051008">
          <Name xml:lang="it" xmlns="http://www.sdmx.org/resources/sdmxml/schemas/v2_1/common">Castel Focognano</Name>
          <Name xml:lang="en" xmlns="http://www.sdmx.org/resources/sdmxml/schemas/v2_1/common">Castel Focognano</Name>
          <Parent>
            <Ref id="ITE18" xmlns="" />
          </Parent>
        </Code>
        <Code id="051009" urn="urn:sdmx:org.sdmx.infomodel.codelist.Code=IT1:CL_REFAREA(1.2).051009">
          <Name xml:lang="it" xmlns="http://www.sdmx.org/resources/sdmxml/schemas/v2_1/common">Castelfranco di Sopra</Name>
          <Name xml:lang="en" xmlns="http://www.sdmx.org/resources/sdmxml/schemas/v2_1/common">Castelfranco di Sopra</Name>
          <Parent>
            <Ref id="ITE18" xmlns="" />
          </Parent>
        </Code>
        <Code id="051010" urn="urn:sdmx:org.sdmx.infomodel.codelist.Code=IT1:CL_REFAREA(1.2).051010">
          <Name xml:lang="it" xmlns="http://www.sdmx.org/resources/sdmxml/schemas/v2_1/common">Castel San Niccolò</Name>
          <Name xml:lang="en" xmlns="http://www.sdmx.org/resources/sdmxml/schemas/v2_1/common">Castel San Niccolò</Name>
          <Parent>
            <Ref id="ITE18" xmlns="" />
          </Parent>
        </Code>
        <Code id="051011" urn="urn:sdmx:org.sdmx.infomodel.codelist.Code=IT1:CL_REFAREA(1.2).051011">
          <Name xml:lang="it" xmlns="http://www.sdmx.org/resources/sdmxml/schemas/v2_1/common">Castiglion Fibocchi</Name>
          <Name xml:lang="en" xmlns="http://www.sdmx.org/resources/sdmxml/schemas/v2_1/common">Castiglion Fibocchi</Name>
          <Parent>
            <Ref id="ITE18" xmlns="" />
          </Parent>
        </Code>
        <Code id="051012" urn="urn:sdmx:org.sdmx.infomodel.codelist.Code=IT1:CL_REFAREA(1.2).051012">
          <Name xml:lang="it" xmlns="http://www.sdmx.org/resources/sdmxml/schemas/v2_1/common">Castiglion Fiorentino</Name>
          <Name xml:lang="en" xmlns="http://www.sdmx.org/resources/sdmxml/schemas/v2_1/common">Castiglion Fiorentino</Name>
          <Parent>
            <Ref id="ITE18" xmlns="" />
          </Parent>
        </Code>
        <Code id="051013" urn="urn:sdmx:org.sdmx.infomodel.codelist.Code=IT1:CL_REFAREA(1.2).051013">
          <Name xml:lang="it" xmlns="http://www.sdmx.org/resources/sdmxml/schemas/v2_1/common">Cavriglia</Name>
          <Name xml:lang="en" xmlns="http://www.sdmx.org/resources/sdmxml/schemas/v2_1/common">Cavriglia</Name>
          <Parent>
            <Ref id="ITE18" xmlns="" />
          </Parent>
        </Code>
        <Code id="051014" urn="urn:sdmx:org.sdmx.infomodel.codelist.Code=IT1:CL_REFAREA(1.2).051014">
          <Name xml:lang="it" xmlns="http://www.sdmx.org/resources/sdmxml/schemas/v2_1/common">Chitignano</Name>
          <Name xml:lang="en" xmlns="http://www.sdmx.org/resources/sdmxml/schemas/v2_1/common">Chitignano</Name>
          <Parent>
            <Ref id="ITE18" xmlns="" />
          </Parent>
        </Code>
        <Code id="051015" urn="urn:sdmx:org.sdmx.infomodel.codelist.Code=IT1:CL_REFAREA(1.2).051015">
          <Name xml:lang="it" xmlns="http://www.sdmx.org/resources/sdmxml/schemas/v2_1/common">Chiusi della Verna</Name>
          <Name xml:lang="en" xmlns="http://www.sdmx.org/resources/sdmxml/schemas/v2_1/common">Chiusi della Verna</Name>
          <Parent>
            <Ref id="ITE18" xmlns="" />
          </Parent>
        </Code>
        <Code id="051016" urn="urn:sdmx:org.sdmx.infomodel.codelist.Code=IT1:CL_REFAREA(1.2).051016">
          <Name xml:lang="it" xmlns="http://www.sdmx.org/resources/sdmxml/schemas/v2_1/common">Civitella in Val di Chiana</Name>
          <Name xml:lang="en" xmlns="http://www.sdmx.org/resources/sdmxml/schemas/v2_1/common">Civitella in Val di Chiana</Name>
          <Parent>
            <Ref id="ITE18" xmlns="" />
          </Parent>
        </Code>
        <Code id="051017" urn="urn:sdmx:org.sdmx.infomodel.codelist.Code=IT1:CL_REFAREA(1.2).051017">
          <Name xml:lang="it" xmlns="http://www.sdmx.org/resources/sdmxml/schemas/v2_1/common">Cortona</Name>
          <Name xml:lang="en" xmlns="http://www.sdmx.org/resources/sdmxml/schemas/v2_1/common">Cortona</Name>
          <Parent>
            <Ref id="ITE18" xmlns="" />
          </Parent>
        </Code>
        <Code id="051018" urn="urn:sdmx:org.sdmx.infomodel.codelist.Code=IT1:CL_REFAREA(1.2).051018">
          <Name xml:lang="it" xmlns="http://www.sdmx.org/resources/sdmxml/schemas/v2_1/common">Foiano della Chiana</Name>
          <Name xml:lang="en" xmlns="http://www.sdmx.org/resources/sdmxml/schemas/v2_1/common">Foiano della Chiana</Name>
          <Parent>
            <Ref id="ITE18" xmlns="" />
          </Parent>
        </Code>
        <Code id="051019" urn="urn:sdmx:org.sdmx.infomodel.codelist.Code=IT1:CL_REFAREA(1.2).051019">
          <Name xml:lang="it" xmlns="http://www.sdmx.org/resources/sdmxml/schemas/v2_1/common">Laterina</Name>
          <Name xml:lang="en" xmlns="http://www.sdmx.org/resources/sdmxml/schemas/v2_1/common">Laterina</Name>
          <Parent>
            <Ref id="ITE18" xmlns="" />
          </Parent>
        </Code>
        <Code id="051020" urn="urn:sdmx:org.sdmx.infomodel.codelist.Code=IT1:CL_REFAREA(1.2).051020">
          <Name xml:lang="it" xmlns="http://www.sdmx.org/resources/sdmxml/schemas/v2_1/common">Loro Ciuffenna</Name>
          <Name xml:lang="en" xmlns="http://www.sdmx.org/resources/sdmxml/schemas/v2_1/common">Loro Ciuffenna</Name>
          <Parent>
            <Ref id="ITE18" xmlns="" />
          </Parent>
        </Code>
        <Code id="051021" urn="urn:sdmx:org.sdmx.infomodel.codelist.Code=IT1:CL_REFAREA(1.2).051021">
          <Name xml:lang="it" xmlns="http://www.sdmx.org/resources/sdmxml/schemas/v2_1/common">Lucignano</Name>
          <Name xml:lang="en" xmlns="http://www.sdmx.org/resources/sdmxml/schemas/v2_1/common">Lucignano</Name>
          <Parent>
            <Ref id="ITE18" xmlns="" />
          </Parent>
        </Code>
        <Code id="051022" urn="urn:sdmx:org.sdmx.infomodel.codelist.Code=IT1:CL_REFAREA(1.2).051022">
          <Name xml:lang="it" xmlns="http://www.sdmx.org/resources/sdmxml/schemas/v2_1/common">Marciano della Chiana</Name>
          <Name xml:lang="en" xmlns="http://www.sdmx.org/resources/sdmxml/schemas/v2_1/common">Marciano della Chiana</Name>
          <Parent>
            <Ref id="ITE18" xmlns="" />
          </Parent>
        </Code>
        <Code id="051023" urn="urn:sdmx:org.sdmx.infomodel.codelist.Code=IT1:CL_REFAREA(1.2).051023">
          <Name xml:lang="it" xmlns="http://www.sdmx.org/resources/sdmxml/schemas/v2_1/common">Montemignaio</Name>
          <Name xml:lang="en" xmlns="http://www.sdmx.org/resources/sdmxml/schemas/v2_1/common">Montemignaio</Name>
          <Parent>
            <Ref id="ITE18" xmlns="" />
          </Parent>
        </Code>
        <Code id="051024" urn="urn:sdmx:org.sdmx.infomodel.codelist.Code=IT1:CL_REFAREA(1.2).051024">
          <Name xml:lang="it" xmlns="http://www.sdmx.org/resources/sdmxml/schemas/v2_1/common">Monterchi</Name>
          <Name xml:lang="en" xmlns="http://www.sdmx.org/resources/sdmxml/schemas/v2_1/common">Monterchi</Name>
          <Parent>
            <Ref id="ITE18" xmlns="" />
          </Parent>
        </Code>
        <Code id="051025" urn="urn:sdmx:org.sdmx.infomodel.codelist.Code=IT1:CL_REFAREA(1.2).051025">
          <Name xml:lang="it" xmlns="http://www.sdmx.org/resources/sdmxml/schemas/v2_1/common">Monte San Savino</Name>
          <Name xml:lang="en" xmlns="http://www.sdmx.org/resources/sdmxml/schemas/v2_1/common">Monte San Savino</Name>
          <Parent>
            <Ref id="ITE18" xmlns="" />
          </Parent>
        </Code>
        <Code id="051026" urn="urn:sdmx:org.sdmx.infomodel.codelist.Code=IT1:CL_REFAREA(1.2).051026">
          <Name xml:lang="it" xmlns="http://www.sdmx.org/resources/sdmxml/schemas/v2_1/common">Montevarchi</Name>
          <Name xml:lang="en" xmlns="http://www.sdmx.org/resources/sdmxml/schemas/v2_1/common">Montevarchi</Name>
          <Parent>
            <Ref id="ITE18" xmlns="" />
          </Parent>
        </Code>
        <Code id="051027" urn="urn:sdmx:org.sdmx.infomodel.codelist.Code=IT1:CL_REFAREA(1.2).051027">
          <Name xml:lang="it" xmlns="http://www.sdmx.org/resources/sdmxml/schemas/v2_1/common">Ortignano Raggiolo</Name>
          <Name xml:lang="en" xmlns="http://www.sdmx.org/resources/sdmxml/schemas/v2_1/common">Ortignano Raggiolo</Name>
          <Parent>
            <Ref id="ITE18" xmlns="" />
          </Parent>
        </Code>
        <Code id="051028" urn="urn:sdmx:org.sdmx.infomodel.codelist.Code=IT1:CL_REFAREA(1.2).051028">
          <Name xml:lang="it" xmlns="http://www.sdmx.org/resources/sdmxml/schemas/v2_1/common">Pergine Valdarno</Name>
          <Name xml:lang="en" xmlns="http://www.sdmx.org/resources/sdmxml/schemas/v2_1/common">Pergine Valdarno</Name>
          <Parent>
            <Ref id="ITE18" xmlns="" />
          </Parent>
        </Code>
        <Code id="051029" urn="urn:sdmx:org.sdmx.infomodel.codelist.Code=IT1:CL_REFAREA(1.2).051029">
          <Name xml:lang="it" xmlns="http://www.sdmx.org/resources/sdmxml/schemas/v2_1/common">Pian di Sco</Name>
          <Name xml:lang="en" xmlns="http://www.sdmx.org/resources/sdmxml/schemas/v2_1/common">Pian di Sco</Name>
          <Parent>
            <Ref id="ITE18" xmlns="" />
          </Parent>
        </Code>
        <Code id="051030" urn="urn:sdmx:org.sdmx.infomodel.codelist.Code=IT1:CL_REFAREA(1.2).051030">
          <Name xml:lang="it" xmlns="http://www.sdmx.org/resources/sdmxml/schemas/v2_1/common">Pieve Santo Stefano</Name>
          <Name xml:lang="en" xmlns="http://www.sdmx.org/resources/sdmxml/schemas/v2_1/common">Pieve Santo Stefano</Name>
          <Parent>
            <Ref id="ITE18" xmlns="" />
          </Parent>
        </Code>
        <Code id="051031" urn="urn:sdmx:org.sdmx.infomodel.codelist.Code=IT1:CL_REFAREA(1.2).051031">
          <Name xml:lang="it" xmlns="http://www.sdmx.org/resources/sdmxml/schemas/v2_1/common">Poppi</Name>
          <Name xml:lang="en" xmlns="http://www.sdmx.org/resources/sdmxml/schemas/v2_1/common">Poppi</Name>
          <Parent>
            <Ref id="ITE18" xmlns="" />
          </Parent>
        </Code>
        <Code id="051032" urn="urn:sdmx:org.sdmx.infomodel.codelist.Code=IT1:CL_REFAREA(1.2).051032">
          <Name xml:lang="it" xmlns="http://www.sdmx.org/resources/sdmxml/schemas/v2_1/common">Pratovecchio</Name>
          <Name xml:lang="en" xmlns="http://www.sdmx.org/resources/sdmxml/schemas/v2_1/common">Pratovecchio</Name>
          <Parent>
            <Ref id="ITE18" xmlns="" />
          </Parent>
        </Code>
        <Code id="051033" urn="urn:sdmx:org.sdmx.infomodel.codelist.Code=IT1:CL_REFAREA(1.2).051033">
          <Name xml:lang="it" xmlns="http://www.sdmx.org/resources/sdmxml/schemas/v2_1/common">San Giovanni Valdarno</Name>
          <Name xml:lang="en" xmlns="http://www.sdmx.org/resources/sdmxml/schemas/v2_1/common">San Giovanni Valdarno</Name>
          <Parent>
            <Ref id="ITE18" xmlns="" />
          </Parent>
        </Code>
        <Code id="051034" urn="urn:sdmx:org.sdmx.infomodel.codelist.Code=IT1:CL_REFAREA(1.2).051034">
          <Name xml:lang="it" xmlns="http://www.sdmx.org/resources/sdmxml/schemas/v2_1/common">Sansepolcro</Name>
          <Name xml:lang="en" xmlns="http://www.sdmx.org/resources/sdmxml/schemas/v2_1/common">Sansepolcro</Name>
          <Parent>
            <Ref id="ITE18" xmlns="" />
          </Parent>
        </Code>
        <Code id="051035" urn="urn:sdmx:org.sdmx.infomodel.codelist.Code=IT1:CL_REFAREA(1.2).051035">
          <Name xml:lang="it" xmlns="http://www.sdmx.org/resources/sdmxml/schemas/v2_1/common">Sestino</Name>
          <Name xml:lang="en" xmlns="http://www.sdmx.org/resources/sdmxml/schemas/v2_1/common">Sestino</Name>
          <Parent>
            <Ref id="ITE18" xmlns="" />
          </Parent>
        </Code>
        <Code id="051036" urn="urn:sdmx:org.sdmx.infomodel.codelist.Code=IT1:CL_REFAREA(1.2).051036">
          <Name xml:lang="it" xmlns="http://www.sdmx.org/resources/sdmxml/schemas/v2_1/common">Stia</Name>
          <Name xml:lang="en" xmlns="http://www.sdmx.org/resources/sdmxml/schemas/v2_1/common">Stia</Name>
          <Parent>
            <Ref id="ITE18" xmlns="" />
          </Parent>
        </Code>
        <Code id="051037" urn="urn:sdmx:org.sdmx.infomodel.codelist.Code=IT1:CL_REFAREA(1.2).051037">
          <Name xml:lang="it" xmlns="http://www.sdmx.org/resources/sdmxml/schemas/v2_1/common">Subbiano</Name>
          <Name xml:lang="en" xmlns="http://www.sdmx.org/resources/sdmxml/schemas/v2_1/common">Subbiano</Name>
          <Parent>
            <Ref id="ITE18" xmlns="" />
          </Parent>
        </Code>
        <Code id="051038" urn="urn:sdmx:org.sdmx.infomodel.codelist.Code=IT1:CL_REFAREA(1.2).051038">
          <Name xml:lang="it" xmlns="http://www.sdmx.org/resources/sdmxml/schemas/v2_1/common">Talla</Name>
          <Name xml:lang="en" xmlns="http://www.sdmx.org/resources/sdmxml/schemas/v2_1/common">Talla</Name>
          <Parent>
            <Ref id="ITE18" xmlns="" />
          </Parent>
        </Code>
        <Code id="051039" urn="urn:sdmx:org.sdmx.infomodel.codelist.Code=IT1:CL_REFAREA(1.2).051039">
          <Name xml:lang="it" xmlns="http://www.sdmx.org/resources/sdmxml/schemas/v2_1/common">Terranuova Bracciolini</Name>
          <Name xml:lang="en" xmlns="http://www.sdmx.org/resources/sdmxml/schemas/v2_1/common">Terranuova Bracciolini</Name>
          <Parent>
            <Ref id="ITE18" xmlns="" />
          </Parent>
        </Code>
        <Code id="052001" urn="urn:sdmx:org.sdmx.infomodel.codelist.Code=IT1:CL_REFAREA(1.2).052001">
          <Name xml:lang="it" xmlns="http://www.sdmx.org/resources/sdmxml/schemas/v2_1/common">Abbadia San Salvatore</Name>
          <Name xml:lang="en" xmlns="http://www.sdmx.org/resources/sdmxml/schemas/v2_1/common">Abbadia San Salvatore</Name>
          <Parent>
            <Ref id="ITE19" xmlns="" />
          </Parent>
        </Code>
        <Code id="052002" urn="urn:sdmx:org.sdmx.infomodel.codelist.Code=IT1:CL_REFAREA(1.2).052002">
          <Name xml:lang="it" xmlns="http://www.sdmx.org/resources/sdmxml/schemas/v2_1/common">Asciano</Name>
          <Name xml:lang="en" xmlns="http://www.sdmx.org/resources/sdmxml/schemas/v2_1/common">Asciano</Name>
          <Parent>
            <Ref id="ITE19" xmlns="" />
          </Parent>
        </Code>
        <Code id="052003" urn="urn:sdmx:org.sdmx.infomodel.codelist.Code=IT1:CL_REFAREA(1.2).052003">
          <Name xml:lang="it" xmlns="http://www.sdmx.org/resources/sdmxml/schemas/v2_1/common">Buonconvento</Name>
          <Name xml:lang="en" xmlns="http://www.sdmx.org/resources/sdmxml/schemas/v2_1/common">Buonconvento</Name>
          <Parent>
            <Ref id="ITE19" xmlns="" />
          </Parent>
        </Code>
        <Code id="052004" urn="urn:sdmx:org.sdmx.infomodel.codelist.Code=IT1:CL_REFAREA(1.2).052004">
          <Name xml:lang="it" xmlns="http://www.sdmx.org/resources/sdmxml/schemas/v2_1/common">Casole d'Elsa</Name>
          <Name xml:lang="en" xmlns="http://www.sdmx.org/resources/sdmxml/schemas/v2_1/common">Casole d'Elsa</Name>
          <Parent>
            <Ref id="ITE19" xmlns="" />
          </Parent>
        </Code>
        <Code id="052005" urn="urn:sdmx:org.sdmx.infomodel.codelist.Code=IT1:CL_REFAREA(1.2).052005">
          <Name xml:lang="it" xmlns="http://www.sdmx.org/resources/sdmxml/schemas/v2_1/common">Castellina in Chianti</Name>
          <Name xml:lang="en" xmlns="http://www.sdmx.org/resources/sdmxml/schemas/v2_1/common">Castellina in Chianti</Name>
          <Parent>
            <Ref id="ITE19" xmlns="" />
          </Parent>
        </Code>
        <Code id="052006" urn="urn:sdmx:org.sdmx.infomodel.codelist.Code=IT1:CL_REFAREA(1.2).052006">
          <Name xml:lang="it" xmlns="http://www.sdmx.org/resources/sdmxml/schemas/v2_1/common">Castelnuovo Berardenga</Name>
          <Name xml:lang="en" xmlns="http://www.sdmx.org/resources/sdmxml/schemas/v2_1/common">Castelnuovo Berardenga</Name>
          <Parent>
            <Ref id="ITE19" xmlns="" />
          </Parent>
        </Code>
        <Code id="052007" urn="urn:sdmx:org.sdmx.infomodel.codelist.Code=IT1:CL_REFAREA(1.2).052007">
          <Name xml:lang="it" xmlns="http://www.sdmx.org/resources/sdmxml/schemas/v2_1/common">Castiglione d'Orcia</Name>
          <Name xml:lang="en" xmlns="http://www.sdmx.org/resources/sdmxml/schemas/v2_1/common">Castiglione d'Orcia</Name>
          <Parent>
            <Ref id="ITE19" xmlns="" />
          </Parent>
        </Code>
        <Code id="052008" urn="urn:sdmx:org.sdmx.infomodel.codelist.Code=IT1:CL_REFAREA(1.2).052008">
          <Name xml:lang="it" xmlns="http://www.sdmx.org/resources/sdmxml/schemas/v2_1/common">Cetona</Name>
          <Name xml:lang="en" xmlns="http://www.sdmx.org/resources/sdmxml/schemas/v2_1/common">Cetona</Name>
          <Parent>
            <Ref id="ITE19" xmlns="" />
          </Parent>
        </Code>
        <Code id="052009" urn="urn:sdmx:org.sdmx.infomodel.codelist.Code=IT1:CL_REFAREA(1.2).052009">
          <Name xml:lang="it" xmlns="http://www.sdmx.org/resources/sdmxml/schemas/v2_1/common">Chianciano Terme</Name>
          <Name xml:lang="en" xmlns="http://www.sdmx.org/resources/sdmxml/schemas/v2_1/common">Chianciano Terme</Name>
          <Parent>
            <Ref id="ITE19" xmlns="" />
          </Parent>
        </Code>
        <Code id="052010" urn="urn:sdmx:org.sdmx.infomodel.codelist.Code=IT1:CL_REFAREA(1.2).052010">
          <Name xml:lang="it" xmlns="http://www.sdmx.org/resources/sdmxml/schemas/v2_1/common">Chiusdino</Name>
          <Name xml:lang="en" xmlns="http://www.sdmx.org/resources/sdmxml/schemas/v2_1/common">Chiusdino</Name>
          <Parent>
            <Ref id="ITE19" xmlns="" />
          </Parent>
        </Code>
        <Code id="052011" urn="urn:sdmx:org.sdmx.infomodel.codelist.Code=IT1:CL_REFAREA(1.2).052011">
          <Name xml:lang="it" xmlns="http://www.sdmx.org/resources/sdmxml/schemas/v2_1/common">Chiusi</Name>
          <Name xml:lang="en" xmlns="http://www.sdmx.org/resources/sdmxml/schemas/v2_1/common">Chiusi</Name>
          <Parent>
            <Ref id="ITE19" xmlns="" />
          </Parent>
        </Code>
        <Code id="052012" urn="urn:sdmx:org.sdmx.infomodel.codelist.Code=IT1:CL_REFAREA(1.2).052012">
          <Name xml:lang="it" xmlns="http://www.sdmx.org/resources/sdmxml/schemas/v2_1/common">Colle di Val d'Elsa</Name>
          <Name xml:lang="en" xmlns="http://www.sdmx.org/resources/sdmxml/schemas/v2_1/common">Colle di Val d'Elsa</Name>
          <Parent>
            <Ref id="ITE19" xmlns="" />
          </Parent>
        </Code>
        <Code id="052013" urn="urn:sdmx:org.sdmx.infomodel.codelist.Code=IT1:CL_REFAREA(1.2).052013">
          <Name xml:lang="it" xmlns="http://www.sdmx.org/resources/sdmxml/schemas/v2_1/common">Gaiole in Chianti</Name>
          <Name xml:lang="en" xmlns="http://www.sdmx.org/resources/sdmxml/schemas/v2_1/common">Gaiole in Chianti</Name>
          <Parent>
            <Ref id="ITE19" xmlns="" />
          </Parent>
        </Code>
        <Code id="052014" urn="urn:sdmx:org.sdmx.infomodel.codelist.Code=IT1:CL_REFAREA(1.2).052014">
          <Name xml:lang="it" xmlns="http://www.sdmx.org/resources/sdmxml/schemas/v2_1/common">Montalcino</Name>
          <Name xml:lang="en" xmlns="http://www.sdmx.org/resources/sdmxml/schemas/v2_1/common">Montalcino</Name>
          <Parent>
            <Ref id="ITE19" xmlns="" />
          </Parent>
        </Code>
        <Code id="052015" urn="urn:sdmx:org.sdmx.infomodel.codelist.Code=IT1:CL_REFAREA(1.2).052015">
          <Name xml:lang="it" xmlns="http://www.sdmx.org/resources/sdmxml/schemas/v2_1/common">Montepulciano</Name>
          <Name xml:lang="en" xmlns="http://www.sdmx.org/resources/sdmxml/schemas/v2_1/common">Montepulciano</Name>
          <Parent>
            <Ref id="ITE19" xmlns="" />
          </Parent>
        </Code>
        <Code id="052016" urn="urn:sdmx:org.sdmx.infomodel.codelist.Code=IT1:CL_REFAREA(1.2).052016">
          <Name xml:lang="it" xmlns="http://www.sdmx.org/resources/sdmxml/schemas/v2_1/common">Monteriggioni</Name>
          <Name xml:lang="en" xmlns="http://www.sdmx.org/resources/sdmxml/schemas/v2_1/common">Monteriggioni</Name>
          <Parent>
            <Ref id="ITE19" xmlns="" />
          </Parent>
        </Code>
        <Code id="052017" urn="urn:sdmx:org.sdmx.infomodel.codelist.Code=IT1:CL_REFAREA(1.2).052017">
          <Name xml:lang="it" xmlns="http://www.sdmx.org/resources/sdmxml/schemas/v2_1/common">Monteroni d'Arbia</Name>
          <Name xml:lang="en" xmlns="http://www.sdmx.org/resources/sdmxml/schemas/v2_1/common">Monteroni d'Arbia</Name>
          <Parent>
            <Ref id="ITE19" xmlns="" />
          </Parent>
        </Code>
        <Code id="052018" urn="urn:sdmx:org.sdmx.infomodel.codelist.Code=IT1:CL_REFAREA(1.2).052018">
          <Name xml:lang="it" xmlns="http://www.sdmx.org/resources/sdmxml/schemas/v2_1/common">Monticiano</Name>
          <Name xml:lang="en" xmlns="http://www.sdmx.org/resources/sdmxml/schemas/v2_1/common">Monticiano</Name>
          <Parent>
            <Ref id="ITE19" xmlns="" />
          </Parent>
        </Code>
        <Code id="052019" urn="urn:sdmx:org.sdmx.infomodel.codelist.Code=IT1:CL_REFAREA(1.2).052019">
          <Name xml:lang="it" xmlns="http://www.sdmx.org/resources/sdmxml/schemas/v2_1/common">Murlo</Name>
          <Name xml:lang="en" xmlns="http://www.sdmx.org/resources/sdmxml/schemas/v2_1/common">Murlo</Name>
          <Parent>
            <Ref id="ITE19" xmlns="" />
          </Parent>
        </Code>
        <Code id="052020" urn="urn:sdmx:org.sdmx.infomodel.codelist.Code=IT1:CL_REFAREA(1.2).052020">
          <Name xml:lang="it" xmlns="http://www.sdmx.org/resources/sdmxml/schemas/v2_1/common">Piancastagnaio</Name>
          <Name xml:lang="en" xmlns="http://www.sdmx.org/resources/sdmxml/schemas/v2_1/common">Piancastagnaio</Name>
          <Parent>
            <Ref id="ITE19" xmlns="" />
          </Parent>
        </Code>
        <Code id="052021" urn="urn:sdmx:org.sdmx.infomodel.codelist.Code=IT1:CL_REFAREA(1.2).052021">
          <Name xml:lang="it" xmlns="http://www.sdmx.org/resources/sdmxml/schemas/v2_1/common">Pienza</Name>
          <Name xml:lang="en" xmlns="http://www.sdmx.org/resources/sdmxml/schemas/v2_1/common">Pienza</Name>
          <Parent>
            <Ref id="ITE19" xmlns="" />
          </Parent>
        </Code>
        <Code id="052022" urn="urn:sdmx:org.sdmx.infomodel.codelist.Code=IT1:CL_REFAREA(1.2).052022">
          <Name xml:lang="it" xmlns="http://www.sdmx.org/resources/sdmxml/schemas/v2_1/common">Poggibonsi</Name>
          <Name xml:lang="en" xmlns="http://www.sdmx.org/resources/sdmxml/schemas/v2_1/common">Poggibonsi</Name>
          <Parent>
            <Ref id="ITE19" xmlns="" />
          </Parent>
        </Code>
        <Code id="052023" urn="urn:sdmx:org.sdmx.infomodel.codelist.Code=IT1:CL_REFAREA(1.2).052023">
          <Name xml:lang="it" xmlns="http://www.sdmx.org/resources/sdmxml/schemas/v2_1/common">Radda in Chianti</Name>
          <Name xml:lang="en" xmlns="http://www.sdmx.org/resources/sdmxml/schemas/v2_1/common">Radda in Chianti</Name>
          <Parent>
            <Ref id="ITE19" xmlns="" />
          </Parent>
        </Code>
        <Code id="052024" urn="urn:sdmx:org.sdmx.infomodel.codelist.Code=IT1:CL_REFAREA(1.2).052024">
          <Name xml:lang="it" xmlns="http://www.sdmx.org/resources/sdmxml/schemas/v2_1/common">Radicofani</Name>
          <Name xml:lang="en" xmlns="http://www.sdmx.org/resources/sdmxml/schemas/v2_1/common">Radicofani</Name>
          <Parent>
            <Ref id="ITE19" xmlns="" />
          </Parent>
        </Code>
        <Code id="052025" urn="urn:sdmx:org.sdmx.infomodel.codelist.Code=IT1:CL_REFAREA(1.2).052025">
          <Name xml:lang="it" xmlns="http://www.sdmx.org/resources/sdmxml/schemas/v2_1/common">Radicondoli</Name>
          <Name xml:lang="en" xmlns="http://www.sdmx.org/resources/sdmxml/schemas/v2_1/common">Radicondoli</Name>
          <Parent>
            <Ref id="ITE19" xmlns="" />
          </Parent>
        </Code>
        <Code id="052026" urn="urn:sdmx:org.sdmx.infomodel.codelist.Code=IT1:CL_REFAREA(1.2).052026">
          <Name xml:lang="it" xmlns="http://www.sdmx.org/resources/sdmxml/schemas/v2_1/common">Rapolano Terme</Name>
          <Name xml:lang="en" xmlns="http://www.sdmx.org/resources/sdmxml/schemas/v2_1/common">Rapolano Terme</Name>
          <Parent>
            <Ref id="ITE19" xmlns="" />
          </Parent>
        </Code>
        <Code id="052027" urn="urn:sdmx:org.sdmx.infomodel.codelist.Code=IT1:CL_REFAREA(1.2).052027">
          <Name xml:lang="it" xmlns="http://www.sdmx.org/resources/sdmxml/schemas/v2_1/common">San Casciano dei Bagni</Name>
          <Name xml:lang="en" xmlns="http://www.sdmx.org/resources/sdmxml/schemas/v2_1/common">San Casciano dei Bagni</Name>
          <Parent>
            <Ref id="ITE19" xmlns="" />
          </Parent>
        </Code>
        <Code id="052028" urn="urn:sdmx:org.sdmx.infomodel.codelist.Code=IT1:CL_REFAREA(1.2).052028">
          <Name xml:lang="it" xmlns="http://www.sdmx.org/resources/sdmxml/schemas/v2_1/common">San Gimignano</Name>
          <Name xml:lang="en" xmlns="http://www.sdmx.org/resources/sdmxml/schemas/v2_1/common">San Gimignano</Name>
          <Parent>
            <Ref id="ITE19" xmlns="" />
          </Parent>
        </Code>
        <Code id="052029" urn="urn:sdmx:org.sdmx.infomodel.codelist.Code=IT1:CL_REFAREA(1.2).052029">
          <Name xml:lang="it" xmlns="http://www.sdmx.org/resources/sdmxml/schemas/v2_1/common">San Giovanni d'Asso</Name>
          <Name xml:lang="en" xmlns="http://www.sdmx.org/resources/sdmxml/schemas/v2_1/common">San Giovanni d'Asso</Name>
          <Parent>
            <Ref id="ITE19" xmlns="" />
          </Parent>
        </Code>
        <Code id="052030" urn="urn:sdmx:org.sdmx.infomodel.codelist.Code=IT1:CL_REFAREA(1.2).052030">
          <Name xml:lang="it" xmlns="http://www.sdmx.org/resources/sdmxml/schemas/v2_1/common">San Quirico d'Orcia</Name>
          <Name xml:lang="en" xmlns="http://www.sdmx.org/resources/sdmxml/schemas/v2_1/common">San Quirico d'Orcia</Name>
          <Parent>
            <Ref id="ITE19" xmlns="" />
          </Parent>
        </Code>
        <Code id="052031" urn="urn:sdmx:org.sdmx.infomodel.codelist.Code=IT1:CL_REFAREA(1.2).052031">
          <Name xml:lang="it" xmlns="http://www.sdmx.org/resources/sdmxml/schemas/v2_1/common">Sarteano</Name>
          <Name xml:lang="en" xmlns="http://www.sdmx.org/resources/sdmxml/schemas/v2_1/common">Sarteano</Name>
          <Parent>
            <Ref id="ITE19" xmlns="" />
          </Parent>
        </Code>
        <Code id="052032" urn="urn:sdmx:org.sdmx.infomodel.codelist.Code=IT1:CL_REFAREA(1.2).052032">
          <Name xml:lang="it" xmlns="http://www.sdmx.org/resources/sdmxml/schemas/v2_1/common">Siena</Name>
          <Name xml:lang="en" xmlns="http://www.sdmx.org/resources/sdmxml/schemas/v2_1/common">Siena</Name>
          <Parent>
            <Ref id="ITE19" xmlns="" />
          </Parent>
        </Code>
        <Code id="052033" urn="urn:sdmx:org.sdmx.infomodel.codelist.Code=IT1:CL_REFAREA(1.2).052033">
          <Name xml:lang="it" xmlns="http://www.sdmx.org/resources/sdmxml/schemas/v2_1/common">Sinalunga</Name>
          <Name xml:lang="en" xmlns="http://www.sdmx.org/resources/sdmxml/schemas/v2_1/common">Sinalunga</Name>
          <Parent>
            <Ref id="ITE19" xmlns="" />
          </Parent>
        </Code>
        <Code id="052034" urn="urn:sdmx:org.sdmx.infomodel.codelist.Code=IT1:CL_REFAREA(1.2).052034">
          <Name xml:lang="it" xmlns="http://www.sdmx.org/resources/sdmxml/schemas/v2_1/common">Sovicille</Name>
          <Name xml:lang="en" xmlns="http://www.sdmx.org/resources/sdmxml/schemas/v2_1/common">Sovicille</Name>
          <Parent>
            <Ref id="ITE19" xmlns="" />
          </Parent>
        </Code>
        <Code id="052035" urn="urn:sdmx:org.sdmx.infomodel.codelist.Code=IT1:CL_REFAREA(1.2).052035">
          <Name xml:lang="it" xmlns="http://www.sdmx.org/resources/sdmxml/schemas/v2_1/common">Torrita di Siena</Name>
          <Name xml:lang="en" xmlns="http://www.sdmx.org/resources/sdmxml/schemas/v2_1/common">Torrita di Siena</Name>
          <Parent>
            <Ref id="ITE19" xmlns="" />
          </Parent>
        </Code>
        <Code id="052036" urn="urn:sdmx:org.sdmx.infomodel.codelist.Code=IT1:CL_REFAREA(1.2).052036">
          <Name xml:lang="it" xmlns="http://www.sdmx.org/resources/sdmxml/schemas/v2_1/common">Trequanda</Name>
          <Name xml:lang="en" xmlns="http://www.sdmx.org/resources/sdmxml/schemas/v2_1/common">Trequanda</Name>
          <Parent>
            <Ref id="ITE19" xmlns="" />
          </Parent>
        </Code>
        <Code id="053001" urn="urn:sdmx:org.sdmx.infomodel.codelist.Code=IT1:CL_REFAREA(1.2).053001">
          <Name xml:lang="it" xmlns="http://www.sdmx.org/resources/sdmxml/schemas/v2_1/common">Arcidosso</Name>
          <Name xml:lang="en" xmlns="http://www.sdmx.org/resources/sdmxml/schemas/v2_1/common">Arcidosso</Name>
          <Parent>
            <Ref id="ITE1A" xmlns="" />
          </Parent>
        </Code>
        <Code id="053002" urn="urn:sdmx:org.sdmx.infomodel.codelist.Code=IT1:CL_REFAREA(1.2).053002">
          <Name xml:lang="it" xmlns="http://www.sdmx.org/resources/sdmxml/schemas/v2_1/common">Campagnatico</Name>
          <Name xml:lang="en" xmlns="http://www.sdmx.org/resources/sdmxml/schemas/v2_1/common">Campagnatico</Name>
          <Parent>
            <Ref id="ITE1A" xmlns="" />
          </Parent>
        </Code>
        <Code id="053003" urn="urn:sdmx:org.sdmx.infomodel.codelist.Code=IT1:CL_REFAREA(1.2).053003">
          <Name xml:lang="it" xmlns="http://www.sdmx.org/resources/sdmxml/schemas/v2_1/common">Capalbio</Name>
          <Name xml:lang="en" xmlns="http://www.sdmx.org/resources/sdmxml/schemas/v2_1/common">Capalbio</Name>
          <Parent>
            <Ref id="ITE1A" xmlns="" />
          </Parent>
        </Code>
        <Code id="053004" urn="urn:sdmx:org.sdmx.infomodel.codelist.Code=IT1:CL_REFAREA(1.2).053004">
          <Name xml:lang="it" xmlns="http://www.sdmx.org/resources/sdmxml/schemas/v2_1/common">Castel del Piano</Name>
          <Name xml:lang="en" xmlns="http://www.sdmx.org/resources/sdmxml/schemas/v2_1/common">Castel del Piano</Name>
          <Parent>
            <Ref id="ITE1A" xmlns="" />
          </Parent>
        </Code>
        <Code id="053005" urn="urn:sdmx:org.sdmx.infomodel.codelist.Code=IT1:CL_REFAREA(1.2).053005">
          <Name xml:lang="it" xmlns="http://www.sdmx.org/resources/sdmxml/schemas/v2_1/common">Castell'Azzara</Name>
          <Name xml:lang="en" xmlns="http://www.sdmx.org/resources/sdmxml/schemas/v2_1/common">Castell'Azzara</Name>
          <Parent>
            <Ref id="ITE1A" xmlns="" />
          </Parent>
        </Code>
        <Code id="053006" urn="urn:sdmx:org.sdmx.infomodel.codelist.Code=IT1:CL_REFAREA(1.2).053006">
          <Name xml:lang="it" xmlns="http://www.sdmx.org/resources/sdmxml/schemas/v2_1/common">Castiglione della Pescaia</Name>
          <Name xml:lang="en" xmlns="http://www.sdmx.org/resources/sdmxml/schemas/v2_1/common">Castiglione della Pescaia</Name>
          <Parent>
            <Ref id="ITE1A" xmlns="" />
          </Parent>
        </Code>
        <Code id="053007" urn="urn:sdmx:org.sdmx.infomodel.codelist.Code=IT1:CL_REFAREA(1.2).053007">
          <Name xml:lang="it" xmlns="http://www.sdmx.org/resources/sdmxml/schemas/v2_1/common">Cinigiano</Name>
          <Name xml:lang="en" xmlns="http://www.sdmx.org/resources/sdmxml/schemas/v2_1/common">Cinigiano</Name>
          <Parent>
            <Ref id="ITE1A" xmlns="" />
          </Parent>
        </Code>
        <Code id="053008" urn="urn:sdmx:org.sdmx.infomodel.codelist.Code=IT1:CL_REFAREA(1.2).053008">
          <Name xml:lang="it" xmlns="http://www.sdmx.org/resources/sdmxml/schemas/v2_1/common">Civitella Paganico</Name>
          <Name xml:lang="en" xmlns="http://www.sdmx.org/resources/sdmxml/schemas/v2_1/common">Civitella Paganico</Name>
          <Parent>
            <Ref id="ITE1A" xmlns="" />
          </Parent>
        </Code>
        <Code id="053009" urn="urn:sdmx:org.sdmx.infomodel.codelist.Code=IT1:CL_REFAREA(1.2).053009">
          <Name xml:lang="it" xmlns="http://www.sdmx.org/resources/sdmxml/schemas/v2_1/common">Follonica</Name>
          <Name xml:lang="en" xmlns="http://www.sdmx.org/resources/sdmxml/schemas/v2_1/common">Follonica</Name>
          <Parent>
            <Ref id="ITE1A" xmlns="" />
          </Parent>
        </Code>
        <Code id="053010" urn="urn:sdmx:org.sdmx.infomodel.codelist.Code=IT1:CL_REFAREA(1.2).053010">
          <Name xml:lang="it" xmlns="http://www.sdmx.org/resources/sdmxml/schemas/v2_1/common">Gavorrano</Name>
          <Name xml:lang="en" xmlns="http://www.sdmx.org/resources/sdmxml/schemas/v2_1/common">Gavorrano</Name>
          <Parent>
            <Ref id="ITE1A" xmlns="" />
          </Parent>
        </Code>
        <Code id="053011" urn="urn:sdmx:org.sdmx.infomodel.codelist.Code=IT1:CL_REFAREA(1.2).053011">
          <Name xml:lang="it" xmlns="http://www.sdmx.org/resources/sdmxml/schemas/v2_1/common">Grosseto</Name>
          <Name xml:lang="en" xmlns="http://www.sdmx.org/resources/sdmxml/schemas/v2_1/common">Grosseto</Name>
          <Parent>
            <Ref id="ITE1A" xmlns="" />
          </Parent>
        </Code>
        <Code id="053012" urn="urn:sdmx:org.sdmx.infomodel.codelist.Code=IT1:CL_REFAREA(1.2).053012">
          <Name xml:lang="it" xmlns="http://www.sdmx.org/resources/sdmxml/schemas/v2_1/common">Isola del Giglio</Name>
          <Name xml:lang="en" xmlns="http://www.sdmx.org/resources/sdmxml/schemas/v2_1/common">Isola del Giglio</Name>
          <Parent>
            <Ref id="ITE1A" xmlns="" />
          </Parent>
        </Code>
        <Code id="053013" urn="urn:sdmx:org.sdmx.infomodel.codelist.Code=IT1:CL_REFAREA(1.2).053013">
          <Name xml:lang="it" xmlns="http://www.sdmx.org/resources/sdmxml/schemas/v2_1/common">Magliano in Toscana</Name>
          <Name xml:lang="en" xmlns="http://www.sdmx.org/resources/sdmxml/schemas/v2_1/common">Magliano in Toscana</Name>
          <Parent>
            <Ref id="ITE1A" xmlns="" />
          </Parent>
        </Code>
        <Code id="053014" urn="urn:sdmx:org.sdmx.infomodel.codelist.Code=IT1:CL_REFAREA(1.2).053014">
          <Name xml:lang="it" xmlns="http://www.sdmx.org/resources/sdmxml/schemas/v2_1/common">Manciano</Name>
          <Name xml:lang="en" xmlns="http://www.sdmx.org/resources/sdmxml/schemas/v2_1/common">Manciano</Name>
          <Parent>
            <Ref id="ITE1A" xmlns="" />
          </Parent>
        </Code>
        <Code id="053015" urn="urn:sdmx:org.sdmx.infomodel.codelist.Code=IT1:CL_REFAREA(1.2).053015">
          <Name xml:lang="it" xmlns="http://www.sdmx.org/resources/sdmxml/schemas/v2_1/common">Massa Marittima</Name>
          <Name xml:lang="en" xmlns="http://www.sdmx.org/resources/sdmxml/schemas/v2_1/common">Massa Marittima</Name>
          <Parent>
            <Ref id="ITE1A" xmlns="" />
          </Parent>
        </Code>
        <Code id="053016" urn="urn:sdmx:org.sdmx.infomodel.codelist.Code=IT1:CL_REFAREA(1.2).053016">
          <Name xml:lang="it" xmlns="http://www.sdmx.org/resources/sdmxml/schemas/v2_1/common">Monte Argentario</Name>
          <Name xml:lang="en" xmlns="http://www.sdmx.org/resources/sdmxml/schemas/v2_1/common">Monte Argentario</Name>
          <Parent>
            <Ref id="ITE1A" xmlns="" />
          </Parent>
        </Code>
        <Code id="053017" urn="urn:sdmx:org.sdmx.infomodel.codelist.Code=IT1:CL_REFAREA(1.2).053017">
          <Name xml:lang="it" xmlns="http://www.sdmx.org/resources/sdmxml/schemas/v2_1/common">Montieri</Name>
          <Name xml:lang="en" xmlns="http://www.sdmx.org/resources/sdmxml/schemas/v2_1/common">Montieri</Name>
          <Parent>
            <Ref id="ITE1A" xmlns="" />
          </Parent>
        </Code>
        <Code id="053018" urn="urn:sdmx:org.sdmx.infomodel.codelist.Code=IT1:CL_REFAREA(1.2).053018">
          <Name xml:lang="it" xmlns="http://www.sdmx.org/resources/sdmxml/schemas/v2_1/common">Orbetello</Name>
          <Name xml:lang="en" xmlns="http://www.sdmx.org/resources/sdmxml/schemas/v2_1/common">Orbetello</Name>
          <Parent>
            <Ref id="ITE1A" xmlns="" />
          </Parent>
        </Code>
        <Code id="053019" urn="urn:sdmx:org.sdmx.infomodel.codelist.Code=IT1:CL_REFAREA(1.2).053019">
          <Name xml:lang="it" xmlns="http://www.sdmx.org/resources/sdmxml/schemas/v2_1/common">Pitigliano</Name>
          <Name xml:lang="en" xmlns="http://www.sdmx.org/resources/sdmxml/schemas/v2_1/common">Pitigliano</Name>
          <Parent>
            <Ref id="ITE1A" xmlns="" />
          </Parent>
        </Code>
        <Code id="053020" urn="urn:sdmx:org.sdmx.infomodel.codelist.Code=IT1:CL_REFAREA(1.2).053020">
          <Name xml:lang="it" xmlns="http://www.sdmx.org/resources/sdmxml/schemas/v2_1/common">Roccalbegna</Name>
          <Name xml:lang="en" xmlns="http://www.sdmx.org/resources/sdmxml/schemas/v2_1/common">Roccalbegna</Name>
          <Parent>
            <Ref id="ITE1A" xmlns="" />
          </Parent>
        </Code>
        <Code id="053021" urn="urn:sdmx:org.sdmx.infomodel.codelist.Code=IT1:CL_REFAREA(1.2).053021">
          <Name xml:lang="it" xmlns="http://www.sdmx.org/resources/sdmxml/schemas/v2_1/common">Roccastrada</Name>
          <Name xml:lang="en" xmlns="http://www.sdmx.org/resources/sdmxml/schemas/v2_1/common">Roccastrada</Name>
          <Parent>
            <Ref id="ITE1A" xmlns="" />
          </Parent>
        </Code>
        <Code id="053022" urn="urn:sdmx:org.sdmx.infomodel.codelist.Code=IT1:CL_REFAREA(1.2).053022">
          <Name xml:lang="it" xmlns="http://www.sdmx.org/resources/sdmxml/schemas/v2_1/common">Santa Fiora</Name>
          <Name xml:lang="en" xmlns="http://www.sdmx.org/resources/sdmxml/schemas/v2_1/common">Santa Fiora</Name>
          <Parent>
            <Ref id="ITE1A" xmlns="" />
          </Parent>
        </Code>
        <Code id="053023" urn="urn:sdmx:org.sdmx.infomodel.codelist.Code=IT1:CL_REFAREA(1.2).053023">
          <Name xml:lang="it" xmlns="http://www.sdmx.org/resources/sdmxml/schemas/v2_1/common">Scansano</Name>
          <Name xml:lang="en" xmlns="http://www.sdmx.org/resources/sdmxml/schemas/v2_1/common">Scansano</Name>
          <Parent>
            <Ref id="ITE1A" xmlns="" />
          </Parent>
        </Code>
        <Code id="053024" urn="urn:sdmx:org.sdmx.infomodel.codelist.Code=IT1:CL_REFAREA(1.2).053024">
          <Name xml:lang="it" xmlns="http://www.sdmx.org/resources/sdmxml/schemas/v2_1/common">Scarlino</Name>
          <Name xml:lang="en" xmlns="http://www.sdmx.org/resources/sdmxml/schemas/v2_1/common">Scarlino</Name>
          <Parent>
            <Ref id="ITE1A" xmlns="" />
          </Parent>
        </Code>
        <Code id="053025" urn="urn:sdmx:org.sdmx.infomodel.codelist.Code=IT1:CL_REFAREA(1.2).053025">
          <Name xml:lang="it" xmlns="http://www.sdmx.org/resources/sdmxml/schemas/v2_1/common">Seggiano</Name>
          <Name xml:lang="en" xmlns="http://www.sdmx.org/resources/sdmxml/schemas/v2_1/common">Seggiano</Name>
          <Parent>
            <Ref id="ITE1A" xmlns="" />
          </Parent>
        </Code>
        <Code id="053026" urn="urn:sdmx:org.sdmx.infomodel.codelist.Code=IT1:CL_REFAREA(1.2).053026">
          <Name xml:lang="it" xmlns="http://www.sdmx.org/resources/sdmxml/schemas/v2_1/common">Sorano</Name>
          <Name xml:lang="en" xmlns="http://www.sdmx.org/resources/sdmxml/schemas/v2_1/common">Sorano</Name>
          <Parent>
            <Ref id="ITE1A" xmlns="" />
          </Parent>
        </Code>
        <Code id="053027" urn="urn:sdmx:org.sdmx.infomodel.codelist.Code=IT1:CL_REFAREA(1.2).053027">
          <Name xml:lang="it" xmlns="http://www.sdmx.org/resources/sdmxml/schemas/v2_1/common">Monterotondo Marittimo</Name>
          <Name xml:lang="en" xmlns="http://www.sdmx.org/resources/sdmxml/schemas/v2_1/common">Monterotondo Marittimo</Name>
          <Parent>
            <Ref id="ITE1A" xmlns="" />
          </Parent>
        </Code>
        <Code id="053028" urn="urn:sdmx:org.sdmx.infomodel.codelist.Code=IT1:CL_REFAREA(1.2).053028">
          <Name xml:lang="it" xmlns="http://www.sdmx.org/resources/sdmxml/schemas/v2_1/common">Semproniano</Name>
          <Name xml:lang="en" xmlns="http://www.sdmx.org/resources/sdmxml/schemas/v2_1/common">Semproniano</Name>
          <Parent>
            <Ref id="ITE1A" xmlns="" />
          </Parent>
        </Code>
        <Code id="054001" urn="urn:sdmx:org.sdmx.infomodel.codelist.Code=IT1:CL_REFAREA(1.2).054001">
          <Name xml:lang="it" xmlns="http://www.sdmx.org/resources/sdmxml/schemas/v2_1/common">Assisi</Name>
          <Name xml:lang="en" xmlns="http://www.sdmx.org/resources/sdmxml/schemas/v2_1/common">Assisi</Name>
          <Parent>
            <Ref id="ITE21" xmlns="" />
          </Parent>
        </Code>
        <Code id="054002" urn="urn:sdmx:org.sdmx.infomodel.codelist.Code=IT1:CL_REFAREA(1.2).054002">
          <Name xml:lang="it" xmlns="http://www.sdmx.org/resources/sdmxml/schemas/v2_1/common">Bastia Umbra</Name>
          <Name xml:lang="en" xmlns="http://www.sdmx.org/resources/sdmxml/schemas/v2_1/common">Bastia Umbra</Name>
          <Parent>
            <Ref id="ITE21" xmlns="" />
          </Parent>
        </Code>
        <Code id="054003" urn="urn:sdmx:org.sdmx.infomodel.codelist.Code=IT1:CL_REFAREA(1.2).054003">
          <Name xml:lang="it" xmlns="http://www.sdmx.org/resources/sdmxml/schemas/v2_1/common">Bettona</Name>
          <Name xml:lang="en" xmlns="http://www.sdmx.org/resources/sdmxml/schemas/v2_1/common">Bettona</Name>
          <Parent>
            <Ref id="ITE21" xmlns="" />
          </Parent>
        </Code>
        <Code id="054004" urn="urn:sdmx:org.sdmx.infomodel.codelist.Code=IT1:CL_REFAREA(1.2).054004">
          <Name xml:lang="it" xmlns="http://www.sdmx.org/resources/sdmxml/schemas/v2_1/common">Bevagna</Name>
          <Name xml:lang="en" xmlns="http://www.sdmx.org/resources/sdmxml/schemas/v2_1/common">Bevagna</Name>
          <Parent>
            <Ref id="ITE21" xmlns="" />
          </Parent>
        </Code>
        <Code id="054005" urn="urn:sdmx:org.sdmx.infomodel.codelist.Code=IT1:CL_REFAREA(1.2).054005">
          <Name xml:lang="it" xmlns="http://www.sdmx.org/resources/sdmxml/schemas/v2_1/common">Campello sul Clitunno</Name>
          <Name xml:lang="en" xmlns="http://www.sdmx.org/resources/sdmxml/schemas/v2_1/common">Campello sul Clitunno</Name>
          <Parent>
            <Ref id="ITE21" xmlns="" />
          </Parent>
        </Code>
        <Code id="054006" urn="urn:sdmx:org.sdmx.infomodel.codelist.Code=IT1:CL_REFAREA(1.2).054006">
          <Name xml:lang="it" xmlns="http://www.sdmx.org/resources/sdmxml/schemas/v2_1/common">Cannara</Name>
          <Name xml:lang="en" xmlns="http://www.sdmx.org/resources/sdmxml/schemas/v2_1/common">Cannara</Name>
          <Parent>
            <Ref id="ITE21" xmlns="" />
          </Parent>
        </Code>
        <Code id="054007" urn="urn:sdmx:org.sdmx.infomodel.codelist.Code=IT1:CL_REFAREA(1.2).054007">
          <Name xml:lang="it" xmlns="http://www.sdmx.org/resources/sdmxml/schemas/v2_1/common">Cascia</Name>
          <Name xml:lang="en" xmlns="http://www.sdmx.org/resources/sdmxml/schemas/v2_1/common">Cascia</Name>
          <Parent>
            <Ref id="ITE21" xmlns="" />
          </Parent>
        </Code>
        <Code id="054008" urn="urn:sdmx:org.sdmx.infomodel.codelist.Code=IT1:CL_REFAREA(1.2).054008">
          <Name xml:lang="it" xmlns="http://www.sdmx.org/resources/sdmxml/schemas/v2_1/common">Castel Ritaldi</Name>
          <Name xml:lang="en" xmlns="http://www.sdmx.org/resources/sdmxml/schemas/v2_1/common">Castel Ritaldi</Name>
          <Parent>
            <Ref id="ITE21" xmlns="" />
          </Parent>
        </Code>
        <Code id="054009" urn="urn:sdmx:org.sdmx.infomodel.codelist.Code=IT1:CL_REFAREA(1.2).054009">
          <Name xml:lang="it" xmlns="http://www.sdmx.org/resources/sdmxml/schemas/v2_1/common">Castiglione del Lago</Name>
          <Name xml:lang="en" xmlns="http://www.sdmx.org/resources/sdmxml/schemas/v2_1/common">Castiglione del Lago</Name>
          <Parent>
            <Ref id="ITE21" xmlns="" />
          </Parent>
        </Code>
        <Code id="054010" urn="urn:sdmx:org.sdmx.infomodel.codelist.Code=IT1:CL_REFAREA(1.2).054010">
          <Name xml:lang="it" xmlns="http://www.sdmx.org/resources/sdmxml/schemas/v2_1/common">Cerreto di Spoleto</Name>
          <Name xml:lang="en" xmlns="http://www.sdmx.org/resources/sdmxml/schemas/v2_1/common">Cerreto di Spoleto</Name>
          <Parent>
            <Ref id="ITE21" xmlns="" />
          </Parent>
        </Code>
        <Code id="054011" urn="urn:sdmx:org.sdmx.infomodel.codelist.Code=IT1:CL_REFAREA(1.2).054011">
          <Name xml:lang="it" xmlns="http://www.sdmx.org/resources/sdmxml/schemas/v2_1/common">Citerna</Name>
          <Name xml:lang="en" xmlns="http://www.sdmx.org/resources/sdmxml/schemas/v2_1/common">Citerna</Name>
          <Parent>
            <Ref id="ITE21" xmlns="" />
          </Parent>
        </Code>
        <Code id="054012" urn="urn:sdmx:org.sdmx.infomodel.codelist.Code=IT1:CL_REFAREA(1.2).054012">
          <Name xml:lang="it" xmlns="http://www.sdmx.org/resources/sdmxml/schemas/v2_1/common">Città della Pieve</Name>
          <Name xml:lang="en" xmlns="http://www.sdmx.org/resources/sdmxml/schemas/v2_1/common">Città della Pieve</Name>
          <Parent>
            <Ref id="ITE21" xmlns="" />
          </Parent>
        </Code>
        <Code id="054013" urn="urn:sdmx:org.sdmx.infomodel.codelist.Code=IT1:CL_REFAREA(1.2).054013">
          <Name xml:lang="it" xmlns="http://www.sdmx.org/resources/sdmxml/schemas/v2_1/common">Città di Castello</Name>
          <Name xml:lang="en" xmlns="http://www.sdmx.org/resources/sdmxml/schemas/v2_1/common">Città di Castello</Name>
          <Parent>
            <Ref id="ITE21" xmlns="" />
          </Parent>
        </Code>
        <Code id="054014" urn="urn:sdmx:org.sdmx.infomodel.codelist.Code=IT1:CL_REFAREA(1.2).054014">
          <Name xml:lang="it" xmlns="http://www.sdmx.org/resources/sdmxml/schemas/v2_1/common">Collazzone</Name>
          <Name xml:lang="en" xmlns="http://www.sdmx.org/resources/sdmxml/schemas/v2_1/common">Collazzone</Name>
          <Parent>
            <Ref id="ITE21" xmlns="" />
          </Parent>
        </Code>
        <Code id="054015" urn="urn:sdmx:org.sdmx.infomodel.codelist.Code=IT1:CL_REFAREA(1.2).054015">
          <Name xml:lang="it" xmlns="http://www.sdmx.org/resources/sdmxml/schemas/v2_1/common">Corciano</Name>
          <Name xml:lang="en" xmlns="http://www.sdmx.org/resources/sdmxml/schemas/v2_1/common">Corciano</Name>
          <Parent>
            <Ref id="ITE21" xmlns="" />
          </Parent>
        </Code>
        <Code id="054016" urn="urn:sdmx:org.sdmx.infomodel.codelist.Code=IT1:CL_REFAREA(1.2).054016">
          <Name xml:lang="it" xmlns="http://www.sdmx.org/resources/sdmxml/schemas/v2_1/common">Costacciaro</Name>
          <Name xml:lang="en" xmlns="http://www.sdmx.org/resources/sdmxml/schemas/v2_1/common">Costacciaro</Name>
          <Parent>
            <Ref id="ITE21" xmlns="" />
          </Parent>
        </Code>
        <Code id="054017" urn="urn:sdmx:org.sdmx.infomodel.codelist.Code=IT1:CL_REFAREA(1.2).054017">
          <Name xml:lang="it" xmlns="http://www.sdmx.org/resources/sdmxml/schemas/v2_1/common">Deruta</Name>
          <Name xml:lang="en" xmlns="http://www.sdmx.org/resources/sdmxml/schemas/v2_1/common">Deruta</Name>
          <Parent>
            <Ref id="ITE21" xmlns="" />
          </Parent>
        </Code>
        <Code id="054018" urn="urn:sdmx:org.sdmx.infomodel.codelist.Code=IT1:CL_REFAREA(1.2).054018">
          <Name xml:lang="it" xmlns="http://www.sdmx.org/resources/sdmxml/schemas/v2_1/common">Foligno</Name>
          <Name xml:lang="en" xmlns="http://www.sdmx.org/resources/sdmxml/schemas/v2_1/common">Foligno</Name>
          <Parent>
            <Ref id="ITE21" xmlns="" />
          </Parent>
        </Code>
        <Code id="054019" urn="urn:sdmx:org.sdmx.infomodel.codelist.Code=IT1:CL_REFAREA(1.2).054019">
          <Name xml:lang="it" xmlns="http://www.sdmx.org/resources/sdmxml/schemas/v2_1/common">Fossato di Vico</Name>
          <Name xml:lang="en" xmlns="http://www.sdmx.org/resources/sdmxml/schemas/v2_1/common">Fossato di Vico</Name>
          <Parent>
            <Ref id="ITE21" xmlns="" />
          </Parent>
        </Code>
        <Code id="054020" urn="urn:sdmx:org.sdmx.infomodel.codelist.Code=IT1:CL_REFAREA(1.2).054020">
          <Name xml:lang="it" xmlns="http://www.sdmx.org/resources/sdmxml/schemas/v2_1/common">Fratta Todina</Name>
          <Name xml:lang="en" xmlns="http://www.sdmx.org/resources/sdmxml/schemas/v2_1/common">Fratta Todina</Name>
          <Parent>
            <Ref id="ITE21" xmlns="" />
          </Parent>
        </Code>
        <Code id="054021" urn="urn:sdmx:org.sdmx.infomodel.codelist.Code=IT1:CL_REFAREA(1.2).054021">
          <Name xml:lang="it" xmlns="http://www.sdmx.org/resources/sdmxml/schemas/v2_1/common">Giano dell'Umbria</Name>
          <Name xml:lang="en" xmlns="http://www.sdmx.org/resources/sdmxml/schemas/v2_1/common">Giano dell'Umbria</Name>
          <Parent>
            <Ref id="ITE21" xmlns="" />
          </Parent>
        </Code>
        <Code id="054022" urn="urn:sdmx:org.sdmx.infomodel.codelist.Code=IT1:CL_REFAREA(1.2).054022">
          <Name xml:lang="it" xmlns="http://www.sdmx.org/resources/sdmxml/schemas/v2_1/common">Gualdo Cattaneo</Name>
          <Name xml:lang="en" xmlns="http://www.sdmx.org/resources/sdmxml/schemas/v2_1/common">Gualdo Cattaneo</Name>
          <Parent>
            <Ref id="ITE21" xmlns="" />
          </Parent>
        </Code>
        <Code id="054023" urn="urn:sdmx:org.sdmx.infomodel.codelist.Code=IT1:CL_REFAREA(1.2).054023">
          <Name xml:lang="it" xmlns="http://www.sdmx.org/resources/sdmxml/schemas/v2_1/common">Gualdo Tadino</Name>
          <Name xml:lang="en" xmlns="http://www.sdmx.org/resources/sdmxml/schemas/v2_1/common">Gualdo Tadino</Name>
          <Parent>
            <Ref id="ITE21" xmlns="" />
          </Parent>
        </Code>
        <Code id="054024" urn="urn:sdmx:org.sdmx.infomodel.codelist.Code=IT1:CL_REFAREA(1.2).054024">
          <Name xml:lang="it" xmlns="http://www.sdmx.org/resources/sdmxml/schemas/v2_1/common">Gubbio</Name>
          <Name xml:lang="en" xmlns="http://www.sdmx.org/resources/sdmxml/schemas/v2_1/common">Gubbio</Name>
          <Parent>
            <Ref id="ITE21" xmlns="" />
          </Parent>
        </Code>
        <Code id="054025" urn="urn:sdmx:org.sdmx.infomodel.codelist.Code=IT1:CL_REFAREA(1.2).054025">
          <Name xml:lang="it" xmlns="http://www.sdmx.org/resources/sdmxml/schemas/v2_1/common">Lisciano Niccone</Name>
          <Name xml:lang="en" xmlns="http://www.sdmx.org/resources/sdmxml/schemas/v2_1/common">Lisciano Niccone</Name>
          <Parent>
            <Ref id="ITE21" xmlns="" />
          </Parent>
        </Code>
        <Code id="054026" urn="urn:sdmx:org.sdmx.infomodel.codelist.Code=IT1:CL_REFAREA(1.2).054026">
          <Name xml:lang="it" xmlns="http://www.sdmx.org/resources/sdmxml/schemas/v2_1/common">Magione</Name>
          <Name xml:lang="en" xmlns="http://www.sdmx.org/resources/sdmxml/schemas/v2_1/common">Magione</Name>
          <Parent>
            <Ref id="ITE21" xmlns="" />
          </Parent>
        </Code>
        <Code id="054027" urn="urn:sdmx:org.sdmx.infomodel.codelist.Code=IT1:CL_REFAREA(1.2).054027">
          <Name xml:lang="it" xmlns="http://www.sdmx.org/resources/sdmxml/schemas/v2_1/common">Marsciano</Name>
          <Name xml:lang="en" xmlns="http://www.sdmx.org/resources/sdmxml/schemas/v2_1/common">Marsciano</Name>
          <Parent>
            <Ref id="ITE21" xmlns="" />
          </Parent>
        </Code>
        <Code id="054028" urn="urn:sdmx:org.sdmx.infomodel.codelist.Code=IT1:CL_REFAREA(1.2).054028">
          <Name xml:lang="it" xmlns="http://www.sdmx.org/resources/sdmxml/schemas/v2_1/common">Massa Martana</Name>
          <Name xml:lang="en" xmlns="http://www.sdmx.org/resources/sdmxml/schemas/v2_1/common">Massa Martana</Name>
          <Parent>
            <Ref id="ITE21" xmlns="" />
          </Parent>
        </Code>
        <Code id="054029" urn="urn:sdmx:org.sdmx.infomodel.codelist.Code=IT1:CL_REFAREA(1.2).054029">
          <Name xml:lang="it" xmlns="http://www.sdmx.org/resources/sdmxml/schemas/v2_1/common">Monte Castello di Vibio</Name>
          <Name xml:lang="en" xmlns="http://www.sdmx.org/resources/sdmxml/schemas/v2_1/common">Monte Castello di Vibio</Name>
          <Parent>
            <Ref id="ITE21" xmlns="" />
          </Parent>
        </Code>
        <Code id="054030" urn="urn:sdmx:org.sdmx.infomodel.codelist.Code=IT1:CL_REFAREA(1.2).054030">
          <Name xml:lang="it" xmlns="http://www.sdmx.org/resources/sdmxml/schemas/v2_1/common">Montefalco</Name>
          <Name xml:lang="en" xmlns="http://www.sdmx.org/resources/sdmxml/schemas/v2_1/common">Montefalco</Name>
          <Parent>
            <Ref id="ITE21" xmlns="" />
          </Parent>
        </Code>
        <Code id="054031" urn="urn:sdmx:org.sdmx.infomodel.codelist.Code=IT1:CL_REFAREA(1.2).054031">
          <Name xml:lang="it" xmlns="http://www.sdmx.org/resources/sdmxml/schemas/v2_1/common">Monteleone di Spoleto</Name>
          <Name xml:lang="en" xmlns="http://www.sdmx.org/resources/sdmxml/schemas/v2_1/common">Monteleone di Spoleto</Name>
          <Parent>
            <Ref id="ITE21" xmlns="" />
          </Parent>
        </Code>
        <Code id="054032" urn="urn:sdmx:org.sdmx.infomodel.codelist.Code=IT1:CL_REFAREA(1.2).054032">
          <Name xml:lang="it" xmlns="http://www.sdmx.org/resources/sdmxml/schemas/v2_1/common">Monte Santa Maria Tiberina</Name>
          <Name xml:lang="en" xmlns="http://www.sdmx.org/resources/sdmxml/schemas/v2_1/common">Monte Santa Maria Tiberina</Name>
          <Parent>
            <Ref id="ITE21" xmlns="" />
          </Parent>
        </Code>
        <Code id="054033" urn="urn:sdmx:org.sdmx.infomodel.codelist.Code=IT1:CL_REFAREA(1.2).054033">
          <Name xml:lang="it" xmlns="http://www.sdmx.org/resources/sdmxml/schemas/v2_1/common">Montone</Name>
          <Name xml:lang="en" xmlns="http://www.sdmx.org/resources/sdmxml/schemas/v2_1/common">Montone</Name>
          <Parent>
            <Ref id="ITE21" xmlns="" />
          </Parent>
        </Code>
        <Code id="054034" urn="urn:sdmx:org.sdmx.infomodel.codelist.Code=IT1:CL_REFAREA(1.2).054034">
          <Name xml:lang="it" xmlns="http://www.sdmx.org/resources/sdmxml/schemas/v2_1/common">Nocera Umbra</Name>
          <Name xml:lang="en" xmlns="http://www.sdmx.org/resources/sdmxml/schemas/v2_1/common">Nocera Umbra</Name>
          <Parent>
            <Ref id="ITE21" xmlns="" />
          </Parent>
        </Code>
        <Code id="054035" urn="urn:sdmx:org.sdmx.infomodel.codelist.Code=IT1:CL_REFAREA(1.2).054035">
          <Name xml:lang="it" xmlns="http://www.sdmx.org/resources/sdmxml/schemas/v2_1/common">Norcia</Name>
          <Name xml:lang="en" xmlns="http://www.sdmx.org/resources/sdmxml/schemas/v2_1/common">Norcia</Name>
          <Parent>
            <Ref id="ITE21" xmlns="" />
          </Parent>
        </Code>
        <Code id="054036" urn="urn:sdmx:org.sdmx.infomodel.codelist.Code=IT1:CL_REFAREA(1.2).054036">
          <Name xml:lang="it" xmlns="http://www.sdmx.org/resources/sdmxml/schemas/v2_1/common">Paciano</Name>
          <Name xml:lang="en" xmlns="http://www.sdmx.org/resources/sdmxml/schemas/v2_1/common">Paciano</Name>
          <Parent>
            <Ref id="ITE21" xmlns="" />
          </Parent>
        </Code>
        <Code id="054037" urn="urn:sdmx:org.sdmx.infomodel.codelist.Code=IT1:CL_REFAREA(1.2).054037">
          <Name xml:lang="it" xmlns="http://www.sdmx.org/resources/sdmxml/schemas/v2_1/common">Panicale</Name>
          <Name xml:lang="en" xmlns="http://www.sdmx.org/resources/sdmxml/schemas/v2_1/common">Panicale</Name>
          <Parent>
            <Ref id="ITE21" xmlns="" />
          </Parent>
        </Code>
        <Code id="054038" urn="urn:sdmx:org.sdmx.infomodel.codelist.Code=IT1:CL_REFAREA(1.2).054038">
          <Name xml:lang="it" xmlns="http://www.sdmx.org/resources/sdmxml/schemas/v2_1/common">Passignano sul Trasimeno</Name>
          <Name xml:lang="en" xmlns="http://www.sdmx.org/resources/sdmxml/schemas/v2_1/common">Passignano sul Trasimeno</Name>
          <Parent>
            <Ref id="ITE21" xmlns="" />
          </Parent>
        </Code>
        <Code id="054039" urn="urn:sdmx:org.sdmx.infomodel.codelist.Code=IT1:CL_REFAREA(1.2).054039">
          <Name xml:lang="it" xmlns="http://www.sdmx.org/resources/sdmxml/schemas/v2_1/common">Perugia</Name>
          <Name xml:lang="en" xmlns="http://www.sdmx.org/resources/sdmxml/schemas/v2_1/common">Perugia</Name>
          <Parent>
            <Ref id="ITE21" xmlns="" />
          </Parent>
        </Code>
        <Code id="054040" urn="urn:sdmx:org.sdmx.infomodel.codelist.Code=IT1:CL_REFAREA(1.2).054040">
          <Name xml:lang="it" xmlns="http://www.sdmx.org/resources/sdmxml/schemas/v2_1/common">Piegaro</Name>
          <Name xml:lang="en" xmlns="http://www.sdmx.org/resources/sdmxml/schemas/v2_1/common">Piegaro</Name>
          <Parent>
            <Ref id="ITE21" xmlns="" />
          </Parent>
        </Code>
        <Code id="054041" urn="urn:sdmx:org.sdmx.infomodel.codelist.Code=IT1:CL_REFAREA(1.2).054041">
          <Name xml:lang="it" xmlns="http://www.sdmx.org/resources/sdmxml/schemas/v2_1/common">Pietralunga</Name>
          <Name xml:lang="en" xmlns="http://www.sdmx.org/resources/sdmxml/schemas/v2_1/common">Pietralunga</Name>
          <Parent>
            <Ref id="ITE21" xmlns="" />
          </Parent>
        </Code>
        <Code id="054042" urn="urn:sdmx:org.sdmx.infomodel.codelist.Code=IT1:CL_REFAREA(1.2).054042">
          <Name xml:lang="it" xmlns="http://www.sdmx.org/resources/sdmxml/schemas/v2_1/common">Poggiodomo</Name>
          <Name xml:lang="en" xmlns="http://www.sdmx.org/resources/sdmxml/schemas/v2_1/common">Poggiodomo</Name>
          <Parent>
            <Ref id="ITE21" xmlns="" />
          </Parent>
        </Code>
        <Code id="054043" urn="urn:sdmx:org.sdmx.infomodel.codelist.Code=IT1:CL_REFAREA(1.2).054043">
          <Name xml:lang="it" xmlns="http://www.sdmx.org/resources/sdmxml/schemas/v2_1/common">Preci</Name>
          <Name xml:lang="en" xmlns="http://www.sdmx.org/resources/sdmxml/schemas/v2_1/common">Preci</Name>
          <Parent>
            <Ref id="ITE21" xmlns="" />
          </Parent>
        </Code>
        <Code id="054044" urn="urn:sdmx:org.sdmx.infomodel.codelist.Code=IT1:CL_REFAREA(1.2).054044">
          <Name xml:lang="it" xmlns="http://www.sdmx.org/resources/sdmxml/schemas/v2_1/common">San Giustino</Name>
          <Name xml:lang="en" xmlns="http://www.sdmx.org/resources/sdmxml/schemas/v2_1/common">San Giustino</Name>
          <Parent>
            <Ref id="ITE21" xmlns="" />
          </Parent>
        </Code>
        <Code id="054045" urn="urn:sdmx:org.sdmx.infomodel.codelist.Code=IT1:CL_REFAREA(1.2).054045">
          <Name xml:lang="it" xmlns="http://www.sdmx.org/resources/sdmxml/schemas/v2_1/common">Sant'Anatolia di Narco</Name>
          <Name xml:lang="en" xmlns="http://www.sdmx.org/resources/sdmxml/schemas/v2_1/common">Sant'Anatolia di Narco</Name>
          <Parent>
            <Ref id="ITE21" xmlns="" />
          </Parent>
        </Code>
        <Code id="054046" urn="urn:sdmx:org.sdmx.infomodel.codelist.Code=IT1:CL_REFAREA(1.2).054046">
          <Name xml:lang="it" xmlns="http://www.sdmx.org/resources/sdmxml/schemas/v2_1/common">Scheggia e Pascelupo</Name>
          <Name xml:lang="en" xmlns="http://www.sdmx.org/resources/sdmxml/schemas/v2_1/common">Scheggia e Pascelupo</Name>
          <Parent>
            <Ref id="ITE21" xmlns="" />
          </Parent>
        </Code>
        <Code id="054047" urn="urn:sdmx:org.sdmx.infomodel.codelist.Code=IT1:CL_REFAREA(1.2).054047">
          <Name xml:lang="it" xmlns="http://www.sdmx.org/resources/sdmxml/schemas/v2_1/common">Scheggino</Name>
          <Name xml:lang="en" xmlns="http://www.sdmx.org/resources/sdmxml/schemas/v2_1/common">Scheggino</Name>
          <Parent>
            <Ref id="ITE21" xmlns="" />
          </Parent>
        </Code>
        <Code id="054048" urn="urn:sdmx:org.sdmx.infomodel.codelist.Code=IT1:CL_REFAREA(1.2).054048">
          <Name xml:lang="it" xmlns="http://www.sdmx.org/resources/sdmxml/schemas/v2_1/common">Sellano</Name>
          <Name xml:lang="en" xmlns="http://www.sdmx.org/resources/sdmxml/schemas/v2_1/common">Sellano</Name>
          <Parent>
            <Ref id="ITE21" xmlns="" />
          </Parent>
        </Code>
        <Code id="054049" urn="urn:sdmx:org.sdmx.infomodel.codelist.Code=IT1:CL_REFAREA(1.2).054049">
          <Name xml:lang="it" xmlns="http://www.sdmx.org/resources/sdmxml/schemas/v2_1/common">Sigillo</Name>
          <Name xml:lang="en" xmlns="http://www.sdmx.org/resources/sdmxml/schemas/v2_1/common">Sigillo</Name>
          <Parent>
            <Ref id="ITE21" xmlns="" />
          </Parent>
        </Code>
        <Code id="054050" urn="urn:sdmx:org.sdmx.infomodel.codelist.Code=IT1:CL_REFAREA(1.2).054050">
          <Name xml:lang="it" xmlns="http://www.sdmx.org/resources/sdmxml/schemas/v2_1/common">Spello</Name>
          <Name xml:lang="en" xmlns="http://www.sdmx.org/resources/sdmxml/schemas/v2_1/common">Spello</Name>
          <Parent>
            <Ref id="ITE21" xmlns="" />
          </Parent>
        </Code>
        <Code id="054051" urn="urn:sdmx:org.sdmx.infomodel.codelist.Code=IT1:CL_REFAREA(1.2).054051">
          <Name xml:lang="it" xmlns="http://www.sdmx.org/resources/sdmxml/schemas/v2_1/common">Spoleto</Name>
          <Name xml:lang="en" xmlns="http://www.sdmx.org/resources/sdmxml/schemas/v2_1/common">Spoleto</Name>
          <Parent>
            <Ref id="ITE21" xmlns="" />
          </Parent>
        </Code>
        <Code id="054052" urn="urn:sdmx:org.sdmx.infomodel.codelist.Code=IT1:CL_REFAREA(1.2).054052">
          <Name xml:lang="it" xmlns="http://www.sdmx.org/resources/sdmxml/schemas/v2_1/common">Todi</Name>
          <Name xml:lang="en" xmlns="http://www.sdmx.org/resources/sdmxml/schemas/v2_1/common">Todi</Name>
          <Parent>
            <Ref id="ITE21" xmlns="" />
          </Parent>
        </Code>
        <Code id="054053" urn="urn:sdmx:org.sdmx.infomodel.codelist.Code=IT1:CL_REFAREA(1.2).054053">
          <Name xml:lang="it" xmlns="http://www.sdmx.org/resources/sdmxml/schemas/v2_1/common">Torgiano</Name>
          <Name xml:lang="en" xmlns="http://www.sdmx.org/resources/sdmxml/schemas/v2_1/common">Torgiano</Name>
          <Parent>
            <Ref id="ITE21" xmlns="" />
          </Parent>
        </Code>
        <Code id="054054" urn="urn:sdmx:org.sdmx.infomodel.codelist.Code=IT1:CL_REFAREA(1.2).054054">
          <Name xml:lang="it" xmlns="http://www.sdmx.org/resources/sdmxml/schemas/v2_1/common">Trevi</Name>
          <Name xml:lang="en" xmlns="http://www.sdmx.org/resources/sdmxml/schemas/v2_1/common">Trevi</Name>
          <Parent>
            <Ref id="ITE21" xmlns="" />
          </Parent>
        </Code>
        <Code id="054055" urn="urn:sdmx:org.sdmx.infomodel.codelist.Code=IT1:CL_REFAREA(1.2).054055">
          <Name xml:lang="it" xmlns="http://www.sdmx.org/resources/sdmxml/schemas/v2_1/common">Tuoro sul Trasimeno</Name>
          <Name xml:lang="en" xmlns="http://www.sdmx.org/resources/sdmxml/schemas/v2_1/common">Tuoro sul Trasimeno</Name>
          <Parent>
            <Ref id="ITE21" xmlns="" />
          </Parent>
        </Code>
        <Code id="054056" urn="urn:sdmx:org.sdmx.infomodel.codelist.Code=IT1:CL_REFAREA(1.2).054056">
          <Name xml:lang="it" xmlns="http://www.sdmx.org/resources/sdmxml/schemas/v2_1/common">Umbertide</Name>
          <Name xml:lang="en" xmlns="http://www.sdmx.org/resources/sdmxml/schemas/v2_1/common">Umbertide</Name>
          <Parent>
            <Ref id="ITE21" xmlns="" />
          </Parent>
        </Code>
        <Code id="054057" urn="urn:sdmx:org.sdmx.infomodel.codelist.Code=IT1:CL_REFAREA(1.2).054057">
          <Name xml:lang="it" xmlns="http://www.sdmx.org/resources/sdmxml/schemas/v2_1/common">Valfabbrica</Name>
          <Name xml:lang="en" xmlns="http://www.sdmx.org/resources/sdmxml/schemas/v2_1/common">Valfabbrica</Name>
          <Parent>
            <Ref id="ITE21" xmlns="" />
          </Parent>
        </Code>
        <Code id="054058" urn="urn:sdmx:org.sdmx.infomodel.codelist.Code=IT1:CL_REFAREA(1.2).054058">
          <Name xml:lang="it" xmlns="http://www.sdmx.org/resources/sdmxml/schemas/v2_1/common">Vallo di Nera</Name>
          <Name xml:lang="en" xmlns="http://www.sdmx.org/resources/sdmxml/schemas/v2_1/common">Vallo di Nera</Name>
          <Parent>
            <Ref id="ITE21" xmlns="" />
          </Parent>
        </Code>
        <Code id="054059" urn="urn:sdmx:org.sdmx.infomodel.codelist.Code=IT1:CL_REFAREA(1.2).054059">
          <Name xml:lang="it" xmlns="http://www.sdmx.org/resources/sdmxml/schemas/v2_1/common">Valtopina</Name>
          <Name xml:lang="en" xmlns="http://www.sdmx.org/resources/sdmxml/schemas/v2_1/common">Valtopina</Name>
          <Parent>
            <Ref id="ITE21" xmlns="" />
          </Parent>
        </Code>
        <Code id="055001" urn="urn:sdmx:org.sdmx.infomodel.codelist.Code=IT1:CL_REFAREA(1.2).055001">
          <Name xml:lang="it" xmlns="http://www.sdmx.org/resources/sdmxml/schemas/v2_1/common">Acquasparta</Name>
          <Name xml:lang="en" xmlns="http://www.sdmx.org/resources/sdmxml/schemas/v2_1/common">Acquasparta</Name>
          <Parent>
            <Ref id="ITE22" xmlns="" />
          </Parent>
        </Code>
        <Code id="055002" urn="urn:sdmx:org.sdmx.infomodel.codelist.Code=IT1:CL_REFAREA(1.2).055002">
          <Name xml:lang="it" xmlns="http://www.sdmx.org/resources/sdmxml/schemas/v2_1/common">Allerona</Name>
          <Name xml:lang="en" xmlns="http://www.sdmx.org/resources/sdmxml/schemas/v2_1/common">Allerona</Name>
          <Parent>
            <Ref id="ITE22" xmlns="" />
          </Parent>
        </Code>
        <Code id="055003" urn="urn:sdmx:org.sdmx.infomodel.codelist.Code=IT1:CL_REFAREA(1.2).055003">
          <Name xml:lang="it" xmlns="http://www.sdmx.org/resources/sdmxml/schemas/v2_1/common">Alviano</Name>
          <Name xml:lang="en" xmlns="http://www.sdmx.org/resources/sdmxml/schemas/v2_1/common">Alviano</Name>
          <Parent>
            <Ref id="ITE22" xmlns="" />
          </Parent>
        </Code>
        <Code id="055004" urn="urn:sdmx:org.sdmx.infomodel.codelist.Code=IT1:CL_REFAREA(1.2).055004">
          <Name xml:lang="it" xmlns="http://www.sdmx.org/resources/sdmxml/schemas/v2_1/common">Amelia</Name>
          <Name xml:lang="en" xmlns="http://www.sdmx.org/resources/sdmxml/schemas/v2_1/common">Amelia</Name>
          <Parent>
            <Ref id="ITE22" xmlns="" />
          </Parent>
        </Code>
        <Code id="055005" urn="urn:sdmx:org.sdmx.infomodel.codelist.Code=IT1:CL_REFAREA(1.2).055005">
          <Name xml:lang="it" xmlns="http://www.sdmx.org/resources/sdmxml/schemas/v2_1/common">Arrone</Name>
          <Name xml:lang="en" xmlns="http://www.sdmx.org/resources/sdmxml/schemas/v2_1/common">Arrone</Name>
          <Parent>
            <Ref id="ITE22" xmlns="" />
          </Parent>
        </Code>
        <Code id="055006" urn="urn:sdmx:org.sdmx.infomodel.codelist.Code=IT1:CL_REFAREA(1.2).055006">
          <Name xml:lang="it" xmlns="http://www.sdmx.org/resources/sdmxml/schemas/v2_1/common">Attigliano</Name>
          <Name xml:lang="en" xmlns="http://www.sdmx.org/resources/sdmxml/schemas/v2_1/common">Attigliano</Name>
          <Parent>
            <Ref id="ITE22" xmlns="" />
          </Parent>
        </Code>
        <Code id="055007" urn="urn:sdmx:org.sdmx.infomodel.codelist.Code=IT1:CL_REFAREA(1.2).055007">
          <Name xml:lang="it" xmlns="http://www.sdmx.org/resources/sdmxml/schemas/v2_1/common">Baschi</Name>
          <Name xml:lang="en" xmlns="http://www.sdmx.org/resources/sdmxml/schemas/v2_1/common">Baschi</Name>
          <Parent>
            <Ref id="ITE22" xmlns="" />
          </Parent>
        </Code>
        <Code id="055008" urn="urn:sdmx:org.sdmx.infomodel.codelist.Code=IT1:CL_REFAREA(1.2).055008">
          <Name xml:lang="it" xmlns="http://www.sdmx.org/resources/sdmxml/schemas/v2_1/common">Calvi dell'Umbria</Name>
          <Name xml:lang="en" xmlns="http://www.sdmx.org/resources/sdmxml/schemas/v2_1/common">Calvi dell'Umbria</Name>
          <Parent>
            <Ref id="ITE22" xmlns="" />
          </Parent>
        </Code>
        <Code id="055009" urn="urn:sdmx:org.sdmx.infomodel.codelist.Code=IT1:CL_REFAREA(1.2).055009">
          <Name xml:lang="it" xmlns="http://www.sdmx.org/resources/sdmxml/schemas/v2_1/common">Castel Giorgio</Name>
          <Name xml:lang="en" xmlns="http://www.sdmx.org/resources/sdmxml/schemas/v2_1/common">Castel Giorgio</Name>
          <Parent>
            <Ref id="ITE22" xmlns="" />
          </Parent>
        </Code>
        <Code id="055010" urn="urn:sdmx:org.sdmx.infomodel.codelist.Code=IT1:CL_REFAREA(1.2).055010">
          <Name xml:lang="it" xmlns="http://www.sdmx.org/resources/sdmxml/schemas/v2_1/common">Castel Viscardo</Name>
          <Name xml:lang="en" xmlns="http://www.sdmx.org/resources/sdmxml/schemas/v2_1/common">Castel Viscardo</Name>
          <Parent>
            <Ref id="ITE22" xmlns="" />
          </Parent>
        </Code>
        <Code id="055011" urn="urn:sdmx:org.sdmx.infomodel.codelist.Code=IT1:CL_REFAREA(1.2).055011">
          <Name xml:lang="it" xmlns="http://www.sdmx.org/resources/sdmxml/schemas/v2_1/common">Fabro</Name>
          <Name xml:lang="en" xmlns="http://www.sdmx.org/resources/sdmxml/schemas/v2_1/common">Fabro</Name>
          <Parent>
            <Ref id="ITE22" xmlns="" />
          </Parent>
        </Code>
        <Code id="055012" urn="urn:sdmx:org.sdmx.infomodel.codelist.Code=IT1:CL_REFAREA(1.2).055012">
          <Name xml:lang="it" xmlns="http://www.sdmx.org/resources/sdmxml/schemas/v2_1/common">Ferentillo</Name>
          <Name xml:lang="en" xmlns="http://www.sdmx.org/resources/sdmxml/schemas/v2_1/common">Ferentillo</Name>
          <Parent>
            <Ref id="ITE22" xmlns="" />
          </Parent>
        </Code>
        <Code id="055013" urn="urn:sdmx:org.sdmx.infomodel.codelist.Code=IT1:CL_REFAREA(1.2).055013">
          <Name xml:lang="it" xmlns="http://www.sdmx.org/resources/sdmxml/schemas/v2_1/common">Ficulle</Name>
          <Name xml:lang="en" xmlns="http://www.sdmx.org/resources/sdmxml/schemas/v2_1/common">Ficulle</Name>
          <Parent>
            <Ref id="ITE22" xmlns="" />
          </Parent>
        </Code>
        <Code id="055014" urn="urn:sdmx:org.sdmx.infomodel.codelist.Code=IT1:CL_REFAREA(1.2).055014">
          <Name xml:lang="it" xmlns="http://www.sdmx.org/resources/sdmxml/schemas/v2_1/common">Giove</Name>
          <Name xml:lang="en" xmlns="http://www.sdmx.org/resources/sdmxml/schemas/v2_1/common">Giove</Name>
          <Parent>
            <Ref id="ITE22" xmlns="" />
          </Parent>
        </Code>
        <Code id="055015" urn="urn:sdmx:org.sdmx.infomodel.codelist.Code=IT1:CL_REFAREA(1.2).055015">
          <Name xml:lang="it" xmlns="http://www.sdmx.org/resources/sdmxml/schemas/v2_1/common">Guardea</Name>
          <Name xml:lang="en" xmlns="http://www.sdmx.org/resources/sdmxml/schemas/v2_1/common">Guardea</Name>
          <Parent>
            <Ref id="ITE22" xmlns="" />
          </Parent>
        </Code>
        <Code id="055016" urn="urn:sdmx:org.sdmx.infomodel.codelist.Code=IT1:CL_REFAREA(1.2).055016">
          <Name xml:lang="it" xmlns="http://www.sdmx.org/resources/sdmxml/schemas/v2_1/common">Lugnano in Teverina</Name>
          <Name xml:lang="en" xmlns="http://www.sdmx.org/resources/sdmxml/schemas/v2_1/common">Lugnano in Teverina</Name>
          <Parent>
            <Ref id="ITE22" xmlns="" />
          </Parent>
        </Code>
        <Code id="055017" urn="urn:sdmx:org.sdmx.infomodel.codelist.Code=IT1:CL_REFAREA(1.2).055017">
          <Name xml:lang="it" xmlns="http://www.sdmx.org/resources/sdmxml/schemas/v2_1/common">Montecastrilli</Name>
          <Name xml:lang="en" xmlns="http://www.sdmx.org/resources/sdmxml/schemas/v2_1/common">Montecastrilli</Name>
          <Parent>
            <Ref id="ITE22" xmlns="" />
          </Parent>
        </Code>
        <Code id="055018" urn="urn:sdmx:org.sdmx.infomodel.codelist.Code=IT1:CL_REFAREA(1.2).055018">
          <Name xml:lang="it" xmlns="http://www.sdmx.org/resources/sdmxml/schemas/v2_1/common">Montecchio</Name>
          <Name xml:lang="en" xmlns="http://www.sdmx.org/resources/sdmxml/schemas/v2_1/common">Montecchio</Name>
          <Parent>
            <Ref id="ITE22" xmlns="" />
          </Parent>
        </Code>
        <Code id="055019" urn="urn:sdmx:org.sdmx.infomodel.codelist.Code=IT1:CL_REFAREA(1.2).055019">
          <Name xml:lang="it" xmlns="http://www.sdmx.org/resources/sdmxml/schemas/v2_1/common">Montefranco</Name>
          <Name xml:lang="en" xmlns="http://www.sdmx.org/resources/sdmxml/schemas/v2_1/common">Montefranco</Name>
          <Parent>
            <Ref id="ITE22" xmlns="" />
          </Parent>
        </Code>
        <Code id="055020" urn="urn:sdmx:org.sdmx.infomodel.codelist.Code=IT1:CL_REFAREA(1.2).055020">
          <Name xml:lang="it" xmlns="http://www.sdmx.org/resources/sdmxml/schemas/v2_1/common">Montegabbione</Name>
          <Name xml:lang="en" xmlns="http://www.sdmx.org/resources/sdmxml/schemas/v2_1/common">Montegabbione</Name>
          <Parent>
            <Ref id="ITE22" xmlns="" />
          </Parent>
        </Code>
        <Code id="055021" urn="urn:sdmx:org.sdmx.infomodel.codelist.Code=IT1:CL_REFAREA(1.2).055021">
          <Name xml:lang="it" xmlns="http://www.sdmx.org/resources/sdmxml/schemas/v2_1/common">Monteleone d'Orvieto</Name>
          <Name xml:lang="en" xmlns="http://www.sdmx.org/resources/sdmxml/schemas/v2_1/common">Monteleone d'Orvieto</Name>
          <Parent>
            <Ref id="ITE22" xmlns="" />
          </Parent>
        </Code>
        <Code id="055022" urn="urn:sdmx:org.sdmx.infomodel.codelist.Code=IT1:CL_REFAREA(1.2).055022">
          <Name xml:lang="it" xmlns="http://www.sdmx.org/resources/sdmxml/schemas/v2_1/common">Narni</Name>
          <Name xml:lang="en" xmlns="http://www.sdmx.org/resources/sdmxml/schemas/v2_1/common">Narni</Name>
          <Parent>
            <Ref id="ITE22" xmlns="" />
          </Parent>
        </Code>
        <Code id="055023" urn="urn:sdmx:org.sdmx.infomodel.codelist.Code=IT1:CL_REFAREA(1.2).055023">
          <Name xml:lang="it" xmlns="http://www.sdmx.org/resources/sdmxml/schemas/v2_1/common">Orvieto</Name>
          <Name xml:lang="en" xmlns="http://www.sdmx.org/resources/sdmxml/schemas/v2_1/common">Orvieto</Name>
          <Parent>
            <Ref id="ITE22" xmlns="" />
          </Parent>
        </Code>
        <Code id="055024" urn="urn:sdmx:org.sdmx.infomodel.codelist.Code=IT1:CL_REFAREA(1.2).055024">
          <Name xml:lang="it" xmlns="http://www.sdmx.org/resources/sdmxml/schemas/v2_1/common">Otricoli</Name>
          <Name xml:lang="en" xmlns="http://www.sdmx.org/resources/sdmxml/schemas/v2_1/common">Otricoli</Name>
          <Parent>
            <Ref id="ITE22" xmlns="" />
          </Parent>
        </Code>
        <Code id="055025" urn="urn:sdmx:org.sdmx.infomodel.codelist.Code=IT1:CL_REFAREA(1.2).055025">
          <Name xml:lang="it" xmlns="http://www.sdmx.org/resources/sdmxml/schemas/v2_1/common">Parrano</Name>
          <Name xml:lang="en" xmlns="http://www.sdmx.org/resources/sdmxml/schemas/v2_1/common">Parrano</Name>
          <Parent>
            <Ref id="ITE22" xmlns="" />
          </Parent>
        </Code>
        <Code id="055026" urn="urn:sdmx:org.sdmx.infomodel.codelist.Code=IT1:CL_REFAREA(1.2).055026">
          <Name xml:lang="it" xmlns="http://www.sdmx.org/resources/sdmxml/schemas/v2_1/common">Penna in Teverina</Name>
          <Name xml:lang="en" xmlns="http://www.sdmx.org/resources/sdmxml/schemas/v2_1/common">Penna in Teverina</Name>
          <Parent>
            <Ref id="ITE22" xmlns="" />
          </Parent>
        </Code>
        <Code id="055027" urn="urn:sdmx:org.sdmx.infomodel.codelist.Code=IT1:CL_REFAREA(1.2).055027">
          <Name xml:lang="it" xmlns="http://www.sdmx.org/resources/sdmxml/schemas/v2_1/common">Polino</Name>
          <Name xml:lang="en" xmlns="http://www.sdmx.org/resources/sdmxml/schemas/v2_1/common">Polino</Name>
          <Parent>
            <Ref id="ITE22" xmlns="" />
          </Parent>
        </Code>
        <Code id="055028" urn="urn:sdmx:org.sdmx.infomodel.codelist.Code=IT1:CL_REFAREA(1.2).055028">
          <Name xml:lang="it" xmlns="http://www.sdmx.org/resources/sdmxml/schemas/v2_1/common">Porano</Name>
          <Name xml:lang="en" xmlns="http://www.sdmx.org/resources/sdmxml/schemas/v2_1/common">Porano</Name>
          <Parent>
            <Ref id="ITE22" xmlns="" />
          </Parent>
        </Code>
        <Code id="055029" urn="urn:sdmx:org.sdmx.infomodel.codelist.Code=IT1:CL_REFAREA(1.2).055029">
          <Name xml:lang="it" xmlns="http://www.sdmx.org/resources/sdmxml/schemas/v2_1/common">San Gemini</Name>
          <Name xml:lang="en" xmlns="http://www.sdmx.org/resources/sdmxml/schemas/v2_1/common">San Gemini</Name>
          <Parent>
            <Ref id="ITE22" xmlns="" />
          </Parent>
        </Code>
        <Code id="055030" urn="urn:sdmx:org.sdmx.infomodel.codelist.Code=IT1:CL_REFAREA(1.2).055030">
          <Name xml:lang="it" xmlns="http://www.sdmx.org/resources/sdmxml/schemas/v2_1/common">San Venanzo</Name>
          <Name xml:lang="en" xmlns="http://www.sdmx.org/resources/sdmxml/schemas/v2_1/common">San Venanzo</Name>
          <Parent>
            <Ref id="ITE22" xmlns="" />
          </Parent>
        </Code>
        <Code id="055031" urn="urn:sdmx:org.sdmx.infomodel.codelist.Code=IT1:CL_REFAREA(1.2).055031">
          <Name xml:lang="it" xmlns="http://www.sdmx.org/resources/sdmxml/schemas/v2_1/common">Stroncone</Name>
          <Name xml:lang="en" xmlns="http://www.sdmx.org/resources/sdmxml/schemas/v2_1/common">Stroncone</Name>
          <Parent>
            <Ref id="ITE22" xmlns="" />
          </Parent>
        </Code>
        <Code id="055032" urn="urn:sdmx:org.sdmx.infomodel.codelist.Code=IT1:CL_REFAREA(1.2).055032">
          <Name xml:lang="it" xmlns="http://www.sdmx.org/resources/sdmxml/schemas/v2_1/common">Terni</Name>
          <Name xml:lang="en" xmlns="http://www.sdmx.org/resources/sdmxml/schemas/v2_1/common">Terni</Name>
          <Parent>
            <Ref id="ITE22" xmlns="" />
          </Parent>
        </Code>
        <Code id="055033" urn="urn:sdmx:org.sdmx.infomodel.codelist.Code=IT1:CL_REFAREA(1.2).055033">
          <Name xml:lang="it" xmlns="http://www.sdmx.org/resources/sdmxml/schemas/v2_1/common">Avigliano Umbro</Name>
          <Name xml:lang="en" xmlns="http://www.sdmx.org/resources/sdmxml/schemas/v2_1/common">Avigliano Umbro</Name>
          <Parent>
            <Ref id="ITE22" xmlns="" />
          </Parent>
        </Code>
        <Code id="056001" urn="urn:sdmx:org.sdmx.infomodel.codelist.Code=IT1:CL_REFAREA(1.2).056001">
          <Name xml:lang="it" xmlns="http://www.sdmx.org/resources/sdmxml/schemas/v2_1/common">Acquapendente</Name>
          <Name xml:lang="en" xmlns="http://www.sdmx.org/resources/sdmxml/schemas/v2_1/common">Acquapendente</Name>
          <Parent>
            <Ref id="ITE41" xmlns="" />
          </Parent>
        </Code>
        <Code id="056002" urn="urn:sdmx:org.sdmx.infomodel.codelist.Code=IT1:CL_REFAREA(1.2).056002">
          <Name xml:lang="it" xmlns="http://www.sdmx.org/resources/sdmxml/schemas/v2_1/common">Arlena di Castro</Name>
          <Name xml:lang="en" xmlns="http://www.sdmx.org/resources/sdmxml/schemas/v2_1/common">Arlena di Castro</Name>
          <Parent>
            <Ref id="ITE41" xmlns="" />
          </Parent>
        </Code>
        <Code id="056003" urn="urn:sdmx:org.sdmx.infomodel.codelist.Code=IT1:CL_REFAREA(1.2).056003">
          <Name xml:lang="it" xmlns="http://www.sdmx.org/resources/sdmxml/schemas/v2_1/common">Bagnoregio</Name>
          <Name xml:lang="en" xmlns="http://www.sdmx.org/resources/sdmxml/schemas/v2_1/common">Bagnoregio</Name>
          <Parent>
            <Ref id="ITE41" xmlns="" />
          </Parent>
        </Code>
        <Code id="056004" urn="urn:sdmx:org.sdmx.infomodel.codelist.Code=IT1:CL_REFAREA(1.2).056004">
          <Name xml:lang="it" xmlns="http://www.sdmx.org/resources/sdmxml/schemas/v2_1/common">Barbarano Romano</Name>
          <Name xml:lang="en" xmlns="http://www.sdmx.org/resources/sdmxml/schemas/v2_1/common">Barbarano Romano</Name>
          <Parent>
            <Ref id="ITE41" xmlns="" />
          </Parent>
        </Code>
        <Code id="056005" urn="urn:sdmx:org.sdmx.infomodel.codelist.Code=IT1:CL_REFAREA(1.2).056005">
          <Name xml:lang="it" xmlns="http://www.sdmx.org/resources/sdmxml/schemas/v2_1/common">Bassano Romano</Name>
          <Name xml:lang="en" xmlns="http://www.sdmx.org/resources/sdmxml/schemas/v2_1/common">Bassano Romano</Name>
          <Parent>
            <Ref id="ITE41" xmlns="" />
          </Parent>
        </Code>
        <Code id="056006" urn="urn:sdmx:org.sdmx.infomodel.codelist.Code=IT1:CL_REFAREA(1.2).056006">
          <Name xml:lang="it" xmlns="http://www.sdmx.org/resources/sdmxml/schemas/v2_1/common">Bassano in Teverina</Name>
          <Name xml:lang="en" xmlns="http://www.sdmx.org/resources/sdmxml/schemas/v2_1/common">Bassano in Teverina</Name>
          <Parent>
            <Ref id="ITE41" xmlns="" />
          </Parent>
        </Code>
        <Code id="056007" urn="urn:sdmx:org.sdmx.infomodel.codelist.Code=IT1:CL_REFAREA(1.2).056007">
          <Name xml:lang="it" xmlns="http://www.sdmx.org/resources/sdmxml/schemas/v2_1/common">Blera</Name>
          <Name xml:lang="en" xmlns="http://www.sdmx.org/resources/sdmxml/schemas/v2_1/common">Blera</Name>
          <Parent>
            <Ref id="ITE41" xmlns="" />
          </Parent>
        </Code>
        <Code id="056008" urn="urn:sdmx:org.sdmx.infomodel.codelist.Code=IT1:CL_REFAREA(1.2).056008">
          <Name xml:lang="it" xmlns="http://www.sdmx.org/resources/sdmxml/schemas/v2_1/common">Bolsena</Name>
          <Name xml:lang="en" xmlns="http://www.sdmx.org/resources/sdmxml/schemas/v2_1/common">Bolsena</Name>
          <Parent>
            <Ref id="ITE41" xmlns="" />
          </Parent>
        </Code>
        <Code id="056009" urn="urn:sdmx:org.sdmx.infomodel.codelist.Code=IT1:CL_REFAREA(1.2).056009">
          <Name xml:lang="it" xmlns="http://www.sdmx.org/resources/sdmxml/schemas/v2_1/common">Bomarzo</Name>
          <Name xml:lang="en" xmlns="http://www.sdmx.org/resources/sdmxml/schemas/v2_1/common">Bomarzo</Name>
          <Parent>
            <Ref id="ITE41" xmlns="" />
          </Parent>
        </Code>
        <Code id="056010" urn="urn:sdmx:org.sdmx.infomodel.codelist.Code=IT1:CL_REFAREA(1.2).056010">
          <Name xml:lang="it" xmlns="http://www.sdmx.org/resources/sdmxml/schemas/v2_1/common">Calcata</Name>
          <Name xml:lang="en" xmlns="http://www.sdmx.org/resources/sdmxml/schemas/v2_1/common">Calcata</Name>
          <Parent>
            <Ref id="ITE41" xmlns="" />
          </Parent>
        </Code>
        <Code id="056011" urn="urn:sdmx:org.sdmx.infomodel.codelist.Code=IT1:CL_REFAREA(1.2).056011">
          <Name xml:lang="it" xmlns="http://www.sdmx.org/resources/sdmxml/schemas/v2_1/common">Canepina</Name>
          <Name xml:lang="en" xmlns="http://www.sdmx.org/resources/sdmxml/schemas/v2_1/common">Canepina</Name>
          <Parent>
            <Ref id="ITE41" xmlns="" />
          </Parent>
        </Code>
        <Code id="056012" urn="urn:sdmx:org.sdmx.infomodel.codelist.Code=IT1:CL_REFAREA(1.2).056012">
          <Name xml:lang="it" xmlns="http://www.sdmx.org/resources/sdmxml/schemas/v2_1/common">Canino</Name>
          <Name xml:lang="en" xmlns="http://www.sdmx.org/resources/sdmxml/schemas/v2_1/common">Canino</Name>
          <Parent>
            <Ref id="ITE41" xmlns="" />
          </Parent>
        </Code>
        <Code id="056013" urn="urn:sdmx:org.sdmx.infomodel.codelist.Code=IT1:CL_REFAREA(1.2).056013">
          <Name xml:lang="it" xmlns="http://www.sdmx.org/resources/sdmxml/schemas/v2_1/common">Capodimonte</Name>
          <Name xml:lang="en" xmlns="http://www.sdmx.org/resources/sdmxml/schemas/v2_1/common">Capodimonte</Name>
          <Parent>
            <Ref id="ITE41" xmlns="" />
          </Parent>
        </Code>
        <Code id="056014" urn="urn:sdmx:org.sdmx.infomodel.codelist.Code=IT1:CL_REFAREA(1.2).056014">
          <Name xml:lang="it" xmlns="http://www.sdmx.org/resources/sdmxml/schemas/v2_1/common">Capranica</Name>
          <Name xml:lang="en" xmlns="http://www.sdmx.org/resources/sdmxml/schemas/v2_1/common">Capranica</Name>
          <Parent>
            <Ref id="ITE41" xmlns="" />
          </Parent>
        </Code>
        <Code id="056015" urn="urn:sdmx:org.sdmx.infomodel.codelist.Code=IT1:CL_REFAREA(1.2).056015">
          <Name xml:lang="it" xmlns="http://www.sdmx.org/resources/sdmxml/schemas/v2_1/common">Caprarola</Name>
          <Name xml:lang="en" xmlns="http://www.sdmx.org/resources/sdmxml/schemas/v2_1/common">Caprarola</Name>
          <Parent>
            <Ref id="ITE41" xmlns="" />
          </Parent>
        </Code>
        <Code id="056016" urn="urn:sdmx:org.sdmx.infomodel.codelist.Code=IT1:CL_REFAREA(1.2).056016">
          <Name xml:lang="it" xmlns="http://www.sdmx.org/resources/sdmxml/schemas/v2_1/common">Carbognano</Name>
          <Name xml:lang="en" xmlns="http://www.sdmx.org/resources/sdmxml/schemas/v2_1/common">Carbognano</Name>
          <Parent>
            <Ref id="ITE41" xmlns="" />
          </Parent>
        </Code>
        <Code id="056017" urn="urn:sdmx:org.sdmx.infomodel.codelist.Code=IT1:CL_REFAREA(1.2).056017">
          <Name xml:lang="it" xmlns="http://www.sdmx.org/resources/sdmxml/schemas/v2_1/common">Castel Sant'Elia</Name>
          <Name xml:lang="en" xmlns="http://www.sdmx.org/resources/sdmxml/schemas/v2_1/common">Castel Sant'Elia</Name>
          <Parent>
            <Ref id="ITE41" xmlns="" />
          </Parent>
        </Code>
        <Code id="056018" urn="urn:sdmx:org.sdmx.infomodel.codelist.Code=IT1:CL_REFAREA(1.2).056018">
          <Name xml:lang="it" xmlns="http://www.sdmx.org/resources/sdmxml/schemas/v2_1/common">Castiglione in Teverina</Name>
          <Name xml:lang="en" xmlns="http://www.sdmx.org/resources/sdmxml/schemas/v2_1/common">Castiglione in Teverina</Name>
          <Parent>
            <Ref id="ITE41" xmlns="" />
          </Parent>
        </Code>
        <Code id="056019" urn="urn:sdmx:org.sdmx.infomodel.codelist.Code=IT1:CL_REFAREA(1.2).056019">
          <Name xml:lang="it" xmlns="http://www.sdmx.org/resources/sdmxml/schemas/v2_1/common">Celleno</Name>
          <Name xml:lang="en" xmlns="http://www.sdmx.org/resources/sdmxml/schemas/v2_1/common">Celleno</Name>
          <Parent>
            <Ref id="ITE41" xmlns="" />
          </Parent>
        </Code>
        <Code id="056020" urn="urn:sdmx:org.sdmx.infomodel.codelist.Code=IT1:CL_REFAREA(1.2).056020">
          <Name xml:lang="it" xmlns="http://www.sdmx.org/resources/sdmxml/schemas/v2_1/common">Cellere</Name>
          <Name xml:lang="en" xmlns="http://www.sdmx.org/resources/sdmxml/schemas/v2_1/common">Cellere</Name>
          <Parent>
            <Ref id="ITE41" xmlns="" />
          </Parent>
        </Code>
        <Code id="056021" urn="urn:sdmx:org.sdmx.infomodel.codelist.Code=IT1:CL_REFAREA(1.2).056021">
          <Name xml:lang="it" xmlns="http://www.sdmx.org/resources/sdmxml/schemas/v2_1/common">Civita Castellana</Name>
          <Name xml:lang="en" xmlns="http://www.sdmx.org/resources/sdmxml/schemas/v2_1/common">Civita Castellana</Name>
          <Parent>
            <Ref id="ITE41" xmlns="" />
          </Parent>
        </Code>
        <Code id="056022" urn="urn:sdmx:org.sdmx.infomodel.codelist.Code=IT1:CL_REFAREA(1.2).056022">
          <Name xml:lang="it" xmlns="http://www.sdmx.org/resources/sdmxml/schemas/v2_1/common">Civitella d'Agliano</Name>
          <Name xml:lang="en" xmlns="http://www.sdmx.org/resources/sdmxml/schemas/v2_1/common">Civitella d'Agliano</Name>
          <Parent>
            <Ref id="ITE41" xmlns="" />
          </Parent>
        </Code>
        <Code id="056023" urn="urn:sdmx:org.sdmx.infomodel.codelist.Code=IT1:CL_REFAREA(1.2).056023">
          <Name xml:lang="it" xmlns="http://www.sdmx.org/resources/sdmxml/schemas/v2_1/common">Corchiano</Name>
          <Name xml:lang="en" xmlns="http://www.sdmx.org/resources/sdmxml/schemas/v2_1/common">Corchiano</Name>
          <Parent>
            <Ref id="ITE41" xmlns="" />
          </Parent>
        </Code>
        <Code id="056024" urn="urn:sdmx:org.sdmx.infomodel.codelist.Code=IT1:CL_REFAREA(1.2).056024">
          <Name xml:lang="it" xmlns="http://www.sdmx.org/resources/sdmxml/schemas/v2_1/common">Fabrica di Roma</Name>
          <Name xml:lang="en" xmlns="http://www.sdmx.org/resources/sdmxml/schemas/v2_1/common">Fabrica di Roma</Name>
          <Parent>
            <Ref id="ITE41" xmlns="" />
          </Parent>
        </Code>
        <Code id="056025" urn="urn:sdmx:org.sdmx.infomodel.codelist.Code=IT1:CL_REFAREA(1.2).056025">
          <Name xml:lang="it" xmlns="http://www.sdmx.org/resources/sdmxml/schemas/v2_1/common">Faleria</Name>
          <Name xml:lang="en" xmlns="http://www.sdmx.org/resources/sdmxml/schemas/v2_1/common">Faleria</Name>
          <Parent>
            <Ref id="ITE41" xmlns="" />
          </Parent>
        </Code>
        <Code id="056026" urn="urn:sdmx:org.sdmx.infomodel.codelist.Code=IT1:CL_REFAREA(1.2).056026">
          <Name xml:lang="it" xmlns="http://www.sdmx.org/resources/sdmxml/schemas/v2_1/common">Farnese</Name>
          <Name xml:lang="en" xmlns="http://www.sdmx.org/resources/sdmxml/schemas/v2_1/common">Farnese</Name>
          <Parent>
            <Ref id="ITE41" xmlns="" />
          </Parent>
        </Code>
        <Code id="056027" urn="urn:sdmx:org.sdmx.infomodel.codelist.Code=IT1:CL_REFAREA(1.2).056027">
          <Name xml:lang="it" xmlns="http://www.sdmx.org/resources/sdmxml/schemas/v2_1/common">Gallese</Name>
          <Name xml:lang="en" xmlns="http://www.sdmx.org/resources/sdmxml/schemas/v2_1/common">Gallese</Name>
          <Parent>
            <Ref id="ITE41" xmlns="" />
          </Parent>
        </Code>
        <Code id="056028" urn="urn:sdmx:org.sdmx.infomodel.codelist.Code=IT1:CL_REFAREA(1.2).056028">
          <Name xml:lang="it" xmlns="http://www.sdmx.org/resources/sdmxml/schemas/v2_1/common">Gradoli</Name>
          <Name xml:lang="en" xmlns="http://www.sdmx.org/resources/sdmxml/schemas/v2_1/common">Gradoli</Name>
          <Parent>
            <Ref id="ITE41" xmlns="" />
          </Parent>
        </Code>
        <Code id="056029" urn="urn:sdmx:org.sdmx.infomodel.codelist.Code=IT1:CL_REFAREA(1.2).056029">
          <Name xml:lang="it" xmlns="http://www.sdmx.org/resources/sdmxml/schemas/v2_1/common">Graffignano</Name>
          <Name xml:lang="en" xmlns="http://www.sdmx.org/resources/sdmxml/schemas/v2_1/common">Graffignano</Name>
          <Parent>
            <Ref id="ITE41" xmlns="" />
          </Parent>
        </Code>
        <Code id="056030" urn="urn:sdmx:org.sdmx.infomodel.codelist.Code=IT1:CL_REFAREA(1.2).056030">
          <Name xml:lang="it" xmlns="http://www.sdmx.org/resources/sdmxml/schemas/v2_1/common">Grotte di Castro</Name>
          <Name xml:lang="en" xmlns="http://www.sdmx.org/resources/sdmxml/schemas/v2_1/common">Grotte di Castro</Name>
          <Parent>
            <Ref id="ITE41" xmlns="" />
          </Parent>
        </Code>
        <Code id="056031" urn="urn:sdmx:org.sdmx.infomodel.codelist.Code=IT1:CL_REFAREA(1.2).056031">
          <Name xml:lang="it" xmlns="http://www.sdmx.org/resources/sdmxml/schemas/v2_1/common">Ischia di Castro</Name>
          <Name xml:lang="en" xmlns="http://www.sdmx.org/resources/sdmxml/schemas/v2_1/common">Ischia di Castro</Name>
          <Parent>
            <Ref id="ITE41" xmlns="" />
          </Parent>
        </Code>
        <Code id="056032" urn="urn:sdmx:org.sdmx.infomodel.codelist.Code=IT1:CL_REFAREA(1.2).056032">
          <Name xml:lang="it" xmlns="http://www.sdmx.org/resources/sdmxml/schemas/v2_1/common">Latera</Name>
          <Name xml:lang="en" xmlns="http://www.sdmx.org/resources/sdmxml/schemas/v2_1/common">Latera</Name>
          <Parent>
            <Ref id="ITE41" xmlns="" />
          </Parent>
        </Code>
        <Code id="056033" urn="urn:sdmx:org.sdmx.infomodel.codelist.Code=IT1:CL_REFAREA(1.2).056033">
          <Name xml:lang="it" xmlns="http://www.sdmx.org/resources/sdmxml/schemas/v2_1/common">Lubriano</Name>
          <Name xml:lang="en" xmlns="http://www.sdmx.org/resources/sdmxml/schemas/v2_1/common">Lubriano</Name>
          <Parent>
            <Ref id="ITE41" xmlns="" />
          </Parent>
        </Code>
        <Code id="056034" urn="urn:sdmx:org.sdmx.infomodel.codelist.Code=IT1:CL_REFAREA(1.2).056034">
          <Name xml:lang="it" xmlns="http://www.sdmx.org/resources/sdmxml/schemas/v2_1/common">Marta</Name>
          <Name xml:lang="en" xmlns="http://www.sdmx.org/resources/sdmxml/schemas/v2_1/common">Marta</Name>
          <Parent>
            <Ref id="ITE41" xmlns="" />
          </Parent>
        </Code>
        <Code id="056035" urn="urn:sdmx:org.sdmx.infomodel.codelist.Code=IT1:CL_REFAREA(1.2).056035">
          <Name xml:lang="it" xmlns="http://www.sdmx.org/resources/sdmxml/schemas/v2_1/common">Montalto di Castro</Name>
          <Name xml:lang="en" xmlns="http://www.sdmx.org/resources/sdmxml/schemas/v2_1/common">Montalto di Castro</Name>
          <Parent>
            <Ref id="ITE41" xmlns="" />
          </Parent>
        </Code>
        <Code id="056036" urn="urn:sdmx:org.sdmx.infomodel.codelist.Code=IT1:CL_REFAREA(1.2).056036">
          <Name xml:lang="it" xmlns="http://www.sdmx.org/resources/sdmxml/schemas/v2_1/common">Montefiascone</Name>
          <Name xml:lang="en" xmlns="http://www.sdmx.org/resources/sdmxml/schemas/v2_1/common">Montefiascone</Name>
          <Parent>
            <Ref id="ITE41" xmlns="" />
          </Parent>
        </Code>
        <Code id="056037" urn="urn:sdmx:org.sdmx.infomodel.codelist.Code=IT1:CL_REFAREA(1.2).056037">
          <Name xml:lang="it" xmlns="http://www.sdmx.org/resources/sdmxml/schemas/v2_1/common">Monte Romano</Name>
          <Name xml:lang="en" xmlns="http://www.sdmx.org/resources/sdmxml/schemas/v2_1/common">Monte Romano</Name>
          <Parent>
            <Ref id="ITE41" xmlns="" />
          </Parent>
        </Code>
        <Code id="056038" urn="urn:sdmx:org.sdmx.infomodel.codelist.Code=IT1:CL_REFAREA(1.2).056038">
          <Name xml:lang="it" xmlns="http://www.sdmx.org/resources/sdmxml/schemas/v2_1/common">Monterosi</Name>
          <Name xml:lang="en" xmlns="http://www.sdmx.org/resources/sdmxml/schemas/v2_1/common">Monterosi</Name>
          <Parent>
            <Ref id="ITE41" xmlns="" />
          </Parent>
        </Code>
        <Code id="056039" urn="urn:sdmx:org.sdmx.infomodel.codelist.Code=IT1:CL_REFAREA(1.2).056039">
          <Name xml:lang="it" xmlns="http://www.sdmx.org/resources/sdmxml/schemas/v2_1/common">Nepi</Name>
          <Name xml:lang="en" xmlns="http://www.sdmx.org/resources/sdmxml/schemas/v2_1/common">Nepi</Name>
          <Parent>
            <Ref id="ITE41" xmlns="" />
          </Parent>
        </Code>
        <Code id="056040" urn="urn:sdmx:org.sdmx.infomodel.codelist.Code=IT1:CL_REFAREA(1.2).056040">
          <Name xml:lang="it" xmlns="http://www.sdmx.org/resources/sdmxml/schemas/v2_1/common">Onano</Name>
          <Name xml:lang="en" xmlns="http://www.sdmx.org/resources/sdmxml/schemas/v2_1/common">Onano</Name>
          <Parent>
            <Ref id="ITE41" xmlns="" />
          </Parent>
        </Code>
        <Code id="056041" urn="urn:sdmx:org.sdmx.infomodel.codelist.Code=IT1:CL_REFAREA(1.2).056041">
          <Name xml:lang="it" xmlns="http://www.sdmx.org/resources/sdmxml/schemas/v2_1/common">Oriolo Romano</Name>
          <Name xml:lang="en" xmlns="http://www.sdmx.org/resources/sdmxml/schemas/v2_1/common">Oriolo Romano</Name>
          <Parent>
            <Ref id="ITE41" xmlns="" />
          </Parent>
        </Code>
        <Code id="056042" urn="urn:sdmx:org.sdmx.infomodel.codelist.Code=IT1:CL_REFAREA(1.2).056042">
          <Name xml:lang="it" xmlns="http://www.sdmx.org/resources/sdmxml/schemas/v2_1/common">Orte</Name>
          <Name xml:lang="en" xmlns="http://www.sdmx.org/resources/sdmxml/schemas/v2_1/common">Orte</Name>
          <Parent>
            <Ref id="ITE41" xmlns="" />
          </Parent>
        </Code>
        <Code id="056043" urn="urn:sdmx:org.sdmx.infomodel.codelist.Code=IT1:CL_REFAREA(1.2).056043">
          <Name xml:lang="it" xmlns="http://www.sdmx.org/resources/sdmxml/schemas/v2_1/common">Piansano</Name>
          <Name xml:lang="en" xmlns="http://www.sdmx.org/resources/sdmxml/schemas/v2_1/common">Piansano</Name>
          <Parent>
            <Ref id="ITE41" xmlns="" />
          </Parent>
        </Code>
        <Code id="056044" urn="urn:sdmx:org.sdmx.infomodel.codelist.Code=IT1:CL_REFAREA(1.2).056044">
          <Name xml:lang="it" xmlns="http://www.sdmx.org/resources/sdmxml/schemas/v2_1/common">Proceno</Name>
          <Name xml:lang="en" xmlns="http://www.sdmx.org/resources/sdmxml/schemas/v2_1/common">Proceno</Name>
          <Parent>
            <Ref id="ITE41" xmlns="" />
          </Parent>
        </Code>
        <Code id="056045" urn="urn:sdmx:org.sdmx.infomodel.codelist.Code=IT1:CL_REFAREA(1.2).056045">
          <Name xml:lang="it" xmlns="http://www.sdmx.org/resources/sdmxml/schemas/v2_1/common">Ronciglione</Name>
          <Name xml:lang="en" xmlns="http://www.sdmx.org/resources/sdmxml/schemas/v2_1/common">Ronciglione</Name>
          <Parent>
            <Ref id="ITE41" xmlns="" />
          </Parent>
        </Code>
        <Code id="056046" urn="urn:sdmx:org.sdmx.infomodel.codelist.Code=IT1:CL_REFAREA(1.2).056046">
          <Name xml:lang="it" xmlns="http://www.sdmx.org/resources/sdmxml/schemas/v2_1/common">Villa San Giovanni in Tuscia</Name>
          <Name xml:lang="en" xmlns="http://www.sdmx.org/resources/sdmxml/schemas/v2_1/common">Villa San Giovanni in Tuscia</Name>
          <Parent>
            <Ref id="ITE41" xmlns="" />
          </Parent>
        </Code>
        <Code id="056047" urn="urn:sdmx:org.sdmx.infomodel.codelist.Code=IT1:CL_REFAREA(1.2).056047">
          <Name xml:lang="it" xmlns="http://www.sdmx.org/resources/sdmxml/schemas/v2_1/common">San Lorenzo Nuovo</Name>
          <Name xml:lang="en" xmlns="http://www.sdmx.org/resources/sdmxml/schemas/v2_1/common">San Lorenzo Nuovo</Name>
          <Parent>
            <Ref id="ITE41" xmlns="" />
          </Parent>
        </Code>
        <Code id="056048" urn="urn:sdmx:org.sdmx.infomodel.codelist.Code=IT1:CL_REFAREA(1.2).056048">
          <Name xml:lang="it" xmlns="http://www.sdmx.org/resources/sdmxml/schemas/v2_1/common">Soriano nel Cimino</Name>
          <Name xml:lang="en" xmlns="http://www.sdmx.org/resources/sdmxml/schemas/v2_1/common">Soriano nel Cimino</Name>
          <Parent>
            <Ref id="ITE41" xmlns="" />
          </Parent>
        </Code>
        <Code id="056049" urn="urn:sdmx:org.sdmx.infomodel.codelist.Code=IT1:CL_REFAREA(1.2).056049">
          <Name xml:lang="it" xmlns="http://www.sdmx.org/resources/sdmxml/schemas/v2_1/common">Sutri</Name>
          <Name xml:lang="en" xmlns="http://www.sdmx.org/resources/sdmxml/schemas/v2_1/common">Sutri</Name>
          <Parent>
            <Ref id="ITE41" xmlns="" />
          </Parent>
        </Code>
        <Code id="056050" urn="urn:sdmx:org.sdmx.infomodel.codelist.Code=IT1:CL_REFAREA(1.2).056050">
          <Name xml:lang="it" xmlns="http://www.sdmx.org/resources/sdmxml/schemas/v2_1/common">Tarquinia</Name>
          <Name xml:lang="en" xmlns="http://www.sdmx.org/resources/sdmxml/schemas/v2_1/common">Tarquinia</Name>
          <Parent>
            <Ref id="ITE41" xmlns="" />
          </Parent>
        </Code>
        <Code id="056051" urn="urn:sdmx:org.sdmx.infomodel.codelist.Code=IT1:CL_REFAREA(1.2).056051">
          <Name xml:lang="it" xmlns="http://www.sdmx.org/resources/sdmxml/schemas/v2_1/common">Tessennano</Name>
          <Name xml:lang="en" xmlns="http://www.sdmx.org/resources/sdmxml/schemas/v2_1/common">Tessennano</Name>
          <Parent>
            <Ref id="ITE41" xmlns="" />
          </Parent>
        </Code>
        <Code id="056052" urn="urn:sdmx:org.sdmx.infomodel.codelist.Code=IT1:CL_REFAREA(1.2).056052">
          <Name xml:lang="it" xmlns="http://www.sdmx.org/resources/sdmxml/schemas/v2_1/common">Tuscania</Name>
          <Name xml:lang="en" xmlns="http://www.sdmx.org/resources/sdmxml/schemas/v2_1/common">Tuscania</Name>
          <Parent>
            <Ref id="ITE41" xmlns="" />
          </Parent>
        </Code>
        <Code id="056053" urn="urn:sdmx:org.sdmx.infomodel.codelist.Code=IT1:CL_REFAREA(1.2).056053">
          <Name xml:lang="it" xmlns="http://www.sdmx.org/resources/sdmxml/schemas/v2_1/common">Valentano</Name>
          <Name xml:lang="en" xmlns="http://www.sdmx.org/resources/sdmxml/schemas/v2_1/common">Valentano</Name>
          <Parent>
            <Ref id="ITE41" xmlns="" />
          </Parent>
        </Code>
        <Code id="056054" urn="urn:sdmx:org.sdmx.infomodel.codelist.Code=IT1:CL_REFAREA(1.2).056054">
          <Name xml:lang="it" xmlns="http://www.sdmx.org/resources/sdmxml/schemas/v2_1/common">Vallerano</Name>
          <Name xml:lang="en" xmlns="http://www.sdmx.org/resources/sdmxml/schemas/v2_1/common">Vallerano</Name>
          <Parent>
            <Ref id="ITE41" xmlns="" />
          </Parent>
        </Code>
        <Code id="056055" urn="urn:sdmx:org.sdmx.infomodel.codelist.Code=IT1:CL_REFAREA(1.2).056055">
          <Name xml:lang="it" xmlns="http://www.sdmx.org/resources/sdmxml/schemas/v2_1/common">Vasanello</Name>
          <Name xml:lang="en" xmlns="http://www.sdmx.org/resources/sdmxml/schemas/v2_1/common">Vasanello</Name>
          <Parent>
            <Ref id="ITE41" xmlns="" />
          </Parent>
        </Code>
        <Code id="056056" urn="urn:sdmx:org.sdmx.infomodel.codelist.Code=IT1:CL_REFAREA(1.2).056056">
          <Name xml:lang="it" xmlns="http://www.sdmx.org/resources/sdmxml/schemas/v2_1/common">Vejano</Name>
          <Name xml:lang="en" xmlns="http://www.sdmx.org/resources/sdmxml/schemas/v2_1/common">Vejano</Name>
          <Parent>
            <Ref id="ITE41" xmlns="" />
          </Parent>
        </Code>
        <Code id="056057" urn="urn:sdmx:org.sdmx.infomodel.codelist.Code=IT1:CL_REFAREA(1.2).056057">
          <Name xml:lang="it" xmlns="http://www.sdmx.org/resources/sdmxml/schemas/v2_1/common">Vetralla</Name>
          <Name xml:lang="en" xmlns="http://www.sdmx.org/resources/sdmxml/schemas/v2_1/common">Vetralla</Name>
          <Parent>
            <Ref id="ITE41" xmlns="" />
          </Parent>
        </Code>
        <Code id="056058" urn="urn:sdmx:org.sdmx.infomodel.codelist.Code=IT1:CL_REFAREA(1.2).056058">
          <Name xml:lang="it" xmlns="http://www.sdmx.org/resources/sdmxml/schemas/v2_1/common">Vignanello</Name>
          <Name xml:lang="en" xmlns="http://www.sdmx.org/resources/sdmxml/schemas/v2_1/common">Vignanello</Name>
          <Parent>
            <Ref id="ITE41" xmlns="" />
          </Parent>
        </Code>
        <Code id="056059" urn="urn:sdmx:org.sdmx.infomodel.codelist.Code=IT1:CL_REFAREA(1.2).056059">
          <Name xml:lang="it" xmlns="http://www.sdmx.org/resources/sdmxml/schemas/v2_1/common">Viterbo</Name>
          <Name xml:lang="en" xmlns="http://www.sdmx.org/resources/sdmxml/schemas/v2_1/common">Viterbo</Name>
          <Parent>
            <Ref id="ITE41" xmlns="" />
          </Parent>
        </Code>
        <Code id="056060" urn="urn:sdmx:org.sdmx.infomodel.codelist.Code=IT1:CL_REFAREA(1.2).056060">
          <Name xml:lang="it" xmlns="http://www.sdmx.org/resources/sdmxml/schemas/v2_1/common">Vitorchiano</Name>
          <Name xml:lang="en" xmlns="http://www.sdmx.org/resources/sdmxml/schemas/v2_1/common">Vitorchiano</Name>
          <Parent>
            <Ref id="ITE41" xmlns="" />
          </Parent>
        </Code>
        <Code id="057001" urn="urn:sdmx:org.sdmx.infomodel.codelist.Code=IT1:CL_REFAREA(1.2).057001">
          <Name xml:lang="it" xmlns="http://www.sdmx.org/resources/sdmxml/schemas/v2_1/common">Accumoli</Name>
          <Name xml:lang="en" xmlns="http://www.sdmx.org/resources/sdmxml/schemas/v2_1/common">Accumoli</Name>
          <Parent>
            <Ref id="ITE42" xmlns="" />
          </Parent>
        </Code>
        <Code id="057002" urn="urn:sdmx:org.sdmx.infomodel.codelist.Code=IT1:CL_REFAREA(1.2).057002">
          <Name xml:lang="it" xmlns="http://www.sdmx.org/resources/sdmxml/schemas/v2_1/common">Amatrice</Name>
          <Name xml:lang="en" xmlns="http://www.sdmx.org/resources/sdmxml/schemas/v2_1/common">Amatrice</Name>
          <Parent>
            <Ref id="ITE42" xmlns="" />
          </Parent>
        </Code>
        <Code id="057003" urn="urn:sdmx:org.sdmx.infomodel.codelist.Code=IT1:CL_REFAREA(1.2).057003">
          <Name xml:lang="it" xmlns="http://www.sdmx.org/resources/sdmxml/schemas/v2_1/common">Antrodoco</Name>
          <Name xml:lang="en" xmlns="http://www.sdmx.org/resources/sdmxml/schemas/v2_1/common">Antrodoco</Name>
          <Parent>
            <Ref id="ITE42" xmlns="" />
          </Parent>
        </Code>
        <Code id="057004" urn="urn:sdmx:org.sdmx.infomodel.codelist.Code=IT1:CL_REFAREA(1.2).057004">
          <Name xml:lang="it" xmlns="http://www.sdmx.org/resources/sdmxml/schemas/v2_1/common">Ascrea</Name>
          <Name xml:lang="en" xmlns="http://www.sdmx.org/resources/sdmxml/schemas/v2_1/common">Ascrea</Name>
          <Parent>
            <Ref id="ITE42" xmlns="" />
          </Parent>
        </Code>
        <Code id="057005" urn="urn:sdmx:org.sdmx.infomodel.codelist.Code=IT1:CL_REFAREA(1.2).057005">
          <Name xml:lang="it" xmlns="http://www.sdmx.org/resources/sdmxml/schemas/v2_1/common">Belmonte in Sabina</Name>
          <Name xml:lang="en" xmlns="http://www.sdmx.org/resources/sdmxml/schemas/v2_1/common">Belmonte in Sabina</Name>
          <Parent>
            <Ref id="ITE42" xmlns="" />
          </Parent>
        </Code>
        <Code id="057006" urn="urn:sdmx:org.sdmx.infomodel.codelist.Code=IT1:CL_REFAREA(1.2).057006">
          <Name xml:lang="it" xmlns="http://www.sdmx.org/resources/sdmxml/schemas/v2_1/common">Borbona</Name>
          <Name xml:lang="en" xmlns="http://www.sdmx.org/resources/sdmxml/schemas/v2_1/common">Borbona</Name>
          <Parent>
            <Ref id="ITE42" xmlns="" />
          </Parent>
        </Code>
        <Code id="057007" urn="urn:sdmx:org.sdmx.infomodel.codelist.Code=IT1:CL_REFAREA(1.2).057007">
          <Name xml:lang="it" xmlns="http://www.sdmx.org/resources/sdmxml/schemas/v2_1/common">Borgorose</Name>
          <Name xml:lang="en" xmlns="http://www.sdmx.org/resources/sdmxml/schemas/v2_1/common">Borgorose</Name>
          <Parent>
            <Ref id="ITE42" xmlns="" />
          </Parent>
        </Code>
        <Code id="057008" urn="urn:sdmx:org.sdmx.infomodel.codelist.Code=IT1:CL_REFAREA(1.2).057008">
          <Name xml:lang="it" xmlns="http://www.sdmx.org/resources/sdmxml/schemas/v2_1/common">Borgo Velino</Name>
          <Name xml:lang="en" xmlns="http://www.sdmx.org/resources/sdmxml/schemas/v2_1/common">Borgo Velino</Name>
          <Parent>
            <Ref id="ITE42" xmlns="" />
          </Parent>
        </Code>
        <Code id="057009" urn="urn:sdmx:org.sdmx.infomodel.codelist.Code=IT1:CL_REFAREA(1.2).057009">
          <Name xml:lang="it" xmlns="http://www.sdmx.org/resources/sdmxml/schemas/v2_1/common">Cantalice</Name>
          <Name xml:lang="en" xmlns="http://www.sdmx.org/resources/sdmxml/schemas/v2_1/common">Cantalice</Name>
          <Parent>
            <Ref id="ITE42" xmlns="" />
          </Parent>
        </Code>
        <Code id="057010" urn="urn:sdmx:org.sdmx.infomodel.codelist.Code=IT1:CL_REFAREA(1.2).057010">
          <Name xml:lang="it" xmlns="http://www.sdmx.org/resources/sdmxml/schemas/v2_1/common">Cantalupo in Sabina</Name>
          <Name xml:lang="en" xmlns="http://www.sdmx.org/resources/sdmxml/schemas/v2_1/common">Cantalupo in Sabina</Name>
          <Parent>
            <Ref id="ITE42" xmlns="" />
          </Parent>
        </Code>
        <Code id="057011" urn="urn:sdmx:org.sdmx.infomodel.codelist.Code=IT1:CL_REFAREA(1.2).057011">
          <Name xml:lang="it" xmlns="http://www.sdmx.org/resources/sdmxml/schemas/v2_1/common">Casaprota</Name>
          <Name xml:lang="en" xmlns="http://www.sdmx.org/resources/sdmxml/schemas/v2_1/common">Casaprota</Name>
          <Parent>
            <Ref id="ITE42" xmlns="" />
          </Parent>
        </Code>
        <Code id="057012" urn="urn:sdmx:org.sdmx.infomodel.codelist.Code=IT1:CL_REFAREA(1.2).057012">
          <Name xml:lang="it" xmlns="http://www.sdmx.org/resources/sdmxml/schemas/v2_1/common">Casperia</Name>
          <Name xml:lang="en" xmlns="http://www.sdmx.org/resources/sdmxml/schemas/v2_1/common">Casperia</Name>
          <Parent>
            <Ref id="ITE42" xmlns="" />
          </Parent>
        </Code>
        <Code id="057013" urn="urn:sdmx:org.sdmx.infomodel.codelist.Code=IT1:CL_REFAREA(1.2).057013">
          <Name xml:lang="it" xmlns="http://www.sdmx.org/resources/sdmxml/schemas/v2_1/common">Castel di Tora</Name>
          <Name xml:lang="en" xmlns="http://www.sdmx.org/resources/sdmxml/schemas/v2_1/common">Castel di Tora</Name>
          <Parent>
            <Ref id="ITE42" xmlns="" />
          </Parent>
        </Code>
        <Code id="057014" urn="urn:sdmx:org.sdmx.infomodel.codelist.Code=IT1:CL_REFAREA(1.2).057014">
          <Name xml:lang="it" xmlns="http://www.sdmx.org/resources/sdmxml/schemas/v2_1/common">Castelnuovo di Farfa</Name>
          <Name xml:lang="en" xmlns="http://www.sdmx.org/resources/sdmxml/schemas/v2_1/common">Castelnuovo di Farfa</Name>
          <Parent>
            <Ref id="ITE42" xmlns="" />
          </Parent>
        </Code>
        <Code id="057015" urn="urn:sdmx:org.sdmx.infomodel.codelist.Code=IT1:CL_REFAREA(1.2).057015">
          <Name xml:lang="it" xmlns="http://www.sdmx.org/resources/sdmxml/schemas/v2_1/common">Castel Sant'Angelo</Name>
          <Name xml:lang="en" xmlns="http://www.sdmx.org/resources/sdmxml/schemas/v2_1/common">Castel Sant'Angelo</Name>
          <Parent>
            <Ref id="ITE42" xmlns="" />
          </Parent>
        </Code>
        <Code id="057016" urn="urn:sdmx:org.sdmx.infomodel.codelist.Code=IT1:CL_REFAREA(1.2).057016">
          <Name xml:lang="it" xmlns="http://www.sdmx.org/resources/sdmxml/schemas/v2_1/common">Cittaducale</Name>
          <Name xml:lang="en" xmlns="http://www.sdmx.org/resources/sdmxml/schemas/v2_1/common">Cittaducale</Name>
          <Parent>
            <Ref id="ITE42" xmlns="" />
          </Parent>
        </Code>
        <Code id="057017" urn="urn:sdmx:org.sdmx.infomodel.codelist.Code=IT1:CL_REFAREA(1.2).057017">
          <Name xml:lang="it" xmlns="http://www.sdmx.org/resources/sdmxml/schemas/v2_1/common">Cittareale</Name>
          <Name xml:lang="en" xmlns="http://www.sdmx.org/resources/sdmxml/schemas/v2_1/common">Cittareale</Name>
          <Parent>
            <Ref id="ITE42" xmlns="" />
          </Parent>
        </Code>
        <Code id="057018" urn="urn:sdmx:org.sdmx.infomodel.codelist.Code=IT1:CL_REFAREA(1.2).057018">
          <Name xml:lang="it" xmlns="http://www.sdmx.org/resources/sdmxml/schemas/v2_1/common">Collalto Sabino</Name>
          <Name xml:lang="en" xmlns="http://www.sdmx.org/resources/sdmxml/schemas/v2_1/common">Collalto Sabino</Name>
          <Parent>
            <Ref id="ITE42" xmlns="" />
          </Parent>
        </Code>
        <Code id="057019" urn="urn:sdmx:org.sdmx.infomodel.codelist.Code=IT1:CL_REFAREA(1.2).057019">
          <Name xml:lang="it" xmlns="http://www.sdmx.org/resources/sdmxml/schemas/v2_1/common">Colle di Tora</Name>
          <Name xml:lang="en" xmlns="http://www.sdmx.org/resources/sdmxml/schemas/v2_1/common">Colle di Tora</Name>
          <Parent>
            <Ref id="ITE42" xmlns="" />
          </Parent>
        </Code>
        <Code id="057020" urn="urn:sdmx:org.sdmx.infomodel.codelist.Code=IT1:CL_REFAREA(1.2).057020">
          <Name xml:lang="it" xmlns="http://www.sdmx.org/resources/sdmxml/schemas/v2_1/common">Collegiove</Name>
          <Name xml:lang="en" xmlns="http://www.sdmx.org/resources/sdmxml/schemas/v2_1/common">Collegiove</Name>
          <Parent>
            <Ref id="ITE42" xmlns="" />
          </Parent>
        </Code>
        <Code id="057021" urn="urn:sdmx:org.sdmx.infomodel.codelist.Code=IT1:CL_REFAREA(1.2).057021">
          <Name xml:lang="it" xmlns="http://www.sdmx.org/resources/sdmxml/schemas/v2_1/common">Collevecchio</Name>
          <Name xml:lang="en" xmlns="http://www.sdmx.org/resources/sdmxml/schemas/v2_1/common">Collevecchio</Name>
          <Parent>
            <Ref id="ITE42" xmlns="" />
          </Parent>
        </Code>
        <Code id="057022" urn="urn:sdmx:org.sdmx.infomodel.codelist.Code=IT1:CL_REFAREA(1.2).057022">
          <Name xml:lang="it" xmlns="http://www.sdmx.org/resources/sdmxml/schemas/v2_1/common">Colli sul Velino</Name>
          <Name xml:lang="en" xmlns="http://www.sdmx.org/resources/sdmxml/schemas/v2_1/common">Colli sul Velino</Name>
          <Parent>
            <Ref id="ITE42" xmlns="" />
          </Parent>
        </Code>
        <Code id="057023" urn="urn:sdmx:org.sdmx.infomodel.codelist.Code=IT1:CL_REFAREA(1.2).057023">
          <Name xml:lang="it" xmlns="http://www.sdmx.org/resources/sdmxml/schemas/v2_1/common">Concerviano</Name>
          <Name xml:lang="en" xmlns="http://www.sdmx.org/resources/sdmxml/schemas/v2_1/common">Concerviano</Name>
          <Parent>
            <Ref id="ITE42" xmlns="" />
          </Parent>
        </Code>
        <Code id="057024" urn="urn:sdmx:org.sdmx.infomodel.codelist.Code=IT1:CL_REFAREA(1.2).057024">
          <Name xml:lang="it" xmlns="http://www.sdmx.org/resources/sdmxml/schemas/v2_1/common">Configni</Name>
          <Name xml:lang="en" xmlns="http://www.sdmx.org/resources/sdmxml/schemas/v2_1/common">Configni</Name>
          <Parent>
            <Ref id="ITE42" xmlns="" />
          </Parent>
        </Code>
        <Code id="057025" urn="urn:sdmx:org.sdmx.infomodel.codelist.Code=IT1:CL_REFAREA(1.2).057025">
          <Name xml:lang="it" xmlns="http://www.sdmx.org/resources/sdmxml/schemas/v2_1/common">Contigliano</Name>
          <Name xml:lang="en" xmlns="http://www.sdmx.org/resources/sdmxml/schemas/v2_1/common">Contigliano</Name>
          <Parent>
            <Ref id="ITE42" xmlns="" />
          </Parent>
        </Code>
        <Code id="057026" urn="urn:sdmx:org.sdmx.infomodel.codelist.Code=IT1:CL_REFAREA(1.2).057026">
          <Name xml:lang="it" xmlns="http://www.sdmx.org/resources/sdmxml/schemas/v2_1/common">Cottanello</Name>
          <Name xml:lang="en" xmlns="http://www.sdmx.org/resources/sdmxml/schemas/v2_1/common">Cottanello</Name>
          <Parent>
            <Ref id="ITE42" xmlns="" />
          </Parent>
        </Code>
        <Code id="057027" urn="urn:sdmx:org.sdmx.infomodel.codelist.Code=IT1:CL_REFAREA(1.2).057027">
          <Name xml:lang="it" xmlns="http://www.sdmx.org/resources/sdmxml/schemas/v2_1/common">Fara in Sabina</Name>
          <Name xml:lang="en" xmlns="http://www.sdmx.org/resources/sdmxml/schemas/v2_1/common">Fara in Sabina</Name>
          <Parent>
            <Ref id="ITE42" xmlns="" />
          </Parent>
        </Code>
        <Code id="057028" urn="urn:sdmx:org.sdmx.infomodel.codelist.Code=IT1:CL_REFAREA(1.2).057028">
          <Name xml:lang="it" xmlns="http://www.sdmx.org/resources/sdmxml/schemas/v2_1/common">Fiamignano</Name>
          <Name xml:lang="en" xmlns="http://www.sdmx.org/resources/sdmxml/schemas/v2_1/common">Fiamignano</Name>
          <Parent>
            <Ref id="ITE42" xmlns="" />
          </Parent>
        </Code>
        <Code id="057029" urn="urn:sdmx:org.sdmx.infomodel.codelist.Code=IT1:CL_REFAREA(1.2).057029">
          <Name xml:lang="it" xmlns="http://www.sdmx.org/resources/sdmxml/schemas/v2_1/common">Forano</Name>
          <Name xml:lang="en" xmlns="http://www.sdmx.org/resources/sdmxml/schemas/v2_1/common">Forano</Name>
          <Parent>
            <Ref id="ITE42" xmlns="" />
          </Parent>
        </Code>
        <Code id="057030" urn="urn:sdmx:org.sdmx.infomodel.codelist.Code=IT1:CL_REFAREA(1.2).057030">
          <Name xml:lang="it" xmlns="http://www.sdmx.org/resources/sdmxml/schemas/v2_1/common">Frasso Sabino</Name>
          <Name xml:lang="en" xmlns="http://www.sdmx.org/resources/sdmxml/schemas/v2_1/common">Frasso Sabino</Name>
          <Parent>
            <Ref id="ITE42" xmlns="" />
          </Parent>
        </Code>
        <Code id="057031" urn="urn:sdmx:org.sdmx.infomodel.codelist.Code=IT1:CL_REFAREA(1.2).057031">
          <Name xml:lang="it" xmlns="http://www.sdmx.org/resources/sdmxml/schemas/v2_1/common">Greccio</Name>
          <Name xml:lang="en" xmlns="http://www.sdmx.org/resources/sdmxml/schemas/v2_1/common">Greccio</Name>
          <Parent>
            <Ref id="ITE42" xmlns="" />
          </Parent>
        </Code>
        <Code id="057032" urn="urn:sdmx:org.sdmx.infomodel.codelist.Code=IT1:CL_REFAREA(1.2).057032">
          <Name xml:lang="it" xmlns="http://www.sdmx.org/resources/sdmxml/schemas/v2_1/common">Labro</Name>
          <Name xml:lang="en" xmlns="http://www.sdmx.org/resources/sdmxml/schemas/v2_1/common">Labro</Name>
          <Parent>
            <Ref id="ITE42" xmlns="" />
          </Parent>
        </Code>
        <Code id="057033" urn="urn:sdmx:org.sdmx.infomodel.codelist.Code=IT1:CL_REFAREA(1.2).057033">
          <Name xml:lang="it" xmlns="http://www.sdmx.org/resources/sdmxml/schemas/v2_1/common">Leonessa</Name>
          <Name xml:lang="en" xmlns="http://www.sdmx.org/resources/sdmxml/schemas/v2_1/common">Leonessa</Name>
          <Parent>
            <Ref id="ITE42" xmlns="" />
          </Parent>
        </Code>
        <Code id="057034" urn="urn:sdmx:org.sdmx.infomodel.codelist.Code=IT1:CL_REFAREA(1.2).057034">
          <Name xml:lang="it" xmlns="http://www.sdmx.org/resources/sdmxml/schemas/v2_1/common">Longone Sabino</Name>
          <Name xml:lang="en" xmlns="http://www.sdmx.org/resources/sdmxml/schemas/v2_1/common">Longone Sabino</Name>
          <Parent>
            <Ref id="ITE42" xmlns="" />
          </Parent>
        </Code>
        <Code id="057035" urn="urn:sdmx:org.sdmx.infomodel.codelist.Code=IT1:CL_REFAREA(1.2).057035">
          <Name xml:lang="it" xmlns="http://www.sdmx.org/resources/sdmxml/schemas/v2_1/common">Magliano Sabina</Name>
          <Name xml:lang="en" xmlns="http://www.sdmx.org/resources/sdmxml/schemas/v2_1/common">Magliano Sabina</Name>
          <Parent>
            <Ref id="ITE42" xmlns="" />
          </Parent>
        </Code>
        <Code id="057036" urn="urn:sdmx:org.sdmx.infomodel.codelist.Code=IT1:CL_REFAREA(1.2).057036">
          <Name xml:lang="it" xmlns="http://www.sdmx.org/resources/sdmxml/schemas/v2_1/common">Marcetelli</Name>
          <Name xml:lang="en" xmlns="http://www.sdmx.org/resources/sdmxml/schemas/v2_1/common">Marcetelli</Name>
          <Parent>
            <Ref id="ITE42" xmlns="" />
          </Parent>
        </Code>
        <Code id="057037" urn="urn:sdmx:org.sdmx.infomodel.codelist.Code=IT1:CL_REFAREA(1.2).057037">
          <Name xml:lang="it" xmlns="http://www.sdmx.org/resources/sdmxml/schemas/v2_1/common">Micigliano</Name>
          <Name xml:lang="en" xmlns="http://www.sdmx.org/resources/sdmxml/schemas/v2_1/common">Micigliano</Name>
          <Parent>
            <Ref id="ITE42" xmlns="" />
          </Parent>
        </Code>
        <Code id="057038" urn="urn:sdmx:org.sdmx.infomodel.codelist.Code=IT1:CL_REFAREA(1.2).057038">
          <Name xml:lang="it" xmlns="http://www.sdmx.org/resources/sdmxml/schemas/v2_1/common">Mompeo</Name>
          <Name xml:lang="en" xmlns="http://www.sdmx.org/resources/sdmxml/schemas/v2_1/common">Mompeo</Name>
          <Parent>
            <Ref id="ITE42" xmlns="" />
          </Parent>
        </Code>
        <Code id="057039" urn="urn:sdmx:org.sdmx.infomodel.codelist.Code=IT1:CL_REFAREA(1.2).057039">
          <Name xml:lang="it" xmlns="http://www.sdmx.org/resources/sdmxml/schemas/v2_1/common">Montasola</Name>
          <Name xml:lang="en" xmlns="http://www.sdmx.org/resources/sdmxml/schemas/v2_1/common">Montasola</Name>
          <Parent>
            <Ref id="ITE42" xmlns="" />
          </Parent>
        </Code>
        <Code id="057040" urn="urn:sdmx:org.sdmx.infomodel.codelist.Code=IT1:CL_REFAREA(1.2).057040">
          <Name xml:lang="it" xmlns="http://www.sdmx.org/resources/sdmxml/schemas/v2_1/common">Montebuono</Name>
          <Name xml:lang="en" xmlns="http://www.sdmx.org/resources/sdmxml/schemas/v2_1/common">Montebuono</Name>
          <Parent>
            <Ref id="ITE42" xmlns="" />
          </Parent>
        </Code>
        <Code id="057041" urn="urn:sdmx:org.sdmx.infomodel.codelist.Code=IT1:CL_REFAREA(1.2).057041">
          <Name xml:lang="it" xmlns="http://www.sdmx.org/resources/sdmxml/schemas/v2_1/common">Monteleone Sabino</Name>
          <Name xml:lang="en" xmlns="http://www.sdmx.org/resources/sdmxml/schemas/v2_1/common">Monteleone Sabino</Name>
          <Parent>
            <Ref id="ITE42" xmlns="" />
          </Parent>
        </Code>
        <Code id="057042" urn="urn:sdmx:org.sdmx.infomodel.codelist.Code=IT1:CL_REFAREA(1.2).057042">
          <Name xml:lang="it" xmlns="http://www.sdmx.org/resources/sdmxml/schemas/v2_1/common">Montenero Sabino</Name>
          <Name xml:lang="en" xmlns="http://www.sdmx.org/resources/sdmxml/schemas/v2_1/common">Montenero Sabino</Name>
          <Parent>
            <Ref id="ITE42" xmlns="" />
          </Parent>
        </Code>
        <Code id="057043" urn="urn:sdmx:org.sdmx.infomodel.codelist.Code=IT1:CL_REFAREA(1.2).057043">
          <Name xml:lang="it" xmlns="http://www.sdmx.org/resources/sdmxml/schemas/v2_1/common">Monte San Giovanni in Sabina</Name>
          <Name xml:lang="en" xmlns="http://www.sdmx.org/resources/sdmxml/schemas/v2_1/common">Monte San Giovanni in Sabina</Name>
          <Parent>
            <Ref id="ITE42" xmlns="" />
          </Parent>
        </Code>
        <Code id="057044" urn="urn:sdmx:org.sdmx.infomodel.codelist.Code=IT1:CL_REFAREA(1.2).057044">
          <Name xml:lang="it" xmlns="http://www.sdmx.org/resources/sdmxml/schemas/v2_1/common">Montopoli di Sabina</Name>
          <Name xml:lang="en" xmlns="http://www.sdmx.org/resources/sdmxml/schemas/v2_1/common">Montopoli di Sabina</Name>
          <Parent>
            <Ref id="ITE42" xmlns="" />
          </Parent>
        </Code>
        <Code id="057045" urn="urn:sdmx:org.sdmx.infomodel.codelist.Code=IT1:CL_REFAREA(1.2).057045">
          <Name xml:lang="it" xmlns="http://www.sdmx.org/resources/sdmxml/schemas/v2_1/common">Morro Reatino</Name>
          <Name xml:lang="en" xmlns="http://www.sdmx.org/resources/sdmxml/schemas/v2_1/common">Morro Reatino</Name>
          <Parent>
            <Ref id="ITE42" xmlns="" />
          </Parent>
        </Code>
        <Code id="057046" urn="urn:sdmx:org.sdmx.infomodel.codelist.Code=IT1:CL_REFAREA(1.2).057046">
          <Name xml:lang="it" xmlns="http://www.sdmx.org/resources/sdmxml/schemas/v2_1/common">Nespolo</Name>
          <Name xml:lang="en" xmlns="http://www.sdmx.org/resources/sdmxml/schemas/v2_1/common">Nespolo</Name>
          <Parent>
            <Ref id="ITE42" xmlns="" />
          </Parent>
        </Code>
        <Code id="057047" urn="urn:sdmx:org.sdmx.infomodel.codelist.Code=IT1:CL_REFAREA(1.2).057047">
          <Name xml:lang="it" xmlns="http://www.sdmx.org/resources/sdmxml/schemas/v2_1/common">Orvinio</Name>
          <Name xml:lang="en" xmlns="http://www.sdmx.org/resources/sdmxml/schemas/v2_1/common">Orvinio</Name>
          <Parent>
            <Ref id="ITE42" xmlns="" />
          </Parent>
        </Code>
        <Code id="057048" urn="urn:sdmx:org.sdmx.infomodel.codelist.Code=IT1:CL_REFAREA(1.2).057048">
          <Name xml:lang="it" xmlns="http://www.sdmx.org/resources/sdmxml/schemas/v2_1/common">Paganico Sabino</Name>
          <Name xml:lang="en" xmlns="http://www.sdmx.org/resources/sdmxml/schemas/v2_1/common">Paganico Sabino</Name>
          <Parent>
            <Ref id="ITE42" xmlns="" />
          </Parent>
        </Code>
        <Code id="057049" urn="urn:sdmx:org.sdmx.infomodel.codelist.Code=IT1:CL_REFAREA(1.2).057049">
          <Name xml:lang="it" xmlns="http://www.sdmx.org/resources/sdmxml/schemas/v2_1/common">Pescorocchiano</Name>
          <Name xml:lang="en" xmlns="http://www.sdmx.org/resources/sdmxml/schemas/v2_1/common">Pescorocchiano</Name>
          <Parent>
            <Ref id="ITE42" xmlns="" />
          </Parent>
        </Code>
        <Code id="057050" urn="urn:sdmx:org.sdmx.infomodel.codelist.Code=IT1:CL_REFAREA(1.2).057050">
          <Name xml:lang="it" xmlns="http://www.sdmx.org/resources/sdmxml/schemas/v2_1/common">Petrella Salto</Name>
          <Name xml:lang="en" xmlns="http://www.sdmx.org/resources/sdmxml/schemas/v2_1/common">Petrella Salto</Name>
          <Parent>
            <Ref id="ITE42" xmlns="" />
          </Parent>
        </Code>
        <Code id="057051" urn="urn:sdmx:org.sdmx.infomodel.codelist.Code=IT1:CL_REFAREA(1.2).057051">
          <Name xml:lang="it" xmlns="http://www.sdmx.org/resources/sdmxml/schemas/v2_1/common">Poggio Bustone</Name>
          <Name xml:lang="en" xmlns="http://www.sdmx.org/resources/sdmxml/schemas/v2_1/common">Poggio Bustone</Name>
          <Parent>
            <Ref id="ITE42" xmlns="" />
          </Parent>
        </Code>
        <Code id="057052" urn="urn:sdmx:org.sdmx.infomodel.codelist.Code=IT1:CL_REFAREA(1.2).057052">
          <Name xml:lang="it" xmlns="http://www.sdmx.org/resources/sdmxml/schemas/v2_1/common">Poggio Catino</Name>
          <Name xml:lang="en" xmlns="http://www.sdmx.org/resources/sdmxml/schemas/v2_1/common">Poggio Catino</Name>
          <Parent>
            <Ref id="ITE42" xmlns="" />
          </Parent>
        </Code>
        <Code id="057053" urn="urn:sdmx:org.sdmx.infomodel.codelist.Code=IT1:CL_REFAREA(1.2).057053">
          <Name xml:lang="it" xmlns="http://www.sdmx.org/resources/sdmxml/schemas/v2_1/common">Poggio Mirteto</Name>
          <Name xml:lang="en" xmlns="http://www.sdmx.org/resources/sdmxml/schemas/v2_1/common">Poggio Mirteto</Name>
          <Parent>
            <Ref id="ITE42" xmlns="" />
          </Parent>
        </Code>
        <Code id="057054" urn="urn:sdmx:org.sdmx.infomodel.codelist.Code=IT1:CL_REFAREA(1.2).057054">
          <Name xml:lang="it" xmlns="http://www.sdmx.org/resources/sdmxml/schemas/v2_1/common">Poggio Moiano</Name>
          <Name xml:lang="en" xmlns="http://www.sdmx.org/resources/sdmxml/schemas/v2_1/common">Poggio Moiano</Name>
          <Parent>
            <Ref id="ITE42" xmlns="" />
          </Parent>
        </Code>
        <Code id="057055" urn="urn:sdmx:org.sdmx.infomodel.codelist.Code=IT1:CL_REFAREA(1.2).057055">
          <Name xml:lang="it" xmlns="http://www.sdmx.org/resources/sdmxml/schemas/v2_1/common">Poggio Nativo</Name>
          <Name xml:lang="en" xmlns="http://www.sdmx.org/resources/sdmxml/schemas/v2_1/common">Poggio Nativo</Name>
          <Parent>
            <Ref id="ITE42" xmlns="" />
          </Parent>
        </Code>
        <Code id="057056" urn="urn:sdmx:org.sdmx.infomodel.codelist.Code=IT1:CL_REFAREA(1.2).057056">
          <Name xml:lang="it" xmlns="http://www.sdmx.org/resources/sdmxml/schemas/v2_1/common">Poggio San Lorenzo</Name>
          <Name xml:lang="en" xmlns="http://www.sdmx.org/resources/sdmxml/schemas/v2_1/common">Poggio San Lorenzo</Name>
          <Parent>
            <Ref id="ITE42" xmlns="" />
          </Parent>
        </Code>
        <Code id="057057" urn="urn:sdmx:org.sdmx.infomodel.codelist.Code=IT1:CL_REFAREA(1.2).057057">
          <Name xml:lang="it" xmlns="http://www.sdmx.org/resources/sdmxml/schemas/v2_1/common">Posta</Name>
          <Name xml:lang="en" xmlns="http://www.sdmx.org/resources/sdmxml/schemas/v2_1/common">Posta</Name>
          <Parent>
            <Ref id="ITE42" xmlns="" />
          </Parent>
        </Code>
        <Code id="057058" urn="urn:sdmx:org.sdmx.infomodel.codelist.Code=IT1:CL_REFAREA(1.2).057058">
          <Name xml:lang="it" xmlns="http://www.sdmx.org/resources/sdmxml/schemas/v2_1/common">Pozzaglia Sabina</Name>
          <Name xml:lang="en" xmlns="http://www.sdmx.org/resources/sdmxml/schemas/v2_1/common">Pozzaglia Sabina</Name>
          <Parent>
            <Ref id="ITE42" xmlns="" />
          </Parent>
        </Code>
        <Code id="057059" urn="urn:sdmx:org.sdmx.infomodel.codelist.Code=IT1:CL_REFAREA(1.2).057059">
          <Name xml:lang="it" xmlns="http://www.sdmx.org/resources/sdmxml/schemas/v2_1/common">Rieti</Name>
          <Name xml:lang="en" xmlns="http://www.sdmx.org/resources/sdmxml/schemas/v2_1/common">Rieti</Name>
          <Parent>
            <Ref id="ITE42" xmlns="" />
          </Parent>
        </Code>
        <Code id="057060" urn="urn:sdmx:org.sdmx.infomodel.codelist.Code=IT1:CL_REFAREA(1.2).057060">
          <Name xml:lang="it" xmlns="http://www.sdmx.org/resources/sdmxml/schemas/v2_1/common">Rivodutri</Name>
          <Name xml:lang="en" xmlns="http://www.sdmx.org/resources/sdmxml/schemas/v2_1/common">Rivodutri</Name>
          <Parent>
            <Ref id="ITE42" xmlns="" />
          </Parent>
        </Code>
        <Code id="057061" urn="urn:sdmx:org.sdmx.infomodel.codelist.Code=IT1:CL_REFAREA(1.2).057061">
          <Name xml:lang="it" xmlns="http://www.sdmx.org/resources/sdmxml/schemas/v2_1/common">Roccantica</Name>
          <Name xml:lang="en" xmlns="http://www.sdmx.org/resources/sdmxml/schemas/v2_1/common">Roccantica</Name>
          <Parent>
            <Ref id="ITE42" xmlns="" />
          </Parent>
        </Code>
        <Code id="057062" urn="urn:sdmx:org.sdmx.infomodel.codelist.Code=IT1:CL_REFAREA(1.2).057062">
          <Name xml:lang="it" xmlns="http://www.sdmx.org/resources/sdmxml/schemas/v2_1/common">Rocca Sinibalda</Name>
          <Name xml:lang="en" xmlns="http://www.sdmx.org/resources/sdmxml/schemas/v2_1/common">Rocca Sinibalda</Name>
          <Parent>
            <Ref id="ITE42" xmlns="" />
          </Parent>
        </Code>
        <Code id="057063" urn="urn:sdmx:org.sdmx.infomodel.codelist.Code=IT1:CL_REFAREA(1.2).057063">
          <Name xml:lang="it" xmlns="http://www.sdmx.org/resources/sdmxml/schemas/v2_1/common">Salisano</Name>
          <Name xml:lang="en" xmlns="http://www.sdmx.org/resources/sdmxml/schemas/v2_1/common">Salisano</Name>
          <Parent>
            <Ref id="ITE42" xmlns="" />
          </Parent>
        </Code>
        <Code id="057064" urn="urn:sdmx:org.sdmx.infomodel.codelist.Code=IT1:CL_REFAREA(1.2).057064">
          <Name xml:lang="it" xmlns="http://www.sdmx.org/resources/sdmxml/schemas/v2_1/common">Scandriglia</Name>
          <Name xml:lang="en" xmlns="http://www.sdmx.org/resources/sdmxml/schemas/v2_1/common">Scandriglia</Name>
          <Parent>
            <Ref id="ITE42" xmlns="" />
          </Parent>
        </Code>
        <Code id="057065" urn="urn:sdmx:org.sdmx.infomodel.codelist.Code=IT1:CL_REFAREA(1.2).057065">
          <Name xml:lang="it" xmlns="http://www.sdmx.org/resources/sdmxml/schemas/v2_1/common">Selci</Name>
          <Name xml:lang="en" xmlns="http://www.sdmx.org/resources/sdmxml/schemas/v2_1/common">Selci</Name>
          <Parent>
            <Ref id="ITE42" xmlns="" />
          </Parent>
        </Code>
        <Code id="057066" urn="urn:sdmx:org.sdmx.infomodel.codelist.Code=IT1:CL_REFAREA(1.2).057066">
          <Name xml:lang="it" xmlns="http://www.sdmx.org/resources/sdmxml/schemas/v2_1/common">Stimigliano</Name>
          <Name xml:lang="en" xmlns="http://www.sdmx.org/resources/sdmxml/schemas/v2_1/common">Stimigliano</Name>
          <Parent>
            <Ref id="ITE42" xmlns="" />
          </Parent>
        </Code>
        <Code id="057067" urn="urn:sdmx:org.sdmx.infomodel.codelist.Code=IT1:CL_REFAREA(1.2).057067">
          <Name xml:lang="it" xmlns="http://www.sdmx.org/resources/sdmxml/schemas/v2_1/common">Tarano</Name>
          <Name xml:lang="en" xmlns="http://www.sdmx.org/resources/sdmxml/schemas/v2_1/common">Tarano</Name>
          <Parent>
            <Ref id="ITE42" xmlns="" />
          </Parent>
        </Code>
        <Code id="057068" urn="urn:sdmx:org.sdmx.infomodel.codelist.Code=IT1:CL_REFAREA(1.2).057068">
          <Name xml:lang="it" xmlns="http://www.sdmx.org/resources/sdmxml/schemas/v2_1/common">Toffia</Name>
          <Name xml:lang="en" xmlns="http://www.sdmx.org/resources/sdmxml/schemas/v2_1/common">Toffia</Name>
          <Parent>
            <Ref id="ITE42" xmlns="" />
          </Parent>
        </Code>
        <Code id="057069" urn="urn:sdmx:org.sdmx.infomodel.codelist.Code=IT1:CL_REFAREA(1.2).057069">
          <Name xml:lang="it" xmlns="http://www.sdmx.org/resources/sdmxml/schemas/v2_1/common">Torricella in Sabina</Name>
          <Name xml:lang="en" xmlns="http://www.sdmx.org/resources/sdmxml/schemas/v2_1/common">Torricella in Sabina</Name>
          <Parent>
            <Ref id="ITE42" xmlns="" />
          </Parent>
        </Code>
        <Code id="057070" urn="urn:sdmx:org.sdmx.infomodel.codelist.Code=IT1:CL_REFAREA(1.2).057070">
          <Name xml:lang="it" xmlns="http://www.sdmx.org/resources/sdmxml/schemas/v2_1/common">Torri in Sabina</Name>
          <Name xml:lang="en" xmlns="http://www.sdmx.org/resources/sdmxml/schemas/v2_1/common">Torri in Sabina</Name>
          <Parent>
            <Ref id="ITE42" xmlns="" />
          </Parent>
        </Code>
        <Code id="057071" urn="urn:sdmx:org.sdmx.infomodel.codelist.Code=IT1:CL_REFAREA(1.2).057071">
          <Name xml:lang="it" xmlns="http://www.sdmx.org/resources/sdmxml/schemas/v2_1/common">Turania</Name>
          <Name xml:lang="en" xmlns="http://www.sdmx.org/resources/sdmxml/schemas/v2_1/common">Turania</Name>
          <Parent>
            <Ref id="ITE42" xmlns="" />
          </Parent>
        </Code>
        <Code id="057072" urn="urn:sdmx:org.sdmx.infomodel.codelist.Code=IT1:CL_REFAREA(1.2).057072">
          <Name xml:lang="it" xmlns="http://www.sdmx.org/resources/sdmxml/schemas/v2_1/common">Vacone</Name>
          <Name xml:lang="en" xmlns="http://www.sdmx.org/resources/sdmxml/schemas/v2_1/common">Vacone</Name>
          <Parent>
            <Ref id="ITE42" xmlns="" />
          </Parent>
        </Code>
        <Code id="057073" urn="urn:sdmx:org.sdmx.infomodel.codelist.Code=IT1:CL_REFAREA(1.2).057073">
          <Name xml:lang="it" xmlns="http://www.sdmx.org/resources/sdmxml/schemas/v2_1/common">Varco Sabino</Name>
          <Name xml:lang="en" xmlns="http://www.sdmx.org/resources/sdmxml/schemas/v2_1/common">Varco Sabino</Name>
          <Parent>
            <Ref id="ITE42" xmlns="" />
          </Parent>
        </Code>
        <Code id="058001" urn="urn:sdmx:org.sdmx.infomodel.codelist.Code=IT1:CL_REFAREA(1.2).058001">
          <Name xml:lang="it" xmlns="http://www.sdmx.org/resources/sdmxml/schemas/v2_1/common">Affile</Name>
          <Name xml:lang="en" xmlns="http://www.sdmx.org/resources/sdmxml/schemas/v2_1/common">Affile</Name>
          <Parent>
            <Ref id="ITE43" xmlns="" />
          </Parent>
        </Code>
        <Code id="058002" urn="urn:sdmx:org.sdmx.infomodel.codelist.Code=IT1:CL_REFAREA(1.2).058002">
          <Name xml:lang="it" xmlns="http://www.sdmx.org/resources/sdmxml/schemas/v2_1/common">Agosta</Name>
          <Name xml:lang="en" xmlns="http://www.sdmx.org/resources/sdmxml/schemas/v2_1/common">Agosta</Name>
          <Parent>
            <Ref id="ITE43" xmlns="" />
          </Parent>
        </Code>
        <Code id="058003" urn="urn:sdmx:org.sdmx.infomodel.codelist.Code=IT1:CL_REFAREA(1.2).058003">
          <Name xml:lang="it" xmlns="http://www.sdmx.org/resources/sdmxml/schemas/v2_1/common">Albano Laziale</Name>
          <Name xml:lang="en" xmlns="http://www.sdmx.org/resources/sdmxml/schemas/v2_1/common">Albano Laziale</Name>
          <Parent>
            <Ref id="ITE43" xmlns="" />
          </Parent>
        </Code>
        <Code id="058004" urn="urn:sdmx:org.sdmx.infomodel.codelist.Code=IT1:CL_REFAREA(1.2).058004">
          <Name xml:lang="it" xmlns="http://www.sdmx.org/resources/sdmxml/schemas/v2_1/common">Allumiere</Name>
          <Name xml:lang="en" xmlns="http://www.sdmx.org/resources/sdmxml/schemas/v2_1/common">Allumiere</Name>
          <Parent>
            <Ref id="ITE43" xmlns="" />
          </Parent>
        </Code>
        <Code id="058005" urn="urn:sdmx:org.sdmx.infomodel.codelist.Code=IT1:CL_REFAREA(1.2).058005">
          <Name xml:lang="it" xmlns="http://www.sdmx.org/resources/sdmxml/schemas/v2_1/common">Anguillara Sabazia</Name>
          <Name xml:lang="en" xmlns="http://www.sdmx.org/resources/sdmxml/schemas/v2_1/common">Anguillara Sabazia</Name>
          <Parent>
            <Ref id="ITE43" xmlns="" />
          </Parent>
        </Code>
        <Code id="058006" urn="urn:sdmx:org.sdmx.infomodel.codelist.Code=IT1:CL_REFAREA(1.2).058006">
          <Name xml:lang="it" xmlns="http://www.sdmx.org/resources/sdmxml/schemas/v2_1/common">Anticoli Corrado</Name>
          <Name xml:lang="en" xmlns="http://www.sdmx.org/resources/sdmxml/schemas/v2_1/common">Anticoli Corrado</Name>
          <Parent>
            <Ref id="ITE43" xmlns="" />
          </Parent>
        </Code>
        <Code id="058007" urn="urn:sdmx:org.sdmx.infomodel.codelist.Code=IT1:CL_REFAREA(1.2).058007">
          <Name xml:lang="it" xmlns="http://www.sdmx.org/resources/sdmxml/schemas/v2_1/common">Anzio</Name>
          <Name xml:lang="en" xmlns="http://www.sdmx.org/resources/sdmxml/schemas/v2_1/common">Anzio</Name>
          <Parent>
            <Ref id="ITE43" xmlns="" />
          </Parent>
        </Code>
        <Code id="058008" urn="urn:sdmx:org.sdmx.infomodel.codelist.Code=IT1:CL_REFAREA(1.2).058008">
          <Name xml:lang="it" xmlns="http://www.sdmx.org/resources/sdmxml/schemas/v2_1/common">Arcinazzo Romano</Name>
          <Name xml:lang="en" xmlns="http://www.sdmx.org/resources/sdmxml/schemas/v2_1/common">Arcinazzo Romano</Name>
          <Parent>
            <Ref id="ITE43" xmlns="" />
          </Parent>
        </Code>
        <Code id="058009" urn="urn:sdmx:org.sdmx.infomodel.codelist.Code=IT1:CL_REFAREA(1.2).058009">
          <Name xml:lang="it" xmlns="http://www.sdmx.org/resources/sdmxml/schemas/v2_1/common">Ariccia</Name>
          <Name xml:lang="en" xmlns="http://www.sdmx.org/resources/sdmxml/schemas/v2_1/common">Ariccia</Name>
          <Parent>
            <Ref id="ITE43" xmlns="" />
          </Parent>
        </Code>
        <Code id="058010" urn="urn:sdmx:org.sdmx.infomodel.codelist.Code=IT1:CL_REFAREA(1.2).058010">
          <Name xml:lang="it" xmlns="http://www.sdmx.org/resources/sdmxml/schemas/v2_1/common">Arsoli</Name>
          <Name xml:lang="en" xmlns="http://www.sdmx.org/resources/sdmxml/schemas/v2_1/common">Arsoli</Name>
          <Parent>
            <Ref id="ITE43" xmlns="" />
          </Parent>
        </Code>
        <Code id="058011" urn="urn:sdmx:org.sdmx.infomodel.codelist.Code=IT1:CL_REFAREA(1.2).058011">
          <Name xml:lang="it" xmlns="http://www.sdmx.org/resources/sdmxml/schemas/v2_1/common">Artena</Name>
          <Name xml:lang="en" xmlns="http://www.sdmx.org/resources/sdmxml/schemas/v2_1/common">Artena</Name>
          <Parent>
            <Ref id="ITE43" xmlns="" />
          </Parent>
        </Code>
        <Code id="058012" urn="urn:sdmx:org.sdmx.infomodel.codelist.Code=IT1:CL_REFAREA(1.2).058012">
          <Name xml:lang="it" xmlns="http://www.sdmx.org/resources/sdmxml/schemas/v2_1/common">Bellegra</Name>
          <Name xml:lang="en" xmlns="http://www.sdmx.org/resources/sdmxml/schemas/v2_1/common">Bellegra</Name>
          <Parent>
            <Ref id="ITE43" xmlns="" />
          </Parent>
        </Code>
        <Code id="058013" urn="urn:sdmx:org.sdmx.infomodel.codelist.Code=IT1:CL_REFAREA(1.2).058013">
          <Name xml:lang="it" xmlns="http://www.sdmx.org/resources/sdmxml/schemas/v2_1/common">Bracciano</Name>
          <Name xml:lang="en" xmlns="http://www.sdmx.org/resources/sdmxml/schemas/v2_1/common">Bracciano</Name>
          <Parent>
            <Ref id="ITE43" xmlns="" />
          </Parent>
        </Code>
        <Code id="058014" urn="urn:sdmx:org.sdmx.infomodel.codelist.Code=IT1:CL_REFAREA(1.2).058014">
          <Name xml:lang="it" xmlns="http://www.sdmx.org/resources/sdmxml/schemas/v2_1/common">Camerata Nuova</Name>
          <Name xml:lang="en" xmlns="http://www.sdmx.org/resources/sdmxml/schemas/v2_1/common">Camerata Nuova</Name>
          <Parent>
            <Ref id="ITE43" xmlns="" />
          </Parent>
        </Code>
        <Code id="058015" urn="urn:sdmx:org.sdmx.infomodel.codelist.Code=IT1:CL_REFAREA(1.2).058015">
          <Name xml:lang="it" xmlns="http://www.sdmx.org/resources/sdmxml/schemas/v2_1/common">Campagnano di Roma</Name>
          <Name xml:lang="en" xmlns="http://www.sdmx.org/resources/sdmxml/schemas/v2_1/common">Campagnano di Roma</Name>
          <Parent>
            <Ref id="ITE43" xmlns="" />
          </Parent>
        </Code>
        <Code id="058016" urn="urn:sdmx:org.sdmx.infomodel.codelist.Code=IT1:CL_REFAREA(1.2).058016">
          <Name xml:lang="it" xmlns="http://www.sdmx.org/resources/sdmxml/schemas/v2_1/common">Canale Monterano</Name>
          <Name xml:lang="en" xmlns="http://www.sdmx.org/resources/sdmxml/schemas/v2_1/common">Canale Monterano</Name>
          <Parent>
            <Ref id="ITE43" xmlns="" />
          </Parent>
        </Code>
        <Code id="058017" urn="urn:sdmx:org.sdmx.infomodel.codelist.Code=IT1:CL_REFAREA(1.2).058017">
          <Name xml:lang="it" xmlns="http://www.sdmx.org/resources/sdmxml/schemas/v2_1/common">Canterano</Name>
          <Name xml:lang="en" xmlns="http://www.sdmx.org/resources/sdmxml/schemas/v2_1/common">Canterano</Name>
          <Parent>
            <Ref id="ITE43" xmlns="" />
          </Parent>
        </Code>
        <Code id="058018" urn="urn:sdmx:org.sdmx.infomodel.codelist.Code=IT1:CL_REFAREA(1.2).058018">
          <Name xml:lang="it" xmlns="http://www.sdmx.org/resources/sdmxml/schemas/v2_1/common">Capena</Name>
          <Name xml:lang="en" xmlns="http://www.sdmx.org/resources/sdmxml/schemas/v2_1/common">Capena</Name>
          <Parent>
            <Ref id="ITE43" xmlns="" />
          </Parent>
        </Code>
        <Code id="058019" urn="urn:sdmx:org.sdmx.infomodel.codelist.Code=IT1:CL_REFAREA(1.2).058019">
          <Name xml:lang="it" xmlns="http://www.sdmx.org/resources/sdmxml/schemas/v2_1/common">Capranica Prenestina</Name>
          <Name xml:lang="en" xmlns="http://www.sdmx.org/resources/sdmxml/schemas/v2_1/common">Capranica Prenestina</Name>
          <Parent>
            <Ref id="ITE43" xmlns="" />
          </Parent>
        </Code>
        <Code id="058020" urn="urn:sdmx:org.sdmx.infomodel.codelist.Code=IT1:CL_REFAREA(1.2).058020">
          <Name xml:lang="it" xmlns="http://www.sdmx.org/resources/sdmxml/schemas/v2_1/common">Carpineto Romano</Name>
          <Name xml:lang="en" xmlns="http://www.sdmx.org/resources/sdmxml/schemas/v2_1/common">Carpineto Romano</Name>
          <Parent>
            <Ref id="ITE43" xmlns="" />
          </Parent>
        </Code>
        <Code id="058021" urn="urn:sdmx:org.sdmx.infomodel.codelist.Code=IT1:CL_REFAREA(1.2).058021">
          <Name xml:lang="it" xmlns="http://www.sdmx.org/resources/sdmxml/schemas/v2_1/common">Casape</Name>
          <Name xml:lang="en" xmlns="http://www.sdmx.org/resources/sdmxml/schemas/v2_1/common">Casape</Name>
          <Parent>
            <Ref id="ITE43" xmlns="" />
          </Parent>
        </Code>
        <Code id="058022" urn="urn:sdmx:org.sdmx.infomodel.codelist.Code=IT1:CL_REFAREA(1.2).058022">
          <Name xml:lang="it" xmlns="http://www.sdmx.org/resources/sdmxml/schemas/v2_1/common">Castel Gandolfo</Name>
          <Name xml:lang="en" xmlns="http://www.sdmx.org/resources/sdmxml/schemas/v2_1/common">Castel Gandolfo</Name>
          <Parent>
            <Ref id="ITE43" xmlns="" />
          </Parent>
        </Code>
        <Code id="058023" urn="urn:sdmx:org.sdmx.infomodel.codelist.Code=IT1:CL_REFAREA(1.2).058023">
          <Name xml:lang="it" xmlns="http://www.sdmx.org/resources/sdmxml/schemas/v2_1/common">Castel Madama</Name>
          <Name xml:lang="en" xmlns="http://www.sdmx.org/resources/sdmxml/schemas/v2_1/common">Castel Madama</Name>
          <Parent>
            <Ref id="ITE43" xmlns="" />
          </Parent>
        </Code>
        <Code id="058024" urn="urn:sdmx:org.sdmx.infomodel.codelist.Code=IT1:CL_REFAREA(1.2).058024">
          <Name xml:lang="it" xmlns="http://www.sdmx.org/resources/sdmxml/schemas/v2_1/common">Castelnuovo di Porto</Name>
          <Name xml:lang="en" xmlns="http://www.sdmx.org/resources/sdmxml/schemas/v2_1/common">Castelnuovo di Porto</Name>
          <Parent>
            <Ref id="ITE43" xmlns="" />
          </Parent>
        </Code>
        <Code id="058025" urn="urn:sdmx:org.sdmx.infomodel.codelist.Code=IT1:CL_REFAREA(1.2).058025">
          <Name xml:lang="it" xmlns="http://www.sdmx.org/resources/sdmxml/schemas/v2_1/common">Castel San Pietro Romano</Name>
          <Name xml:lang="en" xmlns="http://www.sdmx.org/resources/sdmxml/schemas/v2_1/common">Castel San Pietro Romano</Name>
          <Parent>
            <Ref id="ITE43" xmlns="" />
          </Parent>
        </Code>
        <Code id="058026" urn="urn:sdmx:org.sdmx.infomodel.codelist.Code=IT1:CL_REFAREA(1.2).058026">
          <Name xml:lang="it" xmlns="http://www.sdmx.org/resources/sdmxml/schemas/v2_1/common">Cave</Name>
          <Name xml:lang="en" xmlns="http://www.sdmx.org/resources/sdmxml/schemas/v2_1/common">Cave</Name>
          <Parent>
            <Ref id="ITE43" xmlns="" />
          </Parent>
        </Code>
        <Code id="058027" urn="urn:sdmx:org.sdmx.infomodel.codelist.Code=IT1:CL_REFAREA(1.2).058027">
          <Name xml:lang="it" xmlns="http://www.sdmx.org/resources/sdmxml/schemas/v2_1/common">Cerreto Laziale</Name>
          <Name xml:lang="en" xmlns="http://www.sdmx.org/resources/sdmxml/schemas/v2_1/common">Cerreto Laziale</Name>
          <Parent>
            <Ref id="ITE43" xmlns="" />
          </Parent>
        </Code>
        <Code id="058028" urn="urn:sdmx:org.sdmx.infomodel.codelist.Code=IT1:CL_REFAREA(1.2).058028">
          <Name xml:lang="it" xmlns="http://www.sdmx.org/resources/sdmxml/schemas/v2_1/common">Cervara di Roma</Name>
          <Name xml:lang="en" xmlns="http://www.sdmx.org/resources/sdmxml/schemas/v2_1/common">Cervara di Roma</Name>
          <Parent>
            <Ref id="ITE43" xmlns="" />
          </Parent>
        </Code>
        <Code id="058029" urn="urn:sdmx:org.sdmx.infomodel.codelist.Code=IT1:CL_REFAREA(1.2).058029">
          <Name xml:lang="it" xmlns="http://www.sdmx.org/resources/sdmxml/schemas/v2_1/common">Cerveteri</Name>
          <Name xml:lang="en" xmlns="http://www.sdmx.org/resources/sdmxml/schemas/v2_1/common">Cerveteri</Name>
          <Parent>
            <Ref id="ITE43" xmlns="" />
          </Parent>
        </Code>
        <Code id="058030" urn="urn:sdmx:org.sdmx.infomodel.codelist.Code=IT1:CL_REFAREA(1.2).058030">
          <Name xml:lang="it" xmlns="http://www.sdmx.org/resources/sdmxml/schemas/v2_1/common">Ciciliano</Name>
          <Name xml:lang="en" xmlns="http://www.sdmx.org/resources/sdmxml/schemas/v2_1/common">Ciciliano</Name>
          <Parent>
            <Ref id="ITE43" xmlns="" />
          </Parent>
        </Code>
        <Code id="058031" urn="urn:sdmx:org.sdmx.infomodel.codelist.Code=IT1:CL_REFAREA(1.2).058031">
          <Name xml:lang="it" xmlns="http://www.sdmx.org/resources/sdmxml/schemas/v2_1/common">Cineto Romano</Name>
          <Name xml:lang="en" xmlns="http://www.sdmx.org/resources/sdmxml/schemas/v2_1/common">Cineto Romano</Name>
          <Parent>
            <Ref id="ITE43" xmlns="" />
          </Parent>
        </Code>
        <Code id="058032" urn="urn:sdmx:org.sdmx.infomodel.codelist.Code=IT1:CL_REFAREA(1.2).058032">
          <Name xml:lang="it" xmlns="http://www.sdmx.org/resources/sdmxml/schemas/v2_1/common">Civitavecchia</Name>
          <Name xml:lang="en" xmlns="http://www.sdmx.org/resources/sdmxml/schemas/v2_1/common">Civitavecchia</Name>
          <Parent>
            <Ref id="ITE43" xmlns="" />
          </Parent>
        </Code>
        <Code id="058033" urn="urn:sdmx:org.sdmx.infomodel.codelist.Code=IT1:CL_REFAREA(1.2).058033">
          <Name xml:lang="it" xmlns="http://www.sdmx.org/resources/sdmxml/schemas/v2_1/common">Civitella San Paolo</Name>
          <Name xml:lang="en" xmlns="http://www.sdmx.org/resources/sdmxml/schemas/v2_1/common">Civitella San Paolo</Name>
          <Parent>
            <Ref id="ITE43" xmlns="" />
          </Parent>
        </Code>
        <Code id="058034" urn="urn:sdmx:org.sdmx.infomodel.codelist.Code=IT1:CL_REFAREA(1.2).058034">
          <Name xml:lang="it" xmlns="http://www.sdmx.org/resources/sdmxml/schemas/v2_1/common">Colleferro</Name>
          <Name xml:lang="en" xmlns="http://www.sdmx.org/resources/sdmxml/schemas/v2_1/common">Colleferro</Name>
          <Parent>
            <Ref id="ITE43" xmlns="" />
          </Parent>
        </Code>
        <Code id="058035" urn="urn:sdmx:org.sdmx.infomodel.codelist.Code=IT1:CL_REFAREA(1.2).058035">
          <Name xml:lang="it" xmlns="http://www.sdmx.org/resources/sdmxml/schemas/v2_1/common">Colonna</Name>
          <Name xml:lang="en" xmlns="http://www.sdmx.org/resources/sdmxml/schemas/v2_1/common">Colonna</Name>
          <Parent>
            <Ref id="ITE43" xmlns="" />
          </Parent>
        </Code>
        <Code id="058036" urn="urn:sdmx:org.sdmx.infomodel.codelist.Code=IT1:CL_REFAREA(1.2).058036">
          <Name xml:lang="it" xmlns="http://www.sdmx.org/resources/sdmxml/schemas/v2_1/common">Fiano Romano</Name>
          <Name xml:lang="en" xmlns="http://www.sdmx.org/resources/sdmxml/schemas/v2_1/common">Fiano Romano</Name>
          <Parent>
            <Ref id="ITE43" xmlns="" />
          </Parent>
        </Code>
        <Code id="058037" urn="urn:sdmx:org.sdmx.infomodel.codelist.Code=IT1:CL_REFAREA(1.2).058037">
          <Name xml:lang="it" xmlns="http://www.sdmx.org/resources/sdmxml/schemas/v2_1/common">Filacciano</Name>
          <Name xml:lang="en" xmlns="http://www.sdmx.org/resources/sdmxml/schemas/v2_1/common">Filacciano</Name>
          <Parent>
            <Ref id="ITE43" xmlns="" />
          </Parent>
        </Code>
        <Code id="058038" urn="urn:sdmx:org.sdmx.infomodel.codelist.Code=IT1:CL_REFAREA(1.2).058038">
          <Name xml:lang="it" xmlns="http://www.sdmx.org/resources/sdmxml/schemas/v2_1/common">Formello</Name>
          <Name xml:lang="en" xmlns="http://www.sdmx.org/resources/sdmxml/schemas/v2_1/common">Formello</Name>
          <Parent>
            <Ref id="ITE43" xmlns="" />
          </Parent>
        </Code>
        <Code id="058039" urn="urn:sdmx:org.sdmx.infomodel.codelist.Code=IT1:CL_REFAREA(1.2).058039">
          <Name xml:lang="it" xmlns="http://www.sdmx.org/resources/sdmxml/schemas/v2_1/common">Frascati</Name>
          <Name xml:lang="en" xmlns="http://www.sdmx.org/resources/sdmxml/schemas/v2_1/common">Frascati</Name>
          <Parent>
            <Ref id="ITE43" xmlns="" />
          </Parent>
        </Code>
        <Code id="058040" urn="urn:sdmx:org.sdmx.infomodel.codelist.Code=IT1:CL_REFAREA(1.2).058040">
          <Name xml:lang="it" xmlns="http://www.sdmx.org/resources/sdmxml/schemas/v2_1/common">Gallicano nel Lazio</Name>
          <Name xml:lang="en" xmlns="http://www.sdmx.org/resources/sdmxml/schemas/v2_1/common">Gallicano nel Lazio</Name>
          <Parent>
            <Ref id="ITE43" xmlns="" />
          </Parent>
        </Code>
        <Code id="058041" urn="urn:sdmx:org.sdmx.infomodel.codelist.Code=IT1:CL_REFAREA(1.2).058041">
          <Name xml:lang="it" xmlns="http://www.sdmx.org/resources/sdmxml/schemas/v2_1/common">Gavignano</Name>
          <Name xml:lang="en" xmlns="http://www.sdmx.org/resources/sdmxml/schemas/v2_1/common">Gavignano</Name>
          <Parent>
            <Ref id="ITE43" xmlns="" />
          </Parent>
        </Code>
        <Code id="058042" urn="urn:sdmx:org.sdmx.infomodel.codelist.Code=IT1:CL_REFAREA(1.2).058042">
          <Name xml:lang="it" xmlns="http://www.sdmx.org/resources/sdmxml/schemas/v2_1/common">Genazzano</Name>
          <Name xml:lang="en" xmlns="http://www.sdmx.org/resources/sdmxml/schemas/v2_1/common">Genazzano</Name>
          <Parent>
            <Ref id="ITE43" xmlns="" />
          </Parent>
        </Code>
        <Code id="058043" urn="urn:sdmx:org.sdmx.infomodel.codelist.Code=IT1:CL_REFAREA(1.2).058043">
          <Name xml:lang="it" xmlns="http://www.sdmx.org/resources/sdmxml/schemas/v2_1/common">Genzano di Roma</Name>
          <Name xml:lang="en" xmlns="http://www.sdmx.org/resources/sdmxml/schemas/v2_1/common">Genzano di Roma</Name>
          <Parent>
            <Ref id="ITE43" xmlns="" />
          </Parent>
        </Code>
        <Code id="058044" urn="urn:sdmx:org.sdmx.infomodel.codelist.Code=IT1:CL_REFAREA(1.2).058044">
          <Name xml:lang="it" xmlns="http://www.sdmx.org/resources/sdmxml/schemas/v2_1/common">Gerano</Name>
          <Name xml:lang="en" xmlns="http://www.sdmx.org/resources/sdmxml/schemas/v2_1/common">Gerano</Name>
          <Parent>
            <Ref id="ITE43" xmlns="" />
          </Parent>
        </Code>
        <Code id="058045" urn="urn:sdmx:org.sdmx.infomodel.codelist.Code=IT1:CL_REFAREA(1.2).058045">
          <Name xml:lang="it" xmlns="http://www.sdmx.org/resources/sdmxml/schemas/v2_1/common">Gorga</Name>
          <Name xml:lang="en" xmlns="http://www.sdmx.org/resources/sdmxml/schemas/v2_1/common">Gorga</Name>
          <Parent>
            <Ref id="ITE43" xmlns="" />
          </Parent>
        </Code>
        <Code id="058046" urn="urn:sdmx:org.sdmx.infomodel.codelist.Code=IT1:CL_REFAREA(1.2).058046">
          <Name xml:lang="it" xmlns="http://www.sdmx.org/resources/sdmxml/schemas/v2_1/common">Grottaferrata</Name>
          <Name xml:lang="en" xmlns="http://www.sdmx.org/resources/sdmxml/schemas/v2_1/common">Grottaferrata</Name>
          <Parent>
            <Ref id="ITE43" xmlns="" />
          </Parent>
        </Code>
        <Code id="058047" urn="urn:sdmx:org.sdmx.infomodel.codelist.Code=IT1:CL_REFAREA(1.2).058047">
          <Name xml:lang="it" xmlns="http://www.sdmx.org/resources/sdmxml/schemas/v2_1/common">Guidonia Montecelio</Name>
          <Name xml:lang="en" xmlns="http://www.sdmx.org/resources/sdmxml/schemas/v2_1/common">Guidonia Montecelio</Name>
          <Parent>
            <Ref id="ITE43" xmlns="" />
          </Parent>
        </Code>
        <Code id="058048" urn="urn:sdmx:org.sdmx.infomodel.codelist.Code=IT1:CL_REFAREA(1.2).058048">
          <Name xml:lang="it" xmlns="http://www.sdmx.org/resources/sdmxml/schemas/v2_1/common">Jenne</Name>
          <Name xml:lang="en" xmlns="http://www.sdmx.org/resources/sdmxml/schemas/v2_1/common">Jenne</Name>
          <Parent>
            <Ref id="ITE43" xmlns="" />
          </Parent>
        </Code>
        <Code id="058049" urn="urn:sdmx:org.sdmx.infomodel.codelist.Code=IT1:CL_REFAREA(1.2).058049">
          <Name xml:lang="it" xmlns="http://www.sdmx.org/resources/sdmxml/schemas/v2_1/common">Labico</Name>
          <Name xml:lang="en" xmlns="http://www.sdmx.org/resources/sdmxml/schemas/v2_1/common">Labico</Name>
          <Parent>
            <Ref id="ITE43" xmlns="" />
          </Parent>
        </Code>
        <Code id="058050" urn="urn:sdmx:org.sdmx.infomodel.codelist.Code=IT1:CL_REFAREA(1.2).058050">
          <Name xml:lang="it" xmlns="http://www.sdmx.org/resources/sdmxml/schemas/v2_1/common">Lanuvio</Name>
          <Name xml:lang="en" xmlns="http://www.sdmx.org/resources/sdmxml/schemas/v2_1/common">Lanuvio</Name>
          <Parent>
            <Ref id="ITE43" xmlns="" />
          </Parent>
        </Code>
        <Code id="058051" urn="urn:sdmx:org.sdmx.infomodel.codelist.Code=IT1:CL_REFAREA(1.2).058051">
          <Name xml:lang="it" xmlns="http://www.sdmx.org/resources/sdmxml/schemas/v2_1/common">Licenza</Name>
          <Name xml:lang="en" xmlns="http://www.sdmx.org/resources/sdmxml/schemas/v2_1/common">Licenza</Name>
          <Parent>
            <Ref id="ITE43" xmlns="" />
          </Parent>
        </Code>
        <Code id="058052" urn="urn:sdmx:org.sdmx.infomodel.codelist.Code=IT1:CL_REFAREA(1.2).058052">
          <Name xml:lang="it" xmlns="http://www.sdmx.org/resources/sdmxml/schemas/v2_1/common">Magliano Romano</Name>
          <Name xml:lang="en" xmlns="http://www.sdmx.org/resources/sdmxml/schemas/v2_1/common">Magliano Romano</Name>
          <Parent>
            <Ref id="ITE43" xmlns="" />
          </Parent>
        </Code>
        <Code id="058053" urn="urn:sdmx:org.sdmx.infomodel.codelist.Code=IT1:CL_REFAREA(1.2).058053">
          <Name xml:lang="it" xmlns="http://www.sdmx.org/resources/sdmxml/schemas/v2_1/common">Mandela</Name>
          <Name xml:lang="en" xmlns="http://www.sdmx.org/resources/sdmxml/schemas/v2_1/common">Mandela</Name>
          <Parent>
            <Ref id="ITE43" xmlns="" />
          </Parent>
        </Code>
        <Code id="058054" urn="urn:sdmx:org.sdmx.infomodel.codelist.Code=IT1:CL_REFAREA(1.2).058054">
          <Name xml:lang="it" xmlns="http://www.sdmx.org/resources/sdmxml/schemas/v2_1/common">Manziana</Name>
          <Name xml:lang="en" xmlns="http://www.sdmx.org/resources/sdmxml/schemas/v2_1/common">Manziana</Name>
          <Parent>
            <Ref id="ITE43" xmlns="" />
          </Parent>
        </Code>
        <Code id="058055" urn="urn:sdmx:org.sdmx.infomodel.codelist.Code=IT1:CL_REFAREA(1.2).058055">
          <Name xml:lang="it" xmlns="http://www.sdmx.org/resources/sdmxml/schemas/v2_1/common">Marano Equo</Name>
          <Name xml:lang="en" xmlns="http://www.sdmx.org/resources/sdmxml/schemas/v2_1/common">Marano Equo</Name>
          <Parent>
            <Ref id="ITE43" xmlns="" />
          </Parent>
        </Code>
        <Code id="058056" urn="urn:sdmx:org.sdmx.infomodel.codelist.Code=IT1:CL_REFAREA(1.2).058056">
          <Name xml:lang="it" xmlns="http://www.sdmx.org/resources/sdmxml/schemas/v2_1/common">Marcellina</Name>
          <Name xml:lang="en" xmlns="http://www.sdmx.org/resources/sdmxml/schemas/v2_1/common">Marcellina</Name>
          <Parent>
            <Ref id="ITE43" xmlns="" />
          </Parent>
        </Code>
        <Code id="058057" urn="urn:sdmx:org.sdmx.infomodel.codelist.Code=IT1:CL_REFAREA(1.2).058057">
          <Name xml:lang="it" xmlns="http://www.sdmx.org/resources/sdmxml/schemas/v2_1/common">Marino</Name>
          <Name xml:lang="en" xmlns="http://www.sdmx.org/resources/sdmxml/schemas/v2_1/common">Marino</Name>
          <Parent>
            <Ref id="ITE43" xmlns="" />
          </Parent>
        </Code>
        <Code id="058058" urn="urn:sdmx:org.sdmx.infomodel.codelist.Code=IT1:CL_REFAREA(1.2).058058">
          <Name xml:lang="it" xmlns="http://www.sdmx.org/resources/sdmxml/schemas/v2_1/common">Mazzano Romano</Name>
          <Name xml:lang="en" xmlns="http://www.sdmx.org/resources/sdmxml/schemas/v2_1/common">Mazzano Romano</Name>
          <Parent>
            <Ref id="ITE43" xmlns="" />
          </Parent>
        </Code>
        <Code id="058059" urn="urn:sdmx:org.sdmx.infomodel.codelist.Code=IT1:CL_REFAREA(1.2).058059">
          <Name xml:lang="it" xmlns="http://www.sdmx.org/resources/sdmxml/schemas/v2_1/common">Mentana</Name>
          <Name xml:lang="en" xmlns="http://www.sdmx.org/resources/sdmxml/schemas/v2_1/common">Mentana</Name>
          <Parent>
            <Ref id="ITE43" xmlns="" />
          </Parent>
        </Code>
        <Code id="058060" urn="urn:sdmx:org.sdmx.infomodel.codelist.Code=IT1:CL_REFAREA(1.2).058060">
          <Name xml:lang="it" xmlns="http://www.sdmx.org/resources/sdmxml/schemas/v2_1/common">Monte Compatri</Name>
          <Name xml:lang="en" xmlns="http://www.sdmx.org/resources/sdmxml/schemas/v2_1/common">Monte Compatri</Name>
          <Parent>
            <Ref id="ITE43" xmlns="" />
          </Parent>
        </Code>
        <Code id="058061" urn="urn:sdmx:org.sdmx.infomodel.codelist.Code=IT1:CL_REFAREA(1.2).058061">
          <Name xml:lang="it" xmlns="http://www.sdmx.org/resources/sdmxml/schemas/v2_1/common">Monteflavio</Name>
          <Name xml:lang="en" xmlns="http://www.sdmx.org/resources/sdmxml/schemas/v2_1/common">Monteflavio</Name>
          <Parent>
            <Ref id="ITE43" xmlns="" />
          </Parent>
        </Code>
        <Code id="058062" urn="urn:sdmx:org.sdmx.infomodel.codelist.Code=IT1:CL_REFAREA(1.2).058062">
          <Name xml:lang="it" xmlns="http://www.sdmx.org/resources/sdmxml/schemas/v2_1/common">Montelanico</Name>
          <Name xml:lang="en" xmlns="http://www.sdmx.org/resources/sdmxml/schemas/v2_1/common">Montelanico</Name>
          <Parent>
            <Ref id="ITE43" xmlns="" />
          </Parent>
        </Code>
        <Code id="058063" urn="urn:sdmx:org.sdmx.infomodel.codelist.Code=IT1:CL_REFAREA(1.2).058063">
          <Name xml:lang="it" xmlns="http://www.sdmx.org/resources/sdmxml/schemas/v2_1/common">Montelibretti</Name>
          <Name xml:lang="en" xmlns="http://www.sdmx.org/resources/sdmxml/schemas/v2_1/common">Montelibretti</Name>
          <Parent>
            <Ref id="ITE43" xmlns="" />
          </Parent>
        </Code>
        <Code id="058064" urn="urn:sdmx:org.sdmx.infomodel.codelist.Code=IT1:CL_REFAREA(1.2).058064">
          <Name xml:lang="it" xmlns="http://www.sdmx.org/resources/sdmxml/schemas/v2_1/common">Monte Porzio Catone</Name>
          <Name xml:lang="en" xmlns="http://www.sdmx.org/resources/sdmxml/schemas/v2_1/common">Monte Porzio Catone</Name>
          <Parent>
            <Ref id="ITE43" xmlns="" />
          </Parent>
        </Code>
        <Code id="058065" urn="urn:sdmx:org.sdmx.infomodel.codelist.Code=IT1:CL_REFAREA(1.2).058065">
          <Name xml:lang="it" xmlns="http://www.sdmx.org/resources/sdmxml/schemas/v2_1/common">Monterotondo</Name>
          <Name xml:lang="en" xmlns="http://www.sdmx.org/resources/sdmxml/schemas/v2_1/common">Monterotondo</Name>
          <Parent>
            <Ref id="ITE43" xmlns="" />
          </Parent>
        </Code>
        <Code id="058066" urn="urn:sdmx:org.sdmx.infomodel.codelist.Code=IT1:CL_REFAREA(1.2).058066">
          <Name xml:lang="it" xmlns="http://www.sdmx.org/resources/sdmxml/schemas/v2_1/common">Montorio Romano</Name>
          <Name xml:lang="en" xmlns="http://www.sdmx.org/resources/sdmxml/schemas/v2_1/common">Montorio Romano</Name>
          <Parent>
            <Ref id="ITE43" xmlns="" />
          </Parent>
        </Code>
        <Code id="058067" urn="urn:sdmx:org.sdmx.infomodel.codelist.Code=IT1:CL_REFAREA(1.2).058067">
          <Name xml:lang="it" xmlns="http://www.sdmx.org/resources/sdmxml/schemas/v2_1/common">Moricone</Name>
          <Name xml:lang="en" xmlns="http://www.sdmx.org/resources/sdmxml/schemas/v2_1/common">Moricone</Name>
          <Parent>
            <Ref id="ITE43" xmlns="" />
          </Parent>
        </Code>
        <Code id="058068" urn="urn:sdmx:org.sdmx.infomodel.codelist.Code=IT1:CL_REFAREA(1.2).058068">
          <Name xml:lang="it" xmlns="http://www.sdmx.org/resources/sdmxml/schemas/v2_1/common">Morlupo</Name>
          <Name xml:lang="en" xmlns="http://www.sdmx.org/resources/sdmxml/schemas/v2_1/common">Morlupo</Name>
          <Parent>
            <Ref id="ITE43" xmlns="" />
          </Parent>
        </Code>
        <Code id="058069" urn="urn:sdmx:org.sdmx.infomodel.codelist.Code=IT1:CL_REFAREA(1.2).058069">
          <Name xml:lang="it" xmlns="http://www.sdmx.org/resources/sdmxml/schemas/v2_1/common">Nazzano</Name>
          <Name xml:lang="en" xmlns="http://www.sdmx.org/resources/sdmxml/schemas/v2_1/common">Nazzano</Name>
          <Parent>
            <Ref id="ITE43" xmlns="" />
          </Parent>
        </Code>
        <Code id="058070" urn="urn:sdmx:org.sdmx.infomodel.codelist.Code=IT1:CL_REFAREA(1.2).058070">
          <Name xml:lang="it" xmlns="http://www.sdmx.org/resources/sdmxml/schemas/v2_1/common">Nemi</Name>
          <Name xml:lang="en" xmlns="http://www.sdmx.org/resources/sdmxml/schemas/v2_1/common">Nemi</Name>
          <Parent>
            <Ref id="ITE43" xmlns="" />
          </Parent>
        </Code>
        <Code id="058071" urn="urn:sdmx:org.sdmx.infomodel.codelist.Code=IT1:CL_REFAREA(1.2).058071">
          <Name xml:lang="it" xmlns="http://www.sdmx.org/resources/sdmxml/schemas/v2_1/common">Nerola</Name>
          <Name xml:lang="en" xmlns="http://www.sdmx.org/resources/sdmxml/schemas/v2_1/common">Nerola</Name>
          <Parent>
            <Ref id="ITE43" xmlns="" />
          </Parent>
        </Code>
        <Code id="058072" urn="urn:sdmx:org.sdmx.infomodel.codelist.Code=IT1:CL_REFAREA(1.2).058072">
          <Name xml:lang="it" xmlns="http://www.sdmx.org/resources/sdmxml/schemas/v2_1/common">Nettuno</Name>
          <Name xml:lang="en" xmlns="http://www.sdmx.org/resources/sdmxml/schemas/v2_1/common">Nettuno</Name>
          <Parent>
            <Ref id="ITE43" xmlns="" />
          </Parent>
        </Code>
        <Code id="058073" urn="urn:sdmx:org.sdmx.infomodel.codelist.Code=IT1:CL_REFAREA(1.2).058073">
          <Name xml:lang="it" xmlns="http://www.sdmx.org/resources/sdmxml/schemas/v2_1/common">Olevano Romano</Name>
          <Name xml:lang="en" xmlns="http://www.sdmx.org/resources/sdmxml/schemas/v2_1/common">Olevano Romano</Name>
          <Parent>
            <Ref id="ITE43" xmlns="" />
          </Parent>
        </Code>
        <Code id="058074" urn="urn:sdmx:org.sdmx.infomodel.codelist.Code=IT1:CL_REFAREA(1.2).058074">
          <Name xml:lang="it" xmlns="http://www.sdmx.org/resources/sdmxml/schemas/v2_1/common">Palestrina</Name>
          <Name xml:lang="en" xmlns="http://www.sdmx.org/resources/sdmxml/schemas/v2_1/common">Palestrina</Name>
          <Parent>
            <Ref id="ITE43" xmlns="" />
          </Parent>
        </Code>
        <Code id="058075" urn="urn:sdmx:org.sdmx.infomodel.codelist.Code=IT1:CL_REFAREA(1.2).058075">
          <Name xml:lang="it" xmlns="http://www.sdmx.org/resources/sdmxml/schemas/v2_1/common">Palombara Sabina</Name>
          <Name xml:lang="en" xmlns="http://www.sdmx.org/resources/sdmxml/schemas/v2_1/common">Palombara Sabina</Name>
          <Parent>
            <Ref id="ITE43" xmlns="" />
          </Parent>
        </Code>
        <Code id="058076" urn="urn:sdmx:org.sdmx.infomodel.codelist.Code=IT1:CL_REFAREA(1.2).058076">
          <Name xml:lang="it" xmlns="http://www.sdmx.org/resources/sdmxml/schemas/v2_1/common">Percile</Name>
          <Name xml:lang="en" xmlns="http://www.sdmx.org/resources/sdmxml/schemas/v2_1/common">Percile</Name>
          <Parent>
            <Ref id="ITE43" xmlns="" />
          </Parent>
        </Code>
        <Code id="058077" urn="urn:sdmx:org.sdmx.infomodel.codelist.Code=IT1:CL_REFAREA(1.2).058077">
          <Name xml:lang="it" xmlns="http://www.sdmx.org/resources/sdmxml/schemas/v2_1/common">Pisoniano</Name>
          <Name xml:lang="en" xmlns="http://www.sdmx.org/resources/sdmxml/schemas/v2_1/common">Pisoniano</Name>
          <Parent>
            <Ref id="ITE43" xmlns="" />
          </Parent>
        </Code>
        <Code id="058078" urn="urn:sdmx:org.sdmx.infomodel.codelist.Code=IT1:CL_REFAREA(1.2).058078">
          <Name xml:lang="it" xmlns="http://www.sdmx.org/resources/sdmxml/schemas/v2_1/common">Poli</Name>
          <Name xml:lang="en" xmlns="http://www.sdmx.org/resources/sdmxml/schemas/v2_1/common">Poli</Name>
          <Parent>
            <Ref id="ITE43" xmlns="" />
          </Parent>
        </Code>
        <Code id="058079" urn="urn:sdmx:org.sdmx.infomodel.codelist.Code=IT1:CL_REFAREA(1.2).058079">
          <Name xml:lang="it" xmlns="http://www.sdmx.org/resources/sdmxml/schemas/v2_1/common">Pomezia</Name>
          <Name xml:lang="en" xmlns="http://www.sdmx.org/resources/sdmxml/schemas/v2_1/common">Pomezia</Name>
          <Parent>
            <Ref id="ITE43" xmlns="" />
          </Parent>
        </Code>
        <Code id="058080" urn="urn:sdmx:org.sdmx.infomodel.codelist.Code=IT1:CL_REFAREA(1.2).058080">
          <Name xml:lang="it" xmlns="http://www.sdmx.org/resources/sdmxml/schemas/v2_1/common">Ponzano Romano</Name>
          <Name xml:lang="en" xmlns="http://www.sdmx.org/resources/sdmxml/schemas/v2_1/common">Ponzano Romano</Name>
          <Parent>
            <Ref id="ITE43" xmlns="" />
          </Parent>
        </Code>
        <Code id="058081" urn="urn:sdmx:org.sdmx.infomodel.codelist.Code=IT1:CL_REFAREA(1.2).058081">
          <Name xml:lang="it" xmlns="http://www.sdmx.org/resources/sdmxml/schemas/v2_1/common">Riano</Name>
          <Name xml:lang="en" xmlns="http://www.sdmx.org/resources/sdmxml/schemas/v2_1/common">Riano</Name>
          <Parent>
            <Ref id="ITE43" xmlns="" />
          </Parent>
        </Code>
        <Code id="058082" urn="urn:sdmx:org.sdmx.infomodel.codelist.Code=IT1:CL_REFAREA(1.2).058082">
          <Name xml:lang="it" xmlns="http://www.sdmx.org/resources/sdmxml/schemas/v2_1/common">Rignano Flaminio</Name>
          <Name xml:lang="en" xmlns="http://www.sdmx.org/resources/sdmxml/schemas/v2_1/common">Rignano Flaminio</Name>
          <Parent>
            <Ref id="ITE43" xmlns="" />
          </Parent>
        </Code>
        <Code id="058083" urn="urn:sdmx:org.sdmx.infomodel.codelist.Code=IT1:CL_REFAREA(1.2).058083">
          <Name xml:lang="it" xmlns="http://www.sdmx.org/resources/sdmxml/schemas/v2_1/common">Riofreddo</Name>
          <Name xml:lang="en" xmlns="http://www.sdmx.org/resources/sdmxml/schemas/v2_1/common">Riofreddo</Name>
          <Parent>
            <Ref id="ITE43" xmlns="" />
          </Parent>
        </Code>
        <Code id="058084" urn="urn:sdmx:org.sdmx.infomodel.codelist.Code=IT1:CL_REFAREA(1.2).058084">
          <Name xml:lang="it" xmlns="http://www.sdmx.org/resources/sdmxml/schemas/v2_1/common">Rocca Canterano</Name>
          <Name xml:lang="en" xmlns="http://www.sdmx.org/resources/sdmxml/schemas/v2_1/common">Rocca Canterano</Name>
          <Parent>
            <Ref id="ITE43" xmlns="" />
          </Parent>
        </Code>
        <Code id="058085" urn="urn:sdmx:org.sdmx.infomodel.codelist.Code=IT1:CL_REFAREA(1.2).058085">
          <Name xml:lang="it" xmlns="http://www.sdmx.org/resources/sdmxml/schemas/v2_1/common">Rocca di Cave</Name>
          <Name xml:lang="en" xmlns="http://www.sdmx.org/resources/sdmxml/schemas/v2_1/common">Rocca di Cave</Name>
          <Parent>
            <Ref id="ITE43" xmlns="" />
          </Parent>
        </Code>
        <Code id="058086" urn="urn:sdmx:org.sdmx.infomodel.codelist.Code=IT1:CL_REFAREA(1.2).058086">
          <Name xml:lang="it" xmlns="http://www.sdmx.org/resources/sdmxml/schemas/v2_1/common">Rocca di Papa</Name>
          <Name xml:lang="en" xmlns="http://www.sdmx.org/resources/sdmxml/schemas/v2_1/common">Rocca di Papa</Name>
          <Parent>
            <Ref id="ITE43" xmlns="" />
          </Parent>
        </Code>
        <Code id="058087" urn="urn:sdmx:org.sdmx.infomodel.codelist.Code=IT1:CL_REFAREA(1.2).058087">
          <Name xml:lang="it" xmlns="http://www.sdmx.org/resources/sdmxml/schemas/v2_1/common">Roccagiovine</Name>
          <Name xml:lang="en" xmlns="http://www.sdmx.org/resources/sdmxml/schemas/v2_1/common">Roccagiovine</Name>
          <Parent>
            <Ref id="ITE43" xmlns="" />
          </Parent>
        </Code>
        <Code id="058088" urn="urn:sdmx:org.sdmx.infomodel.codelist.Code=IT1:CL_REFAREA(1.2).058088">
          <Name xml:lang="it" xmlns="http://www.sdmx.org/resources/sdmxml/schemas/v2_1/common">Rocca Priora</Name>
          <Name xml:lang="en" xmlns="http://www.sdmx.org/resources/sdmxml/schemas/v2_1/common">Rocca Priora</Name>
          <Parent>
            <Ref id="ITE43" xmlns="" />
          </Parent>
        </Code>
        <Code id="058089" urn="urn:sdmx:org.sdmx.infomodel.codelist.Code=IT1:CL_REFAREA(1.2).058089">
          <Name xml:lang="it" xmlns="http://www.sdmx.org/resources/sdmxml/schemas/v2_1/common">Rocca Santo Stefano</Name>
          <Name xml:lang="en" xmlns="http://www.sdmx.org/resources/sdmxml/schemas/v2_1/common">Rocca Santo Stefano</Name>
          <Parent>
            <Ref id="ITE43" xmlns="" />
          </Parent>
        </Code>
        <Code id="058090" urn="urn:sdmx:org.sdmx.infomodel.codelist.Code=IT1:CL_REFAREA(1.2).058090">
          <Name xml:lang="it" xmlns="http://www.sdmx.org/resources/sdmxml/schemas/v2_1/common">Roiate</Name>
          <Name xml:lang="en" xmlns="http://www.sdmx.org/resources/sdmxml/schemas/v2_1/common">Roiate</Name>
          <Parent>
            <Ref id="ITE43" xmlns="" />
          </Parent>
        </Code>
        <Code id="058091" urn="urn:sdmx:org.sdmx.infomodel.codelist.Code=IT1:CL_REFAREA(1.2).058091">
          <Name xml:lang="it" xmlns="http://www.sdmx.org/resources/sdmxml/schemas/v2_1/common">Roma</Name>
          <Name xml:lang="en" xmlns="http://www.sdmx.org/resources/sdmxml/schemas/v2_1/common">Roma</Name>
          <Parent>
            <Ref id="ITE43" xmlns="" />
          </Parent>
        </Code>
        <Code id="058092" urn="urn:sdmx:org.sdmx.infomodel.codelist.Code=IT1:CL_REFAREA(1.2).058092">
          <Name xml:lang="it" xmlns="http://www.sdmx.org/resources/sdmxml/schemas/v2_1/common">Roviano</Name>
          <Name xml:lang="en" xmlns="http://www.sdmx.org/resources/sdmxml/schemas/v2_1/common">Roviano</Name>
          <Parent>
            <Ref id="ITE43" xmlns="" />
          </Parent>
        </Code>
        <Code id="058093" urn="urn:sdmx:org.sdmx.infomodel.codelist.Code=IT1:CL_REFAREA(1.2).058093">
          <Name xml:lang="it" xmlns="http://www.sdmx.org/resources/sdmxml/schemas/v2_1/common">Sacrofano</Name>
          <Name xml:lang="en" xmlns="http://www.sdmx.org/resources/sdmxml/schemas/v2_1/common">Sacrofano</Name>
          <Parent>
            <Ref id="ITE43" xmlns="" />
          </Parent>
        </Code>
        <Code id="058094" urn="urn:sdmx:org.sdmx.infomodel.codelist.Code=IT1:CL_REFAREA(1.2).058094">
          <Name xml:lang="it" xmlns="http://www.sdmx.org/resources/sdmxml/schemas/v2_1/common">Sambuci</Name>
          <Name xml:lang="en" xmlns="http://www.sdmx.org/resources/sdmxml/schemas/v2_1/common">Sambuci</Name>
          <Parent>
            <Ref id="ITE43" xmlns="" />
          </Parent>
        </Code>
        <Code id="058095" urn="urn:sdmx:org.sdmx.infomodel.codelist.Code=IT1:CL_REFAREA(1.2).058095">
          <Name xml:lang="it" xmlns="http://www.sdmx.org/resources/sdmxml/schemas/v2_1/common">San Gregorio da Sassola</Name>
          <Name xml:lang="en" xmlns="http://www.sdmx.org/resources/sdmxml/schemas/v2_1/common">San Gregorio da Sassola</Name>
          <Parent>
            <Ref id="ITE43" xmlns="" />
          </Parent>
        </Code>
        <Code id="058096" urn="urn:sdmx:org.sdmx.infomodel.codelist.Code=IT1:CL_REFAREA(1.2).058096">
          <Name xml:lang="it" xmlns="http://www.sdmx.org/resources/sdmxml/schemas/v2_1/common">San Polo dei Cavalieri</Name>
          <Name xml:lang="en" xmlns="http://www.sdmx.org/resources/sdmxml/schemas/v2_1/common">San Polo dei Cavalieri</Name>
          <Parent>
            <Ref id="ITE43" xmlns="" />
          </Parent>
        </Code>
        <Code id="058097" urn="urn:sdmx:org.sdmx.infomodel.codelist.Code=IT1:CL_REFAREA(1.2).058097">
          <Name xml:lang="it" xmlns="http://www.sdmx.org/resources/sdmxml/schemas/v2_1/common">Santa Marinella</Name>
          <Name xml:lang="en" xmlns="http://www.sdmx.org/resources/sdmxml/schemas/v2_1/common">Santa Marinella</Name>
          <Parent>
            <Ref id="ITE43" xmlns="" />
          </Parent>
        </Code>
        <Code id="058098" urn="urn:sdmx:org.sdmx.infomodel.codelist.Code=IT1:CL_REFAREA(1.2).058098">
          <Name xml:lang="it" xmlns="http://www.sdmx.org/resources/sdmxml/schemas/v2_1/common">Sant'Angelo Romano</Name>
          <Name xml:lang="en" xmlns="http://www.sdmx.org/resources/sdmxml/schemas/v2_1/common">Sant'Angelo Romano</Name>
          <Parent>
            <Ref id="ITE43" xmlns="" />
          </Parent>
        </Code>
        <Code id="058099" urn="urn:sdmx:org.sdmx.infomodel.codelist.Code=IT1:CL_REFAREA(1.2).058099">
          <Name xml:lang="it" xmlns="http://www.sdmx.org/resources/sdmxml/schemas/v2_1/common">Sant'Oreste</Name>
          <Name xml:lang="en" xmlns="http://www.sdmx.org/resources/sdmxml/schemas/v2_1/common">Sant'Oreste</Name>
          <Parent>
            <Ref id="ITE43" xmlns="" />
          </Parent>
        </Code>
        <Code id="058100" urn="urn:sdmx:org.sdmx.infomodel.codelist.Code=IT1:CL_REFAREA(1.2).058100">
          <Name xml:lang="it" xmlns="http://www.sdmx.org/resources/sdmxml/schemas/v2_1/common">San Vito Romano</Name>
          <Name xml:lang="en" xmlns="http://www.sdmx.org/resources/sdmxml/schemas/v2_1/common">San Vito Romano</Name>
          <Parent>
            <Ref id="ITE43" xmlns="" />
          </Parent>
        </Code>
        <Code id="058101" urn="urn:sdmx:org.sdmx.infomodel.codelist.Code=IT1:CL_REFAREA(1.2).058101">
          <Name xml:lang="it" xmlns="http://www.sdmx.org/resources/sdmxml/schemas/v2_1/common">Saracinesco</Name>
          <Name xml:lang="en" xmlns="http://www.sdmx.org/resources/sdmxml/schemas/v2_1/common">Saracinesco</Name>
          <Parent>
            <Ref id="ITE43" xmlns="" />
          </Parent>
        </Code>
        <Code id="058102" urn="urn:sdmx:org.sdmx.infomodel.codelist.Code=IT1:CL_REFAREA(1.2).058102">
          <Name xml:lang="it" xmlns="http://www.sdmx.org/resources/sdmxml/schemas/v2_1/common">Segni</Name>
          <Name xml:lang="en" xmlns="http://www.sdmx.org/resources/sdmxml/schemas/v2_1/common">Segni</Name>
          <Parent>
            <Ref id="ITE43" xmlns="" />
          </Parent>
        </Code>
        <Code id="058103" urn="urn:sdmx:org.sdmx.infomodel.codelist.Code=IT1:CL_REFAREA(1.2).058103">
          <Name xml:lang="it" xmlns="http://www.sdmx.org/resources/sdmxml/schemas/v2_1/common">Subiaco</Name>
          <Name xml:lang="en" xmlns="http://www.sdmx.org/resources/sdmxml/schemas/v2_1/common">Subiaco</Name>
          <Parent>
            <Ref id="ITE43" xmlns="" />
          </Parent>
        </Code>
        <Code id="058104" urn="urn:sdmx:org.sdmx.infomodel.codelist.Code=IT1:CL_REFAREA(1.2).058104">
          <Name xml:lang="it" xmlns="http://www.sdmx.org/resources/sdmxml/schemas/v2_1/common">Tivoli</Name>
          <Name xml:lang="en" xmlns="http://www.sdmx.org/resources/sdmxml/schemas/v2_1/common">Tivoli</Name>
          <Parent>
            <Ref id="ITE43" xmlns="" />
          </Parent>
        </Code>
        <Code id="058105" urn="urn:sdmx:org.sdmx.infomodel.codelist.Code=IT1:CL_REFAREA(1.2).058105">
          <Name xml:lang="it" xmlns="http://www.sdmx.org/resources/sdmxml/schemas/v2_1/common">Tolfa</Name>
          <Name xml:lang="en" xmlns="http://www.sdmx.org/resources/sdmxml/schemas/v2_1/common">Tolfa</Name>
          <Parent>
            <Ref id="ITE43" xmlns="" />
          </Parent>
        </Code>
        <Code id="058106" urn="urn:sdmx:org.sdmx.infomodel.codelist.Code=IT1:CL_REFAREA(1.2).058106">
          <Name xml:lang="it" xmlns="http://www.sdmx.org/resources/sdmxml/schemas/v2_1/common">Torrita Tiberina</Name>
          <Name xml:lang="en" xmlns="http://www.sdmx.org/resources/sdmxml/schemas/v2_1/common">Torrita Tiberina</Name>
          <Parent>
            <Ref id="ITE43" xmlns="" />
          </Parent>
        </Code>
        <Code id="058107" urn="urn:sdmx:org.sdmx.infomodel.codelist.Code=IT1:CL_REFAREA(1.2).058107">
          <Name xml:lang="it" xmlns="http://www.sdmx.org/resources/sdmxml/schemas/v2_1/common">Trevignano Romano</Name>
          <Name xml:lang="en" xmlns="http://www.sdmx.org/resources/sdmxml/schemas/v2_1/common">Trevignano Romano</Name>
          <Parent>
            <Ref id="ITE43" xmlns="" />
          </Parent>
        </Code>
        <Code id="058108" urn="urn:sdmx:org.sdmx.infomodel.codelist.Code=IT1:CL_REFAREA(1.2).058108">
          <Name xml:lang="it" xmlns="http://www.sdmx.org/resources/sdmxml/schemas/v2_1/common">Vallepietra</Name>
          <Name xml:lang="en" xmlns="http://www.sdmx.org/resources/sdmxml/schemas/v2_1/common">Vallepietra</Name>
          <Parent>
            <Ref id="ITE43" xmlns="" />
          </Parent>
        </Code>
        <Code id="058109" urn="urn:sdmx:org.sdmx.infomodel.codelist.Code=IT1:CL_REFAREA(1.2).058109">
          <Name xml:lang="it" xmlns="http://www.sdmx.org/resources/sdmxml/schemas/v2_1/common">Vallinfreda</Name>
          <Name xml:lang="en" xmlns="http://www.sdmx.org/resources/sdmxml/schemas/v2_1/common">Vallinfreda</Name>
          <Parent>
            <Ref id="ITE43" xmlns="" />
          </Parent>
        </Code>
        <Code id="058110" urn="urn:sdmx:org.sdmx.infomodel.codelist.Code=IT1:CL_REFAREA(1.2).058110">
          <Name xml:lang="it" xmlns="http://www.sdmx.org/resources/sdmxml/schemas/v2_1/common">Valmontone</Name>
          <Name xml:lang="en" xmlns="http://www.sdmx.org/resources/sdmxml/schemas/v2_1/common">Valmontone</Name>
          <Parent>
            <Ref id="ITE43" xmlns="" />
          </Parent>
        </Code>
        <Code id="058111" urn="urn:sdmx:org.sdmx.infomodel.codelist.Code=IT1:CL_REFAREA(1.2).058111">
          <Name xml:lang="it" xmlns="http://www.sdmx.org/resources/sdmxml/schemas/v2_1/common">Velletri</Name>
          <Name xml:lang="en" xmlns="http://www.sdmx.org/resources/sdmxml/schemas/v2_1/common">Velletri</Name>
          <Parent>
            <Ref id="ITE43" xmlns="" />
          </Parent>
        </Code>
        <Code id="058112" urn="urn:sdmx:org.sdmx.infomodel.codelist.Code=IT1:CL_REFAREA(1.2).058112">
          <Name xml:lang="it" xmlns="http://www.sdmx.org/resources/sdmxml/schemas/v2_1/common">Vicovaro</Name>
          <Name xml:lang="en" xmlns="http://www.sdmx.org/resources/sdmxml/schemas/v2_1/common">Vicovaro</Name>
          <Parent>
            <Ref id="ITE43" xmlns="" />
          </Parent>
        </Code>
        <Code id="058113" urn="urn:sdmx:org.sdmx.infomodel.codelist.Code=IT1:CL_REFAREA(1.2).058113">
          <Name xml:lang="it" xmlns="http://www.sdmx.org/resources/sdmxml/schemas/v2_1/common">Vivaro Romano</Name>
          <Name xml:lang="en" xmlns="http://www.sdmx.org/resources/sdmxml/schemas/v2_1/common">Vivaro Romano</Name>
          <Parent>
            <Ref id="ITE43" xmlns="" />
          </Parent>
        </Code>
        <Code id="058114" urn="urn:sdmx:org.sdmx.infomodel.codelist.Code=IT1:CL_REFAREA(1.2).058114">
          <Name xml:lang="it" xmlns="http://www.sdmx.org/resources/sdmxml/schemas/v2_1/common">Zagarolo</Name>
          <Name xml:lang="en" xmlns="http://www.sdmx.org/resources/sdmxml/schemas/v2_1/common">Zagarolo</Name>
          <Parent>
            <Ref id="ITE43" xmlns="" />
          </Parent>
        </Code>
        <Code id="058115" urn="urn:sdmx:org.sdmx.infomodel.codelist.Code=IT1:CL_REFAREA(1.2).058115">
          <Name xml:lang="it" xmlns="http://www.sdmx.org/resources/sdmxml/schemas/v2_1/common">Lariano</Name>
          <Name xml:lang="en" xmlns="http://www.sdmx.org/resources/sdmxml/schemas/v2_1/common">Lariano</Name>
          <Parent>
            <Ref id="ITE43" xmlns="" />
          </Parent>
        </Code>
        <Code id="058116" urn="urn:sdmx:org.sdmx.infomodel.codelist.Code=IT1:CL_REFAREA(1.2).058116">
          <Name xml:lang="it" xmlns="http://www.sdmx.org/resources/sdmxml/schemas/v2_1/common">Ladispoli</Name>
          <Name xml:lang="en" xmlns="http://www.sdmx.org/resources/sdmxml/schemas/v2_1/common">Ladispoli</Name>
          <Parent>
            <Ref id="ITE43" xmlns="" />
          </Parent>
        </Code>
        <Code id="058117" urn="urn:sdmx:org.sdmx.infomodel.codelist.Code=IT1:CL_REFAREA(1.2).058117">
          <Name xml:lang="it" xmlns="http://www.sdmx.org/resources/sdmxml/schemas/v2_1/common">Ardea</Name>
          <Name xml:lang="en" xmlns="http://www.sdmx.org/resources/sdmxml/schemas/v2_1/common">Ardea</Name>
          <Parent>
            <Ref id="ITE43" xmlns="" />
          </Parent>
        </Code>
        <Code id="058118" urn="urn:sdmx:org.sdmx.infomodel.codelist.Code=IT1:CL_REFAREA(1.2).058118">
          <Name xml:lang="it" xmlns="http://www.sdmx.org/resources/sdmxml/schemas/v2_1/common">Ciampino</Name>
          <Name xml:lang="en" xmlns="http://www.sdmx.org/resources/sdmxml/schemas/v2_1/common">Ciampino</Name>
          <Parent>
            <Ref id="ITE43" xmlns="" />
          </Parent>
        </Code>
        <Code id="058119" urn="urn:sdmx:org.sdmx.infomodel.codelist.Code=IT1:CL_REFAREA(1.2).058119">
          <Name xml:lang="it" xmlns="http://www.sdmx.org/resources/sdmxml/schemas/v2_1/common">San Cesareo</Name>
          <Name xml:lang="en" xmlns="http://www.sdmx.org/resources/sdmxml/schemas/v2_1/common">San Cesareo</Name>
          <Parent>
            <Ref id="ITE43" xmlns="" />
          </Parent>
        </Code>
        <Code id="058120" urn="urn:sdmx:org.sdmx.infomodel.codelist.Code=IT1:CL_REFAREA(1.2).058120">
          <Name xml:lang="it" xmlns="http://www.sdmx.org/resources/sdmxml/schemas/v2_1/common">Fiumicino</Name>
          <Name xml:lang="en" xmlns="http://www.sdmx.org/resources/sdmxml/schemas/v2_1/common">Fiumicino</Name>
          <Parent>
            <Ref id="ITE43" xmlns="" />
          </Parent>
        </Code>
        <Code id="058121" urn="urn:sdmx:org.sdmx.infomodel.codelist.Code=IT1:CL_REFAREA(1.2).058121">
          <Name xml:lang="it" xmlns="http://www.sdmx.org/resources/sdmxml/schemas/v2_1/common">Boville</Name>
          <Name xml:lang="en" xmlns="http://www.sdmx.org/resources/sdmxml/schemas/v2_1/common">Boville</Name>
          <Parent>
            <Ref id="ITE43" xmlns="" />
          </Parent>
        </Code>
        <Code id="058122" urn="urn:sdmx:org.sdmx.infomodel.codelist.Code=IT1:CL_REFAREA(1.2).058122">
          <Name xml:lang="it" xmlns="http://www.sdmx.org/resources/sdmxml/schemas/v2_1/common">Fonte Nuova</Name>
          <Name xml:lang="en" xmlns="http://www.sdmx.org/resources/sdmxml/schemas/v2_1/common">Fonte Nuova</Name>
          <Parent>
            <Ref id="ITE43" xmlns="" />
          </Parent>
        </Code>
        <Code id="059001" urn="urn:sdmx:org.sdmx.infomodel.codelist.Code=IT1:CL_REFAREA(1.2).059001">
          <Name xml:lang="it" xmlns="http://www.sdmx.org/resources/sdmxml/schemas/v2_1/common">Aprilia</Name>
          <Name xml:lang="en" xmlns="http://www.sdmx.org/resources/sdmxml/schemas/v2_1/common">Aprilia</Name>
          <Parent>
            <Ref id="ITE44" xmlns="" />
          </Parent>
        </Code>
        <Code id="059002" urn="urn:sdmx:org.sdmx.infomodel.codelist.Code=IT1:CL_REFAREA(1.2).059002">
          <Name xml:lang="it" xmlns="http://www.sdmx.org/resources/sdmxml/schemas/v2_1/common">Bassiano</Name>
          <Name xml:lang="en" xmlns="http://www.sdmx.org/resources/sdmxml/schemas/v2_1/common">Bassiano</Name>
          <Parent>
            <Ref id="ITE44" xmlns="" />
          </Parent>
        </Code>
        <Code id="059003" urn="urn:sdmx:org.sdmx.infomodel.codelist.Code=IT1:CL_REFAREA(1.2).059003">
          <Name xml:lang="it" xmlns="http://www.sdmx.org/resources/sdmxml/schemas/v2_1/common">Campodimele</Name>
          <Name xml:lang="en" xmlns="http://www.sdmx.org/resources/sdmxml/schemas/v2_1/common">Campodimele</Name>
          <Parent>
            <Ref id="ITE44" xmlns="" />
          </Parent>
        </Code>
        <Code id="059004" urn="urn:sdmx:org.sdmx.infomodel.codelist.Code=IT1:CL_REFAREA(1.2).059004">
          <Name xml:lang="it" xmlns="http://www.sdmx.org/resources/sdmxml/schemas/v2_1/common">Castelforte</Name>
          <Name xml:lang="en" xmlns="http://www.sdmx.org/resources/sdmxml/schemas/v2_1/common">Castelforte</Name>
          <Parent>
            <Ref id="ITE44" xmlns="" />
          </Parent>
        </Code>
        <Code id="059005" urn="urn:sdmx:org.sdmx.infomodel.codelist.Code=IT1:CL_REFAREA(1.2).059005">
          <Name xml:lang="it" xmlns="http://www.sdmx.org/resources/sdmxml/schemas/v2_1/common">Cisterna di Latina</Name>
          <Name xml:lang="en" xmlns="http://www.sdmx.org/resources/sdmxml/schemas/v2_1/common">Cisterna di Latina</Name>
          <Parent>
            <Ref id="ITE44" xmlns="" />
          </Parent>
        </Code>
        <Code id="059006" urn="urn:sdmx:org.sdmx.infomodel.codelist.Code=IT1:CL_REFAREA(1.2).059006">
          <Name xml:lang="it" xmlns="http://www.sdmx.org/resources/sdmxml/schemas/v2_1/common">Cori</Name>
          <Name xml:lang="en" xmlns="http://www.sdmx.org/resources/sdmxml/schemas/v2_1/common">Cori</Name>
          <Parent>
            <Ref id="ITE44" xmlns="" />
          </Parent>
        </Code>
        <Code id="059007" urn="urn:sdmx:org.sdmx.infomodel.codelist.Code=IT1:CL_REFAREA(1.2).059007">
          <Name xml:lang="it" xmlns="http://www.sdmx.org/resources/sdmxml/schemas/v2_1/common">Fondi</Name>
          <Name xml:lang="en" xmlns="http://www.sdmx.org/resources/sdmxml/schemas/v2_1/common">Fondi</Name>
          <Parent>
            <Ref id="ITE44" xmlns="" />
          </Parent>
        </Code>
        <Code id="059008" urn="urn:sdmx:org.sdmx.infomodel.codelist.Code=IT1:CL_REFAREA(1.2).059008">
          <Name xml:lang="it" xmlns="http://www.sdmx.org/resources/sdmxml/schemas/v2_1/common">Formia</Name>
          <Name xml:lang="en" xmlns="http://www.sdmx.org/resources/sdmxml/schemas/v2_1/common">Formia</Name>
          <Parent>
            <Ref id="ITE44" xmlns="" />
          </Parent>
        </Code>
        <Code id="059009" urn="urn:sdmx:org.sdmx.infomodel.codelist.Code=IT1:CL_REFAREA(1.2).059009">
          <Name xml:lang="it" xmlns="http://www.sdmx.org/resources/sdmxml/schemas/v2_1/common">Gaeta</Name>
          <Name xml:lang="en" xmlns="http://www.sdmx.org/resources/sdmxml/schemas/v2_1/common">Gaeta</Name>
          <Parent>
            <Ref id="ITE44" xmlns="" />
          </Parent>
        </Code>
        <Code id="059010" urn="urn:sdmx:org.sdmx.infomodel.codelist.Code=IT1:CL_REFAREA(1.2).059010">
          <Name xml:lang="it" xmlns="http://www.sdmx.org/resources/sdmxml/schemas/v2_1/common">Itri</Name>
          <Name xml:lang="en" xmlns="http://www.sdmx.org/resources/sdmxml/schemas/v2_1/common">Itri</Name>
          <Parent>
            <Ref id="ITE44" xmlns="" />
          </Parent>
        </Code>
        <Code id="059011" urn="urn:sdmx:org.sdmx.infomodel.codelist.Code=IT1:CL_REFAREA(1.2).059011">
          <Name xml:lang="it" xmlns="http://www.sdmx.org/resources/sdmxml/schemas/v2_1/common">Latina</Name>
          <Name xml:lang="en" xmlns="http://www.sdmx.org/resources/sdmxml/schemas/v2_1/common">Latina</Name>
          <Parent>
            <Ref id="ITE44" xmlns="" />
          </Parent>
        </Code>
        <Code id="059012" urn="urn:sdmx:org.sdmx.infomodel.codelist.Code=IT1:CL_REFAREA(1.2).059012">
          <Name xml:lang="it" xmlns="http://www.sdmx.org/resources/sdmxml/schemas/v2_1/common">Lenola</Name>
          <Name xml:lang="en" xmlns="http://www.sdmx.org/resources/sdmxml/schemas/v2_1/common">Lenola</Name>
          <Parent>
            <Ref id="ITE44" xmlns="" />
          </Parent>
        </Code>
        <Code id="059013" urn="urn:sdmx:org.sdmx.infomodel.codelist.Code=IT1:CL_REFAREA(1.2).059013">
          <Name xml:lang="it" xmlns="http://www.sdmx.org/resources/sdmxml/schemas/v2_1/common">Maenza</Name>
          <Name xml:lang="en" xmlns="http://www.sdmx.org/resources/sdmxml/schemas/v2_1/common">Maenza</Name>
          <Parent>
            <Ref id="ITE44" xmlns="" />
          </Parent>
        </Code>
        <Code id="059014" urn="urn:sdmx:org.sdmx.infomodel.codelist.Code=IT1:CL_REFAREA(1.2).059014">
          <Name xml:lang="it" xmlns="http://www.sdmx.org/resources/sdmxml/schemas/v2_1/common">Minturno</Name>
          <Name xml:lang="en" xmlns="http://www.sdmx.org/resources/sdmxml/schemas/v2_1/common">Minturno</Name>
          <Parent>
            <Ref id="ITE44" xmlns="" />
          </Parent>
        </Code>
        <Code id="059015" urn="urn:sdmx:org.sdmx.infomodel.codelist.Code=IT1:CL_REFAREA(1.2).059015">
          <Name xml:lang="it" xmlns="http://www.sdmx.org/resources/sdmxml/schemas/v2_1/common">Monte San Biagio</Name>
          <Name xml:lang="en" xmlns="http://www.sdmx.org/resources/sdmxml/schemas/v2_1/common">Monte San Biagio</Name>
          <Parent>
            <Ref id="ITE44" xmlns="" />
          </Parent>
        </Code>
        <Code id="059016" urn="urn:sdmx:org.sdmx.infomodel.codelist.Code=IT1:CL_REFAREA(1.2).059016">
          <Name xml:lang="it" xmlns="http://www.sdmx.org/resources/sdmxml/schemas/v2_1/common">Norma</Name>
          <Name xml:lang="en" xmlns="http://www.sdmx.org/resources/sdmxml/schemas/v2_1/common">Norma</Name>
          <Parent>
            <Ref id="ITE44" xmlns="" />
          </Parent>
        </Code>
        <Code id="059017" urn="urn:sdmx:org.sdmx.infomodel.codelist.Code=IT1:CL_REFAREA(1.2).059017">
          <Name xml:lang="it" xmlns="http://www.sdmx.org/resources/sdmxml/schemas/v2_1/common">Pontinia</Name>
          <Name xml:lang="en" xmlns="http://www.sdmx.org/resources/sdmxml/schemas/v2_1/common">Pontinia</Name>
          <Parent>
            <Ref id="ITE44" xmlns="" />
          </Parent>
        </Code>
        <Code id="059018" urn="urn:sdmx:org.sdmx.infomodel.codelist.Code=IT1:CL_REFAREA(1.2).059018">
          <Name xml:lang="it" xmlns="http://www.sdmx.org/resources/sdmxml/schemas/v2_1/common">Ponza</Name>
          <Name xml:lang="en" xmlns="http://www.sdmx.org/resources/sdmxml/schemas/v2_1/common">Ponza</Name>
          <Parent>
            <Ref id="ITE44" xmlns="" />
          </Parent>
        </Code>
        <Code id="059019" urn="urn:sdmx:org.sdmx.infomodel.codelist.Code=IT1:CL_REFAREA(1.2).059019">
          <Name xml:lang="it" xmlns="http://www.sdmx.org/resources/sdmxml/schemas/v2_1/common">Priverno</Name>
          <Name xml:lang="en" xmlns="http://www.sdmx.org/resources/sdmxml/schemas/v2_1/common">Priverno</Name>
          <Parent>
            <Ref id="ITE44" xmlns="" />
          </Parent>
        </Code>
        <Code id="059020" urn="urn:sdmx:org.sdmx.infomodel.codelist.Code=IT1:CL_REFAREA(1.2).059020">
          <Name xml:lang="it" xmlns="http://www.sdmx.org/resources/sdmxml/schemas/v2_1/common">Prossedi</Name>
          <Name xml:lang="en" xmlns="http://www.sdmx.org/resources/sdmxml/schemas/v2_1/common">Prossedi</Name>
          <Parent>
            <Ref id="ITE44" xmlns="" />
          </Parent>
        </Code>
        <Code id="059021" urn="urn:sdmx:org.sdmx.infomodel.codelist.Code=IT1:CL_REFAREA(1.2).059021">
          <Name xml:lang="it" xmlns="http://www.sdmx.org/resources/sdmxml/schemas/v2_1/common">Roccagorga</Name>
          <Name xml:lang="en" xmlns="http://www.sdmx.org/resources/sdmxml/schemas/v2_1/common">Roccagorga</Name>
          <Parent>
            <Ref id="ITE44" xmlns="" />
          </Parent>
        </Code>
        <Code id="059022" urn="urn:sdmx:org.sdmx.infomodel.codelist.Code=IT1:CL_REFAREA(1.2).059022">
          <Name xml:lang="it" xmlns="http://www.sdmx.org/resources/sdmxml/schemas/v2_1/common">Rocca Massima</Name>
          <Name xml:lang="en" xmlns="http://www.sdmx.org/resources/sdmxml/schemas/v2_1/common">Rocca Massima</Name>
          <Parent>
            <Ref id="ITE44" xmlns="" />
          </Parent>
        </Code>
        <Code id="059023" urn="urn:sdmx:org.sdmx.infomodel.codelist.Code=IT1:CL_REFAREA(1.2).059023">
          <Name xml:lang="it" xmlns="http://www.sdmx.org/resources/sdmxml/schemas/v2_1/common">Roccasecca dei Volsci</Name>
          <Name xml:lang="en" xmlns="http://www.sdmx.org/resources/sdmxml/schemas/v2_1/common">Roccasecca dei Volsci</Name>
          <Parent>
            <Ref id="ITE44" xmlns="" />
          </Parent>
        </Code>
        <Code id="059024" urn="urn:sdmx:org.sdmx.infomodel.codelist.Code=IT1:CL_REFAREA(1.2).059024">
          <Name xml:lang="it" xmlns="http://www.sdmx.org/resources/sdmxml/schemas/v2_1/common">Sabaudia</Name>
          <Name xml:lang="en" xmlns="http://www.sdmx.org/resources/sdmxml/schemas/v2_1/common">Sabaudia</Name>
          <Parent>
            <Ref id="ITE44" xmlns="" />
          </Parent>
        </Code>
        <Code id="059025" urn="urn:sdmx:org.sdmx.infomodel.codelist.Code=IT1:CL_REFAREA(1.2).059025">
          <Name xml:lang="it" xmlns="http://www.sdmx.org/resources/sdmxml/schemas/v2_1/common">San Felice Circeo</Name>
          <Name xml:lang="en" xmlns="http://www.sdmx.org/resources/sdmxml/schemas/v2_1/common">San Felice Circeo</Name>
          <Parent>
            <Ref id="ITE44" xmlns="" />
          </Parent>
        </Code>
        <Code id="059026" urn="urn:sdmx:org.sdmx.infomodel.codelist.Code=IT1:CL_REFAREA(1.2).059026">
          <Name xml:lang="it" xmlns="http://www.sdmx.org/resources/sdmxml/schemas/v2_1/common">Santi Cosma e Damiano</Name>
          <Name xml:lang="en" xmlns="http://www.sdmx.org/resources/sdmxml/schemas/v2_1/common">Santi Cosma e Damiano</Name>
          <Parent>
            <Ref id="ITE44" xmlns="" />
          </Parent>
        </Code>
        <Code id="059027" urn="urn:sdmx:org.sdmx.infomodel.codelist.Code=IT1:CL_REFAREA(1.2).059027">
          <Name xml:lang="it" xmlns="http://www.sdmx.org/resources/sdmxml/schemas/v2_1/common">Sermoneta</Name>
          <Name xml:lang="en" xmlns="http://www.sdmx.org/resources/sdmxml/schemas/v2_1/common">Sermoneta</Name>
          <Parent>
            <Ref id="ITE44" xmlns="" />
          </Parent>
        </Code>
        <Code id="059028" urn="urn:sdmx:org.sdmx.infomodel.codelist.Code=IT1:CL_REFAREA(1.2).059028">
          <Name xml:lang="it" xmlns="http://www.sdmx.org/resources/sdmxml/schemas/v2_1/common">Sezze</Name>
          <Name xml:lang="en" xmlns="http://www.sdmx.org/resources/sdmxml/schemas/v2_1/common">Sezze</Name>
          <Parent>
            <Ref id="ITE44" xmlns="" />
          </Parent>
        </Code>
        <Code id="059029" urn="urn:sdmx:org.sdmx.infomodel.codelist.Code=IT1:CL_REFAREA(1.2).059029">
          <Name xml:lang="it" xmlns="http://www.sdmx.org/resources/sdmxml/schemas/v2_1/common">Sonnino</Name>
          <Name xml:lang="en" xmlns="http://www.sdmx.org/resources/sdmxml/schemas/v2_1/common">Sonnino</Name>
          <Parent>
            <Ref id="ITE44" xmlns="" />
          </Parent>
        </Code>
        <Code id="059030" urn="urn:sdmx:org.sdmx.infomodel.codelist.Code=IT1:CL_REFAREA(1.2).059030">
          <Name xml:lang="it" xmlns="http://www.sdmx.org/resources/sdmxml/schemas/v2_1/common">Sperlonga</Name>
          <Name xml:lang="en" xmlns="http://www.sdmx.org/resources/sdmxml/schemas/v2_1/common">Sperlonga</Name>
          <Parent>
            <Ref id="ITE44" xmlns="" />
          </Parent>
        </Code>
        <Code id="059031" urn="urn:sdmx:org.sdmx.infomodel.codelist.Code=IT1:CL_REFAREA(1.2).059031">
          <Name xml:lang="it" xmlns="http://www.sdmx.org/resources/sdmxml/schemas/v2_1/common">Spigno Saturnia</Name>
          <Name xml:lang="en" xmlns="http://www.sdmx.org/resources/sdmxml/schemas/v2_1/common">Spigno Saturnia</Name>
          <Parent>
            <Ref id="ITE44" xmlns="" />
          </Parent>
        </Code>
        <Code id="059032" urn="urn:sdmx:org.sdmx.infomodel.codelist.Code=IT1:CL_REFAREA(1.2).059032">
          <Name xml:lang="it" xmlns="http://www.sdmx.org/resources/sdmxml/schemas/v2_1/common">Terracina</Name>
          <Name xml:lang="en" xmlns="http://www.sdmx.org/resources/sdmxml/schemas/v2_1/common">Terracina</Name>
          <Parent>
            <Ref id="ITE44" xmlns="" />
          </Parent>
        </Code>
        <Code id="059033" urn="urn:sdmx:org.sdmx.infomodel.codelist.Code=IT1:CL_REFAREA(1.2).059033">
          <Name xml:lang="it" xmlns="http://www.sdmx.org/resources/sdmxml/schemas/v2_1/common">Ventotene</Name>
          <Name xml:lang="en" xmlns="http://www.sdmx.org/resources/sdmxml/schemas/v2_1/common">Ventotene</Name>
          <Parent>
            <Ref id="ITE44" xmlns="" />
          </Parent>
        </Code>
        <Code id="060001" urn="urn:sdmx:org.sdmx.infomodel.codelist.Code=IT1:CL_REFAREA(1.2).060001">
          <Name xml:lang="it" xmlns="http://www.sdmx.org/resources/sdmxml/schemas/v2_1/common">Acquafondata</Name>
          <Name xml:lang="en" xmlns="http://www.sdmx.org/resources/sdmxml/schemas/v2_1/common">Acquafondata</Name>
          <Parent>
            <Ref id="ITE45" xmlns="" />
          </Parent>
        </Code>
        <Code id="060002" urn="urn:sdmx:org.sdmx.infomodel.codelist.Code=IT1:CL_REFAREA(1.2).060002">
          <Name xml:lang="it" xmlns="http://www.sdmx.org/resources/sdmxml/schemas/v2_1/common">Acuto</Name>
          <Name xml:lang="en" xmlns="http://www.sdmx.org/resources/sdmxml/schemas/v2_1/common">Acuto</Name>
          <Parent>
            <Ref id="ITE45" xmlns="" />
          </Parent>
        </Code>
        <Code id="060003" urn="urn:sdmx:org.sdmx.infomodel.codelist.Code=IT1:CL_REFAREA(1.2).060003">
          <Name xml:lang="it" xmlns="http://www.sdmx.org/resources/sdmxml/schemas/v2_1/common">Alatri</Name>
          <Name xml:lang="en" xmlns="http://www.sdmx.org/resources/sdmxml/schemas/v2_1/common">Alatri</Name>
          <Parent>
            <Ref id="ITE45" xmlns="" />
          </Parent>
        </Code>
        <Code id="060004" urn="urn:sdmx:org.sdmx.infomodel.codelist.Code=IT1:CL_REFAREA(1.2).060004">
          <Name xml:lang="it" xmlns="http://www.sdmx.org/resources/sdmxml/schemas/v2_1/common">Alvito</Name>
          <Name xml:lang="en" xmlns="http://www.sdmx.org/resources/sdmxml/schemas/v2_1/common">Alvito</Name>
          <Parent>
            <Ref id="ITE45" xmlns="" />
          </Parent>
        </Code>
        <Code id="060005" urn="urn:sdmx:org.sdmx.infomodel.codelist.Code=IT1:CL_REFAREA(1.2).060005">
          <Name xml:lang="it" xmlns="http://www.sdmx.org/resources/sdmxml/schemas/v2_1/common">Amaseno</Name>
          <Name xml:lang="en" xmlns="http://www.sdmx.org/resources/sdmxml/schemas/v2_1/common">Amaseno</Name>
          <Parent>
            <Ref id="ITE45" xmlns="" />
          </Parent>
        </Code>
        <Code id="060006" urn="urn:sdmx:org.sdmx.infomodel.codelist.Code=IT1:CL_REFAREA(1.2).060006">
          <Name xml:lang="it" xmlns="http://www.sdmx.org/resources/sdmxml/schemas/v2_1/common">Anagni</Name>
          <Name xml:lang="en" xmlns="http://www.sdmx.org/resources/sdmxml/schemas/v2_1/common">Anagni</Name>
          <Parent>
            <Ref id="ITE45" xmlns="" />
          </Parent>
        </Code>
        <Code id="060007" urn="urn:sdmx:org.sdmx.infomodel.codelist.Code=IT1:CL_REFAREA(1.2).060007">
          <Name xml:lang="it" xmlns="http://www.sdmx.org/resources/sdmxml/schemas/v2_1/common">Aquino</Name>
          <Name xml:lang="en" xmlns="http://www.sdmx.org/resources/sdmxml/schemas/v2_1/common">Aquino</Name>
          <Parent>
            <Ref id="ITE45" xmlns="" />
          </Parent>
        </Code>
        <Code id="060008" urn="urn:sdmx:org.sdmx.infomodel.codelist.Code=IT1:CL_REFAREA(1.2).060008">
          <Name xml:lang="it" xmlns="http://www.sdmx.org/resources/sdmxml/schemas/v2_1/common">Arce</Name>
          <Name xml:lang="en" xmlns="http://www.sdmx.org/resources/sdmxml/schemas/v2_1/common">Arce</Name>
          <Parent>
            <Ref id="ITE45" xmlns="" />
          </Parent>
        </Code>
        <Code id="060009" urn="urn:sdmx:org.sdmx.infomodel.codelist.Code=IT1:CL_REFAREA(1.2).060009">
          <Name xml:lang="it" xmlns="http://www.sdmx.org/resources/sdmxml/schemas/v2_1/common">Arnara</Name>
          <Name xml:lang="en" xmlns="http://www.sdmx.org/resources/sdmxml/schemas/v2_1/common">Arnara</Name>
          <Parent>
            <Ref id="ITE45" xmlns="" />
          </Parent>
        </Code>
        <Code id="060010" urn="urn:sdmx:org.sdmx.infomodel.codelist.Code=IT1:CL_REFAREA(1.2).060010">
          <Name xml:lang="it" xmlns="http://www.sdmx.org/resources/sdmxml/schemas/v2_1/common">Arpino</Name>
          <Name xml:lang="en" xmlns="http://www.sdmx.org/resources/sdmxml/schemas/v2_1/common">Arpino</Name>
          <Parent>
            <Ref id="ITE45" xmlns="" />
          </Parent>
        </Code>
        <Code id="060011" urn="urn:sdmx:org.sdmx.infomodel.codelist.Code=IT1:CL_REFAREA(1.2).060011">
          <Name xml:lang="it" xmlns="http://www.sdmx.org/resources/sdmxml/schemas/v2_1/common">Atina</Name>
          <Name xml:lang="en" xmlns="http://www.sdmx.org/resources/sdmxml/schemas/v2_1/common">Atina</Name>
          <Parent>
            <Ref id="ITE45" xmlns="" />
          </Parent>
        </Code>
        <Code id="060012" urn="urn:sdmx:org.sdmx.infomodel.codelist.Code=IT1:CL_REFAREA(1.2).060012">
          <Name xml:lang="it" xmlns="http://www.sdmx.org/resources/sdmxml/schemas/v2_1/common">Ausonia</Name>
          <Name xml:lang="en" xmlns="http://www.sdmx.org/resources/sdmxml/schemas/v2_1/common">Ausonia</Name>
          <Parent>
            <Ref id="ITE45" xmlns="" />
          </Parent>
        </Code>
        <Code id="060013" urn="urn:sdmx:org.sdmx.infomodel.codelist.Code=IT1:CL_REFAREA(1.2).060013">
          <Name xml:lang="it" xmlns="http://www.sdmx.org/resources/sdmxml/schemas/v2_1/common">Belmonte Castello</Name>
          <Name xml:lang="en" xmlns="http://www.sdmx.org/resources/sdmxml/schemas/v2_1/common">Belmonte Castello</Name>
          <Parent>
            <Ref id="ITE45" xmlns="" />
          </Parent>
        </Code>
        <Code id="060014" urn="urn:sdmx:org.sdmx.infomodel.codelist.Code=IT1:CL_REFAREA(1.2).060014">
          <Name xml:lang="it" xmlns="http://www.sdmx.org/resources/sdmxml/schemas/v2_1/common">Boville Ernica</Name>
          <Name xml:lang="en" xmlns="http://www.sdmx.org/resources/sdmxml/schemas/v2_1/common">Boville Ernica</Name>
          <Parent>
            <Ref id="ITE45" xmlns="" />
          </Parent>
        </Code>
        <Code id="060015" urn="urn:sdmx:org.sdmx.infomodel.codelist.Code=IT1:CL_REFAREA(1.2).060015">
          <Name xml:lang="it" xmlns="http://www.sdmx.org/resources/sdmxml/schemas/v2_1/common">Broccostella</Name>
          <Name xml:lang="en" xmlns="http://www.sdmx.org/resources/sdmxml/schemas/v2_1/common">Broccostella</Name>
          <Parent>
            <Ref id="ITE45" xmlns="" />
          </Parent>
        </Code>
        <Code id="060016" urn="urn:sdmx:org.sdmx.infomodel.codelist.Code=IT1:CL_REFAREA(1.2).060016">
          <Name xml:lang="it" xmlns="http://www.sdmx.org/resources/sdmxml/schemas/v2_1/common">Campoli Appennino</Name>
          <Name xml:lang="en" xmlns="http://www.sdmx.org/resources/sdmxml/schemas/v2_1/common">Campoli Appennino</Name>
          <Parent>
            <Ref id="ITE45" xmlns="" />
          </Parent>
        </Code>
        <Code id="060017" urn="urn:sdmx:org.sdmx.infomodel.codelist.Code=IT1:CL_REFAREA(1.2).060017">
          <Name xml:lang="it" xmlns="http://www.sdmx.org/resources/sdmxml/schemas/v2_1/common">Casalattico</Name>
          <Name xml:lang="en" xmlns="http://www.sdmx.org/resources/sdmxml/schemas/v2_1/common">Casalattico</Name>
          <Parent>
            <Ref id="ITE45" xmlns="" />
          </Parent>
        </Code>
        <Code id="060018" urn="urn:sdmx:org.sdmx.infomodel.codelist.Code=IT1:CL_REFAREA(1.2).060018">
          <Name xml:lang="it" xmlns="http://www.sdmx.org/resources/sdmxml/schemas/v2_1/common">Casalvieri</Name>
          <Name xml:lang="en" xmlns="http://www.sdmx.org/resources/sdmxml/schemas/v2_1/common">Casalvieri</Name>
          <Parent>
            <Ref id="ITE45" xmlns="" />
          </Parent>
        </Code>
        <Code id="060019" urn="urn:sdmx:org.sdmx.infomodel.codelist.Code=IT1:CL_REFAREA(1.2).060019">
          <Name xml:lang="it" xmlns="http://www.sdmx.org/resources/sdmxml/schemas/v2_1/common">Cassino</Name>
          <Name xml:lang="en" xmlns="http://www.sdmx.org/resources/sdmxml/schemas/v2_1/common">Cassino</Name>
          <Parent>
            <Ref id="ITE45" xmlns="" />
          </Parent>
        </Code>
        <Code id="060020" urn="urn:sdmx:org.sdmx.infomodel.codelist.Code=IT1:CL_REFAREA(1.2).060020">
          <Name xml:lang="it" xmlns="http://www.sdmx.org/resources/sdmxml/schemas/v2_1/common">Castelliri</Name>
          <Name xml:lang="en" xmlns="http://www.sdmx.org/resources/sdmxml/schemas/v2_1/common">Castelliri</Name>
          <Parent>
            <Ref id="ITE45" xmlns="" />
          </Parent>
        </Code>
        <Code id="060021" urn="urn:sdmx:org.sdmx.infomodel.codelist.Code=IT1:CL_REFAREA(1.2).060021">
          <Name xml:lang="it" xmlns="http://www.sdmx.org/resources/sdmxml/schemas/v2_1/common">Castelnuovo Parano</Name>
          <Name xml:lang="en" xmlns="http://www.sdmx.org/resources/sdmxml/schemas/v2_1/common">Castelnuovo Parano</Name>
          <Parent>
            <Ref id="ITE45" xmlns="" />
          </Parent>
        </Code>
        <Code id="060022" urn="urn:sdmx:org.sdmx.infomodel.codelist.Code=IT1:CL_REFAREA(1.2).060022">
          <Name xml:lang="it" xmlns="http://www.sdmx.org/resources/sdmxml/schemas/v2_1/common">Castrocielo</Name>
          <Name xml:lang="en" xmlns="http://www.sdmx.org/resources/sdmxml/schemas/v2_1/common">Castrocielo</Name>
          <Parent>
            <Ref id="ITE45" xmlns="" />
          </Parent>
        </Code>
        <Code id="060023" urn="urn:sdmx:org.sdmx.infomodel.codelist.Code=IT1:CL_REFAREA(1.2).060023">
          <Name xml:lang="it" xmlns="http://www.sdmx.org/resources/sdmxml/schemas/v2_1/common">Castro dei Volsci</Name>
          <Name xml:lang="en" xmlns="http://www.sdmx.org/resources/sdmxml/schemas/v2_1/common">Castro dei Volsci</Name>
          <Parent>
            <Ref id="ITE45" xmlns="" />
          </Parent>
        </Code>
        <Code id="060024" urn="urn:sdmx:org.sdmx.infomodel.codelist.Code=IT1:CL_REFAREA(1.2).060024">
          <Name xml:lang="it" xmlns="http://www.sdmx.org/resources/sdmxml/schemas/v2_1/common">Ceccano</Name>
          <Name xml:lang="en" xmlns="http://www.sdmx.org/resources/sdmxml/schemas/v2_1/common">Ceccano</Name>
          <Parent>
            <Ref id="ITE45" xmlns="" />
          </Parent>
        </Code>
        <Code id="060025" urn="urn:sdmx:org.sdmx.infomodel.codelist.Code=IT1:CL_REFAREA(1.2).060025">
          <Name xml:lang="it" xmlns="http://www.sdmx.org/resources/sdmxml/schemas/v2_1/common">Ceprano</Name>
          <Name xml:lang="en" xmlns="http://www.sdmx.org/resources/sdmxml/schemas/v2_1/common">Ceprano</Name>
          <Parent>
            <Ref id="ITE45" xmlns="" />
          </Parent>
        </Code>
        <Code id="060026" urn="urn:sdmx:org.sdmx.infomodel.codelist.Code=IT1:CL_REFAREA(1.2).060026">
          <Name xml:lang="it" xmlns="http://www.sdmx.org/resources/sdmxml/schemas/v2_1/common">Cervaro</Name>
          <Name xml:lang="en" xmlns="http://www.sdmx.org/resources/sdmxml/schemas/v2_1/common">Cervaro</Name>
          <Parent>
            <Ref id="ITE45" xmlns="" />
          </Parent>
        </Code>
        <Code id="060027" urn="urn:sdmx:org.sdmx.infomodel.codelist.Code=IT1:CL_REFAREA(1.2).060027">
          <Name xml:lang="it" xmlns="http://www.sdmx.org/resources/sdmxml/schemas/v2_1/common">Colfelice</Name>
          <Name xml:lang="en" xmlns="http://www.sdmx.org/resources/sdmxml/schemas/v2_1/common">Colfelice</Name>
          <Parent>
            <Ref id="ITE45" xmlns="" />
          </Parent>
        </Code>
        <Code id="060028" urn="urn:sdmx:org.sdmx.infomodel.codelist.Code=IT1:CL_REFAREA(1.2).060028">
          <Name xml:lang="it" xmlns="http://www.sdmx.org/resources/sdmxml/schemas/v2_1/common">Collepardo</Name>
          <Name xml:lang="en" xmlns="http://www.sdmx.org/resources/sdmxml/schemas/v2_1/common">Collepardo</Name>
          <Parent>
            <Ref id="ITE45" xmlns="" />
          </Parent>
        </Code>
        <Code id="060029" urn="urn:sdmx:org.sdmx.infomodel.codelist.Code=IT1:CL_REFAREA(1.2).060029">
          <Name xml:lang="it" xmlns="http://www.sdmx.org/resources/sdmxml/schemas/v2_1/common">Colle San Magno</Name>
          <Name xml:lang="en" xmlns="http://www.sdmx.org/resources/sdmxml/schemas/v2_1/common">Colle San Magno</Name>
          <Parent>
            <Ref id="ITE45" xmlns="" />
          </Parent>
        </Code>
        <Code id="060030" urn="urn:sdmx:org.sdmx.infomodel.codelist.Code=IT1:CL_REFAREA(1.2).060030">
          <Name xml:lang="it" xmlns="http://www.sdmx.org/resources/sdmxml/schemas/v2_1/common">Coreno Ausonio</Name>
          <Name xml:lang="en" xmlns="http://www.sdmx.org/resources/sdmxml/schemas/v2_1/common">Coreno Ausonio</Name>
          <Parent>
            <Ref id="ITE45" xmlns="" />
          </Parent>
        </Code>
        <Code id="060031" urn="urn:sdmx:org.sdmx.infomodel.codelist.Code=IT1:CL_REFAREA(1.2).060031">
          <Name xml:lang="it" xmlns="http://www.sdmx.org/resources/sdmxml/schemas/v2_1/common">Esperia</Name>
          <Name xml:lang="en" xmlns="http://www.sdmx.org/resources/sdmxml/schemas/v2_1/common">Esperia</Name>
          <Parent>
            <Ref id="ITE45" xmlns="" />
          </Parent>
        </Code>
        <Code id="060032" urn="urn:sdmx:org.sdmx.infomodel.codelist.Code=IT1:CL_REFAREA(1.2).060032">
          <Name xml:lang="it" xmlns="http://www.sdmx.org/resources/sdmxml/schemas/v2_1/common">Falvaterra</Name>
          <Name xml:lang="en" xmlns="http://www.sdmx.org/resources/sdmxml/schemas/v2_1/common">Falvaterra</Name>
          <Parent>
            <Ref id="ITE45" xmlns="" />
          </Parent>
        </Code>
        <Code id="060033" urn="urn:sdmx:org.sdmx.infomodel.codelist.Code=IT1:CL_REFAREA(1.2).060033">
          <Name xml:lang="it" xmlns="http://www.sdmx.org/resources/sdmxml/schemas/v2_1/common">Ferentino</Name>
          <Name xml:lang="en" xmlns="http://www.sdmx.org/resources/sdmxml/schemas/v2_1/common">Ferentino</Name>
          <Parent>
            <Ref id="ITE45" xmlns="" />
          </Parent>
        </Code>
        <Code id="060034" urn="urn:sdmx:org.sdmx.infomodel.codelist.Code=IT1:CL_REFAREA(1.2).060034">
          <Name xml:lang="it" xmlns="http://www.sdmx.org/resources/sdmxml/schemas/v2_1/common">Filettino</Name>
          <Name xml:lang="en" xmlns="http://www.sdmx.org/resources/sdmxml/schemas/v2_1/common">Filettino</Name>
          <Parent>
            <Ref id="ITE45" xmlns="" />
          </Parent>
        </Code>
        <Code id="060035" urn="urn:sdmx:org.sdmx.infomodel.codelist.Code=IT1:CL_REFAREA(1.2).060035">
          <Name xml:lang="it" xmlns="http://www.sdmx.org/resources/sdmxml/schemas/v2_1/common">Fiuggi</Name>
          <Name xml:lang="en" xmlns="http://www.sdmx.org/resources/sdmxml/schemas/v2_1/common">Fiuggi</Name>
          <Parent>
            <Ref id="ITE45" xmlns="" />
          </Parent>
        </Code>
        <Code id="060036" urn="urn:sdmx:org.sdmx.infomodel.codelist.Code=IT1:CL_REFAREA(1.2).060036">
          <Name xml:lang="it" xmlns="http://www.sdmx.org/resources/sdmxml/schemas/v2_1/common">Fontana Liri</Name>
          <Name xml:lang="en" xmlns="http://www.sdmx.org/resources/sdmxml/schemas/v2_1/common">Fontana Liri</Name>
          <Parent>
            <Ref id="ITE45" xmlns="" />
          </Parent>
        </Code>
        <Code id="060037" urn="urn:sdmx:org.sdmx.infomodel.codelist.Code=IT1:CL_REFAREA(1.2).060037">
          <Name xml:lang="it" xmlns="http://www.sdmx.org/resources/sdmxml/schemas/v2_1/common">Fontechiari</Name>
          <Name xml:lang="en" xmlns="http://www.sdmx.org/resources/sdmxml/schemas/v2_1/common">Fontechiari</Name>
          <Parent>
            <Ref id="ITE45" xmlns="" />
          </Parent>
        </Code>
        <Code id="060038" urn="urn:sdmx:org.sdmx.infomodel.codelist.Code=IT1:CL_REFAREA(1.2).060038">
          <Name xml:lang="it" xmlns="http://www.sdmx.org/resources/sdmxml/schemas/v2_1/common">Frosinone</Name>
          <Name xml:lang="en" xmlns="http://www.sdmx.org/resources/sdmxml/schemas/v2_1/common">Frosinone</Name>
          <Parent>
            <Ref id="ITE45" xmlns="" />
          </Parent>
        </Code>
        <Code id="060039" urn="urn:sdmx:org.sdmx.infomodel.codelist.Code=IT1:CL_REFAREA(1.2).060039">
          <Name xml:lang="it" xmlns="http://www.sdmx.org/resources/sdmxml/schemas/v2_1/common">Fumone</Name>
          <Name xml:lang="en" xmlns="http://www.sdmx.org/resources/sdmxml/schemas/v2_1/common">Fumone</Name>
          <Parent>
            <Ref id="ITE45" xmlns="" />
          </Parent>
        </Code>
        <Code id="060040" urn="urn:sdmx:org.sdmx.infomodel.codelist.Code=IT1:CL_REFAREA(1.2).060040">
          <Name xml:lang="it" xmlns="http://www.sdmx.org/resources/sdmxml/schemas/v2_1/common">Gallinaro</Name>
          <Name xml:lang="en" xmlns="http://www.sdmx.org/resources/sdmxml/schemas/v2_1/common">Gallinaro</Name>
          <Parent>
            <Ref id="ITE45" xmlns="" />
          </Parent>
        </Code>
        <Code id="060041" urn="urn:sdmx:org.sdmx.infomodel.codelist.Code=IT1:CL_REFAREA(1.2).060041">
          <Name xml:lang="it" xmlns="http://www.sdmx.org/resources/sdmxml/schemas/v2_1/common">Giuliano di Roma</Name>
          <Name xml:lang="en" xmlns="http://www.sdmx.org/resources/sdmxml/schemas/v2_1/common">Giuliano di Roma</Name>
          <Parent>
            <Ref id="ITE45" xmlns="" />
          </Parent>
        </Code>
        <Code id="060042" urn="urn:sdmx:org.sdmx.infomodel.codelist.Code=IT1:CL_REFAREA(1.2).060042">
          <Name xml:lang="it" xmlns="http://www.sdmx.org/resources/sdmxml/schemas/v2_1/common">Guarcino</Name>
          <Name xml:lang="en" xmlns="http://www.sdmx.org/resources/sdmxml/schemas/v2_1/common">Guarcino</Name>
          <Parent>
            <Ref id="ITE45" xmlns="" />
          </Parent>
        </Code>
        <Code id="060043" urn="urn:sdmx:org.sdmx.infomodel.codelist.Code=IT1:CL_REFAREA(1.2).060043">
          <Name xml:lang="it" xmlns="http://www.sdmx.org/resources/sdmxml/schemas/v2_1/common">Isola del Liri</Name>
          <Name xml:lang="en" xmlns="http://www.sdmx.org/resources/sdmxml/schemas/v2_1/common">Isola del Liri</Name>
          <Parent>
            <Ref id="ITE45" xmlns="" />
          </Parent>
        </Code>
        <Code id="060044" urn="urn:sdmx:org.sdmx.infomodel.codelist.Code=IT1:CL_REFAREA(1.2).060044">
          <Name xml:lang="it" xmlns="http://www.sdmx.org/resources/sdmxml/schemas/v2_1/common">Monte San Giovanni Campano</Name>
          <Name xml:lang="en" xmlns="http://www.sdmx.org/resources/sdmxml/schemas/v2_1/common">Monte San Giovanni Campano</Name>
          <Parent>
            <Ref id="ITE45" xmlns="" />
          </Parent>
        </Code>
        <Code id="060045" urn="urn:sdmx:org.sdmx.infomodel.codelist.Code=IT1:CL_REFAREA(1.2).060045">
          <Name xml:lang="it" xmlns="http://www.sdmx.org/resources/sdmxml/schemas/v2_1/common">Morolo</Name>
          <Name xml:lang="en" xmlns="http://www.sdmx.org/resources/sdmxml/schemas/v2_1/common">Morolo</Name>
          <Parent>
            <Ref id="ITE45" xmlns="" />
          </Parent>
        </Code>
        <Code id="060046" urn="urn:sdmx:org.sdmx.infomodel.codelist.Code=IT1:CL_REFAREA(1.2).060046">
          <Name xml:lang="it" xmlns="http://www.sdmx.org/resources/sdmxml/schemas/v2_1/common">Paliano</Name>
          <Name xml:lang="en" xmlns="http://www.sdmx.org/resources/sdmxml/schemas/v2_1/common">Paliano</Name>
          <Parent>
            <Ref id="ITE45" xmlns="" />
          </Parent>
        </Code>
        <Code id="060047" urn="urn:sdmx:org.sdmx.infomodel.codelist.Code=IT1:CL_REFAREA(1.2).060047">
          <Name xml:lang="it" xmlns="http://www.sdmx.org/resources/sdmxml/schemas/v2_1/common">Pastena</Name>
          <Name xml:lang="en" xmlns="http://www.sdmx.org/resources/sdmxml/schemas/v2_1/common">Pastena</Name>
          <Parent>
            <Ref id="ITE45" xmlns="" />
          </Parent>
        </Code>
        <Code id="060048" urn="urn:sdmx:org.sdmx.infomodel.codelist.Code=IT1:CL_REFAREA(1.2).060048">
          <Name xml:lang="it" xmlns="http://www.sdmx.org/resources/sdmxml/schemas/v2_1/common">Patrica</Name>
          <Name xml:lang="en" xmlns="http://www.sdmx.org/resources/sdmxml/schemas/v2_1/common">Patrica</Name>
          <Parent>
            <Ref id="ITE45" xmlns="" />
          </Parent>
        </Code>
        <Code id="060049" urn="urn:sdmx:org.sdmx.infomodel.codelist.Code=IT1:CL_REFAREA(1.2).060049">
          <Name xml:lang="it" xmlns="http://www.sdmx.org/resources/sdmxml/schemas/v2_1/common">Pescosolido</Name>
          <Name xml:lang="en" xmlns="http://www.sdmx.org/resources/sdmxml/schemas/v2_1/common">Pescosolido</Name>
          <Parent>
            <Ref id="ITE45" xmlns="" />
          </Parent>
        </Code>
        <Code id="060050" urn="urn:sdmx:org.sdmx.infomodel.codelist.Code=IT1:CL_REFAREA(1.2).060050">
          <Name xml:lang="it" xmlns="http://www.sdmx.org/resources/sdmxml/schemas/v2_1/common">Picinisco</Name>
          <Name xml:lang="en" xmlns="http://www.sdmx.org/resources/sdmxml/schemas/v2_1/common">Picinisco</Name>
          <Parent>
            <Ref id="ITE45" xmlns="" />
          </Parent>
        </Code>
        <Code id="060051" urn="urn:sdmx:org.sdmx.infomodel.codelist.Code=IT1:CL_REFAREA(1.2).060051">
          <Name xml:lang="it" xmlns="http://www.sdmx.org/resources/sdmxml/schemas/v2_1/common">Pico</Name>
          <Name xml:lang="en" xmlns="http://www.sdmx.org/resources/sdmxml/schemas/v2_1/common">Pico</Name>
          <Parent>
            <Ref id="ITE45" xmlns="" />
          </Parent>
        </Code>
        <Code id="060052" urn="urn:sdmx:org.sdmx.infomodel.codelist.Code=IT1:CL_REFAREA(1.2).060052">
          <Name xml:lang="it" xmlns="http://www.sdmx.org/resources/sdmxml/schemas/v2_1/common">Piedimonte San Germano</Name>
          <Name xml:lang="en" xmlns="http://www.sdmx.org/resources/sdmxml/schemas/v2_1/common">Piedimonte San Germano</Name>
          <Parent>
            <Ref id="ITE45" xmlns="" />
          </Parent>
        </Code>
        <Code id="060053" urn="urn:sdmx:org.sdmx.infomodel.codelist.Code=IT1:CL_REFAREA(1.2).060053">
          <Name xml:lang="it" xmlns="http://www.sdmx.org/resources/sdmxml/schemas/v2_1/common">Piglio</Name>
          <Name xml:lang="en" xmlns="http://www.sdmx.org/resources/sdmxml/schemas/v2_1/common">Piglio</Name>
          <Parent>
            <Ref id="ITE45" xmlns="" />
          </Parent>
        </Code>
        <Code id="060054" urn="urn:sdmx:org.sdmx.infomodel.codelist.Code=IT1:CL_REFAREA(1.2).060054">
          <Name xml:lang="it" xmlns="http://www.sdmx.org/resources/sdmxml/schemas/v2_1/common">Pignataro Interamna</Name>
          <Name xml:lang="en" xmlns="http://www.sdmx.org/resources/sdmxml/schemas/v2_1/common">Pignataro Interamna</Name>
          <Parent>
            <Ref id="ITE45" xmlns="" />
          </Parent>
        </Code>
        <Code id="060055" urn="urn:sdmx:org.sdmx.infomodel.codelist.Code=IT1:CL_REFAREA(1.2).060055">
          <Name xml:lang="it" xmlns="http://www.sdmx.org/resources/sdmxml/schemas/v2_1/common">Pofi</Name>
          <Name xml:lang="en" xmlns="http://www.sdmx.org/resources/sdmxml/schemas/v2_1/common">Pofi</Name>
          <Parent>
            <Ref id="ITE45" xmlns="" />
          </Parent>
        </Code>
        <Code id="060056" urn="urn:sdmx:org.sdmx.infomodel.codelist.Code=IT1:CL_REFAREA(1.2).060056">
          <Name xml:lang="it" xmlns="http://www.sdmx.org/resources/sdmxml/schemas/v2_1/common">Pontecorvo</Name>
          <Name xml:lang="en" xmlns="http://www.sdmx.org/resources/sdmxml/schemas/v2_1/common">Pontecorvo</Name>
          <Parent>
            <Ref id="ITE45" xmlns="" />
          </Parent>
        </Code>
        <Code id="060057" urn="urn:sdmx:org.sdmx.infomodel.codelist.Code=IT1:CL_REFAREA(1.2).060057">
          <Name xml:lang="it" xmlns="http://www.sdmx.org/resources/sdmxml/schemas/v2_1/common">Posta Fibreno</Name>
          <Name xml:lang="en" xmlns="http://www.sdmx.org/resources/sdmxml/schemas/v2_1/common">Posta Fibreno</Name>
          <Parent>
            <Ref id="ITE45" xmlns="" />
          </Parent>
        </Code>
        <Code id="060058" urn="urn:sdmx:org.sdmx.infomodel.codelist.Code=IT1:CL_REFAREA(1.2).060058">
          <Name xml:lang="it" xmlns="http://www.sdmx.org/resources/sdmxml/schemas/v2_1/common">Ripi</Name>
          <Name xml:lang="en" xmlns="http://www.sdmx.org/resources/sdmxml/schemas/v2_1/common">Ripi</Name>
          <Parent>
            <Ref id="ITE45" xmlns="" />
          </Parent>
        </Code>
        <Code id="060059" urn="urn:sdmx:org.sdmx.infomodel.codelist.Code=IT1:CL_REFAREA(1.2).060059">
          <Name xml:lang="it" xmlns="http://www.sdmx.org/resources/sdmxml/schemas/v2_1/common">Rocca d'Arce</Name>
          <Name xml:lang="en" xmlns="http://www.sdmx.org/resources/sdmxml/schemas/v2_1/common">Rocca d'Arce</Name>
          <Parent>
            <Ref id="ITE45" xmlns="" />
          </Parent>
        </Code>
        <Code id="060060" urn="urn:sdmx:org.sdmx.infomodel.codelist.Code=IT1:CL_REFAREA(1.2).060060">
          <Name xml:lang="it" xmlns="http://www.sdmx.org/resources/sdmxml/schemas/v2_1/common">Roccasecca</Name>
          <Name xml:lang="en" xmlns="http://www.sdmx.org/resources/sdmxml/schemas/v2_1/common">Roccasecca</Name>
          <Parent>
            <Ref id="ITE45" xmlns="" />
          </Parent>
        </Code>
        <Code id="060061" urn="urn:sdmx:org.sdmx.infomodel.codelist.Code=IT1:CL_REFAREA(1.2).060061">
          <Name xml:lang="it" xmlns="http://www.sdmx.org/resources/sdmxml/schemas/v2_1/common">San Biagio Saracinisco</Name>
          <Name xml:lang="en" xmlns="http://www.sdmx.org/resources/sdmxml/schemas/v2_1/common">San Biagio Saracinisco</Name>
          <Parent>
            <Ref id="ITE45" xmlns="" />
          </Parent>
        </Code>
        <Code id="060062" urn="urn:sdmx:org.sdmx.infomodel.codelist.Code=IT1:CL_REFAREA(1.2).060062">
          <Name xml:lang="it" xmlns="http://www.sdmx.org/resources/sdmxml/schemas/v2_1/common">San Donato Val di Comino</Name>
          <Name xml:lang="en" xmlns="http://www.sdmx.org/resources/sdmxml/schemas/v2_1/common">San Donato Val di Comino</Name>
          <Parent>
            <Ref id="ITE45" xmlns="" />
          </Parent>
        </Code>
        <Code id="060063" urn="urn:sdmx:org.sdmx.infomodel.codelist.Code=IT1:CL_REFAREA(1.2).060063">
          <Name xml:lang="it" xmlns="http://www.sdmx.org/resources/sdmxml/schemas/v2_1/common">San Giorgio a Liri</Name>
          <Name xml:lang="en" xmlns="http://www.sdmx.org/resources/sdmxml/schemas/v2_1/common">San Giorgio a Liri</Name>
          <Parent>
            <Ref id="ITE45" xmlns="" />
          </Parent>
        </Code>
        <Code id="060064" urn="urn:sdmx:org.sdmx.infomodel.codelist.Code=IT1:CL_REFAREA(1.2).060064">
          <Name xml:lang="it" xmlns="http://www.sdmx.org/resources/sdmxml/schemas/v2_1/common">San Giovanni Incarico</Name>
          <Name xml:lang="en" xmlns="http://www.sdmx.org/resources/sdmxml/schemas/v2_1/common">San Giovanni Incarico</Name>
          <Parent>
            <Ref id="ITE45" xmlns="" />
          </Parent>
        </Code>
        <Code id="060065" urn="urn:sdmx:org.sdmx.infomodel.codelist.Code=IT1:CL_REFAREA(1.2).060065">
          <Name xml:lang="it" xmlns="http://www.sdmx.org/resources/sdmxml/schemas/v2_1/common">Sant'Ambrogio sul Garigliano</Name>
          <Name xml:lang="en" xmlns="http://www.sdmx.org/resources/sdmxml/schemas/v2_1/common">Sant'Ambrogio sul Garigliano</Name>
          <Parent>
            <Ref id="ITE45" xmlns="" />
          </Parent>
        </Code>
        <Code id="060066" urn="urn:sdmx:org.sdmx.infomodel.codelist.Code=IT1:CL_REFAREA(1.2).060066">
          <Name xml:lang="it" xmlns="http://www.sdmx.org/resources/sdmxml/schemas/v2_1/common">Sant'Andrea del Garigliano</Name>
          <Name xml:lang="en" xmlns="http://www.sdmx.org/resources/sdmxml/schemas/v2_1/common">Sant'Andrea del Garigliano</Name>
          <Parent>
            <Ref id="ITE45" xmlns="" />
          </Parent>
        </Code>
        <Code id="060067" urn="urn:sdmx:org.sdmx.infomodel.codelist.Code=IT1:CL_REFAREA(1.2).060067">
          <Name xml:lang="it" xmlns="http://www.sdmx.org/resources/sdmxml/schemas/v2_1/common">Sant'Apollinare</Name>
          <Name xml:lang="en" xmlns="http://www.sdmx.org/resources/sdmxml/schemas/v2_1/common">Sant'Apollinare</Name>
          <Parent>
            <Ref id="ITE45" xmlns="" />
          </Parent>
        </Code>
        <Code id="060068" urn="urn:sdmx:org.sdmx.infomodel.codelist.Code=IT1:CL_REFAREA(1.2).060068">
          <Name xml:lang="it" xmlns="http://www.sdmx.org/resources/sdmxml/schemas/v2_1/common">Sant'Elia Fiumerapido</Name>
          <Name xml:lang="en" xmlns="http://www.sdmx.org/resources/sdmxml/schemas/v2_1/common">Sant'Elia Fiumerapido</Name>
          <Parent>
            <Ref id="ITE45" xmlns="" />
          </Parent>
        </Code>
        <Code id="060069" urn="urn:sdmx:org.sdmx.infomodel.codelist.Code=IT1:CL_REFAREA(1.2).060069">
          <Name xml:lang="it" xmlns="http://www.sdmx.org/resources/sdmxml/schemas/v2_1/common">Santopadre</Name>
          <Name xml:lang="en" xmlns="http://www.sdmx.org/resources/sdmxml/schemas/v2_1/common">Santopadre</Name>
          <Parent>
            <Ref id="ITE45" xmlns="" />
          </Parent>
        </Code>
        <Code id="060070" urn="urn:sdmx:org.sdmx.infomodel.codelist.Code=IT1:CL_REFAREA(1.2).060070">
          <Name xml:lang="it" xmlns="http://www.sdmx.org/resources/sdmxml/schemas/v2_1/common">San Vittore del Lazio</Name>
          <Name xml:lang="en" xmlns="http://www.sdmx.org/resources/sdmxml/schemas/v2_1/common">San Vittore del Lazio</Name>
          <Parent>
            <Ref id="ITE45" xmlns="" />
          </Parent>
        </Code>
        <Code id="060071" urn="urn:sdmx:org.sdmx.infomodel.codelist.Code=IT1:CL_REFAREA(1.2).060071">
          <Name xml:lang="it" xmlns="http://www.sdmx.org/resources/sdmxml/schemas/v2_1/common">Serrone</Name>
          <Name xml:lang="en" xmlns="http://www.sdmx.org/resources/sdmxml/schemas/v2_1/common">Serrone</Name>
          <Parent>
            <Ref id="ITE45" xmlns="" />
          </Parent>
        </Code>
        <Code id="060072" urn="urn:sdmx:org.sdmx.infomodel.codelist.Code=IT1:CL_REFAREA(1.2).060072">
          <Name xml:lang="it" xmlns="http://www.sdmx.org/resources/sdmxml/schemas/v2_1/common">Settefrati</Name>
          <Name xml:lang="en" xmlns="http://www.sdmx.org/resources/sdmxml/schemas/v2_1/common">Settefrati</Name>
          <Parent>
            <Ref id="ITE45" xmlns="" />
          </Parent>
        </Code>
        <Code id="060073" urn="urn:sdmx:org.sdmx.infomodel.codelist.Code=IT1:CL_REFAREA(1.2).060073">
          <Name xml:lang="it" xmlns="http://www.sdmx.org/resources/sdmxml/schemas/v2_1/common">Sgurgola</Name>
          <Name xml:lang="en" xmlns="http://www.sdmx.org/resources/sdmxml/schemas/v2_1/common">Sgurgola</Name>
          <Parent>
            <Ref id="ITE45" xmlns="" />
          </Parent>
        </Code>
        <Code id="060074" urn="urn:sdmx:org.sdmx.infomodel.codelist.Code=IT1:CL_REFAREA(1.2).060074">
          <Name xml:lang="it" xmlns="http://www.sdmx.org/resources/sdmxml/schemas/v2_1/common">Sora</Name>
          <Name xml:lang="en" xmlns="http://www.sdmx.org/resources/sdmxml/schemas/v2_1/common">Sora</Name>
          <Parent>
            <Ref id="ITE45" xmlns="" />
          </Parent>
        </Code>
        <Code id="060075" urn="urn:sdmx:org.sdmx.infomodel.codelist.Code=IT1:CL_REFAREA(1.2).060075">
          <Name xml:lang="it" xmlns="http://www.sdmx.org/resources/sdmxml/schemas/v2_1/common">Strangolagalli</Name>
          <Name xml:lang="en" xmlns="http://www.sdmx.org/resources/sdmxml/schemas/v2_1/common">Strangolagalli</Name>
          <Parent>
            <Ref id="ITE45" xmlns="" />
          </Parent>
        </Code>
        <Code id="060076" urn="urn:sdmx:org.sdmx.infomodel.codelist.Code=IT1:CL_REFAREA(1.2).060076">
          <Name xml:lang="it" xmlns="http://www.sdmx.org/resources/sdmxml/schemas/v2_1/common">Supino</Name>
          <Name xml:lang="en" xmlns="http://www.sdmx.org/resources/sdmxml/schemas/v2_1/common">Supino</Name>
          <Parent>
            <Ref id="ITE45" xmlns="" />
          </Parent>
        </Code>
        <Code id="060077" urn="urn:sdmx:org.sdmx.infomodel.codelist.Code=IT1:CL_REFAREA(1.2).060077">
          <Name xml:lang="it" xmlns="http://www.sdmx.org/resources/sdmxml/schemas/v2_1/common">Terelle</Name>
          <Name xml:lang="en" xmlns="http://www.sdmx.org/resources/sdmxml/schemas/v2_1/common">Terelle</Name>
          <Parent>
            <Ref id="ITE45" xmlns="" />
          </Parent>
        </Code>
        <Code id="060078" urn="urn:sdmx:org.sdmx.infomodel.codelist.Code=IT1:CL_REFAREA(1.2).060078">
          <Name xml:lang="it" xmlns="http://www.sdmx.org/resources/sdmxml/schemas/v2_1/common">Torre Cajetani</Name>
          <Name xml:lang="en" xmlns="http://www.sdmx.org/resources/sdmxml/schemas/v2_1/common">Torre Cajetani</Name>
          <Parent>
            <Ref id="ITE45" xmlns="" />
          </Parent>
        </Code>
        <Code id="060079" urn="urn:sdmx:org.sdmx.infomodel.codelist.Code=IT1:CL_REFAREA(1.2).060079">
          <Name xml:lang="it" xmlns="http://www.sdmx.org/resources/sdmxml/schemas/v2_1/common">Torrice</Name>
          <Name xml:lang="en" xmlns="http://www.sdmx.org/resources/sdmxml/schemas/v2_1/common">Torrice</Name>
          <Parent>
            <Ref id="ITE45" xmlns="" />
          </Parent>
        </Code>
        <Code id="060080" urn="urn:sdmx:org.sdmx.infomodel.codelist.Code=IT1:CL_REFAREA(1.2).060080">
          <Name xml:lang="it" xmlns="http://www.sdmx.org/resources/sdmxml/schemas/v2_1/common">Trevi nel Lazio</Name>
          <Name xml:lang="en" xmlns="http://www.sdmx.org/resources/sdmxml/schemas/v2_1/common">Trevi nel Lazio</Name>
          <Parent>
            <Ref id="ITE45" xmlns="" />
          </Parent>
        </Code>
        <Code id="060081" urn="urn:sdmx:org.sdmx.infomodel.codelist.Code=IT1:CL_REFAREA(1.2).060081">
          <Name xml:lang="it" xmlns="http://www.sdmx.org/resources/sdmxml/schemas/v2_1/common">Trivigliano</Name>
          <Name xml:lang="en" xmlns="http://www.sdmx.org/resources/sdmxml/schemas/v2_1/common">Trivigliano</Name>
          <Parent>
            <Ref id="ITE45" xmlns="" />
          </Parent>
        </Code>
        <Code id="060082" urn="urn:sdmx:org.sdmx.infomodel.codelist.Code=IT1:CL_REFAREA(1.2).060082">
          <Name xml:lang="it" xmlns="http://www.sdmx.org/resources/sdmxml/schemas/v2_1/common">Vallecorsa</Name>
          <Name xml:lang="en" xmlns="http://www.sdmx.org/resources/sdmxml/schemas/v2_1/common">Vallecorsa</Name>
          <Parent>
            <Ref id="ITE45" xmlns="" />
          </Parent>
        </Code>
        <Code id="060083" urn="urn:sdmx:org.sdmx.infomodel.codelist.Code=IT1:CL_REFAREA(1.2).060083">
          <Name xml:lang="it" xmlns="http://www.sdmx.org/resources/sdmxml/schemas/v2_1/common">Vallemaio</Name>
          <Name xml:lang="en" xmlns="http://www.sdmx.org/resources/sdmxml/schemas/v2_1/common">Vallemaio</Name>
          <Parent>
            <Ref id="ITE45" xmlns="" />
          </Parent>
        </Code>
        <Code id="060084" urn="urn:sdmx:org.sdmx.infomodel.codelist.Code=IT1:CL_REFAREA(1.2).060084">
          <Name xml:lang="it" xmlns="http://www.sdmx.org/resources/sdmxml/schemas/v2_1/common">Vallerotonda</Name>
          <Name xml:lang="en" xmlns="http://www.sdmx.org/resources/sdmxml/schemas/v2_1/common">Vallerotonda</Name>
          <Parent>
            <Ref id="ITE45" xmlns="" />
          </Parent>
        </Code>
        <Code id="060085" urn="urn:sdmx:org.sdmx.infomodel.codelist.Code=IT1:CL_REFAREA(1.2).060085">
          <Name xml:lang="it" xmlns="http://www.sdmx.org/resources/sdmxml/schemas/v2_1/common">Veroli</Name>
          <Name xml:lang="en" xmlns="http://www.sdmx.org/resources/sdmxml/schemas/v2_1/common">Veroli</Name>
          <Parent>
            <Ref id="ITE45" xmlns="" />
          </Parent>
        </Code>
        <Code id="060086" urn="urn:sdmx:org.sdmx.infomodel.codelist.Code=IT1:CL_REFAREA(1.2).060086">
          <Name xml:lang="it" xmlns="http://www.sdmx.org/resources/sdmxml/schemas/v2_1/common">Vicalvi</Name>
          <Name xml:lang="en" xmlns="http://www.sdmx.org/resources/sdmxml/schemas/v2_1/common">Vicalvi</Name>
          <Parent>
            <Ref id="ITE45" xmlns="" />
          </Parent>
        </Code>
        <Code id="060087" urn="urn:sdmx:org.sdmx.infomodel.codelist.Code=IT1:CL_REFAREA(1.2).060087">
          <Name xml:lang="it" xmlns="http://www.sdmx.org/resources/sdmxml/schemas/v2_1/common">Vico nel Lazio</Name>
          <Name xml:lang="en" xmlns="http://www.sdmx.org/resources/sdmxml/schemas/v2_1/common">Vico nel Lazio</Name>
          <Parent>
            <Ref id="ITE45" xmlns="" />
          </Parent>
        </Code>
        <Code id="060088" urn="urn:sdmx:org.sdmx.infomodel.codelist.Code=IT1:CL_REFAREA(1.2).060088">
          <Name xml:lang="it" xmlns="http://www.sdmx.org/resources/sdmxml/schemas/v2_1/common">Villa Latina</Name>
          <Name xml:lang="en" xmlns="http://www.sdmx.org/resources/sdmxml/schemas/v2_1/common">Villa Latina</Name>
          <Parent>
            <Ref id="ITE45" xmlns="" />
          </Parent>
        </Code>
        <Code id="060089" urn="urn:sdmx:org.sdmx.infomodel.codelist.Code=IT1:CL_REFAREA(1.2).060089">
          <Name xml:lang="it" xmlns="http://www.sdmx.org/resources/sdmxml/schemas/v2_1/common">Villa Santa Lucia</Name>
          <Name xml:lang="en" xmlns="http://www.sdmx.org/resources/sdmxml/schemas/v2_1/common">Villa Santa Lucia</Name>
          <Parent>
            <Ref id="ITE45" xmlns="" />
          </Parent>
        </Code>
        <Code id="060090" urn="urn:sdmx:org.sdmx.infomodel.codelist.Code=IT1:CL_REFAREA(1.2).060090">
          <Name xml:lang="it" xmlns="http://www.sdmx.org/resources/sdmxml/schemas/v2_1/common">Villa Santo Stefano</Name>
          <Name xml:lang="en" xmlns="http://www.sdmx.org/resources/sdmxml/schemas/v2_1/common">Villa Santo Stefano</Name>
          <Parent>
            <Ref id="ITE45" xmlns="" />
          </Parent>
        </Code>
        <Code id="060091" urn="urn:sdmx:org.sdmx.infomodel.codelist.Code=IT1:CL_REFAREA(1.2).060091">
          <Name xml:lang="it" xmlns="http://www.sdmx.org/resources/sdmxml/schemas/v2_1/common">Viticuso</Name>
          <Name xml:lang="en" xmlns="http://www.sdmx.org/resources/sdmxml/schemas/v2_1/common">Viticuso</Name>
          <Parent>
            <Ref id="ITE45" xmlns="" />
          </Parent>
        </Code>
        <Code id="061001" urn="urn:sdmx:org.sdmx.infomodel.codelist.Code=IT1:CL_REFAREA(1.2).061001">
          <Name xml:lang="it" xmlns="http://www.sdmx.org/resources/sdmxml/schemas/v2_1/common">Ailano</Name>
          <Name xml:lang="en" xmlns="http://www.sdmx.org/resources/sdmxml/schemas/v2_1/common">Ailano</Name>
          <Parent>
            <Ref id="ITF31" xmlns="" />
          </Parent>
        </Code>
        <Code id="061002" urn="urn:sdmx:org.sdmx.infomodel.codelist.Code=IT1:CL_REFAREA(1.2).061002">
          <Name xml:lang="it" xmlns="http://www.sdmx.org/resources/sdmxml/schemas/v2_1/common">Alife</Name>
          <Name xml:lang="en" xmlns="http://www.sdmx.org/resources/sdmxml/schemas/v2_1/common">Alife</Name>
          <Parent>
            <Ref id="ITF31" xmlns="" />
          </Parent>
        </Code>
        <Code id="061003" urn="urn:sdmx:org.sdmx.infomodel.codelist.Code=IT1:CL_REFAREA(1.2).061003">
          <Name xml:lang="it" xmlns="http://www.sdmx.org/resources/sdmxml/schemas/v2_1/common">Alvignano</Name>
          <Name xml:lang="en" xmlns="http://www.sdmx.org/resources/sdmxml/schemas/v2_1/common">Alvignano</Name>
          <Parent>
            <Ref id="ITF31" xmlns="" />
          </Parent>
        </Code>
        <Code id="061004" urn="urn:sdmx:org.sdmx.infomodel.codelist.Code=IT1:CL_REFAREA(1.2).061004">
          <Name xml:lang="it" xmlns="http://www.sdmx.org/resources/sdmxml/schemas/v2_1/common">Arienzo</Name>
          <Name xml:lang="en" xmlns="http://www.sdmx.org/resources/sdmxml/schemas/v2_1/common">Arienzo</Name>
          <Parent>
            <Ref id="ITF31" xmlns="" />
          </Parent>
        </Code>
        <Code id="061005" urn="urn:sdmx:org.sdmx.infomodel.codelist.Code=IT1:CL_REFAREA(1.2).061005">
          <Name xml:lang="it" xmlns="http://www.sdmx.org/resources/sdmxml/schemas/v2_1/common">Aversa</Name>
          <Name xml:lang="en" xmlns="http://www.sdmx.org/resources/sdmxml/schemas/v2_1/common">Aversa</Name>
          <Parent>
            <Ref id="ITF31" xmlns="" />
          </Parent>
        </Code>
        <Code id="061006" urn="urn:sdmx:org.sdmx.infomodel.codelist.Code=IT1:CL_REFAREA(1.2).061006">
          <Name xml:lang="it" xmlns="http://www.sdmx.org/resources/sdmxml/schemas/v2_1/common">Baia e Latina</Name>
          <Name xml:lang="en" xmlns="http://www.sdmx.org/resources/sdmxml/schemas/v2_1/common">Baia e Latina</Name>
          <Parent>
            <Ref id="ITF31" xmlns="" />
          </Parent>
        </Code>
        <Code id="061007" urn="urn:sdmx:org.sdmx.infomodel.codelist.Code=IT1:CL_REFAREA(1.2).061007">
          <Name xml:lang="it" xmlns="http://www.sdmx.org/resources/sdmxml/schemas/v2_1/common">Bellona</Name>
          <Name xml:lang="en" xmlns="http://www.sdmx.org/resources/sdmxml/schemas/v2_1/common">Bellona</Name>
          <Parent>
            <Ref id="ITF31" xmlns="" />
          </Parent>
        </Code>
        <Code id="061008" urn="urn:sdmx:org.sdmx.infomodel.codelist.Code=IT1:CL_REFAREA(1.2).061008">
          <Name xml:lang="it" xmlns="http://www.sdmx.org/resources/sdmxml/schemas/v2_1/common">Caianello</Name>
          <Name xml:lang="en" xmlns="http://www.sdmx.org/resources/sdmxml/schemas/v2_1/common">Caianello</Name>
          <Parent>
            <Ref id="ITF31" xmlns="" />
          </Parent>
        </Code>
        <Code id="061009" urn="urn:sdmx:org.sdmx.infomodel.codelist.Code=IT1:CL_REFAREA(1.2).061009">
          <Name xml:lang="it" xmlns="http://www.sdmx.org/resources/sdmxml/schemas/v2_1/common">Caiazzo</Name>
          <Name xml:lang="en" xmlns="http://www.sdmx.org/resources/sdmxml/schemas/v2_1/common">Caiazzo</Name>
          <Parent>
            <Ref id="ITF31" xmlns="" />
          </Parent>
        </Code>
        <Code id="061010" urn="urn:sdmx:org.sdmx.infomodel.codelist.Code=IT1:CL_REFAREA(1.2).061010">
          <Name xml:lang="it" xmlns="http://www.sdmx.org/resources/sdmxml/schemas/v2_1/common">Calvi Risorta</Name>
          <Name xml:lang="en" xmlns="http://www.sdmx.org/resources/sdmxml/schemas/v2_1/common">Calvi Risorta</Name>
          <Parent>
            <Ref id="ITF31" xmlns="" />
          </Parent>
        </Code>
        <Code id="061011" urn="urn:sdmx:org.sdmx.infomodel.codelist.Code=IT1:CL_REFAREA(1.2).061011">
          <Name xml:lang="it" xmlns="http://www.sdmx.org/resources/sdmxml/schemas/v2_1/common">Camigliano</Name>
          <Name xml:lang="en" xmlns="http://www.sdmx.org/resources/sdmxml/schemas/v2_1/common">Camigliano</Name>
          <Parent>
            <Ref id="ITF31" xmlns="" />
          </Parent>
        </Code>
        <Code id="061012" urn="urn:sdmx:org.sdmx.infomodel.codelist.Code=IT1:CL_REFAREA(1.2).061012">
          <Name xml:lang="it" xmlns="http://www.sdmx.org/resources/sdmxml/schemas/v2_1/common">Cancello ed Arnone</Name>
          <Name xml:lang="en" xmlns="http://www.sdmx.org/resources/sdmxml/schemas/v2_1/common">Cancello ed Arnone</Name>
          <Parent>
            <Ref id="ITF31" xmlns="" />
          </Parent>
        </Code>
        <Code id="061013" urn="urn:sdmx:org.sdmx.infomodel.codelist.Code=IT1:CL_REFAREA(1.2).061013">
          <Name xml:lang="it" xmlns="http://www.sdmx.org/resources/sdmxml/schemas/v2_1/common">Capodrise</Name>
          <Name xml:lang="en" xmlns="http://www.sdmx.org/resources/sdmxml/schemas/v2_1/common">Capodrise</Name>
          <Parent>
            <Ref id="ITF31" xmlns="" />
          </Parent>
        </Code>
        <Code id="061014" urn="urn:sdmx:org.sdmx.infomodel.codelist.Code=IT1:CL_REFAREA(1.2).061014">
          <Name xml:lang="it" xmlns="http://www.sdmx.org/resources/sdmxml/schemas/v2_1/common">Capriati a Volturno</Name>
          <Name xml:lang="en" xmlns="http://www.sdmx.org/resources/sdmxml/schemas/v2_1/common">Capriati a Volturno</Name>
          <Parent>
            <Ref id="ITF31" xmlns="" />
          </Parent>
        </Code>
        <Code id="061015" urn="urn:sdmx:org.sdmx.infomodel.codelist.Code=IT1:CL_REFAREA(1.2).061015">
          <Name xml:lang="it" xmlns="http://www.sdmx.org/resources/sdmxml/schemas/v2_1/common">Capua</Name>
          <Name xml:lang="en" xmlns="http://www.sdmx.org/resources/sdmxml/schemas/v2_1/common">Capua</Name>
          <Parent>
            <Ref id="ITF31" xmlns="" />
          </Parent>
        </Code>
        <Code id="061016" urn="urn:sdmx:org.sdmx.infomodel.codelist.Code=IT1:CL_REFAREA(1.2).061016">
          <Name xml:lang="it" xmlns="http://www.sdmx.org/resources/sdmxml/schemas/v2_1/common">Carinaro</Name>
          <Name xml:lang="en" xmlns="http://www.sdmx.org/resources/sdmxml/schemas/v2_1/common">Carinaro</Name>
          <Parent>
            <Ref id="ITF31" xmlns="" />
          </Parent>
        </Code>
        <Code id="061017" urn="urn:sdmx:org.sdmx.infomodel.codelist.Code=IT1:CL_REFAREA(1.2).061017">
          <Name xml:lang="it" xmlns="http://www.sdmx.org/resources/sdmxml/schemas/v2_1/common">Carinola</Name>
          <Name xml:lang="en" xmlns="http://www.sdmx.org/resources/sdmxml/schemas/v2_1/common">Carinola</Name>
          <Parent>
            <Ref id="ITF31" xmlns="" />
          </Parent>
        </Code>
        <Code id="061018" urn="urn:sdmx:org.sdmx.infomodel.codelist.Code=IT1:CL_REFAREA(1.2).061018">
          <Name xml:lang="it" xmlns="http://www.sdmx.org/resources/sdmxml/schemas/v2_1/common">Casagiove</Name>
          <Name xml:lang="en" xmlns="http://www.sdmx.org/resources/sdmxml/schemas/v2_1/common">Casagiove</Name>
          <Parent>
            <Ref id="ITF31" xmlns="" />
          </Parent>
        </Code>
        <Code id="061019" urn="urn:sdmx:org.sdmx.infomodel.codelist.Code=IT1:CL_REFAREA(1.2).061019">
          <Name xml:lang="it" xmlns="http://www.sdmx.org/resources/sdmxml/schemas/v2_1/common">Casal di Principe</Name>
          <Name xml:lang="en" xmlns="http://www.sdmx.org/resources/sdmxml/schemas/v2_1/common">Casal di Principe</Name>
          <Parent>
            <Ref id="ITF31" xmlns="" />
          </Parent>
        </Code>
        <Code id="061020" urn="urn:sdmx:org.sdmx.infomodel.codelist.Code=IT1:CL_REFAREA(1.2).061020">
          <Name xml:lang="it" xmlns="http://www.sdmx.org/resources/sdmxml/schemas/v2_1/common">Casaluce</Name>
          <Name xml:lang="en" xmlns="http://www.sdmx.org/resources/sdmxml/schemas/v2_1/common">Casaluce</Name>
          <Parent>
            <Ref id="ITF31" xmlns="" />
          </Parent>
        </Code>
        <Code id="061021" urn="urn:sdmx:org.sdmx.infomodel.codelist.Code=IT1:CL_REFAREA(1.2).061021">
          <Name xml:lang="it" xmlns="http://www.sdmx.org/resources/sdmxml/schemas/v2_1/common">Casapulla</Name>
          <Name xml:lang="en" xmlns="http://www.sdmx.org/resources/sdmxml/schemas/v2_1/common">Casapulla</Name>
          <Parent>
            <Ref id="ITF31" xmlns="" />
          </Parent>
        </Code>
        <Code id="061022" urn="urn:sdmx:org.sdmx.infomodel.codelist.Code=IT1:CL_REFAREA(1.2).061022">
          <Name xml:lang="it" xmlns="http://www.sdmx.org/resources/sdmxml/schemas/v2_1/common">Caserta</Name>
          <Name xml:lang="en" xmlns="http://www.sdmx.org/resources/sdmxml/schemas/v2_1/common">Caserta</Name>
          <Parent>
            <Ref id="ITF31" xmlns="" />
          </Parent>
        </Code>
        <Code id="061023" urn="urn:sdmx:org.sdmx.infomodel.codelist.Code=IT1:CL_REFAREA(1.2).061023">
          <Name xml:lang="it" xmlns="http://www.sdmx.org/resources/sdmxml/schemas/v2_1/common">Castel Campagnano</Name>
          <Name xml:lang="en" xmlns="http://www.sdmx.org/resources/sdmxml/schemas/v2_1/common">Castel Campagnano</Name>
          <Parent>
            <Ref id="ITF31" xmlns="" />
          </Parent>
        </Code>
        <Code id="061024" urn="urn:sdmx:org.sdmx.infomodel.codelist.Code=IT1:CL_REFAREA(1.2).061024">
          <Name xml:lang="it" xmlns="http://www.sdmx.org/resources/sdmxml/schemas/v2_1/common">Castel di Sasso</Name>
          <Name xml:lang="en" xmlns="http://www.sdmx.org/resources/sdmxml/schemas/v2_1/common">Castel di Sasso</Name>
          <Parent>
            <Ref id="ITF31" xmlns="" />
          </Parent>
        </Code>
        <Code id="061025" urn="urn:sdmx:org.sdmx.infomodel.codelist.Code=IT1:CL_REFAREA(1.2).061025">
          <Name xml:lang="it" xmlns="http://www.sdmx.org/resources/sdmxml/schemas/v2_1/common">Castello del Matese</Name>
          <Name xml:lang="en" xmlns="http://www.sdmx.org/resources/sdmxml/schemas/v2_1/common">Castello del Matese</Name>
          <Parent>
            <Ref id="ITF31" xmlns="" />
          </Parent>
        </Code>
        <Code id="061026" urn="urn:sdmx:org.sdmx.infomodel.codelist.Code=IT1:CL_REFAREA(1.2).061026">
          <Name xml:lang="it" xmlns="http://www.sdmx.org/resources/sdmxml/schemas/v2_1/common">Castel Morrone</Name>
          <Name xml:lang="en" xmlns="http://www.sdmx.org/resources/sdmxml/schemas/v2_1/common">Castel Morrone</Name>
          <Parent>
            <Ref id="ITF31" xmlns="" />
          </Parent>
        </Code>
        <Code id="061027" urn="urn:sdmx:org.sdmx.infomodel.codelist.Code=IT1:CL_REFAREA(1.2).061027">
          <Name xml:lang="it" xmlns="http://www.sdmx.org/resources/sdmxml/schemas/v2_1/common">Castel Volturno</Name>
          <Name xml:lang="en" xmlns="http://www.sdmx.org/resources/sdmxml/schemas/v2_1/common">Castel Volturno</Name>
          <Parent>
            <Ref id="ITF31" xmlns="" />
          </Parent>
        </Code>
        <Code id="061028" urn="urn:sdmx:org.sdmx.infomodel.codelist.Code=IT1:CL_REFAREA(1.2).061028">
          <Name xml:lang="it" xmlns="http://www.sdmx.org/resources/sdmxml/schemas/v2_1/common">Cervino</Name>
          <Name xml:lang="en" xmlns="http://www.sdmx.org/resources/sdmxml/schemas/v2_1/common">Cervino</Name>
          <Parent>
            <Ref id="ITF31" xmlns="" />
          </Parent>
        </Code>
        <Code id="061029" urn="urn:sdmx:org.sdmx.infomodel.codelist.Code=IT1:CL_REFAREA(1.2).061029">
          <Name xml:lang="it" xmlns="http://www.sdmx.org/resources/sdmxml/schemas/v2_1/common">Cesa</Name>
          <Name xml:lang="en" xmlns="http://www.sdmx.org/resources/sdmxml/schemas/v2_1/common">Cesa</Name>
          <Parent>
            <Ref id="ITF31" xmlns="" />
          </Parent>
        </Code>
        <Code id="061030" urn="urn:sdmx:org.sdmx.infomodel.codelist.Code=IT1:CL_REFAREA(1.2).061030">
          <Name xml:lang="it" xmlns="http://www.sdmx.org/resources/sdmxml/schemas/v2_1/common">Ciorlano</Name>
          <Name xml:lang="en" xmlns="http://www.sdmx.org/resources/sdmxml/schemas/v2_1/common">Ciorlano</Name>
          <Parent>
            <Ref id="ITF31" xmlns="" />
          </Parent>
        </Code>
        <Code id="061031" urn="urn:sdmx:org.sdmx.infomodel.codelist.Code=IT1:CL_REFAREA(1.2).061031">
          <Name xml:lang="it" xmlns="http://www.sdmx.org/resources/sdmxml/schemas/v2_1/common">Conca della Campania</Name>
          <Name xml:lang="en" xmlns="http://www.sdmx.org/resources/sdmxml/schemas/v2_1/common">Conca della Campania</Name>
          <Parent>
            <Ref id="ITF31" xmlns="" />
          </Parent>
        </Code>
        <Code id="061032" urn="urn:sdmx:org.sdmx.infomodel.codelist.Code=IT1:CL_REFAREA(1.2).061032">
          <Name xml:lang="it" xmlns="http://www.sdmx.org/resources/sdmxml/schemas/v2_1/common">Curti</Name>
          <Name xml:lang="en" xmlns="http://www.sdmx.org/resources/sdmxml/schemas/v2_1/common">Curti</Name>
          <Parent>
            <Ref id="ITF31" xmlns="" />
          </Parent>
        </Code>
        <Code id="061033" urn="urn:sdmx:org.sdmx.infomodel.codelist.Code=IT1:CL_REFAREA(1.2).061033">
          <Name xml:lang="it" xmlns="http://www.sdmx.org/resources/sdmxml/schemas/v2_1/common">Dragoni</Name>
          <Name xml:lang="en" xmlns="http://www.sdmx.org/resources/sdmxml/schemas/v2_1/common">Dragoni</Name>
          <Parent>
            <Ref id="ITF31" xmlns="" />
          </Parent>
        </Code>
        <Code id="061034" urn="urn:sdmx:org.sdmx.infomodel.codelist.Code=IT1:CL_REFAREA(1.2).061034">
          <Name xml:lang="it" xmlns="http://www.sdmx.org/resources/sdmxml/schemas/v2_1/common">Fontegreca</Name>
          <Name xml:lang="en" xmlns="http://www.sdmx.org/resources/sdmxml/schemas/v2_1/common">Fontegreca</Name>
          <Parent>
            <Ref id="ITF31" xmlns="" />
          </Parent>
        </Code>
        <Code id="061035" urn="urn:sdmx:org.sdmx.infomodel.codelist.Code=IT1:CL_REFAREA(1.2).061035">
          <Name xml:lang="it" xmlns="http://www.sdmx.org/resources/sdmxml/schemas/v2_1/common">Formicola</Name>
          <Name xml:lang="en" xmlns="http://www.sdmx.org/resources/sdmxml/schemas/v2_1/common">Formicola</Name>
          <Parent>
            <Ref id="ITF31" xmlns="" />
          </Parent>
        </Code>
        <Code id="061036" urn="urn:sdmx:org.sdmx.infomodel.codelist.Code=IT1:CL_REFAREA(1.2).061036">
          <Name xml:lang="it" xmlns="http://www.sdmx.org/resources/sdmxml/schemas/v2_1/common">Francolise</Name>
          <Name xml:lang="en" xmlns="http://www.sdmx.org/resources/sdmxml/schemas/v2_1/common">Francolise</Name>
          <Parent>
            <Ref id="ITF31" xmlns="" />
          </Parent>
        </Code>
        <Code id="061037" urn="urn:sdmx:org.sdmx.infomodel.codelist.Code=IT1:CL_REFAREA(1.2).061037">
          <Name xml:lang="it" xmlns="http://www.sdmx.org/resources/sdmxml/schemas/v2_1/common">Frignano</Name>
          <Name xml:lang="en" xmlns="http://www.sdmx.org/resources/sdmxml/schemas/v2_1/common">Frignano</Name>
          <Parent>
            <Ref id="ITF31" xmlns="" />
          </Parent>
        </Code>
        <Code id="061038" urn="urn:sdmx:org.sdmx.infomodel.codelist.Code=IT1:CL_REFAREA(1.2).061038">
          <Name xml:lang="it" xmlns="http://www.sdmx.org/resources/sdmxml/schemas/v2_1/common">Gallo Matese</Name>
          <Name xml:lang="en" xmlns="http://www.sdmx.org/resources/sdmxml/schemas/v2_1/common">Gallo Matese</Name>
          <Parent>
            <Ref id="ITF31" xmlns="" />
          </Parent>
        </Code>
        <Code id="061039" urn="urn:sdmx:org.sdmx.infomodel.codelist.Code=IT1:CL_REFAREA(1.2).061039">
          <Name xml:lang="it" xmlns="http://www.sdmx.org/resources/sdmxml/schemas/v2_1/common">Galluccio</Name>
          <Name xml:lang="en" xmlns="http://www.sdmx.org/resources/sdmxml/schemas/v2_1/common">Galluccio</Name>
          <Parent>
            <Ref id="ITF31" xmlns="" />
          </Parent>
        </Code>
        <Code id="061040" urn="urn:sdmx:org.sdmx.infomodel.codelist.Code=IT1:CL_REFAREA(1.2).061040">
          <Name xml:lang="it" xmlns="http://www.sdmx.org/resources/sdmxml/schemas/v2_1/common">Giano Vetusto</Name>
          <Name xml:lang="en" xmlns="http://www.sdmx.org/resources/sdmxml/schemas/v2_1/common">Giano Vetusto</Name>
          <Parent>
            <Ref id="ITF31" xmlns="" />
          </Parent>
        </Code>
        <Code id="061041" urn="urn:sdmx:org.sdmx.infomodel.codelist.Code=IT1:CL_REFAREA(1.2).061041">
          <Name xml:lang="it" xmlns="http://www.sdmx.org/resources/sdmxml/schemas/v2_1/common">Gioia Sannitica</Name>
          <Name xml:lang="en" xmlns="http://www.sdmx.org/resources/sdmxml/schemas/v2_1/common">Gioia Sannitica</Name>
          <Parent>
            <Ref id="ITF31" xmlns="" />
          </Parent>
        </Code>
        <Code id="061042" urn="urn:sdmx:org.sdmx.infomodel.codelist.Code=IT1:CL_REFAREA(1.2).061042">
          <Name xml:lang="it" xmlns="http://www.sdmx.org/resources/sdmxml/schemas/v2_1/common">Grazzanise</Name>
          <Name xml:lang="en" xmlns="http://www.sdmx.org/resources/sdmxml/schemas/v2_1/common">Grazzanise</Name>
          <Parent>
            <Ref id="ITF31" xmlns="" />
          </Parent>
        </Code>
        <Code id="061043" urn="urn:sdmx:org.sdmx.infomodel.codelist.Code=IT1:CL_REFAREA(1.2).061043">
          <Name xml:lang="it" xmlns="http://www.sdmx.org/resources/sdmxml/schemas/v2_1/common">Gricignano di Aversa</Name>
          <Name xml:lang="en" xmlns="http://www.sdmx.org/resources/sdmxml/schemas/v2_1/common">Gricignano di Aversa</Name>
          <Parent>
            <Ref id="ITF31" xmlns="" />
          </Parent>
        </Code>
        <Code id="061044" urn="urn:sdmx:org.sdmx.infomodel.codelist.Code=IT1:CL_REFAREA(1.2).061044">
          <Name xml:lang="it" xmlns="http://www.sdmx.org/resources/sdmxml/schemas/v2_1/common">Letino</Name>
          <Name xml:lang="en" xmlns="http://www.sdmx.org/resources/sdmxml/schemas/v2_1/common">Letino</Name>
          <Parent>
            <Ref id="ITF31" xmlns="" />
          </Parent>
        </Code>
        <Code id="061045" urn="urn:sdmx:org.sdmx.infomodel.codelist.Code=IT1:CL_REFAREA(1.2).061045">
          <Name xml:lang="it" xmlns="http://www.sdmx.org/resources/sdmxml/schemas/v2_1/common">Liberi</Name>
          <Name xml:lang="en" xmlns="http://www.sdmx.org/resources/sdmxml/schemas/v2_1/common">Liberi</Name>
          <Parent>
            <Ref id="ITF31" xmlns="" />
          </Parent>
        </Code>
        <Code id="061046" urn="urn:sdmx:org.sdmx.infomodel.codelist.Code=IT1:CL_REFAREA(1.2).061046">
          <Name xml:lang="it" xmlns="http://www.sdmx.org/resources/sdmxml/schemas/v2_1/common">Lusciano</Name>
          <Name xml:lang="en" xmlns="http://www.sdmx.org/resources/sdmxml/schemas/v2_1/common">Lusciano</Name>
          <Parent>
            <Ref id="ITF31" xmlns="" />
          </Parent>
        </Code>
        <Code id="061047" urn="urn:sdmx:org.sdmx.infomodel.codelist.Code=IT1:CL_REFAREA(1.2).061047">
          <Name xml:lang="it" xmlns="http://www.sdmx.org/resources/sdmxml/schemas/v2_1/common">Macerata Campania</Name>
          <Name xml:lang="en" xmlns="http://www.sdmx.org/resources/sdmxml/schemas/v2_1/common">Macerata Campania</Name>
          <Parent>
            <Ref id="ITF31" xmlns="" />
          </Parent>
        </Code>
        <Code id="061048" urn="urn:sdmx:org.sdmx.infomodel.codelist.Code=IT1:CL_REFAREA(1.2).061048">
          <Name xml:lang="it" xmlns="http://www.sdmx.org/resources/sdmxml/schemas/v2_1/common">Maddaloni</Name>
          <Name xml:lang="en" xmlns="http://www.sdmx.org/resources/sdmxml/schemas/v2_1/common">Maddaloni</Name>
          <Parent>
            <Ref id="ITF31" xmlns="" />
          </Parent>
        </Code>
        <Code id="061049" urn="urn:sdmx:org.sdmx.infomodel.codelist.Code=IT1:CL_REFAREA(1.2).061049">
          <Name xml:lang="it" xmlns="http://www.sdmx.org/resources/sdmxml/schemas/v2_1/common">Marcianise</Name>
          <Name xml:lang="en" xmlns="http://www.sdmx.org/resources/sdmxml/schemas/v2_1/common">Marcianise</Name>
          <Parent>
            <Ref id="ITF31" xmlns="" />
          </Parent>
        </Code>
        <Code id="061050" urn="urn:sdmx:org.sdmx.infomodel.codelist.Code=IT1:CL_REFAREA(1.2).061050">
          <Name xml:lang="it" xmlns="http://www.sdmx.org/resources/sdmxml/schemas/v2_1/common">Marzano Appio</Name>
          <Name xml:lang="en" xmlns="http://www.sdmx.org/resources/sdmxml/schemas/v2_1/common">Marzano Appio</Name>
          <Parent>
            <Ref id="ITF31" xmlns="" />
          </Parent>
        </Code>
        <Code id="061051" urn="urn:sdmx:org.sdmx.infomodel.codelist.Code=IT1:CL_REFAREA(1.2).061051">
          <Name xml:lang="it" xmlns="http://www.sdmx.org/resources/sdmxml/schemas/v2_1/common">Mignano Monte Lungo</Name>
          <Name xml:lang="en" xmlns="http://www.sdmx.org/resources/sdmxml/schemas/v2_1/common">Mignano Monte Lungo</Name>
          <Parent>
            <Ref id="ITF31" xmlns="" />
          </Parent>
        </Code>
        <Code id="061052" urn="urn:sdmx:org.sdmx.infomodel.codelist.Code=IT1:CL_REFAREA(1.2).061052">
          <Name xml:lang="it" xmlns="http://www.sdmx.org/resources/sdmxml/schemas/v2_1/common">Mondragone</Name>
          <Name xml:lang="en" xmlns="http://www.sdmx.org/resources/sdmxml/schemas/v2_1/common">Mondragone</Name>
          <Parent>
            <Ref id="ITF31" xmlns="" />
          </Parent>
        </Code>
        <Code id="061053" urn="urn:sdmx:org.sdmx.infomodel.codelist.Code=IT1:CL_REFAREA(1.2).061053">
          <Name xml:lang="it" xmlns="http://www.sdmx.org/resources/sdmxml/schemas/v2_1/common">Orta di Atella</Name>
          <Name xml:lang="en" xmlns="http://www.sdmx.org/resources/sdmxml/schemas/v2_1/common">Orta di Atella</Name>
          <Parent>
            <Ref id="ITF31" xmlns="" />
          </Parent>
        </Code>
        <Code id="061054" urn="urn:sdmx:org.sdmx.infomodel.codelist.Code=IT1:CL_REFAREA(1.2).061054">
          <Name xml:lang="it" xmlns="http://www.sdmx.org/resources/sdmxml/schemas/v2_1/common">Parete</Name>
          <Name xml:lang="en" xmlns="http://www.sdmx.org/resources/sdmxml/schemas/v2_1/common">Parete</Name>
          <Parent>
            <Ref id="ITF31" xmlns="" />
          </Parent>
        </Code>
        <Code id="061055" urn="urn:sdmx:org.sdmx.infomodel.codelist.Code=IT1:CL_REFAREA(1.2).061055">
          <Name xml:lang="it" xmlns="http://www.sdmx.org/resources/sdmxml/schemas/v2_1/common">Pastorano</Name>
          <Name xml:lang="en" xmlns="http://www.sdmx.org/resources/sdmxml/schemas/v2_1/common">Pastorano</Name>
          <Parent>
            <Ref id="ITF31" xmlns="" />
          </Parent>
        </Code>
        <Code id="061056" urn="urn:sdmx:org.sdmx.infomodel.codelist.Code=IT1:CL_REFAREA(1.2).061056">
          <Name xml:lang="it" xmlns="http://www.sdmx.org/resources/sdmxml/schemas/v2_1/common">Piana di Monte Verna</Name>
          <Name xml:lang="en" xmlns="http://www.sdmx.org/resources/sdmxml/schemas/v2_1/common">Piana di Monte Verna</Name>
          <Parent>
            <Ref id="ITF31" xmlns="" />
          </Parent>
        </Code>
        <Code id="061057" urn="urn:sdmx:org.sdmx.infomodel.codelist.Code=IT1:CL_REFAREA(1.2).061057">
          <Name xml:lang="it" xmlns="http://www.sdmx.org/resources/sdmxml/schemas/v2_1/common">Piedimonte Matese</Name>
          <Name xml:lang="en" xmlns="http://www.sdmx.org/resources/sdmxml/schemas/v2_1/common">Piedimonte Matese</Name>
          <Parent>
            <Ref id="ITF31" xmlns="" />
          </Parent>
        </Code>
        <Code id="061058" urn="urn:sdmx:org.sdmx.infomodel.codelist.Code=IT1:CL_REFAREA(1.2).061058">
          <Name xml:lang="it" xmlns="http://www.sdmx.org/resources/sdmxml/schemas/v2_1/common">Pietramelara</Name>
          <Name xml:lang="en" xmlns="http://www.sdmx.org/resources/sdmxml/schemas/v2_1/common">Pietramelara</Name>
          <Parent>
            <Ref id="ITF31" xmlns="" />
          </Parent>
        </Code>
        <Code id="061059" urn="urn:sdmx:org.sdmx.infomodel.codelist.Code=IT1:CL_REFAREA(1.2).061059">
          <Name xml:lang="it" xmlns="http://www.sdmx.org/resources/sdmxml/schemas/v2_1/common">Pietravairano</Name>
          <Name xml:lang="en" xmlns="http://www.sdmx.org/resources/sdmxml/schemas/v2_1/common">Pietravairano</Name>
          <Parent>
            <Ref id="ITF31" xmlns="" />
          </Parent>
        </Code>
        <Code id="061060" urn="urn:sdmx:org.sdmx.infomodel.codelist.Code=IT1:CL_REFAREA(1.2).061060">
          <Name xml:lang="it" xmlns="http://www.sdmx.org/resources/sdmxml/schemas/v2_1/common">Pignataro Maggiore</Name>
          <Name xml:lang="en" xmlns="http://www.sdmx.org/resources/sdmxml/schemas/v2_1/common">Pignataro Maggiore</Name>
          <Parent>
            <Ref id="ITF31" xmlns="" />
          </Parent>
        </Code>
        <Code id="061061" urn="urn:sdmx:org.sdmx.infomodel.codelist.Code=IT1:CL_REFAREA(1.2).061061">
          <Name xml:lang="it" xmlns="http://www.sdmx.org/resources/sdmxml/schemas/v2_1/common">Pontelatone</Name>
          <Name xml:lang="en" xmlns="http://www.sdmx.org/resources/sdmxml/schemas/v2_1/common">Pontelatone</Name>
          <Parent>
            <Ref id="ITF31" xmlns="" />
          </Parent>
        </Code>
        <Code id="061062" urn="urn:sdmx:org.sdmx.infomodel.codelist.Code=IT1:CL_REFAREA(1.2).061062">
          <Name xml:lang="it" xmlns="http://www.sdmx.org/resources/sdmxml/schemas/v2_1/common">Portico di Caserta</Name>
          <Name xml:lang="en" xmlns="http://www.sdmx.org/resources/sdmxml/schemas/v2_1/common">Portico di Caserta</Name>
          <Parent>
            <Ref id="ITF31" xmlns="" />
          </Parent>
        </Code>
        <Code id="061063" urn="urn:sdmx:org.sdmx.infomodel.codelist.Code=IT1:CL_REFAREA(1.2).061063">
          <Name xml:lang="it" xmlns="http://www.sdmx.org/resources/sdmxml/schemas/v2_1/common">Prata Sannita</Name>
          <Name xml:lang="en" xmlns="http://www.sdmx.org/resources/sdmxml/schemas/v2_1/common">Prata Sannita</Name>
          <Parent>
            <Ref id="ITF31" xmlns="" />
          </Parent>
        </Code>
        <Code id="061064" urn="urn:sdmx:org.sdmx.infomodel.codelist.Code=IT1:CL_REFAREA(1.2).061064">
          <Name xml:lang="it" xmlns="http://www.sdmx.org/resources/sdmxml/schemas/v2_1/common">Pratella</Name>
          <Name xml:lang="en" xmlns="http://www.sdmx.org/resources/sdmxml/schemas/v2_1/common">Pratella</Name>
          <Parent>
            <Ref id="ITF31" xmlns="" />
          </Parent>
        </Code>
        <Code id="061065" urn="urn:sdmx:org.sdmx.infomodel.codelist.Code=IT1:CL_REFAREA(1.2).061065">
          <Name xml:lang="it" xmlns="http://www.sdmx.org/resources/sdmxml/schemas/v2_1/common">Presenzano</Name>
          <Name xml:lang="en" xmlns="http://www.sdmx.org/resources/sdmxml/schemas/v2_1/common">Presenzano</Name>
          <Parent>
            <Ref id="ITF31" xmlns="" />
          </Parent>
        </Code>
        <Code id="061066" urn="urn:sdmx:org.sdmx.infomodel.codelist.Code=IT1:CL_REFAREA(1.2).061066">
          <Name xml:lang="it" xmlns="http://www.sdmx.org/resources/sdmxml/schemas/v2_1/common">Raviscanina</Name>
          <Name xml:lang="en" xmlns="http://www.sdmx.org/resources/sdmxml/schemas/v2_1/common">Raviscanina</Name>
          <Parent>
            <Ref id="ITF31" xmlns="" />
          </Parent>
        </Code>
        <Code id="061067" urn="urn:sdmx:org.sdmx.infomodel.codelist.Code=IT1:CL_REFAREA(1.2).061067">
          <Name xml:lang="it" xmlns="http://www.sdmx.org/resources/sdmxml/schemas/v2_1/common">Recale</Name>
          <Name xml:lang="en" xmlns="http://www.sdmx.org/resources/sdmxml/schemas/v2_1/common">Recale</Name>
          <Parent>
            <Ref id="ITF31" xmlns="" />
          </Parent>
        </Code>
        <Code id="061068" urn="urn:sdmx:org.sdmx.infomodel.codelist.Code=IT1:CL_REFAREA(1.2).061068">
          <Name xml:lang="it" xmlns="http://www.sdmx.org/resources/sdmxml/schemas/v2_1/common">Riardo</Name>
          <Name xml:lang="en" xmlns="http://www.sdmx.org/resources/sdmxml/schemas/v2_1/common">Riardo</Name>
          <Parent>
            <Ref id="ITF31" xmlns="" />
          </Parent>
        </Code>
        <Code id="061069" urn="urn:sdmx:org.sdmx.infomodel.codelist.Code=IT1:CL_REFAREA(1.2).061069">
          <Name xml:lang="it" xmlns="http://www.sdmx.org/resources/sdmxml/schemas/v2_1/common">Rocca d'Evandro</Name>
          <Name xml:lang="en" xmlns="http://www.sdmx.org/resources/sdmxml/schemas/v2_1/common">Rocca d'Evandro</Name>
          <Parent>
            <Ref id="ITF31" xmlns="" />
          </Parent>
        </Code>
        <Code id="061070" urn="urn:sdmx:org.sdmx.infomodel.codelist.Code=IT1:CL_REFAREA(1.2).061070">
          <Name xml:lang="it" xmlns="http://www.sdmx.org/resources/sdmxml/schemas/v2_1/common">Roccamonfina</Name>
          <Name xml:lang="en" xmlns="http://www.sdmx.org/resources/sdmxml/schemas/v2_1/common">Roccamonfina</Name>
          <Parent>
            <Ref id="ITF31" xmlns="" />
          </Parent>
        </Code>
        <Code id="061071" urn="urn:sdmx:org.sdmx.infomodel.codelist.Code=IT1:CL_REFAREA(1.2).061071">
          <Name xml:lang="it" xmlns="http://www.sdmx.org/resources/sdmxml/schemas/v2_1/common">Roccaromana</Name>
          <Name xml:lang="en" xmlns="http://www.sdmx.org/resources/sdmxml/schemas/v2_1/common">Roccaromana</Name>
          <Parent>
            <Ref id="ITF31" xmlns="" />
          </Parent>
        </Code>
        <Code id="061072" urn="urn:sdmx:org.sdmx.infomodel.codelist.Code=IT1:CL_REFAREA(1.2).061072">
          <Name xml:lang="it" xmlns="http://www.sdmx.org/resources/sdmxml/schemas/v2_1/common">Rocchetta e Croce</Name>
          <Name xml:lang="en" xmlns="http://www.sdmx.org/resources/sdmxml/schemas/v2_1/common">Rocchetta e Croce</Name>
          <Parent>
            <Ref id="ITF31" xmlns="" />
          </Parent>
        </Code>
        <Code id="061073" urn="urn:sdmx:org.sdmx.infomodel.codelist.Code=IT1:CL_REFAREA(1.2).061073">
          <Name xml:lang="it" xmlns="http://www.sdmx.org/resources/sdmxml/schemas/v2_1/common">Ruviano</Name>
          <Name xml:lang="en" xmlns="http://www.sdmx.org/resources/sdmxml/schemas/v2_1/common">Ruviano</Name>
          <Parent>
            <Ref id="ITF31" xmlns="" />
          </Parent>
        </Code>
        <Code id="061074" urn="urn:sdmx:org.sdmx.infomodel.codelist.Code=IT1:CL_REFAREA(1.2).061074">
          <Name xml:lang="it" xmlns="http://www.sdmx.org/resources/sdmxml/schemas/v2_1/common">San Cipriano d'Aversa</Name>
          <Name xml:lang="en" xmlns="http://www.sdmx.org/resources/sdmxml/schemas/v2_1/common">San Cipriano d'Aversa</Name>
          <Parent>
            <Ref id="ITF31" xmlns="" />
          </Parent>
        </Code>
        <Code id="061075" urn="urn:sdmx:org.sdmx.infomodel.codelist.Code=IT1:CL_REFAREA(1.2).061075">
          <Name xml:lang="it" xmlns="http://www.sdmx.org/resources/sdmxml/schemas/v2_1/common">San Felice a Cancello</Name>
          <Name xml:lang="en" xmlns="http://www.sdmx.org/resources/sdmxml/schemas/v2_1/common">San Felice a Cancello</Name>
          <Parent>
            <Ref id="ITF31" xmlns="" />
          </Parent>
        </Code>
        <Code id="061076" urn="urn:sdmx:org.sdmx.infomodel.codelist.Code=IT1:CL_REFAREA(1.2).061076">
          <Name xml:lang="it" xmlns="http://www.sdmx.org/resources/sdmxml/schemas/v2_1/common">San Gregorio Matese</Name>
          <Name xml:lang="en" xmlns="http://www.sdmx.org/resources/sdmxml/schemas/v2_1/common">San Gregorio Matese</Name>
          <Parent>
            <Ref id="ITF31" xmlns="" />
          </Parent>
        </Code>
        <Code id="061077" urn="urn:sdmx:org.sdmx.infomodel.codelist.Code=IT1:CL_REFAREA(1.2).061077">
          <Name xml:lang="it" xmlns="http://www.sdmx.org/resources/sdmxml/schemas/v2_1/common">San Marcellino</Name>
          <Name xml:lang="en" xmlns="http://www.sdmx.org/resources/sdmxml/schemas/v2_1/common">San Marcellino</Name>
          <Parent>
            <Ref id="ITF31" xmlns="" />
          </Parent>
        </Code>
        <Code id="061078" urn="urn:sdmx:org.sdmx.infomodel.codelist.Code=IT1:CL_REFAREA(1.2).061078">
          <Name xml:lang="it" xmlns="http://www.sdmx.org/resources/sdmxml/schemas/v2_1/common">San Nicola la Strada</Name>
          <Name xml:lang="en" xmlns="http://www.sdmx.org/resources/sdmxml/schemas/v2_1/common">San Nicola la Strada</Name>
          <Parent>
            <Ref id="ITF31" xmlns="" />
          </Parent>
        </Code>
        <Code id="061079" urn="urn:sdmx:org.sdmx.infomodel.codelist.Code=IT1:CL_REFAREA(1.2).061079">
          <Name xml:lang="it" xmlns="http://www.sdmx.org/resources/sdmxml/schemas/v2_1/common">San Pietro Infine</Name>
          <Name xml:lang="en" xmlns="http://www.sdmx.org/resources/sdmxml/schemas/v2_1/common">San Pietro Infine</Name>
          <Parent>
            <Ref id="ITF31" xmlns="" />
          </Parent>
        </Code>
        <Code id="061080" urn="urn:sdmx:org.sdmx.infomodel.codelist.Code=IT1:CL_REFAREA(1.2).061080">
          <Name xml:lang="it" xmlns="http://www.sdmx.org/resources/sdmxml/schemas/v2_1/common">San Potito Sannitico</Name>
          <Name xml:lang="en" xmlns="http://www.sdmx.org/resources/sdmxml/schemas/v2_1/common">San Potito Sannitico</Name>
          <Parent>
            <Ref id="ITF31" xmlns="" />
          </Parent>
        </Code>
        <Code id="061081" urn="urn:sdmx:org.sdmx.infomodel.codelist.Code=IT1:CL_REFAREA(1.2).061081">
          <Name xml:lang="it" xmlns="http://www.sdmx.org/resources/sdmxml/schemas/v2_1/common">San Prisco</Name>
          <Name xml:lang="en" xmlns="http://www.sdmx.org/resources/sdmxml/schemas/v2_1/common">San Prisco</Name>
          <Parent>
            <Ref id="ITF31" xmlns="" />
          </Parent>
        </Code>
        <Code id="061082" urn="urn:sdmx:org.sdmx.infomodel.codelist.Code=IT1:CL_REFAREA(1.2).061082">
          <Name xml:lang="it" xmlns="http://www.sdmx.org/resources/sdmxml/schemas/v2_1/common">Santa Maria a Vico</Name>
          <Name xml:lang="en" xmlns="http://www.sdmx.org/resources/sdmxml/schemas/v2_1/common">Santa Maria a Vico</Name>
          <Parent>
            <Ref id="ITF31" xmlns="" />
          </Parent>
        </Code>
        <Code id="061083" urn="urn:sdmx:org.sdmx.infomodel.codelist.Code=IT1:CL_REFAREA(1.2).061083">
          <Name xml:lang="it" xmlns="http://www.sdmx.org/resources/sdmxml/schemas/v2_1/common">Santa Maria Capua Vetere</Name>
          <Name xml:lang="en" xmlns="http://www.sdmx.org/resources/sdmxml/schemas/v2_1/common">Santa Maria Capua Vetere</Name>
          <Parent>
            <Ref id="ITF31" xmlns="" />
          </Parent>
        </Code>
        <Code id="061084" urn="urn:sdmx:org.sdmx.infomodel.codelist.Code=IT1:CL_REFAREA(1.2).061084">
          <Name xml:lang="it" xmlns="http://www.sdmx.org/resources/sdmxml/schemas/v2_1/common">Santa Maria la Fossa</Name>
          <Name xml:lang="en" xmlns="http://www.sdmx.org/resources/sdmxml/schemas/v2_1/common">Santa Maria la Fossa</Name>
          <Parent>
            <Ref id="ITF31" xmlns="" />
          </Parent>
        </Code>
        <Code id="061085" urn="urn:sdmx:org.sdmx.infomodel.codelist.Code=IT1:CL_REFAREA(1.2).061085">
          <Name xml:lang="it" xmlns="http://www.sdmx.org/resources/sdmxml/schemas/v2_1/common">San Tammaro</Name>
          <Name xml:lang="en" xmlns="http://www.sdmx.org/resources/sdmxml/schemas/v2_1/common">San Tammaro</Name>
          <Parent>
            <Ref id="ITF31" xmlns="" />
          </Parent>
        </Code>
        <Code id="061086" urn="urn:sdmx:org.sdmx.infomodel.codelist.Code=IT1:CL_REFAREA(1.2).061086">
          <Name xml:lang="it" xmlns="http://www.sdmx.org/resources/sdmxml/schemas/v2_1/common">Sant'Angelo d'Alife</Name>
          <Name xml:lang="en" xmlns="http://www.sdmx.org/resources/sdmxml/schemas/v2_1/common">Sant'Angelo d'Alife</Name>
          <Parent>
            <Ref id="ITF31" xmlns="" />
          </Parent>
        </Code>
        <Code id="061087" urn="urn:sdmx:org.sdmx.infomodel.codelist.Code=IT1:CL_REFAREA(1.2).061087">
          <Name xml:lang="it" xmlns="http://www.sdmx.org/resources/sdmxml/schemas/v2_1/common">Sant'Arpino</Name>
          <Name xml:lang="en" xmlns="http://www.sdmx.org/resources/sdmxml/schemas/v2_1/common">Sant'Arpino</Name>
          <Parent>
            <Ref id="ITF31" xmlns="" />
          </Parent>
        </Code>
        <Code id="061088" urn="urn:sdmx:org.sdmx.infomodel.codelist.Code=IT1:CL_REFAREA(1.2).061088">
          <Name xml:lang="it" xmlns="http://www.sdmx.org/resources/sdmxml/schemas/v2_1/common">Sessa Aurunca</Name>
          <Name xml:lang="en" xmlns="http://www.sdmx.org/resources/sdmxml/schemas/v2_1/common">Sessa Aurunca</Name>
          <Parent>
            <Ref id="ITF31" xmlns="" />
          </Parent>
        </Code>
        <Code id="061089" urn="urn:sdmx:org.sdmx.infomodel.codelist.Code=IT1:CL_REFAREA(1.2).061089">
          <Name xml:lang="it" xmlns="http://www.sdmx.org/resources/sdmxml/schemas/v2_1/common">Sparanise</Name>
          <Name xml:lang="en" xmlns="http://www.sdmx.org/resources/sdmxml/schemas/v2_1/common">Sparanise</Name>
          <Parent>
            <Ref id="ITF31" xmlns="" />
          </Parent>
        </Code>
        <Code id="061090" urn="urn:sdmx:org.sdmx.infomodel.codelist.Code=IT1:CL_REFAREA(1.2).061090">
          <Name xml:lang="it" xmlns="http://www.sdmx.org/resources/sdmxml/schemas/v2_1/common">Succivo</Name>
          <Name xml:lang="en" xmlns="http://www.sdmx.org/resources/sdmxml/schemas/v2_1/common">Succivo</Name>
          <Parent>
            <Ref id="ITF31" xmlns="" />
          </Parent>
        </Code>
        <Code id="061091" urn="urn:sdmx:org.sdmx.infomodel.codelist.Code=IT1:CL_REFAREA(1.2).061091">
          <Name xml:lang="it" xmlns="http://www.sdmx.org/resources/sdmxml/schemas/v2_1/common">Teano</Name>
          <Name xml:lang="en" xmlns="http://www.sdmx.org/resources/sdmxml/schemas/v2_1/common">Teano</Name>
          <Parent>
            <Ref id="ITF31" xmlns="" />
          </Parent>
        </Code>
        <Code id="061092" urn="urn:sdmx:org.sdmx.infomodel.codelist.Code=IT1:CL_REFAREA(1.2).061092">
          <Name xml:lang="it" xmlns="http://www.sdmx.org/resources/sdmxml/schemas/v2_1/common">Teverola</Name>
          <Name xml:lang="en" xmlns="http://www.sdmx.org/resources/sdmxml/schemas/v2_1/common">Teverola</Name>
          <Parent>
            <Ref id="ITF31" xmlns="" />
          </Parent>
        </Code>
        <Code id="061093" urn="urn:sdmx:org.sdmx.infomodel.codelist.Code=IT1:CL_REFAREA(1.2).061093">
          <Name xml:lang="it" xmlns="http://www.sdmx.org/resources/sdmxml/schemas/v2_1/common">Tora e Piccilli</Name>
          <Name xml:lang="en" xmlns="http://www.sdmx.org/resources/sdmxml/schemas/v2_1/common">Tora e Piccilli</Name>
          <Parent>
            <Ref id="ITF31" xmlns="" />
          </Parent>
        </Code>
        <Code id="061094" urn="urn:sdmx:org.sdmx.infomodel.codelist.Code=IT1:CL_REFAREA(1.2).061094">
          <Name xml:lang="it" xmlns="http://www.sdmx.org/resources/sdmxml/schemas/v2_1/common">Trentola-Ducenta</Name>
          <Name xml:lang="en" xmlns="http://www.sdmx.org/resources/sdmxml/schemas/v2_1/common">Trentola-Ducenta</Name>
          <Parent>
            <Ref id="ITF31" xmlns="" />
          </Parent>
        </Code>
        <Code id="061095" urn="urn:sdmx:org.sdmx.infomodel.codelist.Code=IT1:CL_REFAREA(1.2).061095">
          <Name xml:lang="it" xmlns="http://www.sdmx.org/resources/sdmxml/schemas/v2_1/common">Vairano Patenora</Name>
          <Name xml:lang="en" xmlns="http://www.sdmx.org/resources/sdmxml/schemas/v2_1/common">Vairano Patenora</Name>
          <Parent>
            <Ref id="ITF31" xmlns="" />
          </Parent>
        </Code>
        <Code id="061096" urn="urn:sdmx:org.sdmx.infomodel.codelist.Code=IT1:CL_REFAREA(1.2).061096">
          <Name xml:lang="it" xmlns="http://www.sdmx.org/resources/sdmxml/schemas/v2_1/common">Valle Agricola</Name>
          <Name xml:lang="en" xmlns="http://www.sdmx.org/resources/sdmxml/schemas/v2_1/common">Valle Agricola</Name>
          <Parent>
            <Ref id="ITF31" xmlns="" />
          </Parent>
        </Code>
        <Code id="061097" urn="urn:sdmx:org.sdmx.infomodel.codelist.Code=IT1:CL_REFAREA(1.2).061097">
          <Name xml:lang="it" xmlns="http://www.sdmx.org/resources/sdmxml/schemas/v2_1/common">Valle di Maddaloni</Name>
          <Name xml:lang="en" xmlns="http://www.sdmx.org/resources/sdmxml/schemas/v2_1/common">Valle di Maddaloni</Name>
          <Parent>
            <Ref id="ITF31" xmlns="" />
          </Parent>
        </Code>
        <Code id="061098" urn="urn:sdmx:org.sdmx.infomodel.codelist.Code=IT1:CL_REFAREA(1.2).061098">
          <Name xml:lang="it" xmlns="http://www.sdmx.org/resources/sdmxml/schemas/v2_1/common">Villa di Briano</Name>
          <Name xml:lang="en" xmlns="http://www.sdmx.org/resources/sdmxml/schemas/v2_1/common">Villa di Briano</Name>
          <Parent>
            <Ref id="ITF31" xmlns="" />
          </Parent>
        </Code>
        <Code id="061099" urn="urn:sdmx:org.sdmx.infomodel.codelist.Code=IT1:CL_REFAREA(1.2).061099">
          <Name xml:lang="it" xmlns="http://www.sdmx.org/resources/sdmxml/schemas/v2_1/common">Villa Literno</Name>
          <Name xml:lang="en" xmlns="http://www.sdmx.org/resources/sdmxml/schemas/v2_1/common">Villa Literno</Name>
          <Parent>
            <Ref id="ITF31" xmlns="" />
          </Parent>
        </Code>
        <Code id="061100" urn="urn:sdmx:org.sdmx.infomodel.codelist.Code=IT1:CL_REFAREA(1.2).061100">
          <Name xml:lang="it" xmlns="http://www.sdmx.org/resources/sdmxml/schemas/v2_1/common">Vitulazio</Name>
          <Name xml:lang="en" xmlns="http://www.sdmx.org/resources/sdmxml/schemas/v2_1/common">Vitulazio</Name>
          <Parent>
            <Ref id="ITF31" xmlns="" />
          </Parent>
        </Code>
        <Code id="061101" urn="urn:sdmx:org.sdmx.infomodel.codelist.Code=IT1:CL_REFAREA(1.2).061101">
          <Name xml:lang="it" xmlns="http://www.sdmx.org/resources/sdmxml/schemas/v2_1/common">Falciano del Massico</Name>
          <Name xml:lang="en" xmlns="http://www.sdmx.org/resources/sdmxml/schemas/v2_1/common">Falciano del Massico</Name>
          <Parent>
            <Ref id="ITF31" xmlns="" />
          </Parent>
        </Code>
        <Code id="061102" urn="urn:sdmx:org.sdmx.infomodel.codelist.Code=IT1:CL_REFAREA(1.2).061102">
          <Name xml:lang="it" xmlns="http://www.sdmx.org/resources/sdmxml/schemas/v2_1/common">Cellole</Name>
          <Name xml:lang="en" xmlns="http://www.sdmx.org/resources/sdmxml/schemas/v2_1/common">Cellole</Name>
          <Parent>
            <Ref id="ITF31" xmlns="" />
          </Parent>
        </Code>
        <Code id="061103" urn="urn:sdmx:org.sdmx.infomodel.codelist.Code=IT1:CL_REFAREA(1.2).061103">
          <Name xml:lang="it" xmlns="http://www.sdmx.org/resources/sdmxml/schemas/v2_1/common">Casapesenna</Name>
          <Name xml:lang="en" xmlns="http://www.sdmx.org/resources/sdmxml/schemas/v2_1/common">Casapesenna</Name>
          <Parent>
            <Ref id="ITF31" xmlns="" />
          </Parent>
        </Code>
        <Code id="061104" urn="urn:sdmx:org.sdmx.infomodel.codelist.Code=IT1:CL_REFAREA(1.2).061104">
          <Name xml:lang="it" xmlns="http://www.sdmx.org/resources/sdmxml/schemas/v2_1/common">San Marco Evangelista</Name>
          <Name xml:lang="en" xmlns="http://www.sdmx.org/resources/sdmxml/schemas/v2_1/common">San Marco Evangelista</Name>
          <Parent>
            <Ref id="ITF31" xmlns="" />
          </Parent>
        </Code>
        <Code id="062001" urn="urn:sdmx:org.sdmx.infomodel.codelist.Code=IT1:CL_REFAREA(1.2).062001">
          <Name xml:lang="it" xmlns="http://www.sdmx.org/resources/sdmxml/schemas/v2_1/common">Airola</Name>
          <Name xml:lang="en" xmlns="http://www.sdmx.org/resources/sdmxml/schemas/v2_1/common">Airola</Name>
          <Parent>
            <Ref id="ITF32" xmlns="" />
          </Parent>
        </Code>
        <Code id="062002" urn="urn:sdmx:org.sdmx.infomodel.codelist.Code=IT1:CL_REFAREA(1.2).062002">
          <Name xml:lang="it" xmlns="http://www.sdmx.org/resources/sdmxml/schemas/v2_1/common">Amorosi</Name>
          <Name xml:lang="en" xmlns="http://www.sdmx.org/resources/sdmxml/schemas/v2_1/common">Amorosi</Name>
          <Parent>
            <Ref id="ITF32" xmlns="" />
          </Parent>
        </Code>
        <Code id="062003" urn="urn:sdmx:org.sdmx.infomodel.codelist.Code=IT1:CL_REFAREA(1.2).062003">
          <Name xml:lang="it" xmlns="http://www.sdmx.org/resources/sdmxml/schemas/v2_1/common">Apice</Name>
          <Name xml:lang="en" xmlns="http://www.sdmx.org/resources/sdmxml/schemas/v2_1/common">Apice</Name>
          <Parent>
            <Ref id="ITF32" xmlns="" />
          </Parent>
        </Code>
        <Code id="062004" urn="urn:sdmx:org.sdmx.infomodel.codelist.Code=IT1:CL_REFAREA(1.2).062004">
          <Name xml:lang="it" xmlns="http://www.sdmx.org/resources/sdmxml/schemas/v2_1/common">Apollosa</Name>
          <Name xml:lang="en" xmlns="http://www.sdmx.org/resources/sdmxml/schemas/v2_1/common">Apollosa</Name>
          <Parent>
            <Ref id="ITF32" xmlns="" />
          </Parent>
        </Code>
        <Code id="062005" urn="urn:sdmx:org.sdmx.infomodel.codelist.Code=IT1:CL_REFAREA(1.2).062005">
          <Name xml:lang="it" xmlns="http://www.sdmx.org/resources/sdmxml/schemas/v2_1/common">Arpaia</Name>
          <Name xml:lang="en" xmlns="http://www.sdmx.org/resources/sdmxml/schemas/v2_1/common">Arpaia</Name>
          <Parent>
            <Ref id="ITF32" xmlns="" />
          </Parent>
        </Code>
        <Code id="062006" urn="urn:sdmx:org.sdmx.infomodel.codelist.Code=IT1:CL_REFAREA(1.2).062006">
          <Name xml:lang="it" xmlns="http://www.sdmx.org/resources/sdmxml/schemas/v2_1/common">Arpaise</Name>
          <Name xml:lang="en" xmlns="http://www.sdmx.org/resources/sdmxml/schemas/v2_1/common">Arpaise</Name>
          <Parent>
            <Ref id="ITF32" xmlns="" />
          </Parent>
        </Code>
        <Code id="062007" urn="urn:sdmx:org.sdmx.infomodel.codelist.Code=IT1:CL_REFAREA(1.2).062007">
          <Name xml:lang="it" xmlns="http://www.sdmx.org/resources/sdmxml/schemas/v2_1/common">Baselice</Name>
          <Name xml:lang="en" xmlns="http://www.sdmx.org/resources/sdmxml/schemas/v2_1/common">Baselice</Name>
          <Parent>
            <Ref id="ITF32" xmlns="" />
          </Parent>
        </Code>
        <Code id="062008" urn="urn:sdmx:org.sdmx.infomodel.codelist.Code=IT1:CL_REFAREA(1.2).062008">
          <Name xml:lang="it" xmlns="http://www.sdmx.org/resources/sdmxml/schemas/v2_1/common">Benevento</Name>
          <Name xml:lang="en" xmlns="http://www.sdmx.org/resources/sdmxml/schemas/v2_1/common">Benevento</Name>
          <Parent>
            <Ref id="ITF32" xmlns="" />
          </Parent>
        </Code>
        <Code id="062009" urn="urn:sdmx:org.sdmx.infomodel.codelist.Code=IT1:CL_REFAREA(1.2).062009">
          <Name xml:lang="it" xmlns="http://www.sdmx.org/resources/sdmxml/schemas/v2_1/common">Bonea</Name>
          <Name xml:lang="en" xmlns="http://www.sdmx.org/resources/sdmxml/schemas/v2_1/common">Bonea</Name>
          <Parent>
            <Ref id="ITF32" xmlns="" />
          </Parent>
        </Code>
        <Code id="062010" urn="urn:sdmx:org.sdmx.infomodel.codelist.Code=IT1:CL_REFAREA(1.2).062010">
          <Name xml:lang="it" xmlns="http://www.sdmx.org/resources/sdmxml/schemas/v2_1/common">Bucciano</Name>
          <Name xml:lang="en" xmlns="http://www.sdmx.org/resources/sdmxml/schemas/v2_1/common">Bucciano</Name>
          <Parent>
            <Ref id="ITF32" xmlns="" />
          </Parent>
        </Code>
        <Code id="062011" urn="urn:sdmx:org.sdmx.infomodel.codelist.Code=IT1:CL_REFAREA(1.2).062011">
          <Name xml:lang="it" xmlns="http://www.sdmx.org/resources/sdmxml/schemas/v2_1/common">Buonalbergo</Name>
          <Name xml:lang="en" xmlns="http://www.sdmx.org/resources/sdmxml/schemas/v2_1/common">Buonalbergo</Name>
          <Parent>
            <Ref id="ITF32" xmlns="" />
          </Parent>
        </Code>
        <Code id="062012" urn="urn:sdmx:org.sdmx.infomodel.codelist.Code=IT1:CL_REFAREA(1.2).062012">
          <Name xml:lang="it" xmlns="http://www.sdmx.org/resources/sdmxml/schemas/v2_1/common">Calvi</Name>
          <Name xml:lang="en" xmlns="http://www.sdmx.org/resources/sdmxml/schemas/v2_1/common">Calvi</Name>
          <Parent>
            <Ref id="ITF32" xmlns="" />
          </Parent>
        </Code>
        <Code id="062013" urn="urn:sdmx:org.sdmx.infomodel.codelist.Code=IT1:CL_REFAREA(1.2).062013">
          <Name xml:lang="it" xmlns="http://www.sdmx.org/resources/sdmxml/schemas/v2_1/common">Campolattaro</Name>
          <Name xml:lang="en" xmlns="http://www.sdmx.org/resources/sdmxml/schemas/v2_1/common">Campolattaro</Name>
          <Parent>
            <Ref id="ITF32" xmlns="" />
          </Parent>
        </Code>
        <Code id="062014" urn="urn:sdmx:org.sdmx.infomodel.codelist.Code=IT1:CL_REFAREA(1.2).062014">
          <Name xml:lang="it" xmlns="http://www.sdmx.org/resources/sdmxml/schemas/v2_1/common">Campoli del Monte Taburno</Name>
          <Name xml:lang="en" xmlns="http://www.sdmx.org/resources/sdmxml/schemas/v2_1/common">Campoli del Monte Taburno</Name>
          <Parent>
            <Ref id="ITF32" xmlns="" />
          </Parent>
        </Code>
        <Code id="062015" urn="urn:sdmx:org.sdmx.infomodel.codelist.Code=IT1:CL_REFAREA(1.2).062015">
          <Name xml:lang="it" xmlns="http://www.sdmx.org/resources/sdmxml/schemas/v2_1/common">Casalduni</Name>
          <Name xml:lang="en" xmlns="http://www.sdmx.org/resources/sdmxml/schemas/v2_1/common">Casalduni</Name>
          <Parent>
            <Ref id="ITF32" xmlns="" />
          </Parent>
        </Code>
        <Code id="062016" urn="urn:sdmx:org.sdmx.infomodel.codelist.Code=IT1:CL_REFAREA(1.2).062016">
          <Name xml:lang="it" xmlns="http://www.sdmx.org/resources/sdmxml/schemas/v2_1/common">Castelfranco in Miscano</Name>
          <Name xml:lang="en" xmlns="http://www.sdmx.org/resources/sdmxml/schemas/v2_1/common">Castelfranco in Miscano</Name>
          <Parent>
            <Ref id="ITF32" xmlns="" />
          </Parent>
        </Code>
        <Code id="062017" urn="urn:sdmx:org.sdmx.infomodel.codelist.Code=IT1:CL_REFAREA(1.2).062017">
          <Name xml:lang="it" xmlns="http://www.sdmx.org/resources/sdmxml/schemas/v2_1/common">Castelpagano</Name>
          <Name xml:lang="en" xmlns="http://www.sdmx.org/resources/sdmxml/schemas/v2_1/common">Castelpagano</Name>
          <Parent>
            <Ref id="ITF32" xmlns="" />
          </Parent>
        </Code>
        <Code id="062018" urn="urn:sdmx:org.sdmx.infomodel.codelist.Code=IT1:CL_REFAREA(1.2).062018">
          <Name xml:lang="it" xmlns="http://www.sdmx.org/resources/sdmxml/schemas/v2_1/common">Castelpoto</Name>
          <Name xml:lang="en" xmlns="http://www.sdmx.org/resources/sdmxml/schemas/v2_1/common">Castelpoto</Name>
          <Parent>
            <Ref id="ITF32" xmlns="" />
          </Parent>
        </Code>
        <Code id="062019" urn="urn:sdmx:org.sdmx.infomodel.codelist.Code=IT1:CL_REFAREA(1.2).062019">
          <Name xml:lang="it" xmlns="http://www.sdmx.org/resources/sdmxml/schemas/v2_1/common">Castelvenere</Name>
          <Name xml:lang="en" xmlns="http://www.sdmx.org/resources/sdmxml/schemas/v2_1/common">Castelvenere</Name>
          <Parent>
            <Ref id="ITF32" xmlns="" />
          </Parent>
        </Code>
        <Code id="062020" urn="urn:sdmx:org.sdmx.infomodel.codelist.Code=IT1:CL_REFAREA(1.2).062020">
          <Name xml:lang="it" xmlns="http://www.sdmx.org/resources/sdmxml/schemas/v2_1/common">Castelvetere in Val Fortore</Name>
          <Name xml:lang="en" xmlns="http://www.sdmx.org/resources/sdmxml/schemas/v2_1/common">Castelvetere in Val Fortore</Name>
          <Parent>
            <Ref id="ITF32" xmlns="" />
          </Parent>
        </Code>
        <Code id="062021" urn="urn:sdmx:org.sdmx.infomodel.codelist.Code=IT1:CL_REFAREA(1.2).062021">
          <Name xml:lang="it" xmlns="http://www.sdmx.org/resources/sdmxml/schemas/v2_1/common">Cautano</Name>
          <Name xml:lang="en" xmlns="http://www.sdmx.org/resources/sdmxml/schemas/v2_1/common">Cautano</Name>
          <Parent>
            <Ref id="ITF32" xmlns="" />
          </Parent>
        </Code>
        <Code id="062022" urn="urn:sdmx:org.sdmx.infomodel.codelist.Code=IT1:CL_REFAREA(1.2).062022">
          <Name xml:lang="it" xmlns="http://www.sdmx.org/resources/sdmxml/schemas/v2_1/common">Ceppaloni</Name>
          <Name xml:lang="en" xmlns="http://www.sdmx.org/resources/sdmxml/schemas/v2_1/common">Ceppaloni</Name>
          <Parent>
            <Ref id="ITF32" xmlns="" />
          </Parent>
        </Code>
        <Code id="062023" urn="urn:sdmx:org.sdmx.infomodel.codelist.Code=IT1:CL_REFAREA(1.2).062023">
          <Name xml:lang="it" xmlns="http://www.sdmx.org/resources/sdmxml/schemas/v2_1/common">Cerreto Sannita</Name>
          <Name xml:lang="en" xmlns="http://www.sdmx.org/resources/sdmxml/schemas/v2_1/common">Cerreto Sannita</Name>
          <Parent>
            <Ref id="ITF32" xmlns="" />
          </Parent>
        </Code>
        <Code id="062024" urn="urn:sdmx:org.sdmx.infomodel.codelist.Code=IT1:CL_REFAREA(1.2).062024">
          <Name xml:lang="it" xmlns="http://www.sdmx.org/resources/sdmxml/schemas/v2_1/common">Circello</Name>
          <Name xml:lang="en" xmlns="http://www.sdmx.org/resources/sdmxml/schemas/v2_1/common">Circello</Name>
          <Parent>
            <Ref id="ITF32" xmlns="" />
          </Parent>
        </Code>
        <Code id="062025" urn="urn:sdmx:org.sdmx.infomodel.codelist.Code=IT1:CL_REFAREA(1.2).062025">
          <Name xml:lang="it" xmlns="http://www.sdmx.org/resources/sdmxml/schemas/v2_1/common">Colle Sannita</Name>
          <Name xml:lang="en" xmlns="http://www.sdmx.org/resources/sdmxml/schemas/v2_1/common">Colle Sannita</Name>
          <Parent>
            <Ref id="ITF32" xmlns="" />
          </Parent>
        </Code>
        <Code id="062026" urn="urn:sdmx:org.sdmx.infomodel.codelist.Code=IT1:CL_REFAREA(1.2).062026">
          <Name xml:lang="it" xmlns="http://www.sdmx.org/resources/sdmxml/schemas/v2_1/common">Cusano Mutri</Name>
          <Name xml:lang="en" xmlns="http://www.sdmx.org/resources/sdmxml/schemas/v2_1/common">Cusano Mutri</Name>
          <Parent>
            <Ref id="ITF32" xmlns="" />
          </Parent>
        </Code>
        <Code id="062027" urn="urn:sdmx:org.sdmx.infomodel.codelist.Code=IT1:CL_REFAREA(1.2).062027">
          <Name xml:lang="it" xmlns="http://www.sdmx.org/resources/sdmxml/schemas/v2_1/common">Dugenta</Name>
          <Name xml:lang="en" xmlns="http://www.sdmx.org/resources/sdmxml/schemas/v2_1/common">Dugenta</Name>
          <Parent>
            <Ref id="ITF32" xmlns="" />
          </Parent>
        </Code>
        <Code id="062028" urn="urn:sdmx:org.sdmx.infomodel.codelist.Code=IT1:CL_REFAREA(1.2).062028">
          <Name xml:lang="it" xmlns="http://www.sdmx.org/resources/sdmxml/schemas/v2_1/common">Durazzano</Name>
          <Name xml:lang="en" xmlns="http://www.sdmx.org/resources/sdmxml/schemas/v2_1/common">Durazzano</Name>
          <Parent>
            <Ref id="ITF32" xmlns="" />
          </Parent>
        </Code>
        <Code id="062029" urn="urn:sdmx:org.sdmx.infomodel.codelist.Code=IT1:CL_REFAREA(1.2).062029">
          <Name xml:lang="it" xmlns="http://www.sdmx.org/resources/sdmxml/schemas/v2_1/common">Faicchio</Name>
          <Name xml:lang="en" xmlns="http://www.sdmx.org/resources/sdmxml/schemas/v2_1/common">Faicchio</Name>
          <Parent>
            <Ref id="ITF32" xmlns="" />
          </Parent>
        </Code>
        <Code id="062030" urn="urn:sdmx:org.sdmx.infomodel.codelist.Code=IT1:CL_REFAREA(1.2).062030">
          <Name xml:lang="it" xmlns="http://www.sdmx.org/resources/sdmxml/schemas/v2_1/common">Foglianise</Name>
          <Name xml:lang="en" xmlns="http://www.sdmx.org/resources/sdmxml/schemas/v2_1/common">Foglianise</Name>
          <Parent>
            <Ref id="ITF32" xmlns="" />
          </Parent>
        </Code>
        <Code id="062031" urn="urn:sdmx:org.sdmx.infomodel.codelist.Code=IT1:CL_REFAREA(1.2).062031">
          <Name xml:lang="it" xmlns="http://www.sdmx.org/resources/sdmxml/schemas/v2_1/common">Foiano di Val Fortore</Name>
          <Name xml:lang="en" xmlns="http://www.sdmx.org/resources/sdmxml/schemas/v2_1/common">Foiano di Val Fortore</Name>
          <Parent>
            <Ref id="ITF32" xmlns="" />
          </Parent>
        </Code>
        <Code id="062032" urn="urn:sdmx:org.sdmx.infomodel.codelist.Code=IT1:CL_REFAREA(1.2).062032">
          <Name xml:lang="it" xmlns="http://www.sdmx.org/resources/sdmxml/schemas/v2_1/common">Forchia</Name>
          <Name xml:lang="en" xmlns="http://www.sdmx.org/resources/sdmxml/schemas/v2_1/common">Forchia</Name>
          <Parent>
            <Ref id="ITF32" xmlns="" />
          </Parent>
        </Code>
        <Code id="062033" urn="urn:sdmx:org.sdmx.infomodel.codelist.Code=IT1:CL_REFAREA(1.2).062033">
          <Name xml:lang="it" xmlns="http://www.sdmx.org/resources/sdmxml/schemas/v2_1/common">Fragneto l'Abate</Name>
          <Name xml:lang="en" xmlns="http://www.sdmx.org/resources/sdmxml/schemas/v2_1/common">Fragneto l'Abate</Name>
          <Parent>
            <Ref id="ITF32" xmlns="" />
          </Parent>
        </Code>
        <Code id="062034" urn="urn:sdmx:org.sdmx.infomodel.codelist.Code=IT1:CL_REFAREA(1.2).062034">
          <Name xml:lang="it" xmlns="http://www.sdmx.org/resources/sdmxml/schemas/v2_1/common">Fragneto Monforte</Name>
          <Name xml:lang="en" xmlns="http://www.sdmx.org/resources/sdmxml/schemas/v2_1/common">Fragneto Monforte</Name>
          <Parent>
            <Ref id="ITF32" xmlns="" />
          </Parent>
        </Code>
        <Code id="062035" urn="urn:sdmx:org.sdmx.infomodel.codelist.Code=IT1:CL_REFAREA(1.2).062035">
          <Name xml:lang="it" xmlns="http://www.sdmx.org/resources/sdmxml/schemas/v2_1/common">Frasso Telesino</Name>
          <Name xml:lang="en" xmlns="http://www.sdmx.org/resources/sdmxml/schemas/v2_1/common">Frasso Telesino</Name>
          <Parent>
            <Ref id="ITF32" xmlns="" />
          </Parent>
        </Code>
        <Code id="062036" urn="urn:sdmx:org.sdmx.infomodel.codelist.Code=IT1:CL_REFAREA(1.2).062036">
          <Name xml:lang="it" xmlns="http://www.sdmx.org/resources/sdmxml/schemas/v2_1/common">Ginestra degli Schiavoni</Name>
          <Name xml:lang="en" xmlns="http://www.sdmx.org/resources/sdmxml/schemas/v2_1/common">Ginestra degli Schiavoni</Name>
          <Parent>
            <Ref id="ITF32" xmlns="" />
          </Parent>
        </Code>
        <Code id="062037" urn="urn:sdmx:org.sdmx.infomodel.codelist.Code=IT1:CL_REFAREA(1.2).062037">
          <Name xml:lang="it" xmlns="http://www.sdmx.org/resources/sdmxml/schemas/v2_1/common">Guardia Sanframondi</Name>
          <Name xml:lang="en" xmlns="http://www.sdmx.org/resources/sdmxml/schemas/v2_1/common">Guardia Sanframondi</Name>
          <Parent>
            <Ref id="ITF32" xmlns="" />
          </Parent>
        </Code>
        <Code id="062038" urn="urn:sdmx:org.sdmx.infomodel.codelist.Code=IT1:CL_REFAREA(1.2).062038">
          <Name xml:lang="it" xmlns="http://www.sdmx.org/resources/sdmxml/schemas/v2_1/common">Limatola</Name>
          <Name xml:lang="en" xmlns="http://www.sdmx.org/resources/sdmxml/schemas/v2_1/common">Limatola</Name>
          <Parent>
            <Ref id="ITF32" xmlns="" />
          </Parent>
        </Code>
        <Code id="062039" urn="urn:sdmx:org.sdmx.infomodel.codelist.Code=IT1:CL_REFAREA(1.2).062039">
          <Name xml:lang="it" xmlns="http://www.sdmx.org/resources/sdmxml/schemas/v2_1/common">Melizzano</Name>
          <Name xml:lang="en" xmlns="http://www.sdmx.org/resources/sdmxml/schemas/v2_1/common">Melizzano</Name>
          <Parent>
            <Ref id="ITF32" xmlns="" />
          </Parent>
        </Code>
        <Code id="062040" urn="urn:sdmx:org.sdmx.infomodel.codelist.Code=IT1:CL_REFAREA(1.2).062040">
          <Name xml:lang="it" xmlns="http://www.sdmx.org/resources/sdmxml/schemas/v2_1/common">Moiano</Name>
          <Name xml:lang="en" xmlns="http://www.sdmx.org/resources/sdmxml/schemas/v2_1/common">Moiano</Name>
          <Parent>
            <Ref id="ITF32" xmlns="" />
          </Parent>
        </Code>
        <Code id="062041" urn="urn:sdmx:org.sdmx.infomodel.codelist.Code=IT1:CL_REFAREA(1.2).062041">
          <Name xml:lang="it" xmlns="http://www.sdmx.org/resources/sdmxml/schemas/v2_1/common">Molinara</Name>
          <Name xml:lang="en" xmlns="http://www.sdmx.org/resources/sdmxml/schemas/v2_1/common">Molinara</Name>
          <Parent>
            <Ref id="ITF32" xmlns="" />
          </Parent>
        </Code>
        <Code id="062042" urn="urn:sdmx:org.sdmx.infomodel.codelist.Code=IT1:CL_REFAREA(1.2).062042">
          <Name xml:lang="it" xmlns="http://www.sdmx.org/resources/sdmxml/schemas/v2_1/common">Montefalcone di Val Fortore</Name>
          <Name xml:lang="en" xmlns="http://www.sdmx.org/resources/sdmxml/schemas/v2_1/common">Montefalcone di Val Fortore</Name>
          <Parent>
            <Ref id="ITF32" xmlns="" />
          </Parent>
        </Code>
        <Code id="062043" urn="urn:sdmx:org.sdmx.infomodel.codelist.Code=IT1:CL_REFAREA(1.2).062043">
          <Name xml:lang="it" xmlns="http://www.sdmx.org/resources/sdmxml/schemas/v2_1/common">Montesarchio</Name>
          <Name xml:lang="en" xmlns="http://www.sdmx.org/resources/sdmxml/schemas/v2_1/common">Montesarchio</Name>
          <Parent>
            <Ref id="ITF32" xmlns="" />
          </Parent>
        </Code>
        <Code id="062044" urn="urn:sdmx:org.sdmx.infomodel.codelist.Code=IT1:CL_REFAREA(1.2).062044">
          <Name xml:lang="it" xmlns="http://www.sdmx.org/resources/sdmxml/schemas/v2_1/common">Morcone</Name>
          <Name xml:lang="en" xmlns="http://www.sdmx.org/resources/sdmxml/schemas/v2_1/common">Morcone</Name>
          <Parent>
            <Ref id="ITF32" xmlns="" />
          </Parent>
        </Code>
        <Code id="062045" urn="urn:sdmx:org.sdmx.infomodel.codelist.Code=IT1:CL_REFAREA(1.2).062045">
          <Name xml:lang="it" xmlns="http://www.sdmx.org/resources/sdmxml/schemas/v2_1/common">Paduli</Name>
          <Name xml:lang="en" xmlns="http://www.sdmx.org/resources/sdmxml/schemas/v2_1/common">Paduli</Name>
          <Parent>
            <Ref id="ITF32" xmlns="" />
          </Parent>
        </Code>
        <Code id="062046" urn="urn:sdmx:org.sdmx.infomodel.codelist.Code=IT1:CL_REFAREA(1.2).062046">
          <Name xml:lang="it" xmlns="http://www.sdmx.org/resources/sdmxml/schemas/v2_1/common">Pago Veiano</Name>
          <Name xml:lang="en" xmlns="http://www.sdmx.org/resources/sdmxml/schemas/v2_1/common">Pago Veiano</Name>
          <Parent>
            <Ref id="ITF32" xmlns="" />
          </Parent>
        </Code>
        <Code id="062047" urn="urn:sdmx:org.sdmx.infomodel.codelist.Code=IT1:CL_REFAREA(1.2).062047">
          <Name xml:lang="it" xmlns="http://www.sdmx.org/resources/sdmxml/schemas/v2_1/common">Pannarano</Name>
          <Name xml:lang="en" xmlns="http://www.sdmx.org/resources/sdmxml/schemas/v2_1/common">Pannarano</Name>
          <Parent>
            <Ref id="ITF32" xmlns="" />
          </Parent>
        </Code>
        <Code id="062048" urn="urn:sdmx:org.sdmx.infomodel.codelist.Code=IT1:CL_REFAREA(1.2).062048">
          <Name xml:lang="it" xmlns="http://www.sdmx.org/resources/sdmxml/schemas/v2_1/common">Paolisi</Name>
          <Name xml:lang="en" xmlns="http://www.sdmx.org/resources/sdmxml/schemas/v2_1/common">Paolisi</Name>
          <Parent>
            <Ref id="ITF32" xmlns="" />
          </Parent>
        </Code>
        <Code id="062049" urn="urn:sdmx:org.sdmx.infomodel.codelist.Code=IT1:CL_REFAREA(1.2).062049">
          <Name xml:lang="it" xmlns="http://www.sdmx.org/resources/sdmxml/schemas/v2_1/common">Paupisi</Name>
          <Name xml:lang="en" xmlns="http://www.sdmx.org/resources/sdmxml/schemas/v2_1/common">Paupisi</Name>
          <Parent>
            <Ref id="ITF32" xmlns="" />
          </Parent>
        </Code>
        <Code id="062050" urn="urn:sdmx:org.sdmx.infomodel.codelist.Code=IT1:CL_REFAREA(1.2).062050">
          <Name xml:lang="it" xmlns="http://www.sdmx.org/resources/sdmxml/schemas/v2_1/common">Pesco Sannita</Name>
          <Name xml:lang="en" xmlns="http://www.sdmx.org/resources/sdmxml/schemas/v2_1/common">Pesco Sannita</Name>
          <Parent>
            <Ref id="ITF32" xmlns="" />
          </Parent>
        </Code>
        <Code id="062051" urn="urn:sdmx:org.sdmx.infomodel.codelist.Code=IT1:CL_REFAREA(1.2).062051">
          <Name xml:lang="it" xmlns="http://www.sdmx.org/resources/sdmxml/schemas/v2_1/common">Pietraroja</Name>
          <Name xml:lang="en" xmlns="http://www.sdmx.org/resources/sdmxml/schemas/v2_1/common">Pietraroja</Name>
          <Parent>
            <Ref id="ITF32" xmlns="" />
          </Parent>
        </Code>
        <Code id="062052" urn="urn:sdmx:org.sdmx.infomodel.codelist.Code=IT1:CL_REFAREA(1.2).062052">
          <Name xml:lang="it" xmlns="http://www.sdmx.org/resources/sdmxml/schemas/v2_1/common">Pietrelcina</Name>
          <Name xml:lang="en" xmlns="http://www.sdmx.org/resources/sdmxml/schemas/v2_1/common">Pietrelcina</Name>
          <Parent>
            <Ref id="ITF32" xmlns="" />
          </Parent>
        </Code>
        <Code id="062053" urn="urn:sdmx:org.sdmx.infomodel.codelist.Code=IT1:CL_REFAREA(1.2).062053">
          <Name xml:lang="it" xmlns="http://www.sdmx.org/resources/sdmxml/schemas/v2_1/common">Ponte</Name>
          <Name xml:lang="en" xmlns="http://www.sdmx.org/resources/sdmxml/schemas/v2_1/common">Ponte</Name>
          <Parent>
            <Ref id="ITF32" xmlns="" />
          </Parent>
        </Code>
        <Code id="062054" urn="urn:sdmx:org.sdmx.infomodel.codelist.Code=IT1:CL_REFAREA(1.2).062054">
          <Name xml:lang="it" xmlns="http://www.sdmx.org/resources/sdmxml/schemas/v2_1/common">Pontelandolfo</Name>
          <Name xml:lang="en" xmlns="http://www.sdmx.org/resources/sdmxml/schemas/v2_1/common">Pontelandolfo</Name>
          <Parent>
            <Ref id="ITF32" xmlns="" />
          </Parent>
        </Code>
        <Code id="062055" urn="urn:sdmx:org.sdmx.infomodel.codelist.Code=IT1:CL_REFAREA(1.2).062055">
          <Name xml:lang="it" xmlns="http://www.sdmx.org/resources/sdmxml/schemas/v2_1/common">Puglianello</Name>
          <Name xml:lang="en" xmlns="http://www.sdmx.org/resources/sdmxml/schemas/v2_1/common">Puglianello</Name>
          <Parent>
            <Ref id="ITF32" xmlns="" />
          </Parent>
        </Code>
        <Code id="062056" urn="urn:sdmx:org.sdmx.infomodel.codelist.Code=IT1:CL_REFAREA(1.2).062056">
          <Name xml:lang="it" xmlns="http://www.sdmx.org/resources/sdmxml/schemas/v2_1/common">Reino</Name>
          <Name xml:lang="en" xmlns="http://www.sdmx.org/resources/sdmxml/schemas/v2_1/common">Reino</Name>
          <Parent>
            <Ref id="ITF32" xmlns="" />
          </Parent>
        </Code>
        <Code id="062057" urn="urn:sdmx:org.sdmx.infomodel.codelist.Code=IT1:CL_REFAREA(1.2).062057">
          <Name xml:lang="it" xmlns="http://www.sdmx.org/resources/sdmxml/schemas/v2_1/common">San Bartolomeo in Galdo</Name>
          <Name xml:lang="en" xmlns="http://www.sdmx.org/resources/sdmxml/schemas/v2_1/common">San Bartolomeo in Galdo</Name>
          <Parent>
            <Ref id="ITF32" xmlns="" />
          </Parent>
        </Code>
        <Code id="062058" urn="urn:sdmx:org.sdmx.infomodel.codelist.Code=IT1:CL_REFAREA(1.2).062058">
          <Name xml:lang="it" xmlns="http://www.sdmx.org/resources/sdmxml/schemas/v2_1/common">San Giorgio del Sannio</Name>
          <Name xml:lang="en" xmlns="http://www.sdmx.org/resources/sdmxml/schemas/v2_1/common">San Giorgio del Sannio</Name>
          <Parent>
            <Ref id="ITF32" xmlns="" />
          </Parent>
        </Code>
        <Code id="062059" urn="urn:sdmx:org.sdmx.infomodel.codelist.Code=IT1:CL_REFAREA(1.2).062059">
          <Name xml:lang="it" xmlns="http://www.sdmx.org/resources/sdmxml/schemas/v2_1/common">San Giorgio La Molara</Name>
          <Name xml:lang="en" xmlns="http://www.sdmx.org/resources/sdmxml/schemas/v2_1/common">San Giorgio La Molara</Name>
          <Parent>
            <Ref id="ITF32" xmlns="" />
          </Parent>
        </Code>
        <Code id="062060" urn="urn:sdmx:org.sdmx.infomodel.codelist.Code=IT1:CL_REFAREA(1.2).062060">
          <Name xml:lang="it" xmlns="http://www.sdmx.org/resources/sdmxml/schemas/v2_1/common">San Leucio del Sannio</Name>
          <Name xml:lang="en" xmlns="http://www.sdmx.org/resources/sdmxml/schemas/v2_1/common">San Leucio del Sannio</Name>
          <Parent>
            <Ref id="ITF32" xmlns="" />
          </Parent>
        </Code>
        <Code id="062061" urn="urn:sdmx:org.sdmx.infomodel.codelist.Code=IT1:CL_REFAREA(1.2).062061">
          <Name xml:lang="it" xmlns="http://www.sdmx.org/resources/sdmxml/schemas/v2_1/common">San Lorenzello</Name>
          <Name xml:lang="en" xmlns="http://www.sdmx.org/resources/sdmxml/schemas/v2_1/common">San Lorenzello</Name>
          <Parent>
            <Ref id="ITF32" xmlns="" />
          </Parent>
        </Code>
        <Code id="062062" urn="urn:sdmx:org.sdmx.infomodel.codelist.Code=IT1:CL_REFAREA(1.2).062062">
          <Name xml:lang="it" xmlns="http://www.sdmx.org/resources/sdmxml/schemas/v2_1/common">San Lorenzo Maggiore</Name>
          <Name xml:lang="en" xmlns="http://www.sdmx.org/resources/sdmxml/schemas/v2_1/common">San Lorenzo Maggiore</Name>
          <Parent>
            <Ref id="ITF32" xmlns="" />
          </Parent>
        </Code>
        <Code id="062063" urn="urn:sdmx:org.sdmx.infomodel.codelist.Code=IT1:CL_REFAREA(1.2).062063">
          <Name xml:lang="it" xmlns="http://www.sdmx.org/resources/sdmxml/schemas/v2_1/common">San Lupo</Name>
          <Name xml:lang="en" xmlns="http://www.sdmx.org/resources/sdmxml/schemas/v2_1/common">San Lupo</Name>
          <Parent>
            <Ref id="ITF32" xmlns="" />
          </Parent>
        </Code>
        <Code id="062064" urn="urn:sdmx:org.sdmx.infomodel.codelist.Code=IT1:CL_REFAREA(1.2).062064">
          <Name xml:lang="it" xmlns="http://www.sdmx.org/resources/sdmxml/schemas/v2_1/common">San Marco dei Cavoti</Name>
          <Name xml:lang="en" xmlns="http://www.sdmx.org/resources/sdmxml/schemas/v2_1/common">San Marco dei Cavoti</Name>
          <Parent>
            <Ref id="ITF32" xmlns="" />
          </Parent>
        </Code>
        <Code id="062065" urn="urn:sdmx:org.sdmx.infomodel.codelist.Code=IT1:CL_REFAREA(1.2).062065">
          <Name xml:lang="it" xmlns="http://www.sdmx.org/resources/sdmxml/schemas/v2_1/common">San Martino Sannita</Name>
          <Name xml:lang="en" xmlns="http://www.sdmx.org/resources/sdmxml/schemas/v2_1/common">San Martino Sannita</Name>
          <Parent>
            <Ref id="ITF32" xmlns="" />
          </Parent>
        </Code>
        <Code id="062066" urn="urn:sdmx:org.sdmx.infomodel.codelist.Code=IT1:CL_REFAREA(1.2).062066">
          <Name xml:lang="it" xmlns="http://www.sdmx.org/resources/sdmxml/schemas/v2_1/common">San Nazzaro</Name>
          <Name xml:lang="en" xmlns="http://www.sdmx.org/resources/sdmxml/schemas/v2_1/common">San Nazzaro</Name>
          <Parent>
            <Ref id="ITF32" xmlns="" />
          </Parent>
        </Code>
        <Code id="062067" urn="urn:sdmx:org.sdmx.infomodel.codelist.Code=IT1:CL_REFAREA(1.2).062067">
          <Name xml:lang="it" xmlns="http://www.sdmx.org/resources/sdmxml/schemas/v2_1/common">San Nicola Manfredi</Name>
          <Name xml:lang="en" xmlns="http://www.sdmx.org/resources/sdmxml/schemas/v2_1/common">San Nicola Manfredi</Name>
          <Parent>
            <Ref id="ITF32" xmlns="" />
          </Parent>
        </Code>
        <Code id="062068" urn="urn:sdmx:org.sdmx.infomodel.codelist.Code=IT1:CL_REFAREA(1.2).062068">
          <Name xml:lang="it" xmlns="http://www.sdmx.org/resources/sdmxml/schemas/v2_1/common">San Salvatore Telesino</Name>
          <Name xml:lang="en" xmlns="http://www.sdmx.org/resources/sdmxml/schemas/v2_1/common">San Salvatore Telesino</Name>
          <Parent>
            <Ref id="ITF32" xmlns="" />
          </Parent>
        </Code>
        <Code id="062069" urn="urn:sdmx:org.sdmx.infomodel.codelist.Code=IT1:CL_REFAREA(1.2).062069">
          <Name xml:lang="it" xmlns="http://www.sdmx.org/resources/sdmxml/schemas/v2_1/common">Santa Croce del Sannio</Name>
          <Name xml:lang="en" xmlns="http://www.sdmx.org/resources/sdmxml/schemas/v2_1/common">Santa Croce del Sannio</Name>
          <Parent>
            <Ref id="ITF32" xmlns="" />
          </Parent>
        </Code>
        <Code id="062070" urn="urn:sdmx:org.sdmx.infomodel.codelist.Code=IT1:CL_REFAREA(1.2).062070">
          <Name xml:lang="it" xmlns="http://www.sdmx.org/resources/sdmxml/schemas/v2_1/common">Sant'Agata de' Goti</Name>
          <Name xml:lang="en" xmlns="http://www.sdmx.org/resources/sdmxml/schemas/v2_1/common">Sant'Agata de' Goti</Name>
          <Parent>
            <Ref id="ITF32" xmlns="" />
          </Parent>
        </Code>
        <Code id="062071" urn="urn:sdmx:org.sdmx.infomodel.codelist.Code=IT1:CL_REFAREA(1.2).062071">
          <Name xml:lang="it" xmlns="http://www.sdmx.org/resources/sdmxml/schemas/v2_1/common">Sant'Angelo a Cupolo</Name>
          <Name xml:lang="en" xmlns="http://www.sdmx.org/resources/sdmxml/schemas/v2_1/common">Sant'Angelo a Cupolo</Name>
          <Parent>
            <Ref id="ITF32" xmlns="" />
          </Parent>
        </Code>
        <Code id="062072" urn="urn:sdmx:org.sdmx.infomodel.codelist.Code=IT1:CL_REFAREA(1.2).062072">
          <Name xml:lang="it" xmlns="http://www.sdmx.org/resources/sdmxml/schemas/v2_1/common">Sassinoro</Name>
          <Name xml:lang="en" xmlns="http://www.sdmx.org/resources/sdmxml/schemas/v2_1/common">Sassinoro</Name>
          <Parent>
            <Ref id="ITF32" xmlns="" />
          </Parent>
        </Code>
        <Code id="062073" urn="urn:sdmx:org.sdmx.infomodel.codelist.Code=IT1:CL_REFAREA(1.2).062073">
          <Name xml:lang="it" xmlns="http://www.sdmx.org/resources/sdmxml/schemas/v2_1/common">Solopaca</Name>
          <Name xml:lang="en" xmlns="http://www.sdmx.org/resources/sdmxml/schemas/v2_1/common">Solopaca</Name>
          <Parent>
            <Ref id="ITF32" xmlns="" />
          </Parent>
        </Code>
        <Code id="062074" urn="urn:sdmx:org.sdmx.infomodel.codelist.Code=IT1:CL_REFAREA(1.2).062074">
          <Name xml:lang="it" xmlns="http://www.sdmx.org/resources/sdmxml/schemas/v2_1/common">Telese Terme</Name>
          <Name xml:lang="en" xmlns="http://www.sdmx.org/resources/sdmxml/schemas/v2_1/common">Telese Terme</Name>
          <Parent>
            <Ref id="ITF32" xmlns="" />
          </Parent>
        </Code>
        <Code id="062075" urn="urn:sdmx:org.sdmx.infomodel.codelist.Code=IT1:CL_REFAREA(1.2).062075">
          <Name xml:lang="it" xmlns="http://www.sdmx.org/resources/sdmxml/schemas/v2_1/common">Tocco Caudio</Name>
          <Name xml:lang="en" xmlns="http://www.sdmx.org/resources/sdmxml/schemas/v2_1/common">Tocco Caudio</Name>
          <Parent>
            <Ref id="ITF32" xmlns="" />
          </Parent>
        </Code>
        <Code id="062076" urn="urn:sdmx:org.sdmx.infomodel.codelist.Code=IT1:CL_REFAREA(1.2).062076">
          <Name xml:lang="it" xmlns="http://www.sdmx.org/resources/sdmxml/schemas/v2_1/common">Torrecuso</Name>
          <Name xml:lang="en" xmlns="http://www.sdmx.org/resources/sdmxml/schemas/v2_1/common">Torrecuso</Name>
          <Parent>
            <Ref id="ITF32" xmlns="" />
          </Parent>
        </Code>
        <Code id="062077" urn="urn:sdmx:org.sdmx.infomodel.codelist.Code=IT1:CL_REFAREA(1.2).062077">
          <Name xml:lang="it" xmlns="http://www.sdmx.org/resources/sdmxml/schemas/v2_1/common">Vitulano</Name>
          <Name xml:lang="en" xmlns="http://www.sdmx.org/resources/sdmxml/schemas/v2_1/common">Vitulano</Name>
          <Parent>
            <Ref id="ITF32" xmlns="" />
          </Parent>
        </Code>
        <Code id="062078" urn="urn:sdmx:org.sdmx.infomodel.codelist.Code=IT1:CL_REFAREA(1.2).062078">
          <Name xml:lang="it" xmlns="http://www.sdmx.org/resources/sdmxml/schemas/v2_1/common">Sant'Arcangelo Trimonte</Name>
          <Name xml:lang="en" xmlns="http://www.sdmx.org/resources/sdmxml/schemas/v2_1/common">Sant'Arcangelo Trimonte</Name>
          <Parent>
            <Ref id="ITF32" xmlns="" />
          </Parent>
        </Code>
        <Code id="063001" urn="urn:sdmx:org.sdmx.infomodel.codelist.Code=IT1:CL_REFAREA(1.2).063001">
          <Name xml:lang="it" xmlns="http://www.sdmx.org/resources/sdmxml/schemas/v2_1/common">Acerra</Name>
          <Name xml:lang="en" xmlns="http://www.sdmx.org/resources/sdmxml/schemas/v2_1/common">Acerra</Name>
          <Parent>
            <Ref id="ITF33" xmlns="" />
          </Parent>
        </Code>
        <Code id="063002" urn="urn:sdmx:org.sdmx.infomodel.codelist.Code=IT1:CL_REFAREA(1.2).063002">
          <Name xml:lang="it" xmlns="http://www.sdmx.org/resources/sdmxml/schemas/v2_1/common">Afragola</Name>
          <Name xml:lang="en" xmlns="http://www.sdmx.org/resources/sdmxml/schemas/v2_1/common">Afragola</Name>
          <Parent>
            <Ref id="ITF33" xmlns="" />
          </Parent>
        </Code>
        <Code id="063003" urn="urn:sdmx:org.sdmx.infomodel.codelist.Code=IT1:CL_REFAREA(1.2).063003">
          <Name xml:lang="it" xmlns="http://www.sdmx.org/resources/sdmxml/schemas/v2_1/common">Agerola</Name>
          <Name xml:lang="en" xmlns="http://www.sdmx.org/resources/sdmxml/schemas/v2_1/common">Agerola</Name>
          <Parent>
            <Ref id="ITF33" xmlns="" />
          </Parent>
        </Code>
        <Code id="063004" urn="urn:sdmx:org.sdmx.infomodel.codelist.Code=IT1:CL_REFAREA(1.2).063004">
          <Name xml:lang="it" xmlns="http://www.sdmx.org/resources/sdmxml/schemas/v2_1/common">Anacapri</Name>
          <Name xml:lang="en" xmlns="http://www.sdmx.org/resources/sdmxml/schemas/v2_1/common">Anacapri</Name>
          <Parent>
            <Ref id="ITF33" xmlns="" />
          </Parent>
        </Code>
        <Code id="063005" urn="urn:sdmx:org.sdmx.infomodel.codelist.Code=IT1:CL_REFAREA(1.2).063005">
          <Name xml:lang="it" xmlns="http://www.sdmx.org/resources/sdmxml/schemas/v2_1/common">Arzano</Name>
          <Name xml:lang="en" xmlns="http://www.sdmx.org/resources/sdmxml/schemas/v2_1/common">Arzano</Name>
          <Parent>
            <Ref id="ITF33" xmlns="" />
          </Parent>
        </Code>
        <Code id="063006" urn="urn:sdmx:org.sdmx.infomodel.codelist.Code=IT1:CL_REFAREA(1.2).063006">
          <Name xml:lang="it" xmlns="http://www.sdmx.org/resources/sdmxml/schemas/v2_1/common">Bacoli</Name>
          <Name xml:lang="en" xmlns="http://www.sdmx.org/resources/sdmxml/schemas/v2_1/common">Bacoli</Name>
          <Parent>
            <Ref id="ITF33" xmlns="" />
          </Parent>
        </Code>
        <Code id="063007" urn="urn:sdmx:org.sdmx.infomodel.codelist.Code=IT1:CL_REFAREA(1.2).063007">
          <Name xml:lang="it" xmlns="http://www.sdmx.org/resources/sdmxml/schemas/v2_1/common">Barano d'Ischia</Name>
          <Name xml:lang="en" xmlns="http://www.sdmx.org/resources/sdmxml/schemas/v2_1/common">Barano d'Ischia</Name>
          <Parent>
            <Ref id="ITF33" xmlns="" />
          </Parent>
        </Code>
        <Code id="063008" urn="urn:sdmx:org.sdmx.infomodel.codelist.Code=IT1:CL_REFAREA(1.2).063008">
          <Name xml:lang="it" xmlns="http://www.sdmx.org/resources/sdmxml/schemas/v2_1/common">Boscoreale</Name>
          <Name xml:lang="en" xmlns="http://www.sdmx.org/resources/sdmxml/schemas/v2_1/common">Boscoreale</Name>
          <Parent>
            <Ref id="ITF33" xmlns="" />
          </Parent>
        </Code>
        <Code id="063009" urn="urn:sdmx:org.sdmx.infomodel.codelist.Code=IT1:CL_REFAREA(1.2).063009">
          <Name xml:lang="it" xmlns="http://www.sdmx.org/resources/sdmxml/schemas/v2_1/common">Boscotrecase</Name>
          <Name xml:lang="en" xmlns="http://www.sdmx.org/resources/sdmxml/schemas/v2_1/common">Boscotrecase</Name>
          <Parent>
            <Ref id="ITF33" xmlns="" />
          </Parent>
        </Code>
        <Code id="063010" urn="urn:sdmx:org.sdmx.infomodel.codelist.Code=IT1:CL_REFAREA(1.2).063010">
          <Name xml:lang="it" xmlns="http://www.sdmx.org/resources/sdmxml/schemas/v2_1/common">Brusciano</Name>
          <Name xml:lang="en" xmlns="http://www.sdmx.org/resources/sdmxml/schemas/v2_1/common">Brusciano</Name>
          <Parent>
            <Ref id="ITF33" xmlns="" />
          </Parent>
        </Code>
        <Code id="063011" urn="urn:sdmx:org.sdmx.infomodel.codelist.Code=IT1:CL_REFAREA(1.2).063011">
          <Name xml:lang="it" xmlns="http://www.sdmx.org/resources/sdmxml/schemas/v2_1/common">Caivano</Name>
          <Name xml:lang="en" xmlns="http://www.sdmx.org/resources/sdmxml/schemas/v2_1/common">Caivano</Name>
          <Parent>
            <Ref id="ITF33" xmlns="" />
          </Parent>
        </Code>
        <Code id="063012" urn="urn:sdmx:org.sdmx.infomodel.codelist.Code=IT1:CL_REFAREA(1.2).063012">
          <Name xml:lang="it" xmlns="http://www.sdmx.org/resources/sdmxml/schemas/v2_1/common">Calvizzano</Name>
          <Name xml:lang="en" xmlns="http://www.sdmx.org/resources/sdmxml/schemas/v2_1/common">Calvizzano</Name>
          <Parent>
            <Ref id="ITF33" xmlns="" />
          </Parent>
        </Code>
        <Code id="063013" urn="urn:sdmx:org.sdmx.infomodel.codelist.Code=IT1:CL_REFAREA(1.2).063013">
          <Name xml:lang="it" xmlns="http://www.sdmx.org/resources/sdmxml/schemas/v2_1/common">Camposano</Name>
          <Name xml:lang="en" xmlns="http://www.sdmx.org/resources/sdmxml/schemas/v2_1/common">Camposano</Name>
          <Parent>
            <Ref id="ITF33" xmlns="" />
          </Parent>
        </Code>
        <Code id="063014" urn="urn:sdmx:org.sdmx.infomodel.codelist.Code=IT1:CL_REFAREA(1.2).063014">
          <Name xml:lang="it" xmlns="http://www.sdmx.org/resources/sdmxml/schemas/v2_1/common">Capri</Name>
          <Name xml:lang="en" xmlns="http://www.sdmx.org/resources/sdmxml/schemas/v2_1/common">Capri</Name>
          <Parent>
            <Ref id="ITF33" xmlns="" />
          </Parent>
        </Code>
        <Code id="063015" urn="urn:sdmx:org.sdmx.infomodel.codelist.Code=IT1:CL_REFAREA(1.2).063015">
          <Name xml:lang="it" xmlns="http://www.sdmx.org/resources/sdmxml/schemas/v2_1/common">Carbonara di Nola</Name>
          <Name xml:lang="en" xmlns="http://www.sdmx.org/resources/sdmxml/schemas/v2_1/common">Carbonara di Nola</Name>
          <Parent>
            <Ref id="ITF33" xmlns="" />
          </Parent>
        </Code>
        <Code id="063016" urn="urn:sdmx:org.sdmx.infomodel.codelist.Code=IT1:CL_REFAREA(1.2).063016">
          <Name xml:lang="it" xmlns="http://www.sdmx.org/resources/sdmxml/schemas/v2_1/common">Cardito</Name>
          <Name xml:lang="en" xmlns="http://www.sdmx.org/resources/sdmxml/schemas/v2_1/common">Cardito</Name>
          <Parent>
            <Ref id="ITF33" xmlns="" />
          </Parent>
        </Code>
        <Code id="063017" urn="urn:sdmx:org.sdmx.infomodel.codelist.Code=IT1:CL_REFAREA(1.2).063017">
          <Name xml:lang="it" xmlns="http://www.sdmx.org/resources/sdmxml/schemas/v2_1/common">Casalnuovo di Napoli</Name>
          <Name xml:lang="en" xmlns="http://www.sdmx.org/resources/sdmxml/schemas/v2_1/common">Casalnuovo di Napoli</Name>
          <Parent>
            <Ref id="ITF33" xmlns="" />
          </Parent>
        </Code>
        <Code id="063018" urn="urn:sdmx:org.sdmx.infomodel.codelist.Code=IT1:CL_REFAREA(1.2).063018">
          <Name xml:lang="it" xmlns="http://www.sdmx.org/resources/sdmxml/schemas/v2_1/common">Casamarciano</Name>
          <Name xml:lang="en" xmlns="http://www.sdmx.org/resources/sdmxml/schemas/v2_1/common">Casamarciano</Name>
          <Parent>
            <Ref id="ITF33" xmlns="" />
          </Parent>
        </Code>
        <Code id="063019" urn="urn:sdmx:org.sdmx.infomodel.codelist.Code=IT1:CL_REFAREA(1.2).063019">
          <Name xml:lang="it" xmlns="http://www.sdmx.org/resources/sdmxml/schemas/v2_1/common">Casamicciola Terme</Name>
          <Name xml:lang="en" xmlns="http://www.sdmx.org/resources/sdmxml/schemas/v2_1/common">Casamicciola Terme</Name>
          <Parent>
            <Ref id="ITF33" xmlns="" />
          </Parent>
        </Code>
        <Code id="063020" urn="urn:sdmx:org.sdmx.infomodel.codelist.Code=IT1:CL_REFAREA(1.2).063020">
          <Name xml:lang="it" xmlns="http://www.sdmx.org/resources/sdmxml/schemas/v2_1/common">Casandrino</Name>
          <Name xml:lang="en" xmlns="http://www.sdmx.org/resources/sdmxml/schemas/v2_1/common">Casandrino</Name>
          <Parent>
            <Ref id="ITF33" xmlns="" />
          </Parent>
        </Code>
        <Code id="063021" urn="urn:sdmx:org.sdmx.infomodel.codelist.Code=IT1:CL_REFAREA(1.2).063021">
          <Name xml:lang="it" xmlns="http://www.sdmx.org/resources/sdmxml/schemas/v2_1/common">Casavatore</Name>
          <Name xml:lang="en" xmlns="http://www.sdmx.org/resources/sdmxml/schemas/v2_1/common">Casavatore</Name>
          <Parent>
            <Ref id="ITF33" xmlns="" />
          </Parent>
        </Code>
        <Code id="063022" urn="urn:sdmx:org.sdmx.infomodel.codelist.Code=IT1:CL_REFAREA(1.2).063022">
          <Name xml:lang="it" xmlns="http://www.sdmx.org/resources/sdmxml/schemas/v2_1/common">Casola di Napoli</Name>
          <Name xml:lang="en" xmlns="http://www.sdmx.org/resources/sdmxml/schemas/v2_1/common">Casola di Napoli</Name>
          <Parent>
            <Ref id="ITF33" xmlns="" />
          </Parent>
        </Code>
        <Code id="063023" urn="urn:sdmx:org.sdmx.infomodel.codelist.Code=IT1:CL_REFAREA(1.2).063023">
          <Name xml:lang="it" xmlns="http://www.sdmx.org/resources/sdmxml/schemas/v2_1/common">Casoria</Name>
          <Name xml:lang="en" xmlns="http://www.sdmx.org/resources/sdmxml/schemas/v2_1/common">Casoria</Name>
          <Parent>
            <Ref id="ITF33" xmlns="" />
          </Parent>
        </Code>
        <Code id="063024" urn="urn:sdmx:org.sdmx.infomodel.codelist.Code=IT1:CL_REFAREA(1.2).063024">
          <Name xml:lang="it" xmlns="http://www.sdmx.org/resources/sdmxml/schemas/v2_1/common">Castellammare di Stabia</Name>
          <Name xml:lang="en" xmlns="http://www.sdmx.org/resources/sdmxml/schemas/v2_1/common">Castellammare di Stabia</Name>
          <Parent>
            <Ref id="ITF33" xmlns="" />
          </Parent>
        </Code>
        <Code id="063025" urn="urn:sdmx:org.sdmx.infomodel.codelist.Code=IT1:CL_REFAREA(1.2).063025">
          <Name xml:lang="it" xmlns="http://www.sdmx.org/resources/sdmxml/schemas/v2_1/common">Castello di Cisterna</Name>
          <Name xml:lang="en" xmlns="http://www.sdmx.org/resources/sdmxml/schemas/v2_1/common">Castello di Cisterna</Name>
          <Parent>
            <Ref id="ITF33" xmlns="" />
          </Parent>
        </Code>
        <Code id="063026" urn="urn:sdmx:org.sdmx.infomodel.codelist.Code=IT1:CL_REFAREA(1.2).063026">
          <Name xml:lang="it" xmlns="http://www.sdmx.org/resources/sdmxml/schemas/v2_1/common">Cercola</Name>
          <Name xml:lang="en" xmlns="http://www.sdmx.org/resources/sdmxml/schemas/v2_1/common">Cercola</Name>
          <Parent>
            <Ref id="ITF33" xmlns="" />
          </Parent>
        </Code>
        <Code id="063027" urn="urn:sdmx:org.sdmx.infomodel.codelist.Code=IT1:CL_REFAREA(1.2).063027">
          <Name xml:lang="it" xmlns="http://www.sdmx.org/resources/sdmxml/schemas/v2_1/common">Cicciano</Name>
          <Name xml:lang="en" xmlns="http://www.sdmx.org/resources/sdmxml/schemas/v2_1/common">Cicciano</Name>
          <Parent>
            <Ref id="ITF33" xmlns="" />
          </Parent>
        </Code>
        <Code id="063028" urn="urn:sdmx:org.sdmx.infomodel.codelist.Code=IT1:CL_REFAREA(1.2).063028">
          <Name xml:lang="it" xmlns="http://www.sdmx.org/resources/sdmxml/schemas/v2_1/common">Cimitile</Name>
          <Name xml:lang="en" xmlns="http://www.sdmx.org/resources/sdmxml/schemas/v2_1/common">Cimitile</Name>
          <Parent>
            <Ref id="ITF33" xmlns="" />
          </Parent>
        </Code>
        <Code id="063029" urn="urn:sdmx:org.sdmx.infomodel.codelist.Code=IT1:CL_REFAREA(1.2).063029">
          <Name xml:lang="it" xmlns="http://www.sdmx.org/resources/sdmxml/schemas/v2_1/common">Comiziano</Name>
          <Name xml:lang="en" xmlns="http://www.sdmx.org/resources/sdmxml/schemas/v2_1/common">Comiziano</Name>
          <Parent>
            <Ref id="ITF33" xmlns="" />
          </Parent>
        </Code>
        <Code id="063030" urn="urn:sdmx:org.sdmx.infomodel.codelist.Code=IT1:CL_REFAREA(1.2).063030">
          <Name xml:lang="it" xmlns="http://www.sdmx.org/resources/sdmxml/schemas/v2_1/common">Crispano</Name>
          <Name xml:lang="en" xmlns="http://www.sdmx.org/resources/sdmxml/schemas/v2_1/common">Crispano</Name>
          <Parent>
            <Ref id="ITF33" xmlns="" />
          </Parent>
        </Code>
        <Code id="063031" urn="urn:sdmx:org.sdmx.infomodel.codelist.Code=IT1:CL_REFAREA(1.2).063031">
          <Name xml:lang="it" xmlns="http://www.sdmx.org/resources/sdmxml/schemas/v2_1/common">Forio</Name>
          <Name xml:lang="en" xmlns="http://www.sdmx.org/resources/sdmxml/schemas/v2_1/common">Forio</Name>
          <Parent>
            <Ref id="ITF33" xmlns="" />
          </Parent>
        </Code>
        <Code id="063032" urn="urn:sdmx:org.sdmx.infomodel.codelist.Code=IT1:CL_REFAREA(1.2).063032">
          <Name xml:lang="it" xmlns="http://www.sdmx.org/resources/sdmxml/schemas/v2_1/common">Frattamaggiore</Name>
          <Name xml:lang="en" xmlns="http://www.sdmx.org/resources/sdmxml/schemas/v2_1/common">Frattamaggiore</Name>
          <Parent>
            <Ref id="ITF33" xmlns="" />
          </Parent>
        </Code>
        <Code id="063033" urn="urn:sdmx:org.sdmx.infomodel.codelist.Code=IT1:CL_REFAREA(1.2).063033">
          <Name xml:lang="it" xmlns="http://www.sdmx.org/resources/sdmxml/schemas/v2_1/common">Frattaminore</Name>
          <Name xml:lang="en" xmlns="http://www.sdmx.org/resources/sdmxml/schemas/v2_1/common">Frattaminore</Name>
          <Parent>
            <Ref id="ITF33" xmlns="" />
          </Parent>
        </Code>
        <Code id="063034" urn="urn:sdmx:org.sdmx.infomodel.codelist.Code=IT1:CL_REFAREA(1.2).063034">
          <Name xml:lang="it" xmlns="http://www.sdmx.org/resources/sdmxml/schemas/v2_1/common">Giugliano in Campania</Name>
          <Name xml:lang="en" xmlns="http://www.sdmx.org/resources/sdmxml/schemas/v2_1/common">Giugliano in Campania</Name>
          <Parent>
            <Ref id="ITF33" xmlns="" />
          </Parent>
        </Code>
        <Code id="063035" urn="urn:sdmx:org.sdmx.infomodel.codelist.Code=IT1:CL_REFAREA(1.2).063035">
          <Name xml:lang="it" xmlns="http://www.sdmx.org/resources/sdmxml/schemas/v2_1/common">Gragnano</Name>
          <Name xml:lang="en" xmlns="http://www.sdmx.org/resources/sdmxml/schemas/v2_1/common">Gragnano</Name>
          <Parent>
            <Ref id="ITF33" xmlns="" />
          </Parent>
        </Code>
        <Code id="063036" urn="urn:sdmx:org.sdmx.infomodel.codelist.Code=IT1:CL_REFAREA(1.2).063036">
          <Name xml:lang="it" xmlns="http://www.sdmx.org/resources/sdmxml/schemas/v2_1/common">Grumo Nevano</Name>
          <Name xml:lang="en" xmlns="http://www.sdmx.org/resources/sdmxml/schemas/v2_1/common">Grumo Nevano</Name>
          <Parent>
            <Ref id="ITF33" xmlns="" />
          </Parent>
        </Code>
        <Code id="063037" urn="urn:sdmx:org.sdmx.infomodel.codelist.Code=IT1:CL_REFAREA(1.2).063037">
          <Name xml:lang="it" xmlns="http://www.sdmx.org/resources/sdmxml/schemas/v2_1/common">Ischia</Name>
          <Name xml:lang="en" xmlns="http://www.sdmx.org/resources/sdmxml/schemas/v2_1/common">Ischia</Name>
          <Parent>
            <Ref id="ITF33" xmlns="" />
          </Parent>
        </Code>
        <Code id="063038" urn="urn:sdmx:org.sdmx.infomodel.codelist.Code=IT1:CL_REFAREA(1.2).063038">
          <Name xml:lang="it" xmlns="http://www.sdmx.org/resources/sdmxml/schemas/v2_1/common">Lacco Ameno</Name>
          <Name xml:lang="en" xmlns="http://www.sdmx.org/resources/sdmxml/schemas/v2_1/common">Lacco Ameno</Name>
          <Parent>
            <Ref id="ITF33" xmlns="" />
          </Parent>
        </Code>
        <Code id="063039" urn="urn:sdmx:org.sdmx.infomodel.codelist.Code=IT1:CL_REFAREA(1.2).063039">
          <Name xml:lang="it" xmlns="http://www.sdmx.org/resources/sdmxml/schemas/v2_1/common">Lettere</Name>
          <Name xml:lang="en" xmlns="http://www.sdmx.org/resources/sdmxml/schemas/v2_1/common">Lettere</Name>
          <Parent>
            <Ref id="ITF33" xmlns="" />
          </Parent>
        </Code>
        <Code id="063040" urn="urn:sdmx:org.sdmx.infomodel.codelist.Code=IT1:CL_REFAREA(1.2).063040">
          <Name xml:lang="it" xmlns="http://www.sdmx.org/resources/sdmxml/schemas/v2_1/common">Liveri</Name>
          <Name xml:lang="en" xmlns="http://www.sdmx.org/resources/sdmxml/schemas/v2_1/common">Liveri</Name>
          <Parent>
            <Ref id="ITF33" xmlns="" />
          </Parent>
        </Code>
        <Code id="063041" urn="urn:sdmx:org.sdmx.infomodel.codelist.Code=IT1:CL_REFAREA(1.2).063041">
          <Name xml:lang="it" xmlns="http://www.sdmx.org/resources/sdmxml/schemas/v2_1/common">Marano di Napoli</Name>
          <Name xml:lang="en" xmlns="http://www.sdmx.org/resources/sdmxml/schemas/v2_1/common">Marano di Napoli</Name>
          <Parent>
            <Ref id="ITF33" xmlns="" />
          </Parent>
        </Code>
        <Code id="063042" urn="urn:sdmx:org.sdmx.infomodel.codelist.Code=IT1:CL_REFAREA(1.2).063042">
          <Name xml:lang="it" xmlns="http://www.sdmx.org/resources/sdmxml/schemas/v2_1/common">Mariglianella</Name>
          <Name xml:lang="en" xmlns="http://www.sdmx.org/resources/sdmxml/schemas/v2_1/common">Mariglianella</Name>
          <Parent>
            <Ref id="ITF33" xmlns="" />
          </Parent>
        </Code>
        <Code id="063043" urn="urn:sdmx:org.sdmx.infomodel.codelist.Code=IT1:CL_REFAREA(1.2).063043">
          <Name xml:lang="it" xmlns="http://www.sdmx.org/resources/sdmxml/schemas/v2_1/common">Marigliano</Name>
          <Name xml:lang="en" xmlns="http://www.sdmx.org/resources/sdmxml/schemas/v2_1/common">Marigliano</Name>
          <Parent>
            <Ref id="ITF33" xmlns="" />
          </Parent>
        </Code>
        <Code id="063044" urn="urn:sdmx:org.sdmx.infomodel.codelist.Code=IT1:CL_REFAREA(1.2).063044">
          <Name xml:lang="it" xmlns="http://www.sdmx.org/resources/sdmxml/schemas/v2_1/common">Massa Lubrense</Name>
          <Name xml:lang="en" xmlns="http://www.sdmx.org/resources/sdmxml/schemas/v2_1/common">Massa Lubrense</Name>
          <Parent>
            <Ref id="ITF33" xmlns="" />
          </Parent>
        </Code>
        <Code id="063045" urn="urn:sdmx:org.sdmx.infomodel.codelist.Code=IT1:CL_REFAREA(1.2).063045">
          <Name xml:lang="it" xmlns="http://www.sdmx.org/resources/sdmxml/schemas/v2_1/common">Melito di Napoli</Name>
          <Name xml:lang="en" xmlns="http://www.sdmx.org/resources/sdmxml/schemas/v2_1/common">Melito di Napoli</Name>
          <Parent>
            <Ref id="ITF33" xmlns="" />
          </Parent>
        </Code>
        <Code id="063046" urn="urn:sdmx:org.sdmx.infomodel.codelist.Code=IT1:CL_REFAREA(1.2).063046">
          <Name xml:lang="it" xmlns="http://www.sdmx.org/resources/sdmxml/schemas/v2_1/common">Meta</Name>
          <Name xml:lang="en" xmlns="http://www.sdmx.org/resources/sdmxml/schemas/v2_1/common">Meta</Name>
          <Parent>
            <Ref id="ITF33" xmlns="" />
          </Parent>
        </Code>
        <Code id="063047" urn="urn:sdmx:org.sdmx.infomodel.codelist.Code=IT1:CL_REFAREA(1.2).063047">
          <Name xml:lang="it" xmlns="http://www.sdmx.org/resources/sdmxml/schemas/v2_1/common">Monte di Procida</Name>
          <Name xml:lang="en" xmlns="http://www.sdmx.org/resources/sdmxml/schemas/v2_1/common">Monte di Procida</Name>
          <Parent>
            <Ref id="ITF33" xmlns="" />
          </Parent>
        </Code>
        <Code id="063048" urn="urn:sdmx:org.sdmx.infomodel.codelist.Code=IT1:CL_REFAREA(1.2).063048">
          <Name xml:lang="it" xmlns="http://www.sdmx.org/resources/sdmxml/schemas/v2_1/common">Mugnano di Napoli</Name>
          <Name xml:lang="en" xmlns="http://www.sdmx.org/resources/sdmxml/schemas/v2_1/common">Mugnano di Napoli</Name>
          <Parent>
            <Ref id="ITF33" xmlns="" />
          </Parent>
        </Code>
        <Code id="063049" urn="urn:sdmx:org.sdmx.infomodel.codelist.Code=IT1:CL_REFAREA(1.2).063049">
          <Name xml:lang="it" xmlns="http://www.sdmx.org/resources/sdmxml/schemas/v2_1/common">Napoli</Name>
          <Name xml:lang="en" xmlns="http://www.sdmx.org/resources/sdmxml/schemas/v2_1/common">Napoli</Name>
          <Parent>
            <Ref id="ITF33" xmlns="" />
          </Parent>
        </Code>
        <Code id="063050" urn="urn:sdmx:org.sdmx.infomodel.codelist.Code=IT1:CL_REFAREA(1.2).063050">
          <Name xml:lang="it" xmlns="http://www.sdmx.org/resources/sdmxml/schemas/v2_1/common">Nola</Name>
          <Name xml:lang="en" xmlns="http://www.sdmx.org/resources/sdmxml/schemas/v2_1/common">Nola</Name>
          <Parent>
            <Ref id="ITF33" xmlns="" />
          </Parent>
        </Code>
        <Code id="063051" urn="urn:sdmx:org.sdmx.infomodel.codelist.Code=IT1:CL_REFAREA(1.2).063051">
          <Name xml:lang="it" xmlns="http://www.sdmx.org/resources/sdmxml/schemas/v2_1/common">Ottaviano</Name>
          <Name xml:lang="en" xmlns="http://www.sdmx.org/resources/sdmxml/schemas/v2_1/common">Ottaviano</Name>
          <Parent>
            <Ref id="ITF33" xmlns="" />
          </Parent>
        </Code>
        <Code id="063052" urn="urn:sdmx:org.sdmx.infomodel.codelist.Code=IT1:CL_REFAREA(1.2).063052">
          <Name xml:lang="it" xmlns="http://www.sdmx.org/resources/sdmxml/schemas/v2_1/common">Palma Campania</Name>
          <Name xml:lang="en" xmlns="http://www.sdmx.org/resources/sdmxml/schemas/v2_1/common">Palma Campania</Name>
          <Parent>
            <Ref id="ITF33" xmlns="" />
          </Parent>
        </Code>
        <Code id="063053" urn="urn:sdmx:org.sdmx.infomodel.codelist.Code=IT1:CL_REFAREA(1.2).063053">
          <Name xml:lang="it" xmlns="http://www.sdmx.org/resources/sdmxml/schemas/v2_1/common">Piano di Sorrento</Name>
          <Name xml:lang="en" xmlns="http://www.sdmx.org/resources/sdmxml/schemas/v2_1/common">Piano di Sorrento</Name>
          <Parent>
            <Ref id="ITF33" xmlns="" />
          </Parent>
        </Code>
        <Code id="063054" urn="urn:sdmx:org.sdmx.infomodel.codelist.Code=IT1:CL_REFAREA(1.2).063054">
          <Name xml:lang="it" xmlns="http://www.sdmx.org/resources/sdmxml/schemas/v2_1/common">Pimonte</Name>
          <Name xml:lang="en" xmlns="http://www.sdmx.org/resources/sdmxml/schemas/v2_1/common">Pimonte</Name>
          <Parent>
            <Ref id="ITF33" xmlns="" />
          </Parent>
        </Code>
        <Code id="063055" urn="urn:sdmx:org.sdmx.infomodel.codelist.Code=IT1:CL_REFAREA(1.2).063055">
          <Name xml:lang="it" xmlns="http://www.sdmx.org/resources/sdmxml/schemas/v2_1/common">Poggiomarino</Name>
          <Name xml:lang="en" xmlns="http://www.sdmx.org/resources/sdmxml/schemas/v2_1/common">Poggiomarino</Name>
          <Parent>
            <Ref id="ITF33" xmlns="" />
          </Parent>
        </Code>
        <Code id="063056" urn="urn:sdmx:org.sdmx.infomodel.codelist.Code=IT1:CL_REFAREA(1.2).063056">
          <Name xml:lang="it" xmlns="http://www.sdmx.org/resources/sdmxml/schemas/v2_1/common">Pollena Trocchia</Name>
          <Name xml:lang="en" xmlns="http://www.sdmx.org/resources/sdmxml/schemas/v2_1/common">Pollena Trocchia</Name>
          <Parent>
            <Ref id="ITF33" xmlns="" />
          </Parent>
        </Code>
        <Code id="063057" urn="urn:sdmx:org.sdmx.infomodel.codelist.Code=IT1:CL_REFAREA(1.2).063057">
          <Name xml:lang="it" xmlns="http://www.sdmx.org/resources/sdmxml/schemas/v2_1/common">Pomigliano d'Arco</Name>
          <Name xml:lang="en" xmlns="http://www.sdmx.org/resources/sdmxml/schemas/v2_1/common">Pomigliano d'Arco</Name>
          <Parent>
            <Ref id="ITF33" xmlns="" />
          </Parent>
        </Code>
        <Code id="063058" urn="urn:sdmx:org.sdmx.infomodel.codelist.Code=IT1:CL_REFAREA(1.2).063058">
          <Name xml:lang="it" xmlns="http://www.sdmx.org/resources/sdmxml/schemas/v2_1/common">Pompei</Name>
          <Name xml:lang="en" xmlns="http://www.sdmx.org/resources/sdmxml/schemas/v2_1/common">Pompei</Name>
          <Parent>
            <Ref id="ITF33" xmlns="" />
          </Parent>
        </Code>
        <Code id="063059" urn="urn:sdmx:org.sdmx.infomodel.codelist.Code=IT1:CL_REFAREA(1.2).063059">
          <Name xml:lang="it" xmlns="http://www.sdmx.org/resources/sdmxml/schemas/v2_1/common">Portici</Name>
          <Name xml:lang="en" xmlns="http://www.sdmx.org/resources/sdmxml/schemas/v2_1/common">Portici</Name>
          <Parent>
            <Ref id="ITF33" xmlns="" />
          </Parent>
        </Code>
        <Code id="063060" urn="urn:sdmx:org.sdmx.infomodel.codelist.Code=IT1:CL_REFAREA(1.2).063060">
          <Name xml:lang="it" xmlns="http://www.sdmx.org/resources/sdmxml/schemas/v2_1/common">Pozzuoli</Name>
          <Name xml:lang="en" xmlns="http://www.sdmx.org/resources/sdmxml/schemas/v2_1/common">Pozzuoli</Name>
          <Parent>
            <Ref id="ITF33" xmlns="" />
          </Parent>
        </Code>
        <Code id="063061" urn="urn:sdmx:org.sdmx.infomodel.codelist.Code=IT1:CL_REFAREA(1.2).063061">
          <Name xml:lang="it" xmlns="http://www.sdmx.org/resources/sdmxml/schemas/v2_1/common">Procida</Name>
          <Name xml:lang="en" xmlns="http://www.sdmx.org/resources/sdmxml/schemas/v2_1/common">Procida</Name>
          <Parent>
            <Ref id="ITF33" xmlns="" />
          </Parent>
        </Code>
        <Code id="063062" urn="urn:sdmx:org.sdmx.infomodel.codelist.Code=IT1:CL_REFAREA(1.2).063062">
          <Name xml:lang="it" xmlns="http://www.sdmx.org/resources/sdmxml/schemas/v2_1/common">Qualiano</Name>
          <Name xml:lang="en" xmlns="http://www.sdmx.org/resources/sdmxml/schemas/v2_1/common">Qualiano</Name>
          <Parent>
            <Ref id="ITF33" xmlns="" />
          </Parent>
        </Code>
        <Code id="063063" urn="urn:sdmx:org.sdmx.infomodel.codelist.Code=IT1:CL_REFAREA(1.2).063063">
          <Name xml:lang="it" xmlns="http://www.sdmx.org/resources/sdmxml/schemas/v2_1/common">Quarto</Name>
          <Name xml:lang="en" xmlns="http://www.sdmx.org/resources/sdmxml/schemas/v2_1/common">Quarto</Name>
          <Parent>
            <Ref id="ITF33" xmlns="" />
          </Parent>
        </Code>
        <Code id="063064" urn="urn:sdmx:org.sdmx.infomodel.codelist.Code=IT1:CL_REFAREA(1.2).063064">
          <Name xml:lang="it" xmlns="http://www.sdmx.org/resources/sdmxml/schemas/v2_1/common">Ercolano</Name>
          <Name xml:lang="en" xmlns="http://www.sdmx.org/resources/sdmxml/schemas/v2_1/common">Ercolano</Name>
          <Parent>
            <Ref id="ITF33" xmlns="" />
          </Parent>
        </Code>
        <Code id="063065" urn="urn:sdmx:org.sdmx.infomodel.codelist.Code=IT1:CL_REFAREA(1.2).063065">
          <Name xml:lang="it" xmlns="http://www.sdmx.org/resources/sdmxml/schemas/v2_1/common">Roccarainola</Name>
          <Name xml:lang="en" xmlns="http://www.sdmx.org/resources/sdmxml/schemas/v2_1/common">Roccarainola</Name>
          <Parent>
            <Ref id="ITF33" xmlns="" />
          </Parent>
        </Code>
        <Code id="063066" urn="urn:sdmx:org.sdmx.infomodel.codelist.Code=IT1:CL_REFAREA(1.2).063066">
          <Name xml:lang="it" xmlns="http://www.sdmx.org/resources/sdmxml/schemas/v2_1/common">San Gennaro Vesuviano</Name>
          <Name xml:lang="en" xmlns="http://www.sdmx.org/resources/sdmxml/schemas/v2_1/common">San Gennaro Vesuviano</Name>
          <Parent>
            <Ref id="ITF33" xmlns="" />
          </Parent>
        </Code>
        <Code id="063067" urn="urn:sdmx:org.sdmx.infomodel.codelist.Code=IT1:CL_REFAREA(1.2).063067">
          <Name xml:lang="it" xmlns="http://www.sdmx.org/resources/sdmxml/schemas/v2_1/common">San Giorgio a Cremano</Name>
          <Name xml:lang="en" xmlns="http://www.sdmx.org/resources/sdmxml/schemas/v2_1/common">San Giorgio a Cremano</Name>
          <Parent>
            <Ref id="ITF33" xmlns="" />
          </Parent>
        </Code>
        <Code id="063068" urn="urn:sdmx:org.sdmx.infomodel.codelist.Code=IT1:CL_REFAREA(1.2).063068">
          <Name xml:lang="it" xmlns="http://www.sdmx.org/resources/sdmxml/schemas/v2_1/common">San Giuseppe Vesuviano</Name>
          <Name xml:lang="en" xmlns="http://www.sdmx.org/resources/sdmxml/schemas/v2_1/common">San Giuseppe Vesuviano</Name>
          <Parent>
            <Ref id="ITF33" xmlns="" />
          </Parent>
        </Code>
        <Code id="063069" urn="urn:sdmx:org.sdmx.infomodel.codelist.Code=IT1:CL_REFAREA(1.2).063069">
          <Name xml:lang="it" xmlns="http://www.sdmx.org/resources/sdmxml/schemas/v2_1/common">San Paolo Bel Sito</Name>
          <Name xml:lang="en" xmlns="http://www.sdmx.org/resources/sdmxml/schemas/v2_1/common">San Paolo Bel Sito</Name>
          <Parent>
            <Ref id="ITF33" xmlns="" />
          </Parent>
        </Code>
        <Code id="063070" urn="urn:sdmx:org.sdmx.infomodel.codelist.Code=IT1:CL_REFAREA(1.2).063070">
          <Name xml:lang="it" xmlns="http://www.sdmx.org/resources/sdmxml/schemas/v2_1/common">San Sebastiano al Vesuvio</Name>
          <Name xml:lang="en" xmlns="http://www.sdmx.org/resources/sdmxml/schemas/v2_1/common">San Sebastiano al Vesuvio</Name>
          <Parent>
            <Ref id="ITF33" xmlns="" />
          </Parent>
        </Code>
        <Code id="063071" urn="urn:sdmx:org.sdmx.infomodel.codelist.Code=IT1:CL_REFAREA(1.2).063071">
          <Name xml:lang="it" xmlns="http://www.sdmx.org/resources/sdmxml/schemas/v2_1/common">Sant'Agnello</Name>
          <Name xml:lang="en" xmlns="http://www.sdmx.org/resources/sdmxml/schemas/v2_1/common">Sant'Agnello</Name>
          <Parent>
            <Ref id="ITF33" xmlns="" />
          </Parent>
        </Code>
        <Code id="063072" urn="urn:sdmx:org.sdmx.infomodel.codelist.Code=IT1:CL_REFAREA(1.2).063072">
          <Name xml:lang="it" xmlns="http://www.sdmx.org/resources/sdmxml/schemas/v2_1/common">Sant'Anastasia</Name>
          <Name xml:lang="en" xmlns="http://www.sdmx.org/resources/sdmxml/schemas/v2_1/common">Sant'Anastasia</Name>
          <Parent>
            <Ref id="ITF33" xmlns="" />
          </Parent>
        </Code>
        <Code id="063073" urn="urn:sdmx:org.sdmx.infomodel.codelist.Code=IT1:CL_REFAREA(1.2).063073">
          <Name xml:lang="it" xmlns="http://www.sdmx.org/resources/sdmxml/schemas/v2_1/common">Sant'Antimo</Name>
          <Name xml:lang="en" xmlns="http://www.sdmx.org/resources/sdmxml/schemas/v2_1/common">Sant'Antimo</Name>
          <Parent>
            <Ref id="ITF33" xmlns="" />
          </Parent>
        </Code>
        <Code id="063074" urn="urn:sdmx:org.sdmx.infomodel.codelist.Code=IT1:CL_REFAREA(1.2).063074">
          <Name xml:lang="it" xmlns="http://www.sdmx.org/resources/sdmxml/schemas/v2_1/common">Sant'Antonio Abate</Name>
          <Name xml:lang="en" xmlns="http://www.sdmx.org/resources/sdmxml/schemas/v2_1/common">Sant'Antonio Abate</Name>
          <Parent>
            <Ref id="ITF33" xmlns="" />
          </Parent>
        </Code>
        <Code id="063075" urn="urn:sdmx:org.sdmx.infomodel.codelist.Code=IT1:CL_REFAREA(1.2).063075">
          <Name xml:lang="it" xmlns="http://www.sdmx.org/resources/sdmxml/schemas/v2_1/common">San Vitaliano</Name>
          <Name xml:lang="en" xmlns="http://www.sdmx.org/resources/sdmxml/schemas/v2_1/common">San Vitaliano</Name>
          <Parent>
            <Ref id="ITF33" xmlns="" />
          </Parent>
        </Code>
        <Code id="063076" urn="urn:sdmx:org.sdmx.infomodel.codelist.Code=IT1:CL_REFAREA(1.2).063076">
          <Name xml:lang="it" xmlns="http://www.sdmx.org/resources/sdmxml/schemas/v2_1/common">Saviano</Name>
          <Name xml:lang="en" xmlns="http://www.sdmx.org/resources/sdmxml/schemas/v2_1/common">Saviano</Name>
          <Parent>
            <Ref id="ITF33" xmlns="" />
          </Parent>
        </Code>
        <Code id="063077" urn="urn:sdmx:org.sdmx.infomodel.codelist.Code=IT1:CL_REFAREA(1.2).063077">
          <Name xml:lang="it" xmlns="http://www.sdmx.org/resources/sdmxml/schemas/v2_1/common">Scisciano</Name>
          <Name xml:lang="en" xmlns="http://www.sdmx.org/resources/sdmxml/schemas/v2_1/common">Scisciano</Name>
          <Parent>
            <Ref id="ITF33" xmlns="" />
          </Parent>
        </Code>
        <Code id="063078" urn="urn:sdmx:org.sdmx.infomodel.codelist.Code=IT1:CL_REFAREA(1.2).063078">
          <Name xml:lang="it" xmlns="http://www.sdmx.org/resources/sdmxml/schemas/v2_1/common">Serrara Fontana</Name>
          <Name xml:lang="en" xmlns="http://www.sdmx.org/resources/sdmxml/schemas/v2_1/common">Serrara Fontana</Name>
          <Parent>
            <Ref id="ITF33" xmlns="" />
          </Parent>
        </Code>
        <Code id="063079" urn="urn:sdmx:org.sdmx.infomodel.codelist.Code=IT1:CL_REFAREA(1.2).063079">
          <Name xml:lang="it" xmlns="http://www.sdmx.org/resources/sdmxml/schemas/v2_1/common">Somma Vesuviana</Name>
          <Name xml:lang="en" xmlns="http://www.sdmx.org/resources/sdmxml/schemas/v2_1/common">Somma Vesuviana</Name>
          <Parent>
            <Ref id="ITF33" xmlns="" />
          </Parent>
        </Code>
        <Code id="063080" urn="urn:sdmx:org.sdmx.infomodel.codelist.Code=IT1:CL_REFAREA(1.2).063080">
          <Name xml:lang="it" xmlns="http://www.sdmx.org/resources/sdmxml/schemas/v2_1/common">Sorrento</Name>
          <Name xml:lang="en" xmlns="http://www.sdmx.org/resources/sdmxml/schemas/v2_1/common">Sorrento</Name>
          <Parent>
            <Ref id="ITF33" xmlns="" />
          </Parent>
        </Code>
        <Code id="063081" urn="urn:sdmx:org.sdmx.infomodel.codelist.Code=IT1:CL_REFAREA(1.2).063081">
          <Name xml:lang="it" xmlns="http://www.sdmx.org/resources/sdmxml/schemas/v2_1/common">Striano</Name>
          <Name xml:lang="en" xmlns="http://www.sdmx.org/resources/sdmxml/schemas/v2_1/common">Striano</Name>
          <Parent>
            <Ref id="ITF33" xmlns="" />
          </Parent>
        </Code>
        <Code id="063082" urn="urn:sdmx:org.sdmx.infomodel.codelist.Code=IT1:CL_REFAREA(1.2).063082">
          <Name xml:lang="it" xmlns="http://www.sdmx.org/resources/sdmxml/schemas/v2_1/common">Terzigno</Name>
          <Name xml:lang="en" xmlns="http://www.sdmx.org/resources/sdmxml/schemas/v2_1/common">Terzigno</Name>
          <Parent>
            <Ref id="ITF33" xmlns="" />
          </Parent>
        </Code>
        <Code id="063083" urn="urn:sdmx:org.sdmx.infomodel.codelist.Code=IT1:CL_REFAREA(1.2).063083">
          <Name xml:lang="it" xmlns="http://www.sdmx.org/resources/sdmxml/schemas/v2_1/common">Torre Annunziata</Name>
          <Name xml:lang="en" xmlns="http://www.sdmx.org/resources/sdmxml/schemas/v2_1/common">Torre Annunziata</Name>
          <Parent>
            <Ref id="ITF33" xmlns="" />
          </Parent>
        </Code>
        <Code id="063084" urn="urn:sdmx:org.sdmx.infomodel.codelist.Code=IT1:CL_REFAREA(1.2).063084">
          <Name xml:lang="it" xmlns="http://www.sdmx.org/resources/sdmxml/schemas/v2_1/common">Torre del Greco</Name>
          <Name xml:lang="en" xmlns="http://www.sdmx.org/resources/sdmxml/schemas/v2_1/common">Torre del Greco</Name>
          <Parent>
            <Ref id="ITF33" xmlns="" />
          </Parent>
        </Code>
        <Code id="063085" urn="urn:sdmx:org.sdmx.infomodel.codelist.Code=IT1:CL_REFAREA(1.2).063085">
          <Name xml:lang="it" xmlns="http://www.sdmx.org/resources/sdmxml/schemas/v2_1/common">Tufino</Name>
          <Name xml:lang="en" xmlns="http://www.sdmx.org/resources/sdmxml/schemas/v2_1/common">Tufino</Name>
          <Parent>
            <Ref id="ITF33" xmlns="" />
          </Parent>
        </Code>
        <Code id="063086" urn="urn:sdmx:org.sdmx.infomodel.codelist.Code=IT1:CL_REFAREA(1.2).063086">
          <Name xml:lang="it" xmlns="http://www.sdmx.org/resources/sdmxml/schemas/v2_1/common">Vico Equense</Name>
          <Name xml:lang="en" xmlns="http://www.sdmx.org/resources/sdmxml/schemas/v2_1/common">Vico Equense</Name>
          <Parent>
            <Ref id="ITF33" xmlns="" />
          </Parent>
        </Code>
        <Code id="063087" urn="urn:sdmx:org.sdmx.infomodel.codelist.Code=IT1:CL_REFAREA(1.2).063087">
          <Name xml:lang="it" xmlns="http://www.sdmx.org/resources/sdmxml/schemas/v2_1/common">Villaricca</Name>
          <Name xml:lang="en" xmlns="http://www.sdmx.org/resources/sdmxml/schemas/v2_1/common">Villaricca</Name>
          <Parent>
            <Ref id="ITF33" xmlns="" />
          </Parent>
        </Code>
        <Code id="063088" urn="urn:sdmx:org.sdmx.infomodel.codelist.Code=IT1:CL_REFAREA(1.2).063088">
          <Name xml:lang="it" xmlns="http://www.sdmx.org/resources/sdmxml/schemas/v2_1/common">Visciano</Name>
          <Name xml:lang="en" xmlns="http://www.sdmx.org/resources/sdmxml/schemas/v2_1/common">Visciano</Name>
          <Parent>
            <Ref id="ITF33" xmlns="" />
          </Parent>
        </Code>
        <Code id="063089" urn="urn:sdmx:org.sdmx.infomodel.codelist.Code=IT1:CL_REFAREA(1.2).063089">
          <Name xml:lang="it" xmlns="http://www.sdmx.org/resources/sdmxml/schemas/v2_1/common">Volla</Name>
          <Name xml:lang="en" xmlns="http://www.sdmx.org/resources/sdmxml/schemas/v2_1/common">Volla</Name>
          <Parent>
            <Ref id="ITF33" xmlns="" />
          </Parent>
        </Code>
        <Code id="063090" urn="urn:sdmx:org.sdmx.infomodel.codelist.Code=IT1:CL_REFAREA(1.2).063090">
          <Name xml:lang="it" xmlns="http://www.sdmx.org/resources/sdmxml/schemas/v2_1/common">Santa Maria la Carità</Name>
          <Name xml:lang="en" xmlns="http://www.sdmx.org/resources/sdmxml/schemas/v2_1/common">Santa Maria la Carità</Name>
          <Parent>
            <Ref id="ITF33" xmlns="" />
          </Parent>
        </Code>
        <Code id="063091" urn="urn:sdmx:org.sdmx.infomodel.codelist.Code=IT1:CL_REFAREA(1.2).063091">
          <Name xml:lang="it" xmlns="http://www.sdmx.org/resources/sdmxml/schemas/v2_1/common">Trecase</Name>
          <Name xml:lang="en" xmlns="http://www.sdmx.org/resources/sdmxml/schemas/v2_1/common">Trecase</Name>
          <Parent>
            <Ref id="ITF33" xmlns="" />
          </Parent>
        </Code>
        <Code id="063092" urn="urn:sdmx:org.sdmx.infomodel.codelist.Code=IT1:CL_REFAREA(1.2).063092">
          <Name xml:lang="it" xmlns="http://www.sdmx.org/resources/sdmxml/schemas/v2_1/common">Massa di Somma</Name>
          <Name xml:lang="en" xmlns="http://www.sdmx.org/resources/sdmxml/schemas/v2_1/common">Massa di Somma</Name>
          <Parent>
            <Ref id="ITF33" xmlns="" />
          </Parent>
        </Code>
        <Code id="064001" urn="urn:sdmx:org.sdmx.infomodel.codelist.Code=IT1:CL_REFAREA(1.2).064001">
          <Name xml:lang="it" xmlns="http://www.sdmx.org/resources/sdmxml/schemas/v2_1/common">Aiello del Sabato</Name>
          <Name xml:lang="en" xmlns="http://www.sdmx.org/resources/sdmxml/schemas/v2_1/common">Aiello del Sabato</Name>
          <Parent>
            <Ref id="ITF34" xmlns="" />
          </Parent>
        </Code>
        <Code id="064002" urn="urn:sdmx:org.sdmx.infomodel.codelist.Code=IT1:CL_REFAREA(1.2).064002">
          <Name xml:lang="it" xmlns="http://www.sdmx.org/resources/sdmxml/schemas/v2_1/common">Altavilla Irpina</Name>
          <Name xml:lang="en" xmlns="http://www.sdmx.org/resources/sdmxml/schemas/v2_1/common">Altavilla Irpina</Name>
          <Parent>
            <Ref id="ITF34" xmlns="" />
          </Parent>
        </Code>
        <Code id="064003" urn="urn:sdmx:org.sdmx.infomodel.codelist.Code=IT1:CL_REFAREA(1.2).064003">
          <Name xml:lang="it" xmlns="http://www.sdmx.org/resources/sdmxml/schemas/v2_1/common">Andretta</Name>
          <Name xml:lang="en" xmlns="http://www.sdmx.org/resources/sdmxml/schemas/v2_1/common">Andretta</Name>
          <Parent>
            <Ref id="ITF34" xmlns="" />
          </Parent>
        </Code>
        <Code id="064004" urn="urn:sdmx:org.sdmx.infomodel.codelist.Code=IT1:CL_REFAREA(1.2).064004">
          <Name xml:lang="it" xmlns="http://www.sdmx.org/resources/sdmxml/schemas/v2_1/common">Aquilonia</Name>
          <Name xml:lang="en" xmlns="http://www.sdmx.org/resources/sdmxml/schemas/v2_1/common">Aquilonia</Name>
          <Parent>
            <Ref id="ITF34" xmlns="" />
          </Parent>
        </Code>
        <Code id="064005" urn="urn:sdmx:org.sdmx.infomodel.codelist.Code=IT1:CL_REFAREA(1.2).064005">
          <Name xml:lang="it" xmlns="http://www.sdmx.org/resources/sdmxml/schemas/v2_1/common">Ariano Irpino</Name>
          <Name xml:lang="en" xmlns="http://www.sdmx.org/resources/sdmxml/schemas/v2_1/common">Ariano Irpino</Name>
          <Parent>
            <Ref id="ITF34" xmlns="" />
          </Parent>
        </Code>
        <Code id="064006" urn="urn:sdmx:org.sdmx.infomodel.codelist.Code=IT1:CL_REFAREA(1.2).064006">
          <Name xml:lang="it" xmlns="http://www.sdmx.org/resources/sdmxml/schemas/v2_1/common">Atripalda</Name>
          <Name xml:lang="en" xmlns="http://www.sdmx.org/resources/sdmxml/schemas/v2_1/common">Atripalda</Name>
          <Parent>
            <Ref id="ITF34" xmlns="" />
          </Parent>
        </Code>
        <Code id="064007" urn="urn:sdmx:org.sdmx.infomodel.codelist.Code=IT1:CL_REFAREA(1.2).064007">
          <Name xml:lang="it" xmlns="http://www.sdmx.org/resources/sdmxml/schemas/v2_1/common">Avella</Name>
          <Name xml:lang="en" xmlns="http://www.sdmx.org/resources/sdmxml/schemas/v2_1/common">Avella</Name>
          <Parent>
            <Ref id="ITF34" xmlns="" />
          </Parent>
        </Code>
        <Code id="064008" urn="urn:sdmx:org.sdmx.infomodel.codelist.Code=IT1:CL_REFAREA(1.2).064008">
          <Name xml:lang="it" xmlns="http://www.sdmx.org/resources/sdmxml/schemas/v2_1/common">Avellino</Name>
          <Name xml:lang="en" xmlns="http://www.sdmx.org/resources/sdmxml/schemas/v2_1/common">Avellino</Name>
          <Parent>
            <Ref id="ITF34" xmlns="" />
          </Parent>
        </Code>
        <Code id="064009" urn="urn:sdmx:org.sdmx.infomodel.codelist.Code=IT1:CL_REFAREA(1.2).064009">
          <Name xml:lang="it" xmlns="http://www.sdmx.org/resources/sdmxml/schemas/v2_1/common">Bagnoli Irpino</Name>
          <Name xml:lang="en" xmlns="http://www.sdmx.org/resources/sdmxml/schemas/v2_1/common">Bagnoli Irpino</Name>
          <Parent>
            <Ref id="ITF34" xmlns="" />
          </Parent>
        </Code>
        <Code id="064010" urn="urn:sdmx:org.sdmx.infomodel.codelist.Code=IT1:CL_REFAREA(1.2).064010">
          <Name xml:lang="it" xmlns="http://www.sdmx.org/resources/sdmxml/schemas/v2_1/common">Baiano</Name>
          <Name xml:lang="en" xmlns="http://www.sdmx.org/resources/sdmxml/schemas/v2_1/common">Baiano</Name>
          <Parent>
            <Ref id="ITF34" xmlns="" />
          </Parent>
        </Code>
        <Code id="064011" urn="urn:sdmx:org.sdmx.infomodel.codelist.Code=IT1:CL_REFAREA(1.2).064011">
          <Name xml:lang="it" xmlns="http://www.sdmx.org/resources/sdmxml/schemas/v2_1/common">Bisaccia</Name>
          <Name xml:lang="en" xmlns="http://www.sdmx.org/resources/sdmxml/schemas/v2_1/common">Bisaccia</Name>
          <Parent>
            <Ref id="ITF34" xmlns="" />
          </Parent>
        </Code>
        <Code id="064012" urn="urn:sdmx:org.sdmx.infomodel.codelist.Code=IT1:CL_REFAREA(1.2).064012">
          <Name xml:lang="it" xmlns="http://www.sdmx.org/resources/sdmxml/schemas/v2_1/common">Bonito</Name>
          <Name xml:lang="en" xmlns="http://www.sdmx.org/resources/sdmxml/schemas/v2_1/common">Bonito</Name>
          <Parent>
            <Ref id="ITF34" xmlns="" />
          </Parent>
        </Code>
        <Code id="064013" urn="urn:sdmx:org.sdmx.infomodel.codelist.Code=IT1:CL_REFAREA(1.2).064013">
          <Name xml:lang="it" xmlns="http://www.sdmx.org/resources/sdmxml/schemas/v2_1/common">Cairano</Name>
          <Name xml:lang="en" xmlns="http://www.sdmx.org/resources/sdmxml/schemas/v2_1/common">Cairano</Name>
          <Parent>
            <Ref id="ITF34" xmlns="" />
          </Parent>
        </Code>
        <Code id="064014" urn="urn:sdmx:org.sdmx.infomodel.codelist.Code=IT1:CL_REFAREA(1.2).064014">
          <Name xml:lang="it" xmlns="http://www.sdmx.org/resources/sdmxml/schemas/v2_1/common">Calabritto</Name>
          <Name xml:lang="en" xmlns="http://www.sdmx.org/resources/sdmxml/schemas/v2_1/common">Calabritto</Name>
          <Parent>
            <Ref id="ITF34" xmlns="" />
          </Parent>
        </Code>
        <Code id="064015" urn="urn:sdmx:org.sdmx.infomodel.codelist.Code=IT1:CL_REFAREA(1.2).064015">
          <Name xml:lang="it" xmlns="http://www.sdmx.org/resources/sdmxml/schemas/v2_1/common">Calitri</Name>
          <Name xml:lang="en" xmlns="http://www.sdmx.org/resources/sdmxml/schemas/v2_1/common">Calitri</Name>
          <Parent>
            <Ref id="ITF34" xmlns="" />
          </Parent>
        </Code>
        <Code id="064016" urn="urn:sdmx:org.sdmx.infomodel.codelist.Code=IT1:CL_REFAREA(1.2).064016">
          <Name xml:lang="it" xmlns="http://www.sdmx.org/resources/sdmxml/schemas/v2_1/common">Candida</Name>
          <Name xml:lang="en" xmlns="http://www.sdmx.org/resources/sdmxml/schemas/v2_1/common">Candida</Name>
          <Parent>
            <Ref id="ITF34" xmlns="" />
          </Parent>
        </Code>
        <Code id="064017" urn="urn:sdmx:org.sdmx.infomodel.codelist.Code=IT1:CL_REFAREA(1.2).064017">
          <Name xml:lang="it" xmlns="http://www.sdmx.org/resources/sdmxml/schemas/v2_1/common">Caposele</Name>
          <Name xml:lang="en" xmlns="http://www.sdmx.org/resources/sdmxml/schemas/v2_1/common">Caposele</Name>
          <Parent>
            <Ref id="ITF34" xmlns="" />
          </Parent>
        </Code>
        <Code id="064018" urn="urn:sdmx:org.sdmx.infomodel.codelist.Code=IT1:CL_REFAREA(1.2).064018">
          <Name xml:lang="it" xmlns="http://www.sdmx.org/resources/sdmxml/schemas/v2_1/common">Capriglia Irpina</Name>
          <Name xml:lang="en" xmlns="http://www.sdmx.org/resources/sdmxml/schemas/v2_1/common">Capriglia Irpina</Name>
          <Parent>
            <Ref id="ITF34" xmlns="" />
          </Parent>
        </Code>
        <Code id="064019" urn="urn:sdmx:org.sdmx.infomodel.codelist.Code=IT1:CL_REFAREA(1.2).064019">
          <Name xml:lang="it" xmlns="http://www.sdmx.org/resources/sdmxml/schemas/v2_1/common">Carife</Name>
          <Name xml:lang="en" xmlns="http://www.sdmx.org/resources/sdmxml/schemas/v2_1/common">Carife</Name>
          <Parent>
            <Ref id="ITF34" xmlns="" />
          </Parent>
        </Code>
        <Code id="064020" urn="urn:sdmx:org.sdmx.infomodel.codelist.Code=IT1:CL_REFAREA(1.2).064020">
          <Name xml:lang="it" xmlns="http://www.sdmx.org/resources/sdmxml/schemas/v2_1/common">Casalbore</Name>
          <Name xml:lang="en" xmlns="http://www.sdmx.org/resources/sdmxml/schemas/v2_1/common">Casalbore</Name>
          <Parent>
            <Ref id="ITF34" xmlns="" />
          </Parent>
        </Code>
        <Code id="064021" urn="urn:sdmx:org.sdmx.infomodel.codelist.Code=IT1:CL_REFAREA(1.2).064021">
          <Name xml:lang="it" xmlns="http://www.sdmx.org/resources/sdmxml/schemas/v2_1/common">Cassano Irpino</Name>
          <Name xml:lang="en" xmlns="http://www.sdmx.org/resources/sdmxml/schemas/v2_1/common">Cassano Irpino</Name>
          <Parent>
            <Ref id="ITF34" xmlns="" />
          </Parent>
        </Code>
        <Code id="064022" urn="urn:sdmx:org.sdmx.infomodel.codelist.Code=IT1:CL_REFAREA(1.2).064022">
          <Name xml:lang="it" xmlns="http://www.sdmx.org/resources/sdmxml/schemas/v2_1/common">Castel Baronia</Name>
          <Name xml:lang="en" xmlns="http://www.sdmx.org/resources/sdmxml/schemas/v2_1/common">Castel Baronia</Name>
          <Parent>
            <Ref id="ITF34" xmlns="" />
          </Parent>
        </Code>
        <Code id="064023" urn="urn:sdmx:org.sdmx.infomodel.codelist.Code=IT1:CL_REFAREA(1.2).064023">
          <Name xml:lang="it" xmlns="http://www.sdmx.org/resources/sdmxml/schemas/v2_1/common">Castelfranci</Name>
          <Name xml:lang="en" xmlns="http://www.sdmx.org/resources/sdmxml/schemas/v2_1/common">Castelfranci</Name>
          <Parent>
            <Ref id="ITF34" xmlns="" />
          </Parent>
        </Code>
        <Code id="064024" urn="urn:sdmx:org.sdmx.infomodel.codelist.Code=IT1:CL_REFAREA(1.2).064024">
          <Name xml:lang="it" xmlns="http://www.sdmx.org/resources/sdmxml/schemas/v2_1/common">Castelvetere sul Calore</Name>
          <Name xml:lang="en" xmlns="http://www.sdmx.org/resources/sdmxml/schemas/v2_1/common">Castelvetere sul Calore</Name>
          <Parent>
            <Ref id="ITF34" xmlns="" />
          </Parent>
        </Code>
        <Code id="064025" urn="urn:sdmx:org.sdmx.infomodel.codelist.Code=IT1:CL_REFAREA(1.2).064025">
          <Name xml:lang="it" xmlns="http://www.sdmx.org/resources/sdmxml/schemas/v2_1/common">Cervinara</Name>
          <Name xml:lang="en" xmlns="http://www.sdmx.org/resources/sdmxml/schemas/v2_1/common">Cervinara</Name>
          <Parent>
            <Ref id="ITF34" xmlns="" />
          </Parent>
        </Code>
        <Code id="064026" urn="urn:sdmx:org.sdmx.infomodel.codelist.Code=IT1:CL_REFAREA(1.2).064026">
          <Name xml:lang="it" xmlns="http://www.sdmx.org/resources/sdmxml/schemas/v2_1/common">Cesinali</Name>
          <Name xml:lang="en" xmlns="http://www.sdmx.org/resources/sdmxml/schemas/v2_1/common">Cesinali</Name>
          <Parent>
            <Ref id="ITF34" xmlns="" />
          </Parent>
        </Code>
        <Code id="064027" urn="urn:sdmx:org.sdmx.infomodel.codelist.Code=IT1:CL_REFAREA(1.2).064027">
          <Name xml:lang="it" xmlns="http://www.sdmx.org/resources/sdmxml/schemas/v2_1/common">Chianche</Name>
          <Name xml:lang="en" xmlns="http://www.sdmx.org/resources/sdmxml/schemas/v2_1/common">Chianche</Name>
          <Parent>
            <Ref id="ITF34" xmlns="" />
          </Parent>
        </Code>
        <Code id="064028" urn="urn:sdmx:org.sdmx.infomodel.codelist.Code=IT1:CL_REFAREA(1.2).064028">
          <Name xml:lang="it" xmlns="http://www.sdmx.org/resources/sdmxml/schemas/v2_1/common">Chiusano di San Domenico</Name>
          <Name xml:lang="en" xmlns="http://www.sdmx.org/resources/sdmxml/schemas/v2_1/common">Chiusano di San Domenico</Name>
          <Parent>
            <Ref id="ITF34" xmlns="" />
          </Parent>
        </Code>
        <Code id="064029" urn="urn:sdmx:org.sdmx.infomodel.codelist.Code=IT1:CL_REFAREA(1.2).064029">
          <Name xml:lang="it" xmlns="http://www.sdmx.org/resources/sdmxml/schemas/v2_1/common">Contrada</Name>
          <Name xml:lang="en" xmlns="http://www.sdmx.org/resources/sdmxml/schemas/v2_1/common">Contrada</Name>
          <Parent>
            <Ref id="ITF34" xmlns="" />
          </Parent>
        </Code>
        <Code id="064030" urn="urn:sdmx:org.sdmx.infomodel.codelist.Code=IT1:CL_REFAREA(1.2).064030">
          <Name xml:lang="it" xmlns="http://www.sdmx.org/resources/sdmxml/schemas/v2_1/common">Conza della Campania</Name>
          <Name xml:lang="en" xmlns="http://www.sdmx.org/resources/sdmxml/schemas/v2_1/common">Conza della Campania</Name>
          <Parent>
            <Ref id="ITF34" xmlns="" />
          </Parent>
        </Code>
        <Code id="064031" urn="urn:sdmx:org.sdmx.infomodel.codelist.Code=IT1:CL_REFAREA(1.2).064031">
          <Name xml:lang="it" xmlns="http://www.sdmx.org/resources/sdmxml/schemas/v2_1/common">Domicella</Name>
          <Name xml:lang="en" xmlns="http://www.sdmx.org/resources/sdmxml/schemas/v2_1/common">Domicella</Name>
          <Parent>
            <Ref id="ITF34" xmlns="" />
          </Parent>
        </Code>
        <Code id="064032" urn="urn:sdmx:org.sdmx.infomodel.codelist.Code=IT1:CL_REFAREA(1.2).064032">
          <Name xml:lang="it" xmlns="http://www.sdmx.org/resources/sdmxml/schemas/v2_1/common">Flumeri</Name>
          <Name xml:lang="en" xmlns="http://www.sdmx.org/resources/sdmxml/schemas/v2_1/common">Flumeri</Name>
          <Parent>
            <Ref id="ITF34" xmlns="" />
          </Parent>
        </Code>
        <Code id="064033" urn="urn:sdmx:org.sdmx.infomodel.codelist.Code=IT1:CL_REFAREA(1.2).064033">
          <Name xml:lang="it" xmlns="http://www.sdmx.org/resources/sdmxml/schemas/v2_1/common">Fontanarosa</Name>
          <Name xml:lang="en" xmlns="http://www.sdmx.org/resources/sdmxml/schemas/v2_1/common">Fontanarosa</Name>
          <Parent>
            <Ref id="ITF34" xmlns="" />
          </Parent>
        </Code>
        <Code id="064034" urn="urn:sdmx:org.sdmx.infomodel.codelist.Code=IT1:CL_REFAREA(1.2).064034">
          <Name xml:lang="it" xmlns="http://www.sdmx.org/resources/sdmxml/schemas/v2_1/common">Forino</Name>
          <Name xml:lang="en" xmlns="http://www.sdmx.org/resources/sdmxml/schemas/v2_1/common">Forino</Name>
          <Parent>
            <Ref id="ITF34" xmlns="" />
          </Parent>
        </Code>
        <Code id="064035" urn="urn:sdmx:org.sdmx.infomodel.codelist.Code=IT1:CL_REFAREA(1.2).064035">
          <Name xml:lang="it" xmlns="http://www.sdmx.org/resources/sdmxml/schemas/v2_1/common">Frigento</Name>
          <Name xml:lang="en" xmlns="http://www.sdmx.org/resources/sdmxml/schemas/v2_1/common">Frigento</Name>
          <Parent>
            <Ref id="ITF34" xmlns="" />
          </Parent>
        </Code>
        <Code id="064036" urn="urn:sdmx:org.sdmx.infomodel.codelist.Code=IT1:CL_REFAREA(1.2).064036">
          <Name xml:lang="it" xmlns="http://www.sdmx.org/resources/sdmxml/schemas/v2_1/common">Gesualdo</Name>
          <Name xml:lang="en" xmlns="http://www.sdmx.org/resources/sdmxml/schemas/v2_1/common">Gesualdo</Name>
          <Parent>
            <Ref id="ITF34" xmlns="" />
          </Parent>
        </Code>
        <Code id="064037" urn="urn:sdmx:org.sdmx.infomodel.codelist.Code=IT1:CL_REFAREA(1.2).064037">
          <Name xml:lang="it" xmlns="http://www.sdmx.org/resources/sdmxml/schemas/v2_1/common">Greci</Name>
          <Name xml:lang="en" xmlns="http://www.sdmx.org/resources/sdmxml/schemas/v2_1/common">Greci</Name>
          <Parent>
            <Ref id="ITF34" xmlns="" />
          </Parent>
        </Code>
        <Code id="064038" urn="urn:sdmx:org.sdmx.infomodel.codelist.Code=IT1:CL_REFAREA(1.2).064038">
          <Name xml:lang="it" xmlns="http://www.sdmx.org/resources/sdmxml/schemas/v2_1/common">Grottaminarda</Name>
          <Name xml:lang="en" xmlns="http://www.sdmx.org/resources/sdmxml/schemas/v2_1/common">Grottaminarda</Name>
          <Parent>
            <Ref id="ITF34" xmlns="" />
          </Parent>
        </Code>
        <Code id="064039" urn="urn:sdmx:org.sdmx.infomodel.codelist.Code=IT1:CL_REFAREA(1.2).064039">
          <Name xml:lang="it" xmlns="http://www.sdmx.org/resources/sdmxml/schemas/v2_1/common">Grottolella</Name>
          <Name xml:lang="en" xmlns="http://www.sdmx.org/resources/sdmxml/schemas/v2_1/common">Grottolella</Name>
          <Parent>
            <Ref id="ITF34" xmlns="" />
          </Parent>
        </Code>
        <Code id="064040" urn="urn:sdmx:org.sdmx.infomodel.codelist.Code=IT1:CL_REFAREA(1.2).064040">
          <Name xml:lang="it" xmlns="http://www.sdmx.org/resources/sdmxml/schemas/v2_1/common">Guardia Lombardi</Name>
          <Name xml:lang="en" xmlns="http://www.sdmx.org/resources/sdmxml/schemas/v2_1/common">Guardia Lombardi</Name>
          <Parent>
            <Ref id="ITF34" xmlns="" />
          </Parent>
        </Code>
        <Code id="064041" urn="urn:sdmx:org.sdmx.infomodel.codelist.Code=IT1:CL_REFAREA(1.2).064041">
          <Name xml:lang="it" xmlns="http://www.sdmx.org/resources/sdmxml/schemas/v2_1/common">Lacedonia</Name>
          <Name xml:lang="en" xmlns="http://www.sdmx.org/resources/sdmxml/schemas/v2_1/common">Lacedonia</Name>
          <Parent>
            <Ref id="ITF34" xmlns="" />
          </Parent>
        </Code>
        <Code id="064042" urn="urn:sdmx:org.sdmx.infomodel.codelist.Code=IT1:CL_REFAREA(1.2).064042">
          <Name xml:lang="it" xmlns="http://www.sdmx.org/resources/sdmxml/schemas/v2_1/common">Lapio</Name>
          <Name xml:lang="en" xmlns="http://www.sdmx.org/resources/sdmxml/schemas/v2_1/common">Lapio</Name>
          <Parent>
            <Ref id="ITF34" xmlns="" />
          </Parent>
        </Code>
        <Code id="064043" urn="urn:sdmx:org.sdmx.infomodel.codelist.Code=IT1:CL_REFAREA(1.2).064043">
          <Name xml:lang="it" xmlns="http://www.sdmx.org/resources/sdmxml/schemas/v2_1/common">Lauro</Name>
          <Name xml:lang="en" xmlns="http://www.sdmx.org/resources/sdmxml/schemas/v2_1/common">Lauro</Name>
          <Parent>
            <Ref id="ITF34" xmlns="" />
          </Parent>
        </Code>
        <Code id="064044" urn="urn:sdmx:org.sdmx.infomodel.codelist.Code=IT1:CL_REFAREA(1.2).064044">
          <Name xml:lang="it" xmlns="http://www.sdmx.org/resources/sdmxml/schemas/v2_1/common">Lioni</Name>
          <Name xml:lang="en" xmlns="http://www.sdmx.org/resources/sdmxml/schemas/v2_1/common">Lioni</Name>
          <Parent>
            <Ref id="ITF34" xmlns="" />
          </Parent>
        </Code>
        <Code id="064045" urn="urn:sdmx:org.sdmx.infomodel.codelist.Code=IT1:CL_REFAREA(1.2).064045">
          <Name xml:lang="it" xmlns="http://www.sdmx.org/resources/sdmxml/schemas/v2_1/common">Luogosano</Name>
          <Name xml:lang="en" xmlns="http://www.sdmx.org/resources/sdmxml/schemas/v2_1/common">Luogosano</Name>
          <Parent>
            <Ref id="ITF34" xmlns="" />
          </Parent>
        </Code>
        <Code id="064046" urn="urn:sdmx:org.sdmx.infomodel.codelist.Code=IT1:CL_REFAREA(1.2).064046">
          <Name xml:lang="it" xmlns="http://www.sdmx.org/resources/sdmxml/schemas/v2_1/common">Manocalzati</Name>
          <Name xml:lang="en" xmlns="http://www.sdmx.org/resources/sdmxml/schemas/v2_1/common">Manocalzati</Name>
          <Parent>
            <Ref id="ITF34" xmlns="" />
          </Parent>
        </Code>
        <Code id="064047" urn="urn:sdmx:org.sdmx.infomodel.codelist.Code=IT1:CL_REFAREA(1.2).064047">
          <Name xml:lang="it" xmlns="http://www.sdmx.org/resources/sdmxml/schemas/v2_1/common">Marzano di Nola</Name>
          <Name xml:lang="en" xmlns="http://www.sdmx.org/resources/sdmxml/schemas/v2_1/common">Marzano di Nola</Name>
          <Parent>
            <Ref id="ITF34" xmlns="" />
          </Parent>
        </Code>
        <Code id="064048" urn="urn:sdmx:org.sdmx.infomodel.codelist.Code=IT1:CL_REFAREA(1.2).064048">
          <Name xml:lang="it" xmlns="http://www.sdmx.org/resources/sdmxml/schemas/v2_1/common">Melito Irpino</Name>
          <Name xml:lang="en" xmlns="http://www.sdmx.org/resources/sdmxml/schemas/v2_1/common">Melito Irpino</Name>
          <Parent>
            <Ref id="ITF34" xmlns="" />
          </Parent>
        </Code>
        <Code id="064049" urn="urn:sdmx:org.sdmx.infomodel.codelist.Code=IT1:CL_REFAREA(1.2).064049">
          <Name xml:lang="it" xmlns="http://www.sdmx.org/resources/sdmxml/schemas/v2_1/common">Mercogliano</Name>
          <Name xml:lang="en" xmlns="http://www.sdmx.org/resources/sdmxml/schemas/v2_1/common">Mercogliano</Name>
          <Parent>
            <Ref id="ITF34" xmlns="" />
          </Parent>
        </Code>
        <Code id="064050" urn="urn:sdmx:org.sdmx.infomodel.codelist.Code=IT1:CL_REFAREA(1.2).064050">
          <Name xml:lang="it" xmlns="http://www.sdmx.org/resources/sdmxml/schemas/v2_1/common">Mirabella Eclano</Name>
          <Name xml:lang="en" xmlns="http://www.sdmx.org/resources/sdmxml/schemas/v2_1/common">Mirabella Eclano</Name>
          <Parent>
            <Ref id="ITF34" xmlns="" />
          </Parent>
        </Code>
        <Code id="064051" urn="urn:sdmx:org.sdmx.infomodel.codelist.Code=IT1:CL_REFAREA(1.2).064051">
          <Name xml:lang="it" xmlns="http://www.sdmx.org/resources/sdmxml/schemas/v2_1/common">Montaguto</Name>
          <Name xml:lang="en" xmlns="http://www.sdmx.org/resources/sdmxml/schemas/v2_1/common">Montaguto</Name>
          <Parent>
            <Ref id="ITF34" xmlns="" />
          </Parent>
        </Code>
        <Code id="064052" urn="urn:sdmx:org.sdmx.infomodel.codelist.Code=IT1:CL_REFAREA(1.2).064052">
          <Name xml:lang="it" xmlns="http://www.sdmx.org/resources/sdmxml/schemas/v2_1/common">Montecalvo Irpino</Name>
          <Name xml:lang="en" xmlns="http://www.sdmx.org/resources/sdmxml/schemas/v2_1/common">Montecalvo Irpino</Name>
          <Parent>
            <Ref id="ITF34" xmlns="" />
          </Parent>
        </Code>
        <Code id="064053" urn="urn:sdmx:org.sdmx.infomodel.codelist.Code=IT1:CL_REFAREA(1.2).064053">
          <Name xml:lang="it" xmlns="http://www.sdmx.org/resources/sdmxml/schemas/v2_1/common">Montefalcione</Name>
          <Name xml:lang="en" xmlns="http://www.sdmx.org/resources/sdmxml/schemas/v2_1/common">Montefalcione</Name>
          <Parent>
            <Ref id="ITF34" xmlns="" />
          </Parent>
        </Code>
        <Code id="064054" urn="urn:sdmx:org.sdmx.infomodel.codelist.Code=IT1:CL_REFAREA(1.2).064054">
          <Name xml:lang="it" xmlns="http://www.sdmx.org/resources/sdmxml/schemas/v2_1/common">Monteforte Irpino</Name>
          <Name xml:lang="en" xmlns="http://www.sdmx.org/resources/sdmxml/schemas/v2_1/common">Monteforte Irpino</Name>
          <Parent>
            <Ref id="ITF34" xmlns="" />
          </Parent>
        </Code>
        <Code id="064055" urn="urn:sdmx:org.sdmx.infomodel.codelist.Code=IT1:CL_REFAREA(1.2).064055">
          <Name xml:lang="it" xmlns="http://www.sdmx.org/resources/sdmxml/schemas/v2_1/common">Montefredane</Name>
          <Name xml:lang="en" xmlns="http://www.sdmx.org/resources/sdmxml/schemas/v2_1/common">Montefredane</Name>
          <Parent>
            <Ref id="ITF34" xmlns="" />
          </Parent>
        </Code>
        <Code id="064056" urn="urn:sdmx:org.sdmx.infomodel.codelist.Code=IT1:CL_REFAREA(1.2).064056">
          <Name xml:lang="it" xmlns="http://www.sdmx.org/resources/sdmxml/schemas/v2_1/common">Montefusco</Name>
          <Name xml:lang="en" xmlns="http://www.sdmx.org/resources/sdmxml/schemas/v2_1/common">Montefusco</Name>
          <Parent>
            <Ref id="ITF34" xmlns="" />
          </Parent>
        </Code>
        <Code id="064057" urn="urn:sdmx:org.sdmx.infomodel.codelist.Code=IT1:CL_REFAREA(1.2).064057">
          <Name xml:lang="it" xmlns="http://www.sdmx.org/resources/sdmxml/schemas/v2_1/common">Montella</Name>
          <Name xml:lang="en" xmlns="http://www.sdmx.org/resources/sdmxml/schemas/v2_1/common">Montella</Name>
          <Parent>
            <Ref id="ITF34" xmlns="" />
          </Parent>
        </Code>
        <Code id="064058" urn="urn:sdmx:org.sdmx.infomodel.codelist.Code=IT1:CL_REFAREA(1.2).064058">
          <Name xml:lang="it" xmlns="http://www.sdmx.org/resources/sdmxml/schemas/v2_1/common">Montemarano</Name>
          <Name xml:lang="en" xmlns="http://www.sdmx.org/resources/sdmxml/schemas/v2_1/common">Montemarano</Name>
          <Parent>
            <Ref id="ITF34" xmlns="" />
          </Parent>
        </Code>
        <Code id="064059" urn="urn:sdmx:org.sdmx.infomodel.codelist.Code=IT1:CL_REFAREA(1.2).064059">
          <Name xml:lang="it" xmlns="http://www.sdmx.org/resources/sdmxml/schemas/v2_1/common">Montemiletto</Name>
          <Name xml:lang="en" xmlns="http://www.sdmx.org/resources/sdmxml/schemas/v2_1/common">Montemiletto</Name>
          <Parent>
            <Ref id="ITF34" xmlns="" />
          </Parent>
        </Code>
        <Code id="064060" urn="urn:sdmx:org.sdmx.infomodel.codelist.Code=IT1:CL_REFAREA(1.2).064060">
          <Name xml:lang="it" xmlns="http://www.sdmx.org/resources/sdmxml/schemas/v2_1/common">Monteverde</Name>
          <Name xml:lang="en" xmlns="http://www.sdmx.org/resources/sdmxml/schemas/v2_1/common">Monteverde</Name>
          <Parent>
            <Ref id="ITF34" xmlns="" />
          </Parent>
        </Code>
        <Code id="064061" urn="urn:sdmx:org.sdmx.infomodel.codelist.Code=IT1:CL_REFAREA(1.2).064061">
          <Name xml:lang="it" xmlns="http://www.sdmx.org/resources/sdmxml/schemas/v2_1/common">Montoro Inferiore</Name>
          <Name xml:lang="en" xmlns="http://www.sdmx.org/resources/sdmxml/schemas/v2_1/common">Montoro Inferiore</Name>
          <Parent>
            <Ref id="ITF34" xmlns="" />
          </Parent>
        </Code>
        <Code id="064062" urn="urn:sdmx:org.sdmx.infomodel.codelist.Code=IT1:CL_REFAREA(1.2).064062">
          <Name xml:lang="it" xmlns="http://www.sdmx.org/resources/sdmxml/schemas/v2_1/common">Montoro Superiore</Name>
          <Name xml:lang="en" xmlns="http://www.sdmx.org/resources/sdmxml/schemas/v2_1/common">Montoro Superiore</Name>
          <Parent>
            <Ref id="ITF34" xmlns="" />
          </Parent>
        </Code>
        <Code id="064063" urn="urn:sdmx:org.sdmx.infomodel.codelist.Code=IT1:CL_REFAREA(1.2).064063">
          <Name xml:lang="it" xmlns="http://www.sdmx.org/resources/sdmxml/schemas/v2_1/common">Morra De Sanctis</Name>
          <Name xml:lang="en" xmlns="http://www.sdmx.org/resources/sdmxml/schemas/v2_1/common">Morra De Sanctis</Name>
          <Parent>
            <Ref id="ITF34" xmlns="" />
          </Parent>
        </Code>
        <Code id="064064" urn="urn:sdmx:org.sdmx.infomodel.codelist.Code=IT1:CL_REFAREA(1.2).064064">
          <Name xml:lang="it" xmlns="http://www.sdmx.org/resources/sdmxml/schemas/v2_1/common">Moschiano</Name>
          <Name xml:lang="en" xmlns="http://www.sdmx.org/resources/sdmxml/schemas/v2_1/common">Moschiano</Name>
          <Parent>
            <Ref id="ITF34" xmlns="" />
          </Parent>
        </Code>
        <Code id="064065" urn="urn:sdmx:org.sdmx.infomodel.codelist.Code=IT1:CL_REFAREA(1.2).064065">
          <Name xml:lang="it" xmlns="http://www.sdmx.org/resources/sdmxml/schemas/v2_1/common">Mugnano del Cardinale</Name>
          <Name xml:lang="en" xmlns="http://www.sdmx.org/resources/sdmxml/schemas/v2_1/common">Mugnano del Cardinale</Name>
          <Parent>
            <Ref id="ITF34" xmlns="" />
          </Parent>
        </Code>
        <Code id="064066" urn="urn:sdmx:org.sdmx.infomodel.codelist.Code=IT1:CL_REFAREA(1.2).064066">
          <Name xml:lang="it" xmlns="http://www.sdmx.org/resources/sdmxml/schemas/v2_1/common">Nusco</Name>
          <Name xml:lang="en" xmlns="http://www.sdmx.org/resources/sdmxml/schemas/v2_1/common">Nusco</Name>
          <Parent>
            <Ref id="ITF34" xmlns="" />
          </Parent>
        </Code>
        <Code id="064067" urn="urn:sdmx:org.sdmx.infomodel.codelist.Code=IT1:CL_REFAREA(1.2).064067">
          <Name xml:lang="it" xmlns="http://www.sdmx.org/resources/sdmxml/schemas/v2_1/common">Ospedaletto d'Alpinolo</Name>
          <Name xml:lang="en" xmlns="http://www.sdmx.org/resources/sdmxml/schemas/v2_1/common">Ospedaletto d'Alpinolo</Name>
          <Parent>
            <Ref id="ITF34" xmlns="" />
          </Parent>
        </Code>
        <Code id="064068" urn="urn:sdmx:org.sdmx.infomodel.codelist.Code=IT1:CL_REFAREA(1.2).064068">
          <Name xml:lang="it" xmlns="http://www.sdmx.org/resources/sdmxml/schemas/v2_1/common">Pago del Vallo di Lauro</Name>
          <Name xml:lang="en" xmlns="http://www.sdmx.org/resources/sdmxml/schemas/v2_1/common">Pago del Vallo di Lauro</Name>
          <Parent>
            <Ref id="ITF34" xmlns="" />
          </Parent>
        </Code>
        <Code id="064069" urn="urn:sdmx:org.sdmx.infomodel.codelist.Code=IT1:CL_REFAREA(1.2).064069">
          <Name xml:lang="it" xmlns="http://www.sdmx.org/resources/sdmxml/schemas/v2_1/common">Parolise</Name>
          <Name xml:lang="en" xmlns="http://www.sdmx.org/resources/sdmxml/schemas/v2_1/common">Parolise</Name>
          <Parent>
            <Ref id="ITF34" xmlns="" />
          </Parent>
        </Code>
        <Code id="064070" urn="urn:sdmx:org.sdmx.infomodel.codelist.Code=IT1:CL_REFAREA(1.2).064070">
          <Name xml:lang="it" xmlns="http://www.sdmx.org/resources/sdmxml/schemas/v2_1/common">Paternopoli</Name>
          <Name xml:lang="en" xmlns="http://www.sdmx.org/resources/sdmxml/schemas/v2_1/common">Paternopoli</Name>
          <Parent>
            <Ref id="ITF34" xmlns="" />
          </Parent>
        </Code>
        <Code id="064071" urn="urn:sdmx:org.sdmx.infomodel.codelist.Code=IT1:CL_REFAREA(1.2).064071">
          <Name xml:lang="it" xmlns="http://www.sdmx.org/resources/sdmxml/schemas/v2_1/common">Petruro Irpino</Name>
          <Name xml:lang="en" xmlns="http://www.sdmx.org/resources/sdmxml/schemas/v2_1/common">Petruro Irpino</Name>
          <Parent>
            <Ref id="ITF34" xmlns="" />
          </Parent>
        </Code>
        <Code id="064072" urn="urn:sdmx:org.sdmx.infomodel.codelist.Code=IT1:CL_REFAREA(1.2).064072">
          <Name xml:lang="it" xmlns="http://www.sdmx.org/resources/sdmxml/schemas/v2_1/common">Pietradefusi</Name>
          <Name xml:lang="en" xmlns="http://www.sdmx.org/resources/sdmxml/schemas/v2_1/common">Pietradefusi</Name>
          <Parent>
            <Ref id="ITF34" xmlns="" />
          </Parent>
        </Code>
        <Code id="064073" urn="urn:sdmx:org.sdmx.infomodel.codelist.Code=IT1:CL_REFAREA(1.2).064073">
          <Name xml:lang="it" xmlns="http://www.sdmx.org/resources/sdmxml/schemas/v2_1/common">Pietrastornina</Name>
          <Name xml:lang="en" xmlns="http://www.sdmx.org/resources/sdmxml/schemas/v2_1/common">Pietrastornina</Name>
          <Parent>
            <Ref id="ITF34" xmlns="" />
          </Parent>
        </Code>
        <Code id="064074" urn="urn:sdmx:org.sdmx.infomodel.codelist.Code=IT1:CL_REFAREA(1.2).064074">
          <Name xml:lang="it" xmlns="http://www.sdmx.org/resources/sdmxml/schemas/v2_1/common">Prata di Principato Ultra</Name>
          <Name xml:lang="en" xmlns="http://www.sdmx.org/resources/sdmxml/schemas/v2_1/common">Prata di Principato Ultra</Name>
          <Parent>
            <Ref id="ITF34" xmlns="" />
          </Parent>
        </Code>
        <Code id="064075" urn="urn:sdmx:org.sdmx.infomodel.codelist.Code=IT1:CL_REFAREA(1.2).064075">
          <Name xml:lang="it" xmlns="http://www.sdmx.org/resources/sdmxml/schemas/v2_1/common">Pratola Serra</Name>
          <Name xml:lang="en" xmlns="http://www.sdmx.org/resources/sdmxml/schemas/v2_1/common">Pratola Serra</Name>
          <Parent>
            <Ref id="ITF34" xmlns="" />
          </Parent>
        </Code>
        <Code id="064076" urn="urn:sdmx:org.sdmx.infomodel.codelist.Code=IT1:CL_REFAREA(1.2).064076">
          <Name xml:lang="it" xmlns="http://www.sdmx.org/resources/sdmxml/schemas/v2_1/common">Quadrelle</Name>
          <Name xml:lang="en" xmlns="http://www.sdmx.org/resources/sdmxml/schemas/v2_1/common">Quadrelle</Name>
          <Parent>
            <Ref id="ITF34" xmlns="" />
          </Parent>
        </Code>
        <Code id="064077" urn="urn:sdmx:org.sdmx.infomodel.codelist.Code=IT1:CL_REFAREA(1.2).064077">
          <Name xml:lang="it" xmlns="http://www.sdmx.org/resources/sdmxml/schemas/v2_1/common">Quindici</Name>
          <Name xml:lang="en" xmlns="http://www.sdmx.org/resources/sdmxml/schemas/v2_1/common">Quindici</Name>
          <Parent>
            <Ref id="ITF34" xmlns="" />
          </Parent>
        </Code>
        <Code id="064078" urn="urn:sdmx:org.sdmx.infomodel.codelist.Code=IT1:CL_REFAREA(1.2).064078">
          <Name xml:lang="it" xmlns="http://www.sdmx.org/resources/sdmxml/schemas/v2_1/common">Roccabascerana</Name>
          <Name xml:lang="en" xmlns="http://www.sdmx.org/resources/sdmxml/schemas/v2_1/common">Roccabascerana</Name>
          <Parent>
            <Ref id="ITF34" xmlns="" />
          </Parent>
        </Code>
        <Code id="064079" urn="urn:sdmx:org.sdmx.infomodel.codelist.Code=IT1:CL_REFAREA(1.2).064079">
          <Name xml:lang="it" xmlns="http://www.sdmx.org/resources/sdmxml/schemas/v2_1/common">Rocca San Felice</Name>
          <Name xml:lang="en" xmlns="http://www.sdmx.org/resources/sdmxml/schemas/v2_1/common">Rocca San Felice</Name>
          <Parent>
            <Ref id="ITF34" xmlns="" />
          </Parent>
        </Code>
        <Code id="064080" urn="urn:sdmx:org.sdmx.infomodel.codelist.Code=IT1:CL_REFAREA(1.2).064080">
          <Name xml:lang="it" xmlns="http://www.sdmx.org/resources/sdmxml/schemas/v2_1/common">Rotondi</Name>
          <Name xml:lang="en" xmlns="http://www.sdmx.org/resources/sdmxml/schemas/v2_1/common">Rotondi</Name>
          <Parent>
            <Ref id="ITF34" xmlns="" />
          </Parent>
        </Code>
        <Code id="064081" urn="urn:sdmx:org.sdmx.infomodel.codelist.Code=IT1:CL_REFAREA(1.2).064081">
          <Name xml:lang="it" xmlns="http://www.sdmx.org/resources/sdmxml/schemas/v2_1/common">Salza Irpina</Name>
          <Name xml:lang="en" xmlns="http://www.sdmx.org/resources/sdmxml/schemas/v2_1/common">Salza Irpina</Name>
          <Parent>
            <Ref id="ITF34" xmlns="" />
          </Parent>
        </Code>
        <Code id="064082" urn="urn:sdmx:org.sdmx.infomodel.codelist.Code=IT1:CL_REFAREA(1.2).064082">
          <Name xml:lang="it" xmlns="http://www.sdmx.org/resources/sdmxml/schemas/v2_1/common">San Mango sul Calore</Name>
          <Name xml:lang="en" xmlns="http://www.sdmx.org/resources/sdmxml/schemas/v2_1/common">San Mango sul Calore</Name>
          <Parent>
            <Ref id="ITF34" xmlns="" />
          </Parent>
        </Code>
        <Code id="064083" urn="urn:sdmx:org.sdmx.infomodel.codelist.Code=IT1:CL_REFAREA(1.2).064083">
          <Name xml:lang="it" xmlns="http://www.sdmx.org/resources/sdmxml/schemas/v2_1/common">San Martino Valle Caudina</Name>
          <Name xml:lang="en" xmlns="http://www.sdmx.org/resources/sdmxml/schemas/v2_1/common">San Martino Valle Caudina</Name>
          <Parent>
            <Ref id="ITF34" xmlns="" />
          </Parent>
        </Code>
        <Code id="064084" urn="urn:sdmx:org.sdmx.infomodel.codelist.Code=IT1:CL_REFAREA(1.2).064084">
          <Name xml:lang="it" xmlns="http://www.sdmx.org/resources/sdmxml/schemas/v2_1/common">San Michele di Serino</Name>
          <Name xml:lang="en" xmlns="http://www.sdmx.org/resources/sdmxml/schemas/v2_1/common">San Michele di Serino</Name>
          <Parent>
            <Ref id="ITF34" xmlns="" />
          </Parent>
        </Code>
        <Code id="064085" urn="urn:sdmx:org.sdmx.infomodel.codelist.Code=IT1:CL_REFAREA(1.2).064085">
          <Name xml:lang="it" xmlns="http://www.sdmx.org/resources/sdmxml/schemas/v2_1/common">San Nicola Baronia</Name>
          <Name xml:lang="en" xmlns="http://www.sdmx.org/resources/sdmxml/schemas/v2_1/common">San Nicola Baronia</Name>
          <Parent>
            <Ref id="ITF34" xmlns="" />
          </Parent>
        </Code>
        <Code id="064086" urn="urn:sdmx:org.sdmx.infomodel.codelist.Code=IT1:CL_REFAREA(1.2).064086">
          <Name xml:lang="it" xmlns="http://www.sdmx.org/resources/sdmxml/schemas/v2_1/common">San Potito Ultra</Name>
          <Name xml:lang="en" xmlns="http://www.sdmx.org/resources/sdmxml/schemas/v2_1/common">San Potito Ultra</Name>
          <Parent>
            <Ref id="ITF34" xmlns="" />
          </Parent>
        </Code>
        <Code id="064087" urn="urn:sdmx:org.sdmx.infomodel.codelist.Code=IT1:CL_REFAREA(1.2).064087">
          <Name xml:lang="it" xmlns="http://www.sdmx.org/resources/sdmxml/schemas/v2_1/common">San Sossio Baronia</Name>
          <Name xml:lang="en" xmlns="http://www.sdmx.org/resources/sdmxml/schemas/v2_1/common">San Sossio Baronia</Name>
          <Parent>
            <Ref id="ITF34" xmlns="" />
          </Parent>
        </Code>
        <Code id="064088" urn="urn:sdmx:org.sdmx.infomodel.codelist.Code=IT1:CL_REFAREA(1.2).064088">
          <Name xml:lang="it" xmlns="http://www.sdmx.org/resources/sdmxml/schemas/v2_1/common">Santa Lucia di Serino</Name>
          <Name xml:lang="en" xmlns="http://www.sdmx.org/resources/sdmxml/schemas/v2_1/common">Santa Lucia di Serino</Name>
          <Parent>
            <Ref id="ITF34" xmlns="" />
          </Parent>
        </Code>
        <Code id="064089" urn="urn:sdmx:org.sdmx.infomodel.codelist.Code=IT1:CL_REFAREA(1.2).064089">
          <Name xml:lang="it" xmlns="http://www.sdmx.org/resources/sdmxml/schemas/v2_1/common">Sant'Andrea di Conza</Name>
          <Name xml:lang="en" xmlns="http://www.sdmx.org/resources/sdmxml/schemas/v2_1/common">Sant'Andrea di Conza</Name>
          <Parent>
            <Ref id="ITF34" xmlns="" />
          </Parent>
        </Code>
        <Code id="064090" urn="urn:sdmx:org.sdmx.infomodel.codelist.Code=IT1:CL_REFAREA(1.2).064090">
          <Name xml:lang="it" xmlns="http://www.sdmx.org/resources/sdmxml/schemas/v2_1/common">Sant'Angelo all'Esca</Name>
          <Name xml:lang="en" xmlns="http://www.sdmx.org/resources/sdmxml/schemas/v2_1/common">Sant'Angelo all'Esca</Name>
          <Parent>
            <Ref id="ITF34" xmlns="" />
          </Parent>
        </Code>
        <Code id="064091" urn="urn:sdmx:org.sdmx.infomodel.codelist.Code=IT1:CL_REFAREA(1.2).064091">
          <Name xml:lang="it" xmlns="http://www.sdmx.org/resources/sdmxml/schemas/v2_1/common">Sant'Angelo a Scala</Name>
          <Name xml:lang="en" xmlns="http://www.sdmx.org/resources/sdmxml/schemas/v2_1/common">Sant'Angelo a Scala</Name>
          <Parent>
            <Ref id="ITF34" xmlns="" />
          </Parent>
        </Code>
        <Code id="064092" urn="urn:sdmx:org.sdmx.infomodel.codelist.Code=IT1:CL_REFAREA(1.2).064092">
          <Name xml:lang="it" xmlns="http://www.sdmx.org/resources/sdmxml/schemas/v2_1/common">Sant'Angelo dei Lombardi</Name>
          <Name xml:lang="en" xmlns="http://www.sdmx.org/resources/sdmxml/schemas/v2_1/common">Sant'Angelo dei Lombardi</Name>
          <Parent>
            <Ref id="ITF34" xmlns="" />
          </Parent>
        </Code>
        <Code id="064093" urn="urn:sdmx:org.sdmx.infomodel.codelist.Code=IT1:CL_REFAREA(1.2).064093">
          <Name xml:lang="it" xmlns="http://www.sdmx.org/resources/sdmxml/schemas/v2_1/common">Santa Paolina</Name>
          <Name xml:lang="en" xmlns="http://www.sdmx.org/resources/sdmxml/schemas/v2_1/common">Santa Paolina</Name>
          <Parent>
            <Ref id="ITF34" xmlns="" />
          </Parent>
        </Code>
        <Code id="064095" urn="urn:sdmx:org.sdmx.infomodel.codelist.Code=IT1:CL_REFAREA(1.2).064095">
          <Name xml:lang="it" xmlns="http://www.sdmx.org/resources/sdmxml/schemas/v2_1/common">Santo Stefano del Sole</Name>
          <Name xml:lang="en" xmlns="http://www.sdmx.org/resources/sdmxml/schemas/v2_1/common">Santo Stefano del Sole</Name>
          <Parent>
            <Ref id="ITF34" xmlns="" />
          </Parent>
        </Code>
        <Code id="064096" urn="urn:sdmx:org.sdmx.infomodel.codelist.Code=IT1:CL_REFAREA(1.2).064096">
          <Name xml:lang="it" xmlns="http://www.sdmx.org/resources/sdmxml/schemas/v2_1/common">Savignano Irpino</Name>
          <Name xml:lang="en" xmlns="http://www.sdmx.org/resources/sdmxml/schemas/v2_1/common">Savignano Irpino</Name>
          <Parent>
            <Ref id="ITF34" xmlns="" />
          </Parent>
        </Code>
        <Code id="064097" urn="urn:sdmx:org.sdmx.infomodel.codelist.Code=IT1:CL_REFAREA(1.2).064097">
          <Name xml:lang="it" xmlns="http://www.sdmx.org/resources/sdmxml/schemas/v2_1/common">Scampitella</Name>
          <Name xml:lang="en" xmlns="http://www.sdmx.org/resources/sdmxml/schemas/v2_1/common">Scampitella</Name>
          <Parent>
            <Ref id="ITF34" xmlns="" />
          </Parent>
        </Code>
        <Code id="064098" urn="urn:sdmx:org.sdmx.infomodel.codelist.Code=IT1:CL_REFAREA(1.2).064098">
          <Name xml:lang="it" xmlns="http://www.sdmx.org/resources/sdmxml/schemas/v2_1/common">Senerchia</Name>
          <Name xml:lang="en" xmlns="http://www.sdmx.org/resources/sdmxml/schemas/v2_1/common">Senerchia</Name>
          <Parent>
            <Ref id="ITF34" xmlns="" />
          </Parent>
        </Code>
        <Code id="064099" urn="urn:sdmx:org.sdmx.infomodel.codelist.Code=IT1:CL_REFAREA(1.2).064099">
          <Name xml:lang="it" xmlns="http://www.sdmx.org/resources/sdmxml/schemas/v2_1/common">Serino</Name>
          <Name xml:lang="en" xmlns="http://www.sdmx.org/resources/sdmxml/schemas/v2_1/common">Serino</Name>
          <Parent>
            <Ref id="ITF34" xmlns="" />
          </Parent>
        </Code>
        <Code id="064100" urn="urn:sdmx:org.sdmx.infomodel.codelist.Code=IT1:CL_REFAREA(1.2).064100">
          <Name xml:lang="it" xmlns="http://www.sdmx.org/resources/sdmxml/schemas/v2_1/common">Sirignano</Name>
          <Name xml:lang="en" xmlns="http://www.sdmx.org/resources/sdmxml/schemas/v2_1/common">Sirignano</Name>
          <Parent>
            <Ref id="ITF34" xmlns="" />
          </Parent>
        </Code>
        <Code id="064101" urn="urn:sdmx:org.sdmx.infomodel.codelist.Code=IT1:CL_REFAREA(1.2).064101">
          <Name xml:lang="it" xmlns="http://www.sdmx.org/resources/sdmxml/schemas/v2_1/common">Solofra</Name>
          <Name xml:lang="en" xmlns="http://www.sdmx.org/resources/sdmxml/schemas/v2_1/common">Solofra</Name>
          <Parent>
            <Ref id="ITF34" xmlns="" />
          </Parent>
        </Code>
        <Code id="064102" urn="urn:sdmx:org.sdmx.infomodel.codelist.Code=IT1:CL_REFAREA(1.2).064102">
          <Name xml:lang="it" xmlns="http://www.sdmx.org/resources/sdmxml/schemas/v2_1/common">Sorbo Serpico</Name>
          <Name xml:lang="en" xmlns="http://www.sdmx.org/resources/sdmxml/schemas/v2_1/common">Sorbo Serpico</Name>
          <Parent>
            <Ref id="ITF34" xmlns="" />
          </Parent>
        </Code>
        <Code id="064103" urn="urn:sdmx:org.sdmx.infomodel.codelist.Code=IT1:CL_REFAREA(1.2).064103">
          <Name xml:lang="it" xmlns="http://www.sdmx.org/resources/sdmxml/schemas/v2_1/common">Sperone</Name>
          <Name xml:lang="en" xmlns="http://www.sdmx.org/resources/sdmxml/schemas/v2_1/common">Sperone</Name>
          <Parent>
            <Ref id="ITF34" xmlns="" />
          </Parent>
        </Code>
        <Code id="064104" urn="urn:sdmx:org.sdmx.infomodel.codelist.Code=IT1:CL_REFAREA(1.2).064104">
          <Name xml:lang="it" xmlns="http://www.sdmx.org/resources/sdmxml/schemas/v2_1/common">Sturno</Name>
          <Name xml:lang="en" xmlns="http://www.sdmx.org/resources/sdmxml/schemas/v2_1/common">Sturno</Name>
          <Parent>
            <Ref id="ITF34" xmlns="" />
          </Parent>
        </Code>
        <Code id="064105" urn="urn:sdmx:org.sdmx.infomodel.codelist.Code=IT1:CL_REFAREA(1.2).064105">
          <Name xml:lang="it" xmlns="http://www.sdmx.org/resources/sdmxml/schemas/v2_1/common">Summonte</Name>
          <Name xml:lang="en" xmlns="http://www.sdmx.org/resources/sdmxml/schemas/v2_1/common">Summonte</Name>
          <Parent>
            <Ref id="ITF34" xmlns="" />
          </Parent>
        </Code>
        <Code id="064106" urn="urn:sdmx:org.sdmx.infomodel.codelist.Code=IT1:CL_REFAREA(1.2).064106">
          <Name xml:lang="it" xmlns="http://www.sdmx.org/resources/sdmxml/schemas/v2_1/common">Taurano</Name>
          <Name xml:lang="en" xmlns="http://www.sdmx.org/resources/sdmxml/schemas/v2_1/common">Taurano</Name>
          <Parent>
            <Ref id="ITF34" xmlns="" />
          </Parent>
        </Code>
        <Code id="064107" urn="urn:sdmx:org.sdmx.infomodel.codelist.Code=IT1:CL_REFAREA(1.2).064107">
          <Name xml:lang="it" xmlns="http://www.sdmx.org/resources/sdmxml/schemas/v2_1/common">Taurasi</Name>
          <Name xml:lang="en" xmlns="http://www.sdmx.org/resources/sdmxml/schemas/v2_1/common">Taurasi</Name>
          <Parent>
            <Ref id="ITF34" xmlns="" />
          </Parent>
        </Code>
        <Code id="064108" urn="urn:sdmx:org.sdmx.infomodel.codelist.Code=IT1:CL_REFAREA(1.2).064108">
          <Name xml:lang="it" xmlns="http://www.sdmx.org/resources/sdmxml/schemas/v2_1/common">Teora</Name>
          <Name xml:lang="en" xmlns="http://www.sdmx.org/resources/sdmxml/schemas/v2_1/common">Teora</Name>
          <Parent>
            <Ref id="ITF34" xmlns="" />
          </Parent>
        </Code>
        <Code id="064109" urn="urn:sdmx:org.sdmx.infomodel.codelist.Code=IT1:CL_REFAREA(1.2).064109">
          <Name xml:lang="it" xmlns="http://www.sdmx.org/resources/sdmxml/schemas/v2_1/common">Torella dei Lombardi</Name>
          <Name xml:lang="en" xmlns="http://www.sdmx.org/resources/sdmxml/schemas/v2_1/common">Torella dei Lombardi</Name>
          <Parent>
            <Ref id="ITF34" xmlns="" />
          </Parent>
        </Code>
        <Code id="064110" urn="urn:sdmx:org.sdmx.infomodel.codelist.Code=IT1:CL_REFAREA(1.2).064110">
          <Name xml:lang="it" xmlns="http://www.sdmx.org/resources/sdmxml/schemas/v2_1/common">Torre Le Nocelle</Name>
          <Name xml:lang="en" xmlns="http://www.sdmx.org/resources/sdmxml/schemas/v2_1/common">Torre Le Nocelle</Name>
          <Parent>
            <Ref id="ITF34" xmlns="" />
          </Parent>
        </Code>
        <Code id="064111" urn="urn:sdmx:org.sdmx.infomodel.codelist.Code=IT1:CL_REFAREA(1.2).064111">
          <Name xml:lang="it" xmlns="http://www.sdmx.org/resources/sdmxml/schemas/v2_1/common">Torrioni</Name>
          <Name xml:lang="en" xmlns="http://www.sdmx.org/resources/sdmxml/schemas/v2_1/common">Torrioni</Name>
          <Parent>
            <Ref id="ITF34" xmlns="" />
          </Parent>
        </Code>
        <Code id="064112" urn="urn:sdmx:org.sdmx.infomodel.codelist.Code=IT1:CL_REFAREA(1.2).064112">
          <Name xml:lang="it" xmlns="http://www.sdmx.org/resources/sdmxml/schemas/v2_1/common">Trevico</Name>
          <Name xml:lang="en" xmlns="http://www.sdmx.org/resources/sdmxml/schemas/v2_1/common">Trevico</Name>
          <Parent>
            <Ref id="ITF34" xmlns="" />
          </Parent>
        </Code>
        <Code id="064113" urn="urn:sdmx:org.sdmx.infomodel.codelist.Code=IT1:CL_REFAREA(1.2).064113">
          <Name xml:lang="it" xmlns="http://www.sdmx.org/resources/sdmxml/schemas/v2_1/common">Tufo</Name>
          <Name xml:lang="en" xmlns="http://www.sdmx.org/resources/sdmxml/schemas/v2_1/common">Tufo</Name>
          <Parent>
            <Ref id="ITF34" xmlns="" />
          </Parent>
        </Code>
        <Code id="064114" urn="urn:sdmx:org.sdmx.infomodel.codelist.Code=IT1:CL_REFAREA(1.2).064114">
          <Name xml:lang="it" xmlns="http://www.sdmx.org/resources/sdmxml/schemas/v2_1/common">Vallata</Name>
          <Name xml:lang="en" xmlns="http://www.sdmx.org/resources/sdmxml/schemas/v2_1/common">Vallata</Name>
          <Parent>
            <Ref id="ITF34" xmlns="" />
          </Parent>
        </Code>
        <Code id="064115" urn="urn:sdmx:org.sdmx.infomodel.codelist.Code=IT1:CL_REFAREA(1.2).064115">
          <Name xml:lang="it" xmlns="http://www.sdmx.org/resources/sdmxml/schemas/v2_1/common">Vallesaccarda</Name>
          <Name xml:lang="en" xmlns="http://www.sdmx.org/resources/sdmxml/schemas/v2_1/common">Vallesaccarda</Name>
          <Parent>
            <Ref id="ITF34" xmlns="" />
          </Parent>
        </Code>
        <Code id="064116" urn="urn:sdmx:org.sdmx.infomodel.codelist.Code=IT1:CL_REFAREA(1.2).064116">
          <Name xml:lang="it" xmlns="http://www.sdmx.org/resources/sdmxml/schemas/v2_1/common">Venticano</Name>
          <Name xml:lang="en" xmlns="http://www.sdmx.org/resources/sdmxml/schemas/v2_1/common">Venticano</Name>
          <Parent>
            <Ref id="ITF34" xmlns="" />
          </Parent>
        </Code>
        <Code id="064117" urn="urn:sdmx:org.sdmx.infomodel.codelist.Code=IT1:CL_REFAREA(1.2).064117">
          <Name xml:lang="it" xmlns="http://www.sdmx.org/resources/sdmxml/schemas/v2_1/common">Villamaina</Name>
          <Name xml:lang="en" xmlns="http://www.sdmx.org/resources/sdmxml/schemas/v2_1/common">Villamaina</Name>
          <Parent>
            <Ref id="ITF34" xmlns="" />
          </Parent>
        </Code>
        <Code id="064118" urn="urn:sdmx:org.sdmx.infomodel.codelist.Code=IT1:CL_REFAREA(1.2).064118">
          <Name xml:lang="it" xmlns="http://www.sdmx.org/resources/sdmxml/schemas/v2_1/common">Villanova del Battista</Name>
          <Name xml:lang="en" xmlns="http://www.sdmx.org/resources/sdmxml/schemas/v2_1/common">Villanova del Battista</Name>
          <Parent>
            <Ref id="ITF34" xmlns="" />
          </Parent>
        </Code>
        <Code id="064119" urn="urn:sdmx:org.sdmx.infomodel.codelist.Code=IT1:CL_REFAREA(1.2).064119">
          <Name xml:lang="it" xmlns="http://www.sdmx.org/resources/sdmxml/schemas/v2_1/common">Volturara Irpina</Name>
          <Name xml:lang="en" xmlns="http://www.sdmx.org/resources/sdmxml/schemas/v2_1/common">Volturara Irpina</Name>
          <Parent>
            <Ref id="ITF34" xmlns="" />
          </Parent>
        </Code>
        <Code id="064120" urn="urn:sdmx:org.sdmx.infomodel.codelist.Code=IT1:CL_REFAREA(1.2).064120">
          <Name xml:lang="it" xmlns="http://www.sdmx.org/resources/sdmxml/schemas/v2_1/common">Zungoli</Name>
          <Name xml:lang="en" xmlns="http://www.sdmx.org/resources/sdmxml/schemas/v2_1/common">Zungoli</Name>
          <Parent>
            <Ref id="ITF34" xmlns="" />
          </Parent>
        </Code>
        <Code id="065001" urn="urn:sdmx:org.sdmx.infomodel.codelist.Code=IT1:CL_REFAREA(1.2).065001">
          <Name xml:lang="it" xmlns="http://www.sdmx.org/resources/sdmxml/schemas/v2_1/common">Acerno</Name>
          <Name xml:lang="en" xmlns="http://www.sdmx.org/resources/sdmxml/schemas/v2_1/common">Acerno</Name>
          <Parent>
            <Ref id="ITF35" xmlns="" />
          </Parent>
        </Code>
        <Code id="065002" urn="urn:sdmx:org.sdmx.infomodel.codelist.Code=IT1:CL_REFAREA(1.2).065002">
          <Name xml:lang="it" xmlns="http://www.sdmx.org/resources/sdmxml/schemas/v2_1/common">Agropoli</Name>
          <Name xml:lang="en" xmlns="http://www.sdmx.org/resources/sdmxml/schemas/v2_1/common">Agropoli</Name>
          <Parent>
            <Ref id="ITF35" xmlns="" />
          </Parent>
        </Code>
        <Code id="065003" urn="urn:sdmx:org.sdmx.infomodel.codelist.Code=IT1:CL_REFAREA(1.2).065003">
          <Name xml:lang="it" xmlns="http://www.sdmx.org/resources/sdmxml/schemas/v2_1/common">Albanella</Name>
          <Name xml:lang="en" xmlns="http://www.sdmx.org/resources/sdmxml/schemas/v2_1/common">Albanella</Name>
          <Parent>
            <Ref id="ITF35" xmlns="" />
          </Parent>
        </Code>
        <Code id="065004" urn="urn:sdmx:org.sdmx.infomodel.codelist.Code=IT1:CL_REFAREA(1.2).065004">
          <Name xml:lang="it" xmlns="http://www.sdmx.org/resources/sdmxml/schemas/v2_1/common">Alfano</Name>
          <Name xml:lang="en" xmlns="http://www.sdmx.org/resources/sdmxml/schemas/v2_1/common">Alfano</Name>
          <Parent>
            <Ref id="ITF35" xmlns="" />
          </Parent>
        </Code>
        <Code id="065005" urn="urn:sdmx:org.sdmx.infomodel.codelist.Code=IT1:CL_REFAREA(1.2).065005">
          <Name xml:lang="it" xmlns="http://www.sdmx.org/resources/sdmxml/schemas/v2_1/common">Altavilla Silentina</Name>
          <Name xml:lang="en" xmlns="http://www.sdmx.org/resources/sdmxml/schemas/v2_1/common">Altavilla Silentina</Name>
          <Parent>
            <Ref id="ITF35" xmlns="" />
          </Parent>
        </Code>
        <Code id="065006" urn="urn:sdmx:org.sdmx.infomodel.codelist.Code=IT1:CL_REFAREA(1.2).065006">
          <Name xml:lang="it" xmlns="http://www.sdmx.org/resources/sdmxml/schemas/v2_1/common">Amalfi</Name>
          <Name xml:lang="en" xmlns="http://www.sdmx.org/resources/sdmxml/schemas/v2_1/common">Amalfi</Name>
          <Parent>
            <Ref id="ITF35" xmlns="" />
          </Parent>
        </Code>
        <Code id="065007" urn="urn:sdmx:org.sdmx.infomodel.codelist.Code=IT1:CL_REFAREA(1.2).065007">
          <Name xml:lang="it" xmlns="http://www.sdmx.org/resources/sdmxml/schemas/v2_1/common">Angri</Name>
          <Name xml:lang="en" xmlns="http://www.sdmx.org/resources/sdmxml/schemas/v2_1/common">Angri</Name>
          <Parent>
            <Ref id="ITF35" xmlns="" />
          </Parent>
        </Code>
        <Code id="065008" urn="urn:sdmx:org.sdmx.infomodel.codelist.Code=IT1:CL_REFAREA(1.2).065008">
          <Name xml:lang="it" xmlns="http://www.sdmx.org/resources/sdmxml/schemas/v2_1/common">Aquara</Name>
          <Name xml:lang="en" xmlns="http://www.sdmx.org/resources/sdmxml/schemas/v2_1/common">Aquara</Name>
          <Parent>
            <Ref id="ITF35" xmlns="" />
          </Parent>
        </Code>
        <Code id="065009" urn="urn:sdmx:org.sdmx.infomodel.codelist.Code=IT1:CL_REFAREA(1.2).065009">
          <Name xml:lang="it" xmlns="http://www.sdmx.org/resources/sdmxml/schemas/v2_1/common">Ascea</Name>
          <Name xml:lang="en" xmlns="http://www.sdmx.org/resources/sdmxml/schemas/v2_1/common">Ascea</Name>
          <Parent>
            <Ref id="ITF35" xmlns="" />
          </Parent>
        </Code>
        <Code id="065010" urn="urn:sdmx:org.sdmx.infomodel.codelist.Code=IT1:CL_REFAREA(1.2).065010">
          <Name xml:lang="it" xmlns="http://www.sdmx.org/resources/sdmxml/schemas/v2_1/common">Atena Lucana</Name>
          <Name xml:lang="en" xmlns="http://www.sdmx.org/resources/sdmxml/schemas/v2_1/common">Atena Lucana</Name>
          <Parent>
            <Ref id="ITF35" xmlns="" />
          </Parent>
        </Code>
        <Code id="065011" urn="urn:sdmx:org.sdmx.infomodel.codelist.Code=IT1:CL_REFAREA(1.2).065011">
          <Name xml:lang="it" xmlns="http://www.sdmx.org/resources/sdmxml/schemas/v2_1/common">Atrani</Name>
          <Name xml:lang="en" xmlns="http://www.sdmx.org/resources/sdmxml/schemas/v2_1/common">Atrani</Name>
          <Parent>
            <Ref id="ITF35" xmlns="" />
          </Parent>
        </Code>
        <Code id="065012" urn="urn:sdmx:org.sdmx.infomodel.codelist.Code=IT1:CL_REFAREA(1.2).065012">
          <Name xml:lang="it" xmlns="http://www.sdmx.org/resources/sdmxml/schemas/v2_1/common">Auletta</Name>
          <Name xml:lang="en" xmlns="http://www.sdmx.org/resources/sdmxml/schemas/v2_1/common">Auletta</Name>
          <Parent>
            <Ref id="ITF35" xmlns="" />
          </Parent>
        </Code>
        <Code id="065013" urn="urn:sdmx:org.sdmx.infomodel.codelist.Code=IT1:CL_REFAREA(1.2).065013">
          <Name xml:lang="it" xmlns="http://www.sdmx.org/resources/sdmxml/schemas/v2_1/common">Baronissi</Name>
          <Name xml:lang="en" xmlns="http://www.sdmx.org/resources/sdmxml/schemas/v2_1/common">Baronissi</Name>
          <Parent>
            <Ref id="ITF35" xmlns="" />
          </Parent>
        </Code>
        <Code id="065014" urn="urn:sdmx:org.sdmx.infomodel.codelist.Code=IT1:CL_REFAREA(1.2).065014">
          <Name xml:lang="it" xmlns="http://www.sdmx.org/resources/sdmxml/schemas/v2_1/common">Battipaglia</Name>
          <Name xml:lang="en" xmlns="http://www.sdmx.org/resources/sdmxml/schemas/v2_1/common">Battipaglia</Name>
          <Parent>
            <Ref id="ITF35" xmlns="" />
          </Parent>
        </Code>
        <Code id="065015" urn="urn:sdmx:org.sdmx.infomodel.codelist.Code=IT1:CL_REFAREA(1.2).065015">
          <Name xml:lang="it" xmlns="http://www.sdmx.org/resources/sdmxml/schemas/v2_1/common">Bellosguardo</Name>
          <Name xml:lang="en" xmlns="http://www.sdmx.org/resources/sdmxml/schemas/v2_1/common">Bellosguardo</Name>
          <Parent>
            <Ref id="ITF35" xmlns="" />
          </Parent>
        </Code>
        <Code id="065016" urn="urn:sdmx:org.sdmx.infomodel.codelist.Code=IT1:CL_REFAREA(1.2).065016">
          <Name xml:lang="it" xmlns="http://www.sdmx.org/resources/sdmxml/schemas/v2_1/common">Bracigliano</Name>
          <Name xml:lang="en" xmlns="http://www.sdmx.org/resources/sdmxml/schemas/v2_1/common">Bracigliano</Name>
          <Parent>
            <Ref id="ITF35" xmlns="" />
          </Parent>
        </Code>
        <Code id="065017" urn="urn:sdmx:org.sdmx.infomodel.codelist.Code=IT1:CL_REFAREA(1.2).065017">
          <Name xml:lang="it" xmlns="http://www.sdmx.org/resources/sdmxml/schemas/v2_1/common">Buccino</Name>
          <Name xml:lang="en" xmlns="http://www.sdmx.org/resources/sdmxml/schemas/v2_1/common">Buccino</Name>
          <Parent>
            <Ref id="ITF35" xmlns="" />
          </Parent>
        </Code>
        <Code id="065018" urn="urn:sdmx:org.sdmx.infomodel.codelist.Code=IT1:CL_REFAREA(1.2).065018">
          <Name xml:lang="it" xmlns="http://www.sdmx.org/resources/sdmxml/schemas/v2_1/common">Buonabitacolo</Name>
          <Name xml:lang="en" xmlns="http://www.sdmx.org/resources/sdmxml/schemas/v2_1/common">Buonabitacolo</Name>
          <Parent>
            <Ref id="ITF35" xmlns="" />
          </Parent>
        </Code>
        <Code id="065019" urn="urn:sdmx:org.sdmx.infomodel.codelist.Code=IT1:CL_REFAREA(1.2).065019">
          <Name xml:lang="it" xmlns="http://www.sdmx.org/resources/sdmxml/schemas/v2_1/common">Caggiano</Name>
          <Name xml:lang="en" xmlns="http://www.sdmx.org/resources/sdmxml/schemas/v2_1/common">Caggiano</Name>
          <Parent>
            <Ref id="ITF35" xmlns="" />
          </Parent>
        </Code>
        <Code id="065020" urn="urn:sdmx:org.sdmx.infomodel.codelist.Code=IT1:CL_REFAREA(1.2).065020">
          <Name xml:lang="it" xmlns="http://www.sdmx.org/resources/sdmxml/schemas/v2_1/common">Calvanico</Name>
          <Name xml:lang="en" xmlns="http://www.sdmx.org/resources/sdmxml/schemas/v2_1/common">Calvanico</Name>
          <Parent>
            <Ref id="ITF35" xmlns="" />
          </Parent>
        </Code>
        <Code id="065021" urn="urn:sdmx:org.sdmx.infomodel.codelist.Code=IT1:CL_REFAREA(1.2).065021">
          <Name xml:lang="it" xmlns="http://www.sdmx.org/resources/sdmxml/schemas/v2_1/common">Camerota</Name>
          <Name xml:lang="en" xmlns="http://www.sdmx.org/resources/sdmxml/schemas/v2_1/common">Camerota</Name>
          <Parent>
            <Ref id="ITF35" xmlns="" />
          </Parent>
        </Code>
        <Code id="065022" urn="urn:sdmx:org.sdmx.infomodel.codelist.Code=IT1:CL_REFAREA(1.2).065022">
          <Name xml:lang="it" xmlns="http://www.sdmx.org/resources/sdmxml/schemas/v2_1/common">Campagna</Name>
          <Name xml:lang="en" xmlns="http://www.sdmx.org/resources/sdmxml/schemas/v2_1/common">Campagna</Name>
          <Parent>
            <Ref id="ITF35" xmlns="" />
          </Parent>
        </Code>
        <Code id="065023" urn="urn:sdmx:org.sdmx.infomodel.codelist.Code=IT1:CL_REFAREA(1.2).065023">
          <Name xml:lang="it" xmlns="http://www.sdmx.org/resources/sdmxml/schemas/v2_1/common">Campora</Name>
          <Name xml:lang="en" xmlns="http://www.sdmx.org/resources/sdmxml/schemas/v2_1/common">Campora</Name>
          <Parent>
            <Ref id="ITF35" xmlns="" />
          </Parent>
        </Code>
        <Code id="065024" urn="urn:sdmx:org.sdmx.infomodel.codelist.Code=IT1:CL_REFAREA(1.2).065024">
          <Name xml:lang="it" xmlns="http://www.sdmx.org/resources/sdmxml/schemas/v2_1/common">Cannalonga</Name>
          <Name xml:lang="en" xmlns="http://www.sdmx.org/resources/sdmxml/schemas/v2_1/common">Cannalonga</Name>
          <Parent>
            <Ref id="ITF35" xmlns="" />
          </Parent>
        </Code>
        <Code id="065025" urn="urn:sdmx:org.sdmx.infomodel.codelist.Code=IT1:CL_REFAREA(1.2).065025">
          <Name xml:lang="it" xmlns="http://www.sdmx.org/resources/sdmxml/schemas/v2_1/common">Capaccio</Name>
          <Name xml:lang="en" xmlns="http://www.sdmx.org/resources/sdmxml/schemas/v2_1/common">Capaccio</Name>
          <Parent>
            <Ref id="ITF35" xmlns="" />
          </Parent>
        </Code>
        <Code id="065026" urn="urn:sdmx:org.sdmx.infomodel.codelist.Code=IT1:CL_REFAREA(1.2).065026">
          <Name xml:lang="it" xmlns="http://www.sdmx.org/resources/sdmxml/schemas/v2_1/common">Casalbuono</Name>
          <Name xml:lang="en" xmlns="http://www.sdmx.org/resources/sdmxml/schemas/v2_1/common">Casalbuono</Name>
          <Parent>
            <Ref id="ITF35" xmlns="" />
          </Parent>
        </Code>
        <Code id="065027" urn="urn:sdmx:org.sdmx.infomodel.codelist.Code=IT1:CL_REFAREA(1.2).065027">
          <Name xml:lang="it" xmlns="http://www.sdmx.org/resources/sdmxml/schemas/v2_1/common">Casaletto Spartano</Name>
          <Name xml:lang="en" xmlns="http://www.sdmx.org/resources/sdmxml/schemas/v2_1/common">Casaletto Spartano</Name>
          <Parent>
            <Ref id="ITF35" xmlns="" />
          </Parent>
        </Code>
        <Code id="065028" urn="urn:sdmx:org.sdmx.infomodel.codelist.Code=IT1:CL_REFAREA(1.2).065028">
          <Name xml:lang="it" xmlns="http://www.sdmx.org/resources/sdmxml/schemas/v2_1/common">Casal Velino</Name>
          <Name xml:lang="en" xmlns="http://www.sdmx.org/resources/sdmxml/schemas/v2_1/common">Casal Velino</Name>
          <Parent>
            <Ref id="ITF35" xmlns="" />
          </Parent>
        </Code>
        <Code id="065029" urn="urn:sdmx:org.sdmx.infomodel.codelist.Code=IT1:CL_REFAREA(1.2).065029">
          <Name xml:lang="it" xmlns="http://www.sdmx.org/resources/sdmxml/schemas/v2_1/common">Caselle in Pittari</Name>
          <Name xml:lang="en" xmlns="http://www.sdmx.org/resources/sdmxml/schemas/v2_1/common">Caselle in Pittari</Name>
          <Parent>
            <Ref id="ITF35" xmlns="" />
          </Parent>
        </Code>
        <Code id="065030" urn="urn:sdmx:org.sdmx.infomodel.codelist.Code=IT1:CL_REFAREA(1.2).065030">
          <Name xml:lang="it" xmlns="http://www.sdmx.org/resources/sdmxml/schemas/v2_1/common">Castelcivita</Name>
          <Name xml:lang="en" xmlns="http://www.sdmx.org/resources/sdmxml/schemas/v2_1/common">Castelcivita</Name>
          <Parent>
            <Ref id="ITF35" xmlns="" />
          </Parent>
        </Code>
        <Code id="065031" urn="urn:sdmx:org.sdmx.infomodel.codelist.Code=IT1:CL_REFAREA(1.2).065031">
          <Name xml:lang="it" xmlns="http://www.sdmx.org/resources/sdmxml/schemas/v2_1/common">Castellabate</Name>
          <Name xml:lang="en" xmlns="http://www.sdmx.org/resources/sdmxml/schemas/v2_1/common">Castellabate</Name>
          <Parent>
            <Ref id="ITF35" xmlns="" />
          </Parent>
        </Code>
        <Code id="065032" urn="urn:sdmx:org.sdmx.infomodel.codelist.Code=IT1:CL_REFAREA(1.2).065032">
          <Name xml:lang="it" xmlns="http://www.sdmx.org/resources/sdmxml/schemas/v2_1/common">Castelnuovo Cilento</Name>
          <Name xml:lang="en" xmlns="http://www.sdmx.org/resources/sdmxml/schemas/v2_1/common">Castelnuovo Cilento</Name>
          <Parent>
            <Ref id="ITF35" xmlns="" />
          </Parent>
        </Code>
        <Code id="065033" urn="urn:sdmx:org.sdmx.infomodel.codelist.Code=IT1:CL_REFAREA(1.2).065033">
          <Name xml:lang="it" xmlns="http://www.sdmx.org/resources/sdmxml/schemas/v2_1/common">Castelnuovo di Conza</Name>
          <Name xml:lang="en" xmlns="http://www.sdmx.org/resources/sdmxml/schemas/v2_1/common">Castelnuovo di Conza</Name>
          <Parent>
            <Ref id="ITF35" xmlns="" />
          </Parent>
        </Code>
        <Code id="065034" urn="urn:sdmx:org.sdmx.infomodel.codelist.Code=IT1:CL_REFAREA(1.2).065034">
          <Name xml:lang="it" xmlns="http://www.sdmx.org/resources/sdmxml/schemas/v2_1/common">Castel San Giorgio</Name>
          <Name xml:lang="en" xmlns="http://www.sdmx.org/resources/sdmxml/schemas/v2_1/common">Castel San Giorgio</Name>
          <Parent>
            <Ref id="ITF35" xmlns="" />
          </Parent>
        </Code>
        <Code id="065035" urn="urn:sdmx:org.sdmx.infomodel.codelist.Code=IT1:CL_REFAREA(1.2).065035">
          <Name xml:lang="it" xmlns="http://www.sdmx.org/resources/sdmxml/schemas/v2_1/common">Castel San Lorenzo</Name>
          <Name xml:lang="en" xmlns="http://www.sdmx.org/resources/sdmxml/schemas/v2_1/common">Castel San Lorenzo</Name>
          <Parent>
            <Ref id="ITF35" xmlns="" />
          </Parent>
        </Code>
        <Code id="065036" urn="urn:sdmx:org.sdmx.infomodel.codelist.Code=IT1:CL_REFAREA(1.2).065036">
          <Name xml:lang="it" xmlns="http://www.sdmx.org/resources/sdmxml/schemas/v2_1/common">Castiglione del Genovesi</Name>
          <Name xml:lang="en" xmlns="http://www.sdmx.org/resources/sdmxml/schemas/v2_1/common">Castiglione del Genovesi</Name>
          <Parent>
            <Ref id="ITF35" xmlns="" />
          </Parent>
        </Code>
        <Code id="065037" urn="urn:sdmx:org.sdmx.infomodel.codelist.Code=IT1:CL_REFAREA(1.2).065037">
          <Name xml:lang="it" xmlns="http://www.sdmx.org/resources/sdmxml/schemas/v2_1/common">Cava de' Tirreni</Name>
          <Name xml:lang="en" xmlns="http://www.sdmx.org/resources/sdmxml/schemas/v2_1/common">Cava de' Tirreni</Name>
          <Parent>
            <Ref id="ITF35" xmlns="" />
          </Parent>
        </Code>
        <Code id="065038" urn="urn:sdmx:org.sdmx.infomodel.codelist.Code=IT1:CL_REFAREA(1.2).065038">
          <Name xml:lang="it" xmlns="http://www.sdmx.org/resources/sdmxml/schemas/v2_1/common">Celle di Bulgheria</Name>
          <Name xml:lang="en" xmlns="http://www.sdmx.org/resources/sdmxml/schemas/v2_1/common">Celle di Bulgheria</Name>
          <Parent>
            <Ref id="ITF35" xmlns="" />
          </Parent>
        </Code>
        <Code id="065039" urn="urn:sdmx:org.sdmx.infomodel.codelist.Code=IT1:CL_REFAREA(1.2).065039">
          <Name xml:lang="it" xmlns="http://www.sdmx.org/resources/sdmxml/schemas/v2_1/common">Centola</Name>
          <Name xml:lang="en" xmlns="http://www.sdmx.org/resources/sdmxml/schemas/v2_1/common">Centola</Name>
          <Parent>
            <Ref id="ITF35" xmlns="" />
          </Parent>
        </Code>
        <Code id="065040" urn="urn:sdmx:org.sdmx.infomodel.codelist.Code=IT1:CL_REFAREA(1.2).065040">
          <Name xml:lang="it" xmlns="http://www.sdmx.org/resources/sdmxml/schemas/v2_1/common">Ceraso</Name>
          <Name xml:lang="en" xmlns="http://www.sdmx.org/resources/sdmxml/schemas/v2_1/common">Ceraso</Name>
          <Parent>
            <Ref id="ITF35" xmlns="" />
          </Parent>
        </Code>
        <Code id="065041" urn="urn:sdmx:org.sdmx.infomodel.codelist.Code=IT1:CL_REFAREA(1.2).065041">
          <Name xml:lang="it" xmlns="http://www.sdmx.org/resources/sdmxml/schemas/v2_1/common">Cetara</Name>
          <Name xml:lang="en" xmlns="http://www.sdmx.org/resources/sdmxml/schemas/v2_1/common">Cetara</Name>
          <Parent>
            <Ref id="ITF35" xmlns="" />
          </Parent>
        </Code>
        <Code id="065042" urn="urn:sdmx:org.sdmx.infomodel.codelist.Code=IT1:CL_REFAREA(1.2).065042">
          <Name xml:lang="it" xmlns="http://www.sdmx.org/resources/sdmxml/schemas/v2_1/common">Cicerale</Name>
          <Name xml:lang="en" xmlns="http://www.sdmx.org/resources/sdmxml/schemas/v2_1/common">Cicerale</Name>
          <Parent>
            <Ref id="ITF35" xmlns="" />
          </Parent>
        </Code>
        <Code id="065043" urn="urn:sdmx:org.sdmx.infomodel.codelist.Code=IT1:CL_REFAREA(1.2).065043">
          <Name xml:lang="it" xmlns="http://www.sdmx.org/resources/sdmxml/schemas/v2_1/common">Colliano</Name>
          <Name xml:lang="en" xmlns="http://www.sdmx.org/resources/sdmxml/schemas/v2_1/common">Colliano</Name>
          <Parent>
            <Ref id="ITF35" xmlns="" />
          </Parent>
        </Code>
        <Code id="065044" urn="urn:sdmx:org.sdmx.infomodel.codelist.Code=IT1:CL_REFAREA(1.2).065044">
          <Name xml:lang="it" xmlns="http://www.sdmx.org/resources/sdmxml/schemas/v2_1/common">Conca dei Marini</Name>
          <Name xml:lang="en" xmlns="http://www.sdmx.org/resources/sdmxml/schemas/v2_1/common">Conca dei Marini</Name>
          <Parent>
            <Ref id="ITF35" xmlns="" />
          </Parent>
        </Code>
        <Code id="065045" urn="urn:sdmx:org.sdmx.infomodel.codelist.Code=IT1:CL_REFAREA(1.2).065045">
          <Name xml:lang="it" xmlns="http://www.sdmx.org/resources/sdmxml/schemas/v2_1/common">Controne</Name>
          <Name xml:lang="en" xmlns="http://www.sdmx.org/resources/sdmxml/schemas/v2_1/common">Controne</Name>
          <Parent>
            <Ref id="ITF35" xmlns="" />
          </Parent>
        </Code>
        <Code id="065046" urn="urn:sdmx:org.sdmx.infomodel.codelist.Code=IT1:CL_REFAREA(1.2).065046">
          <Name xml:lang="it" xmlns="http://www.sdmx.org/resources/sdmxml/schemas/v2_1/common">Contursi Terme</Name>
          <Name xml:lang="en" xmlns="http://www.sdmx.org/resources/sdmxml/schemas/v2_1/common">Contursi Terme</Name>
          <Parent>
            <Ref id="ITF35" xmlns="" />
          </Parent>
        </Code>
        <Code id="065047" urn="urn:sdmx:org.sdmx.infomodel.codelist.Code=IT1:CL_REFAREA(1.2).065047">
          <Name xml:lang="it" xmlns="http://www.sdmx.org/resources/sdmxml/schemas/v2_1/common">Corbara</Name>
          <Name xml:lang="en" xmlns="http://www.sdmx.org/resources/sdmxml/schemas/v2_1/common">Corbara</Name>
          <Parent>
            <Ref id="ITF35" xmlns="" />
          </Parent>
        </Code>
        <Code id="065048" urn="urn:sdmx:org.sdmx.infomodel.codelist.Code=IT1:CL_REFAREA(1.2).065048">
          <Name xml:lang="it" xmlns="http://www.sdmx.org/resources/sdmxml/schemas/v2_1/common">Corleto Monforte</Name>
          <Name xml:lang="en" xmlns="http://www.sdmx.org/resources/sdmxml/schemas/v2_1/common">Corleto Monforte</Name>
          <Parent>
            <Ref id="ITF35" xmlns="" />
          </Parent>
        </Code>
        <Code id="065049" urn="urn:sdmx:org.sdmx.infomodel.codelist.Code=IT1:CL_REFAREA(1.2).065049">
          <Name xml:lang="it" xmlns="http://www.sdmx.org/resources/sdmxml/schemas/v2_1/common">Cuccaro Vetere</Name>
          <Name xml:lang="en" xmlns="http://www.sdmx.org/resources/sdmxml/schemas/v2_1/common">Cuccaro Vetere</Name>
          <Parent>
            <Ref id="ITF35" xmlns="" />
          </Parent>
        </Code>
        <Code id="065050" urn="urn:sdmx:org.sdmx.infomodel.codelist.Code=IT1:CL_REFAREA(1.2).065050">
          <Name xml:lang="it" xmlns="http://www.sdmx.org/resources/sdmxml/schemas/v2_1/common">Eboli</Name>
          <Name xml:lang="en" xmlns="http://www.sdmx.org/resources/sdmxml/schemas/v2_1/common">Eboli</Name>
          <Parent>
            <Ref id="ITF35" xmlns="" />
          </Parent>
        </Code>
        <Code id="065051" urn="urn:sdmx:org.sdmx.infomodel.codelist.Code=IT1:CL_REFAREA(1.2).065051">
          <Name xml:lang="it" xmlns="http://www.sdmx.org/resources/sdmxml/schemas/v2_1/common">Felitto</Name>
          <Name xml:lang="en" xmlns="http://www.sdmx.org/resources/sdmxml/schemas/v2_1/common">Felitto</Name>
          <Parent>
            <Ref id="ITF35" xmlns="" />
          </Parent>
        </Code>
        <Code id="065052" urn="urn:sdmx:org.sdmx.infomodel.codelist.Code=IT1:CL_REFAREA(1.2).065052">
          <Name xml:lang="it" xmlns="http://www.sdmx.org/resources/sdmxml/schemas/v2_1/common">Fisciano</Name>
          <Name xml:lang="en" xmlns="http://www.sdmx.org/resources/sdmxml/schemas/v2_1/common">Fisciano</Name>
          <Parent>
            <Ref id="ITF35" xmlns="" />
          </Parent>
        </Code>
        <Code id="065053" urn="urn:sdmx:org.sdmx.infomodel.codelist.Code=IT1:CL_REFAREA(1.2).065053">
          <Name xml:lang="it" xmlns="http://www.sdmx.org/resources/sdmxml/schemas/v2_1/common">Furore</Name>
          <Name xml:lang="en" xmlns="http://www.sdmx.org/resources/sdmxml/schemas/v2_1/common">Furore</Name>
          <Parent>
            <Ref id="ITF35" xmlns="" />
          </Parent>
        </Code>
        <Code id="065054" urn="urn:sdmx:org.sdmx.infomodel.codelist.Code=IT1:CL_REFAREA(1.2).065054">
          <Name xml:lang="it" xmlns="http://www.sdmx.org/resources/sdmxml/schemas/v2_1/common">Futani</Name>
          <Name xml:lang="en" xmlns="http://www.sdmx.org/resources/sdmxml/schemas/v2_1/common">Futani</Name>
          <Parent>
            <Ref id="ITF35" xmlns="" />
          </Parent>
        </Code>
        <Code id="065055" urn="urn:sdmx:org.sdmx.infomodel.codelist.Code=IT1:CL_REFAREA(1.2).065055">
          <Name xml:lang="it" xmlns="http://www.sdmx.org/resources/sdmxml/schemas/v2_1/common">Giffoni Sei Casali</Name>
          <Name xml:lang="en" xmlns="http://www.sdmx.org/resources/sdmxml/schemas/v2_1/common">Giffoni Sei Casali</Name>
          <Parent>
            <Ref id="ITF35" xmlns="" />
          </Parent>
        </Code>
        <Code id="065056" urn="urn:sdmx:org.sdmx.infomodel.codelist.Code=IT1:CL_REFAREA(1.2).065056">
          <Name xml:lang="it" xmlns="http://www.sdmx.org/resources/sdmxml/schemas/v2_1/common">Giffoni Valle Piana</Name>
          <Name xml:lang="en" xmlns="http://www.sdmx.org/resources/sdmxml/schemas/v2_1/common">Giffoni Valle Piana</Name>
          <Parent>
            <Ref id="ITF35" xmlns="" />
          </Parent>
        </Code>
        <Code id="065057" urn="urn:sdmx:org.sdmx.infomodel.codelist.Code=IT1:CL_REFAREA(1.2).065057">
          <Name xml:lang="it" xmlns="http://www.sdmx.org/resources/sdmxml/schemas/v2_1/common">Gioi</Name>
          <Name xml:lang="en" xmlns="http://www.sdmx.org/resources/sdmxml/schemas/v2_1/common">Gioi</Name>
          <Parent>
            <Ref id="ITF35" xmlns="" />
          </Parent>
        </Code>
        <Code id="065058" urn="urn:sdmx:org.sdmx.infomodel.codelist.Code=IT1:CL_REFAREA(1.2).065058">
          <Name xml:lang="it" xmlns="http://www.sdmx.org/resources/sdmxml/schemas/v2_1/common">Giungano</Name>
          <Name xml:lang="en" xmlns="http://www.sdmx.org/resources/sdmxml/schemas/v2_1/common">Giungano</Name>
          <Parent>
            <Ref id="ITF35" xmlns="" />
          </Parent>
        </Code>
        <Code id="065059" urn="urn:sdmx:org.sdmx.infomodel.codelist.Code=IT1:CL_REFAREA(1.2).065059">
          <Name xml:lang="it" xmlns="http://www.sdmx.org/resources/sdmxml/schemas/v2_1/common">Ispani</Name>
          <Name xml:lang="en" xmlns="http://www.sdmx.org/resources/sdmxml/schemas/v2_1/common">Ispani</Name>
          <Parent>
            <Ref id="ITF35" xmlns="" />
          </Parent>
        </Code>
        <Code id="065060" urn="urn:sdmx:org.sdmx.infomodel.codelist.Code=IT1:CL_REFAREA(1.2).065060">
          <Name xml:lang="it" xmlns="http://www.sdmx.org/resources/sdmxml/schemas/v2_1/common">Laureana Cilento</Name>
          <Name xml:lang="en" xmlns="http://www.sdmx.org/resources/sdmxml/schemas/v2_1/common">Laureana Cilento</Name>
          <Parent>
            <Ref id="ITF35" xmlns="" />
          </Parent>
        </Code>
        <Code id="065061" urn="urn:sdmx:org.sdmx.infomodel.codelist.Code=IT1:CL_REFAREA(1.2).065061">
          <Name xml:lang="it" xmlns="http://www.sdmx.org/resources/sdmxml/schemas/v2_1/common">Laurino</Name>
          <Name xml:lang="en" xmlns="http://www.sdmx.org/resources/sdmxml/schemas/v2_1/common">Laurino</Name>
          <Parent>
            <Ref id="ITF35" xmlns="" />
          </Parent>
        </Code>
        <Code id="065062" urn="urn:sdmx:org.sdmx.infomodel.codelist.Code=IT1:CL_REFAREA(1.2).065062">
          <Name xml:lang="it" xmlns="http://www.sdmx.org/resources/sdmxml/schemas/v2_1/common">Laurito</Name>
          <Name xml:lang="en" xmlns="http://www.sdmx.org/resources/sdmxml/schemas/v2_1/common">Laurito</Name>
          <Parent>
            <Ref id="ITF35" xmlns="" />
          </Parent>
        </Code>
        <Code id="065063" urn="urn:sdmx:org.sdmx.infomodel.codelist.Code=IT1:CL_REFAREA(1.2).065063">
          <Name xml:lang="it" xmlns="http://www.sdmx.org/resources/sdmxml/schemas/v2_1/common">Laviano</Name>
          <Name xml:lang="en" xmlns="http://www.sdmx.org/resources/sdmxml/schemas/v2_1/common">Laviano</Name>
          <Parent>
            <Ref id="ITF35" xmlns="" />
          </Parent>
        </Code>
        <Code id="065064" urn="urn:sdmx:org.sdmx.infomodel.codelist.Code=IT1:CL_REFAREA(1.2).065064">
          <Name xml:lang="it" xmlns="http://www.sdmx.org/resources/sdmxml/schemas/v2_1/common">Lustra</Name>
          <Name xml:lang="en" xmlns="http://www.sdmx.org/resources/sdmxml/schemas/v2_1/common">Lustra</Name>
          <Parent>
            <Ref id="ITF35" xmlns="" />
          </Parent>
        </Code>
        <Code id="065065" urn="urn:sdmx:org.sdmx.infomodel.codelist.Code=IT1:CL_REFAREA(1.2).065065">
          <Name xml:lang="it" xmlns="http://www.sdmx.org/resources/sdmxml/schemas/v2_1/common">Magliano Vetere</Name>
          <Name xml:lang="en" xmlns="http://www.sdmx.org/resources/sdmxml/schemas/v2_1/common">Magliano Vetere</Name>
          <Parent>
            <Ref id="ITF35" xmlns="" />
          </Parent>
        </Code>
        <Code id="065066" urn="urn:sdmx:org.sdmx.infomodel.codelist.Code=IT1:CL_REFAREA(1.2).065066">
          <Name xml:lang="it" xmlns="http://www.sdmx.org/resources/sdmxml/schemas/v2_1/common">Maiori</Name>
          <Name xml:lang="en" xmlns="http://www.sdmx.org/resources/sdmxml/schemas/v2_1/common">Maiori</Name>
          <Parent>
            <Ref id="ITF35" xmlns="" />
          </Parent>
        </Code>
        <Code id="065067" urn="urn:sdmx:org.sdmx.infomodel.codelist.Code=IT1:CL_REFAREA(1.2).065067">
          <Name xml:lang="it" xmlns="http://www.sdmx.org/resources/sdmxml/schemas/v2_1/common">Mercato San Severino</Name>
          <Name xml:lang="en" xmlns="http://www.sdmx.org/resources/sdmxml/schemas/v2_1/common">Mercato San Severino</Name>
          <Parent>
            <Ref id="ITF35" xmlns="" />
          </Parent>
        </Code>
        <Code id="065068" urn="urn:sdmx:org.sdmx.infomodel.codelist.Code=IT1:CL_REFAREA(1.2).065068">
          <Name xml:lang="it" xmlns="http://www.sdmx.org/resources/sdmxml/schemas/v2_1/common">Minori</Name>
          <Name xml:lang="en" xmlns="http://www.sdmx.org/resources/sdmxml/schemas/v2_1/common">Minori</Name>
          <Parent>
            <Ref id="ITF35" xmlns="" />
          </Parent>
        </Code>
        <Code id="065069" urn="urn:sdmx:org.sdmx.infomodel.codelist.Code=IT1:CL_REFAREA(1.2).065069">
          <Name xml:lang="it" xmlns="http://www.sdmx.org/resources/sdmxml/schemas/v2_1/common">Moio della Civitella</Name>
          <Name xml:lang="en" xmlns="http://www.sdmx.org/resources/sdmxml/schemas/v2_1/common">Moio della Civitella</Name>
          <Parent>
            <Ref id="ITF35" xmlns="" />
          </Parent>
        </Code>
        <Code id="065070" urn="urn:sdmx:org.sdmx.infomodel.codelist.Code=IT1:CL_REFAREA(1.2).065070">
          <Name xml:lang="it" xmlns="http://www.sdmx.org/resources/sdmxml/schemas/v2_1/common">Montano Antilia</Name>
          <Name xml:lang="en" xmlns="http://www.sdmx.org/resources/sdmxml/schemas/v2_1/common">Montano Antilia</Name>
          <Parent>
            <Ref id="ITF35" xmlns="" />
          </Parent>
        </Code>
        <Code id="065071" urn="urn:sdmx:org.sdmx.infomodel.codelist.Code=IT1:CL_REFAREA(1.2).065071">
          <Name xml:lang="it" xmlns="http://www.sdmx.org/resources/sdmxml/schemas/v2_1/common">Montecorice</Name>
          <Name xml:lang="en" xmlns="http://www.sdmx.org/resources/sdmxml/schemas/v2_1/common">Montecorice</Name>
          <Parent>
            <Ref id="ITF35" xmlns="" />
          </Parent>
        </Code>
        <Code id="065072" urn="urn:sdmx:org.sdmx.infomodel.codelist.Code=IT1:CL_REFAREA(1.2).065072">
          <Name xml:lang="it" xmlns="http://www.sdmx.org/resources/sdmxml/schemas/v2_1/common">Montecorvino Pugliano</Name>
          <Name xml:lang="en" xmlns="http://www.sdmx.org/resources/sdmxml/schemas/v2_1/common">Montecorvino Pugliano</Name>
          <Parent>
            <Ref id="ITF35" xmlns="" />
          </Parent>
        </Code>
        <Code id="065073" urn="urn:sdmx:org.sdmx.infomodel.codelist.Code=IT1:CL_REFAREA(1.2).065073">
          <Name xml:lang="it" xmlns="http://www.sdmx.org/resources/sdmxml/schemas/v2_1/common">Montecorvino Rovella</Name>
          <Name xml:lang="en" xmlns="http://www.sdmx.org/resources/sdmxml/schemas/v2_1/common">Montecorvino Rovella</Name>
          <Parent>
            <Ref id="ITF35" xmlns="" />
          </Parent>
        </Code>
        <Code id="065074" urn="urn:sdmx:org.sdmx.infomodel.codelist.Code=IT1:CL_REFAREA(1.2).065074">
          <Name xml:lang="it" xmlns="http://www.sdmx.org/resources/sdmxml/schemas/v2_1/common">Monteforte Cilento</Name>
          <Name xml:lang="en" xmlns="http://www.sdmx.org/resources/sdmxml/schemas/v2_1/common">Monteforte Cilento</Name>
          <Parent>
            <Ref id="ITF35" xmlns="" />
          </Parent>
        </Code>
        <Code id="065075" urn="urn:sdmx:org.sdmx.infomodel.codelist.Code=IT1:CL_REFAREA(1.2).065075">
          <Name xml:lang="it" xmlns="http://www.sdmx.org/resources/sdmxml/schemas/v2_1/common">Monte San Giacomo</Name>
          <Name xml:lang="en" xmlns="http://www.sdmx.org/resources/sdmxml/schemas/v2_1/common">Monte San Giacomo</Name>
          <Parent>
            <Ref id="ITF35" xmlns="" />
          </Parent>
        </Code>
        <Code id="065076" urn="urn:sdmx:org.sdmx.infomodel.codelist.Code=IT1:CL_REFAREA(1.2).065076">
          <Name xml:lang="it" xmlns="http://www.sdmx.org/resources/sdmxml/schemas/v2_1/common">Montesano sulla Marcellana</Name>
          <Name xml:lang="en" xmlns="http://www.sdmx.org/resources/sdmxml/schemas/v2_1/common">Montesano sulla Marcellana</Name>
          <Parent>
            <Ref id="ITF35" xmlns="" />
          </Parent>
        </Code>
        <Code id="065077" urn="urn:sdmx:org.sdmx.infomodel.codelist.Code=IT1:CL_REFAREA(1.2).065077">
          <Name xml:lang="it" xmlns="http://www.sdmx.org/resources/sdmxml/schemas/v2_1/common">Morigerati</Name>
          <Name xml:lang="en" xmlns="http://www.sdmx.org/resources/sdmxml/schemas/v2_1/common">Morigerati</Name>
          <Parent>
            <Ref id="ITF35" xmlns="" />
          </Parent>
        </Code>
        <Code id="065078" urn="urn:sdmx:org.sdmx.infomodel.codelist.Code=IT1:CL_REFAREA(1.2).065078">
          <Name xml:lang="it" xmlns="http://www.sdmx.org/resources/sdmxml/schemas/v2_1/common">Nocera Inferiore</Name>
          <Name xml:lang="en" xmlns="http://www.sdmx.org/resources/sdmxml/schemas/v2_1/common">Nocera Inferiore</Name>
          <Parent>
            <Ref id="ITF35" xmlns="" />
          </Parent>
        </Code>
        <Code id="065079" urn="urn:sdmx:org.sdmx.infomodel.codelist.Code=IT1:CL_REFAREA(1.2).065079">
          <Name xml:lang="it" xmlns="http://www.sdmx.org/resources/sdmxml/schemas/v2_1/common">Nocera Superiore</Name>
          <Name xml:lang="en" xmlns="http://www.sdmx.org/resources/sdmxml/schemas/v2_1/common">Nocera Superiore</Name>
          <Parent>
            <Ref id="ITF35" xmlns="" />
          </Parent>
        </Code>
        <Code id="065080" urn="urn:sdmx:org.sdmx.infomodel.codelist.Code=IT1:CL_REFAREA(1.2).065080">
          <Name xml:lang="it" xmlns="http://www.sdmx.org/resources/sdmxml/schemas/v2_1/common">Novi Velia</Name>
          <Name xml:lang="en" xmlns="http://www.sdmx.org/resources/sdmxml/schemas/v2_1/common">Novi Velia</Name>
          <Parent>
            <Ref id="ITF35" xmlns="" />
          </Parent>
        </Code>
        <Code id="065081" urn="urn:sdmx:org.sdmx.infomodel.codelist.Code=IT1:CL_REFAREA(1.2).065081">
          <Name xml:lang="it" xmlns="http://www.sdmx.org/resources/sdmxml/schemas/v2_1/common">Ogliastro Cilento</Name>
          <Name xml:lang="en" xmlns="http://www.sdmx.org/resources/sdmxml/schemas/v2_1/common">Ogliastro Cilento</Name>
          <Parent>
            <Ref id="ITF35" xmlns="" />
          </Parent>
        </Code>
        <Code id="065082" urn="urn:sdmx:org.sdmx.infomodel.codelist.Code=IT1:CL_REFAREA(1.2).065082">
          <Name xml:lang="it" xmlns="http://www.sdmx.org/resources/sdmxml/schemas/v2_1/common">Olevano sul Tusciano</Name>
          <Name xml:lang="en" xmlns="http://www.sdmx.org/resources/sdmxml/schemas/v2_1/common">Olevano sul Tusciano</Name>
          <Parent>
            <Ref id="ITF35" xmlns="" />
          </Parent>
        </Code>
        <Code id="065083" urn="urn:sdmx:org.sdmx.infomodel.codelist.Code=IT1:CL_REFAREA(1.2).065083">
          <Name xml:lang="it" xmlns="http://www.sdmx.org/resources/sdmxml/schemas/v2_1/common">Oliveto Citra</Name>
          <Name xml:lang="en" xmlns="http://www.sdmx.org/resources/sdmxml/schemas/v2_1/common">Oliveto Citra</Name>
          <Parent>
            <Ref id="ITF35" xmlns="" />
          </Parent>
        </Code>
        <Code id="065084" urn="urn:sdmx:org.sdmx.infomodel.codelist.Code=IT1:CL_REFAREA(1.2).065084">
          <Name xml:lang="it" xmlns="http://www.sdmx.org/resources/sdmxml/schemas/v2_1/common">Omignano</Name>
          <Name xml:lang="en" xmlns="http://www.sdmx.org/resources/sdmxml/schemas/v2_1/common">Omignano</Name>
          <Parent>
            <Ref id="ITF35" xmlns="" />
          </Parent>
        </Code>
        <Code id="065085" urn="urn:sdmx:org.sdmx.infomodel.codelist.Code=IT1:CL_REFAREA(1.2).065085">
          <Name xml:lang="it" xmlns="http://www.sdmx.org/resources/sdmxml/schemas/v2_1/common">Orria</Name>
          <Name xml:lang="en" xmlns="http://www.sdmx.org/resources/sdmxml/schemas/v2_1/common">Orria</Name>
          <Parent>
            <Ref id="ITF35" xmlns="" />
          </Parent>
        </Code>
        <Code id="065086" urn="urn:sdmx:org.sdmx.infomodel.codelist.Code=IT1:CL_REFAREA(1.2).065086">
          <Name xml:lang="it" xmlns="http://www.sdmx.org/resources/sdmxml/schemas/v2_1/common">Ottati</Name>
          <Name xml:lang="en" xmlns="http://www.sdmx.org/resources/sdmxml/schemas/v2_1/common">Ottati</Name>
          <Parent>
            <Ref id="ITF35" xmlns="" />
          </Parent>
        </Code>
        <Code id="065087" urn="urn:sdmx:org.sdmx.infomodel.codelist.Code=IT1:CL_REFAREA(1.2).065087">
          <Name xml:lang="it" xmlns="http://www.sdmx.org/resources/sdmxml/schemas/v2_1/common">Padula</Name>
          <Name xml:lang="en" xmlns="http://www.sdmx.org/resources/sdmxml/schemas/v2_1/common">Padula</Name>
          <Parent>
            <Ref id="ITF35" xmlns="" />
          </Parent>
        </Code>
        <Code id="065088" urn="urn:sdmx:org.sdmx.infomodel.codelist.Code=IT1:CL_REFAREA(1.2).065088">
          <Name xml:lang="it" xmlns="http://www.sdmx.org/resources/sdmxml/schemas/v2_1/common">Pagani</Name>
          <Name xml:lang="en" xmlns="http://www.sdmx.org/resources/sdmxml/schemas/v2_1/common">Pagani</Name>
          <Parent>
            <Ref id="ITF35" xmlns="" />
          </Parent>
        </Code>
        <Code id="065089" urn="urn:sdmx:org.sdmx.infomodel.codelist.Code=IT1:CL_REFAREA(1.2).065089">
          <Name xml:lang="it" xmlns="http://www.sdmx.org/resources/sdmxml/schemas/v2_1/common">Palomonte</Name>
          <Name xml:lang="en" xmlns="http://www.sdmx.org/resources/sdmxml/schemas/v2_1/common">Palomonte</Name>
          <Parent>
            <Ref id="ITF35" xmlns="" />
          </Parent>
        </Code>
        <Code id="065090" urn="urn:sdmx:org.sdmx.infomodel.codelist.Code=IT1:CL_REFAREA(1.2).065090">
          <Name xml:lang="it" xmlns="http://www.sdmx.org/resources/sdmxml/schemas/v2_1/common">Pellezzano</Name>
          <Name xml:lang="en" xmlns="http://www.sdmx.org/resources/sdmxml/schemas/v2_1/common">Pellezzano</Name>
          <Parent>
            <Ref id="ITF35" xmlns="" />
          </Parent>
        </Code>
        <Code id="065091" urn="urn:sdmx:org.sdmx.infomodel.codelist.Code=IT1:CL_REFAREA(1.2).065091">
          <Name xml:lang="it" xmlns="http://www.sdmx.org/resources/sdmxml/schemas/v2_1/common">Perdifumo</Name>
          <Name xml:lang="en" xmlns="http://www.sdmx.org/resources/sdmxml/schemas/v2_1/common">Perdifumo</Name>
          <Parent>
            <Ref id="ITF35" xmlns="" />
          </Parent>
        </Code>
        <Code id="065092" urn="urn:sdmx:org.sdmx.infomodel.codelist.Code=IT1:CL_REFAREA(1.2).065092">
          <Name xml:lang="it" xmlns="http://www.sdmx.org/resources/sdmxml/schemas/v2_1/common">Perito</Name>
          <Name xml:lang="en" xmlns="http://www.sdmx.org/resources/sdmxml/schemas/v2_1/common">Perito</Name>
          <Parent>
            <Ref id="ITF35" xmlns="" />
          </Parent>
        </Code>
        <Code id="065093" urn="urn:sdmx:org.sdmx.infomodel.codelist.Code=IT1:CL_REFAREA(1.2).065093">
          <Name xml:lang="it" xmlns="http://www.sdmx.org/resources/sdmxml/schemas/v2_1/common">Pertosa</Name>
          <Name xml:lang="en" xmlns="http://www.sdmx.org/resources/sdmxml/schemas/v2_1/common">Pertosa</Name>
          <Parent>
            <Ref id="ITF35" xmlns="" />
          </Parent>
        </Code>
        <Code id="065094" urn="urn:sdmx:org.sdmx.infomodel.codelist.Code=IT1:CL_REFAREA(1.2).065094">
          <Name xml:lang="it" xmlns="http://www.sdmx.org/resources/sdmxml/schemas/v2_1/common">Petina</Name>
          <Name xml:lang="en" xmlns="http://www.sdmx.org/resources/sdmxml/schemas/v2_1/common">Petina</Name>
          <Parent>
            <Ref id="ITF35" xmlns="" />
          </Parent>
        </Code>
        <Code id="065095" urn="urn:sdmx:org.sdmx.infomodel.codelist.Code=IT1:CL_REFAREA(1.2).065095">
          <Name xml:lang="it" xmlns="http://www.sdmx.org/resources/sdmxml/schemas/v2_1/common">Piaggine</Name>
          <Name xml:lang="en" xmlns="http://www.sdmx.org/resources/sdmxml/schemas/v2_1/common">Piaggine</Name>
          <Parent>
            <Ref id="ITF35" xmlns="" />
          </Parent>
        </Code>
        <Code id="065096" urn="urn:sdmx:org.sdmx.infomodel.codelist.Code=IT1:CL_REFAREA(1.2).065096">
          <Name xml:lang="it" xmlns="http://www.sdmx.org/resources/sdmxml/schemas/v2_1/common">Pisciotta</Name>
          <Name xml:lang="en" xmlns="http://www.sdmx.org/resources/sdmxml/schemas/v2_1/common">Pisciotta</Name>
          <Parent>
            <Ref id="ITF35" xmlns="" />
          </Parent>
        </Code>
        <Code id="065097" urn="urn:sdmx:org.sdmx.infomodel.codelist.Code=IT1:CL_REFAREA(1.2).065097">
          <Name xml:lang="it" xmlns="http://www.sdmx.org/resources/sdmxml/schemas/v2_1/common">Polla</Name>
          <Name xml:lang="en" xmlns="http://www.sdmx.org/resources/sdmxml/schemas/v2_1/common">Polla</Name>
          <Parent>
            <Ref id="ITF35" xmlns="" />
          </Parent>
        </Code>
        <Code id="065098" urn="urn:sdmx:org.sdmx.infomodel.codelist.Code=IT1:CL_REFAREA(1.2).065098">
          <Name xml:lang="it" xmlns="http://www.sdmx.org/resources/sdmxml/schemas/v2_1/common">Pollica</Name>
          <Name xml:lang="en" xmlns="http://www.sdmx.org/resources/sdmxml/schemas/v2_1/common">Pollica</Name>
          <Parent>
            <Ref id="ITF35" xmlns="" />
          </Parent>
        </Code>
        <Code id="065099" urn="urn:sdmx:org.sdmx.infomodel.codelist.Code=IT1:CL_REFAREA(1.2).065099">
          <Name xml:lang="it" xmlns="http://www.sdmx.org/resources/sdmxml/schemas/v2_1/common">Pontecagnano Faiano</Name>
          <Name xml:lang="en" xmlns="http://www.sdmx.org/resources/sdmxml/schemas/v2_1/common">Pontecagnano Faiano</Name>
          <Parent>
            <Ref id="ITF35" xmlns="" />
          </Parent>
        </Code>
        <Code id="065100" urn="urn:sdmx:org.sdmx.infomodel.codelist.Code=IT1:CL_REFAREA(1.2).065100">
          <Name xml:lang="it" xmlns="http://www.sdmx.org/resources/sdmxml/schemas/v2_1/common">Positano</Name>
          <Name xml:lang="en" xmlns="http://www.sdmx.org/resources/sdmxml/schemas/v2_1/common">Positano</Name>
          <Parent>
            <Ref id="ITF35" xmlns="" />
          </Parent>
        </Code>
        <Code id="065101" urn="urn:sdmx:org.sdmx.infomodel.codelist.Code=IT1:CL_REFAREA(1.2).065101">
          <Name xml:lang="it" xmlns="http://www.sdmx.org/resources/sdmxml/schemas/v2_1/common">Postiglione</Name>
          <Name xml:lang="en" xmlns="http://www.sdmx.org/resources/sdmxml/schemas/v2_1/common">Postiglione</Name>
          <Parent>
            <Ref id="ITF35" xmlns="" />
          </Parent>
        </Code>
        <Code id="065102" urn="urn:sdmx:org.sdmx.infomodel.codelist.Code=IT1:CL_REFAREA(1.2).065102">
          <Name xml:lang="it" xmlns="http://www.sdmx.org/resources/sdmxml/schemas/v2_1/common">Praiano</Name>
          <Name xml:lang="en" xmlns="http://www.sdmx.org/resources/sdmxml/schemas/v2_1/common">Praiano</Name>
          <Parent>
            <Ref id="ITF35" xmlns="" />
          </Parent>
        </Code>
        <Code id="065103" urn="urn:sdmx:org.sdmx.infomodel.codelist.Code=IT1:CL_REFAREA(1.2).065103">
          <Name xml:lang="it" xmlns="http://www.sdmx.org/resources/sdmxml/schemas/v2_1/common">Prignano Cilento</Name>
          <Name xml:lang="en" xmlns="http://www.sdmx.org/resources/sdmxml/schemas/v2_1/common">Prignano Cilento</Name>
          <Parent>
            <Ref id="ITF35" xmlns="" />
          </Parent>
        </Code>
        <Code id="065104" urn="urn:sdmx:org.sdmx.infomodel.codelist.Code=IT1:CL_REFAREA(1.2).065104">
          <Name xml:lang="it" xmlns="http://www.sdmx.org/resources/sdmxml/schemas/v2_1/common">Ravello</Name>
          <Name xml:lang="en" xmlns="http://www.sdmx.org/resources/sdmxml/schemas/v2_1/common">Ravello</Name>
          <Parent>
            <Ref id="ITF35" xmlns="" />
          </Parent>
        </Code>
        <Code id="065105" urn="urn:sdmx:org.sdmx.infomodel.codelist.Code=IT1:CL_REFAREA(1.2).065105">
          <Name xml:lang="it" xmlns="http://www.sdmx.org/resources/sdmxml/schemas/v2_1/common">Ricigliano</Name>
          <Name xml:lang="en" xmlns="http://www.sdmx.org/resources/sdmxml/schemas/v2_1/common">Ricigliano</Name>
          <Parent>
            <Ref id="ITF35" xmlns="" />
          </Parent>
        </Code>
        <Code id="065106" urn="urn:sdmx:org.sdmx.infomodel.codelist.Code=IT1:CL_REFAREA(1.2).065106">
          <Name xml:lang="it" xmlns="http://www.sdmx.org/resources/sdmxml/schemas/v2_1/common">Roccadaspide</Name>
          <Name xml:lang="en" xmlns="http://www.sdmx.org/resources/sdmxml/schemas/v2_1/common">Roccadaspide</Name>
          <Parent>
            <Ref id="ITF35" xmlns="" />
          </Parent>
        </Code>
        <Code id="065107" urn="urn:sdmx:org.sdmx.infomodel.codelist.Code=IT1:CL_REFAREA(1.2).065107">
          <Name xml:lang="it" xmlns="http://www.sdmx.org/resources/sdmxml/schemas/v2_1/common">Roccagloriosa</Name>
          <Name xml:lang="en" xmlns="http://www.sdmx.org/resources/sdmxml/schemas/v2_1/common">Roccagloriosa</Name>
          <Parent>
            <Ref id="ITF35" xmlns="" />
          </Parent>
        </Code>
        <Code id="065108" urn="urn:sdmx:org.sdmx.infomodel.codelist.Code=IT1:CL_REFAREA(1.2).065108">
          <Name xml:lang="it" xmlns="http://www.sdmx.org/resources/sdmxml/schemas/v2_1/common">Roccapiemonte</Name>
          <Name xml:lang="en" xmlns="http://www.sdmx.org/resources/sdmxml/schemas/v2_1/common">Roccapiemonte</Name>
          <Parent>
            <Ref id="ITF35" xmlns="" />
          </Parent>
        </Code>
        <Code id="065109" urn="urn:sdmx:org.sdmx.infomodel.codelist.Code=IT1:CL_REFAREA(1.2).065109">
          <Name xml:lang="it" xmlns="http://www.sdmx.org/resources/sdmxml/schemas/v2_1/common">Rofrano</Name>
          <Name xml:lang="en" xmlns="http://www.sdmx.org/resources/sdmxml/schemas/v2_1/common">Rofrano</Name>
          <Parent>
            <Ref id="ITF35" xmlns="" />
          </Parent>
        </Code>
        <Code id="065110" urn="urn:sdmx:org.sdmx.infomodel.codelist.Code=IT1:CL_REFAREA(1.2).065110">
          <Name xml:lang="it" xmlns="http://www.sdmx.org/resources/sdmxml/schemas/v2_1/common">Romagnano al Monte</Name>
          <Name xml:lang="en" xmlns="http://www.sdmx.org/resources/sdmxml/schemas/v2_1/common">Romagnano al Monte</Name>
          <Parent>
            <Ref id="ITF35" xmlns="" />
          </Parent>
        </Code>
        <Code id="065111" urn="urn:sdmx:org.sdmx.infomodel.codelist.Code=IT1:CL_REFAREA(1.2).065111">
          <Name xml:lang="it" xmlns="http://www.sdmx.org/resources/sdmxml/schemas/v2_1/common">Roscigno</Name>
          <Name xml:lang="en" xmlns="http://www.sdmx.org/resources/sdmxml/schemas/v2_1/common">Roscigno</Name>
          <Parent>
            <Ref id="ITF35" xmlns="" />
          </Parent>
        </Code>
        <Code id="065112" urn="urn:sdmx:org.sdmx.infomodel.codelist.Code=IT1:CL_REFAREA(1.2).065112">
          <Name xml:lang="it" xmlns="http://www.sdmx.org/resources/sdmxml/schemas/v2_1/common">Rutino</Name>
          <Name xml:lang="en" xmlns="http://www.sdmx.org/resources/sdmxml/schemas/v2_1/common">Rutino</Name>
          <Parent>
            <Ref id="ITF35" xmlns="" />
          </Parent>
        </Code>
        <Code id="065113" urn="urn:sdmx:org.sdmx.infomodel.codelist.Code=IT1:CL_REFAREA(1.2).065113">
          <Name xml:lang="it" xmlns="http://www.sdmx.org/resources/sdmxml/schemas/v2_1/common">Sacco</Name>
          <Name xml:lang="en" xmlns="http://www.sdmx.org/resources/sdmxml/schemas/v2_1/common">Sacco</Name>
          <Parent>
            <Ref id="ITF35" xmlns="" />
          </Parent>
        </Code>
        <Code id="065114" urn="urn:sdmx:org.sdmx.infomodel.codelist.Code=IT1:CL_REFAREA(1.2).065114">
          <Name xml:lang="it" xmlns="http://www.sdmx.org/resources/sdmxml/schemas/v2_1/common">Sala Consilina</Name>
          <Name xml:lang="en" xmlns="http://www.sdmx.org/resources/sdmxml/schemas/v2_1/common">Sala Consilina</Name>
          <Parent>
            <Ref id="ITF35" xmlns="" />
          </Parent>
        </Code>
        <Code id="065115" urn="urn:sdmx:org.sdmx.infomodel.codelist.Code=IT1:CL_REFAREA(1.2).065115">
          <Name xml:lang="it" xmlns="http://www.sdmx.org/resources/sdmxml/schemas/v2_1/common">Salento</Name>
          <Name xml:lang="en" xmlns="http://www.sdmx.org/resources/sdmxml/schemas/v2_1/common">Salento</Name>
          <Parent>
            <Ref id="ITF35" xmlns="" />
          </Parent>
        </Code>
        <Code id="065116" urn="urn:sdmx:org.sdmx.infomodel.codelist.Code=IT1:CL_REFAREA(1.2).065116">
          <Name xml:lang="it" xmlns="http://www.sdmx.org/resources/sdmxml/schemas/v2_1/common">Salerno</Name>
          <Name xml:lang="en" xmlns="http://www.sdmx.org/resources/sdmxml/schemas/v2_1/common">Salerno</Name>
          <Parent>
            <Ref id="ITF35" xmlns="" />
          </Parent>
        </Code>
        <Code id="065117" urn="urn:sdmx:org.sdmx.infomodel.codelist.Code=IT1:CL_REFAREA(1.2).065117">
          <Name xml:lang="it" xmlns="http://www.sdmx.org/resources/sdmxml/schemas/v2_1/common">Salvitelle</Name>
          <Name xml:lang="en" xmlns="http://www.sdmx.org/resources/sdmxml/schemas/v2_1/common">Salvitelle</Name>
          <Parent>
            <Ref id="ITF35" xmlns="" />
          </Parent>
        </Code>
        <Code id="065118" urn="urn:sdmx:org.sdmx.infomodel.codelist.Code=IT1:CL_REFAREA(1.2).065118">
          <Name xml:lang="it" xmlns="http://www.sdmx.org/resources/sdmxml/schemas/v2_1/common">San Cipriano Picentino</Name>
          <Name xml:lang="en" xmlns="http://www.sdmx.org/resources/sdmxml/schemas/v2_1/common">San Cipriano Picentino</Name>
          <Parent>
            <Ref id="ITF35" xmlns="" />
          </Parent>
        </Code>
        <Code id="065119" urn="urn:sdmx:org.sdmx.infomodel.codelist.Code=IT1:CL_REFAREA(1.2).065119">
          <Name xml:lang="it" xmlns="http://www.sdmx.org/resources/sdmxml/schemas/v2_1/common">San Giovanni a Piro</Name>
          <Name xml:lang="en" xmlns="http://www.sdmx.org/resources/sdmxml/schemas/v2_1/common">San Giovanni a Piro</Name>
          <Parent>
            <Ref id="ITF35" xmlns="" />
          </Parent>
        </Code>
        <Code id="065120" urn="urn:sdmx:org.sdmx.infomodel.codelist.Code=IT1:CL_REFAREA(1.2).065120">
          <Name xml:lang="it" xmlns="http://www.sdmx.org/resources/sdmxml/schemas/v2_1/common">San Gregorio Magno</Name>
          <Name xml:lang="en" xmlns="http://www.sdmx.org/resources/sdmxml/schemas/v2_1/common">San Gregorio Magno</Name>
          <Parent>
            <Ref id="ITF35" xmlns="" />
          </Parent>
        </Code>
        <Code id="065121" urn="urn:sdmx:org.sdmx.infomodel.codelist.Code=IT1:CL_REFAREA(1.2).065121">
          <Name xml:lang="it" xmlns="http://www.sdmx.org/resources/sdmxml/schemas/v2_1/common">San Mango Piemonte</Name>
          <Name xml:lang="en" xmlns="http://www.sdmx.org/resources/sdmxml/schemas/v2_1/common">San Mango Piemonte</Name>
          <Parent>
            <Ref id="ITF35" xmlns="" />
          </Parent>
        </Code>
        <Code id="065122" urn="urn:sdmx:org.sdmx.infomodel.codelist.Code=IT1:CL_REFAREA(1.2).065122">
          <Name xml:lang="it" xmlns="http://www.sdmx.org/resources/sdmxml/schemas/v2_1/common">San Marzano sul Sarno</Name>
          <Name xml:lang="en" xmlns="http://www.sdmx.org/resources/sdmxml/schemas/v2_1/common">San Marzano sul Sarno</Name>
          <Parent>
            <Ref id="ITF35" xmlns="" />
          </Parent>
        </Code>
        <Code id="065123" urn="urn:sdmx:org.sdmx.infomodel.codelist.Code=IT1:CL_REFAREA(1.2).065123">
          <Name xml:lang="it" xmlns="http://www.sdmx.org/resources/sdmxml/schemas/v2_1/common">San Mauro Cilento</Name>
          <Name xml:lang="en" xmlns="http://www.sdmx.org/resources/sdmxml/schemas/v2_1/common">San Mauro Cilento</Name>
          <Parent>
            <Ref id="ITF35" xmlns="" />
          </Parent>
        </Code>
        <Code id="065124" urn="urn:sdmx:org.sdmx.infomodel.codelist.Code=IT1:CL_REFAREA(1.2).065124">
          <Name xml:lang="it" xmlns="http://www.sdmx.org/resources/sdmxml/schemas/v2_1/common">San Mauro la Bruca</Name>
          <Name xml:lang="en" xmlns="http://www.sdmx.org/resources/sdmxml/schemas/v2_1/common">San Mauro la Bruca</Name>
          <Parent>
            <Ref id="ITF35" xmlns="" />
          </Parent>
        </Code>
        <Code id="065125" urn="urn:sdmx:org.sdmx.infomodel.codelist.Code=IT1:CL_REFAREA(1.2).065125">
          <Name xml:lang="it" xmlns="http://www.sdmx.org/resources/sdmxml/schemas/v2_1/common">San Pietro al Tanagro</Name>
          <Name xml:lang="en" xmlns="http://www.sdmx.org/resources/sdmxml/schemas/v2_1/common">San Pietro al Tanagro</Name>
          <Parent>
            <Ref id="ITF35" xmlns="" />
          </Parent>
        </Code>
        <Code id="065126" urn="urn:sdmx:org.sdmx.infomodel.codelist.Code=IT1:CL_REFAREA(1.2).065126">
          <Name xml:lang="it" xmlns="http://www.sdmx.org/resources/sdmxml/schemas/v2_1/common">San Rufo</Name>
          <Name xml:lang="en" xmlns="http://www.sdmx.org/resources/sdmxml/schemas/v2_1/common">San Rufo</Name>
          <Parent>
            <Ref id="ITF35" xmlns="" />
          </Parent>
        </Code>
        <Code id="065127" urn="urn:sdmx:org.sdmx.infomodel.codelist.Code=IT1:CL_REFAREA(1.2).065127">
          <Name xml:lang="it" xmlns="http://www.sdmx.org/resources/sdmxml/schemas/v2_1/common">Santa Marina</Name>
          <Name xml:lang="en" xmlns="http://www.sdmx.org/resources/sdmxml/schemas/v2_1/common">Santa Marina</Name>
          <Parent>
            <Ref id="ITF35" xmlns="" />
          </Parent>
        </Code>
        <Code id="065128" urn="urn:sdmx:org.sdmx.infomodel.codelist.Code=IT1:CL_REFAREA(1.2).065128">
          <Name xml:lang="it" xmlns="http://www.sdmx.org/resources/sdmxml/schemas/v2_1/common">Sant'Angelo a Fasanella</Name>
          <Name xml:lang="en" xmlns="http://www.sdmx.org/resources/sdmxml/schemas/v2_1/common">Sant'Angelo a Fasanella</Name>
          <Parent>
            <Ref id="ITF35" xmlns="" />
          </Parent>
        </Code>
        <Code id="065129" urn="urn:sdmx:org.sdmx.infomodel.codelist.Code=IT1:CL_REFAREA(1.2).065129">
          <Name xml:lang="it" xmlns="http://www.sdmx.org/resources/sdmxml/schemas/v2_1/common">Sant'Arsenio</Name>
          <Name xml:lang="en" xmlns="http://www.sdmx.org/resources/sdmxml/schemas/v2_1/common">Sant'Arsenio</Name>
          <Parent>
            <Ref id="ITF35" xmlns="" />
          </Parent>
        </Code>
        <Code id="065130" urn="urn:sdmx:org.sdmx.infomodel.codelist.Code=IT1:CL_REFAREA(1.2).065130">
          <Name xml:lang="it" xmlns="http://www.sdmx.org/resources/sdmxml/schemas/v2_1/common">Sant'Egidio del Monte Albino</Name>
          <Name xml:lang="en" xmlns="http://www.sdmx.org/resources/sdmxml/schemas/v2_1/common">Sant'Egidio del Monte Albino</Name>
          <Parent>
            <Ref id="ITF35" xmlns="" />
          </Parent>
        </Code>
        <Code id="065131" urn="urn:sdmx:org.sdmx.infomodel.codelist.Code=IT1:CL_REFAREA(1.2).065131">
          <Name xml:lang="it" xmlns="http://www.sdmx.org/resources/sdmxml/schemas/v2_1/common">Santomenna</Name>
          <Name xml:lang="en" xmlns="http://www.sdmx.org/resources/sdmxml/schemas/v2_1/common">Santomenna</Name>
          <Parent>
            <Ref id="ITF35" xmlns="" />
          </Parent>
        </Code>
        <Code id="065132" urn="urn:sdmx:org.sdmx.infomodel.codelist.Code=IT1:CL_REFAREA(1.2).065132">
          <Name xml:lang="it" xmlns="http://www.sdmx.org/resources/sdmxml/schemas/v2_1/common">San Valentino Torio</Name>
          <Name xml:lang="en" xmlns="http://www.sdmx.org/resources/sdmxml/schemas/v2_1/common">San Valentino Torio</Name>
          <Parent>
            <Ref id="ITF35" xmlns="" />
          </Parent>
        </Code>
        <Code id="065133" urn="urn:sdmx:org.sdmx.infomodel.codelist.Code=IT1:CL_REFAREA(1.2).065133">
          <Name xml:lang="it" xmlns="http://www.sdmx.org/resources/sdmxml/schemas/v2_1/common">Sanza</Name>
          <Name xml:lang="en" xmlns="http://www.sdmx.org/resources/sdmxml/schemas/v2_1/common">Sanza</Name>
          <Parent>
            <Ref id="ITF35" xmlns="" />
          </Parent>
        </Code>
        <Code id="065134" urn="urn:sdmx:org.sdmx.infomodel.codelist.Code=IT1:CL_REFAREA(1.2).065134">
          <Name xml:lang="it" xmlns="http://www.sdmx.org/resources/sdmxml/schemas/v2_1/common">Sapri</Name>
          <Name xml:lang="en" xmlns="http://www.sdmx.org/resources/sdmxml/schemas/v2_1/common">Sapri</Name>
          <Parent>
            <Ref id="ITF35" xmlns="" />
          </Parent>
        </Code>
        <Code id="065135" urn="urn:sdmx:org.sdmx.infomodel.codelist.Code=IT1:CL_REFAREA(1.2).065135">
          <Name xml:lang="it" xmlns="http://www.sdmx.org/resources/sdmxml/schemas/v2_1/common">Sarno</Name>
          <Name xml:lang="en" xmlns="http://www.sdmx.org/resources/sdmxml/schemas/v2_1/common">Sarno</Name>
          <Parent>
            <Ref id="ITF35" xmlns="" />
          </Parent>
        </Code>
        <Code id="065136" urn="urn:sdmx:org.sdmx.infomodel.codelist.Code=IT1:CL_REFAREA(1.2).065136">
          <Name xml:lang="it" xmlns="http://www.sdmx.org/resources/sdmxml/schemas/v2_1/common">Sassano</Name>
          <Name xml:lang="en" xmlns="http://www.sdmx.org/resources/sdmxml/schemas/v2_1/common">Sassano</Name>
          <Parent>
            <Ref id="ITF35" xmlns="" />
          </Parent>
        </Code>
        <Code id="065137" urn="urn:sdmx:org.sdmx.infomodel.codelist.Code=IT1:CL_REFAREA(1.2).065137">
          <Name xml:lang="it" xmlns="http://www.sdmx.org/resources/sdmxml/schemas/v2_1/common">Scafati</Name>
          <Name xml:lang="en" xmlns="http://www.sdmx.org/resources/sdmxml/schemas/v2_1/common">Scafati</Name>
          <Parent>
            <Ref id="ITF35" xmlns="" />
          </Parent>
        </Code>
        <Code id="065138" urn="urn:sdmx:org.sdmx.infomodel.codelist.Code=IT1:CL_REFAREA(1.2).065138">
          <Name xml:lang="it" xmlns="http://www.sdmx.org/resources/sdmxml/schemas/v2_1/common">Scala</Name>
          <Name xml:lang="en" xmlns="http://www.sdmx.org/resources/sdmxml/schemas/v2_1/common">Scala</Name>
          <Parent>
            <Ref id="ITF35" xmlns="" />
          </Parent>
        </Code>
        <Code id="065139" urn="urn:sdmx:org.sdmx.infomodel.codelist.Code=IT1:CL_REFAREA(1.2).065139">
          <Name xml:lang="it" xmlns="http://www.sdmx.org/resources/sdmxml/schemas/v2_1/common">Serramezzana</Name>
          <Name xml:lang="en" xmlns="http://www.sdmx.org/resources/sdmxml/schemas/v2_1/common">Serramezzana</Name>
          <Parent>
            <Ref id="ITF35" xmlns="" />
          </Parent>
        </Code>
        <Code id="065140" urn="urn:sdmx:org.sdmx.infomodel.codelist.Code=IT1:CL_REFAREA(1.2).065140">
          <Name xml:lang="it" xmlns="http://www.sdmx.org/resources/sdmxml/schemas/v2_1/common">Serre</Name>
          <Name xml:lang="en" xmlns="http://www.sdmx.org/resources/sdmxml/schemas/v2_1/common">Serre</Name>
          <Parent>
            <Ref id="ITF35" xmlns="" />
          </Parent>
        </Code>
        <Code id="065141" urn="urn:sdmx:org.sdmx.infomodel.codelist.Code=IT1:CL_REFAREA(1.2).065141">
          <Name xml:lang="it" xmlns="http://www.sdmx.org/resources/sdmxml/schemas/v2_1/common">Sessa Cilento</Name>
          <Name xml:lang="en" xmlns="http://www.sdmx.org/resources/sdmxml/schemas/v2_1/common">Sessa Cilento</Name>
          <Parent>
            <Ref id="ITF35" xmlns="" />
          </Parent>
        </Code>
        <Code id="065142" urn="urn:sdmx:org.sdmx.infomodel.codelist.Code=IT1:CL_REFAREA(1.2).065142">
          <Name xml:lang="it" xmlns="http://www.sdmx.org/resources/sdmxml/schemas/v2_1/common">Siano</Name>
          <Name xml:lang="en" xmlns="http://www.sdmx.org/resources/sdmxml/schemas/v2_1/common">Siano</Name>
          <Parent>
            <Ref id="ITF35" xmlns="" />
          </Parent>
        </Code>
        <Code id="065143" urn="urn:sdmx:org.sdmx.infomodel.codelist.Code=IT1:CL_REFAREA(1.2).065143">
          <Name xml:lang="it" xmlns="http://www.sdmx.org/resources/sdmxml/schemas/v2_1/common">Sicignano degli Alburni</Name>
          <Name xml:lang="en" xmlns="http://www.sdmx.org/resources/sdmxml/schemas/v2_1/common">Sicignano degli Alburni</Name>
          <Parent>
            <Ref id="ITF35" xmlns="" />
          </Parent>
        </Code>
        <Code id="065144" urn="urn:sdmx:org.sdmx.infomodel.codelist.Code=IT1:CL_REFAREA(1.2).065144">
          <Name xml:lang="it" xmlns="http://www.sdmx.org/resources/sdmxml/schemas/v2_1/common">Stella Cilento</Name>
          <Name xml:lang="en" xmlns="http://www.sdmx.org/resources/sdmxml/schemas/v2_1/common">Stella Cilento</Name>
          <Parent>
            <Ref id="ITF35" xmlns="" />
          </Parent>
        </Code>
        <Code id="065145" urn="urn:sdmx:org.sdmx.infomodel.codelist.Code=IT1:CL_REFAREA(1.2).065145">
          <Name xml:lang="it" xmlns="http://www.sdmx.org/resources/sdmxml/schemas/v2_1/common">Stio</Name>
          <Name xml:lang="en" xmlns="http://www.sdmx.org/resources/sdmxml/schemas/v2_1/common">Stio</Name>
          <Parent>
            <Ref id="ITF35" xmlns="" />
          </Parent>
        </Code>
        <Code id="065146" urn="urn:sdmx:org.sdmx.infomodel.codelist.Code=IT1:CL_REFAREA(1.2).065146">
          <Name xml:lang="it" xmlns="http://www.sdmx.org/resources/sdmxml/schemas/v2_1/common">Teggiano</Name>
          <Name xml:lang="en" xmlns="http://www.sdmx.org/resources/sdmxml/schemas/v2_1/common">Teggiano</Name>
          <Parent>
            <Ref id="ITF35" xmlns="" />
          </Parent>
        </Code>
        <Code id="065147" urn="urn:sdmx:org.sdmx.infomodel.codelist.Code=IT1:CL_REFAREA(1.2).065147">
          <Name xml:lang="it" xmlns="http://www.sdmx.org/resources/sdmxml/schemas/v2_1/common">Torchiara</Name>
          <Name xml:lang="en" xmlns="http://www.sdmx.org/resources/sdmxml/schemas/v2_1/common">Torchiara</Name>
          <Parent>
            <Ref id="ITF35" xmlns="" />
          </Parent>
        </Code>
        <Code id="065148" urn="urn:sdmx:org.sdmx.infomodel.codelist.Code=IT1:CL_REFAREA(1.2).065148">
          <Name xml:lang="it" xmlns="http://www.sdmx.org/resources/sdmxml/schemas/v2_1/common">Torraca</Name>
          <Name xml:lang="en" xmlns="http://www.sdmx.org/resources/sdmxml/schemas/v2_1/common">Torraca</Name>
          <Parent>
            <Ref id="ITF35" xmlns="" />
          </Parent>
        </Code>
        <Code id="065149" urn="urn:sdmx:org.sdmx.infomodel.codelist.Code=IT1:CL_REFAREA(1.2).065149">
          <Name xml:lang="it" xmlns="http://www.sdmx.org/resources/sdmxml/schemas/v2_1/common">Torre Orsaia</Name>
          <Name xml:lang="en" xmlns="http://www.sdmx.org/resources/sdmxml/schemas/v2_1/common">Torre Orsaia</Name>
          <Parent>
            <Ref id="ITF35" xmlns="" />
          </Parent>
        </Code>
        <Code id="065150" urn="urn:sdmx:org.sdmx.infomodel.codelist.Code=IT1:CL_REFAREA(1.2).065150">
          <Name xml:lang="it" xmlns="http://www.sdmx.org/resources/sdmxml/schemas/v2_1/common">Tortorella</Name>
          <Name xml:lang="en" xmlns="http://www.sdmx.org/resources/sdmxml/schemas/v2_1/common">Tortorella</Name>
          <Parent>
            <Ref id="ITF35" xmlns="" />
          </Parent>
        </Code>
        <Code id="065151" urn="urn:sdmx:org.sdmx.infomodel.codelist.Code=IT1:CL_REFAREA(1.2).065151">
          <Name xml:lang="it" xmlns="http://www.sdmx.org/resources/sdmxml/schemas/v2_1/common">Tramonti</Name>
          <Name xml:lang="en" xmlns="http://www.sdmx.org/resources/sdmxml/schemas/v2_1/common">Tramonti</Name>
          <Parent>
            <Ref id="ITF35" xmlns="" />
          </Parent>
        </Code>
        <Code id="065152" urn="urn:sdmx:org.sdmx.infomodel.codelist.Code=IT1:CL_REFAREA(1.2).065152">
          <Name xml:lang="it" xmlns="http://www.sdmx.org/resources/sdmxml/schemas/v2_1/common">Trentinara</Name>
          <Name xml:lang="en" xmlns="http://www.sdmx.org/resources/sdmxml/schemas/v2_1/common">Trentinara</Name>
          <Parent>
            <Ref id="ITF35" xmlns="" />
          </Parent>
        </Code>
        <Code id="065153" urn="urn:sdmx:org.sdmx.infomodel.codelist.Code=IT1:CL_REFAREA(1.2).065153">
          <Name xml:lang="it" xmlns="http://www.sdmx.org/resources/sdmxml/schemas/v2_1/common">Valle dell'Angelo</Name>
          <Name xml:lang="en" xmlns="http://www.sdmx.org/resources/sdmxml/schemas/v2_1/common">Valle dell'Angelo</Name>
          <Parent>
            <Ref id="ITF35" xmlns="" />
          </Parent>
        </Code>
        <Code id="065154" urn="urn:sdmx:org.sdmx.infomodel.codelist.Code=IT1:CL_REFAREA(1.2).065154">
          <Name xml:lang="it" xmlns="http://www.sdmx.org/resources/sdmxml/schemas/v2_1/common">Vallo della Lucania</Name>
          <Name xml:lang="en" xmlns="http://www.sdmx.org/resources/sdmxml/schemas/v2_1/common">Vallo della Lucania</Name>
          <Parent>
            <Ref id="ITF35" xmlns="" />
          </Parent>
        </Code>
        <Code id="065155" urn="urn:sdmx:org.sdmx.infomodel.codelist.Code=IT1:CL_REFAREA(1.2).065155">
          <Name xml:lang="it" xmlns="http://www.sdmx.org/resources/sdmxml/schemas/v2_1/common">Valva</Name>
          <Name xml:lang="en" xmlns="http://www.sdmx.org/resources/sdmxml/schemas/v2_1/common">Valva</Name>
          <Parent>
            <Ref id="ITF35" xmlns="" />
          </Parent>
        </Code>
        <Code id="065156" urn="urn:sdmx:org.sdmx.infomodel.codelist.Code=IT1:CL_REFAREA(1.2).065156">
          <Name xml:lang="it" xmlns="http://www.sdmx.org/resources/sdmxml/schemas/v2_1/common">Vibonati</Name>
          <Name xml:lang="en" xmlns="http://www.sdmx.org/resources/sdmxml/schemas/v2_1/common">Vibonati</Name>
          <Parent>
            <Ref id="ITF35" xmlns="" />
          </Parent>
        </Code>
        <Code id="065157" urn="urn:sdmx:org.sdmx.infomodel.codelist.Code=IT1:CL_REFAREA(1.2).065157">
          <Name xml:lang="it" xmlns="http://www.sdmx.org/resources/sdmxml/schemas/v2_1/common">Vietri sul Mare</Name>
          <Name xml:lang="en" xmlns="http://www.sdmx.org/resources/sdmxml/schemas/v2_1/common">Vietri sul Mare</Name>
          <Parent>
            <Ref id="ITF35" xmlns="" />
          </Parent>
        </Code>
        <Code id="065158" urn="urn:sdmx:org.sdmx.infomodel.codelist.Code=IT1:CL_REFAREA(1.2).065158">
          <Name xml:lang="it" xmlns="http://www.sdmx.org/resources/sdmxml/schemas/v2_1/common">Bellizzi</Name>
          <Name xml:lang="en" xmlns="http://www.sdmx.org/resources/sdmxml/schemas/v2_1/common">Bellizzi</Name>
          <Parent>
            <Ref id="ITF35" xmlns="" />
          </Parent>
        </Code>
        <Code id="066001" urn="urn:sdmx:org.sdmx.infomodel.codelist.Code=IT1:CL_REFAREA(1.2).066001">
          <Name xml:lang="it" xmlns="http://www.sdmx.org/resources/sdmxml/schemas/v2_1/common">Acciano</Name>
          <Name xml:lang="en" xmlns="http://www.sdmx.org/resources/sdmxml/schemas/v2_1/common">Acciano</Name>
          <Parent>
            <Ref id="ITF11" xmlns="" />
          </Parent>
        </Code>
        <Code id="066002" urn="urn:sdmx:org.sdmx.infomodel.codelist.Code=IT1:CL_REFAREA(1.2).066002">
          <Name xml:lang="it" xmlns="http://www.sdmx.org/resources/sdmxml/schemas/v2_1/common">Aielli</Name>
          <Name xml:lang="en" xmlns="http://www.sdmx.org/resources/sdmxml/schemas/v2_1/common">Aielli</Name>
          <Parent>
            <Ref id="ITF11" xmlns="" />
          </Parent>
        </Code>
        <Code id="066003" urn="urn:sdmx:org.sdmx.infomodel.codelist.Code=IT1:CL_REFAREA(1.2).066003">
          <Name xml:lang="it" xmlns="http://www.sdmx.org/resources/sdmxml/schemas/v2_1/common">Alfedena</Name>
          <Name xml:lang="en" xmlns="http://www.sdmx.org/resources/sdmxml/schemas/v2_1/common">Alfedena</Name>
          <Parent>
            <Ref id="ITF11" xmlns="" />
          </Parent>
        </Code>
        <Code id="066004" urn="urn:sdmx:org.sdmx.infomodel.codelist.Code=IT1:CL_REFAREA(1.2).066004">
          <Name xml:lang="it" xmlns="http://www.sdmx.org/resources/sdmxml/schemas/v2_1/common">Anversa degli Abruzzi</Name>
          <Name xml:lang="en" xmlns="http://www.sdmx.org/resources/sdmxml/schemas/v2_1/common">Anversa degli Abruzzi</Name>
          <Parent>
            <Ref id="ITF11" xmlns="" />
          </Parent>
        </Code>
        <Code id="066005" urn="urn:sdmx:org.sdmx.infomodel.codelist.Code=IT1:CL_REFAREA(1.2).066005">
          <Name xml:lang="it" xmlns="http://www.sdmx.org/resources/sdmxml/schemas/v2_1/common">Ateleta</Name>
          <Name xml:lang="en" xmlns="http://www.sdmx.org/resources/sdmxml/schemas/v2_1/common">Ateleta</Name>
          <Parent>
            <Ref id="ITF11" xmlns="" />
          </Parent>
        </Code>
        <Code id="066006" urn="urn:sdmx:org.sdmx.infomodel.codelist.Code=IT1:CL_REFAREA(1.2).066006">
          <Name xml:lang="it" xmlns="http://www.sdmx.org/resources/sdmxml/schemas/v2_1/common">Avezzano</Name>
          <Name xml:lang="en" xmlns="http://www.sdmx.org/resources/sdmxml/schemas/v2_1/common">Avezzano</Name>
          <Parent>
            <Ref id="ITF11" xmlns="" />
          </Parent>
        </Code>
        <Code id="066007" urn="urn:sdmx:org.sdmx.infomodel.codelist.Code=IT1:CL_REFAREA(1.2).066007">
          <Name xml:lang="it" xmlns="http://www.sdmx.org/resources/sdmxml/schemas/v2_1/common">Balsorano</Name>
          <Name xml:lang="en" xmlns="http://www.sdmx.org/resources/sdmxml/schemas/v2_1/common">Balsorano</Name>
          <Parent>
            <Ref id="ITF11" xmlns="" />
          </Parent>
        </Code>
        <Code id="066008" urn="urn:sdmx:org.sdmx.infomodel.codelist.Code=IT1:CL_REFAREA(1.2).066008">
          <Name xml:lang="it" xmlns="http://www.sdmx.org/resources/sdmxml/schemas/v2_1/common">Barete</Name>
          <Name xml:lang="en" xmlns="http://www.sdmx.org/resources/sdmxml/schemas/v2_1/common">Barete</Name>
          <Parent>
            <Ref id="ITF11" xmlns="" />
          </Parent>
        </Code>
        <Code id="066009" urn="urn:sdmx:org.sdmx.infomodel.codelist.Code=IT1:CL_REFAREA(1.2).066009">
          <Name xml:lang="it" xmlns="http://www.sdmx.org/resources/sdmxml/schemas/v2_1/common">Barisciano</Name>
          <Name xml:lang="en" xmlns="http://www.sdmx.org/resources/sdmxml/schemas/v2_1/common">Barisciano</Name>
          <Parent>
            <Ref id="ITF11" xmlns="" />
          </Parent>
        </Code>
        <Code id="066010" urn="urn:sdmx:org.sdmx.infomodel.codelist.Code=IT1:CL_REFAREA(1.2).066010">
          <Name xml:lang="it" xmlns="http://www.sdmx.org/resources/sdmxml/schemas/v2_1/common">Barrea</Name>
          <Name xml:lang="en" xmlns="http://www.sdmx.org/resources/sdmxml/schemas/v2_1/common">Barrea</Name>
          <Parent>
            <Ref id="ITF11" xmlns="" />
          </Parent>
        </Code>
        <Code id="066011" urn="urn:sdmx:org.sdmx.infomodel.codelist.Code=IT1:CL_REFAREA(1.2).066011">
          <Name xml:lang="it" xmlns="http://www.sdmx.org/resources/sdmxml/schemas/v2_1/common">Bisegna</Name>
          <Name xml:lang="en" xmlns="http://www.sdmx.org/resources/sdmxml/schemas/v2_1/common">Bisegna</Name>
          <Parent>
            <Ref id="ITF11" xmlns="" />
          </Parent>
        </Code>
        <Code id="066012" urn="urn:sdmx:org.sdmx.infomodel.codelist.Code=IT1:CL_REFAREA(1.2).066012">
          <Name xml:lang="it" xmlns="http://www.sdmx.org/resources/sdmxml/schemas/v2_1/common">Bugnara</Name>
          <Name xml:lang="en" xmlns="http://www.sdmx.org/resources/sdmxml/schemas/v2_1/common">Bugnara</Name>
          <Parent>
            <Ref id="ITF11" xmlns="" />
          </Parent>
        </Code>
        <Code id="066013" urn="urn:sdmx:org.sdmx.infomodel.codelist.Code=IT1:CL_REFAREA(1.2).066013">
          <Name xml:lang="it" xmlns="http://www.sdmx.org/resources/sdmxml/schemas/v2_1/common">Cagnano Amiterno</Name>
          <Name xml:lang="en" xmlns="http://www.sdmx.org/resources/sdmxml/schemas/v2_1/common">Cagnano Amiterno</Name>
          <Parent>
            <Ref id="ITF11" xmlns="" />
          </Parent>
        </Code>
        <Code id="066014" urn="urn:sdmx:org.sdmx.infomodel.codelist.Code=IT1:CL_REFAREA(1.2).066014">
          <Name xml:lang="it" xmlns="http://www.sdmx.org/resources/sdmxml/schemas/v2_1/common">Calascio</Name>
          <Name xml:lang="en" xmlns="http://www.sdmx.org/resources/sdmxml/schemas/v2_1/common">Calascio</Name>
          <Parent>
            <Ref id="ITF11" xmlns="" />
          </Parent>
        </Code>
        <Code id="066015" urn="urn:sdmx:org.sdmx.infomodel.codelist.Code=IT1:CL_REFAREA(1.2).066015">
          <Name xml:lang="it" xmlns="http://www.sdmx.org/resources/sdmxml/schemas/v2_1/common">Campo di Giove</Name>
          <Name xml:lang="en" xmlns="http://www.sdmx.org/resources/sdmxml/schemas/v2_1/common">Campo di Giove</Name>
          <Parent>
            <Ref id="ITF11" xmlns="" />
          </Parent>
        </Code>
        <Code id="066016" urn="urn:sdmx:org.sdmx.infomodel.codelist.Code=IT1:CL_REFAREA(1.2).066016">
          <Name xml:lang="it" xmlns="http://www.sdmx.org/resources/sdmxml/schemas/v2_1/common">Campotosto</Name>
          <Name xml:lang="en" xmlns="http://www.sdmx.org/resources/sdmxml/schemas/v2_1/common">Campotosto</Name>
          <Parent>
            <Ref id="ITF11" xmlns="" />
          </Parent>
        </Code>
        <Code id="066017" urn="urn:sdmx:org.sdmx.infomodel.codelist.Code=IT1:CL_REFAREA(1.2).066017">
          <Name xml:lang="it" xmlns="http://www.sdmx.org/resources/sdmxml/schemas/v2_1/common">Canistro</Name>
          <Name xml:lang="en" xmlns="http://www.sdmx.org/resources/sdmxml/schemas/v2_1/common">Canistro</Name>
          <Parent>
            <Ref id="ITF11" xmlns="" />
          </Parent>
        </Code>
        <Code id="066018" urn="urn:sdmx:org.sdmx.infomodel.codelist.Code=IT1:CL_REFAREA(1.2).066018">
          <Name xml:lang="it" xmlns="http://www.sdmx.org/resources/sdmxml/schemas/v2_1/common">Cansano</Name>
          <Name xml:lang="en" xmlns="http://www.sdmx.org/resources/sdmxml/schemas/v2_1/common">Cansano</Name>
          <Parent>
            <Ref id="ITF11" xmlns="" />
          </Parent>
        </Code>
        <Code id="066019" urn="urn:sdmx:org.sdmx.infomodel.codelist.Code=IT1:CL_REFAREA(1.2).066019">
          <Name xml:lang="it" xmlns="http://www.sdmx.org/resources/sdmxml/schemas/v2_1/common">Capestrano</Name>
          <Name xml:lang="en" xmlns="http://www.sdmx.org/resources/sdmxml/schemas/v2_1/common">Capestrano</Name>
          <Parent>
            <Ref id="ITF11" xmlns="" />
          </Parent>
        </Code>
        <Code id="066020" urn="urn:sdmx:org.sdmx.infomodel.codelist.Code=IT1:CL_REFAREA(1.2).066020">
          <Name xml:lang="it" xmlns="http://www.sdmx.org/resources/sdmxml/schemas/v2_1/common">Capistrello</Name>
          <Name xml:lang="en" xmlns="http://www.sdmx.org/resources/sdmxml/schemas/v2_1/common">Capistrello</Name>
          <Parent>
            <Ref id="ITF11" xmlns="" />
          </Parent>
        </Code>
        <Code id="066021" urn="urn:sdmx:org.sdmx.infomodel.codelist.Code=IT1:CL_REFAREA(1.2).066021">
          <Name xml:lang="it" xmlns="http://www.sdmx.org/resources/sdmxml/schemas/v2_1/common">Capitignano</Name>
          <Name xml:lang="en" xmlns="http://www.sdmx.org/resources/sdmxml/schemas/v2_1/common">Capitignano</Name>
          <Parent>
            <Ref id="ITF11" xmlns="" />
          </Parent>
        </Code>
        <Code id="066022" urn="urn:sdmx:org.sdmx.infomodel.codelist.Code=IT1:CL_REFAREA(1.2).066022">
          <Name xml:lang="it" xmlns="http://www.sdmx.org/resources/sdmxml/schemas/v2_1/common">Caporciano</Name>
          <Name xml:lang="en" xmlns="http://www.sdmx.org/resources/sdmxml/schemas/v2_1/common">Caporciano</Name>
          <Parent>
            <Ref id="ITF11" xmlns="" />
          </Parent>
        </Code>
        <Code id="066023" urn="urn:sdmx:org.sdmx.infomodel.codelist.Code=IT1:CL_REFAREA(1.2).066023">
          <Name xml:lang="it" xmlns="http://www.sdmx.org/resources/sdmxml/schemas/v2_1/common">Cappadocia</Name>
          <Name xml:lang="en" xmlns="http://www.sdmx.org/resources/sdmxml/schemas/v2_1/common">Cappadocia</Name>
          <Parent>
            <Ref id="ITF11" xmlns="" />
          </Parent>
        </Code>
        <Code id="066024" urn="urn:sdmx:org.sdmx.infomodel.codelist.Code=IT1:CL_REFAREA(1.2).066024">
          <Name xml:lang="it" xmlns="http://www.sdmx.org/resources/sdmxml/schemas/v2_1/common">Carapelle Calvisio</Name>
          <Name xml:lang="en" xmlns="http://www.sdmx.org/resources/sdmxml/schemas/v2_1/common">Carapelle Calvisio</Name>
          <Parent>
            <Ref id="ITF11" xmlns="" />
          </Parent>
        </Code>
        <Code id="066025" urn="urn:sdmx:org.sdmx.infomodel.codelist.Code=IT1:CL_REFAREA(1.2).066025">
          <Name xml:lang="it" xmlns="http://www.sdmx.org/resources/sdmxml/schemas/v2_1/common">Carsoli</Name>
          <Name xml:lang="en" xmlns="http://www.sdmx.org/resources/sdmxml/schemas/v2_1/common">Carsoli</Name>
          <Parent>
            <Ref id="ITF11" xmlns="" />
          </Parent>
        </Code>
        <Code id="066026" urn="urn:sdmx:org.sdmx.infomodel.codelist.Code=IT1:CL_REFAREA(1.2).066026">
          <Name xml:lang="it" xmlns="http://www.sdmx.org/resources/sdmxml/schemas/v2_1/common">Castel del Monte</Name>
          <Name xml:lang="en" xmlns="http://www.sdmx.org/resources/sdmxml/schemas/v2_1/common">Castel del Monte</Name>
          <Parent>
            <Ref id="ITF11" xmlns="" />
          </Parent>
        </Code>
        <Code id="066027" urn="urn:sdmx:org.sdmx.infomodel.codelist.Code=IT1:CL_REFAREA(1.2).066027">
          <Name xml:lang="it" xmlns="http://www.sdmx.org/resources/sdmxml/schemas/v2_1/common">Castel di Ieri</Name>
          <Name xml:lang="en" xmlns="http://www.sdmx.org/resources/sdmxml/schemas/v2_1/common">Castel di Ieri</Name>
          <Parent>
            <Ref id="ITF11" xmlns="" />
          </Parent>
        </Code>
        <Code id="066028" urn="urn:sdmx:org.sdmx.infomodel.codelist.Code=IT1:CL_REFAREA(1.2).066028">
          <Name xml:lang="it" xmlns="http://www.sdmx.org/resources/sdmxml/schemas/v2_1/common">Castel di Sangro</Name>
          <Name xml:lang="en" xmlns="http://www.sdmx.org/resources/sdmxml/schemas/v2_1/common">Castel di Sangro</Name>
          <Parent>
            <Ref id="ITF11" xmlns="" />
          </Parent>
        </Code>
        <Code id="066029" urn="urn:sdmx:org.sdmx.infomodel.codelist.Code=IT1:CL_REFAREA(1.2).066029">
          <Name xml:lang="it" xmlns="http://www.sdmx.org/resources/sdmxml/schemas/v2_1/common">Castellafiume</Name>
          <Name xml:lang="en" xmlns="http://www.sdmx.org/resources/sdmxml/schemas/v2_1/common">Castellafiume</Name>
          <Parent>
            <Ref id="ITF11" xmlns="" />
          </Parent>
        </Code>
        <Code id="066030" urn="urn:sdmx:org.sdmx.infomodel.codelist.Code=IT1:CL_REFAREA(1.2).066030">
          <Name xml:lang="it" xmlns="http://www.sdmx.org/resources/sdmxml/schemas/v2_1/common">Castelvecchio Calvisio</Name>
          <Name xml:lang="en" xmlns="http://www.sdmx.org/resources/sdmxml/schemas/v2_1/common">Castelvecchio Calvisio</Name>
          <Parent>
            <Ref id="ITF11" xmlns="" />
          </Parent>
        </Code>
        <Code id="066031" urn="urn:sdmx:org.sdmx.infomodel.codelist.Code=IT1:CL_REFAREA(1.2).066031">
          <Name xml:lang="it" xmlns="http://www.sdmx.org/resources/sdmxml/schemas/v2_1/common">Castelvecchio Subequo</Name>
          <Name xml:lang="en" xmlns="http://www.sdmx.org/resources/sdmxml/schemas/v2_1/common">Castelvecchio Subequo</Name>
          <Parent>
            <Ref id="ITF11" xmlns="" />
          </Parent>
        </Code>
        <Code id="066032" urn="urn:sdmx:org.sdmx.infomodel.codelist.Code=IT1:CL_REFAREA(1.2).066032">
          <Name xml:lang="it" xmlns="http://www.sdmx.org/resources/sdmxml/schemas/v2_1/common">Celano</Name>
          <Name xml:lang="en" xmlns="http://www.sdmx.org/resources/sdmxml/schemas/v2_1/common">Celano</Name>
          <Parent>
            <Ref id="ITF11" xmlns="" />
          </Parent>
        </Code>
        <Code id="066033" urn="urn:sdmx:org.sdmx.infomodel.codelist.Code=IT1:CL_REFAREA(1.2).066033">
          <Name xml:lang="it" xmlns="http://www.sdmx.org/resources/sdmxml/schemas/v2_1/common">Cerchio</Name>
          <Name xml:lang="en" xmlns="http://www.sdmx.org/resources/sdmxml/schemas/v2_1/common">Cerchio</Name>
          <Parent>
            <Ref id="ITF11" xmlns="" />
          </Parent>
        </Code>
        <Code id="066034" urn="urn:sdmx:org.sdmx.infomodel.codelist.Code=IT1:CL_REFAREA(1.2).066034">
          <Name xml:lang="it" xmlns="http://www.sdmx.org/resources/sdmxml/schemas/v2_1/common">Civita d'Antino</Name>
          <Name xml:lang="en" xmlns="http://www.sdmx.org/resources/sdmxml/schemas/v2_1/common">Civita d'Antino</Name>
          <Parent>
            <Ref id="ITF11" xmlns="" />
          </Parent>
        </Code>
        <Code id="066035" urn="urn:sdmx:org.sdmx.infomodel.codelist.Code=IT1:CL_REFAREA(1.2).066035">
          <Name xml:lang="it" xmlns="http://www.sdmx.org/resources/sdmxml/schemas/v2_1/common">Civitella Alfedena</Name>
          <Name xml:lang="en" xmlns="http://www.sdmx.org/resources/sdmxml/schemas/v2_1/common">Civitella Alfedena</Name>
          <Parent>
            <Ref id="ITF11" xmlns="" />
          </Parent>
        </Code>
        <Code id="066036" urn="urn:sdmx:org.sdmx.infomodel.codelist.Code=IT1:CL_REFAREA(1.2).066036">
          <Name xml:lang="it" xmlns="http://www.sdmx.org/resources/sdmxml/schemas/v2_1/common">Civitella Roveto</Name>
          <Name xml:lang="en" xmlns="http://www.sdmx.org/resources/sdmxml/schemas/v2_1/common">Civitella Roveto</Name>
          <Parent>
            <Ref id="ITF11" xmlns="" />
          </Parent>
        </Code>
        <Code id="066037" urn="urn:sdmx:org.sdmx.infomodel.codelist.Code=IT1:CL_REFAREA(1.2).066037">
          <Name xml:lang="it" xmlns="http://www.sdmx.org/resources/sdmxml/schemas/v2_1/common">Cocullo</Name>
          <Name xml:lang="en" xmlns="http://www.sdmx.org/resources/sdmxml/schemas/v2_1/common">Cocullo</Name>
          <Parent>
            <Ref id="ITF11" xmlns="" />
          </Parent>
        </Code>
        <Code id="066038" urn="urn:sdmx:org.sdmx.infomodel.codelist.Code=IT1:CL_REFAREA(1.2).066038">
          <Name xml:lang="it" xmlns="http://www.sdmx.org/resources/sdmxml/schemas/v2_1/common">Collarmele</Name>
          <Name xml:lang="en" xmlns="http://www.sdmx.org/resources/sdmxml/schemas/v2_1/common">Collarmele</Name>
          <Parent>
            <Ref id="ITF11" xmlns="" />
          </Parent>
        </Code>
        <Code id="066039" urn="urn:sdmx:org.sdmx.infomodel.codelist.Code=IT1:CL_REFAREA(1.2).066039">
          <Name xml:lang="it" xmlns="http://www.sdmx.org/resources/sdmxml/schemas/v2_1/common">Collelongo</Name>
          <Name xml:lang="en" xmlns="http://www.sdmx.org/resources/sdmxml/schemas/v2_1/common">Collelongo</Name>
          <Parent>
            <Ref id="ITF11" xmlns="" />
          </Parent>
        </Code>
        <Code id="066040" urn="urn:sdmx:org.sdmx.infomodel.codelist.Code=IT1:CL_REFAREA(1.2).066040">
          <Name xml:lang="it" xmlns="http://www.sdmx.org/resources/sdmxml/schemas/v2_1/common">Collepietro</Name>
          <Name xml:lang="en" xmlns="http://www.sdmx.org/resources/sdmxml/schemas/v2_1/common">Collepietro</Name>
          <Parent>
            <Ref id="ITF11" xmlns="" />
          </Parent>
        </Code>
        <Code id="066041" urn="urn:sdmx:org.sdmx.infomodel.codelist.Code=IT1:CL_REFAREA(1.2).066041">
          <Name xml:lang="it" xmlns="http://www.sdmx.org/resources/sdmxml/schemas/v2_1/common">Corfinio</Name>
          <Name xml:lang="en" xmlns="http://www.sdmx.org/resources/sdmxml/schemas/v2_1/common">Corfinio</Name>
          <Parent>
            <Ref id="ITF11" xmlns="" />
          </Parent>
        </Code>
        <Code id="066042" urn="urn:sdmx:org.sdmx.infomodel.codelist.Code=IT1:CL_REFAREA(1.2).066042">
          <Name xml:lang="it" xmlns="http://www.sdmx.org/resources/sdmxml/schemas/v2_1/common">Fagnano Alto</Name>
          <Name xml:lang="en" xmlns="http://www.sdmx.org/resources/sdmxml/schemas/v2_1/common">Fagnano Alto</Name>
          <Parent>
            <Ref id="ITF11" xmlns="" />
          </Parent>
        </Code>
        <Code id="066043" urn="urn:sdmx:org.sdmx.infomodel.codelist.Code=IT1:CL_REFAREA(1.2).066043">
          <Name xml:lang="it" xmlns="http://www.sdmx.org/resources/sdmxml/schemas/v2_1/common">Fontecchio</Name>
          <Name xml:lang="en" xmlns="http://www.sdmx.org/resources/sdmxml/schemas/v2_1/common">Fontecchio</Name>
          <Parent>
            <Ref id="ITF11" xmlns="" />
          </Parent>
        </Code>
        <Code id="066044" urn="urn:sdmx:org.sdmx.infomodel.codelist.Code=IT1:CL_REFAREA(1.2).066044">
          <Name xml:lang="it" xmlns="http://www.sdmx.org/resources/sdmxml/schemas/v2_1/common">Fossa</Name>
          <Name xml:lang="en" xmlns="http://www.sdmx.org/resources/sdmxml/schemas/v2_1/common">Fossa</Name>
          <Parent>
            <Ref id="ITF11" xmlns="" />
          </Parent>
        </Code>
        <Code id="066045" urn="urn:sdmx:org.sdmx.infomodel.codelist.Code=IT1:CL_REFAREA(1.2).066045">
          <Name xml:lang="it" xmlns="http://www.sdmx.org/resources/sdmxml/schemas/v2_1/common">Gagliano Aterno</Name>
          <Name xml:lang="en" xmlns="http://www.sdmx.org/resources/sdmxml/schemas/v2_1/common">Gagliano Aterno</Name>
          <Parent>
            <Ref id="ITF11" xmlns="" />
          </Parent>
        </Code>
        <Code id="066046" urn="urn:sdmx:org.sdmx.infomodel.codelist.Code=IT1:CL_REFAREA(1.2).066046">
          <Name xml:lang="it" xmlns="http://www.sdmx.org/resources/sdmxml/schemas/v2_1/common">Gioia dei Marsi</Name>
          <Name xml:lang="en" xmlns="http://www.sdmx.org/resources/sdmxml/schemas/v2_1/common">Gioia dei Marsi</Name>
          <Parent>
            <Ref id="ITF11" xmlns="" />
          </Parent>
        </Code>
        <Code id="066047" urn="urn:sdmx:org.sdmx.infomodel.codelist.Code=IT1:CL_REFAREA(1.2).066047">
          <Name xml:lang="it" xmlns="http://www.sdmx.org/resources/sdmxml/schemas/v2_1/common">Goriano Sicoli</Name>
          <Name xml:lang="en" xmlns="http://www.sdmx.org/resources/sdmxml/schemas/v2_1/common">Goriano Sicoli</Name>
          <Parent>
            <Ref id="ITF11" xmlns="" />
          </Parent>
        </Code>
        <Code id="066048" urn="urn:sdmx:org.sdmx.infomodel.codelist.Code=IT1:CL_REFAREA(1.2).066048">
          <Name xml:lang="it" xmlns="http://www.sdmx.org/resources/sdmxml/schemas/v2_1/common">Introdacqua</Name>
          <Name xml:lang="en" xmlns="http://www.sdmx.org/resources/sdmxml/schemas/v2_1/common">Introdacqua</Name>
          <Parent>
            <Ref id="ITF11" xmlns="" />
          </Parent>
        </Code>
        <Code id="066049" urn="urn:sdmx:org.sdmx.infomodel.codelist.Code=IT1:CL_REFAREA(1.2).066049">
          <Name xml:lang="it" xmlns="http://www.sdmx.org/resources/sdmxml/schemas/v2_1/common">L'Aquila</Name>
          <Name xml:lang="en" xmlns="http://www.sdmx.org/resources/sdmxml/schemas/v2_1/common">L'Aquila</Name>
          <Parent>
            <Ref id="ITF11" xmlns="" />
          </Parent>
        </Code>
        <Code id="066050" urn="urn:sdmx:org.sdmx.infomodel.codelist.Code=IT1:CL_REFAREA(1.2).066050">
          <Name xml:lang="it" xmlns="http://www.sdmx.org/resources/sdmxml/schemas/v2_1/common">Lecce nei Marsi</Name>
          <Name xml:lang="en" xmlns="http://www.sdmx.org/resources/sdmxml/schemas/v2_1/common">Lecce nei Marsi</Name>
          <Parent>
            <Ref id="ITF11" xmlns="" />
          </Parent>
        </Code>
        <Code id="066051" urn="urn:sdmx:org.sdmx.infomodel.codelist.Code=IT1:CL_REFAREA(1.2).066051">
          <Name xml:lang="it" xmlns="http://www.sdmx.org/resources/sdmxml/schemas/v2_1/common">Luco dei Marsi</Name>
          <Name xml:lang="en" xmlns="http://www.sdmx.org/resources/sdmxml/schemas/v2_1/common">Luco dei Marsi</Name>
          <Parent>
            <Ref id="ITF11" xmlns="" />
          </Parent>
        </Code>
        <Code id="066052" urn="urn:sdmx:org.sdmx.infomodel.codelist.Code=IT1:CL_REFAREA(1.2).066052">
          <Name xml:lang="it" xmlns="http://www.sdmx.org/resources/sdmxml/schemas/v2_1/common">Lucoli</Name>
          <Name xml:lang="en" xmlns="http://www.sdmx.org/resources/sdmxml/schemas/v2_1/common">Lucoli</Name>
          <Parent>
            <Ref id="ITF11" xmlns="" />
          </Parent>
        </Code>
        <Code id="066053" urn="urn:sdmx:org.sdmx.infomodel.codelist.Code=IT1:CL_REFAREA(1.2).066053">
          <Name xml:lang="it" xmlns="http://www.sdmx.org/resources/sdmxml/schemas/v2_1/common">Magliano de' Marsi</Name>
          <Name xml:lang="en" xmlns="http://www.sdmx.org/resources/sdmxml/schemas/v2_1/common">Magliano de' Marsi</Name>
          <Parent>
            <Ref id="ITF11" xmlns="" />
          </Parent>
        </Code>
        <Code id="066054" urn="urn:sdmx:org.sdmx.infomodel.codelist.Code=IT1:CL_REFAREA(1.2).066054">
          <Name xml:lang="it" xmlns="http://www.sdmx.org/resources/sdmxml/schemas/v2_1/common">Massa d'Albe</Name>
          <Name xml:lang="en" xmlns="http://www.sdmx.org/resources/sdmxml/schemas/v2_1/common">Massa d'Albe</Name>
          <Parent>
            <Ref id="ITF11" xmlns="" />
          </Parent>
        </Code>
        <Code id="066055" urn="urn:sdmx:org.sdmx.infomodel.codelist.Code=IT1:CL_REFAREA(1.2).066055">
          <Name xml:lang="it" xmlns="http://www.sdmx.org/resources/sdmxml/schemas/v2_1/common">Molina Aterno</Name>
          <Name xml:lang="en" xmlns="http://www.sdmx.org/resources/sdmxml/schemas/v2_1/common">Molina Aterno</Name>
          <Parent>
            <Ref id="ITF11" xmlns="" />
          </Parent>
        </Code>
        <Code id="066056" urn="urn:sdmx:org.sdmx.infomodel.codelist.Code=IT1:CL_REFAREA(1.2).066056">
          <Name xml:lang="it" xmlns="http://www.sdmx.org/resources/sdmxml/schemas/v2_1/common">Montereale</Name>
          <Name xml:lang="en" xmlns="http://www.sdmx.org/resources/sdmxml/schemas/v2_1/common">Montereale</Name>
          <Parent>
            <Ref id="ITF11" xmlns="" />
          </Parent>
        </Code>
        <Code id="066057" urn="urn:sdmx:org.sdmx.infomodel.codelist.Code=IT1:CL_REFAREA(1.2).066057">
          <Name xml:lang="it" xmlns="http://www.sdmx.org/resources/sdmxml/schemas/v2_1/common">Morino</Name>
          <Name xml:lang="en" xmlns="http://www.sdmx.org/resources/sdmxml/schemas/v2_1/common">Morino</Name>
          <Parent>
            <Ref id="ITF11" xmlns="" />
          </Parent>
        </Code>
        <Code id="066058" urn="urn:sdmx:org.sdmx.infomodel.codelist.Code=IT1:CL_REFAREA(1.2).066058">
          <Name xml:lang="it" xmlns="http://www.sdmx.org/resources/sdmxml/schemas/v2_1/common">Navelli</Name>
          <Name xml:lang="en" xmlns="http://www.sdmx.org/resources/sdmxml/schemas/v2_1/common">Navelli</Name>
          <Parent>
            <Ref id="ITF11" xmlns="" />
          </Parent>
        </Code>
        <Code id="066059" urn="urn:sdmx:org.sdmx.infomodel.codelist.Code=IT1:CL_REFAREA(1.2).066059">
          <Name xml:lang="it" xmlns="http://www.sdmx.org/resources/sdmxml/schemas/v2_1/common">Ocre</Name>
          <Name xml:lang="en" xmlns="http://www.sdmx.org/resources/sdmxml/schemas/v2_1/common">Ocre</Name>
          <Parent>
            <Ref id="ITF11" xmlns="" />
          </Parent>
        </Code>
        <Code id="066060" urn="urn:sdmx:org.sdmx.infomodel.codelist.Code=IT1:CL_REFAREA(1.2).066060">
          <Name xml:lang="it" xmlns="http://www.sdmx.org/resources/sdmxml/schemas/v2_1/common">Ofena</Name>
          <Name xml:lang="en" xmlns="http://www.sdmx.org/resources/sdmxml/schemas/v2_1/common">Ofena</Name>
          <Parent>
            <Ref id="ITF11" xmlns="" />
          </Parent>
        </Code>
        <Code id="066061" urn="urn:sdmx:org.sdmx.infomodel.codelist.Code=IT1:CL_REFAREA(1.2).066061">
          <Name xml:lang="it" xmlns="http://www.sdmx.org/resources/sdmxml/schemas/v2_1/common">Opi</Name>
          <Name xml:lang="en" xmlns="http://www.sdmx.org/resources/sdmxml/schemas/v2_1/common">Opi</Name>
          <Parent>
            <Ref id="ITF11" xmlns="" />
          </Parent>
        </Code>
        <Code id="066062" urn="urn:sdmx:org.sdmx.infomodel.codelist.Code=IT1:CL_REFAREA(1.2).066062">
          <Name xml:lang="it" xmlns="http://www.sdmx.org/resources/sdmxml/schemas/v2_1/common">Oricola</Name>
          <Name xml:lang="en" xmlns="http://www.sdmx.org/resources/sdmxml/schemas/v2_1/common">Oricola</Name>
          <Parent>
            <Ref id="ITF11" xmlns="" />
          </Parent>
        </Code>
        <Code id="066063" urn="urn:sdmx:org.sdmx.infomodel.codelist.Code=IT1:CL_REFAREA(1.2).066063">
          <Name xml:lang="it" xmlns="http://www.sdmx.org/resources/sdmxml/schemas/v2_1/common">Ortona dei Marsi</Name>
          <Name xml:lang="en" xmlns="http://www.sdmx.org/resources/sdmxml/schemas/v2_1/common">Ortona dei Marsi</Name>
          <Parent>
            <Ref id="ITF11" xmlns="" />
          </Parent>
        </Code>
        <Code id="066064" urn="urn:sdmx:org.sdmx.infomodel.codelist.Code=IT1:CL_REFAREA(1.2).066064">
          <Name xml:lang="it" xmlns="http://www.sdmx.org/resources/sdmxml/schemas/v2_1/common">Ortucchio</Name>
          <Name xml:lang="en" xmlns="http://www.sdmx.org/resources/sdmxml/schemas/v2_1/common">Ortucchio</Name>
          <Parent>
            <Ref id="ITF11" xmlns="" />
          </Parent>
        </Code>
        <Code id="066065" urn="urn:sdmx:org.sdmx.infomodel.codelist.Code=IT1:CL_REFAREA(1.2).066065">
          <Name xml:lang="it" xmlns="http://www.sdmx.org/resources/sdmxml/schemas/v2_1/common">Ovindoli</Name>
          <Name xml:lang="en" xmlns="http://www.sdmx.org/resources/sdmxml/schemas/v2_1/common">Ovindoli</Name>
          <Parent>
            <Ref id="ITF11" xmlns="" />
          </Parent>
        </Code>
        <Code id="066066" urn="urn:sdmx:org.sdmx.infomodel.codelist.Code=IT1:CL_REFAREA(1.2).066066">
          <Name xml:lang="it" xmlns="http://www.sdmx.org/resources/sdmxml/schemas/v2_1/common">Pacentro</Name>
          <Name xml:lang="en" xmlns="http://www.sdmx.org/resources/sdmxml/schemas/v2_1/common">Pacentro</Name>
          <Parent>
            <Ref id="ITF11" xmlns="" />
          </Parent>
        </Code>
        <Code id="066067" urn="urn:sdmx:org.sdmx.infomodel.codelist.Code=IT1:CL_REFAREA(1.2).066067">
          <Name xml:lang="it" xmlns="http://www.sdmx.org/resources/sdmxml/schemas/v2_1/common">Pereto</Name>
          <Name xml:lang="en" xmlns="http://www.sdmx.org/resources/sdmxml/schemas/v2_1/common">Pereto</Name>
          <Parent>
            <Ref id="ITF11" xmlns="" />
          </Parent>
        </Code>
        <Code id="066068" urn="urn:sdmx:org.sdmx.infomodel.codelist.Code=IT1:CL_REFAREA(1.2).066068">
          <Name xml:lang="it" xmlns="http://www.sdmx.org/resources/sdmxml/schemas/v2_1/common">Pescasseroli</Name>
          <Name xml:lang="en" xmlns="http://www.sdmx.org/resources/sdmxml/schemas/v2_1/common">Pescasseroli</Name>
          <Parent>
            <Ref id="ITF11" xmlns="" />
          </Parent>
        </Code>
        <Code id="066069" urn="urn:sdmx:org.sdmx.infomodel.codelist.Code=IT1:CL_REFAREA(1.2).066069">
          <Name xml:lang="it" xmlns="http://www.sdmx.org/resources/sdmxml/schemas/v2_1/common">Pescina</Name>
          <Name xml:lang="en" xmlns="http://www.sdmx.org/resources/sdmxml/schemas/v2_1/common">Pescina</Name>
          <Parent>
            <Ref id="ITF11" xmlns="" />
          </Parent>
        </Code>
        <Code id="066070" urn="urn:sdmx:org.sdmx.infomodel.codelist.Code=IT1:CL_REFAREA(1.2).066070">
          <Name xml:lang="it" xmlns="http://www.sdmx.org/resources/sdmxml/schemas/v2_1/common">Pescocostanzo</Name>
          <Name xml:lang="en" xmlns="http://www.sdmx.org/resources/sdmxml/schemas/v2_1/common">Pescocostanzo</Name>
          <Parent>
            <Ref id="ITF11" xmlns="" />
          </Parent>
        </Code>
        <Code id="066071" urn="urn:sdmx:org.sdmx.infomodel.codelist.Code=IT1:CL_REFAREA(1.2).066071">
          <Name xml:lang="it" xmlns="http://www.sdmx.org/resources/sdmxml/schemas/v2_1/common">Pettorano sul Gizio</Name>
          <Name xml:lang="en" xmlns="http://www.sdmx.org/resources/sdmxml/schemas/v2_1/common">Pettorano sul Gizio</Name>
          <Parent>
            <Ref id="ITF11" xmlns="" />
          </Parent>
        </Code>
        <Code id="066072" urn="urn:sdmx:org.sdmx.infomodel.codelist.Code=IT1:CL_REFAREA(1.2).066072">
          <Name xml:lang="it" xmlns="http://www.sdmx.org/resources/sdmxml/schemas/v2_1/common">Pizzoli</Name>
          <Name xml:lang="en" xmlns="http://www.sdmx.org/resources/sdmxml/schemas/v2_1/common">Pizzoli</Name>
          <Parent>
            <Ref id="ITF11" xmlns="" />
          </Parent>
        </Code>
        <Code id="066073" urn="urn:sdmx:org.sdmx.infomodel.codelist.Code=IT1:CL_REFAREA(1.2).066073">
          <Name xml:lang="it" xmlns="http://www.sdmx.org/resources/sdmxml/schemas/v2_1/common">Poggio Picenze</Name>
          <Name xml:lang="en" xmlns="http://www.sdmx.org/resources/sdmxml/schemas/v2_1/common">Poggio Picenze</Name>
          <Parent>
            <Ref id="ITF11" xmlns="" />
          </Parent>
        </Code>
        <Code id="066074" urn="urn:sdmx:org.sdmx.infomodel.codelist.Code=IT1:CL_REFAREA(1.2).066074">
          <Name xml:lang="it" xmlns="http://www.sdmx.org/resources/sdmxml/schemas/v2_1/common">Prata d'Ansidonia</Name>
          <Name xml:lang="en" xmlns="http://www.sdmx.org/resources/sdmxml/schemas/v2_1/common">Prata d'Ansidonia</Name>
          <Parent>
            <Ref id="ITF11" xmlns="" />
          </Parent>
        </Code>
        <Code id="066075" urn="urn:sdmx:org.sdmx.infomodel.codelist.Code=IT1:CL_REFAREA(1.2).066075">
          <Name xml:lang="it" xmlns="http://www.sdmx.org/resources/sdmxml/schemas/v2_1/common">Pratola Peligna</Name>
          <Name xml:lang="en" xmlns="http://www.sdmx.org/resources/sdmxml/schemas/v2_1/common">Pratola Peligna</Name>
          <Parent>
            <Ref id="ITF11" xmlns="" />
          </Parent>
        </Code>
        <Code id="066076" urn="urn:sdmx:org.sdmx.infomodel.codelist.Code=IT1:CL_REFAREA(1.2).066076">
          <Name xml:lang="it" xmlns="http://www.sdmx.org/resources/sdmxml/schemas/v2_1/common">Prezza</Name>
          <Name xml:lang="en" xmlns="http://www.sdmx.org/resources/sdmxml/schemas/v2_1/common">Prezza</Name>
          <Parent>
            <Ref id="ITF11" xmlns="" />
          </Parent>
        </Code>
        <Code id="066077" urn="urn:sdmx:org.sdmx.infomodel.codelist.Code=IT1:CL_REFAREA(1.2).066077">
          <Name xml:lang="it" xmlns="http://www.sdmx.org/resources/sdmxml/schemas/v2_1/common">Raiano</Name>
          <Name xml:lang="en" xmlns="http://www.sdmx.org/resources/sdmxml/schemas/v2_1/common">Raiano</Name>
          <Parent>
            <Ref id="ITF11" xmlns="" />
          </Parent>
        </Code>
        <Code id="066078" urn="urn:sdmx:org.sdmx.infomodel.codelist.Code=IT1:CL_REFAREA(1.2).066078">
          <Name xml:lang="it" xmlns="http://www.sdmx.org/resources/sdmxml/schemas/v2_1/common">Rivisondoli</Name>
          <Name xml:lang="en" xmlns="http://www.sdmx.org/resources/sdmxml/schemas/v2_1/common">Rivisondoli</Name>
          <Parent>
            <Ref id="ITF11" xmlns="" />
          </Parent>
        </Code>
        <Code id="066079" urn="urn:sdmx:org.sdmx.infomodel.codelist.Code=IT1:CL_REFAREA(1.2).066079">
          <Name xml:lang="it" xmlns="http://www.sdmx.org/resources/sdmxml/schemas/v2_1/common">Roccacasale</Name>
          <Name xml:lang="en" xmlns="http://www.sdmx.org/resources/sdmxml/schemas/v2_1/common">Roccacasale</Name>
          <Parent>
            <Ref id="ITF11" xmlns="" />
          </Parent>
        </Code>
        <Code id="066080" urn="urn:sdmx:org.sdmx.infomodel.codelist.Code=IT1:CL_REFAREA(1.2).066080">
          <Name xml:lang="it" xmlns="http://www.sdmx.org/resources/sdmxml/schemas/v2_1/common">Rocca di Botte</Name>
          <Name xml:lang="en" xmlns="http://www.sdmx.org/resources/sdmxml/schemas/v2_1/common">Rocca di Botte</Name>
          <Parent>
            <Ref id="ITF11" xmlns="" />
          </Parent>
        </Code>
        <Code id="066081" urn="urn:sdmx:org.sdmx.infomodel.codelist.Code=IT1:CL_REFAREA(1.2).066081">
          <Name xml:lang="it" xmlns="http://www.sdmx.org/resources/sdmxml/schemas/v2_1/common">Rocca di Cambio</Name>
          <Name xml:lang="en" xmlns="http://www.sdmx.org/resources/sdmxml/schemas/v2_1/common">Rocca di Cambio</Name>
          <Parent>
            <Ref id="ITF11" xmlns="" />
          </Parent>
        </Code>
        <Code id="066082" urn="urn:sdmx:org.sdmx.infomodel.codelist.Code=IT1:CL_REFAREA(1.2).066082">
          <Name xml:lang="it" xmlns="http://www.sdmx.org/resources/sdmxml/schemas/v2_1/common">Rocca di Mezzo</Name>
          <Name xml:lang="en" xmlns="http://www.sdmx.org/resources/sdmxml/schemas/v2_1/common">Rocca di Mezzo</Name>
          <Parent>
            <Ref id="ITF11" xmlns="" />
          </Parent>
        </Code>
        <Code id="066083" urn="urn:sdmx:org.sdmx.infomodel.codelist.Code=IT1:CL_REFAREA(1.2).066083">
          <Name xml:lang="it" xmlns="http://www.sdmx.org/resources/sdmxml/schemas/v2_1/common">Rocca Pia</Name>
          <Name xml:lang="en" xmlns="http://www.sdmx.org/resources/sdmxml/schemas/v2_1/common">Rocca Pia</Name>
          <Parent>
            <Ref id="ITF11" xmlns="" />
          </Parent>
        </Code>
        <Code id="066084" urn="urn:sdmx:org.sdmx.infomodel.codelist.Code=IT1:CL_REFAREA(1.2).066084">
          <Name xml:lang="it" xmlns="http://www.sdmx.org/resources/sdmxml/schemas/v2_1/common">Roccaraso</Name>
          <Name xml:lang="en" xmlns="http://www.sdmx.org/resources/sdmxml/schemas/v2_1/common">Roccaraso</Name>
          <Parent>
            <Ref id="ITF11" xmlns="" />
          </Parent>
        </Code>
        <Code id="066085" urn="urn:sdmx:org.sdmx.infomodel.codelist.Code=IT1:CL_REFAREA(1.2).066085">
          <Name xml:lang="it" xmlns="http://www.sdmx.org/resources/sdmxml/schemas/v2_1/common">San Benedetto dei Marsi</Name>
          <Name xml:lang="en" xmlns="http://www.sdmx.org/resources/sdmxml/schemas/v2_1/common">San Benedetto dei Marsi</Name>
          <Parent>
            <Ref id="ITF11" xmlns="" />
          </Parent>
        </Code>
        <Code id="066086" urn="urn:sdmx:org.sdmx.infomodel.codelist.Code=IT1:CL_REFAREA(1.2).066086">
          <Name xml:lang="it" xmlns="http://www.sdmx.org/resources/sdmxml/schemas/v2_1/common">San Benedetto in Perillis</Name>
          <Name xml:lang="en" xmlns="http://www.sdmx.org/resources/sdmxml/schemas/v2_1/common">San Benedetto in Perillis</Name>
          <Parent>
            <Ref id="ITF11" xmlns="" />
          </Parent>
        </Code>
        <Code id="066087" urn="urn:sdmx:org.sdmx.infomodel.codelist.Code=IT1:CL_REFAREA(1.2).066087">
          <Name xml:lang="it" xmlns="http://www.sdmx.org/resources/sdmxml/schemas/v2_1/common">San Demetrio ne' Vestini</Name>
          <Name xml:lang="en" xmlns="http://www.sdmx.org/resources/sdmxml/schemas/v2_1/common">San Demetrio ne' Vestini</Name>
          <Parent>
            <Ref id="ITF11" xmlns="" />
          </Parent>
        </Code>
        <Code id="066088" urn="urn:sdmx:org.sdmx.infomodel.codelist.Code=IT1:CL_REFAREA(1.2).066088">
          <Name xml:lang="it" xmlns="http://www.sdmx.org/resources/sdmxml/schemas/v2_1/common">San Pio delle Camere</Name>
          <Name xml:lang="en" xmlns="http://www.sdmx.org/resources/sdmxml/schemas/v2_1/common">San Pio delle Camere</Name>
          <Parent>
            <Ref id="ITF11" xmlns="" />
          </Parent>
        </Code>
        <Code id="066089" urn="urn:sdmx:org.sdmx.infomodel.codelist.Code=IT1:CL_REFAREA(1.2).066089">
          <Name xml:lang="it" xmlns="http://www.sdmx.org/resources/sdmxml/schemas/v2_1/common">Sante Marie</Name>
          <Name xml:lang="en" xmlns="http://www.sdmx.org/resources/sdmxml/schemas/v2_1/common">Sante Marie</Name>
          <Parent>
            <Ref id="ITF11" xmlns="" />
          </Parent>
        </Code>
        <Code id="066090" urn="urn:sdmx:org.sdmx.infomodel.codelist.Code=IT1:CL_REFAREA(1.2).066090">
          <Name xml:lang="it" xmlns="http://www.sdmx.org/resources/sdmxml/schemas/v2_1/common">Sant'Eusanio Forconese</Name>
          <Name xml:lang="en" xmlns="http://www.sdmx.org/resources/sdmxml/schemas/v2_1/common">Sant'Eusanio Forconese</Name>
          <Parent>
            <Ref id="ITF11" xmlns="" />
          </Parent>
        </Code>
        <Code id="066091" urn="urn:sdmx:org.sdmx.infomodel.codelist.Code=IT1:CL_REFAREA(1.2).066091">
          <Name xml:lang="it" xmlns="http://www.sdmx.org/resources/sdmxml/schemas/v2_1/common">Santo Stefano di Sessanio</Name>
          <Name xml:lang="en" xmlns="http://www.sdmx.org/resources/sdmxml/schemas/v2_1/common">Santo Stefano di Sessanio</Name>
          <Parent>
            <Ref id="ITF11" xmlns="" />
          </Parent>
        </Code>
        <Code id="066092" urn="urn:sdmx:org.sdmx.infomodel.codelist.Code=IT1:CL_REFAREA(1.2).066092">
          <Name xml:lang="it" xmlns="http://www.sdmx.org/resources/sdmxml/schemas/v2_1/common">San Vincenzo Valle Roveto</Name>
          <Name xml:lang="en" xmlns="http://www.sdmx.org/resources/sdmxml/schemas/v2_1/common">San Vincenzo Valle Roveto</Name>
          <Parent>
            <Ref id="ITF11" xmlns="" />
          </Parent>
        </Code>
        <Code id="066093" urn="urn:sdmx:org.sdmx.infomodel.codelist.Code=IT1:CL_REFAREA(1.2).066093">
          <Name xml:lang="it" xmlns="http://www.sdmx.org/resources/sdmxml/schemas/v2_1/common">Scanno</Name>
          <Name xml:lang="en" xmlns="http://www.sdmx.org/resources/sdmxml/schemas/v2_1/common">Scanno</Name>
          <Parent>
            <Ref id="ITF11" xmlns="" />
          </Parent>
        </Code>
        <Code id="066094" urn="urn:sdmx:org.sdmx.infomodel.codelist.Code=IT1:CL_REFAREA(1.2).066094">
          <Name xml:lang="it" xmlns="http://www.sdmx.org/resources/sdmxml/schemas/v2_1/common">Scontrone</Name>
          <Name xml:lang="en" xmlns="http://www.sdmx.org/resources/sdmxml/schemas/v2_1/common">Scontrone</Name>
          <Parent>
            <Ref id="ITF11" xmlns="" />
          </Parent>
        </Code>
        <Code id="066095" urn="urn:sdmx:org.sdmx.infomodel.codelist.Code=IT1:CL_REFAREA(1.2).066095">
          <Name xml:lang="it" xmlns="http://www.sdmx.org/resources/sdmxml/schemas/v2_1/common">Scoppito</Name>
          <Name xml:lang="en" xmlns="http://www.sdmx.org/resources/sdmxml/schemas/v2_1/common">Scoppito</Name>
          <Parent>
            <Ref id="ITF11" xmlns="" />
          </Parent>
        </Code>
        <Code id="066096" urn="urn:sdmx:org.sdmx.infomodel.codelist.Code=IT1:CL_REFAREA(1.2).066096">
          <Name xml:lang="it" xmlns="http://www.sdmx.org/resources/sdmxml/schemas/v2_1/common">Scurcola Marsicana</Name>
          <Name xml:lang="en" xmlns="http://www.sdmx.org/resources/sdmxml/schemas/v2_1/common">Scurcola Marsicana</Name>
          <Parent>
            <Ref id="ITF11" xmlns="" />
          </Parent>
        </Code>
        <Code id="066097" urn="urn:sdmx:org.sdmx.infomodel.codelist.Code=IT1:CL_REFAREA(1.2).066097">
          <Name xml:lang="it" xmlns="http://www.sdmx.org/resources/sdmxml/schemas/v2_1/common">Secinaro</Name>
          <Name xml:lang="en" xmlns="http://www.sdmx.org/resources/sdmxml/schemas/v2_1/common">Secinaro</Name>
          <Parent>
            <Ref id="ITF11" xmlns="" />
          </Parent>
        </Code>
        <Code id="066098" urn="urn:sdmx:org.sdmx.infomodel.codelist.Code=IT1:CL_REFAREA(1.2).066098">
          <Name xml:lang="it" xmlns="http://www.sdmx.org/resources/sdmxml/schemas/v2_1/common">Sulmona</Name>
          <Name xml:lang="en" xmlns="http://www.sdmx.org/resources/sdmxml/schemas/v2_1/common">Sulmona</Name>
          <Parent>
            <Ref id="ITF11" xmlns="" />
          </Parent>
        </Code>
        <Code id="066099" urn="urn:sdmx:org.sdmx.infomodel.codelist.Code=IT1:CL_REFAREA(1.2).066099">
          <Name xml:lang="it" xmlns="http://www.sdmx.org/resources/sdmxml/schemas/v2_1/common">Tagliacozzo</Name>
          <Name xml:lang="en" xmlns="http://www.sdmx.org/resources/sdmxml/schemas/v2_1/common">Tagliacozzo</Name>
          <Parent>
            <Ref id="ITF11" xmlns="" />
          </Parent>
        </Code>
        <Code id="066100" urn="urn:sdmx:org.sdmx.infomodel.codelist.Code=IT1:CL_REFAREA(1.2).066100">
          <Name xml:lang="it" xmlns="http://www.sdmx.org/resources/sdmxml/schemas/v2_1/common">Tione degli Abruzzi</Name>
          <Name xml:lang="en" xmlns="http://www.sdmx.org/resources/sdmxml/schemas/v2_1/common">Tione degli Abruzzi</Name>
          <Parent>
            <Ref id="ITF11" xmlns="" />
          </Parent>
        </Code>
        <Code id="066101" urn="urn:sdmx:org.sdmx.infomodel.codelist.Code=IT1:CL_REFAREA(1.2).066101">
          <Name xml:lang="it" xmlns="http://www.sdmx.org/resources/sdmxml/schemas/v2_1/common">Tornimparte</Name>
          <Name xml:lang="en" xmlns="http://www.sdmx.org/resources/sdmxml/schemas/v2_1/common">Tornimparte</Name>
          <Parent>
            <Ref id="ITF11" xmlns="" />
          </Parent>
        </Code>
        <Code id="066102" urn="urn:sdmx:org.sdmx.infomodel.codelist.Code=IT1:CL_REFAREA(1.2).066102">
          <Name xml:lang="it" xmlns="http://www.sdmx.org/resources/sdmxml/schemas/v2_1/common">Trasacco</Name>
          <Name xml:lang="en" xmlns="http://www.sdmx.org/resources/sdmxml/schemas/v2_1/common">Trasacco</Name>
          <Parent>
            <Ref id="ITF11" xmlns="" />
          </Parent>
        </Code>
        <Code id="066103" urn="urn:sdmx:org.sdmx.infomodel.codelist.Code=IT1:CL_REFAREA(1.2).066103">
          <Name xml:lang="it" xmlns="http://www.sdmx.org/resources/sdmxml/schemas/v2_1/common">Villalago</Name>
          <Name xml:lang="en" xmlns="http://www.sdmx.org/resources/sdmxml/schemas/v2_1/common">Villalago</Name>
          <Parent>
            <Ref id="ITF11" xmlns="" />
          </Parent>
        </Code>
        <Code id="066104" urn="urn:sdmx:org.sdmx.infomodel.codelist.Code=IT1:CL_REFAREA(1.2).066104">
          <Name xml:lang="it" xmlns="http://www.sdmx.org/resources/sdmxml/schemas/v2_1/common">Villa Santa Lucia degli Abruzzi</Name>
          <Name xml:lang="en" xmlns="http://www.sdmx.org/resources/sdmxml/schemas/v2_1/common">Villa Santa Lucia degli Abruzzi</Name>
          <Parent>
            <Ref id="ITF11" xmlns="" />
          </Parent>
        </Code>
        <Code id="066105" urn="urn:sdmx:org.sdmx.infomodel.codelist.Code=IT1:CL_REFAREA(1.2).066105">
          <Name xml:lang="it" xmlns="http://www.sdmx.org/resources/sdmxml/schemas/v2_1/common">Villa Sant'Angelo</Name>
          <Name xml:lang="en" xmlns="http://www.sdmx.org/resources/sdmxml/schemas/v2_1/common">Villa Sant'Angelo</Name>
          <Parent>
            <Ref id="ITF11" xmlns="" />
          </Parent>
        </Code>
        <Code id="066106" urn="urn:sdmx:org.sdmx.infomodel.codelist.Code=IT1:CL_REFAREA(1.2).066106">
          <Name xml:lang="it" xmlns="http://www.sdmx.org/resources/sdmxml/schemas/v2_1/common">Villavallelonga</Name>
          <Name xml:lang="en" xmlns="http://www.sdmx.org/resources/sdmxml/schemas/v2_1/common">Villavallelonga</Name>
          <Parent>
            <Ref id="ITF11" xmlns="" />
          </Parent>
        </Code>
        <Code id="066107" urn="urn:sdmx:org.sdmx.infomodel.codelist.Code=IT1:CL_REFAREA(1.2).066107">
          <Name xml:lang="it" xmlns="http://www.sdmx.org/resources/sdmxml/schemas/v2_1/common">Villetta Barrea</Name>
          <Name xml:lang="en" xmlns="http://www.sdmx.org/resources/sdmxml/schemas/v2_1/common">Villetta Barrea</Name>
          <Parent>
            <Ref id="ITF11" xmlns="" />
          </Parent>
        </Code>
        <Code id="066108" urn="urn:sdmx:org.sdmx.infomodel.codelist.Code=IT1:CL_REFAREA(1.2).066108">
          <Name xml:lang="it" xmlns="http://www.sdmx.org/resources/sdmxml/schemas/v2_1/common">Vittorito</Name>
          <Name xml:lang="en" xmlns="http://www.sdmx.org/resources/sdmxml/schemas/v2_1/common">Vittorito</Name>
          <Parent>
            <Ref id="ITF11" xmlns="" />
          </Parent>
        </Code>
        <Code id="067001" urn="urn:sdmx:org.sdmx.infomodel.codelist.Code=IT1:CL_REFAREA(1.2).067001">
          <Name xml:lang="it" xmlns="http://www.sdmx.org/resources/sdmxml/schemas/v2_1/common">Alba Adriatica</Name>
          <Name xml:lang="en" xmlns="http://www.sdmx.org/resources/sdmxml/schemas/v2_1/common">Alba Adriatica</Name>
          <Parent>
            <Ref id="ITF12" xmlns="" />
          </Parent>
        </Code>
        <Code id="067002" urn="urn:sdmx:org.sdmx.infomodel.codelist.Code=IT1:CL_REFAREA(1.2).067002">
          <Name xml:lang="it" xmlns="http://www.sdmx.org/resources/sdmxml/schemas/v2_1/common">Ancarano</Name>
          <Name xml:lang="en" xmlns="http://www.sdmx.org/resources/sdmxml/schemas/v2_1/common">Ancarano</Name>
          <Parent>
            <Ref id="ITF12" xmlns="" />
          </Parent>
        </Code>
        <Code id="067003" urn="urn:sdmx:org.sdmx.infomodel.codelist.Code=IT1:CL_REFAREA(1.2).067003">
          <Name xml:lang="it" xmlns="http://www.sdmx.org/resources/sdmxml/schemas/v2_1/common">Arsita</Name>
          <Name xml:lang="en" xmlns="http://www.sdmx.org/resources/sdmxml/schemas/v2_1/common">Arsita</Name>
          <Parent>
            <Ref id="ITF12" xmlns="" />
          </Parent>
        </Code>
        <Code id="067004" urn="urn:sdmx:org.sdmx.infomodel.codelist.Code=IT1:CL_REFAREA(1.2).067004">
          <Name xml:lang="it" xmlns="http://www.sdmx.org/resources/sdmxml/schemas/v2_1/common">Atri</Name>
          <Name xml:lang="en" xmlns="http://www.sdmx.org/resources/sdmxml/schemas/v2_1/common">Atri</Name>
          <Parent>
            <Ref id="ITF12" xmlns="" />
          </Parent>
        </Code>
        <Code id="067005" urn="urn:sdmx:org.sdmx.infomodel.codelist.Code=IT1:CL_REFAREA(1.2).067005">
          <Name xml:lang="it" xmlns="http://www.sdmx.org/resources/sdmxml/schemas/v2_1/common">Basciano</Name>
          <Name xml:lang="en" xmlns="http://www.sdmx.org/resources/sdmxml/schemas/v2_1/common">Basciano</Name>
          <Parent>
            <Ref id="ITF12" xmlns="" />
          </Parent>
        </Code>
        <Code id="067006" urn="urn:sdmx:org.sdmx.infomodel.codelist.Code=IT1:CL_REFAREA(1.2).067006">
          <Name xml:lang="it" xmlns="http://www.sdmx.org/resources/sdmxml/schemas/v2_1/common">Bellante</Name>
          <Name xml:lang="en" xmlns="http://www.sdmx.org/resources/sdmxml/schemas/v2_1/common">Bellante</Name>
          <Parent>
            <Ref id="ITF12" xmlns="" />
          </Parent>
        </Code>
        <Code id="067007" urn="urn:sdmx:org.sdmx.infomodel.codelist.Code=IT1:CL_REFAREA(1.2).067007">
          <Name xml:lang="it" xmlns="http://www.sdmx.org/resources/sdmxml/schemas/v2_1/common">Bisenti</Name>
          <Name xml:lang="en" xmlns="http://www.sdmx.org/resources/sdmxml/schemas/v2_1/common">Bisenti</Name>
          <Parent>
            <Ref id="ITF12" xmlns="" />
          </Parent>
        </Code>
        <Code id="067008" urn="urn:sdmx:org.sdmx.infomodel.codelist.Code=IT1:CL_REFAREA(1.2).067008">
          <Name xml:lang="it" xmlns="http://www.sdmx.org/resources/sdmxml/schemas/v2_1/common">Campli</Name>
          <Name xml:lang="en" xmlns="http://www.sdmx.org/resources/sdmxml/schemas/v2_1/common">Campli</Name>
          <Parent>
            <Ref id="ITF12" xmlns="" />
          </Parent>
        </Code>
        <Code id="067009" urn="urn:sdmx:org.sdmx.infomodel.codelist.Code=IT1:CL_REFAREA(1.2).067009">
          <Name xml:lang="it" xmlns="http://www.sdmx.org/resources/sdmxml/schemas/v2_1/common">Canzano</Name>
          <Name xml:lang="en" xmlns="http://www.sdmx.org/resources/sdmxml/schemas/v2_1/common">Canzano</Name>
          <Parent>
            <Ref id="ITF12" xmlns="" />
          </Parent>
        </Code>
        <Code id="067010" urn="urn:sdmx:org.sdmx.infomodel.codelist.Code=IT1:CL_REFAREA(1.2).067010">
          <Name xml:lang="it" xmlns="http://www.sdmx.org/resources/sdmxml/schemas/v2_1/common">Castel Castagna</Name>
          <Name xml:lang="en" xmlns="http://www.sdmx.org/resources/sdmxml/schemas/v2_1/common">Castel Castagna</Name>
          <Parent>
            <Ref id="ITF12" xmlns="" />
          </Parent>
        </Code>
        <Code id="067011" urn="urn:sdmx:org.sdmx.infomodel.codelist.Code=IT1:CL_REFAREA(1.2).067011">
          <Name xml:lang="it" xmlns="http://www.sdmx.org/resources/sdmxml/schemas/v2_1/common">Castellalto</Name>
          <Name xml:lang="en" xmlns="http://www.sdmx.org/resources/sdmxml/schemas/v2_1/common">Castellalto</Name>
          <Parent>
            <Ref id="ITF12" xmlns="" />
          </Parent>
        </Code>
        <Code id="067012" urn="urn:sdmx:org.sdmx.infomodel.codelist.Code=IT1:CL_REFAREA(1.2).067012">
          <Name xml:lang="it" xmlns="http://www.sdmx.org/resources/sdmxml/schemas/v2_1/common">Castelli</Name>
          <Name xml:lang="en" xmlns="http://www.sdmx.org/resources/sdmxml/schemas/v2_1/common">Castelli</Name>
          <Parent>
            <Ref id="ITF12" xmlns="" />
          </Parent>
        </Code>
        <Code id="067013" urn="urn:sdmx:org.sdmx.infomodel.codelist.Code=IT1:CL_REFAREA(1.2).067013">
          <Name xml:lang="it" xmlns="http://www.sdmx.org/resources/sdmxml/schemas/v2_1/common">Castiglione Messer Raimondo</Name>
          <Name xml:lang="en" xmlns="http://www.sdmx.org/resources/sdmxml/schemas/v2_1/common">Castiglione Messer Raimondo</Name>
          <Parent>
            <Ref id="ITF12" xmlns="" />
          </Parent>
        </Code>
        <Code id="067014" urn="urn:sdmx:org.sdmx.infomodel.codelist.Code=IT1:CL_REFAREA(1.2).067014">
          <Name xml:lang="it" xmlns="http://www.sdmx.org/resources/sdmxml/schemas/v2_1/common">Castilenti</Name>
          <Name xml:lang="en" xmlns="http://www.sdmx.org/resources/sdmxml/schemas/v2_1/common">Castilenti</Name>
          <Parent>
            <Ref id="ITF12" xmlns="" />
          </Parent>
        </Code>
        <Code id="067015" urn="urn:sdmx:org.sdmx.infomodel.codelist.Code=IT1:CL_REFAREA(1.2).067015">
          <Name xml:lang="it" xmlns="http://www.sdmx.org/resources/sdmxml/schemas/v2_1/common">Cellino Attanasio</Name>
          <Name xml:lang="en" xmlns="http://www.sdmx.org/resources/sdmxml/schemas/v2_1/common">Cellino Attanasio</Name>
          <Parent>
            <Ref id="ITF12" xmlns="" />
          </Parent>
        </Code>
        <Code id="067016" urn="urn:sdmx:org.sdmx.infomodel.codelist.Code=IT1:CL_REFAREA(1.2).067016">
          <Name xml:lang="it" xmlns="http://www.sdmx.org/resources/sdmxml/schemas/v2_1/common">Cermignano</Name>
          <Name xml:lang="en" xmlns="http://www.sdmx.org/resources/sdmxml/schemas/v2_1/common">Cermignano</Name>
          <Parent>
            <Ref id="ITF12" xmlns="" />
          </Parent>
        </Code>
        <Code id="067017" urn="urn:sdmx:org.sdmx.infomodel.codelist.Code=IT1:CL_REFAREA(1.2).067017">
          <Name xml:lang="it" xmlns="http://www.sdmx.org/resources/sdmxml/schemas/v2_1/common">Civitella del Tronto</Name>
          <Name xml:lang="en" xmlns="http://www.sdmx.org/resources/sdmxml/schemas/v2_1/common">Civitella del Tronto</Name>
          <Parent>
            <Ref id="ITF12" xmlns="" />
          </Parent>
        </Code>
        <Code id="067018" urn="urn:sdmx:org.sdmx.infomodel.codelist.Code=IT1:CL_REFAREA(1.2).067018">
          <Name xml:lang="it" xmlns="http://www.sdmx.org/resources/sdmxml/schemas/v2_1/common">Colledara</Name>
          <Name xml:lang="en" xmlns="http://www.sdmx.org/resources/sdmxml/schemas/v2_1/common">Colledara</Name>
          <Parent>
            <Ref id="ITF12" xmlns="" />
          </Parent>
        </Code>
        <Code id="067019" urn="urn:sdmx:org.sdmx.infomodel.codelist.Code=IT1:CL_REFAREA(1.2).067019">
          <Name xml:lang="it" xmlns="http://www.sdmx.org/resources/sdmxml/schemas/v2_1/common">Colonnella</Name>
          <Name xml:lang="en" xmlns="http://www.sdmx.org/resources/sdmxml/schemas/v2_1/common">Colonnella</Name>
          <Parent>
            <Ref id="ITF12" xmlns="" />
          </Parent>
        </Code>
        <Code id="067020" urn="urn:sdmx:org.sdmx.infomodel.codelist.Code=IT1:CL_REFAREA(1.2).067020">
          <Name xml:lang="it" xmlns="http://www.sdmx.org/resources/sdmxml/schemas/v2_1/common">Controguerra</Name>
          <Name xml:lang="en" xmlns="http://www.sdmx.org/resources/sdmxml/schemas/v2_1/common">Controguerra</Name>
          <Parent>
            <Ref id="ITF12" xmlns="" />
          </Parent>
        </Code>
        <Code id="067021" urn="urn:sdmx:org.sdmx.infomodel.codelist.Code=IT1:CL_REFAREA(1.2).067021">
          <Name xml:lang="it" xmlns="http://www.sdmx.org/resources/sdmxml/schemas/v2_1/common">Corropoli</Name>
          <Name xml:lang="en" xmlns="http://www.sdmx.org/resources/sdmxml/schemas/v2_1/common">Corropoli</Name>
          <Parent>
            <Ref id="ITF12" xmlns="" />
          </Parent>
        </Code>
        <Code id="067022" urn="urn:sdmx:org.sdmx.infomodel.codelist.Code=IT1:CL_REFAREA(1.2).067022">
          <Name xml:lang="it" xmlns="http://www.sdmx.org/resources/sdmxml/schemas/v2_1/common">Cortino</Name>
          <Name xml:lang="en" xmlns="http://www.sdmx.org/resources/sdmxml/schemas/v2_1/common">Cortino</Name>
          <Parent>
            <Ref id="ITF12" xmlns="" />
          </Parent>
        </Code>
        <Code id="067023" urn="urn:sdmx:org.sdmx.infomodel.codelist.Code=IT1:CL_REFAREA(1.2).067023">
          <Name xml:lang="it" xmlns="http://www.sdmx.org/resources/sdmxml/schemas/v2_1/common">Crognaleto</Name>
          <Name xml:lang="en" xmlns="http://www.sdmx.org/resources/sdmxml/schemas/v2_1/common">Crognaleto</Name>
          <Parent>
            <Ref id="ITF12" xmlns="" />
          </Parent>
        </Code>
        <Code id="067024" urn="urn:sdmx:org.sdmx.infomodel.codelist.Code=IT1:CL_REFAREA(1.2).067024">
          <Name xml:lang="it" xmlns="http://www.sdmx.org/resources/sdmxml/schemas/v2_1/common">Fano Adriano</Name>
          <Name xml:lang="en" xmlns="http://www.sdmx.org/resources/sdmxml/schemas/v2_1/common">Fano Adriano</Name>
          <Parent>
            <Ref id="ITF12" xmlns="" />
          </Parent>
        </Code>
        <Code id="067025" urn="urn:sdmx:org.sdmx.infomodel.codelist.Code=IT1:CL_REFAREA(1.2).067025">
          <Name xml:lang="it" xmlns="http://www.sdmx.org/resources/sdmxml/schemas/v2_1/common">Giulianova</Name>
          <Name xml:lang="en" xmlns="http://www.sdmx.org/resources/sdmxml/schemas/v2_1/common">Giulianova</Name>
          <Parent>
            <Ref id="ITF12" xmlns="" />
          </Parent>
        </Code>
        <Code id="067026" urn="urn:sdmx:org.sdmx.infomodel.codelist.Code=IT1:CL_REFAREA(1.2).067026">
          <Name xml:lang="it" xmlns="http://www.sdmx.org/resources/sdmxml/schemas/v2_1/common">Isola del Gran Sasso d'Italia</Name>
          <Name xml:lang="en" xmlns="http://www.sdmx.org/resources/sdmxml/schemas/v2_1/common">Isola del Gran Sasso d'Italia</Name>
          <Parent>
            <Ref id="ITF12" xmlns="" />
          </Parent>
        </Code>
        <Code id="067027" urn="urn:sdmx:org.sdmx.infomodel.codelist.Code=IT1:CL_REFAREA(1.2).067027">
          <Name xml:lang="it" xmlns="http://www.sdmx.org/resources/sdmxml/schemas/v2_1/common">Montefino</Name>
          <Name xml:lang="en" xmlns="http://www.sdmx.org/resources/sdmxml/schemas/v2_1/common">Montefino</Name>
          <Parent>
            <Ref id="ITF12" xmlns="" />
          </Parent>
        </Code>
        <Code id="067028" urn="urn:sdmx:org.sdmx.infomodel.codelist.Code=IT1:CL_REFAREA(1.2).067028">
          <Name xml:lang="it" xmlns="http://www.sdmx.org/resources/sdmxml/schemas/v2_1/common">Montorio al Vomano</Name>
          <Name xml:lang="en" xmlns="http://www.sdmx.org/resources/sdmxml/schemas/v2_1/common">Montorio al Vomano</Name>
          <Parent>
            <Ref id="ITF12" xmlns="" />
          </Parent>
        </Code>
        <Code id="067029" urn="urn:sdmx:org.sdmx.infomodel.codelist.Code=IT1:CL_REFAREA(1.2).067029">
          <Name xml:lang="it" xmlns="http://www.sdmx.org/resources/sdmxml/schemas/v2_1/common">Morro d'Oro</Name>
          <Name xml:lang="en" xmlns="http://www.sdmx.org/resources/sdmxml/schemas/v2_1/common">Morro d'Oro</Name>
          <Parent>
            <Ref id="ITF12" xmlns="" />
          </Parent>
        </Code>
        <Code id="067030" urn="urn:sdmx:org.sdmx.infomodel.codelist.Code=IT1:CL_REFAREA(1.2).067030">
          <Name xml:lang="it" xmlns="http://www.sdmx.org/resources/sdmxml/schemas/v2_1/common">Mosciano Sant'Angelo</Name>
          <Name xml:lang="en" xmlns="http://www.sdmx.org/resources/sdmxml/schemas/v2_1/common">Mosciano Sant'Angelo</Name>
          <Parent>
            <Ref id="ITF12" xmlns="" />
          </Parent>
        </Code>
        <Code id="067031" urn="urn:sdmx:org.sdmx.infomodel.codelist.Code=IT1:CL_REFAREA(1.2).067031">
          <Name xml:lang="it" xmlns="http://www.sdmx.org/resources/sdmxml/schemas/v2_1/common">Nereto</Name>
          <Name xml:lang="en" xmlns="http://www.sdmx.org/resources/sdmxml/schemas/v2_1/common">Nereto</Name>
          <Parent>
            <Ref id="ITF12" xmlns="" />
          </Parent>
        </Code>
        <Code id="067032" urn="urn:sdmx:org.sdmx.infomodel.codelist.Code=IT1:CL_REFAREA(1.2).067032">
          <Name xml:lang="it" xmlns="http://www.sdmx.org/resources/sdmxml/schemas/v2_1/common">Notaresco</Name>
          <Name xml:lang="en" xmlns="http://www.sdmx.org/resources/sdmxml/schemas/v2_1/common">Notaresco</Name>
          <Parent>
            <Ref id="ITF12" xmlns="" />
          </Parent>
        </Code>
        <Code id="067033" urn="urn:sdmx:org.sdmx.infomodel.codelist.Code=IT1:CL_REFAREA(1.2).067033">
          <Name xml:lang="it" xmlns="http://www.sdmx.org/resources/sdmxml/schemas/v2_1/common">Penna Sant'Andrea</Name>
          <Name xml:lang="en" xmlns="http://www.sdmx.org/resources/sdmxml/schemas/v2_1/common">Penna Sant'Andrea</Name>
          <Parent>
            <Ref id="ITF12" xmlns="" />
          </Parent>
        </Code>
        <Code id="067034" urn="urn:sdmx:org.sdmx.infomodel.codelist.Code=IT1:CL_REFAREA(1.2).067034">
          <Name xml:lang="it" xmlns="http://www.sdmx.org/resources/sdmxml/schemas/v2_1/common">Pietracamela</Name>
          <Name xml:lang="en" xmlns="http://www.sdmx.org/resources/sdmxml/schemas/v2_1/common">Pietracamela</Name>
          <Parent>
            <Ref id="ITF12" xmlns="" />
          </Parent>
        </Code>
        <Code id="067035" urn="urn:sdmx:org.sdmx.infomodel.codelist.Code=IT1:CL_REFAREA(1.2).067035">
          <Name xml:lang="it" xmlns="http://www.sdmx.org/resources/sdmxml/schemas/v2_1/common">Pineto</Name>
          <Name xml:lang="en" xmlns="http://www.sdmx.org/resources/sdmxml/schemas/v2_1/common">Pineto</Name>
          <Parent>
            <Ref id="ITF12" xmlns="" />
          </Parent>
        </Code>
        <Code id="067036" urn="urn:sdmx:org.sdmx.infomodel.codelist.Code=IT1:CL_REFAREA(1.2).067036">
          <Name xml:lang="it" xmlns="http://www.sdmx.org/resources/sdmxml/schemas/v2_1/common">Rocca Santa Maria</Name>
          <Name xml:lang="en" xmlns="http://www.sdmx.org/resources/sdmxml/schemas/v2_1/common">Rocca Santa Maria</Name>
          <Parent>
            <Ref id="ITF12" xmlns="" />
          </Parent>
        </Code>
        <Code id="067037" urn="urn:sdmx:org.sdmx.infomodel.codelist.Code=IT1:CL_REFAREA(1.2).067037">
          <Name xml:lang="it" xmlns="http://www.sdmx.org/resources/sdmxml/schemas/v2_1/common">Roseto degli Abruzzi</Name>
          <Name xml:lang="en" xmlns="http://www.sdmx.org/resources/sdmxml/schemas/v2_1/common">Roseto degli Abruzzi</Name>
          <Parent>
            <Ref id="ITF12" xmlns="" />
          </Parent>
        </Code>
        <Code id="067038" urn="urn:sdmx:org.sdmx.infomodel.codelist.Code=IT1:CL_REFAREA(1.2).067038">
          <Name xml:lang="it" xmlns="http://www.sdmx.org/resources/sdmxml/schemas/v2_1/common">Sant'Egidio alla Vibrata</Name>
          <Name xml:lang="en" xmlns="http://www.sdmx.org/resources/sdmxml/schemas/v2_1/common">Sant'Egidio alla Vibrata</Name>
          <Parent>
            <Ref id="ITF12" xmlns="" />
          </Parent>
        </Code>
        <Code id="067039" urn="urn:sdmx:org.sdmx.infomodel.codelist.Code=IT1:CL_REFAREA(1.2).067039">
          <Name xml:lang="it" xmlns="http://www.sdmx.org/resources/sdmxml/schemas/v2_1/common">Sant'Omero</Name>
          <Name xml:lang="en" xmlns="http://www.sdmx.org/resources/sdmxml/schemas/v2_1/common">Sant'Omero</Name>
          <Parent>
            <Ref id="ITF12" xmlns="" />
          </Parent>
        </Code>
        <Code id="067040" urn="urn:sdmx:org.sdmx.infomodel.codelist.Code=IT1:CL_REFAREA(1.2).067040">
          <Name xml:lang="it" xmlns="http://www.sdmx.org/resources/sdmxml/schemas/v2_1/common">Silvi</Name>
          <Name xml:lang="en" xmlns="http://www.sdmx.org/resources/sdmxml/schemas/v2_1/common">Silvi</Name>
          <Parent>
            <Ref id="ITF12" xmlns="" />
          </Parent>
        </Code>
        <Code id="067041" urn="urn:sdmx:org.sdmx.infomodel.codelist.Code=IT1:CL_REFAREA(1.2).067041">
          <Name xml:lang="it" xmlns="http://www.sdmx.org/resources/sdmxml/schemas/v2_1/common">Teramo</Name>
          <Name xml:lang="en" xmlns="http://www.sdmx.org/resources/sdmxml/schemas/v2_1/common">Teramo</Name>
          <Parent>
            <Ref id="ITF12" xmlns="" />
          </Parent>
        </Code>
        <Code id="067042" urn="urn:sdmx:org.sdmx.infomodel.codelist.Code=IT1:CL_REFAREA(1.2).067042">
          <Name xml:lang="it" xmlns="http://www.sdmx.org/resources/sdmxml/schemas/v2_1/common">Torano Nuovo</Name>
          <Name xml:lang="en" xmlns="http://www.sdmx.org/resources/sdmxml/schemas/v2_1/common">Torano Nuovo</Name>
          <Parent>
            <Ref id="ITF12" xmlns="" />
          </Parent>
        </Code>
        <Code id="067043" urn="urn:sdmx:org.sdmx.infomodel.codelist.Code=IT1:CL_REFAREA(1.2).067043">
          <Name xml:lang="it" xmlns="http://www.sdmx.org/resources/sdmxml/schemas/v2_1/common">Torricella Sicura</Name>
          <Name xml:lang="en" xmlns="http://www.sdmx.org/resources/sdmxml/schemas/v2_1/common">Torricella Sicura</Name>
          <Parent>
            <Ref id="ITF12" xmlns="" />
          </Parent>
        </Code>
        <Code id="067044" urn="urn:sdmx:org.sdmx.infomodel.codelist.Code=IT1:CL_REFAREA(1.2).067044">
          <Name xml:lang="it" xmlns="http://www.sdmx.org/resources/sdmxml/schemas/v2_1/common">Tortoreto</Name>
          <Name xml:lang="en" xmlns="http://www.sdmx.org/resources/sdmxml/schemas/v2_1/common">Tortoreto</Name>
          <Parent>
            <Ref id="ITF12" xmlns="" />
          </Parent>
        </Code>
        <Code id="067045" urn="urn:sdmx:org.sdmx.infomodel.codelist.Code=IT1:CL_REFAREA(1.2).067045">
          <Name xml:lang="it" xmlns="http://www.sdmx.org/resources/sdmxml/schemas/v2_1/common">Tossicia</Name>
          <Name xml:lang="en" xmlns="http://www.sdmx.org/resources/sdmxml/schemas/v2_1/common">Tossicia</Name>
          <Parent>
            <Ref id="ITF12" xmlns="" />
          </Parent>
        </Code>
        <Code id="067046" urn="urn:sdmx:org.sdmx.infomodel.codelist.Code=IT1:CL_REFAREA(1.2).067046">
          <Name xml:lang="it" xmlns="http://www.sdmx.org/resources/sdmxml/schemas/v2_1/common">Valle Castellana</Name>
          <Name xml:lang="en" xmlns="http://www.sdmx.org/resources/sdmxml/schemas/v2_1/common">Valle Castellana</Name>
          <Parent>
            <Ref id="ITF12" xmlns="" />
          </Parent>
        </Code>
        <Code id="067047" urn="urn:sdmx:org.sdmx.infomodel.codelist.Code=IT1:CL_REFAREA(1.2).067047">
          <Name xml:lang="it" xmlns="http://www.sdmx.org/resources/sdmxml/schemas/v2_1/common">Martinsicuro</Name>
          <Name xml:lang="en" xmlns="http://www.sdmx.org/resources/sdmxml/schemas/v2_1/common">Martinsicuro</Name>
          <Parent>
            <Ref id="ITF12" xmlns="" />
          </Parent>
        </Code>
        <Code id="068001" urn="urn:sdmx:org.sdmx.infomodel.codelist.Code=IT1:CL_REFAREA(1.2).068001">
          <Name xml:lang="it" xmlns="http://www.sdmx.org/resources/sdmxml/schemas/v2_1/common">Abbateggio</Name>
          <Name xml:lang="en" xmlns="http://www.sdmx.org/resources/sdmxml/schemas/v2_1/common">Abbateggio</Name>
          <Parent>
            <Ref id="ITF13" xmlns="" />
          </Parent>
        </Code>
        <Code id="068002" urn="urn:sdmx:org.sdmx.infomodel.codelist.Code=IT1:CL_REFAREA(1.2).068002">
          <Name xml:lang="it" xmlns="http://www.sdmx.org/resources/sdmxml/schemas/v2_1/common">Alanno</Name>
          <Name xml:lang="en" xmlns="http://www.sdmx.org/resources/sdmxml/schemas/v2_1/common">Alanno</Name>
          <Parent>
            <Ref id="ITF13" xmlns="" />
          </Parent>
        </Code>
        <Code id="068003" urn="urn:sdmx:org.sdmx.infomodel.codelist.Code=IT1:CL_REFAREA(1.2).068003">
          <Name xml:lang="it" xmlns="http://www.sdmx.org/resources/sdmxml/schemas/v2_1/common">Bolognano</Name>
          <Name xml:lang="en" xmlns="http://www.sdmx.org/resources/sdmxml/schemas/v2_1/common">Bolognano</Name>
          <Parent>
            <Ref id="ITF13" xmlns="" />
          </Parent>
        </Code>
        <Code id="068004" urn="urn:sdmx:org.sdmx.infomodel.codelist.Code=IT1:CL_REFAREA(1.2).068004">
          <Name xml:lang="it" xmlns="http://www.sdmx.org/resources/sdmxml/schemas/v2_1/common">Brittoli</Name>
          <Name xml:lang="en" xmlns="http://www.sdmx.org/resources/sdmxml/schemas/v2_1/common">Brittoli</Name>
          <Parent>
            <Ref id="ITF13" xmlns="" />
          </Parent>
        </Code>
        <Code id="068005" urn="urn:sdmx:org.sdmx.infomodel.codelist.Code=IT1:CL_REFAREA(1.2).068005">
          <Name xml:lang="it" xmlns="http://www.sdmx.org/resources/sdmxml/schemas/v2_1/common">Bussi sul Tirino</Name>
          <Name xml:lang="en" xmlns="http://www.sdmx.org/resources/sdmxml/schemas/v2_1/common">Bussi sul Tirino</Name>
          <Parent>
            <Ref id="ITF13" xmlns="" />
          </Parent>
        </Code>
        <Code id="068006" urn="urn:sdmx:org.sdmx.infomodel.codelist.Code=IT1:CL_REFAREA(1.2).068006">
          <Name xml:lang="it" xmlns="http://www.sdmx.org/resources/sdmxml/schemas/v2_1/common">Cappelle sul Tavo</Name>
          <Name xml:lang="en" xmlns="http://www.sdmx.org/resources/sdmxml/schemas/v2_1/common">Cappelle sul Tavo</Name>
          <Parent>
            <Ref id="ITF13" xmlns="" />
          </Parent>
        </Code>
        <Code id="068007" urn="urn:sdmx:org.sdmx.infomodel.codelist.Code=IT1:CL_REFAREA(1.2).068007">
          <Name xml:lang="it" xmlns="http://www.sdmx.org/resources/sdmxml/schemas/v2_1/common">Caramanico Terme</Name>
          <Name xml:lang="en" xmlns="http://www.sdmx.org/resources/sdmxml/schemas/v2_1/common">Caramanico Terme</Name>
          <Parent>
            <Ref id="ITF13" xmlns="" />
          </Parent>
        </Code>
        <Code id="068008" urn="urn:sdmx:org.sdmx.infomodel.codelist.Code=IT1:CL_REFAREA(1.2).068008">
          <Name xml:lang="it" xmlns="http://www.sdmx.org/resources/sdmxml/schemas/v2_1/common">Carpineto della Nora</Name>
          <Name xml:lang="en" xmlns="http://www.sdmx.org/resources/sdmxml/schemas/v2_1/common">Carpineto della Nora</Name>
          <Parent>
            <Ref id="ITF13" xmlns="" />
          </Parent>
        </Code>
        <Code id="068009" urn="urn:sdmx:org.sdmx.infomodel.codelist.Code=IT1:CL_REFAREA(1.2).068009">
          <Name xml:lang="it" xmlns="http://www.sdmx.org/resources/sdmxml/schemas/v2_1/common">Castiglione a Casauria</Name>
          <Name xml:lang="en" xmlns="http://www.sdmx.org/resources/sdmxml/schemas/v2_1/common">Castiglione a Casauria</Name>
          <Parent>
            <Ref id="ITF13" xmlns="" />
          </Parent>
        </Code>
        <Code id="068010" urn="urn:sdmx:org.sdmx.infomodel.codelist.Code=IT1:CL_REFAREA(1.2).068010">
          <Name xml:lang="it" xmlns="http://www.sdmx.org/resources/sdmxml/schemas/v2_1/common">Catignano</Name>
          <Name xml:lang="en" xmlns="http://www.sdmx.org/resources/sdmxml/schemas/v2_1/common">Catignano</Name>
          <Parent>
            <Ref id="ITF13" xmlns="" />
          </Parent>
        </Code>
        <Code id="068011" urn="urn:sdmx:org.sdmx.infomodel.codelist.Code=IT1:CL_REFAREA(1.2).068011">
          <Name xml:lang="it" xmlns="http://www.sdmx.org/resources/sdmxml/schemas/v2_1/common">Cepagatti</Name>
          <Name xml:lang="en" xmlns="http://www.sdmx.org/resources/sdmxml/schemas/v2_1/common">Cepagatti</Name>
          <Parent>
            <Ref id="ITF13" xmlns="" />
          </Parent>
        </Code>
        <Code id="068012" urn="urn:sdmx:org.sdmx.infomodel.codelist.Code=IT1:CL_REFAREA(1.2).068012">
          <Name xml:lang="it" xmlns="http://www.sdmx.org/resources/sdmxml/schemas/v2_1/common">Città Sant'Angelo</Name>
          <Name xml:lang="en" xmlns="http://www.sdmx.org/resources/sdmxml/schemas/v2_1/common">Città Sant'Angelo</Name>
          <Parent>
            <Ref id="ITF13" xmlns="" />
          </Parent>
        </Code>
        <Code id="068013" urn="urn:sdmx:org.sdmx.infomodel.codelist.Code=IT1:CL_REFAREA(1.2).068013">
          <Name xml:lang="it" xmlns="http://www.sdmx.org/resources/sdmxml/schemas/v2_1/common">Civitaquana</Name>
          <Name xml:lang="en" xmlns="http://www.sdmx.org/resources/sdmxml/schemas/v2_1/common">Civitaquana</Name>
          <Parent>
            <Ref id="ITF13" xmlns="" />
          </Parent>
        </Code>
        <Code id="068014" urn="urn:sdmx:org.sdmx.infomodel.codelist.Code=IT1:CL_REFAREA(1.2).068014">
          <Name xml:lang="it" xmlns="http://www.sdmx.org/resources/sdmxml/schemas/v2_1/common">Civitella Casanova</Name>
          <Name xml:lang="en" xmlns="http://www.sdmx.org/resources/sdmxml/schemas/v2_1/common">Civitella Casanova</Name>
          <Parent>
            <Ref id="ITF13" xmlns="" />
          </Parent>
        </Code>
        <Code id="068015" urn="urn:sdmx:org.sdmx.infomodel.codelist.Code=IT1:CL_REFAREA(1.2).068015">
          <Name xml:lang="it" xmlns="http://www.sdmx.org/resources/sdmxml/schemas/v2_1/common">Collecorvino</Name>
          <Name xml:lang="en" xmlns="http://www.sdmx.org/resources/sdmxml/schemas/v2_1/common">Collecorvino</Name>
          <Parent>
            <Ref id="ITF13" xmlns="" />
          </Parent>
        </Code>
        <Code id="068016" urn="urn:sdmx:org.sdmx.infomodel.codelist.Code=IT1:CL_REFAREA(1.2).068016">
          <Name xml:lang="it" xmlns="http://www.sdmx.org/resources/sdmxml/schemas/v2_1/common">Corvara</Name>
          <Name xml:lang="en" xmlns="http://www.sdmx.org/resources/sdmxml/schemas/v2_1/common">Corvara</Name>
          <Parent>
            <Ref id="ITF13" xmlns="" />
          </Parent>
        </Code>
        <Code id="068017" urn="urn:sdmx:org.sdmx.infomodel.codelist.Code=IT1:CL_REFAREA(1.2).068017">
          <Name xml:lang="it" xmlns="http://www.sdmx.org/resources/sdmxml/schemas/v2_1/common">Cugnoli</Name>
          <Name xml:lang="en" xmlns="http://www.sdmx.org/resources/sdmxml/schemas/v2_1/common">Cugnoli</Name>
          <Parent>
            <Ref id="ITF13" xmlns="" />
          </Parent>
        </Code>
        <Code id="068018" urn="urn:sdmx:org.sdmx.infomodel.codelist.Code=IT1:CL_REFAREA(1.2).068018">
          <Name xml:lang="it" xmlns="http://www.sdmx.org/resources/sdmxml/schemas/v2_1/common">Elice</Name>
          <Name xml:lang="en" xmlns="http://www.sdmx.org/resources/sdmxml/schemas/v2_1/common">Elice</Name>
          <Parent>
            <Ref id="ITF13" xmlns="" />
          </Parent>
        </Code>
        <Code id="068019" urn="urn:sdmx:org.sdmx.infomodel.codelist.Code=IT1:CL_REFAREA(1.2).068019">
          <Name xml:lang="it" xmlns="http://www.sdmx.org/resources/sdmxml/schemas/v2_1/common">Farindola</Name>
          <Name xml:lang="en" xmlns="http://www.sdmx.org/resources/sdmxml/schemas/v2_1/common">Farindola</Name>
          <Parent>
            <Ref id="ITF13" xmlns="" />
          </Parent>
        </Code>
        <Code id="068020" urn="urn:sdmx:org.sdmx.infomodel.codelist.Code=IT1:CL_REFAREA(1.2).068020">
          <Name xml:lang="it" xmlns="http://www.sdmx.org/resources/sdmxml/schemas/v2_1/common">Lettomanoppello</Name>
          <Name xml:lang="en" xmlns="http://www.sdmx.org/resources/sdmxml/schemas/v2_1/common">Lettomanoppello</Name>
          <Parent>
            <Ref id="ITF13" xmlns="" />
          </Parent>
        </Code>
        <Code id="068021" urn="urn:sdmx:org.sdmx.infomodel.codelist.Code=IT1:CL_REFAREA(1.2).068021">
          <Name xml:lang="it" xmlns="http://www.sdmx.org/resources/sdmxml/schemas/v2_1/common">Loreto Aprutino</Name>
          <Name xml:lang="en" xmlns="http://www.sdmx.org/resources/sdmxml/schemas/v2_1/common">Loreto Aprutino</Name>
          <Parent>
            <Ref id="ITF13" xmlns="" />
          </Parent>
        </Code>
        <Code id="068022" urn="urn:sdmx:org.sdmx.infomodel.codelist.Code=IT1:CL_REFAREA(1.2).068022">
          <Name xml:lang="it" xmlns="http://www.sdmx.org/resources/sdmxml/schemas/v2_1/common">Manoppello</Name>
          <Name xml:lang="en" xmlns="http://www.sdmx.org/resources/sdmxml/schemas/v2_1/common">Manoppello</Name>
          <Parent>
            <Ref id="ITF13" xmlns="" />
          </Parent>
        </Code>
        <Code id="068023" urn="urn:sdmx:org.sdmx.infomodel.codelist.Code=IT1:CL_REFAREA(1.2).068023">
          <Name xml:lang="it" xmlns="http://www.sdmx.org/resources/sdmxml/schemas/v2_1/common">Montebello di Bertona</Name>
          <Name xml:lang="en" xmlns="http://www.sdmx.org/resources/sdmxml/schemas/v2_1/common">Montebello di Bertona</Name>
          <Parent>
            <Ref id="ITF13" xmlns="" />
          </Parent>
        </Code>
        <Code id="068024" urn="urn:sdmx:org.sdmx.infomodel.codelist.Code=IT1:CL_REFAREA(1.2).068024">
          <Name xml:lang="it" xmlns="http://www.sdmx.org/resources/sdmxml/schemas/v2_1/common">Montesilvano</Name>
          <Name xml:lang="en" xmlns="http://www.sdmx.org/resources/sdmxml/schemas/v2_1/common">Montesilvano</Name>
          <Parent>
            <Ref id="ITF13" xmlns="" />
          </Parent>
        </Code>
        <Code id="068025" urn="urn:sdmx:org.sdmx.infomodel.codelist.Code=IT1:CL_REFAREA(1.2).068025">
          <Name xml:lang="it" xmlns="http://www.sdmx.org/resources/sdmxml/schemas/v2_1/common">Moscufo</Name>
          <Name xml:lang="en" xmlns="http://www.sdmx.org/resources/sdmxml/schemas/v2_1/common">Moscufo</Name>
          <Parent>
            <Ref id="ITF13" xmlns="" />
          </Parent>
        </Code>
        <Code id="068026" urn="urn:sdmx:org.sdmx.infomodel.codelist.Code=IT1:CL_REFAREA(1.2).068026">
          <Name xml:lang="it" xmlns="http://www.sdmx.org/resources/sdmxml/schemas/v2_1/common">Nocciano</Name>
          <Name xml:lang="en" xmlns="http://www.sdmx.org/resources/sdmxml/schemas/v2_1/common">Nocciano</Name>
          <Parent>
            <Ref id="ITF13" xmlns="" />
          </Parent>
        </Code>
        <Code id="068027" urn="urn:sdmx:org.sdmx.infomodel.codelist.Code=IT1:CL_REFAREA(1.2).068027">
          <Name xml:lang="it" xmlns="http://www.sdmx.org/resources/sdmxml/schemas/v2_1/common">Penne</Name>
          <Name xml:lang="en" xmlns="http://www.sdmx.org/resources/sdmxml/schemas/v2_1/common">Penne</Name>
          <Parent>
            <Ref id="ITF13" xmlns="" />
          </Parent>
        </Code>
        <Code id="068028" urn="urn:sdmx:org.sdmx.infomodel.codelist.Code=IT1:CL_REFAREA(1.2).068028">
          <Name xml:lang="it" xmlns="http://www.sdmx.org/resources/sdmxml/schemas/v2_1/common">Pescara</Name>
          <Name xml:lang="en" xmlns="http://www.sdmx.org/resources/sdmxml/schemas/v2_1/common">Pescara</Name>
          <Parent>
            <Ref id="ITF13" xmlns="" />
          </Parent>
        </Code>
        <Code id="068029" urn="urn:sdmx:org.sdmx.infomodel.codelist.Code=IT1:CL_REFAREA(1.2).068029">
          <Name xml:lang="it" xmlns="http://www.sdmx.org/resources/sdmxml/schemas/v2_1/common">Pescosansonesco</Name>
          <Name xml:lang="en" xmlns="http://www.sdmx.org/resources/sdmxml/schemas/v2_1/common">Pescosansonesco</Name>
          <Parent>
            <Ref id="ITF13" xmlns="" />
          </Parent>
        </Code>
        <Code id="068030" urn="urn:sdmx:org.sdmx.infomodel.codelist.Code=IT1:CL_REFAREA(1.2).068030">
          <Name xml:lang="it" xmlns="http://www.sdmx.org/resources/sdmxml/schemas/v2_1/common">Pianella</Name>
          <Name xml:lang="en" xmlns="http://www.sdmx.org/resources/sdmxml/schemas/v2_1/common">Pianella</Name>
          <Parent>
            <Ref id="ITF13" xmlns="" />
          </Parent>
        </Code>
        <Code id="068031" urn="urn:sdmx:org.sdmx.infomodel.codelist.Code=IT1:CL_REFAREA(1.2).068031">
          <Name xml:lang="it" xmlns="http://www.sdmx.org/resources/sdmxml/schemas/v2_1/common">Picciano</Name>
          <Name xml:lang="en" xmlns="http://www.sdmx.org/resources/sdmxml/schemas/v2_1/common">Picciano</Name>
          <Parent>
            <Ref id="ITF13" xmlns="" />
          </Parent>
        </Code>
        <Code id="068032" urn="urn:sdmx:org.sdmx.infomodel.codelist.Code=IT1:CL_REFAREA(1.2).068032">
          <Name xml:lang="it" xmlns="http://www.sdmx.org/resources/sdmxml/schemas/v2_1/common">Pietranico</Name>
          <Name xml:lang="en" xmlns="http://www.sdmx.org/resources/sdmxml/schemas/v2_1/common">Pietranico</Name>
          <Parent>
            <Ref id="ITF13" xmlns="" />
          </Parent>
        </Code>
        <Code id="068033" urn="urn:sdmx:org.sdmx.infomodel.codelist.Code=IT1:CL_REFAREA(1.2).068033">
          <Name xml:lang="it" xmlns="http://www.sdmx.org/resources/sdmxml/schemas/v2_1/common">Popoli</Name>
          <Name xml:lang="en" xmlns="http://www.sdmx.org/resources/sdmxml/schemas/v2_1/common">Popoli</Name>
          <Parent>
            <Ref id="ITF13" xmlns="" />
          </Parent>
        </Code>
        <Code id="068034" urn="urn:sdmx:org.sdmx.infomodel.codelist.Code=IT1:CL_REFAREA(1.2).068034">
          <Name xml:lang="it" xmlns="http://www.sdmx.org/resources/sdmxml/schemas/v2_1/common">Roccamorice</Name>
          <Name xml:lang="en" xmlns="http://www.sdmx.org/resources/sdmxml/schemas/v2_1/common">Roccamorice</Name>
          <Parent>
            <Ref id="ITF13" xmlns="" />
          </Parent>
        </Code>
        <Code id="068035" urn="urn:sdmx:org.sdmx.infomodel.codelist.Code=IT1:CL_REFAREA(1.2).068035">
          <Name xml:lang="it" xmlns="http://www.sdmx.org/resources/sdmxml/schemas/v2_1/common">Rosciano</Name>
          <Name xml:lang="en" xmlns="http://www.sdmx.org/resources/sdmxml/schemas/v2_1/common">Rosciano</Name>
          <Parent>
            <Ref id="ITF13" xmlns="" />
          </Parent>
        </Code>
        <Code id="068036" urn="urn:sdmx:org.sdmx.infomodel.codelist.Code=IT1:CL_REFAREA(1.2).068036">
          <Name xml:lang="it" xmlns="http://www.sdmx.org/resources/sdmxml/schemas/v2_1/common">Salle</Name>
          <Name xml:lang="en" xmlns="http://www.sdmx.org/resources/sdmxml/schemas/v2_1/common">Salle</Name>
          <Parent>
            <Ref id="ITF13" xmlns="" />
          </Parent>
        </Code>
        <Code id="068037" urn="urn:sdmx:org.sdmx.infomodel.codelist.Code=IT1:CL_REFAREA(1.2).068037">
          <Name xml:lang="it" xmlns="http://www.sdmx.org/resources/sdmxml/schemas/v2_1/common">Sant'Eufemia a Maiella</Name>
          <Name xml:lang="en" xmlns="http://www.sdmx.org/resources/sdmxml/schemas/v2_1/common">Sant'Eufemia a Maiella</Name>
          <Parent>
            <Ref id="ITF13" xmlns="" />
          </Parent>
        </Code>
        <Code id="068038" urn="urn:sdmx:org.sdmx.infomodel.codelist.Code=IT1:CL_REFAREA(1.2).068038">
          <Name xml:lang="it" xmlns="http://www.sdmx.org/resources/sdmxml/schemas/v2_1/common">San Valentino in Abruzzo Citeriore</Name>
          <Name xml:lang="en" xmlns="http://www.sdmx.org/resources/sdmxml/schemas/v2_1/common">San Valentino in Abruzzo Citeriore</Name>
          <Parent>
            <Ref id="ITF13" xmlns="" />
          </Parent>
        </Code>
        <Code id="068039" urn="urn:sdmx:org.sdmx.infomodel.codelist.Code=IT1:CL_REFAREA(1.2).068039">
          <Name xml:lang="it" xmlns="http://www.sdmx.org/resources/sdmxml/schemas/v2_1/common">Scafa</Name>
          <Name xml:lang="en" xmlns="http://www.sdmx.org/resources/sdmxml/schemas/v2_1/common">Scafa</Name>
          <Parent>
            <Ref id="ITF13" xmlns="" />
          </Parent>
        </Code>
        <Code id="068040" urn="urn:sdmx:org.sdmx.infomodel.codelist.Code=IT1:CL_REFAREA(1.2).068040">
          <Name xml:lang="it" xmlns="http://www.sdmx.org/resources/sdmxml/schemas/v2_1/common">Serramonacesca</Name>
          <Name xml:lang="en" xmlns="http://www.sdmx.org/resources/sdmxml/schemas/v2_1/common">Serramonacesca</Name>
          <Parent>
            <Ref id="ITF13" xmlns="" />
          </Parent>
        </Code>
        <Code id="068041" urn="urn:sdmx:org.sdmx.infomodel.codelist.Code=IT1:CL_REFAREA(1.2).068041">
          <Name xml:lang="it" xmlns="http://www.sdmx.org/resources/sdmxml/schemas/v2_1/common">Spoltore</Name>
          <Name xml:lang="en" xmlns="http://www.sdmx.org/resources/sdmxml/schemas/v2_1/common">Spoltore</Name>
          <Parent>
            <Ref id="ITF13" xmlns="" />
          </Parent>
        </Code>
        <Code id="068042" urn="urn:sdmx:org.sdmx.infomodel.codelist.Code=IT1:CL_REFAREA(1.2).068042">
          <Name xml:lang="it" xmlns="http://www.sdmx.org/resources/sdmxml/schemas/v2_1/common">Tocco da Casauria</Name>
          <Name xml:lang="en" xmlns="http://www.sdmx.org/resources/sdmxml/schemas/v2_1/common">Tocco da Casauria</Name>
          <Parent>
            <Ref id="ITF13" xmlns="" />
          </Parent>
        </Code>
        <Code id="068043" urn="urn:sdmx:org.sdmx.infomodel.codelist.Code=IT1:CL_REFAREA(1.2).068043">
          <Name xml:lang="it" xmlns="http://www.sdmx.org/resources/sdmxml/schemas/v2_1/common">Torre de' Passeri</Name>
          <Name xml:lang="en" xmlns="http://www.sdmx.org/resources/sdmxml/schemas/v2_1/common">Torre de' Passeri</Name>
          <Parent>
            <Ref id="ITF13" xmlns="" />
          </Parent>
        </Code>
        <Code id="068044" urn="urn:sdmx:org.sdmx.infomodel.codelist.Code=IT1:CL_REFAREA(1.2).068044">
          <Name xml:lang="it" xmlns="http://www.sdmx.org/resources/sdmxml/schemas/v2_1/common">Turrivalignani</Name>
          <Name xml:lang="en" xmlns="http://www.sdmx.org/resources/sdmxml/schemas/v2_1/common">Turrivalignani</Name>
          <Parent>
            <Ref id="ITF13" xmlns="" />
          </Parent>
        </Code>
        <Code id="068045" urn="urn:sdmx:org.sdmx.infomodel.codelist.Code=IT1:CL_REFAREA(1.2).068045">
          <Name xml:lang="it" xmlns="http://www.sdmx.org/resources/sdmxml/schemas/v2_1/common">Vicoli</Name>
          <Name xml:lang="en" xmlns="http://www.sdmx.org/resources/sdmxml/schemas/v2_1/common">Vicoli</Name>
          <Parent>
            <Ref id="ITF13" xmlns="" />
          </Parent>
        </Code>
        <Code id="068046" urn="urn:sdmx:org.sdmx.infomodel.codelist.Code=IT1:CL_REFAREA(1.2).068046">
          <Name xml:lang="it" xmlns="http://www.sdmx.org/resources/sdmxml/schemas/v2_1/common">Villa Celiera</Name>
          <Name xml:lang="en" xmlns="http://www.sdmx.org/resources/sdmxml/schemas/v2_1/common">Villa Celiera</Name>
          <Parent>
            <Ref id="ITF13" xmlns="" />
          </Parent>
        </Code>
        <Code id="069001" urn="urn:sdmx:org.sdmx.infomodel.codelist.Code=IT1:CL_REFAREA(1.2).069001">
          <Name xml:lang="it" xmlns="http://www.sdmx.org/resources/sdmxml/schemas/v2_1/common">Altino</Name>
          <Name xml:lang="en" xmlns="http://www.sdmx.org/resources/sdmxml/schemas/v2_1/common">Altino</Name>
          <Parent>
            <Ref id="ITF14" xmlns="" />
          </Parent>
        </Code>
        <Code id="069002" urn="urn:sdmx:org.sdmx.infomodel.codelist.Code=IT1:CL_REFAREA(1.2).069002">
          <Name xml:lang="it" xmlns="http://www.sdmx.org/resources/sdmxml/schemas/v2_1/common">Archi</Name>
          <Name xml:lang="en" xmlns="http://www.sdmx.org/resources/sdmxml/schemas/v2_1/common">Archi</Name>
          <Parent>
            <Ref id="ITF14" xmlns="" />
          </Parent>
        </Code>
        <Code id="069003" urn="urn:sdmx:org.sdmx.infomodel.codelist.Code=IT1:CL_REFAREA(1.2).069003">
          <Name xml:lang="it" xmlns="http://www.sdmx.org/resources/sdmxml/schemas/v2_1/common">Ari</Name>
          <Name xml:lang="en" xmlns="http://www.sdmx.org/resources/sdmxml/schemas/v2_1/common">Ari</Name>
          <Parent>
            <Ref id="ITF14" xmlns="" />
          </Parent>
        </Code>
        <Code id="069004" urn="urn:sdmx:org.sdmx.infomodel.codelist.Code=IT1:CL_REFAREA(1.2).069004">
          <Name xml:lang="it" xmlns="http://www.sdmx.org/resources/sdmxml/schemas/v2_1/common">Arielli</Name>
          <Name xml:lang="en" xmlns="http://www.sdmx.org/resources/sdmxml/schemas/v2_1/common">Arielli</Name>
          <Parent>
            <Ref id="ITF14" xmlns="" />
          </Parent>
        </Code>
        <Code id="069005" urn="urn:sdmx:org.sdmx.infomodel.codelist.Code=IT1:CL_REFAREA(1.2).069005">
          <Name xml:lang="it" xmlns="http://www.sdmx.org/resources/sdmxml/schemas/v2_1/common">Atessa</Name>
          <Name xml:lang="en" xmlns="http://www.sdmx.org/resources/sdmxml/schemas/v2_1/common">Atessa</Name>
          <Parent>
            <Ref id="ITF14" xmlns="" />
          </Parent>
        </Code>
        <Code id="069006" urn="urn:sdmx:org.sdmx.infomodel.codelist.Code=IT1:CL_REFAREA(1.2).069006">
          <Name xml:lang="it" xmlns="http://www.sdmx.org/resources/sdmxml/schemas/v2_1/common">Bomba</Name>
          <Name xml:lang="en" xmlns="http://www.sdmx.org/resources/sdmxml/schemas/v2_1/common">Bomba</Name>
          <Parent>
            <Ref id="ITF14" xmlns="" />
          </Parent>
        </Code>
        <Code id="069007" urn="urn:sdmx:org.sdmx.infomodel.codelist.Code=IT1:CL_REFAREA(1.2).069007">
          <Name xml:lang="it" xmlns="http://www.sdmx.org/resources/sdmxml/schemas/v2_1/common">Borrello</Name>
          <Name xml:lang="en" xmlns="http://www.sdmx.org/resources/sdmxml/schemas/v2_1/common">Borrello</Name>
          <Parent>
            <Ref id="ITF14" xmlns="" />
          </Parent>
        </Code>
        <Code id="069008" urn="urn:sdmx:org.sdmx.infomodel.codelist.Code=IT1:CL_REFAREA(1.2).069008">
          <Name xml:lang="it" xmlns="http://www.sdmx.org/resources/sdmxml/schemas/v2_1/common">Bucchianico</Name>
          <Name xml:lang="en" xmlns="http://www.sdmx.org/resources/sdmxml/schemas/v2_1/common">Bucchianico</Name>
          <Parent>
            <Ref id="ITF14" xmlns="" />
          </Parent>
        </Code>
        <Code id="069009" urn="urn:sdmx:org.sdmx.infomodel.codelist.Code=IT1:CL_REFAREA(1.2).069009">
          <Name xml:lang="it" xmlns="http://www.sdmx.org/resources/sdmxml/schemas/v2_1/common">Montebello sul Sangro</Name>
          <Name xml:lang="en" xmlns="http://www.sdmx.org/resources/sdmxml/schemas/v2_1/common">Montebello sul Sangro</Name>
          <Parent>
            <Ref id="ITF14" xmlns="" />
          </Parent>
        </Code>
        <Code id="069010" urn="urn:sdmx:org.sdmx.infomodel.codelist.Code=IT1:CL_REFAREA(1.2).069010">
          <Name xml:lang="it" xmlns="http://www.sdmx.org/resources/sdmxml/schemas/v2_1/common">Canosa Sannita</Name>
          <Name xml:lang="en" xmlns="http://www.sdmx.org/resources/sdmxml/schemas/v2_1/common">Canosa Sannita</Name>
          <Parent>
            <Ref id="ITF14" xmlns="" />
          </Parent>
        </Code>
        <Code id="069011" urn="urn:sdmx:org.sdmx.infomodel.codelist.Code=IT1:CL_REFAREA(1.2).069011">
          <Name xml:lang="it" xmlns="http://www.sdmx.org/resources/sdmxml/schemas/v2_1/common">Carpineto Sinello</Name>
          <Name xml:lang="en" xmlns="http://www.sdmx.org/resources/sdmxml/schemas/v2_1/common">Carpineto Sinello</Name>
          <Parent>
            <Ref id="ITF14" xmlns="" />
          </Parent>
        </Code>
        <Code id="069012" urn="urn:sdmx:org.sdmx.infomodel.codelist.Code=IT1:CL_REFAREA(1.2).069012">
          <Name xml:lang="it" xmlns="http://www.sdmx.org/resources/sdmxml/schemas/v2_1/common">Carunchio</Name>
          <Name xml:lang="en" xmlns="http://www.sdmx.org/resources/sdmxml/schemas/v2_1/common">Carunchio</Name>
          <Parent>
            <Ref id="ITF14" xmlns="" />
          </Parent>
        </Code>
        <Code id="069013" urn="urn:sdmx:org.sdmx.infomodel.codelist.Code=IT1:CL_REFAREA(1.2).069013">
          <Name xml:lang="it" xmlns="http://www.sdmx.org/resources/sdmxml/schemas/v2_1/common">Casacanditella</Name>
          <Name xml:lang="en" xmlns="http://www.sdmx.org/resources/sdmxml/schemas/v2_1/common">Casacanditella</Name>
          <Parent>
            <Ref id="ITF14" xmlns="" />
          </Parent>
        </Code>
        <Code id="069014" urn="urn:sdmx:org.sdmx.infomodel.codelist.Code=IT1:CL_REFAREA(1.2).069014">
          <Name xml:lang="it" xmlns="http://www.sdmx.org/resources/sdmxml/schemas/v2_1/common">Casalanguida</Name>
          <Name xml:lang="en" xmlns="http://www.sdmx.org/resources/sdmxml/schemas/v2_1/common">Casalanguida</Name>
          <Parent>
            <Ref id="ITF14" xmlns="" />
          </Parent>
        </Code>
        <Code id="069015" urn="urn:sdmx:org.sdmx.infomodel.codelist.Code=IT1:CL_REFAREA(1.2).069015">
          <Name xml:lang="it" xmlns="http://www.sdmx.org/resources/sdmxml/schemas/v2_1/common">Casalbordino</Name>
          <Name xml:lang="en" xmlns="http://www.sdmx.org/resources/sdmxml/schemas/v2_1/common">Casalbordino</Name>
          <Parent>
            <Ref id="ITF14" xmlns="" />
          </Parent>
        </Code>
        <Code id="069016" urn="urn:sdmx:org.sdmx.infomodel.codelist.Code=IT1:CL_REFAREA(1.2).069016">
          <Name xml:lang="it" xmlns="http://www.sdmx.org/resources/sdmxml/schemas/v2_1/common">Casalincontrada</Name>
          <Name xml:lang="en" xmlns="http://www.sdmx.org/resources/sdmxml/schemas/v2_1/common">Casalincontrada</Name>
          <Parent>
            <Ref id="ITF14" xmlns="" />
          </Parent>
        </Code>
        <Code id="069017" urn="urn:sdmx:org.sdmx.infomodel.codelist.Code=IT1:CL_REFAREA(1.2).069017">
          <Name xml:lang="it" xmlns="http://www.sdmx.org/resources/sdmxml/schemas/v2_1/common">Casoli</Name>
          <Name xml:lang="en" xmlns="http://www.sdmx.org/resources/sdmxml/schemas/v2_1/common">Casoli</Name>
          <Parent>
            <Ref id="ITF14" xmlns="" />
          </Parent>
        </Code>
        <Code id="069018" urn="urn:sdmx:org.sdmx.infomodel.codelist.Code=IT1:CL_REFAREA(1.2).069018">
          <Name xml:lang="it" xmlns="http://www.sdmx.org/resources/sdmxml/schemas/v2_1/common">Castel Frentano</Name>
          <Name xml:lang="en" xmlns="http://www.sdmx.org/resources/sdmxml/schemas/v2_1/common">Castel Frentano</Name>
          <Parent>
            <Ref id="ITF14" xmlns="" />
          </Parent>
        </Code>
        <Code id="069019" urn="urn:sdmx:org.sdmx.infomodel.codelist.Code=IT1:CL_REFAREA(1.2).069019">
          <Name xml:lang="it" xmlns="http://www.sdmx.org/resources/sdmxml/schemas/v2_1/common">Castelguidone</Name>
          <Name xml:lang="en" xmlns="http://www.sdmx.org/resources/sdmxml/schemas/v2_1/common">Castelguidone</Name>
          <Parent>
            <Ref id="ITF14" xmlns="" />
          </Parent>
        </Code>
        <Code id="069020" urn="urn:sdmx:org.sdmx.infomodel.codelist.Code=IT1:CL_REFAREA(1.2).069020">
          <Name xml:lang="it" xmlns="http://www.sdmx.org/resources/sdmxml/schemas/v2_1/common">Castiglione Messer Marino</Name>
          <Name xml:lang="en" xmlns="http://www.sdmx.org/resources/sdmxml/schemas/v2_1/common">Castiglione Messer Marino</Name>
          <Parent>
            <Ref id="ITF14" xmlns="" />
          </Parent>
        </Code>
        <Code id="069021" urn="urn:sdmx:org.sdmx.infomodel.codelist.Code=IT1:CL_REFAREA(1.2).069021">
          <Name xml:lang="it" xmlns="http://www.sdmx.org/resources/sdmxml/schemas/v2_1/common">Celenza sul Trigno</Name>
          <Name xml:lang="en" xmlns="http://www.sdmx.org/resources/sdmxml/schemas/v2_1/common">Celenza sul Trigno</Name>
          <Parent>
            <Ref id="ITF14" xmlns="" />
          </Parent>
        </Code>
        <Code id="069022" urn="urn:sdmx:org.sdmx.infomodel.codelist.Code=IT1:CL_REFAREA(1.2).069022">
          <Name xml:lang="it" xmlns="http://www.sdmx.org/resources/sdmxml/schemas/v2_1/common">Chieti</Name>
          <Name xml:lang="en" xmlns="http://www.sdmx.org/resources/sdmxml/schemas/v2_1/common">Chieti</Name>
          <Parent>
            <Ref id="ITF14" xmlns="" />
          </Parent>
        </Code>
        <Code id="069023" urn="urn:sdmx:org.sdmx.infomodel.codelist.Code=IT1:CL_REFAREA(1.2).069023">
          <Name xml:lang="it" xmlns="http://www.sdmx.org/resources/sdmxml/schemas/v2_1/common">Civitaluparella</Name>
          <Name xml:lang="en" xmlns="http://www.sdmx.org/resources/sdmxml/schemas/v2_1/common">Civitaluparella</Name>
          <Parent>
            <Ref id="ITF14" xmlns="" />
          </Parent>
        </Code>
        <Code id="069024" urn="urn:sdmx:org.sdmx.infomodel.codelist.Code=IT1:CL_REFAREA(1.2).069024">
          <Name xml:lang="it" xmlns="http://www.sdmx.org/resources/sdmxml/schemas/v2_1/common">Civitella Messer Raimondo</Name>
          <Name xml:lang="en" xmlns="http://www.sdmx.org/resources/sdmxml/schemas/v2_1/common">Civitella Messer Raimondo</Name>
          <Parent>
            <Ref id="ITF14" xmlns="" />
          </Parent>
        </Code>
        <Code id="069025" urn="urn:sdmx:org.sdmx.infomodel.codelist.Code=IT1:CL_REFAREA(1.2).069025">
          <Name xml:lang="it" xmlns="http://www.sdmx.org/resources/sdmxml/schemas/v2_1/common">Colledimacine</Name>
          <Name xml:lang="en" xmlns="http://www.sdmx.org/resources/sdmxml/schemas/v2_1/common">Colledimacine</Name>
          <Parent>
            <Ref id="ITF14" xmlns="" />
          </Parent>
        </Code>
        <Code id="069026" urn="urn:sdmx:org.sdmx.infomodel.codelist.Code=IT1:CL_REFAREA(1.2).069026">
          <Name xml:lang="it" xmlns="http://www.sdmx.org/resources/sdmxml/schemas/v2_1/common">Colledimezzo</Name>
          <Name xml:lang="en" xmlns="http://www.sdmx.org/resources/sdmxml/schemas/v2_1/common">Colledimezzo</Name>
          <Parent>
            <Ref id="ITF14" xmlns="" />
          </Parent>
        </Code>
        <Code id="069027" urn="urn:sdmx:org.sdmx.infomodel.codelist.Code=IT1:CL_REFAREA(1.2).069027">
          <Name xml:lang="it" xmlns="http://www.sdmx.org/resources/sdmxml/schemas/v2_1/common">Crecchio</Name>
          <Name xml:lang="en" xmlns="http://www.sdmx.org/resources/sdmxml/schemas/v2_1/common">Crecchio</Name>
          <Parent>
            <Ref id="ITF14" xmlns="" />
          </Parent>
        </Code>
        <Code id="069028" urn="urn:sdmx:org.sdmx.infomodel.codelist.Code=IT1:CL_REFAREA(1.2).069028">
          <Name xml:lang="it" xmlns="http://www.sdmx.org/resources/sdmxml/schemas/v2_1/common">Cupello</Name>
          <Name xml:lang="en" xmlns="http://www.sdmx.org/resources/sdmxml/schemas/v2_1/common">Cupello</Name>
          <Parent>
            <Ref id="ITF14" xmlns="" />
          </Parent>
        </Code>
        <Code id="069029" urn="urn:sdmx:org.sdmx.infomodel.codelist.Code=IT1:CL_REFAREA(1.2).069029">
          <Name xml:lang="it" xmlns="http://www.sdmx.org/resources/sdmxml/schemas/v2_1/common">Dogliola</Name>
          <Name xml:lang="en" xmlns="http://www.sdmx.org/resources/sdmxml/schemas/v2_1/common">Dogliola</Name>
          <Parent>
            <Ref id="ITF14" xmlns="" />
          </Parent>
        </Code>
        <Code id="069030" urn="urn:sdmx:org.sdmx.infomodel.codelist.Code=IT1:CL_REFAREA(1.2).069030">
          <Name xml:lang="it" xmlns="http://www.sdmx.org/resources/sdmxml/schemas/v2_1/common">Fara Filiorum Petri</Name>
          <Name xml:lang="en" xmlns="http://www.sdmx.org/resources/sdmxml/schemas/v2_1/common">Fara Filiorum Petri</Name>
          <Parent>
            <Ref id="ITF14" xmlns="" />
          </Parent>
        </Code>
        <Code id="069031" urn="urn:sdmx:org.sdmx.infomodel.codelist.Code=IT1:CL_REFAREA(1.2).069031">
          <Name xml:lang="it" xmlns="http://www.sdmx.org/resources/sdmxml/schemas/v2_1/common">Fara San Martino</Name>
          <Name xml:lang="en" xmlns="http://www.sdmx.org/resources/sdmxml/schemas/v2_1/common">Fara San Martino</Name>
          <Parent>
            <Ref id="ITF14" xmlns="" />
          </Parent>
        </Code>
        <Code id="069032" urn="urn:sdmx:org.sdmx.infomodel.codelist.Code=IT1:CL_REFAREA(1.2).069032">
          <Name xml:lang="it" xmlns="http://www.sdmx.org/resources/sdmxml/schemas/v2_1/common">Filetto</Name>
          <Name xml:lang="en" xmlns="http://www.sdmx.org/resources/sdmxml/schemas/v2_1/common">Filetto</Name>
          <Parent>
            <Ref id="ITF14" xmlns="" />
          </Parent>
        </Code>
        <Code id="069033" urn="urn:sdmx:org.sdmx.infomodel.codelist.Code=IT1:CL_REFAREA(1.2).069033">
          <Name xml:lang="it" xmlns="http://www.sdmx.org/resources/sdmxml/schemas/v2_1/common">Fossacesia</Name>
          <Name xml:lang="en" xmlns="http://www.sdmx.org/resources/sdmxml/schemas/v2_1/common">Fossacesia</Name>
          <Parent>
            <Ref id="ITF14" xmlns="" />
          </Parent>
        </Code>
        <Code id="069034" urn="urn:sdmx:org.sdmx.infomodel.codelist.Code=IT1:CL_REFAREA(1.2).069034">
          <Name xml:lang="it" xmlns="http://www.sdmx.org/resources/sdmxml/schemas/v2_1/common">Fraine</Name>
          <Name xml:lang="en" xmlns="http://www.sdmx.org/resources/sdmxml/schemas/v2_1/common">Fraine</Name>
          <Parent>
            <Ref id="ITF14" xmlns="" />
          </Parent>
        </Code>
        <Code id="069035" urn="urn:sdmx:org.sdmx.infomodel.codelist.Code=IT1:CL_REFAREA(1.2).069035">
          <Name xml:lang="it" xmlns="http://www.sdmx.org/resources/sdmxml/schemas/v2_1/common">Francavilla al Mare</Name>
          <Name xml:lang="en" xmlns="http://www.sdmx.org/resources/sdmxml/schemas/v2_1/common">Francavilla al Mare</Name>
          <Parent>
            <Ref id="ITF14" xmlns="" />
          </Parent>
        </Code>
        <Code id="069036" urn="urn:sdmx:org.sdmx.infomodel.codelist.Code=IT1:CL_REFAREA(1.2).069036">
          <Name xml:lang="it" xmlns="http://www.sdmx.org/resources/sdmxml/schemas/v2_1/common">Fresagrandinaria</Name>
          <Name xml:lang="en" xmlns="http://www.sdmx.org/resources/sdmxml/schemas/v2_1/common">Fresagrandinaria</Name>
          <Parent>
            <Ref id="ITF14" xmlns="" />
          </Parent>
        </Code>
        <Code id="069037" urn="urn:sdmx:org.sdmx.infomodel.codelist.Code=IT1:CL_REFAREA(1.2).069037">
          <Name xml:lang="it" xmlns="http://www.sdmx.org/resources/sdmxml/schemas/v2_1/common">Frisa</Name>
          <Name xml:lang="en" xmlns="http://www.sdmx.org/resources/sdmxml/schemas/v2_1/common">Frisa</Name>
          <Parent>
            <Ref id="ITF14" xmlns="" />
          </Parent>
        </Code>
        <Code id="069038" urn="urn:sdmx:org.sdmx.infomodel.codelist.Code=IT1:CL_REFAREA(1.2).069038">
          <Name xml:lang="it" xmlns="http://www.sdmx.org/resources/sdmxml/schemas/v2_1/common">Furci</Name>
          <Name xml:lang="en" xmlns="http://www.sdmx.org/resources/sdmxml/schemas/v2_1/common">Furci</Name>
          <Parent>
            <Ref id="ITF14" xmlns="" />
          </Parent>
        </Code>
        <Code id="069039" urn="urn:sdmx:org.sdmx.infomodel.codelist.Code=IT1:CL_REFAREA(1.2).069039">
          <Name xml:lang="it" xmlns="http://www.sdmx.org/resources/sdmxml/schemas/v2_1/common">Gamberale</Name>
          <Name xml:lang="en" xmlns="http://www.sdmx.org/resources/sdmxml/schemas/v2_1/common">Gamberale</Name>
          <Parent>
            <Ref id="ITF14" xmlns="" />
          </Parent>
        </Code>
        <Code id="069040" urn="urn:sdmx:org.sdmx.infomodel.codelist.Code=IT1:CL_REFAREA(1.2).069040">
          <Name xml:lang="it" xmlns="http://www.sdmx.org/resources/sdmxml/schemas/v2_1/common">Gessopalena</Name>
          <Name xml:lang="en" xmlns="http://www.sdmx.org/resources/sdmxml/schemas/v2_1/common">Gessopalena</Name>
          <Parent>
            <Ref id="ITF14" xmlns="" />
          </Parent>
        </Code>
        <Code id="069041" urn="urn:sdmx:org.sdmx.infomodel.codelist.Code=IT1:CL_REFAREA(1.2).069041">
          <Name xml:lang="it" xmlns="http://www.sdmx.org/resources/sdmxml/schemas/v2_1/common">Gissi</Name>
          <Name xml:lang="en" xmlns="http://www.sdmx.org/resources/sdmxml/schemas/v2_1/common">Gissi</Name>
          <Parent>
            <Ref id="ITF14" xmlns="" />
          </Parent>
        </Code>
        <Code id="069042" urn="urn:sdmx:org.sdmx.infomodel.codelist.Code=IT1:CL_REFAREA(1.2).069042">
          <Name xml:lang="it" xmlns="http://www.sdmx.org/resources/sdmxml/schemas/v2_1/common">Giuliano Teatino</Name>
          <Name xml:lang="en" xmlns="http://www.sdmx.org/resources/sdmxml/schemas/v2_1/common">Giuliano Teatino</Name>
          <Parent>
            <Ref id="ITF14" xmlns="" />
          </Parent>
        </Code>
        <Code id="069043" urn="urn:sdmx:org.sdmx.infomodel.codelist.Code=IT1:CL_REFAREA(1.2).069043">
          <Name xml:lang="it" xmlns="http://www.sdmx.org/resources/sdmxml/schemas/v2_1/common">Guardiagrele</Name>
          <Name xml:lang="en" xmlns="http://www.sdmx.org/resources/sdmxml/schemas/v2_1/common">Guardiagrele</Name>
          <Parent>
            <Ref id="ITF14" xmlns="" />
          </Parent>
        </Code>
        <Code id="069044" urn="urn:sdmx:org.sdmx.infomodel.codelist.Code=IT1:CL_REFAREA(1.2).069044">
          <Name xml:lang="it" xmlns="http://www.sdmx.org/resources/sdmxml/schemas/v2_1/common">Guilmi</Name>
          <Name xml:lang="en" xmlns="http://www.sdmx.org/resources/sdmxml/schemas/v2_1/common">Guilmi</Name>
          <Parent>
            <Ref id="ITF14" xmlns="" />
          </Parent>
        </Code>
        <Code id="069045" urn="urn:sdmx:org.sdmx.infomodel.codelist.Code=IT1:CL_REFAREA(1.2).069045">
          <Name xml:lang="it" xmlns="http://www.sdmx.org/resources/sdmxml/schemas/v2_1/common">Lama dei Peligni</Name>
          <Name xml:lang="en" xmlns="http://www.sdmx.org/resources/sdmxml/schemas/v2_1/common">Lama dei Peligni</Name>
          <Parent>
            <Ref id="ITF14" xmlns="" />
          </Parent>
        </Code>
        <Code id="069046" urn="urn:sdmx:org.sdmx.infomodel.codelist.Code=IT1:CL_REFAREA(1.2).069046">
          <Name xml:lang="it" xmlns="http://www.sdmx.org/resources/sdmxml/schemas/v2_1/common">Lanciano</Name>
          <Name xml:lang="en" xmlns="http://www.sdmx.org/resources/sdmxml/schemas/v2_1/common">Lanciano</Name>
          <Parent>
            <Ref id="ITF14" xmlns="" />
          </Parent>
        </Code>
        <Code id="069047" urn="urn:sdmx:org.sdmx.infomodel.codelist.Code=IT1:CL_REFAREA(1.2).069047">
          <Name xml:lang="it" xmlns="http://www.sdmx.org/resources/sdmxml/schemas/v2_1/common">Lentella</Name>
          <Name xml:lang="en" xmlns="http://www.sdmx.org/resources/sdmxml/schemas/v2_1/common">Lentella</Name>
          <Parent>
            <Ref id="ITF14" xmlns="" />
          </Parent>
        </Code>
        <Code id="069048" urn="urn:sdmx:org.sdmx.infomodel.codelist.Code=IT1:CL_REFAREA(1.2).069048">
          <Name xml:lang="it" xmlns="http://www.sdmx.org/resources/sdmxml/schemas/v2_1/common">Lettopalena</Name>
          <Name xml:lang="en" xmlns="http://www.sdmx.org/resources/sdmxml/schemas/v2_1/common">Lettopalena</Name>
          <Parent>
            <Ref id="ITF14" xmlns="" />
          </Parent>
        </Code>
        <Code id="069049" urn="urn:sdmx:org.sdmx.infomodel.codelist.Code=IT1:CL_REFAREA(1.2).069049">
          <Name xml:lang="it" xmlns="http://www.sdmx.org/resources/sdmxml/schemas/v2_1/common">Liscia</Name>
          <Name xml:lang="en" xmlns="http://www.sdmx.org/resources/sdmxml/schemas/v2_1/common">Liscia</Name>
          <Parent>
            <Ref id="ITF14" xmlns="" />
          </Parent>
        </Code>
        <Code id="069050" urn="urn:sdmx:org.sdmx.infomodel.codelist.Code=IT1:CL_REFAREA(1.2).069050">
          <Name xml:lang="it" xmlns="http://www.sdmx.org/resources/sdmxml/schemas/v2_1/common">Miglianico</Name>
          <Name xml:lang="en" xmlns="http://www.sdmx.org/resources/sdmxml/schemas/v2_1/common">Miglianico</Name>
          <Parent>
            <Ref id="ITF14" xmlns="" />
          </Parent>
        </Code>
        <Code id="069051" urn="urn:sdmx:org.sdmx.infomodel.codelist.Code=IT1:CL_REFAREA(1.2).069051">
          <Name xml:lang="it" xmlns="http://www.sdmx.org/resources/sdmxml/schemas/v2_1/common">Montazzoli</Name>
          <Name xml:lang="en" xmlns="http://www.sdmx.org/resources/sdmxml/schemas/v2_1/common">Montazzoli</Name>
          <Parent>
            <Ref id="ITF14" xmlns="" />
          </Parent>
        </Code>
        <Code id="069052" urn="urn:sdmx:org.sdmx.infomodel.codelist.Code=IT1:CL_REFAREA(1.2).069052">
          <Name xml:lang="it" xmlns="http://www.sdmx.org/resources/sdmxml/schemas/v2_1/common">Monteferrante</Name>
          <Name xml:lang="en" xmlns="http://www.sdmx.org/resources/sdmxml/schemas/v2_1/common">Monteferrante</Name>
          <Parent>
            <Ref id="ITF14" xmlns="" />
          </Parent>
        </Code>
        <Code id="069053" urn="urn:sdmx:org.sdmx.infomodel.codelist.Code=IT1:CL_REFAREA(1.2).069053">
          <Name xml:lang="it" xmlns="http://www.sdmx.org/resources/sdmxml/schemas/v2_1/common">Montelapiano</Name>
          <Name xml:lang="en" xmlns="http://www.sdmx.org/resources/sdmxml/schemas/v2_1/common">Montelapiano</Name>
          <Parent>
            <Ref id="ITF14" xmlns="" />
          </Parent>
        </Code>
        <Code id="069054" urn="urn:sdmx:org.sdmx.infomodel.codelist.Code=IT1:CL_REFAREA(1.2).069054">
          <Name xml:lang="it" xmlns="http://www.sdmx.org/resources/sdmxml/schemas/v2_1/common">Montenerodomo</Name>
          <Name xml:lang="en" xmlns="http://www.sdmx.org/resources/sdmxml/schemas/v2_1/common">Montenerodomo</Name>
          <Parent>
            <Ref id="ITF14" xmlns="" />
          </Parent>
        </Code>
        <Code id="069055" urn="urn:sdmx:org.sdmx.infomodel.codelist.Code=IT1:CL_REFAREA(1.2).069055">
          <Name xml:lang="it" xmlns="http://www.sdmx.org/resources/sdmxml/schemas/v2_1/common">Monteodorisio</Name>
          <Name xml:lang="en" xmlns="http://www.sdmx.org/resources/sdmxml/schemas/v2_1/common">Monteodorisio</Name>
          <Parent>
            <Ref id="ITF14" xmlns="" />
          </Parent>
        </Code>
        <Code id="069056" urn="urn:sdmx:org.sdmx.infomodel.codelist.Code=IT1:CL_REFAREA(1.2).069056">
          <Name xml:lang="it" xmlns="http://www.sdmx.org/resources/sdmxml/schemas/v2_1/common">Mozzagrogna</Name>
          <Name xml:lang="en" xmlns="http://www.sdmx.org/resources/sdmxml/schemas/v2_1/common">Mozzagrogna</Name>
          <Parent>
            <Ref id="ITF14" xmlns="" />
          </Parent>
        </Code>
        <Code id="069057" urn="urn:sdmx:org.sdmx.infomodel.codelist.Code=IT1:CL_REFAREA(1.2).069057">
          <Name xml:lang="it" xmlns="http://www.sdmx.org/resources/sdmxml/schemas/v2_1/common">Orsogna</Name>
          <Name xml:lang="en" xmlns="http://www.sdmx.org/resources/sdmxml/schemas/v2_1/common">Orsogna</Name>
          <Parent>
            <Ref id="ITF14" xmlns="" />
          </Parent>
        </Code>
        <Code id="069058" urn="urn:sdmx:org.sdmx.infomodel.codelist.Code=IT1:CL_REFAREA(1.2).069058">
          <Name xml:lang="it" xmlns="http://www.sdmx.org/resources/sdmxml/schemas/v2_1/common">Ortona</Name>
          <Name xml:lang="en" xmlns="http://www.sdmx.org/resources/sdmxml/schemas/v2_1/common">Ortona</Name>
          <Parent>
            <Ref id="ITF14" xmlns="" />
          </Parent>
        </Code>
        <Code id="069059" urn="urn:sdmx:org.sdmx.infomodel.codelist.Code=IT1:CL_REFAREA(1.2).069059">
          <Name xml:lang="it" xmlns="http://www.sdmx.org/resources/sdmxml/schemas/v2_1/common">Paglieta</Name>
          <Name xml:lang="en" xmlns="http://www.sdmx.org/resources/sdmxml/schemas/v2_1/common">Paglieta</Name>
          <Parent>
            <Ref id="ITF14" xmlns="" />
          </Parent>
        </Code>
        <Code id="069060" urn="urn:sdmx:org.sdmx.infomodel.codelist.Code=IT1:CL_REFAREA(1.2).069060">
          <Name xml:lang="it" xmlns="http://www.sdmx.org/resources/sdmxml/schemas/v2_1/common">Palena</Name>
          <Name xml:lang="en" xmlns="http://www.sdmx.org/resources/sdmxml/schemas/v2_1/common">Palena</Name>
          <Parent>
            <Ref id="ITF14" xmlns="" />
          </Parent>
        </Code>
        <Code id="069061" urn="urn:sdmx:org.sdmx.infomodel.codelist.Code=IT1:CL_REFAREA(1.2).069061">
          <Name xml:lang="it" xmlns="http://www.sdmx.org/resources/sdmxml/schemas/v2_1/common">Palmoli</Name>
          <Name xml:lang="en" xmlns="http://www.sdmx.org/resources/sdmxml/schemas/v2_1/common">Palmoli</Name>
          <Parent>
            <Ref id="ITF14" xmlns="" />
          </Parent>
        </Code>
        <Code id="069062" urn="urn:sdmx:org.sdmx.infomodel.codelist.Code=IT1:CL_REFAREA(1.2).069062">
          <Name xml:lang="it" xmlns="http://www.sdmx.org/resources/sdmxml/schemas/v2_1/common">Palombaro</Name>
          <Name xml:lang="en" xmlns="http://www.sdmx.org/resources/sdmxml/schemas/v2_1/common">Palombaro</Name>
          <Parent>
            <Ref id="ITF14" xmlns="" />
          </Parent>
        </Code>
        <Code id="069063" urn="urn:sdmx:org.sdmx.infomodel.codelist.Code=IT1:CL_REFAREA(1.2).069063">
          <Name xml:lang="it" xmlns="http://www.sdmx.org/resources/sdmxml/schemas/v2_1/common">Pennadomo</Name>
          <Name xml:lang="en" xmlns="http://www.sdmx.org/resources/sdmxml/schemas/v2_1/common">Pennadomo</Name>
          <Parent>
            <Ref id="ITF14" xmlns="" />
          </Parent>
        </Code>
        <Code id="069064" urn="urn:sdmx:org.sdmx.infomodel.codelist.Code=IT1:CL_REFAREA(1.2).069064">
          <Name xml:lang="it" xmlns="http://www.sdmx.org/resources/sdmxml/schemas/v2_1/common">Pennapiedimonte</Name>
          <Name xml:lang="en" xmlns="http://www.sdmx.org/resources/sdmxml/schemas/v2_1/common">Pennapiedimonte</Name>
          <Parent>
            <Ref id="ITF14" xmlns="" />
          </Parent>
        </Code>
        <Code id="069065" urn="urn:sdmx:org.sdmx.infomodel.codelist.Code=IT1:CL_REFAREA(1.2).069065">
          <Name xml:lang="it" xmlns="http://www.sdmx.org/resources/sdmxml/schemas/v2_1/common">Perano</Name>
          <Name xml:lang="en" xmlns="http://www.sdmx.org/resources/sdmxml/schemas/v2_1/common">Perano</Name>
          <Parent>
            <Ref id="ITF14" xmlns="" />
          </Parent>
        </Code>
        <Code id="069066" urn="urn:sdmx:org.sdmx.infomodel.codelist.Code=IT1:CL_REFAREA(1.2).069066">
          <Name xml:lang="it" xmlns="http://www.sdmx.org/resources/sdmxml/schemas/v2_1/common">Pizzoferrato</Name>
          <Name xml:lang="en" xmlns="http://www.sdmx.org/resources/sdmxml/schemas/v2_1/common">Pizzoferrato</Name>
          <Parent>
            <Ref id="ITF14" xmlns="" />
          </Parent>
        </Code>
        <Code id="069067" urn="urn:sdmx:org.sdmx.infomodel.codelist.Code=IT1:CL_REFAREA(1.2).069067">
          <Name xml:lang="it" xmlns="http://www.sdmx.org/resources/sdmxml/schemas/v2_1/common">Poggiofiorito</Name>
          <Name xml:lang="en" xmlns="http://www.sdmx.org/resources/sdmxml/schemas/v2_1/common">Poggiofiorito</Name>
          <Parent>
            <Ref id="ITF14" xmlns="" />
          </Parent>
        </Code>
        <Code id="069068" urn="urn:sdmx:org.sdmx.infomodel.codelist.Code=IT1:CL_REFAREA(1.2).069068">
          <Name xml:lang="it" xmlns="http://www.sdmx.org/resources/sdmxml/schemas/v2_1/common">Pollutri</Name>
          <Name xml:lang="en" xmlns="http://www.sdmx.org/resources/sdmxml/schemas/v2_1/common">Pollutri</Name>
          <Parent>
            <Ref id="ITF14" xmlns="" />
          </Parent>
        </Code>
        <Code id="069069" urn="urn:sdmx:org.sdmx.infomodel.codelist.Code=IT1:CL_REFAREA(1.2).069069">
          <Name xml:lang="it" xmlns="http://www.sdmx.org/resources/sdmxml/schemas/v2_1/common">Pretoro</Name>
          <Name xml:lang="en" xmlns="http://www.sdmx.org/resources/sdmxml/schemas/v2_1/common">Pretoro</Name>
          <Parent>
            <Ref id="ITF14" xmlns="" />
          </Parent>
        </Code>
        <Code id="069070" urn="urn:sdmx:org.sdmx.infomodel.codelist.Code=IT1:CL_REFAREA(1.2).069070">
          <Name xml:lang="it" xmlns="http://www.sdmx.org/resources/sdmxml/schemas/v2_1/common">Quadri</Name>
          <Name xml:lang="en" xmlns="http://www.sdmx.org/resources/sdmxml/schemas/v2_1/common">Quadri</Name>
          <Parent>
            <Ref id="ITF14" xmlns="" />
          </Parent>
        </Code>
        <Code id="069071" urn="urn:sdmx:org.sdmx.infomodel.codelist.Code=IT1:CL_REFAREA(1.2).069071">
          <Name xml:lang="it" xmlns="http://www.sdmx.org/resources/sdmxml/schemas/v2_1/common">Rapino</Name>
          <Name xml:lang="en" xmlns="http://www.sdmx.org/resources/sdmxml/schemas/v2_1/common">Rapino</Name>
          <Parent>
            <Ref id="ITF14" xmlns="" />
          </Parent>
        </Code>
        <Code id="069072" urn="urn:sdmx:org.sdmx.infomodel.codelist.Code=IT1:CL_REFAREA(1.2).069072">
          <Name xml:lang="it" xmlns="http://www.sdmx.org/resources/sdmxml/schemas/v2_1/common">Ripa Teatina</Name>
          <Name xml:lang="en" xmlns="http://www.sdmx.org/resources/sdmxml/schemas/v2_1/common">Ripa Teatina</Name>
          <Parent>
            <Ref id="ITF14" xmlns="" />
          </Parent>
        </Code>
        <Code id="069073" urn="urn:sdmx:org.sdmx.infomodel.codelist.Code=IT1:CL_REFAREA(1.2).069073">
          <Name xml:lang="it" xmlns="http://www.sdmx.org/resources/sdmxml/schemas/v2_1/common">Roccamontepiano</Name>
          <Name xml:lang="en" xmlns="http://www.sdmx.org/resources/sdmxml/schemas/v2_1/common">Roccamontepiano</Name>
          <Parent>
            <Ref id="ITF14" xmlns="" />
          </Parent>
        </Code>
        <Code id="069074" urn="urn:sdmx:org.sdmx.infomodel.codelist.Code=IT1:CL_REFAREA(1.2).069074">
          <Name xml:lang="it" xmlns="http://www.sdmx.org/resources/sdmxml/schemas/v2_1/common">Rocca San Giovanni</Name>
          <Name xml:lang="en" xmlns="http://www.sdmx.org/resources/sdmxml/schemas/v2_1/common">Rocca San Giovanni</Name>
          <Parent>
            <Ref id="ITF14" xmlns="" />
          </Parent>
        </Code>
        <Code id="069075" urn="urn:sdmx:org.sdmx.infomodel.codelist.Code=IT1:CL_REFAREA(1.2).069075">
          <Name xml:lang="it" xmlns="http://www.sdmx.org/resources/sdmxml/schemas/v2_1/common">Roccascalegna</Name>
          <Name xml:lang="en" xmlns="http://www.sdmx.org/resources/sdmxml/schemas/v2_1/common">Roccascalegna</Name>
          <Parent>
            <Ref id="ITF14" xmlns="" />
          </Parent>
        </Code>
        <Code id="069076" urn="urn:sdmx:org.sdmx.infomodel.codelist.Code=IT1:CL_REFAREA(1.2).069076">
          <Name xml:lang="it" xmlns="http://www.sdmx.org/resources/sdmxml/schemas/v2_1/common">Roccaspinalveti</Name>
          <Name xml:lang="en" xmlns="http://www.sdmx.org/resources/sdmxml/schemas/v2_1/common">Roccaspinalveti</Name>
          <Parent>
            <Ref id="ITF14" xmlns="" />
          </Parent>
        </Code>
        <Code id="069077" urn="urn:sdmx:org.sdmx.infomodel.codelist.Code=IT1:CL_REFAREA(1.2).069077">
          <Name xml:lang="it" xmlns="http://www.sdmx.org/resources/sdmxml/schemas/v2_1/common">Roio del Sangro</Name>
          <Name xml:lang="en" xmlns="http://www.sdmx.org/resources/sdmxml/schemas/v2_1/common">Roio del Sangro</Name>
          <Parent>
            <Ref id="ITF14" xmlns="" />
          </Parent>
        </Code>
        <Code id="069078" urn="urn:sdmx:org.sdmx.infomodel.codelist.Code=IT1:CL_REFAREA(1.2).069078">
          <Name xml:lang="it" xmlns="http://www.sdmx.org/resources/sdmxml/schemas/v2_1/common">Rosello</Name>
          <Name xml:lang="en" xmlns="http://www.sdmx.org/resources/sdmxml/schemas/v2_1/common">Rosello</Name>
          <Parent>
            <Ref id="ITF14" xmlns="" />
          </Parent>
        </Code>
        <Code id="069079" urn="urn:sdmx:org.sdmx.infomodel.codelist.Code=IT1:CL_REFAREA(1.2).069079">
          <Name xml:lang="it" xmlns="http://www.sdmx.org/resources/sdmxml/schemas/v2_1/common">San Buono</Name>
          <Name xml:lang="en" xmlns="http://www.sdmx.org/resources/sdmxml/schemas/v2_1/common">San Buono</Name>
          <Parent>
            <Ref id="ITF14" xmlns="" />
          </Parent>
        </Code>
        <Code id="069080" urn="urn:sdmx:org.sdmx.infomodel.codelist.Code=IT1:CL_REFAREA(1.2).069080">
          <Name xml:lang="it" xmlns="http://www.sdmx.org/resources/sdmxml/schemas/v2_1/common">San Giovanni Lipioni</Name>
          <Name xml:lang="en" xmlns="http://www.sdmx.org/resources/sdmxml/schemas/v2_1/common">San Giovanni Lipioni</Name>
          <Parent>
            <Ref id="ITF14" xmlns="" />
          </Parent>
        </Code>
        <Code id="069081" urn="urn:sdmx:org.sdmx.infomodel.codelist.Code=IT1:CL_REFAREA(1.2).069081">
          <Name xml:lang="it" xmlns="http://www.sdmx.org/resources/sdmxml/schemas/v2_1/common">San Giovanni Teatino</Name>
          <Name xml:lang="en" xmlns="http://www.sdmx.org/resources/sdmxml/schemas/v2_1/common">San Giovanni Teatino</Name>
          <Parent>
            <Ref id="ITF14" xmlns="" />
          </Parent>
        </Code>
        <Code id="069082" urn="urn:sdmx:org.sdmx.infomodel.codelist.Code=IT1:CL_REFAREA(1.2).069082">
          <Name xml:lang="it" xmlns="http://www.sdmx.org/resources/sdmxml/schemas/v2_1/common">San Martino sulla Marrucina</Name>
          <Name xml:lang="en" xmlns="http://www.sdmx.org/resources/sdmxml/schemas/v2_1/common">San Martino sulla Marrucina</Name>
          <Parent>
            <Ref id="ITF14" xmlns="" />
          </Parent>
        </Code>
        <Code id="069083" urn="urn:sdmx:org.sdmx.infomodel.codelist.Code=IT1:CL_REFAREA(1.2).069083">
          <Name xml:lang="it" xmlns="http://www.sdmx.org/resources/sdmxml/schemas/v2_1/common">San Salvo</Name>
          <Name xml:lang="en" xmlns="http://www.sdmx.org/resources/sdmxml/schemas/v2_1/common">San Salvo</Name>
          <Parent>
            <Ref id="ITF14" xmlns="" />
          </Parent>
        </Code>
        <Code id="069084" urn="urn:sdmx:org.sdmx.infomodel.codelist.Code=IT1:CL_REFAREA(1.2).069084">
          <Name xml:lang="it" xmlns="http://www.sdmx.org/resources/sdmxml/schemas/v2_1/common">Santa Maria Imbaro</Name>
          <Name xml:lang="en" xmlns="http://www.sdmx.org/resources/sdmxml/schemas/v2_1/common">Santa Maria Imbaro</Name>
          <Parent>
            <Ref id="ITF14" xmlns="" />
          </Parent>
        </Code>
        <Code id="069085" urn="urn:sdmx:org.sdmx.infomodel.codelist.Code=IT1:CL_REFAREA(1.2).069085">
          <Name xml:lang="it" xmlns="http://www.sdmx.org/resources/sdmxml/schemas/v2_1/common">Sant'Eusanio del Sangro</Name>
          <Name xml:lang="en" xmlns="http://www.sdmx.org/resources/sdmxml/schemas/v2_1/common">Sant'Eusanio del Sangro</Name>
          <Parent>
            <Ref id="ITF14" xmlns="" />
          </Parent>
        </Code>
        <Code id="069086" urn="urn:sdmx:org.sdmx.infomodel.codelist.Code=IT1:CL_REFAREA(1.2).069086">
          <Name xml:lang="it" xmlns="http://www.sdmx.org/resources/sdmxml/schemas/v2_1/common">San Vito Chietino</Name>
          <Name xml:lang="en" xmlns="http://www.sdmx.org/resources/sdmxml/schemas/v2_1/common">San Vito Chietino</Name>
          <Parent>
            <Ref id="ITF14" xmlns="" />
          </Parent>
        </Code>
        <Code id="069087" urn="urn:sdmx:org.sdmx.infomodel.codelist.Code=IT1:CL_REFAREA(1.2).069087">
          <Name xml:lang="it" xmlns="http://www.sdmx.org/resources/sdmxml/schemas/v2_1/common">Scerni</Name>
          <Name xml:lang="en" xmlns="http://www.sdmx.org/resources/sdmxml/schemas/v2_1/common">Scerni</Name>
          <Parent>
            <Ref id="ITF14" xmlns="" />
          </Parent>
        </Code>
        <Code id="069088" urn="urn:sdmx:org.sdmx.infomodel.codelist.Code=IT1:CL_REFAREA(1.2).069088">
          <Name xml:lang="it" xmlns="http://www.sdmx.org/resources/sdmxml/schemas/v2_1/common">Schiavi di Abruzzo</Name>
          <Name xml:lang="en" xmlns="http://www.sdmx.org/resources/sdmxml/schemas/v2_1/common">Schiavi di Abruzzo</Name>
          <Parent>
            <Ref id="ITF14" xmlns="" />
          </Parent>
        </Code>
        <Code id="069089" urn="urn:sdmx:org.sdmx.infomodel.codelist.Code=IT1:CL_REFAREA(1.2).069089">
          <Name xml:lang="it" xmlns="http://www.sdmx.org/resources/sdmxml/schemas/v2_1/common">Taranta Peligna</Name>
          <Name xml:lang="en" xmlns="http://www.sdmx.org/resources/sdmxml/schemas/v2_1/common">Taranta Peligna</Name>
          <Parent>
            <Ref id="ITF14" xmlns="" />
          </Parent>
        </Code>
        <Code id="069090" urn="urn:sdmx:org.sdmx.infomodel.codelist.Code=IT1:CL_REFAREA(1.2).069090">
          <Name xml:lang="it" xmlns="http://www.sdmx.org/resources/sdmxml/schemas/v2_1/common">Tollo</Name>
          <Name xml:lang="en" xmlns="http://www.sdmx.org/resources/sdmxml/schemas/v2_1/common">Tollo</Name>
          <Parent>
            <Ref id="ITF14" xmlns="" />
          </Parent>
        </Code>
        <Code id="069091" urn="urn:sdmx:org.sdmx.infomodel.codelist.Code=IT1:CL_REFAREA(1.2).069091">
          <Name xml:lang="it" xmlns="http://www.sdmx.org/resources/sdmxml/schemas/v2_1/common">Torino di Sangro</Name>
          <Name xml:lang="en" xmlns="http://www.sdmx.org/resources/sdmxml/schemas/v2_1/common">Torino di Sangro</Name>
          <Parent>
            <Ref id="ITF14" xmlns="" />
          </Parent>
        </Code>
        <Code id="069092" urn="urn:sdmx:org.sdmx.infomodel.codelist.Code=IT1:CL_REFAREA(1.2).069092">
          <Name xml:lang="it" xmlns="http://www.sdmx.org/resources/sdmxml/schemas/v2_1/common">Tornareccio</Name>
          <Name xml:lang="en" xmlns="http://www.sdmx.org/resources/sdmxml/schemas/v2_1/common">Tornareccio</Name>
          <Parent>
            <Ref id="ITF14" xmlns="" />
          </Parent>
        </Code>
        <Code id="069093" urn="urn:sdmx:org.sdmx.infomodel.codelist.Code=IT1:CL_REFAREA(1.2).069093">
          <Name xml:lang="it" xmlns="http://www.sdmx.org/resources/sdmxml/schemas/v2_1/common">Torrebruna</Name>
          <Name xml:lang="en" xmlns="http://www.sdmx.org/resources/sdmxml/schemas/v2_1/common">Torrebruna</Name>
          <Parent>
            <Ref id="ITF14" xmlns="" />
          </Parent>
        </Code>
        <Code id="069094" urn="urn:sdmx:org.sdmx.infomodel.codelist.Code=IT1:CL_REFAREA(1.2).069094">
          <Name xml:lang="it" xmlns="http://www.sdmx.org/resources/sdmxml/schemas/v2_1/common">Torrevecchia Teatina</Name>
          <Name xml:lang="en" xmlns="http://www.sdmx.org/resources/sdmxml/schemas/v2_1/common">Torrevecchia Teatina</Name>
          <Parent>
            <Ref id="ITF14" xmlns="" />
          </Parent>
        </Code>
        <Code id="069095" urn="urn:sdmx:org.sdmx.infomodel.codelist.Code=IT1:CL_REFAREA(1.2).069095">
          <Name xml:lang="it" xmlns="http://www.sdmx.org/resources/sdmxml/schemas/v2_1/common">Torricella Peligna</Name>
          <Name xml:lang="en" xmlns="http://www.sdmx.org/resources/sdmxml/schemas/v2_1/common">Torricella Peligna</Name>
          <Parent>
            <Ref id="ITF14" xmlns="" />
          </Parent>
        </Code>
        <Code id="069096" urn="urn:sdmx:org.sdmx.infomodel.codelist.Code=IT1:CL_REFAREA(1.2).069096">
          <Name xml:lang="it" xmlns="http://www.sdmx.org/resources/sdmxml/schemas/v2_1/common">Treglio</Name>
          <Name xml:lang="en" xmlns="http://www.sdmx.org/resources/sdmxml/schemas/v2_1/common">Treglio</Name>
          <Parent>
            <Ref id="ITF14" xmlns="" />
          </Parent>
        </Code>
        <Code id="069097" urn="urn:sdmx:org.sdmx.infomodel.codelist.Code=IT1:CL_REFAREA(1.2).069097">
          <Name xml:lang="it" xmlns="http://www.sdmx.org/resources/sdmxml/schemas/v2_1/common">Tufillo</Name>
          <Name xml:lang="en" xmlns="http://www.sdmx.org/resources/sdmxml/schemas/v2_1/common">Tufillo</Name>
          <Parent>
            <Ref id="ITF14" xmlns="" />
          </Parent>
        </Code>
        <Code id="069098" urn="urn:sdmx:org.sdmx.infomodel.codelist.Code=IT1:CL_REFAREA(1.2).069098">
          <Name xml:lang="it" xmlns="http://www.sdmx.org/resources/sdmxml/schemas/v2_1/common">Vacri</Name>
          <Name xml:lang="en" xmlns="http://www.sdmx.org/resources/sdmxml/schemas/v2_1/common">Vacri</Name>
          <Parent>
            <Ref id="ITF14" xmlns="" />
          </Parent>
        </Code>
        <Code id="069099" urn="urn:sdmx:org.sdmx.infomodel.codelist.Code=IT1:CL_REFAREA(1.2).069099">
          <Name xml:lang="it" xmlns="http://www.sdmx.org/resources/sdmxml/schemas/v2_1/common">Vasto</Name>
          <Name xml:lang="en" xmlns="http://www.sdmx.org/resources/sdmxml/schemas/v2_1/common">Vasto</Name>
          <Parent>
            <Ref id="ITF14" xmlns="" />
          </Parent>
        </Code>
        <Code id="069100" urn="urn:sdmx:org.sdmx.infomodel.codelist.Code=IT1:CL_REFAREA(1.2).069100">
          <Name xml:lang="it" xmlns="http://www.sdmx.org/resources/sdmxml/schemas/v2_1/common">Villalfonsina</Name>
          <Name xml:lang="en" xmlns="http://www.sdmx.org/resources/sdmxml/schemas/v2_1/common">Villalfonsina</Name>
          <Parent>
            <Ref id="ITF14" xmlns="" />
          </Parent>
        </Code>
        <Code id="069101" urn="urn:sdmx:org.sdmx.infomodel.codelist.Code=IT1:CL_REFAREA(1.2).069101">
          <Name xml:lang="it" xmlns="http://www.sdmx.org/resources/sdmxml/schemas/v2_1/common">Villamagna</Name>
          <Name xml:lang="en" xmlns="http://www.sdmx.org/resources/sdmxml/schemas/v2_1/common">Villamagna</Name>
          <Parent>
            <Ref id="ITF14" xmlns="" />
          </Parent>
        </Code>
        <Code id="069102" urn="urn:sdmx:org.sdmx.infomodel.codelist.Code=IT1:CL_REFAREA(1.2).069102">
          <Name xml:lang="it" xmlns="http://www.sdmx.org/resources/sdmxml/schemas/v2_1/common">Villa Santa Maria</Name>
          <Name xml:lang="en" xmlns="http://www.sdmx.org/resources/sdmxml/schemas/v2_1/common">Villa Santa Maria</Name>
          <Parent>
            <Ref id="ITF14" xmlns="" />
          </Parent>
        </Code>
        <Code id="069103" urn="urn:sdmx:org.sdmx.infomodel.codelist.Code=IT1:CL_REFAREA(1.2).069103">
          <Name xml:lang="it" xmlns="http://www.sdmx.org/resources/sdmxml/schemas/v2_1/common">Pietraferrazzana</Name>
          <Name xml:lang="en" xmlns="http://www.sdmx.org/resources/sdmxml/schemas/v2_1/common">Pietraferrazzana</Name>
          <Parent>
            <Ref id="ITF14" xmlns="" />
          </Parent>
        </Code>
        <Code id="069104" urn="urn:sdmx:org.sdmx.infomodel.codelist.Code=IT1:CL_REFAREA(1.2).069104">
          <Name xml:lang="it" xmlns="http://www.sdmx.org/resources/sdmxml/schemas/v2_1/common">Fallo</Name>
          <Name xml:lang="en" xmlns="http://www.sdmx.org/resources/sdmxml/schemas/v2_1/common">Fallo</Name>
          <Parent>
            <Ref id="ITF14" xmlns="" />
          </Parent>
        </Code>
        <Code id="070001" urn="urn:sdmx:org.sdmx.infomodel.codelist.Code=IT1:CL_REFAREA(1.2).070001">
          <Name xml:lang="it" xmlns="http://www.sdmx.org/resources/sdmxml/schemas/v2_1/common">Acquaviva Collecroce</Name>
          <Name xml:lang="en" xmlns="http://www.sdmx.org/resources/sdmxml/schemas/v2_1/common">Acquaviva Collecroce</Name>
          <Parent>
            <Ref id="ITF22" xmlns="" />
          </Parent>
        </Code>
        <Code id="070002" urn="urn:sdmx:org.sdmx.infomodel.codelist.Code=IT1:CL_REFAREA(1.2).070002">
          <Name xml:lang="it" xmlns="http://www.sdmx.org/resources/sdmxml/schemas/v2_1/common">Baranello</Name>
          <Name xml:lang="en" xmlns="http://www.sdmx.org/resources/sdmxml/schemas/v2_1/common">Baranello</Name>
          <Parent>
            <Ref id="ITF22" xmlns="" />
          </Parent>
        </Code>
        <Code id="070003" urn="urn:sdmx:org.sdmx.infomodel.codelist.Code=IT1:CL_REFAREA(1.2).070003">
          <Name xml:lang="it" xmlns="http://www.sdmx.org/resources/sdmxml/schemas/v2_1/common">Bojano</Name>
          <Name xml:lang="en" xmlns="http://www.sdmx.org/resources/sdmxml/schemas/v2_1/common">Bojano</Name>
          <Parent>
            <Ref id="ITF22" xmlns="" />
          </Parent>
        </Code>
        <Code id="070004" urn="urn:sdmx:org.sdmx.infomodel.codelist.Code=IT1:CL_REFAREA(1.2).070004">
          <Name xml:lang="it" xmlns="http://www.sdmx.org/resources/sdmxml/schemas/v2_1/common">Bonefro</Name>
          <Name xml:lang="en" xmlns="http://www.sdmx.org/resources/sdmxml/schemas/v2_1/common">Bonefro</Name>
          <Parent>
            <Ref id="ITF22" xmlns="" />
          </Parent>
        </Code>
        <Code id="070005" urn="urn:sdmx:org.sdmx.infomodel.codelist.Code=IT1:CL_REFAREA(1.2).070005">
          <Name xml:lang="it" xmlns="http://www.sdmx.org/resources/sdmxml/schemas/v2_1/common">Busso</Name>
          <Name xml:lang="en" xmlns="http://www.sdmx.org/resources/sdmxml/schemas/v2_1/common">Busso</Name>
          <Parent>
            <Ref id="ITF22" xmlns="" />
          </Parent>
        </Code>
        <Code id="070006" urn="urn:sdmx:org.sdmx.infomodel.codelist.Code=IT1:CL_REFAREA(1.2).070006">
          <Name xml:lang="it" xmlns="http://www.sdmx.org/resources/sdmxml/schemas/v2_1/common">Campobasso</Name>
          <Name xml:lang="en" xmlns="http://www.sdmx.org/resources/sdmxml/schemas/v2_1/common">Campobasso</Name>
          <Parent>
            <Ref id="ITF22" xmlns="" />
          </Parent>
        </Code>
        <Code id="070007" urn="urn:sdmx:org.sdmx.infomodel.codelist.Code=IT1:CL_REFAREA(1.2).070007">
          <Name xml:lang="it" xmlns="http://www.sdmx.org/resources/sdmxml/schemas/v2_1/common">Campochiaro</Name>
          <Name xml:lang="en" xmlns="http://www.sdmx.org/resources/sdmxml/schemas/v2_1/common">Campochiaro</Name>
          <Parent>
            <Ref id="ITF22" xmlns="" />
          </Parent>
        </Code>
        <Code id="070008" urn="urn:sdmx:org.sdmx.infomodel.codelist.Code=IT1:CL_REFAREA(1.2).070008">
          <Name xml:lang="it" xmlns="http://www.sdmx.org/resources/sdmxml/schemas/v2_1/common">Campodipietra</Name>
          <Name xml:lang="en" xmlns="http://www.sdmx.org/resources/sdmxml/schemas/v2_1/common">Campodipietra</Name>
          <Parent>
            <Ref id="ITF22" xmlns="" />
          </Parent>
        </Code>
        <Code id="070009" urn="urn:sdmx:org.sdmx.infomodel.codelist.Code=IT1:CL_REFAREA(1.2).070009">
          <Name xml:lang="it" xmlns="http://www.sdmx.org/resources/sdmxml/schemas/v2_1/common">Campolieto</Name>
          <Name xml:lang="en" xmlns="http://www.sdmx.org/resources/sdmxml/schemas/v2_1/common">Campolieto</Name>
          <Parent>
            <Ref id="ITF22" xmlns="" />
          </Parent>
        </Code>
        <Code id="070010" urn="urn:sdmx:org.sdmx.infomodel.codelist.Code=IT1:CL_REFAREA(1.2).070010">
          <Name xml:lang="it" xmlns="http://www.sdmx.org/resources/sdmxml/schemas/v2_1/common">Campomarino</Name>
          <Name xml:lang="en" xmlns="http://www.sdmx.org/resources/sdmxml/schemas/v2_1/common">Campomarino</Name>
          <Parent>
            <Ref id="ITF22" xmlns="" />
          </Parent>
        </Code>
        <Code id="070011" urn="urn:sdmx:org.sdmx.infomodel.codelist.Code=IT1:CL_REFAREA(1.2).070011">
          <Name xml:lang="it" xmlns="http://www.sdmx.org/resources/sdmxml/schemas/v2_1/common">Casacalenda</Name>
          <Name xml:lang="en" xmlns="http://www.sdmx.org/resources/sdmxml/schemas/v2_1/common">Casacalenda</Name>
          <Parent>
            <Ref id="ITF22" xmlns="" />
          </Parent>
        </Code>
        <Code id="070012" urn="urn:sdmx:org.sdmx.infomodel.codelist.Code=IT1:CL_REFAREA(1.2).070012">
          <Name xml:lang="it" xmlns="http://www.sdmx.org/resources/sdmxml/schemas/v2_1/common">Casalciprano</Name>
          <Name xml:lang="en" xmlns="http://www.sdmx.org/resources/sdmxml/schemas/v2_1/common">Casalciprano</Name>
          <Parent>
            <Ref id="ITF22" xmlns="" />
          </Parent>
        </Code>
        <Code id="070013" urn="urn:sdmx:org.sdmx.infomodel.codelist.Code=IT1:CL_REFAREA(1.2).070013">
          <Name xml:lang="it" xmlns="http://www.sdmx.org/resources/sdmxml/schemas/v2_1/common">Castelbottaccio</Name>
          <Name xml:lang="en" xmlns="http://www.sdmx.org/resources/sdmxml/schemas/v2_1/common">Castelbottaccio</Name>
          <Parent>
            <Ref id="ITF22" xmlns="" />
          </Parent>
        </Code>
        <Code id="070014" urn="urn:sdmx:org.sdmx.infomodel.codelist.Code=IT1:CL_REFAREA(1.2).070014">
          <Name xml:lang="it" xmlns="http://www.sdmx.org/resources/sdmxml/schemas/v2_1/common">Castellino del Biferno</Name>
          <Name xml:lang="en" xmlns="http://www.sdmx.org/resources/sdmxml/schemas/v2_1/common">Castellino del Biferno</Name>
          <Parent>
            <Ref id="ITF22" xmlns="" />
          </Parent>
        </Code>
        <Code id="070015" urn="urn:sdmx:org.sdmx.infomodel.codelist.Code=IT1:CL_REFAREA(1.2).070015">
          <Name xml:lang="it" xmlns="http://www.sdmx.org/resources/sdmxml/schemas/v2_1/common">Castelmauro</Name>
          <Name xml:lang="en" xmlns="http://www.sdmx.org/resources/sdmxml/schemas/v2_1/common">Castelmauro</Name>
          <Parent>
            <Ref id="ITF22" xmlns="" />
          </Parent>
        </Code>
        <Code id="070016" urn="urn:sdmx:org.sdmx.infomodel.codelist.Code=IT1:CL_REFAREA(1.2).070016">
          <Name xml:lang="it" xmlns="http://www.sdmx.org/resources/sdmxml/schemas/v2_1/common">Castropignano</Name>
          <Name xml:lang="en" xmlns="http://www.sdmx.org/resources/sdmxml/schemas/v2_1/common">Castropignano</Name>
          <Parent>
            <Ref id="ITF22" xmlns="" />
          </Parent>
        </Code>
        <Code id="070017" urn="urn:sdmx:org.sdmx.infomodel.codelist.Code=IT1:CL_REFAREA(1.2).070017">
          <Name xml:lang="it" xmlns="http://www.sdmx.org/resources/sdmxml/schemas/v2_1/common">Cercemaggiore</Name>
          <Name xml:lang="en" xmlns="http://www.sdmx.org/resources/sdmxml/schemas/v2_1/common">Cercemaggiore</Name>
          <Parent>
            <Ref id="ITF22" xmlns="" />
          </Parent>
        </Code>
        <Code id="070018" urn="urn:sdmx:org.sdmx.infomodel.codelist.Code=IT1:CL_REFAREA(1.2).070018">
          <Name xml:lang="it" xmlns="http://www.sdmx.org/resources/sdmxml/schemas/v2_1/common">Cercepiccola</Name>
          <Name xml:lang="en" xmlns="http://www.sdmx.org/resources/sdmxml/schemas/v2_1/common">Cercepiccola</Name>
          <Parent>
            <Ref id="ITF22" xmlns="" />
          </Parent>
        </Code>
        <Code id="070019" urn="urn:sdmx:org.sdmx.infomodel.codelist.Code=IT1:CL_REFAREA(1.2).070019">
          <Name xml:lang="it" xmlns="http://www.sdmx.org/resources/sdmxml/schemas/v2_1/common">Civitacampomarano</Name>
          <Name xml:lang="en" xmlns="http://www.sdmx.org/resources/sdmxml/schemas/v2_1/common">Civitacampomarano</Name>
          <Parent>
            <Ref id="ITF22" xmlns="" />
          </Parent>
        </Code>
        <Code id="070020" urn="urn:sdmx:org.sdmx.infomodel.codelist.Code=IT1:CL_REFAREA(1.2).070020">
          <Name xml:lang="it" xmlns="http://www.sdmx.org/resources/sdmxml/schemas/v2_1/common">Colle d'Anchise</Name>
          <Name xml:lang="en" xmlns="http://www.sdmx.org/resources/sdmxml/schemas/v2_1/common">Colle d'Anchise</Name>
          <Parent>
            <Ref id="ITF22" xmlns="" />
          </Parent>
        </Code>
        <Code id="070021" urn="urn:sdmx:org.sdmx.infomodel.codelist.Code=IT1:CL_REFAREA(1.2).070021">
          <Name xml:lang="it" xmlns="http://www.sdmx.org/resources/sdmxml/schemas/v2_1/common">Colletorto</Name>
          <Name xml:lang="en" xmlns="http://www.sdmx.org/resources/sdmxml/schemas/v2_1/common">Colletorto</Name>
          <Parent>
            <Ref id="ITF22" xmlns="" />
          </Parent>
        </Code>
        <Code id="070022" urn="urn:sdmx:org.sdmx.infomodel.codelist.Code=IT1:CL_REFAREA(1.2).070022">
          <Name xml:lang="it" xmlns="http://www.sdmx.org/resources/sdmxml/schemas/v2_1/common">Duronia</Name>
          <Name xml:lang="en" xmlns="http://www.sdmx.org/resources/sdmxml/schemas/v2_1/common">Duronia</Name>
          <Parent>
            <Ref id="ITF22" xmlns="" />
          </Parent>
        </Code>
        <Code id="070023" urn="urn:sdmx:org.sdmx.infomodel.codelist.Code=IT1:CL_REFAREA(1.2).070023">
          <Name xml:lang="it" xmlns="http://www.sdmx.org/resources/sdmxml/schemas/v2_1/common">Ferrazzano</Name>
          <Name xml:lang="en" xmlns="http://www.sdmx.org/resources/sdmxml/schemas/v2_1/common">Ferrazzano</Name>
          <Parent>
            <Ref id="ITF22" xmlns="" />
          </Parent>
        </Code>
        <Code id="070024" urn="urn:sdmx:org.sdmx.infomodel.codelist.Code=IT1:CL_REFAREA(1.2).070024">
          <Name xml:lang="it" xmlns="http://www.sdmx.org/resources/sdmxml/schemas/v2_1/common">Fossalto</Name>
          <Name xml:lang="en" xmlns="http://www.sdmx.org/resources/sdmxml/schemas/v2_1/common">Fossalto</Name>
          <Parent>
            <Ref id="ITF22" xmlns="" />
          </Parent>
        </Code>
        <Code id="070025" urn="urn:sdmx:org.sdmx.infomodel.codelist.Code=IT1:CL_REFAREA(1.2).070025">
          <Name xml:lang="it" xmlns="http://www.sdmx.org/resources/sdmxml/schemas/v2_1/common">Gambatesa</Name>
          <Name xml:lang="en" xmlns="http://www.sdmx.org/resources/sdmxml/schemas/v2_1/common">Gambatesa</Name>
          <Parent>
            <Ref id="ITF22" xmlns="" />
          </Parent>
        </Code>
        <Code id="070026" urn="urn:sdmx:org.sdmx.infomodel.codelist.Code=IT1:CL_REFAREA(1.2).070026">
          <Name xml:lang="it" xmlns="http://www.sdmx.org/resources/sdmxml/schemas/v2_1/common">Gildone</Name>
          <Name xml:lang="en" xmlns="http://www.sdmx.org/resources/sdmxml/schemas/v2_1/common">Gildone</Name>
          <Parent>
            <Ref id="ITF22" xmlns="" />
          </Parent>
        </Code>
        <Code id="070027" urn="urn:sdmx:org.sdmx.infomodel.codelist.Code=IT1:CL_REFAREA(1.2).070027">
          <Name xml:lang="it" xmlns="http://www.sdmx.org/resources/sdmxml/schemas/v2_1/common">Guardialfiera</Name>
          <Name xml:lang="en" xmlns="http://www.sdmx.org/resources/sdmxml/schemas/v2_1/common">Guardialfiera</Name>
          <Parent>
            <Ref id="ITF22" xmlns="" />
          </Parent>
        </Code>
        <Code id="070028" urn="urn:sdmx:org.sdmx.infomodel.codelist.Code=IT1:CL_REFAREA(1.2).070028">
          <Name xml:lang="it" xmlns="http://www.sdmx.org/resources/sdmxml/schemas/v2_1/common">Guardiaregia</Name>
          <Name xml:lang="en" xmlns="http://www.sdmx.org/resources/sdmxml/schemas/v2_1/common">Guardiaregia</Name>
          <Parent>
            <Ref id="ITF22" xmlns="" />
          </Parent>
        </Code>
        <Code id="070029" urn="urn:sdmx:org.sdmx.infomodel.codelist.Code=IT1:CL_REFAREA(1.2).070029">
          <Name xml:lang="it" xmlns="http://www.sdmx.org/resources/sdmxml/schemas/v2_1/common">Guglionesi</Name>
          <Name xml:lang="en" xmlns="http://www.sdmx.org/resources/sdmxml/schemas/v2_1/common">Guglionesi</Name>
          <Parent>
            <Ref id="ITF22" xmlns="" />
          </Parent>
        </Code>
        <Code id="070030" urn="urn:sdmx:org.sdmx.infomodel.codelist.Code=IT1:CL_REFAREA(1.2).070030">
          <Name xml:lang="it" xmlns="http://www.sdmx.org/resources/sdmxml/schemas/v2_1/common">Jelsi</Name>
          <Name xml:lang="en" xmlns="http://www.sdmx.org/resources/sdmxml/schemas/v2_1/common">Jelsi</Name>
          <Parent>
            <Ref id="ITF22" xmlns="" />
          </Parent>
        </Code>
        <Code id="070031" urn="urn:sdmx:org.sdmx.infomodel.codelist.Code=IT1:CL_REFAREA(1.2).070031">
          <Name xml:lang="it" xmlns="http://www.sdmx.org/resources/sdmxml/schemas/v2_1/common">Larino</Name>
          <Name xml:lang="en" xmlns="http://www.sdmx.org/resources/sdmxml/schemas/v2_1/common">Larino</Name>
          <Parent>
            <Ref id="ITF22" xmlns="" />
          </Parent>
        </Code>
        <Code id="070032" urn="urn:sdmx:org.sdmx.infomodel.codelist.Code=IT1:CL_REFAREA(1.2).070032">
          <Name xml:lang="it" xmlns="http://www.sdmx.org/resources/sdmxml/schemas/v2_1/common">Limosano</Name>
          <Name xml:lang="en" xmlns="http://www.sdmx.org/resources/sdmxml/schemas/v2_1/common">Limosano</Name>
          <Parent>
            <Ref id="ITF22" xmlns="" />
          </Parent>
        </Code>
        <Code id="070033" urn="urn:sdmx:org.sdmx.infomodel.codelist.Code=IT1:CL_REFAREA(1.2).070033">
          <Name xml:lang="it" xmlns="http://www.sdmx.org/resources/sdmxml/schemas/v2_1/common">Lucito</Name>
          <Name xml:lang="en" xmlns="http://www.sdmx.org/resources/sdmxml/schemas/v2_1/common">Lucito</Name>
          <Parent>
            <Ref id="ITF22" xmlns="" />
          </Parent>
        </Code>
        <Code id="070034" urn="urn:sdmx:org.sdmx.infomodel.codelist.Code=IT1:CL_REFAREA(1.2).070034">
          <Name xml:lang="it" xmlns="http://www.sdmx.org/resources/sdmxml/schemas/v2_1/common">Lupara</Name>
          <Name xml:lang="en" xmlns="http://www.sdmx.org/resources/sdmxml/schemas/v2_1/common">Lupara</Name>
          <Parent>
            <Ref id="ITF22" xmlns="" />
          </Parent>
        </Code>
        <Code id="070035" urn="urn:sdmx:org.sdmx.infomodel.codelist.Code=IT1:CL_REFAREA(1.2).070035">
          <Name xml:lang="it" xmlns="http://www.sdmx.org/resources/sdmxml/schemas/v2_1/common">Macchia Valfortore</Name>
          <Name xml:lang="en" xmlns="http://www.sdmx.org/resources/sdmxml/schemas/v2_1/common">Macchia Valfortore</Name>
          <Parent>
            <Ref id="ITF22" xmlns="" />
          </Parent>
        </Code>
        <Code id="070036" urn="urn:sdmx:org.sdmx.infomodel.codelist.Code=IT1:CL_REFAREA(1.2).070036">
          <Name xml:lang="it" xmlns="http://www.sdmx.org/resources/sdmxml/schemas/v2_1/common">Mafalda</Name>
          <Name xml:lang="en" xmlns="http://www.sdmx.org/resources/sdmxml/schemas/v2_1/common">Mafalda</Name>
          <Parent>
            <Ref id="ITF22" xmlns="" />
          </Parent>
        </Code>
        <Code id="070037" urn="urn:sdmx:org.sdmx.infomodel.codelist.Code=IT1:CL_REFAREA(1.2).070037">
          <Name xml:lang="it" xmlns="http://www.sdmx.org/resources/sdmxml/schemas/v2_1/common">Matrice</Name>
          <Name xml:lang="en" xmlns="http://www.sdmx.org/resources/sdmxml/schemas/v2_1/common">Matrice</Name>
          <Parent>
            <Ref id="ITF22" xmlns="" />
          </Parent>
        </Code>
        <Code id="070038" urn="urn:sdmx:org.sdmx.infomodel.codelist.Code=IT1:CL_REFAREA(1.2).070038">
          <Name xml:lang="it" xmlns="http://www.sdmx.org/resources/sdmxml/schemas/v2_1/common">Mirabello Sannitico</Name>
          <Name xml:lang="en" xmlns="http://www.sdmx.org/resources/sdmxml/schemas/v2_1/common">Mirabello Sannitico</Name>
          <Parent>
            <Ref id="ITF22" xmlns="" />
          </Parent>
        </Code>
        <Code id="070039" urn="urn:sdmx:org.sdmx.infomodel.codelist.Code=IT1:CL_REFAREA(1.2).070039">
          <Name xml:lang="it" xmlns="http://www.sdmx.org/resources/sdmxml/schemas/v2_1/common">Molise</Name>
          <Name xml:lang="en" xmlns="http://www.sdmx.org/resources/sdmxml/schemas/v2_1/common">Molise</Name>
          <Parent>
            <Ref id="ITF22" xmlns="" />
          </Parent>
        </Code>
        <Code id="070040" urn="urn:sdmx:org.sdmx.infomodel.codelist.Code=IT1:CL_REFAREA(1.2).070040">
          <Name xml:lang="it" xmlns="http://www.sdmx.org/resources/sdmxml/schemas/v2_1/common">Monacilioni</Name>
          <Name xml:lang="en" xmlns="http://www.sdmx.org/resources/sdmxml/schemas/v2_1/common">Monacilioni</Name>
          <Parent>
            <Ref id="ITF22" xmlns="" />
          </Parent>
        </Code>
        <Code id="070041" urn="urn:sdmx:org.sdmx.infomodel.codelist.Code=IT1:CL_REFAREA(1.2).070041">
          <Name xml:lang="it" xmlns="http://www.sdmx.org/resources/sdmxml/schemas/v2_1/common">Montagano</Name>
          <Name xml:lang="en" xmlns="http://www.sdmx.org/resources/sdmxml/schemas/v2_1/common">Montagano</Name>
          <Parent>
            <Ref id="ITF22" xmlns="" />
          </Parent>
        </Code>
        <Code id="070042" urn="urn:sdmx:org.sdmx.infomodel.codelist.Code=IT1:CL_REFAREA(1.2).070042">
          <Name xml:lang="it" xmlns="http://www.sdmx.org/resources/sdmxml/schemas/v2_1/common">Montecilfone</Name>
          <Name xml:lang="en" xmlns="http://www.sdmx.org/resources/sdmxml/schemas/v2_1/common">Montecilfone</Name>
          <Parent>
            <Ref id="ITF22" xmlns="" />
          </Parent>
        </Code>
        <Code id="070043" urn="urn:sdmx:org.sdmx.infomodel.codelist.Code=IT1:CL_REFAREA(1.2).070043">
          <Name xml:lang="it" xmlns="http://www.sdmx.org/resources/sdmxml/schemas/v2_1/common">Montefalcone nel Sannio</Name>
          <Name xml:lang="en" xmlns="http://www.sdmx.org/resources/sdmxml/schemas/v2_1/common">Montefalcone nel Sannio</Name>
          <Parent>
            <Ref id="ITF22" xmlns="" />
          </Parent>
        </Code>
        <Code id="070044" urn="urn:sdmx:org.sdmx.infomodel.codelist.Code=IT1:CL_REFAREA(1.2).070044">
          <Name xml:lang="it" xmlns="http://www.sdmx.org/resources/sdmxml/schemas/v2_1/common">Montelongo</Name>
          <Name xml:lang="en" xmlns="http://www.sdmx.org/resources/sdmxml/schemas/v2_1/common">Montelongo</Name>
          <Parent>
            <Ref id="ITF22" xmlns="" />
          </Parent>
        </Code>
        <Code id="070045" urn="urn:sdmx:org.sdmx.infomodel.codelist.Code=IT1:CL_REFAREA(1.2).070045">
          <Name xml:lang="it" xmlns="http://www.sdmx.org/resources/sdmxml/schemas/v2_1/common">Montemitro</Name>
          <Name xml:lang="en" xmlns="http://www.sdmx.org/resources/sdmxml/schemas/v2_1/common">Montemitro</Name>
          <Parent>
            <Ref id="ITF22" xmlns="" />
          </Parent>
        </Code>
        <Code id="070046" urn="urn:sdmx:org.sdmx.infomodel.codelist.Code=IT1:CL_REFAREA(1.2).070046">
          <Name xml:lang="it" xmlns="http://www.sdmx.org/resources/sdmxml/schemas/v2_1/common">Montenero di Bisaccia</Name>
          <Name xml:lang="en" xmlns="http://www.sdmx.org/resources/sdmxml/schemas/v2_1/common">Montenero di Bisaccia</Name>
          <Parent>
            <Ref id="ITF22" xmlns="" />
          </Parent>
        </Code>
        <Code id="070047" urn="urn:sdmx:org.sdmx.infomodel.codelist.Code=IT1:CL_REFAREA(1.2).070047">
          <Name xml:lang="it" xmlns="http://www.sdmx.org/resources/sdmxml/schemas/v2_1/common">Montorio nei Frentani</Name>
          <Name xml:lang="en" xmlns="http://www.sdmx.org/resources/sdmxml/schemas/v2_1/common">Montorio nei Frentani</Name>
          <Parent>
            <Ref id="ITF22" xmlns="" />
          </Parent>
        </Code>
        <Code id="070048" urn="urn:sdmx:org.sdmx.infomodel.codelist.Code=IT1:CL_REFAREA(1.2).070048">
          <Name xml:lang="it" xmlns="http://www.sdmx.org/resources/sdmxml/schemas/v2_1/common">Morrone del Sannio</Name>
          <Name xml:lang="en" xmlns="http://www.sdmx.org/resources/sdmxml/schemas/v2_1/common">Morrone del Sannio</Name>
          <Parent>
            <Ref id="ITF22" xmlns="" />
          </Parent>
        </Code>
        <Code id="070049" urn="urn:sdmx:org.sdmx.infomodel.codelist.Code=IT1:CL_REFAREA(1.2).070049">
          <Name xml:lang="it" xmlns="http://www.sdmx.org/resources/sdmxml/schemas/v2_1/common">Oratino</Name>
          <Name xml:lang="en" xmlns="http://www.sdmx.org/resources/sdmxml/schemas/v2_1/common">Oratino</Name>
          <Parent>
            <Ref id="ITF22" xmlns="" />
          </Parent>
        </Code>
        <Code id="070050" urn="urn:sdmx:org.sdmx.infomodel.codelist.Code=IT1:CL_REFAREA(1.2).070050">
          <Name xml:lang="it" xmlns="http://www.sdmx.org/resources/sdmxml/schemas/v2_1/common">Palata</Name>
          <Name xml:lang="en" xmlns="http://www.sdmx.org/resources/sdmxml/schemas/v2_1/common">Palata</Name>
          <Parent>
            <Ref id="ITF22" xmlns="" />
          </Parent>
        </Code>
        <Code id="070051" urn="urn:sdmx:org.sdmx.infomodel.codelist.Code=IT1:CL_REFAREA(1.2).070051">
          <Name xml:lang="it" xmlns="http://www.sdmx.org/resources/sdmxml/schemas/v2_1/common">Petacciato</Name>
          <Name xml:lang="en" xmlns="http://www.sdmx.org/resources/sdmxml/schemas/v2_1/common">Petacciato</Name>
          <Parent>
            <Ref id="ITF22" xmlns="" />
          </Parent>
        </Code>
        <Code id="070052" urn="urn:sdmx:org.sdmx.infomodel.codelist.Code=IT1:CL_REFAREA(1.2).070052">
          <Name xml:lang="it" xmlns="http://www.sdmx.org/resources/sdmxml/schemas/v2_1/common">Petrella Tifernina</Name>
          <Name xml:lang="en" xmlns="http://www.sdmx.org/resources/sdmxml/schemas/v2_1/common">Petrella Tifernina</Name>
          <Parent>
            <Ref id="ITF22" xmlns="" />
          </Parent>
        </Code>
        <Code id="070053" urn="urn:sdmx:org.sdmx.infomodel.codelist.Code=IT1:CL_REFAREA(1.2).070053">
          <Name xml:lang="it" xmlns="http://www.sdmx.org/resources/sdmxml/schemas/v2_1/common">Pietracatella</Name>
          <Name xml:lang="en" xmlns="http://www.sdmx.org/resources/sdmxml/schemas/v2_1/common">Pietracatella</Name>
          <Parent>
            <Ref id="ITF22" xmlns="" />
          </Parent>
        </Code>
        <Code id="070054" urn="urn:sdmx:org.sdmx.infomodel.codelist.Code=IT1:CL_REFAREA(1.2).070054">
          <Name xml:lang="it" xmlns="http://www.sdmx.org/resources/sdmxml/schemas/v2_1/common">Pietracupa</Name>
          <Name xml:lang="en" xmlns="http://www.sdmx.org/resources/sdmxml/schemas/v2_1/common">Pietracupa</Name>
          <Parent>
            <Ref id="ITF22" xmlns="" />
          </Parent>
        </Code>
        <Code id="070055" urn="urn:sdmx:org.sdmx.infomodel.codelist.Code=IT1:CL_REFAREA(1.2).070055">
          <Name xml:lang="it" xmlns="http://www.sdmx.org/resources/sdmxml/schemas/v2_1/common">Portocannone</Name>
          <Name xml:lang="en" xmlns="http://www.sdmx.org/resources/sdmxml/schemas/v2_1/common">Portocannone</Name>
          <Parent>
            <Ref id="ITF22" xmlns="" />
          </Parent>
        </Code>
        <Code id="070056" urn="urn:sdmx:org.sdmx.infomodel.codelist.Code=IT1:CL_REFAREA(1.2).070056">
          <Name xml:lang="it" xmlns="http://www.sdmx.org/resources/sdmxml/schemas/v2_1/common">Provvidenti</Name>
          <Name xml:lang="en" xmlns="http://www.sdmx.org/resources/sdmxml/schemas/v2_1/common">Provvidenti</Name>
          <Parent>
            <Ref id="ITF22" xmlns="" />
          </Parent>
        </Code>
        <Code id="070057" urn="urn:sdmx:org.sdmx.infomodel.codelist.Code=IT1:CL_REFAREA(1.2).070057">
          <Name xml:lang="it" xmlns="http://www.sdmx.org/resources/sdmxml/schemas/v2_1/common">Riccia</Name>
          <Name xml:lang="en" xmlns="http://www.sdmx.org/resources/sdmxml/schemas/v2_1/common">Riccia</Name>
          <Parent>
            <Ref id="ITF22" xmlns="" />
          </Parent>
        </Code>
        <Code id="070058" urn="urn:sdmx:org.sdmx.infomodel.codelist.Code=IT1:CL_REFAREA(1.2).070058">
          <Name xml:lang="it" xmlns="http://www.sdmx.org/resources/sdmxml/schemas/v2_1/common">Ripabottoni</Name>
          <Name xml:lang="en" xmlns="http://www.sdmx.org/resources/sdmxml/schemas/v2_1/common">Ripabottoni</Name>
          <Parent>
            <Ref id="ITF22" xmlns="" />
          </Parent>
        </Code>
        <Code id="070059" urn="urn:sdmx:org.sdmx.infomodel.codelist.Code=IT1:CL_REFAREA(1.2).070059">
          <Name xml:lang="it" xmlns="http://www.sdmx.org/resources/sdmxml/schemas/v2_1/common">Ripalimosani</Name>
          <Name xml:lang="en" xmlns="http://www.sdmx.org/resources/sdmxml/schemas/v2_1/common">Ripalimosani</Name>
          <Parent>
            <Ref id="ITF22" xmlns="" />
          </Parent>
        </Code>
        <Code id="070060" urn="urn:sdmx:org.sdmx.infomodel.codelist.Code=IT1:CL_REFAREA(1.2).070060">
          <Name xml:lang="it" xmlns="http://www.sdmx.org/resources/sdmxml/schemas/v2_1/common">Roccavivara</Name>
          <Name xml:lang="en" xmlns="http://www.sdmx.org/resources/sdmxml/schemas/v2_1/common">Roccavivara</Name>
          <Parent>
            <Ref id="ITF22" xmlns="" />
          </Parent>
        </Code>
        <Code id="070061" urn="urn:sdmx:org.sdmx.infomodel.codelist.Code=IT1:CL_REFAREA(1.2).070061">
          <Name xml:lang="it" xmlns="http://www.sdmx.org/resources/sdmxml/schemas/v2_1/common">Rotello</Name>
          <Name xml:lang="en" xmlns="http://www.sdmx.org/resources/sdmxml/schemas/v2_1/common">Rotello</Name>
          <Parent>
            <Ref id="ITF22" xmlns="" />
          </Parent>
        </Code>
        <Code id="070062" urn="urn:sdmx:org.sdmx.infomodel.codelist.Code=IT1:CL_REFAREA(1.2).070062">
          <Name xml:lang="it" xmlns="http://www.sdmx.org/resources/sdmxml/schemas/v2_1/common">Salcito</Name>
          <Name xml:lang="en" xmlns="http://www.sdmx.org/resources/sdmxml/schemas/v2_1/common">Salcito</Name>
          <Parent>
            <Ref id="ITF22" xmlns="" />
          </Parent>
        </Code>
        <Code id="070063" urn="urn:sdmx:org.sdmx.infomodel.codelist.Code=IT1:CL_REFAREA(1.2).070063">
          <Name xml:lang="it" xmlns="http://www.sdmx.org/resources/sdmxml/schemas/v2_1/common">San Biase</Name>
          <Name xml:lang="en" xmlns="http://www.sdmx.org/resources/sdmxml/schemas/v2_1/common">San Biase</Name>
          <Parent>
            <Ref id="ITF22" xmlns="" />
          </Parent>
        </Code>
        <Code id="070064" urn="urn:sdmx:org.sdmx.infomodel.codelist.Code=IT1:CL_REFAREA(1.2).070064">
          <Name xml:lang="it" xmlns="http://www.sdmx.org/resources/sdmxml/schemas/v2_1/common">San Felice del Molise</Name>
          <Name xml:lang="en" xmlns="http://www.sdmx.org/resources/sdmxml/schemas/v2_1/common">San Felice del Molise</Name>
          <Parent>
            <Ref id="ITF22" xmlns="" />
          </Parent>
        </Code>
        <Code id="070065" urn="urn:sdmx:org.sdmx.infomodel.codelist.Code=IT1:CL_REFAREA(1.2).070065">
          <Name xml:lang="it" xmlns="http://www.sdmx.org/resources/sdmxml/schemas/v2_1/common">San Giacomo degli Schiavoni</Name>
          <Name xml:lang="en" xmlns="http://www.sdmx.org/resources/sdmxml/schemas/v2_1/common">San Giacomo degli Schiavoni</Name>
          <Parent>
            <Ref id="ITF22" xmlns="" />
          </Parent>
        </Code>
        <Code id="070066" urn="urn:sdmx:org.sdmx.infomodel.codelist.Code=IT1:CL_REFAREA(1.2).070066">
          <Name xml:lang="it" xmlns="http://www.sdmx.org/resources/sdmxml/schemas/v2_1/common">San Giovanni in Galdo</Name>
          <Name xml:lang="en" xmlns="http://www.sdmx.org/resources/sdmxml/schemas/v2_1/common">San Giovanni in Galdo</Name>
          <Parent>
            <Ref id="ITF22" xmlns="" />
          </Parent>
        </Code>
        <Code id="070067" urn="urn:sdmx:org.sdmx.infomodel.codelist.Code=IT1:CL_REFAREA(1.2).070067">
          <Name xml:lang="it" xmlns="http://www.sdmx.org/resources/sdmxml/schemas/v2_1/common">San Giuliano del Sannio</Name>
          <Name xml:lang="en" xmlns="http://www.sdmx.org/resources/sdmxml/schemas/v2_1/common">San Giuliano del Sannio</Name>
          <Parent>
            <Ref id="ITF22" xmlns="" />
          </Parent>
        </Code>
        <Code id="070068" urn="urn:sdmx:org.sdmx.infomodel.codelist.Code=IT1:CL_REFAREA(1.2).070068">
          <Name xml:lang="it" xmlns="http://www.sdmx.org/resources/sdmxml/schemas/v2_1/common">San Giuliano di Puglia</Name>
          <Name xml:lang="en" xmlns="http://www.sdmx.org/resources/sdmxml/schemas/v2_1/common">San Giuliano di Puglia</Name>
          <Parent>
            <Ref id="ITF22" xmlns="" />
          </Parent>
        </Code>
        <Code id="070069" urn="urn:sdmx:org.sdmx.infomodel.codelist.Code=IT1:CL_REFAREA(1.2).070069">
          <Name xml:lang="it" xmlns="http://www.sdmx.org/resources/sdmxml/schemas/v2_1/common">San Martino in Pensilis</Name>
          <Name xml:lang="en" xmlns="http://www.sdmx.org/resources/sdmxml/schemas/v2_1/common">San Martino in Pensilis</Name>
          <Parent>
            <Ref id="ITF22" xmlns="" />
          </Parent>
        </Code>
        <Code id="070070" urn="urn:sdmx:org.sdmx.infomodel.codelist.Code=IT1:CL_REFAREA(1.2).070070">
          <Name xml:lang="it" xmlns="http://www.sdmx.org/resources/sdmxml/schemas/v2_1/common">San Massimo</Name>
          <Name xml:lang="en" xmlns="http://www.sdmx.org/resources/sdmxml/schemas/v2_1/common">San Massimo</Name>
          <Parent>
            <Ref id="ITF22" xmlns="" />
          </Parent>
        </Code>
        <Code id="070071" urn="urn:sdmx:org.sdmx.infomodel.codelist.Code=IT1:CL_REFAREA(1.2).070071">
          <Name xml:lang="it" xmlns="http://www.sdmx.org/resources/sdmxml/schemas/v2_1/common">San Polo Matese</Name>
          <Name xml:lang="en" xmlns="http://www.sdmx.org/resources/sdmxml/schemas/v2_1/common">San Polo Matese</Name>
          <Parent>
            <Ref id="ITF22" xmlns="" />
          </Parent>
        </Code>
        <Code id="070072" urn="urn:sdmx:org.sdmx.infomodel.codelist.Code=IT1:CL_REFAREA(1.2).070072">
          <Name xml:lang="it" xmlns="http://www.sdmx.org/resources/sdmxml/schemas/v2_1/common">Santa Croce di Magliano</Name>
          <Name xml:lang="en" xmlns="http://www.sdmx.org/resources/sdmxml/schemas/v2_1/common">Santa Croce di Magliano</Name>
          <Parent>
            <Ref id="ITF22" xmlns="" />
          </Parent>
        </Code>
        <Code id="070073" urn="urn:sdmx:org.sdmx.infomodel.codelist.Code=IT1:CL_REFAREA(1.2).070073">
          <Name xml:lang="it" xmlns="http://www.sdmx.org/resources/sdmxml/schemas/v2_1/common">Sant'Angelo Limosano</Name>
          <Name xml:lang="en" xmlns="http://www.sdmx.org/resources/sdmxml/schemas/v2_1/common">Sant'Angelo Limosano</Name>
          <Parent>
            <Ref id="ITF22" xmlns="" />
          </Parent>
        </Code>
        <Code id="070074" urn="urn:sdmx:org.sdmx.infomodel.codelist.Code=IT1:CL_REFAREA(1.2).070074">
          <Name xml:lang="it" xmlns="http://www.sdmx.org/resources/sdmxml/schemas/v2_1/common">Sant'Elia a Pianisi</Name>
          <Name xml:lang="en" xmlns="http://www.sdmx.org/resources/sdmxml/schemas/v2_1/common">Sant'Elia a Pianisi</Name>
          <Parent>
            <Ref id="ITF22" xmlns="" />
          </Parent>
        </Code>
        <Code id="070075" urn="urn:sdmx:org.sdmx.infomodel.codelist.Code=IT1:CL_REFAREA(1.2).070075">
          <Name xml:lang="it" xmlns="http://www.sdmx.org/resources/sdmxml/schemas/v2_1/common">Sepino</Name>
          <Name xml:lang="en" xmlns="http://www.sdmx.org/resources/sdmxml/schemas/v2_1/common">Sepino</Name>
          <Parent>
            <Ref id="ITF22" xmlns="" />
          </Parent>
        </Code>
        <Code id="070076" urn="urn:sdmx:org.sdmx.infomodel.codelist.Code=IT1:CL_REFAREA(1.2).070076">
          <Name xml:lang="it" xmlns="http://www.sdmx.org/resources/sdmxml/schemas/v2_1/common">Spinete</Name>
          <Name xml:lang="en" xmlns="http://www.sdmx.org/resources/sdmxml/schemas/v2_1/common">Spinete</Name>
          <Parent>
            <Ref id="ITF22" xmlns="" />
          </Parent>
        </Code>
        <Code id="070077" urn="urn:sdmx:org.sdmx.infomodel.codelist.Code=IT1:CL_REFAREA(1.2).070077">
          <Name xml:lang="it" xmlns="http://www.sdmx.org/resources/sdmxml/schemas/v2_1/common">Tavenna</Name>
          <Name xml:lang="en" xmlns="http://www.sdmx.org/resources/sdmxml/schemas/v2_1/common">Tavenna</Name>
          <Parent>
            <Ref id="ITF22" xmlns="" />
          </Parent>
        </Code>
        <Code id="070078" urn="urn:sdmx:org.sdmx.infomodel.codelist.Code=IT1:CL_REFAREA(1.2).070078">
          <Name xml:lang="it" xmlns="http://www.sdmx.org/resources/sdmxml/schemas/v2_1/common">Termoli</Name>
          <Name xml:lang="en" xmlns="http://www.sdmx.org/resources/sdmxml/schemas/v2_1/common">Termoli</Name>
          <Parent>
            <Ref id="ITF22" xmlns="" />
          </Parent>
        </Code>
        <Code id="070079" urn="urn:sdmx:org.sdmx.infomodel.codelist.Code=IT1:CL_REFAREA(1.2).070079">
          <Name xml:lang="it" xmlns="http://www.sdmx.org/resources/sdmxml/schemas/v2_1/common">Torella del Sannio</Name>
          <Name xml:lang="en" xmlns="http://www.sdmx.org/resources/sdmxml/schemas/v2_1/common">Torella del Sannio</Name>
          <Parent>
            <Ref id="ITF22" xmlns="" />
          </Parent>
        </Code>
        <Code id="070080" urn="urn:sdmx:org.sdmx.infomodel.codelist.Code=IT1:CL_REFAREA(1.2).070080">
          <Name xml:lang="it" xmlns="http://www.sdmx.org/resources/sdmxml/schemas/v2_1/common">Toro</Name>
          <Name xml:lang="en" xmlns="http://www.sdmx.org/resources/sdmxml/schemas/v2_1/common">Toro</Name>
          <Parent>
            <Ref id="ITF22" xmlns="" />
          </Parent>
        </Code>
        <Code id="070081" urn="urn:sdmx:org.sdmx.infomodel.codelist.Code=IT1:CL_REFAREA(1.2).070081">
          <Name xml:lang="it" xmlns="http://www.sdmx.org/resources/sdmxml/schemas/v2_1/common">Trivento</Name>
          <Name xml:lang="en" xmlns="http://www.sdmx.org/resources/sdmxml/schemas/v2_1/common">Trivento</Name>
          <Parent>
            <Ref id="ITF22" xmlns="" />
          </Parent>
        </Code>
        <Code id="070082" urn="urn:sdmx:org.sdmx.infomodel.codelist.Code=IT1:CL_REFAREA(1.2).070082">
          <Name xml:lang="it" xmlns="http://www.sdmx.org/resources/sdmxml/schemas/v2_1/common">Tufara</Name>
          <Name xml:lang="en" xmlns="http://www.sdmx.org/resources/sdmxml/schemas/v2_1/common">Tufara</Name>
          <Parent>
            <Ref id="ITF22" xmlns="" />
          </Parent>
        </Code>
        <Code id="070083" urn="urn:sdmx:org.sdmx.infomodel.codelist.Code=IT1:CL_REFAREA(1.2).070083">
          <Name xml:lang="it" xmlns="http://www.sdmx.org/resources/sdmxml/schemas/v2_1/common">Ururi</Name>
          <Name xml:lang="en" xmlns="http://www.sdmx.org/resources/sdmxml/schemas/v2_1/common">Ururi</Name>
          <Parent>
            <Ref id="ITF22" xmlns="" />
          </Parent>
        </Code>
        <Code id="070084" urn="urn:sdmx:org.sdmx.infomodel.codelist.Code=IT1:CL_REFAREA(1.2).070084">
          <Name xml:lang="it" xmlns="http://www.sdmx.org/resources/sdmxml/schemas/v2_1/common">Vinchiaturo</Name>
          <Name xml:lang="en" xmlns="http://www.sdmx.org/resources/sdmxml/schemas/v2_1/common">Vinchiaturo</Name>
          <Parent>
            <Ref id="ITF22" xmlns="" />
          </Parent>
        </Code>
        <Code id="071001" urn="urn:sdmx:org.sdmx.infomodel.codelist.Code=IT1:CL_REFAREA(1.2).071001">
          <Name xml:lang="it" xmlns="http://www.sdmx.org/resources/sdmxml/schemas/v2_1/common">Accadia</Name>
          <Name xml:lang="en" xmlns="http://www.sdmx.org/resources/sdmxml/schemas/v2_1/common">Accadia</Name>
          <Parent>
            <Ref id="ITF41" xmlns="" />
          </Parent>
        </Code>
        <Code id="071002" urn="urn:sdmx:org.sdmx.infomodel.codelist.Code=IT1:CL_REFAREA(1.2).071002">
          <Name xml:lang="it" xmlns="http://www.sdmx.org/resources/sdmxml/schemas/v2_1/common">Alberona</Name>
          <Name xml:lang="en" xmlns="http://www.sdmx.org/resources/sdmxml/schemas/v2_1/common">Alberona</Name>
          <Parent>
            <Ref id="ITF41" xmlns="" />
          </Parent>
        </Code>
        <Code id="071003" urn="urn:sdmx:org.sdmx.infomodel.codelist.Code=IT1:CL_REFAREA(1.2).071003">
          <Name xml:lang="it" xmlns="http://www.sdmx.org/resources/sdmxml/schemas/v2_1/common">Anzano di Puglia</Name>
          <Name xml:lang="en" xmlns="http://www.sdmx.org/resources/sdmxml/schemas/v2_1/common">Anzano di Puglia</Name>
          <Parent>
            <Ref id="ITF41" xmlns="" />
          </Parent>
        </Code>
        <Code id="071004" urn="urn:sdmx:org.sdmx.infomodel.codelist.Code=IT1:CL_REFAREA(1.2).071004">
          <Name xml:lang="it" xmlns="http://www.sdmx.org/resources/sdmxml/schemas/v2_1/common">Apricena</Name>
          <Name xml:lang="en" xmlns="http://www.sdmx.org/resources/sdmxml/schemas/v2_1/common">Apricena</Name>
          <Parent>
            <Ref id="ITF41" xmlns="" />
          </Parent>
        </Code>
        <Code id="071005" urn="urn:sdmx:org.sdmx.infomodel.codelist.Code=IT1:CL_REFAREA(1.2).071005">
          <Name xml:lang="it" xmlns="http://www.sdmx.org/resources/sdmxml/schemas/v2_1/common">Ascoli Satriano</Name>
          <Name xml:lang="en" xmlns="http://www.sdmx.org/resources/sdmxml/schemas/v2_1/common">Ascoli Satriano</Name>
          <Parent>
            <Ref id="ITF41" xmlns="" />
          </Parent>
        </Code>
        <Code id="071006" urn="urn:sdmx:org.sdmx.infomodel.codelist.Code=IT1:CL_REFAREA(1.2).071006">
          <Name xml:lang="it" xmlns="http://www.sdmx.org/resources/sdmxml/schemas/v2_1/common">Biccari</Name>
          <Name xml:lang="en" xmlns="http://www.sdmx.org/resources/sdmxml/schemas/v2_1/common">Biccari</Name>
          <Parent>
            <Ref id="ITF41" xmlns="" />
          </Parent>
        </Code>
        <Code id="071007" urn="urn:sdmx:org.sdmx.infomodel.codelist.Code=IT1:CL_REFAREA(1.2).071007">
          <Name xml:lang="it" xmlns="http://www.sdmx.org/resources/sdmxml/schemas/v2_1/common">Bovino</Name>
          <Name xml:lang="en" xmlns="http://www.sdmx.org/resources/sdmxml/schemas/v2_1/common">Bovino</Name>
          <Parent>
            <Ref id="ITF41" xmlns="" />
          </Parent>
        </Code>
        <Code id="071008" urn="urn:sdmx:org.sdmx.infomodel.codelist.Code=IT1:CL_REFAREA(1.2).071008">
          <Name xml:lang="it" xmlns="http://www.sdmx.org/resources/sdmxml/schemas/v2_1/common">Cagnano Varano</Name>
          <Name xml:lang="en" xmlns="http://www.sdmx.org/resources/sdmxml/schemas/v2_1/common">Cagnano Varano</Name>
          <Parent>
            <Ref id="ITF41" xmlns="" />
          </Parent>
        </Code>
        <Code id="071009" urn="urn:sdmx:org.sdmx.infomodel.codelist.Code=IT1:CL_REFAREA(1.2).071009">
          <Name xml:lang="it" xmlns="http://www.sdmx.org/resources/sdmxml/schemas/v2_1/common">Candela</Name>
          <Name xml:lang="en" xmlns="http://www.sdmx.org/resources/sdmxml/schemas/v2_1/common">Candela</Name>
          <Parent>
            <Ref id="ITF41" xmlns="" />
          </Parent>
        </Code>
        <Code id="071010" urn="urn:sdmx:org.sdmx.infomodel.codelist.Code=IT1:CL_REFAREA(1.2).071010">
          <Name xml:lang="it" xmlns="http://www.sdmx.org/resources/sdmxml/schemas/v2_1/common">Carapelle</Name>
          <Name xml:lang="en" xmlns="http://www.sdmx.org/resources/sdmxml/schemas/v2_1/common">Carapelle</Name>
          <Parent>
            <Ref id="ITF41" xmlns="" />
          </Parent>
        </Code>
        <Code id="071011" urn="urn:sdmx:org.sdmx.infomodel.codelist.Code=IT1:CL_REFAREA(1.2).071011">
          <Name xml:lang="it" xmlns="http://www.sdmx.org/resources/sdmxml/schemas/v2_1/common">Carlantino</Name>
          <Name xml:lang="en" xmlns="http://www.sdmx.org/resources/sdmxml/schemas/v2_1/common">Carlantino</Name>
          <Parent>
            <Ref id="ITF41" xmlns="" />
          </Parent>
        </Code>
        <Code id="071012" urn="urn:sdmx:org.sdmx.infomodel.codelist.Code=IT1:CL_REFAREA(1.2).071012">
          <Name xml:lang="it" xmlns="http://www.sdmx.org/resources/sdmxml/schemas/v2_1/common">Carpino</Name>
          <Name xml:lang="en" xmlns="http://www.sdmx.org/resources/sdmxml/schemas/v2_1/common">Carpino</Name>
          <Parent>
            <Ref id="ITF41" xmlns="" />
          </Parent>
        </Code>
        <Code id="071013" urn="urn:sdmx:org.sdmx.infomodel.codelist.Code=IT1:CL_REFAREA(1.2).071013">
          <Name xml:lang="it" xmlns="http://www.sdmx.org/resources/sdmxml/schemas/v2_1/common">Casalnuovo Monterotaro</Name>
          <Name xml:lang="en" xmlns="http://www.sdmx.org/resources/sdmxml/schemas/v2_1/common">Casalnuovo Monterotaro</Name>
          <Parent>
            <Ref id="ITF41" xmlns="" />
          </Parent>
        </Code>
        <Code id="071014" urn="urn:sdmx:org.sdmx.infomodel.codelist.Code=IT1:CL_REFAREA(1.2).071014">
          <Name xml:lang="it" xmlns="http://www.sdmx.org/resources/sdmxml/schemas/v2_1/common">Casalvecchio di Puglia</Name>
          <Name xml:lang="en" xmlns="http://www.sdmx.org/resources/sdmxml/schemas/v2_1/common">Casalvecchio di Puglia</Name>
          <Parent>
            <Ref id="ITF41" xmlns="" />
          </Parent>
        </Code>
        <Code id="071015" urn="urn:sdmx:org.sdmx.infomodel.codelist.Code=IT1:CL_REFAREA(1.2).071015">
          <Name xml:lang="it" xmlns="http://www.sdmx.org/resources/sdmxml/schemas/v2_1/common">Castelluccio dei Sauri</Name>
          <Name xml:lang="en" xmlns="http://www.sdmx.org/resources/sdmxml/schemas/v2_1/common">Castelluccio dei Sauri</Name>
          <Parent>
            <Ref id="ITF41" xmlns="" />
          </Parent>
        </Code>
        <Code id="071016" urn="urn:sdmx:org.sdmx.infomodel.codelist.Code=IT1:CL_REFAREA(1.2).071016">
          <Name xml:lang="it" xmlns="http://www.sdmx.org/resources/sdmxml/schemas/v2_1/common">Castelluccio Valmaggiore</Name>
          <Name xml:lang="en" xmlns="http://www.sdmx.org/resources/sdmxml/schemas/v2_1/common">Castelluccio Valmaggiore</Name>
          <Parent>
            <Ref id="ITF41" xmlns="" />
          </Parent>
        </Code>
        <Code id="071017" urn="urn:sdmx:org.sdmx.infomodel.codelist.Code=IT1:CL_REFAREA(1.2).071017">
          <Name xml:lang="it" xmlns="http://www.sdmx.org/resources/sdmxml/schemas/v2_1/common">Castelnuovo della Daunia</Name>
          <Name xml:lang="en" xmlns="http://www.sdmx.org/resources/sdmxml/schemas/v2_1/common">Castelnuovo della Daunia</Name>
          <Parent>
            <Ref id="ITF41" xmlns="" />
          </Parent>
        </Code>
        <Code id="071018" urn="urn:sdmx:org.sdmx.infomodel.codelist.Code=IT1:CL_REFAREA(1.2).071018">
          <Name xml:lang="it" xmlns="http://www.sdmx.org/resources/sdmxml/schemas/v2_1/common">Celenza Valfortore</Name>
          <Name xml:lang="en" xmlns="http://www.sdmx.org/resources/sdmxml/schemas/v2_1/common">Celenza Valfortore</Name>
          <Parent>
            <Ref id="ITF41" xmlns="" />
          </Parent>
        </Code>
        <Code id="071019" urn="urn:sdmx:org.sdmx.infomodel.codelist.Code=IT1:CL_REFAREA(1.2).071019">
          <Name xml:lang="it" xmlns="http://www.sdmx.org/resources/sdmxml/schemas/v2_1/common">Celle di San Vito</Name>
          <Name xml:lang="en" xmlns="http://www.sdmx.org/resources/sdmxml/schemas/v2_1/common">Celle di San Vito</Name>
          <Parent>
            <Ref id="ITF41" xmlns="" />
          </Parent>
        </Code>
        <Code id="071020" urn="urn:sdmx:org.sdmx.infomodel.codelist.Code=IT1:CL_REFAREA(1.2).071020">
          <Name xml:lang="it" xmlns="http://www.sdmx.org/resources/sdmxml/schemas/v2_1/common">Cerignola</Name>
          <Name xml:lang="en" xmlns="http://www.sdmx.org/resources/sdmxml/schemas/v2_1/common">Cerignola</Name>
          <Parent>
            <Ref id="ITF41" xmlns="" />
          </Parent>
        </Code>
        <Code id="071021" urn="urn:sdmx:org.sdmx.infomodel.codelist.Code=IT1:CL_REFAREA(1.2).071021">
          <Name xml:lang="it" xmlns="http://www.sdmx.org/resources/sdmxml/schemas/v2_1/common">Chieuti</Name>
          <Name xml:lang="en" xmlns="http://www.sdmx.org/resources/sdmxml/schemas/v2_1/common">Chieuti</Name>
          <Parent>
            <Ref id="ITF41" xmlns="" />
          </Parent>
        </Code>
        <Code id="071022" urn="urn:sdmx:org.sdmx.infomodel.codelist.Code=IT1:CL_REFAREA(1.2).071022">
          <Name xml:lang="it" xmlns="http://www.sdmx.org/resources/sdmxml/schemas/v2_1/common">Deliceto</Name>
          <Name xml:lang="en" xmlns="http://www.sdmx.org/resources/sdmxml/schemas/v2_1/common">Deliceto</Name>
          <Parent>
            <Ref id="ITF41" xmlns="" />
          </Parent>
        </Code>
        <Code id="071023" urn="urn:sdmx:org.sdmx.infomodel.codelist.Code=IT1:CL_REFAREA(1.2).071023">
          <Name xml:lang="it" xmlns="http://www.sdmx.org/resources/sdmxml/schemas/v2_1/common">Faeto</Name>
          <Name xml:lang="en" xmlns="http://www.sdmx.org/resources/sdmxml/schemas/v2_1/common">Faeto</Name>
          <Parent>
            <Ref id="ITF41" xmlns="" />
          </Parent>
        </Code>
        <Code id="071024" urn="urn:sdmx:org.sdmx.infomodel.codelist.Code=IT1:CL_REFAREA(1.2).071024">
          <Name xml:lang="it" xmlns="http://www.sdmx.org/resources/sdmxml/schemas/v2_1/common">Foggia</Name>
          <Name xml:lang="en" xmlns="http://www.sdmx.org/resources/sdmxml/schemas/v2_1/common">Foggia</Name>
          <Parent>
            <Ref id="ITF41" xmlns="" />
          </Parent>
        </Code>
        <Code id="071025" urn="urn:sdmx:org.sdmx.infomodel.codelist.Code=IT1:CL_REFAREA(1.2).071025">
          <Name xml:lang="it" xmlns="http://www.sdmx.org/resources/sdmxml/schemas/v2_1/common">Ischitella</Name>
          <Name xml:lang="en" xmlns="http://www.sdmx.org/resources/sdmxml/schemas/v2_1/common">Ischitella</Name>
          <Parent>
            <Ref id="ITF41" xmlns="" />
          </Parent>
        </Code>
        <Code id="071026" urn="urn:sdmx:org.sdmx.infomodel.codelist.Code=IT1:CL_REFAREA(1.2).071026">
          <Name xml:lang="it" xmlns="http://www.sdmx.org/resources/sdmxml/schemas/v2_1/common">Isole Tremiti</Name>
          <Name xml:lang="en" xmlns="http://www.sdmx.org/resources/sdmxml/schemas/v2_1/common">Isole Tremiti</Name>
          <Parent>
            <Ref id="ITF41" xmlns="" />
          </Parent>
        </Code>
        <Code id="071027" urn="urn:sdmx:org.sdmx.infomodel.codelist.Code=IT1:CL_REFAREA(1.2).071027">
          <Name xml:lang="it" xmlns="http://www.sdmx.org/resources/sdmxml/schemas/v2_1/common">Lesina</Name>
          <Name xml:lang="en" xmlns="http://www.sdmx.org/resources/sdmxml/schemas/v2_1/common">Lesina</Name>
          <Parent>
            <Ref id="ITF41" xmlns="" />
          </Parent>
        </Code>
        <Code id="071028" urn="urn:sdmx:org.sdmx.infomodel.codelist.Code=IT1:CL_REFAREA(1.2).071028">
          <Name xml:lang="it" xmlns="http://www.sdmx.org/resources/sdmxml/schemas/v2_1/common">Lucera</Name>
          <Name xml:lang="en" xmlns="http://www.sdmx.org/resources/sdmxml/schemas/v2_1/common">Lucera</Name>
          <Parent>
            <Ref id="ITF41" xmlns="" />
          </Parent>
        </Code>
        <Code id="071029" urn="urn:sdmx:org.sdmx.infomodel.codelist.Code=IT1:CL_REFAREA(1.2).071029">
          <Name xml:lang="it" xmlns="http://www.sdmx.org/resources/sdmxml/schemas/v2_1/common">Manfredonia</Name>
          <Name xml:lang="en" xmlns="http://www.sdmx.org/resources/sdmxml/schemas/v2_1/common">Manfredonia</Name>
          <Parent>
            <Ref id="ITF41" xmlns="" />
          </Parent>
        </Code>
        <Code id="071030" urn="urn:sdmx:org.sdmx.infomodel.codelist.Code=IT1:CL_REFAREA(1.2).071030">
          <Name xml:lang="it" xmlns="http://www.sdmx.org/resources/sdmxml/schemas/v2_1/common">Margherita di Savoia</Name>
          <Name xml:lang="en" xmlns="http://www.sdmx.org/resources/sdmxml/schemas/v2_1/common">Margherita di Savoia</Name>
          <Parent>
            <Ref id="ITF41" xmlns="" />
          </Parent>
        </Code>
        <Code id="071031" urn="urn:sdmx:org.sdmx.infomodel.codelist.Code=IT1:CL_REFAREA(1.2).071031">
          <Name xml:lang="it" xmlns="http://www.sdmx.org/resources/sdmxml/schemas/v2_1/common">Mattinata</Name>
          <Name xml:lang="en" xmlns="http://www.sdmx.org/resources/sdmxml/schemas/v2_1/common">Mattinata</Name>
          <Parent>
            <Ref id="ITF41" xmlns="" />
          </Parent>
        </Code>
        <Code id="071032" urn="urn:sdmx:org.sdmx.infomodel.codelist.Code=IT1:CL_REFAREA(1.2).071032">
          <Name xml:lang="it" xmlns="http://www.sdmx.org/resources/sdmxml/schemas/v2_1/common">Monteleone di Puglia</Name>
          <Name xml:lang="en" xmlns="http://www.sdmx.org/resources/sdmxml/schemas/v2_1/common">Monteleone di Puglia</Name>
          <Parent>
            <Ref id="ITF41" xmlns="" />
          </Parent>
        </Code>
        <Code id="071033" urn="urn:sdmx:org.sdmx.infomodel.codelist.Code=IT1:CL_REFAREA(1.2).071033">
          <Name xml:lang="it" xmlns="http://www.sdmx.org/resources/sdmxml/schemas/v2_1/common">Monte Sant'Angelo</Name>
          <Name xml:lang="en" xmlns="http://www.sdmx.org/resources/sdmxml/schemas/v2_1/common">Monte Sant'Angelo</Name>
          <Parent>
            <Ref id="ITF41" xmlns="" />
          </Parent>
        </Code>
        <Code id="071034" urn="urn:sdmx:org.sdmx.infomodel.codelist.Code=IT1:CL_REFAREA(1.2).071034">
          <Name xml:lang="it" xmlns="http://www.sdmx.org/resources/sdmxml/schemas/v2_1/common">Motta Montecorvino</Name>
          <Name xml:lang="en" xmlns="http://www.sdmx.org/resources/sdmxml/schemas/v2_1/common">Motta Montecorvino</Name>
          <Parent>
            <Ref id="ITF41" xmlns="" />
          </Parent>
        </Code>
        <Code id="071035" urn="urn:sdmx:org.sdmx.infomodel.codelist.Code=IT1:CL_REFAREA(1.2).071035">
          <Name xml:lang="it" xmlns="http://www.sdmx.org/resources/sdmxml/schemas/v2_1/common">Orsara di Puglia</Name>
          <Name xml:lang="en" xmlns="http://www.sdmx.org/resources/sdmxml/schemas/v2_1/common">Orsara di Puglia</Name>
          <Parent>
            <Ref id="ITF41" xmlns="" />
          </Parent>
        </Code>
        <Code id="071036" urn="urn:sdmx:org.sdmx.infomodel.codelist.Code=IT1:CL_REFAREA(1.2).071036">
          <Name xml:lang="it" xmlns="http://www.sdmx.org/resources/sdmxml/schemas/v2_1/common">Orta Nova</Name>
          <Name xml:lang="en" xmlns="http://www.sdmx.org/resources/sdmxml/schemas/v2_1/common">Orta Nova</Name>
          <Parent>
            <Ref id="ITF41" xmlns="" />
          </Parent>
        </Code>
        <Code id="071037" urn="urn:sdmx:org.sdmx.infomodel.codelist.Code=IT1:CL_REFAREA(1.2).071037">
          <Name xml:lang="it" xmlns="http://www.sdmx.org/resources/sdmxml/schemas/v2_1/common">Panni</Name>
          <Name xml:lang="en" xmlns="http://www.sdmx.org/resources/sdmxml/schemas/v2_1/common">Panni</Name>
          <Parent>
            <Ref id="ITF41" xmlns="" />
          </Parent>
        </Code>
        <Code id="071038" urn="urn:sdmx:org.sdmx.infomodel.codelist.Code=IT1:CL_REFAREA(1.2).071038">
          <Name xml:lang="it" xmlns="http://www.sdmx.org/resources/sdmxml/schemas/v2_1/common">Peschici</Name>
          <Name xml:lang="en" xmlns="http://www.sdmx.org/resources/sdmxml/schemas/v2_1/common">Peschici</Name>
          <Parent>
            <Ref id="ITF41" xmlns="" />
          </Parent>
        </Code>
        <Code id="071039" urn="urn:sdmx:org.sdmx.infomodel.codelist.Code=IT1:CL_REFAREA(1.2).071039">
          <Name xml:lang="it" xmlns="http://www.sdmx.org/resources/sdmxml/schemas/v2_1/common">Pietramontecorvino</Name>
          <Name xml:lang="en" xmlns="http://www.sdmx.org/resources/sdmxml/schemas/v2_1/common">Pietramontecorvino</Name>
          <Parent>
            <Ref id="ITF41" xmlns="" />
          </Parent>
        </Code>
        <Code id="071040" urn="urn:sdmx:org.sdmx.infomodel.codelist.Code=IT1:CL_REFAREA(1.2).071040">
          <Name xml:lang="it" xmlns="http://www.sdmx.org/resources/sdmxml/schemas/v2_1/common">Poggio Imperiale</Name>
          <Name xml:lang="en" xmlns="http://www.sdmx.org/resources/sdmxml/schemas/v2_1/common">Poggio Imperiale</Name>
          <Parent>
            <Ref id="ITF41" xmlns="" />
          </Parent>
        </Code>
        <Code id="071041" urn="urn:sdmx:org.sdmx.infomodel.codelist.Code=IT1:CL_REFAREA(1.2).071041">
          <Name xml:lang="it" xmlns="http://www.sdmx.org/resources/sdmxml/schemas/v2_1/common">Rignano Garganico</Name>
          <Name xml:lang="en" xmlns="http://www.sdmx.org/resources/sdmxml/schemas/v2_1/common">Rignano Garganico</Name>
          <Parent>
            <Ref id="ITF41" xmlns="" />
          </Parent>
        </Code>
        <Code id="071042" urn="urn:sdmx:org.sdmx.infomodel.codelist.Code=IT1:CL_REFAREA(1.2).071042">
          <Name xml:lang="it" xmlns="http://www.sdmx.org/resources/sdmxml/schemas/v2_1/common">Rocchetta Sant'Antonio</Name>
          <Name xml:lang="en" xmlns="http://www.sdmx.org/resources/sdmxml/schemas/v2_1/common">Rocchetta Sant'Antonio</Name>
          <Parent>
            <Ref id="ITF41" xmlns="" />
          </Parent>
        </Code>
        <Code id="071043" urn="urn:sdmx:org.sdmx.infomodel.codelist.Code=IT1:CL_REFAREA(1.2).071043">
          <Name xml:lang="it" xmlns="http://www.sdmx.org/resources/sdmxml/schemas/v2_1/common">Rodi Garganico</Name>
          <Name xml:lang="en" xmlns="http://www.sdmx.org/resources/sdmxml/schemas/v2_1/common">Rodi Garganico</Name>
          <Parent>
            <Ref id="ITF41" xmlns="" />
          </Parent>
        </Code>
        <Code id="071044" urn="urn:sdmx:org.sdmx.infomodel.codelist.Code=IT1:CL_REFAREA(1.2).071044">
          <Name xml:lang="it" xmlns="http://www.sdmx.org/resources/sdmxml/schemas/v2_1/common">Roseto Valfortore</Name>
          <Name xml:lang="en" xmlns="http://www.sdmx.org/resources/sdmxml/schemas/v2_1/common">Roseto Valfortore</Name>
          <Parent>
            <Ref id="ITF41" xmlns="" />
          </Parent>
        </Code>
        <Code id="071045" urn="urn:sdmx:org.sdmx.infomodel.codelist.Code=IT1:CL_REFAREA(1.2).071045">
          <Name xml:lang="it" xmlns="http://www.sdmx.org/resources/sdmxml/schemas/v2_1/common">San Ferdinando di Puglia</Name>
          <Name xml:lang="en" xmlns="http://www.sdmx.org/resources/sdmxml/schemas/v2_1/common">San Ferdinando di Puglia</Name>
          <Parent>
            <Ref id="ITF41" xmlns="" />
          </Parent>
        </Code>
        <Code id="071046" urn="urn:sdmx:org.sdmx.infomodel.codelist.Code=IT1:CL_REFAREA(1.2).071046">
          <Name xml:lang="it" xmlns="http://www.sdmx.org/resources/sdmxml/schemas/v2_1/common">San Giovanni Rotondo</Name>
          <Name xml:lang="en" xmlns="http://www.sdmx.org/resources/sdmxml/schemas/v2_1/common">San Giovanni Rotondo</Name>
          <Parent>
            <Ref id="ITF41" xmlns="" />
          </Parent>
        </Code>
        <Code id="071047" urn="urn:sdmx:org.sdmx.infomodel.codelist.Code=IT1:CL_REFAREA(1.2).071047">
          <Name xml:lang="it" xmlns="http://www.sdmx.org/resources/sdmxml/schemas/v2_1/common">San Marco in Lamis</Name>
          <Name xml:lang="en" xmlns="http://www.sdmx.org/resources/sdmxml/schemas/v2_1/common">San Marco in Lamis</Name>
          <Parent>
            <Ref id="ITF41" xmlns="" />
          </Parent>
        </Code>
        <Code id="071048" urn="urn:sdmx:org.sdmx.infomodel.codelist.Code=IT1:CL_REFAREA(1.2).071048">
          <Name xml:lang="it" xmlns="http://www.sdmx.org/resources/sdmxml/schemas/v2_1/common">San Marco la Catola</Name>
          <Name xml:lang="en" xmlns="http://www.sdmx.org/resources/sdmxml/schemas/v2_1/common">San Marco la Catola</Name>
          <Parent>
            <Ref id="ITF41" xmlns="" />
          </Parent>
        </Code>
        <Code id="071049" urn="urn:sdmx:org.sdmx.infomodel.codelist.Code=IT1:CL_REFAREA(1.2).071049">
          <Name xml:lang="it" xmlns="http://www.sdmx.org/resources/sdmxml/schemas/v2_1/common">San Nicandro Garganico</Name>
          <Name xml:lang="en" xmlns="http://www.sdmx.org/resources/sdmxml/schemas/v2_1/common">San Nicandro Garganico</Name>
          <Parent>
            <Ref id="ITF41" xmlns="" />
          </Parent>
        </Code>
        <Code id="071050" urn="urn:sdmx:org.sdmx.infomodel.codelist.Code=IT1:CL_REFAREA(1.2).071050">
          <Name xml:lang="it" xmlns="http://www.sdmx.org/resources/sdmxml/schemas/v2_1/common">San Paolo di Civitate</Name>
          <Name xml:lang="en" xmlns="http://www.sdmx.org/resources/sdmxml/schemas/v2_1/common">San Paolo di Civitate</Name>
          <Parent>
            <Ref id="ITF41" xmlns="" />
          </Parent>
        </Code>
        <Code id="071051" urn="urn:sdmx:org.sdmx.infomodel.codelist.Code=IT1:CL_REFAREA(1.2).071051">
          <Name xml:lang="it" xmlns="http://www.sdmx.org/resources/sdmxml/schemas/v2_1/common">San Severo</Name>
          <Name xml:lang="en" xmlns="http://www.sdmx.org/resources/sdmxml/schemas/v2_1/common">San Severo</Name>
          <Parent>
            <Ref id="ITF41" xmlns="" />
          </Parent>
        </Code>
        <Code id="071052" urn="urn:sdmx:org.sdmx.infomodel.codelist.Code=IT1:CL_REFAREA(1.2).071052">
          <Name xml:lang="it" xmlns="http://www.sdmx.org/resources/sdmxml/schemas/v2_1/common">Sant'Agata di Puglia</Name>
          <Name xml:lang="en" xmlns="http://www.sdmx.org/resources/sdmxml/schemas/v2_1/common">Sant'Agata di Puglia</Name>
          <Parent>
            <Ref id="ITF41" xmlns="" />
          </Parent>
        </Code>
        <Code id="071053" urn="urn:sdmx:org.sdmx.infomodel.codelist.Code=IT1:CL_REFAREA(1.2).071053">
          <Name xml:lang="it" xmlns="http://www.sdmx.org/resources/sdmxml/schemas/v2_1/common">Serracapriola</Name>
          <Name xml:lang="en" xmlns="http://www.sdmx.org/resources/sdmxml/schemas/v2_1/common">Serracapriola</Name>
          <Parent>
            <Ref id="ITF41" xmlns="" />
          </Parent>
        </Code>
        <Code id="071054" urn="urn:sdmx:org.sdmx.infomodel.codelist.Code=IT1:CL_REFAREA(1.2).071054">
          <Name xml:lang="it" xmlns="http://www.sdmx.org/resources/sdmxml/schemas/v2_1/common">Stornara</Name>
          <Name xml:lang="en" xmlns="http://www.sdmx.org/resources/sdmxml/schemas/v2_1/common">Stornara</Name>
          <Parent>
            <Ref id="ITF41" xmlns="" />
          </Parent>
        </Code>
        <Code id="071055" urn="urn:sdmx:org.sdmx.infomodel.codelist.Code=IT1:CL_REFAREA(1.2).071055">
          <Name xml:lang="it" xmlns="http://www.sdmx.org/resources/sdmxml/schemas/v2_1/common">Stornarella</Name>
          <Name xml:lang="en" xmlns="http://www.sdmx.org/resources/sdmxml/schemas/v2_1/common">Stornarella</Name>
          <Parent>
            <Ref id="ITF41" xmlns="" />
          </Parent>
        </Code>
        <Code id="071056" urn="urn:sdmx:org.sdmx.infomodel.codelist.Code=IT1:CL_REFAREA(1.2).071056">
          <Name xml:lang="it" xmlns="http://www.sdmx.org/resources/sdmxml/schemas/v2_1/common">Torremaggiore</Name>
          <Name xml:lang="en" xmlns="http://www.sdmx.org/resources/sdmxml/schemas/v2_1/common">Torremaggiore</Name>
          <Parent>
            <Ref id="ITF41" xmlns="" />
          </Parent>
        </Code>
        <Code id="071057" urn="urn:sdmx:org.sdmx.infomodel.codelist.Code=IT1:CL_REFAREA(1.2).071057">
          <Name xml:lang="it" xmlns="http://www.sdmx.org/resources/sdmxml/schemas/v2_1/common">Trinitapoli</Name>
          <Name xml:lang="en" xmlns="http://www.sdmx.org/resources/sdmxml/schemas/v2_1/common">Trinitapoli</Name>
          <Parent>
            <Ref id="ITF41" xmlns="" />
          </Parent>
        </Code>
        <Code id="071058" urn="urn:sdmx:org.sdmx.infomodel.codelist.Code=IT1:CL_REFAREA(1.2).071058">
          <Name xml:lang="it" xmlns="http://www.sdmx.org/resources/sdmxml/schemas/v2_1/common">Troia</Name>
          <Name xml:lang="en" xmlns="http://www.sdmx.org/resources/sdmxml/schemas/v2_1/common">Troia</Name>
          <Parent>
            <Ref id="ITF41" xmlns="" />
          </Parent>
        </Code>
        <Code id="071059" urn="urn:sdmx:org.sdmx.infomodel.codelist.Code=IT1:CL_REFAREA(1.2).071059">
          <Name xml:lang="it" xmlns="http://www.sdmx.org/resources/sdmxml/schemas/v2_1/common">Vico del Gargano</Name>
          <Name xml:lang="en" xmlns="http://www.sdmx.org/resources/sdmxml/schemas/v2_1/common">Vico del Gargano</Name>
          <Parent>
            <Ref id="ITF41" xmlns="" />
          </Parent>
        </Code>
        <Code id="071060" urn="urn:sdmx:org.sdmx.infomodel.codelist.Code=IT1:CL_REFAREA(1.2).071060">
          <Name xml:lang="it" xmlns="http://www.sdmx.org/resources/sdmxml/schemas/v2_1/common">Vieste</Name>
          <Name xml:lang="en" xmlns="http://www.sdmx.org/resources/sdmxml/schemas/v2_1/common">Vieste</Name>
          <Parent>
            <Ref id="ITF41" xmlns="" />
          </Parent>
        </Code>
        <Code id="071061" urn="urn:sdmx:org.sdmx.infomodel.codelist.Code=IT1:CL_REFAREA(1.2).071061">
          <Name xml:lang="it" xmlns="http://www.sdmx.org/resources/sdmxml/schemas/v2_1/common">Volturara Appula</Name>
          <Name xml:lang="en" xmlns="http://www.sdmx.org/resources/sdmxml/schemas/v2_1/common">Volturara Appula</Name>
          <Parent>
            <Ref id="ITF41" xmlns="" />
          </Parent>
        </Code>
        <Code id="071062" urn="urn:sdmx:org.sdmx.infomodel.codelist.Code=IT1:CL_REFAREA(1.2).071062">
          <Name xml:lang="it" xmlns="http://www.sdmx.org/resources/sdmxml/schemas/v2_1/common">Volturino</Name>
          <Name xml:lang="en" xmlns="http://www.sdmx.org/resources/sdmxml/schemas/v2_1/common">Volturino</Name>
          <Parent>
            <Ref id="ITF41" xmlns="" />
          </Parent>
        </Code>
        <Code id="071063" urn="urn:sdmx:org.sdmx.infomodel.codelist.Code=IT1:CL_REFAREA(1.2).071063">
          <Name xml:lang="it" xmlns="http://www.sdmx.org/resources/sdmxml/schemas/v2_1/common">Ordona</Name>
          <Name xml:lang="en" xmlns="http://www.sdmx.org/resources/sdmxml/schemas/v2_1/common">Ordona</Name>
          <Parent>
            <Ref id="ITF41" xmlns="" />
          </Parent>
        </Code>
        <Code id="071064" urn="urn:sdmx:org.sdmx.infomodel.codelist.Code=IT1:CL_REFAREA(1.2).071064">
          <Name xml:lang="it" xmlns="http://www.sdmx.org/resources/sdmxml/schemas/v2_1/common">Zapponeta</Name>
          <Name xml:lang="en" xmlns="http://www.sdmx.org/resources/sdmxml/schemas/v2_1/common">Zapponeta</Name>
          <Parent>
            <Ref id="ITF41" xmlns="" />
          </Parent>
        </Code>
        <Code id="072001" urn="urn:sdmx:org.sdmx.infomodel.codelist.Code=IT1:CL_REFAREA(1.2).072001">
          <Name xml:lang="it" xmlns="http://www.sdmx.org/resources/sdmxml/schemas/v2_1/common">Acquaviva delle Fonti</Name>
          <Name xml:lang="en" xmlns="http://www.sdmx.org/resources/sdmxml/schemas/v2_1/common">Acquaviva delle Fonti</Name>
          <Parent>
            <Ref id="ITF42" xmlns="" />
          </Parent>
        </Code>
        <Code id="072002" urn="urn:sdmx:org.sdmx.infomodel.codelist.Code=IT1:CL_REFAREA(1.2).072002">
          <Name xml:lang="it" xmlns="http://www.sdmx.org/resources/sdmxml/schemas/v2_1/common">Adelfia</Name>
          <Name xml:lang="en" xmlns="http://www.sdmx.org/resources/sdmxml/schemas/v2_1/common">Adelfia</Name>
          <Parent>
            <Ref id="ITF42" xmlns="" />
          </Parent>
        </Code>
        <Code id="072003" urn="urn:sdmx:org.sdmx.infomodel.codelist.Code=IT1:CL_REFAREA(1.2).072003">
          <Name xml:lang="it" xmlns="http://www.sdmx.org/resources/sdmxml/schemas/v2_1/common">Alberobello</Name>
          <Name xml:lang="en" xmlns="http://www.sdmx.org/resources/sdmxml/schemas/v2_1/common">Alberobello</Name>
          <Parent>
            <Ref id="ITF42" xmlns="" />
          </Parent>
        </Code>
        <Code id="072004" urn="urn:sdmx:org.sdmx.infomodel.codelist.Code=IT1:CL_REFAREA(1.2).072004">
          <Name xml:lang="it" xmlns="http://www.sdmx.org/resources/sdmxml/schemas/v2_1/common">Altamura</Name>
          <Name xml:lang="en" xmlns="http://www.sdmx.org/resources/sdmxml/schemas/v2_1/common">Altamura</Name>
          <Parent>
            <Ref id="ITF42" xmlns="" />
          </Parent>
        </Code>
        <Code id="072005" urn="urn:sdmx:org.sdmx.infomodel.codelist.Code=IT1:CL_REFAREA(1.2).072005">
          <Name xml:lang="it" xmlns="http://www.sdmx.org/resources/sdmxml/schemas/v2_1/common">Andria</Name>
          <Name xml:lang="en" xmlns="http://www.sdmx.org/resources/sdmxml/schemas/v2_1/common">Andria</Name>
          <Parent>
            <Ref id="ITF42" xmlns="" />
          </Parent>
        </Code>
        <Code id="072006" urn="urn:sdmx:org.sdmx.infomodel.codelist.Code=IT1:CL_REFAREA(1.2).072006">
          <Name xml:lang="it" xmlns="http://www.sdmx.org/resources/sdmxml/schemas/v2_1/common">Bari</Name>
          <Name xml:lang="en" xmlns="http://www.sdmx.org/resources/sdmxml/schemas/v2_1/common">Bari</Name>
          <Parent>
            <Ref id="ITF42" xmlns="" />
          </Parent>
        </Code>
        <Code id="072007" urn="urn:sdmx:org.sdmx.infomodel.codelist.Code=IT1:CL_REFAREA(1.2).072007">
          <Name xml:lang="it" xmlns="http://www.sdmx.org/resources/sdmxml/schemas/v2_1/common">Barletta</Name>
          <Name xml:lang="en" xmlns="http://www.sdmx.org/resources/sdmxml/schemas/v2_1/common">Barletta</Name>
          <Parent>
            <Ref id="ITF42" xmlns="" />
          </Parent>
        </Code>
        <Code id="072008" urn="urn:sdmx:org.sdmx.infomodel.codelist.Code=IT1:CL_REFAREA(1.2).072008">
          <Name xml:lang="it" xmlns="http://www.sdmx.org/resources/sdmxml/schemas/v2_1/common">Binetto</Name>
          <Name xml:lang="en" xmlns="http://www.sdmx.org/resources/sdmxml/schemas/v2_1/common">Binetto</Name>
          <Parent>
            <Ref id="ITF42" xmlns="" />
          </Parent>
        </Code>
        <Code id="072009" urn="urn:sdmx:org.sdmx.infomodel.codelist.Code=IT1:CL_REFAREA(1.2).072009">
          <Name xml:lang="it" xmlns="http://www.sdmx.org/resources/sdmxml/schemas/v2_1/common">Bisceglie</Name>
          <Name xml:lang="en" xmlns="http://www.sdmx.org/resources/sdmxml/schemas/v2_1/common">Bisceglie</Name>
          <Parent>
            <Ref id="ITF42" xmlns="" />
          </Parent>
        </Code>
        <Code id="072010" urn="urn:sdmx:org.sdmx.infomodel.codelist.Code=IT1:CL_REFAREA(1.2).072010">
          <Name xml:lang="it" xmlns="http://www.sdmx.org/resources/sdmxml/schemas/v2_1/common">Bitetto</Name>
          <Name xml:lang="en" xmlns="http://www.sdmx.org/resources/sdmxml/schemas/v2_1/common">Bitetto</Name>
          <Parent>
            <Ref id="ITF42" xmlns="" />
          </Parent>
        </Code>
        <Code id="072011" urn="urn:sdmx:org.sdmx.infomodel.codelist.Code=IT1:CL_REFAREA(1.2).072011">
          <Name xml:lang="it" xmlns="http://www.sdmx.org/resources/sdmxml/schemas/v2_1/common">Bitonto</Name>
          <Name xml:lang="en" xmlns="http://www.sdmx.org/resources/sdmxml/schemas/v2_1/common">Bitonto</Name>
          <Parent>
            <Ref id="ITF42" xmlns="" />
          </Parent>
        </Code>
        <Code id="072012" urn="urn:sdmx:org.sdmx.infomodel.codelist.Code=IT1:CL_REFAREA(1.2).072012">
          <Name xml:lang="it" xmlns="http://www.sdmx.org/resources/sdmxml/schemas/v2_1/common">Bitritto</Name>
          <Name xml:lang="en" xmlns="http://www.sdmx.org/resources/sdmxml/schemas/v2_1/common">Bitritto</Name>
          <Parent>
            <Ref id="ITF42" xmlns="" />
          </Parent>
        </Code>
        <Code id="072013" urn="urn:sdmx:org.sdmx.infomodel.codelist.Code=IT1:CL_REFAREA(1.2).072013">
          <Name xml:lang="it" xmlns="http://www.sdmx.org/resources/sdmxml/schemas/v2_1/common">Canosa di Puglia</Name>
          <Name xml:lang="en" xmlns="http://www.sdmx.org/resources/sdmxml/schemas/v2_1/common">Canosa di Puglia</Name>
          <Parent>
            <Ref id="ITF42" xmlns="" />
          </Parent>
        </Code>
        <Code id="072014" urn="urn:sdmx:org.sdmx.infomodel.codelist.Code=IT1:CL_REFAREA(1.2).072014">
          <Name xml:lang="it" xmlns="http://www.sdmx.org/resources/sdmxml/schemas/v2_1/common">Capurso</Name>
          <Name xml:lang="en" xmlns="http://www.sdmx.org/resources/sdmxml/schemas/v2_1/common">Capurso</Name>
          <Parent>
            <Ref id="ITF42" xmlns="" />
          </Parent>
        </Code>
        <Code id="072015" urn="urn:sdmx:org.sdmx.infomodel.codelist.Code=IT1:CL_REFAREA(1.2).072015">
          <Name xml:lang="it" xmlns="http://www.sdmx.org/resources/sdmxml/schemas/v2_1/common">Casamassima</Name>
          <Name xml:lang="en" xmlns="http://www.sdmx.org/resources/sdmxml/schemas/v2_1/common">Casamassima</Name>
          <Parent>
            <Ref id="ITF42" xmlns="" />
          </Parent>
        </Code>
        <Code id="072016" urn="urn:sdmx:org.sdmx.infomodel.codelist.Code=IT1:CL_REFAREA(1.2).072016">
          <Name xml:lang="it" xmlns="http://www.sdmx.org/resources/sdmxml/schemas/v2_1/common">Cassano delle Murge</Name>
          <Name xml:lang="en" xmlns="http://www.sdmx.org/resources/sdmxml/schemas/v2_1/common">Cassano delle Murge</Name>
          <Parent>
            <Ref id="ITF42" xmlns="" />
          </Parent>
        </Code>
        <Code id="072017" urn="urn:sdmx:org.sdmx.infomodel.codelist.Code=IT1:CL_REFAREA(1.2).072017">
          <Name xml:lang="it" xmlns="http://www.sdmx.org/resources/sdmxml/schemas/v2_1/common">Castellana Grotte</Name>
          <Name xml:lang="en" xmlns="http://www.sdmx.org/resources/sdmxml/schemas/v2_1/common">Castellana Grotte</Name>
          <Parent>
            <Ref id="ITF42" xmlns="" />
          </Parent>
        </Code>
        <Code id="072018" urn="urn:sdmx:org.sdmx.infomodel.codelist.Code=IT1:CL_REFAREA(1.2).072018">
          <Name xml:lang="it" xmlns="http://www.sdmx.org/resources/sdmxml/schemas/v2_1/common">Cellamare</Name>
          <Name xml:lang="en" xmlns="http://www.sdmx.org/resources/sdmxml/schemas/v2_1/common">Cellamare</Name>
          <Parent>
            <Ref id="ITF42" xmlns="" />
          </Parent>
        </Code>
        <Code id="072019" urn="urn:sdmx:org.sdmx.infomodel.codelist.Code=IT1:CL_REFAREA(1.2).072019">
          <Name xml:lang="it" xmlns="http://www.sdmx.org/resources/sdmxml/schemas/v2_1/common">Conversano</Name>
          <Name xml:lang="en" xmlns="http://www.sdmx.org/resources/sdmxml/schemas/v2_1/common">Conversano</Name>
          <Parent>
            <Ref id="ITF42" xmlns="" />
          </Parent>
        </Code>
        <Code id="072020" urn="urn:sdmx:org.sdmx.infomodel.codelist.Code=IT1:CL_REFAREA(1.2).072020">
          <Name xml:lang="it" xmlns="http://www.sdmx.org/resources/sdmxml/schemas/v2_1/common">Corato</Name>
          <Name xml:lang="en" xmlns="http://www.sdmx.org/resources/sdmxml/schemas/v2_1/common">Corato</Name>
          <Parent>
            <Ref id="ITF42" xmlns="" />
          </Parent>
        </Code>
        <Code id="072021" urn="urn:sdmx:org.sdmx.infomodel.codelist.Code=IT1:CL_REFAREA(1.2).072021">
          <Name xml:lang="it" xmlns="http://www.sdmx.org/resources/sdmxml/schemas/v2_1/common">Gioia del Colle</Name>
          <Name xml:lang="en" xmlns="http://www.sdmx.org/resources/sdmxml/schemas/v2_1/common">Gioia del Colle</Name>
          <Parent>
            <Ref id="ITF42" xmlns="" />
          </Parent>
        </Code>
        <Code id="072022" urn="urn:sdmx:org.sdmx.infomodel.codelist.Code=IT1:CL_REFAREA(1.2).072022">
          <Name xml:lang="it" xmlns="http://www.sdmx.org/resources/sdmxml/schemas/v2_1/common">Giovinazzo</Name>
          <Name xml:lang="en" xmlns="http://www.sdmx.org/resources/sdmxml/schemas/v2_1/common">Giovinazzo</Name>
          <Parent>
            <Ref id="ITF42" xmlns="" />
          </Parent>
        </Code>
        <Code id="072023" urn="urn:sdmx:org.sdmx.infomodel.codelist.Code=IT1:CL_REFAREA(1.2).072023">
          <Name xml:lang="it" xmlns="http://www.sdmx.org/resources/sdmxml/schemas/v2_1/common">Gravina in Puglia</Name>
          <Name xml:lang="en" xmlns="http://www.sdmx.org/resources/sdmxml/schemas/v2_1/common">Gravina in Puglia</Name>
          <Parent>
            <Ref id="ITF42" xmlns="" />
          </Parent>
        </Code>
        <Code id="072024" urn="urn:sdmx:org.sdmx.infomodel.codelist.Code=IT1:CL_REFAREA(1.2).072024">
          <Name xml:lang="it" xmlns="http://www.sdmx.org/resources/sdmxml/schemas/v2_1/common">Grumo Appula</Name>
          <Name xml:lang="en" xmlns="http://www.sdmx.org/resources/sdmxml/schemas/v2_1/common">Grumo Appula</Name>
          <Parent>
            <Ref id="ITF42" xmlns="" />
          </Parent>
        </Code>
        <Code id="072025" urn="urn:sdmx:org.sdmx.infomodel.codelist.Code=IT1:CL_REFAREA(1.2).072025">
          <Name xml:lang="it" xmlns="http://www.sdmx.org/resources/sdmxml/schemas/v2_1/common">Locorotondo</Name>
          <Name xml:lang="en" xmlns="http://www.sdmx.org/resources/sdmxml/schemas/v2_1/common">Locorotondo</Name>
          <Parent>
            <Ref id="ITF42" xmlns="" />
          </Parent>
        </Code>
        <Code id="072026" urn="urn:sdmx:org.sdmx.infomodel.codelist.Code=IT1:CL_REFAREA(1.2).072026">
          <Name xml:lang="it" xmlns="http://www.sdmx.org/resources/sdmxml/schemas/v2_1/common">Minervino Murge</Name>
          <Name xml:lang="en" xmlns="http://www.sdmx.org/resources/sdmxml/schemas/v2_1/common">Minervino Murge</Name>
          <Parent>
            <Ref id="ITF42" xmlns="" />
          </Parent>
        </Code>
        <Code id="072027" urn="urn:sdmx:org.sdmx.infomodel.codelist.Code=IT1:CL_REFAREA(1.2).072027">
          <Name xml:lang="it" xmlns="http://www.sdmx.org/resources/sdmxml/schemas/v2_1/common">Modugno</Name>
          <Name xml:lang="en" xmlns="http://www.sdmx.org/resources/sdmxml/schemas/v2_1/common">Modugno</Name>
          <Parent>
            <Ref id="ITF42" xmlns="" />
          </Parent>
        </Code>
        <Code id="072028" urn="urn:sdmx:org.sdmx.infomodel.codelist.Code=IT1:CL_REFAREA(1.2).072028">
          <Name xml:lang="it" xmlns="http://www.sdmx.org/resources/sdmxml/schemas/v2_1/common">Mola di Bari</Name>
          <Name xml:lang="en" xmlns="http://www.sdmx.org/resources/sdmxml/schemas/v2_1/common">Mola di Bari</Name>
          <Parent>
            <Ref id="ITF42" xmlns="" />
          </Parent>
        </Code>
        <Code id="072029" urn="urn:sdmx:org.sdmx.infomodel.codelist.Code=IT1:CL_REFAREA(1.2).072029">
          <Name xml:lang="it" xmlns="http://www.sdmx.org/resources/sdmxml/schemas/v2_1/common">Molfetta</Name>
          <Name xml:lang="en" xmlns="http://www.sdmx.org/resources/sdmxml/schemas/v2_1/common">Molfetta</Name>
          <Parent>
            <Ref id="ITF42" xmlns="" />
          </Parent>
        </Code>
        <Code id="072030" urn="urn:sdmx:org.sdmx.infomodel.codelist.Code=IT1:CL_REFAREA(1.2).072030">
          <Name xml:lang="it" xmlns="http://www.sdmx.org/resources/sdmxml/schemas/v2_1/common">Monopoli</Name>
          <Name xml:lang="en" xmlns="http://www.sdmx.org/resources/sdmxml/schemas/v2_1/common">Monopoli</Name>
          <Parent>
            <Ref id="ITF42" xmlns="" />
          </Parent>
        </Code>
        <Code id="072031" urn="urn:sdmx:org.sdmx.infomodel.codelist.Code=IT1:CL_REFAREA(1.2).072031">
          <Name xml:lang="it" xmlns="http://www.sdmx.org/resources/sdmxml/schemas/v2_1/common">Noci</Name>
          <Name xml:lang="en" xmlns="http://www.sdmx.org/resources/sdmxml/schemas/v2_1/common">Noci</Name>
          <Parent>
            <Ref id="ITF42" xmlns="" />
          </Parent>
        </Code>
        <Code id="072032" urn="urn:sdmx:org.sdmx.infomodel.codelist.Code=IT1:CL_REFAREA(1.2).072032">
          <Name xml:lang="it" xmlns="http://www.sdmx.org/resources/sdmxml/schemas/v2_1/common">Noicattaro</Name>
          <Name xml:lang="en" xmlns="http://www.sdmx.org/resources/sdmxml/schemas/v2_1/common">Noicattaro</Name>
          <Parent>
            <Ref id="ITF42" xmlns="" />
          </Parent>
        </Code>
        <Code id="072033" urn="urn:sdmx:org.sdmx.infomodel.codelist.Code=IT1:CL_REFAREA(1.2).072033">
          <Name xml:lang="it" xmlns="http://www.sdmx.org/resources/sdmxml/schemas/v2_1/common">Palo del Colle</Name>
          <Name xml:lang="en" xmlns="http://www.sdmx.org/resources/sdmxml/schemas/v2_1/common">Palo del Colle</Name>
          <Parent>
            <Ref id="ITF42" xmlns="" />
          </Parent>
        </Code>
        <Code id="072034" urn="urn:sdmx:org.sdmx.infomodel.codelist.Code=IT1:CL_REFAREA(1.2).072034">
          <Name xml:lang="it" xmlns="http://www.sdmx.org/resources/sdmxml/schemas/v2_1/common">Poggiorsini</Name>
          <Name xml:lang="en" xmlns="http://www.sdmx.org/resources/sdmxml/schemas/v2_1/common">Poggiorsini</Name>
          <Parent>
            <Ref id="ITF42" xmlns="" />
          </Parent>
        </Code>
        <Code id="072035" urn="urn:sdmx:org.sdmx.infomodel.codelist.Code=IT1:CL_REFAREA(1.2).072035">
          <Name xml:lang="it" xmlns="http://www.sdmx.org/resources/sdmxml/schemas/v2_1/common">Polignano a Mare</Name>
          <Name xml:lang="en" xmlns="http://www.sdmx.org/resources/sdmxml/schemas/v2_1/common">Polignano a Mare</Name>
          <Parent>
            <Ref id="ITF42" xmlns="" />
          </Parent>
        </Code>
        <Code id="072036" urn="urn:sdmx:org.sdmx.infomodel.codelist.Code=IT1:CL_REFAREA(1.2).072036">
          <Name xml:lang="it" xmlns="http://www.sdmx.org/resources/sdmxml/schemas/v2_1/common">Putignano</Name>
          <Name xml:lang="en" xmlns="http://www.sdmx.org/resources/sdmxml/schemas/v2_1/common">Putignano</Name>
          <Parent>
            <Ref id="ITF42" xmlns="" />
          </Parent>
        </Code>
        <Code id="072037" urn="urn:sdmx:org.sdmx.infomodel.codelist.Code=IT1:CL_REFAREA(1.2).072037">
          <Name xml:lang="it" xmlns="http://www.sdmx.org/resources/sdmxml/schemas/v2_1/common">Rutigliano</Name>
          <Name xml:lang="en" xmlns="http://www.sdmx.org/resources/sdmxml/schemas/v2_1/common">Rutigliano</Name>
          <Parent>
            <Ref id="ITF42" xmlns="" />
          </Parent>
        </Code>
        <Code id="072038" urn="urn:sdmx:org.sdmx.infomodel.codelist.Code=IT1:CL_REFAREA(1.2).072038">
          <Name xml:lang="it" xmlns="http://www.sdmx.org/resources/sdmxml/schemas/v2_1/common">Ruvo di Puglia</Name>
          <Name xml:lang="en" xmlns="http://www.sdmx.org/resources/sdmxml/schemas/v2_1/common">Ruvo di Puglia</Name>
          <Parent>
            <Ref id="ITF42" xmlns="" />
          </Parent>
        </Code>
        <Code id="072039" urn="urn:sdmx:org.sdmx.infomodel.codelist.Code=IT1:CL_REFAREA(1.2).072039">
          <Name xml:lang="it" xmlns="http://www.sdmx.org/resources/sdmxml/schemas/v2_1/common">Sammichele di Bari</Name>
          <Name xml:lang="en" xmlns="http://www.sdmx.org/resources/sdmxml/schemas/v2_1/common">Sammichele di Bari</Name>
          <Parent>
            <Ref id="ITF42" xmlns="" />
          </Parent>
        </Code>
        <Code id="072040" urn="urn:sdmx:org.sdmx.infomodel.codelist.Code=IT1:CL_REFAREA(1.2).072040">
          <Name xml:lang="it" xmlns="http://www.sdmx.org/resources/sdmxml/schemas/v2_1/common">Sannicandro di Bari</Name>
          <Name xml:lang="en" xmlns="http://www.sdmx.org/resources/sdmxml/schemas/v2_1/common">Sannicandro di Bari</Name>
          <Parent>
            <Ref id="ITF42" xmlns="" />
          </Parent>
        </Code>
        <Code id="072041" urn="urn:sdmx:org.sdmx.infomodel.codelist.Code=IT1:CL_REFAREA(1.2).072041">
          <Name xml:lang="it" xmlns="http://www.sdmx.org/resources/sdmxml/schemas/v2_1/common">Santeramo in Colle</Name>
          <Name xml:lang="en" xmlns="http://www.sdmx.org/resources/sdmxml/schemas/v2_1/common">Santeramo in Colle</Name>
          <Parent>
            <Ref id="ITF42" xmlns="" />
          </Parent>
        </Code>
        <Code id="072042" urn="urn:sdmx:org.sdmx.infomodel.codelist.Code=IT1:CL_REFAREA(1.2).072042">
          <Name xml:lang="it" xmlns="http://www.sdmx.org/resources/sdmxml/schemas/v2_1/common">Spinazzola</Name>
          <Name xml:lang="en" xmlns="http://www.sdmx.org/resources/sdmxml/schemas/v2_1/common">Spinazzola</Name>
          <Parent>
            <Ref id="ITF42" xmlns="" />
          </Parent>
        </Code>
        <Code id="072043" urn="urn:sdmx:org.sdmx.infomodel.codelist.Code=IT1:CL_REFAREA(1.2).072043">
          <Name xml:lang="it" xmlns="http://www.sdmx.org/resources/sdmxml/schemas/v2_1/common">Terlizzi</Name>
          <Name xml:lang="en" xmlns="http://www.sdmx.org/resources/sdmxml/schemas/v2_1/common">Terlizzi</Name>
          <Parent>
            <Ref id="ITF42" xmlns="" />
          </Parent>
        </Code>
        <Code id="072044" urn="urn:sdmx:org.sdmx.infomodel.codelist.Code=IT1:CL_REFAREA(1.2).072044">
          <Name xml:lang="it" xmlns="http://www.sdmx.org/resources/sdmxml/schemas/v2_1/common">Toritto</Name>
          <Name xml:lang="en" xmlns="http://www.sdmx.org/resources/sdmxml/schemas/v2_1/common">Toritto</Name>
          <Parent>
            <Ref id="ITF42" xmlns="" />
          </Parent>
        </Code>
        <Code id="072045" urn="urn:sdmx:org.sdmx.infomodel.codelist.Code=IT1:CL_REFAREA(1.2).072045">
          <Name xml:lang="it" xmlns="http://www.sdmx.org/resources/sdmxml/schemas/v2_1/common">Trani</Name>
          <Name xml:lang="en" xmlns="http://www.sdmx.org/resources/sdmxml/schemas/v2_1/common">Trani</Name>
          <Parent>
            <Ref id="ITF42" xmlns="" />
          </Parent>
        </Code>
        <Code id="072046" urn="urn:sdmx:org.sdmx.infomodel.codelist.Code=IT1:CL_REFAREA(1.2).072046">
          <Name xml:lang="it" xmlns="http://www.sdmx.org/resources/sdmxml/schemas/v2_1/common">Triggiano</Name>
          <Name xml:lang="en" xmlns="http://www.sdmx.org/resources/sdmxml/schemas/v2_1/common">Triggiano</Name>
          <Parent>
            <Ref id="ITF42" xmlns="" />
          </Parent>
        </Code>
        <Code id="072047" urn="urn:sdmx:org.sdmx.infomodel.codelist.Code=IT1:CL_REFAREA(1.2).072047">
          <Name xml:lang="it" xmlns="http://www.sdmx.org/resources/sdmxml/schemas/v2_1/common">Turi</Name>
          <Name xml:lang="en" xmlns="http://www.sdmx.org/resources/sdmxml/schemas/v2_1/common">Turi</Name>
          <Parent>
            <Ref id="ITF42" xmlns="" />
          </Parent>
        </Code>
        <Code id="072048" urn="urn:sdmx:org.sdmx.infomodel.codelist.Code=IT1:CL_REFAREA(1.2).072048">
          <Name xml:lang="it" xmlns="http://www.sdmx.org/resources/sdmxml/schemas/v2_1/common">Valenzano</Name>
          <Name xml:lang="en" xmlns="http://www.sdmx.org/resources/sdmxml/schemas/v2_1/common">Valenzano</Name>
          <Parent>
            <Ref id="ITF42" xmlns="" />
          </Parent>
        </Code>
        <Code id="073001" urn="urn:sdmx:org.sdmx.infomodel.codelist.Code=IT1:CL_REFAREA(1.2).073001">
          <Name xml:lang="it" xmlns="http://www.sdmx.org/resources/sdmxml/schemas/v2_1/common">Avetrana</Name>
          <Name xml:lang="en" xmlns="http://www.sdmx.org/resources/sdmxml/schemas/v2_1/common">Avetrana</Name>
          <Parent>
            <Ref id="ITF43" xmlns="" />
          </Parent>
        </Code>
        <Code id="073002" urn="urn:sdmx:org.sdmx.infomodel.codelist.Code=IT1:CL_REFAREA(1.2).073002">
          <Name xml:lang="it" xmlns="http://www.sdmx.org/resources/sdmxml/schemas/v2_1/common">Carosino</Name>
          <Name xml:lang="en" xmlns="http://www.sdmx.org/resources/sdmxml/schemas/v2_1/common">Carosino</Name>
          <Parent>
            <Ref id="ITF43" xmlns="" />
          </Parent>
        </Code>
        <Code id="073003" urn="urn:sdmx:org.sdmx.infomodel.codelist.Code=IT1:CL_REFAREA(1.2).073003">
          <Name xml:lang="it" xmlns="http://www.sdmx.org/resources/sdmxml/schemas/v2_1/common">Castellaneta</Name>
          <Name xml:lang="en" xmlns="http://www.sdmx.org/resources/sdmxml/schemas/v2_1/common">Castellaneta</Name>
          <Parent>
            <Ref id="ITF43" xmlns="" />
          </Parent>
        </Code>
        <Code id="073004" urn="urn:sdmx:org.sdmx.infomodel.codelist.Code=IT1:CL_REFAREA(1.2).073004">
          <Name xml:lang="it" xmlns="http://www.sdmx.org/resources/sdmxml/schemas/v2_1/common">Crispiano</Name>
          <Name xml:lang="en" xmlns="http://www.sdmx.org/resources/sdmxml/schemas/v2_1/common">Crispiano</Name>
          <Parent>
            <Ref id="ITF43" xmlns="" />
          </Parent>
        </Code>
        <Code id="073005" urn="urn:sdmx:org.sdmx.infomodel.codelist.Code=IT1:CL_REFAREA(1.2).073005">
          <Name xml:lang="it" xmlns="http://www.sdmx.org/resources/sdmxml/schemas/v2_1/common">Faggiano</Name>
          <Name xml:lang="en" xmlns="http://www.sdmx.org/resources/sdmxml/schemas/v2_1/common">Faggiano</Name>
          <Parent>
            <Ref id="ITF43" xmlns="" />
          </Parent>
        </Code>
        <Code id="073006" urn="urn:sdmx:org.sdmx.infomodel.codelist.Code=IT1:CL_REFAREA(1.2).073006">
          <Name xml:lang="it" xmlns="http://www.sdmx.org/resources/sdmxml/schemas/v2_1/common">Fragagnano</Name>
          <Name xml:lang="en" xmlns="http://www.sdmx.org/resources/sdmxml/schemas/v2_1/common">Fragagnano</Name>
          <Parent>
            <Ref id="ITF43" xmlns="" />
          </Parent>
        </Code>
        <Code id="073007" urn="urn:sdmx:org.sdmx.infomodel.codelist.Code=IT1:CL_REFAREA(1.2).073007">
          <Name xml:lang="it" xmlns="http://www.sdmx.org/resources/sdmxml/schemas/v2_1/common">Ginosa</Name>
          <Name xml:lang="en" xmlns="http://www.sdmx.org/resources/sdmxml/schemas/v2_1/common">Ginosa</Name>
          <Parent>
            <Ref id="ITF43" xmlns="" />
          </Parent>
        </Code>
        <Code id="073008" urn="urn:sdmx:org.sdmx.infomodel.codelist.Code=IT1:CL_REFAREA(1.2).073008">
          <Name xml:lang="it" xmlns="http://www.sdmx.org/resources/sdmxml/schemas/v2_1/common">Grottaglie</Name>
          <Name xml:lang="en" xmlns="http://www.sdmx.org/resources/sdmxml/schemas/v2_1/common">Grottaglie</Name>
          <Parent>
            <Ref id="ITF43" xmlns="" />
          </Parent>
        </Code>
        <Code id="073009" urn="urn:sdmx:org.sdmx.infomodel.codelist.Code=IT1:CL_REFAREA(1.2).073009">
          <Name xml:lang="it" xmlns="http://www.sdmx.org/resources/sdmxml/schemas/v2_1/common">Laterza</Name>
          <Name xml:lang="en" xmlns="http://www.sdmx.org/resources/sdmxml/schemas/v2_1/common">Laterza</Name>
          <Parent>
            <Ref id="ITF43" xmlns="" />
          </Parent>
        </Code>
        <Code id="073010" urn="urn:sdmx:org.sdmx.infomodel.codelist.Code=IT1:CL_REFAREA(1.2).073010">
          <Name xml:lang="it" xmlns="http://www.sdmx.org/resources/sdmxml/schemas/v2_1/common">Leporano</Name>
          <Name xml:lang="en" xmlns="http://www.sdmx.org/resources/sdmxml/schemas/v2_1/common">Leporano</Name>
          <Parent>
            <Ref id="ITF43" xmlns="" />
          </Parent>
        </Code>
        <Code id="073011" urn="urn:sdmx:org.sdmx.infomodel.codelist.Code=IT1:CL_REFAREA(1.2).073011">
          <Name xml:lang="it" xmlns="http://www.sdmx.org/resources/sdmxml/schemas/v2_1/common">Lizzano</Name>
          <Name xml:lang="en" xmlns="http://www.sdmx.org/resources/sdmxml/schemas/v2_1/common">Lizzano</Name>
          <Parent>
            <Ref id="ITF43" xmlns="" />
          </Parent>
        </Code>
        <Code id="073012" urn="urn:sdmx:org.sdmx.infomodel.codelist.Code=IT1:CL_REFAREA(1.2).073012">
          <Name xml:lang="it" xmlns="http://www.sdmx.org/resources/sdmxml/schemas/v2_1/common">Manduria</Name>
          <Name xml:lang="en" xmlns="http://www.sdmx.org/resources/sdmxml/schemas/v2_1/common">Manduria</Name>
          <Parent>
            <Ref id="ITF43" xmlns="" />
          </Parent>
        </Code>
        <Code id="073013" urn="urn:sdmx:org.sdmx.infomodel.codelist.Code=IT1:CL_REFAREA(1.2).073013">
          <Name xml:lang="it" xmlns="http://www.sdmx.org/resources/sdmxml/schemas/v2_1/common">Martina Franca</Name>
          <Name xml:lang="en" xmlns="http://www.sdmx.org/resources/sdmxml/schemas/v2_1/common">Martina Franca</Name>
          <Parent>
            <Ref id="ITF43" xmlns="" />
          </Parent>
        </Code>
        <Code id="073014" urn="urn:sdmx:org.sdmx.infomodel.codelist.Code=IT1:CL_REFAREA(1.2).073014">
          <Name xml:lang="it" xmlns="http://www.sdmx.org/resources/sdmxml/schemas/v2_1/common">Maruggio</Name>
          <Name xml:lang="en" xmlns="http://www.sdmx.org/resources/sdmxml/schemas/v2_1/common">Maruggio</Name>
          <Parent>
            <Ref id="ITF43" xmlns="" />
          </Parent>
        </Code>
        <Code id="073015" urn="urn:sdmx:org.sdmx.infomodel.codelist.Code=IT1:CL_REFAREA(1.2).073015">
          <Name xml:lang="it" xmlns="http://www.sdmx.org/resources/sdmxml/schemas/v2_1/common">Massafra</Name>
          <Name xml:lang="en" xmlns="http://www.sdmx.org/resources/sdmxml/schemas/v2_1/common">Massafra</Name>
          <Parent>
            <Ref id="ITF43" xmlns="" />
          </Parent>
        </Code>
        <Code id="073016" urn="urn:sdmx:org.sdmx.infomodel.codelist.Code=IT1:CL_REFAREA(1.2).073016">
          <Name xml:lang="it" xmlns="http://www.sdmx.org/resources/sdmxml/schemas/v2_1/common">Monteiasi</Name>
          <Name xml:lang="en" xmlns="http://www.sdmx.org/resources/sdmxml/schemas/v2_1/common">Monteiasi</Name>
          <Parent>
            <Ref id="ITF43" xmlns="" />
          </Parent>
        </Code>
        <Code id="073017" urn="urn:sdmx:org.sdmx.infomodel.codelist.Code=IT1:CL_REFAREA(1.2).073017">
          <Name xml:lang="it" xmlns="http://www.sdmx.org/resources/sdmxml/schemas/v2_1/common">Montemesola</Name>
          <Name xml:lang="en" xmlns="http://www.sdmx.org/resources/sdmxml/schemas/v2_1/common">Montemesola</Name>
          <Parent>
            <Ref id="ITF43" xmlns="" />
          </Parent>
        </Code>
        <Code id="073018" urn="urn:sdmx:org.sdmx.infomodel.codelist.Code=IT1:CL_REFAREA(1.2).073018">
          <Name xml:lang="it" xmlns="http://www.sdmx.org/resources/sdmxml/schemas/v2_1/common">Monteparano</Name>
          <Name xml:lang="en" xmlns="http://www.sdmx.org/resources/sdmxml/schemas/v2_1/common">Monteparano</Name>
          <Parent>
            <Ref id="ITF43" xmlns="" />
          </Parent>
        </Code>
        <Code id="073019" urn="urn:sdmx:org.sdmx.infomodel.codelist.Code=IT1:CL_REFAREA(1.2).073019">
          <Name xml:lang="it" xmlns="http://www.sdmx.org/resources/sdmxml/schemas/v2_1/common">Mottola</Name>
          <Name xml:lang="en" xmlns="http://www.sdmx.org/resources/sdmxml/schemas/v2_1/common">Mottola</Name>
          <Parent>
            <Ref id="ITF43" xmlns="" />
          </Parent>
        </Code>
        <Code id="073020" urn="urn:sdmx:org.sdmx.infomodel.codelist.Code=IT1:CL_REFAREA(1.2).073020">
          <Name xml:lang="it" xmlns="http://www.sdmx.org/resources/sdmxml/schemas/v2_1/common">Palagianello</Name>
          <Name xml:lang="en" xmlns="http://www.sdmx.org/resources/sdmxml/schemas/v2_1/common">Palagianello</Name>
          <Parent>
            <Ref id="ITF43" xmlns="" />
          </Parent>
        </Code>
        <Code id="073021" urn="urn:sdmx:org.sdmx.infomodel.codelist.Code=IT1:CL_REFAREA(1.2).073021">
          <Name xml:lang="it" xmlns="http://www.sdmx.org/resources/sdmxml/schemas/v2_1/common">Palagiano</Name>
          <Name xml:lang="en" xmlns="http://www.sdmx.org/resources/sdmxml/schemas/v2_1/common">Palagiano</Name>
          <Parent>
            <Ref id="ITF43" xmlns="" />
          </Parent>
        </Code>
        <Code id="073022" urn="urn:sdmx:org.sdmx.infomodel.codelist.Code=IT1:CL_REFAREA(1.2).073022">
          <Name xml:lang="it" xmlns="http://www.sdmx.org/resources/sdmxml/schemas/v2_1/common">Pulsano</Name>
          <Name xml:lang="en" xmlns="http://www.sdmx.org/resources/sdmxml/schemas/v2_1/common">Pulsano</Name>
          <Parent>
            <Ref id="ITF43" xmlns="" />
          </Parent>
        </Code>
        <Code id="073023" urn="urn:sdmx:org.sdmx.infomodel.codelist.Code=IT1:CL_REFAREA(1.2).073023">
          <Name xml:lang="it" xmlns="http://www.sdmx.org/resources/sdmxml/schemas/v2_1/common">Roccaforzata</Name>
          <Name xml:lang="en" xmlns="http://www.sdmx.org/resources/sdmxml/schemas/v2_1/common">Roccaforzata</Name>
          <Parent>
            <Ref id="ITF43" xmlns="" />
          </Parent>
        </Code>
        <Code id="073024" urn="urn:sdmx:org.sdmx.infomodel.codelist.Code=IT1:CL_REFAREA(1.2).073024">
          <Name xml:lang="it" xmlns="http://www.sdmx.org/resources/sdmxml/schemas/v2_1/common">San Giorgio Ionico</Name>
          <Name xml:lang="en" xmlns="http://www.sdmx.org/resources/sdmxml/schemas/v2_1/common">San Giorgio Ionico</Name>
          <Parent>
            <Ref id="ITF43" xmlns="" />
          </Parent>
        </Code>
        <Code id="073025" urn="urn:sdmx:org.sdmx.infomodel.codelist.Code=IT1:CL_REFAREA(1.2).073025">
          <Name xml:lang="it" xmlns="http://www.sdmx.org/resources/sdmxml/schemas/v2_1/common">San Marzano di San Giuseppe</Name>
          <Name xml:lang="en" xmlns="http://www.sdmx.org/resources/sdmxml/schemas/v2_1/common">San Marzano di San Giuseppe</Name>
          <Parent>
            <Ref id="ITF43" xmlns="" />
          </Parent>
        </Code>
        <Code id="073026" urn="urn:sdmx:org.sdmx.infomodel.codelist.Code=IT1:CL_REFAREA(1.2).073026">
          <Name xml:lang="it" xmlns="http://www.sdmx.org/resources/sdmxml/schemas/v2_1/common">Sava</Name>
          <Name xml:lang="en" xmlns="http://www.sdmx.org/resources/sdmxml/schemas/v2_1/common">Sava</Name>
          <Parent>
            <Ref id="ITF43" xmlns="" />
          </Parent>
        </Code>
        <Code id="073027" urn="urn:sdmx:org.sdmx.infomodel.codelist.Code=IT1:CL_REFAREA(1.2).073027">
          <Name xml:lang="it" xmlns="http://www.sdmx.org/resources/sdmxml/schemas/v2_1/common">Taranto</Name>
          <Name xml:lang="en" xmlns="http://www.sdmx.org/resources/sdmxml/schemas/v2_1/common">Taranto</Name>
          <Parent>
            <Ref id="ITF43" xmlns="" />
          </Parent>
        </Code>
        <Code id="073028" urn="urn:sdmx:org.sdmx.infomodel.codelist.Code=IT1:CL_REFAREA(1.2).073028">
          <Name xml:lang="it" xmlns="http://www.sdmx.org/resources/sdmxml/schemas/v2_1/common">Torricella</Name>
          <Name xml:lang="en" xmlns="http://www.sdmx.org/resources/sdmxml/schemas/v2_1/common">Torricella</Name>
          <Parent>
            <Ref id="ITF43" xmlns="" />
          </Parent>
        </Code>
        <Code id="073029" urn="urn:sdmx:org.sdmx.infomodel.codelist.Code=IT1:CL_REFAREA(1.2).073029">
          <Name xml:lang="it" xmlns="http://www.sdmx.org/resources/sdmxml/schemas/v2_1/common">Statte</Name>
          <Name xml:lang="en" xmlns="http://www.sdmx.org/resources/sdmxml/schemas/v2_1/common">Statte</Name>
          <Parent>
            <Ref id="ITF43" xmlns="" />
          </Parent>
        </Code>
        <Code id="074001" urn="urn:sdmx:org.sdmx.infomodel.codelist.Code=IT1:CL_REFAREA(1.2).074001">
          <Name xml:lang="it" xmlns="http://www.sdmx.org/resources/sdmxml/schemas/v2_1/common">Brindisi</Name>
          <Name xml:lang="en" xmlns="http://www.sdmx.org/resources/sdmxml/schemas/v2_1/common">Brindisi</Name>
          <Parent>
            <Ref id="ITF44" xmlns="" />
          </Parent>
        </Code>
        <Code id="074002" urn="urn:sdmx:org.sdmx.infomodel.codelist.Code=IT1:CL_REFAREA(1.2).074002">
          <Name xml:lang="it" xmlns="http://www.sdmx.org/resources/sdmxml/schemas/v2_1/common">Carovigno</Name>
          <Name xml:lang="en" xmlns="http://www.sdmx.org/resources/sdmxml/schemas/v2_1/common">Carovigno</Name>
          <Parent>
            <Ref id="ITF44" xmlns="" />
          </Parent>
        </Code>
        <Code id="074003" urn="urn:sdmx:org.sdmx.infomodel.codelist.Code=IT1:CL_REFAREA(1.2).074003">
          <Name xml:lang="it" xmlns="http://www.sdmx.org/resources/sdmxml/schemas/v2_1/common">Ceglie Messapica</Name>
          <Name xml:lang="en" xmlns="http://www.sdmx.org/resources/sdmxml/schemas/v2_1/common">Ceglie Messapica</Name>
          <Parent>
            <Ref id="ITF44" xmlns="" />
          </Parent>
        </Code>
        <Code id="074004" urn="urn:sdmx:org.sdmx.infomodel.codelist.Code=IT1:CL_REFAREA(1.2).074004">
          <Name xml:lang="it" xmlns="http://www.sdmx.org/resources/sdmxml/schemas/v2_1/common">Cellino San Marco</Name>
          <Name xml:lang="en" xmlns="http://www.sdmx.org/resources/sdmxml/schemas/v2_1/common">Cellino San Marco</Name>
          <Parent>
            <Ref id="ITF44" xmlns="" />
          </Parent>
        </Code>
        <Code id="074005" urn="urn:sdmx:org.sdmx.infomodel.codelist.Code=IT1:CL_REFAREA(1.2).074005">
          <Name xml:lang="it" xmlns="http://www.sdmx.org/resources/sdmxml/schemas/v2_1/common">Cisternino</Name>
          <Name xml:lang="en" xmlns="http://www.sdmx.org/resources/sdmxml/schemas/v2_1/common">Cisternino</Name>
          <Parent>
            <Ref id="ITF44" xmlns="" />
          </Parent>
        </Code>
        <Code id="074006" urn="urn:sdmx:org.sdmx.infomodel.codelist.Code=IT1:CL_REFAREA(1.2).074006">
          <Name xml:lang="it" xmlns="http://www.sdmx.org/resources/sdmxml/schemas/v2_1/common">Erchie</Name>
          <Name xml:lang="en" xmlns="http://www.sdmx.org/resources/sdmxml/schemas/v2_1/common">Erchie</Name>
          <Parent>
            <Ref id="ITF44" xmlns="" />
          </Parent>
        </Code>
        <Code id="074007" urn="urn:sdmx:org.sdmx.infomodel.codelist.Code=IT1:CL_REFAREA(1.2).074007">
          <Name xml:lang="it" xmlns="http://www.sdmx.org/resources/sdmxml/schemas/v2_1/common">Fasano</Name>
          <Name xml:lang="en" xmlns="http://www.sdmx.org/resources/sdmxml/schemas/v2_1/common">Fasano</Name>
          <Parent>
            <Ref id="ITF44" xmlns="" />
          </Parent>
        </Code>
        <Code id="074008" urn="urn:sdmx:org.sdmx.infomodel.codelist.Code=IT1:CL_REFAREA(1.2).074008">
          <Name xml:lang="it" xmlns="http://www.sdmx.org/resources/sdmxml/schemas/v2_1/common">Francavilla Fontana</Name>
          <Name xml:lang="en" xmlns="http://www.sdmx.org/resources/sdmxml/schemas/v2_1/common">Francavilla Fontana</Name>
          <Parent>
            <Ref id="ITF44" xmlns="" />
          </Parent>
        </Code>
        <Code id="074009" urn="urn:sdmx:org.sdmx.infomodel.codelist.Code=IT1:CL_REFAREA(1.2).074009">
          <Name xml:lang="it" xmlns="http://www.sdmx.org/resources/sdmxml/schemas/v2_1/common">Latiano</Name>
          <Name xml:lang="en" xmlns="http://www.sdmx.org/resources/sdmxml/schemas/v2_1/common">Latiano</Name>
          <Parent>
            <Ref id="ITF44" xmlns="" />
          </Parent>
        </Code>
        <Code id="074010" urn="urn:sdmx:org.sdmx.infomodel.codelist.Code=IT1:CL_REFAREA(1.2).074010">
          <Name xml:lang="it" xmlns="http://www.sdmx.org/resources/sdmxml/schemas/v2_1/common">Mesagne</Name>
          <Name xml:lang="en" xmlns="http://www.sdmx.org/resources/sdmxml/schemas/v2_1/common">Mesagne</Name>
          <Parent>
            <Ref id="ITF44" xmlns="" />
          </Parent>
        </Code>
        <Code id="074011" urn="urn:sdmx:org.sdmx.infomodel.codelist.Code=IT1:CL_REFAREA(1.2).074011">
          <Name xml:lang="it" xmlns="http://www.sdmx.org/resources/sdmxml/schemas/v2_1/common">Oria</Name>
          <Name xml:lang="en" xmlns="http://www.sdmx.org/resources/sdmxml/schemas/v2_1/common">Oria</Name>
          <Parent>
            <Ref id="ITF44" xmlns="" />
          </Parent>
        </Code>
        <Code id="074012" urn="urn:sdmx:org.sdmx.infomodel.codelist.Code=IT1:CL_REFAREA(1.2).074012">
          <Name xml:lang="it" xmlns="http://www.sdmx.org/resources/sdmxml/schemas/v2_1/common">Ostuni</Name>
          <Name xml:lang="en" xmlns="http://www.sdmx.org/resources/sdmxml/schemas/v2_1/common">Ostuni</Name>
          <Parent>
            <Ref id="ITF44" xmlns="" />
          </Parent>
        </Code>
        <Code id="074013" urn="urn:sdmx:org.sdmx.infomodel.codelist.Code=IT1:CL_REFAREA(1.2).074013">
          <Name xml:lang="it" xmlns="http://www.sdmx.org/resources/sdmxml/schemas/v2_1/common">San Donaci</Name>
          <Name xml:lang="en" xmlns="http://www.sdmx.org/resources/sdmxml/schemas/v2_1/common">San Donaci</Name>
          <Parent>
            <Ref id="ITF44" xmlns="" />
          </Parent>
        </Code>
        <Code id="074014" urn="urn:sdmx:org.sdmx.infomodel.codelist.Code=IT1:CL_REFAREA(1.2).074014">
          <Name xml:lang="it" xmlns="http://www.sdmx.org/resources/sdmxml/schemas/v2_1/common">San Michele Salentino</Name>
          <Name xml:lang="en" xmlns="http://www.sdmx.org/resources/sdmxml/schemas/v2_1/common">San Michele Salentino</Name>
          <Parent>
            <Ref id="ITF44" xmlns="" />
          </Parent>
        </Code>
        <Code id="074015" urn="urn:sdmx:org.sdmx.infomodel.codelist.Code=IT1:CL_REFAREA(1.2).074015">
          <Name xml:lang="it" xmlns="http://www.sdmx.org/resources/sdmxml/schemas/v2_1/common">San Pancrazio Salentino</Name>
          <Name xml:lang="en" xmlns="http://www.sdmx.org/resources/sdmxml/schemas/v2_1/common">San Pancrazio Salentino</Name>
          <Parent>
            <Ref id="ITF44" xmlns="" />
          </Parent>
        </Code>
        <Code id="074016" urn="urn:sdmx:org.sdmx.infomodel.codelist.Code=IT1:CL_REFAREA(1.2).074016">
          <Name xml:lang="it" xmlns="http://www.sdmx.org/resources/sdmxml/schemas/v2_1/common">San Pietro Vernotico</Name>
          <Name xml:lang="en" xmlns="http://www.sdmx.org/resources/sdmxml/schemas/v2_1/common">San Pietro Vernotico</Name>
          <Parent>
            <Ref id="ITF44" xmlns="" />
          </Parent>
        </Code>
        <Code id="074017" urn="urn:sdmx:org.sdmx.infomodel.codelist.Code=IT1:CL_REFAREA(1.2).074017">
          <Name xml:lang="it" xmlns="http://www.sdmx.org/resources/sdmxml/schemas/v2_1/common">San Vito dei Normanni</Name>
          <Name xml:lang="en" xmlns="http://www.sdmx.org/resources/sdmxml/schemas/v2_1/common">San Vito dei Normanni</Name>
          <Parent>
            <Ref id="ITF44" xmlns="" />
          </Parent>
        </Code>
        <Code id="074018" urn="urn:sdmx:org.sdmx.infomodel.codelist.Code=IT1:CL_REFAREA(1.2).074018">
          <Name xml:lang="it" xmlns="http://www.sdmx.org/resources/sdmxml/schemas/v2_1/common">Torchiarolo</Name>
          <Name xml:lang="en" xmlns="http://www.sdmx.org/resources/sdmxml/schemas/v2_1/common">Torchiarolo</Name>
          <Parent>
            <Ref id="ITF44" xmlns="" />
          </Parent>
        </Code>
        <Code id="074019" urn="urn:sdmx:org.sdmx.infomodel.codelist.Code=IT1:CL_REFAREA(1.2).074019">
          <Name xml:lang="it" xmlns="http://www.sdmx.org/resources/sdmxml/schemas/v2_1/common">Torre Santa Susanna</Name>
          <Name xml:lang="en" xmlns="http://www.sdmx.org/resources/sdmxml/schemas/v2_1/common">Torre Santa Susanna</Name>
          <Parent>
            <Ref id="ITF44" xmlns="" />
          </Parent>
        </Code>
        <Code id="074020" urn="urn:sdmx:org.sdmx.infomodel.codelist.Code=IT1:CL_REFAREA(1.2).074020">
          <Name xml:lang="it" xmlns="http://www.sdmx.org/resources/sdmxml/schemas/v2_1/common">Villa Castelli</Name>
          <Name xml:lang="en" xmlns="http://www.sdmx.org/resources/sdmxml/schemas/v2_1/common">Villa Castelli</Name>
          <Parent>
            <Ref id="ITF44" xmlns="" />
          </Parent>
        </Code>
        <Code id="075001" urn="urn:sdmx:org.sdmx.infomodel.codelist.Code=IT1:CL_REFAREA(1.2).075001">
          <Name xml:lang="it" xmlns="http://www.sdmx.org/resources/sdmxml/schemas/v2_1/common">Acquarica del Capo</Name>
          <Name xml:lang="en" xmlns="http://www.sdmx.org/resources/sdmxml/schemas/v2_1/common">Acquarica del Capo</Name>
          <Parent>
            <Ref id="ITF45" xmlns="" />
          </Parent>
        </Code>
        <Code id="075002" urn="urn:sdmx:org.sdmx.infomodel.codelist.Code=IT1:CL_REFAREA(1.2).075002">
          <Name xml:lang="it" xmlns="http://www.sdmx.org/resources/sdmxml/schemas/v2_1/common">Alessano</Name>
          <Name xml:lang="en" xmlns="http://www.sdmx.org/resources/sdmxml/schemas/v2_1/common">Alessano</Name>
          <Parent>
            <Ref id="ITF45" xmlns="" />
          </Parent>
        </Code>
        <Code id="075003" urn="urn:sdmx:org.sdmx.infomodel.codelist.Code=IT1:CL_REFAREA(1.2).075003">
          <Name xml:lang="it" xmlns="http://www.sdmx.org/resources/sdmxml/schemas/v2_1/common">Alezio</Name>
          <Name xml:lang="en" xmlns="http://www.sdmx.org/resources/sdmxml/schemas/v2_1/common">Alezio</Name>
          <Parent>
            <Ref id="ITF45" xmlns="" />
          </Parent>
        </Code>
        <Code id="075004" urn="urn:sdmx:org.sdmx.infomodel.codelist.Code=IT1:CL_REFAREA(1.2).075004">
          <Name xml:lang="it" xmlns="http://www.sdmx.org/resources/sdmxml/schemas/v2_1/common">Alliste</Name>
          <Name xml:lang="en" xmlns="http://www.sdmx.org/resources/sdmxml/schemas/v2_1/common">Alliste</Name>
          <Parent>
            <Ref id="ITF45" xmlns="" />
          </Parent>
        </Code>
        <Code id="075005" urn="urn:sdmx:org.sdmx.infomodel.codelist.Code=IT1:CL_REFAREA(1.2).075005">
          <Name xml:lang="it" xmlns="http://www.sdmx.org/resources/sdmxml/schemas/v2_1/common">Andrano</Name>
          <Name xml:lang="en" xmlns="http://www.sdmx.org/resources/sdmxml/schemas/v2_1/common">Andrano</Name>
          <Parent>
            <Ref id="ITF45" xmlns="" />
          </Parent>
        </Code>
        <Code id="075006" urn="urn:sdmx:org.sdmx.infomodel.codelist.Code=IT1:CL_REFAREA(1.2).075006">
          <Name xml:lang="it" xmlns="http://www.sdmx.org/resources/sdmxml/schemas/v2_1/common">Aradeo</Name>
          <Name xml:lang="en" xmlns="http://www.sdmx.org/resources/sdmxml/schemas/v2_1/common">Aradeo</Name>
          <Parent>
            <Ref id="ITF45" xmlns="" />
          </Parent>
        </Code>
        <Code id="075007" urn="urn:sdmx:org.sdmx.infomodel.codelist.Code=IT1:CL_REFAREA(1.2).075007">
          <Name xml:lang="it" xmlns="http://www.sdmx.org/resources/sdmxml/schemas/v2_1/common">Arnesano</Name>
          <Name xml:lang="en" xmlns="http://www.sdmx.org/resources/sdmxml/schemas/v2_1/common">Arnesano</Name>
          <Parent>
            <Ref id="ITF45" xmlns="" />
          </Parent>
        </Code>
        <Code id="075008" urn="urn:sdmx:org.sdmx.infomodel.codelist.Code=IT1:CL_REFAREA(1.2).075008">
          <Name xml:lang="it" xmlns="http://www.sdmx.org/resources/sdmxml/schemas/v2_1/common">Bagnolo del Salento</Name>
          <Name xml:lang="en" xmlns="http://www.sdmx.org/resources/sdmxml/schemas/v2_1/common">Bagnolo del Salento</Name>
          <Parent>
            <Ref id="ITF45" xmlns="" />
          </Parent>
        </Code>
        <Code id="075009" urn="urn:sdmx:org.sdmx.infomodel.codelist.Code=IT1:CL_REFAREA(1.2).075009">
          <Name xml:lang="it" xmlns="http://www.sdmx.org/resources/sdmxml/schemas/v2_1/common">Botrugno</Name>
          <Name xml:lang="en" xmlns="http://www.sdmx.org/resources/sdmxml/schemas/v2_1/common">Botrugno</Name>
          <Parent>
            <Ref id="ITF45" xmlns="" />
          </Parent>
        </Code>
        <Code id="075010" urn="urn:sdmx:org.sdmx.infomodel.codelist.Code=IT1:CL_REFAREA(1.2).075010">
          <Name xml:lang="it" xmlns="http://www.sdmx.org/resources/sdmxml/schemas/v2_1/common">Calimera</Name>
          <Name xml:lang="en" xmlns="http://www.sdmx.org/resources/sdmxml/schemas/v2_1/common">Calimera</Name>
          <Parent>
            <Ref id="ITF45" xmlns="" />
          </Parent>
        </Code>
        <Code id="075011" urn="urn:sdmx:org.sdmx.infomodel.codelist.Code=IT1:CL_REFAREA(1.2).075011">
          <Name xml:lang="it" xmlns="http://www.sdmx.org/resources/sdmxml/schemas/v2_1/common">Campi Salentina</Name>
          <Name xml:lang="en" xmlns="http://www.sdmx.org/resources/sdmxml/schemas/v2_1/common">Campi Salentina</Name>
          <Parent>
            <Ref id="ITF45" xmlns="" />
          </Parent>
        </Code>
        <Code id="075012" urn="urn:sdmx:org.sdmx.infomodel.codelist.Code=IT1:CL_REFAREA(1.2).075012">
          <Name xml:lang="it" xmlns="http://www.sdmx.org/resources/sdmxml/schemas/v2_1/common">Cannole</Name>
          <Name xml:lang="en" xmlns="http://www.sdmx.org/resources/sdmxml/schemas/v2_1/common">Cannole</Name>
          <Parent>
            <Ref id="ITF45" xmlns="" />
          </Parent>
        </Code>
        <Code id="075013" urn="urn:sdmx:org.sdmx.infomodel.codelist.Code=IT1:CL_REFAREA(1.2).075013">
          <Name xml:lang="it" xmlns="http://www.sdmx.org/resources/sdmxml/schemas/v2_1/common">Caprarica di Lecce</Name>
          <Name xml:lang="en" xmlns="http://www.sdmx.org/resources/sdmxml/schemas/v2_1/common">Caprarica di Lecce</Name>
          <Parent>
            <Ref id="ITF45" xmlns="" />
          </Parent>
        </Code>
        <Code id="075014" urn="urn:sdmx:org.sdmx.infomodel.codelist.Code=IT1:CL_REFAREA(1.2).075014">
          <Name xml:lang="it" xmlns="http://www.sdmx.org/resources/sdmxml/schemas/v2_1/common">Carmiano</Name>
          <Name xml:lang="en" xmlns="http://www.sdmx.org/resources/sdmxml/schemas/v2_1/common">Carmiano</Name>
          <Parent>
            <Ref id="ITF45" xmlns="" />
          </Parent>
        </Code>
        <Code id="075015" urn="urn:sdmx:org.sdmx.infomodel.codelist.Code=IT1:CL_REFAREA(1.2).075015">
          <Name xml:lang="it" xmlns="http://www.sdmx.org/resources/sdmxml/schemas/v2_1/common">Carpignano Salentino</Name>
          <Name xml:lang="en" xmlns="http://www.sdmx.org/resources/sdmxml/schemas/v2_1/common">Carpignano Salentino</Name>
          <Parent>
            <Ref id="ITF45" xmlns="" />
          </Parent>
        </Code>
        <Code id="075016" urn="urn:sdmx:org.sdmx.infomodel.codelist.Code=IT1:CL_REFAREA(1.2).075016">
          <Name xml:lang="it" xmlns="http://www.sdmx.org/resources/sdmxml/schemas/v2_1/common">Casarano</Name>
          <Name xml:lang="en" xmlns="http://www.sdmx.org/resources/sdmxml/schemas/v2_1/common">Casarano</Name>
          <Parent>
            <Ref id="ITF45" xmlns="" />
          </Parent>
        </Code>
        <Code id="075017" urn="urn:sdmx:org.sdmx.infomodel.codelist.Code=IT1:CL_REFAREA(1.2).075017">
          <Name xml:lang="it" xmlns="http://www.sdmx.org/resources/sdmxml/schemas/v2_1/common">Castri di Lecce</Name>
          <Name xml:lang="en" xmlns="http://www.sdmx.org/resources/sdmxml/schemas/v2_1/common">Castri di Lecce</Name>
          <Parent>
            <Ref id="ITF45" xmlns="" />
          </Parent>
        </Code>
        <Code id="075018" urn="urn:sdmx:org.sdmx.infomodel.codelist.Code=IT1:CL_REFAREA(1.2).075018">
          <Name xml:lang="it" xmlns="http://www.sdmx.org/resources/sdmxml/schemas/v2_1/common">Castrignano de' Greci</Name>
          <Name xml:lang="en" xmlns="http://www.sdmx.org/resources/sdmxml/schemas/v2_1/common">Castrignano de' Greci</Name>
          <Parent>
            <Ref id="ITF45" xmlns="" />
          </Parent>
        </Code>
        <Code id="075019" urn="urn:sdmx:org.sdmx.infomodel.codelist.Code=IT1:CL_REFAREA(1.2).075019">
          <Name xml:lang="it" xmlns="http://www.sdmx.org/resources/sdmxml/schemas/v2_1/common">Castrignano del Capo</Name>
          <Name xml:lang="en" xmlns="http://www.sdmx.org/resources/sdmxml/schemas/v2_1/common">Castrignano del Capo</Name>
          <Parent>
            <Ref id="ITF45" xmlns="" />
          </Parent>
        </Code>
        <Code id="075020" urn="urn:sdmx:org.sdmx.infomodel.codelist.Code=IT1:CL_REFAREA(1.2).075020">
          <Name xml:lang="it" xmlns="http://www.sdmx.org/resources/sdmxml/schemas/v2_1/common">Cavallino</Name>
          <Name xml:lang="en" xmlns="http://www.sdmx.org/resources/sdmxml/schemas/v2_1/common">Cavallino</Name>
          <Parent>
            <Ref id="ITF45" xmlns="" />
          </Parent>
        </Code>
        <Code id="075021" urn="urn:sdmx:org.sdmx.infomodel.codelist.Code=IT1:CL_REFAREA(1.2).075021">
          <Name xml:lang="it" xmlns="http://www.sdmx.org/resources/sdmxml/schemas/v2_1/common">Collepasso</Name>
          <Name xml:lang="en" xmlns="http://www.sdmx.org/resources/sdmxml/schemas/v2_1/common">Collepasso</Name>
          <Parent>
            <Ref id="ITF45" xmlns="" />
          </Parent>
        </Code>
        <Code id="075022" urn="urn:sdmx:org.sdmx.infomodel.codelist.Code=IT1:CL_REFAREA(1.2).075022">
          <Name xml:lang="it" xmlns="http://www.sdmx.org/resources/sdmxml/schemas/v2_1/common">Copertino</Name>
          <Name xml:lang="en" xmlns="http://www.sdmx.org/resources/sdmxml/schemas/v2_1/common">Copertino</Name>
          <Parent>
            <Ref id="ITF45" xmlns="" />
          </Parent>
        </Code>
        <Code id="075023" urn="urn:sdmx:org.sdmx.infomodel.codelist.Code=IT1:CL_REFAREA(1.2).075023">
          <Name xml:lang="it" xmlns="http://www.sdmx.org/resources/sdmxml/schemas/v2_1/common">Corigliano d'Otranto</Name>
          <Name xml:lang="en" xmlns="http://www.sdmx.org/resources/sdmxml/schemas/v2_1/common">Corigliano d'Otranto</Name>
          <Parent>
            <Ref id="ITF45" xmlns="" />
          </Parent>
        </Code>
        <Code id="075024" urn="urn:sdmx:org.sdmx.infomodel.codelist.Code=IT1:CL_REFAREA(1.2).075024">
          <Name xml:lang="it" xmlns="http://www.sdmx.org/resources/sdmxml/schemas/v2_1/common">Corsano</Name>
          <Name xml:lang="en" xmlns="http://www.sdmx.org/resources/sdmxml/schemas/v2_1/common">Corsano</Name>
          <Parent>
            <Ref id="ITF45" xmlns="" />
          </Parent>
        </Code>
        <Code id="075025" urn="urn:sdmx:org.sdmx.infomodel.codelist.Code=IT1:CL_REFAREA(1.2).075025">
          <Name xml:lang="it" xmlns="http://www.sdmx.org/resources/sdmxml/schemas/v2_1/common">Cursi</Name>
          <Name xml:lang="en" xmlns="http://www.sdmx.org/resources/sdmxml/schemas/v2_1/common">Cursi</Name>
          <Parent>
            <Ref id="ITF45" xmlns="" />
          </Parent>
        </Code>
        <Code id="075026" urn="urn:sdmx:org.sdmx.infomodel.codelist.Code=IT1:CL_REFAREA(1.2).075026">
          <Name xml:lang="it" xmlns="http://www.sdmx.org/resources/sdmxml/schemas/v2_1/common">Cutrofiano</Name>
          <Name xml:lang="en" xmlns="http://www.sdmx.org/resources/sdmxml/schemas/v2_1/common">Cutrofiano</Name>
          <Parent>
            <Ref id="ITF45" xmlns="" />
          </Parent>
        </Code>
        <Code id="075027" urn="urn:sdmx:org.sdmx.infomodel.codelist.Code=IT1:CL_REFAREA(1.2).075027">
          <Name xml:lang="it" xmlns="http://www.sdmx.org/resources/sdmxml/schemas/v2_1/common">Diso</Name>
          <Name xml:lang="en" xmlns="http://www.sdmx.org/resources/sdmxml/schemas/v2_1/common">Diso</Name>
          <Parent>
            <Ref id="ITF45" xmlns="" />
          </Parent>
        </Code>
        <Code id="075028" urn="urn:sdmx:org.sdmx.infomodel.codelist.Code=IT1:CL_REFAREA(1.2).075028">
          <Name xml:lang="it" xmlns="http://www.sdmx.org/resources/sdmxml/schemas/v2_1/common">Gagliano del Capo</Name>
          <Name xml:lang="en" xmlns="http://www.sdmx.org/resources/sdmxml/schemas/v2_1/common">Gagliano del Capo</Name>
          <Parent>
            <Ref id="ITF45" xmlns="" />
          </Parent>
        </Code>
        <Code id="075029" urn="urn:sdmx:org.sdmx.infomodel.codelist.Code=IT1:CL_REFAREA(1.2).075029">
          <Name xml:lang="it" xmlns="http://www.sdmx.org/resources/sdmxml/schemas/v2_1/common">Galatina</Name>
          <Name xml:lang="en" xmlns="http://www.sdmx.org/resources/sdmxml/schemas/v2_1/common">Galatina</Name>
          <Parent>
            <Ref id="ITF45" xmlns="" />
          </Parent>
        </Code>
        <Code id="075030" urn="urn:sdmx:org.sdmx.infomodel.codelist.Code=IT1:CL_REFAREA(1.2).075030">
          <Name xml:lang="it" xmlns="http://www.sdmx.org/resources/sdmxml/schemas/v2_1/common">Galatone</Name>
          <Name xml:lang="en" xmlns="http://www.sdmx.org/resources/sdmxml/schemas/v2_1/common">Galatone</Name>
          <Parent>
            <Ref id="ITF45" xmlns="" />
          </Parent>
        </Code>
        <Code id="075031" urn="urn:sdmx:org.sdmx.infomodel.codelist.Code=IT1:CL_REFAREA(1.2).075031">
          <Name xml:lang="it" xmlns="http://www.sdmx.org/resources/sdmxml/schemas/v2_1/common">Gallipoli</Name>
          <Name xml:lang="en" xmlns="http://www.sdmx.org/resources/sdmxml/schemas/v2_1/common">Gallipoli</Name>
          <Parent>
            <Ref id="ITF45" xmlns="" />
          </Parent>
        </Code>
        <Code id="075032" urn="urn:sdmx:org.sdmx.infomodel.codelist.Code=IT1:CL_REFAREA(1.2).075032">
          <Name xml:lang="it" xmlns="http://www.sdmx.org/resources/sdmxml/schemas/v2_1/common">Giuggianello</Name>
          <Name xml:lang="en" xmlns="http://www.sdmx.org/resources/sdmxml/schemas/v2_1/common">Giuggianello</Name>
          <Parent>
            <Ref id="ITF45" xmlns="" />
          </Parent>
        </Code>
        <Code id="075033" urn="urn:sdmx:org.sdmx.infomodel.codelist.Code=IT1:CL_REFAREA(1.2).075033">
          <Name xml:lang="it" xmlns="http://www.sdmx.org/resources/sdmxml/schemas/v2_1/common">Giurdignano</Name>
          <Name xml:lang="en" xmlns="http://www.sdmx.org/resources/sdmxml/schemas/v2_1/common">Giurdignano</Name>
          <Parent>
            <Ref id="ITF45" xmlns="" />
          </Parent>
        </Code>
        <Code id="075034" urn="urn:sdmx:org.sdmx.infomodel.codelist.Code=IT1:CL_REFAREA(1.2).075034">
          <Name xml:lang="it" xmlns="http://www.sdmx.org/resources/sdmxml/schemas/v2_1/common">Guagnano</Name>
          <Name xml:lang="en" xmlns="http://www.sdmx.org/resources/sdmxml/schemas/v2_1/common">Guagnano</Name>
          <Parent>
            <Ref id="ITF45" xmlns="" />
          </Parent>
        </Code>
        <Code id="075035" urn="urn:sdmx:org.sdmx.infomodel.codelist.Code=IT1:CL_REFAREA(1.2).075035">
          <Name xml:lang="it" xmlns="http://www.sdmx.org/resources/sdmxml/schemas/v2_1/common">Lecce</Name>
          <Name xml:lang="en" xmlns="http://www.sdmx.org/resources/sdmxml/schemas/v2_1/common">Lecce</Name>
          <Parent>
            <Ref id="ITF45" xmlns="" />
          </Parent>
        </Code>
        <Code id="075036" urn="urn:sdmx:org.sdmx.infomodel.codelist.Code=IT1:CL_REFAREA(1.2).075036">
          <Name xml:lang="it" xmlns="http://www.sdmx.org/resources/sdmxml/schemas/v2_1/common">Lequile</Name>
          <Name xml:lang="en" xmlns="http://www.sdmx.org/resources/sdmxml/schemas/v2_1/common">Lequile</Name>
          <Parent>
            <Ref id="ITF45" xmlns="" />
          </Parent>
        </Code>
        <Code id="075037" urn="urn:sdmx:org.sdmx.infomodel.codelist.Code=IT1:CL_REFAREA(1.2).075037">
          <Name xml:lang="it" xmlns="http://www.sdmx.org/resources/sdmxml/schemas/v2_1/common">Leverano</Name>
          <Name xml:lang="en" xmlns="http://www.sdmx.org/resources/sdmxml/schemas/v2_1/common">Leverano</Name>
          <Parent>
            <Ref id="ITF45" xmlns="" />
          </Parent>
        </Code>
        <Code id="075038" urn="urn:sdmx:org.sdmx.infomodel.codelist.Code=IT1:CL_REFAREA(1.2).075038">
          <Name xml:lang="it" xmlns="http://www.sdmx.org/resources/sdmxml/schemas/v2_1/common">Lizzanello</Name>
          <Name xml:lang="en" xmlns="http://www.sdmx.org/resources/sdmxml/schemas/v2_1/common">Lizzanello</Name>
          <Parent>
            <Ref id="ITF45" xmlns="" />
          </Parent>
        </Code>
        <Code id="075039" urn="urn:sdmx:org.sdmx.infomodel.codelist.Code=IT1:CL_REFAREA(1.2).075039">
          <Name xml:lang="it" xmlns="http://www.sdmx.org/resources/sdmxml/schemas/v2_1/common">Maglie</Name>
          <Name xml:lang="en" xmlns="http://www.sdmx.org/resources/sdmxml/schemas/v2_1/common">Maglie</Name>
          <Parent>
            <Ref id="ITF45" xmlns="" />
          </Parent>
        </Code>
        <Code id="075040" urn="urn:sdmx:org.sdmx.infomodel.codelist.Code=IT1:CL_REFAREA(1.2).075040">
          <Name xml:lang="it" xmlns="http://www.sdmx.org/resources/sdmxml/schemas/v2_1/common">Martano</Name>
          <Name xml:lang="en" xmlns="http://www.sdmx.org/resources/sdmxml/schemas/v2_1/common">Martano</Name>
          <Parent>
            <Ref id="ITF45" xmlns="" />
          </Parent>
        </Code>
        <Code id="075041" urn="urn:sdmx:org.sdmx.infomodel.codelist.Code=IT1:CL_REFAREA(1.2).075041">
          <Name xml:lang="it" xmlns="http://www.sdmx.org/resources/sdmxml/schemas/v2_1/common">Martignano</Name>
          <Name xml:lang="en" xmlns="http://www.sdmx.org/resources/sdmxml/schemas/v2_1/common">Martignano</Name>
          <Parent>
            <Ref id="ITF45" xmlns="" />
          </Parent>
        </Code>
        <Code id="075042" urn="urn:sdmx:org.sdmx.infomodel.codelist.Code=IT1:CL_REFAREA(1.2).075042">
          <Name xml:lang="it" xmlns="http://www.sdmx.org/resources/sdmxml/schemas/v2_1/common">Matino</Name>
          <Name xml:lang="en" xmlns="http://www.sdmx.org/resources/sdmxml/schemas/v2_1/common">Matino</Name>
          <Parent>
            <Ref id="ITF45" xmlns="" />
          </Parent>
        </Code>
        <Code id="075043" urn="urn:sdmx:org.sdmx.infomodel.codelist.Code=IT1:CL_REFAREA(1.2).075043">
          <Name xml:lang="it" xmlns="http://www.sdmx.org/resources/sdmxml/schemas/v2_1/common">Melendugno</Name>
          <Name xml:lang="en" xmlns="http://www.sdmx.org/resources/sdmxml/schemas/v2_1/common">Melendugno</Name>
          <Parent>
            <Ref id="ITF45" xmlns="" />
          </Parent>
        </Code>
        <Code id="075044" urn="urn:sdmx:org.sdmx.infomodel.codelist.Code=IT1:CL_REFAREA(1.2).075044">
          <Name xml:lang="it" xmlns="http://www.sdmx.org/resources/sdmxml/schemas/v2_1/common">Melissano</Name>
          <Name xml:lang="en" xmlns="http://www.sdmx.org/resources/sdmxml/schemas/v2_1/common">Melissano</Name>
          <Parent>
            <Ref id="ITF45" xmlns="" />
          </Parent>
        </Code>
        <Code id="075045" urn="urn:sdmx:org.sdmx.infomodel.codelist.Code=IT1:CL_REFAREA(1.2).075045">
          <Name xml:lang="it" xmlns="http://www.sdmx.org/resources/sdmxml/schemas/v2_1/common">Melpignano</Name>
          <Name xml:lang="en" xmlns="http://www.sdmx.org/resources/sdmxml/schemas/v2_1/common">Melpignano</Name>
          <Parent>
            <Ref id="ITF45" xmlns="" />
          </Parent>
        </Code>
        <Code id="075046" urn="urn:sdmx:org.sdmx.infomodel.codelist.Code=IT1:CL_REFAREA(1.2).075046">
          <Name xml:lang="it" xmlns="http://www.sdmx.org/resources/sdmxml/schemas/v2_1/common">Miggiano</Name>
          <Name xml:lang="en" xmlns="http://www.sdmx.org/resources/sdmxml/schemas/v2_1/common">Miggiano</Name>
          <Parent>
            <Ref id="ITF45" xmlns="" />
          </Parent>
        </Code>
        <Code id="075047" urn="urn:sdmx:org.sdmx.infomodel.codelist.Code=IT1:CL_REFAREA(1.2).075047">
          <Name xml:lang="it" xmlns="http://www.sdmx.org/resources/sdmxml/schemas/v2_1/common">Minervino di Lecce</Name>
          <Name xml:lang="en" xmlns="http://www.sdmx.org/resources/sdmxml/schemas/v2_1/common">Minervino di Lecce</Name>
          <Parent>
            <Ref id="ITF45" xmlns="" />
          </Parent>
        </Code>
        <Code id="075048" urn="urn:sdmx:org.sdmx.infomodel.codelist.Code=IT1:CL_REFAREA(1.2).075048">
          <Name xml:lang="it" xmlns="http://www.sdmx.org/resources/sdmxml/schemas/v2_1/common">Monteroni di Lecce</Name>
          <Name xml:lang="en" xmlns="http://www.sdmx.org/resources/sdmxml/schemas/v2_1/common">Monteroni di Lecce</Name>
          <Parent>
            <Ref id="ITF45" xmlns="" />
          </Parent>
        </Code>
        <Code id="075049" urn="urn:sdmx:org.sdmx.infomodel.codelist.Code=IT1:CL_REFAREA(1.2).075049">
          <Name xml:lang="it" xmlns="http://www.sdmx.org/resources/sdmxml/schemas/v2_1/common">Montesano Salentino</Name>
          <Name xml:lang="en" xmlns="http://www.sdmx.org/resources/sdmxml/schemas/v2_1/common">Montesano Salentino</Name>
          <Parent>
            <Ref id="ITF45" xmlns="" />
          </Parent>
        </Code>
        <Code id="075050" urn="urn:sdmx:org.sdmx.infomodel.codelist.Code=IT1:CL_REFAREA(1.2).075050">
          <Name xml:lang="it" xmlns="http://www.sdmx.org/resources/sdmxml/schemas/v2_1/common">Morciano di Leuca</Name>
          <Name xml:lang="en" xmlns="http://www.sdmx.org/resources/sdmxml/schemas/v2_1/common">Morciano di Leuca</Name>
          <Parent>
            <Ref id="ITF45" xmlns="" />
          </Parent>
        </Code>
        <Code id="075051" urn="urn:sdmx:org.sdmx.infomodel.codelist.Code=IT1:CL_REFAREA(1.2).075051">
          <Name xml:lang="it" xmlns="http://www.sdmx.org/resources/sdmxml/schemas/v2_1/common">Muro Leccese</Name>
          <Name xml:lang="en" xmlns="http://www.sdmx.org/resources/sdmxml/schemas/v2_1/common">Muro Leccese</Name>
          <Parent>
            <Ref id="ITF45" xmlns="" />
          </Parent>
        </Code>
        <Code id="075052" urn="urn:sdmx:org.sdmx.infomodel.codelist.Code=IT1:CL_REFAREA(1.2).075052">
          <Name xml:lang="it" xmlns="http://www.sdmx.org/resources/sdmxml/schemas/v2_1/common">Nardò</Name>
          <Name xml:lang="en" xmlns="http://www.sdmx.org/resources/sdmxml/schemas/v2_1/common">Nardò</Name>
          <Parent>
            <Ref id="ITF45" xmlns="" />
          </Parent>
        </Code>
        <Code id="075053" urn="urn:sdmx:org.sdmx.infomodel.codelist.Code=IT1:CL_REFAREA(1.2).075053">
          <Name xml:lang="it" xmlns="http://www.sdmx.org/resources/sdmxml/schemas/v2_1/common">Neviano</Name>
          <Name xml:lang="en" xmlns="http://www.sdmx.org/resources/sdmxml/schemas/v2_1/common">Neviano</Name>
          <Parent>
            <Ref id="ITF45" xmlns="" />
          </Parent>
        </Code>
        <Code id="075054" urn="urn:sdmx:org.sdmx.infomodel.codelist.Code=IT1:CL_REFAREA(1.2).075054">
          <Name xml:lang="it" xmlns="http://www.sdmx.org/resources/sdmxml/schemas/v2_1/common">Nociglia</Name>
          <Name xml:lang="en" xmlns="http://www.sdmx.org/resources/sdmxml/schemas/v2_1/common">Nociglia</Name>
          <Parent>
            <Ref id="ITF45" xmlns="" />
          </Parent>
        </Code>
        <Code id="075055" urn="urn:sdmx:org.sdmx.infomodel.codelist.Code=IT1:CL_REFAREA(1.2).075055">
          <Name xml:lang="it" xmlns="http://www.sdmx.org/resources/sdmxml/schemas/v2_1/common">Novoli</Name>
          <Name xml:lang="en" xmlns="http://www.sdmx.org/resources/sdmxml/schemas/v2_1/common">Novoli</Name>
          <Parent>
            <Ref id="ITF45" xmlns="" />
          </Parent>
        </Code>
        <Code id="075056" urn="urn:sdmx:org.sdmx.infomodel.codelist.Code=IT1:CL_REFAREA(1.2).075056">
          <Name xml:lang="it" xmlns="http://www.sdmx.org/resources/sdmxml/schemas/v2_1/common">Ortelle</Name>
          <Name xml:lang="en" xmlns="http://www.sdmx.org/resources/sdmxml/schemas/v2_1/common">Ortelle</Name>
          <Parent>
            <Ref id="ITF45" xmlns="" />
          </Parent>
        </Code>
        <Code id="075057" urn="urn:sdmx:org.sdmx.infomodel.codelist.Code=IT1:CL_REFAREA(1.2).075057">
          <Name xml:lang="it" xmlns="http://www.sdmx.org/resources/sdmxml/schemas/v2_1/common">Otranto</Name>
          <Name xml:lang="en" xmlns="http://www.sdmx.org/resources/sdmxml/schemas/v2_1/common">Otranto</Name>
          <Parent>
            <Ref id="ITF45" xmlns="" />
          </Parent>
        </Code>
        <Code id="075058" urn="urn:sdmx:org.sdmx.infomodel.codelist.Code=IT1:CL_REFAREA(1.2).075058">
          <Name xml:lang="it" xmlns="http://www.sdmx.org/resources/sdmxml/schemas/v2_1/common">Palmariggi</Name>
          <Name xml:lang="en" xmlns="http://www.sdmx.org/resources/sdmxml/schemas/v2_1/common">Palmariggi</Name>
          <Parent>
            <Ref id="ITF45" xmlns="" />
          </Parent>
        </Code>
        <Code id="075059" urn="urn:sdmx:org.sdmx.infomodel.codelist.Code=IT1:CL_REFAREA(1.2).075059">
          <Name xml:lang="it" xmlns="http://www.sdmx.org/resources/sdmxml/schemas/v2_1/common">Parabita</Name>
          <Name xml:lang="en" xmlns="http://www.sdmx.org/resources/sdmxml/schemas/v2_1/common">Parabita</Name>
          <Parent>
            <Ref id="ITF45" xmlns="" />
          </Parent>
        </Code>
        <Code id="075060" urn="urn:sdmx:org.sdmx.infomodel.codelist.Code=IT1:CL_REFAREA(1.2).075060">
          <Name xml:lang="it" xmlns="http://www.sdmx.org/resources/sdmxml/schemas/v2_1/common">Patù</Name>
          <Name xml:lang="en" xmlns="http://www.sdmx.org/resources/sdmxml/schemas/v2_1/common">Patù</Name>
          <Parent>
            <Ref id="ITF45" xmlns="" />
          </Parent>
        </Code>
        <Code id="075061" urn="urn:sdmx:org.sdmx.infomodel.codelist.Code=IT1:CL_REFAREA(1.2).075061">
          <Name xml:lang="it" xmlns="http://www.sdmx.org/resources/sdmxml/schemas/v2_1/common">Poggiardo</Name>
          <Name xml:lang="en" xmlns="http://www.sdmx.org/resources/sdmxml/schemas/v2_1/common">Poggiardo</Name>
          <Parent>
            <Ref id="ITF45" xmlns="" />
          </Parent>
        </Code>
        <Code id="075062" urn="urn:sdmx:org.sdmx.infomodel.codelist.Code=IT1:CL_REFAREA(1.2).075062">
          <Name xml:lang="it" xmlns="http://www.sdmx.org/resources/sdmxml/schemas/v2_1/common">Presicce</Name>
          <Name xml:lang="en" xmlns="http://www.sdmx.org/resources/sdmxml/schemas/v2_1/common">Presicce</Name>
          <Parent>
            <Ref id="ITF45" xmlns="" />
          </Parent>
        </Code>
        <Code id="075063" urn="urn:sdmx:org.sdmx.infomodel.codelist.Code=IT1:CL_REFAREA(1.2).075063">
          <Name xml:lang="it" xmlns="http://www.sdmx.org/resources/sdmxml/schemas/v2_1/common">Racale</Name>
          <Name xml:lang="en" xmlns="http://www.sdmx.org/resources/sdmxml/schemas/v2_1/common">Racale</Name>
          <Parent>
            <Ref id="ITF45" xmlns="" />
          </Parent>
        </Code>
        <Code id="075064" urn="urn:sdmx:org.sdmx.infomodel.codelist.Code=IT1:CL_REFAREA(1.2).075064">
          <Name xml:lang="it" xmlns="http://www.sdmx.org/resources/sdmxml/schemas/v2_1/common">Ruffano</Name>
          <Name xml:lang="en" xmlns="http://www.sdmx.org/resources/sdmxml/schemas/v2_1/common">Ruffano</Name>
          <Parent>
            <Ref id="ITF45" xmlns="" />
          </Parent>
        </Code>
        <Code id="075065" urn="urn:sdmx:org.sdmx.infomodel.codelist.Code=IT1:CL_REFAREA(1.2).075065">
          <Name xml:lang="it" xmlns="http://www.sdmx.org/resources/sdmxml/schemas/v2_1/common">Salice Salentino</Name>
          <Name xml:lang="en" xmlns="http://www.sdmx.org/resources/sdmxml/schemas/v2_1/common">Salice Salentino</Name>
          <Parent>
            <Ref id="ITF45" xmlns="" />
          </Parent>
        </Code>
        <Code id="075066" urn="urn:sdmx:org.sdmx.infomodel.codelist.Code=IT1:CL_REFAREA(1.2).075066">
          <Name xml:lang="it" xmlns="http://www.sdmx.org/resources/sdmxml/schemas/v2_1/common">Salve</Name>
          <Name xml:lang="en" xmlns="http://www.sdmx.org/resources/sdmxml/schemas/v2_1/common">Salve</Name>
          <Parent>
            <Ref id="ITF45" xmlns="" />
          </Parent>
        </Code>
        <Code id="075067" urn="urn:sdmx:org.sdmx.infomodel.codelist.Code=IT1:CL_REFAREA(1.2).075067">
          <Name xml:lang="it" xmlns="http://www.sdmx.org/resources/sdmxml/schemas/v2_1/common">Sanarica</Name>
          <Name xml:lang="en" xmlns="http://www.sdmx.org/resources/sdmxml/schemas/v2_1/common">Sanarica</Name>
          <Parent>
            <Ref id="ITF45" xmlns="" />
          </Parent>
        </Code>
        <Code id="075068" urn="urn:sdmx:org.sdmx.infomodel.codelist.Code=IT1:CL_REFAREA(1.2).075068">
          <Name xml:lang="it" xmlns="http://www.sdmx.org/resources/sdmxml/schemas/v2_1/common">San Cesario di Lecce</Name>
          <Name xml:lang="en" xmlns="http://www.sdmx.org/resources/sdmxml/schemas/v2_1/common">San Cesario di Lecce</Name>
          <Parent>
            <Ref id="ITF45" xmlns="" />
          </Parent>
        </Code>
        <Code id="075069" urn="urn:sdmx:org.sdmx.infomodel.codelist.Code=IT1:CL_REFAREA(1.2).075069">
          <Name xml:lang="it" xmlns="http://www.sdmx.org/resources/sdmxml/schemas/v2_1/common">San Donato di Lecce</Name>
          <Name xml:lang="en" xmlns="http://www.sdmx.org/resources/sdmxml/schemas/v2_1/common">San Donato di Lecce</Name>
          <Parent>
            <Ref id="ITF45" xmlns="" />
          </Parent>
        </Code>
        <Code id="075070" urn="urn:sdmx:org.sdmx.infomodel.codelist.Code=IT1:CL_REFAREA(1.2).075070">
          <Name xml:lang="it" xmlns="http://www.sdmx.org/resources/sdmxml/schemas/v2_1/common">Sannicola</Name>
          <Name xml:lang="en" xmlns="http://www.sdmx.org/resources/sdmxml/schemas/v2_1/common">Sannicola</Name>
          <Parent>
            <Ref id="ITF45" xmlns="" />
          </Parent>
        </Code>
        <Code id="075071" urn="urn:sdmx:org.sdmx.infomodel.codelist.Code=IT1:CL_REFAREA(1.2).075071">
          <Name xml:lang="it" xmlns="http://www.sdmx.org/resources/sdmxml/schemas/v2_1/common">San Pietro in Lama</Name>
          <Name xml:lang="en" xmlns="http://www.sdmx.org/resources/sdmxml/schemas/v2_1/common">San Pietro in Lama</Name>
          <Parent>
            <Ref id="ITF45" xmlns="" />
          </Parent>
        </Code>
        <Code id="075072" urn="urn:sdmx:org.sdmx.infomodel.codelist.Code=IT1:CL_REFAREA(1.2).075072">
          <Name xml:lang="it" xmlns="http://www.sdmx.org/resources/sdmxml/schemas/v2_1/common">Santa Cesarea Terme</Name>
          <Name xml:lang="en" xmlns="http://www.sdmx.org/resources/sdmxml/schemas/v2_1/common">Santa Cesarea Terme</Name>
          <Parent>
            <Ref id="ITF45" xmlns="" />
          </Parent>
        </Code>
        <Code id="075073" urn="urn:sdmx:org.sdmx.infomodel.codelist.Code=IT1:CL_REFAREA(1.2).075073">
          <Name xml:lang="it" xmlns="http://www.sdmx.org/resources/sdmxml/schemas/v2_1/common">Scorrano</Name>
          <Name xml:lang="en" xmlns="http://www.sdmx.org/resources/sdmxml/schemas/v2_1/common">Scorrano</Name>
          <Parent>
            <Ref id="ITF45" xmlns="" />
          </Parent>
        </Code>
        <Code id="075074" urn="urn:sdmx:org.sdmx.infomodel.codelist.Code=IT1:CL_REFAREA(1.2).075074">
          <Name xml:lang="it" xmlns="http://www.sdmx.org/resources/sdmxml/schemas/v2_1/common">Seclì</Name>
          <Name xml:lang="en" xmlns="http://www.sdmx.org/resources/sdmxml/schemas/v2_1/common">Seclì</Name>
          <Parent>
            <Ref id="ITF45" xmlns="" />
          </Parent>
        </Code>
        <Code id="075075" urn="urn:sdmx:org.sdmx.infomodel.codelist.Code=IT1:CL_REFAREA(1.2).075075">
          <Name xml:lang="it" xmlns="http://www.sdmx.org/resources/sdmxml/schemas/v2_1/common">Sogliano Cavour</Name>
          <Name xml:lang="en" xmlns="http://www.sdmx.org/resources/sdmxml/schemas/v2_1/common">Sogliano Cavour</Name>
          <Parent>
            <Ref id="ITF45" xmlns="" />
          </Parent>
        </Code>
        <Code id="075076" urn="urn:sdmx:org.sdmx.infomodel.codelist.Code=IT1:CL_REFAREA(1.2).075076">
          <Name xml:lang="it" xmlns="http://www.sdmx.org/resources/sdmxml/schemas/v2_1/common">Soleto</Name>
          <Name xml:lang="en" xmlns="http://www.sdmx.org/resources/sdmxml/schemas/v2_1/common">Soleto</Name>
          <Parent>
            <Ref id="ITF45" xmlns="" />
          </Parent>
        </Code>
        <Code id="075077" urn="urn:sdmx:org.sdmx.infomodel.codelist.Code=IT1:CL_REFAREA(1.2).075077">
          <Name xml:lang="it" xmlns="http://www.sdmx.org/resources/sdmxml/schemas/v2_1/common">Specchia</Name>
          <Name xml:lang="en" xmlns="http://www.sdmx.org/resources/sdmxml/schemas/v2_1/common">Specchia</Name>
          <Parent>
            <Ref id="ITF45" xmlns="" />
          </Parent>
        </Code>
        <Code id="075078" urn="urn:sdmx:org.sdmx.infomodel.codelist.Code=IT1:CL_REFAREA(1.2).075078">
          <Name xml:lang="it" xmlns="http://www.sdmx.org/resources/sdmxml/schemas/v2_1/common">Spongano</Name>
          <Name xml:lang="en" xmlns="http://www.sdmx.org/resources/sdmxml/schemas/v2_1/common">Spongano</Name>
          <Parent>
            <Ref id="ITF45" xmlns="" />
          </Parent>
        </Code>
        <Code id="075079" urn="urn:sdmx:org.sdmx.infomodel.codelist.Code=IT1:CL_REFAREA(1.2).075079">
          <Name xml:lang="it" xmlns="http://www.sdmx.org/resources/sdmxml/schemas/v2_1/common">Squinzano</Name>
          <Name xml:lang="en" xmlns="http://www.sdmx.org/resources/sdmxml/schemas/v2_1/common">Squinzano</Name>
          <Parent>
            <Ref id="ITF45" xmlns="" />
          </Parent>
        </Code>
        <Code id="075080" urn="urn:sdmx:org.sdmx.infomodel.codelist.Code=IT1:CL_REFAREA(1.2).075080">
          <Name xml:lang="it" xmlns="http://www.sdmx.org/resources/sdmxml/schemas/v2_1/common">Sternatia</Name>
          <Name xml:lang="en" xmlns="http://www.sdmx.org/resources/sdmxml/schemas/v2_1/common">Sternatia</Name>
          <Parent>
            <Ref id="ITF45" xmlns="" />
          </Parent>
        </Code>
        <Code id="075081" urn="urn:sdmx:org.sdmx.infomodel.codelist.Code=IT1:CL_REFAREA(1.2).075081">
          <Name xml:lang="it" xmlns="http://www.sdmx.org/resources/sdmxml/schemas/v2_1/common">Supersano</Name>
          <Name xml:lang="en" xmlns="http://www.sdmx.org/resources/sdmxml/schemas/v2_1/common">Supersano</Name>
          <Parent>
            <Ref id="ITF45" xmlns="" />
          </Parent>
        </Code>
        <Code id="075082" urn="urn:sdmx:org.sdmx.infomodel.codelist.Code=IT1:CL_REFAREA(1.2).075082">
          <Name xml:lang="it" xmlns="http://www.sdmx.org/resources/sdmxml/schemas/v2_1/common">Surano</Name>
          <Name xml:lang="en" xmlns="http://www.sdmx.org/resources/sdmxml/schemas/v2_1/common">Surano</Name>
          <Parent>
            <Ref id="ITF45" xmlns="" />
          </Parent>
        </Code>
        <Code id="075083" urn="urn:sdmx:org.sdmx.infomodel.codelist.Code=IT1:CL_REFAREA(1.2).075083">
          <Name xml:lang="it" xmlns="http://www.sdmx.org/resources/sdmxml/schemas/v2_1/common">Surbo</Name>
          <Name xml:lang="en" xmlns="http://www.sdmx.org/resources/sdmxml/schemas/v2_1/common">Surbo</Name>
          <Parent>
            <Ref id="ITF45" xmlns="" />
          </Parent>
        </Code>
        <Code id="075084" urn="urn:sdmx:org.sdmx.infomodel.codelist.Code=IT1:CL_REFAREA(1.2).075084">
          <Name xml:lang="it" xmlns="http://www.sdmx.org/resources/sdmxml/schemas/v2_1/common">Taurisano</Name>
          <Name xml:lang="en" xmlns="http://www.sdmx.org/resources/sdmxml/schemas/v2_1/common">Taurisano</Name>
          <Parent>
            <Ref id="ITF45" xmlns="" />
          </Parent>
        </Code>
        <Code id="075085" urn="urn:sdmx:org.sdmx.infomodel.codelist.Code=IT1:CL_REFAREA(1.2).075085">
          <Name xml:lang="it" xmlns="http://www.sdmx.org/resources/sdmxml/schemas/v2_1/common">Taviano</Name>
          <Name xml:lang="en" xmlns="http://www.sdmx.org/resources/sdmxml/schemas/v2_1/common">Taviano</Name>
          <Parent>
            <Ref id="ITF45" xmlns="" />
          </Parent>
        </Code>
        <Code id="075086" urn="urn:sdmx:org.sdmx.infomodel.codelist.Code=IT1:CL_REFAREA(1.2).075086">
          <Name xml:lang="it" xmlns="http://www.sdmx.org/resources/sdmxml/schemas/v2_1/common">Tiggiano</Name>
          <Name xml:lang="en" xmlns="http://www.sdmx.org/resources/sdmxml/schemas/v2_1/common">Tiggiano</Name>
          <Parent>
            <Ref id="ITF45" xmlns="" />
          </Parent>
        </Code>
        <Code id="075087" urn="urn:sdmx:org.sdmx.infomodel.codelist.Code=IT1:CL_REFAREA(1.2).075087">
          <Name xml:lang="it" xmlns="http://www.sdmx.org/resources/sdmxml/schemas/v2_1/common">Trepuzzi</Name>
          <Name xml:lang="en" xmlns="http://www.sdmx.org/resources/sdmxml/schemas/v2_1/common">Trepuzzi</Name>
          <Parent>
            <Ref id="ITF45" xmlns="" />
          </Parent>
        </Code>
        <Code id="075088" urn="urn:sdmx:org.sdmx.infomodel.codelist.Code=IT1:CL_REFAREA(1.2).075088">
          <Name xml:lang="it" xmlns="http://www.sdmx.org/resources/sdmxml/schemas/v2_1/common">Tricase</Name>
          <Name xml:lang="en" xmlns="http://www.sdmx.org/resources/sdmxml/schemas/v2_1/common">Tricase</Name>
          <Parent>
            <Ref id="ITF45" xmlns="" />
          </Parent>
        </Code>
        <Code id="075089" urn="urn:sdmx:org.sdmx.infomodel.codelist.Code=IT1:CL_REFAREA(1.2).075089">
          <Name xml:lang="it" xmlns="http://www.sdmx.org/resources/sdmxml/schemas/v2_1/common">Tuglie</Name>
          <Name xml:lang="en" xmlns="http://www.sdmx.org/resources/sdmxml/schemas/v2_1/common">Tuglie</Name>
          <Parent>
            <Ref id="ITF45" xmlns="" />
          </Parent>
        </Code>
        <Code id="075090" urn="urn:sdmx:org.sdmx.infomodel.codelist.Code=IT1:CL_REFAREA(1.2).075090">
          <Name xml:lang="it" xmlns="http://www.sdmx.org/resources/sdmxml/schemas/v2_1/common">Ugento</Name>
          <Name xml:lang="en" xmlns="http://www.sdmx.org/resources/sdmxml/schemas/v2_1/common">Ugento</Name>
          <Parent>
            <Ref id="ITF45" xmlns="" />
          </Parent>
        </Code>
        <Code id="075091" urn="urn:sdmx:org.sdmx.infomodel.codelist.Code=IT1:CL_REFAREA(1.2).075091">
          <Name xml:lang="it" xmlns="http://www.sdmx.org/resources/sdmxml/schemas/v2_1/common">Uggiano la Chiesa</Name>
          <Name xml:lang="en" xmlns="http://www.sdmx.org/resources/sdmxml/schemas/v2_1/common">Uggiano la Chiesa</Name>
          <Parent>
            <Ref id="ITF45" xmlns="" />
          </Parent>
        </Code>
        <Code id="075092" urn="urn:sdmx:org.sdmx.infomodel.codelist.Code=IT1:CL_REFAREA(1.2).075092">
          <Name xml:lang="it" xmlns="http://www.sdmx.org/resources/sdmxml/schemas/v2_1/common">Veglie</Name>
          <Name xml:lang="en" xmlns="http://www.sdmx.org/resources/sdmxml/schemas/v2_1/common">Veglie</Name>
          <Parent>
            <Ref id="ITF45" xmlns="" />
          </Parent>
        </Code>
        <Code id="075093" urn="urn:sdmx:org.sdmx.infomodel.codelist.Code=IT1:CL_REFAREA(1.2).075093">
          <Name xml:lang="it" xmlns="http://www.sdmx.org/resources/sdmxml/schemas/v2_1/common">Vernole</Name>
          <Name xml:lang="en" xmlns="http://www.sdmx.org/resources/sdmxml/schemas/v2_1/common">Vernole</Name>
          <Parent>
            <Ref id="ITF45" xmlns="" />
          </Parent>
        </Code>
        <Code id="075094" urn="urn:sdmx:org.sdmx.infomodel.codelist.Code=IT1:CL_REFAREA(1.2).075094">
          <Name xml:lang="it" xmlns="http://www.sdmx.org/resources/sdmxml/schemas/v2_1/common">Zollino</Name>
          <Name xml:lang="en" xmlns="http://www.sdmx.org/resources/sdmxml/schemas/v2_1/common">Zollino</Name>
          <Parent>
            <Ref id="ITF45" xmlns="" />
          </Parent>
        </Code>
        <Code id="075095" urn="urn:sdmx:org.sdmx.infomodel.codelist.Code=IT1:CL_REFAREA(1.2).075095">
          <Name xml:lang="it" xmlns="http://www.sdmx.org/resources/sdmxml/schemas/v2_1/common">San Cassiano</Name>
          <Name xml:lang="en" xmlns="http://www.sdmx.org/resources/sdmxml/schemas/v2_1/common">San Cassiano</Name>
          <Parent>
            <Ref id="ITF45" xmlns="" />
          </Parent>
        </Code>
        <Code id="075096" urn="urn:sdmx:org.sdmx.infomodel.codelist.Code=IT1:CL_REFAREA(1.2).075096">
          <Name xml:lang="it" xmlns="http://www.sdmx.org/resources/sdmxml/schemas/v2_1/common">Castro</Name>
          <Name xml:lang="en" xmlns="http://www.sdmx.org/resources/sdmxml/schemas/v2_1/common">Castro</Name>
          <Parent>
            <Ref id="ITF45" xmlns="" />
          </Parent>
        </Code>
        <Code id="075097" urn="urn:sdmx:org.sdmx.infomodel.codelist.Code=IT1:CL_REFAREA(1.2).075097">
          <Name xml:lang="it" xmlns="http://www.sdmx.org/resources/sdmxml/schemas/v2_1/common">Porto Cesareo</Name>
          <Name xml:lang="en" xmlns="http://www.sdmx.org/resources/sdmxml/schemas/v2_1/common">Porto Cesareo</Name>
          <Parent>
            <Ref id="ITF45" xmlns="" />
          </Parent>
        </Code>
        <Code id="076001" urn="urn:sdmx:org.sdmx.infomodel.codelist.Code=IT1:CL_REFAREA(1.2).076001">
          <Name xml:lang="it" xmlns="http://www.sdmx.org/resources/sdmxml/schemas/v2_1/common">Abriola</Name>
          <Name xml:lang="en" xmlns="http://www.sdmx.org/resources/sdmxml/schemas/v2_1/common">Abriola</Name>
          <Parent>
            <Ref id="ITF51" xmlns="" />
          </Parent>
        </Code>
        <Code id="076002" urn="urn:sdmx:org.sdmx.infomodel.codelist.Code=IT1:CL_REFAREA(1.2).076002">
          <Name xml:lang="it" xmlns="http://www.sdmx.org/resources/sdmxml/schemas/v2_1/common">Acerenza</Name>
          <Name xml:lang="en" xmlns="http://www.sdmx.org/resources/sdmxml/schemas/v2_1/common">Acerenza</Name>
          <Parent>
            <Ref id="ITF51" xmlns="" />
          </Parent>
        </Code>
        <Code id="076003" urn="urn:sdmx:org.sdmx.infomodel.codelist.Code=IT1:CL_REFAREA(1.2).076003">
          <Name xml:lang="it" xmlns="http://www.sdmx.org/resources/sdmxml/schemas/v2_1/common">Albano di Lucania</Name>
          <Name xml:lang="en" xmlns="http://www.sdmx.org/resources/sdmxml/schemas/v2_1/common">Albano di Lucania</Name>
          <Parent>
            <Ref id="ITF51" xmlns="" />
          </Parent>
        </Code>
        <Code id="076004" urn="urn:sdmx:org.sdmx.infomodel.codelist.Code=IT1:CL_REFAREA(1.2).076004">
          <Name xml:lang="it" xmlns="http://www.sdmx.org/resources/sdmxml/schemas/v2_1/common">Anzi</Name>
          <Name xml:lang="en" xmlns="http://www.sdmx.org/resources/sdmxml/schemas/v2_1/common">Anzi</Name>
          <Parent>
            <Ref id="ITF51" xmlns="" />
          </Parent>
        </Code>
        <Code id="076005" urn="urn:sdmx:org.sdmx.infomodel.codelist.Code=IT1:CL_REFAREA(1.2).076005">
          <Name xml:lang="it" xmlns="http://www.sdmx.org/resources/sdmxml/schemas/v2_1/common">Armento</Name>
          <Name xml:lang="en" xmlns="http://www.sdmx.org/resources/sdmxml/schemas/v2_1/common">Armento</Name>
          <Parent>
            <Ref id="ITF51" xmlns="" />
          </Parent>
        </Code>
        <Code id="076006" urn="urn:sdmx:org.sdmx.infomodel.codelist.Code=IT1:CL_REFAREA(1.2).076006">
          <Name xml:lang="it" xmlns="http://www.sdmx.org/resources/sdmxml/schemas/v2_1/common">Atella</Name>
          <Name xml:lang="en" xmlns="http://www.sdmx.org/resources/sdmxml/schemas/v2_1/common">Atella</Name>
          <Parent>
            <Ref id="ITF51" xmlns="" />
          </Parent>
        </Code>
        <Code id="076007" urn="urn:sdmx:org.sdmx.infomodel.codelist.Code=IT1:CL_REFAREA(1.2).076007">
          <Name xml:lang="it" xmlns="http://www.sdmx.org/resources/sdmxml/schemas/v2_1/common">Avigliano</Name>
          <Name xml:lang="en" xmlns="http://www.sdmx.org/resources/sdmxml/schemas/v2_1/common">Avigliano</Name>
          <Parent>
            <Ref id="ITF51" xmlns="" />
          </Parent>
        </Code>
        <Code id="076008" urn="urn:sdmx:org.sdmx.infomodel.codelist.Code=IT1:CL_REFAREA(1.2).076008">
          <Name xml:lang="it" xmlns="http://www.sdmx.org/resources/sdmxml/schemas/v2_1/common">Balvano</Name>
          <Name xml:lang="en" xmlns="http://www.sdmx.org/resources/sdmxml/schemas/v2_1/common">Balvano</Name>
          <Parent>
            <Ref id="ITF51" xmlns="" />
          </Parent>
        </Code>
        <Code id="076009" urn="urn:sdmx:org.sdmx.infomodel.codelist.Code=IT1:CL_REFAREA(1.2).076009">
          <Name xml:lang="it" xmlns="http://www.sdmx.org/resources/sdmxml/schemas/v2_1/common">Banzi</Name>
          <Name xml:lang="en" xmlns="http://www.sdmx.org/resources/sdmxml/schemas/v2_1/common">Banzi</Name>
          <Parent>
            <Ref id="ITF51" xmlns="" />
          </Parent>
        </Code>
        <Code id="076010" urn="urn:sdmx:org.sdmx.infomodel.codelist.Code=IT1:CL_REFAREA(1.2).076010">
          <Name xml:lang="it" xmlns="http://www.sdmx.org/resources/sdmxml/schemas/v2_1/common">Baragiano</Name>
          <Name xml:lang="en" xmlns="http://www.sdmx.org/resources/sdmxml/schemas/v2_1/common">Baragiano</Name>
          <Parent>
            <Ref id="ITF51" xmlns="" />
          </Parent>
        </Code>
        <Code id="076011" urn="urn:sdmx:org.sdmx.infomodel.codelist.Code=IT1:CL_REFAREA(1.2).076011">
          <Name xml:lang="it" xmlns="http://www.sdmx.org/resources/sdmxml/schemas/v2_1/common">Barile</Name>
          <Name xml:lang="en" xmlns="http://www.sdmx.org/resources/sdmxml/schemas/v2_1/common">Barile</Name>
          <Parent>
            <Ref id="ITF51" xmlns="" />
          </Parent>
        </Code>
        <Code id="076012" urn="urn:sdmx:org.sdmx.infomodel.codelist.Code=IT1:CL_REFAREA(1.2).076012">
          <Name xml:lang="it" xmlns="http://www.sdmx.org/resources/sdmxml/schemas/v2_1/common">Bella</Name>
          <Name xml:lang="en" xmlns="http://www.sdmx.org/resources/sdmxml/schemas/v2_1/common">Bella</Name>
          <Parent>
            <Ref id="ITF51" xmlns="" />
          </Parent>
        </Code>
        <Code id="076013" urn="urn:sdmx:org.sdmx.infomodel.codelist.Code=IT1:CL_REFAREA(1.2).076013">
          <Name xml:lang="it" xmlns="http://www.sdmx.org/resources/sdmxml/schemas/v2_1/common">Brienza</Name>
          <Name xml:lang="en" xmlns="http://www.sdmx.org/resources/sdmxml/schemas/v2_1/common">Brienza</Name>
          <Parent>
            <Ref id="ITF51" xmlns="" />
          </Parent>
        </Code>
        <Code id="076014" urn="urn:sdmx:org.sdmx.infomodel.codelist.Code=IT1:CL_REFAREA(1.2).076014">
          <Name xml:lang="it" xmlns="http://www.sdmx.org/resources/sdmxml/schemas/v2_1/common">Brindisi Montagna</Name>
          <Name xml:lang="en" xmlns="http://www.sdmx.org/resources/sdmxml/schemas/v2_1/common">Brindisi Montagna</Name>
          <Parent>
            <Ref id="ITF51" xmlns="" />
          </Parent>
        </Code>
        <Code id="076015" urn="urn:sdmx:org.sdmx.infomodel.codelist.Code=IT1:CL_REFAREA(1.2).076015">
          <Name xml:lang="it" xmlns="http://www.sdmx.org/resources/sdmxml/schemas/v2_1/common">Calvello</Name>
          <Name xml:lang="en" xmlns="http://www.sdmx.org/resources/sdmxml/schemas/v2_1/common">Calvello</Name>
          <Parent>
            <Ref id="ITF51" xmlns="" />
          </Parent>
        </Code>
        <Code id="076016" urn="urn:sdmx:org.sdmx.infomodel.codelist.Code=IT1:CL_REFAREA(1.2).076016">
          <Name xml:lang="it" xmlns="http://www.sdmx.org/resources/sdmxml/schemas/v2_1/common">Calvera</Name>
          <Name xml:lang="en" xmlns="http://www.sdmx.org/resources/sdmxml/schemas/v2_1/common">Calvera</Name>
          <Parent>
            <Ref id="ITF51" xmlns="" />
          </Parent>
        </Code>
        <Code id="076017" urn="urn:sdmx:org.sdmx.infomodel.codelist.Code=IT1:CL_REFAREA(1.2).076017">
          <Name xml:lang="it" xmlns="http://www.sdmx.org/resources/sdmxml/schemas/v2_1/common">Campomaggiore</Name>
          <Name xml:lang="en" xmlns="http://www.sdmx.org/resources/sdmxml/schemas/v2_1/common">Campomaggiore</Name>
          <Parent>
            <Ref id="ITF51" xmlns="" />
          </Parent>
        </Code>
        <Code id="076018" urn="urn:sdmx:org.sdmx.infomodel.codelist.Code=IT1:CL_REFAREA(1.2).076018">
          <Name xml:lang="it" xmlns="http://www.sdmx.org/resources/sdmxml/schemas/v2_1/common">Cancellara</Name>
          <Name xml:lang="en" xmlns="http://www.sdmx.org/resources/sdmxml/schemas/v2_1/common">Cancellara</Name>
          <Parent>
            <Ref id="ITF51" xmlns="" />
          </Parent>
        </Code>
        <Code id="076019" urn="urn:sdmx:org.sdmx.infomodel.codelist.Code=IT1:CL_REFAREA(1.2).076019">
          <Name xml:lang="it" xmlns="http://www.sdmx.org/resources/sdmxml/schemas/v2_1/common">Carbone</Name>
          <Name xml:lang="en" xmlns="http://www.sdmx.org/resources/sdmxml/schemas/v2_1/common">Carbone</Name>
          <Parent>
            <Ref id="ITF51" xmlns="" />
          </Parent>
        </Code>
        <Code id="076020" urn="urn:sdmx:org.sdmx.infomodel.codelist.Code=IT1:CL_REFAREA(1.2).076020">
          <Name xml:lang="it" xmlns="http://www.sdmx.org/resources/sdmxml/schemas/v2_1/common">San Paolo Albanese</Name>
          <Name xml:lang="en" xmlns="http://www.sdmx.org/resources/sdmxml/schemas/v2_1/common">San Paolo Albanese</Name>
          <Parent>
            <Ref id="ITF51" xmlns="" />
          </Parent>
        </Code>
        <Code id="076021" urn="urn:sdmx:org.sdmx.infomodel.codelist.Code=IT1:CL_REFAREA(1.2).076021">
          <Name xml:lang="it" xmlns="http://www.sdmx.org/resources/sdmxml/schemas/v2_1/common">Castelgrande</Name>
          <Name xml:lang="en" xmlns="http://www.sdmx.org/resources/sdmxml/schemas/v2_1/common">Castelgrande</Name>
          <Parent>
            <Ref id="ITF51" xmlns="" />
          </Parent>
        </Code>
        <Code id="076022" urn="urn:sdmx:org.sdmx.infomodel.codelist.Code=IT1:CL_REFAREA(1.2).076022">
          <Name xml:lang="it" xmlns="http://www.sdmx.org/resources/sdmxml/schemas/v2_1/common">Castelluccio Inferiore</Name>
          <Name xml:lang="en" xmlns="http://www.sdmx.org/resources/sdmxml/schemas/v2_1/common">Castelluccio Inferiore</Name>
          <Parent>
            <Ref id="ITF51" xmlns="" />
          </Parent>
        </Code>
        <Code id="076023" urn="urn:sdmx:org.sdmx.infomodel.codelist.Code=IT1:CL_REFAREA(1.2).076023">
          <Name xml:lang="it" xmlns="http://www.sdmx.org/resources/sdmxml/schemas/v2_1/common">Castelluccio Superiore</Name>
          <Name xml:lang="en" xmlns="http://www.sdmx.org/resources/sdmxml/schemas/v2_1/common">Castelluccio Superiore</Name>
          <Parent>
            <Ref id="ITF51" xmlns="" />
          </Parent>
        </Code>
        <Code id="076024" urn="urn:sdmx:org.sdmx.infomodel.codelist.Code=IT1:CL_REFAREA(1.2).076024">
          <Name xml:lang="it" xmlns="http://www.sdmx.org/resources/sdmxml/schemas/v2_1/common">Castelmezzano</Name>
          <Name xml:lang="en" xmlns="http://www.sdmx.org/resources/sdmxml/schemas/v2_1/common">Castelmezzano</Name>
          <Parent>
            <Ref id="ITF51" xmlns="" />
          </Parent>
        </Code>
        <Code id="076025" urn="urn:sdmx:org.sdmx.infomodel.codelist.Code=IT1:CL_REFAREA(1.2).076025">
          <Name xml:lang="it" xmlns="http://www.sdmx.org/resources/sdmxml/schemas/v2_1/common">Castelsaraceno</Name>
          <Name xml:lang="en" xmlns="http://www.sdmx.org/resources/sdmxml/schemas/v2_1/common">Castelsaraceno</Name>
          <Parent>
            <Ref id="ITF51" xmlns="" />
          </Parent>
        </Code>
        <Code id="076026" urn="urn:sdmx:org.sdmx.infomodel.codelist.Code=IT1:CL_REFAREA(1.2).076026">
          <Name xml:lang="it" xmlns="http://www.sdmx.org/resources/sdmxml/schemas/v2_1/common">Castronuovo di Sant'Andrea</Name>
          <Name xml:lang="en" xmlns="http://www.sdmx.org/resources/sdmxml/schemas/v2_1/common">Castronuovo di Sant'Andrea</Name>
          <Parent>
            <Ref id="ITF51" xmlns="" />
          </Parent>
        </Code>
        <Code id="076027" urn="urn:sdmx:org.sdmx.infomodel.codelist.Code=IT1:CL_REFAREA(1.2).076027">
          <Name xml:lang="it" xmlns="http://www.sdmx.org/resources/sdmxml/schemas/v2_1/common">Cersosimo</Name>
          <Name xml:lang="en" xmlns="http://www.sdmx.org/resources/sdmxml/schemas/v2_1/common">Cersosimo</Name>
          <Parent>
            <Ref id="ITF51" xmlns="" />
          </Parent>
        </Code>
        <Code id="076028" urn="urn:sdmx:org.sdmx.infomodel.codelist.Code=IT1:CL_REFAREA(1.2).076028">
          <Name xml:lang="it" xmlns="http://www.sdmx.org/resources/sdmxml/schemas/v2_1/common">Chiaromonte</Name>
          <Name xml:lang="en" xmlns="http://www.sdmx.org/resources/sdmxml/schemas/v2_1/common">Chiaromonte</Name>
          <Parent>
            <Ref id="ITF51" xmlns="" />
          </Parent>
        </Code>
        <Code id="076029" urn="urn:sdmx:org.sdmx.infomodel.codelist.Code=IT1:CL_REFAREA(1.2).076029">
          <Name xml:lang="it" xmlns="http://www.sdmx.org/resources/sdmxml/schemas/v2_1/common">Corleto Perticara</Name>
          <Name xml:lang="en" xmlns="http://www.sdmx.org/resources/sdmxml/schemas/v2_1/common">Corleto Perticara</Name>
          <Parent>
            <Ref id="ITF51" xmlns="" />
          </Parent>
        </Code>
        <Code id="076030" urn="urn:sdmx:org.sdmx.infomodel.codelist.Code=IT1:CL_REFAREA(1.2).076030">
          <Name xml:lang="it" xmlns="http://www.sdmx.org/resources/sdmxml/schemas/v2_1/common">Episcopia</Name>
          <Name xml:lang="en" xmlns="http://www.sdmx.org/resources/sdmxml/schemas/v2_1/common">Episcopia</Name>
          <Parent>
            <Ref id="ITF51" xmlns="" />
          </Parent>
        </Code>
        <Code id="076031" urn="urn:sdmx:org.sdmx.infomodel.codelist.Code=IT1:CL_REFAREA(1.2).076031">
          <Name xml:lang="it" xmlns="http://www.sdmx.org/resources/sdmxml/schemas/v2_1/common">Fardella</Name>
          <Name xml:lang="en" xmlns="http://www.sdmx.org/resources/sdmxml/schemas/v2_1/common">Fardella</Name>
          <Parent>
            <Ref id="ITF51" xmlns="" />
          </Parent>
        </Code>
        <Code id="076032" urn="urn:sdmx:org.sdmx.infomodel.codelist.Code=IT1:CL_REFAREA(1.2).076032">
          <Name xml:lang="it" xmlns="http://www.sdmx.org/resources/sdmxml/schemas/v2_1/common">Filiano</Name>
          <Name xml:lang="en" xmlns="http://www.sdmx.org/resources/sdmxml/schemas/v2_1/common">Filiano</Name>
          <Parent>
            <Ref id="ITF51" xmlns="" />
          </Parent>
        </Code>
        <Code id="076033" urn="urn:sdmx:org.sdmx.infomodel.codelist.Code=IT1:CL_REFAREA(1.2).076033">
          <Name xml:lang="it" xmlns="http://www.sdmx.org/resources/sdmxml/schemas/v2_1/common">Forenza</Name>
          <Name xml:lang="en" xmlns="http://www.sdmx.org/resources/sdmxml/schemas/v2_1/common">Forenza</Name>
          <Parent>
            <Ref id="ITF51" xmlns="" />
          </Parent>
        </Code>
        <Code id="076034" urn="urn:sdmx:org.sdmx.infomodel.codelist.Code=IT1:CL_REFAREA(1.2).076034">
          <Name xml:lang="it" xmlns="http://www.sdmx.org/resources/sdmxml/schemas/v2_1/common">Francavilla in Sinni</Name>
          <Name xml:lang="en" xmlns="http://www.sdmx.org/resources/sdmxml/schemas/v2_1/common">Francavilla in Sinni</Name>
          <Parent>
            <Ref id="ITF51" xmlns="" />
          </Parent>
        </Code>
        <Code id="076035" urn="urn:sdmx:org.sdmx.infomodel.codelist.Code=IT1:CL_REFAREA(1.2).076035">
          <Name xml:lang="it" xmlns="http://www.sdmx.org/resources/sdmxml/schemas/v2_1/common">Gallicchio</Name>
          <Name xml:lang="en" xmlns="http://www.sdmx.org/resources/sdmxml/schemas/v2_1/common">Gallicchio</Name>
          <Parent>
            <Ref id="ITF51" xmlns="" />
          </Parent>
        </Code>
        <Code id="076036" urn="urn:sdmx:org.sdmx.infomodel.codelist.Code=IT1:CL_REFAREA(1.2).076036">
          <Name xml:lang="it" xmlns="http://www.sdmx.org/resources/sdmxml/schemas/v2_1/common">Genzano di Lucania</Name>
          <Name xml:lang="en" xmlns="http://www.sdmx.org/resources/sdmxml/schemas/v2_1/common">Genzano di Lucania</Name>
          <Parent>
            <Ref id="ITF51" xmlns="" />
          </Parent>
        </Code>
        <Code id="076037" urn="urn:sdmx:org.sdmx.infomodel.codelist.Code=IT1:CL_REFAREA(1.2).076037">
          <Name xml:lang="it" xmlns="http://www.sdmx.org/resources/sdmxml/schemas/v2_1/common">Grumento Nova</Name>
          <Name xml:lang="en" xmlns="http://www.sdmx.org/resources/sdmxml/schemas/v2_1/common">Grumento Nova</Name>
          <Parent>
            <Ref id="ITF51" xmlns="" />
          </Parent>
        </Code>
        <Code id="076038" urn="urn:sdmx:org.sdmx.infomodel.codelist.Code=IT1:CL_REFAREA(1.2).076038">
          <Name xml:lang="it" xmlns="http://www.sdmx.org/resources/sdmxml/schemas/v2_1/common">Guardia Perticara</Name>
          <Name xml:lang="en" xmlns="http://www.sdmx.org/resources/sdmxml/schemas/v2_1/common">Guardia Perticara</Name>
          <Parent>
            <Ref id="ITF51" xmlns="" />
          </Parent>
        </Code>
        <Code id="076039" urn="urn:sdmx:org.sdmx.infomodel.codelist.Code=IT1:CL_REFAREA(1.2).076039">
          <Name xml:lang="it" xmlns="http://www.sdmx.org/resources/sdmxml/schemas/v2_1/common">Lagonegro</Name>
          <Name xml:lang="en" xmlns="http://www.sdmx.org/resources/sdmxml/schemas/v2_1/common">Lagonegro</Name>
          <Parent>
            <Ref id="ITF51" xmlns="" />
          </Parent>
        </Code>
        <Code id="076040" urn="urn:sdmx:org.sdmx.infomodel.codelist.Code=IT1:CL_REFAREA(1.2).076040">
          <Name xml:lang="it" xmlns="http://www.sdmx.org/resources/sdmxml/schemas/v2_1/common">Latronico</Name>
          <Name xml:lang="en" xmlns="http://www.sdmx.org/resources/sdmxml/schemas/v2_1/common">Latronico</Name>
          <Parent>
            <Ref id="ITF51" xmlns="" />
          </Parent>
        </Code>
        <Code id="076041" urn="urn:sdmx:org.sdmx.infomodel.codelist.Code=IT1:CL_REFAREA(1.2).076041">
          <Name xml:lang="it" xmlns="http://www.sdmx.org/resources/sdmxml/schemas/v2_1/common">Laurenzana</Name>
          <Name xml:lang="en" xmlns="http://www.sdmx.org/resources/sdmxml/schemas/v2_1/common">Laurenzana</Name>
          <Parent>
            <Ref id="ITF51" xmlns="" />
          </Parent>
        </Code>
        <Code id="076042" urn="urn:sdmx:org.sdmx.infomodel.codelist.Code=IT1:CL_REFAREA(1.2).076042">
          <Name xml:lang="it" xmlns="http://www.sdmx.org/resources/sdmxml/schemas/v2_1/common">Lauria</Name>
          <Name xml:lang="en" xmlns="http://www.sdmx.org/resources/sdmxml/schemas/v2_1/common">Lauria</Name>
          <Parent>
            <Ref id="ITF51" xmlns="" />
          </Parent>
        </Code>
        <Code id="076043" urn="urn:sdmx:org.sdmx.infomodel.codelist.Code=IT1:CL_REFAREA(1.2).076043">
          <Name xml:lang="it" xmlns="http://www.sdmx.org/resources/sdmxml/schemas/v2_1/common">Lavello</Name>
          <Name xml:lang="en" xmlns="http://www.sdmx.org/resources/sdmxml/schemas/v2_1/common">Lavello</Name>
          <Parent>
            <Ref id="ITF51" xmlns="" />
          </Parent>
        </Code>
        <Code id="076044" urn="urn:sdmx:org.sdmx.infomodel.codelist.Code=IT1:CL_REFAREA(1.2).076044">
          <Name xml:lang="it" xmlns="http://www.sdmx.org/resources/sdmxml/schemas/v2_1/common">Maratea</Name>
          <Name xml:lang="en" xmlns="http://www.sdmx.org/resources/sdmxml/schemas/v2_1/common">Maratea</Name>
          <Parent>
            <Ref id="ITF51" xmlns="" />
          </Parent>
        </Code>
        <Code id="076045" urn="urn:sdmx:org.sdmx.infomodel.codelist.Code=IT1:CL_REFAREA(1.2).076045">
          <Name xml:lang="it" xmlns="http://www.sdmx.org/resources/sdmxml/schemas/v2_1/common">Marsico Nuovo</Name>
          <Name xml:lang="en" xmlns="http://www.sdmx.org/resources/sdmxml/schemas/v2_1/common">Marsico Nuovo</Name>
          <Parent>
            <Ref id="ITF51" xmlns="" />
          </Parent>
        </Code>
        <Code id="076046" urn="urn:sdmx:org.sdmx.infomodel.codelist.Code=IT1:CL_REFAREA(1.2).076046">
          <Name xml:lang="it" xmlns="http://www.sdmx.org/resources/sdmxml/schemas/v2_1/common">Marsicovetere</Name>
          <Name xml:lang="en" xmlns="http://www.sdmx.org/resources/sdmxml/schemas/v2_1/common">Marsicovetere</Name>
          <Parent>
            <Ref id="ITF51" xmlns="" />
          </Parent>
        </Code>
        <Code id="076047" urn="urn:sdmx:org.sdmx.infomodel.codelist.Code=IT1:CL_REFAREA(1.2).076047">
          <Name xml:lang="it" xmlns="http://www.sdmx.org/resources/sdmxml/schemas/v2_1/common">Maschito</Name>
          <Name xml:lang="en" xmlns="http://www.sdmx.org/resources/sdmxml/schemas/v2_1/common">Maschito</Name>
          <Parent>
            <Ref id="ITF51" xmlns="" />
          </Parent>
        </Code>
        <Code id="076048" urn="urn:sdmx:org.sdmx.infomodel.codelist.Code=IT1:CL_REFAREA(1.2).076048">
          <Name xml:lang="it" xmlns="http://www.sdmx.org/resources/sdmxml/schemas/v2_1/common">Melfi</Name>
          <Name xml:lang="en" xmlns="http://www.sdmx.org/resources/sdmxml/schemas/v2_1/common">Melfi</Name>
          <Parent>
            <Ref id="ITF51" xmlns="" />
          </Parent>
        </Code>
        <Code id="076049" urn="urn:sdmx:org.sdmx.infomodel.codelist.Code=IT1:CL_REFAREA(1.2).076049">
          <Name xml:lang="it" xmlns="http://www.sdmx.org/resources/sdmxml/schemas/v2_1/common">Missanello</Name>
          <Name xml:lang="en" xmlns="http://www.sdmx.org/resources/sdmxml/schemas/v2_1/common">Missanello</Name>
          <Parent>
            <Ref id="ITF51" xmlns="" />
          </Parent>
        </Code>
        <Code id="076050" urn="urn:sdmx:org.sdmx.infomodel.codelist.Code=IT1:CL_REFAREA(1.2).076050">
          <Name xml:lang="it" xmlns="http://www.sdmx.org/resources/sdmxml/schemas/v2_1/common">Moliterno</Name>
          <Name xml:lang="en" xmlns="http://www.sdmx.org/resources/sdmxml/schemas/v2_1/common">Moliterno</Name>
          <Parent>
            <Ref id="ITF51" xmlns="" />
          </Parent>
        </Code>
        <Code id="076051" urn="urn:sdmx:org.sdmx.infomodel.codelist.Code=IT1:CL_REFAREA(1.2).076051">
          <Name xml:lang="it" xmlns="http://www.sdmx.org/resources/sdmxml/schemas/v2_1/common">Montemilone</Name>
          <Name xml:lang="en" xmlns="http://www.sdmx.org/resources/sdmxml/schemas/v2_1/common">Montemilone</Name>
          <Parent>
            <Ref id="ITF51" xmlns="" />
          </Parent>
        </Code>
        <Code id="076052" urn="urn:sdmx:org.sdmx.infomodel.codelist.Code=IT1:CL_REFAREA(1.2).076052">
          <Name xml:lang="it" xmlns="http://www.sdmx.org/resources/sdmxml/schemas/v2_1/common">Montemurro</Name>
          <Name xml:lang="en" xmlns="http://www.sdmx.org/resources/sdmxml/schemas/v2_1/common">Montemurro</Name>
          <Parent>
            <Ref id="ITF51" xmlns="" />
          </Parent>
        </Code>
        <Code id="076053" urn="urn:sdmx:org.sdmx.infomodel.codelist.Code=IT1:CL_REFAREA(1.2).076053">
          <Name xml:lang="it" xmlns="http://www.sdmx.org/resources/sdmxml/schemas/v2_1/common">Muro Lucano</Name>
          <Name xml:lang="en" xmlns="http://www.sdmx.org/resources/sdmxml/schemas/v2_1/common">Muro Lucano</Name>
          <Parent>
            <Ref id="ITF51" xmlns="" />
          </Parent>
        </Code>
        <Code id="076054" urn="urn:sdmx:org.sdmx.infomodel.codelist.Code=IT1:CL_REFAREA(1.2).076054">
          <Name xml:lang="it" xmlns="http://www.sdmx.org/resources/sdmxml/schemas/v2_1/common">Nemoli</Name>
          <Name xml:lang="en" xmlns="http://www.sdmx.org/resources/sdmxml/schemas/v2_1/common">Nemoli</Name>
          <Parent>
            <Ref id="ITF51" xmlns="" />
          </Parent>
        </Code>
        <Code id="076055" urn="urn:sdmx:org.sdmx.infomodel.codelist.Code=IT1:CL_REFAREA(1.2).076055">
          <Name xml:lang="it" xmlns="http://www.sdmx.org/resources/sdmxml/schemas/v2_1/common">Noepoli</Name>
          <Name xml:lang="en" xmlns="http://www.sdmx.org/resources/sdmxml/schemas/v2_1/common">Noepoli</Name>
          <Parent>
            <Ref id="ITF51" xmlns="" />
          </Parent>
        </Code>
        <Code id="076056" urn="urn:sdmx:org.sdmx.infomodel.codelist.Code=IT1:CL_REFAREA(1.2).076056">
          <Name xml:lang="it" xmlns="http://www.sdmx.org/resources/sdmxml/schemas/v2_1/common">Oppido Lucano</Name>
          <Name xml:lang="en" xmlns="http://www.sdmx.org/resources/sdmxml/schemas/v2_1/common">Oppido Lucano</Name>
          <Parent>
            <Ref id="ITF51" xmlns="" />
          </Parent>
        </Code>
        <Code id="076057" urn="urn:sdmx:org.sdmx.infomodel.codelist.Code=IT1:CL_REFAREA(1.2).076057">
          <Name xml:lang="it" xmlns="http://www.sdmx.org/resources/sdmxml/schemas/v2_1/common">Palazzo San Gervasio</Name>
          <Name xml:lang="en" xmlns="http://www.sdmx.org/resources/sdmxml/schemas/v2_1/common">Palazzo San Gervasio</Name>
          <Parent>
            <Ref id="ITF51" xmlns="" />
          </Parent>
        </Code>
        <Code id="076058" urn="urn:sdmx:org.sdmx.infomodel.codelist.Code=IT1:CL_REFAREA(1.2).076058">
          <Name xml:lang="it" xmlns="http://www.sdmx.org/resources/sdmxml/schemas/v2_1/common">Pescopagano</Name>
          <Name xml:lang="en" xmlns="http://www.sdmx.org/resources/sdmxml/schemas/v2_1/common">Pescopagano</Name>
          <Parent>
            <Ref id="ITF51" xmlns="" />
          </Parent>
        </Code>
        <Code id="076059" urn="urn:sdmx:org.sdmx.infomodel.codelist.Code=IT1:CL_REFAREA(1.2).076059">
          <Name xml:lang="it" xmlns="http://www.sdmx.org/resources/sdmxml/schemas/v2_1/common">Picerno</Name>
          <Name xml:lang="en" xmlns="http://www.sdmx.org/resources/sdmxml/schemas/v2_1/common">Picerno</Name>
          <Parent>
            <Ref id="ITF51" xmlns="" />
          </Parent>
        </Code>
        <Code id="076060" urn="urn:sdmx:org.sdmx.infomodel.codelist.Code=IT1:CL_REFAREA(1.2).076060">
          <Name xml:lang="it" xmlns="http://www.sdmx.org/resources/sdmxml/schemas/v2_1/common">Pietragalla</Name>
          <Name xml:lang="en" xmlns="http://www.sdmx.org/resources/sdmxml/schemas/v2_1/common">Pietragalla</Name>
          <Parent>
            <Ref id="ITF51" xmlns="" />
          </Parent>
        </Code>
        <Code id="076061" urn="urn:sdmx:org.sdmx.infomodel.codelist.Code=IT1:CL_REFAREA(1.2).076061">
          <Name xml:lang="it" xmlns="http://www.sdmx.org/resources/sdmxml/schemas/v2_1/common">Pietrapertosa</Name>
          <Name xml:lang="en" xmlns="http://www.sdmx.org/resources/sdmxml/schemas/v2_1/common">Pietrapertosa</Name>
          <Parent>
            <Ref id="ITF51" xmlns="" />
          </Parent>
        </Code>
        <Code id="076062" urn="urn:sdmx:org.sdmx.infomodel.codelist.Code=IT1:CL_REFAREA(1.2).076062">
          <Name xml:lang="it" xmlns="http://www.sdmx.org/resources/sdmxml/schemas/v2_1/common">Pignola</Name>
          <Name xml:lang="en" xmlns="http://www.sdmx.org/resources/sdmxml/schemas/v2_1/common">Pignola</Name>
          <Parent>
            <Ref id="ITF51" xmlns="" />
          </Parent>
        </Code>
        <Code id="076063" urn="urn:sdmx:org.sdmx.infomodel.codelist.Code=IT1:CL_REFAREA(1.2).076063">
          <Name xml:lang="it" xmlns="http://www.sdmx.org/resources/sdmxml/schemas/v2_1/common">Potenza</Name>
          <Name xml:lang="en" xmlns="http://www.sdmx.org/resources/sdmxml/schemas/v2_1/common">Potenza</Name>
          <Parent>
            <Ref id="ITF51" xmlns="" />
          </Parent>
        </Code>
        <Code id="076064" urn="urn:sdmx:org.sdmx.infomodel.codelist.Code=IT1:CL_REFAREA(1.2).076064">
          <Name xml:lang="it" xmlns="http://www.sdmx.org/resources/sdmxml/schemas/v2_1/common">Rapolla</Name>
          <Name xml:lang="en" xmlns="http://www.sdmx.org/resources/sdmxml/schemas/v2_1/common">Rapolla</Name>
          <Parent>
            <Ref id="ITF51" xmlns="" />
          </Parent>
        </Code>
        <Code id="076065" urn="urn:sdmx:org.sdmx.infomodel.codelist.Code=IT1:CL_REFAREA(1.2).076065">
          <Name xml:lang="it" xmlns="http://www.sdmx.org/resources/sdmxml/schemas/v2_1/common">Rapone</Name>
          <Name xml:lang="en" xmlns="http://www.sdmx.org/resources/sdmxml/schemas/v2_1/common">Rapone</Name>
          <Parent>
            <Ref id="ITF51" xmlns="" />
          </Parent>
        </Code>
        <Code id="076066" urn="urn:sdmx:org.sdmx.infomodel.codelist.Code=IT1:CL_REFAREA(1.2).076066">
          <Name xml:lang="it" xmlns="http://www.sdmx.org/resources/sdmxml/schemas/v2_1/common">Rionero in Vulture</Name>
          <Name xml:lang="en" xmlns="http://www.sdmx.org/resources/sdmxml/schemas/v2_1/common">Rionero in Vulture</Name>
          <Parent>
            <Ref id="ITF51" xmlns="" />
          </Parent>
        </Code>
        <Code id="076067" urn="urn:sdmx:org.sdmx.infomodel.codelist.Code=IT1:CL_REFAREA(1.2).076067">
          <Name xml:lang="it" xmlns="http://www.sdmx.org/resources/sdmxml/schemas/v2_1/common">Ripacandida</Name>
          <Name xml:lang="en" xmlns="http://www.sdmx.org/resources/sdmxml/schemas/v2_1/common">Ripacandida</Name>
          <Parent>
            <Ref id="ITF51" xmlns="" />
          </Parent>
        </Code>
        <Code id="076068" urn="urn:sdmx:org.sdmx.infomodel.codelist.Code=IT1:CL_REFAREA(1.2).076068">
          <Name xml:lang="it" xmlns="http://www.sdmx.org/resources/sdmxml/schemas/v2_1/common">Rivello</Name>
          <Name xml:lang="en" xmlns="http://www.sdmx.org/resources/sdmxml/schemas/v2_1/common">Rivello</Name>
          <Parent>
            <Ref id="ITF51" xmlns="" />
          </Parent>
        </Code>
        <Code id="076069" urn="urn:sdmx:org.sdmx.infomodel.codelist.Code=IT1:CL_REFAREA(1.2).076069">
          <Name xml:lang="it" xmlns="http://www.sdmx.org/resources/sdmxml/schemas/v2_1/common">Roccanova</Name>
          <Name xml:lang="en" xmlns="http://www.sdmx.org/resources/sdmxml/schemas/v2_1/common">Roccanova</Name>
          <Parent>
            <Ref id="ITF51" xmlns="" />
          </Parent>
        </Code>
        <Code id="076070" urn="urn:sdmx:org.sdmx.infomodel.codelist.Code=IT1:CL_REFAREA(1.2).076070">
          <Name xml:lang="it" xmlns="http://www.sdmx.org/resources/sdmxml/schemas/v2_1/common">Rotonda</Name>
          <Name xml:lang="en" xmlns="http://www.sdmx.org/resources/sdmxml/schemas/v2_1/common">Rotonda</Name>
          <Parent>
            <Ref id="ITF51" xmlns="" />
          </Parent>
        </Code>
        <Code id="076071" urn="urn:sdmx:org.sdmx.infomodel.codelist.Code=IT1:CL_REFAREA(1.2).076071">
          <Name xml:lang="it" xmlns="http://www.sdmx.org/resources/sdmxml/schemas/v2_1/common">Ruoti</Name>
          <Name xml:lang="en" xmlns="http://www.sdmx.org/resources/sdmxml/schemas/v2_1/common">Ruoti</Name>
          <Parent>
            <Ref id="ITF51" xmlns="" />
          </Parent>
        </Code>
        <Code id="076072" urn="urn:sdmx:org.sdmx.infomodel.codelist.Code=IT1:CL_REFAREA(1.2).076072">
          <Name xml:lang="it" xmlns="http://www.sdmx.org/resources/sdmxml/schemas/v2_1/common">Ruvo del Monte</Name>
          <Name xml:lang="en" xmlns="http://www.sdmx.org/resources/sdmxml/schemas/v2_1/common">Ruvo del Monte</Name>
          <Parent>
            <Ref id="ITF51" xmlns="" />
          </Parent>
        </Code>
        <Code id="076073" urn="urn:sdmx:org.sdmx.infomodel.codelist.Code=IT1:CL_REFAREA(1.2).076073">
          <Name xml:lang="it" xmlns="http://www.sdmx.org/resources/sdmxml/schemas/v2_1/common">San Chirico Nuovo</Name>
          <Name xml:lang="en" xmlns="http://www.sdmx.org/resources/sdmxml/schemas/v2_1/common">San Chirico Nuovo</Name>
          <Parent>
            <Ref id="ITF51" xmlns="" />
          </Parent>
        </Code>
        <Code id="076074" urn="urn:sdmx:org.sdmx.infomodel.codelist.Code=IT1:CL_REFAREA(1.2).076074">
          <Name xml:lang="it" xmlns="http://www.sdmx.org/resources/sdmxml/schemas/v2_1/common">San Chirico Raparo</Name>
          <Name xml:lang="en" xmlns="http://www.sdmx.org/resources/sdmxml/schemas/v2_1/common">San Chirico Raparo</Name>
          <Parent>
            <Ref id="ITF51" xmlns="" />
          </Parent>
        </Code>
        <Code id="076075" urn="urn:sdmx:org.sdmx.infomodel.codelist.Code=IT1:CL_REFAREA(1.2).076075">
          <Name xml:lang="it" xmlns="http://www.sdmx.org/resources/sdmxml/schemas/v2_1/common">San Costantino Albanese</Name>
          <Name xml:lang="en" xmlns="http://www.sdmx.org/resources/sdmxml/schemas/v2_1/common">San Costantino Albanese</Name>
          <Parent>
            <Ref id="ITF51" xmlns="" />
          </Parent>
        </Code>
        <Code id="076076" urn="urn:sdmx:org.sdmx.infomodel.codelist.Code=IT1:CL_REFAREA(1.2).076076">
          <Name xml:lang="it" xmlns="http://www.sdmx.org/resources/sdmxml/schemas/v2_1/common">San Fele</Name>
          <Name xml:lang="en" xmlns="http://www.sdmx.org/resources/sdmxml/schemas/v2_1/common">San Fele</Name>
          <Parent>
            <Ref id="ITF51" xmlns="" />
          </Parent>
        </Code>
        <Code id="076077" urn="urn:sdmx:org.sdmx.infomodel.codelist.Code=IT1:CL_REFAREA(1.2).076077">
          <Name xml:lang="it" xmlns="http://www.sdmx.org/resources/sdmxml/schemas/v2_1/common">San Martino d'Agri</Name>
          <Name xml:lang="en" xmlns="http://www.sdmx.org/resources/sdmxml/schemas/v2_1/common">San Martino d'Agri</Name>
          <Parent>
            <Ref id="ITF51" xmlns="" />
          </Parent>
        </Code>
        <Code id="076078" urn="urn:sdmx:org.sdmx.infomodel.codelist.Code=IT1:CL_REFAREA(1.2).076078">
          <Name xml:lang="it" xmlns="http://www.sdmx.org/resources/sdmxml/schemas/v2_1/common">San Severino Lucano</Name>
          <Name xml:lang="en" xmlns="http://www.sdmx.org/resources/sdmxml/schemas/v2_1/common">San Severino Lucano</Name>
          <Parent>
            <Ref id="ITF51" xmlns="" />
          </Parent>
        </Code>
        <Code id="076079" urn="urn:sdmx:org.sdmx.infomodel.codelist.Code=IT1:CL_REFAREA(1.2).076079">
          <Name xml:lang="it" xmlns="http://www.sdmx.org/resources/sdmxml/schemas/v2_1/common">Sant'Angelo Le Fratte</Name>
          <Name xml:lang="en" xmlns="http://www.sdmx.org/resources/sdmxml/schemas/v2_1/common">Sant'Angelo Le Fratte</Name>
          <Parent>
            <Ref id="ITF51" xmlns="" />
          </Parent>
        </Code>
        <Code id="076080" urn="urn:sdmx:org.sdmx.infomodel.codelist.Code=IT1:CL_REFAREA(1.2).076080">
          <Name xml:lang="it" xmlns="http://www.sdmx.org/resources/sdmxml/schemas/v2_1/common">Sant'Arcangelo</Name>
          <Name xml:lang="en" xmlns="http://www.sdmx.org/resources/sdmxml/schemas/v2_1/common">Sant'Arcangelo</Name>
          <Parent>
            <Ref id="ITF51" xmlns="" />
          </Parent>
        </Code>
        <Code id="076081" urn="urn:sdmx:org.sdmx.infomodel.codelist.Code=IT1:CL_REFAREA(1.2).076081">
          <Name xml:lang="it" xmlns="http://www.sdmx.org/resources/sdmxml/schemas/v2_1/common">Sarconi</Name>
          <Name xml:lang="en" xmlns="http://www.sdmx.org/resources/sdmxml/schemas/v2_1/common">Sarconi</Name>
          <Parent>
            <Ref id="ITF51" xmlns="" />
          </Parent>
        </Code>
        <Code id="076082" urn="urn:sdmx:org.sdmx.infomodel.codelist.Code=IT1:CL_REFAREA(1.2).076082">
          <Name xml:lang="it" xmlns="http://www.sdmx.org/resources/sdmxml/schemas/v2_1/common">Sasso di Castalda</Name>
          <Name xml:lang="en" xmlns="http://www.sdmx.org/resources/sdmxml/schemas/v2_1/common">Sasso di Castalda</Name>
          <Parent>
            <Ref id="ITF51" xmlns="" />
          </Parent>
        </Code>
        <Code id="076083" urn="urn:sdmx:org.sdmx.infomodel.codelist.Code=IT1:CL_REFAREA(1.2).076083">
          <Name xml:lang="it" xmlns="http://www.sdmx.org/resources/sdmxml/schemas/v2_1/common">Satriano di Lucania</Name>
          <Name xml:lang="en" xmlns="http://www.sdmx.org/resources/sdmxml/schemas/v2_1/common">Satriano di Lucania</Name>
          <Parent>
            <Ref id="ITF51" xmlns="" />
          </Parent>
        </Code>
        <Code id="076084" urn="urn:sdmx:org.sdmx.infomodel.codelist.Code=IT1:CL_REFAREA(1.2).076084">
          <Name xml:lang="it" xmlns="http://www.sdmx.org/resources/sdmxml/schemas/v2_1/common">Savoia di Lucania</Name>
          <Name xml:lang="en" xmlns="http://www.sdmx.org/resources/sdmxml/schemas/v2_1/common">Savoia di Lucania</Name>
          <Parent>
            <Ref id="ITF51" xmlns="" />
          </Parent>
        </Code>
        <Code id="076085" urn="urn:sdmx:org.sdmx.infomodel.codelist.Code=IT1:CL_REFAREA(1.2).076085">
          <Name xml:lang="it" xmlns="http://www.sdmx.org/resources/sdmxml/schemas/v2_1/common">Senise</Name>
          <Name xml:lang="en" xmlns="http://www.sdmx.org/resources/sdmxml/schemas/v2_1/common">Senise</Name>
          <Parent>
            <Ref id="ITF51" xmlns="" />
          </Parent>
        </Code>
        <Code id="076086" urn="urn:sdmx:org.sdmx.infomodel.codelist.Code=IT1:CL_REFAREA(1.2).076086">
          <Name xml:lang="it" xmlns="http://www.sdmx.org/resources/sdmxml/schemas/v2_1/common">Spinoso</Name>
          <Name xml:lang="en" xmlns="http://www.sdmx.org/resources/sdmxml/schemas/v2_1/common">Spinoso</Name>
          <Parent>
            <Ref id="ITF51" xmlns="" />
          </Parent>
        </Code>
        <Code id="076087" urn="urn:sdmx:org.sdmx.infomodel.codelist.Code=IT1:CL_REFAREA(1.2).076087">
          <Name xml:lang="it" xmlns="http://www.sdmx.org/resources/sdmxml/schemas/v2_1/common">Teana</Name>
          <Name xml:lang="en" xmlns="http://www.sdmx.org/resources/sdmxml/schemas/v2_1/common">Teana</Name>
          <Parent>
            <Ref id="ITF51" xmlns="" />
          </Parent>
        </Code>
        <Code id="076088" urn="urn:sdmx:org.sdmx.infomodel.codelist.Code=IT1:CL_REFAREA(1.2).076088">
          <Name xml:lang="it" xmlns="http://www.sdmx.org/resources/sdmxml/schemas/v2_1/common">Terranova di Pollino</Name>
          <Name xml:lang="en" xmlns="http://www.sdmx.org/resources/sdmxml/schemas/v2_1/common">Terranova di Pollino</Name>
          <Parent>
            <Ref id="ITF51" xmlns="" />
          </Parent>
        </Code>
        <Code id="076089" urn="urn:sdmx:org.sdmx.infomodel.codelist.Code=IT1:CL_REFAREA(1.2).076089">
          <Name xml:lang="it" xmlns="http://www.sdmx.org/resources/sdmxml/schemas/v2_1/common">Tito</Name>
          <Name xml:lang="en" xmlns="http://www.sdmx.org/resources/sdmxml/schemas/v2_1/common">Tito</Name>
          <Parent>
            <Ref id="ITF51" xmlns="" />
          </Parent>
        </Code>
        <Code id="076090" urn="urn:sdmx:org.sdmx.infomodel.codelist.Code=IT1:CL_REFAREA(1.2).076090">
          <Name xml:lang="it" xmlns="http://www.sdmx.org/resources/sdmxml/schemas/v2_1/common">Tolve</Name>
          <Name xml:lang="en" xmlns="http://www.sdmx.org/resources/sdmxml/schemas/v2_1/common">Tolve</Name>
          <Parent>
            <Ref id="ITF51" xmlns="" />
          </Parent>
        </Code>
        <Code id="076091" urn="urn:sdmx:org.sdmx.infomodel.codelist.Code=IT1:CL_REFAREA(1.2).076091">
          <Name xml:lang="it" xmlns="http://www.sdmx.org/resources/sdmxml/schemas/v2_1/common">Tramutola</Name>
          <Name xml:lang="en" xmlns="http://www.sdmx.org/resources/sdmxml/schemas/v2_1/common">Tramutola</Name>
          <Parent>
            <Ref id="ITF51" xmlns="" />
          </Parent>
        </Code>
        <Code id="076092" urn="urn:sdmx:org.sdmx.infomodel.codelist.Code=IT1:CL_REFAREA(1.2).076092">
          <Name xml:lang="it" xmlns="http://www.sdmx.org/resources/sdmxml/schemas/v2_1/common">Trecchina</Name>
          <Name xml:lang="en" xmlns="http://www.sdmx.org/resources/sdmxml/schemas/v2_1/common">Trecchina</Name>
          <Parent>
            <Ref id="ITF51" xmlns="" />
          </Parent>
        </Code>
        <Code id="076093" urn="urn:sdmx:org.sdmx.infomodel.codelist.Code=IT1:CL_REFAREA(1.2).076093">
          <Name xml:lang="it" xmlns="http://www.sdmx.org/resources/sdmxml/schemas/v2_1/common">Trivigno</Name>
          <Name xml:lang="en" xmlns="http://www.sdmx.org/resources/sdmxml/schemas/v2_1/common">Trivigno</Name>
          <Parent>
            <Ref id="ITF51" xmlns="" />
          </Parent>
        </Code>
        <Code id="076094" urn="urn:sdmx:org.sdmx.infomodel.codelist.Code=IT1:CL_REFAREA(1.2).076094">
          <Name xml:lang="it" xmlns="http://www.sdmx.org/resources/sdmxml/schemas/v2_1/common">Vaglio Basilicata</Name>
          <Name xml:lang="en" xmlns="http://www.sdmx.org/resources/sdmxml/schemas/v2_1/common">Vaglio Basilicata</Name>
          <Parent>
            <Ref id="ITF51" xmlns="" />
          </Parent>
        </Code>
        <Code id="076095" urn="urn:sdmx:org.sdmx.infomodel.codelist.Code=IT1:CL_REFAREA(1.2).076095">
          <Name xml:lang="it" xmlns="http://www.sdmx.org/resources/sdmxml/schemas/v2_1/common">Venosa</Name>
          <Name xml:lang="en" xmlns="http://www.sdmx.org/resources/sdmxml/schemas/v2_1/common">Venosa</Name>
          <Parent>
            <Ref id="ITF51" xmlns="" />
          </Parent>
        </Code>
        <Code id="076096" urn="urn:sdmx:org.sdmx.infomodel.codelist.Code=IT1:CL_REFAREA(1.2).076096">
          <Name xml:lang="it" xmlns="http://www.sdmx.org/resources/sdmxml/schemas/v2_1/common">Vietri di Potenza</Name>
          <Name xml:lang="en" xmlns="http://www.sdmx.org/resources/sdmxml/schemas/v2_1/common">Vietri di Potenza</Name>
          <Parent>
            <Ref id="ITF51" xmlns="" />
          </Parent>
        </Code>
        <Code id="076097" urn="urn:sdmx:org.sdmx.infomodel.codelist.Code=IT1:CL_REFAREA(1.2).076097">
          <Name xml:lang="it" xmlns="http://www.sdmx.org/resources/sdmxml/schemas/v2_1/common">Viggianello</Name>
          <Name xml:lang="en" xmlns="http://www.sdmx.org/resources/sdmxml/schemas/v2_1/common">Viggianello</Name>
          <Parent>
            <Ref id="ITF51" xmlns="" />
          </Parent>
        </Code>
        <Code id="076098" urn="urn:sdmx:org.sdmx.infomodel.codelist.Code=IT1:CL_REFAREA(1.2).076098">
          <Name xml:lang="it" xmlns="http://www.sdmx.org/resources/sdmxml/schemas/v2_1/common">Viggiano</Name>
          <Name xml:lang="en" xmlns="http://www.sdmx.org/resources/sdmxml/schemas/v2_1/common">Viggiano</Name>
          <Parent>
            <Ref id="ITF51" xmlns="" />
          </Parent>
        </Code>
        <Code id="076099" urn="urn:sdmx:org.sdmx.infomodel.codelist.Code=IT1:CL_REFAREA(1.2).076099">
          <Name xml:lang="it" xmlns="http://www.sdmx.org/resources/sdmxml/schemas/v2_1/common">Ginestra</Name>
          <Name xml:lang="en" xmlns="http://www.sdmx.org/resources/sdmxml/schemas/v2_1/common">Ginestra</Name>
          <Parent>
            <Ref id="ITF51" xmlns="" />
          </Parent>
        </Code>
        <Code id="076100" urn="urn:sdmx:org.sdmx.infomodel.codelist.Code=IT1:CL_REFAREA(1.2).076100">
          <Name xml:lang="it" xmlns="http://www.sdmx.org/resources/sdmxml/schemas/v2_1/common">Paterno</Name>
          <Name xml:lang="en" xmlns="http://www.sdmx.org/resources/sdmxml/schemas/v2_1/common">Paterno</Name>
          <Parent>
            <Ref id="ITF51" xmlns="" />
          </Parent>
        </Code>
        <Code id="077001" urn="urn:sdmx:org.sdmx.infomodel.codelist.Code=IT1:CL_REFAREA(1.2).077001">
          <Name xml:lang="it" xmlns="http://www.sdmx.org/resources/sdmxml/schemas/v2_1/common">Accettura</Name>
          <Name xml:lang="en" xmlns="http://www.sdmx.org/resources/sdmxml/schemas/v2_1/common">Accettura</Name>
          <Parent>
            <Ref id="ITF52" xmlns="" />
          </Parent>
        </Code>
        <Code id="077002" urn="urn:sdmx:org.sdmx.infomodel.codelist.Code=IT1:CL_REFAREA(1.2).077002">
          <Name xml:lang="it" xmlns="http://www.sdmx.org/resources/sdmxml/schemas/v2_1/common">Aliano</Name>
          <Name xml:lang="en" xmlns="http://www.sdmx.org/resources/sdmxml/schemas/v2_1/common">Aliano</Name>
          <Parent>
            <Ref id="ITF52" xmlns="" />
          </Parent>
        </Code>
        <Code id="077003" urn="urn:sdmx:org.sdmx.infomodel.codelist.Code=IT1:CL_REFAREA(1.2).077003">
          <Name xml:lang="it" xmlns="http://www.sdmx.org/resources/sdmxml/schemas/v2_1/common">Bernalda</Name>
          <Name xml:lang="en" xmlns="http://www.sdmx.org/resources/sdmxml/schemas/v2_1/common">Bernalda</Name>
          <Parent>
            <Ref id="ITF52" xmlns="" />
          </Parent>
        </Code>
        <Code id="077004" urn="urn:sdmx:org.sdmx.infomodel.codelist.Code=IT1:CL_REFAREA(1.2).077004">
          <Name xml:lang="it" xmlns="http://www.sdmx.org/resources/sdmxml/schemas/v2_1/common">Calciano</Name>
          <Name xml:lang="en" xmlns="http://www.sdmx.org/resources/sdmxml/schemas/v2_1/common">Calciano</Name>
          <Parent>
            <Ref id="ITF52" xmlns="" />
          </Parent>
        </Code>
        <Code id="077005" urn="urn:sdmx:org.sdmx.infomodel.codelist.Code=IT1:CL_REFAREA(1.2).077005">
          <Name xml:lang="it" xmlns="http://www.sdmx.org/resources/sdmxml/schemas/v2_1/common">Cirigliano</Name>
          <Name xml:lang="en" xmlns="http://www.sdmx.org/resources/sdmxml/schemas/v2_1/common">Cirigliano</Name>
          <Parent>
            <Ref id="ITF52" xmlns="" />
          </Parent>
        </Code>
        <Code id="077006" urn="urn:sdmx:org.sdmx.infomodel.codelist.Code=IT1:CL_REFAREA(1.2).077006">
          <Name xml:lang="it" xmlns="http://www.sdmx.org/resources/sdmxml/schemas/v2_1/common">Colobraro</Name>
          <Name xml:lang="en" xmlns="http://www.sdmx.org/resources/sdmxml/schemas/v2_1/common">Colobraro</Name>
          <Parent>
            <Ref id="ITF52" xmlns="" />
          </Parent>
        </Code>
        <Code id="077007" urn="urn:sdmx:org.sdmx.infomodel.codelist.Code=IT1:CL_REFAREA(1.2).077007">
          <Name xml:lang="it" xmlns="http://www.sdmx.org/resources/sdmxml/schemas/v2_1/common">Craco</Name>
          <Name xml:lang="en" xmlns="http://www.sdmx.org/resources/sdmxml/schemas/v2_1/common">Craco</Name>
          <Parent>
            <Ref id="ITF52" xmlns="" />
          </Parent>
        </Code>
        <Code id="077008" urn="urn:sdmx:org.sdmx.infomodel.codelist.Code=IT1:CL_REFAREA(1.2).077008">
          <Name xml:lang="it" xmlns="http://www.sdmx.org/resources/sdmxml/schemas/v2_1/common">Ferrandina</Name>
          <Name xml:lang="en" xmlns="http://www.sdmx.org/resources/sdmxml/schemas/v2_1/common">Ferrandina</Name>
          <Parent>
            <Ref id="ITF52" xmlns="" />
          </Parent>
        </Code>
        <Code id="077009" urn="urn:sdmx:org.sdmx.infomodel.codelist.Code=IT1:CL_REFAREA(1.2).077009">
          <Name xml:lang="it" xmlns="http://www.sdmx.org/resources/sdmxml/schemas/v2_1/common">Garaguso</Name>
          <Name xml:lang="en" xmlns="http://www.sdmx.org/resources/sdmxml/schemas/v2_1/common">Garaguso</Name>
          <Parent>
            <Ref id="ITF52" xmlns="" />
          </Parent>
        </Code>
        <Code id="077010" urn="urn:sdmx:org.sdmx.infomodel.codelist.Code=IT1:CL_REFAREA(1.2).077010">
          <Name xml:lang="it" xmlns="http://www.sdmx.org/resources/sdmxml/schemas/v2_1/common">Gorgoglione</Name>
          <Name xml:lang="en" xmlns="http://www.sdmx.org/resources/sdmxml/schemas/v2_1/common">Gorgoglione</Name>
          <Parent>
            <Ref id="ITF52" xmlns="" />
          </Parent>
        </Code>
        <Code id="077011" urn="urn:sdmx:org.sdmx.infomodel.codelist.Code=IT1:CL_REFAREA(1.2).077011">
          <Name xml:lang="it" xmlns="http://www.sdmx.org/resources/sdmxml/schemas/v2_1/common">Grassano</Name>
          <Name xml:lang="en" xmlns="http://www.sdmx.org/resources/sdmxml/schemas/v2_1/common">Grassano</Name>
          <Parent>
            <Ref id="ITF52" xmlns="" />
          </Parent>
        </Code>
        <Code id="077012" urn="urn:sdmx:org.sdmx.infomodel.codelist.Code=IT1:CL_REFAREA(1.2).077012">
          <Name xml:lang="it" xmlns="http://www.sdmx.org/resources/sdmxml/schemas/v2_1/common">Grottole</Name>
          <Name xml:lang="en" xmlns="http://www.sdmx.org/resources/sdmxml/schemas/v2_1/common">Grottole</Name>
          <Parent>
            <Ref id="ITF52" xmlns="" />
          </Parent>
        </Code>
        <Code id="077013" urn="urn:sdmx:org.sdmx.infomodel.codelist.Code=IT1:CL_REFAREA(1.2).077013">
          <Name xml:lang="it" xmlns="http://www.sdmx.org/resources/sdmxml/schemas/v2_1/common">Irsina</Name>
          <Name xml:lang="en" xmlns="http://www.sdmx.org/resources/sdmxml/schemas/v2_1/common">Irsina</Name>
          <Parent>
            <Ref id="ITF52" xmlns="" />
          </Parent>
        </Code>
        <Code id="077014" urn="urn:sdmx:org.sdmx.infomodel.codelist.Code=IT1:CL_REFAREA(1.2).077014">
          <Name xml:lang="it" xmlns="http://www.sdmx.org/resources/sdmxml/schemas/v2_1/common">Matera</Name>
          <Name xml:lang="en" xmlns="http://www.sdmx.org/resources/sdmxml/schemas/v2_1/common">Matera</Name>
          <Parent>
            <Ref id="ITF52" xmlns="" />
          </Parent>
        </Code>
        <Code id="077015" urn="urn:sdmx:org.sdmx.infomodel.codelist.Code=IT1:CL_REFAREA(1.2).077015">
          <Name xml:lang="it" xmlns="http://www.sdmx.org/resources/sdmxml/schemas/v2_1/common">Miglionico</Name>
          <Name xml:lang="en" xmlns="http://www.sdmx.org/resources/sdmxml/schemas/v2_1/common">Miglionico</Name>
          <Parent>
            <Ref id="ITF52" xmlns="" />
          </Parent>
        </Code>
        <Code id="077016" urn="urn:sdmx:org.sdmx.infomodel.codelist.Code=IT1:CL_REFAREA(1.2).077016">
          <Name xml:lang="it" xmlns="http://www.sdmx.org/resources/sdmxml/schemas/v2_1/common">Montalbano Jonico</Name>
          <Name xml:lang="en" xmlns="http://www.sdmx.org/resources/sdmxml/schemas/v2_1/common">Montalbano Jonico</Name>
          <Parent>
            <Ref id="ITF52" xmlns="" />
          </Parent>
        </Code>
        <Code id="077017" urn="urn:sdmx:org.sdmx.infomodel.codelist.Code=IT1:CL_REFAREA(1.2).077017">
          <Name xml:lang="it" xmlns="http://www.sdmx.org/resources/sdmxml/schemas/v2_1/common">Montescaglioso</Name>
          <Name xml:lang="en" xmlns="http://www.sdmx.org/resources/sdmxml/schemas/v2_1/common">Montescaglioso</Name>
          <Parent>
            <Ref id="ITF52" xmlns="" />
          </Parent>
        </Code>
        <Code id="077018" urn="urn:sdmx:org.sdmx.infomodel.codelist.Code=IT1:CL_REFAREA(1.2).077018">
          <Name xml:lang="it" xmlns="http://www.sdmx.org/resources/sdmxml/schemas/v2_1/common">Nova Siri</Name>
          <Name xml:lang="en" xmlns="http://www.sdmx.org/resources/sdmxml/schemas/v2_1/common">Nova Siri</Name>
          <Parent>
            <Ref id="ITF52" xmlns="" />
          </Parent>
        </Code>
        <Code id="077019" urn="urn:sdmx:org.sdmx.infomodel.codelist.Code=IT1:CL_REFAREA(1.2).077019">
          <Name xml:lang="it" xmlns="http://www.sdmx.org/resources/sdmxml/schemas/v2_1/common">Oliveto Lucano</Name>
          <Name xml:lang="en" xmlns="http://www.sdmx.org/resources/sdmxml/schemas/v2_1/common">Oliveto Lucano</Name>
          <Parent>
            <Ref id="ITF52" xmlns="" />
          </Parent>
        </Code>
        <Code id="077020" urn="urn:sdmx:org.sdmx.infomodel.codelist.Code=IT1:CL_REFAREA(1.2).077020">
          <Name xml:lang="it" xmlns="http://www.sdmx.org/resources/sdmxml/schemas/v2_1/common">Pisticci</Name>
          <Name xml:lang="en" xmlns="http://www.sdmx.org/resources/sdmxml/schemas/v2_1/common">Pisticci</Name>
          <Parent>
            <Ref id="ITF52" xmlns="" />
          </Parent>
        </Code>
        <Code id="077021" urn="urn:sdmx:org.sdmx.infomodel.codelist.Code=IT1:CL_REFAREA(1.2).077021">
          <Name xml:lang="it" xmlns="http://www.sdmx.org/resources/sdmxml/schemas/v2_1/common">Policoro</Name>
          <Name xml:lang="en" xmlns="http://www.sdmx.org/resources/sdmxml/schemas/v2_1/common">Policoro</Name>
          <Parent>
            <Ref id="ITF52" xmlns="" />
          </Parent>
        </Code>
        <Code id="077022" urn="urn:sdmx:org.sdmx.infomodel.codelist.Code=IT1:CL_REFAREA(1.2).077022">
          <Name xml:lang="it" xmlns="http://www.sdmx.org/resources/sdmxml/schemas/v2_1/common">Pomarico</Name>
          <Name xml:lang="en" xmlns="http://www.sdmx.org/resources/sdmxml/schemas/v2_1/common">Pomarico</Name>
          <Parent>
            <Ref id="ITF52" xmlns="" />
          </Parent>
        </Code>
        <Code id="077023" urn="urn:sdmx:org.sdmx.infomodel.codelist.Code=IT1:CL_REFAREA(1.2).077023">
          <Name xml:lang="it" xmlns="http://www.sdmx.org/resources/sdmxml/schemas/v2_1/common">Rotondella</Name>
          <Name xml:lang="en" xmlns="http://www.sdmx.org/resources/sdmxml/schemas/v2_1/common">Rotondella</Name>
          <Parent>
            <Ref id="ITF52" xmlns="" />
          </Parent>
        </Code>
        <Code id="077024" urn="urn:sdmx:org.sdmx.infomodel.codelist.Code=IT1:CL_REFAREA(1.2).077024">
          <Name xml:lang="it" xmlns="http://www.sdmx.org/resources/sdmxml/schemas/v2_1/common">Salandra</Name>
          <Name xml:lang="en" xmlns="http://www.sdmx.org/resources/sdmxml/schemas/v2_1/common">Salandra</Name>
          <Parent>
            <Ref id="ITF52" xmlns="" />
          </Parent>
        </Code>
        <Code id="077025" urn="urn:sdmx:org.sdmx.infomodel.codelist.Code=IT1:CL_REFAREA(1.2).077025">
          <Name xml:lang="it" xmlns="http://www.sdmx.org/resources/sdmxml/schemas/v2_1/common">San Giorgio Lucano</Name>
          <Name xml:lang="en" xmlns="http://www.sdmx.org/resources/sdmxml/schemas/v2_1/common">San Giorgio Lucano</Name>
          <Parent>
            <Ref id="ITF52" xmlns="" />
          </Parent>
        </Code>
        <Code id="077026" urn="urn:sdmx:org.sdmx.infomodel.codelist.Code=IT1:CL_REFAREA(1.2).077026">
          <Name xml:lang="it" xmlns="http://www.sdmx.org/resources/sdmxml/schemas/v2_1/common">San Mauro Forte</Name>
          <Name xml:lang="en" xmlns="http://www.sdmx.org/resources/sdmxml/schemas/v2_1/common">San Mauro Forte</Name>
          <Parent>
            <Ref id="ITF52" xmlns="" />
          </Parent>
        </Code>
        <Code id="077027" urn="urn:sdmx:org.sdmx.infomodel.codelist.Code=IT1:CL_REFAREA(1.2).077027">
          <Name xml:lang="it" xmlns="http://www.sdmx.org/resources/sdmxml/schemas/v2_1/common">Stigliano</Name>
          <Name xml:lang="en" xmlns="http://www.sdmx.org/resources/sdmxml/schemas/v2_1/common">Stigliano</Name>
          <Parent>
            <Ref id="ITF52" xmlns="" />
          </Parent>
        </Code>
        <Code id="077028" urn="urn:sdmx:org.sdmx.infomodel.codelist.Code=IT1:CL_REFAREA(1.2).077028">
          <Name xml:lang="it" xmlns="http://www.sdmx.org/resources/sdmxml/schemas/v2_1/common">Tricarico</Name>
          <Name xml:lang="en" xmlns="http://www.sdmx.org/resources/sdmxml/schemas/v2_1/common">Tricarico</Name>
          <Parent>
            <Ref id="ITF52" xmlns="" />
          </Parent>
        </Code>
        <Code id="077029" urn="urn:sdmx:org.sdmx.infomodel.codelist.Code=IT1:CL_REFAREA(1.2).077029">
          <Name xml:lang="it" xmlns="http://www.sdmx.org/resources/sdmxml/schemas/v2_1/common">Tursi</Name>
          <Name xml:lang="en" xmlns="http://www.sdmx.org/resources/sdmxml/schemas/v2_1/common">Tursi</Name>
          <Parent>
            <Ref id="ITF52" xmlns="" />
          </Parent>
        </Code>
        <Code id="077030" urn="urn:sdmx:org.sdmx.infomodel.codelist.Code=IT1:CL_REFAREA(1.2).077030">
          <Name xml:lang="it" xmlns="http://www.sdmx.org/resources/sdmxml/schemas/v2_1/common">Valsinni</Name>
          <Name xml:lang="en" xmlns="http://www.sdmx.org/resources/sdmxml/schemas/v2_1/common">Valsinni</Name>
          <Parent>
            <Ref id="ITF52" xmlns="" />
          </Parent>
        </Code>
        <Code id="077031" urn="urn:sdmx:org.sdmx.infomodel.codelist.Code=IT1:CL_REFAREA(1.2).077031">
          <Name xml:lang="it" xmlns="http://www.sdmx.org/resources/sdmxml/schemas/v2_1/common">Scanzano Jonico</Name>
          <Name xml:lang="en" xmlns="http://www.sdmx.org/resources/sdmxml/schemas/v2_1/common">Scanzano Jonico</Name>
          <Parent>
            <Ref id="ITF52" xmlns="" />
          </Parent>
        </Code>
        <Code id="078001" urn="urn:sdmx:org.sdmx.infomodel.codelist.Code=IT1:CL_REFAREA(1.2).078001">
          <Name xml:lang="it" xmlns="http://www.sdmx.org/resources/sdmxml/schemas/v2_1/common">Acquaformosa</Name>
          <Name xml:lang="en" xmlns="http://www.sdmx.org/resources/sdmxml/schemas/v2_1/common">Acquaformosa</Name>
          <Parent>
            <Ref id="ITF61" xmlns="" />
          </Parent>
        </Code>
        <Code id="078002" urn="urn:sdmx:org.sdmx.infomodel.codelist.Code=IT1:CL_REFAREA(1.2).078002">
          <Name xml:lang="it" xmlns="http://www.sdmx.org/resources/sdmxml/schemas/v2_1/common">Acquappesa</Name>
          <Name xml:lang="en" xmlns="http://www.sdmx.org/resources/sdmxml/schemas/v2_1/common">Acquappesa</Name>
          <Parent>
            <Ref id="ITF61" xmlns="" />
          </Parent>
        </Code>
        <Code id="078003" urn="urn:sdmx:org.sdmx.infomodel.codelist.Code=IT1:CL_REFAREA(1.2).078003">
          <Name xml:lang="it" xmlns="http://www.sdmx.org/resources/sdmxml/schemas/v2_1/common">Acri</Name>
          <Name xml:lang="en" xmlns="http://www.sdmx.org/resources/sdmxml/schemas/v2_1/common">Acri</Name>
          <Parent>
            <Ref id="ITF61" xmlns="" />
          </Parent>
        </Code>
        <Code id="078004" urn="urn:sdmx:org.sdmx.infomodel.codelist.Code=IT1:CL_REFAREA(1.2).078004">
          <Name xml:lang="it" xmlns="http://www.sdmx.org/resources/sdmxml/schemas/v2_1/common">Aiello Calabro</Name>
          <Name xml:lang="en" xmlns="http://www.sdmx.org/resources/sdmxml/schemas/v2_1/common">Aiello Calabro</Name>
          <Parent>
            <Ref id="ITF61" xmlns="" />
          </Parent>
        </Code>
        <Code id="078005" urn="urn:sdmx:org.sdmx.infomodel.codelist.Code=IT1:CL_REFAREA(1.2).078005">
          <Name xml:lang="it" xmlns="http://www.sdmx.org/resources/sdmxml/schemas/v2_1/common">Aieta</Name>
          <Name xml:lang="en" xmlns="http://www.sdmx.org/resources/sdmxml/schemas/v2_1/common">Aieta</Name>
          <Parent>
            <Ref id="ITF61" xmlns="" />
          </Parent>
        </Code>
        <Code id="078006" urn="urn:sdmx:org.sdmx.infomodel.codelist.Code=IT1:CL_REFAREA(1.2).078006">
          <Name xml:lang="it" xmlns="http://www.sdmx.org/resources/sdmxml/schemas/v2_1/common">Albidona</Name>
          <Name xml:lang="en" xmlns="http://www.sdmx.org/resources/sdmxml/schemas/v2_1/common">Albidona</Name>
          <Parent>
            <Ref id="ITF61" xmlns="" />
          </Parent>
        </Code>
        <Code id="078007" urn="urn:sdmx:org.sdmx.infomodel.codelist.Code=IT1:CL_REFAREA(1.2).078007">
          <Name xml:lang="it" xmlns="http://www.sdmx.org/resources/sdmxml/schemas/v2_1/common">Alessandria del Carretto</Name>
          <Name xml:lang="en" xmlns="http://www.sdmx.org/resources/sdmxml/schemas/v2_1/common">Alessandria del Carretto</Name>
          <Parent>
            <Ref id="ITF61" xmlns="" />
          </Parent>
        </Code>
        <Code id="078008" urn="urn:sdmx:org.sdmx.infomodel.codelist.Code=IT1:CL_REFAREA(1.2).078008">
          <Name xml:lang="it" xmlns="http://www.sdmx.org/resources/sdmxml/schemas/v2_1/common">Altilia</Name>
          <Name xml:lang="en" xmlns="http://www.sdmx.org/resources/sdmxml/schemas/v2_1/common">Altilia</Name>
          <Parent>
            <Ref id="ITF61" xmlns="" />
          </Parent>
        </Code>
        <Code id="078009" urn="urn:sdmx:org.sdmx.infomodel.codelist.Code=IT1:CL_REFAREA(1.2).078009">
          <Name xml:lang="it" xmlns="http://www.sdmx.org/resources/sdmxml/schemas/v2_1/common">Altomonte</Name>
          <Name xml:lang="en" xmlns="http://www.sdmx.org/resources/sdmxml/schemas/v2_1/common">Altomonte</Name>
          <Parent>
            <Ref id="ITF61" xmlns="" />
          </Parent>
        </Code>
        <Code id="078010" urn="urn:sdmx:org.sdmx.infomodel.codelist.Code=IT1:CL_REFAREA(1.2).078010">
          <Name xml:lang="it" xmlns="http://www.sdmx.org/resources/sdmxml/schemas/v2_1/common">Amantea</Name>
          <Name xml:lang="en" xmlns="http://www.sdmx.org/resources/sdmxml/schemas/v2_1/common">Amantea</Name>
          <Parent>
            <Ref id="ITF61" xmlns="" />
          </Parent>
        </Code>
        <Code id="078011" urn="urn:sdmx:org.sdmx.infomodel.codelist.Code=IT1:CL_REFAREA(1.2).078011">
          <Name xml:lang="it" xmlns="http://www.sdmx.org/resources/sdmxml/schemas/v2_1/common">Amendolara</Name>
          <Name xml:lang="en" xmlns="http://www.sdmx.org/resources/sdmxml/schemas/v2_1/common">Amendolara</Name>
          <Parent>
            <Ref id="ITF61" xmlns="" />
          </Parent>
        </Code>
        <Code id="078012" urn="urn:sdmx:org.sdmx.infomodel.codelist.Code=IT1:CL_REFAREA(1.2).078012">
          <Name xml:lang="it" xmlns="http://www.sdmx.org/resources/sdmxml/schemas/v2_1/common">Aprigliano</Name>
          <Name xml:lang="en" xmlns="http://www.sdmx.org/resources/sdmxml/schemas/v2_1/common">Aprigliano</Name>
          <Parent>
            <Ref id="ITF61" xmlns="" />
          </Parent>
        </Code>
        <Code id="078013" urn="urn:sdmx:org.sdmx.infomodel.codelist.Code=IT1:CL_REFAREA(1.2).078013">
          <Name xml:lang="it" xmlns="http://www.sdmx.org/resources/sdmxml/schemas/v2_1/common">Belmonte Calabro</Name>
          <Name xml:lang="en" xmlns="http://www.sdmx.org/resources/sdmxml/schemas/v2_1/common">Belmonte Calabro</Name>
          <Parent>
            <Ref id="ITF61" xmlns="" />
          </Parent>
        </Code>
        <Code id="078014" urn="urn:sdmx:org.sdmx.infomodel.codelist.Code=IT1:CL_REFAREA(1.2).078014">
          <Name xml:lang="it" xmlns="http://www.sdmx.org/resources/sdmxml/schemas/v2_1/common">Belsito</Name>
          <Name xml:lang="en" xmlns="http://www.sdmx.org/resources/sdmxml/schemas/v2_1/common">Belsito</Name>
          <Parent>
            <Ref id="ITF61" xmlns="" />
          </Parent>
        </Code>
        <Code id="078015" urn="urn:sdmx:org.sdmx.infomodel.codelist.Code=IT1:CL_REFAREA(1.2).078015">
          <Name xml:lang="it" xmlns="http://www.sdmx.org/resources/sdmxml/schemas/v2_1/common">Belvedere Marittimo</Name>
          <Name xml:lang="en" xmlns="http://www.sdmx.org/resources/sdmxml/schemas/v2_1/common">Belvedere Marittimo</Name>
          <Parent>
            <Ref id="ITF61" xmlns="" />
          </Parent>
        </Code>
        <Code id="078016" urn="urn:sdmx:org.sdmx.infomodel.codelist.Code=IT1:CL_REFAREA(1.2).078016">
          <Name xml:lang="it" xmlns="http://www.sdmx.org/resources/sdmxml/schemas/v2_1/common">Bianchi</Name>
          <Name xml:lang="en" xmlns="http://www.sdmx.org/resources/sdmxml/schemas/v2_1/common">Bianchi</Name>
          <Parent>
            <Ref id="ITF61" xmlns="" />
          </Parent>
        </Code>
        <Code id="078017" urn="urn:sdmx:org.sdmx.infomodel.codelist.Code=IT1:CL_REFAREA(1.2).078017">
          <Name xml:lang="it" xmlns="http://www.sdmx.org/resources/sdmxml/schemas/v2_1/common">Bisignano</Name>
          <Name xml:lang="en" xmlns="http://www.sdmx.org/resources/sdmxml/schemas/v2_1/common">Bisignano</Name>
          <Parent>
            <Ref id="ITF61" xmlns="" />
          </Parent>
        </Code>
        <Code id="078018" urn="urn:sdmx:org.sdmx.infomodel.codelist.Code=IT1:CL_REFAREA(1.2).078018">
          <Name xml:lang="it" xmlns="http://www.sdmx.org/resources/sdmxml/schemas/v2_1/common">Bocchigliero</Name>
          <Name xml:lang="en" xmlns="http://www.sdmx.org/resources/sdmxml/schemas/v2_1/common">Bocchigliero</Name>
          <Parent>
            <Ref id="ITF61" xmlns="" />
          </Parent>
        </Code>
        <Code id="078019" urn="urn:sdmx:org.sdmx.infomodel.codelist.Code=IT1:CL_REFAREA(1.2).078019">
          <Name xml:lang="it" xmlns="http://www.sdmx.org/resources/sdmxml/schemas/v2_1/common">Bonifati</Name>
          <Name xml:lang="en" xmlns="http://www.sdmx.org/resources/sdmxml/schemas/v2_1/common">Bonifati</Name>
          <Parent>
            <Ref id="ITF61" xmlns="" />
          </Parent>
        </Code>
        <Code id="078020" urn="urn:sdmx:org.sdmx.infomodel.codelist.Code=IT1:CL_REFAREA(1.2).078020">
          <Name xml:lang="it" xmlns="http://www.sdmx.org/resources/sdmxml/schemas/v2_1/common">Buonvicino</Name>
          <Name xml:lang="en" xmlns="http://www.sdmx.org/resources/sdmxml/schemas/v2_1/common">Buonvicino</Name>
          <Parent>
            <Ref id="ITF61" xmlns="" />
          </Parent>
        </Code>
        <Code id="078021" urn="urn:sdmx:org.sdmx.infomodel.codelist.Code=IT1:CL_REFAREA(1.2).078021">
          <Name xml:lang="it" xmlns="http://www.sdmx.org/resources/sdmxml/schemas/v2_1/common">Calopezzati</Name>
          <Name xml:lang="en" xmlns="http://www.sdmx.org/resources/sdmxml/schemas/v2_1/common">Calopezzati</Name>
          <Parent>
            <Ref id="ITF61" xmlns="" />
          </Parent>
        </Code>
        <Code id="078022" urn="urn:sdmx:org.sdmx.infomodel.codelist.Code=IT1:CL_REFAREA(1.2).078022">
          <Name xml:lang="it" xmlns="http://www.sdmx.org/resources/sdmxml/schemas/v2_1/common">Caloveto</Name>
          <Name xml:lang="en" xmlns="http://www.sdmx.org/resources/sdmxml/schemas/v2_1/common">Caloveto</Name>
          <Parent>
            <Ref id="ITF61" xmlns="" />
          </Parent>
        </Code>
        <Code id="078023" urn="urn:sdmx:org.sdmx.infomodel.codelist.Code=IT1:CL_REFAREA(1.2).078023">
          <Name xml:lang="it" xmlns="http://www.sdmx.org/resources/sdmxml/schemas/v2_1/common">Campana</Name>
          <Name xml:lang="en" xmlns="http://www.sdmx.org/resources/sdmxml/schemas/v2_1/common">Campana</Name>
          <Parent>
            <Ref id="ITF61" xmlns="" />
          </Parent>
        </Code>
        <Code id="078024" urn="urn:sdmx:org.sdmx.infomodel.codelist.Code=IT1:CL_REFAREA(1.2).078024">
          <Name xml:lang="it" xmlns="http://www.sdmx.org/resources/sdmxml/schemas/v2_1/common">Canna</Name>
          <Name xml:lang="en" xmlns="http://www.sdmx.org/resources/sdmxml/schemas/v2_1/common">Canna</Name>
          <Parent>
            <Ref id="ITF61" xmlns="" />
          </Parent>
        </Code>
        <Code id="078025" urn="urn:sdmx:org.sdmx.infomodel.codelist.Code=IT1:CL_REFAREA(1.2).078025">
          <Name xml:lang="it" xmlns="http://www.sdmx.org/resources/sdmxml/schemas/v2_1/common">Cariati</Name>
          <Name xml:lang="en" xmlns="http://www.sdmx.org/resources/sdmxml/schemas/v2_1/common">Cariati</Name>
          <Parent>
            <Ref id="ITF61" xmlns="" />
          </Parent>
        </Code>
        <Code id="078026" urn="urn:sdmx:org.sdmx.infomodel.codelist.Code=IT1:CL_REFAREA(1.2).078026">
          <Name xml:lang="it" xmlns="http://www.sdmx.org/resources/sdmxml/schemas/v2_1/common">Carolei</Name>
          <Name xml:lang="en" xmlns="http://www.sdmx.org/resources/sdmxml/schemas/v2_1/common">Carolei</Name>
          <Parent>
            <Ref id="ITF61" xmlns="" />
          </Parent>
        </Code>
        <Code id="078027" urn="urn:sdmx:org.sdmx.infomodel.codelist.Code=IT1:CL_REFAREA(1.2).078027">
          <Name xml:lang="it" xmlns="http://www.sdmx.org/resources/sdmxml/schemas/v2_1/common">Carpanzano</Name>
          <Name xml:lang="en" xmlns="http://www.sdmx.org/resources/sdmxml/schemas/v2_1/common">Carpanzano</Name>
          <Parent>
            <Ref id="ITF61" xmlns="" />
          </Parent>
        </Code>
        <Code id="078028" urn="urn:sdmx:org.sdmx.infomodel.codelist.Code=IT1:CL_REFAREA(1.2).078028">
          <Name xml:lang="it" xmlns="http://www.sdmx.org/resources/sdmxml/schemas/v2_1/common">Casole Bruzio</Name>
          <Name xml:lang="en" xmlns="http://www.sdmx.org/resources/sdmxml/schemas/v2_1/common">Casole Bruzio</Name>
          <Parent>
            <Ref id="ITF61" xmlns="" />
          </Parent>
        </Code>
        <Code id="078029" urn="urn:sdmx:org.sdmx.infomodel.codelist.Code=IT1:CL_REFAREA(1.2).078029">
          <Name xml:lang="it" xmlns="http://www.sdmx.org/resources/sdmxml/schemas/v2_1/common">Cassano all'Ionio</Name>
          <Name xml:lang="en" xmlns="http://www.sdmx.org/resources/sdmxml/schemas/v2_1/common">Cassano all'Ionio</Name>
          <Parent>
            <Ref id="ITF61" xmlns="" />
          </Parent>
        </Code>
        <Code id="078030" urn="urn:sdmx:org.sdmx.infomodel.codelist.Code=IT1:CL_REFAREA(1.2).078030">
          <Name xml:lang="it" xmlns="http://www.sdmx.org/resources/sdmxml/schemas/v2_1/common">Castiglione Cosentino</Name>
          <Name xml:lang="en" xmlns="http://www.sdmx.org/resources/sdmxml/schemas/v2_1/common">Castiglione Cosentino</Name>
          <Parent>
            <Ref id="ITF61" xmlns="" />
          </Parent>
        </Code>
        <Code id="078031" urn="urn:sdmx:org.sdmx.infomodel.codelist.Code=IT1:CL_REFAREA(1.2).078031">
          <Name xml:lang="it" xmlns="http://www.sdmx.org/resources/sdmxml/schemas/v2_1/common">Castrolibero</Name>
          <Name xml:lang="en" xmlns="http://www.sdmx.org/resources/sdmxml/schemas/v2_1/common">Castrolibero</Name>
          <Parent>
            <Ref id="ITF61" xmlns="" />
          </Parent>
        </Code>
        <Code id="078032" urn="urn:sdmx:org.sdmx.infomodel.codelist.Code=IT1:CL_REFAREA(1.2).078032">
          <Name xml:lang="it" xmlns="http://www.sdmx.org/resources/sdmxml/schemas/v2_1/common">Castroregio</Name>
          <Name xml:lang="en" xmlns="http://www.sdmx.org/resources/sdmxml/schemas/v2_1/common">Castroregio</Name>
          <Parent>
            <Ref id="ITF61" xmlns="" />
          </Parent>
        </Code>
        <Code id="078033" urn="urn:sdmx:org.sdmx.infomodel.codelist.Code=IT1:CL_REFAREA(1.2).078033">
          <Name xml:lang="it" xmlns="http://www.sdmx.org/resources/sdmxml/schemas/v2_1/common">Castrovillari</Name>
          <Name xml:lang="en" xmlns="http://www.sdmx.org/resources/sdmxml/schemas/v2_1/common">Castrovillari</Name>
          <Parent>
            <Ref id="ITF61" xmlns="" />
          </Parent>
        </Code>
        <Code id="078034" urn="urn:sdmx:org.sdmx.infomodel.codelist.Code=IT1:CL_REFAREA(1.2).078034">
          <Name xml:lang="it" xmlns="http://www.sdmx.org/resources/sdmxml/schemas/v2_1/common">Celico</Name>
          <Name xml:lang="en" xmlns="http://www.sdmx.org/resources/sdmxml/schemas/v2_1/common">Celico</Name>
          <Parent>
            <Ref id="ITF61" xmlns="" />
          </Parent>
        </Code>
        <Code id="078035" urn="urn:sdmx:org.sdmx.infomodel.codelist.Code=IT1:CL_REFAREA(1.2).078035">
          <Name xml:lang="it" xmlns="http://www.sdmx.org/resources/sdmxml/schemas/v2_1/common">Cellara</Name>
          <Name xml:lang="en" xmlns="http://www.sdmx.org/resources/sdmxml/schemas/v2_1/common">Cellara</Name>
          <Parent>
            <Ref id="ITF61" xmlns="" />
          </Parent>
        </Code>
        <Code id="078036" urn="urn:sdmx:org.sdmx.infomodel.codelist.Code=IT1:CL_REFAREA(1.2).078036">
          <Name xml:lang="it" xmlns="http://www.sdmx.org/resources/sdmxml/schemas/v2_1/common">Cerchiara di Calabria</Name>
          <Name xml:lang="en" xmlns="http://www.sdmx.org/resources/sdmxml/schemas/v2_1/common">Cerchiara di Calabria</Name>
          <Parent>
            <Ref id="ITF61" xmlns="" />
          </Parent>
        </Code>
        <Code id="078037" urn="urn:sdmx:org.sdmx.infomodel.codelist.Code=IT1:CL_REFAREA(1.2).078037">
          <Name xml:lang="it" xmlns="http://www.sdmx.org/resources/sdmxml/schemas/v2_1/common">Cerisano</Name>
          <Name xml:lang="en" xmlns="http://www.sdmx.org/resources/sdmxml/schemas/v2_1/common">Cerisano</Name>
          <Parent>
            <Ref id="ITF61" xmlns="" />
          </Parent>
        </Code>
        <Code id="078038" urn="urn:sdmx:org.sdmx.infomodel.codelist.Code=IT1:CL_REFAREA(1.2).078038">
          <Name xml:lang="it" xmlns="http://www.sdmx.org/resources/sdmxml/schemas/v2_1/common">Cervicati</Name>
          <Name xml:lang="en" xmlns="http://www.sdmx.org/resources/sdmxml/schemas/v2_1/common">Cervicati</Name>
          <Parent>
            <Ref id="ITF61" xmlns="" />
          </Parent>
        </Code>
        <Code id="078039" urn="urn:sdmx:org.sdmx.infomodel.codelist.Code=IT1:CL_REFAREA(1.2).078039">
          <Name xml:lang="it" xmlns="http://www.sdmx.org/resources/sdmxml/schemas/v2_1/common">Cerzeto</Name>
          <Name xml:lang="en" xmlns="http://www.sdmx.org/resources/sdmxml/schemas/v2_1/common">Cerzeto</Name>
          <Parent>
            <Ref id="ITF61" xmlns="" />
          </Parent>
        </Code>
        <Code id="078040" urn="urn:sdmx:org.sdmx.infomodel.codelist.Code=IT1:CL_REFAREA(1.2).078040">
          <Name xml:lang="it" xmlns="http://www.sdmx.org/resources/sdmxml/schemas/v2_1/common">Cetraro</Name>
          <Name xml:lang="en" xmlns="http://www.sdmx.org/resources/sdmxml/schemas/v2_1/common">Cetraro</Name>
          <Parent>
            <Ref id="ITF61" xmlns="" />
          </Parent>
        </Code>
        <Code id="078041" urn="urn:sdmx:org.sdmx.infomodel.codelist.Code=IT1:CL_REFAREA(1.2).078041">
          <Name xml:lang="it" xmlns="http://www.sdmx.org/resources/sdmxml/schemas/v2_1/common">Civita</Name>
          <Name xml:lang="en" xmlns="http://www.sdmx.org/resources/sdmxml/schemas/v2_1/common">Civita</Name>
          <Parent>
            <Ref id="ITF61" xmlns="" />
          </Parent>
        </Code>
        <Code id="078042" urn="urn:sdmx:org.sdmx.infomodel.codelist.Code=IT1:CL_REFAREA(1.2).078042">
          <Name xml:lang="it" xmlns="http://www.sdmx.org/resources/sdmxml/schemas/v2_1/common">Cleto</Name>
          <Name xml:lang="en" xmlns="http://www.sdmx.org/resources/sdmxml/schemas/v2_1/common">Cleto</Name>
          <Parent>
            <Ref id="ITF61" xmlns="" />
          </Parent>
        </Code>
        <Code id="078043" urn="urn:sdmx:org.sdmx.infomodel.codelist.Code=IT1:CL_REFAREA(1.2).078043">
          <Name xml:lang="it" xmlns="http://www.sdmx.org/resources/sdmxml/schemas/v2_1/common">Colosimi</Name>
          <Name xml:lang="en" xmlns="http://www.sdmx.org/resources/sdmxml/schemas/v2_1/common">Colosimi</Name>
          <Parent>
            <Ref id="ITF61" xmlns="" />
          </Parent>
        </Code>
        <Code id="078044" urn="urn:sdmx:org.sdmx.infomodel.codelist.Code=IT1:CL_REFAREA(1.2).078044">
          <Name xml:lang="it" xmlns="http://www.sdmx.org/resources/sdmxml/schemas/v2_1/common">Corigliano Calabro</Name>
          <Name xml:lang="en" xmlns="http://www.sdmx.org/resources/sdmxml/schemas/v2_1/common">Corigliano Calabro</Name>
          <Parent>
            <Ref id="ITF61" xmlns="" />
          </Parent>
        </Code>
        <Code id="078045" urn="urn:sdmx:org.sdmx.infomodel.codelist.Code=IT1:CL_REFAREA(1.2).078045">
          <Name xml:lang="it" xmlns="http://www.sdmx.org/resources/sdmxml/schemas/v2_1/common">Cosenza</Name>
          <Name xml:lang="en" xmlns="http://www.sdmx.org/resources/sdmxml/schemas/v2_1/common">Cosenza</Name>
          <Parent>
            <Ref id="ITF61" xmlns="" />
          </Parent>
        </Code>
        <Code id="078046" urn="urn:sdmx:org.sdmx.infomodel.codelist.Code=IT1:CL_REFAREA(1.2).078046">
          <Name xml:lang="it" xmlns="http://www.sdmx.org/resources/sdmxml/schemas/v2_1/common">Cropalati</Name>
          <Name xml:lang="en" xmlns="http://www.sdmx.org/resources/sdmxml/schemas/v2_1/common">Cropalati</Name>
          <Parent>
            <Ref id="ITF61" xmlns="" />
          </Parent>
        </Code>
        <Code id="078047" urn="urn:sdmx:org.sdmx.infomodel.codelist.Code=IT1:CL_REFAREA(1.2).078047">
          <Name xml:lang="it" xmlns="http://www.sdmx.org/resources/sdmxml/schemas/v2_1/common">Crosia</Name>
          <Name xml:lang="en" xmlns="http://www.sdmx.org/resources/sdmxml/schemas/v2_1/common">Crosia</Name>
          <Parent>
            <Ref id="ITF61" xmlns="" />
          </Parent>
        </Code>
        <Code id="078048" urn="urn:sdmx:org.sdmx.infomodel.codelist.Code=IT1:CL_REFAREA(1.2).078048">
          <Name xml:lang="it" xmlns="http://www.sdmx.org/resources/sdmxml/schemas/v2_1/common">Diamante</Name>
          <Name xml:lang="en" xmlns="http://www.sdmx.org/resources/sdmxml/schemas/v2_1/common">Diamante</Name>
          <Parent>
            <Ref id="ITF61" xmlns="" />
          </Parent>
        </Code>
        <Code id="078049" urn="urn:sdmx:org.sdmx.infomodel.codelist.Code=IT1:CL_REFAREA(1.2).078049">
          <Name xml:lang="it" xmlns="http://www.sdmx.org/resources/sdmxml/schemas/v2_1/common">Dipignano</Name>
          <Name xml:lang="en" xmlns="http://www.sdmx.org/resources/sdmxml/schemas/v2_1/common">Dipignano</Name>
          <Parent>
            <Ref id="ITF61" xmlns="" />
          </Parent>
        </Code>
        <Code id="078050" urn="urn:sdmx:org.sdmx.infomodel.codelist.Code=IT1:CL_REFAREA(1.2).078050">
          <Name xml:lang="it" xmlns="http://www.sdmx.org/resources/sdmxml/schemas/v2_1/common">Domanico</Name>
          <Name xml:lang="en" xmlns="http://www.sdmx.org/resources/sdmxml/schemas/v2_1/common">Domanico</Name>
          <Parent>
            <Ref id="ITF61" xmlns="" />
          </Parent>
        </Code>
        <Code id="078051" urn="urn:sdmx:org.sdmx.infomodel.codelist.Code=IT1:CL_REFAREA(1.2).078051">
          <Name xml:lang="it" xmlns="http://www.sdmx.org/resources/sdmxml/schemas/v2_1/common">Fagnano Castello</Name>
          <Name xml:lang="en" xmlns="http://www.sdmx.org/resources/sdmxml/schemas/v2_1/common">Fagnano Castello</Name>
          <Parent>
            <Ref id="ITF61" xmlns="" />
          </Parent>
        </Code>
        <Code id="078052" urn="urn:sdmx:org.sdmx.infomodel.codelist.Code=IT1:CL_REFAREA(1.2).078052">
          <Name xml:lang="it" xmlns="http://www.sdmx.org/resources/sdmxml/schemas/v2_1/common">Falconara Albanese</Name>
          <Name xml:lang="en" xmlns="http://www.sdmx.org/resources/sdmxml/schemas/v2_1/common">Falconara Albanese</Name>
          <Parent>
            <Ref id="ITF61" xmlns="" />
          </Parent>
        </Code>
        <Code id="078053" urn="urn:sdmx:org.sdmx.infomodel.codelist.Code=IT1:CL_REFAREA(1.2).078053">
          <Name xml:lang="it" xmlns="http://www.sdmx.org/resources/sdmxml/schemas/v2_1/common">Figline Vegliaturo</Name>
          <Name xml:lang="en" xmlns="http://www.sdmx.org/resources/sdmxml/schemas/v2_1/common">Figline Vegliaturo</Name>
          <Parent>
            <Ref id="ITF61" xmlns="" />
          </Parent>
        </Code>
        <Code id="078054" urn="urn:sdmx:org.sdmx.infomodel.codelist.Code=IT1:CL_REFAREA(1.2).078054">
          <Name xml:lang="it" xmlns="http://www.sdmx.org/resources/sdmxml/schemas/v2_1/common">Firmo</Name>
          <Name xml:lang="en" xmlns="http://www.sdmx.org/resources/sdmxml/schemas/v2_1/common">Firmo</Name>
          <Parent>
            <Ref id="ITF61" xmlns="" />
          </Parent>
        </Code>
        <Code id="078055" urn="urn:sdmx:org.sdmx.infomodel.codelist.Code=IT1:CL_REFAREA(1.2).078055">
          <Name xml:lang="it" xmlns="http://www.sdmx.org/resources/sdmxml/schemas/v2_1/common">Fiumefreddo Bruzio</Name>
          <Name xml:lang="en" xmlns="http://www.sdmx.org/resources/sdmxml/schemas/v2_1/common">Fiumefreddo Bruzio</Name>
          <Parent>
            <Ref id="ITF61" xmlns="" />
          </Parent>
        </Code>
        <Code id="078056" urn="urn:sdmx:org.sdmx.infomodel.codelist.Code=IT1:CL_REFAREA(1.2).078056">
          <Name xml:lang="it" xmlns="http://www.sdmx.org/resources/sdmxml/schemas/v2_1/common">Francavilla Marittima</Name>
          <Name xml:lang="en" xmlns="http://www.sdmx.org/resources/sdmxml/schemas/v2_1/common">Francavilla Marittima</Name>
          <Parent>
            <Ref id="ITF61" xmlns="" />
          </Parent>
        </Code>
        <Code id="078057" urn="urn:sdmx:org.sdmx.infomodel.codelist.Code=IT1:CL_REFAREA(1.2).078057">
          <Name xml:lang="it" xmlns="http://www.sdmx.org/resources/sdmxml/schemas/v2_1/common">Frascineto</Name>
          <Name xml:lang="en" xmlns="http://www.sdmx.org/resources/sdmxml/schemas/v2_1/common">Frascineto</Name>
          <Parent>
            <Ref id="ITF61" xmlns="" />
          </Parent>
        </Code>
        <Code id="078058" urn="urn:sdmx:org.sdmx.infomodel.codelist.Code=IT1:CL_REFAREA(1.2).078058">
          <Name xml:lang="it" xmlns="http://www.sdmx.org/resources/sdmxml/schemas/v2_1/common">Fuscaldo</Name>
          <Name xml:lang="en" xmlns="http://www.sdmx.org/resources/sdmxml/schemas/v2_1/common">Fuscaldo</Name>
          <Parent>
            <Ref id="ITF61" xmlns="" />
          </Parent>
        </Code>
        <Code id="078059" urn="urn:sdmx:org.sdmx.infomodel.codelist.Code=IT1:CL_REFAREA(1.2).078059">
          <Name xml:lang="it" xmlns="http://www.sdmx.org/resources/sdmxml/schemas/v2_1/common">Grimaldi</Name>
          <Name xml:lang="en" xmlns="http://www.sdmx.org/resources/sdmxml/schemas/v2_1/common">Grimaldi</Name>
          <Parent>
            <Ref id="ITF61" xmlns="" />
          </Parent>
        </Code>
        <Code id="078060" urn="urn:sdmx:org.sdmx.infomodel.codelist.Code=IT1:CL_REFAREA(1.2).078060">
          <Name xml:lang="it" xmlns="http://www.sdmx.org/resources/sdmxml/schemas/v2_1/common">Grisolia</Name>
          <Name xml:lang="en" xmlns="http://www.sdmx.org/resources/sdmxml/schemas/v2_1/common">Grisolia</Name>
          <Parent>
            <Ref id="ITF61" xmlns="" />
          </Parent>
        </Code>
        <Code id="078061" urn="urn:sdmx:org.sdmx.infomodel.codelist.Code=IT1:CL_REFAREA(1.2).078061">
          <Name xml:lang="it" xmlns="http://www.sdmx.org/resources/sdmxml/schemas/v2_1/common">Guardia Piemontese</Name>
          <Name xml:lang="en" xmlns="http://www.sdmx.org/resources/sdmxml/schemas/v2_1/common">Guardia Piemontese</Name>
          <Parent>
            <Ref id="ITF61" xmlns="" />
          </Parent>
        </Code>
        <Code id="078062" urn="urn:sdmx:org.sdmx.infomodel.codelist.Code=IT1:CL_REFAREA(1.2).078062">
          <Name xml:lang="it" xmlns="http://www.sdmx.org/resources/sdmxml/schemas/v2_1/common">Lago</Name>
          <Name xml:lang="en" xmlns="http://www.sdmx.org/resources/sdmxml/schemas/v2_1/common">Lago</Name>
          <Parent>
            <Ref id="ITF61" xmlns="" />
          </Parent>
        </Code>
        <Code id="078063" urn="urn:sdmx:org.sdmx.infomodel.codelist.Code=IT1:CL_REFAREA(1.2).078063">
          <Name xml:lang="it" xmlns="http://www.sdmx.org/resources/sdmxml/schemas/v2_1/common">Laino Borgo</Name>
          <Name xml:lang="en" xmlns="http://www.sdmx.org/resources/sdmxml/schemas/v2_1/common">Laino Borgo</Name>
          <Parent>
            <Ref id="ITF61" xmlns="" />
          </Parent>
        </Code>
        <Code id="078064" urn="urn:sdmx:org.sdmx.infomodel.codelist.Code=IT1:CL_REFAREA(1.2).078064">
          <Name xml:lang="it" xmlns="http://www.sdmx.org/resources/sdmxml/schemas/v2_1/common">Laino Castello</Name>
          <Name xml:lang="en" xmlns="http://www.sdmx.org/resources/sdmxml/schemas/v2_1/common">Laino Castello</Name>
          <Parent>
            <Ref id="ITF61" xmlns="" />
          </Parent>
        </Code>
        <Code id="078065" urn="urn:sdmx:org.sdmx.infomodel.codelist.Code=IT1:CL_REFAREA(1.2).078065">
          <Name xml:lang="it" xmlns="http://www.sdmx.org/resources/sdmxml/schemas/v2_1/common">Lappano</Name>
          <Name xml:lang="en" xmlns="http://www.sdmx.org/resources/sdmxml/schemas/v2_1/common">Lappano</Name>
          <Parent>
            <Ref id="ITF61" xmlns="" />
          </Parent>
        </Code>
        <Code id="078066" urn="urn:sdmx:org.sdmx.infomodel.codelist.Code=IT1:CL_REFAREA(1.2).078066">
          <Name xml:lang="it" xmlns="http://www.sdmx.org/resources/sdmxml/schemas/v2_1/common">Lattarico</Name>
          <Name xml:lang="en" xmlns="http://www.sdmx.org/resources/sdmxml/schemas/v2_1/common">Lattarico</Name>
          <Parent>
            <Ref id="ITF61" xmlns="" />
          </Parent>
        </Code>
        <Code id="078067" urn="urn:sdmx:org.sdmx.infomodel.codelist.Code=IT1:CL_REFAREA(1.2).078067">
          <Name xml:lang="it" xmlns="http://www.sdmx.org/resources/sdmxml/schemas/v2_1/common">Longobardi</Name>
          <Name xml:lang="en" xmlns="http://www.sdmx.org/resources/sdmxml/schemas/v2_1/common">Longobardi</Name>
          <Parent>
            <Ref id="ITF61" xmlns="" />
          </Parent>
        </Code>
        <Code id="078068" urn="urn:sdmx:org.sdmx.infomodel.codelist.Code=IT1:CL_REFAREA(1.2).078068">
          <Name xml:lang="it" xmlns="http://www.sdmx.org/resources/sdmxml/schemas/v2_1/common">Longobucco</Name>
          <Name xml:lang="en" xmlns="http://www.sdmx.org/resources/sdmxml/schemas/v2_1/common">Longobucco</Name>
          <Parent>
            <Ref id="ITF61" xmlns="" />
          </Parent>
        </Code>
        <Code id="078069" urn="urn:sdmx:org.sdmx.infomodel.codelist.Code=IT1:CL_REFAREA(1.2).078069">
          <Name xml:lang="it" xmlns="http://www.sdmx.org/resources/sdmxml/schemas/v2_1/common">Lungro</Name>
          <Name xml:lang="en" xmlns="http://www.sdmx.org/resources/sdmxml/schemas/v2_1/common">Lungro</Name>
          <Parent>
            <Ref id="ITF61" xmlns="" />
          </Parent>
        </Code>
        <Code id="078070" urn="urn:sdmx:org.sdmx.infomodel.codelist.Code=IT1:CL_REFAREA(1.2).078070">
          <Name xml:lang="it" xmlns="http://www.sdmx.org/resources/sdmxml/schemas/v2_1/common">Luzzi</Name>
          <Name xml:lang="en" xmlns="http://www.sdmx.org/resources/sdmxml/schemas/v2_1/common">Luzzi</Name>
          <Parent>
            <Ref id="ITF61" xmlns="" />
          </Parent>
        </Code>
        <Code id="078071" urn="urn:sdmx:org.sdmx.infomodel.codelist.Code=IT1:CL_REFAREA(1.2).078071">
          <Name xml:lang="it" xmlns="http://www.sdmx.org/resources/sdmxml/schemas/v2_1/common">Maierà</Name>
          <Name xml:lang="en" xmlns="http://www.sdmx.org/resources/sdmxml/schemas/v2_1/common">Maierà</Name>
          <Parent>
            <Ref id="ITF61" xmlns="" />
          </Parent>
        </Code>
        <Code id="078072" urn="urn:sdmx:org.sdmx.infomodel.codelist.Code=IT1:CL_REFAREA(1.2).078072">
          <Name xml:lang="it" xmlns="http://www.sdmx.org/resources/sdmxml/schemas/v2_1/common">Malito</Name>
          <Name xml:lang="en" xmlns="http://www.sdmx.org/resources/sdmxml/schemas/v2_1/common">Malito</Name>
          <Parent>
            <Ref id="ITF61" xmlns="" />
          </Parent>
        </Code>
        <Code id="078073" urn="urn:sdmx:org.sdmx.infomodel.codelist.Code=IT1:CL_REFAREA(1.2).078073">
          <Name xml:lang="it" xmlns="http://www.sdmx.org/resources/sdmxml/schemas/v2_1/common">Malvito</Name>
          <Name xml:lang="en" xmlns="http://www.sdmx.org/resources/sdmxml/schemas/v2_1/common">Malvito</Name>
          <Parent>
            <Ref id="ITF61" xmlns="" />
          </Parent>
        </Code>
        <Code id="078074" urn="urn:sdmx:org.sdmx.infomodel.codelist.Code=IT1:CL_REFAREA(1.2).078074">
          <Name xml:lang="it" xmlns="http://www.sdmx.org/resources/sdmxml/schemas/v2_1/common">Mandatoriccio</Name>
          <Name xml:lang="en" xmlns="http://www.sdmx.org/resources/sdmxml/schemas/v2_1/common">Mandatoriccio</Name>
          <Parent>
            <Ref id="ITF61" xmlns="" />
          </Parent>
        </Code>
        <Code id="078075" urn="urn:sdmx:org.sdmx.infomodel.codelist.Code=IT1:CL_REFAREA(1.2).078075">
          <Name xml:lang="it" xmlns="http://www.sdmx.org/resources/sdmxml/schemas/v2_1/common">Mangone</Name>
          <Name xml:lang="en" xmlns="http://www.sdmx.org/resources/sdmxml/schemas/v2_1/common">Mangone</Name>
          <Parent>
            <Ref id="ITF61" xmlns="" />
          </Parent>
        </Code>
        <Code id="078076" urn="urn:sdmx:org.sdmx.infomodel.codelist.Code=IT1:CL_REFAREA(1.2).078076">
          <Name xml:lang="it" xmlns="http://www.sdmx.org/resources/sdmxml/schemas/v2_1/common">Marano Marchesato</Name>
          <Name xml:lang="en" xmlns="http://www.sdmx.org/resources/sdmxml/schemas/v2_1/common">Marano Marchesato</Name>
          <Parent>
            <Ref id="ITF61" xmlns="" />
          </Parent>
        </Code>
        <Code id="078077" urn="urn:sdmx:org.sdmx.infomodel.codelist.Code=IT1:CL_REFAREA(1.2).078077">
          <Name xml:lang="it" xmlns="http://www.sdmx.org/resources/sdmxml/schemas/v2_1/common">Marano Principato</Name>
          <Name xml:lang="en" xmlns="http://www.sdmx.org/resources/sdmxml/schemas/v2_1/common">Marano Principato</Name>
          <Parent>
            <Ref id="ITF61" xmlns="" />
          </Parent>
        </Code>
        <Code id="078078" urn="urn:sdmx:org.sdmx.infomodel.codelist.Code=IT1:CL_REFAREA(1.2).078078">
          <Name xml:lang="it" xmlns="http://www.sdmx.org/resources/sdmxml/schemas/v2_1/common">Marzi</Name>
          <Name xml:lang="en" xmlns="http://www.sdmx.org/resources/sdmxml/schemas/v2_1/common">Marzi</Name>
          <Parent>
            <Ref id="ITF61" xmlns="" />
          </Parent>
        </Code>
        <Code id="078079" urn="urn:sdmx:org.sdmx.infomodel.codelist.Code=IT1:CL_REFAREA(1.2).078079">
          <Name xml:lang="it" xmlns="http://www.sdmx.org/resources/sdmxml/schemas/v2_1/common">Mendicino</Name>
          <Name xml:lang="en" xmlns="http://www.sdmx.org/resources/sdmxml/schemas/v2_1/common">Mendicino</Name>
          <Parent>
            <Ref id="ITF61" xmlns="" />
          </Parent>
        </Code>
        <Code id="078080" urn="urn:sdmx:org.sdmx.infomodel.codelist.Code=IT1:CL_REFAREA(1.2).078080">
          <Name xml:lang="it" xmlns="http://www.sdmx.org/resources/sdmxml/schemas/v2_1/common">Mongrassano</Name>
          <Name xml:lang="en" xmlns="http://www.sdmx.org/resources/sdmxml/schemas/v2_1/common">Mongrassano</Name>
          <Parent>
            <Ref id="ITF61" xmlns="" />
          </Parent>
        </Code>
        <Code id="078081" urn="urn:sdmx:org.sdmx.infomodel.codelist.Code=IT1:CL_REFAREA(1.2).078081">
          <Name xml:lang="it" xmlns="http://www.sdmx.org/resources/sdmxml/schemas/v2_1/common">Montalto Uffugo</Name>
          <Name xml:lang="en" xmlns="http://www.sdmx.org/resources/sdmxml/schemas/v2_1/common">Montalto Uffugo</Name>
          <Parent>
            <Ref id="ITF61" xmlns="" />
          </Parent>
        </Code>
        <Code id="078082" urn="urn:sdmx:org.sdmx.infomodel.codelist.Code=IT1:CL_REFAREA(1.2).078082">
          <Name xml:lang="it" xmlns="http://www.sdmx.org/resources/sdmxml/schemas/v2_1/common">Montegiordano</Name>
          <Name xml:lang="en" xmlns="http://www.sdmx.org/resources/sdmxml/schemas/v2_1/common">Montegiordano</Name>
          <Parent>
            <Ref id="ITF61" xmlns="" />
          </Parent>
        </Code>
        <Code id="078083" urn="urn:sdmx:org.sdmx.infomodel.codelist.Code=IT1:CL_REFAREA(1.2).078083">
          <Name xml:lang="it" xmlns="http://www.sdmx.org/resources/sdmxml/schemas/v2_1/common">Morano Calabro</Name>
          <Name xml:lang="en" xmlns="http://www.sdmx.org/resources/sdmxml/schemas/v2_1/common">Morano Calabro</Name>
          <Parent>
            <Ref id="ITF61" xmlns="" />
          </Parent>
        </Code>
        <Code id="078084" urn="urn:sdmx:org.sdmx.infomodel.codelist.Code=IT1:CL_REFAREA(1.2).078084">
          <Name xml:lang="it" xmlns="http://www.sdmx.org/resources/sdmxml/schemas/v2_1/common">Mormanno</Name>
          <Name xml:lang="en" xmlns="http://www.sdmx.org/resources/sdmxml/schemas/v2_1/common">Mormanno</Name>
          <Parent>
            <Ref id="ITF61" xmlns="" />
          </Parent>
        </Code>
        <Code id="078085" urn="urn:sdmx:org.sdmx.infomodel.codelist.Code=IT1:CL_REFAREA(1.2).078085">
          <Name xml:lang="it" xmlns="http://www.sdmx.org/resources/sdmxml/schemas/v2_1/common">Mottafollone</Name>
          <Name xml:lang="en" xmlns="http://www.sdmx.org/resources/sdmxml/schemas/v2_1/common">Mottafollone</Name>
          <Parent>
            <Ref id="ITF61" xmlns="" />
          </Parent>
        </Code>
        <Code id="078086" urn="urn:sdmx:org.sdmx.infomodel.codelist.Code=IT1:CL_REFAREA(1.2).078086">
          <Name xml:lang="it" xmlns="http://www.sdmx.org/resources/sdmxml/schemas/v2_1/common">Nocara</Name>
          <Name xml:lang="en" xmlns="http://www.sdmx.org/resources/sdmxml/schemas/v2_1/common">Nocara</Name>
          <Parent>
            <Ref id="ITF61" xmlns="" />
          </Parent>
        </Code>
        <Code id="078087" urn="urn:sdmx:org.sdmx.infomodel.codelist.Code=IT1:CL_REFAREA(1.2).078087">
          <Name xml:lang="it" xmlns="http://www.sdmx.org/resources/sdmxml/schemas/v2_1/common">Oriolo</Name>
          <Name xml:lang="en" xmlns="http://www.sdmx.org/resources/sdmxml/schemas/v2_1/common">Oriolo</Name>
          <Parent>
            <Ref id="ITF61" xmlns="" />
          </Parent>
        </Code>
        <Code id="078088" urn="urn:sdmx:org.sdmx.infomodel.codelist.Code=IT1:CL_REFAREA(1.2).078088">
          <Name xml:lang="it" xmlns="http://www.sdmx.org/resources/sdmxml/schemas/v2_1/common">Orsomarso</Name>
          <Name xml:lang="en" xmlns="http://www.sdmx.org/resources/sdmxml/schemas/v2_1/common">Orsomarso</Name>
          <Parent>
            <Ref id="ITF61" xmlns="" />
          </Parent>
        </Code>
        <Code id="078089" urn="urn:sdmx:org.sdmx.infomodel.codelist.Code=IT1:CL_REFAREA(1.2).078089">
          <Name xml:lang="it" xmlns="http://www.sdmx.org/resources/sdmxml/schemas/v2_1/common">Paludi</Name>
          <Name xml:lang="en" xmlns="http://www.sdmx.org/resources/sdmxml/schemas/v2_1/common">Paludi</Name>
          <Parent>
            <Ref id="ITF61" xmlns="" />
          </Parent>
        </Code>
        <Code id="078090" urn="urn:sdmx:org.sdmx.infomodel.codelist.Code=IT1:CL_REFAREA(1.2).078090">
          <Name xml:lang="it" xmlns="http://www.sdmx.org/resources/sdmxml/schemas/v2_1/common">Panettieri</Name>
          <Name xml:lang="en" xmlns="http://www.sdmx.org/resources/sdmxml/schemas/v2_1/common">Panettieri</Name>
          <Parent>
            <Ref id="ITF61" xmlns="" />
          </Parent>
        </Code>
        <Code id="078091" urn="urn:sdmx:org.sdmx.infomodel.codelist.Code=IT1:CL_REFAREA(1.2).078091">
          <Name xml:lang="it" xmlns="http://www.sdmx.org/resources/sdmxml/schemas/v2_1/common">Paola</Name>
          <Name xml:lang="en" xmlns="http://www.sdmx.org/resources/sdmxml/schemas/v2_1/common">Paola</Name>
          <Parent>
            <Ref id="ITF61" xmlns="" />
          </Parent>
        </Code>
        <Code id="078092" urn="urn:sdmx:org.sdmx.infomodel.codelist.Code=IT1:CL_REFAREA(1.2).078092">
          <Name xml:lang="it" xmlns="http://www.sdmx.org/resources/sdmxml/schemas/v2_1/common">Papasidero</Name>
          <Name xml:lang="en" xmlns="http://www.sdmx.org/resources/sdmxml/schemas/v2_1/common">Papasidero</Name>
          <Parent>
            <Ref id="ITF61" xmlns="" />
          </Parent>
        </Code>
        <Code id="078093" urn="urn:sdmx:org.sdmx.infomodel.codelist.Code=IT1:CL_REFAREA(1.2).078093">
          <Name xml:lang="it" xmlns="http://www.sdmx.org/resources/sdmxml/schemas/v2_1/common">Parenti</Name>
          <Name xml:lang="en" xmlns="http://www.sdmx.org/resources/sdmxml/schemas/v2_1/common">Parenti</Name>
          <Parent>
            <Ref id="ITF61" xmlns="" />
          </Parent>
        </Code>
        <Code id="078094" urn="urn:sdmx:org.sdmx.infomodel.codelist.Code=IT1:CL_REFAREA(1.2).078094">
          <Name xml:lang="it" xmlns="http://www.sdmx.org/resources/sdmxml/schemas/v2_1/common">Paterno Calabro</Name>
          <Name xml:lang="en" xmlns="http://www.sdmx.org/resources/sdmxml/schemas/v2_1/common">Paterno Calabro</Name>
          <Parent>
            <Ref id="ITF61" xmlns="" />
          </Parent>
        </Code>
        <Code id="078095" urn="urn:sdmx:org.sdmx.infomodel.codelist.Code=IT1:CL_REFAREA(1.2).078095">
          <Name xml:lang="it" xmlns="http://www.sdmx.org/resources/sdmxml/schemas/v2_1/common">Pedace</Name>
          <Name xml:lang="en" xmlns="http://www.sdmx.org/resources/sdmxml/schemas/v2_1/common">Pedace</Name>
          <Parent>
            <Ref id="ITF61" xmlns="" />
          </Parent>
        </Code>
        <Code id="078096" urn="urn:sdmx:org.sdmx.infomodel.codelist.Code=IT1:CL_REFAREA(1.2).078096">
          <Name xml:lang="it" xmlns="http://www.sdmx.org/resources/sdmxml/schemas/v2_1/common">Pedivigliano</Name>
          <Name xml:lang="en" xmlns="http://www.sdmx.org/resources/sdmxml/schemas/v2_1/common">Pedivigliano</Name>
          <Parent>
            <Ref id="ITF61" xmlns="" />
          </Parent>
        </Code>
        <Code id="078097" urn="urn:sdmx:org.sdmx.infomodel.codelist.Code=IT1:CL_REFAREA(1.2).078097">
          <Name xml:lang="it" xmlns="http://www.sdmx.org/resources/sdmxml/schemas/v2_1/common">Piane Crati</Name>
          <Name xml:lang="en" xmlns="http://www.sdmx.org/resources/sdmxml/schemas/v2_1/common">Piane Crati</Name>
          <Parent>
            <Ref id="ITF61" xmlns="" />
          </Parent>
        </Code>
        <Code id="078098" urn="urn:sdmx:org.sdmx.infomodel.codelist.Code=IT1:CL_REFAREA(1.2).078098">
          <Name xml:lang="it" xmlns="http://www.sdmx.org/resources/sdmxml/schemas/v2_1/common">Pietrafitta</Name>
          <Name xml:lang="en" xmlns="http://www.sdmx.org/resources/sdmxml/schemas/v2_1/common">Pietrafitta</Name>
          <Parent>
            <Ref id="ITF61" xmlns="" />
          </Parent>
        </Code>
        <Code id="078099" urn="urn:sdmx:org.sdmx.infomodel.codelist.Code=IT1:CL_REFAREA(1.2).078099">
          <Name xml:lang="it" xmlns="http://www.sdmx.org/resources/sdmxml/schemas/v2_1/common">Pietrapaola</Name>
          <Name xml:lang="en" xmlns="http://www.sdmx.org/resources/sdmxml/schemas/v2_1/common">Pietrapaola</Name>
          <Parent>
            <Ref id="ITF61" xmlns="" />
          </Parent>
        </Code>
        <Code id="078100" urn="urn:sdmx:org.sdmx.infomodel.codelist.Code=IT1:CL_REFAREA(1.2).078100">
          <Name xml:lang="it" xmlns="http://www.sdmx.org/resources/sdmxml/schemas/v2_1/common">Plataci</Name>
          <Name xml:lang="en" xmlns="http://www.sdmx.org/resources/sdmxml/schemas/v2_1/common">Plataci</Name>
          <Parent>
            <Ref id="ITF61" xmlns="" />
          </Parent>
        </Code>
        <Code id="078101" urn="urn:sdmx:org.sdmx.infomodel.codelist.Code=IT1:CL_REFAREA(1.2).078101">
          <Name xml:lang="it" xmlns="http://www.sdmx.org/resources/sdmxml/schemas/v2_1/common">Praia a Mare</Name>
          <Name xml:lang="en" xmlns="http://www.sdmx.org/resources/sdmxml/schemas/v2_1/common">Praia a Mare</Name>
          <Parent>
            <Ref id="ITF61" xmlns="" />
          </Parent>
        </Code>
        <Code id="078102" urn="urn:sdmx:org.sdmx.infomodel.codelist.Code=IT1:CL_REFAREA(1.2).078102">
          <Name xml:lang="it" xmlns="http://www.sdmx.org/resources/sdmxml/schemas/v2_1/common">Rende</Name>
          <Name xml:lang="en" xmlns="http://www.sdmx.org/resources/sdmxml/schemas/v2_1/common">Rende</Name>
          <Parent>
            <Ref id="ITF61" xmlns="" />
          </Parent>
        </Code>
        <Code id="078103" urn="urn:sdmx:org.sdmx.infomodel.codelist.Code=IT1:CL_REFAREA(1.2).078103">
          <Name xml:lang="it" xmlns="http://www.sdmx.org/resources/sdmxml/schemas/v2_1/common">Rocca Imperiale</Name>
          <Name xml:lang="en" xmlns="http://www.sdmx.org/resources/sdmxml/schemas/v2_1/common">Rocca Imperiale</Name>
          <Parent>
            <Ref id="ITF61" xmlns="" />
          </Parent>
        </Code>
        <Code id="078104" urn="urn:sdmx:org.sdmx.infomodel.codelist.Code=IT1:CL_REFAREA(1.2).078104">
          <Name xml:lang="it" xmlns="http://www.sdmx.org/resources/sdmxml/schemas/v2_1/common">Roggiano Gravina</Name>
          <Name xml:lang="en" xmlns="http://www.sdmx.org/resources/sdmxml/schemas/v2_1/common">Roggiano Gravina</Name>
          <Parent>
            <Ref id="ITF61" xmlns="" />
          </Parent>
        </Code>
        <Code id="078105" urn="urn:sdmx:org.sdmx.infomodel.codelist.Code=IT1:CL_REFAREA(1.2).078105">
          <Name xml:lang="it" xmlns="http://www.sdmx.org/resources/sdmxml/schemas/v2_1/common">Rogliano</Name>
          <Name xml:lang="en" xmlns="http://www.sdmx.org/resources/sdmxml/schemas/v2_1/common">Rogliano</Name>
          <Parent>
            <Ref id="ITF61" xmlns="" />
          </Parent>
        </Code>
        <Code id="078106" urn="urn:sdmx:org.sdmx.infomodel.codelist.Code=IT1:CL_REFAREA(1.2).078106">
          <Name xml:lang="it" xmlns="http://www.sdmx.org/resources/sdmxml/schemas/v2_1/common">Rose</Name>
          <Name xml:lang="en" xmlns="http://www.sdmx.org/resources/sdmxml/schemas/v2_1/common">Rose</Name>
          <Parent>
            <Ref id="ITF61" xmlns="" />
          </Parent>
        </Code>
        <Code id="078107" urn="urn:sdmx:org.sdmx.infomodel.codelist.Code=IT1:CL_REFAREA(1.2).078107">
          <Name xml:lang="it" xmlns="http://www.sdmx.org/resources/sdmxml/schemas/v2_1/common">Roseto Capo Spulico</Name>
          <Name xml:lang="en" xmlns="http://www.sdmx.org/resources/sdmxml/schemas/v2_1/common">Roseto Capo Spulico</Name>
          <Parent>
            <Ref id="ITF61" xmlns="" />
          </Parent>
        </Code>
        <Code id="078108" urn="urn:sdmx:org.sdmx.infomodel.codelist.Code=IT1:CL_REFAREA(1.2).078108">
          <Name xml:lang="it" xmlns="http://www.sdmx.org/resources/sdmxml/schemas/v2_1/common">Rossano</Name>
          <Name xml:lang="en" xmlns="http://www.sdmx.org/resources/sdmxml/schemas/v2_1/common">Rossano</Name>
          <Parent>
            <Ref id="ITF61" xmlns="" />
          </Parent>
        </Code>
        <Code id="078109" urn="urn:sdmx:org.sdmx.infomodel.codelist.Code=IT1:CL_REFAREA(1.2).078109">
          <Name xml:lang="it" xmlns="http://www.sdmx.org/resources/sdmxml/schemas/v2_1/common">Rota Greca</Name>
          <Name xml:lang="en" xmlns="http://www.sdmx.org/resources/sdmxml/schemas/v2_1/common">Rota Greca</Name>
          <Parent>
            <Ref id="ITF61" xmlns="" />
          </Parent>
        </Code>
        <Code id="078110" urn="urn:sdmx:org.sdmx.infomodel.codelist.Code=IT1:CL_REFAREA(1.2).078110">
          <Name xml:lang="it" xmlns="http://www.sdmx.org/resources/sdmxml/schemas/v2_1/common">Rovito</Name>
          <Name xml:lang="en" xmlns="http://www.sdmx.org/resources/sdmxml/schemas/v2_1/common">Rovito</Name>
          <Parent>
            <Ref id="ITF61" xmlns="" />
          </Parent>
        </Code>
        <Code id="078111" urn="urn:sdmx:org.sdmx.infomodel.codelist.Code=IT1:CL_REFAREA(1.2).078111">
          <Name xml:lang="it" xmlns="http://www.sdmx.org/resources/sdmxml/schemas/v2_1/common">San Basile</Name>
          <Name xml:lang="en" xmlns="http://www.sdmx.org/resources/sdmxml/schemas/v2_1/common">San Basile</Name>
          <Parent>
            <Ref id="ITF61" xmlns="" />
          </Parent>
        </Code>
        <Code id="078112" urn="urn:sdmx:org.sdmx.infomodel.codelist.Code=IT1:CL_REFAREA(1.2).078112">
          <Name xml:lang="it" xmlns="http://www.sdmx.org/resources/sdmxml/schemas/v2_1/common">San Benedetto Ullano</Name>
          <Name xml:lang="en" xmlns="http://www.sdmx.org/resources/sdmxml/schemas/v2_1/common">San Benedetto Ullano</Name>
          <Parent>
            <Ref id="ITF61" xmlns="" />
          </Parent>
        </Code>
        <Code id="078113" urn="urn:sdmx:org.sdmx.infomodel.codelist.Code=IT1:CL_REFAREA(1.2).078113">
          <Name xml:lang="it" xmlns="http://www.sdmx.org/resources/sdmxml/schemas/v2_1/common">San Cosmo Albanese</Name>
          <Name xml:lang="en" xmlns="http://www.sdmx.org/resources/sdmxml/schemas/v2_1/common">San Cosmo Albanese</Name>
          <Parent>
            <Ref id="ITF61" xmlns="" />
          </Parent>
        </Code>
        <Code id="078114" urn="urn:sdmx:org.sdmx.infomodel.codelist.Code=IT1:CL_REFAREA(1.2).078114">
          <Name xml:lang="it" xmlns="http://www.sdmx.org/resources/sdmxml/schemas/v2_1/common">San Demetrio Corone</Name>
          <Name xml:lang="en" xmlns="http://www.sdmx.org/resources/sdmxml/schemas/v2_1/common">San Demetrio Corone</Name>
          <Parent>
            <Ref id="ITF61" xmlns="" />
          </Parent>
        </Code>
        <Code id="078115" urn="urn:sdmx:org.sdmx.infomodel.codelist.Code=IT1:CL_REFAREA(1.2).078115">
          <Name xml:lang="it" xmlns="http://www.sdmx.org/resources/sdmxml/schemas/v2_1/common">San Donato di Ninea</Name>
          <Name xml:lang="en" xmlns="http://www.sdmx.org/resources/sdmxml/schemas/v2_1/common">San Donato di Ninea</Name>
          <Parent>
            <Ref id="ITF61" xmlns="" />
          </Parent>
        </Code>
        <Code id="078116" urn="urn:sdmx:org.sdmx.infomodel.codelist.Code=IT1:CL_REFAREA(1.2).078116">
          <Name xml:lang="it" xmlns="http://www.sdmx.org/resources/sdmxml/schemas/v2_1/common">San Fili</Name>
          <Name xml:lang="en" xmlns="http://www.sdmx.org/resources/sdmxml/schemas/v2_1/common">San Fili</Name>
          <Parent>
            <Ref id="ITF61" xmlns="" />
          </Parent>
        </Code>
        <Code id="078117" urn="urn:sdmx:org.sdmx.infomodel.codelist.Code=IT1:CL_REFAREA(1.2).078117">
          <Name xml:lang="it" xmlns="http://www.sdmx.org/resources/sdmxml/schemas/v2_1/common">Sangineto</Name>
          <Name xml:lang="en" xmlns="http://www.sdmx.org/resources/sdmxml/schemas/v2_1/common">Sangineto</Name>
          <Parent>
            <Ref id="ITF61" xmlns="" />
          </Parent>
        </Code>
        <Code id="078118" urn="urn:sdmx:org.sdmx.infomodel.codelist.Code=IT1:CL_REFAREA(1.2).078118">
          <Name xml:lang="it" xmlns="http://www.sdmx.org/resources/sdmxml/schemas/v2_1/common">San Giorgio Albanese</Name>
          <Name xml:lang="en" xmlns="http://www.sdmx.org/resources/sdmxml/schemas/v2_1/common">San Giorgio Albanese</Name>
          <Parent>
            <Ref id="ITF61" xmlns="" />
          </Parent>
        </Code>
        <Code id="078119" urn="urn:sdmx:org.sdmx.infomodel.codelist.Code=IT1:CL_REFAREA(1.2).078119">
          <Name xml:lang="it" xmlns="http://www.sdmx.org/resources/sdmxml/schemas/v2_1/common">San Giovanni in Fiore</Name>
          <Name xml:lang="en" xmlns="http://www.sdmx.org/resources/sdmxml/schemas/v2_1/common">San Giovanni in Fiore</Name>
          <Parent>
            <Ref id="ITF61" xmlns="" />
          </Parent>
        </Code>
        <Code id="078120" urn="urn:sdmx:org.sdmx.infomodel.codelist.Code=IT1:CL_REFAREA(1.2).078120">
          <Name xml:lang="it" xmlns="http://www.sdmx.org/resources/sdmxml/schemas/v2_1/common">San Lorenzo Bellizzi</Name>
          <Name xml:lang="en" xmlns="http://www.sdmx.org/resources/sdmxml/schemas/v2_1/common">San Lorenzo Bellizzi</Name>
          <Parent>
            <Ref id="ITF61" xmlns="" />
          </Parent>
        </Code>
        <Code id="078121" urn="urn:sdmx:org.sdmx.infomodel.codelist.Code=IT1:CL_REFAREA(1.2).078121">
          <Name xml:lang="it" xmlns="http://www.sdmx.org/resources/sdmxml/schemas/v2_1/common">San Lorenzo del Vallo</Name>
          <Name xml:lang="en" xmlns="http://www.sdmx.org/resources/sdmxml/schemas/v2_1/common">San Lorenzo del Vallo</Name>
          <Parent>
            <Ref id="ITF61" xmlns="" />
          </Parent>
        </Code>
        <Code id="078122" urn="urn:sdmx:org.sdmx.infomodel.codelist.Code=IT1:CL_REFAREA(1.2).078122">
          <Name xml:lang="it" xmlns="http://www.sdmx.org/resources/sdmxml/schemas/v2_1/common">San Lucido</Name>
          <Name xml:lang="en" xmlns="http://www.sdmx.org/resources/sdmxml/schemas/v2_1/common">San Lucido</Name>
          <Parent>
            <Ref id="ITF61" xmlns="" />
          </Parent>
        </Code>
        <Code id="078123" urn="urn:sdmx:org.sdmx.infomodel.codelist.Code=IT1:CL_REFAREA(1.2).078123">
          <Name xml:lang="it" xmlns="http://www.sdmx.org/resources/sdmxml/schemas/v2_1/common">San Marco Argentano</Name>
          <Name xml:lang="en" xmlns="http://www.sdmx.org/resources/sdmxml/schemas/v2_1/common">San Marco Argentano</Name>
          <Parent>
            <Ref id="ITF61" xmlns="" />
          </Parent>
        </Code>
        <Code id="078124" urn="urn:sdmx:org.sdmx.infomodel.codelist.Code=IT1:CL_REFAREA(1.2).078124">
          <Name xml:lang="it" xmlns="http://www.sdmx.org/resources/sdmxml/schemas/v2_1/common">San Martino di Finita</Name>
          <Name xml:lang="en" xmlns="http://www.sdmx.org/resources/sdmxml/schemas/v2_1/common">San Martino di Finita</Name>
          <Parent>
            <Ref id="ITF61" xmlns="" />
          </Parent>
        </Code>
        <Code id="078125" urn="urn:sdmx:org.sdmx.infomodel.codelist.Code=IT1:CL_REFAREA(1.2).078125">
          <Name xml:lang="it" xmlns="http://www.sdmx.org/resources/sdmxml/schemas/v2_1/common">San Nicola Arcella</Name>
          <Name xml:lang="en" xmlns="http://www.sdmx.org/resources/sdmxml/schemas/v2_1/common">San Nicola Arcella</Name>
          <Parent>
            <Ref id="ITF61" xmlns="" />
          </Parent>
        </Code>
        <Code id="078126" urn="urn:sdmx:org.sdmx.infomodel.codelist.Code=IT1:CL_REFAREA(1.2).078126">
          <Name xml:lang="it" xmlns="http://www.sdmx.org/resources/sdmxml/schemas/v2_1/common">San Pietro in Amantea</Name>
          <Name xml:lang="en" xmlns="http://www.sdmx.org/resources/sdmxml/schemas/v2_1/common">San Pietro in Amantea</Name>
          <Parent>
            <Ref id="ITF61" xmlns="" />
          </Parent>
        </Code>
        <Code id="078127" urn="urn:sdmx:org.sdmx.infomodel.codelist.Code=IT1:CL_REFAREA(1.2).078127">
          <Name xml:lang="it" xmlns="http://www.sdmx.org/resources/sdmxml/schemas/v2_1/common">San Pietro in Guarano</Name>
          <Name xml:lang="en" xmlns="http://www.sdmx.org/resources/sdmxml/schemas/v2_1/common">San Pietro in Guarano</Name>
          <Parent>
            <Ref id="ITF61" xmlns="" />
          </Parent>
        </Code>
        <Code id="078128" urn="urn:sdmx:org.sdmx.infomodel.codelist.Code=IT1:CL_REFAREA(1.2).078128">
          <Name xml:lang="it" xmlns="http://www.sdmx.org/resources/sdmxml/schemas/v2_1/common">San Sosti</Name>
          <Name xml:lang="en" xmlns="http://www.sdmx.org/resources/sdmxml/schemas/v2_1/common">San Sosti</Name>
          <Parent>
            <Ref id="ITF61" xmlns="" />
          </Parent>
        </Code>
        <Code id="078129" urn="urn:sdmx:org.sdmx.infomodel.codelist.Code=IT1:CL_REFAREA(1.2).078129">
          <Name xml:lang="it" xmlns="http://www.sdmx.org/resources/sdmxml/schemas/v2_1/common">Santa Caterina Albanese</Name>
          <Name xml:lang="en" xmlns="http://www.sdmx.org/resources/sdmxml/schemas/v2_1/common">Santa Caterina Albanese</Name>
          <Parent>
            <Ref id="ITF61" xmlns="" />
          </Parent>
        </Code>
        <Code id="078130" urn="urn:sdmx:org.sdmx.infomodel.codelist.Code=IT1:CL_REFAREA(1.2).078130">
          <Name xml:lang="it" xmlns="http://www.sdmx.org/resources/sdmxml/schemas/v2_1/common">Santa Domenica Talao</Name>
          <Name xml:lang="en" xmlns="http://www.sdmx.org/resources/sdmxml/schemas/v2_1/common">Santa Domenica Talao</Name>
          <Parent>
            <Ref id="ITF61" xmlns="" />
          </Parent>
        </Code>
        <Code id="078131" urn="urn:sdmx:org.sdmx.infomodel.codelist.Code=IT1:CL_REFAREA(1.2).078131">
          <Name xml:lang="it" xmlns="http://www.sdmx.org/resources/sdmxml/schemas/v2_1/common">Sant'Agata di Esaro</Name>
          <Name xml:lang="en" xmlns="http://www.sdmx.org/resources/sdmxml/schemas/v2_1/common">Sant'Agata di Esaro</Name>
          <Parent>
            <Ref id="ITF61" xmlns="" />
          </Parent>
        </Code>
        <Code id="078132" urn="urn:sdmx:org.sdmx.infomodel.codelist.Code=IT1:CL_REFAREA(1.2).078132">
          <Name xml:lang="it" xmlns="http://www.sdmx.org/resources/sdmxml/schemas/v2_1/common">Santa Maria del Cedro</Name>
          <Name xml:lang="en" xmlns="http://www.sdmx.org/resources/sdmxml/schemas/v2_1/common">Santa Maria del Cedro</Name>
          <Parent>
            <Ref id="ITF61" xmlns="" />
          </Parent>
        </Code>
        <Code id="078133" urn="urn:sdmx:org.sdmx.infomodel.codelist.Code=IT1:CL_REFAREA(1.2).078133">
          <Name xml:lang="it" xmlns="http://www.sdmx.org/resources/sdmxml/schemas/v2_1/common">Santa Sofia d'Epiro</Name>
          <Name xml:lang="en" xmlns="http://www.sdmx.org/resources/sdmxml/schemas/v2_1/common">Santa Sofia d'Epiro</Name>
          <Parent>
            <Ref id="ITF61" xmlns="" />
          </Parent>
        </Code>
        <Code id="078134" urn="urn:sdmx:org.sdmx.infomodel.codelist.Code=IT1:CL_REFAREA(1.2).078134">
          <Name xml:lang="it" xmlns="http://www.sdmx.org/resources/sdmxml/schemas/v2_1/common">Santo Stefano di Rogliano</Name>
          <Name xml:lang="en" xmlns="http://www.sdmx.org/resources/sdmxml/schemas/v2_1/common">Santo Stefano di Rogliano</Name>
          <Parent>
            <Ref id="ITF61" xmlns="" />
          </Parent>
        </Code>
        <Code id="078135" urn="urn:sdmx:org.sdmx.infomodel.codelist.Code=IT1:CL_REFAREA(1.2).078135">
          <Name xml:lang="it" xmlns="http://www.sdmx.org/resources/sdmxml/schemas/v2_1/common">San Vincenzo La Costa</Name>
          <Name xml:lang="en" xmlns="http://www.sdmx.org/resources/sdmxml/schemas/v2_1/common">San Vincenzo La Costa</Name>
          <Parent>
            <Ref id="ITF61" xmlns="" />
          </Parent>
        </Code>
        <Code id="078136" urn="urn:sdmx:org.sdmx.infomodel.codelist.Code=IT1:CL_REFAREA(1.2).078136">
          <Name xml:lang="it" xmlns="http://www.sdmx.org/resources/sdmxml/schemas/v2_1/common">Saracena</Name>
          <Name xml:lang="en" xmlns="http://www.sdmx.org/resources/sdmxml/schemas/v2_1/common">Saracena</Name>
          <Parent>
            <Ref id="ITF61" xmlns="" />
          </Parent>
        </Code>
        <Code id="078137" urn="urn:sdmx:org.sdmx.infomodel.codelist.Code=IT1:CL_REFAREA(1.2).078137">
          <Name xml:lang="it" xmlns="http://www.sdmx.org/resources/sdmxml/schemas/v2_1/common">Scala Coeli</Name>
          <Name xml:lang="en" xmlns="http://www.sdmx.org/resources/sdmxml/schemas/v2_1/common">Scala Coeli</Name>
          <Parent>
            <Ref id="ITF61" xmlns="" />
          </Parent>
        </Code>
        <Code id="078138" urn="urn:sdmx:org.sdmx.infomodel.codelist.Code=IT1:CL_REFAREA(1.2).078138">
          <Name xml:lang="it" xmlns="http://www.sdmx.org/resources/sdmxml/schemas/v2_1/common">Scalea</Name>
          <Name xml:lang="en" xmlns="http://www.sdmx.org/resources/sdmxml/schemas/v2_1/common">Scalea</Name>
          <Parent>
            <Ref id="ITF61" xmlns="" />
          </Parent>
        </Code>
        <Code id="078139" urn="urn:sdmx:org.sdmx.infomodel.codelist.Code=IT1:CL_REFAREA(1.2).078139">
          <Name xml:lang="it" xmlns="http://www.sdmx.org/resources/sdmxml/schemas/v2_1/common">Scigliano</Name>
          <Name xml:lang="en" xmlns="http://www.sdmx.org/resources/sdmxml/schemas/v2_1/common">Scigliano</Name>
          <Parent>
            <Ref id="ITF61" xmlns="" />
          </Parent>
        </Code>
        <Code id="078140" urn="urn:sdmx:org.sdmx.infomodel.codelist.Code=IT1:CL_REFAREA(1.2).078140">
          <Name xml:lang="it" xmlns="http://www.sdmx.org/resources/sdmxml/schemas/v2_1/common">Serra d'Aiello</Name>
          <Name xml:lang="en" xmlns="http://www.sdmx.org/resources/sdmxml/schemas/v2_1/common">Serra d'Aiello</Name>
          <Parent>
            <Ref id="ITF61" xmlns="" />
          </Parent>
        </Code>
        <Code id="078141" urn="urn:sdmx:org.sdmx.infomodel.codelist.Code=IT1:CL_REFAREA(1.2).078141">
          <Name xml:lang="it" xmlns="http://www.sdmx.org/resources/sdmxml/schemas/v2_1/common">Serra Pedace</Name>
          <Name xml:lang="en" xmlns="http://www.sdmx.org/resources/sdmxml/schemas/v2_1/common">Serra Pedace</Name>
          <Parent>
            <Ref id="ITF61" xmlns="" />
          </Parent>
        </Code>
        <Code id="078142" urn="urn:sdmx:org.sdmx.infomodel.codelist.Code=IT1:CL_REFAREA(1.2).078142">
          <Name xml:lang="it" xmlns="http://www.sdmx.org/resources/sdmxml/schemas/v2_1/common">Spezzano Albanese</Name>
          <Name xml:lang="en" xmlns="http://www.sdmx.org/resources/sdmxml/schemas/v2_1/common">Spezzano Albanese</Name>
          <Parent>
            <Ref id="ITF61" xmlns="" />
          </Parent>
        </Code>
        <Code id="078143" urn="urn:sdmx:org.sdmx.infomodel.codelist.Code=IT1:CL_REFAREA(1.2).078143">
          <Name xml:lang="it" xmlns="http://www.sdmx.org/resources/sdmxml/schemas/v2_1/common">Spezzano della Sila</Name>
          <Name xml:lang="en" xmlns="http://www.sdmx.org/resources/sdmxml/schemas/v2_1/common">Spezzano della Sila</Name>
          <Parent>
            <Ref id="ITF61" xmlns="" />
          </Parent>
        </Code>
        <Code id="078144" urn="urn:sdmx:org.sdmx.infomodel.codelist.Code=IT1:CL_REFAREA(1.2).078144">
          <Name xml:lang="it" xmlns="http://www.sdmx.org/resources/sdmxml/schemas/v2_1/common">Spezzano Piccolo</Name>
          <Name xml:lang="en" xmlns="http://www.sdmx.org/resources/sdmxml/schemas/v2_1/common">Spezzano Piccolo</Name>
          <Parent>
            <Ref id="ITF61" xmlns="" />
          </Parent>
        </Code>
        <Code id="078145" urn="urn:sdmx:org.sdmx.infomodel.codelist.Code=IT1:CL_REFAREA(1.2).078145">
          <Name xml:lang="it" xmlns="http://www.sdmx.org/resources/sdmxml/schemas/v2_1/common">Tarsia</Name>
          <Name xml:lang="en" xmlns="http://www.sdmx.org/resources/sdmxml/schemas/v2_1/common">Tarsia</Name>
          <Parent>
            <Ref id="ITF61" xmlns="" />
          </Parent>
        </Code>
        <Code id="078146" urn="urn:sdmx:org.sdmx.infomodel.codelist.Code=IT1:CL_REFAREA(1.2).078146">
          <Name xml:lang="it" xmlns="http://www.sdmx.org/resources/sdmxml/schemas/v2_1/common">Terranova da Sibari</Name>
          <Name xml:lang="en" xmlns="http://www.sdmx.org/resources/sdmxml/schemas/v2_1/common">Terranova da Sibari</Name>
          <Parent>
            <Ref id="ITF61" xmlns="" />
          </Parent>
        </Code>
        <Code id="078147" urn="urn:sdmx:org.sdmx.infomodel.codelist.Code=IT1:CL_REFAREA(1.2).078147">
          <Name xml:lang="it" xmlns="http://www.sdmx.org/resources/sdmxml/schemas/v2_1/common">Terravecchia</Name>
          <Name xml:lang="en" xmlns="http://www.sdmx.org/resources/sdmxml/schemas/v2_1/common">Terravecchia</Name>
          <Parent>
            <Ref id="ITF61" xmlns="" />
          </Parent>
        </Code>
        <Code id="078148" urn="urn:sdmx:org.sdmx.infomodel.codelist.Code=IT1:CL_REFAREA(1.2).078148">
          <Name xml:lang="it" xmlns="http://www.sdmx.org/resources/sdmxml/schemas/v2_1/common">Torano Castello</Name>
          <Name xml:lang="en" xmlns="http://www.sdmx.org/resources/sdmxml/schemas/v2_1/common">Torano Castello</Name>
          <Parent>
            <Ref id="ITF61" xmlns="" />
          </Parent>
        </Code>
        <Code id="078149" urn="urn:sdmx:org.sdmx.infomodel.codelist.Code=IT1:CL_REFAREA(1.2).078149">
          <Name xml:lang="it" xmlns="http://www.sdmx.org/resources/sdmxml/schemas/v2_1/common">Tortora</Name>
          <Name xml:lang="en" xmlns="http://www.sdmx.org/resources/sdmxml/schemas/v2_1/common">Tortora</Name>
          <Parent>
            <Ref id="ITF61" xmlns="" />
          </Parent>
        </Code>
        <Code id="078150" urn="urn:sdmx:org.sdmx.infomodel.codelist.Code=IT1:CL_REFAREA(1.2).078150">
          <Name xml:lang="it" xmlns="http://www.sdmx.org/resources/sdmxml/schemas/v2_1/common">Trebisacce</Name>
          <Name xml:lang="en" xmlns="http://www.sdmx.org/resources/sdmxml/schemas/v2_1/common">Trebisacce</Name>
          <Parent>
            <Ref id="ITF61" xmlns="" />
          </Parent>
        </Code>
        <Code id="078151" urn="urn:sdmx:org.sdmx.infomodel.codelist.Code=IT1:CL_REFAREA(1.2).078151">
          <Name xml:lang="it" xmlns="http://www.sdmx.org/resources/sdmxml/schemas/v2_1/common">Trenta</Name>
          <Name xml:lang="en" xmlns="http://www.sdmx.org/resources/sdmxml/schemas/v2_1/common">Trenta</Name>
          <Parent>
            <Ref id="ITF61" xmlns="" />
          </Parent>
        </Code>
        <Code id="078152" urn="urn:sdmx:org.sdmx.infomodel.codelist.Code=IT1:CL_REFAREA(1.2).078152">
          <Name xml:lang="it" xmlns="http://www.sdmx.org/resources/sdmxml/schemas/v2_1/common">Vaccarizzo Albanese</Name>
          <Name xml:lang="en" xmlns="http://www.sdmx.org/resources/sdmxml/schemas/v2_1/common">Vaccarizzo Albanese</Name>
          <Parent>
            <Ref id="ITF61" xmlns="" />
          </Parent>
        </Code>
        <Code id="078153" urn="urn:sdmx:org.sdmx.infomodel.codelist.Code=IT1:CL_REFAREA(1.2).078153">
          <Name xml:lang="it" xmlns="http://www.sdmx.org/resources/sdmxml/schemas/v2_1/common">Verbicaro</Name>
          <Name xml:lang="en" xmlns="http://www.sdmx.org/resources/sdmxml/schemas/v2_1/common">Verbicaro</Name>
          <Parent>
            <Ref id="ITF61" xmlns="" />
          </Parent>
        </Code>
        <Code id="078154" urn="urn:sdmx:org.sdmx.infomodel.codelist.Code=IT1:CL_REFAREA(1.2).078154">
          <Name xml:lang="it" xmlns="http://www.sdmx.org/resources/sdmxml/schemas/v2_1/common">Villapiana</Name>
          <Name xml:lang="en" xmlns="http://www.sdmx.org/resources/sdmxml/schemas/v2_1/common">Villapiana</Name>
          <Parent>
            <Ref id="ITF61" xmlns="" />
          </Parent>
        </Code>
        <Code id="078155" urn="urn:sdmx:org.sdmx.infomodel.codelist.Code=IT1:CL_REFAREA(1.2).078155">
          <Name xml:lang="it" xmlns="http://www.sdmx.org/resources/sdmxml/schemas/v2_1/common">Zumpano</Name>
          <Name xml:lang="en" xmlns="http://www.sdmx.org/resources/sdmxml/schemas/v2_1/common">Zumpano</Name>
          <Parent>
            <Ref id="ITF61" xmlns="" />
          </Parent>
        </Code>
        <Code id="079001" urn="urn:sdmx:org.sdmx.infomodel.codelist.Code=IT1:CL_REFAREA(1.2).079001">
          <Name xml:lang="it" xmlns="http://www.sdmx.org/resources/sdmxml/schemas/v2_1/common">Acquaro</Name>
          <Name xml:lang="en" xmlns="http://www.sdmx.org/resources/sdmxml/schemas/v2_1/common">Acquaro</Name>
          <Parent>
            <Ref id="ITF63" xmlns="" />
          </Parent>
        </Code>
        <Code id="079002" urn="urn:sdmx:org.sdmx.infomodel.codelist.Code=IT1:CL_REFAREA(1.2).079002">
          <Name xml:lang="it" xmlns="http://www.sdmx.org/resources/sdmxml/schemas/v2_1/common">Albi</Name>
          <Name xml:lang="en" xmlns="http://www.sdmx.org/resources/sdmxml/schemas/v2_1/common">Albi</Name>
          <Parent>
            <Ref id="ITF63" xmlns="" />
          </Parent>
        </Code>
        <Code id="079003" urn="urn:sdmx:org.sdmx.infomodel.codelist.Code=IT1:CL_REFAREA(1.2).079003">
          <Name xml:lang="it" xmlns="http://www.sdmx.org/resources/sdmxml/schemas/v2_1/common">Amaroni</Name>
          <Name xml:lang="en" xmlns="http://www.sdmx.org/resources/sdmxml/schemas/v2_1/common">Amaroni</Name>
          <Parent>
            <Ref id="ITF63" xmlns="" />
          </Parent>
        </Code>
        <Code id="079004" urn="urn:sdmx:org.sdmx.infomodel.codelist.Code=IT1:CL_REFAREA(1.2).079004">
          <Name xml:lang="it" xmlns="http://www.sdmx.org/resources/sdmxml/schemas/v2_1/common">Amato</Name>
          <Name xml:lang="en" xmlns="http://www.sdmx.org/resources/sdmxml/schemas/v2_1/common">Amato</Name>
          <Parent>
            <Ref id="ITF63" xmlns="" />
          </Parent>
        </Code>
        <Code id="079005" urn="urn:sdmx:org.sdmx.infomodel.codelist.Code=IT1:CL_REFAREA(1.2).079005">
          <Name xml:lang="it" xmlns="http://www.sdmx.org/resources/sdmxml/schemas/v2_1/common">Andali</Name>
          <Name xml:lang="en" xmlns="http://www.sdmx.org/resources/sdmxml/schemas/v2_1/common">Andali</Name>
          <Parent>
            <Ref id="ITF63" xmlns="" />
          </Parent>
        </Code>
        <Code id="079006" urn="urn:sdmx:org.sdmx.infomodel.codelist.Code=IT1:CL_REFAREA(1.2).079006">
          <Name xml:lang="it" xmlns="http://www.sdmx.org/resources/sdmxml/schemas/v2_1/common">Arena</Name>
          <Name xml:lang="en" xmlns="http://www.sdmx.org/resources/sdmxml/schemas/v2_1/common">Arena</Name>
          <Parent>
            <Ref id="ITF63" xmlns="" />
          </Parent>
        </Code>
        <Code id="079007" urn="urn:sdmx:org.sdmx.infomodel.codelist.Code=IT1:CL_REFAREA(1.2).079007">
          <Name xml:lang="it" xmlns="http://www.sdmx.org/resources/sdmxml/schemas/v2_1/common">Argusto</Name>
          <Name xml:lang="en" xmlns="http://www.sdmx.org/resources/sdmxml/schemas/v2_1/common">Argusto</Name>
          <Parent>
            <Ref id="ITF63" xmlns="" />
          </Parent>
        </Code>
        <Code id="079008" urn="urn:sdmx:org.sdmx.infomodel.codelist.Code=IT1:CL_REFAREA(1.2).079008">
          <Name xml:lang="it" xmlns="http://www.sdmx.org/resources/sdmxml/schemas/v2_1/common">Badolato</Name>
          <Name xml:lang="en" xmlns="http://www.sdmx.org/resources/sdmxml/schemas/v2_1/common">Badolato</Name>
          <Parent>
            <Ref id="ITF63" xmlns="" />
          </Parent>
        </Code>
        <Code id="079009" urn="urn:sdmx:org.sdmx.infomodel.codelist.Code=IT1:CL_REFAREA(1.2).079009">
          <Name xml:lang="it" xmlns="http://www.sdmx.org/resources/sdmxml/schemas/v2_1/common">Belcastro</Name>
          <Name xml:lang="en" xmlns="http://www.sdmx.org/resources/sdmxml/schemas/v2_1/common">Belcastro</Name>
          <Parent>
            <Ref id="ITF63" xmlns="" />
          </Parent>
        </Code>
        <Code id="079010" urn="urn:sdmx:org.sdmx.infomodel.codelist.Code=IT1:CL_REFAREA(1.2).079010">
          <Name xml:lang="it" xmlns="http://www.sdmx.org/resources/sdmxml/schemas/v2_1/common">Belvedere di Spinello</Name>
          <Name xml:lang="en" xmlns="http://www.sdmx.org/resources/sdmxml/schemas/v2_1/common">Belvedere di Spinello</Name>
          <Parent>
            <Ref id="ITF63" xmlns="" />
          </Parent>
        </Code>
        <Code id="079011" urn="urn:sdmx:org.sdmx.infomodel.codelist.Code=IT1:CL_REFAREA(1.2).079011">
          <Name xml:lang="it" xmlns="http://www.sdmx.org/resources/sdmxml/schemas/v2_1/common">Borgia</Name>
          <Name xml:lang="en" xmlns="http://www.sdmx.org/resources/sdmxml/schemas/v2_1/common">Borgia</Name>
          <Parent>
            <Ref id="ITF63" xmlns="" />
          </Parent>
        </Code>
        <Code id="079012" urn="urn:sdmx:org.sdmx.infomodel.codelist.Code=IT1:CL_REFAREA(1.2).079012">
          <Name xml:lang="it" xmlns="http://www.sdmx.org/resources/sdmxml/schemas/v2_1/common">Botricello</Name>
          <Name xml:lang="en" xmlns="http://www.sdmx.org/resources/sdmxml/schemas/v2_1/common">Botricello</Name>
          <Parent>
            <Ref id="ITF63" xmlns="" />
          </Parent>
        </Code>
        <Code id="079013" urn="urn:sdmx:org.sdmx.infomodel.codelist.Code=IT1:CL_REFAREA(1.2).079013">
          <Name xml:lang="it" xmlns="http://www.sdmx.org/resources/sdmxml/schemas/v2_1/common">Briatico</Name>
          <Name xml:lang="en" xmlns="http://www.sdmx.org/resources/sdmxml/schemas/v2_1/common">Briatico</Name>
          <Parent>
            <Ref id="ITF63" xmlns="" />
          </Parent>
        </Code>
        <Code id="079014" urn="urn:sdmx:org.sdmx.infomodel.codelist.Code=IT1:CL_REFAREA(1.2).079014">
          <Name xml:lang="it" xmlns="http://www.sdmx.org/resources/sdmxml/schemas/v2_1/common">Brognaturo</Name>
          <Name xml:lang="en" xmlns="http://www.sdmx.org/resources/sdmxml/schemas/v2_1/common">Brognaturo</Name>
          <Parent>
            <Ref id="ITF63" xmlns="" />
          </Parent>
        </Code>
        <Code id="079015" urn="urn:sdmx:org.sdmx.infomodel.codelist.Code=IT1:CL_REFAREA(1.2).079015">
          <Name xml:lang="it" xmlns="http://www.sdmx.org/resources/sdmxml/schemas/v2_1/common">Caccuri</Name>
          <Name xml:lang="en" xmlns="http://www.sdmx.org/resources/sdmxml/schemas/v2_1/common">Caccuri</Name>
          <Parent>
            <Ref id="ITF63" xmlns="" />
          </Parent>
        </Code>
        <Code id="079016" urn="urn:sdmx:org.sdmx.infomodel.codelist.Code=IT1:CL_REFAREA(1.2).079016">
          <Name xml:lang="it" xmlns="http://www.sdmx.org/resources/sdmxml/schemas/v2_1/common">Capistrano</Name>
          <Name xml:lang="en" xmlns="http://www.sdmx.org/resources/sdmxml/schemas/v2_1/common">Capistrano</Name>
          <Parent>
            <Ref id="ITF63" xmlns="" />
          </Parent>
        </Code>
        <Code id="079017" urn="urn:sdmx:org.sdmx.infomodel.codelist.Code=IT1:CL_REFAREA(1.2).079017">
          <Name xml:lang="it" xmlns="http://www.sdmx.org/resources/sdmxml/schemas/v2_1/common">Caraffa di Catanzaro</Name>
          <Name xml:lang="en" xmlns="http://www.sdmx.org/resources/sdmxml/schemas/v2_1/common">Caraffa di Catanzaro</Name>
          <Parent>
            <Ref id="ITF63" xmlns="" />
          </Parent>
        </Code>
        <Code id="079018" urn="urn:sdmx:org.sdmx.infomodel.codelist.Code=IT1:CL_REFAREA(1.2).079018">
          <Name xml:lang="it" xmlns="http://www.sdmx.org/resources/sdmxml/schemas/v2_1/common">Cardinale</Name>
          <Name xml:lang="en" xmlns="http://www.sdmx.org/resources/sdmxml/schemas/v2_1/common">Cardinale</Name>
          <Parent>
            <Ref id="ITF63" xmlns="" />
          </Parent>
        </Code>
        <Code id="079019" urn="urn:sdmx:org.sdmx.infomodel.codelist.Code=IT1:CL_REFAREA(1.2).079019">
          <Name xml:lang="it" xmlns="http://www.sdmx.org/resources/sdmxml/schemas/v2_1/common">Carfizzi</Name>
          <Name xml:lang="en" xmlns="http://www.sdmx.org/resources/sdmxml/schemas/v2_1/common">Carfizzi</Name>
          <Parent>
            <Ref id="ITF63" xmlns="" />
          </Parent>
        </Code>
        <Code id="079020" urn="urn:sdmx:org.sdmx.infomodel.codelist.Code=IT1:CL_REFAREA(1.2).079020">
          <Name xml:lang="it" xmlns="http://www.sdmx.org/resources/sdmxml/schemas/v2_1/common">Carlopoli</Name>
          <Name xml:lang="en" xmlns="http://www.sdmx.org/resources/sdmxml/schemas/v2_1/common">Carlopoli</Name>
          <Parent>
            <Ref id="ITF63" xmlns="" />
          </Parent>
        </Code>
        <Code id="079021" urn="urn:sdmx:org.sdmx.infomodel.codelist.Code=IT1:CL_REFAREA(1.2).079021">
          <Name xml:lang="it" xmlns="http://www.sdmx.org/resources/sdmxml/schemas/v2_1/common">Casabona</Name>
          <Name xml:lang="en" xmlns="http://www.sdmx.org/resources/sdmxml/schemas/v2_1/common">Casabona</Name>
          <Parent>
            <Ref id="ITF63" xmlns="" />
          </Parent>
        </Code>
        <Code id="079022" urn="urn:sdmx:org.sdmx.infomodel.codelist.Code=IT1:CL_REFAREA(1.2).079022">
          <Name xml:lang="it" xmlns="http://www.sdmx.org/resources/sdmxml/schemas/v2_1/common">Castelsilano</Name>
          <Name xml:lang="en" xmlns="http://www.sdmx.org/resources/sdmxml/schemas/v2_1/common">Castelsilano</Name>
          <Parent>
            <Ref id="ITF63" xmlns="" />
          </Parent>
        </Code>
        <Code id="079023" urn="urn:sdmx:org.sdmx.infomodel.codelist.Code=IT1:CL_REFAREA(1.2).079023">
          <Name xml:lang="it" xmlns="http://www.sdmx.org/resources/sdmxml/schemas/v2_1/common">Catanzaro</Name>
          <Name xml:lang="en" xmlns="http://www.sdmx.org/resources/sdmxml/schemas/v2_1/common">Catanzaro</Name>
          <Parent>
            <Ref id="ITF63" xmlns="" />
          </Parent>
        </Code>
        <Code id="079024" urn="urn:sdmx:org.sdmx.infomodel.codelist.Code=IT1:CL_REFAREA(1.2).079024">
          <Name xml:lang="it" xmlns="http://www.sdmx.org/resources/sdmxml/schemas/v2_1/common">Cenadi</Name>
          <Name xml:lang="en" xmlns="http://www.sdmx.org/resources/sdmxml/schemas/v2_1/common">Cenadi</Name>
          <Parent>
            <Ref id="ITF63" xmlns="" />
          </Parent>
        </Code>
        <Code id="079025" urn="urn:sdmx:org.sdmx.infomodel.codelist.Code=IT1:CL_REFAREA(1.2).079025">
          <Name xml:lang="it" xmlns="http://www.sdmx.org/resources/sdmxml/schemas/v2_1/common">Centrache</Name>
          <Name xml:lang="en" xmlns="http://www.sdmx.org/resources/sdmxml/schemas/v2_1/common">Centrache</Name>
          <Parent>
            <Ref id="ITF63" xmlns="" />
          </Parent>
        </Code>
        <Code id="079026" urn="urn:sdmx:org.sdmx.infomodel.codelist.Code=IT1:CL_REFAREA(1.2).079026">
          <Name xml:lang="it" xmlns="http://www.sdmx.org/resources/sdmxml/schemas/v2_1/common">Cerenzia</Name>
          <Name xml:lang="en" xmlns="http://www.sdmx.org/resources/sdmxml/schemas/v2_1/common">Cerenzia</Name>
          <Parent>
            <Ref id="ITF63" xmlns="" />
          </Parent>
        </Code>
        <Code id="079027" urn="urn:sdmx:org.sdmx.infomodel.codelist.Code=IT1:CL_REFAREA(1.2).079027">
          <Name xml:lang="it" xmlns="http://www.sdmx.org/resources/sdmxml/schemas/v2_1/common">Cerva</Name>
          <Name xml:lang="en" xmlns="http://www.sdmx.org/resources/sdmxml/schemas/v2_1/common">Cerva</Name>
          <Parent>
            <Ref id="ITF63" xmlns="" />
          </Parent>
        </Code>
        <Code id="079028" urn="urn:sdmx:org.sdmx.infomodel.codelist.Code=IT1:CL_REFAREA(1.2).079028">
          <Name xml:lang="it" xmlns="http://www.sdmx.org/resources/sdmxml/schemas/v2_1/common">Cessaniti</Name>
          <Name xml:lang="en" xmlns="http://www.sdmx.org/resources/sdmxml/schemas/v2_1/common">Cessaniti</Name>
          <Parent>
            <Ref id="ITF63" xmlns="" />
          </Parent>
        </Code>
        <Code id="079029" urn="urn:sdmx:org.sdmx.infomodel.codelist.Code=IT1:CL_REFAREA(1.2).079029">
          <Name xml:lang="it" xmlns="http://www.sdmx.org/resources/sdmxml/schemas/v2_1/common">Chiaravalle Centrale</Name>
          <Name xml:lang="en" xmlns="http://www.sdmx.org/resources/sdmxml/schemas/v2_1/common">Chiaravalle Centrale</Name>
          <Parent>
            <Ref id="ITF63" xmlns="" />
          </Parent>
        </Code>
        <Code id="079030" urn="urn:sdmx:org.sdmx.infomodel.codelist.Code=IT1:CL_REFAREA(1.2).079030">
          <Name xml:lang="it" xmlns="http://www.sdmx.org/resources/sdmxml/schemas/v2_1/common">Cicala</Name>
          <Name xml:lang="en" xmlns="http://www.sdmx.org/resources/sdmxml/schemas/v2_1/common">Cicala</Name>
          <Parent>
            <Ref id="ITF63" xmlns="" />
          </Parent>
        </Code>
        <Code id="079031" urn="urn:sdmx:org.sdmx.infomodel.codelist.Code=IT1:CL_REFAREA(1.2).079031">
          <Name xml:lang="it" xmlns="http://www.sdmx.org/resources/sdmxml/schemas/v2_1/common">Cirò</Name>
          <Name xml:lang="en" xmlns="http://www.sdmx.org/resources/sdmxml/schemas/v2_1/common">Cirò</Name>
          <Parent>
            <Ref id="ITF63" xmlns="" />
          </Parent>
        </Code>
        <Code id="079032" urn="urn:sdmx:org.sdmx.infomodel.codelist.Code=IT1:CL_REFAREA(1.2).079032">
          <Name xml:lang="it" xmlns="http://www.sdmx.org/resources/sdmxml/schemas/v2_1/common">Cirò Marina</Name>
          <Name xml:lang="en" xmlns="http://www.sdmx.org/resources/sdmxml/schemas/v2_1/common">Cirò Marina</Name>
          <Parent>
            <Ref id="ITF63" xmlns="" />
          </Parent>
        </Code>
        <Code id="079033" urn="urn:sdmx:org.sdmx.infomodel.codelist.Code=IT1:CL_REFAREA(1.2).079033">
          <Name xml:lang="it" xmlns="http://www.sdmx.org/resources/sdmxml/schemas/v2_1/common">Conflenti</Name>
          <Name xml:lang="en" xmlns="http://www.sdmx.org/resources/sdmxml/schemas/v2_1/common">Conflenti</Name>
          <Parent>
            <Ref id="ITF63" xmlns="" />
          </Parent>
        </Code>
        <Code id="079034" urn="urn:sdmx:org.sdmx.infomodel.codelist.Code=IT1:CL_REFAREA(1.2).079034">
          <Name xml:lang="it" xmlns="http://www.sdmx.org/resources/sdmxml/schemas/v2_1/common">Cortale</Name>
          <Name xml:lang="en" xmlns="http://www.sdmx.org/resources/sdmxml/schemas/v2_1/common">Cortale</Name>
          <Parent>
            <Ref id="ITF63" xmlns="" />
          </Parent>
        </Code>
        <Code id="079035" urn="urn:sdmx:org.sdmx.infomodel.codelist.Code=IT1:CL_REFAREA(1.2).079035">
          <Name xml:lang="it" xmlns="http://www.sdmx.org/resources/sdmxml/schemas/v2_1/common">Cotronei</Name>
          <Name xml:lang="en" xmlns="http://www.sdmx.org/resources/sdmxml/schemas/v2_1/common">Cotronei</Name>
          <Parent>
            <Ref id="ITF63" xmlns="" />
          </Parent>
        </Code>
        <Code id="079036" urn="urn:sdmx:org.sdmx.infomodel.codelist.Code=IT1:CL_REFAREA(1.2).079036">
          <Name xml:lang="it" xmlns="http://www.sdmx.org/resources/sdmxml/schemas/v2_1/common">Cropani</Name>
          <Name xml:lang="en" xmlns="http://www.sdmx.org/resources/sdmxml/schemas/v2_1/common">Cropani</Name>
          <Parent>
            <Ref id="ITF63" xmlns="" />
          </Parent>
        </Code>
        <Code id="079037" urn="urn:sdmx:org.sdmx.infomodel.codelist.Code=IT1:CL_REFAREA(1.2).079037">
          <Name xml:lang="it" xmlns="http://www.sdmx.org/resources/sdmxml/schemas/v2_1/common">Crotone</Name>
          <Name xml:lang="en" xmlns="http://www.sdmx.org/resources/sdmxml/schemas/v2_1/common">Crotone</Name>
          <Parent>
            <Ref id="ITF63" xmlns="" />
          </Parent>
        </Code>
        <Code id="079038" urn="urn:sdmx:org.sdmx.infomodel.codelist.Code=IT1:CL_REFAREA(1.2).079038">
          <Name xml:lang="it" xmlns="http://www.sdmx.org/resources/sdmxml/schemas/v2_1/common">Crucoli</Name>
          <Name xml:lang="en" xmlns="http://www.sdmx.org/resources/sdmxml/schemas/v2_1/common">Crucoli</Name>
          <Parent>
            <Ref id="ITF63" xmlns="" />
          </Parent>
        </Code>
        <Code id="079039" urn="urn:sdmx:org.sdmx.infomodel.codelist.Code=IT1:CL_REFAREA(1.2).079039">
          <Name xml:lang="it" xmlns="http://www.sdmx.org/resources/sdmxml/schemas/v2_1/common">Curinga</Name>
          <Name xml:lang="en" xmlns="http://www.sdmx.org/resources/sdmxml/schemas/v2_1/common">Curinga</Name>
          <Parent>
            <Ref id="ITF63" xmlns="" />
          </Parent>
        </Code>
        <Code id="079040" urn="urn:sdmx:org.sdmx.infomodel.codelist.Code=IT1:CL_REFAREA(1.2).079040">
          <Name xml:lang="it" xmlns="http://www.sdmx.org/resources/sdmxml/schemas/v2_1/common">Cutro</Name>
          <Name xml:lang="en" xmlns="http://www.sdmx.org/resources/sdmxml/schemas/v2_1/common">Cutro</Name>
          <Parent>
            <Ref id="ITF63" xmlns="" />
          </Parent>
        </Code>
        <Code id="079041" urn="urn:sdmx:org.sdmx.infomodel.codelist.Code=IT1:CL_REFAREA(1.2).079041">
          <Name xml:lang="it" xmlns="http://www.sdmx.org/resources/sdmxml/schemas/v2_1/common">Dasà</Name>
          <Name xml:lang="en" xmlns="http://www.sdmx.org/resources/sdmxml/schemas/v2_1/common">Dasà</Name>
          <Parent>
            <Ref id="ITF63" xmlns="" />
          </Parent>
        </Code>
        <Code id="079042" urn="urn:sdmx:org.sdmx.infomodel.codelist.Code=IT1:CL_REFAREA(1.2).079042">
          <Name xml:lang="it" xmlns="http://www.sdmx.org/resources/sdmxml/schemas/v2_1/common">Davoli</Name>
          <Name xml:lang="en" xmlns="http://www.sdmx.org/resources/sdmxml/schemas/v2_1/common">Davoli</Name>
          <Parent>
            <Ref id="ITF63" xmlns="" />
          </Parent>
        </Code>
        <Code id="079043" urn="urn:sdmx:org.sdmx.infomodel.codelist.Code=IT1:CL_REFAREA(1.2).079043">
          <Name xml:lang="it" xmlns="http://www.sdmx.org/resources/sdmxml/schemas/v2_1/common">Decollatura</Name>
          <Name xml:lang="en" xmlns="http://www.sdmx.org/resources/sdmxml/schemas/v2_1/common">Decollatura</Name>
          <Parent>
            <Ref id="ITF63" xmlns="" />
          </Parent>
        </Code>
        <Code id="079044" urn="urn:sdmx:org.sdmx.infomodel.codelist.Code=IT1:CL_REFAREA(1.2).079044">
          <Name xml:lang="it" xmlns="http://www.sdmx.org/resources/sdmxml/schemas/v2_1/common">Dinami</Name>
          <Name xml:lang="en" xmlns="http://www.sdmx.org/resources/sdmxml/schemas/v2_1/common">Dinami</Name>
          <Parent>
            <Ref id="ITF63" xmlns="" />
          </Parent>
        </Code>
        <Code id="079045" urn="urn:sdmx:org.sdmx.infomodel.codelist.Code=IT1:CL_REFAREA(1.2).079045">
          <Name xml:lang="it" xmlns="http://www.sdmx.org/resources/sdmxml/schemas/v2_1/common">Drapia</Name>
          <Name xml:lang="en" xmlns="http://www.sdmx.org/resources/sdmxml/schemas/v2_1/common">Drapia</Name>
          <Parent>
            <Ref id="ITF63" xmlns="" />
          </Parent>
        </Code>
        <Code id="079046" urn="urn:sdmx:org.sdmx.infomodel.codelist.Code=IT1:CL_REFAREA(1.2).079046">
          <Name xml:lang="it" xmlns="http://www.sdmx.org/resources/sdmxml/schemas/v2_1/common">Fabrizia</Name>
          <Name xml:lang="en" xmlns="http://www.sdmx.org/resources/sdmxml/schemas/v2_1/common">Fabrizia</Name>
          <Parent>
            <Ref id="ITF63" xmlns="" />
          </Parent>
        </Code>
        <Code id="079047" urn="urn:sdmx:org.sdmx.infomodel.codelist.Code=IT1:CL_REFAREA(1.2).079047">
          <Name xml:lang="it" xmlns="http://www.sdmx.org/resources/sdmxml/schemas/v2_1/common">Falerna</Name>
          <Name xml:lang="en" xmlns="http://www.sdmx.org/resources/sdmxml/schemas/v2_1/common">Falerna</Name>
          <Parent>
            <Ref id="ITF63" xmlns="" />
          </Parent>
        </Code>
        <Code id="079048" urn="urn:sdmx:org.sdmx.infomodel.codelist.Code=IT1:CL_REFAREA(1.2).079048">
          <Name xml:lang="it" xmlns="http://www.sdmx.org/resources/sdmxml/schemas/v2_1/common">Feroleto Antico</Name>
          <Name xml:lang="en" xmlns="http://www.sdmx.org/resources/sdmxml/schemas/v2_1/common">Feroleto Antico</Name>
          <Parent>
            <Ref id="ITF63" xmlns="" />
          </Parent>
        </Code>
        <Code id="079049" urn="urn:sdmx:org.sdmx.infomodel.codelist.Code=IT1:CL_REFAREA(1.2).079049">
          <Name xml:lang="it" xmlns="http://www.sdmx.org/resources/sdmxml/schemas/v2_1/common">Filadelfia</Name>
          <Name xml:lang="en" xmlns="http://www.sdmx.org/resources/sdmxml/schemas/v2_1/common">Filadelfia</Name>
          <Parent>
            <Ref id="ITF63" xmlns="" />
          </Parent>
        </Code>
        <Code id="079050" urn="urn:sdmx:org.sdmx.infomodel.codelist.Code=IT1:CL_REFAREA(1.2).079050">
          <Name xml:lang="it" xmlns="http://www.sdmx.org/resources/sdmxml/schemas/v2_1/common">Filandari</Name>
          <Name xml:lang="en" xmlns="http://www.sdmx.org/resources/sdmxml/schemas/v2_1/common">Filandari</Name>
          <Parent>
            <Ref id="ITF63" xmlns="" />
          </Parent>
        </Code>
        <Code id="079051" urn="urn:sdmx:org.sdmx.infomodel.codelist.Code=IT1:CL_REFAREA(1.2).079051">
          <Name xml:lang="it" xmlns="http://www.sdmx.org/resources/sdmxml/schemas/v2_1/common">Filogaso</Name>
          <Name xml:lang="en" xmlns="http://www.sdmx.org/resources/sdmxml/schemas/v2_1/common">Filogaso</Name>
          <Parent>
            <Ref id="ITF63" xmlns="" />
          </Parent>
        </Code>
        <Code id="079052" urn="urn:sdmx:org.sdmx.infomodel.codelist.Code=IT1:CL_REFAREA(1.2).079052">
          <Name xml:lang="it" xmlns="http://www.sdmx.org/resources/sdmxml/schemas/v2_1/common">Fossato Serralta</Name>
          <Name xml:lang="en" xmlns="http://www.sdmx.org/resources/sdmxml/schemas/v2_1/common">Fossato Serralta</Name>
          <Parent>
            <Ref id="ITF63" xmlns="" />
          </Parent>
        </Code>
        <Code id="079053" urn="urn:sdmx:org.sdmx.infomodel.codelist.Code=IT1:CL_REFAREA(1.2).079053">
          <Name xml:lang="it" xmlns="http://www.sdmx.org/resources/sdmxml/schemas/v2_1/common">Francavilla Angitola</Name>
          <Name xml:lang="en" xmlns="http://www.sdmx.org/resources/sdmxml/schemas/v2_1/common">Francavilla Angitola</Name>
          <Parent>
            <Ref id="ITF63" xmlns="" />
          </Parent>
        </Code>
        <Code id="079054" urn="urn:sdmx:org.sdmx.infomodel.codelist.Code=IT1:CL_REFAREA(1.2).079054">
          <Name xml:lang="it" xmlns="http://www.sdmx.org/resources/sdmxml/schemas/v2_1/common">Francica</Name>
          <Name xml:lang="en" xmlns="http://www.sdmx.org/resources/sdmxml/schemas/v2_1/common">Francica</Name>
          <Parent>
            <Ref id="ITF63" xmlns="" />
          </Parent>
        </Code>
        <Code id="079055" urn="urn:sdmx:org.sdmx.infomodel.codelist.Code=IT1:CL_REFAREA(1.2).079055">
          <Name xml:lang="it" xmlns="http://www.sdmx.org/resources/sdmxml/schemas/v2_1/common">Gagliato</Name>
          <Name xml:lang="en" xmlns="http://www.sdmx.org/resources/sdmxml/schemas/v2_1/common">Gagliato</Name>
          <Parent>
            <Ref id="ITF63" xmlns="" />
          </Parent>
        </Code>
        <Code id="079056" urn="urn:sdmx:org.sdmx.infomodel.codelist.Code=IT1:CL_REFAREA(1.2).079056">
          <Name xml:lang="it" xmlns="http://www.sdmx.org/resources/sdmxml/schemas/v2_1/common">Gasperina</Name>
          <Name xml:lang="en" xmlns="http://www.sdmx.org/resources/sdmxml/schemas/v2_1/common">Gasperina</Name>
          <Parent>
            <Ref id="ITF63" xmlns="" />
          </Parent>
        </Code>
        <Code id="079057" urn="urn:sdmx:org.sdmx.infomodel.codelist.Code=IT1:CL_REFAREA(1.2).079057">
          <Name xml:lang="it" xmlns="http://www.sdmx.org/resources/sdmxml/schemas/v2_1/common">Gerocarne</Name>
          <Name xml:lang="en" xmlns="http://www.sdmx.org/resources/sdmxml/schemas/v2_1/common">Gerocarne</Name>
          <Parent>
            <Ref id="ITF63" xmlns="" />
          </Parent>
        </Code>
        <Code id="079058" urn="urn:sdmx:org.sdmx.infomodel.codelist.Code=IT1:CL_REFAREA(1.2).079058">
          <Name xml:lang="it" xmlns="http://www.sdmx.org/resources/sdmxml/schemas/v2_1/common">Gimigliano</Name>
          <Name xml:lang="en" xmlns="http://www.sdmx.org/resources/sdmxml/schemas/v2_1/common">Gimigliano</Name>
          <Parent>
            <Ref id="ITF63" xmlns="" />
          </Parent>
        </Code>
        <Code id="079059" urn="urn:sdmx:org.sdmx.infomodel.codelist.Code=IT1:CL_REFAREA(1.2).079059">
          <Name xml:lang="it" xmlns="http://www.sdmx.org/resources/sdmxml/schemas/v2_1/common">Girifalco</Name>
          <Name xml:lang="en" xmlns="http://www.sdmx.org/resources/sdmxml/schemas/v2_1/common">Girifalco</Name>
          <Parent>
            <Ref id="ITF63" xmlns="" />
          </Parent>
        </Code>
        <Code id="079060" urn="urn:sdmx:org.sdmx.infomodel.codelist.Code=IT1:CL_REFAREA(1.2).079060">
          <Name xml:lang="it" xmlns="http://www.sdmx.org/resources/sdmxml/schemas/v2_1/common">Gizzeria</Name>
          <Name xml:lang="en" xmlns="http://www.sdmx.org/resources/sdmxml/schemas/v2_1/common">Gizzeria</Name>
          <Parent>
            <Ref id="ITF63" xmlns="" />
          </Parent>
        </Code>
        <Code id="079061" urn="urn:sdmx:org.sdmx.infomodel.codelist.Code=IT1:CL_REFAREA(1.2).079061">
          <Name xml:lang="it" xmlns="http://www.sdmx.org/resources/sdmxml/schemas/v2_1/common">Guardavalle</Name>
          <Name xml:lang="en" xmlns="http://www.sdmx.org/resources/sdmxml/schemas/v2_1/common">Guardavalle</Name>
          <Parent>
            <Ref id="ITF63" xmlns="" />
          </Parent>
        </Code>
        <Code id="079062" urn="urn:sdmx:org.sdmx.infomodel.codelist.Code=IT1:CL_REFAREA(1.2).079062">
          <Name xml:lang="it" xmlns="http://www.sdmx.org/resources/sdmxml/schemas/v2_1/common">Ionadi</Name>
          <Name xml:lang="en" xmlns="http://www.sdmx.org/resources/sdmxml/schemas/v2_1/common">Ionadi</Name>
          <Parent>
            <Ref id="ITF63" xmlns="" />
          </Parent>
        </Code>
        <Code id="079063" urn="urn:sdmx:org.sdmx.infomodel.codelist.Code=IT1:CL_REFAREA(1.2).079063">
          <Name xml:lang="it" xmlns="http://www.sdmx.org/resources/sdmxml/schemas/v2_1/common">Isca sullo Ionio</Name>
          <Name xml:lang="en" xmlns="http://www.sdmx.org/resources/sdmxml/schemas/v2_1/common">Isca sullo Ionio</Name>
          <Parent>
            <Ref id="ITF63" xmlns="" />
          </Parent>
        </Code>
        <Code id="079064" urn="urn:sdmx:org.sdmx.infomodel.codelist.Code=IT1:CL_REFAREA(1.2).079064">
          <Name xml:lang="it" xmlns="http://www.sdmx.org/resources/sdmxml/schemas/v2_1/common">Isola di Capo Rizzuto</Name>
          <Name xml:lang="en" xmlns="http://www.sdmx.org/resources/sdmxml/schemas/v2_1/common">Isola di Capo Rizzuto</Name>
          <Parent>
            <Ref id="ITF63" xmlns="" />
          </Parent>
        </Code>
        <Code id="079065" urn="urn:sdmx:org.sdmx.infomodel.codelist.Code=IT1:CL_REFAREA(1.2).079065">
          <Name xml:lang="it" xmlns="http://www.sdmx.org/resources/sdmxml/schemas/v2_1/common">Jacurso</Name>
          <Name xml:lang="en" xmlns="http://www.sdmx.org/resources/sdmxml/schemas/v2_1/common">Jacurso</Name>
          <Parent>
            <Ref id="ITF63" xmlns="" />
          </Parent>
        </Code>
        <Code id="079066" urn="urn:sdmx:org.sdmx.infomodel.codelist.Code=IT1:CL_REFAREA(1.2).079066">
          <Name xml:lang="it" xmlns="http://www.sdmx.org/resources/sdmxml/schemas/v2_1/common">Joppolo</Name>
          <Name xml:lang="en" xmlns="http://www.sdmx.org/resources/sdmxml/schemas/v2_1/common">Joppolo</Name>
          <Parent>
            <Ref id="ITF63" xmlns="" />
          </Parent>
        </Code>
        <Code id="079067" urn="urn:sdmx:org.sdmx.infomodel.codelist.Code=IT1:CL_REFAREA(1.2).079067">
          <Name xml:lang="it" xmlns="http://www.sdmx.org/resources/sdmxml/schemas/v2_1/common">Limbadi</Name>
          <Name xml:lang="en" xmlns="http://www.sdmx.org/resources/sdmxml/schemas/v2_1/common">Limbadi</Name>
          <Parent>
            <Ref id="ITF63" xmlns="" />
          </Parent>
        </Code>
        <Code id="079068" urn="urn:sdmx:org.sdmx.infomodel.codelist.Code=IT1:CL_REFAREA(1.2).079068">
          <Name xml:lang="it" xmlns="http://www.sdmx.org/resources/sdmxml/schemas/v2_1/common">Magisano</Name>
          <Name xml:lang="en" xmlns="http://www.sdmx.org/resources/sdmxml/schemas/v2_1/common">Magisano</Name>
          <Parent>
            <Ref id="ITF63" xmlns="" />
          </Parent>
        </Code>
        <Code id="079069" urn="urn:sdmx:org.sdmx.infomodel.codelist.Code=IT1:CL_REFAREA(1.2).079069">
          <Name xml:lang="it" xmlns="http://www.sdmx.org/resources/sdmxml/schemas/v2_1/common">Maida</Name>
          <Name xml:lang="en" xmlns="http://www.sdmx.org/resources/sdmxml/schemas/v2_1/common">Maida</Name>
          <Parent>
            <Ref id="ITF63" xmlns="" />
          </Parent>
        </Code>
        <Code id="079070" urn="urn:sdmx:org.sdmx.infomodel.codelist.Code=IT1:CL_REFAREA(1.2).079070">
          <Name xml:lang="it" xmlns="http://www.sdmx.org/resources/sdmxml/schemas/v2_1/common">Maierato</Name>
          <Name xml:lang="en" xmlns="http://www.sdmx.org/resources/sdmxml/schemas/v2_1/common">Maierato</Name>
          <Parent>
            <Ref id="ITF63" xmlns="" />
          </Parent>
        </Code>
        <Code id="079071" urn="urn:sdmx:org.sdmx.infomodel.codelist.Code=IT1:CL_REFAREA(1.2).079071">
          <Name xml:lang="it" xmlns="http://www.sdmx.org/resources/sdmxml/schemas/v2_1/common">Marcedusa</Name>
          <Name xml:lang="en" xmlns="http://www.sdmx.org/resources/sdmxml/schemas/v2_1/common">Marcedusa</Name>
          <Parent>
            <Ref id="ITF63" xmlns="" />
          </Parent>
        </Code>
        <Code id="079072" urn="urn:sdmx:org.sdmx.infomodel.codelist.Code=IT1:CL_REFAREA(1.2).079072">
          <Name xml:lang="it" xmlns="http://www.sdmx.org/resources/sdmxml/schemas/v2_1/common">Marcellinara</Name>
          <Name xml:lang="en" xmlns="http://www.sdmx.org/resources/sdmxml/schemas/v2_1/common">Marcellinara</Name>
          <Parent>
            <Ref id="ITF63" xmlns="" />
          </Parent>
        </Code>
        <Code id="079073" urn="urn:sdmx:org.sdmx.infomodel.codelist.Code=IT1:CL_REFAREA(1.2).079073">
          <Name xml:lang="it" xmlns="http://www.sdmx.org/resources/sdmxml/schemas/v2_1/common">Martirano</Name>
          <Name xml:lang="en" xmlns="http://www.sdmx.org/resources/sdmxml/schemas/v2_1/common">Martirano</Name>
          <Parent>
            <Ref id="ITF63" xmlns="" />
          </Parent>
        </Code>
        <Code id="079074" urn="urn:sdmx:org.sdmx.infomodel.codelist.Code=IT1:CL_REFAREA(1.2).079074">
          <Name xml:lang="it" xmlns="http://www.sdmx.org/resources/sdmxml/schemas/v2_1/common">Martirano Lombardo</Name>
          <Name xml:lang="en" xmlns="http://www.sdmx.org/resources/sdmxml/schemas/v2_1/common">Martirano Lombardo</Name>
          <Parent>
            <Ref id="ITF63" xmlns="" />
          </Parent>
        </Code>
        <Code id="079075" urn="urn:sdmx:org.sdmx.infomodel.codelist.Code=IT1:CL_REFAREA(1.2).079075">
          <Name xml:lang="it" xmlns="http://www.sdmx.org/resources/sdmxml/schemas/v2_1/common">Melissa</Name>
          <Name xml:lang="en" xmlns="http://www.sdmx.org/resources/sdmxml/schemas/v2_1/common">Melissa</Name>
          <Parent>
            <Ref id="ITF63" xmlns="" />
          </Parent>
        </Code>
        <Code id="079076" urn="urn:sdmx:org.sdmx.infomodel.codelist.Code=IT1:CL_REFAREA(1.2).079076">
          <Name xml:lang="it" xmlns="http://www.sdmx.org/resources/sdmxml/schemas/v2_1/common">Mesoraca</Name>
          <Name xml:lang="en" xmlns="http://www.sdmx.org/resources/sdmxml/schemas/v2_1/common">Mesoraca</Name>
          <Parent>
            <Ref id="ITF63" xmlns="" />
          </Parent>
        </Code>
        <Code id="079077" urn="urn:sdmx:org.sdmx.infomodel.codelist.Code=IT1:CL_REFAREA(1.2).079077">
          <Name xml:lang="it" xmlns="http://www.sdmx.org/resources/sdmxml/schemas/v2_1/common">Miglierina</Name>
          <Name xml:lang="en" xmlns="http://www.sdmx.org/resources/sdmxml/schemas/v2_1/common">Miglierina</Name>
          <Parent>
            <Ref id="ITF63" xmlns="" />
          </Parent>
        </Code>
        <Code id="079078" urn="urn:sdmx:org.sdmx.infomodel.codelist.Code=IT1:CL_REFAREA(1.2).079078">
          <Name xml:lang="it" xmlns="http://www.sdmx.org/resources/sdmxml/schemas/v2_1/common">Mileto</Name>
          <Name xml:lang="en" xmlns="http://www.sdmx.org/resources/sdmxml/schemas/v2_1/common">Mileto</Name>
          <Parent>
            <Ref id="ITF63" xmlns="" />
          </Parent>
        </Code>
        <Code id="079079" urn="urn:sdmx:org.sdmx.infomodel.codelist.Code=IT1:CL_REFAREA(1.2).079079">
          <Name xml:lang="it" xmlns="http://www.sdmx.org/resources/sdmxml/schemas/v2_1/common">Mongiana</Name>
          <Name xml:lang="en" xmlns="http://www.sdmx.org/resources/sdmxml/schemas/v2_1/common">Mongiana</Name>
          <Parent>
            <Ref id="ITF63" xmlns="" />
          </Parent>
        </Code>
        <Code id="079080" urn="urn:sdmx:org.sdmx.infomodel.codelist.Code=IT1:CL_REFAREA(1.2).079080">
          <Name xml:lang="it" xmlns="http://www.sdmx.org/resources/sdmxml/schemas/v2_1/common">Montauro</Name>
          <Name xml:lang="en" xmlns="http://www.sdmx.org/resources/sdmxml/schemas/v2_1/common">Montauro</Name>
          <Parent>
            <Ref id="ITF63" xmlns="" />
          </Parent>
        </Code>
        <Code id="079081" urn="urn:sdmx:org.sdmx.infomodel.codelist.Code=IT1:CL_REFAREA(1.2).079081">
          <Name xml:lang="it" xmlns="http://www.sdmx.org/resources/sdmxml/schemas/v2_1/common">Montepaone</Name>
          <Name xml:lang="en" xmlns="http://www.sdmx.org/resources/sdmxml/schemas/v2_1/common">Montepaone</Name>
          <Parent>
            <Ref id="ITF63" xmlns="" />
          </Parent>
        </Code>
        <Code id="079082" urn="urn:sdmx:org.sdmx.infomodel.codelist.Code=IT1:CL_REFAREA(1.2).079082">
          <Name xml:lang="it" xmlns="http://www.sdmx.org/resources/sdmxml/schemas/v2_1/common">Monterosso Calabro</Name>
          <Name xml:lang="en" xmlns="http://www.sdmx.org/resources/sdmxml/schemas/v2_1/common">Monterosso Calabro</Name>
          <Parent>
            <Ref id="ITF63" xmlns="" />
          </Parent>
        </Code>
        <Code id="079083" urn="urn:sdmx:org.sdmx.infomodel.codelist.Code=IT1:CL_REFAREA(1.2).079083">
          <Name xml:lang="it" xmlns="http://www.sdmx.org/resources/sdmxml/schemas/v2_1/common">Motta Santa Lucia</Name>
          <Name xml:lang="en" xmlns="http://www.sdmx.org/resources/sdmxml/schemas/v2_1/common">Motta Santa Lucia</Name>
          <Parent>
            <Ref id="ITF63" xmlns="" />
          </Parent>
        </Code>
        <Code id="079084" urn="urn:sdmx:org.sdmx.infomodel.codelist.Code=IT1:CL_REFAREA(1.2).079084">
          <Name xml:lang="it" xmlns="http://www.sdmx.org/resources/sdmxml/schemas/v2_1/common">Nardodipace</Name>
          <Name xml:lang="en" xmlns="http://www.sdmx.org/resources/sdmxml/schemas/v2_1/common">Nardodipace</Name>
          <Parent>
            <Ref id="ITF63" xmlns="" />
          </Parent>
        </Code>
        <Code id="079086" urn="urn:sdmx:org.sdmx.infomodel.codelist.Code=IT1:CL_REFAREA(1.2).079086">
          <Name xml:lang="it" xmlns="http://www.sdmx.org/resources/sdmxml/schemas/v2_1/common">Nicotera</Name>
          <Name xml:lang="en" xmlns="http://www.sdmx.org/resources/sdmxml/schemas/v2_1/common">Nicotera</Name>
          <Parent>
            <Ref id="ITF63" xmlns="" />
          </Parent>
        </Code>
        <Code id="079087" urn="urn:sdmx:org.sdmx.infomodel.codelist.Code=IT1:CL_REFAREA(1.2).079087">
          <Name xml:lang="it" xmlns="http://www.sdmx.org/resources/sdmxml/schemas/v2_1/common">Nocera Terinese</Name>
          <Name xml:lang="en" xmlns="http://www.sdmx.org/resources/sdmxml/schemas/v2_1/common">Nocera Terinese</Name>
          <Parent>
            <Ref id="ITF63" xmlns="" />
          </Parent>
        </Code>
        <Code id="079088" urn="urn:sdmx:org.sdmx.infomodel.codelist.Code=IT1:CL_REFAREA(1.2).079088">
          <Name xml:lang="it" xmlns="http://www.sdmx.org/resources/sdmxml/schemas/v2_1/common">Olivadi</Name>
          <Name xml:lang="en" xmlns="http://www.sdmx.org/resources/sdmxml/schemas/v2_1/common">Olivadi</Name>
          <Parent>
            <Ref id="ITF63" xmlns="" />
          </Parent>
        </Code>
        <Code id="079089" urn="urn:sdmx:org.sdmx.infomodel.codelist.Code=IT1:CL_REFAREA(1.2).079089">
          <Name xml:lang="it" xmlns="http://www.sdmx.org/resources/sdmxml/schemas/v2_1/common">Palermiti</Name>
          <Name xml:lang="en" xmlns="http://www.sdmx.org/resources/sdmxml/schemas/v2_1/common">Palermiti</Name>
          <Parent>
            <Ref id="ITF63" xmlns="" />
          </Parent>
        </Code>
        <Code id="079090" urn="urn:sdmx:org.sdmx.infomodel.codelist.Code=IT1:CL_REFAREA(1.2).079090">
          <Name xml:lang="it" xmlns="http://www.sdmx.org/resources/sdmxml/schemas/v2_1/common">Pallagorio</Name>
          <Name xml:lang="en" xmlns="http://www.sdmx.org/resources/sdmxml/schemas/v2_1/common">Pallagorio</Name>
          <Parent>
            <Ref id="ITF63" xmlns="" />
          </Parent>
        </Code>
        <Code id="079091" urn="urn:sdmx:org.sdmx.infomodel.codelist.Code=IT1:CL_REFAREA(1.2).079091">
          <Name xml:lang="it" xmlns="http://www.sdmx.org/resources/sdmxml/schemas/v2_1/common">Parghelia</Name>
          <Name xml:lang="en" xmlns="http://www.sdmx.org/resources/sdmxml/schemas/v2_1/common">Parghelia</Name>
          <Parent>
            <Ref id="ITF63" xmlns="" />
          </Parent>
        </Code>
        <Code id="079092" urn="urn:sdmx:org.sdmx.infomodel.codelist.Code=IT1:CL_REFAREA(1.2).079092">
          <Name xml:lang="it" xmlns="http://www.sdmx.org/resources/sdmxml/schemas/v2_1/common">Pentone</Name>
          <Name xml:lang="en" xmlns="http://www.sdmx.org/resources/sdmxml/schemas/v2_1/common">Pentone</Name>
          <Parent>
            <Ref id="ITF63" xmlns="" />
          </Parent>
        </Code>
        <Code id="079093" urn="urn:sdmx:org.sdmx.infomodel.codelist.Code=IT1:CL_REFAREA(1.2).079093">
          <Name xml:lang="it" xmlns="http://www.sdmx.org/resources/sdmxml/schemas/v2_1/common">Petilia Policastro</Name>
          <Name xml:lang="en" xmlns="http://www.sdmx.org/resources/sdmxml/schemas/v2_1/common">Petilia Policastro</Name>
          <Parent>
            <Ref id="ITF63" xmlns="" />
          </Parent>
        </Code>
        <Code id="079094" urn="urn:sdmx:org.sdmx.infomodel.codelist.Code=IT1:CL_REFAREA(1.2).079094">
          <Name xml:lang="it" xmlns="http://www.sdmx.org/resources/sdmxml/schemas/v2_1/common">Petrizzi</Name>
          <Name xml:lang="en" xmlns="http://www.sdmx.org/resources/sdmxml/schemas/v2_1/common">Petrizzi</Name>
          <Parent>
            <Ref id="ITF63" xmlns="" />
          </Parent>
        </Code>
        <Code id="079095" urn="urn:sdmx:org.sdmx.infomodel.codelist.Code=IT1:CL_REFAREA(1.2).079095">
          <Name xml:lang="it" xmlns="http://www.sdmx.org/resources/sdmxml/schemas/v2_1/common">Petronà</Name>
          <Name xml:lang="en" xmlns="http://www.sdmx.org/resources/sdmxml/schemas/v2_1/common">Petronà</Name>
          <Parent>
            <Ref id="ITF63" xmlns="" />
          </Parent>
        </Code>
        <Code id="079096" urn="urn:sdmx:org.sdmx.infomodel.codelist.Code=IT1:CL_REFAREA(1.2).079096">
          <Name xml:lang="it" xmlns="http://www.sdmx.org/resources/sdmxml/schemas/v2_1/common">Pianopoli</Name>
          <Name xml:lang="en" xmlns="http://www.sdmx.org/resources/sdmxml/schemas/v2_1/common">Pianopoli</Name>
          <Parent>
            <Ref id="ITF63" xmlns="" />
          </Parent>
        </Code>
        <Code id="079097" urn="urn:sdmx:org.sdmx.infomodel.codelist.Code=IT1:CL_REFAREA(1.2).079097">
          <Name xml:lang="it" xmlns="http://www.sdmx.org/resources/sdmxml/schemas/v2_1/common">Pizzo</Name>
          <Name xml:lang="en" xmlns="http://www.sdmx.org/resources/sdmxml/schemas/v2_1/common">Pizzo</Name>
          <Parent>
            <Ref id="ITF63" xmlns="" />
          </Parent>
        </Code>
        <Code id="079098" urn="urn:sdmx:org.sdmx.infomodel.codelist.Code=IT1:CL_REFAREA(1.2).079098">
          <Name xml:lang="it" xmlns="http://www.sdmx.org/resources/sdmxml/schemas/v2_1/common">Pizzoni</Name>
          <Name xml:lang="en" xmlns="http://www.sdmx.org/resources/sdmxml/schemas/v2_1/common">Pizzoni</Name>
          <Parent>
            <Ref id="ITF63" xmlns="" />
          </Parent>
        </Code>
        <Code id="079099" urn="urn:sdmx:org.sdmx.infomodel.codelist.Code=IT1:CL_REFAREA(1.2).079099">
          <Name xml:lang="it" xmlns="http://www.sdmx.org/resources/sdmxml/schemas/v2_1/common">Platania</Name>
          <Name xml:lang="en" xmlns="http://www.sdmx.org/resources/sdmxml/schemas/v2_1/common">Platania</Name>
          <Parent>
            <Ref id="ITF63" xmlns="" />
          </Parent>
        </Code>
        <Code id="079100" urn="urn:sdmx:org.sdmx.infomodel.codelist.Code=IT1:CL_REFAREA(1.2).079100">
          <Name xml:lang="it" xmlns="http://www.sdmx.org/resources/sdmxml/schemas/v2_1/common">Polia</Name>
          <Name xml:lang="en" xmlns="http://www.sdmx.org/resources/sdmxml/schemas/v2_1/common">Polia</Name>
          <Parent>
            <Ref id="ITF63" xmlns="" />
          </Parent>
        </Code>
        <Code id="079101" urn="urn:sdmx:org.sdmx.infomodel.codelist.Code=IT1:CL_REFAREA(1.2).079101">
          <Name xml:lang="it" xmlns="http://www.sdmx.org/resources/sdmxml/schemas/v2_1/common">Ricadi</Name>
          <Name xml:lang="en" xmlns="http://www.sdmx.org/resources/sdmxml/schemas/v2_1/common">Ricadi</Name>
          <Parent>
            <Ref id="ITF63" xmlns="" />
          </Parent>
        </Code>
        <Code id="079102" urn="urn:sdmx:org.sdmx.infomodel.codelist.Code=IT1:CL_REFAREA(1.2).079102">
          <Name xml:lang="it" xmlns="http://www.sdmx.org/resources/sdmxml/schemas/v2_1/common">Roccabernarda</Name>
          <Name xml:lang="en" xmlns="http://www.sdmx.org/resources/sdmxml/schemas/v2_1/common">Roccabernarda</Name>
          <Parent>
            <Ref id="ITF63" xmlns="" />
          </Parent>
        </Code>
        <Code id="079103" urn="urn:sdmx:org.sdmx.infomodel.codelist.Code=IT1:CL_REFAREA(1.2).079103">
          <Name xml:lang="it" xmlns="http://www.sdmx.org/resources/sdmxml/schemas/v2_1/common">Rocca di Neto</Name>
          <Name xml:lang="en" xmlns="http://www.sdmx.org/resources/sdmxml/schemas/v2_1/common">Rocca di Neto</Name>
          <Parent>
            <Ref id="ITF63" xmlns="" />
          </Parent>
        </Code>
        <Code id="079104" urn="urn:sdmx:org.sdmx.infomodel.codelist.Code=IT1:CL_REFAREA(1.2).079104">
          <Name xml:lang="it" xmlns="http://www.sdmx.org/resources/sdmxml/schemas/v2_1/common">Rombiolo</Name>
          <Name xml:lang="en" xmlns="http://www.sdmx.org/resources/sdmxml/schemas/v2_1/common">Rombiolo</Name>
          <Parent>
            <Ref id="ITF63" xmlns="" />
          </Parent>
        </Code>
        <Code id="079106" urn="urn:sdmx:org.sdmx.infomodel.codelist.Code=IT1:CL_REFAREA(1.2).079106">
          <Name xml:lang="it" xmlns="http://www.sdmx.org/resources/sdmxml/schemas/v2_1/common">San Calogero</Name>
          <Name xml:lang="en" xmlns="http://www.sdmx.org/resources/sdmxml/schemas/v2_1/common">San Calogero</Name>
          <Parent>
            <Ref id="ITF63" xmlns="" />
          </Parent>
        </Code>
        <Code id="079107" urn="urn:sdmx:org.sdmx.infomodel.codelist.Code=IT1:CL_REFAREA(1.2).079107">
          <Name xml:lang="it" xmlns="http://www.sdmx.org/resources/sdmxml/schemas/v2_1/common">San Costantino Calabro</Name>
          <Name xml:lang="en" xmlns="http://www.sdmx.org/resources/sdmxml/schemas/v2_1/common">San Costantino Calabro</Name>
          <Parent>
            <Ref id="ITF63" xmlns="" />
          </Parent>
        </Code>
        <Code id="079108" urn="urn:sdmx:org.sdmx.infomodel.codelist.Code=IT1:CL_REFAREA(1.2).079108">
          <Name xml:lang="it" xmlns="http://www.sdmx.org/resources/sdmxml/schemas/v2_1/common">San Floro</Name>
          <Name xml:lang="en" xmlns="http://www.sdmx.org/resources/sdmxml/schemas/v2_1/common">San Floro</Name>
          <Parent>
            <Ref id="ITF63" xmlns="" />
          </Parent>
        </Code>
        <Code id="079109" urn="urn:sdmx:org.sdmx.infomodel.codelist.Code=IT1:CL_REFAREA(1.2).079109">
          <Name xml:lang="it" xmlns="http://www.sdmx.org/resources/sdmxml/schemas/v2_1/common">San Gregorio d'Ippona</Name>
          <Name xml:lang="en" xmlns="http://www.sdmx.org/resources/sdmxml/schemas/v2_1/common">San Gregorio d'Ippona</Name>
          <Parent>
            <Ref id="ITF63" xmlns="" />
          </Parent>
        </Code>
        <Code id="079110" urn="urn:sdmx:org.sdmx.infomodel.codelist.Code=IT1:CL_REFAREA(1.2).079110">
          <Name xml:lang="it" xmlns="http://www.sdmx.org/resources/sdmxml/schemas/v2_1/common">San Mango d'Aquino</Name>
          <Name xml:lang="en" xmlns="http://www.sdmx.org/resources/sdmxml/schemas/v2_1/common">San Mango d'Aquino</Name>
          <Parent>
            <Ref id="ITF63" xmlns="" />
          </Parent>
        </Code>
        <Code id="079111" urn="urn:sdmx:org.sdmx.infomodel.codelist.Code=IT1:CL_REFAREA(1.2).079111">
          <Name xml:lang="it" xmlns="http://www.sdmx.org/resources/sdmxml/schemas/v2_1/common">San Mauro Marchesato</Name>
          <Name xml:lang="en" xmlns="http://www.sdmx.org/resources/sdmxml/schemas/v2_1/common">San Mauro Marchesato</Name>
          <Parent>
            <Ref id="ITF63" xmlns="" />
          </Parent>
        </Code>
        <Code id="079112" urn="urn:sdmx:org.sdmx.infomodel.codelist.Code=IT1:CL_REFAREA(1.2).079112">
          <Name xml:lang="it" xmlns="http://www.sdmx.org/resources/sdmxml/schemas/v2_1/common">San Nicola da Crissa</Name>
          <Name xml:lang="en" xmlns="http://www.sdmx.org/resources/sdmxml/schemas/v2_1/common">San Nicola da Crissa</Name>
          <Parent>
            <Ref id="ITF63" xmlns="" />
          </Parent>
        </Code>
        <Code id="079113" urn="urn:sdmx:org.sdmx.infomodel.codelist.Code=IT1:CL_REFAREA(1.2).079113">
          <Name xml:lang="it" xmlns="http://www.sdmx.org/resources/sdmxml/schemas/v2_1/common">San Nicola dell'Alto</Name>
          <Name xml:lang="en" xmlns="http://www.sdmx.org/resources/sdmxml/schemas/v2_1/common">San Nicola dell'Alto</Name>
          <Parent>
            <Ref id="ITF63" xmlns="" />
          </Parent>
        </Code>
        <Code id="079114" urn="urn:sdmx:org.sdmx.infomodel.codelist.Code=IT1:CL_REFAREA(1.2).079114">
          <Name xml:lang="it" xmlns="http://www.sdmx.org/resources/sdmxml/schemas/v2_1/common">San Pietro a Maida</Name>
          <Name xml:lang="en" xmlns="http://www.sdmx.org/resources/sdmxml/schemas/v2_1/common">San Pietro a Maida</Name>
          <Parent>
            <Ref id="ITF63" xmlns="" />
          </Parent>
        </Code>
        <Code id="079115" urn="urn:sdmx:org.sdmx.infomodel.codelist.Code=IT1:CL_REFAREA(1.2).079115">
          <Name xml:lang="it" xmlns="http://www.sdmx.org/resources/sdmxml/schemas/v2_1/common">San Pietro Apostolo</Name>
          <Name xml:lang="en" xmlns="http://www.sdmx.org/resources/sdmxml/schemas/v2_1/common">San Pietro Apostolo</Name>
          <Parent>
            <Ref id="ITF63" xmlns="" />
          </Parent>
        </Code>
        <Code id="079116" urn="urn:sdmx:org.sdmx.infomodel.codelist.Code=IT1:CL_REFAREA(1.2).079116">
          <Name xml:lang="it" xmlns="http://www.sdmx.org/resources/sdmxml/schemas/v2_1/common">San Sostene</Name>
          <Name xml:lang="en" xmlns="http://www.sdmx.org/resources/sdmxml/schemas/v2_1/common">San Sostene</Name>
          <Parent>
            <Ref id="ITF63" xmlns="" />
          </Parent>
        </Code>
        <Code id="079117" urn="urn:sdmx:org.sdmx.infomodel.codelist.Code=IT1:CL_REFAREA(1.2).079117">
          <Name xml:lang="it" xmlns="http://www.sdmx.org/resources/sdmxml/schemas/v2_1/common">Santa Caterina dello Ionio</Name>
          <Name xml:lang="en" xmlns="http://www.sdmx.org/resources/sdmxml/schemas/v2_1/common">Santa Caterina dello Ionio</Name>
          <Parent>
            <Ref id="ITF63" xmlns="" />
          </Parent>
        </Code>
        <Code id="079118" urn="urn:sdmx:org.sdmx.infomodel.codelist.Code=IT1:CL_REFAREA(1.2).079118">
          <Name xml:lang="it" xmlns="http://www.sdmx.org/resources/sdmxml/schemas/v2_1/common">Sant'Andrea Apostolo dello Ionio</Name>
          <Name xml:lang="en" xmlns="http://www.sdmx.org/resources/sdmxml/schemas/v2_1/common">Sant'Andrea Apostolo dello Ionio</Name>
          <Parent>
            <Ref id="ITF63" xmlns="" />
          </Parent>
        </Code>
        <Code id="079119" urn="urn:sdmx:org.sdmx.infomodel.codelist.Code=IT1:CL_REFAREA(1.2).079119">
          <Name xml:lang="it" xmlns="http://www.sdmx.org/resources/sdmxml/schemas/v2_1/common">Santa Severina</Name>
          <Name xml:lang="en" xmlns="http://www.sdmx.org/resources/sdmxml/schemas/v2_1/common">Santa Severina</Name>
          <Parent>
            <Ref id="ITF63" xmlns="" />
          </Parent>
        </Code>
        <Code id="079121" urn="urn:sdmx:org.sdmx.infomodel.codelist.Code=IT1:CL_REFAREA(1.2).079121">
          <Name xml:lang="it" xmlns="http://www.sdmx.org/resources/sdmxml/schemas/v2_1/common">Sant'Onofrio</Name>
          <Name xml:lang="en" xmlns="http://www.sdmx.org/resources/sdmxml/schemas/v2_1/common">Sant'Onofrio</Name>
          <Parent>
            <Ref id="ITF63" xmlns="" />
          </Parent>
        </Code>
        <Code id="079122" urn="urn:sdmx:org.sdmx.infomodel.codelist.Code=IT1:CL_REFAREA(1.2).079122">
          <Name xml:lang="it" xmlns="http://www.sdmx.org/resources/sdmxml/schemas/v2_1/common">San Vito sullo Ionio</Name>
          <Name xml:lang="en" xmlns="http://www.sdmx.org/resources/sdmxml/schemas/v2_1/common">San Vito sullo Ionio</Name>
          <Parent>
            <Ref id="ITF63" xmlns="" />
          </Parent>
        </Code>
        <Code id="079123" urn="urn:sdmx:org.sdmx.infomodel.codelist.Code=IT1:CL_REFAREA(1.2).079123">
          <Name xml:lang="it" xmlns="http://www.sdmx.org/resources/sdmxml/schemas/v2_1/common">Satriano</Name>
          <Name xml:lang="en" xmlns="http://www.sdmx.org/resources/sdmxml/schemas/v2_1/common">Satriano</Name>
          <Parent>
            <Ref id="ITF63" xmlns="" />
          </Parent>
        </Code>
        <Code id="079124" urn="urn:sdmx:org.sdmx.infomodel.codelist.Code=IT1:CL_REFAREA(1.2).079124">
          <Name xml:lang="it" xmlns="http://www.sdmx.org/resources/sdmxml/schemas/v2_1/common">Savelli</Name>
          <Name xml:lang="en" xmlns="http://www.sdmx.org/resources/sdmxml/schemas/v2_1/common">Savelli</Name>
          <Parent>
            <Ref id="ITF63" xmlns="" />
          </Parent>
        </Code>
        <Code id="079125" urn="urn:sdmx:org.sdmx.infomodel.codelist.Code=IT1:CL_REFAREA(1.2).079125">
          <Name xml:lang="it" xmlns="http://www.sdmx.org/resources/sdmxml/schemas/v2_1/common">Scandale</Name>
          <Name xml:lang="en" xmlns="http://www.sdmx.org/resources/sdmxml/schemas/v2_1/common">Scandale</Name>
          <Parent>
            <Ref id="ITF63" xmlns="" />
          </Parent>
        </Code>
        <Code id="079126" urn="urn:sdmx:org.sdmx.infomodel.codelist.Code=IT1:CL_REFAREA(1.2).079126">
          <Name xml:lang="it" xmlns="http://www.sdmx.org/resources/sdmxml/schemas/v2_1/common">Sellia</Name>
          <Name xml:lang="en" xmlns="http://www.sdmx.org/resources/sdmxml/schemas/v2_1/common">Sellia</Name>
          <Parent>
            <Ref id="ITF63" xmlns="" />
          </Parent>
        </Code>
        <Code id="079127" urn="urn:sdmx:org.sdmx.infomodel.codelist.Code=IT1:CL_REFAREA(1.2).079127">
          <Name xml:lang="it" xmlns="http://www.sdmx.org/resources/sdmxml/schemas/v2_1/common">Sellia Marina</Name>
          <Name xml:lang="en" xmlns="http://www.sdmx.org/resources/sdmxml/schemas/v2_1/common">Sellia Marina</Name>
          <Parent>
            <Ref id="ITF63" xmlns="" />
          </Parent>
        </Code>
        <Code id="079128" urn="urn:sdmx:org.sdmx.infomodel.codelist.Code=IT1:CL_REFAREA(1.2).079128">
          <Name xml:lang="it" xmlns="http://www.sdmx.org/resources/sdmxml/schemas/v2_1/common">Serra San Bruno</Name>
          <Name xml:lang="en" xmlns="http://www.sdmx.org/resources/sdmxml/schemas/v2_1/common">Serra San Bruno</Name>
          <Parent>
            <Ref id="ITF63" xmlns="" />
          </Parent>
        </Code>
        <Code id="079129" urn="urn:sdmx:org.sdmx.infomodel.codelist.Code=IT1:CL_REFAREA(1.2).079129">
          <Name xml:lang="it" xmlns="http://www.sdmx.org/resources/sdmxml/schemas/v2_1/common">Serrastretta</Name>
          <Name xml:lang="en" xmlns="http://www.sdmx.org/resources/sdmxml/schemas/v2_1/common">Serrastretta</Name>
          <Parent>
            <Ref id="ITF63" xmlns="" />
          </Parent>
        </Code>
        <Code id="079130" urn="urn:sdmx:org.sdmx.infomodel.codelist.Code=IT1:CL_REFAREA(1.2).079130">
          <Name xml:lang="it" xmlns="http://www.sdmx.org/resources/sdmxml/schemas/v2_1/common">Sersale</Name>
          <Name xml:lang="en" xmlns="http://www.sdmx.org/resources/sdmxml/schemas/v2_1/common">Sersale</Name>
          <Parent>
            <Ref id="ITF63" xmlns="" />
          </Parent>
        </Code>
        <Code id="079131" urn="urn:sdmx:org.sdmx.infomodel.codelist.Code=IT1:CL_REFAREA(1.2).079131">
          <Name xml:lang="it" xmlns="http://www.sdmx.org/resources/sdmxml/schemas/v2_1/common">Settingiano</Name>
          <Name xml:lang="en" xmlns="http://www.sdmx.org/resources/sdmxml/schemas/v2_1/common">Settingiano</Name>
          <Parent>
            <Ref id="ITF63" xmlns="" />
          </Parent>
        </Code>
        <Code id="079132" urn="urn:sdmx:org.sdmx.infomodel.codelist.Code=IT1:CL_REFAREA(1.2).079132">
          <Name xml:lang="it" xmlns="http://www.sdmx.org/resources/sdmxml/schemas/v2_1/common">Simbario</Name>
          <Name xml:lang="en" xmlns="http://www.sdmx.org/resources/sdmxml/schemas/v2_1/common">Simbario</Name>
          <Parent>
            <Ref id="ITF63" xmlns="" />
          </Parent>
        </Code>
        <Code id="079133" urn="urn:sdmx:org.sdmx.infomodel.codelist.Code=IT1:CL_REFAREA(1.2).079133">
          <Name xml:lang="it" xmlns="http://www.sdmx.org/resources/sdmxml/schemas/v2_1/common">Simeri Crichi</Name>
          <Name xml:lang="en" xmlns="http://www.sdmx.org/resources/sdmxml/schemas/v2_1/common">Simeri Crichi</Name>
          <Parent>
            <Ref id="ITF63" xmlns="" />
          </Parent>
        </Code>
        <Code id="079134" urn="urn:sdmx:org.sdmx.infomodel.codelist.Code=IT1:CL_REFAREA(1.2).079134">
          <Name xml:lang="it" xmlns="http://www.sdmx.org/resources/sdmxml/schemas/v2_1/common">Sorbo San Basile</Name>
          <Name xml:lang="en" xmlns="http://www.sdmx.org/resources/sdmxml/schemas/v2_1/common">Sorbo San Basile</Name>
          <Parent>
            <Ref id="ITF63" xmlns="" />
          </Parent>
        </Code>
        <Code id="079135" urn="urn:sdmx:org.sdmx.infomodel.codelist.Code=IT1:CL_REFAREA(1.2).079135">
          <Name xml:lang="it" xmlns="http://www.sdmx.org/resources/sdmxml/schemas/v2_1/common">Sorianello</Name>
          <Name xml:lang="en" xmlns="http://www.sdmx.org/resources/sdmxml/schemas/v2_1/common">Sorianello</Name>
          <Parent>
            <Ref id="ITF63" xmlns="" />
          </Parent>
        </Code>
        <Code id="079136" urn="urn:sdmx:org.sdmx.infomodel.codelist.Code=IT1:CL_REFAREA(1.2).079136">
          <Name xml:lang="it" xmlns="http://www.sdmx.org/resources/sdmxml/schemas/v2_1/common">Soriano Calabro</Name>
          <Name xml:lang="en" xmlns="http://www.sdmx.org/resources/sdmxml/schemas/v2_1/common">Soriano Calabro</Name>
          <Parent>
            <Ref id="ITF63" xmlns="" />
          </Parent>
        </Code>
        <Code id="079137" urn="urn:sdmx:org.sdmx.infomodel.codelist.Code=IT1:CL_REFAREA(1.2).079137">
          <Name xml:lang="it" xmlns="http://www.sdmx.org/resources/sdmxml/schemas/v2_1/common">Soverato</Name>
          <Name xml:lang="en" xmlns="http://www.sdmx.org/resources/sdmxml/schemas/v2_1/common">Soverato</Name>
          <Parent>
            <Ref id="ITF63" xmlns="" />
          </Parent>
        </Code>
        <Code id="079138" urn="urn:sdmx:org.sdmx.infomodel.codelist.Code=IT1:CL_REFAREA(1.2).079138">
          <Name xml:lang="it" xmlns="http://www.sdmx.org/resources/sdmxml/schemas/v2_1/common">Soveria Mannelli</Name>
          <Name xml:lang="en" xmlns="http://www.sdmx.org/resources/sdmxml/schemas/v2_1/common">Soveria Mannelli</Name>
          <Parent>
            <Ref id="ITF63" xmlns="" />
          </Parent>
        </Code>
        <Code id="079139" urn="urn:sdmx:org.sdmx.infomodel.codelist.Code=IT1:CL_REFAREA(1.2).079139">
          <Name xml:lang="it" xmlns="http://www.sdmx.org/resources/sdmxml/schemas/v2_1/common">Soveria Simeri</Name>
          <Name xml:lang="en" xmlns="http://www.sdmx.org/resources/sdmxml/schemas/v2_1/common">Soveria Simeri</Name>
          <Parent>
            <Ref id="ITF63" xmlns="" />
          </Parent>
        </Code>
        <Code id="079140" urn="urn:sdmx:org.sdmx.infomodel.codelist.Code=IT1:CL_REFAREA(1.2).079140">
          <Name xml:lang="it" xmlns="http://www.sdmx.org/resources/sdmxml/schemas/v2_1/common">Spadola</Name>
          <Name xml:lang="en" xmlns="http://www.sdmx.org/resources/sdmxml/schemas/v2_1/common">Spadola</Name>
          <Parent>
            <Ref id="ITF63" xmlns="" />
          </Parent>
        </Code>
        <Code id="079141" urn="urn:sdmx:org.sdmx.infomodel.codelist.Code=IT1:CL_REFAREA(1.2).079141">
          <Name xml:lang="it" xmlns="http://www.sdmx.org/resources/sdmxml/schemas/v2_1/common">Spilinga</Name>
          <Name xml:lang="en" xmlns="http://www.sdmx.org/resources/sdmxml/schemas/v2_1/common">Spilinga</Name>
          <Parent>
            <Ref id="ITF63" xmlns="" />
          </Parent>
        </Code>
        <Code id="079142" urn="urn:sdmx:org.sdmx.infomodel.codelist.Code=IT1:CL_REFAREA(1.2).079142">
          <Name xml:lang="it" xmlns="http://www.sdmx.org/resources/sdmxml/schemas/v2_1/common">Squillace</Name>
          <Name xml:lang="en" xmlns="http://www.sdmx.org/resources/sdmxml/schemas/v2_1/common">Squillace</Name>
          <Parent>
            <Ref id="ITF63" xmlns="" />
          </Parent>
        </Code>
        <Code id="079143" urn="urn:sdmx:org.sdmx.infomodel.codelist.Code=IT1:CL_REFAREA(1.2).079143">
          <Name xml:lang="it" xmlns="http://www.sdmx.org/resources/sdmxml/schemas/v2_1/common">Stalettì</Name>
          <Name xml:lang="en" xmlns="http://www.sdmx.org/resources/sdmxml/schemas/v2_1/common">Stalettì</Name>
          <Parent>
            <Ref id="ITF63" xmlns="" />
          </Parent>
        </Code>
        <Code id="079144" urn="urn:sdmx:org.sdmx.infomodel.codelist.Code=IT1:CL_REFAREA(1.2).079144">
          <Name xml:lang="it" xmlns="http://www.sdmx.org/resources/sdmxml/schemas/v2_1/common">Stefanaconi</Name>
          <Name xml:lang="en" xmlns="http://www.sdmx.org/resources/sdmxml/schemas/v2_1/common">Stefanaconi</Name>
          <Parent>
            <Ref id="ITF63" xmlns="" />
          </Parent>
        </Code>
        <Code id="079145" urn="urn:sdmx:org.sdmx.infomodel.codelist.Code=IT1:CL_REFAREA(1.2).079145">
          <Name xml:lang="it" xmlns="http://www.sdmx.org/resources/sdmxml/schemas/v2_1/common">Strongoli</Name>
          <Name xml:lang="en" xmlns="http://www.sdmx.org/resources/sdmxml/schemas/v2_1/common">Strongoli</Name>
          <Parent>
            <Ref id="ITF63" xmlns="" />
          </Parent>
        </Code>
        <Code id="079146" urn="urn:sdmx:org.sdmx.infomodel.codelist.Code=IT1:CL_REFAREA(1.2).079146">
          <Name xml:lang="it" xmlns="http://www.sdmx.org/resources/sdmxml/schemas/v2_1/common">Taverna</Name>
          <Name xml:lang="en" xmlns="http://www.sdmx.org/resources/sdmxml/schemas/v2_1/common">Taverna</Name>
          <Parent>
            <Ref id="ITF63" xmlns="" />
          </Parent>
        </Code>
        <Code id="079147" urn="urn:sdmx:org.sdmx.infomodel.codelist.Code=IT1:CL_REFAREA(1.2).079147">
          <Name xml:lang="it" xmlns="http://www.sdmx.org/resources/sdmxml/schemas/v2_1/common">Tiriolo</Name>
          <Name xml:lang="en" xmlns="http://www.sdmx.org/resources/sdmxml/schemas/v2_1/common">Tiriolo</Name>
          <Parent>
            <Ref id="ITF63" xmlns="" />
          </Parent>
        </Code>
        <Code id="079148" urn="urn:sdmx:org.sdmx.infomodel.codelist.Code=IT1:CL_REFAREA(1.2).079148">
          <Name xml:lang="it" xmlns="http://www.sdmx.org/resources/sdmxml/schemas/v2_1/common">Torre di Ruggiero</Name>
          <Name xml:lang="en" xmlns="http://www.sdmx.org/resources/sdmxml/schemas/v2_1/common">Torre di Ruggiero</Name>
          <Parent>
            <Ref id="ITF63" xmlns="" />
          </Parent>
        </Code>
        <Code id="079149" urn="urn:sdmx:org.sdmx.infomodel.codelist.Code=IT1:CL_REFAREA(1.2).079149">
          <Name xml:lang="it" xmlns="http://www.sdmx.org/resources/sdmxml/schemas/v2_1/common">Tropea</Name>
          <Name xml:lang="en" xmlns="http://www.sdmx.org/resources/sdmxml/schemas/v2_1/common">Tropea</Name>
          <Parent>
            <Ref id="ITF63" xmlns="" />
          </Parent>
        </Code>
        <Code id="079150" urn="urn:sdmx:org.sdmx.infomodel.codelist.Code=IT1:CL_REFAREA(1.2).079150">
          <Name xml:lang="it" xmlns="http://www.sdmx.org/resources/sdmxml/schemas/v2_1/common">Umbriatico</Name>
          <Name xml:lang="en" xmlns="http://www.sdmx.org/resources/sdmxml/schemas/v2_1/common">Umbriatico</Name>
          <Parent>
            <Ref id="ITF63" xmlns="" />
          </Parent>
        </Code>
        <Code id="079151" urn="urn:sdmx:org.sdmx.infomodel.codelist.Code=IT1:CL_REFAREA(1.2).079151">
          <Name xml:lang="it" xmlns="http://www.sdmx.org/resources/sdmxml/schemas/v2_1/common">Vallefiorita</Name>
          <Name xml:lang="en" xmlns="http://www.sdmx.org/resources/sdmxml/schemas/v2_1/common">Vallefiorita</Name>
          <Parent>
            <Ref id="ITF63" xmlns="" />
          </Parent>
        </Code>
        <Code id="079152" urn="urn:sdmx:org.sdmx.infomodel.codelist.Code=IT1:CL_REFAREA(1.2).079152">
          <Name xml:lang="it" xmlns="http://www.sdmx.org/resources/sdmxml/schemas/v2_1/common">Vallelonga</Name>
          <Name xml:lang="en" xmlns="http://www.sdmx.org/resources/sdmxml/schemas/v2_1/common">Vallelonga</Name>
          <Parent>
            <Ref id="ITF63" xmlns="" />
          </Parent>
        </Code>
        <Code id="079153" urn="urn:sdmx:org.sdmx.infomodel.codelist.Code=IT1:CL_REFAREA(1.2).079153">
          <Name xml:lang="it" xmlns="http://www.sdmx.org/resources/sdmxml/schemas/v2_1/common">Vazzano</Name>
          <Name xml:lang="en" xmlns="http://www.sdmx.org/resources/sdmxml/schemas/v2_1/common">Vazzano</Name>
          <Parent>
            <Ref id="ITF63" xmlns="" />
          </Parent>
        </Code>
        <Code id="079154" urn="urn:sdmx:org.sdmx.infomodel.codelist.Code=IT1:CL_REFAREA(1.2).079154">
          <Name xml:lang="it" xmlns="http://www.sdmx.org/resources/sdmxml/schemas/v2_1/common">Verzino</Name>
          <Name xml:lang="en" xmlns="http://www.sdmx.org/resources/sdmxml/schemas/v2_1/common">Verzino</Name>
          <Parent>
            <Ref id="ITF63" xmlns="" />
          </Parent>
        </Code>
        <Code id="079155" urn="urn:sdmx:org.sdmx.infomodel.codelist.Code=IT1:CL_REFAREA(1.2).079155">
          <Name xml:lang="it" xmlns="http://www.sdmx.org/resources/sdmxml/schemas/v2_1/common">Vibo Valentia</Name>
          <Name xml:lang="en" xmlns="http://www.sdmx.org/resources/sdmxml/schemas/v2_1/common">Vibo Valentia</Name>
          <Parent>
            <Ref id="ITF63" xmlns="" />
          </Parent>
        </Code>
        <Code id="079156" urn="urn:sdmx:org.sdmx.infomodel.codelist.Code=IT1:CL_REFAREA(1.2).079156">
          <Name xml:lang="it" xmlns="http://www.sdmx.org/resources/sdmxml/schemas/v2_1/common">Zaccanopoli</Name>
          <Name xml:lang="en" xmlns="http://www.sdmx.org/resources/sdmxml/schemas/v2_1/common">Zaccanopoli</Name>
          <Parent>
            <Ref id="ITF63" xmlns="" />
          </Parent>
        </Code>
        <Code id="079157" urn="urn:sdmx:org.sdmx.infomodel.codelist.Code=IT1:CL_REFAREA(1.2).079157">
          <Name xml:lang="it" xmlns="http://www.sdmx.org/resources/sdmxml/schemas/v2_1/common">Zagarise</Name>
          <Name xml:lang="en" xmlns="http://www.sdmx.org/resources/sdmxml/schemas/v2_1/common">Zagarise</Name>
          <Parent>
            <Ref id="ITF63" xmlns="" />
          </Parent>
        </Code>
        <Code id="079158" urn="urn:sdmx:org.sdmx.infomodel.codelist.Code=IT1:CL_REFAREA(1.2).079158">
          <Name xml:lang="it" xmlns="http://www.sdmx.org/resources/sdmxml/schemas/v2_1/common">Zambrone</Name>
          <Name xml:lang="en" xmlns="http://www.sdmx.org/resources/sdmxml/schemas/v2_1/common">Zambrone</Name>
          <Parent>
            <Ref id="ITF63" xmlns="" />
          </Parent>
        </Code>
        <Code id="079159" urn="urn:sdmx:org.sdmx.infomodel.codelist.Code=IT1:CL_REFAREA(1.2).079159">
          <Name xml:lang="it" xmlns="http://www.sdmx.org/resources/sdmxml/schemas/v2_1/common">Zungri</Name>
          <Name xml:lang="en" xmlns="http://www.sdmx.org/resources/sdmxml/schemas/v2_1/common">Zungri</Name>
          <Parent>
            <Ref id="ITF63" xmlns="" />
          </Parent>
        </Code>
        <Code id="079160" urn="urn:sdmx:org.sdmx.infomodel.codelist.Code=IT1:CL_REFAREA(1.2).079160">
          <Name xml:lang="it" xmlns="http://www.sdmx.org/resources/sdmxml/schemas/v2_1/common">Lamezia Terme</Name>
          <Name xml:lang="en" xmlns="http://www.sdmx.org/resources/sdmxml/schemas/v2_1/common">Lamezia Terme</Name>
          <Parent>
            <Ref id="ITF63" xmlns="" />
          </Parent>
        </Code>
        <Code id="080001" urn="urn:sdmx:org.sdmx.infomodel.codelist.Code=IT1:CL_REFAREA(1.2).080001">
          <Name xml:lang="it" xmlns="http://www.sdmx.org/resources/sdmxml/schemas/v2_1/common">Africo</Name>
          <Name xml:lang="en" xmlns="http://www.sdmx.org/resources/sdmxml/schemas/v2_1/common">Africo</Name>
          <Parent>
            <Ref id="ITF65" xmlns="" />
          </Parent>
        </Code>
        <Code id="080002" urn="urn:sdmx:org.sdmx.infomodel.codelist.Code=IT1:CL_REFAREA(1.2).080002">
          <Name xml:lang="it" xmlns="http://www.sdmx.org/resources/sdmxml/schemas/v2_1/common">Agnana Calabra</Name>
          <Name xml:lang="en" xmlns="http://www.sdmx.org/resources/sdmxml/schemas/v2_1/common">Agnana Calabra</Name>
          <Parent>
            <Ref id="ITF65" xmlns="" />
          </Parent>
        </Code>
        <Code id="080003" urn="urn:sdmx:org.sdmx.infomodel.codelist.Code=IT1:CL_REFAREA(1.2).080003">
          <Name xml:lang="it" xmlns="http://www.sdmx.org/resources/sdmxml/schemas/v2_1/common">Anoia</Name>
          <Name xml:lang="en" xmlns="http://www.sdmx.org/resources/sdmxml/schemas/v2_1/common">Anoia</Name>
          <Parent>
            <Ref id="ITF65" xmlns="" />
          </Parent>
        </Code>
        <Code id="080004" urn="urn:sdmx:org.sdmx.infomodel.codelist.Code=IT1:CL_REFAREA(1.2).080004">
          <Name xml:lang="it" xmlns="http://www.sdmx.org/resources/sdmxml/schemas/v2_1/common">Antonimina</Name>
          <Name xml:lang="en" xmlns="http://www.sdmx.org/resources/sdmxml/schemas/v2_1/common">Antonimina</Name>
          <Parent>
            <Ref id="ITF65" xmlns="" />
          </Parent>
        </Code>
        <Code id="080005" urn="urn:sdmx:org.sdmx.infomodel.codelist.Code=IT1:CL_REFAREA(1.2).080005">
          <Name xml:lang="it" xmlns="http://www.sdmx.org/resources/sdmxml/schemas/v2_1/common">Ardore</Name>
          <Name xml:lang="en" xmlns="http://www.sdmx.org/resources/sdmxml/schemas/v2_1/common">Ardore</Name>
          <Parent>
            <Ref id="ITF65" xmlns="" />
          </Parent>
        </Code>
        <Code id="080006" urn="urn:sdmx:org.sdmx.infomodel.codelist.Code=IT1:CL_REFAREA(1.2).080006">
          <Name xml:lang="it" xmlns="http://www.sdmx.org/resources/sdmxml/schemas/v2_1/common">Bagaladi</Name>
          <Name xml:lang="en" xmlns="http://www.sdmx.org/resources/sdmxml/schemas/v2_1/common">Bagaladi</Name>
          <Parent>
            <Ref id="ITF65" xmlns="" />
          </Parent>
        </Code>
        <Code id="080007" urn="urn:sdmx:org.sdmx.infomodel.codelist.Code=IT1:CL_REFAREA(1.2).080007">
          <Name xml:lang="it" xmlns="http://www.sdmx.org/resources/sdmxml/schemas/v2_1/common">Bagnara Calabra</Name>
          <Name xml:lang="en" xmlns="http://www.sdmx.org/resources/sdmxml/schemas/v2_1/common">Bagnara Calabra</Name>
          <Parent>
            <Ref id="ITF65" xmlns="" />
          </Parent>
        </Code>
        <Code id="080008" urn="urn:sdmx:org.sdmx.infomodel.codelist.Code=IT1:CL_REFAREA(1.2).080008">
          <Name xml:lang="it" xmlns="http://www.sdmx.org/resources/sdmxml/schemas/v2_1/common">Benestare</Name>
          <Name xml:lang="en" xmlns="http://www.sdmx.org/resources/sdmxml/schemas/v2_1/common">Benestare</Name>
          <Parent>
            <Ref id="ITF65" xmlns="" />
          </Parent>
        </Code>
        <Code id="080009" urn="urn:sdmx:org.sdmx.infomodel.codelist.Code=IT1:CL_REFAREA(1.2).080009">
          <Name xml:lang="it" xmlns="http://www.sdmx.org/resources/sdmxml/schemas/v2_1/common">Bianco</Name>
          <Name xml:lang="en" xmlns="http://www.sdmx.org/resources/sdmxml/schemas/v2_1/common">Bianco</Name>
          <Parent>
            <Ref id="ITF65" xmlns="" />
          </Parent>
        </Code>
        <Code id="080010" urn="urn:sdmx:org.sdmx.infomodel.codelist.Code=IT1:CL_REFAREA(1.2).080010">
          <Name xml:lang="it" xmlns="http://www.sdmx.org/resources/sdmxml/schemas/v2_1/common">Bivongi</Name>
          <Name xml:lang="en" xmlns="http://www.sdmx.org/resources/sdmxml/schemas/v2_1/common">Bivongi</Name>
          <Parent>
            <Ref id="ITF65" xmlns="" />
          </Parent>
        </Code>
        <Code id="080011" urn="urn:sdmx:org.sdmx.infomodel.codelist.Code=IT1:CL_REFAREA(1.2).080011">
          <Name xml:lang="it" xmlns="http://www.sdmx.org/resources/sdmxml/schemas/v2_1/common">Bova</Name>
          <Name xml:lang="en" xmlns="http://www.sdmx.org/resources/sdmxml/schemas/v2_1/common">Bova</Name>
          <Parent>
            <Ref id="ITF65" xmlns="" />
          </Parent>
        </Code>
        <Code id="080012" urn="urn:sdmx:org.sdmx.infomodel.codelist.Code=IT1:CL_REFAREA(1.2).080012">
          <Name xml:lang="it" xmlns="http://www.sdmx.org/resources/sdmxml/schemas/v2_1/common">Bovalino</Name>
          <Name xml:lang="en" xmlns="http://www.sdmx.org/resources/sdmxml/schemas/v2_1/common">Bovalino</Name>
          <Parent>
            <Ref id="ITF65" xmlns="" />
          </Parent>
        </Code>
        <Code id="080013" urn="urn:sdmx:org.sdmx.infomodel.codelist.Code=IT1:CL_REFAREA(1.2).080013">
          <Name xml:lang="it" xmlns="http://www.sdmx.org/resources/sdmxml/schemas/v2_1/common">Bova Marina</Name>
          <Name xml:lang="en" xmlns="http://www.sdmx.org/resources/sdmxml/schemas/v2_1/common">Bova Marina</Name>
          <Parent>
            <Ref id="ITF65" xmlns="" />
          </Parent>
        </Code>
        <Code id="080014" urn="urn:sdmx:org.sdmx.infomodel.codelist.Code=IT1:CL_REFAREA(1.2).080014">
          <Name xml:lang="it" xmlns="http://www.sdmx.org/resources/sdmxml/schemas/v2_1/common">Brancaleone</Name>
          <Name xml:lang="en" xmlns="http://www.sdmx.org/resources/sdmxml/schemas/v2_1/common">Brancaleone</Name>
          <Parent>
            <Ref id="ITF65" xmlns="" />
          </Parent>
        </Code>
        <Code id="080015" urn="urn:sdmx:org.sdmx.infomodel.codelist.Code=IT1:CL_REFAREA(1.2).080015">
          <Name xml:lang="it" xmlns="http://www.sdmx.org/resources/sdmxml/schemas/v2_1/common">Bruzzano Zeffirio</Name>
          <Name xml:lang="en" xmlns="http://www.sdmx.org/resources/sdmxml/schemas/v2_1/common">Bruzzano Zeffirio</Name>
          <Parent>
            <Ref id="ITF65" xmlns="" />
          </Parent>
        </Code>
        <Code id="080016" urn="urn:sdmx:org.sdmx.infomodel.codelist.Code=IT1:CL_REFAREA(1.2).080016">
          <Name xml:lang="it" xmlns="http://www.sdmx.org/resources/sdmxml/schemas/v2_1/common">Calanna</Name>
          <Name xml:lang="en" xmlns="http://www.sdmx.org/resources/sdmxml/schemas/v2_1/common">Calanna</Name>
          <Parent>
            <Ref id="ITF65" xmlns="" />
          </Parent>
        </Code>
        <Code id="080017" urn="urn:sdmx:org.sdmx.infomodel.codelist.Code=IT1:CL_REFAREA(1.2).080017">
          <Name xml:lang="it" xmlns="http://www.sdmx.org/resources/sdmxml/schemas/v2_1/common">Camini</Name>
          <Name xml:lang="en" xmlns="http://www.sdmx.org/resources/sdmxml/schemas/v2_1/common">Camini</Name>
          <Parent>
            <Ref id="ITF65" xmlns="" />
          </Parent>
        </Code>
        <Code id="080018" urn="urn:sdmx:org.sdmx.infomodel.codelist.Code=IT1:CL_REFAREA(1.2).080018">
          <Name xml:lang="it" xmlns="http://www.sdmx.org/resources/sdmxml/schemas/v2_1/common">Campo Calabro</Name>
          <Name xml:lang="en" xmlns="http://www.sdmx.org/resources/sdmxml/schemas/v2_1/common">Campo Calabro</Name>
          <Parent>
            <Ref id="ITF65" xmlns="" />
          </Parent>
        </Code>
        <Code id="080019" urn="urn:sdmx:org.sdmx.infomodel.codelist.Code=IT1:CL_REFAREA(1.2).080019">
          <Name xml:lang="it" xmlns="http://www.sdmx.org/resources/sdmxml/schemas/v2_1/common">Candidoni</Name>
          <Name xml:lang="en" xmlns="http://www.sdmx.org/resources/sdmxml/schemas/v2_1/common">Candidoni</Name>
          <Parent>
            <Ref id="ITF65" xmlns="" />
          </Parent>
        </Code>
        <Code id="080020" urn="urn:sdmx:org.sdmx.infomodel.codelist.Code=IT1:CL_REFAREA(1.2).080020">
          <Name xml:lang="it" xmlns="http://www.sdmx.org/resources/sdmxml/schemas/v2_1/common">Canolo</Name>
          <Name xml:lang="en" xmlns="http://www.sdmx.org/resources/sdmxml/schemas/v2_1/common">Canolo</Name>
          <Parent>
            <Ref id="ITF65" xmlns="" />
          </Parent>
        </Code>
        <Code id="080021" urn="urn:sdmx:org.sdmx.infomodel.codelist.Code=IT1:CL_REFAREA(1.2).080021">
          <Name xml:lang="it" xmlns="http://www.sdmx.org/resources/sdmxml/schemas/v2_1/common">Caraffa del Bianco</Name>
          <Name xml:lang="en" xmlns="http://www.sdmx.org/resources/sdmxml/schemas/v2_1/common">Caraffa del Bianco</Name>
          <Parent>
            <Ref id="ITF65" xmlns="" />
          </Parent>
        </Code>
        <Code id="080022" urn="urn:sdmx:org.sdmx.infomodel.codelist.Code=IT1:CL_REFAREA(1.2).080022">
          <Name xml:lang="it" xmlns="http://www.sdmx.org/resources/sdmxml/schemas/v2_1/common">Cardeto</Name>
          <Name xml:lang="en" xmlns="http://www.sdmx.org/resources/sdmxml/schemas/v2_1/common">Cardeto</Name>
          <Parent>
            <Ref id="ITF65" xmlns="" />
          </Parent>
        </Code>
        <Code id="080023" urn="urn:sdmx:org.sdmx.infomodel.codelist.Code=IT1:CL_REFAREA(1.2).080023">
          <Name xml:lang="it" xmlns="http://www.sdmx.org/resources/sdmxml/schemas/v2_1/common">Careri</Name>
          <Name xml:lang="en" xmlns="http://www.sdmx.org/resources/sdmxml/schemas/v2_1/common">Careri</Name>
          <Parent>
            <Ref id="ITF65" xmlns="" />
          </Parent>
        </Code>
        <Code id="080024" urn="urn:sdmx:org.sdmx.infomodel.codelist.Code=IT1:CL_REFAREA(1.2).080024">
          <Name xml:lang="it" xmlns="http://www.sdmx.org/resources/sdmxml/schemas/v2_1/common">Casignana</Name>
          <Name xml:lang="en" xmlns="http://www.sdmx.org/resources/sdmxml/schemas/v2_1/common">Casignana</Name>
          <Parent>
            <Ref id="ITF65" xmlns="" />
          </Parent>
        </Code>
        <Code id="080025" urn="urn:sdmx:org.sdmx.infomodel.codelist.Code=IT1:CL_REFAREA(1.2).080025">
          <Name xml:lang="it" xmlns="http://www.sdmx.org/resources/sdmxml/schemas/v2_1/common">Caulonia</Name>
          <Name xml:lang="en" xmlns="http://www.sdmx.org/resources/sdmxml/schemas/v2_1/common">Caulonia</Name>
          <Parent>
            <Ref id="ITF65" xmlns="" />
          </Parent>
        </Code>
        <Code id="080026" urn="urn:sdmx:org.sdmx.infomodel.codelist.Code=IT1:CL_REFAREA(1.2).080026">
          <Name xml:lang="it" xmlns="http://www.sdmx.org/resources/sdmxml/schemas/v2_1/common">Ciminà</Name>
          <Name xml:lang="en" xmlns="http://www.sdmx.org/resources/sdmxml/schemas/v2_1/common">Ciminà</Name>
          <Parent>
            <Ref id="ITF65" xmlns="" />
          </Parent>
        </Code>
        <Code id="080027" urn="urn:sdmx:org.sdmx.infomodel.codelist.Code=IT1:CL_REFAREA(1.2).080027">
          <Name xml:lang="it" xmlns="http://www.sdmx.org/resources/sdmxml/schemas/v2_1/common">Cinquefrondi</Name>
          <Name xml:lang="en" xmlns="http://www.sdmx.org/resources/sdmxml/schemas/v2_1/common">Cinquefrondi</Name>
          <Parent>
            <Ref id="ITF65" xmlns="" />
          </Parent>
        </Code>
        <Code id="080028" urn="urn:sdmx:org.sdmx.infomodel.codelist.Code=IT1:CL_REFAREA(1.2).080028">
          <Name xml:lang="it" xmlns="http://www.sdmx.org/resources/sdmxml/schemas/v2_1/common">Cittanova</Name>
          <Name xml:lang="en" xmlns="http://www.sdmx.org/resources/sdmxml/schemas/v2_1/common">Cittanova</Name>
          <Parent>
            <Ref id="ITF65" xmlns="" />
          </Parent>
        </Code>
        <Code id="080029" urn="urn:sdmx:org.sdmx.infomodel.codelist.Code=IT1:CL_REFAREA(1.2).080029">
          <Name xml:lang="it" xmlns="http://www.sdmx.org/resources/sdmxml/schemas/v2_1/common">Condofuri</Name>
          <Name xml:lang="en" xmlns="http://www.sdmx.org/resources/sdmxml/schemas/v2_1/common">Condofuri</Name>
          <Parent>
            <Ref id="ITF65" xmlns="" />
          </Parent>
        </Code>
        <Code id="080030" urn="urn:sdmx:org.sdmx.infomodel.codelist.Code=IT1:CL_REFAREA(1.2).080030">
          <Name xml:lang="it" xmlns="http://www.sdmx.org/resources/sdmxml/schemas/v2_1/common">Cosoleto</Name>
          <Name xml:lang="en" xmlns="http://www.sdmx.org/resources/sdmxml/schemas/v2_1/common">Cosoleto</Name>
          <Parent>
            <Ref id="ITF65" xmlns="" />
          </Parent>
        </Code>
        <Code id="080031" urn="urn:sdmx:org.sdmx.infomodel.codelist.Code=IT1:CL_REFAREA(1.2).080031">
          <Name xml:lang="it" xmlns="http://www.sdmx.org/resources/sdmxml/schemas/v2_1/common">Delianuova</Name>
          <Name xml:lang="en" xmlns="http://www.sdmx.org/resources/sdmxml/schemas/v2_1/common">Delianuova</Name>
          <Parent>
            <Ref id="ITF65" xmlns="" />
          </Parent>
        </Code>
        <Code id="080032" urn="urn:sdmx:org.sdmx.infomodel.codelist.Code=IT1:CL_REFAREA(1.2).080032">
          <Name xml:lang="it" xmlns="http://www.sdmx.org/resources/sdmxml/schemas/v2_1/common">Feroleto della Chiesa</Name>
          <Name xml:lang="en" xmlns="http://www.sdmx.org/resources/sdmxml/schemas/v2_1/common">Feroleto della Chiesa</Name>
          <Parent>
            <Ref id="ITF65" xmlns="" />
          </Parent>
        </Code>
        <Code id="080033" urn="urn:sdmx:org.sdmx.infomodel.codelist.Code=IT1:CL_REFAREA(1.2).080033">
          <Name xml:lang="it" xmlns="http://www.sdmx.org/resources/sdmxml/schemas/v2_1/common">Ferruzzano</Name>
          <Name xml:lang="en" xmlns="http://www.sdmx.org/resources/sdmxml/schemas/v2_1/common">Ferruzzano</Name>
          <Parent>
            <Ref id="ITF65" xmlns="" />
          </Parent>
        </Code>
        <Code id="080034" urn="urn:sdmx:org.sdmx.infomodel.codelist.Code=IT1:CL_REFAREA(1.2).080034">
          <Name xml:lang="it" xmlns="http://www.sdmx.org/resources/sdmxml/schemas/v2_1/common">Fiumara</Name>
          <Name xml:lang="en" xmlns="http://www.sdmx.org/resources/sdmxml/schemas/v2_1/common">Fiumara</Name>
          <Parent>
            <Ref id="ITF65" xmlns="" />
          </Parent>
        </Code>
        <Code id="080035" urn="urn:sdmx:org.sdmx.infomodel.codelist.Code=IT1:CL_REFAREA(1.2).080035">
          <Name xml:lang="it" xmlns="http://www.sdmx.org/resources/sdmxml/schemas/v2_1/common">Galatro</Name>
          <Name xml:lang="en" xmlns="http://www.sdmx.org/resources/sdmxml/schemas/v2_1/common">Galatro</Name>
          <Parent>
            <Ref id="ITF65" xmlns="" />
          </Parent>
        </Code>
        <Code id="080036" urn="urn:sdmx:org.sdmx.infomodel.codelist.Code=IT1:CL_REFAREA(1.2).080036">
          <Name xml:lang="it" xmlns="http://www.sdmx.org/resources/sdmxml/schemas/v2_1/common">Gerace</Name>
          <Name xml:lang="en" xmlns="http://www.sdmx.org/resources/sdmxml/schemas/v2_1/common">Gerace</Name>
          <Parent>
            <Ref id="ITF65" xmlns="" />
          </Parent>
        </Code>
        <Code id="080037" urn="urn:sdmx:org.sdmx.infomodel.codelist.Code=IT1:CL_REFAREA(1.2).080037">
          <Name xml:lang="it" xmlns="http://www.sdmx.org/resources/sdmxml/schemas/v2_1/common">Giffone</Name>
          <Name xml:lang="en" xmlns="http://www.sdmx.org/resources/sdmxml/schemas/v2_1/common">Giffone</Name>
          <Parent>
            <Ref id="ITF65" xmlns="" />
          </Parent>
        </Code>
        <Code id="080038" urn="urn:sdmx:org.sdmx.infomodel.codelist.Code=IT1:CL_REFAREA(1.2).080038">
          <Name xml:lang="it" xmlns="http://www.sdmx.org/resources/sdmxml/schemas/v2_1/common">Gioia Tauro</Name>
          <Name xml:lang="en" xmlns="http://www.sdmx.org/resources/sdmxml/schemas/v2_1/common">Gioia Tauro</Name>
          <Parent>
            <Ref id="ITF65" xmlns="" />
          </Parent>
        </Code>
        <Code id="080039" urn="urn:sdmx:org.sdmx.infomodel.codelist.Code=IT1:CL_REFAREA(1.2).080039">
          <Name xml:lang="it" xmlns="http://www.sdmx.org/resources/sdmxml/schemas/v2_1/common">Gioiosa Ionica</Name>
          <Name xml:lang="en" xmlns="http://www.sdmx.org/resources/sdmxml/schemas/v2_1/common">Gioiosa Ionica</Name>
          <Parent>
            <Ref id="ITF65" xmlns="" />
          </Parent>
        </Code>
        <Code id="080040" urn="urn:sdmx:org.sdmx.infomodel.codelist.Code=IT1:CL_REFAREA(1.2).080040">
          <Name xml:lang="it" xmlns="http://www.sdmx.org/resources/sdmxml/schemas/v2_1/common">Grotteria</Name>
          <Name xml:lang="en" xmlns="http://www.sdmx.org/resources/sdmxml/schemas/v2_1/common">Grotteria</Name>
          <Parent>
            <Ref id="ITF65" xmlns="" />
          </Parent>
        </Code>
        <Code id="080041" urn="urn:sdmx:org.sdmx.infomodel.codelist.Code=IT1:CL_REFAREA(1.2).080041">
          <Name xml:lang="it" xmlns="http://www.sdmx.org/resources/sdmxml/schemas/v2_1/common">Laganadi</Name>
          <Name xml:lang="en" xmlns="http://www.sdmx.org/resources/sdmxml/schemas/v2_1/common">Laganadi</Name>
          <Parent>
            <Ref id="ITF65" xmlns="" />
          </Parent>
        </Code>
        <Code id="080042" urn="urn:sdmx:org.sdmx.infomodel.codelist.Code=IT1:CL_REFAREA(1.2).080042">
          <Name xml:lang="it" xmlns="http://www.sdmx.org/resources/sdmxml/schemas/v2_1/common">Laureana di Borrello</Name>
          <Name xml:lang="en" xmlns="http://www.sdmx.org/resources/sdmxml/schemas/v2_1/common">Laureana di Borrello</Name>
          <Parent>
            <Ref id="ITF65" xmlns="" />
          </Parent>
        </Code>
        <Code id="080043" urn="urn:sdmx:org.sdmx.infomodel.codelist.Code=IT1:CL_REFAREA(1.2).080043">
          <Name xml:lang="it" xmlns="http://www.sdmx.org/resources/sdmxml/schemas/v2_1/common">Locri</Name>
          <Name xml:lang="en" xmlns="http://www.sdmx.org/resources/sdmxml/schemas/v2_1/common">Locri</Name>
          <Parent>
            <Ref id="ITF65" xmlns="" />
          </Parent>
        </Code>
        <Code id="080044" urn="urn:sdmx:org.sdmx.infomodel.codelist.Code=IT1:CL_REFAREA(1.2).080044">
          <Name xml:lang="it" xmlns="http://www.sdmx.org/resources/sdmxml/schemas/v2_1/common">Mammola</Name>
          <Name xml:lang="en" xmlns="http://www.sdmx.org/resources/sdmxml/schemas/v2_1/common">Mammola</Name>
          <Parent>
            <Ref id="ITF65" xmlns="" />
          </Parent>
        </Code>
        <Code id="080045" urn="urn:sdmx:org.sdmx.infomodel.codelist.Code=IT1:CL_REFAREA(1.2).080045">
          <Name xml:lang="it" xmlns="http://www.sdmx.org/resources/sdmxml/schemas/v2_1/common">Marina di Gioiosa Ionica</Name>
          <Name xml:lang="en" xmlns="http://www.sdmx.org/resources/sdmxml/schemas/v2_1/common">Marina di Gioiosa Ionica</Name>
          <Parent>
            <Ref id="ITF65" xmlns="" />
          </Parent>
        </Code>
        <Code id="080046" urn="urn:sdmx:org.sdmx.infomodel.codelist.Code=IT1:CL_REFAREA(1.2).080046">
          <Name xml:lang="it" xmlns="http://www.sdmx.org/resources/sdmxml/schemas/v2_1/common">Maropati</Name>
          <Name xml:lang="en" xmlns="http://www.sdmx.org/resources/sdmxml/schemas/v2_1/common">Maropati</Name>
          <Parent>
            <Ref id="ITF65" xmlns="" />
          </Parent>
        </Code>
        <Code id="080047" urn="urn:sdmx:org.sdmx.infomodel.codelist.Code=IT1:CL_REFAREA(1.2).080047">
          <Name xml:lang="it" xmlns="http://www.sdmx.org/resources/sdmxml/schemas/v2_1/common">Martone</Name>
          <Name xml:lang="en" xmlns="http://www.sdmx.org/resources/sdmxml/schemas/v2_1/common">Martone</Name>
          <Parent>
            <Ref id="ITF65" xmlns="" />
          </Parent>
        </Code>
        <Code id="080048" urn="urn:sdmx:org.sdmx.infomodel.codelist.Code=IT1:CL_REFAREA(1.2).080048">
          <Name xml:lang="it" xmlns="http://www.sdmx.org/resources/sdmxml/schemas/v2_1/common">Melicuccà</Name>
          <Name xml:lang="en" xmlns="http://www.sdmx.org/resources/sdmxml/schemas/v2_1/common">Melicuccà</Name>
          <Parent>
            <Ref id="ITF65" xmlns="" />
          </Parent>
        </Code>
        <Code id="080049" urn="urn:sdmx:org.sdmx.infomodel.codelist.Code=IT1:CL_REFAREA(1.2).080049">
          <Name xml:lang="it" xmlns="http://www.sdmx.org/resources/sdmxml/schemas/v2_1/common">Melicucco</Name>
          <Name xml:lang="en" xmlns="http://www.sdmx.org/resources/sdmxml/schemas/v2_1/common">Melicucco</Name>
          <Parent>
            <Ref id="ITF65" xmlns="" />
          </Parent>
        </Code>
        <Code id="080050" urn="urn:sdmx:org.sdmx.infomodel.codelist.Code=IT1:CL_REFAREA(1.2).080050">
          <Name xml:lang="it" xmlns="http://www.sdmx.org/resources/sdmxml/schemas/v2_1/common">Melito di Porto Salvo</Name>
          <Name xml:lang="en" xmlns="http://www.sdmx.org/resources/sdmxml/schemas/v2_1/common">Melito di Porto Salvo</Name>
          <Parent>
            <Ref id="ITF65" xmlns="" />
          </Parent>
        </Code>
        <Code id="080051" urn="urn:sdmx:org.sdmx.infomodel.codelist.Code=IT1:CL_REFAREA(1.2).080051">
          <Name xml:lang="it" xmlns="http://www.sdmx.org/resources/sdmxml/schemas/v2_1/common">Molochio</Name>
          <Name xml:lang="en" xmlns="http://www.sdmx.org/resources/sdmxml/schemas/v2_1/common">Molochio</Name>
          <Parent>
            <Ref id="ITF65" xmlns="" />
          </Parent>
        </Code>
        <Code id="080052" urn="urn:sdmx:org.sdmx.infomodel.codelist.Code=IT1:CL_REFAREA(1.2).080052">
          <Name xml:lang="it" xmlns="http://www.sdmx.org/resources/sdmxml/schemas/v2_1/common">Monasterace</Name>
          <Name xml:lang="en" xmlns="http://www.sdmx.org/resources/sdmxml/schemas/v2_1/common">Monasterace</Name>
          <Parent>
            <Ref id="ITF65" xmlns="" />
          </Parent>
        </Code>
        <Code id="080053" urn="urn:sdmx:org.sdmx.infomodel.codelist.Code=IT1:CL_REFAREA(1.2).080053">
          <Name xml:lang="it" xmlns="http://www.sdmx.org/resources/sdmxml/schemas/v2_1/common">Montebello Ionico</Name>
          <Name xml:lang="en" xmlns="http://www.sdmx.org/resources/sdmxml/schemas/v2_1/common">Montebello Ionico</Name>
          <Parent>
            <Ref id="ITF65" xmlns="" />
          </Parent>
        </Code>
        <Code id="080054" urn="urn:sdmx:org.sdmx.infomodel.codelist.Code=IT1:CL_REFAREA(1.2).080054">
          <Name xml:lang="it" xmlns="http://www.sdmx.org/resources/sdmxml/schemas/v2_1/common">Motta San Giovanni</Name>
          <Name xml:lang="en" xmlns="http://www.sdmx.org/resources/sdmxml/schemas/v2_1/common">Motta San Giovanni</Name>
          <Parent>
            <Ref id="ITF65" xmlns="" />
          </Parent>
        </Code>
        <Code id="080055" urn="urn:sdmx:org.sdmx.infomodel.codelist.Code=IT1:CL_REFAREA(1.2).080055">
          <Name xml:lang="it" xmlns="http://www.sdmx.org/resources/sdmxml/schemas/v2_1/common">Oppido Mamertina</Name>
          <Name xml:lang="en" xmlns="http://www.sdmx.org/resources/sdmxml/schemas/v2_1/common">Oppido Mamertina</Name>
          <Parent>
            <Ref id="ITF65" xmlns="" />
          </Parent>
        </Code>
        <Code id="080056" urn="urn:sdmx:org.sdmx.infomodel.codelist.Code=IT1:CL_REFAREA(1.2).080056">
          <Name xml:lang="it" xmlns="http://www.sdmx.org/resources/sdmxml/schemas/v2_1/common">Palizzi</Name>
          <Name xml:lang="en" xmlns="http://www.sdmx.org/resources/sdmxml/schemas/v2_1/common">Palizzi</Name>
          <Parent>
            <Ref id="ITF65" xmlns="" />
          </Parent>
        </Code>
        <Code id="080057" urn="urn:sdmx:org.sdmx.infomodel.codelist.Code=IT1:CL_REFAREA(1.2).080057">
          <Name xml:lang="it" xmlns="http://www.sdmx.org/resources/sdmxml/schemas/v2_1/common">Palmi</Name>
          <Name xml:lang="en" xmlns="http://www.sdmx.org/resources/sdmxml/schemas/v2_1/common">Palmi</Name>
          <Parent>
            <Ref id="ITF65" xmlns="" />
          </Parent>
        </Code>
        <Code id="080058" urn="urn:sdmx:org.sdmx.infomodel.codelist.Code=IT1:CL_REFAREA(1.2).080058">
          <Name xml:lang="it" xmlns="http://www.sdmx.org/resources/sdmxml/schemas/v2_1/common">Pazzano</Name>
          <Name xml:lang="en" xmlns="http://www.sdmx.org/resources/sdmxml/schemas/v2_1/common">Pazzano</Name>
          <Parent>
            <Ref id="ITF65" xmlns="" />
          </Parent>
        </Code>
        <Code id="080059" urn="urn:sdmx:org.sdmx.infomodel.codelist.Code=IT1:CL_REFAREA(1.2).080059">
          <Name xml:lang="it" xmlns="http://www.sdmx.org/resources/sdmxml/schemas/v2_1/common">Placanica</Name>
          <Name xml:lang="en" xmlns="http://www.sdmx.org/resources/sdmxml/schemas/v2_1/common">Placanica</Name>
          <Parent>
            <Ref id="ITF65" xmlns="" />
          </Parent>
        </Code>
        <Code id="080060" urn="urn:sdmx:org.sdmx.infomodel.codelist.Code=IT1:CL_REFAREA(1.2).080060">
          <Name xml:lang="it" xmlns="http://www.sdmx.org/resources/sdmxml/schemas/v2_1/common">Platì</Name>
          <Name xml:lang="en" xmlns="http://www.sdmx.org/resources/sdmxml/schemas/v2_1/common">Platì</Name>
          <Parent>
            <Ref id="ITF65" xmlns="" />
          </Parent>
        </Code>
        <Code id="080061" urn="urn:sdmx:org.sdmx.infomodel.codelist.Code=IT1:CL_REFAREA(1.2).080061">
          <Name xml:lang="it" xmlns="http://www.sdmx.org/resources/sdmxml/schemas/v2_1/common">Polistena</Name>
          <Name xml:lang="en" xmlns="http://www.sdmx.org/resources/sdmxml/schemas/v2_1/common">Polistena</Name>
          <Parent>
            <Ref id="ITF65" xmlns="" />
          </Parent>
        </Code>
        <Code id="080062" urn="urn:sdmx:org.sdmx.infomodel.codelist.Code=IT1:CL_REFAREA(1.2).080062">
          <Name xml:lang="it" xmlns="http://www.sdmx.org/resources/sdmxml/schemas/v2_1/common">Portigliola</Name>
          <Name xml:lang="en" xmlns="http://www.sdmx.org/resources/sdmxml/schemas/v2_1/common">Portigliola</Name>
          <Parent>
            <Ref id="ITF65" xmlns="" />
          </Parent>
        </Code>
        <Code id="080063" urn="urn:sdmx:org.sdmx.infomodel.codelist.Code=IT1:CL_REFAREA(1.2).080063">
          <Name xml:lang="it" xmlns="http://www.sdmx.org/resources/sdmxml/schemas/v2_1/common">Reggio di Calabria</Name>
          <Name xml:lang="en" xmlns="http://www.sdmx.org/resources/sdmxml/schemas/v2_1/common">Reggio di Calabria</Name>
          <Parent>
            <Ref id="ITF65" xmlns="" />
          </Parent>
        </Code>
        <Code id="080064" urn="urn:sdmx:org.sdmx.infomodel.codelist.Code=IT1:CL_REFAREA(1.2).080064">
          <Name xml:lang="it" xmlns="http://www.sdmx.org/resources/sdmxml/schemas/v2_1/common">Riace</Name>
          <Name xml:lang="en" xmlns="http://www.sdmx.org/resources/sdmxml/schemas/v2_1/common">Riace</Name>
          <Parent>
            <Ref id="ITF65" xmlns="" />
          </Parent>
        </Code>
        <Code id="080065" urn="urn:sdmx:org.sdmx.infomodel.codelist.Code=IT1:CL_REFAREA(1.2).080065">
          <Name xml:lang="it" xmlns="http://www.sdmx.org/resources/sdmxml/schemas/v2_1/common">Rizziconi</Name>
          <Name xml:lang="en" xmlns="http://www.sdmx.org/resources/sdmxml/schemas/v2_1/common">Rizziconi</Name>
          <Parent>
            <Ref id="ITF65" xmlns="" />
          </Parent>
        </Code>
        <Code id="080066" urn="urn:sdmx:org.sdmx.infomodel.codelist.Code=IT1:CL_REFAREA(1.2).080066">
          <Name xml:lang="it" xmlns="http://www.sdmx.org/resources/sdmxml/schemas/v2_1/common">Roccaforte del Greco</Name>
          <Name xml:lang="en" xmlns="http://www.sdmx.org/resources/sdmxml/schemas/v2_1/common">Roccaforte del Greco</Name>
          <Parent>
            <Ref id="ITF65" xmlns="" />
          </Parent>
        </Code>
        <Code id="080067" urn="urn:sdmx:org.sdmx.infomodel.codelist.Code=IT1:CL_REFAREA(1.2).080067">
          <Name xml:lang="it" xmlns="http://www.sdmx.org/resources/sdmxml/schemas/v2_1/common">Roccella Ionica</Name>
          <Name xml:lang="en" xmlns="http://www.sdmx.org/resources/sdmxml/schemas/v2_1/common">Roccella Ionica</Name>
          <Parent>
            <Ref id="ITF65" xmlns="" />
          </Parent>
        </Code>
        <Code id="080068" urn="urn:sdmx:org.sdmx.infomodel.codelist.Code=IT1:CL_REFAREA(1.2).080068">
          <Name xml:lang="it" xmlns="http://www.sdmx.org/resources/sdmxml/schemas/v2_1/common">Roghudi</Name>
          <Name xml:lang="en" xmlns="http://www.sdmx.org/resources/sdmxml/schemas/v2_1/common">Roghudi</Name>
          <Parent>
            <Ref id="ITF65" xmlns="" />
          </Parent>
        </Code>
        <Code id="080069" urn="urn:sdmx:org.sdmx.infomodel.codelist.Code=IT1:CL_REFAREA(1.2).080069">
          <Name xml:lang="it" xmlns="http://www.sdmx.org/resources/sdmxml/schemas/v2_1/common">Rosarno</Name>
          <Name xml:lang="en" xmlns="http://www.sdmx.org/resources/sdmxml/schemas/v2_1/common">Rosarno</Name>
          <Parent>
            <Ref id="ITF65" xmlns="" />
          </Parent>
        </Code>
        <Code id="080070" urn="urn:sdmx:org.sdmx.infomodel.codelist.Code=IT1:CL_REFAREA(1.2).080070">
          <Name xml:lang="it" xmlns="http://www.sdmx.org/resources/sdmxml/schemas/v2_1/common">Samo</Name>
          <Name xml:lang="en" xmlns="http://www.sdmx.org/resources/sdmxml/schemas/v2_1/common">Samo</Name>
          <Parent>
            <Ref id="ITF65" xmlns="" />
          </Parent>
        </Code>
        <Code id="080071" urn="urn:sdmx:org.sdmx.infomodel.codelist.Code=IT1:CL_REFAREA(1.2).080071">
          <Name xml:lang="it" xmlns="http://www.sdmx.org/resources/sdmxml/schemas/v2_1/common">San Giorgio Morgeto</Name>
          <Name xml:lang="en" xmlns="http://www.sdmx.org/resources/sdmxml/schemas/v2_1/common">San Giorgio Morgeto</Name>
          <Parent>
            <Ref id="ITF65" xmlns="" />
          </Parent>
        </Code>
        <Code id="080072" urn="urn:sdmx:org.sdmx.infomodel.codelist.Code=IT1:CL_REFAREA(1.2).080072">
          <Name xml:lang="it" xmlns="http://www.sdmx.org/resources/sdmxml/schemas/v2_1/common">San Giovanni di Gerace</Name>
          <Name xml:lang="en" xmlns="http://www.sdmx.org/resources/sdmxml/schemas/v2_1/common">San Giovanni di Gerace</Name>
          <Parent>
            <Ref id="ITF65" xmlns="" />
          </Parent>
        </Code>
        <Code id="080073" urn="urn:sdmx:org.sdmx.infomodel.codelist.Code=IT1:CL_REFAREA(1.2).080073">
          <Name xml:lang="it" xmlns="http://www.sdmx.org/resources/sdmxml/schemas/v2_1/common">San Lorenzo</Name>
          <Name xml:lang="en" xmlns="http://www.sdmx.org/resources/sdmxml/schemas/v2_1/common">San Lorenzo</Name>
          <Parent>
            <Ref id="ITF65" xmlns="" />
          </Parent>
        </Code>
        <Code id="080074" urn="urn:sdmx:org.sdmx.infomodel.codelist.Code=IT1:CL_REFAREA(1.2).080074">
          <Name xml:lang="it" xmlns="http://www.sdmx.org/resources/sdmxml/schemas/v2_1/common">San Luca</Name>
          <Name xml:lang="en" xmlns="http://www.sdmx.org/resources/sdmxml/schemas/v2_1/common">San Luca</Name>
          <Parent>
            <Ref id="ITF65" xmlns="" />
          </Parent>
        </Code>
        <Code id="080075" urn="urn:sdmx:org.sdmx.infomodel.codelist.Code=IT1:CL_REFAREA(1.2).080075">
          <Name xml:lang="it" xmlns="http://www.sdmx.org/resources/sdmxml/schemas/v2_1/common">San Pietro di Caridà</Name>
          <Name xml:lang="en" xmlns="http://www.sdmx.org/resources/sdmxml/schemas/v2_1/common">San Pietro di Caridà</Name>
          <Parent>
            <Ref id="ITF65" xmlns="" />
          </Parent>
        </Code>
        <Code id="080076" urn="urn:sdmx:org.sdmx.infomodel.codelist.Code=IT1:CL_REFAREA(1.2).080076">
          <Name xml:lang="it" xmlns="http://www.sdmx.org/resources/sdmxml/schemas/v2_1/common">San Procopio</Name>
          <Name xml:lang="en" xmlns="http://www.sdmx.org/resources/sdmxml/schemas/v2_1/common">San Procopio</Name>
          <Parent>
            <Ref id="ITF65" xmlns="" />
          </Parent>
        </Code>
        <Code id="080077" urn="urn:sdmx:org.sdmx.infomodel.codelist.Code=IT1:CL_REFAREA(1.2).080077">
          <Name xml:lang="it" xmlns="http://www.sdmx.org/resources/sdmxml/schemas/v2_1/common">San Roberto</Name>
          <Name xml:lang="en" xmlns="http://www.sdmx.org/resources/sdmxml/schemas/v2_1/common">San Roberto</Name>
          <Parent>
            <Ref id="ITF65" xmlns="" />
          </Parent>
        </Code>
        <Code id="080078" urn="urn:sdmx:org.sdmx.infomodel.codelist.Code=IT1:CL_REFAREA(1.2).080078">
          <Name xml:lang="it" xmlns="http://www.sdmx.org/resources/sdmxml/schemas/v2_1/common">Santa Cristina d'Aspromonte</Name>
          <Name xml:lang="en" xmlns="http://www.sdmx.org/resources/sdmxml/schemas/v2_1/common">Santa Cristina d'Aspromonte</Name>
          <Parent>
            <Ref id="ITF65" xmlns="" />
          </Parent>
        </Code>
        <Code id="080079" urn="urn:sdmx:org.sdmx.infomodel.codelist.Code=IT1:CL_REFAREA(1.2).080079">
          <Name xml:lang="it" xmlns="http://www.sdmx.org/resources/sdmxml/schemas/v2_1/common">Sant'Agata del Bianco</Name>
          <Name xml:lang="en" xmlns="http://www.sdmx.org/resources/sdmxml/schemas/v2_1/common">Sant'Agata del Bianco</Name>
          <Parent>
            <Ref id="ITF65" xmlns="" />
          </Parent>
        </Code>
        <Code id="080080" urn="urn:sdmx:org.sdmx.infomodel.codelist.Code=IT1:CL_REFAREA(1.2).080080">
          <Name xml:lang="it" xmlns="http://www.sdmx.org/resources/sdmxml/schemas/v2_1/common">Sant'Alessio in Aspromonte</Name>
          <Name xml:lang="en" xmlns="http://www.sdmx.org/resources/sdmxml/schemas/v2_1/common">Sant'Alessio in Aspromonte</Name>
          <Parent>
            <Ref id="ITF65" xmlns="" />
          </Parent>
        </Code>
        <Code id="080081" urn="urn:sdmx:org.sdmx.infomodel.codelist.Code=IT1:CL_REFAREA(1.2).080081">
          <Name xml:lang="it" xmlns="http://www.sdmx.org/resources/sdmxml/schemas/v2_1/common">Sant'Eufemia d'Aspromonte</Name>
          <Name xml:lang="en" xmlns="http://www.sdmx.org/resources/sdmxml/schemas/v2_1/common">Sant'Eufemia d'Aspromonte</Name>
          <Parent>
            <Ref id="ITF65" xmlns="" />
          </Parent>
        </Code>
        <Code id="080082" urn="urn:sdmx:org.sdmx.infomodel.codelist.Code=IT1:CL_REFAREA(1.2).080082">
          <Name xml:lang="it" xmlns="http://www.sdmx.org/resources/sdmxml/schemas/v2_1/common">Sant'Ilario dello Ionio</Name>
          <Name xml:lang="en" xmlns="http://www.sdmx.org/resources/sdmxml/schemas/v2_1/common">Sant'Ilario dello Ionio</Name>
          <Parent>
            <Ref id="ITF65" xmlns="" />
          </Parent>
        </Code>
        <Code id="080083" urn="urn:sdmx:org.sdmx.infomodel.codelist.Code=IT1:CL_REFAREA(1.2).080083">
          <Name xml:lang="it" xmlns="http://www.sdmx.org/resources/sdmxml/schemas/v2_1/common">Santo Stefano in Aspromonte</Name>
          <Name xml:lang="en" xmlns="http://www.sdmx.org/resources/sdmxml/schemas/v2_1/common">Santo Stefano in Aspromonte</Name>
          <Parent>
            <Ref id="ITF65" xmlns="" />
          </Parent>
        </Code>
        <Code id="080084" urn="urn:sdmx:org.sdmx.infomodel.codelist.Code=IT1:CL_REFAREA(1.2).080084">
          <Name xml:lang="it" xmlns="http://www.sdmx.org/resources/sdmxml/schemas/v2_1/common">Scido</Name>
          <Name xml:lang="en" xmlns="http://www.sdmx.org/resources/sdmxml/schemas/v2_1/common">Scido</Name>
          <Parent>
            <Ref id="ITF65" xmlns="" />
          </Parent>
        </Code>
        <Code id="080085" urn="urn:sdmx:org.sdmx.infomodel.codelist.Code=IT1:CL_REFAREA(1.2).080085">
          <Name xml:lang="it" xmlns="http://www.sdmx.org/resources/sdmxml/schemas/v2_1/common">Scilla</Name>
          <Name xml:lang="en" xmlns="http://www.sdmx.org/resources/sdmxml/schemas/v2_1/common">Scilla</Name>
          <Parent>
            <Ref id="ITF65" xmlns="" />
          </Parent>
        </Code>
        <Code id="080086" urn="urn:sdmx:org.sdmx.infomodel.codelist.Code=IT1:CL_REFAREA(1.2).080086">
          <Name xml:lang="it" xmlns="http://www.sdmx.org/resources/sdmxml/schemas/v2_1/common">Seminara</Name>
          <Name xml:lang="en" xmlns="http://www.sdmx.org/resources/sdmxml/schemas/v2_1/common">Seminara</Name>
          <Parent>
            <Ref id="ITF65" xmlns="" />
          </Parent>
        </Code>
        <Code id="080087" urn="urn:sdmx:org.sdmx.infomodel.codelist.Code=IT1:CL_REFAREA(1.2).080087">
          <Name xml:lang="it" xmlns="http://www.sdmx.org/resources/sdmxml/schemas/v2_1/common">Serrata</Name>
          <Name xml:lang="en" xmlns="http://www.sdmx.org/resources/sdmxml/schemas/v2_1/common">Serrata</Name>
          <Parent>
            <Ref id="ITF65" xmlns="" />
          </Parent>
        </Code>
        <Code id="080088" urn="urn:sdmx:org.sdmx.infomodel.codelist.Code=IT1:CL_REFAREA(1.2).080088">
          <Name xml:lang="it" xmlns="http://www.sdmx.org/resources/sdmxml/schemas/v2_1/common">Siderno</Name>
          <Name xml:lang="en" xmlns="http://www.sdmx.org/resources/sdmxml/schemas/v2_1/common">Siderno</Name>
          <Parent>
            <Ref id="ITF65" xmlns="" />
          </Parent>
        </Code>
        <Code id="080089" urn="urn:sdmx:org.sdmx.infomodel.codelist.Code=IT1:CL_REFAREA(1.2).080089">
          <Name xml:lang="it" xmlns="http://www.sdmx.org/resources/sdmxml/schemas/v2_1/common">Sinopoli</Name>
          <Name xml:lang="en" xmlns="http://www.sdmx.org/resources/sdmxml/schemas/v2_1/common">Sinopoli</Name>
          <Parent>
            <Ref id="ITF65" xmlns="" />
          </Parent>
        </Code>
        <Code id="080090" urn="urn:sdmx:org.sdmx.infomodel.codelist.Code=IT1:CL_REFAREA(1.2).080090">
          <Name xml:lang="it" xmlns="http://www.sdmx.org/resources/sdmxml/schemas/v2_1/common">Staiti</Name>
          <Name xml:lang="en" xmlns="http://www.sdmx.org/resources/sdmxml/schemas/v2_1/common">Staiti</Name>
          <Parent>
            <Ref id="ITF65" xmlns="" />
          </Parent>
        </Code>
        <Code id="080091" urn="urn:sdmx:org.sdmx.infomodel.codelist.Code=IT1:CL_REFAREA(1.2).080091">
          <Name xml:lang="it" xmlns="http://www.sdmx.org/resources/sdmxml/schemas/v2_1/common">Stignano</Name>
          <Name xml:lang="en" xmlns="http://www.sdmx.org/resources/sdmxml/schemas/v2_1/common">Stignano</Name>
          <Parent>
            <Ref id="ITF65" xmlns="" />
          </Parent>
        </Code>
        <Code id="080092" urn="urn:sdmx:org.sdmx.infomodel.codelist.Code=IT1:CL_REFAREA(1.2).080092">
          <Name xml:lang="it" xmlns="http://www.sdmx.org/resources/sdmxml/schemas/v2_1/common">Stilo</Name>
          <Name xml:lang="en" xmlns="http://www.sdmx.org/resources/sdmxml/schemas/v2_1/common">Stilo</Name>
          <Parent>
            <Ref id="ITF65" xmlns="" />
          </Parent>
        </Code>
        <Code id="080093" urn="urn:sdmx:org.sdmx.infomodel.codelist.Code=IT1:CL_REFAREA(1.2).080093">
          <Name xml:lang="it" xmlns="http://www.sdmx.org/resources/sdmxml/schemas/v2_1/common">Taurianova</Name>
          <Name xml:lang="en" xmlns="http://www.sdmx.org/resources/sdmxml/schemas/v2_1/common">Taurianova</Name>
          <Parent>
            <Ref id="ITF65" xmlns="" />
          </Parent>
        </Code>
        <Code id="080094" urn="urn:sdmx:org.sdmx.infomodel.codelist.Code=IT1:CL_REFAREA(1.2).080094">
          <Name xml:lang="it" xmlns="http://www.sdmx.org/resources/sdmxml/schemas/v2_1/common">Terranova Sappo Minulio</Name>
          <Name xml:lang="en" xmlns="http://www.sdmx.org/resources/sdmxml/schemas/v2_1/common">Terranova Sappo Minulio</Name>
          <Parent>
            <Ref id="ITF65" xmlns="" />
          </Parent>
        </Code>
        <Code id="080095" urn="urn:sdmx:org.sdmx.infomodel.codelist.Code=IT1:CL_REFAREA(1.2).080095">
          <Name xml:lang="it" xmlns="http://www.sdmx.org/resources/sdmxml/schemas/v2_1/common">Varapodio</Name>
          <Name xml:lang="en" xmlns="http://www.sdmx.org/resources/sdmxml/schemas/v2_1/common">Varapodio</Name>
          <Parent>
            <Ref id="ITF65" xmlns="" />
          </Parent>
        </Code>
        <Code id="080096" urn="urn:sdmx:org.sdmx.infomodel.codelist.Code=IT1:CL_REFAREA(1.2).080096">
          <Name xml:lang="it" xmlns="http://www.sdmx.org/resources/sdmxml/schemas/v2_1/common">Villa San Giovanni</Name>
          <Name xml:lang="en" xmlns="http://www.sdmx.org/resources/sdmxml/schemas/v2_1/common">Villa San Giovanni</Name>
          <Parent>
            <Ref id="ITF65" xmlns="" />
          </Parent>
        </Code>
        <Code id="080097" urn="urn:sdmx:org.sdmx.infomodel.codelist.Code=IT1:CL_REFAREA(1.2).080097">
          <Name xml:lang="it" xmlns="http://www.sdmx.org/resources/sdmxml/schemas/v2_1/common">San Ferdinando</Name>
          <Name xml:lang="en" xmlns="http://www.sdmx.org/resources/sdmxml/schemas/v2_1/common">San Ferdinando</Name>
          <Parent>
            <Ref id="ITF65" xmlns="" />
          </Parent>
        </Code>
        <Code id="081001" urn="urn:sdmx:org.sdmx.infomodel.codelist.Code=IT1:CL_REFAREA(1.2).081001">
          <Name xml:lang="it" xmlns="http://www.sdmx.org/resources/sdmxml/schemas/v2_1/common">Alcamo</Name>
          <Name xml:lang="en" xmlns="http://www.sdmx.org/resources/sdmxml/schemas/v2_1/common">Alcamo</Name>
          <Parent>
            <Ref id="ITG11" xmlns="" />
          </Parent>
        </Code>
        <Code id="081002" urn="urn:sdmx:org.sdmx.infomodel.codelist.Code=IT1:CL_REFAREA(1.2).081002">
          <Name xml:lang="it" xmlns="http://www.sdmx.org/resources/sdmxml/schemas/v2_1/common">Buseto Palizzolo</Name>
          <Name xml:lang="en" xmlns="http://www.sdmx.org/resources/sdmxml/schemas/v2_1/common">Buseto Palizzolo</Name>
          <Parent>
            <Ref id="ITG11" xmlns="" />
          </Parent>
        </Code>
        <Code id="081003" urn="urn:sdmx:org.sdmx.infomodel.codelist.Code=IT1:CL_REFAREA(1.2).081003">
          <Name xml:lang="it" xmlns="http://www.sdmx.org/resources/sdmxml/schemas/v2_1/common">Calatafimi-Segesta</Name>
          <Name xml:lang="en" xmlns="http://www.sdmx.org/resources/sdmxml/schemas/v2_1/common">Calatafimi-Segesta</Name>
          <Parent>
            <Ref id="ITG11" xmlns="" />
          </Parent>
        </Code>
        <Code id="081004" urn="urn:sdmx:org.sdmx.infomodel.codelist.Code=IT1:CL_REFAREA(1.2).081004">
          <Name xml:lang="it" xmlns="http://www.sdmx.org/resources/sdmxml/schemas/v2_1/common">Campobello di Mazara</Name>
          <Name xml:lang="en" xmlns="http://www.sdmx.org/resources/sdmxml/schemas/v2_1/common">Campobello di Mazara</Name>
          <Parent>
            <Ref id="ITG11" xmlns="" />
          </Parent>
        </Code>
        <Code id="081005" urn="urn:sdmx:org.sdmx.infomodel.codelist.Code=IT1:CL_REFAREA(1.2).081005">
          <Name xml:lang="it" xmlns="http://www.sdmx.org/resources/sdmxml/schemas/v2_1/common">Castellammare del Golfo</Name>
          <Name xml:lang="en" xmlns="http://www.sdmx.org/resources/sdmxml/schemas/v2_1/common">Castellammare del Golfo</Name>
          <Parent>
            <Ref id="ITG11" xmlns="" />
          </Parent>
        </Code>
        <Code id="081006" urn="urn:sdmx:org.sdmx.infomodel.codelist.Code=IT1:CL_REFAREA(1.2).081006">
          <Name xml:lang="it" xmlns="http://www.sdmx.org/resources/sdmxml/schemas/v2_1/common">Castelvetrano</Name>
          <Name xml:lang="en" xmlns="http://www.sdmx.org/resources/sdmxml/schemas/v2_1/common">Castelvetrano</Name>
          <Parent>
            <Ref id="ITG11" xmlns="" />
          </Parent>
        </Code>
        <Code id="081007" urn="urn:sdmx:org.sdmx.infomodel.codelist.Code=IT1:CL_REFAREA(1.2).081007">
          <Name xml:lang="it" xmlns="http://www.sdmx.org/resources/sdmxml/schemas/v2_1/common">Custonaci</Name>
          <Name xml:lang="en" xmlns="http://www.sdmx.org/resources/sdmxml/schemas/v2_1/common">Custonaci</Name>
          <Parent>
            <Ref id="ITG11" xmlns="" />
          </Parent>
        </Code>
        <Code id="081008" urn="urn:sdmx:org.sdmx.infomodel.codelist.Code=IT1:CL_REFAREA(1.2).081008">
          <Name xml:lang="it" xmlns="http://www.sdmx.org/resources/sdmxml/schemas/v2_1/common">Erice</Name>
          <Name xml:lang="en" xmlns="http://www.sdmx.org/resources/sdmxml/schemas/v2_1/common">Erice</Name>
          <Parent>
            <Ref id="ITG11" xmlns="" />
          </Parent>
        </Code>
        <Code id="081009" urn="urn:sdmx:org.sdmx.infomodel.codelist.Code=IT1:CL_REFAREA(1.2).081009">
          <Name xml:lang="it" xmlns="http://www.sdmx.org/resources/sdmxml/schemas/v2_1/common">Favignana</Name>
          <Name xml:lang="en" xmlns="http://www.sdmx.org/resources/sdmxml/schemas/v2_1/common">Favignana</Name>
          <Parent>
            <Ref id="ITG11" xmlns="" />
          </Parent>
        </Code>
        <Code id="081010" urn="urn:sdmx:org.sdmx.infomodel.codelist.Code=IT1:CL_REFAREA(1.2).081010">
          <Name xml:lang="it" xmlns="http://www.sdmx.org/resources/sdmxml/schemas/v2_1/common">Gibellina</Name>
          <Name xml:lang="en" xmlns="http://www.sdmx.org/resources/sdmxml/schemas/v2_1/common">Gibellina</Name>
          <Parent>
            <Ref id="ITG11" xmlns="" />
          </Parent>
        </Code>
        <Code id="081011" urn="urn:sdmx:org.sdmx.infomodel.codelist.Code=IT1:CL_REFAREA(1.2).081011">
          <Name xml:lang="it" xmlns="http://www.sdmx.org/resources/sdmxml/schemas/v2_1/common">Marsala</Name>
          <Name xml:lang="en" xmlns="http://www.sdmx.org/resources/sdmxml/schemas/v2_1/common">Marsala</Name>
          <Parent>
            <Ref id="ITG11" xmlns="" />
          </Parent>
        </Code>
        <Code id="081012" urn="urn:sdmx:org.sdmx.infomodel.codelist.Code=IT1:CL_REFAREA(1.2).081012">
          <Name xml:lang="it" xmlns="http://www.sdmx.org/resources/sdmxml/schemas/v2_1/common">Mazara del Vallo</Name>
          <Name xml:lang="en" xmlns="http://www.sdmx.org/resources/sdmxml/schemas/v2_1/common">Mazara del Vallo</Name>
          <Parent>
            <Ref id="ITG11" xmlns="" />
          </Parent>
        </Code>
        <Code id="081013" urn="urn:sdmx:org.sdmx.infomodel.codelist.Code=IT1:CL_REFAREA(1.2).081013">
          <Name xml:lang="it" xmlns="http://www.sdmx.org/resources/sdmxml/schemas/v2_1/common">Paceco</Name>
          <Name xml:lang="en" xmlns="http://www.sdmx.org/resources/sdmxml/schemas/v2_1/common">Paceco</Name>
          <Parent>
            <Ref id="ITG11" xmlns="" />
          </Parent>
        </Code>
        <Code id="081014" urn="urn:sdmx:org.sdmx.infomodel.codelist.Code=IT1:CL_REFAREA(1.2).081014">
          <Name xml:lang="it" xmlns="http://www.sdmx.org/resources/sdmxml/schemas/v2_1/common">Pantelleria</Name>
          <Name xml:lang="en" xmlns="http://www.sdmx.org/resources/sdmxml/schemas/v2_1/common">Pantelleria</Name>
          <Parent>
            <Ref id="ITG11" xmlns="" />
          </Parent>
        </Code>
        <Code id="081015" urn="urn:sdmx:org.sdmx.infomodel.codelist.Code=IT1:CL_REFAREA(1.2).081015">
          <Name xml:lang="it" xmlns="http://www.sdmx.org/resources/sdmxml/schemas/v2_1/common">Partanna</Name>
          <Name xml:lang="en" xmlns="http://www.sdmx.org/resources/sdmxml/schemas/v2_1/common">Partanna</Name>
          <Parent>
            <Ref id="ITG11" xmlns="" />
          </Parent>
        </Code>
        <Code id="081016" urn="urn:sdmx:org.sdmx.infomodel.codelist.Code=IT1:CL_REFAREA(1.2).081016">
          <Name xml:lang="it" xmlns="http://www.sdmx.org/resources/sdmxml/schemas/v2_1/common">Poggioreale</Name>
          <Name xml:lang="en" xmlns="http://www.sdmx.org/resources/sdmxml/schemas/v2_1/common">Poggioreale</Name>
          <Parent>
            <Ref id="ITG11" xmlns="" />
          </Parent>
        </Code>
        <Code id="081017" urn="urn:sdmx:org.sdmx.infomodel.codelist.Code=IT1:CL_REFAREA(1.2).081017">
          <Name xml:lang="it" xmlns="http://www.sdmx.org/resources/sdmxml/schemas/v2_1/common">Salaparuta</Name>
          <Name xml:lang="en" xmlns="http://www.sdmx.org/resources/sdmxml/schemas/v2_1/common">Salaparuta</Name>
          <Parent>
            <Ref id="ITG11" xmlns="" />
          </Parent>
        </Code>
        <Code id="081018" urn="urn:sdmx:org.sdmx.infomodel.codelist.Code=IT1:CL_REFAREA(1.2).081018">
          <Name xml:lang="it" xmlns="http://www.sdmx.org/resources/sdmxml/schemas/v2_1/common">Salemi</Name>
          <Name xml:lang="en" xmlns="http://www.sdmx.org/resources/sdmxml/schemas/v2_1/common">Salemi</Name>
          <Parent>
            <Ref id="ITG11" xmlns="" />
          </Parent>
        </Code>
        <Code id="081019" urn="urn:sdmx:org.sdmx.infomodel.codelist.Code=IT1:CL_REFAREA(1.2).081019">
          <Name xml:lang="it" xmlns="http://www.sdmx.org/resources/sdmxml/schemas/v2_1/common">Santa Ninfa</Name>
          <Name xml:lang="en" xmlns="http://www.sdmx.org/resources/sdmxml/schemas/v2_1/common">Santa Ninfa</Name>
          <Parent>
            <Ref id="ITG11" xmlns="" />
          </Parent>
        </Code>
        <Code id="081020" urn="urn:sdmx:org.sdmx.infomodel.codelist.Code=IT1:CL_REFAREA(1.2).081020">
          <Name xml:lang="it" xmlns="http://www.sdmx.org/resources/sdmxml/schemas/v2_1/common">San Vito Lo Capo</Name>
          <Name xml:lang="en" xmlns="http://www.sdmx.org/resources/sdmxml/schemas/v2_1/common">San Vito Lo Capo</Name>
          <Parent>
            <Ref id="ITG11" xmlns="" />
          </Parent>
        </Code>
        <Code id="081021" urn="urn:sdmx:org.sdmx.infomodel.codelist.Code=IT1:CL_REFAREA(1.2).081021">
          <Name xml:lang="it" xmlns="http://www.sdmx.org/resources/sdmxml/schemas/v2_1/common">Trapani</Name>
          <Name xml:lang="en" xmlns="http://www.sdmx.org/resources/sdmxml/schemas/v2_1/common">Trapani</Name>
          <Parent>
            <Ref id="ITG11" xmlns="" />
          </Parent>
        </Code>
        <Code id="081022" urn="urn:sdmx:org.sdmx.infomodel.codelist.Code=IT1:CL_REFAREA(1.2).081022">
          <Name xml:lang="it" xmlns="http://www.sdmx.org/resources/sdmxml/schemas/v2_1/common">Valderice</Name>
          <Name xml:lang="en" xmlns="http://www.sdmx.org/resources/sdmxml/schemas/v2_1/common">Valderice</Name>
          <Parent>
            <Ref id="ITG11" xmlns="" />
          </Parent>
        </Code>
        <Code id="081023" urn="urn:sdmx:org.sdmx.infomodel.codelist.Code=IT1:CL_REFAREA(1.2).081023">
          <Name xml:lang="it" xmlns="http://www.sdmx.org/resources/sdmxml/schemas/v2_1/common">Vita</Name>
          <Name xml:lang="en" xmlns="http://www.sdmx.org/resources/sdmxml/schemas/v2_1/common">Vita</Name>
          <Parent>
            <Ref id="ITG11" xmlns="" />
          </Parent>
        </Code>
        <Code id="081024" urn="urn:sdmx:org.sdmx.infomodel.codelist.Code=IT1:CL_REFAREA(1.2).081024">
          <Name xml:lang="it" xmlns="http://www.sdmx.org/resources/sdmxml/schemas/v2_1/common">Petrosino</Name>
          <Name xml:lang="en" xmlns="http://www.sdmx.org/resources/sdmxml/schemas/v2_1/common">Petrosino</Name>
          <Parent>
            <Ref id="ITG11" xmlns="" />
          </Parent>
        </Code>
        <Code id="082001" urn="urn:sdmx:org.sdmx.infomodel.codelist.Code=IT1:CL_REFAREA(1.2).082001">
          <Name xml:lang="it" xmlns="http://www.sdmx.org/resources/sdmxml/schemas/v2_1/common">Alia</Name>
          <Name xml:lang="en" xmlns="http://www.sdmx.org/resources/sdmxml/schemas/v2_1/common">Alia</Name>
          <Parent>
            <Ref id="ITG12" xmlns="" />
          </Parent>
        </Code>
        <Code id="082002" urn="urn:sdmx:org.sdmx.infomodel.codelist.Code=IT1:CL_REFAREA(1.2).082002">
          <Name xml:lang="it" xmlns="http://www.sdmx.org/resources/sdmxml/schemas/v2_1/common">Alimena</Name>
          <Name xml:lang="en" xmlns="http://www.sdmx.org/resources/sdmxml/schemas/v2_1/common">Alimena</Name>
          <Parent>
            <Ref id="ITG12" xmlns="" />
          </Parent>
        </Code>
        <Code id="082003" urn="urn:sdmx:org.sdmx.infomodel.codelist.Code=IT1:CL_REFAREA(1.2).082003">
          <Name xml:lang="it" xmlns="http://www.sdmx.org/resources/sdmxml/schemas/v2_1/common">Aliminusa</Name>
          <Name xml:lang="en" xmlns="http://www.sdmx.org/resources/sdmxml/schemas/v2_1/common">Aliminusa</Name>
          <Parent>
            <Ref id="ITG12" xmlns="" />
          </Parent>
        </Code>
        <Code id="082004" urn="urn:sdmx:org.sdmx.infomodel.codelist.Code=IT1:CL_REFAREA(1.2).082004">
          <Name xml:lang="it" xmlns="http://www.sdmx.org/resources/sdmxml/schemas/v2_1/common">Altavilla Milicia</Name>
          <Name xml:lang="en" xmlns="http://www.sdmx.org/resources/sdmxml/schemas/v2_1/common">Altavilla Milicia</Name>
          <Parent>
            <Ref id="ITG12" xmlns="" />
          </Parent>
        </Code>
        <Code id="082005" urn="urn:sdmx:org.sdmx.infomodel.codelist.Code=IT1:CL_REFAREA(1.2).082005">
          <Name xml:lang="it" xmlns="http://www.sdmx.org/resources/sdmxml/schemas/v2_1/common">Altofonte</Name>
          <Name xml:lang="en" xmlns="http://www.sdmx.org/resources/sdmxml/schemas/v2_1/common">Altofonte</Name>
          <Parent>
            <Ref id="ITG12" xmlns="" />
          </Parent>
        </Code>
        <Code id="082006" urn="urn:sdmx:org.sdmx.infomodel.codelist.Code=IT1:CL_REFAREA(1.2).082006">
          <Name xml:lang="it" xmlns="http://www.sdmx.org/resources/sdmxml/schemas/v2_1/common">Bagheria</Name>
          <Name xml:lang="en" xmlns="http://www.sdmx.org/resources/sdmxml/schemas/v2_1/common">Bagheria</Name>
          <Parent>
            <Ref id="ITG12" xmlns="" />
          </Parent>
        </Code>
        <Code id="082007" urn="urn:sdmx:org.sdmx.infomodel.codelist.Code=IT1:CL_REFAREA(1.2).082007">
          <Name xml:lang="it" xmlns="http://www.sdmx.org/resources/sdmxml/schemas/v2_1/common">Balestrate</Name>
          <Name xml:lang="en" xmlns="http://www.sdmx.org/resources/sdmxml/schemas/v2_1/common">Balestrate</Name>
          <Parent>
            <Ref id="ITG12" xmlns="" />
          </Parent>
        </Code>
        <Code id="082008" urn="urn:sdmx:org.sdmx.infomodel.codelist.Code=IT1:CL_REFAREA(1.2).082008">
          <Name xml:lang="it" xmlns="http://www.sdmx.org/resources/sdmxml/schemas/v2_1/common">Baucina</Name>
          <Name xml:lang="en" xmlns="http://www.sdmx.org/resources/sdmxml/schemas/v2_1/common">Baucina</Name>
          <Parent>
            <Ref id="ITG12" xmlns="" />
          </Parent>
        </Code>
        <Code id="082009" urn="urn:sdmx:org.sdmx.infomodel.codelist.Code=IT1:CL_REFAREA(1.2).082009">
          <Name xml:lang="it" xmlns="http://www.sdmx.org/resources/sdmxml/schemas/v2_1/common">Belmonte Mezzagno</Name>
          <Name xml:lang="en" xmlns="http://www.sdmx.org/resources/sdmxml/schemas/v2_1/common">Belmonte Mezzagno</Name>
          <Parent>
            <Ref id="ITG12" xmlns="" />
          </Parent>
        </Code>
        <Code id="082010" urn="urn:sdmx:org.sdmx.infomodel.codelist.Code=IT1:CL_REFAREA(1.2).082010">
          <Name xml:lang="it" xmlns="http://www.sdmx.org/resources/sdmxml/schemas/v2_1/common">Bisacquino</Name>
          <Name xml:lang="en" xmlns="http://www.sdmx.org/resources/sdmxml/schemas/v2_1/common">Bisacquino</Name>
          <Parent>
            <Ref id="ITG12" xmlns="" />
          </Parent>
        </Code>
        <Code id="082011" urn="urn:sdmx:org.sdmx.infomodel.codelist.Code=IT1:CL_REFAREA(1.2).082011">
          <Name xml:lang="it" xmlns="http://www.sdmx.org/resources/sdmxml/schemas/v2_1/common">Bolognetta</Name>
          <Name xml:lang="en" xmlns="http://www.sdmx.org/resources/sdmxml/schemas/v2_1/common">Bolognetta</Name>
          <Parent>
            <Ref id="ITG12" xmlns="" />
          </Parent>
        </Code>
        <Code id="082012" urn="urn:sdmx:org.sdmx.infomodel.codelist.Code=IT1:CL_REFAREA(1.2).082012">
          <Name xml:lang="it" xmlns="http://www.sdmx.org/resources/sdmxml/schemas/v2_1/common">Bompietro</Name>
          <Name xml:lang="en" xmlns="http://www.sdmx.org/resources/sdmxml/schemas/v2_1/common">Bompietro</Name>
          <Parent>
            <Ref id="ITG12" xmlns="" />
          </Parent>
        </Code>
        <Code id="082013" urn="urn:sdmx:org.sdmx.infomodel.codelist.Code=IT1:CL_REFAREA(1.2).082013">
          <Name xml:lang="it" xmlns="http://www.sdmx.org/resources/sdmxml/schemas/v2_1/common">Borgetto</Name>
          <Name xml:lang="en" xmlns="http://www.sdmx.org/resources/sdmxml/schemas/v2_1/common">Borgetto</Name>
          <Parent>
            <Ref id="ITG12" xmlns="" />
          </Parent>
        </Code>
        <Code id="082014" urn="urn:sdmx:org.sdmx.infomodel.codelist.Code=IT1:CL_REFAREA(1.2).082014">
          <Name xml:lang="it" xmlns="http://www.sdmx.org/resources/sdmxml/schemas/v2_1/common">Caccamo</Name>
          <Name xml:lang="en" xmlns="http://www.sdmx.org/resources/sdmxml/schemas/v2_1/common">Caccamo</Name>
          <Parent>
            <Ref id="ITG12" xmlns="" />
          </Parent>
        </Code>
        <Code id="082015" urn="urn:sdmx:org.sdmx.infomodel.codelist.Code=IT1:CL_REFAREA(1.2).082015">
          <Name xml:lang="it" xmlns="http://www.sdmx.org/resources/sdmxml/schemas/v2_1/common">Caltavuturo</Name>
          <Name xml:lang="en" xmlns="http://www.sdmx.org/resources/sdmxml/schemas/v2_1/common">Caltavuturo</Name>
          <Parent>
            <Ref id="ITG12" xmlns="" />
          </Parent>
        </Code>
        <Code id="082016" urn="urn:sdmx:org.sdmx.infomodel.codelist.Code=IT1:CL_REFAREA(1.2).082016">
          <Name xml:lang="it" xmlns="http://www.sdmx.org/resources/sdmxml/schemas/v2_1/common">Campofelice di Fitalia</Name>
          <Name xml:lang="en" xmlns="http://www.sdmx.org/resources/sdmxml/schemas/v2_1/common">Campofelice di Fitalia</Name>
          <Parent>
            <Ref id="ITG12" xmlns="" />
          </Parent>
        </Code>
        <Code id="082017" urn="urn:sdmx:org.sdmx.infomodel.codelist.Code=IT1:CL_REFAREA(1.2).082017">
          <Name xml:lang="it" xmlns="http://www.sdmx.org/resources/sdmxml/schemas/v2_1/common">Campofelice di Roccella</Name>
          <Name xml:lang="en" xmlns="http://www.sdmx.org/resources/sdmxml/schemas/v2_1/common">Campofelice di Roccella</Name>
          <Parent>
            <Ref id="ITG12" xmlns="" />
          </Parent>
        </Code>
        <Code id="082018" urn="urn:sdmx:org.sdmx.infomodel.codelist.Code=IT1:CL_REFAREA(1.2).082018">
          <Name xml:lang="it" xmlns="http://www.sdmx.org/resources/sdmxml/schemas/v2_1/common">Campofiorito</Name>
          <Name xml:lang="en" xmlns="http://www.sdmx.org/resources/sdmxml/schemas/v2_1/common">Campofiorito</Name>
          <Parent>
            <Ref id="ITG12" xmlns="" />
          </Parent>
        </Code>
        <Code id="082019" urn="urn:sdmx:org.sdmx.infomodel.codelist.Code=IT1:CL_REFAREA(1.2).082019">
          <Name xml:lang="it" xmlns="http://www.sdmx.org/resources/sdmxml/schemas/v2_1/common">Camporeale</Name>
          <Name xml:lang="en" xmlns="http://www.sdmx.org/resources/sdmxml/schemas/v2_1/common">Camporeale</Name>
          <Parent>
            <Ref id="ITG12" xmlns="" />
          </Parent>
        </Code>
        <Code id="082020" urn="urn:sdmx:org.sdmx.infomodel.codelist.Code=IT1:CL_REFAREA(1.2).082020">
          <Name xml:lang="it" xmlns="http://www.sdmx.org/resources/sdmxml/schemas/v2_1/common">Capaci</Name>
          <Name xml:lang="en" xmlns="http://www.sdmx.org/resources/sdmxml/schemas/v2_1/common">Capaci</Name>
          <Parent>
            <Ref id="ITG12" xmlns="" />
          </Parent>
        </Code>
        <Code id="082021" urn="urn:sdmx:org.sdmx.infomodel.codelist.Code=IT1:CL_REFAREA(1.2).082021">
          <Name xml:lang="it" xmlns="http://www.sdmx.org/resources/sdmxml/schemas/v2_1/common">Carini</Name>
          <Name xml:lang="en" xmlns="http://www.sdmx.org/resources/sdmxml/schemas/v2_1/common">Carini</Name>
          <Parent>
            <Ref id="ITG12" xmlns="" />
          </Parent>
        </Code>
        <Code id="082022" urn="urn:sdmx:org.sdmx.infomodel.codelist.Code=IT1:CL_REFAREA(1.2).082022">
          <Name xml:lang="it" xmlns="http://www.sdmx.org/resources/sdmxml/schemas/v2_1/common">Castelbuono</Name>
          <Name xml:lang="en" xmlns="http://www.sdmx.org/resources/sdmxml/schemas/v2_1/common">Castelbuono</Name>
          <Parent>
            <Ref id="ITG12" xmlns="" />
          </Parent>
        </Code>
        <Code id="082023" urn="urn:sdmx:org.sdmx.infomodel.codelist.Code=IT1:CL_REFAREA(1.2).082023">
          <Name xml:lang="it" xmlns="http://www.sdmx.org/resources/sdmxml/schemas/v2_1/common">Casteldaccia</Name>
          <Name xml:lang="en" xmlns="http://www.sdmx.org/resources/sdmxml/schemas/v2_1/common">Casteldaccia</Name>
          <Parent>
            <Ref id="ITG12" xmlns="" />
          </Parent>
        </Code>
        <Code id="082024" urn="urn:sdmx:org.sdmx.infomodel.codelist.Code=IT1:CL_REFAREA(1.2).082024">
          <Name xml:lang="it" xmlns="http://www.sdmx.org/resources/sdmxml/schemas/v2_1/common">Castellana Sicula</Name>
          <Name xml:lang="en" xmlns="http://www.sdmx.org/resources/sdmxml/schemas/v2_1/common">Castellana Sicula</Name>
          <Parent>
            <Ref id="ITG12" xmlns="" />
          </Parent>
        </Code>
        <Code id="082025" urn="urn:sdmx:org.sdmx.infomodel.codelist.Code=IT1:CL_REFAREA(1.2).082025">
          <Name xml:lang="it" xmlns="http://www.sdmx.org/resources/sdmxml/schemas/v2_1/common">Castronovo di Sicilia</Name>
          <Name xml:lang="en" xmlns="http://www.sdmx.org/resources/sdmxml/schemas/v2_1/common">Castronovo di Sicilia</Name>
          <Parent>
            <Ref id="ITG12" xmlns="" />
          </Parent>
        </Code>
        <Code id="082026" urn="urn:sdmx:org.sdmx.infomodel.codelist.Code=IT1:CL_REFAREA(1.2).082026">
          <Name xml:lang="it" xmlns="http://www.sdmx.org/resources/sdmxml/schemas/v2_1/common">Cefalà Diana</Name>
          <Name xml:lang="en" xmlns="http://www.sdmx.org/resources/sdmxml/schemas/v2_1/common">Cefalà Diana</Name>
          <Parent>
            <Ref id="ITG12" xmlns="" />
          </Parent>
        </Code>
        <Code id="082027" urn="urn:sdmx:org.sdmx.infomodel.codelist.Code=IT1:CL_REFAREA(1.2).082027">
          <Name xml:lang="it" xmlns="http://www.sdmx.org/resources/sdmxml/schemas/v2_1/common">Cefalù</Name>
          <Name xml:lang="en" xmlns="http://www.sdmx.org/resources/sdmxml/schemas/v2_1/common">Cefalù</Name>
          <Parent>
            <Ref id="ITG12" xmlns="" />
          </Parent>
        </Code>
        <Code id="082028" urn="urn:sdmx:org.sdmx.infomodel.codelist.Code=IT1:CL_REFAREA(1.2).082028">
          <Name xml:lang="it" xmlns="http://www.sdmx.org/resources/sdmxml/schemas/v2_1/common">Cerda</Name>
          <Name xml:lang="en" xmlns="http://www.sdmx.org/resources/sdmxml/schemas/v2_1/common">Cerda</Name>
          <Parent>
            <Ref id="ITG12" xmlns="" />
          </Parent>
        </Code>
        <Code id="082029" urn="urn:sdmx:org.sdmx.infomodel.codelist.Code=IT1:CL_REFAREA(1.2).082029">
          <Name xml:lang="it" xmlns="http://www.sdmx.org/resources/sdmxml/schemas/v2_1/common">Chiusa Sclafani</Name>
          <Name xml:lang="en" xmlns="http://www.sdmx.org/resources/sdmxml/schemas/v2_1/common">Chiusa Sclafani</Name>
          <Parent>
            <Ref id="ITG12" xmlns="" />
          </Parent>
        </Code>
        <Code id="082030" urn="urn:sdmx:org.sdmx.infomodel.codelist.Code=IT1:CL_REFAREA(1.2).082030">
          <Name xml:lang="it" xmlns="http://www.sdmx.org/resources/sdmxml/schemas/v2_1/common">Ciminna</Name>
          <Name xml:lang="en" xmlns="http://www.sdmx.org/resources/sdmxml/schemas/v2_1/common">Ciminna</Name>
          <Parent>
            <Ref id="ITG12" xmlns="" />
          </Parent>
        </Code>
        <Code id="082031" urn="urn:sdmx:org.sdmx.infomodel.codelist.Code=IT1:CL_REFAREA(1.2).082031">
          <Name xml:lang="it" xmlns="http://www.sdmx.org/resources/sdmxml/schemas/v2_1/common">Cinisi</Name>
          <Name xml:lang="en" xmlns="http://www.sdmx.org/resources/sdmxml/schemas/v2_1/common">Cinisi</Name>
          <Parent>
            <Ref id="ITG12" xmlns="" />
          </Parent>
        </Code>
        <Code id="082032" urn="urn:sdmx:org.sdmx.infomodel.codelist.Code=IT1:CL_REFAREA(1.2).082032">
          <Name xml:lang="it" xmlns="http://www.sdmx.org/resources/sdmxml/schemas/v2_1/common">Collesano</Name>
          <Name xml:lang="en" xmlns="http://www.sdmx.org/resources/sdmxml/schemas/v2_1/common">Collesano</Name>
          <Parent>
            <Ref id="ITG12" xmlns="" />
          </Parent>
        </Code>
        <Code id="082033" urn="urn:sdmx:org.sdmx.infomodel.codelist.Code=IT1:CL_REFAREA(1.2).082033">
          <Name xml:lang="it" xmlns="http://www.sdmx.org/resources/sdmxml/schemas/v2_1/common">Contessa Entellina</Name>
          <Name xml:lang="en" xmlns="http://www.sdmx.org/resources/sdmxml/schemas/v2_1/common">Contessa Entellina</Name>
          <Parent>
            <Ref id="ITG12" xmlns="" />
          </Parent>
        </Code>
        <Code id="082034" urn="urn:sdmx:org.sdmx.infomodel.codelist.Code=IT1:CL_REFAREA(1.2).082034">
          <Name xml:lang="it" xmlns="http://www.sdmx.org/resources/sdmxml/schemas/v2_1/common">Corleone</Name>
          <Name xml:lang="en" xmlns="http://www.sdmx.org/resources/sdmxml/schemas/v2_1/common">Corleone</Name>
          <Parent>
            <Ref id="ITG12" xmlns="" />
          </Parent>
        </Code>
        <Code id="082035" urn="urn:sdmx:org.sdmx.infomodel.codelist.Code=IT1:CL_REFAREA(1.2).082035">
          <Name xml:lang="it" xmlns="http://www.sdmx.org/resources/sdmxml/schemas/v2_1/common">Ficarazzi</Name>
          <Name xml:lang="en" xmlns="http://www.sdmx.org/resources/sdmxml/schemas/v2_1/common">Ficarazzi</Name>
          <Parent>
            <Ref id="ITG12" xmlns="" />
          </Parent>
        </Code>
        <Code id="082036" urn="urn:sdmx:org.sdmx.infomodel.codelist.Code=IT1:CL_REFAREA(1.2).082036">
          <Name xml:lang="it" xmlns="http://www.sdmx.org/resources/sdmxml/schemas/v2_1/common">Gangi</Name>
          <Name xml:lang="en" xmlns="http://www.sdmx.org/resources/sdmxml/schemas/v2_1/common">Gangi</Name>
          <Parent>
            <Ref id="ITG12" xmlns="" />
          </Parent>
        </Code>
        <Code id="082037" urn="urn:sdmx:org.sdmx.infomodel.codelist.Code=IT1:CL_REFAREA(1.2).082037">
          <Name xml:lang="it" xmlns="http://www.sdmx.org/resources/sdmxml/schemas/v2_1/common">Geraci Siculo</Name>
          <Name xml:lang="en" xmlns="http://www.sdmx.org/resources/sdmxml/schemas/v2_1/common">Geraci Siculo</Name>
          <Parent>
            <Ref id="ITG12" xmlns="" />
          </Parent>
        </Code>
        <Code id="082038" urn="urn:sdmx:org.sdmx.infomodel.codelist.Code=IT1:CL_REFAREA(1.2).082038">
          <Name xml:lang="it" xmlns="http://www.sdmx.org/resources/sdmxml/schemas/v2_1/common">Giardinello</Name>
          <Name xml:lang="en" xmlns="http://www.sdmx.org/resources/sdmxml/schemas/v2_1/common">Giardinello</Name>
          <Parent>
            <Ref id="ITG12" xmlns="" />
          </Parent>
        </Code>
        <Code id="082039" urn="urn:sdmx:org.sdmx.infomodel.codelist.Code=IT1:CL_REFAREA(1.2).082039">
          <Name xml:lang="it" xmlns="http://www.sdmx.org/resources/sdmxml/schemas/v2_1/common">Giuliana</Name>
          <Name xml:lang="en" xmlns="http://www.sdmx.org/resources/sdmxml/schemas/v2_1/common">Giuliana</Name>
          <Parent>
            <Ref id="ITG12" xmlns="" />
          </Parent>
        </Code>
        <Code id="082040" urn="urn:sdmx:org.sdmx.infomodel.codelist.Code=IT1:CL_REFAREA(1.2).082040">
          <Name xml:lang="it" xmlns="http://www.sdmx.org/resources/sdmxml/schemas/v2_1/common">Godrano</Name>
          <Name xml:lang="en" xmlns="http://www.sdmx.org/resources/sdmxml/schemas/v2_1/common">Godrano</Name>
          <Parent>
            <Ref id="ITG12" xmlns="" />
          </Parent>
        </Code>
        <Code id="082041" urn="urn:sdmx:org.sdmx.infomodel.codelist.Code=IT1:CL_REFAREA(1.2).082041">
          <Name xml:lang="it" xmlns="http://www.sdmx.org/resources/sdmxml/schemas/v2_1/common">Gratteri</Name>
          <Name xml:lang="en" xmlns="http://www.sdmx.org/resources/sdmxml/schemas/v2_1/common">Gratteri</Name>
          <Parent>
            <Ref id="ITG12" xmlns="" />
          </Parent>
        </Code>
        <Code id="082042" urn="urn:sdmx:org.sdmx.infomodel.codelist.Code=IT1:CL_REFAREA(1.2).082042">
          <Name xml:lang="it" xmlns="http://www.sdmx.org/resources/sdmxml/schemas/v2_1/common">Isnello</Name>
          <Name xml:lang="en" xmlns="http://www.sdmx.org/resources/sdmxml/schemas/v2_1/common">Isnello</Name>
          <Parent>
            <Ref id="ITG12" xmlns="" />
          </Parent>
        </Code>
        <Code id="082043" urn="urn:sdmx:org.sdmx.infomodel.codelist.Code=IT1:CL_REFAREA(1.2).082043">
          <Name xml:lang="it" xmlns="http://www.sdmx.org/resources/sdmxml/schemas/v2_1/common">Isola delle Femmine</Name>
          <Name xml:lang="en" xmlns="http://www.sdmx.org/resources/sdmxml/schemas/v2_1/common">Isola delle Femmine</Name>
          <Parent>
            <Ref id="ITG12" xmlns="" />
          </Parent>
        </Code>
        <Code id="082044" urn="urn:sdmx:org.sdmx.infomodel.codelist.Code=IT1:CL_REFAREA(1.2).082044">
          <Name xml:lang="it" xmlns="http://www.sdmx.org/resources/sdmxml/schemas/v2_1/common">Lascari</Name>
          <Name xml:lang="en" xmlns="http://www.sdmx.org/resources/sdmxml/schemas/v2_1/common">Lascari</Name>
          <Parent>
            <Ref id="ITG12" xmlns="" />
          </Parent>
        </Code>
        <Code id="082045" urn="urn:sdmx:org.sdmx.infomodel.codelist.Code=IT1:CL_REFAREA(1.2).082045">
          <Name xml:lang="it" xmlns="http://www.sdmx.org/resources/sdmxml/schemas/v2_1/common">Lercara Friddi</Name>
          <Name xml:lang="en" xmlns="http://www.sdmx.org/resources/sdmxml/schemas/v2_1/common">Lercara Friddi</Name>
          <Parent>
            <Ref id="ITG12" xmlns="" />
          </Parent>
        </Code>
        <Code id="082046" urn="urn:sdmx:org.sdmx.infomodel.codelist.Code=IT1:CL_REFAREA(1.2).082046">
          <Name xml:lang="it" xmlns="http://www.sdmx.org/resources/sdmxml/schemas/v2_1/common">Marineo</Name>
          <Name xml:lang="en" xmlns="http://www.sdmx.org/resources/sdmxml/schemas/v2_1/common">Marineo</Name>
          <Parent>
            <Ref id="ITG12" xmlns="" />
          </Parent>
        </Code>
        <Code id="082047" urn="urn:sdmx:org.sdmx.infomodel.codelist.Code=IT1:CL_REFAREA(1.2).082047">
          <Name xml:lang="it" xmlns="http://www.sdmx.org/resources/sdmxml/schemas/v2_1/common">Mezzojuso</Name>
          <Name xml:lang="en" xmlns="http://www.sdmx.org/resources/sdmxml/schemas/v2_1/common">Mezzojuso</Name>
          <Parent>
            <Ref id="ITG12" xmlns="" />
          </Parent>
        </Code>
        <Code id="082048" urn="urn:sdmx:org.sdmx.infomodel.codelist.Code=IT1:CL_REFAREA(1.2).082048">
          <Name xml:lang="it" xmlns="http://www.sdmx.org/resources/sdmxml/schemas/v2_1/common">Misilmeri</Name>
          <Name xml:lang="en" xmlns="http://www.sdmx.org/resources/sdmxml/schemas/v2_1/common">Misilmeri</Name>
          <Parent>
            <Ref id="ITG12" xmlns="" />
          </Parent>
        </Code>
        <Code id="082049" urn="urn:sdmx:org.sdmx.infomodel.codelist.Code=IT1:CL_REFAREA(1.2).082049">
          <Name xml:lang="it" xmlns="http://www.sdmx.org/resources/sdmxml/schemas/v2_1/common">Monreale</Name>
          <Name xml:lang="en" xmlns="http://www.sdmx.org/resources/sdmxml/schemas/v2_1/common">Monreale</Name>
          <Parent>
            <Ref id="ITG12" xmlns="" />
          </Parent>
        </Code>
        <Code id="082050" urn="urn:sdmx:org.sdmx.infomodel.codelist.Code=IT1:CL_REFAREA(1.2).082050">
          <Name xml:lang="it" xmlns="http://www.sdmx.org/resources/sdmxml/schemas/v2_1/common">Montelepre</Name>
          <Name xml:lang="en" xmlns="http://www.sdmx.org/resources/sdmxml/schemas/v2_1/common">Montelepre</Name>
          <Parent>
            <Ref id="ITG12" xmlns="" />
          </Parent>
        </Code>
        <Code id="082051" urn="urn:sdmx:org.sdmx.infomodel.codelist.Code=IT1:CL_REFAREA(1.2).082051">
          <Name xml:lang="it" xmlns="http://www.sdmx.org/resources/sdmxml/schemas/v2_1/common">Montemaggiore Belsito</Name>
          <Name xml:lang="en" xmlns="http://www.sdmx.org/resources/sdmxml/schemas/v2_1/common">Montemaggiore Belsito</Name>
          <Parent>
            <Ref id="ITG12" xmlns="" />
          </Parent>
        </Code>
        <Code id="082052" urn="urn:sdmx:org.sdmx.infomodel.codelist.Code=IT1:CL_REFAREA(1.2).082052">
          <Name xml:lang="it" xmlns="http://www.sdmx.org/resources/sdmxml/schemas/v2_1/common">Palazzo Adriano</Name>
          <Name xml:lang="en" xmlns="http://www.sdmx.org/resources/sdmxml/schemas/v2_1/common">Palazzo Adriano</Name>
          <Parent>
            <Ref id="ITG12" xmlns="" />
          </Parent>
        </Code>
        <Code id="082053" urn="urn:sdmx:org.sdmx.infomodel.codelist.Code=IT1:CL_REFAREA(1.2).082053">
          <Name xml:lang="it" xmlns="http://www.sdmx.org/resources/sdmxml/schemas/v2_1/common">Palermo</Name>
          <Name xml:lang="en" xmlns="http://www.sdmx.org/resources/sdmxml/schemas/v2_1/common">Palermo</Name>
          <Parent>
            <Ref id="ITG12" xmlns="" />
          </Parent>
        </Code>
        <Code id="082054" urn="urn:sdmx:org.sdmx.infomodel.codelist.Code=IT1:CL_REFAREA(1.2).082054">
          <Name xml:lang="it" xmlns="http://www.sdmx.org/resources/sdmxml/schemas/v2_1/common">Partinico</Name>
          <Name xml:lang="en" xmlns="http://www.sdmx.org/resources/sdmxml/schemas/v2_1/common">Partinico</Name>
          <Parent>
            <Ref id="ITG12" xmlns="" />
          </Parent>
        </Code>
        <Code id="082055" urn="urn:sdmx:org.sdmx.infomodel.codelist.Code=IT1:CL_REFAREA(1.2).082055">
          <Name xml:lang="it" xmlns="http://www.sdmx.org/resources/sdmxml/schemas/v2_1/common">Petralia Soprana</Name>
          <Name xml:lang="en" xmlns="http://www.sdmx.org/resources/sdmxml/schemas/v2_1/common">Petralia Soprana</Name>
          <Parent>
            <Ref id="ITG12" xmlns="" />
          </Parent>
        </Code>
        <Code id="082056" urn="urn:sdmx:org.sdmx.infomodel.codelist.Code=IT1:CL_REFAREA(1.2).082056">
          <Name xml:lang="it" xmlns="http://www.sdmx.org/resources/sdmxml/schemas/v2_1/common">Petralia Sottana</Name>
          <Name xml:lang="en" xmlns="http://www.sdmx.org/resources/sdmxml/schemas/v2_1/common">Petralia Sottana</Name>
          <Parent>
            <Ref id="ITG12" xmlns="" />
          </Parent>
        </Code>
        <Code id="082057" urn="urn:sdmx:org.sdmx.infomodel.codelist.Code=IT1:CL_REFAREA(1.2).082057">
          <Name xml:lang="it" xmlns="http://www.sdmx.org/resources/sdmxml/schemas/v2_1/common">Piana degli Albanesi</Name>
          <Name xml:lang="en" xmlns="http://www.sdmx.org/resources/sdmxml/schemas/v2_1/common">Piana degli Albanesi</Name>
          <Parent>
            <Ref id="ITG12" xmlns="" />
          </Parent>
        </Code>
        <Code id="082058" urn="urn:sdmx:org.sdmx.infomodel.codelist.Code=IT1:CL_REFAREA(1.2).082058">
          <Name xml:lang="it" xmlns="http://www.sdmx.org/resources/sdmxml/schemas/v2_1/common">Polizzi Generosa</Name>
          <Name xml:lang="en" xmlns="http://www.sdmx.org/resources/sdmxml/schemas/v2_1/common">Polizzi Generosa</Name>
          <Parent>
            <Ref id="ITG12" xmlns="" />
          </Parent>
        </Code>
        <Code id="082059" urn="urn:sdmx:org.sdmx.infomodel.codelist.Code=IT1:CL_REFAREA(1.2).082059">
          <Name xml:lang="it" xmlns="http://www.sdmx.org/resources/sdmxml/schemas/v2_1/common">Pollina</Name>
          <Name xml:lang="en" xmlns="http://www.sdmx.org/resources/sdmxml/schemas/v2_1/common">Pollina</Name>
          <Parent>
            <Ref id="ITG12" xmlns="" />
          </Parent>
        </Code>
        <Code id="082060" urn="urn:sdmx:org.sdmx.infomodel.codelist.Code=IT1:CL_REFAREA(1.2).082060">
          <Name xml:lang="it" xmlns="http://www.sdmx.org/resources/sdmxml/schemas/v2_1/common">Prizzi</Name>
          <Name xml:lang="en" xmlns="http://www.sdmx.org/resources/sdmxml/schemas/v2_1/common">Prizzi</Name>
          <Parent>
            <Ref id="ITG12" xmlns="" />
          </Parent>
        </Code>
        <Code id="082061" urn="urn:sdmx:org.sdmx.infomodel.codelist.Code=IT1:CL_REFAREA(1.2).082061">
          <Name xml:lang="it" xmlns="http://www.sdmx.org/resources/sdmxml/schemas/v2_1/common">Roccamena</Name>
          <Name xml:lang="en" xmlns="http://www.sdmx.org/resources/sdmxml/schemas/v2_1/common">Roccamena</Name>
          <Parent>
            <Ref id="ITG12" xmlns="" />
          </Parent>
        </Code>
        <Code id="082062" urn="urn:sdmx:org.sdmx.infomodel.codelist.Code=IT1:CL_REFAREA(1.2).082062">
          <Name xml:lang="it" xmlns="http://www.sdmx.org/resources/sdmxml/schemas/v2_1/common">Roccapalumba</Name>
          <Name xml:lang="en" xmlns="http://www.sdmx.org/resources/sdmxml/schemas/v2_1/common">Roccapalumba</Name>
          <Parent>
            <Ref id="ITG12" xmlns="" />
          </Parent>
        </Code>
        <Code id="082063" urn="urn:sdmx:org.sdmx.infomodel.codelist.Code=IT1:CL_REFAREA(1.2).082063">
          <Name xml:lang="it" xmlns="http://www.sdmx.org/resources/sdmxml/schemas/v2_1/common">San Cipirello</Name>
          <Name xml:lang="en" xmlns="http://www.sdmx.org/resources/sdmxml/schemas/v2_1/common">San Cipirello</Name>
          <Parent>
            <Ref id="ITG12" xmlns="" />
          </Parent>
        </Code>
        <Code id="082064" urn="urn:sdmx:org.sdmx.infomodel.codelist.Code=IT1:CL_REFAREA(1.2).082064">
          <Name xml:lang="it" xmlns="http://www.sdmx.org/resources/sdmxml/schemas/v2_1/common">San Giuseppe Jato</Name>
          <Name xml:lang="en" xmlns="http://www.sdmx.org/resources/sdmxml/schemas/v2_1/common">San Giuseppe Jato</Name>
          <Parent>
            <Ref id="ITG12" xmlns="" />
          </Parent>
        </Code>
        <Code id="082065" urn="urn:sdmx:org.sdmx.infomodel.codelist.Code=IT1:CL_REFAREA(1.2).082065">
          <Name xml:lang="it" xmlns="http://www.sdmx.org/resources/sdmxml/schemas/v2_1/common">San Mauro Castelverde</Name>
          <Name xml:lang="en" xmlns="http://www.sdmx.org/resources/sdmxml/schemas/v2_1/common">San Mauro Castelverde</Name>
          <Parent>
            <Ref id="ITG12" xmlns="" />
          </Parent>
        </Code>
        <Code id="082066" urn="urn:sdmx:org.sdmx.infomodel.codelist.Code=IT1:CL_REFAREA(1.2).082066">
          <Name xml:lang="it" xmlns="http://www.sdmx.org/resources/sdmxml/schemas/v2_1/common">Santa Cristina Gela</Name>
          <Name xml:lang="en" xmlns="http://www.sdmx.org/resources/sdmxml/schemas/v2_1/common">Santa Cristina Gela</Name>
          <Parent>
            <Ref id="ITG12" xmlns="" />
          </Parent>
        </Code>
        <Code id="082067" urn="urn:sdmx:org.sdmx.infomodel.codelist.Code=IT1:CL_REFAREA(1.2).082067">
          <Name xml:lang="it" xmlns="http://www.sdmx.org/resources/sdmxml/schemas/v2_1/common">Santa Flavia</Name>
          <Name xml:lang="en" xmlns="http://www.sdmx.org/resources/sdmxml/schemas/v2_1/common">Santa Flavia</Name>
          <Parent>
            <Ref id="ITG12" xmlns="" />
          </Parent>
        </Code>
        <Code id="082068" urn="urn:sdmx:org.sdmx.infomodel.codelist.Code=IT1:CL_REFAREA(1.2).082068">
          <Name xml:lang="it" xmlns="http://www.sdmx.org/resources/sdmxml/schemas/v2_1/common">Sciara</Name>
          <Name xml:lang="en" xmlns="http://www.sdmx.org/resources/sdmxml/schemas/v2_1/common">Sciara</Name>
          <Parent>
            <Ref id="ITG12" xmlns="" />
          </Parent>
        </Code>
        <Code id="082069" urn="urn:sdmx:org.sdmx.infomodel.codelist.Code=IT1:CL_REFAREA(1.2).082069">
          <Name xml:lang="it" xmlns="http://www.sdmx.org/resources/sdmxml/schemas/v2_1/common">Sclafani Bagni</Name>
          <Name xml:lang="en" xmlns="http://www.sdmx.org/resources/sdmxml/schemas/v2_1/common">Sclafani Bagni</Name>
          <Parent>
            <Ref id="ITG12" xmlns="" />
          </Parent>
        </Code>
        <Code id="082070" urn="urn:sdmx:org.sdmx.infomodel.codelist.Code=IT1:CL_REFAREA(1.2).082070">
          <Name xml:lang="it" xmlns="http://www.sdmx.org/resources/sdmxml/schemas/v2_1/common">Termini Imerese</Name>
          <Name xml:lang="en" xmlns="http://www.sdmx.org/resources/sdmxml/schemas/v2_1/common">Termini Imerese</Name>
          <Parent>
            <Ref id="ITG12" xmlns="" />
          </Parent>
        </Code>
        <Code id="082071" urn="urn:sdmx:org.sdmx.infomodel.codelist.Code=IT1:CL_REFAREA(1.2).082071">
          <Name xml:lang="it" xmlns="http://www.sdmx.org/resources/sdmxml/schemas/v2_1/common">Terrasini</Name>
          <Name xml:lang="en" xmlns="http://www.sdmx.org/resources/sdmxml/schemas/v2_1/common">Terrasini</Name>
          <Parent>
            <Ref id="ITG12" xmlns="" />
          </Parent>
        </Code>
        <Code id="082072" urn="urn:sdmx:org.sdmx.infomodel.codelist.Code=IT1:CL_REFAREA(1.2).082072">
          <Name xml:lang="it" xmlns="http://www.sdmx.org/resources/sdmxml/schemas/v2_1/common">Torretta</Name>
          <Name xml:lang="en" xmlns="http://www.sdmx.org/resources/sdmxml/schemas/v2_1/common">Torretta</Name>
          <Parent>
            <Ref id="ITG12" xmlns="" />
          </Parent>
        </Code>
        <Code id="082073" urn="urn:sdmx:org.sdmx.infomodel.codelist.Code=IT1:CL_REFAREA(1.2).082073">
          <Name xml:lang="it" xmlns="http://www.sdmx.org/resources/sdmxml/schemas/v2_1/common">Trabia</Name>
          <Name xml:lang="en" xmlns="http://www.sdmx.org/resources/sdmxml/schemas/v2_1/common">Trabia</Name>
          <Parent>
            <Ref id="ITG12" xmlns="" />
          </Parent>
        </Code>
        <Code id="082074" urn="urn:sdmx:org.sdmx.infomodel.codelist.Code=IT1:CL_REFAREA(1.2).082074">
          <Name xml:lang="it" xmlns="http://www.sdmx.org/resources/sdmxml/schemas/v2_1/common">Trappeto</Name>
          <Name xml:lang="en" xmlns="http://www.sdmx.org/resources/sdmxml/schemas/v2_1/common">Trappeto</Name>
          <Parent>
            <Ref id="ITG12" xmlns="" />
          </Parent>
        </Code>
        <Code id="082075" urn="urn:sdmx:org.sdmx.infomodel.codelist.Code=IT1:CL_REFAREA(1.2).082075">
          <Name xml:lang="it" xmlns="http://www.sdmx.org/resources/sdmxml/schemas/v2_1/common">Ustica</Name>
          <Name xml:lang="en" xmlns="http://www.sdmx.org/resources/sdmxml/schemas/v2_1/common">Ustica</Name>
          <Parent>
            <Ref id="ITG12" xmlns="" />
          </Parent>
        </Code>
        <Code id="082076" urn="urn:sdmx:org.sdmx.infomodel.codelist.Code=IT1:CL_REFAREA(1.2).082076">
          <Name xml:lang="it" xmlns="http://www.sdmx.org/resources/sdmxml/schemas/v2_1/common">Valledolmo</Name>
          <Name xml:lang="en" xmlns="http://www.sdmx.org/resources/sdmxml/schemas/v2_1/common">Valledolmo</Name>
          <Parent>
            <Ref id="ITG12" xmlns="" />
          </Parent>
        </Code>
        <Code id="082077" urn="urn:sdmx:org.sdmx.infomodel.codelist.Code=IT1:CL_REFAREA(1.2).082077">
          <Name xml:lang="it" xmlns="http://www.sdmx.org/resources/sdmxml/schemas/v2_1/common">Ventimiglia di Sicilia</Name>
          <Name xml:lang="en" xmlns="http://www.sdmx.org/resources/sdmxml/schemas/v2_1/common">Ventimiglia di Sicilia</Name>
          <Parent>
            <Ref id="ITG12" xmlns="" />
          </Parent>
        </Code>
        <Code id="082078" urn="urn:sdmx:org.sdmx.infomodel.codelist.Code=IT1:CL_REFAREA(1.2).082078">
          <Name xml:lang="it" xmlns="http://www.sdmx.org/resources/sdmxml/schemas/v2_1/common">Vicari</Name>
          <Name xml:lang="en" xmlns="http://www.sdmx.org/resources/sdmxml/schemas/v2_1/common">Vicari</Name>
          <Parent>
            <Ref id="ITG12" xmlns="" />
          </Parent>
        </Code>
        <Code id="082079" urn="urn:sdmx:org.sdmx.infomodel.codelist.Code=IT1:CL_REFAREA(1.2).082079">
          <Name xml:lang="it" xmlns="http://www.sdmx.org/resources/sdmxml/schemas/v2_1/common">Villabate</Name>
          <Name xml:lang="en" xmlns="http://www.sdmx.org/resources/sdmxml/schemas/v2_1/common">Villabate</Name>
          <Parent>
            <Ref id="ITG12" xmlns="" />
          </Parent>
        </Code>
        <Code id="082080" urn="urn:sdmx:org.sdmx.infomodel.codelist.Code=IT1:CL_REFAREA(1.2).082080">
          <Name xml:lang="it" xmlns="http://www.sdmx.org/resources/sdmxml/schemas/v2_1/common">Villafrati</Name>
          <Name xml:lang="en" xmlns="http://www.sdmx.org/resources/sdmxml/schemas/v2_1/common">Villafrati</Name>
          <Parent>
            <Ref id="ITG12" xmlns="" />
          </Parent>
        </Code>
        <Code id="082081" urn="urn:sdmx:org.sdmx.infomodel.codelist.Code=IT1:CL_REFAREA(1.2).082081">
          <Name xml:lang="it" xmlns="http://www.sdmx.org/resources/sdmxml/schemas/v2_1/common">Scillato</Name>
          <Name xml:lang="en" xmlns="http://www.sdmx.org/resources/sdmxml/schemas/v2_1/common">Scillato</Name>
          <Parent>
            <Ref id="ITG12" xmlns="" />
          </Parent>
        </Code>
        <Code id="082082" urn="urn:sdmx:org.sdmx.infomodel.codelist.Code=IT1:CL_REFAREA(1.2).082082">
          <Name xml:lang="it" xmlns="http://www.sdmx.org/resources/sdmxml/schemas/v2_1/common">Blufi</Name>
          <Name xml:lang="en" xmlns="http://www.sdmx.org/resources/sdmxml/schemas/v2_1/common">Blufi</Name>
          <Parent>
            <Ref id="ITG12" xmlns="" />
          </Parent>
        </Code>
        <Code id="083001" urn="urn:sdmx:org.sdmx.infomodel.codelist.Code=IT1:CL_REFAREA(1.2).083001">
          <Name xml:lang="it" xmlns="http://www.sdmx.org/resources/sdmxml/schemas/v2_1/common">Alcara li Fusi</Name>
          <Name xml:lang="en" xmlns="http://www.sdmx.org/resources/sdmxml/schemas/v2_1/common">Alcara li Fusi</Name>
          <Parent>
            <Ref id="ITG13" xmlns="" />
          </Parent>
        </Code>
        <Code id="083002" urn="urn:sdmx:org.sdmx.infomodel.codelist.Code=IT1:CL_REFAREA(1.2).083002">
          <Name xml:lang="it" xmlns="http://www.sdmx.org/resources/sdmxml/schemas/v2_1/common">Alì</Name>
          <Name xml:lang="en" xmlns="http://www.sdmx.org/resources/sdmxml/schemas/v2_1/common">Alì</Name>
          <Parent>
            <Ref id="ITG13" xmlns="" />
          </Parent>
        </Code>
        <Code id="083003" urn="urn:sdmx:org.sdmx.infomodel.codelist.Code=IT1:CL_REFAREA(1.2).083003">
          <Name xml:lang="it" xmlns="http://www.sdmx.org/resources/sdmxml/schemas/v2_1/common">Alì Terme</Name>
          <Name xml:lang="en" xmlns="http://www.sdmx.org/resources/sdmxml/schemas/v2_1/common">Alì Terme</Name>
          <Parent>
            <Ref id="ITG13" xmlns="" />
          </Parent>
        </Code>
        <Code id="083004" urn="urn:sdmx:org.sdmx.infomodel.codelist.Code=IT1:CL_REFAREA(1.2).083004">
          <Name xml:lang="it" xmlns="http://www.sdmx.org/resources/sdmxml/schemas/v2_1/common">Antillo</Name>
          <Name xml:lang="en" xmlns="http://www.sdmx.org/resources/sdmxml/schemas/v2_1/common">Antillo</Name>
          <Parent>
            <Ref id="ITG13" xmlns="" />
          </Parent>
        </Code>
        <Code id="083005" urn="urn:sdmx:org.sdmx.infomodel.codelist.Code=IT1:CL_REFAREA(1.2).083005">
          <Name xml:lang="it" xmlns="http://www.sdmx.org/resources/sdmxml/schemas/v2_1/common">Barcellona Pozzo di Gotto</Name>
          <Name xml:lang="en" xmlns="http://www.sdmx.org/resources/sdmxml/schemas/v2_1/common">Barcellona Pozzo di Gotto</Name>
          <Parent>
            <Ref id="ITG13" xmlns="" />
          </Parent>
        </Code>
        <Code id="083006" urn="urn:sdmx:org.sdmx.infomodel.codelist.Code=IT1:CL_REFAREA(1.2).083006">
          <Name xml:lang="it" xmlns="http://www.sdmx.org/resources/sdmxml/schemas/v2_1/common">Basicò</Name>
          <Name xml:lang="en" xmlns="http://www.sdmx.org/resources/sdmxml/schemas/v2_1/common">Basicò</Name>
          <Parent>
            <Ref id="ITG13" xmlns="" />
          </Parent>
        </Code>
        <Code id="083007" urn="urn:sdmx:org.sdmx.infomodel.codelist.Code=IT1:CL_REFAREA(1.2).083007">
          <Name xml:lang="it" xmlns="http://www.sdmx.org/resources/sdmxml/schemas/v2_1/common">Brolo</Name>
          <Name xml:lang="en" xmlns="http://www.sdmx.org/resources/sdmxml/schemas/v2_1/common">Brolo</Name>
          <Parent>
            <Ref id="ITG13" xmlns="" />
          </Parent>
        </Code>
        <Code id="083008" urn="urn:sdmx:org.sdmx.infomodel.codelist.Code=IT1:CL_REFAREA(1.2).083008">
          <Name xml:lang="it" xmlns="http://www.sdmx.org/resources/sdmxml/schemas/v2_1/common">Capizzi</Name>
          <Name xml:lang="en" xmlns="http://www.sdmx.org/resources/sdmxml/schemas/v2_1/common">Capizzi</Name>
          <Parent>
            <Ref id="ITG13" xmlns="" />
          </Parent>
        </Code>
        <Code id="083009" urn="urn:sdmx:org.sdmx.infomodel.codelist.Code=IT1:CL_REFAREA(1.2).083009">
          <Name xml:lang="it" xmlns="http://www.sdmx.org/resources/sdmxml/schemas/v2_1/common">Capo d'Orlando</Name>
          <Name xml:lang="en" xmlns="http://www.sdmx.org/resources/sdmxml/schemas/v2_1/common">Capo d'Orlando</Name>
          <Parent>
            <Ref id="ITG13" xmlns="" />
          </Parent>
        </Code>
        <Code id="083010" urn="urn:sdmx:org.sdmx.infomodel.codelist.Code=IT1:CL_REFAREA(1.2).083010">
          <Name xml:lang="it" xmlns="http://www.sdmx.org/resources/sdmxml/schemas/v2_1/common">Capri Leone</Name>
          <Name xml:lang="en" xmlns="http://www.sdmx.org/resources/sdmxml/schemas/v2_1/common">Capri Leone</Name>
          <Parent>
            <Ref id="ITG13" xmlns="" />
          </Parent>
        </Code>
        <Code id="083011" urn="urn:sdmx:org.sdmx.infomodel.codelist.Code=IT1:CL_REFAREA(1.2).083011">
          <Name xml:lang="it" xmlns="http://www.sdmx.org/resources/sdmxml/schemas/v2_1/common">Caronia</Name>
          <Name xml:lang="en" xmlns="http://www.sdmx.org/resources/sdmxml/schemas/v2_1/common">Caronia</Name>
          <Parent>
            <Ref id="ITG13" xmlns="" />
          </Parent>
        </Code>
        <Code id="083012" urn="urn:sdmx:org.sdmx.infomodel.codelist.Code=IT1:CL_REFAREA(1.2).083012">
          <Name xml:lang="it" xmlns="http://www.sdmx.org/resources/sdmxml/schemas/v2_1/common">Casalvecchio Siculo</Name>
          <Name xml:lang="en" xmlns="http://www.sdmx.org/resources/sdmxml/schemas/v2_1/common">Casalvecchio Siculo</Name>
          <Parent>
            <Ref id="ITG13" xmlns="" />
          </Parent>
        </Code>
        <Code id="083013" urn="urn:sdmx:org.sdmx.infomodel.codelist.Code=IT1:CL_REFAREA(1.2).083013">
          <Name xml:lang="it" xmlns="http://www.sdmx.org/resources/sdmxml/schemas/v2_1/common">Castel di Lucio</Name>
          <Name xml:lang="en" xmlns="http://www.sdmx.org/resources/sdmxml/schemas/v2_1/common">Castel di Lucio</Name>
          <Parent>
            <Ref id="ITG13" xmlns="" />
          </Parent>
        </Code>
        <Code id="083014" urn="urn:sdmx:org.sdmx.infomodel.codelist.Code=IT1:CL_REFAREA(1.2).083014">
          <Name xml:lang="it" xmlns="http://www.sdmx.org/resources/sdmxml/schemas/v2_1/common">Castell'Umberto</Name>
          <Name xml:lang="en" xmlns="http://www.sdmx.org/resources/sdmxml/schemas/v2_1/common">Castell'Umberto</Name>
          <Parent>
            <Ref id="ITG13" xmlns="" />
          </Parent>
        </Code>
        <Code id="083015" urn="urn:sdmx:org.sdmx.infomodel.codelist.Code=IT1:CL_REFAREA(1.2).083015">
          <Name xml:lang="it" xmlns="http://www.sdmx.org/resources/sdmxml/schemas/v2_1/common">Castelmola</Name>
          <Name xml:lang="en" xmlns="http://www.sdmx.org/resources/sdmxml/schemas/v2_1/common">Castelmola</Name>
          <Parent>
            <Ref id="ITG13" xmlns="" />
          </Parent>
        </Code>
        <Code id="083016" urn="urn:sdmx:org.sdmx.infomodel.codelist.Code=IT1:CL_REFAREA(1.2).083016">
          <Name xml:lang="it" xmlns="http://www.sdmx.org/resources/sdmxml/schemas/v2_1/common">Castroreale</Name>
          <Name xml:lang="en" xmlns="http://www.sdmx.org/resources/sdmxml/schemas/v2_1/common">Castroreale</Name>
          <Parent>
            <Ref id="ITG13" xmlns="" />
          </Parent>
        </Code>
        <Code id="083017" urn="urn:sdmx:org.sdmx.infomodel.codelist.Code=IT1:CL_REFAREA(1.2).083017">
          <Name xml:lang="it" xmlns="http://www.sdmx.org/resources/sdmxml/schemas/v2_1/common">Cesarò</Name>
          <Name xml:lang="en" xmlns="http://www.sdmx.org/resources/sdmxml/schemas/v2_1/common">Cesarò</Name>
          <Parent>
            <Ref id="ITG13" xmlns="" />
          </Parent>
        </Code>
        <Code id="083018" urn="urn:sdmx:org.sdmx.infomodel.codelist.Code=IT1:CL_REFAREA(1.2).083018">
          <Name xml:lang="it" xmlns="http://www.sdmx.org/resources/sdmxml/schemas/v2_1/common">Condrò</Name>
          <Name xml:lang="en" xmlns="http://www.sdmx.org/resources/sdmxml/schemas/v2_1/common">Condrò</Name>
          <Parent>
            <Ref id="ITG13" xmlns="" />
          </Parent>
        </Code>
        <Code id="083019" urn="urn:sdmx:org.sdmx.infomodel.codelist.Code=IT1:CL_REFAREA(1.2).083019">
          <Name xml:lang="it" xmlns="http://www.sdmx.org/resources/sdmxml/schemas/v2_1/common">Falcone</Name>
          <Name xml:lang="en" xmlns="http://www.sdmx.org/resources/sdmxml/schemas/v2_1/common">Falcone</Name>
          <Parent>
            <Ref id="ITG13" xmlns="" />
          </Parent>
        </Code>
        <Code id="083020" urn="urn:sdmx:org.sdmx.infomodel.codelist.Code=IT1:CL_REFAREA(1.2).083020">
          <Name xml:lang="it" xmlns="http://www.sdmx.org/resources/sdmxml/schemas/v2_1/common">Ficarra</Name>
          <Name xml:lang="en" xmlns="http://www.sdmx.org/resources/sdmxml/schemas/v2_1/common">Ficarra</Name>
          <Parent>
            <Ref id="ITG13" xmlns="" />
          </Parent>
        </Code>
        <Code id="083021" urn="urn:sdmx:org.sdmx.infomodel.codelist.Code=IT1:CL_REFAREA(1.2).083021">
          <Name xml:lang="it" xmlns="http://www.sdmx.org/resources/sdmxml/schemas/v2_1/common">Fiumedinisi</Name>
          <Name xml:lang="en" xmlns="http://www.sdmx.org/resources/sdmxml/schemas/v2_1/common">Fiumedinisi</Name>
          <Parent>
            <Ref id="ITG13" xmlns="" />
          </Parent>
        </Code>
        <Code id="083022" urn="urn:sdmx:org.sdmx.infomodel.codelist.Code=IT1:CL_REFAREA(1.2).083022">
          <Name xml:lang="it" xmlns="http://www.sdmx.org/resources/sdmxml/schemas/v2_1/common">Floresta</Name>
          <Name xml:lang="en" xmlns="http://www.sdmx.org/resources/sdmxml/schemas/v2_1/common">Floresta</Name>
          <Parent>
            <Ref id="ITG13" xmlns="" />
          </Parent>
        </Code>
        <Code id="083023" urn="urn:sdmx:org.sdmx.infomodel.codelist.Code=IT1:CL_REFAREA(1.2).083023">
          <Name xml:lang="it" xmlns="http://www.sdmx.org/resources/sdmxml/schemas/v2_1/common">Fondachelli-Fantina</Name>
          <Name xml:lang="en" xmlns="http://www.sdmx.org/resources/sdmxml/schemas/v2_1/common">Fondachelli-Fantina</Name>
          <Parent>
            <Ref id="ITG13" xmlns="" />
          </Parent>
        </Code>
        <Code id="083024" urn="urn:sdmx:org.sdmx.infomodel.codelist.Code=IT1:CL_REFAREA(1.2).083024">
          <Name xml:lang="it" xmlns="http://www.sdmx.org/resources/sdmxml/schemas/v2_1/common">Forza d'Agrò</Name>
          <Name xml:lang="en" xmlns="http://www.sdmx.org/resources/sdmxml/schemas/v2_1/common">Forza d'Agrò</Name>
          <Parent>
            <Ref id="ITG13" xmlns="" />
          </Parent>
        </Code>
        <Code id="083025" urn="urn:sdmx:org.sdmx.infomodel.codelist.Code=IT1:CL_REFAREA(1.2).083025">
          <Name xml:lang="it" xmlns="http://www.sdmx.org/resources/sdmxml/schemas/v2_1/common">Francavilla di Sicilia</Name>
          <Name xml:lang="en" xmlns="http://www.sdmx.org/resources/sdmxml/schemas/v2_1/common">Francavilla di Sicilia</Name>
          <Parent>
            <Ref id="ITG13" xmlns="" />
          </Parent>
        </Code>
        <Code id="083026" urn="urn:sdmx:org.sdmx.infomodel.codelist.Code=IT1:CL_REFAREA(1.2).083026">
          <Name xml:lang="it" xmlns="http://www.sdmx.org/resources/sdmxml/schemas/v2_1/common">Frazzanò</Name>
          <Name xml:lang="en" xmlns="http://www.sdmx.org/resources/sdmxml/schemas/v2_1/common">Frazzanò</Name>
          <Parent>
            <Ref id="ITG13" xmlns="" />
          </Parent>
        </Code>
        <Code id="083027" urn="urn:sdmx:org.sdmx.infomodel.codelist.Code=IT1:CL_REFAREA(1.2).083027">
          <Name xml:lang="it" xmlns="http://www.sdmx.org/resources/sdmxml/schemas/v2_1/common">Furci Siculo</Name>
          <Name xml:lang="en" xmlns="http://www.sdmx.org/resources/sdmxml/schemas/v2_1/common">Furci Siculo</Name>
          <Parent>
            <Ref id="ITG13" xmlns="" />
          </Parent>
        </Code>
        <Code id="083028" urn="urn:sdmx:org.sdmx.infomodel.codelist.Code=IT1:CL_REFAREA(1.2).083028">
          <Name xml:lang="it" xmlns="http://www.sdmx.org/resources/sdmxml/schemas/v2_1/common">Furnari</Name>
          <Name xml:lang="en" xmlns="http://www.sdmx.org/resources/sdmxml/schemas/v2_1/common">Furnari</Name>
          <Parent>
            <Ref id="ITG13" xmlns="" />
          </Parent>
        </Code>
        <Code id="083029" urn="urn:sdmx:org.sdmx.infomodel.codelist.Code=IT1:CL_REFAREA(1.2).083029">
          <Name xml:lang="it" xmlns="http://www.sdmx.org/resources/sdmxml/schemas/v2_1/common">Gaggi</Name>
          <Name xml:lang="en" xmlns="http://www.sdmx.org/resources/sdmxml/schemas/v2_1/common">Gaggi</Name>
          <Parent>
            <Ref id="ITG13" xmlns="" />
          </Parent>
        </Code>
        <Code id="083030" urn="urn:sdmx:org.sdmx.infomodel.codelist.Code=IT1:CL_REFAREA(1.2).083030">
          <Name xml:lang="it" xmlns="http://www.sdmx.org/resources/sdmxml/schemas/v2_1/common">Galati Mamertino</Name>
          <Name xml:lang="en" xmlns="http://www.sdmx.org/resources/sdmxml/schemas/v2_1/common">Galati Mamertino</Name>
          <Parent>
            <Ref id="ITG13" xmlns="" />
          </Parent>
        </Code>
        <Code id="083031" urn="urn:sdmx:org.sdmx.infomodel.codelist.Code=IT1:CL_REFAREA(1.2).083031">
          <Name xml:lang="it" xmlns="http://www.sdmx.org/resources/sdmxml/schemas/v2_1/common">Gallodoro</Name>
          <Name xml:lang="en" xmlns="http://www.sdmx.org/resources/sdmxml/schemas/v2_1/common">Gallodoro</Name>
          <Parent>
            <Ref id="ITG13" xmlns="" />
          </Parent>
        </Code>
        <Code id="083032" urn="urn:sdmx:org.sdmx.infomodel.codelist.Code=IT1:CL_REFAREA(1.2).083032">
          <Name xml:lang="it" xmlns="http://www.sdmx.org/resources/sdmxml/schemas/v2_1/common">Giardini-Naxos</Name>
          <Name xml:lang="en" xmlns="http://www.sdmx.org/resources/sdmxml/schemas/v2_1/common">Giardini-Naxos</Name>
          <Parent>
            <Ref id="ITG13" xmlns="" />
          </Parent>
        </Code>
        <Code id="083033" urn="urn:sdmx:org.sdmx.infomodel.codelist.Code=IT1:CL_REFAREA(1.2).083033">
          <Name xml:lang="it" xmlns="http://www.sdmx.org/resources/sdmxml/schemas/v2_1/common">Gioiosa Marea</Name>
          <Name xml:lang="en" xmlns="http://www.sdmx.org/resources/sdmxml/schemas/v2_1/common">Gioiosa Marea</Name>
          <Parent>
            <Ref id="ITG13" xmlns="" />
          </Parent>
        </Code>
        <Code id="083034" urn="urn:sdmx:org.sdmx.infomodel.codelist.Code=IT1:CL_REFAREA(1.2).083034">
          <Name xml:lang="it" xmlns="http://www.sdmx.org/resources/sdmxml/schemas/v2_1/common">Graniti</Name>
          <Name xml:lang="en" xmlns="http://www.sdmx.org/resources/sdmxml/schemas/v2_1/common">Graniti</Name>
          <Parent>
            <Ref id="ITG13" xmlns="" />
          </Parent>
        </Code>
        <Code id="083035" urn="urn:sdmx:org.sdmx.infomodel.codelist.Code=IT1:CL_REFAREA(1.2).083035">
          <Name xml:lang="it" xmlns="http://www.sdmx.org/resources/sdmxml/schemas/v2_1/common">Gualtieri Sicaminò</Name>
          <Name xml:lang="en" xmlns="http://www.sdmx.org/resources/sdmxml/schemas/v2_1/common">Gualtieri Sicaminò</Name>
          <Parent>
            <Ref id="ITG13" xmlns="" />
          </Parent>
        </Code>
        <Code id="083036" urn="urn:sdmx:org.sdmx.infomodel.codelist.Code=IT1:CL_REFAREA(1.2).083036">
          <Name xml:lang="it" xmlns="http://www.sdmx.org/resources/sdmxml/schemas/v2_1/common">Itala</Name>
          <Name xml:lang="en" xmlns="http://www.sdmx.org/resources/sdmxml/schemas/v2_1/common">Itala</Name>
          <Parent>
            <Ref id="ITG13" xmlns="" />
          </Parent>
        </Code>
        <Code id="083037" urn="urn:sdmx:org.sdmx.infomodel.codelist.Code=IT1:CL_REFAREA(1.2).083037">
          <Name xml:lang="it" xmlns="http://www.sdmx.org/resources/sdmxml/schemas/v2_1/common">Leni</Name>
          <Name xml:lang="en" xmlns="http://www.sdmx.org/resources/sdmxml/schemas/v2_1/common">Leni</Name>
          <Parent>
            <Ref id="ITG13" xmlns="" />
          </Parent>
        </Code>
        <Code id="083038" urn="urn:sdmx:org.sdmx.infomodel.codelist.Code=IT1:CL_REFAREA(1.2).083038">
          <Name xml:lang="it" xmlns="http://www.sdmx.org/resources/sdmxml/schemas/v2_1/common">Letojanni</Name>
          <Name xml:lang="en" xmlns="http://www.sdmx.org/resources/sdmxml/schemas/v2_1/common">Letojanni</Name>
          <Parent>
            <Ref id="ITG13" xmlns="" />
          </Parent>
        </Code>
        <Code id="083039" urn="urn:sdmx:org.sdmx.infomodel.codelist.Code=IT1:CL_REFAREA(1.2).083039">
          <Name xml:lang="it" xmlns="http://www.sdmx.org/resources/sdmxml/schemas/v2_1/common">Librizzi</Name>
          <Name xml:lang="en" xmlns="http://www.sdmx.org/resources/sdmxml/schemas/v2_1/common">Librizzi</Name>
          <Parent>
            <Ref id="ITG13" xmlns="" />
          </Parent>
        </Code>
        <Code id="083040" urn="urn:sdmx:org.sdmx.infomodel.codelist.Code=IT1:CL_REFAREA(1.2).083040">
          <Name xml:lang="it" xmlns="http://www.sdmx.org/resources/sdmxml/schemas/v2_1/common">Limina</Name>
          <Name xml:lang="en" xmlns="http://www.sdmx.org/resources/sdmxml/schemas/v2_1/common">Limina</Name>
          <Parent>
            <Ref id="ITG13" xmlns="" />
          </Parent>
        </Code>
        <Code id="083041" urn="urn:sdmx:org.sdmx.infomodel.codelist.Code=IT1:CL_REFAREA(1.2).083041">
          <Name xml:lang="it" xmlns="http://www.sdmx.org/resources/sdmxml/schemas/v2_1/common">Lipari</Name>
          <Name xml:lang="en" xmlns="http://www.sdmx.org/resources/sdmxml/schemas/v2_1/common">Lipari</Name>
          <Parent>
            <Ref id="ITG13" xmlns="" />
          </Parent>
        </Code>
        <Code id="083042" urn="urn:sdmx:org.sdmx.infomodel.codelist.Code=IT1:CL_REFAREA(1.2).083042">
          <Name xml:lang="it" xmlns="http://www.sdmx.org/resources/sdmxml/schemas/v2_1/common">Longi</Name>
          <Name xml:lang="en" xmlns="http://www.sdmx.org/resources/sdmxml/schemas/v2_1/common">Longi</Name>
          <Parent>
            <Ref id="ITG13" xmlns="" />
          </Parent>
        </Code>
        <Code id="083043" urn="urn:sdmx:org.sdmx.infomodel.codelist.Code=IT1:CL_REFAREA(1.2).083043">
          <Name xml:lang="it" xmlns="http://www.sdmx.org/resources/sdmxml/schemas/v2_1/common">Malfa</Name>
          <Name xml:lang="en" xmlns="http://www.sdmx.org/resources/sdmxml/schemas/v2_1/common">Malfa</Name>
          <Parent>
            <Ref id="ITG13" xmlns="" />
          </Parent>
        </Code>
        <Code id="083044" urn="urn:sdmx:org.sdmx.infomodel.codelist.Code=IT1:CL_REFAREA(1.2).083044">
          <Name xml:lang="it" xmlns="http://www.sdmx.org/resources/sdmxml/schemas/v2_1/common">Malvagna</Name>
          <Name xml:lang="en" xmlns="http://www.sdmx.org/resources/sdmxml/schemas/v2_1/common">Malvagna</Name>
          <Parent>
            <Ref id="ITG13" xmlns="" />
          </Parent>
        </Code>
        <Code id="083045" urn="urn:sdmx:org.sdmx.infomodel.codelist.Code=IT1:CL_REFAREA(1.2).083045">
          <Name xml:lang="it" xmlns="http://www.sdmx.org/resources/sdmxml/schemas/v2_1/common">Mandanici</Name>
          <Name xml:lang="en" xmlns="http://www.sdmx.org/resources/sdmxml/schemas/v2_1/common">Mandanici</Name>
          <Parent>
            <Ref id="ITG13" xmlns="" />
          </Parent>
        </Code>
        <Code id="083046" urn="urn:sdmx:org.sdmx.infomodel.codelist.Code=IT1:CL_REFAREA(1.2).083046">
          <Name xml:lang="it" xmlns="http://www.sdmx.org/resources/sdmxml/schemas/v2_1/common">Mazzarrà Sant'Andrea</Name>
          <Name xml:lang="en" xmlns="http://www.sdmx.org/resources/sdmxml/schemas/v2_1/common">Mazzarrà Sant'Andrea</Name>
          <Parent>
            <Ref id="ITG13" xmlns="" />
          </Parent>
        </Code>
        <Code id="083047" urn="urn:sdmx:org.sdmx.infomodel.codelist.Code=IT1:CL_REFAREA(1.2).083047">
          <Name xml:lang="it" xmlns="http://www.sdmx.org/resources/sdmxml/schemas/v2_1/common">Merì</Name>
          <Name xml:lang="en" xmlns="http://www.sdmx.org/resources/sdmxml/schemas/v2_1/common">Merì</Name>
          <Parent>
            <Ref id="ITG13" xmlns="" />
          </Parent>
        </Code>
        <Code id="083048" urn="urn:sdmx:org.sdmx.infomodel.codelist.Code=IT1:CL_REFAREA(1.2).083048">
          <Name xml:lang="it" xmlns="http://www.sdmx.org/resources/sdmxml/schemas/v2_1/common">Messina</Name>
          <Name xml:lang="en" xmlns="http://www.sdmx.org/resources/sdmxml/schemas/v2_1/common">Messina</Name>
          <Parent>
            <Ref id="ITG13" xmlns="" />
          </Parent>
        </Code>
        <Code id="083049" urn="urn:sdmx:org.sdmx.infomodel.codelist.Code=IT1:CL_REFAREA(1.2).083049">
          <Name xml:lang="it" xmlns="http://www.sdmx.org/resources/sdmxml/schemas/v2_1/common">Milazzo</Name>
          <Name xml:lang="en" xmlns="http://www.sdmx.org/resources/sdmxml/schemas/v2_1/common">Milazzo</Name>
          <Parent>
            <Ref id="ITG13" xmlns="" />
          </Parent>
        </Code>
        <Code id="083050" urn="urn:sdmx:org.sdmx.infomodel.codelist.Code=IT1:CL_REFAREA(1.2).083050">
          <Name xml:lang="it" xmlns="http://www.sdmx.org/resources/sdmxml/schemas/v2_1/common">Militello Rosmarino</Name>
          <Name xml:lang="en" xmlns="http://www.sdmx.org/resources/sdmxml/schemas/v2_1/common">Militello Rosmarino</Name>
          <Parent>
            <Ref id="ITG13" xmlns="" />
          </Parent>
        </Code>
        <Code id="083051" urn="urn:sdmx:org.sdmx.infomodel.codelist.Code=IT1:CL_REFAREA(1.2).083051">
          <Name xml:lang="it" xmlns="http://www.sdmx.org/resources/sdmxml/schemas/v2_1/common">Mirto</Name>
          <Name xml:lang="en" xmlns="http://www.sdmx.org/resources/sdmxml/schemas/v2_1/common">Mirto</Name>
          <Parent>
            <Ref id="ITG13" xmlns="" />
          </Parent>
        </Code>
        <Code id="083052" urn="urn:sdmx:org.sdmx.infomodel.codelist.Code=IT1:CL_REFAREA(1.2).083052">
          <Name xml:lang="it" xmlns="http://www.sdmx.org/resources/sdmxml/schemas/v2_1/common">Mistretta</Name>
          <Name xml:lang="en" xmlns="http://www.sdmx.org/resources/sdmxml/schemas/v2_1/common">Mistretta</Name>
          <Parent>
            <Ref id="ITG13" xmlns="" />
          </Parent>
        </Code>
        <Code id="083053" urn="urn:sdmx:org.sdmx.infomodel.codelist.Code=IT1:CL_REFAREA(1.2).083053">
          <Name xml:lang="it" xmlns="http://www.sdmx.org/resources/sdmxml/schemas/v2_1/common">Moio Alcantara</Name>
          <Name xml:lang="en" xmlns="http://www.sdmx.org/resources/sdmxml/schemas/v2_1/common">Moio Alcantara</Name>
          <Parent>
            <Ref id="ITG13" xmlns="" />
          </Parent>
        </Code>
        <Code id="083054" urn="urn:sdmx:org.sdmx.infomodel.codelist.Code=IT1:CL_REFAREA(1.2).083054">
          <Name xml:lang="it" xmlns="http://www.sdmx.org/resources/sdmxml/schemas/v2_1/common">Monforte San Giorgio</Name>
          <Name xml:lang="en" xmlns="http://www.sdmx.org/resources/sdmxml/schemas/v2_1/common">Monforte San Giorgio</Name>
          <Parent>
            <Ref id="ITG13" xmlns="" />
          </Parent>
        </Code>
        <Code id="083055" urn="urn:sdmx:org.sdmx.infomodel.codelist.Code=IT1:CL_REFAREA(1.2).083055">
          <Name xml:lang="it" xmlns="http://www.sdmx.org/resources/sdmxml/schemas/v2_1/common">Mongiuffi Melia</Name>
          <Name xml:lang="en" xmlns="http://www.sdmx.org/resources/sdmxml/schemas/v2_1/common">Mongiuffi Melia</Name>
          <Parent>
            <Ref id="ITG13" xmlns="" />
          </Parent>
        </Code>
        <Code id="083056" urn="urn:sdmx:org.sdmx.infomodel.codelist.Code=IT1:CL_REFAREA(1.2).083056">
          <Name xml:lang="it" xmlns="http://www.sdmx.org/resources/sdmxml/schemas/v2_1/common">Montagnareale</Name>
          <Name xml:lang="en" xmlns="http://www.sdmx.org/resources/sdmxml/schemas/v2_1/common">Montagnareale</Name>
          <Parent>
            <Ref id="ITG13" xmlns="" />
          </Parent>
        </Code>
        <Code id="083057" urn="urn:sdmx:org.sdmx.infomodel.codelist.Code=IT1:CL_REFAREA(1.2).083057">
          <Name xml:lang="it" xmlns="http://www.sdmx.org/resources/sdmxml/schemas/v2_1/common">Montalbano Elicona</Name>
          <Name xml:lang="en" xmlns="http://www.sdmx.org/resources/sdmxml/schemas/v2_1/common">Montalbano Elicona</Name>
          <Parent>
            <Ref id="ITG13" xmlns="" />
          </Parent>
        </Code>
        <Code id="083058" urn="urn:sdmx:org.sdmx.infomodel.codelist.Code=IT1:CL_REFAREA(1.2).083058">
          <Name xml:lang="it" xmlns="http://www.sdmx.org/resources/sdmxml/schemas/v2_1/common">Motta Camastra</Name>
          <Name xml:lang="en" xmlns="http://www.sdmx.org/resources/sdmxml/schemas/v2_1/common">Motta Camastra</Name>
          <Parent>
            <Ref id="ITG13" xmlns="" />
          </Parent>
        </Code>
        <Code id="083059" urn="urn:sdmx:org.sdmx.infomodel.codelist.Code=IT1:CL_REFAREA(1.2).083059">
          <Name xml:lang="it" xmlns="http://www.sdmx.org/resources/sdmxml/schemas/v2_1/common">Motta d'Affermo</Name>
          <Name xml:lang="en" xmlns="http://www.sdmx.org/resources/sdmxml/schemas/v2_1/common">Motta d'Affermo</Name>
          <Parent>
            <Ref id="ITG13" xmlns="" />
          </Parent>
        </Code>
        <Code id="083060" urn="urn:sdmx:org.sdmx.infomodel.codelist.Code=IT1:CL_REFAREA(1.2).083060">
          <Name xml:lang="it" xmlns="http://www.sdmx.org/resources/sdmxml/schemas/v2_1/common">Naso</Name>
          <Name xml:lang="en" xmlns="http://www.sdmx.org/resources/sdmxml/schemas/v2_1/common">Naso</Name>
          <Parent>
            <Ref id="ITG13" xmlns="" />
          </Parent>
        </Code>
        <Code id="083061" urn="urn:sdmx:org.sdmx.infomodel.codelist.Code=IT1:CL_REFAREA(1.2).083061">
          <Name xml:lang="it" xmlns="http://www.sdmx.org/resources/sdmxml/schemas/v2_1/common">Nizza di Sicilia</Name>
          <Name xml:lang="en" xmlns="http://www.sdmx.org/resources/sdmxml/schemas/v2_1/common">Nizza di Sicilia</Name>
          <Parent>
            <Ref id="ITG13" xmlns="" />
          </Parent>
        </Code>
        <Code id="083062" urn="urn:sdmx:org.sdmx.infomodel.codelist.Code=IT1:CL_REFAREA(1.2).083062">
          <Name xml:lang="it" xmlns="http://www.sdmx.org/resources/sdmxml/schemas/v2_1/common">Novara di Sicilia</Name>
          <Name xml:lang="en" xmlns="http://www.sdmx.org/resources/sdmxml/schemas/v2_1/common">Novara di Sicilia</Name>
          <Parent>
            <Ref id="ITG13" xmlns="" />
          </Parent>
        </Code>
        <Code id="083063" urn="urn:sdmx:org.sdmx.infomodel.codelist.Code=IT1:CL_REFAREA(1.2).083063">
          <Name xml:lang="it" xmlns="http://www.sdmx.org/resources/sdmxml/schemas/v2_1/common">Oliveri</Name>
          <Name xml:lang="en" xmlns="http://www.sdmx.org/resources/sdmxml/schemas/v2_1/common">Oliveri</Name>
          <Parent>
            <Ref id="ITG13" xmlns="" />
          </Parent>
        </Code>
        <Code id="083064" urn="urn:sdmx:org.sdmx.infomodel.codelist.Code=IT1:CL_REFAREA(1.2).083064">
          <Name xml:lang="it" xmlns="http://www.sdmx.org/resources/sdmxml/schemas/v2_1/common">Pace del Mela</Name>
          <Name xml:lang="en" xmlns="http://www.sdmx.org/resources/sdmxml/schemas/v2_1/common">Pace del Mela</Name>
          <Parent>
            <Ref id="ITG13" xmlns="" />
          </Parent>
        </Code>
        <Code id="083065" urn="urn:sdmx:org.sdmx.infomodel.codelist.Code=IT1:CL_REFAREA(1.2).083065">
          <Name xml:lang="it" xmlns="http://www.sdmx.org/resources/sdmxml/schemas/v2_1/common">Pagliara</Name>
          <Name xml:lang="en" xmlns="http://www.sdmx.org/resources/sdmxml/schemas/v2_1/common">Pagliara</Name>
          <Parent>
            <Ref id="ITG13" xmlns="" />
          </Parent>
        </Code>
        <Code id="083066" urn="urn:sdmx:org.sdmx.infomodel.codelist.Code=IT1:CL_REFAREA(1.2).083066">
          <Name xml:lang="it" xmlns="http://www.sdmx.org/resources/sdmxml/schemas/v2_1/common">Patti</Name>
          <Name xml:lang="en" xmlns="http://www.sdmx.org/resources/sdmxml/schemas/v2_1/common">Patti</Name>
          <Parent>
            <Ref id="ITG13" xmlns="" />
          </Parent>
        </Code>
        <Code id="083067" urn="urn:sdmx:org.sdmx.infomodel.codelist.Code=IT1:CL_REFAREA(1.2).083067">
          <Name xml:lang="it" xmlns="http://www.sdmx.org/resources/sdmxml/schemas/v2_1/common">Pettineo</Name>
          <Name xml:lang="en" xmlns="http://www.sdmx.org/resources/sdmxml/schemas/v2_1/common">Pettineo</Name>
          <Parent>
            <Ref id="ITG13" xmlns="" />
          </Parent>
        </Code>
        <Code id="083068" urn="urn:sdmx:org.sdmx.infomodel.codelist.Code=IT1:CL_REFAREA(1.2).083068">
          <Name xml:lang="it" xmlns="http://www.sdmx.org/resources/sdmxml/schemas/v2_1/common">Piraino</Name>
          <Name xml:lang="en" xmlns="http://www.sdmx.org/resources/sdmxml/schemas/v2_1/common">Piraino</Name>
          <Parent>
            <Ref id="ITG13" xmlns="" />
          </Parent>
        </Code>
        <Code id="083069" urn="urn:sdmx:org.sdmx.infomodel.codelist.Code=IT1:CL_REFAREA(1.2).083069">
          <Name xml:lang="it" xmlns="http://www.sdmx.org/resources/sdmxml/schemas/v2_1/common">Raccuja</Name>
          <Name xml:lang="en" xmlns="http://www.sdmx.org/resources/sdmxml/schemas/v2_1/common">Raccuja</Name>
          <Parent>
            <Ref id="ITG13" xmlns="" />
          </Parent>
        </Code>
        <Code id="083070" urn="urn:sdmx:org.sdmx.infomodel.codelist.Code=IT1:CL_REFAREA(1.2).083070">
          <Name xml:lang="it" xmlns="http://www.sdmx.org/resources/sdmxml/schemas/v2_1/common">Reitano</Name>
          <Name xml:lang="en" xmlns="http://www.sdmx.org/resources/sdmxml/schemas/v2_1/common">Reitano</Name>
          <Parent>
            <Ref id="ITG13" xmlns="" />
          </Parent>
        </Code>
        <Code id="083071" urn="urn:sdmx:org.sdmx.infomodel.codelist.Code=IT1:CL_REFAREA(1.2).083071">
          <Name xml:lang="it" xmlns="http://www.sdmx.org/resources/sdmxml/schemas/v2_1/common">Roccafiorita</Name>
          <Name xml:lang="en" xmlns="http://www.sdmx.org/resources/sdmxml/schemas/v2_1/common">Roccafiorita</Name>
          <Parent>
            <Ref id="ITG13" xmlns="" />
          </Parent>
        </Code>
        <Code id="083072" urn="urn:sdmx:org.sdmx.infomodel.codelist.Code=IT1:CL_REFAREA(1.2).083072">
          <Name xml:lang="it" xmlns="http://www.sdmx.org/resources/sdmxml/schemas/v2_1/common">Roccalumera</Name>
          <Name xml:lang="en" xmlns="http://www.sdmx.org/resources/sdmxml/schemas/v2_1/common">Roccalumera</Name>
          <Parent>
            <Ref id="ITG13" xmlns="" />
          </Parent>
        </Code>
        <Code id="083073" urn="urn:sdmx:org.sdmx.infomodel.codelist.Code=IT1:CL_REFAREA(1.2).083073">
          <Name xml:lang="it" xmlns="http://www.sdmx.org/resources/sdmxml/schemas/v2_1/common">Roccavaldina</Name>
          <Name xml:lang="en" xmlns="http://www.sdmx.org/resources/sdmxml/schemas/v2_1/common">Roccavaldina</Name>
          <Parent>
            <Ref id="ITG13" xmlns="" />
          </Parent>
        </Code>
        <Code id="083074" urn="urn:sdmx:org.sdmx.infomodel.codelist.Code=IT1:CL_REFAREA(1.2).083074">
          <Name xml:lang="it" xmlns="http://www.sdmx.org/resources/sdmxml/schemas/v2_1/common">Roccella Valdemone</Name>
          <Name xml:lang="en" xmlns="http://www.sdmx.org/resources/sdmxml/schemas/v2_1/common">Roccella Valdemone</Name>
          <Parent>
            <Ref id="ITG13" xmlns="" />
          </Parent>
        </Code>
        <Code id="083075" urn="urn:sdmx:org.sdmx.infomodel.codelist.Code=IT1:CL_REFAREA(1.2).083075">
          <Name xml:lang="it" xmlns="http://www.sdmx.org/resources/sdmxml/schemas/v2_1/common">Rodì Milici</Name>
          <Name xml:lang="en" xmlns="http://www.sdmx.org/resources/sdmxml/schemas/v2_1/common">Rodì Milici</Name>
          <Parent>
            <Ref id="ITG13" xmlns="" />
          </Parent>
        </Code>
        <Code id="083076" urn="urn:sdmx:org.sdmx.infomodel.codelist.Code=IT1:CL_REFAREA(1.2).083076">
          <Name xml:lang="it" xmlns="http://www.sdmx.org/resources/sdmxml/schemas/v2_1/common">Rometta</Name>
          <Name xml:lang="en" xmlns="http://www.sdmx.org/resources/sdmxml/schemas/v2_1/common">Rometta</Name>
          <Parent>
            <Ref id="ITG13" xmlns="" />
          </Parent>
        </Code>
        <Code id="083077" urn="urn:sdmx:org.sdmx.infomodel.codelist.Code=IT1:CL_REFAREA(1.2).083077">
          <Name xml:lang="it" xmlns="http://www.sdmx.org/resources/sdmxml/schemas/v2_1/common">San Filippo del Mela</Name>
          <Name xml:lang="en" xmlns="http://www.sdmx.org/resources/sdmxml/schemas/v2_1/common">San Filippo del Mela</Name>
          <Parent>
            <Ref id="ITG13" xmlns="" />
          </Parent>
        </Code>
        <Code id="083078" urn="urn:sdmx:org.sdmx.infomodel.codelist.Code=IT1:CL_REFAREA(1.2).083078">
          <Name xml:lang="it" xmlns="http://www.sdmx.org/resources/sdmxml/schemas/v2_1/common">San Fratello</Name>
          <Name xml:lang="en" xmlns="http://www.sdmx.org/resources/sdmxml/schemas/v2_1/common">San Fratello</Name>
          <Parent>
            <Ref id="ITG13" xmlns="" />
          </Parent>
        </Code>
        <Code id="083079" urn="urn:sdmx:org.sdmx.infomodel.codelist.Code=IT1:CL_REFAREA(1.2).083079">
          <Name xml:lang="it" xmlns="http://www.sdmx.org/resources/sdmxml/schemas/v2_1/common">San Marco d'Alunzio</Name>
          <Name xml:lang="en" xmlns="http://www.sdmx.org/resources/sdmxml/schemas/v2_1/common">San Marco d'Alunzio</Name>
          <Parent>
            <Ref id="ITG13" xmlns="" />
          </Parent>
        </Code>
        <Code id="083080" urn="urn:sdmx:org.sdmx.infomodel.codelist.Code=IT1:CL_REFAREA(1.2).083080">
          <Name xml:lang="it" xmlns="http://www.sdmx.org/resources/sdmxml/schemas/v2_1/common">San Pier Niceto</Name>
          <Name xml:lang="en" xmlns="http://www.sdmx.org/resources/sdmxml/schemas/v2_1/common">San Pier Niceto</Name>
          <Parent>
            <Ref id="ITG13" xmlns="" />
          </Parent>
        </Code>
        <Code id="083081" urn="urn:sdmx:org.sdmx.infomodel.codelist.Code=IT1:CL_REFAREA(1.2).083081">
          <Name xml:lang="it" xmlns="http://www.sdmx.org/resources/sdmxml/schemas/v2_1/common">San Piero Patti</Name>
          <Name xml:lang="en" xmlns="http://www.sdmx.org/resources/sdmxml/schemas/v2_1/common">San Piero Patti</Name>
          <Parent>
            <Ref id="ITG13" xmlns="" />
          </Parent>
        </Code>
        <Code id="083082" urn="urn:sdmx:org.sdmx.infomodel.codelist.Code=IT1:CL_REFAREA(1.2).083082">
          <Name xml:lang="it" xmlns="http://www.sdmx.org/resources/sdmxml/schemas/v2_1/common">San Salvatore di Fitalia</Name>
          <Name xml:lang="en" xmlns="http://www.sdmx.org/resources/sdmxml/schemas/v2_1/common">San Salvatore di Fitalia</Name>
          <Parent>
            <Ref id="ITG13" xmlns="" />
          </Parent>
        </Code>
        <Code id="083083" urn="urn:sdmx:org.sdmx.infomodel.codelist.Code=IT1:CL_REFAREA(1.2).083083">
          <Name xml:lang="it" xmlns="http://www.sdmx.org/resources/sdmxml/schemas/v2_1/common">Santa Domenica Vittoria</Name>
          <Name xml:lang="en" xmlns="http://www.sdmx.org/resources/sdmxml/schemas/v2_1/common">Santa Domenica Vittoria</Name>
          <Parent>
            <Ref id="ITG13" xmlns="" />
          </Parent>
        </Code>
        <Code id="083084" urn="urn:sdmx:org.sdmx.infomodel.codelist.Code=IT1:CL_REFAREA(1.2).083084">
          <Name xml:lang="it" xmlns="http://www.sdmx.org/resources/sdmxml/schemas/v2_1/common">Sant'Agata di Militello</Name>
          <Name xml:lang="en" xmlns="http://www.sdmx.org/resources/sdmxml/schemas/v2_1/common">Sant'Agata di Militello</Name>
          <Parent>
            <Ref id="ITG13" xmlns="" />
          </Parent>
        </Code>
        <Code id="083085" urn="urn:sdmx:org.sdmx.infomodel.codelist.Code=IT1:CL_REFAREA(1.2).083085">
          <Name xml:lang="it" xmlns="http://www.sdmx.org/resources/sdmxml/schemas/v2_1/common">Sant'Alessio Siculo</Name>
          <Name xml:lang="en" xmlns="http://www.sdmx.org/resources/sdmxml/schemas/v2_1/common">Sant'Alessio Siculo</Name>
          <Parent>
            <Ref id="ITG13" xmlns="" />
          </Parent>
        </Code>
        <Code id="083086" urn="urn:sdmx:org.sdmx.infomodel.codelist.Code=IT1:CL_REFAREA(1.2).083086">
          <Name xml:lang="it" xmlns="http://www.sdmx.org/resources/sdmxml/schemas/v2_1/common">Santa Lucia del Mela</Name>
          <Name xml:lang="en" xmlns="http://www.sdmx.org/resources/sdmxml/schemas/v2_1/common">Santa Lucia del Mela</Name>
          <Parent>
            <Ref id="ITG13" xmlns="" />
          </Parent>
        </Code>
        <Code id="083087" urn="urn:sdmx:org.sdmx.infomodel.codelist.Code=IT1:CL_REFAREA(1.2).083087">
          <Name xml:lang="it" xmlns="http://www.sdmx.org/resources/sdmxml/schemas/v2_1/common">Santa Marina Salina</Name>
          <Name xml:lang="en" xmlns="http://www.sdmx.org/resources/sdmxml/schemas/v2_1/common">Santa Marina Salina</Name>
          <Parent>
            <Ref id="ITG13" xmlns="" />
          </Parent>
        </Code>
        <Code id="083088" urn="urn:sdmx:org.sdmx.infomodel.codelist.Code=IT1:CL_REFAREA(1.2).083088">
          <Name xml:lang="it" xmlns="http://www.sdmx.org/resources/sdmxml/schemas/v2_1/common">Sant'Angelo di Brolo</Name>
          <Name xml:lang="en" xmlns="http://www.sdmx.org/resources/sdmxml/schemas/v2_1/common">Sant'Angelo di Brolo</Name>
          <Parent>
            <Ref id="ITG13" xmlns="" />
          </Parent>
        </Code>
        <Code id="083089" urn="urn:sdmx:org.sdmx.infomodel.codelist.Code=IT1:CL_REFAREA(1.2).083089">
          <Name xml:lang="it" xmlns="http://www.sdmx.org/resources/sdmxml/schemas/v2_1/common">Santa Teresa di Riva</Name>
          <Name xml:lang="en" xmlns="http://www.sdmx.org/resources/sdmxml/schemas/v2_1/common">Santa Teresa di Riva</Name>
          <Parent>
            <Ref id="ITG13" xmlns="" />
          </Parent>
        </Code>
        <Code id="083090" urn="urn:sdmx:org.sdmx.infomodel.codelist.Code=IT1:CL_REFAREA(1.2).083090">
          <Name xml:lang="it" xmlns="http://www.sdmx.org/resources/sdmxml/schemas/v2_1/common">San Teodoro</Name>
          <Name xml:lang="en" xmlns="http://www.sdmx.org/resources/sdmxml/schemas/v2_1/common">San Teodoro</Name>
          <Parent>
            <Ref id="ITG13" xmlns="" />
          </Parent>
        </Code>
        <Code id="083091" urn="urn:sdmx:org.sdmx.infomodel.codelist.Code=IT1:CL_REFAREA(1.2).083091">
          <Name xml:lang="it" xmlns="http://www.sdmx.org/resources/sdmxml/schemas/v2_1/common">Santo Stefano di Camastra</Name>
          <Name xml:lang="en" xmlns="http://www.sdmx.org/resources/sdmxml/schemas/v2_1/common">Santo Stefano di Camastra</Name>
          <Parent>
            <Ref id="ITG13" xmlns="" />
          </Parent>
        </Code>
        <Code id="083092" urn="urn:sdmx:org.sdmx.infomodel.codelist.Code=IT1:CL_REFAREA(1.2).083092">
          <Name xml:lang="it" xmlns="http://www.sdmx.org/resources/sdmxml/schemas/v2_1/common">Saponara</Name>
          <Name xml:lang="en" xmlns="http://www.sdmx.org/resources/sdmxml/schemas/v2_1/common">Saponara</Name>
          <Parent>
            <Ref id="ITG13" xmlns="" />
          </Parent>
        </Code>
        <Code id="083093" urn="urn:sdmx:org.sdmx.infomodel.codelist.Code=IT1:CL_REFAREA(1.2).083093">
          <Name xml:lang="it" xmlns="http://www.sdmx.org/resources/sdmxml/schemas/v2_1/common">Savoca</Name>
          <Name xml:lang="en" xmlns="http://www.sdmx.org/resources/sdmxml/schemas/v2_1/common">Savoca</Name>
          <Parent>
            <Ref id="ITG13" xmlns="" />
          </Parent>
        </Code>
        <Code id="083094" urn="urn:sdmx:org.sdmx.infomodel.codelist.Code=IT1:CL_REFAREA(1.2).083094">
          <Name xml:lang="it" xmlns="http://www.sdmx.org/resources/sdmxml/schemas/v2_1/common">Scaletta Zanclea</Name>
          <Name xml:lang="en" xmlns="http://www.sdmx.org/resources/sdmxml/schemas/v2_1/common">Scaletta Zanclea</Name>
          <Parent>
            <Ref id="ITG13" xmlns="" />
          </Parent>
        </Code>
        <Code id="083095" urn="urn:sdmx:org.sdmx.infomodel.codelist.Code=IT1:CL_REFAREA(1.2).083095">
          <Name xml:lang="it" xmlns="http://www.sdmx.org/resources/sdmxml/schemas/v2_1/common">Sinagra</Name>
          <Name xml:lang="en" xmlns="http://www.sdmx.org/resources/sdmxml/schemas/v2_1/common">Sinagra</Name>
          <Parent>
            <Ref id="ITG13" xmlns="" />
          </Parent>
        </Code>
        <Code id="083096" urn="urn:sdmx:org.sdmx.infomodel.codelist.Code=IT1:CL_REFAREA(1.2).083096">
          <Name xml:lang="it" xmlns="http://www.sdmx.org/resources/sdmxml/schemas/v2_1/common">Spadafora</Name>
          <Name xml:lang="en" xmlns="http://www.sdmx.org/resources/sdmxml/schemas/v2_1/common">Spadafora</Name>
          <Parent>
            <Ref id="ITG13" xmlns="" />
          </Parent>
        </Code>
        <Code id="083097" urn="urn:sdmx:org.sdmx.infomodel.codelist.Code=IT1:CL_REFAREA(1.2).083097">
          <Name xml:lang="it" xmlns="http://www.sdmx.org/resources/sdmxml/schemas/v2_1/common">Taormina</Name>
          <Name xml:lang="en" xmlns="http://www.sdmx.org/resources/sdmxml/schemas/v2_1/common">Taormina</Name>
          <Parent>
            <Ref id="ITG13" xmlns="" />
          </Parent>
        </Code>
        <Code id="083098" urn="urn:sdmx:org.sdmx.infomodel.codelist.Code=IT1:CL_REFAREA(1.2).083098">
          <Name xml:lang="it" xmlns="http://www.sdmx.org/resources/sdmxml/schemas/v2_1/common">Torregrotta</Name>
          <Name xml:lang="en" xmlns="http://www.sdmx.org/resources/sdmxml/schemas/v2_1/common">Torregrotta</Name>
          <Parent>
            <Ref id="ITG13" xmlns="" />
          </Parent>
        </Code>
        <Code id="083099" urn="urn:sdmx:org.sdmx.infomodel.codelist.Code=IT1:CL_REFAREA(1.2).083099">
          <Name xml:lang="it" xmlns="http://www.sdmx.org/resources/sdmxml/schemas/v2_1/common">Tortorici</Name>
          <Name xml:lang="en" xmlns="http://www.sdmx.org/resources/sdmxml/schemas/v2_1/common">Tortorici</Name>
          <Parent>
            <Ref id="ITG13" xmlns="" />
          </Parent>
        </Code>
        <Code id="083100" urn="urn:sdmx:org.sdmx.infomodel.codelist.Code=IT1:CL_REFAREA(1.2).083100">
          <Name xml:lang="it" xmlns="http://www.sdmx.org/resources/sdmxml/schemas/v2_1/common">Tripi</Name>
          <Name xml:lang="en" xmlns="http://www.sdmx.org/resources/sdmxml/schemas/v2_1/common">Tripi</Name>
          <Parent>
            <Ref id="ITG13" xmlns="" />
          </Parent>
        </Code>
        <Code id="083101" urn="urn:sdmx:org.sdmx.infomodel.codelist.Code=IT1:CL_REFAREA(1.2).083101">
          <Name xml:lang="it" xmlns="http://www.sdmx.org/resources/sdmxml/schemas/v2_1/common">Tusa</Name>
          <Name xml:lang="en" xmlns="http://www.sdmx.org/resources/sdmxml/schemas/v2_1/common">Tusa</Name>
          <Parent>
            <Ref id="ITG13" xmlns="" />
          </Parent>
        </Code>
        <Code id="083102" urn="urn:sdmx:org.sdmx.infomodel.codelist.Code=IT1:CL_REFAREA(1.2).083102">
          <Name xml:lang="it" xmlns="http://www.sdmx.org/resources/sdmxml/schemas/v2_1/common">Ucria</Name>
          <Name xml:lang="en" xmlns="http://www.sdmx.org/resources/sdmxml/schemas/v2_1/common">Ucria</Name>
          <Parent>
            <Ref id="ITG13" xmlns="" />
          </Parent>
        </Code>
        <Code id="083103" urn="urn:sdmx:org.sdmx.infomodel.codelist.Code=IT1:CL_REFAREA(1.2).083103">
          <Name xml:lang="it" xmlns="http://www.sdmx.org/resources/sdmxml/schemas/v2_1/common">Valdina</Name>
          <Name xml:lang="en" xmlns="http://www.sdmx.org/resources/sdmxml/schemas/v2_1/common">Valdina</Name>
          <Parent>
            <Ref id="ITG13" xmlns="" />
          </Parent>
        </Code>
        <Code id="083104" urn="urn:sdmx:org.sdmx.infomodel.codelist.Code=IT1:CL_REFAREA(1.2).083104">
          <Name xml:lang="it" xmlns="http://www.sdmx.org/resources/sdmxml/schemas/v2_1/common">Venetico</Name>
          <Name xml:lang="en" xmlns="http://www.sdmx.org/resources/sdmxml/schemas/v2_1/common">Venetico</Name>
          <Parent>
            <Ref id="ITG13" xmlns="" />
          </Parent>
        </Code>
        <Code id="083105" urn="urn:sdmx:org.sdmx.infomodel.codelist.Code=IT1:CL_REFAREA(1.2).083105">
          <Name xml:lang="it" xmlns="http://www.sdmx.org/resources/sdmxml/schemas/v2_1/common">Villafranca Tirrena</Name>
          <Name xml:lang="en" xmlns="http://www.sdmx.org/resources/sdmxml/schemas/v2_1/common">Villafranca Tirrena</Name>
          <Parent>
            <Ref id="ITG13" xmlns="" />
          </Parent>
        </Code>
        <Code id="083106" urn="urn:sdmx:org.sdmx.infomodel.codelist.Code=IT1:CL_REFAREA(1.2).083106">
          <Name xml:lang="it" xmlns="http://www.sdmx.org/resources/sdmxml/schemas/v2_1/common">Terme Vigliatore</Name>
          <Name xml:lang="en" xmlns="http://www.sdmx.org/resources/sdmxml/schemas/v2_1/common">Terme Vigliatore</Name>
          <Parent>
            <Ref id="ITG13" xmlns="" />
          </Parent>
        </Code>
        <Code id="083107" urn="urn:sdmx:org.sdmx.infomodel.codelist.Code=IT1:CL_REFAREA(1.2).083107">
          <Name xml:lang="it" xmlns="http://www.sdmx.org/resources/sdmxml/schemas/v2_1/common">Acquedolci</Name>
          <Name xml:lang="en" xmlns="http://www.sdmx.org/resources/sdmxml/schemas/v2_1/common">Acquedolci</Name>
          <Parent>
            <Ref id="ITG13" xmlns="" />
          </Parent>
        </Code>
        <Code id="083108" urn="urn:sdmx:org.sdmx.infomodel.codelist.Code=IT1:CL_REFAREA(1.2).083108">
          <Name xml:lang="it" xmlns="http://www.sdmx.org/resources/sdmxml/schemas/v2_1/common">Torrenova</Name>
          <Name xml:lang="en" xmlns="http://www.sdmx.org/resources/sdmxml/schemas/v2_1/common">Torrenova</Name>
          <Parent>
            <Ref id="ITG13" xmlns="" />
          </Parent>
        </Code>
        <Code id="084001" urn="urn:sdmx:org.sdmx.infomodel.codelist.Code=IT1:CL_REFAREA(1.2).084001">
          <Name xml:lang="it" xmlns="http://www.sdmx.org/resources/sdmxml/schemas/v2_1/common">Agrigento</Name>
          <Name xml:lang="en" xmlns="http://www.sdmx.org/resources/sdmxml/schemas/v2_1/common">Agrigento</Name>
          <Parent>
            <Ref id="ITG14" xmlns="" />
          </Parent>
        </Code>
        <Code id="084002" urn="urn:sdmx:org.sdmx.infomodel.codelist.Code=IT1:CL_REFAREA(1.2).084002">
          <Name xml:lang="it" xmlns="http://www.sdmx.org/resources/sdmxml/schemas/v2_1/common">Alessandria della Rocca</Name>
          <Name xml:lang="en" xmlns="http://www.sdmx.org/resources/sdmxml/schemas/v2_1/common">Alessandria della Rocca</Name>
          <Parent>
            <Ref id="ITG14" xmlns="" />
          </Parent>
        </Code>
        <Code id="084003" urn="urn:sdmx:org.sdmx.infomodel.codelist.Code=IT1:CL_REFAREA(1.2).084003">
          <Name xml:lang="it" xmlns="http://www.sdmx.org/resources/sdmxml/schemas/v2_1/common">Aragona</Name>
          <Name xml:lang="en" xmlns="http://www.sdmx.org/resources/sdmxml/schemas/v2_1/common">Aragona</Name>
          <Parent>
            <Ref id="ITG14" xmlns="" />
          </Parent>
        </Code>
        <Code id="084004" urn="urn:sdmx:org.sdmx.infomodel.codelist.Code=IT1:CL_REFAREA(1.2).084004">
          <Name xml:lang="it" xmlns="http://www.sdmx.org/resources/sdmxml/schemas/v2_1/common">Bivona</Name>
          <Name xml:lang="en" xmlns="http://www.sdmx.org/resources/sdmxml/schemas/v2_1/common">Bivona</Name>
          <Parent>
            <Ref id="ITG14" xmlns="" />
          </Parent>
        </Code>
        <Code id="084005" urn="urn:sdmx:org.sdmx.infomodel.codelist.Code=IT1:CL_REFAREA(1.2).084005">
          <Name xml:lang="it" xmlns="http://www.sdmx.org/resources/sdmxml/schemas/v2_1/common">Burgio</Name>
          <Name xml:lang="en" xmlns="http://www.sdmx.org/resources/sdmxml/schemas/v2_1/common">Burgio</Name>
          <Parent>
            <Ref id="ITG14" xmlns="" />
          </Parent>
        </Code>
        <Code id="084006" urn="urn:sdmx:org.sdmx.infomodel.codelist.Code=IT1:CL_REFAREA(1.2).084006">
          <Name xml:lang="it" xmlns="http://www.sdmx.org/resources/sdmxml/schemas/v2_1/common">Calamonaci</Name>
          <Name xml:lang="en" xmlns="http://www.sdmx.org/resources/sdmxml/schemas/v2_1/common">Calamonaci</Name>
          <Parent>
            <Ref id="ITG14" xmlns="" />
          </Parent>
        </Code>
        <Code id="084007" urn="urn:sdmx:org.sdmx.infomodel.codelist.Code=IT1:CL_REFAREA(1.2).084007">
          <Name xml:lang="it" xmlns="http://www.sdmx.org/resources/sdmxml/schemas/v2_1/common">Caltabellotta</Name>
          <Name xml:lang="en" xmlns="http://www.sdmx.org/resources/sdmxml/schemas/v2_1/common">Caltabellotta</Name>
          <Parent>
            <Ref id="ITG14" xmlns="" />
          </Parent>
        </Code>
        <Code id="084008" urn="urn:sdmx:org.sdmx.infomodel.codelist.Code=IT1:CL_REFAREA(1.2).084008">
          <Name xml:lang="it" xmlns="http://www.sdmx.org/resources/sdmxml/schemas/v2_1/common">Camastra</Name>
          <Name xml:lang="en" xmlns="http://www.sdmx.org/resources/sdmxml/schemas/v2_1/common">Camastra</Name>
          <Parent>
            <Ref id="ITG14" xmlns="" />
          </Parent>
        </Code>
        <Code id="084009" urn="urn:sdmx:org.sdmx.infomodel.codelist.Code=IT1:CL_REFAREA(1.2).084009">
          <Name xml:lang="it" xmlns="http://www.sdmx.org/resources/sdmxml/schemas/v2_1/common">Cammarata</Name>
          <Name xml:lang="en" xmlns="http://www.sdmx.org/resources/sdmxml/schemas/v2_1/common">Cammarata</Name>
          <Parent>
            <Ref id="ITG14" xmlns="" />
          </Parent>
        </Code>
        <Code id="084010" urn="urn:sdmx:org.sdmx.infomodel.codelist.Code=IT1:CL_REFAREA(1.2).084010">
          <Name xml:lang="it" xmlns="http://www.sdmx.org/resources/sdmxml/schemas/v2_1/common">Campobello di Licata</Name>
          <Name xml:lang="en" xmlns="http://www.sdmx.org/resources/sdmxml/schemas/v2_1/common">Campobello di Licata</Name>
          <Parent>
            <Ref id="ITG14" xmlns="" />
          </Parent>
        </Code>
        <Code id="084011" urn="urn:sdmx:org.sdmx.infomodel.codelist.Code=IT1:CL_REFAREA(1.2).084011">
          <Name xml:lang="it" xmlns="http://www.sdmx.org/resources/sdmxml/schemas/v2_1/common">Canicattì</Name>
          <Name xml:lang="en" xmlns="http://www.sdmx.org/resources/sdmxml/schemas/v2_1/common">Canicattì</Name>
          <Parent>
            <Ref id="ITG14" xmlns="" />
          </Parent>
        </Code>
        <Code id="084012" urn="urn:sdmx:org.sdmx.infomodel.codelist.Code=IT1:CL_REFAREA(1.2).084012">
          <Name xml:lang="it" xmlns="http://www.sdmx.org/resources/sdmxml/schemas/v2_1/common">Casteltermini</Name>
          <Name xml:lang="en" xmlns="http://www.sdmx.org/resources/sdmxml/schemas/v2_1/common">Casteltermini</Name>
          <Parent>
            <Ref id="ITG14" xmlns="" />
          </Parent>
        </Code>
        <Code id="084013" urn="urn:sdmx:org.sdmx.infomodel.codelist.Code=IT1:CL_REFAREA(1.2).084013">
          <Name xml:lang="it" xmlns="http://www.sdmx.org/resources/sdmxml/schemas/v2_1/common">Castrofilippo</Name>
          <Name xml:lang="en" xmlns="http://www.sdmx.org/resources/sdmxml/schemas/v2_1/common">Castrofilippo</Name>
          <Parent>
            <Ref id="ITG14" xmlns="" />
          </Parent>
        </Code>
        <Code id="084014" urn="urn:sdmx:org.sdmx.infomodel.codelist.Code=IT1:CL_REFAREA(1.2).084014">
          <Name xml:lang="it" xmlns="http://www.sdmx.org/resources/sdmxml/schemas/v2_1/common">Cattolica Eraclea</Name>
          <Name xml:lang="en" xmlns="http://www.sdmx.org/resources/sdmxml/schemas/v2_1/common">Cattolica Eraclea</Name>
          <Parent>
            <Ref id="ITG14" xmlns="" />
          </Parent>
        </Code>
        <Code id="084015" urn="urn:sdmx:org.sdmx.infomodel.codelist.Code=IT1:CL_REFAREA(1.2).084015">
          <Name xml:lang="it" xmlns="http://www.sdmx.org/resources/sdmxml/schemas/v2_1/common">Cianciana</Name>
          <Name xml:lang="en" xmlns="http://www.sdmx.org/resources/sdmxml/schemas/v2_1/common">Cianciana</Name>
          <Parent>
            <Ref id="ITG14" xmlns="" />
          </Parent>
        </Code>
        <Code id="084016" urn="urn:sdmx:org.sdmx.infomodel.codelist.Code=IT1:CL_REFAREA(1.2).084016">
          <Name xml:lang="it" xmlns="http://www.sdmx.org/resources/sdmxml/schemas/v2_1/common">Comitini</Name>
          <Name xml:lang="en" xmlns="http://www.sdmx.org/resources/sdmxml/schemas/v2_1/common">Comitini</Name>
          <Parent>
            <Ref id="ITG14" xmlns="" />
          </Parent>
        </Code>
        <Code id="084017" urn="urn:sdmx:org.sdmx.infomodel.codelist.Code=IT1:CL_REFAREA(1.2).084017">
          <Name xml:lang="it" xmlns="http://www.sdmx.org/resources/sdmxml/schemas/v2_1/common">Favara</Name>
          <Name xml:lang="en" xmlns="http://www.sdmx.org/resources/sdmxml/schemas/v2_1/common">Favara</Name>
          <Parent>
            <Ref id="ITG14" xmlns="" />
          </Parent>
        </Code>
        <Code id="084018" urn="urn:sdmx:org.sdmx.infomodel.codelist.Code=IT1:CL_REFAREA(1.2).084018">
          <Name xml:lang="it" xmlns="http://www.sdmx.org/resources/sdmxml/schemas/v2_1/common">Grotte</Name>
          <Name xml:lang="en" xmlns="http://www.sdmx.org/resources/sdmxml/schemas/v2_1/common">Grotte</Name>
          <Parent>
            <Ref id="ITG14" xmlns="" />
          </Parent>
        </Code>
        <Code id="084019" urn="urn:sdmx:org.sdmx.infomodel.codelist.Code=IT1:CL_REFAREA(1.2).084019">
          <Name xml:lang="it" xmlns="http://www.sdmx.org/resources/sdmxml/schemas/v2_1/common">Joppolo Giancaxio</Name>
          <Name xml:lang="en" xmlns="http://www.sdmx.org/resources/sdmxml/schemas/v2_1/common">Joppolo Giancaxio</Name>
          <Parent>
            <Ref id="ITG14" xmlns="" />
          </Parent>
        </Code>
        <Code id="084020" urn="urn:sdmx:org.sdmx.infomodel.codelist.Code=IT1:CL_REFAREA(1.2).084020">
          <Name xml:lang="it" xmlns="http://www.sdmx.org/resources/sdmxml/schemas/v2_1/common">Lampedusa e Linosa</Name>
          <Name xml:lang="en" xmlns="http://www.sdmx.org/resources/sdmxml/schemas/v2_1/common">Lampedusa e Linosa</Name>
          <Parent>
            <Ref id="ITG14" xmlns="" />
          </Parent>
        </Code>
        <Code id="084021" urn="urn:sdmx:org.sdmx.infomodel.codelist.Code=IT1:CL_REFAREA(1.2).084021">
          <Name xml:lang="it" xmlns="http://www.sdmx.org/resources/sdmxml/schemas/v2_1/common">Licata</Name>
          <Name xml:lang="en" xmlns="http://www.sdmx.org/resources/sdmxml/schemas/v2_1/common">Licata</Name>
          <Parent>
            <Ref id="ITG14" xmlns="" />
          </Parent>
        </Code>
        <Code id="084022" urn="urn:sdmx:org.sdmx.infomodel.codelist.Code=IT1:CL_REFAREA(1.2).084022">
          <Name xml:lang="it" xmlns="http://www.sdmx.org/resources/sdmxml/schemas/v2_1/common">Lucca Sicula</Name>
          <Name xml:lang="en" xmlns="http://www.sdmx.org/resources/sdmxml/schemas/v2_1/common">Lucca Sicula</Name>
          <Parent>
            <Ref id="ITG14" xmlns="" />
          </Parent>
        </Code>
        <Code id="084023" urn="urn:sdmx:org.sdmx.infomodel.codelist.Code=IT1:CL_REFAREA(1.2).084023">
          <Name xml:lang="it" xmlns="http://www.sdmx.org/resources/sdmxml/schemas/v2_1/common">Menfi</Name>
          <Name xml:lang="en" xmlns="http://www.sdmx.org/resources/sdmxml/schemas/v2_1/common">Menfi</Name>
          <Parent>
            <Ref id="ITG14" xmlns="" />
          </Parent>
        </Code>
        <Code id="084024" urn="urn:sdmx:org.sdmx.infomodel.codelist.Code=IT1:CL_REFAREA(1.2).084024">
          <Name xml:lang="it" xmlns="http://www.sdmx.org/resources/sdmxml/schemas/v2_1/common">Montallegro</Name>
          <Name xml:lang="en" xmlns="http://www.sdmx.org/resources/sdmxml/schemas/v2_1/common">Montallegro</Name>
          <Parent>
            <Ref id="ITG14" xmlns="" />
          </Parent>
        </Code>
        <Code id="084025" urn="urn:sdmx:org.sdmx.infomodel.codelist.Code=IT1:CL_REFAREA(1.2).084025">
          <Name xml:lang="it" xmlns="http://www.sdmx.org/resources/sdmxml/schemas/v2_1/common">Montevago</Name>
          <Name xml:lang="en" xmlns="http://www.sdmx.org/resources/sdmxml/schemas/v2_1/common">Montevago</Name>
          <Parent>
            <Ref id="ITG14" xmlns="" />
          </Parent>
        </Code>
        <Code id="084026" urn="urn:sdmx:org.sdmx.infomodel.codelist.Code=IT1:CL_REFAREA(1.2).084026">
          <Name xml:lang="it" xmlns="http://www.sdmx.org/resources/sdmxml/schemas/v2_1/common">Naro</Name>
          <Name xml:lang="en" xmlns="http://www.sdmx.org/resources/sdmxml/schemas/v2_1/common">Naro</Name>
          <Parent>
            <Ref id="ITG14" xmlns="" />
          </Parent>
        </Code>
        <Code id="084027" urn="urn:sdmx:org.sdmx.infomodel.codelist.Code=IT1:CL_REFAREA(1.2).084027">
          <Name xml:lang="it" xmlns="http://www.sdmx.org/resources/sdmxml/schemas/v2_1/common">Palma di Montechiaro</Name>
          <Name xml:lang="en" xmlns="http://www.sdmx.org/resources/sdmxml/schemas/v2_1/common">Palma di Montechiaro</Name>
          <Parent>
            <Ref id="ITG14" xmlns="" />
          </Parent>
        </Code>
        <Code id="084028" urn="urn:sdmx:org.sdmx.infomodel.codelist.Code=IT1:CL_REFAREA(1.2).084028">
          <Name xml:lang="it" xmlns="http://www.sdmx.org/resources/sdmxml/schemas/v2_1/common">Porto Empedocle</Name>
          <Name xml:lang="en" xmlns="http://www.sdmx.org/resources/sdmxml/schemas/v2_1/common">Porto Empedocle</Name>
          <Parent>
            <Ref id="ITG14" xmlns="" />
          </Parent>
        </Code>
        <Code id="084029" urn="urn:sdmx:org.sdmx.infomodel.codelist.Code=IT1:CL_REFAREA(1.2).084029">
          <Name xml:lang="it" xmlns="http://www.sdmx.org/resources/sdmxml/schemas/v2_1/common">Racalmuto</Name>
          <Name xml:lang="en" xmlns="http://www.sdmx.org/resources/sdmxml/schemas/v2_1/common">Racalmuto</Name>
          <Parent>
            <Ref id="ITG14" xmlns="" />
          </Parent>
        </Code>
        <Code id="084030" urn="urn:sdmx:org.sdmx.infomodel.codelist.Code=IT1:CL_REFAREA(1.2).084030">
          <Name xml:lang="it" xmlns="http://www.sdmx.org/resources/sdmxml/schemas/v2_1/common">Raffadali</Name>
          <Name xml:lang="en" xmlns="http://www.sdmx.org/resources/sdmxml/schemas/v2_1/common">Raffadali</Name>
          <Parent>
            <Ref id="ITG14" xmlns="" />
          </Parent>
        </Code>
        <Code id="084031" urn="urn:sdmx:org.sdmx.infomodel.codelist.Code=IT1:CL_REFAREA(1.2).084031">
          <Name xml:lang="it" xmlns="http://www.sdmx.org/resources/sdmxml/schemas/v2_1/common">Ravanusa</Name>
          <Name xml:lang="en" xmlns="http://www.sdmx.org/resources/sdmxml/schemas/v2_1/common">Ravanusa</Name>
          <Parent>
            <Ref id="ITG14" xmlns="" />
          </Parent>
        </Code>
        <Code id="084032" urn="urn:sdmx:org.sdmx.infomodel.codelist.Code=IT1:CL_REFAREA(1.2).084032">
          <Name xml:lang="it" xmlns="http://www.sdmx.org/resources/sdmxml/schemas/v2_1/common">Realmonte</Name>
          <Name xml:lang="en" xmlns="http://www.sdmx.org/resources/sdmxml/schemas/v2_1/common">Realmonte</Name>
          <Parent>
            <Ref id="ITG14" xmlns="" />
          </Parent>
        </Code>
        <Code id="084033" urn="urn:sdmx:org.sdmx.infomodel.codelist.Code=IT1:CL_REFAREA(1.2).084033">
          <Name xml:lang="it" xmlns="http://www.sdmx.org/resources/sdmxml/schemas/v2_1/common">Ribera</Name>
          <Name xml:lang="en" xmlns="http://www.sdmx.org/resources/sdmxml/schemas/v2_1/common">Ribera</Name>
          <Parent>
            <Ref id="ITG14" xmlns="" />
          </Parent>
        </Code>
        <Code id="084034" urn="urn:sdmx:org.sdmx.infomodel.codelist.Code=IT1:CL_REFAREA(1.2).084034">
          <Name xml:lang="it" xmlns="http://www.sdmx.org/resources/sdmxml/schemas/v2_1/common">Sambuca di Sicilia</Name>
          <Name xml:lang="en" xmlns="http://www.sdmx.org/resources/sdmxml/schemas/v2_1/common">Sambuca di Sicilia</Name>
          <Parent>
            <Ref id="ITG14" xmlns="" />
          </Parent>
        </Code>
        <Code id="084035" urn="urn:sdmx:org.sdmx.infomodel.codelist.Code=IT1:CL_REFAREA(1.2).084035">
          <Name xml:lang="it" xmlns="http://www.sdmx.org/resources/sdmxml/schemas/v2_1/common">San Biagio Platani</Name>
          <Name xml:lang="en" xmlns="http://www.sdmx.org/resources/sdmxml/schemas/v2_1/common">San Biagio Platani</Name>
          <Parent>
            <Ref id="ITG14" xmlns="" />
          </Parent>
        </Code>
        <Code id="084036" urn="urn:sdmx:org.sdmx.infomodel.codelist.Code=IT1:CL_REFAREA(1.2).084036">
          <Name xml:lang="it" xmlns="http://www.sdmx.org/resources/sdmxml/schemas/v2_1/common">San Giovanni Gemini</Name>
          <Name xml:lang="en" xmlns="http://www.sdmx.org/resources/sdmxml/schemas/v2_1/common">San Giovanni Gemini</Name>
          <Parent>
            <Ref id="ITG14" xmlns="" />
          </Parent>
        </Code>
        <Code id="084037" urn="urn:sdmx:org.sdmx.infomodel.codelist.Code=IT1:CL_REFAREA(1.2).084037">
          <Name xml:lang="it" xmlns="http://www.sdmx.org/resources/sdmxml/schemas/v2_1/common">Santa Elisabetta</Name>
          <Name xml:lang="en" xmlns="http://www.sdmx.org/resources/sdmxml/schemas/v2_1/common">Santa Elisabetta</Name>
          <Parent>
            <Ref id="ITG14" xmlns="" />
          </Parent>
        </Code>
        <Code id="084038" urn="urn:sdmx:org.sdmx.infomodel.codelist.Code=IT1:CL_REFAREA(1.2).084038">
          <Name xml:lang="it" xmlns="http://www.sdmx.org/resources/sdmxml/schemas/v2_1/common">Santa Margherita di Belice</Name>
          <Name xml:lang="en" xmlns="http://www.sdmx.org/resources/sdmxml/schemas/v2_1/common">Santa Margherita di Belice</Name>
          <Parent>
            <Ref id="ITG14" xmlns="" />
          </Parent>
        </Code>
        <Code id="084039" urn="urn:sdmx:org.sdmx.infomodel.codelist.Code=IT1:CL_REFAREA(1.2).084039">
          <Name xml:lang="it" xmlns="http://www.sdmx.org/resources/sdmxml/schemas/v2_1/common">Sant'Angelo Muxaro</Name>
          <Name xml:lang="en" xmlns="http://www.sdmx.org/resources/sdmxml/schemas/v2_1/common">Sant'Angelo Muxaro</Name>
          <Parent>
            <Ref id="ITG14" xmlns="" />
          </Parent>
        </Code>
        <Code id="084040" urn="urn:sdmx:org.sdmx.infomodel.codelist.Code=IT1:CL_REFAREA(1.2).084040">
          <Name xml:lang="it" xmlns="http://www.sdmx.org/resources/sdmxml/schemas/v2_1/common">Santo Stefano Quisquina</Name>
          <Name xml:lang="en" xmlns="http://www.sdmx.org/resources/sdmxml/schemas/v2_1/common">Santo Stefano Quisquina</Name>
          <Parent>
            <Ref id="ITG14" xmlns="" />
          </Parent>
        </Code>
        <Code id="084041" urn="urn:sdmx:org.sdmx.infomodel.codelist.Code=IT1:CL_REFAREA(1.2).084041">
          <Name xml:lang="it" xmlns="http://www.sdmx.org/resources/sdmxml/schemas/v2_1/common">Sciacca</Name>
          <Name xml:lang="en" xmlns="http://www.sdmx.org/resources/sdmxml/schemas/v2_1/common">Sciacca</Name>
          <Parent>
            <Ref id="ITG14" xmlns="" />
          </Parent>
        </Code>
        <Code id="084042" urn="urn:sdmx:org.sdmx.infomodel.codelist.Code=IT1:CL_REFAREA(1.2).084042">
          <Name xml:lang="it" xmlns="http://www.sdmx.org/resources/sdmxml/schemas/v2_1/common">Siculiana</Name>
          <Name xml:lang="en" xmlns="http://www.sdmx.org/resources/sdmxml/schemas/v2_1/common">Siculiana</Name>
          <Parent>
            <Ref id="ITG14" xmlns="" />
          </Parent>
        </Code>
        <Code id="084043" urn="urn:sdmx:org.sdmx.infomodel.codelist.Code=IT1:CL_REFAREA(1.2).084043">
          <Name xml:lang="it" xmlns="http://www.sdmx.org/resources/sdmxml/schemas/v2_1/common">Villafranca Sicula</Name>
          <Name xml:lang="en" xmlns="http://www.sdmx.org/resources/sdmxml/schemas/v2_1/common">Villafranca Sicula</Name>
          <Parent>
            <Ref id="ITG14" xmlns="" />
          </Parent>
        </Code>
        <Code id="085001" urn="urn:sdmx:org.sdmx.infomodel.codelist.Code=IT1:CL_REFAREA(1.2).085001">
          <Name xml:lang="it" xmlns="http://www.sdmx.org/resources/sdmxml/schemas/v2_1/common">Acquaviva Platani</Name>
          <Name xml:lang="en" xmlns="http://www.sdmx.org/resources/sdmxml/schemas/v2_1/common">Acquaviva Platani</Name>
          <Parent>
            <Ref id="ITG15" xmlns="" />
          </Parent>
        </Code>
        <Code id="085002" urn="urn:sdmx:org.sdmx.infomodel.codelist.Code=IT1:CL_REFAREA(1.2).085002">
          <Name xml:lang="it" xmlns="http://www.sdmx.org/resources/sdmxml/schemas/v2_1/common">Bompensiere</Name>
          <Name xml:lang="en" xmlns="http://www.sdmx.org/resources/sdmxml/schemas/v2_1/common">Bompensiere</Name>
          <Parent>
            <Ref id="ITG15" xmlns="" />
          </Parent>
        </Code>
        <Code id="085003" urn="urn:sdmx:org.sdmx.infomodel.codelist.Code=IT1:CL_REFAREA(1.2).085003">
          <Name xml:lang="it" xmlns="http://www.sdmx.org/resources/sdmxml/schemas/v2_1/common">Butera</Name>
          <Name xml:lang="en" xmlns="http://www.sdmx.org/resources/sdmxml/schemas/v2_1/common">Butera</Name>
          <Parent>
            <Ref id="ITG15" xmlns="" />
          </Parent>
        </Code>
        <Code id="085004" urn="urn:sdmx:org.sdmx.infomodel.codelist.Code=IT1:CL_REFAREA(1.2).085004">
          <Name xml:lang="it" xmlns="http://www.sdmx.org/resources/sdmxml/schemas/v2_1/common">Caltanissetta</Name>
          <Name xml:lang="en" xmlns="http://www.sdmx.org/resources/sdmxml/schemas/v2_1/common">Caltanissetta</Name>
          <Parent>
            <Ref id="ITG15" xmlns="" />
          </Parent>
        </Code>
        <Code id="085005" urn="urn:sdmx:org.sdmx.infomodel.codelist.Code=IT1:CL_REFAREA(1.2).085005">
          <Name xml:lang="it" xmlns="http://www.sdmx.org/resources/sdmxml/schemas/v2_1/common">Campofranco</Name>
          <Name xml:lang="en" xmlns="http://www.sdmx.org/resources/sdmxml/schemas/v2_1/common">Campofranco</Name>
          <Parent>
            <Ref id="ITG15" xmlns="" />
          </Parent>
        </Code>
        <Code id="085006" urn="urn:sdmx:org.sdmx.infomodel.codelist.Code=IT1:CL_REFAREA(1.2).085006">
          <Name xml:lang="it" xmlns="http://www.sdmx.org/resources/sdmxml/schemas/v2_1/common">Delia</Name>
          <Name xml:lang="en" xmlns="http://www.sdmx.org/resources/sdmxml/schemas/v2_1/common">Delia</Name>
          <Parent>
            <Ref id="ITG15" xmlns="" />
          </Parent>
        </Code>
        <Code id="085007" urn="urn:sdmx:org.sdmx.infomodel.codelist.Code=IT1:CL_REFAREA(1.2).085007">
          <Name xml:lang="it" xmlns="http://www.sdmx.org/resources/sdmxml/schemas/v2_1/common">Gela</Name>
          <Name xml:lang="en" xmlns="http://www.sdmx.org/resources/sdmxml/schemas/v2_1/common">Gela</Name>
          <Parent>
            <Ref id="ITG15" xmlns="" />
          </Parent>
        </Code>
        <Code id="085008" urn="urn:sdmx:org.sdmx.infomodel.codelist.Code=IT1:CL_REFAREA(1.2).085008">
          <Name xml:lang="it" xmlns="http://www.sdmx.org/resources/sdmxml/schemas/v2_1/common">Marianopoli</Name>
          <Name xml:lang="en" xmlns="http://www.sdmx.org/resources/sdmxml/schemas/v2_1/common">Marianopoli</Name>
          <Parent>
            <Ref id="ITG15" xmlns="" />
          </Parent>
        </Code>
        <Code id="085009" urn="urn:sdmx:org.sdmx.infomodel.codelist.Code=IT1:CL_REFAREA(1.2).085009">
          <Name xml:lang="it" xmlns="http://www.sdmx.org/resources/sdmxml/schemas/v2_1/common">Mazzarino</Name>
          <Name xml:lang="en" xmlns="http://www.sdmx.org/resources/sdmxml/schemas/v2_1/common">Mazzarino</Name>
          <Parent>
            <Ref id="ITG15" xmlns="" />
          </Parent>
        </Code>
        <Code id="085010" urn="urn:sdmx:org.sdmx.infomodel.codelist.Code=IT1:CL_REFAREA(1.2).085010">
          <Name xml:lang="it" xmlns="http://www.sdmx.org/resources/sdmxml/schemas/v2_1/common">Milena</Name>
          <Name xml:lang="en" xmlns="http://www.sdmx.org/resources/sdmxml/schemas/v2_1/common">Milena</Name>
          <Parent>
            <Ref id="ITG15" xmlns="" />
          </Parent>
        </Code>
        <Code id="085011" urn="urn:sdmx:org.sdmx.infomodel.codelist.Code=IT1:CL_REFAREA(1.2).085011">
          <Name xml:lang="it" xmlns="http://www.sdmx.org/resources/sdmxml/schemas/v2_1/common">Montedoro</Name>
          <Name xml:lang="en" xmlns="http://www.sdmx.org/resources/sdmxml/schemas/v2_1/common">Montedoro</Name>
          <Parent>
            <Ref id="ITG15" xmlns="" />
          </Parent>
        </Code>
        <Code id="085012" urn="urn:sdmx:org.sdmx.infomodel.codelist.Code=IT1:CL_REFAREA(1.2).085012">
          <Name xml:lang="it" xmlns="http://www.sdmx.org/resources/sdmxml/schemas/v2_1/common">Mussomeli</Name>
          <Name xml:lang="en" xmlns="http://www.sdmx.org/resources/sdmxml/schemas/v2_1/common">Mussomeli</Name>
          <Parent>
            <Ref id="ITG15" xmlns="" />
          </Parent>
        </Code>
        <Code id="085013" urn="urn:sdmx:org.sdmx.infomodel.codelist.Code=IT1:CL_REFAREA(1.2).085013">
          <Name xml:lang="it" xmlns="http://www.sdmx.org/resources/sdmxml/schemas/v2_1/common">Niscemi</Name>
          <Name xml:lang="en" xmlns="http://www.sdmx.org/resources/sdmxml/schemas/v2_1/common">Niscemi</Name>
          <Parent>
            <Ref id="ITG15" xmlns="" />
          </Parent>
        </Code>
        <Code id="085014" urn="urn:sdmx:org.sdmx.infomodel.codelist.Code=IT1:CL_REFAREA(1.2).085014">
          <Name xml:lang="it" xmlns="http://www.sdmx.org/resources/sdmxml/schemas/v2_1/common">Resuttano</Name>
          <Name xml:lang="en" xmlns="http://www.sdmx.org/resources/sdmxml/schemas/v2_1/common">Resuttano</Name>
          <Parent>
            <Ref id="ITG15" xmlns="" />
          </Parent>
        </Code>
        <Code id="085015" urn="urn:sdmx:org.sdmx.infomodel.codelist.Code=IT1:CL_REFAREA(1.2).085015">
          <Name xml:lang="it" xmlns="http://www.sdmx.org/resources/sdmxml/schemas/v2_1/common">Riesi</Name>
          <Name xml:lang="en" xmlns="http://www.sdmx.org/resources/sdmxml/schemas/v2_1/common">Riesi</Name>
          <Parent>
            <Ref id="ITG15" xmlns="" />
          </Parent>
        </Code>
        <Code id="085016" urn="urn:sdmx:org.sdmx.infomodel.codelist.Code=IT1:CL_REFAREA(1.2).085016">
          <Name xml:lang="it" xmlns="http://www.sdmx.org/resources/sdmxml/schemas/v2_1/common">San Cataldo</Name>
          <Name xml:lang="en" xmlns="http://www.sdmx.org/resources/sdmxml/schemas/v2_1/common">San Cataldo</Name>
          <Parent>
            <Ref id="ITG15" xmlns="" />
          </Parent>
        </Code>
        <Code id="085017" urn="urn:sdmx:org.sdmx.infomodel.codelist.Code=IT1:CL_REFAREA(1.2).085017">
          <Name xml:lang="it" xmlns="http://www.sdmx.org/resources/sdmxml/schemas/v2_1/common">Santa Caterina Villarmosa</Name>
          <Name xml:lang="en" xmlns="http://www.sdmx.org/resources/sdmxml/schemas/v2_1/common">Santa Caterina Villarmosa</Name>
          <Parent>
            <Ref id="ITG15" xmlns="" />
          </Parent>
        </Code>
        <Code id="085018" urn="urn:sdmx:org.sdmx.infomodel.codelist.Code=IT1:CL_REFAREA(1.2).085018">
          <Name xml:lang="it" xmlns="http://www.sdmx.org/resources/sdmxml/schemas/v2_1/common">Serradifalco</Name>
          <Name xml:lang="en" xmlns="http://www.sdmx.org/resources/sdmxml/schemas/v2_1/common">Serradifalco</Name>
          <Parent>
            <Ref id="ITG15" xmlns="" />
          </Parent>
        </Code>
        <Code id="085019" urn="urn:sdmx:org.sdmx.infomodel.codelist.Code=IT1:CL_REFAREA(1.2).085019">
          <Name xml:lang="it" xmlns="http://www.sdmx.org/resources/sdmxml/schemas/v2_1/common">Sommatino</Name>
          <Name xml:lang="en" xmlns="http://www.sdmx.org/resources/sdmxml/schemas/v2_1/common">Sommatino</Name>
          <Parent>
            <Ref id="ITG15" xmlns="" />
          </Parent>
        </Code>
        <Code id="085020" urn="urn:sdmx:org.sdmx.infomodel.codelist.Code=IT1:CL_REFAREA(1.2).085020">
          <Name xml:lang="it" xmlns="http://www.sdmx.org/resources/sdmxml/schemas/v2_1/common">Sutera</Name>
          <Name xml:lang="en" xmlns="http://www.sdmx.org/resources/sdmxml/schemas/v2_1/common">Sutera</Name>
          <Parent>
            <Ref id="ITG15" xmlns="" />
          </Parent>
        </Code>
        <Code id="085021" urn="urn:sdmx:org.sdmx.infomodel.codelist.Code=IT1:CL_REFAREA(1.2).085021">
          <Name xml:lang="it" xmlns="http://www.sdmx.org/resources/sdmxml/schemas/v2_1/common">Vallelunga Pratameno</Name>
          <Name xml:lang="en" xmlns="http://www.sdmx.org/resources/sdmxml/schemas/v2_1/common">Vallelunga Pratameno</Name>
          <Parent>
            <Ref id="ITG15" xmlns="" />
          </Parent>
        </Code>
        <Code id="085022" urn="urn:sdmx:org.sdmx.infomodel.codelist.Code=IT1:CL_REFAREA(1.2).085022">
          <Name xml:lang="it" xmlns="http://www.sdmx.org/resources/sdmxml/schemas/v2_1/common">Villalba</Name>
          <Name xml:lang="en" xmlns="http://www.sdmx.org/resources/sdmxml/schemas/v2_1/common">Villalba</Name>
          <Parent>
            <Ref id="ITG15" xmlns="" />
          </Parent>
        </Code>
        <Code id="086001" urn="urn:sdmx:org.sdmx.infomodel.codelist.Code=IT1:CL_REFAREA(1.2).086001">
          <Name xml:lang="it" xmlns="http://www.sdmx.org/resources/sdmxml/schemas/v2_1/common">Agira</Name>
          <Name xml:lang="en" xmlns="http://www.sdmx.org/resources/sdmxml/schemas/v2_1/common">Agira</Name>
          <Parent>
            <Ref id="ITG16" xmlns="" />
          </Parent>
        </Code>
        <Code id="086002" urn="urn:sdmx:org.sdmx.infomodel.codelist.Code=IT1:CL_REFAREA(1.2).086002">
          <Name xml:lang="it" xmlns="http://www.sdmx.org/resources/sdmxml/schemas/v2_1/common">Aidone</Name>
          <Name xml:lang="en" xmlns="http://www.sdmx.org/resources/sdmxml/schemas/v2_1/common">Aidone</Name>
          <Parent>
            <Ref id="ITG16" xmlns="" />
          </Parent>
        </Code>
        <Code id="086003" urn="urn:sdmx:org.sdmx.infomodel.codelist.Code=IT1:CL_REFAREA(1.2).086003">
          <Name xml:lang="it" xmlns="http://www.sdmx.org/resources/sdmxml/schemas/v2_1/common">Assoro</Name>
          <Name xml:lang="en" xmlns="http://www.sdmx.org/resources/sdmxml/schemas/v2_1/common">Assoro</Name>
          <Parent>
            <Ref id="ITG16" xmlns="" />
          </Parent>
        </Code>
        <Code id="086004" urn="urn:sdmx:org.sdmx.infomodel.codelist.Code=IT1:CL_REFAREA(1.2).086004">
          <Name xml:lang="it" xmlns="http://www.sdmx.org/resources/sdmxml/schemas/v2_1/common">Barrafranca</Name>
          <Name xml:lang="en" xmlns="http://www.sdmx.org/resources/sdmxml/schemas/v2_1/common">Barrafranca</Name>
          <Parent>
            <Ref id="ITG16" xmlns="" />
          </Parent>
        </Code>
        <Code id="086005" urn="urn:sdmx:org.sdmx.infomodel.codelist.Code=IT1:CL_REFAREA(1.2).086005">
          <Name xml:lang="it" xmlns="http://www.sdmx.org/resources/sdmxml/schemas/v2_1/common">Calascibetta</Name>
          <Name xml:lang="en" xmlns="http://www.sdmx.org/resources/sdmxml/schemas/v2_1/common">Calascibetta</Name>
          <Parent>
            <Ref id="ITG16" xmlns="" />
          </Parent>
        </Code>
        <Code id="086006" urn="urn:sdmx:org.sdmx.infomodel.codelist.Code=IT1:CL_REFAREA(1.2).086006">
          <Name xml:lang="it" xmlns="http://www.sdmx.org/resources/sdmxml/schemas/v2_1/common">Catenanuova</Name>
          <Name xml:lang="en" xmlns="http://www.sdmx.org/resources/sdmxml/schemas/v2_1/common">Catenanuova</Name>
          <Parent>
            <Ref id="ITG16" xmlns="" />
          </Parent>
        </Code>
        <Code id="086007" urn="urn:sdmx:org.sdmx.infomodel.codelist.Code=IT1:CL_REFAREA(1.2).086007">
          <Name xml:lang="it" xmlns="http://www.sdmx.org/resources/sdmxml/schemas/v2_1/common">Centuripe</Name>
          <Name xml:lang="en" xmlns="http://www.sdmx.org/resources/sdmxml/schemas/v2_1/common">Centuripe</Name>
          <Parent>
            <Ref id="ITG16" xmlns="" />
          </Parent>
        </Code>
        <Code id="086008" urn="urn:sdmx:org.sdmx.infomodel.codelist.Code=IT1:CL_REFAREA(1.2).086008">
          <Name xml:lang="it" xmlns="http://www.sdmx.org/resources/sdmxml/schemas/v2_1/common">Cerami</Name>
          <Name xml:lang="en" xmlns="http://www.sdmx.org/resources/sdmxml/schemas/v2_1/common">Cerami</Name>
          <Parent>
            <Ref id="ITG16" xmlns="" />
          </Parent>
        </Code>
        <Code id="086009" urn="urn:sdmx:org.sdmx.infomodel.codelist.Code=IT1:CL_REFAREA(1.2).086009">
          <Name xml:lang="it" xmlns="http://www.sdmx.org/resources/sdmxml/schemas/v2_1/common">Enna</Name>
          <Name xml:lang="en" xmlns="http://www.sdmx.org/resources/sdmxml/schemas/v2_1/common">Enna</Name>
          <Parent>
            <Ref id="ITG16" xmlns="" />
          </Parent>
        </Code>
        <Code id="086010" urn="urn:sdmx:org.sdmx.infomodel.codelist.Code=IT1:CL_REFAREA(1.2).086010">
          <Name xml:lang="it" xmlns="http://www.sdmx.org/resources/sdmxml/schemas/v2_1/common">Gagliano Castelferrato</Name>
          <Name xml:lang="en" xmlns="http://www.sdmx.org/resources/sdmxml/schemas/v2_1/common">Gagliano Castelferrato</Name>
          <Parent>
            <Ref id="ITG16" xmlns="" />
          </Parent>
        </Code>
        <Code id="086011" urn="urn:sdmx:org.sdmx.infomodel.codelist.Code=IT1:CL_REFAREA(1.2).086011">
          <Name xml:lang="it" xmlns="http://www.sdmx.org/resources/sdmxml/schemas/v2_1/common">Leonforte</Name>
          <Name xml:lang="en" xmlns="http://www.sdmx.org/resources/sdmxml/schemas/v2_1/common">Leonforte</Name>
          <Parent>
            <Ref id="ITG16" xmlns="" />
          </Parent>
        </Code>
        <Code id="086012" urn="urn:sdmx:org.sdmx.infomodel.codelist.Code=IT1:CL_REFAREA(1.2).086012">
          <Name xml:lang="it" xmlns="http://www.sdmx.org/resources/sdmxml/schemas/v2_1/common">Nicosia</Name>
          <Name xml:lang="en" xmlns="http://www.sdmx.org/resources/sdmxml/schemas/v2_1/common">Nicosia</Name>
          <Parent>
            <Ref id="ITG16" xmlns="" />
          </Parent>
        </Code>
        <Code id="086013" urn="urn:sdmx:org.sdmx.infomodel.codelist.Code=IT1:CL_REFAREA(1.2).086013">
          <Name xml:lang="it" xmlns="http://www.sdmx.org/resources/sdmxml/schemas/v2_1/common">Nissoria</Name>
          <Name xml:lang="en" xmlns="http://www.sdmx.org/resources/sdmxml/schemas/v2_1/common">Nissoria</Name>
          <Parent>
            <Ref id="ITG16" xmlns="" />
          </Parent>
        </Code>
        <Code id="086014" urn="urn:sdmx:org.sdmx.infomodel.codelist.Code=IT1:CL_REFAREA(1.2).086014">
          <Name xml:lang="it" xmlns="http://www.sdmx.org/resources/sdmxml/schemas/v2_1/common">Piazza Armerina</Name>
          <Name xml:lang="en" xmlns="http://www.sdmx.org/resources/sdmxml/schemas/v2_1/common">Piazza Armerina</Name>
          <Parent>
            <Ref id="ITG16" xmlns="" />
          </Parent>
        </Code>
        <Code id="086015" urn="urn:sdmx:org.sdmx.infomodel.codelist.Code=IT1:CL_REFAREA(1.2).086015">
          <Name xml:lang="it" xmlns="http://www.sdmx.org/resources/sdmxml/schemas/v2_1/common">Pietraperzia</Name>
          <Name xml:lang="en" xmlns="http://www.sdmx.org/resources/sdmxml/schemas/v2_1/common">Pietraperzia</Name>
          <Parent>
            <Ref id="ITG16" xmlns="" />
          </Parent>
        </Code>
        <Code id="086016" urn="urn:sdmx:org.sdmx.infomodel.codelist.Code=IT1:CL_REFAREA(1.2).086016">
          <Name xml:lang="it" xmlns="http://www.sdmx.org/resources/sdmxml/schemas/v2_1/common">Regalbuto</Name>
          <Name xml:lang="en" xmlns="http://www.sdmx.org/resources/sdmxml/schemas/v2_1/common">Regalbuto</Name>
          <Parent>
            <Ref id="ITG16" xmlns="" />
          </Parent>
        </Code>
        <Code id="086017" urn="urn:sdmx:org.sdmx.infomodel.codelist.Code=IT1:CL_REFAREA(1.2).086017">
          <Name xml:lang="it" xmlns="http://www.sdmx.org/resources/sdmxml/schemas/v2_1/common">Sperlinga</Name>
          <Name xml:lang="en" xmlns="http://www.sdmx.org/resources/sdmxml/schemas/v2_1/common">Sperlinga</Name>
          <Parent>
            <Ref id="ITG16" xmlns="" />
          </Parent>
        </Code>
        <Code id="086018" urn="urn:sdmx:org.sdmx.infomodel.codelist.Code=IT1:CL_REFAREA(1.2).086018">
          <Name xml:lang="it" xmlns="http://www.sdmx.org/resources/sdmxml/schemas/v2_1/common">Troina</Name>
          <Name xml:lang="en" xmlns="http://www.sdmx.org/resources/sdmxml/schemas/v2_1/common">Troina</Name>
          <Parent>
            <Ref id="ITG16" xmlns="" />
          </Parent>
        </Code>
        <Code id="086019" urn="urn:sdmx:org.sdmx.infomodel.codelist.Code=IT1:CL_REFAREA(1.2).086019">
          <Name xml:lang="it" xmlns="http://www.sdmx.org/resources/sdmxml/schemas/v2_1/common">Valguarnera Caropepe</Name>
          <Name xml:lang="en" xmlns="http://www.sdmx.org/resources/sdmxml/schemas/v2_1/common">Valguarnera Caropepe</Name>
          <Parent>
            <Ref id="ITG16" xmlns="" />
          </Parent>
        </Code>
        <Code id="086020" urn="urn:sdmx:org.sdmx.infomodel.codelist.Code=IT1:CL_REFAREA(1.2).086020">
          <Name xml:lang="it" xmlns="http://www.sdmx.org/resources/sdmxml/schemas/v2_1/common">Villarosa</Name>
          <Name xml:lang="en" xmlns="http://www.sdmx.org/resources/sdmxml/schemas/v2_1/common">Villarosa</Name>
          <Parent>
            <Ref id="ITG16" xmlns="" />
          </Parent>
        </Code>
        <Code id="087001" urn="urn:sdmx:org.sdmx.infomodel.codelist.Code=IT1:CL_REFAREA(1.2).087001">
          <Name xml:lang="it" xmlns="http://www.sdmx.org/resources/sdmxml/schemas/v2_1/common">Aci Bonaccorsi</Name>
          <Name xml:lang="en" xmlns="http://www.sdmx.org/resources/sdmxml/schemas/v2_1/common">Aci Bonaccorsi</Name>
          <Parent>
            <Ref id="ITG17" xmlns="" />
          </Parent>
        </Code>
        <Code id="087002" urn="urn:sdmx:org.sdmx.infomodel.codelist.Code=IT1:CL_REFAREA(1.2).087002">
          <Name xml:lang="it" xmlns="http://www.sdmx.org/resources/sdmxml/schemas/v2_1/common">Aci Castello</Name>
          <Name xml:lang="en" xmlns="http://www.sdmx.org/resources/sdmxml/schemas/v2_1/common">Aci Castello</Name>
          <Parent>
            <Ref id="ITG17" xmlns="" />
          </Parent>
        </Code>
        <Code id="087003" urn="urn:sdmx:org.sdmx.infomodel.codelist.Code=IT1:CL_REFAREA(1.2).087003">
          <Name xml:lang="it" xmlns="http://www.sdmx.org/resources/sdmxml/schemas/v2_1/common">Aci Catena</Name>
          <Name xml:lang="en" xmlns="http://www.sdmx.org/resources/sdmxml/schemas/v2_1/common">Aci Catena</Name>
          <Parent>
            <Ref id="ITG17" xmlns="" />
          </Parent>
        </Code>
        <Code id="087004" urn="urn:sdmx:org.sdmx.infomodel.codelist.Code=IT1:CL_REFAREA(1.2).087004">
          <Name xml:lang="it" xmlns="http://www.sdmx.org/resources/sdmxml/schemas/v2_1/common">Acireale</Name>
          <Name xml:lang="en" xmlns="http://www.sdmx.org/resources/sdmxml/schemas/v2_1/common">Acireale</Name>
          <Parent>
            <Ref id="ITG17" xmlns="" />
          </Parent>
        </Code>
        <Code id="087005" urn="urn:sdmx:org.sdmx.infomodel.codelist.Code=IT1:CL_REFAREA(1.2).087005">
          <Name xml:lang="it" xmlns="http://www.sdmx.org/resources/sdmxml/schemas/v2_1/common">Aci Sant'Antonio</Name>
          <Name xml:lang="en" xmlns="http://www.sdmx.org/resources/sdmxml/schemas/v2_1/common">Aci Sant'Antonio</Name>
          <Parent>
            <Ref id="ITG17" xmlns="" />
          </Parent>
        </Code>
        <Code id="087006" urn="urn:sdmx:org.sdmx.infomodel.codelist.Code=IT1:CL_REFAREA(1.2).087006">
          <Name xml:lang="it" xmlns="http://www.sdmx.org/resources/sdmxml/schemas/v2_1/common">Adrano</Name>
          <Name xml:lang="en" xmlns="http://www.sdmx.org/resources/sdmxml/schemas/v2_1/common">Adrano</Name>
          <Parent>
            <Ref id="ITG17" xmlns="" />
          </Parent>
        </Code>
        <Code id="087007" urn="urn:sdmx:org.sdmx.infomodel.codelist.Code=IT1:CL_REFAREA(1.2).087007">
          <Name xml:lang="it" xmlns="http://www.sdmx.org/resources/sdmxml/schemas/v2_1/common">Belpasso</Name>
          <Name xml:lang="en" xmlns="http://www.sdmx.org/resources/sdmxml/schemas/v2_1/common">Belpasso</Name>
          <Parent>
            <Ref id="ITG17" xmlns="" />
          </Parent>
        </Code>
        <Code id="087008" urn="urn:sdmx:org.sdmx.infomodel.codelist.Code=IT1:CL_REFAREA(1.2).087008">
          <Name xml:lang="it" xmlns="http://www.sdmx.org/resources/sdmxml/schemas/v2_1/common">Biancavilla</Name>
          <Name xml:lang="en" xmlns="http://www.sdmx.org/resources/sdmxml/schemas/v2_1/common">Biancavilla</Name>
          <Parent>
            <Ref id="ITG17" xmlns="" />
          </Parent>
        </Code>
        <Code id="087009" urn="urn:sdmx:org.sdmx.infomodel.codelist.Code=IT1:CL_REFAREA(1.2).087009">
          <Name xml:lang="it" xmlns="http://www.sdmx.org/resources/sdmxml/schemas/v2_1/common">Bronte</Name>
          <Name xml:lang="en" xmlns="http://www.sdmx.org/resources/sdmxml/schemas/v2_1/common">Bronte</Name>
          <Parent>
            <Ref id="ITG17" xmlns="" />
          </Parent>
        </Code>
        <Code id="087010" urn="urn:sdmx:org.sdmx.infomodel.codelist.Code=IT1:CL_REFAREA(1.2).087010">
          <Name xml:lang="it" xmlns="http://www.sdmx.org/resources/sdmxml/schemas/v2_1/common">Calatabiano</Name>
          <Name xml:lang="en" xmlns="http://www.sdmx.org/resources/sdmxml/schemas/v2_1/common">Calatabiano</Name>
          <Parent>
            <Ref id="ITG17" xmlns="" />
          </Parent>
        </Code>
        <Code id="087011" urn="urn:sdmx:org.sdmx.infomodel.codelist.Code=IT1:CL_REFAREA(1.2).087011">
          <Name xml:lang="it" xmlns="http://www.sdmx.org/resources/sdmxml/schemas/v2_1/common">Caltagirone</Name>
          <Name xml:lang="en" xmlns="http://www.sdmx.org/resources/sdmxml/schemas/v2_1/common">Caltagirone</Name>
          <Parent>
            <Ref id="ITG17" xmlns="" />
          </Parent>
        </Code>
        <Code id="087012" urn="urn:sdmx:org.sdmx.infomodel.codelist.Code=IT1:CL_REFAREA(1.2).087012">
          <Name xml:lang="it" xmlns="http://www.sdmx.org/resources/sdmxml/schemas/v2_1/common">Camporotondo Etneo</Name>
          <Name xml:lang="en" xmlns="http://www.sdmx.org/resources/sdmxml/schemas/v2_1/common">Camporotondo Etneo</Name>
          <Parent>
            <Ref id="ITG17" xmlns="" />
          </Parent>
        </Code>
        <Code id="087013" urn="urn:sdmx:org.sdmx.infomodel.codelist.Code=IT1:CL_REFAREA(1.2).087013">
          <Name xml:lang="it" xmlns="http://www.sdmx.org/resources/sdmxml/schemas/v2_1/common">Castel di Iudica</Name>
          <Name xml:lang="en" xmlns="http://www.sdmx.org/resources/sdmxml/schemas/v2_1/common">Castel di Iudica</Name>
          <Parent>
            <Ref id="ITG17" xmlns="" />
          </Parent>
        </Code>
        <Code id="087014" urn="urn:sdmx:org.sdmx.infomodel.codelist.Code=IT1:CL_REFAREA(1.2).087014">
          <Name xml:lang="it" xmlns="http://www.sdmx.org/resources/sdmxml/schemas/v2_1/common">Castiglione di Sicilia</Name>
          <Name xml:lang="en" xmlns="http://www.sdmx.org/resources/sdmxml/schemas/v2_1/common">Castiglione di Sicilia</Name>
          <Parent>
            <Ref id="ITG17" xmlns="" />
          </Parent>
        </Code>
        <Code id="087015" urn="urn:sdmx:org.sdmx.infomodel.codelist.Code=IT1:CL_REFAREA(1.2).087015">
          <Name xml:lang="it" xmlns="http://www.sdmx.org/resources/sdmxml/schemas/v2_1/common">Catania</Name>
          <Name xml:lang="en" xmlns="http://www.sdmx.org/resources/sdmxml/schemas/v2_1/common">Catania</Name>
          <Parent>
            <Ref id="ITG17" xmlns="" />
          </Parent>
        </Code>
        <Code id="087016" urn="urn:sdmx:org.sdmx.infomodel.codelist.Code=IT1:CL_REFAREA(1.2).087016">
          <Name xml:lang="it" xmlns="http://www.sdmx.org/resources/sdmxml/schemas/v2_1/common">Fiumefreddo di Sicilia</Name>
          <Name xml:lang="en" xmlns="http://www.sdmx.org/resources/sdmxml/schemas/v2_1/common">Fiumefreddo di Sicilia</Name>
          <Parent>
            <Ref id="ITG17" xmlns="" />
          </Parent>
        </Code>
        <Code id="087017" urn="urn:sdmx:org.sdmx.infomodel.codelist.Code=IT1:CL_REFAREA(1.2).087017">
          <Name xml:lang="it" xmlns="http://www.sdmx.org/resources/sdmxml/schemas/v2_1/common">Giarre</Name>
          <Name xml:lang="en" xmlns="http://www.sdmx.org/resources/sdmxml/schemas/v2_1/common">Giarre</Name>
          <Parent>
            <Ref id="ITG17" xmlns="" />
          </Parent>
        </Code>
        <Code id="087018" urn="urn:sdmx:org.sdmx.infomodel.codelist.Code=IT1:CL_REFAREA(1.2).087018">
          <Name xml:lang="it" xmlns="http://www.sdmx.org/resources/sdmxml/schemas/v2_1/common">Grammichele</Name>
          <Name xml:lang="en" xmlns="http://www.sdmx.org/resources/sdmxml/schemas/v2_1/common">Grammichele</Name>
          <Parent>
            <Ref id="ITG17" xmlns="" />
          </Parent>
        </Code>
        <Code id="087019" urn="urn:sdmx:org.sdmx.infomodel.codelist.Code=IT1:CL_REFAREA(1.2).087019">
          <Name xml:lang="it" xmlns="http://www.sdmx.org/resources/sdmxml/schemas/v2_1/common">Gravina di Catania</Name>
          <Name xml:lang="en" xmlns="http://www.sdmx.org/resources/sdmxml/schemas/v2_1/common">Gravina di Catania</Name>
          <Parent>
            <Ref id="ITG17" xmlns="" />
          </Parent>
        </Code>
        <Code id="087020" urn="urn:sdmx:org.sdmx.infomodel.codelist.Code=IT1:CL_REFAREA(1.2).087020">
          <Name xml:lang="it" xmlns="http://www.sdmx.org/resources/sdmxml/schemas/v2_1/common">Licodia Eubea</Name>
          <Name xml:lang="en" xmlns="http://www.sdmx.org/resources/sdmxml/schemas/v2_1/common">Licodia Eubea</Name>
          <Parent>
            <Ref id="ITG17" xmlns="" />
          </Parent>
        </Code>
        <Code id="087021" urn="urn:sdmx:org.sdmx.infomodel.codelist.Code=IT1:CL_REFAREA(1.2).087021">
          <Name xml:lang="it" xmlns="http://www.sdmx.org/resources/sdmxml/schemas/v2_1/common">Linguaglossa</Name>
          <Name xml:lang="en" xmlns="http://www.sdmx.org/resources/sdmxml/schemas/v2_1/common">Linguaglossa</Name>
          <Parent>
            <Ref id="ITG17" xmlns="" />
          </Parent>
        </Code>
        <Code id="087022" urn="urn:sdmx:org.sdmx.infomodel.codelist.Code=IT1:CL_REFAREA(1.2).087022">
          <Name xml:lang="it" xmlns="http://www.sdmx.org/resources/sdmxml/schemas/v2_1/common">Maletto</Name>
          <Name xml:lang="en" xmlns="http://www.sdmx.org/resources/sdmxml/schemas/v2_1/common">Maletto</Name>
          <Parent>
            <Ref id="ITG17" xmlns="" />
          </Parent>
        </Code>
        <Code id="087023" urn="urn:sdmx:org.sdmx.infomodel.codelist.Code=IT1:CL_REFAREA(1.2).087023">
          <Name xml:lang="it" xmlns="http://www.sdmx.org/resources/sdmxml/schemas/v2_1/common">Mascali</Name>
          <Name xml:lang="en" xmlns="http://www.sdmx.org/resources/sdmxml/schemas/v2_1/common">Mascali</Name>
          <Parent>
            <Ref id="ITG17" xmlns="" />
          </Parent>
        </Code>
        <Code id="087024" urn="urn:sdmx:org.sdmx.infomodel.codelist.Code=IT1:CL_REFAREA(1.2).087024">
          <Name xml:lang="it" xmlns="http://www.sdmx.org/resources/sdmxml/schemas/v2_1/common">Mascalucia</Name>
          <Name xml:lang="en" xmlns="http://www.sdmx.org/resources/sdmxml/schemas/v2_1/common">Mascalucia</Name>
          <Parent>
            <Ref id="ITG17" xmlns="" />
          </Parent>
        </Code>
        <Code id="087025" urn="urn:sdmx:org.sdmx.infomodel.codelist.Code=IT1:CL_REFAREA(1.2).087025">
          <Name xml:lang="it" xmlns="http://www.sdmx.org/resources/sdmxml/schemas/v2_1/common">Militello in Val di Catania</Name>
          <Name xml:lang="en" xmlns="http://www.sdmx.org/resources/sdmxml/schemas/v2_1/common">Militello in Val di Catania</Name>
          <Parent>
            <Ref id="ITG17" xmlns="" />
          </Parent>
        </Code>
        <Code id="087026" urn="urn:sdmx:org.sdmx.infomodel.codelist.Code=IT1:CL_REFAREA(1.2).087026">
          <Name xml:lang="it" xmlns="http://www.sdmx.org/resources/sdmxml/schemas/v2_1/common">Milo</Name>
          <Name xml:lang="en" xmlns="http://www.sdmx.org/resources/sdmxml/schemas/v2_1/common">Milo</Name>
          <Parent>
            <Ref id="ITG17" xmlns="" />
          </Parent>
        </Code>
        <Code id="087027" urn="urn:sdmx:org.sdmx.infomodel.codelist.Code=IT1:CL_REFAREA(1.2).087027">
          <Name xml:lang="it" xmlns="http://www.sdmx.org/resources/sdmxml/schemas/v2_1/common">Mineo</Name>
          <Name xml:lang="en" xmlns="http://www.sdmx.org/resources/sdmxml/schemas/v2_1/common">Mineo</Name>
          <Parent>
            <Ref id="ITG17" xmlns="" />
          </Parent>
        </Code>
        <Code id="087028" urn="urn:sdmx:org.sdmx.infomodel.codelist.Code=IT1:CL_REFAREA(1.2).087028">
          <Name xml:lang="it" xmlns="http://www.sdmx.org/resources/sdmxml/schemas/v2_1/common">Mirabella Imbaccari</Name>
          <Name xml:lang="en" xmlns="http://www.sdmx.org/resources/sdmxml/schemas/v2_1/common">Mirabella Imbaccari</Name>
          <Parent>
            <Ref id="ITG17" xmlns="" />
          </Parent>
        </Code>
        <Code id="087029" urn="urn:sdmx:org.sdmx.infomodel.codelist.Code=IT1:CL_REFAREA(1.2).087029">
          <Name xml:lang="it" xmlns="http://www.sdmx.org/resources/sdmxml/schemas/v2_1/common">Misterbianco</Name>
          <Name xml:lang="en" xmlns="http://www.sdmx.org/resources/sdmxml/schemas/v2_1/common">Misterbianco</Name>
          <Parent>
            <Ref id="ITG17" xmlns="" />
          </Parent>
        </Code>
        <Code id="087030" urn="urn:sdmx:org.sdmx.infomodel.codelist.Code=IT1:CL_REFAREA(1.2).087030">
          <Name xml:lang="it" xmlns="http://www.sdmx.org/resources/sdmxml/schemas/v2_1/common">Motta Sant'Anastasia</Name>
          <Name xml:lang="en" xmlns="http://www.sdmx.org/resources/sdmxml/schemas/v2_1/common">Motta Sant'Anastasia</Name>
          <Parent>
            <Ref id="ITG17" xmlns="" />
          </Parent>
        </Code>
        <Code id="087031" urn="urn:sdmx:org.sdmx.infomodel.codelist.Code=IT1:CL_REFAREA(1.2).087031">
          <Name xml:lang="it" xmlns="http://www.sdmx.org/resources/sdmxml/schemas/v2_1/common">Nicolosi</Name>
          <Name xml:lang="en" xmlns="http://www.sdmx.org/resources/sdmxml/schemas/v2_1/common">Nicolosi</Name>
          <Parent>
            <Ref id="ITG17" xmlns="" />
          </Parent>
        </Code>
        <Code id="087032" urn="urn:sdmx:org.sdmx.infomodel.codelist.Code=IT1:CL_REFAREA(1.2).087032">
          <Name xml:lang="it" xmlns="http://www.sdmx.org/resources/sdmxml/schemas/v2_1/common">Palagonia</Name>
          <Name xml:lang="en" xmlns="http://www.sdmx.org/resources/sdmxml/schemas/v2_1/common">Palagonia</Name>
          <Parent>
            <Ref id="ITG17" xmlns="" />
          </Parent>
        </Code>
        <Code id="087033" urn="urn:sdmx:org.sdmx.infomodel.codelist.Code=IT1:CL_REFAREA(1.2).087033">
          <Name xml:lang="it" xmlns="http://www.sdmx.org/resources/sdmxml/schemas/v2_1/common">Paternò</Name>
          <Name xml:lang="en" xmlns="http://www.sdmx.org/resources/sdmxml/schemas/v2_1/common">Paternò</Name>
          <Parent>
            <Ref id="ITG17" xmlns="" />
          </Parent>
        </Code>
        <Code id="087034" urn="urn:sdmx:org.sdmx.infomodel.codelist.Code=IT1:CL_REFAREA(1.2).087034">
          <Name xml:lang="it" xmlns="http://www.sdmx.org/resources/sdmxml/schemas/v2_1/common">Pedara</Name>
          <Name xml:lang="en" xmlns="http://www.sdmx.org/resources/sdmxml/schemas/v2_1/common">Pedara</Name>
          <Parent>
            <Ref id="ITG17" xmlns="" />
          </Parent>
        </Code>
        <Code id="087035" urn="urn:sdmx:org.sdmx.infomodel.codelist.Code=IT1:CL_REFAREA(1.2).087035">
          <Name xml:lang="it" xmlns="http://www.sdmx.org/resources/sdmxml/schemas/v2_1/common">Piedimonte Etneo</Name>
          <Name xml:lang="en" xmlns="http://www.sdmx.org/resources/sdmxml/schemas/v2_1/common">Piedimonte Etneo</Name>
          <Parent>
            <Ref id="ITG17" xmlns="" />
          </Parent>
        </Code>
        <Code id="087036" urn="urn:sdmx:org.sdmx.infomodel.codelist.Code=IT1:CL_REFAREA(1.2).087036">
          <Name xml:lang="it" xmlns="http://www.sdmx.org/resources/sdmxml/schemas/v2_1/common">Raddusa</Name>
          <Name xml:lang="en" xmlns="http://www.sdmx.org/resources/sdmxml/schemas/v2_1/common">Raddusa</Name>
          <Parent>
            <Ref id="ITG17" xmlns="" />
          </Parent>
        </Code>
        <Code id="087037" urn="urn:sdmx:org.sdmx.infomodel.codelist.Code=IT1:CL_REFAREA(1.2).087037">
          <Name xml:lang="it" xmlns="http://www.sdmx.org/resources/sdmxml/schemas/v2_1/common">Ramacca</Name>
          <Name xml:lang="en" xmlns="http://www.sdmx.org/resources/sdmxml/schemas/v2_1/common">Ramacca</Name>
          <Parent>
            <Ref id="ITG17" xmlns="" />
          </Parent>
        </Code>
        <Code id="087038" urn="urn:sdmx:org.sdmx.infomodel.codelist.Code=IT1:CL_REFAREA(1.2).087038">
          <Name xml:lang="it" xmlns="http://www.sdmx.org/resources/sdmxml/schemas/v2_1/common">Randazzo</Name>
          <Name xml:lang="en" xmlns="http://www.sdmx.org/resources/sdmxml/schemas/v2_1/common">Randazzo</Name>
          <Parent>
            <Ref id="ITG17" xmlns="" />
          </Parent>
        </Code>
        <Code id="087039" urn="urn:sdmx:org.sdmx.infomodel.codelist.Code=IT1:CL_REFAREA(1.2).087039">
          <Name xml:lang="it" xmlns="http://www.sdmx.org/resources/sdmxml/schemas/v2_1/common">Riposto</Name>
          <Name xml:lang="en" xmlns="http://www.sdmx.org/resources/sdmxml/schemas/v2_1/common">Riposto</Name>
          <Parent>
            <Ref id="ITG17" xmlns="" />
          </Parent>
        </Code>
        <Code id="087040" urn="urn:sdmx:org.sdmx.infomodel.codelist.Code=IT1:CL_REFAREA(1.2).087040">
          <Name xml:lang="it" xmlns="http://www.sdmx.org/resources/sdmxml/schemas/v2_1/common">San Cono</Name>
          <Name xml:lang="en" xmlns="http://www.sdmx.org/resources/sdmxml/schemas/v2_1/common">San Cono</Name>
          <Parent>
            <Ref id="ITG17" xmlns="" />
          </Parent>
        </Code>
        <Code id="087041" urn="urn:sdmx:org.sdmx.infomodel.codelist.Code=IT1:CL_REFAREA(1.2).087041">
          <Name xml:lang="it" xmlns="http://www.sdmx.org/resources/sdmxml/schemas/v2_1/common">San Giovanni la Punta</Name>
          <Name xml:lang="en" xmlns="http://www.sdmx.org/resources/sdmxml/schemas/v2_1/common">San Giovanni la Punta</Name>
          <Parent>
            <Ref id="ITG17" xmlns="" />
          </Parent>
        </Code>
        <Code id="087042" urn="urn:sdmx:org.sdmx.infomodel.codelist.Code=IT1:CL_REFAREA(1.2).087042">
          <Name xml:lang="it" xmlns="http://www.sdmx.org/resources/sdmxml/schemas/v2_1/common">San Gregorio di Catania</Name>
          <Name xml:lang="en" xmlns="http://www.sdmx.org/resources/sdmxml/schemas/v2_1/common">San Gregorio di Catania</Name>
          <Parent>
            <Ref id="ITG17" xmlns="" />
          </Parent>
        </Code>
        <Code id="087043" urn="urn:sdmx:org.sdmx.infomodel.codelist.Code=IT1:CL_REFAREA(1.2).087043">
          <Name xml:lang="it" xmlns="http://www.sdmx.org/resources/sdmxml/schemas/v2_1/common">San Michele di Ganzaria</Name>
          <Name xml:lang="en" xmlns="http://www.sdmx.org/resources/sdmxml/schemas/v2_1/common">San Michele di Ganzaria</Name>
          <Parent>
            <Ref id="ITG17" xmlns="" />
          </Parent>
        </Code>
        <Code id="087044" urn="urn:sdmx:org.sdmx.infomodel.codelist.Code=IT1:CL_REFAREA(1.2).087044">
          <Name xml:lang="it" xmlns="http://www.sdmx.org/resources/sdmxml/schemas/v2_1/common">San Pietro Clarenza</Name>
          <Name xml:lang="en" xmlns="http://www.sdmx.org/resources/sdmxml/schemas/v2_1/common">San Pietro Clarenza</Name>
          <Parent>
            <Ref id="ITG17" xmlns="" />
          </Parent>
        </Code>
        <Code id="087045" urn="urn:sdmx:org.sdmx.infomodel.codelist.Code=IT1:CL_REFAREA(1.2).087045">
          <Name xml:lang="it" xmlns="http://www.sdmx.org/resources/sdmxml/schemas/v2_1/common">Sant'Agata li Battiati</Name>
          <Name xml:lang="en" xmlns="http://www.sdmx.org/resources/sdmxml/schemas/v2_1/common">Sant'Agata li Battiati</Name>
          <Parent>
            <Ref id="ITG17" xmlns="" />
          </Parent>
        </Code>
        <Code id="087046" urn="urn:sdmx:org.sdmx.infomodel.codelist.Code=IT1:CL_REFAREA(1.2).087046">
          <Name xml:lang="it" xmlns="http://www.sdmx.org/resources/sdmxml/schemas/v2_1/common">Sant'Alfio</Name>
          <Name xml:lang="en" xmlns="http://www.sdmx.org/resources/sdmxml/schemas/v2_1/common">Sant'Alfio</Name>
          <Parent>
            <Ref id="ITG17" xmlns="" />
          </Parent>
        </Code>
        <Code id="087047" urn="urn:sdmx:org.sdmx.infomodel.codelist.Code=IT1:CL_REFAREA(1.2).087047">
          <Name xml:lang="it" xmlns="http://www.sdmx.org/resources/sdmxml/schemas/v2_1/common">Santa Maria di Licodia</Name>
          <Name xml:lang="en" xmlns="http://www.sdmx.org/resources/sdmxml/schemas/v2_1/common">Santa Maria di Licodia</Name>
          <Parent>
            <Ref id="ITG17" xmlns="" />
          </Parent>
        </Code>
        <Code id="087048" urn="urn:sdmx:org.sdmx.infomodel.codelist.Code=IT1:CL_REFAREA(1.2).087048">
          <Name xml:lang="it" xmlns="http://www.sdmx.org/resources/sdmxml/schemas/v2_1/common">Santa Venerina</Name>
          <Name xml:lang="en" xmlns="http://www.sdmx.org/resources/sdmxml/schemas/v2_1/common">Santa Venerina</Name>
          <Parent>
            <Ref id="ITG17" xmlns="" />
          </Parent>
        </Code>
        <Code id="087049" urn="urn:sdmx:org.sdmx.infomodel.codelist.Code=IT1:CL_REFAREA(1.2).087049">
          <Name xml:lang="it" xmlns="http://www.sdmx.org/resources/sdmxml/schemas/v2_1/common">Scordia</Name>
          <Name xml:lang="en" xmlns="http://www.sdmx.org/resources/sdmxml/schemas/v2_1/common">Scordia</Name>
          <Parent>
            <Ref id="ITG17" xmlns="" />
          </Parent>
        </Code>
        <Code id="087050" urn="urn:sdmx:org.sdmx.infomodel.codelist.Code=IT1:CL_REFAREA(1.2).087050">
          <Name xml:lang="it" xmlns="http://www.sdmx.org/resources/sdmxml/schemas/v2_1/common">Trecastagni</Name>
          <Name xml:lang="en" xmlns="http://www.sdmx.org/resources/sdmxml/schemas/v2_1/common">Trecastagni</Name>
          <Parent>
            <Ref id="ITG17" xmlns="" />
          </Parent>
        </Code>
        <Code id="087051" urn="urn:sdmx:org.sdmx.infomodel.codelist.Code=IT1:CL_REFAREA(1.2).087051">
          <Name xml:lang="it" xmlns="http://www.sdmx.org/resources/sdmxml/schemas/v2_1/common">Tremestieri Etneo</Name>
          <Name xml:lang="en" xmlns="http://www.sdmx.org/resources/sdmxml/schemas/v2_1/common">Tremestieri Etneo</Name>
          <Parent>
            <Ref id="ITG17" xmlns="" />
          </Parent>
        </Code>
        <Code id="087052" urn="urn:sdmx:org.sdmx.infomodel.codelist.Code=IT1:CL_REFAREA(1.2).087052">
          <Name xml:lang="it" xmlns="http://www.sdmx.org/resources/sdmxml/schemas/v2_1/common">Valverde</Name>
          <Name xml:lang="en" xmlns="http://www.sdmx.org/resources/sdmxml/schemas/v2_1/common">Valverde</Name>
          <Parent>
            <Ref id="ITG17" xmlns="" />
          </Parent>
        </Code>
        <Code id="087053" urn="urn:sdmx:org.sdmx.infomodel.codelist.Code=IT1:CL_REFAREA(1.2).087053">
          <Name xml:lang="it" xmlns="http://www.sdmx.org/resources/sdmxml/schemas/v2_1/common">Viagrande</Name>
          <Name xml:lang="en" xmlns="http://www.sdmx.org/resources/sdmxml/schemas/v2_1/common">Viagrande</Name>
          <Parent>
            <Ref id="ITG17" xmlns="" />
          </Parent>
        </Code>
        <Code id="087054" urn="urn:sdmx:org.sdmx.infomodel.codelist.Code=IT1:CL_REFAREA(1.2).087054">
          <Name xml:lang="it" xmlns="http://www.sdmx.org/resources/sdmxml/schemas/v2_1/common">Vizzini</Name>
          <Name xml:lang="en" xmlns="http://www.sdmx.org/resources/sdmxml/schemas/v2_1/common">Vizzini</Name>
          <Parent>
            <Ref id="ITG17" xmlns="" />
          </Parent>
        </Code>
        <Code id="087055" urn="urn:sdmx:org.sdmx.infomodel.codelist.Code=IT1:CL_REFAREA(1.2).087055">
          <Name xml:lang="it" xmlns="http://www.sdmx.org/resources/sdmxml/schemas/v2_1/common">Zafferana Etnea</Name>
          <Name xml:lang="en" xmlns="http://www.sdmx.org/resources/sdmxml/schemas/v2_1/common">Zafferana Etnea</Name>
          <Parent>
            <Ref id="ITG17" xmlns="" />
          </Parent>
        </Code>
        <Code id="087056" urn="urn:sdmx:org.sdmx.infomodel.codelist.Code=IT1:CL_REFAREA(1.2).087056">
          <Name xml:lang="it" xmlns="http://www.sdmx.org/resources/sdmxml/schemas/v2_1/common">Mazzarrone</Name>
          <Name xml:lang="en" xmlns="http://www.sdmx.org/resources/sdmxml/schemas/v2_1/common">Mazzarrone</Name>
          <Parent>
            <Ref id="ITG17" xmlns="" />
          </Parent>
        </Code>
        <Code id="087057" urn="urn:sdmx:org.sdmx.infomodel.codelist.Code=IT1:CL_REFAREA(1.2).087057">
          <Name xml:lang="it" xmlns="http://www.sdmx.org/resources/sdmxml/schemas/v2_1/common">Maniace</Name>
          <Name xml:lang="en" xmlns="http://www.sdmx.org/resources/sdmxml/schemas/v2_1/common">Maniace</Name>
          <Parent>
            <Ref id="ITG17" xmlns="" />
          </Parent>
        </Code>
        <Code id="087058" urn="urn:sdmx:org.sdmx.infomodel.codelist.Code=IT1:CL_REFAREA(1.2).087058">
          <Name xml:lang="it" xmlns="http://www.sdmx.org/resources/sdmxml/schemas/v2_1/common">Ragalna</Name>
          <Name xml:lang="en" xmlns="http://www.sdmx.org/resources/sdmxml/schemas/v2_1/common">Ragalna</Name>
          <Parent>
            <Ref id="ITG17" xmlns="" />
          </Parent>
        </Code>
        <Code id="088001" urn="urn:sdmx:org.sdmx.infomodel.codelist.Code=IT1:CL_REFAREA(1.2).088001">
          <Name xml:lang="it" xmlns="http://www.sdmx.org/resources/sdmxml/schemas/v2_1/common">Acate</Name>
          <Name xml:lang="en" xmlns="http://www.sdmx.org/resources/sdmxml/schemas/v2_1/common">Acate</Name>
          <Parent>
            <Ref id="ITG18" xmlns="" />
          </Parent>
        </Code>
        <Code id="088002" urn="urn:sdmx:org.sdmx.infomodel.codelist.Code=IT1:CL_REFAREA(1.2).088002">
          <Name xml:lang="it" xmlns="http://www.sdmx.org/resources/sdmxml/schemas/v2_1/common">Chiaramonte Gulfi</Name>
          <Name xml:lang="en" xmlns="http://www.sdmx.org/resources/sdmxml/schemas/v2_1/common">Chiaramonte Gulfi</Name>
          <Parent>
            <Ref id="ITG18" xmlns="" />
          </Parent>
        </Code>
        <Code id="088003" urn="urn:sdmx:org.sdmx.infomodel.codelist.Code=IT1:CL_REFAREA(1.2).088003">
          <Name xml:lang="it" xmlns="http://www.sdmx.org/resources/sdmxml/schemas/v2_1/common">Comiso</Name>
          <Name xml:lang="en" xmlns="http://www.sdmx.org/resources/sdmxml/schemas/v2_1/common">Comiso</Name>
          <Parent>
            <Ref id="ITG18" xmlns="" />
          </Parent>
        </Code>
        <Code id="088004" urn="urn:sdmx:org.sdmx.infomodel.codelist.Code=IT1:CL_REFAREA(1.2).088004">
          <Name xml:lang="it" xmlns="http://www.sdmx.org/resources/sdmxml/schemas/v2_1/common">Giarratana</Name>
          <Name xml:lang="en" xmlns="http://www.sdmx.org/resources/sdmxml/schemas/v2_1/common">Giarratana</Name>
          <Parent>
            <Ref id="ITG18" xmlns="" />
          </Parent>
        </Code>
        <Code id="088005" urn="urn:sdmx:org.sdmx.infomodel.codelist.Code=IT1:CL_REFAREA(1.2).088005">
          <Name xml:lang="it" xmlns="http://www.sdmx.org/resources/sdmxml/schemas/v2_1/common">Ispica</Name>
          <Name xml:lang="en" xmlns="http://www.sdmx.org/resources/sdmxml/schemas/v2_1/common">Ispica</Name>
          <Parent>
            <Ref id="ITG18" xmlns="" />
          </Parent>
        </Code>
        <Code id="088006" urn="urn:sdmx:org.sdmx.infomodel.codelist.Code=IT1:CL_REFAREA(1.2).088006">
          <Name xml:lang="it" xmlns="http://www.sdmx.org/resources/sdmxml/schemas/v2_1/common">Modica</Name>
          <Name xml:lang="en" xmlns="http://www.sdmx.org/resources/sdmxml/schemas/v2_1/common">Modica</Name>
          <Parent>
            <Ref id="ITG18" xmlns="" />
          </Parent>
        </Code>
        <Code id="088007" urn="urn:sdmx:org.sdmx.infomodel.codelist.Code=IT1:CL_REFAREA(1.2).088007">
          <Name xml:lang="it" xmlns="http://www.sdmx.org/resources/sdmxml/schemas/v2_1/common">Monterosso Almo</Name>
          <Name xml:lang="en" xmlns="http://www.sdmx.org/resources/sdmxml/schemas/v2_1/common">Monterosso Almo</Name>
          <Parent>
            <Ref id="ITG18" xmlns="" />
          </Parent>
        </Code>
        <Code id="088008" urn="urn:sdmx:org.sdmx.infomodel.codelist.Code=IT1:CL_REFAREA(1.2).088008">
          <Name xml:lang="it" xmlns="http://www.sdmx.org/resources/sdmxml/schemas/v2_1/common">Pozzallo</Name>
          <Name xml:lang="en" xmlns="http://www.sdmx.org/resources/sdmxml/schemas/v2_1/common">Pozzallo</Name>
          <Parent>
            <Ref id="ITG18" xmlns="" />
          </Parent>
        </Code>
        <Code id="088009" urn="urn:sdmx:org.sdmx.infomodel.codelist.Code=IT1:CL_REFAREA(1.2).088009">
          <Name xml:lang="it" xmlns="http://www.sdmx.org/resources/sdmxml/schemas/v2_1/common">Ragusa</Name>
          <Name xml:lang="en" xmlns="http://www.sdmx.org/resources/sdmxml/schemas/v2_1/common">Ragusa</Name>
          <Parent>
            <Ref id="ITG18" xmlns="" />
          </Parent>
        </Code>
        <Code id="088010" urn="urn:sdmx:org.sdmx.infomodel.codelist.Code=IT1:CL_REFAREA(1.2).088010">
          <Name xml:lang="it" xmlns="http://www.sdmx.org/resources/sdmxml/schemas/v2_1/common">Santa Croce Camerina</Name>
          <Name xml:lang="en" xmlns="http://www.sdmx.org/resources/sdmxml/schemas/v2_1/common">Santa Croce Camerina</Name>
          <Parent>
            <Ref id="ITG18" xmlns="" />
          </Parent>
        </Code>
        <Code id="088011" urn="urn:sdmx:org.sdmx.infomodel.codelist.Code=IT1:CL_REFAREA(1.2).088011">
          <Name xml:lang="it" xmlns="http://www.sdmx.org/resources/sdmxml/schemas/v2_1/common">Scicli</Name>
          <Name xml:lang="en" xmlns="http://www.sdmx.org/resources/sdmxml/schemas/v2_1/common">Scicli</Name>
          <Parent>
            <Ref id="ITG18" xmlns="" />
          </Parent>
        </Code>
        <Code id="088012" urn="urn:sdmx:org.sdmx.infomodel.codelist.Code=IT1:CL_REFAREA(1.2).088012">
          <Name xml:lang="it" xmlns="http://www.sdmx.org/resources/sdmxml/schemas/v2_1/common">Vittoria</Name>
          <Name xml:lang="en" xmlns="http://www.sdmx.org/resources/sdmxml/schemas/v2_1/common">Vittoria</Name>
          <Parent>
            <Ref id="ITG18" xmlns="" />
          </Parent>
        </Code>
        <Code id="089001" urn="urn:sdmx:org.sdmx.infomodel.codelist.Code=IT1:CL_REFAREA(1.2).089001">
          <Name xml:lang="it" xmlns="http://www.sdmx.org/resources/sdmxml/schemas/v2_1/common">Augusta</Name>
          <Name xml:lang="en" xmlns="http://www.sdmx.org/resources/sdmxml/schemas/v2_1/common">Augusta</Name>
          <Parent>
            <Ref id="ITG19" xmlns="" />
          </Parent>
        </Code>
        <Code id="089002" urn="urn:sdmx:org.sdmx.infomodel.codelist.Code=IT1:CL_REFAREA(1.2).089002">
          <Name xml:lang="it" xmlns="http://www.sdmx.org/resources/sdmxml/schemas/v2_1/common">Avola</Name>
          <Name xml:lang="en" xmlns="http://www.sdmx.org/resources/sdmxml/schemas/v2_1/common">Avola</Name>
          <Parent>
            <Ref id="ITG19" xmlns="" />
          </Parent>
        </Code>
        <Code id="089003" urn="urn:sdmx:org.sdmx.infomodel.codelist.Code=IT1:CL_REFAREA(1.2).089003">
          <Name xml:lang="it" xmlns="http://www.sdmx.org/resources/sdmxml/schemas/v2_1/common">Buccheri</Name>
          <Name xml:lang="en" xmlns="http://www.sdmx.org/resources/sdmxml/schemas/v2_1/common">Buccheri</Name>
          <Parent>
            <Ref id="ITG19" xmlns="" />
          </Parent>
        </Code>
        <Code id="089004" urn="urn:sdmx:org.sdmx.infomodel.codelist.Code=IT1:CL_REFAREA(1.2).089004">
          <Name xml:lang="it" xmlns="http://www.sdmx.org/resources/sdmxml/schemas/v2_1/common">Buscemi</Name>
          <Name xml:lang="en" xmlns="http://www.sdmx.org/resources/sdmxml/schemas/v2_1/common">Buscemi</Name>
          <Parent>
            <Ref id="ITG19" xmlns="" />
          </Parent>
        </Code>
        <Code id="089005" urn="urn:sdmx:org.sdmx.infomodel.codelist.Code=IT1:CL_REFAREA(1.2).089005">
          <Name xml:lang="it" xmlns="http://www.sdmx.org/resources/sdmxml/schemas/v2_1/common">Canicattini Bagni</Name>
          <Name xml:lang="en" xmlns="http://www.sdmx.org/resources/sdmxml/schemas/v2_1/common">Canicattini Bagni</Name>
          <Parent>
            <Ref id="ITG19" xmlns="" />
          </Parent>
        </Code>
        <Code id="089006" urn="urn:sdmx:org.sdmx.infomodel.codelist.Code=IT1:CL_REFAREA(1.2).089006">
          <Name xml:lang="it" xmlns="http://www.sdmx.org/resources/sdmxml/schemas/v2_1/common">Carlentini</Name>
          <Name xml:lang="en" xmlns="http://www.sdmx.org/resources/sdmxml/schemas/v2_1/common">Carlentini</Name>
          <Parent>
            <Ref id="ITG19" xmlns="" />
          </Parent>
        </Code>
        <Code id="089007" urn="urn:sdmx:org.sdmx.infomodel.codelist.Code=IT1:CL_REFAREA(1.2).089007">
          <Name xml:lang="it" xmlns="http://www.sdmx.org/resources/sdmxml/schemas/v2_1/common">Cassaro</Name>
          <Name xml:lang="en" xmlns="http://www.sdmx.org/resources/sdmxml/schemas/v2_1/common">Cassaro</Name>
          <Parent>
            <Ref id="ITG19" xmlns="" />
          </Parent>
        </Code>
        <Code id="089008" urn="urn:sdmx:org.sdmx.infomodel.codelist.Code=IT1:CL_REFAREA(1.2).089008">
          <Name xml:lang="it" xmlns="http://www.sdmx.org/resources/sdmxml/schemas/v2_1/common">Ferla</Name>
          <Name xml:lang="en" xmlns="http://www.sdmx.org/resources/sdmxml/schemas/v2_1/common">Ferla</Name>
          <Parent>
            <Ref id="ITG19" xmlns="" />
          </Parent>
        </Code>
        <Code id="089009" urn="urn:sdmx:org.sdmx.infomodel.codelist.Code=IT1:CL_REFAREA(1.2).089009">
          <Name xml:lang="it" xmlns="http://www.sdmx.org/resources/sdmxml/schemas/v2_1/common">Floridia</Name>
          <Name xml:lang="en" xmlns="http://www.sdmx.org/resources/sdmxml/schemas/v2_1/common">Floridia</Name>
          <Parent>
            <Ref id="ITG19" xmlns="" />
          </Parent>
        </Code>
        <Code id="089010" urn="urn:sdmx:org.sdmx.infomodel.codelist.Code=IT1:CL_REFAREA(1.2).089010">
          <Name xml:lang="it" xmlns="http://www.sdmx.org/resources/sdmxml/schemas/v2_1/common">Francofonte</Name>
          <Name xml:lang="en" xmlns="http://www.sdmx.org/resources/sdmxml/schemas/v2_1/common">Francofonte</Name>
          <Parent>
            <Ref id="ITG19" xmlns="" />
          </Parent>
        </Code>
        <Code id="089011" urn="urn:sdmx:org.sdmx.infomodel.codelist.Code=IT1:CL_REFAREA(1.2).089011">
          <Name xml:lang="it" xmlns="http://www.sdmx.org/resources/sdmxml/schemas/v2_1/common">Lentini</Name>
          <Name xml:lang="en" xmlns="http://www.sdmx.org/resources/sdmxml/schemas/v2_1/common">Lentini</Name>
          <Parent>
            <Ref id="ITG19" xmlns="" />
          </Parent>
        </Code>
        <Code id="089012" urn="urn:sdmx:org.sdmx.infomodel.codelist.Code=IT1:CL_REFAREA(1.2).089012">
          <Name xml:lang="it" xmlns="http://www.sdmx.org/resources/sdmxml/schemas/v2_1/common">Melilli</Name>
          <Name xml:lang="en" xmlns="http://www.sdmx.org/resources/sdmxml/schemas/v2_1/common">Melilli</Name>
          <Parent>
            <Ref id="ITG19" xmlns="" />
          </Parent>
        </Code>
        <Code id="089013" urn="urn:sdmx:org.sdmx.infomodel.codelist.Code=IT1:CL_REFAREA(1.2).089013">
          <Name xml:lang="it" xmlns="http://www.sdmx.org/resources/sdmxml/schemas/v2_1/common">Noto</Name>
          <Name xml:lang="en" xmlns="http://www.sdmx.org/resources/sdmxml/schemas/v2_1/common">Noto</Name>
          <Parent>
            <Ref id="ITG19" xmlns="" />
          </Parent>
        </Code>
        <Code id="089014" urn="urn:sdmx:org.sdmx.infomodel.codelist.Code=IT1:CL_REFAREA(1.2).089014">
          <Name xml:lang="it" xmlns="http://www.sdmx.org/resources/sdmxml/schemas/v2_1/common">Pachino</Name>
          <Name xml:lang="en" xmlns="http://www.sdmx.org/resources/sdmxml/schemas/v2_1/common">Pachino</Name>
          <Parent>
            <Ref id="ITG19" xmlns="" />
          </Parent>
        </Code>
        <Code id="089015" urn="urn:sdmx:org.sdmx.infomodel.codelist.Code=IT1:CL_REFAREA(1.2).089015">
          <Name xml:lang="it" xmlns="http://www.sdmx.org/resources/sdmxml/schemas/v2_1/common">Palazzolo Acreide</Name>
          <Name xml:lang="en" xmlns="http://www.sdmx.org/resources/sdmxml/schemas/v2_1/common">Palazzolo Acreide</Name>
          <Parent>
            <Ref id="ITG19" xmlns="" />
          </Parent>
        </Code>
        <Code id="089016" urn="urn:sdmx:org.sdmx.infomodel.codelist.Code=IT1:CL_REFAREA(1.2).089016">
          <Name xml:lang="it" xmlns="http://www.sdmx.org/resources/sdmxml/schemas/v2_1/common">Rosolini</Name>
          <Name xml:lang="en" xmlns="http://www.sdmx.org/resources/sdmxml/schemas/v2_1/common">Rosolini</Name>
          <Parent>
            <Ref id="ITG19" xmlns="" />
          </Parent>
        </Code>
        <Code id="089017" urn="urn:sdmx:org.sdmx.infomodel.codelist.Code=IT1:CL_REFAREA(1.2).089017">
          <Name xml:lang="it" xmlns="http://www.sdmx.org/resources/sdmxml/schemas/v2_1/common">Siracusa</Name>
          <Name xml:lang="en" xmlns="http://www.sdmx.org/resources/sdmxml/schemas/v2_1/common">Siracusa</Name>
          <Parent>
            <Ref id="ITG19" xmlns="" />
          </Parent>
        </Code>
        <Code id="089018" urn="urn:sdmx:org.sdmx.infomodel.codelist.Code=IT1:CL_REFAREA(1.2).089018">
          <Name xml:lang="it" xmlns="http://www.sdmx.org/resources/sdmxml/schemas/v2_1/common">Solarino</Name>
          <Name xml:lang="en" xmlns="http://www.sdmx.org/resources/sdmxml/schemas/v2_1/common">Solarino</Name>
          <Parent>
            <Ref id="ITG19" xmlns="" />
          </Parent>
        </Code>
        <Code id="089019" urn="urn:sdmx:org.sdmx.infomodel.codelist.Code=IT1:CL_REFAREA(1.2).089019">
          <Name xml:lang="it" xmlns="http://www.sdmx.org/resources/sdmxml/schemas/v2_1/common">Sortino</Name>
          <Name xml:lang="en" xmlns="http://www.sdmx.org/resources/sdmxml/schemas/v2_1/common">Sortino</Name>
          <Parent>
            <Ref id="ITG19" xmlns="" />
          </Parent>
        </Code>
        <Code id="089020" urn="urn:sdmx:org.sdmx.infomodel.codelist.Code=IT1:CL_REFAREA(1.2).089020">
          <Name xml:lang="it" xmlns="http://www.sdmx.org/resources/sdmxml/schemas/v2_1/common">Portopalo di Capo Passero</Name>
          <Name xml:lang="en" xmlns="http://www.sdmx.org/resources/sdmxml/schemas/v2_1/common">Portopalo di Capo Passero</Name>
          <Parent>
            <Ref id="ITG19" xmlns="" />
          </Parent>
        </Code>
        <Code id="089021" urn="urn:sdmx:org.sdmx.infomodel.codelist.Code=IT1:CL_REFAREA(1.2).089021">
          <Name xml:lang="it" xmlns="http://www.sdmx.org/resources/sdmxml/schemas/v2_1/common">Priolo Gargallo</Name>
          <Name xml:lang="en" xmlns="http://www.sdmx.org/resources/sdmxml/schemas/v2_1/common">Priolo Gargallo</Name>
          <Parent>
            <Ref id="ITG19" xmlns="" />
          </Parent>
        </Code>
        <Code id="090001" urn="urn:sdmx:org.sdmx.infomodel.codelist.Code=IT1:CL_REFAREA(1.2).090001">
          <Name xml:lang="it" xmlns="http://www.sdmx.org/resources/sdmxml/schemas/v2_1/common">Aggius</Name>
          <Name xml:lang="en" xmlns="http://www.sdmx.org/resources/sdmxml/schemas/v2_1/common">Aggius</Name>
          <Parent>
            <Ref id="ITG25" xmlns="" />
          </Parent>
        </Code>
        <Code id="090002" urn="urn:sdmx:org.sdmx.infomodel.codelist.Code=IT1:CL_REFAREA(1.2).090002">
          <Name xml:lang="it" xmlns="http://www.sdmx.org/resources/sdmxml/schemas/v2_1/common">Alà dei Sardi</Name>
          <Name xml:lang="en" xmlns="http://www.sdmx.org/resources/sdmxml/schemas/v2_1/common">Alà dei Sardi</Name>
          <Parent>
            <Ref id="ITG25" xmlns="" />
          </Parent>
        </Code>
        <Code id="090003" urn="urn:sdmx:org.sdmx.infomodel.codelist.Code=IT1:CL_REFAREA(1.2).090003">
          <Name xml:lang="it" xmlns="http://www.sdmx.org/resources/sdmxml/schemas/v2_1/common">Alghero</Name>
          <Name xml:lang="en" xmlns="http://www.sdmx.org/resources/sdmxml/schemas/v2_1/common">Alghero</Name>
          <Parent>
            <Ref id="ITG25" xmlns="" />
          </Parent>
        </Code>
        <Code id="090004" urn="urn:sdmx:org.sdmx.infomodel.codelist.Code=IT1:CL_REFAREA(1.2).090004">
          <Name xml:lang="it" xmlns="http://www.sdmx.org/resources/sdmxml/schemas/v2_1/common">Anela</Name>
          <Name xml:lang="en" xmlns="http://www.sdmx.org/resources/sdmxml/schemas/v2_1/common">Anela</Name>
          <Parent>
            <Ref id="ITG25" xmlns="" />
          </Parent>
        </Code>
        <Code id="090005" urn="urn:sdmx:org.sdmx.infomodel.codelist.Code=IT1:CL_REFAREA(1.2).090005">
          <Name xml:lang="it" xmlns="http://www.sdmx.org/resources/sdmxml/schemas/v2_1/common">Ardara</Name>
          <Name xml:lang="en" xmlns="http://www.sdmx.org/resources/sdmxml/schemas/v2_1/common">Ardara</Name>
          <Parent>
            <Ref id="ITG25" xmlns="" />
          </Parent>
        </Code>
        <Code id="090006" urn="urn:sdmx:org.sdmx.infomodel.codelist.Code=IT1:CL_REFAREA(1.2).090006">
          <Name xml:lang="it" xmlns="http://www.sdmx.org/resources/sdmxml/schemas/v2_1/common">Arzachena</Name>
          <Name xml:lang="en" xmlns="http://www.sdmx.org/resources/sdmxml/schemas/v2_1/common">Arzachena</Name>
          <Parent>
            <Ref id="ITG25" xmlns="" />
          </Parent>
        </Code>
        <Code id="090007" urn="urn:sdmx:org.sdmx.infomodel.codelist.Code=IT1:CL_REFAREA(1.2).090007">
          <Name xml:lang="it" xmlns="http://www.sdmx.org/resources/sdmxml/schemas/v2_1/common">Banari</Name>
          <Name xml:lang="en" xmlns="http://www.sdmx.org/resources/sdmxml/schemas/v2_1/common">Banari</Name>
          <Parent>
            <Ref id="ITG25" xmlns="" />
          </Parent>
        </Code>
        <Code id="090008" urn="urn:sdmx:org.sdmx.infomodel.codelist.Code=IT1:CL_REFAREA(1.2).090008">
          <Name xml:lang="it" xmlns="http://www.sdmx.org/resources/sdmxml/schemas/v2_1/common">Benetutti</Name>
          <Name xml:lang="en" xmlns="http://www.sdmx.org/resources/sdmxml/schemas/v2_1/common">Benetutti</Name>
          <Parent>
            <Ref id="ITG25" xmlns="" />
          </Parent>
        </Code>
        <Code id="090009" urn="urn:sdmx:org.sdmx.infomodel.codelist.Code=IT1:CL_REFAREA(1.2).090009">
          <Name xml:lang="it" xmlns="http://www.sdmx.org/resources/sdmxml/schemas/v2_1/common">Berchidda</Name>
          <Name xml:lang="en" xmlns="http://www.sdmx.org/resources/sdmxml/schemas/v2_1/common">Berchidda</Name>
          <Parent>
            <Ref id="ITG25" xmlns="" />
          </Parent>
        </Code>
        <Code id="090010" urn="urn:sdmx:org.sdmx.infomodel.codelist.Code=IT1:CL_REFAREA(1.2).090010">
          <Name xml:lang="it" xmlns="http://www.sdmx.org/resources/sdmxml/schemas/v2_1/common">Bessude</Name>
          <Name xml:lang="en" xmlns="http://www.sdmx.org/resources/sdmxml/schemas/v2_1/common">Bessude</Name>
          <Parent>
            <Ref id="ITG25" xmlns="" />
          </Parent>
        </Code>
        <Code id="090011" urn="urn:sdmx:org.sdmx.infomodel.codelist.Code=IT1:CL_REFAREA(1.2).090011">
          <Name xml:lang="it" xmlns="http://www.sdmx.org/resources/sdmxml/schemas/v2_1/common">Bonnanaro</Name>
          <Name xml:lang="en" xmlns="http://www.sdmx.org/resources/sdmxml/schemas/v2_1/common">Bonnanaro</Name>
          <Parent>
            <Ref id="ITG25" xmlns="" />
          </Parent>
        </Code>
        <Code id="090012" urn="urn:sdmx:org.sdmx.infomodel.codelist.Code=IT1:CL_REFAREA(1.2).090012">
          <Name xml:lang="it" xmlns="http://www.sdmx.org/resources/sdmxml/schemas/v2_1/common">Bono</Name>
          <Name xml:lang="en" xmlns="http://www.sdmx.org/resources/sdmxml/schemas/v2_1/common">Bono</Name>
          <Parent>
            <Ref id="ITG25" xmlns="" />
          </Parent>
        </Code>
        <Code id="090013" urn="urn:sdmx:org.sdmx.infomodel.codelist.Code=IT1:CL_REFAREA(1.2).090013">
          <Name xml:lang="it" xmlns="http://www.sdmx.org/resources/sdmxml/schemas/v2_1/common">Bonorva</Name>
          <Name xml:lang="en" xmlns="http://www.sdmx.org/resources/sdmxml/schemas/v2_1/common">Bonorva</Name>
          <Parent>
            <Ref id="ITG25" xmlns="" />
          </Parent>
        </Code>
        <Code id="090014" urn="urn:sdmx:org.sdmx.infomodel.codelist.Code=IT1:CL_REFAREA(1.2).090014">
          <Name xml:lang="it" xmlns="http://www.sdmx.org/resources/sdmxml/schemas/v2_1/common">Bortigiadas</Name>
          <Name xml:lang="en" xmlns="http://www.sdmx.org/resources/sdmxml/schemas/v2_1/common">Bortigiadas</Name>
          <Parent>
            <Ref id="ITG25" xmlns="" />
          </Parent>
        </Code>
        <Code id="090015" urn="urn:sdmx:org.sdmx.infomodel.codelist.Code=IT1:CL_REFAREA(1.2).090015">
          <Name xml:lang="it" xmlns="http://www.sdmx.org/resources/sdmxml/schemas/v2_1/common">Borutta</Name>
          <Name xml:lang="en" xmlns="http://www.sdmx.org/resources/sdmxml/schemas/v2_1/common">Borutta</Name>
          <Parent>
            <Ref id="ITG25" xmlns="" />
          </Parent>
        </Code>
        <Code id="090016" urn="urn:sdmx:org.sdmx.infomodel.codelist.Code=IT1:CL_REFAREA(1.2).090016">
          <Name xml:lang="it" xmlns="http://www.sdmx.org/resources/sdmxml/schemas/v2_1/common">Bottidda</Name>
          <Name xml:lang="en" xmlns="http://www.sdmx.org/resources/sdmxml/schemas/v2_1/common">Bottidda</Name>
          <Parent>
            <Ref id="ITG25" xmlns="" />
          </Parent>
        </Code>
        <Code id="090017" urn="urn:sdmx:org.sdmx.infomodel.codelist.Code=IT1:CL_REFAREA(1.2).090017">
          <Name xml:lang="it" xmlns="http://www.sdmx.org/resources/sdmxml/schemas/v2_1/common">Buddusò</Name>
          <Name xml:lang="en" xmlns="http://www.sdmx.org/resources/sdmxml/schemas/v2_1/common">Buddusò</Name>
          <Parent>
            <Ref id="ITG25" xmlns="" />
          </Parent>
        </Code>
        <Code id="090018" urn="urn:sdmx:org.sdmx.infomodel.codelist.Code=IT1:CL_REFAREA(1.2).090018">
          <Name xml:lang="it" xmlns="http://www.sdmx.org/resources/sdmxml/schemas/v2_1/common">Bultei</Name>
          <Name xml:lang="en" xmlns="http://www.sdmx.org/resources/sdmxml/schemas/v2_1/common">Bultei</Name>
          <Parent>
            <Ref id="ITG25" xmlns="" />
          </Parent>
        </Code>
        <Code id="090019" urn="urn:sdmx:org.sdmx.infomodel.codelist.Code=IT1:CL_REFAREA(1.2).090019">
          <Name xml:lang="it" xmlns="http://www.sdmx.org/resources/sdmxml/schemas/v2_1/common">Bulzi</Name>
          <Name xml:lang="en" xmlns="http://www.sdmx.org/resources/sdmxml/schemas/v2_1/common">Bulzi</Name>
          <Parent>
            <Ref id="ITG25" xmlns="" />
          </Parent>
        </Code>
        <Code id="090020" urn="urn:sdmx:org.sdmx.infomodel.codelist.Code=IT1:CL_REFAREA(1.2).090020">
          <Name xml:lang="it" xmlns="http://www.sdmx.org/resources/sdmxml/schemas/v2_1/common">Burgos</Name>
          <Name xml:lang="en" xmlns="http://www.sdmx.org/resources/sdmxml/schemas/v2_1/common">Burgos</Name>
          <Parent>
            <Ref id="ITG25" xmlns="" />
          </Parent>
        </Code>
        <Code id="090021" urn="urn:sdmx:org.sdmx.infomodel.codelist.Code=IT1:CL_REFAREA(1.2).090021">
          <Name xml:lang="it" xmlns="http://www.sdmx.org/resources/sdmxml/schemas/v2_1/common">Calangianus</Name>
          <Name xml:lang="en" xmlns="http://www.sdmx.org/resources/sdmxml/schemas/v2_1/common">Calangianus</Name>
          <Parent>
            <Ref id="ITG25" xmlns="" />
          </Parent>
        </Code>
        <Code id="090022" urn="urn:sdmx:org.sdmx.infomodel.codelist.Code=IT1:CL_REFAREA(1.2).090022">
          <Name xml:lang="it" xmlns="http://www.sdmx.org/resources/sdmxml/schemas/v2_1/common">Cargeghe</Name>
          <Name xml:lang="en" xmlns="http://www.sdmx.org/resources/sdmxml/schemas/v2_1/common">Cargeghe</Name>
          <Parent>
            <Ref id="ITG25" xmlns="" />
          </Parent>
        </Code>
        <Code id="090023" urn="urn:sdmx:org.sdmx.infomodel.codelist.Code=IT1:CL_REFAREA(1.2).090023">
          <Name xml:lang="it" xmlns="http://www.sdmx.org/resources/sdmxml/schemas/v2_1/common">Castelsardo</Name>
          <Name xml:lang="en" xmlns="http://www.sdmx.org/resources/sdmxml/schemas/v2_1/common">Castelsardo</Name>
          <Parent>
            <Ref id="ITG25" xmlns="" />
          </Parent>
        </Code>
        <Code id="090024" urn="urn:sdmx:org.sdmx.infomodel.codelist.Code=IT1:CL_REFAREA(1.2).090024">
          <Name xml:lang="it" xmlns="http://www.sdmx.org/resources/sdmxml/schemas/v2_1/common">Cheremule</Name>
          <Name xml:lang="en" xmlns="http://www.sdmx.org/resources/sdmxml/schemas/v2_1/common">Cheremule</Name>
          <Parent>
            <Ref id="ITG25" xmlns="" />
          </Parent>
        </Code>
        <Code id="090025" urn="urn:sdmx:org.sdmx.infomodel.codelist.Code=IT1:CL_REFAREA(1.2).090025">
          <Name xml:lang="it" xmlns="http://www.sdmx.org/resources/sdmxml/schemas/v2_1/common">Chiaramonti</Name>
          <Name xml:lang="en" xmlns="http://www.sdmx.org/resources/sdmxml/schemas/v2_1/common">Chiaramonti</Name>
          <Parent>
            <Ref id="ITG25" xmlns="" />
          </Parent>
        </Code>
        <Code id="090026" urn="urn:sdmx:org.sdmx.infomodel.codelist.Code=IT1:CL_REFAREA(1.2).090026">
          <Name xml:lang="it" xmlns="http://www.sdmx.org/resources/sdmxml/schemas/v2_1/common">Codrongianos</Name>
          <Name xml:lang="en" xmlns="http://www.sdmx.org/resources/sdmxml/schemas/v2_1/common">Codrongianos</Name>
          <Parent>
            <Ref id="ITG25" xmlns="" />
          </Parent>
        </Code>
        <Code id="090027" urn="urn:sdmx:org.sdmx.infomodel.codelist.Code=IT1:CL_REFAREA(1.2).090027">
          <Name xml:lang="it" xmlns="http://www.sdmx.org/resources/sdmxml/schemas/v2_1/common">Cossoine</Name>
          <Name xml:lang="en" xmlns="http://www.sdmx.org/resources/sdmxml/schemas/v2_1/common">Cossoine</Name>
          <Parent>
            <Ref id="ITG25" xmlns="" />
          </Parent>
        </Code>
        <Code id="090028" urn="urn:sdmx:org.sdmx.infomodel.codelist.Code=IT1:CL_REFAREA(1.2).090028">
          <Name xml:lang="it" xmlns="http://www.sdmx.org/resources/sdmxml/schemas/v2_1/common">Esporlatu</Name>
          <Name xml:lang="en" xmlns="http://www.sdmx.org/resources/sdmxml/schemas/v2_1/common">Esporlatu</Name>
          <Parent>
            <Ref id="ITG25" xmlns="" />
          </Parent>
        </Code>
        <Code id="090029" urn="urn:sdmx:org.sdmx.infomodel.codelist.Code=IT1:CL_REFAREA(1.2).090029">
          <Name xml:lang="it" xmlns="http://www.sdmx.org/resources/sdmxml/schemas/v2_1/common">Florinas</Name>
          <Name xml:lang="en" xmlns="http://www.sdmx.org/resources/sdmxml/schemas/v2_1/common">Florinas</Name>
          <Parent>
            <Ref id="ITG25" xmlns="" />
          </Parent>
        </Code>
        <Code id="090030" urn="urn:sdmx:org.sdmx.infomodel.codelist.Code=IT1:CL_REFAREA(1.2).090030">
          <Name xml:lang="it" xmlns="http://www.sdmx.org/resources/sdmxml/schemas/v2_1/common">Giave</Name>
          <Name xml:lang="en" xmlns="http://www.sdmx.org/resources/sdmxml/schemas/v2_1/common">Giave</Name>
          <Parent>
            <Ref id="ITG25" xmlns="" />
          </Parent>
        </Code>
        <Code id="090031" urn="urn:sdmx:org.sdmx.infomodel.codelist.Code=IT1:CL_REFAREA(1.2).090031">
          <Name xml:lang="it" xmlns="http://www.sdmx.org/resources/sdmxml/schemas/v2_1/common">Illorai</Name>
          <Name xml:lang="en" xmlns="http://www.sdmx.org/resources/sdmxml/schemas/v2_1/common">Illorai</Name>
          <Parent>
            <Ref id="ITG25" xmlns="" />
          </Parent>
        </Code>
        <Code id="090032" urn="urn:sdmx:org.sdmx.infomodel.codelist.Code=IT1:CL_REFAREA(1.2).090032">
          <Name xml:lang="it" xmlns="http://www.sdmx.org/resources/sdmxml/schemas/v2_1/common">Ittireddu</Name>
          <Name xml:lang="en" xmlns="http://www.sdmx.org/resources/sdmxml/schemas/v2_1/common">Ittireddu</Name>
          <Parent>
            <Ref id="ITG25" xmlns="" />
          </Parent>
        </Code>
        <Code id="090033" urn="urn:sdmx:org.sdmx.infomodel.codelist.Code=IT1:CL_REFAREA(1.2).090033">
          <Name xml:lang="it" xmlns="http://www.sdmx.org/resources/sdmxml/schemas/v2_1/common">Ittiri</Name>
          <Name xml:lang="en" xmlns="http://www.sdmx.org/resources/sdmxml/schemas/v2_1/common">Ittiri</Name>
          <Parent>
            <Ref id="ITG25" xmlns="" />
          </Parent>
        </Code>
        <Code id="090034" urn="urn:sdmx:org.sdmx.infomodel.codelist.Code=IT1:CL_REFAREA(1.2).090034">
          <Name xml:lang="it" xmlns="http://www.sdmx.org/resources/sdmxml/schemas/v2_1/common">Laerru</Name>
          <Name xml:lang="en" xmlns="http://www.sdmx.org/resources/sdmxml/schemas/v2_1/common">Laerru</Name>
          <Parent>
            <Ref id="ITG25" xmlns="" />
          </Parent>
        </Code>
        <Code id="090035" urn="urn:sdmx:org.sdmx.infomodel.codelist.Code=IT1:CL_REFAREA(1.2).090035">
          <Name xml:lang="it" xmlns="http://www.sdmx.org/resources/sdmxml/schemas/v2_1/common">La Maddalena</Name>
          <Name xml:lang="en" xmlns="http://www.sdmx.org/resources/sdmxml/schemas/v2_1/common">La Maddalena</Name>
          <Parent>
            <Ref id="ITG25" xmlns="" />
          </Parent>
        </Code>
        <Code id="090036" urn="urn:sdmx:org.sdmx.infomodel.codelist.Code=IT1:CL_REFAREA(1.2).090036">
          <Name xml:lang="it" xmlns="http://www.sdmx.org/resources/sdmxml/schemas/v2_1/common">Luogosanto</Name>
          <Name xml:lang="en" xmlns="http://www.sdmx.org/resources/sdmxml/schemas/v2_1/common">Luogosanto</Name>
          <Parent>
            <Ref id="ITG25" xmlns="" />
          </Parent>
        </Code>
        <Code id="090037" urn="urn:sdmx:org.sdmx.infomodel.codelist.Code=IT1:CL_REFAREA(1.2).090037">
          <Name xml:lang="it" xmlns="http://www.sdmx.org/resources/sdmxml/schemas/v2_1/common">Luras</Name>
          <Name xml:lang="en" xmlns="http://www.sdmx.org/resources/sdmxml/schemas/v2_1/common">Luras</Name>
          <Parent>
            <Ref id="ITG25" xmlns="" />
          </Parent>
        </Code>
        <Code id="090038" urn="urn:sdmx:org.sdmx.infomodel.codelist.Code=IT1:CL_REFAREA(1.2).090038">
          <Name xml:lang="it" xmlns="http://www.sdmx.org/resources/sdmxml/schemas/v2_1/common">Mara</Name>
          <Name xml:lang="en" xmlns="http://www.sdmx.org/resources/sdmxml/schemas/v2_1/common">Mara</Name>
          <Parent>
            <Ref id="ITG25" xmlns="" />
          </Parent>
        </Code>
        <Code id="090039" urn="urn:sdmx:org.sdmx.infomodel.codelist.Code=IT1:CL_REFAREA(1.2).090039">
          <Name xml:lang="it" xmlns="http://www.sdmx.org/resources/sdmxml/schemas/v2_1/common">Martis</Name>
          <Name xml:lang="en" xmlns="http://www.sdmx.org/resources/sdmxml/schemas/v2_1/common">Martis</Name>
          <Parent>
            <Ref id="ITG25" xmlns="" />
          </Parent>
        </Code>
        <Code id="090040" urn="urn:sdmx:org.sdmx.infomodel.codelist.Code=IT1:CL_REFAREA(1.2).090040">
          <Name xml:lang="it" xmlns="http://www.sdmx.org/resources/sdmxml/schemas/v2_1/common">Monteleone Rocca Doria</Name>
          <Name xml:lang="en" xmlns="http://www.sdmx.org/resources/sdmxml/schemas/v2_1/common">Monteleone Rocca Doria</Name>
          <Parent>
            <Ref id="ITG25" xmlns="" />
          </Parent>
        </Code>
        <Code id="090041" urn="urn:sdmx:org.sdmx.infomodel.codelist.Code=IT1:CL_REFAREA(1.2).090041">
          <Name xml:lang="it" xmlns="http://www.sdmx.org/resources/sdmxml/schemas/v2_1/common">Monti</Name>
          <Name xml:lang="en" xmlns="http://www.sdmx.org/resources/sdmxml/schemas/v2_1/common">Monti</Name>
          <Parent>
            <Ref id="ITG25" xmlns="" />
          </Parent>
        </Code>
        <Code id="090042" urn="urn:sdmx:org.sdmx.infomodel.codelist.Code=IT1:CL_REFAREA(1.2).090042">
          <Name xml:lang="it" xmlns="http://www.sdmx.org/resources/sdmxml/schemas/v2_1/common">Mores</Name>
          <Name xml:lang="en" xmlns="http://www.sdmx.org/resources/sdmxml/schemas/v2_1/common">Mores</Name>
          <Parent>
            <Ref id="ITG25" xmlns="" />
          </Parent>
        </Code>
        <Code id="090043" urn="urn:sdmx:org.sdmx.infomodel.codelist.Code=IT1:CL_REFAREA(1.2).090043">
          <Name xml:lang="it" xmlns="http://www.sdmx.org/resources/sdmxml/schemas/v2_1/common">Muros</Name>
          <Name xml:lang="en" xmlns="http://www.sdmx.org/resources/sdmxml/schemas/v2_1/common">Muros</Name>
          <Parent>
            <Ref id="ITG25" xmlns="" />
          </Parent>
        </Code>
        <Code id="090044" urn="urn:sdmx:org.sdmx.infomodel.codelist.Code=IT1:CL_REFAREA(1.2).090044">
          <Name xml:lang="it" xmlns="http://www.sdmx.org/resources/sdmxml/schemas/v2_1/common">Nughedu San Nicolò</Name>
          <Name xml:lang="en" xmlns="http://www.sdmx.org/resources/sdmxml/schemas/v2_1/common">Nughedu San Nicolò</Name>
          <Parent>
            <Ref id="ITG25" xmlns="" />
          </Parent>
        </Code>
        <Code id="090045" urn="urn:sdmx:org.sdmx.infomodel.codelist.Code=IT1:CL_REFAREA(1.2).090045">
          <Name xml:lang="it" xmlns="http://www.sdmx.org/resources/sdmxml/schemas/v2_1/common">Nule</Name>
          <Name xml:lang="en" xmlns="http://www.sdmx.org/resources/sdmxml/schemas/v2_1/common">Nule</Name>
          <Parent>
            <Ref id="ITG25" xmlns="" />
          </Parent>
        </Code>
        <Code id="090046" urn="urn:sdmx:org.sdmx.infomodel.codelist.Code=IT1:CL_REFAREA(1.2).090046">
          <Name xml:lang="it" xmlns="http://www.sdmx.org/resources/sdmxml/schemas/v2_1/common">Nulvi</Name>
          <Name xml:lang="en" xmlns="http://www.sdmx.org/resources/sdmxml/schemas/v2_1/common">Nulvi</Name>
          <Parent>
            <Ref id="ITG25" xmlns="" />
          </Parent>
        </Code>
        <Code id="090047" urn="urn:sdmx:org.sdmx.infomodel.codelist.Code=IT1:CL_REFAREA(1.2).090047">
          <Name xml:lang="it" xmlns="http://www.sdmx.org/resources/sdmxml/schemas/v2_1/common">Olbia</Name>
          <Name xml:lang="en" xmlns="http://www.sdmx.org/resources/sdmxml/schemas/v2_1/common">Olbia</Name>
          <Parent>
            <Ref id="ITG25" xmlns="" />
          </Parent>
        </Code>
        <Code id="090048" urn="urn:sdmx:org.sdmx.infomodel.codelist.Code=IT1:CL_REFAREA(1.2).090048">
          <Name xml:lang="it" xmlns="http://www.sdmx.org/resources/sdmxml/schemas/v2_1/common">Olmedo</Name>
          <Name xml:lang="en" xmlns="http://www.sdmx.org/resources/sdmxml/schemas/v2_1/common">Olmedo</Name>
          <Parent>
            <Ref id="ITG25" xmlns="" />
          </Parent>
        </Code>
        <Code id="090049" urn="urn:sdmx:org.sdmx.infomodel.codelist.Code=IT1:CL_REFAREA(1.2).090049">
          <Name xml:lang="it" xmlns="http://www.sdmx.org/resources/sdmxml/schemas/v2_1/common">Oschiri</Name>
          <Name xml:lang="en" xmlns="http://www.sdmx.org/resources/sdmxml/schemas/v2_1/common">Oschiri</Name>
          <Parent>
            <Ref id="ITG25" xmlns="" />
          </Parent>
        </Code>
        <Code id="090050" urn="urn:sdmx:org.sdmx.infomodel.codelist.Code=IT1:CL_REFAREA(1.2).090050">
          <Name xml:lang="it" xmlns="http://www.sdmx.org/resources/sdmxml/schemas/v2_1/common">Osilo</Name>
          <Name xml:lang="en" xmlns="http://www.sdmx.org/resources/sdmxml/schemas/v2_1/common">Osilo</Name>
          <Parent>
            <Ref id="ITG25" xmlns="" />
          </Parent>
        </Code>
        <Code id="090051" urn="urn:sdmx:org.sdmx.infomodel.codelist.Code=IT1:CL_REFAREA(1.2).090051">
          <Name xml:lang="it" xmlns="http://www.sdmx.org/resources/sdmxml/schemas/v2_1/common">Ossi</Name>
          <Name xml:lang="en" xmlns="http://www.sdmx.org/resources/sdmxml/schemas/v2_1/common">Ossi</Name>
          <Parent>
            <Ref id="ITG25" xmlns="" />
          </Parent>
        </Code>
        <Code id="090052" urn="urn:sdmx:org.sdmx.infomodel.codelist.Code=IT1:CL_REFAREA(1.2).090052">
          <Name xml:lang="it" xmlns="http://www.sdmx.org/resources/sdmxml/schemas/v2_1/common">Ozieri</Name>
          <Name xml:lang="en" xmlns="http://www.sdmx.org/resources/sdmxml/schemas/v2_1/common">Ozieri</Name>
          <Parent>
            <Ref id="ITG25" xmlns="" />
          </Parent>
        </Code>
        <Code id="090053" urn="urn:sdmx:org.sdmx.infomodel.codelist.Code=IT1:CL_REFAREA(1.2).090053">
          <Name xml:lang="it" xmlns="http://www.sdmx.org/resources/sdmxml/schemas/v2_1/common">Padria</Name>
          <Name xml:lang="en" xmlns="http://www.sdmx.org/resources/sdmxml/schemas/v2_1/common">Padria</Name>
          <Parent>
            <Ref id="ITG25" xmlns="" />
          </Parent>
        </Code>
        <Code id="090054" urn="urn:sdmx:org.sdmx.infomodel.codelist.Code=IT1:CL_REFAREA(1.2).090054">
          <Name xml:lang="it" xmlns="http://www.sdmx.org/resources/sdmxml/schemas/v2_1/common">Palau</Name>
          <Name xml:lang="en" xmlns="http://www.sdmx.org/resources/sdmxml/schemas/v2_1/common">Palau</Name>
          <Parent>
            <Ref id="ITG25" xmlns="" />
          </Parent>
        </Code>
        <Code id="090055" urn="urn:sdmx:org.sdmx.infomodel.codelist.Code=IT1:CL_REFAREA(1.2).090055">
          <Name xml:lang="it" xmlns="http://www.sdmx.org/resources/sdmxml/schemas/v2_1/common">Pattada</Name>
          <Name xml:lang="en" xmlns="http://www.sdmx.org/resources/sdmxml/schemas/v2_1/common">Pattada</Name>
          <Parent>
            <Ref id="ITG25" xmlns="" />
          </Parent>
        </Code>
        <Code id="090056" urn="urn:sdmx:org.sdmx.infomodel.codelist.Code=IT1:CL_REFAREA(1.2).090056">
          <Name xml:lang="it" xmlns="http://www.sdmx.org/resources/sdmxml/schemas/v2_1/common">Perfugas</Name>
          <Name xml:lang="en" xmlns="http://www.sdmx.org/resources/sdmxml/schemas/v2_1/common">Perfugas</Name>
          <Parent>
            <Ref id="ITG25" xmlns="" />
          </Parent>
        </Code>
        <Code id="090057" urn="urn:sdmx:org.sdmx.infomodel.codelist.Code=IT1:CL_REFAREA(1.2).090057">
          <Name xml:lang="it" xmlns="http://www.sdmx.org/resources/sdmxml/schemas/v2_1/common">Ploaghe</Name>
          <Name xml:lang="en" xmlns="http://www.sdmx.org/resources/sdmxml/schemas/v2_1/common">Ploaghe</Name>
          <Parent>
            <Ref id="ITG25" xmlns="" />
          </Parent>
        </Code>
        <Code id="090058" urn="urn:sdmx:org.sdmx.infomodel.codelist.Code=IT1:CL_REFAREA(1.2).090058">
          <Name xml:lang="it" xmlns="http://www.sdmx.org/resources/sdmxml/schemas/v2_1/common">Porto Torres</Name>
          <Name xml:lang="en" xmlns="http://www.sdmx.org/resources/sdmxml/schemas/v2_1/common">Porto Torres</Name>
          <Parent>
            <Ref id="ITG25" xmlns="" />
          </Parent>
        </Code>
        <Code id="090059" urn="urn:sdmx:org.sdmx.infomodel.codelist.Code=IT1:CL_REFAREA(1.2).090059">
          <Name xml:lang="it" xmlns="http://www.sdmx.org/resources/sdmxml/schemas/v2_1/common">Pozzomaggiore</Name>
          <Name xml:lang="en" xmlns="http://www.sdmx.org/resources/sdmxml/schemas/v2_1/common">Pozzomaggiore</Name>
          <Parent>
            <Ref id="ITG25" xmlns="" />
          </Parent>
        </Code>
        <Code id="090060" urn="urn:sdmx:org.sdmx.infomodel.codelist.Code=IT1:CL_REFAREA(1.2).090060">
          <Name xml:lang="it" xmlns="http://www.sdmx.org/resources/sdmxml/schemas/v2_1/common">Putifigari</Name>
          <Name xml:lang="en" xmlns="http://www.sdmx.org/resources/sdmxml/schemas/v2_1/common">Putifigari</Name>
          <Parent>
            <Ref id="ITG25" xmlns="" />
          </Parent>
        </Code>
        <Code id="090061" urn="urn:sdmx:org.sdmx.infomodel.codelist.Code=IT1:CL_REFAREA(1.2).090061">
          <Name xml:lang="it" xmlns="http://www.sdmx.org/resources/sdmxml/schemas/v2_1/common">Romana</Name>
          <Name xml:lang="en" xmlns="http://www.sdmx.org/resources/sdmxml/schemas/v2_1/common">Romana</Name>
          <Parent>
            <Ref id="ITG25" xmlns="" />
          </Parent>
        </Code>
        <Code id="090062" urn="urn:sdmx:org.sdmx.infomodel.codelist.Code=IT1:CL_REFAREA(1.2).090062">
          <Name xml:lang="it" xmlns="http://www.sdmx.org/resources/sdmxml/schemas/v2_1/common">Aglientu</Name>
          <Name xml:lang="en" xmlns="http://www.sdmx.org/resources/sdmxml/schemas/v2_1/common">Aglientu</Name>
          <Parent>
            <Ref id="ITG25" xmlns="" />
          </Parent>
        </Code>
        <Code id="090063" urn="urn:sdmx:org.sdmx.infomodel.codelist.Code=IT1:CL_REFAREA(1.2).090063">
          <Name xml:lang="it" xmlns="http://www.sdmx.org/resources/sdmxml/schemas/v2_1/common">Santa Teresa Gallura</Name>
          <Name xml:lang="en" xmlns="http://www.sdmx.org/resources/sdmxml/schemas/v2_1/common">Santa Teresa Gallura</Name>
          <Parent>
            <Ref id="ITG25" xmlns="" />
          </Parent>
        </Code>
        <Code id="090064" urn="urn:sdmx:org.sdmx.infomodel.codelist.Code=IT1:CL_REFAREA(1.2).090064">
          <Name xml:lang="it" xmlns="http://www.sdmx.org/resources/sdmxml/schemas/v2_1/common">Sassari</Name>
          <Name xml:lang="en" xmlns="http://www.sdmx.org/resources/sdmxml/schemas/v2_1/common">Sassari</Name>
          <Parent>
            <Ref id="ITG25" xmlns="" />
          </Parent>
        </Code>
        <Code id="090065" urn="urn:sdmx:org.sdmx.infomodel.codelist.Code=IT1:CL_REFAREA(1.2).090065">
          <Name xml:lang="it" xmlns="http://www.sdmx.org/resources/sdmxml/schemas/v2_1/common">Sedini</Name>
          <Name xml:lang="en" xmlns="http://www.sdmx.org/resources/sdmxml/schemas/v2_1/common">Sedini</Name>
          <Parent>
            <Ref id="ITG25" xmlns="" />
          </Parent>
        </Code>
        <Code id="090066" urn="urn:sdmx:org.sdmx.infomodel.codelist.Code=IT1:CL_REFAREA(1.2).090066">
          <Name xml:lang="it" xmlns="http://www.sdmx.org/resources/sdmxml/schemas/v2_1/common">Semestene</Name>
          <Name xml:lang="en" xmlns="http://www.sdmx.org/resources/sdmxml/schemas/v2_1/common">Semestene</Name>
          <Parent>
            <Ref id="ITG25" xmlns="" />
          </Parent>
        </Code>
        <Code id="090067" urn="urn:sdmx:org.sdmx.infomodel.codelist.Code=IT1:CL_REFAREA(1.2).090067">
          <Name xml:lang="it" xmlns="http://www.sdmx.org/resources/sdmxml/schemas/v2_1/common">Sennori</Name>
          <Name xml:lang="en" xmlns="http://www.sdmx.org/resources/sdmxml/schemas/v2_1/common">Sennori</Name>
          <Parent>
            <Ref id="ITG25" xmlns="" />
          </Parent>
        </Code>
        <Code id="090068" urn="urn:sdmx:org.sdmx.infomodel.codelist.Code=IT1:CL_REFAREA(1.2).090068">
          <Name xml:lang="it" xmlns="http://www.sdmx.org/resources/sdmxml/schemas/v2_1/common">Siligo</Name>
          <Name xml:lang="en" xmlns="http://www.sdmx.org/resources/sdmxml/schemas/v2_1/common">Siligo</Name>
          <Parent>
            <Ref id="ITG25" xmlns="" />
          </Parent>
        </Code>
        <Code id="090069" urn="urn:sdmx:org.sdmx.infomodel.codelist.Code=IT1:CL_REFAREA(1.2).090069">
          <Name xml:lang="it" xmlns="http://www.sdmx.org/resources/sdmxml/schemas/v2_1/common">Sorso</Name>
          <Name xml:lang="en" xmlns="http://www.sdmx.org/resources/sdmxml/schemas/v2_1/common">Sorso</Name>
          <Parent>
            <Ref id="ITG25" xmlns="" />
          </Parent>
        </Code>
        <Code id="090070" urn="urn:sdmx:org.sdmx.infomodel.codelist.Code=IT1:CL_REFAREA(1.2).090070">
          <Name xml:lang="it" xmlns="http://www.sdmx.org/resources/sdmxml/schemas/v2_1/common">Tempio Pausania</Name>
          <Name xml:lang="en" xmlns="http://www.sdmx.org/resources/sdmxml/schemas/v2_1/common">Tempio Pausania</Name>
          <Parent>
            <Ref id="ITG25" xmlns="" />
          </Parent>
        </Code>
        <Code id="090071" urn="urn:sdmx:org.sdmx.infomodel.codelist.Code=IT1:CL_REFAREA(1.2).090071">
          <Name xml:lang="it" xmlns="http://www.sdmx.org/resources/sdmxml/schemas/v2_1/common">Thiesi</Name>
          <Name xml:lang="en" xmlns="http://www.sdmx.org/resources/sdmxml/schemas/v2_1/common">Thiesi</Name>
          <Parent>
            <Ref id="ITG25" xmlns="" />
          </Parent>
        </Code>
        <Code id="090072" urn="urn:sdmx:org.sdmx.infomodel.codelist.Code=IT1:CL_REFAREA(1.2).090072">
          <Name xml:lang="it" xmlns="http://www.sdmx.org/resources/sdmxml/schemas/v2_1/common">Tissi</Name>
          <Name xml:lang="en" xmlns="http://www.sdmx.org/resources/sdmxml/schemas/v2_1/common">Tissi</Name>
          <Parent>
            <Ref id="ITG25" xmlns="" />
          </Parent>
        </Code>
        <Code id="090073" urn="urn:sdmx:org.sdmx.infomodel.codelist.Code=IT1:CL_REFAREA(1.2).090073">
          <Name xml:lang="it" xmlns="http://www.sdmx.org/resources/sdmxml/schemas/v2_1/common">Torralba</Name>
          <Name xml:lang="en" xmlns="http://www.sdmx.org/resources/sdmxml/schemas/v2_1/common">Torralba</Name>
          <Parent>
            <Ref id="ITG25" xmlns="" />
          </Parent>
        </Code>
        <Code id="090074" urn="urn:sdmx:org.sdmx.infomodel.codelist.Code=IT1:CL_REFAREA(1.2).090074">
          <Name xml:lang="it" xmlns="http://www.sdmx.org/resources/sdmxml/schemas/v2_1/common">Trinità d'Agultu e Vignola</Name>
          <Name xml:lang="en" xmlns="http://www.sdmx.org/resources/sdmxml/schemas/v2_1/common">Trinità d'Agultu e Vignola</Name>
          <Parent>
            <Ref id="ITG25" xmlns="" />
          </Parent>
        </Code>
        <Code id="090075" urn="urn:sdmx:org.sdmx.infomodel.codelist.Code=IT1:CL_REFAREA(1.2).090075">
          <Name xml:lang="it" xmlns="http://www.sdmx.org/resources/sdmxml/schemas/v2_1/common">Tula</Name>
          <Name xml:lang="en" xmlns="http://www.sdmx.org/resources/sdmxml/schemas/v2_1/common">Tula</Name>
          <Parent>
            <Ref id="ITG25" xmlns="" />
          </Parent>
        </Code>
        <Code id="090076" urn="urn:sdmx:org.sdmx.infomodel.codelist.Code=IT1:CL_REFAREA(1.2).090076">
          <Name xml:lang="it" xmlns="http://www.sdmx.org/resources/sdmxml/schemas/v2_1/common">Uri</Name>
          <Name xml:lang="en" xmlns="http://www.sdmx.org/resources/sdmxml/schemas/v2_1/common">Uri</Name>
          <Parent>
            <Ref id="ITG25" xmlns="" />
          </Parent>
        </Code>
        <Code id="090077" urn="urn:sdmx:org.sdmx.infomodel.codelist.Code=IT1:CL_REFAREA(1.2).090077">
          <Name xml:lang="it" xmlns="http://www.sdmx.org/resources/sdmxml/schemas/v2_1/common">Usini</Name>
          <Name xml:lang="en" xmlns="http://www.sdmx.org/resources/sdmxml/schemas/v2_1/common">Usini</Name>
          <Parent>
            <Ref id="ITG25" xmlns="" />
          </Parent>
        </Code>
        <Code id="090078" urn="urn:sdmx:org.sdmx.infomodel.codelist.Code=IT1:CL_REFAREA(1.2).090078">
          <Name xml:lang="it" xmlns="http://www.sdmx.org/resources/sdmxml/schemas/v2_1/common">Villanova Monteleone</Name>
          <Name xml:lang="en" xmlns="http://www.sdmx.org/resources/sdmxml/schemas/v2_1/common">Villanova Monteleone</Name>
          <Parent>
            <Ref id="ITG25" xmlns="" />
          </Parent>
        </Code>
        <Code id="090079" urn="urn:sdmx:org.sdmx.infomodel.codelist.Code=IT1:CL_REFAREA(1.2).090079">
          <Name xml:lang="it" xmlns="http://www.sdmx.org/resources/sdmxml/schemas/v2_1/common">Valledoria</Name>
          <Name xml:lang="en" xmlns="http://www.sdmx.org/resources/sdmxml/schemas/v2_1/common">Valledoria</Name>
          <Parent>
            <Ref id="ITG25" xmlns="" />
          </Parent>
        </Code>
        <Code id="090080" urn="urn:sdmx:org.sdmx.infomodel.codelist.Code=IT1:CL_REFAREA(1.2).090080">
          <Name xml:lang="it" xmlns="http://www.sdmx.org/resources/sdmxml/schemas/v2_1/common">Telti</Name>
          <Name xml:lang="en" xmlns="http://www.sdmx.org/resources/sdmxml/schemas/v2_1/common">Telti</Name>
          <Parent>
            <Ref id="ITG25" xmlns="" />
          </Parent>
        </Code>
        <Code id="090081" urn="urn:sdmx:org.sdmx.infomodel.codelist.Code=IT1:CL_REFAREA(1.2).090081">
          <Name xml:lang="it" xmlns="http://www.sdmx.org/resources/sdmxml/schemas/v2_1/common">Badesi</Name>
          <Name xml:lang="en" xmlns="http://www.sdmx.org/resources/sdmxml/schemas/v2_1/common">Badesi</Name>
          <Parent>
            <Ref id="ITG25" xmlns="" />
          </Parent>
        </Code>
        <Code id="090082" urn="urn:sdmx:org.sdmx.infomodel.codelist.Code=IT1:CL_REFAREA(1.2).090082">
          <Name xml:lang="it" xmlns="http://www.sdmx.org/resources/sdmxml/schemas/v2_1/common">Viddalba</Name>
          <Name xml:lang="en" xmlns="http://www.sdmx.org/resources/sdmxml/schemas/v2_1/common">Viddalba</Name>
          <Parent>
            <Ref id="ITG25" xmlns="" />
          </Parent>
        </Code>
        <Code id="090083" urn="urn:sdmx:org.sdmx.infomodel.codelist.Code=IT1:CL_REFAREA(1.2).090083">
          <Name xml:lang="it" xmlns="http://www.sdmx.org/resources/sdmxml/schemas/v2_1/common">Golfo Aranci</Name>
          <Name xml:lang="en" xmlns="http://www.sdmx.org/resources/sdmxml/schemas/v2_1/common">Golfo Aranci</Name>
          <Parent>
            <Ref id="ITG25" xmlns="" />
          </Parent>
        </Code>
        <Code id="090084" urn="urn:sdmx:org.sdmx.infomodel.codelist.Code=IT1:CL_REFAREA(1.2).090084">
          <Name xml:lang="it" xmlns="http://www.sdmx.org/resources/sdmxml/schemas/v2_1/common">Loiri Porto San Paolo</Name>
          <Name xml:lang="en" xmlns="http://www.sdmx.org/resources/sdmxml/schemas/v2_1/common">Loiri Porto San Paolo</Name>
          <Parent>
            <Ref id="ITG25" xmlns="" />
          </Parent>
        </Code>
        <Code id="090085" urn="urn:sdmx:org.sdmx.infomodel.codelist.Code=IT1:CL_REFAREA(1.2).090085">
          <Name xml:lang="it" xmlns="http://www.sdmx.org/resources/sdmxml/schemas/v2_1/common">Sant'Antonio di Gallura</Name>
          <Name xml:lang="en" xmlns="http://www.sdmx.org/resources/sdmxml/schemas/v2_1/common">Sant'Antonio di Gallura</Name>
          <Parent>
            <Ref id="ITG25" xmlns="" />
          </Parent>
        </Code>
        <Code id="090086" urn="urn:sdmx:org.sdmx.infomodel.codelist.Code=IT1:CL_REFAREA(1.2).090086">
          <Name xml:lang="it" xmlns="http://www.sdmx.org/resources/sdmxml/schemas/v2_1/common">Tergu</Name>
          <Name xml:lang="en" xmlns="http://www.sdmx.org/resources/sdmxml/schemas/v2_1/common">Tergu</Name>
          <Parent>
            <Ref id="ITG25" xmlns="" />
          </Parent>
        </Code>
        <Code id="090087" urn="urn:sdmx:org.sdmx.infomodel.codelist.Code=IT1:CL_REFAREA(1.2).090087">
          <Name xml:lang="it" xmlns="http://www.sdmx.org/resources/sdmxml/schemas/v2_1/common">Santa Maria Coghinas</Name>
          <Name xml:lang="en" xmlns="http://www.sdmx.org/resources/sdmxml/schemas/v2_1/common">Santa Maria Coghinas</Name>
          <Parent>
            <Ref id="ITG25" xmlns="" />
          </Parent>
        </Code>
        <Code id="090088" urn="urn:sdmx:org.sdmx.infomodel.codelist.Code=IT1:CL_REFAREA(1.2).090088">
          <Name xml:lang="it" xmlns="http://www.sdmx.org/resources/sdmxml/schemas/v2_1/common">Erula</Name>
          <Name xml:lang="en" xmlns="http://www.sdmx.org/resources/sdmxml/schemas/v2_1/common">Erula</Name>
          <Parent>
            <Ref id="ITG25" xmlns="" />
          </Parent>
        </Code>
        <Code id="090089" urn="urn:sdmx:org.sdmx.infomodel.codelist.Code=IT1:CL_REFAREA(1.2).090089">
          <Name xml:lang="it" xmlns="http://www.sdmx.org/resources/sdmxml/schemas/v2_1/common">Stintino</Name>
          <Name xml:lang="en" xmlns="http://www.sdmx.org/resources/sdmxml/schemas/v2_1/common">Stintino</Name>
          <Parent>
            <Ref id="ITG25" xmlns="" />
          </Parent>
        </Code>
        <Code id="090090" urn="urn:sdmx:org.sdmx.infomodel.codelist.Code=IT1:CL_REFAREA(1.2).090090">
          <Name xml:lang="it" xmlns="http://www.sdmx.org/resources/sdmxml/schemas/v2_1/common">Padru</Name>
          <Name xml:lang="en" xmlns="http://www.sdmx.org/resources/sdmxml/schemas/v2_1/common">Padru</Name>
          <Parent>
            <Ref id="ITG25" xmlns="" />
          </Parent>
        </Code>
        <Code id="091001" urn="urn:sdmx:org.sdmx.infomodel.codelist.Code=IT1:CL_REFAREA(1.2).091001">
          <Name xml:lang="it" xmlns="http://www.sdmx.org/resources/sdmxml/schemas/v2_1/common">Aritzo</Name>
          <Name xml:lang="en" xmlns="http://www.sdmx.org/resources/sdmxml/schemas/v2_1/common">Aritzo</Name>
          <Parent>
            <Ref id="ITG26" xmlns="" />
          </Parent>
        </Code>
        <Code id="091002" urn="urn:sdmx:org.sdmx.infomodel.codelist.Code=IT1:CL_REFAREA(1.2).091002">
          <Name xml:lang="it" xmlns="http://www.sdmx.org/resources/sdmxml/schemas/v2_1/common">Arzana</Name>
          <Name xml:lang="en" xmlns="http://www.sdmx.org/resources/sdmxml/schemas/v2_1/common">Arzana</Name>
          <Parent>
            <Ref id="ITG26" xmlns="" />
          </Parent>
        </Code>
        <Code id="091003" urn="urn:sdmx:org.sdmx.infomodel.codelist.Code=IT1:CL_REFAREA(1.2).091003">
          <Name xml:lang="it" xmlns="http://www.sdmx.org/resources/sdmxml/schemas/v2_1/common">Atzara</Name>
          <Name xml:lang="en" xmlns="http://www.sdmx.org/resources/sdmxml/schemas/v2_1/common">Atzara</Name>
          <Parent>
            <Ref id="ITG26" xmlns="" />
          </Parent>
        </Code>
        <Code id="091004" urn="urn:sdmx:org.sdmx.infomodel.codelist.Code=IT1:CL_REFAREA(1.2).091004">
          <Name xml:lang="it" xmlns="http://www.sdmx.org/resources/sdmxml/schemas/v2_1/common">Austis</Name>
          <Name xml:lang="en" xmlns="http://www.sdmx.org/resources/sdmxml/schemas/v2_1/common">Austis</Name>
          <Parent>
            <Ref id="ITG26" xmlns="" />
          </Parent>
        </Code>
        <Code id="091005" urn="urn:sdmx:org.sdmx.infomodel.codelist.Code=IT1:CL_REFAREA(1.2).091005">
          <Name xml:lang="it" xmlns="http://www.sdmx.org/resources/sdmxml/schemas/v2_1/common">Bari Sardo</Name>
          <Name xml:lang="en" xmlns="http://www.sdmx.org/resources/sdmxml/schemas/v2_1/common">Bari Sardo</Name>
          <Parent>
            <Ref id="ITG26" xmlns="" />
          </Parent>
        </Code>
        <Code id="091006" urn="urn:sdmx:org.sdmx.infomodel.codelist.Code=IT1:CL_REFAREA(1.2).091006">
          <Name xml:lang="it" xmlns="http://www.sdmx.org/resources/sdmxml/schemas/v2_1/common">Baunei</Name>
          <Name xml:lang="en" xmlns="http://www.sdmx.org/resources/sdmxml/schemas/v2_1/common">Baunei</Name>
          <Parent>
            <Ref id="ITG26" xmlns="" />
          </Parent>
        </Code>
        <Code id="091007" urn="urn:sdmx:org.sdmx.infomodel.codelist.Code=IT1:CL_REFAREA(1.2).091007">
          <Name xml:lang="it" xmlns="http://www.sdmx.org/resources/sdmxml/schemas/v2_1/common">Belvì</Name>
          <Name xml:lang="en" xmlns="http://www.sdmx.org/resources/sdmxml/schemas/v2_1/common">Belvì</Name>
          <Parent>
            <Ref id="ITG26" xmlns="" />
          </Parent>
        </Code>
        <Code id="091008" urn="urn:sdmx:org.sdmx.infomodel.codelist.Code=IT1:CL_REFAREA(1.2).091008">
          <Name xml:lang="it" xmlns="http://www.sdmx.org/resources/sdmxml/schemas/v2_1/common">Birori</Name>
          <Name xml:lang="en" xmlns="http://www.sdmx.org/resources/sdmxml/schemas/v2_1/common">Birori</Name>
          <Parent>
            <Ref id="ITG26" xmlns="" />
          </Parent>
        </Code>
        <Code id="091009" urn="urn:sdmx:org.sdmx.infomodel.codelist.Code=IT1:CL_REFAREA(1.2).091009">
          <Name xml:lang="it" xmlns="http://www.sdmx.org/resources/sdmxml/schemas/v2_1/common">Bitti</Name>
          <Name xml:lang="en" xmlns="http://www.sdmx.org/resources/sdmxml/schemas/v2_1/common">Bitti</Name>
          <Parent>
            <Ref id="ITG26" xmlns="" />
          </Parent>
        </Code>
        <Code id="091010" urn="urn:sdmx:org.sdmx.infomodel.codelist.Code=IT1:CL_REFAREA(1.2).091010">
          <Name xml:lang="it" xmlns="http://www.sdmx.org/resources/sdmxml/schemas/v2_1/common">Bolotana</Name>
          <Name xml:lang="en" xmlns="http://www.sdmx.org/resources/sdmxml/schemas/v2_1/common">Bolotana</Name>
          <Parent>
            <Ref id="ITG26" xmlns="" />
          </Parent>
        </Code>
        <Code id="091011" urn="urn:sdmx:org.sdmx.infomodel.codelist.Code=IT1:CL_REFAREA(1.2).091011">
          <Name xml:lang="it" xmlns="http://www.sdmx.org/resources/sdmxml/schemas/v2_1/common">Borore</Name>
          <Name xml:lang="en" xmlns="http://www.sdmx.org/resources/sdmxml/schemas/v2_1/common">Borore</Name>
          <Parent>
            <Ref id="ITG26" xmlns="" />
          </Parent>
        </Code>
        <Code id="091012" urn="urn:sdmx:org.sdmx.infomodel.codelist.Code=IT1:CL_REFAREA(1.2).091012">
          <Name xml:lang="it" xmlns="http://www.sdmx.org/resources/sdmxml/schemas/v2_1/common">Bortigali</Name>
          <Name xml:lang="en" xmlns="http://www.sdmx.org/resources/sdmxml/schemas/v2_1/common">Bortigali</Name>
          <Parent>
            <Ref id="ITG26" xmlns="" />
          </Parent>
        </Code>
        <Code id="091013" urn="urn:sdmx:org.sdmx.infomodel.codelist.Code=IT1:CL_REFAREA(1.2).091013">
          <Name xml:lang="it" xmlns="http://www.sdmx.org/resources/sdmxml/schemas/v2_1/common">Bosa</Name>
          <Name xml:lang="en" xmlns="http://www.sdmx.org/resources/sdmxml/schemas/v2_1/common">Bosa</Name>
          <Parent>
            <Ref id="ITG26" xmlns="" />
          </Parent>
        </Code>
        <Code id="091014" urn="urn:sdmx:org.sdmx.infomodel.codelist.Code=IT1:CL_REFAREA(1.2).091014">
          <Name xml:lang="it" xmlns="http://www.sdmx.org/resources/sdmxml/schemas/v2_1/common">Budoni</Name>
          <Name xml:lang="en" xmlns="http://www.sdmx.org/resources/sdmxml/schemas/v2_1/common">Budoni</Name>
          <Parent>
            <Ref id="ITG26" xmlns="" />
          </Parent>
        </Code>
        <Code id="091016" urn="urn:sdmx:org.sdmx.infomodel.codelist.Code=IT1:CL_REFAREA(1.2).091016">
          <Name xml:lang="it" xmlns="http://www.sdmx.org/resources/sdmxml/schemas/v2_1/common">Desulo</Name>
          <Name xml:lang="en" xmlns="http://www.sdmx.org/resources/sdmxml/schemas/v2_1/common">Desulo</Name>
          <Parent>
            <Ref id="ITG26" xmlns="" />
          </Parent>
        </Code>
        <Code id="091017" urn="urn:sdmx:org.sdmx.infomodel.codelist.Code=IT1:CL_REFAREA(1.2).091017">
          <Name xml:lang="it" xmlns="http://www.sdmx.org/resources/sdmxml/schemas/v2_1/common">Dorgali</Name>
          <Name xml:lang="en" xmlns="http://www.sdmx.org/resources/sdmxml/schemas/v2_1/common">Dorgali</Name>
          <Parent>
            <Ref id="ITG26" xmlns="" />
          </Parent>
        </Code>
        <Code id="091018" urn="urn:sdmx:org.sdmx.infomodel.codelist.Code=IT1:CL_REFAREA(1.2).091018">
          <Name xml:lang="it" xmlns="http://www.sdmx.org/resources/sdmxml/schemas/v2_1/common">Dualchi</Name>
          <Name xml:lang="en" xmlns="http://www.sdmx.org/resources/sdmxml/schemas/v2_1/common">Dualchi</Name>
          <Parent>
            <Ref id="ITG26" xmlns="" />
          </Parent>
        </Code>
        <Code id="091019" urn="urn:sdmx:org.sdmx.infomodel.codelist.Code=IT1:CL_REFAREA(1.2).091019">
          <Name xml:lang="it" xmlns="http://www.sdmx.org/resources/sdmxml/schemas/v2_1/common">Elini</Name>
          <Name xml:lang="en" xmlns="http://www.sdmx.org/resources/sdmxml/schemas/v2_1/common">Elini</Name>
          <Parent>
            <Ref id="ITG26" xmlns="" />
          </Parent>
        </Code>
        <Code id="091020" urn="urn:sdmx:org.sdmx.infomodel.codelist.Code=IT1:CL_REFAREA(1.2).091020">
          <Name xml:lang="it" xmlns="http://www.sdmx.org/resources/sdmxml/schemas/v2_1/common">Escalaplano</Name>
          <Name xml:lang="en" xmlns="http://www.sdmx.org/resources/sdmxml/schemas/v2_1/common">Escalaplano</Name>
          <Parent>
            <Ref id="ITG26" xmlns="" />
          </Parent>
        </Code>
        <Code id="091021" urn="urn:sdmx:org.sdmx.infomodel.codelist.Code=IT1:CL_REFAREA(1.2).091021">
          <Name xml:lang="it" xmlns="http://www.sdmx.org/resources/sdmxml/schemas/v2_1/common">Escolca</Name>
          <Name xml:lang="en" xmlns="http://www.sdmx.org/resources/sdmxml/schemas/v2_1/common">Escolca</Name>
          <Parent>
            <Ref id="ITG26" xmlns="" />
          </Parent>
        </Code>
        <Code id="091022" urn="urn:sdmx:org.sdmx.infomodel.codelist.Code=IT1:CL_REFAREA(1.2).091022">
          <Name xml:lang="it" xmlns="http://www.sdmx.org/resources/sdmxml/schemas/v2_1/common">Esterzili</Name>
          <Name xml:lang="en" xmlns="http://www.sdmx.org/resources/sdmxml/schemas/v2_1/common">Esterzili</Name>
          <Parent>
            <Ref id="ITG26" xmlns="" />
          </Parent>
        </Code>
        <Code id="091023" urn="urn:sdmx:org.sdmx.infomodel.codelist.Code=IT1:CL_REFAREA(1.2).091023">
          <Name xml:lang="it" xmlns="http://www.sdmx.org/resources/sdmxml/schemas/v2_1/common">Flussio</Name>
          <Name xml:lang="en" xmlns="http://www.sdmx.org/resources/sdmxml/schemas/v2_1/common">Flussio</Name>
          <Parent>
            <Ref id="ITG26" xmlns="" />
          </Parent>
        </Code>
        <Code id="091024" urn="urn:sdmx:org.sdmx.infomodel.codelist.Code=IT1:CL_REFAREA(1.2).091024">
          <Name xml:lang="it" xmlns="http://www.sdmx.org/resources/sdmxml/schemas/v2_1/common">Fonni</Name>
          <Name xml:lang="en" xmlns="http://www.sdmx.org/resources/sdmxml/schemas/v2_1/common">Fonni</Name>
          <Parent>
            <Ref id="ITG26" xmlns="" />
          </Parent>
        </Code>
        <Code id="091025" urn="urn:sdmx:org.sdmx.infomodel.codelist.Code=IT1:CL_REFAREA(1.2).091025">
          <Name xml:lang="it" xmlns="http://www.sdmx.org/resources/sdmxml/schemas/v2_1/common">Gadoni</Name>
          <Name xml:lang="en" xmlns="http://www.sdmx.org/resources/sdmxml/schemas/v2_1/common">Gadoni</Name>
          <Parent>
            <Ref id="ITG26" xmlns="" />
          </Parent>
        </Code>
        <Code id="091026" urn="urn:sdmx:org.sdmx.infomodel.codelist.Code=IT1:CL_REFAREA(1.2).091026">
          <Name xml:lang="it" xmlns="http://www.sdmx.org/resources/sdmxml/schemas/v2_1/common">Gairo</Name>
          <Name xml:lang="en" xmlns="http://www.sdmx.org/resources/sdmxml/schemas/v2_1/common">Gairo</Name>
          <Parent>
            <Ref id="ITG26" xmlns="" />
          </Parent>
        </Code>
        <Code id="091027" urn="urn:sdmx:org.sdmx.infomodel.codelist.Code=IT1:CL_REFAREA(1.2).091027">
          <Name xml:lang="it" xmlns="http://www.sdmx.org/resources/sdmxml/schemas/v2_1/common">Galtellì</Name>
          <Name xml:lang="en" xmlns="http://www.sdmx.org/resources/sdmxml/schemas/v2_1/common">Galtellì</Name>
          <Parent>
            <Ref id="ITG26" xmlns="" />
          </Parent>
        </Code>
        <Code id="091028" urn="urn:sdmx:org.sdmx.infomodel.codelist.Code=IT1:CL_REFAREA(1.2).091028">
          <Name xml:lang="it" xmlns="http://www.sdmx.org/resources/sdmxml/schemas/v2_1/common">Gavoi</Name>
          <Name xml:lang="en" xmlns="http://www.sdmx.org/resources/sdmxml/schemas/v2_1/common">Gavoi</Name>
          <Parent>
            <Ref id="ITG26" xmlns="" />
          </Parent>
        </Code>
        <Code id="091029" urn="urn:sdmx:org.sdmx.infomodel.codelist.Code=IT1:CL_REFAREA(1.2).091029">
          <Name xml:lang="it" xmlns="http://www.sdmx.org/resources/sdmxml/schemas/v2_1/common">Genoni</Name>
          <Name xml:lang="en" xmlns="http://www.sdmx.org/resources/sdmxml/schemas/v2_1/common">Genoni</Name>
          <Parent>
            <Ref id="ITG26" xmlns="" />
          </Parent>
        </Code>
        <Code id="091030" urn="urn:sdmx:org.sdmx.infomodel.codelist.Code=IT1:CL_REFAREA(1.2).091030">
          <Name xml:lang="it" xmlns="http://www.sdmx.org/resources/sdmxml/schemas/v2_1/common">Gergei</Name>
          <Name xml:lang="en" xmlns="http://www.sdmx.org/resources/sdmxml/schemas/v2_1/common">Gergei</Name>
          <Parent>
            <Ref id="ITG26" xmlns="" />
          </Parent>
        </Code>
        <Code id="091031" urn="urn:sdmx:org.sdmx.infomodel.codelist.Code=IT1:CL_REFAREA(1.2).091031">
          <Name xml:lang="it" xmlns="http://www.sdmx.org/resources/sdmxml/schemas/v2_1/common">Girasole</Name>
          <Name xml:lang="en" xmlns="http://www.sdmx.org/resources/sdmxml/schemas/v2_1/common">Girasole</Name>
          <Parent>
            <Ref id="ITG26" xmlns="" />
          </Parent>
        </Code>
        <Code id="091032" urn="urn:sdmx:org.sdmx.infomodel.codelist.Code=IT1:CL_REFAREA(1.2).091032">
          <Name xml:lang="it" xmlns="http://www.sdmx.org/resources/sdmxml/schemas/v2_1/common">Ilbono</Name>
          <Name xml:lang="en" xmlns="http://www.sdmx.org/resources/sdmxml/schemas/v2_1/common">Ilbono</Name>
          <Parent>
            <Ref id="ITG26" xmlns="" />
          </Parent>
        </Code>
        <Code id="091033" urn="urn:sdmx:org.sdmx.infomodel.codelist.Code=IT1:CL_REFAREA(1.2).091033">
          <Name xml:lang="it" xmlns="http://www.sdmx.org/resources/sdmxml/schemas/v2_1/common">Irgoli</Name>
          <Name xml:lang="en" xmlns="http://www.sdmx.org/resources/sdmxml/schemas/v2_1/common">Irgoli</Name>
          <Parent>
            <Ref id="ITG26" xmlns="" />
          </Parent>
        </Code>
        <Code id="091034" urn="urn:sdmx:org.sdmx.infomodel.codelist.Code=IT1:CL_REFAREA(1.2).091034">
          <Name xml:lang="it" xmlns="http://www.sdmx.org/resources/sdmxml/schemas/v2_1/common">Isili</Name>
          <Name xml:lang="en" xmlns="http://www.sdmx.org/resources/sdmxml/schemas/v2_1/common">Isili</Name>
          <Parent>
            <Ref id="ITG26" xmlns="" />
          </Parent>
        </Code>
        <Code id="091035" urn="urn:sdmx:org.sdmx.infomodel.codelist.Code=IT1:CL_REFAREA(1.2).091035">
          <Name xml:lang="it" xmlns="http://www.sdmx.org/resources/sdmxml/schemas/v2_1/common">Jerzu</Name>
          <Name xml:lang="en" xmlns="http://www.sdmx.org/resources/sdmxml/schemas/v2_1/common">Jerzu</Name>
          <Parent>
            <Ref id="ITG26" xmlns="" />
          </Parent>
        </Code>
        <Code id="091036" urn="urn:sdmx:org.sdmx.infomodel.codelist.Code=IT1:CL_REFAREA(1.2).091036">
          <Name xml:lang="it" xmlns="http://www.sdmx.org/resources/sdmxml/schemas/v2_1/common">Laconi</Name>
          <Name xml:lang="en" xmlns="http://www.sdmx.org/resources/sdmxml/schemas/v2_1/common">Laconi</Name>
          <Parent>
            <Ref id="ITG26" xmlns="" />
          </Parent>
        </Code>
        <Code id="091037" urn="urn:sdmx:org.sdmx.infomodel.codelist.Code=IT1:CL_REFAREA(1.2).091037">
          <Name xml:lang="it" xmlns="http://www.sdmx.org/resources/sdmxml/schemas/v2_1/common">Lanusei</Name>
          <Name xml:lang="en" xmlns="http://www.sdmx.org/resources/sdmxml/schemas/v2_1/common">Lanusei</Name>
          <Parent>
            <Ref id="ITG26" xmlns="" />
          </Parent>
        </Code>
        <Code id="091038" urn="urn:sdmx:org.sdmx.infomodel.codelist.Code=IT1:CL_REFAREA(1.2).091038">
          <Name xml:lang="it" xmlns="http://www.sdmx.org/resources/sdmxml/schemas/v2_1/common">Lei</Name>
          <Name xml:lang="en" xmlns="http://www.sdmx.org/resources/sdmxml/schemas/v2_1/common">Lei</Name>
          <Parent>
            <Ref id="ITG26" xmlns="" />
          </Parent>
        </Code>
        <Code id="091039" urn="urn:sdmx:org.sdmx.infomodel.codelist.Code=IT1:CL_REFAREA(1.2).091039">
          <Name xml:lang="it" xmlns="http://www.sdmx.org/resources/sdmxml/schemas/v2_1/common">Loceri</Name>
          <Name xml:lang="en" xmlns="http://www.sdmx.org/resources/sdmxml/schemas/v2_1/common">Loceri</Name>
          <Parent>
            <Ref id="ITG26" xmlns="" />
          </Parent>
        </Code>
        <Code id="091040" urn="urn:sdmx:org.sdmx.infomodel.codelist.Code=IT1:CL_REFAREA(1.2).091040">
          <Name xml:lang="it" xmlns="http://www.sdmx.org/resources/sdmxml/schemas/v2_1/common">Loculi</Name>
          <Name xml:lang="en" xmlns="http://www.sdmx.org/resources/sdmxml/schemas/v2_1/common">Loculi</Name>
          <Parent>
            <Ref id="ITG26" xmlns="" />
          </Parent>
        </Code>
        <Code id="091041" urn="urn:sdmx:org.sdmx.infomodel.codelist.Code=IT1:CL_REFAREA(1.2).091041">
          <Name xml:lang="it" xmlns="http://www.sdmx.org/resources/sdmxml/schemas/v2_1/common">Lodè</Name>
          <Name xml:lang="en" xmlns="http://www.sdmx.org/resources/sdmxml/schemas/v2_1/common">Lodè</Name>
          <Parent>
            <Ref id="ITG26" xmlns="" />
          </Parent>
        </Code>
        <Code id="091042" urn="urn:sdmx:org.sdmx.infomodel.codelist.Code=IT1:CL_REFAREA(1.2).091042">
          <Name xml:lang="it" xmlns="http://www.sdmx.org/resources/sdmxml/schemas/v2_1/common">Lotzorai</Name>
          <Name xml:lang="en" xmlns="http://www.sdmx.org/resources/sdmxml/schemas/v2_1/common">Lotzorai</Name>
          <Parent>
            <Ref id="ITG26" xmlns="" />
          </Parent>
        </Code>
        <Code id="091043" urn="urn:sdmx:org.sdmx.infomodel.codelist.Code=IT1:CL_REFAREA(1.2).091043">
          <Name xml:lang="it" xmlns="http://www.sdmx.org/resources/sdmxml/schemas/v2_1/common">Lula</Name>
          <Name xml:lang="en" xmlns="http://www.sdmx.org/resources/sdmxml/schemas/v2_1/common">Lula</Name>
          <Parent>
            <Ref id="ITG26" xmlns="" />
          </Parent>
        </Code>
        <Code id="091044" urn="urn:sdmx:org.sdmx.infomodel.codelist.Code=IT1:CL_REFAREA(1.2).091044">
          <Name xml:lang="it" xmlns="http://www.sdmx.org/resources/sdmxml/schemas/v2_1/common">Macomer</Name>
          <Name xml:lang="en" xmlns="http://www.sdmx.org/resources/sdmxml/schemas/v2_1/common">Macomer</Name>
          <Parent>
            <Ref id="ITG26" xmlns="" />
          </Parent>
        </Code>
        <Code id="091045" urn="urn:sdmx:org.sdmx.infomodel.codelist.Code=IT1:CL_REFAREA(1.2).091045">
          <Name xml:lang="it" xmlns="http://www.sdmx.org/resources/sdmxml/schemas/v2_1/common">Magomadas</Name>
          <Name xml:lang="en" xmlns="http://www.sdmx.org/resources/sdmxml/schemas/v2_1/common">Magomadas</Name>
          <Parent>
            <Ref id="ITG26" xmlns="" />
          </Parent>
        </Code>
        <Code id="091046" urn="urn:sdmx:org.sdmx.infomodel.codelist.Code=IT1:CL_REFAREA(1.2).091046">
          <Name xml:lang="it" xmlns="http://www.sdmx.org/resources/sdmxml/schemas/v2_1/common">Mamoiada</Name>
          <Name xml:lang="en" xmlns="http://www.sdmx.org/resources/sdmxml/schemas/v2_1/common">Mamoiada</Name>
          <Parent>
            <Ref id="ITG26" xmlns="" />
          </Parent>
        </Code>
        <Code id="091047" urn="urn:sdmx:org.sdmx.infomodel.codelist.Code=IT1:CL_REFAREA(1.2).091047">
          <Name xml:lang="it" xmlns="http://www.sdmx.org/resources/sdmxml/schemas/v2_1/common">Meana Sardo</Name>
          <Name xml:lang="en" xmlns="http://www.sdmx.org/resources/sdmxml/schemas/v2_1/common">Meana Sardo</Name>
          <Parent>
            <Ref id="ITG26" xmlns="" />
          </Parent>
        </Code>
        <Code id="091048" urn="urn:sdmx:org.sdmx.infomodel.codelist.Code=IT1:CL_REFAREA(1.2).091048">
          <Name xml:lang="it" xmlns="http://www.sdmx.org/resources/sdmxml/schemas/v2_1/common">Modolo</Name>
          <Name xml:lang="en" xmlns="http://www.sdmx.org/resources/sdmxml/schemas/v2_1/common">Modolo</Name>
          <Parent>
            <Ref id="ITG26" xmlns="" />
          </Parent>
        </Code>
        <Code id="091049" urn="urn:sdmx:org.sdmx.infomodel.codelist.Code=IT1:CL_REFAREA(1.2).091049">
          <Name xml:lang="it" xmlns="http://www.sdmx.org/resources/sdmxml/schemas/v2_1/common">Montresta</Name>
          <Name xml:lang="en" xmlns="http://www.sdmx.org/resources/sdmxml/schemas/v2_1/common">Montresta</Name>
          <Parent>
            <Ref id="ITG26" xmlns="" />
          </Parent>
        </Code>
        <Code id="091050" urn="urn:sdmx:org.sdmx.infomodel.codelist.Code=IT1:CL_REFAREA(1.2).091050">
          <Name xml:lang="it" xmlns="http://www.sdmx.org/resources/sdmxml/schemas/v2_1/common">Noragugume</Name>
          <Name xml:lang="en" xmlns="http://www.sdmx.org/resources/sdmxml/schemas/v2_1/common">Noragugume</Name>
          <Parent>
            <Ref id="ITG26" xmlns="" />
          </Parent>
        </Code>
        <Code id="091051" urn="urn:sdmx:org.sdmx.infomodel.codelist.Code=IT1:CL_REFAREA(1.2).091051">
          <Name xml:lang="it" xmlns="http://www.sdmx.org/resources/sdmxml/schemas/v2_1/common">Nuoro</Name>
          <Name xml:lang="en" xmlns="http://www.sdmx.org/resources/sdmxml/schemas/v2_1/common">Nuoro</Name>
          <Parent>
            <Ref id="ITG26" xmlns="" />
          </Parent>
        </Code>
        <Code id="091052" urn="urn:sdmx:org.sdmx.infomodel.codelist.Code=IT1:CL_REFAREA(1.2).091052">
          <Name xml:lang="it" xmlns="http://www.sdmx.org/resources/sdmxml/schemas/v2_1/common">Nuragus</Name>
          <Name xml:lang="en" xmlns="http://www.sdmx.org/resources/sdmxml/schemas/v2_1/common">Nuragus</Name>
          <Parent>
            <Ref id="ITG26" xmlns="" />
          </Parent>
        </Code>
        <Code id="091053" urn="urn:sdmx:org.sdmx.infomodel.codelist.Code=IT1:CL_REFAREA(1.2).091053">
          <Name xml:lang="it" xmlns="http://www.sdmx.org/resources/sdmxml/schemas/v2_1/common">Nurallao</Name>
          <Name xml:lang="en" xmlns="http://www.sdmx.org/resources/sdmxml/schemas/v2_1/common">Nurallao</Name>
          <Parent>
            <Ref id="ITG26" xmlns="" />
          </Parent>
        </Code>
        <Code id="091054" urn="urn:sdmx:org.sdmx.infomodel.codelist.Code=IT1:CL_REFAREA(1.2).091054">
          <Name xml:lang="it" xmlns="http://www.sdmx.org/resources/sdmxml/schemas/v2_1/common">Nurri</Name>
          <Name xml:lang="en" xmlns="http://www.sdmx.org/resources/sdmxml/schemas/v2_1/common">Nurri</Name>
          <Parent>
            <Ref id="ITG26" xmlns="" />
          </Parent>
        </Code>
        <Code id="091055" urn="urn:sdmx:org.sdmx.infomodel.codelist.Code=IT1:CL_REFAREA(1.2).091055">
          <Name xml:lang="it" xmlns="http://www.sdmx.org/resources/sdmxml/schemas/v2_1/common">Oliena</Name>
          <Name xml:lang="en" xmlns="http://www.sdmx.org/resources/sdmxml/schemas/v2_1/common">Oliena</Name>
          <Parent>
            <Ref id="ITG26" xmlns="" />
          </Parent>
        </Code>
        <Code id="091056" urn="urn:sdmx:org.sdmx.infomodel.codelist.Code=IT1:CL_REFAREA(1.2).091056">
          <Name xml:lang="it" xmlns="http://www.sdmx.org/resources/sdmxml/schemas/v2_1/common">Ollolai</Name>
          <Name xml:lang="en" xmlns="http://www.sdmx.org/resources/sdmxml/schemas/v2_1/common">Ollolai</Name>
          <Parent>
            <Ref id="ITG26" xmlns="" />
          </Parent>
        </Code>
        <Code id="091057" urn="urn:sdmx:org.sdmx.infomodel.codelist.Code=IT1:CL_REFAREA(1.2).091057">
          <Name xml:lang="it" xmlns="http://www.sdmx.org/resources/sdmxml/schemas/v2_1/common">Olzai</Name>
          <Name xml:lang="en" xmlns="http://www.sdmx.org/resources/sdmxml/schemas/v2_1/common">Olzai</Name>
          <Parent>
            <Ref id="ITG26" xmlns="" />
          </Parent>
        </Code>
        <Code id="091058" urn="urn:sdmx:org.sdmx.infomodel.codelist.Code=IT1:CL_REFAREA(1.2).091058">
          <Name xml:lang="it" xmlns="http://www.sdmx.org/resources/sdmxml/schemas/v2_1/common">Onanì</Name>
          <Name xml:lang="en" xmlns="http://www.sdmx.org/resources/sdmxml/schemas/v2_1/common">Onanì</Name>
          <Parent>
            <Ref id="ITG26" xmlns="" />
          </Parent>
        </Code>
        <Code id="091059" urn="urn:sdmx:org.sdmx.infomodel.codelist.Code=IT1:CL_REFAREA(1.2).091059">
          <Name xml:lang="it" xmlns="http://www.sdmx.org/resources/sdmxml/schemas/v2_1/common">Onifai</Name>
          <Name xml:lang="en" xmlns="http://www.sdmx.org/resources/sdmxml/schemas/v2_1/common">Onifai</Name>
          <Parent>
            <Ref id="ITG26" xmlns="" />
          </Parent>
        </Code>
        <Code id="091060" urn="urn:sdmx:org.sdmx.infomodel.codelist.Code=IT1:CL_REFAREA(1.2).091060">
          <Name xml:lang="it" xmlns="http://www.sdmx.org/resources/sdmxml/schemas/v2_1/common">Oniferi</Name>
          <Name xml:lang="en" xmlns="http://www.sdmx.org/resources/sdmxml/schemas/v2_1/common">Oniferi</Name>
          <Parent>
            <Ref id="ITG26" xmlns="" />
          </Parent>
        </Code>
        <Code id="091061" urn="urn:sdmx:org.sdmx.infomodel.codelist.Code=IT1:CL_REFAREA(1.2).091061">
          <Name xml:lang="it" xmlns="http://www.sdmx.org/resources/sdmxml/schemas/v2_1/common">Orani</Name>
          <Name xml:lang="en" xmlns="http://www.sdmx.org/resources/sdmxml/schemas/v2_1/common">Orani</Name>
          <Parent>
            <Ref id="ITG26" xmlns="" />
          </Parent>
        </Code>
        <Code id="091062" urn="urn:sdmx:org.sdmx.infomodel.codelist.Code=IT1:CL_REFAREA(1.2).091062">
          <Name xml:lang="it" xmlns="http://www.sdmx.org/resources/sdmxml/schemas/v2_1/common">Orgosolo</Name>
          <Name xml:lang="en" xmlns="http://www.sdmx.org/resources/sdmxml/schemas/v2_1/common">Orgosolo</Name>
          <Parent>
            <Ref id="ITG26" xmlns="" />
          </Parent>
        </Code>
        <Code id="091063" urn="urn:sdmx:org.sdmx.infomodel.codelist.Code=IT1:CL_REFAREA(1.2).091063">
          <Name xml:lang="it" xmlns="http://www.sdmx.org/resources/sdmxml/schemas/v2_1/common">Orosei</Name>
          <Name xml:lang="en" xmlns="http://www.sdmx.org/resources/sdmxml/schemas/v2_1/common">Orosei</Name>
          <Parent>
            <Ref id="ITG26" xmlns="" />
          </Parent>
        </Code>
        <Code id="091064" urn="urn:sdmx:org.sdmx.infomodel.codelist.Code=IT1:CL_REFAREA(1.2).091064">
          <Name xml:lang="it" xmlns="http://www.sdmx.org/resources/sdmxml/schemas/v2_1/common">Orotelli</Name>
          <Name xml:lang="en" xmlns="http://www.sdmx.org/resources/sdmxml/schemas/v2_1/common">Orotelli</Name>
          <Parent>
            <Ref id="ITG26" xmlns="" />
          </Parent>
        </Code>
        <Code id="091065" urn="urn:sdmx:org.sdmx.infomodel.codelist.Code=IT1:CL_REFAREA(1.2).091065">
          <Name xml:lang="it" xmlns="http://www.sdmx.org/resources/sdmxml/schemas/v2_1/common">Orroli</Name>
          <Name xml:lang="en" xmlns="http://www.sdmx.org/resources/sdmxml/schemas/v2_1/common">Orroli</Name>
          <Parent>
            <Ref id="ITG26" xmlns="" />
          </Parent>
        </Code>
        <Code id="091066" urn="urn:sdmx:org.sdmx.infomodel.codelist.Code=IT1:CL_REFAREA(1.2).091066">
          <Name xml:lang="it" xmlns="http://www.sdmx.org/resources/sdmxml/schemas/v2_1/common">Ortueri</Name>
          <Name xml:lang="en" xmlns="http://www.sdmx.org/resources/sdmxml/schemas/v2_1/common">Ortueri</Name>
          <Parent>
            <Ref id="ITG26" xmlns="" />
          </Parent>
        </Code>
        <Code id="091067" urn="urn:sdmx:org.sdmx.infomodel.codelist.Code=IT1:CL_REFAREA(1.2).091067">
          <Name xml:lang="it" xmlns="http://www.sdmx.org/resources/sdmxml/schemas/v2_1/common">Orune</Name>
          <Name xml:lang="en" xmlns="http://www.sdmx.org/resources/sdmxml/schemas/v2_1/common">Orune</Name>
          <Parent>
            <Ref id="ITG26" xmlns="" />
          </Parent>
        </Code>
        <Code id="091068" urn="urn:sdmx:org.sdmx.infomodel.codelist.Code=IT1:CL_REFAREA(1.2).091068">
          <Name xml:lang="it" xmlns="http://www.sdmx.org/resources/sdmxml/schemas/v2_1/common">Osidda</Name>
          <Name xml:lang="en" xmlns="http://www.sdmx.org/resources/sdmxml/schemas/v2_1/common">Osidda</Name>
          <Parent>
            <Ref id="ITG26" xmlns="" />
          </Parent>
        </Code>
        <Code id="091069" urn="urn:sdmx:org.sdmx.infomodel.codelist.Code=IT1:CL_REFAREA(1.2).091069">
          <Name xml:lang="it" xmlns="http://www.sdmx.org/resources/sdmxml/schemas/v2_1/common">Osini</Name>
          <Name xml:lang="en" xmlns="http://www.sdmx.org/resources/sdmxml/schemas/v2_1/common">Osini</Name>
          <Parent>
            <Ref id="ITG26" xmlns="" />
          </Parent>
        </Code>
        <Code id="091070" urn="urn:sdmx:org.sdmx.infomodel.codelist.Code=IT1:CL_REFAREA(1.2).091070">
          <Name xml:lang="it" xmlns="http://www.sdmx.org/resources/sdmxml/schemas/v2_1/common">Ottana</Name>
          <Name xml:lang="en" xmlns="http://www.sdmx.org/resources/sdmxml/schemas/v2_1/common">Ottana</Name>
          <Parent>
            <Ref id="ITG26" xmlns="" />
          </Parent>
        </Code>
        <Code id="091071" urn="urn:sdmx:org.sdmx.infomodel.codelist.Code=IT1:CL_REFAREA(1.2).091071">
          <Name xml:lang="it" xmlns="http://www.sdmx.org/resources/sdmxml/schemas/v2_1/common">Ovodda</Name>
          <Name xml:lang="en" xmlns="http://www.sdmx.org/resources/sdmxml/schemas/v2_1/common">Ovodda</Name>
          <Parent>
            <Ref id="ITG26" xmlns="" />
          </Parent>
        </Code>
        <Code id="091072" urn="urn:sdmx:org.sdmx.infomodel.codelist.Code=IT1:CL_REFAREA(1.2).091072">
          <Name xml:lang="it" xmlns="http://www.sdmx.org/resources/sdmxml/schemas/v2_1/common">Perdasdefogu</Name>
          <Name xml:lang="en" xmlns="http://www.sdmx.org/resources/sdmxml/schemas/v2_1/common">Perdasdefogu</Name>
          <Parent>
            <Ref id="ITG26" xmlns="" />
          </Parent>
        </Code>
        <Code id="091073" urn="urn:sdmx:org.sdmx.infomodel.codelist.Code=IT1:CL_REFAREA(1.2).091073">
          <Name xml:lang="it" xmlns="http://www.sdmx.org/resources/sdmxml/schemas/v2_1/common">Posada</Name>
          <Name xml:lang="en" xmlns="http://www.sdmx.org/resources/sdmxml/schemas/v2_1/common">Posada</Name>
          <Parent>
            <Ref id="ITG26" xmlns="" />
          </Parent>
        </Code>
        <Code id="091074" urn="urn:sdmx:org.sdmx.infomodel.codelist.Code=IT1:CL_REFAREA(1.2).091074">
          <Name xml:lang="it" xmlns="http://www.sdmx.org/resources/sdmxml/schemas/v2_1/common">Sadali</Name>
          <Name xml:lang="en" xmlns="http://www.sdmx.org/resources/sdmxml/schemas/v2_1/common">Sadali</Name>
          <Parent>
            <Ref id="ITG26" xmlns="" />
          </Parent>
        </Code>
        <Code id="091075" urn="urn:sdmx:org.sdmx.infomodel.codelist.Code=IT1:CL_REFAREA(1.2).091075">
          <Name xml:lang="it" xmlns="http://www.sdmx.org/resources/sdmxml/schemas/v2_1/common">Sagama</Name>
          <Name xml:lang="en" xmlns="http://www.sdmx.org/resources/sdmxml/schemas/v2_1/common">Sagama</Name>
          <Parent>
            <Ref id="ITG26" xmlns="" />
          </Parent>
        </Code>
        <Code id="091076" urn="urn:sdmx:org.sdmx.infomodel.codelist.Code=IT1:CL_REFAREA(1.2).091076">
          <Name xml:lang="it" xmlns="http://www.sdmx.org/resources/sdmxml/schemas/v2_1/common">San Teodoro</Name>
          <Name xml:lang="en" xmlns="http://www.sdmx.org/resources/sdmxml/schemas/v2_1/common">San Teodoro</Name>
          <Parent>
            <Ref id="ITG26" xmlns="" />
          </Parent>
        </Code>
        <Code id="091077" urn="urn:sdmx:org.sdmx.infomodel.codelist.Code=IT1:CL_REFAREA(1.2).091077">
          <Name xml:lang="it" xmlns="http://www.sdmx.org/resources/sdmxml/schemas/v2_1/common">Sarule</Name>
          <Name xml:lang="en" xmlns="http://www.sdmx.org/resources/sdmxml/schemas/v2_1/common">Sarule</Name>
          <Parent>
            <Ref id="ITG26" xmlns="" />
          </Parent>
        </Code>
        <Code id="091080" urn="urn:sdmx:org.sdmx.infomodel.codelist.Code=IT1:CL_REFAREA(1.2).091080">
          <Name xml:lang="it" xmlns="http://www.sdmx.org/resources/sdmxml/schemas/v2_1/common">Serri</Name>
          <Name xml:lang="en" xmlns="http://www.sdmx.org/resources/sdmxml/schemas/v2_1/common">Serri</Name>
          <Parent>
            <Ref id="ITG26" xmlns="" />
          </Parent>
        </Code>
        <Code id="091081" urn="urn:sdmx:org.sdmx.infomodel.codelist.Code=IT1:CL_REFAREA(1.2).091081">
          <Name xml:lang="it" xmlns="http://www.sdmx.org/resources/sdmxml/schemas/v2_1/common">Seui</Name>
          <Name xml:lang="en" xmlns="http://www.sdmx.org/resources/sdmxml/schemas/v2_1/common">Seui</Name>
          <Parent>
            <Ref id="ITG26" xmlns="" />
          </Parent>
        </Code>
        <Code id="091082" urn="urn:sdmx:org.sdmx.infomodel.codelist.Code=IT1:CL_REFAREA(1.2).091082">
          <Name xml:lang="it" xmlns="http://www.sdmx.org/resources/sdmxml/schemas/v2_1/common">Seulo</Name>
          <Name xml:lang="en" xmlns="http://www.sdmx.org/resources/sdmxml/schemas/v2_1/common">Seulo</Name>
          <Parent>
            <Ref id="ITG26" xmlns="" />
          </Parent>
        </Code>
        <Code id="091083" urn="urn:sdmx:org.sdmx.infomodel.codelist.Code=IT1:CL_REFAREA(1.2).091083">
          <Name xml:lang="it" xmlns="http://www.sdmx.org/resources/sdmxml/schemas/v2_1/common">Silanus</Name>
          <Name xml:lang="en" xmlns="http://www.sdmx.org/resources/sdmxml/schemas/v2_1/common">Silanus</Name>
          <Parent>
            <Ref id="ITG26" xmlns="" />
          </Parent>
        </Code>
        <Code id="091084" urn="urn:sdmx:org.sdmx.infomodel.codelist.Code=IT1:CL_REFAREA(1.2).091084">
          <Name xml:lang="it" xmlns="http://www.sdmx.org/resources/sdmxml/schemas/v2_1/common">Sindia</Name>
          <Name xml:lang="en" xmlns="http://www.sdmx.org/resources/sdmxml/schemas/v2_1/common">Sindia</Name>
          <Parent>
            <Ref id="ITG26" xmlns="" />
          </Parent>
        </Code>
        <Code id="091085" urn="urn:sdmx:org.sdmx.infomodel.codelist.Code=IT1:CL_REFAREA(1.2).091085">
          <Name xml:lang="it" xmlns="http://www.sdmx.org/resources/sdmxml/schemas/v2_1/common">Siniscola</Name>
          <Name xml:lang="en" xmlns="http://www.sdmx.org/resources/sdmxml/schemas/v2_1/common">Siniscola</Name>
          <Parent>
            <Ref id="ITG26" xmlns="" />
          </Parent>
        </Code>
        <Code id="091086" urn="urn:sdmx:org.sdmx.infomodel.codelist.Code=IT1:CL_REFAREA(1.2).091086">
          <Name xml:lang="it" xmlns="http://www.sdmx.org/resources/sdmxml/schemas/v2_1/common">Sorgono</Name>
          <Name xml:lang="en" xmlns="http://www.sdmx.org/resources/sdmxml/schemas/v2_1/common">Sorgono</Name>
          <Parent>
            <Ref id="ITG26" xmlns="" />
          </Parent>
        </Code>
        <Code id="091087" urn="urn:sdmx:org.sdmx.infomodel.codelist.Code=IT1:CL_REFAREA(1.2).091087">
          <Name xml:lang="it" xmlns="http://www.sdmx.org/resources/sdmxml/schemas/v2_1/common">Suni</Name>
          <Name xml:lang="en" xmlns="http://www.sdmx.org/resources/sdmxml/schemas/v2_1/common">Suni</Name>
          <Parent>
            <Ref id="ITG26" xmlns="" />
          </Parent>
        </Code>
        <Code id="091088" urn="urn:sdmx:org.sdmx.infomodel.codelist.Code=IT1:CL_REFAREA(1.2).091088">
          <Name xml:lang="it" xmlns="http://www.sdmx.org/resources/sdmxml/schemas/v2_1/common">Talana</Name>
          <Name xml:lang="en" xmlns="http://www.sdmx.org/resources/sdmxml/schemas/v2_1/common">Talana</Name>
          <Parent>
            <Ref id="ITG26" xmlns="" />
          </Parent>
        </Code>
        <Code id="091089" urn="urn:sdmx:org.sdmx.infomodel.codelist.Code=IT1:CL_REFAREA(1.2).091089">
          <Name xml:lang="it" xmlns="http://www.sdmx.org/resources/sdmxml/schemas/v2_1/common">Tertenia</Name>
          <Name xml:lang="en" xmlns="http://www.sdmx.org/resources/sdmxml/schemas/v2_1/common">Tertenia</Name>
          <Parent>
            <Ref id="ITG26" xmlns="" />
          </Parent>
        </Code>
        <Code id="091090" urn="urn:sdmx:org.sdmx.infomodel.codelist.Code=IT1:CL_REFAREA(1.2).091090">
          <Name xml:lang="it" xmlns="http://www.sdmx.org/resources/sdmxml/schemas/v2_1/common">Teti</Name>
          <Name xml:lang="en" xmlns="http://www.sdmx.org/resources/sdmxml/schemas/v2_1/common">Teti</Name>
          <Parent>
            <Ref id="ITG26" xmlns="" />
          </Parent>
        </Code>
        <Code id="091091" urn="urn:sdmx:org.sdmx.infomodel.codelist.Code=IT1:CL_REFAREA(1.2).091091">
          <Name xml:lang="it" xmlns="http://www.sdmx.org/resources/sdmxml/schemas/v2_1/common">Tiana</Name>
          <Name xml:lang="en" xmlns="http://www.sdmx.org/resources/sdmxml/schemas/v2_1/common">Tiana</Name>
          <Parent>
            <Ref id="ITG26" xmlns="" />
          </Parent>
        </Code>
        <Code id="091092" urn="urn:sdmx:org.sdmx.infomodel.codelist.Code=IT1:CL_REFAREA(1.2).091092">
          <Name xml:lang="it" xmlns="http://www.sdmx.org/resources/sdmxml/schemas/v2_1/common">Tinnura</Name>
          <Name xml:lang="en" xmlns="http://www.sdmx.org/resources/sdmxml/schemas/v2_1/common">Tinnura</Name>
          <Parent>
            <Ref id="ITG26" xmlns="" />
          </Parent>
        </Code>
        <Code id="091093" urn="urn:sdmx:org.sdmx.infomodel.codelist.Code=IT1:CL_REFAREA(1.2).091093">
          <Name xml:lang="it" xmlns="http://www.sdmx.org/resources/sdmxml/schemas/v2_1/common">Tonara</Name>
          <Name xml:lang="en" xmlns="http://www.sdmx.org/resources/sdmxml/schemas/v2_1/common">Tonara</Name>
          <Parent>
            <Ref id="ITG26" xmlns="" />
          </Parent>
        </Code>
        <Code id="091094" urn="urn:sdmx:org.sdmx.infomodel.codelist.Code=IT1:CL_REFAREA(1.2).091094">
          <Name xml:lang="it" xmlns="http://www.sdmx.org/resources/sdmxml/schemas/v2_1/common">Torpè</Name>
          <Name xml:lang="en" xmlns="http://www.sdmx.org/resources/sdmxml/schemas/v2_1/common">Torpè</Name>
          <Parent>
            <Ref id="ITG26" xmlns="" />
          </Parent>
        </Code>
        <Code id="091095" urn="urn:sdmx:org.sdmx.infomodel.codelist.Code=IT1:CL_REFAREA(1.2).091095">
          <Name xml:lang="it" xmlns="http://www.sdmx.org/resources/sdmxml/schemas/v2_1/common">Tortolì</Name>
          <Name xml:lang="en" xmlns="http://www.sdmx.org/resources/sdmxml/schemas/v2_1/common">Tortolì</Name>
          <Parent>
            <Ref id="ITG26" xmlns="" />
          </Parent>
        </Code>
        <Code id="091097" urn="urn:sdmx:org.sdmx.infomodel.codelist.Code=IT1:CL_REFAREA(1.2).091097">
          <Name xml:lang="it" xmlns="http://www.sdmx.org/resources/sdmxml/schemas/v2_1/common">Triei</Name>
          <Name xml:lang="en" xmlns="http://www.sdmx.org/resources/sdmxml/schemas/v2_1/common">Triei</Name>
          <Parent>
            <Ref id="ITG26" xmlns="" />
          </Parent>
        </Code>
        <Code id="091098" urn="urn:sdmx:org.sdmx.infomodel.codelist.Code=IT1:CL_REFAREA(1.2).091098">
          <Name xml:lang="it" xmlns="http://www.sdmx.org/resources/sdmxml/schemas/v2_1/common">Ulassai</Name>
          <Name xml:lang="en" xmlns="http://www.sdmx.org/resources/sdmxml/schemas/v2_1/common">Ulassai</Name>
          <Parent>
            <Ref id="ITG26" xmlns="" />
          </Parent>
        </Code>
        <Code id="091099" urn="urn:sdmx:org.sdmx.infomodel.codelist.Code=IT1:CL_REFAREA(1.2).091099">
          <Name xml:lang="it" xmlns="http://www.sdmx.org/resources/sdmxml/schemas/v2_1/common">Urzulei</Name>
          <Name xml:lang="en" xmlns="http://www.sdmx.org/resources/sdmxml/schemas/v2_1/common">Urzulei</Name>
          <Parent>
            <Ref id="ITG26" xmlns="" />
          </Parent>
        </Code>
        <Code id="091100" urn="urn:sdmx:org.sdmx.infomodel.codelist.Code=IT1:CL_REFAREA(1.2).091100">
          <Name xml:lang="it" xmlns="http://www.sdmx.org/resources/sdmxml/schemas/v2_1/common">Ussassai</Name>
          <Name xml:lang="en" xmlns="http://www.sdmx.org/resources/sdmxml/schemas/v2_1/common">Ussassai</Name>
          <Parent>
            <Ref id="ITG26" xmlns="" />
          </Parent>
        </Code>
        <Code id="091101" urn="urn:sdmx:org.sdmx.infomodel.codelist.Code=IT1:CL_REFAREA(1.2).091101">
          <Name xml:lang="it" xmlns="http://www.sdmx.org/resources/sdmxml/schemas/v2_1/common">Villagrande Strisaili</Name>
          <Name xml:lang="en" xmlns="http://www.sdmx.org/resources/sdmxml/schemas/v2_1/common">Villagrande Strisaili</Name>
          <Parent>
            <Ref id="ITG26" xmlns="" />
          </Parent>
        </Code>
        <Code id="091102" urn="urn:sdmx:org.sdmx.infomodel.codelist.Code=IT1:CL_REFAREA(1.2).091102">
          <Name xml:lang="it" xmlns="http://www.sdmx.org/resources/sdmxml/schemas/v2_1/common">Villanova Tulo</Name>
          <Name xml:lang="en" xmlns="http://www.sdmx.org/resources/sdmxml/schemas/v2_1/common">Villanova Tulo</Name>
          <Parent>
            <Ref id="ITG26" xmlns="" />
          </Parent>
        </Code>
        <Code id="091103" urn="urn:sdmx:org.sdmx.infomodel.codelist.Code=IT1:CL_REFAREA(1.2).091103">
          <Name xml:lang="it" xmlns="http://www.sdmx.org/resources/sdmxml/schemas/v2_1/common">Cardedu</Name>
          <Name xml:lang="en" xmlns="http://www.sdmx.org/resources/sdmxml/schemas/v2_1/common">Cardedu</Name>
          <Parent>
            <Ref id="ITG26" xmlns="" />
          </Parent>
        </Code>
        <Code id="091104" urn="urn:sdmx:org.sdmx.infomodel.codelist.Code=IT1:CL_REFAREA(1.2).091104">
          <Name xml:lang="it" xmlns="http://www.sdmx.org/resources/sdmxml/schemas/v2_1/common">Lodine</Name>
          <Name xml:lang="en" xmlns="http://www.sdmx.org/resources/sdmxml/schemas/v2_1/common">Lodine</Name>
          <Parent>
            <Ref id="ITG26" xmlns="" />
          </Parent>
        </Code>
        <Code id="092001" urn="urn:sdmx:org.sdmx.infomodel.codelist.Code=IT1:CL_REFAREA(1.2).092001">
          <Name xml:lang="it" xmlns="http://www.sdmx.org/resources/sdmxml/schemas/v2_1/common">Arbus</Name>
          <Name xml:lang="en" xmlns="http://www.sdmx.org/resources/sdmxml/schemas/v2_1/common">Arbus</Name>
          <Parent>
            <Ref id="ITG27" xmlns="" />
          </Parent>
        </Code>
        <Code id="092002" urn="urn:sdmx:org.sdmx.infomodel.codelist.Code=IT1:CL_REFAREA(1.2).092002">
          <Name xml:lang="it" xmlns="http://www.sdmx.org/resources/sdmxml/schemas/v2_1/common">Armungia</Name>
          <Name xml:lang="en" xmlns="http://www.sdmx.org/resources/sdmxml/schemas/v2_1/common">Armungia</Name>
          <Parent>
            <Ref id="ITG27" xmlns="" />
          </Parent>
        </Code>
        <Code id="092003" urn="urn:sdmx:org.sdmx.infomodel.codelist.Code=IT1:CL_REFAREA(1.2).092003">
          <Name xml:lang="it" xmlns="http://www.sdmx.org/resources/sdmxml/schemas/v2_1/common">Assemini</Name>
          <Name xml:lang="en" xmlns="http://www.sdmx.org/resources/sdmxml/schemas/v2_1/common">Assemini</Name>
          <Parent>
            <Ref id="ITG27" xmlns="" />
          </Parent>
        </Code>
        <Code id="092004" urn="urn:sdmx:org.sdmx.infomodel.codelist.Code=IT1:CL_REFAREA(1.2).092004">
          <Name xml:lang="it" xmlns="http://www.sdmx.org/resources/sdmxml/schemas/v2_1/common">Ballao</Name>
          <Name xml:lang="en" xmlns="http://www.sdmx.org/resources/sdmxml/schemas/v2_1/common">Ballao</Name>
          <Parent>
            <Ref id="ITG27" xmlns="" />
          </Parent>
        </Code>
        <Code id="092005" urn="urn:sdmx:org.sdmx.infomodel.codelist.Code=IT1:CL_REFAREA(1.2).092005">
          <Name xml:lang="it" xmlns="http://www.sdmx.org/resources/sdmxml/schemas/v2_1/common">Barrali</Name>
          <Name xml:lang="en" xmlns="http://www.sdmx.org/resources/sdmxml/schemas/v2_1/common">Barrali</Name>
          <Parent>
            <Ref id="ITG27" xmlns="" />
          </Parent>
        </Code>
        <Code id="092006" urn="urn:sdmx:org.sdmx.infomodel.codelist.Code=IT1:CL_REFAREA(1.2).092006">
          <Name xml:lang="it" xmlns="http://www.sdmx.org/resources/sdmxml/schemas/v2_1/common">Barumini</Name>
          <Name xml:lang="en" xmlns="http://www.sdmx.org/resources/sdmxml/schemas/v2_1/common">Barumini</Name>
          <Parent>
            <Ref id="ITG27" xmlns="" />
          </Parent>
        </Code>
        <Code id="092007" urn="urn:sdmx:org.sdmx.infomodel.codelist.Code=IT1:CL_REFAREA(1.2).092007">
          <Name xml:lang="it" xmlns="http://www.sdmx.org/resources/sdmxml/schemas/v2_1/common">Buggerru</Name>
          <Name xml:lang="en" xmlns="http://www.sdmx.org/resources/sdmxml/schemas/v2_1/common">Buggerru</Name>
          <Parent>
            <Ref id="ITG27" xmlns="" />
          </Parent>
        </Code>
        <Code id="092008" urn="urn:sdmx:org.sdmx.infomodel.codelist.Code=IT1:CL_REFAREA(1.2).092008">
          <Name xml:lang="it" xmlns="http://www.sdmx.org/resources/sdmxml/schemas/v2_1/common">Burcei</Name>
          <Name xml:lang="en" xmlns="http://www.sdmx.org/resources/sdmxml/schemas/v2_1/common">Burcei</Name>
          <Parent>
            <Ref id="ITG27" xmlns="" />
          </Parent>
        </Code>
        <Code id="092009" urn="urn:sdmx:org.sdmx.infomodel.codelist.Code=IT1:CL_REFAREA(1.2).092009">
          <Name xml:lang="it" xmlns="http://www.sdmx.org/resources/sdmxml/schemas/v2_1/common">Cagliari</Name>
          <Name xml:lang="en" xmlns="http://www.sdmx.org/resources/sdmxml/schemas/v2_1/common">Cagliari</Name>
          <Parent>
            <Ref id="ITG27" xmlns="" />
          </Parent>
        </Code>
        <Code id="092010" urn="urn:sdmx:org.sdmx.infomodel.codelist.Code=IT1:CL_REFAREA(1.2).092010">
          <Name xml:lang="it" xmlns="http://www.sdmx.org/resources/sdmxml/schemas/v2_1/common">Calasetta</Name>
          <Name xml:lang="en" xmlns="http://www.sdmx.org/resources/sdmxml/schemas/v2_1/common">Calasetta</Name>
          <Parent>
            <Ref id="ITG27" xmlns="" />
          </Parent>
        </Code>
        <Code id="092011" urn="urn:sdmx:org.sdmx.infomodel.codelist.Code=IT1:CL_REFAREA(1.2).092011">
          <Name xml:lang="it" xmlns="http://www.sdmx.org/resources/sdmxml/schemas/v2_1/common">Capoterra</Name>
          <Name xml:lang="en" xmlns="http://www.sdmx.org/resources/sdmxml/schemas/v2_1/common">Capoterra</Name>
          <Parent>
            <Ref id="ITG27" xmlns="" />
          </Parent>
        </Code>
        <Code id="092012" urn="urn:sdmx:org.sdmx.infomodel.codelist.Code=IT1:CL_REFAREA(1.2).092012">
          <Name xml:lang="it" xmlns="http://www.sdmx.org/resources/sdmxml/schemas/v2_1/common">Carbonia</Name>
          <Name xml:lang="en" xmlns="http://www.sdmx.org/resources/sdmxml/schemas/v2_1/common">Carbonia</Name>
          <Parent>
            <Ref id="ITG27" xmlns="" />
          </Parent>
        </Code>
        <Code id="092013" urn="urn:sdmx:org.sdmx.infomodel.codelist.Code=IT1:CL_REFAREA(1.2).092013">
          <Name xml:lang="it" xmlns="http://www.sdmx.org/resources/sdmxml/schemas/v2_1/common">Carloforte</Name>
          <Name xml:lang="en" xmlns="http://www.sdmx.org/resources/sdmxml/schemas/v2_1/common">Carloforte</Name>
          <Parent>
            <Ref id="ITG27" xmlns="" />
          </Parent>
        </Code>
        <Code id="092014" urn="urn:sdmx:org.sdmx.infomodel.codelist.Code=IT1:CL_REFAREA(1.2).092014">
          <Name xml:lang="it" xmlns="http://www.sdmx.org/resources/sdmxml/schemas/v2_1/common">Collinas</Name>
          <Name xml:lang="en" xmlns="http://www.sdmx.org/resources/sdmxml/schemas/v2_1/common">Collinas</Name>
          <Parent>
            <Ref id="ITG27" xmlns="" />
          </Parent>
        </Code>
        <Code id="092015" urn="urn:sdmx:org.sdmx.infomodel.codelist.Code=IT1:CL_REFAREA(1.2).092015">
          <Name xml:lang="it" xmlns="http://www.sdmx.org/resources/sdmxml/schemas/v2_1/common">Decimomannu</Name>
          <Name xml:lang="en" xmlns="http://www.sdmx.org/resources/sdmxml/schemas/v2_1/common">Decimomannu</Name>
          <Parent>
            <Ref id="ITG27" xmlns="" />
          </Parent>
        </Code>
        <Code id="092016" urn="urn:sdmx:org.sdmx.infomodel.codelist.Code=IT1:CL_REFAREA(1.2).092016">
          <Name xml:lang="it" xmlns="http://www.sdmx.org/resources/sdmxml/schemas/v2_1/common">Decimoputzu</Name>
          <Name xml:lang="en" xmlns="http://www.sdmx.org/resources/sdmxml/schemas/v2_1/common">Decimoputzu</Name>
          <Parent>
            <Ref id="ITG27" xmlns="" />
          </Parent>
        </Code>
        <Code id="092017" urn="urn:sdmx:org.sdmx.infomodel.codelist.Code=IT1:CL_REFAREA(1.2).092017">
          <Name xml:lang="it" xmlns="http://www.sdmx.org/resources/sdmxml/schemas/v2_1/common">Dolianova</Name>
          <Name xml:lang="en" xmlns="http://www.sdmx.org/resources/sdmxml/schemas/v2_1/common">Dolianova</Name>
          <Parent>
            <Ref id="ITG27" xmlns="" />
          </Parent>
        </Code>
        <Code id="092018" urn="urn:sdmx:org.sdmx.infomodel.codelist.Code=IT1:CL_REFAREA(1.2).092018">
          <Name xml:lang="it" xmlns="http://www.sdmx.org/resources/sdmxml/schemas/v2_1/common">Domus de Maria</Name>
          <Name xml:lang="en" xmlns="http://www.sdmx.org/resources/sdmxml/schemas/v2_1/common">Domus de Maria</Name>
          <Parent>
            <Ref id="ITG27" xmlns="" />
          </Parent>
        </Code>
        <Code id="092019" urn="urn:sdmx:org.sdmx.infomodel.codelist.Code=IT1:CL_REFAREA(1.2).092019">
          <Name xml:lang="it" xmlns="http://www.sdmx.org/resources/sdmxml/schemas/v2_1/common">Domusnovas</Name>
          <Name xml:lang="en" xmlns="http://www.sdmx.org/resources/sdmxml/schemas/v2_1/common">Domusnovas</Name>
          <Parent>
            <Ref id="ITG27" xmlns="" />
          </Parent>
        </Code>
        <Code id="092020" urn="urn:sdmx:org.sdmx.infomodel.codelist.Code=IT1:CL_REFAREA(1.2).092020">
          <Name xml:lang="it" xmlns="http://www.sdmx.org/resources/sdmxml/schemas/v2_1/common">Donori</Name>
          <Name xml:lang="en" xmlns="http://www.sdmx.org/resources/sdmxml/schemas/v2_1/common">Donori</Name>
          <Parent>
            <Ref id="ITG27" xmlns="" />
          </Parent>
        </Code>
        <Code id="092021" urn="urn:sdmx:org.sdmx.infomodel.codelist.Code=IT1:CL_REFAREA(1.2).092021">
          <Name xml:lang="it" xmlns="http://www.sdmx.org/resources/sdmxml/schemas/v2_1/common">Fluminimaggiore</Name>
          <Name xml:lang="en" xmlns="http://www.sdmx.org/resources/sdmxml/schemas/v2_1/common">Fluminimaggiore</Name>
          <Parent>
            <Ref id="ITG27" xmlns="" />
          </Parent>
        </Code>
        <Code id="092022" urn="urn:sdmx:org.sdmx.infomodel.codelist.Code=IT1:CL_REFAREA(1.2).092022">
          <Name xml:lang="it" xmlns="http://www.sdmx.org/resources/sdmxml/schemas/v2_1/common">Furtei</Name>
          <Name xml:lang="en" xmlns="http://www.sdmx.org/resources/sdmxml/schemas/v2_1/common">Furtei</Name>
          <Parent>
            <Ref id="ITG27" xmlns="" />
          </Parent>
        </Code>
        <Code id="092023" urn="urn:sdmx:org.sdmx.infomodel.codelist.Code=IT1:CL_REFAREA(1.2).092023">
          <Name xml:lang="it" xmlns="http://www.sdmx.org/resources/sdmxml/schemas/v2_1/common">Genuri</Name>
          <Name xml:lang="en" xmlns="http://www.sdmx.org/resources/sdmxml/schemas/v2_1/common">Genuri</Name>
          <Parent>
            <Ref id="ITG27" xmlns="" />
          </Parent>
        </Code>
        <Code id="092024" urn="urn:sdmx:org.sdmx.infomodel.codelist.Code=IT1:CL_REFAREA(1.2).092024">
          <Name xml:lang="it" xmlns="http://www.sdmx.org/resources/sdmxml/schemas/v2_1/common">Gesico</Name>
          <Name xml:lang="en" xmlns="http://www.sdmx.org/resources/sdmxml/schemas/v2_1/common">Gesico</Name>
          <Parent>
            <Ref id="ITG27" xmlns="" />
          </Parent>
        </Code>
        <Code id="092025" urn="urn:sdmx:org.sdmx.infomodel.codelist.Code=IT1:CL_REFAREA(1.2).092025">
          <Name xml:lang="it" xmlns="http://www.sdmx.org/resources/sdmxml/schemas/v2_1/common">Gesturi</Name>
          <Name xml:lang="en" xmlns="http://www.sdmx.org/resources/sdmxml/schemas/v2_1/common">Gesturi</Name>
          <Parent>
            <Ref id="ITG27" xmlns="" />
          </Parent>
        </Code>
        <Code id="092026" urn="urn:sdmx:org.sdmx.infomodel.codelist.Code=IT1:CL_REFAREA(1.2).092026">
          <Name xml:lang="it" xmlns="http://www.sdmx.org/resources/sdmxml/schemas/v2_1/common">Giba</Name>
          <Name xml:lang="en" xmlns="http://www.sdmx.org/resources/sdmxml/schemas/v2_1/common">Giba</Name>
          <Parent>
            <Ref id="ITG27" xmlns="" />
          </Parent>
        </Code>
        <Code id="092027" urn="urn:sdmx:org.sdmx.infomodel.codelist.Code=IT1:CL_REFAREA(1.2).092027">
          <Name xml:lang="it" xmlns="http://www.sdmx.org/resources/sdmxml/schemas/v2_1/common">Goni</Name>
          <Name xml:lang="en" xmlns="http://www.sdmx.org/resources/sdmxml/schemas/v2_1/common">Goni</Name>
          <Parent>
            <Ref id="ITG27" xmlns="" />
          </Parent>
        </Code>
        <Code id="092028" urn="urn:sdmx:org.sdmx.infomodel.codelist.Code=IT1:CL_REFAREA(1.2).092028">
          <Name xml:lang="it" xmlns="http://www.sdmx.org/resources/sdmxml/schemas/v2_1/common">Gonnesa</Name>
          <Name xml:lang="en" xmlns="http://www.sdmx.org/resources/sdmxml/schemas/v2_1/common">Gonnesa</Name>
          <Parent>
            <Ref id="ITG27" xmlns="" />
          </Parent>
        </Code>
        <Code id="092029" urn="urn:sdmx:org.sdmx.infomodel.codelist.Code=IT1:CL_REFAREA(1.2).092029">
          <Name xml:lang="it" xmlns="http://www.sdmx.org/resources/sdmxml/schemas/v2_1/common">Gonnosfanadiga</Name>
          <Name xml:lang="en" xmlns="http://www.sdmx.org/resources/sdmxml/schemas/v2_1/common">Gonnosfanadiga</Name>
          <Parent>
            <Ref id="ITG27" xmlns="" />
          </Parent>
        </Code>
        <Code id="092030" urn="urn:sdmx:org.sdmx.infomodel.codelist.Code=IT1:CL_REFAREA(1.2).092030">
          <Name xml:lang="it" xmlns="http://www.sdmx.org/resources/sdmxml/schemas/v2_1/common">Guamaggiore</Name>
          <Name xml:lang="en" xmlns="http://www.sdmx.org/resources/sdmxml/schemas/v2_1/common">Guamaggiore</Name>
          <Parent>
            <Ref id="ITG27" xmlns="" />
          </Parent>
        </Code>
        <Code id="092031" urn="urn:sdmx:org.sdmx.infomodel.codelist.Code=IT1:CL_REFAREA(1.2).092031">
          <Name xml:lang="it" xmlns="http://www.sdmx.org/resources/sdmxml/schemas/v2_1/common">Guasila</Name>
          <Name xml:lang="en" xmlns="http://www.sdmx.org/resources/sdmxml/schemas/v2_1/common">Guasila</Name>
          <Parent>
            <Ref id="ITG27" xmlns="" />
          </Parent>
        </Code>
        <Code id="092032" urn="urn:sdmx:org.sdmx.infomodel.codelist.Code=IT1:CL_REFAREA(1.2).092032">
          <Name xml:lang="it" xmlns="http://www.sdmx.org/resources/sdmxml/schemas/v2_1/common">Guspini</Name>
          <Name xml:lang="en" xmlns="http://www.sdmx.org/resources/sdmxml/schemas/v2_1/common">Guspini</Name>
          <Parent>
            <Ref id="ITG27" xmlns="" />
          </Parent>
        </Code>
        <Code id="092033" urn="urn:sdmx:org.sdmx.infomodel.codelist.Code=IT1:CL_REFAREA(1.2).092033">
          <Name xml:lang="it" xmlns="http://www.sdmx.org/resources/sdmxml/schemas/v2_1/common">Iglesias</Name>
          <Name xml:lang="en" xmlns="http://www.sdmx.org/resources/sdmxml/schemas/v2_1/common">Iglesias</Name>
          <Parent>
            <Ref id="ITG27" xmlns="" />
          </Parent>
        </Code>
        <Code id="092034" urn="urn:sdmx:org.sdmx.infomodel.codelist.Code=IT1:CL_REFAREA(1.2).092034">
          <Name xml:lang="it" xmlns="http://www.sdmx.org/resources/sdmxml/schemas/v2_1/common">Las Plassas</Name>
          <Name xml:lang="en" xmlns="http://www.sdmx.org/resources/sdmxml/schemas/v2_1/common">Las Plassas</Name>
          <Parent>
            <Ref id="ITG27" xmlns="" />
          </Parent>
        </Code>
        <Code id="092035" urn="urn:sdmx:org.sdmx.infomodel.codelist.Code=IT1:CL_REFAREA(1.2).092035">
          <Name xml:lang="it" xmlns="http://www.sdmx.org/resources/sdmxml/schemas/v2_1/common">Lunamatrona</Name>
          <Name xml:lang="en" xmlns="http://www.sdmx.org/resources/sdmxml/schemas/v2_1/common">Lunamatrona</Name>
          <Parent>
            <Ref id="ITG27" xmlns="" />
          </Parent>
        </Code>
        <Code id="092036" urn="urn:sdmx:org.sdmx.infomodel.codelist.Code=IT1:CL_REFAREA(1.2).092036">
          <Name xml:lang="it" xmlns="http://www.sdmx.org/resources/sdmxml/schemas/v2_1/common">Mandas</Name>
          <Name xml:lang="en" xmlns="http://www.sdmx.org/resources/sdmxml/schemas/v2_1/common">Mandas</Name>
          <Parent>
            <Ref id="ITG27" xmlns="" />
          </Parent>
        </Code>
        <Code id="092037" urn="urn:sdmx:org.sdmx.infomodel.codelist.Code=IT1:CL_REFAREA(1.2).092037">
          <Name xml:lang="it" xmlns="http://www.sdmx.org/resources/sdmxml/schemas/v2_1/common">Maracalagonis</Name>
          <Name xml:lang="en" xmlns="http://www.sdmx.org/resources/sdmxml/schemas/v2_1/common">Maracalagonis</Name>
          <Parent>
            <Ref id="ITG27" xmlns="" />
          </Parent>
        </Code>
        <Code id="092038" urn="urn:sdmx:org.sdmx.infomodel.codelist.Code=IT1:CL_REFAREA(1.2).092038">
          <Name xml:lang="it" xmlns="http://www.sdmx.org/resources/sdmxml/schemas/v2_1/common">Monastir</Name>
          <Name xml:lang="en" xmlns="http://www.sdmx.org/resources/sdmxml/schemas/v2_1/common">Monastir</Name>
          <Parent>
            <Ref id="ITG27" xmlns="" />
          </Parent>
        </Code>
        <Code id="092039" urn="urn:sdmx:org.sdmx.infomodel.codelist.Code=IT1:CL_REFAREA(1.2).092039">
          <Name xml:lang="it" xmlns="http://www.sdmx.org/resources/sdmxml/schemas/v2_1/common">Muravera</Name>
          <Name xml:lang="en" xmlns="http://www.sdmx.org/resources/sdmxml/schemas/v2_1/common">Muravera</Name>
          <Parent>
            <Ref id="ITG27" xmlns="" />
          </Parent>
        </Code>
        <Code id="092040" urn="urn:sdmx:org.sdmx.infomodel.codelist.Code=IT1:CL_REFAREA(1.2).092040">
          <Name xml:lang="it" xmlns="http://www.sdmx.org/resources/sdmxml/schemas/v2_1/common">Musei</Name>
          <Name xml:lang="en" xmlns="http://www.sdmx.org/resources/sdmxml/schemas/v2_1/common">Musei</Name>
          <Parent>
            <Ref id="ITG27" xmlns="" />
          </Parent>
        </Code>
        <Code id="092041" urn="urn:sdmx:org.sdmx.infomodel.codelist.Code=IT1:CL_REFAREA(1.2).092041">
          <Name xml:lang="it" xmlns="http://www.sdmx.org/resources/sdmxml/schemas/v2_1/common">Narcao</Name>
          <Name xml:lang="en" xmlns="http://www.sdmx.org/resources/sdmxml/schemas/v2_1/common">Narcao</Name>
          <Parent>
            <Ref id="ITG27" xmlns="" />
          </Parent>
        </Code>
        <Code id="092042" urn="urn:sdmx:org.sdmx.infomodel.codelist.Code=IT1:CL_REFAREA(1.2).092042">
          <Name xml:lang="it" xmlns="http://www.sdmx.org/resources/sdmxml/schemas/v2_1/common">Nuraminis</Name>
          <Name xml:lang="en" xmlns="http://www.sdmx.org/resources/sdmxml/schemas/v2_1/common">Nuraminis</Name>
          <Parent>
            <Ref id="ITG27" xmlns="" />
          </Parent>
        </Code>
        <Code id="092043" urn="urn:sdmx:org.sdmx.infomodel.codelist.Code=IT1:CL_REFAREA(1.2).092043">
          <Name xml:lang="it" xmlns="http://www.sdmx.org/resources/sdmxml/schemas/v2_1/common">Nuxis</Name>
          <Name xml:lang="en" xmlns="http://www.sdmx.org/resources/sdmxml/schemas/v2_1/common">Nuxis</Name>
          <Parent>
            <Ref id="ITG27" xmlns="" />
          </Parent>
        </Code>
        <Code id="092044" urn="urn:sdmx:org.sdmx.infomodel.codelist.Code=IT1:CL_REFAREA(1.2).092044">
          <Name xml:lang="it" xmlns="http://www.sdmx.org/resources/sdmxml/schemas/v2_1/common">Ortacesus</Name>
          <Name xml:lang="en" xmlns="http://www.sdmx.org/resources/sdmxml/schemas/v2_1/common">Ortacesus</Name>
          <Parent>
            <Ref id="ITG27" xmlns="" />
          </Parent>
        </Code>
        <Code id="092045" urn="urn:sdmx:org.sdmx.infomodel.codelist.Code=IT1:CL_REFAREA(1.2).092045">
          <Name xml:lang="it" xmlns="http://www.sdmx.org/resources/sdmxml/schemas/v2_1/common">Pabillonis</Name>
          <Name xml:lang="en" xmlns="http://www.sdmx.org/resources/sdmxml/schemas/v2_1/common">Pabillonis</Name>
          <Parent>
            <Ref id="ITG27" xmlns="" />
          </Parent>
        </Code>
        <Code id="092046" urn="urn:sdmx:org.sdmx.infomodel.codelist.Code=IT1:CL_REFAREA(1.2).092046">
          <Name xml:lang="it" xmlns="http://www.sdmx.org/resources/sdmxml/schemas/v2_1/common">Pauli Arbarei</Name>
          <Name xml:lang="en" xmlns="http://www.sdmx.org/resources/sdmxml/schemas/v2_1/common">Pauli Arbarei</Name>
          <Parent>
            <Ref id="ITG27" xmlns="" />
          </Parent>
        </Code>
        <Code id="092047" urn="urn:sdmx:org.sdmx.infomodel.codelist.Code=IT1:CL_REFAREA(1.2).092047">
          <Name xml:lang="it" xmlns="http://www.sdmx.org/resources/sdmxml/schemas/v2_1/common">Perdaxius</Name>
          <Name xml:lang="en" xmlns="http://www.sdmx.org/resources/sdmxml/schemas/v2_1/common">Perdaxius</Name>
          <Parent>
            <Ref id="ITG27" xmlns="" />
          </Parent>
        </Code>
        <Code id="092048" urn="urn:sdmx:org.sdmx.infomodel.codelist.Code=IT1:CL_REFAREA(1.2).092048">
          <Name xml:lang="it" xmlns="http://www.sdmx.org/resources/sdmxml/schemas/v2_1/common">Pimentel</Name>
          <Name xml:lang="en" xmlns="http://www.sdmx.org/resources/sdmxml/schemas/v2_1/common">Pimentel</Name>
          <Parent>
            <Ref id="ITG27" xmlns="" />
          </Parent>
        </Code>
        <Code id="092049" urn="urn:sdmx:org.sdmx.infomodel.codelist.Code=IT1:CL_REFAREA(1.2).092049">
          <Name xml:lang="it" xmlns="http://www.sdmx.org/resources/sdmxml/schemas/v2_1/common">Portoscuso</Name>
          <Name xml:lang="en" xmlns="http://www.sdmx.org/resources/sdmxml/schemas/v2_1/common">Portoscuso</Name>
          <Parent>
            <Ref id="ITG27" xmlns="" />
          </Parent>
        </Code>
        <Code id="092050" urn="urn:sdmx:org.sdmx.infomodel.codelist.Code=IT1:CL_REFAREA(1.2).092050">
          <Name xml:lang="it" xmlns="http://www.sdmx.org/resources/sdmxml/schemas/v2_1/common">Pula</Name>
          <Name xml:lang="en" xmlns="http://www.sdmx.org/resources/sdmxml/schemas/v2_1/common">Pula</Name>
          <Parent>
            <Ref id="ITG27" xmlns="" />
          </Parent>
        </Code>
        <Code id="092051" urn="urn:sdmx:org.sdmx.infomodel.codelist.Code=IT1:CL_REFAREA(1.2).092051">
          <Name xml:lang="it" xmlns="http://www.sdmx.org/resources/sdmxml/schemas/v2_1/common">Quartu Sant'Elena</Name>
          <Name xml:lang="en" xmlns="http://www.sdmx.org/resources/sdmxml/schemas/v2_1/common">Quartu Sant'Elena</Name>
          <Parent>
            <Ref id="ITG27" xmlns="" />
          </Parent>
        </Code>
        <Code id="092052" urn="urn:sdmx:org.sdmx.infomodel.codelist.Code=IT1:CL_REFAREA(1.2).092052">
          <Name xml:lang="it" xmlns="http://www.sdmx.org/resources/sdmxml/schemas/v2_1/common">Samassi</Name>
          <Name xml:lang="en" xmlns="http://www.sdmx.org/resources/sdmxml/schemas/v2_1/common">Samassi</Name>
          <Parent>
            <Ref id="ITG27" xmlns="" />
          </Parent>
        </Code>
        <Code id="092053" urn="urn:sdmx:org.sdmx.infomodel.codelist.Code=IT1:CL_REFAREA(1.2).092053">
          <Name xml:lang="it" xmlns="http://www.sdmx.org/resources/sdmxml/schemas/v2_1/common">Samatzai</Name>
          <Name xml:lang="en" xmlns="http://www.sdmx.org/resources/sdmxml/schemas/v2_1/common">Samatzai</Name>
          <Parent>
            <Ref id="ITG27" xmlns="" />
          </Parent>
        </Code>
        <Code id="092054" urn="urn:sdmx:org.sdmx.infomodel.codelist.Code=IT1:CL_REFAREA(1.2).092054">
          <Name xml:lang="it" xmlns="http://www.sdmx.org/resources/sdmxml/schemas/v2_1/common">San Basilio</Name>
          <Name xml:lang="en" xmlns="http://www.sdmx.org/resources/sdmxml/schemas/v2_1/common">San Basilio</Name>
          <Parent>
            <Ref id="ITG27" xmlns="" />
          </Parent>
        </Code>
        <Code id="092055" urn="urn:sdmx:org.sdmx.infomodel.codelist.Code=IT1:CL_REFAREA(1.2).092055">
          <Name xml:lang="it" xmlns="http://www.sdmx.org/resources/sdmxml/schemas/v2_1/common">San Gavino Monreale</Name>
          <Name xml:lang="en" xmlns="http://www.sdmx.org/resources/sdmxml/schemas/v2_1/common">San Gavino Monreale</Name>
          <Parent>
            <Ref id="ITG27" xmlns="" />
          </Parent>
        </Code>
        <Code id="092056" urn="urn:sdmx:org.sdmx.infomodel.codelist.Code=IT1:CL_REFAREA(1.2).092056">
          <Name xml:lang="it" xmlns="http://www.sdmx.org/resources/sdmxml/schemas/v2_1/common">San Giovanni Suergiu</Name>
          <Name xml:lang="en" xmlns="http://www.sdmx.org/resources/sdmxml/schemas/v2_1/common">San Giovanni Suergiu</Name>
          <Parent>
            <Ref id="ITG27" xmlns="" />
          </Parent>
        </Code>
        <Code id="092057" urn="urn:sdmx:org.sdmx.infomodel.codelist.Code=IT1:CL_REFAREA(1.2).092057">
          <Name xml:lang="it" xmlns="http://www.sdmx.org/resources/sdmxml/schemas/v2_1/common">Sanluri</Name>
          <Name xml:lang="en" xmlns="http://www.sdmx.org/resources/sdmxml/schemas/v2_1/common">Sanluri</Name>
          <Parent>
            <Ref id="ITG27" xmlns="" />
          </Parent>
        </Code>
        <Code id="092058" urn="urn:sdmx:org.sdmx.infomodel.codelist.Code=IT1:CL_REFAREA(1.2).092058">
          <Name xml:lang="it" xmlns="http://www.sdmx.org/resources/sdmxml/schemas/v2_1/common">San Nicolò Gerrei</Name>
          <Name xml:lang="en" xmlns="http://www.sdmx.org/resources/sdmxml/schemas/v2_1/common">San Nicolò Gerrei</Name>
          <Parent>
            <Ref id="ITG27" xmlns="" />
          </Parent>
        </Code>
        <Code id="092059" urn="urn:sdmx:org.sdmx.infomodel.codelist.Code=IT1:CL_REFAREA(1.2).092059">
          <Name xml:lang="it" xmlns="http://www.sdmx.org/resources/sdmxml/schemas/v2_1/common">San Sperate</Name>
          <Name xml:lang="en" xmlns="http://www.sdmx.org/resources/sdmxml/schemas/v2_1/common">San Sperate</Name>
          <Parent>
            <Ref id="ITG27" xmlns="" />
          </Parent>
        </Code>
        <Code id="092060" urn="urn:sdmx:org.sdmx.infomodel.codelist.Code=IT1:CL_REFAREA(1.2).092060">
          <Name xml:lang="it" xmlns="http://www.sdmx.org/resources/sdmxml/schemas/v2_1/common">Santadi</Name>
          <Name xml:lang="en" xmlns="http://www.sdmx.org/resources/sdmxml/schemas/v2_1/common">Santadi</Name>
          <Parent>
            <Ref id="ITG27" xmlns="" />
          </Parent>
        </Code>
        <Code id="092061" urn="urn:sdmx:org.sdmx.infomodel.codelist.Code=IT1:CL_REFAREA(1.2).092061">
          <Name xml:lang="it" xmlns="http://www.sdmx.org/resources/sdmxml/schemas/v2_1/common">Sant'Andrea Frius</Name>
          <Name xml:lang="en" xmlns="http://www.sdmx.org/resources/sdmxml/schemas/v2_1/common">Sant'Andrea Frius</Name>
          <Parent>
            <Ref id="ITG27" xmlns="" />
          </Parent>
        </Code>
        <Code id="092062" urn="urn:sdmx:org.sdmx.infomodel.codelist.Code=IT1:CL_REFAREA(1.2).092062">
          <Name xml:lang="it" xmlns="http://www.sdmx.org/resources/sdmxml/schemas/v2_1/common">Sant'Anna Arresi</Name>
          <Name xml:lang="en" xmlns="http://www.sdmx.org/resources/sdmxml/schemas/v2_1/common">Sant'Anna Arresi</Name>
          <Parent>
            <Ref id="ITG27" xmlns="" />
          </Parent>
        </Code>
        <Code id="092063" urn="urn:sdmx:org.sdmx.infomodel.codelist.Code=IT1:CL_REFAREA(1.2).092063">
          <Name xml:lang="it" xmlns="http://www.sdmx.org/resources/sdmxml/schemas/v2_1/common">Sant'Antioco</Name>
          <Name xml:lang="en" xmlns="http://www.sdmx.org/resources/sdmxml/schemas/v2_1/common">Sant'Antioco</Name>
          <Parent>
            <Ref id="ITG27" xmlns="" />
          </Parent>
        </Code>
        <Code id="092064" urn="urn:sdmx:org.sdmx.infomodel.codelist.Code=IT1:CL_REFAREA(1.2).092064">
          <Name xml:lang="it" xmlns="http://www.sdmx.org/resources/sdmxml/schemas/v2_1/common">San Vito</Name>
          <Name xml:lang="en" xmlns="http://www.sdmx.org/resources/sdmxml/schemas/v2_1/common">San Vito</Name>
          <Parent>
            <Ref id="ITG27" xmlns="" />
          </Parent>
        </Code>
        <Code id="092065" urn="urn:sdmx:org.sdmx.infomodel.codelist.Code=IT1:CL_REFAREA(1.2).092065">
          <Name xml:lang="it" xmlns="http://www.sdmx.org/resources/sdmxml/schemas/v2_1/common">Sardara</Name>
          <Name xml:lang="en" xmlns="http://www.sdmx.org/resources/sdmxml/schemas/v2_1/common">Sardara</Name>
          <Parent>
            <Ref id="ITG27" xmlns="" />
          </Parent>
        </Code>
        <Code id="092066" urn="urn:sdmx:org.sdmx.infomodel.codelist.Code=IT1:CL_REFAREA(1.2).092066">
          <Name xml:lang="it" xmlns="http://www.sdmx.org/resources/sdmxml/schemas/v2_1/common">Sarroch</Name>
          <Name xml:lang="en" xmlns="http://www.sdmx.org/resources/sdmxml/schemas/v2_1/common">Sarroch</Name>
          <Parent>
            <Ref id="ITG27" xmlns="" />
          </Parent>
        </Code>
        <Code id="092067" urn="urn:sdmx:org.sdmx.infomodel.codelist.Code=IT1:CL_REFAREA(1.2).092067">
          <Name xml:lang="it" xmlns="http://www.sdmx.org/resources/sdmxml/schemas/v2_1/common">Segariu</Name>
          <Name xml:lang="en" xmlns="http://www.sdmx.org/resources/sdmxml/schemas/v2_1/common">Segariu</Name>
          <Parent>
            <Ref id="ITG27" xmlns="" />
          </Parent>
        </Code>
        <Code id="092068" urn="urn:sdmx:org.sdmx.infomodel.codelist.Code=IT1:CL_REFAREA(1.2).092068">
          <Name xml:lang="it" xmlns="http://www.sdmx.org/resources/sdmxml/schemas/v2_1/common">Selargius</Name>
          <Name xml:lang="en" xmlns="http://www.sdmx.org/resources/sdmxml/schemas/v2_1/common">Selargius</Name>
          <Parent>
            <Ref id="ITG27" xmlns="" />
          </Parent>
        </Code>
        <Code id="092069" urn="urn:sdmx:org.sdmx.infomodel.codelist.Code=IT1:CL_REFAREA(1.2).092069">
          <Name xml:lang="it" xmlns="http://www.sdmx.org/resources/sdmxml/schemas/v2_1/common">Selegas</Name>
          <Name xml:lang="en" xmlns="http://www.sdmx.org/resources/sdmxml/schemas/v2_1/common">Selegas</Name>
          <Parent>
            <Ref id="ITG27" xmlns="" />
          </Parent>
        </Code>
        <Code id="092070" urn="urn:sdmx:org.sdmx.infomodel.codelist.Code=IT1:CL_REFAREA(1.2).092070">
          <Name xml:lang="it" xmlns="http://www.sdmx.org/resources/sdmxml/schemas/v2_1/common">Senorbì</Name>
          <Name xml:lang="en" xmlns="http://www.sdmx.org/resources/sdmxml/schemas/v2_1/common">Senorbì</Name>
          <Parent>
            <Ref id="ITG27" xmlns="" />
          </Parent>
        </Code>
        <Code id="092071" urn="urn:sdmx:org.sdmx.infomodel.codelist.Code=IT1:CL_REFAREA(1.2).092071">
          <Name xml:lang="it" xmlns="http://www.sdmx.org/resources/sdmxml/schemas/v2_1/common">Serdiana</Name>
          <Name xml:lang="en" xmlns="http://www.sdmx.org/resources/sdmxml/schemas/v2_1/common">Serdiana</Name>
          <Parent>
            <Ref id="ITG27" xmlns="" />
          </Parent>
        </Code>
        <Code id="092072" urn="urn:sdmx:org.sdmx.infomodel.codelist.Code=IT1:CL_REFAREA(1.2).092072">
          <Name xml:lang="it" xmlns="http://www.sdmx.org/resources/sdmxml/schemas/v2_1/common">Serramanna</Name>
          <Name xml:lang="en" xmlns="http://www.sdmx.org/resources/sdmxml/schemas/v2_1/common">Serramanna</Name>
          <Parent>
            <Ref id="ITG27" xmlns="" />
          </Parent>
        </Code>
        <Code id="092073" urn="urn:sdmx:org.sdmx.infomodel.codelist.Code=IT1:CL_REFAREA(1.2).092073">
          <Name xml:lang="it" xmlns="http://www.sdmx.org/resources/sdmxml/schemas/v2_1/common">Serrenti</Name>
          <Name xml:lang="en" xmlns="http://www.sdmx.org/resources/sdmxml/schemas/v2_1/common">Serrenti</Name>
          <Parent>
            <Ref id="ITG27" xmlns="" />
          </Parent>
        </Code>
        <Code id="092074" urn="urn:sdmx:org.sdmx.infomodel.codelist.Code=IT1:CL_REFAREA(1.2).092074">
          <Name xml:lang="it" xmlns="http://www.sdmx.org/resources/sdmxml/schemas/v2_1/common">Sestu</Name>
          <Name xml:lang="en" xmlns="http://www.sdmx.org/resources/sdmxml/schemas/v2_1/common">Sestu</Name>
          <Parent>
            <Ref id="ITG27" xmlns="" />
          </Parent>
        </Code>
        <Code id="092075" urn="urn:sdmx:org.sdmx.infomodel.codelist.Code=IT1:CL_REFAREA(1.2).092075">
          <Name xml:lang="it" xmlns="http://www.sdmx.org/resources/sdmxml/schemas/v2_1/common">Settimo San Pietro</Name>
          <Name xml:lang="en" xmlns="http://www.sdmx.org/resources/sdmxml/schemas/v2_1/common">Settimo San Pietro</Name>
          <Parent>
            <Ref id="ITG27" xmlns="" />
          </Parent>
        </Code>
        <Code id="092076" urn="urn:sdmx:org.sdmx.infomodel.codelist.Code=IT1:CL_REFAREA(1.2).092076">
          <Name xml:lang="it" xmlns="http://www.sdmx.org/resources/sdmxml/schemas/v2_1/common">Setzu</Name>
          <Name xml:lang="en" xmlns="http://www.sdmx.org/resources/sdmxml/schemas/v2_1/common">Setzu</Name>
          <Parent>
            <Ref id="ITG27" xmlns="" />
          </Parent>
        </Code>
        <Code id="092077" urn="urn:sdmx:org.sdmx.infomodel.codelist.Code=IT1:CL_REFAREA(1.2).092077">
          <Name xml:lang="it" xmlns="http://www.sdmx.org/resources/sdmxml/schemas/v2_1/common">Siddi</Name>
          <Name xml:lang="en" xmlns="http://www.sdmx.org/resources/sdmxml/schemas/v2_1/common">Siddi</Name>
          <Parent>
            <Ref id="ITG27" xmlns="" />
          </Parent>
        </Code>
        <Code id="092078" urn="urn:sdmx:org.sdmx.infomodel.codelist.Code=IT1:CL_REFAREA(1.2).092078">
          <Name xml:lang="it" xmlns="http://www.sdmx.org/resources/sdmxml/schemas/v2_1/common">Siliqua</Name>
          <Name xml:lang="en" xmlns="http://www.sdmx.org/resources/sdmxml/schemas/v2_1/common">Siliqua</Name>
          <Parent>
            <Ref id="ITG27" xmlns="" />
          </Parent>
        </Code>
        <Code id="092079" urn="urn:sdmx:org.sdmx.infomodel.codelist.Code=IT1:CL_REFAREA(1.2).092079">
          <Name xml:lang="it" xmlns="http://www.sdmx.org/resources/sdmxml/schemas/v2_1/common">Silius</Name>
          <Name xml:lang="en" xmlns="http://www.sdmx.org/resources/sdmxml/schemas/v2_1/common">Silius</Name>
          <Parent>
            <Ref id="ITG27" xmlns="" />
          </Parent>
        </Code>
        <Code id="092080" urn="urn:sdmx:org.sdmx.infomodel.codelist.Code=IT1:CL_REFAREA(1.2).092080">
          <Name xml:lang="it" xmlns="http://www.sdmx.org/resources/sdmxml/schemas/v2_1/common">Sinnai</Name>
          <Name xml:lang="en" xmlns="http://www.sdmx.org/resources/sdmxml/schemas/v2_1/common">Sinnai</Name>
          <Parent>
            <Ref id="ITG27" xmlns="" />
          </Parent>
        </Code>
        <Code id="092081" urn="urn:sdmx:org.sdmx.infomodel.codelist.Code=IT1:CL_REFAREA(1.2).092081">
          <Name xml:lang="it" xmlns="http://www.sdmx.org/resources/sdmxml/schemas/v2_1/common">Siurgus Donigala</Name>
          <Name xml:lang="en" xmlns="http://www.sdmx.org/resources/sdmxml/schemas/v2_1/common">Siurgus Donigala</Name>
          <Parent>
            <Ref id="ITG27" xmlns="" />
          </Parent>
        </Code>
        <Code id="092082" urn="urn:sdmx:org.sdmx.infomodel.codelist.Code=IT1:CL_REFAREA(1.2).092082">
          <Name xml:lang="it" xmlns="http://www.sdmx.org/resources/sdmxml/schemas/v2_1/common">Soleminis</Name>
          <Name xml:lang="en" xmlns="http://www.sdmx.org/resources/sdmxml/schemas/v2_1/common">Soleminis</Name>
          <Parent>
            <Ref id="ITG27" xmlns="" />
          </Parent>
        </Code>
        <Code id="092083" urn="urn:sdmx:org.sdmx.infomodel.codelist.Code=IT1:CL_REFAREA(1.2).092083">
          <Name xml:lang="it" xmlns="http://www.sdmx.org/resources/sdmxml/schemas/v2_1/common">Suelli</Name>
          <Name xml:lang="en" xmlns="http://www.sdmx.org/resources/sdmxml/schemas/v2_1/common">Suelli</Name>
          <Parent>
            <Ref id="ITG27" xmlns="" />
          </Parent>
        </Code>
        <Code id="092084" urn="urn:sdmx:org.sdmx.infomodel.codelist.Code=IT1:CL_REFAREA(1.2).092084">
          <Name xml:lang="it" xmlns="http://www.sdmx.org/resources/sdmxml/schemas/v2_1/common">Teulada</Name>
          <Name xml:lang="en" xmlns="http://www.sdmx.org/resources/sdmxml/schemas/v2_1/common">Teulada</Name>
          <Parent>
            <Ref id="ITG27" xmlns="" />
          </Parent>
        </Code>
        <Code id="092085" urn="urn:sdmx:org.sdmx.infomodel.codelist.Code=IT1:CL_REFAREA(1.2).092085">
          <Name xml:lang="it" xmlns="http://www.sdmx.org/resources/sdmxml/schemas/v2_1/common">Tratalias</Name>
          <Name xml:lang="en" xmlns="http://www.sdmx.org/resources/sdmxml/schemas/v2_1/common">Tratalias</Name>
          <Parent>
            <Ref id="ITG27" xmlns="" />
          </Parent>
        </Code>
        <Code id="092086" urn="urn:sdmx:org.sdmx.infomodel.codelist.Code=IT1:CL_REFAREA(1.2).092086">
          <Name xml:lang="it" xmlns="http://www.sdmx.org/resources/sdmxml/schemas/v2_1/common">Tuili</Name>
          <Name xml:lang="en" xmlns="http://www.sdmx.org/resources/sdmxml/schemas/v2_1/common">Tuili</Name>
          <Parent>
            <Ref id="ITG27" xmlns="" />
          </Parent>
        </Code>
        <Code id="092087" urn="urn:sdmx:org.sdmx.infomodel.codelist.Code=IT1:CL_REFAREA(1.2).092087">
          <Name xml:lang="it" xmlns="http://www.sdmx.org/resources/sdmxml/schemas/v2_1/common">Turri</Name>
          <Name xml:lang="en" xmlns="http://www.sdmx.org/resources/sdmxml/schemas/v2_1/common">Turri</Name>
          <Parent>
            <Ref id="ITG27" xmlns="" />
          </Parent>
        </Code>
        <Code id="092088" urn="urn:sdmx:org.sdmx.infomodel.codelist.Code=IT1:CL_REFAREA(1.2).092088">
          <Name xml:lang="it" xmlns="http://www.sdmx.org/resources/sdmxml/schemas/v2_1/common">Ussana</Name>
          <Name xml:lang="en" xmlns="http://www.sdmx.org/resources/sdmxml/schemas/v2_1/common">Ussana</Name>
          <Parent>
            <Ref id="ITG27" xmlns="" />
          </Parent>
        </Code>
        <Code id="092089" urn="urn:sdmx:org.sdmx.infomodel.codelist.Code=IT1:CL_REFAREA(1.2).092089">
          <Name xml:lang="it" xmlns="http://www.sdmx.org/resources/sdmxml/schemas/v2_1/common">Ussaramanna</Name>
          <Name xml:lang="en" xmlns="http://www.sdmx.org/resources/sdmxml/schemas/v2_1/common">Ussaramanna</Name>
          <Parent>
            <Ref id="ITG27" xmlns="" />
          </Parent>
        </Code>
        <Code id="092090" urn="urn:sdmx:org.sdmx.infomodel.codelist.Code=IT1:CL_REFAREA(1.2).092090">
          <Name xml:lang="it" xmlns="http://www.sdmx.org/resources/sdmxml/schemas/v2_1/common">Uta</Name>
          <Name xml:lang="en" xmlns="http://www.sdmx.org/resources/sdmxml/schemas/v2_1/common">Uta</Name>
          <Parent>
            <Ref id="ITG27" xmlns="" />
          </Parent>
        </Code>
        <Code id="092091" urn="urn:sdmx:org.sdmx.infomodel.codelist.Code=IT1:CL_REFAREA(1.2).092091">
          <Name xml:lang="it" xmlns="http://www.sdmx.org/resources/sdmxml/schemas/v2_1/common">Vallermosa</Name>
          <Name xml:lang="en" xmlns="http://www.sdmx.org/resources/sdmxml/schemas/v2_1/common">Vallermosa</Name>
          <Parent>
            <Ref id="ITG27" xmlns="" />
          </Parent>
        </Code>
        <Code id="092092" urn="urn:sdmx:org.sdmx.infomodel.codelist.Code=IT1:CL_REFAREA(1.2).092092">
          <Name xml:lang="it" xmlns="http://www.sdmx.org/resources/sdmxml/schemas/v2_1/common">Villacidro</Name>
          <Name xml:lang="en" xmlns="http://www.sdmx.org/resources/sdmxml/schemas/v2_1/common">Villacidro</Name>
          <Parent>
            <Ref id="ITG27" xmlns="" />
          </Parent>
        </Code>
        <Code id="092093" urn="urn:sdmx:org.sdmx.infomodel.codelist.Code=IT1:CL_REFAREA(1.2).092093">
          <Name xml:lang="it" xmlns="http://www.sdmx.org/resources/sdmxml/schemas/v2_1/common">Villamar</Name>
          <Name xml:lang="en" xmlns="http://www.sdmx.org/resources/sdmxml/schemas/v2_1/common">Villamar</Name>
          <Parent>
            <Ref id="ITG27" xmlns="" />
          </Parent>
        </Code>
        <Code id="092094" urn="urn:sdmx:org.sdmx.infomodel.codelist.Code=IT1:CL_REFAREA(1.2).092094">
          <Name xml:lang="it" xmlns="http://www.sdmx.org/resources/sdmxml/schemas/v2_1/common">Villamassargia</Name>
          <Name xml:lang="en" xmlns="http://www.sdmx.org/resources/sdmxml/schemas/v2_1/common">Villamassargia</Name>
          <Parent>
            <Ref id="ITG27" xmlns="" />
          </Parent>
        </Code>
        <Code id="092095" urn="urn:sdmx:org.sdmx.infomodel.codelist.Code=IT1:CL_REFAREA(1.2).092095">
          <Name xml:lang="it" xmlns="http://www.sdmx.org/resources/sdmxml/schemas/v2_1/common">Villanovaforru</Name>
          <Name xml:lang="en" xmlns="http://www.sdmx.org/resources/sdmxml/schemas/v2_1/common">Villanovaforru</Name>
          <Parent>
            <Ref id="ITG27" xmlns="" />
          </Parent>
        </Code>
        <Code id="092096" urn="urn:sdmx:org.sdmx.infomodel.codelist.Code=IT1:CL_REFAREA(1.2).092096">
          <Name xml:lang="it" xmlns="http://www.sdmx.org/resources/sdmxml/schemas/v2_1/common">Villanovafranca</Name>
          <Name xml:lang="en" xmlns="http://www.sdmx.org/resources/sdmxml/schemas/v2_1/common">Villanovafranca</Name>
          <Parent>
            <Ref id="ITG27" xmlns="" />
          </Parent>
        </Code>
        <Code id="092097" urn="urn:sdmx:org.sdmx.infomodel.codelist.Code=IT1:CL_REFAREA(1.2).092097">
          <Name xml:lang="it" xmlns="http://www.sdmx.org/resources/sdmxml/schemas/v2_1/common">Villaputzu</Name>
          <Name xml:lang="en" xmlns="http://www.sdmx.org/resources/sdmxml/schemas/v2_1/common">Villaputzu</Name>
          <Parent>
            <Ref id="ITG27" xmlns="" />
          </Parent>
        </Code>
        <Code id="092098" urn="urn:sdmx:org.sdmx.infomodel.codelist.Code=IT1:CL_REFAREA(1.2).092098">
          <Name xml:lang="it" xmlns="http://www.sdmx.org/resources/sdmxml/schemas/v2_1/common">Villasalto</Name>
          <Name xml:lang="en" xmlns="http://www.sdmx.org/resources/sdmxml/schemas/v2_1/common">Villasalto</Name>
          <Parent>
            <Ref id="ITG27" xmlns="" />
          </Parent>
        </Code>
        <Code id="092099" urn="urn:sdmx:org.sdmx.infomodel.codelist.Code=IT1:CL_REFAREA(1.2).092099">
          <Name xml:lang="it" xmlns="http://www.sdmx.org/resources/sdmxml/schemas/v2_1/common">Villa San Pietro</Name>
          <Name xml:lang="en" xmlns="http://www.sdmx.org/resources/sdmxml/schemas/v2_1/common">Villa San Pietro</Name>
          <Parent>
            <Ref id="ITG27" xmlns="" />
          </Parent>
        </Code>
        <Code id="092100" urn="urn:sdmx:org.sdmx.infomodel.codelist.Code=IT1:CL_REFAREA(1.2).092100">
          <Name xml:lang="it" xmlns="http://www.sdmx.org/resources/sdmxml/schemas/v2_1/common">Villasimius</Name>
          <Name xml:lang="en" xmlns="http://www.sdmx.org/resources/sdmxml/schemas/v2_1/common">Villasimius</Name>
          <Parent>
            <Ref id="ITG27" xmlns="" />
          </Parent>
        </Code>
        <Code id="092101" urn="urn:sdmx:org.sdmx.infomodel.codelist.Code=IT1:CL_REFAREA(1.2).092101">
          <Name xml:lang="it" xmlns="http://www.sdmx.org/resources/sdmxml/schemas/v2_1/common">Villasor</Name>
          <Name xml:lang="en" xmlns="http://www.sdmx.org/resources/sdmxml/schemas/v2_1/common">Villasor</Name>
          <Parent>
            <Ref id="ITG27" xmlns="" />
          </Parent>
        </Code>
        <Code id="092102" urn="urn:sdmx:org.sdmx.infomodel.codelist.Code=IT1:CL_REFAREA(1.2).092102">
          <Name xml:lang="it" xmlns="http://www.sdmx.org/resources/sdmxml/schemas/v2_1/common">Villaspeciosa</Name>
          <Name xml:lang="en" xmlns="http://www.sdmx.org/resources/sdmxml/schemas/v2_1/common">Villaspeciosa</Name>
          <Parent>
            <Ref id="ITG27" xmlns="" />
          </Parent>
        </Code>
        <Code id="092103" urn="urn:sdmx:org.sdmx.infomodel.codelist.Code=IT1:CL_REFAREA(1.2).092103">
          <Name xml:lang="it" xmlns="http://www.sdmx.org/resources/sdmxml/schemas/v2_1/common">Masainas</Name>
          <Name xml:lang="en" xmlns="http://www.sdmx.org/resources/sdmxml/schemas/v2_1/common">Masainas</Name>
          <Parent>
            <Ref id="ITG27" xmlns="" />
          </Parent>
        </Code>
        <Code id="092104" urn="urn:sdmx:org.sdmx.infomodel.codelist.Code=IT1:CL_REFAREA(1.2).092104">
          <Name xml:lang="it" xmlns="http://www.sdmx.org/resources/sdmxml/schemas/v2_1/common">Villaperuccio</Name>
          <Name xml:lang="en" xmlns="http://www.sdmx.org/resources/sdmxml/schemas/v2_1/common">Villaperuccio</Name>
          <Parent>
            <Ref id="ITG27" xmlns="" />
          </Parent>
        </Code>
        <Code id="092105" urn="urn:sdmx:org.sdmx.infomodel.codelist.Code=IT1:CL_REFAREA(1.2).092105">
          <Name xml:lang="it" xmlns="http://www.sdmx.org/resources/sdmxml/schemas/v2_1/common">Quartucciu</Name>
          <Name xml:lang="en" xmlns="http://www.sdmx.org/resources/sdmxml/schemas/v2_1/common">Quartucciu</Name>
          <Parent>
            <Ref id="ITG27" xmlns="" />
          </Parent>
        </Code>
        <Code id="092106" urn="urn:sdmx:org.sdmx.infomodel.codelist.Code=IT1:CL_REFAREA(1.2).092106">
          <Name xml:lang="it" xmlns="http://www.sdmx.org/resources/sdmxml/schemas/v2_1/common">Castiadas</Name>
          <Name xml:lang="en" xmlns="http://www.sdmx.org/resources/sdmxml/schemas/v2_1/common">Castiadas</Name>
          <Parent>
            <Ref id="ITG27" xmlns="" />
          </Parent>
        </Code>
        <Code id="092107" urn="urn:sdmx:org.sdmx.infomodel.codelist.Code=IT1:CL_REFAREA(1.2).092107">
          <Name xml:lang="it" xmlns="http://www.sdmx.org/resources/sdmxml/schemas/v2_1/common">Piscinas</Name>
          <Name xml:lang="en" xmlns="http://www.sdmx.org/resources/sdmxml/schemas/v2_1/common">Piscinas</Name>
          <Parent>
            <Ref id="ITG27" xmlns="" />
          </Parent>
        </Code>
        <Code id="092108" urn="urn:sdmx:org.sdmx.infomodel.codelist.Code=IT1:CL_REFAREA(1.2).092108">
          <Name xml:lang="it" xmlns="http://www.sdmx.org/resources/sdmxml/schemas/v2_1/common">Elmas</Name>
          <Name xml:lang="en" xmlns="http://www.sdmx.org/resources/sdmxml/schemas/v2_1/common">Elmas</Name>
          <Parent>
            <Ref id="ITG27" xmlns="" />
          </Parent>
        </Code>
        <Code id="092109" urn="urn:sdmx:org.sdmx.infomodel.codelist.Code=IT1:CL_REFAREA(1.2).092109">
          <Name xml:lang="it" xmlns="http://www.sdmx.org/resources/sdmxml/schemas/v2_1/common">Monserrato</Name>
          <Name xml:lang="en" xmlns="http://www.sdmx.org/resources/sdmxml/schemas/v2_1/common">Monserrato</Name>
          <Parent>
            <Ref id="ITG27" xmlns="" />
          </Parent>
        </Code>
        <Code id="092110" urn="urn:sdmx:org.sdmx.infomodel.codelist.Code=IT1:CL_REFAREA(1.2).092110">
          <Name xml:lang="it" xmlns="http://www.sdmx.org/resources/sdmxml/schemas/v2_1/common">Escalaplano</Name>
          <Name xml:lang="en" xmlns="http://www.sdmx.org/resources/sdmxml/schemas/v2_1/common">Escalaplano</Name>
          <Parent>
            <Ref id="ITG27" xmlns="" />
          </Parent>
        </Code>
        <Code id="092111" urn="urn:sdmx:org.sdmx.infomodel.codelist.Code=IT1:CL_REFAREA(1.2).092111">
          <Name xml:lang="it" xmlns="http://www.sdmx.org/resources/sdmxml/schemas/v2_1/common">Escolca</Name>
          <Name xml:lang="en" xmlns="http://www.sdmx.org/resources/sdmxml/schemas/v2_1/common">Escolca</Name>
          <Parent>
            <Ref id="ITG27" xmlns="" />
          </Parent>
        </Code>
        <Code id="092112" urn="urn:sdmx:org.sdmx.infomodel.codelist.Code=IT1:CL_REFAREA(1.2).092112">
          <Name xml:lang="it" xmlns="http://www.sdmx.org/resources/sdmxml/schemas/v2_1/common">Esterzili</Name>
          <Name xml:lang="en" xmlns="http://www.sdmx.org/resources/sdmxml/schemas/v2_1/common">Esterzili</Name>
          <Parent>
            <Ref id="ITG27" xmlns="" />
          </Parent>
        </Code>
        <Code id="092113" urn="urn:sdmx:org.sdmx.infomodel.codelist.Code=IT1:CL_REFAREA(1.2).092113">
          <Name xml:lang="it" xmlns="http://www.sdmx.org/resources/sdmxml/schemas/v2_1/common">Gergei</Name>
          <Name xml:lang="en" xmlns="http://www.sdmx.org/resources/sdmxml/schemas/v2_1/common">Gergei</Name>
          <Parent>
            <Ref id="ITG27" xmlns="" />
          </Parent>
        </Code>
        <Code id="092114" urn="urn:sdmx:org.sdmx.infomodel.codelist.Code=IT1:CL_REFAREA(1.2).092114">
          <Name xml:lang="it" xmlns="http://www.sdmx.org/resources/sdmxml/schemas/v2_1/common">Isili</Name>
          <Name xml:lang="en" xmlns="http://www.sdmx.org/resources/sdmxml/schemas/v2_1/common">Isili</Name>
          <Parent>
            <Ref id="ITG27" xmlns="" />
          </Parent>
        </Code>
        <Code id="092115" urn="urn:sdmx:org.sdmx.infomodel.codelist.Code=IT1:CL_REFAREA(1.2).092115">
          <Name xml:lang="it" xmlns="http://www.sdmx.org/resources/sdmxml/schemas/v2_1/common">Nuragus</Name>
          <Name xml:lang="en" xmlns="http://www.sdmx.org/resources/sdmxml/schemas/v2_1/common">Nuragus</Name>
          <Parent>
            <Ref id="ITG27" xmlns="" />
          </Parent>
        </Code>
        <Code id="092116" urn="urn:sdmx:org.sdmx.infomodel.codelist.Code=IT1:CL_REFAREA(1.2).092116">
          <Name xml:lang="it" xmlns="http://www.sdmx.org/resources/sdmxml/schemas/v2_1/common">Nurallao</Name>
          <Name xml:lang="en" xmlns="http://www.sdmx.org/resources/sdmxml/schemas/v2_1/common">Nurallao</Name>
          <Parent>
            <Ref id="ITG27" xmlns="" />
          </Parent>
        </Code>
        <Code id="092117" urn="urn:sdmx:org.sdmx.infomodel.codelist.Code=IT1:CL_REFAREA(1.2).092117">
          <Name xml:lang="it" xmlns="http://www.sdmx.org/resources/sdmxml/schemas/v2_1/common">Nurri</Name>
          <Name xml:lang="en" xmlns="http://www.sdmx.org/resources/sdmxml/schemas/v2_1/common">Nurri</Name>
          <Parent>
            <Ref id="ITG27" xmlns="" />
          </Parent>
        </Code>
        <Code id="092118" urn="urn:sdmx:org.sdmx.infomodel.codelist.Code=IT1:CL_REFAREA(1.2).092118">
          <Name xml:lang="it" xmlns="http://www.sdmx.org/resources/sdmxml/schemas/v2_1/common">Orroli</Name>
          <Name xml:lang="en" xmlns="http://www.sdmx.org/resources/sdmxml/schemas/v2_1/common">Orroli</Name>
          <Parent>
            <Ref id="ITG27" xmlns="" />
          </Parent>
        </Code>
        <Code id="092119" urn="urn:sdmx:org.sdmx.infomodel.codelist.Code=IT1:CL_REFAREA(1.2).092119">
          <Name xml:lang="it" xmlns="http://www.sdmx.org/resources/sdmxml/schemas/v2_1/common">Sadali</Name>
          <Name xml:lang="en" xmlns="http://www.sdmx.org/resources/sdmxml/schemas/v2_1/common">Sadali</Name>
          <Parent>
            <Ref id="ITG27" xmlns="" />
          </Parent>
        </Code>
        <Code id="092120" urn="urn:sdmx:org.sdmx.infomodel.codelist.Code=IT1:CL_REFAREA(1.2).092120">
          <Name xml:lang="it" xmlns="http://www.sdmx.org/resources/sdmxml/schemas/v2_1/common">Serri</Name>
          <Name xml:lang="en" xmlns="http://www.sdmx.org/resources/sdmxml/schemas/v2_1/common">Serri</Name>
          <Parent>
            <Ref id="ITG27" xmlns="" />
          </Parent>
        </Code>
        <Code id="092121" urn="urn:sdmx:org.sdmx.infomodel.codelist.Code=IT1:CL_REFAREA(1.2).092121">
          <Name xml:lang="it" xmlns="http://www.sdmx.org/resources/sdmxml/schemas/v2_1/common">Seulo</Name>
          <Name xml:lang="en" xmlns="http://www.sdmx.org/resources/sdmxml/schemas/v2_1/common">Seulo</Name>
          <Parent>
            <Ref id="ITG27" xmlns="" />
          </Parent>
        </Code>
        <Code id="092122" urn="urn:sdmx:org.sdmx.infomodel.codelist.Code=IT1:CL_REFAREA(1.2).092122">
          <Name xml:lang="it" xmlns="http://www.sdmx.org/resources/sdmxml/schemas/v2_1/common">Villanova Tulo</Name>
          <Name xml:lang="en" xmlns="http://www.sdmx.org/resources/sdmxml/schemas/v2_1/common">Villanova Tulo</Name>
          <Parent>
            <Ref id="ITG27" xmlns="" />
          </Parent>
        </Code>
        <Code id="093001" urn="urn:sdmx:org.sdmx.infomodel.codelist.Code=IT1:CL_REFAREA(1.2).093001">
          <Name xml:lang="it" xmlns="http://www.sdmx.org/resources/sdmxml/schemas/v2_1/common">Andreis</Name>
          <Name xml:lang="en" xmlns="http://www.sdmx.org/resources/sdmxml/schemas/v2_1/common">Andreis</Name>
          <Parent>
            <Ref id="ITD41" xmlns="" />
          </Parent>
        </Code>
        <Code id="093002" urn="urn:sdmx:org.sdmx.infomodel.codelist.Code=IT1:CL_REFAREA(1.2).093002">
          <Name xml:lang="it" xmlns="http://www.sdmx.org/resources/sdmxml/schemas/v2_1/common">Arba</Name>
          <Name xml:lang="en" xmlns="http://www.sdmx.org/resources/sdmxml/schemas/v2_1/common">Arba</Name>
          <Parent>
            <Ref id="ITD41" xmlns="" />
          </Parent>
        </Code>
        <Code id="093003" urn="urn:sdmx:org.sdmx.infomodel.codelist.Code=IT1:CL_REFAREA(1.2).093003">
          <Name xml:lang="it" xmlns="http://www.sdmx.org/resources/sdmxml/schemas/v2_1/common">Arzene</Name>
          <Name xml:lang="en" xmlns="http://www.sdmx.org/resources/sdmxml/schemas/v2_1/common">Arzene</Name>
          <Parent>
            <Ref id="ITD41" xmlns="" />
          </Parent>
        </Code>
        <Code id="093004" urn="urn:sdmx:org.sdmx.infomodel.codelist.Code=IT1:CL_REFAREA(1.2).093004">
          <Name xml:lang="it" xmlns="http://www.sdmx.org/resources/sdmxml/schemas/v2_1/common">Aviano</Name>
          <Name xml:lang="en" xmlns="http://www.sdmx.org/resources/sdmxml/schemas/v2_1/common">Aviano</Name>
          <Parent>
            <Ref id="ITD41" xmlns="" />
          </Parent>
        </Code>
        <Code id="093005" urn="urn:sdmx:org.sdmx.infomodel.codelist.Code=IT1:CL_REFAREA(1.2).093005">
          <Name xml:lang="it" xmlns="http://www.sdmx.org/resources/sdmxml/schemas/v2_1/common">Azzano Decimo</Name>
          <Name xml:lang="en" xmlns="http://www.sdmx.org/resources/sdmxml/schemas/v2_1/common">Azzano Decimo</Name>
          <Parent>
            <Ref id="ITD41" xmlns="" />
          </Parent>
        </Code>
        <Code id="093006" urn="urn:sdmx:org.sdmx.infomodel.codelist.Code=IT1:CL_REFAREA(1.2).093006">
          <Name xml:lang="it" xmlns="http://www.sdmx.org/resources/sdmxml/schemas/v2_1/common">Barcis</Name>
          <Name xml:lang="en" xmlns="http://www.sdmx.org/resources/sdmxml/schemas/v2_1/common">Barcis</Name>
          <Parent>
            <Ref id="ITD41" xmlns="" />
          </Parent>
        </Code>
        <Code id="093007" urn="urn:sdmx:org.sdmx.infomodel.codelist.Code=IT1:CL_REFAREA(1.2).093007">
          <Name xml:lang="it" xmlns="http://www.sdmx.org/resources/sdmxml/schemas/v2_1/common">Brugnera</Name>
          <Name xml:lang="en" xmlns="http://www.sdmx.org/resources/sdmxml/schemas/v2_1/common">Brugnera</Name>
          <Parent>
            <Ref id="ITD41" xmlns="" />
          </Parent>
        </Code>
        <Code id="093008" urn="urn:sdmx:org.sdmx.infomodel.codelist.Code=IT1:CL_REFAREA(1.2).093008">
          <Name xml:lang="it" xmlns="http://www.sdmx.org/resources/sdmxml/schemas/v2_1/common">Budoia</Name>
          <Name xml:lang="en" xmlns="http://www.sdmx.org/resources/sdmxml/schemas/v2_1/common">Budoia</Name>
          <Parent>
            <Ref id="ITD41" xmlns="" />
          </Parent>
        </Code>
        <Code id="093009" urn="urn:sdmx:org.sdmx.infomodel.codelist.Code=IT1:CL_REFAREA(1.2).093009">
          <Name xml:lang="it" xmlns="http://www.sdmx.org/resources/sdmxml/schemas/v2_1/common">Caneva</Name>
          <Name xml:lang="en" xmlns="http://www.sdmx.org/resources/sdmxml/schemas/v2_1/common">Caneva</Name>
          <Parent>
            <Ref id="ITD41" xmlns="" />
          </Parent>
        </Code>
        <Code id="093010" urn="urn:sdmx:org.sdmx.infomodel.codelist.Code=IT1:CL_REFAREA(1.2).093010">
          <Name xml:lang="it" xmlns="http://www.sdmx.org/resources/sdmxml/schemas/v2_1/common">Casarsa della Delizia</Name>
          <Name xml:lang="en" xmlns="http://www.sdmx.org/resources/sdmxml/schemas/v2_1/common">Casarsa della Delizia</Name>
          <Parent>
            <Ref id="ITD41" xmlns="" />
          </Parent>
        </Code>
        <Code id="093011" urn="urn:sdmx:org.sdmx.infomodel.codelist.Code=IT1:CL_REFAREA(1.2).093011">
          <Name xml:lang="it" xmlns="http://www.sdmx.org/resources/sdmxml/schemas/v2_1/common">Castelnovo del Friuli</Name>
          <Name xml:lang="en" xmlns="http://www.sdmx.org/resources/sdmxml/schemas/v2_1/common">Castelnovo del Friuli</Name>
          <Parent>
            <Ref id="ITD41" xmlns="" />
          </Parent>
        </Code>
        <Code id="093012" urn="urn:sdmx:org.sdmx.infomodel.codelist.Code=IT1:CL_REFAREA(1.2).093012">
          <Name xml:lang="it" xmlns="http://www.sdmx.org/resources/sdmxml/schemas/v2_1/common">Cavasso Nuovo</Name>
          <Name xml:lang="en" xmlns="http://www.sdmx.org/resources/sdmxml/schemas/v2_1/common">Cavasso Nuovo</Name>
          <Parent>
            <Ref id="ITD41" xmlns="" />
          </Parent>
        </Code>
        <Code id="093013" urn="urn:sdmx:org.sdmx.infomodel.codelist.Code=IT1:CL_REFAREA(1.2).093013">
          <Name xml:lang="it" xmlns="http://www.sdmx.org/resources/sdmxml/schemas/v2_1/common">Chions</Name>
          <Name xml:lang="en" xmlns="http://www.sdmx.org/resources/sdmxml/schemas/v2_1/common">Chions</Name>
          <Parent>
            <Ref id="ITD41" xmlns="" />
          </Parent>
        </Code>
        <Code id="093014" urn="urn:sdmx:org.sdmx.infomodel.codelist.Code=IT1:CL_REFAREA(1.2).093014">
          <Name xml:lang="it" xmlns="http://www.sdmx.org/resources/sdmxml/schemas/v2_1/common">Cimolais</Name>
          <Name xml:lang="en" xmlns="http://www.sdmx.org/resources/sdmxml/schemas/v2_1/common">Cimolais</Name>
          <Parent>
            <Ref id="ITD41" xmlns="" />
          </Parent>
        </Code>
        <Code id="093015" urn="urn:sdmx:org.sdmx.infomodel.codelist.Code=IT1:CL_REFAREA(1.2).093015">
          <Name xml:lang="it" xmlns="http://www.sdmx.org/resources/sdmxml/schemas/v2_1/common">Claut</Name>
          <Name xml:lang="en" xmlns="http://www.sdmx.org/resources/sdmxml/schemas/v2_1/common">Claut</Name>
          <Parent>
            <Ref id="ITD41" xmlns="" />
          </Parent>
        </Code>
        <Code id="093016" urn="urn:sdmx:org.sdmx.infomodel.codelist.Code=IT1:CL_REFAREA(1.2).093016">
          <Name xml:lang="it" xmlns="http://www.sdmx.org/resources/sdmxml/schemas/v2_1/common">Clauzetto</Name>
          <Name xml:lang="en" xmlns="http://www.sdmx.org/resources/sdmxml/schemas/v2_1/common">Clauzetto</Name>
          <Parent>
            <Ref id="ITD41" xmlns="" />
          </Parent>
        </Code>
        <Code id="093017" urn="urn:sdmx:org.sdmx.infomodel.codelist.Code=IT1:CL_REFAREA(1.2).093017">
          <Name xml:lang="it" xmlns="http://www.sdmx.org/resources/sdmxml/schemas/v2_1/common">Cordenons</Name>
          <Name xml:lang="en" xmlns="http://www.sdmx.org/resources/sdmxml/schemas/v2_1/common">Cordenons</Name>
          <Parent>
            <Ref id="ITD41" xmlns="" />
          </Parent>
        </Code>
        <Code id="093018" urn="urn:sdmx:org.sdmx.infomodel.codelist.Code=IT1:CL_REFAREA(1.2).093018">
          <Name xml:lang="it" xmlns="http://www.sdmx.org/resources/sdmxml/schemas/v2_1/common">Cordovado</Name>
          <Name xml:lang="en" xmlns="http://www.sdmx.org/resources/sdmxml/schemas/v2_1/common">Cordovado</Name>
          <Parent>
            <Ref id="ITD41" xmlns="" />
          </Parent>
        </Code>
        <Code id="093019" urn="urn:sdmx:org.sdmx.infomodel.codelist.Code=IT1:CL_REFAREA(1.2).093019">
          <Name xml:lang="it" xmlns="http://www.sdmx.org/resources/sdmxml/schemas/v2_1/common">Erto e Casso</Name>
          <Name xml:lang="en" xmlns="http://www.sdmx.org/resources/sdmxml/schemas/v2_1/common">Erto e Casso</Name>
          <Parent>
            <Ref id="ITD41" xmlns="" />
          </Parent>
        </Code>
        <Code id="093020" urn="urn:sdmx:org.sdmx.infomodel.codelist.Code=IT1:CL_REFAREA(1.2).093020">
          <Name xml:lang="it" xmlns="http://www.sdmx.org/resources/sdmxml/schemas/v2_1/common">Fanna</Name>
          <Name xml:lang="en" xmlns="http://www.sdmx.org/resources/sdmxml/schemas/v2_1/common">Fanna</Name>
          <Parent>
            <Ref id="ITD41" xmlns="" />
          </Parent>
        </Code>
        <Code id="093021" urn="urn:sdmx:org.sdmx.infomodel.codelist.Code=IT1:CL_REFAREA(1.2).093021">
          <Name xml:lang="it" xmlns="http://www.sdmx.org/resources/sdmxml/schemas/v2_1/common">Fiume Veneto</Name>
          <Name xml:lang="en" xmlns="http://www.sdmx.org/resources/sdmxml/schemas/v2_1/common">Fiume Veneto</Name>
          <Parent>
            <Ref id="ITD41" xmlns="" />
          </Parent>
        </Code>
        <Code id="093022" urn="urn:sdmx:org.sdmx.infomodel.codelist.Code=IT1:CL_REFAREA(1.2).093022">
          <Name xml:lang="it" xmlns="http://www.sdmx.org/resources/sdmxml/schemas/v2_1/common">Fontanafredda</Name>
          <Name xml:lang="en" xmlns="http://www.sdmx.org/resources/sdmxml/schemas/v2_1/common">Fontanafredda</Name>
          <Parent>
            <Ref id="ITD41" xmlns="" />
          </Parent>
        </Code>
        <Code id="093024" urn="urn:sdmx:org.sdmx.infomodel.codelist.Code=IT1:CL_REFAREA(1.2).093024">
          <Name xml:lang="it" xmlns="http://www.sdmx.org/resources/sdmxml/schemas/v2_1/common">Frisanco</Name>
          <Name xml:lang="en" xmlns="http://www.sdmx.org/resources/sdmxml/schemas/v2_1/common">Frisanco</Name>
          <Parent>
            <Ref id="ITD41" xmlns="" />
          </Parent>
        </Code>
        <Code id="093025" urn="urn:sdmx:org.sdmx.infomodel.codelist.Code=IT1:CL_REFAREA(1.2).093025">
          <Name xml:lang="it" xmlns="http://www.sdmx.org/resources/sdmxml/schemas/v2_1/common">Maniago</Name>
          <Name xml:lang="en" xmlns="http://www.sdmx.org/resources/sdmxml/schemas/v2_1/common">Maniago</Name>
          <Parent>
            <Ref id="ITD41" xmlns="" />
          </Parent>
        </Code>
        <Code id="093026" urn="urn:sdmx:org.sdmx.infomodel.codelist.Code=IT1:CL_REFAREA(1.2).093026">
          <Name xml:lang="it" xmlns="http://www.sdmx.org/resources/sdmxml/schemas/v2_1/common">Meduno</Name>
          <Name xml:lang="en" xmlns="http://www.sdmx.org/resources/sdmxml/schemas/v2_1/common">Meduno</Name>
          <Parent>
            <Ref id="ITD41" xmlns="" />
          </Parent>
        </Code>
        <Code id="093027" urn="urn:sdmx:org.sdmx.infomodel.codelist.Code=IT1:CL_REFAREA(1.2).093027">
          <Name xml:lang="it" xmlns="http://www.sdmx.org/resources/sdmxml/schemas/v2_1/common">Montereale Valcellina</Name>
          <Name xml:lang="en" xmlns="http://www.sdmx.org/resources/sdmxml/schemas/v2_1/common">Montereale Valcellina</Name>
          <Parent>
            <Ref id="ITD41" xmlns="" />
          </Parent>
        </Code>
        <Code id="093028" urn="urn:sdmx:org.sdmx.infomodel.codelist.Code=IT1:CL_REFAREA(1.2).093028">
          <Name xml:lang="it" xmlns="http://www.sdmx.org/resources/sdmxml/schemas/v2_1/common">Morsano al Tagliamento</Name>
          <Name xml:lang="en" xmlns="http://www.sdmx.org/resources/sdmxml/schemas/v2_1/common">Morsano al Tagliamento</Name>
          <Parent>
            <Ref id="ITD41" xmlns="" />
          </Parent>
        </Code>
        <Code id="093029" urn="urn:sdmx:org.sdmx.infomodel.codelist.Code=IT1:CL_REFAREA(1.2).093029">
          <Name xml:lang="it" xmlns="http://www.sdmx.org/resources/sdmxml/schemas/v2_1/common">Pasiano di Pordenone</Name>
          <Name xml:lang="en" xmlns="http://www.sdmx.org/resources/sdmxml/schemas/v2_1/common">Pasiano di Pordenone</Name>
          <Parent>
            <Ref id="ITD41" xmlns="" />
          </Parent>
        </Code>
        <Code id="093030" urn="urn:sdmx:org.sdmx.infomodel.codelist.Code=IT1:CL_REFAREA(1.2).093030">
          <Name xml:lang="it" xmlns="http://www.sdmx.org/resources/sdmxml/schemas/v2_1/common">Pinzano al Tagliamento</Name>
          <Name xml:lang="en" xmlns="http://www.sdmx.org/resources/sdmxml/schemas/v2_1/common">Pinzano al Tagliamento</Name>
          <Parent>
            <Ref id="ITD41" xmlns="" />
          </Parent>
        </Code>
        <Code id="093031" urn="urn:sdmx:org.sdmx.infomodel.codelist.Code=IT1:CL_REFAREA(1.2).093031">
          <Name xml:lang="it" xmlns="http://www.sdmx.org/resources/sdmxml/schemas/v2_1/common">Polcenigo</Name>
          <Name xml:lang="en" xmlns="http://www.sdmx.org/resources/sdmxml/schemas/v2_1/common">Polcenigo</Name>
          <Parent>
            <Ref id="ITD41" xmlns="" />
          </Parent>
        </Code>
        <Code id="093032" urn="urn:sdmx:org.sdmx.infomodel.codelist.Code=IT1:CL_REFAREA(1.2).093032">
          <Name xml:lang="it" xmlns="http://www.sdmx.org/resources/sdmxml/schemas/v2_1/common">Porcia</Name>
          <Name xml:lang="en" xmlns="http://www.sdmx.org/resources/sdmxml/schemas/v2_1/common">Porcia</Name>
          <Parent>
            <Ref id="ITD41" xmlns="" />
          </Parent>
        </Code>
        <Code id="093033" urn="urn:sdmx:org.sdmx.infomodel.codelist.Code=IT1:CL_REFAREA(1.2).093033">
          <Name xml:lang="it" xmlns="http://www.sdmx.org/resources/sdmxml/schemas/v2_1/common">Pordenone</Name>
          <Name xml:lang="en" xmlns="http://www.sdmx.org/resources/sdmxml/schemas/v2_1/common">Pordenone</Name>
          <Parent>
            <Ref id="ITD41" xmlns="" />
          </Parent>
        </Code>
        <Code id="093034" urn="urn:sdmx:org.sdmx.infomodel.codelist.Code=IT1:CL_REFAREA(1.2).093034">
          <Name xml:lang="it" xmlns="http://www.sdmx.org/resources/sdmxml/schemas/v2_1/common">Prata di Pordenone</Name>
          <Name xml:lang="en" xmlns="http://www.sdmx.org/resources/sdmxml/schemas/v2_1/common">Prata di Pordenone</Name>
          <Parent>
            <Ref id="ITD41" xmlns="" />
          </Parent>
        </Code>
        <Code id="093035" urn="urn:sdmx:org.sdmx.infomodel.codelist.Code=IT1:CL_REFAREA(1.2).093035">
          <Name xml:lang="it" xmlns="http://www.sdmx.org/resources/sdmxml/schemas/v2_1/common">Pravisdomini</Name>
          <Name xml:lang="en" xmlns="http://www.sdmx.org/resources/sdmxml/schemas/v2_1/common">Pravisdomini</Name>
          <Parent>
            <Ref id="ITD41" xmlns="" />
          </Parent>
        </Code>
        <Code id="093036" urn="urn:sdmx:org.sdmx.infomodel.codelist.Code=IT1:CL_REFAREA(1.2).093036">
          <Name xml:lang="it" xmlns="http://www.sdmx.org/resources/sdmxml/schemas/v2_1/common">Roveredo in Piano</Name>
          <Name xml:lang="en" xmlns="http://www.sdmx.org/resources/sdmxml/schemas/v2_1/common">Roveredo in Piano</Name>
          <Parent>
            <Ref id="ITD41" xmlns="" />
          </Parent>
        </Code>
        <Code id="093037" urn="urn:sdmx:org.sdmx.infomodel.codelist.Code=IT1:CL_REFAREA(1.2).093037">
          <Name xml:lang="it" xmlns="http://www.sdmx.org/resources/sdmxml/schemas/v2_1/common">Sacile</Name>
          <Name xml:lang="en" xmlns="http://www.sdmx.org/resources/sdmxml/schemas/v2_1/common">Sacile</Name>
          <Parent>
            <Ref id="ITD41" xmlns="" />
          </Parent>
        </Code>
        <Code id="093038" urn="urn:sdmx:org.sdmx.infomodel.codelist.Code=IT1:CL_REFAREA(1.2).093038">
          <Name xml:lang="it" xmlns="http://www.sdmx.org/resources/sdmxml/schemas/v2_1/common">San Giorgio della Richinvelda</Name>
          <Name xml:lang="en" xmlns="http://www.sdmx.org/resources/sdmxml/schemas/v2_1/common">San Giorgio della Richinvelda</Name>
          <Parent>
            <Ref id="ITD41" xmlns="" />
          </Parent>
        </Code>
        <Code id="093039" urn="urn:sdmx:org.sdmx.infomodel.codelist.Code=IT1:CL_REFAREA(1.2).093039">
          <Name xml:lang="it" xmlns="http://www.sdmx.org/resources/sdmxml/schemas/v2_1/common">San Martino al Tagliamento</Name>
          <Name xml:lang="en" xmlns="http://www.sdmx.org/resources/sdmxml/schemas/v2_1/common">San Martino al Tagliamento</Name>
          <Parent>
            <Ref id="ITD41" xmlns="" />
          </Parent>
        </Code>
        <Code id="093040" urn="urn:sdmx:org.sdmx.infomodel.codelist.Code=IT1:CL_REFAREA(1.2).093040">
          <Name xml:lang="it" xmlns="http://www.sdmx.org/resources/sdmxml/schemas/v2_1/common">San Quirino</Name>
          <Name xml:lang="en" xmlns="http://www.sdmx.org/resources/sdmxml/schemas/v2_1/common">San Quirino</Name>
          <Parent>
            <Ref id="ITD41" xmlns="" />
          </Parent>
        </Code>
        <Code id="093041" urn="urn:sdmx:org.sdmx.infomodel.codelist.Code=IT1:CL_REFAREA(1.2).093041">
          <Name xml:lang="it" xmlns="http://www.sdmx.org/resources/sdmxml/schemas/v2_1/common">San Vito al Tagliamento</Name>
          <Name xml:lang="en" xmlns="http://www.sdmx.org/resources/sdmxml/schemas/v2_1/common">San Vito al Tagliamento</Name>
          <Parent>
            <Ref id="ITD41" xmlns="" />
          </Parent>
        </Code>
        <Code id="093042" urn="urn:sdmx:org.sdmx.infomodel.codelist.Code=IT1:CL_REFAREA(1.2).093042">
          <Name xml:lang="it" xmlns="http://www.sdmx.org/resources/sdmxml/schemas/v2_1/common">Sequals</Name>
          <Name xml:lang="en" xmlns="http://www.sdmx.org/resources/sdmxml/schemas/v2_1/common">Sequals</Name>
          <Parent>
            <Ref id="ITD41" xmlns="" />
          </Parent>
        </Code>
        <Code id="093043" urn="urn:sdmx:org.sdmx.infomodel.codelist.Code=IT1:CL_REFAREA(1.2).093043">
          <Name xml:lang="it" xmlns="http://www.sdmx.org/resources/sdmxml/schemas/v2_1/common">Sesto al Reghena</Name>
          <Name xml:lang="en" xmlns="http://www.sdmx.org/resources/sdmxml/schemas/v2_1/common">Sesto al Reghena</Name>
          <Parent>
            <Ref id="ITD41" xmlns="" />
          </Parent>
        </Code>
        <Code id="093044" urn="urn:sdmx:org.sdmx.infomodel.codelist.Code=IT1:CL_REFAREA(1.2).093044">
          <Name xml:lang="it" xmlns="http://www.sdmx.org/resources/sdmxml/schemas/v2_1/common">Spilimbergo</Name>
          <Name xml:lang="en" xmlns="http://www.sdmx.org/resources/sdmxml/schemas/v2_1/common">Spilimbergo</Name>
          <Parent>
            <Ref id="ITD41" xmlns="" />
          </Parent>
        </Code>
        <Code id="093045" urn="urn:sdmx:org.sdmx.infomodel.codelist.Code=IT1:CL_REFAREA(1.2).093045">
          <Name xml:lang="it" xmlns="http://www.sdmx.org/resources/sdmxml/schemas/v2_1/common">Tramonti di Sopra</Name>
          <Name xml:lang="en" xmlns="http://www.sdmx.org/resources/sdmxml/schemas/v2_1/common">Tramonti di Sopra</Name>
          <Parent>
            <Ref id="ITD41" xmlns="" />
          </Parent>
        </Code>
        <Code id="093046" urn="urn:sdmx:org.sdmx.infomodel.codelist.Code=IT1:CL_REFAREA(1.2).093046">
          <Name xml:lang="it" xmlns="http://www.sdmx.org/resources/sdmxml/schemas/v2_1/common">Tramonti di Sotto</Name>
          <Name xml:lang="en" xmlns="http://www.sdmx.org/resources/sdmxml/schemas/v2_1/common">Tramonti di Sotto</Name>
          <Parent>
            <Ref id="ITD41" xmlns="" />
          </Parent>
        </Code>
        <Code id="093047" urn="urn:sdmx:org.sdmx.infomodel.codelist.Code=IT1:CL_REFAREA(1.2).093047">
          <Name xml:lang="it" xmlns="http://www.sdmx.org/resources/sdmxml/schemas/v2_1/common">Travesio</Name>
          <Name xml:lang="en" xmlns="http://www.sdmx.org/resources/sdmxml/schemas/v2_1/common">Travesio</Name>
          <Parent>
            <Ref id="ITD41" xmlns="" />
          </Parent>
        </Code>
        <Code id="093048" urn="urn:sdmx:org.sdmx.infomodel.codelist.Code=IT1:CL_REFAREA(1.2).093048">
          <Name xml:lang="it" xmlns="http://www.sdmx.org/resources/sdmxml/schemas/v2_1/common">Valvasone</Name>
          <Name xml:lang="en" xmlns="http://www.sdmx.org/resources/sdmxml/schemas/v2_1/common">Valvasone</Name>
          <Parent>
            <Ref id="ITD41" xmlns="" />
          </Parent>
        </Code>
        <Code id="093049" urn="urn:sdmx:org.sdmx.infomodel.codelist.Code=IT1:CL_REFAREA(1.2).093049">
          <Name xml:lang="it" xmlns="http://www.sdmx.org/resources/sdmxml/schemas/v2_1/common">Vito d'Asio</Name>
          <Name xml:lang="en" xmlns="http://www.sdmx.org/resources/sdmxml/schemas/v2_1/common">Vito d'Asio</Name>
          <Parent>
            <Ref id="ITD41" xmlns="" />
          </Parent>
        </Code>
        <Code id="093050" urn="urn:sdmx:org.sdmx.infomodel.codelist.Code=IT1:CL_REFAREA(1.2).093050">
          <Name xml:lang="it" xmlns="http://www.sdmx.org/resources/sdmxml/schemas/v2_1/common">Vivaro</Name>
          <Name xml:lang="en" xmlns="http://www.sdmx.org/resources/sdmxml/schemas/v2_1/common">Vivaro</Name>
          <Parent>
            <Ref id="ITD41" xmlns="" />
          </Parent>
        </Code>
        <Code id="093051" urn="urn:sdmx:org.sdmx.infomodel.codelist.Code=IT1:CL_REFAREA(1.2).093051">
          <Name xml:lang="it" xmlns="http://www.sdmx.org/resources/sdmxml/schemas/v2_1/common">Zoppola</Name>
          <Name xml:lang="en" xmlns="http://www.sdmx.org/resources/sdmxml/schemas/v2_1/common">Zoppola</Name>
          <Parent>
            <Ref id="ITD41" xmlns="" />
          </Parent>
        </Code>
        <Code id="093052" urn="urn:sdmx:org.sdmx.infomodel.codelist.Code=IT1:CL_REFAREA(1.2).093052">
          <Name xml:lang="it" xmlns="http://www.sdmx.org/resources/sdmxml/schemas/v2_1/common">Vajont</Name>
          <Name xml:lang="en" xmlns="http://www.sdmx.org/resources/sdmxml/schemas/v2_1/common">Vajont</Name>
          <Parent>
            <Ref id="ITD41" xmlns="" />
          </Parent>
        </Code>
        <Code id="094001" urn="urn:sdmx:org.sdmx.infomodel.codelist.Code=IT1:CL_REFAREA(1.2).094001">
          <Name xml:lang="it" xmlns="http://www.sdmx.org/resources/sdmxml/schemas/v2_1/common">Acquaviva d'Isernia</Name>
          <Name xml:lang="en" xmlns="http://www.sdmx.org/resources/sdmxml/schemas/v2_1/common">Acquaviva d'Isernia</Name>
          <Parent>
            <Ref id="ITF21" xmlns="" />
          </Parent>
        </Code>
        <Code id="094002" urn="urn:sdmx:org.sdmx.infomodel.codelist.Code=IT1:CL_REFAREA(1.2).094002">
          <Name xml:lang="it" xmlns="http://www.sdmx.org/resources/sdmxml/schemas/v2_1/common">Agnone</Name>
          <Name xml:lang="en" xmlns="http://www.sdmx.org/resources/sdmxml/schemas/v2_1/common">Agnone</Name>
          <Parent>
            <Ref id="ITF21" xmlns="" />
          </Parent>
        </Code>
        <Code id="094003" urn="urn:sdmx:org.sdmx.infomodel.codelist.Code=IT1:CL_REFAREA(1.2).094003">
          <Name xml:lang="it" xmlns="http://www.sdmx.org/resources/sdmxml/schemas/v2_1/common">Bagnoli del Trigno</Name>
          <Name xml:lang="en" xmlns="http://www.sdmx.org/resources/sdmxml/schemas/v2_1/common">Bagnoli del Trigno</Name>
          <Parent>
            <Ref id="ITF21" xmlns="" />
          </Parent>
        </Code>
        <Code id="094004" urn="urn:sdmx:org.sdmx.infomodel.codelist.Code=IT1:CL_REFAREA(1.2).094004">
          <Name xml:lang="it" xmlns="http://www.sdmx.org/resources/sdmxml/schemas/v2_1/common">Belmonte del Sannio</Name>
          <Name xml:lang="en" xmlns="http://www.sdmx.org/resources/sdmxml/schemas/v2_1/common">Belmonte del Sannio</Name>
          <Parent>
            <Ref id="ITF21" xmlns="" />
          </Parent>
        </Code>
        <Code id="094005" urn="urn:sdmx:org.sdmx.infomodel.codelist.Code=IT1:CL_REFAREA(1.2).094005">
          <Name xml:lang="it" xmlns="http://www.sdmx.org/resources/sdmxml/schemas/v2_1/common">Cantalupo nel Sannio</Name>
          <Name xml:lang="en" xmlns="http://www.sdmx.org/resources/sdmxml/schemas/v2_1/common">Cantalupo nel Sannio</Name>
          <Parent>
            <Ref id="ITF21" xmlns="" />
          </Parent>
        </Code>
        <Code id="094006" urn="urn:sdmx:org.sdmx.infomodel.codelist.Code=IT1:CL_REFAREA(1.2).094006">
          <Name xml:lang="it" xmlns="http://www.sdmx.org/resources/sdmxml/schemas/v2_1/common">Capracotta</Name>
          <Name xml:lang="en" xmlns="http://www.sdmx.org/resources/sdmxml/schemas/v2_1/common">Capracotta</Name>
          <Parent>
            <Ref id="ITF21" xmlns="" />
          </Parent>
        </Code>
        <Code id="094007" urn="urn:sdmx:org.sdmx.infomodel.codelist.Code=IT1:CL_REFAREA(1.2).094007">
          <Name xml:lang="it" xmlns="http://www.sdmx.org/resources/sdmxml/schemas/v2_1/common">Carovilli</Name>
          <Name xml:lang="en" xmlns="http://www.sdmx.org/resources/sdmxml/schemas/v2_1/common">Carovilli</Name>
          <Parent>
            <Ref id="ITF21" xmlns="" />
          </Parent>
        </Code>
        <Code id="094008" urn="urn:sdmx:org.sdmx.infomodel.codelist.Code=IT1:CL_REFAREA(1.2).094008">
          <Name xml:lang="it" xmlns="http://www.sdmx.org/resources/sdmxml/schemas/v2_1/common">Carpinone</Name>
          <Name xml:lang="en" xmlns="http://www.sdmx.org/resources/sdmxml/schemas/v2_1/common">Carpinone</Name>
          <Parent>
            <Ref id="ITF21" xmlns="" />
          </Parent>
        </Code>
        <Code id="094009" urn="urn:sdmx:org.sdmx.infomodel.codelist.Code=IT1:CL_REFAREA(1.2).094009">
          <Name xml:lang="it" xmlns="http://www.sdmx.org/resources/sdmxml/schemas/v2_1/common">Castel del Giudice</Name>
          <Name xml:lang="en" xmlns="http://www.sdmx.org/resources/sdmxml/schemas/v2_1/common">Castel del Giudice</Name>
          <Parent>
            <Ref id="ITF21" xmlns="" />
          </Parent>
        </Code>
        <Code id="094010" urn="urn:sdmx:org.sdmx.infomodel.codelist.Code=IT1:CL_REFAREA(1.2).094010">
          <Name xml:lang="it" xmlns="http://www.sdmx.org/resources/sdmxml/schemas/v2_1/common">Castelpetroso</Name>
          <Name xml:lang="en" xmlns="http://www.sdmx.org/resources/sdmxml/schemas/v2_1/common">Castelpetroso</Name>
          <Parent>
            <Ref id="ITF21" xmlns="" />
          </Parent>
        </Code>
        <Code id="094011" urn="urn:sdmx:org.sdmx.infomodel.codelist.Code=IT1:CL_REFAREA(1.2).094011">
          <Name xml:lang="it" xmlns="http://www.sdmx.org/resources/sdmxml/schemas/v2_1/common">Castelpizzuto</Name>
          <Name xml:lang="en" xmlns="http://www.sdmx.org/resources/sdmxml/schemas/v2_1/common">Castelpizzuto</Name>
          <Parent>
            <Ref id="ITF21" xmlns="" />
          </Parent>
        </Code>
        <Code id="094012" urn="urn:sdmx:org.sdmx.infomodel.codelist.Code=IT1:CL_REFAREA(1.2).094012">
          <Name xml:lang="it" xmlns="http://www.sdmx.org/resources/sdmxml/schemas/v2_1/common">Castel San Vincenzo</Name>
          <Name xml:lang="en" xmlns="http://www.sdmx.org/resources/sdmxml/schemas/v2_1/common">Castel San Vincenzo</Name>
          <Parent>
            <Ref id="ITF21" xmlns="" />
          </Parent>
        </Code>
        <Code id="094013" urn="urn:sdmx:org.sdmx.infomodel.codelist.Code=IT1:CL_REFAREA(1.2).094013">
          <Name xml:lang="it" xmlns="http://www.sdmx.org/resources/sdmxml/schemas/v2_1/common">Castelverrino</Name>
          <Name xml:lang="en" xmlns="http://www.sdmx.org/resources/sdmxml/schemas/v2_1/common">Castelverrino</Name>
          <Parent>
            <Ref id="ITF21" xmlns="" />
          </Parent>
        </Code>
        <Code id="094014" urn="urn:sdmx:org.sdmx.infomodel.codelist.Code=IT1:CL_REFAREA(1.2).094014">
          <Name xml:lang="it" xmlns="http://www.sdmx.org/resources/sdmxml/schemas/v2_1/common">Cerro al Volturno</Name>
          <Name xml:lang="en" xmlns="http://www.sdmx.org/resources/sdmxml/schemas/v2_1/common">Cerro al Volturno</Name>
          <Parent>
            <Ref id="ITF21" xmlns="" />
          </Parent>
        </Code>
        <Code id="094015" urn="urn:sdmx:org.sdmx.infomodel.codelist.Code=IT1:CL_REFAREA(1.2).094015">
          <Name xml:lang="it" xmlns="http://www.sdmx.org/resources/sdmxml/schemas/v2_1/common">Chiauci</Name>
          <Name xml:lang="en" xmlns="http://www.sdmx.org/resources/sdmxml/schemas/v2_1/common">Chiauci</Name>
          <Parent>
            <Ref id="ITF21" xmlns="" />
          </Parent>
        </Code>
        <Code id="094016" urn="urn:sdmx:org.sdmx.infomodel.codelist.Code=IT1:CL_REFAREA(1.2).094016">
          <Name xml:lang="it" xmlns="http://www.sdmx.org/resources/sdmxml/schemas/v2_1/common">Civitanova del Sannio</Name>
          <Name xml:lang="en" xmlns="http://www.sdmx.org/resources/sdmxml/schemas/v2_1/common">Civitanova del Sannio</Name>
          <Parent>
            <Ref id="ITF21" xmlns="" />
          </Parent>
        </Code>
        <Code id="094017" urn="urn:sdmx:org.sdmx.infomodel.codelist.Code=IT1:CL_REFAREA(1.2).094017">
          <Name xml:lang="it" xmlns="http://www.sdmx.org/resources/sdmxml/schemas/v2_1/common">Colli a Volturno</Name>
          <Name xml:lang="en" xmlns="http://www.sdmx.org/resources/sdmxml/schemas/v2_1/common">Colli a Volturno</Name>
          <Parent>
            <Ref id="ITF21" xmlns="" />
          </Parent>
        </Code>
        <Code id="094018" urn="urn:sdmx:org.sdmx.infomodel.codelist.Code=IT1:CL_REFAREA(1.2).094018">
          <Name xml:lang="it" xmlns="http://www.sdmx.org/resources/sdmxml/schemas/v2_1/common">Conca Casale</Name>
          <Name xml:lang="en" xmlns="http://www.sdmx.org/resources/sdmxml/schemas/v2_1/common">Conca Casale</Name>
          <Parent>
            <Ref id="ITF21" xmlns="" />
          </Parent>
        </Code>
        <Code id="094019" urn="urn:sdmx:org.sdmx.infomodel.codelist.Code=IT1:CL_REFAREA(1.2).094019">
          <Name xml:lang="it" xmlns="http://www.sdmx.org/resources/sdmxml/schemas/v2_1/common">Filignano</Name>
          <Name xml:lang="en" xmlns="http://www.sdmx.org/resources/sdmxml/schemas/v2_1/common">Filignano</Name>
          <Parent>
            <Ref id="ITF21" xmlns="" />
          </Parent>
        </Code>
        <Code id="094020" urn="urn:sdmx:org.sdmx.infomodel.codelist.Code=IT1:CL_REFAREA(1.2).094020">
          <Name xml:lang="it" xmlns="http://www.sdmx.org/resources/sdmxml/schemas/v2_1/common">Forlì del Sannio</Name>
          <Name xml:lang="en" xmlns="http://www.sdmx.org/resources/sdmxml/schemas/v2_1/common">Forlì del Sannio</Name>
          <Parent>
            <Ref id="ITF21" xmlns="" />
          </Parent>
        </Code>
        <Code id="094021" urn="urn:sdmx:org.sdmx.infomodel.codelist.Code=IT1:CL_REFAREA(1.2).094021">
          <Name xml:lang="it" xmlns="http://www.sdmx.org/resources/sdmxml/schemas/v2_1/common">Fornelli</Name>
          <Name xml:lang="en" xmlns="http://www.sdmx.org/resources/sdmxml/schemas/v2_1/common">Fornelli</Name>
          <Parent>
            <Ref id="ITF21" xmlns="" />
          </Parent>
        </Code>
        <Code id="094022" urn="urn:sdmx:org.sdmx.infomodel.codelist.Code=IT1:CL_REFAREA(1.2).094022">
          <Name xml:lang="it" xmlns="http://www.sdmx.org/resources/sdmxml/schemas/v2_1/common">Frosolone</Name>
          <Name xml:lang="en" xmlns="http://www.sdmx.org/resources/sdmxml/schemas/v2_1/common">Frosolone</Name>
          <Parent>
            <Ref id="ITF21" xmlns="" />
          </Parent>
        </Code>
        <Code id="094023" urn="urn:sdmx:org.sdmx.infomodel.codelist.Code=IT1:CL_REFAREA(1.2).094023">
          <Name xml:lang="it" xmlns="http://www.sdmx.org/resources/sdmxml/schemas/v2_1/common">Isernia</Name>
          <Name xml:lang="en" xmlns="http://www.sdmx.org/resources/sdmxml/schemas/v2_1/common">Isernia</Name>
          <Parent>
            <Ref id="ITF21" xmlns="" />
          </Parent>
        </Code>
        <Code id="094024" urn="urn:sdmx:org.sdmx.infomodel.codelist.Code=IT1:CL_REFAREA(1.2).094024">
          <Name xml:lang="it" xmlns="http://www.sdmx.org/resources/sdmxml/schemas/v2_1/common">Longano</Name>
          <Name xml:lang="en" xmlns="http://www.sdmx.org/resources/sdmxml/schemas/v2_1/common">Longano</Name>
          <Parent>
            <Ref id="ITF21" xmlns="" />
          </Parent>
        </Code>
        <Code id="094025" urn="urn:sdmx:org.sdmx.infomodel.codelist.Code=IT1:CL_REFAREA(1.2).094025">
          <Name xml:lang="it" xmlns="http://www.sdmx.org/resources/sdmxml/schemas/v2_1/common">Macchia d'Isernia</Name>
          <Name xml:lang="en" xmlns="http://www.sdmx.org/resources/sdmxml/schemas/v2_1/common">Macchia d'Isernia</Name>
          <Parent>
            <Ref id="ITF21" xmlns="" />
          </Parent>
        </Code>
        <Code id="094026" urn="urn:sdmx:org.sdmx.infomodel.codelist.Code=IT1:CL_REFAREA(1.2).094026">
          <Name xml:lang="it" xmlns="http://www.sdmx.org/resources/sdmxml/schemas/v2_1/common">Macchiagodena</Name>
          <Name xml:lang="en" xmlns="http://www.sdmx.org/resources/sdmxml/schemas/v2_1/common">Macchiagodena</Name>
          <Parent>
            <Ref id="ITF21" xmlns="" />
          </Parent>
        </Code>
        <Code id="094027" urn="urn:sdmx:org.sdmx.infomodel.codelist.Code=IT1:CL_REFAREA(1.2).094027">
          <Name xml:lang="it" xmlns="http://www.sdmx.org/resources/sdmxml/schemas/v2_1/common">Miranda</Name>
          <Name xml:lang="en" xmlns="http://www.sdmx.org/resources/sdmxml/schemas/v2_1/common">Miranda</Name>
          <Parent>
            <Ref id="ITF21" xmlns="" />
          </Parent>
        </Code>
        <Code id="094028" urn="urn:sdmx:org.sdmx.infomodel.codelist.Code=IT1:CL_REFAREA(1.2).094028">
          <Name xml:lang="it" xmlns="http://www.sdmx.org/resources/sdmxml/schemas/v2_1/common">Montaquila</Name>
          <Name xml:lang="en" xmlns="http://www.sdmx.org/resources/sdmxml/schemas/v2_1/common">Montaquila</Name>
          <Parent>
            <Ref id="ITF21" xmlns="" />
          </Parent>
        </Code>
        <Code id="094029" urn="urn:sdmx:org.sdmx.infomodel.codelist.Code=IT1:CL_REFAREA(1.2).094029">
          <Name xml:lang="it" xmlns="http://www.sdmx.org/resources/sdmxml/schemas/v2_1/common">Montenero Val Cocchiara</Name>
          <Name xml:lang="en" xmlns="http://www.sdmx.org/resources/sdmxml/schemas/v2_1/common">Montenero Val Cocchiara</Name>
          <Parent>
            <Ref id="ITF21" xmlns="" />
          </Parent>
        </Code>
        <Code id="094030" urn="urn:sdmx:org.sdmx.infomodel.codelist.Code=IT1:CL_REFAREA(1.2).094030">
          <Name xml:lang="it" xmlns="http://www.sdmx.org/resources/sdmxml/schemas/v2_1/common">Monteroduni</Name>
          <Name xml:lang="en" xmlns="http://www.sdmx.org/resources/sdmxml/schemas/v2_1/common">Monteroduni</Name>
          <Parent>
            <Ref id="ITF21" xmlns="" />
          </Parent>
        </Code>
        <Code id="094031" urn="urn:sdmx:org.sdmx.infomodel.codelist.Code=IT1:CL_REFAREA(1.2).094031">
          <Name xml:lang="it" xmlns="http://www.sdmx.org/resources/sdmxml/schemas/v2_1/common">Pesche</Name>
          <Name xml:lang="en" xmlns="http://www.sdmx.org/resources/sdmxml/schemas/v2_1/common">Pesche</Name>
          <Parent>
            <Ref id="ITF21" xmlns="" />
          </Parent>
        </Code>
        <Code id="094032" urn="urn:sdmx:org.sdmx.infomodel.codelist.Code=IT1:CL_REFAREA(1.2).094032">
          <Name xml:lang="it" xmlns="http://www.sdmx.org/resources/sdmxml/schemas/v2_1/common">Pescolanciano</Name>
          <Name xml:lang="en" xmlns="http://www.sdmx.org/resources/sdmxml/schemas/v2_1/common">Pescolanciano</Name>
          <Parent>
            <Ref id="ITF21" xmlns="" />
          </Parent>
        </Code>
        <Code id="094033" urn="urn:sdmx:org.sdmx.infomodel.codelist.Code=IT1:CL_REFAREA(1.2).094033">
          <Name xml:lang="it" xmlns="http://www.sdmx.org/resources/sdmxml/schemas/v2_1/common">Pescopennataro</Name>
          <Name xml:lang="en" xmlns="http://www.sdmx.org/resources/sdmxml/schemas/v2_1/common">Pescopennataro</Name>
          <Parent>
            <Ref id="ITF21" xmlns="" />
          </Parent>
        </Code>
        <Code id="094034" urn="urn:sdmx:org.sdmx.infomodel.codelist.Code=IT1:CL_REFAREA(1.2).094034">
          <Name xml:lang="it" xmlns="http://www.sdmx.org/resources/sdmxml/schemas/v2_1/common">Pettoranello del Molise</Name>
          <Name xml:lang="en" xmlns="http://www.sdmx.org/resources/sdmxml/schemas/v2_1/common">Pettoranello del Molise</Name>
          <Parent>
            <Ref id="ITF21" xmlns="" />
          </Parent>
        </Code>
        <Code id="094035" urn="urn:sdmx:org.sdmx.infomodel.codelist.Code=IT1:CL_REFAREA(1.2).094035">
          <Name xml:lang="it" xmlns="http://www.sdmx.org/resources/sdmxml/schemas/v2_1/common">Pietrabbondante</Name>
          <Name xml:lang="en" xmlns="http://www.sdmx.org/resources/sdmxml/schemas/v2_1/common">Pietrabbondante</Name>
          <Parent>
            <Ref id="ITF21" xmlns="" />
          </Parent>
        </Code>
        <Code id="094036" urn="urn:sdmx:org.sdmx.infomodel.codelist.Code=IT1:CL_REFAREA(1.2).094036">
          <Name xml:lang="it" xmlns="http://www.sdmx.org/resources/sdmxml/schemas/v2_1/common">Pizzone</Name>
          <Name xml:lang="en" xmlns="http://www.sdmx.org/resources/sdmxml/schemas/v2_1/common">Pizzone</Name>
          <Parent>
            <Ref id="ITF21" xmlns="" />
          </Parent>
        </Code>
        <Code id="094037" urn="urn:sdmx:org.sdmx.infomodel.codelist.Code=IT1:CL_REFAREA(1.2).094037">
          <Name xml:lang="it" xmlns="http://www.sdmx.org/resources/sdmxml/schemas/v2_1/common">Poggio Sannita</Name>
          <Name xml:lang="en" xmlns="http://www.sdmx.org/resources/sdmxml/schemas/v2_1/common">Poggio Sannita</Name>
          <Parent>
            <Ref id="ITF21" xmlns="" />
          </Parent>
        </Code>
        <Code id="094038" urn="urn:sdmx:org.sdmx.infomodel.codelist.Code=IT1:CL_REFAREA(1.2).094038">
          <Name xml:lang="it" xmlns="http://www.sdmx.org/resources/sdmxml/schemas/v2_1/common">Pozzilli</Name>
          <Name xml:lang="en" xmlns="http://www.sdmx.org/resources/sdmxml/schemas/v2_1/common">Pozzilli</Name>
          <Parent>
            <Ref id="ITF21" xmlns="" />
          </Parent>
        </Code>
        <Code id="094039" urn="urn:sdmx:org.sdmx.infomodel.codelist.Code=IT1:CL_REFAREA(1.2).094039">
          <Name xml:lang="it" xmlns="http://www.sdmx.org/resources/sdmxml/schemas/v2_1/common">Rionero Sannitico</Name>
          <Name xml:lang="en" xmlns="http://www.sdmx.org/resources/sdmxml/schemas/v2_1/common">Rionero Sannitico</Name>
          <Parent>
            <Ref id="ITF21" xmlns="" />
          </Parent>
        </Code>
        <Code id="094040" urn="urn:sdmx:org.sdmx.infomodel.codelist.Code=IT1:CL_REFAREA(1.2).094040">
          <Name xml:lang="it" xmlns="http://www.sdmx.org/resources/sdmxml/schemas/v2_1/common">Roccamandolfi</Name>
          <Name xml:lang="en" xmlns="http://www.sdmx.org/resources/sdmxml/schemas/v2_1/common">Roccamandolfi</Name>
          <Parent>
            <Ref id="ITF21" xmlns="" />
          </Parent>
        </Code>
        <Code id="094041" urn="urn:sdmx:org.sdmx.infomodel.codelist.Code=IT1:CL_REFAREA(1.2).094041">
          <Name xml:lang="it" xmlns="http://www.sdmx.org/resources/sdmxml/schemas/v2_1/common">Roccasicura</Name>
          <Name xml:lang="en" xmlns="http://www.sdmx.org/resources/sdmxml/schemas/v2_1/common">Roccasicura</Name>
          <Parent>
            <Ref id="ITF21" xmlns="" />
          </Parent>
        </Code>
        <Code id="094042" urn="urn:sdmx:org.sdmx.infomodel.codelist.Code=IT1:CL_REFAREA(1.2).094042">
          <Name xml:lang="it" xmlns="http://www.sdmx.org/resources/sdmxml/schemas/v2_1/common">Rocchetta a Volturno</Name>
          <Name xml:lang="en" xmlns="http://www.sdmx.org/resources/sdmxml/schemas/v2_1/common">Rocchetta a Volturno</Name>
          <Parent>
            <Ref id="ITF21" xmlns="" />
          </Parent>
        </Code>
        <Code id="094043" urn="urn:sdmx:org.sdmx.infomodel.codelist.Code=IT1:CL_REFAREA(1.2).094043">
          <Name xml:lang="it" xmlns="http://www.sdmx.org/resources/sdmxml/schemas/v2_1/common">San Pietro Avellana</Name>
          <Name xml:lang="en" xmlns="http://www.sdmx.org/resources/sdmxml/schemas/v2_1/common">San Pietro Avellana</Name>
          <Parent>
            <Ref id="ITF21" xmlns="" />
          </Parent>
        </Code>
        <Code id="094044" urn="urn:sdmx:org.sdmx.infomodel.codelist.Code=IT1:CL_REFAREA(1.2).094044">
          <Name xml:lang="it" xmlns="http://www.sdmx.org/resources/sdmxml/schemas/v2_1/common">Sant'Agapito</Name>
          <Name xml:lang="en" xmlns="http://www.sdmx.org/resources/sdmxml/schemas/v2_1/common">Sant'Agapito</Name>
          <Parent>
            <Ref id="ITF21" xmlns="" />
          </Parent>
        </Code>
        <Code id="094045" urn="urn:sdmx:org.sdmx.infomodel.codelist.Code=IT1:CL_REFAREA(1.2).094045">
          <Name xml:lang="it" xmlns="http://www.sdmx.org/resources/sdmxml/schemas/v2_1/common">Santa Maria del Molise</Name>
          <Name xml:lang="en" xmlns="http://www.sdmx.org/resources/sdmxml/schemas/v2_1/common">Santa Maria del Molise</Name>
          <Parent>
            <Ref id="ITF21" xmlns="" />
          </Parent>
        </Code>
        <Code id="094046" urn="urn:sdmx:org.sdmx.infomodel.codelist.Code=IT1:CL_REFAREA(1.2).094046">
          <Name xml:lang="it" xmlns="http://www.sdmx.org/resources/sdmxml/schemas/v2_1/common">Sant'Angelo del Pesco</Name>
          <Name xml:lang="en" xmlns="http://www.sdmx.org/resources/sdmxml/schemas/v2_1/common">Sant'Angelo del Pesco</Name>
          <Parent>
            <Ref id="ITF21" xmlns="" />
          </Parent>
        </Code>
        <Code id="094047" urn="urn:sdmx:org.sdmx.infomodel.codelist.Code=IT1:CL_REFAREA(1.2).094047">
          <Name xml:lang="it" xmlns="http://www.sdmx.org/resources/sdmxml/schemas/v2_1/common">Sant'Elena Sannita</Name>
          <Name xml:lang="en" xmlns="http://www.sdmx.org/resources/sdmxml/schemas/v2_1/common">Sant'Elena Sannita</Name>
          <Parent>
            <Ref id="ITF21" xmlns="" />
          </Parent>
        </Code>
        <Code id="094048" urn="urn:sdmx:org.sdmx.infomodel.codelist.Code=IT1:CL_REFAREA(1.2).094048">
          <Name xml:lang="it" xmlns="http://www.sdmx.org/resources/sdmxml/schemas/v2_1/common">Scapoli</Name>
          <Name xml:lang="en" xmlns="http://www.sdmx.org/resources/sdmxml/schemas/v2_1/common">Scapoli</Name>
          <Parent>
            <Ref id="ITF21" xmlns="" />
          </Parent>
        </Code>
        <Code id="094049" urn="urn:sdmx:org.sdmx.infomodel.codelist.Code=IT1:CL_REFAREA(1.2).094049">
          <Name xml:lang="it" xmlns="http://www.sdmx.org/resources/sdmxml/schemas/v2_1/common">Sessano del Molise</Name>
          <Name xml:lang="en" xmlns="http://www.sdmx.org/resources/sdmxml/schemas/v2_1/common">Sessano del Molise</Name>
          <Parent>
            <Ref id="ITF21" xmlns="" />
          </Parent>
        </Code>
        <Code id="094050" urn="urn:sdmx:org.sdmx.infomodel.codelist.Code=IT1:CL_REFAREA(1.2).094050">
          <Name xml:lang="it" xmlns="http://www.sdmx.org/resources/sdmxml/schemas/v2_1/common">Sesto Campano</Name>
          <Name xml:lang="en" xmlns="http://www.sdmx.org/resources/sdmxml/schemas/v2_1/common">Sesto Campano</Name>
          <Parent>
            <Ref id="ITF21" xmlns="" />
          </Parent>
        </Code>
        <Code id="094051" urn="urn:sdmx:org.sdmx.infomodel.codelist.Code=IT1:CL_REFAREA(1.2).094051">
          <Name xml:lang="it" xmlns="http://www.sdmx.org/resources/sdmxml/schemas/v2_1/common">Vastogirardi</Name>
          <Name xml:lang="en" xmlns="http://www.sdmx.org/resources/sdmxml/schemas/v2_1/common">Vastogirardi</Name>
          <Parent>
            <Ref id="ITF21" xmlns="" />
          </Parent>
        </Code>
        <Code id="094052" urn="urn:sdmx:org.sdmx.infomodel.codelist.Code=IT1:CL_REFAREA(1.2).094052">
          <Name xml:lang="it" xmlns="http://www.sdmx.org/resources/sdmxml/schemas/v2_1/common">Venafro</Name>
          <Name xml:lang="en" xmlns="http://www.sdmx.org/resources/sdmxml/schemas/v2_1/common">Venafro</Name>
          <Parent>
            <Ref id="ITF21" xmlns="" />
          </Parent>
        </Code>
        <Code id="095001" urn="urn:sdmx:org.sdmx.infomodel.codelist.Code=IT1:CL_REFAREA(1.2).095001">
          <Name xml:lang="it" xmlns="http://www.sdmx.org/resources/sdmxml/schemas/v2_1/common">Abbasanta</Name>
          <Name xml:lang="en" xmlns="http://www.sdmx.org/resources/sdmxml/schemas/v2_1/common">Abbasanta</Name>
          <Parent>
            <Ref id="ITG28" xmlns="" />
          </Parent>
        </Code>
        <Code id="095002" urn="urn:sdmx:org.sdmx.infomodel.codelist.Code=IT1:CL_REFAREA(1.2).095002">
          <Name xml:lang="it" xmlns="http://www.sdmx.org/resources/sdmxml/schemas/v2_1/common">Aidomaggiore</Name>
          <Name xml:lang="en" xmlns="http://www.sdmx.org/resources/sdmxml/schemas/v2_1/common">Aidomaggiore</Name>
          <Parent>
            <Ref id="ITG28" xmlns="" />
          </Parent>
        </Code>
        <Code id="095003" urn="urn:sdmx:org.sdmx.infomodel.codelist.Code=IT1:CL_REFAREA(1.2).095003">
          <Name xml:lang="it" xmlns="http://www.sdmx.org/resources/sdmxml/schemas/v2_1/common">Albagiara</Name>
          <Name xml:lang="en" xmlns="http://www.sdmx.org/resources/sdmxml/schemas/v2_1/common">Albagiara</Name>
          <Parent>
            <Ref id="ITG28" xmlns="" />
          </Parent>
        </Code>
        <Code id="095004" urn="urn:sdmx:org.sdmx.infomodel.codelist.Code=IT1:CL_REFAREA(1.2).095004">
          <Name xml:lang="it" xmlns="http://www.sdmx.org/resources/sdmxml/schemas/v2_1/common">Ales</Name>
          <Name xml:lang="en" xmlns="http://www.sdmx.org/resources/sdmxml/schemas/v2_1/common">Ales</Name>
          <Parent>
            <Ref id="ITG28" xmlns="" />
          </Parent>
        </Code>
        <Code id="095005" urn="urn:sdmx:org.sdmx.infomodel.codelist.Code=IT1:CL_REFAREA(1.2).095005">
          <Name xml:lang="it" xmlns="http://www.sdmx.org/resources/sdmxml/schemas/v2_1/common">Allai</Name>
          <Name xml:lang="en" xmlns="http://www.sdmx.org/resources/sdmxml/schemas/v2_1/common">Allai</Name>
          <Parent>
            <Ref id="ITG28" xmlns="" />
          </Parent>
        </Code>
        <Code id="095006" urn="urn:sdmx:org.sdmx.infomodel.codelist.Code=IT1:CL_REFAREA(1.2).095006">
          <Name xml:lang="it" xmlns="http://www.sdmx.org/resources/sdmxml/schemas/v2_1/common">Arborea</Name>
          <Name xml:lang="en" xmlns="http://www.sdmx.org/resources/sdmxml/schemas/v2_1/common">Arborea</Name>
          <Parent>
            <Ref id="ITG28" xmlns="" />
          </Parent>
        </Code>
        <Code id="095007" urn="urn:sdmx:org.sdmx.infomodel.codelist.Code=IT1:CL_REFAREA(1.2).095007">
          <Name xml:lang="it" xmlns="http://www.sdmx.org/resources/sdmxml/schemas/v2_1/common">Ardauli</Name>
          <Name xml:lang="en" xmlns="http://www.sdmx.org/resources/sdmxml/schemas/v2_1/common">Ardauli</Name>
          <Parent>
            <Ref id="ITG28" xmlns="" />
          </Parent>
        </Code>
        <Code id="095008" urn="urn:sdmx:org.sdmx.infomodel.codelist.Code=IT1:CL_REFAREA(1.2).095008">
          <Name xml:lang="it" xmlns="http://www.sdmx.org/resources/sdmxml/schemas/v2_1/common">Assolo</Name>
          <Name xml:lang="en" xmlns="http://www.sdmx.org/resources/sdmxml/schemas/v2_1/common">Assolo</Name>
          <Parent>
            <Ref id="ITG28" xmlns="" />
          </Parent>
        </Code>
        <Code id="095009" urn="urn:sdmx:org.sdmx.infomodel.codelist.Code=IT1:CL_REFAREA(1.2).095009">
          <Name xml:lang="it" xmlns="http://www.sdmx.org/resources/sdmxml/schemas/v2_1/common">Asuni</Name>
          <Name xml:lang="en" xmlns="http://www.sdmx.org/resources/sdmxml/schemas/v2_1/common">Asuni</Name>
          <Parent>
            <Ref id="ITG28" xmlns="" />
          </Parent>
        </Code>
        <Code id="095010" urn="urn:sdmx:org.sdmx.infomodel.codelist.Code=IT1:CL_REFAREA(1.2).095010">
          <Name xml:lang="it" xmlns="http://www.sdmx.org/resources/sdmxml/schemas/v2_1/common">Baradili</Name>
          <Name xml:lang="en" xmlns="http://www.sdmx.org/resources/sdmxml/schemas/v2_1/common">Baradili</Name>
          <Parent>
            <Ref id="ITG28" xmlns="" />
          </Parent>
        </Code>
        <Code id="095011" urn="urn:sdmx:org.sdmx.infomodel.codelist.Code=IT1:CL_REFAREA(1.2).095011">
          <Name xml:lang="it" xmlns="http://www.sdmx.org/resources/sdmxml/schemas/v2_1/common">Baratili San Pietro</Name>
          <Name xml:lang="en" xmlns="http://www.sdmx.org/resources/sdmxml/schemas/v2_1/common">Baratili San Pietro</Name>
          <Parent>
            <Ref id="ITG28" xmlns="" />
          </Parent>
        </Code>
        <Code id="095012" urn="urn:sdmx:org.sdmx.infomodel.codelist.Code=IT1:CL_REFAREA(1.2).095012">
          <Name xml:lang="it" xmlns="http://www.sdmx.org/resources/sdmxml/schemas/v2_1/common">Baressa</Name>
          <Name xml:lang="en" xmlns="http://www.sdmx.org/resources/sdmxml/schemas/v2_1/common">Baressa</Name>
          <Parent>
            <Ref id="ITG28" xmlns="" />
          </Parent>
        </Code>
        <Code id="095013" urn="urn:sdmx:org.sdmx.infomodel.codelist.Code=IT1:CL_REFAREA(1.2).095013">
          <Name xml:lang="it" xmlns="http://www.sdmx.org/resources/sdmxml/schemas/v2_1/common">Bauladu</Name>
          <Name xml:lang="en" xmlns="http://www.sdmx.org/resources/sdmxml/schemas/v2_1/common">Bauladu</Name>
          <Parent>
            <Ref id="ITG28" xmlns="" />
          </Parent>
        </Code>
        <Code id="095014" urn="urn:sdmx:org.sdmx.infomodel.codelist.Code=IT1:CL_REFAREA(1.2).095014">
          <Name xml:lang="it" xmlns="http://www.sdmx.org/resources/sdmxml/schemas/v2_1/common">Bidonì</Name>
          <Name xml:lang="en" xmlns="http://www.sdmx.org/resources/sdmxml/schemas/v2_1/common">Bidonì</Name>
          <Parent>
            <Ref id="ITG28" xmlns="" />
          </Parent>
        </Code>
        <Code id="095015" urn="urn:sdmx:org.sdmx.infomodel.codelist.Code=IT1:CL_REFAREA(1.2).095015">
          <Name xml:lang="it" xmlns="http://www.sdmx.org/resources/sdmxml/schemas/v2_1/common">Bonarcado</Name>
          <Name xml:lang="en" xmlns="http://www.sdmx.org/resources/sdmxml/schemas/v2_1/common">Bonarcado</Name>
          <Parent>
            <Ref id="ITG28" xmlns="" />
          </Parent>
        </Code>
        <Code id="095016" urn="urn:sdmx:org.sdmx.infomodel.codelist.Code=IT1:CL_REFAREA(1.2).095016">
          <Name xml:lang="it" xmlns="http://www.sdmx.org/resources/sdmxml/schemas/v2_1/common">Boroneddu</Name>
          <Name xml:lang="en" xmlns="http://www.sdmx.org/resources/sdmxml/schemas/v2_1/common">Boroneddu</Name>
          <Parent>
            <Ref id="ITG28" xmlns="" />
          </Parent>
        </Code>
        <Code id="095017" urn="urn:sdmx:org.sdmx.infomodel.codelist.Code=IT1:CL_REFAREA(1.2).095017">
          <Name xml:lang="it" xmlns="http://www.sdmx.org/resources/sdmxml/schemas/v2_1/common">Busachi</Name>
          <Name xml:lang="en" xmlns="http://www.sdmx.org/resources/sdmxml/schemas/v2_1/common">Busachi</Name>
          <Parent>
            <Ref id="ITG28" xmlns="" />
          </Parent>
        </Code>
        <Code id="095018" urn="urn:sdmx:org.sdmx.infomodel.codelist.Code=IT1:CL_REFAREA(1.2).095018">
          <Name xml:lang="it" xmlns="http://www.sdmx.org/resources/sdmxml/schemas/v2_1/common">Cabras</Name>
          <Name xml:lang="en" xmlns="http://www.sdmx.org/resources/sdmxml/schemas/v2_1/common">Cabras</Name>
          <Parent>
            <Ref id="ITG28" xmlns="" />
          </Parent>
        </Code>
        <Code id="095019" urn="urn:sdmx:org.sdmx.infomodel.codelist.Code=IT1:CL_REFAREA(1.2).095019">
          <Name xml:lang="it" xmlns="http://www.sdmx.org/resources/sdmxml/schemas/v2_1/common">Cuglieri</Name>
          <Name xml:lang="en" xmlns="http://www.sdmx.org/resources/sdmxml/schemas/v2_1/common">Cuglieri</Name>
          <Parent>
            <Ref id="ITG28" xmlns="" />
          </Parent>
        </Code>
        <Code id="095020" urn="urn:sdmx:org.sdmx.infomodel.codelist.Code=IT1:CL_REFAREA(1.2).095020">
          <Name xml:lang="it" xmlns="http://www.sdmx.org/resources/sdmxml/schemas/v2_1/common">Fordongianus</Name>
          <Name xml:lang="en" xmlns="http://www.sdmx.org/resources/sdmxml/schemas/v2_1/common">Fordongianus</Name>
          <Parent>
            <Ref id="ITG28" xmlns="" />
          </Parent>
        </Code>
        <Code id="095021" urn="urn:sdmx:org.sdmx.infomodel.codelist.Code=IT1:CL_REFAREA(1.2).095021">
          <Name xml:lang="it" xmlns="http://www.sdmx.org/resources/sdmxml/schemas/v2_1/common">Ghilarza</Name>
          <Name xml:lang="en" xmlns="http://www.sdmx.org/resources/sdmxml/schemas/v2_1/common">Ghilarza</Name>
          <Parent>
            <Ref id="ITG28" xmlns="" />
          </Parent>
        </Code>
        <Code id="095022" urn="urn:sdmx:org.sdmx.infomodel.codelist.Code=IT1:CL_REFAREA(1.2).095022">
          <Name xml:lang="it" xmlns="http://www.sdmx.org/resources/sdmxml/schemas/v2_1/common">Gonnoscodina</Name>
          <Name xml:lang="en" xmlns="http://www.sdmx.org/resources/sdmxml/schemas/v2_1/common">Gonnoscodina</Name>
          <Parent>
            <Ref id="ITG28" xmlns="" />
          </Parent>
        </Code>
        <Code id="095023" urn="urn:sdmx:org.sdmx.infomodel.codelist.Code=IT1:CL_REFAREA(1.2).095023">
          <Name xml:lang="it" xmlns="http://www.sdmx.org/resources/sdmxml/schemas/v2_1/common">Gonnosnò</Name>
          <Name xml:lang="en" xmlns="http://www.sdmx.org/resources/sdmxml/schemas/v2_1/common">Gonnosnò</Name>
          <Parent>
            <Ref id="ITG28" xmlns="" />
          </Parent>
        </Code>
        <Code id="095024" urn="urn:sdmx:org.sdmx.infomodel.codelist.Code=IT1:CL_REFAREA(1.2).095024">
          <Name xml:lang="it" xmlns="http://www.sdmx.org/resources/sdmxml/schemas/v2_1/common">Gonnostramatza</Name>
          <Name xml:lang="en" xmlns="http://www.sdmx.org/resources/sdmxml/schemas/v2_1/common">Gonnostramatza</Name>
          <Parent>
            <Ref id="ITG28" xmlns="" />
          </Parent>
        </Code>
        <Code id="095025" urn="urn:sdmx:org.sdmx.infomodel.codelist.Code=IT1:CL_REFAREA(1.2).095025">
          <Name xml:lang="it" xmlns="http://www.sdmx.org/resources/sdmxml/schemas/v2_1/common">Marrubiu</Name>
          <Name xml:lang="en" xmlns="http://www.sdmx.org/resources/sdmxml/schemas/v2_1/common">Marrubiu</Name>
          <Parent>
            <Ref id="ITG28" xmlns="" />
          </Parent>
        </Code>
        <Code id="095026" urn="urn:sdmx:org.sdmx.infomodel.codelist.Code=IT1:CL_REFAREA(1.2).095026">
          <Name xml:lang="it" xmlns="http://www.sdmx.org/resources/sdmxml/schemas/v2_1/common">Masullas</Name>
          <Name xml:lang="en" xmlns="http://www.sdmx.org/resources/sdmxml/schemas/v2_1/common">Masullas</Name>
          <Parent>
            <Ref id="ITG28" xmlns="" />
          </Parent>
        </Code>
        <Code id="095027" urn="urn:sdmx:org.sdmx.infomodel.codelist.Code=IT1:CL_REFAREA(1.2).095027">
          <Name xml:lang="it" xmlns="http://www.sdmx.org/resources/sdmxml/schemas/v2_1/common">Milis</Name>
          <Name xml:lang="en" xmlns="http://www.sdmx.org/resources/sdmxml/schemas/v2_1/common">Milis</Name>
          <Parent>
            <Ref id="ITG28" xmlns="" />
          </Parent>
        </Code>
        <Code id="095028" urn="urn:sdmx:org.sdmx.infomodel.codelist.Code=IT1:CL_REFAREA(1.2).095028">
          <Name xml:lang="it" xmlns="http://www.sdmx.org/resources/sdmxml/schemas/v2_1/common">Mogorella</Name>
          <Name xml:lang="en" xmlns="http://www.sdmx.org/resources/sdmxml/schemas/v2_1/common">Mogorella</Name>
          <Parent>
            <Ref id="ITG28" xmlns="" />
          </Parent>
        </Code>
        <Code id="095029" urn="urn:sdmx:org.sdmx.infomodel.codelist.Code=IT1:CL_REFAREA(1.2).095029">
          <Name xml:lang="it" xmlns="http://www.sdmx.org/resources/sdmxml/schemas/v2_1/common">Mogoro</Name>
          <Name xml:lang="en" xmlns="http://www.sdmx.org/resources/sdmxml/schemas/v2_1/common">Mogoro</Name>
          <Parent>
            <Ref id="ITG28" xmlns="" />
          </Parent>
        </Code>
        <Code id="095030" urn="urn:sdmx:org.sdmx.infomodel.codelist.Code=IT1:CL_REFAREA(1.2).095030">
          <Name xml:lang="it" xmlns="http://www.sdmx.org/resources/sdmxml/schemas/v2_1/common">Morgongiori</Name>
          <Name xml:lang="en" xmlns="http://www.sdmx.org/resources/sdmxml/schemas/v2_1/common">Morgongiori</Name>
          <Parent>
            <Ref id="ITG28" xmlns="" />
          </Parent>
        </Code>
        <Code id="095031" urn="urn:sdmx:org.sdmx.infomodel.codelist.Code=IT1:CL_REFAREA(1.2).095031">
          <Name xml:lang="it" xmlns="http://www.sdmx.org/resources/sdmxml/schemas/v2_1/common">Narbolia</Name>
          <Name xml:lang="en" xmlns="http://www.sdmx.org/resources/sdmxml/schemas/v2_1/common">Narbolia</Name>
          <Parent>
            <Ref id="ITG28" xmlns="" />
          </Parent>
        </Code>
        <Code id="095032" urn="urn:sdmx:org.sdmx.infomodel.codelist.Code=IT1:CL_REFAREA(1.2).095032">
          <Name xml:lang="it" xmlns="http://www.sdmx.org/resources/sdmxml/schemas/v2_1/common">Neoneli</Name>
          <Name xml:lang="en" xmlns="http://www.sdmx.org/resources/sdmxml/schemas/v2_1/common">Neoneli</Name>
          <Parent>
            <Ref id="ITG28" xmlns="" />
          </Parent>
        </Code>
        <Code id="095033" urn="urn:sdmx:org.sdmx.infomodel.codelist.Code=IT1:CL_REFAREA(1.2).095033">
          <Name xml:lang="it" xmlns="http://www.sdmx.org/resources/sdmxml/schemas/v2_1/common">Norbello</Name>
          <Name xml:lang="en" xmlns="http://www.sdmx.org/resources/sdmxml/schemas/v2_1/common">Norbello</Name>
          <Parent>
            <Ref id="ITG28" xmlns="" />
          </Parent>
        </Code>
        <Code id="095034" urn="urn:sdmx:org.sdmx.infomodel.codelist.Code=IT1:CL_REFAREA(1.2).095034">
          <Name xml:lang="it" xmlns="http://www.sdmx.org/resources/sdmxml/schemas/v2_1/common">Nughedu Santa Vittoria</Name>
          <Name xml:lang="en" xmlns="http://www.sdmx.org/resources/sdmxml/schemas/v2_1/common">Nughedu Santa Vittoria</Name>
          <Parent>
            <Ref id="ITG28" xmlns="" />
          </Parent>
        </Code>
        <Code id="095035" urn="urn:sdmx:org.sdmx.infomodel.codelist.Code=IT1:CL_REFAREA(1.2).095035">
          <Name xml:lang="it" xmlns="http://www.sdmx.org/resources/sdmxml/schemas/v2_1/common">Nurachi</Name>
          <Name xml:lang="en" xmlns="http://www.sdmx.org/resources/sdmxml/schemas/v2_1/common">Nurachi</Name>
          <Parent>
            <Ref id="ITG28" xmlns="" />
          </Parent>
        </Code>
        <Code id="095036" urn="urn:sdmx:org.sdmx.infomodel.codelist.Code=IT1:CL_REFAREA(1.2).095036">
          <Name xml:lang="it" xmlns="http://www.sdmx.org/resources/sdmxml/schemas/v2_1/common">Nureci</Name>
          <Name xml:lang="en" xmlns="http://www.sdmx.org/resources/sdmxml/schemas/v2_1/common">Nureci</Name>
          <Parent>
            <Ref id="ITG28" xmlns="" />
          </Parent>
        </Code>
        <Code id="095037" urn="urn:sdmx:org.sdmx.infomodel.codelist.Code=IT1:CL_REFAREA(1.2).095037">
          <Name xml:lang="it" xmlns="http://www.sdmx.org/resources/sdmxml/schemas/v2_1/common">Ollastra</Name>
          <Name xml:lang="en" xmlns="http://www.sdmx.org/resources/sdmxml/schemas/v2_1/common">Ollastra</Name>
          <Parent>
            <Ref id="ITG28" xmlns="" />
          </Parent>
        </Code>
        <Code id="095038" urn="urn:sdmx:org.sdmx.infomodel.codelist.Code=IT1:CL_REFAREA(1.2).095038">
          <Name xml:lang="it" xmlns="http://www.sdmx.org/resources/sdmxml/schemas/v2_1/common">Oristano</Name>
          <Name xml:lang="en" xmlns="http://www.sdmx.org/resources/sdmxml/schemas/v2_1/common">Oristano</Name>
          <Parent>
            <Ref id="ITG28" xmlns="" />
          </Parent>
        </Code>
        <Code id="095039" urn="urn:sdmx:org.sdmx.infomodel.codelist.Code=IT1:CL_REFAREA(1.2).095039">
          <Name xml:lang="it" xmlns="http://www.sdmx.org/resources/sdmxml/schemas/v2_1/common">Palmas Arborea</Name>
          <Name xml:lang="en" xmlns="http://www.sdmx.org/resources/sdmxml/schemas/v2_1/common">Palmas Arborea</Name>
          <Parent>
            <Ref id="ITG28" xmlns="" />
          </Parent>
        </Code>
        <Code id="095040" urn="urn:sdmx:org.sdmx.infomodel.codelist.Code=IT1:CL_REFAREA(1.2).095040">
          <Name xml:lang="it" xmlns="http://www.sdmx.org/resources/sdmxml/schemas/v2_1/common">Pau</Name>
          <Name xml:lang="en" xmlns="http://www.sdmx.org/resources/sdmxml/schemas/v2_1/common">Pau</Name>
          <Parent>
            <Ref id="ITG28" xmlns="" />
          </Parent>
        </Code>
        <Code id="095041" urn="urn:sdmx:org.sdmx.infomodel.codelist.Code=IT1:CL_REFAREA(1.2).095041">
          <Name xml:lang="it" xmlns="http://www.sdmx.org/resources/sdmxml/schemas/v2_1/common">Paulilatino</Name>
          <Name xml:lang="en" xmlns="http://www.sdmx.org/resources/sdmxml/schemas/v2_1/common">Paulilatino</Name>
          <Parent>
            <Ref id="ITG28" xmlns="" />
          </Parent>
        </Code>
        <Code id="095042" urn="urn:sdmx:org.sdmx.infomodel.codelist.Code=IT1:CL_REFAREA(1.2).095042">
          <Name xml:lang="it" xmlns="http://www.sdmx.org/resources/sdmxml/schemas/v2_1/common">Pompu</Name>
          <Name xml:lang="en" xmlns="http://www.sdmx.org/resources/sdmxml/schemas/v2_1/common">Pompu</Name>
          <Parent>
            <Ref id="ITG28" xmlns="" />
          </Parent>
        </Code>
        <Code id="095043" urn="urn:sdmx:org.sdmx.infomodel.codelist.Code=IT1:CL_REFAREA(1.2).095043">
          <Name xml:lang="it" xmlns="http://www.sdmx.org/resources/sdmxml/schemas/v2_1/common">Riola Sardo</Name>
          <Name xml:lang="en" xmlns="http://www.sdmx.org/resources/sdmxml/schemas/v2_1/common">Riola Sardo</Name>
          <Parent>
            <Ref id="ITG28" xmlns="" />
          </Parent>
        </Code>
        <Code id="095044" urn="urn:sdmx:org.sdmx.infomodel.codelist.Code=IT1:CL_REFAREA(1.2).095044">
          <Name xml:lang="it" xmlns="http://www.sdmx.org/resources/sdmxml/schemas/v2_1/common">Ruinas</Name>
          <Name xml:lang="en" xmlns="http://www.sdmx.org/resources/sdmxml/schemas/v2_1/common">Ruinas</Name>
          <Parent>
            <Ref id="ITG28" xmlns="" />
          </Parent>
        </Code>
        <Code id="095045" urn="urn:sdmx:org.sdmx.infomodel.codelist.Code=IT1:CL_REFAREA(1.2).095045">
          <Name xml:lang="it" xmlns="http://www.sdmx.org/resources/sdmxml/schemas/v2_1/common">Samugheo</Name>
          <Name xml:lang="en" xmlns="http://www.sdmx.org/resources/sdmxml/schemas/v2_1/common">Samugheo</Name>
          <Parent>
            <Ref id="ITG28" xmlns="" />
          </Parent>
        </Code>
        <Code id="095046" urn="urn:sdmx:org.sdmx.infomodel.codelist.Code=IT1:CL_REFAREA(1.2).095046">
          <Name xml:lang="it" xmlns="http://www.sdmx.org/resources/sdmxml/schemas/v2_1/common">San Nicolò d'Arcidano</Name>
          <Name xml:lang="en" xmlns="http://www.sdmx.org/resources/sdmxml/schemas/v2_1/common">San Nicolò d'Arcidano</Name>
          <Parent>
            <Ref id="ITG28" xmlns="" />
          </Parent>
        </Code>
        <Code id="095047" urn="urn:sdmx:org.sdmx.infomodel.codelist.Code=IT1:CL_REFAREA(1.2).095047">
          <Name xml:lang="it" xmlns="http://www.sdmx.org/resources/sdmxml/schemas/v2_1/common">Santa Giusta</Name>
          <Name xml:lang="en" xmlns="http://www.sdmx.org/resources/sdmxml/schemas/v2_1/common">Santa Giusta</Name>
          <Parent>
            <Ref id="ITG28" xmlns="" />
          </Parent>
        </Code>
        <Code id="095048" urn="urn:sdmx:org.sdmx.infomodel.codelist.Code=IT1:CL_REFAREA(1.2).095048">
          <Name xml:lang="it" xmlns="http://www.sdmx.org/resources/sdmxml/schemas/v2_1/common">Villa Sant'Antonio</Name>
          <Name xml:lang="en" xmlns="http://www.sdmx.org/resources/sdmxml/schemas/v2_1/common">Villa Sant'Antonio</Name>
          <Parent>
            <Ref id="ITG28" xmlns="" />
          </Parent>
        </Code>
        <Code id="095049" urn="urn:sdmx:org.sdmx.infomodel.codelist.Code=IT1:CL_REFAREA(1.2).095049">
          <Name xml:lang="it" xmlns="http://www.sdmx.org/resources/sdmxml/schemas/v2_1/common">Santu Lussurgiu</Name>
          <Name xml:lang="en" xmlns="http://www.sdmx.org/resources/sdmxml/schemas/v2_1/common">Santu Lussurgiu</Name>
          <Parent>
            <Ref id="ITG28" xmlns="" />
          </Parent>
        </Code>
        <Code id="095050" urn="urn:sdmx:org.sdmx.infomodel.codelist.Code=IT1:CL_REFAREA(1.2).095050">
          <Name xml:lang="it" xmlns="http://www.sdmx.org/resources/sdmxml/schemas/v2_1/common">San Vero Milis</Name>
          <Name xml:lang="en" xmlns="http://www.sdmx.org/resources/sdmxml/schemas/v2_1/common">San Vero Milis</Name>
          <Parent>
            <Ref id="ITG28" xmlns="" />
          </Parent>
        </Code>
        <Code id="095051" urn="urn:sdmx:org.sdmx.infomodel.codelist.Code=IT1:CL_REFAREA(1.2).095051">
          <Name xml:lang="it" xmlns="http://www.sdmx.org/resources/sdmxml/schemas/v2_1/common">Scano di Montiferro</Name>
          <Name xml:lang="en" xmlns="http://www.sdmx.org/resources/sdmxml/schemas/v2_1/common">Scano di Montiferro</Name>
          <Parent>
            <Ref id="ITG28" xmlns="" />
          </Parent>
        </Code>
        <Code id="095052" urn="urn:sdmx:org.sdmx.infomodel.codelist.Code=IT1:CL_REFAREA(1.2).095052">
          <Name xml:lang="it" xmlns="http://www.sdmx.org/resources/sdmxml/schemas/v2_1/common">Sedilo</Name>
          <Name xml:lang="en" xmlns="http://www.sdmx.org/resources/sdmxml/schemas/v2_1/common">Sedilo</Name>
          <Parent>
            <Ref id="ITG28" xmlns="" />
          </Parent>
        </Code>
        <Code id="095053" urn="urn:sdmx:org.sdmx.infomodel.codelist.Code=IT1:CL_REFAREA(1.2).095053">
          <Name xml:lang="it" xmlns="http://www.sdmx.org/resources/sdmxml/schemas/v2_1/common">Seneghe</Name>
          <Name xml:lang="en" xmlns="http://www.sdmx.org/resources/sdmxml/schemas/v2_1/common">Seneghe</Name>
          <Parent>
            <Ref id="ITG28" xmlns="" />
          </Parent>
        </Code>
        <Code id="095054" urn="urn:sdmx:org.sdmx.infomodel.codelist.Code=IT1:CL_REFAREA(1.2).095054">
          <Name xml:lang="it" xmlns="http://www.sdmx.org/resources/sdmxml/schemas/v2_1/common">Senis</Name>
          <Name xml:lang="en" xmlns="http://www.sdmx.org/resources/sdmxml/schemas/v2_1/common">Senis</Name>
          <Parent>
            <Ref id="ITG28" xmlns="" />
          </Parent>
        </Code>
        <Code id="095055" urn="urn:sdmx:org.sdmx.infomodel.codelist.Code=IT1:CL_REFAREA(1.2).095055">
          <Name xml:lang="it" xmlns="http://www.sdmx.org/resources/sdmxml/schemas/v2_1/common">Sennariolo</Name>
          <Name xml:lang="en" xmlns="http://www.sdmx.org/resources/sdmxml/schemas/v2_1/common">Sennariolo</Name>
          <Parent>
            <Ref id="ITG28" xmlns="" />
          </Parent>
        </Code>
        <Code id="095056" urn="urn:sdmx:org.sdmx.infomodel.codelist.Code=IT1:CL_REFAREA(1.2).095056">
          <Name xml:lang="it" xmlns="http://www.sdmx.org/resources/sdmxml/schemas/v2_1/common">Siamaggiore</Name>
          <Name xml:lang="en" xmlns="http://www.sdmx.org/resources/sdmxml/schemas/v2_1/common">Siamaggiore</Name>
          <Parent>
            <Ref id="ITG28" xmlns="" />
          </Parent>
        </Code>
        <Code id="095057" urn="urn:sdmx:org.sdmx.infomodel.codelist.Code=IT1:CL_REFAREA(1.2).095057">
          <Name xml:lang="it" xmlns="http://www.sdmx.org/resources/sdmxml/schemas/v2_1/common">Siamanna</Name>
          <Name xml:lang="en" xmlns="http://www.sdmx.org/resources/sdmxml/schemas/v2_1/common">Siamanna</Name>
          <Parent>
            <Ref id="ITG28" xmlns="" />
          </Parent>
        </Code>
        <Code id="095058" urn="urn:sdmx:org.sdmx.infomodel.codelist.Code=IT1:CL_REFAREA(1.2).095058">
          <Name xml:lang="it" xmlns="http://www.sdmx.org/resources/sdmxml/schemas/v2_1/common">Simala</Name>
          <Name xml:lang="en" xmlns="http://www.sdmx.org/resources/sdmxml/schemas/v2_1/common">Simala</Name>
          <Parent>
            <Ref id="ITG28" xmlns="" />
          </Parent>
        </Code>
        <Code id="095059" urn="urn:sdmx:org.sdmx.infomodel.codelist.Code=IT1:CL_REFAREA(1.2).095059">
          <Name xml:lang="it" xmlns="http://www.sdmx.org/resources/sdmxml/schemas/v2_1/common">Simaxis</Name>
          <Name xml:lang="en" xmlns="http://www.sdmx.org/resources/sdmxml/schemas/v2_1/common">Simaxis</Name>
          <Parent>
            <Ref id="ITG28" xmlns="" />
          </Parent>
        </Code>
        <Code id="095060" urn="urn:sdmx:org.sdmx.infomodel.codelist.Code=IT1:CL_REFAREA(1.2).095060">
          <Name xml:lang="it" xmlns="http://www.sdmx.org/resources/sdmxml/schemas/v2_1/common">Sini</Name>
          <Name xml:lang="en" xmlns="http://www.sdmx.org/resources/sdmxml/schemas/v2_1/common">Sini</Name>
          <Parent>
            <Ref id="ITG28" xmlns="" />
          </Parent>
        </Code>
        <Code id="095061" urn="urn:sdmx:org.sdmx.infomodel.codelist.Code=IT1:CL_REFAREA(1.2).095061">
          <Name xml:lang="it" xmlns="http://www.sdmx.org/resources/sdmxml/schemas/v2_1/common">Siris</Name>
          <Name xml:lang="en" xmlns="http://www.sdmx.org/resources/sdmxml/schemas/v2_1/common">Siris</Name>
          <Parent>
            <Ref id="ITG28" xmlns="" />
          </Parent>
        </Code>
        <Code id="095062" urn="urn:sdmx:org.sdmx.infomodel.codelist.Code=IT1:CL_REFAREA(1.2).095062">
          <Name xml:lang="it" xmlns="http://www.sdmx.org/resources/sdmxml/schemas/v2_1/common">Solarussa</Name>
          <Name xml:lang="en" xmlns="http://www.sdmx.org/resources/sdmxml/schemas/v2_1/common">Solarussa</Name>
          <Parent>
            <Ref id="ITG28" xmlns="" />
          </Parent>
        </Code>
        <Code id="095063" urn="urn:sdmx:org.sdmx.infomodel.codelist.Code=IT1:CL_REFAREA(1.2).095063">
          <Name xml:lang="it" xmlns="http://www.sdmx.org/resources/sdmxml/schemas/v2_1/common">Sorradile</Name>
          <Name xml:lang="en" xmlns="http://www.sdmx.org/resources/sdmxml/schemas/v2_1/common">Sorradile</Name>
          <Parent>
            <Ref id="ITG28" xmlns="" />
          </Parent>
        </Code>
        <Code id="095064" urn="urn:sdmx:org.sdmx.infomodel.codelist.Code=IT1:CL_REFAREA(1.2).095064">
          <Name xml:lang="it" xmlns="http://www.sdmx.org/resources/sdmxml/schemas/v2_1/common">Tadasuni</Name>
          <Name xml:lang="en" xmlns="http://www.sdmx.org/resources/sdmxml/schemas/v2_1/common">Tadasuni</Name>
          <Parent>
            <Ref id="ITG28" xmlns="" />
          </Parent>
        </Code>
        <Code id="095065" urn="urn:sdmx:org.sdmx.infomodel.codelist.Code=IT1:CL_REFAREA(1.2).095065">
          <Name xml:lang="it" xmlns="http://www.sdmx.org/resources/sdmxml/schemas/v2_1/common">Terralba</Name>
          <Name xml:lang="en" xmlns="http://www.sdmx.org/resources/sdmxml/schemas/v2_1/common">Terralba</Name>
          <Parent>
            <Ref id="ITG28" xmlns="" />
          </Parent>
        </Code>
        <Code id="095066" urn="urn:sdmx:org.sdmx.infomodel.codelist.Code=IT1:CL_REFAREA(1.2).095066">
          <Name xml:lang="it" xmlns="http://www.sdmx.org/resources/sdmxml/schemas/v2_1/common">Tramatza</Name>
          <Name xml:lang="en" xmlns="http://www.sdmx.org/resources/sdmxml/schemas/v2_1/common">Tramatza</Name>
          <Parent>
            <Ref id="ITG28" xmlns="" />
          </Parent>
        </Code>
        <Code id="095067" urn="urn:sdmx:org.sdmx.infomodel.codelist.Code=IT1:CL_REFAREA(1.2).095067">
          <Name xml:lang="it" xmlns="http://www.sdmx.org/resources/sdmxml/schemas/v2_1/common">Tresnuraghes</Name>
          <Name xml:lang="en" xmlns="http://www.sdmx.org/resources/sdmxml/schemas/v2_1/common">Tresnuraghes</Name>
          <Parent>
            <Ref id="ITG28" xmlns="" />
          </Parent>
        </Code>
        <Code id="095068" urn="urn:sdmx:org.sdmx.infomodel.codelist.Code=IT1:CL_REFAREA(1.2).095068">
          <Name xml:lang="it" xmlns="http://www.sdmx.org/resources/sdmxml/schemas/v2_1/common">Ulà Tirso</Name>
          <Name xml:lang="en" xmlns="http://www.sdmx.org/resources/sdmxml/schemas/v2_1/common">Ulà Tirso</Name>
          <Parent>
            <Ref id="ITG28" xmlns="" />
          </Parent>
        </Code>
        <Code id="095069" urn="urn:sdmx:org.sdmx.infomodel.codelist.Code=IT1:CL_REFAREA(1.2).095069">
          <Name xml:lang="it" xmlns="http://www.sdmx.org/resources/sdmxml/schemas/v2_1/common">Uras</Name>
          <Name xml:lang="en" xmlns="http://www.sdmx.org/resources/sdmxml/schemas/v2_1/common">Uras</Name>
          <Parent>
            <Ref id="ITG28" xmlns="" />
          </Parent>
        </Code>
        <Code id="095070" urn="urn:sdmx:org.sdmx.infomodel.codelist.Code=IT1:CL_REFAREA(1.2).095070">
          <Name xml:lang="it" xmlns="http://www.sdmx.org/resources/sdmxml/schemas/v2_1/common">Usellus</Name>
          <Name xml:lang="en" xmlns="http://www.sdmx.org/resources/sdmxml/schemas/v2_1/common">Usellus</Name>
          <Parent>
            <Ref id="ITG28" xmlns="" />
          </Parent>
        </Code>
        <Code id="095071" urn="urn:sdmx:org.sdmx.infomodel.codelist.Code=IT1:CL_REFAREA(1.2).095071">
          <Name xml:lang="it" xmlns="http://www.sdmx.org/resources/sdmxml/schemas/v2_1/common">Villanova Truschedu</Name>
          <Name xml:lang="en" xmlns="http://www.sdmx.org/resources/sdmxml/schemas/v2_1/common">Villanova Truschedu</Name>
          <Parent>
            <Ref id="ITG28" xmlns="" />
          </Parent>
        </Code>
        <Code id="095072" urn="urn:sdmx:org.sdmx.infomodel.codelist.Code=IT1:CL_REFAREA(1.2).095072">
          <Name xml:lang="it" xmlns="http://www.sdmx.org/resources/sdmxml/schemas/v2_1/common">Villaurbana</Name>
          <Name xml:lang="en" xmlns="http://www.sdmx.org/resources/sdmxml/schemas/v2_1/common">Villaurbana</Name>
          <Parent>
            <Ref id="ITG28" xmlns="" />
          </Parent>
        </Code>
        <Code id="095073" urn="urn:sdmx:org.sdmx.infomodel.codelist.Code=IT1:CL_REFAREA(1.2).095073">
          <Name xml:lang="it" xmlns="http://www.sdmx.org/resources/sdmxml/schemas/v2_1/common">Villa Verde</Name>
          <Name xml:lang="en" xmlns="http://www.sdmx.org/resources/sdmxml/schemas/v2_1/common">Villa Verde</Name>
          <Parent>
            <Ref id="ITG28" xmlns="" />
          </Parent>
        </Code>
        <Code id="095074" urn="urn:sdmx:org.sdmx.infomodel.codelist.Code=IT1:CL_REFAREA(1.2).095074">
          <Name xml:lang="it" xmlns="http://www.sdmx.org/resources/sdmxml/schemas/v2_1/common">Zeddiani</Name>
          <Name xml:lang="en" xmlns="http://www.sdmx.org/resources/sdmxml/schemas/v2_1/common">Zeddiani</Name>
          <Parent>
            <Ref id="ITG28" xmlns="" />
          </Parent>
        </Code>
        <Code id="095075" urn="urn:sdmx:org.sdmx.infomodel.codelist.Code=IT1:CL_REFAREA(1.2).095075">
          <Name xml:lang="it" xmlns="http://www.sdmx.org/resources/sdmxml/schemas/v2_1/common">Zerfaliu</Name>
          <Name xml:lang="en" xmlns="http://www.sdmx.org/resources/sdmxml/schemas/v2_1/common">Zerfaliu</Name>
          <Parent>
            <Ref id="ITG28" xmlns="" />
          </Parent>
        </Code>
        <Code id="095076" urn="urn:sdmx:org.sdmx.infomodel.codelist.Code=IT1:CL_REFAREA(1.2).095076">
          <Name xml:lang="it" xmlns="http://www.sdmx.org/resources/sdmxml/schemas/v2_1/common">Siapiccia</Name>
          <Name xml:lang="en" xmlns="http://www.sdmx.org/resources/sdmxml/schemas/v2_1/common">Siapiccia</Name>
          <Parent>
            <Ref id="ITG28" xmlns="" />
          </Parent>
        </Code>
        <Code id="095077" urn="urn:sdmx:org.sdmx.infomodel.codelist.Code=IT1:CL_REFAREA(1.2).095077">
          <Name xml:lang="it" xmlns="http://www.sdmx.org/resources/sdmxml/schemas/v2_1/common">Curcuris</Name>
          <Name xml:lang="en" xmlns="http://www.sdmx.org/resources/sdmxml/schemas/v2_1/common">Curcuris</Name>
          <Parent>
            <Ref id="ITG28" xmlns="" />
          </Parent>
        </Code>
        <Code id="095078" urn="urn:sdmx:org.sdmx.infomodel.codelist.Code=IT1:CL_REFAREA(1.2).095078">
          <Name xml:lang="it" xmlns="http://www.sdmx.org/resources/sdmxml/schemas/v2_1/common">Soddì</Name>
          <Name xml:lang="en" xmlns="http://www.sdmx.org/resources/sdmxml/schemas/v2_1/common">Soddì</Name>
          <Parent>
            <Ref id="ITG28" xmlns="" />
          </Parent>
        </Code>
        <Code id="095079" urn="urn:sdmx:org.sdmx.infomodel.codelist.Code=IT1:CL_REFAREA(1.2).095079">
          <Name xml:lang="it" xmlns="http://www.sdmx.org/resources/sdmxml/schemas/v2_1/common">Bosa</Name>
          <Name xml:lang="en" xmlns="http://www.sdmx.org/resources/sdmxml/schemas/v2_1/common">Bosa</Name>
          <Parent>
            <Ref id="ITG28" xmlns="" />
          </Parent>
        </Code>
        <Code id="095080" urn="urn:sdmx:org.sdmx.infomodel.codelist.Code=IT1:CL_REFAREA(1.2).095080">
          <Name xml:lang="it" xmlns="http://www.sdmx.org/resources/sdmxml/schemas/v2_1/common">Flussio</Name>
          <Name xml:lang="en" xmlns="http://www.sdmx.org/resources/sdmxml/schemas/v2_1/common">Flussio</Name>
          <Parent>
            <Ref id="ITG28" xmlns="" />
          </Parent>
        </Code>
        <Code id="095081" urn="urn:sdmx:org.sdmx.infomodel.codelist.Code=IT1:CL_REFAREA(1.2).095081">
          <Name xml:lang="it" xmlns="http://www.sdmx.org/resources/sdmxml/schemas/v2_1/common">Genoni</Name>
          <Name xml:lang="en" xmlns="http://www.sdmx.org/resources/sdmxml/schemas/v2_1/common">Genoni</Name>
          <Parent>
            <Ref id="ITG28" xmlns="" />
          </Parent>
        </Code>
        <Code id="095082" urn="urn:sdmx:org.sdmx.infomodel.codelist.Code=IT1:CL_REFAREA(1.2).095082">
          <Name xml:lang="it" xmlns="http://www.sdmx.org/resources/sdmxml/schemas/v2_1/common">Laconi</Name>
          <Name xml:lang="en" xmlns="http://www.sdmx.org/resources/sdmxml/schemas/v2_1/common">Laconi</Name>
          <Parent>
            <Ref id="ITG28" xmlns="" />
          </Parent>
        </Code>
        <Code id="095083" urn="urn:sdmx:org.sdmx.infomodel.codelist.Code=IT1:CL_REFAREA(1.2).095083">
          <Name xml:lang="it" xmlns="http://www.sdmx.org/resources/sdmxml/schemas/v2_1/common">Magomadas</Name>
          <Name xml:lang="en" xmlns="http://www.sdmx.org/resources/sdmxml/schemas/v2_1/common">Magomadas</Name>
          <Parent>
            <Ref id="ITG28" xmlns="" />
          </Parent>
        </Code>
        <Code id="095084" urn="urn:sdmx:org.sdmx.infomodel.codelist.Code=IT1:CL_REFAREA(1.2).095084">
          <Name xml:lang="it" xmlns="http://www.sdmx.org/resources/sdmxml/schemas/v2_1/common">Modolo</Name>
          <Name xml:lang="en" xmlns="http://www.sdmx.org/resources/sdmxml/schemas/v2_1/common">Modolo</Name>
          <Parent>
            <Ref id="ITG28" xmlns="" />
          </Parent>
        </Code>
        <Code id="095085" urn="urn:sdmx:org.sdmx.infomodel.codelist.Code=IT1:CL_REFAREA(1.2).095085">
          <Name xml:lang="it" xmlns="http://www.sdmx.org/resources/sdmxml/schemas/v2_1/common">Montresta</Name>
          <Name xml:lang="en" xmlns="http://www.sdmx.org/resources/sdmxml/schemas/v2_1/common">Montresta</Name>
          <Parent>
            <Ref id="ITG28" xmlns="" />
          </Parent>
        </Code>
        <Code id="095086" urn="urn:sdmx:org.sdmx.infomodel.codelist.Code=IT1:CL_REFAREA(1.2).095086">
          <Name xml:lang="it" xmlns="http://www.sdmx.org/resources/sdmxml/schemas/v2_1/common">Sagama</Name>
          <Name xml:lang="en" xmlns="http://www.sdmx.org/resources/sdmxml/schemas/v2_1/common">Sagama</Name>
          <Parent>
            <Ref id="ITG28" xmlns="" />
          </Parent>
        </Code>
        <Code id="095087" urn="urn:sdmx:org.sdmx.infomodel.codelist.Code=IT1:CL_REFAREA(1.2).095087">
          <Name xml:lang="it" xmlns="http://www.sdmx.org/resources/sdmxml/schemas/v2_1/common">Suni</Name>
          <Name xml:lang="en" xmlns="http://www.sdmx.org/resources/sdmxml/schemas/v2_1/common">Suni</Name>
          <Parent>
            <Ref id="ITG28" xmlns="" />
          </Parent>
        </Code>
        <Code id="095088" urn="urn:sdmx:org.sdmx.infomodel.codelist.Code=IT1:CL_REFAREA(1.2).095088">
          <Name xml:lang="it" xmlns="http://www.sdmx.org/resources/sdmxml/schemas/v2_1/common">Tinnura</Name>
          <Name xml:lang="en" xmlns="http://www.sdmx.org/resources/sdmxml/schemas/v2_1/common">Tinnura</Name>
          <Parent>
            <Ref id="ITG28" xmlns="" />
          </Parent>
        </Code>
        <Code id="096001" urn="urn:sdmx:org.sdmx.infomodel.codelist.Code=IT1:CL_REFAREA(1.2).096001">
          <Name xml:lang="it" xmlns="http://www.sdmx.org/resources/sdmxml/schemas/v2_1/common">Ailoche</Name>
          <Name xml:lang="en" xmlns="http://www.sdmx.org/resources/sdmxml/schemas/v2_1/common">Ailoche</Name>
          <Parent>
            <Ref id="ITC13" xmlns="" />
          </Parent>
        </Code>
        <Code id="096002" urn="urn:sdmx:org.sdmx.infomodel.codelist.Code=IT1:CL_REFAREA(1.2).096002">
          <Name xml:lang="it" xmlns="http://www.sdmx.org/resources/sdmxml/schemas/v2_1/common">Andorno Micca</Name>
          <Name xml:lang="en" xmlns="http://www.sdmx.org/resources/sdmxml/schemas/v2_1/common">Andorno Micca</Name>
          <Parent>
            <Ref id="ITC13" xmlns="" />
          </Parent>
        </Code>
        <Code id="096003" urn="urn:sdmx:org.sdmx.infomodel.codelist.Code=IT1:CL_REFAREA(1.2).096003">
          <Name xml:lang="it" xmlns="http://www.sdmx.org/resources/sdmxml/schemas/v2_1/common">Benna</Name>
          <Name xml:lang="en" xmlns="http://www.sdmx.org/resources/sdmxml/schemas/v2_1/common">Benna</Name>
          <Parent>
            <Ref id="ITC13" xmlns="" />
          </Parent>
        </Code>
        <Code id="096004" urn="urn:sdmx:org.sdmx.infomodel.codelist.Code=IT1:CL_REFAREA(1.2).096004">
          <Name xml:lang="it" xmlns="http://www.sdmx.org/resources/sdmxml/schemas/v2_1/common">Biella</Name>
          <Name xml:lang="en" xmlns="http://www.sdmx.org/resources/sdmxml/schemas/v2_1/common">Biella</Name>
          <Parent>
            <Ref id="ITC13" xmlns="" />
          </Parent>
        </Code>
        <Code id="096005" urn="urn:sdmx:org.sdmx.infomodel.codelist.Code=IT1:CL_REFAREA(1.2).096005">
          <Name xml:lang="it" xmlns="http://www.sdmx.org/resources/sdmxml/schemas/v2_1/common">Bioglio</Name>
          <Name xml:lang="en" xmlns="http://www.sdmx.org/resources/sdmxml/schemas/v2_1/common">Bioglio</Name>
          <Parent>
            <Ref id="ITC13" xmlns="" />
          </Parent>
        </Code>
        <Code id="096006" urn="urn:sdmx:org.sdmx.infomodel.codelist.Code=IT1:CL_REFAREA(1.2).096006">
          <Name xml:lang="it" xmlns="http://www.sdmx.org/resources/sdmxml/schemas/v2_1/common">Borriana</Name>
          <Name xml:lang="en" xmlns="http://www.sdmx.org/resources/sdmxml/schemas/v2_1/common">Borriana</Name>
          <Parent>
            <Ref id="ITC13" xmlns="" />
          </Parent>
        </Code>
        <Code id="096007" urn="urn:sdmx:org.sdmx.infomodel.codelist.Code=IT1:CL_REFAREA(1.2).096007">
          <Name xml:lang="it" xmlns="http://www.sdmx.org/resources/sdmxml/schemas/v2_1/common">Brusnengo</Name>
          <Name xml:lang="en" xmlns="http://www.sdmx.org/resources/sdmxml/schemas/v2_1/common">Brusnengo</Name>
          <Parent>
            <Ref id="ITC13" xmlns="" />
          </Parent>
        </Code>
        <Code id="096008" urn="urn:sdmx:org.sdmx.infomodel.codelist.Code=IT1:CL_REFAREA(1.2).096008">
          <Name xml:lang="it" xmlns="http://www.sdmx.org/resources/sdmxml/schemas/v2_1/common">Callabiana</Name>
          <Name xml:lang="en" xmlns="http://www.sdmx.org/resources/sdmxml/schemas/v2_1/common">Callabiana</Name>
          <Parent>
            <Ref id="ITC13" xmlns="" />
          </Parent>
        </Code>
        <Code id="096009" urn="urn:sdmx:org.sdmx.infomodel.codelist.Code=IT1:CL_REFAREA(1.2).096009">
          <Name xml:lang="it" xmlns="http://www.sdmx.org/resources/sdmxml/schemas/v2_1/common">Camandona</Name>
          <Name xml:lang="en" xmlns="http://www.sdmx.org/resources/sdmxml/schemas/v2_1/common">Camandona</Name>
          <Parent>
            <Ref id="ITC13" xmlns="" />
          </Parent>
        </Code>
        <Code id="096010" urn="urn:sdmx:org.sdmx.infomodel.codelist.Code=IT1:CL_REFAREA(1.2).096010">
          <Name xml:lang="it" xmlns="http://www.sdmx.org/resources/sdmxml/schemas/v2_1/common">Camburzano</Name>
          <Name xml:lang="en" xmlns="http://www.sdmx.org/resources/sdmxml/schemas/v2_1/common">Camburzano</Name>
          <Parent>
            <Ref id="ITC13" xmlns="" />
          </Parent>
        </Code>
        <Code id="096011" urn="urn:sdmx:org.sdmx.infomodel.codelist.Code=IT1:CL_REFAREA(1.2).096011">
          <Name xml:lang="it" xmlns="http://www.sdmx.org/resources/sdmxml/schemas/v2_1/common">Campiglia Cervo</Name>
          <Name xml:lang="en" xmlns="http://www.sdmx.org/resources/sdmxml/schemas/v2_1/common">Campiglia Cervo</Name>
          <Parent>
            <Ref id="ITC13" xmlns="" />
          </Parent>
        </Code>
        <Code id="096012" urn="urn:sdmx:org.sdmx.infomodel.codelist.Code=IT1:CL_REFAREA(1.2).096012">
          <Name xml:lang="it" xmlns="http://www.sdmx.org/resources/sdmxml/schemas/v2_1/common">Candelo</Name>
          <Name xml:lang="en" xmlns="http://www.sdmx.org/resources/sdmxml/schemas/v2_1/common">Candelo</Name>
          <Parent>
            <Ref id="ITC13" xmlns="" />
          </Parent>
        </Code>
        <Code id="096013" urn="urn:sdmx:org.sdmx.infomodel.codelist.Code=IT1:CL_REFAREA(1.2).096013">
          <Name xml:lang="it" xmlns="http://www.sdmx.org/resources/sdmxml/schemas/v2_1/common">Caprile</Name>
          <Name xml:lang="en" xmlns="http://www.sdmx.org/resources/sdmxml/schemas/v2_1/common">Caprile</Name>
          <Parent>
            <Ref id="ITC13" xmlns="" />
          </Parent>
        </Code>
        <Code id="096014" urn="urn:sdmx:org.sdmx.infomodel.codelist.Code=IT1:CL_REFAREA(1.2).096014">
          <Name xml:lang="it" xmlns="http://www.sdmx.org/resources/sdmxml/schemas/v2_1/common">Casapinta</Name>
          <Name xml:lang="en" xmlns="http://www.sdmx.org/resources/sdmxml/schemas/v2_1/common">Casapinta</Name>
          <Parent>
            <Ref id="ITC13" xmlns="" />
          </Parent>
        </Code>
        <Code id="096015" urn="urn:sdmx:org.sdmx.infomodel.codelist.Code=IT1:CL_REFAREA(1.2).096015">
          <Name xml:lang="it" xmlns="http://www.sdmx.org/resources/sdmxml/schemas/v2_1/common">Castelletto Cervo</Name>
          <Name xml:lang="en" xmlns="http://www.sdmx.org/resources/sdmxml/schemas/v2_1/common">Castelletto Cervo</Name>
          <Parent>
            <Ref id="ITC13" xmlns="" />
          </Parent>
        </Code>
        <Code id="096016" urn="urn:sdmx:org.sdmx.infomodel.codelist.Code=IT1:CL_REFAREA(1.2).096016">
          <Name xml:lang="it" xmlns="http://www.sdmx.org/resources/sdmxml/schemas/v2_1/common">Cavaglià</Name>
          <Name xml:lang="en" xmlns="http://www.sdmx.org/resources/sdmxml/schemas/v2_1/common">Cavaglià</Name>
          <Parent>
            <Ref id="ITC13" xmlns="" />
          </Parent>
        </Code>
        <Code id="096017" urn="urn:sdmx:org.sdmx.infomodel.codelist.Code=IT1:CL_REFAREA(1.2).096017">
          <Name xml:lang="it" xmlns="http://www.sdmx.org/resources/sdmxml/schemas/v2_1/common">Cerreto Castello</Name>
          <Name xml:lang="en" xmlns="http://www.sdmx.org/resources/sdmxml/schemas/v2_1/common">Cerreto Castello</Name>
          <Parent>
            <Ref id="ITC13" xmlns="" />
          </Parent>
        </Code>
        <Code id="096018" urn="urn:sdmx:org.sdmx.infomodel.codelist.Code=IT1:CL_REFAREA(1.2).096018">
          <Name xml:lang="it" xmlns="http://www.sdmx.org/resources/sdmxml/schemas/v2_1/common">Cerrione</Name>
          <Name xml:lang="en" xmlns="http://www.sdmx.org/resources/sdmxml/schemas/v2_1/common">Cerrione</Name>
          <Parent>
            <Ref id="ITC13" xmlns="" />
          </Parent>
        </Code>
        <Code id="096019" urn="urn:sdmx:org.sdmx.infomodel.codelist.Code=IT1:CL_REFAREA(1.2).096019">
          <Name xml:lang="it" xmlns="http://www.sdmx.org/resources/sdmxml/schemas/v2_1/common">Coggiola</Name>
          <Name xml:lang="en" xmlns="http://www.sdmx.org/resources/sdmxml/schemas/v2_1/common">Coggiola</Name>
          <Parent>
            <Ref id="ITC13" xmlns="" />
          </Parent>
        </Code>
        <Code id="096020" urn="urn:sdmx:org.sdmx.infomodel.codelist.Code=IT1:CL_REFAREA(1.2).096020">
          <Name xml:lang="it" xmlns="http://www.sdmx.org/resources/sdmxml/schemas/v2_1/common">Cossato</Name>
          <Name xml:lang="en" xmlns="http://www.sdmx.org/resources/sdmxml/schemas/v2_1/common">Cossato</Name>
          <Parent>
            <Ref id="ITC13" xmlns="" />
          </Parent>
        </Code>
        <Code id="096021" urn="urn:sdmx:org.sdmx.infomodel.codelist.Code=IT1:CL_REFAREA(1.2).096021">
          <Name xml:lang="it" xmlns="http://www.sdmx.org/resources/sdmxml/schemas/v2_1/common">Crevacuore</Name>
          <Name xml:lang="en" xmlns="http://www.sdmx.org/resources/sdmxml/schemas/v2_1/common">Crevacuore</Name>
          <Parent>
            <Ref id="ITC13" xmlns="" />
          </Parent>
        </Code>
        <Code id="096022" urn="urn:sdmx:org.sdmx.infomodel.codelist.Code=IT1:CL_REFAREA(1.2).096022">
          <Name xml:lang="it" xmlns="http://www.sdmx.org/resources/sdmxml/schemas/v2_1/common">Crosa</Name>
          <Name xml:lang="en" xmlns="http://www.sdmx.org/resources/sdmxml/schemas/v2_1/common">Crosa</Name>
          <Parent>
            <Ref id="ITC13" xmlns="" />
          </Parent>
        </Code>
        <Code id="096023" urn="urn:sdmx:org.sdmx.infomodel.codelist.Code=IT1:CL_REFAREA(1.2).096023">
          <Name xml:lang="it" xmlns="http://www.sdmx.org/resources/sdmxml/schemas/v2_1/common">Curino</Name>
          <Name xml:lang="en" xmlns="http://www.sdmx.org/resources/sdmxml/schemas/v2_1/common">Curino</Name>
          <Parent>
            <Ref id="ITC13" xmlns="" />
          </Parent>
        </Code>
        <Code id="096024" urn="urn:sdmx:org.sdmx.infomodel.codelist.Code=IT1:CL_REFAREA(1.2).096024">
          <Name xml:lang="it" xmlns="http://www.sdmx.org/resources/sdmxml/schemas/v2_1/common">Donato</Name>
          <Name xml:lang="en" xmlns="http://www.sdmx.org/resources/sdmxml/schemas/v2_1/common">Donato</Name>
          <Parent>
            <Ref id="ITC13" xmlns="" />
          </Parent>
        </Code>
        <Code id="096025" urn="urn:sdmx:org.sdmx.infomodel.codelist.Code=IT1:CL_REFAREA(1.2).096025">
          <Name xml:lang="it" xmlns="http://www.sdmx.org/resources/sdmxml/schemas/v2_1/common">Dorzano</Name>
          <Name xml:lang="en" xmlns="http://www.sdmx.org/resources/sdmxml/schemas/v2_1/common">Dorzano</Name>
          <Parent>
            <Ref id="ITC13" xmlns="" />
          </Parent>
        </Code>
        <Code id="096026" urn="urn:sdmx:org.sdmx.infomodel.codelist.Code=IT1:CL_REFAREA(1.2).096026">
          <Name xml:lang="it" xmlns="http://www.sdmx.org/resources/sdmxml/schemas/v2_1/common">Gaglianico</Name>
          <Name xml:lang="en" xmlns="http://www.sdmx.org/resources/sdmxml/schemas/v2_1/common">Gaglianico</Name>
          <Parent>
            <Ref id="ITC13" xmlns="" />
          </Parent>
        </Code>
        <Code id="096027" urn="urn:sdmx:org.sdmx.infomodel.codelist.Code=IT1:CL_REFAREA(1.2).096027">
          <Name xml:lang="it" xmlns="http://www.sdmx.org/resources/sdmxml/schemas/v2_1/common">Gifflenga</Name>
          <Name xml:lang="en" xmlns="http://www.sdmx.org/resources/sdmxml/schemas/v2_1/common">Gifflenga</Name>
          <Parent>
            <Ref id="ITC13" xmlns="" />
          </Parent>
        </Code>
        <Code id="096028" urn="urn:sdmx:org.sdmx.infomodel.codelist.Code=IT1:CL_REFAREA(1.2).096028">
          <Name xml:lang="it" xmlns="http://www.sdmx.org/resources/sdmxml/schemas/v2_1/common">Graglia</Name>
          <Name xml:lang="en" xmlns="http://www.sdmx.org/resources/sdmxml/schemas/v2_1/common">Graglia</Name>
          <Parent>
            <Ref id="ITC13" xmlns="" />
          </Parent>
        </Code>
        <Code id="096029" urn="urn:sdmx:org.sdmx.infomodel.codelist.Code=IT1:CL_REFAREA(1.2).096029">
          <Name xml:lang="it" xmlns="http://www.sdmx.org/resources/sdmxml/schemas/v2_1/common">Lessona</Name>
          <Name xml:lang="en" xmlns="http://www.sdmx.org/resources/sdmxml/schemas/v2_1/common">Lessona</Name>
          <Parent>
            <Ref id="ITC13" xmlns="" />
          </Parent>
        </Code>
        <Code id="096030" urn="urn:sdmx:org.sdmx.infomodel.codelist.Code=IT1:CL_REFAREA(1.2).096030">
          <Name xml:lang="it" xmlns="http://www.sdmx.org/resources/sdmxml/schemas/v2_1/common">Magnano</Name>
          <Name xml:lang="en" xmlns="http://www.sdmx.org/resources/sdmxml/schemas/v2_1/common">Magnano</Name>
          <Parent>
            <Ref id="ITC13" xmlns="" />
          </Parent>
        </Code>
        <Code id="096031" urn="urn:sdmx:org.sdmx.infomodel.codelist.Code=IT1:CL_REFAREA(1.2).096031">
          <Name xml:lang="it" xmlns="http://www.sdmx.org/resources/sdmxml/schemas/v2_1/common">Massazza</Name>
          <Name xml:lang="en" xmlns="http://www.sdmx.org/resources/sdmxml/schemas/v2_1/common">Massazza</Name>
          <Parent>
            <Ref id="ITC13" xmlns="" />
          </Parent>
        </Code>
        <Code id="096032" urn="urn:sdmx:org.sdmx.infomodel.codelist.Code=IT1:CL_REFAREA(1.2).096032">
          <Name xml:lang="it" xmlns="http://www.sdmx.org/resources/sdmxml/schemas/v2_1/common">Masserano</Name>
          <Name xml:lang="en" xmlns="http://www.sdmx.org/resources/sdmxml/schemas/v2_1/common">Masserano</Name>
          <Parent>
            <Ref id="ITC13" xmlns="" />
          </Parent>
        </Code>
        <Code id="096033" urn="urn:sdmx:org.sdmx.infomodel.codelist.Code=IT1:CL_REFAREA(1.2).096033">
          <Name xml:lang="it" xmlns="http://www.sdmx.org/resources/sdmxml/schemas/v2_1/common">Mezzana Mortigliengo</Name>
          <Name xml:lang="en" xmlns="http://www.sdmx.org/resources/sdmxml/schemas/v2_1/common">Mezzana Mortigliengo</Name>
          <Parent>
            <Ref id="ITC13" xmlns="" />
          </Parent>
        </Code>
        <Code id="096034" urn="urn:sdmx:org.sdmx.infomodel.codelist.Code=IT1:CL_REFAREA(1.2).096034">
          <Name xml:lang="it" xmlns="http://www.sdmx.org/resources/sdmxml/schemas/v2_1/common">Miagliano</Name>
          <Name xml:lang="en" xmlns="http://www.sdmx.org/resources/sdmxml/schemas/v2_1/common">Miagliano</Name>
          <Parent>
            <Ref id="ITC13" xmlns="" />
          </Parent>
        </Code>
        <Code id="096035" urn="urn:sdmx:org.sdmx.infomodel.codelist.Code=IT1:CL_REFAREA(1.2).096035">
          <Name xml:lang="it" xmlns="http://www.sdmx.org/resources/sdmxml/schemas/v2_1/common">Mongrando</Name>
          <Name xml:lang="en" xmlns="http://www.sdmx.org/resources/sdmxml/schemas/v2_1/common">Mongrando</Name>
          <Parent>
            <Ref id="ITC13" xmlns="" />
          </Parent>
        </Code>
        <Code id="096036" urn="urn:sdmx:org.sdmx.infomodel.codelist.Code=IT1:CL_REFAREA(1.2).096036">
          <Name xml:lang="it" xmlns="http://www.sdmx.org/resources/sdmxml/schemas/v2_1/common">Mosso Santa Maria</Name>
          <Name xml:lang="en" xmlns="http://www.sdmx.org/resources/sdmxml/schemas/v2_1/common">Mosso Santa Maria</Name>
          <Parent>
            <Ref id="ITC13" xmlns="" />
          </Parent>
        </Code>
        <Code id="096037" urn="urn:sdmx:org.sdmx.infomodel.codelist.Code=IT1:CL_REFAREA(1.2).096037">
          <Name xml:lang="it" xmlns="http://www.sdmx.org/resources/sdmxml/schemas/v2_1/common">Mottalciata</Name>
          <Name xml:lang="en" xmlns="http://www.sdmx.org/resources/sdmxml/schemas/v2_1/common">Mottalciata</Name>
          <Parent>
            <Ref id="ITC13" xmlns="" />
          </Parent>
        </Code>
        <Code id="096038" urn="urn:sdmx:org.sdmx.infomodel.codelist.Code=IT1:CL_REFAREA(1.2).096038">
          <Name xml:lang="it" xmlns="http://www.sdmx.org/resources/sdmxml/schemas/v2_1/common">Muzzano</Name>
          <Name xml:lang="en" xmlns="http://www.sdmx.org/resources/sdmxml/schemas/v2_1/common">Muzzano</Name>
          <Parent>
            <Ref id="ITC13" xmlns="" />
          </Parent>
        </Code>
        <Code id="096039" urn="urn:sdmx:org.sdmx.infomodel.codelist.Code=IT1:CL_REFAREA(1.2).096039">
          <Name xml:lang="it" xmlns="http://www.sdmx.org/resources/sdmxml/schemas/v2_1/common">Netro</Name>
          <Name xml:lang="en" xmlns="http://www.sdmx.org/resources/sdmxml/schemas/v2_1/common">Netro</Name>
          <Parent>
            <Ref id="ITC13" xmlns="" />
          </Parent>
        </Code>
        <Code id="096040" urn="urn:sdmx:org.sdmx.infomodel.codelist.Code=IT1:CL_REFAREA(1.2).096040">
          <Name xml:lang="it" xmlns="http://www.sdmx.org/resources/sdmxml/schemas/v2_1/common">Occhieppo Inferiore</Name>
          <Name xml:lang="en" xmlns="http://www.sdmx.org/resources/sdmxml/schemas/v2_1/common">Occhieppo Inferiore</Name>
          <Parent>
            <Ref id="ITC13" xmlns="" />
          </Parent>
        </Code>
        <Code id="096041" urn="urn:sdmx:org.sdmx.infomodel.codelist.Code=IT1:CL_REFAREA(1.2).096041">
          <Name xml:lang="it" xmlns="http://www.sdmx.org/resources/sdmxml/schemas/v2_1/common">Occhieppo Superiore</Name>
          <Name xml:lang="en" xmlns="http://www.sdmx.org/resources/sdmxml/schemas/v2_1/common">Occhieppo Superiore</Name>
          <Parent>
            <Ref id="ITC13" xmlns="" />
          </Parent>
        </Code>
        <Code id="096042" urn="urn:sdmx:org.sdmx.infomodel.codelist.Code=IT1:CL_REFAREA(1.2).096042">
          <Name xml:lang="it" xmlns="http://www.sdmx.org/resources/sdmxml/schemas/v2_1/common">Pettinengo</Name>
          <Name xml:lang="en" xmlns="http://www.sdmx.org/resources/sdmxml/schemas/v2_1/common">Pettinengo</Name>
          <Parent>
            <Ref id="ITC13" xmlns="" />
          </Parent>
        </Code>
        <Code id="096043" urn="urn:sdmx:org.sdmx.infomodel.codelist.Code=IT1:CL_REFAREA(1.2).096043">
          <Name xml:lang="it" xmlns="http://www.sdmx.org/resources/sdmxml/schemas/v2_1/common">Piatto</Name>
          <Name xml:lang="en" xmlns="http://www.sdmx.org/resources/sdmxml/schemas/v2_1/common">Piatto</Name>
          <Parent>
            <Ref id="ITC13" xmlns="" />
          </Parent>
        </Code>
        <Code id="096044" urn="urn:sdmx:org.sdmx.infomodel.codelist.Code=IT1:CL_REFAREA(1.2).096044">
          <Name xml:lang="it" xmlns="http://www.sdmx.org/resources/sdmxml/schemas/v2_1/common">Piedicavallo</Name>
          <Name xml:lang="en" xmlns="http://www.sdmx.org/resources/sdmxml/schemas/v2_1/common">Piedicavallo</Name>
          <Parent>
            <Ref id="ITC13" xmlns="" />
          </Parent>
        </Code>
        <Code id="096045" urn="urn:sdmx:org.sdmx.infomodel.codelist.Code=IT1:CL_REFAREA(1.2).096045">
          <Name xml:lang="it" xmlns="http://www.sdmx.org/resources/sdmxml/schemas/v2_1/common">Pistolesa</Name>
          <Name xml:lang="en" xmlns="http://www.sdmx.org/resources/sdmxml/schemas/v2_1/common">Pistolesa</Name>
          <Parent>
            <Ref id="ITC13" xmlns="" />
          </Parent>
        </Code>
        <Code id="096046" urn="urn:sdmx:org.sdmx.infomodel.codelist.Code=IT1:CL_REFAREA(1.2).096046">
          <Name xml:lang="it" xmlns="http://www.sdmx.org/resources/sdmxml/schemas/v2_1/common">Pollone</Name>
          <Name xml:lang="en" xmlns="http://www.sdmx.org/resources/sdmxml/schemas/v2_1/common">Pollone</Name>
          <Parent>
            <Ref id="ITC13" xmlns="" />
          </Parent>
        </Code>
        <Code id="096047" urn="urn:sdmx:org.sdmx.infomodel.codelist.Code=IT1:CL_REFAREA(1.2).096047">
          <Name xml:lang="it" xmlns="http://www.sdmx.org/resources/sdmxml/schemas/v2_1/common">Ponderano</Name>
          <Name xml:lang="en" xmlns="http://www.sdmx.org/resources/sdmxml/schemas/v2_1/common">Ponderano</Name>
          <Parent>
            <Ref id="ITC13" xmlns="" />
          </Parent>
        </Code>
        <Code id="096048" urn="urn:sdmx:org.sdmx.infomodel.codelist.Code=IT1:CL_REFAREA(1.2).096048">
          <Name xml:lang="it" xmlns="http://www.sdmx.org/resources/sdmxml/schemas/v2_1/common">Portula</Name>
          <Name xml:lang="en" xmlns="http://www.sdmx.org/resources/sdmxml/schemas/v2_1/common">Portula</Name>
          <Parent>
            <Ref id="ITC13" xmlns="" />
          </Parent>
        </Code>
        <Code id="096049" urn="urn:sdmx:org.sdmx.infomodel.codelist.Code=IT1:CL_REFAREA(1.2).096049">
          <Name xml:lang="it" xmlns="http://www.sdmx.org/resources/sdmxml/schemas/v2_1/common">Pralungo</Name>
          <Name xml:lang="en" xmlns="http://www.sdmx.org/resources/sdmxml/schemas/v2_1/common">Pralungo</Name>
          <Parent>
            <Ref id="ITC13" xmlns="" />
          </Parent>
        </Code>
        <Code id="096050" urn="urn:sdmx:org.sdmx.infomodel.codelist.Code=IT1:CL_REFAREA(1.2).096050">
          <Name xml:lang="it" xmlns="http://www.sdmx.org/resources/sdmxml/schemas/v2_1/common">Pray</Name>
          <Name xml:lang="en" xmlns="http://www.sdmx.org/resources/sdmxml/schemas/v2_1/common">Pray</Name>
          <Parent>
            <Ref id="ITC13" xmlns="" />
          </Parent>
        </Code>
        <Code id="096051" urn="urn:sdmx:org.sdmx.infomodel.codelist.Code=IT1:CL_REFAREA(1.2).096051">
          <Name xml:lang="it" xmlns="http://www.sdmx.org/resources/sdmxml/schemas/v2_1/common">Quaregna</Name>
          <Name xml:lang="en" xmlns="http://www.sdmx.org/resources/sdmxml/schemas/v2_1/common">Quaregna</Name>
          <Parent>
            <Ref id="ITC13" xmlns="" />
          </Parent>
        </Code>
        <Code id="096052" urn="urn:sdmx:org.sdmx.infomodel.codelist.Code=IT1:CL_REFAREA(1.2).096052">
          <Name xml:lang="it" xmlns="http://www.sdmx.org/resources/sdmxml/schemas/v2_1/common">Quittengo</Name>
          <Name xml:lang="en" xmlns="http://www.sdmx.org/resources/sdmxml/schemas/v2_1/common">Quittengo</Name>
          <Parent>
            <Ref id="ITC13" xmlns="" />
          </Parent>
        </Code>
        <Code id="096053" urn="urn:sdmx:org.sdmx.infomodel.codelist.Code=IT1:CL_REFAREA(1.2).096053">
          <Name xml:lang="it" xmlns="http://www.sdmx.org/resources/sdmxml/schemas/v2_1/common">Ronco Biellese</Name>
          <Name xml:lang="en" xmlns="http://www.sdmx.org/resources/sdmxml/schemas/v2_1/common">Ronco Biellese</Name>
          <Parent>
            <Ref id="ITC13" xmlns="" />
          </Parent>
        </Code>
        <Code id="096054" urn="urn:sdmx:org.sdmx.infomodel.codelist.Code=IT1:CL_REFAREA(1.2).096054">
          <Name xml:lang="it" xmlns="http://www.sdmx.org/resources/sdmxml/schemas/v2_1/common">Roppolo</Name>
          <Name xml:lang="en" xmlns="http://www.sdmx.org/resources/sdmxml/schemas/v2_1/common">Roppolo</Name>
          <Parent>
            <Ref id="ITC13" xmlns="" />
          </Parent>
        </Code>
        <Code id="096055" urn="urn:sdmx:org.sdmx.infomodel.codelist.Code=IT1:CL_REFAREA(1.2).096055">
          <Name xml:lang="it" xmlns="http://www.sdmx.org/resources/sdmxml/schemas/v2_1/common">Rosazza</Name>
          <Name xml:lang="en" xmlns="http://www.sdmx.org/resources/sdmxml/schemas/v2_1/common">Rosazza</Name>
          <Parent>
            <Ref id="ITC13" xmlns="" />
          </Parent>
        </Code>
        <Code id="096056" urn="urn:sdmx:org.sdmx.infomodel.codelist.Code=IT1:CL_REFAREA(1.2).096056">
          <Name xml:lang="it" xmlns="http://www.sdmx.org/resources/sdmxml/schemas/v2_1/common">Sagliano Micca</Name>
          <Name xml:lang="en" xmlns="http://www.sdmx.org/resources/sdmxml/schemas/v2_1/common">Sagliano Micca</Name>
          <Parent>
            <Ref id="ITC13" xmlns="" />
          </Parent>
        </Code>
        <Code id="096057" urn="urn:sdmx:org.sdmx.infomodel.codelist.Code=IT1:CL_REFAREA(1.2).096057">
          <Name xml:lang="it" xmlns="http://www.sdmx.org/resources/sdmxml/schemas/v2_1/common">Sala Biellese</Name>
          <Name xml:lang="en" xmlns="http://www.sdmx.org/resources/sdmxml/schemas/v2_1/common">Sala Biellese</Name>
          <Parent>
            <Ref id="ITC13" xmlns="" />
          </Parent>
        </Code>
        <Code id="096058" urn="urn:sdmx:org.sdmx.infomodel.codelist.Code=IT1:CL_REFAREA(1.2).096058">
          <Name xml:lang="it" xmlns="http://www.sdmx.org/resources/sdmxml/schemas/v2_1/common">Salussola</Name>
          <Name xml:lang="en" xmlns="http://www.sdmx.org/resources/sdmxml/schemas/v2_1/common">Salussola</Name>
          <Parent>
            <Ref id="ITC13" xmlns="" />
          </Parent>
        </Code>
        <Code id="096059" urn="urn:sdmx:org.sdmx.infomodel.codelist.Code=IT1:CL_REFAREA(1.2).096059">
          <Name xml:lang="it" xmlns="http://www.sdmx.org/resources/sdmxml/schemas/v2_1/common">Sandigliano</Name>
          <Name xml:lang="en" xmlns="http://www.sdmx.org/resources/sdmxml/schemas/v2_1/common">Sandigliano</Name>
          <Parent>
            <Ref id="ITC13" xmlns="" />
          </Parent>
        </Code>
        <Code id="096060" urn="urn:sdmx:org.sdmx.infomodel.codelist.Code=IT1:CL_REFAREA(1.2).096060">
          <Name xml:lang="it" xmlns="http://www.sdmx.org/resources/sdmxml/schemas/v2_1/common">San Paolo Cervo</Name>
          <Name xml:lang="en" xmlns="http://www.sdmx.org/resources/sdmxml/schemas/v2_1/common">San Paolo Cervo</Name>
          <Parent>
            <Ref id="ITC13" xmlns="" />
          </Parent>
        </Code>
        <Code id="096061" urn="urn:sdmx:org.sdmx.infomodel.codelist.Code=IT1:CL_REFAREA(1.2).096061">
          <Name xml:lang="it" xmlns="http://www.sdmx.org/resources/sdmxml/schemas/v2_1/common">Selve Marcone</Name>
          <Name xml:lang="en" xmlns="http://www.sdmx.org/resources/sdmxml/schemas/v2_1/common">Selve Marcone</Name>
          <Parent>
            <Ref id="ITC13" xmlns="" />
          </Parent>
        </Code>
        <Code id="096062" urn="urn:sdmx:org.sdmx.infomodel.codelist.Code=IT1:CL_REFAREA(1.2).096062">
          <Name xml:lang="it" xmlns="http://www.sdmx.org/resources/sdmxml/schemas/v2_1/common">Soprana</Name>
          <Name xml:lang="en" xmlns="http://www.sdmx.org/resources/sdmxml/schemas/v2_1/common">Soprana</Name>
          <Parent>
            <Ref id="ITC13" xmlns="" />
          </Parent>
        </Code>
        <Code id="096063" urn="urn:sdmx:org.sdmx.infomodel.codelist.Code=IT1:CL_REFAREA(1.2).096063">
          <Name xml:lang="it" xmlns="http://www.sdmx.org/resources/sdmxml/schemas/v2_1/common">Sordevolo</Name>
          <Name xml:lang="en" xmlns="http://www.sdmx.org/resources/sdmxml/schemas/v2_1/common">Sordevolo</Name>
          <Parent>
            <Ref id="ITC13" xmlns="" />
          </Parent>
        </Code>
        <Code id="096064" urn="urn:sdmx:org.sdmx.infomodel.codelist.Code=IT1:CL_REFAREA(1.2).096064">
          <Name xml:lang="it" xmlns="http://www.sdmx.org/resources/sdmxml/schemas/v2_1/common">Sostegno</Name>
          <Name xml:lang="en" xmlns="http://www.sdmx.org/resources/sdmxml/schemas/v2_1/common">Sostegno</Name>
          <Parent>
            <Ref id="ITC13" xmlns="" />
          </Parent>
        </Code>
        <Code id="096065" urn="urn:sdmx:org.sdmx.infomodel.codelist.Code=IT1:CL_REFAREA(1.2).096065">
          <Name xml:lang="it" xmlns="http://www.sdmx.org/resources/sdmxml/schemas/v2_1/common">Strona</Name>
          <Name xml:lang="en" xmlns="http://www.sdmx.org/resources/sdmxml/schemas/v2_1/common">Strona</Name>
          <Parent>
            <Ref id="ITC13" xmlns="" />
          </Parent>
        </Code>
        <Code id="096066" urn="urn:sdmx:org.sdmx.infomodel.codelist.Code=IT1:CL_REFAREA(1.2).096066">
          <Name xml:lang="it" xmlns="http://www.sdmx.org/resources/sdmxml/schemas/v2_1/common">Tavigliano</Name>
          <Name xml:lang="en" xmlns="http://www.sdmx.org/resources/sdmxml/schemas/v2_1/common">Tavigliano</Name>
          <Parent>
            <Ref id="ITC13" xmlns="" />
          </Parent>
        </Code>
        <Code id="096067" urn="urn:sdmx:org.sdmx.infomodel.codelist.Code=IT1:CL_REFAREA(1.2).096067">
          <Name xml:lang="it" xmlns="http://www.sdmx.org/resources/sdmxml/schemas/v2_1/common">Ternengo</Name>
          <Name xml:lang="en" xmlns="http://www.sdmx.org/resources/sdmxml/schemas/v2_1/common">Ternengo</Name>
          <Parent>
            <Ref id="ITC13" xmlns="" />
          </Parent>
        </Code>
        <Code id="096068" urn="urn:sdmx:org.sdmx.infomodel.codelist.Code=IT1:CL_REFAREA(1.2).096068">
          <Name xml:lang="it" xmlns="http://www.sdmx.org/resources/sdmxml/schemas/v2_1/common">Tollegno</Name>
          <Name xml:lang="en" xmlns="http://www.sdmx.org/resources/sdmxml/schemas/v2_1/common">Tollegno</Name>
          <Parent>
            <Ref id="ITC13" xmlns="" />
          </Parent>
        </Code>
        <Code id="096069" urn="urn:sdmx:org.sdmx.infomodel.codelist.Code=IT1:CL_REFAREA(1.2).096069">
          <Name xml:lang="it" xmlns="http://www.sdmx.org/resources/sdmxml/schemas/v2_1/common">Torrazzo</Name>
          <Name xml:lang="en" xmlns="http://www.sdmx.org/resources/sdmxml/schemas/v2_1/common">Torrazzo</Name>
          <Parent>
            <Ref id="ITC13" xmlns="" />
          </Parent>
        </Code>
        <Code id="096070" urn="urn:sdmx:org.sdmx.infomodel.codelist.Code=IT1:CL_REFAREA(1.2).096070">
          <Name xml:lang="it" xmlns="http://www.sdmx.org/resources/sdmxml/schemas/v2_1/common">Trivero</Name>
          <Name xml:lang="en" xmlns="http://www.sdmx.org/resources/sdmxml/schemas/v2_1/common">Trivero</Name>
          <Parent>
            <Ref id="ITC13" xmlns="" />
          </Parent>
        </Code>
        <Code id="096071" urn="urn:sdmx:org.sdmx.infomodel.codelist.Code=IT1:CL_REFAREA(1.2).096071">
          <Name xml:lang="it" xmlns="http://www.sdmx.org/resources/sdmxml/schemas/v2_1/common">Valdengo</Name>
          <Name xml:lang="en" xmlns="http://www.sdmx.org/resources/sdmxml/schemas/v2_1/common">Valdengo</Name>
          <Parent>
            <Ref id="ITC13" xmlns="" />
          </Parent>
        </Code>
        <Code id="096072" urn="urn:sdmx:org.sdmx.infomodel.codelist.Code=IT1:CL_REFAREA(1.2).096072">
          <Name xml:lang="it" xmlns="http://www.sdmx.org/resources/sdmxml/schemas/v2_1/common">Vallanzengo</Name>
          <Name xml:lang="en" xmlns="http://www.sdmx.org/resources/sdmxml/schemas/v2_1/common">Vallanzengo</Name>
          <Parent>
            <Ref id="ITC13" xmlns="" />
          </Parent>
        </Code>
        <Code id="096073" urn="urn:sdmx:org.sdmx.infomodel.codelist.Code=IT1:CL_REFAREA(1.2).096073">
          <Name xml:lang="it" xmlns="http://www.sdmx.org/resources/sdmxml/schemas/v2_1/common">Valle Mosso</Name>
          <Name xml:lang="en" xmlns="http://www.sdmx.org/resources/sdmxml/schemas/v2_1/common">Valle Mosso</Name>
          <Parent>
            <Ref id="ITC13" xmlns="" />
          </Parent>
        </Code>
        <Code id="096074" urn="urn:sdmx:org.sdmx.infomodel.codelist.Code=IT1:CL_REFAREA(1.2).096074">
          <Name xml:lang="it" xmlns="http://www.sdmx.org/resources/sdmxml/schemas/v2_1/common">Valle San Nicolao</Name>
          <Name xml:lang="en" xmlns="http://www.sdmx.org/resources/sdmxml/schemas/v2_1/common">Valle San Nicolao</Name>
          <Parent>
            <Ref id="ITC13" xmlns="" />
          </Parent>
        </Code>
        <Code id="096075" urn="urn:sdmx:org.sdmx.infomodel.codelist.Code=IT1:CL_REFAREA(1.2).096075">
          <Name xml:lang="it" xmlns="http://www.sdmx.org/resources/sdmxml/schemas/v2_1/common">Veglio</Name>
          <Name xml:lang="en" xmlns="http://www.sdmx.org/resources/sdmxml/schemas/v2_1/common">Veglio</Name>
          <Parent>
            <Ref id="ITC13" xmlns="" />
          </Parent>
        </Code>
        <Code id="096076" urn="urn:sdmx:org.sdmx.infomodel.codelist.Code=IT1:CL_REFAREA(1.2).096076">
          <Name xml:lang="it" xmlns="http://www.sdmx.org/resources/sdmxml/schemas/v2_1/common">Verrone</Name>
          <Name xml:lang="en" xmlns="http://www.sdmx.org/resources/sdmxml/schemas/v2_1/common">Verrone</Name>
          <Parent>
            <Ref id="ITC13" xmlns="" />
          </Parent>
        </Code>
        <Code id="096077" urn="urn:sdmx:org.sdmx.infomodel.codelist.Code=IT1:CL_REFAREA(1.2).096077">
          <Name xml:lang="it" xmlns="http://www.sdmx.org/resources/sdmxml/schemas/v2_1/common">Vigliano Biellese</Name>
          <Name xml:lang="en" xmlns="http://www.sdmx.org/resources/sdmxml/schemas/v2_1/common">Vigliano Biellese</Name>
          <Parent>
            <Ref id="ITC13" xmlns="" />
          </Parent>
        </Code>
        <Code id="096078" urn="urn:sdmx:org.sdmx.infomodel.codelist.Code=IT1:CL_REFAREA(1.2).096078">
          <Name xml:lang="it" xmlns="http://www.sdmx.org/resources/sdmxml/schemas/v2_1/common">Villa del Bosco</Name>
          <Name xml:lang="en" xmlns="http://www.sdmx.org/resources/sdmxml/schemas/v2_1/common">Villa del Bosco</Name>
          <Parent>
            <Ref id="ITC13" xmlns="" />
          </Parent>
        </Code>
        <Code id="096079" urn="urn:sdmx:org.sdmx.infomodel.codelist.Code=IT1:CL_REFAREA(1.2).096079">
          <Name xml:lang="it" xmlns="http://www.sdmx.org/resources/sdmxml/schemas/v2_1/common">Villanova Biellese</Name>
          <Name xml:lang="en" xmlns="http://www.sdmx.org/resources/sdmxml/schemas/v2_1/common">Villanova Biellese</Name>
          <Parent>
            <Ref id="ITC13" xmlns="" />
          </Parent>
        </Code>
        <Code id="096080" urn="urn:sdmx:org.sdmx.infomodel.codelist.Code=IT1:CL_REFAREA(1.2).096080">
          <Name xml:lang="it" xmlns="http://www.sdmx.org/resources/sdmxml/schemas/v2_1/common">Viverone</Name>
          <Name xml:lang="en" xmlns="http://www.sdmx.org/resources/sdmxml/schemas/v2_1/common">Viverone</Name>
          <Parent>
            <Ref id="ITC13" xmlns="" />
          </Parent>
        </Code>
        <Code id="096081" urn="urn:sdmx:org.sdmx.infomodel.codelist.Code=IT1:CL_REFAREA(1.2).096081">
          <Name xml:lang="it" xmlns="http://www.sdmx.org/resources/sdmxml/schemas/v2_1/common">Zimone</Name>
          <Name xml:lang="en" xmlns="http://www.sdmx.org/resources/sdmxml/schemas/v2_1/common">Zimone</Name>
          <Parent>
            <Ref id="ITC13" xmlns="" />
          </Parent>
        </Code>
        <Code id="096082" urn="urn:sdmx:org.sdmx.infomodel.codelist.Code=IT1:CL_REFAREA(1.2).096082">
          <Name xml:lang="it" xmlns="http://www.sdmx.org/resources/sdmxml/schemas/v2_1/common">Zubiena</Name>
          <Name xml:lang="en" xmlns="http://www.sdmx.org/resources/sdmxml/schemas/v2_1/common">Zubiena</Name>
          <Parent>
            <Ref id="ITC13" xmlns="" />
          </Parent>
        </Code>
        <Code id="096083" urn="urn:sdmx:org.sdmx.infomodel.codelist.Code=IT1:CL_REFAREA(1.2).096083">
          <Name xml:lang="it" xmlns="http://www.sdmx.org/resources/sdmxml/schemas/v2_1/common">Zumaglia</Name>
          <Name xml:lang="en" xmlns="http://www.sdmx.org/resources/sdmxml/schemas/v2_1/common">Zumaglia</Name>
          <Parent>
            <Ref id="ITC13" xmlns="" />
          </Parent>
        </Code>
        <Code id="096084" urn="urn:sdmx:org.sdmx.infomodel.codelist.Code=IT1:CL_REFAREA(1.2).096084">
          <Name xml:lang="it" xmlns="http://www.sdmx.org/resources/sdmxml/schemas/v2_1/common">Mosso</Name>
          <Name xml:lang="en" xmlns="http://www.sdmx.org/resources/sdmxml/schemas/v2_1/common">Mosso</Name>
          <Parent>
            <Ref id="ITC13" xmlns="" />
          </Parent>
        </Code>
        <Code id="097001" urn="urn:sdmx:org.sdmx.infomodel.codelist.Code=IT1:CL_REFAREA(1.2).097001">
          <Name xml:lang="it" xmlns="http://www.sdmx.org/resources/sdmxml/schemas/v2_1/common">Abbadia Lariana</Name>
          <Name xml:lang="en" xmlns="http://www.sdmx.org/resources/sdmxml/schemas/v2_1/common">Abbadia Lariana</Name>
          <Parent>
            <Ref id="ITC43" xmlns="" />
          </Parent>
        </Code>
        <Code id="097002" urn="urn:sdmx:org.sdmx.infomodel.codelist.Code=IT1:CL_REFAREA(1.2).097002">
          <Name xml:lang="it" xmlns="http://www.sdmx.org/resources/sdmxml/schemas/v2_1/common">Airuno</Name>
          <Name xml:lang="en" xmlns="http://www.sdmx.org/resources/sdmxml/schemas/v2_1/common">Airuno</Name>
          <Parent>
            <Ref id="ITC43" xmlns="" />
          </Parent>
        </Code>
        <Code id="097003" urn="urn:sdmx:org.sdmx.infomodel.codelist.Code=IT1:CL_REFAREA(1.2).097003">
          <Name xml:lang="it" xmlns="http://www.sdmx.org/resources/sdmxml/schemas/v2_1/common">Annone di Brianza</Name>
          <Name xml:lang="en" xmlns="http://www.sdmx.org/resources/sdmxml/schemas/v2_1/common">Annone di Brianza</Name>
          <Parent>
            <Ref id="ITC43" xmlns="" />
          </Parent>
        </Code>
        <Code id="097004" urn="urn:sdmx:org.sdmx.infomodel.codelist.Code=IT1:CL_REFAREA(1.2).097004">
          <Name xml:lang="it" xmlns="http://www.sdmx.org/resources/sdmxml/schemas/v2_1/common">Ballabio</Name>
          <Name xml:lang="en" xmlns="http://www.sdmx.org/resources/sdmxml/schemas/v2_1/common">Ballabio</Name>
          <Parent>
            <Ref id="ITC43" xmlns="" />
          </Parent>
        </Code>
        <Code id="097005" urn="urn:sdmx:org.sdmx.infomodel.codelist.Code=IT1:CL_REFAREA(1.2).097005">
          <Name xml:lang="it" xmlns="http://www.sdmx.org/resources/sdmxml/schemas/v2_1/common">Barzago</Name>
          <Name xml:lang="en" xmlns="http://www.sdmx.org/resources/sdmxml/schemas/v2_1/common">Barzago</Name>
          <Parent>
            <Ref id="ITC43" xmlns="" />
          </Parent>
        </Code>
        <Code id="097006" urn="urn:sdmx:org.sdmx.infomodel.codelist.Code=IT1:CL_REFAREA(1.2).097006">
          <Name xml:lang="it" xmlns="http://www.sdmx.org/resources/sdmxml/schemas/v2_1/common">Barzanò</Name>
          <Name xml:lang="en" xmlns="http://www.sdmx.org/resources/sdmxml/schemas/v2_1/common">Barzanò</Name>
          <Parent>
            <Ref id="ITC43" xmlns="" />
          </Parent>
        </Code>
        <Code id="097007" urn="urn:sdmx:org.sdmx.infomodel.codelist.Code=IT1:CL_REFAREA(1.2).097007">
          <Name xml:lang="it" xmlns="http://www.sdmx.org/resources/sdmxml/schemas/v2_1/common">Barzio</Name>
          <Name xml:lang="en" xmlns="http://www.sdmx.org/resources/sdmxml/schemas/v2_1/common">Barzio</Name>
          <Parent>
            <Ref id="ITC43" xmlns="" />
          </Parent>
        </Code>
        <Code id="097008" urn="urn:sdmx:org.sdmx.infomodel.codelist.Code=IT1:CL_REFAREA(1.2).097008">
          <Name xml:lang="it" xmlns="http://www.sdmx.org/resources/sdmxml/schemas/v2_1/common">Bellano</Name>
          <Name xml:lang="en" xmlns="http://www.sdmx.org/resources/sdmxml/schemas/v2_1/common">Bellano</Name>
          <Parent>
            <Ref id="ITC43" xmlns="" />
          </Parent>
        </Code>
        <Code id="097009" urn="urn:sdmx:org.sdmx.infomodel.codelist.Code=IT1:CL_REFAREA(1.2).097009">
          <Name xml:lang="it" xmlns="http://www.sdmx.org/resources/sdmxml/schemas/v2_1/common">Bosisio Parini</Name>
          <Name xml:lang="en" xmlns="http://www.sdmx.org/resources/sdmxml/schemas/v2_1/common">Bosisio Parini</Name>
          <Parent>
            <Ref id="ITC43" xmlns="" />
          </Parent>
        </Code>
        <Code id="097010" urn="urn:sdmx:org.sdmx.infomodel.codelist.Code=IT1:CL_REFAREA(1.2).097010">
          <Name xml:lang="it" xmlns="http://www.sdmx.org/resources/sdmxml/schemas/v2_1/common">Brivio</Name>
          <Name xml:lang="en" xmlns="http://www.sdmx.org/resources/sdmxml/schemas/v2_1/common">Brivio</Name>
          <Parent>
            <Ref id="ITC43" xmlns="" />
          </Parent>
        </Code>
        <Code id="097011" urn="urn:sdmx:org.sdmx.infomodel.codelist.Code=IT1:CL_REFAREA(1.2).097011">
          <Name xml:lang="it" xmlns="http://www.sdmx.org/resources/sdmxml/schemas/v2_1/common">Bulciago</Name>
          <Name xml:lang="en" xmlns="http://www.sdmx.org/resources/sdmxml/schemas/v2_1/common">Bulciago</Name>
          <Parent>
            <Ref id="ITC43" xmlns="" />
          </Parent>
        </Code>
        <Code id="097012" urn="urn:sdmx:org.sdmx.infomodel.codelist.Code=IT1:CL_REFAREA(1.2).097012">
          <Name xml:lang="it" xmlns="http://www.sdmx.org/resources/sdmxml/schemas/v2_1/common">Calco</Name>
          <Name xml:lang="en" xmlns="http://www.sdmx.org/resources/sdmxml/schemas/v2_1/common">Calco</Name>
          <Parent>
            <Ref id="ITC43" xmlns="" />
          </Parent>
        </Code>
        <Code id="097013" urn="urn:sdmx:org.sdmx.infomodel.codelist.Code=IT1:CL_REFAREA(1.2).097013">
          <Name xml:lang="it" xmlns="http://www.sdmx.org/resources/sdmxml/schemas/v2_1/common">Calolziocorte</Name>
          <Name xml:lang="en" xmlns="http://www.sdmx.org/resources/sdmxml/schemas/v2_1/common">Calolziocorte</Name>
          <Parent>
            <Ref id="ITC43" xmlns="" />
          </Parent>
        </Code>
        <Code id="097014" urn="urn:sdmx:org.sdmx.infomodel.codelist.Code=IT1:CL_REFAREA(1.2).097014">
          <Name xml:lang="it" xmlns="http://www.sdmx.org/resources/sdmxml/schemas/v2_1/common">Carenno</Name>
          <Name xml:lang="en" xmlns="http://www.sdmx.org/resources/sdmxml/schemas/v2_1/common">Carenno</Name>
          <Parent>
            <Ref id="ITC43" xmlns="" />
          </Parent>
        </Code>
        <Code id="097015" urn="urn:sdmx:org.sdmx.infomodel.codelist.Code=IT1:CL_REFAREA(1.2).097015">
          <Name xml:lang="it" xmlns="http://www.sdmx.org/resources/sdmxml/schemas/v2_1/common">Casargo</Name>
          <Name xml:lang="en" xmlns="http://www.sdmx.org/resources/sdmxml/schemas/v2_1/common">Casargo</Name>
          <Parent>
            <Ref id="ITC43" xmlns="" />
          </Parent>
        </Code>
        <Code id="097016" urn="urn:sdmx:org.sdmx.infomodel.codelist.Code=IT1:CL_REFAREA(1.2).097016">
          <Name xml:lang="it" xmlns="http://www.sdmx.org/resources/sdmxml/schemas/v2_1/common">Casatenovo</Name>
          <Name xml:lang="en" xmlns="http://www.sdmx.org/resources/sdmxml/schemas/v2_1/common">Casatenovo</Name>
          <Parent>
            <Ref id="ITC43" xmlns="" />
          </Parent>
        </Code>
        <Code id="097017" urn="urn:sdmx:org.sdmx.infomodel.codelist.Code=IT1:CL_REFAREA(1.2).097017">
          <Name xml:lang="it" xmlns="http://www.sdmx.org/resources/sdmxml/schemas/v2_1/common">Cassago Brianza</Name>
          <Name xml:lang="en" xmlns="http://www.sdmx.org/resources/sdmxml/schemas/v2_1/common">Cassago Brianza</Name>
          <Parent>
            <Ref id="ITC43" xmlns="" />
          </Parent>
        </Code>
        <Code id="097018" urn="urn:sdmx:org.sdmx.infomodel.codelist.Code=IT1:CL_REFAREA(1.2).097018">
          <Name xml:lang="it" xmlns="http://www.sdmx.org/resources/sdmxml/schemas/v2_1/common">Cassina Valsassina</Name>
          <Name xml:lang="en" xmlns="http://www.sdmx.org/resources/sdmxml/schemas/v2_1/common">Cassina Valsassina</Name>
          <Parent>
            <Ref id="ITC43" xmlns="" />
          </Parent>
        </Code>
        <Code id="097019" urn="urn:sdmx:org.sdmx.infomodel.codelist.Code=IT1:CL_REFAREA(1.2).097019">
          <Name xml:lang="it" xmlns="http://www.sdmx.org/resources/sdmxml/schemas/v2_1/common">Castello di Brianza</Name>
          <Name xml:lang="en" xmlns="http://www.sdmx.org/resources/sdmxml/schemas/v2_1/common">Castello di Brianza</Name>
          <Parent>
            <Ref id="ITC43" xmlns="" />
          </Parent>
        </Code>
        <Code id="097020" urn="urn:sdmx:org.sdmx.infomodel.codelist.Code=IT1:CL_REFAREA(1.2).097020">
          <Name xml:lang="it" xmlns="http://www.sdmx.org/resources/sdmxml/schemas/v2_1/common">Cernusco Lombardone</Name>
          <Name xml:lang="en" xmlns="http://www.sdmx.org/resources/sdmxml/schemas/v2_1/common">Cernusco Lombardone</Name>
          <Parent>
            <Ref id="ITC43" xmlns="" />
          </Parent>
        </Code>
        <Code id="097021" urn="urn:sdmx:org.sdmx.infomodel.codelist.Code=IT1:CL_REFAREA(1.2).097021">
          <Name xml:lang="it" xmlns="http://www.sdmx.org/resources/sdmxml/schemas/v2_1/common">Cesana Brianza</Name>
          <Name xml:lang="en" xmlns="http://www.sdmx.org/resources/sdmxml/schemas/v2_1/common">Cesana Brianza</Name>
          <Parent>
            <Ref id="ITC43" xmlns="" />
          </Parent>
        </Code>
        <Code id="097022" urn="urn:sdmx:org.sdmx.infomodel.codelist.Code=IT1:CL_REFAREA(1.2).097022">
          <Name xml:lang="it" xmlns="http://www.sdmx.org/resources/sdmxml/schemas/v2_1/common">Civate</Name>
          <Name xml:lang="en" xmlns="http://www.sdmx.org/resources/sdmxml/schemas/v2_1/common">Civate</Name>
          <Parent>
            <Ref id="ITC43" xmlns="" />
          </Parent>
        </Code>
        <Code id="097023" urn="urn:sdmx:org.sdmx.infomodel.codelist.Code=IT1:CL_REFAREA(1.2).097023">
          <Name xml:lang="it" xmlns="http://www.sdmx.org/resources/sdmxml/schemas/v2_1/common">Colico</Name>
          <Name xml:lang="en" xmlns="http://www.sdmx.org/resources/sdmxml/schemas/v2_1/common">Colico</Name>
          <Parent>
            <Ref id="ITC43" xmlns="" />
          </Parent>
        </Code>
        <Code id="097024" urn="urn:sdmx:org.sdmx.infomodel.codelist.Code=IT1:CL_REFAREA(1.2).097024">
          <Name xml:lang="it" xmlns="http://www.sdmx.org/resources/sdmxml/schemas/v2_1/common">Colle Brianza</Name>
          <Name xml:lang="en" xmlns="http://www.sdmx.org/resources/sdmxml/schemas/v2_1/common">Colle Brianza</Name>
          <Parent>
            <Ref id="ITC43" xmlns="" />
          </Parent>
        </Code>
        <Code id="097025" urn="urn:sdmx:org.sdmx.infomodel.codelist.Code=IT1:CL_REFAREA(1.2).097025">
          <Name xml:lang="it" xmlns="http://www.sdmx.org/resources/sdmxml/schemas/v2_1/common">Cortenova</Name>
          <Name xml:lang="en" xmlns="http://www.sdmx.org/resources/sdmxml/schemas/v2_1/common">Cortenova</Name>
          <Parent>
            <Ref id="ITC43" xmlns="" />
          </Parent>
        </Code>
        <Code id="097026" urn="urn:sdmx:org.sdmx.infomodel.codelist.Code=IT1:CL_REFAREA(1.2).097026">
          <Name xml:lang="it" xmlns="http://www.sdmx.org/resources/sdmxml/schemas/v2_1/common">Costa Masnaga</Name>
          <Name xml:lang="en" xmlns="http://www.sdmx.org/resources/sdmxml/schemas/v2_1/common">Costa Masnaga</Name>
          <Parent>
            <Ref id="ITC43" xmlns="" />
          </Parent>
        </Code>
        <Code id="097027" urn="urn:sdmx:org.sdmx.infomodel.codelist.Code=IT1:CL_REFAREA(1.2).097027">
          <Name xml:lang="it" xmlns="http://www.sdmx.org/resources/sdmxml/schemas/v2_1/common">Crandola Valsassina</Name>
          <Name xml:lang="en" xmlns="http://www.sdmx.org/resources/sdmxml/schemas/v2_1/common">Crandola Valsassina</Name>
          <Parent>
            <Ref id="ITC43" xmlns="" />
          </Parent>
        </Code>
        <Code id="097028" urn="urn:sdmx:org.sdmx.infomodel.codelist.Code=IT1:CL_REFAREA(1.2).097028">
          <Name xml:lang="it" xmlns="http://www.sdmx.org/resources/sdmxml/schemas/v2_1/common">Cremella</Name>
          <Name xml:lang="en" xmlns="http://www.sdmx.org/resources/sdmxml/schemas/v2_1/common">Cremella</Name>
          <Parent>
            <Ref id="ITC43" xmlns="" />
          </Parent>
        </Code>
        <Code id="097029" urn="urn:sdmx:org.sdmx.infomodel.codelist.Code=IT1:CL_REFAREA(1.2).097029">
          <Name xml:lang="it" xmlns="http://www.sdmx.org/resources/sdmxml/schemas/v2_1/common">Cremeno</Name>
          <Name xml:lang="en" xmlns="http://www.sdmx.org/resources/sdmxml/schemas/v2_1/common">Cremeno</Name>
          <Parent>
            <Ref id="ITC43" xmlns="" />
          </Parent>
        </Code>
        <Code id="097030" urn="urn:sdmx:org.sdmx.infomodel.codelist.Code=IT1:CL_REFAREA(1.2).097030">
          <Name xml:lang="it" xmlns="http://www.sdmx.org/resources/sdmxml/schemas/v2_1/common">Dervio</Name>
          <Name xml:lang="en" xmlns="http://www.sdmx.org/resources/sdmxml/schemas/v2_1/common">Dervio</Name>
          <Parent>
            <Ref id="ITC43" xmlns="" />
          </Parent>
        </Code>
        <Code id="097031" urn="urn:sdmx:org.sdmx.infomodel.codelist.Code=IT1:CL_REFAREA(1.2).097031">
          <Name xml:lang="it" xmlns="http://www.sdmx.org/resources/sdmxml/schemas/v2_1/common">Dolzago</Name>
          <Name xml:lang="en" xmlns="http://www.sdmx.org/resources/sdmxml/schemas/v2_1/common">Dolzago</Name>
          <Parent>
            <Ref id="ITC43" xmlns="" />
          </Parent>
        </Code>
        <Code id="097032" urn="urn:sdmx:org.sdmx.infomodel.codelist.Code=IT1:CL_REFAREA(1.2).097032">
          <Name xml:lang="it" xmlns="http://www.sdmx.org/resources/sdmxml/schemas/v2_1/common">Dorio</Name>
          <Name xml:lang="en" xmlns="http://www.sdmx.org/resources/sdmxml/schemas/v2_1/common">Dorio</Name>
          <Parent>
            <Ref id="ITC43" xmlns="" />
          </Parent>
        </Code>
        <Code id="097033" urn="urn:sdmx:org.sdmx.infomodel.codelist.Code=IT1:CL_REFAREA(1.2).097033">
          <Name xml:lang="it" xmlns="http://www.sdmx.org/resources/sdmxml/schemas/v2_1/common">Ello</Name>
          <Name xml:lang="en" xmlns="http://www.sdmx.org/resources/sdmxml/schemas/v2_1/common">Ello</Name>
          <Parent>
            <Ref id="ITC43" xmlns="" />
          </Parent>
        </Code>
        <Code id="097034" urn="urn:sdmx:org.sdmx.infomodel.codelist.Code=IT1:CL_REFAREA(1.2).097034">
          <Name xml:lang="it" xmlns="http://www.sdmx.org/resources/sdmxml/schemas/v2_1/common">Erve</Name>
          <Name xml:lang="en" xmlns="http://www.sdmx.org/resources/sdmxml/schemas/v2_1/common">Erve</Name>
          <Parent>
            <Ref id="ITC43" xmlns="" />
          </Parent>
        </Code>
        <Code id="097035" urn="urn:sdmx:org.sdmx.infomodel.codelist.Code=IT1:CL_REFAREA(1.2).097035">
          <Name xml:lang="it" xmlns="http://www.sdmx.org/resources/sdmxml/schemas/v2_1/common">Esino Lario</Name>
          <Name xml:lang="en" xmlns="http://www.sdmx.org/resources/sdmxml/schemas/v2_1/common">Esino Lario</Name>
          <Parent>
            <Ref id="ITC43" xmlns="" />
          </Parent>
        </Code>
        <Code id="097036" urn="urn:sdmx:org.sdmx.infomodel.codelist.Code=IT1:CL_REFAREA(1.2).097036">
          <Name xml:lang="it" xmlns="http://www.sdmx.org/resources/sdmxml/schemas/v2_1/common">Galbiate</Name>
          <Name xml:lang="en" xmlns="http://www.sdmx.org/resources/sdmxml/schemas/v2_1/common">Galbiate</Name>
          <Parent>
            <Ref id="ITC43" xmlns="" />
          </Parent>
        </Code>
        <Code id="097037" urn="urn:sdmx:org.sdmx.infomodel.codelist.Code=IT1:CL_REFAREA(1.2).097037">
          <Name xml:lang="it" xmlns="http://www.sdmx.org/resources/sdmxml/schemas/v2_1/common">Garbagnate Monastero</Name>
          <Name xml:lang="en" xmlns="http://www.sdmx.org/resources/sdmxml/schemas/v2_1/common">Garbagnate Monastero</Name>
          <Parent>
            <Ref id="ITC43" xmlns="" />
          </Parent>
        </Code>
        <Code id="097038" urn="urn:sdmx:org.sdmx.infomodel.codelist.Code=IT1:CL_REFAREA(1.2).097038">
          <Name xml:lang="it" xmlns="http://www.sdmx.org/resources/sdmxml/schemas/v2_1/common">Garlate</Name>
          <Name xml:lang="en" xmlns="http://www.sdmx.org/resources/sdmxml/schemas/v2_1/common">Garlate</Name>
          <Parent>
            <Ref id="ITC43" xmlns="" />
          </Parent>
        </Code>
        <Code id="097039" urn="urn:sdmx:org.sdmx.infomodel.codelist.Code=IT1:CL_REFAREA(1.2).097039">
          <Name xml:lang="it" xmlns="http://www.sdmx.org/resources/sdmxml/schemas/v2_1/common">Imbersago</Name>
          <Name xml:lang="en" xmlns="http://www.sdmx.org/resources/sdmxml/schemas/v2_1/common">Imbersago</Name>
          <Parent>
            <Ref id="ITC43" xmlns="" />
          </Parent>
        </Code>
        <Code id="097040" urn="urn:sdmx:org.sdmx.infomodel.codelist.Code=IT1:CL_REFAREA(1.2).097040">
          <Name xml:lang="it" xmlns="http://www.sdmx.org/resources/sdmxml/schemas/v2_1/common">Introbio</Name>
          <Name xml:lang="en" xmlns="http://www.sdmx.org/resources/sdmxml/schemas/v2_1/common">Introbio</Name>
          <Parent>
            <Ref id="ITC43" xmlns="" />
          </Parent>
        </Code>
        <Code id="097041" urn="urn:sdmx:org.sdmx.infomodel.codelist.Code=IT1:CL_REFAREA(1.2).097041">
          <Name xml:lang="it" xmlns="http://www.sdmx.org/resources/sdmxml/schemas/v2_1/common">Introzzo</Name>
          <Name xml:lang="en" xmlns="http://www.sdmx.org/resources/sdmxml/schemas/v2_1/common">Introzzo</Name>
          <Parent>
            <Ref id="ITC43" xmlns="" />
          </Parent>
        </Code>
        <Code id="097042" urn="urn:sdmx:org.sdmx.infomodel.codelist.Code=IT1:CL_REFAREA(1.2).097042">
          <Name xml:lang="it" xmlns="http://www.sdmx.org/resources/sdmxml/schemas/v2_1/common">Lecco</Name>
          <Name xml:lang="en" xmlns="http://www.sdmx.org/resources/sdmxml/schemas/v2_1/common">Lecco</Name>
          <Parent>
            <Ref id="ITC43" xmlns="" />
          </Parent>
        </Code>
        <Code id="097043" urn="urn:sdmx:org.sdmx.infomodel.codelist.Code=IT1:CL_REFAREA(1.2).097043">
          <Name xml:lang="it" xmlns="http://www.sdmx.org/resources/sdmxml/schemas/v2_1/common">Lierna</Name>
          <Name xml:lang="en" xmlns="http://www.sdmx.org/resources/sdmxml/schemas/v2_1/common">Lierna</Name>
          <Parent>
            <Ref id="ITC43" xmlns="" />
          </Parent>
        </Code>
        <Code id="097044" urn="urn:sdmx:org.sdmx.infomodel.codelist.Code=IT1:CL_REFAREA(1.2).097044">
          <Name xml:lang="it" xmlns="http://www.sdmx.org/resources/sdmxml/schemas/v2_1/common">Lomagna</Name>
          <Name xml:lang="en" xmlns="http://www.sdmx.org/resources/sdmxml/schemas/v2_1/common">Lomagna</Name>
          <Parent>
            <Ref id="ITC43" xmlns="" />
          </Parent>
        </Code>
        <Code id="097045" urn="urn:sdmx:org.sdmx.infomodel.codelist.Code=IT1:CL_REFAREA(1.2).097045">
          <Name xml:lang="it" xmlns="http://www.sdmx.org/resources/sdmxml/schemas/v2_1/common">Malgrate</Name>
          <Name xml:lang="en" xmlns="http://www.sdmx.org/resources/sdmxml/schemas/v2_1/common">Malgrate</Name>
          <Parent>
            <Ref id="ITC43" xmlns="" />
          </Parent>
        </Code>
        <Code id="097046" urn="urn:sdmx:org.sdmx.infomodel.codelist.Code=IT1:CL_REFAREA(1.2).097046">
          <Name xml:lang="it" xmlns="http://www.sdmx.org/resources/sdmxml/schemas/v2_1/common">Mandello del Lario</Name>
          <Name xml:lang="en" xmlns="http://www.sdmx.org/resources/sdmxml/schemas/v2_1/common">Mandello del Lario</Name>
          <Parent>
            <Ref id="ITC43" xmlns="" />
          </Parent>
        </Code>
        <Code id="097047" urn="urn:sdmx:org.sdmx.infomodel.codelist.Code=IT1:CL_REFAREA(1.2).097047">
          <Name xml:lang="it" xmlns="http://www.sdmx.org/resources/sdmxml/schemas/v2_1/common">Margno</Name>
          <Name xml:lang="en" xmlns="http://www.sdmx.org/resources/sdmxml/schemas/v2_1/common">Margno</Name>
          <Parent>
            <Ref id="ITC43" xmlns="" />
          </Parent>
        </Code>
        <Code id="097048" urn="urn:sdmx:org.sdmx.infomodel.codelist.Code=IT1:CL_REFAREA(1.2).097048">
          <Name xml:lang="it" xmlns="http://www.sdmx.org/resources/sdmxml/schemas/v2_1/common">Merate</Name>
          <Name xml:lang="en" xmlns="http://www.sdmx.org/resources/sdmxml/schemas/v2_1/common">Merate</Name>
          <Parent>
            <Ref id="ITC43" xmlns="" />
          </Parent>
        </Code>
        <Code id="097049" urn="urn:sdmx:org.sdmx.infomodel.codelist.Code=IT1:CL_REFAREA(1.2).097049">
          <Name xml:lang="it" xmlns="http://www.sdmx.org/resources/sdmxml/schemas/v2_1/common">Missaglia</Name>
          <Name xml:lang="en" xmlns="http://www.sdmx.org/resources/sdmxml/schemas/v2_1/common">Missaglia</Name>
          <Parent>
            <Ref id="ITC43" xmlns="" />
          </Parent>
        </Code>
        <Code id="097050" urn="urn:sdmx:org.sdmx.infomodel.codelist.Code=IT1:CL_REFAREA(1.2).097050">
          <Name xml:lang="it" xmlns="http://www.sdmx.org/resources/sdmxml/schemas/v2_1/common">Moggio</Name>
          <Name xml:lang="en" xmlns="http://www.sdmx.org/resources/sdmxml/schemas/v2_1/common">Moggio</Name>
          <Parent>
            <Ref id="ITC43" xmlns="" />
          </Parent>
        </Code>
        <Code id="097051" urn="urn:sdmx:org.sdmx.infomodel.codelist.Code=IT1:CL_REFAREA(1.2).097051">
          <Name xml:lang="it" xmlns="http://www.sdmx.org/resources/sdmxml/schemas/v2_1/common">Molteno</Name>
          <Name xml:lang="en" xmlns="http://www.sdmx.org/resources/sdmxml/schemas/v2_1/common">Molteno</Name>
          <Parent>
            <Ref id="ITC43" xmlns="" />
          </Parent>
        </Code>
        <Code id="097052" urn="urn:sdmx:org.sdmx.infomodel.codelist.Code=IT1:CL_REFAREA(1.2).097052">
          <Name xml:lang="it" xmlns="http://www.sdmx.org/resources/sdmxml/schemas/v2_1/common">Monte Marenzo</Name>
          <Name xml:lang="en" xmlns="http://www.sdmx.org/resources/sdmxml/schemas/v2_1/common">Monte Marenzo</Name>
          <Parent>
            <Ref id="ITC43" xmlns="" />
          </Parent>
        </Code>
        <Code id="097053" urn="urn:sdmx:org.sdmx.infomodel.codelist.Code=IT1:CL_REFAREA(1.2).097053">
          <Name xml:lang="it" xmlns="http://www.sdmx.org/resources/sdmxml/schemas/v2_1/common">Montevecchia</Name>
          <Name xml:lang="en" xmlns="http://www.sdmx.org/resources/sdmxml/schemas/v2_1/common">Montevecchia</Name>
          <Parent>
            <Ref id="ITC43" xmlns="" />
          </Parent>
        </Code>
        <Code id="097054" urn="urn:sdmx:org.sdmx.infomodel.codelist.Code=IT1:CL_REFAREA(1.2).097054">
          <Name xml:lang="it" xmlns="http://www.sdmx.org/resources/sdmxml/schemas/v2_1/common">Monticello Brianza</Name>
          <Name xml:lang="en" xmlns="http://www.sdmx.org/resources/sdmxml/schemas/v2_1/common">Monticello Brianza</Name>
          <Parent>
            <Ref id="ITC43" xmlns="" />
          </Parent>
        </Code>
        <Code id="097055" urn="urn:sdmx:org.sdmx.infomodel.codelist.Code=IT1:CL_REFAREA(1.2).097055">
          <Name xml:lang="it" xmlns="http://www.sdmx.org/resources/sdmxml/schemas/v2_1/common">Morterone</Name>
          <Name xml:lang="en" xmlns="http://www.sdmx.org/resources/sdmxml/schemas/v2_1/common">Morterone</Name>
          <Parent>
            <Ref id="ITC43" xmlns="" />
          </Parent>
        </Code>
        <Code id="097056" urn="urn:sdmx:org.sdmx.infomodel.codelist.Code=IT1:CL_REFAREA(1.2).097056">
          <Name xml:lang="it" xmlns="http://www.sdmx.org/resources/sdmxml/schemas/v2_1/common">Nibionno</Name>
          <Name xml:lang="en" xmlns="http://www.sdmx.org/resources/sdmxml/schemas/v2_1/common">Nibionno</Name>
          <Parent>
            <Ref id="ITC43" xmlns="" />
          </Parent>
        </Code>
        <Code id="097057" urn="urn:sdmx:org.sdmx.infomodel.codelist.Code=IT1:CL_REFAREA(1.2).097057">
          <Name xml:lang="it" xmlns="http://www.sdmx.org/resources/sdmxml/schemas/v2_1/common">Oggiono</Name>
          <Name xml:lang="en" xmlns="http://www.sdmx.org/resources/sdmxml/schemas/v2_1/common">Oggiono</Name>
          <Parent>
            <Ref id="ITC43" xmlns="" />
          </Parent>
        </Code>
        <Code id="097058" urn="urn:sdmx:org.sdmx.infomodel.codelist.Code=IT1:CL_REFAREA(1.2).097058">
          <Name xml:lang="it" xmlns="http://www.sdmx.org/resources/sdmxml/schemas/v2_1/common">Olgiate Molgora</Name>
          <Name xml:lang="en" xmlns="http://www.sdmx.org/resources/sdmxml/schemas/v2_1/common">Olgiate Molgora</Name>
          <Parent>
            <Ref id="ITC43" xmlns="" />
          </Parent>
        </Code>
        <Code id="097059" urn="urn:sdmx:org.sdmx.infomodel.codelist.Code=IT1:CL_REFAREA(1.2).097059">
          <Name xml:lang="it" xmlns="http://www.sdmx.org/resources/sdmxml/schemas/v2_1/common">Olginate</Name>
          <Name xml:lang="en" xmlns="http://www.sdmx.org/resources/sdmxml/schemas/v2_1/common">Olginate</Name>
          <Parent>
            <Ref id="ITC43" xmlns="" />
          </Parent>
        </Code>
        <Code id="097060" urn="urn:sdmx:org.sdmx.infomodel.codelist.Code=IT1:CL_REFAREA(1.2).097060">
          <Name xml:lang="it" xmlns="http://www.sdmx.org/resources/sdmxml/schemas/v2_1/common">Oliveto Lario</Name>
          <Name xml:lang="en" xmlns="http://www.sdmx.org/resources/sdmxml/schemas/v2_1/common">Oliveto Lario</Name>
          <Parent>
            <Ref id="ITC43" xmlns="" />
          </Parent>
        </Code>
        <Code id="097061" urn="urn:sdmx:org.sdmx.infomodel.codelist.Code=IT1:CL_REFAREA(1.2).097061">
          <Name xml:lang="it" xmlns="http://www.sdmx.org/resources/sdmxml/schemas/v2_1/common">Osnago</Name>
          <Name xml:lang="en" xmlns="http://www.sdmx.org/resources/sdmxml/schemas/v2_1/common">Osnago</Name>
          <Parent>
            <Ref id="ITC43" xmlns="" />
          </Parent>
        </Code>
        <Code id="097062" urn="urn:sdmx:org.sdmx.infomodel.codelist.Code=IT1:CL_REFAREA(1.2).097062">
          <Name xml:lang="it" xmlns="http://www.sdmx.org/resources/sdmxml/schemas/v2_1/common">Paderno d'Adda</Name>
          <Name xml:lang="en" xmlns="http://www.sdmx.org/resources/sdmxml/schemas/v2_1/common">Paderno d'Adda</Name>
          <Parent>
            <Ref id="ITC43" xmlns="" />
          </Parent>
        </Code>
        <Code id="097063" urn="urn:sdmx:org.sdmx.infomodel.codelist.Code=IT1:CL_REFAREA(1.2).097063">
          <Name xml:lang="it" xmlns="http://www.sdmx.org/resources/sdmxml/schemas/v2_1/common">Pagnona</Name>
          <Name xml:lang="en" xmlns="http://www.sdmx.org/resources/sdmxml/schemas/v2_1/common">Pagnona</Name>
          <Parent>
            <Ref id="ITC43" xmlns="" />
          </Parent>
        </Code>
        <Code id="097064" urn="urn:sdmx:org.sdmx.infomodel.codelist.Code=IT1:CL_REFAREA(1.2).097064">
          <Name xml:lang="it" xmlns="http://www.sdmx.org/resources/sdmxml/schemas/v2_1/common">Parlasco</Name>
          <Name xml:lang="en" xmlns="http://www.sdmx.org/resources/sdmxml/schemas/v2_1/common">Parlasco</Name>
          <Parent>
            <Ref id="ITC43" xmlns="" />
          </Parent>
        </Code>
        <Code id="097065" urn="urn:sdmx:org.sdmx.infomodel.codelist.Code=IT1:CL_REFAREA(1.2).097065">
          <Name xml:lang="it" xmlns="http://www.sdmx.org/resources/sdmxml/schemas/v2_1/common">Pasturo</Name>
          <Name xml:lang="en" xmlns="http://www.sdmx.org/resources/sdmxml/schemas/v2_1/common">Pasturo</Name>
          <Parent>
            <Ref id="ITC43" xmlns="" />
          </Parent>
        </Code>
        <Code id="097066" urn="urn:sdmx:org.sdmx.infomodel.codelist.Code=IT1:CL_REFAREA(1.2).097066">
          <Name xml:lang="it" xmlns="http://www.sdmx.org/resources/sdmxml/schemas/v2_1/common">Perego</Name>
          <Name xml:lang="en" xmlns="http://www.sdmx.org/resources/sdmxml/schemas/v2_1/common">Perego</Name>
          <Parent>
            <Ref id="ITC43" xmlns="" />
          </Parent>
        </Code>
        <Code id="097067" urn="urn:sdmx:org.sdmx.infomodel.codelist.Code=IT1:CL_REFAREA(1.2).097067">
          <Name xml:lang="it" xmlns="http://www.sdmx.org/resources/sdmxml/schemas/v2_1/common">Perledo</Name>
          <Name xml:lang="en" xmlns="http://www.sdmx.org/resources/sdmxml/schemas/v2_1/common">Perledo</Name>
          <Parent>
            <Ref id="ITC43" xmlns="" />
          </Parent>
        </Code>
        <Code id="097068" urn="urn:sdmx:org.sdmx.infomodel.codelist.Code=IT1:CL_REFAREA(1.2).097068">
          <Name xml:lang="it" xmlns="http://www.sdmx.org/resources/sdmxml/schemas/v2_1/common">Pescate</Name>
          <Name xml:lang="en" xmlns="http://www.sdmx.org/resources/sdmxml/schemas/v2_1/common">Pescate</Name>
          <Parent>
            <Ref id="ITC43" xmlns="" />
          </Parent>
        </Code>
        <Code id="097069" urn="urn:sdmx:org.sdmx.infomodel.codelist.Code=IT1:CL_REFAREA(1.2).097069">
          <Name xml:lang="it" xmlns="http://www.sdmx.org/resources/sdmxml/schemas/v2_1/common">Premana</Name>
          <Name xml:lang="en" xmlns="http://www.sdmx.org/resources/sdmxml/schemas/v2_1/common">Premana</Name>
          <Parent>
            <Ref id="ITC43" xmlns="" />
          </Parent>
        </Code>
        <Code id="097070" urn="urn:sdmx:org.sdmx.infomodel.codelist.Code=IT1:CL_REFAREA(1.2).097070">
          <Name xml:lang="it" xmlns="http://www.sdmx.org/resources/sdmxml/schemas/v2_1/common">Primaluna</Name>
          <Name xml:lang="en" xmlns="http://www.sdmx.org/resources/sdmxml/schemas/v2_1/common">Primaluna</Name>
          <Parent>
            <Ref id="ITC43" xmlns="" />
          </Parent>
        </Code>
        <Code id="097071" urn="urn:sdmx:org.sdmx.infomodel.codelist.Code=IT1:CL_REFAREA(1.2).097071">
          <Name xml:lang="it" xmlns="http://www.sdmx.org/resources/sdmxml/schemas/v2_1/common">Robbiate</Name>
          <Name xml:lang="en" xmlns="http://www.sdmx.org/resources/sdmxml/schemas/v2_1/common">Robbiate</Name>
          <Parent>
            <Ref id="ITC43" xmlns="" />
          </Parent>
        </Code>
        <Code id="097072" urn="urn:sdmx:org.sdmx.infomodel.codelist.Code=IT1:CL_REFAREA(1.2).097072">
          <Name xml:lang="it" xmlns="http://www.sdmx.org/resources/sdmxml/schemas/v2_1/common">Rogeno</Name>
          <Name xml:lang="en" xmlns="http://www.sdmx.org/resources/sdmxml/schemas/v2_1/common">Rogeno</Name>
          <Parent>
            <Ref id="ITC43" xmlns="" />
          </Parent>
        </Code>
        <Code id="097073" urn="urn:sdmx:org.sdmx.infomodel.codelist.Code=IT1:CL_REFAREA(1.2).097073">
          <Name xml:lang="it" xmlns="http://www.sdmx.org/resources/sdmxml/schemas/v2_1/common">Rovagnate</Name>
          <Name xml:lang="en" xmlns="http://www.sdmx.org/resources/sdmxml/schemas/v2_1/common">Rovagnate</Name>
          <Parent>
            <Ref id="ITC43" xmlns="" />
          </Parent>
        </Code>
        <Code id="097074" urn="urn:sdmx:org.sdmx.infomodel.codelist.Code=IT1:CL_REFAREA(1.2).097074">
          <Name xml:lang="it" xmlns="http://www.sdmx.org/resources/sdmxml/schemas/v2_1/common">Santa Maria Hoè</Name>
          <Name xml:lang="en" xmlns="http://www.sdmx.org/resources/sdmxml/schemas/v2_1/common">Santa Maria Hoè</Name>
          <Parent>
            <Ref id="ITC43" xmlns="" />
          </Parent>
        </Code>
        <Code id="097075" urn="urn:sdmx:org.sdmx.infomodel.codelist.Code=IT1:CL_REFAREA(1.2).097075">
          <Name xml:lang="it" xmlns="http://www.sdmx.org/resources/sdmxml/schemas/v2_1/common">Sirone</Name>
          <Name xml:lang="en" xmlns="http://www.sdmx.org/resources/sdmxml/schemas/v2_1/common">Sirone</Name>
          <Parent>
            <Ref id="ITC43" xmlns="" />
          </Parent>
        </Code>
        <Code id="097076" urn="urn:sdmx:org.sdmx.infomodel.codelist.Code=IT1:CL_REFAREA(1.2).097076">
          <Name xml:lang="it" xmlns="http://www.sdmx.org/resources/sdmxml/schemas/v2_1/common">Sirtori</Name>
          <Name xml:lang="en" xmlns="http://www.sdmx.org/resources/sdmxml/schemas/v2_1/common">Sirtori</Name>
          <Parent>
            <Ref id="ITC43" xmlns="" />
          </Parent>
        </Code>
        <Code id="097077" urn="urn:sdmx:org.sdmx.infomodel.codelist.Code=IT1:CL_REFAREA(1.2).097077">
          <Name xml:lang="it" xmlns="http://www.sdmx.org/resources/sdmxml/schemas/v2_1/common">Sueglio</Name>
          <Name xml:lang="en" xmlns="http://www.sdmx.org/resources/sdmxml/schemas/v2_1/common">Sueglio</Name>
          <Parent>
            <Ref id="ITC43" xmlns="" />
          </Parent>
        </Code>
        <Code id="097078" urn="urn:sdmx:org.sdmx.infomodel.codelist.Code=IT1:CL_REFAREA(1.2).097078">
          <Name xml:lang="it" xmlns="http://www.sdmx.org/resources/sdmxml/schemas/v2_1/common">Suello</Name>
          <Name xml:lang="en" xmlns="http://www.sdmx.org/resources/sdmxml/schemas/v2_1/common">Suello</Name>
          <Parent>
            <Ref id="ITC43" xmlns="" />
          </Parent>
        </Code>
        <Code id="097079" urn="urn:sdmx:org.sdmx.infomodel.codelist.Code=IT1:CL_REFAREA(1.2).097079">
          <Name xml:lang="it" xmlns="http://www.sdmx.org/resources/sdmxml/schemas/v2_1/common">Taceno</Name>
          <Name xml:lang="en" xmlns="http://www.sdmx.org/resources/sdmxml/schemas/v2_1/common">Taceno</Name>
          <Parent>
            <Ref id="ITC43" xmlns="" />
          </Parent>
        </Code>
        <Code id="097080" urn="urn:sdmx:org.sdmx.infomodel.codelist.Code=IT1:CL_REFAREA(1.2).097080">
          <Name xml:lang="it" xmlns="http://www.sdmx.org/resources/sdmxml/schemas/v2_1/common">Torre de' Busi</Name>
          <Name xml:lang="en" xmlns="http://www.sdmx.org/resources/sdmxml/schemas/v2_1/common">Torre de' Busi</Name>
          <Parent>
            <Ref id="ITC43" xmlns="" />
          </Parent>
        </Code>
        <Code id="097081" urn="urn:sdmx:org.sdmx.infomodel.codelist.Code=IT1:CL_REFAREA(1.2).097081">
          <Name xml:lang="it" xmlns="http://www.sdmx.org/resources/sdmxml/schemas/v2_1/common">Tremenico</Name>
          <Name xml:lang="en" xmlns="http://www.sdmx.org/resources/sdmxml/schemas/v2_1/common">Tremenico</Name>
          <Parent>
            <Ref id="ITC43" xmlns="" />
          </Parent>
        </Code>
        <Code id="097082" urn="urn:sdmx:org.sdmx.infomodel.codelist.Code=IT1:CL_REFAREA(1.2).097082">
          <Name xml:lang="it" xmlns="http://www.sdmx.org/resources/sdmxml/schemas/v2_1/common">Valgreghentino</Name>
          <Name xml:lang="en" xmlns="http://www.sdmx.org/resources/sdmxml/schemas/v2_1/common">Valgreghentino</Name>
          <Parent>
            <Ref id="ITC43" xmlns="" />
          </Parent>
        </Code>
        <Code id="097083" urn="urn:sdmx:org.sdmx.infomodel.codelist.Code=IT1:CL_REFAREA(1.2).097083">
          <Name xml:lang="it" xmlns="http://www.sdmx.org/resources/sdmxml/schemas/v2_1/common">Valmadrera</Name>
          <Name xml:lang="en" xmlns="http://www.sdmx.org/resources/sdmxml/schemas/v2_1/common">Valmadrera</Name>
          <Parent>
            <Ref id="ITC43" xmlns="" />
          </Parent>
        </Code>
        <Code id="097084" urn="urn:sdmx:org.sdmx.infomodel.codelist.Code=IT1:CL_REFAREA(1.2).097084">
          <Name xml:lang="it" xmlns="http://www.sdmx.org/resources/sdmxml/schemas/v2_1/common">Varenna</Name>
          <Name xml:lang="en" xmlns="http://www.sdmx.org/resources/sdmxml/schemas/v2_1/common">Varenna</Name>
          <Parent>
            <Ref id="ITC43" xmlns="" />
          </Parent>
        </Code>
        <Code id="097085" urn="urn:sdmx:org.sdmx.infomodel.codelist.Code=IT1:CL_REFAREA(1.2).097085">
          <Name xml:lang="it" xmlns="http://www.sdmx.org/resources/sdmxml/schemas/v2_1/common">Vendrogno</Name>
          <Name xml:lang="en" xmlns="http://www.sdmx.org/resources/sdmxml/schemas/v2_1/common">Vendrogno</Name>
          <Parent>
            <Ref id="ITC43" xmlns="" />
          </Parent>
        </Code>
        <Code id="097086" urn="urn:sdmx:org.sdmx.infomodel.codelist.Code=IT1:CL_REFAREA(1.2).097086">
          <Name xml:lang="it" xmlns="http://www.sdmx.org/resources/sdmxml/schemas/v2_1/common">Vercurago</Name>
          <Name xml:lang="en" xmlns="http://www.sdmx.org/resources/sdmxml/schemas/v2_1/common">Vercurago</Name>
          <Parent>
            <Ref id="ITC43" xmlns="" />
          </Parent>
        </Code>
        <Code id="097087" urn="urn:sdmx:org.sdmx.infomodel.codelist.Code=IT1:CL_REFAREA(1.2).097087">
          <Name xml:lang="it" xmlns="http://www.sdmx.org/resources/sdmxml/schemas/v2_1/common">Verderio Inferiore</Name>
          <Name xml:lang="en" xmlns="http://www.sdmx.org/resources/sdmxml/schemas/v2_1/common">Verderio Inferiore</Name>
          <Parent>
            <Ref id="ITC43" xmlns="" />
          </Parent>
        </Code>
        <Code id="097088" urn="urn:sdmx:org.sdmx.infomodel.codelist.Code=IT1:CL_REFAREA(1.2).097088">
          <Name xml:lang="it" xmlns="http://www.sdmx.org/resources/sdmxml/schemas/v2_1/common">Verderio Superiore</Name>
          <Name xml:lang="en" xmlns="http://www.sdmx.org/resources/sdmxml/schemas/v2_1/common">Verderio Superiore</Name>
          <Parent>
            <Ref id="ITC43" xmlns="" />
          </Parent>
        </Code>
        <Code id="097089" urn="urn:sdmx:org.sdmx.infomodel.codelist.Code=IT1:CL_REFAREA(1.2).097089">
          <Name xml:lang="it" xmlns="http://www.sdmx.org/resources/sdmxml/schemas/v2_1/common">Vestreno</Name>
          <Name xml:lang="en" xmlns="http://www.sdmx.org/resources/sdmxml/schemas/v2_1/common">Vestreno</Name>
          <Parent>
            <Ref id="ITC43" xmlns="" />
          </Parent>
        </Code>
        <Code id="097090" urn="urn:sdmx:org.sdmx.infomodel.codelist.Code=IT1:CL_REFAREA(1.2).097090">
          <Name xml:lang="it" xmlns="http://www.sdmx.org/resources/sdmxml/schemas/v2_1/common">Viganò</Name>
          <Name xml:lang="en" xmlns="http://www.sdmx.org/resources/sdmxml/schemas/v2_1/common">Viganò</Name>
          <Parent>
            <Ref id="ITC43" xmlns="" />
          </Parent>
        </Code>
        <Code id="098001" urn="urn:sdmx:org.sdmx.infomodel.codelist.Code=IT1:CL_REFAREA(1.2).098001">
          <Name xml:lang="it" xmlns="http://www.sdmx.org/resources/sdmxml/schemas/v2_1/common">Abbadia Cerreto</Name>
          <Name xml:lang="en" xmlns="http://www.sdmx.org/resources/sdmxml/schemas/v2_1/common">Abbadia Cerreto</Name>
          <Parent>
            <Ref id="ITC49" xmlns="" />
          </Parent>
        </Code>
        <Code id="098002" urn="urn:sdmx:org.sdmx.infomodel.codelist.Code=IT1:CL_REFAREA(1.2).098002">
          <Name xml:lang="it" xmlns="http://www.sdmx.org/resources/sdmxml/schemas/v2_1/common">Bertonico</Name>
          <Name xml:lang="en" xmlns="http://www.sdmx.org/resources/sdmxml/schemas/v2_1/common">Bertonico</Name>
          <Parent>
            <Ref id="ITC49" xmlns="" />
          </Parent>
        </Code>
        <Code id="098003" urn="urn:sdmx:org.sdmx.infomodel.codelist.Code=IT1:CL_REFAREA(1.2).098003">
          <Name xml:lang="it" xmlns="http://www.sdmx.org/resources/sdmxml/schemas/v2_1/common">Boffalora d'Adda</Name>
          <Name xml:lang="en" xmlns="http://www.sdmx.org/resources/sdmxml/schemas/v2_1/common">Boffalora d'Adda</Name>
          <Parent>
            <Ref id="ITC49" xmlns="" />
          </Parent>
        </Code>
        <Code id="098004" urn="urn:sdmx:org.sdmx.infomodel.codelist.Code=IT1:CL_REFAREA(1.2).098004">
          <Name xml:lang="it" xmlns="http://www.sdmx.org/resources/sdmxml/schemas/v2_1/common">Borghetto Lodigiano</Name>
          <Name xml:lang="en" xmlns="http://www.sdmx.org/resources/sdmxml/schemas/v2_1/common">Borghetto Lodigiano</Name>
          <Parent>
            <Ref id="ITC49" xmlns="" />
          </Parent>
        </Code>
        <Code id="098005" urn="urn:sdmx:org.sdmx.infomodel.codelist.Code=IT1:CL_REFAREA(1.2).098005">
          <Name xml:lang="it" xmlns="http://www.sdmx.org/resources/sdmxml/schemas/v2_1/common">Borgo San Giovanni</Name>
          <Name xml:lang="en" xmlns="http://www.sdmx.org/resources/sdmxml/schemas/v2_1/common">Borgo San Giovanni</Name>
          <Parent>
            <Ref id="ITC49" xmlns="" />
          </Parent>
        </Code>
        <Code id="098006" urn="urn:sdmx:org.sdmx.infomodel.codelist.Code=IT1:CL_REFAREA(1.2).098006">
          <Name xml:lang="it" xmlns="http://www.sdmx.org/resources/sdmxml/schemas/v2_1/common">Brembio</Name>
          <Name xml:lang="en" xmlns="http://www.sdmx.org/resources/sdmxml/schemas/v2_1/common">Brembio</Name>
          <Parent>
            <Ref id="ITC49" xmlns="" />
          </Parent>
        </Code>
        <Code id="098007" urn="urn:sdmx:org.sdmx.infomodel.codelist.Code=IT1:CL_REFAREA(1.2).098007">
          <Name xml:lang="it" xmlns="http://www.sdmx.org/resources/sdmxml/schemas/v2_1/common">Camairago</Name>
          <Name xml:lang="en" xmlns="http://www.sdmx.org/resources/sdmxml/schemas/v2_1/common">Camairago</Name>
          <Parent>
            <Ref id="ITC49" xmlns="" />
          </Parent>
        </Code>
        <Code id="098008" urn="urn:sdmx:org.sdmx.infomodel.codelist.Code=IT1:CL_REFAREA(1.2).098008">
          <Name xml:lang="it" xmlns="http://www.sdmx.org/resources/sdmxml/schemas/v2_1/common">Casaletto Lodigiano</Name>
          <Name xml:lang="en" xmlns="http://www.sdmx.org/resources/sdmxml/schemas/v2_1/common">Casaletto Lodigiano</Name>
          <Parent>
            <Ref id="ITC49" xmlns="" />
          </Parent>
        </Code>
        <Code id="098009" urn="urn:sdmx:org.sdmx.infomodel.codelist.Code=IT1:CL_REFAREA(1.2).098009">
          <Name xml:lang="it" xmlns="http://www.sdmx.org/resources/sdmxml/schemas/v2_1/common">Casalmaiocco</Name>
          <Name xml:lang="en" xmlns="http://www.sdmx.org/resources/sdmxml/schemas/v2_1/common">Casalmaiocco</Name>
          <Parent>
            <Ref id="ITC49" xmlns="" />
          </Parent>
        </Code>
        <Code id="098010" urn="urn:sdmx:org.sdmx.infomodel.codelist.Code=IT1:CL_REFAREA(1.2).098010">
          <Name xml:lang="it" xmlns="http://www.sdmx.org/resources/sdmxml/schemas/v2_1/common">Casalpusterlengo</Name>
          <Name xml:lang="en" xmlns="http://www.sdmx.org/resources/sdmxml/schemas/v2_1/common">Casalpusterlengo</Name>
          <Parent>
            <Ref id="ITC49" xmlns="" />
          </Parent>
        </Code>
        <Code id="098011" urn="urn:sdmx:org.sdmx.infomodel.codelist.Code=IT1:CL_REFAREA(1.2).098011">
          <Name xml:lang="it" xmlns="http://www.sdmx.org/resources/sdmxml/schemas/v2_1/common">Caselle Landi</Name>
          <Name xml:lang="en" xmlns="http://www.sdmx.org/resources/sdmxml/schemas/v2_1/common">Caselle Landi</Name>
          <Parent>
            <Ref id="ITC49" xmlns="" />
          </Parent>
        </Code>
        <Code id="098012" urn="urn:sdmx:org.sdmx.infomodel.codelist.Code=IT1:CL_REFAREA(1.2).098012">
          <Name xml:lang="it" xmlns="http://www.sdmx.org/resources/sdmxml/schemas/v2_1/common">Caselle Lurani</Name>
          <Name xml:lang="en" xmlns="http://www.sdmx.org/resources/sdmxml/schemas/v2_1/common">Caselle Lurani</Name>
          <Parent>
            <Ref id="ITC49" xmlns="" />
          </Parent>
        </Code>
        <Code id="098013" urn="urn:sdmx:org.sdmx.infomodel.codelist.Code=IT1:CL_REFAREA(1.2).098013">
          <Name xml:lang="it" xmlns="http://www.sdmx.org/resources/sdmxml/schemas/v2_1/common">Castelnuovo Bocca d'Adda</Name>
          <Name xml:lang="en" xmlns="http://www.sdmx.org/resources/sdmxml/schemas/v2_1/common">Castelnuovo Bocca d'Adda</Name>
          <Parent>
            <Ref id="ITC49" xmlns="" />
          </Parent>
        </Code>
        <Code id="098014" urn="urn:sdmx:org.sdmx.infomodel.codelist.Code=IT1:CL_REFAREA(1.2).098014">
          <Name xml:lang="it" xmlns="http://www.sdmx.org/resources/sdmxml/schemas/v2_1/common">Castiglione d'Adda</Name>
          <Name xml:lang="en" xmlns="http://www.sdmx.org/resources/sdmxml/schemas/v2_1/common">Castiglione d'Adda</Name>
          <Parent>
            <Ref id="ITC49" xmlns="" />
          </Parent>
        </Code>
        <Code id="098015" urn="urn:sdmx:org.sdmx.infomodel.codelist.Code=IT1:CL_REFAREA(1.2).098015">
          <Name xml:lang="it" xmlns="http://www.sdmx.org/resources/sdmxml/schemas/v2_1/common">Castiraga Vidardo</Name>
          <Name xml:lang="en" xmlns="http://www.sdmx.org/resources/sdmxml/schemas/v2_1/common">Castiraga Vidardo</Name>
          <Parent>
            <Ref id="ITC49" xmlns="" />
          </Parent>
        </Code>
        <Code id="098016" urn="urn:sdmx:org.sdmx.infomodel.codelist.Code=IT1:CL_REFAREA(1.2).098016">
          <Name xml:lang="it" xmlns="http://www.sdmx.org/resources/sdmxml/schemas/v2_1/common">Cavacurta</Name>
          <Name xml:lang="en" xmlns="http://www.sdmx.org/resources/sdmxml/schemas/v2_1/common">Cavacurta</Name>
          <Parent>
            <Ref id="ITC49" xmlns="" />
          </Parent>
        </Code>
        <Code id="098017" urn="urn:sdmx:org.sdmx.infomodel.codelist.Code=IT1:CL_REFAREA(1.2).098017">
          <Name xml:lang="it" xmlns="http://www.sdmx.org/resources/sdmxml/schemas/v2_1/common">Cavenago d'Adda</Name>
          <Name xml:lang="en" xmlns="http://www.sdmx.org/resources/sdmxml/schemas/v2_1/common">Cavenago d'Adda</Name>
          <Parent>
            <Ref id="ITC49" xmlns="" />
          </Parent>
        </Code>
        <Code id="098018" urn="urn:sdmx:org.sdmx.infomodel.codelist.Code=IT1:CL_REFAREA(1.2).098018">
          <Name xml:lang="it" xmlns="http://www.sdmx.org/resources/sdmxml/schemas/v2_1/common">Cervignano d'Adda</Name>
          <Name xml:lang="en" xmlns="http://www.sdmx.org/resources/sdmxml/schemas/v2_1/common">Cervignano d'Adda</Name>
          <Parent>
            <Ref id="ITC49" xmlns="" />
          </Parent>
        </Code>
        <Code id="098019" urn="urn:sdmx:org.sdmx.infomodel.codelist.Code=IT1:CL_REFAREA(1.2).098019">
          <Name xml:lang="it" xmlns="http://www.sdmx.org/resources/sdmxml/schemas/v2_1/common">Codogno</Name>
          <Name xml:lang="en" xmlns="http://www.sdmx.org/resources/sdmxml/schemas/v2_1/common">Codogno</Name>
          <Parent>
            <Ref id="ITC49" xmlns="" />
          </Parent>
        </Code>
        <Code id="098020" urn="urn:sdmx:org.sdmx.infomodel.codelist.Code=IT1:CL_REFAREA(1.2).098020">
          <Name xml:lang="it" xmlns="http://www.sdmx.org/resources/sdmxml/schemas/v2_1/common">Comazzo</Name>
          <Name xml:lang="en" xmlns="http://www.sdmx.org/resources/sdmxml/schemas/v2_1/common">Comazzo</Name>
          <Parent>
            <Ref id="ITC49" xmlns="" />
          </Parent>
        </Code>
        <Code id="098021" urn="urn:sdmx:org.sdmx.infomodel.codelist.Code=IT1:CL_REFAREA(1.2).098021">
          <Name xml:lang="it" xmlns="http://www.sdmx.org/resources/sdmxml/schemas/v2_1/common">Cornegliano Laudense</Name>
          <Name xml:lang="en" xmlns="http://www.sdmx.org/resources/sdmxml/schemas/v2_1/common">Cornegliano Laudense</Name>
          <Parent>
            <Ref id="ITC49" xmlns="" />
          </Parent>
        </Code>
        <Code id="098022" urn="urn:sdmx:org.sdmx.infomodel.codelist.Code=IT1:CL_REFAREA(1.2).098022">
          <Name xml:lang="it" xmlns="http://www.sdmx.org/resources/sdmxml/schemas/v2_1/common">Corno Giovine</Name>
          <Name xml:lang="en" xmlns="http://www.sdmx.org/resources/sdmxml/schemas/v2_1/common">Corno Giovine</Name>
          <Parent>
            <Ref id="ITC49" xmlns="" />
          </Parent>
        </Code>
        <Code id="098023" urn="urn:sdmx:org.sdmx.infomodel.codelist.Code=IT1:CL_REFAREA(1.2).098023">
          <Name xml:lang="it" xmlns="http://www.sdmx.org/resources/sdmxml/schemas/v2_1/common">Cornovecchio</Name>
          <Name xml:lang="en" xmlns="http://www.sdmx.org/resources/sdmxml/schemas/v2_1/common">Cornovecchio</Name>
          <Parent>
            <Ref id="ITC49" xmlns="" />
          </Parent>
        </Code>
        <Code id="098024" urn="urn:sdmx:org.sdmx.infomodel.codelist.Code=IT1:CL_REFAREA(1.2).098024">
          <Name xml:lang="it" xmlns="http://www.sdmx.org/resources/sdmxml/schemas/v2_1/common">Corte Palasio</Name>
          <Name xml:lang="en" xmlns="http://www.sdmx.org/resources/sdmxml/schemas/v2_1/common">Corte Palasio</Name>
          <Parent>
            <Ref id="ITC49" xmlns="" />
          </Parent>
        </Code>
        <Code id="098025" urn="urn:sdmx:org.sdmx.infomodel.codelist.Code=IT1:CL_REFAREA(1.2).098025">
          <Name xml:lang="it" xmlns="http://www.sdmx.org/resources/sdmxml/schemas/v2_1/common">Crespiatica</Name>
          <Name xml:lang="en" xmlns="http://www.sdmx.org/resources/sdmxml/schemas/v2_1/common">Crespiatica</Name>
          <Parent>
            <Ref id="ITC49" xmlns="" />
          </Parent>
        </Code>
        <Code id="098026" urn="urn:sdmx:org.sdmx.infomodel.codelist.Code=IT1:CL_REFAREA(1.2).098026">
          <Name xml:lang="it" xmlns="http://www.sdmx.org/resources/sdmxml/schemas/v2_1/common">Fombio</Name>
          <Name xml:lang="en" xmlns="http://www.sdmx.org/resources/sdmxml/schemas/v2_1/common">Fombio</Name>
          <Parent>
            <Ref id="ITC49" xmlns="" />
          </Parent>
        </Code>
        <Code id="098027" urn="urn:sdmx:org.sdmx.infomodel.codelist.Code=IT1:CL_REFAREA(1.2).098027">
          <Name xml:lang="it" xmlns="http://www.sdmx.org/resources/sdmxml/schemas/v2_1/common">Galgagnano</Name>
          <Name xml:lang="en" xmlns="http://www.sdmx.org/resources/sdmxml/schemas/v2_1/common">Galgagnano</Name>
          <Parent>
            <Ref id="ITC49" xmlns="" />
          </Parent>
        </Code>
        <Code id="098028" urn="urn:sdmx:org.sdmx.infomodel.codelist.Code=IT1:CL_REFAREA(1.2).098028">
          <Name xml:lang="it" xmlns="http://www.sdmx.org/resources/sdmxml/schemas/v2_1/common">Graffignana</Name>
          <Name xml:lang="en" xmlns="http://www.sdmx.org/resources/sdmxml/schemas/v2_1/common">Graffignana</Name>
          <Parent>
            <Ref id="ITC49" xmlns="" />
          </Parent>
        </Code>
        <Code id="098029" urn="urn:sdmx:org.sdmx.infomodel.codelist.Code=IT1:CL_REFAREA(1.2).098029">
          <Name xml:lang="it" xmlns="http://www.sdmx.org/resources/sdmxml/schemas/v2_1/common">Guardamiglio</Name>
          <Name xml:lang="en" xmlns="http://www.sdmx.org/resources/sdmxml/schemas/v2_1/common">Guardamiglio</Name>
          <Parent>
            <Ref id="ITC49" xmlns="" />
          </Parent>
        </Code>
        <Code id="098030" urn="urn:sdmx:org.sdmx.infomodel.codelist.Code=IT1:CL_REFAREA(1.2).098030">
          <Name xml:lang="it" xmlns="http://www.sdmx.org/resources/sdmxml/schemas/v2_1/common">Livraga</Name>
          <Name xml:lang="en" xmlns="http://www.sdmx.org/resources/sdmxml/schemas/v2_1/common">Livraga</Name>
          <Parent>
            <Ref id="ITC49" xmlns="" />
          </Parent>
        </Code>
        <Code id="098031" urn="urn:sdmx:org.sdmx.infomodel.codelist.Code=IT1:CL_REFAREA(1.2).098031">
          <Name xml:lang="it" xmlns="http://www.sdmx.org/resources/sdmxml/schemas/v2_1/common">Lodi</Name>
          <Name xml:lang="en" xmlns="http://www.sdmx.org/resources/sdmxml/schemas/v2_1/common">Lodi</Name>
          <Parent>
            <Ref id="ITC49" xmlns="" />
          </Parent>
        </Code>
        <Code id="098032" urn="urn:sdmx:org.sdmx.infomodel.codelist.Code=IT1:CL_REFAREA(1.2).098032">
          <Name xml:lang="it" xmlns="http://www.sdmx.org/resources/sdmxml/schemas/v2_1/common">Lodi Vecchio</Name>
          <Name xml:lang="en" xmlns="http://www.sdmx.org/resources/sdmxml/schemas/v2_1/common">Lodi Vecchio</Name>
          <Parent>
            <Ref id="ITC49" xmlns="" />
          </Parent>
        </Code>
        <Code id="098033" urn="urn:sdmx:org.sdmx.infomodel.codelist.Code=IT1:CL_REFAREA(1.2).098033">
          <Name xml:lang="it" xmlns="http://www.sdmx.org/resources/sdmxml/schemas/v2_1/common">Maccastorna</Name>
          <Name xml:lang="en" xmlns="http://www.sdmx.org/resources/sdmxml/schemas/v2_1/common">Maccastorna</Name>
          <Parent>
            <Ref id="ITC49" xmlns="" />
          </Parent>
        </Code>
        <Code id="098034" urn="urn:sdmx:org.sdmx.infomodel.codelist.Code=IT1:CL_REFAREA(1.2).098034">
          <Name xml:lang="it" xmlns="http://www.sdmx.org/resources/sdmxml/schemas/v2_1/common">Mairago</Name>
          <Name xml:lang="en" xmlns="http://www.sdmx.org/resources/sdmxml/schemas/v2_1/common">Mairago</Name>
          <Parent>
            <Ref id="ITC49" xmlns="" />
          </Parent>
        </Code>
        <Code id="098035" urn="urn:sdmx:org.sdmx.infomodel.codelist.Code=IT1:CL_REFAREA(1.2).098035">
          <Name xml:lang="it" xmlns="http://www.sdmx.org/resources/sdmxml/schemas/v2_1/common">Maleo</Name>
          <Name xml:lang="en" xmlns="http://www.sdmx.org/resources/sdmxml/schemas/v2_1/common">Maleo</Name>
          <Parent>
            <Ref id="ITC49" xmlns="" />
          </Parent>
        </Code>
        <Code id="098036" urn="urn:sdmx:org.sdmx.infomodel.codelist.Code=IT1:CL_REFAREA(1.2).098036">
          <Name xml:lang="it" xmlns="http://www.sdmx.org/resources/sdmxml/schemas/v2_1/common">Marudo</Name>
          <Name xml:lang="en" xmlns="http://www.sdmx.org/resources/sdmxml/schemas/v2_1/common">Marudo</Name>
          <Parent>
            <Ref id="ITC49" xmlns="" />
          </Parent>
        </Code>
        <Code id="098037" urn="urn:sdmx:org.sdmx.infomodel.codelist.Code=IT1:CL_REFAREA(1.2).098037">
          <Name xml:lang="it" xmlns="http://www.sdmx.org/resources/sdmxml/schemas/v2_1/common">Massalengo</Name>
          <Name xml:lang="en" xmlns="http://www.sdmx.org/resources/sdmxml/schemas/v2_1/common">Massalengo</Name>
          <Parent>
            <Ref id="ITC49" xmlns="" />
          </Parent>
        </Code>
        <Code id="098038" urn="urn:sdmx:org.sdmx.infomodel.codelist.Code=IT1:CL_REFAREA(1.2).098038">
          <Name xml:lang="it" xmlns="http://www.sdmx.org/resources/sdmxml/schemas/v2_1/common">Meleti</Name>
          <Name xml:lang="en" xmlns="http://www.sdmx.org/resources/sdmxml/schemas/v2_1/common">Meleti</Name>
          <Parent>
            <Ref id="ITC49" xmlns="" />
          </Parent>
        </Code>
        <Code id="098039" urn="urn:sdmx:org.sdmx.infomodel.codelist.Code=IT1:CL_REFAREA(1.2).098039">
          <Name xml:lang="it" xmlns="http://www.sdmx.org/resources/sdmxml/schemas/v2_1/common">Merlino</Name>
          <Name xml:lang="en" xmlns="http://www.sdmx.org/resources/sdmxml/schemas/v2_1/common">Merlino</Name>
          <Parent>
            <Ref id="ITC49" xmlns="" />
          </Parent>
        </Code>
        <Code id="098040" urn="urn:sdmx:org.sdmx.infomodel.codelist.Code=IT1:CL_REFAREA(1.2).098040">
          <Name xml:lang="it" xmlns="http://www.sdmx.org/resources/sdmxml/schemas/v2_1/common">Montanaso Lombardo</Name>
          <Name xml:lang="en" xmlns="http://www.sdmx.org/resources/sdmxml/schemas/v2_1/common">Montanaso Lombardo</Name>
          <Parent>
            <Ref id="ITC49" xmlns="" />
          </Parent>
        </Code>
        <Code id="098041" urn="urn:sdmx:org.sdmx.infomodel.codelist.Code=IT1:CL_REFAREA(1.2).098041">
          <Name xml:lang="it" xmlns="http://www.sdmx.org/resources/sdmxml/schemas/v2_1/common">Mulazzano</Name>
          <Name xml:lang="en" xmlns="http://www.sdmx.org/resources/sdmxml/schemas/v2_1/common">Mulazzano</Name>
          <Parent>
            <Ref id="ITC49" xmlns="" />
          </Parent>
        </Code>
        <Code id="098042" urn="urn:sdmx:org.sdmx.infomodel.codelist.Code=IT1:CL_REFAREA(1.2).098042">
          <Name xml:lang="it" xmlns="http://www.sdmx.org/resources/sdmxml/schemas/v2_1/common">Orio Litta</Name>
          <Name xml:lang="en" xmlns="http://www.sdmx.org/resources/sdmxml/schemas/v2_1/common">Orio Litta</Name>
          <Parent>
            <Ref id="ITC49" xmlns="" />
          </Parent>
        </Code>
        <Code id="098043" urn="urn:sdmx:org.sdmx.infomodel.codelist.Code=IT1:CL_REFAREA(1.2).098043">
          <Name xml:lang="it" xmlns="http://www.sdmx.org/resources/sdmxml/schemas/v2_1/common">Ospedaletto Lodigiano</Name>
          <Name xml:lang="en" xmlns="http://www.sdmx.org/resources/sdmxml/schemas/v2_1/common">Ospedaletto Lodigiano</Name>
          <Parent>
            <Ref id="ITC49" xmlns="" />
          </Parent>
        </Code>
        <Code id="098044" urn="urn:sdmx:org.sdmx.infomodel.codelist.Code=IT1:CL_REFAREA(1.2).098044">
          <Name xml:lang="it" xmlns="http://www.sdmx.org/resources/sdmxml/schemas/v2_1/common">Ossago Lodigiano</Name>
          <Name xml:lang="en" xmlns="http://www.sdmx.org/resources/sdmxml/schemas/v2_1/common">Ossago Lodigiano</Name>
          <Parent>
            <Ref id="ITC49" xmlns="" />
          </Parent>
        </Code>
        <Code id="098045" urn="urn:sdmx:org.sdmx.infomodel.codelist.Code=IT1:CL_REFAREA(1.2).098045">
          <Name xml:lang="it" xmlns="http://www.sdmx.org/resources/sdmxml/schemas/v2_1/common">Pieve Fissiraga</Name>
          <Name xml:lang="en" xmlns="http://www.sdmx.org/resources/sdmxml/schemas/v2_1/common">Pieve Fissiraga</Name>
          <Parent>
            <Ref id="ITC49" xmlns="" />
          </Parent>
        </Code>
        <Code id="098046" urn="urn:sdmx:org.sdmx.infomodel.codelist.Code=IT1:CL_REFAREA(1.2).098046">
          <Name xml:lang="it" xmlns="http://www.sdmx.org/resources/sdmxml/schemas/v2_1/common">Salerano sul Lambro</Name>
          <Name xml:lang="en" xmlns="http://www.sdmx.org/resources/sdmxml/schemas/v2_1/common">Salerano sul Lambro</Name>
          <Parent>
            <Ref id="ITC49" xmlns="" />
          </Parent>
        </Code>
        <Code id="098047" urn="urn:sdmx:org.sdmx.infomodel.codelist.Code=IT1:CL_REFAREA(1.2).098047">
          <Name xml:lang="it" xmlns="http://www.sdmx.org/resources/sdmxml/schemas/v2_1/common">San Fiorano</Name>
          <Name xml:lang="en" xmlns="http://www.sdmx.org/resources/sdmxml/schemas/v2_1/common">San Fiorano</Name>
          <Parent>
            <Ref id="ITC49" xmlns="" />
          </Parent>
        </Code>
        <Code id="098048" urn="urn:sdmx:org.sdmx.infomodel.codelist.Code=IT1:CL_REFAREA(1.2).098048">
          <Name xml:lang="it" xmlns="http://www.sdmx.org/resources/sdmxml/schemas/v2_1/common">San Martino in Strada</Name>
          <Name xml:lang="en" xmlns="http://www.sdmx.org/resources/sdmxml/schemas/v2_1/common">San Martino in Strada</Name>
          <Parent>
            <Ref id="ITC49" xmlns="" />
          </Parent>
        </Code>
        <Code id="098049" urn="urn:sdmx:org.sdmx.infomodel.codelist.Code=IT1:CL_REFAREA(1.2).098049">
          <Name xml:lang="it" xmlns="http://www.sdmx.org/resources/sdmxml/schemas/v2_1/common">San Rocco al Porto</Name>
          <Name xml:lang="en" xmlns="http://www.sdmx.org/resources/sdmxml/schemas/v2_1/common">San Rocco al Porto</Name>
          <Parent>
            <Ref id="ITC49" xmlns="" />
          </Parent>
        </Code>
        <Code id="098050" urn="urn:sdmx:org.sdmx.infomodel.codelist.Code=IT1:CL_REFAREA(1.2).098050">
          <Name xml:lang="it" xmlns="http://www.sdmx.org/resources/sdmxml/schemas/v2_1/common">Sant'Angelo Lodigiano</Name>
          <Name xml:lang="en" xmlns="http://www.sdmx.org/resources/sdmxml/schemas/v2_1/common">Sant'Angelo Lodigiano</Name>
          <Parent>
            <Ref id="ITC49" xmlns="" />
          </Parent>
        </Code>
        <Code id="098051" urn="urn:sdmx:org.sdmx.infomodel.codelist.Code=IT1:CL_REFAREA(1.2).098051">
          <Name xml:lang="it" xmlns="http://www.sdmx.org/resources/sdmxml/schemas/v2_1/common">Santo Stefano Lodigiano</Name>
          <Name xml:lang="en" xmlns="http://www.sdmx.org/resources/sdmxml/schemas/v2_1/common">Santo Stefano Lodigiano</Name>
          <Parent>
            <Ref id="ITC49" xmlns="" />
          </Parent>
        </Code>
        <Code id="098052" urn="urn:sdmx:org.sdmx.infomodel.codelist.Code=IT1:CL_REFAREA(1.2).098052">
          <Name xml:lang="it" xmlns="http://www.sdmx.org/resources/sdmxml/schemas/v2_1/common">Secugnago</Name>
          <Name xml:lang="en" xmlns="http://www.sdmx.org/resources/sdmxml/schemas/v2_1/common">Secugnago</Name>
          <Parent>
            <Ref id="ITC49" xmlns="" />
          </Parent>
        </Code>
        <Code id="098053" urn="urn:sdmx:org.sdmx.infomodel.codelist.Code=IT1:CL_REFAREA(1.2).098053">
          <Name xml:lang="it" xmlns="http://www.sdmx.org/resources/sdmxml/schemas/v2_1/common">Senna Lodigiana</Name>
          <Name xml:lang="en" xmlns="http://www.sdmx.org/resources/sdmxml/schemas/v2_1/common">Senna Lodigiana</Name>
          <Parent>
            <Ref id="ITC49" xmlns="" />
          </Parent>
        </Code>
        <Code id="098054" urn="urn:sdmx:org.sdmx.infomodel.codelist.Code=IT1:CL_REFAREA(1.2).098054">
          <Name xml:lang="it" xmlns="http://www.sdmx.org/resources/sdmxml/schemas/v2_1/common">Somaglia</Name>
          <Name xml:lang="en" xmlns="http://www.sdmx.org/resources/sdmxml/schemas/v2_1/common">Somaglia</Name>
          <Parent>
            <Ref id="ITC49" xmlns="" />
          </Parent>
        </Code>
        <Code id="098055" urn="urn:sdmx:org.sdmx.infomodel.codelist.Code=IT1:CL_REFAREA(1.2).098055">
          <Name xml:lang="it" xmlns="http://www.sdmx.org/resources/sdmxml/schemas/v2_1/common">Sordio</Name>
          <Name xml:lang="en" xmlns="http://www.sdmx.org/resources/sdmxml/schemas/v2_1/common">Sordio</Name>
          <Parent>
            <Ref id="ITC49" xmlns="" />
          </Parent>
        </Code>
        <Code id="098056" urn="urn:sdmx:org.sdmx.infomodel.codelist.Code=IT1:CL_REFAREA(1.2).098056">
          <Name xml:lang="it" xmlns="http://www.sdmx.org/resources/sdmxml/schemas/v2_1/common">Tavazzano con Villavesco</Name>
          <Name xml:lang="en" xmlns="http://www.sdmx.org/resources/sdmxml/schemas/v2_1/common">Tavazzano con Villavesco</Name>
          <Parent>
            <Ref id="ITC49" xmlns="" />
          </Parent>
        </Code>
        <Code id="098057" urn="urn:sdmx:org.sdmx.infomodel.codelist.Code=IT1:CL_REFAREA(1.2).098057">
          <Name xml:lang="it" xmlns="http://www.sdmx.org/resources/sdmxml/schemas/v2_1/common">Terranova dei Passerini</Name>
          <Name xml:lang="en" xmlns="http://www.sdmx.org/resources/sdmxml/schemas/v2_1/common">Terranova dei Passerini</Name>
          <Parent>
            <Ref id="ITC49" xmlns="" />
          </Parent>
        </Code>
        <Code id="098058" urn="urn:sdmx:org.sdmx.infomodel.codelist.Code=IT1:CL_REFAREA(1.2).098058">
          <Name xml:lang="it" xmlns="http://www.sdmx.org/resources/sdmxml/schemas/v2_1/common">Turano Lodigiano</Name>
          <Name xml:lang="en" xmlns="http://www.sdmx.org/resources/sdmxml/schemas/v2_1/common">Turano Lodigiano</Name>
          <Parent>
            <Ref id="ITC49" xmlns="" />
          </Parent>
        </Code>
        <Code id="098059" urn="urn:sdmx:org.sdmx.infomodel.codelist.Code=IT1:CL_REFAREA(1.2).098059">
          <Name xml:lang="it" xmlns="http://www.sdmx.org/resources/sdmxml/schemas/v2_1/common">Valera Fratta</Name>
          <Name xml:lang="en" xmlns="http://www.sdmx.org/resources/sdmxml/schemas/v2_1/common">Valera Fratta</Name>
          <Parent>
            <Ref id="ITC49" xmlns="" />
          </Parent>
        </Code>
        <Code id="098060" urn="urn:sdmx:org.sdmx.infomodel.codelist.Code=IT1:CL_REFAREA(1.2).098060">
          <Name xml:lang="it" xmlns="http://www.sdmx.org/resources/sdmxml/schemas/v2_1/common">Villanova del Sillaro</Name>
          <Name xml:lang="en" xmlns="http://www.sdmx.org/resources/sdmxml/schemas/v2_1/common">Villanova del Sillaro</Name>
          <Parent>
            <Ref id="ITC49" xmlns="" />
          </Parent>
        </Code>
        <Code id="098061" urn="urn:sdmx:org.sdmx.infomodel.codelist.Code=IT1:CL_REFAREA(1.2).098061">
          <Name xml:lang="it" xmlns="http://www.sdmx.org/resources/sdmxml/schemas/v2_1/common">Zelo Buon Persico</Name>
          <Name xml:lang="en" xmlns="http://www.sdmx.org/resources/sdmxml/schemas/v2_1/common">Zelo Buon Persico</Name>
          <Parent>
            <Ref id="ITC49" xmlns="" />
          </Parent>
        </Code>
        <Code id="099001" urn="urn:sdmx:org.sdmx.infomodel.codelist.Code=IT1:CL_REFAREA(1.2).099001">
          <Name xml:lang="it" xmlns="http://www.sdmx.org/resources/sdmxml/schemas/v2_1/common">Bellaria-Igea Marina</Name>
          <Name xml:lang="en" xmlns="http://www.sdmx.org/resources/sdmxml/schemas/v2_1/common">Bellaria-Igea Marina</Name>
          <Parent>
            <Ref id="ITD59" xmlns="" />
          </Parent>
        </Code>
        <Code id="099002" urn="urn:sdmx:org.sdmx.infomodel.codelist.Code=IT1:CL_REFAREA(1.2).099002">
          <Name xml:lang="it" xmlns="http://www.sdmx.org/resources/sdmxml/schemas/v2_1/common">Cattolica</Name>
          <Name xml:lang="en" xmlns="http://www.sdmx.org/resources/sdmxml/schemas/v2_1/common">Cattolica</Name>
          <Parent>
            <Ref id="ITD59" xmlns="" />
          </Parent>
        </Code>
        <Code id="099003" urn="urn:sdmx:org.sdmx.infomodel.codelist.Code=IT1:CL_REFAREA(1.2).099003">
          <Name xml:lang="it" xmlns="http://www.sdmx.org/resources/sdmxml/schemas/v2_1/common">Coriano</Name>
          <Name xml:lang="en" xmlns="http://www.sdmx.org/resources/sdmxml/schemas/v2_1/common">Coriano</Name>
          <Parent>
            <Ref id="ITD59" xmlns="" />
          </Parent>
        </Code>
        <Code id="099004" urn="urn:sdmx:org.sdmx.infomodel.codelist.Code=IT1:CL_REFAREA(1.2).099004">
          <Name xml:lang="it" xmlns="http://www.sdmx.org/resources/sdmxml/schemas/v2_1/common">Gemmano</Name>
          <Name xml:lang="en" xmlns="http://www.sdmx.org/resources/sdmxml/schemas/v2_1/common">Gemmano</Name>
          <Parent>
            <Ref id="ITD59" xmlns="" />
          </Parent>
        </Code>
        <Code id="099005" urn="urn:sdmx:org.sdmx.infomodel.codelist.Code=IT1:CL_REFAREA(1.2).099005">
          <Name xml:lang="it" xmlns="http://www.sdmx.org/resources/sdmxml/schemas/v2_1/common">Misano Adriatico</Name>
          <Name xml:lang="en" xmlns="http://www.sdmx.org/resources/sdmxml/schemas/v2_1/common">Misano Adriatico</Name>
          <Parent>
            <Ref id="ITD59" xmlns="" />
          </Parent>
        </Code>
        <Code id="099006" urn="urn:sdmx:org.sdmx.infomodel.codelist.Code=IT1:CL_REFAREA(1.2).099006">
          <Name xml:lang="it" xmlns="http://www.sdmx.org/resources/sdmxml/schemas/v2_1/common">Mondaino</Name>
          <Name xml:lang="en" xmlns="http://www.sdmx.org/resources/sdmxml/schemas/v2_1/common">Mondaino</Name>
          <Parent>
            <Ref id="ITD59" xmlns="" />
          </Parent>
        </Code>
        <Code id="099007" urn="urn:sdmx:org.sdmx.infomodel.codelist.Code=IT1:CL_REFAREA(1.2).099007">
          <Name xml:lang="it" xmlns="http://www.sdmx.org/resources/sdmxml/schemas/v2_1/common">Monte Colombo</Name>
          <Name xml:lang="en" xmlns="http://www.sdmx.org/resources/sdmxml/schemas/v2_1/common">Monte Colombo</Name>
          <Parent>
            <Ref id="ITD59" xmlns="" />
          </Parent>
        </Code>
        <Code id="099008" urn="urn:sdmx:org.sdmx.infomodel.codelist.Code=IT1:CL_REFAREA(1.2).099008">
          <Name xml:lang="it" xmlns="http://www.sdmx.org/resources/sdmxml/schemas/v2_1/common">Montefiore Conca</Name>
          <Name xml:lang="en" xmlns="http://www.sdmx.org/resources/sdmxml/schemas/v2_1/common">Montefiore Conca</Name>
          <Parent>
            <Ref id="ITD59" xmlns="" />
          </Parent>
        </Code>
        <Code id="099009" urn="urn:sdmx:org.sdmx.infomodel.codelist.Code=IT1:CL_REFAREA(1.2).099009">
          <Name xml:lang="it" xmlns="http://www.sdmx.org/resources/sdmxml/schemas/v2_1/common">Montegridolfo</Name>
          <Name xml:lang="en" xmlns="http://www.sdmx.org/resources/sdmxml/schemas/v2_1/common">Montegridolfo</Name>
          <Parent>
            <Ref id="ITD59" xmlns="" />
          </Parent>
        </Code>
        <Code id="099010" urn="urn:sdmx:org.sdmx.infomodel.codelist.Code=IT1:CL_REFAREA(1.2).099010">
          <Name xml:lang="it" xmlns="http://www.sdmx.org/resources/sdmxml/schemas/v2_1/common">Montescudo</Name>
          <Name xml:lang="en" xmlns="http://www.sdmx.org/resources/sdmxml/schemas/v2_1/common">Montescudo</Name>
          <Parent>
            <Ref id="ITD59" xmlns="" />
          </Parent>
        </Code>
        <Code id="099011" urn="urn:sdmx:org.sdmx.infomodel.codelist.Code=IT1:CL_REFAREA(1.2).099011">
          <Name xml:lang="it" xmlns="http://www.sdmx.org/resources/sdmxml/schemas/v2_1/common">Morciano di Romagna</Name>
          <Name xml:lang="en" xmlns="http://www.sdmx.org/resources/sdmxml/schemas/v2_1/common">Morciano di Romagna</Name>
          <Parent>
            <Ref id="ITD59" xmlns="" />
          </Parent>
        </Code>
        <Code id="099012" urn="urn:sdmx:org.sdmx.infomodel.codelist.Code=IT1:CL_REFAREA(1.2).099012">
          <Name xml:lang="it" xmlns="http://www.sdmx.org/resources/sdmxml/schemas/v2_1/common">Poggio Berni</Name>
          <Name xml:lang="en" xmlns="http://www.sdmx.org/resources/sdmxml/schemas/v2_1/common">Poggio Berni</Name>
          <Parent>
            <Ref id="ITD59" xmlns="" />
          </Parent>
        </Code>
        <Code id="099013" urn="urn:sdmx:org.sdmx.infomodel.codelist.Code=IT1:CL_REFAREA(1.2).099013">
          <Name xml:lang="it" xmlns="http://www.sdmx.org/resources/sdmxml/schemas/v2_1/common">Riccione</Name>
          <Name xml:lang="en" xmlns="http://www.sdmx.org/resources/sdmxml/schemas/v2_1/common">Riccione</Name>
          <Parent>
            <Ref id="ITD59" xmlns="" />
          </Parent>
        </Code>
        <Code id="099014" urn="urn:sdmx:org.sdmx.infomodel.codelist.Code=IT1:CL_REFAREA(1.2).099014">
          <Name xml:lang="it" xmlns="http://www.sdmx.org/resources/sdmxml/schemas/v2_1/common">Rimini</Name>
          <Name xml:lang="en" xmlns="http://www.sdmx.org/resources/sdmxml/schemas/v2_1/common">Rimini</Name>
          <Parent>
            <Ref id="ITD59" xmlns="" />
          </Parent>
        </Code>
        <Code id="099015" urn="urn:sdmx:org.sdmx.infomodel.codelist.Code=IT1:CL_REFAREA(1.2).099015">
          <Name xml:lang="it" xmlns="http://www.sdmx.org/resources/sdmxml/schemas/v2_1/common">Saludecio</Name>
          <Name xml:lang="en" xmlns="http://www.sdmx.org/resources/sdmxml/schemas/v2_1/common">Saludecio</Name>
          <Parent>
            <Ref id="ITD59" xmlns="" />
          </Parent>
        </Code>
        <Code id="099016" urn="urn:sdmx:org.sdmx.infomodel.codelist.Code=IT1:CL_REFAREA(1.2).099016">
          <Name xml:lang="it" xmlns="http://www.sdmx.org/resources/sdmxml/schemas/v2_1/common">San Clemente</Name>
          <Name xml:lang="en" xmlns="http://www.sdmx.org/resources/sdmxml/schemas/v2_1/common">San Clemente</Name>
          <Parent>
            <Ref id="ITD59" xmlns="" />
          </Parent>
        </Code>
        <Code id="099017" urn="urn:sdmx:org.sdmx.infomodel.codelist.Code=IT1:CL_REFAREA(1.2).099017">
          <Name xml:lang="it" xmlns="http://www.sdmx.org/resources/sdmxml/schemas/v2_1/common">San Giovanni in Marignano</Name>
          <Name xml:lang="en" xmlns="http://www.sdmx.org/resources/sdmxml/schemas/v2_1/common">San Giovanni in Marignano</Name>
          <Parent>
            <Ref id="ITD59" xmlns="" />
          </Parent>
        </Code>
        <Code id="099018" urn="urn:sdmx:org.sdmx.infomodel.codelist.Code=IT1:CL_REFAREA(1.2).099018">
          <Name xml:lang="it" xmlns="http://www.sdmx.org/resources/sdmxml/schemas/v2_1/common">Santarcangelo di Romagna</Name>
          <Name xml:lang="en" xmlns="http://www.sdmx.org/resources/sdmxml/schemas/v2_1/common">Santarcangelo di Romagna</Name>
          <Parent>
            <Ref id="ITD59" xmlns="" />
          </Parent>
        </Code>
        <Code id="099019" urn="urn:sdmx:org.sdmx.infomodel.codelist.Code=IT1:CL_REFAREA(1.2).099019">
          <Name xml:lang="it" xmlns="http://www.sdmx.org/resources/sdmxml/schemas/v2_1/common">Torriana</Name>
          <Name xml:lang="en" xmlns="http://www.sdmx.org/resources/sdmxml/schemas/v2_1/common">Torriana</Name>
          <Parent>
            <Ref id="ITD59" xmlns="" />
          </Parent>
        </Code>
        <Code id="099020" urn="urn:sdmx:org.sdmx.infomodel.codelist.Code=IT1:CL_REFAREA(1.2).099020">
          <Name xml:lang="it" xmlns="http://www.sdmx.org/resources/sdmxml/schemas/v2_1/common">Verucchio</Name>
          <Name xml:lang="en" xmlns="http://www.sdmx.org/resources/sdmxml/schemas/v2_1/common">Verucchio</Name>
          <Parent>
            <Ref id="ITD59" xmlns="" />
          </Parent>
        </Code>
        <Code id="099021" urn="urn:sdmx:org.sdmx.infomodel.codelist.Code=IT1:CL_REFAREA(1.2).099021">
          <Name xml:lang="it" xmlns="http://www.sdmx.org/resources/sdmxml/schemas/v2_1/common">Casteldelci</Name>
          <Name xml:lang="en" xmlns="http://www.sdmx.org/resources/sdmxml/schemas/v2_1/common">Casteldelci</Name>
          <Parent>
            <Ref id="ITD59" xmlns="" />
          </Parent>
        </Code>
        <Code id="099022" urn="urn:sdmx:org.sdmx.infomodel.codelist.Code=IT1:CL_REFAREA(1.2).099022">
          <Name xml:lang="it" xmlns="http://www.sdmx.org/resources/sdmxml/schemas/v2_1/common">Maiolo</Name>
          <Name xml:lang="en" xmlns="http://www.sdmx.org/resources/sdmxml/schemas/v2_1/common">Maiolo</Name>
          <Parent>
            <Ref id="ITD59" xmlns="" />
          </Parent>
        </Code>
        <Code id="099023" urn="urn:sdmx:org.sdmx.infomodel.codelist.Code=IT1:CL_REFAREA(1.2).099023">
          <Name xml:lang="it" xmlns="http://www.sdmx.org/resources/sdmxml/schemas/v2_1/common">Novafeltria</Name>
          <Name xml:lang="en" xmlns="http://www.sdmx.org/resources/sdmxml/schemas/v2_1/common">Novafeltria</Name>
          <Parent>
            <Ref id="ITD59" xmlns="" />
          </Parent>
        </Code>
        <Code id="099024" urn="urn:sdmx:org.sdmx.infomodel.codelist.Code=IT1:CL_REFAREA(1.2).099024">
          <Name xml:lang="it" xmlns="http://www.sdmx.org/resources/sdmxml/schemas/v2_1/common">Pennabilli</Name>
          <Name xml:lang="en" xmlns="http://www.sdmx.org/resources/sdmxml/schemas/v2_1/common">Pennabilli</Name>
          <Parent>
            <Ref id="ITD59" xmlns="" />
          </Parent>
        </Code>
        <Code id="099025" urn="urn:sdmx:org.sdmx.infomodel.codelist.Code=IT1:CL_REFAREA(1.2).099025">
          <Name xml:lang="it" xmlns="http://www.sdmx.org/resources/sdmxml/schemas/v2_1/common">San Leo</Name>
          <Name xml:lang="en" xmlns="http://www.sdmx.org/resources/sdmxml/schemas/v2_1/common">San Leo</Name>
          <Parent>
            <Ref id="ITD59" xmlns="" />
          </Parent>
        </Code>
        <Code id="099026" urn="urn:sdmx:org.sdmx.infomodel.codelist.Code=IT1:CL_REFAREA(1.2).099026">
          <Name xml:lang="it" xmlns="http://www.sdmx.org/resources/sdmxml/schemas/v2_1/common">Sant'Agata Feltria</Name>
          <Name xml:lang="en" xmlns="http://www.sdmx.org/resources/sdmxml/schemas/v2_1/common">Sant'Agata Feltria</Name>
          <Parent>
            <Ref id="ITD59" xmlns="" />
          </Parent>
        </Code>
        <Code id="099027" urn="urn:sdmx:org.sdmx.infomodel.codelist.Code=IT1:CL_REFAREA(1.2).099027">
          <Name xml:lang="it" xmlns="http://www.sdmx.org/resources/sdmxml/schemas/v2_1/common">Talamello</Name>
          <Name xml:lang="en" xmlns="http://www.sdmx.org/resources/sdmxml/schemas/v2_1/common">Talamello</Name>
          <Parent>
            <Ref id="ITD59" xmlns="" />
          </Parent>
        </Code>
        <Code id="1" urn="urn:sdmx:org.sdmx.infomodel.codelist.Code=IT1:CL_REFAREA(1.2).1">
          <Name xml:lang="it" xmlns="http://www.sdmx.org/resources/sdmxml/schemas/v2_1/common">area metropolitana</Name>
          <Name xml:lang="en" xmlns="http://www.sdmx.org/resources/sdmxml/schemas/v2_1/common">metropolitan area</Name>
          <Parent>
            <Ref id="IT" xmlns="" />
          </Parent>
        </Code>
        <Code id="100001" urn="urn:sdmx:org.sdmx.infomodel.codelist.Code=IT1:CL_REFAREA(1.2).100001">
          <Name xml:lang="it" xmlns="http://www.sdmx.org/resources/sdmxml/schemas/v2_1/common">Cantagallo</Name>
          <Name xml:lang="en" xmlns="http://www.sdmx.org/resources/sdmxml/schemas/v2_1/common">Cantagallo</Name>
          <Parent>
            <Ref id="ITE15" xmlns="" />
          </Parent>
        </Code>
        <Code id="100002" urn="urn:sdmx:org.sdmx.infomodel.codelist.Code=IT1:CL_REFAREA(1.2).100002">
          <Name xml:lang="it" xmlns="http://www.sdmx.org/resources/sdmxml/schemas/v2_1/common">Carmignano</Name>
          <Name xml:lang="en" xmlns="http://www.sdmx.org/resources/sdmxml/schemas/v2_1/common">Carmignano</Name>
          <Parent>
            <Ref id="ITE15" xmlns="" />
          </Parent>
        </Code>
        <Code id="100003" urn="urn:sdmx:org.sdmx.infomodel.codelist.Code=IT1:CL_REFAREA(1.2).100003">
          <Name xml:lang="it" xmlns="http://www.sdmx.org/resources/sdmxml/schemas/v2_1/common">Montemurlo</Name>
          <Name xml:lang="en" xmlns="http://www.sdmx.org/resources/sdmxml/schemas/v2_1/common">Montemurlo</Name>
          <Parent>
            <Ref id="ITE15" xmlns="" />
          </Parent>
        </Code>
        <Code id="100004" urn="urn:sdmx:org.sdmx.infomodel.codelist.Code=IT1:CL_REFAREA(1.2).100004">
          <Name xml:lang="it" xmlns="http://www.sdmx.org/resources/sdmxml/schemas/v2_1/common">Poggio a Caiano</Name>
          <Name xml:lang="en" xmlns="http://www.sdmx.org/resources/sdmxml/schemas/v2_1/common">Poggio a Caiano</Name>
          <Parent>
            <Ref id="ITE15" xmlns="" />
          </Parent>
        </Code>
        <Code id="100005" urn="urn:sdmx:org.sdmx.infomodel.codelist.Code=IT1:CL_REFAREA(1.2).100005">
          <Name xml:lang="it" xmlns="http://www.sdmx.org/resources/sdmxml/schemas/v2_1/common">Prato</Name>
          <Name xml:lang="en" xmlns="http://www.sdmx.org/resources/sdmxml/schemas/v2_1/common">Prato</Name>
          <Parent>
            <Ref id="ITE15" xmlns="" />
          </Parent>
        </Code>
        <Code id="100006" urn="urn:sdmx:org.sdmx.infomodel.codelist.Code=IT1:CL_REFAREA(1.2).100006">
          <Name xml:lang="it" xmlns="http://www.sdmx.org/resources/sdmxml/schemas/v2_1/common">Vaiano</Name>
          <Name xml:lang="en" xmlns="http://www.sdmx.org/resources/sdmxml/schemas/v2_1/common">Vaiano</Name>
          <Parent>
            <Ref id="ITE15" xmlns="" />
          </Parent>
        </Code>
        <Code id="100007" urn="urn:sdmx:org.sdmx.infomodel.codelist.Code=IT1:CL_REFAREA(1.2).100007">
          <Name xml:lang="it" xmlns="http://www.sdmx.org/resources/sdmxml/schemas/v2_1/common">Vernio</Name>
          <Name xml:lang="en" xmlns="http://www.sdmx.org/resources/sdmxml/schemas/v2_1/common">Vernio</Name>
          <Parent>
            <Ref id="ITE15" xmlns="" />
          </Parent>
        </Code>
        <Code id="101001" urn="urn:sdmx:org.sdmx.infomodel.codelist.Code=IT1:CL_REFAREA(1.2).101001">
          <Name xml:lang="it" xmlns="http://www.sdmx.org/resources/sdmxml/schemas/v2_1/common">Belvedere di Spinello</Name>
          <Name xml:lang="en" xmlns="http://www.sdmx.org/resources/sdmxml/schemas/v2_1/common">Belvedere di Spinello</Name>
          <Parent>
            <Ref id="ITF62" xmlns="" />
          </Parent>
        </Code>
        <Code id="101002" urn="urn:sdmx:org.sdmx.infomodel.codelist.Code=IT1:CL_REFAREA(1.2).101002">
          <Name xml:lang="it" xmlns="http://www.sdmx.org/resources/sdmxml/schemas/v2_1/common">Caccuri</Name>
          <Name xml:lang="en" xmlns="http://www.sdmx.org/resources/sdmxml/schemas/v2_1/common">Caccuri</Name>
          <Parent>
            <Ref id="ITF62" xmlns="" />
          </Parent>
        </Code>
        <Code id="101003" urn="urn:sdmx:org.sdmx.infomodel.codelist.Code=IT1:CL_REFAREA(1.2).101003">
          <Name xml:lang="it" xmlns="http://www.sdmx.org/resources/sdmxml/schemas/v2_1/common">Carfizzi</Name>
          <Name xml:lang="en" xmlns="http://www.sdmx.org/resources/sdmxml/schemas/v2_1/common">Carfizzi</Name>
          <Parent>
            <Ref id="ITF62" xmlns="" />
          </Parent>
        </Code>
        <Code id="101004" urn="urn:sdmx:org.sdmx.infomodel.codelist.Code=IT1:CL_REFAREA(1.2).101004">
          <Name xml:lang="it" xmlns="http://www.sdmx.org/resources/sdmxml/schemas/v2_1/common">Casabona</Name>
          <Name xml:lang="en" xmlns="http://www.sdmx.org/resources/sdmxml/schemas/v2_1/common">Casabona</Name>
          <Parent>
            <Ref id="ITF62" xmlns="" />
          </Parent>
        </Code>
        <Code id="101005" urn="urn:sdmx:org.sdmx.infomodel.codelist.Code=IT1:CL_REFAREA(1.2).101005">
          <Name xml:lang="it" xmlns="http://www.sdmx.org/resources/sdmxml/schemas/v2_1/common">Castelsilano</Name>
          <Name xml:lang="en" xmlns="http://www.sdmx.org/resources/sdmxml/schemas/v2_1/common">Castelsilano</Name>
          <Parent>
            <Ref id="ITF62" xmlns="" />
          </Parent>
        </Code>
        <Code id="101006" urn="urn:sdmx:org.sdmx.infomodel.codelist.Code=IT1:CL_REFAREA(1.2).101006">
          <Name xml:lang="it" xmlns="http://www.sdmx.org/resources/sdmxml/schemas/v2_1/common">Cerenzia</Name>
          <Name xml:lang="en" xmlns="http://www.sdmx.org/resources/sdmxml/schemas/v2_1/common">Cerenzia</Name>
          <Parent>
            <Ref id="ITF62" xmlns="" />
          </Parent>
        </Code>
        <Code id="101007" urn="urn:sdmx:org.sdmx.infomodel.codelist.Code=IT1:CL_REFAREA(1.2).101007">
          <Name xml:lang="it" xmlns="http://www.sdmx.org/resources/sdmxml/schemas/v2_1/common">Cirò</Name>
          <Name xml:lang="en" xmlns="http://www.sdmx.org/resources/sdmxml/schemas/v2_1/common">Cirò</Name>
          <Parent>
            <Ref id="ITF62" xmlns="" />
          </Parent>
        </Code>
        <Code id="101008" urn="urn:sdmx:org.sdmx.infomodel.codelist.Code=IT1:CL_REFAREA(1.2).101008">
          <Name xml:lang="it" xmlns="http://www.sdmx.org/resources/sdmxml/schemas/v2_1/common">Cirò Marina</Name>
          <Name xml:lang="en" xmlns="http://www.sdmx.org/resources/sdmxml/schemas/v2_1/common">Cirò Marina</Name>
          <Parent>
            <Ref id="ITF62" xmlns="" />
          </Parent>
        </Code>
        <Code id="101009" urn="urn:sdmx:org.sdmx.infomodel.codelist.Code=IT1:CL_REFAREA(1.2).101009">
          <Name xml:lang="it" xmlns="http://www.sdmx.org/resources/sdmxml/schemas/v2_1/common">Cotronei</Name>
          <Name xml:lang="en" xmlns="http://www.sdmx.org/resources/sdmxml/schemas/v2_1/common">Cotronei</Name>
          <Parent>
            <Ref id="ITF62" xmlns="" />
          </Parent>
        </Code>
        <Code id="101010" urn="urn:sdmx:org.sdmx.infomodel.codelist.Code=IT1:CL_REFAREA(1.2).101010">
          <Name xml:lang="it" xmlns="http://www.sdmx.org/resources/sdmxml/schemas/v2_1/common">Crotone</Name>
          <Name xml:lang="en" xmlns="http://www.sdmx.org/resources/sdmxml/schemas/v2_1/common">Crotone</Name>
          <Parent>
            <Ref id="ITF62" xmlns="" />
          </Parent>
        </Code>
        <Code id="101011" urn="urn:sdmx:org.sdmx.infomodel.codelist.Code=IT1:CL_REFAREA(1.2).101011">
          <Name xml:lang="it" xmlns="http://www.sdmx.org/resources/sdmxml/schemas/v2_1/common">Crucoli</Name>
          <Name xml:lang="en" xmlns="http://www.sdmx.org/resources/sdmxml/schemas/v2_1/common">Crucoli</Name>
          <Parent>
            <Ref id="ITF62" xmlns="" />
          </Parent>
        </Code>
        <Code id="101012" urn="urn:sdmx:org.sdmx.infomodel.codelist.Code=IT1:CL_REFAREA(1.2).101012">
          <Name xml:lang="it" xmlns="http://www.sdmx.org/resources/sdmxml/schemas/v2_1/common">Cutro</Name>
          <Name xml:lang="en" xmlns="http://www.sdmx.org/resources/sdmxml/schemas/v2_1/common">Cutro</Name>
          <Parent>
            <Ref id="ITF62" xmlns="" />
          </Parent>
        </Code>
        <Code id="101013" urn="urn:sdmx:org.sdmx.infomodel.codelist.Code=IT1:CL_REFAREA(1.2).101013">
          <Name xml:lang="it" xmlns="http://www.sdmx.org/resources/sdmxml/schemas/v2_1/common">Isola di Capo Rizzuto</Name>
          <Name xml:lang="en" xmlns="http://www.sdmx.org/resources/sdmxml/schemas/v2_1/common">Isola di Capo Rizzuto</Name>
          <Parent>
            <Ref id="ITF62" xmlns="" />
          </Parent>
        </Code>
        <Code id="101014" urn="urn:sdmx:org.sdmx.infomodel.codelist.Code=IT1:CL_REFAREA(1.2).101014">
          <Name xml:lang="it" xmlns="http://www.sdmx.org/resources/sdmxml/schemas/v2_1/common">Melissa</Name>
          <Name xml:lang="en" xmlns="http://www.sdmx.org/resources/sdmxml/schemas/v2_1/common">Melissa</Name>
          <Parent>
            <Ref id="ITF62" xmlns="" />
          </Parent>
        </Code>
        <Code id="101015" urn="urn:sdmx:org.sdmx.infomodel.codelist.Code=IT1:CL_REFAREA(1.2).101015">
          <Name xml:lang="it" xmlns="http://www.sdmx.org/resources/sdmxml/schemas/v2_1/common">Mesoraca</Name>
          <Name xml:lang="en" xmlns="http://www.sdmx.org/resources/sdmxml/schemas/v2_1/common">Mesoraca</Name>
          <Parent>
            <Ref id="ITF62" xmlns="" />
          </Parent>
        </Code>
        <Code id="101016" urn="urn:sdmx:org.sdmx.infomodel.codelist.Code=IT1:CL_REFAREA(1.2).101016">
          <Name xml:lang="it" xmlns="http://www.sdmx.org/resources/sdmxml/schemas/v2_1/common">Pallagorio</Name>
          <Name xml:lang="en" xmlns="http://www.sdmx.org/resources/sdmxml/schemas/v2_1/common">Pallagorio</Name>
          <Parent>
            <Ref id="ITF62" xmlns="" />
          </Parent>
        </Code>
        <Code id="101017" urn="urn:sdmx:org.sdmx.infomodel.codelist.Code=IT1:CL_REFAREA(1.2).101017">
          <Name xml:lang="it" xmlns="http://www.sdmx.org/resources/sdmxml/schemas/v2_1/common">Petilia Policastro</Name>
          <Name xml:lang="en" xmlns="http://www.sdmx.org/resources/sdmxml/schemas/v2_1/common">Petilia Policastro</Name>
          <Parent>
            <Ref id="ITF62" xmlns="" />
          </Parent>
        </Code>
        <Code id="101018" urn="urn:sdmx:org.sdmx.infomodel.codelist.Code=IT1:CL_REFAREA(1.2).101018">
          <Name xml:lang="it" xmlns="http://www.sdmx.org/resources/sdmxml/schemas/v2_1/common">Roccabernarda</Name>
          <Name xml:lang="en" xmlns="http://www.sdmx.org/resources/sdmxml/schemas/v2_1/common">Roccabernarda</Name>
          <Parent>
            <Ref id="ITF62" xmlns="" />
          </Parent>
        </Code>
        <Code id="101019" urn="urn:sdmx:org.sdmx.infomodel.codelist.Code=IT1:CL_REFAREA(1.2).101019">
          <Name xml:lang="it" xmlns="http://www.sdmx.org/resources/sdmxml/schemas/v2_1/common">Rocca di Neto</Name>
          <Name xml:lang="en" xmlns="http://www.sdmx.org/resources/sdmxml/schemas/v2_1/common">Rocca di Neto</Name>
          <Parent>
            <Ref id="ITF62" xmlns="" />
          </Parent>
        </Code>
        <Code id="101020" urn="urn:sdmx:org.sdmx.infomodel.codelist.Code=IT1:CL_REFAREA(1.2).101020">
          <Name xml:lang="it" xmlns="http://www.sdmx.org/resources/sdmxml/schemas/v2_1/common">San Mauro Marchesato</Name>
          <Name xml:lang="en" xmlns="http://www.sdmx.org/resources/sdmxml/schemas/v2_1/common">San Mauro Marchesato</Name>
          <Parent>
            <Ref id="ITF62" xmlns="" />
          </Parent>
        </Code>
        <Code id="101021" urn="urn:sdmx:org.sdmx.infomodel.codelist.Code=IT1:CL_REFAREA(1.2).101021">
          <Name xml:lang="it" xmlns="http://www.sdmx.org/resources/sdmxml/schemas/v2_1/common">San Nicola dell'Alto</Name>
          <Name xml:lang="en" xmlns="http://www.sdmx.org/resources/sdmxml/schemas/v2_1/common">San Nicola dell'Alto</Name>
          <Parent>
            <Ref id="ITF62" xmlns="" />
          </Parent>
        </Code>
        <Code id="101022" urn="urn:sdmx:org.sdmx.infomodel.codelist.Code=IT1:CL_REFAREA(1.2).101022">
          <Name xml:lang="it" xmlns="http://www.sdmx.org/resources/sdmxml/schemas/v2_1/common">Santa Severina</Name>
          <Name xml:lang="en" xmlns="http://www.sdmx.org/resources/sdmxml/schemas/v2_1/common">Santa Severina</Name>
          <Parent>
            <Ref id="ITF62" xmlns="" />
          </Parent>
        </Code>
        <Code id="101023" urn="urn:sdmx:org.sdmx.infomodel.codelist.Code=IT1:CL_REFAREA(1.2).101023">
          <Name xml:lang="it" xmlns="http://www.sdmx.org/resources/sdmxml/schemas/v2_1/common">Savelli</Name>
          <Name xml:lang="en" xmlns="http://www.sdmx.org/resources/sdmxml/schemas/v2_1/common">Savelli</Name>
          <Parent>
            <Ref id="ITF62" xmlns="" />
          </Parent>
        </Code>
        <Code id="101024" urn="urn:sdmx:org.sdmx.infomodel.codelist.Code=IT1:CL_REFAREA(1.2).101024">
          <Name xml:lang="it" xmlns="http://www.sdmx.org/resources/sdmxml/schemas/v2_1/common">Scandale</Name>
          <Name xml:lang="en" xmlns="http://www.sdmx.org/resources/sdmxml/schemas/v2_1/common">Scandale</Name>
          <Parent>
            <Ref id="ITF62" xmlns="" />
          </Parent>
        </Code>
        <Code id="101025" urn="urn:sdmx:org.sdmx.infomodel.codelist.Code=IT1:CL_REFAREA(1.2).101025">
          <Name xml:lang="it" xmlns="http://www.sdmx.org/resources/sdmxml/schemas/v2_1/common">Strongoli</Name>
          <Name xml:lang="en" xmlns="http://www.sdmx.org/resources/sdmxml/schemas/v2_1/common">Strongoli</Name>
          <Parent>
            <Ref id="ITF62" xmlns="" />
          </Parent>
        </Code>
        <Code id="101026" urn="urn:sdmx:org.sdmx.infomodel.codelist.Code=IT1:CL_REFAREA(1.2).101026">
          <Name xml:lang="it" xmlns="http://www.sdmx.org/resources/sdmxml/schemas/v2_1/common">Umbriatico</Name>
          <Name xml:lang="en" xmlns="http://www.sdmx.org/resources/sdmxml/schemas/v2_1/common">Umbriatico</Name>
          <Parent>
            <Ref id="ITF62" xmlns="" />
          </Parent>
        </Code>
        <Code id="101027" urn="urn:sdmx:org.sdmx.infomodel.codelist.Code=IT1:CL_REFAREA(1.2).101027">
          <Name xml:lang="it" xmlns="http://www.sdmx.org/resources/sdmxml/schemas/v2_1/common">Verzino</Name>
          <Name xml:lang="en" xmlns="http://www.sdmx.org/resources/sdmxml/schemas/v2_1/common">Verzino</Name>
          <Parent>
            <Ref id="ITF62" xmlns="" />
          </Parent>
        </Code>
        <Code id="102001" urn="urn:sdmx:org.sdmx.infomodel.codelist.Code=IT1:CL_REFAREA(1.2).102001">
          <Name xml:lang="it" xmlns="http://www.sdmx.org/resources/sdmxml/schemas/v2_1/common">Acquaro</Name>
          <Name xml:lang="en" xmlns="http://www.sdmx.org/resources/sdmxml/schemas/v2_1/common">Acquaro</Name>
          <Parent>
            <Ref id="ITF64" xmlns="" />
          </Parent>
        </Code>
        <Code id="102002" urn="urn:sdmx:org.sdmx.infomodel.codelist.Code=IT1:CL_REFAREA(1.2).102002">
          <Name xml:lang="it" xmlns="http://www.sdmx.org/resources/sdmxml/schemas/v2_1/common">Arena</Name>
          <Name xml:lang="en" xmlns="http://www.sdmx.org/resources/sdmxml/schemas/v2_1/common">Arena</Name>
          <Parent>
            <Ref id="ITF64" xmlns="" />
          </Parent>
        </Code>
        <Code id="102003" urn="urn:sdmx:org.sdmx.infomodel.codelist.Code=IT1:CL_REFAREA(1.2).102003">
          <Name xml:lang="it" xmlns="http://www.sdmx.org/resources/sdmxml/schemas/v2_1/common">Briatico</Name>
          <Name xml:lang="en" xmlns="http://www.sdmx.org/resources/sdmxml/schemas/v2_1/common">Briatico</Name>
          <Parent>
            <Ref id="ITF64" xmlns="" />
          </Parent>
        </Code>
        <Code id="102004" urn="urn:sdmx:org.sdmx.infomodel.codelist.Code=IT1:CL_REFAREA(1.2).102004">
          <Name xml:lang="it" xmlns="http://www.sdmx.org/resources/sdmxml/schemas/v2_1/common">Brognaturo</Name>
          <Name xml:lang="en" xmlns="http://www.sdmx.org/resources/sdmxml/schemas/v2_1/common">Brognaturo</Name>
          <Parent>
            <Ref id="ITF64" xmlns="" />
          </Parent>
        </Code>
        <Code id="102005" urn="urn:sdmx:org.sdmx.infomodel.codelist.Code=IT1:CL_REFAREA(1.2).102005">
          <Name xml:lang="it" xmlns="http://www.sdmx.org/resources/sdmxml/schemas/v2_1/common">Capistrano</Name>
          <Name xml:lang="en" xmlns="http://www.sdmx.org/resources/sdmxml/schemas/v2_1/common">Capistrano</Name>
          <Parent>
            <Ref id="ITF64" xmlns="" />
          </Parent>
        </Code>
        <Code id="102006" urn="urn:sdmx:org.sdmx.infomodel.codelist.Code=IT1:CL_REFAREA(1.2).102006">
          <Name xml:lang="it" xmlns="http://www.sdmx.org/resources/sdmxml/schemas/v2_1/common">Cessaniti</Name>
          <Name xml:lang="en" xmlns="http://www.sdmx.org/resources/sdmxml/schemas/v2_1/common">Cessaniti</Name>
          <Parent>
            <Ref id="ITF64" xmlns="" />
          </Parent>
        </Code>
        <Code id="102007" urn="urn:sdmx:org.sdmx.infomodel.codelist.Code=IT1:CL_REFAREA(1.2).102007">
          <Name xml:lang="it" xmlns="http://www.sdmx.org/resources/sdmxml/schemas/v2_1/common">Dasà</Name>
          <Name xml:lang="en" xmlns="http://www.sdmx.org/resources/sdmxml/schemas/v2_1/common">Dasà</Name>
          <Parent>
            <Ref id="ITF64" xmlns="" />
          </Parent>
        </Code>
        <Code id="102008" urn="urn:sdmx:org.sdmx.infomodel.codelist.Code=IT1:CL_REFAREA(1.2).102008">
          <Name xml:lang="it" xmlns="http://www.sdmx.org/resources/sdmxml/schemas/v2_1/common">Dinami</Name>
          <Name xml:lang="en" xmlns="http://www.sdmx.org/resources/sdmxml/schemas/v2_1/common">Dinami</Name>
          <Parent>
            <Ref id="ITF64" xmlns="" />
          </Parent>
        </Code>
        <Code id="102009" urn="urn:sdmx:org.sdmx.infomodel.codelist.Code=IT1:CL_REFAREA(1.2).102009">
          <Name xml:lang="it" xmlns="http://www.sdmx.org/resources/sdmxml/schemas/v2_1/common">Drapia</Name>
          <Name xml:lang="en" xmlns="http://www.sdmx.org/resources/sdmxml/schemas/v2_1/common">Drapia</Name>
          <Parent>
            <Ref id="ITF64" xmlns="" />
          </Parent>
        </Code>
        <Code id="102010" urn="urn:sdmx:org.sdmx.infomodel.codelist.Code=IT1:CL_REFAREA(1.2).102010">
          <Name xml:lang="it" xmlns="http://www.sdmx.org/resources/sdmxml/schemas/v2_1/common">Fabrizia</Name>
          <Name xml:lang="en" xmlns="http://www.sdmx.org/resources/sdmxml/schemas/v2_1/common">Fabrizia</Name>
          <Parent>
            <Ref id="ITF64" xmlns="" />
          </Parent>
        </Code>
        <Code id="102011" urn="urn:sdmx:org.sdmx.infomodel.codelist.Code=IT1:CL_REFAREA(1.2).102011">
          <Name xml:lang="it" xmlns="http://www.sdmx.org/resources/sdmxml/schemas/v2_1/common">Filadelfia</Name>
          <Name xml:lang="en" xmlns="http://www.sdmx.org/resources/sdmxml/schemas/v2_1/common">Filadelfia</Name>
          <Parent>
            <Ref id="ITF64" xmlns="" />
          </Parent>
        </Code>
        <Code id="102012" urn="urn:sdmx:org.sdmx.infomodel.codelist.Code=IT1:CL_REFAREA(1.2).102012">
          <Name xml:lang="it" xmlns="http://www.sdmx.org/resources/sdmxml/schemas/v2_1/common">Filandari</Name>
          <Name xml:lang="en" xmlns="http://www.sdmx.org/resources/sdmxml/schemas/v2_1/common">Filandari</Name>
          <Parent>
            <Ref id="ITF64" xmlns="" />
          </Parent>
        </Code>
        <Code id="102013" urn="urn:sdmx:org.sdmx.infomodel.codelist.Code=IT1:CL_REFAREA(1.2).102013">
          <Name xml:lang="it" xmlns="http://www.sdmx.org/resources/sdmxml/schemas/v2_1/common">Filogaso</Name>
          <Name xml:lang="en" xmlns="http://www.sdmx.org/resources/sdmxml/schemas/v2_1/common">Filogaso</Name>
          <Parent>
            <Ref id="ITF64" xmlns="" />
          </Parent>
        </Code>
        <Code id="102014" urn="urn:sdmx:org.sdmx.infomodel.codelist.Code=IT1:CL_REFAREA(1.2).102014">
          <Name xml:lang="it" xmlns="http://www.sdmx.org/resources/sdmxml/schemas/v2_1/common">Francavilla Angitola</Name>
          <Name xml:lang="en" xmlns="http://www.sdmx.org/resources/sdmxml/schemas/v2_1/common">Francavilla Angitola</Name>
          <Parent>
            <Ref id="ITF64" xmlns="" />
          </Parent>
        </Code>
        <Code id="102015" urn="urn:sdmx:org.sdmx.infomodel.codelist.Code=IT1:CL_REFAREA(1.2).102015">
          <Name xml:lang="it" xmlns="http://www.sdmx.org/resources/sdmxml/schemas/v2_1/common">Francica</Name>
          <Name xml:lang="en" xmlns="http://www.sdmx.org/resources/sdmxml/schemas/v2_1/common">Francica</Name>
          <Parent>
            <Ref id="ITF64" xmlns="" />
          </Parent>
        </Code>
        <Code id="102016" urn="urn:sdmx:org.sdmx.infomodel.codelist.Code=IT1:CL_REFAREA(1.2).102016">
          <Name xml:lang="it" xmlns="http://www.sdmx.org/resources/sdmxml/schemas/v2_1/common">Gerocarne</Name>
          <Name xml:lang="en" xmlns="http://www.sdmx.org/resources/sdmxml/schemas/v2_1/common">Gerocarne</Name>
          <Parent>
            <Ref id="ITF64" xmlns="" />
          </Parent>
        </Code>
        <Code id="102017" urn="urn:sdmx:org.sdmx.infomodel.codelist.Code=IT1:CL_REFAREA(1.2).102017">
          <Name xml:lang="it" xmlns="http://www.sdmx.org/resources/sdmxml/schemas/v2_1/common">Ionadi</Name>
          <Name xml:lang="en" xmlns="http://www.sdmx.org/resources/sdmxml/schemas/v2_1/common">Ionadi</Name>
          <Parent>
            <Ref id="ITF64" xmlns="" />
          </Parent>
        </Code>
        <Code id="102018" urn="urn:sdmx:org.sdmx.infomodel.codelist.Code=IT1:CL_REFAREA(1.2).102018">
          <Name xml:lang="it" xmlns="http://www.sdmx.org/resources/sdmxml/schemas/v2_1/common">Joppolo</Name>
          <Name xml:lang="en" xmlns="http://www.sdmx.org/resources/sdmxml/schemas/v2_1/common">Joppolo</Name>
          <Parent>
            <Ref id="ITF64" xmlns="" />
          </Parent>
        </Code>
        <Code id="102019" urn="urn:sdmx:org.sdmx.infomodel.codelist.Code=IT1:CL_REFAREA(1.2).102019">
          <Name xml:lang="it" xmlns="http://www.sdmx.org/resources/sdmxml/schemas/v2_1/common">Limbadi</Name>
          <Name xml:lang="en" xmlns="http://www.sdmx.org/resources/sdmxml/schemas/v2_1/common">Limbadi</Name>
          <Parent>
            <Ref id="ITF64" xmlns="" />
          </Parent>
        </Code>
        <Code id="102020" urn="urn:sdmx:org.sdmx.infomodel.codelist.Code=IT1:CL_REFAREA(1.2).102020">
          <Name xml:lang="it" xmlns="http://www.sdmx.org/resources/sdmxml/schemas/v2_1/common">Maierato</Name>
          <Name xml:lang="en" xmlns="http://www.sdmx.org/resources/sdmxml/schemas/v2_1/common">Maierato</Name>
          <Parent>
            <Ref id="ITF64" xmlns="" />
          </Parent>
        </Code>
        <Code id="102021" urn="urn:sdmx:org.sdmx.infomodel.codelist.Code=IT1:CL_REFAREA(1.2).102021">
          <Name xml:lang="it" xmlns="http://www.sdmx.org/resources/sdmxml/schemas/v2_1/common">Mileto</Name>
          <Name xml:lang="en" xmlns="http://www.sdmx.org/resources/sdmxml/schemas/v2_1/common">Mileto</Name>
          <Parent>
            <Ref id="ITF64" xmlns="" />
          </Parent>
        </Code>
        <Code id="102022" urn="urn:sdmx:org.sdmx.infomodel.codelist.Code=IT1:CL_REFAREA(1.2).102022">
          <Name xml:lang="it" xmlns="http://www.sdmx.org/resources/sdmxml/schemas/v2_1/common">Mongiana</Name>
          <Name xml:lang="en" xmlns="http://www.sdmx.org/resources/sdmxml/schemas/v2_1/common">Mongiana</Name>
          <Parent>
            <Ref id="ITF64" xmlns="" />
          </Parent>
        </Code>
        <Code id="102023" urn="urn:sdmx:org.sdmx.infomodel.codelist.Code=IT1:CL_REFAREA(1.2).102023">
          <Name xml:lang="it" xmlns="http://www.sdmx.org/resources/sdmxml/schemas/v2_1/common">Monterosso Calabro</Name>
          <Name xml:lang="en" xmlns="http://www.sdmx.org/resources/sdmxml/schemas/v2_1/common">Monterosso Calabro</Name>
          <Parent>
            <Ref id="ITF64" xmlns="" />
          </Parent>
        </Code>
        <Code id="102024" urn="urn:sdmx:org.sdmx.infomodel.codelist.Code=IT1:CL_REFAREA(1.2).102024">
          <Name xml:lang="it" xmlns="http://www.sdmx.org/resources/sdmxml/schemas/v2_1/common">Nardodipace</Name>
          <Name xml:lang="en" xmlns="http://www.sdmx.org/resources/sdmxml/schemas/v2_1/common">Nardodipace</Name>
          <Parent>
            <Ref id="ITF64" xmlns="" />
          </Parent>
        </Code>
        <Code id="102025" urn="urn:sdmx:org.sdmx.infomodel.codelist.Code=IT1:CL_REFAREA(1.2).102025">
          <Name xml:lang="it" xmlns="http://www.sdmx.org/resources/sdmxml/schemas/v2_1/common">Nicotera</Name>
          <Name xml:lang="en" xmlns="http://www.sdmx.org/resources/sdmxml/schemas/v2_1/common">Nicotera</Name>
          <Parent>
            <Ref id="ITF64" xmlns="" />
          </Parent>
        </Code>
        <Code id="102026" urn="urn:sdmx:org.sdmx.infomodel.codelist.Code=IT1:CL_REFAREA(1.2).102026">
          <Name xml:lang="it" xmlns="http://www.sdmx.org/resources/sdmxml/schemas/v2_1/common">Parghelia</Name>
          <Name xml:lang="en" xmlns="http://www.sdmx.org/resources/sdmxml/schemas/v2_1/common">Parghelia</Name>
          <Parent>
            <Ref id="ITF64" xmlns="" />
          </Parent>
        </Code>
        <Code id="102027" urn="urn:sdmx:org.sdmx.infomodel.codelist.Code=IT1:CL_REFAREA(1.2).102027">
          <Name xml:lang="it" xmlns="http://www.sdmx.org/resources/sdmxml/schemas/v2_1/common">Pizzo</Name>
          <Name xml:lang="en" xmlns="http://www.sdmx.org/resources/sdmxml/schemas/v2_1/common">Pizzo</Name>
          <Parent>
            <Ref id="ITF64" xmlns="" />
          </Parent>
        </Code>
        <Code id="102028" urn="urn:sdmx:org.sdmx.infomodel.codelist.Code=IT1:CL_REFAREA(1.2).102028">
          <Name xml:lang="it" xmlns="http://www.sdmx.org/resources/sdmxml/schemas/v2_1/common">Pizzoni</Name>
          <Name xml:lang="en" xmlns="http://www.sdmx.org/resources/sdmxml/schemas/v2_1/common">Pizzoni</Name>
          <Parent>
            <Ref id="ITF64" xmlns="" />
          </Parent>
        </Code>
        <Code id="102029" urn="urn:sdmx:org.sdmx.infomodel.codelist.Code=IT1:CL_REFAREA(1.2).102029">
          <Name xml:lang="it" xmlns="http://www.sdmx.org/resources/sdmxml/schemas/v2_1/common">Polia</Name>
          <Name xml:lang="en" xmlns="http://www.sdmx.org/resources/sdmxml/schemas/v2_1/common">Polia</Name>
          <Parent>
            <Ref id="ITF64" xmlns="" />
          </Parent>
        </Code>
        <Code id="102030" urn="urn:sdmx:org.sdmx.infomodel.codelist.Code=IT1:CL_REFAREA(1.2).102030">
          <Name xml:lang="it" xmlns="http://www.sdmx.org/resources/sdmxml/schemas/v2_1/common">Ricadi</Name>
          <Name xml:lang="en" xmlns="http://www.sdmx.org/resources/sdmxml/schemas/v2_1/common">Ricadi</Name>
          <Parent>
            <Ref id="ITF64" xmlns="" />
          </Parent>
        </Code>
        <Code id="102031" urn="urn:sdmx:org.sdmx.infomodel.codelist.Code=IT1:CL_REFAREA(1.2).102031">
          <Name xml:lang="it" xmlns="http://www.sdmx.org/resources/sdmxml/schemas/v2_1/common">Rombiolo</Name>
          <Name xml:lang="en" xmlns="http://www.sdmx.org/resources/sdmxml/schemas/v2_1/common">Rombiolo</Name>
          <Parent>
            <Ref id="ITF64" xmlns="" />
          </Parent>
        </Code>
        <Code id="102032" urn="urn:sdmx:org.sdmx.infomodel.codelist.Code=IT1:CL_REFAREA(1.2).102032">
          <Name xml:lang="it" xmlns="http://www.sdmx.org/resources/sdmxml/schemas/v2_1/common">San Calogero</Name>
          <Name xml:lang="en" xmlns="http://www.sdmx.org/resources/sdmxml/schemas/v2_1/common">San Calogero</Name>
          <Parent>
            <Ref id="ITF64" xmlns="" />
          </Parent>
        </Code>
        <Code id="102033" urn="urn:sdmx:org.sdmx.infomodel.codelist.Code=IT1:CL_REFAREA(1.2).102033">
          <Name xml:lang="it" xmlns="http://www.sdmx.org/resources/sdmxml/schemas/v2_1/common">San Costantino Calabro</Name>
          <Name xml:lang="en" xmlns="http://www.sdmx.org/resources/sdmxml/schemas/v2_1/common">San Costantino Calabro</Name>
          <Parent>
            <Ref id="ITF64" xmlns="" />
          </Parent>
        </Code>
        <Code id="102034" urn="urn:sdmx:org.sdmx.infomodel.codelist.Code=IT1:CL_REFAREA(1.2).102034">
          <Name xml:lang="it" xmlns="http://www.sdmx.org/resources/sdmxml/schemas/v2_1/common">San Gregorio d'Ippona</Name>
          <Name xml:lang="en" xmlns="http://www.sdmx.org/resources/sdmxml/schemas/v2_1/common">San Gregorio d'Ippona</Name>
          <Parent>
            <Ref id="ITF64" xmlns="" />
          </Parent>
        </Code>
        <Code id="102035" urn="urn:sdmx:org.sdmx.infomodel.codelist.Code=IT1:CL_REFAREA(1.2).102035">
          <Name xml:lang="it" xmlns="http://www.sdmx.org/resources/sdmxml/schemas/v2_1/common">San Nicola da Crissa</Name>
          <Name xml:lang="en" xmlns="http://www.sdmx.org/resources/sdmxml/schemas/v2_1/common">San Nicola da Crissa</Name>
          <Parent>
            <Ref id="ITF64" xmlns="" />
          </Parent>
        </Code>
        <Code id="102036" urn="urn:sdmx:org.sdmx.infomodel.codelist.Code=IT1:CL_REFAREA(1.2).102036">
          <Name xml:lang="it" xmlns="http://www.sdmx.org/resources/sdmxml/schemas/v2_1/common">Sant'Onofrio</Name>
          <Name xml:lang="en" xmlns="http://www.sdmx.org/resources/sdmxml/schemas/v2_1/common">Sant'Onofrio</Name>
          <Parent>
            <Ref id="ITF64" xmlns="" />
          </Parent>
        </Code>
        <Code id="102037" urn="urn:sdmx:org.sdmx.infomodel.codelist.Code=IT1:CL_REFAREA(1.2).102037">
          <Name xml:lang="it" xmlns="http://www.sdmx.org/resources/sdmxml/schemas/v2_1/common">Serra San Bruno</Name>
          <Name xml:lang="en" xmlns="http://www.sdmx.org/resources/sdmxml/schemas/v2_1/common">Serra San Bruno</Name>
          <Parent>
            <Ref id="ITF64" xmlns="" />
          </Parent>
        </Code>
        <Code id="102038" urn="urn:sdmx:org.sdmx.infomodel.codelist.Code=IT1:CL_REFAREA(1.2).102038">
          <Name xml:lang="it" xmlns="http://www.sdmx.org/resources/sdmxml/schemas/v2_1/common">Simbario</Name>
          <Name xml:lang="en" xmlns="http://www.sdmx.org/resources/sdmxml/schemas/v2_1/common">Simbario</Name>
          <Parent>
            <Ref id="ITF64" xmlns="" />
          </Parent>
        </Code>
        <Code id="102039" urn="urn:sdmx:org.sdmx.infomodel.codelist.Code=IT1:CL_REFAREA(1.2).102039">
          <Name xml:lang="it" xmlns="http://www.sdmx.org/resources/sdmxml/schemas/v2_1/common">Sorianello</Name>
          <Name xml:lang="en" xmlns="http://www.sdmx.org/resources/sdmxml/schemas/v2_1/common">Sorianello</Name>
          <Parent>
            <Ref id="ITF64" xmlns="" />
          </Parent>
        </Code>
        <Code id="102040" urn="urn:sdmx:org.sdmx.infomodel.codelist.Code=IT1:CL_REFAREA(1.2).102040">
          <Name xml:lang="it" xmlns="http://www.sdmx.org/resources/sdmxml/schemas/v2_1/common">Soriano Calabro</Name>
          <Name xml:lang="en" xmlns="http://www.sdmx.org/resources/sdmxml/schemas/v2_1/common">Soriano Calabro</Name>
          <Parent>
            <Ref id="ITF64" xmlns="" />
          </Parent>
        </Code>
        <Code id="102041" urn="urn:sdmx:org.sdmx.infomodel.codelist.Code=IT1:CL_REFAREA(1.2).102041">
          <Name xml:lang="it" xmlns="http://www.sdmx.org/resources/sdmxml/schemas/v2_1/common">Spadola</Name>
          <Name xml:lang="en" xmlns="http://www.sdmx.org/resources/sdmxml/schemas/v2_1/common">Spadola</Name>
          <Parent>
            <Ref id="ITF64" xmlns="" />
          </Parent>
        </Code>
        <Code id="102042" urn="urn:sdmx:org.sdmx.infomodel.codelist.Code=IT1:CL_REFAREA(1.2).102042">
          <Name xml:lang="it" xmlns="http://www.sdmx.org/resources/sdmxml/schemas/v2_1/common">Spilinga</Name>
          <Name xml:lang="en" xmlns="http://www.sdmx.org/resources/sdmxml/schemas/v2_1/common">Spilinga</Name>
          <Parent>
            <Ref id="ITF64" xmlns="" />
          </Parent>
        </Code>
        <Code id="102043" urn="urn:sdmx:org.sdmx.infomodel.codelist.Code=IT1:CL_REFAREA(1.2).102043">
          <Name xml:lang="it" xmlns="http://www.sdmx.org/resources/sdmxml/schemas/v2_1/common">Stefanaconi</Name>
          <Name xml:lang="en" xmlns="http://www.sdmx.org/resources/sdmxml/schemas/v2_1/common">Stefanaconi</Name>
          <Parent>
            <Ref id="ITF64" xmlns="" />
          </Parent>
        </Code>
        <Code id="102044" urn="urn:sdmx:org.sdmx.infomodel.codelist.Code=IT1:CL_REFAREA(1.2).102044">
          <Name xml:lang="it" xmlns="http://www.sdmx.org/resources/sdmxml/schemas/v2_1/common">Tropea</Name>
          <Name xml:lang="en" xmlns="http://www.sdmx.org/resources/sdmxml/schemas/v2_1/common">Tropea</Name>
          <Parent>
            <Ref id="ITF64" xmlns="" />
          </Parent>
        </Code>
        <Code id="102045" urn="urn:sdmx:org.sdmx.infomodel.codelist.Code=IT1:CL_REFAREA(1.2).102045">
          <Name xml:lang="it" xmlns="http://www.sdmx.org/resources/sdmxml/schemas/v2_1/common">Vallelonga</Name>
          <Name xml:lang="en" xmlns="http://www.sdmx.org/resources/sdmxml/schemas/v2_1/common">Vallelonga</Name>
          <Parent>
            <Ref id="ITF64" xmlns="" />
          </Parent>
        </Code>
        <Code id="102046" urn="urn:sdmx:org.sdmx.infomodel.codelist.Code=IT1:CL_REFAREA(1.2).102046">
          <Name xml:lang="it" xmlns="http://www.sdmx.org/resources/sdmxml/schemas/v2_1/common">Vazzano</Name>
          <Name xml:lang="en" xmlns="http://www.sdmx.org/resources/sdmxml/schemas/v2_1/common">Vazzano</Name>
          <Parent>
            <Ref id="ITF64" xmlns="" />
          </Parent>
        </Code>
        <Code id="102047" urn="urn:sdmx:org.sdmx.infomodel.codelist.Code=IT1:CL_REFAREA(1.2).102047">
          <Name xml:lang="it" xmlns="http://www.sdmx.org/resources/sdmxml/schemas/v2_1/common">Vibo Valentia</Name>
          <Name xml:lang="en" xmlns="http://www.sdmx.org/resources/sdmxml/schemas/v2_1/common">Vibo Valentia</Name>
          <Parent>
            <Ref id="ITF64" xmlns="" />
          </Parent>
        </Code>
        <Code id="102048" urn="urn:sdmx:org.sdmx.infomodel.codelist.Code=IT1:CL_REFAREA(1.2).102048">
          <Name xml:lang="it" xmlns="http://www.sdmx.org/resources/sdmxml/schemas/v2_1/common">Zaccanopoli</Name>
          <Name xml:lang="en" xmlns="http://www.sdmx.org/resources/sdmxml/schemas/v2_1/common">Zaccanopoli</Name>
          <Parent>
            <Ref id="ITF64" xmlns="" />
          </Parent>
        </Code>
        <Code id="102049" urn="urn:sdmx:org.sdmx.infomodel.codelist.Code=IT1:CL_REFAREA(1.2).102049">
          <Name xml:lang="it" xmlns="http://www.sdmx.org/resources/sdmxml/schemas/v2_1/common">Zambrone</Name>
          <Name xml:lang="en" xmlns="http://www.sdmx.org/resources/sdmxml/schemas/v2_1/common">Zambrone</Name>
          <Parent>
            <Ref id="ITF64" xmlns="" />
          </Parent>
        </Code>
        <Code id="102050" urn="urn:sdmx:org.sdmx.infomodel.codelist.Code=IT1:CL_REFAREA(1.2).102050">
          <Name xml:lang="it" xmlns="http://www.sdmx.org/resources/sdmxml/schemas/v2_1/common">Zungri</Name>
          <Name xml:lang="en" xmlns="http://www.sdmx.org/resources/sdmxml/schemas/v2_1/common">Zungri</Name>
          <Parent>
            <Ref id="ITF64" xmlns="" />
          </Parent>
        </Code>
        <Code id="103001" urn="urn:sdmx:org.sdmx.infomodel.codelist.Code=IT1:CL_REFAREA(1.2).103001">
          <Name xml:lang="it" xmlns="http://www.sdmx.org/resources/sdmxml/schemas/v2_1/common">Antrona Schieranco</Name>
          <Name xml:lang="en" xmlns="http://www.sdmx.org/resources/sdmxml/schemas/v2_1/common">Antrona Schieranco</Name>
          <Parent>
            <Ref id="ITC14" xmlns="" />
          </Parent>
        </Code>
        <Code id="103002" urn="urn:sdmx:org.sdmx.infomodel.codelist.Code=IT1:CL_REFAREA(1.2).103002">
          <Name xml:lang="it" xmlns="http://www.sdmx.org/resources/sdmxml/schemas/v2_1/common">Anzola d'Ossola</Name>
          <Name xml:lang="en" xmlns="http://www.sdmx.org/resources/sdmxml/schemas/v2_1/common">Anzola d'Ossola</Name>
          <Parent>
            <Ref id="ITC14" xmlns="" />
          </Parent>
        </Code>
        <Code id="103003" urn="urn:sdmx:org.sdmx.infomodel.codelist.Code=IT1:CL_REFAREA(1.2).103003">
          <Name xml:lang="it" xmlns="http://www.sdmx.org/resources/sdmxml/schemas/v2_1/common">Arizzano</Name>
          <Name xml:lang="en" xmlns="http://www.sdmx.org/resources/sdmxml/schemas/v2_1/common">Arizzano</Name>
          <Parent>
            <Ref id="ITC14" xmlns="" />
          </Parent>
        </Code>
        <Code id="103004" urn="urn:sdmx:org.sdmx.infomodel.codelist.Code=IT1:CL_REFAREA(1.2).103004">
          <Name xml:lang="it" xmlns="http://www.sdmx.org/resources/sdmxml/schemas/v2_1/common">Arola</Name>
          <Name xml:lang="en" xmlns="http://www.sdmx.org/resources/sdmxml/schemas/v2_1/common">Arola</Name>
          <Parent>
            <Ref id="ITC14" xmlns="" />
          </Parent>
        </Code>
        <Code id="103005" urn="urn:sdmx:org.sdmx.infomodel.codelist.Code=IT1:CL_REFAREA(1.2).103005">
          <Name xml:lang="it" xmlns="http://www.sdmx.org/resources/sdmxml/schemas/v2_1/common">Aurano</Name>
          <Name xml:lang="en" xmlns="http://www.sdmx.org/resources/sdmxml/schemas/v2_1/common">Aurano</Name>
          <Parent>
            <Ref id="ITC14" xmlns="" />
          </Parent>
        </Code>
        <Code id="103006" urn="urn:sdmx:org.sdmx.infomodel.codelist.Code=IT1:CL_REFAREA(1.2).103006">
          <Name xml:lang="it" xmlns="http://www.sdmx.org/resources/sdmxml/schemas/v2_1/common">Baceno</Name>
          <Name xml:lang="en" xmlns="http://www.sdmx.org/resources/sdmxml/schemas/v2_1/common">Baceno</Name>
          <Parent>
            <Ref id="ITC14" xmlns="" />
          </Parent>
        </Code>
        <Code id="103007" urn="urn:sdmx:org.sdmx.infomodel.codelist.Code=IT1:CL_REFAREA(1.2).103007">
          <Name xml:lang="it" xmlns="http://www.sdmx.org/resources/sdmxml/schemas/v2_1/common">Bannio Anzino</Name>
          <Name xml:lang="en" xmlns="http://www.sdmx.org/resources/sdmxml/schemas/v2_1/common">Bannio Anzino</Name>
          <Parent>
            <Ref id="ITC14" xmlns="" />
          </Parent>
        </Code>
        <Code id="103008" urn="urn:sdmx:org.sdmx.infomodel.codelist.Code=IT1:CL_REFAREA(1.2).103008">
          <Name xml:lang="it" xmlns="http://www.sdmx.org/resources/sdmxml/schemas/v2_1/common">Baveno</Name>
          <Name xml:lang="en" xmlns="http://www.sdmx.org/resources/sdmxml/schemas/v2_1/common">Baveno</Name>
          <Parent>
            <Ref id="ITC14" xmlns="" />
          </Parent>
        </Code>
        <Code id="103009" urn="urn:sdmx:org.sdmx.infomodel.codelist.Code=IT1:CL_REFAREA(1.2).103009">
          <Name xml:lang="it" xmlns="http://www.sdmx.org/resources/sdmxml/schemas/v2_1/common">Bee</Name>
          <Name xml:lang="en" xmlns="http://www.sdmx.org/resources/sdmxml/schemas/v2_1/common">Bee</Name>
          <Parent>
            <Ref id="ITC14" xmlns="" />
          </Parent>
        </Code>
        <Code id="103010" urn="urn:sdmx:org.sdmx.infomodel.codelist.Code=IT1:CL_REFAREA(1.2).103010">
          <Name xml:lang="it" xmlns="http://www.sdmx.org/resources/sdmxml/schemas/v2_1/common">Belgirate</Name>
          <Name xml:lang="en" xmlns="http://www.sdmx.org/resources/sdmxml/schemas/v2_1/common">Belgirate</Name>
          <Parent>
            <Ref id="ITC14" xmlns="" />
          </Parent>
        </Code>
        <Code id="103011" urn="urn:sdmx:org.sdmx.infomodel.codelist.Code=IT1:CL_REFAREA(1.2).103011">
          <Name xml:lang="it" xmlns="http://www.sdmx.org/resources/sdmxml/schemas/v2_1/common">Beura-Cardezza</Name>
          <Name xml:lang="en" xmlns="http://www.sdmx.org/resources/sdmxml/schemas/v2_1/common">Beura-Cardezza</Name>
          <Parent>
            <Ref id="ITC14" xmlns="" />
          </Parent>
        </Code>
        <Code id="103012" urn="urn:sdmx:org.sdmx.infomodel.codelist.Code=IT1:CL_REFAREA(1.2).103012">
          <Name xml:lang="it" xmlns="http://www.sdmx.org/resources/sdmxml/schemas/v2_1/common">Bognanco</Name>
          <Name xml:lang="en" xmlns="http://www.sdmx.org/resources/sdmxml/schemas/v2_1/common">Bognanco</Name>
          <Parent>
            <Ref id="ITC14" xmlns="" />
          </Parent>
        </Code>
        <Code id="103013" urn="urn:sdmx:org.sdmx.infomodel.codelist.Code=IT1:CL_REFAREA(1.2).103013">
          <Name xml:lang="it" xmlns="http://www.sdmx.org/resources/sdmxml/schemas/v2_1/common">Brovello-Carpugnino</Name>
          <Name xml:lang="en" xmlns="http://www.sdmx.org/resources/sdmxml/schemas/v2_1/common">Brovello-Carpugnino</Name>
          <Parent>
            <Ref id="ITC14" xmlns="" />
          </Parent>
        </Code>
        <Code id="103014" urn="urn:sdmx:org.sdmx.infomodel.codelist.Code=IT1:CL_REFAREA(1.2).103014">
          <Name xml:lang="it" xmlns="http://www.sdmx.org/resources/sdmxml/schemas/v2_1/common">Calasca-Castiglione</Name>
          <Name xml:lang="en" xmlns="http://www.sdmx.org/resources/sdmxml/schemas/v2_1/common">Calasca-Castiglione</Name>
          <Parent>
            <Ref id="ITC14" xmlns="" />
          </Parent>
        </Code>
        <Code id="103015" urn="urn:sdmx:org.sdmx.infomodel.codelist.Code=IT1:CL_REFAREA(1.2).103015">
          <Name xml:lang="it" xmlns="http://www.sdmx.org/resources/sdmxml/schemas/v2_1/common">Cambiasca</Name>
          <Name xml:lang="en" xmlns="http://www.sdmx.org/resources/sdmxml/schemas/v2_1/common">Cambiasca</Name>
          <Parent>
            <Ref id="ITC14" xmlns="" />
          </Parent>
        </Code>
        <Code id="103016" urn="urn:sdmx:org.sdmx.infomodel.codelist.Code=IT1:CL_REFAREA(1.2).103016">
          <Name xml:lang="it" xmlns="http://www.sdmx.org/resources/sdmxml/schemas/v2_1/common">Cannero Riviera</Name>
          <Name xml:lang="en" xmlns="http://www.sdmx.org/resources/sdmxml/schemas/v2_1/common">Cannero Riviera</Name>
          <Parent>
            <Ref id="ITC14" xmlns="" />
          </Parent>
        </Code>
        <Code id="103017" urn="urn:sdmx:org.sdmx.infomodel.codelist.Code=IT1:CL_REFAREA(1.2).103017">
          <Name xml:lang="it" xmlns="http://www.sdmx.org/resources/sdmxml/schemas/v2_1/common">Cannobio</Name>
          <Name xml:lang="en" xmlns="http://www.sdmx.org/resources/sdmxml/schemas/v2_1/common">Cannobio</Name>
          <Parent>
            <Ref id="ITC14" xmlns="" />
          </Parent>
        </Code>
        <Code id="103018" urn="urn:sdmx:org.sdmx.infomodel.codelist.Code=IT1:CL_REFAREA(1.2).103018">
          <Name xml:lang="it" xmlns="http://www.sdmx.org/resources/sdmxml/schemas/v2_1/common">Caprezzo</Name>
          <Name xml:lang="en" xmlns="http://www.sdmx.org/resources/sdmxml/schemas/v2_1/common">Caprezzo</Name>
          <Parent>
            <Ref id="ITC14" xmlns="" />
          </Parent>
        </Code>
        <Code id="103019" urn="urn:sdmx:org.sdmx.infomodel.codelist.Code=IT1:CL_REFAREA(1.2).103019">
          <Name xml:lang="it" xmlns="http://www.sdmx.org/resources/sdmxml/schemas/v2_1/common">Casale Corte Cerro</Name>
          <Name xml:lang="en" xmlns="http://www.sdmx.org/resources/sdmxml/schemas/v2_1/common">Casale Corte Cerro</Name>
          <Parent>
            <Ref id="ITC14" xmlns="" />
          </Parent>
        </Code>
        <Code id="103020" urn="urn:sdmx:org.sdmx.infomodel.codelist.Code=IT1:CL_REFAREA(1.2).103020">
          <Name xml:lang="it" xmlns="http://www.sdmx.org/resources/sdmxml/schemas/v2_1/common">Cavaglio-Spoccia</Name>
          <Name xml:lang="en" xmlns="http://www.sdmx.org/resources/sdmxml/schemas/v2_1/common">Cavaglio-Spoccia</Name>
          <Parent>
            <Ref id="ITC14" xmlns="" />
          </Parent>
        </Code>
        <Code id="103021" urn="urn:sdmx:org.sdmx.infomodel.codelist.Code=IT1:CL_REFAREA(1.2).103021">
          <Name xml:lang="it" xmlns="http://www.sdmx.org/resources/sdmxml/schemas/v2_1/common">Ceppo Morelli</Name>
          <Name xml:lang="en" xmlns="http://www.sdmx.org/resources/sdmxml/schemas/v2_1/common">Ceppo Morelli</Name>
          <Parent>
            <Ref id="ITC14" xmlns="" />
          </Parent>
        </Code>
        <Code id="103022" urn="urn:sdmx:org.sdmx.infomodel.codelist.Code=IT1:CL_REFAREA(1.2).103022">
          <Name xml:lang="it" xmlns="http://www.sdmx.org/resources/sdmxml/schemas/v2_1/common">Cesara</Name>
          <Name xml:lang="en" xmlns="http://www.sdmx.org/resources/sdmxml/schemas/v2_1/common">Cesara</Name>
          <Parent>
            <Ref id="ITC14" xmlns="" />
          </Parent>
        </Code>
        <Code id="103023" urn="urn:sdmx:org.sdmx.infomodel.codelist.Code=IT1:CL_REFAREA(1.2).103023">
          <Name xml:lang="it" xmlns="http://www.sdmx.org/resources/sdmxml/schemas/v2_1/common">Cossogno</Name>
          <Name xml:lang="en" xmlns="http://www.sdmx.org/resources/sdmxml/schemas/v2_1/common">Cossogno</Name>
          <Parent>
            <Ref id="ITC14" xmlns="" />
          </Parent>
        </Code>
        <Code id="103024" urn="urn:sdmx:org.sdmx.infomodel.codelist.Code=IT1:CL_REFAREA(1.2).103024">
          <Name xml:lang="it" xmlns="http://www.sdmx.org/resources/sdmxml/schemas/v2_1/common">Craveggia</Name>
          <Name xml:lang="en" xmlns="http://www.sdmx.org/resources/sdmxml/schemas/v2_1/common">Craveggia</Name>
          <Parent>
            <Ref id="ITC14" xmlns="" />
          </Parent>
        </Code>
        <Code id="103025" urn="urn:sdmx:org.sdmx.infomodel.codelist.Code=IT1:CL_REFAREA(1.2).103025">
          <Name xml:lang="it" xmlns="http://www.sdmx.org/resources/sdmxml/schemas/v2_1/common">Crevoladossola</Name>
          <Name xml:lang="en" xmlns="http://www.sdmx.org/resources/sdmxml/schemas/v2_1/common">Crevoladossola</Name>
          <Parent>
            <Ref id="ITC14" xmlns="" />
          </Parent>
        </Code>
        <Code id="103026" urn="urn:sdmx:org.sdmx.infomodel.codelist.Code=IT1:CL_REFAREA(1.2).103026">
          <Name xml:lang="it" xmlns="http://www.sdmx.org/resources/sdmxml/schemas/v2_1/common">Crodo</Name>
          <Name xml:lang="en" xmlns="http://www.sdmx.org/resources/sdmxml/schemas/v2_1/common">Crodo</Name>
          <Parent>
            <Ref id="ITC14" xmlns="" />
          </Parent>
        </Code>
        <Code id="103027" urn="urn:sdmx:org.sdmx.infomodel.codelist.Code=IT1:CL_REFAREA(1.2).103027">
          <Name xml:lang="it" xmlns="http://www.sdmx.org/resources/sdmxml/schemas/v2_1/common">Cursolo-Orasso</Name>
          <Name xml:lang="en" xmlns="http://www.sdmx.org/resources/sdmxml/schemas/v2_1/common">Cursolo-Orasso</Name>
          <Parent>
            <Ref id="ITC14" xmlns="" />
          </Parent>
        </Code>
        <Code id="103028" urn="urn:sdmx:org.sdmx.infomodel.codelist.Code=IT1:CL_REFAREA(1.2).103028">
          <Name xml:lang="it" xmlns="http://www.sdmx.org/resources/sdmxml/schemas/v2_1/common">Domodossola</Name>
          <Name xml:lang="en" xmlns="http://www.sdmx.org/resources/sdmxml/schemas/v2_1/common">Domodossola</Name>
          <Parent>
            <Ref id="ITC14" xmlns="" />
          </Parent>
        </Code>
        <Code id="103029" urn="urn:sdmx:org.sdmx.infomodel.codelist.Code=IT1:CL_REFAREA(1.2).103029">
          <Name xml:lang="it" xmlns="http://www.sdmx.org/resources/sdmxml/schemas/v2_1/common">Druogno</Name>
          <Name xml:lang="en" xmlns="http://www.sdmx.org/resources/sdmxml/schemas/v2_1/common">Druogno</Name>
          <Parent>
            <Ref id="ITC14" xmlns="" />
          </Parent>
        </Code>
        <Code id="103030" urn="urn:sdmx:org.sdmx.infomodel.codelist.Code=IT1:CL_REFAREA(1.2).103030">
          <Name xml:lang="it" xmlns="http://www.sdmx.org/resources/sdmxml/schemas/v2_1/common">Falmenta</Name>
          <Name xml:lang="en" xmlns="http://www.sdmx.org/resources/sdmxml/schemas/v2_1/common">Falmenta</Name>
          <Parent>
            <Ref id="ITC14" xmlns="" />
          </Parent>
        </Code>
        <Code id="103031" urn="urn:sdmx:org.sdmx.infomodel.codelist.Code=IT1:CL_REFAREA(1.2).103031">
          <Name xml:lang="it" xmlns="http://www.sdmx.org/resources/sdmxml/schemas/v2_1/common">Formazza</Name>
          <Name xml:lang="en" xmlns="http://www.sdmx.org/resources/sdmxml/schemas/v2_1/common">Formazza</Name>
          <Parent>
            <Ref id="ITC14" xmlns="" />
          </Parent>
        </Code>
        <Code id="103032" urn="urn:sdmx:org.sdmx.infomodel.codelist.Code=IT1:CL_REFAREA(1.2).103032">
          <Name xml:lang="it" xmlns="http://www.sdmx.org/resources/sdmxml/schemas/v2_1/common">Germagno</Name>
          <Name xml:lang="en" xmlns="http://www.sdmx.org/resources/sdmxml/schemas/v2_1/common">Germagno</Name>
          <Parent>
            <Ref id="ITC14" xmlns="" />
          </Parent>
        </Code>
        <Code id="103033" urn="urn:sdmx:org.sdmx.infomodel.codelist.Code=IT1:CL_REFAREA(1.2).103033">
          <Name xml:lang="it" xmlns="http://www.sdmx.org/resources/sdmxml/schemas/v2_1/common">Ghiffa</Name>
          <Name xml:lang="en" xmlns="http://www.sdmx.org/resources/sdmxml/schemas/v2_1/common">Ghiffa</Name>
          <Parent>
            <Ref id="ITC14" xmlns="" />
          </Parent>
        </Code>
        <Code id="103034" urn="urn:sdmx:org.sdmx.infomodel.codelist.Code=IT1:CL_REFAREA(1.2).103034">
          <Name xml:lang="it" xmlns="http://www.sdmx.org/resources/sdmxml/schemas/v2_1/common">Gignese</Name>
          <Name xml:lang="en" xmlns="http://www.sdmx.org/resources/sdmxml/schemas/v2_1/common">Gignese</Name>
          <Parent>
            <Ref id="ITC14" xmlns="" />
          </Parent>
        </Code>
        <Code id="103035" urn="urn:sdmx:org.sdmx.infomodel.codelist.Code=IT1:CL_REFAREA(1.2).103035">
          <Name xml:lang="it" xmlns="http://www.sdmx.org/resources/sdmxml/schemas/v2_1/common">Gravellona Toce</Name>
          <Name xml:lang="en" xmlns="http://www.sdmx.org/resources/sdmxml/schemas/v2_1/common">Gravellona Toce</Name>
          <Parent>
            <Ref id="ITC14" xmlns="" />
          </Parent>
        </Code>
        <Code id="103036" urn="urn:sdmx:org.sdmx.infomodel.codelist.Code=IT1:CL_REFAREA(1.2).103036">
          <Name xml:lang="it" xmlns="http://www.sdmx.org/resources/sdmxml/schemas/v2_1/common">Gurro</Name>
          <Name xml:lang="en" xmlns="http://www.sdmx.org/resources/sdmxml/schemas/v2_1/common">Gurro</Name>
          <Parent>
            <Ref id="ITC14" xmlns="" />
          </Parent>
        </Code>
        <Code id="103037" urn="urn:sdmx:org.sdmx.infomodel.codelist.Code=IT1:CL_REFAREA(1.2).103037">
          <Name xml:lang="it" xmlns="http://www.sdmx.org/resources/sdmxml/schemas/v2_1/common">Intragna</Name>
          <Name xml:lang="en" xmlns="http://www.sdmx.org/resources/sdmxml/schemas/v2_1/common">Intragna</Name>
          <Parent>
            <Ref id="ITC14" xmlns="" />
          </Parent>
        </Code>
        <Code id="103038" urn="urn:sdmx:org.sdmx.infomodel.codelist.Code=IT1:CL_REFAREA(1.2).103038">
          <Name xml:lang="it" xmlns="http://www.sdmx.org/resources/sdmxml/schemas/v2_1/common">Loreglia</Name>
          <Name xml:lang="en" xmlns="http://www.sdmx.org/resources/sdmxml/schemas/v2_1/common">Loreglia</Name>
          <Parent>
            <Ref id="ITC14" xmlns="" />
          </Parent>
        </Code>
        <Code id="103039" urn="urn:sdmx:org.sdmx.infomodel.codelist.Code=IT1:CL_REFAREA(1.2).103039">
          <Name xml:lang="it" xmlns="http://www.sdmx.org/resources/sdmxml/schemas/v2_1/common">Macugnaga</Name>
          <Name xml:lang="en" xmlns="http://www.sdmx.org/resources/sdmxml/schemas/v2_1/common">Macugnaga</Name>
          <Parent>
            <Ref id="ITC14" xmlns="" />
          </Parent>
        </Code>
        <Code id="103040" urn="urn:sdmx:org.sdmx.infomodel.codelist.Code=IT1:CL_REFAREA(1.2).103040">
          <Name xml:lang="it" xmlns="http://www.sdmx.org/resources/sdmxml/schemas/v2_1/common">Madonna del Sasso</Name>
          <Name xml:lang="en" xmlns="http://www.sdmx.org/resources/sdmxml/schemas/v2_1/common">Madonna del Sasso</Name>
          <Parent>
            <Ref id="ITC14" xmlns="" />
          </Parent>
        </Code>
        <Code id="103041" urn="urn:sdmx:org.sdmx.infomodel.codelist.Code=IT1:CL_REFAREA(1.2).103041">
          <Name xml:lang="it" xmlns="http://www.sdmx.org/resources/sdmxml/schemas/v2_1/common">Malesco</Name>
          <Name xml:lang="en" xmlns="http://www.sdmx.org/resources/sdmxml/schemas/v2_1/common">Malesco</Name>
          <Parent>
            <Ref id="ITC14" xmlns="" />
          </Parent>
        </Code>
        <Code id="103042" urn="urn:sdmx:org.sdmx.infomodel.codelist.Code=IT1:CL_REFAREA(1.2).103042">
          <Name xml:lang="it" xmlns="http://www.sdmx.org/resources/sdmxml/schemas/v2_1/common">Masera</Name>
          <Name xml:lang="en" xmlns="http://www.sdmx.org/resources/sdmxml/schemas/v2_1/common">Masera</Name>
          <Parent>
            <Ref id="ITC14" xmlns="" />
          </Parent>
        </Code>
        <Code id="103043" urn="urn:sdmx:org.sdmx.infomodel.codelist.Code=IT1:CL_REFAREA(1.2).103043">
          <Name xml:lang="it" xmlns="http://www.sdmx.org/resources/sdmxml/schemas/v2_1/common">Massiola</Name>
          <Name xml:lang="en" xmlns="http://www.sdmx.org/resources/sdmxml/schemas/v2_1/common">Massiola</Name>
          <Parent>
            <Ref id="ITC14" xmlns="" />
          </Parent>
        </Code>
        <Code id="103044" urn="urn:sdmx:org.sdmx.infomodel.codelist.Code=IT1:CL_REFAREA(1.2).103044">
          <Name xml:lang="it" xmlns="http://www.sdmx.org/resources/sdmxml/schemas/v2_1/common">Mergozzo</Name>
          <Name xml:lang="en" xmlns="http://www.sdmx.org/resources/sdmxml/schemas/v2_1/common">Mergozzo</Name>
          <Parent>
            <Ref id="ITC14" xmlns="" />
          </Parent>
        </Code>
        <Code id="103045" urn="urn:sdmx:org.sdmx.infomodel.codelist.Code=IT1:CL_REFAREA(1.2).103045">
          <Name xml:lang="it" xmlns="http://www.sdmx.org/resources/sdmxml/schemas/v2_1/common">Miazzina</Name>
          <Name xml:lang="en" xmlns="http://www.sdmx.org/resources/sdmxml/schemas/v2_1/common">Miazzina</Name>
          <Parent>
            <Ref id="ITC14" xmlns="" />
          </Parent>
        </Code>
        <Code id="103046" urn="urn:sdmx:org.sdmx.infomodel.codelist.Code=IT1:CL_REFAREA(1.2).103046">
          <Name xml:lang="it" xmlns="http://www.sdmx.org/resources/sdmxml/schemas/v2_1/common">Montecrestese</Name>
          <Name xml:lang="en" xmlns="http://www.sdmx.org/resources/sdmxml/schemas/v2_1/common">Montecrestese</Name>
          <Parent>
            <Ref id="ITC14" xmlns="" />
          </Parent>
        </Code>
        <Code id="103047" urn="urn:sdmx:org.sdmx.infomodel.codelist.Code=IT1:CL_REFAREA(1.2).103047">
          <Name xml:lang="it" xmlns="http://www.sdmx.org/resources/sdmxml/schemas/v2_1/common">Montescheno</Name>
          <Name xml:lang="en" xmlns="http://www.sdmx.org/resources/sdmxml/schemas/v2_1/common">Montescheno</Name>
          <Parent>
            <Ref id="ITC14" xmlns="" />
          </Parent>
        </Code>
        <Code id="103048" urn="urn:sdmx:org.sdmx.infomodel.codelist.Code=IT1:CL_REFAREA(1.2).103048">
          <Name xml:lang="it" xmlns="http://www.sdmx.org/resources/sdmxml/schemas/v2_1/common">Nonio</Name>
          <Name xml:lang="en" xmlns="http://www.sdmx.org/resources/sdmxml/schemas/v2_1/common">Nonio</Name>
          <Parent>
            <Ref id="ITC14" xmlns="" />
          </Parent>
        </Code>
        <Code id="103049" urn="urn:sdmx:org.sdmx.infomodel.codelist.Code=IT1:CL_REFAREA(1.2).103049">
          <Name xml:lang="it" xmlns="http://www.sdmx.org/resources/sdmxml/schemas/v2_1/common">Oggebbio</Name>
          <Name xml:lang="en" xmlns="http://www.sdmx.org/resources/sdmxml/schemas/v2_1/common">Oggebbio</Name>
          <Parent>
            <Ref id="ITC14" xmlns="" />
          </Parent>
        </Code>
        <Code id="103050" urn="urn:sdmx:org.sdmx.infomodel.codelist.Code=IT1:CL_REFAREA(1.2).103050">
          <Name xml:lang="it" xmlns="http://www.sdmx.org/resources/sdmxml/schemas/v2_1/common">Omegna</Name>
          <Name xml:lang="en" xmlns="http://www.sdmx.org/resources/sdmxml/schemas/v2_1/common">Omegna</Name>
          <Parent>
            <Ref id="ITC14" xmlns="" />
          </Parent>
        </Code>
        <Code id="103051" urn="urn:sdmx:org.sdmx.infomodel.codelist.Code=IT1:CL_REFAREA(1.2).103051">
          <Name xml:lang="it" xmlns="http://www.sdmx.org/resources/sdmxml/schemas/v2_1/common">Ornavasso</Name>
          <Name xml:lang="en" xmlns="http://www.sdmx.org/resources/sdmxml/schemas/v2_1/common">Ornavasso</Name>
          <Parent>
            <Ref id="ITC14" xmlns="" />
          </Parent>
        </Code>
        <Code id="103052" urn="urn:sdmx:org.sdmx.infomodel.codelist.Code=IT1:CL_REFAREA(1.2).103052">
          <Name xml:lang="it" xmlns="http://www.sdmx.org/resources/sdmxml/schemas/v2_1/common">Pallanzeno</Name>
          <Name xml:lang="en" xmlns="http://www.sdmx.org/resources/sdmxml/schemas/v2_1/common">Pallanzeno</Name>
          <Parent>
            <Ref id="ITC14" xmlns="" />
          </Parent>
        </Code>
        <Code id="103053" urn="urn:sdmx:org.sdmx.infomodel.codelist.Code=IT1:CL_REFAREA(1.2).103053">
          <Name xml:lang="it" xmlns="http://www.sdmx.org/resources/sdmxml/schemas/v2_1/common">Piedimulera</Name>
          <Name xml:lang="en" xmlns="http://www.sdmx.org/resources/sdmxml/schemas/v2_1/common">Piedimulera</Name>
          <Parent>
            <Ref id="ITC14" xmlns="" />
          </Parent>
        </Code>
        <Code id="103054" urn="urn:sdmx:org.sdmx.infomodel.codelist.Code=IT1:CL_REFAREA(1.2).103054">
          <Name xml:lang="it" xmlns="http://www.sdmx.org/resources/sdmxml/schemas/v2_1/common">Pieve Vergonte</Name>
          <Name xml:lang="en" xmlns="http://www.sdmx.org/resources/sdmxml/schemas/v2_1/common">Pieve Vergonte</Name>
          <Parent>
            <Ref id="ITC14" xmlns="" />
          </Parent>
        </Code>
        <Code id="103055" urn="urn:sdmx:org.sdmx.infomodel.codelist.Code=IT1:CL_REFAREA(1.2).103055">
          <Name xml:lang="it" xmlns="http://www.sdmx.org/resources/sdmxml/schemas/v2_1/common">Premeno</Name>
          <Name xml:lang="en" xmlns="http://www.sdmx.org/resources/sdmxml/schemas/v2_1/common">Premeno</Name>
          <Parent>
            <Ref id="ITC14" xmlns="" />
          </Parent>
        </Code>
        <Code id="103056" urn="urn:sdmx:org.sdmx.infomodel.codelist.Code=IT1:CL_REFAREA(1.2).103056">
          <Name xml:lang="it" xmlns="http://www.sdmx.org/resources/sdmxml/schemas/v2_1/common">Premia</Name>
          <Name xml:lang="en" xmlns="http://www.sdmx.org/resources/sdmxml/schemas/v2_1/common">Premia</Name>
          <Parent>
            <Ref id="ITC14" xmlns="" />
          </Parent>
        </Code>
        <Code id="103057" urn="urn:sdmx:org.sdmx.infomodel.codelist.Code=IT1:CL_REFAREA(1.2).103057">
          <Name xml:lang="it" xmlns="http://www.sdmx.org/resources/sdmxml/schemas/v2_1/common">Premosello-Chiovenda</Name>
          <Name xml:lang="en" xmlns="http://www.sdmx.org/resources/sdmxml/schemas/v2_1/common">Premosello-Chiovenda</Name>
          <Parent>
            <Ref id="ITC14" xmlns="" />
          </Parent>
        </Code>
        <Code id="103058" urn="urn:sdmx:org.sdmx.infomodel.codelist.Code=IT1:CL_REFAREA(1.2).103058">
          <Name xml:lang="it" xmlns="http://www.sdmx.org/resources/sdmxml/schemas/v2_1/common">Quarna Sopra</Name>
          <Name xml:lang="en" xmlns="http://www.sdmx.org/resources/sdmxml/schemas/v2_1/common">Quarna Sopra</Name>
          <Parent>
            <Ref id="ITC14" xmlns="" />
          </Parent>
        </Code>
        <Code id="103059" urn="urn:sdmx:org.sdmx.infomodel.codelist.Code=IT1:CL_REFAREA(1.2).103059">
          <Name xml:lang="it" xmlns="http://www.sdmx.org/resources/sdmxml/schemas/v2_1/common">Quarna Sotto</Name>
          <Name xml:lang="en" xmlns="http://www.sdmx.org/resources/sdmxml/schemas/v2_1/common">Quarna Sotto</Name>
          <Parent>
            <Ref id="ITC14" xmlns="" />
          </Parent>
        </Code>
        <Code id="103060" urn="urn:sdmx:org.sdmx.infomodel.codelist.Code=IT1:CL_REFAREA(1.2).103060">
          <Name xml:lang="it" xmlns="http://www.sdmx.org/resources/sdmxml/schemas/v2_1/common">Re</Name>
          <Name xml:lang="en" xmlns="http://www.sdmx.org/resources/sdmxml/schemas/v2_1/common">Re</Name>
          <Parent>
            <Ref id="ITC14" xmlns="" />
          </Parent>
        </Code>
        <Code id="103061" urn="urn:sdmx:org.sdmx.infomodel.codelist.Code=IT1:CL_REFAREA(1.2).103061">
          <Name xml:lang="it" xmlns="http://www.sdmx.org/resources/sdmxml/schemas/v2_1/common">San Bernardino Verbano</Name>
          <Name xml:lang="en" xmlns="http://www.sdmx.org/resources/sdmxml/schemas/v2_1/common">San Bernardino Verbano</Name>
          <Parent>
            <Ref id="ITC14" xmlns="" />
          </Parent>
        </Code>
        <Code id="103062" urn="urn:sdmx:org.sdmx.infomodel.codelist.Code=IT1:CL_REFAREA(1.2).103062">
          <Name xml:lang="it" xmlns="http://www.sdmx.org/resources/sdmxml/schemas/v2_1/common">Santa Maria Maggiore</Name>
          <Name xml:lang="en" xmlns="http://www.sdmx.org/resources/sdmxml/schemas/v2_1/common">Santa Maria Maggiore</Name>
          <Parent>
            <Ref id="ITC14" xmlns="" />
          </Parent>
        </Code>
        <Code id="103063" urn="urn:sdmx:org.sdmx.infomodel.codelist.Code=IT1:CL_REFAREA(1.2).103063">
          <Name xml:lang="it" xmlns="http://www.sdmx.org/resources/sdmxml/schemas/v2_1/common">Seppiana</Name>
          <Name xml:lang="en" xmlns="http://www.sdmx.org/resources/sdmxml/schemas/v2_1/common">Seppiana</Name>
          <Parent>
            <Ref id="ITC14" xmlns="" />
          </Parent>
        </Code>
        <Code id="103064" urn="urn:sdmx:org.sdmx.infomodel.codelist.Code=IT1:CL_REFAREA(1.2).103064">
          <Name xml:lang="it" xmlns="http://www.sdmx.org/resources/sdmxml/schemas/v2_1/common">Stresa</Name>
          <Name xml:lang="en" xmlns="http://www.sdmx.org/resources/sdmxml/schemas/v2_1/common">Stresa</Name>
          <Parent>
            <Ref id="ITC14" xmlns="" />
          </Parent>
        </Code>
        <Code id="103065" urn="urn:sdmx:org.sdmx.infomodel.codelist.Code=IT1:CL_REFAREA(1.2).103065">
          <Name xml:lang="it" xmlns="http://www.sdmx.org/resources/sdmxml/schemas/v2_1/common">Toceno</Name>
          <Name xml:lang="en" xmlns="http://www.sdmx.org/resources/sdmxml/schemas/v2_1/common">Toceno</Name>
          <Parent>
            <Ref id="ITC14" xmlns="" />
          </Parent>
        </Code>
        <Code id="103066" urn="urn:sdmx:org.sdmx.infomodel.codelist.Code=IT1:CL_REFAREA(1.2).103066">
          <Name xml:lang="it" xmlns="http://www.sdmx.org/resources/sdmxml/schemas/v2_1/common">Trarego Viggiona</Name>
          <Name xml:lang="en" xmlns="http://www.sdmx.org/resources/sdmxml/schemas/v2_1/common">Trarego Viggiona</Name>
          <Parent>
            <Ref id="ITC14" xmlns="" />
          </Parent>
        </Code>
        <Code id="103067" urn="urn:sdmx:org.sdmx.infomodel.codelist.Code=IT1:CL_REFAREA(1.2).103067">
          <Name xml:lang="it" xmlns="http://www.sdmx.org/resources/sdmxml/schemas/v2_1/common">Trasquera</Name>
          <Name xml:lang="en" xmlns="http://www.sdmx.org/resources/sdmxml/schemas/v2_1/common">Trasquera</Name>
          <Parent>
            <Ref id="ITC14" xmlns="" />
          </Parent>
        </Code>
        <Code id="103068" urn="urn:sdmx:org.sdmx.infomodel.codelist.Code=IT1:CL_REFAREA(1.2).103068">
          <Name xml:lang="it" xmlns="http://www.sdmx.org/resources/sdmxml/schemas/v2_1/common">Trontano</Name>
          <Name xml:lang="en" xmlns="http://www.sdmx.org/resources/sdmxml/schemas/v2_1/common">Trontano</Name>
          <Parent>
            <Ref id="ITC14" xmlns="" />
          </Parent>
        </Code>
        <Code id="103069" urn="urn:sdmx:org.sdmx.infomodel.codelist.Code=IT1:CL_REFAREA(1.2).103069">
          <Name xml:lang="it" xmlns="http://www.sdmx.org/resources/sdmxml/schemas/v2_1/common">Valstrona</Name>
          <Name xml:lang="en" xmlns="http://www.sdmx.org/resources/sdmxml/schemas/v2_1/common">Valstrona</Name>
          <Parent>
            <Ref id="ITC14" xmlns="" />
          </Parent>
        </Code>
        <Code id="103070" urn="urn:sdmx:org.sdmx.infomodel.codelist.Code=IT1:CL_REFAREA(1.2).103070">
          <Name xml:lang="it" xmlns="http://www.sdmx.org/resources/sdmxml/schemas/v2_1/common">Vanzone con San Carlo</Name>
          <Name xml:lang="en" xmlns="http://www.sdmx.org/resources/sdmxml/schemas/v2_1/common">Vanzone con San Carlo</Name>
          <Parent>
            <Ref id="ITC14" xmlns="" />
          </Parent>
        </Code>
        <Code id="103071" urn="urn:sdmx:org.sdmx.infomodel.codelist.Code=IT1:CL_REFAREA(1.2).103071">
          <Name xml:lang="it" xmlns="http://www.sdmx.org/resources/sdmxml/schemas/v2_1/common">Varzo</Name>
          <Name xml:lang="en" xmlns="http://www.sdmx.org/resources/sdmxml/schemas/v2_1/common">Varzo</Name>
          <Parent>
            <Ref id="ITC14" xmlns="" />
          </Parent>
        </Code>
        <Code id="103072" urn="urn:sdmx:org.sdmx.infomodel.codelist.Code=IT1:CL_REFAREA(1.2).103072">
          <Name xml:lang="it" xmlns="http://www.sdmx.org/resources/sdmxml/schemas/v2_1/common">Verbania</Name>
          <Name xml:lang="en" xmlns="http://www.sdmx.org/resources/sdmxml/schemas/v2_1/common">Verbania</Name>
          <Parent>
            <Ref id="ITC14" xmlns="" />
          </Parent>
        </Code>
        <Code id="103073" urn="urn:sdmx:org.sdmx.infomodel.codelist.Code=IT1:CL_REFAREA(1.2).103073">
          <Name xml:lang="it" xmlns="http://www.sdmx.org/resources/sdmxml/schemas/v2_1/common">Viganella</Name>
          <Name xml:lang="en" xmlns="http://www.sdmx.org/resources/sdmxml/schemas/v2_1/common">Viganella</Name>
          <Parent>
            <Ref id="ITC14" xmlns="" />
          </Parent>
        </Code>
        <Code id="103074" urn="urn:sdmx:org.sdmx.infomodel.codelist.Code=IT1:CL_REFAREA(1.2).103074">
          <Name xml:lang="it" xmlns="http://www.sdmx.org/resources/sdmxml/schemas/v2_1/common">Vignone</Name>
          <Name xml:lang="en" xmlns="http://www.sdmx.org/resources/sdmxml/schemas/v2_1/common">Vignone</Name>
          <Parent>
            <Ref id="ITC14" xmlns="" />
          </Parent>
        </Code>
        <Code id="103075" urn="urn:sdmx:org.sdmx.infomodel.codelist.Code=IT1:CL_REFAREA(1.2).103075">
          <Name xml:lang="it" xmlns="http://www.sdmx.org/resources/sdmxml/schemas/v2_1/common">Villadossola</Name>
          <Name xml:lang="en" xmlns="http://www.sdmx.org/resources/sdmxml/schemas/v2_1/common">Villadossola</Name>
          <Parent>
            <Ref id="ITC14" xmlns="" />
          </Parent>
        </Code>
        <Code id="103076" urn="urn:sdmx:org.sdmx.infomodel.codelist.Code=IT1:CL_REFAREA(1.2).103076">
          <Name xml:lang="it" xmlns="http://www.sdmx.org/resources/sdmxml/schemas/v2_1/common">Villette</Name>
          <Name xml:lang="en" xmlns="http://www.sdmx.org/resources/sdmxml/schemas/v2_1/common">Villette</Name>
          <Parent>
            <Ref id="ITC14" xmlns="" />
          </Parent>
        </Code>
        <Code id="103077" urn="urn:sdmx:org.sdmx.infomodel.codelist.Code=IT1:CL_REFAREA(1.2).103077">
          <Name xml:lang="it" xmlns="http://www.sdmx.org/resources/sdmxml/schemas/v2_1/common">Vogogna</Name>
          <Name xml:lang="en" xmlns="http://www.sdmx.org/resources/sdmxml/schemas/v2_1/common">Vogogna</Name>
          <Parent>
            <Ref id="ITC14" xmlns="" />
          </Parent>
        </Code>
        <Code id="104001" urn="urn:sdmx:org.sdmx.infomodel.codelist.Code=IT1:CL_REFAREA(1.2).104001">
          <Name xml:lang="it" xmlns="http://www.sdmx.org/resources/sdmxml/schemas/v2_1/common">Aggius</Name>
          <Name xml:lang="en" xmlns="http://www.sdmx.org/resources/sdmxml/schemas/v2_1/common">Aggius</Name>
          <Parent>
            <Ref id="ITG29" xmlns="" />
          </Parent>
        </Code>
        <Code id="104002" urn="urn:sdmx:org.sdmx.infomodel.codelist.Code=IT1:CL_REFAREA(1.2).104002">
          <Name xml:lang="it" xmlns="http://www.sdmx.org/resources/sdmxml/schemas/v2_1/common">Aglientu</Name>
          <Name xml:lang="en" xmlns="http://www.sdmx.org/resources/sdmxml/schemas/v2_1/common">Aglientu</Name>
          <Parent>
            <Ref id="ITG29" xmlns="" />
          </Parent>
        </Code>
        <Code id="104003" urn="urn:sdmx:org.sdmx.infomodel.codelist.Code=IT1:CL_REFAREA(1.2).104003">
          <Name xml:lang="it" xmlns="http://www.sdmx.org/resources/sdmxml/schemas/v2_1/common">Alà dei Sardi</Name>
          <Name xml:lang="en" xmlns="http://www.sdmx.org/resources/sdmxml/schemas/v2_1/common">Alà dei Sardi</Name>
          <Parent>
            <Ref id="ITG29" xmlns="" />
          </Parent>
        </Code>
        <Code id="104004" urn="urn:sdmx:org.sdmx.infomodel.codelist.Code=IT1:CL_REFAREA(1.2).104004">
          <Name xml:lang="it" xmlns="http://www.sdmx.org/resources/sdmxml/schemas/v2_1/common">Arzachena</Name>
          <Name xml:lang="en" xmlns="http://www.sdmx.org/resources/sdmxml/schemas/v2_1/common">Arzachena</Name>
          <Parent>
            <Ref id="ITG29" xmlns="" />
          </Parent>
        </Code>
        <Code id="104005" urn="urn:sdmx:org.sdmx.infomodel.codelist.Code=IT1:CL_REFAREA(1.2).104005">
          <Name xml:lang="it" xmlns="http://www.sdmx.org/resources/sdmxml/schemas/v2_1/common">Badesi</Name>
          <Name xml:lang="en" xmlns="http://www.sdmx.org/resources/sdmxml/schemas/v2_1/common">Badesi</Name>
          <Parent>
            <Ref id="ITG29" xmlns="" />
          </Parent>
        </Code>
        <Code id="104006" urn="urn:sdmx:org.sdmx.infomodel.codelist.Code=IT1:CL_REFAREA(1.2).104006">
          <Name xml:lang="it" xmlns="http://www.sdmx.org/resources/sdmxml/schemas/v2_1/common">Berchidda</Name>
          <Name xml:lang="en" xmlns="http://www.sdmx.org/resources/sdmxml/schemas/v2_1/common">Berchidda</Name>
          <Parent>
            <Ref id="ITG29" xmlns="" />
          </Parent>
        </Code>
        <Code id="104007" urn="urn:sdmx:org.sdmx.infomodel.codelist.Code=IT1:CL_REFAREA(1.2).104007">
          <Name xml:lang="it" xmlns="http://www.sdmx.org/resources/sdmxml/schemas/v2_1/common">Bortigiadas</Name>
          <Name xml:lang="en" xmlns="http://www.sdmx.org/resources/sdmxml/schemas/v2_1/common">Bortigiadas</Name>
          <Parent>
            <Ref id="ITG29" xmlns="" />
          </Parent>
        </Code>
        <Code id="104008" urn="urn:sdmx:org.sdmx.infomodel.codelist.Code=IT1:CL_REFAREA(1.2).104008">
          <Name xml:lang="it" xmlns="http://www.sdmx.org/resources/sdmxml/schemas/v2_1/common">Buddusò</Name>
          <Name xml:lang="en" xmlns="http://www.sdmx.org/resources/sdmxml/schemas/v2_1/common">Buddusò</Name>
          <Parent>
            <Ref id="ITG29" xmlns="" />
          </Parent>
        </Code>
        <Code id="104009" urn="urn:sdmx:org.sdmx.infomodel.codelist.Code=IT1:CL_REFAREA(1.2).104009">
          <Name xml:lang="it" xmlns="http://www.sdmx.org/resources/sdmxml/schemas/v2_1/common">Budoni</Name>
          <Name xml:lang="en" xmlns="http://www.sdmx.org/resources/sdmxml/schemas/v2_1/common">Budoni</Name>
          <Parent>
            <Ref id="ITG29" xmlns="" />
          </Parent>
        </Code>
        <Code id="104010" urn="urn:sdmx:org.sdmx.infomodel.codelist.Code=IT1:CL_REFAREA(1.2).104010">
          <Name xml:lang="it" xmlns="http://www.sdmx.org/resources/sdmxml/schemas/v2_1/common">Calangianus</Name>
          <Name xml:lang="en" xmlns="http://www.sdmx.org/resources/sdmxml/schemas/v2_1/common">Calangianus</Name>
          <Parent>
            <Ref id="ITG29" xmlns="" />
          </Parent>
        </Code>
        <Code id="104011" urn="urn:sdmx:org.sdmx.infomodel.codelist.Code=IT1:CL_REFAREA(1.2).104011">
          <Name xml:lang="it" xmlns="http://www.sdmx.org/resources/sdmxml/schemas/v2_1/common">Golfo Aranci</Name>
          <Name xml:lang="en" xmlns="http://www.sdmx.org/resources/sdmxml/schemas/v2_1/common">Golfo Aranci</Name>
          <Parent>
            <Ref id="ITG29" xmlns="" />
          </Parent>
        </Code>
        <Code id="104012" urn="urn:sdmx:org.sdmx.infomodel.codelist.Code=IT1:CL_REFAREA(1.2).104012">
          <Name xml:lang="it" xmlns="http://www.sdmx.org/resources/sdmxml/schemas/v2_1/common">La Maddalena</Name>
          <Name xml:lang="en" xmlns="http://www.sdmx.org/resources/sdmxml/schemas/v2_1/common">La Maddalena</Name>
          <Parent>
            <Ref id="ITG29" xmlns="" />
          </Parent>
        </Code>
        <Code id="104013" urn="urn:sdmx:org.sdmx.infomodel.codelist.Code=IT1:CL_REFAREA(1.2).104013">
          <Name xml:lang="it" xmlns="http://www.sdmx.org/resources/sdmxml/schemas/v2_1/common">Loiri Porto San Paolo</Name>
          <Name xml:lang="en" xmlns="http://www.sdmx.org/resources/sdmxml/schemas/v2_1/common">Loiri Porto San Paolo</Name>
          <Parent>
            <Ref id="ITG29" xmlns="" />
          </Parent>
        </Code>
        <Code id="104014" urn="urn:sdmx:org.sdmx.infomodel.codelist.Code=IT1:CL_REFAREA(1.2).104014">
          <Name xml:lang="it" xmlns="http://www.sdmx.org/resources/sdmxml/schemas/v2_1/common">Luogosanto</Name>
          <Name xml:lang="en" xmlns="http://www.sdmx.org/resources/sdmxml/schemas/v2_1/common">Luogosanto</Name>
          <Parent>
            <Ref id="ITG29" xmlns="" />
          </Parent>
        </Code>
        <Code id="104015" urn="urn:sdmx:org.sdmx.infomodel.codelist.Code=IT1:CL_REFAREA(1.2).104015">
          <Name xml:lang="it" xmlns="http://www.sdmx.org/resources/sdmxml/schemas/v2_1/common">Luras</Name>
          <Name xml:lang="en" xmlns="http://www.sdmx.org/resources/sdmxml/schemas/v2_1/common">Luras</Name>
          <Parent>
            <Ref id="ITG29" xmlns="" />
          </Parent>
        </Code>
        <Code id="104016" urn="urn:sdmx:org.sdmx.infomodel.codelist.Code=IT1:CL_REFAREA(1.2).104016">
          <Name xml:lang="it" xmlns="http://www.sdmx.org/resources/sdmxml/schemas/v2_1/common">Monti</Name>
          <Name xml:lang="en" xmlns="http://www.sdmx.org/resources/sdmxml/schemas/v2_1/common">Monti</Name>
          <Parent>
            <Ref id="ITG29" xmlns="" />
          </Parent>
        </Code>
        <Code id="104017" urn="urn:sdmx:org.sdmx.infomodel.codelist.Code=IT1:CL_REFAREA(1.2).104017">
          <Name xml:lang="it" xmlns="http://www.sdmx.org/resources/sdmxml/schemas/v2_1/common">Olbia</Name>
          <Name xml:lang="en" xmlns="http://www.sdmx.org/resources/sdmxml/schemas/v2_1/common">Olbia</Name>
          <Parent>
            <Ref id="ITG29" xmlns="" />
          </Parent>
        </Code>
        <Code id="104018" urn="urn:sdmx:org.sdmx.infomodel.codelist.Code=IT1:CL_REFAREA(1.2).104018">
          <Name xml:lang="it" xmlns="http://www.sdmx.org/resources/sdmxml/schemas/v2_1/common">Oschiri</Name>
          <Name xml:lang="en" xmlns="http://www.sdmx.org/resources/sdmxml/schemas/v2_1/common">Oschiri</Name>
          <Parent>
            <Ref id="ITG29" xmlns="" />
          </Parent>
        </Code>
        <Code id="104019" urn="urn:sdmx:org.sdmx.infomodel.codelist.Code=IT1:CL_REFAREA(1.2).104019">
          <Name xml:lang="it" xmlns="http://www.sdmx.org/resources/sdmxml/schemas/v2_1/common">Padru</Name>
          <Name xml:lang="en" xmlns="http://www.sdmx.org/resources/sdmxml/schemas/v2_1/common">Padru</Name>
          <Parent>
            <Ref id="ITG29" xmlns="" />
          </Parent>
        </Code>
        <Code id="104020" urn="urn:sdmx:org.sdmx.infomodel.codelist.Code=IT1:CL_REFAREA(1.2).104020">
          <Name xml:lang="it" xmlns="http://www.sdmx.org/resources/sdmxml/schemas/v2_1/common">Palau</Name>
          <Name xml:lang="en" xmlns="http://www.sdmx.org/resources/sdmxml/schemas/v2_1/common">Palau</Name>
          <Parent>
            <Ref id="ITG29" xmlns="" />
          </Parent>
        </Code>
        <Code id="104021" urn="urn:sdmx:org.sdmx.infomodel.codelist.Code=IT1:CL_REFAREA(1.2).104021">
          <Name xml:lang="it" xmlns="http://www.sdmx.org/resources/sdmxml/schemas/v2_1/common">Sant'Antonio di Gallura</Name>
          <Name xml:lang="en" xmlns="http://www.sdmx.org/resources/sdmxml/schemas/v2_1/common">Sant'Antonio di Gallura</Name>
          <Parent>
            <Ref id="ITG29" xmlns="" />
          </Parent>
        </Code>
        <Code id="104022" urn="urn:sdmx:org.sdmx.infomodel.codelist.Code=IT1:CL_REFAREA(1.2).104022">
          <Name xml:lang="it" xmlns="http://www.sdmx.org/resources/sdmxml/schemas/v2_1/common">Santa Teresa Gallura</Name>
          <Name xml:lang="en" xmlns="http://www.sdmx.org/resources/sdmxml/schemas/v2_1/common">Santa Teresa Gallura</Name>
          <Parent>
            <Ref id="ITG29" xmlns="" />
          </Parent>
        </Code>
        <Code id="104023" urn="urn:sdmx:org.sdmx.infomodel.codelist.Code=IT1:CL_REFAREA(1.2).104023">
          <Name xml:lang="it" xmlns="http://www.sdmx.org/resources/sdmxml/schemas/v2_1/common">San Teodoro</Name>
          <Name xml:lang="en" xmlns="http://www.sdmx.org/resources/sdmxml/schemas/v2_1/common">San Teodoro</Name>
          <Parent>
            <Ref id="ITG29" xmlns="" />
          </Parent>
        </Code>
        <Code id="104024" urn="urn:sdmx:org.sdmx.infomodel.codelist.Code=IT1:CL_REFAREA(1.2).104024">
          <Name xml:lang="it" xmlns="http://www.sdmx.org/resources/sdmxml/schemas/v2_1/common">Telti</Name>
          <Name xml:lang="en" xmlns="http://www.sdmx.org/resources/sdmxml/schemas/v2_1/common">Telti</Name>
          <Parent>
            <Ref id="ITG29" xmlns="" />
          </Parent>
        </Code>
        <Code id="104025" urn="urn:sdmx:org.sdmx.infomodel.codelist.Code=IT1:CL_REFAREA(1.2).104025">
          <Name xml:lang="it" xmlns="http://www.sdmx.org/resources/sdmxml/schemas/v2_1/common">Tempio Pausania</Name>
          <Name xml:lang="en" xmlns="http://www.sdmx.org/resources/sdmxml/schemas/v2_1/common">Tempio Pausania</Name>
          <Parent>
            <Ref id="ITG29" xmlns="" />
          </Parent>
        </Code>
        <Code id="104026" urn="urn:sdmx:org.sdmx.infomodel.codelist.Code=IT1:CL_REFAREA(1.2).104026">
          <Name xml:lang="it" xmlns="http://www.sdmx.org/resources/sdmxml/schemas/v2_1/common">Trinità d'Agultu e Vignola</Name>
          <Name xml:lang="en" xmlns="http://www.sdmx.org/resources/sdmxml/schemas/v2_1/common">Trinità d'Agultu e Vignola</Name>
          <Parent>
            <Ref id="ITG29" xmlns="" />
          </Parent>
        </Code>
        <Code id="105001" urn="urn:sdmx:org.sdmx.infomodel.codelist.Code=IT1:CL_REFAREA(1.2).105001">
          <Name xml:lang="it" xmlns="http://www.sdmx.org/resources/sdmxml/schemas/v2_1/common">Arzana</Name>
          <Name xml:lang="en" xmlns="http://www.sdmx.org/resources/sdmxml/schemas/v2_1/common">Arzana</Name>
          <Parent>
            <Ref id="ITG2A" xmlns="" />
          </Parent>
        </Code>
        <Code id="105002" urn="urn:sdmx:org.sdmx.infomodel.codelist.Code=IT1:CL_REFAREA(1.2).105002">
          <Name xml:lang="it" xmlns="http://www.sdmx.org/resources/sdmxml/schemas/v2_1/common">Bari Sardo</Name>
          <Name xml:lang="en" xmlns="http://www.sdmx.org/resources/sdmxml/schemas/v2_1/common">Bari Sardo</Name>
          <Parent>
            <Ref id="ITG2A" xmlns="" />
          </Parent>
        </Code>
        <Code id="105003" urn="urn:sdmx:org.sdmx.infomodel.codelist.Code=IT1:CL_REFAREA(1.2).105003">
          <Name xml:lang="it" xmlns="http://www.sdmx.org/resources/sdmxml/schemas/v2_1/common">Baunei</Name>
          <Name xml:lang="en" xmlns="http://www.sdmx.org/resources/sdmxml/schemas/v2_1/common">Baunei</Name>
          <Parent>
            <Ref id="ITG2A" xmlns="" />
          </Parent>
        </Code>
        <Code id="105004" urn="urn:sdmx:org.sdmx.infomodel.codelist.Code=IT1:CL_REFAREA(1.2).105004">
          <Name xml:lang="it" xmlns="http://www.sdmx.org/resources/sdmxml/schemas/v2_1/common">Cardedu</Name>
          <Name xml:lang="en" xmlns="http://www.sdmx.org/resources/sdmxml/schemas/v2_1/common">Cardedu</Name>
          <Parent>
            <Ref id="ITG2A" xmlns="" />
          </Parent>
        </Code>
        <Code id="105005" urn="urn:sdmx:org.sdmx.infomodel.codelist.Code=IT1:CL_REFAREA(1.2).105005">
          <Name xml:lang="it" xmlns="http://www.sdmx.org/resources/sdmxml/schemas/v2_1/common">Elini</Name>
          <Name xml:lang="en" xmlns="http://www.sdmx.org/resources/sdmxml/schemas/v2_1/common">Elini</Name>
          <Parent>
            <Ref id="ITG2A" xmlns="" />
          </Parent>
        </Code>
        <Code id="105006" urn="urn:sdmx:org.sdmx.infomodel.codelist.Code=IT1:CL_REFAREA(1.2).105006">
          <Name xml:lang="it" xmlns="http://www.sdmx.org/resources/sdmxml/schemas/v2_1/common">Gairo</Name>
          <Name xml:lang="en" xmlns="http://www.sdmx.org/resources/sdmxml/schemas/v2_1/common">Gairo</Name>
          <Parent>
            <Ref id="ITG2A" xmlns="" />
          </Parent>
        </Code>
        <Code id="105007" urn="urn:sdmx:org.sdmx.infomodel.codelist.Code=IT1:CL_REFAREA(1.2).105007">
          <Name xml:lang="it" xmlns="http://www.sdmx.org/resources/sdmxml/schemas/v2_1/common">Girasole</Name>
          <Name xml:lang="en" xmlns="http://www.sdmx.org/resources/sdmxml/schemas/v2_1/common">Girasole</Name>
          <Parent>
            <Ref id="ITG2A" xmlns="" />
          </Parent>
        </Code>
        <Code id="105008" urn="urn:sdmx:org.sdmx.infomodel.codelist.Code=IT1:CL_REFAREA(1.2).105008">
          <Name xml:lang="it" xmlns="http://www.sdmx.org/resources/sdmxml/schemas/v2_1/common">Ilbono</Name>
          <Name xml:lang="en" xmlns="http://www.sdmx.org/resources/sdmxml/schemas/v2_1/common">Ilbono</Name>
          <Parent>
            <Ref id="ITG2A" xmlns="" />
          </Parent>
        </Code>
        <Code id="105009" urn="urn:sdmx:org.sdmx.infomodel.codelist.Code=IT1:CL_REFAREA(1.2).105009">
          <Name xml:lang="it" xmlns="http://www.sdmx.org/resources/sdmxml/schemas/v2_1/common">Jerzu</Name>
          <Name xml:lang="en" xmlns="http://www.sdmx.org/resources/sdmxml/schemas/v2_1/common">Jerzu</Name>
          <Parent>
            <Ref id="ITG2A" xmlns="" />
          </Parent>
        </Code>
        <Code id="105010" urn="urn:sdmx:org.sdmx.infomodel.codelist.Code=IT1:CL_REFAREA(1.2).105010">
          <Name xml:lang="it" xmlns="http://www.sdmx.org/resources/sdmxml/schemas/v2_1/common">Lanusei</Name>
          <Name xml:lang="en" xmlns="http://www.sdmx.org/resources/sdmxml/schemas/v2_1/common">Lanusei</Name>
          <Parent>
            <Ref id="ITG2A" xmlns="" />
          </Parent>
        </Code>
        <Code id="105011" urn="urn:sdmx:org.sdmx.infomodel.codelist.Code=IT1:CL_REFAREA(1.2).105011">
          <Name xml:lang="it" xmlns="http://www.sdmx.org/resources/sdmxml/schemas/v2_1/common">Loceri</Name>
          <Name xml:lang="en" xmlns="http://www.sdmx.org/resources/sdmxml/schemas/v2_1/common">Loceri</Name>
          <Parent>
            <Ref id="ITG2A" xmlns="" />
          </Parent>
        </Code>
        <Code id="105012" urn="urn:sdmx:org.sdmx.infomodel.codelist.Code=IT1:CL_REFAREA(1.2).105012">
          <Name xml:lang="it" xmlns="http://www.sdmx.org/resources/sdmxml/schemas/v2_1/common">Lotzorai</Name>
          <Name xml:lang="en" xmlns="http://www.sdmx.org/resources/sdmxml/schemas/v2_1/common">Lotzorai</Name>
          <Parent>
            <Ref id="ITG2A" xmlns="" />
          </Parent>
        </Code>
        <Code id="105013" urn="urn:sdmx:org.sdmx.infomodel.codelist.Code=IT1:CL_REFAREA(1.2).105013">
          <Name xml:lang="it" xmlns="http://www.sdmx.org/resources/sdmxml/schemas/v2_1/common">Osini</Name>
          <Name xml:lang="en" xmlns="http://www.sdmx.org/resources/sdmxml/schemas/v2_1/common">Osini</Name>
          <Parent>
            <Ref id="ITG2A" xmlns="" />
          </Parent>
        </Code>
        <Code id="105014" urn="urn:sdmx:org.sdmx.infomodel.codelist.Code=IT1:CL_REFAREA(1.2).105014">
          <Name xml:lang="it" xmlns="http://www.sdmx.org/resources/sdmxml/schemas/v2_1/common">Perdasdefogu</Name>
          <Name xml:lang="en" xmlns="http://www.sdmx.org/resources/sdmxml/schemas/v2_1/common">Perdasdefogu</Name>
          <Parent>
            <Ref id="ITG2A" xmlns="" />
          </Parent>
        </Code>
        <Code id="105015" urn="urn:sdmx:org.sdmx.infomodel.codelist.Code=IT1:CL_REFAREA(1.2).105015">
          <Name xml:lang="it" xmlns="http://www.sdmx.org/resources/sdmxml/schemas/v2_1/common">Seui</Name>
          <Name xml:lang="en" xmlns="http://www.sdmx.org/resources/sdmxml/schemas/v2_1/common">Seui</Name>
          <Parent>
            <Ref id="ITG2A" xmlns="" />
          </Parent>
        </Code>
        <Code id="105016" urn="urn:sdmx:org.sdmx.infomodel.codelist.Code=IT1:CL_REFAREA(1.2).105016">
          <Name xml:lang="it" xmlns="http://www.sdmx.org/resources/sdmxml/schemas/v2_1/common">Talana</Name>
          <Name xml:lang="en" xmlns="http://www.sdmx.org/resources/sdmxml/schemas/v2_1/common">Talana</Name>
          <Parent>
            <Ref id="ITG2A" xmlns="" />
          </Parent>
        </Code>
        <Code id="105017" urn="urn:sdmx:org.sdmx.infomodel.codelist.Code=IT1:CL_REFAREA(1.2).105017">
          <Name xml:lang="it" xmlns="http://www.sdmx.org/resources/sdmxml/schemas/v2_1/common">Tertenia</Name>
          <Name xml:lang="en" xmlns="http://www.sdmx.org/resources/sdmxml/schemas/v2_1/common">Tertenia</Name>
          <Parent>
            <Ref id="ITG2A" xmlns="" />
          </Parent>
        </Code>
        <Code id="105018" urn="urn:sdmx:org.sdmx.infomodel.codelist.Code=IT1:CL_REFAREA(1.2).105018">
          <Name xml:lang="it" xmlns="http://www.sdmx.org/resources/sdmxml/schemas/v2_1/common">Tortolì</Name>
          <Name xml:lang="en" xmlns="http://www.sdmx.org/resources/sdmxml/schemas/v2_1/common">Tortolì</Name>
          <Parent>
            <Ref id="ITG2A" xmlns="" />
          </Parent>
        </Code>
        <Code id="105019" urn="urn:sdmx:org.sdmx.infomodel.codelist.Code=IT1:CL_REFAREA(1.2).105019">
          <Name xml:lang="it" xmlns="http://www.sdmx.org/resources/sdmxml/schemas/v2_1/common">Triei</Name>
          <Name xml:lang="en" xmlns="http://www.sdmx.org/resources/sdmxml/schemas/v2_1/common">Triei</Name>
          <Parent>
            <Ref id="ITG2A" xmlns="" />
          </Parent>
        </Code>
        <Code id="105020" urn="urn:sdmx:org.sdmx.infomodel.codelist.Code=IT1:CL_REFAREA(1.2).105020">
          <Name xml:lang="it" xmlns="http://www.sdmx.org/resources/sdmxml/schemas/v2_1/common">Ulassai</Name>
          <Name xml:lang="en" xmlns="http://www.sdmx.org/resources/sdmxml/schemas/v2_1/common">Ulassai</Name>
          <Parent>
            <Ref id="ITG2A" xmlns="" />
          </Parent>
        </Code>
        <Code id="105021" urn="urn:sdmx:org.sdmx.infomodel.codelist.Code=IT1:CL_REFAREA(1.2).105021">
          <Name xml:lang="it" xmlns="http://www.sdmx.org/resources/sdmxml/schemas/v2_1/common">Urzulei</Name>
          <Name xml:lang="en" xmlns="http://www.sdmx.org/resources/sdmxml/schemas/v2_1/common">Urzulei</Name>
          <Parent>
            <Ref id="ITG2A" xmlns="" />
          </Parent>
        </Code>
        <Code id="105022" urn="urn:sdmx:org.sdmx.infomodel.codelist.Code=IT1:CL_REFAREA(1.2).105022">
          <Name xml:lang="it" xmlns="http://www.sdmx.org/resources/sdmxml/schemas/v2_1/common">Ussassai</Name>
          <Name xml:lang="en" xmlns="http://www.sdmx.org/resources/sdmxml/schemas/v2_1/common">Ussassai</Name>
          <Parent>
            <Ref id="ITG2A" xmlns="" />
          </Parent>
        </Code>
        <Code id="105023" urn="urn:sdmx:org.sdmx.infomodel.codelist.Code=IT1:CL_REFAREA(1.2).105023">
          <Name xml:lang="it" xmlns="http://www.sdmx.org/resources/sdmxml/schemas/v2_1/common">Villagrande Strisaili</Name>
          <Name xml:lang="en" xmlns="http://www.sdmx.org/resources/sdmxml/schemas/v2_1/common">Villagrande Strisaili</Name>
          <Parent>
            <Ref id="ITG2A" xmlns="" />
          </Parent>
        </Code>
        <Code id="106001" urn="urn:sdmx:org.sdmx.infomodel.codelist.Code=IT1:CL_REFAREA(1.2).106001">
          <Name xml:lang="it" xmlns="http://www.sdmx.org/resources/sdmxml/schemas/v2_1/common">Arbus</Name>
          <Name xml:lang="en" xmlns="http://www.sdmx.org/resources/sdmxml/schemas/v2_1/common">Arbus</Name>
          <Parent>
            <Ref id="ITG2B" xmlns="" />
          </Parent>
        </Code>
        <Code id="106002" urn="urn:sdmx:org.sdmx.infomodel.codelist.Code=IT1:CL_REFAREA(1.2).106002">
          <Name xml:lang="it" xmlns="http://www.sdmx.org/resources/sdmxml/schemas/v2_1/common">Barumini</Name>
          <Name xml:lang="en" xmlns="http://www.sdmx.org/resources/sdmxml/schemas/v2_1/common">Barumini</Name>
          <Parent>
            <Ref id="ITG2B" xmlns="" />
          </Parent>
        </Code>
        <Code id="106003" urn="urn:sdmx:org.sdmx.infomodel.codelist.Code=IT1:CL_REFAREA(1.2).106003">
          <Name xml:lang="it" xmlns="http://www.sdmx.org/resources/sdmxml/schemas/v2_1/common">Collinas</Name>
          <Name xml:lang="en" xmlns="http://www.sdmx.org/resources/sdmxml/schemas/v2_1/common">Collinas</Name>
          <Parent>
            <Ref id="ITG2B" xmlns="" />
          </Parent>
        </Code>
        <Code id="106004" urn="urn:sdmx:org.sdmx.infomodel.codelist.Code=IT1:CL_REFAREA(1.2).106004">
          <Name xml:lang="it" xmlns="http://www.sdmx.org/resources/sdmxml/schemas/v2_1/common">Furtei</Name>
          <Name xml:lang="en" xmlns="http://www.sdmx.org/resources/sdmxml/schemas/v2_1/common">Furtei</Name>
          <Parent>
            <Ref id="ITG2B" xmlns="" />
          </Parent>
        </Code>
        <Code id="106005" urn="urn:sdmx:org.sdmx.infomodel.codelist.Code=IT1:CL_REFAREA(1.2).106005">
          <Name xml:lang="it" xmlns="http://www.sdmx.org/resources/sdmxml/schemas/v2_1/common">Genuri</Name>
          <Name xml:lang="en" xmlns="http://www.sdmx.org/resources/sdmxml/schemas/v2_1/common">Genuri</Name>
          <Parent>
            <Ref id="ITG2B" xmlns="" />
          </Parent>
        </Code>
        <Code id="106006" urn="urn:sdmx:org.sdmx.infomodel.codelist.Code=IT1:CL_REFAREA(1.2).106006">
          <Name xml:lang="it" xmlns="http://www.sdmx.org/resources/sdmxml/schemas/v2_1/common">Gesturi</Name>
          <Name xml:lang="en" xmlns="http://www.sdmx.org/resources/sdmxml/schemas/v2_1/common">Gesturi</Name>
          <Parent>
            <Ref id="ITG2B" xmlns="" />
          </Parent>
        </Code>
        <Code id="106007" urn="urn:sdmx:org.sdmx.infomodel.codelist.Code=IT1:CL_REFAREA(1.2).106007">
          <Name xml:lang="it" xmlns="http://www.sdmx.org/resources/sdmxml/schemas/v2_1/common">Gonnosfanadiga</Name>
          <Name xml:lang="en" xmlns="http://www.sdmx.org/resources/sdmxml/schemas/v2_1/common">Gonnosfanadiga</Name>
          <Parent>
            <Ref id="ITG2B" xmlns="" />
          </Parent>
        </Code>
        <Code id="106008" urn="urn:sdmx:org.sdmx.infomodel.codelist.Code=IT1:CL_REFAREA(1.2).106008">
          <Name xml:lang="it" xmlns="http://www.sdmx.org/resources/sdmxml/schemas/v2_1/common">Guspini</Name>
          <Name xml:lang="en" xmlns="http://www.sdmx.org/resources/sdmxml/schemas/v2_1/common">Guspini</Name>
          <Parent>
            <Ref id="ITG2B" xmlns="" />
          </Parent>
        </Code>
        <Code id="106009" urn="urn:sdmx:org.sdmx.infomodel.codelist.Code=IT1:CL_REFAREA(1.2).106009">
          <Name xml:lang="it" xmlns="http://www.sdmx.org/resources/sdmxml/schemas/v2_1/common">Las Plassas</Name>
          <Name xml:lang="en" xmlns="http://www.sdmx.org/resources/sdmxml/schemas/v2_1/common">Las Plassas</Name>
          <Parent>
            <Ref id="ITG2B" xmlns="" />
          </Parent>
        </Code>
        <Code id="106010" urn="urn:sdmx:org.sdmx.infomodel.codelist.Code=IT1:CL_REFAREA(1.2).106010">
          <Name xml:lang="it" xmlns="http://www.sdmx.org/resources/sdmxml/schemas/v2_1/common">Lunamatrona</Name>
          <Name xml:lang="en" xmlns="http://www.sdmx.org/resources/sdmxml/schemas/v2_1/common">Lunamatrona</Name>
          <Parent>
            <Ref id="ITG2B" xmlns="" />
          </Parent>
        </Code>
        <Code id="106011" urn="urn:sdmx:org.sdmx.infomodel.codelist.Code=IT1:CL_REFAREA(1.2).106011">
          <Name xml:lang="it" xmlns="http://www.sdmx.org/resources/sdmxml/schemas/v2_1/common">Pabillonis</Name>
          <Name xml:lang="en" xmlns="http://www.sdmx.org/resources/sdmxml/schemas/v2_1/common">Pabillonis</Name>
          <Parent>
            <Ref id="ITG2B" xmlns="" />
          </Parent>
        </Code>
        <Code id="106012" urn="urn:sdmx:org.sdmx.infomodel.codelist.Code=IT1:CL_REFAREA(1.2).106012">
          <Name xml:lang="it" xmlns="http://www.sdmx.org/resources/sdmxml/schemas/v2_1/common">Pauli Arbarei</Name>
          <Name xml:lang="en" xmlns="http://www.sdmx.org/resources/sdmxml/schemas/v2_1/common">Pauli Arbarei</Name>
          <Parent>
            <Ref id="ITG2B" xmlns="" />
          </Parent>
        </Code>
        <Code id="106013" urn="urn:sdmx:org.sdmx.infomodel.codelist.Code=IT1:CL_REFAREA(1.2).106013">
          <Name xml:lang="it" xmlns="http://www.sdmx.org/resources/sdmxml/schemas/v2_1/common">Samassi</Name>
          <Name xml:lang="en" xmlns="http://www.sdmx.org/resources/sdmxml/schemas/v2_1/common">Samassi</Name>
          <Parent>
            <Ref id="ITG2B" xmlns="" />
          </Parent>
        </Code>
        <Code id="106014" urn="urn:sdmx:org.sdmx.infomodel.codelist.Code=IT1:CL_REFAREA(1.2).106014">
          <Name xml:lang="it" xmlns="http://www.sdmx.org/resources/sdmxml/schemas/v2_1/common">San Gavino Monreale</Name>
          <Name xml:lang="en" xmlns="http://www.sdmx.org/resources/sdmxml/schemas/v2_1/common">San Gavino Monreale</Name>
          <Parent>
            <Ref id="ITG2B" xmlns="" />
          </Parent>
        </Code>
        <Code id="106015" urn="urn:sdmx:org.sdmx.infomodel.codelist.Code=IT1:CL_REFAREA(1.2).106015">
          <Name xml:lang="it" xmlns="http://www.sdmx.org/resources/sdmxml/schemas/v2_1/common">Sanluri</Name>
          <Name xml:lang="en" xmlns="http://www.sdmx.org/resources/sdmxml/schemas/v2_1/common">Sanluri</Name>
          <Parent>
            <Ref id="ITG2B" xmlns="" />
          </Parent>
        </Code>
        <Code id="106016" urn="urn:sdmx:org.sdmx.infomodel.codelist.Code=IT1:CL_REFAREA(1.2).106016">
          <Name xml:lang="it" xmlns="http://www.sdmx.org/resources/sdmxml/schemas/v2_1/common">Sardara</Name>
          <Name xml:lang="en" xmlns="http://www.sdmx.org/resources/sdmxml/schemas/v2_1/common">Sardara</Name>
          <Parent>
            <Ref id="ITG2B" xmlns="" />
          </Parent>
        </Code>
        <Code id="106017" urn="urn:sdmx:org.sdmx.infomodel.codelist.Code=IT1:CL_REFAREA(1.2).106017">
          <Name xml:lang="it" xmlns="http://www.sdmx.org/resources/sdmxml/schemas/v2_1/common">Segariu</Name>
          <Name xml:lang="en" xmlns="http://www.sdmx.org/resources/sdmxml/schemas/v2_1/common">Segariu</Name>
          <Parent>
            <Ref id="ITG2B" xmlns="" />
          </Parent>
        </Code>
        <Code id="106018" urn="urn:sdmx:org.sdmx.infomodel.codelist.Code=IT1:CL_REFAREA(1.2).106018">
          <Name xml:lang="it" xmlns="http://www.sdmx.org/resources/sdmxml/schemas/v2_1/common">Serramanna</Name>
          <Name xml:lang="en" xmlns="http://www.sdmx.org/resources/sdmxml/schemas/v2_1/common">Serramanna</Name>
          <Parent>
            <Ref id="ITG2B" xmlns="" />
          </Parent>
        </Code>
        <Code id="106019" urn="urn:sdmx:org.sdmx.infomodel.codelist.Code=IT1:CL_REFAREA(1.2).106019">
          <Name xml:lang="it" xmlns="http://www.sdmx.org/resources/sdmxml/schemas/v2_1/common">Serrenti</Name>
          <Name xml:lang="en" xmlns="http://www.sdmx.org/resources/sdmxml/schemas/v2_1/common">Serrenti</Name>
          <Parent>
            <Ref id="ITG2B" xmlns="" />
          </Parent>
        </Code>
        <Code id="106020" urn="urn:sdmx:org.sdmx.infomodel.codelist.Code=IT1:CL_REFAREA(1.2).106020">
          <Name xml:lang="it" xmlns="http://www.sdmx.org/resources/sdmxml/schemas/v2_1/common">Setzu</Name>
          <Name xml:lang="en" xmlns="http://www.sdmx.org/resources/sdmxml/schemas/v2_1/common">Setzu</Name>
          <Parent>
            <Ref id="ITG2B" xmlns="" />
          </Parent>
        </Code>
        <Code id="106021" urn="urn:sdmx:org.sdmx.infomodel.codelist.Code=IT1:CL_REFAREA(1.2).106021">
          <Name xml:lang="it" xmlns="http://www.sdmx.org/resources/sdmxml/schemas/v2_1/common">Siddi</Name>
          <Name xml:lang="en" xmlns="http://www.sdmx.org/resources/sdmxml/schemas/v2_1/common">Siddi</Name>
          <Parent>
            <Ref id="ITG2B" xmlns="" />
          </Parent>
        </Code>
        <Code id="106022" urn="urn:sdmx:org.sdmx.infomodel.codelist.Code=IT1:CL_REFAREA(1.2).106022">
          <Name xml:lang="it" xmlns="http://www.sdmx.org/resources/sdmxml/schemas/v2_1/common">Tuili</Name>
          <Name xml:lang="en" xmlns="http://www.sdmx.org/resources/sdmxml/schemas/v2_1/common">Tuili</Name>
          <Parent>
            <Ref id="ITG2B" xmlns="" />
          </Parent>
        </Code>
        <Code id="106023" urn="urn:sdmx:org.sdmx.infomodel.codelist.Code=IT1:CL_REFAREA(1.2).106023">
          <Name xml:lang="it" xmlns="http://www.sdmx.org/resources/sdmxml/schemas/v2_1/common">Turri</Name>
          <Name xml:lang="en" xmlns="http://www.sdmx.org/resources/sdmxml/schemas/v2_1/common">Turri</Name>
          <Parent>
            <Ref id="ITG2B" xmlns="" />
          </Parent>
        </Code>
        <Code id="106024" urn="urn:sdmx:org.sdmx.infomodel.codelist.Code=IT1:CL_REFAREA(1.2).106024">
          <Name xml:lang="it" xmlns="http://www.sdmx.org/resources/sdmxml/schemas/v2_1/common">Ussaramanna</Name>
          <Name xml:lang="en" xmlns="http://www.sdmx.org/resources/sdmxml/schemas/v2_1/common">Ussaramanna</Name>
          <Parent>
            <Ref id="ITG2B" xmlns="" />
          </Parent>
        </Code>
        <Code id="106025" urn="urn:sdmx:org.sdmx.infomodel.codelist.Code=IT1:CL_REFAREA(1.2).106025">
          <Name xml:lang="it" xmlns="http://www.sdmx.org/resources/sdmxml/schemas/v2_1/common">Villacidro</Name>
          <Name xml:lang="en" xmlns="http://www.sdmx.org/resources/sdmxml/schemas/v2_1/common">Villacidro</Name>
          <Parent>
            <Ref id="ITG2B" xmlns="" />
          </Parent>
        </Code>
        <Code id="106026" urn="urn:sdmx:org.sdmx.infomodel.codelist.Code=IT1:CL_REFAREA(1.2).106026">
          <Name xml:lang="it" xmlns="http://www.sdmx.org/resources/sdmxml/schemas/v2_1/common">Villamar</Name>
          <Name xml:lang="en" xmlns="http://www.sdmx.org/resources/sdmxml/schemas/v2_1/common">Villamar</Name>
          <Parent>
            <Ref id="ITG2B" xmlns="" />
          </Parent>
        </Code>
        <Code id="106027" urn="urn:sdmx:org.sdmx.infomodel.codelist.Code=IT1:CL_REFAREA(1.2).106027">
          <Name xml:lang="it" xmlns="http://www.sdmx.org/resources/sdmxml/schemas/v2_1/common">Villanovaforru</Name>
          <Name xml:lang="en" xmlns="http://www.sdmx.org/resources/sdmxml/schemas/v2_1/common">Villanovaforru</Name>
          <Parent>
            <Ref id="ITG2B" xmlns="" />
          </Parent>
        </Code>
        <Code id="106028" urn="urn:sdmx:org.sdmx.infomodel.codelist.Code=IT1:CL_REFAREA(1.2).106028">
          <Name xml:lang="it" xmlns="http://www.sdmx.org/resources/sdmxml/schemas/v2_1/common">Villanovafranca</Name>
          <Name xml:lang="en" xmlns="http://www.sdmx.org/resources/sdmxml/schemas/v2_1/common">Villanovafranca</Name>
          <Parent>
            <Ref id="ITG2B" xmlns="" />
          </Parent>
        </Code>
        <Code id="107001" urn="urn:sdmx:org.sdmx.infomodel.codelist.Code=IT1:CL_REFAREA(1.2).107001">
          <Name xml:lang="it" xmlns="http://www.sdmx.org/resources/sdmxml/schemas/v2_1/common">Buggerru</Name>
          <Name xml:lang="en" xmlns="http://www.sdmx.org/resources/sdmxml/schemas/v2_1/common">Buggerru</Name>
          <Parent>
            <Ref id="ITG2C" xmlns="" />
          </Parent>
        </Code>
        <Code id="107002" urn="urn:sdmx:org.sdmx.infomodel.codelist.Code=IT1:CL_REFAREA(1.2).107002">
          <Name xml:lang="it" xmlns="http://www.sdmx.org/resources/sdmxml/schemas/v2_1/common">Calasetta</Name>
          <Name xml:lang="en" xmlns="http://www.sdmx.org/resources/sdmxml/schemas/v2_1/common">Calasetta</Name>
          <Parent>
            <Ref id="ITG2C" xmlns="" />
          </Parent>
        </Code>
        <Code id="107003" urn="urn:sdmx:org.sdmx.infomodel.codelist.Code=IT1:CL_REFAREA(1.2).107003">
          <Name xml:lang="it" xmlns="http://www.sdmx.org/resources/sdmxml/schemas/v2_1/common">Carbonia</Name>
          <Name xml:lang="en" xmlns="http://www.sdmx.org/resources/sdmxml/schemas/v2_1/common">Carbonia</Name>
          <Parent>
            <Ref id="ITG2C" xmlns="" />
          </Parent>
        </Code>
        <Code id="107004" urn="urn:sdmx:org.sdmx.infomodel.codelist.Code=IT1:CL_REFAREA(1.2).107004">
          <Name xml:lang="it" xmlns="http://www.sdmx.org/resources/sdmxml/schemas/v2_1/common">Carloforte</Name>
          <Name xml:lang="en" xmlns="http://www.sdmx.org/resources/sdmxml/schemas/v2_1/common">Carloforte</Name>
          <Parent>
            <Ref id="ITG2C" xmlns="" />
          </Parent>
        </Code>
        <Code id="107005" urn="urn:sdmx:org.sdmx.infomodel.codelist.Code=IT1:CL_REFAREA(1.2).107005">
          <Name xml:lang="it" xmlns="http://www.sdmx.org/resources/sdmxml/schemas/v2_1/common">Domusnovas</Name>
          <Name xml:lang="en" xmlns="http://www.sdmx.org/resources/sdmxml/schemas/v2_1/common">Domusnovas</Name>
          <Parent>
            <Ref id="ITG2C" xmlns="" />
          </Parent>
        </Code>
        <Code id="107006" urn="urn:sdmx:org.sdmx.infomodel.codelist.Code=IT1:CL_REFAREA(1.2).107006">
          <Name xml:lang="it" xmlns="http://www.sdmx.org/resources/sdmxml/schemas/v2_1/common">Fluminimaggiore</Name>
          <Name xml:lang="en" xmlns="http://www.sdmx.org/resources/sdmxml/schemas/v2_1/common">Fluminimaggiore</Name>
          <Parent>
            <Ref id="ITG2C" xmlns="" />
          </Parent>
        </Code>
        <Code id="107007" urn="urn:sdmx:org.sdmx.infomodel.codelist.Code=IT1:CL_REFAREA(1.2).107007">
          <Name xml:lang="it" xmlns="http://www.sdmx.org/resources/sdmxml/schemas/v2_1/common">Giba</Name>
          <Name xml:lang="en" xmlns="http://www.sdmx.org/resources/sdmxml/schemas/v2_1/common">Giba</Name>
          <Parent>
            <Ref id="ITG2C" xmlns="" />
          </Parent>
        </Code>
        <Code id="107008" urn="urn:sdmx:org.sdmx.infomodel.codelist.Code=IT1:CL_REFAREA(1.2).107008">
          <Name xml:lang="it" xmlns="http://www.sdmx.org/resources/sdmxml/schemas/v2_1/common">Gonnesa</Name>
          <Name xml:lang="en" xmlns="http://www.sdmx.org/resources/sdmxml/schemas/v2_1/common">Gonnesa</Name>
          <Parent>
            <Ref id="ITG2C" xmlns="" />
          </Parent>
        </Code>
        <Code id="107009" urn="urn:sdmx:org.sdmx.infomodel.codelist.Code=IT1:CL_REFAREA(1.2).107009">
          <Name xml:lang="it" xmlns="http://www.sdmx.org/resources/sdmxml/schemas/v2_1/common">Iglesias</Name>
          <Name xml:lang="en" xmlns="http://www.sdmx.org/resources/sdmxml/schemas/v2_1/common">Iglesias</Name>
          <Parent>
            <Ref id="ITG2C" xmlns="" />
          </Parent>
        </Code>
        <Code id="107010" urn="urn:sdmx:org.sdmx.infomodel.codelist.Code=IT1:CL_REFAREA(1.2).107010">
          <Name xml:lang="it" xmlns="http://www.sdmx.org/resources/sdmxml/schemas/v2_1/common">Masainas</Name>
          <Name xml:lang="en" xmlns="http://www.sdmx.org/resources/sdmxml/schemas/v2_1/common">Masainas</Name>
          <Parent>
            <Ref id="ITG2C" xmlns="" />
          </Parent>
        </Code>
        <Code id="107011" urn="urn:sdmx:org.sdmx.infomodel.codelist.Code=IT1:CL_REFAREA(1.2).107011">
          <Name xml:lang="it" xmlns="http://www.sdmx.org/resources/sdmxml/schemas/v2_1/common">Musei</Name>
          <Name xml:lang="en" xmlns="http://www.sdmx.org/resources/sdmxml/schemas/v2_1/common">Musei</Name>
          <Parent>
            <Ref id="ITG2C" xmlns="" />
          </Parent>
        </Code>
        <Code id="107012" urn="urn:sdmx:org.sdmx.infomodel.codelist.Code=IT1:CL_REFAREA(1.2).107012">
          <Name xml:lang="it" xmlns="http://www.sdmx.org/resources/sdmxml/schemas/v2_1/common">Narcao</Name>
          <Name xml:lang="en" xmlns="http://www.sdmx.org/resources/sdmxml/schemas/v2_1/common">Narcao</Name>
          <Parent>
            <Ref id="ITG2C" xmlns="" />
          </Parent>
        </Code>
        <Code id="107013" urn="urn:sdmx:org.sdmx.infomodel.codelist.Code=IT1:CL_REFAREA(1.2).107013">
          <Name xml:lang="it" xmlns="http://www.sdmx.org/resources/sdmxml/schemas/v2_1/common">Nuxis</Name>
          <Name xml:lang="en" xmlns="http://www.sdmx.org/resources/sdmxml/schemas/v2_1/common">Nuxis</Name>
          <Parent>
            <Ref id="ITG2C" xmlns="" />
          </Parent>
        </Code>
        <Code id="107014" urn="urn:sdmx:org.sdmx.infomodel.codelist.Code=IT1:CL_REFAREA(1.2).107014">
          <Name xml:lang="it" xmlns="http://www.sdmx.org/resources/sdmxml/schemas/v2_1/common">Perdaxius</Name>
          <Name xml:lang="en" xmlns="http://www.sdmx.org/resources/sdmxml/schemas/v2_1/common">Perdaxius</Name>
          <Parent>
            <Ref id="ITG2C" xmlns="" />
          </Parent>
        </Code>
        <Code id="107015" urn="urn:sdmx:org.sdmx.infomodel.codelist.Code=IT1:CL_REFAREA(1.2).107015">
          <Name xml:lang="it" xmlns="http://www.sdmx.org/resources/sdmxml/schemas/v2_1/common">Piscinas</Name>
          <Name xml:lang="en" xmlns="http://www.sdmx.org/resources/sdmxml/schemas/v2_1/common">Piscinas</Name>
          <Parent>
            <Ref id="ITG2C" xmlns="" />
          </Parent>
        </Code>
        <Code id="107016" urn="urn:sdmx:org.sdmx.infomodel.codelist.Code=IT1:CL_REFAREA(1.2).107016">
          <Name xml:lang="it" xmlns="http://www.sdmx.org/resources/sdmxml/schemas/v2_1/common">Portoscuso</Name>
          <Name xml:lang="en" xmlns="http://www.sdmx.org/resources/sdmxml/schemas/v2_1/common">Portoscuso</Name>
          <Parent>
            <Ref id="ITG2C" xmlns="" />
          </Parent>
        </Code>
        <Code id="107017" urn="urn:sdmx:org.sdmx.infomodel.codelist.Code=IT1:CL_REFAREA(1.2).107017">
          <Name xml:lang="it" xmlns="http://www.sdmx.org/resources/sdmxml/schemas/v2_1/common">San Giovanni Suergiu</Name>
          <Name xml:lang="en" xmlns="http://www.sdmx.org/resources/sdmxml/schemas/v2_1/common">San Giovanni Suergiu</Name>
          <Parent>
            <Ref id="ITG2C" xmlns="" />
          </Parent>
        </Code>
        <Code id="107018" urn="urn:sdmx:org.sdmx.infomodel.codelist.Code=IT1:CL_REFAREA(1.2).107018">
          <Name xml:lang="it" xmlns="http://www.sdmx.org/resources/sdmxml/schemas/v2_1/common">Santadi</Name>
          <Name xml:lang="en" xmlns="http://www.sdmx.org/resources/sdmxml/schemas/v2_1/common">Santadi</Name>
          <Parent>
            <Ref id="ITG2C" xmlns="" />
          </Parent>
        </Code>
        <Code id="107019" urn="urn:sdmx:org.sdmx.infomodel.codelist.Code=IT1:CL_REFAREA(1.2).107019">
          <Name xml:lang="it" xmlns="http://www.sdmx.org/resources/sdmxml/schemas/v2_1/common">Sant'Anna Arresi</Name>
          <Name xml:lang="en" xmlns="http://www.sdmx.org/resources/sdmxml/schemas/v2_1/common">Sant'Anna Arresi</Name>
          <Parent>
            <Ref id="ITG2C" xmlns="" />
          </Parent>
        </Code>
        <Code id="107020" urn="urn:sdmx:org.sdmx.infomodel.codelist.Code=IT1:CL_REFAREA(1.2).107020">
          <Name xml:lang="it" xmlns="http://www.sdmx.org/resources/sdmxml/schemas/v2_1/common">Sant'Antioco</Name>
          <Name xml:lang="en" xmlns="http://www.sdmx.org/resources/sdmxml/schemas/v2_1/common">Sant'Antioco</Name>
          <Parent>
            <Ref id="ITG2C" xmlns="" />
          </Parent>
        </Code>
        <Code id="107021" urn="urn:sdmx:org.sdmx.infomodel.codelist.Code=IT1:CL_REFAREA(1.2).107021">
          <Name xml:lang="it" xmlns="http://www.sdmx.org/resources/sdmxml/schemas/v2_1/common">Tratalias</Name>
          <Name xml:lang="en" xmlns="http://www.sdmx.org/resources/sdmxml/schemas/v2_1/common">Tratalias</Name>
          <Parent>
            <Ref id="ITG2C" xmlns="" />
          </Parent>
        </Code>
        <Code id="107022" urn="urn:sdmx:org.sdmx.infomodel.codelist.Code=IT1:CL_REFAREA(1.2).107022">
          <Name xml:lang="it" xmlns="http://www.sdmx.org/resources/sdmxml/schemas/v2_1/common">Villamassargia</Name>
          <Name xml:lang="en" xmlns="http://www.sdmx.org/resources/sdmxml/schemas/v2_1/common">Villamassargia</Name>
          <Parent>
            <Ref id="ITG2C" xmlns="" />
          </Parent>
        </Code>
        <Code id="107023" urn="urn:sdmx:org.sdmx.infomodel.codelist.Code=IT1:CL_REFAREA(1.2).107023">
          <Name xml:lang="it" xmlns="http://www.sdmx.org/resources/sdmxml/schemas/v2_1/common">Villaperuccio</Name>
          <Name xml:lang="en" xmlns="http://www.sdmx.org/resources/sdmxml/schemas/v2_1/common">Villaperuccio</Name>
          <Parent>
            <Ref id="ITG2C" xmlns="" />
          </Parent>
        </Code>
        <Code id="108001" urn="urn:sdmx:org.sdmx.infomodel.codelist.Code=IT1:CL_REFAREA(1.2).108001">
          <Name xml:lang="it" xmlns="http://www.sdmx.org/resources/sdmxml/schemas/v2_1/common">Agrate Brianza</Name>
          <Name xml:lang="en" xmlns="http://www.sdmx.org/resources/sdmxml/schemas/v2_1/common">Agrate Brianza</Name>
          <Parent>
            <Ref id="IT108" xmlns="" />
          </Parent>
        </Code>
        <Code id="108002" urn="urn:sdmx:org.sdmx.infomodel.codelist.Code=IT1:CL_REFAREA(1.2).108002">
          <Name xml:lang="it" xmlns="http://www.sdmx.org/resources/sdmxml/schemas/v2_1/common">Aicurzio</Name>
          <Name xml:lang="en" xmlns="http://www.sdmx.org/resources/sdmxml/schemas/v2_1/common">Aicurzio</Name>
          <Parent>
            <Ref id="IT108" xmlns="" />
          </Parent>
        </Code>
        <Code id="108003" urn="urn:sdmx:org.sdmx.infomodel.codelist.Code=IT1:CL_REFAREA(1.2).108003">
          <Name xml:lang="it" xmlns="http://www.sdmx.org/resources/sdmxml/schemas/v2_1/common">Albiate</Name>
          <Name xml:lang="en" xmlns="http://www.sdmx.org/resources/sdmxml/schemas/v2_1/common">Albiate</Name>
          <Parent>
            <Ref id="IT108" xmlns="" />
          </Parent>
        </Code>
        <Code id="108004" urn="urn:sdmx:org.sdmx.infomodel.codelist.Code=IT1:CL_REFAREA(1.2).108004">
          <Name xml:lang="it" xmlns="http://www.sdmx.org/resources/sdmxml/schemas/v2_1/common">Arcore</Name>
          <Name xml:lang="en" xmlns="http://www.sdmx.org/resources/sdmxml/schemas/v2_1/common">Arcore</Name>
          <Parent>
            <Ref id="IT108" xmlns="" />
          </Parent>
        </Code>
        <Code id="108005" urn="urn:sdmx:org.sdmx.infomodel.codelist.Code=IT1:CL_REFAREA(1.2).108005">
          <Name xml:lang="it" xmlns="http://www.sdmx.org/resources/sdmxml/schemas/v2_1/common">Barlassina</Name>
          <Name xml:lang="en" xmlns="http://www.sdmx.org/resources/sdmxml/schemas/v2_1/common">Barlassina</Name>
          <Parent>
            <Ref id="IT108" xmlns="" />
          </Parent>
        </Code>
        <Code id="108006" urn="urn:sdmx:org.sdmx.infomodel.codelist.Code=IT1:CL_REFAREA(1.2).108006">
          <Name xml:lang="it" xmlns="http://www.sdmx.org/resources/sdmxml/schemas/v2_1/common">Bellusco</Name>
          <Name xml:lang="en" xmlns="http://www.sdmx.org/resources/sdmxml/schemas/v2_1/common">Bellusco</Name>
          <Parent>
            <Ref id="IT108" xmlns="" />
          </Parent>
        </Code>
        <Code id="108007" urn="urn:sdmx:org.sdmx.infomodel.codelist.Code=IT1:CL_REFAREA(1.2).108007">
          <Name xml:lang="it" xmlns="http://www.sdmx.org/resources/sdmxml/schemas/v2_1/common">Bernareggio</Name>
          <Name xml:lang="en" xmlns="http://www.sdmx.org/resources/sdmxml/schemas/v2_1/common">Bernareggio</Name>
          <Parent>
            <Ref id="IT108" xmlns="" />
          </Parent>
        </Code>
        <Code id="108008" urn="urn:sdmx:org.sdmx.infomodel.codelist.Code=IT1:CL_REFAREA(1.2).108008">
          <Name xml:lang="it" xmlns="http://www.sdmx.org/resources/sdmxml/schemas/v2_1/common">Besana in Brianza</Name>
          <Name xml:lang="en" xmlns="http://www.sdmx.org/resources/sdmxml/schemas/v2_1/common">Besana in Brianza</Name>
          <Parent>
            <Ref id="IT108" xmlns="" />
          </Parent>
        </Code>
        <Code id="108009" urn="urn:sdmx:org.sdmx.infomodel.codelist.Code=IT1:CL_REFAREA(1.2).108009">
          <Name xml:lang="it" xmlns="http://www.sdmx.org/resources/sdmxml/schemas/v2_1/common">Biassono</Name>
          <Name xml:lang="en" xmlns="http://www.sdmx.org/resources/sdmxml/schemas/v2_1/common">Biassono</Name>
          <Parent>
            <Ref id="IT108" xmlns="" />
          </Parent>
        </Code>
        <Code id="108010" urn="urn:sdmx:org.sdmx.infomodel.codelist.Code=IT1:CL_REFAREA(1.2).108010">
          <Name xml:lang="it" xmlns="http://www.sdmx.org/resources/sdmxml/schemas/v2_1/common">Bovisio-Masciago</Name>
          <Name xml:lang="en" xmlns="http://www.sdmx.org/resources/sdmxml/schemas/v2_1/common">Bovisio-Masciago</Name>
          <Parent>
            <Ref id="IT108" xmlns="" />
          </Parent>
        </Code>
        <Code id="108011" urn="urn:sdmx:org.sdmx.infomodel.codelist.Code=IT1:CL_REFAREA(1.2).108011">
          <Name xml:lang="it" xmlns="http://www.sdmx.org/resources/sdmxml/schemas/v2_1/common">Briosco</Name>
          <Name xml:lang="en" xmlns="http://www.sdmx.org/resources/sdmxml/schemas/v2_1/common">Briosco</Name>
          <Parent>
            <Ref id="IT108" xmlns="" />
          </Parent>
        </Code>
        <Code id="108012" urn="urn:sdmx:org.sdmx.infomodel.codelist.Code=IT1:CL_REFAREA(1.2).108012">
          <Name xml:lang="it" xmlns="http://www.sdmx.org/resources/sdmxml/schemas/v2_1/common">Brugherio</Name>
          <Name xml:lang="en" xmlns="http://www.sdmx.org/resources/sdmxml/schemas/v2_1/common">Brugherio</Name>
          <Parent>
            <Ref id="IT108" xmlns="" />
          </Parent>
        </Code>
        <Code id="108013" urn="urn:sdmx:org.sdmx.infomodel.codelist.Code=IT1:CL_REFAREA(1.2).108013">
          <Name xml:lang="it" xmlns="http://www.sdmx.org/resources/sdmxml/schemas/v2_1/common">Burago di Molgora</Name>
          <Name xml:lang="en" xmlns="http://www.sdmx.org/resources/sdmxml/schemas/v2_1/common">Burago di Molgora</Name>
          <Parent>
            <Ref id="IT108" xmlns="" />
          </Parent>
        </Code>
        <Code id="108014" urn="urn:sdmx:org.sdmx.infomodel.codelist.Code=IT1:CL_REFAREA(1.2).108014">
          <Name xml:lang="it" xmlns="http://www.sdmx.org/resources/sdmxml/schemas/v2_1/common">Camparada</Name>
          <Name xml:lang="en" xmlns="http://www.sdmx.org/resources/sdmxml/schemas/v2_1/common">Camparada</Name>
          <Parent>
            <Ref id="IT108" xmlns="" />
          </Parent>
        </Code>
        <Code id="108015" urn="urn:sdmx:org.sdmx.infomodel.codelist.Code=IT1:CL_REFAREA(1.2).108015">
          <Name xml:lang="it" xmlns="http://www.sdmx.org/resources/sdmxml/schemas/v2_1/common">Carate Brianza</Name>
          <Name xml:lang="en" xmlns="http://www.sdmx.org/resources/sdmxml/schemas/v2_1/common">Carate Brianza</Name>
          <Parent>
            <Ref id="IT108" xmlns="" />
          </Parent>
        </Code>
        <Code id="108016" urn="urn:sdmx:org.sdmx.infomodel.codelist.Code=IT1:CL_REFAREA(1.2).108016">
          <Name xml:lang="it" xmlns="http://www.sdmx.org/resources/sdmxml/schemas/v2_1/common">Carnate</Name>
          <Name xml:lang="en" xmlns="http://www.sdmx.org/resources/sdmxml/schemas/v2_1/common">Carnate</Name>
          <Parent>
            <Ref id="IT108" xmlns="" />
          </Parent>
        </Code>
        <Code id="108017" urn="urn:sdmx:org.sdmx.infomodel.codelist.Code=IT1:CL_REFAREA(1.2).108017">
          <Name xml:lang="it" xmlns="http://www.sdmx.org/resources/sdmxml/schemas/v2_1/common">Cavenago di Brianza</Name>
          <Name xml:lang="en" xmlns="http://www.sdmx.org/resources/sdmxml/schemas/v2_1/common">Cavenago di Brianza</Name>
          <Parent>
            <Ref id="IT108" xmlns="" />
          </Parent>
        </Code>
        <Code id="108018" urn="urn:sdmx:org.sdmx.infomodel.codelist.Code=IT1:CL_REFAREA(1.2).108018">
          <Name xml:lang="it" xmlns="http://www.sdmx.org/resources/sdmxml/schemas/v2_1/common">Ceriano Laghetto</Name>
          <Name xml:lang="en" xmlns="http://www.sdmx.org/resources/sdmxml/schemas/v2_1/common">Ceriano Laghetto</Name>
          <Parent>
            <Ref id="IT108" xmlns="" />
          </Parent>
        </Code>
        <Code id="108019" urn="urn:sdmx:org.sdmx.infomodel.codelist.Code=IT1:CL_REFAREA(1.2).108019">
          <Name xml:lang="it" xmlns="http://www.sdmx.org/resources/sdmxml/schemas/v2_1/common">Cesano Maderno</Name>
          <Name xml:lang="en" xmlns="http://www.sdmx.org/resources/sdmxml/schemas/v2_1/common">Cesano Maderno</Name>
          <Parent>
            <Ref id="IT108" xmlns="" />
          </Parent>
        </Code>
        <Code id="108020" urn="urn:sdmx:org.sdmx.infomodel.codelist.Code=IT1:CL_REFAREA(1.2).108020">
          <Name xml:lang="it" xmlns="http://www.sdmx.org/resources/sdmxml/schemas/v2_1/common">Cogliate</Name>
          <Name xml:lang="en" xmlns="http://www.sdmx.org/resources/sdmxml/schemas/v2_1/common">Cogliate</Name>
          <Parent>
            <Ref id="IT108" xmlns="" />
          </Parent>
        </Code>
        <Code id="108021" urn="urn:sdmx:org.sdmx.infomodel.codelist.Code=IT1:CL_REFAREA(1.2).108021">
          <Name xml:lang="it" xmlns="http://www.sdmx.org/resources/sdmxml/schemas/v2_1/common">Concorezzo</Name>
          <Name xml:lang="en" xmlns="http://www.sdmx.org/resources/sdmxml/schemas/v2_1/common">Concorezzo</Name>
          <Parent>
            <Ref id="IT108" xmlns="" />
          </Parent>
        </Code>
        <Code id="108022" urn="urn:sdmx:org.sdmx.infomodel.codelist.Code=IT1:CL_REFAREA(1.2).108022">
          <Name xml:lang="it" xmlns="http://www.sdmx.org/resources/sdmxml/schemas/v2_1/common">Correzzana</Name>
          <Name xml:lang="en" xmlns="http://www.sdmx.org/resources/sdmxml/schemas/v2_1/common">Correzzana</Name>
          <Parent>
            <Ref id="IT108" xmlns="" />
          </Parent>
        </Code>
        <Code id="108023" urn="urn:sdmx:org.sdmx.infomodel.codelist.Code=IT1:CL_REFAREA(1.2).108023">
          <Name xml:lang="it" xmlns="http://www.sdmx.org/resources/sdmxml/schemas/v2_1/common">Desio</Name>
          <Name xml:lang="en" xmlns="http://www.sdmx.org/resources/sdmxml/schemas/v2_1/common">Desio</Name>
          <Parent>
            <Ref id="IT108" xmlns="" />
          </Parent>
        </Code>
        <Code id="108024" urn="urn:sdmx:org.sdmx.infomodel.codelist.Code=IT1:CL_REFAREA(1.2).108024">
          <Name xml:lang="it" xmlns="http://www.sdmx.org/resources/sdmxml/schemas/v2_1/common">Giussano</Name>
          <Name xml:lang="en" xmlns="http://www.sdmx.org/resources/sdmxml/schemas/v2_1/common">Giussano</Name>
          <Parent>
            <Ref id="IT108" xmlns="" />
          </Parent>
        </Code>
        <Code id="108025" urn="urn:sdmx:org.sdmx.infomodel.codelist.Code=IT1:CL_REFAREA(1.2).108025">
          <Name xml:lang="it" xmlns="http://www.sdmx.org/resources/sdmxml/schemas/v2_1/common">Lazzate</Name>
          <Name xml:lang="en" xmlns="http://www.sdmx.org/resources/sdmxml/schemas/v2_1/common">Lazzate</Name>
          <Parent>
            <Ref id="IT108" xmlns="" />
          </Parent>
        </Code>
        <Code id="108026" urn="urn:sdmx:org.sdmx.infomodel.codelist.Code=IT1:CL_REFAREA(1.2).108026">
          <Name xml:lang="it" xmlns="http://www.sdmx.org/resources/sdmxml/schemas/v2_1/common">Lesmo</Name>
          <Name xml:lang="en" xmlns="http://www.sdmx.org/resources/sdmxml/schemas/v2_1/common">Lesmo</Name>
          <Parent>
            <Ref id="IT108" xmlns="" />
          </Parent>
        </Code>
        <Code id="108027" urn="urn:sdmx:org.sdmx.infomodel.codelist.Code=IT1:CL_REFAREA(1.2).108027">
          <Name xml:lang="it" xmlns="http://www.sdmx.org/resources/sdmxml/schemas/v2_1/common">Limbiate</Name>
          <Name xml:lang="en" xmlns="http://www.sdmx.org/resources/sdmxml/schemas/v2_1/common">Limbiate</Name>
          <Parent>
            <Ref id="IT108" xmlns="" />
          </Parent>
        </Code>
        <Code id="108028" urn="urn:sdmx:org.sdmx.infomodel.codelist.Code=IT1:CL_REFAREA(1.2).108028">
          <Name xml:lang="it" xmlns="http://www.sdmx.org/resources/sdmxml/schemas/v2_1/common">Lissone</Name>
          <Name xml:lang="en" xmlns="http://www.sdmx.org/resources/sdmxml/schemas/v2_1/common">Lissone</Name>
          <Parent>
            <Ref id="IT108" xmlns="" />
          </Parent>
        </Code>
        <Code id="108029" urn="urn:sdmx:org.sdmx.infomodel.codelist.Code=IT1:CL_REFAREA(1.2).108029">
          <Name xml:lang="it" xmlns="http://www.sdmx.org/resources/sdmxml/schemas/v2_1/common">Macherio</Name>
          <Name xml:lang="en" xmlns="http://www.sdmx.org/resources/sdmxml/schemas/v2_1/common">Macherio</Name>
          <Parent>
            <Ref id="IT108" xmlns="" />
          </Parent>
        </Code>
        <Code id="108030" urn="urn:sdmx:org.sdmx.infomodel.codelist.Code=IT1:CL_REFAREA(1.2).108030">
          <Name xml:lang="it" xmlns="http://www.sdmx.org/resources/sdmxml/schemas/v2_1/common">Meda</Name>
          <Name xml:lang="en" xmlns="http://www.sdmx.org/resources/sdmxml/schemas/v2_1/common">Meda</Name>
          <Parent>
            <Ref id="IT108" xmlns="" />
          </Parent>
        </Code>
        <Code id="108031" urn="urn:sdmx:org.sdmx.infomodel.codelist.Code=IT1:CL_REFAREA(1.2).108031">
          <Name xml:lang="it" xmlns="http://www.sdmx.org/resources/sdmxml/schemas/v2_1/common">Mezzago</Name>
          <Name xml:lang="en" xmlns="http://www.sdmx.org/resources/sdmxml/schemas/v2_1/common">Mezzago</Name>
          <Parent>
            <Ref id="IT108" xmlns="" />
          </Parent>
        </Code>
        <Code id="108032" urn="urn:sdmx:org.sdmx.infomodel.codelist.Code=IT1:CL_REFAREA(1.2).108032">
          <Name xml:lang="it" xmlns="http://www.sdmx.org/resources/sdmxml/schemas/v2_1/common">Misinto</Name>
          <Name xml:lang="en" xmlns="http://www.sdmx.org/resources/sdmxml/schemas/v2_1/common">Misinto</Name>
          <Parent>
            <Ref id="IT108" xmlns="" />
          </Parent>
        </Code>
        <Code id="108033" urn="urn:sdmx:org.sdmx.infomodel.codelist.Code=IT1:CL_REFAREA(1.2).108033">
          <Name xml:lang="it" xmlns="http://www.sdmx.org/resources/sdmxml/schemas/v2_1/common">Monza</Name>
          <Name xml:lang="en" xmlns="http://www.sdmx.org/resources/sdmxml/schemas/v2_1/common">Monza</Name>
          <Parent>
            <Ref id="IT108" xmlns="" />
          </Parent>
        </Code>
        <Code id="108034" urn="urn:sdmx:org.sdmx.infomodel.codelist.Code=IT1:CL_REFAREA(1.2).108034">
          <Name xml:lang="it" xmlns="http://www.sdmx.org/resources/sdmxml/schemas/v2_1/common">Muggiò</Name>
          <Name xml:lang="en" xmlns="http://www.sdmx.org/resources/sdmxml/schemas/v2_1/common">Muggiò</Name>
          <Parent>
            <Ref id="IT108" xmlns="" />
          </Parent>
        </Code>
        <Code id="108035" urn="urn:sdmx:org.sdmx.infomodel.codelist.Code=IT1:CL_REFAREA(1.2).108035">
          <Name xml:lang="it" xmlns="http://www.sdmx.org/resources/sdmxml/schemas/v2_1/common">Nova Milanese</Name>
          <Name xml:lang="en" xmlns="http://www.sdmx.org/resources/sdmxml/schemas/v2_1/common">Nova Milanese</Name>
          <Parent>
            <Ref id="IT108" xmlns="" />
          </Parent>
        </Code>
        <Code id="108036" urn="urn:sdmx:org.sdmx.infomodel.codelist.Code=IT1:CL_REFAREA(1.2).108036">
          <Name xml:lang="it" xmlns="http://www.sdmx.org/resources/sdmxml/schemas/v2_1/common">Ornago</Name>
          <Name xml:lang="en" xmlns="http://www.sdmx.org/resources/sdmxml/schemas/v2_1/common">Ornago</Name>
          <Parent>
            <Ref id="IT108" xmlns="" />
          </Parent>
        </Code>
        <Code id="108037" urn="urn:sdmx:org.sdmx.infomodel.codelist.Code=IT1:CL_REFAREA(1.2).108037">
          <Name xml:lang="it" xmlns="http://www.sdmx.org/resources/sdmxml/schemas/v2_1/common">Renate</Name>
          <Name xml:lang="en" xmlns="http://www.sdmx.org/resources/sdmxml/schemas/v2_1/common">Renate</Name>
          <Parent>
            <Ref id="IT108" xmlns="" />
          </Parent>
        </Code>
        <Code id="108038" urn="urn:sdmx:org.sdmx.infomodel.codelist.Code=IT1:CL_REFAREA(1.2).108038">
          <Name xml:lang="it" xmlns="http://www.sdmx.org/resources/sdmxml/schemas/v2_1/common">Ronco Briantino</Name>
          <Name xml:lang="en" xmlns="http://www.sdmx.org/resources/sdmxml/schemas/v2_1/common">Ronco Briantino</Name>
          <Parent>
            <Ref id="IT108" xmlns="" />
          </Parent>
        </Code>
        <Code id="108039" urn="urn:sdmx:org.sdmx.infomodel.codelist.Code=IT1:CL_REFAREA(1.2).108039">
          <Name xml:lang="it" xmlns="http://www.sdmx.org/resources/sdmxml/schemas/v2_1/common">Seregno</Name>
          <Name xml:lang="en" xmlns="http://www.sdmx.org/resources/sdmxml/schemas/v2_1/common">Seregno</Name>
          <Parent>
            <Ref id="IT108" xmlns="" />
          </Parent>
        </Code>
        <Code id="108040" urn="urn:sdmx:org.sdmx.infomodel.codelist.Code=IT1:CL_REFAREA(1.2).108040">
          <Name xml:lang="it" xmlns="http://www.sdmx.org/resources/sdmxml/schemas/v2_1/common">Seveso</Name>
          <Name xml:lang="en" xmlns="http://www.sdmx.org/resources/sdmxml/schemas/v2_1/common">Seveso</Name>
          <Parent>
            <Ref id="IT108" xmlns="" />
          </Parent>
        </Code>
        <Code id="108041" urn="urn:sdmx:org.sdmx.infomodel.codelist.Code=IT1:CL_REFAREA(1.2).108041">
          <Name xml:lang="it" xmlns="http://www.sdmx.org/resources/sdmxml/schemas/v2_1/common">Sovico</Name>
          <Name xml:lang="en" xmlns="http://www.sdmx.org/resources/sdmxml/schemas/v2_1/common">Sovico</Name>
          <Parent>
            <Ref id="IT108" xmlns="" />
          </Parent>
        </Code>
        <Code id="108042" urn="urn:sdmx:org.sdmx.infomodel.codelist.Code=IT1:CL_REFAREA(1.2).108042">
          <Name xml:lang="it" xmlns="http://www.sdmx.org/resources/sdmxml/schemas/v2_1/common">Sulbiate</Name>
          <Name xml:lang="en" xmlns="http://www.sdmx.org/resources/sdmxml/schemas/v2_1/common">Sulbiate</Name>
          <Parent>
            <Ref id="IT108" xmlns="" />
          </Parent>
        </Code>
        <Code id="108043" urn="urn:sdmx:org.sdmx.infomodel.codelist.Code=IT1:CL_REFAREA(1.2).108043">
          <Name xml:lang="it" xmlns="http://www.sdmx.org/resources/sdmxml/schemas/v2_1/common">Triuggio</Name>
          <Name xml:lang="en" xmlns="http://www.sdmx.org/resources/sdmxml/schemas/v2_1/common">Triuggio</Name>
          <Parent>
            <Ref id="IT108" xmlns="" />
          </Parent>
        </Code>
        <Code id="108044" urn="urn:sdmx:org.sdmx.infomodel.codelist.Code=IT1:CL_REFAREA(1.2).108044">
          <Name xml:lang="it" xmlns="http://www.sdmx.org/resources/sdmxml/schemas/v2_1/common">Usmate Velate</Name>
          <Name xml:lang="en" xmlns="http://www.sdmx.org/resources/sdmxml/schemas/v2_1/common">Usmate Velate</Name>
          <Parent>
            <Ref id="IT108" xmlns="" />
          </Parent>
        </Code>
        <Code id="108045" urn="urn:sdmx:org.sdmx.infomodel.codelist.Code=IT1:CL_REFAREA(1.2).108045">
          <Name xml:lang="it" xmlns="http://www.sdmx.org/resources/sdmxml/schemas/v2_1/common">Varedo</Name>
          <Name xml:lang="en" xmlns="http://www.sdmx.org/resources/sdmxml/schemas/v2_1/common">Varedo</Name>
          <Parent>
            <Ref id="IT108" xmlns="" />
          </Parent>
        </Code>
        <Code id="108046" urn="urn:sdmx:org.sdmx.infomodel.codelist.Code=IT1:CL_REFAREA(1.2).108046">
          <Name xml:lang="it" xmlns="http://www.sdmx.org/resources/sdmxml/schemas/v2_1/common">Vedano al Lambro</Name>
          <Name xml:lang="en" xmlns="http://www.sdmx.org/resources/sdmxml/schemas/v2_1/common">Vedano al Lambro</Name>
          <Parent>
            <Ref id="IT108" xmlns="" />
          </Parent>
        </Code>
        <Code id="108047" urn="urn:sdmx:org.sdmx.infomodel.codelist.Code=IT1:CL_REFAREA(1.2).108047">
          <Name xml:lang="it" xmlns="http://www.sdmx.org/resources/sdmxml/schemas/v2_1/common">Veduggio con Colzano</Name>
          <Name xml:lang="en" xmlns="http://www.sdmx.org/resources/sdmxml/schemas/v2_1/common">Veduggio con Colzano</Name>
          <Parent>
            <Ref id="IT108" xmlns="" />
          </Parent>
        </Code>
        <Code id="108048" urn="urn:sdmx:org.sdmx.infomodel.codelist.Code=IT1:CL_REFAREA(1.2).108048">
          <Name xml:lang="it" xmlns="http://www.sdmx.org/resources/sdmxml/schemas/v2_1/common">Verano Brianza</Name>
          <Name xml:lang="en" xmlns="http://www.sdmx.org/resources/sdmxml/schemas/v2_1/common">Verano Brianza</Name>
          <Parent>
            <Ref id="IT108" xmlns="" />
          </Parent>
        </Code>
        <Code id="108049" urn="urn:sdmx:org.sdmx.infomodel.codelist.Code=IT1:CL_REFAREA(1.2).108049">
          <Name xml:lang="it" xmlns="http://www.sdmx.org/resources/sdmxml/schemas/v2_1/common">Villasanta</Name>
          <Name xml:lang="en" xmlns="http://www.sdmx.org/resources/sdmxml/schemas/v2_1/common">Villasanta</Name>
          <Parent>
            <Ref id="IT108" xmlns="" />
          </Parent>
        </Code>
        <Code id="108050" urn="urn:sdmx:org.sdmx.infomodel.codelist.Code=IT1:CL_REFAREA(1.2).108050">
          <Name xml:lang="it" xmlns="http://www.sdmx.org/resources/sdmxml/schemas/v2_1/common">Vimercate</Name>
          <Name xml:lang="en" xmlns="http://www.sdmx.org/resources/sdmxml/schemas/v2_1/common">Vimercate</Name>
          <Parent>
            <Ref id="IT108" xmlns="" />
          </Parent>
        </Code>
        <Code id="108051" urn="urn:sdmx:org.sdmx.infomodel.codelist.Code=IT1:CL_REFAREA(1.2).108051">
          <Name xml:lang="it" xmlns="http://www.sdmx.org/resources/sdmxml/schemas/v2_1/common">Busnago</Name>
          <Name xml:lang="en" xmlns="http://www.sdmx.org/resources/sdmxml/schemas/v2_1/common">Busnago</Name>
          <Parent>
            <Ref id="IT108" xmlns="" />
          </Parent>
        </Code>
        <Code id="108052" urn="urn:sdmx:org.sdmx.infomodel.codelist.Code=IT1:CL_REFAREA(1.2).108052">
          <Name xml:lang="it" xmlns="http://www.sdmx.org/resources/sdmxml/schemas/v2_1/common">Caponago</Name>
          <Name xml:lang="en" xmlns="http://www.sdmx.org/resources/sdmxml/schemas/v2_1/common">Caponago</Name>
          <Parent>
            <Ref id="IT108" xmlns="" />
          </Parent>
        </Code>
        <Code id="108053" urn="urn:sdmx:org.sdmx.infomodel.codelist.Code=IT1:CL_REFAREA(1.2).108053">
          <Name xml:lang="it" xmlns="http://www.sdmx.org/resources/sdmxml/schemas/v2_1/common">Cornate d'Adda</Name>
          <Name xml:lang="en" xmlns="http://www.sdmx.org/resources/sdmxml/schemas/v2_1/common">Cornate d'Adda</Name>
          <Parent>
            <Ref id="IT108" xmlns="" />
          </Parent>
        </Code>
        <Code id="108054" urn="urn:sdmx:org.sdmx.infomodel.codelist.Code=IT1:CL_REFAREA(1.2).108054">
          <Name xml:lang="it" xmlns="http://www.sdmx.org/resources/sdmxml/schemas/v2_1/common">Lentate sul Seveso</Name>
          <Name xml:lang="en" xmlns="http://www.sdmx.org/resources/sdmxml/schemas/v2_1/common">Lentate sul Seveso</Name>
          <Parent>
            <Ref id="IT108" xmlns="" />
          </Parent>
        </Code>
        <Code id="108055" urn="urn:sdmx:org.sdmx.infomodel.codelist.Code=IT1:CL_REFAREA(1.2).108055">
          <Name xml:lang="it" xmlns="http://www.sdmx.org/resources/sdmxml/schemas/v2_1/common">Roncello</Name>
          <Name xml:lang="en" xmlns="http://www.sdmx.org/resources/sdmxml/schemas/v2_1/common">Roncello</Name>
          <Parent>
            <Ref id="IT108" xmlns="" />
          </Parent>
        </Code>
        <Code id="109001" urn="urn:sdmx:org.sdmx.infomodel.codelist.Code=IT1:CL_REFAREA(1.2).109001">
          <Name xml:lang="it" xmlns="http://www.sdmx.org/resources/sdmxml/schemas/v2_1/common">Altidona</Name>
          <Name xml:lang="en" xmlns="http://www.sdmx.org/resources/sdmxml/schemas/v2_1/common">Altidona</Name>
          <Parent>
            <Ref id="IT109" xmlns="" />
          </Parent>
        </Code>
        <Code id="109002" urn="urn:sdmx:org.sdmx.infomodel.codelist.Code=IT1:CL_REFAREA(1.2).109002">
          <Name xml:lang="it" xmlns="http://www.sdmx.org/resources/sdmxml/schemas/v2_1/common">Amandola</Name>
          <Name xml:lang="en" xmlns="http://www.sdmx.org/resources/sdmxml/schemas/v2_1/common">Amandola</Name>
          <Parent>
            <Ref id="IT109" xmlns="" />
          </Parent>
        </Code>
        <Code id="109003" urn="urn:sdmx:org.sdmx.infomodel.codelist.Code=IT1:CL_REFAREA(1.2).109003">
          <Name xml:lang="it" xmlns="http://www.sdmx.org/resources/sdmxml/schemas/v2_1/common">Belmonte Piceno</Name>
          <Name xml:lang="en" xmlns="http://www.sdmx.org/resources/sdmxml/schemas/v2_1/common">Belmonte Piceno</Name>
          <Parent>
            <Ref id="IT109" xmlns="" />
          </Parent>
        </Code>
        <Code id="109004" urn="urn:sdmx:org.sdmx.infomodel.codelist.Code=IT1:CL_REFAREA(1.2).109004">
          <Name xml:lang="it" xmlns="http://www.sdmx.org/resources/sdmxml/schemas/v2_1/common">Campofilone</Name>
          <Name xml:lang="en" xmlns="http://www.sdmx.org/resources/sdmxml/schemas/v2_1/common">Campofilone</Name>
          <Parent>
            <Ref id="IT109" xmlns="" />
          </Parent>
        </Code>
        <Code id="109005" urn="urn:sdmx:org.sdmx.infomodel.codelist.Code=IT1:CL_REFAREA(1.2).109005">
          <Name xml:lang="it" xmlns="http://www.sdmx.org/resources/sdmxml/schemas/v2_1/common">Falerone</Name>
          <Name xml:lang="en" xmlns="http://www.sdmx.org/resources/sdmxml/schemas/v2_1/common">Falerone</Name>
          <Parent>
            <Ref id="IT109" xmlns="" />
          </Parent>
        </Code>
        <Code id="109006" urn="urn:sdmx:org.sdmx.infomodel.codelist.Code=IT1:CL_REFAREA(1.2).109006">
          <Name xml:lang="it" xmlns="http://www.sdmx.org/resources/sdmxml/schemas/v2_1/common">Fermo</Name>
          <Name xml:lang="en" xmlns="http://www.sdmx.org/resources/sdmxml/schemas/v2_1/common">Fermo</Name>
          <Parent>
            <Ref id="IT109" xmlns="" />
          </Parent>
        </Code>
        <Code id="109007" urn="urn:sdmx:org.sdmx.infomodel.codelist.Code=IT1:CL_REFAREA(1.2).109007">
          <Name xml:lang="it" xmlns="http://www.sdmx.org/resources/sdmxml/schemas/v2_1/common">Francavilla d'Ete</Name>
          <Name xml:lang="en" xmlns="http://www.sdmx.org/resources/sdmxml/schemas/v2_1/common">Francavilla d'Ete</Name>
          <Parent>
            <Ref id="IT109" xmlns="" />
          </Parent>
        </Code>
        <Code id="109008" urn="urn:sdmx:org.sdmx.infomodel.codelist.Code=IT1:CL_REFAREA(1.2).109008">
          <Name xml:lang="it" xmlns="http://www.sdmx.org/resources/sdmxml/schemas/v2_1/common">Grottazzolina</Name>
          <Name xml:lang="en" xmlns="http://www.sdmx.org/resources/sdmxml/schemas/v2_1/common">Grottazzolina</Name>
          <Parent>
            <Ref id="IT109" xmlns="" />
          </Parent>
        </Code>
        <Code id="109009" urn="urn:sdmx:org.sdmx.infomodel.codelist.Code=IT1:CL_REFAREA(1.2).109009">
          <Name xml:lang="it" xmlns="http://www.sdmx.org/resources/sdmxml/schemas/v2_1/common">Lapedona</Name>
          <Name xml:lang="en" xmlns="http://www.sdmx.org/resources/sdmxml/schemas/v2_1/common">Lapedona</Name>
          <Parent>
            <Ref id="IT109" xmlns="" />
          </Parent>
        </Code>
        <Code id="109010" urn="urn:sdmx:org.sdmx.infomodel.codelist.Code=IT1:CL_REFAREA(1.2).109010">
          <Name xml:lang="it" xmlns="http://www.sdmx.org/resources/sdmxml/schemas/v2_1/common">Magliano di Tenna</Name>
          <Name xml:lang="en" xmlns="http://www.sdmx.org/resources/sdmxml/schemas/v2_1/common">Magliano di Tenna</Name>
          <Parent>
            <Ref id="IT109" xmlns="" />
          </Parent>
        </Code>
        <Code id="109011" urn="urn:sdmx:org.sdmx.infomodel.codelist.Code=IT1:CL_REFAREA(1.2).109011">
          <Name xml:lang="it" xmlns="http://www.sdmx.org/resources/sdmxml/schemas/v2_1/common">Massa Fermana</Name>
          <Name xml:lang="en" xmlns="http://www.sdmx.org/resources/sdmxml/schemas/v2_1/common">Massa Fermana</Name>
          <Parent>
            <Ref id="IT109" xmlns="" />
          </Parent>
        </Code>
        <Code id="109012" urn="urn:sdmx:org.sdmx.infomodel.codelist.Code=IT1:CL_REFAREA(1.2).109012">
          <Name xml:lang="it" xmlns="http://www.sdmx.org/resources/sdmxml/schemas/v2_1/common">Monsampietro Morico</Name>
          <Name xml:lang="en" xmlns="http://www.sdmx.org/resources/sdmxml/schemas/v2_1/common">Monsampietro Morico</Name>
          <Parent>
            <Ref id="IT109" xmlns="" />
          </Parent>
        </Code>
        <Code id="109013" urn="urn:sdmx:org.sdmx.infomodel.codelist.Code=IT1:CL_REFAREA(1.2).109013">
          <Name xml:lang="it" xmlns="http://www.sdmx.org/resources/sdmxml/schemas/v2_1/common">Montappone</Name>
          <Name xml:lang="en" xmlns="http://www.sdmx.org/resources/sdmxml/schemas/v2_1/common">Montappone</Name>
          <Parent>
            <Ref id="IT109" xmlns="" />
          </Parent>
        </Code>
        <Code id="109014" urn="urn:sdmx:org.sdmx.infomodel.codelist.Code=IT1:CL_REFAREA(1.2).109014">
          <Name xml:lang="it" xmlns="http://www.sdmx.org/resources/sdmxml/schemas/v2_1/common">Montefalcone Appennino</Name>
          <Name xml:lang="en" xmlns="http://www.sdmx.org/resources/sdmxml/schemas/v2_1/common">Montefalcone Appennino</Name>
          <Parent>
            <Ref id="IT109" xmlns="" />
          </Parent>
        </Code>
        <Code id="109015" urn="urn:sdmx:org.sdmx.infomodel.codelist.Code=IT1:CL_REFAREA(1.2).109015">
          <Name xml:lang="it" xmlns="http://www.sdmx.org/resources/sdmxml/schemas/v2_1/common">Montefortino</Name>
          <Name xml:lang="en" xmlns="http://www.sdmx.org/resources/sdmxml/schemas/v2_1/common">Montefortino</Name>
          <Parent>
            <Ref id="IT109" xmlns="" />
          </Parent>
        </Code>
        <Code id="109016" urn="urn:sdmx:org.sdmx.infomodel.codelist.Code=IT1:CL_REFAREA(1.2).109016">
          <Name xml:lang="it" xmlns="http://www.sdmx.org/resources/sdmxml/schemas/v2_1/common">Monte Giberto</Name>
          <Name xml:lang="en" xmlns="http://www.sdmx.org/resources/sdmxml/schemas/v2_1/common">Monte Giberto</Name>
          <Parent>
            <Ref id="IT109" xmlns="" />
          </Parent>
        </Code>
        <Code id="109017" urn="urn:sdmx:org.sdmx.infomodel.codelist.Code=IT1:CL_REFAREA(1.2).109017">
          <Name xml:lang="it" xmlns="http://www.sdmx.org/resources/sdmxml/schemas/v2_1/common">Montegiorgio</Name>
          <Name xml:lang="en" xmlns="http://www.sdmx.org/resources/sdmxml/schemas/v2_1/common">Montegiorgio</Name>
          <Parent>
            <Ref id="IT109" xmlns="" />
          </Parent>
        </Code>
        <Code id="109018" urn="urn:sdmx:org.sdmx.infomodel.codelist.Code=IT1:CL_REFAREA(1.2).109018">
          <Name xml:lang="it" xmlns="http://www.sdmx.org/resources/sdmxml/schemas/v2_1/common">Montegranaro</Name>
          <Name xml:lang="en" xmlns="http://www.sdmx.org/resources/sdmxml/schemas/v2_1/common">Montegranaro</Name>
          <Parent>
            <Ref id="IT109" xmlns="" />
          </Parent>
        </Code>
        <Code id="109019" urn="urn:sdmx:org.sdmx.infomodel.codelist.Code=IT1:CL_REFAREA(1.2).109019">
          <Name xml:lang="it" xmlns="http://www.sdmx.org/resources/sdmxml/schemas/v2_1/common">Monteleone di Fermo</Name>
          <Name xml:lang="en" xmlns="http://www.sdmx.org/resources/sdmxml/schemas/v2_1/common">Monteleone di Fermo</Name>
          <Parent>
            <Ref id="IT109" xmlns="" />
          </Parent>
        </Code>
        <Code id="109020" urn="urn:sdmx:org.sdmx.infomodel.codelist.Code=IT1:CL_REFAREA(1.2).109020">
          <Name xml:lang="it" xmlns="http://www.sdmx.org/resources/sdmxml/schemas/v2_1/common">Montelparo</Name>
          <Name xml:lang="en" xmlns="http://www.sdmx.org/resources/sdmxml/schemas/v2_1/common">Montelparo</Name>
          <Parent>
            <Ref id="IT109" xmlns="" />
          </Parent>
        </Code>
        <Code id="109021" urn="urn:sdmx:org.sdmx.infomodel.codelist.Code=IT1:CL_REFAREA(1.2).109021">
          <Name xml:lang="it" xmlns="http://www.sdmx.org/resources/sdmxml/schemas/v2_1/common">Monte Rinaldo</Name>
          <Name xml:lang="en" xmlns="http://www.sdmx.org/resources/sdmxml/schemas/v2_1/common">Monte Rinaldo</Name>
          <Parent>
            <Ref id="IT109" xmlns="" />
          </Parent>
        </Code>
        <Code id="109022" urn="urn:sdmx:org.sdmx.infomodel.codelist.Code=IT1:CL_REFAREA(1.2).109022">
          <Name xml:lang="it" xmlns="http://www.sdmx.org/resources/sdmxml/schemas/v2_1/common">Monterubbiano</Name>
          <Name xml:lang="en" xmlns="http://www.sdmx.org/resources/sdmxml/schemas/v2_1/common">Monterubbiano</Name>
          <Parent>
            <Ref id="IT109" xmlns="" />
          </Parent>
        </Code>
        <Code id="109023" urn="urn:sdmx:org.sdmx.infomodel.codelist.Code=IT1:CL_REFAREA(1.2).109023">
          <Name xml:lang="it" xmlns="http://www.sdmx.org/resources/sdmxml/schemas/v2_1/common">Monte San Pietrangeli</Name>
          <Name xml:lang="en" xmlns="http://www.sdmx.org/resources/sdmxml/schemas/v2_1/common">Monte San Pietrangeli</Name>
          <Parent>
            <Ref id="IT109" xmlns="" />
          </Parent>
        </Code>
        <Code id="109024" urn="urn:sdmx:org.sdmx.infomodel.codelist.Code=IT1:CL_REFAREA(1.2).109024">
          <Name xml:lang="it" xmlns="http://www.sdmx.org/resources/sdmxml/schemas/v2_1/common">Monte Urano</Name>
          <Name xml:lang="en" xmlns="http://www.sdmx.org/resources/sdmxml/schemas/v2_1/common">Monte Urano</Name>
          <Parent>
            <Ref id="IT109" xmlns="" />
          </Parent>
        </Code>
        <Code id="109025" urn="urn:sdmx:org.sdmx.infomodel.codelist.Code=IT1:CL_REFAREA(1.2).109025">
          <Name xml:lang="it" xmlns="http://www.sdmx.org/resources/sdmxml/schemas/v2_1/common">Monte Vidon Combatte</Name>
          <Name xml:lang="en" xmlns="http://www.sdmx.org/resources/sdmxml/schemas/v2_1/common">Monte Vidon Combatte</Name>
          <Parent>
            <Ref id="IT109" xmlns="" />
          </Parent>
        </Code>
        <Code id="109026" urn="urn:sdmx:org.sdmx.infomodel.codelist.Code=IT1:CL_REFAREA(1.2).109026">
          <Name xml:lang="it" xmlns="http://www.sdmx.org/resources/sdmxml/schemas/v2_1/common">Monte Vidon Corrado</Name>
          <Name xml:lang="en" xmlns="http://www.sdmx.org/resources/sdmxml/schemas/v2_1/common">Monte Vidon Corrado</Name>
          <Parent>
            <Ref id="IT109" xmlns="" />
          </Parent>
        </Code>
        <Code id="109027" urn="urn:sdmx:org.sdmx.infomodel.codelist.Code=IT1:CL_REFAREA(1.2).109027">
          <Name xml:lang="it" xmlns="http://www.sdmx.org/resources/sdmxml/schemas/v2_1/common">Montottone</Name>
          <Name xml:lang="en" xmlns="http://www.sdmx.org/resources/sdmxml/schemas/v2_1/common">Montottone</Name>
          <Parent>
            <Ref id="IT109" xmlns="" />
          </Parent>
        </Code>
        <Code id="109028" urn="urn:sdmx:org.sdmx.infomodel.codelist.Code=IT1:CL_REFAREA(1.2).109028">
          <Name xml:lang="it" xmlns="http://www.sdmx.org/resources/sdmxml/schemas/v2_1/common">Moresco</Name>
          <Name xml:lang="en" xmlns="http://www.sdmx.org/resources/sdmxml/schemas/v2_1/common">Moresco</Name>
          <Parent>
            <Ref id="IT109" xmlns="" />
          </Parent>
        </Code>
        <Code id="109029" urn="urn:sdmx:org.sdmx.infomodel.codelist.Code=IT1:CL_REFAREA(1.2).109029">
          <Name xml:lang="it" xmlns="http://www.sdmx.org/resources/sdmxml/schemas/v2_1/common">Ortezzano</Name>
          <Name xml:lang="en" xmlns="http://www.sdmx.org/resources/sdmxml/schemas/v2_1/common">Ortezzano</Name>
          <Parent>
            <Ref id="IT109" xmlns="" />
          </Parent>
        </Code>
        <Code id="109030" urn="urn:sdmx:org.sdmx.infomodel.codelist.Code=IT1:CL_REFAREA(1.2).109030">
          <Name xml:lang="it" xmlns="http://www.sdmx.org/resources/sdmxml/schemas/v2_1/common">Pedaso</Name>
          <Name xml:lang="en" xmlns="http://www.sdmx.org/resources/sdmxml/schemas/v2_1/common">Pedaso</Name>
          <Parent>
            <Ref id="IT109" xmlns="" />
          </Parent>
        </Code>
        <Code id="109031" urn="urn:sdmx:org.sdmx.infomodel.codelist.Code=IT1:CL_REFAREA(1.2).109031">
          <Name xml:lang="it" xmlns="http://www.sdmx.org/resources/sdmxml/schemas/v2_1/common">Petritoli</Name>
          <Name xml:lang="en" xmlns="http://www.sdmx.org/resources/sdmxml/schemas/v2_1/common">Petritoli</Name>
          <Parent>
            <Ref id="IT109" xmlns="" />
          </Parent>
        </Code>
        <Code id="109032" urn="urn:sdmx:org.sdmx.infomodel.codelist.Code=IT1:CL_REFAREA(1.2).109032">
          <Name xml:lang="it" xmlns="http://www.sdmx.org/resources/sdmxml/schemas/v2_1/common">Ponzano di Fermo</Name>
          <Name xml:lang="en" xmlns="http://www.sdmx.org/resources/sdmxml/schemas/v2_1/common">Ponzano di Fermo</Name>
          <Parent>
            <Ref id="IT109" xmlns="" />
          </Parent>
        </Code>
        <Code id="109033" urn="urn:sdmx:org.sdmx.infomodel.codelist.Code=IT1:CL_REFAREA(1.2).109033">
          <Name xml:lang="it" xmlns="http://www.sdmx.org/resources/sdmxml/schemas/v2_1/common">Porto San Giorgio</Name>
          <Name xml:lang="en" xmlns="http://www.sdmx.org/resources/sdmxml/schemas/v2_1/common">Porto San Giorgio</Name>
          <Parent>
            <Ref id="IT109" xmlns="" />
          </Parent>
        </Code>
        <Code id="109034" urn="urn:sdmx:org.sdmx.infomodel.codelist.Code=IT1:CL_REFAREA(1.2).109034">
          <Name xml:lang="it" xmlns="http://www.sdmx.org/resources/sdmxml/schemas/v2_1/common">Porto Sant'Elpidio</Name>
          <Name xml:lang="en" xmlns="http://www.sdmx.org/resources/sdmxml/schemas/v2_1/common">Porto Sant'Elpidio</Name>
          <Parent>
            <Ref id="IT109" xmlns="" />
          </Parent>
        </Code>
        <Code id="109035" urn="urn:sdmx:org.sdmx.infomodel.codelist.Code=IT1:CL_REFAREA(1.2).109035">
          <Name xml:lang="it" xmlns="http://www.sdmx.org/resources/sdmxml/schemas/v2_1/common">Rapagnano</Name>
          <Name xml:lang="en" xmlns="http://www.sdmx.org/resources/sdmxml/schemas/v2_1/common">Rapagnano</Name>
          <Parent>
            <Ref id="IT109" xmlns="" />
          </Parent>
        </Code>
        <Code id="109036" urn="urn:sdmx:org.sdmx.infomodel.codelist.Code=IT1:CL_REFAREA(1.2).109036">
          <Name xml:lang="it" xmlns="http://www.sdmx.org/resources/sdmxml/schemas/v2_1/common">Santa Vittoria in Matenano</Name>
          <Name xml:lang="en" xmlns="http://www.sdmx.org/resources/sdmxml/schemas/v2_1/common">Santa Vittoria in Matenano</Name>
          <Parent>
            <Ref id="IT109" xmlns="" />
          </Parent>
        </Code>
        <Code id="109037" urn="urn:sdmx:org.sdmx.infomodel.codelist.Code=IT1:CL_REFAREA(1.2).109037">
          <Name xml:lang="it" xmlns="http://www.sdmx.org/resources/sdmxml/schemas/v2_1/common">Sant'Elpidio a Mare</Name>
          <Name xml:lang="en" xmlns="http://www.sdmx.org/resources/sdmxml/schemas/v2_1/common">Sant'Elpidio a Mare</Name>
          <Parent>
            <Ref id="IT109" xmlns="" />
          </Parent>
        </Code>
        <Code id="109038" urn="urn:sdmx:org.sdmx.infomodel.codelist.Code=IT1:CL_REFAREA(1.2).109038">
          <Name xml:lang="it" xmlns="http://www.sdmx.org/resources/sdmxml/schemas/v2_1/common">Servigliano</Name>
          <Name xml:lang="en" xmlns="http://www.sdmx.org/resources/sdmxml/schemas/v2_1/common">Servigliano</Name>
          <Parent>
            <Ref id="IT109" xmlns="" />
          </Parent>
        </Code>
        <Code id="109039" urn="urn:sdmx:org.sdmx.infomodel.codelist.Code=IT1:CL_REFAREA(1.2).109039">
          <Name xml:lang="it" xmlns="http://www.sdmx.org/resources/sdmxml/schemas/v2_1/common">Smerillo</Name>
          <Name xml:lang="en" xmlns="http://www.sdmx.org/resources/sdmxml/schemas/v2_1/common">Smerillo</Name>
          <Parent>
            <Ref id="IT109" xmlns="" />
          </Parent>
        </Code>
        <Code id="109040" urn="urn:sdmx:org.sdmx.infomodel.codelist.Code=IT1:CL_REFAREA(1.2).109040">
          <Name xml:lang="it" xmlns="http://www.sdmx.org/resources/sdmxml/schemas/v2_1/common">Torre San Patrizio</Name>
          <Name xml:lang="en" xmlns="http://www.sdmx.org/resources/sdmxml/schemas/v2_1/common">Torre San Patrizio</Name>
          <Parent>
            <Ref id="IT109" xmlns="" />
          </Parent>
        </Code>
        <Code id="110001" urn="urn:sdmx:org.sdmx.infomodel.codelist.Code=IT1:CL_REFAREA(1.2).110001">
          <Name xml:lang="it" xmlns="http://www.sdmx.org/resources/sdmxml/schemas/v2_1/common">Andria</Name>
          <Name xml:lang="en" xmlns="http://www.sdmx.org/resources/sdmxml/schemas/v2_1/common">Andria</Name>
          <Parent>
            <Ref id="IT110" xmlns="" />
          </Parent>
        </Code>
        <Code id="110002" urn="urn:sdmx:org.sdmx.infomodel.codelist.Code=IT1:CL_REFAREA(1.2).110002">
          <Name xml:lang="it" xmlns="http://www.sdmx.org/resources/sdmxml/schemas/v2_1/common">Barletta</Name>
          <Name xml:lang="en" xmlns="http://www.sdmx.org/resources/sdmxml/schemas/v2_1/common">Barletta</Name>
          <Parent>
            <Ref id="IT110" xmlns="" />
          </Parent>
        </Code>
        <Code id="110003" urn="urn:sdmx:org.sdmx.infomodel.codelist.Code=IT1:CL_REFAREA(1.2).110003">
          <Name xml:lang="it" xmlns="http://www.sdmx.org/resources/sdmxml/schemas/v2_1/common">Bisceglie</Name>
          <Name xml:lang="en" xmlns="http://www.sdmx.org/resources/sdmxml/schemas/v2_1/common">Bisceglie</Name>
          <Parent>
            <Ref id="IT110" xmlns="" />
          </Parent>
        </Code>
        <Code id="110004" urn="urn:sdmx:org.sdmx.infomodel.codelist.Code=IT1:CL_REFAREA(1.2).110004">
          <Name xml:lang="it" xmlns="http://www.sdmx.org/resources/sdmxml/schemas/v2_1/common">Canosa di Puglia</Name>
          <Name xml:lang="en" xmlns="http://www.sdmx.org/resources/sdmxml/schemas/v2_1/common">Canosa di Puglia</Name>
          <Parent>
            <Ref id="IT110" xmlns="" />
          </Parent>
        </Code>
        <Code id="110005" urn="urn:sdmx:org.sdmx.infomodel.codelist.Code=IT1:CL_REFAREA(1.2).110005">
          <Name xml:lang="it" xmlns="http://www.sdmx.org/resources/sdmxml/schemas/v2_1/common">Margherita di Savoia</Name>
          <Name xml:lang="en" xmlns="http://www.sdmx.org/resources/sdmxml/schemas/v2_1/common">Margherita di Savoia</Name>
          <Parent>
            <Ref id="IT110" xmlns="" />
          </Parent>
        </Code>
        <Code id="110006" urn="urn:sdmx:org.sdmx.infomodel.codelist.Code=IT1:CL_REFAREA(1.2).110006">
          <Name xml:lang="it" xmlns="http://www.sdmx.org/resources/sdmxml/schemas/v2_1/common">Minervino Murge</Name>
          <Name xml:lang="en" xmlns="http://www.sdmx.org/resources/sdmxml/schemas/v2_1/common">Minervino Murge</Name>
          <Parent>
            <Ref id="IT110" xmlns="" />
          </Parent>
        </Code>
        <Code id="110007" urn="urn:sdmx:org.sdmx.infomodel.codelist.Code=IT1:CL_REFAREA(1.2).110007">
          <Name xml:lang="it" xmlns="http://www.sdmx.org/resources/sdmxml/schemas/v2_1/common">San Ferdinando di Puglia</Name>
          <Name xml:lang="en" xmlns="http://www.sdmx.org/resources/sdmxml/schemas/v2_1/common">San Ferdinando di Puglia</Name>
          <Parent>
            <Ref id="IT110" xmlns="" />
          </Parent>
        </Code>
        <Code id="110008" urn="urn:sdmx:org.sdmx.infomodel.codelist.Code=IT1:CL_REFAREA(1.2).110008">
          <Name xml:lang="it" xmlns="http://www.sdmx.org/resources/sdmxml/schemas/v2_1/common">Spinazzola</Name>
          <Name xml:lang="en" xmlns="http://www.sdmx.org/resources/sdmxml/schemas/v2_1/common">Spinazzola</Name>
          <Parent>
            <Ref id="IT110" xmlns="" />
          </Parent>
        </Code>
        <Code id="110009" urn="urn:sdmx:org.sdmx.infomodel.codelist.Code=IT1:CL_REFAREA(1.2).110009">
          <Name xml:lang="it" xmlns="http://www.sdmx.org/resources/sdmxml/schemas/v2_1/common">Trani</Name>
          <Name xml:lang="en" xmlns="http://www.sdmx.org/resources/sdmxml/schemas/v2_1/common">Trani</Name>
          <Parent>
            <Ref id="IT110" xmlns="" />
          </Parent>
        </Code>
        <Code id="110010" urn="urn:sdmx:org.sdmx.infomodel.codelist.Code=IT1:CL_REFAREA(1.2).110010">
          <Name xml:lang="it" xmlns="http://www.sdmx.org/resources/sdmxml/schemas/v2_1/common">Trinitapoli</Name>
          <Name xml:lang="en" xmlns="http://www.sdmx.org/resources/sdmxml/schemas/v2_1/common">Trinitapoli</Name>
          <Parent>
            <Ref id="IT110" xmlns="" />
          </Parent>
        </Code>
        <Code id="2" urn="urn:sdmx:org.sdmx.infomodel.codelist.Code=IT1:CL_REFAREA(1.2).2">
          <Name xml:lang="it" xmlns="http://www.sdmx.org/resources/sdmxml/schemas/v2_1/common">centro area metropolitana</Name>
          <Name xml:lang="en" xmlns="http://www.sdmx.org/resources/sdmxml/schemas/v2_1/common">metropolitan area - centre</Name>
          <Parent>
            <Ref id="IT" xmlns="" />
          </Parent>
        </Code>
        <Code id="3" urn="urn:sdmx:org.sdmx.infomodel.codelist.Code=IT1:CL_REFAREA(1.2).3">
          <Name xml:lang="it" xmlns="http://www.sdmx.org/resources/sdmxml/schemas/v2_1/common">periferia area metropolitana</Name>
          <Name xml:lang="en" xmlns="http://www.sdmx.org/resources/sdmxml/schemas/v2_1/common">metropolitan area - suburbs</Name>
          <Parent>
            <Ref id="IT" xmlns="" />
          </Parent>
        </Code>
        <Code id="4" urn="urn:sdmx:org.sdmx.infomodel.codelist.Code=IT1:CL_REFAREA(1.2).4">
          <Name xml:lang="it" xmlns="http://www.sdmx.org/resources/sdmxml/schemas/v2_1/common">grandi comuni</Name>
          <Name xml:lang="en" xmlns="http://www.sdmx.org/resources/sdmxml/schemas/v2_1/common">big municipality</Name>
          <Parent>
            <Ref id="IT" xmlns="" />
          </Parent>
        </Code>
        <Code id="5" urn="urn:sdmx:org.sdmx.infomodel.codelist.Code=IT1:CL_REFAREA(1.2).5">
          <Name xml:lang="it" xmlns="http://www.sdmx.org/resources/sdmxml/schemas/v2_1/common">piccoli comuni</Name>
          <Name xml:lang="en" xmlns="http://www.sdmx.org/resources/sdmxml/schemas/v2_1/common">small municipality</Name>
          <Parent>
            <Ref id="IT" xmlns="" />
          </Parent>
        </Code>
        <Code id="6" urn="urn:sdmx:org.sdmx.infomodel.codelist.Code=IT1:CL_REFAREA(1.2).6">
          <Name xml:lang="it" xmlns="http://www.sdmx.org/resources/sdmxml/schemas/v2_1/common">fino a 2.000 ab.</Name>
          <Name xml:lang="en" xmlns="http://www.sdmx.org/resources/sdmxml/schemas/v2_1/common">until 2,000 inhab.</Name>
          <Parent>
            <Ref id="IT" xmlns="" />
          </Parent>
        </Code>
        <Code id="7" urn="urn:sdmx:org.sdmx.infomodel.codelist.Code=IT1:CL_REFAREA(1.2).7">
          <Name xml:lang="it" xmlns="http://www.sdmx.org/resources/sdmxml/schemas/v2_1/common">2.001 - 10.000 ab.</Name>
          <Name xml:lang="en" xmlns="http://www.sdmx.org/resources/sdmxml/schemas/v2_1/common">2,001 - 10,000 inhab.</Name>
          <Parent>
            <Ref id="IT" xmlns="" />
          </Parent>
        </Code>
        <Code id="8" urn="urn:sdmx:org.sdmx.infomodel.codelist.Code=IT1:CL_REFAREA(1.2).8">
          <Name xml:lang="it" xmlns="http://www.sdmx.org/resources/sdmxml/schemas/v2_1/common">10.001 - 50.000 ab.</Name>
          <Name xml:lang="en" xmlns="http://www.sdmx.org/resources/sdmxml/schemas/v2_1/common">10,001 - 50,000 inhab.</Name>
          <Parent>
            <Ref id="IT" xmlns="" />
          </Parent>
        </Code>
        <Code id="9" urn="urn:sdmx:org.sdmx.infomodel.codelist.Code=IT1:CL_REFAREA(1.2).9">
          <Name xml:lang="it" xmlns="http://www.sdmx.org/resources/sdmxml/schemas/v2_1/common">50.001 ab. e più</Name>
          <Name xml:lang="en" xmlns="http://www.sdmx.org/resources/sdmxml/schemas/v2_1/common">50,001 inhab. and over</Name>
          <Parent>
            <Ref id="IT" xmlns="" />
          </Parent>
        </Code>
        <Code id="IT" urn="urn:sdmx:org.sdmx.infomodel.codelist.Code=IT1:CL_REFAREA(1.2).IT">
          <Name xml:lang="it" xmlns="http://www.sdmx.org/resources/sdmxml/schemas/v2_1/common">Italia</Name>
          <Name xml:lang="en" xmlns="http://www.sdmx.org/resources/sdmxml/schemas/v2_1/common">Italy</Name>
        </Code>
        <Code id="IT108" urn="urn:sdmx:org.sdmx.infomodel.codelist.Code=IT1:CL_REFAREA(1.2).IT108">
          <Name xml:lang="it" xmlns="http://www.sdmx.org/resources/sdmxml/schemas/v2_1/common">Monza e della Brianza</Name>
          <Name xml:lang="en" xmlns="http://www.sdmx.org/resources/sdmxml/schemas/v2_1/common">Monza e della Brianza</Name>
          <Parent>
            <Ref id="ITC4" xmlns="" />
          </Parent>
        </Code>
        <Code id="IT109" urn="urn:sdmx:org.sdmx.infomodel.codelist.Code=IT1:CL_REFAREA(1.2).IT109">
          <Name xml:lang="it" xmlns="http://www.sdmx.org/resources/sdmxml/schemas/v2_1/common">Fermo</Name>
          <Name xml:lang="en" xmlns="http://www.sdmx.org/resources/sdmxml/schemas/v2_1/common">Fermo</Name>
          <Parent>
            <Ref id="ITE3" xmlns="" />
          </Parent>
        </Code>
        <Code id="IT110" urn="urn:sdmx:org.sdmx.infomodel.codelist.Code=IT1:CL_REFAREA(1.2).IT110">
          <Name xml:lang="it" xmlns="http://www.sdmx.org/resources/sdmxml/schemas/v2_1/common">Barletta-Andria-Trani</Name>
          <Name xml:lang="en" xmlns="http://www.sdmx.org/resources/sdmxml/schemas/v2_1/common">Barletta-Andria-Trani</Name>
          <Parent>
            <Ref id="ITF4" xmlns="" />
          </Parent>
        </Code>
        <Code id="ITC" urn="urn:sdmx:org.sdmx.infomodel.codelist.Code=IT1:CL_REFAREA(1.2).ITC">
          <Name xml:lang="it" xmlns="http://www.sdmx.org/resources/sdmxml/schemas/v2_1/common">Nord-ovest</Name>
          <Name xml:lang="en" xmlns="http://www.sdmx.org/resources/sdmxml/schemas/v2_1/common">Nord-ovest</Name>
          <Parent>
            <Ref id="IT" xmlns="" />
          </Parent>
        </Code>
        <Code id="ITC1" urn="urn:sdmx:org.sdmx.infomodel.codelist.Code=IT1:CL_REFAREA(1.2).ITC1">
          <Name xml:lang="it" xmlns="http://www.sdmx.org/resources/sdmxml/schemas/v2_1/common">Piemonte</Name>
          <Name xml:lang="en" xmlns="http://www.sdmx.org/resources/sdmxml/schemas/v2_1/common">Piemonte</Name>
          <Parent>
            <Ref id="ITC" xmlns="" />
          </Parent>
        </Code>
        <Code id="ITC11" urn="urn:sdmx:org.sdmx.infomodel.codelist.Code=IT1:CL_REFAREA(1.2).ITC11">
          <Name xml:lang="it" xmlns="http://www.sdmx.org/resources/sdmxml/schemas/v2_1/common">Torino</Name>
          <Name xml:lang="en" xmlns="http://www.sdmx.org/resources/sdmxml/schemas/v2_1/common">Torino</Name>
          <Parent>
            <Ref id="ITC1" xmlns="" />
          </Parent>
        </Code>
        <Code id="ITC12" urn="urn:sdmx:org.sdmx.infomodel.codelist.Code=IT1:CL_REFAREA(1.2).ITC12">
          <Name xml:lang="it" xmlns="http://www.sdmx.org/resources/sdmxml/schemas/v2_1/common">Vercelli</Name>
          <Name xml:lang="en" xmlns="http://www.sdmx.org/resources/sdmxml/schemas/v2_1/common">Vercelli</Name>
          <Parent>
            <Ref id="ITC1" xmlns="" />
          </Parent>
        </Code>
        <Code id="ITC13" urn="urn:sdmx:org.sdmx.infomodel.codelist.Code=IT1:CL_REFAREA(1.2).ITC13">
          <Name xml:lang="it" xmlns="http://www.sdmx.org/resources/sdmxml/schemas/v2_1/common">Biella</Name>
          <Name xml:lang="en" xmlns="http://www.sdmx.org/resources/sdmxml/schemas/v2_1/common">Biella</Name>
          <Parent>
            <Ref id="ITC1" xmlns="" />
          </Parent>
        </Code>
        <Code id="ITC14" urn="urn:sdmx:org.sdmx.infomodel.codelist.Code=IT1:CL_REFAREA(1.2).ITC14">
          <Name xml:lang="it" xmlns="http://www.sdmx.org/resources/sdmxml/schemas/v2_1/common">Verbano-Cusio-Ossola</Name>
          <Name xml:lang="en" xmlns="http://www.sdmx.org/resources/sdmxml/schemas/v2_1/common">Verbano-Cusio-Ossola</Name>
          <Parent>
            <Ref id="ITC1" xmlns="" />
          </Parent>
        </Code>
        <Code id="ITC15" urn="urn:sdmx:org.sdmx.infomodel.codelist.Code=IT1:CL_REFAREA(1.2).ITC15">
          <Name xml:lang="it" xmlns="http://www.sdmx.org/resources/sdmxml/schemas/v2_1/common">Novara</Name>
          <Name xml:lang="en" xmlns="http://www.sdmx.org/resources/sdmxml/schemas/v2_1/common">Novara</Name>
          <Parent>
            <Ref id="ITC1" xmlns="" />
          </Parent>
        </Code>
        <Code id="ITC16" urn="urn:sdmx:org.sdmx.infomodel.codelist.Code=IT1:CL_REFAREA(1.2).ITC16">
          <Name xml:lang="it" xmlns="http://www.sdmx.org/resources/sdmxml/schemas/v2_1/common">Cuneo</Name>
          <Name xml:lang="en" xmlns="http://www.sdmx.org/resources/sdmxml/schemas/v2_1/common">Cuneo</Name>
          <Parent>
            <Ref id="ITC1" xmlns="" />
          </Parent>
        </Code>
        <Code id="ITC17" urn="urn:sdmx:org.sdmx.infomodel.codelist.Code=IT1:CL_REFAREA(1.2).ITC17">
          <Name xml:lang="it" xmlns="http://www.sdmx.org/resources/sdmxml/schemas/v2_1/common">Asti</Name>
          <Name xml:lang="en" xmlns="http://www.sdmx.org/resources/sdmxml/schemas/v2_1/common">Asti</Name>
          <Parent>
            <Ref id="ITC1" xmlns="" />
          </Parent>
        </Code>
        <Code id="ITC18" urn="urn:sdmx:org.sdmx.infomodel.codelist.Code=IT1:CL_REFAREA(1.2).ITC18">
          <Name xml:lang="it" xmlns="http://www.sdmx.org/resources/sdmxml/schemas/v2_1/common">Alessandria</Name>
          <Name xml:lang="en" xmlns="http://www.sdmx.org/resources/sdmxml/schemas/v2_1/common">Alessandria</Name>
          <Parent>
            <Ref id="ITC1" xmlns="" />
          </Parent>
        </Code>
        <Code id="ITC2" urn="urn:sdmx:org.sdmx.infomodel.codelist.Code=IT1:CL_REFAREA(1.2).ITC2">
          <Name xml:lang="it" xmlns="http://www.sdmx.org/resources/sdmxml/schemas/v2_1/common">Valle d'Aosta / Vallée d'Aoste</Name>
          <Name xml:lang="en" xmlns="http://www.sdmx.org/resources/sdmxml/schemas/v2_1/common">Valle d'Aosta / Vallée d'Aoste</Name>
          <Parent>
            <Ref id="ITC" xmlns="" />
          </Parent>
        </Code>
        <Code id="ITC20" urn="urn:sdmx:org.sdmx.infomodel.codelist.Code=IT1:CL_REFAREA(1.2).ITC20">
          <Name xml:lang="it" xmlns="http://www.sdmx.org/resources/sdmxml/schemas/v2_1/common">Valle d'Aosta / Vallée d'Aoste</Name>
          <Name xml:lang="en" xmlns="http://www.sdmx.org/resources/sdmxml/schemas/v2_1/common">Valle d'Aosta / Vallée d'Aoste</Name>
          <Parent>
            <Ref id="ITC2" xmlns="" />
          </Parent>
        </Code>
        <Code id="ITC3" urn="urn:sdmx:org.sdmx.infomodel.codelist.Code=IT1:CL_REFAREA(1.2).ITC3">
          <Name xml:lang="it" xmlns="http://www.sdmx.org/resources/sdmxml/schemas/v2_1/common">Liguria</Name>
          <Name xml:lang="en" xmlns="http://www.sdmx.org/resources/sdmxml/schemas/v2_1/common">Liguria</Name>
          <Parent>
            <Ref id="ITC" xmlns="" />
          </Parent>
        </Code>
        <Code id="ITC31" urn="urn:sdmx:org.sdmx.infomodel.codelist.Code=IT1:CL_REFAREA(1.2).ITC31">
          <Name xml:lang="it" xmlns="http://www.sdmx.org/resources/sdmxml/schemas/v2_1/common">Imperia</Name>
          <Name xml:lang="en" xmlns="http://www.sdmx.org/resources/sdmxml/schemas/v2_1/common">Imperia</Name>
          <Parent>
            <Ref id="ITC3" xmlns="" />
          </Parent>
        </Code>
        <Code id="ITC32" urn="urn:sdmx:org.sdmx.infomodel.codelist.Code=IT1:CL_REFAREA(1.2).ITC32">
          <Name xml:lang="it" xmlns="http://www.sdmx.org/resources/sdmxml/schemas/v2_1/common">Savona</Name>
          <Name xml:lang="en" xmlns="http://www.sdmx.org/resources/sdmxml/schemas/v2_1/common">Savona</Name>
          <Parent>
            <Ref id="ITC3" xmlns="" />
          </Parent>
        </Code>
        <Code id="ITC33" urn="urn:sdmx:org.sdmx.infomodel.codelist.Code=IT1:CL_REFAREA(1.2).ITC33">
          <Name xml:lang="it" xmlns="http://www.sdmx.org/resources/sdmxml/schemas/v2_1/common">Genova</Name>
          <Name xml:lang="en" xmlns="http://www.sdmx.org/resources/sdmxml/schemas/v2_1/common">Genova</Name>
          <Parent>
            <Ref id="ITC3" xmlns="" />
          </Parent>
        </Code>
        <Code id="ITC34" urn="urn:sdmx:org.sdmx.infomodel.codelist.Code=IT1:CL_REFAREA(1.2).ITC34">
          <Name xml:lang="it" xmlns="http://www.sdmx.org/resources/sdmxml/schemas/v2_1/common">La Spezia</Name>
          <Name xml:lang="en" xmlns="http://www.sdmx.org/resources/sdmxml/schemas/v2_1/common">La Spezia</Name>
          <Parent>
            <Ref id="ITC3" xmlns="" />
          </Parent>
        </Code>
        <Code id="ITC4" urn="urn:sdmx:org.sdmx.infomodel.codelist.Code=IT1:CL_REFAREA(1.2).ITC4">
          <Name xml:lang="it" xmlns="http://www.sdmx.org/resources/sdmxml/schemas/v2_1/common">Lombardia</Name>
          <Name xml:lang="en" xmlns="http://www.sdmx.org/resources/sdmxml/schemas/v2_1/common">Lombardia</Name>
          <Parent>
            <Ref id="ITC" xmlns="" />
          </Parent>
        </Code>
        <Code id="ITC41" urn="urn:sdmx:org.sdmx.infomodel.codelist.Code=IT1:CL_REFAREA(1.2).ITC41">
          <Name xml:lang="it" xmlns="http://www.sdmx.org/resources/sdmxml/schemas/v2_1/common">Varese</Name>
          <Name xml:lang="en" xmlns="http://www.sdmx.org/resources/sdmxml/schemas/v2_1/common">Varese</Name>
          <Parent>
            <Ref id="ITC4" xmlns="" />
          </Parent>
        </Code>
        <Code id="ITC42" urn="urn:sdmx:org.sdmx.infomodel.codelist.Code=IT1:CL_REFAREA(1.2).ITC42">
          <Name xml:lang="it" xmlns="http://www.sdmx.org/resources/sdmxml/schemas/v2_1/common">Como</Name>
          <Name xml:lang="en" xmlns="http://www.sdmx.org/resources/sdmxml/schemas/v2_1/common">Como</Name>
          <Parent>
            <Ref id="ITC4" xmlns="" />
          </Parent>
        </Code>
        <Code id="ITC43" urn="urn:sdmx:org.sdmx.infomodel.codelist.Code=IT1:CL_REFAREA(1.2).ITC43">
          <Name xml:lang="it" xmlns="http://www.sdmx.org/resources/sdmxml/schemas/v2_1/common">Lecco</Name>
          <Name xml:lang="en" xmlns="http://www.sdmx.org/resources/sdmxml/schemas/v2_1/common">Lecco</Name>
          <Parent>
            <Ref id="ITC4" xmlns="" />
          </Parent>
        </Code>
        <Code id="ITC44" urn="urn:sdmx:org.sdmx.infomodel.codelist.Code=IT1:CL_REFAREA(1.2).ITC44">
          <Name xml:lang="it" xmlns="http://www.sdmx.org/resources/sdmxml/schemas/v2_1/common">Sondrio</Name>
          <Name xml:lang="en" xmlns="http://www.sdmx.org/resources/sdmxml/schemas/v2_1/common">Sondrio</Name>
          <Parent>
            <Ref id="ITC4" xmlns="" />
          </Parent>
        </Code>
        <Code id="ITC45" urn="urn:sdmx:org.sdmx.infomodel.codelist.Code=IT1:CL_REFAREA(1.2).ITC45">
          <Name xml:lang="it" xmlns="http://www.sdmx.org/resources/sdmxml/schemas/v2_1/common">Milano</Name>
          <Name xml:lang="en" xmlns="http://www.sdmx.org/resources/sdmxml/schemas/v2_1/common">Milano</Name>
          <Parent>
            <Ref id="ITC4" xmlns="" />
          </Parent>
        </Code>
        <Code id="ITC46" urn="urn:sdmx:org.sdmx.infomodel.codelist.Code=IT1:CL_REFAREA(1.2).ITC46">
          <Name xml:lang="it" xmlns="http://www.sdmx.org/resources/sdmxml/schemas/v2_1/common">Bergamo</Name>
          <Name xml:lang="en" xmlns="http://www.sdmx.org/resources/sdmxml/schemas/v2_1/common">Bergamo</Name>
          <Parent>
            <Ref id="ITC4" xmlns="" />
          </Parent>
        </Code>
        <Code id="ITC47" urn="urn:sdmx:org.sdmx.infomodel.codelist.Code=IT1:CL_REFAREA(1.2).ITC47">
          <Name xml:lang="it" xmlns="http://www.sdmx.org/resources/sdmxml/schemas/v2_1/common">Brescia</Name>
          <Name xml:lang="en" xmlns="http://www.sdmx.org/resources/sdmxml/schemas/v2_1/common">Brescia</Name>
          <Parent>
            <Ref id="ITC4" xmlns="" />
          </Parent>
        </Code>
        <Code id="ITC48" urn="urn:sdmx:org.sdmx.infomodel.codelist.Code=IT1:CL_REFAREA(1.2).ITC48">
          <Name xml:lang="it" xmlns="http://www.sdmx.org/resources/sdmxml/schemas/v2_1/common">Pavia</Name>
          <Name xml:lang="en" xmlns="http://www.sdmx.org/resources/sdmxml/schemas/v2_1/common">Pavia</Name>
          <Parent>
            <Ref id="ITC4" xmlns="" />
          </Parent>
        </Code>
        <Code id="ITC49" urn="urn:sdmx:org.sdmx.infomodel.codelist.Code=IT1:CL_REFAREA(1.2).ITC49">
          <Name xml:lang="it" xmlns="http://www.sdmx.org/resources/sdmxml/schemas/v2_1/common">Lodi</Name>
          <Name xml:lang="en" xmlns="http://www.sdmx.org/resources/sdmxml/schemas/v2_1/common">Lodi</Name>
          <Parent>
            <Ref id="ITC4" xmlns="" />
          </Parent>
        </Code>
        <Code id="ITC4A" urn="urn:sdmx:org.sdmx.infomodel.codelist.Code=IT1:CL_REFAREA(1.2).ITC4A">
          <Name xml:lang="it" xmlns="http://www.sdmx.org/resources/sdmxml/schemas/v2_1/common">Cremona</Name>
          <Name xml:lang="en" xmlns="http://www.sdmx.org/resources/sdmxml/schemas/v2_1/common">Cremona</Name>
          <Parent>
            <Ref id="ITC4" xmlns="" />
          </Parent>
        </Code>
        <Code id="ITC4B" urn="urn:sdmx:org.sdmx.infomodel.codelist.Code=IT1:CL_REFAREA(1.2).ITC4B">
          <Name xml:lang="it" xmlns="http://www.sdmx.org/resources/sdmxml/schemas/v2_1/common">Mantova</Name>
          <Name xml:lang="en" xmlns="http://www.sdmx.org/resources/sdmxml/schemas/v2_1/common">Mantova</Name>
          <Parent>
            <Ref id="ITC4" xmlns="" />
          </Parent>
        </Code>
        <Code id="ITCD" urn="urn:sdmx:org.sdmx.infomodel.codelist.Code=IT1:CL_REFAREA(1.2).ITCD">
          <Name xml:lang="it" xmlns="http://www.sdmx.org/resources/sdmxml/schemas/v2_1/common">Nord</Name>
          <Name xml:lang="en" xmlns="http://www.sdmx.org/resources/sdmxml/schemas/v2_1/common">Nord</Name>
          <Parent>
            <Ref id="IT" xmlns="" />
          </Parent>
        </Code>
        <Code id="ITCDE" urn="urn:sdmx:org.sdmx.infomodel.codelist.Code=IT1:CL_REFAREA(1.2).ITCDE">
          <Name xml:lang="it" xmlns="http://www.sdmx.org/resources/sdmxml/schemas/v2_1/common">Centro-nord</Name>
          <Name xml:lang="en" xmlns="http://www.sdmx.org/resources/sdmxml/schemas/v2_1/common">Centro-nord</Name>
          <Parent>
            <Ref id="IT" xmlns="" />
          </Parent>
        </Code>
        <Code id="ITD" urn="urn:sdmx:org.sdmx.infomodel.codelist.Code=IT1:CL_REFAREA(1.2).ITD">
          <Name xml:lang="it" xmlns="http://www.sdmx.org/resources/sdmxml/schemas/v2_1/common">Nord-est</Name>
          <Name xml:lang="en" xmlns="http://www.sdmx.org/resources/sdmxml/schemas/v2_1/common">Nord-est</Name>
          <Parent>
            <Ref id="IT" xmlns="" />
          </Parent>
        </Code>
        <Code id="ITD1" urn="urn:sdmx:org.sdmx.infomodel.codelist.Code=IT1:CL_REFAREA(1.2).ITD1">
          <Name xml:lang="it" xmlns="http://www.sdmx.org/resources/sdmxml/schemas/v2_1/common">Provincia Autonoma Bolzano / Bozen</Name>
          <Name xml:lang="en" xmlns="http://www.sdmx.org/resources/sdmxml/schemas/v2_1/common">Provincia Autonoma Bolzano / Bozen</Name>
          <Parent>
            <Ref id="ITD" xmlns="" />
          </Parent>
        </Code>
        <Code id="ITD10" urn="urn:sdmx:org.sdmx.infomodel.codelist.Code=IT1:CL_REFAREA(1.2).ITD10">
          <Name xml:lang="it" xmlns="http://www.sdmx.org/resources/sdmxml/schemas/v2_1/common">Bolzano / Bozen</Name>
          <Name xml:lang="en" xmlns="http://www.sdmx.org/resources/sdmxml/schemas/v2_1/common">Bolzano / Bozen</Name>
          <Parent>
            <Ref id="ITD1" xmlns="" />
          </Parent>
        </Code>
        <Code id="ITD2" urn="urn:sdmx:org.sdmx.infomodel.codelist.Code=IT1:CL_REFAREA(1.2).ITD2">
          <Name xml:lang="it" xmlns="http://www.sdmx.org/resources/sdmxml/schemas/v2_1/common">Provincia Autonoma Trento</Name>
          <Name xml:lang="en" xmlns="http://www.sdmx.org/resources/sdmxml/schemas/v2_1/common">Provincia Autonoma Trento</Name>
          <Parent>
            <Ref id="ITD" xmlns="" />
          </Parent>
        </Code>
        <Code id="ITD20" urn="urn:sdmx:org.sdmx.infomodel.codelist.Code=IT1:CL_REFAREA(1.2).ITD20">
          <Name xml:lang="it" xmlns="http://www.sdmx.org/resources/sdmxml/schemas/v2_1/common">Trento</Name>
          <Name xml:lang="en" xmlns="http://www.sdmx.org/resources/sdmxml/schemas/v2_1/common">Trento</Name>
          <Parent>
            <Ref id="ITD2" xmlns="" />
          </Parent>
        </Code>
        <Code id="ITD3" urn="urn:sdmx:org.sdmx.infomodel.codelist.Code=IT1:CL_REFAREA(1.2).ITD3">
          <Name xml:lang="it" xmlns="http://www.sdmx.org/resources/sdmxml/schemas/v2_1/common">Veneto</Name>
          <Name xml:lang="en" xmlns="http://www.sdmx.org/resources/sdmxml/schemas/v2_1/common">Veneto</Name>
          <Parent>
            <Ref id="ITD" xmlns="" />
          </Parent>
        </Code>
        <Code id="ITD31" urn="urn:sdmx:org.sdmx.infomodel.codelist.Code=IT1:CL_REFAREA(1.2).ITD31">
          <Name xml:lang="it" xmlns="http://www.sdmx.org/resources/sdmxml/schemas/v2_1/common">Verona</Name>
          <Name xml:lang="en" xmlns="http://www.sdmx.org/resources/sdmxml/schemas/v2_1/common">Verona</Name>
          <Parent>
            <Ref id="ITD3" xmlns="" />
          </Parent>
        </Code>
        <Code id="ITD32" urn="urn:sdmx:org.sdmx.infomodel.codelist.Code=IT1:CL_REFAREA(1.2).ITD32">
          <Name xml:lang="it" xmlns="http://www.sdmx.org/resources/sdmxml/schemas/v2_1/common">Vicenza</Name>
          <Name xml:lang="en" xmlns="http://www.sdmx.org/resources/sdmxml/schemas/v2_1/common">Vicenza</Name>
          <Parent>
            <Ref id="ITD3" xmlns="" />
          </Parent>
        </Code>
        <Code id="ITD33" urn="urn:sdmx:org.sdmx.infomodel.codelist.Code=IT1:CL_REFAREA(1.2).ITD33">
          <Name xml:lang="it" xmlns="http://www.sdmx.org/resources/sdmxml/schemas/v2_1/common">Belluno</Name>
          <Name xml:lang="en" xmlns="http://www.sdmx.org/resources/sdmxml/schemas/v2_1/common">Belluno</Name>
          <Parent>
            <Ref id="ITD3" xmlns="" />
          </Parent>
        </Code>
        <Code id="ITD34" urn="urn:sdmx:org.sdmx.infomodel.codelist.Code=IT1:CL_REFAREA(1.2).ITD34">
          <Name xml:lang="it" xmlns="http://www.sdmx.org/resources/sdmxml/schemas/v2_1/common">Treviso</Name>
          <Name xml:lang="en" xmlns="http://www.sdmx.org/resources/sdmxml/schemas/v2_1/common">Treviso</Name>
          <Parent>
            <Ref id="ITD3" xmlns="" />
          </Parent>
        </Code>
        <Code id="ITD35" urn="urn:sdmx:org.sdmx.infomodel.codelist.Code=IT1:CL_REFAREA(1.2).ITD35">
          <Name xml:lang="it" xmlns="http://www.sdmx.org/resources/sdmxml/schemas/v2_1/common">Venezia</Name>
          <Name xml:lang="en" xmlns="http://www.sdmx.org/resources/sdmxml/schemas/v2_1/common">Venezia</Name>
          <Parent>
            <Ref id="ITD3" xmlns="" />
          </Parent>
        </Code>
        <Code id="ITD36" urn="urn:sdmx:org.sdmx.infomodel.codelist.Code=IT1:CL_REFAREA(1.2).ITD36">
          <Name xml:lang="it" xmlns="http://www.sdmx.org/resources/sdmxml/schemas/v2_1/common">Padova</Name>
          <Name xml:lang="en" xmlns="http://www.sdmx.org/resources/sdmxml/schemas/v2_1/common">Padova</Name>
          <Parent>
            <Ref id="ITD3" xmlns="" />
          </Parent>
        </Code>
        <Code id="ITD37" urn="urn:sdmx:org.sdmx.infomodel.codelist.Code=IT1:CL_REFAREA(1.2).ITD37">
          <Name xml:lang="it" xmlns="http://www.sdmx.org/resources/sdmxml/schemas/v2_1/common">Rovigo</Name>
          <Name xml:lang="en" xmlns="http://www.sdmx.org/resources/sdmxml/schemas/v2_1/common">Rovigo</Name>
          <Parent>
            <Ref id="ITD3" xmlns="" />
          </Parent>
        </Code>
        <Code id="ITD4" urn="urn:sdmx:org.sdmx.infomodel.codelist.Code=IT1:CL_REFAREA(1.2).ITD4">
          <Name xml:lang="it" xmlns="http://www.sdmx.org/resources/sdmxml/schemas/v2_1/common">Friuli-Venezia Giulia</Name>
          <Name xml:lang="en" xmlns="http://www.sdmx.org/resources/sdmxml/schemas/v2_1/common">Friuli-Venezia Giulia</Name>
          <Parent>
            <Ref id="ITD" xmlns="" />
          </Parent>
        </Code>
        <Code id="ITD41" urn="urn:sdmx:org.sdmx.infomodel.codelist.Code=IT1:CL_REFAREA(1.2).ITD41">
          <Name xml:lang="it" xmlns="http://www.sdmx.org/resources/sdmxml/schemas/v2_1/common">Pordenone</Name>
          <Name xml:lang="en" xmlns="http://www.sdmx.org/resources/sdmxml/schemas/v2_1/common">Pordenone</Name>
          <Parent>
            <Ref id="ITD4" xmlns="" />
          </Parent>
        </Code>
        <Code id="ITD42" urn="urn:sdmx:org.sdmx.infomodel.codelist.Code=IT1:CL_REFAREA(1.2).ITD42">
          <Name xml:lang="it" xmlns="http://www.sdmx.org/resources/sdmxml/schemas/v2_1/common">Udine</Name>
          <Name xml:lang="en" xmlns="http://www.sdmx.org/resources/sdmxml/schemas/v2_1/common">Udine</Name>
          <Parent>
            <Ref id="ITD4" xmlns="" />
          </Parent>
        </Code>
        <Code id="ITD43" urn="urn:sdmx:org.sdmx.infomodel.codelist.Code=IT1:CL_REFAREA(1.2).ITD43">
          <Name xml:lang="it" xmlns="http://www.sdmx.org/resources/sdmxml/schemas/v2_1/common">Gorizia</Name>
          <Name xml:lang="en" xmlns="http://www.sdmx.org/resources/sdmxml/schemas/v2_1/common">Gorizia</Name>
          <Parent>
            <Ref id="ITD4" xmlns="" />
          </Parent>
        </Code>
        <Code id="ITD44" urn="urn:sdmx:org.sdmx.infomodel.codelist.Code=IT1:CL_REFAREA(1.2).ITD44">
          <Name xml:lang="it" xmlns="http://www.sdmx.org/resources/sdmxml/schemas/v2_1/common">Trieste</Name>
          <Name xml:lang="en" xmlns="http://www.sdmx.org/resources/sdmxml/schemas/v2_1/common">Trieste</Name>
          <Parent>
            <Ref id="ITD4" xmlns="" />
          </Parent>
        </Code>
        <Code id="ITD5" urn="urn:sdmx:org.sdmx.infomodel.codelist.Code=IT1:CL_REFAREA(1.2).ITD5">
          <Name xml:lang="it" xmlns="http://www.sdmx.org/resources/sdmxml/schemas/v2_1/common">Emilia-Romagna</Name>
          <Name xml:lang="en" xmlns="http://www.sdmx.org/resources/sdmxml/schemas/v2_1/common">Emilia-Romagna</Name>
          <Parent>
            <Ref id="ITD" xmlns="" />
          </Parent>
        </Code>
        <Code id="ITD51" urn="urn:sdmx:org.sdmx.infomodel.codelist.Code=IT1:CL_REFAREA(1.2).ITD51">
          <Name xml:lang="it" xmlns="http://www.sdmx.org/resources/sdmxml/schemas/v2_1/common">Piacenza</Name>
          <Name xml:lang="en" xmlns="http://www.sdmx.org/resources/sdmxml/schemas/v2_1/common">Piacenza</Name>
          <Parent>
            <Ref id="ITD5" xmlns="" />
          </Parent>
        </Code>
        <Code id="ITD52" urn="urn:sdmx:org.sdmx.infomodel.codelist.Code=IT1:CL_REFAREA(1.2).ITD52">
          <Name xml:lang="it" xmlns="http://www.sdmx.org/resources/sdmxml/schemas/v2_1/common">Parma</Name>
          <Name xml:lang="en" xmlns="http://www.sdmx.org/resources/sdmxml/schemas/v2_1/common">Parma</Name>
          <Parent>
            <Ref id="ITD5" xmlns="" />
          </Parent>
        </Code>
        <Code id="ITD53" urn="urn:sdmx:org.sdmx.infomodel.codelist.Code=IT1:CL_REFAREA(1.2).ITD53">
          <Name xml:lang="it" xmlns="http://www.sdmx.org/resources/sdmxml/schemas/v2_1/common">Reggio nell'Emilia</Name>
          <Name xml:lang="en" xmlns="http://www.sdmx.org/resources/sdmxml/schemas/v2_1/common">Reggio nell'Emilia</Name>
          <Parent>
            <Ref id="ITD5" xmlns="" />
          </Parent>
        </Code>
        <Code id="ITD54" urn="urn:sdmx:org.sdmx.infomodel.codelist.Code=IT1:CL_REFAREA(1.2).ITD54">
          <Name xml:lang="it" xmlns="http://www.sdmx.org/resources/sdmxml/schemas/v2_1/common">Modena</Name>
          <Name xml:lang="en" xmlns="http://www.sdmx.org/resources/sdmxml/schemas/v2_1/common">Modena</Name>
          <Parent>
            <Ref id="ITD5" xmlns="" />
          </Parent>
        </Code>
        <Code id="ITD55" urn="urn:sdmx:org.sdmx.infomodel.codelist.Code=IT1:CL_REFAREA(1.2).ITD55">
          <Name xml:lang="it" xmlns="http://www.sdmx.org/resources/sdmxml/schemas/v2_1/common">Bologna</Name>
          <Name xml:lang="en" xmlns="http://www.sdmx.org/resources/sdmxml/schemas/v2_1/common">Bologna</Name>
          <Parent>
            <Ref id="ITD5" xmlns="" />
          </Parent>
        </Code>
        <Code id="ITD56" urn="urn:sdmx:org.sdmx.infomodel.codelist.Code=IT1:CL_REFAREA(1.2).ITD56">
          <Name xml:lang="it" xmlns="http://www.sdmx.org/resources/sdmxml/schemas/v2_1/common">Ferrara</Name>
          <Name xml:lang="en" xmlns="http://www.sdmx.org/resources/sdmxml/schemas/v2_1/common">Ferrara</Name>
          <Parent>
            <Ref id="ITD5" xmlns="" />
          </Parent>
        </Code>
        <Code id="ITD57" urn="urn:sdmx:org.sdmx.infomodel.codelist.Code=IT1:CL_REFAREA(1.2).ITD57">
          <Name xml:lang="it" xmlns="http://www.sdmx.org/resources/sdmxml/schemas/v2_1/common">Ravenna</Name>
          <Name xml:lang="en" xmlns="http://www.sdmx.org/resources/sdmxml/schemas/v2_1/common">Ravenna</Name>
          <Parent>
            <Ref id="ITD5" xmlns="" />
          </Parent>
        </Code>
        <Code id="ITD58" urn="urn:sdmx:org.sdmx.infomodel.codelist.Code=IT1:CL_REFAREA(1.2).ITD58">
          <Name xml:lang="it" xmlns="http://www.sdmx.org/resources/sdmxml/schemas/v2_1/common">Forlì-Cesena</Name>
          <Name xml:lang="en" xmlns="http://www.sdmx.org/resources/sdmxml/schemas/v2_1/common">Forlì-Cesena</Name>
          <Parent>
            <Ref id="ITD5" xmlns="" />
          </Parent>
        </Code>
        <Code id="ITD59" urn="urn:sdmx:org.sdmx.infomodel.codelist.Code=IT1:CL_REFAREA(1.2).ITD59">
          <Name xml:lang="it" xmlns="http://www.sdmx.org/resources/sdmxml/schemas/v2_1/common">Rimini</Name>
          <Name xml:lang="en" xmlns="http://www.sdmx.org/resources/sdmxml/schemas/v2_1/common">Rimini</Name>
          <Parent>
            <Ref id="ITD5" xmlns="" />
          </Parent>
        </Code>
        <Code id="ITDA" urn="urn:sdmx:org.sdmx.infomodel.codelist.Code=IT1:CL_REFAREA(1.2).ITDA">
          <Name xml:lang="it" xmlns="http://www.sdmx.org/resources/sdmxml/schemas/v2_1/common">Trentino Alto Adige / Südtirol</Name>
          <Name xml:lang="en" xmlns="http://www.sdmx.org/resources/sdmxml/schemas/v2_1/common">Trentino Alto Adige / Südtirol</Name>
          <Parent>
            <Ref id="ITD" xmlns="" />
          </Parent>
        </Code>
        <Code id="ITE" urn="urn:sdmx:org.sdmx.infomodel.codelist.Code=IT1:CL_REFAREA(1.2).ITE">
          <Name xml:lang="it" xmlns="http://www.sdmx.org/resources/sdmxml/schemas/v2_1/common">Centro</Name>
          <Name xml:lang="en" xmlns="http://www.sdmx.org/resources/sdmxml/schemas/v2_1/common">Centro (I)</Name>
          <Parent>
            <Ref id="IT" xmlns="" />
          </Parent>
        </Code>
        <Code id="ITE1" urn="urn:sdmx:org.sdmx.infomodel.codelist.Code=IT1:CL_REFAREA(1.2).ITE1">
          <Name xml:lang="it" xmlns="http://www.sdmx.org/resources/sdmxml/schemas/v2_1/common">Toscana</Name>
          <Name xml:lang="en" xmlns="http://www.sdmx.org/resources/sdmxml/schemas/v2_1/common">Toscana</Name>
          <Parent>
            <Ref id="ITE" xmlns="" />
          </Parent>
        </Code>
        <Code id="ITE11" urn="urn:sdmx:org.sdmx.infomodel.codelist.Code=IT1:CL_REFAREA(1.2).ITE11">
          <Name xml:lang="it" xmlns="http://www.sdmx.org/resources/sdmxml/schemas/v2_1/common">Massa-Carrara</Name>
          <Name xml:lang="en" xmlns="http://www.sdmx.org/resources/sdmxml/schemas/v2_1/common">Massa-Carrara</Name>
          <Parent>
            <Ref id="ITE1" xmlns="" />
          </Parent>
        </Code>
        <Code id="ITE12" urn="urn:sdmx:org.sdmx.infomodel.codelist.Code=IT1:CL_REFAREA(1.2).ITE12">
          <Name xml:lang="it" xmlns="http://www.sdmx.org/resources/sdmxml/schemas/v2_1/common">Lucca</Name>
          <Name xml:lang="en" xmlns="http://www.sdmx.org/resources/sdmxml/schemas/v2_1/common">Lucca</Name>
          <Parent>
            <Ref id="ITE1" xmlns="" />
          </Parent>
        </Code>
        <Code id="ITE13" urn="urn:sdmx:org.sdmx.infomodel.codelist.Code=IT1:CL_REFAREA(1.2).ITE13">
          <Name xml:lang="it" xmlns="http://www.sdmx.org/resources/sdmxml/schemas/v2_1/common">Pistoia</Name>
          <Name xml:lang="en" xmlns="http://www.sdmx.org/resources/sdmxml/schemas/v2_1/common">Pistoia</Name>
          <Parent>
            <Ref id="ITE1" xmlns="" />
          </Parent>
        </Code>
        <Code id="ITE14" urn="urn:sdmx:org.sdmx.infomodel.codelist.Code=IT1:CL_REFAREA(1.2).ITE14">
          <Name xml:lang="it" xmlns="http://www.sdmx.org/resources/sdmxml/schemas/v2_1/common">Firenze</Name>
          <Name xml:lang="en" xmlns="http://www.sdmx.org/resources/sdmxml/schemas/v2_1/common">Firenze</Name>
          <Parent>
            <Ref id="ITE1" xmlns="" />
          </Parent>
        </Code>
        <Code id="ITE15" urn="urn:sdmx:org.sdmx.infomodel.codelist.Code=IT1:CL_REFAREA(1.2).ITE15">
          <Name xml:lang="it" xmlns="http://www.sdmx.org/resources/sdmxml/schemas/v2_1/common">Prato</Name>
          <Name xml:lang="en" xmlns="http://www.sdmx.org/resources/sdmxml/schemas/v2_1/common">Prato</Name>
          <Parent>
            <Ref id="ITE1" xmlns="" />
          </Parent>
        </Code>
        <Code id="ITE16" urn="urn:sdmx:org.sdmx.infomodel.codelist.Code=IT1:CL_REFAREA(1.2).ITE16">
          <Name xml:lang="it" xmlns="http://www.sdmx.org/resources/sdmxml/schemas/v2_1/common">Livorno</Name>
          <Name xml:lang="en" xmlns="http://www.sdmx.org/resources/sdmxml/schemas/v2_1/common">Livorno</Name>
          <Parent>
            <Ref id="ITE1" xmlns="" />
          </Parent>
        </Code>
        <Code id="ITE17" urn="urn:sdmx:org.sdmx.infomodel.codelist.Code=IT1:CL_REFAREA(1.2).ITE17">
          <Name xml:lang="it" xmlns="http://www.sdmx.org/resources/sdmxml/schemas/v2_1/common">Pisa</Name>
          <Name xml:lang="en" xmlns="http://www.sdmx.org/resources/sdmxml/schemas/v2_1/common">Pisa</Name>
          <Parent>
            <Ref id="ITE1" xmlns="" />
          </Parent>
        </Code>
        <Code id="ITE18" urn="urn:sdmx:org.sdmx.infomodel.codelist.Code=IT1:CL_REFAREA(1.2).ITE18">
          <Name xml:lang="it" xmlns="http://www.sdmx.org/resources/sdmxml/schemas/v2_1/common">Arezzo</Name>
          <Name xml:lang="en" xmlns="http://www.sdmx.org/resources/sdmxml/schemas/v2_1/common">Arezzo</Name>
          <Parent>
            <Ref id="ITE1" xmlns="" />
          </Parent>
        </Code>
        <Code id="ITE19" urn="urn:sdmx:org.sdmx.infomodel.codelist.Code=IT1:CL_REFAREA(1.2).ITE19">
          <Name xml:lang="it" xmlns="http://www.sdmx.org/resources/sdmxml/schemas/v2_1/common">Siena</Name>
          <Name xml:lang="en" xmlns="http://www.sdmx.org/resources/sdmxml/schemas/v2_1/common">Siena</Name>
          <Parent>
            <Ref id="ITE1" xmlns="" />
          </Parent>
        </Code>
        <Code id="ITE1A" urn="urn:sdmx:org.sdmx.infomodel.codelist.Code=IT1:CL_REFAREA(1.2).ITE1A">
          <Name xml:lang="it" xmlns="http://www.sdmx.org/resources/sdmxml/schemas/v2_1/common">Grosseto</Name>
          <Name xml:lang="en" xmlns="http://www.sdmx.org/resources/sdmxml/schemas/v2_1/common">Grosseto</Name>
          <Parent>
            <Ref id="ITE1" xmlns="" />
          </Parent>
        </Code>
        <Code id="ITE2" urn="urn:sdmx:org.sdmx.infomodel.codelist.Code=IT1:CL_REFAREA(1.2).ITE2">
          <Name xml:lang="it" xmlns="http://www.sdmx.org/resources/sdmxml/schemas/v2_1/common">Umbria</Name>
          <Name xml:lang="en" xmlns="http://www.sdmx.org/resources/sdmxml/schemas/v2_1/common">Umbria</Name>
          <Parent>
            <Ref id="ITE" xmlns="" />
          </Parent>
        </Code>
        <Code id="ITE21" urn="urn:sdmx:org.sdmx.infomodel.codelist.Code=IT1:CL_REFAREA(1.2).ITE21">
          <Name xml:lang="it" xmlns="http://www.sdmx.org/resources/sdmxml/schemas/v2_1/common">Perugia</Name>
          <Name xml:lang="en" xmlns="http://www.sdmx.org/resources/sdmxml/schemas/v2_1/common">Perugia</Name>
          <Parent>
            <Ref id="ITE2" xmlns="" />
          </Parent>
        </Code>
        <Code id="ITE22" urn="urn:sdmx:org.sdmx.infomodel.codelist.Code=IT1:CL_REFAREA(1.2).ITE22">
          <Name xml:lang="it" xmlns="http://www.sdmx.org/resources/sdmxml/schemas/v2_1/common">Terni</Name>
          <Name xml:lang="en" xmlns="http://www.sdmx.org/resources/sdmxml/schemas/v2_1/common">Terni</Name>
          <Parent>
            <Ref id="ITE2" xmlns="" />
          </Parent>
        </Code>
        <Code id="ITE3" urn="urn:sdmx:org.sdmx.infomodel.codelist.Code=IT1:CL_REFAREA(1.2).ITE3">
          <Name xml:lang="it" xmlns="http://www.sdmx.org/resources/sdmxml/schemas/v2_1/common">Marche</Name>
          <Name xml:lang="en" xmlns="http://www.sdmx.org/resources/sdmxml/schemas/v2_1/common">Marche</Name>
          <Parent>
            <Ref id="ITE" xmlns="" />
          </Parent>
        </Code>
        <Code id="ITE31" urn="urn:sdmx:org.sdmx.infomodel.codelist.Code=IT1:CL_REFAREA(1.2).ITE31">
          <Name xml:lang="it" xmlns="http://www.sdmx.org/resources/sdmxml/schemas/v2_1/common">Pesaro e Urbino</Name>
          <Name xml:lang="en" xmlns="http://www.sdmx.org/resources/sdmxml/schemas/v2_1/common">Pesaro e Urbino</Name>
          <Parent>
            <Ref id="ITE3" xmlns="" />
          </Parent>
        </Code>
        <Code id="ITE32" urn="urn:sdmx:org.sdmx.infomodel.codelist.Code=IT1:CL_REFAREA(1.2).ITE32">
          <Name xml:lang="it" xmlns="http://www.sdmx.org/resources/sdmxml/schemas/v2_1/common">Ancona</Name>
          <Name xml:lang="en" xmlns="http://www.sdmx.org/resources/sdmxml/schemas/v2_1/common">Ancona</Name>
          <Parent>
            <Ref id="ITE3" xmlns="" />
          </Parent>
        </Code>
        <Code id="ITE33" urn="urn:sdmx:org.sdmx.infomodel.codelist.Code=IT1:CL_REFAREA(1.2).ITE33">
          <Name xml:lang="it" xmlns="http://www.sdmx.org/resources/sdmxml/schemas/v2_1/common">Macerata</Name>
          <Name xml:lang="en" xmlns="http://www.sdmx.org/resources/sdmxml/schemas/v2_1/common">Macerata</Name>
          <Parent>
            <Ref id="ITE3" xmlns="" />
          </Parent>
        </Code>
        <Code id="ITE34" urn="urn:sdmx:org.sdmx.infomodel.codelist.Code=IT1:CL_REFAREA(1.2).ITE34">
          <Name xml:lang="it" xmlns="http://www.sdmx.org/resources/sdmxml/schemas/v2_1/common">Ascoli Piceno</Name>
          <Name xml:lang="en" xmlns="http://www.sdmx.org/resources/sdmxml/schemas/v2_1/common">Ascoli Piceno</Name>
          <Parent>
            <Ref id="ITE3" xmlns="" />
          </Parent>
        </Code>
        <Code id="ITE4" urn="urn:sdmx:org.sdmx.infomodel.codelist.Code=IT1:CL_REFAREA(1.2).ITE4">
          <Name xml:lang="it" xmlns="http://www.sdmx.org/resources/sdmxml/schemas/v2_1/common">Lazio</Name>
          <Name xml:lang="en" xmlns="http://www.sdmx.org/resources/sdmxml/schemas/v2_1/common">Lazio</Name>
          <Parent>
            <Ref id="ITE" xmlns="" />
          </Parent>
        </Code>
        <Code id="ITE41" urn="urn:sdmx:org.sdmx.infomodel.codelist.Code=IT1:CL_REFAREA(1.2).ITE41">
          <Name xml:lang="it" xmlns="http://www.sdmx.org/resources/sdmxml/schemas/v2_1/common">Viterbo</Name>
          <Name xml:lang="en" xmlns="http://www.sdmx.org/resources/sdmxml/schemas/v2_1/common">Viterbo</Name>
          <Parent>
            <Ref id="ITE4" xmlns="" />
          </Parent>
        </Code>
        <Code id="ITE42" urn="urn:sdmx:org.sdmx.infomodel.codelist.Code=IT1:CL_REFAREA(1.2).ITE42">
          <Name xml:lang="it" xmlns="http://www.sdmx.org/resources/sdmxml/schemas/v2_1/common">Rieti</Name>
          <Name xml:lang="en" xmlns="http://www.sdmx.org/resources/sdmxml/schemas/v2_1/common">Rieti</Name>
          <Parent>
            <Ref id="ITE4" xmlns="" />
          </Parent>
        </Code>
        <Code id="ITE43" urn="urn:sdmx:org.sdmx.infomodel.codelist.Code=IT1:CL_REFAREA(1.2).ITE43">
          <Name xml:lang="it" xmlns="http://www.sdmx.org/resources/sdmxml/schemas/v2_1/common">Roma</Name>
          <Name xml:lang="en" xmlns="http://www.sdmx.org/resources/sdmxml/schemas/v2_1/common">Roma</Name>
          <Parent>
            <Ref id="ITE4" xmlns="" />
          </Parent>
        </Code>
        <Code id="ITE44" urn="urn:sdmx:org.sdmx.infomodel.codelist.Code=IT1:CL_REFAREA(1.2).ITE44">
          <Name xml:lang="it" xmlns="http://www.sdmx.org/resources/sdmxml/schemas/v2_1/common">Latina</Name>
          <Name xml:lang="en" xmlns="http://www.sdmx.org/resources/sdmxml/schemas/v2_1/common">Latina</Name>
          <Parent>
            <Ref id="ITE4" xmlns="" />
          </Parent>
        </Code>
        <Code id="ITE45" urn="urn:sdmx:org.sdmx.infomodel.codelist.Code=IT1:CL_REFAREA(1.2).ITE45">
          <Name xml:lang="it" xmlns="http://www.sdmx.org/resources/sdmxml/schemas/v2_1/common">Frosinone</Name>
          <Name xml:lang="en" xmlns="http://www.sdmx.org/resources/sdmxml/schemas/v2_1/common">Frosinone</Name>
          <Parent>
            <Ref id="ITE4" xmlns="" />
          </Parent>
        </Code>
        <Code id="ITF" urn="urn:sdmx:org.sdmx.infomodel.codelist.Code=IT1:CL_REFAREA(1.2).ITF">
          <Name xml:lang="it" xmlns="http://www.sdmx.org/resources/sdmxml/schemas/v2_1/common">Sud</Name>
          <Name xml:lang="en" xmlns="http://www.sdmx.org/resources/sdmxml/schemas/v2_1/common">Sud</Name>
          <Parent>
            <Ref id="IT" xmlns="" />
          </Parent>
        </Code>
        <Code id="ITF1" urn="urn:sdmx:org.sdmx.infomodel.codelist.Code=IT1:CL_REFAREA(1.2).ITF1">
          <Name xml:lang="it" xmlns="http://www.sdmx.org/resources/sdmxml/schemas/v2_1/common">Abruzzo</Name>
          <Name xml:lang="en" xmlns="http://www.sdmx.org/resources/sdmxml/schemas/v2_1/common">Abruzzo</Name>
          <Parent>
            <Ref id="ITF" xmlns="" />
          </Parent>
        </Code>
        <Code id="ITF11" urn="urn:sdmx:org.sdmx.infomodel.codelist.Code=IT1:CL_REFAREA(1.2).ITF11">
          <Name xml:lang="it" xmlns="http://www.sdmx.org/resources/sdmxml/schemas/v2_1/common">L'Aquila</Name>
          <Name xml:lang="en" xmlns="http://www.sdmx.org/resources/sdmxml/schemas/v2_1/common">L'Aquila</Name>
          <Parent>
            <Ref id="ITF1" xmlns="" />
          </Parent>
        </Code>
        <Code id="ITF12" urn="urn:sdmx:org.sdmx.infomodel.codelist.Code=IT1:CL_REFAREA(1.2).ITF12">
          <Name xml:lang="it" xmlns="http://www.sdmx.org/resources/sdmxml/schemas/v2_1/common">Teramo</Name>
          <Name xml:lang="en" xmlns="http://www.sdmx.org/resources/sdmxml/schemas/v2_1/common">Teramo</Name>
          <Parent>
            <Ref id="ITF1" xmlns="" />
          </Parent>
        </Code>
        <Code id="ITF13" urn="urn:sdmx:org.sdmx.infomodel.codelist.Code=IT1:CL_REFAREA(1.2).ITF13">
          <Name xml:lang="it" xmlns="http://www.sdmx.org/resources/sdmxml/schemas/v2_1/common">Pescara</Name>
          <Name xml:lang="en" xmlns="http://www.sdmx.org/resources/sdmxml/schemas/v2_1/common">Pescara</Name>
          <Parent>
            <Ref id="ITF1" xmlns="" />
          </Parent>
        </Code>
        <Code id="ITF14" urn="urn:sdmx:org.sdmx.infomodel.codelist.Code=IT1:CL_REFAREA(1.2).ITF14">
          <Name xml:lang="it" xmlns="http://www.sdmx.org/resources/sdmxml/schemas/v2_1/common">Chieti</Name>
          <Name xml:lang="en" xmlns="http://www.sdmx.org/resources/sdmxml/schemas/v2_1/common">Chieti</Name>
          <Parent>
            <Ref id="ITF1" xmlns="" />
          </Parent>
        </Code>
        <Code id="ITF2" urn="urn:sdmx:org.sdmx.infomodel.codelist.Code=IT1:CL_REFAREA(1.2).ITF2">
          <Name xml:lang="it" xmlns="http://www.sdmx.org/resources/sdmxml/schemas/v2_1/common">Molise</Name>
          <Name xml:lang="en" xmlns="http://www.sdmx.org/resources/sdmxml/schemas/v2_1/common">Molise</Name>
          <Parent>
            <Ref id="ITF" xmlns="" />
          </Parent>
        </Code>
        <Code id="ITF21" urn="urn:sdmx:org.sdmx.infomodel.codelist.Code=IT1:CL_REFAREA(1.2).ITF21">
          <Name xml:lang="it" xmlns="http://www.sdmx.org/resources/sdmxml/schemas/v2_1/common">Isernia</Name>
          <Name xml:lang="en" xmlns="http://www.sdmx.org/resources/sdmxml/schemas/v2_1/common">Isernia</Name>
          <Parent>
            <Ref id="ITF2" xmlns="" />
          </Parent>
        </Code>
        <Code id="ITF22" urn="urn:sdmx:org.sdmx.infomodel.codelist.Code=IT1:CL_REFAREA(1.2).ITF22">
          <Name xml:lang="it" xmlns="http://www.sdmx.org/resources/sdmxml/schemas/v2_1/common">Campobasso</Name>
          <Name xml:lang="en" xmlns="http://www.sdmx.org/resources/sdmxml/schemas/v2_1/common">Campobasso</Name>
          <Parent>
            <Ref id="ITF2" xmlns="" />
          </Parent>
        </Code>
        <Code id="ITF3" urn="urn:sdmx:org.sdmx.infomodel.codelist.Code=IT1:CL_REFAREA(1.2).ITF3">
          <Name xml:lang="it" xmlns="http://www.sdmx.org/resources/sdmxml/schemas/v2_1/common">Campania</Name>
          <Name xml:lang="en" xmlns="http://www.sdmx.org/resources/sdmxml/schemas/v2_1/common">Campania</Name>
          <Parent>
            <Ref id="ITF" xmlns="" />
          </Parent>
        </Code>
        <Code id="ITF31" urn="urn:sdmx:org.sdmx.infomodel.codelist.Code=IT1:CL_REFAREA(1.2).ITF31">
          <Name xml:lang="it" xmlns="http://www.sdmx.org/resources/sdmxml/schemas/v2_1/common">Caserta</Name>
          <Name xml:lang="en" xmlns="http://www.sdmx.org/resources/sdmxml/schemas/v2_1/common">Caserta</Name>
          <Parent>
            <Ref id="ITF3" xmlns="" />
          </Parent>
        </Code>
        <Code id="ITF32" urn="urn:sdmx:org.sdmx.infomodel.codelist.Code=IT1:CL_REFAREA(1.2).ITF32">
          <Name xml:lang="it" xmlns="http://www.sdmx.org/resources/sdmxml/schemas/v2_1/common">Benevento</Name>
          <Name xml:lang="en" xmlns="http://www.sdmx.org/resources/sdmxml/schemas/v2_1/common">Benevento</Name>
          <Parent>
            <Ref id="ITF3" xmlns="" />
          </Parent>
        </Code>
        <Code id="ITF33" urn="urn:sdmx:org.sdmx.infomodel.codelist.Code=IT1:CL_REFAREA(1.2).ITF33">
          <Name xml:lang="it" xmlns="http://www.sdmx.org/resources/sdmxml/schemas/v2_1/common">Napoli</Name>
          <Name xml:lang="en" xmlns="http://www.sdmx.org/resources/sdmxml/schemas/v2_1/common">Napoli</Name>
          <Parent>
            <Ref id="ITF3" xmlns="" />
          </Parent>
        </Code>
        <Code id="ITF34" urn="urn:sdmx:org.sdmx.infomodel.codelist.Code=IT1:CL_REFAREA(1.2).ITF34">
          <Name xml:lang="it" xmlns="http://www.sdmx.org/resources/sdmxml/schemas/v2_1/common">Avellino</Name>
          <Name xml:lang="en" xmlns="http://www.sdmx.org/resources/sdmxml/schemas/v2_1/common">Avellino</Name>
          <Parent>
            <Ref id="ITF3" xmlns="" />
          </Parent>
        </Code>
        <Code id="ITF35" urn="urn:sdmx:org.sdmx.infomodel.codelist.Code=IT1:CL_REFAREA(1.2).ITF35">
          <Name xml:lang="it" xmlns="http://www.sdmx.org/resources/sdmxml/schemas/v2_1/common">Salerno</Name>
          <Name xml:lang="en" xmlns="http://www.sdmx.org/resources/sdmxml/schemas/v2_1/common">Salerno</Name>
          <Parent>
            <Ref id="ITF3" xmlns="" />
          </Parent>
        </Code>
        <Code id="ITF4" urn="urn:sdmx:org.sdmx.infomodel.codelist.Code=IT1:CL_REFAREA(1.2).ITF4">
          <Name xml:lang="it" xmlns="http://www.sdmx.org/resources/sdmxml/schemas/v2_1/common">Puglia</Name>
          <Name xml:lang="en" xmlns="http://www.sdmx.org/resources/sdmxml/schemas/v2_1/common">Puglia</Name>
          <Parent>
            <Ref id="ITF" xmlns="" />
          </Parent>
        </Code>
        <Code id="ITF41" urn="urn:sdmx:org.sdmx.infomodel.codelist.Code=IT1:CL_REFAREA(1.2).ITF41">
          <Name xml:lang="it" xmlns="http://www.sdmx.org/resources/sdmxml/schemas/v2_1/common">Foggia</Name>
          <Name xml:lang="en" xmlns="http://www.sdmx.org/resources/sdmxml/schemas/v2_1/common">Foggia</Name>
          <Parent>
            <Ref id="ITF4" xmlns="" />
          </Parent>
        </Code>
        <Code id="ITF42" urn="urn:sdmx:org.sdmx.infomodel.codelist.Code=IT1:CL_REFAREA(1.2).ITF42">
          <Name xml:lang="it" xmlns="http://www.sdmx.org/resources/sdmxml/schemas/v2_1/common">Bari</Name>
          <Name xml:lang="en" xmlns="http://www.sdmx.org/resources/sdmxml/schemas/v2_1/common">Bari</Name>
          <Parent>
            <Ref id="ITF4" xmlns="" />
          </Parent>
        </Code>
        <Code id="ITF43" urn="urn:sdmx:org.sdmx.infomodel.codelist.Code=IT1:CL_REFAREA(1.2).ITF43">
          <Name xml:lang="it" xmlns="http://www.sdmx.org/resources/sdmxml/schemas/v2_1/common">Taranto</Name>
          <Name xml:lang="en" xmlns="http://www.sdmx.org/resources/sdmxml/schemas/v2_1/common">Taranto</Name>
          <Parent>
            <Ref id="ITF4" xmlns="" />
          </Parent>
        </Code>
        <Code id="ITF44" urn="urn:sdmx:org.sdmx.infomodel.codelist.Code=IT1:CL_REFAREA(1.2).ITF44">
          <Name xml:lang="it" xmlns="http://www.sdmx.org/resources/sdmxml/schemas/v2_1/common">Brindisi</Name>
          <Name xml:lang="en" xmlns="http://www.sdmx.org/resources/sdmxml/schemas/v2_1/common">Brindisi</Name>
          <Parent>
            <Ref id="ITF4" xmlns="" />
          </Parent>
        </Code>
        <Code id="ITF45" urn="urn:sdmx:org.sdmx.infomodel.codelist.Code=IT1:CL_REFAREA(1.2).ITF45">
          <Name xml:lang="it" xmlns="http://www.sdmx.org/resources/sdmxml/schemas/v2_1/common">Lecce</Name>
          <Name xml:lang="en" xmlns="http://www.sdmx.org/resources/sdmxml/schemas/v2_1/common">Lecce</Name>
          <Parent>
            <Ref id="ITF4" xmlns="" />
          </Parent>
        </Code>
        <Code id="ITF5" urn="urn:sdmx:org.sdmx.infomodel.codelist.Code=IT1:CL_REFAREA(1.2).ITF5">
          <Name xml:lang="it" xmlns="http://www.sdmx.org/resources/sdmxml/schemas/v2_1/common">Basilicata</Name>
          <Name xml:lang="en" xmlns="http://www.sdmx.org/resources/sdmxml/schemas/v2_1/common">Basilicata</Name>
          <Parent>
            <Ref id="ITF" xmlns="" />
          </Parent>
        </Code>
        <Code id="ITF51" urn="urn:sdmx:org.sdmx.infomodel.codelist.Code=IT1:CL_REFAREA(1.2).ITF51">
          <Name xml:lang="it" xmlns="http://www.sdmx.org/resources/sdmxml/schemas/v2_1/common">Potenza</Name>
          <Name xml:lang="en" xmlns="http://www.sdmx.org/resources/sdmxml/schemas/v2_1/common">Potenza</Name>
          <Parent>
            <Ref id="ITF5" xmlns="" />
          </Parent>
        </Code>
        <Code id="ITF52" urn="urn:sdmx:org.sdmx.infomodel.codelist.Code=IT1:CL_REFAREA(1.2).ITF52">
          <Name xml:lang="it" xmlns="http://www.sdmx.org/resources/sdmxml/schemas/v2_1/common">Matera</Name>
          <Name xml:lang="en" xmlns="http://www.sdmx.org/resources/sdmxml/schemas/v2_1/common">Matera</Name>
          <Parent>
            <Ref id="ITF5" xmlns="" />
          </Parent>
        </Code>
        <Code id="ITF6" urn="urn:sdmx:org.sdmx.infomodel.codelist.Code=IT1:CL_REFAREA(1.2).ITF6">
          <Name xml:lang="it" xmlns="http://www.sdmx.org/resources/sdmxml/schemas/v2_1/common">Calabria</Name>
          <Name xml:lang="en" xmlns="http://www.sdmx.org/resources/sdmxml/schemas/v2_1/common">Calabria</Name>
          <Parent>
            <Ref id="ITF" xmlns="" />
          </Parent>
        </Code>
        <Code id="ITF61" urn="urn:sdmx:org.sdmx.infomodel.codelist.Code=IT1:CL_REFAREA(1.2).ITF61">
          <Name xml:lang="it" xmlns="http://www.sdmx.org/resources/sdmxml/schemas/v2_1/common">Cosenza</Name>
          <Name xml:lang="en" xmlns="http://www.sdmx.org/resources/sdmxml/schemas/v2_1/common">Cosenza</Name>
          <Parent>
            <Ref id="ITF6" xmlns="" />
          </Parent>
        </Code>
        <Code id="ITF62" urn="urn:sdmx:org.sdmx.infomodel.codelist.Code=IT1:CL_REFAREA(1.2).ITF62">
          <Name xml:lang="it" xmlns="http://www.sdmx.org/resources/sdmxml/schemas/v2_1/common">Crotone</Name>
          <Name xml:lang="en" xmlns="http://www.sdmx.org/resources/sdmxml/schemas/v2_1/common">Crotone</Name>
          <Parent>
            <Ref id="ITF6" xmlns="" />
          </Parent>
        </Code>
        <Code id="ITF63" urn="urn:sdmx:org.sdmx.infomodel.codelist.Code=IT1:CL_REFAREA(1.2).ITF63">
          <Name xml:lang="it" xmlns="http://www.sdmx.org/resources/sdmxml/schemas/v2_1/common">Catanzaro</Name>
          <Name xml:lang="en" xmlns="http://www.sdmx.org/resources/sdmxml/schemas/v2_1/common">Catanzaro</Name>
          <Parent>
            <Ref id="ITF6" xmlns="" />
          </Parent>
        </Code>
        <Code id="ITF64" urn="urn:sdmx:org.sdmx.infomodel.codelist.Code=IT1:CL_REFAREA(1.2).ITF64">
          <Name xml:lang="it" xmlns="http://www.sdmx.org/resources/sdmxml/schemas/v2_1/common">Vibo Valentia</Name>
          <Name xml:lang="en" xmlns="http://www.sdmx.org/resources/sdmxml/schemas/v2_1/common">Vibo Valentia</Name>
          <Parent>
            <Ref id="ITF6" xmlns="" />
          </Parent>
        </Code>
        <Code id="ITF65" urn="urn:sdmx:org.sdmx.infomodel.codelist.Code=IT1:CL_REFAREA(1.2).ITF65">
          <Name xml:lang="it" xmlns="http://www.sdmx.org/resources/sdmxml/schemas/v2_1/common">Reggio di Calabria</Name>
          <Name xml:lang="en" xmlns="http://www.sdmx.org/resources/sdmxml/schemas/v2_1/common">Reggio di Calabria</Name>
          <Parent>
            <Ref id="ITF6" xmlns="" />
          </Parent>
        </Code>
        <Code id="ITFG" urn="urn:sdmx:org.sdmx.infomodel.codelist.Code=IT1:CL_REFAREA(1.2).ITFG">
          <Name xml:lang="it" xmlns="http://www.sdmx.org/resources/sdmxml/schemas/v2_1/common">Mezzogiorno</Name>
          <Name xml:lang="en" xmlns="http://www.sdmx.org/resources/sdmxml/schemas/v2_1/common">Mezzogiorno</Name>
          <Parent>
            <Ref id="IT" xmlns="" />
          </Parent>
        </Code>
        <Code id="ITG" urn="urn:sdmx:org.sdmx.infomodel.codelist.Code=IT1:CL_REFAREA(1.2).ITG">
          <Name xml:lang="it" xmlns="http://www.sdmx.org/resources/sdmxml/schemas/v2_1/common">Isole</Name>
          <Name xml:lang="en" xmlns="http://www.sdmx.org/resources/sdmxml/schemas/v2_1/common">Isole</Name>
          <Parent>
            <Ref id="IT" xmlns="" />
          </Parent>
        </Code>
        <Code id="ITG1" urn="urn:sdmx:org.sdmx.infomodel.codelist.Code=IT1:CL_REFAREA(1.2).ITG1">
          <Name xml:lang="it" xmlns="http://www.sdmx.org/resources/sdmxml/schemas/v2_1/common">Sicilia</Name>
          <Name xml:lang="en" xmlns="http://www.sdmx.org/resources/sdmxml/schemas/v2_1/common">Sicilia</Name>
          <Parent>
            <Ref id="ITG" xmlns="" />
          </Parent>
        </Code>
        <Code id="ITG11" urn="urn:sdmx:org.sdmx.infomodel.codelist.Code=IT1:CL_REFAREA(1.2).ITG11">
          <Name xml:lang="it" xmlns="http://www.sdmx.org/resources/sdmxml/schemas/v2_1/common">Trapani</Name>
          <Name xml:lang="en" xmlns="http://www.sdmx.org/resources/sdmxml/schemas/v2_1/common">Trapani</Name>
          <Parent>
            <Ref id="ITG1" xmlns="" />
          </Parent>
        </Code>
        <Code id="ITG12" urn="urn:sdmx:org.sdmx.infomodel.codelist.Code=IT1:CL_REFAREA(1.2).ITG12">
          <Name xml:lang="it" xmlns="http://www.sdmx.org/resources/sdmxml/schemas/v2_1/common">Palermo</Name>
          <Name xml:lang="en" xmlns="http://www.sdmx.org/resources/sdmxml/schemas/v2_1/common">Palermo</Name>
          <Parent>
            <Ref id="ITG1" xmlns="" />
          </Parent>
        </Code>
        <Code id="ITG13" urn="urn:sdmx:org.sdmx.infomodel.codelist.Code=IT1:CL_REFAREA(1.2).ITG13">
          <Name xml:lang="it" xmlns="http://www.sdmx.org/resources/sdmxml/schemas/v2_1/common">Messina</Name>
          <Name xml:lang="en" xmlns="http://www.sdmx.org/resources/sdmxml/schemas/v2_1/common">Messina</Name>
          <Parent>
            <Ref id="ITG1" xmlns="" />
          </Parent>
        </Code>
        <Code id="ITG14" urn="urn:sdmx:org.sdmx.infomodel.codelist.Code=IT1:CL_REFAREA(1.2).ITG14">
          <Name xml:lang="it" xmlns="http://www.sdmx.org/resources/sdmxml/schemas/v2_1/common">Agrigento</Name>
          <Name xml:lang="en" xmlns="http://www.sdmx.org/resources/sdmxml/schemas/v2_1/common">Agrigento</Name>
          <Parent>
            <Ref id="ITG1" xmlns="" />
          </Parent>
        </Code>
        <Code id="ITG15" urn="urn:sdmx:org.sdmx.infomodel.codelist.Code=IT1:CL_REFAREA(1.2).ITG15">
          <Name xml:lang="it" xmlns="http://www.sdmx.org/resources/sdmxml/schemas/v2_1/common">Caltanissetta</Name>
          <Name xml:lang="en" xmlns="http://www.sdmx.org/resources/sdmxml/schemas/v2_1/common">Caltanissetta</Name>
          <Parent>
            <Ref id="ITG1" xmlns="" />
          </Parent>
        </Code>
        <Code id="ITG16" urn="urn:sdmx:org.sdmx.infomodel.codelist.Code=IT1:CL_REFAREA(1.2).ITG16">
          <Name xml:lang="it" xmlns="http://www.sdmx.org/resources/sdmxml/schemas/v2_1/common">Enna</Name>
          <Name xml:lang="en" xmlns="http://www.sdmx.org/resources/sdmxml/schemas/v2_1/common">Enna</Name>
          <Parent>
            <Ref id="ITG1" xmlns="" />
          </Parent>
        </Code>
        <Code id="ITG17" urn="urn:sdmx:org.sdmx.infomodel.codelist.Code=IT1:CL_REFAREA(1.2).ITG17">
          <Name xml:lang="it" xmlns="http://www.sdmx.org/resources/sdmxml/schemas/v2_1/common">Catania</Name>
          <Name xml:lang="en" xmlns="http://www.sdmx.org/resources/sdmxml/schemas/v2_1/common">Catania</Name>
          <Parent>
            <Ref id="ITG1" xmlns="" />
          </Parent>
        </Code>
        <Code id="ITG18" urn="urn:sdmx:org.sdmx.infomodel.codelist.Code=IT1:CL_REFAREA(1.2).ITG18">
          <Name xml:lang="it" xmlns="http://www.sdmx.org/resources/sdmxml/schemas/v2_1/common">Ragusa</Name>
          <Name xml:lang="en" xmlns="http://www.sdmx.org/resources/sdmxml/schemas/v2_1/common">Ragusa</Name>
          <Parent>
            <Ref id="ITG1" xmlns="" />
          </Parent>
        </Code>
        <Code id="ITG19" urn="urn:sdmx:org.sdmx.infomodel.codelist.Code=IT1:CL_REFAREA(1.2).ITG19">
          <Name xml:lang="it" xmlns="http://www.sdmx.org/resources/sdmxml/schemas/v2_1/common">Siracusa</Name>
          <Name xml:lang="en" xmlns="http://www.sdmx.org/resources/sdmxml/schemas/v2_1/common">Siracusa</Name>
          <Parent>
            <Ref id="ITG1" xmlns="" />
          </Parent>
        </Code>
        <Code id="ITG2" urn="urn:sdmx:org.sdmx.infomodel.codelist.Code=IT1:CL_REFAREA(1.2).ITG2">
          <Name xml:lang="it" xmlns="http://www.sdmx.org/resources/sdmxml/schemas/v2_1/common">Sardegna</Name>
          <Name xml:lang="en" xmlns="http://www.sdmx.org/resources/sdmxml/schemas/v2_1/common">Sardegna</Name>
          <Parent>
            <Ref id="ITG" xmlns="" />
          </Parent>
        </Code>
        <Code id="ITG25" urn="urn:sdmx:org.sdmx.infomodel.codelist.Code=IT1:CL_REFAREA(1.2).ITG25">
          <Name xml:lang="it" xmlns="http://www.sdmx.org/resources/sdmxml/schemas/v2_1/common">Sassari</Name>
          <Name xml:lang="en" xmlns="http://www.sdmx.org/resources/sdmxml/schemas/v2_1/common">Sassari</Name>
          <Parent>
            <Ref id="ITG2" xmlns="" />
          </Parent>
        </Code>
        <Code id="ITG26" urn="urn:sdmx:org.sdmx.infomodel.codelist.Code=IT1:CL_REFAREA(1.2).ITG26">
          <Name xml:lang="it" xmlns="http://www.sdmx.org/resources/sdmxml/schemas/v2_1/common">Nuoro</Name>
          <Name xml:lang="en" xmlns="http://www.sdmx.org/resources/sdmxml/schemas/v2_1/common">Nuoro</Name>
          <Parent>
            <Ref id="ITG2" xmlns="" />
          </Parent>
        </Code>
        <Code id="ITG27" urn="urn:sdmx:org.sdmx.infomodel.codelist.Code=IT1:CL_REFAREA(1.2).ITG27">
          <Name xml:lang="it" xmlns="http://www.sdmx.org/resources/sdmxml/schemas/v2_1/common">Cagliari</Name>
          <Name xml:lang="en" xmlns="http://www.sdmx.org/resources/sdmxml/schemas/v2_1/common">Cagliari</Name>
          <Parent>
            <Ref id="ITG2" xmlns="" />
          </Parent>
        </Code>
        <Code id="ITG28" urn="urn:sdmx:org.sdmx.infomodel.codelist.Code=IT1:CL_REFAREA(1.2).ITG28">
          <Name xml:lang="it" xmlns="http://www.sdmx.org/resources/sdmxml/schemas/v2_1/common">Oristano</Name>
          <Name xml:lang="en" xmlns="http://www.sdmx.org/resources/sdmxml/schemas/v2_1/common">Oristano</Name>
          <Parent>
            <Ref id="ITG2" xmlns="" />
          </Parent>
        </Code>
        <Code id="ITG29" urn="urn:sdmx:org.sdmx.infomodel.codelist.Code=IT1:CL_REFAREA(1.2).ITG29">
          <Name xml:lang="it" xmlns="http://www.sdmx.org/resources/sdmxml/schemas/v2_1/common">Olbia-Tempio</Name>
          <Name xml:lang="en" xmlns="http://www.sdmx.org/resources/sdmxml/schemas/v2_1/common">Olbia-Tempio</Name>
          <Parent>
            <Ref id="ITG2" xmlns="" />
          </Parent>
        </Code>
        <Code id="ITG2A" urn="urn:sdmx:org.sdmx.infomodel.codelist.Code=IT1:CL_REFAREA(1.2).ITG2A">
          <Name xml:lang="it" xmlns="http://www.sdmx.org/resources/sdmxml/schemas/v2_1/common">Ogliastra</Name>
          <Name xml:lang="en" xmlns="http://www.sdmx.org/resources/sdmxml/schemas/v2_1/common">Ogliastra</Name>
          <Parent>
            <Ref id="ITG2" xmlns="" />
          </Parent>
        </Code>
        <Code id="ITG2B" urn="urn:sdmx:org.sdmx.infomodel.codelist.Code=IT1:CL_REFAREA(1.2).ITG2B">
          <Name xml:lang="it" xmlns="http://www.sdmx.org/resources/sdmxml/schemas/v2_1/common">Medio Campidano</Name>
          <Name xml:lang="en" xmlns="http://www.sdmx.org/resources/sdmxml/schemas/v2_1/common">Medio Campidano</Name>
          <Parent>
            <Ref id="ITG2" xmlns="" />
          </Parent>
        </Code>
        <Code id="ITG2C" urn="urn:sdmx:org.sdmx.infomodel.codelist.Code=IT1:CL_REFAREA(1.2).ITG2C">
          <Name xml:lang="it" xmlns="http://www.sdmx.org/resources/sdmxml/schemas/v2_1/common">Carbonia-Iglesias</Name>
          <Name xml:lang="en" xmlns="http://www.sdmx.org/resources/sdmxml/schemas/v2_1/common">Carbonia-Iglesias</Name>
          <Parent>
            <Ref id="ITG2" xmlns="" />
          </Parent>
        </Code>
        <Code id="ITNI" urn="urn:sdmx:org.sdmx.infomodel.codelist.Code=IT1:CL_REFAREA(1.2).ITNI">
          <Name xml:lang="it" xmlns="http://www.sdmx.org/resources/sdmxml/schemas/v2_1/common">Non indicato</Name>
          <Name xml:lang="en" xmlns="http://www.sdmx.org/resources/sdmxml/schemas/v2_1/common">da precisare</Name>
        </Code>
        <Code id="ITS" urn="urn:sdmx:org.sdmx.infomodel.codelist.Code=IT1:CL_REFAREA(1.2).ITS">
          <Name xml:lang="it" xmlns="http://www.sdmx.org/resources/sdmxml/schemas/v2_1/common">Estero</Name>
          <Name xml:lang="en" xmlns="http://www.sdmx.org/resources/sdmxml/schemas/v2_1/common">Abroad</Name>
        </Code>
        <Code id="ITTOT" urn="urn:sdmx:org.sdmx.infomodel.codelist.Code=IT1:CL_REFAREA(1.2).ITTOT">
          <Name xml:lang="it" xmlns="http://www.sdmx.org/resources/sdmxml/schemas/v2_1/common">Totale</Name>
          <Name xml:lang="en" xmlns="http://www.sdmx.org/resources/sdmxml/schemas/v2_1/common">Total</Name>
        </Code>
        <Code id="ITZ" urn="urn:sdmx:org.sdmx.infomodel.codelist.Code=IT1:CL_REFAREA(1.2).ITZ">
          <Name xml:lang="it" xmlns="http://www.sdmx.org/resources/sdmxml/schemas/v2_1/common">Extra-Regio</Name>
          <Name xml:lang="en" xmlns="http://www.sdmx.org/resources/sdmxml/schemas/v2_1/common">Extra-Regio</Name>
          <Parent>
            <Ref id="IT" xmlns="" />
          </Parent>
        </Code>
        <Code id="ITZZ" urn="urn:sdmx:org.sdmx.infomodel.codelist.Code=IT1:CL_REFAREA(1.2).ITZZ">
          <Name xml:lang="it" xmlns="http://www.sdmx.org/resources/sdmxml/schemas/v2_1/common">Extra-Regio</Name>
          <Name xml:lang="en" xmlns="http://www.sdmx.org/resources/sdmxml/schemas/v2_1/common">Extra-Regio</Name>
          <Parent>
            <Ref id="ITZ" xmlns="" />
          </Parent>
        </Code>
        <Code id="ITZZZ" urn="urn:sdmx:org.sdmx.infomodel.codelist.Code=IT1:CL_REFAREA(1.2).ITZZZ">
          <Name xml:lang="it" xmlns="http://www.sdmx.org/resources/sdmxml/schemas/v2_1/common">Extra-Regio</Name>
          <Name xml:lang="en" xmlns="http://www.sdmx.org/resources/sdmxml/schemas/v2_1/common">Extra-Regio</Name>
          <Parent>
            <Ref id="ITZZ" xmlns="" />
          </Parent>
        </Code>
      </Codelist>
      <Codelist id="CL_SESSO" urn="urn:sdmx:org.sdmx.infomodel.codelist.Codelist=IT1:CL_SESSO(1.0)" agencyID="IT1" version="1.0" isFinal="true">
        <Name xml:lang="it" xmlns="http://www.sdmx.org/resources/sdmxml/schemas/v2_1/common">Sesso</Name>
        <Name xml:lang="en" xmlns="http://www.sdmx.org/resources/sdmxml/schemas/v2_1/common">Gender</Name>
        <Code id="1" urn="urn:sdmx:org.sdmx.infomodel.codelist.Code=IT1:CL_SESSO(1.0).1">
          <Name xml:lang="it" xmlns="http://www.sdmx.org/resources/sdmxml/schemas/v2_1/common">Maschi</Name>
          <Name xml:lang="en" xmlns="http://www.sdmx.org/resources/sdmxml/schemas/v2_1/common">Males</Name>
        </Code>
        <Code id="2" urn="urn:sdmx:org.sdmx.infomodel.codelist.Code=IT1:CL_SESSO(1.0).2">
          <Name xml:lang="it" xmlns="http://www.sdmx.org/resources/sdmxml/schemas/v2_1/common">Femmine</Name>
          <Name xml:lang="en" xmlns="http://www.sdmx.org/resources/sdmxml/schemas/v2_1/common">Females</Name>
        </Code>
        <Code id="9" urn="urn:sdmx:org.sdmx.infomodel.codelist.Code=IT1:CL_SESSO(1.0).9">
          <Name xml:lang="it" xmlns="http://www.sdmx.org/resources/sdmxml/schemas/v2_1/common">Totale</Name>
          <Name xml:lang="en" xmlns="http://www.sdmx.org/resources/sdmxml/schemas/v2_1/common">Total</Name>
        </Code>
      </Codelist>
      <Codelist id="CL_STATUNIT_CENSAGR" urn="urn:sdmx:org.sdmx.infomodel.codelist.Codelist=IT1:CL_STATUNIT_CENSAGR(1.0)" agencyID="IT1" version="1.0" isFinal="true">
        <Name xml:lang="it" xmlns="http://www.sdmx.org/resources/sdmxml/schemas/v2_1/common">Unità statistica per il censimento agricoltura</Name>
        <Name xml:lang="en" xmlns="http://www.sdmx.org/resources/sdmxml/schemas/v2_1/common">Statistical unit for the agricultural census</Name>
        <Code id="az" urn="urn:sdmx:org.sdmx.infomodel.codelist.Code=IT1:CL_STATUNIT_CENSAGR(1.0).az">
          <Name xml:lang="it" xmlns="http://www.sdmx.org/resources/sdmxml/schemas/v2_1/common">azienda</Name>
          <Name xml:lang="en" xmlns="http://www.sdmx.org/resources/sdmxml/schemas/v2_1/common">farm</Name>
        </Code>
        <Code id="ca" urn="urn:sdmx:org.sdmx.infomodel.codelist.Code=IT1:CL_STATUNIT_CENSAGR(1.0).ca">
          <Name xml:lang="it" xmlns="http://www.sdmx.org/resources/sdmxml/schemas/v2_1/common">capo azienda</Name>
          <Name xml:lang="en" xmlns="http://www.sdmx.org/resources/sdmxml/schemas/v2_1/common">holding manager</Name>
        </Code>
        <Code id="per" urn="urn:sdmx:org.sdmx.infomodel.codelist.Code=IT1:CL_STATUNIT_CENSAGR(1.0).per">
          <Name xml:lang="it" xmlns="http://www.sdmx.org/resources/sdmxml/schemas/v2_1/common">persona</Name>
          <Name xml:lang="en" xmlns="http://www.sdmx.org/resources/sdmxml/schemas/v2_1/common">person</Name>
        </Code>
        <Code id="per_ac" urn="urn:sdmx:org.sdmx.infomodel.codelist.Code=IT1:CL_STATUNIT_CENSAGR(1.0).per_ac">
          <Name xml:lang="it" xmlns="http://www.sdmx.org/resources/sdmxml/schemas/v2_1/common">persona che svolge attività connesse</Name>
          <Name xml:lang="en" xmlns="http://www.sdmx.org/resources/sdmxml/schemas/v2_1/common">person that works in connected activities (DA VALIDARE)</Name>
        </Code>
      </Codelist>
      <Codelist id="CL_TITOLO_STUDIO" urn="urn:sdmx:org.sdmx.infomodel.codelist.Codelist=IT1:CL_TITOLO_STUDIO(1.2)" agencyID="IT1" version="1.2" isFinal="true">
        <Name xml:lang="it" xmlns="http://www.sdmx.org/resources/sdmxml/schemas/v2_1/common">Titolo di studio</Name>
        <Name xml:lang="en" xmlns="http://www.sdmx.org/resources/sdmxml/schemas/v2_1/common">Level of education</Name>
        <Code id="1" urn="urn:sdmx:org.sdmx.infomodel.codelist.Code=IT1:CL_TITOLO_STUDIO(1.2).1">
          <Name xml:lang="it" xmlns="http://www.sdmx.org/resources/sdmxml/schemas/v2_1/common">nessun titolo</Name>
          <Name xml:lang="en" xmlns="http://www.sdmx.org/resources/sdmxml/schemas/v2_1/common">pre-primary</Name>
        </Code>
        <Code id="2" urn="urn:sdmx:org.sdmx.infomodel.codelist.Code=IT1:CL_TITOLO_STUDIO(1.2).2">
          <Name xml:lang="it" xmlns="http://www.sdmx.org/resources/sdmxml/schemas/v2_1/common">licenza elementare</Name>
          <Name xml:lang="en" xmlns="http://www.sdmx.org/resources/sdmxml/schemas/v2_1/common">primary</Name>
        </Code>
        <Code id="3" urn="urn:sdmx:org.sdmx.infomodel.codelist.Code=IT1:CL_TITOLO_STUDIO(1.2).3">
          <Name xml:lang="it" xmlns="http://www.sdmx.org/resources/sdmxml/schemas/v2_1/common">licenza elementare, nessun titolo</Name>
          <Name xml:lang="en" xmlns="http://www.sdmx.org/resources/sdmxml/schemas/v2_1/common">pre-primary, primary</Name>
        </Code>
        <Code id="4" urn="urn:sdmx:org.sdmx.infomodel.codelist.Code=IT1:CL_TITOLO_STUDIO(1.2).4">
          <Name xml:lang="it" xmlns="http://www.sdmx.org/resources/sdmxml/schemas/v2_1/common">licenza media</Name>
          <Name xml:lang="en" xmlns="http://www.sdmx.org/resources/sdmxml/schemas/v2_1/common">lower secondary</Name>
        </Code>
        <Code id="12" urn="urn:sdmx:org.sdmx.infomodel.codelist.Code=IT1:CL_TITOLO_STUDIO(1.2).12">
          <Name xml:lang="it" xmlns="http://www.sdmx.org/resources/sdmxml/schemas/v2_1/common">licenza elementare e media</Name>
          <Name xml:lang="en" xmlns="http://www.sdmx.org/resources/sdmxml/schemas/v2_1/common">primary and lower secondary</Name>
        </Code>
        <Code id="13" urn="urn:sdmx:org.sdmx.infomodel.codelist.Code=IT1:CL_TITOLO_STUDIO(1.2).13">
          <Name xml:lang="it" xmlns="http://www.sdmx.org/resources/sdmxml/schemas/v2_1/common">nessun titolo, licenza elementare e media</Name>
          <Name xml:lang="en" xmlns="http://www.sdmx.org/resources/sdmxml/schemas/v2_1/common">pre-primary, primary and lower secondary</Name>
        </Code>
        <Code id="5" urn="urn:sdmx:org.sdmx.infomodel.codelist.Code=IT1:CL_TITOLO_STUDIO(1.2).5">
          <Name xml:lang="it" xmlns="http://www.sdmx.org/resources/sdmxml/schemas/v2_1/common">diploma 2-3 anni (qualifica professionale)</Name>
          <Name xml:lang="en" xmlns="http://www.sdmx.org/resources/sdmxml/schemas/v2_1/common">upper secondary</Name>
        </Code>
        <Code id="14" urn="urn:sdmx:org.sdmx.infomodel.codelist.Code=IT1:CL_TITOLO_STUDIO(1.2).14">
          <Name xml:lang="it" xmlns="http://www.sdmx.org/resources/sdmxml/schemas/v2_1/common">diploma di qualifica (2-3 anni) agrario</Name>
          <Name xml:lang="en" xmlns="http://www.sdmx.org/resources/sdmxml/schemas/v2_1/common">upper secondary with agricultural address</Name>
          <Parent>
            <Ref id="5" xmlns="" />
          </Parent>
        </Code>
        <Code id="15" urn="urn:sdmx:org.sdmx.infomodel.codelist.Code=IT1:CL_TITOLO_STUDIO(1.2).15">
          <Name xml:lang="it" xmlns="http://www.sdmx.org/resources/sdmxml/schemas/v2_1/common">diploma di qualifica (2-3 anni) diverso da agrario</Name>
          <Name xml:lang="en" xmlns="http://www.sdmx.org/resources/sdmxml/schemas/v2_1/common">upper secondary different from agricultural address</Name>
          <Parent>
            <Ref id="5" xmlns="" />
          </Parent>
        </Code>
        <Code id="6" urn="urn:sdmx:org.sdmx.infomodel.codelist.Code=IT1:CL_TITOLO_STUDIO(1.2).6">
          <Name xml:lang="it" xmlns="http://www.sdmx.org/resources/sdmxml/schemas/v2_1/common">diploma 4-5 anni (maturità)</Name>
          <Name xml:lang="en" xmlns="http://www.sdmx.org/resources/sdmxml/schemas/v2_1/common">post secondary</Name>
        </Code>
        <Code id="16" urn="urn:sdmx:org.sdmx.infomodel.codelist.Code=IT1:CL_TITOLO_STUDIO(1.2).16">
          <Name xml:lang="it" xmlns="http://www.sdmx.org/resources/sdmxml/schemas/v2_1/common">diploma di scuola media superiore  agrario</Name>
          <Name xml:lang="en" xmlns="http://www.sdmx.org/resources/sdmxml/schemas/v2_1/common">post secondary with agricultural address</Name>
          <Parent>
            <Ref id="6" xmlns="" />
          </Parent>
        </Code>
        <Code id="17" urn="urn:sdmx:org.sdmx.infomodel.codelist.Code=IT1:CL_TITOLO_STUDIO(1.2).17">
          <Name xml:lang="it" xmlns="http://www.sdmx.org/resources/sdmxml/schemas/v2_1/common">diploma di scuola media superiore diverso  agrario</Name>
          <Name xml:lang="en" xmlns="http://www.sdmx.org/resources/sdmxml/schemas/v2_1/common">post secondary  different from agricultural address</Name>
          <Parent>
            <Ref id="6" xmlns="" />
          </Parent>
        </Code>
        <Code id="7" urn="urn:sdmx:org.sdmx.infomodel.codelist.Code=IT1:CL_TITOLO_STUDIO(1.2).7">
          <Name xml:lang="it" xmlns="http://www.sdmx.org/resources/sdmxml/schemas/v2_1/common">diploma</Name>
          <Name xml:lang="en" xmlns="http://www.sdmx.org/resources/sdmxml/schemas/v2_1/common">upper and post secondary</Name>
        </Code>
        <Code id="8" urn="urn:sdmx:org.sdmx.infomodel.codelist.Code=IT1:CL_TITOLO_STUDIO(1.2).8">
          <Name xml:lang="it" xmlns="http://www.sdmx.org/resources/sdmxml/schemas/v2_1/common">diploma e oltre</Name>
          <Name xml:lang="en" xmlns="http://www.sdmx.org/resources/sdmxml/schemas/v2_1/common">upper secondary school and higher</Name>
        </Code>
        <Code id="9" urn="urn:sdmx:org.sdmx.infomodel.codelist.Code=IT1:CL_TITOLO_STUDIO(1.2).9">
          <Name xml:lang="it" xmlns="http://www.sdmx.org/resources/sdmxml/schemas/v2_1/common">laurea</Name>
          <Name xml:lang="en" xmlns="http://www.sdmx.org/resources/sdmxml/schemas/v2_1/common">university degree</Name>
        </Code>
        <Code id="18" urn="urn:sdmx:org.sdmx.infomodel.codelist.Code=IT1:CL_TITOLO_STUDIO(1.2).18">
          <Name xml:lang="it" xmlns="http://www.sdmx.org/resources/sdmxml/schemas/v2_1/common">laurea o diploma universitario agrario</Name>
          <Name xml:lang="en" xmlns="http://www.sdmx.org/resources/sdmxml/schemas/v2_1/common">university degree or diploma with agricultural address</Name>
          <Parent>
            <Ref id="9" xmlns="" />
          </Parent>
        </Code>
        <Code id="19" urn="urn:sdmx:org.sdmx.infomodel.codelist.Code=IT1:CL_TITOLO_STUDIO(1.2).19">
          <Name xml:lang="it" xmlns="http://www.sdmx.org/resources/sdmxml/schemas/v2_1/common">laurea o diploma universitario non agrario</Name>
          <Name xml:lang="en" xmlns="http://www.sdmx.org/resources/sdmxml/schemas/v2_1/common">university degree or diploma with other type</Name>
          <Parent>
            <Ref id="9" xmlns="" />
          </Parent>
        </Code>
        <Code id="10" urn="urn:sdmx:org.sdmx.infomodel.codelist.Code=IT1:CL_TITOLO_STUDIO(1.2).10">
          <Name xml:lang="it" xmlns="http://www.sdmx.org/resources/sdmxml/schemas/v2_1/common">post-laurea</Name>
          <Name xml:lang="en" xmlns="http://www.sdmx.org/resources/sdmxml/schemas/v2_1/common">advanced research qualification ( e.g. a ph.d.)</Name>
        </Code>
        <Code id="11" urn="urn:sdmx:org.sdmx.infomodel.codelist.Code=IT1:CL_TITOLO_STUDIO(1.2).11">
          <Name xml:lang="it" xmlns="http://www.sdmx.org/resources/sdmxml/schemas/v2_1/common">laurea e post-laurea</Name>
          <Name xml:lang="en" xmlns="http://www.sdmx.org/resources/sdmxml/schemas/v2_1/common">tertiary (university, doctoral and specialization courses)</Name>
        </Code>
        <Code id="20" urn="urn:sdmx:org.sdmx.infomodel.codelist.Code=IT1:CL_TITOLO_STUDIO(1.2).20">
          <Name xml:lang="it" xmlns="http://www.sdmx.org/resources/sdmxml/schemas/v2_1/common">non indicato</Name>
          <Name xml:lang="en" xmlns="http://www.sdmx.org/resources/sdmxml/schemas/v2_1/common">n.a.</Name>
        </Code>
        <Code id="99" urn="urn:sdmx:org.sdmx.infomodel.codelist.Code=IT1:CL_TITOLO_STUDIO(1.2).99">
          <Name xml:lang="it" xmlns="http://www.sdmx.org/resources/sdmxml/schemas/v2_1/common">totale</Name>
          <Name xml:lang="en" xmlns="http://www.sdmx.org/resources/sdmxml/schemas/v2_1/common">total</Name>
        </Code>
      </Codelist>
      <Codelist id="CL_UNIT_MULT" urn="urn:sdmx:org.sdmx.infomodel.codelist.Codelist=IT1:CL_UNIT_MULT(1.0)" agencyID="IT1" version="1.0" isFinal="true">
        <Name xml:lang="it" xmlns="http://www.sdmx.org/resources/sdmxml/schemas/v2_1/common">code list moltiplicatori di unità</Name>
        <Name xml:lang="en" xmlns="http://www.sdmx.org/resources/sdmxml/schemas/v2_1/common">Unit multiplier code list</Name>
        <Code id="0" urn="urn:sdmx:org.sdmx.infomodel.codelist.Code=IT1:CL_UNIT_MULT(1.0).0">
          <Name xml:lang="it" xmlns="http://www.sdmx.org/resources/sdmxml/schemas/v2_1/common">Unità</Name>
          <Name xml:lang="en" xmlns="http://www.sdmx.org/resources/sdmxml/schemas/v2_1/common">Units</Name>
        </Code>
        <Code id="1" urn="urn:sdmx:org.sdmx.infomodel.codelist.Code=IT1:CL_UNIT_MULT(1.0).1">
          <Name xml:lang="it" xmlns="http://www.sdmx.org/resources/sdmxml/schemas/v2_1/common">Decine</Name>
          <Name xml:lang="en" xmlns="http://www.sdmx.org/resources/sdmxml/schemas/v2_1/common">Tens</Name>
        </Code>
        <Code id="2" urn="urn:sdmx:org.sdmx.infomodel.codelist.Code=IT1:CL_UNIT_MULT(1.0).2">
          <Name xml:lang="it" xmlns="http://www.sdmx.org/resources/sdmxml/schemas/v2_1/common">Centinaia</Name>
          <Name xml:lang="en" xmlns="http://www.sdmx.org/resources/sdmxml/schemas/v2_1/common">Hundreds</Name>
        </Code>
        <Code id="3" urn="urn:sdmx:org.sdmx.infomodel.codelist.Code=IT1:CL_UNIT_MULT(1.0).3">
          <Name xml:lang="it" xmlns="http://www.sdmx.org/resources/sdmxml/schemas/v2_1/common">Migliaia</Name>
          <Name xml:lang="en" xmlns="http://www.sdmx.org/resources/sdmxml/schemas/v2_1/common">Thousands</Name>
        </Code>
        <Code id="4" urn="urn:sdmx:org.sdmx.infomodel.codelist.Code=IT1:CL_UNIT_MULT(1.0).4">
          <Name xml:lang="it" xmlns="http://www.sdmx.org/resources/sdmxml/schemas/v2_1/common">Decine di migliaia</Name>
          <Name xml:lang="en" xmlns="http://www.sdmx.org/resources/sdmxml/schemas/v2_1/common">Tens of thousands</Name>
        </Code>
        <Code id="6" urn="urn:sdmx:org.sdmx.infomodel.codelist.Code=IT1:CL_UNIT_MULT(1.0).6">
          <Name xml:lang="it" xmlns="http://www.sdmx.org/resources/sdmxml/schemas/v2_1/common">Milioni</Name>
          <Name xml:lang="en" xmlns="http://www.sdmx.org/resources/sdmxml/schemas/v2_1/common">Millions</Name>
        </Code>
        <Code id="9" urn="urn:sdmx:org.sdmx.infomodel.codelist.Code=IT1:CL_UNIT_MULT(1.0).9">
          <Name xml:lang="it" xmlns="http://www.sdmx.org/resources/sdmxml/schemas/v2_1/common">Miliardi</Name>
          <Name xml:lang="en" xmlns="http://www.sdmx.org/resources/sdmxml/schemas/v2_1/common">Billions</Name>
        </Code>
      </Codelist>
    </Codelists>
    <Concepts xmlns="http://www.sdmx.org/resources/sdmxml/schemas/v2_1/structure">
      <ConceptScheme id="CENS_AGR" urn="urn:sdmx:org.sdmx.infomodel.conceptscheme.ConceptScheme=IT1:CENS_AGR(2.4)" agencyID="IT1" version="2.4" isFinal="true">
        <Name xml:lang="it" xmlns="http://www.sdmx.org/resources/sdmxml/schemas/v2_1/common">Censimento agricoltura</Name>
        <Name xml:lang="en" xmlns="http://www.sdmx.org/resources/sdmxml/schemas/v2_1/common">Agricultural census</Name>
        <Concept id="CLASSE_SAU" urn="urn:sdmx:org.sdmx.infomodel.conceptscheme.Concept=IT1:CENS_AGR(2.4).CLASSE_SAU">
          <Name xml:lang="it" xmlns="http://www.sdmx.org/resources/sdmxml/schemas/v2_1/common">Classe di superficie agricola utilizzata</Name>
          <Name xml:lang="en" xmlns="http://www.sdmx.org/resources/sdmxml/schemas/v2_1/common">Class of utilized agricultural area</Name>
        </Concept>
        <Concept id="COLTIV_CONDUZ" urn="urn:sdmx:org.sdmx.infomodel.conceptscheme.Concept=IT1:CENS_AGR(2.4).COLTIV_CONDUZ">
          <Name xml:lang="it" xmlns="http://www.sdmx.org/resources/sdmxml/schemas/v2_1/common">Forma di conduzione</Name>
          <Name xml:lang="en" xmlns="http://www.sdmx.org/resources/sdmxml/schemas/v2_1/common">Management system</Name>
        </Concept>
        <Concept id="ZONA_ALTIM" urn="urn:sdmx:org.sdmx.infomodel.conceptscheme.Concept=IT1:CENS_AGR(2.4).ZONA_ALTIM">
          <Name xml:lang="it" xmlns="http://www.sdmx.org/resources/sdmxml/schemas/v2_1/common">Zona altimetrica</Name>
          <Name xml:lang="en" xmlns="http://www.sdmx.org/resources/sdmxml/schemas/v2_1/common">Altimetric area</Name>
        </Concept>
        <Concept id="TIPO_SUPERFICIE" urn="urn:sdmx:org.sdmx.infomodel.conceptscheme.Concept=IT1:CENS_AGR(2.4).TIPO_SUPERFICIE">
          <Name xml:lang="it" xmlns="http://www.sdmx.org/resources/sdmxml/schemas/v2_1/common">Tipo superficie</Name>
          <Name xml:lang="en" xmlns="http://www.sdmx.org/resources/sdmxml/schemas/v2_1/common">Type of area</Name>
        </Concept>
        <Concept id="TIPCOLTIV" urn="urn:sdmx:org.sdmx.infomodel.conceptscheme.Concept=IT1:CENS_AGR(2.4).TIPCOLTIV">
          <Name xml:lang="it" xmlns="http://www.sdmx.org/resources/sdmxml/schemas/v2_1/common">Tipo coltivazione</Name>
          <Name xml:lang="en" xmlns="http://www.sdmx.org/resources/sdmxml/schemas/v2_1/common">Type of crops</Name>
        </Concept>
        <Concept id="TIPO_ALLEVAMENTO" urn="urn:sdmx:org.sdmx.infomodel.conceptscheme.Concept=IT1:CENS_AGR(2.4).TIPO_ALLEVAMENTO">
          <Name xml:lang="it" xmlns="http://www.sdmx.org/resources/sdmxml/schemas/v2_1/common">Tipo allevamento</Name>
          <Name xml:lang="en" xmlns="http://www.sdmx.org/resources/sdmxml/schemas/v2_1/common">Type of livestock</Name>
        </Concept>
        <Concept id="REF_AREA" urn="urn:sdmx:org.sdmx.infomodel.conceptscheme.Concept=IT1:CENS_AGR(2.4).REF_AREA">
          <Name xml:lang="it" xmlns="http://www.sdmx.org/resources/sdmxml/schemas/v2_1/common">Territorio</Name>
          <Name xml:lang="en" xmlns="http://www.sdmx.org/resources/sdmxml/schemas/v2_1/common">Territory</Name>
        </Concept>
        <Concept id="CARATT_AZ" urn="urn:sdmx:org.sdmx.infomodel.conceptscheme.Concept=IT1:CENS_AGR(2.4).CARATT_AZ">
          <Name xml:lang="it" xmlns="http://www.sdmx.org/resources/sdmxml/schemas/v2_1/common">Caratteristica dell'azienda</Name>
          <Name xml:lang="en" xmlns="http://www.sdmx.org/resources/sdmxml/schemas/v2_1/common">Farm features</Name>
        </Concept>
        <Concept id="FORMGIUR" urn="urn:sdmx:org.sdmx.infomodel.conceptscheme.Concept=IT1:CENS_AGR(2.4).FORMGIUR">
          <Name xml:lang="it" xmlns="http://www.sdmx.org/resources/sdmxml/schemas/v2_1/common">Forma giuridica</Name>
          <Name xml:lang="en" xmlns="http://www.sdmx.org/resources/sdmxml/schemas/v2_1/common">Legal status</Name>
        </Concept>
        <Concept id="MANODOP_CAPOAZ" urn="urn:sdmx:org.sdmx.infomodel.conceptscheme.Concept=IT1:CENS_AGR(2.4).MANODOP_CAPOAZ">
          <Name xml:lang="it" xmlns="http://www.sdmx.org/resources/sdmxml/schemas/v2_1/common">Categoria di manodopera aziendale relativa al capo azienda</Name>
          <Name xml:lang="en" xmlns="http://www.sdmx.org/resources/sdmxml/schemas/v2_1/common">Farm manager labour force category</Name>
        </Concept>
        <Concept id="SEX_CAPOAZ" urn="urn:sdmx:org.sdmx.infomodel.conceptscheme.Concept=IT1:CENS_AGR(2.4).SEX_CAPOAZ">
          <Name xml:lang="it" xmlns="http://www.sdmx.org/resources/sdmxml/schemas/v2_1/common">Sesso del capo azienda</Name>
          <Name xml:lang="en" xmlns="http://www.sdmx.org/resources/sdmxml/schemas/v2_1/common">Farm manager gender</Name>
        </Concept>
        <Concept id="ETA_CAPOAZ" urn="urn:sdmx:org.sdmx.infomodel.conceptscheme.Concept=IT1:CENS_AGR(2.4).ETA_CAPOAZ">
          <Name xml:lang="it" xmlns="http://www.sdmx.org/resources/sdmxml/schemas/v2_1/common">Età del capo azienda</Name>
          <Name xml:lang="en" xmlns="http://www.sdmx.org/resources/sdmxml/schemas/v2_1/common">Farm manager age</Name>
        </Concept>
        <Concept id="CITTAD_CAPOAZ" urn="urn:sdmx:org.sdmx.infomodel.conceptscheme.Concept=IT1:CENS_AGR(2.4).CITTAD_CAPOAZ">
          <Name xml:lang="it" xmlns="http://www.sdmx.org/resources/sdmxml/schemas/v2_1/common">Cittadinanza del capo azienda</Name>
          <Name xml:lang="en" xmlns="http://www.sdmx.org/resources/sdmxml/schemas/v2_1/common">Farm manager citizenship</Name>
        </Concept>
        <Concept id="TITSTU_CAPOAZ" urn="urn:sdmx:org.sdmx.infomodel.conceptscheme.Concept=IT1:CENS_AGR(2.4).TITSTU_CAPOAZ">
          <Name xml:lang="it" xmlns="http://www.sdmx.org/resources/sdmxml/schemas/v2_1/common">Titolo di studio del capo azienda</Name>
          <Name xml:lang="en" xmlns="http://www.sdmx.org/resources/sdmxml/schemas/v2_1/common">Farm manager educational level</Name>
        </Concept>
        <Concept id="DURATA_CAPOAZ" urn="urn:sdmx:org.sdmx.infomodel.conceptscheme.Concept=IT1:CENS_AGR(2.4).DURATA_CAPOAZ">
          <Name xml:lang="it" xmlns="http://www.sdmx.org/resources/sdmxml/schemas/v2_1/common">Classe di giornate di lavoro del capo azienda</Name>
          <Name xml:lang="en" xmlns="http://www.sdmx.org/resources/sdmxml/schemas/v2_1/common">Farm manager class of total working days</Name>
        </Concept>
        <Concept id="PERC_CAPOAZ" urn="urn:sdmx:org.sdmx.infomodel.conceptscheme.Concept=IT1:CENS_AGR(2.4).PERC_CAPOAZ">
          <Name xml:lang="it" xmlns="http://www.sdmx.org/resources/sdmxml/schemas/v2_1/common">Percentuale di tempo medio annuo dedicato ad attività connesse del capo azienda</Name>
          <Name xml:lang="en" xmlns="http://www.sdmx.org/resources/sdmxml/schemas/v2_1/common">Annual average percentage of time dedicated to other gainful activities of the farm manager</Name>
        </Concept>
        <Concept id="CLASSE_SAT" urn="urn:sdmx:org.sdmx.infomodel.conceptscheme.Concept=IT1:CENS_AGR(2.4).CLASSE_SAT">
          <Name xml:lang="it" xmlns="http://www.sdmx.org/resources/sdmxml/schemas/v2_1/common">Classe di superficie totale</Name>
          <Name xml:lang="en" xmlns="http://www.sdmx.org/resources/sdmxml/schemas/v2_1/common">Class of total farm land</Name>
        </Concept>
        <Concept id="CARAT_OCC" urn="urn:sdmx:org.sdmx.infomodel.conceptscheme.Concept=IT1:CENS_AGR(2.4).CARAT_OCC">
          <Name xml:lang="it" xmlns="http://www.sdmx.org/resources/sdmxml/schemas/v2_1/common">Carattere occupazione</Name>
          <Name xml:lang="en" xmlns="http://www.sdmx.org/resources/sdmxml/schemas/v2_1/common">Temporary employees</Name>
        </Concept>
        <Concept id="COND_DICH" urn="urn:sdmx:org.sdmx.infomodel.conceptscheme.Concept=IT1:CENS_AGR(2.4).COND_DICH">
          <Name xml:lang="it" xmlns="http://www.sdmx.org/resources/sdmxml/schemas/v2_1/common">Condizione professionale dichiarata</Name>
          <Name xml:lang="en" xmlns="http://www.sdmx.org/resources/sdmxml/schemas/v2_1/common">Main status</Name>
        </Concept>
        <Concept id="TIT_POSSESSO" urn="urn:sdmx:org.sdmx.infomodel.conceptscheme.Concept=IT1:CENS_AGR(2.4).TIT_POSSESSO">
          <Name xml:lang="it" xmlns="http://www.sdmx.org/resources/sdmxml/schemas/v2_1/common">Titolo di possesso dei terreni</Name>
          <Name xml:lang="en" xmlns="http://www.sdmx.org/resources/sdmxml/schemas/v2_1/common">Land ownership</Name>
        </Concept>
        <Concept id="NUM_CORPI_AZ" urn="urn:sdmx:org.sdmx.infomodel.conceptscheme.Concept=IT1:CENS_AGR(2.4).NUM_CORPI_AZ">
          <Name xml:lang="it" xmlns="http://www.sdmx.org/resources/sdmxml/schemas/v2_1/common">Numero dei corpi aziendali di terreno</Name>
          <Name xml:lang="en" xmlns="http://www.sdmx.org/resources/sdmxml/schemas/v2_1/common">Land units</Name>
        </Concept>
        <Concept id="NUM_CLASSI_NCOM" urn="urn:sdmx:org.sdmx.infomodel.conceptscheme.Concept=IT1:CENS_AGR(2.4).NUM_CLASSI_NCOM">
          <Name xml:lang="it" xmlns="http://www.sdmx.org/resources/sdmxml/schemas/v2_1/common">Classe di numero di comuni</Name>
          <Name xml:lang="en" xmlns="http://www.sdmx.org/resources/sdmxml/schemas/v2_1/common">Class of municipalities number</Name>
        </Concept>
        <Concept id="INFORMATIZZ_AZ" urn="urn:sdmx:org.sdmx.infomodel.conceptscheme.Concept=IT1:CENS_AGR(2.4).INFORMATIZZ_AZ">
          <Name xml:lang="it" xmlns="http://www.sdmx.org/resources/sdmxml/schemas/v2_1/common">Informatizzazione dell'azienda</Name>
          <Name xml:lang="en" xmlns="http://www.sdmx.org/resources/sdmxml/schemas/v2_1/common">Farm computerization</Name>
        </Concept>
        <Concept id="MANODOPERA" urn="urn:sdmx:org.sdmx.infomodel.conceptscheme.Concept=IT1:CENS_AGR(2.4).MANODOPERA">
          <Name xml:lang="it" xmlns="http://www.sdmx.org/resources/sdmxml/schemas/v2_1/common">Categoria di manodopera aziendale</Name>
          <Name xml:lang="en" xmlns="http://www.sdmx.org/resources/sdmxml/schemas/v2_1/common">Labour force category</Name>
        </Concept>
        <Concept id="SEX" urn="urn:sdmx:org.sdmx.infomodel.conceptscheme.Concept=IT1:CENS_AGR(2.4).SEX">
          <Name xml:lang="it" xmlns="http://www.sdmx.org/resources/sdmxml/schemas/v2_1/common">Sesso</Name>
          <Name xml:lang="en" xmlns="http://www.sdmx.org/resources/sdmxml/schemas/v2_1/common">Gender</Name>
        </Concept>
        <Concept id="ATTCONN" urn="urn:sdmx:org.sdmx.infomodel.conceptscheme.Concept=IT1:CENS_AGR(2.4).ATTCONN">
          <Name xml:lang="it" xmlns="http://www.sdmx.org/resources/sdmxml/schemas/v2_1/common">Attività remunerativa connessa all'azienda</Name>
          <Name xml:lang="en" xmlns="http://www.sdmx.org/resources/sdmxml/schemas/v2_1/common">Other gainful activity</Name>
        </Concept>
        <Concept id="PERC_ATTCONN" urn="urn:sdmx:org.sdmx.infomodel.conceptscheme.Concept=IT1:CENS_AGR(2.4).PERC_ATTCONN">
          <Name xml:lang="it" xmlns="http://www.sdmx.org/resources/sdmxml/schemas/v2_1/common">Percentuale di tempo medio annuo dedicato ad attività connesse in azienda</Name>
          <Name xml:lang="en" xmlns="http://www.sdmx.org/resources/sdmxml/schemas/v2_1/common">Annual average percentage of time dedicated to other gainful activities in the farm</Name>
        </Concept>
        <Concept id="EL_PAESAGGIO" urn="urn:sdmx:org.sdmx.infomodel.conceptscheme.Concept=IT1:CENS_AGR(2.4).EL_PAESAGGIO">
          <Name xml:lang="it" xmlns="http://www.sdmx.org/resources/sdmxml/schemas/v2_1/common">Elemento del paesaggio agrario</Name>
          <Name xml:lang="en" xmlns="http://www.sdmx.org/resources/sdmxml/schemas/v2_1/common">Landscape feature</Name>
        </Concept>
        <Concept id="CLASSE_UDE" urn="urn:sdmx:org.sdmx.infomodel.conceptscheme.Concept=IT1:CENS_AGR(2.4).CLASSE_UDE">
          <Name xml:lang="it" xmlns="http://www.sdmx.org/resources/sdmxml/schemas/v2_1/common">Classe di unità di dimensione economica</Name>
          <Name xml:lang="en" xmlns="http://www.sdmx.org/resources/sdmxml/schemas/v2_1/common">European size unit</Name>
        </Concept>
        <Concept id="CLASSE_SUPCOLT" urn="urn:sdmx:org.sdmx.infomodel.conceptscheme.Concept=IT1:CENS_AGR(2.4).CLASSE_SUPCOLT">
          <Name xml:lang="it" xmlns="http://www.sdmx.org/resources/sdmxml/schemas/v2_1/common">Classe di superficie coltivata</Name>
          <Name xml:lang="en" xmlns="http://www.sdmx.org/resources/sdmxml/schemas/v2_1/common">Class of cultivated area</Name>
        </Concept>
        <Concept id="CLASSE_CAPI" urn="urn:sdmx:org.sdmx.infomodel.conceptscheme.Concept=IT1:CENS_AGR(2.4).CLASSE_CAPI">
          <Name xml:lang="it" xmlns="http://www.sdmx.org/resources/sdmxml/schemas/v2_1/common">Classe di capi</Name>
          <Name xml:lang="en" xmlns="http://www.sdmx.org/resources/sdmxml/schemas/v2_1/common">Class of heads</Name>
        </Concept>
        <Concept id="CLASSE_UBA" urn="urn:sdmx:org.sdmx.infomodel.conceptscheme.Concept=IT1:CENS_AGR(2.4).CLASSE_UBA">
          <Name xml:lang="it" xmlns="http://www.sdmx.org/resources/sdmxml/schemas/v2_1/common">Classe di UBA</Name>
          <Name xml:lang="en" xmlns="http://www.sdmx.org/resources/sdmxml/schemas/v2_1/common">Class of livestock unit</Name>
        </Concept>
        <Concept id="TIPO_CONTOTERZ_PASS" urn="urn:sdmx:org.sdmx.infomodel.conceptscheme.Concept=IT1:CENS_AGR(2.4).TIPO_CONTOTERZ_PASS">
          <Name xml:lang="it" xmlns="http://www.sdmx.org/resources/sdmxml/schemas/v2_1/common">Tipologia di contoterzismo passivo</Name>
          <Name xml:lang="en" xmlns="http://www.sdmx.org/resources/sdmxml/schemas/v2_1/common">Type of third parties work to the farm</Name>
        </Concept>
        <Concept id="COLTIV_IRRIGATE" urn="urn:sdmx:org.sdmx.infomodel.conceptscheme.Concept=IT1:CENS_AGR(2.4).COLTIV_IRRIGATE">
          <Name xml:lang="it" xmlns="http://www.sdmx.org/resources/sdmxml/schemas/v2_1/common">Coltivazioni irrigate</Name>
          <Name xml:lang="en" xmlns="http://www.sdmx.org/resources/sdmxml/schemas/v2_1/common">Irrigated crops</Name>
        </Concept>
        <Concept id="DURATA" urn="urn:sdmx:org.sdmx.infomodel.conceptscheme.Concept=IT1:CENS_AGR(2.4).DURATA">
          <Name xml:lang="it" xmlns="http://www.sdmx.org/resources/sdmxml/schemas/v2_1/common">Classe di giornate di lavoro totale aziendale</Name>
          <Name xml:lang="en" xmlns="http://www.sdmx.org/resources/sdmxml/schemas/v2_1/common">Class of total  farm working days</Name>
        </Concept>
        <Concept id="UTILTERR" urn="urn:sdmx:org.sdmx.infomodel.conceptscheme.Concept=IT1:CENS_AGR(2.4).UTILTERR">
          <Name xml:lang="it" xmlns="http://www.sdmx.org/resources/sdmxml/schemas/v2_1/common">Utilizzazione dei terreni</Name>
          <Name xml:lang="en" xmlns="http://www.sdmx.org/resources/sdmxml/schemas/v2_1/common">Land use</Name>
        </Concept>
        <Concept id="UTILTERR_BIO" urn="urn:sdmx:org.sdmx.infomodel.conceptscheme.Concept=IT1:CENS_AGR(2.4).UTILTERR_BIO">
          <Name xml:lang="it" xmlns="http://www.sdmx.org/resources/sdmxml/schemas/v2_1/common">Utilizzazione dei terreni condotti con metodo biologico</Name>
          <Name xml:lang="en" xmlns="http://www.sdmx.org/resources/sdmxml/schemas/v2_1/common">Use of land managed with organic method</Name>
        </Concept>
        <Concept id="TIPO_IMPENRIN" urn="urn:sdmx:org.sdmx.infomodel.conceptscheme.Concept=IT1:CENS_AGR(2.4).TIPO_IMPENRIN">
          <Name xml:lang="it" xmlns="http://www.sdmx.org/resources/sdmxml/schemas/v2_1/common">Tipo di impianto di produzione di energia rinnovabile</Name>
          <Name xml:lang="en" xmlns="http://www.sdmx.org/resources/sdmxml/schemas/v2_1/common">Type of renewable energy production equipment</Name>
        </Concept>
        <Concept id="VEND_PROD_AZ" urn="urn:sdmx:org.sdmx.infomodel.conceptscheme.Concept=IT1:CENS_AGR(2.4).VEND_PROD_AZ">
          <Name xml:lang="it" xmlns="http://www.sdmx.org/resources/sdmxml/schemas/v2_1/common">Vendita dei prodotti aziendali</Name>
          <Name xml:lang="en" xmlns="http://www.sdmx.org/resources/sdmxml/schemas/v2_1/common">Marketing of the farm products</Name>
        </Concept>
        <Concept id="CANALE_COMM" urn="urn:sdmx:org.sdmx.infomodel.conceptscheme.Concept=IT1:CENS_AGR(2.4).CANALE_COMM">
          <Name xml:lang="it" xmlns="http://www.sdmx.org/resources/sdmxml/schemas/v2_1/common">Canale di commercializzazione</Name>
          <Name xml:lang="en" xmlns="http://www.sdmx.org/resources/sdmxml/schemas/v2_1/common">Marketing channel</Name>
        </Concept>
        <Concept id="FONTE_RICAVO" urn="urn:sdmx:org.sdmx.infomodel.conceptscheme.Concept=IT1:CENS_AGR(2.4).FONTE_RICAVO">
          <Name xml:lang="it" xmlns="http://www.sdmx.org/resources/sdmxml/schemas/v2_1/common">Fonte di ricavo</Name>
          <Name xml:lang="en" xmlns="http://www.sdmx.org/resources/sdmxml/schemas/v2_1/common">Revenue source</Name>
        </Concept>
        <Concept id="FONTE_APPROV_IRRIG" urn="urn:sdmx:org.sdmx.infomodel.conceptscheme.Concept=IT1:CENS_AGR(2.4).FONTE_APPROV_IRRIG">
          <Name xml:lang="it" xmlns="http://www.sdmx.org/resources/sdmxml/schemas/v2_1/common">Fonte di approvvigionamento dell'acqua irrigua</Name>
          <Name xml:lang="en" xmlns="http://www.sdmx.org/resources/sdmxml/schemas/v2_1/common">Source of irrigation water used on the farm</Name>
        </Concept>
        <Concept id="CLASSE_SUP_IRRIGATA" urn="urn:sdmx:org.sdmx.infomodel.conceptscheme.Concept=IT1:CENS_AGR(2.4).CLASSE_SUP_IRRIGATA">
          <Name xml:lang="it" xmlns="http://www.sdmx.org/resources/sdmxml/schemas/v2_1/common">Classe di superficie irrigata</Name>
          <Name xml:lang="en" xmlns="http://www.sdmx.org/resources/sdmxml/schemas/v2_1/common">Class of irrigated area</Name>
        </Concept>
        <Concept id="UTILTERR_IRRIGAT" urn="urn:sdmx:org.sdmx.infomodel.conceptscheme.Concept=IT1:CENS_AGR(2.4).UTILTERR_IRRIGAT">
          <Name xml:lang="it" xmlns="http://www.sdmx.org/resources/sdmxml/schemas/v2_1/common">Utilizzazione dei terreni irrigati</Name>
          <Name xml:lang="en" xmlns="http://www.sdmx.org/resources/sdmxml/schemas/v2_1/common">Irrigated land use</Name>
        </Concept>
        <Concept id="SISTEMA_IRRIGAZ" urn="urn:sdmx:org.sdmx.infomodel.conceptscheme.Concept=IT1:CENS_AGR(2.4).SISTEMA_IRRIGAZ">
          <Name xml:lang="it" xmlns="http://www.sdmx.org/resources/sdmxml/schemas/v2_1/common">Sistema di irrigazione unico o prevalente</Name>
          <Name xml:lang="en" xmlns="http://www.sdmx.org/resources/sdmxml/schemas/v2_1/common">Unique or prevailing irrigation system</Name>
        </Concept>
        <Concept id="CITTADINANZA" urn="urn:sdmx:org.sdmx.infomodel.conceptscheme.Concept=IT1:CENS_AGR(2.4).CITTADINANZA">
          <Name xml:lang="it" xmlns="http://www.sdmx.org/resources/sdmxml/schemas/v2_1/common">Cittadinanza</Name>
          <Name xml:lang="en" xmlns="http://www.sdmx.org/resources/sdmxml/schemas/v2_1/common">Citizenship</Name>
        </Concept>
        <Concept id="ETA" urn="urn:sdmx:org.sdmx.infomodel.conceptscheme.Concept=IT1:CENS_AGR(2.4).ETA">
          <Name xml:lang="it" xmlns="http://www.sdmx.org/resources/sdmxml/schemas/v2_1/common">Età</Name>
          <Name xml:lang="en" xmlns="http://www.sdmx.org/resources/sdmxml/schemas/v2_1/common">Age</Name>
        </Concept>
      </ConceptScheme>
      <ConceptScheme id="CROSS_DOMAIN" urn="urn:sdmx:org.sdmx.infomodel.conceptscheme.ConceptScheme=IT1:CROSS_DOMAIN(1.1)" agencyID="IT1" version="1.1" isFinal="true">
        <Name xml:lang="it" xmlns="http://www.sdmx.org/resources/sdmxml/schemas/v2_1/common">Concetti generali</Name>
        <Name xml:lang="en" xmlns="http://www.sdmx.org/resources/sdmxml/schemas/v2_1/common">Cross domain concepts</Name>
        <Concept id="ADJUSTMENT" urn="urn:sdmx:org.sdmx.infomodel.conceptscheme.Concept=IT1:CROSS_DOMAIN(1.1).ADJUSTMENT">
          <Name xml:lang="it" xmlns="http://www.sdmx.org/resources/sdmxml/schemas/v2_1/common">Correzione</Name>
          <Name xml:lang="en" xmlns="http://www.sdmx.org/resources/sdmxml/schemas/v2_1/common">Adjustment</Name>
          <Description xml:lang="it" xmlns="http://www.sdmx.org/resources/sdmxml/schemas/v2_1/common">The set of procedures employed to modify statistical data to enable it to conform to national or international standards or to address data quality differences when compiling specific data sets. 
Context: Adjustments may be associated with changes in definitions, exchange rates, prices, seasons and other factors. Adjustments are in particular applied to compile consistent time series, but the concept is also used for describing adjustments related to other types of data. 
Adjustment can be distinguished from editing and imputation, in that before adjustment, the data are already of sufficient quality to be considered usable. "Adjustment - coded" refers to the type of adjustment used, represented by a code, while "Adjustment - detail" refers to the textual description of the type of adjustment
used.</Description>
          <Description xml:lang="en" xmlns="http://www.sdmx.org/resources/sdmxml/schemas/v2_1/common">The set of procedures employed to modify statistical data to enable it to conform to national or international standards or to address data quality differences when compiling specific data sets.
Context: Adjustments may be associated with changes in definitions, exchange rates, prices, seasons and other factors. Adjustments are in particular applied to compile consistent time series, but the concept is also used for describing adjustments related to other types of data. 
Adjustment can be distinguished from editing and imputation, in that before adjustment, the data are already of sufficient quality to be considered usable. "Adjustment - coded" refers to the type of adjustment used, represented by a code, while "Adjustment - detail" refers to the textual description of the type of adjustment
used.</Description>
        </Concept>
        <Concept id="BASE_PER" urn="urn:sdmx:org.sdmx.infomodel.conceptscheme.Concept=IT1:CROSS_DOMAIN(1.1).BASE_PER">
          <Name xml:lang="it" xmlns="http://www.sdmx.org/resources/sdmxml/schemas/v2_1/common">Periodo base</Name>
          <Name xml:lang="en" xmlns="http://www.sdmx.org/resources/sdmxml/schemas/v2_1/common">Base period</Name>
          <Description xml:lang="it" xmlns="http://www.sdmx.org/resources/sdmxml/schemas/v2_1/common">The period of time used as the base of an index number, or to which a constant series refers.
Context: The base period refers to the period when the published index is 100, or to which weights or base data refer to. It can be one single year (e.g. 1995=100) but it may be as short as one day or as long as a specified number of years. "Base period" may include an indication of the value of the series in the base period (usually 1 or 100).</Description>
          <Description xml:lang="en" xmlns="http://www.sdmx.org/resources/sdmxml/schemas/v2_1/common">The period of time used as the base of an index number, or to which a constant series refers.
Context: The base period refers to the period when the published index is 100, or to which weights or base data refer to. It can be one single year (e.g. 1995=100) but it may be as short as one day or as long as a specified number of years. "Base period" may include an indication of the value of the series in the base period (usually 1 or 100).</Description>
        </Concept>
        <Concept id="COMMENT" urn="urn:sdmx:org.sdmx.infomodel.conceptscheme.Concept=IT1:CROSS_DOMAIN(1.1).COMMENT">
          <Name xml:lang="it" xmlns="http://www.sdmx.org/resources/sdmxml/schemas/v2_1/common">Commento</Name>
          <Name xml:lang="en" xmlns="http://www.sdmx.org/resources/sdmxml/schemas/v2_1/common">Comment</Name>
          <Description xml:lang="it" xmlns="http://www.sdmx.org/resources/sdmxml/schemas/v2_1/common">Supplementary descriptive text which can be attached to data or metadata.
Context: In SDMX messages, a comment may contain a descriptive text which can be attached to an agency, provision agreement, dataflow, data set, group, time series, or observation.
A list of ID broken down by attachment level is therefore needed: COMMENT_AGENCY, COMMENT_AGR, COMMENT_DFL, COMMENT_DSET, COMMENT_GRP, COMMENT_TS, COMMENT_OBS.</Description>
          <Description xml:lang="en" xmlns="http://www.sdmx.org/resources/sdmxml/schemas/v2_1/common">Supplementary descriptive text which can be attached to data or metadata.
Context: In SDMX messages, a comment may contain a descriptive text which can be attached to an agency, provision agreement, dataflow, data set, group, time series, or observation.
A list of ID broken down by attachment level is therefore needed: COMMENT_AGENCY, COMMENT_AGR, COMMENT_DFL, COMMENT_DSET, COMMENT_GRP, COMMENT_TS, COMMENT_OBS.</Description>
        </Concept>
        <Concept id="CONF_STATUS" urn="urn:sdmx:org.sdmx.infomodel.conceptscheme.Concept=IT1:CROSS_DOMAIN(1.1).CONF_STATUS">
          <Name xml:lang="it" xmlns="http://www.sdmx.org/resources/sdmxml/schemas/v2_1/common">Posizione relativa alla riservatezza</Name>
          <Name xml:lang="en" xmlns="http://www.sdmx.org/resources/sdmxml/schemas/v2_1/common">Confidentiality status</Name>
          <Description xml:lang="it" xmlns="http://www.sdmx.org/resources/sdmxml/schemas/v2_1/common">Information about the confidentiality status of the object to which this attribute is attached.
Context: This concept is related to data and determines the exact status of the value. i.e. if a specific value is confidential or not. This concept is always coded, i.e. it takes its value from the respective code list.
A list of ID broken down by attachment level is recommended: CONF_STATUS_DFL (dataflow), CONF_STATUS_DSET (dataset), CONF_STATUS_GRP (group), CONF_STATUS_TS (series) or CONF_STATUS_OBS (observation).</Description>
          <Description xml:lang="en" xmlns="http://www.sdmx.org/resources/sdmxml/schemas/v2_1/common">Information about the confidentiality status of the object to which this attribute is attached.
Context: This concept is related to data and determines the exact status of the value. i.e. if a specific value is confidential or not. This concept is always coded, i.e. it takes its value from the respective code list.
A list of ID broken down by attachment level is recommended: CONF_STATUS_DFL (dataflow), CONF_STATUS_DSET (dataset), CONF_STATUS_GRP (group), CONF_STATUS_TS (series) or CONF_STATUS_OBS (observation).</Description>
        </Concept>
        <Concept id="CONTACT" urn="urn:sdmx:org.sdmx.infomodel.conceptscheme.Concept=IT1:CROSS_DOMAIN(1.1).CONTACT">
          <Name xml:lang="it" xmlns="http://www.sdmx.org/resources/sdmxml/schemas/v2_1/common">Contatti</Name>
          <Name xml:lang="en" xmlns="http://www.sdmx.org/resources/sdmxml/schemas/v2_1/common">Contact</Name>
          <Description xml:lang="it" xmlns="http://www.sdmx.org/resources/sdmxml/schemas/v2_1/common">Individual or organisational contact points for the data or metadata, including information on how to reach the contact points.
Context: "Contact" describes contact points for the data or metadata, including how to reach the contact points.
The main attributes of "contacts" are:
Contact mail address: The mailing address of the contact.
Contact name: The name of the contact.
Contact title: The name of the position held by the contact.
Contact email address: An e-mail address for correspondence with the contact.
Contect phone number: A telephone number for spoken correspondence.
Other detailed attributes (e.g. country code, city code, first name, family name, etc.) can be identified for the purpose of database storage.</Description>
          <Description xml:lang="en" xmlns="http://www.sdmx.org/resources/sdmxml/schemas/v2_1/common">Individual or organisational contact points for the data or metadata, including information on how to reach the contact points.
Context: "Contact" describes contact points for the data or metadata, including how to reach the contact points.
The main attributes of "contacts" are:
Contact mail address: The mailing address of the contact.
Contact name: The name of the contact.
Contact title: The name of the position held by the contact.
Contact email address: An e-mail address for correspondence with the contact.
Contect phone number: A telephone number for spoken correspondence.
Other detailed attributes (e.g. country code, city code, first name, family name, etc.) can be identified for the purpose of database storage.</Description>
        </Concept>
        <Concept id="DATA_PROVIDER" urn="urn:sdmx:org.sdmx.infomodel.conceptscheme.Concept=IT1:CROSS_DOMAIN(1.1).DATA_PROVIDER">
          <Name xml:lang="it" xmlns="http://www.sdmx.org/resources/sdmxml/schemas/v2_1/common">Fornitore dei dati</Name>
          <Name xml:lang="en" xmlns="http://www.sdmx.org/resources/sdmxml/schemas/v2_1/common">Data provider</Name>
          <Description xml:lang="it" xmlns="http://www.sdmx.org/resources/sdmxml/schemas/v2_1/common">Organisation which produces data or metadata.</Description>
          <Description xml:lang="en" xmlns="http://www.sdmx.org/resources/sdmxml/schemas/v2_1/common">Organisation which produces data or metadata.</Description>
        </Concept>
        <Concept id="DATA_REV" urn="urn:sdmx:org.sdmx.infomodel.conceptscheme.Concept=IT1:CROSS_DOMAIN(1.1).DATA_REV">
          <Name xml:lang="it" xmlns="http://www.sdmx.org/resources/sdmxml/schemas/v2_1/common">Revisione dati</Name>
          <Name xml:lang="en" xmlns="http://www.sdmx.org/resources/sdmxml/schemas/v2_1/common">Data revision</Name>
          <Description xml:lang="it" xmlns="http://www.sdmx.org/resources/sdmxml/schemas/v2_1/common">Any change in a value of a statistic released to the public.
Context: Preliminary data are revised when more and better source data become available, or due to a change in methodology. "Data revision" describes the policy and practice for identifying the revision status of the data, as well as the availability of revision studies and analyses.</Description>
          <Description xml:lang="en" xmlns="http://www.sdmx.org/resources/sdmxml/schemas/v2_1/common">Any change in a value of a statistic released to the public.
Context: Preliminary data are revised when more and better source data become available, or due to a change in methodology. "Data revision" describes the policy and practice for identifying the revision status of the data, as well as the availability of revision studies and analyses.</Description>
        </Concept>
        <Concept id="DECIMALS" urn="urn:sdmx:org.sdmx.infomodel.conceptscheme.Concept=IT1:CROSS_DOMAIN(1.1).DECIMALS">
          <Name xml:lang="it" xmlns="http://www.sdmx.org/resources/sdmxml/schemas/v2_1/common">Decimali</Name>
          <Name xml:lang="en" xmlns="http://www.sdmx.org/resources/sdmxml/schemas/v2_1/common">Decimals</Name>
          <Description xml:lang="it" xmlns="http://www.sdmx.org/resources/sdmxml/schemas/v2_1/common">The number of digits of an observation to the right of a decimal point</Description>
          <Description xml:lang="en" xmlns="http://www.sdmx.org/resources/sdmxml/schemas/v2_1/common">The number of digits of an observation to the right of a decimal point</Description>
        </Concept>
        <Concept id="FREQ" urn="urn:sdmx:org.sdmx.infomodel.conceptscheme.Concept=IT1:CROSS_DOMAIN(1.1).FREQ">
          <Name xml:lang="it" xmlns="http://www.sdmx.org/resources/sdmxml/schemas/v2_1/common">Periodicità</Name>
          <Name xml:lang="en" xmlns="http://www.sdmx.org/resources/sdmxml/schemas/v2_1/common">Frequency</Name>
          <Description xml:lang="it" xmlns="http://www.sdmx.org/resources/sdmxml/schemas/v2_1/common">The time interval at which observations occur over a given time period.
Context: If a data series has a constant time interval between its observations, this interval determines the frequency of the series (e.g. monthly, quarterly, yearly). "Frequency" - also called "periodicity" - may refer to several stages in the production process, e.g. in data collection or in data dissemination. (e.g., a time series could be available at annual
frequency but the underlying data are compiled monthly). Therefore, "Frequency" can be broken down into "Frequency - data collection" and "Frequency - data dissemination".
For data messages, the frequency is represented through codes. Any additional detail needed (e.g. "weekly on Thursday") must be inserted as free text within "Frequency detail".</Description>
          <Description xml:lang="en" xmlns="http://www.sdmx.org/resources/sdmxml/schemas/v2_1/common">The time interval at which observations occur over a given time period.
Context: If a data series has a constant time interval between its observations, this interval determines the frequency of the series (e.g. monthly, quarterly, yearly). "Frequency" - also called "periodicity" - may refer to several stages in the production process, e.g. in data collection or in data dissemination. (e.g., a time series could be available at annual
frequency but the underlying data are compiled monthly). Therefore, "Frequency" can be broken down into "Frequency - data collection" and "Frequency - data dissemination".
For data messages, the frequency is represented through codes. Any additional detail needed (e.g. "weekly on Thursday") must be inserted as free text within "Frequency detail".</Description>
        </Concept>
        <Concept id="GROSS_NET" urn="urn:sdmx:org.sdmx.infomodel.conceptscheme.Concept=IT1:CROSS_DOMAIN(1.1).GROSS_NET">
          <Name xml:lang="it" xmlns="http://www.sdmx.org/resources/sdmxml/schemas/v2_1/common">Lordo/Netto</Name>
          <Name xml:lang="en" xmlns="http://www.sdmx.org/resources/sdmxml/schemas/v2_1/common">Grossing/Netting</Name>
          <Description xml:lang="it" xmlns="http://www.sdmx.org/resources/sdmxml/schemas/v2_1/common">Form of consolidation used in presenting the data.
Context: Combinations in which all statistical items are shown for their full values are called "gross" recordings. Combinations whereby the values of some elementary items are offset against items on the other side of the account or which have an opposite sign are called "net" or consolidated recordings.
Individual units or sectors may have the same kind of transactions both as a use and as a resource (e.g., they both pay and receive interest) and the same kind of financial instrument as an asset and as a liability.
Examples of the application of this concept include gross versus net domestic product (GDP less consumption of fixed capital), and various consolidations across units in presentations of statements of operations and balance sheets for general government and for financial corporations, among others.</Description>
          <Description xml:lang="en" xmlns="http://www.sdmx.org/resources/sdmxml/schemas/v2_1/common">Form of consolidation used in presenting the data.
Context: Combinations in which all statistical items are shown for their full values are called "gross" recordings. Combinations whereby the values of some elementary items are offset against items on the other side of the account or which have an opposite sign are called "net" or consolidated recordings.
Individual units or sectors may have the same kind of transactions both as a use and as a resource (e.g., they both pay and receive interest) and the same kind of financial instrument as an asset and as a liability.
Examples of the application of this concept include gross versus net domestic product (GDP less consumption of fixed capital), and various consolidations across units in presentations of statements of operations and balance sheets for general government and for financial corporations, among others.</Description>
        </Concept>
        <Concept id="IND_TYPE" urn="urn:sdmx:org.sdmx.infomodel.conceptscheme.Concept=IT1:CROSS_DOMAIN(1.1).IND_TYPE">
          <Name xml:lang="it" xmlns="http://www.sdmx.org/resources/sdmxml/schemas/v2_1/common">Tipo di indice</Name>
          <Name xml:lang="en" xmlns="http://www.sdmx.org/resources/sdmxml/schemas/v2_1/common">Index type</Name>
          <Description xml:lang="it" xmlns="http://www.sdmx.org/resources/sdmxml/schemas/v2_1/common">The type of index number used in the statistical production process.
Context: Index type refers to the various indices used in the statistical production process (Laspeyres, modified Laspeyres, Paasche, Value-Added, Fisher, Tornqvist or other indexes). Important features in the construction of an index number are its coverage, base period, weighting system and method of averaging statistical results.</Description>
          <Description xml:lang="en" xmlns="http://www.sdmx.org/resources/sdmxml/schemas/v2_1/common">The type of index number used in the statistical production process.
Context: Index type refers to the various indices used in the statistical production process (Laspeyres, modified Laspeyres, Paasche, Value-Added, Fisher, Tornqvist or other indexes). Important features in the construction of an index number are its coverage, base period, weighting system and method of averaging statistical results.</Description>
        </Concept>
        <Concept id="OBS_VALUE" urn="urn:sdmx:org.sdmx.infomodel.conceptscheme.Concept=IT1:CROSS_DOMAIN(1.1).OBS_VALUE">
          <Name xml:lang="it" xmlns="http://www.sdmx.org/resources/sdmxml/schemas/v2_1/common">Valore osservato</Name>
          <Name xml:lang="en" xmlns="http://www.sdmx.org/resources/sdmxml/schemas/v2_1/common">Observation value</Name>
          <Description xml:lang="it" xmlns="http://www.sdmx.org/resources/sdmxml/schemas/v2_1/common">The value of a particular variable at a particular period.
Context: The "observation value" is the field which holds the data.</Description>
          <Description xml:lang="en" xmlns="http://www.sdmx.org/resources/sdmxml/schemas/v2_1/common">The value of a particular variable at a particular period.
Context: The "observation value" is the field which holds the data.</Description>
        </Concept>
        <Concept id="OBS_PRE_BREAK" urn="urn:sdmx:org.sdmx.infomodel.conceptscheme.Concept=IT1:CROSS_DOMAIN(1.1).OBS_PRE_BREAK">
          <Name xml:lang="it" xmlns="http://www.sdmx.org/resources/sdmxml/schemas/v2_1/common">Valore osservato pre-break</Name>
          <Name xml:lang="en" xmlns="http://www.sdmx.org/resources/sdmxml/schemas/v2_1/common">Observation pre-break value</Name>
          <Description xml:lang="it" xmlns="http://www.sdmx.org/resources/sdmxml/schemas/v2_1/common">The observation, at a time series break period, that was calculated using the old methodology.
Context: At a time series break period, two observations may be recorded: the pre-break value produced on the basis of the old methodology and the post-break value, as measured by the new methodology. SDMX allows for a pre-break value in the case of a series break, where one would use the observation value to show the post-break value.</Description>
          <Description xml:lang="en" xmlns="http://www.sdmx.org/resources/sdmxml/schemas/v2_1/common">The observation, at a time series break period, that was calculated using the old methodology.
Context: At a time series break period, two observations may be recorded: the pre-break value produced on the basis of the old methodology and the post-break value, as measured by the new methodology. SDMX allows for a pre-break value in the case of a series break, where one would use the observation value to show the post-break value.</Description>
        </Concept>
        <Concept id="OBS_STATUS" urn="urn:sdmx:org.sdmx.infomodel.conceptscheme.Concept=IT1:CROSS_DOMAIN(1.1).OBS_STATUS">
          <Name xml:lang="it" xmlns="http://www.sdmx.org/resources/sdmxml/schemas/v2_1/common">Stato dell'osservazione</Name>
          <Name xml:lang="en" xmlns="http://www.sdmx.org/resources/sdmxml/schemas/v2_1/common">Observation status</Name>
          <Description xml:lang="it" xmlns="http://www.sdmx.org/resources/sdmxml/schemas/v2_1/common">Information on the quality of a value or an unusual or missing value.
Context: This item is normally coded and uses codes providing information about the status of a value, with respect to events such as "break", "estimated value", "forecast", "missing value", or "provisional value". In some cases, there is more than one event that may have influenced the value (e.g. a break in methodology may be accompanied with the fact that an observation is an estimate).
A textual comment providing more detailed information on important events related to an observation can be added via the attribute "Comment".</Description>
          <Description xml:lang="en" xmlns="http://www.sdmx.org/resources/sdmxml/schemas/v2_1/common">Information on the quality of a value or an unusual or missing value.
Context: This item is normally coded and uses codes providing information about the status of a value, with respect to events such as "break", "estimated value", "forecast", "missing value", or "provisional value". In some cases, there is more than one event that may have influenced the value (e.g. a break in methodology may be accompanied with the fact that an observation is an estimate).
A textual comment providing more detailed information on important events related to an observation can be added via the attribute "Comment".</Description>
        </Concept>
        <Concept id="REF_PERIOD" urn="urn:sdmx:org.sdmx.infomodel.conceptscheme.Concept=IT1:CROSS_DOMAIN(1.1).REF_PERIOD">
          <Name xml:lang="it" xmlns="http://www.sdmx.org/resources/sdmxml/schemas/v2_1/common">Periodo di riferimento</Name>
          <Name xml:lang="en" xmlns="http://www.sdmx.org/resources/sdmxml/schemas/v2_1/common">Reference period</Name>
          <Description xml:lang="it" xmlns="http://www.sdmx.org/resources/sdmxml/schemas/v2_1/common">The period of time or point in time to which the measured observation is intended to refer.
Context: In many cases, the reference period and time period will be identical, but there are also cases where they are different. This can happen if data are not available for the target reference period, but are available for a time period which is judged to be sufficiently close. For example, the reference period may be a calendar year, whereas
data may only be available for a fiscal year. In such cases, “reference period” should refer to the target reference period rather than the actual time period of the data. The difference between target and actual reference period can be highlighted in a free text note.</Description>
          <Description xml:lang="en" xmlns="http://www.sdmx.org/resources/sdmxml/schemas/v2_1/common">The period of time or point in time to which the measured observation is intended to refer.
Context: In many cases, the reference period and time period will be identical, but there are also cases where they are different. This can happen if data are not available for the target reference period, but are available for a time period which is judged to be sufficiently close. For example, the reference period may be a calendar year, whereas
data may only be available for a fiscal year. In such cases, “reference period” should refer to the target reference period rather than the actual time period of the data. The difference between target and actual reference period can be highlighted in a free text note.</Description>
        </Concept>
        <Concept id="STAT_POP" urn="urn:sdmx:org.sdmx.infomodel.conceptscheme.Concept=IT1:CROSS_DOMAIN(1.1).STAT_POP">
          <Name xml:lang="it" xmlns="http://www.sdmx.org/resources/sdmxml/schemas/v2_1/common">Popolazione statistica</Name>
          <Name xml:lang="en" xmlns="http://www.sdmx.org/resources/sdmxml/schemas/v2_1/common">Statistical population</Name>
          <Description xml:lang="it" xmlns="http://www.sdmx.org/resources/sdmxml/schemas/v2_1/common">The total membership or population or "universe" of a defined class of people, objects or events.
Context: There are two types of population: target population and survey population. A "target population" is the population outlined in the survey objects about which information is to be sought and a "survey population" is the population from which information is obtained in a survey. The target population is also known as the scope of the survey and the survey population as the coverage of the survey. For administrative data sources, the corresponding populations are the "target population", as defined by the relevant legislation and regulations, and the actual "client population" ("United Nations Glossary of Classification Terms" prepared by the Expert Group on International Economic and Social Classifications).</Description>
          <Description xml:lang="en" xmlns="http://www.sdmx.org/resources/sdmxml/schemas/v2_1/common">The total membership or population or "universe" of a defined class of people, objects or events.
Context: There are two types of population: target population and survey population. A "target population" is the population outlined in the survey objects about which information is to be sought and a "survey population" is the population from which information is obtained in a survey. The target population is also known as the scope of the survey and the survey population as the coverage of the survey. For administrative data sources, the corresponding populations are the "target population", as defined by the relevant legislation and regulations, and the actual "client population" ("United Nations Glossary of Classification Terms" prepared by the Expert Group on International Economic and Social Classifications).</Description>
        </Concept>
        <Concept id="STAT_UNIT" urn="urn:sdmx:org.sdmx.infomodel.conceptscheme.Concept=IT1:CROSS_DOMAIN(1.1).STAT_UNIT">
          <Name xml:lang="it" xmlns="http://www.sdmx.org/resources/sdmxml/schemas/v2_1/common">Unità statistica</Name>
          <Name xml:lang="en" xmlns="http://www.sdmx.org/resources/sdmxml/schemas/v2_1/common">Statistical unit</Name>
          <Description xml:lang="it" xmlns="http://www.sdmx.org/resources/sdmxml/schemas/v2_1/common">Entity for which information is sought and for which statistics are ultimately compiled.
Context: The statistical unit is the object of a statistical survey and the bearer of statistical characteristics. These units can, in turn, be divided into observation units and analytical units.
Statistical units for economic statistics are defined on the basis of three criteria: 1) Legal, accounting or organisational criteria; 2) Geographical criteria; 3) Activity criteria.
Statistical units comprise the enterprise, enterprise group, kind-of-activity unit (KAU), local unit, establishment, homogeneous unit of production, persons, households, geographical areas, events etc.
Statistical units can be categorised into basic statistical units, i.e. those for which data is collected, and derived statistical units, i.e. those which are constructed during the statistical production process. A basic statistical unit is the most detailed level to which the obtained characteristics can be attached.</Description>
          <Description xml:lang="en" xmlns="http://www.sdmx.org/resources/sdmxml/schemas/v2_1/common">Entity for which information is sought and for which statistics are ultimately compiled.
Context: The statistical unit is the object of a statistical survey and the bearer of statistical characteristics. These units can, in turn, be divided into observation units and analytical units.
Statistical units for economic statistics are defined on the basis of three criteria: 1) Legal, accounting or organisational criteria; 2) Geographical criteria; 3) Activity criteria.
Statistical units comprise the enterprise, enterprise group, kind-of-activity unit (KAU), local unit, establishment, homogeneous unit of production, persons, households, geographical areas, events etc.
Statistical units can be categorised into basic statistical units, i.e. those for which data is collected, and derived statistical units, i.e. those which are constructed during the statistical production process. A basic statistical unit is the most detailed level to which the obtained characteristics can be attached.</Description>
        </Concept>
        <Concept id="TIME_FORMAT" urn="urn:sdmx:org.sdmx.infomodel.conceptscheme.Concept=IT1:CROSS_DOMAIN(1.1).TIME_FORMAT">
          <Name xml:lang="it" xmlns="http://www.sdmx.org/resources/sdmxml/schemas/v2_1/common">Formato tempo</Name>
          <Name xml:lang="en" xmlns="http://www.sdmx.org/resources/sdmxml/schemas/v2_1/common">Time format</Name>
          <Description xml:lang="it" xmlns="http://www.sdmx.org/resources/sdmxml/schemas/v2_1/common">Technical format in which time is represented for the measured phenomenon.
Context: The technical time format and its related code list are part of the technical standards for SDMX-EDI and SDMX-XML</Description>
          <Description xml:lang="en" xmlns="http://www.sdmx.org/resources/sdmxml/schemas/v2_1/common">Technical format in which time is represented for the measured phenomenon.
Context: The technical time format and its related code list are part of the technical standards for SDMX-EDI and SDMX-XML</Description>
        </Concept>
        <Concept id="TIME_PERIOD" urn="urn:sdmx:org.sdmx.infomodel.conceptscheme.Concept=IT1:CROSS_DOMAIN(1.1).TIME_PERIOD">
          <Name xml:lang="it" xmlns="http://www.sdmx.org/resources/sdmxml/schemas/v2_1/common">Periodo di tempo</Name>
          <Name xml:lang="en" xmlns="http://www.sdmx.org/resources/sdmxml/schemas/v2_1/common">Time period</Name>
          <Description xml:lang="it" xmlns="http://www.sdmx.org/resources/sdmxml/schemas/v2_1/common">The period of time or point in time to which the measured observation refers.
Context: The measurement represented by each observation corresponds to a specific point in time (e.g. a single day) or a period (e.g. a month, a fiscal year, or a calendar year). This is used as a time stamp and is of particular importance for time series data. In cases where the actual time period of the data differs from the target reference period, “time period” refers to the actual period.</Description>
          <Description xml:lang="en" xmlns="http://www.sdmx.org/resources/sdmxml/schemas/v2_1/common">The period of time or point in time to which the measured observation refers.
Context: The measurement represented by each observation corresponds to a specific point in time (e.g. a single day) or a period (e.g. a month, a fiscal year, or a calendar year). This is used as a time stamp and is of particular importance for time series data. In cases where the actual time period of the data differs from the target reference period, “time period” refers to the actual period.</Description>
        </Concept>
        <Concept id="TITLE" urn="urn:sdmx:org.sdmx.infomodel.conceptscheme.Concept=IT1:CROSS_DOMAIN(1.1).TITLE">
          <Name xml:lang="it" xmlns="http://www.sdmx.org/resources/sdmxml/schemas/v2_1/common">Titolo</Name>
          <Name xml:lang="en" xmlns="http://www.sdmx.org/resources/sdmxml/schemas/v2_1/common">Title</Name>
          <Description xml:lang="it" xmlns="http://www.sdmx.org/resources/sdmxml/schemas/v2_1/common">Textual label used as identification of a statistical object.
Context: "Title" is a short name describing and identifying a statistical object it is attached to.
IN SDMX, a title can be referred, for example, to a time series as a "time series title", or to a group as a "group title". A list of ID broken down by attachment level is therefore needed: TITLE_TS, or TITLE_GRP.</Description>
          <Description xml:lang="en" xmlns="http://www.sdmx.org/resources/sdmxml/schemas/v2_1/common">Textual label used as identification of a statistical object.
Context: "Title" is a short name describing and identifying a statistical object it is attached to.
IN SDMX, a title can be referred, for example, to a time series as a "time series title", or to a group as a "group title". A list of ID broken down by attachment level is therefore needed: TITLE_TS, or TITLE_GRP.</Description>
        </Concept>
        <Concept id="UNIT_MULT" urn="urn:sdmx:org.sdmx.infomodel.conceptscheme.Concept=IT1:CROSS_DOMAIN(1.1).UNIT_MULT">
          <Name xml:lang="it" xmlns="http://www.sdmx.org/resources/sdmxml/schemas/v2_1/common">Fattore di scala</Name>
          <Name xml:lang="en" xmlns="http://www.sdmx.org/resources/sdmxml/schemas/v2_1/common">Unit multiplier</Name>
          <Description xml:lang="it" xmlns="http://www.sdmx.org/resources/sdmxml/schemas/v2_1/common">Exponent in base 10 specified so that multiplying the observation numeric values by 10^UNIT_MULT gives a value expressed in the unit of measure.
Context: In some data bases, it is referred to as SCALE, MAGNITUDE or POWER, e.g. "UM=6" means that observations are in millions.</Description>
          <Description xml:lang="en" xmlns="http://www.sdmx.org/resources/sdmxml/schemas/v2_1/common">Exponent in base 10 specified so that multiplying the observation numeric values by 10^UNIT_MULT gives a value expressed in the unit of measure.
Context: In some data bases, it is referred to as SCALE, MAGNITUDE or POWER, e.g. "UM=6" means that observations are in millions.</Description>
        </Concept>
        <Concept id="UNIT" urn="urn:sdmx:org.sdmx.infomodel.conceptscheme.Concept=IT1:CROSS_DOMAIN(1.1).UNIT">
          <Name xml:lang="it" xmlns="http://www.sdmx.org/resources/sdmxml/schemas/v2_1/common">Unità</Name>
          <Name xml:lang="en" xmlns="http://www.sdmx.org/resources/sdmxml/schemas/v2_1/common">Unit</Name>
          <Description xml:lang="it" xmlns="http://www.sdmx.org/resources/sdmxml/schemas/v2_1/common">***da fare: lista di misure, dalle valute, alle unità di misura, agli oggetti che vengono contati. la code list corrispondente si chiama CL_UNIT***********</Description>
          <Description xml:lang="en" xmlns="http://www.sdmx.org/resources/sdmxml/schemas/v2_1/common">***da fare: lista di misure, dalle valute, alle unità di misura, agli oggetti che vengono contati. la code list corrispondente si chiama CL_UNIT***********</Description>
        </Concept>
        <Concept id="UNIT_MEAS" urn="urn:sdmx:org.sdmx.infomodel.conceptscheme.Concept=IT1:CROSS_DOMAIN(1.1).UNIT_MEAS">
          <Name xml:lang="it" xmlns="http://www.sdmx.org/resources/sdmxml/schemas/v2_1/common">Unità di misura</Name>
          <Name xml:lang="en" xmlns="http://www.sdmx.org/resources/sdmxml/schemas/v2_1/common">Unit of measurement</Name>
          <Description xml:lang="it" xmlns="http://www.sdmx.org/resources/sdmxml/schemas/v2_1/common">Lista di unità di misura</Description>
          <Description xml:lang="en" xmlns="http://www.sdmx.org/resources/sdmxml/schemas/v2_1/common">Unit of measurement list</Description>
        </Concept>
        <Concept id="COLLECTION" urn="urn:sdmx:org.sdmx.infomodel.conceptscheme.Concept=IT1:CROSS_DOMAIN(1.1).COLLECTION">
          <Name xml:lang="it" xmlns="http://www.sdmx.org/resources/sdmxml/schemas/v2_1/common">Collection</Name>
          <Name xml:lang="en" xmlns="http://www.sdmx.org/resources/sdmxml/schemas/v2_1/common">Collection</Name>
          <Description xml:lang="it" xmlns="http://www.sdmx.org/resources/sdmxml/schemas/v2_1/common">********da fare: descrive il significato di alcuni dati che si riferiscono a intervalli di tempo, ad esempio se viene rappresentato il valore massimo del periodo, il minimo, se si fa la media fra i due estremi temporali*******</Description>
          <Description xml:lang="en" xmlns="http://www.sdmx.org/resources/sdmxml/schemas/v2_1/common">********da fare: descrive il significato di alcuni dati che si riferiscono a intervalli di tempo, ad esempio se viene rappresentato il valore massimo del periodo, il minimo, se si fa la media fra i due estremi temporali*******</Description>
        </Concept>
        <Concept id="BREAK" urn="urn:sdmx:org.sdmx.infomodel.conceptscheme.Concept=IT1:CROSS_DOMAIN(1.1).BREAK">
          <Name xml:lang="it" xmlns="http://www.sdmx.org/resources/sdmxml/schemas/v2_1/common">Break</Name>
          <Name xml:lang="en" xmlns="http://www.sdmx.org/resources/sdmxml/schemas/v2_1/common">Break</Name>
          <Description xml:lang="it" xmlns="http://www.sdmx.org/resources/sdmxml/schemas/v2_1/common">*****da definire********</Description>
          <Description xml:lang="en" xmlns="http://www.sdmx.org/resources/sdmxml/schemas/v2_1/common">*****da definire********</Description>
        </Concept>
        <Concept id="AGGR" urn="urn:sdmx:org.sdmx.infomodel.conceptscheme.Concept=IT1:CROSS_DOMAIN(1.1).AGGR">
          <Name xml:lang="it" xmlns="http://www.sdmx.org/resources/sdmxml/schemas/v2_1/common">Tipo aggregato</Name>
          <Name xml:lang="en" xmlns="http://www.sdmx.org/resources/sdmxml/schemas/v2_1/common">Aggregate</Name>
        </Concept>
        <Concept id="MEASURE" urn="urn:sdmx:org.sdmx.infomodel.conceptscheme.Concept=IT1:CROSS_DOMAIN(1.1).MEASURE">
          <Name xml:lang="it" xmlns="http://www.sdmx.org/resources/sdmxml/schemas/v2_1/common">Operatore statistico</Name>
          <Name xml:lang="en" xmlns="http://www.sdmx.org/resources/sdmxml/schemas/v2_1/common">Statistical operator</Name>
        </Concept>
        <Concept id="VAL" urn="urn:sdmx:org.sdmx.infomodel.conceptscheme.Concept=IT1:CROSS_DOMAIN(1.1).VAL">
          <Name xml:lang="it" xmlns="http://www.sdmx.org/resources/sdmxml/schemas/v2_1/common">Valutazione</Name>
          <Name xml:lang="en" xmlns="http://www.sdmx.org/resources/sdmxml/schemas/v2_1/common">Valuation</Name>
        </Concept>
        <Concept id="EDI" urn="urn:sdmx:org.sdmx.infomodel.conceptscheme.Concept=IT1:CROSS_DOMAIN(1.1).EDI">
          <Name xml:lang="it" xmlns="http://www.sdmx.org/resources/sdmxml/schemas/v2_1/common">Edizione</Name>
          <Name xml:lang="en" xmlns="http://www.sdmx.org/resources/sdmxml/schemas/v2_1/common">Edition</Name>
          <Description xml:lang="it" xmlns="http://www.sdmx.org/resources/sdmxml/schemas/v2_1/common">La variabile edizione riporta la data del comunicato stampa.
Ad ogni comunicato stampa si dispone di un dato in più nella serie storica e quindi viene ripetuta la procedura di destagionalizzazione che si basa sulla stima di modelli che si applicano all'intera serie di dati, dal più vecchio al più recente.
Per questo possono cambiare anche i dati precedentemente diffusi.
Quindi in corrispondenza di una nuova edizione si ha una nuova serie di dati destagionalizzati che contiene un dato in più (il più recente) e modifica i dati precedentemente diffusi.</Description>
          <Description xml:lang="en" xmlns="http://www.sdmx.org/resources/sdmxml/schemas/v2_1/common">Edition shows the press release date. For each press release, new data are shown and a new series of seasonally adjusted data is computed, with respect to the newly released data.</Description>
        </Concept>
        <Concept id="RACNAMUNF" urn="urn:sdmx:org.sdmx.infomodel.conceptscheme.Concept=IT1:CROSS_DOMAIN(1.1).RACNAMUNF">
          <Name xml:lang="it" xmlns="http://www.sdmx.org/resources/sdmxml/schemas/v2_1/common">Raccordo tra totali</Name>
          <Name xml:lang="en" xmlns="http://www.sdmx.org/resources/sdmxml/schemas/v2_1/common">Bridging items between totals</Name>
        </Concept>
        <Concept id="NOTA_IT" urn="urn:sdmx:org.sdmx.infomodel.conceptscheme.Concept=IT1:CROSS_DOMAIN(1.1).NOTA_IT">
          <Name xml:lang="it" xmlns="http://www.sdmx.org/resources/sdmxml/schemas/v2_1/common">Nota non codificata a livello osservazionale o raggruppato (in italiano)</Name>
          <Name xml:lang="en" xmlns="http://www.sdmx.org/resources/sdmxml/schemas/v2_1/common">Non-coded note at observational or grouped level (in Italian)</Name>
        </Concept>
        <Concept id="NOTA_EN" urn="urn:sdmx:org.sdmx.infomodel.conceptscheme.Concept=IT1:CROSS_DOMAIN(1.1).NOTA_EN">
          <Name xml:lang="it" xmlns="http://www.sdmx.org/resources/sdmxml/schemas/v2_1/common">Nota non codificata a livello osservazionale o raggruppato (in inglese)</Name>
          <Name xml:lang="en" xmlns="http://www.sdmx.org/resources/sdmxml/schemas/v2_1/common">Non-coded note at observational or grouped level (in English)</Name>
        </Concept>
        <Concept id="METADATA_EN" urn="urn:sdmx:org.sdmx.infomodel.conceptscheme.Concept=IT1:CROSS_DOMAIN(1.1).METADATA_EN">
          <Name xml:lang="it" xmlns="http://www.sdmx.org/resources/sdmxml/schemas/v2_1/common">Metadati referenziali a livello data flow (in inglese)</Name>
          <Name xml:lang="en" xmlns="http://www.sdmx.org/resources/sdmxml/schemas/v2_1/common">Reference metadata at dataflow level (in English)</Name>
        </Concept>
        <Concept id="METADATA_IT" urn="urn:sdmx:org.sdmx.infomodel.conceptscheme.Concept=IT1:CROSS_DOMAIN(1.1).METADATA_IT">
          <Name xml:lang="it" xmlns="http://www.sdmx.org/resources/sdmxml/schemas/v2_1/common">Metadati referenziali a livello data flow (in italiano)</Name>
          <Name xml:lang="en" xmlns="http://www.sdmx.org/resources/sdmxml/schemas/v2_1/common">Reference metadata at dataflow level (in Italian)</Name>
        </Concept>
      </ConceptScheme>
    </Concepts>
    <DataStructures xmlns="http://www.sdmx.org/resources/sdmxml/schemas/v2_1/structure">
      <DataStructure id="CENSAGR_CAPOAZ_GEN" urn="urn:sdmx:org.sdmx.infomodel.datastructure.DataStructure=IT1:CENSAGR_CAPOAZ_GEN(1.3)" agencyID="IT1" version="1.3" isFinal="true">
        <Name xml:lang="it" xmlns="http://www.sdmx.org/resources/sdmxml/schemas/v2_1/common">Capo azienda</Name>
        <Name xml:lang="en" xmlns="http://www.sdmx.org/resources/sdmxml/schemas/v2_1/common">Farm manager</Name>
        <DataStructureComponents>
          <DimensionList id="DimensionDescriptor" urn="urn:sdmx:org.sdmx.infomodel.datastructure.DimensionDescriptor=IT1:CENSAGR_CAPOAZ_GEN(1.3).DimensionDescriptor">
            <Dimension id="REF_AREA" urn="urn:sdmx:org.sdmx.infomodel.datastructure.Dimension=IT1:CENSAGR_CAPOAZ_GEN(1.3).REF_AREA" position="1">
              <ConceptIdentity>
                <Ref id="REF_AREA" maintainableParentID="CENS_AGR" maintainableParentVersion="2.4" agencyID="IT1" package="conceptscheme" class="Concept" xmlns="" />
              </ConceptIdentity>
              <LocalRepresentation>
                <Enumeration>
                  <Ref id="CL_REFAREA" version="1.2" agencyID="IT1" package="codelist" class="Codelist" xmlns="" />
                </Enumeration>
              </LocalRepresentation>
            </Dimension>
            <Dimension id="FREQ" urn="urn:sdmx:org.sdmx.infomodel.datastructure.Dimension=IT1:CENSAGR_CAPOAZ_GEN(1.3).FREQ" position="2">
              <ConceptIdentity>
                <Ref id="FREQ" maintainableParentID="CROSS_DOMAIN" maintainableParentVersion="1.1" agencyID="IT1" package="conceptscheme" class="Concept" xmlns="" />
              </ConceptIdentity>
              <LocalRepresentation>
                <Enumeration>
                  <Ref id="CL_FREQ" version="1.0" agencyID="IT1" package="codelist" class="Codelist" xmlns="" />
                </Enumeration>
              </LocalRepresentation>
            </Dimension>
            <Dimension id="AGGR" urn="urn:sdmx:org.sdmx.infomodel.datastructure.Dimension=IT1:CENSAGR_CAPOAZ_GEN(1.3).AGGR" position="3">
              <ConceptIdentity>
                <Ref id="AGGR" maintainableParentID="CROSS_DOMAIN" maintainableParentVersion="1.1" agencyID="IT1" package="conceptscheme" class="Concept" xmlns="" />
              </ConceptIdentity>
              <LocalRepresentation>
                <Enumeration>
                  <Ref id="CL_AGGREG_CENSAGR" version="1.6" agencyID="IT1" package="codelist" class="Codelist" xmlns="" />
                </Enumeration>
              </LocalRepresentation>
            </Dimension>
            <Dimension id="CARATT_AZ" urn="urn:sdmx:org.sdmx.infomodel.datastructure.Dimension=IT1:CENSAGR_CAPOAZ_GEN(1.3).CARATT_AZ" position="4">
              <ConceptIdentity>
                <Ref id="CARATT_AZ" maintainableParentID="CENS_AGR" maintainableParentVersion="2.4" agencyID="IT1" package="conceptscheme" class="Concept" xmlns="" />
              </ConceptIdentity>
              <LocalRepresentation>
                <Enumeration>
                  <Ref id="CL_CARATT_AZ" version="1.6" agencyID="IT1" package="codelist" class="Codelist" xmlns="" />
                </Enumeration>
              </LocalRepresentation>
            </Dimension>
            <Dimension id="CLASSE_SAU" urn="urn:sdmx:org.sdmx.infomodel.datastructure.Dimension=IT1:CENSAGR_CAPOAZ_GEN(1.3).CLASSE_SAU" position="5">
              <ConceptIdentity>
                <Ref id="CLASSE_SAU" maintainableParentID="CENS_AGR" maintainableParentVersion="2.4" agencyID="IT1" package="conceptscheme" class="Concept" xmlns="" />
              </ConceptIdentity>
              <LocalRepresentation>
                <Enumeration>
                  <Ref id="CL_CLASSE_SAU" version="1.2" agencyID="IT1" package="codelist" class="Codelist" xmlns="" />
                </Enumeration>
              </LocalRepresentation>
            </Dimension>
            <Dimension id="FORMGIUR" urn="urn:sdmx:org.sdmx.infomodel.datastructure.Dimension=IT1:CENSAGR_CAPOAZ_GEN(1.3).FORMGIUR" position="6">
              <ConceptIdentity>
                <Ref id="FORMGIUR" maintainableParentID="CENS_AGR" maintainableParentVersion="2.4" agencyID="IT1" package="conceptscheme" class="Concept" xmlns="" />
              </ConceptIdentity>
              <LocalRepresentation>
                <Enumeration>
                  <Ref id="CL_FORMGIUR" version="1.1" agencyID="IT1" package="codelist" class="Codelist" xmlns="" />
                </Enumeration>
              </LocalRepresentation>
            </Dimension>
            <Dimension id="COLTIV_CONDUZ" urn="urn:sdmx:org.sdmx.infomodel.datastructure.Dimension=IT1:CENSAGR_CAPOAZ_GEN(1.3).COLTIV_CONDUZ" position="7">
              <ConceptIdentity>
                <Ref id="COLTIV_CONDUZ" maintainableParentID="CENS_AGR" maintainableParentVersion="2.4" agencyID="IT1" package="conceptscheme" class="Concept" xmlns="" />
              </ConceptIdentity>
              <LocalRepresentation>
                <Enumeration>
                  <Ref id="CL_COLTIV_CONDUZ" version="1.1" agencyID="IT1" package="codelist" class="Codelist" xmlns="" />
                </Enumeration>
              </LocalRepresentation>
            </Dimension>
            <Dimension id="MANODOP_CAPOAZ" urn="urn:sdmx:org.sdmx.infomodel.datastructure.Dimension=IT1:CENSAGR_CAPOAZ_GEN(1.3).MANODOP_CAPOAZ" position="8">
              <ConceptIdentity>
                <Ref id="MANODOP_CAPOAZ" maintainableParentID="CENS_AGR" maintainableParentVersion="2.4" agencyID="IT1" package="conceptscheme" class="Concept" xmlns="" />
              </ConceptIdentity>
              <LocalRepresentation>
                <Enumeration>
                  <Ref id="CL_MANODOPERA" version="1.1" agencyID="IT1" package="codelist" class="Codelist" xmlns="" />
                </Enumeration>
              </LocalRepresentation>
            </Dimension>
            <Dimension id="SEX_CAPOAZ" urn="urn:sdmx:org.sdmx.infomodel.datastructure.Dimension=IT1:CENSAGR_CAPOAZ_GEN(1.3).SEX_CAPOAZ" position="9">
              <ConceptIdentity>
                <Ref id="SEX_CAPOAZ" maintainableParentID="CENS_AGR" maintainableParentVersion="2.4" agencyID="IT1" package="conceptscheme" class="Concept" xmlns="" />
              </ConceptIdentity>
              <LocalRepresentation>
                <Enumeration>
                  <Ref id="CL_SESSO" version="1.0" agencyID="IT1" package="codelist" class="Codelist" xmlns="" />
                </Enumeration>
              </LocalRepresentation>
            </Dimension>
            <Dimension id="ETA_CAPOAZ" urn="urn:sdmx:org.sdmx.infomodel.datastructure.Dimension=IT1:CENSAGR_CAPOAZ_GEN(1.3).ETA_CAPOAZ" position="10">
              <ConceptIdentity>
                <Ref id="ETA_CAPOAZ" maintainableParentID="CENS_AGR" maintainableParentVersion="2.4" agencyID="IT1" package="conceptscheme" class="Concept" xmlns="" />
              </ConceptIdentity>
              <LocalRepresentation>
                <Enumeration>
                  <Ref id="CL_ETA" version="1.0" agencyID="IT1" package="codelist" class="Codelist" xmlns="" />
                </Enumeration>
              </LocalRepresentation>
            </Dimension>
            <Dimension id="CITTAD_CAPOAZ" urn="urn:sdmx:org.sdmx.infomodel.datastructure.Dimension=IT1:CENSAGR_CAPOAZ_GEN(1.3).CITTAD_CAPOAZ" position="11">
              <ConceptIdentity>
                <Ref id="CITTAD_CAPOAZ" maintainableParentID="CENS_AGR" maintainableParentVersion="2.4" agencyID="IT1" package="conceptscheme" class="Concept" xmlns="" />
              </ConceptIdentity>
              <LocalRepresentation>
                <Enumeration>
                  <Ref id="CL_CITTAD" version="1.0" agencyID="IT1" package="codelist" class="Codelist" xmlns="" />
                </Enumeration>
              </LocalRepresentation>
            </Dimension>
            <Dimension id="TITSTU_CAPOAZ" urn="urn:sdmx:org.sdmx.infomodel.datastructure.Dimension=IT1:CENSAGR_CAPOAZ_GEN(1.3).TITSTU_CAPOAZ" position="12">
              <ConceptIdentity>
                <Ref id="TITSTU_CAPOAZ" maintainableParentID="CENS_AGR" maintainableParentVersion="2.4" agencyID="IT1" package="conceptscheme" class="Concept" xmlns="" />
              </ConceptIdentity>
              <LocalRepresentation>
                <Enumeration>
                  <Ref id="CL_TITOLO_STUDIO" version="1.2" agencyID="IT1" package="codelist" class="Codelist" xmlns="" />
                </Enumeration>
              </LocalRepresentation>
            </Dimension>
            <Dimension id="DURATA_CAPOAZ" urn="urn:sdmx:org.sdmx.infomodel.datastructure.Dimension=IT1:CENSAGR_CAPOAZ_GEN(1.3).DURATA_CAPOAZ" position="13">
              <ConceptIdentity>
                <Ref id="DURATA_CAPOAZ" maintainableParentID="CENS_AGR" maintainableParentVersion="2.4" agencyID="IT1" package="conceptscheme" class="Concept" xmlns="" />
              </ConceptIdentity>
              <LocalRepresentation>
                <Enumeration>
                  <Ref id="CL_DURATA" version="1.1" agencyID="IT1" package="codelist" class="Codelist" xmlns="" />
                </Enumeration>
              </LocalRepresentation>
            </Dimension>
            <Dimension id="PERC_CAPOAZ" urn="urn:sdmx:org.sdmx.infomodel.datastructure.Dimension=IT1:CENSAGR_CAPOAZ_GEN(1.3).PERC_CAPOAZ" position="14">
              <ConceptIdentity>
                <Ref id="PERC_CAPOAZ" maintainableParentID="CENS_AGR" maintainableParentVersion="2.4" agencyID="IT1" package="conceptscheme" class="Concept" xmlns="" />
              </ConceptIdentity>
              <LocalRepresentation>
                <Enumeration>
                  <Ref id="CL_PERCENT" version="1.1" agencyID="IT1" package="codelist" class="Codelist" xmlns="" />
                </Enumeration>
              </LocalRepresentation>
            </Dimension>
            <TimeDimension id="TIME_PERIOD" urn="urn:sdmx:org.sdmx.infomodel.datastructure.TimeDimension=IT1:CENSAGR_CAPOAZ_GEN(1.3).TIME_PERIOD" position="15">
              <ConceptIdentity>
                <Ref id="TIME_PERIOD" maintainableParentID="CROSS_DOMAIN" maintainableParentVersion="1.1" agencyID="IT1" package="conceptscheme" class="Concept" xmlns="" />
              </ConceptIdentity>
              <LocalRepresentation>
                <TextFormat />
              </LocalRepresentation>
            </TimeDimension>
          </DimensionList>
          <AttributeList id="AttributeDescriptor" urn="urn:sdmx:org.sdmx.infomodel.datastructure.AttributeDescriptor=IT1:CENSAGR_CAPOAZ_GEN(1.3).AttributeDescriptor">
            <Attribute id="COMMENT" urn="urn:sdmx:org.sdmx.infomodel.datastructure.DataAttribute=IT1:CENSAGR_CAPOAZ_GEN(1.3).COMMENT" assignmentStatus="Conditional">
              <ConceptIdentity>
                <Ref id="COMMENT" maintainableParentID="CROSS_DOMAIN" maintainableParentVersion="1.1" agencyID="IT1" package="conceptscheme" class="Concept" xmlns="" />
              </ConceptIdentity>
              <AttributeRelationship>
                <PrimaryMeasure>
                  <Ref id="OBS_VALUE" xmlns="" />
                </PrimaryMeasure>
              </AttributeRelationship>
            </Attribute>
            <Attribute id="OBS_STATUS" urn="urn:sdmx:org.sdmx.infomodel.datastructure.DataAttribute=IT1:CENSAGR_CAPOAZ_GEN(1.3).OBS_STATUS" assignmentStatus="Conditional">
              <ConceptIdentity>
                <Ref id="OBS_STATUS" maintainableParentID="CROSS_DOMAIN" maintainableParentVersion="1.1" agencyID="IT1" package="conceptscheme" class="Concept" xmlns="" />
              </ConceptIdentity>
              <LocalRepresentation>
                <Enumeration>
                  <Ref id="CL_FLAG" version="1.1" agencyID="IT1" package="codelist" class="Codelist" xmlns="" />
                </Enumeration>
              </LocalRepresentation>
              <AttributeRelationship>
                <PrimaryMeasure>
                  <Ref id="OBS_VALUE" xmlns="" />
                </PrimaryMeasure>
              </AttributeRelationship>
            </Attribute>
            <Attribute id="DECIMALS" urn="urn:sdmx:org.sdmx.infomodel.datastructure.DataAttribute=IT1:CENSAGR_CAPOAZ_GEN(1.3).DECIMALS" assignmentStatus="Conditional">
              <ConceptIdentity>
                <Ref id="DECIMALS" maintainableParentID="CROSS_DOMAIN" maintainableParentVersion="1.1" agencyID="IT1" package="conceptscheme" class="Concept" xmlns="" />
              </ConceptIdentity>
              <LocalRepresentation>
                <Enumeration>
                  <Ref id="CL_DECI" version="1.0" agencyID="IT1" package="codelist" class="Codelist" xmlns="" />
                </Enumeration>
              </LocalRepresentation>
              <AttributeRelationship>
                <PrimaryMeasure>
                  <Ref id="OBS_VALUE" xmlns="" />
                </PrimaryMeasure>
              </AttributeRelationship>
            </Attribute>
            <Attribute id="CONF_STATUS" urn="urn:sdmx:org.sdmx.infomodel.datastructure.DataAttribute=IT1:CENSAGR_CAPOAZ_GEN(1.3).CONF_STATUS" assignmentStatus="Conditional">
              <ConceptIdentity>
                <Ref id="CONF_STATUS" maintainableParentID="CROSS_DOMAIN" maintainableParentVersion="1.1" agencyID="IT1" package="conceptscheme" class="Concept" xmlns="" />
              </ConceptIdentity>
              <LocalRepresentation>
                <Enumeration>
                  <Ref id="CL_OBS_CONF" version="1.0" agencyID="IT1" package="codelist" class="Codelist" xmlns="" />
                </Enumeration>
              </LocalRepresentation>
              <AttributeRelationship>
                <PrimaryMeasure>
                  <Ref id="OBS_VALUE" xmlns="" />
                </PrimaryMeasure>
              </AttributeRelationship>
            </Attribute>
            <Attribute id="UNIT_MULT" urn="urn:sdmx:org.sdmx.infomodel.datastructure.DataAttribute=IT1:CENSAGR_CAPOAZ_GEN(1.3).UNIT_MULT" assignmentStatus="Conditional">
              <ConceptIdentity>
                <Ref id="UNIT_MULT" maintainableParentID="CROSS_DOMAIN" maintainableParentVersion="1.1" agencyID="IT1" package="conceptscheme" class="Concept" xmlns="" />
              </ConceptIdentity>
              <LocalRepresentation>
                <Enumeration>
                  <Ref id="CL_UNIT_MULT" version="1.0" agencyID="IT1" package="codelist" class="Codelist" xmlns="" />
                </Enumeration>
              </LocalRepresentation>
              <AttributeRelationship>
                <PrimaryMeasure>
                  <Ref id="OBS_VALUE" xmlns="" />
                </PrimaryMeasure>
              </AttributeRelationship>
            </Attribute>
            <Attribute id="NOTA_IT" urn="urn:sdmx:org.sdmx.infomodel.datastructure.DataAttribute=IT1:CENSAGR_CAPOAZ_GEN(1.3).NOTA_IT" assignmentStatus="Conditional">
              <ConceptIdentity>
                <Ref id="NOTA_IT" maintainableParentID="CROSS_DOMAIN" maintainableParentVersion="1.1" agencyID="IT1" package="conceptscheme" class="Concept" xmlns="" />
              </ConceptIdentity>
              <AttributeRelationship>
                <PrimaryMeasure>
                  <Ref id="OBS_VALUE" xmlns="" />
                </PrimaryMeasure>
              </AttributeRelationship>
            </Attribute>
            <Attribute id="NOTA_EN" urn="urn:sdmx:org.sdmx.infomodel.datastructure.DataAttribute=IT1:CENSAGR_CAPOAZ_GEN(1.3).NOTA_EN" assignmentStatus="Conditional">
              <ConceptIdentity>
                <Ref id="NOTA_EN" maintainableParentID="CROSS_DOMAIN" maintainableParentVersion="1.1" agencyID="IT1" package="conceptscheme" class="Concept" xmlns="" />
              </ConceptIdentity>
              <AttributeRelationship>
                <PrimaryMeasure>
                  <Ref id="OBS_VALUE" xmlns="" />
                </PrimaryMeasure>
              </AttributeRelationship>
            </Attribute>
            <Attribute id="METADATA_EN" urn="urn:sdmx:org.sdmx.infomodel.datastructure.DataAttribute=IT1:CENSAGR_CAPOAZ_GEN(1.3).METADATA_EN" assignmentStatus="Conditional">
              <ConceptIdentity>
                <Ref id="METADATA_EN" maintainableParentID="CROSS_DOMAIN" maintainableParentVersion="1.1" agencyID="IT1" package="conceptscheme" class="Concept" xmlns="" />
              </ConceptIdentity>
              <AttributeRelationship>
                <None />
              </AttributeRelationship>
            </Attribute>
            <Attribute id="METADATA_IT" urn="urn:sdmx:org.sdmx.infomodel.datastructure.DataAttribute=IT1:CENSAGR_CAPOAZ_GEN(1.3).METADATA_IT" assignmentStatus="Conditional">
              <ConceptIdentity>
                <Ref id="METADATA_IT" maintainableParentID="CROSS_DOMAIN" maintainableParentVersion="1.1" agencyID="IT1" package="conceptscheme" class="Concept" xmlns="" />
              </ConceptIdentity>
              <AttributeRelationship>
                <None />
              </AttributeRelationship>
            </Attribute>
            <Attribute id="TITLE" urn="urn:sdmx:org.sdmx.infomodel.datastructure.DataAttribute=IT1:CENSAGR_CAPOAZ_GEN(1.3).TITLE" assignmentStatus="Conditional">
              <ConceptIdentity>
                <Ref id="TITLE" maintainableParentID="CROSS_DOMAIN" maintainableParentVersion="1.1" agencyID="IT1" package="conceptscheme" class="Concept" xmlns="" />
              </ConceptIdentity>
              <AttributeRelationship>
                <None />
              </AttributeRelationship>
            </Attribute>
            <Attribute id="STAT_UNIT" urn="urn:sdmx:org.sdmx.infomodel.datastructure.DataAttribute=IT1:CENSAGR_CAPOAZ_GEN(1.3).STAT_UNIT" assignmentStatus="Conditional">
              <ConceptIdentity>
                <Ref id="STAT_UNIT" maintainableParentID="CROSS_DOMAIN" maintainableParentVersion="1.1" agencyID="IT1" package="conceptscheme" class="Concept" xmlns="" />
              </ConceptIdentity>
              <LocalRepresentation>
                <Enumeration>
                  <Ref id="CL_STATUNIT_CENSAGR" version="1.0" agencyID="IT1" package="codelist" class="Codelist" xmlns="" />
                </Enumeration>
              </LocalRepresentation>
              <AttributeRelationship>
                <None />
              </AttributeRelationship>
            </Attribute>
          </AttributeList>
          <MeasureList id="MeasureDescriptor" urn="urn:sdmx:org.sdmx.infomodel.datastructure.MeasureDescriptor=IT1:CENSAGR_CAPOAZ_GEN(1.3).MeasureDescriptor">
            <PrimaryMeasure id="OBS_VALUE" urn="urn:sdmx:org.sdmx.infomodel.datastructure.PrimaryMeasure=IT1:CENSAGR_CAPOAZ_GEN(1.3).OBS_VALUE">
              <ConceptIdentity>
                <Ref id="OBS_VALUE" maintainableParentID="CROSS_DOMAIN" maintainableParentVersion="1.1" agencyID="IT1" package="conceptscheme" class="Concept" xmlns="" />
              </ConceptIdentity>
            </PrimaryMeasure>
          </MeasureList>
        </DataStructureComponents>
      </DataStructure>
    </DataStructures>
  </Structures>
</Structure>