<?xml version="1.0" encoding="utf-8"?>
<Structure xmlns="http://www.sdmx.org/resources/sdmxml/schemas/v2_1/message">
  <Header>
    <ID>ESTAT_CPI</ID>
    <Test>true</Test>
    <Prepared>2013-09-10T09:08:09.5594+02:00</Prepared>
    <Sender id="ESTAT">
      <Name xml:lang="en" xmlns="http://www.sdmx.org/resources/sdmxml/schemas/v2_1/common">Statistical Office of the European Communities</Name>
    </Sender>
    <Receiver id="unknown" />
    <Name xml:lang="en" xmlns="http://www.sdmx.org/resources/sdmxml/schemas/v2_1/common">Consumer Price Index DSD</Name>
  </Header>
  <Structures>
    <Codelists xmlns="http://www.sdmx.org/resources/sdmxml/schemas/v2_1/structure">
      <Codelist id="CL_AREA_EE" urn="urn:sdmx:org.sdmx.infomodel.codelist.Codelist=ECB:CL_AREA_EE(1.0)" agencyID="ECB" version="1.0" isFinal="true">
        <Name xml:lang="en" xmlns="http://www.sdmx.org/resources/sdmxml/schemas/v2_1/common">Area code list</Name>
        <Code id="1A" urn="urn:sdmx:org.sdmx.infomodel.codelist.Code=ECB:CL_AREA_EE(1.0).1A">
          <Name xml:lang="en" xmlns="http://www.sdmx.org/resources/sdmxml/schemas/v2_1/common">International organisations</Name>
        </Code>
        <Code id="1B" urn="urn:sdmx:org.sdmx.infomodel.codelist.Code=ECB:CL_AREA_EE(1.0).1B">
          <Name xml:lang="en" xmlns="http://www.sdmx.org/resources/sdmxml/schemas/v2_1/common">UN organisations</Name>
        </Code>
        <Code id="1C" urn="urn:sdmx:org.sdmx.infomodel.codelist.Code=ECB:CL_AREA_EE(1.0).1C">
          <Name xml:lang="en" xmlns="http://www.sdmx.org/resources/sdmxml/schemas/v2_1/common">International Monetary Fund</Name>
        </Code>
        <Code id="1D" urn="urn:sdmx:org.sdmx.infomodel.codelist.Code=ECB:CL_AREA_EE(1.0).1D">
          <Name xml:lang="en" xmlns="http://www.sdmx.org/resources/sdmxml/schemas/v2_1/common">World Trade Organisation</Name>
        </Code>
        <Code id="1E" urn="urn:sdmx:org.sdmx.infomodel.codelist.Code=ECB:CL_AREA_EE(1.0).1E">
          <Name xml:lang="en" xmlns="http://www.sdmx.org/resources/sdmxml/schemas/v2_1/common">International Bank for Reconstruction and Development</Name>
        </Code>
        <Code id="1F" urn="urn:sdmx:org.sdmx.infomodel.codelist.Code=ECB:CL_AREA_EE(1.0).1F">
          <Name xml:lang="en" xmlns="http://www.sdmx.org/resources/sdmxml/schemas/v2_1/common">International Development Association</Name>
        </Code>
        <Code id="1G" urn="urn:sdmx:org.sdmx.infomodel.codelist.Code=ECB:CL_AREA_EE(1.0).1G">
          <Name xml:lang="en" xmlns="http://www.sdmx.org/resources/sdmxml/schemas/v2_1/common">Other UN Organisations (includes 1H, 1J-1T)</Name>
        </Code>
        <Code id="1H" urn="urn:sdmx:org.sdmx.infomodel.codelist.Code=ECB:CL_AREA_EE(1.0).1H">
          <Name xml:lang="en" xmlns="http://www.sdmx.org/resources/sdmxml/schemas/v2_1/common">UNESCO (United Nations Educational, Scientific and Cultural Organisati on)</Name>
        </Code>
        <Code id="1J" urn="urn:sdmx:org.sdmx.infomodel.codelist.Code=ECB:CL_AREA_EE(1.0).1J">
          <Name xml:lang="en" xmlns="http://www.sdmx.org/resources/sdmxml/schemas/v2_1/common">FAO (Food and Agriculture Organisation)</Name>
        </Code>
        <Code id="1K" urn="urn:sdmx:org.sdmx.infomodel.codelist.Code=ECB:CL_AREA_EE(1.0).1K">
          <Name xml:lang="en" xmlns="http://www.sdmx.org/resources/sdmxml/schemas/v2_1/common">WHO (World Health Organisation)</Name>
        </Code>
        <Code id="1L" urn="urn:sdmx:org.sdmx.infomodel.codelist.Code=ECB:CL_AREA_EE(1.0).1L">
          <Name xml:lang="en" xmlns="http://www.sdmx.org/resources/sdmxml/schemas/v2_1/common">IFAD (International Fund for Agricultural Development)</Name>
        </Code>
        <Code id="1M" urn="urn:sdmx:org.sdmx.infomodel.codelist.Code=ECB:CL_AREA_EE(1.0).1M">
          <Name xml:lang="en" xmlns="http://www.sdmx.org/resources/sdmxml/schemas/v2_1/common">IFC (International Finance Corporation)</Name>
        </Code>
        <Code id="1N" urn="urn:sdmx:org.sdmx.infomodel.codelist.Code=ECB:CL_AREA_EE(1.0).1N">
          <Name xml:lang="en" xmlns="http://www.sdmx.org/resources/sdmxml/schemas/v2_1/common">MIGA (Multilateral Investment Guarantee Agency)</Name>
        </Code>
        <Code id="1O" urn="urn:sdmx:org.sdmx.infomodel.codelist.Code=ECB:CL_AREA_EE(1.0).1O">
          <Name xml:lang="en" xmlns="http://www.sdmx.org/resources/sdmxml/schemas/v2_1/common">UNICEF (United Nations Children Fund)</Name>
        </Code>
        <Code id="1P" urn="urn:sdmx:org.sdmx.infomodel.codelist.Code=ECB:CL_AREA_EE(1.0).1P">
          <Name xml:lang="en" xmlns="http://www.sdmx.org/resources/sdmxml/schemas/v2_1/common">UNHCR (United Nations High Commissioner for Refugees)</Name>
        </Code>
        <Code id="1Q" urn="urn:sdmx:org.sdmx.infomodel.codelist.Code=ECB:CL_AREA_EE(1.0).1Q">
          <Name xml:lang="en" xmlns="http://www.sdmx.org/resources/sdmxml/schemas/v2_1/common">UNRWA (United Nations Relief and Works Agency for Palestine)</Name>
        </Code>
        <Code id="1R" urn="urn:sdmx:org.sdmx.infomodel.codelist.Code=ECB:CL_AREA_EE(1.0).1R">
          <Name xml:lang="en" xmlns="http://www.sdmx.org/resources/sdmxml/schemas/v2_1/common">IAEA (International Atomic Energy Agency)</Name>
        </Code>
        <Code id="1S" urn="urn:sdmx:org.sdmx.infomodel.codelist.Code=ECB:CL_AREA_EE(1.0).1S">
          <Name xml:lang="en" xmlns="http://www.sdmx.org/resources/sdmxml/schemas/v2_1/common">ILO (International Labour Organisation)</Name>
        </Code>
        <Code id="1T" urn="urn:sdmx:org.sdmx.infomodel.codelist.Code=ECB:CL_AREA_EE(1.0).1T">
          <Name xml:lang="en" xmlns="http://www.sdmx.org/resources/sdmxml/schemas/v2_1/common">ITU (International Telecommunication Union)</Name>
        </Code>
        <Code id="1Z" urn="urn:sdmx:org.sdmx.infomodel.codelist.Code=ECB:CL_AREA_EE(1.0).1Z">
          <Name xml:lang="en" xmlns="http://www.sdmx.org/resources/sdmxml/schemas/v2_1/common">Rest of UN Organisations n.i.e.</Name>
        </Code>
        <Code id="4A" urn="urn:sdmx:org.sdmx.infomodel.codelist.Code=ECB:CL_AREA_EE(1.0).4A">
          <Name xml:lang="en" xmlns="http://www.sdmx.org/resources/sdmxml/schemas/v2_1/common">European Community Institutions, Organs and Organisms</Name>
        </Code>
        <Code id="4B" urn="urn:sdmx:org.sdmx.infomodel.codelist.Code=ECB:CL_AREA_EE(1.0).4B">
          <Name xml:lang="en" xmlns="http://www.sdmx.org/resources/sdmxml/schemas/v2_1/common">EMS (European Monetary System)</Name>
        </Code>
        <Code id="4C" urn="urn:sdmx:org.sdmx.infomodel.codelist.Code=ECB:CL_AREA_EE(1.0).4C">
          <Name xml:lang="en" xmlns="http://www.sdmx.org/resources/sdmxml/schemas/v2_1/common">European Investment Bank</Name>
        </Code>
        <Code id="4D" urn="urn:sdmx:org.sdmx.infomodel.codelist.Code=ECB:CL_AREA_EE(1.0).4D">
          <Name xml:lang="en" xmlns="http://www.sdmx.org/resources/sdmxml/schemas/v2_1/common">European Commission</Name>
        </Code>
        <Code id="4E" urn="urn:sdmx:org.sdmx.infomodel.codelist.Code=ECB:CL_AREA_EE(1.0).4E">
          <Name xml:lang="en" xmlns="http://www.sdmx.org/resources/sdmxml/schemas/v2_1/common">European Development Fund</Name>
        </Code>
        <Code id="4F" urn="urn:sdmx:org.sdmx.infomodel.codelist.Code=ECB:CL_AREA_EE(1.0).4F">
          <Name xml:lang="en" xmlns="http://www.sdmx.org/resources/sdmxml/schemas/v2_1/common">European Central Bank</Name>
        </Code>
        <Code id="4G" urn="urn:sdmx:org.sdmx.infomodel.codelist.Code=ECB:CL_AREA_EE(1.0).4G">
          <Name xml:lang="en" xmlns="http://www.sdmx.org/resources/sdmxml/schemas/v2_1/common">EIF (European Investment Fund)</Name>
        </Code>
        <Code id="4H" urn="urn:sdmx:org.sdmx.infomodel.codelist.Code=ECB:CL_AREA_EE(1.0).4H">
          <Name xml:lang="en" xmlns="http://www.sdmx.org/resources/sdmxml/schemas/v2_1/common">European Community of Steel and Coal</Name>
        </Code>
        <Code id="4J" urn="urn:sdmx:org.sdmx.infomodel.codelist.Code=ECB:CL_AREA_EE(1.0).4J">
          <Name xml:lang="en" xmlns="http://www.sdmx.org/resources/sdmxml/schemas/v2_1/common">Other EC Institutions, Organs and Organisms covered by General budget</Name>
        </Code>
        <Code id="4K" urn="urn:sdmx:org.sdmx.infomodel.codelist.Code=ECB:CL_AREA_EE(1.0).4K">
          <Name xml:lang="en" xmlns="http://www.sdmx.org/resources/sdmxml/schemas/v2_1/common">European Parliament</Name>
        </Code>
        <Code id="4L" urn="urn:sdmx:org.sdmx.infomodel.codelist.Code=ECB:CL_AREA_EE(1.0).4L">
          <Name xml:lang="en" xmlns="http://www.sdmx.org/resources/sdmxml/schemas/v2_1/common">European Council</Name>
        </Code>
        <Code id="4M" urn="urn:sdmx:org.sdmx.infomodel.codelist.Code=ECB:CL_AREA_EE(1.0).4M">
          <Name xml:lang="en" xmlns="http://www.sdmx.org/resources/sdmxml/schemas/v2_1/common">Court of Justice</Name>
        </Code>
        <Code id="4N" urn="urn:sdmx:org.sdmx.infomodel.codelist.Code=ECB:CL_AREA_EE(1.0).4N">
          <Name xml:lang="en" xmlns="http://www.sdmx.org/resources/sdmxml/schemas/v2_1/common">Court of Auditors</Name>
        </Code>
        <Code id="4P" urn="urn:sdmx:org.sdmx.infomodel.codelist.Code=ECB:CL_AREA_EE(1.0).4P">
          <Name xml:lang="en" xmlns="http://www.sdmx.org/resources/sdmxml/schemas/v2_1/common">Economic and Social Committee</Name>
        </Code>
        <Code id="4Q" urn="urn:sdmx:org.sdmx.infomodel.codelist.Code=ECB:CL_AREA_EE(1.0).4Q">
          <Name xml:lang="en" xmlns="http://www.sdmx.org/resources/sdmxml/schemas/v2_1/common">Committee of Regions</Name>
        </Code>
        <Code id="4Z" urn="urn:sdmx:org.sdmx.infomodel.codelist.Code=ECB:CL_AREA_EE(1.0).4Z">
          <Name xml:lang="en" xmlns="http://www.sdmx.org/resources/sdmxml/schemas/v2_1/common">Other European Community Institutions, Organs and Organisms</Name>
        </Code>
        <Code id="5A" urn="urn:sdmx:org.sdmx.infomodel.codelist.Code=ECB:CL_AREA_EE(1.0).5A">
          <Name xml:lang="en" xmlns="http://www.sdmx.org/resources/sdmxml/schemas/v2_1/common">Organisation for Economic Cooperation and Development</Name>
        </Code>
        <Code id="5B" urn="urn:sdmx:org.sdmx.infomodel.codelist.Code=ECB:CL_AREA_EE(1.0).5B">
          <Name xml:lang="en" xmlns="http://www.sdmx.org/resources/sdmxml/schemas/v2_1/common">Bank for International Settlements</Name>
        </Code>
        <Code id="5C" urn="urn:sdmx:org.sdmx.infomodel.codelist.Code=ECB:CL_AREA_EE(1.0).5C">
          <Name xml:lang="en" xmlns="http://www.sdmx.org/resources/sdmxml/schemas/v2_1/common">Inter-American Development Bank</Name>
        </Code>
        <Code id="5D" urn="urn:sdmx:org.sdmx.infomodel.codelist.Code=ECB:CL_AREA_EE(1.0).5D">
          <Name xml:lang="en" xmlns="http://www.sdmx.org/resources/sdmxml/schemas/v2_1/common">African Development Bank</Name>
        </Code>
        <Code id="5E" urn="urn:sdmx:org.sdmx.infomodel.codelist.Code=ECB:CL_AREA_EE(1.0).5E">
          <Name xml:lang="en" xmlns="http://www.sdmx.org/resources/sdmxml/schemas/v2_1/common">Asian Development Bank</Name>
        </Code>
        <Code id="5F" urn="urn:sdmx:org.sdmx.infomodel.codelist.Code=ECB:CL_AREA_EE(1.0).5F">
          <Name xml:lang="en" xmlns="http://www.sdmx.org/resources/sdmxml/schemas/v2_1/common">European Bank for Reconstruction and Development</Name>
        </Code>
        <Code id="5G" urn="urn:sdmx:org.sdmx.infomodel.codelist.Code=ECB:CL_AREA_EE(1.0).5G">
          <Name xml:lang="en" xmlns="http://www.sdmx.org/resources/sdmxml/schemas/v2_1/common">IIC (Inter-American Investment Corporation)</Name>
        </Code>
        <Code id="5H" urn="urn:sdmx:org.sdmx.infomodel.codelist.Code=ECB:CL_AREA_EE(1.0).5H">
          <Name xml:lang="en" xmlns="http://www.sdmx.org/resources/sdmxml/schemas/v2_1/common">NIB (Nordic Investment Bank)</Name>
        </Code>
        <Code id="5J" urn="urn:sdmx:org.sdmx.infomodel.codelist.Code=ECB:CL_AREA_EE(1.0).5J">
          <Name xml:lang="en" xmlns="http://www.sdmx.org/resources/sdmxml/schemas/v2_1/common">IBEC (International Bank for Economic Co-operation)</Name>
        </Code>
        <Code id="5K" urn="urn:sdmx:org.sdmx.infomodel.codelist.Code=ECB:CL_AREA_EE(1.0).5K">
          <Name xml:lang="en" xmlns="http://www.sdmx.org/resources/sdmxml/schemas/v2_1/common">IIB (International Investment Bank)</Name>
        </Code>
        <Code id="5L" urn="urn:sdmx:org.sdmx.infomodel.codelist.Code=ECB:CL_AREA_EE(1.0).5L">
          <Name xml:lang="en" xmlns="http://www.sdmx.org/resources/sdmxml/schemas/v2_1/common">CDB (Caribbean Development Bank)</Name>
        </Code>
        <Code id="5M" urn="urn:sdmx:org.sdmx.infomodel.codelist.Code=ECB:CL_AREA_EE(1.0).5M">
          <Name xml:lang="en" xmlns="http://www.sdmx.org/resources/sdmxml/schemas/v2_1/common">AMF (Arab Monetary Fund)</Name>
        </Code>
        <Code id="5N" urn="urn:sdmx:org.sdmx.infomodel.codelist.Code=ECB:CL_AREA_EE(1.0).5N">
          <Name xml:lang="en" xmlns="http://www.sdmx.org/resources/sdmxml/schemas/v2_1/common">BADEA (Banque arabe pour le développement économique en Afrique)</Name>
        </Code>
        <Code id="5P" urn="urn:sdmx:org.sdmx.infomodel.codelist.Code=ECB:CL_AREA_EE(1.0).5P">
          <Name xml:lang="en" xmlns="http://www.sdmx.org/resources/sdmxml/schemas/v2_1/common">CASDB (Central African States Development Bank)</Name>
        </Code>
        <Code id="5Q" urn="urn:sdmx:org.sdmx.infomodel.codelist.Code=ECB:CL_AREA_EE(1.0).5Q">
          <Name xml:lang="en" xmlns="http://www.sdmx.org/resources/sdmxml/schemas/v2_1/common">African Development Fund</Name>
        </Code>
        <Code id="5R" urn="urn:sdmx:org.sdmx.infomodel.codelist.Code=ECB:CL_AREA_EE(1.0).5R">
          <Name xml:lang="en" xmlns="http://www.sdmx.org/resources/sdmxml/schemas/v2_1/common">Asian Development Fund</Name>
        </Code>
        <Code id="5S" urn="urn:sdmx:org.sdmx.infomodel.codelist.Code=ECB:CL_AREA_EE(1.0).5S">
          <Name xml:lang="en" xmlns="http://www.sdmx.org/resources/sdmxml/schemas/v2_1/common">Fonds spécial unifié de développement</Name>
        </Code>
        <Code id="5T" urn="urn:sdmx:org.sdmx.infomodel.codelist.Code=ECB:CL_AREA_EE(1.0).5T">
          <Name xml:lang="en" xmlns="http://www.sdmx.org/resources/sdmxml/schemas/v2_1/common">CABEI (Central American Bank for Economic Integration)</Name>
        </Code>
        <Code id="5U" urn="urn:sdmx:org.sdmx.infomodel.codelist.Code=ECB:CL_AREA_EE(1.0).5U">
          <Name xml:lang="en" xmlns="http://www.sdmx.org/resources/sdmxml/schemas/v2_1/common">ADC (Andean Development Corporation)</Name>
        </Code>
        <Code id="5V" urn="urn:sdmx:org.sdmx.infomodel.codelist.Code=ECB:CL_AREA_EE(1.0).5V">
          <Name xml:lang="en" xmlns="http://www.sdmx.org/resources/sdmxml/schemas/v2_1/common">Other International Organisations (financial institutions)</Name>
        </Code>
        <Code id="5Z" urn="urn:sdmx:org.sdmx.infomodel.codelist.Code=ECB:CL_AREA_EE(1.0).5Z">
          <Name xml:lang="en" xmlns="http://www.sdmx.org/resources/sdmxml/schemas/v2_1/common">Other International Financial Organisations n.i.e.</Name>
        </Code>
        <Code id="6A" urn="urn:sdmx:org.sdmx.infomodel.codelist.Code=ECB:CL_AREA_EE(1.0).6A">
          <Name xml:lang="en" xmlns="http://www.sdmx.org/resources/sdmxml/schemas/v2_1/common">Other International Organisations (non-financial institutions)</Name>
        </Code>
        <Code id="6B" urn="urn:sdmx:org.sdmx.infomodel.codelist.Code=ECB:CL_AREA_EE(1.0).6B">
          <Name xml:lang="en" xmlns="http://www.sdmx.org/resources/sdmxml/schemas/v2_1/common">NATO (North Atlantic Treaty Organisation)</Name>
        </Code>
        <Code id="6C" urn="urn:sdmx:org.sdmx.infomodel.codelist.Code=ECB:CL_AREA_EE(1.0).6C">
          <Name xml:lang="en" xmlns="http://www.sdmx.org/resources/sdmxml/schemas/v2_1/common">Council of Europe</Name>
        </Code>
        <Code id="6D" urn="urn:sdmx:org.sdmx.infomodel.codelist.Code=ECB:CL_AREA_EE(1.0).6D">
          <Name xml:lang="en" xmlns="http://www.sdmx.org/resources/sdmxml/schemas/v2_1/common">ICRC (International Committee of the Red Cross)</Name>
        </Code>
        <Code id="6E" urn="urn:sdmx:org.sdmx.infomodel.codelist.Code=ECB:CL_AREA_EE(1.0).6E">
          <Name xml:lang="en" xmlns="http://www.sdmx.org/resources/sdmxml/schemas/v2_1/common">ESA (European Space Agency)</Name>
        </Code>
        <Code id="6F" urn="urn:sdmx:org.sdmx.infomodel.codelist.Code=ECB:CL_AREA_EE(1.0).6F">
          <Name xml:lang="en" xmlns="http://www.sdmx.org/resources/sdmxml/schemas/v2_1/common">EPO (European Patent Office)</Name>
        </Code>
        <Code id="6G" urn="urn:sdmx:org.sdmx.infomodel.codelist.Code=ECB:CL_AREA_EE(1.0).6G">
          <Name xml:lang="en" xmlns="http://www.sdmx.org/resources/sdmxml/schemas/v2_1/common">EUROCONTROL (European Organisation for the Safety of Air Navigation)</Name>
        </Code>
        <Code id="6H" urn="urn:sdmx:org.sdmx.infomodel.codelist.Code=ECB:CL_AREA_EE(1.0).6H">
          <Name xml:lang="en" xmlns="http://www.sdmx.org/resources/sdmxml/schemas/v2_1/common">EUTELSAT (European Telecommunications Satellite Organisation)</Name>
        </Code>
        <Code id="6J" urn="urn:sdmx:org.sdmx.infomodel.codelist.Code=ECB:CL_AREA_EE(1.0).6J">
          <Name xml:lang="en" xmlns="http://www.sdmx.org/resources/sdmxml/schemas/v2_1/common">INTELSAT (International Telecommunications Satellite Organisation)</Name>
        </Code>
        <Code id="6K" urn="urn:sdmx:org.sdmx.infomodel.codelist.Code=ECB:CL_AREA_EE(1.0).6K">
          <Name xml:lang="en" xmlns="http://www.sdmx.org/resources/sdmxml/schemas/v2_1/common">EBU/UER (European Broadcasting Union/Union européenne de radio-télévis ion)</Name>
        </Code>
        <Code id="6L" urn="urn:sdmx:org.sdmx.infomodel.codelist.Code=ECB:CL_AREA_EE(1.0).6L">
          <Name xml:lang="en" xmlns="http://www.sdmx.org/resources/sdmxml/schemas/v2_1/common">EUMETSAT (European Organisation for the Exploitation of Meteorological  Satellites)</Name>
        </Code>
        <Code id="6M" urn="urn:sdmx:org.sdmx.infomodel.codelist.Code=ECB:CL_AREA_EE(1.0).6M">
          <Name xml:lang="en" xmlns="http://www.sdmx.org/resources/sdmxml/schemas/v2_1/common">ESO (European Southern Observatory)</Name>
        </Code>
        <Code id="6N" urn="urn:sdmx:org.sdmx.infomodel.codelist.Code=ECB:CL_AREA_EE(1.0).6N">
          <Name xml:lang="en" xmlns="http://www.sdmx.org/resources/sdmxml/schemas/v2_1/common">ECMWF (European Centre for Medium-Range Weather Forecasts)</Name>
        </Code>
        <Code id="6O" urn="urn:sdmx:org.sdmx.infomodel.codelist.Code=ECB:CL_AREA_EE(1.0).6O">
          <Name xml:lang="en" xmlns="http://www.sdmx.org/resources/sdmxml/schemas/v2_1/common">EMBL (European Molecular Biology Laboratory)</Name>
        </Code>
        <Code id="6P" urn="urn:sdmx:org.sdmx.infomodel.codelist.Code=ECB:CL_AREA_EE(1.0).6P">
          <Name xml:lang="en" xmlns="http://www.sdmx.org/resources/sdmxml/schemas/v2_1/common">CERN (European Organisation for Nuclear Research)</Name>
        </Code>
        <Code id="6Q" urn="urn:sdmx:org.sdmx.infomodel.codelist.Code=ECB:CL_AREA_EE(1.0).6Q">
          <Name xml:lang="en" xmlns="http://www.sdmx.org/resources/sdmxml/schemas/v2_1/common">IOM (International Organisation for Migration)</Name>
        </Code>
        <Code id="6Z" urn="urn:sdmx:org.sdmx.infomodel.codelist.Code=ECB:CL_AREA_EE(1.0).6Z">
          <Name xml:lang="en" xmlns="http://www.sdmx.org/resources/sdmxml/schemas/v2_1/common">Other International Non-Financial Organisations n.i.e.</Name>
        </Code>
        <Code id="7Z" urn="urn:sdmx:org.sdmx.infomodel.codelist.Code=ECB:CL_AREA_EE(1.0).7Z">
          <Name xml:lang="en" xmlns="http://www.sdmx.org/resources/sdmxml/schemas/v2_1/common">International Organisations excluding Eur.Community Institutions (4A)</Name>
        </Code>
        <Code id="A0" urn="urn:sdmx:org.sdmx.infomodel.codelist.Code=ECB:CL_AREA_EE(1.0).A0">
          <Name xml:lang="en" xmlns="http://www.sdmx.org/resources/sdmxml/schemas/v2_1/common">Other EEA countries (all countries excluding the reference area)</Name>
        </Code>
        <Code id="A1" urn="urn:sdmx:org.sdmx.infomodel.codelist.Code=ECB:CL_AREA_EE(1.0).A1">
          <Name xml:lang="en" xmlns="http://www.sdmx.org/resources/sdmxml/schemas/v2_1/common">World (all entities)</Name>
        </Code>
        <Code id="A2" urn="urn:sdmx:org.sdmx.infomodel.codelist.Code=ECB:CL_AREA_EE(1.0).A2">
          <Name xml:lang="en" xmlns="http://www.sdmx.org/resources/sdmxml/schemas/v2_1/common">EUR12 (Intra Eur12)</Name>
        </Code>
        <Code id="A3" urn="urn:sdmx:org.sdmx.infomodel.codelist.Code=ECB:CL_AREA_EE(1.0).A3">
          <Name xml:lang="en" xmlns="http://www.sdmx.org/resources/sdmxml/schemas/v2_1/common">Belgo-Luxembourg Economic Union</Name>
        </Code>
        <Code id="A4" urn="urn:sdmx:org.sdmx.infomodel.codelist.Code=ECB:CL_AREA_EE(1.0).A4">
          <Name xml:lang="en" xmlns="http://www.sdmx.org/resources/sdmxml/schemas/v2_1/common">Extra EUR12</Name>
        </Code>
        <Code id="A5" urn="urn:sdmx:org.sdmx.infomodel.codelist.Code=ECB:CL_AREA_EE(1.0).A5">
          <Name xml:lang="en" xmlns="http://www.sdmx.org/resources/sdmxml/schemas/v2_1/common">European Free Trade Association</Name>
        </Code>
        <Code id="A6" urn="urn:sdmx:org.sdmx.infomodel.codelist.Code=ECB:CL_AREA_EE(1.0).A6">
          <Name xml:lang="en" xmlns="http://www.sdmx.org/resources/sdmxml/schemas/v2_1/common">European Economic Area</Name>
        </Code>
        <Code id="A7" urn="urn:sdmx:org.sdmx.infomodel.codelist.Code=ECB:CL_AREA_EE(1.0).A7">
          <Name xml:lang="en" xmlns="http://www.sdmx.org/resources/sdmxml/schemas/v2_1/common">Extra EEA</Name>
        </Code>
        <Code id="A8" urn="urn:sdmx:org.sdmx.infomodel.codelist.Code=ECB:CL_AREA_EE(1.0).A8">
          <Name xml:lang="en" xmlns="http://www.sdmx.org/resources/sdmxml/schemas/v2_1/common">OECD countries</Name>
        </Code>
        <Code id="A9" urn="urn:sdmx:org.sdmx.infomodel.codelist.Code=ECB:CL_AREA_EE(1.0).A9">
          <Name xml:lang="en" xmlns="http://www.sdmx.org/resources/sdmxml/schemas/v2_1/common">Countries from Central and Eastern Europe</Name>
        </Code>
        <Code id="AD" urn="urn:sdmx:org.sdmx.infomodel.codelist.Code=ECB:CL_AREA_EE(1.0).AD">
          <Name xml:lang="en" xmlns="http://www.sdmx.org/resources/sdmxml/schemas/v2_1/common">Andorra</Name>
        </Code>
        <Code id="AE" urn="urn:sdmx:org.sdmx.infomodel.codelist.Code=ECB:CL_AREA_EE(1.0).AE">
          <Name xml:lang="en" xmlns="http://www.sdmx.org/resources/sdmxml/schemas/v2_1/common">United Arab Emirates</Name>
        </Code>
        <Code id="AF" urn="urn:sdmx:org.sdmx.infomodel.codelist.Code=ECB:CL_AREA_EE(1.0).AF">
          <Name xml:lang="en" xmlns="http://www.sdmx.org/resources/sdmxml/schemas/v2_1/common">Afghanistan</Name>
        </Code>
        <Code id="AG" urn="urn:sdmx:org.sdmx.infomodel.codelist.Code=ECB:CL_AREA_EE(1.0).AG">
          <Name xml:lang="en" xmlns="http://www.sdmx.org/resources/sdmxml/schemas/v2_1/common">Antigua and Barbuda</Name>
        </Code>
        <Code id="AI" urn="urn:sdmx:org.sdmx.infomodel.codelist.Code=ECB:CL_AREA_EE(1.0).AI">
          <Name xml:lang="en" xmlns="http://www.sdmx.org/resources/sdmxml/schemas/v2_1/common">Anguilla</Name>
        </Code>
        <Code id="AL" urn="urn:sdmx:org.sdmx.infomodel.codelist.Code=ECB:CL_AREA_EE(1.0).AL">
          <Name xml:lang="en" xmlns="http://www.sdmx.org/resources/sdmxml/schemas/v2_1/common">Albania</Name>
        </Code>
        <Code id="AM" urn="urn:sdmx:org.sdmx.infomodel.codelist.Code=ECB:CL_AREA_EE(1.0).AM">
          <Name xml:lang="en" xmlns="http://www.sdmx.org/resources/sdmxml/schemas/v2_1/common">Armenia</Name>
        </Code>
        <Code id="AN" urn="urn:sdmx:org.sdmx.infomodel.codelist.Code=ECB:CL_AREA_EE(1.0).AN">
          <Name xml:lang="en" xmlns="http://www.sdmx.org/resources/sdmxml/schemas/v2_1/common">Netherlands Antilles</Name>
        </Code>
        <Code id="AO" urn="urn:sdmx:org.sdmx.infomodel.codelist.Code=ECB:CL_AREA_EE(1.0).AO">
          <Name xml:lang="en" xmlns="http://www.sdmx.org/resources/sdmxml/schemas/v2_1/common">Angola</Name>
        </Code>
        <Code id="AQ" urn="urn:sdmx:org.sdmx.infomodel.codelist.Code=ECB:CL_AREA_EE(1.0).AQ">
          <Name xml:lang="en" xmlns="http://www.sdmx.org/resources/sdmxml/schemas/v2_1/common">Antarctica</Name>
        </Code>
        <Code id="AR" urn="urn:sdmx:org.sdmx.infomodel.codelist.Code=ECB:CL_AREA_EE(1.0).AR">
          <Name xml:lang="en" xmlns="http://www.sdmx.org/resources/sdmxml/schemas/v2_1/common">Argentina</Name>
        </Code>
        <Code id="AS" urn="urn:sdmx:org.sdmx.infomodel.codelist.Code=ECB:CL_AREA_EE(1.0).AS">
          <Name xml:lang="en" xmlns="http://www.sdmx.org/resources/sdmxml/schemas/v2_1/common">American Samoa</Name>
        </Code>
        <Code id="AT" urn="urn:sdmx:org.sdmx.infomodel.codelist.Code=ECB:CL_AREA_EE(1.0).AT">
          <Name xml:lang="en" xmlns="http://www.sdmx.org/resources/sdmxml/schemas/v2_1/common">Austria</Name>
        </Code>
        <Code id="AU" urn="urn:sdmx:org.sdmx.infomodel.codelist.Code=ECB:CL_AREA_EE(1.0).AU">
          <Name xml:lang="en" xmlns="http://www.sdmx.org/resources/sdmxml/schemas/v2_1/common">Australia</Name>
        </Code>
        <Code id="AW" urn="urn:sdmx:org.sdmx.infomodel.codelist.Code=ECB:CL_AREA_EE(1.0).AW">
          <Name xml:lang="en" xmlns="http://www.sdmx.org/resources/sdmxml/schemas/v2_1/common">Aruba</Name>
        </Code>
        <Code id="AX" urn="urn:sdmx:org.sdmx.infomodel.codelist.Code=ECB:CL_AREA_EE(1.0).AX">
          <Name xml:lang="en" xmlns="http://www.sdmx.org/resources/sdmxml/schemas/v2_1/common">Aland Islands</Name>
        </Code>
        <Code id="AZ" urn="urn:sdmx:org.sdmx.infomodel.codelist.Code=ECB:CL_AREA_EE(1.0).AZ">
          <Name xml:lang="en" xmlns="http://www.sdmx.org/resources/sdmxml/schemas/v2_1/common">Azerbaijan</Name>
        </Code>
        <Code id="B1" urn="urn:sdmx:org.sdmx.infomodel.codelist.Code=ECB:CL_AREA_EE(1.0).B1">
          <Name xml:lang="en" xmlns="http://www.sdmx.org/resources/sdmxml/schemas/v2_1/common">North American Free Trade Association</Name>
        </Code>
        <Code id="B2" urn="urn:sdmx:org.sdmx.infomodel.codelist.Code=ECB:CL_AREA_EE(1.0).B2">
          <Name xml:lang="en" xmlns="http://www.sdmx.org/resources/sdmxml/schemas/v2_1/common">Latin America</Name>
        </Code>
        <Code id="B3" urn="urn:sdmx:org.sdmx.infomodel.codelist.Code=ECB:CL_AREA_EE(1.0).B3">
          <Name xml:lang="en" xmlns="http://www.sdmx.org/resources/sdmxml/schemas/v2_1/common">Countries for the Association of South-East Asian Nations</Name>
        </Code>
        <Code id="B4" urn="urn:sdmx:org.sdmx.infomodel.codelist.Code=ECB:CL_AREA_EE(1.0).B4">
          <Name xml:lang="en" xmlns="http://www.sdmx.org/resources/sdmxml/schemas/v2_1/common">Organization of Petroleum Exporting Countries</Name>
        </Code>
        <Code id="B5" urn="urn:sdmx:org.sdmx.infomodel.codelist.Code=ECB:CL_AREA_EE(1.0).B5">
          <Name xml:lang="en" xmlns="http://www.sdmx.org/resources/sdmxml/schemas/v2_1/common">African, Caribbean and Pacific countries (Lomé convention)</Name>
        </Code>
        <Code id="B6" urn="urn:sdmx:org.sdmx.infomodel.codelist.Code=ECB:CL_AREA_EE(1.0).B6">
          <Name xml:lang="en" xmlns="http://www.sdmx.org/resources/sdmxml/schemas/v2_1/common">African ACP countries</Name>
        </Code>
        <Code id="B7" urn="urn:sdmx:org.sdmx.infomodel.codelist.Code=ECB:CL_AREA_EE(1.0).B7">
          <Name xml:lang="en" xmlns="http://www.sdmx.org/resources/sdmxml/schemas/v2_1/common">Caribbean ACP countries</Name>
        </Code>
        <Code id="B8" urn="urn:sdmx:org.sdmx.infomodel.codelist.Code=ECB:CL_AREA_EE(1.0).B8">
          <Name xml:lang="en" xmlns="http://www.sdmx.org/resources/sdmxml/schemas/v2_1/common">Pacific ACP countries</Name>
        </Code>
        <Code id="B9" urn="urn:sdmx:org.sdmx.infomodel.codelist.Code=ECB:CL_AREA_EE(1.0).B9">
          <Name xml:lang="en" xmlns="http://www.sdmx.org/resources/sdmxml/schemas/v2_1/common">Core Newly Industrializing Countries</Name>
        </Code>
        <Code id="BA" urn="urn:sdmx:org.sdmx.infomodel.codelist.Code=ECB:CL_AREA_EE(1.0).BA">
          <Name xml:lang="en" xmlns="http://www.sdmx.org/resources/sdmxml/schemas/v2_1/common">Bosnia and Herzegovina</Name>
        </Code>
        <Code id="BB" urn="urn:sdmx:org.sdmx.infomodel.codelist.Code=ECB:CL_AREA_EE(1.0).BB">
          <Name xml:lang="en" xmlns="http://www.sdmx.org/resources/sdmxml/schemas/v2_1/common">Barbados</Name>
        </Code>
        <Code id="BD" urn="urn:sdmx:org.sdmx.infomodel.codelist.Code=ECB:CL_AREA_EE(1.0).BD">
          <Name xml:lang="en" xmlns="http://www.sdmx.org/resources/sdmxml/schemas/v2_1/common">Bangladesh</Name>
        </Code>
        <Code id="BE" urn="urn:sdmx:org.sdmx.infomodel.codelist.Code=ECB:CL_AREA_EE(1.0).BE">
          <Name xml:lang="en" xmlns="http://www.sdmx.org/resources/sdmxml/schemas/v2_1/common">Belgium</Name>
        </Code>
        <Code id="BF" urn="urn:sdmx:org.sdmx.infomodel.codelist.Code=ECB:CL_AREA_EE(1.0).BF">
          <Name xml:lang="en" xmlns="http://www.sdmx.org/resources/sdmxml/schemas/v2_1/common">Burkina Faso</Name>
        </Code>
        <Code id="BG" urn="urn:sdmx:org.sdmx.infomodel.codelist.Code=ECB:CL_AREA_EE(1.0).BG">
          <Name xml:lang="en" xmlns="http://www.sdmx.org/resources/sdmxml/schemas/v2_1/common">Bulgaria</Name>
        </Code>
        <Code id="BH" urn="urn:sdmx:org.sdmx.infomodel.codelist.Code=ECB:CL_AREA_EE(1.0).BH">
          <Name xml:lang="en" xmlns="http://www.sdmx.org/resources/sdmxml/schemas/v2_1/common">Bahrain</Name>
        </Code>
        <Code id="BI" urn="urn:sdmx:org.sdmx.infomodel.codelist.Code=ECB:CL_AREA_EE(1.0).BI">
          <Name xml:lang="en" xmlns="http://www.sdmx.org/resources/sdmxml/schemas/v2_1/common">Burundi</Name>
        </Code>
        <Code id="BJ" urn="urn:sdmx:org.sdmx.infomodel.codelist.Code=ECB:CL_AREA_EE(1.0).BJ">
          <Name xml:lang="en" xmlns="http://www.sdmx.org/resources/sdmxml/schemas/v2_1/common">Benin</Name>
        </Code>
        <Code id="BM" urn="urn:sdmx:org.sdmx.infomodel.codelist.Code=ECB:CL_AREA_EE(1.0).BM">
          <Name xml:lang="en" xmlns="http://www.sdmx.org/resources/sdmxml/schemas/v2_1/common">Bermuda</Name>
        </Code>
        <Code id="BN" urn="urn:sdmx:org.sdmx.infomodel.codelist.Code=ECB:CL_AREA_EE(1.0).BN">
          <Name xml:lang="en" xmlns="http://www.sdmx.org/resources/sdmxml/schemas/v2_1/common">Brunei Darussalam</Name>
        </Code>
        <Code id="BO" urn="urn:sdmx:org.sdmx.infomodel.codelist.Code=ECB:CL_AREA_EE(1.0).BO">
          <Name xml:lang="en" xmlns="http://www.sdmx.org/resources/sdmxml/schemas/v2_1/common">Bolivia</Name>
        </Code>
        <Code id="BR" urn="urn:sdmx:org.sdmx.infomodel.codelist.Code=ECB:CL_AREA_EE(1.0).BR">
          <Name xml:lang="en" xmlns="http://www.sdmx.org/resources/sdmxml/schemas/v2_1/common">Brazil</Name>
        </Code>
        <Code id="BS" urn="urn:sdmx:org.sdmx.infomodel.codelist.Code=ECB:CL_AREA_EE(1.0).BS">
          <Name xml:lang="en" xmlns="http://www.sdmx.org/resources/sdmxml/schemas/v2_1/common">Bahamas</Name>
        </Code>
        <Code id="BT" urn="urn:sdmx:org.sdmx.infomodel.codelist.Code=ECB:CL_AREA_EE(1.0).BT">
          <Name xml:lang="en" xmlns="http://www.sdmx.org/resources/sdmxml/schemas/v2_1/common">Bhutan</Name>
        </Code>
        <Code id="BV" urn="urn:sdmx:org.sdmx.infomodel.codelist.Code=ECB:CL_AREA_EE(1.0).BV">
          <Name xml:lang="en" xmlns="http://www.sdmx.org/resources/sdmxml/schemas/v2_1/common">Bouvet Island</Name>
        </Code>
        <Code id="BW" urn="urn:sdmx:org.sdmx.infomodel.codelist.Code=ECB:CL_AREA_EE(1.0).BW">
          <Name xml:lang="en" xmlns="http://www.sdmx.org/resources/sdmxml/schemas/v2_1/common">Botswana</Name>
        </Code>
        <Code id="BY" urn="urn:sdmx:org.sdmx.infomodel.codelist.Code=ECB:CL_AREA_EE(1.0).BY">
          <Name xml:lang="en" xmlns="http://www.sdmx.org/resources/sdmxml/schemas/v2_1/common">Belarus</Name>
        </Code>
        <Code id="BZ" urn="urn:sdmx:org.sdmx.infomodel.codelist.Code=ECB:CL_AREA_EE(1.0).BZ">
          <Name xml:lang="en" xmlns="http://www.sdmx.org/resources/sdmxml/schemas/v2_1/common">Belize</Name>
        </Code>
        <Code id="C1" urn="urn:sdmx:org.sdmx.infomodel.codelist.Code=ECB:CL_AREA_EE(1.0).C1">
          <Name xml:lang="en" xmlns="http://www.sdmx.org/resources/sdmxml/schemas/v2_1/common">Asian NICs of the second wave of industrialization</Name>
        </Code>
        <Code id="C2" urn="urn:sdmx:org.sdmx.infomodel.codelist.Code=ECB:CL_AREA_EE(1.0).C2">
          <Name xml:lang="en" xmlns="http://www.sdmx.org/resources/sdmxml/schemas/v2_1/common">Latin American NICs of the second wave of industrialization</Name>
        </Code>
        <Code id="C3" urn="urn:sdmx:org.sdmx.infomodel.codelist.Code=ECB:CL_AREA_EE(1.0).C3">
          <Name xml:lang="en" xmlns="http://www.sdmx.org/resources/sdmxml/schemas/v2_1/common">Mediterranean Basin countries</Name>
        </Code>
        <Code id="C4" urn="urn:sdmx:org.sdmx.infomodel.codelist.Code=ECB:CL_AREA_EE(1.0).C4">
          <Name xml:lang="en" xmlns="http://www.sdmx.org/resources/sdmxml/schemas/v2_1/common">Offshore financial centers</Name>
        </Code>
        <Code id="C5" urn="urn:sdmx:org.sdmx.infomodel.codelist.Code=ECB:CL_AREA_EE(1.0).C5">
          <Name xml:lang="en" xmlns="http://www.sdmx.org/resources/sdmxml/schemas/v2_1/common">French Franc zone</Name>
        </Code>
        <Code id="C6" urn="urn:sdmx:org.sdmx.infomodel.codelist.Code=ECB:CL_AREA_EE(1.0).C6">
          <Name xml:lang="en" xmlns="http://www.sdmx.org/resources/sdmxml/schemas/v2_1/common">Community of Independant States</Name>
        </Code>
        <Code id="C7" urn="urn:sdmx:org.sdmx.infomodel.codelist.Code=ECB:CL_AREA_EE(1.0).C7">
          <Name xml:lang="en" xmlns="http://www.sdmx.org/resources/sdmxml/schemas/v2_1/common">Maghreb countries</Name>
        </Code>
        <Code id="C8" urn="urn:sdmx:org.sdmx.infomodel.codelist.Code=ECB:CL_AREA_EE(1.0).C8">
          <Name xml:lang="en" xmlns="http://www.sdmx.org/resources/sdmxml/schemas/v2_1/common">Mashrek Countries</Name>
        </Code>
        <Code id="C9" urn="urn:sdmx:org.sdmx.infomodel.codelist.Code=ECB:CL_AREA_EE(1.0).C9">
          <Name xml:lang="en" xmlns="http://www.sdmx.org/resources/sdmxml/schemas/v2_1/common">Mercado comun de los paises del cono sur</Name>
        </Code>
        <Code id="CA" urn="urn:sdmx:org.sdmx.infomodel.codelist.Code=ECB:CL_AREA_EE(1.0).CA">
          <Name xml:lang="en" xmlns="http://www.sdmx.org/resources/sdmxml/schemas/v2_1/common">Canada</Name>
        </Code>
        <Code id="CC" urn="urn:sdmx:org.sdmx.infomodel.codelist.Code=ECB:CL_AREA_EE(1.0).CC">
          <Name xml:lang="en" xmlns="http://www.sdmx.org/resources/sdmxml/schemas/v2_1/common">Cocos (Keeling) Islands</Name>
        </Code>
        <Code id="CD" urn="urn:sdmx:org.sdmx.infomodel.codelist.Code=ECB:CL_AREA_EE(1.0).CD">
          <Name xml:lang="en" xmlns="http://www.sdmx.org/resources/sdmxml/schemas/v2_1/common">Democratic Republic of the Congo</Name>
        </Code>
        <Code id="CF" urn="urn:sdmx:org.sdmx.infomodel.codelist.Code=ECB:CL_AREA_EE(1.0).CF">
          <Name xml:lang="en" xmlns="http://www.sdmx.org/resources/sdmxml/schemas/v2_1/common">Central African Republic</Name>
        </Code>
        <Code id="CG" urn="urn:sdmx:org.sdmx.infomodel.codelist.Code=ECB:CL_AREA_EE(1.0).CG">
          <Name xml:lang="en" xmlns="http://www.sdmx.org/resources/sdmxml/schemas/v2_1/common">Congo</Name>
        </Code>
        <Code id="CH" urn="urn:sdmx:org.sdmx.infomodel.codelist.Code=ECB:CL_AREA_EE(1.0).CH">
          <Name xml:lang="en" xmlns="http://www.sdmx.org/resources/sdmxml/schemas/v2_1/common">Switzerland</Name>
        </Code>
        <Code id="CI" urn="urn:sdmx:org.sdmx.infomodel.codelist.Code=ECB:CL_AREA_EE(1.0).CI">
          <Name xml:lang="en" xmlns="http://www.sdmx.org/resources/sdmxml/schemas/v2_1/common">Côte d`Ivoire</Name>
        </Code>
        <Code id="CK" urn="urn:sdmx:org.sdmx.infomodel.codelist.Code=ECB:CL_AREA_EE(1.0).CK">
          <Name xml:lang="en" xmlns="http://www.sdmx.org/resources/sdmxml/schemas/v2_1/common">Cook Islands</Name>
        </Code>
        <Code id="CL" urn="urn:sdmx:org.sdmx.infomodel.codelist.Code=ECB:CL_AREA_EE(1.0).CL">
          <Name xml:lang="en" xmlns="http://www.sdmx.org/resources/sdmxml/schemas/v2_1/common">Chile</Name>
        </Code>
        <Code id="CM" urn="urn:sdmx:org.sdmx.infomodel.codelist.Code=ECB:CL_AREA_EE(1.0).CM">
          <Name xml:lang="en" xmlns="http://www.sdmx.org/resources/sdmxml/schemas/v2_1/common">Cameroon</Name>
        </Code>
        <Code id="CN" urn="urn:sdmx:org.sdmx.infomodel.codelist.Code=ECB:CL_AREA_EE(1.0).CN">
          <Name xml:lang="en" xmlns="http://www.sdmx.org/resources/sdmxml/schemas/v2_1/common">China</Name>
        </Code>
        <Code id="CO" urn="urn:sdmx:org.sdmx.infomodel.codelist.Code=ECB:CL_AREA_EE(1.0).CO">
          <Name xml:lang="en" xmlns="http://www.sdmx.org/resources/sdmxml/schemas/v2_1/common">Colombia</Name>
        </Code>
        <Code id="CR" urn="urn:sdmx:org.sdmx.infomodel.codelist.Code=ECB:CL_AREA_EE(1.0).CR">
          <Name xml:lang="en" xmlns="http://www.sdmx.org/resources/sdmxml/schemas/v2_1/common">Costa Rica</Name>
        </Code>
        <Code id="CS" urn="urn:sdmx:org.sdmx.infomodel.codelist.Code=ECB:CL_AREA_EE(1.0).CS">
          <Name xml:lang="en" xmlns="http://www.sdmx.org/resources/sdmxml/schemas/v2_1/common">Serbia and Montenegro</Name>
        </Code>
        <Code id="CU" urn="urn:sdmx:org.sdmx.infomodel.codelist.Code=ECB:CL_AREA_EE(1.0).CU">
          <Name xml:lang="en" xmlns="http://www.sdmx.org/resources/sdmxml/schemas/v2_1/common">Cuba</Name>
        </Code>
        <Code id="CV" urn="urn:sdmx:org.sdmx.infomodel.codelist.Code=ECB:CL_AREA_EE(1.0).CV">
          <Name xml:lang="en" xmlns="http://www.sdmx.org/resources/sdmxml/schemas/v2_1/common">Cape Verde</Name>
        </Code>
        <Code id="CX" urn="urn:sdmx:org.sdmx.infomodel.codelist.Code=ECB:CL_AREA_EE(1.0).CX">
          <Name xml:lang="en" xmlns="http://www.sdmx.org/resources/sdmxml/schemas/v2_1/common">Christmas Island</Name>
        </Code>
        <Code id="CY" urn="urn:sdmx:org.sdmx.infomodel.codelist.Code=ECB:CL_AREA_EE(1.0).CY">
          <Name xml:lang="en" xmlns="http://www.sdmx.org/resources/sdmxml/schemas/v2_1/common">Cyprus</Name>
        </Code>
        <Code id="CZ" urn="urn:sdmx:org.sdmx.infomodel.codelist.Code=ECB:CL_AREA_EE(1.0).CZ">
          <Name xml:lang="en" xmlns="http://www.sdmx.org/resources/sdmxml/schemas/v2_1/common">Czech Republic</Name>
        </Code>
        <Code id="D0" urn="urn:sdmx:org.sdmx.infomodel.codelist.Code=ECB:CL_AREA_EE(1.0).D0">
          <Name xml:lang="en" xmlns="http://www.sdmx.org/resources/sdmxml/schemas/v2_1/common">EU (changing composition)</Name>
        </Code>
        <Code id="D1" urn="urn:sdmx:org.sdmx.infomodel.codelist.Code=ECB:CL_AREA_EE(1.0).D1">
          <Name xml:lang="en" xmlns="http://www.sdmx.org/resources/sdmxml/schemas/v2_1/common">Asia-Pacific Economic Co-operation</Name>
        </Code>
        <Code id="D2" urn="urn:sdmx:org.sdmx.infomodel.codelist.Code=ECB:CL_AREA_EE(1.0).D2">
          <Name xml:lang="en" xmlns="http://www.sdmx.org/resources/sdmxml/schemas/v2_1/common">EU 15 (fixed composition)</Name>
        </Code>
        <Code id="D3" urn="urn:sdmx:org.sdmx.infomodel.codelist.Code=ECB:CL_AREA_EE(1.0).D3">
          <Name xml:lang="en" xmlns="http://www.sdmx.org/resources/sdmxml/schemas/v2_1/common">EU 25 (fixed composition)</Name>
        </Code>
        <Code id="D4" urn="urn:sdmx:org.sdmx.infomodel.codelist.Code=ECB:CL_AREA_EE(1.0).D4">
          <Name xml:lang="en" xmlns="http://www.sdmx.org/resources/sdmxml/schemas/v2_1/common">Extra-EU 15 (fixed composition)</Name>
        </Code>
        <Code id="D5" urn="urn:sdmx:org.sdmx.infomodel.codelist.Code=ECB:CL_AREA_EE(1.0).D5">
          <Name xml:lang="en" xmlns="http://www.sdmx.org/resources/sdmxml/schemas/v2_1/common">Extra-EU 25 (fixed composition)</Name>
        </Code>
        <Code id="D6" urn="urn:sdmx:org.sdmx.infomodel.codelist.Code=ECB:CL_AREA_EE(1.0).D6">
          <Name xml:lang="en" xmlns="http://www.sdmx.org/resources/sdmxml/schemas/v2_1/common">Candidate Countries (CCs)</Name>
        </Code>
        <Code id="D7" urn="urn:sdmx:org.sdmx.infomodel.codelist.Code=ECB:CL_AREA_EE(1.0).D7">
          <Name xml:lang="en" xmlns="http://www.sdmx.org/resources/sdmxml/schemas/v2_1/common">Mediterranean countries in the Euro-Mediterranean Partnership</Name>
        </Code>
        <Code id="D8" urn="urn:sdmx:org.sdmx.infomodel.codelist.Code=ECB:CL_AREA_EE(1.0).D8">
          <Name xml:lang="en" xmlns="http://www.sdmx.org/resources/sdmxml/schemas/v2_1/common">New EU Member States 2004 (CY,CZ,EE,HU,LV,LT,MT,PL,SK,SI)</Name>
        </Code>
        <Code id="D9" urn="urn:sdmx:org.sdmx.infomodel.codelist.Code=ECB:CL_AREA_EE(1.0).D9">
          <Name xml:lang="en" xmlns="http://www.sdmx.org/resources/sdmxml/schemas/v2_1/common">Extra-EU (changing composition)</Name>
        </Code>
        <Code id="DE" urn="urn:sdmx:org.sdmx.infomodel.codelist.Code=ECB:CL_AREA_EE(1.0).DE">
          <Name xml:lang="en" xmlns="http://www.sdmx.org/resources/sdmxml/schemas/v2_1/common">Germany</Name>
        </Code>
        <Code id="DJ" urn="urn:sdmx:org.sdmx.infomodel.codelist.Code=ECB:CL_AREA_EE(1.0).DJ">
          <Name xml:lang="en" xmlns="http://www.sdmx.org/resources/sdmxml/schemas/v2_1/common">Djibouti</Name>
        </Code>
        <Code id="DK" urn="urn:sdmx:org.sdmx.infomodel.codelist.Code=ECB:CL_AREA_EE(1.0).DK">
          <Name xml:lang="en" xmlns="http://www.sdmx.org/resources/sdmxml/schemas/v2_1/common">Denmark</Name>
        </Code>
        <Code id="DM" urn="urn:sdmx:org.sdmx.infomodel.codelist.Code=ECB:CL_AREA_EE(1.0).DM">
          <Name xml:lang="en" xmlns="http://www.sdmx.org/resources/sdmxml/schemas/v2_1/common">Dominica</Name>
        </Code>
        <Code id="DO" urn="urn:sdmx:org.sdmx.infomodel.codelist.Code=ECB:CL_AREA_EE(1.0).DO">
          <Name xml:lang="en" xmlns="http://www.sdmx.org/resources/sdmxml/schemas/v2_1/common">Dominican Republic</Name>
        </Code>
        <Code id="DZ" urn="urn:sdmx:org.sdmx.infomodel.codelist.Code=ECB:CL_AREA_EE(1.0).DZ">
          <Name xml:lang="en" xmlns="http://www.sdmx.org/resources/sdmxml/schemas/v2_1/common">Algeria</Name>
        </Code>
        <Code id="E1" urn="urn:sdmx:org.sdmx.infomodel.codelist.Code=ECB:CL_AREA_EE(1.0).E1">
          <Name xml:lang="en" xmlns="http://www.sdmx.org/resources/sdmxml/schemas/v2_1/common">Europe</Name>
        </Code>
        <Code id="E2" urn="urn:sdmx:org.sdmx.infomodel.codelist.Code=ECB:CL_AREA_EE(1.0).E2">
          <Name xml:lang="en" xmlns="http://www.sdmx.org/resources/sdmxml/schemas/v2_1/common">Other European countries (not EU nor EFTA)</Name>
        </Code>
        <Code id="E3" urn="urn:sdmx:org.sdmx.infomodel.codelist.Code=ECB:CL_AREA_EE(1.0).E3">
          <Name xml:lang="en" xmlns="http://www.sdmx.org/resources/sdmxml/schemas/v2_1/common">Baltic countries</Name>
        </Code>
        <Code id="E4" urn="urn:sdmx:org.sdmx.infomodel.codelist.Code=ECB:CL_AREA_EE(1.0).E4">
          <Name xml:lang="en" xmlns="http://www.sdmx.org/resources/sdmxml/schemas/v2_1/common">Africa</Name>
        </Code>
        <Code id="E5" urn="urn:sdmx:org.sdmx.infomodel.codelist.Code=ECB:CL_AREA_EE(1.0).E5">
          <Name xml:lang="en" xmlns="http://www.sdmx.org/resources/sdmxml/schemas/v2_1/common">North Africa countries</Name>
        </Code>
        <Code id="E6" urn="urn:sdmx:org.sdmx.infomodel.codelist.Code=ECB:CL_AREA_EE(1.0).E6">
          <Name xml:lang="en" xmlns="http://www.sdmx.org/resources/sdmxml/schemas/v2_1/common">Central and South Africa countries</Name>
        </Code>
        <Code id="E7" urn="urn:sdmx:org.sdmx.infomodel.codelist.Code=ECB:CL_AREA_EE(1.0).E7">
          <Name xml:lang="en" xmlns="http://www.sdmx.org/resources/sdmxml/schemas/v2_1/common">America</Name>
        </Code>
        <Code id="E8" urn="urn:sdmx:org.sdmx.infomodel.codelist.Code=ECB:CL_AREA_EE(1.0).E8">
          <Name xml:lang="en" xmlns="http://www.sdmx.org/resources/sdmxml/schemas/v2_1/common">North American countries</Name>
        </Code>
        <Code id="E9" urn="urn:sdmx:org.sdmx.infomodel.codelist.Code=ECB:CL_AREA_EE(1.0).E9">
          <Name xml:lang="en" xmlns="http://www.sdmx.org/resources/sdmxml/schemas/v2_1/common">Central American countries</Name>
        </Code>
        <Code id="EC" urn="urn:sdmx:org.sdmx.infomodel.codelist.Code=ECB:CL_AREA_EE(1.0).EC">
          <Name xml:lang="en" xmlns="http://www.sdmx.org/resources/sdmxml/schemas/v2_1/common">Ecuador</Name>
        </Code>
        <Code id="EE" urn="urn:sdmx:org.sdmx.infomodel.codelist.Code=ECB:CL_AREA_EE(1.0).EE">
          <Name xml:lang="en" xmlns="http://www.sdmx.org/resources/sdmxml/schemas/v2_1/common">Estonia</Name>
        </Code>
        <Code id="EG" urn="urn:sdmx:org.sdmx.infomodel.codelist.Code=ECB:CL_AREA_EE(1.0).EG">
          <Name xml:lang="en" xmlns="http://www.sdmx.org/resources/sdmxml/schemas/v2_1/common">Egypt</Name>
        </Code>
        <Code id="EH" urn="urn:sdmx:org.sdmx.infomodel.codelist.Code=ECB:CL_AREA_EE(1.0).EH">
          <Name xml:lang="en" xmlns="http://www.sdmx.org/resources/sdmxml/schemas/v2_1/common">Western Sahara</Name>
        </Code>
        <Code id="ER" urn="urn:sdmx:org.sdmx.infomodel.codelist.Code=ECB:CL_AREA_EE(1.0).ER">
          <Name xml:lang="en" xmlns="http://www.sdmx.org/resources/sdmxml/schemas/v2_1/common">Eritrea</Name>
        </Code>
        <Code id="ES" urn="urn:sdmx:org.sdmx.infomodel.codelist.Code=ECB:CL_AREA_EE(1.0).ES">
          <Name xml:lang="en" xmlns="http://www.sdmx.org/resources/sdmxml/schemas/v2_1/common">Spain</Name>
        </Code>
        <Code id="ET" urn="urn:sdmx:org.sdmx.infomodel.codelist.Code=ECB:CL_AREA_EE(1.0).ET">
          <Name xml:lang="en" xmlns="http://www.sdmx.org/resources/sdmxml/schemas/v2_1/common">Ethiopia</Name>
        </Code>
        <Code id="F1" urn="urn:sdmx:org.sdmx.infomodel.codelist.Code=ECB:CL_AREA_EE(1.0).F1">
          <Name xml:lang="en" xmlns="http://www.sdmx.org/resources/sdmxml/schemas/v2_1/common">South American countries</Name>
        </Code>
        <Code id="F2" urn="urn:sdmx:org.sdmx.infomodel.codelist.Code=ECB:CL_AREA_EE(1.0).F2">
          <Name xml:lang="en" xmlns="http://www.sdmx.org/resources/sdmxml/schemas/v2_1/common">Asia</Name>
        </Code>
        <Code id="F3" urn="urn:sdmx:org.sdmx.infomodel.codelist.Code=ECB:CL_AREA_EE(1.0).F3">
          <Name xml:lang="en" xmlns="http://www.sdmx.org/resources/sdmxml/schemas/v2_1/common">Near and Middle East countries</Name>
        </Code>
        <Code id="F4" urn="urn:sdmx:org.sdmx.infomodel.codelist.Code=ECB:CL_AREA_EE(1.0).F4">
          <Name xml:lang="en" xmlns="http://www.sdmx.org/resources/sdmxml/schemas/v2_1/common">Gulf Arabian Countries</Name>
        </Code>
        <Code id="F5" urn="urn:sdmx:org.sdmx.infomodel.codelist.Code=ECB:CL_AREA_EE(1.0).F5">
          <Name xml:lang="en" xmlns="http://www.sdmx.org/resources/sdmxml/schemas/v2_1/common">Other Near and Middle East countries</Name>
        </Code>
        <Code id="F6" urn="urn:sdmx:org.sdmx.infomodel.codelist.Code=ECB:CL_AREA_EE(1.0).F6">
          <Name xml:lang="en" xmlns="http://www.sdmx.org/resources/sdmxml/schemas/v2_1/common">Other Asian countries</Name>
        </Code>
        <Code id="F7" urn="urn:sdmx:org.sdmx.infomodel.codelist.Code=ECB:CL_AREA_EE(1.0).F7">
          <Name xml:lang="en" xmlns="http://www.sdmx.org/resources/sdmxml/schemas/v2_1/common">Australia, Oceania and other territories</Name>
        </Code>
        <Code id="F8" urn="urn:sdmx:org.sdmx.infomodel.codelist.Code=ECB:CL_AREA_EE(1.0).F8">
          <Name xml:lang="en" xmlns="http://www.sdmx.org/resources/sdmxml/schemas/v2_1/common">Australian Oceania</Name>
        </Code>
        <Code id="F9" urn="urn:sdmx:org.sdmx.infomodel.codelist.Code=ECB:CL_AREA_EE(1.0).F9">
          <Name xml:lang="en" xmlns="http://www.sdmx.org/resources/sdmxml/schemas/v2_1/common">American Oceania</Name>
        </Code>
        <Code id="FI" urn="urn:sdmx:org.sdmx.infomodel.codelist.Code=ECB:CL_AREA_EE(1.0).FI">
          <Name xml:lang="en" xmlns="http://www.sdmx.org/resources/sdmxml/schemas/v2_1/common">Finland</Name>
        </Code>
        <Code id="FJ" urn="urn:sdmx:org.sdmx.infomodel.codelist.Code=ECB:CL_AREA_EE(1.0).FJ">
          <Name xml:lang="en" xmlns="http://www.sdmx.org/resources/sdmxml/schemas/v2_1/common">Fiji</Name>
        </Code>
        <Code id="FK" urn="urn:sdmx:org.sdmx.infomodel.codelist.Code=ECB:CL_AREA_EE(1.0).FK">
          <Name xml:lang="en" xmlns="http://www.sdmx.org/resources/sdmxml/schemas/v2_1/common">Falkland Islands (Malvinas)</Name>
        </Code>
        <Code id="FM" urn="urn:sdmx:org.sdmx.infomodel.codelist.Code=ECB:CL_AREA_EE(1.0).FM">
          <Name xml:lang="en" xmlns="http://www.sdmx.org/resources/sdmxml/schemas/v2_1/common">Micronesia, Federated States of</Name>
        </Code>
        <Code id="FO" urn="urn:sdmx:org.sdmx.infomodel.codelist.Code=ECB:CL_AREA_EE(1.0).FO">
          <Name xml:lang="en" xmlns="http://www.sdmx.org/resources/sdmxml/schemas/v2_1/common">Faroe Islands</Name>
        </Code>
        <Code id="FR" urn="urn:sdmx:org.sdmx.infomodel.codelist.Code=ECB:CL_AREA_EE(1.0).FR">
          <Name xml:lang="en" xmlns="http://www.sdmx.org/resources/sdmxml/schemas/v2_1/common">France</Name>
        </Code>
        <Code id="G1" urn="urn:sdmx:org.sdmx.infomodel.codelist.Code=ECB:CL_AREA_EE(1.0).G1">
          <Name xml:lang="en" xmlns="http://www.sdmx.org/resources/sdmxml/schemas/v2_1/common">New Zealand Oceania</Name>
        </Code>
        <Code id="G2" urn="urn:sdmx:org.sdmx.infomodel.codelist.Code=ECB:CL_AREA_EE(1.0).G2">
          <Name xml:lang="en" xmlns="http://www.sdmx.org/resources/sdmxml/schemas/v2_1/common">Polar regions</Name>
        </Code>
        <Code id="GA" urn="urn:sdmx:org.sdmx.infomodel.codelist.Code=ECB:CL_AREA_EE(1.0).GA">
          <Name xml:lang="en" xmlns="http://www.sdmx.org/resources/sdmxml/schemas/v2_1/common">Gabon</Name>
        </Code>
        <Code id="GB" urn="urn:sdmx:org.sdmx.infomodel.codelist.Code=ECB:CL_AREA_EE(1.0).GB">
          <Name xml:lang="en" xmlns="http://www.sdmx.org/resources/sdmxml/schemas/v2_1/common">United Kingdom</Name>
        </Code>
        <Code id="GD" urn="urn:sdmx:org.sdmx.infomodel.codelist.Code=ECB:CL_AREA_EE(1.0).GD">
          <Name xml:lang="en" xmlns="http://www.sdmx.org/resources/sdmxml/schemas/v2_1/common">Grenada</Name>
        </Code>
        <Code id="GE" urn="urn:sdmx:org.sdmx.infomodel.codelist.Code=ECB:CL_AREA_EE(1.0).GE">
          <Name xml:lang="en" xmlns="http://www.sdmx.org/resources/sdmxml/schemas/v2_1/common">Georgia</Name>
        </Code>
        <Code id="GF" urn="urn:sdmx:org.sdmx.infomodel.codelist.Code=ECB:CL_AREA_EE(1.0).GF">
          <Name xml:lang="en" xmlns="http://www.sdmx.org/resources/sdmxml/schemas/v2_1/common">French Guiana</Name>
        </Code>
        <Code id="GG" urn="urn:sdmx:org.sdmx.infomodel.codelist.Code=ECB:CL_AREA_EE(1.0).GG">
          <Name xml:lang="en" xmlns="http://www.sdmx.org/resources/sdmxml/schemas/v2_1/common">Guernsey (No official ISO 3166-1 country code, exceptionnally reserved  code elements)</Name>
        </Code>
        <Code id="GH" urn="urn:sdmx:org.sdmx.infomodel.codelist.Code=ECB:CL_AREA_EE(1.0).GH">
          <Name xml:lang="en" xmlns="http://www.sdmx.org/resources/sdmxml/schemas/v2_1/common">Ghana</Name>
        </Code>
        <Code id="GI" urn="urn:sdmx:org.sdmx.infomodel.codelist.Code=ECB:CL_AREA_EE(1.0).GI">
          <Name xml:lang="en" xmlns="http://www.sdmx.org/resources/sdmxml/schemas/v2_1/common">Gibraltar</Name>
        </Code>
        <Code id="GL" urn="urn:sdmx:org.sdmx.infomodel.codelist.Code=ECB:CL_AREA_EE(1.0).GL">
          <Name xml:lang="en" xmlns="http://www.sdmx.org/resources/sdmxml/schemas/v2_1/common">Greenland</Name>
        </Code>
        <Code id="GM" urn="urn:sdmx:org.sdmx.infomodel.codelist.Code=ECB:CL_AREA_EE(1.0).GM">
          <Name xml:lang="en" xmlns="http://www.sdmx.org/resources/sdmxml/schemas/v2_1/common">Gambia</Name>
        </Code>
        <Code id="GN" urn="urn:sdmx:org.sdmx.infomodel.codelist.Code=ECB:CL_AREA_EE(1.0).GN">
          <Name xml:lang="en" xmlns="http://www.sdmx.org/resources/sdmxml/schemas/v2_1/common">Guinea</Name>
        </Code>
        <Code id="GP" urn="urn:sdmx:org.sdmx.infomodel.codelist.Code=ECB:CL_AREA_EE(1.0).GP">
          <Name xml:lang="en" xmlns="http://www.sdmx.org/resources/sdmxml/schemas/v2_1/common">Guadeloupe</Name>
        </Code>
        <Code id="GQ" urn="urn:sdmx:org.sdmx.infomodel.codelist.Code=ECB:CL_AREA_EE(1.0).GQ">
          <Name xml:lang="en" xmlns="http://www.sdmx.org/resources/sdmxml/schemas/v2_1/common">Equatorial Guinea</Name>
        </Code>
        <Code id="GR" urn="urn:sdmx:org.sdmx.infomodel.codelist.Code=ECB:CL_AREA_EE(1.0).GR">
          <Name xml:lang="en" xmlns="http://www.sdmx.org/resources/sdmxml/schemas/v2_1/common">Greece</Name>
        </Code>
        <Code id="GS" urn="urn:sdmx:org.sdmx.infomodel.codelist.Code=ECB:CL_AREA_EE(1.0).GS">
          <Name xml:lang="en" xmlns="http://www.sdmx.org/resources/sdmxml/schemas/v2_1/common">South Georgia and the South Sandwich Islands</Name>
        </Code>
        <Code id="GT" urn="urn:sdmx:org.sdmx.infomodel.codelist.Code=ECB:CL_AREA_EE(1.0).GT">
          <Name xml:lang="en" xmlns="http://www.sdmx.org/resources/sdmxml/schemas/v2_1/common">Guatemala</Name>
        </Code>
        <Code id="GU" urn="urn:sdmx:org.sdmx.infomodel.codelist.Code=ECB:CL_AREA_EE(1.0).GU">
          <Name xml:lang="en" xmlns="http://www.sdmx.org/resources/sdmxml/schemas/v2_1/common">Guam</Name>
        </Code>
        <Code id="GW" urn="urn:sdmx:org.sdmx.infomodel.codelist.Code=ECB:CL_AREA_EE(1.0).GW">
          <Name xml:lang="en" xmlns="http://www.sdmx.org/resources/sdmxml/schemas/v2_1/common">Guinea-Bissau</Name>
        </Code>
        <Code id="GY" urn="urn:sdmx:org.sdmx.infomodel.codelist.Code=ECB:CL_AREA_EE(1.0).GY">
          <Name xml:lang="en" xmlns="http://www.sdmx.org/resources/sdmxml/schemas/v2_1/common">Guyana</Name>
        </Code>
        <Code id="H0" urn="urn:sdmx:org.sdmx.infomodel.codelist.Code=ECB:CL_AREA_EE(1.0).H0">
          <Name xml:lang="en" xmlns="http://www.sdmx.org/resources/sdmxml/schemas/v2_1/common">EEA except the euro area and reference area</Name>
        </Code>
        <Code id="HK" urn="urn:sdmx:org.sdmx.infomodel.codelist.Code=ECB:CL_AREA_EE(1.0).HK">
          <Name xml:lang="en" xmlns="http://www.sdmx.org/resources/sdmxml/schemas/v2_1/common">Hong Kong</Name>
        </Code>
        <Code id="HM" urn="urn:sdmx:org.sdmx.infomodel.codelist.Code=ECB:CL_AREA_EE(1.0).HM">
          <Name xml:lang="en" xmlns="http://www.sdmx.org/resources/sdmxml/schemas/v2_1/common">Heard Island and McDonald Islands</Name>
        </Code>
        <Code id="HN" urn="urn:sdmx:org.sdmx.infomodel.codelist.Code=ECB:CL_AREA_EE(1.0).HN">
          <Name xml:lang="en" xmlns="http://www.sdmx.org/resources/sdmxml/schemas/v2_1/common">Honduras</Name>
        </Code>
        <Code id="HR" urn="urn:sdmx:org.sdmx.infomodel.codelist.Code=ECB:CL_AREA_EE(1.0).HR">
          <Name xml:lang="en" xmlns="http://www.sdmx.org/resources/sdmxml/schemas/v2_1/common">Croatia</Name>
        </Code>
        <Code id="HT" urn="urn:sdmx:org.sdmx.infomodel.codelist.Code=ECB:CL_AREA_EE(1.0).HT">
          <Name xml:lang="en" xmlns="http://www.sdmx.org/resources/sdmxml/schemas/v2_1/common">Haiti</Name>
        </Code>
        <Code id="HU" urn="urn:sdmx:org.sdmx.infomodel.codelist.Code=ECB:CL_AREA_EE(1.0).HU">
          <Name xml:lang="en" xmlns="http://www.sdmx.org/resources/sdmxml/schemas/v2_1/common">Hungary</Name>
        </Code>
        <Code id="I1" urn="urn:sdmx:org.sdmx.infomodel.codelist.Code=ECB:CL_AREA_EE(1.0).I1">
          <Name xml:lang="en" xmlns="http://www.sdmx.org/resources/sdmxml/schemas/v2_1/common">Euro area 11 (fixed composition)</Name>
        </Code>
        <Code id="I2" urn="urn:sdmx:org.sdmx.infomodel.codelist.Code=ECB:CL_AREA_EE(1.0).I2">
          <Name xml:lang="en" xmlns="http://www.sdmx.org/resources/sdmxml/schemas/v2_1/common">Euro area 12 (fixed composition)</Name>
        </Code>
        <Code id="I3" urn="urn:sdmx:org.sdmx.infomodel.codelist.Code=ECB:CL_AREA_EE(1.0).I3">
          <Name xml:lang="en" xmlns="http://www.sdmx.org/resources/sdmxml/schemas/v2_1/common">Euro area 13 (fixed composition)</Name>
        </Code>
        <Code id="I4" urn="urn:sdmx:org.sdmx.infomodel.codelist.Code=ECB:CL_AREA_EE(1.0).I4">
          <Name xml:lang="en" xmlns="http://www.sdmx.org/resources/sdmxml/schemas/v2_1/common">Euro area 15 (fixed composition)</Name>
        </Code>
        <Code id="ID" urn="urn:sdmx:org.sdmx.infomodel.codelist.Code=ECB:CL_AREA_EE(1.0).ID">
          <Name xml:lang="en" xmlns="http://www.sdmx.org/resources/sdmxml/schemas/v2_1/common">Indonesia</Name>
        </Code>
        <Code id="IE" urn="urn:sdmx:org.sdmx.infomodel.codelist.Code=ECB:CL_AREA_EE(1.0).IE">
          <Name xml:lang="en" xmlns="http://www.sdmx.org/resources/sdmxml/schemas/v2_1/common">Ireland</Name>
        </Code>
        <Code id="IL" urn="urn:sdmx:org.sdmx.infomodel.codelist.Code=ECB:CL_AREA_EE(1.0).IL">
          <Name xml:lang="en" xmlns="http://www.sdmx.org/resources/sdmxml/schemas/v2_1/common">Israel</Name>
        </Code>
        <Code id="IM" urn="urn:sdmx:org.sdmx.infomodel.codelist.Code=ECB:CL_AREA_EE(1.0).IM">
          <Name xml:lang="en" xmlns="http://www.sdmx.org/resources/sdmxml/schemas/v2_1/common">Isle of Man</Name>
        </Code>
        <Code id="IN" urn="urn:sdmx:org.sdmx.infomodel.codelist.Code=ECB:CL_AREA_EE(1.0).IN">
          <Name xml:lang="en" xmlns="http://www.sdmx.org/resources/sdmxml/schemas/v2_1/common">India</Name>
        </Code>
        <Code id="IO" urn="urn:sdmx:org.sdmx.infomodel.codelist.Code=ECB:CL_AREA_EE(1.0).IO">
          <Name xml:lang="en" xmlns="http://www.sdmx.org/resources/sdmxml/schemas/v2_1/common">British Indian Ocean territory</Name>
        </Code>
        <Code id="IQ" urn="urn:sdmx:org.sdmx.infomodel.codelist.Code=ECB:CL_AREA_EE(1.0).IQ">
          <Name xml:lang="en" xmlns="http://www.sdmx.org/resources/sdmxml/schemas/v2_1/common">Iraq</Name>
        </Code>
        <Code id="IR" urn="urn:sdmx:org.sdmx.infomodel.codelist.Code=ECB:CL_AREA_EE(1.0).IR">
          <Name xml:lang="en" xmlns="http://www.sdmx.org/resources/sdmxml/schemas/v2_1/common">Iran, Islamic Republic of</Name>
        </Code>
        <Code id="IS" urn="urn:sdmx:org.sdmx.infomodel.codelist.Code=ECB:CL_AREA_EE(1.0).IS">
          <Name xml:lang="en" xmlns="http://www.sdmx.org/resources/sdmxml/schemas/v2_1/common">Iceland</Name>
        </Code>
        <Code id="IT" urn="urn:sdmx:org.sdmx.infomodel.codelist.Code=ECB:CL_AREA_EE(1.0).IT">
          <Name xml:lang="en" xmlns="http://www.sdmx.org/resources/sdmxml/schemas/v2_1/common">Italy</Name>
        </Code>
        <Code id="J1" urn="urn:sdmx:org.sdmx.infomodel.codelist.Code=ECB:CL_AREA_EE(1.0).J1">
          <Name xml:lang="en" xmlns="http://www.sdmx.org/resources/sdmxml/schemas/v2_1/common">Extra-Euro area 11 (fixed composition)</Name>
        </Code>
        <Code id="J2" urn="urn:sdmx:org.sdmx.infomodel.codelist.Code=ECB:CL_AREA_EE(1.0).J2">
          <Name xml:lang="en" xmlns="http://www.sdmx.org/resources/sdmxml/schemas/v2_1/common">Extra-Euro area 12 (fixed composition)</Name>
        </Code>
        <Code id="J3" urn="urn:sdmx:org.sdmx.infomodel.codelist.Code=ECB:CL_AREA_EE(1.0).J3">
          <Name xml:lang="en" xmlns="http://www.sdmx.org/resources/sdmxml/schemas/v2_1/common">Extra-Euro area 13 (fixed composition)</Name>
        </Code>
        <Code id="J4" urn="urn:sdmx:org.sdmx.infomodel.codelist.Code=ECB:CL_AREA_EE(1.0).J4">
          <Name xml:lang="en" xmlns="http://www.sdmx.org/resources/sdmxml/schemas/v2_1/common">Extra-Euro area 15 (fixed composition)</Name>
        </Code>
        <Code id="JE" urn="urn:sdmx:org.sdmx.infomodel.codelist.Code=ECB:CL_AREA_EE(1.0).JE">
          <Name xml:lang="en" xmlns="http://www.sdmx.org/resources/sdmxml/schemas/v2_1/common">Jersey (No official ISO 3166-1 country code, exceptionnally reserved c ode elements)</Name>
        </Code>
        <Code id="JM" urn="urn:sdmx:org.sdmx.infomodel.codelist.Code=ECB:CL_AREA_EE(1.0).JM">
          <Name xml:lang="en" xmlns="http://www.sdmx.org/resources/sdmxml/schemas/v2_1/common">Jamaica</Name>
        </Code>
        <Code id="JO" urn="urn:sdmx:org.sdmx.infomodel.codelist.Code=ECB:CL_AREA_EE(1.0).JO">
          <Name xml:lang="en" xmlns="http://www.sdmx.org/resources/sdmxml/schemas/v2_1/common">Jordan</Name>
        </Code>
        <Code id="JP" urn="urn:sdmx:org.sdmx.infomodel.codelist.Code=ECB:CL_AREA_EE(1.0).JP">
          <Name xml:lang="en" xmlns="http://www.sdmx.org/resources/sdmxml/schemas/v2_1/common">Japan</Name>
        </Code>
        <Code id="K1" urn="urn:sdmx:org.sdmx.infomodel.codelist.Code=ECB:CL_AREA_EE(1.0).K1">
          <Name xml:lang="en" xmlns="http://www.sdmx.org/resources/sdmxml/schemas/v2_1/common">EU member states not belonging to Euro area 11 (fixed composition)</Name>
        </Code>
        <Code id="K2" urn="urn:sdmx:org.sdmx.infomodel.codelist.Code=ECB:CL_AREA_EE(1.0).K2">
          <Name xml:lang="en" xmlns="http://www.sdmx.org/resources/sdmxml/schemas/v2_1/common">EU member states not belonging to Euro area 12 (fixed composition)</Name>
        </Code>
        <Code id="K3" urn="urn:sdmx:org.sdmx.infomodel.codelist.Code=ECB:CL_AREA_EE(1.0).K3">
          <Name xml:lang="en" xmlns="http://www.sdmx.org/resources/sdmxml/schemas/v2_1/common">EU member states not belonging to Euro area 13 (fixed composition)</Name>
        </Code>
        <Code id="K4" urn="urn:sdmx:org.sdmx.infomodel.codelist.Code=ECB:CL_AREA_EE(1.0).K4">
          <Name xml:lang="en" xmlns="http://www.sdmx.org/resources/sdmxml/schemas/v2_1/common">EU member states not belonging to Euro area 15 (fixed composition)</Name>
        </Code>
        <Code id="KE" urn="urn:sdmx:org.sdmx.infomodel.codelist.Code=ECB:CL_AREA_EE(1.0).KE">
          <Name xml:lang="en" xmlns="http://www.sdmx.org/resources/sdmxml/schemas/v2_1/common">Kenya</Name>
        </Code>
        <Code id="KG" urn="urn:sdmx:org.sdmx.infomodel.codelist.Code=ECB:CL_AREA_EE(1.0).KG">
          <Name xml:lang="en" xmlns="http://www.sdmx.org/resources/sdmxml/schemas/v2_1/common">Kyrgyzstan</Name>
        </Code>
        <Code id="KH" urn="urn:sdmx:org.sdmx.infomodel.codelist.Code=ECB:CL_AREA_EE(1.0).KH">
          <Name xml:lang="en" xmlns="http://www.sdmx.org/resources/sdmxml/schemas/v2_1/common">Cambodia</Name>
        </Code>
        <Code id="KI" urn="urn:sdmx:org.sdmx.infomodel.codelist.Code=ECB:CL_AREA_EE(1.0).KI">
          <Name xml:lang="en" xmlns="http://www.sdmx.org/resources/sdmxml/schemas/v2_1/common">Kiribati</Name>
        </Code>
        <Code id="KM" urn="urn:sdmx:org.sdmx.infomodel.codelist.Code=ECB:CL_AREA_EE(1.0).KM">
          <Name xml:lang="en" xmlns="http://www.sdmx.org/resources/sdmxml/schemas/v2_1/common">Comoros</Name>
        </Code>
        <Code id="KN" urn="urn:sdmx:org.sdmx.infomodel.codelist.Code=ECB:CL_AREA_EE(1.0).KN">
          <Name xml:lang="en" xmlns="http://www.sdmx.org/resources/sdmxml/schemas/v2_1/common">Saint Kitts and Nevis</Name>
        </Code>
        <Code id="KP" urn="urn:sdmx:org.sdmx.infomodel.codelist.Code=ECB:CL_AREA_EE(1.0).KP">
          <Name xml:lang="en" xmlns="http://www.sdmx.org/resources/sdmxml/schemas/v2_1/common">Korea, Democratic People`s Republic of</Name>
        </Code>
        <Code id="KR" urn="urn:sdmx:org.sdmx.infomodel.codelist.Code=ECB:CL_AREA_EE(1.0).KR">
          <Name xml:lang="en" xmlns="http://www.sdmx.org/resources/sdmxml/schemas/v2_1/common">Korea, Republic of</Name>
        </Code>
        <Code id="KW" urn="urn:sdmx:org.sdmx.infomodel.codelist.Code=ECB:CL_AREA_EE(1.0).KW">
          <Name xml:lang="en" xmlns="http://www.sdmx.org/resources/sdmxml/schemas/v2_1/common">Kuwait</Name>
        </Code>
        <Code id="KY" urn="urn:sdmx:org.sdmx.infomodel.codelist.Code=ECB:CL_AREA_EE(1.0).KY">
          <Name xml:lang="en" xmlns="http://www.sdmx.org/resources/sdmxml/schemas/v2_1/common">Cayman Islands</Name>
        </Code>
        <Code id="KZ" urn="urn:sdmx:org.sdmx.infomodel.codelist.Code=ECB:CL_AREA_EE(1.0).KZ">
          <Name xml:lang="en" xmlns="http://www.sdmx.org/resources/sdmxml/schemas/v2_1/common">Kazakstan</Name>
        </Code>
        <Code id="L0" urn="urn:sdmx:org.sdmx.infomodel.codelist.Code=ECB:CL_AREA_EE(1.0).L0">
          <Name xml:lang="en" xmlns="http://www.sdmx.org/resources/sdmxml/schemas/v2_1/common">Other EU member states (all countries except the reference area)</Name>
        </Code>
        <Code id="L1" urn="urn:sdmx:org.sdmx.infomodel.codelist.Code=ECB:CL_AREA_EE(1.0).L1">
          <Name xml:lang="en" xmlns="http://www.sdmx.org/resources/sdmxml/schemas/v2_1/common">Other Euro area 11 member states (fixed composition - all countries ex cept the reference area)</Name>
        </Code>
        <Code id="L2" urn="urn:sdmx:org.sdmx.infomodel.codelist.Code=ECB:CL_AREA_EE(1.0).L2">
          <Name xml:lang="en" xmlns="http://www.sdmx.org/resources/sdmxml/schemas/v2_1/common">Other Euro area 12 member states (fixed composition - all countries ex cept the reference area)</Name>
        </Code>
        <Code id="L3" urn="urn:sdmx:org.sdmx.infomodel.codelist.Code=ECB:CL_AREA_EE(1.0).L3">
          <Name xml:lang="en" xmlns="http://www.sdmx.org/resources/sdmxml/schemas/v2_1/common">Other Euro area 13 member states (fixed composition - all countries ex cept the reference area)</Name>
        </Code>
        <Code id="L4" urn="urn:sdmx:org.sdmx.infomodel.codelist.Code=ECB:CL_AREA_EE(1.0).L4">
          <Name xml:lang="en" xmlns="http://www.sdmx.org/resources/sdmxml/schemas/v2_1/common">Other Euro area 15 member states (fixed composition - all countries ex cept the reference area)</Name>
        </Code>
        <Code id="LA" urn="urn:sdmx:org.sdmx.infomodel.codelist.Code=ECB:CL_AREA_EE(1.0).LA">
          <Name xml:lang="en" xmlns="http://www.sdmx.org/resources/sdmxml/schemas/v2_1/common">Lao People`s Democratic Republic</Name>
        </Code>
        <Code id="LB" urn="urn:sdmx:org.sdmx.infomodel.codelist.Code=ECB:CL_AREA_EE(1.0).LB">
          <Name xml:lang="en" xmlns="http://www.sdmx.org/resources/sdmxml/schemas/v2_1/common">Lebanon</Name>
        </Code>
        <Code id="LC" urn="urn:sdmx:org.sdmx.infomodel.codelist.Code=ECB:CL_AREA_EE(1.0).LC">
          <Name xml:lang="en" xmlns="http://www.sdmx.org/resources/sdmxml/schemas/v2_1/common">Saint Lucia</Name>
        </Code>
        <Code id="LI" urn="urn:sdmx:org.sdmx.infomodel.codelist.Code=ECB:CL_AREA_EE(1.0).LI">
          <Name xml:lang="en" xmlns="http://www.sdmx.org/resources/sdmxml/schemas/v2_1/common">Liechtenstein</Name>
        </Code>
        <Code id="LK" urn="urn:sdmx:org.sdmx.infomodel.codelist.Code=ECB:CL_AREA_EE(1.0).LK">
          <Name xml:lang="en" xmlns="http://www.sdmx.org/resources/sdmxml/schemas/v2_1/common">Sri Lanka</Name>
        </Code>
        <Code id="LR" urn="urn:sdmx:org.sdmx.infomodel.codelist.Code=ECB:CL_AREA_EE(1.0).LR">
          <Name xml:lang="en" xmlns="http://www.sdmx.org/resources/sdmxml/schemas/v2_1/common">Liberia</Name>
        </Code>
        <Code id="LS" urn="urn:sdmx:org.sdmx.infomodel.codelist.Code=ECB:CL_AREA_EE(1.0).LS">
          <Name xml:lang="en" xmlns="http://www.sdmx.org/resources/sdmxml/schemas/v2_1/common">Lesotho</Name>
        </Code>
        <Code id="LT" urn="urn:sdmx:org.sdmx.infomodel.codelist.Code=ECB:CL_AREA_EE(1.0).LT">
          <Name xml:lang="en" xmlns="http://www.sdmx.org/resources/sdmxml/schemas/v2_1/common">Lithuania</Name>
        </Code>
        <Code id="LU" urn="urn:sdmx:org.sdmx.infomodel.codelist.Code=ECB:CL_AREA_EE(1.0).LU">
          <Name xml:lang="en" xmlns="http://www.sdmx.org/resources/sdmxml/schemas/v2_1/common">Luxembourg</Name>
        </Code>
        <Code id="LV" urn="urn:sdmx:org.sdmx.infomodel.codelist.Code=ECB:CL_AREA_EE(1.0).LV">
          <Name xml:lang="en" xmlns="http://www.sdmx.org/resources/sdmxml/schemas/v2_1/common">Latvia</Name>
        </Code>
        <Code id="LY" urn="urn:sdmx:org.sdmx.infomodel.codelist.Code=ECB:CL_AREA_EE(1.0).LY">
          <Name xml:lang="en" xmlns="http://www.sdmx.org/resources/sdmxml/schemas/v2_1/common">Libyan Arab Jamahiriya</Name>
        </Code>
        <Code id="M0" urn="urn:sdmx:org.sdmx.infomodel.codelist.Code=ECB:CL_AREA_EE(1.0).M0">
          <Name xml:lang="en" xmlns="http://www.sdmx.org/resources/sdmxml/schemas/v2_1/common">All areas other than EU 15 and reference/home area</Name>
        </Code>
        <Code id="M1" urn="urn:sdmx:org.sdmx.infomodel.codelist.Code=ECB:CL_AREA_EE(1.0).M1">
          <Name xml:lang="en" xmlns="http://www.sdmx.org/resources/sdmxml/schemas/v2_1/common">All areas other than Euro area 11 (fixed composition) and reference/ho me area</Name>
        </Code>
        <Code id="M2" urn="urn:sdmx:org.sdmx.infomodel.codelist.Code=ECB:CL_AREA_EE(1.0).M2">
          <Name xml:lang="en" xmlns="http://www.sdmx.org/resources/sdmxml/schemas/v2_1/common">All areas other than Euro area 12 (fixed composition) and reference/ho me area</Name>
        </Code>
        <Code id="M3" urn="urn:sdmx:org.sdmx.infomodel.codelist.Code=ECB:CL_AREA_EE(1.0).M3">
          <Name xml:lang="en" xmlns="http://www.sdmx.org/resources/sdmxml/schemas/v2_1/common">All areas other than Euro area 13 (fixed composition) and reference/ho me area</Name>
        </Code>
        <Code id="M4" urn="urn:sdmx:org.sdmx.infomodel.codelist.Code=ECB:CL_AREA_EE(1.0).M4">
          <Name xml:lang="en" xmlns="http://www.sdmx.org/resources/sdmxml/schemas/v2_1/common">All areas other than Euro area 15 (fixed composition) and reference/ho me area</Name>
        </Code>
        <Code id="MA" urn="urn:sdmx:org.sdmx.infomodel.codelist.Code=ECB:CL_AREA_EE(1.0).MA">
          <Name xml:lang="en" xmlns="http://www.sdmx.org/resources/sdmxml/schemas/v2_1/common">Morocco</Name>
        </Code>
        <Code id="MC" urn="urn:sdmx:org.sdmx.infomodel.codelist.Code=ECB:CL_AREA_EE(1.0).MC">
          <Name xml:lang="en" xmlns="http://www.sdmx.org/resources/sdmxml/schemas/v2_1/common">Monaco</Name>
        </Code>
        <Code id="MD" urn="urn:sdmx:org.sdmx.infomodel.codelist.Code=ECB:CL_AREA_EE(1.0).MD">
          <Name xml:lang="en" xmlns="http://www.sdmx.org/resources/sdmxml/schemas/v2_1/common">Moldova, Republic of</Name>
        </Code>
        <Code id="ME" urn="urn:sdmx:org.sdmx.infomodel.codelist.Code=ECB:CL_AREA_EE(1.0).ME">
          <Name xml:lang="en" xmlns="http://www.sdmx.org/resources/sdmxml/schemas/v2_1/common">Montenegro</Name>
        </Code>
        <Code id="MG" urn="urn:sdmx:org.sdmx.infomodel.codelist.Code=ECB:CL_AREA_EE(1.0).MG">
          <Name xml:lang="en" xmlns="http://www.sdmx.org/resources/sdmxml/schemas/v2_1/common">Madagascar</Name>
        </Code>
        <Code id="MH" urn="urn:sdmx:org.sdmx.infomodel.codelist.Code=ECB:CL_AREA_EE(1.0).MH">
          <Name xml:lang="en" xmlns="http://www.sdmx.org/resources/sdmxml/schemas/v2_1/common">Marshall islands</Name>
        </Code>
        <Code id="MK" urn="urn:sdmx:org.sdmx.infomodel.codelist.Code=ECB:CL_AREA_EE(1.0).MK">
          <Name xml:lang="en" xmlns="http://www.sdmx.org/resources/sdmxml/schemas/v2_1/common">Macedonia, The Former Yugoslav Republic of</Name>
        </Code>
        <Code id="ML" urn="urn:sdmx:org.sdmx.infomodel.codelist.Code=ECB:CL_AREA_EE(1.0).ML">
          <Name xml:lang="en" xmlns="http://www.sdmx.org/resources/sdmxml/schemas/v2_1/common">Mali</Name>
        </Code>
        <Code id="MM" urn="urn:sdmx:org.sdmx.infomodel.codelist.Code=ECB:CL_AREA_EE(1.0).MM">
          <Name xml:lang="en" xmlns="http://www.sdmx.org/resources/sdmxml/schemas/v2_1/common">Myanmar</Name>
        </Code>
        <Code id="MN" urn="urn:sdmx:org.sdmx.infomodel.codelist.Code=ECB:CL_AREA_EE(1.0).MN">
          <Name xml:lang="en" xmlns="http://www.sdmx.org/resources/sdmxml/schemas/v2_1/common">Mongolia</Name>
        </Code>
        <Code id="MO" urn="urn:sdmx:org.sdmx.infomodel.codelist.Code=ECB:CL_AREA_EE(1.0).MO">
          <Name xml:lang="en" xmlns="http://www.sdmx.org/resources/sdmxml/schemas/v2_1/common">Macau</Name>
        </Code>
        <Code id="MP" urn="urn:sdmx:org.sdmx.infomodel.codelist.Code=ECB:CL_AREA_EE(1.0).MP">
          <Name xml:lang="en" xmlns="http://www.sdmx.org/resources/sdmxml/schemas/v2_1/common">Northern Mariana Islands</Name>
        </Code>
        <Code id="MQ" urn="urn:sdmx:org.sdmx.infomodel.codelist.Code=ECB:CL_AREA_EE(1.0).MQ">
          <Name xml:lang="en" xmlns="http://www.sdmx.org/resources/sdmxml/schemas/v2_1/common">Martinique</Name>
        </Code>
        <Code id="MR" urn="urn:sdmx:org.sdmx.infomodel.codelist.Code=ECB:CL_AREA_EE(1.0).MR">
          <Name xml:lang="en" xmlns="http://www.sdmx.org/resources/sdmxml/schemas/v2_1/common">Mauritania</Name>
        </Code>
        <Code id="MS" urn="urn:sdmx:org.sdmx.infomodel.codelist.Code=ECB:CL_AREA_EE(1.0).MS">
          <Name xml:lang="en" xmlns="http://www.sdmx.org/resources/sdmxml/schemas/v2_1/common">Montserrat</Name>
        </Code>
        <Code id="MT" urn="urn:sdmx:org.sdmx.infomodel.codelist.Code=ECB:CL_AREA_EE(1.0).MT">
          <Name xml:lang="en" xmlns="http://www.sdmx.org/resources/sdmxml/schemas/v2_1/common">Malta</Name>
        </Code>
        <Code id="MU" urn="urn:sdmx:org.sdmx.infomodel.codelist.Code=ECB:CL_AREA_EE(1.0).MU">
          <Name xml:lang="en" xmlns="http://www.sdmx.org/resources/sdmxml/schemas/v2_1/common">Mauritius</Name>
        </Code>
        <Code id="MV" urn="urn:sdmx:org.sdmx.infomodel.codelist.Code=ECB:CL_AREA_EE(1.0).MV">
          <Name xml:lang="en" xmlns="http://www.sdmx.org/resources/sdmxml/schemas/v2_1/common">Maldives</Name>
        </Code>
        <Code id="MW" urn="urn:sdmx:org.sdmx.infomodel.codelist.Code=ECB:CL_AREA_EE(1.0).MW">
          <Name xml:lang="en" xmlns="http://www.sdmx.org/resources/sdmxml/schemas/v2_1/common">Malawi</Name>
        </Code>
        <Code id="MX" urn="urn:sdmx:org.sdmx.infomodel.codelist.Code=ECB:CL_AREA_EE(1.0).MX">
          <Name xml:lang="en" xmlns="http://www.sdmx.org/resources/sdmxml/schemas/v2_1/common">Mexico</Name>
        </Code>
        <Code id="MY" urn="urn:sdmx:org.sdmx.infomodel.codelist.Code=ECB:CL_AREA_EE(1.0).MY">
          <Name xml:lang="en" xmlns="http://www.sdmx.org/resources/sdmxml/schemas/v2_1/common">Malaysia</Name>
        </Code>
        <Code id="MZ" urn="urn:sdmx:org.sdmx.infomodel.codelist.Code=ECB:CL_AREA_EE(1.0).MZ">
          <Name xml:lang="en" xmlns="http://www.sdmx.org/resources/sdmxml/schemas/v2_1/common">Mozambique</Name>
        </Code>
        <Code id="N1" urn="urn:sdmx:org.sdmx.infomodel.codelist.Code=ECB:CL_AREA_EE(1.0).N1">
          <Name xml:lang="en" xmlns="http://www.sdmx.org/resources/sdmxml/schemas/v2_1/common">Intra-Euro area 11 (fixed composition) not allocated</Name>
        </Code>
        <Code id="N2" urn="urn:sdmx:org.sdmx.infomodel.codelist.Code=ECB:CL_AREA_EE(1.0).N2">
          <Name xml:lang="en" xmlns="http://www.sdmx.org/resources/sdmxml/schemas/v2_1/common">Intra-Euro area 12 (fixed composition) not allocated</Name>
        </Code>
        <Code id="N3" urn="urn:sdmx:org.sdmx.infomodel.codelist.Code=ECB:CL_AREA_EE(1.0).N3">
          <Name xml:lang="en" xmlns="http://www.sdmx.org/resources/sdmxml/schemas/v2_1/common">Intra-Euro area 13 (fixed composition) not allocated</Name>
        </Code>
        <Code id="N4" urn="urn:sdmx:org.sdmx.infomodel.codelist.Code=ECB:CL_AREA_EE(1.0).N4">
          <Name xml:lang="en" xmlns="http://www.sdmx.org/resources/sdmxml/schemas/v2_1/common">Intra-Euro area 15 (fixed composition) not allocated</Name>
        </Code>
        <Code id="NA" urn="urn:sdmx:org.sdmx.infomodel.codelist.Code=ECB:CL_AREA_EE(1.0).NA">
          <Name xml:lang="en" xmlns="http://www.sdmx.org/resources/sdmxml/schemas/v2_1/common">Namibia</Name>
        </Code>
        <Code id="NC" urn="urn:sdmx:org.sdmx.infomodel.codelist.Code=ECB:CL_AREA_EE(1.0).NC">
          <Name xml:lang="en" xmlns="http://www.sdmx.org/resources/sdmxml/schemas/v2_1/common">New Caledonia</Name>
        </Code>
        <Code id="NE" urn="urn:sdmx:org.sdmx.infomodel.codelist.Code=ECB:CL_AREA_EE(1.0).NE">
          <Name xml:lang="en" xmlns="http://www.sdmx.org/resources/sdmxml/schemas/v2_1/common">Niger</Name>
        </Code>
        <Code id="NF" urn="urn:sdmx:org.sdmx.infomodel.codelist.Code=ECB:CL_AREA_EE(1.0).NF">
          <Name xml:lang="en" xmlns="http://www.sdmx.org/resources/sdmxml/schemas/v2_1/common">Norfolk Island</Name>
        </Code>
        <Code id="NG" urn="urn:sdmx:org.sdmx.infomodel.codelist.Code=ECB:CL_AREA_EE(1.0).NG">
          <Name xml:lang="en" xmlns="http://www.sdmx.org/resources/sdmxml/schemas/v2_1/common">Nigeria</Name>
        </Code>
        <Code id="NI" urn="urn:sdmx:org.sdmx.infomodel.codelist.Code=ECB:CL_AREA_EE(1.0).NI">
          <Name xml:lang="en" xmlns="http://www.sdmx.org/resources/sdmxml/schemas/v2_1/common">Nicaragua</Name>
        </Code>
        <Code id="NL" urn="urn:sdmx:org.sdmx.infomodel.codelist.Code=ECB:CL_AREA_EE(1.0).NL">
          <Name xml:lang="en" xmlns="http://www.sdmx.org/resources/sdmxml/schemas/v2_1/common">Netherlands</Name>
        </Code>
        <Code id="NO" urn="urn:sdmx:org.sdmx.infomodel.codelist.Code=ECB:CL_AREA_EE(1.0).NO">
          <Name xml:lang="en" xmlns="http://www.sdmx.org/resources/sdmxml/schemas/v2_1/common">Norway</Name>
        </Code>
        <Code id="NP" urn="urn:sdmx:org.sdmx.infomodel.codelist.Code=ECB:CL_AREA_EE(1.0).NP">
          <Name xml:lang="en" xmlns="http://www.sdmx.org/resources/sdmxml/schemas/v2_1/common">Nepal</Name>
        </Code>
        <Code id="NR" urn="urn:sdmx:org.sdmx.infomodel.codelist.Code=ECB:CL_AREA_EE(1.0).NR">
          <Name xml:lang="en" xmlns="http://www.sdmx.org/resources/sdmxml/schemas/v2_1/common">Nauru</Name>
        </Code>
        <Code id="NU" urn="urn:sdmx:org.sdmx.infomodel.codelist.Code=ECB:CL_AREA_EE(1.0).NU">
          <Name xml:lang="en" xmlns="http://www.sdmx.org/resources/sdmxml/schemas/v2_1/common">Niue</Name>
        </Code>
        <Code id="NZ" urn="urn:sdmx:org.sdmx.infomodel.codelist.Code=ECB:CL_AREA_EE(1.0).NZ">
          <Name xml:lang="en" xmlns="http://www.sdmx.org/resources/sdmxml/schemas/v2_1/common">New Zealand</Name>
        </Code>
        <Code id="O1" urn="urn:sdmx:org.sdmx.infomodel.codelist.Code=ECB:CL_AREA_EE(1.0).O1">
          <Name xml:lang="en" xmlns="http://www.sdmx.org/resources/sdmxml/schemas/v2_1/common">Extra-Euro area 11 (fixed composition) not allocated</Name>
        </Code>
        <Code id="O2" urn="urn:sdmx:org.sdmx.infomodel.codelist.Code=ECB:CL_AREA_EE(1.0).O2">
          <Name xml:lang="en" xmlns="http://www.sdmx.org/resources/sdmxml/schemas/v2_1/common">Extra-Euro area 12 (fixed composition) not allocated</Name>
        </Code>
        <Code id="O3" urn="urn:sdmx:org.sdmx.infomodel.codelist.Code=ECB:CL_AREA_EE(1.0).O3">
          <Name xml:lang="en" xmlns="http://www.sdmx.org/resources/sdmxml/schemas/v2_1/common">Extra-Euro area 13 (fixed composition) not allocated</Name>
        </Code>
        <Code id="O4" urn="urn:sdmx:org.sdmx.infomodel.codelist.Code=ECB:CL_AREA_EE(1.0).O4">
          <Name xml:lang="en" xmlns="http://www.sdmx.org/resources/sdmxml/schemas/v2_1/common">Extra-Euro area 15 (fixed composition) not allocated</Name>
        </Code>
        <Code id="OM" urn="urn:sdmx:org.sdmx.infomodel.codelist.Code=ECB:CL_AREA_EE(1.0).OM">
          <Name xml:lang="en" xmlns="http://www.sdmx.org/resources/sdmxml/schemas/v2_1/common">Oman</Name>
        </Code>
        <Code id="P1" urn="urn:sdmx:org.sdmx.infomodel.codelist.Code=ECB:CL_AREA_EE(1.0).P1">
          <Name xml:lang="en" xmlns="http://www.sdmx.org/resources/sdmxml/schemas/v2_1/common">World not allocated (Euro area 11 - fixed composition)</Name>
        </Code>
        <Code id="P2" urn="urn:sdmx:org.sdmx.infomodel.codelist.Code=ECB:CL_AREA_EE(1.0).P2">
          <Name xml:lang="en" xmlns="http://www.sdmx.org/resources/sdmxml/schemas/v2_1/common">World not allocated (Euro area 12 - fixed composition)</Name>
        </Code>
        <Code id="P3" urn="urn:sdmx:org.sdmx.infomodel.codelist.Code=ECB:CL_AREA_EE(1.0).P3">
          <Name xml:lang="en" xmlns="http://www.sdmx.org/resources/sdmxml/schemas/v2_1/common">World not allocated (Euro area 13 - fixed composition)</Name>
        </Code>
        <Code id="P4" urn="urn:sdmx:org.sdmx.infomodel.codelist.Code=ECB:CL_AREA_EE(1.0).P4">
          <Name xml:lang="en" xmlns="http://www.sdmx.org/resources/sdmxml/schemas/v2_1/common">World not allocated (Euro area 15 - fixed composition)</Name>
        </Code>
        <Code id="PA" urn="urn:sdmx:org.sdmx.infomodel.codelist.Code=ECB:CL_AREA_EE(1.0).PA">
          <Name xml:lang="en" xmlns="http://www.sdmx.org/resources/sdmxml/schemas/v2_1/common">Panama</Name>
        </Code>
        <Code id="PE" urn="urn:sdmx:org.sdmx.infomodel.codelist.Code=ECB:CL_AREA_EE(1.0).PE">
          <Name xml:lang="en" xmlns="http://www.sdmx.org/resources/sdmxml/schemas/v2_1/common">Peru</Name>
        </Code>
        <Code id="PF" urn="urn:sdmx:org.sdmx.infomodel.codelist.Code=ECB:CL_AREA_EE(1.0).PF">
          <Name xml:lang="en" xmlns="http://www.sdmx.org/resources/sdmxml/schemas/v2_1/common">French Polynesia</Name>
        </Code>
        <Code id="PG" urn="urn:sdmx:org.sdmx.infomodel.codelist.Code=ECB:CL_AREA_EE(1.0).PG">
          <Name xml:lang="en" xmlns="http://www.sdmx.org/resources/sdmxml/schemas/v2_1/common">Papua New Guinea</Name>
        </Code>
        <Code id="PH" urn="urn:sdmx:org.sdmx.infomodel.codelist.Code=ECB:CL_AREA_EE(1.0).PH">
          <Name xml:lang="en" xmlns="http://www.sdmx.org/resources/sdmxml/schemas/v2_1/common">Philippines</Name>
        </Code>
        <Code id="PK" urn="urn:sdmx:org.sdmx.infomodel.codelist.Code=ECB:CL_AREA_EE(1.0).PK">
          <Name xml:lang="en" xmlns="http://www.sdmx.org/resources/sdmxml/schemas/v2_1/common">Pakistan</Name>
        </Code>
        <Code id="PL" urn="urn:sdmx:org.sdmx.infomodel.codelist.Code=ECB:CL_AREA_EE(1.0).PL">
          <Name xml:lang="en" xmlns="http://www.sdmx.org/resources/sdmxml/schemas/v2_1/common">Poland</Name>
        </Code>
        <Code id="PM" urn="urn:sdmx:org.sdmx.infomodel.codelist.Code=ECB:CL_AREA_EE(1.0).PM">
          <Name xml:lang="en" xmlns="http://www.sdmx.org/resources/sdmxml/schemas/v2_1/common">Saint Pierre and Miquelon</Name>
        </Code>
        <Code id="PN" urn="urn:sdmx:org.sdmx.infomodel.codelist.Code=ECB:CL_AREA_EE(1.0).PN">
          <Name xml:lang="en" xmlns="http://www.sdmx.org/resources/sdmxml/schemas/v2_1/common">Pitcairn</Name>
        </Code>
        <Code id="PR" urn="urn:sdmx:org.sdmx.infomodel.codelist.Code=ECB:CL_AREA_EE(1.0).PR">
          <Name xml:lang="en" xmlns="http://www.sdmx.org/resources/sdmxml/schemas/v2_1/common">Puerto Rico</Name>
        </Code>
        <Code id="PS" urn="urn:sdmx:org.sdmx.infomodel.codelist.Code=ECB:CL_AREA_EE(1.0).PS">
          <Name xml:lang="en" xmlns="http://www.sdmx.org/resources/sdmxml/schemas/v2_1/common">Palestinian Territory, Occupied</Name>
        </Code>
        <Code id="PT" urn="urn:sdmx:org.sdmx.infomodel.codelist.Code=ECB:CL_AREA_EE(1.0).PT">
          <Name xml:lang="en" xmlns="http://www.sdmx.org/resources/sdmxml/schemas/v2_1/common">Portugal</Name>
        </Code>
        <Code id="PW" urn="urn:sdmx:org.sdmx.infomodel.codelist.Code=ECB:CL_AREA_EE(1.0).PW">
          <Name xml:lang="en" xmlns="http://www.sdmx.org/resources/sdmxml/schemas/v2_1/common">Palau</Name>
        </Code>
        <Code id="PY" urn="urn:sdmx:org.sdmx.infomodel.codelist.Code=ECB:CL_AREA_EE(1.0).PY">
          <Name xml:lang="en" xmlns="http://www.sdmx.org/resources/sdmxml/schemas/v2_1/common">Paraguay</Name>
        </Code>
        <Code id="QA" urn="urn:sdmx:org.sdmx.infomodel.codelist.Code=ECB:CL_AREA_EE(1.0).QA">
          <Name xml:lang="en" xmlns="http://www.sdmx.org/resources/sdmxml/schemas/v2_1/common">Qatar</Name>
        </Code>
        <Code id="R1" urn="urn:sdmx:org.sdmx.infomodel.codelist.Code=ECB:CL_AREA_EE(1.0).R1">
          <Name xml:lang="en" xmlns="http://www.sdmx.org/resources/sdmxml/schemas/v2_1/common">West Germany</Name>
        </Code>
        <Code id="R2" urn="urn:sdmx:org.sdmx.infomodel.codelist.Code=ECB:CL_AREA_EE(1.0).R2">
          <Name xml:lang="en" xmlns="http://www.sdmx.org/resources/sdmxml/schemas/v2_1/common">East Germany</Name>
        </Code>
        <Code id="RE" urn="urn:sdmx:org.sdmx.infomodel.codelist.Code=ECB:CL_AREA_EE(1.0).RE">
          <Name xml:lang="en" xmlns="http://www.sdmx.org/resources/sdmxml/schemas/v2_1/common">Réunion</Name>
        </Code>
        <Code id="RO" urn="urn:sdmx:org.sdmx.infomodel.codelist.Code=ECB:CL_AREA_EE(1.0).RO">
          <Name xml:lang="en" xmlns="http://www.sdmx.org/resources/sdmxml/schemas/v2_1/common">Romania</Name>
        </Code>
        <Code id="RS" urn="urn:sdmx:org.sdmx.infomodel.codelist.Code=ECB:CL_AREA_EE(1.0).RS">
          <Name xml:lang="en" xmlns="http://www.sdmx.org/resources/sdmxml/schemas/v2_1/common">Serbia</Name>
        </Code>
        <Code id="RU" urn="urn:sdmx:org.sdmx.infomodel.codelist.Code=ECB:CL_AREA_EE(1.0).RU">
          <Name xml:lang="en" xmlns="http://www.sdmx.org/resources/sdmxml/schemas/v2_1/common">Russian Federation</Name>
        </Code>
        <Code id="RW" urn="urn:sdmx:org.sdmx.infomodel.codelist.Code=ECB:CL_AREA_EE(1.0).RW">
          <Name xml:lang="en" xmlns="http://www.sdmx.org/resources/sdmxml/schemas/v2_1/common">Rwanda</Name>
        </Code>
        <Code id="S1" urn="urn:sdmx:org.sdmx.infomodel.codelist.Code=ECB:CL_AREA_EE(1.0).S1">
          <Name xml:lang="en" xmlns="http://www.sdmx.org/resources/sdmxml/schemas/v2_1/common">EU 15 (fixed composition) excluding LU</Name>
        </Code>
        <Code id="S2" urn="urn:sdmx:org.sdmx.infomodel.codelist.Code=ECB:CL_AREA_EE(1.0).S2">
          <Name xml:lang="en" xmlns="http://www.sdmx.org/resources/sdmxml/schemas/v2_1/common">EU 12 (fixed composition) including West Germany</Name>
        </Code>
        <Code id="S3" urn="urn:sdmx:org.sdmx.infomodel.codelist.Code=ECB:CL_AREA_EE(1.0).S3">
          <Name xml:lang="en" xmlns="http://www.sdmx.org/resources/sdmxml/schemas/v2_1/common">EU 27 member states, outside the euro area 13, excluding DK, SE, GB (C Y,CZ,EE,HU,LV,LT,MT,PL,SK,RO,BG)</Name>
        </Code>
        <Code id="SA" urn="urn:sdmx:org.sdmx.infomodel.codelist.Code=ECB:CL_AREA_EE(1.0).SA">
          <Name xml:lang="en" xmlns="http://www.sdmx.org/resources/sdmxml/schemas/v2_1/common">Saudi Arabia</Name>
        </Code>
        <Code id="SB" urn="urn:sdmx:org.sdmx.infomodel.codelist.Code=ECB:CL_AREA_EE(1.0).SB">
          <Name xml:lang="en" xmlns="http://www.sdmx.org/resources/sdmxml/schemas/v2_1/common">Solomon Islands</Name>
        </Code>
        <Code id="SC" urn="urn:sdmx:org.sdmx.infomodel.codelist.Code=ECB:CL_AREA_EE(1.0).SC">
          <Name xml:lang="en" xmlns="http://www.sdmx.org/resources/sdmxml/schemas/v2_1/common">Seychelles</Name>
        </Code>
        <Code id="SD" urn="urn:sdmx:org.sdmx.infomodel.codelist.Code=ECB:CL_AREA_EE(1.0).SD">
          <Name xml:lang="en" xmlns="http://www.sdmx.org/resources/sdmxml/schemas/v2_1/common">Sudan</Name>
        </Code>
        <Code id="SE" urn="urn:sdmx:org.sdmx.infomodel.codelist.Code=ECB:CL_AREA_EE(1.0).SE">
          <Name xml:lang="en" xmlns="http://www.sdmx.org/resources/sdmxml/schemas/v2_1/common">Sweden</Name>
        </Code>
        <Code id="SG" urn="urn:sdmx:org.sdmx.infomodel.codelist.Code=ECB:CL_AREA_EE(1.0).SG">
          <Name xml:lang="en" xmlns="http://www.sdmx.org/resources/sdmxml/schemas/v2_1/common">Singapore</Name>
        </Code>
        <Code id="SH" urn="urn:sdmx:org.sdmx.infomodel.codelist.Code=ECB:CL_AREA_EE(1.0).SH">
          <Name xml:lang="en" xmlns="http://www.sdmx.org/resources/sdmxml/schemas/v2_1/common">Saint Helena</Name>
        </Code>
        <Code id="SI" urn="urn:sdmx:org.sdmx.infomodel.codelist.Code=ECB:CL_AREA_EE(1.0).SI">
          <Name xml:lang="en" xmlns="http://www.sdmx.org/resources/sdmxml/schemas/v2_1/common">Slovenia</Name>
        </Code>
        <Code id="SJ" urn="urn:sdmx:org.sdmx.infomodel.codelist.Code=ECB:CL_AREA_EE(1.0).SJ">
          <Name xml:lang="en" xmlns="http://www.sdmx.org/resources/sdmxml/schemas/v2_1/common">Svalbard and Jan Mayen</Name>
        </Code>
        <Code id="SK" urn="urn:sdmx:org.sdmx.infomodel.codelist.Code=ECB:CL_AREA_EE(1.0).SK">
          <Name xml:lang="en" xmlns="http://www.sdmx.org/resources/sdmxml/schemas/v2_1/common">Slovakia</Name>
        </Code>
        <Code id="SL" urn="urn:sdmx:org.sdmx.infomodel.codelist.Code=ECB:CL_AREA_EE(1.0).SL">
          <Name xml:lang="en" xmlns="http://www.sdmx.org/resources/sdmxml/schemas/v2_1/common">Sierra Leone</Name>
        </Code>
        <Code id="SM" urn="urn:sdmx:org.sdmx.infomodel.codelist.Code=ECB:CL_AREA_EE(1.0).SM">
          <Name xml:lang="en" xmlns="http://www.sdmx.org/resources/sdmxml/schemas/v2_1/common">San Marino</Name>
        </Code>
        <Code id="SN" urn="urn:sdmx:org.sdmx.infomodel.codelist.Code=ECB:CL_AREA_EE(1.0).SN">
          <Name xml:lang="en" xmlns="http://www.sdmx.org/resources/sdmxml/schemas/v2_1/common">Senegal</Name>
        </Code>
        <Code id="SO" urn="urn:sdmx:org.sdmx.infomodel.codelist.Code=ECB:CL_AREA_EE(1.0).SO">
          <Name xml:lang="en" xmlns="http://www.sdmx.org/resources/sdmxml/schemas/v2_1/common">Somalia</Name>
        </Code>
        <Code id="SR" urn="urn:sdmx:org.sdmx.infomodel.codelist.Code=ECB:CL_AREA_EE(1.0).SR">
          <Name xml:lang="en" xmlns="http://www.sdmx.org/resources/sdmxml/schemas/v2_1/common">Suriname</Name>
        </Code>
        <Code id="ST" urn="urn:sdmx:org.sdmx.infomodel.codelist.Code=ECB:CL_AREA_EE(1.0).ST">
          <Name xml:lang="en" xmlns="http://www.sdmx.org/resources/sdmxml/schemas/v2_1/common">Sao Tome and Principe</Name>
        </Code>
        <Code id="SV" urn="urn:sdmx:org.sdmx.infomodel.codelist.Code=ECB:CL_AREA_EE(1.0).SV">
          <Name xml:lang="en" xmlns="http://www.sdmx.org/resources/sdmxml/schemas/v2_1/common">El Salvador</Name>
        </Code>
        <Code id="SY" urn="urn:sdmx:org.sdmx.infomodel.codelist.Code=ECB:CL_AREA_EE(1.0).SY">
          <Name xml:lang="en" xmlns="http://www.sdmx.org/resources/sdmxml/schemas/v2_1/common">Syrian Arab Republic</Name>
        </Code>
        <Code id="SZ" urn="urn:sdmx:org.sdmx.infomodel.codelist.Code=ECB:CL_AREA_EE(1.0).SZ">
          <Name xml:lang="en" xmlns="http://www.sdmx.org/resources/sdmxml/schemas/v2_1/common">Swaziland</Name>
        </Code>
        <Code id="T1" urn="urn:sdmx:org.sdmx.infomodel.codelist.Code=ECB:CL_AREA_EE(1.0).T1">
          <Name xml:lang="en" xmlns="http://www.sdmx.org/resources/sdmxml/schemas/v2_1/common">Euro area 11 (fixed composition) excluding LU</Name>
        </Code>
        <Code id="TC" urn="urn:sdmx:org.sdmx.infomodel.codelist.Code=ECB:CL_AREA_EE(1.0).TC">
          <Name xml:lang="en" xmlns="http://www.sdmx.org/resources/sdmxml/schemas/v2_1/common">Turks and Caicos Islands</Name>
        </Code>
        <Code id="TD" urn="urn:sdmx:org.sdmx.infomodel.codelist.Code=ECB:CL_AREA_EE(1.0).TD">
          <Name xml:lang="en" xmlns="http://www.sdmx.org/resources/sdmxml/schemas/v2_1/common">Chad</Name>
        </Code>
        <Code id="TF" urn="urn:sdmx:org.sdmx.infomodel.codelist.Code=ECB:CL_AREA_EE(1.0).TF">
          <Name xml:lang="en" xmlns="http://www.sdmx.org/resources/sdmxml/schemas/v2_1/common">French Southern Territories</Name>
        </Code>
        <Code id="TG" urn="urn:sdmx:org.sdmx.infomodel.codelist.Code=ECB:CL_AREA_EE(1.0).TG">
          <Name xml:lang="en" xmlns="http://www.sdmx.org/resources/sdmxml/schemas/v2_1/common">Togo</Name>
        </Code>
        <Code id="TH" urn="urn:sdmx:org.sdmx.infomodel.codelist.Code=ECB:CL_AREA_EE(1.0).TH">
          <Name xml:lang="en" xmlns="http://www.sdmx.org/resources/sdmxml/schemas/v2_1/common">Thailand</Name>
        </Code>
        <Code id="TJ" urn="urn:sdmx:org.sdmx.infomodel.codelist.Code=ECB:CL_AREA_EE(1.0).TJ">
          <Name xml:lang="en" xmlns="http://www.sdmx.org/resources/sdmxml/schemas/v2_1/common">Tajikistan</Name>
        </Code>
        <Code id="TK" urn="urn:sdmx:org.sdmx.infomodel.codelist.Code=ECB:CL_AREA_EE(1.0).TK">
          <Name xml:lang="en" xmlns="http://www.sdmx.org/resources/sdmxml/schemas/v2_1/common">Tokelau</Name>
        </Code>
        <Code id="TL" urn="urn:sdmx:org.sdmx.infomodel.codelist.Code=ECB:CL_AREA_EE(1.0).TL">
          <Name xml:lang="en" xmlns="http://www.sdmx.org/resources/sdmxml/schemas/v2_1/common">Timor-Leste</Name>
        </Code>
        <Code id="TM" urn="urn:sdmx:org.sdmx.infomodel.codelist.Code=ECB:CL_AREA_EE(1.0).TM">
          <Name xml:lang="en" xmlns="http://www.sdmx.org/resources/sdmxml/schemas/v2_1/common">Turkmenistan</Name>
        </Code>
        <Code id="TN" urn="urn:sdmx:org.sdmx.infomodel.codelist.Code=ECB:CL_AREA_EE(1.0).TN">
          <Name xml:lang="en" xmlns="http://www.sdmx.org/resources/sdmxml/schemas/v2_1/common">Tunisia</Name>
        </Code>
        <Code id="TO" urn="urn:sdmx:org.sdmx.infomodel.codelist.Code=ECB:CL_AREA_EE(1.0).TO">
          <Name xml:lang="en" xmlns="http://www.sdmx.org/resources/sdmxml/schemas/v2_1/common">Tonga</Name>
        </Code>
        <Code id="TR" urn="urn:sdmx:org.sdmx.infomodel.codelist.Code=ECB:CL_AREA_EE(1.0).TR">
          <Name xml:lang="en" xmlns="http://www.sdmx.org/resources/sdmxml/schemas/v2_1/common">Turkey</Name>
        </Code>
        <Code id="TT" urn="urn:sdmx:org.sdmx.infomodel.codelist.Code=ECB:CL_AREA_EE(1.0).TT">
          <Name xml:lang="en" xmlns="http://www.sdmx.org/resources/sdmxml/schemas/v2_1/common">Trinidad and Tobago</Name>
        </Code>
        <Code id="TV" urn="urn:sdmx:org.sdmx.infomodel.codelist.Code=ECB:CL_AREA_EE(1.0).TV">
          <Name xml:lang="en" xmlns="http://www.sdmx.org/resources/sdmxml/schemas/v2_1/common">Tuvalu</Name>
        </Code>
        <Code id="TW" urn="urn:sdmx:org.sdmx.infomodel.codelist.Code=ECB:CL_AREA_EE(1.0).TW">
          <Name xml:lang="en" xmlns="http://www.sdmx.org/resources/sdmxml/schemas/v2_1/common">Taiwan, Province of China</Name>
        </Code>
        <Code id="TZ" urn="urn:sdmx:org.sdmx.infomodel.codelist.Code=ECB:CL_AREA_EE(1.0).TZ">
          <Name xml:lang="en" xmlns="http://www.sdmx.org/resources/sdmxml/schemas/v2_1/common">Tanzania, United Republic of</Name>
        </Code>
        <Code id="U0" urn="urn:sdmx:org.sdmx.infomodel.codelist.Code=ECB:CL_AREA_EE(1.0).U0">
          <Name xml:lang="en" xmlns="http://www.sdmx.org/resources/sdmxml/schemas/v2_1/common">EU excluding the euro area and reference area</Name>
        </Code>
        <Code id="U2" urn="urn:sdmx:org.sdmx.infomodel.codelist.Code=ECB:CL_AREA_EE(1.0).U2">
          <Name xml:lang="en" xmlns="http://www.sdmx.org/resources/sdmxml/schemas/v2_1/common">Euro area (changing composition)</Name>
        </Code>
        <Code id="U3" urn="urn:sdmx:org.sdmx.infomodel.codelist.Code=ECB:CL_AREA_EE(1.0).U3">
          <Name xml:lang="en" xmlns="http://www.sdmx.org/resources/sdmxml/schemas/v2_1/common">EU member states not belonging to the Euro area</Name>
        </Code>
        <Code id="U4" urn="urn:sdmx:org.sdmx.infomodel.codelist.Code=ECB:CL_AREA_EE(1.0).U4">
          <Name xml:lang="en" xmlns="http://www.sdmx.org/resources/sdmxml/schemas/v2_1/common">Extra Euro area</Name>
        </Code>
        <Code id="U5" urn="urn:sdmx:org.sdmx.infomodel.codelist.Code=ECB:CL_AREA_EE(1.0).U5">
          <Name xml:lang="en" xmlns="http://www.sdmx.org/resources/sdmxml/schemas/v2_1/common">Other Euro area member states (all countries except the reference area )</Name>
        </Code>
        <Code id="U6" urn="urn:sdmx:org.sdmx.infomodel.codelist.Code=ECB:CL_AREA_EE(1.0).U6">
          <Name xml:lang="en" xmlns="http://www.sdmx.org/resources/sdmxml/schemas/v2_1/common">Domestic (home or reference area)</Name>
        </Code>
        <Code id="U7" urn="urn:sdmx:org.sdmx.infomodel.codelist.Code=ECB:CL_AREA_EE(1.0).U7">
          <Name xml:lang="en" xmlns="http://www.sdmx.org/resources/sdmxml/schemas/v2_1/common">Euro area and the reference area</Name>
        </Code>
        <Code id="U8" urn="urn:sdmx:org.sdmx.infomodel.codelist.Code=ECB:CL_AREA_EE(1.0).U8">
          <Name xml:lang="en" xmlns="http://www.sdmx.org/resources/sdmxml/schemas/v2_1/common">All areas other than Euro area and ref./home area</Name>
        </Code>
        <Code id="U9" urn="urn:sdmx:org.sdmx.infomodel.codelist.Code=ECB:CL_AREA_EE(1.0).U9">
          <Name xml:lang="en" xmlns="http://www.sdmx.org/resources/sdmxml/schemas/v2_1/common">All areas other than EU and ref./home area</Name>
        </Code>
        <Code id="UA" urn="urn:sdmx:org.sdmx.infomodel.codelist.Code=ECB:CL_AREA_EE(1.0).UA">
          <Name xml:lang="en" xmlns="http://www.sdmx.org/resources/sdmxml/schemas/v2_1/common">Ukraine</Name>
        </Code>
        <Code id="UG" urn="urn:sdmx:org.sdmx.infomodel.codelist.Code=ECB:CL_AREA_EE(1.0).UG">
          <Name xml:lang="en" xmlns="http://www.sdmx.org/resources/sdmxml/schemas/v2_1/common">Uganda</Name>
        </Code>
        <Code id="UM" urn="urn:sdmx:org.sdmx.infomodel.codelist.Code=ECB:CL_AREA_EE(1.0).UM">
          <Name xml:lang="en" xmlns="http://www.sdmx.org/resources/sdmxml/schemas/v2_1/common">United States Minor outlying islands</Name>
        </Code>
        <Code id="US" urn="urn:sdmx:org.sdmx.infomodel.codelist.Code=ECB:CL_AREA_EE(1.0).US">
          <Name xml:lang="en" xmlns="http://www.sdmx.org/resources/sdmxml/schemas/v2_1/common">United States</Name>
        </Code>
        <Code id="UY" urn="urn:sdmx:org.sdmx.infomodel.codelist.Code=ECB:CL_AREA_EE(1.0).UY">
          <Name xml:lang="en" xmlns="http://www.sdmx.org/resources/sdmxml/schemas/v2_1/common">Uruguay</Name>
        </Code>
        <Code id="UZ" urn="urn:sdmx:org.sdmx.infomodel.codelist.Code=ECB:CL_AREA_EE(1.0).UZ">
          <Name xml:lang="en" xmlns="http://www.sdmx.org/resources/sdmxml/schemas/v2_1/common">Uzbekistan</Name>
        </Code>
        <Code id="V1" urn="urn:sdmx:org.sdmx.infomodel.codelist.Code=ECB:CL_AREA_EE(1.0).V1">
          <Name xml:lang="en" xmlns="http://www.sdmx.org/resources/sdmxml/schemas/v2_1/common">EU 27 (fixed composition)</Name>
        </Code>
        <Code id="V2" urn="urn:sdmx:org.sdmx.infomodel.codelist.Code=ECB:CL_AREA_EE(1.0).V2">
          <Name xml:lang="en" xmlns="http://www.sdmx.org/resources/sdmxml/schemas/v2_1/common">Extra-EU 27 (fixed composition)</Name>
        </Code>
        <Code id="VA" urn="urn:sdmx:org.sdmx.infomodel.codelist.Code=ECB:CL_AREA_EE(1.0).VA">
          <Name xml:lang="en" xmlns="http://www.sdmx.org/resources/sdmxml/schemas/v2_1/common">Holy See (Vatican City State)</Name>
        </Code>
        <Code id="VC" urn="urn:sdmx:org.sdmx.infomodel.codelist.Code=ECB:CL_AREA_EE(1.0).VC">
          <Name xml:lang="en" xmlns="http://www.sdmx.org/resources/sdmxml/schemas/v2_1/common">Saint Vincent and the Grenadines</Name>
        </Code>
        <Code id="VE" urn="urn:sdmx:org.sdmx.infomodel.codelist.Code=ECB:CL_AREA_EE(1.0).VE">
          <Name xml:lang="en" xmlns="http://www.sdmx.org/resources/sdmxml/schemas/v2_1/common">Venezuela</Name>
        </Code>
        <Code id="VG" urn="urn:sdmx:org.sdmx.infomodel.codelist.Code=ECB:CL_AREA_EE(1.0).VG">
          <Name xml:lang="en" xmlns="http://www.sdmx.org/resources/sdmxml/schemas/v2_1/common">Virgin Islands, British</Name>
        </Code>
        <Code id="VI" urn="urn:sdmx:org.sdmx.infomodel.codelist.Code=ECB:CL_AREA_EE(1.0).VI">
          <Name xml:lang="en" xmlns="http://www.sdmx.org/resources/sdmxml/schemas/v2_1/common">Virgin Islands, U.S.</Name>
        </Code>
        <Code id="VN" urn="urn:sdmx:org.sdmx.infomodel.codelist.Code=ECB:CL_AREA_EE(1.0).VN">
          <Name xml:lang="en" xmlns="http://www.sdmx.org/resources/sdmxml/schemas/v2_1/common">Viet Nam</Name>
        </Code>
        <Code id="VU" urn="urn:sdmx:org.sdmx.infomodel.codelist.Code=ECB:CL_AREA_EE(1.0).VU">
          <Name xml:lang="en" xmlns="http://www.sdmx.org/resources/sdmxml/schemas/v2_1/common">Vanuatu</Name>
        </Code>
        <Code id="W0" urn="urn:sdmx:org.sdmx.infomodel.codelist.Code=ECB:CL_AREA_EE(1.0).W0">
          <Name xml:lang="en" xmlns="http://www.sdmx.org/resources/sdmxml/schemas/v2_1/common">Intra-EU (changing composition) not allocated</Name>
        </Code>
        <Code id="W1" urn="urn:sdmx:org.sdmx.infomodel.codelist.Code=ECB:CL_AREA_EE(1.0).W1">
          <Name xml:lang="en" xmlns="http://www.sdmx.org/resources/sdmxml/schemas/v2_1/common">Gaza and Jericho</Name>
        </Code>
        <Code id="W2" urn="urn:sdmx:org.sdmx.infomodel.codelist.Code=ECB:CL_AREA_EE(1.0).W2">
          <Name xml:lang="en" xmlns="http://www.sdmx.org/resources/sdmxml/schemas/v2_1/common">Intra-Euro area not allocated</Name>
        </Code>
        <Code id="W4" urn="urn:sdmx:org.sdmx.infomodel.codelist.Code=ECB:CL_AREA_EE(1.0).W4">
          <Name xml:lang="en" xmlns="http://www.sdmx.org/resources/sdmxml/schemas/v2_1/common">Extra-Euro area not allocated</Name>
        </Code>
        <Code id="W5" urn="urn:sdmx:org.sdmx.infomodel.codelist.Code=ECB:CL_AREA_EE(1.0).W5">
          <Name xml:lang="en" xmlns="http://www.sdmx.org/resources/sdmxml/schemas/v2_1/common">Extra-EU 25 (fixed composition) not allocated</Name>
        </Code>
        <Code id="W6" urn="urn:sdmx:org.sdmx.infomodel.codelist.Code=ECB:CL_AREA_EE(1.0).W6">
          <Name xml:lang="en" xmlns="http://www.sdmx.org/resources/sdmxml/schemas/v2_1/common">Residual for BOP &amp; IIP step 3 ECB needs (J2-DK-GB-SE-4A-D8-CH-CA-US-JP -C4-7Z)</Name>
        </Code>
        <Code id="W7" urn="urn:sdmx:org.sdmx.infomodel.codelist.Code=ECB:CL_AREA_EE(1.0).W7">
          <Name xml:lang="en" xmlns="http://www.sdmx.org/resources/sdmxml/schemas/v2_1/common">Intra-EU 25 (fixed composition) not allocated</Name>
        </Code>
        <Code id="W8" urn="urn:sdmx:org.sdmx.infomodel.codelist.Code=ECB:CL_AREA_EE(1.0).W8">
          <Name xml:lang="en" xmlns="http://www.sdmx.org/resources/sdmxml/schemas/v2_1/common">Intra-EU 27 (fixed composition) not allocated</Name>
        </Code>
        <Code id="W9" urn="urn:sdmx:org.sdmx.infomodel.codelist.Code=ECB:CL_AREA_EE(1.0).W9">
          <Name xml:lang="en" xmlns="http://www.sdmx.org/resources/sdmxml/schemas/v2_1/common">Extra-EU 27 (fixed composition) not allocated</Name>
        </Code>
        <Code id="WF" urn="urn:sdmx:org.sdmx.infomodel.codelist.Code=ECB:CL_AREA_EE(1.0).WF">
          <Name xml:lang="en" xmlns="http://www.sdmx.org/resources/sdmxml/schemas/v2_1/common">Wallis and Futuna</Name>
        </Code>
        <Code id="WS" urn="urn:sdmx:org.sdmx.infomodel.codelist.Code=ECB:CL_AREA_EE(1.0).WS">
          <Name xml:lang="en" xmlns="http://www.sdmx.org/resources/sdmxml/schemas/v2_1/common">Samoa</Name>
        </Code>
        <Code id="X0" urn="urn:sdmx:org.sdmx.infomodel.codelist.Code=ECB:CL_AREA_EE(1.0).X0">
          <Name xml:lang="en" xmlns="http://www.sdmx.org/resources/sdmxml/schemas/v2_1/common">Not applicable</Name>
        </Code>
        <Code id="YE" urn="urn:sdmx:org.sdmx.infomodel.codelist.Code=ECB:CL_AREA_EE(1.0).YE">
          <Name xml:lang="en" xmlns="http://www.sdmx.org/resources/sdmxml/schemas/v2_1/common">Yemen</Name>
        </Code>
        <Code id="YT" urn="urn:sdmx:org.sdmx.infomodel.codelist.Code=ECB:CL_AREA_EE(1.0).YT">
          <Name xml:lang="en" xmlns="http://www.sdmx.org/resources/sdmxml/schemas/v2_1/common">Mayotte</Name>
        </Code>
        <Code id="YU" urn="urn:sdmx:org.sdmx.infomodel.codelist.Code=ECB:CL_AREA_EE(1.0).YU">
          <Name xml:lang="en" xmlns="http://www.sdmx.org/resources/sdmxml/schemas/v2_1/common">Yugoslavia</Name>
        </Code>
        <Code id="Z0" urn="urn:sdmx:org.sdmx.infomodel.codelist.Code=ECB:CL_AREA_EE(1.0).Z0">
          <Name xml:lang="en" xmlns="http://www.sdmx.org/resources/sdmxml/schemas/v2_1/common">World not allocated (EU 12)</Name>
        </Code>
        <Code id="Z1" urn="urn:sdmx:org.sdmx.infomodel.codelist.Code=ECB:CL_AREA_EE(1.0).Z1">
          <Name xml:lang="en" xmlns="http://www.sdmx.org/resources/sdmxml/schemas/v2_1/common">World not allocated (EU 15)</Name>
        </Code>
        <Code id="Z2" urn="urn:sdmx:org.sdmx.infomodel.codelist.Code=ECB:CL_AREA_EE(1.0).Z2">
          <Name xml:lang="en" xmlns="http://www.sdmx.org/resources/sdmxml/schemas/v2_1/common">Intra-EU 12 (fixed composition) not allocated</Name>
        </Code>
        <Code id="Z3" urn="urn:sdmx:org.sdmx.infomodel.codelist.Code=ECB:CL_AREA_EE(1.0).Z3">
          <Name xml:lang="en" xmlns="http://www.sdmx.org/resources/sdmxml/schemas/v2_1/common">World not allocated (Euro area)</Name>
        </Code>
        <Code id="Z4" urn="urn:sdmx:org.sdmx.infomodel.codelist.Code=ECB:CL_AREA_EE(1.0).Z4">
          <Name xml:lang="en" xmlns="http://www.sdmx.org/resources/sdmxml/schemas/v2_1/common">Extra-EU 12 (fixed composition) not allocated</Name>
        </Code>
        <Code id="Z5" urn="urn:sdmx:org.sdmx.infomodel.codelist.Code=ECB:CL_AREA_EE(1.0).Z5">
          <Name xml:lang="en" xmlns="http://www.sdmx.org/resources/sdmxml/schemas/v2_1/common">World not allocated (geographically)</Name>
        </Code>
        <Code id="Z6" urn="urn:sdmx:org.sdmx.infomodel.codelist.Code=ECB:CL_AREA_EE(1.0).Z6">
          <Name xml:lang="en" xmlns="http://www.sdmx.org/resources/sdmxml/schemas/v2_1/common">Intra-EU 15 (fixed composition) not allocated</Name>
        </Code>
        <Code id="Z7" urn="urn:sdmx:org.sdmx.infomodel.codelist.Code=ECB:CL_AREA_EE(1.0).Z7">
          <Name xml:lang="en" xmlns="http://www.sdmx.org/resources/sdmxml/schemas/v2_1/common">Equally-shared control of UCIs (ultimate controlling institutional uni ts of a foreign affiliate) of more than one EU member state</Name>
        </Code>
        <Code id="Z8" urn="urn:sdmx:org.sdmx.infomodel.codelist.Code=ECB:CL_AREA_EE(1.0).Z8">
          <Name xml:lang="en" xmlns="http://www.sdmx.org/resources/sdmxml/schemas/v2_1/common">Extra-EU 15 (fixed composition) not allocated</Name>
        </Code>
        <Code id="Z9" urn="urn:sdmx:org.sdmx.infomodel.codelist.Code=ECB:CL_AREA_EE(1.0).Z9">
          <Name xml:lang="en" xmlns="http://www.sdmx.org/resources/sdmxml/schemas/v2_1/common">Rest of the World</Name>
        </Code>
        <Code id="ZA" urn="urn:sdmx:org.sdmx.infomodel.codelist.Code=ECB:CL_AREA_EE(1.0).ZA">
          <Name xml:lang="en" xmlns="http://www.sdmx.org/resources/sdmxml/schemas/v2_1/common">South Africa</Name>
        </Code>
        <Code id="ZM" urn="urn:sdmx:org.sdmx.infomodel.codelist.Code=ECB:CL_AREA_EE(1.0).ZM">
          <Name xml:lang="en" xmlns="http://www.sdmx.org/resources/sdmxml/schemas/v2_1/common">Zambia</Name>
        </Code>
        <Code id="ZW" urn="urn:sdmx:org.sdmx.infomodel.codelist.Code=ECB:CL_AREA_EE(1.0).ZW">
          <Name xml:lang="en" xmlns="http://www.sdmx.org/resources/sdmxml/schemas/v2_1/common">Zimbabwe</Name>
        </Code>
      </Codelist>
      <Codelist id="CL_COLLECTION" urn="urn:sdmx:org.sdmx.infomodel.codelist.Codelist=ECB:CL_COLLECTION(1.0)" agencyID="ECB" version="1.0" isFinal="false">
        <Name xml:lang="en" xmlns="http://www.sdmx.org/resources/sdmxml/schemas/v2_1/common">Collection indicator code list</Name>
        <Code id="A" urn="urn:sdmx:org.sdmx.infomodel.codelist.Code=ECB:CL_COLLECTION(1.0).A">
          <Name xml:lang="en" xmlns="http://www.sdmx.org/resources/sdmxml/schemas/v2_1/common">Average of observations through period</Name>
        </Code>
        <Code id="B" urn="urn:sdmx:org.sdmx.infomodel.codelist.Code=ECB:CL_COLLECTION(1.0).B">
          <Name xml:lang="en" xmlns="http://www.sdmx.org/resources/sdmxml/schemas/v2_1/common">Beginning of period</Name>
        </Code>
        <Code id="E" urn="urn:sdmx:org.sdmx.infomodel.codelist.Code=ECB:CL_COLLECTION(1.0).E">
          <Name xml:lang="en" xmlns="http://www.sdmx.org/resources/sdmxml/schemas/v2_1/common">End of period</Name>
        </Code>
        <Code id="H" urn="urn:sdmx:org.sdmx.infomodel.codelist.Code=ECB:CL_COLLECTION(1.0).H">
          <Name xml:lang="en" xmlns="http://www.sdmx.org/resources/sdmxml/schemas/v2_1/common">Highest in period</Name>
        </Code>
        <Code id="L" urn="urn:sdmx:org.sdmx.infomodel.codelist.Code=ECB:CL_COLLECTION(1.0).L">
          <Name xml:lang="en" xmlns="http://www.sdmx.org/resources/sdmxml/schemas/v2_1/common">Lowest in period</Name>
        </Code>
        <Code id="M" urn="urn:sdmx:org.sdmx.infomodel.codelist.Code=ECB:CL_COLLECTION(1.0).M">
          <Name xml:lang="en" xmlns="http://www.sdmx.org/resources/sdmxml/schemas/v2_1/common">Middle of period</Name>
        </Code>
        <Code id="S" urn="urn:sdmx:org.sdmx.infomodel.codelist.Code=ECB:CL_COLLECTION(1.0).S">
          <Name xml:lang="en" xmlns="http://www.sdmx.org/resources/sdmxml/schemas/v2_1/common">Summed through period</Name>
        </Code>
        <Code id="U" urn="urn:sdmx:org.sdmx.infomodel.codelist.Code=ECB:CL_COLLECTION(1.0).U">
          <Name xml:lang="en" xmlns="http://www.sdmx.org/resources/sdmxml/schemas/v2_1/common">Unknown</Name>
        </Code>
        <Code id="V" urn="urn:sdmx:org.sdmx.infomodel.codelist.Code=ECB:CL_COLLECTION(1.0).V">
          <Name xml:lang="en" xmlns="http://www.sdmx.org/resources/sdmxml/schemas/v2_1/common">Other</Name>
        </Code>
        <Code id="Y" urn="urn:sdmx:org.sdmx.infomodel.codelist.Code=ECB:CL_COLLECTION(1.0).Y">
          <Name xml:lang="en" xmlns="http://www.sdmx.org/resources/sdmxml/schemas/v2_1/common">Annualised summed</Name>
        </Code>
      </Codelist>
      <Codelist id="CL_FREQ" urn="urn:sdmx:org.sdmx.infomodel.codelist.Codelist=ECB:CL_FREQ(1.0)" agencyID="ECB" version="1.0" isFinal="false">
        <Name xml:lang="en" xmlns="http://www.sdmx.org/resources/sdmxml/schemas/v2_1/common">Frequency code list</Name>
        <Code id="A" urn="urn:sdmx:org.sdmx.infomodel.codelist.Code=ECB:CL_FREQ(1.0).A">
          <Name xml:lang="en" xmlns="http://www.sdmx.org/resources/sdmxml/schemas/v2_1/common">Annual</Name>
        </Code>
        <Code id="B" urn="urn:sdmx:org.sdmx.infomodel.codelist.Code=ECB:CL_FREQ(1.0).B">
          <Name xml:lang="en" xmlns="http://www.sdmx.org/resources/sdmxml/schemas/v2_1/common">Business (not supported)</Name>
        </Code>
        <Code id="D" urn="urn:sdmx:org.sdmx.infomodel.codelist.Code=ECB:CL_FREQ(1.0).D">
          <Name xml:lang="en" xmlns="http://www.sdmx.org/resources/sdmxml/schemas/v2_1/common">Daily</Name>
        </Code>
        <Code id="E" urn="urn:sdmx:org.sdmx.infomodel.codelist.Code=ECB:CL_FREQ(1.0).E">
          <Name xml:lang="en" xmlns="http://www.sdmx.org/resources/sdmxml/schemas/v2_1/common">Event (not supported)</Name>
        </Code>
        <Code id="H" urn="urn:sdmx:org.sdmx.infomodel.codelist.Code=ECB:CL_FREQ(1.0).H">
          <Name xml:lang="en" xmlns="http://www.sdmx.org/resources/sdmxml/schemas/v2_1/common">Half-yearly</Name>
        </Code>
        <Code id="M" urn="urn:sdmx:org.sdmx.infomodel.codelist.Code=ECB:CL_FREQ(1.0).M">
          <Name xml:lang="en" xmlns="http://www.sdmx.org/resources/sdmxml/schemas/v2_1/common">Monthly</Name>
        </Code>
        <Code id="Q" urn="urn:sdmx:org.sdmx.infomodel.codelist.Code=ECB:CL_FREQ(1.0).Q">
          <Name xml:lang="en" xmlns="http://www.sdmx.org/resources/sdmxml/schemas/v2_1/common">Quarterly</Name>
        </Code>
        <Code id="W" urn="urn:sdmx:org.sdmx.infomodel.codelist.Code=ECB:CL_FREQ(1.0).W">
          <Name xml:lang="en" xmlns="http://www.sdmx.org/resources/sdmxml/schemas/v2_1/common">Weekly</Name>
        </Code>
      </Codelist>
      <Codelist id="CL_OBS_CONF" urn="urn:sdmx:org.sdmx.infomodel.codelist.Codelist=ECB:CL_OBS_CONF(1.0)" agencyID="ECB" version="1.0" isFinal="false">
        <Name xml:lang="en" xmlns="http://www.sdmx.org/resources/sdmxml/schemas/v2_1/common">Observation confidentiality code list</Name>
        <Code id="C" urn="urn:sdmx:org.sdmx.infomodel.codelist.Code=ECB:CL_OBS_CONF(1.0).C">
          <Name xml:lang="en" xmlns="http://www.sdmx.org/resources/sdmxml/schemas/v2_1/common">Non-publishable and confidential</Name>
        </Code>
        <Code id="F" urn="urn:sdmx:org.sdmx.infomodel.codelist.Code=ECB:CL_OBS_CONF(1.0).F">
          <Name xml:lang="en" xmlns="http://www.sdmx.org/resources/sdmxml/schemas/v2_1/common">Free</Name>
        </Code>
        <Code id="N" urn="urn:sdmx:org.sdmx.infomodel.codelist.Code=ECB:CL_OBS_CONF(1.0).N">
          <Name xml:lang="en" xmlns="http://www.sdmx.org/resources/sdmxml/schemas/v2_1/common">Non-publishable, but non-confidential</Name>
        </Code>
        <Code id="R" urn="urn:sdmx:org.sdmx.infomodel.codelist.Code=ECB:CL_OBS_CONF(1.0).R">
          <Name xml:lang="en" xmlns="http://www.sdmx.org/resources/sdmxml/schemas/v2_1/common">Confidential statistical information due to identifiable respondents</Name>
        </Code>
        <Code id="D" urn="urn:sdmx:org.sdmx.infomodel.codelist.Code=ECB:CL_OBS_CONF(1.0).D">
          <Name xml:lang="en" xmlns="http://www.sdmx.org/resources/sdmxml/schemas/v2_1/common">Secondary confidentiality set by the sender, not for publication</Name>
        </Code>
        <Code id="S" urn="urn:sdmx:org.sdmx.infomodel.codelist.Code=ECB:CL_OBS_CONF(1.0).S">
          <Name xml:lang="en" xmlns="http://www.sdmx.org/resources/sdmxml/schemas/v2_1/common">INTERNAL EUROSTAT?: Secondary confidentiality set and managed  by the: receiver, not for publication</Name>
        </Code>
      </Codelist>
      <Codelist id="CL_OBS_STATUS" urn="urn:sdmx:org.sdmx.infomodel.codelist.Codelist=ECB:CL_OBS_STATUS(1.0)" agencyID="ECB" version="1.0" isFinal="false">
        <Name xml:lang="en" xmlns="http://www.sdmx.org/resources/sdmxml/schemas/v2_1/common">Observation status code list</Name>
        <Code id="A" urn="urn:sdmx:org.sdmx.infomodel.codelist.Code=ECB:CL_OBS_STATUS(1.0).A">
          <Name xml:lang="en" xmlns="http://www.sdmx.org/resources/sdmxml/schemas/v2_1/common">Normal value</Name>
        </Code>
        <Code id="B" urn="urn:sdmx:org.sdmx.infomodel.codelist.Code=ECB:CL_OBS_STATUS(1.0).B">
          <Name xml:lang="en" xmlns="http://www.sdmx.org/resources/sdmxml/schemas/v2_1/common">Break</Name>
        </Code>
        <Code id="E" urn="urn:sdmx:org.sdmx.infomodel.codelist.Code=ECB:CL_OBS_STATUS(1.0).E">
          <Name xml:lang="en" xmlns="http://www.sdmx.org/resources/sdmxml/schemas/v2_1/common">Estimated value</Name>
        </Code>
        <Code id="F" urn="urn:sdmx:org.sdmx.infomodel.codelist.Code=ECB:CL_OBS_STATUS(1.0).F">
          <Name xml:lang="en" xmlns="http://www.sdmx.org/resources/sdmxml/schemas/v2_1/common">Forecast value</Name>
        </Code>
        <Code id="H" urn="urn:sdmx:org.sdmx.infomodel.codelist.Code=ECB:CL_OBS_STATUS(1.0).H">
          <Name xml:lang="en" xmlns="http://www.sdmx.org/resources/sdmxml/schemas/v2_1/common">Missing value; holiday or weekend</Name>
        </Code>
        <Code id="L" urn="urn:sdmx:org.sdmx.infomodel.codelist.Code=ECB:CL_OBS_STATUS(1.0).L">
          <Name xml:lang="en" xmlns="http://www.sdmx.org/resources/sdmxml/schemas/v2_1/common">Missing value; data exist but were not collected</Name>
        </Code>
        <Code id="M" urn="urn:sdmx:org.sdmx.infomodel.codelist.Code=ECB:CL_OBS_STATUS(1.0).M">
          <Name xml:lang="en" xmlns="http://www.sdmx.org/resources/sdmxml/schemas/v2_1/common">Missing value; data cannot exist</Name>
        </Code>
        <Code id="P" urn="urn:sdmx:org.sdmx.infomodel.codelist.Code=ECB:CL_OBS_STATUS(1.0).P">
          <Name xml:lang="en" xmlns="http://www.sdmx.org/resources/sdmxml/schemas/v2_1/common">Provisional value</Name>
        </Code>
        <Code id="S" urn="urn:sdmx:org.sdmx.infomodel.codelist.Code=ECB:CL_OBS_STATUS(1.0).S">
          <Name xml:lang="en" xmlns="http://www.sdmx.org/resources/sdmxml/schemas/v2_1/common">Strike</Name>
        </Code>
        <Code id="Q" urn="urn:sdmx:org.sdmx.infomodel.codelist.Code=ECB:CL_OBS_STATUS(1.0).Q">
          <Name xml:lang="en" xmlns="http://www.sdmx.org/resources/sdmxml/schemas/v2_1/common">Missing value; suppressed</Name>
        </Code>
      </Codelist>
      <Codelist id="CL_UNIT" urn="urn:sdmx:org.sdmx.infomodel.codelist.Codelist=ECB:CL_UNIT(1.0)" agencyID="ECB" version="1.0" isFinal="false">
        <Name xml:lang="en" xmlns="http://www.sdmx.org/resources/sdmxml/schemas/v2_1/common">Unit code list</Name>
        <Code id="ARS" urn="urn:sdmx:org.sdmx.infomodel.codelist.Code=ECB:CL_UNIT(1.0).ARS">
          <Name xml:lang="en" xmlns="http://www.sdmx.org/resources/sdmxml/schemas/v2_1/common">Argentine peso</Name>
        </Code>
        <Code id="ATS" urn="urn:sdmx:org.sdmx.infomodel.codelist.Code=ECB:CL_UNIT(1.0).ATS">
          <Name xml:lang="en" xmlns="http://www.sdmx.org/resources/sdmxml/schemas/v2_1/common">Austrian Schilling</Name>
        </Code>
        <Code id="AUD" urn="urn:sdmx:org.sdmx.infomodel.codelist.Code=ECB:CL_UNIT(1.0).AUD">
          <Name xml:lang="en" xmlns="http://www.sdmx.org/resources/sdmxml/schemas/v2_1/common">Australian Dollar</Name>
        </Code>
        <Code id="BEF" urn="urn:sdmx:org.sdmx.infomodel.codelist.Code=ECB:CL_UNIT(1.0).BEF">
          <Name xml:lang="en" xmlns="http://www.sdmx.org/resources/sdmxml/schemas/v2_1/common">Belgian Franc</Name>
        </Code>
        <Code id="BEL" urn="urn:sdmx:org.sdmx.infomodel.codelist.Code=ECB:CL_UNIT(1.0).BEL">
          <Name xml:lang="en" xmlns="http://www.sdmx.org/resources/sdmxml/schemas/v2_1/common">Belgian Franc (Financial)</Name>
        </Code>
        <Code id="BGN" urn="urn:sdmx:org.sdmx.infomodel.codelist.Code=ECB:CL_UNIT(1.0).BGN">
          <Name xml:lang="en" xmlns="http://www.sdmx.org/resources/sdmxml/schemas/v2_1/common">Bulgarian Lev</Name>
        </Code>
        <Code id="BRL" urn="urn:sdmx:org.sdmx.infomodel.codelist.Code=ECB:CL_UNIT(1.0).BRL">
          <Name xml:lang="en" xmlns="http://www.sdmx.org/resources/sdmxml/schemas/v2_1/common">Brazilian real</Name>
        </Code>
        <Code id="CAD" urn="urn:sdmx:org.sdmx.infomodel.codelist.Code=ECB:CL_UNIT(1.0).CAD">
          <Name xml:lang="en" xmlns="http://www.sdmx.org/resources/sdmxml/schemas/v2_1/common">Canadian Dollar</Name>
        </Code>
        <Code id="CHF" urn="urn:sdmx:org.sdmx.infomodel.codelist.Code=ECB:CL_UNIT(1.0).CHF">
          <Name xml:lang="en" xmlns="http://www.sdmx.org/resources/sdmxml/schemas/v2_1/common">Swiss Franc</Name>
        </Code>
        <Code id="CNY" urn="urn:sdmx:org.sdmx.infomodel.codelist.Code=ECB:CL_UNIT(1.0).CNY">
          <Name xml:lang="en" xmlns="http://www.sdmx.org/resources/sdmxml/schemas/v2_1/common">Chinese Yuan Renminbi</Name>
        </Code>
        <Code id="CYP" urn="urn:sdmx:org.sdmx.infomodel.codelist.Code=ECB:CL_UNIT(1.0).CYP">
          <Name xml:lang="en" xmlns="http://www.sdmx.org/resources/sdmxml/schemas/v2_1/common">Cypriot Pound</Name>
        </Code>
        <Code id="CZK" urn="urn:sdmx:org.sdmx.infomodel.codelist.Code=ECB:CL_UNIT(1.0).CZK">
          <Name xml:lang="en" xmlns="http://www.sdmx.org/resources/sdmxml/schemas/v2_1/common">Czech Koruna</Name>
        </Code>
        <Code id="DAYS" urn="urn:sdmx:org.sdmx.infomodel.codelist.Code=ECB:CL_UNIT(1.0).DAYS">
          <Name xml:lang="en" xmlns="http://www.sdmx.org/resources/sdmxml/schemas/v2_1/common">Days</Name>
        </Code>
        <Code id="DEM" urn="urn:sdmx:org.sdmx.infomodel.codelist.Code=ECB:CL_UNIT(1.0).DEM">
          <Name xml:lang="en" xmlns="http://www.sdmx.org/resources/sdmxml/schemas/v2_1/common">German Mark</Name>
        </Code>
        <Code id="DKK" urn="urn:sdmx:org.sdmx.infomodel.codelist.Code=ECB:CL_UNIT(1.0).DKK">
          <Name xml:lang="en" xmlns="http://www.sdmx.org/resources/sdmxml/schemas/v2_1/common">Danish Krone</Name>
        </Code>
        <Code id="DZD" urn="urn:sdmx:org.sdmx.infomodel.codelist.Code=ECB:CL_UNIT(1.0).DZD">
          <Name xml:lang="en" xmlns="http://www.sdmx.org/resources/sdmxml/schemas/v2_1/common">Algerian dinar</Name>
        </Code>
        <Code id="EEK" urn="urn:sdmx:org.sdmx.infomodel.codelist.Code=ECB:CL_UNIT(1.0).EEK">
          <Name xml:lang="en" xmlns="http://www.sdmx.org/resources/sdmxml/schemas/v2_1/common">Estonian Kroon</Name>
        </Code>
        <Code id="ESP" urn="urn:sdmx:org.sdmx.infomodel.codelist.Code=ECB:CL_UNIT(1.0).ESP">
          <Name xml:lang="en" xmlns="http://www.sdmx.org/resources/sdmxml/schemas/v2_1/common">Spanish Peseta</Name>
        </Code>
        <Code id="EUR" urn="urn:sdmx:org.sdmx.infomodel.codelist.Code=ECB:CL_UNIT(1.0).EUR">
          <Name xml:lang="en" xmlns="http://www.sdmx.org/resources/sdmxml/schemas/v2_1/common">Euro</Name>
        </Code>
        <Code id="FIM" urn="urn:sdmx:org.sdmx.infomodel.codelist.Code=ECB:CL_UNIT(1.0).FIM">
          <Name xml:lang="en" xmlns="http://www.sdmx.org/resources/sdmxml/schemas/v2_1/common">Finnish Markka</Name>
        </Code>
        <Code id="FRF" urn="urn:sdmx:org.sdmx.infomodel.codelist.Code=ECB:CL_UNIT(1.0).FRF">
          <Name xml:lang="en" xmlns="http://www.sdmx.org/resources/sdmxml/schemas/v2_1/common">French Franc</Name>
        </Code>
        <Code id="GBP" urn="urn:sdmx:org.sdmx.infomodel.codelist.Code=ECB:CL_UNIT(1.0).GBP">
          <Name xml:lang="en" xmlns="http://www.sdmx.org/resources/sdmxml/schemas/v2_1/common">UK Pound Sterling</Name>
        </Code>
        <Code id="GRD" urn="urn:sdmx:org.sdmx.infomodel.codelist.Code=ECB:CL_UNIT(1.0).GRD">
          <Name xml:lang="en" xmlns="http://www.sdmx.org/resources/sdmxml/schemas/v2_1/common">Greek Drachma</Name>
        </Code>
        <Code id="HKD" urn="urn:sdmx:org.sdmx.infomodel.codelist.Code=ECB:CL_UNIT(1.0).HKD">
          <Name xml:lang="en" xmlns="http://www.sdmx.org/resources/sdmxml/schemas/v2_1/common">Hong Kong Dollar</Name>
        </Code>
        <Code id="HOURS" urn="urn:sdmx:org.sdmx.infomodel.codelist.Code=ECB:CL_UNIT(1.0).HOURS">
          <Name xml:lang="en" xmlns="http://www.sdmx.org/resources/sdmxml/schemas/v2_1/common">Hours</Name>
        </Code>
        <Code id="HRK" urn="urn:sdmx:org.sdmx.infomodel.codelist.Code=ECB:CL_UNIT(1.0).HRK">
          <Name xml:lang="en" xmlns="http://www.sdmx.org/resources/sdmxml/schemas/v2_1/common">Croatian kuna</Name>
        </Code>
        <Code id="HUF" urn="urn:sdmx:org.sdmx.infomodel.codelist.Code=ECB:CL_UNIT(1.0).HUF">
          <Name xml:lang="en" xmlns="http://www.sdmx.org/resources/sdmxml/schemas/v2_1/common">Hungarian Forint</Name>
        </Code>
        <Code id="IDR" urn="urn:sdmx:org.sdmx.infomodel.codelist.Code=ECB:CL_UNIT(1.0).IDR">
          <Name xml:lang="en" xmlns="http://www.sdmx.org/resources/sdmxml/schemas/v2_1/common">Indonesian rupiah</Name>
        </Code>
        <Code id="IEP" urn="urn:sdmx:org.sdmx.infomodel.codelist.Code=ECB:CL_UNIT(1.0).IEP">
          <Name xml:lang="en" xmlns="http://www.sdmx.org/resources/sdmxml/schemas/v2_1/common">Irish Pound</Name>
        </Code>
        <Code id="ILS" urn="urn:sdmx:org.sdmx.infomodel.codelist.Code=ECB:CL_UNIT(1.0).ILS">
          <Name xml:lang="en" xmlns="http://www.sdmx.org/resources/sdmxml/schemas/v2_1/common">Israeli shekel</Name>
        </Code>
        <Code id="INR" urn="urn:sdmx:org.sdmx.infomodel.codelist.Code=ECB:CL_UNIT(1.0).INR">
          <Name xml:lang="en" xmlns="http://www.sdmx.org/resources/sdmxml/schemas/v2_1/common">Indian Rupee</Name>
        </Code>
        <Code id="ISK" urn="urn:sdmx:org.sdmx.infomodel.codelist.Code=ECB:CL_UNIT(1.0).ISK">
          <Name xml:lang="en" xmlns="http://www.sdmx.org/resources/sdmxml/schemas/v2_1/common">Iceland Krona</Name>
        </Code>
        <Code id="ITL" urn="urn:sdmx:org.sdmx.infomodel.codelist.Code=ECB:CL_UNIT(1.0).ITL">
          <Name xml:lang="en" xmlns="http://www.sdmx.org/resources/sdmxml/schemas/v2_1/common">Italian Lira</Name>
        </Code>
        <Code id="JPY" urn="urn:sdmx:org.sdmx.infomodel.codelist.Code=ECB:CL_UNIT(1.0).JPY">
          <Name xml:lang="en" xmlns="http://www.sdmx.org/resources/sdmxml/schemas/v2_1/common">Japanese Yen</Name>
        </Code>
        <Code id="KILO" urn="urn:sdmx:org.sdmx.infomodel.codelist.Code=ECB:CL_UNIT(1.0).KILO">
          <Name xml:lang="en" xmlns="http://www.sdmx.org/resources/sdmxml/schemas/v2_1/common">Kilograms</Name>
        </Code>
        <Code id="KLITRE" urn="urn:sdmx:org.sdmx.infomodel.codelist.Code=ECB:CL_UNIT(1.0).KLITRE">
          <Name xml:lang="en" xmlns="http://www.sdmx.org/resources/sdmxml/schemas/v2_1/common">Kilolitres</Name>
        </Code>
        <Code id="KRW" urn="urn:sdmx:org.sdmx.infomodel.codelist.Code=ECB:CL_UNIT(1.0).KRW">
          <Name xml:lang="en" xmlns="http://www.sdmx.org/resources/sdmxml/schemas/v2_1/common">Korean Won (Republic)</Name>
        </Code>
        <Code id="LITRES" urn="urn:sdmx:org.sdmx.infomodel.codelist.Code=ECB:CL_UNIT(1.0).LITRES">
          <Name xml:lang="en" xmlns="http://www.sdmx.org/resources/sdmxml/schemas/v2_1/common">Litres</Name>
        </Code>
        <Code id="LKR" urn="urn:sdmx:org.sdmx.infomodel.codelist.Code=ECB:CL_UNIT(1.0).LKR">
          <Name xml:lang="en" xmlns="http://www.sdmx.org/resources/sdmxml/schemas/v2_1/common">Sri Lanka Rupee</Name>
        </Code>
        <Code id="LTL" urn="urn:sdmx:org.sdmx.infomodel.codelist.Code=ECB:CL_UNIT(1.0).LTL">
          <Name xml:lang="en" xmlns="http://www.sdmx.org/resources/sdmxml/schemas/v2_1/common">Lithuanian Litas</Name>
        </Code>
        <Code id="LUF" urn="urn:sdmx:org.sdmx.infomodel.codelist.Code=ECB:CL_UNIT(1.0).LUF">
          <Name xml:lang="en" xmlns="http://www.sdmx.org/resources/sdmxml/schemas/v2_1/common">Luxembourg Franc</Name>
        </Code>
        <Code id="LVL" urn="urn:sdmx:org.sdmx.infomodel.codelist.Code=ECB:CL_UNIT(1.0).LVL">
          <Name xml:lang="en" xmlns="http://www.sdmx.org/resources/sdmxml/schemas/v2_1/common">Latvian Lats</Name>
        </Code>
        <Code id="MAD" urn="urn:sdmx:org.sdmx.infomodel.codelist.Code=ECB:CL_UNIT(1.0).MAD">
          <Name xml:lang="en" xmlns="http://www.sdmx.org/resources/sdmxml/schemas/v2_1/common">Moroccan dirham</Name>
        </Code>
        <Code id="MAN-DY" urn="urn:sdmx:org.sdmx.infomodel.codelist.Code=ECB:CL_UNIT(1.0).MAN-DY">
          <Name xml:lang="en" xmlns="http://www.sdmx.org/resources/sdmxml/schemas/v2_1/common">Man Days</Name>
        </Code>
        <Code id="MAN-YR" urn="urn:sdmx:org.sdmx.infomodel.codelist.Code=ECB:CL_UNIT(1.0).MAN-YR">
          <Name xml:lang="en" xmlns="http://www.sdmx.org/resources/sdmxml/schemas/v2_1/common">Man Years</Name>
        </Code>
        <Code id="MONTHS" urn="urn:sdmx:org.sdmx.infomodel.codelist.Code=ECB:CL_UNIT(1.0).MONTHS">
          <Name xml:lang="en" xmlns="http://www.sdmx.org/resources/sdmxml/schemas/v2_1/common">Months</Name>
        </Code>
        <Code id="MTL" urn="urn:sdmx:org.sdmx.infomodel.codelist.Code=ECB:CL_UNIT(1.0).MTL">
          <Name xml:lang="en" xmlns="http://www.sdmx.org/resources/sdmxml/schemas/v2_1/common">Maltese Lira</Name>
        </Code>
        <Code id="MXN" urn="urn:sdmx:org.sdmx.infomodel.codelist.Code=ECB:CL_UNIT(1.0).MXN">
          <Name xml:lang="en" xmlns="http://www.sdmx.org/resources/sdmxml/schemas/v2_1/common">Mexican Peso</Name>
        </Code>
        <Code id="MXP" urn="urn:sdmx:org.sdmx.infomodel.codelist.Code=ECB:CL_UNIT(1.0).MXP">
          <Name xml:lang="en" xmlns="http://www.sdmx.org/resources/sdmxml/schemas/v2_1/common">Mexican peso (old)</Name>
        </Code>
        <Code id="MYR" urn="urn:sdmx:org.sdmx.infomodel.codelist.Code=ECB:CL_UNIT(1.0).MYR">
          <Name xml:lang="en" xmlns="http://www.sdmx.org/resources/sdmxml/schemas/v2_1/common">Malaysian Ringgit</Name>
        </Code>
        <Code id="NATCUR" urn="urn:sdmx:org.sdmx.infomodel.codelist.Code=ECB:CL_UNIT(1.0).NATCUR">
          <Name xml:lang="en" xmlns="http://www.sdmx.org/resources/sdmxml/schemas/v2_1/common">National Currency</Name>
        </Code>
        <Code id="NLG" urn="urn:sdmx:org.sdmx.infomodel.codelist.Code=ECB:CL_UNIT(1.0).NLG">
          <Name xml:lang="en" xmlns="http://www.sdmx.org/resources/sdmxml/schemas/v2_1/common">Netherlands Guilder</Name>
        </Code>
        <Code id="NOK" urn="urn:sdmx:org.sdmx.infomodel.codelist.Code=ECB:CL_UNIT(1.0).NOK">
          <Name xml:lang="en" xmlns="http://www.sdmx.org/resources/sdmxml/schemas/v2_1/common">Norwegian krone</Name>
        </Code>
        <Code id="NZD" urn="urn:sdmx:org.sdmx.infomodel.codelist.Code=ECB:CL_UNIT(1.0).NZD">
          <Name xml:lang="en" xmlns="http://www.sdmx.org/resources/sdmxml/schemas/v2_1/common">New Zealand Dollar</Name>
        </Code>
        <Code id="OUNCES" urn="urn:sdmx:org.sdmx.infomodel.codelist.Code=ECB:CL_UNIT(1.0).OUNCES">
          <Name xml:lang="en" xmlns="http://www.sdmx.org/resources/sdmxml/schemas/v2_1/common">Ounces</Name>
        </Code>
        <Code id="PC" urn="urn:sdmx:org.sdmx.infomodel.codelist.Code=ECB:CL_UNIT(1.0).PC">
          <Name xml:lang="en" xmlns="http://www.sdmx.org/resources/sdmxml/schemas/v2_1/common">Percent</Name>
        </Code>
        <Code id="PCPA" urn="urn:sdmx:org.sdmx.infomodel.codelist.Code=ECB:CL_UNIT(1.0).PCPA">
          <Name xml:lang="en" xmlns="http://www.sdmx.org/resources/sdmxml/schemas/v2_1/common">Percent per annum</Name>
        </Code>
        <Code id="PERS" urn="urn:sdmx:org.sdmx.infomodel.codelist.Code=ECB:CL_UNIT(1.0).PERS">
          <Name xml:lang="en" xmlns="http://www.sdmx.org/resources/sdmxml/schemas/v2_1/common">Persons</Name>
        </Code>
        <Code id="PHP" urn="urn:sdmx:org.sdmx.infomodel.codelist.Code=ECB:CL_UNIT(1.0).PHP">
          <Name xml:lang="en" xmlns="http://www.sdmx.org/resources/sdmxml/schemas/v2_1/common">Philippine peso</Name>
        </Code>
        <Code id="PLN" urn="urn:sdmx:org.sdmx.infomodel.codelist.Code=ECB:CL_UNIT(1.0).PLN">
          <Name xml:lang="en" xmlns="http://www.sdmx.org/resources/sdmxml/schemas/v2_1/common">Polish zloty</Name>
        </Code>
        <Code id="PM" urn="urn:sdmx:org.sdmx.infomodel.codelist.Code=ECB:CL_UNIT(1.0).PM">
          <Name xml:lang="en" xmlns="http://www.sdmx.org/resources/sdmxml/schemas/v2_1/common">Per thousand</Name>
        </Code>
        <Code id="POINTS" urn="urn:sdmx:org.sdmx.infomodel.codelist.Code=ECB:CL_UNIT(1.0).POINTS">
          <Name xml:lang="en" xmlns="http://www.sdmx.org/resources/sdmxml/schemas/v2_1/common">Points</Name>
        </Code>
        <Code id="PTE" urn="urn:sdmx:org.sdmx.infomodel.codelist.Code=ECB:CL_UNIT(1.0).PTE">
          <Name xml:lang="en" xmlns="http://www.sdmx.org/resources/sdmxml/schemas/v2_1/common">Portugese Escudo</Name>
        </Code>
        <Code id="PURE_NUMB" urn="urn:sdmx:org.sdmx.infomodel.codelist.Code=ECB:CL_UNIT(1.0).PURE_NUMB">
          <Name xml:lang="en" xmlns="http://www.sdmx.org/resources/sdmxml/schemas/v2_1/common">Pure number</Name>
        </Code>
        <Code id="ROL" urn="urn:sdmx:org.sdmx.infomodel.codelist.Code=ECB:CL_UNIT(1.0).ROL">
          <Name xml:lang="en" xmlns="http://www.sdmx.org/resources/sdmxml/schemas/v2_1/common">Romanian leu (old)</Name>
        </Code>
        <Code id="RUB" urn="urn:sdmx:org.sdmx.infomodel.codelist.Code=ECB:CL_UNIT(1.0).RUB">
          <Name xml:lang="en" xmlns="http://www.sdmx.org/resources/sdmxml/schemas/v2_1/common">Rouble</Name>
        </Code>
        <Code id="SAR" urn="urn:sdmx:org.sdmx.infomodel.codelist.Code=ECB:CL_UNIT(1.0).SAR">
          <Name xml:lang="en" xmlns="http://www.sdmx.org/resources/sdmxml/schemas/v2_1/common">Saudi Riyal</Name>
        </Code>
        <Code id="SEK" urn="urn:sdmx:org.sdmx.infomodel.codelist.Code=ECB:CL_UNIT(1.0).SEK">
          <Name xml:lang="en" xmlns="http://www.sdmx.org/resources/sdmxml/schemas/v2_1/common">Swedish Krona</Name>
        </Code>
        <Code id="SGD" urn="urn:sdmx:org.sdmx.infomodel.codelist.Code=ECB:CL_UNIT(1.0).SGD">
          <Name xml:lang="en" xmlns="http://www.sdmx.org/resources/sdmxml/schemas/v2_1/common">Singapore Dollar</Name>
        </Code>
        <Code id="SIT" urn="urn:sdmx:org.sdmx.infomodel.codelist.Code=ECB:CL_UNIT(1.0).SIT">
          <Name xml:lang="en" xmlns="http://www.sdmx.org/resources/sdmxml/schemas/v2_1/common">Slovenian Tolar</Name>
        </Code>
        <Code id="SKK" urn="urn:sdmx:org.sdmx.infomodel.codelist.Code=ECB:CL_UNIT(1.0).SKK">
          <Name xml:lang="en" xmlns="http://www.sdmx.org/resources/sdmxml/schemas/v2_1/common">Slovak Koruna</Name>
        </Code>
        <Code id="SQ_M" urn="urn:sdmx:org.sdmx.infomodel.codelist.Code=ECB:CL_UNIT(1.0).SQ_M">
          <Name xml:lang="en" xmlns="http://www.sdmx.org/resources/sdmxml/schemas/v2_1/common">Square Metres</Name>
        </Code>
        <Code id="THB" urn="urn:sdmx:org.sdmx.infomodel.codelist.Code=ECB:CL_UNIT(1.0).THB">
          <Name xml:lang="en" xmlns="http://www.sdmx.org/resources/sdmxml/schemas/v2_1/common">Thai Bhat</Name>
        </Code>
        <Code id="TONNES" urn="urn:sdmx:org.sdmx.infomodel.codelist.Code=ECB:CL_UNIT(1.0).TONNES">
          <Name xml:lang="en" xmlns="http://www.sdmx.org/resources/sdmxml/schemas/v2_1/common">Tonnes</Name>
        </Code>
        <Code id="TRL" urn="urn:sdmx:org.sdmx.infomodel.codelist.Code=ECB:CL_UNIT(1.0).TRL">
          <Name xml:lang="en" xmlns="http://www.sdmx.org/resources/sdmxml/schemas/v2_1/common">Turkish lira (old)</Name>
        </Code>
        <Code id="TRY" urn="urn:sdmx:org.sdmx.infomodel.codelist.Code=ECB:CL_UNIT(1.0).TRY">
          <Name xml:lang="en" xmlns="http://www.sdmx.org/resources/sdmxml/schemas/v2_1/common">Turkish lira</Name>
        </Code>
        <Code id="TWD" urn="urn:sdmx:org.sdmx.infomodel.codelist.Code=ECB:CL_UNIT(1.0).TWD">
          <Name xml:lang="en" xmlns="http://www.sdmx.org/resources/sdmxml/schemas/v2_1/common">New Taiwan Dollar</Name>
        </Code>
        <Code id="UNITS" urn="urn:sdmx:org.sdmx.infomodel.codelist.Code=ECB:CL_UNIT(1.0).UNITS">
          <Name xml:lang="en" xmlns="http://www.sdmx.org/resources/sdmxml/schemas/v2_1/common">Unit described in title</Name>
        </Code>
        <Code id="USD" urn="urn:sdmx:org.sdmx.infomodel.codelist.Code=ECB:CL_UNIT(1.0).USD">
          <Name xml:lang="en" xmlns="http://www.sdmx.org/resources/sdmxml/schemas/v2_1/common">US Dollar</Name>
        </Code>
        <Code id="XDR" urn="urn:sdmx:org.sdmx.infomodel.codelist.Code=ECB:CL_UNIT(1.0).XDR">
          <Name xml:lang="en" xmlns="http://www.sdmx.org/resources/sdmxml/schemas/v2_1/common">Special Drawing Rights (S.D.R.)</Name>
        </Code>
        <Code id="XEU" urn="urn:sdmx:org.sdmx.infomodel.codelist.Code=ECB:CL_UNIT(1.0).XEU">
          <Name xml:lang="en" xmlns="http://www.sdmx.org/resources/sdmxml/schemas/v2_1/common">European Currency Unit (E.C.U.)</Name>
        </Code>
        <Code id="ZAR" urn="urn:sdmx:org.sdmx.infomodel.codelist.Code=ECB:CL_UNIT(1.0).ZAR">
          <Name xml:lang="en" xmlns="http://www.sdmx.org/resources/sdmxml/schemas/v2_1/common">South African Rand</Name>
        </Code>
        <Code id="AFN" urn="urn:sdmx:org.sdmx.infomodel.codelist.Code=ECB:CL_UNIT(1.0).AFN">
          <Name xml:lang="en" xmlns="http://www.sdmx.org/resources/sdmxml/schemas/v2_1/common">Afghanistan, Afghanis</Name>
        </Code>
        <Code id="AOA" urn="urn:sdmx:org.sdmx.infomodel.codelist.Code=ECB:CL_UNIT(1.0).AOA">
          <Name xml:lang="en" xmlns="http://www.sdmx.org/resources/sdmxml/schemas/v2_1/common">Angolan kwanza</Name>
        </Code>
        <Code id="AZN" urn="urn:sdmx:org.sdmx.infomodel.codelist.Code=ECB:CL_UNIT(1.0).AZN">
          <Name xml:lang="en" xmlns="http://www.sdmx.org/resources/sdmxml/schemas/v2_1/common">Azerbaijan, manats</Name>
        </Code>
        <Code id="BYR" urn="urn:sdmx:org.sdmx.infomodel.codelist.Code=ECB:CL_UNIT(1.0).BYR">
          <Name xml:lang="en" xmlns="http://www.sdmx.org/resources/sdmxml/schemas/v2_1/common">Belarus, Rubles</Name>
        </Code>
        <Code id="CLP" urn="urn:sdmx:org.sdmx.infomodel.codelist.Code=ECB:CL_UNIT(1.0).CLP">
          <Name xml:lang="en" xmlns="http://www.sdmx.org/resources/sdmxml/schemas/v2_1/common">Chilean peso</Name>
        </Code>
        <Code id="COP" urn="urn:sdmx:org.sdmx.infomodel.codelist.Code=ECB:CL_UNIT(1.0).COP">
          <Name xml:lang="en" xmlns="http://www.sdmx.org/resources/sdmxml/schemas/v2_1/common">Colombian peso</Name>
        </Code>
        <Code id="CSD" urn="urn:sdmx:org.sdmx.infomodel.codelist.Code=ECB:CL_UNIT(1.0).CSD">
          <Name xml:lang="en" xmlns="http://www.sdmx.org/resources/sdmxml/schemas/v2_1/common">Serbian dinar</Name>
        </Code>
        <Code id="EGP" urn="urn:sdmx:org.sdmx.infomodel.codelist.Code=ECB:CL_UNIT(1.0).EGP">
          <Name xml:lang="en" xmlns="http://www.sdmx.org/resources/sdmxml/schemas/v2_1/common">Egyptian pound</Name>
        </Code>
        <Code id="GGP" urn="urn:sdmx:org.sdmx.infomodel.codelist.Code=ECB:CL_UNIT(1.0).GGP">
          <Name xml:lang="en" xmlns="http://www.sdmx.org/resources/sdmxml/schemas/v2_1/common">Guernsey, Pounds</Name>
        </Code>
        <Code id="IMP" urn="urn:sdmx:org.sdmx.infomodel.codelist.Code=ECB:CL_UNIT(1.0).IMP">
          <Name xml:lang="en" xmlns="http://www.sdmx.org/resources/sdmxml/schemas/v2_1/common">Isle of Man, Pounds</Name>
        </Code>
        <Code id="IQD" urn="urn:sdmx:org.sdmx.infomodel.codelist.Code=ECB:CL_UNIT(1.0).IQD">
          <Name xml:lang="en" xmlns="http://www.sdmx.org/resources/sdmxml/schemas/v2_1/common">Iraqi dinar</Name>
        </Code>
        <Code id="IRR" urn="urn:sdmx:org.sdmx.infomodel.codelist.Code=ECB:CL_UNIT(1.0).IRR">
          <Name xml:lang="en" xmlns="http://www.sdmx.org/resources/sdmxml/schemas/v2_1/common">Iranian rial</Name>
        </Code>
        <Code id="JEP" urn="urn:sdmx:org.sdmx.infomodel.codelist.Code=ECB:CL_UNIT(1.0).JEP">
          <Name xml:lang="en" xmlns="http://www.sdmx.org/resources/sdmxml/schemas/v2_1/common">Jersey, Pounds</Name>
        </Code>
        <Code id="JOD" urn="urn:sdmx:org.sdmx.infomodel.codelist.Code=ECB:CL_UNIT(1.0).JOD">
          <Name xml:lang="en" xmlns="http://www.sdmx.org/resources/sdmxml/schemas/v2_1/common">Jordanian dinar</Name>
        </Code>
        <Code id="KPW" urn="urn:sdmx:org.sdmx.infomodel.codelist.Code=ECB:CL_UNIT(1.0).KPW">
          <Name xml:lang="en" xmlns="http://www.sdmx.org/resources/sdmxml/schemas/v2_1/common">Korean won (North)</Name>
        </Code>
        <Code id="KWD" urn="urn:sdmx:org.sdmx.infomodel.codelist.Code=ECB:CL_UNIT(1.0).KWD">
          <Name xml:lang="en" xmlns="http://www.sdmx.org/resources/sdmxml/schemas/v2_1/common">Kuwait dinar</Name>
        </Code>
        <Code id="LBP" urn="urn:sdmx:org.sdmx.infomodel.codelist.Code=ECB:CL_UNIT(1.0).LBP">
          <Name xml:lang="en" xmlns="http://www.sdmx.org/resources/sdmxml/schemas/v2_1/common">Lebanese pound</Name>
        </Code>
        <Code id="LYD" urn="urn:sdmx:org.sdmx.infomodel.codelist.Code=ECB:CL_UNIT(1.0).LYD">
          <Name xml:lang="en" xmlns="http://www.sdmx.org/resources/sdmxml/schemas/v2_1/common">Libyan dinar</Name>
        </Code>
        <Code id="MGA" urn="urn:sdmx:org.sdmx.infomodel.codelist.Code=ECB:CL_UNIT(1.0).MGA">
          <Name xml:lang="en" xmlns="http://www.sdmx.org/resources/sdmxml/schemas/v2_1/common">Madagascar, Ariary</Name>
        </Code>
        <Code id="MZN" urn="urn:sdmx:org.sdmx.infomodel.codelist.Code=ECB:CL_UNIT(1.0).MZN">
          <Name xml:lang="en" xmlns="http://www.sdmx.org/resources/sdmxml/schemas/v2_1/common">Mozambique, Meticais</Name>
        </Code>
        <Code id="PCT" urn="urn:sdmx:org.sdmx.infomodel.codelist.Code=ECB:CL_UNIT(1.0).PCT">
          <Name xml:lang="en" xmlns="http://www.sdmx.org/resources/sdmxml/schemas/v2_1/common">Percentage of change</Name>
        </Code>
        <Code id="PEN" urn="urn:sdmx:org.sdmx.infomodel.codelist.Code=ECB:CL_UNIT(1.0).PEN">
          <Name xml:lang="en" xmlns="http://www.sdmx.org/resources/sdmxml/schemas/v2_1/common">Peru nuevo sol</Name>
        </Code>
        <Code id="PKR" urn="urn:sdmx:org.sdmx.infomodel.codelist.Code=ECB:CL_UNIT(1.0).PKR">
          <Name xml:lang="en" xmlns="http://www.sdmx.org/resources/sdmxml/schemas/v2_1/common">Pakistan rupee</Name>
        </Code>
        <Code id="RON" urn="urn:sdmx:org.sdmx.infomodel.codelist.Code=ECB:CL_UNIT(1.0).RON">
          <Name xml:lang="en" xmlns="http://www.sdmx.org/resources/sdmxml/schemas/v2_1/common">Romanian leu</Name>
        </Code>
        <Code id="SDG" urn="urn:sdmx:org.sdmx.infomodel.codelist.Code=ECB:CL_UNIT(1.0).SDG">
          <Name xml:lang="en" xmlns="http://www.sdmx.org/resources/sdmxml/schemas/v2_1/common">Sudan, Dinars</Name>
        </Code>
        <Code id="SPL" urn="urn:sdmx:org.sdmx.infomodel.codelist.Code=ECB:CL_UNIT(1.0).SPL">
          <Name xml:lang="en" xmlns="http://www.sdmx.org/resources/sdmxml/schemas/v2_1/common">Seborga, Luigini</Name>
        </Code>
        <Code id="SRD" urn="urn:sdmx:org.sdmx.infomodel.codelist.Code=ECB:CL_UNIT(1.0).SRD">
          <Name xml:lang="en" xmlns="http://www.sdmx.org/resources/sdmxml/schemas/v2_1/common">Suriname, Dollars</Name>
        </Code>
        <Code id="SYP" urn="urn:sdmx:org.sdmx.infomodel.codelist.Code=ECB:CL_UNIT(1.0).SYP">
          <Name xml:lang="en" xmlns="http://www.sdmx.org/resources/sdmxml/schemas/v2_1/common">Syrian pound</Name>
        </Code>
        <Code id="TJS" urn="urn:sdmx:org.sdmx.infomodel.codelist.Code=ECB:CL_UNIT(1.0).TJS">
          <Name xml:lang="en" xmlns="http://www.sdmx.org/resources/sdmxml/schemas/v2_1/common">Tajikistan, Somoni</Name>
        </Code>
        <Code id="TND" urn="urn:sdmx:org.sdmx.infomodel.codelist.Code=ECB:CL_UNIT(1.0).TND">
          <Name xml:lang="en" xmlns="http://www.sdmx.org/resources/sdmxml/schemas/v2_1/common">Tunisian dinar</Name>
        </Code>
        <Code id="TVD" urn="urn:sdmx:org.sdmx.infomodel.codelist.Code=ECB:CL_UNIT(1.0).TVD">
          <Name xml:lang="en" xmlns="http://www.sdmx.org/resources/sdmxml/schemas/v2_1/common">Tuvalu, Tuvalu Dollars</Name>
        </Code>
        <Code id="UAH" urn="urn:sdmx:org.sdmx.infomodel.codelist.Code=ECB:CL_UNIT(1.0).UAH">
          <Name xml:lang="en" xmlns="http://www.sdmx.org/resources/sdmxml/schemas/v2_1/common">Ukraine hryvnia</Name>
        </Code>
        <Code id="VEB" urn="urn:sdmx:org.sdmx.infomodel.codelist.Code=ECB:CL_UNIT(1.0).VEB">
          <Name xml:lang="en" xmlns="http://www.sdmx.org/resources/sdmxml/schemas/v2_1/common">Venezuela bolivar</Name>
        </Code>
        <Code id="XAG" urn="urn:sdmx:org.sdmx.infomodel.codelist.Code=ECB:CL_UNIT(1.0).XAG">
          <Name xml:lang="en" xmlns="http://www.sdmx.org/resources/sdmxml/schemas/v2_1/common">Silver</Name>
        </Code>
        <Code id="XPD" urn="urn:sdmx:org.sdmx.infomodel.codelist.Code=ECB:CL_UNIT(1.0).XPD">
          <Name xml:lang="en" xmlns="http://www.sdmx.org/resources/sdmxml/schemas/v2_1/common">Palladium Ounces</Name>
        </Code>
        <Code id="XPT" urn="urn:sdmx:org.sdmx.infomodel.codelist.Code=ECB:CL_UNIT(1.0).XPT">
          <Name xml:lang="en" xmlns="http://www.sdmx.org/resources/sdmxml/schemas/v2_1/common">Platinum, Ounces</Name>
        </Code>
        <Code id="YEARS" urn="urn:sdmx:org.sdmx.infomodel.codelist.Code=ECB:CL_UNIT(1.0).YEARS">
          <Name xml:lang="en" xmlns="http://www.sdmx.org/resources/sdmxml/schemas/v2_1/common">Years</Name>
        </Code>
        <Code id="ZWN" urn="urn:sdmx:org.sdmx.infomodel.codelist.Code=ECB:CL_UNIT(1.0).ZWN">
          <Name xml:lang="en" xmlns="http://www.sdmx.org/resources/sdmxml/schemas/v2_1/common">Zimbabwe, Zimbabwe Dollars</Name>
        </Code>
      </Codelist>
      <Codelist id="CL_AVAILABILITY" urn="urn:sdmx:org.sdmx.infomodel.codelist.Codelist=ESTAT:CL_AVAILABILITY(1.0)" agencyID="ESTAT" version="1.0" isFinal="false">
        <Name xml:lang="en" xmlns="http://www.sdmx.org/resources/sdmxml/schemas/v2_1/common">Organisation availability code list</Name>
        <Code id="A" urn="urn:sdmx:org.sdmx.infomodel.codelist.Code=ESTAT:CL_AVAILABILITY(1.0).A">
          <Name xml:lang="en" xmlns="http://www.sdmx.org/resources/sdmxml/schemas/v2_1/common">Free</Name>
        </Code>
        <Code id="B" urn="urn:sdmx:org.sdmx.infomodel.codelist.Code=ESTAT:CL_AVAILABILITY(1.0).B">
          <Name xml:lang="en" xmlns="http://www.sdmx.org/resources/sdmxml/schemas/v2_1/common">BIS only, not for publication</Name>
        </Code>
        <Code id="C" urn="urn:sdmx:org.sdmx.infomodel.codelist.Code=ESTAT:CL_AVAILABILITY(1.0).C">
          <Name xml:lang="en" xmlns="http://www.sdmx.org/resources/sdmxml/schemas/v2_1/common">BIS and G-10 Central Banks only, not for publication</Name>
        </Code>
        <Code id="D" urn="urn:sdmx:org.sdmx.infomodel.codelist.Code=ESTAT:CL_AVAILABILITY(1.0).D">
          <Name xml:lang="en" xmlns="http://www.sdmx.org/resources/sdmxml/schemas/v2_1/common">ESCB only, not for publication</Name>
        </Code>
        <Code id="E" urn="urn:sdmx:org.sdmx.infomodel.codelist.Code=ESTAT:CL_AVAILABILITY(1.0).E">
          <Name xml:lang="en" xmlns="http://www.sdmx.org/resources/sdmxml/schemas/v2_1/common">ECB only, not for publication</Name>
        </Code>
        <Code id="G" urn="urn:sdmx:org.sdmx.infomodel.codelist.Code=ESTAT:CL_AVAILABILITY(1.0).G">
          <Name xml:lang="en" xmlns="http://www.sdmx.org/resources/sdmxml/schemas/v2_1/common">BIS and ESCB only, not for publication</Name>
        </Code>
        <Code id="H" urn="urn:sdmx:org.sdmx.infomodel.codelist.Code=ESTAT:CL_AVAILABILITY(1.0).H">
          <Name xml:lang="en" xmlns="http://www.sdmx.org/resources/sdmxml/schemas/v2_1/common">BIS and ECB only, not for publication</Name>
        </Code>
        <Code id="I" urn="urn:sdmx:org.sdmx.infomodel.codelist.Code=ESTAT:CL_AVAILABILITY(1.0).I">
          <Name xml:lang="en" xmlns="http://www.sdmx.org/resources/sdmxml/schemas/v2_1/common">BIS, ECB and Central Banks only, not for publication</Name>
        </Code>
        <Code id="J" urn="urn:sdmx:org.sdmx.infomodel.codelist.Code=ESTAT:CL_AVAILABILITY(1.0).J">
          <Name xml:lang="en" xmlns="http://www.sdmx.org/resources/sdmxml/schemas/v2_1/common">(BIS) Low frequency free, high frequency confidential</Name>
        </Code>
        <Code id="K" urn="urn:sdmx:org.sdmx.infomodel.codelist.Code=ESTAT:CL_AVAILABILITY(1.0).K">
          <Name xml:lang="en" xmlns="http://www.sdmx.org/resources/sdmxml/schemas/v2_1/common">Free, last value not to be published prior to embargo date</Name>
        </Code>
        <Code id="N" urn="urn:sdmx:org.sdmx.infomodel.codelist.Code=ESTAT:CL_AVAILABILITY(1.0).N">
          <Name xml:lang="en" xmlns="http://www.sdmx.org/resources/sdmxml/schemas/v2_1/common">(BIS) Low frequency free, high frequency ECB only</Name>
        </Code>
        <Code id="O" urn="urn:sdmx:org.sdmx.infomodel.codelist.Code=ESTAT:CL_AVAILABILITY(1.0).O">
          <Name xml:lang="en" xmlns="http://www.sdmx.org/resources/sdmxml/schemas/v2_1/common">Commission/Eurostat only, not for publication</Name>
        </Code>
        <Code id="P" urn="urn:sdmx:org.sdmx.infomodel.codelist.Code=ESTAT:CL_AVAILABILITY(1.0).P">
          <Name xml:lang="en" xmlns="http://www.sdmx.org/resources/sdmxml/schemas/v2_1/common">Commission/Eurostat and ECB only, not for publication</Name>
        </Code>
        <Code id="Q" urn="urn:sdmx:org.sdmx.infomodel.codelist.Code=ESTAT:CL_AVAILABILITY(1.0).Q">
          <Name xml:lang="en" xmlns="http://www.sdmx.org/resources/sdmxml/schemas/v2_1/common">Commission/Eurostat and ESCB only, not for publication</Name>
        </Code>
        <Code id="U" urn="urn:sdmx:org.sdmx.infomodel.codelist.Code=ESTAT:CL_AVAILABILITY(1.0).U">
          <Name xml:lang="en" xmlns="http://www.sdmx.org/resources/sdmxml/schemas/v2_1/common">ECB and MU central banks only, not for publication</Name>
        </Code>
        <Code id="W" urn="urn:sdmx:org.sdmx.infomodel.codelist.Code=ESTAT:CL_AVAILABILITY(1.0).W">
          <Name xml:lang="en" xmlns="http://www.sdmx.org/resources/sdmxml/schemas/v2_1/common">BIS, ECB &amp; G10 NCBs; authorised individuals, strictly confidential</Name>
        </Code>
        <Code id="Z" urn="urn:sdmx:org.sdmx.infomodel.codelist.Code=ESTAT:CL_AVAILABILITY(1.0).Z">
          <Name xml:lang="en" xmlns="http://www.sdmx.org/resources/sdmxml/schemas/v2_1/common">BIS, ECB &amp; NCBs; authorised individuals, strictly confidential</Name>
        </Code>
      </Codelist>
      <Codelist id="CL_CPI_ITEM" urn="urn:sdmx:org.sdmx.infomodel.codelist.Codelist=ESTAT:CL_CPI_ITEM(1.0)" agencyID="ESTAT" version="1.0" isFinal="false">
        <Name xml:lang="en" xmlns="http://www.sdmx.org/resources/sdmxml/schemas/v2_1/common">CPI Item Code List</Name>
        <Code id="00" urn="urn:sdmx:org.sdmx.infomodel.codelist.Code=ESTAT:CL_CPI_ITEM(1.0).00">
          <Name xml:lang="en" xmlns="http://www.sdmx.org/resources/sdmxml/schemas/v2_1/common">Overall index</Name>
        </Code>
        <Code id="01" urn="urn:sdmx:org.sdmx.infomodel.codelist.Code=ESTAT:CL_CPI_ITEM(1.0).01">
          <Name xml:lang="en" xmlns="http://www.sdmx.org/resources/sdmxml/schemas/v2_1/common">FOOD AND NON-ALCOHOLIC BEVERAGES</Name>
        </Code>
        <Code id="011" urn="urn:sdmx:org.sdmx.infomodel.codelist.Code=ESTAT:CL_CPI_ITEM(1.0).011">
          <Name xml:lang="en" xmlns="http://www.sdmx.org/resources/sdmxml/schemas/v2_1/common">Food</Name>
        </Code>
        <Code id="0111" urn="urn:sdmx:org.sdmx.infomodel.codelist.Code=ESTAT:CL_CPI_ITEM(1.0).0111">
          <Name xml:lang="en" xmlns="http://www.sdmx.org/resources/sdmxml/schemas/v2_1/common">Bread and cereals</Name>
        </Code>
        <Code id="0112" urn="urn:sdmx:org.sdmx.infomodel.codelist.Code=ESTAT:CL_CPI_ITEM(1.0).0112">
          <Name xml:lang="en" xmlns="http://www.sdmx.org/resources/sdmxml/schemas/v2_1/common">Meat</Name>
        </Code>
        <Code id="0113" urn="urn:sdmx:org.sdmx.infomodel.codelist.Code=ESTAT:CL_CPI_ITEM(1.0).0113">
          <Name xml:lang="en" xmlns="http://www.sdmx.org/resources/sdmxml/schemas/v2_1/common">Fish</Name>
        </Code>
        <Code id="0114" urn="urn:sdmx:org.sdmx.infomodel.codelist.Code=ESTAT:CL_CPI_ITEM(1.0).0114">
          <Name xml:lang="en" xmlns="http://www.sdmx.org/resources/sdmxml/schemas/v2_1/common">Milk, cheese and eggs</Name>
        </Code>
        <Code id="0115" urn="urn:sdmx:org.sdmx.infomodel.codelist.Code=ESTAT:CL_CPI_ITEM(1.0).0115">
          <Name xml:lang="en" xmlns="http://www.sdmx.org/resources/sdmxml/schemas/v2_1/common">Oils and fats</Name>
        </Code>
        <Code id="0116" urn="urn:sdmx:org.sdmx.infomodel.codelist.Code=ESTAT:CL_CPI_ITEM(1.0).0116">
          <Name xml:lang="en" xmlns="http://www.sdmx.org/resources/sdmxml/schemas/v2_1/common">Fruit</Name>
        </Code>
        <Code id="0117" urn="urn:sdmx:org.sdmx.infomodel.codelist.Code=ESTAT:CL_CPI_ITEM(1.0).0117">
          <Name xml:lang="en" xmlns="http://www.sdmx.org/resources/sdmxml/schemas/v2_1/common">Vegetables</Name>
        </Code>
        <Code id="0118" urn="urn:sdmx:org.sdmx.infomodel.codelist.Code=ESTAT:CL_CPI_ITEM(1.0).0118">
          <Name xml:lang="en" xmlns="http://www.sdmx.org/resources/sdmxml/schemas/v2_1/common">Sugar, jam, honey, chocolate and confectionery</Name>
        </Code>
        <Code id="0119" urn="urn:sdmx:org.sdmx.infomodel.codelist.Code=ESTAT:CL_CPI_ITEM(1.0).0119">
          <Name xml:lang="en" xmlns="http://www.sdmx.org/resources/sdmxml/schemas/v2_1/common">Food products n.e.c.</Name>
        </Code>
        <Code id="012" urn="urn:sdmx:org.sdmx.infomodel.codelist.Code=ESTAT:CL_CPI_ITEM(1.0).012">
          <Name xml:lang="en" xmlns="http://www.sdmx.org/resources/sdmxml/schemas/v2_1/common">Non-alcoholic beverages</Name>
        </Code>
        <Code id="0121" urn="urn:sdmx:org.sdmx.infomodel.codelist.Code=ESTAT:CL_CPI_ITEM(1.0).0121">
          <Name xml:lang="en" xmlns="http://www.sdmx.org/resources/sdmxml/schemas/v2_1/common">Coffee, tea and cocoa</Name>
        </Code>
        <Code id="0122" urn="urn:sdmx:org.sdmx.infomodel.codelist.Code=ESTAT:CL_CPI_ITEM(1.0).0122">
          <Name xml:lang="en" xmlns="http://www.sdmx.org/resources/sdmxml/schemas/v2_1/common">Mineral waters, soft drinks, fruit and vegetable juices</Name>
        </Code>
        <Code id="02" urn="urn:sdmx:org.sdmx.infomodel.codelist.Code=ESTAT:CL_CPI_ITEM(1.0).02">
          <Name xml:lang="en" xmlns="http://www.sdmx.org/resources/sdmxml/schemas/v2_1/common">ALCOHOLIC BEVERAGES, TOBACCO</Name>
        </Code>
        <Code id="021" urn="urn:sdmx:org.sdmx.infomodel.codelist.Code=ESTAT:CL_CPI_ITEM(1.0).021">
          <Name xml:lang="en" xmlns="http://www.sdmx.org/resources/sdmxml/schemas/v2_1/common">Alcoholic beverages</Name>
        </Code>
        <Code id="0211" urn="urn:sdmx:org.sdmx.infomodel.codelist.Code=ESTAT:CL_CPI_ITEM(1.0).0211">
          <Name xml:lang="en" xmlns="http://www.sdmx.org/resources/sdmxml/schemas/v2_1/common">Spirits</Name>
        </Code>
        <Code id="0212" urn="urn:sdmx:org.sdmx.infomodel.codelist.Code=ESTAT:CL_CPI_ITEM(1.0).0212">
          <Name xml:lang="en" xmlns="http://www.sdmx.org/resources/sdmxml/schemas/v2_1/common">Wine</Name>
        </Code>
        <Code id="0213" urn="urn:sdmx:org.sdmx.infomodel.codelist.Code=ESTAT:CL_CPI_ITEM(1.0).0213">
          <Name xml:lang="en" xmlns="http://www.sdmx.org/resources/sdmxml/schemas/v2_1/common">Beer</Name>
        </Code>
        <Code id="022" urn="urn:sdmx:org.sdmx.infomodel.codelist.Code=ESTAT:CL_CPI_ITEM(1.0).022">
          <Name xml:lang="en" xmlns="http://www.sdmx.org/resources/sdmxml/schemas/v2_1/common">Tobacco</Name>
        </Code>
        <Code id="03" urn="urn:sdmx:org.sdmx.infomodel.codelist.Code=ESTAT:CL_CPI_ITEM(1.0).03">
          <Name xml:lang="en" xmlns="http://www.sdmx.org/resources/sdmxml/schemas/v2_1/common">CLOTHING AND FOOTWEAR</Name>
        </Code>
        <Code id="031" urn="urn:sdmx:org.sdmx.infomodel.codelist.Code=ESTAT:CL_CPI_ITEM(1.0).031">
          <Name xml:lang="en" xmlns="http://www.sdmx.org/resources/sdmxml/schemas/v2_1/common">Clothing</Name>
        </Code>
        <Code id="0311" urn="urn:sdmx:org.sdmx.infomodel.codelist.Code=ESTAT:CL_CPI_ITEM(1.0).0311">
          <Name xml:lang="en" xmlns="http://www.sdmx.org/resources/sdmxml/schemas/v2_1/common">Clothing materials</Name>
        </Code>
        <Code id="0312" urn="urn:sdmx:org.sdmx.infomodel.codelist.Code=ESTAT:CL_CPI_ITEM(1.0).0312">
          <Name xml:lang="en" xmlns="http://www.sdmx.org/resources/sdmxml/schemas/v2_1/common">Garments</Name>
        </Code>
        <Code id="0313" urn="urn:sdmx:org.sdmx.infomodel.codelist.Code=ESTAT:CL_CPI_ITEM(1.0).0313">
          <Name xml:lang="en" xmlns="http://www.sdmx.org/resources/sdmxml/schemas/v2_1/common">Other articles of clothing and clothing accessories</Name>
        </Code>
        <Code id="0314" urn="urn:sdmx:org.sdmx.infomodel.codelist.Code=ESTAT:CL_CPI_ITEM(1.0).0314">
          <Name xml:lang="en" xmlns="http://www.sdmx.org/resources/sdmxml/schemas/v2_1/common">Cleaning, repair and hire of clothing</Name>
        </Code>
        <Code id="032" urn="urn:sdmx:org.sdmx.infomodel.codelist.Code=ESTAT:CL_CPI_ITEM(1.0).032">
          <Name xml:lang="en" xmlns="http://www.sdmx.org/resources/sdmxml/schemas/v2_1/common">Footwear</Name>
        </Code>
        <Code id="04" urn="urn:sdmx:org.sdmx.infomodel.codelist.Code=ESTAT:CL_CPI_ITEM(1.0).04">
          <Name xml:lang="en" xmlns="http://www.sdmx.org/resources/sdmxml/schemas/v2_1/common">HOUSING, WATER, ELECTRICITY, GAS AND OTHER FUELS</Name>
        </Code>
        <Code id="041" urn="urn:sdmx:org.sdmx.infomodel.codelist.Code=ESTAT:CL_CPI_ITEM(1.0).041">
          <Name xml:lang="en" xmlns="http://www.sdmx.org/resources/sdmxml/schemas/v2_1/common">Actual rentals for housing</Name>
        </Code>
        <Code id="043" urn="urn:sdmx:org.sdmx.infomodel.codelist.Code=ESTAT:CL_CPI_ITEM(1.0).043">
          <Name xml:lang="en" xmlns="http://www.sdmx.org/resources/sdmxml/schemas/v2_1/common">Maintenance and repair of the dwelling</Name>
        </Code>
        <Code id="0431" urn="urn:sdmx:org.sdmx.infomodel.codelist.Code=ESTAT:CL_CPI_ITEM(1.0).0431">
          <Name xml:lang="en" xmlns="http://www.sdmx.org/resources/sdmxml/schemas/v2_1/common">Materials for the maintenance and repair of the dwelling</Name>
        </Code>
        <Code id="0432" urn="urn:sdmx:org.sdmx.infomodel.codelist.Code=ESTAT:CL_CPI_ITEM(1.0).0432">
          <Name xml:lang="en" xmlns="http://www.sdmx.org/resources/sdmxml/schemas/v2_1/common">Services for the maintenance and repair of the dwelling</Name>
        </Code>
        <Code id="044" urn="urn:sdmx:org.sdmx.infomodel.codelist.Code=ESTAT:CL_CPI_ITEM(1.0).044">
          <Name xml:lang="en" xmlns="http://www.sdmx.org/resources/sdmxml/schemas/v2_1/common">Water supply and misc. services relating to the dwelling</Name>
        </Code>
        <Code id="0441" urn="urn:sdmx:org.sdmx.infomodel.codelist.Code=ESTAT:CL_CPI_ITEM(1.0).0441">
          <Name xml:lang="en" xmlns="http://www.sdmx.org/resources/sdmxml/schemas/v2_1/common">Water supply</Name>
        </Code>
        <Code id="0442" urn="urn:sdmx:org.sdmx.infomodel.codelist.Code=ESTAT:CL_CPI_ITEM(1.0).0442">
          <Name xml:lang="en" xmlns="http://www.sdmx.org/resources/sdmxml/schemas/v2_1/common">Refuse collection</Name>
        </Code>
        <Code id="0443" urn="urn:sdmx:org.sdmx.infomodel.codelist.Code=ESTAT:CL_CPI_ITEM(1.0).0443">
          <Name xml:lang="en" xmlns="http://www.sdmx.org/resources/sdmxml/schemas/v2_1/common">Sewerage collection</Name>
        </Code>
        <Code id="0444" urn="urn:sdmx:org.sdmx.infomodel.codelist.Code=ESTAT:CL_CPI_ITEM(1.0).0444">
          <Name xml:lang="en" xmlns="http://www.sdmx.org/resources/sdmxml/schemas/v2_1/common">Other services relating to the dwelling n.e.c.</Name>
        </Code>
        <Code id="045" urn="urn:sdmx:org.sdmx.infomodel.codelist.Code=ESTAT:CL_CPI_ITEM(1.0).045">
          <Name xml:lang="en" xmlns="http://www.sdmx.org/resources/sdmxml/schemas/v2_1/common">Electricity, gas and other fuels</Name>
        </Code>
        <Code id="0451" urn="urn:sdmx:org.sdmx.infomodel.codelist.Code=ESTAT:CL_CPI_ITEM(1.0).0451">
          <Name xml:lang="en" xmlns="http://www.sdmx.org/resources/sdmxml/schemas/v2_1/common">Electricity</Name>
        </Code>
        <Code id="0452" urn="urn:sdmx:org.sdmx.infomodel.codelist.Code=ESTAT:CL_CPI_ITEM(1.0).0452">
          <Name xml:lang="en" xmlns="http://www.sdmx.org/resources/sdmxml/schemas/v2_1/common">Gas</Name>
        </Code>
        <Code id="0453" urn="urn:sdmx:org.sdmx.infomodel.codelist.Code=ESTAT:CL_CPI_ITEM(1.0).0453">
          <Name xml:lang="en" xmlns="http://www.sdmx.org/resources/sdmxml/schemas/v2_1/common">Liquid fuels</Name>
        </Code>
        <Code id="0454" urn="urn:sdmx:org.sdmx.infomodel.codelist.Code=ESTAT:CL_CPI_ITEM(1.0).0454">
          <Name xml:lang="en" xmlns="http://www.sdmx.org/resources/sdmxml/schemas/v2_1/common">Solid fuels</Name>
        </Code>
        <Code id="0455" urn="urn:sdmx:org.sdmx.infomodel.codelist.Code=ESTAT:CL_CPI_ITEM(1.0).0455">
          <Name xml:lang="en" xmlns="http://www.sdmx.org/resources/sdmxml/schemas/v2_1/common">Heat energy</Name>
        </Code>
        <Code id="05" urn="urn:sdmx:org.sdmx.infomodel.codelist.Code=ESTAT:CL_CPI_ITEM(1.0).05">
          <Name xml:lang="en" xmlns="http://www.sdmx.org/resources/sdmxml/schemas/v2_1/common">FURNISHINGS, HOUSEHOLD EQUIPMENT AND ROUTINE HOUSE MAINTENANCE</Name>
        </Code>
        <Code id="051" urn="urn:sdmx:org.sdmx.infomodel.codelist.Code=ESTAT:CL_CPI_ITEM(1.0).051">
          <Name xml:lang="en" xmlns="http://www.sdmx.org/resources/sdmxml/schemas/v2_1/common">Furniture and furnishings, carpets and other floor coverings</Name>
        </Code>
        <Code id="0511" urn="urn:sdmx:org.sdmx.infomodel.codelist.Code=ESTAT:CL_CPI_ITEM(1.0).0511">
          <Name xml:lang="en" xmlns="http://www.sdmx.org/resources/sdmxml/schemas/v2_1/common">Furniture and furnishings</Name>
        </Code>
        <Code id="0512" urn="urn:sdmx:org.sdmx.infomodel.codelist.Code=ESTAT:CL_CPI_ITEM(1.0).0512">
          <Name xml:lang="en" xmlns="http://www.sdmx.org/resources/sdmxml/schemas/v2_1/common">Carpets and other floor coverings</Name>
        </Code>
        <Code id="0513" urn="urn:sdmx:org.sdmx.infomodel.codelist.Code=ESTAT:CL_CPI_ITEM(1.0).0513">
          <Name xml:lang="en" xmlns="http://www.sdmx.org/resources/sdmxml/schemas/v2_1/common">Repair of furniture, furnishings and floor coverings</Name>
        </Code>
        <Code id="052" urn="urn:sdmx:org.sdmx.infomodel.codelist.Code=ESTAT:CL_CPI_ITEM(1.0).052">
          <Name xml:lang="en" xmlns="http://www.sdmx.org/resources/sdmxml/schemas/v2_1/common">Household textiles</Name>
        </Code>
        <Code id="053" urn="urn:sdmx:org.sdmx.infomodel.codelist.Code=ESTAT:CL_CPI_ITEM(1.0).053">
          <Name xml:lang="en" xmlns="http://www.sdmx.org/resources/sdmxml/schemas/v2_1/common">Household appliances</Name>
        </Code>
        <Code id="0531_2" urn="urn:sdmx:org.sdmx.infomodel.codelist.Code=ESTAT:CL_CPI_ITEM(1.0).0531_2">
          <Name xml:lang="en" xmlns="http://www.sdmx.org/resources/sdmxml/schemas/v2_1/common">Major household appliances, small electric hous. appl.</Name>
        </Code>
        <Code id="0533" urn="urn:sdmx:org.sdmx.infomodel.codelist.Code=ESTAT:CL_CPI_ITEM(1.0).0533">
          <Name xml:lang="en" xmlns="http://www.sdmx.org/resources/sdmxml/schemas/v2_1/common">Repair of household appliances</Name>
        </Code>
        <Code id="054" urn="urn:sdmx:org.sdmx.infomodel.codelist.Code=ESTAT:CL_CPI_ITEM(1.0).054">
          <Name xml:lang="en" xmlns="http://www.sdmx.org/resources/sdmxml/schemas/v2_1/common">Glassware, tableware and household utensils</Name>
        </Code>
        <Code id="055" urn="urn:sdmx:org.sdmx.infomodel.codelist.Code=ESTAT:CL_CPI_ITEM(1.0).055">
          <Name xml:lang="en" xmlns="http://www.sdmx.org/resources/sdmxml/schemas/v2_1/common">Tools and equipment for house and garden</Name>
        </Code>
        <Code id="056" urn="urn:sdmx:org.sdmx.infomodel.codelist.Code=ESTAT:CL_CPI_ITEM(1.0).056">
          <Name xml:lang="en" xmlns="http://www.sdmx.org/resources/sdmxml/schemas/v2_1/common">Goods and services for routine household maintenance</Name>
        </Code>
        <Code id="0561" urn="urn:sdmx:org.sdmx.infomodel.codelist.Code=ESTAT:CL_CPI_ITEM(1.0).0561">
          <Name xml:lang="en" xmlns="http://www.sdmx.org/resources/sdmxml/schemas/v2_1/common">Non-durable household goods</Name>
        </Code>
        <Code id="0562" urn="urn:sdmx:org.sdmx.infomodel.codelist.Code=ESTAT:CL_CPI_ITEM(1.0).0562">
          <Name xml:lang="en" xmlns="http://www.sdmx.org/resources/sdmxml/schemas/v2_1/common">Domestic services and household services</Name>
        </Code>
        <Code id="06" urn="urn:sdmx:org.sdmx.infomodel.codelist.Code=ESTAT:CL_CPI_ITEM(1.0).06">
          <Name xml:lang="en" xmlns="http://www.sdmx.org/resources/sdmxml/schemas/v2_1/common">HEALTH</Name>
        </Code>
        <Code id="061" urn="urn:sdmx:org.sdmx.infomodel.codelist.Code=ESTAT:CL_CPI_ITEM(1.0).061">
          <Name xml:lang="en" xmlns="http://www.sdmx.org/resources/sdmxml/schemas/v2_1/common">Medical products, appliances and equipment</Name>
        </Code>
        <Code id="0611" urn="urn:sdmx:org.sdmx.infomodel.codelist.Code=ESTAT:CL_CPI_ITEM(1.0).0611">
          <Name xml:lang="en" xmlns="http://www.sdmx.org/resources/sdmxml/schemas/v2_1/common">Pharmaceutical products</Name>
        </Code>
        <Code id="0612_3" urn="urn:sdmx:org.sdmx.infomodel.codelist.Code=ESTAT:CL_CPI_ITEM(1.0).0612_3">
          <Name xml:lang="en" xmlns="http://www.sdmx.org/resources/sdmxml/schemas/v2_1/common">Other medical products, therapeutic appliances and equipment</Name>
        </Code>
        <Code id="062" urn="urn:sdmx:org.sdmx.infomodel.codelist.Code=ESTAT:CL_CPI_ITEM(1.0).062">
          <Name xml:lang="en" xmlns="http://www.sdmx.org/resources/sdmxml/schemas/v2_1/common">Out-patient services</Name>
        </Code>
        <Code id="0621_3" urn="urn:sdmx:org.sdmx.infomodel.codelist.Code=ESTAT:CL_CPI_ITEM(1.0).0621_3">
          <Name xml:lang="en" xmlns="http://www.sdmx.org/resources/sdmxml/schemas/v2_1/common">Medical and paramedical services</Name>
        </Code>
        <Code id="0622" urn="urn:sdmx:org.sdmx.infomodel.codelist.Code=ESTAT:CL_CPI_ITEM(1.0).0622">
          <Name xml:lang="en" xmlns="http://www.sdmx.org/resources/sdmxml/schemas/v2_1/common">Dental services</Name>
        </Code>
        <Code id="063" urn="urn:sdmx:org.sdmx.infomodel.codelist.Code=ESTAT:CL_CPI_ITEM(1.0).063">
          <Name xml:lang="en" xmlns="http://www.sdmx.org/resources/sdmxml/schemas/v2_1/common">Hospital services</Name>
        </Code>
        <Code id="07" urn="urn:sdmx:org.sdmx.infomodel.codelist.Code=ESTAT:CL_CPI_ITEM(1.0).07">
          <Name xml:lang="en" xmlns="http://www.sdmx.org/resources/sdmxml/schemas/v2_1/common">TRANSPORT</Name>
        </Code>
        <Code id="071" urn="urn:sdmx:org.sdmx.infomodel.codelist.Code=ESTAT:CL_CPI_ITEM(1.0).071">
          <Name xml:lang="en" xmlns="http://www.sdmx.org/resources/sdmxml/schemas/v2_1/common">Purchase of vehicles</Name>
        </Code>
        <Code id="0711" urn="urn:sdmx:org.sdmx.infomodel.codelist.Code=ESTAT:CL_CPI_ITEM(1.0).0711">
          <Name xml:lang="en" xmlns="http://www.sdmx.org/resources/sdmxml/schemas/v2_1/common">Motor cars</Name>
        </Code>
        <Code id="0711A" urn="urn:sdmx:org.sdmx.infomodel.codelist.Code=ESTAT:CL_CPI_ITEM(1.0).0711A">
          <Name xml:lang="en" xmlns="http://www.sdmx.org/resources/sdmxml/schemas/v2_1/common">New cars</Name>
        </Code>
        <Code id="0711B" urn="urn:sdmx:org.sdmx.infomodel.codelist.Code=ESTAT:CL_CPI_ITEM(1.0).0711B">
          <Name xml:lang="en" xmlns="http://www.sdmx.org/resources/sdmxml/schemas/v2_1/common">Used cars</Name>
        </Code>
        <Code id="0712_34" urn="urn:sdmx:org.sdmx.infomodel.codelist.Code=ESTAT:CL_CPI_ITEM(1.0).0712_34">
          <Name xml:lang="en" xmlns="http://www.sdmx.org/resources/sdmxml/schemas/v2_1/common">Motor cycles, bicycles and animal drawn vehicles</Name>
        </Code>
        <Code id="072" urn="urn:sdmx:org.sdmx.infomodel.codelist.Code=ESTAT:CL_CPI_ITEM(1.0).072">
          <Name xml:lang="en" xmlns="http://www.sdmx.org/resources/sdmxml/schemas/v2_1/common">Operation of personal transport equipment</Name>
        </Code>
        <Code id="0721" urn="urn:sdmx:org.sdmx.infomodel.codelist.Code=ESTAT:CL_CPI_ITEM(1.0).0721">
          <Name xml:lang="en" xmlns="http://www.sdmx.org/resources/sdmxml/schemas/v2_1/common">Spare parts and accessories for personal transport equipment</Name>
        </Code>
        <Code id="0722" urn="urn:sdmx:org.sdmx.infomodel.codelist.Code=ESTAT:CL_CPI_ITEM(1.0).0722">
          <Name xml:lang="en" xmlns="http://www.sdmx.org/resources/sdmxml/schemas/v2_1/common">Fuels and lubricants for personal transport equipment</Name>
        </Code>
        <Code id="0723" urn="urn:sdmx:org.sdmx.infomodel.codelist.Code=ESTAT:CL_CPI_ITEM(1.0).0723">
          <Name xml:lang="en" xmlns="http://www.sdmx.org/resources/sdmxml/schemas/v2_1/common">Maintenance and repair of personal transport equipment</Name>
        </Code>
        <Code id="0724" urn="urn:sdmx:org.sdmx.infomodel.codelist.Code=ESTAT:CL_CPI_ITEM(1.0).0724">
          <Name xml:lang="en" xmlns="http://www.sdmx.org/resources/sdmxml/schemas/v2_1/common">Other services in respect of personal transport equipment</Name>
        </Code>
        <Code id="073" urn="urn:sdmx:org.sdmx.infomodel.codelist.Code=ESTAT:CL_CPI_ITEM(1.0).073">
          <Name xml:lang="en" xmlns="http://www.sdmx.org/resources/sdmxml/schemas/v2_1/common">Transport services</Name>
        </Code>
        <Code id="0731" urn="urn:sdmx:org.sdmx.infomodel.codelist.Code=ESTAT:CL_CPI_ITEM(1.0).0731">
          <Name xml:lang="en" xmlns="http://www.sdmx.org/resources/sdmxml/schemas/v2_1/common">Passenger transport by railway</Name>
        </Code>
        <Code id="0732" urn="urn:sdmx:org.sdmx.infomodel.codelist.Code=ESTAT:CL_CPI_ITEM(1.0).0732">
          <Name xml:lang="en" xmlns="http://www.sdmx.org/resources/sdmxml/schemas/v2_1/common">Passenger transport by road</Name>
        </Code>
        <Code id="0733" urn="urn:sdmx:org.sdmx.infomodel.codelist.Code=ESTAT:CL_CPI_ITEM(1.0).0733">
          <Name xml:lang="en" xmlns="http://www.sdmx.org/resources/sdmxml/schemas/v2_1/common">Passenger transport by air</Name>
        </Code>
        <Code id="0734" urn="urn:sdmx:org.sdmx.infomodel.codelist.Code=ESTAT:CL_CPI_ITEM(1.0).0734">
          <Name xml:lang="en" xmlns="http://www.sdmx.org/resources/sdmxml/schemas/v2_1/common">Passenger transport by sea and inland waterway</Name>
        </Code>
        <Code id="0735" urn="urn:sdmx:org.sdmx.infomodel.codelist.Code=ESTAT:CL_CPI_ITEM(1.0).0735">
          <Name xml:lang="en" xmlns="http://www.sdmx.org/resources/sdmxml/schemas/v2_1/common">Combined passenger transport</Name>
        </Code>
        <Code id="0736" urn="urn:sdmx:org.sdmx.infomodel.codelist.Code=ESTAT:CL_CPI_ITEM(1.0).0736">
          <Name xml:lang="en" xmlns="http://www.sdmx.org/resources/sdmxml/schemas/v2_1/common">Other purchased transport services</Name>
        </Code>
        <Code id="08" urn="urn:sdmx:org.sdmx.infomodel.codelist.Code=ESTAT:CL_CPI_ITEM(1.0).08">
          <Name xml:lang="en" xmlns="http://www.sdmx.org/resources/sdmxml/schemas/v2_1/common">COMMUNICATION</Name>
        </Code>
        <Code id="081" urn="urn:sdmx:org.sdmx.infomodel.codelist.Code=ESTAT:CL_CPI_ITEM(1.0).081">
          <Name xml:lang="en" xmlns="http://www.sdmx.org/resources/sdmxml/schemas/v2_1/common">Postal services</Name>
        </Code>
        <Code id="0820" urn="urn:sdmx:org.sdmx.infomodel.codelist.Code=ESTAT:CL_CPI_ITEM(1.0).0820">
          <Name xml:lang="en" xmlns="http://www.sdmx.org/resources/sdmxml/schemas/v2_1/common">Telephone and telefax equipment</Name>
        </Code>
        <Code id="0830" urn="urn:sdmx:org.sdmx.infomodel.codelist.Code=ESTAT:CL_CPI_ITEM(1.0).0830">
          <Name xml:lang="en" xmlns="http://www.sdmx.org/resources/sdmxml/schemas/v2_1/common">Telephone and telefax services</Name>
        </Code>
        <Code id="08X" urn="urn:sdmx:org.sdmx.infomodel.codelist.Code=ESTAT:CL_CPI_ITEM(1.0).08X">
          <Name xml:lang="en" xmlns="http://www.sdmx.org/resources/sdmxml/schemas/v2_1/common">Telephone and telefax equipment and tel. and telefax services</Name>
        </Code>
        <Code id="09" urn="urn:sdmx:org.sdmx.infomodel.codelist.Code=ESTAT:CL_CPI_ITEM(1.0).09">
          <Name xml:lang="en" xmlns="http://www.sdmx.org/resources/sdmxml/schemas/v2_1/common">RECREATION AND CULTURE</Name>
        </Code>
        <Code id="091" urn="urn:sdmx:org.sdmx.infomodel.codelist.Code=ESTAT:CL_CPI_ITEM(1.0).091">
          <Name xml:lang="en" xmlns="http://www.sdmx.org/resources/sdmxml/schemas/v2_1/common">Audio-visual, photographic and information processing equip.</Name>
        </Code>
        <Code id="0911" urn="urn:sdmx:org.sdmx.infomodel.codelist.Code=ESTAT:CL_CPI_ITEM(1.0).0911">
          <Name xml:lang="en" xmlns="http://www.sdmx.org/resources/sdmxml/schemas/v2_1/common">Equip. for reception, recording &amp; reprod. of sound &amp; pictures</Name>
        </Code>
        <Code id="0912" urn="urn:sdmx:org.sdmx.infomodel.codelist.Code=ESTAT:CL_CPI_ITEM(1.0).0912">
          <Name xml:lang="en" xmlns="http://www.sdmx.org/resources/sdmxml/schemas/v2_1/common">Photographic and cinematographic equip. &amp; optical instruments</Name>
        </Code>
        <Code id="0913" urn="urn:sdmx:org.sdmx.infomodel.codelist.Code=ESTAT:CL_CPI_ITEM(1.0).0913">
          <Name xml:lang="en" xmlns="http://www.sdmx.org/resources/sdmxml/schemas/v2_1/common">Information processing equipment</Name>
        </Code>
        <Code id="0914" urn="urn:sdmx:org.sdmx.infomodel.codelist.Code=ESTAT:CL_CPI_ITEM(1.0).0914">
          <Name xml:lang="en" xmlns="http://www.sdmx.org/resources/sdmxml/schemas/v2_1/common">Recording media</Name>
        </Code>
        <Code id="0915" urn="urn:sdmx:org.sdmx.infomodel.codelist.Code=ESTAT:CL_CPI_ITEM(1.0).0915">
          <Name xml:lang="en" xmlns="http://www.sdmx.org/resources/sdmxml/schemas/v2_1/common">Repair of audio-visual, photographic, info. processing equip.</Name>
        </Code>
        <Code id="092" urn="urn:sdmx:org.sdmx.infomodel.codelist.Code=ESTAT:CL_CPI_ITEM(1.0).092">
          <Name xml:lang="en" xmlns="http://www.sdmx.org/resources/sdmxml/schemas/v2_1/common">Other major durables for recreation and culture</Name>
        </Code>
        <Code id="0921_2" urn="urn:sdmx:org.sdmx.infomodel.codelist.Code=ESTAT:CL_CPI_ITEM(1.0).0921_2">
          <Name xml:lang="en" xmlns="http://www.sdmx.org/resources/sdmxml/schemas/v2_1/common">Major durables for in/outdoor recreation incl. musical instr.</Name>
        </Code>
        <Code id="0923" urn="urn:sdmx:org.sdmx.infomodel.codelist.Code=ESTAT:CL_CPI_ITEM(1.0).0923">
          <Name xml:lang="en" xmlns="http://www.sdmx.org/resources/sdmxml/schemas/v2_1/common">Mainten. &amp; repair of other major durab. for recreat. &amp; culture</Name>
        </Code>
        <Code id="093" urn="urn:sdmx:org.sdmx.infomodel.codelist.Code=ESTAT:CL_CPI_ITEM(1.0).093">
          <Name xml:lang="en" xmlns="http://www.sdmx.org/resources/sdmxml/schemas/v2_1/common">Other recreational items and equipment, gardens and pets</Name>
        </Code>
        <Code id="0931" urn="urn:sdmx:org.sdmx.infomodel.codelist.Code=ESTAT:CL_CPI_ITEM(1.0).0931">
          <Name xml:lang="en" xmlns="http://www.sdmx.org/resources/sdmxml/schemas/v2_1/common">Games, toys and hobbies</Name>
        </Code>
        <Code id="0932" urn="urn:sdmx:org.sdmx.infomodel.codelist.Code=ESTAT:CL_CPI_ITEM(1.0).0932">
          <Name xml:lang="en" xmlns="http://www.sdmx.org/resources/sdmxml/schemas/v2_1/common">Equipment for sport, camping and open-air recreation</Name>
        </Code>
        <Code id="0933" urn="urn:sdmx:org.sdmx.infomodel.codelist.Code=ESTAT:CL_CPI_ITEM(1.0).0933">
          <Name xml:lang="en" xmlns="http://www.sdmx.org/resources/sdmxml/schemas/v2_1/common">Gardens, plants and flowers</Name>
        </Code>
        <Code id="0934_5" urn="urn:sdmx:org.sdmx.infomodel.codelist.Code=ESTAT:CL_CPI_ITEM(1.0).0934_5">
          <Name xml:lang="en" xmlns="http://www.sdmx.org/resources/sdmxml/schemas/v2_1/common">Pets and related prod. incl. veterinary &amp; other serv. for pets</Name>
        </Code>
        <Code id="094" urn="urn:sdmx:org.sdmx.infomodel.codelist.Code=ESTAT:CL_CPI_ITEM(1.0).094">
          <Name xml:lang="en" xmlns="http://www.sdmx.org/resources/sdmxml/schemas/v2_1/common">Recreational and cultural services</Name>
        </Code>
        <Code id="0941" urn="urn:sdmx:org.sdmx.infomodel.codelist.Code=ESTAT:CL_CPI_ITEM(1.0).0941">
          <Name xml:lang="en" xmlns="http://www.sdmx.org/resources/sdmxml/schemas/v2_1/common">Recreational and sporting services</Name>
        </Code>
        <Code id="0942" urn="urn:sdmx:org.sdmx.infomodel.codelist.Code=ESTAT:CL_CPI_ITEM(1.0).0942">
          <Name xml:lang="en" xmlns="http://www.sdmx.org/resources/sdmxml/schemas/v2_1/common">Cultural services</Name>
        </Code>
        <Code id="095" urn="urn:sdmx:org.sdmx.infomodel.codelist.Code=ESTAT:CL_CPI_ITEM(1.0).095">
          <Name xml:lang="en" xmlns="http://www.sdmx.org/resources/sdmxml/schemas/v2_1/common">Newspapers, books and stationery</Name>
        </Code>
        <Code id="0951" urn="urn:sdmx:org.sdmx.infomodel.codelist.Code=ESTAT:CL_CPI_ITEM(1.0).0951">
          <Name xml:lang="en" xmlns="http://www.sdmx.org/resources/sdmxml/schemas/v2_1/common">Books</Name>
        </Code>
        <Code id="0952" urn="urn:sdmx:org.sdmx.infomodel.codelist.Code=ESTAT:CL_CPI_ITEM(1.0).0952">
          <Name xml:lang="en" xmlns="http://www.sdmx.org/resources/sdmxml/schemas/v2_1/common">Newspapers and periodicals</Name>
        </Code>
        <Code id="0953_4" urn="urn:sdmx:org.sdmx.infomodel.codelist.Code=ESTAT:CL_CPI_ITEM(1.0).0953_4">
          <Name xml:lang="en" xmlns="http://www.sdmx.org/resources/sdmxml/schemas/v2_1/common">Misc. printed matter and stationery and drawing materials</Name>
        </Code>
        <Code id="096" urn="urn:sdmx:org.sdmx.infomodel.codelist.Code=ESTAT:CL_CPI_ITEM(1.0).096">
          <Name xml:lang="en" xmlns="http://www.sdmx.org/resources/sdmxml/schemas/v2_1/common">Package holidays</Name>
        </Code>
        <Code id="10" urn="urn:sdmx:org.sdmx.infomodel.codelist.Code=ESTAT:CL_CPI_ITEM(1.0).10">
          <Name xml:lang="en" xmlns="http://www.sdmx.org/resources/sdmxml/schemas/v2_1/common">EDUCATION</Name>
        </Code>
        <Code id="11" urn="urn:sdmx:org.sdmx.infomodel.codelist.Code=ESTAT:CL_CPI_ITEM(1.0).11">
          <Name xml:lang="en" xmlns="http://www.sdmx.org/resources/sdmxml/schemas/v2_1/common">RESTAURANTS AND HOTELS</Name>
        </Code>
        <Code id="111" urn="urn:sdmx:org.sdmx.infomodel.codelist.Code=ESTAT:CL_CPI_ITEM(1.0).111">
          <Name xml:lang="en" xmlns="http://www.sdmx.org/resources/sdmxml/schemas/v2_1/common">Catering services</Name>
        </Code>
        <Code id="1111" urn="urn:sdmx:org.sdmx.infomodel.codelist.Code=ESTAT:CL_CPI_ITEM(1.0).1111">
          <Name xml:lang="en" xmlns="http://www.sdmx.org/resources/sdmxml/schemas/v2_1/common">Restaurants, cafés and the like</Name>
        </Code>
        <Code id="1112" urn="urn:sdmx:org.sdmx.infomodel.codelist.Code=ESTAT:CL_CPI_ITEM(1.0).1112">
          <Name xml:lang="en" xmlns="http://www.sdmx.org/resources/sdmxml/schemas/v2_1/common">Canteens</Name>
        </Code>
        <Code id="112" urn="urn:sdmx:org.sdmx.infomodel.codelist.Code=ESTAT:CL_CPI_ITEM(1.0).112">
          <Name xml:lang="en" xmlns="http://www.sdmx.org/resources/sdmxml/schemas/v2_1/common">Accommodation services</Name>
        </Code>
        <Code id="12" urn="urn:sdmx:org.sdmx.infomodel.codelist.Code=ESTAT:CL_CPI_ITEM(1.0).12">
          <Name xml:lang="en" xmlns="http://www.sdmx.org/resources/sdmxml/schemas/v2_1/common">MISCELLANEOUS GOODS AND SERVICES</Name>
        </Code>
        <Code id="121" urn="urn:sdmx:org.sdmx.infomodel.codelist.Code=ESTAT:CL_CPI_ITEM(1.0).121">
          <Name xml:lang="en" xmlns="http://www.sdmx.org/resources/sdmxml/schemas/v2_1/common">Personal care</Name>
        </Code>
        <Code id="1211" urn="urn:sdmx:org.sdmx.infomodel.codelist.Code=ESTAT:CL_CPI_ITEM(1.0).1211">
          <Name xml:lang="en" xmlns="http://www.sdmx.org/resources/sdmxml/schemas/v2_1/common">Hairdressing salons and personal grooming establishments</Name>
        </Code>
        <Code id="1212_3" urn="urn:sdmx:org.sdmx.infomodel.codelist.Code=ESTAT:CL_CPI_ITEM(1.0).1212_3">
          <Name xml:lang="en" xmlns="http://www.sdmx.org/resources/sdmxml/schemas/v2_1/common">Electric appliances and other appliances etc. for pers. Care</Name>
        </Code>
        <Code id="123" urn="urn:sdmx:org.sdmx.infomodel.codelist.Code=ESTAT:CL_CPI_ITEM(1.0).123">
          <Name xml:lang="en" xmlns="http://www.sdmx.org/resources/sdmxml/schemas/v2_1/common">Personal effects n.e.c.</Name>
        </Code>
        <Code id="1231" urn="urn:sdmx:org.sdmx.infomodel.codelist.Code=ESTAT:CL_CPI_ITEM(1.0).1231">
          <Name xml:lang="en" xmlns="http://www.sdmx.org/resources/sdmxml/schemas/v2_1/common">Jewellery, clocks and watches</Name>
        </Code>
        <Code id="1232" urn="urn:sdmx:org.sdmx.infomodel.codelist.Code=ESTAT:CL_CPI_ITEM(1.0).1232">
          <Name xml:lang="en" xmlns="http://www.sdmx.org/resources/sdmxml/schemas/v2_1/common">Other personal effects</Name>
        </Code>
        <Code id="124" urn="urn:sdmx:org.sdmx.infomodel.codelist.Code=ESTAT:CL_CPI_ITEM(1.0).124">
          <Name xml:lang="en" xmlns="http://www.sdmx.org/resources/sdmxml/schemas/v2_1/common">Social protection</Name>
        </Code>
        <Code id="125" urn="urn:sdmx:org.sdmx.infomodel.codelist.Code=ESTAT:CL_CPI_ITEM(1.0).125">
          <Name xml:lang="en" xmlns="http://www.sdmx.org/resources/sdmxml/schemas/v2_1/common">Insurance</Name>
        </Code>
        <Code id="1252" urn="urn:sdmx:org.sdmx.infomodel.codelist.Code=ESTAT:CL_CPI_ITEM(1.0).1252">
          <Name xml:lang="en" xmlns="http://www.sdmx.org/resources/sdmxml/schemas/v2_1/common">Insurance connected with the dwelling</Name>
        </Code>
        <Code id="1253" urn="urn:sdmx:org.sdmx.infomodel.codelist.Code=ESTAT:CL_CPI_ITEM(1.0).1253">
          <Name xml:lang="en" xmlns="http://www.sdmx.org/resources/sdmxml/schemas/v2_1/common">Insurance connected with health</Name>
        </Code>
        <Code id="1254" urn="urn:sdmx:org.sdmx.infomodel.codelist.Code=ESTAT:CL_CPI_ITEM(1.0).1254">
          <Name xml:lang="en" xmlns="http://www.sdmx.org/resources/sdmxml/schemas/v2_1/common">Insurance connected with transport</Name>
        </Code>
        <Code id="1255" urn="urn:sdmx:org.sdmx.infomodel.codelist.Code=ESTAT:CL_CPI_ITEM(1.0).1255">
          <Name xml:lang="en" xmlns="http://www.sdmx.org/resources/sdmxml/schemas/v2_1/common">Other insurance</Name>
        </Code>
        <Code id="126" urn="urn:sdmx:org.sdmx.infomodel.codelist.Code=ESTAT:CL_CPI_ITEM(1.0).126">
          <Name xml:lang="en" xmlns="http://www.sdmx.org/resources/sdmxml/schemas/v2_1/common">Financial services n.e.c.</Name>
        </Code>
        <Code id="127" urn="urn:sdmx:org.sdmx.infomodel.codelist.Code=ESTAT:CL_CPI_ITEM(1.0).127">
          <Name xml:lang="en" xmlns="http://www.sdmx.org/resources/sdmxml/schemas/v2_1/common">Other services n.e.c.</Name>
        </Code>
        <Code id="EMBARGO" urn="urn:sdmx:org.sdmx.infomodel.codelist.Code=ESTAT:CL_CPI_ITEM(1.0).EMBARGO">
          <Name xml:lang="en" xmlns="http://www.sdmx.org/resources/sdmxml/schemas/v2_1/common">Embargo date</Name>
        </Code>
      </Codelist>
      <Codelist id="CL_CPI_SUFFIX" urn="urn:sdmx:org.sdmx.infomodel.codelist.Codelist=ESTAT:CL_CPI_SUFFIX(1.0)" agencyID="ESTAT" version="1.0" isFinal="false">
        <Name xml:lang="en" xmlns="http://www.sdmx.org/resources/sdmxml/schemas/v2_1/common">CPI Suffix Code List</Name>
        <Code id="CAR" urn="urn:sdmx:org.sdmx.infomodel.codelist.Code=ESTAT:CL_CPI_SUFFIX(1.0).CAR">
          <Name xml:lang="en" xmlns="http://www.sdmx.org/resources/sdmxml/schemas/v2_1/common">Overall national rate of change for the year (y/y-1)</Name>
        </Code>
        <Code id="CAX" urn="urn:sdmx:org.sdmx.infomodel.codelist.Code=ESTAT:CL_CPI_SUFFIX(1.0).CAX">
          <Name xml:lang="en" xmlns="http://www.sdmx.org/resources/sdmxml/schemas/v2_1/common">Overall national index for the whole year</Name>
        </Code>
        <Code id="CPR" urn="urn:sdmx:org.sdmx.infomodel.codelist.Code=ESTAT:CL_CPI_SUFFIX(1.0).CPR">
          <Name xml:lang="en" xmlns="http://www.sdmx.org/resources/sdmxml/schemas/v2_1/common">Overall national rate of change (t/t-12)</Name>
        </Code>
        <Code id="CPX" urn="urn:sdmx:org.sdmx.infomodel.codelist.Code=ESTAT:CL_CPI_SUFFIX(1.0).CPX">
          <Name xml:lang="en" xmlns="http://www.sdmx.org/resources/sdmxml/schemas/v2_1/common">Overall national index</Name>
        </Code>
        <Code id="INDEX" urn="urn:sdmx:org.sdmx.infomodel.codelist.Code=ESTAT:CL_CPI_SUFFIX(1.0).INDEX">
          <Name xml:lang="en" xmlns="http://www.sdmx.org/resources/sdmxml/schemas/v2_1/common">Overall index</Name>
        </Code>
        <Code id="WEIGHT" urn="urn:sdmx:org.sdmx.infomodel.codelist.Code=ESTAT:CL_CPI_SUFFIX(1.0).WEIGHT">
          <Name xml:lang="en" xmlns="http://www.sdmx.org/resources/sdmxml/schemas/v2_1/common">Weight of the sub-indices</Name>
        </Code>
      </Codelist>
      <Codelist id="CL_IND_REF_YEAR" urn="urn:sdmx:org.sdmx.infomodel.codelist.Codelist=ESTAT:CL_IND_REF_YEAR(1.0)" agencyID="ESTAT" version="1.0" isFinal="false">
        <Name xml:lang="en" xmlns="http://www.sdmx.org/resources/sdmxml/schemas/v2_1/common">Index reference year code list</Name>
        <Code id="0000" urn="urn:sdmx:org.sdmx.infomodel.codelist.Code=ESTAT:CL_IND_REF_YEAR(1.0).0000">
          <Name xml:lang="en" xmlns="http://www.sdmx.org/resources/sdmxml/schemas/v2_1/common">Unspecified</Name>
        </Code>
        <Code id="1980" urn="urn:sdmx:org.sdmx.infomodel.codelist.Code=ESTAT:CL_IND_REF_YEAR(1.0).1980">
          <Name xml:lang="en" xmlns="http://www.sdmx.org/resources/sdmxml/schemas/v2_1/common">Year 1980</Name>
        </Code>
        <Code id="1981" urn="urn:sdmx:org.sdmx.infomodel.codelist.Code=ESTAT:CL_IND_REF_YEAR(1.0).1981">
          <Name xml:lang="en" xmlns="http://www.sdmx.org/resources/sdmxml/schemas/v2_1/common">Year 1981</Name>
        </Code>
        <Code id="1982" urn="urn:sdmx:org.sdmx.infomodel.codelist.Code=ESTAT:CL_IND_REF_YEAR(1.0).1982">
          <Name xml:lang="en" xmlns="http://www.sdmx.org/resources/sdmxml/schemas/v2_1/common">Year 1982</Name>
        </Code>
        <Code id="1983" urn="urn:sdmx:org.sdmx.infomodel.codelist.Code=ESTAT:CL_IND_REF_YEAR(1.0).1983">
          <Name xml:lang="en" xmlns="http://www.sdmx.org/resources/sdmxml/schemas/v2_1/common">Year 1983</Name>
        </Code>
        <Code id="1984" urn="urn:sdmx:org.sdmx.infomodel.codelist.Code=ESTAT:CL_IND_REF_YEAR(1.0).1984">
          <Name xml:lang="en" xmlns="http://www.sdmx.org/resources/sdmxml/schemas/v2_1/common">Year 1984</Name>
        </Code>
        <Code id="1985" urn="urn:sdmx:org.sdmx.infomodel.codelist.Code=ESTAT:CL_IND_REF_YEAR(1.0).1985">
          <Name xml:lang="en" xmlns="http://www.sdmx.org/resources/sdmxml/schemas/v2_1/common">Year 1985</Name>
        </Code>
        <Code id="1986" urn="urn:sdmx:org.sdmx.infomodel.codelist.Code=ESTAT:CL_IND_REF_YEAR(1.0).1986">
          <Name xml:lang="en" xmlns="http://www.sdmx.org/resources/sdmxml/schemas/v2_1/common">Year 1986</Name>
        </Code>
        <Code id="1987" urn="urn:sdmx:org.sdmx.infomodel.codelist.Code=ESTAT:CL_IND_REF_YEAR(1.0).1987">
          <Name xml:lang="en" xmlns="http://www.sdmx.org/resources/sdmxml/schemas/v2_1/common">Year 1987</Name>
        </Code>
        <Code id="1988" urn="urn:sdmx:org.sdmx.infomodel.codelist.Code=ESTAT:CL_IND_REF_YEAR(1.0).1988">
          <Name xml:lang="en" xmlns="http://www.sdmx.org/resources/sdmxml/schemas/v2_1/common">Year 1988</Name>
        </Code>
        <Code id="1989" urn="urn:sdmx:org.sdmx.infomodel.codelist.Code=ESTAT:CL_IND_REF_YEAR(1.0).1989">
          <Name xml:lang="en" xmlns="http://www.sdmx.org/resources/sdmxml/schemas/v2_1/common">Year 1989</Name>
        </Code>
        <Code id="1990" urn="urn:sdmx:org.sdmx.infomodel.codelist.Code=ESTAT:CL_IND_REF_YEAR(1.0).1990">
          <Name xml:lang="en" xmlns="http://www.sdmx.org/resources/sdmxml/schemas/v2_1/common">Year 1990</Name>
        </Code>
        <Code id="1991" urn="urn:sdmx:org.sdmx.infomodel.codelist.Code=ESTAT:CL_IND_REF_YEAR(1.0).1991">
          <Name xml:lang="en" xmlns="http://www.sdmx.org/resources/sdmxml/schemas/v2_1/common">Year 1991</Name>
        </Code>
        <Code id="1992" urn="urn:sdmx:org.sdmx.infomodel.codelist.Code=ESTAT:CL_IND_REF_YEAR(1.0).1992">
          <Name xml:lang="en" xmlns="http://www.sdmx.org/resources/sdmxml/schemas/v2_1/common">Year 1992</Name>
        </Code>
        <Code id="1993" urn="urn:sdmx:org.sdmx.infomodel.codelist.Code=ESTAT:CL_IND_REF_YEAR(1.0).1993">
          <Name xml:lang="en" xmlns="http://www.sdmx.org/resources/sdmxml/schemas/v2_1/common">Year 1993</Name>
        </Code>
        <Code id="1994" urn="urn:sdmx:org.sdmx.infomodel.codelist.Code=ESTAT:CL_IND_REF_YEAR(1.0).1994">
          <Name xml:lang="en" xmlns="http://www.sdmx.org/resources/sdmxml/schemas/v2_1/common">Year 1994</Name>
        </Code>
        <Code id="1995" urn="urn:sdmx:org.sdmx.infomodel.codelist.Code=ESTAT:CL_IND_REF_YEAR(1.0).1995">
          <Name xml:lang="en" xmlns="http://www.sdmx.org/resources/sdmxml/schemas/v2_1/common">Year 1995</Name>
        </Code>
        <Code id="1996" urn="urn:sdmx:org.sdmx.infomodel.codelist.Code=ESTAT:CL_IND_REF_YEAR(1.0).1996">
          <Name xml:lang="en" xmlns="http://www.sdmx.org/resources/sdmxml/schemas/v2_1/common">Year 1996</Name>
        </Code>
        <Code id="1997" urn="urn:sdmx:org.sdmx.infomodel.codelist.Code=ESTAT:CL_IND_REF_YEAR(1.0).1997">
          <Name xml:lang="en" xmlns="http://www.sdmx.org/resources/sdmxml/schemas/v2_1/common">Year 1997</Name>
        </Code>
        <Code id="1998" urn="urn:sdmx:org.sdmx.infomodel.codelist.Code=ESTAT:CL_IND_REF_YEAR(1.0).1998">
          <Name xml:lang="en" xmlns="http://www.sdmx.org/resources/sdmxml/schemas/v2_1/common">Year 1998</Name>
        </Code>
        <Code id="1999" urn="urn:sdmx:org.sdmx.infomodel.codelist.Code=ESTAT:CL_IND_REF_YEAR(1.0).1999">
          <Name xml:lang="en" xmlns="http://www.sdmx.org/resources/sdmxml/schemas/v2_1/common">Year 1999</Name>
        </Code>
        <Code id="2000" urn="urn:sdmx:org.sdmx.infomodel.codelist.Code=ESTAT:CL_IND_REF_YEAR(1.0).2000">
          <Name xml:lang="en" xmlns="http://www.sdmx.org/resources/sdmxml/schemas/v2_1/common">Year 2000</Name>
        </Code>
        <Code id="2001" urn="urn:sdmx:org.sdmx.infomodel.codelist.Code=ESTAT:CL_IND_REF_YEAR(1.0).2001">
          <Name xml:lang="en" xmlns="http://www.sdmx.org/resources/sdmxml/schemas/v2_1/common">Year 2001</Name>
        </Code>
        <Code id="2002" urn="urn:sdmx:org.sdmx.infomodel.codelist.Code=ESTAT:CL_IND_REF_YEAR(1.0).2002">
          <Name xml:lang="en" xmlns="http://www.sdmx.org/resources/sdmxml/schemas/v2_1/common">Year 2002</Name>
        </Code>
        <Code id="2003" urn="urn:sdmx:org.sdmx.infomodel.codelist.Code=ESTAT:CL_IND_REF_YEAR(1.0).2003">
          <Name xml:lang="en" xmlns="http://www.sdmx.org/resources/sdmxml/schemas/v2_1/common">Year 2003</Name>
        </Code>
        <Code id="2004" urn="urn:sdmx:org.sdmx.infomodel.codelist.Code=ESTAT:CL_IND_REF_YEAR(1.0).2004">
          <Name xml:lang="en" xmlns="http://www.sdmx.org/resources/sdmxml/schemas/v2_1/common">Year 2004</Name>
        </Code>
        <Code id="2005" urn="urn:sdmx:org.sdmx.infomodel.codelist.Code=ESTAT:CL_IND_REF_YEAR(1.0).2005">
          <Name xml:lang="en" xmlns="http://www.sdmx.org/resources/sdmxml/schemas/v2_1/common">Year 2005</Name>
        </Code>
        <Code id="ABS0" urn="urn:sdmx:org.sdmx.infomodel.codelist.Code=ESTAT:CL_IND_REF_YEAR(1.0).ABS0">
          <Name xml:lang="en" xmlns="http://www.sdmx.org/resources/sdmxml/schemas/v2_1/common">Absolute value</Name>
        </Code>
        <Code id="ANR0" urn="urn:sdmx:org.sdmx.infomodel.codelist.Code=ESTAT:CL_IND_REF_YEAR(1.0).ANR0">
          <Name xml:lang="en" xmlns="http://www.sdmx.org/resources/sdmxml/schemas/v2_1/common">Annual rate of change</Name>
        </Code>
      </Codelist>
      <Codelist id="CL_TIME_FORMAT" urn="urn:sdmx:org.sdmx.infomodel.codelist.Codelist=ESTAT:CL_TIME_FORMAT(1.0)" agencyID="ESTAT" version="1.0" isFinal="true">
        <Name xml:lang="en" xmlns="http://www.sdmx.org/resources/sdmxml/schemas/v2_1/common">Time Format</Name>
        <Code id="P1Y" urn="urn:sdmx:org.sdmx.infomodel.codelist.Code=ESTAT:CL_TIME_FORMAT(1.0).P1Y">
          <Name xml:lang="en" xmlns="http://www.sdmx.org/resources/sdmxml/schemas/v2_1/common">Annual</Name>
        </Code>
        <Code id="P6M" urn="urn:sdmx:org.sdmx.infomodel.codelist.Code=ESTAT:CL_TIME_FORMAT(1.0).P6M">
          <Name xml:lang="en" xmlns="http://www.sdmx.org/resources/sdmxml/schemas/v2_1/common">Semi-Annual</Name>
        </Code>
        <Code id="P3M" urn="urn:sdmx:org.sdmx.infomodel.codelist.Code=ESTAT:CL_TIME_FORMAT(1.0).P3M">
          <Name xml:lang="en" xmlns="http://www.sdmx.org/resources/sdmxml/schemas/v2_1/common">Quarterly</Name>
        </Code>
        <Code id="P1M" urn="urn:sdmx:org.sdmx.infomodel.codelist.Code=ESTAT:CL_TIME_FORMAT(1.0).P1M">
          <Name xml:lang="en" xmlns="http://www.sdmx.org/resources/sdmxml/schemas/v2_1/common">Monthly</Name>
        </Code>
        <Code id="P7D" urn="urn:sdmx:org.sdmx.infomodel.codelist.Code=ESTAT:CL_TIME_FORMAT(1.0).P7D">
          <Name xml:lang="en" xmlns="http://www.sdmx.org/resources/sdmxml/schemas/v2_1/common">Weekly</Name>
        </Code>
        <Code id="P1D" urn="urn:sdmx:org.sdmx.infomodel.codelist.Code=ESTAT:CL_TIME_FORMAT(1.0).P1D">
          <Name xml:lang="en" xmlns="http://www.sdmx.org/resources/sdmxml/schemas/v2_1/common">Daily</Name>
        </Code>
        <Code id="PT1M" urn="urn:sdmx:org.sdmx.infomodel.codelist.Code=ESTAT:CL_TIME_FORMAT(1.0).PT1M">
          <Name xml:lang="en" xmlns="http://www.sdmx.org/resources/sdmxml/schemas/v2_1/common">Minutely</Name>
        </Code>
      </Codelist>
      <Codelist id="CL_UNIT_MULT" urn="urn:sdmx:org.sdmx.infomodel.codelist.Codelist=ESTAT:CL_UNIT_MULT(1.0)" agencyID="ESTAT" version="1.0" isFinal="false">
        <Name xml:lang="en" xmlns="http://www.sdmx.org/resources/sdmxml/schemas/v2_1/common">Unit multiplier code list</Name>
        <Code id="0" urn="urn:sdmx:org.sdmx.infomodel.codelist.Code=ESTAT:CL_UNIT_MULT(1.0).0">
          <Name xml:lang="en" xmlns="http://www.sdmx.org/resources/sdmxml/schemas/v2_1/common">Units</Name>
        </Code>
        <Code id="1" urn="urn:sdmx:org.sdmx.infomodel.codelist.Code=ESTAT:CL_UNIT_MULT(1.0).1">
          <Name xml:lang="en" xmlns="http://www.sdmx.org/resources/sdmxml/schemas/v2_1/common">Tens</Name>
        </Code>
        <Code id="2" urn="urn:sdmx:org.sdmx.infomodel.codelist.Code=ESTAT:CL_UNIT_MULT(1.0).2">
          <Name xml:lang="en" xmlns="http://www.sdmx.org/resources/sdmxml/schemas/v2_1/common">Hundreds</Name>
        </Code>
        <Code id="3" urn="urn:sdmx:org.sdmx.infomodel.codelist.Code=ESTAT:CL_UNIT_MULT(1.0).3">
          <Name xml:lang="en" xmlns="http://www.sdmx.org/resources/sdmxml/schemas/v2_1/common">Thousands</Name>
        </Code>
        <Code id="4" urn="urn:sdmx:org.sdmx.infomodel.codelist.Code=ESTAT:CL_UNIT_MULT(1.0).4">
          <Name xml:lang="en" xmlns="http://www.sdmx.org/resources/sdmxml/schemas/v2_1/common">Tens of thousands</Name>
        </Code>
        <Code id="6" urn="urn:sdmx:org.sdmx.infomodel.codelist.Code=ESTAT:CL_UNIT_MULT(1.0).6">
          <Name xml:lang="en" xmlns="http://www.sdmx.org/resources/sdmxml/schemas/v2_1/common">Millions</Name>
        </Code>
        <Code id="9" urn="urn:sdmx:org.sdmx.infomodel.codelist.Code=ESTAT:CL_UNIT_MULT(1.0).9">
          <Name xml:lang="en" xmlns="http://www.sdmx.org/resources/sdmxml/schemas/v2_1/common">Billions</Name>
        </Code>
      </Codelist>
    </Codelists>
    <Concepts xmlns="http://www.sdmx.org/resources/sdmxml/schemas/v2_1/structure">
      <ConceptScheme id="CPI_CONCEPTS" urn="urn:sdmx:org.sdmx.infomodel.conceptscheme.ConceptScheme=ESTAT:CPI_CONCEPTS(1.0)" agencyID="ESTAT" version="1.0">
        <Name xml:lang="en" xmlns="http://www.sdmx.org/resources/sdmxml/schemas/v2_1/common">Consumer Price Index Concepts</Name>
        <Concept id="CPI_ITEM" urn="urn:sdmx:org.sdmx.infomodel.conceptscheme.Concept=ESTAT:CPI_CONCEPTS(1.0).CPI_ITEM">
          <Name xml:lang="en" xmlns="http://www.sdmx.org/resources/sdmxml/schemas/v2_1/common">CPI Item</Name>
          <Description xml:lang="en" xmlns="http://www.sdmx.org/resources/sdmxml/schemas/v2_1/common">CPI Item</Description>
        </Concept>
        <Concept id="CPI_SUFFIX" urn="urn:sdmx:org.sdmx.infomodel.conceptscheme.Concept=ESTAT:CPI_CONCEPTS(1.0).CPI_SUFFIX">
          <Name xml:lang="en" xmlns="http://www.sdmx.org/resources/sdmxml/schemas/v2_1/common">CPI Suffix</Name>
          <Description xml:lang="en" xmlns="http://www.sdmx.org/resources/sdmxml/schemas/v2_1/common">CPI Suffix</Description>
        </Concept>
      </ConceptScheme>
      <ConceptScheme id="ESTAT_CONCEPTS" urn="urn:sdmx:org.sdmx.infomodel.conceptscheme.ConceptScheme=ESTAT:ESTAT_CONCEPTS(1.0)" agencyID="ESTAT" version="1.0" isFinal="true">
        <Name xml:lang="en" xmlns="http://www.sdmx.org/resources/sdmxml/schemas/v2_1/common">Eurostat Statistical Concepts</Name>
        <Concept id="AVAILABILITY" urn="urn:sdmx:org.sdmx.infomodel.conceptscheme.Concept=ESTAT:ESTAT_CONCEPTS(1.0).AVAILABILITY">
          <Name xml:lang="en" xmlns="http://www.sdmx.org/resources/sdmxml/schemas/v2_1/common">Availability</Name>
          <Description xml:lang="en" xmlns="http://www.sdmx.org/resources/sdmxml/schemas/v2_1/common">Availability</Description>
        </Concept>
        <Concept id="COLLECTION" urn="urn:sdmx:org.sdmx.infomodel.conceptscheme.Concept=ESTAT:ESTAT_CONCEPTS(1.0).COLLECTION">
          <Name xml:lang="en" xmlns="http://www.sdmx.org/resources/sdmxml/schemas/v2_1/common">Collection indicator</Name>
          <Description xml:lang="en" xmlns="http://www.sdmx.org/resources/sdmxml/schemas/v2_1/common">Collection indicator</Description>
        </Concept>
        <Concept id="COMPILATION" urn="urn:sdmx:org.sdmx.infomodel.conceptscheme.Concept=ESTAT:ESTAT_CONCEPTS(1.0).COMPILATION">
          <Name xml:lang="en" xmlns="http://www.sdmx.org/resources/sdmxml/schemas/v2_1/common">Compilation</Name>
          <Description xml:lang="en" xmlns="http://www.sdmx.org/resources/sdmxml/schemas/v2_1/common">Compilation</Description>
        </Concept>
        <Concept id="COVERAGE" urn="urn:sdmx:org.sdmx.infomodel.conceptscheme.Concept=ESTAT:ESTAT_CONCEPTS(1.0).COVERAGE">
          <Name xml:lang="en" xmlns="http://www.sdmx.org/resources/sdmxml/schemas/v2_1/common">Coverage</Name>
          <Description xml:lang="en" xmlns="http://www.sdmx.org/resources/sdmxml/schemas/v2_1/common">Coverage</Description>
        </Concept>
        <Concept id="IND_REF_YEAR" urn="urn:sdmx:org.sdmx.infomodel.conceptscheme.Concept=ESTAT:ESTAT_CONCEPTS(1.0).IND_REF_YEAR">
          <Name xml:lang="en" xmlns="http://www.sdmx.org/resources/sdmxml/schemas/v2_1/common">Index Reference Year</Name>
          <Description xml:lang="en" xmlns="http://www.sdmx.org/resources/sdmxml/schemas/v2_1/common">Index Reference Year</Description>
        </Concept>
        <Concept id="REF_AREA" urn="urn:sdmx:org.sdmx.infomodel.conceptscheme.Concept=ESTAT:ESTAT_CONCEPTS(1.0).REF_AREA">
          <Name xml:lang="en" xmlns="http://www.sdmx.org/resources/sdmxml/schemas/v2_1/common">Reference area</Name>
          <Description xml:lang="en" xmlns="http://www.sdmx.org/resources/sdmxml/schemas/v2_1/common">Reference area</Description>
        </Concept>
        <Concept id="TITLE" urn="urn:sdmx:org.sdmx.infomodel.conceptscheme.Concept=ESTAT:ESTAT_CONCEPTS(1.0).TITLE">
          <Name xml:lang="en" xmlns="http://www.sdmx.org/resources/sdmxml/schemas/v2_1/common">Title</Name>
          <Description xml:lang="en" xmlns="http://www.sdmx.org/resources/sdmxml/schemas/v2_1/common">Title</Description>
        </Concept>
        <Concept id="TITLE_COMPL" urn="urn:sdmx:org.sdmx.infomodel.conceptscheme.Concept=ESTAT:ESTAT_CONCEPTS(1.0).TITLE_COMPL">
          <Name xml:lang="en" xmlns="http://www.sdmx.org/resources/sdmxml/schemas/v2_1/common">Title complement</Name>
          <Description xml:lang="en" xmlns="http://www.sdmx.org/resources/sdmxml/schemas/v2_1/common">Title complement</Description>
        </Concept>
        <Concept id="UNIT" urn="urn:sdmx:org.sdmx.infomodel.conceptscheme.Concept=ESTAT:ESTAT_CONCEPTS(1.0).UNIT">
          <Name xml:lang="en" xmlns="http://www.sdmx.org/resources/sdmxml/schemas/v2_1/common">Unit</Name>
          <Description xml:lang="en" xmlns="http://www.sdmx.org/resources/sdmxml/schemas/v2_1/common">Unit</Description>
        </Concept>
        <Concept id="UNIT_MULT" urn="urn:sdmx:org.sdmx.infomodel.conceptscheme.Concept=ESTAT:ESTAT_CONCEPTS(1.0).UNIT_MULT">
          <Name xml:lang="en" xmlns="http://www.sdmx.org/resources/sdmxml/schemas/v2_1/common">Unit multiplier</Name>
          <Description xml:lang="en" xmlns="http://www.sdmx.org/resources/sdmxml/schemas/v2_1/common">Unit multiplier</Description>
        </Concept>
        <Concept id="ADJUSTMENT" urn="urn:sdmx:org.sdmx.infomodel.conceptscheme.Concept=ESTAT:ESTAT_CONCEPTS(1.0).ADJUSTMENT">
          <Name xml:lang="en" xmlns="http://www.sdmx.org/resources/sdmxml/schemas/v2_1/common">Adjustment indicator</Name>
          <Description xml:lang="en" xmlns="http://www.sdmx.org/resources/sdmxml/schemas/v2_1/common">Adjustment indicator</Description>
        </Concept>
        <Concept id="BREAKS" urn="urn:sdmx:org.sdmx.infomodel.conceptscheme.Concept=ESTAT:ESTAT_CONCEPTS(1.0).BREAKS">
          <Name xml:lang="en" xmlns="http://www.sdmx.org/resources/sdmxml/schemas/v2_1/common">Breaks</Name>
          <Description xml:lang="en" xmlns="http://www.sdmx.org/resources/sdmxml/schemas/v2_1/common">Breaks</Description>
        </Concept>
        <Concept id="DECIMALS" urn="urn:sdmx:org.sdmx.infomodel.conceptscheme.Concept=ESTAT:ESTAT_CONCEPTS(1.0).DECIMALS">
          <Name xml:lang="en" xmlns="http://www.sdmx.org/resources/sdmxml/schemas/v2_1/common">Decimals</Name>
          <Description xml:lang="en" xmlns="http://www.sdmx.org/resources/sdmxml/schemas/v2_1/common">Decimals</Description>
        </Concept>
        <Concept id="DOM_SER_IDS" urn="urn:sdmx:org.sdmx.infomodel.conceptscheme.Concept=ESTAT:ESTAT_CONCEPTS(1.0).DOM_SER_IDS">
          <Name xml:lang="en" xmlns="http://www.sdmx.org/resources/sdmxml/schemas/v2_1/common">Domestic series ids</Name>
          <Description xml:lang="en" xmlns="http://www.sdmx.org/resources/sdmxml/schemas/v2_1/common">Domestic series ids</Description>
        </Concept>
        <Concept id="NAT_TITLE" urn="urn:sdmx:org.sdmx.infomodel.conceptscheme.Concept=ESTAT:ESTAT_CONCEPTS(1.0).NAT_TITLE">
          <Name xml:lang="en" xmlns="http://www.sdmx.org/resources/sdmxml/schemas/v2_1/common">National language title</Name>
          <Description xml:lang="en" xmlns="http://www.sdmx.org/resources/sdmxml/schemas/v2_1/common">National language title</Description>
        </Concept>
        <Concept id="SOURCE_AGENCY" urn="urn:sdmx:org.sdmx.infomodel.conceptscheme.Concept=ESTAT:ESTAT_CONCEPTS(1.0).SOURCE_AGENCY">
          <Name xml:lang="en" xmlns="http://www.sdmx.org/resources/sdmxml/schemas/v2_1/common">Source agency</Name>
          <Description xml:lang="en" xmlns="http://www.sdmx.org/resources/sdmxml/schemas/v2_1/common">Source agency</Description>
        </Concept>
        <Concept id="SOURCE_PUB" urn="urn:sdmx:org.sdmx.infomodel.conceptscheme.Concept=ESTAT:ESTAT_CONCEPTS(1.0).SOURCE_PUB">
          <Name xml:lang="en" xmlns="http://www.sdmx.org/resources/sdmxml/schemas/v2_1/common">Source publication</Name>
          <Description xml:lang="en" xmlns="http://www.sdmx.org/resources/sdmxml/schemas/v2_1/common">Source publication</Description>
        </Concept>
        <Concept id="STS_ACTIVITY" urn="urn:sdmx:org.sdmx.infomodel.conceptscheme.Concept=ESTAT:ESTAT_CONCEPTS(1.0).STS_ACTIVITY">
          <Name xml:lang="en" xmlns="http://www.sdmx.org/resources/sdmxml/schemas/v2_1/common">Economic Activity code</Name>
          <Description xml:lang="en" xmlns="http://www.sdmx.org/resources/sdmxml/schemas/v2_1/common">Economic Activity code</Description>
        </Concept>
        <Concept id="STS_BASE_YEAR" urn="urn:sdmx:org.sdmx.infomodel.conceptscheme.Concept=ESTAT:ESTAT_CONCEPTS(1.0).STS_BASE_YEAR">
          <Name xml:lang="en" xmlns="http://www.sdmx.org/resources/sdmxml/schemas/v2_1/common">Series variation in short-term statistics</Name>
          <Description xml:lang="en" xmlns="http://www.sdmx.org/resources/sdmxml/schemas/v2_1/common">Series variation in short-term statistics</Description>
        </Concept>
        <Concept id="STS_INDICATOR" urn="urn:sdmx:org.sdmx.infomodel.conceptscheme.Concept=ESTAT:ESTAT_CONCEPTS(1.0).STS_INDICATOR">
          <Name xml:lang="en" xmlns="http://www.sdmx.org/resources/sdmxml/schemas/v2_1/common">STS Indicator</Name>
          <Description xml:lang="en" xmlns="http://www.sdmx.org/resources/sdmxml/schemas/v2_1/common">STS Indicator</Description>
        </Concept>
        <Concept id="STS_INSTITUTION" urn="urn:sdmx:org.sdmx.infomodel.conceptscheme.Concept=ESTAT:ESTAT_CONCEPTS(1.0).STS_INSTITUTION">
          <Name xml:lang="en" xmlns="http://www.sdmx.org/resources/sdmxml/schemas/v2_1/common">Institution originating STS dataflow to ECB</Name>
          <Description xml:lang="en" xmlns="http://www.sdmx.org/resources/sdmxml/schemas/v2_1/common">Institution originating STS dataflow to ECB</Description>
        </Concept>
        <Concept id="UNIT_INDEX_BASE" urn="urn:sdmx:org.sdmx.infomodel.conceptscheme.Concept=ESTAT:ESTAT_CONCEPTS(1.0).UNIT_INDEX_BASE">
          <Name xml:lang="en" xmlns="http://www.sdmx.org/resources/sdmxml/schemas/v2_1/common">Unit index base</Name>
          <Description xml:lang="en" xmlns="http://www.sdmx.org/resources/sdmxml/schemas/v2_1/common">Unit index base</Description>
        </Concept>
      </ConceptScheme>
      <ConceptScheme id="USUAL_CONCEPTS" urn="urn:sdmx:org.sdmx.infomodel.conceptscheme.ConceptScheme=ESTAT:USUAL_CONCEPTS(1.0)" agencyID="ESTAT" version="1.0">
        <Name xml:lang="en" xmlns="http://www.sdmx.org/resources/sdmxml/schemas/v2_1/common">Eurostat's usually used Concepts</Name>
        <Concept id="FREQ" urn="urn:sdmx:org.sdmx.infomodel.conceptscheme.Concept=ESTAT:USUAL_CONCEPTS(1.0).FREQ">
          <Name xml:lang="en" xmlns="http://www.sdmx.org/resources/sdmxml/schemas/v2_1/common">Frequency</Name>
          <Description xml:lang="en" xmlns="http://www.sdmx.org/resources/sdmxml/schemas/v2_1/common">Frequency</Description>
        </Concept>
        <Concept id="TIME_PERIOD" urn="urn:sdmx:org.sdmx.infomodel.conceptscheme.Concept=ESTAT:USUAL_CONCEPTS(1.0).TIME_PERIOD">
          <Name xml:lang="en" xmlns="http://www.sdmx.org/resources/sdmxml/schemas/v2_1/common">Time period or range</Name>
          <Description xml:lang="en" xmlns="http://www.sdmx.org/resources/sdmxml/schemas/v2_1/common">Time period or range</Description>
        </Concept>
        <Concept id="OBS_VALUE" urn="urn:sdmx:org.sdmx.infomodel.conceptscheme.Concept=ESTAT:USUAL_CONCEPTS(1.0).OBS_VALUE">
          <Name xml:lang="en" xmlns="http://www.sdmx.org/resources/sdmxml/schemas/v2_1/common">Observation value</Name>
          <Description xml:lang="en" xmlns="http://www.sdmx.org/resources/sdmxml/schemas/v2_1/common">Observation value</Description>
        </Concept>
        <Concept id="TIME_FORMAT" urn="urn:sdmx:org.sdmx.infomodel.conceptscheme.Concept=ESTAT:USUAL_CONCEPTS(1.0).TIME_FORMAT">
          <Name xml:lang="en" xmlns="http://www.sdmx.org/resources/sdmxml/schemas/v2_1/common">Time format code</Name>
          <Description xml:lang="en" xmlns="http://www.sdmx.org/resources/sdmxml/schemas/v2_1/common">Time format code</Description>
        </Concept>
        <Concept id="OBS_STATUS" urn="urn:sdmx:org.sdmx.infomodel.conceptscheme.Concept=ESTAT:USUAL_CONCEPTS(1.0).OBS_STATUS">
          <Name xml:lang="en" xmlns="http://www.sdmx.org/resources/sdmxml/schemas/v2_1/common">Observation status</Name>
          <Description xml:lang="en" xmlns="http://www.sdmx.org/resources/sdmxml/schemas/v2_1/common">Observation status</Description>
        </Concept>
        <Concept id="OBS_COM" urn="urn:sdmx:org.sdmx.infomodel.conceptscheme.Concept=ESTAT:USUAL_CONCEPTS(1.0).OBS_COM">
          <Name xml:lang="en" xmlns="http://www.sdmx.org/resources/sdmxml/schemas/v2_1/common">Observation comment</Name>
          <Description xml:lang="en" xmlns="http://www.sdmx.org/resources/sdmxml/schemas/v2_1/common">Observation comment</Description>
        </Concept>
        <Concept id="OBS_CONF" urn="urn:sdmx:org.sdmx.infomodel.conceptscheme.Concept=ESTAT:USUAL_CONCEPTS(1.0).OBS_CONF">
          <Name xml:lang="en" xmlns="http://www.sdmx.org/resources/sdmxml/schemas/v2_1/common">Observation confidentiality</Name>
          <Description xml:lang="en" xmlns="http://www.sdmx.org/resources/sdmxml/schemas/v2_1/common">Observation confidentiality</Description>
        </Concept>
        <Concept id="OBS_PRE_BREAK" urn="urn:sdmx:org.sdmx.infomodel.conceptscheme.Concept=ESTAT:USUAL_CONCEPTS(1.0).OBS_PRE_BREAK">
          <Name xml:lang="en" xmlns="http://www.sdmx.org/resources/sdmxml/schemas/v2_1/common">Pre-break observation value</Name>
          <Description xml:lang="en" xmlns="http://www.sdmx.org/resources/sdmxml/schemas/v2_1/common">Pre-break observation value</Description>
        </Concept>
      </ConceptScheme>
    </Concepts>
    <DataStructures xmlns="http://www.sdmx.org/resources/sdmxml/schemas/v2_1/structure">
      <DataStructure id="CPI" urn="urn:sdmx:org.sdmx.infomodel.datastructure.DataStructure=ESTAT:CPI(1.0)" agencyID="ESTAT" version="1.0" validFrom="2008-01-01T00:00:00" validTo="2008-12-31T00:00:00" isExternalReference="false" isFinal="true">
        <Name xml:lang="en" xmlns="http://www.sdmx.org/resources/sdmxml/schemas/v2_1/common">Consumer Price Index</Name>
        <DataStructureComponents>
          <DimensionList id="DimensionDescriptor" urn="urn:sdmx:org.sdmx.infomodel.datastructure.DimensionDescriptor=ESTAT:CPI(1.0).DimensionDescriptor">
            <Dimension id="FREQ" urn="urn:sdmx:org.sdmx.infomodel.datastructure.Dimension=ESTAT:CPI(1.0).FREQ" position="1">
              <ConceptIdentity>
                <Ref id="FREQ" maintainableParentID="USUAL_CONCEPTS" maintainableParentVersion="1.0" agencyID="ESTAT" package="conceptscheme" class="Concept" xmlns="" />
              </ConceptIdentity>
              <LocalRepresentation>
                <Enumeration>
                  <Ref id="CL_FREQ" version="1.0" agencyID="ECB" package="codelist" class="Codelist" xmlns="" />
                </Enumeration>
              </LocalRepresentation>
            </Dimension>
            <Dimension id="REF_AREA" urn="urn:sdmx:org.sdmx.infomodel.datastructure.Dimension=ESTAT:CPI(1.0).REF_AREA" position="2">
              <ConceptIdentity>
                <Ref id="REF_AREA" maintainableParentID="ESTAT_CONCEPTS" maintainableParentVersion="1.0" agencyID="ESTAT" package="conceptscheme" class="Concept" xmlns="" />
              </ConceptIdentity>
              <LocalRepresentation>
                <Enumeration>
                  <Ref id="CL_AREA_EE" version="1.0" agencyID="ECB" package="codelist" class="Codelist" xmlns="" />
                </Enumeration>
              </LocalRepresentation>
            </Dimension>
            <Dimension id="CPI_ITEM" urn="urn:sdmx:org.sdmx.infomodel.datastructure.Dimension=ESTAT:CPI(1.0).CPI_ITEM" position="3">
              <ConceptIdentity>
                <Ref id="CPI_ITEM" maintainableParentID="CPI_CONCEPTS" maintainableParentVersion="1.0" agencyID="ESTAT" package="conceptscheme" class="Concept" xmlns="" />
              </ConceptIdentity>
              <LocalRepresentation>
                <Enumeration>
                  <Ref id="CL_CPI_ITEM" version="1.0" agencyID="ESTAT" package="codelist" class="Codelist" xmlns="" />
                </Enumeration>
              </LocalRepresentation>
            </Dimension>
            <Dimension id="CPI_SUFFIX" urn="urn:sdmx:org.sdmx.infomodel.datastructure.Dimension=ESTAT:CPI(1.0).CPI_SUFFIX" position="4">
              <ConceptIdentity>
                <Ref id="CPI_SUFFIX" maintainableParentID="CPI_CONCEPTS" maintainableParentVersion="1.0" agencyID="ESTAT" package="conceptscheme" class="Concept" xmlns="" />
              </ConceptIdentity>
              <LocalRepresentation>
                <Enumeration>
                  <Ref id="CL_CPI_SUFFIX" version="1.0" agencyID="ESTAT" package="codelist" class="Codelist" xmlns="" />
                </Enumeration>
              </LocalRepresentation>
            </Dimension>
            <Dimension id="IND_REF_YEAR" urn="urn:sdmx:org.sdmx.infomodel.datastructure.Dimension=ESTAT:CPI(1.0).IND_REF_YEAR" position="5">
              <ConceptIdentity>
                <Ref id="IND_REF_YEAR" maintainableParentID="ESTAT_CONCEPTS" maintainableParentVersion="1.0" agencyID="ESTAT" package="conceptscheme" class="Concept" xmlns="" />
              </ConceptIdentity>
              <LocalRepresentation>
                <Enumeration>
                  <Ref id="CL_IND_REF_YEAR" version="1.0" agencyID="ESTAT" package="codelist" class="Codelist" xmlns="" />
                </Enumeration>
              </LocalRepresentation>
            </Dimension>
            <TimeDimension id="TIME_PERIOD" urn="urn:sdmx:org.sdmx.infomodel.datastructure.TimeDimension=ESTAT:CPI(1.0).TIME_PERIOD" position="6">
              <ConceptIdentity>
                <Ref id="TIME_PERIOD" maintainableParentID="USUAL_CONCEPTS" maintainableParentVersion="1.0" agencyID="ESTAT" package="conceptscheme" class="Concept" xmlns="" />
              </ConceptIdentity>
              <LocalRepresentation>
                <TextFormat />
              </LocalRepresentation>
            </TimeDimension>
          </DimensionList>
          <Group id="Sibling" urn="urn:sdmx:org.sdmx.infomodel.datastructure.GroupDimensionDescriptor=ESTAT:CPI(1.0).Sibling">
            <GroupDimension>
              <DimensionReference>
                <Ref id="REF_AREA" xmlns="" />
              </DimensionReference>
            </GroupDimension>
            <GroupDimension>
              <DimensionReference>
                <Ref id="CPI_ITEM" xmlns="" />
              </DimensionReference>
            </GroupDimension>
            <GroupDimension>
              <DimensionReference>
                <Ref id="CPI_SUFFIX" xmlns="" />
              </DimensionReference>
            </GroupDimension>
            <GroupDimension>
              <DimensionReference>
                <Ref id="IND_REF_YEAR" xmlns="" />
              </DimensionReference>
            </GroupDimension>
          </Group>
          <AttributeList id="AttributeDescriptor" urn="urn:sdmx:org.sdmx.infomodel.datastructure.AttributeDescriptor=ESTAT:CPI(1.0).AttributeDescriptor">
            <Attribute id="TIME_FORMAT" urn="urn:sdmx:org.sdmx.infomodel.datastructure.DataAttribute=ESTAT:CPI(1.0).TIME_FORMAT" assignmentStatus="Mandatory">
              <ConceptIdentity>
                <Ref id="TIME_FORMAT" maintainableParentID="USUAL_CONCEPTS" maintainableParentVersion="1.0" agencyID="ESTAT" package="conceptscheme" class="Concept" xmlns="" />
              </ConceptIdentity>
              <LocalRepresentation>
                <Enumeration>
                  <Ref id="CL_TIME_FORMAT" version="1.0" agencyID="ESTAT" package="codelist" class="Codelist" xmlns="" />
                </Enumeration>
              </LocalRepresentation>
              <AttributeRelationship>
                <Dimension>
                  <Ref id="FREQ" xmlns="" />
                </Dimension>
                <Dimension>
                  <Ref id="REF_AREA" xmlns="" />
                </Dimension>
                <Dimension>
                  <Ref id="CPI_ITEM" xmlns="" />
                </Dimension>
                <Dimension>
                  <Ref id="CPI_SUFFIX" xmlns="" />
                </Dimension>
                <Dimension>
                  <Ref id="IND_REF_YEAR" xmlns="" />
                </Dimension>
              </AttributeRelationship>
            </Attribute>
            <Attribute id="OBS_STATUS" urn="urn:sdmx:org.sdmx.infomodel.datastructure.DataAttribute=ESTAT:CPI(1.0).OBS_STATUS" assignmentStatus="Mandatory">
              <ConceptIdentity>
                <Ref id="OBS_STATUS" maintainableParentID="USUAL_CONCEPTS" maintainableParentVersion="1.0" agencyID="ESTAT" package="conceptscheme" class="Concept" xmlns="" />
              </ConceptIdentity>
              <LocalRepresentation>
                <Enumeration>
                  <Ref id="CL_OBS_STATUS" version="1.0" agencyID="ECB" package="codelist" class="Codelist" xmlns="" />
                </Enumeration>
              </LocalRepresentation>
              <AttributeRelationship>
                <PrimaryMeasure>
                  <Ref id="OBS_VALUE" xmlns="" />
                </PrimaryMeasure>
              </AttributeRelationship>
            </Attribute>
            <Attribute id="OBS_CONF" urn="urn:sdmx:org.sdmx.infomodel.datastructure.DataAttribute=ESTAT:CPI(1.0).OBS_CONF" assignmentStatus="Conditional">
              <ConceptIdentity>
                <Ref id="OBS_CONF" maintainableParentID="USUAL_CONCEPTS" maintainableParentVersion="1.0" agencyID="ESTAT" package="conceptscheme" class="Concept" xmlns="" />
              </ConceptIdentity>
              <LocalRepresentation>
                <Enumeration>
                  <Ref id="CL_OBS_CONF" version="1.0" agencyID="ECB" package="codelist" class="Codelist" xmlns="" />
                </Enumeration>
              </LocalRepresentation>
              <AttributeRelationship>
                <PrimaryMeasure>
                  <Ref id="OBS_VALUE" xmlns="" />
                </PrimaryMeasure>
              </AttributeRelationship>
            </Attribute>
            <Attribute id="OBS_PRE_BREAK" urn="urn:sdmx:org.sdmx.infomodel.datastructure.DataAttribute=ESTAT:CPI(1.0).OBS_PRE_BREAK" assignmentStatus="Conditional">
              <ConceptIdentity>
                <Ref id="OBS_PRE_BREAK" maintainableParentID="USUAL_CONCEPTS" maintainableParentVersion="1.0" agencyID="ESTAT" package="conceptscheme" class="Concept" xmlns="" />
              </ConceptIdentity>
              <LocalRepresentation>
                <TextFormat textType="String" />
              </LocalRepresentation>
              <AttributeRelationship>
                <PrimaryMeasure>
                  <Ref id="OBS_VALUE" xmlns="" />
                </PrimaryMeasure>
              </AttributeRelationship>
            </Attribute>
            <Attribute id="TITLE" urn="urn:sdmx:org.sdmx.infomodel.datastructure.DataAttribute=ESTAT:CPI(1.0).TITLE" assignmentStatus="Conditional">
              <ConceptIdentity>
                <Ref id="TITLE" maintainableParentID="ESTAT_CONCEPTS" maintainableParentVersion="1.0" agencyID="ESTAT" package="conceptscheme" class="Concept" xmlns="" />
              </ConceptIdentity>
              <LocalRepresentation>
                <TextFormat textType="String" />
              </LocalRepresentation>
              <AttributeRelationship>
                <Group>
                  <Ref id="Sibling" xmlns="" />
                </Group>
              </AttributeRelationship>
            </Attribute>
            <Attribute id="UNIT" urn="urn:sdmx:org.sdmx.infomodel.datastructure.DataAttribute=ESTAT:CPI(1.0).UNIT" assignmentStatus="Conditional">
              <ConceptIdentity>
                <Ref id="UNIT" maintainableParentID="ESTAT_CONCEPTS" maintainableParentVersion="1.0" agencyID="ESTAT" package="conceptscheme" class="Concept" xmlns="" />
              </ConceptIdentity>
              <LocalRepresentation>
                <Enumeration>
                  <Ref id="CL_UNIT" version="1.0" agencyID="ECB" package="codelist" class="Codelist" xmlns="" />
                </Enumeration>
              </LocalRepresentation>
              <AttributeRelationship>
                <Group>
                  <Ref id="Sibling" xmlns="" />
                </Group>
              </AttributeRelationship>
            </Attribute>
            <Attribute id="UNIT_MULT" urn="urn:sdmx:org.sdmx.infomodel.datastructure.DataAttribute=ESTAT:CPI(1.0).UNIT_MULT" assignmentStatus="Conditional">
              <ConceptIdentity>
                <Ref id="UNIT_MULT" maintainableParentID="ESTAT_CONCEPTS" maintainableParentVersion="1.0" agencyID="ESTAT" package="conceptscheme" class="Concept" xmlns="" />
              </ConceptIdentity>
              <LocalRepresentation>
                <Enumeration>
                  <Ref id="CL_UNIT_MULT" version="1.0" agencyID="ESTAT" package="codelist" class="Codelist" xmlns="" />
                </Enumeration>
              </LocalRepresentation>
              <AttributeRelationship>
                <Group>
                  <Ref id="Sibling" xmlns="" />
                </Group>
              </AttributeRelationship>
            </Attribute>
            <Attribute id="COLLECTION" urn="urn:sdmx:org.sdmx.infomodel.datastructure.DataAttribute=ESTAT:CPI(1.0).COLLECTION" assignmentStatus="Conditional">
              <ConceptIdentity>
                <Ref id="COLLECTION" maintainableParentID="ESTAT_CONCEPTS" maintainableParentVersion="1.0" agencyID="ESTAT" package="conceptscheme" class="Concept" xmlns="" />
              </ConceptIdentity>
              <LocalRepresentation>
                <Enumeration>
                  <Ref id="CL_COLLECTION" version="1.0" agencyID="ECB" package="codelist" class="Codelist" xmlns="" />
                </Enumeration>
              </LocalRepresentation>
              <AttributeRelationship>
                <Dimension>
                  <Ref id="FREQ" xmlns="" />
                </Dimension>
                <Dimension>
                  <Ref id="REF_AREA" xmlns="" />
                </Dimension>
                <Dimension>
                  <Ref id="CPI_ITEM" xmlns="" />
                </Dimension>
                <Dimension>
                  <Ref id="CPI_SUFFIX" xmlns="" />
                </Dimension>
                <Dimension>
                  <Ref id="IND_REF_YEAR" xmlns="" />
                </Dimension>
              </AttributeRelationship>
            </Attribute>
            <Attribute id="AVAILABILITY" urn="urn:sdmx:org.sdmx.infomodel.datastructure.DataAttribute=ESTAT:CPI(1.0).AVAILABILITY" assignmentStatus="Conditional">
              <ConceptIdentity>
                <Ref id="AVAILABILITY" maintainableParentID="ESTAT_CONCEPTS" maintainableParentVersion="1.0" agencyID="ESTAT" package="conceptscheme" class="Concept" xmlns="" />
              </ConceptIdentity>
              <LocalRepresentation>
                <Enumeration>
                  <Ref id="CL_AVAILABILITY" version="1.0" agencyID="ESTAT" package="codelist" class="Codelist" xmlns="" />
                </Enumeration>
              </LocalRepresentation>
              <AttributeRelationship>
                <Dimension>
                  <Ref id="FREQ" xmlns="" />
                </Dimension>
                <Dimension>
                  <Ref id="REF_AREA" xmlns="" />
                </Dimension>
                <Dimension>
                  <Ref id="CPI_ITEM" xmlns="" />
                </Dimension>
                <Dimension>
                  <Ref id="CPI_SUFFIX" xmlns="" />
                </Dimension>
                <Dimension>
                  <Ref id="IND_REF_YEAR" xmlns="" />
                </Dimension>
              </AttributeRelationship>
            </Attribute>
            <Attribute id="TITLE_COMPL" urn="urn:sdmx:org.sdmx.infomodel.datastructure.DataAttribute=ESTAT:CPI(1.0).TITLE_COMPL" assignmentStatus="Conditional">
              <ConceptIdentity>
                <Ref id="TITLE_COMPL" maintainableParentID="ESTAT_CONCEPTS" maintainableParentVersion="1.0" agencyID="ESTAT" package="conceptscheme" class="Concept" xmlns="" />
              </ConceptIdentity>
              <LocalRepresentation>
                <TextFormat textType="String" />
              </LocalRepresentation>
              <AttributeRelationship>
                <Group>
                  <Ref id="Sibling" xmlns="" />
                </Group>
              </AttributeRelationship>
            </Attribute>
            <Attribute id="COMPILATION" urn="urn:sdmx:org.sdmx.infomodel.datastructure.DataAttribute=ESTAT:CPI(1.0).COMPILATION" assignmentStatus="Conditional">
              <ConceptIdentity>
                <Ref id="COMPILATION" maintainableParentID="ESTAT_CONCEPTS" maintainableParentVersion="1.0" agencyID="ESTAT" package="conceptscheme" class="Concept" xmlns="" />
              </ConceptIdentity>
              <LocalRepresentation>
                <TextFormat textType="String" />
              </LocalRepresentation>
              <AttributeRelationship>
                <Group>
                  <Ref id="Sibling" xmlns="" />
                </Group>
              </AttributeRelationship>
            </Attribute>
            <Attribute id="COVERAGE" urn="urn:sdmx:org.sdmx.infomodel.datastructure.DataAttribute=ESTAT:CPI(1.0).COVERAGE" assignmentStatus="Conditional">
              <ConceptIdentity>
                <Ref id="COVERAGE" maintainableParentID="ESTAT_CONCEPTS" maintainableParentVersion="1.0" agencyID="ESTAT" package="conceptscheme" class="Concept" xmlns="" />
              </ConceptIdentity>
              <LocalRepresentation>
                <TextFormat textType="String" />
              </LocalRepresentation>
              <AttributeRelationship>
                <Group>
                  <Ref id="Sibling" xmlns="" />
                </Group>
              </AttributeRelationship>
            </Attribute>
            <Attribute id="OBS_COM" urn="urn:sdmx:org.sdmx.infomodel.datastructure.DataAttribute=ESTAT:CPI(1.0).OBS_COM" assignmentStatus="Conditional">
              <ConceptIdentity>
                <Ref id="OBS_COM" maintainableParentID="USUAL_CONCEPTS" maintainableParentVersion="1.0" agencyID="ESTAT" package="conceptscheme" class="Concept" xmlns="" />
              </ConceptIdentity>
              <LocalRepresentation>
                <TextFormat textType="String" />
              </LocalRepresentation>
              <AttributeRelationship>
                <PrimaryMeasure>
                  <Ref id="OBS_VALUE" xmlns="" />
                </PrimaryMeasure>
              </AttributeRelationship>
            </Attribute>
          </AttributeList>
          <MeasureList id="MeasureDescriptor" urn="urn:sdmx:org.sdmx.infomodel.datastructure.MeasureDescriptor=ESTAT:CPI(1.0).MeasureDescriptor">
            <PrimaryMeasure id="OBS_VALUE" urn="urn:sdmx:org.sdmx.infomodel.datastructure.PrimaryMeasure=ESTAT:CPI(1.0).OBS_VALUE">
              <ConceptIdentity>
                <Ref id="OBS_VALUE" maintainableParentID="USUAL_CONCEPTS" maintainableParentVersion="1.0" agencyID="ESTAT" package="conceptscheme" class="Concept" xmlns="" />
              </ConceptIdentity>
              <LocalRepresentation>
                <TextFormat textType="Double" />
              </LocalRepresentation>
            </PrimaryMeasure>
          </MeasureList>
        </DataStructureComponents>
      </DataStructure>
    </DataStructures>
  </Structures>
</Structure>