<?xml version="1.0" encoding="utf-8"?>
<Structure xmlns="http://www.sdmx.org/resources/sdmxml/schemas/v2_1/message">
  <Header>
    <ID>JD014</ID>
    <Test>true</Test>
    <Prepared>2013-09-10T09:08:16.4388+02:00</Prepared>
    <Sender id="BIS">
      <Name xml:lang="en" xmlns="http://www.sdmx.org/resources/sdmxml/schemas/v2_1/common">Bank for International Settlements</Name>
      <Contact>
        <Name xml:lang="en" xmlns="http://www.sdmx.org/resources/sdmxml/schemas/v2_1/common">G.B. Smith</Name>
        <Telephone>+000.000.0000</Telephone>
      </Contact>
    </Sender>
    <Receiver id="ECB">
      <Name xml:lang="en" xmlns="http://www.sdmx.org/resources/sdmxml/schemas/v2_1/common">European Central Bank</Name>
      <Contact>
        <Name xml:lang="en" xmlns="http://www.sdmx.org/resources/sdmxml/schemas/v2_1/common">B.S. Featherstone</Name>
        <Department xml:lang="en">Statistics Division</Department>
        <Telephone>+000.000.0001</Telephone>
      </Contact>
    </Receiver>
    <Name xml:lang="en" xmlns="http://www.sdmx.org/resources/sdmxml/schemas/v2_1/common">Trans46302</Name>
  </Header>
  <Structures>
    <Codelists xmlns="http://www.sdmx.org/resources/sdmxml/schemas/v2_1/structure">
      <Codelist id="CL_ADJUSTMENT" urn="urn:sdmx:org.sdmx.infomodel.codelist.Codelist=ECB:CL_ADJUSTMENT(1.0)" agencyID="ECB" version="1.0" isFinal="true">
        <Name xml:lang="en" xmlns="http://www.sdmx.org/resources/sdmxml/schemas/v2_1/common">Adjustment indicator code list</Name>
        <Code id="C" urn="urn:sdmx:org.sdmx.infomodel.codelist.Code=ECB:CL_ADJUSTMENT(1.0).C">
          <Name xml:lang="en" xmlns="http://www.sdmx.org/resources/sdmxml/schemas/v2_1/common">Trend-cycle data, working day adjusted, not seasonally adjusted</Name>
        </Code>
        <Code id="N" urn="urn:sdmx:org.sdmx.infomodel.codelist.Code=ECB:CL_ADJUSTMENT(1.0).N">
          <Name xml:lang="en" xmlns="http://www.sdmx.org/resources/sdmxml/schemas/v2_1/common">Neither seasonally or working day adjusted</Name>
        </Code>
        <Code id="S" urn="urn:sdmx:org.sdmx.infomodel.codelist.Code=ECB:CL_ADJUSTMENT(1.0).S">
          <Name xml:lang="en" xmlns="http://www.sdmx.org/resources/sdmxml/schemas/v2_1/common">Seasonally adjusted, not working day adjusted</Name>
        </Code>
        <Code id="T" urn="urn:sdmx:org.sdmx.infomodel.codelist.Code=ECB:CL_ADJUSTMENT(1.0).T">
          <Name xml:lang="en" xmlns="http://www.sdmx.org/resources/sdmxml/schemas/v2_1/common">Trend</Name>
        </Code>
        <Code id="W" urn="urn:sdmx:org.sdmx.infomodel.codelist.Code=ECB:CL_ADJUSTMENT(1.0).W">
          <Name xml:lang="en" xmlns="http://www.sdmx.org/resources/sdmxml/schemas/v2_1/common">Working day adjusted, not seasonally adjusted</Name>
        </Code>
        <Code id="X" urn="urn:sdmx:org.sdmx.infomodel.codelist.Code=ECB:CL_ADJUSTMENT(1.0).X">
          <Name xml:lang="en" xmlns="http://www.sdmx.org/resources/sdmxml/schemas/v2_1/common">Seasonal factors</Name>
        </Code>
        <Code id="Y" urn="urn:sdmx:org.sdmx.infomodel.codelist.Code=ECB:CL_ADJUSTMENT(1.0).Y">
          <Name xml:lang="en" xmlns="http://www.sdmx.org/resources/sdmxml/schemas/v2_1/common">Working day and seasonally adjusted</Name>
        </Code>
        <Code id="Z" urn="urn:sdmx:org.sdmx.infomodel.codelist.Code=ECB:CL_ADJUSTMENT(1.0).Z">
          <Name xml:lang="en" xmlns="http://www.sdmx.org/resources/sdmxml/schemas/v2_1/common">Combined seasonal and calendar factors</Name>
        </Code>
      </Codelist>
      <Codelist id="CL_AREA_EE" urn="urn:sdmx:org.sdmx.infomodel.codelist.Codelist=ECB:CL_AREA_EE(1.0)" agencyID="ECB" version="1.0" isFinal="true">
        <Name xml:lang="en" xmlns="http://www.sdmx.org/resources/sdmxml/schemas/v2_1/common">Area code list</Name>
        <Code id="1A" urn="urn:sdmx:org.sdmx.infomodel.codelist.Code=ECB:CL_AREA_EE(1.0).1A">
          <Name xml:lang="en" xmlns="http://www.sdmx.org/resources/sdmxml/schemas/v2_1/common">International organisations</Name>
        </Code>
        <Code id="1B" urn="urn:sdmx:org.sdmx.infomodel.codelist.Code=ECB:CL_AREA_EE(1.0).1B">
          <Name xml:lang="en" xmlns="http://www.sdmx.org/resources/sdmxml/schemas/v2_1/common">UN organisations</Name>
        </Code>
        <Code id="1C" urn="urn:sdmx:org.sdmx.infomodel.codelist.Code=ECB:CL_AREA_EE(1.0).1C">
          <Name xml:lang="en" xmlns="http://www.sdmx.org/resources/sdmxml/schemas/v2_1/common">International Monetary Fund</Name>
        </Code>
        <Code id="1D" urn="urn:sdmx:org.sdmx.infomodel.codelist.Code=ECB:CL_AREA_EE(1.0).1D">
          <Name xml:lang="en" xmlns="http://www.sdmx.org/resources/sdmxml/schemas/v2_1/common">World Trade Organisation</Name>
        </Code>
        <Code id="1E" urn="urn:sdmx:org.sdmx.infomodel.codelist.Code=ECB:CL_AREA_EE(1.0).1E">
          <Name xml:lang="en" xmlns="http://www.sdmx.org/resources/sdmxml/schemas/v2_1/common">International Bank for Reconstruction and Development</Name>
        </Code>
        <Code id="1F" urn="urn:sdmx:org.sdmx.infomodel.codelist.Code=ECB:CL_AREA_EE(1.0).1F">
          <Name xml:lang="en" xmlns="http://www.sdmx.org/resources/sdmxml/schemas/v2_1/common">International Development Association</Name>
        </Code>
        <Code id="1G" urn="urn:sdmx:org.sdmx.infomodel.codelist.Code=ECB:CL_AREA_EE(1.0).1G">
          <Name xml:lang="en" xmlns="http://www.sdmx.org/resources/sdmxml/schemas/v2_1/common">Other UN Organisations (includes 1H, 1J-1T)</Name>
        </Code>
        <Code id="1H" urn="urn:sdmx:org.sdmx.infomodel.codelist.Code=ECB:CL_AREA_EE(1.0).1H">
          <Name xml:lang="en" xmlns="http://www.sdmx.org/resources/sdmxml/schemas/v2_1/common">UNESCO (United Nations Educational, Scientific and Cultural Organisati on)</Name>
        </Code>
        <Code id="1J" urn="urn:sdmx:org.sdmx.infomodel.codelist.Code=ECB:CL_AREA_EE(1.0).1J">
          <Name xml:lang="en" xmlns="http://www.sdmx.org/resources/sdmxml/schemas/v2_1/common">FAO (Food and Agriculture Organisation)</Name>
        </Code>
        <Code id="1K" urn="urn:sdmx:org.sdmx.infomodel.codelist.Code=ECB:CL_AREA_EE(1.0).1K">
          <Name xml:lang="en" xmlns="http://www.sdmx.org/resources/sdmxml/schemas/v2_1/common">WHO (World Health Organisation)</Name>
        </Code>
        <Code id="1L" urn="urn:sdmx:org.sdmx.infomodel.codelist.Code=ECB:CL_AREA_EE(1.0).1L">
          <Name xml:lang="en" xmlns="http://www.sdmx.org/resources/sdmxml/schemas/v2_1/common">IFAD (International Fund for Agricultural Development)</Name>
        </Code>
        <Code id="1M" urn="urn:sdmx:org.sdmx.infomodel.codelist.Code=ECB:CL_AREA_EE(1.0).1M">
          <Name xml:lang="en" xmlns="http://www.sdmx.org/resources/sdmxml/schemas/v2_1/common">IFC (International Finance Corporation)</Name>
        </Code>
        <Code id="1N" urn="urn:sdmx:org.sdmx.infomodel.codelist.Code=ECB:CL_AREA_EE(1.0).1N">
          <Name xml:lang="en" xmlns="http://www.sdmx.org/resources/sdmxml/schemas/v2_1/common">MIGA (Multilateral Investment Guarantee Agency)</Name>
        </Code>
        <Code id="1O" urn="urn:sdmx:org.sdmx.infomodel.codelist.Code=ECB:CL_AREA_EE(1.0).1O">
          <Name xml:lang="en" xmlns="http://www.sdmx.org/resources/sdmxml/schemas/v2_1/common">UNICEF (United Nations Children Fund)</Name>
        </Code>
        <Code id="1P" urn="urn:sdmx:org.sdmx.infomodel.codelist.Code=ECB:CL_AREA_EE(1.0).1P">
          <Name xml:lang="en" xmlns="http://www.sdmx.org/resources/sdmxml/schemas/v2_1/common">UNHCR (United Nations High Commissioner for Refugees)</Name>
        </Code>
        <Code id="1Q" urn="urn:sdmx:org.sdmx.infomodel.codelist.Code=ECB:CL_AREA_EE(1.0).1Q">
          <Name xml:lang="en" xmlns="http://www.sdmx.org/resources/sdmxml/schemas/v2_1/common">UNRWA (United Nations Relief and Works Agency for Palestine)</Name>
        </Code>
        <Code id="1R" urn="urn:sdmx:org.sdmx.infomodel.codelist.Code=ECB:CL_AREA_EE(1.0).1R">
          <Name xml:lang="en" xmlns="http://www.sdmx.org/resources/sdmxml/schemas/v2_1/common">IAEA (International Atomic Energy Agency)</Name>
        </Code>
        <Code id="1S" urn="urn:sdmx:org.sdmx.infomodel.codelist.Code=ECB:CL_AREA_EE(1.0).1S">
          <Name xml:lang="en" xmlns="http://www.sdmx.org/resources/sdmxml/schemas/v2_1/common">ILO (International Labour Organisation)</Name>
        </Code>
        <Code id="1T" urn="urn:sdmx:org.sdmx.infomodel.codelist.Code=ECB:CL_AREA_EE(1.0).1T">
          <Name xml:lang="en" xmlns="http://www.sdmx.org/resources/sdmxml/schemas/v2_1/common">ITU (International Telecommunication Union)</Name>
        </Code>
        <Code id="1Z" urn="urn:sdmx:org.sdmx.infomodel.codelist.Code=ECB:CL_AREA_EE(1.0).1Z">
          <Name xml:lang="en" xmlns="http://www.sdmx.org/resources/sdmxml/schemas/v2_1/common">Rest of UN Organisations n.i.e.</Name>
        </Code>
        <Code id="4A" urn="urn:sdmx:org.sdmx.infomodel.codelist.Code=ECB:CL_AREA_EE(1.0).4A">
          <Name xml:lang="en" xmlns="http://www.sdmx.org/resources/sdmxml/schemas/v2_1/common">European Community Institutions, Organs and Organisms</Name>
        </Code>
        <Code id="4B" urn="urn:sdmx:org.sdmx.infomodel.codelist.Code=ECB:CL_AREA_EE(1.0).4B">
          <Name xml:lang="en" xmlns="http://www.sdmx.org/resources/sdmxml/schemas/v2_1/common">EMS (European Monetary System)</Name>
        </Code>
        <Code id="4C" urn="urn:sdmx:org.sdmx.infomodel.codelist.Code=ECB:CL_AREA_EE(1.0).4C">
          <Name xml:lang="en" xmlns="http://www.sdmx.org/resources/sdmxml/schemas/v2_1/common">European Investment Bank</Name>
        </Code>
        <Code id="4D" urn="urn:sdmx:org.sdmx.infomodel.codelist.Code=ECB:CL_AREA_EE(1.0).4D">
          <Name xml:lang="en" xmlns="http://www.sdmx.org/resources/sdmxml/schemas/v2_1/common">European Commission</Name>
        </Code>
        <Code id="4E" urn="urn:sdmx:org.sdmx.infomodel.codelist.Code=ECB:CL_AREA_EE(1.0).4E">
          <Name xml:lang="en" xmlns="http://www.sdmx.org/resources/sdmxml/schemas/v2_1/common">European Development Fund</Name>
        </Code>
        <Code id="4F" urn="urn:sdmx:org.sdmx.infomodel.codelist.Code=ECB:CL_AREA_EE(1.0).4F">
          <Name xml:lang="en" xmlns="http://www.sdmx.org/resources/sdmxml/schemas/v2_1/common">European Central Bank</Name>
        </Code>
        <Code id="4G" urn="urn:sdmx:org.sdmx.infomodel.codelist.Code=ECB:CL_AREA_EE(1.0).4G">
          <Name xml:lang="en" xmlns="http://www.sdmx.org/resources/sdmxml/schemas/v2_1/common">EIF (European Investment Fund)</Name>
        </Code>
        <Code id="4H" urn="urn:sdmx:org.sdmx.infomodel.codelist.Code=ECB:CL_AREA_EE(1.0).4H">
          <Name xml:lang="en" xmlns="http://www.sdmx.org/resources/sdmxml/schemas/v2_1/common">European Community of Steel and Coal</Name>
        </Code>
        <Code id="4J" urn="urn:sdmx:org.sdmx.infomodel.codelist.Code=ECB:CL_AREA_EE(1.0).4J">
          <Name xml:lang="en" xmlns="http://www.sdmx.org/resources/sdmxml/schemas/v2_1/common">Other EC Institutions, Organs and Organisms covered by General budget</Name>
        </Code>
        <Code id="4K" urn="urn:sdmx:org.sdmx.infomodel.codelist.Code=ECB:CL_AREA_EE(1.0).4K">
          <Name xml:lang="en" xmlns="http://www.sdmx.org/resources/sdmxml/schemas/v2_1/common">European Parliament</Name>
        </Code>
        <Code id="4L" urn="urn:sdmx:org.sdmx.infomodel.codelist.Code=ECB:CL_AREA_EE(1.0).4L">
          <Name xml:lang="en" xmlns="http://www.sdmx.org/resources/sdmxml/schemas/v2_1/common">European Council</Name>
        </Code>
        <Code id="4M" urn="urn:sdmx:org.sdmx.infomodel.codelist.Code=ECB:CL_AREA_EE(1.0).4M">
          <Name xml:lang="en" xmlns="http://www.sdmx.org/resources/sdmxml/schemas/v2_1/common">Court of Justice</Name>
        </Code>
        <Code id="4N" urn="urn:sdmx:org.sdmx.infomodel.codelist.Code=ECB:CL_AREA_EE(1.0).4N">
          <Name xml:lang="en" xmlns="http://www.sdmx.org/resources/sdmxml/schemas/v2_1/common">Court of Auditors</Name>
        </Code>
        <Code id="4P" urn="urn:sdmx:org.sdmx.infomodel.codelist.Code=ECB:CL_AREA_EE(1.0).4P">
          <Name xml:lang="en" xmlns="http://www.sdmx.org/resources/sdmxml/schemas/v2_1/common">Economic and Social Committee</Name>
        </Code>
        <Code id="4Q" urn="urn:sdmx:org.sdmx.infomodel.codelist.Code=ECB:CL_AREA_EE(1.0).4Q">
          <Name xml:lang="en" xmlns="http://www.sdmx.org/resources/sdmxml/schemas/v2_1/common">Committee of Regions</Name>
        </Code>
        <Code id="4Z" urn="urn:sdmx:org.sdmx.infomodel.codelist.Code=ECB:CL_AREA_EE(1.0).4Z">
          <Name xml:lang="en" xmlns="http://www.sdmx.org/resources/sdmxml/schemas/v2_1/common">Other European Community Institutions, Organs and Organisms</Name>
        </Code>
        <Code id="5A" urn="urn:sdmx:org.sdmx.infomodel.codelist.Code=ECB:CL_AREA_EE(1.0).5A">
          <Name xml:lang="en" xmlns="http://www.sdmx.org/resources/sdmxml/schemas/v2_1/common">Organisation for Economic Cooperation and Development</Name>
        </Code>
        <Code id="5B" urn="urn:sdmx:org.sdmx.infomodel.codelist.Code=ECB:CL_AREA_EE(1.0).5B">
          <Name xml:lang="en" xmlns="http://www.sdmx.org/resources/sdmxml/schemas/v2_1/common">Bank for International Settlements</Name>
        </Code>
        <Code id="5C" urn="urn:sdmx:org.sdmx.infomodel.codelist.Code=ECB:CL_AREA_EE(1.0).5C">
          <Name xml:lang="en" xmlns="http://www.sdmx.org/resources/sdmxml/schemas/v2_1/common">Inter-American Development Bank</Name>
        </Code>
        <Code id="5D" urn="urn:sdmx:org.sdmx.infomodel.codelist.Code=ECB:CL_AREA_EE(1.0).5D">
          <Name xml:lang="en" xmlns="http://www.sdmx.org/resources/sdmxml/schemas/v2_1/common">African Development Bank</Name>
        </Code>
        <Code id="5E" urn="urn:sdmx:org.sdmx.infomodel.codelist.Code=ECB:CL_AREA_EE(1.0).5E">
          <Name xml:lang="en" xmlns="http://www.sdmx.org/resources/sdmxml/schemas/v2_1/common">Asian Development Bank</Name>
        </Code>
        <Code id="5F" urn="urn:sdmx:org.sdmx.infomodel.codelist.Code=ECB:CL_AREA_EE(1.0).5F">
          <Name xml:lang="en" xmlns="http://www.sdmx.org/resources/sdmxml/schemas/v2_1/common">European Bank for Reconstruction and Development</Name>
        </Code>
        <Code id="5G" urn="urn:sdmx:org.sdmx.infomodel.codelist.Code=ECB:CL_AREA_EE(1.0).5G">
          <Name xml:lang="en" xmlns="http://www.sdmx.org/resources/sdmxml/schemas/v2_1/common">IIC (Inter-American Investment Corporation)</Name>
        </Code>
        <Code id="5H" urn="urn:sdmx:org.sdmx.infomodel.codelist.Code=ECB:CL_AREA_EE(1.0).5H">
          <Name xml:lang="en" xmlns="http://www.sdmx.org/resources/sdmxml/schemas/v2_1/common">NIB (Nordic Investment Bank)</Name>
        </Code>
        <Code id="5J" urn="urn:sdmx:org.sdmx.infomodel.codelist.Code=ECB:CL_AREA_EE(1.0).5J">
          <Name xml:lang="en" xmlns="http://www.sdmx.org/resources/sdmxml/schemas/v2_1/common">IBEC (International Bank for Economic Co-operation)</Name>
        </Code>
        <Code id="5K" urn="urn:sdmx:org.sdmx.infomodel.codelist.Code=ECB:CL_AREA_EE(1.0).5K">
          <Name xml:lang="en" xmlns="http://www.sdmx.org/resources/sdmxml/schemas/v2_1/common">IIB (International Investment Bank)</Name>
        </Code>
        <Code id="5L" urn="urn:sdmx:org.sdmx.infomodel.codelist.Code=ECB:CL_AREA_EE(1.0).5L">
          <Name xml:lang="en" xmlns="http://www.sdmx.org/resources/sdmxml/schemas/v2_1/common">CDB (Caribbean Development Bank)</Name>
        </Code>
        <Code id="5M" urn="urn:sdmx:org.sdmx.infomodel.codelist.Code=ECB:CL_AREA_EE(1.0).5M">
          <Name xml:lang="en" xmlns="http://www.sdmx.org/resources/sdmxml/schemas/v2_1/common">AMF (Arab Monetary Fund)</Name>
        </Code>
        <Code id="5N" urn="urn:sdmx:org.sdmx.infomodel.codelist.Code=ECB:CL_AREA_EE(1.0).5N">
          <Name xml:lang="en" xmlns="http://www.sdmx.org/resources/sdmxml/schemas/v2_1/common">BADEA (Banque arabe pour le développement économique en Afrique)</Name>
        </Code>
        <Code id="5P" urn="urn:sdmx:org.sdmx.infomodel.codelist.Code=ECB:CL_AREA_EE(1.0).5P">
          <Name xml:lang="en" xmlns="http://www.sdmx.org/resources/sdmxml/schemas/v2_1/common">CASDB (Central African States Development Bank)</Name>
        </Code>
        <Code id="5Q" urn="urn:sdmx:org.sdmx.infomodel.codelist.Code=ECB:CL_AREA_EE(1.0).5Q">
          <Name xml:lang="en" xmlns="http://www.sdmx.org/resources/sdmxml/schemas/v2_1/common">African Development Fund</Name>
        </Code>
        <Code id="5R" urn="urn:sdmx:org.sdmx.infomodel.codelist.Code=ECB:CL_AREA_EE(1.0).5R">
          <Name xml:lang="en" xmlns="http://www.sdmx.org/resources/sdmxml/schemas/v2_1/common">Asian Development Fund</Name>
        </Code>
        <Code id="5S" urn="urn:sdmx:org.sdmx.infomodel.codelist.Code=ECB:CL_AREA_EE(1.0).5S">
          <Name xml:lang="en" xmlns="http://www.sdmx.org/resources/sdmxml/schemas/v2_1/common">Fonds spécial unifié de développement</Name>
        </Code>
        <Code id="5T" urn="urn:sdmx:org.sdmx.infomodel.codelist.Code=ECB:CL_AREA_EE(1.0).5T">
          <Name xml:lang="en" xmlns="http://www.sdmx.org/resources/sdmxml/schemas/v2_1/common">CABEI (Central American Bank for Economic Integration)</Name>
        </Code>
        <Code id="5U" urn="urn:sdmx:org.sdmx.infomodel.codelist.Code=ECB:CL_AREA_EE(1.0).5U">
          <Name xml:lang="en" xmlns="http://www.sdmx.org/resources/sdmxml/schemas/v2_1/common">ADC (Andean Development Corporation)</Name>
        </Code>
        <Code id="5V" urn="urn:sdmx:org.sdmx.infomodel.codelist.Code=ECB:CL_AREA_EE(1.0).5V">
          <Name xml:lang="en" xmlns="http://www.sdmx.org/resources/sdmxml/schemas/v2_1/common">Other International Organisations (financial institutions)</Name>
        </Code>
        <Code id="5Z" urn="urn:sdmx:org.sdmx.infomodel.codelist.Code=ECB:CL_AREA_EE(1.0).5Z">
          <Name xml:lang="en" xmlns="http://www.sdmx.org/resources/sdmxml/schemas/v2_1/common">Other International Financial Organisations n.i.e.</Name>
        </Code>
        <Code id="6A" urn="urn:sdmx:org.sdmx.infomodel.codelist.Code=ECB:CL_AREA_EE(1.0).6A">
          <Name xml:lang="en" xmlns="http://www.sdmx.org/resources/sdmxml/schemas/v2_1/common">Other International Organisations (non-financial institutions)</Name>
        </Code>
        <Code id="6B" urn="urn:sdmx:org.sdmx.infomodel.codelist.Code=ECB:CL_AREA_EE(1.0).6B">
          <Name xml:lang="en" xmlns="http://www.sdmx.org/resources/sdmxml/schemas/v2_1/common">NATO (North Atlantic Treaty Organisation)</Name>
        </Code>
        <Code id="6C" urn="urn:sdmx:org.sdmx.infomodel.codelist.Code=ECB:CL_AREA_EE(1.0).6C">
          <Name xml:lang="en" xmlns="http://www.sdmx.org/resources/sdmxml/schemas/v2_1/common">Council of Europe</Name>
        </Code>
        <Code id="6D" urn="urn:sdmx:org.sdmx.infomodel.codelist.Code=ECB:CL_AREA_EE(1.0).6D">
          <Name xml:lang="en" xmlns="http://www.sdmx.org/resources/sdmxml/schemas/v2_1/common">ICRC (International Committee of the Red Cross)</Name>
        </Code>
        <Code id="6E" urn="urn:sdmx:org.sdmx.infomodel.codelist.Code=ECB:CL_AREA_EE(1.0).6E">
          <Name xml:lang="en" xmlns="http://www.sdmx.org/resources/sdmxml/schemas/v2_1/common">ESA (European Space Agency)</Name>
        </Code>
        <Code id="6F" urn="urn:sdmx:org.sdmx.infomodel.codelist.Code=ECB:CL_AREA_EE(1.0).6F">
          <Name xml:lang="en" xmlns="http://www.sdmx.org/resources/sdmxml/schemas/v2_1/common">EPO (European Patent Office)</Name>
        </Code>
        <Code id="6G" urn="urn:sdmx:org.sdmx.infomodel.codelist.Code=ECB:CL_AREA_EE(1.0).6G">
          <Name xml:lang="en" xmlns="http://www.sdmx.org/resources/sdmxml/schemas/v2_1/common">EUROCONTROL (European Organisation for the Safety of Air Navigation)</Name>
        </Code>
        <Code id="6H" urn="urn:sdmx:org.sdmx.infomodel.codelist.Code=ECB:CL_AREA_EE(1.0).6H">
          <Name xml:lang="en" xmlns="http://www.sdmx.org/resources/sdmxml/schemas/v2_1/common">EUTELSAT (European Telecommunications Satellite Organisation)</Name>
        </Code>
        <Code id="6J" urn="urn:sdmx:org.sdmx.infomodel.codelist.Code=ECB:CL_AREA_EE(1.0).6J">
          <Name xml:lang="en" xmlns="http://www.sdmx.org/resources/sdmxml/schemas/v2_1/common">INTELSAT (International Telecommunications Satellite Organisation)</Name>
        </Code>
        <Code id="6K" urn="urn:sdmx:org.sdmx.infomodel.codelist.Code=ECB:CL_AREA_EE(1.0).6K">
          <Name xml:lang="en" xmlns="http://www.sdmx.org/resources/sdmxml/schemas/v2_1/common">EBU/UER (European Broadcasting Union/Union européenne de radio-télévis ion)</Name>
        </Code>
        <Code id="6L" urn="urn:sdmx:org.sdmx.infomodel.codelist.Code=ECB:CL_AREA_EE(1.0).6L">
          <Name xml:lang="en" xmlns="http://www.sdmx.org/resources/sdmxml/schemas/v2_1/common">EUMETSAT (European Organisation for the Exploitation of Meteorological  Satellites)</Name>
        </Code>
        <Code id="6M" urn="urn:sdmx:org.sdmx.infomodel.codelist.Code=ECB:CL_AREA_EE(1.0).6M">
          <Name xml:lang="en" xmlns="http://www.sdmx.org/resources/sdmxml/schemas/v2_1/common">ESO (European Southern Observatory)</Name>
        </Code>
        <Code id="6N" urn="urn:sdmx:org.sdmx.infomodel.codelist.Code=ECB:CL_AREA_EE(1.0).6N">
          <Name xml:lang="en" xmlns="http://www.sdmx.org/resources/sdmxml/schemas/v2_1/common">ECMWF (European Centre for Medium-Range Weather Forecasts)</Name>
        </Code>
        <Code id="6O" urn="urn:sdmx:org.sdmx.infomodel.codelist.Code=ECB:CL_AREA_EE(1.0).6O">
          <Name xml:lang="en" xmlns="http://www.sdmx.org/resources/sdmxml/schemas/v2_1/common">EMBL (European Molecular Biology Laboratory)</Name>
        </Code>
        <Code id="6P" urn="urn:sdmx:org.sdmx.infomodel.codelist.Code=ECB:CL_AREA_EE(1.0).6P">
          <Name xml:lang="en" xmlns="http://www.sdmx.org/resources/sdmxml/schemas/v2_1/common">CERN (European Organisation for Nuclear Research)</Name>
        </Code>
        <Code id="6Q" urn="urn:sdmx:org.sdmx.infomodel.codelist.Code=ECB:CL_AREA_EE(1.0).6Q">
          <Name xml:lang="en" xmlns="http://www.sdmx.org/resources/sdmxml/schemas/v2_1/common">IOM (International Organisation for Migration)</Name>
        </Code>
        <Code id="6Z" urn="urn:sdmx:org.sdmx.infomodel.codelist.Code=ECB:CL_AREA_EE(1.0).6Z">
          <Name xml:lang="en" xmlns="http://www.sdmx.org/resources/sdmxml/schemas/v2_1/common">Other International Non-Financial Organisations n.i.e.</Name>
        </Code>
        <Code id="7Z" urn="urn:sdmx:org.sdmx.infomodel.codelist.Code=ECB:CL_AREA_EE(1.0).7Z">
          <Name xml:lang="en" xmlns="http://www.sdmx.org/resources/sdmxml/schemas/v2_1/common">International Organisations excluding Eur.Community Institutions (4A)</Name>
        </Code>
        <Code id="A0" urn="urn:sdmx:org.sdmx.infomodel.codelist.Code=ECB:CL_AREA_EE(1.0).A0">
          <Name xml:lang="en" xmlns="http://www.sdmx.org/resources/sdmxml/schemas/v2_1/common">Other EEA countries (all countries excluding the reference area)</Name>
        </Code>
        <Code id="A1" urn="urn:sdmx:org.sdmx.infomodel.codelist.Code=ECB:CL_AREA_EE(1.0).A1">
          <Name xml:lang="en" xmlns="http://www.sdmx.org/resources/sdmxml/schemas/v2_1/common">World (all entities)</Name>
        </Code>
        <Code id="A2" urn="urn:sdmx:org.sdmx.infomodel.codelist.Code=ECB:CL_AREA_EE(1.0).A2">
          <Name xml:lang="en" xmlns="http://www.sdmx.org/resources/sdmxml/schemas/v2_1/common">EUR12 (Intra Eur12)</Name>
        </Code>
        <Code id="A3" urn="urn:sdmx:org.sdmx.infomodel.codelist.Code=ECB:CL_AREA_EE(1.0).A3">
          <Name xml:lang="en" xmlns="http://www.sdmx.org/resources/sdmxml/schemas/v2_1/common">Belgo-Luxembourg Economic Union</Name>
        </Code>
        <Code id="A4" urn="urn:sdmx:org.sdmx.infomodel.codelist.Code=ECB:CL_AREA_EE(1.0).A4">
          <Name xml:lang="en" xmlns="http://www.sdmx.org/resources/sdmxml/schemas/v2_1/common">Extra EUR12</Name>
        </Code>
        <Code id="A5" urn="urn:sdmx:org.sdmx.infomodel.codelist.Code=ECB:CL_AREA_EE(1.0).A5">
          <Name xml:lang="en" xmlns="http://www.sdmx.org/resources/sdmxml/schemas/v2_1/common">European Free Trade Association</Name>
        </Code>
        <Code id="A6" urn="urn:sdmx:org.sdmx.infomodel.codelist.Code=ECB:CL_AREA_EE(1.0).A6">
          <Name xml:lang="en" xmlns="http://www.sdmx.org/resources/sdmxml/schemas/v2_1/common">European Economic Area</Name>
        </Code>
        <Code id="A7" urn="urn:sdmx:org.sdmx.infomodel.codelist.Code=ECB:CL_AREA_EE(1.0).A7">
          <Name xml:lang="en" xmlns="http://www.sdmx.org/resources/sdmxml/schemas/v2_1/common">Extra EEA</Name>
        </Code>
        <Code id="A8" urn="urn:sdmx:org.sdmx.infomodel.codelist.Code=ECB:CL_AREA_EE(1.0).A8">
          <Name xml:lang="en" xmlns="http://www.sdmx.org/resources/sdmxml/schemas/v2_1/common">OECD countries</Name>
        </Code>
        <Code id="A9" urn="urn:sdmx:org.sdmx.infomodel.codelist.Code=ECB:CL_AREA_EE(1.0).A9">
          <Name xml:lang="en" xmlns="http://www.sdmx.org/resources/sdmxml/schemas/v2_1/common">Countries from Central and Eastern Europe</Name>
        </Code>
        <Code id="AD" urn="urn:sdmx:org.sdmx.infomodel.codelist.Code=ECB:CL_AREA_EE(1.0).AD">
          <Name xml:lang="en" xmlns="http://www.sdmx.org/resources/sdmxml/schemas/v2_1/common">Andorra</Name>
        </Code>
        <Code id="AE" urn="urn:sdmx:org.sdmx.infomodel.codelist.Code=ECB:CL_AREA_EE(1.0).AE">
          <Name xml:lang="en" xmlns="http://www.sdmx.org/resources/sdmxml/schemas/v2_1/common">United Arab Emirates</Name>
        </Code>
        <Code id="AF" urn="urn:sdmx:org.sdmx.infomodel.codelist.Code=ECB:CL_AREA_EE(1.0).AF">
          <Name xml:lang="en" xmlns="http://www.sdmx.org/resources/sdmxml/schemas/v2_1/common">Afghanistan</Name>
        </Code>
        <Code id="AG" urn="urn:sdmx:org.sdmx.infomodel.codelist.Code=ECB:CL_AREA_EE(1.0).AG">
          <Name xml:lang="en" xmlns="http://www.sdmx.org/resources/sdmxml/schemas/v2_1/common">Antigua and Barbuda</Name>
        </Code>
        <Code id="AI" urn="urn:sdmx:org.sdmx.infomodel.codelist.Code=ECB:CL_AREA_EE(1.0).AI">
          <Name xml:lang="en" xmlns="http://www.sdmx.org/resources/sdmxml/schemas/v2_1/common">Anguilla</Name>
        </Code>
        <Code id="AL" urn="urn:sdmx:org.sdmx.infomodel.codelist.Code=ECB:CL_AREA_EE(1.0).AL">
          <Name xml:lang="en" xmlns="http://www.sdmx.org/resources/sdmxml/schemas/v2_1/common">Albania</Name>
        </Code>
        <Code id="AM" urn="urn:sdmx:org.sdmx.infomodel.codelist.Code=ECB:CL_AREA_EE(1.0).AM">
          <Name xml:lang="en" xmlns="http://www.sdmx.org/resources/sdmxml/schemas/v2_1/common">Armenia</Name>
        </Code>
        <Code id="AN" urn="urn:sdmx:org.sdmx.infomodel.codelist.Code=ECB:CL_AREA_EE(1.0).AN">
          <Name xml:lang="en" xmlns="http://www.sdmx.org/resources/sdmxml/schemas/v2_1/common">Netherlands Antilles</Name>
        </Code>
        <Code id="AO" urn="urn:sdmx:org.sdmx.infomodel.codelist.Code=ECB:CL_AREA_EE(1.0).AO">
          <Name xml:lang="en" xmlns="http://www.sdmx.org/resources/sdmxml/schemas/v2_1/common">Angola</Name>
        </Code>
        <Code id="AQ" urn="urn:sdmx:org.sdmx.infomodel.codelist.Code=ECB:CL_AREA_EE(1.0).AQ">
          <Name xml:lang="en" xmlns="http://www.sdmx.org/resources/sdmxml/schemas/v2_1/common">Antarctica</Name>
        </Code>
        <Code id="AR" urn="urn:sdmx:org.sdmx.infomodel.codelist.Code=ECB:CL_AREA_EE(1.0).AR">
          <Name xml:lang="en" xmlns="http://www.sdmx.org/resources/sdmxml/schemas/v2_1/common">Argentina</Name>
        </Code>
        <Code id="AS" urn="urn:sdmx:org.sdmx.infomodel.codelist.Code=ECB:CL_AREA_EE(1.0).AS">
          <Name xml:lang="en" xmlns="http://www.sdmx.org/resources/sdmxml/schemas/v2_1/common">American Samoa</Name>
        </Code>
        <Code id="AT" urn="urn:sdmx:org.sdmx.infomodel.codelist.Code=ECB:CL_AREA_EE(1.0).AT">
          <Name xml:lang="en" xmlns="http://www.sdmx.org/resources/sdmxml/schemas/v2_1/common">Austria</Name>
        </Code>
        <Code id="AU" urn="urn:sdmx:org.sdmx.infomodel.codelist.Code=ECB:CL_AREA_EE(1.0).AU">
          <Name xml:lang="en" xmlns="http://www.sdmx.org/resources/sdmxml/schemas/v2_1/common">Australia</Name>
        </Code>
        <Code id="AW" urn="urn:sdmx:org.sdmx.infomodel.codelist.Code=ECB:CL_AREA_EE(1.0).AW">
          <Name xml:lang="en" xmlns="http://www.sdmx.org/resources/sdmxml/schemas/v2_1/common">Aruba</Name>
        </Code>
        <Code id="AX" urn="urn:sdmx:org.sdmx.infomodel.codelist.Code=ECB:CL_AREA_EE(1.0).AX">
          <Name xml:lang="en" xmlns="http://www.sdmx.org/resources/sdmxml/schemas/v2_1/common">Aland Islands</Name>
        </Code>
        <Code id="AZ" urn="urn:sdmx:org.sdmx.infomodel.codelist.Code=ECB:CL_AREA_EE(1.0).AZ">
          <Name xml:lang="en" xmlns="http://www.sdmx.org/resources/sdmxml/schemas/v2_1/common">Azerbaijan</Name>
        </Code>
        <Code id="B1" urn="urn:sdmx:org.sdmx.infomodel.codelist.Code=ECB:CL_AREA_EE(1.0).B1">
          <Name xml:lang="en" xmlns="http://www.sdmx.org/resources/sdmxml/schemas/v2_1/common">North American Free Trade Association</Name>
        </Code>
        <Code id="B2" urn="urn:sdmx:org.sdmx.infomodel.codelist.Code=ECB:CL_AREA_EE(1.0).B2">
          <Name xml:lang="en" xmlns="http://www.sdmx.org/resources/sdmxml/schemas/v2_1/common">Latin America</Name>
        </Code>
        <Code id="B3" urn="urn:sdmx:org.sdmx.infomodel.codelist.Code=ECB:CL_AREA_EE(1.0).B3">
          <Name xml:lang="en" xmlns="http://www.sdmx.org/resources/sdmxml/schemas/v2_1/common">Countries for the Association of South-East Asian Nations</Name>
        </Code>
        <Code id="B4" urn="urn:sdmx:org.sdmx.infomodel.codelist.Code=ECB:CL_AREA_EE(1.0).B4">
          <Name xml:lang="en" xmlns="http://www.sdmx.org/resources/sdmxml/schemas/v2_1/common">Organization of Petroleum Exporting Countries</Name>
        </Code>
        <Code id="B5" urn="urn:sdmx:org.sdmx.infomodel.codelist.Code=ECB:CL_AREA_EE(1.0).B5">
          <Name xml:lang="en" xmlns="http://www.sdmx.org/resources/sdmxml/schemas/v2_1/common">African, Caribbean and Pacific countries (Lomé convention)</Name>
        </Code>
        <Code id="B6" urn="urn:sdmx:org.sdmx.infomodel.codelist.Code=ECB:CL_AREA_EE(1.0).B6">
          <Name xml:lang="en" xmlns="http://www.sdmx.org/resources/sdmxml/schemas/v2_1/common">African ACP countries</Name>
        </Code>
        <Code id="B7" urn="urn:sdmx:org.sdmx.infomodel.codelist.Code=ECB:CL_AREA_EE(1.0).B7">
          <Name xml:lang="en" xmlns="http://www.sdmx.org/resources/sdmxml/schemas/v2_1/common">Caribbean ACP countries</Name>
        </Code>
        <Code id="B8" urn="urn:sdmx:org.sdmx.infomodel.codelist.Code=ECB:CL_AREA_EE(1.0).B8">
          <Name xml:lang="en" xmlns="http://www.sdmx.org/resources/sdmxml/schemas/v2_1/common">Pacific ACP countries</Name>
        </Code>
        <Code id="B9" urn="urn:sdmx:org.sdmx.infomodel.codelist.Code=ECB:CL_AREA_EE(1.0).B9">
          <Name xml:lang="en" xmlns="http://www.sdmx.org/resources/sdmxml/schemas/v2_1/common">Core Newly Industrializing Countries</Name>
        </Code>
        <Code id="BA" urn="urn:sdmx:org.sdmx.infomodel.codelist.Code=ECB:CL_AREA_EE(1.0).BA">
          <Name xml:lang="en" xmlns="http://www.sdmx.org/resources/sdmxml/schemas/v2_1/common">Bosnia and Herzegovina</Name>
        </Code>
        <Code id="BB" urn="urn:sdmx:org.sdmx.infomodel.codelist.Code=ECB:CL_AREA_EE(1.0).BB">
          <Name xml:lang="en" xmlns="http://www.sdmx.org/resources/sdmxml/schemas/v2_1/common">Barbados</Name>
        </Code>
        <Code id="BD" urn="urn:sdmx:org.sdmx.infomodel.codelist.Code=ECB:CL_AREA_EE(1.0).BD">
          <Name xml:lang="en" xmlns="http://www.sdmx.org/resources/sdmxml/schemas/v2_1/common">Bangladesh</Name>
        </Code>
        <Code id="BE" urn="urn:sdmx:org.sdmx.infomodel.codelist.Code=ECB:CL_AREA_EE(1.0).BE">
          <Name xml:lang="en" xmlns="http://www.sdmx.org/resources/sdmxml/schemas/v2_1/common">Belgium</Name>
        </Code>
        <Code id="BF" urn="urn:sdmx:org.sdmx.infomodel.codelist.Code=ECB:CL_AREA_EE(1.0).BF">
          <Name xml:lang="en" xmlns="http://www.sdmx.org/resources/sdmxml/schemas/v2_1/common">Burkina Faso</Name>
        </Code>
        <Code id="BG" urn="urn:sdmx:org.sdmx.infomodel.codelist.Code=ECB:CL_AREA_EE(1.0).BG">
          <Name xml:lang="en" xmlns="http://www.sdmx.org/resources/sdmxml/schemas/v2_1/common">Bulgaria</Name>
        </Code>
        <Code id="BH" urn="urn:sdmx:org.sdmx.infomodel.codelist.Code=ECB:CL_AREA_EE(1.0).BH">
          <Name xml:lang="en" xmlns="http://www.sdmx.org/resources/sdmxml/schemas/v2_1/common">Bahrain</Name>
        </Code>
        <Code id="BI" urn="urn:sdmx:org.sdmx.infomodel.codelist.Code=ECB:CL_AREA_EE(1.0).BI">
          <Name xml:lang="en" xmlns="http://www.sdmx.org/resources/sdmxml/schemas/v2_1/common">Burundi</Name>
        </Code>
        <Code id="BJ" urn="urn:sdmx:org.sdmx.infomodel.codelist.Code=ECB:CL_AREA_EE(1.0).BJ">
          <Name xml:lang="en" xmlns="http://www.sdmx.org/resources/sdmxml/schemas/v2_1/common">Benin</Name>
        </Code>
        <Code id="BM" urn="urn:sdmx:org.sdmx.infomodel.codelist.Code=ECB:CL_AREA_EE(1.0).BM">
          <Name xml:lang="en" xmlns="http://www.sdmx.org/resources/sdmxml/schemas/v2_1/common">Bermuda</Name>
        </Code>
        <Code id="BN" urn="urn:sdmx:org.sdmx.infomodel.codelist.Code=ECB:CL_AREA_EE(1.0).BN">
          <Name xml:lang="en" xmlns="http://www.sdmx.org/resources/sdmxml/schemas/v2_1/common">Brunei Darussalam</Name>
        </Code>
        <Code id="BO" urn="urn:sdmx:org.sdmx.infomodel.codelist.Code=ECB:CL_AREA_EE(1.0).BO">
          <Name xml:lang="en" xmlns="http://www.sdmx.org/resources/sdmxml/schemas/v2_1/common">Bolivia</Name>
        </Code>
        <Code id="BR" urn="urn:sdmx:org.sdmx.infomodel.codelist.Code=ECB:CL_AREA_EE(1.0).BR">
          <Name xml:lang="en" xmlns="http://www.sdmx.org/resources/sdmxml/schemas/v2_1/common">Brazil</Name>
        </Code>
        <Code id="BS" urn="urn:sdmx:org.sdmx.infomodel.codelist.Code=ECB:CL_AREA_EE(1.0).BS">
          <Name xml:lang="en" xmlns="http://www.sdmx.org/resources/sdmxml/schemas/v2_1/common">Bahamas</Name>
        </Code>
        <Code id="BT" urn="urn:sdmx:org.sdmx.infomodel.codelist.Code=ECB:CL_AREA_EE(1.0).BT">
          <Name xml:lang="en" xmlns="http://www.sdmx.org/resources/sdmxml/schemas/v2_1/common">Bhutan</Name>
        </Code>
        <Code id="BV" urn="urn:sdmx:org.sdmx.infomodel.codelist.Code=ECB:CL_AREA_EE(1.0).BV">
          <Name xml:lang="en" xmlns="http://www.sdmx.org/resources/sdmxml/schemas/v2_1/common">Bouvet Island</Name>
        </Code>
        <Code id="BW" urn="urn:sdmx:org.sdmx.infomodel.codelist.Code=ECB:CL_AREA_EE(1.0).BW">
          <Name xml:lang="en" xmlns="http://www.sdmx.org/resources/sdmxml/schemas/v2_1/common">Botswana</Name>
        </Code>
        <Code id="BY" urn="urn:sdmx:org.sdmx.infomodel.codelist.Code=ECB:CL_AREA_EE(1.0).BY">
          <Name xml:lang="en" xmlns="http://www.sdmx.org/resources/sdmxml/schemas/v2_1/common">Belarus</Name>
        </Code>
        <Code id="BZ" urn="urn:sdmx:org.sdmx.infomodel.codelist.Code=ECB:CL_AREA_EE(1.0).BZ">
          <Name xml:lang="en" xmlns="http://www.sdmx.org/resources/sdmxml/schemas/v2_1/common">Belize</Name>
        </Code>
        <Code id="C1" urn="urn:sdmx:org.sdmx.infomodel.codelist.Code=ECB:CL_AREA_EE(1.0).C1">
          <Name xml:lang="en" xmlns="http://www.sdmx.org/resources/sdmxml/schemas/v2_1/common">Asian NICs of the second wave of industrialization</Name>
        </Code>
        <Code id="C2" urn="urn:sdmx:org.sdmx.infomodel.codelist.Code=ECB:CL_AREA_EE(1.0).C2">
          <Name xml:lang="en" xmlns="http://www.sdmx.org/resources/sdmxml/schemas/v2_1/common">Latin American NICs of the second wave of industrialization</Name>
        </Code>
        <Code id="C3" urn="urn:sdmx:org.sdmx.infomodel.codelist.Code=ECB:CL_AREA_EE(1.0).C3">
          <Name xml:lang="en" xmlns="http://www.sdmx.org/resources/sdmxml/schemas/v2_1/common">Mediterranean Basin countries</Name>
        </Code>
        <Code id="C4" urn="urn:sdmx:org.sdmx.infomodel.codelist.Code=ECB:CL_AREA_EE(1.0).C4">
          <Name xml:lang="en" xmlns="http://www.sdmx.org/resources/sdmxml/schemas/v2_1/common">Offshore financial centers</Name>
        </Code>
        <Code id="C5" urn="urn:sdmx:org.sdmx.infomodel.codelist.Code=ECB:CL_AREA_EE(1.0).C5">
          <Name xml:lang="en" xmlns="http://www.sdmx.org/resources/sdmxml/schemas/v2_1/common">French Franc zone</Name>
        </Code>
        <Code id="C6" urn="urn:sdmx:org.sdmx.infomodel.codelist.Code=ECB:CL_AREA_EE(1.0).C6">
          <Name xml:lang="en" xmlns="http://www.sdmx.org/resources/sdmxml/schemas/v2_1/common">Community of Independant States</Name>
        </Code>
        <Code id="C7" urn="urn:sdmx:org.sdmx.infomodel.codelist.Code=ECB:CL_AREA_EE(1.0).C7">
          <Name xml:lang="en" xmlns="http://www.sdmx.org/resources/sdmxml/schemas/v2_1/common">Maghreb countries</Name>
        </Code>
        <Code id="C8" urn="urn:sdmx:org.sdmx.infomodel.codelist.Code=ECB:CL_AREA_EE(1.0).C8">
          <Name xml:lang="en" xmlns="http://www.sdmx.org/resources/sdmxml/schemas/v2_1/common">Mashrek Countries</Name>
        </Code>
        <Code id="C9" urn="urn:sdmx:org.sdmx.infomodel.codelist.Code=ECB:CL_AREA_EE(1.0).C9">
          <Name xml:lang="en" xmlns="http://www.sdmx.org/resources/sdmxml/schemas/v2_1/common">Mercado comun de los paises del cono sur</Name>
        </Code>
        <Code id="CA" urn="urn:sdmx:org.sdmx.infomodel.codelist.Code=ECB:CL_AREA_EE(1.0).CA">
          <Name xml:lang="en" xmlns="http://www.sdmx.org/resources/sdmxml/schemas/v2_1/common">Canada</Name>
        </Code>
        <Code id="CC" urn="urn:sdmx:org.sdmx.infomodel.codelist.Code=ECB:CL_AREA_EE(1.0).CC">
          <Name xml:lang="en" xmlns="http://www.sdmx.org/resources/sdmxml/schemas/v2_1/common">Cocos (Keeling) Islands</Name>
        </Code>
        <Code id="CD" urn="urn:sdmx:org.sdmx.infomodel.codelist.Code=ECB:CL_AREA_EE(1.0).CD">
          <Name xml:lang="en" xmlns="http://www.sdmx.org/resources/sdmxml/schemas/v2_1/common">Democratic Republic of the Congo</Name>
        </Code>
        <Code id="CF" urn="urn:sdmx:org.sdmx.infomodel.codelist.Code=ECB:CL_AREA_EE(1.0).CF">
          <Name xml:lang="en" xmlns="http://www.sdmx.org/resources/sdmxml/schemas/v2_1/common">Central African Republic</Name>
        </Code>
        <Code id="CG" urn="urn:sdmx:org.sdmx.infomodel.codelist.Code=ECB:CL_AREA_EE(1.0).CG">
          <Name xml:lang="en" xmlns="http://www.sdmx.org/resources/sdmxml/schemas/v2_1/common">Congo</Name>
        </Code>
        <Code id="CH" urn="urn:sdmx:org.sdmx.infomodel.codelist.Code=ECB:CL_AREA_EE(1.0).CH">
          <Name xml:lang="en" xmlns="http://www.sdmx.org/resources/sdmxml/schemas/v2_1/common">Switzerland</Name>
        </Code>
        <Code id="CI" urn="urn:sdmx:org.sdmx.infomodel.codelist.Code=ECB:CL_AREA_EE(1.0).CI">
          <Name xml:lang="en" xmlns="http://www.sdmx.org/resources/sdmxml/schemas/v2_1/common">Côte d`Ivoire</Name>
        </Code>
        <Code id="CK" urn="urn:sdmx:org.sdmx.infomodel.codelist.Code=ECB:CL_AREA_EE(1.0).CK">
          <Name xml:lang="en" xmlns="http://www.sdmx.org/resources/sdmxml/schemas/v2_1/common">Cook Islands</Name>
        </Code>
        <Code id="CL" urn="urn:sdmx:org.sdmx.infomodel.codelist.Code=ECB:CL_AREA_EE(1.0).CL">
          <Name xml:lang="en" xmlns="http://www.sdmx.org/resources/sdmxml/schemas/v2_1/common">Chile</Name>
        </Code>
        <Code id="CM" urn="urn:sdmx:org.sdmx.infomodel.codelist.Code=ECB:CL_AREA_EE(1.0).CM">
          <Name xml:lang="en" xmlns="http://www.sdmx.org/resources/sdmxml/schemas/v2_1/common">Cameroon</Name>
        </Code>
        <Code id="CN" urn="urn:sdmx:org.sdmx.infomodel.codelist.Code=ECB:CL_AREA_EE(1.0).CN">
          <Name xml:lang="en" xmlns="http://www.sdmx.org/resources/sdmxml/schemas/v2_1/common">China</Name>
        </Code>
        <Code id="CO" urn="urn:sdmx:org.sdmx.infomodel.codelist.Code=ECB:CL_AREA_EE(1.0).CO">
          <Name xml:lang="en" xmlns="http://www.sdmx.org/resources/sdmxml/schemas/v2_1/common">Colombia</Name>
        </Code>
        <Code id="CR" urn="urn:sdmx:org.sdmx.infomodel.codelist.Code=ECB:CL_AREA_EE(1.0).CR">
          <Name xml:lang="en" xmlns="http://www.sdmx.org/resources/sdmxml/schemas/v2_1/common">Costa Rica</Name>
        </Code>
        <Code id="CS" urn="urn:sdmx:org.sdmx.infomodel.codelist.Code=ECB:CL_AREA_EE(1.0).CS">
          <Name xml:lang="en" xmlns="http://www.sdmx.org/resources/sdmxml/schemas/v2_1/common">Serbia and Montenegro</Name>
        </Code>
        <Code id="CU" urn="urn:sdmx:org.sdmx.infomodel.codelist.Code=ECB:CL_AREA_EE(1.0).CU">
          <Name xml:lang="en" xmlns="http://www.sdmx.org/resources/sdmxml/schemas/v2_1/common">Cuba</Name>
        </Code>
        <Code id="CV" urn="urn:sdmx:org.sdmx.infomodel.codelist.Code=ECB:CL_AREA_EE(1.0).CV">
          <Name xml:lang="en" xmlns="http://www.sdmx.org/resources/sdmxml/schemas/v2_1/common">Cape Verde</Name>
        </Code>
        <Code id="CX" urn="urn:sdmx:org.sdmx.infomodel.codelist.Code=ECB:CL_AREA_EE(1.0).CX">
          <Name xml:lang="en" xmlns="http://www.sdmx.org/resources/sdmxml/schemas/v2_1/common">Christmas Island</Name>
        </Code>
        <Code id="CY" urn="urn:sdmx:org.sdmx.infomodel.codelist.Code=ECB:CL_AREA_EE(1.0).CY">
          <Name xml:lang="en" xmlns="http://www.sdmx.org/resources/sdmxml/schemas/v2_1/common">Cyprus</Name>
        </Code>
        <Code id="CZ" urn="urn:sdmx:org.sdmx.infomodel.codelist.Code=ECB:CL_AREA_EE(1.0).CZ">
          <Name xml:lang="en" xmlns="http://www.sdmx.org/resources/sdmxml/schemas/v2_1/common">Czech Republic</Name>
        </Code>
        <Code id="D0" urn="urn:sdmx:org.sdmx.infomodel.codelist.Code=ECB:CL_AREA_EE(1.0).D0">
          <Name xml:lang="en" xmlns="http://www.sdmx.org/resources/sdmxml/schemas/v2_1/common">EU (changing composition)</Name>
        </Code>
        <Code id="D1" urn="urn:sdmx:org.sdmx.infomodel.codelist.Code=ECB:CL_AREA_EE(1.0).D1">
          <Name xml:lang="en" xmlns="http://www.sdmx.org/resources/sdmxml/schemas/v2_1/common">Asia-Pacific Economic Co-operation</Name>
        </Code>
        <Code id="D2" urn="urn:sdmx:org.sdmx.infomodel.codelist.Code=ECB:CL_AREA_EE(1.0).D2">
          <Name xml:lang="en" xmlns="http://www.sdmx.org/resources/sdmxml/schemas/v2_1/common">EU 15 (fixed composition)</Name>
        </Code>
        <Code id="D3" urn="urn:sdmx:org.sdmx.infomodel.codelist.Code=ECB:CL_AREA_EE(1.0).D3">
          <Name xml:lang="en" xmlns="http://www.sdmx.org/resources/sdmxml/schemas/v2_1/common">EU 25 (fixed composition)</Name>
        </Code>
        <Code id="D4" urn="urn:sdmx:org.sdmx.infomodel.codelist.Code=ECB:CL_AREA_EE(1.0).D4">
          <Name xml:lang="en" xmlns="http://www.sdmx.org/resources/sdmxml/schemas/v2_1/common">Extra-EU 15 (fixed composition)</Name>
        </Code>
        <Code id="D5" urn="urn:sdmx:org.sdmx.infomodel.codelist.Code=ECB:CL_AREA_EE(1.0).D5">
          <Name xml:lang="en" xmlns="http://www.sdmx.org/resources/sdmxml/schemas/v2_1/common">Extra-EU 25 (fixed composition)</Name>
        </Code>
        <Code id="D6" urn="urn:sdmx:org.sdmx.infomodel.codelist.Code=ECB:CL_AREA_EE(1.0).D6">
          <Name xml:lang="en" xmlns="http://www.sdmx.org/resources/sdmxml/schemas/v2_1/common">Candidate Countries (CCs)</Name>
        </Code>
        <Code id="D7" urn="urn:sdmx:org.sdmx.infomodel.codelist.Code=ECB:CL_AREA_EE(1.0).D7">
          <Name xml:lang="en" xmlns="http://www.sdmx.org/resources/sdmxml/schemas/v2_1/common">Mediterranean countries in the Euro-Mediterranean Partnership</Name>
        </Code>
        <Code id="D8" urn="urn:sdmx:org.sdmx.infomodel.codelist.Code=ECB:CL_AREA_EE(1.0).D8">
          <Name xml:lang="en" xmlns="http://www.sdmx.org/resources/sdmxml/schemas/v2_1/common">New EU Member States 2004 (CY,CZ,EE,HU,LV,LT,MT,PL,SK,SI)</Name>
        </Code>
        <Code id="D9" urn="urn:sdmx:org.sdmx.infomodel.codelist.Code=ECB:CL_AREA_EE(1.0).D9">
          <Name xml:lang="en" xmlns="http://www.sdmx.org/resources/sdmxml/schemas/v2_1/common">Extra-EU (changing composition)</Name>
        </Code>
        <Code id="DE" urn="urn:sdmx:org.sdmx.infomodel.codelist.Code=ECB:CL_AREA_EE(1.0).DE">
          <Name xml:lang="en" xmlns="http://www.sdmx.org/resources/sdmxml/schemas/v2_1/common">Germany</Name>
        </Code>
        <Code id="DJ" urn="urn:sdmx:org.sdmx.infomodel.codelist.Code=ECB:CL_AREA_EE(1.0).DJ">
          <Name xml:lang="en" xmlns="http://www.sdmx.org/resources/sdmxml/schemas/v2_1/common">Djibouti</Name>
        </Code>
        <Code id="DK" urn="urn:sdmx:org.sdmx.infomodel.codelist.Code=ECB:CL_AREA_EE(1.0).DK">
          <Name xml:lang="en" xmlns="http://www.sdmx.org/resources/sdmxml/schemas/v2_1/common">Denmark</Name>
        </Code>
        <Code id="DM" urn="urn:sdmx:org.sdmx.infomodel.codelist.Code=ECB:CL_AREA_EE(1.0).DM">
          <Name xml:lang="en" xmlns="http://www.sdmx.org/resources/sdmxml/schemas/v2_1/common">Dominica</Name>
        </Code>
        <Code id="DO" urn="urn:sdmx:org.sdmx.infomodel.codelist.Code=ECB:CL_AREA_EE(1.0).DO">
          <Name xml:lang="en" xmlns="http://www.sdmx.org/resources/sdmxml/schemas/v2_1/common">Dominican Republic</Name>
        </Code>
        <Code id="DZ" urn="urn:sdmx:org.sdmx.infomodel.codelist.Code=ECB:CL_AREA_EE(1.0).DZ">
          <Name xml:lang="en" xmlns="http://www.sdmx.org/resources/sdmxml/schemas/v2_1/common">Algeria</Name>
        </Code>
        <Code id="E1" urn="urn:sdmx:org.sdmx.infomodel.codelist.Code=ECB:CL_AREA_EE(1.0).E1">
          <Name xml:lang="en" xmlns="http://www.sdmx.org/resources/sdmxml/schemas/v2_1/common">Europe</Name>
        </Code>
        <Code id="E2" urn="urn:sdmx:org.sdmx.infomodel.codelist.Code=ECB:CL_AREA_EE(1.0).E2">
          <Name xml:lang="en" xmlns="http://www.sdmx.org/resources/sdmxml/schemas/v2_1/common">Other European countries (not EU nor EFTA)</Name>
        </Code>
        <Code id="E3" urn="urn:sdmx:org.sdmx.infomodel.codelist.Code=ECB:CL_AREA_EE(1.0).E3">
          <Name xml:lang="en" xmlns="http://www.sdmx.org/resources/sdmxml/schemas/v2_1/common">Baltic countries</Name>
        </Code>
        <Code id="E4" urn="urn:sdmx:org.sdmx.infomodel.codelist.Code=ECB:CL_AREA_EE(1.0).E4">
          <Name xml:lang="en" xmlns="http://www.sdmx.org/resources/sdmxml/schemas/v2_1/common">Africa</Name>
        </Code>
        <Code id="E5" urn="urn:sdmx:org.sdmx.infomodel.codelist.Code=ECB:CL_AREA_EE(1.0).E5">
          <Name xml:lang="en" xmlns="http://www.sdmx.org/resources/sdmxml/schemas/v2_1/common">North Africa countries</Name>
        </Code>
        <Code id="E6" urn="urn:sdmx:org.sdmx.infomodel.codelist.Code=ECB:CL_AREA_EE(1.0).E6">
          <Name xml:lang="en" xmlns="http://www.sdmx.org/resources/sdmxml/schemas/v2_1/common">Central and South Africa countries</Name>
        </Code>
        <Code id="E7" urn="urn:sdmx:org.sdmx.infomodel.codelist.Code=ECB:CL_AREA_EE(1.0).E7">
          <Name xml:lang="en" xmlns="http://www.sdmx.org/resources/sdmxml/schemas/v2_1/common">America</Name>
        </Code>
        <Code id="E8" urn="urn:sdmx:org.sdmx.infomodel.codelist.Code=ECB:CL_AREA_EE(1.0).E8">
          <Name xml:lang="en" xmlns="http://www.sdmx.org/resources/sdmxml/schemas/v2_1/common">North American countries</Name>
        </Code>
        <Code id="E9" urn="urn:sdmx:org.sdmx.infomodel.codelist.Code=ECB:CL_AREA_EE(1.0).E9">
          <Name xml:lang="en" xmlns="http://www.sdmx.org/resources/sdmxml/schemas/v2_1/common">Central American countries</Name>
        </Code>
        <Code id="EC" urn="urn:sdmx:org.sdmx.infomodel.codelist.Code=ECB:CL_AREA_EE(1.0).EC">
          <Name xml:lang="en" xmlns="http://www.sdmx.org/resources/sdmxml/schemas/v2_1/common">Ecuador</Name>
        </Code>
        <Code id="EE" urn="urn:sdmx:org.sdmx.infomodel.codelist.Code=ECB:CL_AREA_EE(1.0).EE">
          <Name xml:lang="en" xmlns="http://www.sdmx.org/resources/sdmxml/schemas/v2_1/common">Estonia</Name>
        </Code>
        <Code id="EG" urn="urn:sdmx:org.sdmx.infomodel.codelist.Code=ECB:CL_AREA_EE(1.0).EG">
          <Name xml:lang="en" xmlns="http://www.sdmx.org/resources/sdmxml/schemas/v2_1/common">Egypt</Name>
        </Code>
        <Code id="EH" urn="urn:sdmx:org.sdmx.infomodel.codelist.Code=ECB:CL_AREA_EE(1.0).EH">
          <Name xml:lang="en" xmlns="http://www.sdmx.org/resources/sdmxml/schemas/v2_1/common">Western Sahara</Name>
        </Code>
        <Code id="ER" urn="urn:sdmx:org.sdmx.infomodel.codelist.Code=ECB:CL_AREA_EE(1.0).ER">
          <Name xml:lang="en" xmlns="http://www.sdmx.org/resources/sdmxml/schemas/v2_1/common">Eritrea</Name>
        </Code>
        <Code id="ES" urn="urn:sdmx:org.sdmx.infomodel.codelist.Code=ECB:CL_AREA_EE(1.0).ES">
          <Name xml:lang="en" xmlns="http://www.sdmx.org/resources/sdmxml/schemas/v2_1/common">Spain</Name>
        </Code>
        <Code id="ET" urn="urn:sdmx:org.sdmx.infomodel.codelist.Code=ECB:CL_AREA_EE(1.0).ET">
          <Name xml:lang="en" xmlns="http://www.sdmx.org/resources/sdmxml/schemas/v2_1/common">Ethiopia</Name>
        </Code>
        <Code id="F1" urn="urn:sdmx:org.sdmx.infomodel.codelist.Code=ECB:CL_AREA_EE(1.0).F1">
          <Name xml:lang="en" xmlns="http://www.sdmx.org/resources/sdmxml/schemas/v2_1/common">South American countries</Name>
        </Code>
        <Code id="F2" urn="urn:sdmx:org.sdmx.infomodel.codelist.Code=ECB:CL_AREA_EE(1.0).F2">
          <Name xml:lang="en" xmlns="http://www.sdmx.org/resources/sdmxml/schemas/v2_1/common">Asia</Name>
        </Code>
        <Code id="F3" urn="urn:sdmx:org.sdmx.infomodel.codelist.Code=ECB:CL_AREA_EE(1.0).F3">
          <Name xml:lang="en" xmlns="http://www.sdmx.org/resources/sdmxml/schemas/v2_1/common">Near and Middle East countries</Name>
        </Code>
        <Code id="F4" urn="urn:sdmx:org.sdmx.infomodel.codelist.Code=ECB:CL_AREA_EE(1.0).F4">
          <Name xml:lang="en" xmlns="http://www.sdmx.org/resources/sdmxml/schemas/v2_1/common">Gulf Arabian Countries</Name>
        </Code>
        <Code id="F5" urn="urn:sdmx:org.sdmx.infomodel.codelist.Code=ECB:CL_AREA_EE(1.0).F5">
          <Name xml:lang="en" xmlns="http://www.sdmx.org/resources/sdmxml/schemas/v2_1/common">Other Near and Middle East countries</Name>
        </Code>
        <Code id="F6" urn="urn:sdmx:org.sdmx.infomodel.codelist.Code=ECB:CL_AREA_EE(1.0).F6">
          <Name xml:lang="en" xmlns="http://www.sdmx.org/resources/sdmxml/schemas/v2_1/common">Other Asian countries</Name>
        </Code>
        <Code id="F7" urn="urn:sdmx:org.sdmx.infomodel.codelist.Code=ECB:CL_AREA_EE(1.0).F7">
          <Name xml:lang="en" xmlns="http://www.sdmx.org/resources/sdmxml/schemas/v2_1/common">Australia, Oceania and other territories</Name>
        </Code>
        <Code id="F8" urn="urn:sdmx:org.sdmx.infomodel.codelist.Code=ECB:CL_AREA_EE(1.0).F8">
          <Name xml:lang="en" xmlns="http://www.sdmx.org/resources/sdmxml/schemas/v2_1/common">Australian Oceania</Name>
        </Code>
        <Code id="F9" urn="urn:sdmx:org.sdmx.infomodel.codelist.Code=ECB:CL_AREA_EE(1.0).F9">
          <Name xml:lang="en" xmlns="http://www.sdmx.org/resources/sdmxml/schemas/v2_1/common">American Oceania</Name>
        </Code>
        <Code id="FI" urn="urn:sdmx:org.sdmx.infomodel.codelist.Code=ECB:CL_AREA_EE(1.0).FI">
          <Name xml:lang="en" xmlns="http://www.sdmx.org/resources/sdmxml/schemas/v2_1/common">Finland</Name>
        </Code>
        <Code id="FJ" urn="urn:sdmx:org.sdmx.infomodel.codelist.Code=ECB:CL_AREA_EE(1.0).FJ">
          <Name xml:lang="en" xmlns="http://www.sdmx.org/resources/sdmxml/schemas/v2_1/common">Fiji</Name>
        </Code>
        <Code id="FK" urn="urn:sdmx:org.sdmx.infomodel.codelist.Code=ECB:CL_AREA_EE(1.0).FK">
          <Name xml:lang="en" xmlns="http://www.sdmx.org/resources/sdmxml/schemas/v2_1/common">Falkland Islands (Malvinas)</Name>
        </Code>
        <Code id="FM" urn="urn:sdmx:org.sdmx.infomodel.codelist.Code=ECB:CL_AREA_EE(1.0).FM">
          <Name xml:lang="en" xmlns="http://www.sdmx.org/resources/sdmxml/schemas/v2_1/common">Micronesia, Federated States of</Name>
        </Code>
        <Code id="FO" urn="urn:sdmx:org.sdmx.infomodel.codelist.Code=ECB:CL_AREA_EE(1.0).FO">
          <Name xml:lang="en" xmlns="http://www.sdmx.org/resources/sdmxml/schemas/v2_1/common">Faroe Islands</Name>
        </Code>
        <Code id="FR" urn="urn:sdmx:org.sdmx.infomodel.codelist.Code=ECB:CL_AREA_EE(1.0).FR">
          <Name xml:lang="en" xmlns="http://www.sdmx.org/resources/sdmxml/schemas/v2_1/common">France</Name>
        </Code>
        <Code id="G1" urn="urn:sdmx:org.sdmx.infomodel.codelist.Code=ECB:CL_AREA_EE(1.0).G1">
          <Name xml:lang="en" xmlns="http://www.sdmx.org/resources/sdmxml/schemas/v2_1/common">New Zealand Oceania</Name>
        </Code>
        <Code id="G2" urn="urn:sdmx:org.sdmx.infomodel.codelist.Code=ECB:CL_AREA_EE(1.0).G2">
          <Name xml:lang="en" xmlns="http://www.sdmx.org/resources/sdmxml/schemas/v2_1/common">Polar regions</Name>
        </Code>
        <Code id="GA" urn="urn:sdmx:org.sdmx.infomodel.codelist.Code=ECB:CL_AREA_EE(1.0).GA">
          <Name xml:lang="en" xmlns="http://www.sdmx.org/resources/sdmxml/schemas/v2_1/common">Gabon</Name>
        </Code>
        <Code id="GB" urn="urn:sdmx:org.sdmx.infomodel.codelist.Code=ECB:CL_AREA_EE(1.0).GB">
          <Name xml:lang="en" xmlns="http://www.sdmx.org/resources/sdmxml/schemas/v2_1/common">United Kingdom</Name>
        </Code>
        <Code id="GD" urn="urn:sdmx:org.sdmx.infomodel.codelist.Code=ECB:CL_AREA_EE(1.0).GD">
          <Name xml:lang="en" xmlns="http://www.sdmx.org/resources/sdmxml/schemas/v2_1/common">Grenada</Name>
        </Code>
        <Code id="GE" urn="urn:sdmx:org.sdmx.infomodel.codelist.Code=ECB:CL_AREA_EE(1.0).GE">
          <Name xml:lang="en" xmlns="http://www.sdmx.org/resources/sdmxml/schemas/v2_1/common">Georgia</Name>
        </Code>
        <Code id="GF" urn="urn:sdmx:org.sdmx.infomodel.codelist.Code=ECB:CL_AREA_EE(1.0).GF">
          <Name xml:lang="en" xmlns="http://www.sdmx.org/resources/sdmxml/schemas/v2_1/common">French Guiana</Name>
        </Code>
        <Code id="GG" urn="urn:sdmx:org.sdmx.infomodel.codelist.Code=ECB:CL_AREA_EE(1.0).GG">
          <Name xml:lang="en" xmlns="http://www.sdmx.org/resources/sdmxml/schemas/v2_1/common">Guernsey (No official ISO 3166-1 country code, exceptionnally reserved  code elements)</Name>
        </Code>
        <Code id="GH" urn="urn:sdmx:org.sdmx.infomodel.codelist.Code=ECB:CL_AREA_EE(1.0).GH">
          <Name xml:lang="en" xmlns="http://www.sdmx.org/resources/sdmxml/schemas/v2_1/common">Ghana</Name>
        </Code>
        <Code id="GI" urn="urn:sdmx:org.sdmx.infomodel.codelist.Code=ECB:CL_AREA_EE(1.0).GI">
          <Name xml:lang="en" xmlns="http://www.sdmx.org/resources/sdmxml/schemas/v2_1/common">Gibraltar</Name>
        </Code>
        <Code id="GL" urn="urn:sdmx:org.sdmx.infomodel.codelist.Code=ECB:CL_AREA_EE(1.0).GL">
          <Name xml:lang="en" xmlns="http://www.sdmx.org/resources/sdmxml/schemas/v2_1/common">Greenland</Name>
        </Code>
        <Code id="GM" urn="urn:sdmx:org.sdmx.infomodel.codelist.Code=ECB:CL_AREA_EE(1.0).GM">
          <Name xml:lang="en" xmlns="http://www.sdmx.org/resources/sdmxml/schemas/v2_1/common">Gambia</Name>
        </Code>
        <Code id="GN" urn="urn:sdmx:org.sdmx.infomodel.codelist.Code=ECB:CL_AREA_EE(1.0).GN">
          <Name xml:lang="en" xmlns="http://www.sdmx.org/resources/sdmxml/schemas/v2_1/common">Guinea</Name>
        </Code>
        <Code id="GP" urn="urn:sdmx:org.sdmx.infomodel.codelist.Code=ECB:CL_AREA_EE(1.0).GP">
          <Name xml:lang="en" xmlns="http://www.sdmx.org/resources/sdmxml/schemas/v2_1/common">Guadeloupe</Name>
        </Code>
        <Code id="GQ" urn="urn:sdmx:org.sdmx.infomodel.codelist.Code=ECB:CL_AREA_EE(1.0).GQ">
          <Name xml:lang="en" xmlns="http://www.sdmx.org/resources/sdmxml/schemas/v2_1/common">Equatorial Guinea</Name>
        </Code>
        <Code id="GR" urn="urn:sdmx:org.sdmx.infomodel.codelist.Code=ECB:CL_AREA_EE(1.0).GR">
          <Name xml:lang="en" xmlns="http://www.sdmx.org/resources/sdmxml/schemas/v2_1/common">Greece</Name>
        </Code>
        <Code id="GS" urn="urn:sdmx:org.sdmx.infomodel.codelist.Code=ECB:CL_AREA_EE(1.0).GS">
          <Name xml:lang="en" xmlns="http://www.sdmx.org/resources/sdmxml/schemas/v2_1/common">South Georgia and the South Sandwich Islands</Name>
        </Code>
        <Code id="GT" urn="urn:sdmx:org.sdmx.infomodel.codelist.Code=ECB:CL_AREA_EE(1.0).GT">
          <Name xml:lang="en" xmlns="http://www.sdmx.org/resources/sdmxml/schemas/v2_1/common">Guatemala</Name>
        </Code>
        <Code id="GU" urn="urn:sdmx:org.sdmx.infomodel.codelist.Code=ECB:CL_AREA_EE(1.0).GU">
          <Name xml:lang="en" xmlns="http://www.sdmx.org/resources/sdmxml/schemas/v2_1/common">Guam</Name>
        </Code>
        <Code id="GW" urn="urn:sdmx:org.sdmx.infomodel.codelist.Code=ECB:CL_AREA_EE(1.0).GW">
          <Name xml:lang="en" xmlns="http://www.sdmx.org/resources/sdmxml/schemas/v2_1/common">Guinea-Bissau</Name>
        </Code>
        <Code id="GY" urn="urn:sdmx:org.sdmx.infomodel.codelist.Code=ECB:CL_AREA_EE(1.0).GY">
          <Name xml:lang="en" xmlns="http://www.sdmx.org/resources/sdmxml/schemas/v2_1/common">Guyana</Name>
        </Code>
        <Code id="H0" urn="urn:sdmx:org.sdmx.infomodel.codelist.Code=ECB:CL_AREA_EE(1.0).H0">
          <Name xml:lang="en" xmlns="http://www.sdmx.org/resources/sdmxml/schemas/v2_1/common">EEA except the euro area and reference area</Name>
        </Code>
        <Code id="HK" urn="urn:sdmx:org.sdmx.infomodel.codelist.Code=ECB:CL_AREA_EE(1.0).HK">
          <Name xml:lang="en" xmlns="http://www.sdmx.org/resources/sdmxml/schemas/v2_1/common">Hong Kong</Name>
        </Code>
        <Code id="HM" urn="urn:sdmx:org.sdmx.infomodel.codelist.Code=ECB:CL_AREA_EE(1.0).HM">
          <Name xml:lang="en" xmlns="http://www.sdmx.org/resources/sdmxml/schemas/v2_1/common">Heard Island and McDonald Islands</Name>
        </Code>
        <Code id="HN" urn="urn:sdmx:org.sdmx.infomodel.codelist.Code=ECB:CL_AREA_EE(1.0).HN">
          <Name xml:lang="en" xmlns="http://www.sdmx.org/resources/sdmxml/schemas/v2_1/common">Honduras</Name>
        </Code>
        <Code id="HR" urn="urn:sdmx:org.sdmx.infomodel.codelist.Code=ECB:CL_AREA_EE(1.0).HR">
          <Name xml:lang="en" xmlns="http://www.sdmx.org/resources/sdmxml/schemas/v2_1/common">Croatia</Name>
        </Code>
        <Code id="HT" urn="urn:sdmx:org.sdmx.infomodel.codelist.Code=ECB:CL_AREA_EE(1.0).HT">
          <Name xml:lang="en" xmlns="http://www.sdmx.org/resources/sdmxml/schemas/v2_1/common">Haiti</Name>
        </Code>
        <Code id="HU" urn="urn:sdmx:org.sdmx.infomodel.codelist.Code=ECB:CL_AREA_EE(1.0).HU">
          <Name xml:lang="en" xmlns="http://www.sdmx.org/resources/sdmxml/schemas/v2_1/common">Hungary</Name>
        </Code>
        <Code id="I1" urn="urn:sdmx:org.sdmx.infomodel.codelist.Code=ECB:CL_AREA_EE(1.0).I1">
          <Name xml:lang="en" xmlns="http://www.sdmx.org/resources/sdmxml/schemas/v2_1/common">Euro area 11 (fixed composition)</Name>
        </Code>
        <Code id="I2" urn="urn:sdmx:org.sdmx.infomodel.codelist.Code=ECB:CL_AREA_EE(1.0).I2">
          <Name xml:lang="en" xmlns="http://www.sdmx.org/resources/sdmxml/schemas/v2_1/common">Euro area 12 (fixed composition)</Name>
        </Code>
        <Code id="I3" urn="urn:sdmx:org.sdmx.infomodel.codelist.Code=ECB:CL_AREA_EE(1.0).I3">
          <Name xml:lang="en" xmlns="http://www.sdmx.org/resources/sdmxml/schemas/v2_1/common">Euro area 13 (fixed composition)</Name>
        </Code>
        <Code id="I4" urn="urn:sdmx:org.sdmx.infomodel.codelist.Code=ECB:CL_AREA_EE(1.0).I4">
          <Name xml:lang="en" xmlns="http://www.sdmx.org/resources/sdmxml/schemas/v2_1/common">Euro area 15 (fixed composition)</Name>
        </Code>
        <Code id="ID" urn="urn:sdmx:org.sdmx.infomodel.codelist.Code=ECB:CL_AREA_EE(1.0).ID">
          <Name xml:lang="en" xmlns="http://www.sdmx.org/resources/sdmxml/schemas/v2_1/common">Indonesia</Name>
        </Code>
        <Code id="IE" urn="urn:sdmx:org.sdmx.infomodel.codelist.Code=ECB:CL_AREA_EE(1.0).IE">
          <Name xml:lang="en" xmlns="http://www.sdmx.org/resources/sdmxml/schemas/v2_1/common">Ireland</Name>
        </Code>
        <Code id="IL" urn="urn:sdmx:org.sdmx.infomodel.codelist.Code=ECB:CL_AREA_EE(1.0).IL">
          <Name xml:lang="en" xmlns="http://www.sdmx.org/resources/sdmxml/schemas/v2_1/common">Israel</Name>
        </Code>
        <Code id="IM" urn="urn:sdmx:org.sdmx.infomodel.codelist.Code=ECB:CL_AREA_EE(1.0).IM">
          <Name xml:lang="en" xmlns="http://www.sdmx.org/resources/sdmxml/schemas/v2_1/common">Isle of Man</Name>
        </Code>
        <Code id="IN" urn="urn:sdmx:org.sdmx.infomodel.codelist.Code=ECB:CL_AREA_EE(1.0).IN">
          <Name xml:lang="en" xmlns="http://www.sdmx.org/resources/sdmxml/schemas/v2_1/common">India</Name>
        </Code>
        <Code id="IO" urn="urn:sdmx:org.sdmx.infomodel.codelist.Code=ECB:CL_AREA_EE(1.0).IO">
          <Name xml:lang="en" xmlns="http://www.sdmx.org/resources/sdmxml/schemas/v2_1/common">British Indian Ocean territory</Name>
        </Code>
        <Code id="IQ" urn="urn:sdmx:org.sdmx.infomodel.codelist.Code=ECB:CL_AREA_EE(1.0).IQ">
          <Name xml:lang="en" xmlns="http://www.sdmx.org/resources/sdmxml/schemas/v2_1/common">Iraq</Name>
        </Code>
        <Code id="IR" urn="urn:sdmx:org.sdmx.infomodel.codelist.Code=ECB:CL_AREA_EE(1.0).IR">
          <Name xml:lang="en" xmlns="http://www.sdmx.org/resources/sdmxml/schemas/v2_1/common">Iran, Islamic Republic of</Name>
        </Code>
        <Code id="IS" urn="urn:sdmx:org.sdmx.infomodel.codelist.Code=ECB:CL_AREA_EE(1.0).IS">
          <Name xml:lang="en" xmlns="http://www.sdmx.org/resources/sdmxml/schemas/v2_1/common">Iceland</Name>
        </Code>
        <Code id="IT" urn="urn:sdmx:org.sdmx.infomodel.codelist.Code=ECB:CL_AREA_EE(1.0).IT">
          <Name xml:lang="en" xmlns="http://www.sdmx.org/resources/sdmxml/schemas/v2_1/common">Italy</Name>
        </Code>
        <Code id="J1" urn="urn:sdmx:org.sdmx.infomodel.codelist.Code=ECB:CL_AREA_EE(1.0).J1">
          <Name xml:lang="en" xmlns="http://www.sdmx.org/resources/sdmxml/schemas/v2_1/common">Extra-Euro area 11 (fixed composition)</Name>
        </Code>
        <Code id="J2" urn="urn:sdmx:org.sdmx.infomodel.codelist.Code=ECB:CL_AREA_EE(1.0).J2">
          <Name xml:lang="en" xmlns="http://www.sdmx.org/resources/sdmxml/schemas/v2_1/common">Extra-Euro area 12 (fixed composition)</Name>
        </Code>
        <Code id="J3" urn="urn:sdmx:org.sdmx.infomodel.codelist.Code=ECB:CL_AREA_EE(1.0).J3">
          <Name xml:lang="en" xmlns="http://www.sdmx.org/resources/sdmxml/schemas/v2_1/common">Extra-Euro area 13 (fixed composition)</Name>
        </Code>
        <Code id="J4" urn="urn:sdmx:org.sdmx.infomodel.codelist.Code=ECB:CL_AREA_EE(1.0).J4">
          <Name xml:lang="en" xmlns="http://www.sdmx.org/resources/sdmxml/schemas/v2_1/common">Extra-Euro area 15 (fixed composition)</Name>
        </Code>
        <Code id="JE" urn="urn:sdmx:org.sdmx.infomodel.codelist.Code=ECB:CL_AREA_EE(1.0).JE">
          <Name xml:lang="en" xmlns="http://www.sdmx.org/resources/sdmxml/schemas/v2_1/common">Jersey (No official ISO 3166-1 country code, exceptionnally reserved c ode elements)</Name>
        </Code>
        <Code id="JM" urn="urn:sdmx:org.sdmx.infomodel.codelist.Code=ECB:CL_AREA_EE(1.0).JM">
          <Name xml:lang="en" xmlns="http://www.sdmx.org/resources/sdmxml/schemas/v2_1/common">Jamaica</Name>
        </Code>
        <Code id="JO" urn="urn:sdmx:org.sdmx.infomodel.codelist.Code=ECB:CL_AREA_EE(1.0).JO">
          <Name xml:lang="en" xmlns="http://www.sdmx.org/resources/sdmxml/schemas/v2_1/common">Jordan</Name>
        </Code>
        <Code id="JP" urn="urn:sdmx:org.sdmx.infomodel.codelist.Code=ECB:CL_AREA_EE(1.0).JP">
          <Name xml:lang="en" xmlns="http://www.sdmx.org/resources/sdmxml/schemas/v2_1/common">Japan</Name>
        </Code>
        <Code id="K1" urn="urn:sdmx:org.sdmx.infomodel.codelist.Code=ECB:CL_AREA_EE(1.0).K1">
          <Name xml:lang="en" xmlns="http://www.sdmx.org/resources/sdmxml/schemas/v2_1/common">EU member states not belonging to Euro area 11 (fixed composition)</Name>
        </Code>
        <Code id="K2" urn="urn:sdmx:org.sdmx.infomodel.codelist.Code=ECB:CL_AREA_EE(1.0).K2">
          <Name xml:lang="en" xmlns="http://www.sdmx.org/resources/sdmxml/schemas/v2_1/common">EU member states not belonging to Euro area 12 (fixed composition)</Name>
        </Code>
        <Code id="K3" urn="urn:sdmx:org.sdmx.infomodel.codelist.Code=ECB:CL_AREA_EE(1.0).K3">
          <Name xml:lang="en" xmlns="http://www.sdmx.org/resources/sdmxml/schemas/v2_1/common">EU member states not belonging to Euro area 13 (fixed composition)</Name>
        </Code>
        <Code id="K4" urn="urn:sdmx:org.sdmx.infomodel.codelist.Code=ECB:CL_AREA_EE(1.0).K4">
          <Name xml:lang="en" xmlns="http://www.sdmx.org/resources/sdmxml/schemas/v2_1/common">EU member states not belonging to Euro area 15 (fixed composition)</Name>
        </Code>
        <Code id="KE" urn="urn:sdmx:org.sdmx.infomodel.codelist.Code=ECB:CL_AREA_EE(1.0).KE">
          <Name xml:lang="en" xmlns="http://www.sdmx.org/resources/sdmxml/schemas/v2_1/common">Kenya</Name>
        </Code>
        <Code id="KG" urn="urn:sdmx:org.sdmx.infomodel.codelist.Code=ECB:CL_AREA_EE(1.0).KG">
          <Name xml:lang="en" xmlns="http://www.sdmx.org/resources/sdmxml/schemas/v2_1/common">Kyrgyzstan</Name>
        </Code>
        <Code id="KH" urn="urn:sdmx:org.sdmx.infomodel.codelist.Code=ECB:CL_AREA_EE(1.0).KH">
          <Name xml:lang="en" xmlns="http://www.sdmx.org/resources/sdmxml/schemas/v2_1/common">Cambodia</Name>
        </Code>
        <Code id="KI" urn="urn:sdmx:org.sdmx.infomodel.codelist.Code=ECB:CL_AREA_EE(1.0).KI">
          <Name xml:lang="en" xmlns="http://www.sdmx.org/resources/sdmxml/schemas/v2_1/common">Kiribati</Name>
        </Code>
        <Code id="KM" urn="urn:sdmx:org.sdmx.infomodel.codelist.Code=ECB:CL_AREA_EE(1.0).KM">
          <Name xml:lang="en" xmlns="http://www.sdmx.org/resources/sdmxml/schemas/v2_1/common">Comoros</Name>
        </Code>
        <Code id="KN" urn="urn:sdmx:org.sdmx.infomodel.codelist.Code=ECB:CL_AREA_EE(1.0).KN">
          <Name xml:lang="en" xmlns="http://www.sdmx.org/resources/sdmxml/schemas/v2_1/common">Saint Kitts and Nevis</Name>
        </Code>
        <Code id="KP" urn="urn:sdmx:org.sdmx.infomodel.codelist.Code=ECB:CL_AREA_EE(1.0).KP">
          <Name xml:lang="en" xmlns="http://www.sdmx.org/resources/sdmxml/schemas/v2_1/common">Korea, Democratic People`s Republic of</Name>
        </Code>
        <Code id="KR" urn="urn:sdmx:org.sdmx.infomodel.codelist.Code=ECB:CL_AREA_EE(1.0).KR">
          <Name xml:lang="en" xmlns="http://www.sdmx.org/resources/sdmxml/schemas/v2_1/common">Korea, Republic of</Name>
        </Code>
        <Code id="KW" urn="urn:sdmx:org.sdmx.infomodel.codelist.Code=ECB:CL_AREA_EE(1.0).KW">
          <Name xml:lang="en" xmlns="http://www.sdmx.org/resources/sdmxml/schemas/v2_1/common">Kuwait</Name>
        </Code>
        <Code id="KY" urn="urn:sdmx:org.sdmx.infomodel.codelist.Code=ECB:CL_AREA_EE(1.0).KY">
          <Name xml:lang="en" xmlns="http://www.sdmx.org/resources/sdmxml/schemas/v2_1/common">Cayman Islands</Name>
        </Code>
        <Code id="KZ" urn="urn:sdmx:org.sdmx.infomodel.codelist.Code=ECB:CL_AREA_EE(1.0).KZ">
          <Name xml:lang="en" xmlns="http://www.sdmx.org/resources/sdmxml/schemas/v2_1/common">Kazakstan</Name>
        </Code>
        <Code id="L0" urn="urn:sdmx:org.sdmx.infomodel.codelist.Code=ECB:CL_AREA_EE(1.0).L0">
          <Name xml:lang="en" xmlns="http://www.sdmx.org/resources/sdmxml/schemas/v2_1/common">Other EU member states (all countries except the reference area)</Name>
        </Code>
        <Code id="L1" urn="urn:sdmx:org.sdmx.infomodel.codelist.Code=ECB:CL_AREA_EE(1.0).L1">
          <Name xml:lang="en" xmlns="http://www.sdmx.org/resources/sdmxml/schemas/v2_1/common">Other Euro area 11 member states (fixed composition - all countries ex cept the reference area)</Name>
        </Code>
        <Code id="L2" urn="urn:sdmx:org.sdmx.infomodel.codelist.Code=ECB:CL_AREA_EE(1.0).L2">
          <Name xml:lang="en" xmlns="http://www.sdmx.org/resources/sdmxml/schemas/v2_1/common">Other Euro area 12 member states (fixed composition - all countries ex cept the reference area)</Name>
        </Code>
        <Code id="L3" urn="urn:sdmx:org.sdmx.infomodel.codelist.Code=ECB:CL_AREA_EE(1.0).L3">
          <Name xml:lang="en" xmlns="http://www.sdmx.org/resources/sdmxml/schemas/v2_1/common">Other Euro area 13 member states (fixed composition - all countries ex cept the reference area)</Name>
        </Code>
        <Code id="L4" urn="urn:sdmx:org.sdmx.infomodel.codelist.Code=ECB:CL_AREA_EE(1.0).L4">
          <Name xml:lang="en" xmlns="http://www.sdmx.org/resources/sdmxml/schemas/v2_1/common">Other Euro area 15 member states (fixed composition - all countries ex cept the reference area)</Name>
        </Code>
        <Code id="LA" urn="urn:sdmx:org.sdmx.infomodel.codelist.Code=ECB:CL_AREA_EE(1.0).LA">
          <Name xml:lang="en" xmlns="http://www.sdmx.org/resources/sdmxml/schemas/v2_1/common">Lao People`s Democratic Republic</Name>
        </Code>
        <Code id="LB" urn="urn:sdmx:org.sdmx.infomodel.codelist.Code=ECB:CL_AREA_EE(1.0).LB">
          <Name xml:lang="en" xmlns="http://www.sdmx.org/resources/sdmxml/schemas/v2_1/common">Lebanon</Name>
        </Code>
        <Code id="LC" urn="urn:sdmx:org.sdmx.infomodel.codelist.Code=ECB:CL_AREA_EE(1.0).LC">
          <Name xml:lang="en" xmlns="http://www.sdmx.org/resources/sdmxml/schemas/v2_1/common">Saint Lucia</Name>
        </Code>
        <Code id="LI" urn="urn:sdmx:org.sdmx.infomodel.codelist.Code=ECB:CL_AREA_EE(1.0).LI">
          <Name xml:lang="en" xmlns="http://www.sdmx.org/resources/sdmxml/schemas/v2_1/common">Liechtenstein</Name>
        </Code>
        <Code id="LK" urn="urn:sdmx:org.sdmx.infomodel.codelist.Code=ECB:CL_AREA_EE(1.0).LK">
          <Name xml:lang="en" xmlns="http://www.sdmx.org/resources/sdmxml/schemas/v2_1/common">Sri Lanka</Name>
        </Code>
        <Code id="LR" urn="urn:sdmx:org.sdmx.infomodel.codelist.Code=ECB:CL_AREA_EE(1.0).LR">
          <Name xml:lang="en" xmlns="http://www.sdmx.org/resources/sdmxml/schemas/v2_1/common">Liberia</Name>
        </Code>
        <Code id="LS" urn="urn:sdmx:org.sdmx.infomodel.codelist.Code=ECB:CL_AREA_EE(1.0).LS">
          <Name xml:lang="en" xmlns="http://www.sdmx.org/resources/sdmxml/schemas/v2_1/common">Lesotho</Name>
        </Code>
        <Code id="LT" urn="urn:sdmx:org.sdmx.infomodel.codelist.Code=ECB:CL_AREA_EE(1.0).LT">
          <Name xml:lang="en" xmlns="http://www.sdmx.org/resources/sdmxml/schemas/v2_1/common">Lithuania</Name>
        </Code>
        <Code id="LU" urn="urn:sdmx:org.sdmx.infomodel.codelist.Code=ECB:CL_AREA_EE(1.0).LU">
          <Name xml:lang="en" xmlns="http://www.sdmx.org/resources/sdmxml/schemas/v2_1/common">Luxembourg</Name>
        </Code>
        <Code id="LV" urn="urn:sdmx:org.sdmx.infomodel.codelist.Code=ECB:CL_AREA_EE(1.0).LV">
          <Name xml:lang="en" xmlns="http://www.sdmx.org/resources/sdmxml/schemas/v2_1/common">Latvia</Name>
        </Code>
        <Code id="LY" urn="urn:sdmx:org.sdmx.infomodel.codelist.Code=ECB:CL_AREA_EE(1.0).LY">
          <Name xml:lang="en" xmlns="http://www.sdmx.org/resources/sdmxml/schemas/v2_1/common">Libyan Arab Jamahiriya</Name>
        </Code>
        <Code id="M0" urn="urn:sdmx:org.sdmx.infomodel.codelist.Code=ECB:CL_AREA_EE(1.0).M0">
          <Name xml:lang="en" xmlns="http://www.sdmx.org/resources/sdmxml/schemas/v2_1/common">All areas other than EU 15 and reference/home area</Name>
        </Code>
        <Code id="M1" urn="urn:sdmx:org.sdmx.infomodel.codelist.Code=ECB:CL_AREA_EE(1.0).M1">
          <Name xml:lang="en" xmlns="http://www.sdmx.org/resources/sdmxml/schemas/v2_1/common">All areas other than Euro area 11 (fixed composition) and reference/ho me area</Name>
        </Code>
        <Code id="M2" urn="urn:sdmx:org.sdmx.infomodel.codelist.Code=ECB:CL_AREA_EE(1.0).M2">
          <Name xml:lang="en" xmlns="http://www.sdmx.org/resources/sdmxml/schemas/v2_1/common">All areas other than Euro area 12 (fixed composition) and reference/ho me area</Name>
        </Code>
        <Code id="M3" urn="urn:sdmx:org.sdmx.infomodel.codelist.Code=ECB:CL_AREA_EE(1.0).M3">
          <Name xml:lang="en" xmlns="http://www.sdmx.org/resources/sdmxml/schemas/v2_1/common">All areas other than Euro area 13 (fixed composition) and reference/ho me area</Name>
        </Code>
        <Code id="M4" urn="urn:sdmx:org.sdmx.infomodel.codelist.Code=ECB:CL_AREA_EE(1.0).M4">
          <Name xml:lang="en" xmlns="http://www.sdmx.org/resources/sdmxml/schemas/v2_1/common">All areas other than Euro area 15 (fixed composition) and reference/ho me area</Name>
        </Code>
        <Code id="MA" urn="urn:sdmx:org.sdmx.infomodel.codelist.Code=ECB:CL_AREA_EE(1.0).MA">
          <Name xml:lang="en" xmlns="http://www.sdmx.org/resources/sdmxml/schemas/v2_1/common">Morocco</Name>
        </Code>
        <Code id="MC" urn="urn:sdmx:org.sdmx.infomodel.codelist.Code=ECB:CL_AREA_EE(1.0).MC">
          <Name xml:lang="en" xmlns="http://www.sdmx.org/resources/sdmxml/schemas/v2_1/common">Monaco</Name>
        </Code>
        <Code id="MD" urn="urn:sdmx:org.sdmx.infomodel.codelist.Code=ECB:CL_AREA_EE(1.0).MD">
          <Name xml:lang="en" xmlns="http://www.sdmx.org/resources/sdmxml/schemas/v2_1/common">Moldova, Republic of</Name>
        </Code>
        <Code id="ME" urn="urn:sdmx:org.sdmx.infomodel.codelist.Code=ECB:CL_AREA_EE(1.0).ME">
          <Name xml:lang="en" xmlns="http://www.sdmx.org/resources/sdmxml/schemas/v2_1/common">Montenegro</Name>
        </Code>
        <Code id="MG" urn="urn:sdmx:org.sdmx.infomodel.codelist.Code=ECB:CL_AREA_EE(1.0).MG">
          <Name xml:lang="en" xmlns="http://www.sdmx.org/resources/sdmxml/schemas/v2_1/common">Madagascar</Name>
        </Code>
        <Code id="MH" urn="urn:sdmx:org.sdmx.infomodel.codelist.Code=ECB:CL_AREA_EE(1.0).MH">
          <Name xml:lang="en" xmlns="http://www.sdmx.org/resources/sdmxml/schemas/v2_1/common">Marshall islands</Name>
        </Code>
        <Code id="MK" urn="urn:sdmx:org.sdmx.infomodel.codelist.Code=ECB:CL_AREA_EE(1.0).MK">
          <Name xml:lang="en" xmlns="http://www.sdmx.org/resources/sdmxml/schemas/v2_1/common">Macedonia, The Former Yugoslav Republic of</Name>
        </Code>
        <Code id="ML" urn="urn:sdmx:org.sdmx.infomodel.codelist.Code=ECB:CL_AREA_EE(1.0).ML">
          <Name xml:lang="en" xmlns="http://www.sdmx.org/resources/sdmxml/schemas/v2_1/common">Mali</Name>
        </Code>
        <Code id="MM" urn="urn:sdmx:org.sdmx.infomodel.codelist.Code=ECB:CL_AREA_EE(1.0).MM">
          <Name xml:lang="en" xmlns="http://www.sdmx.org/resources/sdmxml/schemas/v2_1/common">Myanmar</Name>
        </Code>
        <Code id="MN" urn="urn:sdmx:org.sdmx.infomodel.codelist.Code=ECB:CL_AREA_EE(1.0).MN">
          <Name xml:lang="en" xmlns="http://www.sdmx.org/resources/sdmxml/schemas/v2_1/common">Mongolia</Name>
        </Code>
        <Code id="MO" urn="urn:sdmx:org.sdmx.infomodel.codelist.Code=ECB:CL_AREA_EE(1.0).MO">
          <Name xml:lang="en" xmlns="http://www.sdmx.org/resources/sdmxml/schemas/v2_1/common">Macau</Name>
        </Code>
        <Code id="MP" urn="urn:sdmx:org.sdmx.infomodel.codelist.Code=ECB:CL_AREA_EE(1.0).MP">
          <Name xml:lang="en" xmlns="http://www.sdmx.org/resources/sdmxml/schemas/v2_1/common">Northern Mariana Islands</Name>
        </Code>
        <Code id="MQ" urn="urn:sdmx:org.sdmx.infomodel.codelist.Code=ECB:CL_AREA_EE(1.0).MQ">
          <Name xml:lang="en" xmlns="http://www.sdmx.org/resources/sdmxml/schemas/v2_1/common">Martinique</Name>
        </Code>
        <Code id="MR" urn="urn:sdmx:org.sdmx.infomodel.codelist.Code=ECB:CL_AREA_EE(1.0).MR">
          <Name xml:lang="en" xmlns="http://www.sdmx.org/resources/sdmxml/schemas/v2_1/common">Mauritania</Name>
        </Code>
        <Code id="MS" urn="urn:sdmx:org.sdmx.infomodel.codelist.Code=ECB:CL_AREA_EE(1.0).MS">
          <Name xml:lang="en" xmlns="http://www.sdmx.org/resources/sdmxml/schemas/v2_1/common">Montserrat</Name>
        </Code>
        <Code id="MT" urn="urn:sdmx:org.sdmx.infomodel.codelist.Code=ECB:CL_AREA_EE(1.0).MT">
          <Name xml:lang="en" xmlns="http://www.sdmx.org/resources/sdmxml/schemas/v2_1/common">Malta</Name>
        </Code>
        <Code id="MU" urn="urn:sdmx:org.sdmx.infomodel.codelist.Code=ECB:CL_AREA_EE(1.0).MU">
          <Name xml:lang="en" xmlns="http://www.sdmx.org/resources/sdmxml/schemas/v2_1/common">Mauritius</Name>
        </Code>
        <Code id="MV" urn="urn:sdmx:org.sdmx.infomodel.codelist.Code=ECB:CL_AREA_EE(1.0).MV">
          <Name xml:lang="en" xmlns="http://www.sdmx.org/resources/sdmxml/schemas/v2_1/common">Maldives</Name>
        </Code>
        <Code id="MW" urn="urn:sdmx:org.sdmx.infomodel.codelist.Code=ECB:CL_AREA_EE(1.0).MW">
          <Name xml:lang="en" xmlns="http://www.sdmx.org/resources/sdmxml/schemas/v2_1/common">Malawi</Name>
        </Code>
        <Code id="MX" urn="urn:sdmx:org.sdmx.infomodel.codelist.Code=ECB:CL_AREA_EE(1.0).MX">
          <Name xml:lang="en" xmlns="http://www.sdmx.org/resources/sdmxml/schemas/v2_1/common">Mexico</Name>
        </Code>
        <Code id="MY" urn="urn:sdmx:org.sdmx.infomodel.codelist.Code=ECB:CL_AREA_EE(1.0).MY">
          <Name xml:lang="en" xmlns="http://www.sdmx.org/resources/sdmxml/schemas/v2_1/common">Malaysia</Name>
        </Code>
        <Code id="MZ" urn="urn:sdmx:org.sdmx.infomodel.codelist.Code=ECB:CL_AREA_EE(1.0).MZ">
          <Name xml:lang="en" xmlns="http://www.sdmx.org/resources/sdmxml/schemas/v2_1/common">Mozambique</Name>
        </Code>
        <Code id="N1" urn="urn:sdmx:org.sdmx.infomodel.codelist.Code=ECB:CL_AREA_EE(1.0).N1">
          <Name xml:lang="en" xmlns="http://www.sdmx.org/resources/sdmxml/schemas/v2_1/common">Intra-Euro area 11 (fixed composition) not allocated</Name>
        </Code>
        <Code id="N2" urn="urn:sdmx:org.sdmx.infomodel.codelist.Code=ECB:CL_AREA_EE(1.0).N2">
          <Name xml:lang="en" xmlns="http://www.sdmx.org/resources/sdmxml/schemas/v2_1/common">Intra-Euro area 12 (fixed composition) not allocated</Name>
        </Code>
        <Code id="N3" urn="urn:sdmx:org.sdmx.infomodel.codelist.Code=ECB:CL_AREA_EE(1.0).N3">
          <Name xml:lang="en" xmlns="http://www.sdmx.org/resources/sdmxml/schemas/v2_1/common">Intra-Euro area 13 (fixed composition) not allocated</Name>
        </Code>
        <Code id="N4" urn="urn:sdmx:org.sdmx.infomodel.codelist.Code=ECB:CL_AREA_EE(1.0).N4">
          <Name xml:lang="en" xmlns="http://www.sdmx.org/resources/sdmxml/schemas/v2_1/common">Intra-Euro area 15 (fixed composition) not allocated</Name>
        </Code>
        <Code id="NA" urn="urn:sdmx:org.sdmx.infomodel.codelist.Code=ECB:CL_AREA_EE(1.0).NA">
          <Name xml:lang="en" xmlns="http://www.sdmx.org/resources/sdmxml/schemas/v2_1/common">Namibia</Name>
        </Code>
        <Code id="NC" urn="urn:sdmx:org.sdmx.infomodel.codelist.Code=ECB:CL_AREA_EE(1.0).NC">
          <Name xml:lang="en" xmlns="http://www.sdmx.org/resources/sdmxml/schemas/v2_1/common">New Caledonia</Name>
        </Code>
        <Code id="NE" urn="urn:sdmx:org.sdmx.infomodel.codelist.Code=ECB:CL_AREA_EE(1.0).NE">
          <Name xml:lang="en" xmlns="http://www.sdmx.org/resources/sdmxml/schemas/v2_1/common">Niger</Name>
        </Code>
        <Code id="NF" urn="urn:sdmx:org.sdmx.infomodel.codelist.Code=ECB:CL_AREA_EE(1.0).NF">
          <Name xml:lang="en" xmlns="http://www.sdmx.org/resources/sdmxml/schemas/v2_1/common">Norfolk Island</Name>
        </Code>
        <Code id="NG" urn="urn:sdmx:org.sdmx.infomodel.codelist.Code=ECB:CL_AREA_EE(1.0).NG">
          <Name xml:lang="en" xmlns="http://www.sdmx.org/resources/sdmxml/schemas/v2_1/common">Nigeria</Name>
        </Code>
        <Code id="NI" urn="urn:sdmx:org.sdmx.infomodel.codelist.Code=ECB:CL_AREA_EE(1.0).NI">
          <Name xml:lang="en" xmlns="http://www.sdmx.org/resources/sdmxml/schemas/v2_1/common">Nicaragua</Name>
        </Code>
        <Code id="NL" urn="urn:sdmx:org.sdmx.infomodel.codelist.Code=ECB:CL_AREA_EE(1.0).NL">
          <Name xml:lang="en" xmlns="http://www.sdmx.org/resources/sdmxml/schemas/v2_1/common">Netherlands</Name>
        </Code>
        <Code id="NO" urn="urn:sdmx:org.sdmx.infomodel.codelist.Code=ECB:CL_AREA_EE(1.0).NO">
          <Name xml:lang="en" xmlns="http://www.sdmx.org/resources/sdmxml/schemas/v2_1/common">Norway</Name>
        </Code>
        <Code id="NP" urn="urn:sdmx:org.sdmx.infomodel.codelist.Code=ECB:CL_AREA_EE(1.0).NP">
          <Name xml:lang="en" xmlns="http://www.sdmx.org/resources/sdmxml/schemas/v2_1/common">Nepal</Name>
        </Code>
        <Code id="NR" urn="urn:sdmx:org.sdmx.infomodel.codelist.Code=ECB:CL_AREA_EE(1.0).NR">
          <Name xml:lang="en" xmlns="http://www.sdmx.org/resources/sdmxml/schemas/v2_1/common">Nauru</Name>
        </Code>
        <Code id="NU" urn="urn:sdmx:org.sdmx.infomodel.codelist.Code=ECB:CL_AREA_EE(1.0).NU">
          <Name xml:lang="en" xmlns="http://www.sdmx.org/resources/sdmxml/schemas/v2_1/common">Niue</Name>
        </Code>
        <Code id="NZ" urn="urn:sdmx:org.sdmx.infomodel.codelist.Code=ECB:CL_AREA_EE(1.0).NZ">
          <Name xml:lang="en" xmlns="http://www.sdmx.org/resources/sdmxml/schemas/v2_1/common">New Zealand</Name>
        </Code>
        <Code id="O1" urn="urn:sdmx:org.sdmx.infomodel.codelist.Code=ECB:CL_AREA_EE(1.0).O1">
          <Name xml:lang="en" xmlns="http://www.sdmx.org/resources/sdmxml/schemas/v2_1/common">Extra-Euro area 11 (fixed composition) not allocated</Name>
        </Code>
        <Code id="O2" urn="urn:sdmx:org.sdmx.infomodel.codelist.Code=ECB:CL_AREA_EE(1.0).O2">
          <Name xml:lang="en" xmlns="http://www.sdmx.org/resources/sdmxml/schemas/v2_1/common">Extra-Euro area 12 (fixed composition) not allocated</Name>
        </Code>
        <Code id="O3" urn="urn:sdmx:org.sdmx.infomodel.codelist.Code=ECB:CL_AREA_EE(1.0).O3">
          <Name xml:lang="en" xmlns="http://www.sdmx.org/resources/sdmxml/schemas/v2_1/common">Extra-Euro area 13 (fixed composition) not allocated</Name>
        </Code>
        <Code id="O4" urn="urn:sdmx:org.sdmx.infomodel.codelist.Code=ECB:CL_AREA_EE(1.0).O4">
          <Name xml:lang="en" xmlns="http://www.sdmx.org/resources/sdmxml/schemas/v2_1/common">Extra-Euro area 15 (fixed composition) not allocated</Name>
        </Code>
        <Code id="OM" urn="urn:sdmx:org.sdmx.infomodel.codelist.Code=ECB:CL_AREA_EE(1.0).OM">
          <Name xml:lang="en" xmlns="http://www.sdmx.org/resources/sdmxml/schemas/v2_1/common">Oman</Name>
        </Code>
        <Code id="P1" urn="urn:sdmx:org.sdmx.infomodel.codelist.Code=ECB:CL_AREA_EE(1.0).P1">
          <Name xml:lang="en" xmlns="http://www.sdmx.org/resources/sdmxml/schemas/v2_1/common">World not allocated (Euro area 11 - fixed composition)</Name>
        </Code>
        <Code id="P2" urn="urn:sdmx:org.sdmx.infomodel.codelist.Code=ECB:CL_AREA_EE(1.0).P2">
          <Name xml:lang="en" xmlns="http://www.sdmx.org/resources/sdmxml/schemas/v2_1/common">World not allocated (Euro area 12 - fixed composition)</Name>
        </Code>
        <Code id="P3" urn="urn:sdmx:org.sdmx.infomodel.codelist.Code=ECB:CL_AREA_EE(1.0).P3">
          <Name xml:lang="en" xmlns="http://www.sdmx.org/resources/sdmxml/schemas/v2_1/common">World not allocated (Euro area 13 - fixed composition)</Name>
        </Code>
        <Code id="P4" urn="urn:sdmx:org.sdmx.infomodel.codelist.Code=ECB:CL_AREA_EE(1.0).P4">
          <Name xml:lang="en" xmlns="http://www.sdmx.org/resources/sdmxml/schemas/v2_1/common">World not allocated (Euro area 15 - fixed composition)</Name>
        </Code>
        <Code id="PA" urn="urn:sdmx:org.sdmx.infomodel.codelist.Code=ECB:CL_AREA_EE(1.0).PA">
          <Name xml:lang="en" xmlns="http://www.sdmx.org/resources/sdmxml/schemas/v2_1/common">Panama</Name>
        </Code>
        <Code id="PE" urn="urn:sdmx:org.sdmx.infomodel.codelist.Code=ECB:CL_AREA_EE(1.0).PE">
          <Name xml:lang="en" xmlns="http://www.sdmx.org/resources/sdmxml/schemas/v2_1/common">Peru</Name>
        </Code>
        <Code id="PF" urn="urn:sdmx:org.sdmx.infomodel.codelist.Code=ECB:CL_AREA_EE(1.0).PF">
          <Name xml:lang="en" xmlns="http://www.sdmx.org/resources/sdmxml/schemas/v2_1/common">French Polynesia</Name>
        </Code>
        <Code id="PG" urn="urn:sdmx:org.sdmx.infomodel.codelist.Code=ECB:CL_AREA_EE(1.0).PG">
          <Name xml:lang="en" xmlns="http://www.sdmx.org/resources/sdmxml/schemas/v2_1/common">Papua New Guinea</Name>
        </Code>
        <Code id="PH" urn="urn:sdmx:org.sdmx.infomodel.codelist.Code=ECB:CL_AREA_EE(1.0).PH">
          <Name xml:lang="en" xmlns="http://www.sdmx.org/resources/sdmxml/schemas/v2_1/common">Philippines</Name>
        </Code>
        <Code id="PK" urn="urn:sdmx:org.sdmx.infomodel.codelist.Code=ECB:CL_AREA_EE(1.0).PK">
          <Name xml:lang="en" xmlns="http://www.sdmx.org/resources/sdmxml/schemas/v2_1/common">Pakistan</Name>
        </Code>
        <Code id="PL" urn="urn:sdmx:org.sdmx.infomodel.codelist.Code=ECB:CL_AREA_EE(1.0).PL">
          <Name xml:lang="en" xmlns="http://www.sdmx.org/resources/sdmxml/schemas/v2_1/common">Poland</Name>
        </Code>
        <Code id="PM" urn="urn:sdmx:org.sdmx.infomodel.codelist.Code=ECB:CL_AREA_EE(1.0).PM">
          <Name xml:lang="en" xmlns="http://www.sdmx.org/resources/sdmxml/schemas/v2_1/common">Saint Pierre and Miquelon</Name>
        </Code>
        <Code id="PN" urn="urn:sdmx:org.sdmx.infomodel.codelist.Code=ECB:CL_AREA_EE(1.0).PN">
          <Name xml:lang="en" xmlns="http://www.sdmx.org/resources/sdmxml/schemas/v2_1/common">Pitcairn</Name>
        </Code>
        <Code id="PR" urn="urn:sdmx:org.sdmx.infomodel.codelist.Code=ECB:CL_AREA_EE(1.0).PR">
          <Name xml:lang="en" xmlns="http://www.sdmx.org/resources/sdmxml/schemas/v2_1/common">Puerto Rico</Name>
        </Code>
        <Code id="PS" urn="urn:sdmx:org.sdmx.infomodel.codelist.Code=ECB:CL_AREA_EE(1.0).PS">
          <Name xml:lang="en" xmlns="http://www.sdmx.org/resources/sdmxml/schemas/v2_1/common">Palestinian Territory, Occupied</Name>
        </Code>
        <Code id="PT" urn="urn:sdmx:org.sdmx.infomodel.codelist.Code=ECB:CL_AREA_EE(1.0).PT">
          <Name xml:lang="en" xmlns="http://www.sdmx.org/resources/sdmxml/schemas/v2_1/common">Portugal</Name>
        </Code>
        <Code id="PW" urn="urn:sdmx:org.sdmx.infomodel.codelist.Code=ECB:CL_AREA_EE(1.0).PW">
          <Name xml:lang="en" xmlns="http://www.sdmx.org/resources/sdmxml/schemas/v2_1/common">Palau</Name>
        </Code>
        <Code id="PY" urn="urn:sdmx:org.sdmx.infomodel.codelist.Code=ECB:CL_AREA_EE(1.0).PY">
          <Name xml:lang="en" xmlns="http://www.sdmx.org/resources/sdmxml/schemas/v2_1/common">Paraguay</Name>
        </Code>
        <Code id="QA" urn="urn:sdmx:org.sdmx.infomodel.codelist.Code=ECB:CL_AREA_EE(1.0).QA">
          <Name xml:lang="en" xmlns="http://www.sdmx.org/resources/sdmxml/schemas/v2_1/common">Qatar</Name>
        </Code>
        <Code id="R1" urn="urn:sdmx:org.sdmx.infomodel.codelist.Code=ECB:CL_AREA_EE(1.0).R1">
          <Name xml:lang="en" xmlns="http://www.sdmx.org/resources/sdmxml/schemas/v2_1/common">West Germany</Name>
        </Code>
        <Code id="R2" urn="urn:sdmx:org.sdmx.infomodel.codelist.Code=ECB:CL_AREA_EE(1.0).R2">
          <Name xml:lang="en" xmlns="http://www.sdmx.org/resources/sdmxml/schemas/v2_1/common">East Germany</Name>
        </Code>
        <Code id="RE" urn="urn:sdmx:org.sdmx.infomodel.codelist.Code=ECB:CL_AREA_EE(1.0).RE">
          <Name xml:lang="en" xmlns="http://www.sdmx.org/resources/sdmxml/schemas/v2_1/common">Réunion</Name>
        </Code>
        <Code id="RO" urn="urn:sdmx:org.sdmx.infomodel.codelist.Code=ECB:CL_AREA_EE(1.0).RO">
          <Name xml:lang="en" xmlns="http://www.sdmx.org/resources/sdmxml/schemas/v2_1/common">Romania</Name>
        </Code>
        <Code id="RS" urn="urn:sdmx:org.sdmx.infomodel.codelist.Code=ECB:CL_AREA_EE(1.0).RS">
          <Name xml:lang="en" xmlns="http://www.sdmx.org/resources/sdmxml/schemas/v2_1/common">Serbia</Name>
        </Code>
        <Code id="RU" urn="urn:sdmx:org.sdmx.infomodel.codelist.Code=ECB:CL_AREA_EE(1.0).RU">
          <Name xml:lang="en" xmlns="http://www.sdmx.org/resources/sdmxml/schemas/v2_1/common">Russian Federation</Name>
        </Code>
        <Code id="RW" urn="urn:sdmx:org.sdmx.infomodel.codelist.Code=ECB:CL_AREA_EE(1.0).RW">
          <Name xml:lang="en" xmlns="http://www.sdmx.org/resources/sdmxml/schemas/v2_1/common">Rwanda</Name>
        </Code>
        <Code id="S1" urn="urn:sdmx:org.sdmx.infomodel.codelist.Code=ECB:CL_AREA_EE(1.0).S1">
          <Name xml:lang="en" xmlns="http://www.sdmx.org/resources/sdmxml/schemas/v2_1/common">EU 15 (fixed composition) excluding LU</Name>
        </Code>
        <Code id="S2" urn="urn:sdmx:org.sdmx.infomodel.codelist.Code=ECB:CL_AREA_EE(1.0).S2">
          <Name xml:lang="en" xmlns="http://www.sdmx.org/resources/sdmxml/schemas/v2_1/common">EU 12 (fixed composition) including West Germany</Name>
        </Code>
        <Code id="S3" urn="urn:sdmx:org.sdmx.infomodel.codelist.Code=ECB:CL_AREA_EE(1.0).S3">
          <Name xml:lang="en" xmlns="http://www.sdmx.org/resources/sdmxml/schemas/v2_1/common">EU 27 member states, outside the euro area 13, excluding DK, SE, GB (C Y,CZ,EE,HU,LV,LT,MT,PL,SK,RO,BG)</Name>
        </Code>
        <Code id="SA" urn="urn:sdmx:org.sdmx.infomodel.codelist.Code=ECB:CL_AREA_EE(1.0).SA">
          <Name xml:lang="en" xmlns="http://www.sdmx.org/resources/sdmxml/schemas/v2_1/common">Saudi Arabia</Name>
        </Code>
        <Code id="SB" urn="urn:sdmx:org.sdmx.infomodel.codelist.Code=ECB:CL_AREA_EE(1.0).SB">
          <Name xml:lang="en" xmlns="http://www.sdmx.org/resources/sdmxml/schemas/v2_1/common">Solomon Islands</Name>
        </Code>
        <Code id="SC" urn="urn:sdmx:org.sdmx.infomodel.codelist.Code=ECB:CL_AREA_EE(1.0).SC">
          <Name xml:lang="en" xmlns="http://www.sdmx.org/resources/sdmxml/schemas/v2_1/common">Seychelles</Name>
        </Code>
        <Code id="SD" urn="urn:sdmx:org.sdmx.infomodel.codelist.Code=ECB:CL_AREA_EE(1.0).SD">
          <Name xml:lang="en" xmlns="http://www.sdmx.org/resources/sdmxml/schemas/v2_1/common">Sudan</Name>
        </Code>
        <Code id="SE" urn="urn:sdmx:org.sdmx.infomodel.codelist.Code=ECB:CL_AREA_EE(1.0).SE">
          <Name xml:lang="en" xmlns="http://www.sdmx.org/resources/sdmxml/schemas/v2_1/common">Sweden</Name>
        </Code>
        <Code id="SG" urn="urn:sdmx:org.sdmx.infomodel.codelist.Code=ECB:CL_AREA_EE(1.0).SG">
          <Name xml:lang="en" xmlns="http://www.sdmx.org/resources/sdmxml/schemas/v2_1/common">Singapore</Name>
        </Code>
        <Code id="SH" urn="urn:sdmx:org.sdmx.infomodel.codelist.Code=ECB:CL_AREA_EE(1.0).SH">
          <Name xml:lang="en" xmlns="http://www.sdmx.org/resources/sdmxml/schemas/v2_1/common">Saint Helena</Name>
        </Code>
        <Code id="SI" urn="urn:sdmx:org.sdmx.infomodel.codelist.Code=ECB:CL_AREA_EE(1.0).SI">
          <Name xml:lang="en" xmlns="http://www.sdmx.org/resources/sdmxml/schemas/v2_1/common">Slovenia</Name>
        </Code>
        <Code id="SJ" urn="urn:sdmx:org.sdmx.infomodel.codelist.Code=ECB:CL_AREA_EE(1.0).SJ">
          <Name xml:lang="en" xmlns="http://www.sdmx.org/resources/sdmxml/schemas/v2_1/common">Svalbard and Jan Mayen</Name>
        </Code>
        <Code id="SK" urn="urn:sdmx:org.sdmx.infomodel.codelist.Code=ECB:CL_AREA_EE(1.0).SK">
          <Name xml:lang="en" xmlns="http://www.sdmx.org/resources/sdmxml/schemas/v2_1/common">Slovakia</Name>
        </Code>
        <Code id="SL" urn="urn:sdmx:org.sdmx.infomodel.codelist.Code=ECB:CL_AREA_EE(1.0).SL">
          <Name xml:lang="en" xmlns="http://www.sdmx.org/resources/sdmxml/schemas/v2_1/common">Sierra Leone</Name>
        </Code>
        <Code id="SM" urn="urn:sdmx:org.sdmx.infomodel.codelist.Code=ECB:CL_AREA_EE(1.0).SM">
          <Name xml:lang="en" xmlns="http://www.sdmx.org/resources/sdmxml/schemas/v2_1/common">San Marino</Name>
        </Code>
        <Code id="SN" urn="urn:sdmx:org.sdmx.infomodel.codelist.Code=ECB:CL_AREA_EE(1.0).SN">
          <Name xml:lang="en" xmlns="http://www.sdmx.org/resources/sdmxml/schemas/v2_1/common">Senegal</Name>
        </Code>
        <Code id="SO" urn="urn:sdmx:org.sdmx.infomodel.codelist.Code=ECB:CL_AREA_EE(1.0).SO">
          <Name xml:lang="en" xmlns="http://www.sdmx.org/resources/sdmxml/schemas/v2_1/common">Somalia</Name>
        </Code>
        <Code id="SR" urn="urn:sdmx:org.sdmx.infomodel.codelist.Code=ECB:CL_AREA_EE(1.0).SR">
          <Name xml:lang="en" xmlns="http://www.sdmx.org/resources/sdmxml/schemas/v2_1/common">Suriname</Name>
        </Code>
        <Code id="ST" urn="urn:sdmx:org.sdmx.infomodel.codelist.Code=ECB:CL_AREA_EE(1.0).ST">
          <Name xml:lang="en" xmlns="http://www.sdmx.org/resources/sdmxml/schemas/v2_1/common">Sao Tome and Principe</Name>
        </Code>
        <Code id="SV" urn="urn:sdmx:org.sdmx.infomodel.codelist.Code=ECB:CL_AREA_EE(1.0).SV">
          <Name xml:lang="en" xmlns="http://www.sdmx.org/resources/sdmxml/schemas/v2_1/common">El Salvador</Name>
        </Code>
        <Code id="SY" urn="urn:sdmx:org.sdmx.infomodel.codelist.Code=ECB:CL_AREA_EE(1.0).SY">
          <Name xml:lang="en" xmlns="http://www.sdmx.org/resources/sdmxml/schemas/v2_1/common">Syrian Arab Republic</Name>
        </Code>
        <Code id="SZ" urn="urn:sdmx:org.sdmx.infomodel.codelist.Code=ECB:CL_AREA_EE(1.0).SZ">
          <Name xml:lang="en" xmlns="http://www.sdmx.org/resources/sdmxml/schemas/v2_1/common">Swaziland</Name>
        </Code>
        <Code id="T1" urn="urn:sdmx:org.sdmx.infomodel.codelist.Code=ECB:CL_AREA_EE(1.0).T1">
          <Name xml:lang="en" xmlns="http://www.sdmx.org/resources/sdmxml/schemas/v2_1/common">Euro area 11 (fixed composition) excluding LU</Name>
        </Code>
        <Code id="TC" urn="urn:sdmx:org.sdmx.infomodel.codelist.Code=ECB:CL_AREA_EE(1.0).TC">
          <Name xml:lang="en" xmlns="http://www.sdmx.org/resources/sdmxml/schemas/v2_1/common">Turks and Caicos Islands</Name>
        </Code>
        <Code id="TD" urn="urn:sdmx:org.sdmx.infomodel.codelist.Code=ECB:CL_AREA_EE(1.0).TD">
          <Name xml:lang="en" xmlns="http://www.sdmx.org/resources/sdmxml/schemas/v2_1/common">Chad</Name>
        </Code>
        <Code id="TF" urn="urn:sdmx:org.sdmx.infomodel.codelist.Code=ECB:CL_AREA_EE(1.0).TF">
          <Name xml:lang="en" xmlns="http://www.sdmx.org/resources/sdmxml/schemas/v2_1/common">French Southern Territories</Name>
        </Code>
        <Code id="TG" urn="urn:sdmx:org.sdmx.infomodel.codelist.Code=ECB:CL_AREA_EE(1.0).TG">
          <Name xml:lang="en" xmlns="http://www.sdmx.org/resources/sdmxml/schemas/v2_1/common">Togo</Name>
        </Code>
        <Code id="TH" urn="urn:sdmx:org.sdmx.infomodel.codelist.Code=ECB:CL_AREA_EE(1.0).TH">
          <Name xml:lang="en" xmlns="http://www.sdmx.org/resources/sdmxml/schemas/v2_1/common">Thailand</Name>
        </Code>
        <Code id="TJ" urn="urn:sdmx:org.sdmx.infomodel.codelist.Code=ECB:CL_AREA_EE(1.0).TJ">
          <Name xml:lang="en" xmlns="http://www.sdmx.org/resources/sdmxml/schemas/v2_1/common">Tajikistan</Name>
        </Code>
        <Code id="TK" urn="urn:sdmx:org.sdmx.infomodel.codelist.Code=ECB:CL_AREA_EE(1.0).TK">
          <Name xml:lang="en" xmlns="http://www.sdmx.org/resources/sdmxml/schemas/v2_1/common">Tokelau</Name>
        </Code>
        <Code id="TL" urn="urn:sdmx:org.sdmx.infomodel.codelist.Code=ECB:CL_AREA_EE(1.0).TL">
          <Name xml:lang="en" xmlns="http://www.sdmx.org/resources/sdmxml/schemas/v2_1/common">Timor-Leste</Name>
        </Code>
        <Code id="TM" urn="urn:sdmx:org.sdmx.infomodel.codelist.Code=ECB:CL_AREA_EE(1.0).TM">
          <Name xml:lang="en" xmlns="http://www.sdmx.org/resources/sdmxml/schemas/v2_1/common">Turkmenistan</Name>
        </Code>
        <Code id="TN" urn="urn:sdmx:org.sdmx.infomodel.codelist.Code=ECB:CL_AREA_EE(1.0).TN">
          <Name xml:lang="en" xmlns="http://www.sdmx.org/resources/sdmxml/schemas/v2_1/common">Tunisia</Name>
        </Code>
        <Code id="TO" urn="urn:sdmx:org.sdmx.infomodel.codelist.Code=ECB:CL_AREA_EE(1.0).TO">
          <Name xml:lang="en" xmlns="http://www.sdmx.org/resources/sdmxml/schemas/v2_1/common">Tonga</Name>
        </Code>
        <Code id="TR" urn="urn:sdmx:org.sdmx.infomodel.codelist.Code=ECB:CL_AREA_EE(1.0).TR">
          <Name xml:lang="en" xmlns="http://www.sdmx.org/resources/sdmxml/schemas/v2_1/common">Turkey</Name>
        </Code>
        <Code id="TT" urn="urn:sdmx:org.sdmx.infomodel.codelist.Code=ECB:CL_AREA_EE(1.0).TT">
          <Name xml:lang="en" xmlns="http://www.sdmx.org/resources/sdmxml/schemas/v2_1/common">Trinidad and Tobago</Name>
        </Code>
        <Code id="TV" urn="urn:sdmx:org.sdmx.infomodel.codelist.Code=ECB:CL_AREA_EE(1.0).TV">
          <Name xml:lang="en" xmlns="http://www.sdmx.org/resources/sdmxml/schemas/v2_1/common">Tuvalu</Name>
        </Code>
        <Code id="TW" urn="urn:sdmx:org.sdmx.infomodel.codelist.Code=ECB:CL_AREA_EE(1.0).TW">
          <Name xml:lang="en" xmlns="http://www.sdmx.org/resources/sdmxml/schemas/v2_1/common">Taiwan, Province of China</Name>
        </Code>
        <Code id="TZ" urn="urn:sdmx:org.sdmx.infomodel.codelist.Code=ECB:CL_AREA_EE(1.0).TZ">
          <Name xml:lang="en" xmlns="http://www.sdmx.org/resources/sdmxml/schemas/v2_1/common">Tanzania, United Republic of</Name>
        </Code>
        <Code id="U0" urn="urn:sdmx:org.sdmx.infomodel.codelist.Code=ECB:CL_AREA_EE(1.0).U0">
          <Name xml:lang="en" xmlns="http://www.sdmx.org/resources/sdmxml/schemas/v2_1/common">EU excluding the euro area and reference area</Name>
        </Code>
        <Code id="U2" urn="urn:sdmx:org.sdmx.infomodel.codelist.Code=ECB:CL_AREA_EE(1.0).U2">
          <Name xml:lang="en" xmlns="http://www.sdmx.org/resources/sdmxml/schemas/v2_1/common">Euro area (changing composition)</Name>
        </Code>
        <Code id="U3" urn="urn:sdmx:org.sdmx.infomodel.codelist.Code=ECB:CL_AREA_EE(1.0).U3">
          <Name xml:lang="en" xmlns="http://www.sdmx.org/resources/sdmxml/schemas/v2_1/common">EU member states not belonging to the Euro area</Name>
        </Code>
        <Code id="U4" urn="urn:sdmx:org.sdmx.infomodel.codelist.Code=ECB:CL_AREA_EE(1.0).U4">
          <Name xml:lang="en" xmlns="http://www.sdmx.org/resources/sdmxml/schemas/v2_1/common">Extra Euro area</Name>
        </Code>
        <Code id="U5" urn="urn:sdmx:org.sdmx.infomodel.codelist.Code=ECB:CL_AREA_EE(1.0).U5">
          <Name xml:lang="en" xmlns="http://www.sdmx.org/resources/sdmxml/schemas/v2_1/common">Other Euro area member states (all countries except the reference area )</Name>
        </Code>
        <Code id="U6" urn="urn:sdmx:org.sdmx.infomodel.codelist.Code=ECB:CL_AREA_EE(1.0).U6">
          <Name xml:lang="en" xmlns="http://www.sdmx.org/resources/sdmxml/schemas/v2_1/common">Domestic (home or reference area)</Name>
        </Code>
        <Code id="U7" urn="urn:sdmx:org.sdmx.infomodel.codelist.Code=ECB:CL_AREA_EE(1.0).U7">
          <Name xml:lang="en" xmlns="http://www.sdmx.org/resources/sdmxml/schemas/v2_1/common">Euro area and the reference area</Name>
        </Code>
        <Code id="U8" urn="urn:sdmx:org.sdmx.infomodel.codelist.Code=ECB:CL_AREA_EE(1.0).U8">
          <Name xml:lang="en" xmlns="http://www.sdmx.org/resources/sdmxml/schemas/v2_1/common">All areas other than Euro area and ref./home area</Name>
        </Code>
        <Code id="U9" urn="urn:sdmx:org.sdmx.infomodel.codelist.Code=ECB:CL_AREA_EE(1.0).U9">
          <Name xml:lang="en" xmlns="http://www.sdmx.org/resources/sdmxml/schemas/v2_1/common">All areas other than EU and ref./home area</Name>
        </Code>
        <Code id="UA" urn="urn:sdmx:org.sdmx.infomodel.codelist.Code=ECB:CL_AREA_EE(1.0).UA">
          <Name xml:lang="en" xmlns="http://www.sdmx.org/resources/sdmxml/schemas/v2_1/common">Ukraine</Name>
        </Code>
        <Code id="UG" urn="urn:sdmx:org.sdmx.infomodel.codelist.Code=ECB:CL_AREA_EE(1.0).UG">
          <Name xml:lang="en" xmlns="http://www.sdmx.org/resources/sdmxml/schemas/v2_1/common">Uganda</Name>
        </Code>
        <Code id="UM" urn="urn:sdmx:org.sdmx.infomodel.codelist.Code=ECB:CL_AREA_EE(1.0).UM">
          <Name xml:lang="en" xmlns="http://www.sdmx.org/resources/sdmxml/schemas/v2_1/common">United States Minor outlying islands</Name>
        </Code>
        <Code id="US" urn="urn:sdmx:org.sdmx.infomodel.codelist.Code=ECB:CL_AREA_EE(1.0).US">
          <Name xml:lang="en" xmlns="http://www.sdmx.org/resources/sdmxml/schemas/v2_1/common">United States</Name>
        </Code>
        <Code id="UY" urn="urn:sdmx:org.sdmx.infomodel.codelist.Code=ECB:CL_AREA_EE(1.0).UY">
          <Name xml:lang="en" xmlns="http://www.sdmx.org/resources/sdmxml/schemas/v2_1/common">Uruguay</Name>
        </Code>
        <Code id="UZ" urn="urn:sdmx:org.sdmx.infomodel.codelist.Code=ECB:CL_AREA_EE(1.0).UZ">
          <Name xml:lang="en" xmlns="http://www.sdmx.org/resources/sdmxml/schemas/v2_1/common">Uzbekistan</Name>
        </Code>
        <Code id="V1" urn="urn:sdmx:org.sdmx.infomodel.codelist.Code=ECB:CL_AREA_EE(1.0).V1">
          <Name xml:lang="en" xmlns="http://www.sdmx.org/resources/sdmxml/schemas/v2_1/common">EU 27 (fixed composition)</Name>
        </Code>
        <Code id="V2" urn="urn:sdmx:org.sdmx.infomodel.codelist.Code=ECB:CL_AREA_EE(1.0).V2">
          <Name xml:lang="en" xmlns="http://www.sdmx.org/resources/sdmxml/schemas/v2_1/common">Extra-EU 27 (fixed composition)</Name>
        </Code>
        <Code id="VA" urn="urn:sdmx:org.sdmx.infomodel.codelist.Code=ECB:CL_AREA_EE(1.0).VA">
          <Name xml:lang="en" xmlns="http://www.sdmx.org/resources/sdmxml/schemas/v2_1/common">Holy See (Vatican City State)</Name>
        </Code>
        <Code id="VC" urn="urn:sdmx:org.sdmx.infomodel.codelist.Code=ECB:CL_AREA_EE(1.0).VC">
          <Name xml:lang="en" xmlns="http://www.sdmx.org/resources/sdmxml/schemas/v2_1/common">Saint Vincent and the Grenadines</Name>
        </Code>
        <Code id="VE" urn="urn:sdmx:org.sdmx.infomodel.codelist.Code=ECB:CL_AREA_EE(1.0).VE">
          <Name xml:lang="en" xmlns="http://www.sdmx.org/resources/sdmxml/schemas/v2_1/common">Venezuela</Name>
        </Code>
        <Code id="VG" urn="urn:sdmx:org.sdmx.infomodel.codelist.Code=ECB:CL_AREA_EE(1.0).VG">
          <Name xml:lang="en" xmlns="http://www.sdmx.org/resources/sdmxml/schemas/v2_1/common">Virgin Islands, British</Name>
        </Code>
        <Code id="VI" urn="urn:sdmx:org.sdmx.infomodel.codelist.Code=ECB:CL_AREA_EE(1.0).VI">
          <Name xml:lang="en" xmlns="http://www.sdmx.org/resources/sdmxml/schemas/v2_1/common">Virgin Islands, U.S.</Name>
        </Code>
        <Code id="VN" urn="urn:sdmx:org.sdmx.infomodel.codelist.Code=ECB:CL_AREA_EE(1.0).VN">
          <Name xml:lang="en" xmlns="http://www.sdmx.org/resources/sdmxml/schemas/v2_1/common">Viet Nam</Name>
        </Code>
        <Code id="VU" urn="urn:sdmx:org.sdmx.infomodel.codelist.Code=ECB:CL_AREA_EE(1.0).VU">
          <Name xml:lang="en" xmlns="http://www.sdmx.org/resources/sdmxml/schemas/v2_1/common">Vanuatu</Name>
        </Code>
        <Code id="W0" urn="urn:sdmx:org.sdmx.infomodel.codelist.Code=ECB:CL_AREA_EE(1.0).W0">
          <Name xml:lang="en" xmlns="http://www.sdmx.org/resources/sdmxml/schemas/v2_1/common">Intra-EU (changing composition) not allocated</Name>
        </Code>
        <Code id="W1" urn="urn:sdmx:org.sdmx.infomodel.codelist.Code=ECB:CL_AREA_EE(1.0).W1">
          <Name xml:lang="en" xmlns="http://www.sdmx.org/resources/sdmxml/schemas/v2_1/common">Gaza and Jericho</Name>
        </Code>
        <Code id="W2" urn="urn:sdmx:org.sdmx.infomodel.codelist.Code=ECB:CL_AREA_EE(1.0).W2">
          <Name xml:lang="en" xmlns="http://www.sdmx.org/resources/sdmxml/schemas/v2_1/common">Intra-Euro area not allocated</Name>
        </Code>
        <Code id="W4" urn="urn:sdmx:org.sdmx.infomodel.codelist.Code=ECB:CL_AREA_EE(1.0).W4">
          <Name xml:lang="en" xmlns="http://www.sdmx.org/resources/sdmxml/schemas/v2_1/common">Extra-Euro area not allocated</Name>
        </Code>
        <Code id="W5" urn="urn:sdmx:org.sdmx.infomodel.codelist.Code=ECB:CL_AREA_EE(1.0).W5">
          <Name xml:lang="en" xmlns="http://www.sdmx.org/resources/sdmxml/schemas/v2_1/common">Extra-EU 25 (fixed composition) not allocated</Name>
        </Code>
        <Code id="W6" urn="urn:sdmx:org.sdmx.infomodel.codelist.Code=ECB:CL_AREA_EE(1.0).W6">
          <Name xml:lang="en" xmlns="http://www.sdmx.org/resources/sdmxml/schemas/v2_1/common">Residual for BOP &amp; IIP step 3 ECB needs (J2-DK-GB-SE-4A-D8-CH-CA-US-JP -C4-7Z)</Name>
        </Code>
        <Code id="W7" urn="urn:sdmx:org.sdmx.infomodel.codelist.Code=ECB:CL_AREA_EE(1.0).W7">
          <Name xml:lang="en" xmlns="http://www.sdmx.org/resources/sdmxml/schemas/v2_1/common">Intra-EU 25 (fixed composition) not allocated</Name>
        </Code>
        <Code id="W8" urn="urn:sdmx:org.sdmx.infomodel.codelist.Code=ECB:CL_AREA_EE(1.0).W8">
          <Name xml:lang="en" xmlns="http://www.sdmx.org/resources/sdmxml/schemas/v2_1/common">Intra-EU 27 (fixed composition) not allocated</Name>
        </Code>
        <Code id="W9" urn="urn:sdmx:org.sdmx.infomodel.codelist.Code=ECB:CL_AREA_EE(1.0).W9">
          <Name xml:lang="en" xmlns="http://www.sdmx.org/resources/sdmxml/schemas/v2_1/common">Extra-EU 27 (fixed composition) not allocated</Name>
        </Code>
        <Code id="WF" urn="urn:sdmx:org.sdmx.infomodel.codelist.Code=ECB:CL_AREA_EE(1.0).WF">
          <Name xml:lang="en" xmlns="http://www.sdmx.org/resources/sdmxml/schemas/v2_1/common">Wallis and Futuna</Name>
        </Code>
        <Code id="WS" urn="urn:sdmx:org.sdmx.infomodel.codelist.Code=ECB:CL_AREA_EE(1.0).WS">
          <Name xml:lang="en" xmlns="http://www.sdmx.org/resources/sdmxml/schemas/v2_1/common">Samoa</Name>
        </Code>
        <Code id="X0" urn="urn:sdmx:org.sdmx.infomodel.codelist.Code=ECB:CL_AREA_EE(1.0).X0">
          <Name xml:lang="en" xmlns="http://www.sdmx.org/resources/sdmxml/schemas/v2_1/common">Not applicable</Name>
        </Code>
        <Code id="YE" urn="urn:sdmx:org.sdmx.infomodel.codelist.Code=ECB:CL_AREA_EE(1.0).YE">
          <Name xml:lang="en" xmlns="http://www.sdmx.org/resources/sdmxml/schemas/v2_1/common">Yemen</Name>
        </Code>
        <Code id="YT" urn="urn:sdmx:org.sdmx.infomodel.codelist.Code=ECB:CL_AREA_EE(1.0).YT">
          <Name xml:lang="en" xmlns="http://www.sdmx.org/resources/sdmxml/schemas/v2_1/common">Mayotte</Name>
        </Code>
        <Code id="YU" urn="urn:sdmx:org.sdmx.infomodel.codelist.Code=ECB:CL_AREA_EE(1.0).YU">
          <Name xml:lang="en" xmlns="http://www.sdmx.org/resources/sdmxml/schemas/v2_1/common">Yugoslavia</Name>
        </Code>
        <Code id="Z0" urn="urn:sdmx:org.sdmx.infomodel.codelist.Code=ECB:CL_AREA_EE(1.0).Z0">
          <Name xml:lang="en" xmlns="http://www.sdmx.org/resources/sdmxml/schemas/v2_1/common">World not allocated (EU 12)</Name>
        </Code>
        <Code id="Z1" urn="urn:sdmx:org.sdmx.infomodel.codelist.Code=ECB:CL_AREA_EE(1.0).Z1">
          <Name xml:lang="en" xmlns="http://www.sdmx.org/resources/sdmxml/schemas/v2_1/common">World not allocated (EU 15)</Name>
        </Code>
        <Code id="Z2" urn="urn:sdmx:org.sdmx.infomodel.codelist.Code=ECB:CL_AREA_EE(1.0).Z2">
          <Name xml:lang="en" xmlns="http://www.sdmx.org/resources/sdmxml/schemas/v2_1/common">Intra-EU 12 (fixed composition) not allocated</Name>
        </Code>
        <Code id="Z3" urn="urn:sdmx:org.sdmx.infomodel.codelist.Code=ECB:CL_AREA_EE(1.0).Z3">
          <Name xml:lang="en" xmlns="http://www.sdmx.org/resources/sdmxml/schemas/v2_1/common">World not allocated (Euro area)</Name>
        </Code>
        <Code id="Z4" urn="urn:sdmx:org.sdmx.infomodel.codelist.Code=ECB:CL_AREA_EE(1.0).Z4">
          <Name xml:lang="en" xmlns="http://www.sdmx.org/resources/sdmxml/schemas/v2_1/common">Extra-EU 12 (fixed composition) not allocated</Name>
        </Code>
        <Code id="Z5" urn="urn:sdmx:org.sdmx.infomodel.codelist.Code=ECB:CL_AREA_EE(1.0).Z5">
          <Name xml:lang="en" xmlns="http://www.sdmx.org/resources/sdmxml/schemas/v2_1/common">World not allocated (geographically)</Name>
        </Code>
        <Code id="Z6" urn="urn:sdmx:org.sdmx.infomodel.codelist.Code=ECB:CL_AREA_EE(1.0).Z6">
          <Name xml:lang="en" xmlns="http://www.sdmx.org/resources/sdmxml/schemas/v2_1/common">Intra-EU 15 (fixed composition) not allocated</Name>
        </Code>
        <Code id="Z7" urn="urn:sdmx:org.sdmx.infomodel.codelist.Code=ECB:CL_AREA_EE(1.0).Z7">
          <Name xml:lang="en" xmlns="http://www.sdmx.org/resources/sdmxml/schemas/v2_1/common">Equally-shared control of UCIs (ultimate controlling institutional uni ts of a foreign affiliate) of more than one EU member state</Name>
        </Code>
        <Code id="Z8" urn="urn:sdmx:org.sdmx.infomodel.codelist.Code=ECB:CL_AREA_EE(1.0).Z8">
          <Name xml:lang="en" xmlns="http://www.sdmx.org/resources/sdmxml/schemas/v2_1/common">Extra-EU 15 (fixed composition) not allocated</Name>
        </Code>
        <Code id="Z9" urn="urn:sdmx:org.sdmx.infomodel.codelist.Code=ECB:CL_AREA_EE(1.0).Z9">
          <Name xml:lang="en" xmlns="http://www.sdmx.org/resources/sdmxml/schemas/v2_1/common">Rest of the World</Name>
        </Code>
        <Code id="ZA" urn="urn:sdmx:org.sdmx.infomodel.codelist.Code=ECB:CL_AREA_EE(1.0).ZA">
          <Name xml:lang="en" xmlns="http://www.sdmx.org/resources/sdmxml/schemas/v2_1/common">South Africa</Name>
        </Code>
        <Code id="ZM" urn="urn:sdmx:org.sdmx.infomodel.codelist.Code=ECB:CL_AREA_EE(1.0).ZM">
          <Name xml:lang="en" xmlns="http://www.sdmx.org/resources/sdmxml/schemas/v2_1/common">Zambia</Name>
        </Code>
        <Code id="ZW" urn="urn:sdmx:org.sdmx.infomodel.codelist.Code=ECB:CL_AREA_EE(1.0).ZW">
          <Name xml:lang="en" xmlns="http://www.sdmx.org/resources/sdmxml/schemas/v2_1/common">Zimbabwe</Name>
        </Code>
      </Codelist>
      <Codelist id="CL_COLLECTION" urn="urn:sdmx:org.sdmx.infomodel.codelist.Codelist=ECB:CL_COLLECTION(1.0)" agencyID="ECB" version="1.0" isFinal="true">
        <Name xml:lang="en" xmlns="http://www.sdmx.org/resources/sdmxml/schemas/v2_1/common">Collection indicator code list</Name>
        <Code id="A" urn="urn:sdmx:org.sdmx.infomodel.codelist.Code=ECB:CL_COLLECTION(1.0).A">
          <Name xml:lang="en" xmlns="http://www.sdmx.org/resources/sdmxml/schemas/v2_1/common">Average of observations through period</Name>
        </Code>
        <Code id="B" urn="urn:sdmx:org.sdmx.infomodel.codelist.Code=ECB:CL_COLLECTION(1.0).B">
          <Name xml:lang="en" xmlns="http://www.sdmx.org/resources/sdmxml/schemas/v2_1/common">Beginning of period</Name>
        </Code>
        <Code id="E" urn="urn:sdmx:org.sdmx.infomodel.codelist.Code=ECB:CL_COLLECTION(1.0).E">
          <Name xml:lang="en" xmlns="http://www.sdmx.org/resources/sdmxml/schemas/v2_1/common">End of period</Name>
        </Code>
        <Code id="H" urn="urn:sdmx:org.sdmx.infomodel.codelist.Code=ECB:CL_COLLECTION(1.0).H">
          <Name xml:lang="en" xmlns="http://www.sdmx.org/resources/sdmxml/schemas/v2_1/common">Highest in period</Name>
        </Code>
        <Code id="L" urn="urn:sdmx:org.sdmx.infomodel.codelist.Code=ECB:CL_COLLECTION(1.0).L">
          <Name xml:lang="en" xmlns="http://www.sdmx.org/resources/sdmxml/schemas/v2_1/common">Lowest in period</Name>
        </Code>
        <Code id="M" urn="urn:sdmx:org.sdmx.infomodel.codelist.Code=ECB:CL_COLLECTION(1.0).M">
          <Name xml:lang="en" xmlns="http://www.sdmx.org/resources/sdmxml/schemas/v2_1/common">Middle of period</Name>
        </Code>
        <Code id="S" urn="urn:sdmx:org.sdmx.infomodel.codelist.Code=ECB:CL_COLLECTION(1.0).S">
          <Name xml:lang="en" xmlns="http://www.sdmx.org/resources/sdmxml/schemas/v2_1/common">Summed through period</Name>
        </Code>
        <Code id="U" urn="urn:sdmx:org.sdmx.infomodel.codelist.Code=ECB:CL_COLLECTION(1.0).U">
          <Name xml:lang="en" xmlns="http://www.sdmx.org/resources/sdmxml/schemas/v2_1/common">Unknown</Name>
        </Code>
        <Code id="V" urn="urn:sdmx:org.sdmx.infomodel.codelist.Code=ECB:CL_COLLECTION(1.0).V">
          <Name xml:lang="en" xmlns="http://www.sdmx.org/resources/sdmxml/schemas/v2_1/common">Other</Name>
        </Code>
        <Code id="Y" urn="urn:sdmx:org.sdmx.infomodel.codelist.Code=ECB:CL_COLLECTION(1.0).Y">
          <Name xml:lang="en" xmlns="http://www.sdmx.org/resources/sdmxml/schemas/v2_1/common">Annualised summed</Name>
        </Code>
      </Codelist>
      <Codelist id="CL_DECIMALS" urn="urn:sdmx:org.sdmx.infomodel.codelist.Codelist=ECB:CL_DECIMALS(1.0)" agencyID="ECB" version="1.0" isFinal="true">
        <Name xml:lang="en" xmlns="http://www.sdmx.org/resources/sdmxml/schemas/v2_1/common">Decimals codelist</Name>
        <Code id="0" urn="urn:sdmx:org.sdmx.infomodel.codelist.Code=ECB:CL_DECIMALS(1.0).0">
          <Name xml:lang="en" xmlns="http://www.sdmx.org/resources/sdmxml/schemas/v2_1/common">Zero</Name>
        </Code>
        <Code id="1" urn="urn:sdmx:org.sdmx.infomodel.codelist.Code=ECB:CL_DECIMALS(1.0).1">
          <Name xml:lang="en" xmlns="http://www.sdmx.org/resources/sdmxml/schemas/v2_1/common">One</Name>
        </Code>
        <Code id="2" urn="urn:sdmx:org.sdmx.infomodel.codelist.Code=ECB:CL_DECIMALS(1.0).2">
          <Name xml:lang="en" xmlns="http://www.sdmx.org/resources/sdmxml/schemas/v2_1/common">Two</Name>
        </Code>
        <Code id="3" urn="urn:sdmx:org.sdmx.infomodel.codelist.Code=ECB:CL_DECIMALS(1.0).3">
          <Name xml:lang="en" xmlns="http://www.sdmx.org/resources/sdmxml/schemas/v2_1/common">Three</Name>
        </Code>
        <Code id="4" urn="urn:sdmx:org.sdmx.infomodel.codelist.Code=ECB:CL_DECIMALS(1.0).4">
          <Name xml:lang="en" xmlns="http://www.sdmx.org/resources/sdmxml/schemas/v2_1/common">Four</Name>
        </Code>
        <Code id="5" urn="urn:sdmx:org.sdmx.infomodel.codelist.Code=ECB:CL_DECIMALS(1.0).5">
          <Name xml:lang="en" xmlns="http://www.sdmx.org/resources/sdmxml/schemas/v2_1/common">Five</Name>
        </Code>
        <Code id="6" urn="urn:sdmx:org.sdmx.infomodel.codelist.Code=ECB:CL_DECIMALS(1.0).6">
          <Name xml:lang="en" xmlns="http://www.sdmx.org/resources/sdmxml/schemas/v2_1/common">Six</Name>
        </Code>
        <Code id="7" urn="urn:sdmx:org.sdmx.infomodel.codelist.Code=ECB:CL_DECIMALS(1.0).7">
          <Name xml:lang="en" xmlns="http://www.sdmx.org/resources/sdmxml/schemas/v2_1/common">Seven</Name>
        </Code>
      </Codelist>
      <Codelist id="CL_FREQ" urn="urn:sdmx:org.sdmx.infomodel.codelist.Codelist=ECB:CL_FREQ(1.0)" agencyID="ECB" version="1.0" isFinal="true">
        <Name xml:lang="en" xmlns="http://www.sdmx.org/resources/sdmxml/schemas/v2_1/common">Frequency code list</Name>
        <Code id="A" urn="urn:sdmx:org.sdmx.infomodel.codelist.Code=ECB:CL_FREQ(1.0).A">
          <Name xml:lang="en" xmlns="http://www.sdmx.org/resources/sdmxml/schemas/v2_1/common">Annual</Name>
        </Code>
        <Code id="B" urn="urn:sdmx:org.sdmx.infomodel.codelist.Code=ECB:CL_FREQ(1.0).B">
          <Name xml:lang="en" xmlns="http://www.sdmx.org/resources/sdmxml/schemas/v2_1/common">Business (not supported)</Name>
        </Code>
        <Code id="D" urn="urn:sdmx:org.sdmx.infomodel.codelist.Code=ECB:CL_FREQ(1.0).D">
          <Name xml:lang="en" xmlns="http://www.sdmx.org/resources/sdmxml/schemas/v2_1/common">Daily</Name>
        </Code>
        <Code id="E" urn="urn:sdmx:org.sdmx.infomodel.codelist.Code=ECB:CL_FREQ(1.0).E">
          <Name xml:lang="en" xmlns="http://www.sdmx.org/resources/sdmxml/schemas/v2_1/common">Event (not supported)</Name>
        </Code>
        <Code id="H" urn="urn:sdmx:org.sdmx.infomodel.codelist.Code=ECB:CL_FREQ(1.0).H">
          <Name xml:lang="en" xmlns="http://www.sdmx.org/resources/sdmxml/schemas/v2_1/common">Half-yearly</Name>
        </Code>
        <Code id="M" urn="urn:sdmx:org.sdmx.infomodel.codelist.Code=ECB:CL_FREQ(1.0).M">
          <Name xml:lang="en" xmlns="http://www.sdmx.org/resources/sdmxml/schemas/v2_1/common">Monthly</Name>
        </Code>
        <Code id="Q" urn="urn:sdmx:org.sdmx.infomodel.codelist.Code=ECB:CL_FREQ(1.0).Q">
          <Name xml:lang="en" xmlns="http://www.sdmx.org/resources/sdmxml/schemas/v2_1/common">Quarterly</Name>
        </Code>
        <Code id="W" urn="urn:sdmx:org.sdmx.infomodel.codelist.Code=ECB:CL_FREQ(1.0).W">
          <Name xml:lang="en" xmlns="http://www.sdmx.org/resources/sdmxml/schemas/v2_1/common">Weekly</Name>
        </Code>
      </Codelist>
      <Codelist id="CL_OBS_CONF" urn="urn:sdmx:org.sdmx.infomodel.codelist.Codelist=ECB:CL_OBS_CONF(1.0)" agencyID="ECB" version="1.0" isFinal="true">
        <Name xml:lang="en" xmlns="http://www.sdmx.org/resources/sdmxml/schemas/v2_1/common">Observation confidentiality code list</Name>
        <Code id="C" urn="urn:sdmx:org.sdmx.infomodel.codelist.Code=ECB:CL_OBS_CONF(1.0).C">
          <Name xml:lang="en" xmlns="http://www.sdmx.org/resources/sdmxml/schemas/v2_1/common">Non-publishable and confidential</Name>
        </Code>
        <Code id="F" urn="urn:sdmx:org.sdmx.infomodel.codelist.Code=ECB:CL_OBS_CONF(1.0).F">
          <Name xml:lang="en" xmlns="http://www.sdmx.org/resources/sdmxml/schemas/v2_1/common">Free</Name>
        </Code>
        <Code id="N" urn="urn:sdmx:org.sdmx.infomodel.codelist.Code=ECB:CL_OBS_CONF(1.0).N">
          <Name xml:lang="en" xmlns="http://www.sdmx.org/resources/sdmxml/schemas/v2_1/common">Non-publishable, but non-confidential</Name>
        </Code>
        <Code id="R" urn="urn:sdmx:org.sdmx.infomodel.codelist.Code=ECB:CL_OBS_CONF(1.0).R">
          <Name xml:lang="en" xmlns="http://www.sdmx.org/resources/sdmxml/schemas/v2_1/common">Confidential statistical information due to identifiable respondents</Name>
        </Code>
        <Code id="D" urn="urn:sdmx:org.sdmx.infomodel.codelist.Code=ECB:CL_OBS_CONF(1.0).D">
          <Name xml:lang="en" xmlns="http://www.sdmx.org/resources/sdmxml/schemas/v2_1/common">Secondary confidentiality set by the sender, not for publication</Name>
        </Code>
        <Code id="S" urn="urn:sdmx:org.sdmx.infomodel.codelist.Code=ECB:CL_OBS_CONF(1.0).S">
          <Name xml:lang="en" xmlns="http://www.sdmx.org/resources/sdmxml/schemas/v2_1/common">INTERNAL EUROSTAT?: Secondary confidentiality set and managed  by the: receiver, not for publication</Name>
        </Code>
      </Codelist>
      <Codelist id="CL_OBS_STATUS" urn="urn:sdmx:org.sdmx.infomodel.codelist.Codelist=ECB:CL_OBS_STATUS(1.0)" agencyID="ECB" version="1.0" isFinal="true">
        <Name xml:lang="en" xmlns="http://www.sdmx.org/resources/sdmxml/schemas/v2_1/common">Observation status code list</Name>
        <Code id="A" urn="urn:sdmx:org.sdmx.infomodel.codelist.Code=ECB:CL_OBS_STATUS(1.0).A">
          <Name xml:lang="en" xmlns="http://www.sdmx.org/resources/sdmxml/schemas/v2_1/common">Normal value</Name>
        </Code>
        <Code id="B" urn="urn:sdmx:org.sdmx.infomodel.codelist.Code=ECB:CL_OBS_STATUS(1.0).B">
          <Name xml:lang="en" xmlns="http://www.sdmx.org/resources/sdmxml/schemas/v2_1/common">Break</Name>
        </Code>
        <Code id="E" urn="urn:sdmx:org.sdmx.infomodel.codelist.Code=ECB:CL_OBS_STATUS(1.0).E">
          <Name xml:lang="en" xmlns="http://www.sdmx.org/resources/sdmxml/schemas/v2_1/common">Estimated value</Name>
        </Code>
        <Code id="F" urn="urn:sdmx:org.sdmx.infomodel.codelist.Code=ECB:CL_OBS_STATUS(1.0).F">
          <Name xml:lang="en" xmlns="http://www.sdmx.org/resources/sdmxml/schemas/v2_1/common">Forecast value</Name>
        </Code>
        <Code id="H" urn="urn:sdmx:org.sdmx.infomodel.codelist.Code=ECB:CL_OBS_STATUS(1.0).H">
          <Name xml:lang="en" xmlns="http://www.sdmx.org/resources/sdmxml/schemas/v2_1/common">Missing value; holiday or weekend</Name>
        </Code>
        <Code id="L" urn="urn:sdmx:org.sdmx.infomodel.codelist.Code=ECB:CL_OBS_STATUS(1.0).L">
          <Name xml:lang="en" xmlns="http://www.sdmx.org/resources/sdmxml/schemas/v2_1/common">Missing value; data exist but were not collected</Name>
        </Code>
        <Code id="M" urn="urn:sdmx:org.sdmx.infomodel.codelist.Code=ECB:CL_OBS_STATUS(1.0).M">
          <Name xml:lang="en" xmlns="http://www.sdmx.org/resources/sdmxml/schemas/v2_1/common">Missing value; data cannot exist</Name>
        </Code>
        <Code id="P" urn="urn:sdmx:org.sdmx.infomodel.codelist.Code=ECB:CL_OBS_STATUS(1.0).P">
          <Name xml:lang="en" xmlns="http://www.sdmx.org/resources/sdmxml/schemas/v2_1/common">Provisional value</Name>
        </Code>
        <Code id="S" urn="urn:sdmx:org.sdmx.infomodel.codelist.Code=ECB:CL_OBS_STATUS(1.0).S">
          <Name xml:lang="en" xmlns="http://www.sdmx.org/resources/sdmxml/schemas/v2_1/common">Strike</Name>
        </Code>
        <Code id="Q" urn="urn:sdmx:org.sdmx.infomodel.codelist.Code=ECB:CL_OBS_STATUS(1.0).Q">
          <Name xml:lang="en" xmlns="http://www.sdmx.org/resources/sdmxml/schemas/v2_1/common">Missing value; suppressed</Name>
        </Code>
      </Codelist>
      <Codelist id="CL_ORGANISATION" urn="urn:sdmx:org.sdmx.infomodel.codelist.Codelist=ECB:CL_ORGANISATION(1.0)" agencyID="ECB" version="1.0" isFinal="true">
        <Name xml:lang="en" xmlns="http://www.sdmx.org/resources/sdmxml/schemas/v2_1/common">Organisation code list</Name>
        <Code id="1A0" urn="urn:sdmx:org.sdmx.infomodel.codelist.Code=ECB:CL_ORGANISATION(1.0).1A0">
          <Name xml:lang="en" xmlns="http://www.sdmx.org/resources/sdmxml/schemas/v2_1/common">International organisations</Name>
        </Code>
        <Code id="1B0" urn="urn:sdmx:org.sdmx.infomodel.codelist.Code=ECB:CL_ORGANISATION(1.0).1B0">
          <Name xml:lang="en" xmlns="http://www.sdmx.org/resources/sdmxml/schemas/v2_1/common">UN organisations</Name>
        </Code>
        <Code id="1C0" urn="urn:sdmx:org.sdmx.infomodel.codelist.Code=ECB:CL_ORGANISATION(1.0).1C0">
          <Name xml:lang="en" xmlns="http://www.sdmx.org/resources/sdmxml/schemas/v2_1/common">International Monetary Fund</Name>
        </Code>
        <Code id="1D0" urn="urn:sdmx:org.sdmx.infomodel.codelist.Code=ECB:CL_ORGANISATION(1.0).1D0">
          <Name xml:lang="en" xmlns="http://www.sdmx.org/resources/sdmxml/schemas/v2_1/common">World Trade Organisation</Name>
        </Code>
        <Code id="1E0" urn="urn:sdmx:org.sdmx.infomodel.codelist.Code=ECB:CL_ORGANISATION(1.0).1E0">
          <Name xml:lang="en" xmlns="http://www.sdmx.org/resources/sdmxml/schemas/v2_1/common">International Bank for Reconstruction and Development</Name>
        </Code>
        <Code id="1F0" urn="urn:sdmx:org.sdmx.infomodel.codelist.Code=ECB:CL_ORGANISATION(1.0).1F0">
          <Name xml:lang="en" xmlns="http://www.sdmx.org/resources/sdmxml/schemas/v2_1/common">International Development Association</Name>
        </Code>
        <Code id="1G0" urn="urn:sdmx:org.sdmx.infomodel.codelist.Code=ECB:CL_ORGANISATION(1.0).1G0">
          <Name xml:lang="en" xmlns="http://www.sdmx.org/resources/sdmxml/schemas/v2_1/common">Other UN Organisations (includes 1H, 1J-1T)</Name>
        </Code>
        <Code id="1H0" urn="urn:sdmx:org.sdmx.infomodel.codelist.Code=ECB:CL_ORGANISATION(1.0).1H0">
          <Name xml:lang="en" xmlns="http://www.sdmx.org/resources/sdmxml/schemas/v2_1/common">UNESCO (United Nations Educational, Scientific and Cultural Organisati on)</Name>
        </Code>
        <Code id="1J0" urn="urn:sdmx:org.sdmx.infomodel.codelist.Code=ECB:CL_ORGANISATION(1.0).1J0">
          <Name xml:lang="en" xmlns="http://www.sdmx.org/resources/sdmxml/schemas/v2_1/common">FAO (Food and Agriculture Organisation)</Name>
        </Code>
        <Code id="1K0" urn="urn:sdmx:org.sdmx.infomodel.codelist.Code=ECB:CL_ORGANISATION(1.0).1K0">
          <Name xml:lang="en" xmlns="http://www.sdmx.org/resources/sdmxml/schemas/v2_1/common">WHO (World Health Organisation)</Name>
        </Code>
        <Code id="1L0" urn="urn:sdmx:org.sdmx.infomodel.codelist.Code=ECB:CL_ORGANISATION(1.0).1L0">
          <Name xml:lang="en" xmlns="http://www.sdmx.org/resources/sdmxml/schemas/v2_1/common">IFAD (International Fund for Agricultural Development)</Name>
        </Code>
        <Code id="1M0" urn="urn:sdmx:org.sdmx.infomodel.codelist.Code=ECB:CL_ORGANISATION(1.0).1M0">
          <Name xml:lang="en" xmlns="http://www.sdmx.org/resources/sdmxml/schemas/v2_1/common">IFC (International Finance Corporation)</Name>
        </Code>
        <Code id="1N0" urn="urn:sdmx:org.sdmx.infomodel.codelist.Code=ECB:CL_ORGANISATION(1.0).1N0">
          <Name xml:lang="en" xmlns="http://www.sdmx.org/resources/sdmxml/schemas/v2_1/common">MIGA (Multilateral Investment Guarantee Agency)</Name>
        </Code>
        <Code id="1O0" urn="urn:sdmx:org.sdmx.infomodel.codelist.Code=ECB:CL_ORGANISATION(1.0).1O0">
          <Name xml:lang="en" xmlns="http://www.sdmx.org/resources/sdmxml/schemas/v2_1/common">UNICEF (United Nations Children Fund)</Name>
        </Code>
        <Code id="1P0" urn="urn:sdmx:org.sdmx.infomodel.codelist.Code=ECB:CL_ORGANISATION(1.0).1P0">
          <Name xml:lang="en" xmlns="http://www.sdmx.org/resources/sdmxml/schemas/v2_1/common">UNHCR (United Nations High Commissioner for Refugees)</Name>
        </Code>
        <Code id="1Q0" urn="urn:sdmx:org.sdmx.infomodel.codelist.Code=ECB:CL_ORGANISATION(1.0).1Q0">
          <Name xml:lang="en" xmlns="http://www.sdmx.org/resources/sdmxml/schemas/v2_1/common">UNRWA (United Nations Relief and Works Agency for Palestine)</Name>
        </Code>
        <Code id="1R0" urn="urn:sdmx:org.sdmx.infomodel.codelist.Code=ECB:CL_ORGANISATION(1.0).1R0">
          <Name xml:lang="en" xmlns="http://www.sdmx.org/resources/sdmxml/schemas/v2_1/common">IAEA (International Atomic Energy Agency)</Name>
        </Code>
        <Code id="1S0" urn="urn:sdmx:org.sdmx.infomodel.codelist.Code=ECB:CL_ORGANISATION(1.0).1S0">
          <Name xml:lang="en" xmlns="http://www.sdmx.org/resources/sdmxml/schemas/v2_1/common">ILO (International Labour Organisation)</Name>
        </Code>
        <Code id="1T0" urn="urn:sdmx:org.sdmx.infomodel.codelist.Code=ECB:CL_ORGANISATION(1.0).1T0">
          <Name xml:lang="en" xmlns="http://www.sdmx.org/resources/sdmxml/schemas/v2_1/common">ITU (International Telecommunication Union)</Name>
        </Code>
        <Code id="1Z0" urn="urn:sdmx:org.sdmx.infomodel.codelist.Code=ECB:CL_ORGANISATION(1.0).1Z0">
          <Name xml:lang="en" xmlns="http://www.sdmx.org/resources/sdmxml/schemas/v2_1/common">Rest of UN Organisations n.i.e.</Name>
        </Code>
        <Code id="4A0" urn="urn:sdmx:org.sdmx.infomodel.codelist.Code=ECB:CL_ORGANISATION(1.0).4A0">
          <Name xml:lang="en" xmlns="http://www.sdmx.org/resources/sdmxml/schemas/v2_1/common">European Community Institutions, Organs and Organisms</Name>
        </Code>
        <Code id="4C0" urn="urn:sdmx:org.sdmx.infomodel.codelist.Code=ECB:CL_ORGANISATION(1.0).4C0">
          <Name xml:lang="en" xmlns="http://www.sdmx.org/resources/sdmxml/schemas/v2_1/common">European Investment Bank</Name>
        </Code>
        <Code id="4D0" urn="urn:sdmx:org.sdmx.infomodel.codelist.Code=ECB:CL_ORGANISATION(1.0).4D0">
          <Name xml:lang="en" xmlns="http://www.sdmx.org/resources/sdmxml/schemas/v2_1/common">European Commission (including Eurostat)</Name>
        </Code>
        <Code id="4E0" urn="urn:sdmx:org.sdmx.infomodel.codelist.Code=ECB:CL_ORGANISATION(1.0).4E0">
          <Name xml:lang="en" xmlns="http://www.sdmx.org/resources/sdmxml/schemas/v2_1/common">European Development Fund</Name>
        </Code>
        <Code id="4F0" urn="urn:sdmx:org.sdmx.infomodel.codelist.Code=ECB:CL_ORGANISATION(1.0).4F0">
          <Name xml:lang="en" xmlns="http://www.sdmx.org/resources/sdmxml/schemas/v2_1/common">European Central Bank (ECB)</Name>
        </Code>
        <Code id="4G0" urn="urn:sdmx:org.sdmx.infomodel.codelist.Code=ECB:CL_ORGANISATION(1.0).4G0">
          <Name xml:lang="en" xmlns="http://www.sdmx.org/resources/sdmxml/schemas/v2_1/common">EIF (European Investment Fund)</Name>
        </Code>
        <Code id="4H0" urn="urn:sdmx:org.sdmx.infomodel.codelist.Code=ECB:CL_ORGANISATION(1.0).4H0">
          <Name xml:lang="en" xmlns="http://www.sdmx.org/resources/sdmxml/schemas/v2_1/common">European Community of Steel and Coal</Name>
        </Code>
        <Code id="4J0" urn="urn:sdmx:org.sdmx.infomodel.codelist.Code=ECB:CL_ORGANISATION(1.0).4J0">
          <Name xml:lang="en" xmlns="http://www.sdmx.org/resources/sdmxml/schemas/v2_1/common">Other EC Institutions, Organs and Organisms covered by General budget</Name>
        </Code>
        <Code id="4K0" urn="urn:sdmx:org.sdmx.infomodel.codelist.Code=ECB:CL_ORGANISATION(1.0).4K0">
          <Name xml:lang="en" xmlns="http://www.sdmx.org/resources/sdmxml/schemas/v2_1/common">European Parliament</Name>
        </Code>
        <Code id="4L0" urn="urn:sdmx:org.sdmx.infomodel.codelist.Code=ECB:CL_ORGANISATION(1.0).4L0">
          <Name xml:lang="en" xmlns="http://www.sdmx.org/resources/sdmxml/schemas/v2_1/common">European Council</Name>
        </Code>
        <Code id="4M0" urn="urn:sdmx:org.sdmx.infomodel.codelist.Code=ECB:CL_ORGANISATION(1.0).4M0">
          <Name xml:lang="en" xmlns="http://www.sdmx.org/resources/sdmxml/schemas/v2_1/common">Court of Justice</Name>
        </Code>
        <Code id="4N0" urn="urn:sdmx:org.sdmx.infomodel.codelist.Code=ECB:CL_ORGANISATION(1.0).4N0">
          <Name xml:lang="en" xmlns="http://www.sdmx.org/resources/sdmxml/schemas/v2_1/common">Court of Auditors</Name>
        </Code>
        <Code id="4P0" urn="urn:sdmx:org.sdmx.infomodel.codelist.Code=ECB:CL_ORGANISATION(1.0).4P0">
          <Name xml:lang="en" xmlns="http://www.sdmx.org/resources/sdmxml/schemas/v2_1/common">Economic and Social Committee</Name>
        </Code>
        <Code id="4Q0" urn="urn:sdmx:org.sdmx.infomodel.codelist.Code=ECB:CL_ORGANISATION(1.0).4Q0">
          <Name xml:lang="en" xmlns="http://www.sdmx.org/resources/sdmxml/schemas/v2_1/common">Committee of Regions</Name>
        </Code>
        <Code id="4Z0" urn="urn:sdmx:org.sdmx.infomodel.codelist.Code=ECB:CL_ORGANISATION(1.0).4Z0">
          <Name xml:lang="en" xmlns="http://www.sdmx.org/resources/sdmxml/schemas/v2_1/common">Other European Community Institutions, Organs and Organisms</Name>
        </Code>
        <Code id="5A0" urn="urn:sdmx:org.sdmx.infomodel.codelist.Code=ECB:CL_ORGANISATION(1.0).5A0">
          <Name xml:lang="en" xmlns="http://www.sdmx.org/resources/sdmxml/schemas/v2_1/common">Organisation for Economic Cooperation and Development OECD)</Name>
        </Code>
        <Code id="5B0" urn="urn:sdmx:org.sdmx.infomodel.codelist.Code=ECB:CL_ORGANISATION(1.0).5B0">
          <Name xml:lang="en" xmlns="http://www.sdmx.org/resources/sdmxml/schemas/v2_1/common">Bank for International Settlements</Name>
        </Code>
        <Code id="5C0" urn="urn:sdmx:org.sdmx.infomodel.codelist.Code=ECB:CL_ORGANISATION(1.0).5C0">
          <Name xml:lang="en" xmlns="http://www.sdmx.org/resources/sdmxml/schemas/v2_1/common">Inter-American Development Bank</Name>
        </Code>
        <Code id="5D0" urn="urn:sdmx:org.sdmx.infomodel.codelist.Code=ECB:CL_ORGANISATION(1.0).5D0">
          <Name xml:lang="en" xmlns="http://www.sdmx.org/resources/sdmxml/schemas/v2_1/common">African Development Bank</Name>
        </Code>
        <Code id="5E0" urn="urn:sdmx:org.sdmx.infomodel.codelist.Code=ECB:CL_ORGANISATION(1.0).5E0">
          <Name xml:lang="en" xmlns="http://www.sdmx.org/resources/sdmxml/schemas/v2_1/common">Asian Development Bank</Name>
        </Code>
        <Code id="5F0" urn="urn:sdmx:org.sdmx.infomodel.codelist.Code=ECB:CL_ORGANISATION(1.0).5F0">
          <Name xml:lang="en" xmlns="http://www.sdmx.org/resources/sdmxml/schemas/v2_1/common">European Bank for Reconstruction and Development</Name>
        </Code>
        <Code id="5G0" urn="urn:sdmx:org.sdmx.infomodel.codelist.Code=ECB:CL_ORGANISATION(1.0).5G0">
          <Name xml:lang="en" xmlns="http://www.sdmx.org/resources/sdmxml/schemas/v2_1/common">IIC (Inter-American Investment Corporation)</Name>
        </Code>
        <Code id="5H0" urn="urn:sdmx:org.sdmx.infomodel.codelist.Code=ECB:CL_ORGANISATION(1.0).5H0">
          <Name xml:lang="en" xmlns="http://www.sdmx.org/resources/sdmxml/schemas/v2_1/common">NIB (Nordic Investment Bank)</Name>
        </Code>
        <Code id="5I0" urn="urn:sdmx:org.sdmx.infomodel.codelist.Code=ECB:CL_ORGANISATION(1.0).5I0">
          <Name xml:lang="en" xmlns="http://www.sdmx.org/resources/sdmxml/schemas/v2_1/common">Eastern Caribbean Central Bank (ECCB)</Name>
        </Code>
        <Code id="5J0" urn="urn:sdmx:org.sdmx.infomodel.codelist.Code=ECB:CL_ORGANISATION(1.0).5J0">
          <Name xml:lang="en" xmlns="http://www.sdmx.org/resources/sdmxml/schemas/v2_1/common">IBEC (International Bank for Economic Co-operation)</Name>
        </Code>
        <Code id="5K0" urn="urn:sdmx:org.sdmx.infomodel.codelist.Code=ECB:CL_ORGANISATION(1.0).5K0">
          <Name xml:lang="en" xmlns="http://www.sdmx.org/resources/sdmxml/schemas/v2_1/common">IIB (International Investment Bank)</Name>
        </Code>
        <Code id="5L0" urn="urn:sdmx:org.sdmx.infomodel.codelist.Code=ECB:CL_ORGANISATION(1.0).5L0">
          <Name xml:lang="en" xmlns="http://www.sdmx.org/resources/sdmxml/schemas/v2_1/common">CDB (Caribbean Development Bank)</Name>
        </Code>
        <Code id="5M0" urn="urn:sdmx:org.sdmx.infomodel.codelist.Code=ECB:CL_ORGANISATION(1.0).5M0">
          <Name xml:lang="en" xmlns="http://www.sdmx.org/resources/sdmxml/schemas/v2_1/common">AMF (Arab Monetary Fund)</Name>
        </Code>
        <Code id="5N0" urn="urn:sdmx:org.sdmx.infomodel.codelist.Code=ECB:CL_ORGANISATION(1.0).5N0">
          <Name xml:lang="en" xmlns="http://www.sdmx.org/resources/sdmxml/schemas/v2_1/common">BADEA (Banque arabe pour le developpement economique en Afrique)</Name>
        </Code>
        <Code id="5O0" urn="urn:sdmx:org.sdmx.infomodel.codelist.Code=ECB:CL_ORGANISATION(1.0).5O0">
          <Name xml:lang="en" xmlns="http://www.sdmx.org/resources/sdmxml/schemas/v2_1/common">Banque Centrale des Etats de l`Afrique de l`Ouest (BCEAO)</Name>
        </Code>
        <Code id="5P0" urn="urn:sdmx:org.sdmx.infomodel.codelist.Code=ECB:CL_ORGANISATION(1.0).5P0">
          <Name xml:lang="en" xmlns="http://www.sdmx.org/resources/sdmxml/schemas/v2_1/common">CASDB (Central African States Development Bank)</Name>
        </Code>
        <Code id="5Q0" urn="urn:sdmx:org.sdmx.infomodel.codelist.Code=ECB:CL_ORGANISATION(1.0).5Q0">
          <Name xml:lang="en" xmlns="http://www.sdmx.org/resources/sdmxml/schemas/v2_1/common">African Development Fund</Name>
        </Code>
        <Code id="5R0" urn="urn:sdmx:org.sdmx.infomodel.codelist.Code=ECB:CL_ORGANISATION(1.0).5R0">
          <Name xml:lang="en" xmlns="http://www.sdmx.org/resources/sdmxml/schemas/v2_1/common">Asian Development Fund</Name>
        </Code>
        <Code id="5S0" urn="urn:sdmx:org.sdmx.infomodel.codelist.Code=ECB:CL_ORGANISATION(1.0).5S0">
          <Name xml:lang="en" xmlns="http://www.sdmx.org/resources/sdmxml/schemas/v2_1/common">Fonds special unifie de developpement</Name>
        </Code>
        <Code id="5T0" urn="urn:sdmx:org.sdmx.infomodel.codelist.Code=ECB:CL_ORGANISATION(1.0).5T0">
          <Name xml:lang="en" xmlns="http://www.sdmx.org/resources/sdmxml/schemas/v2_1/common">CABEI (Central American Bank for Economic Integration)</Name>
        </Code>
        <Code id="5U0" urn="urn:sdmx:org.sdmx.infomodel.codelist.Code=ECB:CL_ORGANISATION(1.0).5U0">
          <Name xml:lang="en" xmlns="http://www.sdmx.org/resources/sdmxml/schemas/v2_1/common">ADC (Andean Development Corporation)</Name>
        </Code>
        <Code id="5V0" urn="urn:sdmx:org.sdmx.infomodel.codelist.Code=ECB:CL_ORGANISATION(1.0).5V0">
          <Name xml:lang="en" xmlns="http://www.sdmx.org/resources/sdmxml/schemas/v2_1/common">Other International Organisations (financial institutions)</Name>
        </Code>
        <Code id="5W0" urn="urn:sdmx:org.sdmx.infomodel.codelist.Code=ECB:CL_ORGANISATION(1.0).5W0">
          <Name xml:lang="en" xmlns="http://www.sdmx.org/resources/sdmxml/schemas/v2_1/common">Banque des Etats de l`Afrique Centrale (BEAC)</Name>
        </Code>
        <Code id="5X0" urn="urn:sdmx:org.sdmx.infomodel.codelist.Code=ECB:CL_ORGANISATION(1.0).5X0">
          <Name xml:lang="en" xmlns="http://www.sdmx.org/resources/sdmxml/schemas/v2_1/common">Communaute economique et Monetaire de l`Afrique Centrale (CEMAC)</Name>
        </Code>
        <Code id="5Y0" urn="urn:sdmx:org.sdmx.infomodel.codelist.Code=ECB:CL_ORGANISATION(1.0).5Y0">
          <Name xml:lang="en" xmlns="http://www.sdmx.org/resources/sdmxml/schemas/v2_1/common">Eastern Caribbean Currency Union (ECCU)</Name>
        </Code>
        <Code id="5Z0" urn="urn:sdmx:org.sdmx.infomodel.codelist.Code=ECB:CL_ORGANISATION(1.0).5Z0">
          <Name xml:lang="en" xmlns="http://www.sdmx.org/resources/sdmxml/schemas/v2_1/common">Other International Financial Organisations n.i.e.</Name>
        </Code>
        <Code id="6A0" urn="urn:sdmx:org.sdmx.infomodel.codelist.Code=ECB:CL_ORGANISATION(1.0).6A0">
          <Name xml:lang="en" xmlns="http://www.sdmx.org/resources/sdmxml/schemas/v2_1/common">Other International Organisations (non-financial institutions)</Name>
        </Code>
        <Code id="6B0" urn="urn:sdmx:org.sdmx.infomodel.codelist.Code=ECB:CL_ORGANISATION(1.0).6B0">
          <Name xml:lang="en" xmlns="http://www.sdmx.org/resources/sdmxml/schemas/v2_1/common">NATO (North Atlantic Treaty Organisation)</Name>
        </Code>
        <Code id="6C0" urn="urn:sdmx:org.sdmx.infomodel.codelist.Code=ECB:CL_ORGANISATION(1.0).6C0">
          <Name xml:lang="en" xmlns="http://www.sdmx.org/resources/sdmxml/schemas/v2_1/common">Council of Europe</Name>
        </Code>
        <Code id="6D0" urn="urn:sdmx:org.sdmx.infomodel.codelist.Code=ECB:CL_ORGANISATION(1.0).6D0">
          <Name xml:lang="en" xmlns="http://www.sdmx.org/resources/sdmxml/schemas/v2_1/common">ICRC (International Committee of the Red Cross)</Name>
        </Code>
        <Code id="6E0" urn="urn:sdmx:org.sdmx.infomodel.codelist.Code=ECB:CL_ORGANISATION(1.0).6E0">
          <Name xml:lang="en" xmlns="http://www.sdmx.org/resources/sdmxml/schemas/v2_1/common">ESA (European Space Agency)</Name>
        </Code>
        <Code id="6F0" urn="urn:sdmx:org.sdmx.infomodel.codelist.Code=ECB:CL_ORGANISATION(1.0).6F0">
          <Name xml:lang="en" xmlns="http://www.sdmx.org/resources/sdmxml/schemas/v2_1/common">EPO (European Patent Office)</Name>
        </Code>
        <Code id="6G0" urn="urn:sdmx:org.sdmx.infomodel.codelist.Code=ECB:CL_ORGANISATION(1.0).6G0">
          <Name xml:lang="en" xmlns="http://www.sdmx.org/resources/sdmxml/schemas/v2_1/common">EUROCONTROL (European Organisation for the Safety of Air Navigation)</Name>
        </Code>
        <Code id="6H0" urn="urn:sdmx:org.sdmx.infomodel.codelist.Code=ECB:CL_ORGANISATION(1.0).6H0">
          <Name xml:lang="en" xmlns="http://www.sdmx.org/resources/sdmxml/schemas/v2_1/common">EUTELSAT (European Telecommunications Satellite Organisation)</Name>
        </Code>
        <Code id="6I0" urn="urn:sdmx:org.sdmx.infomodel.codelist.Code=ECB:CL_ORGANISATION(1.0).6I0">
          <Name xml:lang="en" xmlns="http://www.sdmx.org/resources/sdmxml/schemas/v2_1/common">West African Economic and Monetary Union (WAEMU)</Name>
        </Code>
        <Code id="6J0" urn="urn:sdmx:org.sdmx.infomodel.codelist.Code=ECB:CL_ORGANISATION(1.0).6J0">
          <Name xml:lang="en" xmlns="http://www.sdmx.org/resources/sdmxml/schemas/v2_1/common">INTELSAT (International Telecommunications Satellite Organisation)</Name>
        </Code>
        <Code id="6K0" urn="urn:sdmx:org.sdmx.infomodel.codelist.Code=ECB:CL_ORGANISATION(1.0).6K0">
          <Name xml:lang="en" xmlns="http://www.sdmx.org/resources/sdmxml/schemas/v2_1/common">EBU/UER (European Broadcasting Union/Union europeenne de radio-televis ion)</Name>
        </Code>
        <Code id="6L0" urn="urn:sdmx:org.sdmx.infomodel.codelist.Code=ECB:CL_ORGANISATION(1.0).6L0">
          <Name xml:lang="en" xmlns="http://www.sdmx.org/resources/sdmxml/schemas/v2_1/common">EUMETSAT (European Organisation for the Exploitation of Meteorological  Satellites)</Name>
        </Code>
        <Code id="6M0" urn="urn:sdmx:org.sdmx.infomodel.codelist.Code=ECB:CL_ORGANISATION(1.0).6M0">
          <Name xml:lang="en" xmlns="http://www.sdmx.org/resources/sdmxml/schemas/v2_1/common">ESO (European Southern Observatory)</Name>
        </Code>
        <Code id="6N0" urn="urn:sdmx:org.sdmx.infomodel.codelist.Code=ECB:CL_ORGANISATION(1.0).6N0">
          <Name xml:lang="en" xmlns="http://www.sdmx.org/resources/sdmxml/schemas/v2_1/common">ECMWF (European Centre for Medium-Range Weather Forecasts)</Name>
        </Code>
        <Code id="6O0" urn="urn:sdmx:org.sdmx.infomodel.codelist.Code=ECB:CL_ORGANISATION(1.0).6O0">
          <Name xml:lang="en" xmlns="http://www.sdmx.org/resources/sdmxml/schemas/v2_1/common">EMBL (European Molecular Biology Laboratory)</Name>
        </Code>
        <Code id="6P0" urn="urn:sdmx:org.sdmx.infomodel.codelist.Code=ECB:CL_ORGANISATION(1.0).6P0">
          <Name xml:lang="en" xmlns="http://www.sdmx.org/resources/sdmxml/schemas/v2_1/common">CERN (European Organisation for Nuclear Research)</Name>
        </Code>
        <Code id="6Q0" urn="urn:sdmx:org.sdmx.infomodel.codelist.Code=ECB:CL_ORGANISATION(1.0).6Q0">
          <Name xml:lang="en" xmlns="http://www.sdmx.org/resources/sdmxml/schemas/v2_1/common">IOM (International Organisation for Migration)</Name>
        </Code>
        <Code id="6R0" urn="urn:sdmx:org.sdmx.infomodel.codelist.Code=ECB:CL_ORGANISATION(1.0).6R0">
          <Name xml:lang="en" xmlns="http://www.sdmx.org/resources/sdmxml/schemas/v2_1/common">Islamic Development Bank (IDB)</Name>
        </Code>
        <Code id="6Z0" urn="urn:sdmx:org.sdmx.infomodel.codelist.Code=ECB:CL_ORGANISATION(1.0).6Z0">
          <Name xml:lang="en" xmlns="http://www.sdmx.org/resources/sdmxml/schemas/v2_1/common">Other International Non-Financial Organisations n.i.e.</Name>
        </Code>
        <Code id="7Z0" urn="urn:sdmx:org.sdmx.infomodel.codelist.Code=ECB:CL_ORGANISATION(1.0).7Z0">
          <Name xml:lang="en" xmlns="http://www.sdmx.org/resources/sdmxml/schemas/v2_1/common">International Organisations excl. European Community Institutions (4A)</Name>
        </Code>
        <Code id="8A0" urn="urn:sdmx:org.sdmx.infomodel.codelist.Code=ECB:CL_ORGANISATION(1.0).8A0">
          <Name xml:lang="en" xmlns="http://www.sdmx.org/resources/sdmxml/schemas/v2_1/common">International Union of Credit and Investment Insurers</Name>
        </Code>
        <Code id="AE2" urn="urn:sdmx:org.sdmx.infomodel.codelist.Code=ECB:CL_ORGANISATION(1.0).AE2">
          <Name xml:lang="en" xmlns="http://www.sdmx.org/resources/sdmxml/schemas/v2_1/common">Central Bank of the United Arab Emirates</Name>
        </Code>
        <Code id="AE4" urn="urn:sdmx:org.sdmx.infomodel.codelist.Code=ECB:CL_ORGANISATION(1.0).AE4">
          <Name xml:lang="en" xmlns="http://www.sdmx.org/resources/sdmxml/schemas/v2_1/common">Ministry of Finance and Industry (United Arab Emirates)</Name>
        </Code>
        <Code id="AF2" urn="urn:sdmx:org.sdmx.infomodel.codelist.Code=ECB:CL_ORGANISATION(1.0).AF2">
          <Name xml:lang="en" xmlns="http://www.sdmx.org/resources/sdmxml/schemas/v2_1/common">Da Afghanistan Bank</Name>
        </Code>
        <Code id="AF4" urn="urn:sdmx:org.sdmx.infomodel.codelist.Code=ECB:CL_ORGANISATION(1.0).AF4">
          <Name xml:lang="en" xmlns="http://www.sdmx.org/resources/sdmxml/schemas/v2_1/common">Ministry of Finance (Afghanistan, Islamic State of)</Name>
        </Code>
        <Code id="AG2" urn="urn:sdmx:org.sdmx.infomodel.codelist.Code=ECB:CL_ORGANISATION(1.0).AG2">
          <Name xml:lang="en" xmlns="http://www.sdmx.org/resources/sdmxml/schemas/v2_1/common">Eastern Caribbean Central Bank (ECCB) (Antigua and Barbuda)</Name>
        </Code>
        <Code id="AG4" urn="urn:sdmx:org.sdmx.infomodel.codelist.Code=ECB:CL_ORGANISATION(1.0).AG4">
          <Name xml:lang="en" xmlns="http://www.sdmx.org/resources/sdmxml/schemas/v2_1/common">Ministry of Finance (Antigua and Barbuda)</Name>
        </Code>
        <Code id="AI4" urn="urn:sdmx:org.sdmx.infomodel.codelist.Code=ECB:CL_ORGANISATION(1.0).AI4">
          <Name xml:lang="en" xmlns="http://www.sdmx.org/resources/sdmxml/schemas/v2_1/common">Ministry of Finance (Anguilla)</Name>
        </Code>
        <Code id="AL1" urn="urn:sdmx:org.sdmx.infomodel.codelist.Code=ECB:CL_ORGANISATION(1.0).AL1">
          <Name xml:lang="en" xmlns="http://www.sdmx.org/resources/sdmxml/schemas/v2_1/common">Institution of Statistics (Albania)</Name>
        </Code>
        <Code id="AL2" urn="urn:sdmx:org.sdmx.infomodel.codelist.Code=ECB:CL_ORGANISATION(1.0).AL2">
          <Name xml:lang="en" xmlns="http://www.sdmx.org/resources/sdmxml/schemas/v2_1/common">Bank of Albania</Name>
        </Code>
        <Code id="AL4" urn="urn:sdmx:org.sdmx.infomodel.codelist.Code=ECB:CL_ORGANISATION(1.0).AL4">
          <Name xml:lang="en" xmlns="http://www.sdmx.org/resources/sdmxml/schemas/v2_1/common">Ministere des Finances (Albania)</Name>
        </Code>
        <Code id="AM1" urn="urn:sdmx:org.sdmx.infomodel.codelist.Code=ECB:CL_ORGANISATION(1.0).AM1">
          <Name xml:lang="en" xmlns="http://www.sdmx.org/resources/sdmxml/schemas/v2_1/common">State National Statistics Service (Armenia)</Name>
        </Code>
        <Code id="AM2" urn="urn:sdmx:org.sdmx.infomodel.codelist.Code=ECB:CL_ORGANISATION(1.0).AM2">
          <Name xml:lang="en" xmlns="http://www.sdmx.org/resources/sdmxml/schemas/v2_1/common">Central Bank of Armenia</Name>
        </Code>
        <Code id="AM4" urn="urn:sdmx:org.sdmx.infomodel.codelist.Code=ECB:CL_ORGANISATION(1.0).AM4">
          <Name xml:lang="en" xmlns="http://www.sdmx.org/resources/sdmxml/schemas/v2_1/common">Ministry of Finance and Economy (Armenia)</Name>
        </Code>
        <Code id="AN1" urn="urn:sdmx:org.sdmx.infomodel.codelist.Code=ECB:CL_ORGANISATION(1.0).AN1">
          <Name xml:lang="en" xmlns="http://www.sdmx.org/resources/sdmxml/schemas/v2_1/common">Central Bureau of Statistics (Netherlands Antilles)</Name>
        </Code>
        <Code id="AN2" urn="urn:sdmx:org.sdmx.infomodel.codelist.Code=ECB:CL_ORGANISATION(1.0).AN2">
          <Name xml:lang="en" xmlns="http://www.sdmx.org/resources/sdmxml/schemas/v2_1/common">Bank of the Netherlands Antilles</Name>
        </Code>
        <Code id="AO2" urn="urn:sdmx:org.sdmx.infomodel.codelist.Code=ECB:CL_ORGANISATION(1.0).AO2">
          <Name xml:lang="en" xmlns="http://www.sdmx.org/resources/sdmxml/schemas/v2_1/common">Banco Nacional de Angola</Name>
        </Code>
        <Code id="AO4" urn="urn:sdmx:org.sdmx.infomodel.codelist.Code=ECB:CL_ORGANISATION(1.0).AO4">
          <Name xml:lang="en" xmlns="http://www.sdmx.org/resources/sdmxml/schemas/v2_1/common">Ministerio das Finanças (Angola)</Name>
        </Code>
        <Code id="AR1" urn="urn:sdmx:org.sdmx.infomodel.codelist.Code=ECB:CL_ORGANISATION(1.0).AR1">
          <Name xml:lang="en" xmlns="http://www.sdmx.org/resources/sdmxml/schemas/v2_1/common">Instituto Nacional de Estadistica y Censos (Argentina)</Name>
        </Code>
        <Code id="AR2" urn="urn:sdmx:org.sdmx.infomodel.codelist.Code=ECB:CL_ORGANISATION(1.0).AR2">
          <Name xml:lang="en" xmlns="http://www.sdmx.org/resources/sdmxml/schemas/v2_1/common">Banco Central de la Republica Argentina</Name>
        </Code>
        <Code id="AR4" urn="urn:sdmx:org.sdmx.infomodel.codelist.Code=ECB:CL_ORGANISATION(1.0).AR4">
          <Name xml:lang="en" xmlns="http://www.sdmx.org/resources/sdmxml/schemas/v2_1/common">Ministerio de Economia (Argentina)</Name>
        </Code>
        <Code id="AT1" urn="urn:sdmx:org.sdmx.infomodel.codelist.Code=ECB:CL_ORGANISATION(1.0).AT1">
          <Name xml:lang="en" xmlns="http://www.sdmx.org/resources/sdmxml/schemas/v2_1/common">Statistik Österreich (Austria)</Name>
        </Code>
        <Code id="AT2" urn="urn:sdmx:org.sdmx.infomodel.codelist.Code=ECB:CL_ORGANISATION(1.0).AT2">
          <Name xml:lang="en" xmlns="http://www.sdmx.org/resources/sdmxml/schemas/v2_1/common">Oesterreichische Nationalbank (Austria)</Name>
        </Code>
        <Code id="AU1" urn="urn:sdmx:org.sdmx.infomodel.codelist.Code=ECB:CL_ORGANISATION(1.0).AU1">
          <Name xml:lang="en" xmlns="http://www.sdmx.org/resources/sdmxml/schemas/v2_1/common">Australian Bureau of Statistics</Name>
        </Code>
        <Code id="AU2" urn="urn:sdmx:org.sdmx.infomodel.codelist.Code=ECB:CL_ORGANISATION(1.0).AU2">
          <Name xml:lang="en" xmlns="http://www.sdmx.org/resources/sdmxml/schemas/v2_1/common">Reserve Bank of Australia</Name>
        </Code>
        <Code id="AW1" urn="urn:sdmx:org.sdmx.infomodel.codelist.Code=ECB:CL_ORGANISATION(1.0).AW1">
          <Name xml:lang="en" xmlns="http://www.sdmx.org/resources/sdmxml/schemas/v2_1/common">Central Bureau of Statistics (Aruba)</Name>
        </Code>
        <Code id="AW2" urn="urn:sdmx:org.sdmx.infomodel.codelist.Code=ECB:CL_ORGANISATION(1.0).AW2">
          <Name xml:lang="en" xmlns="http://www.sdmx.org/resources/sdmxml/schemas/v2_1/common">Centrale Bank van Aruba</Name>
        </Code>
        <Code id="AZ1" urn="urn:sdmx:org.sdmx.infomodel.codelist.Code=ECB:CL_ORGANISATION(1.0).AZ1">
          <Name xml:lang="en" xmlns="http://www.sdmx.org/resources/sdmxml/schemas/v2_1/common">State Statistics Committee of the Azerbaijan Republic</Name>
        </Code>
        <Code id="AZ2" urn="urn:sdmx:org.sdmx.infomodel.codelist.Code=ECB:CL_ORGANISATION(1.0).AZ2">
          <Name xml:lang="en" xmlns="http://www.sdmx.org/resources/sdmxml/schemas/v2_1/common">National Bank of Azerbaijan</Name>
        </Code>
        <Code id="AZ4" urn="urn:sdmx:org.sdmx.infomodel.codelist.Code=ECB:CL_ORGANISATION(1.0).AZ4">
          <Name xml:lang="en" xmlns="http://www.sdmx.org/resources/sdmxml/schemas/v2_1/common">Ministry of Finance (Azerbaijan)</Name>
        </Code>
        <Code id="BA1" urn="urn:sdmx:org.sdmx.infomodel.codelist.Code=ECB:CL_ORGANISATION(1.0).BA1">
          <Name xml:lang="en" xmlns="http://www.sdmx.org/resources/sdmxml/schemas/v2_1/common">Institute of Statistics (Bosnia and Herzegovina)</Name>
        </Code>
        <Code id="BA2" urn="urn:sdmx:org.sdmx.infomodel.codelist.Code=ECB:CL_ORGANISATION(1.0).BA2">
          <Name xml:lang="en" xmlns="http://www.sdmx.org/resources/sdmxml/schemas/v2_1/common">Central Bank of Bosnia and Herzegovina</Name>
        </Code>
        <Code id="BA4" urn="urn:sdmx:org.sdmx.infomodel.codelist.Code=ECB:CL_ORGANISATION(1.0).BA4">
          <Name xml:lang="en" xmlns="http://www.sdmx.org/resources/sdmxml/schemas/v2_1/common">Ministry of Finance for the Federation of Bosnia and Herzegovina</Name>
        </Code>
        <Code id="BB1" urn="urn:sdmx:org.sdmx.infomodel.codelist.Code=ECB:CL_ORGANISATION(1.0).BB1">
          <Name xml:lang="en" xmlns="http://www.sdmx.org/resources/sdmxml/schemas/v2_1/common">Barbados Statistical Service</Name>
        </Code>
        <Code id="BB2" urn="urn:sdmx:org.sdmx.infomodel.codelist.Code=ECB:CL_ORGANISATION(1.0).BB2">
          <Name xml:lang="en" xmlns="http://www.sdmx.org/resources/sdmxml/schemas/v2_1/common">Central Bank of Barbados</Name>
        </Code>
        <Code id="BB4" urn="urn:sdmx:org.sdmx.infomodel.codelist.Code=ECB:CL_ORGANISATION(1.0).BB4">
          <Name xml:lang="en" xmlns="http://www.sdmx.org/resources/sdmxml/schemas/v2_1/common">Ministry of Finance and Economic Affairs (Barbados)</Name>
        </Code>
        <Code id="BD2" urn="urn:sdmx:org.sdmx.infomodel.codelist.Code=ECB:CL_ORGANISATION(1.0).BD2">
          <Name xml:lang="en" xmlns="http://www.sdmx.org/resources/sdmxml/schemas/v2_1/common">Bangladesh Bank</Name>
        </Code>
        <Code id="BD4" urn="urn:sdmx:org.sdmx.infomodel.codelist.Code=ECB:CL_ORGANISATION(1.0).BD4">
          <Name xml:lang="en" xmlns="http://www.sdmx.org/resources/sdmxml/schemas/v2_1/common">Ministry of Finance (Bangladesh)</Name>
        </Code>
        <Code id="BE1" urn="urn:sdmx:org.sdmx.infomodel.codelist.Code=ECB:CL_ORGANISATION(1.0).BE1">
          <Name xml:lang="en" xmlns="http://www.sdmx.org/resources/sdmxml/schemas/v2_1/common">Institut National de Statistiques de Belgique (Belgium)</Name>
        </Code>
        <Code id="BE2" urn="urn:sdmx:org.sdmx.infomodel.codelist.Code=ECB:CL_ORGANISATION(1.0).BE2">
          <Name xml:lang="en" xmlns="http://www.sdmx.org/resources/sdmxml/schemas/v2_1/common">Banque Nationale de Belgique (Belgium)</Name>
        </Code>
        <Code id="BE3" urn="urn:sdmx:org.sdmx.infomodel.codelist.Code=ECB:CL_ORGANISATION(1.0).BE3">
          <Name xml:lang="en" xmlns="http://www.sdmx.org/resources/sdmxml/schemas/v2_1/common">Federal Public Service Budget (Belgium)</Name>
        </Code>
        <Code id="BE9" urn="urn:sdmx:org.sdmx.infomodel.codelist.Code=ECB:CL_ORGANISATION(1.0).BE9">
          <Name xml:lang="en" xmlns="http://www.sdmx.org/resources/sdmxml/schemas/v2_1/common">Bureau van Dijk</Name>
        </Code>
        <Code id="BF2" urn="urn:sdmx:org.sdmx.infomodel.codelist.Code=ECB:CL_ORGANISATION(1.0).BF2">
          <Name xml:lang="en" xmlns="http://www.sdmx.org/resources/sdmxml/schemas/v2_1/common">Banque Centrale des Etats de l`Afrique de l`Ouest (BCEAO) (Burkina Fas o)</Name>
        </Code>
        <Code id="BF4" urn="urn:sdmx:org.sdmx.infomodel.codelist.Code=ECB:CL_ORGANISATION(1.0).BF4">
          <Name xml:lang="en" xmlns="http://www.sdmx.org/resources/sdmxml/schemas/v2_1/common">Ministere de l`Economie et des Finances (Burkina Faso)</Name>
        </Code>
        <Code id="BG1" urn="urn:sdmx:org.sdmx.infomodel.codelist.Code=ECB:CL_ORGANISATION(1.0).BG1">
          <Name xml:lang="en" xmlns="http://www.sdmx.org/resources/sdmxml/schemas/v2_1/common">National Statistical Institute of Bulgaria</Name>
        </Code>
        <Code id="BG2" urn="urn:sdmx:org.sdmx.infomodel.codelist.Code=ECB:CL_ORGANISATION(1.0).BG2">
          <Name xml:lang="en" xmlns="http://www.sdmx.org/resources/sdmxml/schemas/v2_1/common">Bulgarian National Bank</Name>
        </Code>
        <Code id="BG3" urn="urn:sdmx:org.sdmx.infomodel.codelist.Code=ECB:CL_ORGANISATION(1.0).BG3">
          <Name xml:lang="en" xmlns="http://www.sdmx.org/resources/sdmxml/schemas/v2_1/common">Prime Ministers Office (Bulgaria)</Name>
        </Code>
        <Code id="BG4" urn="urn:sdmx:org.sdmx.infomodel.codelist.Code=ECB:CL_ORGANISATION(1.0).BG4">
          <Name xml:lang="en" xmlns="http://www.sdmx.org/resources/sdmxml/schemas/v2_1/common">Ministry of Finance (Bulgaria)</Name>
        </Code>
        <Code id="BH1" urn="urn:sdmx:org.sdmx.infomodel.codelist.Code=ECB:CL_ORGANISATION(1.0).BH1">
          <Name xml:lang="en" xmlns="http://www.sdmx.org/resources/sdmxml/schemas/v2_1/common">Directorate of Statistics (Bahrain)</Name>
        </Code>
        <Code id="BH2" urn="urn:sdmx:org.sdmx.infomodel.codelist.Code=ECB:CL_ORGANISATION(1.0).BH2">
          <Name xml:lang="en" xmlns="http://www.sdmx.org/resources/sdmxml/schemas/v2_1/common">Bahrain Monetary Authority</Name>
        </Code>
        <Code id="BH4" urn="urn:sdmx:org.sdmx.infomodel.codelist.Code=ECB:CL_ORGANISATION(1.0).BH4">
          <Name xml:lang="en" xmlns="http://www.sdmx.org/resources/sdmxml/schemas/v2_1/common">Ministry of Finance and National Economy (Bahrain)</Name>
        </Code>
        <Code id="BI2" urn="urn:sdmx:org.sdmx.infomodel.codelist.Code=ECB:CL_ORGANISATION(1.0).BI2">
          <Name xml:lang="en" xmlns="http://www.sdmx.org/resources/sdmxml/schemas/v2_1/common">Banque de la Republique du Burundi</Name>
        </Code>
        <Code id="BI3" urn="urn:sdmx:org.sdmx.infomodel.codelist.Code=ECB:CL_ORGANISATION(1.0).BI3">
          <Name xml:lang="en" xmlns="http://www.sdmx.org/resources/sdmxml/schemas/v2_1/common">Ministere du Plan (Burundi)</Name>
        </Code>
        <Code id="BI4" urn="urn:sdmx:org.sdmx.infomodel.codelist.Code=ECB:CL_ORGANISATION(1.0).BI4">
          <Name xml:lang="en" xmlns="http://www.sdmx.org/resources/sdmxml/schemas/v2_1/common">Ministere des finances (Burundi)</Name>
        </Code>
        <Code id="BJ1" urn="urn:sdmx:org.sdmx.infomodel.codelist.Code=ECB:CL_ORGANISATION(1.0).BJ1">
          <Name xml:lang="en" xmlns="http://www.sdmx.org/resources/sdmxml/schemas/v2_1/common">Institut National de la Statistique et de l`Analyse Economique (Benin)</Name>
        </Code>
        <Code id="BJ2" urn="urn:sdmx:org.sdmx.infomodel.codelist.Code=ECB:CL_ORGANISATION(1.0).BJ2">
          <Name xml:lang="en" xmlns="http://www.sdmx.org/resources/sdmxml/schemas/v2_1/common">Banque Centrale des Etats de l`Afrique de l`Ouest (BCEAO) (Benin)</Name>
        </Code>
        <Code id="BJ4" urn="urn:sdmx:org.sdmx.infomodel.codelist.Code=ECB:CL_ORGANISATION(1.0).BJ4">
          <Name xml:lang="en" xmlns="http://www.sdmx.org/resources/sdmxml/schemas/v2_1/common">Ministere des Finances (Benin)</Name>
        </Code>
        <Code id="BM1" urn="urn:sdmx:org.sdmx.infomodel.codelist.Code=ECB:CL_ORGANISATION(1.0).BM1">
          <Name xml:lang="en" xmlns="http://www.sdmx.org/resources/sdmxml/schemas/v2_1/common">Bermuda Government - Department of Statistics</Name>
        </Code>
        <Code id="BM2" urn="urn:sdmx:org.sdmx.infomodel.codelist.Code=ECB:CL_ORGANISATION(1.0).BM2">
          <Name xml:lang="en" xmlns="http://www.sdmx.org/resources/sdmxml/schemas/v2_1/common">Bermuda Monetary Authority</Name>
        </Code>
        <Code id="BN1" urn="urn:sdmx:org.sdmx.infomodel.codelist.Code=ECB:CL_ORGANISATION(1.0).BN1">
          <Name xml:lang="en" xmlns="http://www.sdmx.org/resources/sdmxml/schemas/v2_1/common">Department of Statistics (Brunei Darussalam)</Name>
        </Code>
        <Code id="BN4" urn="urn:sdmx:org.sdmx.infomodel.codelist.Code=ECB:CL_ORGANISATION(1.0).BN4">
          <Name xml:lang="en" xmlns="http://www.sdmx.org/resources/sdmxml/schemas/v2_1/common">Ministry of Finance (Brunei Darussalam)</Name>
        </Code>
        <Code id="BO1" urn="urn:sdmx:org.sdmx.infomodel.codelist.Code=ECB:CL_ORGANISATION(1.0).BO1">
          <Name xml:lang="en" xmlns="http://www.sdmx.org/resources/sdmxml/schemas/v2_1/common">Instituto Nacional de Estadistica (Bolivia)</Name>
        </Code>
        <Code id="BO2" urn="urn:sdmx:org.sdmx.infomodel.codelist.Code=ECB:CL_ORGANISATION(1.0).BO2">
          <Name xml:lang="en" xmlns="http://www.sdmx.org/resources/sdmxml/schemas/v2_1/common">Banco Central de Bolivia</Name>
        </Code>
        <Code id="BO3" urn="urn:sdmx:org.sdmx.infomodel.codelist.Code=ECB:CL_ORGANISATION(1.0).BO3">
          <Name xml:lang="en" xmlns="http://www.sdmx.org/resources/sdmxml/schemas/v2_1/common">Secretaria Nacional de Hacienda (Bolivia)</Name>
        </Code>
        <Code id="BO4" urn="urn:sdmx:org.sdmx.infomodel.codelist.Code=ECB:CL_ORGANISATION(1.0).BO4">
          <Name xml:lang="en" xmlns="http://www.sdmx.org/resources/sdmxml/schemas/v2_1/common">Ministerio de Hacienda (Bolivia)</Name>
        </Code>
        <Code id="BR2" urn="urn:sdmx:org.sdmx.infomodel.codelist.Code=ECB:CL_ORGANISATION(1.0).BR2">
          <Name xml:lang="en" xmlns="http://www.sdmx.org/resources/sdmxml/schemas/v2_1/common">Banco Central do Brasil</Name>
        </Code>
        <Code id="BR4" urn="urn:sdmx:org.sdmx.infomodel.codelist.Code=ECB:CL_ORGANISATION(1.0).BR4">
          <Name xml:lang="en" xmlns="http://www.sdmx.org/resources/sdmxml/schemas/v2_1/common">Ministerio da Fazenda (Brazil)</Name>
        </Code>
        <Code id="BS1" urn="urn:sdmx:org.sdmx.infomodel.codelist.Code=ECB:CL_ORGANISATION(1.0).BS1">
          <Name xml:lang="en" xmlns="http://www.sdmx.org/resources/sdmxml/schemas/v2_1/common">Department of Statistics (Bahamas)</Name>
        </Code>
        <Code id="BS2" urn="urn:sdmx:org.sdmx.infomodel.codelist.Code=ECB:CL_ORGANISATION(1.0).BS2">
          <Name xml:lang="en" xmlns="http://www.sdmx.org/resources/sdmxml/schemas/v2_1/common">The Central Bank of the Bahamas</Name>
        </Code>
        <Code id="BS4" urn="urn:sdmx:org.sdmx.infomodel.codelist.Code=ECB:CL_ORGANISATION(1.0).BS4">
          <Name xml:lang="en" xmlns="http://www.sdmx.org/resources/sdmxml/schemas/v2_1/common">Ministry of Finance (Bahamas)</Name>
        </Code>
        <Code id="BT2" urn="urn:sdmx:org.sdmx.infomodel.codelist.Code=ECB:CL_ORGANISATION(1.0).BT2">
          <Name xml:lang="en" xmlns="http://www.sdmx.org/resources/sdmxml/schemas/v2_1/common">Royal Monetary Authority of Bhutan</Name>
        </Code>
        <Code id="BT4" urn="urn:sdmx:org.sdmx.infomodel.codelist.Code=ECB:CL_ORGANISATION(1.0).BT4">
          <Name xml:lang="en" xmlns="http://www.sdmx.org/resources/sdmxml/schemas/v2_1/common">Ministry of Finance (Bhutan)</Name>
        </Code>
        <Code id="BW2" urn="urn:sdmx:org.sdmx.infomodel.codelist.Code=ECB:CL_ORGANISATION(1.0).BW2">
          <Name xml:lang="en" xmlns="http://www.sdmx.org/resources/sdmxml/schemas/v2_1/common">Bank of Botswana</Name>
        </Code>
        <Code id="BW4" urn="urn:sdmx:org.sdmx.infomodel.codelist.Code=ECB:CL_ORGANISATION(1.0).BW4">
          <Name xml:lang="en" xmlns="http://www.sdmx.org/resources/sdmxml/schemas/v2_1/common">Ministry of Finance and Development Planning (Botswana)</Name>
        </Code>
        <Code id="BY1" urn="urn:sdmx:org.sdmx.infomodel.codelist.Code=ECB:CL_ORGANISATION(1.0).BY1">
          <Name xml:lang="en" xmlns="http://www.sdmx.org/resources/sdmxml/schemas/v2_1/common">Ministry of Statistics and Analysis of the Republic of Belarus</Name>
        </Code>
        <Code id="BY2" urn="urn:sdmx:org.sdmx.infomodel.codelist.Code=ECB:CL_ORGANISATION(1.0).BY2">
          <Name xml:lang="en" xmlns="http://www.sdmx.org/resources/sdmxml/schemas/v2_1/common">National Bank of Belarus</Name>
        </Code>
        <Code id="BY4" urn="urn:sdmx:org.sdmx.infomodel.codelist.Code=ECB:CL_ORGANISATION(1.0).BY4">
          <Name xml:lang="en" xmlns="http://www.sdmx.org/resources/sdmxml/schemas/v2_1/common">Ministry of Finance of the Republic of Belarus</Name>
        </Code>
        <Code id="BZ1" urn="urn:sdmx:org.sdmx.infomodel.codelist.Code=ECB:CL_ORGANISATION(1.0).BZ1">
          <Name xml:lang="en" xmlns="http://www.sdmx.org/resources/sdmxml/schemas/v2_1/common">Central Statistical Office (Belize)</Name>
        </Code>
        <Code id="BZ2" urn="urn:sdmx:org.sdmx.infomodel.codelist.Code=ECB:CL_ORGANISATION(1.0).BZ2">
          <Name xml:lang="en" xmlns="http://www.sdmx.org/resources/sdmxml/schemas/v2_1/common">Central Bank of Belize</Name>
        </Code>
        <Code id="BZ3" urn="urn:sdmx:org.sdmx.infomodel.codelist.Code=ECB:CL_ORGANISATION(1.0).BZ3">
          <Name xml:lang="en" xmlns="http://www.sdmx.org/resources/sdmxml/schemas/v2_1/common">Ministry of Foreign Affairs (Belize)</Name>
        </Code>
        <Code id="BZ4" urn="urn:sdmx:org.sdmx.infomodel.codelist.Code=ECB:CL_ORGANISATION(1.0).BZ4">
          <Name xml:lang="en" xmlns="http://www.sdmx.org/resources/sdmxml/schemas/v2_1/common">Ministry of Finance (Belize)</Name>
        </Code>
        <Code id="CA1" urn="urn:sdmx:org.sdmx.infomodel.codelist.Code=ECB:CL_ORGANISATION(1.0).CA1">
          <Name xml:lang="en" xmlns="http://www.sdmx.org/resources/sdmxml/schemas/v2_1/common">Statistics Canada</Name>
        </Code>
        <Code id="CA2" urn="urn:sdmx:org.sdmx.infomodel.codelist.Code=ECB:CL_ORGANISATION(1.0).CA2">
          <Name xml:lang="en" xmlns="http://www.sdmx.org/resources/sdmxml/schemas/v2_1/common">Bank of Canada</Name>
        </Code>
        <Code id="CD1" urn="urn:sdmx:org.sdmx.infomodel.codelist.Code=ECB:CL_ORGANISATION(1.0).CD1">
          <Name xml:lang="en" xmlns="http://www.sdmx.org/resources/sdmxml/schemas/v2_1/common">Institute National de la Statistique (Congo, Dem. Rep. of)</Name>
        </Code>
        <Code id="CD2" urn="urn:sdmx:org.sdmx.infomodel.codelist.Code=ECB:CL_ORGANISATION(1.0).CD2">
          <Name xml:lang="en" xmlns="http://www.sdmx.org/resources/sdmxml/schemas/v2_1/common">Banque Centrale du Congo (Congo, Dem. Rep. of)</Name>
        </Code>
        <Code id="CD4" urn="urn:sdmx:org.sdmx.infomodel.codelist.Code=ECB:CL_ORGANISATION(1.0).CD4">
          <Name xml:lang="en" xmlns="http://www.sdmx.org/resources/sdmxml/schemas/v2_1/common">Ministry of Finance and Budget (Congo, Dem. Rep. of)</Name>
        </Code>
        <Code id="CF2" urn="urn:sdmx:org.sdmx.infomodel.codelist.Code=ECB:CL_ORGANISATION(1.0).CF2">
          <Name xml:lang="en" xmlns="http://www.sdmx.org/resources/sdmxml/schemas/v2_1/common">Banque des Etats de l`Afrique Centrale (BEAC) (Central African Republi c)</Name>
        </Code>
        <Code id="CF3" urn="urn:sdmx:org.sdmx.infomodel.codelist.Code=ECB:CL_ORGANISATION(1.0).CF3">
          <Name xml:lang="en" xmlns="http://www.sdmx.org/resources/sdmxml/schemas/v2_1/common">Presidence de la Republique (Central African Republic)</Name>
        </Code>
        <Code id="CF4" urn="urn:sdmx:org.sdmx.infomodel.codelist.Code=ECB:CL_ORGANISATION(1.0).CF4">
          <Name xml:lang="en" xmlns="http://www.sdmx.org/resources/sdmxml/schemas/v2_1/common">Ministere des Finances, du Plan et de la Cooperation International (Ce ntral African Republic)</Name>
        </Code>
        <Code id="CG1" urn="urn:sdmx:org.sdmx.infomodel.codelist.Code=ECB:CL_ORGANISATION(1.0).CG1">
          <Name xml:lang="en" xmlns="http://www.sdmx.org/resources/sdmxml/schemas/v2_1/common">Centre National de la Statistique et des Etudes Economiques (CNSEE) (C ongo, Rep of)</Name>
        </Code>
        <Code id="CG2" urn="urn:sdmx:org.sdmx.infomodel.codelist.Code=ECB:CL_ORGANISATION(1.0).CG2">
          <Name xml:lang="en" xmlns="http://www.sdmx.org/resources/sdmxml/schemas/v2_1/common">Banque des Etats de l`Afrique Centrale (BEAC) (Congo, Rep. of)</Name>
        </Code>
        <Code id="CG4" urn="urn:sdmx:org.sdmx.infomodel.codelist.Code=ECB:CL_ORGANISATION(1.0).CG4">
          <Name xml:lang="en" xmlns="http://www.sdmx.org/resources/sdmxml/schemas/v2_1/common">Ministere de l`economie, des finances et du budget (Congo, Rep of)</Name>
        </Code>
        <Code id="CH1" urn="urn:sdmx:org.sdmx.infomodel.codelist.Code=ECB:CL_ORGANISATION(1.0).CH1">
          <Name xml:lang="en" xmlns="http://www.sdmx.org/resources/sdmxml/schemas/v2_1/common">Swiss Federal Statistical Office</Name>
        </Code>
        <Code id="CH2" urn="urn:sdmx:org.sdmx.infomodel.codelist.Code=ECB:CL_ORGANISATION(1.0).CH2">
          <Name xml:lang="en" xmlns="http://www.sdmx.org/resources/sdmxml/schemas/v2_1/common">Schweizerische Nationalbank (Switzerland)</Name>
        </Code>
        <Code id="CH3" urn="urn:sdmx:org.sdmx.infomodel.codelist.Code=ECB:CL_ORGANISATION(1.0).CH3">
          <Name xml:lang="en" xmlns="http://www.sdmx.org/resources/sdmxml/schemas/v2_1/common">Direction generale des douanes (Switzerland)</Name>
        </Code>
        <Code id="CH4" urn="urn:sdmx:org.sdmx.infomodel.codelist.Code=ECB:CL_ORGANISATION(1.0).CH4">
          <Name xml:lang="en" xmlns="http://www.sdmx.org/resources/sdmxml/schemas/v2_1/common">Swiss Federal Finance Administration (Switzerland)</Name>
        </Code>
        <Code id="CI2" urn="urn:sdmx:org.sdmx.infomodel.codelist.Code=ECB:CL_ORGANISATION(1.0).CI2">
          <Name xml:lang="en" xmlns="http://www.sdmx.org/resources/sdmxml/schemas/v2_1/common">Banque Centrale des Etats de l`Afrique de l`Ouest (BCEAO) (Cote d`Ivoi re)</Name>
        </Code>
        <Code id="CI4" urn="urn:sdmx:org.sdmx.infomodel.codelist.Code=ECB:CL_ORGANISATION(1.0).CI4">
          <Name xml:lang="en" xmlns="http://www.sdmx.org/resources/sdmxml/schemas/v2_1/common">Ministere de l`Economie et des Finances (Cote d`Ivoire)</Name>
        </Code>
        <Code id="CL2" urn="urn:sdmx:org.sdmx.infomodel.codelist.Code=ECB:CL_ORGANISATION(1.0).CL2">
          <Name xml:lang="en" xmlns="http://www.sdmx.org/resources/sdmxml/schemas/v2_1/common">Banco Central de Chile</Name>
        </Code>
        <Code id="CL4" urn="urn:sdmx:org.sdmx.infomodel.codelist.Code=ECB:CL_ORGANISATION(1.0).CL4">
          <Name xml:lang="en" xmlns="http://www.sdmx.org/resources/sdmxml/schemas/v2_1/common">Ministerio de Hacienda (Chile)</Name>
        </Code>
        <Code id="CM2" urn="urn:sdmx:org.sdmx.infomodel.codelist.Code=ECB:CL_ORGANISATION(1.0).CM2">
          <Name xml:lang="en" xmlns="http://www.sdmx.org/resources/sdmxml/schemas/v2_1/common">Banque des Etats de l`Afrique Centrale (BEAC) (Cameroon)</Name>
        </Code>
        <Code id="CM3" urn="urn:sdmx:org.sdmx.infomodel.codelist.Code=ECB:CL_ORGANISATION(1.0).CM3">
          <Name xml:lang="en" xmlns="http://www.sdmx.org/resources/sdmxml/schemas/v2_1/common">Ministere du Plan et de l`Amenagement du Territoire (Cameroon)</Name>
        </Code>
        <Code id="CM4" urn="urn:sdmx:org.sdmx.infomodel.codelist.Code=ECB:CL_ORGANISATION(1.0).CM4">
          <Name xml:lang="en" xmlns="http://www.sdmx.org/resources/sdmxml/schemas/v2_1/common">Ministere de l`economie et des finances (Cameroon)</Name>
        </Code>
        <Code id="CN1" urn="urn:sdmx:org.sdmx.infomodel.codelist.Code=ECB:CL_ORGANISATION(1.0).CN1">
          <Name xml:lang="en" xmlns="http://www.sdmx.org/resources/sdmxml/schemas/v2_1/common">State National Bureau of Statistics (China, P.R. Mainland)</Name>
        </Code>
        <Code id="CN2" urn="urn:sdmx:org.sdmx.infomodel.codelist.Code=ECB:CL_ORGANISATION(1.0).CN2">
          <Name xml:lang="en" xmlns="http://www.sdmx.org/resources/sdmxml/schemas/v2_1/common">The Peoples Bank of China</Name>
        </Code>
        <Code id="CN3" urn="urn:sdmx:org.sdmx.infomodel.codelist.Code=ECB:CL_ORGANISATION(1.0).CN3">
          <Name xml:lang="en" xmlns="http://www.sdmx.org/resources/sdmxml/schemas/v2_1/common">State Administration of Foreign Exchange (China, P.R. Mainland)</Name>
        </Code>
        <Code id="CN4" urn="urn:sdmx:org.sdmx.infomodel.codelist.Code=ECB:CL_ORGANISATION(1.0).CN4">
          <Name xml:lang="en" xmlns="http://www.sdmx.org/resources/sdmxml/schemas/v2_1/common">Ministry of Finance (China, P.R. Mainland)</Name>
        </Code>
        <Code id="CO1" urn="urn:sdmx:org.sdmx.infomodel.codelist.Code=ECB:CL_ORGANISATION(1.0).CO1">
          <Name xml:lang="en" xmlns="http://www.sdmx.org/resources/sdmxml/schemas/v2_1/common">Centro Administrativo Nacional (Colombia)</Name>
        </Code>
        <Code id="CO2" urn="urn:sdmx:org.sdmx.infomodel.codelist.Code=ECB:CL_ORGANISATION(1.0).CO2">
          <Name xml:lang="en" xmlns="http://www.sdmx.org/resources/sdmxml/schemas/v2_1/common">Banco de la Republica (Colombia)</Name>
        </Code>
        <Code id="CO4" urn="urn:sdmx:org.sdmx.infomodel.codelist.Code=ECB:CL_ORGANISATION(1.0).CO4">
          <Name xml:lang="en" xmlns="http://www.sdmx.org/resources/sdmxml/schemas/v2_1/common">Ministerio de Hacienda y Credito Publico (Colombia)</Name>
        </Code>
        <Code id="CR2" urn="urn:sdmx:org.sdmx.infomodel.codelist.Code=ECB:CL_ORGANISATION(1.0).CR2">
          <Name xml:lang="en" xmlns="http://www.sdmx.org/resources/sdmxml/schemas/v2_1/common">Banco Central de Costa Rica</Name>
        </Code>
        <Code id="CR4" urn="urn:sdmx:org.sdmx.infomodel.codelist.Code=ECB:CL_ORGANISATION(1.0).CR4">
          <Name xml:lang="en" xmlns="http://www.sdmx.org/resources/sdmxml/schemas/v2_1/common">Ministerio de Hacienda (Costa Rica)</Name>
        </Code>
        <Code id="CS1" urn="urn:sdmx:org.sdmx.infomodel.codelist.Code=ECB:CL_ORGANISATION(1.0).CS1">
          <Name xml:lang="en" xmlns="http://www.sdmx.org/resources/sdmxml/schemas/v2_1/common">Federal Statistical Office (Serbia and Montenegro)</Name>
        </Code>
        <Code id="CS2" urn="urn:sdmx:org.sdmx.infomodel.codelist.Code=ECB:CL_ORGANISATION(1.0).CS2">
          <Name xml:lang="en" xmlns="http://www.sdmx.org/resources/sdmxml/schemas/v2_1/common">National Bank of Serbia</Name>
        </Code>
        <Code id="CS4" urn="urn:sdmx:org.sdmx.infomodel.codelist.Code=ECB:CL_ORGANISATION(1.0).CS4">
          <Name xml:lang="en" xmlns="http://www.sdmx.org/resources/sdmxml/schemas/v2_1/common">Federal Ministry of Finance (Serbia and Montenegro)</Name>
        </Code>
        <Code id="CV1" urn="urn:sdmx:org.sdmx.infomodel.codelist.Code=ECB:CL_ORGANISATION(1.0).CV1">
          <Name xml:lang="en" xmlns="http://www.sdmx.org/resources/sdmxml/schemas/v2_1/common">Instituto Nacional de Estatistica (Cape Verde)</Name>
        </Code>
        <Code id="CV2" urn="urn:sdmx:org.sdmx.infomodel.codelist.Code=ECB:CL_ORGANISATION(1.0).CV2">
          <Name xml:lang="en" xmlns="http://www.sdmx.org/resources/sdmxml/schemas/v2_1/common">Banco de Cabo Verde (Cape Verde)</Name>
        </Code>
        <Code id="CV3" urn="urn:sdmx:org.sdmx.infomodel.codelist.Code=ECB:CL_ORGANISATION(1.0).CV3">
          <Name xml:lang="en" xmlns="http://www.sdmx.org/resources/sdmxml/schemas/v2_1/common">Ministere de la coordination economique (Cape Verde)</Name>
        </Code>
        <Code id="CV4" urn="urn:sdmx:org.sdmx.infomodel.codelist.Code=ECB:CL_ORGANISATION(1.0).CV4">
          <Name xml:lang="en" xmlns="http://www.sdmx.org/resources/sdmxml/schemas/v2_1/common">Ministerio das Financas (Cape Verde)</Name>
        </Code>
        <Code id="CY1" urn="urn:sdmx:org.sdmx.infomodel.codelist.Code=ECB:CL_ORGANISATION(1.0).CY1">
          <Name xml:lang="en" xmlns="http://www.sdmx.org/resources/sdmxml/schemas/v2_1/common">Cyprus, Department of Statistics and Research (Ministry of Finance)</Name>
        </Code>
        <Code id="CY2" urn="urn:sdmx:org.sdmx.infomodel.codelist.Code=ECB:CL_ORGANISATION(1.0).CY2">
          <Name xml:lang="en" xmlns="http://www.sdmx.org/resources/sdmxml/schemas/v2_1/common">Central Bank of Cyprus</Name>
        </Code>
        <Code id="CY4" urn="urn:sdmx:org.sdmx.infomodel.codelist.Code=ECB:CL_ORGANISATION(1.0).CY4">
          <Name xml:lang="en" xmlns="http://www.sdmx.org/resources/sdmxml/schemas/v2_1/common">Ministry of Finance (Cyprus)</Name>
        </Code>
        <Code id="CZ1" urn="urn:sdmx:org.sdmx.infomodel.codelist.Code=ECB:CL_ORGANISATION(1.0).CZ1">
          <Name xml:lang="en" xmlns="http://www.sdmx.org/resources/sdmxml/schemas/v2_1/common">Czech Statistical Office</Name>
        </Code>
        <Code id="CZ2" urn="urn:sdmx:org.sdmx.infomodel.codelist.Code=ECB:CL_ORGANISATION(1.0).CZ2">
          <Name xml:lang="en" xmlns="http://www.sdmx.org/resources/sdmxml/schemas/v2_1/common">Czech National Bank</Name>
        </Code>
        <Code id="CZ3" urn="urn:sdmx:org.sdmx.infomodel.codelist.Code=ECB:CL_ORGANISATION(1.0).CZ3">
          <Name xml:lang="en" xmlns="http://www.sdmx.org/resources/sdmxml/schemas/v2_1/common">Ministry of Transport and Communications/Transport Policy (Czech Repub lic)</Name>
        </Code>
        <Code id="CZ4" urn="urn:sdmx:org.sdmx.infomodel.codelist.Code=ECB:CL_ORGANISATION(1.0).CZ4">
          <Name xml:lang="en" xmlns="http://www.sdmx.org/resources/sdmxml/schemas/v2_1/common">Ministry of Finance of the Czech Republic</Name>
        </Code>
        <Code id="D22" urn="urn:sdmx:org.sdmx.infomodel.codelist.Code=ECB:CL_ORGANISATION(1.0).D22">
          <Name xml:lang="en" xmlns="http://www.sdmx.org/resources/sdmxml/schemas/v2_1/common">EU 15 central banks</Name>
        </Code>
        <Code id="D32" urn="urn:sdmx:org.sdmx.infomodel.codelist.Code=ECB:CL_ORGANISATION(1.0).D32">
          <Name xml:lang="en" xmlns="http://www.sdmx.org/resources/sdmxml/schemas/v2_1/common">EU 25 central banks</Name>
        </Code>
        <Code id="D82" urn="urn:sdmx:org.sdmx.infomodel.codelist.Code=ECB:CL_ORGANISATION(1.0).D82">
          <Name xml:lang="en" xmlns="http://www.sdmx.org/resources/sdmxml/schemas/v2_1/common">Central banks of the new EU Member States 2004 (CY,CZ,EE,HU,LV,LT,MT,P L,SK,SI)</Name>
        </Code>
        <Code id="DE1" urn="urn:sdmx:org.sdmx.infomodel.codelist.Code=ECB:CL_ORGANISATION(1.0).DE1">
          <Name xml:lang="en" xmlns="http://www.sdmx.org/resources/sdmxml/schemas/v2_1/common">Statistisches Bundesamt (Germany)</Name>
        </Code>
        <Code id="DE2" urn="urn:sdmx:org.sdmx.infomodel.codelist.Code=ECB:CL_ORGANISATION(1.0).DE2">
          <Name xml:lang="en" xmlns="http://www.sdmx.org/resources/sdmxml/schemas/v2_1/common">Deutsche Bundesbank (Germany)</Name>
        </Code>
        <Code id="DE3" urn="urn:sdmx:org.sdmx.infomodel.codelist.Code=ECB:CL_ORGANISATION(1.0).DE3">
          <Name xml:lang="en" xmlns="http://www.sdmx.org/resources/sdmxml/schemas/v2_1/common">Kraftfahrt-Bundesamt (Germany)</Name>
        </Code>
        <Code id="DE4" urn="urn:sdmx:org.sdmx.infomodel.codelist.Code=ECB:CL_ORGANISATION(1.0).DE4">
          <Name xml:lang="en" xmlns="http://www.sdmx.org/resources/sdmxml/schemas/v2_1/common">Bundesministerium der Finanzen (Germany)</Name>
        </Code>
        <Code id="DE8" urn="urn:sdmx:org.sdmx.infomodel.codelist.Code=ECB:CL_ORGANISATION(1.0).DE8">
          <Name xml:lang="en" xmlns="http://www.sdmx.org/resources/sdmxml/schemas/v2_1/common">IFO Institut für Wirtschaftsforschung (Germany)</Name>
        </Code>
        <Code id="DE9" urn="urn:sdmx:org.sdmx.infomodel.codelist.Code=ECB:CL_ORGANISATION(1.0).DE9">
          <Name xml:lang="en" xmlns="http://www.sdmx.org/resources/sdmxml/schemas/v2_1/common">Zentrum fur Europaische Wirtschaftsforschnung (ZEW, Germany)</Name>
        </Code>
        <Code id="DJ2" urn="urn:sdmx:org.sdmx.infomodel.codelist.Code=ECB:CL_ORGANISATION(1.0).DJ2">
          <Name xml:lang="en" xmlns="http://www.sdmx.org/resources/sdmxml/schemas/v2_1/common">Banque Nationale de Djibouti</Name>
        </Code>
        <Code id="DJ3" urn="urn:sdmx:org.sdmx.infomodel.codelist.Code=ECB:CL_ORGANISATION(1.0).DJ3">
          <Name xml:lang="en" xmlns="http://www.sdmx.org/resources/sdmxml/schemas/v2_1/common">Tresor National (Djibouti)</Name>
        </Code>
        <Code id="DJ4" urn="urn:sdmx:org.sdmx.infomodel.codelist.Code=ECB:CL_ORGANISATION(1.0).DJ4">
          <Name xml:lang="en" xmlns="http://www.sdmx.org/resources/sdmxml/schemas/v2_1/common">Ministere de l`Economie et des Finances (Djibouti)</Name>
        </Code>
        <Code id="DK1" urn="urn:sdmx:org.sdmx.infomodel.codelist.Code=ECB:CL_ORGANISATION(1.0).DK1">
          <Name xml:lang="en" xmlns="http://www.sdmx.org/resources/sdmxml/schemas/v2_1/common">Danmarks Statistik (Denmark)</Name>
        </Code>
        <Code id="DK2" urn="urn:sdmx:org.sdmx.infomodel.codelist.Code=ECB:CL_ORGANISATION(1.0).DK2">
          <Name xml:lang="en" xmlns="http://www.sdmx.org/resources/sdmxml/schemas/v2_1/common">Danmarks Nationalbank (Denmark)</Name>
        </Code>
        <Code id="DM1" urn="urn:sdmx:org.sdmx.infomodel.codelist.Code=ECB:CL_ORGANISATION(1.0).DM1">
          <Name xml:lang="en" xmlns="http://www.sdmx.org/resources/sdmxml/schemas/v2_1/common">Central Statistical Office (Dominica)</Name>
        </Code>
        <Code id="DM2" urn="urn:sdmx:org.sdmx.infomodel.codelist.Code=ECB:CL_ORGANISATION(1.0).DM2">
          <Name xml:lang="en" xmlns="http://www.sdmx.org/resources/sdmxml/schemas/v2_1/common">Eastern Caribbean Central Bank (ECCB) (Dominica)</Name>
        </Code>
        <Code id="DM4" urn="urn:sdmx:org.sdmx.infomodel.codelist.Code=ECB:CL_ORGANISATION(1.0).DM4">
          <Name xml:lang="en" xmlns="http://www.sdmx.org/resources/sdmxml/schemas/v2_1/common">Ministry of Finance (Dominica)</Name>
        </Code>
        <Code id="DO2" urn="urn:sdmx:org.sdmx.infomodel.codelist.Code=ECB:CL_ORGANISATION(1.0).DO2">
          <Name xml:lang="en" xmlns="http://www.sdmx.org/resources/sdmxml/schemas/v2_1/common">Banco Central de la Republica Dominicana</Name>
        </Code>
        <Code id="DZ1" urn="urn:sdmx:org.sdmx.infomodel.codelist.Code=ECB:CL_ORGANISATION(1.0).DZ1">
          <Name xml:lang="en" xmlns="http://www.sdmx.org/resources/sdmxml/schemas/v2_1/common">Office National des Statistiques (Algeria)</Name>
        </Code>
        <Code id="DZ2" urn="urn:sdmx:org.sdmx.infomodel.codelist.Code=ECB:CL_ORGANISATION(1.0).DZ2">
          <Name xml:lang="en" xmlns="http://www.sdmx.org/resources/sdmxml/schemas/v2_1/common">Banque d`Algerie</Name>
        </Code>
        <Code id="DZ4" urn="urn:sdmx:org.sdmx.infomodel.codelist.Code=ECB:CL_ORGANISATION(1.0).DZ4">
          <Name xml:lang="en" xmlns="http://www.sdmx.org/resources/sdmxml/schemas/v2_1/common">Ministere des Finances (Algeria)</Name>
        </Code>
        <Code id="EC1" urn="urn:sdmx:org.sdmx.infomodel.codelist.Code=ECB:CL_ORGANISATION(1.0).EC1">
          <Name xml:lang="en" xmlns="http://www.sdmx.org/resources/sdmxml/schemas/v2_1/common">Instituto Nacional de Estadistica y Censos (Ecuador)</Name>
        </Code>
        <Code id="EC2" urn="urn:sdmx:org.sdmx.infomodel.codelist.Code=ECB:CL_ORGANISATION(1.0).EC2">
          <Name xml:lang="en" xmlns="http://www.sdmx.org/resources/sdmxml/schemas/v2_1/common">Banco Central del Ecuador</Name>
        </Code>
        <Code id="EC4" urn="urn:sdmx:org.sdmx.infomodel.codelist.Code=ECB:CL_ORGANISATION(1.0).EC4">
          <Name xml:lang="en" xmlns="http://www.sdmx.org/resources/sdmxml/schemas/v2_1/common">Ministerio de Finanzas y Credito Publico (Ecuador)</Name>
        </Code>
        <Code id="EE1" urn="urn:sdmx:org.sdmx.infomodel.codelist.Code=ECB:CL_ORGANISATION(1.0).EE1">
          <Name xml:lang="en" xmlns="http://www.sdmx.org/resources/sdmxml/schemas/v2_1/common">Estonia, State Statistical Office</Name>
        </Code>
        <Code id="EE2" urn="urn:sdmx:org.sdmx.infomodel.codelist.Code=ECB:CL_ORGANISATION(1.0).EE2">
          <Name xml:lang="en" xmlns="http://www.sdmx.org/resources/sdmxml/schemas/v2_1/common">Bank of Estonia</Name>
        </Code>
        <Code id="EE4" urn="urn:sdmx:org.sdmx.infomodel.codelist.Code=ECB:CL_ORGANISATION(1.0).EE4">
          <Name xml:lang="en" xmlns="http://www.sdmx.org/resources/sdmxml/schemas/v2_1/common">Ministry of Finance (Estonia)</Name>
        </Code>
        <Code id="EG1" urn="urn:sdmx:org.sdmx.infomodel.codelist.Code=ECB:CL_ORGANISATION(1.0).EG1">
          <Name xml:lang="en" xmlns="http://www.sdmx.org/resources/sdmxml/schemas/v2_1/common">Central Agency for Public Mobilization and Stats. (Egypt)</Name>
        </Code>
        <Code id="EG2" urn="urn:sdmx:org.sdmx.infomodel.codelist.Code=ECB:CL_ORGANISATION(1.0).EG2">
          <Name xml:lang="en" xmlns="http://www.sdmx.org/resources/sdmxml/schemas/v2_1/common">Central Bank of Egypt</Name>
        </Code>
        <Code id="EG4" urn="urn:sdmx:org.sdmx.infomodel.codelist.Code=ECB:CL_ORGANISATION(1.0).EG4">
          <Name xml:lang="en" xmlns="http://www.sdmx.org/resources/sdmxml/schemas/v2_1/common">Ministry of Finance (Egypt)</Name>
        </Code>
        <Code id="ER2" urn="urn:sdmx:org.sdmx.infomodel.codelist.Code=ECB:CL_ORGANISATION(1.0).ER2">
          <Name xml:lang="en" xmlns="http://www.sdmx.org/resources/sdmxml/schemas/v2_1/common">Bank of Eritrea</Name>
        </Code>
        <Code id="ER4" urn="urn:sdmx:org.sdmx.infomodel.codelist.Code=ECB:CL_ORGANISATION(1.0).ER4">
          <Name xml:lang="en" xmlns="http://www.sdmx.org/resources/sdmxml/schemas/v2_1/common">Ministry of Finance (Eritrea)</Name>
        </Code>
        <Code id="ES1" urn="urn:sdmx:org.sdmx.infomodel.codelist.Code=ECB:CL_ORGANISATION(1.0).ES1">
          <Name xml:lang="en" xmlns="http://www.sdmx.org/resources/sdmxml/schemas/v2_1/common">Instituto Nacional de Statistica (Spain)</Name>
        </Code>
        <Code id="ES2" urn="urn:sdmx:org.sdmx.infomodel.codelist.Code=ECB:CL_ORGANISATION(1.0).ES2">
          <Name xml:lang="en" xmlns="http://www.sdmx.org/resources/sdmxml/schemas/v2_1/common">Banco de Espana (Spain)</Name>
        </Code>
        <Code id="ES3" urn="urn:sdmx:org.sdmx.infomodel.codelist.Code=ECB:CL_ORGANISATION(1.0).ES3">
          <Name xml:lang="en" xmlns="http://www.sdmx.org/resources/sdmxml/schemas/v2_1/common">Departamento de Aduanas (Spain)</Name>
        </Code>
        <Code id="ES4" urn="urn:sdmx:org.sdmx.infomodel.codelist.Code=ECB:CL_ORGANISATION(1.0).ES4">
          <Name xml:lang="en" xmlns="http://www.sdmx.org/resources/sdmxml/schemas/v2_1/common">Ministerio de Economia y Hacienda (Spain)</Name>
        </Code>
        <Code id="ES5" urn="urn:sdmx:org.sdmx.infomodel.codelist.Code=ECB:CL_ORGANISATION(1.0).ES5">
          <Name xml:lang="en" xmlns="http://www.sdmx.org/resources/sdmxml/schemas/v2_1/common">Ministerio de Industria, Tourismo y Comerco (Spain)</Name>
        </Code>
        <Code id="ET2" urn="urn:sdmx:org.sdmx.infomodel.codelist.Code=ECB:CL_ORGANISATION(1.0).ET2">
          <Name xml:lang="en" xmlns="http://www.sdmx.org/resources/sdmxml/schemas/v2_1/common">National Bank of Ethiopia</Name>
        </Code>
        <Code id="ET3" urn="urn:sdmx:org.sdmx.infomodel.codelist.Code=ECB:CL_ORGANISATION(1.0).ET3">
          <Name xml:lang="en" xmlns="http://www.sdmx.org/resources/sdmxml/schemas/v2_1/common">Customs and Excise Administration (Ethiopia)</Name>
        </Code>
        <Code id="ET4" urn="urn:sdmx:org.sdmx.infomodel.codelist.Code=ECB:CL_ORGANISATION(1.0).ET4">
          <Name xml:lang="en" xmlns="http://www.sdmx.org/resources/sdmxml/schemas/v2_1/common">Ministry of Finance (Ethiopia)</Name>
        </Code>
        <Code id="FI1" urn="urn:sdmx:org.sdmx.infomodel.codelist.Code=ECB:CL_ORGANISATION(1.0).FI1">
          <Name xml:lang="en" xmlns="http://www.sdmx.org/resources/sdmxml/schemas/v2_1/common">Statistics Finland (Finland)</Name>
        </Code>
        <Code id="FI2" urn="urn:sdmx:org.sdmx.infomodel.codelist.Code=ECB:CL_ORGANISATION(1.0).FI2">
          <Name xml:lang="en" xmlns="http://www.sdmx.org/resources/sdmxml/schemas/v2_1/common">Bank of Finland (Finland)</Name>
        </Code>
        <Code id="FI3" urn="urn:sdmx:org.sdmx.infomodel.codelist.Code=ECB:CL_ORGANISATION(1.0).FI3">
          <Name xml:lang="en" xmlns="http://www.sdmx.org/resources/sdmxml/schemas/v2_1/common">National Board of Customs (Finland)</Name>
        </Code>
        <Code id="FJ1" urn="urn:sdmx:org.sdmx.infomodel.codelist.Code=ECB:CL_ORGANISATION(1.0).FJ1">
          <Name xml:lang="en" xmlns="http://www.sdmx.org/resources/sdmxml/schemas/v2_1/common">Bureau of Statistics (Fiji)</Name>
        </Code>
        <Code id="FJ2" urn="urn:sdmx:org.sdmx.infomodel.codelist.Code=ECB:CL_ORGANISATION(1.0).FJ2">
          <Name xml:lang="en" xmlns="http://www.sdmx.org/resources/sdmxml/schemas/v2_1/common">Reserve Bank of Fiji</Name>
        </Code>
        <Code id="FJ4" urn="urn:sdmx:org.sdmx.infomodel.codelist.Code=ECB:CL_ORGANISATION(1.0).FJ4">
          <Name xml:lang="en" xmlns="http://www.sdmx.org/resources/sdmxml/schemas/v2_1/common">Ministry of Finance and National Planning (Fiji)</Name>
        </Code>
        <Code id="FM1" urn="urn:sdmx:org.sdmx.infomodel.codelist.Code=ECB:CL_ORGANISATION(1.0).FM1">
          <Name xml:lang="en" xmlns="http://www.sdmx.org/resources/sdmxml/schemas/v2_1/common">Office of Planning and Statistics (Micronesia, Federated States of)</Name>
        </Code>
        <Code id="FR1" urn="urn:sdmx:org.sdmx.infomodel.codelist.Code=ECB:CL_ORGANISATION(1.0).FR1">
          <Name xml:lang="en" xmlns="http://www.sdmx.org/resources/sdmxml/schemas/v2_1/common">Institut National de la Statistique et des Etudes Economiques - INSEE  (France)</Name>
        </Code>
        <Code id="FR2" urn="urn:sdmx:org.sdmx.infomodel.codelist.Code=ECB:CL_ORGANISATION(1.0).FR2">
          <Name xml:lang="en" xmlns="http://www.sdmx.org/resources/sdmxml/schemas/v2_1/common">Banque de France (France)</Name>
        </Code>
        <Code id="FR3" urn="urn:sdmx:org.sdmx.infomodel.codelist.Code=ECB:CL_ORGANISATION(1.0).FR3">
          <Name xml:lang="en" xmlns="http://www.sdmx.org/resources/sdmxml/schemas/v2_1/common">Ministere de l Equipement, des Transports et du Logement (France)</Name>
        </Code>
        <Code id="FR4" urn="urn:sdmx:org.sdmx.infomodel.codelist.Code=ECB:CL_ORGANISATION(1.0).FR4">
          <Name xml:lang="en" xmlns="http://www.sdmx.org/resources/sdmxml/schemas/v2_1/common">Ministere de l`Economie et des Finances (France)</Name>
        </Code>
        <Code id="FR5" urn="urn:sdmx:org.sdmx.infomodel.codelist.Code=ECB:CL_ORGANISATION(1.0).FR5">
          <Name xml:lang="en" xmlns="http://www.sdmx.org/resources/sdmxml/schemas/v2_1/common">Direction generale des douanes (France)</Name>
        </Code>
        <Code id="GA2" urn="urn:sdmx:org.sdmx.infomodel.codelist.Code=ECB:CL_ORGANISATION(1.0).GA2">
          <Name xml:lang="en" xmlns="http://www.sdmx.org/resources/sdmxml/schemas/v2_1/common">Banque des Etats de l`Afrique Centrale (BEAC) (Gabon)</Name>
        </Code>
        <Code id="GA3" urn="urn:sdmx:org.sdmx.infomodel.codelist.Code=ECB:CL_ORGANISATION(1.0).GA3">
          <Name xml:lang="en" xmlns="http://www.sdmx.org/resources/sdmxml/schemas/v2_1/common">Ministere du Plan (Gabon)</Name>
        </Code>
        <Code id="GA4" urn="urn:sdmx:org.sdmx.infomodel.codelist.Code=ECB:CL_ORGANISATION(1.0).GA4">
          <Name xml:lang="en" xmlns="http://www.sdmx.org/resources/sdmxml/schemas/v2_1/common">Ministry of Economy, Finance and Privatization (Gabon)</Name>
        </Code>
        <Code id="GA5" urn="urn:sdmx:org.sdmx.infomodel.codelist.Code=ECB:CL_ORGANISATION(1.0).GA5">
          <Name xml:lang="en" xmlns="http://www.sdmx.org/resources/sdmxml/schemas/v2_1/common">Tresorier-Payeur General du Gabon</Name>
        </Code>
        <Code id="GB1" urn="urn:sdmx:org.sdmx.infomodel.codelist.Code=ECB:CL_ORGANISATION(1.0).GB1">
          <Name xml:lang="en" xmlns="http://www.sdmx.org/resources/sdmxml/schemas/v2_1/common">Office for National Statistics (United Kingdom)</Name>
        </Code>
        <Code id="GB2" urn="urn:sdmx:org.sdmx.infomodel.codelist.Code=ECB:CL_ORGANISATION(1.0).GB2">
          <Name xml:lang="en" xmlns="http://www.sdmx.org/resources/sdmxml/schemas/v2_1/common">Bank of England (United Kingdom)</Name>
        </Code>
        <Code id="GB3" urn="urn:sdmx:org.sdmx.infomodel.codelist.Code=ECB:CL_ORGANISATION(1.0).GB3">
          <Name xml:lang="en" xmlns="http://www.sdmx.org/resources/sdmxml/schemas/v2_1/common">Department of Environment, Transport and the Regions (United Kingdom)</Name>
        </Code>
        <Code id="GB4" urn="urn:sdmx:org.sdmx.infomodel.codelist.Code=ECB:CL_ORGANISATION(1.0).GB4">
          <Name xml:lang="en" xmlns="http://www.sdmx.org/resources/sdmxml/schemas/v2_1/common">Department of Trade and Industry (United Kingdom)</Name>
        </Code>
        <Code id="GB9" urn="urn:sdmx:org.sdmx.infomodel.codelist.Code=ECB:CL_ORGANISATION(1.0).GB9">
          <Name xml:lang="en" xmlns="http://www.sdmx.org/resources/sdmxml/schemas/v2_1/common">NTC Economics (United Kingdom)</Name>
        </Code>
        <Code id="GD2" urn="urn:sdmx:org.sdmx.infomodel.codelist.Code=ECB:CL_ORGANISATION(1.0).GD2">
          <Name xml:lang="en" xmlns="http://www.sdmx.org/resources/sdmxml/schemas/v2_1/common">Eastern Caribbean Central Bank (ECCB) (Grenada)</Name>
        </Code>
        <Code id="GD4" urn="urn:sdmx:org.sdmx.infomodel.codelist.Code=ECB:CL_ORGANISATION(1.0).GD4">
          <Name xml:lang="en" xmlns="http://www.sdmx.org/resources/sdmxml/schemas/v2_1/common">Ministry of Finance (Grenada)</Name>
        </Code>
        <Code id="GE1" urn="urn:sdmx:org.sdmx.infomodel.codelist.Code=ECB:CL_ORGANISATION(1.0).GE1">
          <Name xml:lang="en" xmlns="http://www.sdmx.org/resources/sdmxml/schemas/v2_1/common">State Department for Statistics of Georgia</Name>
        </Code>
        <Code id="GE2" urn="urn:sdmx:org.sdmx.infomodel.codelist.Code=ECB:CL_ORGANISATION(1.0).GE2">
          <Name xml:lang="en" xmlns="http://www.sdmx.org/resources/sdmxml/schemas/v2_1/common">National Bank of Georgia</Name>
        </Code>
        <Code id="GE4" urn="urn:sdmx:org.sdmx.infomodel.codelist.Code=ECB:CL_ORGANISATION(1.0).GE4">
          <Name xml:lang="en" xmlns="http://www.sdmx.org/resources/sdmxml/schemas/v2_1/common">Ministry of Finance (Georgia)</Name>
        </Code>
        <Code id="GF1" urn="urn:sdmx:org.sdmx.infomodel.codelist.Code=ECB:CL_ORGANISATION(1.0).GF1">
          <Name xml:lang="en" xmlns="http://www.sdmx.org/resources/sdmxml/schemas/v2_1/common">Institut National de la Statistique et des Etudes Economiques - INSEE  - Service regional (Guiana, French)</Name>
        </Code>
        <Code id="GG6" urn="urn:sdmx:org.sdmx.infomodel.codelist.Code=ECB:CL_ORGANISATION(1.0).GG6">
          <Name xml:lang="en" xmlns="http://www.sdmx.org/resources/sdmxml/schemas/v2_1/common">Financial Services Commission, Guernsey (GG)</Name>
        </Code>
        <Code id="GH1" urn="urn:sdmx:org.sdmx.infomodel.codelist.Code=ECB:CL_ORGANISATION(1.0).GH1">
          <Name xml:lang="en" xmlns="http://www.sdmx.org/resources/sdmxml/schemas/v2_1/common">Ghana Statistical Service</Name>
        </Code>
        <Code id="GH2" urn="urn:sdmx:org.sdmx.infomodel.codelist.Code=ECB:CL_ORGANISATION(1.0).GH2">
          <Name xml:lang="en" xmlns="http://www.sdmx.org/resources/sdmxml/schemas/v2_1/common">Bank of Ghana</Name>
        </Code>
        <Code id="GH4" urn="urn:sdmx:org.sdmx.infomodel.codelist.Code=ECB:CL_ORGANISATION(1.0).GH4">
          <Name xml:lang="en" xmlns="http://www.sdmx.org/resources/sdmxml/schemas/v2_1/common">Ministry of Finance (Ghana)</Name>
        </Code>
        <Code id="GM2" urn="urn:sdmx:org.sdmx.infomodel.codelist.Code=ECB:CL_ORGANISATION(1.0).GM2">
          <Name xml:lang="en" xmlns="http://www.sdmx.org/resources/sdmxml/schemas/v2_1/common">Central Bank of The Gambia</Name>
        </Code>
        <Code id="GM4" urn="urn:sdmx:org.sdmx.infomodel.codelist.Code=ECB:CL_ORGANISATION(1.0).GM4">
          <Name xml:lang="en" xmlns="http://www.sdmx.org/resources/sdmxml/schemas/v2_1/common">Ministry of Finance and Economic Affairs (Gambia)</Name>
        </Code>
        <Code id="GN1" urn="urn:sdmx:org.sdmx.infomodel.codelist.Code=ECB:CL_ORGANISATION(1.0).GN1">
          <Name xml:lang="en" xmlns="http://www.sdmx.org/resources/sdmxml/schemas/v2_1/common">Service de la Statistique generale et de la Mecanographie (Guinea)</Name>
        </Code>
        <Code id="GN2" urn="urn:sdmx:org.sdmx.infomodel.codelist.Code=ECB:CL_ORGANISATION(1.0).GN2">
          <Name xml:lang="en" xmlns="http://www.sdmx.org/resources/sdmxml/schemas/v2_1/common">Banque Centrale de la Republique de Guinee</Name>
        </Code>
        <Code id="GN4" urn="urn:sdmx:org.sdmx.infomodel.codelist.Code=ECB:CL_ORGANISATION(1.0).GN4">
          <Name xml:lang="en" xmlns="http://www.sdmx.org/resources/sdmxml/schemas/v2_1/common">Ministere de l`Economie et des Finances (Guinea)</Name>
        </Code>
        <Code id="GP1" urn="urn:sdmx:org.sdmx.infomodel.codelist.Code=ECB:CL_ORGANISATION(1.0).GP1">
          <Name xml:lang="en" xmlns="http://www.sdmx.org/resources/sdmxml/schemas/v2_1/common">Institut National de la Statistique et des Etudes Economiques - INSEE  -Service regional (Guadeloupe)</Name>
        </Code>
        <Code id="GQ2" urn="urn:sdmx:org.sdmx.infomodel.codelist.Code=ECB:CL_ORGANISATION(1.0).GQ2">
          <Name xml:lang="en" xmlns="http://www.sdmx.org/resources/sdmxml/schemas/v2_1/common">Banque des Etats de l`Afrique Centrale (BEAC) (Equatorial Guinea)</Name>
        </Code>
        <Code id="GQ4" urn="urn:sdmx:org.sdmx.infomodel.codelist.Code=ECB:CL_ORGANISATION(1.0).GQ4">
          <Name xml:lang="en" xmlns="http://www.sdmx.org/resources/sdmxml/schemas/v2_1/common">Ministerio de Economia y Hacienda (Equatorial Guinea)</Name>
        </Code>
        <Code id="GR1" urn="urn:sdmx:org.sdmx.infomodel.codelist.Code=ECB:CL_ORGANISATION(1.0).GR1">
          <Name xml:lang="en" xmlns="http://www.sdmx.org/resources/sdmxml/schemas/v2_1/common">National Statistical Service of Greece (Greece)</Name>
        </Code>
        <Code id="GR2" urn="urn:sdmx:org.sdmx.infomodel.codelist.Code=ECB:CL_ORGANISATION(1.0).GR2">
          <Name xml:lang="en" xmlns="http://www.sdmx.org/resources/sdmxml/schemas/v2_1/common">Bank of Greece (Greece)</Name>
        </Code>
        <Code id="GR4" urn="urn:sdmx:org.sdmx.infomodel.codelist.Code=ECB:CL_ORGANISATION(1.0).GR4">
          <Name xml:lang="en" xmlns="http://www.sdmx.org/resources/sdmxml/schemas/v2_1/common">Ministry of Economy and Finance (Greece)</Name>
        </Code>
        <Code id="GT1" urn="urn:sdmx:org.sdmx.infomodel.codelist.Code=ECB:CL_ORGANISATION(1.0).GT1">
          <Name xml:lang="en" xmlns="http://www.sdmx.org/resources/sdmxml/schemas/v2_1/common">Instituto Nacional de Estadistica (Guatemala)</Name>
        </Code>
        <Code id="GT2" urn="urn:sdmx:org.sdmx.infomodel.codelist.Code=ECB:CL_ORGANISATION(1.0).GT2">
          <Name xml:lang="en" xmlns="http://www.sdmx.org/resources/sdmxml/schemas/v2_1/common">Banco de Guatemala</Name>
        </Code>
        <Code id="GT4" urn="urn:sdmx:org.sdmx.infomodel.codelist.Code=ECB:CL_ORGANISATION(1.0).GT4">
          <Name xml:lang="en" xmlns="http://www.sdmx.org/resources/sdmxml/schemas/v2_1/common">Ministerio de Finanzas Publicas (Guatemala)</Name>
        </Code>
        <Code id="GW2" urn="urn:sdmx:org.sdmx.infomodel.codelist.Code=ECB:CL_ORGANISATION(1.0).GW2">
          <Name xml:lang="en" xmlns="http://www.sdmx.org/resources/sdmxml/schemas/v2_1/common">Banque Centrale des Etats de l`Afrique de l`Ouest (BCEAO) (Guinea-Biss au)</Name>
        </Code>
        <Code id="GW4" urn="urn:sdmx:org.sdmx.infomodel.codelist.Code=ECB:CL_ORGANISATION(1.0).GW4">
          <Name xml:lang="en" xmlns="http://www.sdmx.org/resources/sdmxml/schemas/v2_1/common">Ministere de l`Economie et des Finances (Guinea-Bissau)</Name>
        </Code>
        <Code id="GY1" urn="urn:sdmx:org.sdmx.infomodel.codelist.Code=ECB:CL_ORGANISATION(1.0).GY1">
          <Name xml:lang="en" xmlns="http://www.sdmx.org/resources/sdmxml/schemas/v2_1/common">Statistical Bureau / Ministry of Planning (Guyana)</Name>
        </Code>
        <Code id="GY2" urn="urn:sdmx:org.sdmx.infomodel.codelist.Code=ECB:CL_ORGANISATION(1.0).GY2">
          <Name xml:lang="en" xmlns="http://www.sdmx.org/resources/sdmxml/schemas/v2_1/common">Bank of Guyana</Name>
        </Code>
        <Code id="GY4" urn="urn:sdmx:org.sdmx.infomodel.codelist.Code=ECB:CL_ORGANISATION(1.0).GY4">
          <Name xml:lang="en" xmlns="http://www.sdmx.org/resources/sdmxml/schemas/v2_1/common">Ministry of Finance (Guyana)</Name>
        </Code>
        <Code id="HK1" urn="urn:sdmx:org.sdmx.infomodel.codelist.Code=ECB:CL_ORGANISATION(1.0).HK1">
          <Name xml:lang="en" xmlns="http://www.sdmx.org/resources/sdmxml/schemas/v2_1/common">Census and Statistics Department (China, P.R. Hong Kong)</Name>
        </Code>
        <Code id="HK2" urn="urn:sdmx:org.sdmx.infomodel.codelist.Code=ECB:CL_ORGANISATION(1.0).HK2">
          <Name xml:lang="en" xmlns="http://www.sdmx.org/resources/sdmxml/schemas/v2_1/common">Hong Kong Monetary Authority</Name>
        </Code>
        <Code id="HK4" urn="urn:sdmx:org.sdmx.infomodel.codelist.Code=ECB:CL_ORGANISATION(1.0).HK4">
          <Name xml:lang="en" xmlns="http://www.sdmx.org/resources/sdmxml/schemas/v2_1/common">Financial Services and the Treasury Bureau (Treasury) (China, P.R. Hon g Kong)</Name>
        </Code>
        <Code id="HN1" urn="urn:sdmx:org.sdmx.infomodel.codelist.Code=ECB:CL_ORGANISATION(1.0).HN1">
          <Name xml:lang="en" xmlns="http://www.sdmx.org/resources/sdmxml/schemas/v2_1/common">Direccion General de Censos y Estadisticas (Honduras)</Name>
        </Code>
        <Code id="HN2" urn="urn:sdmx:org.sdmx.infomodel.codelist.Code=ECB:CL_ORGANISATION(1.0).HN2">
          <Name xml:lang="en" xmlns="http://www.sdmx.org/resources/sdmxml/schemas/v2_1/common">Banco Central de Honduras</Name>
        </Code>
        <Code id="HN4" urn="urn:sdmx:org.sdmx.infomodel.codelist.Code=ECB:CL_ORGANISATION(1.0).HN4">
          <Name xml:lang="en" xmlns="http://www.sdmx.org/resources/sdmxml/schemas/v2_1/common">Ministerio de Hacienda y Credito Publico (Honduras)</Name>
        </Code>
        <Code id="HR1" urn="urn:sdmx:org.sdmx.infomodel.codelist.Code=ECB:CL_ORGANISATION(1.0).HR1">
          <Name xml:lang="en" xmlns="http://www.sdmx.org/resources/sdmxml/schemas/v2_1/common">Central Bureau of Statistics (Croatia)</Name>
        </Code>
        <Code id="HR2" urn="urn:sdmx:org.sdmx.infomodel.codelist.Code=ECB:CL_ORGANISATION(1.0).HR2">
          <Name xml:lang="en" xmlns="http://www.sdmx.org/resources/sdmxml/schemas/v2_1/common">Croatian National Bank</Name>
        </Code>
        <Code id="HR4" urn="urn:sdmx:org.sdmx.infomodel.codelist.Code=ECB:CL_ORGANISATION(1.0).HR4">
          <Name xml:lang="en" xmlns="http://www.sdmx.org/resources/sdmxml/schemas/v2_1/common">Ministry of Finance (Croatia)</Name>
        </Code>
        <Code id="HT1" urn="urn:sdmx:org.sdmx.infomodel.codelist.Code=ECB:CL_ORGANISATION(1.0).HT1">
          <Name xml:lang="en" xmlns="http://www.sdmx.org/resources/sdmxml/schemas/v2_1/common">Institut Haitien de Statistique et d`Informatique (Haiti)</Name>
        </Code>
        <Code id="HT2" urn="urn:sdmx:org.sdmx.infomodel.codelist.Code=ECB:CL_ORGANISATION(1.0).HT2">
          <Name xml:lang="en" xmlns="http://www.sdmx.org/resources/sdmxml/schemas/v2_1/common">Banque de la Republique dHaiti</Name>
        </Code>
        <Code id="HT4" urn="urn:sdmx:org.sdmx.infomodel.codelist.Code=ECB:CL_ORGANISATION(1.0).HT4">
          <Name xml:lang="en" xmlns="http://www.sdmx.org/resources/sdmxml/schemas/v2_1/common">Ministere de l`Economie et des Finances (Haiti)</Name>
        </Code>
        <Code id="HU1" urn="urn:sdmx:org.sdmx.infomodel.codelist.Code=ECB:CL_ORGANISATION(1.0).HU1">
          <Name xml:lang="en" xmlns="http://www.sdmx.org/resources/sdmxml/schemas/v2_1/common">Hungarian Central Statistical Office</Name>
        </Code>
        <Code id="HU2" urn="urn:sdmx:org.sdmx.infomodel.codelist.Code=ECB:CL_ORGANISATION(1.0).HU2">
          <Name xml:lang="en" xmlns="http://www.sdmx.org/resources/sdmxml/schemas/v2_1/common">National Bank of Hungary</Name>
        </Code>
        <Code id="HU4" urn="urn:sdmx:org.sdmx.infomodel.codelist.Code=ECB:CL_ORGANISATION(1.0).HU4">
          <Name xml:lang="en" xmlns="http://www.sdmx.org/resources/sdmxml/schemas/v2_1/common">Ministry of Finance (Hungary)</Name>
        </Code>
        <Code id="I22" urn="urn:sdmx:org.sdmx.infomodel.codelist.Code=ECB:CL_ORGANISATION(1.0).I22">
          <Name xml:lang="en" xmlns="http://www.sdmx.org/resources/sdmxml/schemas/v2_1/common">Euro area 12 central banks</Name>
        </Code>
        <Code id="I32" urn="urn:sdmx:org.sdmx.infomodel.codelist.Code=ECB:CL_ORGANISATION(1.0).I32">
          <Name xml:lang="en" xmlns="http://www.sdmx.org/resources/sdmxml/schemas/v2_1/common">Euro area 13 central banks</Name>
        </Code>
        <Code id="ID1" urn="urn:sdmx:org.sdmx.infomodel.codelist.Code=ECB:CL_ORGANISATION(1.0).ID1">
          <Name xml:lang="en" xmlns="http://www.sdmx.org/resources/sdmxml/schemas/v2_1/common">BPS-Statistics Indonesia</Name>
        </Code>
        <Code id="ID2" urn="urn:sdmx:org.sdmx.infomodel.codelist.Code=ECB:CL_ORGANISATION(1.0).ID2">
          <Name xml:lang="en" xmlns="http://www.sdmx.org/resources/sdmxml/schemas/v2_1/common">Bank Indonesia</Name>
        </Code>
        <Code id="ID4" urn="urn:sdmx:org.sdmx.infomodel.codelist.Code=ECB:CL_ORGANISATION(1.0).ID4">
          <Name xml:lang="en" xmlns="http://www.sdmx.org/resources/sdmxml/schemas/v2_1/common">Ministry of Finance (Indonesia)</Name>
        </Code>
        <Code id="IE1" urn="urn:sdmx:org.sdmx.infomodel.codelist.Code=ECB:CL_ORGANISATION(1.0).IE1">
          <Name xml:lang="en" xmlns="http://www.sdmx.org/resources/sdmxml/schemas/v2_1/common">Central Statistical Office (Ireland)</Name>
        </Code>
        <Code id="IE2" urn="urn:sdmx:org.sdmx.infomodel.codelist.Code=ECB:CL_ORGANISATION(1.0).IE2">
          <Name xml:lang="en" xmlns="http://www.sdmx.org/resources/sdmxml/schemas/v2_1/common">Central Bank of Ireland (Ireland)</Name>
        </Code>
        <Code id="IE3" urn="urn:sdmx:org.sdmx.infomodel.codelist.Code=ECB:CL_ORGANISATION(1.0).IE3">
          <Name xml:lang="en" xmlns="http://www.sdmx.org/resources/sdmxml/schemas/v2_1/common">The Office of the Revenue Commissioners (Ireland)</Name>
        </Code>
        <Code id="IE4" urn="urn:sdmx:org.sdmx.infomodel.codelist.Code=ECB:CL_ORGANISATION(1.0).IE4">
          <Name xml:lang="en" xmlns="http://www.sdmx.org/resources/sdmxml/schemas/v2_1/common">Department of Finance (Ireland)</Name>
        </Code>
        <Code id="IL1" urn="urn:sdmx:org.sdmx.infomodel.codelist.Code=ECB:CL_ORGANISATION(1.0).IL1">
          <Name xml:lang="en" xmlns="http://www.sdmx.org/resources/sdmxml/schemas/v2_1/common">Central Bureau of Statistics (Israel)</Name>
        </Code>
        <Code id="IL2" urn="urn:sdmx:org.sdmx.infomodel.codelist.Code=ECB:CL_ORGANISATION(1.0).IL2">
          <Name xml:lang="en" xmlns="http://www.sdmx.org/resources/sdmxml/schemas/v2_1/common">Bank of Israel</Name>
        </Code>
        <Code id="IM6" urn="urn:sdmx:org.sdmx.infomodel.codelist.Code=ECB:CL_ORGANISATION(1.0).IM6">
          <Name xml:lang="en" xmlns="http://www.sdmx.org/resources/sdmxml/schemas/v2_1/common">Financial Supervision Commission, Isle of Man (IM)</Name>
        </Code>
        <Code id="IN2" urn="urn:sdmx:org.sdmx.infomodel.codelist.Code=ECB:CL_ORGANISATION(1.0).IN2">
          <Name xml:lang="en" xmlns="http://www.sdmx.org/resources/sdmxml/schemas/v2_1/common">Reserve Bank of India</Name>
        </Code>
        <Code id="IN4" urn="urn:sdmx:org.sdmx.infomodel.codelist.Code=ECB:CL_ORGANISATION(1.0).IN4">
          <Name xml:lang="en" xmlns="http://www.sdmx.org/resources/sdmxml/schemas/v2_1/common">Ministry of Finance (India)</Name>
        </Code>
        <Code id="IQ2" urn="urn:sdmx:org.sdmx.infomodel.codelist.Code=ECB:CL_ORGANISATION(1.0).IQ2">
          <Name xml:lang="en" xmlns="http://www.sdmx.org/resources/sdmxml/schemas/v2_1/common">Central Bank of Iraq</Name>
        </Code>
        <Code id="IQ4" urn="urn:sdmx:org.sdmx.infomodel.codelist.Code=ECB:CL_ORGANISATION(1.0).IQ4">
          <Name xml:lang="en" xmlns="http://www.sdmx.org/resources/sdmxml/schemas/v2_1/common">Ministry of Finance (Iraq)</Name>
        </Code>
        <Code id="IR2" urn="urn:sdmx:org.sdmx.infomodel.codelist.Code=ECB:CL_ORGANISATION(1.0).IR2">
          <Name xml:lang="en" xmlns="http://www.sdmx.org/resources/sdmxml/schemas/v2_1/common">The Central Bank of the Islamic Republic of Iran</Name>
        </Code>
        <Code id="IS1" urn="urn:sdmx:org.sdmx.infomodel.codelist.Code=ECB:CL_ORGANISATION(1.0).IS1">
          <Name xml:lang="en" xmlns="http://www.sdmx.org/resources/sdmxml/schemas/v2_1/common">Statistics Iceland</Name>
        </Code>
        <Code id="IS2" urn="urn:sdmx:org.sdmx.infomodel.codelist.Code=ECB:CL_ORGANISATION(1.0).IS2">
          <Name xml:lang="en" xmlns="http://www.sdmx.org/resources/sdmxml/schemas/v2_1/common">Central Bank of Iceland</Name>
        </Code>
        <Code id="IT1" urn="urn:sdmx:org.sdmx.infomodel.codelist.Code=ECB:CL_ORGANISATION(1.0).IT1">
          <Name xml:lang="en" xmlns="http://www.sdmx.org/resources/sdmxml/schemas/v2_1/common">Instituto Nazionale di Statistica - ISTAT (Italy)</Name>
        </Code>
        <Code id="IT2" urn="urn:sdmx:org.sdmx.infomodel.codelist.Code=ECB:CL_ORGANISATION(1.0).IT2">
          <Name xml:lang="en" xmlns="http://www.sdmx.org/resources/sdmxml/schemas/v2_1/common">Banca d` Italia (Italy)</Name>
        </Code>
        <Code id="IT3" urn="urn:sdmx:org.sdmx.infomodel.codelist.Code=ECB:CL_ORGANISATION(1.0).IT3">
          <Name xml:lang="en" xmlns="http://www.sdmx.org/resources/sdmxml/schemas/v2_1/common">Ufficio Italiano dei Cambi (Italy)</Name>
        </Code>
        <Code id="IT4" urn="urn:sdmx:org.sdmx.infomodel.codelist.Code=ECB:CL_ORGANISATION(1.0).IT4">
          <Name xml:lang="en" xmlns="http://www.sdmx.org/resources/sdmxml/schemas/v2_1/common">Ministerio de Tesore (Italy)</Name>
        </Code>
        <Code id="IT9" urn="urn:sdmx:org.sdmx.infomodel.codelist.Code=ECB:CL_ORGANISATION(1.0).IT9">
          <Name xml:lang="en" xmlns="http://www.sdmx.org/resources/sdmxml/schemas/v2_1/common">Instituto di Studi e Analisi Economica (Italy)</Name>
        </Code>
        <Code id="JE6" urn="urn:sdmx:org.sdmx.infomodel.codelist.Code=ECB:CL_ORGANISATION(1.0).JE6">
          <Name xml:lang="en" xmlns="http://www.sdmx.org/resources/sdmxml/schemas/v2_1/common">Financial Services Commission, Jersey (JE)</Name>
        </Code>
        <Code id="JM1" urn="urn:sdmx:org.sdmx.infomodel.codelist.Code=ECB:CL_ORGANISATION(1.0).JM1">
          <Name xml:lang="en" xmlns="http://www.sdmx.org/resources/sdmxml/schemas/v2_1/common">Statistical Institute of Jamaica</Name>
        </Code>
        <Code id="JM2" urn="urn:sdmx:org.sdmx.infomodel.codelist.Code=ECB:CL_ORGANISATION(1.0).JM2">
          <Name xml:lang="en" xmlns="http://www.sdmx.org/resources/sdmxml/schemas/v2_1/common">Bank of Jamaica</Name>
        </Code>
        <Code id="JM4" urn="urn:sdmx:org.sdmx.infomodel.codelist.Code=ECB:CL_ORGANISATION(1.0).JM4">
          <Name xml:lang="en" xmlns="http://www.sdmx.org/resources/sdmxml/schemas/v2_1/common">Ministry of Finance and Planning (Jamaica)</Name>
        </Code>
        <Code id="JO1" urn="urn:sdmx:org.sdmx.infomodel.codelist.Code=ECB:CL_ORGANISATION(1.0).JO1">
          <Name xml:lang="en" xmlns="http://www.sdmx.org/resources/sdmxml/schemas/v2_1/common">Department of Statistics (Jordon)</Name>
        </Code>
        <Code id="JO2" urn="urn:sdmx:org.sdmx.infomodel.codelist.Code=ECB:CL_ORGANISATION(1.0).JO2">
          <Name xml:lang="en" xmlns="http://www.sdmx.org/resources/sdmxml/schemas/v2_1/common">Central Bank of Jordan</Name>
        </Code>
        <Code id="JO4" urn="urn:sdmx:org.sdmx.infomodel.codelist.Code=ECB:CL_ORGANISATION(1.0).JO4">
          <Name xml:lang="en" xmlns="http://www.sdmx.org/resources/sdmxml/schemas/v2_1/common">Ministry of Finance (Jordon)</Name>
        </Code>
        <Code id="JP2" urn="urn:sdmx:org.sdmx.infomodel.codelist.Code=ECB:CL_ORGANISATION(1.0).JP2">
          <Name xml:lang="en" xmlns="http://www.sdmx.org/resources/sdmxml/schemas/v2_1/common">Bank of Japan</Name>
        </Code>
        <Code id="JP4" urn="urn:sdmx:org.sdmx.infomodel.codelist.Code=ECB:CL_ORGANISATION(1.0).JP4">
          <Name xml:lang="en" xmlns="http://www.sdmx.org/resources/sdmxml/schemas/v2_1/common">Ministry of Finance (Japan)</Name>
        </Code>
        <Code id="KE1" urn="urn:sdmx:org.sdmx.infomodel.codelist.Code=ECB:CL_ORGANISATION(1.0).KE1">
          <Name xml:lang="en" xmlns="http://www.sdmx.org/resources/sdmxml/schemas/v2_1/common">Central Bureau of Statistics (Kenya)</Name>
        </Code>
        <Code id="KE2" urn="urn:sdmx:org.sdmx.infomodel.codelist.Code=ECB:CL_ORGANISATION(1.0).KE2">
          <Name xml:lang="en" xmlns="http://www.sdmx.org/resources/sdmxml/schemas/v2_1/common">Central Bank of Kenya</Name>
        </Code>
        <Code id="KE3" urn="urn:sdmx:org.sdmx.infomodel.codelist.Code=ECB:CL_ORGANISATION(1.0).KE3">
          <Name xml:lang="en" xmlns="http://www.sdmx.org/resources/sdmxml/schemas/v2_1/common">Ministry of Planning and National Development (Kenya)</Name>
        </Code>
        <Code id="KE4" urn="urn:sdmx:org.sdmx.infomodel.codelist.Code=ECB:CL_ORGANISATION(1.0).KE4">
          <Name xml:lang="en" xmlns="http://www.sdmx.org/resources/sdmxml/schemas/v2_1/common">Office of the Vice President and Ministry of Finance (Kenya)</Name>
        </Code>
        <Code id="KG1" urn="urn:sdmx:org.sdmx.infomodel.codelist.Code=ECB:CL_ORGANISATION(1.0).KG1">
          <Name xml:lang="en" xmlns="http://www.sdmx.org/resources/sdmxml/schemas/v2_1/common">National Statistical Committee of Kyrgyz Republic</Name>
        </Code>
        <Code id="KG2" urn="urn:sdmx:org.sdmx.infomodel.codelist.Code=ECB:CL_ORGANISATION(1.0).KG2">
          <Name xml:lang="en" xmlns="http://www.sdmx.org/resources/sdmxml/schemas/v2_1/common">National Bank of the Kyrgyz Republic</Name>
        </Code>
        <Code id="KG4" urn="urn:sdmx:org.sdmx.infomodel.codelist.Code=ECB:CL_ORGANISATION(1.0).KG4">
          <Name xml:lang="en" xmlns="http://www.sdmx.org/resources/sdmxml/schemas/v2_1/common">Ministry of Finance (Kyrgyz Republic)</Name>
        </Code>
        <Code id="KH2" urn="urn:sdmx:org.sdmx.infomodel.codelist.Code=ECB:CL_ORGANISATION(1.0).KH2">
          <Name xml:lang="en" xmlns="http://www.sdmx.org/resources/sdmxml/schemas/v2_1/common">National Bank of Cambodia</Name>
        </Code>
        <Code id="KH4" urn="urn:sdmx:org.sdmx.infomodel.codelist.Code=ECB:CL_ORGANISATION(1.0).KH4">
          <Name xml:lang="en" xmlns="http://www.sdmx.org/resources/sdmxml/schemas/v2_1/common">Ministere de l`economie et des finances (Cambodia)</Name>
        </Code>
        <Code id="KI2" urn="urn:sdmx:org.sdmx.infomodel.codelist.Code=ECB:CL_ORGANISATION(1.0).KI2">
          <Name xml:lang="en" xmlns="http://www.sdmx.org/resources/sdmxml/schemas/v2_1/common">Bank of Kiribati, Ltd</Name>
        </Code>
        <Code id="KI4" urn="urn:sdmx:org.sdmx.infomodel.codelist.Code=ECB:CL_ORGANISATION(1.0).KI4">
          <Name xml:lang="en" xmlns="http://www.sdmx.org/resources/sdmxml/schemas/v2_1/common">Ministry of Finance and Economic Planning (Kiribati)</Name>
        </Code>
        <Code id="KM2" urn="urn:sdmx:org.sdmx.infomodel.codelist.Code=ECB:CL_ORGANISATION(1.0).KM2">
          <Name xml:lang="en" xmlns="http://www.sdmx.org/resources/sdmxml/schemas/v2_1/common">Banque Centrale des Comoros</Name>
        </Code>
        <Code id="KM4" urn="urn:sdmx:org.sdmx.infomodel.codelist.Code=ECB:CL_ORGANISATION(1.0).KM4">
          <Name xml:lang="en" xmlns="http://www.sdmx.org/resources/sdmxml/schemas/v2_1/common">Ministere des Finances, du budget et du plan (Comoros)</Name>
        </Code>
        <Code id="KN2" urn="urn:sdmx:org.sdmx.infomodel.codelist.Code=ECB:CL_ORGANISATION(1.0).KN2">
          <Name xml:lang="en" xmlns="http://www.sdmx.org/resources/sdmxml/schemas/v2_1/common">Eastern Caribbean Central Bank (ECCB) (St. Kitts and Nevis)</Name>
        </Code>
        <Code id="KN4" urn="urn:sdmx:org.sdmx.infomodel.codelist.Code=ECB:CL_ORGANISATION(1.0).KN4">
          <Name xml:lang="en" xmlns="http://www.sdmx.org/resources/sdmxml/schemas/v2_1/common">Ministry of Finance (St. Kitts and Nevis)</Name>
        </Code>
        <Code id="KR2" urn="urn:sdmx:org.sdmx.infomodel.codelist.Code=ECB:CL_ORGANISATION(1.0).KR2">
          <Name xml:lang="en" xmlns="http://www.sdmx.org/resources/sdmxml/schemas/v2_1/common">The Bank of Korea</Name>
        </Code>
        <Code id="KR4" urn="urn:sdmx:org.sdmx.infomodel.codelist.Code=ECB:CL_ORGANISATION(1.0).KR4">
          <Name xml:lang="en" xmlns="http://www.sdmx.org/resources/sdmxml/schemas/v2_1/common">Ministry of Finance and Economy (Korea, Republic of)</Name>
        </Code>
        <Code id="KW1" urn="urn:sdmx:org.sdmx.infomodel.codelist.Code=ECB:CL_ORGANISATION(1.0).KW1">
          <Name xml:lang="en" xmlns="http://www.sdmx.org/resources/sdmxml/schemas/v2_1/common">Statistics and Information Technology Sector (Kuwait)</Name>
        </Code>
        <Code id="KW2" urn="urn:sdmx:org.sdmx.infomodel.codelist.Code=ECB:CL_ORGANISATION(1.0).KW2">
          <Name xml:lang="en" xmlns="http://www.sdmx.org/resources/sdmxml/schemas/v2_1/common">Central Bank of Kuwait</Name>
        </Code>
        <Code id="KW4" urn="urn:sdmx:org.sdmx.infomodel.codelist.Code=ECB:CL_ORGANISATION(1.0).KW4">
          <Name xml:lang="en" xmlns="http://www.sdmx.org/resources/sdmxml/schemas/v2_1/common">Ministry of Finance (Kuwait)</Name>
        </Code>
        <Code id="KY1" urn="urn:sdmx:org.sdmx.infomodel.codelist.Code=ECB:CL_ORGANISATION(1.0).KY1">
          <Name xml:lang="en" xmlns="http://www.sdmx.org/resources/sdmxml/schemas/v2_1/common">Department of Finance &amp; Development / Statistical Office (Cayman Islan ds)</Name>
        </Code>
        <Code id="KY2" urn="urn:sdmx:org.sdmx.infomodel.codelist.Code=ECB:CL_ORGANISATION(1.0).KY2">
          <Name xml:lang="en" xmlns="http://www.sdmx.org/resources/sdmxml/schemas/v2_1/common">Cayman Islands Monetary Authority</Name>
        </Code>
        <Code id="KZ1" urn="urn:sdmx:org.sdmx.infomodel.codelist.Code=ECB:CL_ORGANISATION(1.0).KZ1">
          <Name xml:lang="en" xmlns="http://www.sdmx.org/resources/sdmxml/schemas/v2_1/common">National Statistical Agency / Ministry of Economy and Trade of the Rep ublic of Kazakhstan</Name>
        </Code>
        <Code id="KZ2" urn="urn:sdmx:org.sdmx.infomodel.codelist.Code=ECB:CL_ORGANISATION(1.0).KZ2">
          <Name xml:lang="en" xmlns="http://www.sdmx.org/resources/sdmxml/schemas/v2_1/common">National Bank of the Republic of Kazakhstan</Name>
        </Code>
        <Code id="KZ4" urn="urn:sdmx:org.sdmx.infomodel.codelist.Code=ECB:CL_ORGANISATION(1.0).KZ4">
          <Name xml:lang="en" xmlns="http://www.sdmx.org/resources/sdmxml/schemas/v2_1/common">Ministry of Finance (Kazakhstan)</Name>
        </Code>
        <Code id="LA2" urn="urn:sdmx:org.sdmx.infomodel.codelist.Code=ECB:CL_ORGANISATION(1.0).LA2">
          <Name xml:lang="en" xmlns="http://www.sdmx.org/resources/sdmxml/schemas/v2_1/common">Bank of the Lao P.D.R.</Name>
        </Code>
        <Code id="LA4" urn="urn:sdmx:org.sdmx.infomodel.codelist.Code=ECB:CL_ORGANISATION(1.0).LA4">
          <Name xml:lang="en" xmlns="http://www.sdmx.org/resources/sdmxml/schemas/v2_1/common">Ministry of Finance (Lao Peoples Democratic Republic)</Name>
        </Code>
        <Code id="LB1" urn="urn:sdmx:org.sdmx.infomodel.codelist.Code=ECB:CL_ORGANISATION(1.0).LB1">
          <Name xml:lang="en" xmlns="http://www.sdmx.org/resources/sdmxml/schemas/v2_1/common">Central Administration of Statistics (Lebanon)</Name>
        </Code>
        <Code id="LB2" urn="urn:sdmx:org.sdmx.infomodel.codelist.Code=ECB:CL_ORGANISATION(1.0).LB2">
          <Name xml:lang="en" xmlns="http://www.sdmx.org/resources/sdmxml/schemas/v2_1/common">Banque du Liban (Lebanon)</Name>
        </Code>
        <Code id="LB4" urn="urn:sdmx:org.sdmx.infomodel.codelist.Code=ECB:CL_ORGANISATION(1.0).LB4">
          <Name xml:lang="en" xmlns="http://www.sdmx.org/resources/sdmxml/schemas/v2_1/common">Ministere des finances (Lebanon)</Name>
        </Code>
        <Code id="LC2" urn="urn:sdmx:org.sdmx.infomodel.codelist.Code=ECB:CL_ORGANISATION(1.0).LC2">
          <Name xml:lang="en" xmlns="http://www.sdmx.org/resources/sdmxml/schemas/v2_1/common">Eastern Caribbean Central Bank (ECCB) (St. Lucia)</Name>
        </Code>
        <Code id="LC4" urn="urn:sdmx:org.sdmx.infomodel.codelist.Code=ECB:CL_ORGANISATION(1.0).LC4">
          <Name xml:lang="en" xmlns="http://www.sdmx.org/resources/sdmxml/schemas/v2_1/common">Ministry of Finance, International Financial Services and Economic Aff airs (St. Lucia)</Name>
        </Code>
        <Code id="LI1" urn="urn:sdmx:org.sdmx.infomodel.codelist.Code=ECB:CL_ORGANISATION(1.0).LI1">
          <Name xml:lang="en" xmlns="http://www.sdmx.org/resources/sdmxml/schemas/v2_1/common">Amt fur Volkswirtschaft</Name>
        </Code>
        <Code id="LK2" urn="urn:sdmx:org.sdmx.infomodel.codelist.Code=ECB:CL_ORGANISATION(1.0).LK2">
          <Name xml:lang="en" xmlns="http://www.sdmx.org/resources/sdmxml/schemas/v2_1/common">Central Bank of Sri Lanka</Name>
        </Code>
        <Code id="LR1" urn="urn:sdmx:org.sdmx.infomodel.codelist.Code=ECB:CL_ORGANISATION(1.0).LR1">
          <Name xml:lang="en" xmlns="http://www.sdmx.org/resources/sdmxml/schemas/v2_1/common">Ministry of Planning and Economic Affairs (Liberia)</Name>
        </Code>
        <Code id="LR2" urn="urn:sdmx:org.sdmx.infomodel.codelist.Code=ECB:CL_ORGANISATION(1.0).LR2">
          <Name xml:lang="en" xmlns="http://www.sdmx.org/resources/sdmxml/schemas/v2_1/common">Central Bank of Liberia</Name>
        </Code>
        <Code id="LR4" urn="urn:sdmx:org.sdmx.infomodel.codelist.Code=ECB:CL_ORGANISATION(1.0).LR4">
          <Name xml:lang="en" xmlns="http://www.sdmx.org/resources/sdmxml/schemas/v2_1/common">Ministry of Finance (Liberia)</Name>
        </Code>
        <Code id="LS2" urn="urn:sdmx:org.sdmx.infomodel.codelist.Code=ECB:CL_ORGANISATION(1.0).LS2">
          <Name xml:lang="en" xmlns="http://www.sdmx.org/resources/sdmxml/schemas/v2_1/common">Central Bank of Lesotho</Name>
        </Code>
        <Code id="LS4" urn="urn:sdmx:org.sdmx.infomodel.codelist.Code=ECB:CL_ORGANISATION(1.0).LS4">
          <Name xml:lang="en" xmlns="http://www.sdmx.org/resources/sdmxml/schemas/v2_1/common">Ministry of Finance (Lesotho)</Name>
        </Code>
        <Code id="LT1" urn="urn:sdmx:org.sdmx.infomodel.codelist.Code=ECB:CL_ORGANISATION(1.0).LT1">
          <Name xml:lang="en" xmlns="http://www.sdmx.org/resources/sdmxml/schemas/v2_1/common">Lithuania, Department of Statistics</Name>
        </Code>
        <Code id="LT2" urn="urn:sdmx:org.sdmx.infomodel.codelist.Code=ECB:CL_ORGANISATION(1.0).LT2">
          <Name xml:lang="en" xmlns="http://www.sdmx.org/resources/sdmxml/schemas/v2_1/common">Bank of Lithuania</Name>
        </Code>
        <Code id="LT4" urn="urn:sdmx:org.sdmx.infomodel.codelist.Code=ECB:CL_ORGANISATION(1.0).LT4">
          <Name xml:lang="en" xmlns="http://www.sdmx.org/resources/sdmxml/schemas/v2_1/common">Ministry of Finance (Lithuania)</Name>
        </Code>
        <Code id="LU1" urn="urn:sdmx:org.sdmx.infomodel.codelist.Code=ECB:CL_ORGANISATION(1.0).LU1">
          <Name xml:lang="en" xmlns="http://www.sdmx.org/resources/sdmxml/schemas/v2_1/common">STATEC - Service central de la statistique et des études économiques d u Luxembourg</Name>
        </Code>
        <Code id="LU2" urn="urn:sdmx:org.sdmx.infomodel.codelist.Code=ECB:CL_ORGANISATION(1.0).LU2">
          <Name xml:lang="en" xmlns="http://www.sdmx.org/resources/sdmxml/schemas/v2_1/common">Banque centrale du Luxembourg</Name>
        </Code>
        <Code id="LV1" urn="urn:sdmx:org.sdmx.infomodel.codelist.Code=ECB:CL_ORGANISATION(1.0).LV1">
          <Name xml:lang="en" xmlns="http://www.sdmx.org/resources/sdmxml/schemas/v2_1/common">Central Statistical Bureau of Latvia</Name>
        </Code>
        <Code id="LV2" urn="urn:sdmx:org.sdmx.infomodel.codelist.Code=ECB:CL_ORGANISATION(1.0).LV2">
          <Name xml:lang="en" xmlns="http://www.sdmx.org/resources/sdmxml/schemas/v2_1/common">Bank of Latvia</Name>
        </Code>
        <Code id="LV3" urn="urn:sdmx:org.sdmx.infomodel.codelist.Code=ECB:CL_ORGANISATION(1.0).LV3">
          <Name xml:lang="en" xmlns="http://www.sdmx.org/resources/sdmxml/schemas/v2_1/common">The Treasury of the Republic of Latvia</Name>
        </Code>
        <Code id="LY1" urn="urn:sdmx:org.sdmx.infomodel.codelist.Code=ECB:CL_ORGANISATION(1.0).LY1">
          <Name xml:lang="en" xmlns="http://www.sdmx.org/resources/sdmxml/schemas/v2_1/common">The National Corporation for Information and Documentation (Libya)</Name>
        </Code>
        <Code id="LY2" urn="urn:sdmx:org.sdmx.infomodel.codelist.Code=ECB:CL_ORGANISATION(1.0).LY2">
          <Name xml:lang="en" xmlns="http://www.sdmx.org/resources/sdmxml/schemas/v2_1/common">Central Bank of Libya</Name>
        </Code>
        <Code id="LY3" urn="urn:sdmx:org.sdmx.infomodel.codelist.Code=ECB:CL_ORGANISATION(1.0).LY3">
          <Name xml:lang="en" xmlns="http://www.sdmx.org/resources/sdmxml/schemas/v2_1/common">General Peoples Secretariat of the Treasury (Libya)</Name>
        </Code>
        <Code id="MA1" urn="urn:sdmx:org.sdmx.infomodel.codelist.Code=ECB:CL_ORGANISATION(1.0).MA1">
          <Name xml:lang="en" xmlns="http://www.sdmx.org/resources/sdmxml/schemas/v2_1/common">Ministere de la Prevision Economique et du Plan (Morocco)</Name>
        </Code>
        <Code id="MA2" urn="urn:sdmx:org.sdmx.infomodel.codelist.Code=ECB:CL_ORGANISATION(1.0).MA2">
          <Name xml:lang="en" xmlns="http://www.sdmx.org/resources/sdmxml/schemas/v2_1/common">Bank Al-Maghrib (Morocco)</Name>
        </Code>
        <Code id="MA4" urn="urn:sdmx:org.sdmx.infomodel.codelist.Code=ECB:CL_ORGANISATION(1.0).MA4">
          <Name xml:lang="en" xmlns="http://www.sdmx.org/resources/sdmxml/schemas/v2_1/common">Ministere de l`Economie, des Finances, de la Privatisation et du Touri sme (Morocco)</Name>
        </Code>
        <Code id="MA5" urn="urn:sdmx:org.sdmx.infomodel.codelist.Code=ECB:CL_ORGANISATION(1.0).MA5">
          <Name xml:lang="en" xmlns="http://www.sdmx.org/resources/sdmxml/schemas/v2_1/common">Office des Changes (Morocco)</Name>
        </Code>
        <Code id="MD1" urn="urn:sdmx:org.sdmx.infomodel.codelist.Code=ECB:CL_ORGANISATION(1.0).MD1">
          <Name xml:lang="en" xmlns="http://www.sdmx.org/resources/sdmxml/schemas/v2_1/common">State Depart. of Statist. of the Rep. of Moldova</Name>
        </Code>
        <Code id="MD2" urn="urn:sdmx:org.sdmx.infomodel.codelist.Code=ECB:CL_ORGANISATION(1.0).MD2">
          <Name xml:lang="en" xmlns="http://www.sdmx.org/resources/sdmxml/schemas/v2_1/common">National Bank of Moldova</Name>
        </Code>
        <Code id="MD4" urn="urn:sdmx:org.sdmx.infomodel.codelist.Code=ECB:CL_ORGANISATION(1.0).MD4">
          <Name xml:lang="en" xmlns="http://www.sdmx.org/resources/sdmxml/schemas/v2_1/common">Ministry of Finance (Moldova)</Name>
        </Code>
        <Code id="MG1" urn="urn:sdmx:org.sdmx.infomodel.codelist.Code=ECB:CL_ORGANISATION(1.0).MG1">
          <Name xml:lang="en" xmlns="http://www.sdmx.org/resources/sdmxml/schemas/v2_1/common">INSTAT/Exchanges Commerciaux et des Services (Madagascar)</Name>
        </Code>
        <Code id="MG2" urn="urn:sdmx:org.sdmx.infomodel.codelist.Code=ECB:CL_ORGANISATION(1.0).MG2">
          <Name xml:lang="en" xmlns="http://www.sdmx.org/resources/sdmxml/schemas/v2_1/common">Banque Centrale de Madagascar</Name>
        </Code>
        <Code id="MG4" urn="urn:sdmx:org.sdmx.infomodel.codelist.Code=ECB:CL_ORGANISATION(1.0).MG4">
          <Name xml:lang="en" xmlns="http://www.sdmx.org/resources/sdmxml/schemas/v2_1/common">Ministere des finances de l`Economie (Madagascar)</Name>
        </Code>
        <Code id="MH4" urn="urn:sdmx:org.sdmx.infomodel.codelist.Code=ECB:CL_ORGANISATION(1.0).MH4">
          <Name xml:lang="en" xmlns="http://www.sdmx.org/resources/sdmxml/schemas/v2_1/common">Ministry of Finance (Marshall Islands, Rep)</Name>
        </Code>
        <Code id="MK1" urn="urn:sdmx:org.sdmx.infomodel.codelist.Code=ECB:CL_ORGANISATION(1.0).MK1">
          <Name xml:lang="en" xmlns="http://www.sdmx.org/resources/sdmxml/schemas/v2_1/common">State Statistical Office (Macedonia)</Name>
        </Code>
        <Code id="MK2" urn="urn:sdmx:org.sdmx.infomodel.codelist.Code=ECB:CL_ORGANISATION(1.0).MK2">
          <Name xml:lang="en" xmlns="http://www.sdmx.org/resources/sdmxml/schemas/v2_1/common">National Bank of the Republic of Macedonia</Name>
        </Code>
        <Code id="MK4" urn="urn:sdmx:org.sdmx.infomodel.codelist.Code=ECB:CL_ORGANISATION(1.0).MK4">
          <Name xml:lang="en" xmlns="http://www.sdmx.org/resources/sdmxml/schemas/v2_1/common">Ministry of Finance (Macedonia)</Name>
        </Code>
        <Code id="ML1" urn="urn:sdmx:org.sdmx.infomodel.codelist.Code=ECB:CL_ORGANISATION(1.0).ML1">
          <Name xml:lang="en" xmlns="http://www.sdmx.org/resources/sdmxml/schemas/v2_1/common">Direction Nationale de la Statistique et de l`Informatique (DNSI) (Mal i)</Name>
        </Code>
        <Code id="ML2" urn="urn:sdmx:org.sdmx.infomodel.codelist.Code=ECB:CL_ORGANISATION(1.0).ML2">
          <Name xml:lang="en" xmlns="http://www.sdmx.org/resources/sdmxml/schemas/v2_1/common">Banque Centrale des Etats de l`Afrique de l`Ouest (BCEAO) (Mali)</Name>
        </Code>
        <Code id="ML4" urn="urn:sdmx:org.sdmx.infomodel.codelist.Code=ECB:CL_ORGANISATION(1.0).ML4">
          <Name xml:lang="en" xmlns="http://www.sdmx.org/resources/sdmxml/schemas/v2_1/common">Ministere des Finances et du Commerce (Mali)</Name>
        </Code>
        <Code id="MM1" urn="urn:sdmx:org.sdmx.infomodel.codelist.Code=ECB:CL_ORGANISATION(1.0).MM1">
          <Name xml:lang="en" xmlns="http://www.sdmx.org/resources/sdmxml/schemas/v2_1/common">Central Statistical Organization (Myanmar)</Name>
        </Code>
        <Code id="MM2" urn="urn:sdmx:org.sdmx.infomodel.codelist.Code=ECB:CL_ORGANISATION(1.0).MM2">
          <Name xml:lang="en" xmlns="http://www.sdmx.org/resources/sdmxml/schemas/v2_1/common">Central Bank of Myanmar</Name>
        </Code>
        <Code id="MM4" urn="urn:sdmx:org.sdmx.infomodel.codelist.Code=ECB:CL_ORGANISATION(1.0).MM4">
          <Name xml:lang="en" xmlns="http://www.sdmx.org/resources/sdmxml/schemas/v2_1/common">Ministry of Finance and Revenue (Myanmar)</Name>
        </Code>
        <Code id="MN1" urn="urn:sdmx:org.sdmx.infomodel.codelist.Code=ECB:CL_ORGANISATION(1.0).MN1">
          <Name xml:lang="en" xmlns="http://www.sdmx.org/resources/sdmxml/schemas/v2_1/common">National Statistical Office (Mongolia)</Name>
        </Code>
        <Code id="MN2" urn="urn:sdmx:org.sdmx.infomodel.codelist.Code=ECB:CL_ORGANISATION(1.0).MN2">
          <Name xml:lang="en" xmlns="http://www.sdmx.org/resources/sdmxml/schemas/v2_1/common">Bank of Mongolia</Name>
        </Code>
        <Code id="MN4" urn="urn:sdmx:org.sdmx.infomodel.codelist.Code=ECB:CL_ORGANISATION(1.0).MN4">
          <Name xml:lang="en" xmlns="http://www.sdmx.org/resources/sdmxml/schemas/v2_1/common">Ministry of Finance and Economy (Mongolia)</Name>
        </Code>
        <Code id="MO1" urn="urn:sdmx:org.sdmx.infomodel.codelist.Code=ECB:CL_ORGANISATION(1.0).MO1">
          <Name xml:lang="en" xmlns="http://www.sdmx.org/resources/sdmxml/schemas/v2_1/common">Statistics and Census Department (China, P.R. Macao)</Name>
        </Code>
        <Code id="MO2" urn="urn:sdmx:org.sdmx.infomodel.codelist.Code=ECB:CL_ORGANISATION(1.0).MO2">
          <Name xml:lang="en" xmlns="http://www.sdmx.org/resources/sdmxml/schemas/v2_1/common">Monetary Authority of Macau (China, P.R. Macao)</Name>
        </Code>
        <Code id="MO4" urn="urn:sdmx:org.sdmx.infomodel.codelist.Code=ECB:CL_ORGANISATION(1.0).MO4">
          <Name xml:lang="en" xmlns="http://www.sdmx.org/resources/sdmxml/schemas/v2_1/common">Departamento de Estudos e Planeamento Financeiro (China, P.R. Macao)</Name>
        </Code>
        <Code id="MQ1" urn="urn:sdmx:org.sdmx.infomodel.codelist.Code=ECB:CL_ORGANISATION(1.0).MQ1">
          <Name xml:lang="en" xmlns="http://www.sdmx.org/resources/sdmxml/schemas/v2_1/common">Department of Statistics (Martinique)</Name>
        </Code>
        <Code id="MR2" urn="urn:sdmx:org.sdmx.infomodel.codelist.Code=ECB:CL_ORGANISATION(1.0).MR2">
          <Name xml:lang="en" xmlns="http://www.sdmx.org/resources/sdmxml/schemas/v2_1/common">Banque Centrale de Mauritanie</Name>
        </Code>
        <Code id="MR3" urn="urn:sdmx:org.sdmx.infomodel.codelist.Code=ECB:CL_ORGANISATION(1.0).MR3">
          <Name xml:lang="en" xmlns="http://www.sdmx.org/resources/sdmxml/schemas/v2_1/common">Ministere du Plan (Mauritania)</Name>
        </Code>
        <Code id="MR4" urn="urn:sdmx:org.sdmx.infomodel.codelist.Code=ECB:CL_ORGANISATION(1.0).MR4">
          <Name xml:lang="en" xmlns="http://www.sdmx.org/resources/sdmxml/schemas/v2_1/common">Ministere des Finances (Mauritania)</Name>
        </Code>
        <Code id="MT1" urn="urn:sdmx:org.sdmx.infomodel.codelist.Code=ECB:CL_ORGANISATION(1.0).MT1">
          <Name xml:lang="en" xmlns="http://www.sdmx.org/resources/sdmxml/schemas/v2_1/common">Malta - Central Office of Statistics</Name>
        </Code>
        <Code id="MT2" urn="urn:sdmx:org.sdmx.infomodel.codelist.Code=ECB:CL_ORGANISATION(1.0).MT2">
          <Name xml:lang="en" xmlns="http://www.sdmx.org/resources/sdmxml/schemas/v2_1/common">Central Bank of Malta</Name>
        </Code>
        <Code id="MT4" urn="urn:sdmx:org.sdmx.infomodel.codelist.Code=ECB:CL_ORGANISATION(1.0).MT4">
          <Name xml:lang="en" xmlns="http://www.sdmx.org/resources/sdmxml/schemas/v2_1/common">Ministry of Finance (Malta)</Name>
        </Code>
        <Code id="MU1" urn="urn:sdmx:org.sdmx.infomodel.codelist.Code=ECB:CL_ORGANISATION(1.0).MU1">
          <Name xml:lang="en" xmlns="http://www.sdmx.org/resources/sdmxml/schemas/v2_1/common">Central Statistical Office (Mauritius)</Name>
        </Code>
        <Code id="MU2" urn="urn:sdmx:org.sdmx.infomodel.codelist.Code=ECB:CL_ORGANISATION(1.0).MU2">
          <Name xml:lang="en" xmlns="http://www.sdmx.org/resources/sdmxml/schemas/v2_1/common">Bank of Mauritius</Name>
        </Code>
        <Code id="MV2" urn="urn:sdmx:org.sdmx.infomodel.codelist.Code=ECB:CL_ORGANISATION(1.0).MV2">
          <Name xml:lang="en" xmlns="http://www.sdmx.org/resources/sdmxml/schemas/v2_1/common">Maldives Monetary Authority (Maldives)</Name>
        </Code>
        <Code id="MV4" urn="urn:sdmx:org.sdmx.infomodel.codelist.Code=ECB:CL_ORGANISATION(1.0).MV4">
          <Name xml:lang="en" xmlns="http://www.sdmx.org/resources/sdmxml/schemas/v2_1/common">Ministry of Finance and Treasury (Maldives)</Name>
        </Code>
        <Code id="MW1" urn="urn:sdmx:org.sdmx.infomodel.codelist.Code=ECB:CL_ORGANISATION(1.0).MW1">
          <Name xml:lang="en" xmlns="http://www.sdmx.org/resources/sdmxml/schemas/v2_1/common">National Statistical Office (Malawi)</Name>
        </Code>
        <Code id="MW2" urn="urn:sdmx:org.sdmx.infomodel.codelist.Code=ECB:CL_ORGANISATION(1.0).MW2">
          <Name xml:lang="en" xmlns="http://www.sdmx.org/resources/sdmxml/schemas/v2_1/common">Reserve Bank of Malawi</Name>
        </Code>
        <Code id="MW4" urn="urn:sdmx:org.sdmx.infomodel.codelist.Code=ECB:CL_ORGANISATION(1.0).MW4">
          <Name xml:lang="en" xmlns="http://www.sdmx.org/resources/sdmxml/schemas/v2_1/common">Ministry of Finance (Malawi)</Name>
        </Code>
        <Code id="MX1" urn="urn:sdmx:org.sdmx.infomodel.codelist.Code=ECB:CL_ORGANISATION(1.0).MX1">
          <Name xml:lang="en" xmlns="http://www.sdmx.org/resources/sdmxml/schemas/v2_1/common">Instituto Nacional de Estadisticas (INEGI) (Mexico)</Name>
        </Code>
        <Code id="MX2" urn="urn:sdmx:org.sdmx.infomodel.codelist.Code=ECB:CL_ORGANISATION(1.0).MX2">
          <Name xml:lang="en" xmlns="http://www.sdmx.org/resources/sdmxml/schemas/v2_1/common">Banco de Mexico</Name>
        </Code>
        <Code id="MX4" urn="urn:sdmx:org.sdmx.infomodel.codelist.Code=ECB:CL_ORGANISATION(1.0).MX4">
          <Name xml:lang="en" xmlns="http://www.sdmx.org/resources/sdmxml/schemas/v2_1/common">Secretaria de Hacienda y Credito Publico (Mexico)</Name>
        </Code>
        <Code id="MY1" urn="urn:sdmx:org.sdmx.infomodel.codelist.Code=ECB:CL_ORGANISATION(1.0).MY1">
          <Name xml:lang="en" xmlns="http://www.sdmx.org/resources/sdmxml/schemas/v2_1/common">Department of Statistics Malaysia</Name>
        </Code>
        <Code id="MY2" urn="urn:sdmx:org.sdmx.infomodel.codelist.Code=ECB:CL_ORGANISATION(1.0).MY2">
          <Name xml:lang="en" xmlns="http://www.sdmx.org/resources/sdmxml/schemas/v2_1/common">Bank Negara Malaysia</Name>
        </Code>
        <Code id="MZ1" urn="urn:sdmx:org.sdmx.infomodel.codelist.Code=ECB:CL_ORGANISATION(1.0).MZ1">
          <Name xml:lang="en" xmlns="http://www.sdmx.org/resources/sdmxml/schemas/v2_1/common">Direcçao Nacional de Estatistica (Mozambique)</Name>
        </Code>
        <Code id="MZ2" urn="urn:sdmx:org.sdmx.infomodel.codelist.Code=ECB:CL_ORGANISATION(1.0).MZ2">
          <Name xml:lang="en" xmlns="http://www.sdmx.org/resources/sdmxml/schemas/v2_1/common">Banco de Moçambique</Name>
        </Code>
        <Code id="MZ4" urn="urn:sdmx:org.sdmx.infomodel.codelist.Code=ECB:CL_ORGANISATION(1.0).MZ4">
          <Name xml:lang="en" xmlns="http://www.sdmx.org/resources/sdmxml/schemas/v2_1/common">Ministry of Planning and Finance (Mozambique)</Name>
        </Code>
        <Code id="NA2" urn="urn:sdmx:org.sdmx.infomodel.codelist.Code=ECB:CL_ORGANISATION(1.0).NA2">
          <Name xml:lang="en" xmlns="http://www.sdmx.org/resources/sdmxml/schemas/v2_1/common">Bank of Namibia</Name>
        </Code>
        <Code id="NA4" urn="urn:sdmx:org.sdmx.infomodel.codelist.Code=ECB:CL_ORGANISATION(1.0).NA4">
          <Name xml:lang="en" xmlns="http://www.sdmx.org/resources/sdmxml/schemas/v2_1/common">Ministry of Finance (Namibia)</Name>
        </Code>
        <Code id="NC1" urn="urn:sdmx:org.sdmx.infomodel.codelist.Code=ECB:CL_ORGANISATION(1.0).NC1">
          <Name xml:lang="en" xmlns="http://www.sdmx.org/resources/sdmxml/schemas/v2_1/common">Institut Territorial de la Statistique et des Etudes Economiques (New  Caledonia)</Name>
        </Code>
        <Code id="NE2" urn="urn:sdmx:org.sdmx.infomodel.codelist.Code=ECB:CL_ORGANISATION(1.0).NE2">
          <Name xml:lang="en" xmlns="http://www.sdmx.org/resources/sdmxml/schemas/v2_1/common">Banque Centrale des Etats de l`Afrique de l`Ouest (BCEAO) (Niger)</Name>
        </Code>
        <Code id="NE3" urn="urn:sdmx:org.sdmx.infomodel.codelist.Code=ECB:CL_ORGANISATION(1.0).NE3">
          <Name xml:lang="en" xmlns="http://www.sdmx.org/resources/sdmxml/schemas/v2_1/common">Ministere du Plan (Niger)</Name>
        </Code>
        <Code id="NE4" urn="urn:sdmx:org.sdmx.infomodel.codelist.Code=ECB:CL_ORGANISATION(1.0).NE4">
          <Name xml:lang="en" xmlns="http://www.sdmx.org/resources/sdmxml/schemas/v2_1/common">Ministere des Finances (Niger)</Name>
        </Code>
        <Code id="NG1" urn="urn:sdmx:org.sdmx.infomodel.codelist.Code=ECB:CL_ORGANISATION(1.0).NG1">
          <Name xml:lang="en" xmlns="http://www.sdmx.org/resources/sdmxml/schemas/v2_1/common">Federal Office of Statistics (Nigeria)</Name>
        </Code>
        <Code id="NG2" urn="urn:sdmx:org.sdmx.infomodel.codelist.Code=ECB:CL_ORGANISATION(1.0).NG2">
          <Name xml:lang="en" xmlns="http://www.sdmx.org/resources/sdmxml/schemas/v2_1/common">Central Bank of Nigeria</Name>
        </Code>
        <Code id="NG4" urn="urn:sdmx:org.sdmx.infomodel.codelist.Code=ECB:CL_ORGANISATION(1.0).NG4">
          <Name xml:lang="en" xmlns="http://www.sdmx.org/resources/sdmxml/schemas/v2_1/common">Federal Ministry of Finance (Nigeria)</Name>
        </Code>
        <Code id="NI2" urn="urn:sdmx:org.sdmx.infomodel.codelist.Code=ECB:CL_ORGANISATION(1.0).NI2">
          <Name xml:lang="en" xmlns="http://www.sdmx.org/resources/sdmxml/schemas/v2_1/common">Banco Central de Nicaragua</Name>
        </Code>
        <Code id="NI4" urn="urn:sdmx:org.sdmx.infomodel.codelist.Code=ECB:CL_ORGANISATION(1.0).NI4">
          <Name xml:lang="en" xmlns="http://www.sdmx.org/resources/sdmxml/schemas/v2_1/common">Ministerio de Hacienda y Credito Publico (Nicaragua)</Name>
        </Code>
        <Code id="NL1" urn="urn:sdmx:org.sdmx.infomodel.codelist.Code=ECB:CL_ORGANISATION(1.0).NL1">
          <Name xml:lang="en" xmlns="http://www.sdmx.org/resources/sdmxml/schemas/v2_1/common">Central Bureau voor de Statistiek (Netherlands)</Name>
        </Code>
        <Code id="NL2" urn="urn:sdmx:org.sdmx.infomodel.codelist.Code=ECB:CL_ORGANISATION(1.0).NL2">
          <Name xml:lang="en" xmlns="http://www.sdmx.org/resources/sdmxml/schemas/v2_1/common">Nederlandse Bank (Netherlands)</Name>
        </Code>
        <Code id="NL4" urn="urn:sdmx:org.sdmx.infomodel.codelist.Code=ECB:CL_ORGANISATION(1.0).NL4">
          <Name xml:lang="en" xmlns="http://www.sdmx.org/resources/sdmxml/schemas/v2_1/common">Ministry of Finance (Netherlands)</Name>
        </Code>
        <Code id="NO1" urn="urn:sdmx:org.sdmx.infomodel.codelist.Code=ECB:CL_ORGANISATION(1.0).NO1">
          <Name xml:lang="en" xmlns="http://www.sdmx.org/resources/sdmxml/schemas/v2_1/common">Statistics Norway</Name>
        </Code>
        <Code id="NO2" urn="urn:sdmx:org.sdmx.infomodel.codelist.Code=ECB:CL_ORGANISATION(1.0).NO2">
          <Name xml:lang="en" xmlns="http://www.sdmx.org/resources/sdmxml/schemas/v2_1/common">Norges Bank (Norway)</Name>
        </Code>
        <Code id="NP2" urn="urn:sdmx:org.sdmx.infomodel.codelist.Code=ECB:CL_ORGANISATION(1.0).NP2">
          <Name xml:lang="en" xmlns="http://www.sdmx.org/resources/sdmxml/schemas/v2_1/common">Nepal Rastra Bank</Name>
        </Code>
        <Code id="NP4" urn="urn:sdmx:org.sdmx.infomodel.codelist.Code=ECB:CL_ORGANISATION(1.0).NP4">
          <Name xml:lang="en" xmlns="http://www.sdmx.org/resources/sdmxml/schemas/v2_1/common">Ministry of Finance (Nepal)</Name>
        </Code>
        <Code id="NZ1" urn="urn:sdmx:org.sdmx.infomodel.codelist.Code=ECB:CL_ORGANISATION(1.0).NZ1">
          <Name xml:lang="en" xmlns="http://www.sdmx.org/resources/sdmxml/schemas/v2_1/common">Statistics New Zealand</Name>
        </Code>
        <Code id="NZ2" urn="urn:sdmx:org.sdmx.infomodel.codelist.Code=ECB:CL_ORGANISATION(1.0).NZ2">
          <Name xml:lang="en" xmlns="http://www.sdmx.org/resources/sdmxml/schemas/v2_1/common">Reserve Bank of New Zealand</Name>
        </Code>
        <Code id="OM2" urn="urn:sdmx:org.sdmx.infomodel.codelist.Code=ECB:CL_ORGANISATION(1.0).OM2">
          <Name xml:lang="en" xmlns="http://www.sdmx.org/resources/sdmxml/schemas/v2_1/common">Central Bank of Oman</Name>
        </Code>
        <Code id="OM4" urn="urn:sdmx:org.sdmx.infomodel.codelist.Code=ECB:CL_ORGANISATION(1.0).OM4">
          <Name xml:lang="en" xmlns="http://www.sdmx.org/resources/sdmxml/schemas/v2_1/common">Ministry of Finance (Oman)</Name>
        </Code>
        <Code id="PA2" urn="urn:sdmx:org.sdmx.infomodel.codelist.Code=ECB:CL_ORGANISATION(1.0).PA2">
          <Name xml:lang="en" xmlns="http://www.sdmx.org/resources/sdmxml/schemas/v2_1/common">Banco Nacional de Panama</Name>
        </Code>
        <Code id="PA3" urn="urn:sdmx:org.sdmx.infomodel.codelist.Code=ECB:CL_ORGANISATION(1.0).PA3">
          <Name xml:lang="en" xmlns="http://www.sdmx.org/resources/sdmxml/schemas/v2_1/common">Office of the Controller General (Panama)</Name>
        </Code>
        <Code id="PA6" urn="urn:sdmx:org.sdmx.infomodel.codelist.Code=ECB:CL_ORGANISATION(1.0).PA6">
          <Name xml:lang="en" xmlns="http://www.sdmx.org/resources/sdmxml/schemas/v2_1/common">Superintendencia de Bancos (Panama)</Name>
        </Code>
        <Code id="PE2" urn="urn:sdmx:org.sdmx.infomodel.codelist.Code=ECB:CL_ORGANISATION(1.0).PE2">
          <Name xml:lang="en" xmlns="http://www.sdmx.org/resources/sdmxml/schemas/v2_1/common">Banco Central de Reserva del Peru</Name>
        </Code>
        <Code id="PE4" urn="urn:sdmx:org.sdmx.infomodel.codelist.Code=ECB:CL_ORGANISATION(1.0).PE4">
          <Name xml:lang="en" xmlns="http://www.sdmx.org/resources/sdmxml/schemas/v2_1/common">Ministerio de Economia y Finanzas (Peru)</Name>
        </Code>
        <Code id="PG1" urn="urn:sdmx:org.sdmx.infomodel.codelist.Code=ECB:CL_ORGANISATION(1.0).PG1">
          <Name xml:lang="en" xmlns="http://www.sdmx.org/resources/sdmxml/schemas/v2_1/common">National Statistical Office (Papua New Guinea)</Name>
        </Code>
        <Code id="PG2" urn="urn:sdmx:org.sdmx.infomodel.codelist.Code=ECB:CL_ORGANISATION(1.0).PG2">
          <Name xml:lang="en" xmlns="http://www.sdmx.org/resources/sdmxml/schemas/v2_1/common">Bank of Papua New Guinea</Name>
        </Code>
        <Code id="PH2" urn="urn:sdmx:org.sdmx.infomodel.codelist.Code=ECB:CL_ORGANISATION(1.0).PH2">
          <Name xml:lang="en" xmlns="http://www.sdmx.org/resources/sdmxml/schemas/v2_1/common">Central Bank of the Philippines</Name>
        </Code>
        <Code id="PH3" urn="urn:sdmx:org.sdmx.infomodel.codelist.Code=ECB:CL_ORGANISATION(1.0).PH3">
          <Name xml:lang="en" xmlns="http://www.sdmx.org/resources/sdmxml/schemas/v2_1/common">Bureau of the Treasury (Philippines)</Name>
        </Code>
        <Code id="PK1" urn="urn:sdmx:org.sdmx.infomodel.codelist.Code=ECB:CL_ORGANISATION(1.0).PK1">
          <Name xml:lang="en" xmlns="http://www.sdmx.org/resources/sdmxml/schemas/v2_1/common">Federal Bureau of Statistics (Pakistan)</Name>
        </Code>
        <Code id="PK2" urn="urn:sdmx:org.sdmx.infomodel.codelist.Code=ECB:CL_ORGANISATION(1.0).PK2">
          <Name xml:lang="en" xmlns="http://www.sdmx.org/resources/sdmxml/schemas/v2_1/common">State Bank of Pakistan</Name>
        </Code>
        <Code id="PK4" urn="urn:sdmx:org.sdmx.infomodel.codelist.Code=ECB:CL_ORGANISATION(1.0).PK4">
          <Name xml:lang="en" xmlns="http://www.sdmx.org/resources/sdmxml/schemas/v2_1/common">Ministry of Finance and Revenue (Pakistan)</Name>
        </Code>
        <Code id="PL1" urn="urn:sdmx:org.sdmx.infomodel.codelist.Code=ECB:CL_ORGANISATION(1.0).PL1">
          <Name xml:lang="en" xmlns="http://www.sdmx.org/resources/sdmxml/schemas/v2_1/common">Central Statistical Office of Poland</Name>
        </Code>
        <Code id="PL2" urn="urn:sdmx:org.sdmx.infomodel.codelist.Code=ECB:CL_ORGANISATION(1.0).PL2">
          <Name xml:lang="en" xmlns="http://www.sdmx.org/resources/sdmxml/schemas/v2_1/common">Bank of Poland</Name>
        </Code>
        <Code id="PL4" urn="urn:sdmx:org.sdmx.infomodel.codelist.Code=ECB:CL_ORGANISATION(1.0).PL4">
          <Name xml:lang="en" xmlns="http://www.sdmx.org/resources/sdmxml/schemas/v2_1/common">Ministry of Finance (Poland)</Name>
        </Code>
        <Code id="PS1" urn="urn:sdmx:org.sdmx.infomodel.codelist.Code=ECB:CL_ORGANISATION(1.0).PS1">
          <Name xml:lang="en" xmlns="http://www.sdmx.org/resources/sdmxml/schemas/v2_1/common">Palestinian Central Bureau of Statistics</Name>
        </Code>
        <Code id="PS2" urn="urn:sdmx:org.sdmx.infomodel.codelist.Code=ECB:CL_ORGANISATION(1.0).PS2">
          <Name xml:lang="en" xmlns="http://www.sdmx.org/resources/sdmxml/schemas/v2_1/common">Palestine Monetary Authority</Name>
        </Code>
        <Code id="PT1" urn="urn:sdmx:org.sdmx.infomodel.codelist.Code=ECB:CL_ORGANISATION(1.0).PT1">
          <Name xml:lang="en" xmlns="http://www.sdmx.org/resources/sdmxml/schemas/v2_1/common">Instituto Nacional de Estatística (Portugal)</Name>
        </Code>
        <Code id="PT2" urn="urn:sdmx:org.sdmx.infomodel.codelist.Code=ECB:CL_ORGANISATION(1.0).PT2">
          <Name xml:lang="en" xmlns="http://www.sdmx.org/resources/sdmxml/schemas/v2_1/common">Banco de Portugal (Portugal)</Name>
        </Code>
        <Code id="PT3" urn="urn:sdmx:org.sdmx.infomodel.codelist.Code=ECB:CL_ORGANISATION(1.0).PT3">
          <Name xml:lang="en" xmlns="http://www.sdmx.org/resources/sdmxml/schemas/v2_1/common">Direccao Geral do Orçamento (DGO) (Portugal)</Name>
        </Code>
        <Code id="PY2" urn="urn:sdmx:org.sdmx.infomodel.codelist.Code=ECB:CL_ORGANISATION(1.0).PY2">
          <Name xml:lang="en" xmlns="http://www.sdmx.org/resources/sdmxml/schemas/v2_1/common">Banco Central del Paraguay</Name>
        </Code>
        <Code id="PY4" urn="urn:sdmx:org.sdmx.infomodel.codelist.Code=ECB:CL_ORGANISATION(1.0).PY4">
          <Name xml:lang="en" xmlns="http://www.sdmx.org/resources/sdmxml/schemas/v2_1/common">Ministerio de Hacienda (Paraguay)</Name>
        </Code>
        <Code id="QA2" urn="urn:sdmx:org.sdmx.infomodel.codelist.Code=ECB:CL_ORGANISATION(1.0).QA2">
          <Name xml:lang="en" xmlns="http://www.sdmx.org/resources/sdmxml/schemas/v2_1/common">Qatar Central Bank</Name>
        </Code>
        <Code id="QA4" urn="urn:sdmx:org.sdmx.infomodel.codelist.Code=ECB:CL_ORGANISATION(1.0).QA4">
          <Name xml:lang="en" xmlns="http://www.sdmx.org/resources/sdmxml/schemas/v2_1/common">Ministry of Finance, Economy and Commerce (Qatar)</Name>
        </Code>
        <Code id="RO1" urn="urn:sdmx:org.sdmx.infomodel.codelist.Code=ECB:CL_ORGANISATION(1.0).RO1">
          <Name xml:lang="en" xmlns="http://www.sdmx.org/resources/sdmxml/schemas/v2_1/common">Romania, National Commission for Statistics</Name>
        </Code>
        <Code id="RO2" urn="urn:sdmx:org.sdmx.infomodel.codelist.Code=ECB:CL_ORGANISATION(1.0).RO2">
          <Name xml:lang="en" xmlns="http://www.sdmx.org/resources/sdmxml/schemas/v2_1/common">National Bank of Romania</Name>
        </Code>
        <Code id="RO4" urn="urn:sdmx:org.sdmx.infomodel.codelist.Code=ECB:CL_ORGANISATION(1.0).RO4">
          <Name xml:lang="en" xmlns="http://www.sdmx.org/resources/sdmxml/schemas/v2_1/common">Ministere des Finances Public (Romania)</Name>
        </Code>
        <Code id="RU1" urn="urn:sdmx:org.sdmx.infomodel.codelist.Code=ECB:CL_ORGANISATION(1.0).RU1">
          <Name xml:lang="en" xmlns="http://www.sdmx.org/resources/sdmxml/schemas/v2_1/common">State Committee of the Russian Federation on Statistics</Name>
        </Code>
        <Code id="RU2" urn="urn:sdmx:org.sdmx.infomodel.codelist.Code=ECB:CL_ORGANISATION(1.0).RU2">
          <Name xml:lang="en" xmlns="http://www.sdmx.org/resources/sdmxml/schemas/v2_1/common">Central Bank of Russian Federation</Name>
        </Code>
        <Code id="RU3" urn="urn:sdmx:org.sdmx.infomodel.codelist.Code=ECB:CL_ORGANISATION(1.0).RU3">
          <Name xml:lang="en" xmlns="http://www.sdmx.org/resources/sdmxml/schemas/v2_1/common">State Customs Committee of the Russian Federation</Name>
        </Code>
        <Code id="RU4" urn="urn:sdmx:org.sdmx.infomodel.codelist.Code=ECB:CL_ORGANISATION(1.0).RU4">
          <Name xml:lang="en" xmlns="http://www.sdmx.org/resources/sdmxml/schemas/v2_1/common">Ministry of Finance (Russian Federation)</Name>
        </Code>
        <Code id="RW2" urn="urn:sdmx:org.sdmx.infomodel.codelist.Code=ECB:CL_ORGANISATION(1.0).RW2">
          <Name xml:lang="en" xmlns="http://www.sdmx.org/resources/sdmxml/schemas/v2_1/common">Banque Nationale Du Rwanda</Name>
        </Code>
        <Code id="RW4" urn="urn:sdmx:org.sdmx.infomodel.codelist.Code=ECB:CL_ORGANISATION(1.0).RW4">
          <Name xml:lang="en" xmlns="http://www.sdmx.org/resources/sdmxml/schemas/v2_1/common">Ministere des Finances et Planification Economie (Rwanda)</Name>
        </Code>
        <Code id="SA1" urn="urn:sdmx:org.sdmx.infomodel.codelist.Code=ECB:CL_ORGANISATION(1.0).SA1">
          <Name xml:lang="en" xmlns="http://www.sdmx.org/resources/sdmxml/schemas/v2_1/common">Central Department of Statistics (Saudi Arabia)</Name>
        </Code>
        <Code id="SA2" urn="urn:sdmx:org.sdmx.infomodel.codelist.Code=ECB:CL_ORGANISATION(1.0).SA2">
          <Name xml:lang="en" xmlns="http://www.sdmx.org/resources/sdmxml/schemas/v2_1/common">Saudi Arabian Monetary Agency</Name>
        </Code>
        <Code id="SA4" urn="urn:sdmx:org.sdmx.infomodel.codelist.Code=ECB:CL_ORGANISATION(1.0).SA4">
          <Name xml:lang="en" xmlns="http://www.sdmx.org/resources/sdmxml/schemas/v2_1/common">Ministry of Finance (Saudi Arabia)</Name>
        </Code>
        <Code id="SB2" urn="urn:sdmx:org.sdmx.infomodel.codelist.Code=ECB:CL_ORGANISATION(1.0).SB2">
          <Name xml:lang="en" xmlns="http://www.sdmx.org/resources/sdmxml/schemas/v2_1/common">Central Bank of Solomon Islands</Name>
        </Code>
        <Code id="SB4" urn="urn:sdmx:org.sdmx.infomodel.codelist.Code=ECB:CL_ORGANISATION(1.0).SB4">
          <Name xml:lang="en" xmlns="http://www.sdmx.org/resources/sdmxml/schemas/v2_1/common">Ministry of Finance and Treasury (Solomon Islands)</Name>
        </Code>
        <Code id="SC2" urn="urn:sdmx:org.sdmx.infomodel.codelist.Code=ECB:CL_ORGANISATION(1.0).SC2">
          <Name xml:lang="en" xmlns="http://www.sdmx.org/resources/sdmxml/schemas/v2_1/common">Central Bank of Seychelles</Name>
        </Code>
        <Code id="SC4" urn="urn:sdmx:org.sdmx.infomodel.codelist.Code=ECB:CL_ORGANISATION(1.0).SC4">
          <Name xml:lang="en" xmlns="http://www.sdmx.org/resources/sdmxml/schemas/v2_1/common">Ministry of Finance (Seychelles)</Name>
        </Code>
        <Code id="SD1" urn="urn:sdmx:org.sdmx.infomodel.codelist.Code=ECB:CL_ORGANISATION(1.0).SD1">
          <Name xml:lang="en" xmlns="http://www.sdmx.org/resources/sdmxml/schemas/v2_1/common">Central Bureau of Statistics (Sudan)</Name>
        </Code>
        <Code id="SD2" urn="urn:sdmx:org.sdmx.infomodel.codelist.Code=ECB:CL_ORGANISATION(1.0).SD2">
          <Name xml:lang="en" xmlns="http://www.sdmx.org/resources/sdmxml/schemas/v2_1/common">Bank of Sudan</Name>
        </Code>
        <Code id="SD4" urn="urn:sdmx:org.sdmx.infomodel.codelist.Code=ECB:CL_ORGANISATION(1.0).SD4">
          <Name xml:lang="en" xmlns="http://www.sdmx.org/resources/sdmxml/schemas/v2_1/common">Ministry of Finance and National Economy (Sudan)</Name>
        </Code>
        <Code id="SE1" urn="urn:sdmx:org.sdmx.infomodel.codelist.Code=ECB:CL_ORGANISATION(1.0).SE1">
          <Name xml:lang="en" xmlns="http://www.sdmx.org/resources/sdmxml/schemas/v2_1/common">Statistics Sweden (Sweden)</Name>
        </Code>
        <Code id="SE2" urn="urn:sdmx:org.sdmx.infomodel.codelist.Code=ECB:CL_ORGANISATION(1.0).SE2">
          <Name xml:lang="en" xmlns="http://www.sdmx.org/resources/sdmxml/schemas/v2_1/common">Sveriges Riksbank (Sweden)</Name>
        </Code>
        <Code id="SE3" urn="urn:sdmx:org.sdmx.infomodel.codelist.Code=ECB:CL_ORGANISATION(1.0).SE3">
          <Name xml:lang="en" xmlns="http://www.sdmx.org/resources/sdmxml/schemas/v2_1/common">Sika Swedish Institute for Transport and Communications Analysis</Name>
        </Code>
        <Code id="SE4" urn="urn:sdmx:org.sdmx.infomodel.codelist.Code=ECB:CL_ORGANISATION(1.0).SE4">
          <Name xml:lang="en" xmlns="http://www.sdmx.org/resources/sdmxml/schemas/v2_1/common">Banverket (National Rail Administration) Sweden</Name>
        </Code>
        <Code id="SG1" urn="urn:sdmx:org.sdmx.infomodel.codelist.Code=ECB:CL_ORGANISATION(1.0).SG1">
          <Name xml:lang="en" xmlns="http://www.sdmx.org/resources/sdmxml/schemas/v2_1/common">Ministry of Trade and Industry / Department of Statistics (Singapore)</Name>
        </Code>
        <Code id="SG2" urn="urn:sdmx:org.sdmx.infomodel.codelist.Code=ECB:CL_ORGANISATION(1.0).SG2">
          <Name xml:lang="en" xmlns="http://www.sdmx.org/resources/sdmxml/schemas/v2_1/common">Monetary Authority of Singapore</Name>
        </Code>
        <Code id="SG3" urn="urn:sdmx:org.sdmx.infomodel.codelist.Code=ECB:CL_ORGANISATION(1.0).SG3">
          <Name xml:lang="en" xmlns="http://www.sdmx.org/resources/sdmxml/schemas/v2_1/common">International Enterprise Singapore</Name>
        </Code>
        <Code id="SG4" urn="urn:sdmx:org.sdmx.infomodel.codelist.Code=ECB:CL_ORGANISATION(1.0).SG4">
          <Name xml:lang="en" xmlns="http://www.sdmx.org/resources/sdmxml/schemas/v2_1/common">Ministry of Finance (Singapore)</Name>
        </Code>
        <Code id="SI1" urn="urn:sdmx:org.sdmx.infomodel.codelist.Code=ECB:CL_ORGANISATION(1.0).SI1">
          <Name xml:lang="en" xmlns="http://www.sdmx.org/resources/sdmxml/schemas/v2_1/common">Statistical Office of the Republic of Slovenia</Name>
        </Code>
        <Code id="SI2" urn="urn:sdmx:org.sdmx.infomodel.codelist.Code=ECB:CL_ORGANISATION(1.0).SI2">
          <Name xml:lang="en" xmlns="http://www.sdmx.org/resources/sdmxml/schemas/v2_1/common">Bank of Slovenia</Name>
        </Code>
        <Code id="SI4" urn="urn:sdmx:org.sdmx.infomodel.codelist.Code=ECB:CL_ORGANISATION(1.0).SI4">
          <Name xml:lang="en" xmlns="http://www.sdmx.org/resources/sdmxml/schemas/v2_1/common">Ministry of Finance (Slovenia)</Name>
        </Code>
        <Code id="SK1" urn="urn:sdmx:org.sdmx.infomodel.codelist.Code=ECB:CL_ORGANISATION(1.0).SK1">
          <Name xml:lang="en" xmlns="http://www.sdmx.org/resources/sdmxml/schemas/v2_1/common">Statistical Office of the Slovak Republic</Name>
        </Code>
        <Code id="SK2" urn="urn:sdmx:org.sdmx.infomodel.codelist.Code=ECB:CL_ORGANISATION(1.0).SK2">
          <Name xml:lang="en" xmlns="http://www.sdmx.org/resources/sdmxml/schemas/v2_1/common">National Bank of Slovakia</Name>
        </Code>
        <Code id="SK4" urn="urn:sdmx:org.sdmx.infomodel.codelist.Code=ECB:CL_ORGANISATION(1.0).SK4">
          <Name xml:lang="en" xmlns="http://www.sdmx.org/resources/sdmxml/schemas/v2_1/common">Ministry of Finance of the Slovak Republic</Name>
        </Code>
        <Code id="SL2" urn="urn:sdmx:org.sdmx.infomodel.codelist.Code=ECB:CL_ORGANISATION(1.0).SL2">
          <Name xml:lang="en" xmlns="http://www.sdmx.org/resources/sdmxml/schemas/v2_1/common">Bank of Sierra Leone</Name>
        </Code>
        <Code id="SM2" urn="urn:sdmx:org.sdmx.infomodel.codelist.Code=ECB:CL_ORGANISATION(1.0).SM2">
          <Name xml:lang="en" xmlns="http://www.sdmx.org/resources/sdmxml/schemas/v2_1/common">Instituto di Credito Sammarinese / Central Bank (San Marino)</Name>
        </Code>
        <Code id="SM4" urn="urn:sdmx:org.sdmx.infomodel.codelist.Code=ECB:CL_ORGANISATION(1.0).SM4">
          <Name xml:lang="en" xmlns="http://www.sdmx.org/resources/sdmxml/schemas/v2_1/common">Ministry of Finance and Budget (San Marino)</Name>
        </Code>
        <Code id="SN1" urn="urn:sdmx:org.sdmx.infomodel.codelist.Code=ECB:CL_ORGANISATION(1.0).SN1">
          <Name xml:lang="en" xmlns="http://www.sdmx.org/resources/sdmxml/schemas/v2_1/common">Direction de la Prevision et de la Statistique (Senegal)</Name>
        </Code>
        <Code id="SN2" urn="urn:sdmx:org.sdmx.infomodel.codelist.Code=ECB:CL_ORGANISATION(1.0).SN2">
          <Name xml:lang="en" xmlns="http://www.sdmx.org/resources/sdmxml/schemas/v2_1/common">Banque Centrale des Etats de l`Afrique de l`Ouest (BCEAO) (Senegal)</Name>
        </Code>
        <Code id="SN4" urn="urn:sdmx:org.sdmx.infomodel.codelist.Code=ECB:CL_ORGANISATION(1.0).SN4">
          <Name xml:lang="en" xmlns="http://www.sdmx.org/resources/sdmxml/schemas/v2_1/common">Ministere de l`Economie et des Finances (Senegal)</Name>
        </Code>
        <Code id="SO2" urn="urn:sdmx:org.sdmx.infomodel.codelist.Code=ECB:CL_ORGANISATION(1.0).SO2">
          <Name xml:lang="en" xmlns="http://www.sdmx.org/resources/sdmxml/schemas/v2_1/common">Central Bank of Somalia</Name>
        </Code>
        <Code id="SR1" urn="urn:sdmx:org.sdmx.infomodel.codelist.Code=ECB:CL_ORGANISATION(1.0).SR1">
          <Name xml:lang="en" xmlns="http://www.sdmx.org/resources/sdmxml/schemas/v2_1/common">General Bureau of Statistics (Suriname)</Name>
        </Code>
        <Code id="SR2" urn="urn:sdmx:org.sdmx.infomodel.codelist.Code=ECB:CL_ORGANISATION(1.0).SR2">
          <Name xml:lang="en" xmlns="http://www.sdmx.org/resources/sdmxml/schemas/v2_1/common">Centrale Bank van Suriname</Name>
        </Code>
        <Code id="SR4" urn="urn:sdmx:org.sdmx.infomodel.codelist.Code=ECB:CL_ORGANISATION(1.0).SR4">
          <Name xml:lang="en" xmlns="http://www.sdmx.org/resources/sdmxml/schemas/v2_1/common">Ministry of Finance (Suriname)</Name>
        </Code>
        <Code id="ST2" urn="urn:sdmx:org.sdmx.infomodel.codelist.Code=ECB:CL_ORGANISATION(1.0).ST2">
          <Name xml:lang="en" xmlns="http://www.sdmx.org/resources/sdmxml/schemas/v2_1/common">Banco Central de Sao Tome e Principe</Name>
        </Code>
        <Code id="ST4" urn="urn:sdmx:org.sdmx.infomodel.codelist.Code=ECB:CL_ORGANISATION(1.0).ST4">
          <Name xml:lang="en" xmlns="http://www.sdmx.org/resources/sdmxml/schemas/v2_1/common">Ministry of Planning and Financing (Sao Tome and Principe)</Name>
        </Code>
        <Code id="SV2" urn="urn:sdmx:org.sdmx.infomodel.codelist.Code=ECB:CL_ORGANISATION(1.0).SV2">
          <Name xml:lang="en" xmlns="http://www.sdmx.org/resources/sdmxml/schemas/v2_1/common">Banco Central de Reserva de El Salvador</Name>
        </Code>
        <Code id="SV4" urn="urn:sdmx:org.sdmx.infomodel.codelist.Code=ECB:CL_ORGANISATION(1.0).SV4">
          <Name xml:lang="en" xmlns="http://www.sdmx.org/resources/sdmxml/schemas/v2_1/common">Ministerio de Hacienda (El Salvador)</Name>
        </Code>
        <Code id="SY1" urn="urn:sdmx:org.sdmx.infomodel.codelist.Code=ECB:CL_ORGANISATION(1.0).SY1">
          <Name xml:lang="en" xmlns="http://www.sdmx.org/resources/sdmxml/schemas/v2_1/common">Central Bureau of Statistics (Syria Arab Rep.)</Name>
        </Code>
        <Code id="SY2" urn="urn:sdmx:org.sdmx.infomodel.codelist.Code=ECB:CL_ORGANISATION(1.0).SY2">
          <Name xml:lang="en" xmlns="http://www.sdmx.org/resources/sdmxml/schemas/v2_1/common">Central Bank of Syria</Name>
        </Code>
        <Code id="SY4" urn="urn:sdmx:org.sdmx.infomodel.codelist.Code=ECB:CL_ORGANISATION(1.0).SY4">
          <Name xml:lang="en" xmlns="http://www.sdmx.org/resources/sdmxml/schemas/v2_1/common">Ministry of Finance (Syrian Arab Rep.)</Name>
        </Code>
        <Code id="SZ2" urn="urn:sdmx:org.sdmx.infomodel.codelist.Code=ECB:CL_ORGANISATION(1.0).SZ2">
          <Name xml:lang="en" xmlns="http://www.sdmx.org/resources/sdmxml/schemas/v2_1/common">Central Bank of Swaziland</Name>
        </Code>
        <Code id="SZ4" urn="urn:sdmx:org.sdmx.infomodel.codelist.Code=ECB:CL_ORGANISATION(1.0).SZ4">
          <Name xml:lang="en" xmlns="http://www.sdmx.org/resources/sdmxml/schemas/v2_1/common">Ministry of Finance (Swaziland)</Name>
        </Code>
        <Code id="TD1" urn="urn:sdmx:org.sdmx.infomodel.codelist.Code=ECB:CL_ORGANISATION(1.0).TD1">
          <Name xml:lang="en" xmlns="http://www.sdmx.org/resources/sdmxml/schemas/v2_1/common">Institut de la Statistique (INSDEE) (Chad)</Name>
        </Code>
        <Code id="TD2" urn="urn:sdmx:org.sdmx.infomodel.codelist.Code=ECB:CL_ORGANISATION(1.0).TD2">
          <Name xml:lang="en" xmlns="http://www.sdmx.org/resources/sdmxml/schemas/v2_1/common">Banque des Etats de l`Afrique Centrale (BEAC) (Chad)</Name>
        </Code>
        <Code id="TD4" urn="urn:sdmx:org.sdmx.infomodel.codelist.Code=ECB:CL_ORGANISATION(1.0).TD4">
          <Name xml:lang="en" xmlns="http://www.sdmx.org/resources/sdmxml/schemas/v2_1/common">Ministere des finances (Chad)</Name>
        </Code>
        <Code id="TG2" urn="urn:sdmx:org.sdmx.infomodel.codelist.Code=ECB:CL_ORGANISATION(1.0).TG2">
          <Name xml:lang="en" xmlns="http://www.sdmx.org/resources/sdmxml/schemas/v2_1/common">Banque Centrale des Etats de l`Afrique de l`Ouest (BCEAO) (Togo)</Name>
        </Code>
        <Code id="TG3" urn="urn:sdmx:org.sdmx.infomodel.codelist.Code=ECB:CL_ORGANISATION(1.0).TG3">
          <Name xml:lang="en" xmlns="http://www.sdmx.org/resources/sdmxml/schemas/v2_1/common">Ministere du Plan (Togo)</Name>
        </Code>
        <Code id="TG4" urn="urn:sdmx:org.sdmx.infomodel.codelist.Code=ECB:CL_ORGANISATION(1.0).TG4">
          <Name xml:lang="en" xmlns="http://www.sdmx.org/resources/sdmxml/schemas/v2_1/common">Ministere de l`Economie des Finances (Togo)</Name>
        </Code>
        <Code id="TH2" urn="urn:sdmx:org.sdmx.infomodel.codelist.Code=ECB:CL_ORGANISATION(1.0).TH2">
          <Name xml:lang="en" xmlns="http://www.sdmx.org/resources/sdmxml/schemas/v2_1/common">Bank of Thailand</Name>
        </Code>
        <Code id="TH4" urn="urn:sdmx:org.sdmx.infomodel.codelist.Code=ECB:CL_ORGANISATION(1.0).TH4">
          <Name xml:lang="en" xmlns="http://www.sdmx.org/resources/sdmxml/schemas/v2_1/common">Ministry of Finance (Thailand)</Name>
        </Code>
        <Code id="TJ1" urn="urn:sdmx:org.sdmx.infomodel.codelist.Code=ECB:CL_ORGANISATION(1.0).TJ1">
          <Name xml:lang="en" xmlns="http://www.sdmx.org/resources/sdmxml/schemas/v2_1/common">State Statistical Agency of Tajikistan</Name>
        </Code>
        <Code id="TJ2" urn="urn:sdmx:org.sdmx.infomodel.codelist.Code=ECB:CL_ORGANISATION(1.0).TJ2">
          <Name xml:lang="en" xmlns="http://www.sdmx.org/resources/sdmxml/schemas/v2_1/common">National Bank of Tajikistan</Name>
        </Code>
        <Code id="TJ4" urn="urn:sdmx:org.sdmx.infomodel.codelist.Code=ECB:CL_ORGANISATION(1.0).TJ4">
          <Name xml:lang="en" xmlns="http://www.sdmx.org/resources/sdmxml/schemas/v2_1/common">Ministry of Finance (Tajikistan)</Name>
        </Code>
        <Code id="TM1" urn="urn:sdmx:org.sdmx.infomodel.codelist.Code=ECB:CL_ORGANISATION(1.0).TM1">
          <Name xml:lang="en" xmlns="http://www.sdmx.org/resources/sdmxml/schemas/v2_1/common">National Institute of State Statistics and Information (Turkmenistan)</Name>
        </Code>
        <Code id="TM2" urn="urn:sdmx:org.sdmx.infomodel.codelist.Code=ECB:CL_ORGANISATION(1.0).TM2">
          <Name xml:lang="en" xmlns="http://www.sdmx.org/resources/sdmxml/schemas/v2_1/common">Central Bank of Turkmenistan</Name>
        </Code>
        <Code id="TM4" urn="urn:sdmx:org.sdmx.infomodel.codelist.Code=ECB:CL_ORGANISATION(1.0).TM4">
          <Name xml:lang="en" xmlns="http://www.sdmx.org/resources/sdmxml/schemas/v2_1/common">Ministry of Economy and Finance (Turkmenistan)</Name>
        </Code>
        <Code id="TN2" urn="urn:sdmx:org.sdmx.infomodel.codelist.Code=ECB:CL_ORGANISATION(1.0).TN2">
          <Name xml:lang="en" xmlns="http://www.sdmx.org/resources/sdmxml/schemas/v2_1/common">Banque centrale de Tunisie</Name>
        </Code>
        <Code id="TN4" urn="urn:sdmx:org.sdmx.infomodel.codelist.Code=ECB:CL_ORGANISATION(1.0).TN4">
          <Name xml:lang="en" xmlns="http://www.sdmx.org/resources/sdmxml/schemas/v2_1/common">Ministere des Finances (Tunisia)</Name>
        </Code>
        <Code id="TO1" urn="urn:sdmx:org.sdmx.infomodel.codelist.Code=ECB:CL_ORGANISATION(1.0).TO1">
          <Name xml:lang="en" xmlns="http://www.sdmx.org/resources/sdmxml/schemas/v2_1/common">Statistics Department (Tongo)</Name>
        </Code>
        <Code id="TO2" urn="urn:sdmx:org.sdmx.infomodel.codelist.Code=ECB:CL_ORGANISATION(1.0).TO2">
          <Name xml:lang="en" xmlns="http://www.sdmx.org/resources/sdmxml/schemas/v2_1/common">National Reserve Bank of Tonga</Name>
        </Code>
        <Code id="TO4" urn="urn:sdmx:org.sdmx.infomodel.codelist.Code=ECB:CL_ORGANISATION(1.0).TO4">
          <Name xml:lang="en" xmlns="http://www.sdmx.org/resources/sdmxml/schemas/v2_1/common">Ministry of Finance (Tongo)</Name>
        </Code>
        <Code id="TR1" urn="urn:sdmx:org.sdmx.infomodel.codelist.Code=ECB:CL_ORGANISATION(1.0).TR1">
          <Name xml:lang="en" xmlns="http://www.sdmx.org/resources/sdmxml/schemas/v2_1/common">State Institute of Statistics (Turkey)</Name>
        </Code>
        <Code id="TR2" urn="urn:sdmx:org.sdmx.infomodel.codelist.Code=ECB:CL_ORGANISATION(1.0).TR2">
          <Name xml:lang="en" xmlns="http://www.sdmx.org/resources/sdmxml/schemas/v2_1/common">Central Bank of the Republic of Turkey</Name>
        </Code>
        <Code id="TR3" urn="urn:sdmx:org.sdmx.infomodel.codelist.Code=ECB:CL_ORGANISATION(1.0).TR3">
          <Name xml:lang="en" xmlns="http://www.sdmx.org/resources/sdmxml/schemas/v2_1/common">Hazine Müstesarligi (Turkish Treasury)</Name>
        </Code>
        <Code id="TT2" urn="urn:sdmx:org.sdmx.infomodel.codelist.Code=ECB:CL_ORGANISATION(1.0).TT2">
          <Name xml:lang="en" xmlns="http://www.sdmx.org/resources/sdmxml/schemas/v2_1/common">Central Bank of Trinidad and Tobago</Name>
        </Code>
        <Code id="TT4" urn="urn:sdmx:org.sdmx.infomodel.codelist.Code=ECB:CL_ORGANISATION(1.0).TT4">
          <Name xml:lang="en" xmlns="http://www.sdmx.org/resources/sdmxml/schemas/v2_1/common">Ministry of Finance (Trinidad and Tobago)</Name>
        </Code>
        <Code id="TW2" urn="urn:sdmx:org.sdmx.infomodel.codelist.Code=ECB:CL_ORGANISATION(1.0).TW2">
          <Name xml:lang="en" xmlns="http://www.sdmx.org/resources/sdmxml/schemas/v2_1/common">Central Bank of China, Taipei</Name>
        </Code>
        <Code id="TZ1" urn="urn:sdmx:org.sdmx.infomodel.codelist.Code=ECB:CL_ORGANISATION(1.0).TZ1">
          <Name xml:lang="en" xmlns="http://www.sdmx.org/resources/sdmxml/schemas/v2_1/common">Central Statistical Bureau (Tanzania)</Name>
        </Code>
        <Code id="TZ2" urn="urn:sdmx:org.sdmx.infomodel.codelist.Code=ECB:CL_ORGANISATION(1.0).TZ2">
          <Name xml:lang="en" xmlns="http://www.sdmx.org/resources/sdmxml/schemas/v2_1/common">Bank of Tanzania</Name>
        </Code>
        <Code id="TZ4" urn="urn:sdmx:org.sdmx.infomodel.codelist.Code=ECB:CL_ORGANISATION(1.0).TZ4">
          <Name xml:lang="en" xmlns="http://www.sdmx.org/resources/sdmxml/schemas/v2_1/common">Ministry of Finance (Tanzania)</Name>
        </Code>
        <Code id="U22" urn="urn:sdmx:org.sdmx.infomodel.codelist.Code=ECB:CL_ORGANISATION(1.0).U22">
          <Name xml:lang="en" xmlns="http://www.sdmx.org/resources/sdmxml/schemas/v2_1/common">Central banks belonging to the Euro area</Name>
        </Code>
        <Code id="U32" urn="urn:sdmx:org.sdmx.infomodel.codelist.Code=ECB:CL_ORGANISATION(1.0).U32">
          <Name xml:lang="en" xmlns="http://www.sdmx.org/resources/sdmxml/schemas/v2_1/common">EU central banks not belonging to the Euro area</Name>
        </Code>
        <Code id="UA1" urn="urn:sdmx:org.sdmx.infomodel.codelist.Code=ECB:CL_ORGANISATION(1.0).UA1">
          <Name xml:lang="en" xmlns="http://www.sdmx.org/resources/sdmxml/schemas/v2_1/common">State Statistics Committee of Ukraine</Name>
        </Code>
        <Code id="UA2" urn="urn:sdmx:org.sdmx.infomodel.codelist.Code=ECB:CL_ORGANISATION(1.0).UA2">
          <Name xml:lang="en" xmlns="http://www.sdmx.org/resources/sdmxml/schemas/v2_1/common">National Bank of Ukraine</Name>
        </Code>
        <Code id="UA4" urn="urn:sdmx:org.sdmx.infomodel.codelist.Code=ECB:CL_ORGANISATION(1.0).UA4">
          <Name xml:lang="en" xmlns="http://www.sdmx.org/resources/sdmxml/schemas/v2_1/common">Ministry of Finance (Ukraine)</Name>
        </Code>
        <Code id="UG1" urn="urn:sdmx:org.sdmx.infomodel.codelist.Code=ECB:CL_ORGANISATION(1.0).UG1">
          <Name xml:lang="en" xmlns="http://www.sdmx.org/resources/sdmxml/schemas/v2_1/common">Uganda Bureau of Statistics</Name>
        </Code>
        <Code id="UG2" urn="urn:sdmx:org.sdmx.infomodel.codelist.Code=ECB:CL_ORGANISATION(1.0).UG2">
          <Name xml:lang="en" xmlns="http://www.sdmx.org/resources/sdmxml/schemas/v2_1/common">Bank of Uganda</Name>
        </Code>
        <Code id="UG4" urn="urn:sdmx:org.sdmx.infomodel.codelist.Code=ECB:CL_ORGANISATION(1.0).UG4">
          <Name xml:lang="en" xmlns="http://www.sdmx.org/resources/sdmxml/schemas/v2_1/common">Ministry of Finance, Planning and Economic Development (Uganda)</Name>
        </Code>
        <Code id="US2" urn="urn:sdmx:org.sdmx.infomodel.codelist.Code=ECB:CL_ORGANISATION(1.0).US2">
          <Name xml:lang="en" xmlns="http://www.sdmx.org/resources/sdmxml/schemas/v2_1/common">Federal Reserve Bank of New York (USA)</Name>
        </Code>
        <Code id="US3" urn="urn:sdmx:org.sdmx.infomodel.codelist.Code=ECB:CL_ORGANISATION(1.0).US3">
          <Name xml:lang="en" xmlns="http://www.sdmx.org/resources/sdmxml/schemas/v2_1/common">Board of Governors of the Federal Reserve System (USA)</Name>
        </Code>
        <Code id="US4" urn="urn:sdmx:org.sdmx.infomodel.codelist.Code=ECB:CL_ORGANISATION(1.0).US4">
          <Name xml:lang="en" xmlns="http://www.sdmx.org/resources/sdmxml/schemas/v2_1/common">U.S. Department of Treasury (USA)</Name>
        </Code>
        <Code id="US5" urn="urn:sdmx:org.sdmx.infomodel.codelist.Code=ECB:CL_ORGANISATION(1.0).US5">
          <Name xml:lang="en" xmlns="http://www.sdmx.org/resources/sdmxml/schemas/v2_1/common">U.S. Department of Commerce (USA)</Name>
        </Code>
        <Code id="UY2" urn="urn:sdmx:org.sdmx.infomodel.codelist.Code=ECB:CL_ORGANISATION(1.0).UY2">
          <Name xml:lang="en" xmlns="http://www.sdmx.org/resources/sdmxml/schemas/v2_1/common">Banco Central del Uruguay</Name>
        </Code>
        <Code id="UY4" urn="urn:sdmx:org.sdmx.infomodel.codelist.Code=ECB:CL_ORGANISATION(1.0).UY4">
          <Name xml:lang="en" xmlns="http://www.sdmx.org/resources/sdmxml/schemas/v2_1/common">Ministerio de Economia y Finanzas (Uruguay)</Name>
        </Code>
        <Code id="UZ1" urn="urn:sdmx:org.sdmx.infomodel.codelist.Code=ECB:CL_ORGANISATION(1.0).UZ1">
          <Name xml:lang="en" xmlns="http://www.sdmx.org/resources/sdmxml/schemas/v2_1/common">Goskomprognozstat (Uzbekistan)</Name>
        </Code>
        <Code id="UZ3" urn="urn:sdmx:org.sdmx.infomodel.codelist.Code=ECB:CL_ORGANISATION(1.0).UZ3">
          <Name xml:lang="en" xmlns="http://www.sdmx.org/resources/sdmxml/schemas/v2_1/common">Ministry of Economy (Uzbekistan)</Name>
        </Code>
        <Code id="UZ4" urn="urn:sdmx:org.sdmx.infomodel.codelist.Code=ECB:CL_ORGANISATION(1.0).UZ4">
          <Name xml:lang="en" xmlns="http://www.sdmx.org/resources/sdmxml/schemas/v2_1/common">Ministry of Finance (Uzbekistan)</Name>
        </Code>
        <Code id="V12" urn="urn:sdmx:org.sdmx.infomodel.codelist.Code=ECB:CL_ORGANISATION(1.0).V12">
          <Name xml:lang="en" xmlns="http://www.sdmx.org/resources/sdmxml/schemas/v2_1/common">EU 27 central banks</Name>
        </Code>
        <Code id="VC2" urn="urn:sdmx:org.sdmx.infomodel.codelist.Code=ECB:CL_ORGANISATION(1.0).VC2">
          <Name xml:lang="en" xmlns="http://www.sdmx.org/resources/sdmxml/schemas/v2_1/common">Eastern Caribbean Central Bank (ECCB) (St. Vincent and Grenadines)</Name>
        </Code>
        <Code id="VC4" urn="urn:sdmx:org.sdmx.infomodel.codelist.Code=ECB:CL_ORGANISATION(1.0).VC4">
          <Name xml:lang="en" xmlns="http://www.sdmx.org/resources/sdmxml/schemas/v2_1/common">Ministry of Finance and Planning (St. Vincent and the Grenadines)</Name>
        </Code>
        <Code id="VE2" urn="urn:sdmx:org.sdmx.infomodel.codelist.Code=ECB:CL_ORGANISATION(1.0).VE2">
          <Name xml:lang="en" xmlns="http://www.sdmx.org/resources/sdmxml/schemas/v2_1/common">Banco Central de Venezuela</Name>
        </Code>
        <Code id="VE4" urn="urn:sdmx:org.sdmx.infomodel.codelist.Code=ECB:CL_ORGANISATION(1.0).VE4">
          <Name xml:lang="en" xmlns="http://www.sdmx.org/resources/sdmxml/schemas/v2_1/common">Ministerio de Finanzas (Venezuela)</Name>
        </Code>
        <Code id="VN1" urn="urn:sdmx:org.sdmx.infomodel.codelist.Code=ECB:CL_ORGANISATION(1.0).VN1">
          <Name xml:lang="en" xmlns="http://www.sdmx.org/resources/sdmxml/schemas/v2_1/common">General Statistics Office (Vietnam)</Name>
        </Code>
        <Code id="VN2" urn="urn:sdmx:org.sdmx.infomodel.codelist.Code=ECB:CL_ORGANISATION(1.0).VN2">
          <Name xml:lang="en" xmlns="http://www.sdmx.org/resources/sdmxml/schemas/v2_1/common">State Bank of Vietnam</Name>
        </Code>
        <Code id="VU1" urn="urn:sdmx:org.sdmx.infomodel.codelist.Code=ECB:CL_ORGANISATION(1.0).VU1">
          <Name xml:lang="en" xmlns="http://www.sdmx.org/resources/sdmxml/schemas/v2_1/common">Statistical Office (Vanuatu)</Name>
        </Code>
        <Code id="VU2" urn="urn:sdmx:org.sdmx.infomodel.codelist.Code=ECB:CL_ORGANISATION(1.0).VU2">
          <Name xml:lang="en" xmlns="http://www.sdmx.org/resources/sdmxml/schemas/v2_1/common">Reserve Bank of Vanuatu</Name>
        </Code>
        <Code id="VU4" urn="urn:sdmx:org.sdmx.infomodel.codelist.Code=ECB:CL_ORGANISATION(1.0).VU4">
          <Name xml:lang="en" xmlns="http://www.sdmx.org/resources/sdmxml/schemas/v2_1/common">Ministry of Finance and Economic Management (Vanuatu)</Name>
        </Code>
        <Code id="WS1" urn="urn:sdmx:org.sdmx.infomodel.codelist.Code=ECB:CL_ORGANISATION(1.0).WS1">
          <Name xml:lang="en" xmlns="http://www.sdmx.org/resources/sdmxml/schemas/v2_1/common">Department of Statistics (Samoa)</Name>
        </Code>
        <Code id="WS2" urn="urn:sdmx:org.sdmx.infomodel.codelist.Code=ECB:CL_ORGANISATION(1.0).WS2">
          <Name xml:lang="en" xmlns="http://www.sdmx.org/resources/sdmxml/schemas/v2_1/common">Central Bank of Samoa</Name>
        </Code>
        <Code id="WS4" urn="urn:sdmx:org.sdmx.infomodel.codelist.Code=ECB:CL_ORGANISATION(1.0).WS4">
          <Name xml:lang="en" xmlns="http://www.sdmx.org/resources/sdmxml/schemas/v2_1/common">Samoa Treasury Department</Name>
        </Code>
        <Code id="YE1" urn="urn:sdmx:org.sdmx.infomodel.codelist.Code=ECB:CL_ORGANISATION(1.0).YE1">
          <Name xml:lang="en" xmlns="http://www.sdmx.org/resources/sdmxml/schemas/v2_1/common">Central Statistical Organization (Yemen)</Name>
        </Code>
        <Code id="YE2" urn="urn:sdmx:org.sdmx.infomodel.codelist.Code=ECB:CL_ORGANISATION(1.0).YE2">
          <Name xml:lang="en" xmlns="http://www.sdmx.org/resources/sdmxml/schemas/v2_1/common">Central Bank of Yemen</Name>
        </Code>
        <Code id="YE4" urn="urn:sdmx:org.sdmx.infomodel.codelist.Code=ECB:CL_ORGANISATION(1.0).YE4">
          <Name xml:lang="en" xmlns="http://www.sdmx.org/resources/sdmxml/schemas/v2_1/common">Ministry of Finance (Yemen)</Name>
        </Code>
        <Code id="ZA1" urn="urn:sdmx:org.sdmx.infomodel.codelist.Code=ECB:CL_ORGANISATION(1.0).ZA1">
          <Name xml:lang="en" xmlns="http://www.sdmx.org/resources/sdmxml/schemas/v2_1/common">South African Reserve Service</Name>
        </Code>
        <Code id="ZA2" urn="urn:sdmx:org.sdmx.infomodel.codelist.Code=ECB:CL_ORGANISATION(1.0).ZA2">
          <Name xml:lang="en" xmlns="http://www.sdmx.org/resources/sdmxml/schemas/v2_1/common">South African Reserve Bank</Name>
        </Code>
        <Code id="ZM1" urn="urn:sdmx:org.sdmx.infomodel.codelist.Code=ECB:CL_ORGANISATION(1.0).ZM1">
          <Name xml:lang="en" xmlns="http://www.sdmx.org/resources/sdmxml/schemas/v2_1/common">Central Statistical Office (Zambia)</Name>
        </Code>
        <Code id="ZM2" urn="urn:sdmx:org.sdmx.infomodel.codelist.Code=ECB:CL_ORGANISATION(1.0).ZM2">
          <Name xml:lang="en" xmlns="http://www.sdmx.org/resources/sdmxml/schemas/v2_1/common">Bank of Zambia</Name>
        </Code>
        <Code id="ZW1" urn="urn:sdmx:org.sdmx.infomodel.codelist.Code=ECB:CL_ORGANISATION(1.0).ZW1">
          <Name xml:lang="en" xmlns="http://www.sdmx.org/resources/sdmxml/schemas/v2_1/common">Central Statistical Office (Zimbabwe)</Name>
        </Code>
        <Code id="ZW2" urn="urn:sdmx:org.sdmx.infomodel.codelist.Code=ECB:CL_ORGANISATION(1.0).ZW2">
          <Name xml:lang="en" xmlns="http://www.sdmx.org/resources/sdmxml/schemas/v2_1/common">Reserve Bank of Zimbabwe</Name>
        </Code>
        <Code id="ZW4" urn="urn:sdmx:org.sdmx.infomodel.codelist.Code=ECB:CL_ORGANISATION(1.0).ZW4">
          <Name xml:lang="en" xmlns="http://www.sdmx.org/resources/sdmxml/schemas/v2_1/common">Ministry of Finance, Economic Planning and Development (Zimbabwe)</Name>
        </Code>
        <Code id="ZZZ" urn="urn:sdmx:org.sdmx.infomodel.codelist.Code=ECB:CL_ORGANISATION(1.0).ZZZ">
          <Name xml:lang="en" xmlns="http://www.sdmx.org/resources/sdmxml/schemas/v2_1/common">Unspecified (e.g. any, dissemination, internal exchange etc)</Name>
        </Code>
      </Codelist>
      <Codelist id="CL_UNIT" urn="urn:sdmx:org.sdmx.infomodel.codelist.Codelist=ECB:CL_UNIT(1.0)" agencyID="ECB" version="1.0" isFinal="true">
        <Name xml:lang="en" xmlns="http://www.sdmx.org/resources/sdmxml/schemas/v2_1/common">Unit code list</Name>
        <Code id="ARS" urn="urn:sdmx:org.sdmx.infomodel.codelist.Code=ECB:CL_UNIT(1.0).ARS">
          <Name xml:lang="en" xmlns="http://www.sdmx.org/resources/sdmxml/schemas/v2_1/common">Argentine peso</Name>
        </Code>
        <Code id="ATS" urn="urn:sdmx:org.sdmx.infomodel.codelist.Code=ECB:CL_UNIT(1.0).ATS">
          <Name xml:lang="en" xmlns="http://www.sdmx.org/resources/sdmxml/schemas/v2_1/common">Austrian Schilling</Name>
        </Code>
        <Code id="AUD" urn="urn:sdmx:org.sdmx.infomodel.codelist.Code=ECB:CL_UNIT(1.0).AUD">
          <Name xml:lang="en" xmlns="http://www.sdmx.org/resources/sdmxml/schemas/v2_1/common">Australian Dollar</Name>
        </Code>
        <Code id="BEF" urn="urn:sdmx:org.sdmx.infomodel.codelist.Code=ECB:CL_UNIT(1.0).BEF">
          <Name xml:lang="en" xmlns="http://www.sdmx.org/resources/sdmxml/schemas/v2_1/common">Belgian Franc</Name>
        </Code>
        <Code id="BEL" urn="urn:sdmx:org.sdmx.infomodel.codelist.Code=ECB:CL_UNIT(1.0).BEL">
          <Name xml:lang="en" xmlns="http://www.sdmx.org/resources/sdmxml/schemas/v2_1/common">Belgian Franc (Financial)</Name>
        </Code>
        <Code id="BGN" urn="urn:sdmx:org.sdmx.infomodel.codelist.Code=ECB:CL_UNIT(1.0).BGN">
          <Name xml:lang="en" xmlns="http://www.sdmx.org/resources/sdmxml/schemas/v2_1/common">Bulgarian Lev</Name>
        </Code>
        <Code id="BRL" urn="urn:sdmx:org.sdmx.infomodel.codelist.Code=ECB:CL_UNIT(1.0).BRL">
          <Name xml:lang="en" xmlns="http://www.sdmx.org/resources/sdmxml/schemas/v2_1/common">Brazilian real</Name>
        </Code>
        <Code id="CAD" urn="urn:sdmx:org.sdmx.infomodel.codelist.Code=ECB:CL_UNIT(1.0).CAD">
          <Name xml:lang="en" xmlns="http://www.sdmx.org/resources/sdmxml/schemas/v2_1/common">Canadian Dollar</Name>
        </Code>
        <Code id="CHF" urn="urn:sdmx:org.sdmx.infomodel.codelist.Code=ECB:CL_UNIT(1.0).CHF">
          <Name xml:lang="en" xmlns="http://www.sdmx.org/resources/sdmxml/schemas/v2_1/common">Swiss Franc</Name>
        </Code>
        <Code id="CNY" urn="urn:sdmx:org.sdmx.infomodel.codelist.Code=ECB:CL_UNIT(1.0).CNY">
          <Name xml:lang="en" xmlns="http://www.sdmx.org/resources/sdmxml/schemas/v2_1/common">Chinese Yuan Renminbi</Name>
        </Code>
        <Code id="CYP" urn="urn:sdmx:org.sdmx.infomodel.codelist.Code=ECB:CL_UNIT(1.0).CYP">
          <Name xml:lang="en" xmlns="http://www.sdmx.org/resources/sdmxml/schemas/v2_1/common">Cypriot Pound</Name>
        </Code>
        <Code id="CZK" urn="urn:sdmx:org.sdmx.infomodel.codelist.Code=ECB:CL_UNIT(1.0).CZK">
          <Name xml:lang="en" xmlns="http://www.sdmx.org/resources/sdmxml/schemas/v2_1/common">Czech Koruna</Name>
        </Code>
        <Code id="DAYS" urn="urn:sdmx:org.sdmx.infomodel.codelist.Code=ECB:CL_UNIT(1.0).DAYS">
          <Name xml:lang="en" xmlns="http://www.sdmx.org/resources/sdmxml/schemas/v2_1/common">Days</Name>
        </Code>
        <Code id="DEM" urn="urn:sdmx:org.sdmx.infomodel.codelist.Code=ECB:CL_UNIT(1.0).DEM">
          <Name xml:lang="en" xmlns="http://www.sdmx.org/resources/sdmxml/schemas/v2_1/common">German Mark</Name>
        </Code>
        <Code id="DKK" urn="urn:sdmx:org.sdmx.infomodel.codelist.Code=ECB:CL_UNIT(1.0).DKK">
          <Name xml:lang="en" xmlns="http://www.sdmx.org/resources/sdmxml/schemas/v2_1/common">Danish Krone</Name>
        </Code>
        <Code id="DZD" urn="urn:sdmx:org.sdmx.infomodel.codelist.Code=ECB:CL_UNIT(1.0).DZD">
          <Name xml:lang="en" xmlns="http://www.sdmx.org/resources/sdmxml/schemas/v2_1/common">Algerian dinar</Name>
        </Code>
        <Code id="EEK" urn="urn:sdmx:org.sdmx.infomodel.codelist.Code=ECB:CL_UNIT(1.0).EEK">
          <Name xml:lang="en" xmlns="http://www.sdmx.org/resources/sdmxml/schemas/v2_1/common">Estonian Kroon</Name>
        </Code>
        <Code id="ESP" urn="urn:sdmx:org.sdmx.infomodel.codelist.Code=ECB:CL_UNIT(1.0).ESP">
          <Name xml:lang="en" xmlns="http://www.sdmx.org/resources/sdmxml/schemas/v2_1/common">Spanish Peseta</Name>
        </Code>
        <Code id="EUR" urn="urn:sdmx:org.sdmx.infomodel.codelist.Code=ECB:CL_UNIT(1.0).EUR">
          <Name xml:lang="en" xmlns="http://www.sdmx.org/resources/sdmxml/schemas/v2_1/common">Euro</Name>
        </Code>
        <Code id="FIM" urn="urn:sdmx:org.sdmx.infomodel.codelist.Code=ECB:CL_UNIT(1.0).FIM">
          <Name xml:lang="en" xmlns="http://www.sdmx.org/resources/sdmxml/schemas/v2_1/common">Finnish Markka</Name>
        </Code>
        <Code id="FRF" urn="urn:sdmx:org.sdmx.infomodel.codelist.Code=ECB:CL_UNIT(1.0).FRF">
          <Name xml:lang="en" xmlns="http://www.sdmx.org/resources/sdmxml/schemas/v2_1/common">French Franc</Name>
        </Code>
        <Code id="GBP" urn="urn:sdmx:org.sdmx.infomodel.codelist.Code=ECB:CL_UNIT(1.0).GBP">
          <Name xml:lang="en" xmlns="http://www.sdmx.org/resources/sdmxml/schemas/v2_1/common">UK Pound Sterling</Name>
        </Code>
        <Code id="GRD" urn="urn:sdmx:org.sdmx.infomodel.codelist.Code=ECB:CL_UNIT(1.0).GRD">
          <Name xml:lang="en" xmlns="http://www.sdmx.org/resources/sdmxml/schemas/v2_1/common">Greek Drachma</Name>
        </Code>
        <Code id="HKD" urn="urn:sdmx:org.sdmx.infomodel.codelist.Code=ECB:CL_UNIT(1.0).HKD">
          <Name xml:lang="en" xmlns="http://www.sdmx.org/resources/sdmxml/schemas/v2_1/common">Hong Kong Dollar</Name>
        </Code>
        <Code id="HOURS" urn="urn:sdmx:org.sdmx.infomodel.codelist.Code=ECB:CL_UNIT(1.0).HOURS">
          <Name xml:lang="en" xmlns="http://www.sdmx.org/resources/sdmxml/schemas/v2_1/common">Hours</Name>
        </Code>
        <Code id="HRK" urn="urn:sdmx:org.sdmx.infomodel.codelist.Code=ECB:CL_UNIT(1.0).HRK">
          <Name xml:lang="en" xmlns="http://www.sdmx.org/resources/sdmxml/schemas/v2_1/common">Croatian kuna</Name>
        </Code>
        <Code id="HUF" urn="urn:sdmx:org.sdmx.infomodel.codelist.Code=ECB:CL_UNIT(1.0).HUF">
          <Name xml:lang="en" xmlns="http://www.sdmx.org/resources/sdmxml/schemas/v2_1/common">Hungarian Forint</Name>
        </Code>
        <Code id="IDR" urn="urn:sdmx:org.sdmx.infomodel.codelist.Code=ECB:CL_UNIT(1.0).IDR">
          <Name xml:lang="en" xmlns="http://www.sdmx.org/resources/sdmxml/schemas/v2_1/common">Indonesian rupiah</Name>
        </Code>
        <Code id="IEP" urn="urn:sdmx:org.sdmx.infomodel.codelist.Code=ECB:CL_UNIT(1.0).IEP">
          <Name xml:lang="en" xmlns="http://www.sdmx.org/resources/sdmxml/schemas/v2_1/common">Irish Pound</Name>
        </Code>
        <Code id="ILS" urn="urn:sdmx:org.sdmx.infomodel.codelist.Code=ECB:CL_UNIT(1.0).ILS">
          <Name xml:lang="en" xmlns="http://www.sdmx.org/resources/sdmxml/schemas/v2_1/common">Israeli shekel</Name>
        </Code>
        <Code id="INR" urn="urn:sdmx:org.sdmx.infomodel.codelist.Code=ECB:CL_UNIT(1.0).INR">
          <Name xml:lang="en" xmlns="http://www.sdmx.org/resources/sdmxml/schemas/v2_1/common">Indian Rupee</Name>
        </Code>
        <Code id="ISK" urn="urn:sdmx:org.sdmx.infomodel.codelist.Code=ECB:CL_UNIT(1.0).ISK">
          <Name xml:lang="en" xmlns="http://www.sdmx.org/resources/sdmxml/schemas/v2_1/common">Iceland Krona</Name>
        </Code>
        <Code id="ITL" urn="urn:sdmx:org.sdmx.infomodel.codelist.Code=ECB:CL_UNIT(1.0).ITL">
          <Name xml:lang="en" xmlns="http://www.sdmx.org/resources/sdmxml/schemas/v2_1/common">Italian Lira</Name>
        </Code>
        <Code id="JPY" urn="urn:sdmx:org.sdmx.infomodel.codelist.Code=ECB:CL_UNIT(1.0).JPY">
          <Name xml:lang="en" xmlns="http://www.sdmx.org/resources/sdmxml/schemas/v2_1/common">Japanese Yen</Name>
        </Code>
        <Code id="KILO" urn="urn:sdmx:org.sdmx.infomodel.codelist.Code=ECB:CL_UNIT(1.0).KILO">
          <Name xml:lang="en" xmlns="http://www.sdmx.org/resources/sdmxml/schemas/v2_1/common">Kilograms</Name>
        </Code>
        <Code id="KLITRE" urn="urn:sdmx:org.sdmx.infomodel.codelist.Code=ECB:CL_UNIT(1.0).KLITRE">
          <Name xml:lang="en" xmlns="http://www.sdmx.org/resources/sdmxml/schemas/v2_1/common">Kilolitres</Name>
        </Code>
        <Code id="KRW" urn="urn:sdmx:org.sdmx.infomodel.codelist.Code=ECB:CL_UNIT(1.0).KRW">
          <Name xml:lang="en" xmlns="http://www.sdmx.org/resources/sdmxml/schemas/v2_1/common">Korean Won (Republic)</Name>
        </Code>
        <Code id="LITRES" urn="urn:sdmx:org.sdmx.infomodel.codelist.Code=ECB:CL_UNIT(1.0).LITRES">
          <Name xml:lang="en" xmlns="http://www.sdmx.org/resources/sdmxml/schemas/v2_1/common">Litres</Name>
        </Code>
        <Code id="LKR" urn="urn:sdmx:org.sdmx.infomodel.codelist.Code=ECB:CL_UNIT(1.0).LKR">
          <Name xml:lang="en" xmlns="http://www.sdmx.org/resources/sdmxml/schemas/v2_1/common">Sri Lanka Rupee</Name>
        </Code>
        <Code id="LTL" urn="urn:sdmx:org.sdmx.infomodel.codelist.Code=ECB:CL_UNIT(1.0).LTL">
          <Name xml:lang="en" xmlns="http://www.sdmx.org/resources/sdmxml/schemas/v2_1/common">Lithuanian Litas</Name>
        </Code>
        <Code id="LUF" urn="urn:sdmx:org.sdmx.infomodel.codelist.Code=ECB:CL_UNIT(1.0).LUF">
          <Name xml:lang="en" xmlns="http://www.sdmx.org/resources/sdmxml/schemas/v2_1/common">Luxembourg Franc</Name>
        </Code>
        <Code id="LVL" urn="urn:sdmx:org.sdmx.infomodel.codelist.Code=ECB:CL_UNIT(1.0).LVL">
          <Name xml:lang="en" xmlns="http://www.sdmx.org/resources/sdmxml/schemas/v2_1/common">Latvian Lats</Name>
        </Code>
        <Code id="MAD" urn="urn:sdmx:org.sdmx.infomodel.codelist.Code=ECB:CL_UNIT(1.0).MAD">
          <Name xml:lang="en" xmlns="http://www.sdmx.org/resources/sdmxml/schemas/v2_1/common">Moroccan dirham</Name>
        </Code>
        <Code id="MAN-DY" urn="urn:sdmx:org.sdmx.infomodel.codelist.Code=ECB:CL_UNIT(1.0).MAN-DY">
          <Name xml:lang="en" xmlns="http://www.sdmx.org/resources/sdmxml/schemas/v2_1/common">Man Days</Name>
        </Code>
        <Code id="MAN-YR" urn="urn:sdmx:org.sdmx.infomodel.codelist.Code=ECB:CL_UNIT(1.0).MAN-YR">
          <Name xml:lang="en" xmlns="http://www.sdmx.org/resources/sdmxml/schemas/v2_1/common">Man Years</Name>
        </Code>
        <Code id="MONTHS" urn="urn:sdmx:org.sdmx.infomodel.codelist.Code=ECB:CL_UNIT(1.0).MONTHS">
          <Name xml:lang="en" xmlns="http://www.sdmx.org/resources/sdmxml/schemas/v2_1/common">Months</Name>
        </Code>
        <Code id="MTL" urn="urn:sdmx:org.sdmx.infomodel.codelist.Code=ECB:CL_UNIT(1.0).MTL">
          <Name xml:lang="en" xmlns="http://www.sdmx.org/resources/sdmxml/schemas/v2_1/common">Maltese Lira</Name>
        </Code>
        <Code id="MXN" urn="urn:sdmx:org.sdmx.infomodel.codelist.Code=ECB:CL_UNIT(1.0).MXN">
          <Name xml:lang="en" xmlns="http://www.sdmx.org/resources/sdmxml/schemas/v2_1/common">Mexican Peso</Name>
        </Code>
        <Code id="MXP" urn="urn:sdmx:org.sdmx.infomodel.codelist.Code=ECB:CL_UNIT(1.0).MXP">
          <Name xml:lang="en" xmlns="http://www.sdmx.org/resources/sdmxml/schemas/v2_1/common">Mexican peso (old)</Name>
        </Code>
        <Code id="MYR" urn="urn:sdmx:org.sdmx.infomodel.codelist.Code=ECB:CL_UNIT(1.0).MYR">
          <Name xml:lang="en" xmlns="http://www.sdmx.org/resources/sdmxml/schemas/v2_1/common">Malaysian Ringgit</Name>
        </Code>
        <Code id="NATCUR" urn="urn:sdmx:org.sdmx.infomodel.codelist.Code=ECB:CL_UNIT(1.0).NATCUR">
          <Name xml:lang="en" xmlns="http://www.sdmx.org/resources/sdmxml/schemas/v2_1/common">National Currency</Name>
        </Code>
        <Code id="NLG" urn="urn:sdmx:org.sdmx.infomodel.codelist.Code=ECB:CL_UNIT(1.0).NLG">
          <Name xml:lang="en" xmlns="http://www.sdmx.org/resources/sdmxml/schemas/v2_1/common">Netherlands Guilder</Name>
        </Code>
        <Code id="NOK" urn="urn:sdmx:org.sdmx.infomodel.codelist.Code=ECB:CL_UNIT(1.0).NOK">
          <Name xml:lang="en" xmlns="http://www.sdmx.org/resources/sdmxml/schemas/v2_1/common">Norwegian krone</Name>
        </Code>
        <Code id="NZD" urn="urn:sdmx:org.sdmx.infomodel.codelist.Code=ECB:CL_UNIT(1.0).NZD">
          <Name xml:lang="en" xmlns="http://www.sdmx.org/resources/sdmxml/schemas/v2_1/common">New Zealand Dollar</Name>
        </Code>
        <Code id="OUNCES" urn="urn:sdmx:org.sdmx.infomodel.codelist.Code=ECB:CL_UNIT(1.0).OUNCES">
          <Name xml:lang="en" xmlns="http://www.sdmx.org/resources/sdmxml/schemas/v2_1/common">Ounces</Name>
        </Code>
        <Code id="PC" urn="urn:sdmx:org.sdmx.infomodel.codelist.Code=ECB:CL_UNIT(1.0).PC">
          <Name xml:lang="en" xmlns="http://www.sdmx.org/resources/sdmxml/schemas/v2_1/common">Percent</Name>
        </Code>
        <Code id="PCPA" urn="urn:sdmx:org.sdmx.infomodel.codelist.Code=ECB:CL_UNIT(1.0).PCPA">
          <Name xml:lang="en" xmlns="http://www.sdmx.org/resources/sdmxml/schemas/v2_1/common">Percent per annum</Name>
        </Code>
        <Code id="PERS" urn="urn:sdmx:org.sdmx.infomodel.codelist.Code=ECB:CL_UNIT(1.0).PERS">
          <Name xml:lang="en" xmlns="http://www.sdmx.org/resources/sdmxml/schemas/v2_1/common">Persons</Name>
        </Code>
        <Code id="PHP" urn="urn:sdmx:org.sdmx.infomodel.codelist.Code=ECB:CL_UNIT(1.0).PHP">
          <Name xml:lang="en" xmlns="http://www.sdmx.org/resources/sdmxml/schemas/v2_1/common">Philippine peso</Name>
        </Code>
        <Code id="PLN" urn="urn:sdmx:org.sdmx.infomodel.codelist.Code=ECB:CL_UNIT(1.0).PLN">
          <Name xml:lang="en" xmlns="http://www.sdmx.org/resources/sdmxml/schemas/v2_1/common">Polish zloty</Name>
        </Code>
        <Code id="PM" urn="urn:sdmx:org.sdmx.infomodel.codelist.Code=ECB:CL_UNIT(1.0).PM">
          <Name xml:lang="en" xmlns="http://www.sdmx.org/resources/sdmxml/schemas/v2_1/common">Per thousand</Name>
        </Code>
        <Code id="POINTS" urn="urn:sdmx:org.sdmx.infomodel.codelist.Code=ECB:CL_UNIT(1.0).POINTS">
          <Name xml:lang="en" xmlns="http://www.sdmx.org/resources/sdmxml/schemas/v2_1/common">Points</Name>
        </Code>
        <Code id="PTE" urn="urn:sdmx:org.sdmx.infomodel.codelist.Code=ECB:CL_UNIT(1.0).PTE">
          <Name xml:lang="en" xmlns="http://www.sdmx.org/resources/sdmxml/schemas/v2_1/common">Portugese Escudo</Name>
        </Code>
        <Code id="PURE_NUMB" urn="urn:sdmx:org.sdmx.infomodel.codelist.Code=ECB:CL_UNIT(1.0).PURE_NUMB">
          <Name xml:lang="en" xmlns="http://www.sdmx.org/resources/sdmxml/schemas/v2_1/common">Pure number</Name>
        </Code>
        <Code id="ROL" urn="urn:sdmx:org.sdmx.infomodel.codelist.Code=ECB:CL_UNIT(1.0).ROL">
          <Name xml:lang="en" xmlns="http://www.sdmx.org/resources/sdmxml/schemas/v2_1/common">Romanian leu (old)</Name>
        </Code>
        <Code id="RUB" urn="urn:sdmx:org.sdmx.infomodel.codelist.Code=ECB:CL_UNIT(1.0).RUB">
          <Name xml:lang="en" xmlns="http://www.sdmx.org/resources/sdmxml/schemas/v2_1/common">Rouble</Name>
        </Code>
        <Code id="SAR" urn="urn:sdmx:org.sdmx.infomodel.codelist.Code=ECB:CL_UNIT(1.0).SAR">
          <Name xml:lang="en" xmlns="http://www.sdmx.org/resources/sdmxml/schemas/v2_1/common">Saudi Riyal</Name>
        </Code>
        <Code id="SEK" urn="urn:sdmx:org.sdmx.infomodel.codelist.Code=ECB:CL_UNIT(1.0).SEK">
          <Name xml:lang="en" xmlns="http://www.sdmx.org/resources/sdmxml/schemas/v2_1/common">Swedish Krona</Name>
        </Code>
        <Code id="SGD" urn="urn:sdmx:org.sdmx.infomodel.codelist.Code=ECB:CL_UNIT(1.0).SGD">
          <Name xml:lang="en" xmlns="http://www.sdmx.org/resources/sdmxml/schemas/v2_1/common">Singapore Dollar</Name>
        </Code>
        <Code id="SIT" urn="urn:sdmx:org.sdmx.infomodel.codelist.Code=ECB:CL_UNIT(1.0).SIT">
          <Name xml:lang="en" xmlns="http://www.sdmx.org/resources/sdmxml/schemas/v2_1/common">Slovenian Tolar</Name>
        </Code>
        <Code id="SKK" urn="urn:sdmx:org.sdmx.infomodel.codelist.Code=ECB:CL_UNIT(1.0).SKK">
          <Name xml:lang="en" xmlns="http://www.sdmx.org/resources/sdmxml/schemas/v2_1/common">Slovak Koruna</Name>
        </Code>
        <Code id="SQ_M" urn="urn:sdmx:org.sdmx.infomodel.codelist.Code=ECB:CL_UNIT(1.0).SQ_M">
          <Name xml:lang="en" xmlns="http://www.sdmx.org/resources/sdmxml/schemas/v2_1/common">Square Metres</Name>
        </Code>
        <Code id="THB" urn="urn:sdmx:org.sdmx.infomodel.codelist.Code=ECB:CL_UNIT(1.0).THB">
          <Name xml:lang="en" xmlns="http://www.sdmx.org/resources/sdmxml/schemas/v2_1/common">Thai Bhat</Name>
        </Code>
        <Code id="TONNES" urn="urn:sdmx:org.sdmx.infomodel.codelist.Code=ECB:CL_UNIT(1.0).TONNES">
          <Name xml:lang="en" xmlns="http://www.sdmx.org/resources/sdmxml/schemas/v2_1/common">Tonnes</Name>
        </Code>
        <Code id="TRL" urn="urn:sdmx:org.sdmx.infomodel.codelist.Code=ECB:CL_UNIT(1.0).TRL">
          <Name xml:lang="en" xmlns="http://www.sdmx.org/resources/sdmxml/schemas/v2_1/common">Turkish lira (old)</Name>
        </Code>
        <Code id="TRY" urn="urn:sdmx:org.sdmx.infomodel.codelist.Code=ECB:CL_UNIT(1.0).TRY">
          <Name xml:lang="en" xmlns="http://www.sdmx.org/resources/sdmxml/schemas/v2_1/common">Turkish lira</Name>
        </Code>
        <Code id="TWD" urn="urn:sdmx:org.sdmx.infomodel.codelist.Code=ECB:CL_UNIT(1.0).TWD">
          <Name xml:lang="en" xmlns="http://www.sdmx.org/resources/sdmxml/schemas/v2_1/common">New Taiwan Dollar</Name>
        </Code>
        <Code id="UNITS" urn="urn:sdmx:org.sdmx.infomodel.codelist.Code=ECB:CL_UNIT(1.0).UNITS">
          <Name xml:lang="en" xmlns="http://www.sdmx.org/resources/sdmxml/schemas/v2_1/common">Unit described in title</Name>
        </Code>
        <Code id="USD" urn="urn:sdmx:org.sdmx.infomodel.codelist.Code=ECB:CL_UNIT(1.0).USD">
          <Name xml:lang="en" xmlns="http://www.sdmx.org/resources/sdmxml/schemas/v2_1/common">US Dollar</Name>
        </Code>
        <Code id="XDR" urn="urn:sdmx:org.sdmx.infomodel.codelist.Code=ECB:CL_UNIT(1.0).XDR">
          <Name xml:lang="en" xmlns="http://www.sdmx.org/resources/sdmxml/schemas/v2_1/common">Special Drawing Rights (S.D.R.)</Name>
        </Code>
        <Code id="XEU" urn="urn:sdmx:org.sdmx.infomodel.codelist.Code=ECB:CL_UNIT(1.0).XEU">
          <Name xml:lang="en" xmlns="http://www.sdmx.org/resources/sdmxml/schemas/v2_1/common">European Currency Unit (E.C.U.)</Name>
        </Code>
        <Code id="ZAR" urn="urn:sdmx:org.sdmx.infomodel.codelist.Code=ECB:CL_UNIT(1.0).ZAR">
          <Name xml:lang="en" xmlns="http://www.sdmx.org/resources/sdmxml/schemas/v2_1/common">South African Rand</Name>
        </Code>
        <Code id="AFN" urn="urn:sdmx:org.sdmx.infomodel.codelist.Code=ECB:CL_UNIT(1.0).AFN">
          <Name xml:lang="en" xmlns="http://www.sdmx.org/resources/sdmxml/schemas/v2_1/common">Afghanistan, Afghanis</Name>
        </Code>
        <Code id="AOA" urn="urn:sdmx:org.sdmx.infomodel.codelist.Code=ECB:CL_UNIT(1.0).AOA">
          <Name xml:lang="en" xmlns="http://www.sdmx.org/resources/sdmxml/schemas/v2_1/common">Angolan kwanza</Name>
        </Code>
        <Code id="AZN" urn="urn:sdmx:org.sdmx.infomodel.codelist.Code=ECB:CL_UNIT(1.0).AZN">
          <Name xml:lang="en" xmlns="http://www.sdmx.org/resources/sdmxml/schemas/v2_1/common">Azerbaijan, manats</Name>
        </Code>
        <Code id="BYR" urn="urn:sdmx:org.sdmx.infomodel.codelist.Code=ECB:CL_UNIT(1.0).BYR">
          <Name xml:lang="en" xmlns="http://www.sdmx.org/resources/sdmxml/schemas/v2_1/common">Belarus, Rubles</Name>
        </Code>
        <Code id="CLP" urn="urn:sdmx:org.sdmx.infomodel.codelist.Code=ECB:CL_UNIT(1.0).CLP">
          <Name xml:lang="en" xmlns="http://www.sdmx.org/resources/sdmxml/schemas/v2_1/common">Chilean peso</Name>
        </Code>
        <Code id="COP" urn="urn:sdmx:org.sdmx.infomodel.codelist.Code=ECB:CL_UNIT(1.0).COP">
          <Name xml:lang="en" xmlns="http://www.sdmx.org/resources/sdmxml/schemas/v2_1/common">Colombian peso</Name>
        </Code>
        <Code id="CSD" urn="urn:sdmx:org.sdmx.infomodel.codelist.Code=ECB:CL_UNIT(1.0).CSD">
          <Name xml:lang="en" xmlns="http://www.sdmx.org/resources/sdmxml/schemas/v2_1/common">Serbian dinar</Name>
        </Code>
        <Code id="EGP" urn="urn:sdmx:org.sdmx.infomodel.codelist.Code=ECB:CL_UNIT(1.0).EGP">
          <Name xml:lang="en" xmlns="http://www.sdmx.org/resources/sdmxml/schemas/v2_1/common">Egyptian pound</Name>
        </Code>
        <Code id="GGP" urn="urn:sdmx:org.sdmx.infomodel.codelist.Code=ECB:CL_UNIT(1.0).GGP">
          <Name xml:lang="en" xmlns="http://www.sdmx.org/resources/sdmxml/schemas/v2_1/common">Guernsey, Pounds</Name>
        </Code>
        <Code id="IMP" urn="urn:sdmx:org.sdmx.infomodel.codelist.Code=ECB:CL_UNIT(1.0).IMP">
          <Name xml:lang="en" xmlns="http://www.sdmx.org/resources/sdmxml/schemas/v2_1/common">Isle of Man, Pounds</Name>
        </Code>
        <Code id="IQD" urn="urn:sdmx:org.sdmx.infomodel.codelist.Code=ECB:CL_UNIT(1.0).IQD">
          <Name xml:lang="en" xmlns="http://www.sdmx.org/resources/sdmxml/schemas/v2_1/common">Iraqi dinar</Name>
        </Code>
        <Code id="IRR" urn="urn:sdmx:org.sdmx.infomodel.codelist.Code=ECB:CL_UNIT(1.0).IRR">
          <Name xml:lang="en" xmlns="http://www.sdmx.org/resources/sdmxml/schemas/v2_1/common">Iranian rial</Name>
        </Code>
        <Code id="JEP" urn="urn:sdmx:org.sdmx.infomodel.codelist.Code=ECB:CL_UNIT(1.0).JEP">
          <Name xml:lang="en" xmlns="http://www.sdmx.org/resources/sdmxml/schemas/v2_1/common">Jersey, Pounds</Name>
        </Code>
        <Code id="JOD" urn="urn:sdmx:org.sdmx.infomodel.codelist.Code=ECB:CL_UNIT(1.0).JOD">
          <Name xml:lang="en" xmlns="http://www.sdmx.org/resources/sdmxml/schemas/v2_1/common">Jordanian dinar</Name>
        </Code>
        <Code id="KPW" urn="urn:sdmx:org.sdmx.infomodel.codelist.Code=ECB:CL_UNIT(1.0).KPW">
          <Name xml:lang="en" xmlns="http://www.sdmx.org/resources/sdmxml/schemas/v2_1/common">Korean won (North)</Name>
        </Code>
        <Code id="KWD" urn="urn:sdmx:org.sdmx.infomodel.codelist.Code=ECB:CL_UNIT(1.0).KWD">
          <Name xml:lang="en" xmlns="http://www.sdmx.org/resources/sdmxml/schemas/v2_1/common">Kuwait dinar</Name>
        </Code>
        <Code id="LBP" urn="urn:sdmx:org.sdmx.infomodel.codelist.Code=ECB:CL_UNIT(1.0).LBP">
          <Name xml:lang="en" xmlns="http://www.sdmx.org/resources/sdmxml/schemas/v2_1/common">Lebanese pound</Name>
        </Code>
        <Code id="LYD" urn="urn:sdmx:org.sdmx.infomodel.codelist.Code=ECB:CL_UNIT(1.0).LYD">
          <Name xml:lang="en" xmlns="http://www.sdmx.org/resources/sdmxml/schemas/v2_1/common">Libyan dinar</Name>
        </Code>
        <Code id="MGA" urn="urn:sdmx:org.sdmx.infomodel.codelist.Code=ECB:CL_UNIT(1.0).MGA">
          <Name xml:lang="en" xmlns="http://www.sdmx.org/resources/sdmxml/schemas/v2_1/common">Madagascar, Ariary</Name>
        </Code>
        <Code id="MZN" urn="urn:sdmx:org.sdmx.infomodel.codelist.Code=ECB:CL_UNIT(1.0).MZN">
          <Name xml:lang="en" xmlns="http://www.sdmx.org/resources/sdmxml/schemas/v2_1/common">Mozambique, Meticais</Name>
        </Code>
        <Code id="PCT" urn="urn:sdmx:org.sdmx.infomodel.codelist.Code=ECB:CL_UNIT(1.0).PCT">
          <Name xml:lang="en" xmlns="http://www.sdmx.org/resources/sdmxml/schemas/v2_1/common">Percentage of change</Name>
        </Code>
        <Code id="PEN" urn="urn:sdmx:org.sdmx.infomodel.codelist.Code=ECB:CL_UNIT(1.0).PEN">
          <Name xml:lang="en" xmlns="http://www.sdmx.org/resources/sdmxml/schemas/v2_1/common">Peru nuevo sol</Name>
        </Code>
        <Code id="PKR" urn="urn:sdmx:org.sdmx.infomodel.codelist.Code=ECB:CL_UNIT(1.0).PKR">
          <Name xml:lang="en" xmlns="http://www.sdmx.org/resources/sdmxml/schemas/v2_1/common">Pakistan rupee</Name>
        </Code>
        <Code id="RON" urn="urn:sdmx:org.sdmx.infomodel.codelist.Code=ECB:CL_UNIT(1.0).RON">
          <Name xml:lang="en" xmlns="http://www.sdmx.org/resources/sdmxml/schemas/v2_1/common">Romanian leu</Name>
        </Code>
        <Code id="SDG" urn="urn:sdmx:org.sdmx.infomodel.codelist.Code=ECB:CL_UNIT(1.0).SDG">
          <Name xml:lang="en" xmlns="http://www.sdmx.org/resources/sdmxml/schemas/v2_1/common">Sudan, Dinars</Name>
        </Code>
        <Code id="SPL" urn="urn:sdmx:org.sdmx.infomodel.codelist.Code=ECB:CL_UNIT(1.0).SPL">
          <Name xml:lang="en" xmlns="http://www.sdmx.org/resources/sdmxml/schemas/v2_1/common">Seborga, Luigini</Name>
        </Code>
        <Code id="SRD" urn="urn:sdmx:org.sdmx.infomodel.codelist.Code=ECB:CL_UNIT(1.0).SRD">
          <Name xml:lang="en" xmlns="http://www.sdmx.org/resources/sdmxml/schemas/v2_1/common">Suriname, Dollars</Name>
        </Code>
        <Code id="SYP" urn="urn:sdmx:org.sdmx.infomodel.codelist.Code=ECB:CL_UNIT(1.0).SYP">
          <Name xml:lang="en" xmlns="http://www.sdmx.org/resources/sdmxml/schemas/v2_1/common">Syrian pound</Name>
        </Code>
        <Code id="TJS" urn="urn:sdmx:org.sdmx.infomodel.codelist.Code=ECB:CL_UNIT(1.0).TJS">
          <Name xml:lang="en" xmlns="http://www.sdmx.org/resources/sdmxml/schemas/v2_1/common">Tajikistan, Somoni</Name>
        </Code>
        <Code id="TND" urn="urn:sdmx:org.sdmx.infomodel.codelist.Code=ECB:CL_UNIT(1.0).TND">
          <Name xml:lang="en" xmlns="http://www.sdmx.org/resources/sdmxml/schemas/v2_1/common">Tunisian dinar</Name>
        </Code>
        <Code id="TVD" urn="urn:sdmx:org.sdmx.infomodel.codelist.Code=ECB:CL_UNIT(1.0).TVD">
          <Name xml:lang="en" xmlns="http://www.sdmx.org/resources/sdmxml/schemas/v2_1/common">Tuvalu, Tuvalu Dollars</Name>
        </Code>
        <Code id="UAH" urn="urn:sdmx:org.sdmx.infomodel.codelist.Code=ECB:CL_UNIT(1.0).UAH">
          <Name xml:lang="en" xmlns="http://www.sdmx.org/resources/sdmxml/schemas/v2_1/common">Ukraine hryvnia</Name>
        </Code>
        <Code id="VEB" urn="urn:sdmx:org.sdmx.infomodel.codelist.Code=ECB:CL_UNIT(1.0).VEB">
          <Name xml:lang="en" xmlns="http://www.sdmx.org/resources/sdmxml/schemas/v2_1/common">Venezuela bolivar</Name>
        </Code>
        <Code id="XAG" urn="urn:sdmx:org.sdmx.infomodel.codelist.Code=ECB:CL_UNIT(1.0).XAG">
          <Name xml:lang="en" xmlns="http://www.sdmx.org/resources/sdmxml/schemas/v2_1/common">Silver</Name>
        </Code>
        <Code id="XPD" urn="urn:sdmx:org.sdmx.infomodel.codelist.Code=ECB:CL_UNIT(1.0).XPD">
          <Name xml:lang="en" xmlns="http://www.sdmx.org/resources/sdmxml/schemas/v2_1/common">Palladium Ounces</Name>
        </Code>
        <Code id="XPT" urn="urn:sdmx:org.sdmx.infomodel.codelist.Code=ECB:CL_UNIT(1.0).XPT">
          <Name xml:lang="en" xmlns="http://www.sdmx.org/resources/sdmxml/schemas/v2_1/common">Platinum, Ounces</Name>
        </Code>
        <Code id="YEARS" urn="urn:sdmx:org.sdmx.infomodel.codelist.Code=ECB:CL_UNIT(1.0).YEARS">
          <Name xml:lang="en" xmlns="http://www.sdmx.org/resources/sdmxml/schemas/v2_1/common">Years</Name>
        </Code>
        <Code id="ZWN" urn="urn:sdmx:org.sdmx.infomodel.codelist.Code=ECB:CL_UNIT(1.0).ZWN">
          <Name xml:lang="en" xmlns="http://www.sdmx.org/resources/sdmxml/schemas/v2_1/common">Zimbabwe, Zimbabwe Dollars</Name>
        </Code>
      </Codelist>
      <Codelist id="CL_AVAILABILITY" urn="urn:sdmx:org.sdmx.infomodel.codelist.Codelist=ESTAT:CL_AVAILABILITY(1.0)" agencyID="ESTAT" version="1.0" validFrom="2007-01-01T00:00:00" validTo="2007-12-31T00:00:00" isFinal="true">
        <Name xml:lang="en" xmlns="http://www.sdmx.org/resources/sdmxml/schemas/v2_1/common">Organisation availability code list</Name>
        <Code id="A" urn="urn:sdmx:org.sdmx.infomodel.codelist.Code=ESTAT:CL_AVAILABILITY(1.0).A">
          <Name xml:lang="en" xmlns="http://www.sdmx.org/resources/sdmxml/schemas/v2_1/common">Free</Name>
        </Code>
        <Code id="B" urn="urn:sdmx:org.sdmx.infomodel.codelist.Code=ESTAT:CL_AVAILABILITY(1.0).B">
          <Name xml:lang="en" xmlns="http://www.sdmx.org/resources/sdmxml/schemas/v2_1/common">BIS only, not for publication</Name>
        </Code>
        <Code id="C" urn="urn:sdmx:org.sdmx.infomodel.codelist.Code=ESTAT:CL_AVAILABILITY(1.0).C">
          <Name xml:lang="en" xmlns="http://www.sdmx.org/resources/sdmxml/schemas/v2_1/common">BIS and G-10 Central Banks only, not for publication</Name>
        </Code>
        <Code id="D" urn="urn:sdmx:org.sdmx.infomodel.codelist.Code=ESTAT:CL_AVAILABILITY(1.0).D">
          <Name xml:lang="en" xmlns="http://www.sdmx.org/resources/sdmxml/schemas/v2_1/common">ESCB only, not for publication</Name>
        </Code>
        <Code id="E" urn="urn:sdmx:org.sdmx.infomodel.codelist.Code=ESTAT:CL_AVAILABILITY(1.0).E">
          <Name xml:lang="en" xmlns="http://www.sdmx.org/resources/sdmxml/schemas/v2_1/common">ECB only, not for publication</Name>
        </Code>
        <Code id="G" urn="urn:sdmx:org.sdmx.infomodel.codelist.Code=ESTAT:CL_AVAILABILITY(1.0).G">
          <Name xml:lang="en" xmlns="http://www.sdmx.org/resources/sdmxml/schemas/v2_1/common">BIS and ESCB only, not for publication</Name>
        </Code>
        <Code id="H" urn="urn:sdmx:org.sdmx.infomodel.codelist.Code=ESTAT:CL_AVAILABILITY(1.0).H">
          <Name xml:lang="en" xmlns="http://www.sdmx.org/resources/sdmxml/schemas/v2_1/common">BIS and ECB only, not for publication</Name>
        </Code>
        <Code id="I" urn="urn:sdmx:org.sdmx.infomodel.codelist.Code=ESTAT:CL_AVAILABILITY(1.0).I">
          <Name xml:lang="en" xmlns="http://www.sdmx.org/resources/sdmxml/schemas/v2_1/common">BIS, ECB and Central Banks only, not for publication</Name>
        </Code>
        <Code id="J" urn="urn:sdmx:org.sdmx.infomodel.codelist.Code=ESTAT:CL_AVAILABILITY(1.0).J">
          <Name xml:lang="en" xmlns="http://www.sdmx.org/resources/sdmxml/schemas/v2_1/common">(BIS) Low frequency free, high frequency confidential</Name>
        </Code>
        <Code id="K" urn="urn:sdmx:org.sdmx.infomodel.codelist.Code=ESTAT:CL_AVAILABILITY(1.0).K">
          <Name xml:lang="en" xmlns="http://www.sdmx.org/resources/sdmxml/schemas/v2_1/common">Free, last value not to be published prior to embargo date</Name>
        </Code>
        <Code id="N" urn="urn:sdmx:org.sdmx.infomodel.codelist.Code=ESTAT:CL_AVAILABILITY(1.0).N">
          <Name xml:lang="en" xmlns="http://www.sdmx.org/resources/sdmxml/schemas/v2_1/common">(BIS) Low frequency free, high frequency ECB only</Name>
        </Code>
        <Code id="O" urn="urn:sdmx:org.sdmx.infomodel.codelist.Code=ESTAT:CL_AVAILABILITY(1.0).O">
          <Name xml:lang="en" xmlns="http://www.sdmx.org/resources/sdmxml/schemas/v2_1/common">Commission/Eurostat only, not for publication</Name>
        </Code>
        <Code id="P" urn="urn:sdmx:org.sdmx.infomodel.codelist.Code=ESTAT:CL_AVAILABILITY(1.0).P">
          <Name xml:lang="en" xmlns="http://www.sdmx.org/resources/sdmxml/schemas/v2_1/common">Commission/Eurostat and ECB only, not for publication</Name>
        </Code>
        <Code id="Q" urn="urn:sdmx:org.sdmx.infomodel.codelist.Code=ESTAT:CL_AVAILABILITY(1.0).Q">
          <Name xml:lang="en" xmlns="http://www.sdmx.org/resources/sdmxml/schemas/v2_1/common">Commission/Eurostat and ESCB only, not for publication</Name>
        </Code>
        <Code id="U" urn="urn:sdmx:org.sdmx.infomodel.codelist.Code=ESTAT:CL_AVAILABILITY(1.0).U">
          <Name xml:lang="en" xmlns="http://www.sdmx.org/resources/sdmxml/schemas/v2_1/common">ECB and MU central banks only, not for publication</Name>
        </Code>
        <Code id="W" urn="urn:sdmx:org.sdmx.infomodel.codelist.Code=ESTAT:CL_AVAILABILITY(1.0).W">
          <Name xml:lang="en" xmlns="http://www.sdmx.org/resources/sdmxml/schemas/v2_1/common">BIS, ECB &amp; G10 NCBs; authorised individuals, strictly confidential</Name>
        </Code>
        <Code id="Z" urn="urn:sdmx:org.sdmx.infomodel.codelist.Code=ESTAT:CL_AVAILABILITY(1.0).Z">
          <Name xml:lang="en" xmlns="http://www.sdmx.org/resources/sdmxml/schemas/v2_1/common">BIS, ECB &amp; NCBs; authorised individuals, strictly confidential</Name>
        </Code>
      </Codelist>
      <Codelist id="CL_STS_ACTIVITY" urn="urn:sdmx:org.sdmx.infomodel.codelist.Codelist=ESTAT:CL_STS_ACTIVITY(1.0)" agencyID="ESTAT" version="1.0" validFrom="2007-01-01T00:00:00" validTo="2007-12-31T00:00:00" isFinal="true">
        <Name xml:lang="en" xmlns="http://www.sdmx.org/resources/sdmxml/schemas/v2_1/common">STS Economic Activity code list</Name>
        <Code id="N100C0" urn="urn:sdmx:org.sdmx.infomodel.codelist.Code=ESTAT:CL_STS_ACTIVITY(1.0).N100C0">
          <Name xml:lang="en" xmlns="http://www.sdmx.org/resources/sdmxml/schemas/v2_1/common">Mining and quarrying</Name>
        </Code>
        <Code id="N100CA" urn="urn:sdmx:org.sdmx.infomodel.codelist.Code=ESTAT:CL_STS_ACTIVITY(1.0).N100CA">
          <Name xml:lang="en" xmlns="http://www.sdmx.org/resources/sdmxml/schemas/v2_1/common">Mining and quarrying of energy producing materials</Name>
        </Code>
        <Code id="N100CB" urn="urn:sdmx:org.sdmx.infomodel.codelist.Code=ESTAT:CL_STS_ACTIVITY(1.0).N100CB">
          <Name xml:lang="en" xmlns="http://www.sdmx.org/resources/sdmxml/schemas/v2_1/common">Mining and quarrying, except of energy producing materials</Name>
        </Code>
        <Code id="N100D0" urn="urn:sdmx:org.sdmx.infomodel.codelist.Code=ESTAT:CL_STS_ACTIVITY(1.0).N100D0">
          <Name xml:lang="en" xmlns="http://www.sdmx.org/resources/sdmxml/schemas/v2_1/common">Manufacturing</Name>
        </Code>
        <Code id="N100D1" urn="urn:sdmx:org.sdmx.infomodel.codelist.Code=ESTAT:CL_STS_ACTIVITY(1.0).N100D1">
          <Name xml:lang="en" xmlns="http://www.sdmx.org/resources/sdmxml/schemas/v2_1/common">Manufacturing working on orders</Name>
        </Code>
        <Code id="N100DA" urn="urn:sdmx:org.sdmx.infomodel.codelist.Code=ESTAT:CL_STS_ACTIVITY(1.0).N100DA">
          <Name xml:lang="en" xmlns="http://www.sdmx.org/resources/sdmxml/schemas/v2_1/common">Manufacture of food products, beverages and tobacco</Name>
        </Code>
        <Code id="N100DB" urn="urn:sdmx:org.sdmx.infomodel.codelist.Code=ESTAT:CL_STS_ACTIVITY(1.0).N100DB">
          <Name xml:lang="en" xmlns="http://www.sdmx.org/resources/sdmxml/schemas/v2_1/common">Manufacture of textiles and textile products</Name>
        </Code>
        <Code id="N100DC" urn="urn:sdmx:org.sdmx.infomodel.codelist.Code=ESTAT:CL_STS_ACTIVITY(1.0).N100DC">
          <Name xml:lang="en" xmlns="http://www.sdmx.org/resources/sdmxml/schemas/v2_1/common">Manufacture of leather and leather products</Name>
        </Code>
        <Code id="N100DD" urn="urn:sdmx:org.sdmx.infomodel.codelist.Code=ESTAT:CL_STS_ACTIVITY(1.0).N100DD">
          <Name xml:lang="en" xmlns="http://www.sdmx.org/resources/sdmxml/schemas/v2_1/common">Manufacture of wood and wood products</Name>
        </Code>
        <Code id="N100DE" urn="urn:sdmx:org.sdmx.infomodel.codelist.Code=ESTAT:CL_STS_ACTIVITY(1.0).N100DE">
          <Name xml:lang="en" xmlns="http://www.sdmx.org/resources/sdmxml/schemas/v2_1/common">Manufacture of pulp, paper and paper products; publishing and printing</Name>
        </Code>
        <Code id="N100DF" urn="urn:sdmx:org.sdmx.infomodel.codelist.Code=ESTAT:CL_STS_ACTIVITY(1.0).N100DF">
          <Name xml:lang="en" xmlns="http://www.sdmx.org/resources/sdmxml/schemas/v2_1/common">Manufacture of coke, refined petroleum products and nuclear fuel</Name>
        </Code>
        <Code id="N100DG" urn="urn:sdmx:org.sdmx.infomodel.codelist.Code=ESTAT:CL_STS_ACTIVITY(1.0).N100DG">
          <Name xml:lang="en" xmlns="http://www.sdmx.org/resources/sdmxml/schemas/v2_1/common">Manufacture of chemicals, chemical products and man-made fibres</Name>
        </Code>
        <Code id="N100DH" urn="urn:sdmx:org.sdmx.infomodel.codelist.Code=ESTAT:CL_STS_ACTIVITY(1.0).N100DH">
          <Name xml:lang="en" xmlns="http://www.sdmx.org/resources/sdmxml/schemas/v2_1/common">Manufacture of rubber and plastic products</Name>
        </Code>
        <Code id="N100DI" urn="urn:sdmx:org.sdmx.infomodel.codelist.Code=ESTAT:CL_STS_ACTIVITY(1.0).N100DI">
          <Name xml:lang="en" xmlns="http://www.sdmx.org/resources/sdmxml/schemas/v2_1/common">Manufacture of other non-metallic mineral products</Name>
        </Code>
        <Code id="N100DJ" urn="urn:sdmx:org.sdmx.infomodel.codelist.Code=ESTAT:CL_STS_ACTIVITY(1.0).N100DJ">
          <Name xml:lang="en" xmlns="http://www.sdmx.org/resources/sdmxml/schemas/v2_1/common">Manufacture of basic metals and fabricated metal products</Name>
        </Code>
        <Code id="N100DK" urn="urn:sdmx:org.sdmx.infomodel.codelist.Code=ESTAT:CL_STS_ACTIVITY(1.0).N100DK">
          <Name xml:lang="en" xmlns="http://www.sdmx.org/resources/sdmxml/schemas/v2_1/common">Manufacture of machinery and equipment n.e.c.</Name>
        </Code>
        <Code id="N100DL" urn="urn:sdmx:org.sdmx.infomodel.codelist.Code=ESTAT:CL_STS_ACTIVITY(1.0).N100DL">
          <Name xml:lang="en" xmlns="http://www.sdmx.org/resources/sdmxml/schemas/v2_1/common">Manufacture of electrical and optical equipment</Name>
        </Code>
        <Code id="N100DM" urn="urn:sdmx:org.sdmx.infomodel.codelist.Code=ESTAT:CL_STS_ACTIVITY(1.0).N100DM">
          <Name xml:lang="en" xmlns="http://www.sdmx.org/resources/sdmxml/schemas/v2_1/common">Manufacture of transport equipment</Name>
        </Code>
        <Code id="N100DN" urn="urn:sdmx:org.sdmx.infomodel.codelist.Code=ESTAT:CL_STS_ACTIVITY(1.0).N100DN">
          <Name xml:lang="en" xmlns="http://www.sdmx.org/resources/sdmxml/schemas/v2_1/common">Manufacturing n.e.c.</Name>
        </Code>
        <Code id="N100E0" urn="urn:sdmx:org.sdmx.infomodel.codelist.Code=ESTAT:CL_STS_ACTIVITY(1.0).N100E0">
          <Name xml:lang="en" xmlns="http://www.sdmx.org/resources/sdmxml/schemas/v2_1/common">Electricity, gas and water supply</Name>
        </Code>
        <Code id="N100G0" urn="urn:sdmx:org.sdmx.infomodel.codelist.Code=ESTAT:CL_STS_ACTIVITY(1.0).N100G0">
          <Name xml:lang="en" xmlns="http://www.sdmx.org/resources/sdmxml/schemas/v2_1/common">Trade; Repair of Motor Vehicles, Motorcycles etc.</Name>
        </Code>
        <Code id="N100H0" urn="urn:sdmx:org.sdmx.infomodel.codelist.Code=ESTAT:CL_STS_ACTIVITY(1.0).N100H0">
          <Name xml:lang="en" xmlns="http://www.sdmx.org/resources/sdmxml/schemas/v2_1/common">Hotels and Restaurants</Name>
        </Code>
        <Code id="N100I0" urn="urn:sdmx:org.sdmx.infomodel.codelist.Code=ESTAT:CL_STS_ACTIVITY(1.0).N100I0">
          <Name xml:lang="en" xmlns="http://www.sdmx.org/resources/sdmxml/schemas/v2_1/common">Transport, Storage and Communication</Name>
        </Code>
        <Code id="N100J0" urn="urn:sdmx:org.sdmx.infomodel.codelist.Code=ESTAT:CL_STS_ACTIVITY(1.0).N100J0">
          <Name xml:lang="en" xmlns="http://www.sdmx.org/resources/sdmxml/schemas/v2_1/common">Financial Intermediation</Name>
        </Code>
        <Code id="N100K0" urn="urn:sdmx:org.sdmx.infomodel.codelist.Code=ESTAT:CL_STS_ACTIVITY(1.0).N100K0">
          <Name xml:lang="en" xmlns="http://www.sdmx.org/resources/sdmxml/schemas/v2_1/common">Real Estate, Renting and Business Activities</Name>
        </Code>
        <Code id="N10100" urn="urn:sdmx:org.sdmx.infomodel.codelist.Code=ESTAT:CL_STS_ACTIVITY(1.0).N10100">
          <Name xml:lang="en" xmlns="http://www.sdmx.org/resources/sdmxml/schemas/v2_1/common">Agriculture, hunting and related service activities</Name>
        </Code>
        <Code id="N10110" urn="urn:sdmx:org.sdmx.infomodel.codelist.Code=ESTAT:CL_STS_ACTIVITY(1.0).N10110">
          <Name xml:lang="en" xmlns="http://www.sdmx.org/resources/sdmxml/schemas/v2_1/common">Growing of crops; market gardening; horticulture</Name>
        </Code>
        <Code id="N10111" urn="urn:sdmx:org.sdmx.infomodel.codelist.Code=ESTAT:CL_STS_ACTIVITY(1.0).N10111">
          <Name xml:lang="en" xmlns="http://www.sdmx.org/resources/sdmxml/schemas/v2_1/common">Growing of cereals and other crops n.e.c.</Name>
        </Code>
        <Code id="N10112" urn="urn:sdmx:org.sdmx.infomodel.codelist.Code=ESTAT:CL_STS_ACTIVITY(1.0).N10112">
          <Name xml:lang="en" xmlns="http://www.sdmx.org/resources/sdmxml/schemas/v2_1/common">Growing of vegetables, horticultural specialities and nursery products</Name>
        </Code>
        <Code id="N10113" urn="urn:sdmx:org.sdmx.infomodel.codelist.Code=ESTAT:CL_STS_ACTIVITY(1.0).N10113">
          <Name xml:lang="en" xmlns="http://www.sdmx.org/resources/sdmxml/schemas/v2_1/common">Growing of fruit, nuts, beverage and spice crops</Name>
        </Code>
        <Code id="N10120" urn="urn:sdmx:org.sdmx.infomodel.codelist.Code=ESTAT:CL_STS_ACTIVITY(1.0).N10120">
          <Name xml:lang="en" xmlns="http://www.sdmx.org/resources/sdmxml/schemas/v2_1/common">Farming of animals</Name>
        </Code>
        <Code id="N10121" urn="urn:sdmx:org.sdmx.infomodel.codelist.Code=ESTAT:CL_STS_ACTIVITY(1.0).N10121">
          <Name xml:lang="en" xmlns="http://www.sdmx.org/resources/sdmxml/schemas/v2_1/common">Farming of cattle, dairy farming</Name>
        </Code>
        <Code id="N10122" urn="urn:sdmx:org.sdmx.infomodel.codelist.Code=ESTAT:CL_STS_ACTIVITY(1.0).N10122">
          <Name xml:lang="en" xmlns="http://www.sdmx.org/resources/sdmxml/schemas/v2_1/common">Farming of sheep, goats, horses, asses, mules and hinnies</Name>
        </Code>
        <Code id="N10123" urn="urn:sdmx:org.sdmx.infomodel.codelist.Code=ESTAT:CL_STS_ACTIVITY(1.0).N10123">
          <Name xml:lang="en" xmlns="http://www.sdmx.org/resources/sdmxml/schemas/v2_1/common">Farming of swine</Name>
        </Code>
        <Code id="N10124" urn="urn:sdmx:org.sdmx.infomodel.codelist.Code=ESTAT:CL_STS_ACTIVITY(1.0).N10124">
          <Name xml:lang="en" xmlns="http://www.sdmx.org/resources/sdmxml/schemas/v2_1/common">Farming of poultry</Name>
        </Code>
        <Code id="N10125" urn="urn:sdmx:org.sdmx.infomodel.codelist.Code=ESTAT:CL_STS_ACTIVITY(1.0).N10125">
          <Name xml:lang="en" xmlns="http://www.sdmx.org/resources/sdmxml/schemas/v2_1/common">Other farming of animals</Name>
        </Code>
        <Code id="N10130" urn="urn:sdmx:org.sdmx.infomodel.codelist.Code=ESTAT:CL_STS_ACTIVITY(1.0).N10130">
          <Name xml:lang="en" xmlns="http://www.sdmx.org/resources/sdmxml/schemas/v2_1/common">Growing of crops combined with farming of animals (mixed farming)</Name>
        </Code>
        <Code id="N10140" urn="urn:sdmx:org.sdmx.infomodel.codelist.Code=ESTAT:CL_STS_ACTIVITY(1.0).N10140">
          <Name xml:lang="en" xmlns="http://www.sdmx.org/resources/sdmxml/schemas/v2_1/common">Agricultural and animal husbandry service activities, except veterinary activities</Name>
        </Code>
        <Code id="N10141" urn="urn:sdmx:org.sdmx.infomodel.codelist.Code=ESTAT:CL_STS_ACTIVITY(1.0).N10141">
          <Name xml:lang="en" xmlns="http://www.sdmx.org/resources/sdmxml/schemas/v2_1/common">Agricultural service activities</Name>
        </Code>
        <Code id="N10142" urn="urn:sdmx:org.sdmx.infomodel.codelist.Code=ESTAT:CL_STS_ACTIVITY(1.0).N10142">
          <Name xml:lang="en" xmlns="http://www.sdmx.org/resources/sdmxml/schemas/v2_1/common">Animal husbandry service activities, except veterinary activities</Name>
        </Code>
        <Code id="N10150" urn="urn:sdmx:org.sdmx.infomodel.codelist.Code=ESTAT:CL_STS_ACTIVITY(1.0).N10150">
          <Name xml:lang="en" xmlns="http://www.sdmx.org/resources/sdmxml/schemas/v2_1/common">Hunting, trapping and game propagation, including related service activities</Name>
        </Code>
        <Code id="N10200" urn="urn:sdmx:org.sdmx.infomodel.codelist.Code=ESTAT:CL_STS_ACTIVITY(1.0).N10200">
          <Name xml:lang="en" xmlns="http://www.sdmx.org/resources/sdmxml/schemas/v2_1/common">Forestry, logging and related service activities</Name>
        </Code>
        <Code id="N10201" urn="urn:sdmx:org.sdmx.infomodel.codelist.Code=ESTAT:CL_STS_ACTIVITY(1.0).N10201">
          <Name xml:lang="en" xmlns="http://www.sdmx.org/resources/sdmxml/schemas/v2_1/common">Forestry and logging</Name>
        </Code>
        <Code id="N10202" urn="urn:sdmx:org.sdmx.infomodel.codelist.Code=ESTAT:CL_STS_ACTIVITY(1.0).N10202">
          <Name xml:lang="en" xmlns="http://www.sdmx.org/resources/sdmxml/schemas/v2_1/common">Forestry and logging related service activities</Name>
        </Code>
        <Code id="N10500" urn="urn:sdmx:org.sdmx.infomodel.codelist.Code=ESTAT:CL_STS_ACTIVITY(1.0).N10500">
          <Name xml:lang="en" xmlns="http://www.sdmx.org/resources/sdmxml/schemas/v2_1/common">Fishing, operation of fish hatcheries and fish farms service activities incidental to fishing</Name>
        </Code>
        <Code id="N10501" urn="urn:sdmx:org.sdmx.infomodel.codelist.Code=ESTAT:CL_STS_ACTIVITY(1.0).N10501">
          <Name xml:lang="en" xmlns="http://www.sdmx.org/resources/sdmxml/schemas/v2_1/common">Fishing</Name>
        </Code>
        <Code id="N10502" urn="urn:sdmx:org.sdmx.infomodel.codelist.Code=ESTAT:CL_STS_ACTIVITY(1.0).N10502">
          <Name xml:lang="en" xmlns="http://www.sdmx.org/resources/sdmxml/schemas/v2_1/common">Operation of fish hatcheries and fish farms</Name>
        </Code>
        <Code id="N11000" urn="urn:sdmx:org.sdmx.infomodel.codelist.Code=ESTAT:CL_STS_ACTIVITY(1.0).N11000">
          <Name xml:lang="en" xmlns="http://www.sdmx.org/resources/sdmxml/schemas/v2_1/common">Mining of coal and lignite; extraction of peat</Name>
        </Code>
        <Code id="N11010" urn="urn:sdmx:org.sdmx.infomodel.codelist.Code=ESTAT:CL_STS_ACTIVITY(1.0).N11010">
          <Name xml:lang="en" xmlns="http://www.sdmx.org/resources/sdmxml/schemas/v2_1/common">Mining and agglomeration of hard coal</Name>
        </Code>
        <Code id="N11020" urn="urn:sdmx:org.sdmx.infomodel.codelist.Code=ESTAT:CL_STS_ACTIVITY(1.0).N11020">
          <Name xml:lang="en" xmlns="http://www.sdmx.org/resources/sdmxml/schemas/v2_1/common">Mining and agglomeration of lignite</Name>
        </Code>
        <Code id="N11030" urn="urn:sdmx:org.sdmx.infomodel.codelist.Code=ESTAT:CL_STS_ACTIVITY(1.0).N11030">
          <Name xml:lang="en" xmlns="http://www.sdmx.org/resources/sdmxml/schemas/v2_1/common">Extraction and agglomeration of peat</Name>
        </Code>
        <Code id="N11100" urn="urn:sdmx:org.sdmx.infomodel.codelist.Code=ESTAT:CL_STS_ACTIVITY(1.0).N11100">
          <Name xml:lang="en" xmlns="http://www.sdmx.org/resources/sdmxml/schemas/v2_1/common">Extraction of crude petroleum and natural gas service activities incidental to oil and gas extraction, excluding surveying</Name>
        </Code>
        <Code id="N11110" urn="urn:sdmx:org.sdmx.infomodel.codelist.Code=ESTAT:CL_STS_ACTIVITY(1.0).N11110">
          <Name xml:lang="en" xmlns="http://www.sdmx.org/resources/sdmxml/schemas/v2_1/common">Extraction of crude petroleum and natural gas</Name>
        </Code>
        <Code id="N11120" urn="urn:sdmx:org.sdmx.infomodel.codelist.Code=ESTAT:CL_STS_ACTIVITY(1.0).N11120">
          <Name xml:lang="en" xmlns="http://www.sdmx.org/resources/sdmxml/schemas/v2_1/common">Service activities incidental to oil and gas extraction, excluding surveying</Name>
        </Code>
        <Code id="N11200" urn="urn:sdmx:org.sdmx.infomodel.codelist.Code=ESTAT:CL_STS_ACTIVITY(1.0).N11200">
          <Name xml:lang="en" xmlns="http://www.sdmx.org/resources/sdmxml/schemas/v2_1/common">Mining of uranium and thorium ores</Name>
        </Code>
        <Code id="N11300" urn="urn:sdmx:org.sdmx.infomodel.codelist.Code=ESTAT:CL_STS_ACTIVITY(1.0).N11300">
          <Name xml:lang="en" xmlns="http://www.sdmx.org/resources/sdmxml/schemas/v2_1/common">Mining of metal ores</Name>
        </Code>
        <Code id="N11310" urn="urn:sdmx:org.sdmx.infomodel.codelist.Code=ESTAT:CL_STS_ACTIVITY(1.0).N11310">
          <Name xml:lang="en" xmlns="http://www.sdmx.org/resources/sdmxml/schemas/v2_1/common">Mining of iron ores</Name>
        </Code>
        <Code id="N11320" urn="urn:sdmx:org.sdmx.infomodel.codelist.Code=ESTAT:CL_STS_ACTIVITY(1.0).N11320">
          <Name xml:lang="en" xmlns="http://www.sdmx.org/resources/sdmxml/schemas/v2_1/common">Mining of non-ferrous metal ores, except uranium and thorium ores</Name>
        </Code>
        <Code id="N11400" urn="urn:sdmx:org.sdmx.infomodel.codelist.Code=ESTAT:CL_STS_ACTIVITY(1.0).N11400">
          <Name xml:lang="en" xmlns="http://www.sdmx.org/resources/sdmxml/schemas/v2_1/common">Other mining and quarrying</Name>
        </Code>
        <Code id="N11410" urn="urn:sdmx:org.sdmx.infomodel.codelist.Code=ESTAT:CL_STS_ACTIVITY(1.0).N11410">
          <Name xml:lang="en" xmlns="http://www.sdmx.org/resources/sdmxml/schemas/v2_1/common">Quarrying of stone</Name>
        </Code>
        <Code id="N11411" urn="urn:sdmx:org.sdmx.infomodel.codelist.Code=ESTAT:CL_STS_ACTIVITY(1.0).N11411">
          <Name xml:lang="en" xmlns="http://www.sdmx.org/resources/sdmxml/schemas/v2_1/common">Quarrying of stone for construction</Name>
        </Code>
        <Code id="N11412" urn="urn:sdmx:org.sdmx.infomodel.codelist.Code=ESTAT:CL_STS_ACTIVITY(1.0).N11412">
          <Name xml:lang="en" xmlns="http://www.sdmx.org/resources/sdmxml/schemas/v2_1/common">Quarrying of limestone, gypsum and chalk</Name>
        </Code>
        <Code id="N11413" urn="urn:sdmx:org.sdmx.infomodel.codelist.Code=ESTAT:CL_STS_ACTIVITY(1.0).N11413">
          <Name xml:lang="en" xmlns="http://www.sdmx.org/resources/sdmxml/schemas/v2_1/common">Quarrying of slate</Name>
        </Code>
        <Code id="N11420" urn="urn:sdmx:org.sdmx.infomodel.codelist.Code=ESTAT:CL_STS_ACTIVITY(1.0).N11420">
          <Name xml:lang="en" xmlns="http://www.sdmx.org/resources/sdmxml/schemas/v2_1/common">Quarrying of sand and clay</Name>
        </Code>
        <Code id="N11421" urn="urn:sdmx:org.sdmx.infomodel.codelist.Code=ESTAT:CL_STS_ACTIVITY(1.0).N11421">
          <Name xml:lang="en" xmlns="http://www.sdmx.org/resources/sdmxml/schemas/v2_1/common">Operation of gravel and sand pits</Name>
        </Code>
        <Code id="N11422" urn="urn:sdmx:org.sdmx.infomodel.codelist.Code=ESTAT:CL_STS_ACTIVITY(1.0).N11422">
          <Name xml:lang="en" xmlns="http://www.sdmx.org/resources/sdmxml/schemas/v2_1/common">Mining of clays and kaolin</Name>
        </Code>
        <Code id="N11430" urn="urn:sdmx:org.sdmx.infomodel.codelist.Code=ESTAT:CL_STS_ACTIVITY(1.0).N11430">
          <Name xml:lang="en" xmlns="http://www.sdmx.org/resources/sdmxml/schemas/v2_1/common">Mining of chemical and fertilizer minerals</Name>
        </Code>
        <Code id="N11440" urn="urn:sdmx:org.sdmx.infomodel.codelist.Code=ESTAT:CL_STS_ACTIVITY(1.0).N11440">
          <Name xml:lang="en" xmlns="http://www.sdmx.org/resources/sdmxml/schemas/v2_1/common">Production of salt</Name>
        </Code>
        <Code id="N11450" urn="urn:sdmx:org.sdmx.infomodel.codelist.Code=ESTAT:CL_STS_ACTIVITY(1.0).N11450">
          <Name xml:lang="en" xmlns="http://www.sdmx.org/resources/sdmxml/schemas/v2_1/common">Other mining and quarrying n.e.c.</Name>
        </Code>
        <Code id="N11500" urn="urn:sdmx:org.sdmx.infomodel.codelist.Code=ESTAT:CL_STS_ACTIVITY(1.0).N11500">
          <Name xml:lang="en" xmlns="http://www.sdmx.org/resources/sdmxml/schemas/v2_1/common">Manufacture of food products and beverages</Name>
        </Code>
        <Code id="N11510" urn="urn:sdmx:org.sdmx.infomodel.codelist.Code=ESTAT:CL_STS_ACTIVITY(1.0).N11510">
          <Name xml:lang="en" xmlns="http://www.sdmx.org/resources/sdmxml/schemas/v2_1/common">Production, processing and preserving of meat and meat products</Name>
        </Code>
        <Code id="N11511" urn="urn:sdmx:org.sdmx.infomodel.codelist.Code=ESTAT:CL_STS_ACTIVITY(1.0).N11511">
          <Name xml:lang="en" xmlns="http://www.sdmx.org/resources/sdmxml/schemas/v2_1/common">Production and preserving of meat</Name>
        </Code>
        <Code id="N11512" urn="urn:sdmx:org.sdmx.infomodel.codelist.Code=ESTAT:CL_STS_ACTIVITY(1.0).N11512">
          <Name xml:lang="en" xmlns="http://www.sdmx.org/resources/sdmxml/schemas/v2_1/common">Production and preserving of poultrymeat</Name>
        </Code>
        <Code id="N11513" urn="urn:sdmx:org.sdmx.infomodel.codelist.Code=ESTAT:CL_STS_ACTIVITY(1.0).N11513">
          <Name xml:lang="en" xmlns="http://www.sdmx.org/resources/sdmxml/schemas/v2_1/common">Production of meat and poultrymeat products</Name>
        </Code>
        <Code id="N11520" urn="urn:sdmx:org.sdmx.infomodel.codelist.Code=ESTAT:CL_STS_ACTIVITY(1.0).N11520">
          <Name xml:lang="en" xmlns="http://www.sdmx.org/resources/sdmxml/schemas/v2_1/common">Processing and preserving of fish and fish products</Name>
        </Code>
        <Code id="N11530" urn="urn:sdmx:org.sdmx.infomodel.codelist.Code=ESTAT:CL_STS_ACTIVITY(1.0).N11530">
          <Name xml:lang="en" xmlns="http://www.sdmx.org/resources/sdmxml/schemas/v2_1/common">Processing and preserving of fruit and vegetables</Name>
        </Code>
        <Code id="N11531" urn="urn:sdmx:org.sdmx.infomodel.codelist.Code=ESTAT:CL_STS_ACTIVITY(1.0).N11531">
          <Name xml:lang="en" xmlns="http://www.sdmx.org/resources/sdmxml/schemas/v2_1/common">Processing and preserving of potatoes</Name>
        </Code>
        <Code id="N11532" urn="urn:sdmx:org.sdmx.infomodel.codelist.Code=ESTAT:CL_STS_ACTIVITY(1.0).N11532">
          <Name xml:lang="en" xmlns="http://www.sdmx.org/resources/sdmxml/schemas/v2_1/common">Manufacture of fruit and vegetable juice</Name>
        </Code>
        <Code id="N11533" urn="urn:sdmx:org.sdmx.infomodel.codelist.Code=ESTAT:CL_STS_ACTIVITY(1.0).N11533">
          <Name xml:lang="en" xmlns="http://www.sdmx.org/resources/sdmxml/schemas/v2_1/common">Processing and preserving of fruit and vegetables n.e.c.</Name>
        </Code>
        <Code id="N11540" urn="urn:sdmx:org.sdmx.infomodel.codelist.Code=ESTAT:CL_STS_ACTIVITY(1.0).N11540">
          <Name xml:lang="en" xmlns="http://www.sdmx.org/resources/sdmxml/schemas/v2_1/common">Manufacture of vegetable and animal oils and fats</Name>
        </Code>
        <Code id="N11541" urn="urn:sdmx:org.sdmx.infomodel.codelist.Code=ESTAT:CL_STS_ACTIVITY(1.0).N11541">
          <Name xml:lang="en" xmlns="http://www.sdmx.org/resources/sdmxml/schemas/v2_1/common">Manufacture of crude oils and fats</Name>
        </Code>
        <Code id="N11542" urn="urn:sdmx:org.sdmx.infomodel.codelist.Code=ESTAT:CL_STS_ACTIVITY(1.0).N11542">
          <Name xml:lang="en" xmlns="http://www.sdmx.org/resources/sdmxml/schemas/v2_1/common">Manufacture of refined oils and fats</Name>
        </Code>
        <Code id="N11543" urn="urn:sdmx:org.sdmx.infomodel.codelist.Code=ESTAT:CL_STS_ACTIVITY(1.0).N11543">
          <Name xml:lang="en" xmlns="http://www.sdmx.org/resources/sdmxml/schemas/v2_1/common">Manufacture of margarine and similar edible fats</Name>
        </Code>
        <Code id="N11550" urn="urn:sdmx:org.sdmx.infomodel.codelist.Code=ESTAT:CL_STS_ACTIVITY(1.0).N11550">
          <Name xml:lang="en" xmlns="http://www.sdmx.org/resources/sdmxml/schemas/v2_1/common">Manufacture of dairy products</Name>
        </Code>
        <Code id="N11551" urn="urn:sdmx:org.sdmx.infomodel.codelist.Code=ESTAT:CL_STS_ACTIVITY(1.0).N11551">
          <Name xml:lang="en" xmlns="http://www.sdmx.org/resources/sdmxml/schemas/v2_1/common">Operation of dairies and cheese making</Name>
        </Code>
        <Code id="N11552" urn="urn:sdmx:org.sdmx.infomodel.codelist.Code=ESTAT:CL_STS_ACTIVITY(1.0).N11552">
          <Name xml:lang="en" xmlns="http://www.sdmx.org/resources/sdmxml/schemas/v2_1/common">Manufacture of ice cream</Name>
        </Code>
        <Code id="N11560" urn="urn:sdmx:org.sdmx.infomodel.codelist.Code=ESTAT:CL_STS_ACTIVITY(1.0).N11560">
          <Name xml:lang="en" xmlns="http://www.sdmx.org/resources/sdmxml/schemas/v2_1/common">Manufacture of grain mill products, starches and starch products</Name>
        </Code>
        <Code id="N11561" urn="urn:sdmx:org.sdmx.infomodel.codelist.Code=ESTAT:CL_STS_ACTIVITY(1.0).N11561">
          <Name xml:lang="en" xmlns="http://www.sdmx.org/resources/sdmxml/schemas/v2_1/common">Manufacture of grain mill products</Name>
        </Code>
        <Code id="N11562" urn="urn:sdmx:org.sdmx.infomodel.codelist.Code=ESTAT:CL_STS_ACTIVITY(1.0).N11562">
          <Name xml:lang="en" xmlns="http://www.sdmx.org/resources/sdmxml/schemas/v2_1/common">Manufacture of starches and starch products</Name>
        </Code>
        <Code id="N11570" urn="urn:sdmx:org.sdmx.infomodel.codelist.Code=ESTAT:CL_STS_ACTIVITY(1.0).N11570">
          <Name xml:lang="en" xmlns="http://www.sdmx.org/resources/sdmxml/schemas/v2_1/common">Manufacture of prepared animal feeds</Name>
        </Code>
        <Code id="N11571" urn="urn:sdmx:org.sdmx.infomodel.codelist.Code=ESTAT:CL_STS_ACTIVITY(1.0).N11571">
          <Name xml:lang="en" xmlns="http://www.sdmx.org/resources/sdmxml/schemas/v2_1/common">Manufacture of prepared feeds for farm animals</Name>
        </Code>
        <Code id="N11572" urn="urn:sdmx:org.sdmx.infomodel.codelist.Code=ESTAT:CL_STS_ACTIVITY(1.0).N11572">
          <Name xml:lang="en" xmlns="http://www.sdmx.org/resources/sdmxml/schemas/v2_1/common">Manufacture of prepared pet foods</Name>
        </Code>
        <Code id="N11580" urn="urn:sdmx:org.sdmx.infomodel.codelist.Code=ESTAT:CL_STS_ACTIVITY(1.0).N11580">
          <Name xml:lang="en" xmlns="http://www.sdmx.org/resources/sdmxml/schemas/v2_1/common">Manufacture of other food products</Name>
        </Code>
        <Code id="N11581" urn="urn:sdmx:org.sdmx.infomodel.codelist.Code=ESTAT:CL_STS_ACTIVITY(1.0).N11581">
          <Name xml:lang="en" xmlns="http://www.sdmx.org/resources/sdmxml/schemas/v2_1/common">Manufacture of bread; manufacture of fresh pastry goods and cakes</Name>
        </Code>
        <Code id="N11582" urn="urn:sdmx:org.sdmx.infomodel.codelist.Code=ESTAT:CL_STS_ACTIVITY(1.0).N11582">
          <Name xml:lang="en" xmlns="http://www.sdmx.org/resources/sdmxml/schemas/v2_1/common">Manufacture of rusks and biscuits manufacture of preserved pastry goods and cakes</Name>
        </Code>
        <Code id="N11583" urn="urn:sdmx:org.sdmx.infomodel.codelist.Code=ESTAT:CL_STS_ACTIVITY(1.0).N11583">
          <Name xml:lang="en" xmlns="http://www.sdmx.org/resources/sdmxml/schemas/v2_1/common">Manufacture of sugar</Name>
        </Code>
        <Code id="N11584" urn="urn:sdmx:org.sdmx.infomodel.codelist.Code=ESTAT:CL_STS_ACTIVITY(1.0).N11584">
          <Name xml:lang="en" xmlns="http://www.sdmx.org/resources/sdmxml/schemas/v2_1/common">Manufacture of cocoa; chocolate and sugar confectionery</Name>
        </Code>
        <Code id="N11585" urn="urn:sdmx:org.sdmx.infomodel.codelist.Code=ESTAT:CL_STS_ACTIVITY(1.0).N11585">
          <Name xml:lang="en" xmlns="http://www.sdmx.org/resources/sdmxml/schemas/v2_1/common">Manufacture of macaroni, noodles, couscous and similar farinaceous products</Name>
        </Code>
        <Code id="N11586" urn="urn:sdmx:org.sdmx.infomodel.codelist.Code=ESTAT:CL_STS_ACTIVITY(1.0).N11586">
          <Name xml:lang="en" xmlns="http://www.sdmx.org/resources/sdmxml/schemas/v2_1/common">Processing of tea and coffee</Name>
        </Code>
        <Code id="N11587" urn="urn:sdmx:org.sdmx.infomodel.codelist.Code=ESTAT:CL_STS_ACTIVITY(1.0).N11587">
          <Name xml:lang="en" xmlns="http://www.sdmx.org/resources/sdmxml/schemas/v2_1/common">Manufacture of condiments and seasonings</Name>
        </Code>
        <Code id="N11588" urn="urn:sdmx:org.sdmx.infomodel.codelist.Code=ESTAT:CL_STS_ACTIVITY(1.0).N11588">
          <Name xml:lang="en" xmlns="http://www.sdmx.org/resources/sdmxml/schemas/v2_1/common">Manufacture of homogenized food preparations and dietetic food</Name>
        </Code>
        <Code id="N11589" urn="urn:sdmx:org.sdmx.infomodel.codelist.Code=ESTAT:CL_STS_ACTIVITY(1.0).N11589">
          <Name xml:lang="en" xmlns="http://www.sdmx.org/resources/sdmxml/schemas/v2_1/common">Manufacture of other food products n.e.c.</Name>
        </Code>
        <Code id="N11590" urn="urn:sdmx:org.sdmx.infomodel.codelist.Code=ESTAT:CL_STS_ACTIVITY(1.0).N11590">
          <Name xml:lang="en" xmlns="http://www.sdmx.org/resources/sdmxml/schemas/v2_1/common">Manufacture of beverages</Name>
        </Code>
        <Code id="N11591" urn="urn:sdmx:org.sdmx.infomodel.codelist.Code=ESTAT:CL_STS_ACTIVITY(1.0).N11591">
          <Name xml:lang="en" xmlns="http://www.sdmx.org/resources/sdmxml/schemas/v2_1/common">Manufacture of distilled potable alcoholic beverages</Name>
        </Code>
        <Code id="N11592" urn="urn:sdmx:org.sdmx.infomodel.codelist.Code=ESTAT:CL_STS_ACTIVITY(1.0).N11592">
          <Name xml:lang="en" xmlns="http://www.sdmx.org/resources/sdmxml/schemas/v2_1/common">Production of ethyl alcohol from fermented materials</Name>
        </Code>
        <Code id="N11593" urn="urn:sdmx:org.sdmx.infomodel.codelist.Code=ESTAT:CL_STS_ACTIVITY(1.0).N11593">
          <Name xml:lang="en" xmlns="http://www.sdmx.org/resources/sdmxml/schemas/v2_1/common">Manufacture of wines</Name>
        </Code>
        <Code id="N11594" urn="urn:sdmx:org.sdmx.infomodel.codelist.Code=ESTAT:CL_STS_ACTIVITY(1.0).N11594">
          <Name xml:lang="en" xmlns="http://www.sdmx.org/resources/sdmxml/schemas/v2_1/common">Manufacture of cider and other fruit wines</Name>
        </Code>
        <Code id="N11595" urn="urn:sdmx:org.sdmx.infomodel.codelist.Code=ESTAT:CL_STS_ACTIVITY(1.0).N11595">
          <Name xml:lang="en" xmlns="http://www.sdmx.org/resources/sdmxml/schemas/v2_1/common">Manufacture of other non-distilled fermented beverages</Name>
        </Code>
        <Code id="N11596" urn="urn:sdmx:org.sdmx.infomodel.codelist.Code=ESTAT:CL_STS_ACTIVITY(1.0).N11596">
          <Name xml:lang="en" xmlns="http://www.sdmx.org/resources/sdmxml/schemas/v2_1/common">Manufacture of beer</Name>
        </Code>
        <Code id="N11597" urn="urn:sdmx:org.sdmx.infomodel.codelist.Code=ESTAT:CL_STS_ACTIVITY(1.0).N11597">
          <Name xml:lang="en" xmlns="http://www.sdmx.org/resources/sdmxml/schemas/v2_1/common">Manufacture of malt</Name>
        </Code>
        <Code id="N11598" urn="urn:sdmx:org.sdmx.infomodel.codelist.Code=ESTAT:CL_STS_ACTIVITY(1.0).N11598">
          <Name xml:lang="en" xmlns="http://www.sdmx.org/resources/sdmxml/schemas/v2_1/common">Production of mineral waters and soft drinks</Name>
        </Code>
        <Code id="N11600" urn="urn:sdmx:org.sdmx.infomodel.codelist.Code=ESTAT:CL_STS_ACTIVITY(1.0).N11600">
          <Name xml:lang="en" xmlns="http://www.sdmx.org/resources/sdmxml/schemas/v2_1/common">Manufacture of tobacco products</Name>
        </Code>
        <Code id="N11700" urn="urn:sdmx:org.sdmx.infomodel.codelist.Code=ESTAT:CL_STS_ACTIVITY(1.0).N11700">
          <Name xml:lang="en" xmlns="http://www.sdmx.org/resources/sdmxml/schemas/v2_1/common">Manufacture of textiles</Name>
        </Code>
        <Code id="N11710" urn="urn:sdmx:org.sdmx.infomodel.codelist.Code=ESTAT:CL_STS_ACTIVITY(1.0).N11710">
          <Name xml:lang="en" xmlns="http://www.sdmx.org/resources/sdmxml/schemas/v2_1/common">Preparation and spinning of textile fibres</Name>
        </Code>
        <Code id="N11711" urn="urn:sdmx:org.sdmx.infomodel.codelist.Code=ESTAT:CL_STS_ACTIVITY(1.0).N11711">
          <Name xml:lang="en" xmlns="http://www.sdmx.org/resources/sdmxml/schemas/v2_1/common">Preparation and spinning of cotton-type fibres</Name>
        </Code>
        <Code id="N11712" urn="urn:sdmx:org.sdmx.infomodel.codelist.Code=ESTAT:CL_STS_ACTIVITY(1.0).N11712">
          <Name xml:lang="en" xmlns="http://www.sdmx.org/resources/sdmxml/schemas/v2_1/common">Preparation and spinning of woollen-type fibres</Name>
        </Code>
        <Code id="N11713" urn="urn:sdmx:org.sdmx.infomodel.codelist.Code=ESTAT:CL_STS_ACTIVITY(1.0).N11713">
          <Name xml:lang="en" xmlns="http://www.sdmx.org/resources/sdmxml/schemas/v2_1/common">Preparation and spinning of worsted-type fibres</Name>
        </Code>
        <Code id="N11714" urn="urn:sdmx:org.sdmx.infomodel.codelist.Code=ESTAT:CL_STS_ACTIVITY(1.0).N11714">
          <Name xml:lang="en" xmlns="http://www.sdmx.org/resources/sdmxml/schemas/v2_1/common">Preparation and spinning of flax-type fibres</Name>
        </Code>
        <Code id="N11715" urn="urn:sdmx:org.sdmx.infomodel.codelist.Code=ESTAT:CL_STS_ACTIVITY(1.0).N11715">
          <Name xml:lang="en" xmlns="http://www.sdmx.org/resources/sdmxml/schemas/v2_1/common">Throwing and preparation of silk, including from noils, and throwing a:nd texturing of synthetic or artificial filament yarns</Name>
        </Code>
        <Code id="N11716" urn="urn:sdmx:org.sdmx.infomodel.codelist.Code=ESTAT:CL_STS_ACTIVITY(1.0).N11716">
          <Name xml:lang="en" xmlns="http://www.sdmx.org/resources/sdmxml/schemas/v2_1/common">Manufacture of sewing threads</Name>
        </Code>
        <Code id="N11717" urn="urn:sdmx:org.sdmx.infomodel.codelist.Code=ESTAT:CL_STS_ACTIVITY(1.0).N11717">
          <Name xml:lang="en" xmlns="http://www.sdmx.org/resources/sdmxml/schemas/v2_1/common">Preparation and spinning of other textile fibres</Name>
        </Code>
        <Code id="N11720" urn="urn:sdmx:org.sdmx.infomodel.codelist.Code=ESTAT:CL_STS_ACTIVITY(1.0).N11720">
          <Name xml:lang="en" xmlns="http://www.sdmx.org/resources/sdmxml/schemas/v2_1/common">Textile weaving</Name>
        </Code>
        <Code id="N11721" urn="urn:sdmx:org.sdmx.infomodel.codelist.Code=ESTAT:CL_STS_ACTIVITY(1.0).N11721">
          <Name xml:lang="en" xmlns="http://www.sdmx.org/resources/sdmxml/schemas/v2_1/common">Cotton-type weaving</Name>
        </Code>
        <Code id="N11722" urn="urn:sdmx:org.sdmx.infomodel.codelist.Code=ESTAT:CL_STS_ACTIVITY(1.0).N11722">
          <Name xml:lang="en" xmlns="http://www.sdmx.org/resources/sdmxml/schemas/v2_1/common">Woollen-type weaving</Name>
        </Code>
        <Code id="N11723" urn="urn:sdmx:org.sdmx.infomodel.codelist.Code=ESTAT:CL_STS_ACTIVITY(1.0).N11723">
          <Name xml:lang="en" xmlns="http://www.sdmx.org/resources/sdmxml/schemas/v2_1/common">Worsted-type weaving</Name>
        </Code>
        <Code id="N11724" urn="urn:sdmx:org.sdmx.infomodel.codelist.Code=ESTAT:CL_STS_ACTIVITY(1.0).N11724">
          <Name xml:lang="en" xmlns="http://www.sdmx.org/resources/sdmxml/schemas/v2_1/common">Silk-type weaving</Name>
        </Code>
        <Code id="N11725" urn="urn:sdmx:org.sdmx.infomodel.codelist.Code=ESTAT:CL_STS_ACTIVITY(1.0).N11725">
          <Name xml:lang="en" xmlns="http://www.sdmx.org/resources/sdmxml/schemas/v2_1/common">Other textile weaving</Name>
        </Code>
        <Code id="N11730" urn="urn:sdmx:org.sdmx.infomodel.codelist.Code=ESTAT:CL_STS_ACTIVITY(1.0).N11730">
          <Name xml:lang="en" xmlns="http://www.sdmx.org/resources/sdmxml/schemas/v2_1/common">Finishing of textiles</Name>
        </Code>
        <Code id="N11740" urn="urn:sdmx:org.sdmx.infomodel.codelist.Code=ESTAT:CL_STS_ACTIVITY(1.0).N11740">
          <Name xml:lang="en" xmlns="http://www.sdmx.org/resources/sdmxml/schemas/v2_1/common">Manufacture of made-up textile articles, except apparel</Name>
        </Code>
        <Code id="N11750" urn="urn:sdmx:org.sdmx.infomodel.codelist.Code=ESTAT:CL_STS_ACTIVITY(1.0).N11750">
          <Name xml:lang="en" xmlns="http://www.sdmx.org/resources/sdmxml/schemas/v2_1/common">Manufacture of other textiles</Name>
        </Code>
        <Code id="N11751" urn="urn:sdmx:org.sdmx.infomodel.codelist.Code=ESTAT:CL_STS_ACTIVITY(1.0).N11751">
          <Name xml:lang="en" xmlns="http://www.sdmx.org/resources/sdmxml/schemas/v2_1/common">Manufacture of carpets and rugs</Name>
        </Code>
        <Code id="N11752" urn="urn:sdmx:org.sdmx.infomodel.codelist.Code=ESTAT:CL_STS_ACTIVITY(1.0).N11752">
          <Name xml:lang="en" xmlns="http://www.sdmx.org/resources/sdmxml/schemas/v2_1/common">Manufacture of cordage, rope, twine and netting</Name>
        </Code>
        <Code id="N11753" urn="urn:sdmx:org.sdmx.infomodel.codelist.Code=ESTAT:CL_STS_ACTIVITY(1.0).N11753">
          <Name xml:lang="en" xmlns="http://www.sdmx.org/resources/sdmxml/schemas/v2_1/common">Manufacture of non-wovens and articles made from non-wovens, except apparel</Name>
        </Code>
        <Code id="N11754" urn="urn:sdmx:org.sdmx.infomodel.codelist.Code=ESTAT:CL_STS_ACTIVITY(1.0).N11754">
          <Name xml:lang="en" xmlns="http://www.sdmx.org/resources/sdmxml/schemas/v2_1/common">Manufacture of other textiles n.e.c.</Name>
        </Code>
        <Code id="N11760" urn="urn:sdmx:org.sdmx.infomodel.codelist.Code=ESTAT:CL_STS_ACTIVITY(1.0).N11760">
          <Name xml:lang="en" xmlns="http://www.sdmx.org/resources/sdmxml/schemas/v2_1/common">Manufacture of knitted and crocheted fabrics</Name>
        </Code>
        <Code id="N11770" urn="urn:sdmx:org.sdmx.infomodel.codelist.Code=ESTAT:CL_STS_ACTIVITY(1.0).N11770">
          <Name xml:lang="en" xmlns="http://www.sdmx.org/resources/sdmxml/schemas/v2_1/common">Manufacture of knitted and crocheted articles</Name>
        </Code>
        <Code id="N11771" urn="urn:sdmx:org.sdmx.infomodel.codelist.Code=ESTAT:CL_STS_ACTIVITY(1.0).N11771">
          <Name xml:lang="en" xmlns="http://www.sdmx.org/resources/sdmxml/schemas/v2_1/common">Manufacture of knitted and crocheted hosiery</Name>
        </Code>
        <Code id="N11772" urn="urn:sdmx:org.sdmx.infomodel.codelist.Code=ESTAT:CL_STS_ACTIVITY(1.0).N11772">
          <Name xml:lang="en" xmlns="http://www.sdmx.org/resources/sdmxml/schemas/v2_1/common">Manufacture of knitted and crocheted pullovers, cardigans and similar articles</Name>
        </Code>
        <Code id="N11800" urn="urn:sdmx:org.sdmx.infomodel.codelist.Code=ESTAT:CL_STS_ACTIVITY(1.0).N11800">
          <Name xml:lang="en" xmlns="http://www.sdmx.org/resources/sdmxml/schemas/v2_1/common">Manufacture of wearing apparel dressing and dyeing of fur</Name>
        </Code>
        <Code id="N11810" urn="urn:sdmx:org.sdmx.infomodel.codelist.Code=ESTAT:CL_STS_ACTIVITY(1.0).N11810">
          <Name xml:lang="en" xmlns="http://www.sdmx.org/resources/sdmxml/schemas/v2_1/common">Manufacture of leather clothes</Name>
        </Code>
        <Code id="N11820" urn="urn:sdmx:org.sdmx.infomodel.codelist.Code=ESTAT:CL_STS_ACTIVITY(1.0).N11820">
          <Name xml:lang="en" xmlns="http://www.sdmx.org/resources/sdmxml/schemas/v2_1/common">Manufacture of other wearing apparel and accessories</Name>
        </Code>
        <Code id="N11821" urn="urn:sdmx:org.sdmx.infomodel.codelist.Code=ESTAT:CL_STS_ACTIVITY(1.0).N11821">
          <Name xml:lang="en" xmlns="http://www.sdmx.org/resources/sdmxml/schemas/v2_1/common">Manufacture of workwear</Name>
        </Code>
        <Code id="N11822" urn="urn:sdmx:org.sdmx.infomodel.codelist.Code=ESTAT:CL_STS_ACTIVITY(1.0).N11822">
          <Name xml:lang="en" xmlns="http://www.sdmx.org/resources/sdmxml/schemas/v2_1/common">Manufacture of other outerwear</Name>
        </Code>
        <Code id="N11823" urn="urn:sdmx:org.sdmx.infomodel.codelist.Code=ESTAT:CL_STS_ACTIVITY(1.0).N11823">
          <Name xml:lang="en" xmlns="http://www.sdmx.org/resources/sdmxml/schemas/v2_1/common">Manufacture of underwear</Name>
        </Code>
        <Code id="N11824" urn="urn:sdmx:org.sdmx.infomodel.codelist.Code=ESTAT:CL_STS_ACTIVITY(1.0).N11824">
          <Name xml:lang="en" xmlns="http://www.sdmx.org/resources/sdmxml/schemas/v2_1/common">Manufacture of other wearing apparel and accessories n.e.c.</Name>
        </Code>
        <Code id="N11830" urn="urn:sdmx:org.sdmx.infomodel.codelist.Code=ESTAT:CL_STS_ACTIVITY(1.0).N11830">
          <Name xml:lang="en" xmlns="http://www.sdmx.org/resources/sdmxml/schemas/v2_1/common">Dressing and dyeing of fur; manufacture of articles of fur</Name>
        </Code>
        <Code id="N11900" urn="urn:sdmx:org.sdmx.infomodel.codelist.Code=ESTAT:CL_STS_ACTIVITY(1.0).N11900">
          <Name xml:lang="en" xmlns="http://www.sdmx.org/resources/sdmxml/schemas/v2_1/common">Tanning and dressing of leather; manufacture of luggage, handbags, saddlery, harness and footwear</Name>
        </Code>
        <Code id="N11910" urn="urn:sdmx:org.sdmx.infomodel.codelist.Code=ESTAT:CL_STS_ACTIVITY(1.0).N11910">
          <Name xml:lang="en" xmlns="http://www.sdmx.org/resources/sdmxml/schemas/v2_1/common">Tanning and dressing of leather</Name>
        </Code>
        <Code id="N11920" urn="urn:sdmx:org.sdmx.infomodel.codelist.Code=ESTAT:CL_STS_ACTIVITY(1.0).N11920">
          <Name xml:lang="en" xmlns="http://www.sdmx.org/resources/sdmxml/schemas/v2_1/common">Manufacture of luggage, handbags and the like, saddlery and harness</Name>
        </Code>
        <Code id="N11930" urn="urn:sdmx:org.sdmx.infomodel.codelist.Code=ESTAT:CL_STS_ACTIVITY(1.0).N11930">
          <Name xml:lang="en" xmlns="http://www.sdmx.org/resources/sdmxml/schemas/v2_1/common">Manufacture of footwear</Name>
        </Code>
        <Code id="N12000" urn="urn:sdmx:org.sdmx.infomodel.codelist.Code=ESTAT:CL_STS_ACTIVITY(1.0).N12000">
          <Name xml:lang="en" xmlns="http://www.sdmx.org/resources/sdmxml/schemas/v2_1/common">Manufacture of wood and of products of wood and cork, except furniture manufacture of articles of straw and plaiting materials</Name>
        </Code>
        <Code id="N12010" urn="urn:sdmx:org.sdmx.infomodel.codelist.Code=ESTAT:CL_STS_ACTIVITY(1.0).N12010">
          <Name xml:lang="en" xmlns="http://www.sdmx.org/resources/sdmxml/schemas/v2_1/common">Sawmilling and planing of wood; impregnation of wood</Name>
        </Code>
        <Code id="N12020" urn="urn:sdmx:org.sdmx.infomodel.codelist.Code=ESTAT:CL_STS_ACTIVITY(1.0).N12020">
          <Name xml:lang="en" xmlns="http://www.sdmx.org/resources/sdmxml/schemas/v2_1/common">Manufacture of veneer sheets; manufacture of plywood, laminboard, particle board, fibre board and other panels and boards</Name>
        </Code>
        <Code id="N12030" urn="urn:sdmx:org.sdmx.infomodel.codelist.Code=ESTAT:CL_STS_ACTIVITY(1.0).N12030">
          <Name xml:lang="en" xmlns="http://www.sdmx.org/resources/sdmxml/schemas/v2_1/common">Manufacture of builders carpentry and joinery</Name>
        </Code>
        <Code id="N12040" urn="urn:sdmx:org.sdmx.infomodel.codelist.Code=ESTAT:CL_STS_ACTIVITY(1.0).N12040">
          <Name xml:lang="en" xmlns="http://www.sdmx.org/resources/sdmxml/schemas/v2_1/common">Manufacture of wooden containers</Name>
        </Code>
        <Code id="N12050" urn="urn:sdmx:org.sdmx.infomodel.codelist.Code=ESTAT:CL_STS_ACTIVITY(1.0).N12050">
          <Name xml:lang="en" xmlns="http://www.sdmx.org/resources/sdmxml/schemas/v2_1/common">Manufacture of other products of wood; manufacture of articles of cork, straw and plaiting materials</Name>
        </Code>
        <Code id="N12051" urn="urn:sdmx:org.sdmx.infomodel.codelist.Code=ESTAT:CL_STS_ACTIVITY(1.0).N12051">
          <Name xml:lang="en" xmlns="http://www.sdmx.org/resources/sdmxml/schemas/v2_1/common">Manufacture of other products of wood</Name>
        </Code>
        <Code id="N12052" urn="urn:sdmx:org.sdmx.infomodel.codelist.Code=ESTAT:CL_STS_ACTIVITY(1.0).N12052">
          <Name xml:lang="en" xmlns="http://www.sdmx.org/resources/sdmxml/schemas/v2_1/common">Manufacture of articles of cork, straw and plaiting materials</Name>
        </Code>
        <Code id="N12100" urn="urn:sdmx:org.sdmx.infomodel.codelist.Code=ESTAT:CL_STS_ACTIVITY(1.0).N12100">
          <Name xml:lang="en" xmlns="http://www.sdmx.org/resources/sdmxml/schemas/v2_1/common">Manufacture of pulp, paper and paper products</Name>
        </Code>
        <Code id="N12110" urn="urn:sdmx:org.sdmx.infomodel.codelist.Code=ESTAT:CL_STS_ACTIVITY(1.0).N12110">
          <Name xml:lang="en" xmlns="http://www.sdmx.org/resources/sdmxml/schemas/v2_1/common">Manufacture of pulp, paper and paperboard</Name>
        </Code>
        <Code id="N12111" urn="urn:sdmx:org.sdmx.infomodel.codelist.Code=ESTAT:CL_STS_ACTIVITY(1.0).N12111">
          <Name xml:lang="en" xmlns="http://www.sdmx.org/resources/sdmxml/schemas/v2_1/common">Manufacture of pulp</Name>
        </Code>
        <Code id="N12112" urn="urn:sdmx:org.sdmx.infomodel.codelist.Code=ESTAT:CL_STS_ACTIVITY(1.0).N12112">
          <Name xml:lang="en" xmlns="http://www.sdmx.org/resources/sdmxml/schemas/v2_1/common">Manufacture of paper and paperboard</Name>
        </Code>
        <Code id="N12120" urn="urn:sdmx:org.sdmx.infomodel.codelist.Code=ESTAT:CL_STS_ACTIVITY(1.0).N12120">
          <Name xml:lang="en" xmlns="http://www.sdmx.org/resources/sdmxml/schemas/v2_1/common">Manufacture of articles of paper and paperboard</Name>
        </Code>
        <Code id="N12121" urn="urn:sdmx:org.sdmx.infomodel.codelist.Code=ESTAT:CL_STS_ACTIVITY(1.0).N12121">
          <Name xml:lang="en" xmlns="http://www.sdmx.org/resources/sdmxml/schemas/v2_1/common">Manufacture of corrugated paper and paperboard and of containers of paper and paperboard</Name>
        </Code>
        <Code id="N12122" urn="urn:sdmx:org.sdmx.infomodel.codelist.Code=ESTAT:CL_STS_ACTIVITY(1.0).N12122">
          <Name xml:lang="en" xmlns="http://www.sdmx.org/resources/sdmxml/schemas/v2_1/common">Manufacture of household and sanitary goods and of toilet requisites</Name>
        </Code>
        <Code id="N12123" urn="urn:sdmx:org.sdmx.infomodel.codelist.Code=ESTAT:CL_STS_ACTIVITY(1.0).N12123">
          <Name xml:lang="en" xmlns="http://www.sdmx.org/resources/sdmxml/schemas/v2_1/common">Manufacture of paper stationery</Name>
        </Code>
        <Code id="N12124" urn="urn:sdmx:org.sdmx.infomodel.codelist.Code=ESTAT:CL_STS_ACTIVITY(1.0).N12124">
          <Name xml:lang="en" xmlns="http://www.sdmx.org/resources/sdmxml/schemas/v2_1/common">Manufacture of wallpaper</Name>
        </Code>
        <Code id="N12125" urn="urn:sdmx:org.sdmx.infomodel.codelist.Code=ESTAT:CL_STS_ACTIVITY(1.0).N12125">
          <Name xml:lang="en" xmlns="http://www.sdmx.org/resources/sdmxml/schemas/v2_1/common">Manufacture of other articles of paper and paperboard n.e.c.</Name>
        </Code>
        <Code id="N12200" urn="urn:sdmx:org.sdmx.infomodel.codelist.Code=ESTAT:CL_STS_ACTIVITY(1.0).N12200">
          <Name xml:lang="en" xmlns="http://www.sdmx.org/resources/sdmxml/schemas/v2_1/common">Publishing, printing and reproduction of recorded media</Name>
        </Code>
        <Code id="N12210" urn="urn:sdmx:org.sdmx.infomodel.codelist.Code=ESTAT:CL_STS_ACTIVITY(1.0).N12210">
          <Name xml:lang="en" xmlns="http://www.sdmx.org/resources/sdmxml/schemas/v2_1/common">Publishing</Name>
        </Code>
        <Code id="N12211" urn="urn:sdmx:org.sdmx.infomodel.codelist.Code=ESTAT:CL_STS_ACTIVITY(1.0).N12211">
          <Name xml:lang="en" xmlns="http://www.sdmx.org/resources/sdmxml/schemas/v2_1/common">Publishing of books</Name>
        </Code>
        <Code id="N12212" urn="urn:sdmx:org.sdmx.infomodel.codelist.Code=ESTAT:CL_STS_ACTIVITY(1.0).N12212">
          <Name xml:lang="en" xmlns="http://www.sdmx.org/resources/sdmxml/schemas/v2_1/common">Publishing of newspapers</Name>
        </Code>
        <Code id="N12213" urn="urn:sdmx:org.sdmx.infomodel.codelist.Code=ESTAT:CL_STS_ACTIVITY(1.0).N12213">
          <Name xml:lang="en" xmlns="http://www.sdmx.org/resources/sdmxml/schemas/v2_1/common">Publishing of journals and periodicals</Name>
        </Code>
        <Code id="N12214" urn="urn:sdmx:org.sdmx.infomodel.codelist.Code=ESTAT:CL_STS_ACTIVITY(1.0).N12214">
          <Name xml:lang="en" xmlns="http://www.sdmx.org/resources/sdmxml/schemas/v2_1/common">Publishing of sound recordings</Name>
        </Code>
        <Code id="N12215" urn="urn:sdmx:org.sdmx.infomodel.codelist.Code=ESTAT:CL_STS_ACTIVITY(1.0).N12215">
          <Name xml:lang="en" xmlns="http://www.sdmx.org/resources/sdmxml/schemas/v2_1/common">Other publishing</Name>
        </Code>
        <Code id="N12220" urn="urn:sdmx:org.sdmx.infomodel.codelist.Code=ESTAT:CL_STS_ACTIVITY(1.0).N12220">
          <Name xml:lang="en" xmlns="http://www.sdmx.org/resources/sdmxml/schemas/v2_1/common">Printing and service activities related to printing</Name>
        </Code>
        <Code id="N12221" urn="urn:sdmx:org.sdmx.infomodel.codelist.Code=ESTAT:CL_STS_ACTIVITY(1.0).N12221">
          <Name xml:lang="en" xmlns="http://www.sdmx.org/resources/sdmxml/schemas/v2_1/common">Printing of newspapers</Name>
        </Code>
        <Code id="N12222" urn="urn:sdmx:org.sdmx.infomodel.codelist.Code=ESTAT:CL_STS_ACTIVITY(1.0).N12222">
          <Name xml:lang="en" xmlns="http://www.sdmx.org/resources/sdmxml/schemas/v2_1/common">Printing n.e.c.</Name>
        </Code>
        <Code id="N12223" urn="urn:sdmx:org.sdmx.infomodel.codelist.Code=ESTAT:CL_STS_ACTIVITY(1.0).N12223">
          <Name xml:lang="en" xmlns="http://www.sdmx.org/resources/sdmxml/schemas/v2_1/common">Bookbinding and finishing</Name>
        </Code>
        <Code id="N12224" urn="urn:sdmx:org.sdmx.infomodel.codelist.Code=ESTAT:CL_STS_ACTIVITY(1.0).N12224">
          <Name xml:lang="en" xmlns="http://www.sdmx.org/resources/sdmxml/schemas/v2_1/common">Composition and plate-making</Name>
        </Code>
        <Code id="N12225" urn="urn:sdmx:org.sdmx.infomodel.codelist.Code=ESTAT:CL_STS_ACTIVITY(1.0).N12225">
          <Name xml:lang="en" xmlns="http://www.sdmx.org/resources/sdmxml/schemas/v2_1/common">Other activities related to printing</Name>
        </Code>
        <Code id="N12230" urn="urn:sdmx:org.sdmx.infomodel.codelist.Code=ESTAT:CL_STS_ACTIVITY(1.0).N12230">
          <Name xml:lang="en" xmlns="http://www.sdmx.org/resources/sdmxml/schemas/v2_1/common">Reproduction of recorded media</Name>
        </Code>
        <Code id="N12231" urn="urn:sdmx:org.sdmx.infomodel.codelist.Code=ESTAT:CL_STS_ACTIVITY(1.0).N12231">
          <Name xml:lang="en" xmlns="http://www.sdmx.org/resources/sdmxml/schemas/v2_1/common">Reproduction of sound recording</Name>
        </Code>
        <Code id="N12232" urn="urn:sdmx:org.sdmx.infomodel.codelist.Code=ESTAT:CL_STS_ACTIVITY(1.0).N12232">
          <Name xml:lang="en" xmlns="http://www.sdmx.org/resources/sdmxml/schemas/v2_1/common">Reproduction of video recording</Name>
        </Code>
        <Code id="N12233" urn="urn:sdmx:org.sdmx.infomodel.codelist.Code=ESTAT:CL_STS_ACTIVITY(1.0).N12233">
          <Name xml:lang="en" xmlns="http://www.sdmx.org/resources/sdmxml/schemas/v2_1/common">Reproduction of computer media</Name>
        </Code>
        <Code id="N12300" urn="urn:sdmx:org.sdmx.infomodel.codelist.Code=ESTAT:CL_STS_ACTIVITY(1.0).N12300">
          <Name xml:lang="en" xmlns="http://www.sdmx.org/resources/sdmxml/schemas/v2_1/common">Manufacture of coke, refined petroleum products and nuclear fuel</Name>
        </Code>
        <Code id="N12310" urn="urn:sdmx:org.sdmx.infomodel.codelist.Code=ESTAT:CL_STS_ACTIVITY(1.0).N12310">
          <Name xml:lang="en" xmlns="http://www.sdmx.org/resources/sdmxml/schemas/v2_1/common">Manufacture of coke oven products</Name>
        </Code>
        <Code id="N12320" urn="urn:sdmx:org.sdmx.infomodel.codelist.Code=ESTAT:CL_STS_ACTIVITY(1.0).N12320">
          <Name xml:lang="en" xmlns="http://www.sdmx.org/resources/sdmxml/schemas/v2_1/common">Manufacture of refined petroleum products</Name>
        </Code>
        <Code id="N12330" urn="urn:sdmx:org.sdmx.infomodel.codelist.Code=ESTAT:CL_STS_ACTIVITY(1.0).N12330">
          <Name xml:lang="en" xmlns="http://www.sdmx.org/resources/sdmxml/schemas/v2_1/common">Processing of nuclear fuel</Name>
        </Code>
        <Code id="N12400" urn="urn:sdmx:org.sdmx.infomodel.codelist.Code=ESTAT:CL_STS_ACTIVITY(1.0).N12400">
          <Name xml:lang="en" xmlns="http://www.sdmx.org/resources/sdmxml/schemas/v2_1/common">Manufacture of chemicals and chemical products</Name>
        </Code>
        <Code id="N12410" urn="urn:sdmx:org.sdmx.infomodel.codelist.Code=ESTAT:CL_STS_ACTIVITY(1.0).N12410">
          <Name xml:lang="en" xmlns="http://www.sdmx.org/resources/sdmxml/schemas/v2_1/common">Manufacture of basic chemicals</Name>
        </Code>
        <Code id="N12411" urn="urn:sdmx:org.sdmx.infomodel.codelist.Code=ESTAT:CL_STS_ACTIVITY(1.0).N12411">
          <Name xml:lang="en" xmlns="http://www.sdmx.org/resources/sdmxml/schemas/v2_1/common">Manufacture of industrial gases</Name>
        </Code>
        <Code id="N12412" urn="urn:sdmx:org.sdmx.infomodel.codelist.Code=ESTAT:CL_STS_ACTIVITY(1.0).N12412">
          <Name xml:lang="en" xmlns="http://www.sdmx.org/resources/sdmxml/schemas/v2_1/common">Manufacture of dyes and pigments</Name>
        </Code>
        <Code id="N12413" urn="urn:sdmx:org.sdmx.infomodel.codelist.Code=ESTAT:CL_STS_ACTIVITY(1.0).N12413">
          <Name xml:lang="en" xmlns="http://www.sdmx.org/resources/sdmxml/schemas/v2_1/common">Manufacture of other inorganic basic chemicals</Name>
        </Code>
        <Code id="N12414" urn="urn:sdmx:org.sdmx.infomodel.codelist.Code=ESTAT:CL_STS_ACTIVITY(1.0).N12414">
          <Name xml:lang="en" xmlns="http://www.sdmx.org/resources/sdmxml/schemas/v2_1/common">Manufacture of other organic basic chemicals</Name>
        </Code>
        <Code id="N12415" urn="urn:sdmx:org.sdmx.infomodel.codelist.Code=ESTAT:CL_STS_ACTIVITY(1.0).N12415">
          <Name xml:lang="en" xmlns="http://www.sdmx.org/resources/sdmxml/schemas/v2_1/common">Manufacture of fertilizers and nitrogen compounds</Name>
        </Code>
        <Code id="N12416" urn="urn:sdmx:org.sdmx.infomodel.codelist.Code=ESTAT:CL_STS_ACTIVITY(1.0).N12416">
          <Name xml:lang="en" xmlns="http://www.sdmx.org/resources/sdmxml/schemas/v2_1/common">Manufacture of plastics in primary forms</Name>
        </Code>
        <Code id="N12417" urn="urn:sdmx:org.sdmx.infomodel.codelist.Code=ESTAT:CL_STS_ACTIVITY(1.0).N12417">
          <Name xml:lang="en" xmlns="http://www.sdmx.org/resources/sdmxml/schemas/v2_1/common">Manufacture of synthetic rubber in primary forms</Name>
        </Code>
        <Code id="N12420" urn="urn:sdmx:org.sdmx.infomodel.codelist.Code=ESTAT:CL_STS_ACTIVITY(1.0).N12420">
          <Name xml:lang="en" xmlns="http://www.sdmx.org/resources/sdmxml/schemas/v2_1/common">Manufacture of pesticides and other agro-chemical products</Name>
        </Code>
        <Code id="N12430" urn="urn:sdmx:org.sdmx.infomodel.codelist.Code=ESTAT:CL_STS_ACTIVITY(1.0).N12430">
          <Name xml:lang="en" xmlns="http://www.sdmx.org/resources/sdmxml/schemas/v2_1/common">Manufacture of paints, varnishes and similar coatings, printing ink and mastics</Name>
        </Code>
        <Code id="N12440" urn="urn:sdmx:org.sdmx.infomodel.codelist.Code=ESTAT:CL_STS_ACTIVITY(1.0).N12440">
          <Name xml:lang="en" xmlns="http://www.sdmx.org/resources/sdmxml/schemas/v2_1/common">Manufacture of pharmaceuticals, medicinal chemicals and botanical products</Name>
        </Code>
        <Code id="N12441" urn="urn:sdmx:org.sdmx.infomodel.codelist.Code=ESTAT:CL_STS_ACTIVITY(1.0).N12441">
          <Name xml:lang="en" xmlns="http://www.sdmx.org/resources/sdmxml/schemas/v2_1/common">Manufacture of basic pharmaceutical products</Name>
        </Code>
        <Code id="N12442" urn="urn:sdmx:org.sdmx.infomodel.codelist.Code=ESTAT:CL_STS_ACTIVITY(1.0).N12442">
          <Name xml:lang="en" xmlns="http://www.sdmx.org/resources/sdmxml/schemas/v2_1/common">Manufacture of pharmaceutical preparations</Name>
        </Code>
        <Code id="N12450" urn="urn:sdmx:org.sdmx.infomodel.codelist.Code=ESTAT:CL_STS_ACTIVITY(1.0).N12450">
          <Name xml:lang="en" xmlns="http://www.sdmx.org/resources/sdmxml/schemas/v2_1/common">Manufacture of soap and detergents, cleaning and polishing preparations, perfumes and toilet preparations</Name>
        </Code>
        <Code id="N12451" urn="urn:sdmx:org.sdmx.infomodel.codelist.Code=ESTAT:CL_STS_ACTIVITY(1.0).N12451">
          <Name xml:lang="en" xmlns="http://www.sdmx.org/resources/sdmxml/schemas/v2_1/common">Manufacture of soap and detergents, cleaning and polishing preparations</Name>
        </Code>
        <Code id="N12452" urn="urn:sdmx:org.sdmx.infomodel.codelist.Code=ESTAT:CL_STS_ACTIVITY(1.0).N12452">
          <Name xml:lang="en" xmlns="http://www.sdmx.org/resources/sdmxml/schemas/v2_1/common">Manufacture of perfumes and toilet preparations</Name>
        </Code>
        <Code id="N12460" urn="urn:sdmx:org.sdmx.infomodel.codelist.Code=ESTAT:CL_STS_ACTIVITY(1.0).N12460">
          <Name xml:lang="en" xmlns="http://www.sdmx.org/resources/sdmxml/schemas/v2_1/common">Manufacture of other chemical products</Name>
        </Code>
        <Code id="N12461" urn="urn:sdmx:org.sdmx.infomodel.codelist.Code=ESTAT:CL_STS_ACTIVITY(1.0).N12461">
          <Name xml:lang="en" xmlns="http://www.sdmx.org/resources/sdmxml/schemas/v2_1/common">Manufacture of explosives</Name>
        </Code>
        <Code id="N12462" urn="urn:sdmx:org.sdmx.infomodel.codelist.Code=ESTAT:CL_STS_ACTIVITY(1.0).N12462">
          <Name xml:lang="en" xmlns="http://www.sdmx.org/resources/sdmxml/schemas/v2_1/common">Manufacture of glues and gelatines</Name>
        </Code>
        <Code id="N12463" urn="urn:sdmx:org.sdmx.infomodel.codelist.Code=ESTAT:CL_STS_ACTIVITY(1.0).N12463">
          <Name xml:lang="en" xmlns="http://www.sdmx.org/resources/sdmxml/schemas/v2_1/common">Manufacture of essential oils</Name>
        </Code>
        <Code id="N12464" urn="urn:sdmx:org.sdmx.infomodel.codelist.Code=ESTAT:CL_STS_ACTIVITY(1.0).N12464">
          <Name xml:lang="en" xmlns="http://www.sdmx.org/resources/sdmxml/schemas/v2_1/common">Manufacture of photographic chemical material</Name>
        </Code>
        <Code id="N12465" urn="urn:sdmx:org.sdmx.infomodel.codelist.Code=ESTAT:CL_STS_ACTIVITY(1.0).N12465">
          <Name xml:lang="en" xmlns="http://www.sdmx.org/resources/sdmxml/schemas/v2_1/common">Manufacture of prepared unrecorded media</Name>
        </Code>
        <Code id="N12466" urn="urn:sdmx:org.sdmx.infomodel.codelist.Code=ESTAT:CL_STS_ACTIVITY(1.0).N12466">
          <Name xml:lang="en" xmlns="http://www.sdmx.org/resources/sdmxml/schemas/v2_1/common">Manufacture of other chemical products n.e.c.</Name>
        </Code>
        <Code id="N12470" urn="urn:sdmx:org.sdmx.infomodel.codelist.Code=ESTAT:CL_STS_ACTIVITY(1.0).N12470">
          <Name xml:lang="en" xmlns="http://www.sdmx.org/resources/sdmxml/schemas/v2_1/common">Manufacture of man-made fibres</Name>
        </Code>
        <Code id="N12500" urn="urn:sdmx:org.sdmx.infomodel.codelist.Code=ESTAT:CL_STS_ACTIVITY(1.0).N12500">
          <Name xml:lang="en" xmlns="http://www.sdmx.org/resources/sdmxml/schemas/v2_1/common">Manufacture of rubber and plastic products</Name>
        </Code>
        <Code id="N12510" urn="urn:sdmx:org.sdmx.infomodel.codelist.Code=ESTAT:CL_STS_ACTIVITY(1.0).N12510">
          <Name xml:lang="en" xmlns="http://www.sdmx.org/resources/sdmxml/schemas/v2_1/common">Manufacture of rubber products</Name>
        </Code>
        <Code id="N12511" urn="urn:sdmx:org.sdmx.infomodel.codelist.Code=ESTAT:CL_STS_ACTIVITY(1.0).N12511">
          <Name xml:lang="en" xmlns="http://www.sdmx.org/resources/sdmxml/schemas/v2_1/common">Manufacture of rubber tyres and tubes</Name>
        </Code>
        <Code id="N12512" urn="urn:sdmx:org.sdmx.infomodel.codelist.Code=ESTAT:CL_STS_ACTIVITY(1.0).N12512">
          <Name xml:lang="en" xmlns="http://www.sdmx.org/resources/sdmxml/schemas/v2_1/common">Retreading and rebuilding of rubber tyres</Name>
        </Code>
        <Code id="N12513" urn="urn:sdmx:org.sdmx.infomodel.codelist.Code=ESTAT:CL_STS_ACTIVITY(1.0).N12513">
          <Name xml:lang="en" xmlns="http://www.sdmx.org/resources/sdmxml/schemas/v2_1/common">Manufacture of other rubber products</Name>
        </Code>
        <Code id="N12520" urn="urn:sdmx:org.sdmx.infomodel.codelist.Code=ESTAT:CL_STS_ACTIVITY(1.0).N12520">
          <Name xml:lang="en" xmlns="http://www.sdmx.org/resources/sdmxml/schemas/v2_1/common">Manufacture of plastic products</Name>
        </Code>
        <Code id="N12521" urn="urn:sdmx:org.sdmx.infomodel.codelist.Code=ESTAT:CL_STS_ACTIVITY(1.0).N12521">
          <Name xml:lang="en" xmlns="http://www.sdmx.org/resources/sdmxml/schemas/v2_1/common">Manufacture of plastic plates, sheets, tubes and profiles</Name>
        </Code>
        <Code id="N12522" urn="urn:sdmx:org.sdmx.infomodel.codelist.Code=ESTAT:CL_STS_ACTIVITY(1.0).N12522">
          <Name xml:lang="en" xmlns="http://www.sdmx.org/resources/sdmxml/schemas/v2_1/common">Manufacture of plastic packing goods</Name>
        </Code>
        <Code id="N12523" urn="urn:sdmx:org.sdmx.infomodel.codelist.Code=ESTAT:CL_STS_ACTIVITY(1.0).N12523">
          <Name xml:lang="en" xmlns="http://www.sdmx.org/resources/sdmxml/schemas/v2_1/common">Manufacture of builders ware of plastic</Name>
        </Code>
        <Code id="N12524" urn="urn:sdmx:org.sdmx.infomodel.codelist.Code=ESTAT:CL_STS_ACTIVITY(1.0).N12524">
          <Name xml:lang="en" xmlns="http://www.sdmx.org/resources/sdmxml/schemas/v2_1/common">Manufacture of other plastic products</Name>
        </Code>
        <Code id="N12600" urn="urn:sdmx:org.sdmx.infomodel.codelist.Code=ESTAT:CL_STS_ACTIVITY(1.0).N12600">
          <Name xml:lang="en" xmlns="http://www.sdmx.org/resources/sdmxml/schemas/v2_1/common">Manufacture of other non-metallic mineral products</Name>
        </Code>
        <Code id="N12610" urn="urn:sdmx:org.sdmx.infomodel.codelist.Code=ESTAT:CL_STS_ACTIVITY(1.0).N12610">
          <Name xml:lang="en" xmlns="http://www.sdmx.org/resources/sdmxml/schemas/v2_1/common">Manufacture of glass and glass products</Name>
        </Code>
        <Code id="N12611" urn="urn:sdmx:org.sdmx.infomodel.codelist.Code=ESTAT:CL_STS_ACTIVITY(1.0).N12611">
          <Name xml:lang="en" xmlns="http://www.sdmx.org/resources/sdmxml/schemas/v2_1/common">Manufacture of flat glass</Name>
        </Code>
        <Code id="N12612" urn="urn:sdmx:org.sdmx.infomodel.codelist.Code=ESTAT:CL_STS_ACTIVITY(1.0).N12612">
          <Name xml:lang="en" xmlns="http://www.sdmx.org/resources/sdmxml/schemas/v2_1/common">Shaping and processing of flat glass</Name>
        </Code>
        <Code id="N12613" urn="urn:sdmx:org.sdmx.infomodel.codelist.Code=ESTAT:CL_STS_ACTIVITY(1.0).N12613">
          <Name xml:lang="en" xmlns="http://www.sdmx.org/resources/sdmxml/schemas/v2_1/common">Manufacture of hollow glass</Name>
        </Code>
        <Code id="N12614" urn="urn:sdmx:org.sdmx.infomodel.codelist.Code=ESTAT:CL_STS_ACTIVITY(1.0).N12614">
          <Name xml:lang="en" xmlns="http://www.sdmx.org/resources/sdmxml/schemas/v2_1/common">Manufacture of glass fibres</Name>
        </Code>
        <Code id="N12615" urn="urn:sdmx:org.sdmx.infomodel.codelist.Code=ESTAT:CL_STS_ACTIVITY(1.0).N12615">
          <Name xml:lang="en" xmlns="http://www.sdmx.org/resources/sdmxml/schemas/v2_1/common">Manufacture and processing of other glass, including technical glassware</Name>
        </Code>
        <Code id="N12620" urn="urn:sdmx:org.sdmx.infomodel.codelist.Code=ESTAT:CL_STS_ACTIVITY(1.0).N12620">
          <Name xml:lang="en" xmlns="http://www.sdmx.org/resources/sdmxml/schemas/v2_1/common">Manufacture of non-refractory ceramic goods other than for construction purposes; manufacture of refractory ceramic products</Name>
        </Code>
        <Code id="N12621" urn="urn:sdmx:org.sdmx.infomodel.codelist.Code=ESTAT:CL_STS_ACTIVITY(1.0).N12621">
          <Name xml:lang="en" xmlns="http://www.sdmx.org/resources/sdmxml/schemas/v2_1/common">Manufacture of ceramic household and ornamental articles</Name>
        </Code>
        <Code id="N12622" urn="urn:sdmx:org.sdmx.infomodel.codelist.Code=ESTAT:CL_STS_ACTIVITY(1.0).N12622">
          <Name xml:lang="en" xmlns="http://www.sdmx.org/resources/sdmxml/schemas/v2_1/common">Manufacture of ceramic sanitary fixtures</Name>
        </Code>
        <Code id="N12623" urn="urn:sdmx:org.sdmx.infomodel.codelist.Code=ESTAT:CL_STS_ACTIVITY(1.0).N12623">
          <Name xml:lang="en" xmlns="http://www.sdmx.org/resources/sdmxml/schemas/v2_1/common">Manufacture of ceramic insulators and insulating fittings</Name>
        </Code>
        <Code id="N12624" urn="urn:sdmx:org.sdmx.infomodel.codelist.Code=ESTAT:CL_STS_ACTIVITY(1.0).N12624">
          <Name xml:lang="en" xmlns="http://www.sdmx.org/resources/sdmxml/schemas/v2_1/common">Manufacture of other technical ceramic products</Name>
        </Code>
        <Code id="N12625" urn="urn:sdmx:org.sdmx.infomodel.codelist.Code=ESTAT:CL_STS_ACTIVITY(1.0).N12625">
          <Name xml:lang="en" xmlns="http://www.sdmx.org/resources/sdmxml/schemas/v2_1/common">Manufacture of other ceramic products</Name>
        </Code>
        <Code id="N12626" urn="urn:sdmx:org.sdmx.infomodel.codelist.Code=ESTAT:CL_STS_ACTIVITY(1.0).N12626">
          <Name xml:lang="en" xmlns="http://www.sdmx.org/resources/sdmxml/schemas/v2_1/common">Manufacture of refractory ceramic products</Name>
        </Code>
        <Code id="N12630" urn="urn:sdmx:org.sdmx.infomodel.codelist.Code=ESTAT:CL_STS_ACTIVITY(1.0).N12630">
          <Name xml:lang="en" xmlns="http://www.sdmx.org/resources/sdmxml/schemas/v2_1/common">Manufacture of ceramic tiles and flags</Name>
        </Code>
        <Code id="N12640" urn="urn:sdmx:org.sdmx.infomodel.codelist.Code=ESTAT:CL_STS_ACTIVITY(1.0).N12640">
          <Name xml:lang="en" xmlns="http://www.sdmx.org/resources/sdmxml/schemas/v2_1/common">Manufacture of bricks, tiles and construction products, in baked clay</Name>
        </Code>
        <Code id="N12650" urn="urn:sdmx:org.sdmx.infomodel.codelist.Code=ESTAT:CL_STS_ACTIVITY(1.0).N12650">
          <Name xml:lang="en" xmlns="http://www.sdmx.org/resources/sdmxml/schemas/v2_1/common">Manufacture of cement, lime and plaster</Name>
        </Code>
        <Code id="N12651" urn="urn:sdmx:org.sdmx.infomodel.codelist.Code=ESTAT:CL_STS_ACTIVITY(1.0).N12651">
          <Name xml:lang="en" xmlns="http://www.sdmx.org/resources/sdmxml/schemas/v2_1/common">Manufacture of cement</Name>
        </Code>
        <Code id="N12652" urn="urn:sdmx:org.sdmx.infomodel.codelist.Code=ESTAT:CL_STS_ACTIVITY(1.0).N12652">
          <Name xml:lang="en" xmlns="http://www.sdmx.org/resources/sdmxml/schemas/v2_1/common">Manufacture of lime</Name>
        </Code>
        <Code id="N12653" urn="urn:sdmx:org.sdmx.infomodel.codelist.Code=ESTAT:CL_STS_ACTIVITY(1.0).N12653">
          <Name xml:lang="en" xmlns="http://www.sdmx.org/resources/sdmxml/schemas/v2_1/common">Manufacture of plaster</Name>
        </Code>
        <Code id="N12660" urn="urn:sdmx:org.sdmx.infomodel.codelist.Code=ESTAT:CL_STS_ACTIVITY(1.0).N12660">
          <Name xml:lang="en" xmlns="http://www.sdmx.org/resources/sdmxml/schemas/v2_1/common">Manufacture of articles of concrete, plaster and cement</Name>
        </Code>
        <Code id="N12661" urn="urn:sdmx:org.sdmx.infomodel.codelist.Code=ESTAT:CL_STS_ACTIVITY(1.0).N12661">
          <Name xml:lang="en" xmlns="http://www.sdmx.org/resources/sdmxml/schemas/v2_1/common">Manufacture of concrete products for construction purposes</Name>
        </Code>
        <Code id="N12662" urn="urn:sdmx:org.sdmx.infomodel.codelist.Code=ESTAT:CL_STS_ACTIVITY(1.0).N12662">
          <Name xml:lang="en" xmlns="http://www.sdmx.org/resources/sdmxml/schemas/v2_1/common">Manufacture of plaster products for construction purposes</Name>
        </Code>
        <Code id="N12663" urn="urn:sdmx:org.sdmx.infomodel.codelist.Code=ESTAT:CL_STS_ACTIVITY(1.0).N12663">
          <Name xml:lang="en" xmlns="http://www.sdmx.org/resources/sdmxml/schemas/v2_1/common">Manufacture of ready-mixed concrete</Name>
        </Code>
        <Code id="N12664" urn="urn:sdmx:org.sdmx.infomodel.codelist.Code=ESTAT:CL_STS_ACTIVITY(1.0).N12664">
          <Name xml:lang="en" xmlns="http://www.sdmx.org/resources/sdmxml/schemas/v2_1/common">Manufacture of mortars</Name>
        </Code>
        <Code id="N12665" urn="urn:sdmx:org.sdmx.infomodel.codelist.Code=ESTAT:CL_STS_ACTIVITY(1.0).N12665">
          <Name xml:lang="en" xmlns="http://www.sdmx.org/resources/sdmxml/schemas/v2_1/common">Manufacture of fibre cement</Name>
        </Code>
        <Code id="N12666" urn="urn:sdmx:org.sdmx.infomodel.codelist.Code=ESTAT:CL_STS_ACTIVITY(1.0).N12666">
          <Name xml:lang="en" xmlns="http://www.sdmx.org/resources/sdmxml/schemas/v2_1/common">Manufacture of other articles of concrete, plaster and cement</Name>
        </Code>
        <Code id="N12670" urn="urn:sdmx:org.sdmx.infomodel.codelist.Code=ESTAT:CL_STS_ACTIVITY(1.0).N12670">
          <Name xml:lang="en" xmlns="http://www.sdmx.org/resources/sdmxml/schemas/v2_1/common">Cutting, shaping and finishing of stone</Name>
        </Code>
        <Code id="N12680" urn="urn:sdmx:org.sdmx.infomodel.codelist.Code=ESTAT:CL_STS_ACTIVITY(1.0).N12680">
          <Name xml:lang="en" xmlns="http://www.sdmx.org/resources/sdmxml/schemas/v2_1/common">Manufacture of other non-metallic mineral products</Name>
        </Code>
        <Code id="N12681" urn="urn:sdmx:org.sdmx.infomodel.codelist.Code=ESTAT:CL_STS_ACTIVITY(1.0).N12681">
          <Name xml:lang="en" xmlns="http://www.sdmx.org/resources/sdmxml/schemas/v2_1/common">Production of abrasive products</Name>
        </Code>
        <Code id="N12682" urn="urn:sdmx:org.sdmx.infomodel.codelist.Code=ESTAT:CL_STS_ACTIVITY(1.0).N12682">
          <Name xml:lang="en" xmlns="http://www.sdmx.org/resources/sdmxml/schemas/v2_1/common">Manufacture of other non-metallic mineral products n.e.c.</Name>
        </Code>
        <Code id="N12700" urn="urn:sdmx:org.sdmx.infomodel.codelist.Code=ESTAT:CL_STS_ACTIVITY(1.0).N12700">
          <Name xml:lang="en" xmlns="http://www.sdmx.org/resources/sdmxml/schemas/v2_1/common">Manufacture of basic metals</Name>
        </Code>
        <Code id="N12710" urn="urn:sdmx:org.sdmx.infomodel.codelist.Code=ESTAT:CL_STS_ACTIVITY(1.0).N12710">
          <Name xml:lang="en" xmlns="http://www.sdmx.org/resources/sdmxml/schemas/v2_1/common">Manufacture of basic iron and steel and of ferro-alloys (ECSC)</Name>
        </Code>
        <Code id="N12720" urn="urn:sdmx:org.sdmx.infomodel.codelist.Code=ESTAT:CL_STS_ACTIVITY(1.0).N12720">
          <Name xml:lang="en" xmlns="http://www.sdmx.org/resources/sdmxml/schemas/v2_1/common">Manufacture of tubes</Name>
        </Code>
        <Code id="N12721" urn="urn:sdmx:org.sdmx.infomodel.codelist.Code=ESTAT:CL_STS_ACTIVITY(1.0).N12721">
          <Name xml:lang="en" xmlns="http://www.sdmx.org/resources/sdmxml/schemas/v2_1/common">Manufacture of cast iron tubes</Name>
        </Code>
        <Code id="N12722" urn="urn:sdmx:org.sdmx.infomodel.codelist.Code=ESTAT:CL_STS_ACTIVITY(1.0).N12722">
          <Name xml:lang="en" xmlns="http://www.sdmx.org/resources/sdmxml/schemas/v2_1/common">Manufacture of steel tubes</Name>
        </Code>
        <Code id="N12730" urn="urn:sdmx:org.sdmx.infomodel.codelist.Code=ESTAT:CL_STS_ACTIVITY(1.0).N12730">
          <Name xml:lang="en" xmlns="http://www.sdmx.org/resources/sdmxml/schemas/v2_1/common">Other first processing of iron and steel and production of non-ECSC ferro-alloys</Name>
        </Code>
        <Code id="N12731" urn="urn:sdmx:org.sdmx.infomodel.codelist.Code=ESTAT:CL_STS_ACTIVITY(1.0).N12731">
          <Name xml:lang="en" xmlns="http://www.sdmx.org/resources/sdmxml/schemas/v2_1/common">Cold drawing</Name>
        </Code>
        <Code id="N12732" urn="urn:sdmx:org.sdmx.infomodel.codelist.Code=ESTAT:CL_STS_ACTIVITY(1.0).N12732">
          <Name xml:lang="en" xmlns="http://www.sdmx.org/resources/sdmxml/schemas/v2_1/common">Cold rolling of narrow strip</Name>
        </Code>
        <Code id="N12733" urn="urn:sdmx:org.sdmx.infomodel.codelist.Code=ESTAT:CL_STS_ACTIVITY(1.0).N12733">
          <Name xml:lang="en" xmlns="http://www.sdmx.org/resources/sdmxml/schemas/v2_1/common">Cold forming or folding</Name>
        </Code>
        <Code id="N12734" urn="urn:sdmx:org.sdmx.infomodel.codelist.Code=ESTAT:CL_STS_ACTIVITY(1.0).N12734">
          <Name xml:lang="en" xmlns="http://www.sdmx.org/resources/sdmxml/schemas/v2_1/common">Wire drawing</Name>
        </Code>
        <Code id="N12735" urn="urn:sdmx:org.sdmx.infomodel.codelist.Code=ESTAT:CL_STS_ACTIVITY(1.0).N12735">
          <Name xml:lang="en" xmlns="http://www.sdmx.org/resources/sdmxml/schemas/v2_1/common">Other first processing of iron and steel n.e.c.; production of non-ECSC ferro-alloys</Name>
        </Code>
        <Code id="N12740" urn="urn:sdmx:org.sdmx.infomodel.codelist.Code=ESTAT:CL_STS_ACTIVITY(1.0).N12740">
          <Name xml:lang="en" xmlns="http://www.sdmx.org/resources/sdmxml/schemas/v2_1/common">Manufacture of basic precious and non-ferrous metals</Name>
        </Code>
        <Code id="N12741" urn="urn:sdmx:org.sdmx.infomodel.codelist.Code=ESTAT:CL_STS_ACTIVITY(1.0).N12741">
          <Name xml:lang="en" xmlns="http://www.sdmx.org/resources/sdmxml/schemas/v2_1/common">Precious metals production</Name>
        </Code>
        <Code id="N12742" urn="urn:sdmx:org.sdmx.infomodel.codelist.Code=ESTAT:CL_STS_ACTIVITY(1.0).N12742">
          <Name xml:lang="en" xmlns="http://www.sdmx.org/resources/sdmxml/schemas/v2_1/common">Aluminium production</Name>
        </Code>
        <Code id="N12743" urn="urn:sdmx:org.sdmx.infomodel.codelist.Code=ESTAT:CL_STS_ACTIVITY(1.0).N12743">
          <Name xml:lang="en" xmlns="http://www.sdmx.org/resources/sdmxml/schemas/v2_1/common">Lead, zinc and tin production</Name>
        </Code>
        <Code id="N12744" urn="urn:sdmx:org.sdmx.infomodel.codelist.Code=ESTAT:CL_STS_ACTIVITY(1.0).N12744">
          <Name xml:lang="en" xmlns="http://www.sdmx.org/resources/sdmxml/schemas/v2_1/common">Copper production</Name>
        </Code>
        <Code id="N12745" urn="urn:sdmx:org.sdmx.infomodel.codelist.Code=ESTAT:CL_STS_ACTIVITY(1.0).N12745">
          <Name xml:lang="en" xmlns="http://www.sdmx.org/resources/sdmxml/schemas/v2_1/common">Other non-ferrous metal production</Name>
        </Code>
        <Code id="N12750" urn="urn:sdmx:org.sdmx.infomodel.codelist.Code=ESTAT:CL_STS_ACTIVITY(1.0).N12750">
          <Name xml:lang="en" xmlns="http://www.sdmx.org/resources/sdmxml/schemas/v2_1/common">Casting of metals</Name>
        </Code>
        <Code id="N12751" urn="urn:sdmx:org.sdmx.infomodel.codelist.Code=ESTAT:CL_STS_ACTIVITY(1.0).N12751">
          <Name xml:lang="en" xmlns="http://www.sdmx.org/resources/sdmxml/schemas/v2_1/common">Casting of iron</Name>
        </Code>
        <Code id="N12752" urn="urn:sdmx:org.sdmx.infomodel.codelist.Code=ESTAT:CL_STS_ACTIVITY(1.0).N12752">
          <Name xml:lang="en" xmlns="http://www.sdmx.org/resources/sdmxml/schemas/v2_1/common">Casting of steel</Name>
        </Code>
        <Code id="N12753" urn="urn:sdmx:org.sdmx.infomodel.codelist.Code=ESTAT:CL_STS_ACTIVITY(1.0).N12753">
          <Name xml:lang="en" xmlns="http://www.sdmx.org/resources/sdmxml/schemas/v2_1/common">Casting of light metals</Name>
        </Code>
        <Code id="N12754" urn="urn:sdmx:org.sdmx.infomodel.codelist.Code=ESTAT:CL_STS_ACTIVITY(1.0).N12754">
          <Name xml:lang="en" xmlns="http://www.sdmx.org/resources/sdmxml/schemas/v2_1/common">Casting of other non-ferrous metals</Name>
        </Code>
        <Code id="N12800" urn="urn:sdmx:org.sdmx.infomodel.codelist.Code=ESTAT:CL_STS_ACTIVITY(1.0).N12800">
          <Name xml:lang="en" xmlns="http://www.sdmx.org/resources/sdmxml/schemas/v2_1/common">Manufacture of fabricated metal products, except machinery and equipment</Name>
        </Code>
        <Code id="N12810" urn="urn:sdmx:org.sdmx.infomodel.codelist.Code=ESTAT:CL_STS_ACTIVITY(1.0).N12810">
          <Name xml:lang="en" xmlns="http://www.sdmx.org/resources/sdmxml/schemas/v2_1/common">Manufacture of structural metal products</Name>
        </Code>
        <Code id="N12811" urn="urn:sdmx:org.sdmx.infomodel.codelist.Code=ESTAT:CL_STS_ACTIVITY(1.0).N12811">
          <Name xml:lang="en" xmlns="http://www.sdmx.org/resources/sdmxml/schemas/v2_1/common">Manufacture of metal structures and parts of structures</Name>
        </Code>
        <Code id="N12812" urn="urn:sdmx:org.sdmx.infomodel.codelist.Code=ESTAT:CL_STS_ACTIVITY(1.0).N12812">
          <Name xml:lang="en" xmlns="http://www.sdmx.org/resources/sdmxml/schemas/v2_1/common">Manufacture of builders carpentry and joinery of metal</Name>
        </Code>
        <Code id="N12820" urn="urn:sdmx:org.sdmx.infomodel.codelist.Code=ESTAT:CL_STS_ACTIVITY(1.0).N12820">
          <Name xml:lang="en" xmlns="http://www.sdmx.org/resources/sdmxml/schemas/v2_1/common">Manufacture of tanks, reservoirs and containers of metal; manufacture of central heating radiators and boilers</Name>
        </Code>
        <Code id="N12821" urn="urn:sdmx:org.sdmx.infomodel.codelist.Code=ESTAT:CL_STS_ACTIVITY(1.0).N12821">
          <Name xml:lang="en" xmlns="http://www.sdmx.org/resources/sdmxml/schemas/v2_1/common">Manufacture of tanks, reservoirs and containers of metal</Name>
        </Code>
        <Code id="N12822" urn="urn:sdmx:org.sdmx.infomodel.codelist.Code=ESTAT:CL_STS_ACTIVITY(1.0).N12822">
          <Name xml:lang="en" xmlns="http://www.sdmx.org/resources/sdmxml/schemas/v2_1/common">Manufacture of central heating radiators and boilers</Name>
        </Code>
        <Code id="N12830" urn="urn:sdmx:org.sdmx.infomodel.codelist.Code=ESTAT:CL_STS_ACTIVITY(1.0).N12830">
          <Name xml:lang="en" xmlns="http://www.sdmx.org/resources/sdmxml/schemas/v2_1/common">Manufacture of steam generators, except central heating hot water boilers</Name>
        </Code>
        <Code id="N12840" urn="urn:sdmx:org.sdmx.infomodel.codelist.Code=ESTAT:CL_STS_ACTIVITY(1.0).N12840">
          <Name xml:lang="en" xmlns="http://www.sdmx.org/resources/sdmxml/schemas/v2_1/common">Forging, pressing, stamping and roll forming of metal; powder metallurgy</Name>
        </Code>
        <Code id="N12850" urn="urn:sdmx:org.sdmx.infomodel.codelist.Code=ESTAT:CL_STS_ACTIVITY(1.0).N12850">
          <Name xml:lang="en" xmlns="http://www.sdmx.org/resources/sdmxml/schemas/v2_1/common">Treatment and coating of metals; general mechanical engineering</Name>
        </Code>
        <Code id="N12851" urn="urn:sdmx:org.sdmx.infomodel.codelist.Code=ESTAT:CL_STS_ACTIVITY(1.0).N12851">
          <Name xml:lang="en" xmlns="http://www.sdmx.org/resources/sdmxml/schemas/v2_1/common">Treatment and coating of metals</Name>
        </Code>
        <Code id="N12852" urn="urn:sdmx:org.sdmx.infomodel.codelist.Code=ESTAT:CL_STS_ACTIVITY(1.0).N12852">
          <Name xml:lang="en" xmlns="http://www.sdmx.org/resources/sdmxml/schemas/v2_1/common">General mechanical engineering</Name>
        </Code>
        <Code id="N12860" urn="urn:sdmx:org.sdmx.infomodel.codelist.Code=ESTAT:CL_STS_ACTIVITY(1.0).N12860">
          <Name xml:lang="en" xmlns="http://www.sdmx.org/resources/sdmxml/schemas/v2_1/common">Manufacture of cutlery, tools and general hardware</Name>
        </Code>
        <Code id="N12861" urn="urn:sdmx:org.sdmx.infomodel.codelist.Code=ESTAT:CL_STS_ACTIVITY(1.0).N12861">
          <Name xml:lang="en" xmlns="http://www.sdmx.org/resources/sdmxml/schemas/v2_1/common">Manufacture of cutlery</Name>
        </Code>
        <Code id="N12862" urn="urn:sdmx:org.sdmx.infomodel.codelist.Code=ESTAT:CL_STS_ACTIVITY(1.0).N12862">
          <Name xml:lang="en" xmlns="http://www.sdmx.org/resources/sdmxml/schemas/v2_1/common">Manufacture of tools</Name>
        </Code>
        <Code id="N12863" urn="urn:sdmx:org.sdmx.infomodel.codelist.Code=ESTAT:CL_STS_ACTIVITY(1.0).N12863">
          <Name xml:lang="en" xmlns="http://www.sdmx.org/resources/sdmxml/schemas/v2_1/common">Manufacture of locks and hinges</Name>
        </Code>
        <Code id="N12870" urn="urn:sdmx:org.sdmx.infomodel.codelist.Code=ESTAT:CL_STS_ACTIVITY(1.0).N12870">
          <Name xml:lang="en" xmlns="http://www.sdmx.org/resources/sdmxml/schemas/v2_1/common">Manufacture of other fabricated metal products</Name>
        </Code>
        <Code id="N12871" urn="urn:sdmx:org.sdmx.infomodel.codelist.Code=ESTAT:CL_STS_ACTIVITY(1.0).N12871">
          <Name xml:lang="en" xmlns="http://www.sdmx.org/resources/sdmxml/schemas/v2_1/common">Manufacture of steel drums and similar containers</Name>
        </Code>
        <Code id="N12872" urn="urn:sdmx:org.sdmx.infomodel.codelist.Code=ESTAT:CL_STS_ACTIVITY(1.0).N12872">
          <Name xml:lang="en" xmlns="http://www.sdmx.org/resources/sdmxml/schemas/v2_1/common">Manufacture of light metal packaging</Name>
        </Code>
        <Code id="N12873" urn="urn:sdmx:org.sdmx.infomodel.codelist.Code=ESTAT:CL_STS_ACTIVITY(1.0).N12873">
          <Name xml:lang="en" xmlns="http://www.sdmx.org/resources/sdmxml/schemas/v2_1/common">Manufacture of wire products</Name>
        </Code>
        <Code id="N12874" urn="urn:sdmx:org.sdmx.infomodel.codelist.Code=ESTAT:CL_STS_ACTIVITY(1.0).N12874">
          <Name xml:lang="en" xmlns="http://www.sdmx.org/resources/sdmxml/schemas/v2_1/common">Manufacture of fasteners, screw machine products, chain and springs</Name>
        </Code>
        <Code id="N12875" urn="urn:sdmx:org.sdmx.infomodel.codelist.Code=ESTAT:CL_STS_ACTIVITY(1.0).N12875">
          <Name xml:lang="en" xmlns="http://www.sdmx.org/resources/sdmxml/schemas/v2_1/common">Manufacture of other fabricated metal products n.e.c.</Name>
        </Code>
        <Code id="N12900" urn="urn:sdmx:org.sdmx.infomodel.codelist.Code=ESTAT:CL_STS_ACTIVITY(1.0).N12900">
          <Name xml:lang="en" xmlns="http://www.sdmx.org/resources/sdmxml/schemas/v2_1/common">Manufacture of machinery and equipment n.e.c.</Name>
        </Code>
        <Code id="N12910" urn="urn:sdmx:org.sdmx.infomodel.codelist.Code=ESTAT:CL_STS_ACTIVITY(1.0).N12910">
          <Name xml:lang="en" xmlns="http://www.sdmx.org/resources/sdmxml/schemas/v2_1/common">Manufacture of machinery for the production and use of mechanical power, except aircraft, vehicle and cycle engines</Name>
        </Code>
        <Code id="N12911" urn="urn:sdmx:org.sdmx.infomodel.codelist.Code=ESTAT:CL_STS_ACTIVITY(1.0).N12911">
          <Name xml:lang="en" xmlns="http://www.sdmx.org/resources/sdmxml/schemas/v2_1/common">Manufacture of engines and turbines, except aircraft, vehicle and cycle engines</Name>
        </Code>
        <Code id="N12912" urn="urn:sdmx:org.sdmx.infomodel.codelist.Code=ESTAT:CL_STS_ACTIVITY(1.0).N12912">
          <Name xml:lang="en" xmlns="http://www.sdmx.org/resources/sdmxml/schemas/v2_1/common">Manufacture of pumps and compressors</Name>
        </Code>
        <Code id="N12913" urn="urn:sdmx:org.sdmx.infomodel.codelist.Code=ESTAT:CL_STS_ACTIVITY(1.0).N12913">
          <Name xml:lang="en" xmlns="http://www.sdmx.org/resources/sdmxml/schemas/v2_1/common">Manufacture of taps and valves</Name>
        </Code>
        <Code id="N12914" urn="urn:sdmx:org.sdmx.infomodel.codelist.Code=ESTAT:CL_STS_ACTIVITY(1.0).N12914">
          <Name xml:lang="en" xmlns="http://www.sdmx.org/resources/sdmxml/schemas/v2_1/common">Manufacture of bearings, gears, gearing and driving elements</Name>
        </Code>
        <Code id="N12920" urn="urn:sdmx:org.sdmx.infomodel.codelist.Code=ESTAT:CL_STS_ACTIVITY(1.0).N12920">
          <Name xml:lang="en" xmlns="http://www.sdmx.org/resources/sdmxml/schemas/v2_1/common">Manufacture of other general purpose machinery</Name>
        </Code>
        <Code id="N12921" urn="urn:sdmx:org.sdmx.infomodel.codelist.Code=ESTAT:CL_STS_ACTIVITY(1.0).N12921">
          <Name xml:lang="en" xmlns="http://www.sdmx.org/resources/sdmxml/schemas/v2_1/common">Manufacture of furnaces and furnace burners</Name>
        </Code>
        <Code id="N12922" urn="urn:sdmx:org.sdmx.infomodel.codelist.Code=ESTAT:CL_STS_ACTIVITY(1.0).N12922">
          <Name xml:lang="en" xmlns="http://www.sdmx.org/resources/sdmxml/schemas/v2_1/common">Manufacture of lifting and handling equipment</Name>
        </Code>
        <Code id="N12923" urn="urn:sdmx:org.sdmx.infomodel.codelist.Code=ESTAT:CL_STS_ACTIVITY(1.0).N12923">
          <Name xml:lang="en" xmlns="http://www.sdmx.org/resources/sdmxml/schemas/v2_1/common">Manufacture of non-domestic cooling and ventilation equipment</Name>
        </Code>
        <Code id="N12924" urn="urn:sdmx:org.sdmx.infomodel.codelist.Code=ESTAT:CL_STS_ACTIVITY(1.0).N12924">
          <Name xml:lang="en" xmlns="http://www.sdmx.org/resources/sdmxml/schemas/v2_1/common">Manufacture of other general purpose machinery n.e.c.</Name>
        </Code>
        <Code id="N12930" urn="urn:sdmx:org.sdmx.infomodel.codelist.Code=ESTAT:CL_STS_ACTIVITY(1.0).N12930">
          <Name xml:lang="en" xmlns="http://www.sdmx.org/resources/sdmxml/schemas/v2_1/common">Manufacture of agricultural and forestry machinery</Name>
        </Code>
        <Code id="N12931" urn="urn:sdmx:org.sdmx.infomodel.codelist.Code=ESTAT:CL_STS_ACTIVITY(1.0).N12931">
          <Name xml:lang="en" xmlns="http://www.sdmx.org/resources/sdmxml/schemas/v2_1/common">Manufacture of agricultural tractors</Name>
        </Code>
        <Code id="N12932" urn="urn:sdmx:org.sdmx.infomodel.codelist.Code=ESTAT:CL_STS_ACTIVITY(1.0).N12932">
          <Name xml:lang="en" xmlns="http://www.sdmx.org/resources/sdmxml/schemas/v2_1/common">Manufacture of other agricultural and forestry machinery</Name>
        </Code>
        <Code id="N12940" urn="urn:sdmx:org.sdmx.infomodel.codelist.Code=ESTAT:CL_STS_ACTIVITY(1.0).N12940">
          <Name xml:lang="en" xmlns="http://www.sdmx.org/resources/sdmxml/schemas/v2_1/common">Manufacture of machine-tools</Name>
        </Code>
        <Code id="N12950" urn="urn:sdmx:org.sdmx.infomodel.codelist.Code=ESTAT:CL_STS_ACTIVITY(1.0).N12950">
          <Name xml:lang="en" xmlns="http://www.sdmx.org/resources/sdmxml/schemas/v2_1/common">Manufacture of other special purpose machinery</Name>
        </Code>
        <Code id="N12951" urn="urn:sdmx:org.sdmx.infomodel.codelist.Code=ESTAT:CL_STS_ACTIVITY(1.0).N12951">
          <Name xml:lang="en" xmlns="http://www.sdmx.org/resources/sdmxml/schemas/v2_1/common">Manufacture of machinery for metallurgy</Name>
        </Code>
        <Code id="N12952" urn="urn:sdmx:org.sdmx.infomodel.codelist.Code=ESTAT:CL_STS_ACTIVITY(1.0).N12952">
          <Name xml:lang="en" xmlns="http://www.sdmx.org/resources/sdmxml/schemas/v2_1/common">Manufacture of machinery for mining, quarrying and construction</Name>
        </Code>
        <Code id="N12953" urn="urn:sdmx:org.sdmx.infomodel.codelist.Code=ESTAT:CL_STS_ACTIVITY(1.0).N12953">
          <Name xml:lang="en" xmlns="http://www.sdmx.org/resources/sdmxml/schemas/v2_1/common">Manufacture of machinery for food, beverage and tobacco processing</Name>
        </Code>
        <Code id="N12954" urn="urn:sdmx:org.sdmx.infomodel.codelist.Code=ESTAT:CL_STS_ACTIVITY(1.0).N12954">
          <Name xml:lang="en" xmlns="http://www.sdmx.org/resources/sdmxml/schemas/v2_1/common">Manufacture of machinery for textile, apparel and leather production</Name>
        </Code>
        <Code id="N12955" urn="urn:sdmx:org.sdmx.infomodel.codelist.Code=ESTAT:CL_STS_ACTIVITY(1.0).N12955">
          <Name xml:lang="en" xmlns="http://www.sdmx.org/resources/sdmxml/schemas/v2_1/common">Manufacture of machinery for paper and paperboard production</Name>
        </Code>
        <Code id="N12956" urn="urn:sdmx:org.sdmx.infomodel.codelist.Code=ESTAT:CL_STS_ACTIVITY(1.0).N12956">
          <Name xml:lang="en" xmlns="http://www.sdmx.org/resources/sdmxml/schemas/v2_1/common">Manufacture of other special purpose machinery n.e.c.</Name>
        </Code>
        <Code id="N12960" urn="urn:sdmx:org.sdmx.infomodel.codelist.Code=ESTAT:CL_STS_ACTIVITY(1.0).N12960">
          <Name xml:lang="en" xmlns="http://www.sdmx.org/resources/sdmxml/schemas/v2_1/common">Manufacture of weapons and ammunition</Name>
        </Code>
        <Code id="N12970" urn="urn:sdmx:org.sdmx.infomodel.codelist.Code=ESTAT:CL_STS_ACTIVITY(1.0).N12970">
          <Name xml:lang="en" xmlns="http://www.sdmx.org/resources/sdmxml/schemas/v2_1/common">Manufacture of domestic appliances n.e.c.</Name>
        </Code>
        <Code id="N12971" urn="urn:sdmx:org.sdmx.infomodel.codelist.Code=ESTAT:CL_STS_ACTIVITY(1.0).N12971">
          <Name xml:lang="en" xmlns="http://www.sdmx.org/resources/sdmxml/schemas/v2_1/common">Manufacture of electric domestic appliances</Name>
        </Code>
        <Code id="N12972" urn="urn:sdmx:org.sdmx.infomodel.codelist.Code=ESTAT:CL_STS_ACTIVITY(1.0).N12972">
          <Name xml:lang="en" xmlns="http://www.sdmx.org/resources/sdmxml/schemas/v2_1/common">Manufacture of non-electric domestic appliances</Name>
        </Code>
        <Code id="N13000" urn="urn:sdmx:org.sdmx.infomodel.codelist.Code=ESTAT:CL_STS_ACTIVITY(1.0).N13000">
          <Name xml:lang="en" xmlns="http://www.sdmx.org/resources/sdmxml/schemas/v2_1/common">Manufacture of office machinery and computers</Name>
        </Code>
        <Code id="N13001" urn="urn:sdmx:org.sdmx.infomodel.codelist.Code=ESTAT:CL_STS_ACTIVITY(1.0).N13001">
          <Name xml:lang="en" xmlns="http://www.sdmx.org/resources/sdmxml/schemas/v2_1/common">Manufacture of office machinery</Name>
        </Code>
        <Code id="N13002" urn="urn:sdmx:org.sdmx.infomodel.codelist.Code=ESTAT:CL_STS_ACTIVITY(1.0).N13002">
          <Name xml:lang="en" xmlns="http://www.sdmx.org/resources/sdmxml/schemas/v2_1/common">Manufacture of computers and other information processing equipment</Name>
        </Code>
        <Code id="N13100" urn="urn:sdmx:org.sdmx.infomodel.codelist.Code=ESTAT:CL_STS_ACTIVITY(1.0).N13100">
          <Name xml:lang="en" xmlns="http://www.sdmx.org/resources/sdmxml/schemas/v2_1/common">Manufacture of electrical machinery and apparatus n.e.c.</Name>
        </Code>
        <Code id="N13110" urn="urn:sdmx:org.sdmx.infomodel.codelist.Code=ESTAT:CL_STS_ACTIVITY(1.0).N13110">
          <Name xml:lang="en" xmlns="http://www.sdmx.org/resources/sdmxml/schemas/v2_1/common">Manufacture of electric motors, generators and transformers</Name>
        </Code>
        <Code id="N13120" urn="urn:sdmx:org.sdmx.infomodel.codelist.Code=ESTAT:CL_STS_ACTIVITY(1.0).N13120">
          <Name xml:lang="en" xmlns="http://www.sdmx.org/resources/sdmxml/schemas/v2_1/common">Manufacture of electricity distribution and control apparatus</Name>
        </Code>
        <Code id="N13130" urn="urn:sdmx:org.sdmx.infomodel.codelist.Code=ESTAT:CL_STS_ACTIVITY(1.0).N13130">
          <Name xml:lang="en" xmlns="http://www.sdmx.org/resources/sdmxml/schemas/v2_1/common">Manufacture of insulated wire and cable</Name>
        </Code>
        <Code id="N13140" urn="urn:sdmx:org.sdmx.infomodel.codelist.Code=ESTAT:CL_STS_ACTIVITY(1.0).N13140">
          <Name xml:lang="en" xmlns="http://www.sdmx.org/resources/sdmxml/schemas/v2_1/common">Manufacture of accumulators, primary cells and primary batteries</Name>
        </Code>
        <Code id="N13150" urn="urn:sdmx:org.sdmx.infomodel.codelist.Code=ESTAT:CL_STS_ACTIVITY(1.0).N13150">
          <Name xml:lang="en" xmlns="http://www.sdmx.org/resources/sdmxml/schemas/v2_1/common">Manufacture of lighting equipment and electric lamps</Name>
        </Code>
        <Code id="N13160" urn="urn:sdmx:org.sdmx.infomodel.codelist.Code=ESTAT:CL_STS_ACTIVITY(1.0).N13160">
          <Name xml:lang="en" xmlns="http://www.sdmx.org/resources/sdmxml/schemas/v2_1/common">Manufacture of electrical equipment n.e.c.</Name>
        </Code>
        <Code id="N13161" urn="urn:sdmx:org.sdmx.infomodel.codelist.Code=ESTAT:CL_STS_ACTIVITY(1.0).N13161">
          <Name xml:lang="en" xmlns="http://www.sdmx.org/resources/sdmxml/schemas/v2_1/common">Manufacture of electrical equipment for engines and vehicles n.e.c.</Name>
        </Code>
        <Code id="N13162" urn="urn:sdmx:org.sdmx.infomodel.codelist.Code=ESTAT:CL_STS_ACTIVITY(1.0).N13162">
          <Name xml:lang="en" xmlns="http://www.sdmx.org/resources/sdmxml/schemas/v2_1/common">Manufacture of other electrical equipment n.e.c.</Name>
        </Code>
        <Code id="N13200" urn="urn:sdmx:org.sdmx.infomodel.codelist.Code=ESTAT:CL_STS_ACTIVITY(1.0).N13200">
          <Name xml:lang="en" xmlns="http://www.sdmx.org/resources/sdmxml/schemas/v2_1/common">Manufacture of radio, television and communication equipment and apparatus</Name>
        </Code>
        <Code id="N13210" urn="urn:sdmx:org.sdmx.infomodel.codelist.Code=ESTAT:CL_STS_ACTIVITY(1.0).N13210">
          <Name xml:lang="en" xmlns="http://www.sdmx.org/resources/sdmxml/schemas/v2_1/common">Manufacture of electronic valves and tubes and other electronic components</Name>
        </Code>
        <Code id="N13220" urn="urn:sdmx:org.sdmx.infomodel.codelist.Code=ESTAT:CL_STS_ACTIVITY(1.0).N13220">
          <Name xml:lang="en" xmlns="http://www.sdmx.org/resources/sdmxml/schemas/v2_1/common">Manufacture of television and radio transmitters and apparatus for line telephony and line telegraphy</Name>
        </Code>
        <Code id="N13230" urn="urn:sdmx:org.sdmx.infomodel.codelist.Code=ESTAT:CL_STS_ACTIVITY(1.0).N13230">
          <Name xml:lang="en" xmlns="http://www.sdmx.org/resources/sdmxml/schemas/v2_1/common">Manufacture of television and radio receivers, sound or video recording or reproducing apparatus and associated goods</Name>
        </Code>
        <Code id="N13300" urn="urn:sdmx:org.sdmx.infomodel.codelist.Code=ESTAT:CL_STS_ACTIVITY(1.0).N13300">
          <Name xml:lang="en" xmlns="http://www.sdmx.org/resources/sdmxml/schemas/v2_1/common">Manufacture of medical, precision and optical instruments,watches and clocks</Name>
        </Code>
        <Code id="N13310" urn="urn:sdmx:org.sdmx.infomodel.codelist.Code=ESTAT:CL_STS_ACTIVITY(1.0).N13310">
          <Name xml:lang="en" xmlns="http://www.sdmx.org/resources/sdmxml/schemas/v2_1/common">Manufacture of medical and surgical equipment and orthopaedic appliances</Name>
        </Code>
        <Code id="N13320" urn="urn:sdmx:org.sdmx.infomodel.codelist.Code=ESTAT:CL_STS_ACTIVITY(1.0).N13320">
          <Name xml:lang="en" xmlns="http://www.sdmx.org/resources/sdmxml/schemas/v2_1/common">Manufacture of instruments and appliances for measuring, checking, testing, navigating and other purposes, except industrial process control equipment</Name>
        </Code>
        <Code id="N13330" urn="urn:sdmx:org.sdmx.infomodel.codelist.Code=ESTAT:CL_STS_ACTIVITY(1.0).N13330">
          <Name xml:lang="en" xmlns="http://www.sdmx.org/resources/sdmxml/schemas/v2_1/common">Manufacture of industrial process control equipment</Name>
        </Code>
        <Code id="N13340" urn="urn:sdmx:org.sdmx.infomodel.codelist.Code=ESTAT:CL_STS_ACTIVITY(1.0).N13340">
          <Name xml:lang="en" xmlns="http://www.sdmx.org/resources/sdmxml/schemas/v2_1/common">Manufacture of optical instruments and photographic equipment</Name>
        </Code>
        <Code id="N13350" urn="urn:sdmx:org.sdmx.infomodel.codelist.Code=ESTAT:CL_STS_ACTIVITY(1.0).N13350">
          <Name xml:lang="en" xmlns="http://www.sdmx.org/resources/sdmxml/schemas/v2_1/common">Manufacture of watches and clocks</Name>
        </Code>
        <Code id="N13400" urn="urn:sdmx:org.sdmx.infomodel.codelist.Code=ESTAT:CL_STS_ACTIVITY(1.0).N13400">
          <Name xml:lang="en" xmlns="http://www.sdmx.org/resources/sdmxml/schemas/v2_1/common">Manufacture of motor vehicles, trailers and semi-trailers</Name>
        </Code>
        <Code id="N13410" urn="urn:sdmx:org.sdmx.infomodel.codelist.Code=ESTAT:CL_STS_ACTIVITY(1.0).N13410">
          <Name xml:lang="en" xmlns="http://www.sdmx.org/resources/sdmxml/schemas/v2_1/common">Manufacture of motor vehicles</Name>
        </Code>
        <Code id="N13420" urn="urn:sdmx:org.sdmx.infomodel.codelist.Code=ESTAT:CL_STS_ACTIVITY(1.0).N13420">
          <Name xml:lang="en" xmlns="http://www.sdmx.org/resources/sdmxml/schemas/v2_1/common">Manufacture of bodies (coachwork) for motor vehicles; manufacture of trailers and semi-trailers</Name>
        </Code>
        <Code id="N13430" urn="urn:sdmx:org.sdmx.infomodel.codelist.Code=ESTAT:CL_STS_ACTIVITY(1.0).N13430">
          <Name xml:lang="en" xmlns="http://www.sdmx.org/resources/sdmxml/schemas/v2_1/common">Manufacture of parts and accessories for motor vehicles and their engines</Name>
        </Code>
        <Code id="N13500" urn="urn:sdmx:org.sdmx.infomodel.codelist.Code=ESTAT:CL_STS_ACTIVITY(1.0).N13500">
          <Name xml:lang="en" xmlns="http://www.sdmx.org/resources/sdmxml/schemas/v2_1/common">Manufacture of other transport equipment</Name>
        </Code>
        <Code id="N13510" urn="urn:sdmx:org.sdmx.infomodel.codelist.Code=ESTAT:CL_STS_ACTIVITY(1.0).N13510">
          <Name xml:lang="en" xmlns="http://www.sdmx.org/resources/sdmxml/schemas/v2_1/common">Building and repairing of ships and boats</Name>
        </Code>
        <Code id="N13511" urn="urn:sdmx:org.sdmx.infomodel.codelist.Code=ESTAT:CL_STS_ACTIVITY(1.0).N13511">
          <Name xml:lang="en" xmlns="http://www.sdmx.org/resources/sdmxml/schemas/v2_1/common">Building and repairing of ships</Name>
        </Code>
        <Code id="N13512" urn="urn:sdmx:org.sdmx.infomodel.codelist.Code=ESTAT:CL_STS_ACTIVITY(1.0).N13512">
          <Name xml:lang="en" xmlns="http://www.sdmx.org/resources/sdmxml/schemas/v2_1/common">Building and repairing of pleasure and sporting boats</Name>
        </Code>
        <Code id="N13520" urn="urn:sdmx:org.sdmx.infomodel.codelist.Code=ESTAT:CL_STS_ACTIVITY(1.0).N13520">
          <Name xml:lang="en" xmlns="http://www.sdmx.org/resources/sdmxml/schemas/v2_1/common">Manufacture of railway and tramway locomotives and rolling stock</Name>
        </Code>
        <Code id="N13530" urn="urn:sdmx:org.sdmx.infomodel.codelist.Code=ESTAT:CL_STS_ACTIVITY(1.0).N13530">
          <Name xml:lang="en" xmlns="http://www.sdmx.org/resources/sdmxml/schemas/v2_1/common">Manufacture of aircraft and spacecraft</Name>
        </Code>
        <Code id="N13540" urn="urn:sdmx:org.sdmx.infomodel.codelist.Code=ESTAT:CL_STS_ACTIVITY(1.0).N13540">
          <Name xml:lang="en" xmlns="http://www.sdmx.org/resources/sdmxml/schemas/v2_1/common">Manufacture of motorcycles and bicycles</Name>
        </Code>
        <Code id="N13541" urn="urn:sdmx:org.sdmx.infomodel.codelist.Code=ESTAT:CL_STS_ACTIVITY(1.0).N13541">
          <Name xml:lang="en" xmlns="http://www.sdmx.org/resources/sdmxml/schemas/v2_1/common">Manufacture of motorcycles</Name>
        </Code>
        <Code id="N13542" urn="urn:sdmx:org.sdmx.infomodel.codelist.Code=ESTAT:CL_STS_ACTIVITY(1.0).N13542">
          <Name xml:lang="en" xmlns="http://www.sdmx.org/resources/sdmxml/schemas/v2_1/common">Manufacture of bicycles</Name>
        </Code>
        <Code id="N13543" urn="urn:sdmx:org.sdmx.infomodel.codelist.Code=ESTAT:CL_STS_ACTIVITY(1.0).N13543">
          <Name xml:lang="en" xmlns="http://www.sdmx.org/resources/sdmxml/schemas/v2_1/common">Manufacture of invalid carriages</Name>
        </Code>
        <Code id="N13550" urn="urn:sdmx:org.sdmx.infomodel.codelist.Code=ESTAT:CL_STS_ACTIVITY(1.0).N13550">
          <Name xml:lang="en" xmlns="http://www.sdmx.org/resources/sdmxml/schemas/v2_1/common">Manufacture of other transport equipment n.e.c.</Name>
        </Code>
        <Code id="N13600" urn="urn:sdmx:org.sdmx.infomodel.codelist.Code=ESTAT:CL_STS_ACTIVITY(1.0).N13600">
          <Name xml:lang="en" xmlns="http://www.sdmx.org/resources/sdmxml/schemas/v2_1/common">Manufacture of furniture; manufacturing n.e.c.</Name>
        </Code>
        <Code id="N13610" urn="urn:sdmx:org.sdmx.infomodel.codelist.Code=ESTAT:CL_STS_ACTIVITY(1.0).N13610">
          <Name xml:lang="en" xmlns="http://www.sdmx.org/resources/sdmxml/schemas/v2_1/common">Manufacture of furniture</Name>
        </Code>
        <Code id="N13611" urn="urn:sdmx:org.sdmx.infomodel.codelist.Code=ESTAT:CL_STS_ACTIVITY(1.0).N13611">
          <Name xml:lang="en" xmlns="http://www.sdmx.org/resources/sdmxml/schemas/v2_1/common">Manufacture of chairs and seats</Name>
        </Code>
        <Code id="N13612" urn="urn:sdmx:org.sdmx.infomodel.codelist.Code=ESTAT:CL_STS_ACTIVITY(1.0).N13612">
          <Name xml:lang="en" xmlns="http://www.sdmx.org/resources/sdmxml/schemas/v2_1/common">Manufacture of other office and shop furniture</Name>
        </Code>
        <Code id="N13613" urn="urn:sdmx:org.sdmx.infomodel.codelist.Code=ESTAT:CL_STS_ACTIVITY(1.0).N13613">
          <Name xml:lang="en" xmlns="http://www.sdmx.org/resources/sdmxml/schemas/v2_1/common">Manufacture of other kitchen furniture</Name>
        </Code>
        <Code id="N13614" urn="urn:sdmx:org.sdmx.infomodel.codelist.Code=ESTAT:CL_STS_ACTIVITY(1.0).N13614">
          <Name xml:lang="en" xmlns="http://www.sdmx.org/resources/sdmxml/schemas/v2_1/common">Manufacture of other furniture</Name>
        </Code>
        <Code id="N13615" urn="urn:sdmx:org.sdmx.infomodel.codelist.Code=ESTAT:CL_STS_ACTIVITY(1.0).N13615">
          <Name xml:lang="en" xmlns="http://www.sdmx.org/resources/sdmxml/schemas/v2_1/common">Manufacture of mattresses</Name>
        </Code>
        <Code id="N13620" urn="urn:sdmx:org.sdmx.infomodel.codelist.Code=ESTAT:CL_STS_ACTIVITY(1.0).N13620">
          <Name xml:lang="en" xmlns="http://www.sdmx.org/resources/sdmxml/schemas/v2_1/common">Manufacture of jewellery and related articles</Name>
        </Code>
        <Code id="N13621" urn="urn:sdmx:org.sdmx.infomodel.codelist.Code=ESTAT:CL_STS_ACTIVITY(1.0).N13621">
          <Name xml:lang="en" xmlns="http://www.sdmx.org/resources/sdmxml/schemas/v2_1/common">Striking of coins and medals</Name>
        </Code>
        <Code id="N13622" urn="urn:sdmx:org.sdmx.infomodel.codelist.Code=ESTAT:CL_STS_ACTIVITY(1.0).N13622">
          <Name xml:lang="en" xmlns="http://www.sdmx.org/resources/sdmxml/schemas/v2_1/common">Manufacture of jewellery and related articles n.e.c.</Name>
        </Code>
        <Code id="N13630" urn="urn:sdmx:org.sdmx.infomodel.codelist.Code=ESTAT:CL_STS_ACTIVITY(1.0).N13630">
          <Name xml:lang="en" xmlns="http://www.sdmx.org/resources/sdmxml/schemas/v2_1/common">Manufacture of musical instruments</Name>
        </Code>
        <Code id="N13640" urn="urn:sdmx:org.sdmx.infomodel.codelist.Code=ESTAT:CL_STS_ACTIVITY(1.0).N13640">
          <Name xml:lang="en" xmlns="http://www.sdmx.org/resources/sdmxml/schemas/v2_1/common">Manufacture of sports goods</Name>
        </Code>
        <Code id="N13650" urn="urn:sdmx:org.sdmx.infomodel.codelist.Code=ESTAT:CL_STS_ACTIVITY(1.0).N13650">
          <Name xml:lang="en" xmlns="http://www.sdmx.org/resources/sdmxml/schemas/v2_1/common">Manufacture of games and toys</Name>
        </Code>
        <Code id="N13660" urn="urn:sdmx:org.sdmx.infomodel.codelist.Code=ESTAT:CL_STS_ACTIVITY(1.0).N13660">
          <Name xml:lang="en" xmlns="http://www.sdmx.org/resources/sdmxml/schemas/v2_1/common">Miscellaneous manufacturing n.e.c.</Name>
        </Code>
        <Code id="N13661" urn="urn:sdmx:org.sdmx.infomodel.codelist.Code=ESTAT:CL_STS_ACTIVITY(1.0).N13661">
          <Name xml:lang="en" xmlns="http://www.sdmx.org/resources/sdmxml/schemas/v2_1/common">Manufacture of imitation jewellery</Name>
        </Code>
        <Code id="N13662" urn="urn:sdmx:org.sdmx.infomodel.codelist.Code=ESTAT:CL_STS_ACTIVITY(1.0).N13662">
          <Name xml:lang="en" xmlns="http://www.sdmx.org/resources/sdmxml/schemas/v2_1/common">Manufacture of brooms and brushes</Name>
        </Code>
        <Code id="N13663" urn="urn:sdmx:org.sdmx.infomodel.codelist.Code=ESTAT:CL_STS_ACTIVITY(1.0).N13663">
          <Name xml:lang="en" xmlns="http://www.sdmx.org/resources/sdmxml/schemas/v2_1/common">Other manufacturing n.e.c.</Name>
        </Code>
        <Code id="N13700" urn="urn:sdmx:org.sdmx.infomodel.codelist.Code=ESTAT:CL_STS_ACTIVITY(1.0).N13700">
          <Name xml:lang="en" xmlns="http://www.sdmx.org/resources/sdmxml/schemas/v2_1/common">Recycling</Name>
        </Code>
        <Code id="N13710" urn="urn:sdmx:org.sdmx.infomodel.codelist.Code=ESTAT:CL_STS_ACTIVITY(1.0).N13710">
          <Name xml:lang="en" xmlns="http://www.sdmx.org/resources/sdmxml/schemas/v2_1/common">Recycling of metal waste and scrap</Name>
        </Code>
        <Code id="N13720" urn="urn:sdmx:org.sdmx.infomodel.codelist.Code=ESTAT:CL_STS_ACTIVITY(1.0).N13720">
          <Name xml:lang="en" xmlns="http://www.sdmx.org/resources/sdmxml/schemas/v2_1/common">Recycling of non-metal waste and scrap</Name>
        </Code>
        <Code id="N14000" urn="urn:sdmx:org.sdmx.infomodel.codelist.Code=ESTAT:CL_STS_ACTIVITY(1.0).N14000">
          <Name xml:lang="en" xmlns="http://www.sdmx.org/resources/sdmxml/schemas/v2_1/common">Electricity, gas, steam and hot water supply</Name>
        </Code>
        <Code id="N14010" urn="urn:sdmx:org.sdmx.infomodel.codelist.Code=ESTAT:CL_STS_ACTIVITY(1.0).N14010">
          <Name xml:lang="en" xmlns="http://www.sdmx.org/resources/sdmxml/schemas/v2_1/common">Production and distribution of electricity</Name>
        </Code>
        <Code id="N14020" urn="urn:sdmx:org.sdmx.infomodel.codelist.Code=ESTAT:CL_STS_ACTIVITY(1.0).N14020">
          <Name xml:lang="en" xmlns="http://www.sdmx.org/resources/sdmxml/schemas/v2_1/common">Manufacture of gas; distribution of gaseous fuels through mains</Name>
        </Code>
        <Code id="N14030" urn="urn:sdmx:org.sdmx.infomodel.codelist.Code=ESTAT:CL_STS_ACTIVITY(1.0).N14030">
          <Name xml:lang="en" xmlns="http://www.sdmx.org/resources/sdmxml/schemas/v2_1/common">Steam and hot water supply</Name>
        </Code>
        <Code id="N14100" urn="urn:sdmx:org.sdmx.infomodel.codelist.Code=ESTAT:CL_STS_ACTIVITY(1.0).N14100">
          <Name xml:lang="en" xmlns="http://www.sdmx.org/resources/sdmxml/schemas/v2_1/common">Collection, purification and distribution of water</Name>
        </Code>
        <Code id="N14500" urn="urn:sdmx:org.sdmx.infomodel.codelist.Code=ESTAT:CL_STS_ACTIVITY(1.0).N14500">
          <Name xml:lang="en" xmlns="http://www.sdmx.org/resources/sdmxml/schemas/v2_1/common">Construction</Name>
        </Code>
        <Code id="N14510" urn="urn:sdmx:org.sdmx.infomodel.codelist.Code=ESTAT:CL_STS_ACTIVITY(1.0).N14510">
          <Name xml:lang="en" xmlns="http://www.sdmx.org/resources/sdmxml/schemas/v2_1/common">Site preparation</Name>
        </Code>
        <Code id="N14511" urn="urn:sdmx:org.sdmx.infomodel.codelist.Code=ESTAT:CL_STS_ACTIVITY(1.0).N14511">
          <Name xml:lang="en" xmlns="http://www.sdmx.org/resources/sdmxml/schemas/v2_1/common">Demolition and wrecking of buildings; earth moving</Name>
        </Code>
        <Code id="N14512" urn="urn:sdmx:org.sdmx.infomodel.codelist.Code=ESTAT:CL_STS_ACTIVITY(1.0).N14512">
          <Name xml:lang="en" xmlns="http://www.sdmx.org/resources/sdmxml/schemas/v2_1/common">Test drilling and boring</Name>
        </Code>
        <Code id="N14520" urn="urn:sdmx:org.sdmx.infomodel.codelist.Code=ESTAT:CL_STS_ACTIVITY(1.0).N14520">
          <Name xml:lang="en" xmlns="http://www.sdmx.org/resources/sdmxml/schemas/v2_1/common">Building of complete constructions or parts thereof; civil engineering</Name>
        </Code>
        <Code id="N14521" urn="urn:sdmx:org.sdmx.infomodel.codelist.Code=ESTAT:CL_STS_ACTIVITY(1.0).N14521">
          <Name xml:lang="en" xmlns="http://www.sdmx.org/resources/sdmxml/schemas/v2_1/common">General construction of buildings and civil engineering works</Name>
        </Code>
        <Code id="N14522" urn="urn:sdmx:org.sdmx.infomodel.codelist.Code=ESTAT:CL_STS_ACTIVITY(1.0).N14522">
          <Name xml:lang="en" xmlns="http://www.sdmx.org/resources/sdmxml/schemas/v2_1/common">Erection of roof covering and frames</Name>
        </Code>
        <Code id="N14523" urn="urn:sdmx:org.sdmx.infomodel.codelist.Code=ESTAT:CL_STS_ACTIVITY(1.0).N14523">
          <Name xml:lang="en" xmlns="http://www.sdmx.org/resources/sdmxml/schemas/v2_1/common">Construction of highways, roads, airfields and sport facilities</Name>
        </Code>
        <Code id="N14524" urn="urn:sdmx:org.sdmx.infomodel.codelist.Code=ESTAT:CL_STS_ACTIVITY(1.0).N14524">
          <Name xml:lang="en" xmlns="http://www.sdmx.org/resources/sdmxml/schemas/v2_1/common">Construction of water projects</Name>
        </Code>
        <Code id="N14525" urn="urn:sdmx:org.sdmx.infomodel.codelist.Code=ESTAT:CL_STS_ACTIVITY(1.0).N14525">
          <Name xml:lang="en" xmlns="http://www.sdmx.org/resources/sdmxml/schemas/v2_1/common">Other construction work involving special trades</Name>
        </Code>
        <Code id="N14530" urn="urn:sdmx:org.sdmx.infomodel.codelist.Code=ESTAT:CL_STS_ACTIVITY(1.0).N14530">
          <Name xml:lang="en" xmlns="http://www.sdmx.org/resources/sdmxml/schemas/v2_1/common">Building installation</Name>
        </Code>
        <Code id="N14531" urn="urn:sdmx:org.sdmx.infomodel.codelist.Code=ESTAT:CL_STS_ACTIVITY(1.0).N14531">
          <Name xml:lang="en" xmlns="http://www.sdmx.org/resources/sdmxml/schemas/v2_1/common">Installation of electrical wiring and fittings</Name>
        </Code>
        <Code id="N14532" urn="urn:sdmx:org.sdmx.infomodel.codelist.Code=ESTAT:CL_STS_ACTIVITY(1.0).N14532">
          <Name xml:lang="en" xmlns="http://www.sdmx.org/resources/sdmxml/schemas/v2_1/common">Insulation work activities</Name>
        </Code>
        <Code id="N14533" urn="urn:sdmx:org.sdmx.infomodel.codelist.Code=ESTAT:CL_STS_ACTIVITY(1.0).N14533">
          <Name xml:lang="en" xmlns="http://www.sdmx.org/resources/sdmxml/schemas/v2_1/common">Plumbing</Name>
        </Code>
        <Code id="N14534" urn="urn:sdmx:org.sdmx.infomodel.codelist.Code=ESTAT:CL_STS_ACTIVITY(1.0).N14534">
          <Name xml:lang="en" xmlns="http://www.sdmx.org/resources/sdmxml/schemas/v2_1/common">Other building installation</Name>
        </Code>
        <Code id="N14540" urn="urn:sdmx:org.sdmx.infomodel.codelist.Code=ESTAT:CL_STS_ACTIVITY(1.0).N14540">
          <Name xml:lang="en" xmlns="http://www.sdmx.org/resources/sdmxml/schemas/v2_1/common">Building completion</Name>
        </Code>
        <Code id="N14541" urn="urn:sdmx:org.sdmx.infomodel.codelist.Code=ESTAT:CL_STS_ACTIVITY(1.0).N14541">
          <Name xml:lang="en" xmlns="http://www.sdmx.org/resources/sdmxml/schemas/v2_1/common">Plastering</Name>
        </Code>
        <Code id="N14542" urn="urn:sdmx:org.sdmx.infomodel.codelist.Code=ESTAT:CL_STS_ACTIVITY(1.0).N14542">
          <Name xml:lang="en" xmlns="http://www.sdmx.org/resources/sdmxml/schemas/v2_1/common">Joinery installation</Name>
        </Code>
        <Code id="N14543" urn="urn:sdmx:org.sdmx.infomodel.codelist.Code=ESTAT:CL_STS_ACTIVITY(1.0).N14543">
          <Name xml:lang="en" xmlns="http://www.sdmx.org/resources/sdmxml/schemas/v2_1/common">Floor and wall covering</Name>
        </Code>
        <Code id="N14544" urn="urn:sdmx:org.sdmx.infomodel.codelist.Code=ESTAT:CL_STS_ACTIVITY(1.0).N14544">
          <Name xml:lang="en" xmlns="http://www.sdmx.org/resources/sdmxml/schemas/v2_1/common">Painting and glazing</Name>
        </Code>
        <Code id="N14545" urn="urn:sdmx:org.sdmx.infomodel.codelist.Code=ESTAT:CL_STS_ACTIVITY(1.0).N14545">
          <Name xml:lang="en" xmlns="http://www.sdmx.org/resources/sdmxml/schemas/v2_1/common">Other building completion</Name>
        </Code>
        <Code id="N14550" urn="urn:sdmx:org.sdmx.infomodel.codelist.Code=ESTAT:CL_STS_ACTIVITY(1.0).N14550">
          <Name xml:lang="en" xmlns="http://www.sdmx.org/resources/sdmxml/schemas/v2_1/common">Renting of construction or demolition equipment with operator</Name>
        </Code>
        <Code id="N15000" urn="urn:sdmx:org.sdmx.infomodel.codelist.Code=ESTAT:CL_STS_ACTIVITY(1.0).N15000">
          <Name xml:lang="en" xmlns="http://www.sdmx.org/resources/sdmxml/schemas/v2_1/common">Sale, maintenance and repair of motor vehicles and motorcycles; retail sale of automotive fuel</Name>
        </Code>
        <Code id="N15010" urn="urn:sdmx:org.sdmx.infomodel.codelist.Code=ESTAT:CL_STS_ACTIVITY(1.0).N15010">
          <Name xml:lang="en" xmlns="http://www.sdmx.org/resources/sdmxml/schemas/v2_1/common">Sale of motor vehicles</Name>
        </Code>
        <Code id="N15020" urn="urn:sdmx:org.sdmx.infomodel.codelist.Code=ESTAT:CL_STS_ACTIVITY(1.0).N15020">
          <Name xml:lang="en" xmlns="http://www.sdmx.org/resources/sdmxml/schemas/v2_1/common">Maintenance and repair of motor vehicles</Name>
        </Code>
        <Code id="N15030" urn="urn:sdmx:org.sdmx.infomodel.codelist.Code=ESTAT:CL_STS_ACTIVITY(1.0).N15030">
          <Name xml:lang="en" xmlns="http://www.sdmx.org/resources/sdmxml/schemas/v2_1/common">Sale of motor vehicle parts and accessories</Name>
        </Code>
        <Code id="N15040" urn="urn:sdmx:org.sdmx.infomodel.codelist.Code=ESTAT:CL_STS_ACTIVITY(1.0).N15040">
          <Name xml:lang="en" xmlns="http://www.sdmx.org/resources/sdmxml/schemas/v2_1/common">Sale, maintenance and repair of motorcycles and related parts and accessories</Name>
        </Code>
        <Code id="N15050" urn="urn:sdmx:org.sdmx.infomodel.codelist.Code=ESTAT:CL_STS_ACTIVITY(1.0).N15050">
          <Name xml:lang="en" xmlns="http://www.sdmx.org/resources/sdmxml/schemas/v2_1/common">Retail sale of automotive fuel</Name>
        </Code>
        <Code id="N15100" urn="urn:sdmx:org.sdmx.infomodel.codelist.Code=ESTAT:CL_STS_ACTIVITY(1.0).N15100">
          <Name xml:lang="en" xmlns="http://www.sdmx.org/resources/sdmxml/schemas/v2_1/common">Wholesale trade and commission trade, except of motor vehicles and motorcycles</Name>
        </Code>
        <Code id="N15110" urn="urn:sdmx:org.sdmx.infomodel.codelist.Code=ESTAT:CL_STS_ACTIVITY(1.0).N15110">
          <Name xml:lang="en" xmlns="http://www.sdmx.org/resources/sdmxml/schemas/v2_1/common">Wholesale on a fee or contract basis</Name>
        </Code>
        <Code id="N15111" urn="urn:sdmx:org.sdmx.infomodel.codelist.Code=ESTAT:CL_STS_ACTIVITY(1.0).N15111">
          <Name xml:lang="en" xmlns="http://www.sdmx.org/resources/sdmxml/schemas/v2_1/common">Agents involved in the sale of agricultural raw materials, live animals, textile raw materials and semi-finished goods</Name>
        </Code>
        <Code id="N15112" urn="urn:sdmx:org.sdmx.infomodel.codelist.Code=ESTAT:CL_STS_ACTIVITY(1.0).N15112">
          <Name xml:lang="en" xmlns="http://www.sdmx.org/resources/sdmxml/schemas/v2_1/common">Agents involved in the sale of fuels, ores, metals and industrial chemicals</Name>
        </Code>
        <Code id="N15113" urn="urn:sdmx:org.sdmx.infomodel.codelist.Code=ESTAT:CL_STS_ACTIVITY(1.0).N15113">
          <Name xml:lang="en" xmlns="http://www.sdmx.org/resources/sdmxml/schemas/v2_1/common">Agents involved in the sale of timber and building materials</Name>
        </Code>
        <Code id="N15114" urn="urn:sdmx:org.sdmx.infomodel.codelist.Code=ESTAT:CL_STS_ACTIVITY(1.0).N15114">
          <Name xml:lang="en" xmlns="http://www.sdmx.org/resources/sdmxml/schemas/v2_1/common">Agents involved in the sale of machinery, industrial equipment, ships and aircraft</Name>
        </Code>
        <Code id="N15115" urn="urn:sdmx:org.sdmx.infomodel.codelist.Code=ESTAT:CL_STS_ACTIVITY(1.0).N15115">
          <Name xml:lang="en" xmlns="http://www.sdmx.org/resources/sdmxml/schemas/v2_1/common">Agents involved in the sale of furniture, household goods, hardware and ironmongery</Name>
        </Code>
        <Code id="N15116" urn="urn:sdmx:org.sdmx.infomodel.codelist.Code=ESTAT:CL_STS_ACTIVITY(1.0).N15116">
          <Name xml:lang="en" xmlns="http://www.sdmx.org/resources/sdmxml/schemas/v2_1/common">Agents involved in the sale of textiles, clothing, footwear and leather goods</Name>
        </Code>
        <Code id="N15117" urn="urn:sdmx:org.sdmx.infomodel.codelist.Code=ESTAT:CL_STS_ACTIVITY(1.0).N15117">
          <Name xml:lang="en" xmlns="http://www.sdmx.org/resources/sdmxml/schemas/v2_1/common">Agents involved in the sale of food, beverages and tobacco</Name>
        </Code>
        <Code id="N15118" urn="urn:sdmx:org.sdmx.infomodel.codelist.Code=ESTAT:CL_STS_ACTIVITY(1.0).N15118">
          <Name xml:lang="en" xmlns="http://www.sdmx.org/resources/sdmxml/schemas/v2_1/common">Agents specializing in the sale of particular products or ranges of products n.e.c.</Name>
        </Code>
        <Code id="N15119" urn="urn:sdmx:org.sdmx.infomodel.codelist.Code=ESTAT:CL_STS_ACTIVITY(1.0).N15119">
          <Name xml:lang="en" xmlns="http://www.sdmx.org/resources/sdmxml/schemas/v2_1/common">Agents involved in the sale of a variety of goods</Name>
        </Code>
        <Code id="N15120" urn="urn:sdmx:org.sdmx.infomodel.codelist.Code=ESTAT:CL_STS_ACTIVITY(1.0).N15120">
          <Name xml:lang="en" xmlns="http://www.sdmx.org/resources/sdmxml/schemas/v2_1/common">Wholesale of agricultural raw materials and live animals</Name>
        </Code>
        <Code id="N15121" urn="urn:sdmx:org.sdmx.infomodel.codelist.Code=ESTAT:CL_STS_ACTIVITY(1.0).N15121">
          <Name xml:lang="en" xmlns="http://www.sdmx.org/resources/sdmxml/schemas/v2_1/common">Wholesale of grain, seeds and animal feeds</Name>
        </Code>
        <Code id="N15122" urn="urn:sdmx:org.sdmx.infomodel.codelist.Code=ESTAT:CL_STS_ACTIVITY(1.0).N15122">
          <Name xml:lang="en" xmlns="http://www.sdmx.org/resources/sdmxml/schemas/v2_1/common">Wholesale of flowers and plants</Name>
        </Code>
        <Code id="N15123" urn="urn:sdmx:org.sdmx.infomodel.codelist.Code=ESTAT:CL_STS_ACTIVITY(1.0).N15123">
          <Name xml:lang="en" xmlns="http://www.sdmx.org/resources/sdmxml/schemas/v2_1/common">Wholesale of live animals</Name>
        </Code>
        <Code id="N15124" urn="urn:sdmx:org.sdmx.infomodel.codelist.Code=ESTAT:CL_STS_ACTIVITY(1.0).N15124">
          <Name xml:lang="en" xmlns="http://www.sdmx.org/resources/sdmxml/schemas/v2_1/common">Wholesale of hides, skins and leather</Name>
        </Code>
        <Code id="N15125" urn="urn:sdmx:org.sdmx.infomodel.codelist.Code=ESTAT:CL_STS_ACTIVITY(1.0).N15125">
          <Name xml:lang="en" xmlns="http://www.sdmx.org/resources/sdmxml/schemas/v2_1/common">Wholesale of unmanufactured tobacco</Name>
        </Code>
        <Code id="N15130" urn="urn:sdmx:org.sdmx.infomodel.codelist.Code=ESTAT:CL_STS_ACTIVITY(1.0).N15130">
          <Name xml:lang="en" xmlns="http://www.sdmx.org/resources/sdmxml/schemas/v2_1/common">Wholesale of food, beverages and tobacco</Name>
        </Code>
        <Code id="N15131" urn="urn:sdmx:org.sdmx.infomodel.codelist.Code=ESTAT:CL_STS_ACTIVITY(1.0).N15131">
          <Name xml:lang="en" xmlns="http://www.sdmx.org/resources/sdmxml/schemas/v2_1/common">Wholesale of fruit and vegetables</Name>
        </Code>
        <Code id="N15132" urn="urn:sdmx:org.sdmx.infomodel.codelist.Code=ESTAT:CL_STS_ACTIVITY(1.0).N15132">
          <Name xml:lang="en" xmlns="http://www.sdmx.org/resources/sdmxml/schemas/v2_1/common">Wholesale of meat and meat products</Name>
        </Code>
        <Code id="N15133" urn="urn:sdmx:org.sdmx.infomodel.codelist.Code=ESTAT:CL_STS_ACTIVITY(1.0).N15133">
          <Name xml:lang="en" xmlns="http://www.sdmx.org/resources/sdmxml/schemas/v2_1/common">Wholesale of dairy produce, eggs and edible oils and fats</Name>
        </Code>
        <Code id="N15134" urn="urn:sdmx:org.sdmx.infomodel.codelist.Code=ESTAT:CL_STS_ACTIVITY(1.0).N15134">
          <Name xml:lang="en" xmlns="http://www.sdmx.org/resources/sdmxml/schemas/v2_1/common">Wholesale of alcoholic and other beverages</Name>
        </Code>
        <Code id="N15135" urn="urn:sdmx:org.sdmx.infomodel.codelist.Code=ESTAT:CL_STS_ACTIVITY(1.0).N15135">
          <Name xml:lang="en" xmlns="http://www.sdmx.org/resources/sdmxml/schemas/v2_1/common">Wholesale of tobacco products</Name>
        </Code>
        <Code id="N15136" urn="urn:sdmx:org.sdmx.infomodel.codelist.Code=ESTAT:CL_STS_ACTIVITY(1.0).N15136">
          <Name xml:lang="en" xmlns="http://www.sdmx.org/resources/sdmxml/schemas/v2_1/common">Wholesale of sugar and chocolate and sugar confectionery</Name>
        </Code>
        <Code id="N15137" urn="urn:sdmx:org.sdmx.infomodel.codelist.Code=ESTAT:CL_STS_ACTIVITY(1.0).N15137">
          <Name xml:lang="en" xmlns="http://www.sdmx.org/resources/sdmxml/schemas/v2_1/common">Wholesale of coffee, tea, cocoa and spices</Name>
        </Code>
        <Code id="N15138" urn="urn:sdmx:org.sdmx.infomodel.codelist.Code=ESTAT:CL_STS_ACTIVITY(1.0).N15138">
          <Name xml:lang="en" xmlns="http://www.sdmx.org/resources/sdmxml/schemas/v2_1/common">Wholesale of other food, including fish, crustaceans and molluscs</Name>
        </Code>
        <Code id="N15139" urn="urn:sdmx:org.sdmx.infomodel.codelist.Code=ESTAT:CL_STS_ACTIVITY(1.0).N15139">
          <Name xml:lang="en" xmlns="http://www.sdmx.org/resources/sdmxml/schemas/v2_1/common">Non-specialized wholesale of food, beverages and tobacco</Name>
        </Code>
        <Code id="N15140" urn="urn:sdmx:org.sdmx.infomodel.codelist.Code=ESTAT:CL_STS_ACTIVITY(1.0).N15140">
          <Name xml:lang="en" xmlns="http://www.sdmx.org/resources/sdmxml/schemas/v2_1/common">Wholesale of household goods</Name>
        </Code>
        <Code id="N15141" urn="urn:sdmx:org.sdmx.infomodel.codelist.Code=ESTAT:CL_STS_ACTIVITY(1.0).N15141">
          <Name xml:lang="en" xmlns="http://www.sdmx.org/resources/sdmxml/schemas/v2_1/common">Wholesale of textiles</Name>
        </Code>
        <Code id="N15142" urn="urn:sdmx:org.sdmx.infomodel.codelist.Code=ESTAT:CL_STS_ACTIVITY(1.0).N15142">
          <Name xml:lang="en" xmlns="http://www.sdmx.org/resources/sdmxml/schemas/v2_1/common">Wholesale of clothing and footwear</Name>
        </Code>
        <Code id="N15143" urn="urn:sdmx:org.sdmx.infomodel.codelist.Code=ESTAT:CL_STS_ACTIVITY(1.0).N15143">
          <Name xml:lang="en" xmlns="http://www.sdmx.org/resources/sdmxml/schemas/v2_1/common">Wholesale of electrical household appliances and radio and television goods</Name>
        </Code>
        <Code id="N15144" urn="urn:sdmx:org.sdmx.infomodel.codelist.Code=ESTAT:CL_STS_ACTIVITY(1.0).N15144">
          <Name xml:lang="en" xmlns="http://www.sdmx.org/resources/sdmxml/schemas/v2_1/common">Wholesale of china and glassware, wallpaper and cleaning materials</Name>
        </Code>
        <Code id="N15145" urn="urn:sdmx:org.sdmx.infomodel.codelist.Code=ESTAT:CL_STS_ACTIVITY(1.0).N15145">
          <Name xml:lang="en" xmlns="http://www.sdmx.org/resources/sdmxml/schemas/v2_1/common">Wholesale of perfume and cosmetics</Name>
        </Code>
        <Code id="N15146" urn="urn:sdmx:org.sdmx.infomodel.codelist.Code=ESTAT:CL_STS_ACTIVITY(1.0).N15146">
          <Name xml:lang="en" xmlns="http://www.sdmx.org/resources/sdmxml/schemas/v2_1/common">Wholesale of pharmaceutical goods</Name>
        </Code>
        <Code id="N15147" urn="urn:sdmx:org.sdmx.infomodel.codelist.Code=ESTAT:CL_STS_ACTIVITY(1.0).N15147">
          <Name xml:lang="en" xmlns="http://www.sdmx.org/resources/sdmxml/schemas/v2_1/common">Wholesale of other household goods</Name>
        </Code>
        <Code id="N15150" urn="urn:sdmx:org.sdmx.infomodel.codelist.Code=ESTAT:CL_STS_ACTIVITY(1.0).N15150">
          <Name xml:lang="en" xmlns="http://www.sdmx.org/resources/sdmxml/schemas/v2_1/common">Wholesale of non-agricultural intermediate products, waste and scrap</Name>
        </Code>
        <Code id="N15151" urn="urn:sdmx:org.sdmx.infomodel.codelist.Code=ESTAT:CL_STS_ACTIVITY(1.0).N15151">
          <Name xml:lang="en" xmlns="http://www.sdmx.org/resources/sdmxml/schemas/v2_1/common">Wholesale of solid, liquid and gaseous fuels and related products</Name>
        </Code>
        <Code id="N15152" urn="urn:sdmx:org.sdmx.infomodel.codelist.Code=ESTAT:CL_STS_ACTIVITY(1.0).N15152">
          <Name xml:lang="en" xmlns="http://www.sdmx.org/resources/sdmxml/schemas/v2_1/common">Wholesale of metals and metal ores</Name>
        </Code>
        <Code id="N15153" urn="urn:sdmx:org.sdmx.infomodel.codelist.Code=ESTAT:CL_STS_ACTIVITY(1.0).N15153">
          <Name xml:lang="en" xmlns="http://www.sdmx.org/resources/sdmxml/schemas/v2_1/common">Wholesale of wood, construction materials and sanitary equipment</Name>
        </Code>
        <Code id="N15154" urn="urn:sdmx:org.sdmx.infomodel.codelist.Code=ESTAT:CL_STS_ACTIVITY(1.0).N15154">
          <Name xml:lang="en" xmlns="http://www.sdmx.org/resources/sdmxml/schemas/v2_1/common">Wholesale of hardware, plumbing and heating equipment and supplies</Name>
        </Code>
        <Code id="N15155" urn="urn:sdmx:org.sdmx.infomodel.codelist.Code=ESTAT:CL_STS_ACTIVITY(1.0).N15155">
          <Name xml:lang="en" xmlns="http://www.sdmx.org/resources/sdmxml/schemas/v2_1/common">Wholesale of chemical products</Name>
        </Code>
        <Code id="N15156" urn="urn:sdmx:org.sdmx.infomodel.codelist.Code=ESTAT:CL_STS_ACTIVITY(1.0).N15156">
          <Name xml:lang="en" xmlns="http://www.sdmx.org/resources/sdmxml/schemas/v2_1/common">Wholesale of other intermediate products</Name>
        </Code>
        <Code id="N15157" urn="urn:sdmx:org.sdmx.infomodel.codelist.Code=ESTAT:CL_STS_ACTIVITY(1.0).N15157">
          <Name xml:lang="en" xmlns="http://www.sdmx.org/resources/sdmxml/schemas/v2_1/common">Wholesale of waste and scrap</Name>
        </Code>
        <Code id="N15160" urn="urn:sdmx:org.sdmx.infomodel.codelist.Code=ESTAT:CL_STS_ACTIVITY(1.0).N15160">
          <Name xml:lang="en" xmlns="http://www.sdmx.org/resources/sdmxml/schemas/v2_1/common">Wholesale of machinery, equipment and supplies</Name>
        </Code>
        <Code id="N15161" urn="urn:sdmx:org.sdmx.infomodel.codelist.Code=ESTAT:CL_STS_ACTIVITY(1.0).N15161">
          <Name xml:lang="en" xmlns="http://www.sdmx.org/resources/sdmxml/schemas/v2_1/common">Wholesale of machine-tools</Name>
        </Code>
        <Code id="N15162" urn="urn:sdmx:org.sdmx.infomodel.codelist.Code=ESTAT:CL_STS_ACTIVITY(1.0).N15162">
          <Name xml:lang="en" xmlns="http://www.sdmx.org/resources/sdmxml/schemas/v2_1/common">Wholesale of construction machinery</Name>
        </Code>
        <Code id="N15163" urn="urn:sdmx:org.sdmx.infomodel.codelist.Code=ESTAT:CL_STS_ACTIVITY(1.0).N15163">
          <Name xml:lang="en" xmlns="http://www.sdmx.org/resources/sdmxml/schemas/v2_1/common">Wholesale of machinery for the textile industry and of sewing and knitting machines</Name>
        </Code>
        <Code id="N15164" urn="urn:sdmx:org.sdmx.infomodel.codelist.Code=ESTAT:CL_STS_ACTIVITY(1.0).N15164">
          <Name xml:lang="en" xmlns="http://www.sdmx.org/resources/sdmxml/schemas/v2_1/common">Wholesale of office machinery and equipment</Name>
        </Code>
        <Code id="N15165" urn="urn:sdmx:org.sdmx.infomodel.codelist.Code=ESTAT:CL_STS_ACTIVITY(1.0).N15165">
          <Name xml:lang="en" xmlns="http://www.sdmx.org/resources/sdmxml/schemas/v2_1/common">Wholesale of other machinery for use in industry, trade and navigation</Name>
        </Code>
        <Code id="N15166" urn="urn:sdmx:org.sdmx.infomodel.codelist.Code=ESTAT:CL_STS_ACTIVITY(1.0).N15166">
          <Name xml:lang="en" xmlns="http://www.sdmx.org/resources/sdmxml/schemas/v2_1/common">Wholesale of agricultural machinery and accessories and implements, including tractors</Name>
        </Code>
        <Code id="N15170" urn="urn:sdmx:org.sdmx.infomodel.codelist.Code=ESTAT:CL_STS_ACTIVITY(1.0).N15170">
          <Name xml:lang="en" xmlns="http://www.sdmx.org/resources/sdmxml/schemas/v2_1/common">Other wholesale</Name>
        </Code>
        <Code id="N15200" urn="urn:sdmx:org.sdmx.infomodel.codelist.Code=ESTAT:CL_STS_ACTIVITY(1.0).N15200">
          <Name xml:lang="en" xmlns="http://www.sdmx.org/resources/sdmxml/schemas/v2_1/common">Retail trade, except of motor vehicles and motorcycles; repair of personal and household goods</Name>
        </Code>
        <Code id="N15210" urn="urn:sdmx:org.sdmx.infomodel.codelist.Code=ESTAT:CL_STS_ACTIVITY(1.0).N15210">
          <Name xml:lang="en" xmlns="http://www.sdmx.org/resources/sdmxml/schemas/v2_1/common">Retail sale in non-specialized stores</Name>
        </Code>
        <Code id="N15211" urn="urn:sdmx:org.sdmx.infomodel.codelist.Code=ESTAT:CL_STS_ACTIVITY(1.0).N15211">
          <Name xml:lang="en" xmlns="http://www.sdmx.org/resources/sdmxml/schemas/v2_1/common">Retail sale in non-specialized stores with food, beverages or tobacco predominating</Name>
        </Code>
        <Code id="N15212" urn="urn:sdmx:org.sdmx.infomodel.codelist.Code=ESTAT:CL_STS_ACTIVITY(1.0).N15212">
          <Name xml:lang="en" xmlns="http://www.sdmx.org/resources/sdmxml/schemas/v2_1/common">Other retail sale in non-specialized stores</Name>
        </Code>
        <Code id="N15220" urn="urn:sdmx:org.sdmx.infomodel.codelist.Code=ESTAT:CL_STS_ACTIVITY(1.0).N15220">
          <Name xml:lang="en" xmlns="http://www.sdmx.org/resources/sdmxml/schemas/v2_1/common">Retail sale of food, beverages and tobacco in specialized stores</Name>
        </Code>
        <Code id="N15221" urn="urn:sdmx:org.sdmx.infomodel.codelist.Code=ESTAT:CL_STS_ACTIVITY(1.0).N15221">
          <Name xml:lang="en" xmlns="http://www.sdmx.org/resources/sdmxml/schemas/v2_1/common">Retail sale of fruit and vegetables</Name>
        </Code>
        <Code id="N15222" urn="urn:sdmx:org.sdmx.infomodel.codelist.Code=ESTAT:CL_STS_ACTIVITY(1.0).N15222">
          <Name xml:lang="en" xmlns="http://www.sdmx.org/resources/sdmxml/schemas/v2_1/common">Retail sale of meat and meat products</Name>
        </Code>
        <Code id="N15223" urn="urn:sdmx:org.sdmx.infomodel.codelist.Code=ESTAT:CL_STS_ACTIVITY(1.0).N15223">
          <Name xml:lang="en" xmlns="http://www.sdmx.org/resources/sdmxml/schemas/v2_1/common">Retail sale of fish, crustaceans and molluscs</Name>
        </Code>
        <Code id="N15224" urn="urn:sdmx:org.sdmx.infomodel.codelist.Code=ESTAT:CL_STS_ACTIVITY(1.0).N15224">
          <Name xml:lang="en" xmlns="http://www.sdmx.org/resources/sdmxml/schemas/v2_1/common">Retail sale of bread, cakes, flour confectionery and sugar confectionery</Name>
        </Code>
        <Code id="N15225" urn="urn:sdmx:org.sdmx.infomodel.codelist.Code=ESTAT:CL_STS_ACTIVITY(1.0).N15225">
          <Name xml:lang="en" xmlns="http://www.sdmx.org/resources/sdmxml/schemas/v2_1/common">Retail sale of alcoholic and other beverages</Name>
        </Code>
        <Code id="N15226" urn="urn:sdmx:org.sdmx.infomodel.codelist.Code=ESTAT:CL_STS_ACTIVITY(1.0).N15226">
          <Name xml:lang="en" xmlns="http://www.sdmx.org/resources/sdmxml/schemas/v2_1/common">Retail sale of tobacco products</Name>
        </Code>
        <Code id="N15227" urn="urn:sdmx:org.sdmx.infomodel.codelist.Code=ESTAT:CL_STS_ACTIVITY(1.0).N15227">
          <Name xml:lang="en" xmlns="http://www.sdmx.org/resources/sdmxml/schemas/v2_1/common">Other retail sale of food, beverages and tobacco in specialized stores</Name>
        </Code>
        <Code id="N15230" urn="urn:sdmx:org.sdmx.infomodel.codelist.Code=ESTAT:CL_STS_ACTIVITY(1.0).N15230">
          <Name xml:lang="en" xmlns="http://www.sdmx.org/resources/sdmxml/schemas/v2_1/common">Retail sale of pharmaceutical and medical goods, cosmetic and toilet articles</Name>
        </Code>
        <Code id="N15231" urn="urn:sdmx:org.sdmx.infomodel.codelist.Code=ESTAT:CL_STS_ACTIVITY(1.0).N15231">
          <Name xml:lang="en" xmlns="http://www.sdmx.org/resources/sdmxml/schemas/v2_1/common">Dispensing chemists</Name>
        </Code>
        <Code id="N15232" urn="urn:sdmx:org.sdmx.infomodel.codelist.Code=ESTAT:CL_STS_ACTIVITY(1.0).N15232">
          <Name xml:lang="en" xmlns="http://www.sdmx.org/resources/sdmxml/schemas/v2_1/common">Retail sale of medical and orthopaedic goods</Name>
        </Code>
        <Code id="N15233" urn="urn:sdmx:org.sdmx.infomodel.codelist.Code=ESTAT:CL_STS_ACTIVITY(1.0).N15233">
          <Name xml:lang="en" xmlns="http://www.sdmx.org/resources/sdmxml/schemas/v2_1/common">Retail sale of cosmetic and toilet articles</Name>
        </Code>
        <Code id="N15240" urn="urn:sdmx:org.sdmx.infomodel.codelist.Code=ESTAT:CL_STS_ACTIVITY(1.0).N15240">
          <Name xml:lang="en" xmlns="http://www.sdmx.org/resources/sdmxml/schemas/v2_1/common">Other retail sale of new goods in specialized stores</Name>
        </Code>
        <Code id="N15241" urn="urn:sdmx:org.sdmx.infomodel.codelist.Code=ESTAT:CL_STS_ACTIVITY(1.0).N15241">
          <Name xml:lang="en" xmlns="http://www.sdmx.org/resources/sdmxml/schemas/v2_1/common">Retail sale of textiles</Name>
        </Code>
        <Code id="N15242" urn="urn:sdmx:org.sdmx.infomodel.codelist.Code=ESTAT:CL_STS_ACTIVITY(1.0).N15242">
          <Name xml:lang="en" xmlns="http://www.sdmx.org/resources/sdmxml/schemas/v2_1/common">Retail sale of clothing</Name>
        </Code>
        <Code id="N15243" urn="urn:sdmx:org.sdmx.infomodel.codelist.Code=ESTAT:CL_STS_ACTIVITY(1.0).N15243">
          <Name xml:lang="en" xmlns="http://www.sdmx.org/resources/sdmxml/schemas/v2_1/common">Retail sale of footwear and leather goods</Name>
        </Code>
        <Code id="N15244" urn="urn:sdmx:org.sdmx.infomodel.codelist.Code=ESTAT:CL_STS_ACTIVITY(1.0).N15244">
          <Name xml:lang="en" xmlns="http://www.sdmx.org/resources/sdmxml/schemas/v2_1/common">Retail sale of furniture, lighting equipment and household articles n.e.c.</Name>
        </Code>
        <Code id="N15245" urn="urn:sdmx:org.sdmx.infomodel.codelist.Code=ESTAT:CL_STS_ACTIVITY(1.0).N15245">
          <Name xml:lang="en" xmlns="http://www.sdmx.org/resources/sdmxml/schemas/v2_1/common">Retail sale of electrical household appliances and radio and television goods</Name>
        </Code>
        <Code id="N15246" urn="urn:sdmx:org.sdmx.infomodel.codelist.Code=ESTAT:CL_STS_ACTIVITY(1.0).N15246">
          <Name xml:lang="en" xmlns="http://www.sdmx.org/resources/sdmxml/schemas/v2_1/common">Retail sale of hardware, paints and glass</Name>
        </Code>
        <Code id="N15247" urn="urn:sdmx:org.sdmx.infomodel.codelist.Code=ESTAT:CL_STS_ACTIVITY(1.0).N15247">
          <Name xml:lang="en" xmlns="http://www.sdmx.org/resources/sdmxml/schemas/v2_1/common">Retail sale of books, newspapers and stationery</Name>
        </Code>
        <Code id="N15248" urn="urn:sdmx:org.sdmx.infomodel.codelist.Code=ESTAT:CL_STS_ACTIVITY(1.0).N15248">
          <Name xml:lang="en" xmlns="http://www.sdmx.org/resources/sdmxml/schemas/v2_1/common">Other retail sale in specialized stores</Name>
        </Code>
        <Code id="N15250" urn="urn:sdmx:org.sdmx.infomodel.codelist.Code=ESTAT:CL_STS_ACTIVITY(1.0).N15250">
          <Name xml:lang="en" xmlns="http://www.sdmx.org/resources/sdmxml/schemas/v2_1/common">Retail sale of second-hand goods in stores</Name>
        </Code>
        <Code id="N15260" urn="urn:sdmx:org.sdmx.infomodel.codelist.Code=ESTAT:CL_STS_ACTIVITY(1.0).N15260">
          <Name xml:lang="en" xmlns="http://www.sdmx.org/resources/sdmxml/schemas/v2_1/common">Retail sale not in stores</Name>
        </Code>
        <Code id="N15261" urn="urn:sdmx:org.sdmx.infomodel.codelist.Code=ESTAT:CL_STS_ACTIVITY(1.0).N15261">
          <Name xml:lang="en" xmlns="http://www.sdmx.org/resources/sdmxml/schemas/v2_1/common">Retail sale via mail order houses</Name>
        </Code>
        <Code id="N15262" urn="urn:sdmx:org.sdmx.infomodel.codelist.Code=ESTAT:CL_STS_ACTIVITY(1.0).N15262">
          <Name xml:lang="en" xmlns="http://www.sdmx.org/resources/sdmxml/schemas/v2_1/common">Retail sale via stalls and markets</Name>
        </Code>
        <Code id="N15263" urn="urn:sdmx:org.sdmx.infomodel.codelist.Code=ESTAT:CL_STS_ACTIVITY(1.0).N15263">
          <Name xml:lang="en" xmlns="http://www.sdmx.org/resources/sdmxml/schemas/v2_1/common">Other non-store retail sale</Name>
        </Code>
        <Code id="N15270" urn="urn:sdmx:org.sdmx.infomodel.codelist.Code=ESTAT:CL_STS_ACTIVITY(1.0).N15270">
          <Name xml:lang="en" xmlns="http://www.sdmx.org/resources/sdmxml/schemas/v2_1/common">Repair of personal and household goods</Name>
        </Code>
        <Code id="N15271" urn="urn:sdmx:org.sdmx.infomodel.codelist.Code=ESTAT:CL_STS_ACTIVITY(1.0).N15271">
          <Name xml:lang="en" xmlns="http://www.sdmx.org/resources/sdmxml/schemas/v2_1/common">Repair of boots, shoes and other articles of leather</Name>
        </Code>
        <Code id="N15272" urn="urn:sdmx:org.sdmx.infomodel.codelist.Code=ESTAT:CL_STS_ACTIVITY(1.0).N15272">
          <Name xml:lang="en" xmlns="http://www.sdmx.org/resources/sdmxml/schemas/v2_1/common">Repair of electrical household goods</Name>
        </Code>
        <Code id="N15273" urn="urn:sdmx:org.sdmx.infomodel.codelist.Code=ESTAT:CL_STS_ACTIVITY(1.0).N15273">
          <Name xml:lang="en" xmlns="http://www.sdmx.org/resources/sdmxml/schemas/v2_1/common">Repair of watches, clocks and jewellery</Name>
        </Code>
        <Code id="N15274" urn="urn:sdmx:org.sdmx.infomodel.codelist.Code=ESTAT:CL_STS_ACTIVITY(1.0).N15274">
          <Name xml:lang="en" xmlns="http://www.sdmx.org/resources/sdmxml/schemas/v2_1/common">Repair n.e.c.</Name>
        </Code>
        <Code id="N15500" urn="urn:sdmx:org.sdmx.infomodel.codelist.Code=ESTAT:CL_STS_ACTIVITY(1.0).N15500">
          <Name xml:lang="en" xmlns="http://www.sdmx.org/resources/sdmxml/schemas/v2_1/common">Hotels and restaurants</Name>
        </Code>
        <Code id="N15510" urn="urn:sdmx:org.sdmx.infomodel.codelist.Code=ESTAT:CL_STS_ACTIVITY(1.0).N15510">
          <Name xml:lang="en" xmlns="http://www.sdmx.org/resources/sdmxml/schemas/v2_1/common">Hotels</Name>
        </Code>
        <Code id="N15511" urn="urn:sdmx:org.sdmx.infomodel.codelist.Code=ESTAT:CL_STS_ACTIVITY(1.0).N15511">
          <Name xml:lang="en" xmlns="http://www.sdmx.org/resources/sdmxml/schemas/v2_1/common">Hotels and motels, with restaurant</Name>
        </Code>
        <Code id="N15512" urn="urn:sdmx:org.sdmx.infomodel.codelist.Code=ESTAT:CL_STS_ACTIVITY(1.0).N15512">
          <Name xml:lang="en" xmlns="http://www.sdmx.org/resources/sdmxml/schemas/v2_1/common">Hotels and motels, without restaurant</Name>
        </Code>
        <Code id="N15520" urn="urn:sdmx:org.sdmx.infomodel.codelist.Code=ESTAT:CL_STS_ACTIVITY(1.0).N15520">
          <Name xml:lang="en" xmlns="http://www.sdmx.org/resources/sdmxml/schemas/v2_1/common">Camping sites and other provision of short-stay accommodation</Name>
        </Code>
        <Code id="N15521" urn="urn:sdmx:org.sdmx.infomodel.codelist.Code=ESTAT:CL_STS_ACTIVITY(1.0).N15521">
          <Name xml:lang="en" xmlns="http://www.sdmx.org/resources/sdmxml/schemas/v2_1/common">Youth hostels and mountain refuges</Name>
        </Code>
        <Code id="N15522" urn="urn:sdmx:org.sdmx.infomodel.codelist.Code=ESTAT:CL_STS_ACTIVITY(1.0).N15522">
          <Name xml:lang="en" xmlns="http://www.sdmx.org/resources/sdmxml/schemas/v2_1/common">Camping sites, including caravan sites</Name>
        </Code>
        <Code id="N15523" urn="urn:sdmx:org.sdmx.infomodel.codelist.Code=ESTAT:CL_STS_ACTIVITY(1.0).N15523">
          <Name xml:lang="en" xmlns="http://www.sdmx.org/resources/sdmxml/schemas/v2_1/common">Other provision of lodgings n.e.c.</Name>
        </Code>
        <Code id="N15530" urn="urn:sdmx:org.sdmx.infomodel.codelist.Code=ESTAT:CL_STS_ACTIVITY(1.0).N15530">
          <Name xml:lang="en" xmlns="http://www.sdmx.org/resources/sdmxml/schemas/v2_1/common">Restaurants</Name>
        </Code>
        <Code id="N15540" urn="urn:sdmx:org.sdmx.infomodel.codelist.Code=ESTAT:CL_STS_ACTIVITY(1.0).N15540">
          <Name xml:lang="en" xmlns="http://www.sdmx.org/resources/sdmxml/schemas/v2_1/common">Bars</Name>
        </Code>
        <Code id="N15550" urn="urn:sdmx:org.sdmx.infomodel.codelist.Code=ESTAT:CL_STS_ACTIVITY(1.0).N15550">
          <Name xml:lang="en" xmlns="http://www.sdmx.org/resources/sdmxml/schemas/v2_1/common">Canteens and catering</Name>
        </Code>
        <Code id="N15551" urn="urn:sdmx:org.sdmx.infomodel.codelist.Code=ESTAT:CL_STS_ACTIVITY(1.0).N15551">
          <Name xml:lang="en" xmlns="http://www.sdmx.org/resources/sdmxml/schemas/v2_1/common">Canteens</Name>
        </Code>
        <Code id="N15552" urn="urn:sdmx:org.sdmx.infomodel.codelist.Code=ESTAT:CL_STS_ACTIVITY(1.0).N15552">
          <Name xml:lang="en" xmlns="http://www.sdmx.org/resources/sdmxml/schemas/v2_1/common">Catering</Name>
        </Code>
        <Code id="N16000" urn="urn:sdmx:org.sdmx.infomodel.codelist.Code=ESTAT:CL_STS_ACTIVITY(1.0).N16000">
          <Name xml:lang="en" xmlns="http://www.sdmx.org/resources/sdmxml/schemas/v2_1/common">Land transport; transport via pipelines</Name>
        </Code>
        <Code id="N16010" urn="urn:sdmx:org.sdmx.infomodel.codelist.Code=ESTAT:CL_STS_ACTIVITY(1.0).N16010">
          <Name xml:lang="en" xmlns="http://www.sdmx.org/resources/sdmxml/schemas/v2_1/common">Transport via railways</Name>
        </Code>
        <Code id="N16020" urn="urn:sdmx:org.sdmx.infomodel.codelist.Code=ESTAT:CL_STS_ACTIVITY(1.0).N16020">
          <Name xml:lang="en" xmlns="http://www.sdmx.org/resources/sdmxml/schemas/v2_1/common">Other land transport</Name>
        </Code>
        <Code id="N16021" urn="urn:sdmx:org.sdmx.infomodel.codelist.Code=ESTAT:CL_STS_ACTIVITY(1.0).N16021">
          <Name xml:lang="en" xmlns="http://www.sdmx.org/resources/sdmxml/schemas/v2_1/common">Other scheduled passenger land transport</Name>
        </Code>
        <Code id="N16022" urn="urn:sdmx:org.sdmx.infomodel.codelist.Code=ESTAT:CL_STS_ACTIVITY(1.0).N16022">
          <Name xml:lang="en" xmlns="http://www.sdmx.org/resources/sdmxml/schemas/v2_1/common">Taxi operation</Name>
        </Code>
        <Code id="N16023" urn="urn:sdmx:org.sdmx.infomodel.codelist.Code=ESTAT:CL_STS_ACTIVITY(1.0).N16023">
          <Name xml:lang="en" xmlns="http://www.sdmx.org/resources/sdmxml/schemas/v2_1/common">Other land passenger transport</Name>
        </Code>
        <Code id="N16024" urn="urn:sdmx:org.sdmx.infomodel.codelist.Code=ESTAT:CL_STS_ACTIVITY(1.0).N16024">
          <Name xml:lang="en" xmlns="http://www.sdmx.org/resources/sdmxml/schemas/v2_1/common">Freight transport by road</Name>
        </Code>
        <Code id="N16030" urn="urn:sdmx:org.sdmx.infomodel.codelist.Code=ESTAT:CL_STS_ACTIVITY(1.0).N16030">
          <Name xml:lang="en" xmlns="http://www.sdmx.org/resources/sdmxml/schemas/v2_1/common">Transport via pipelines</Name>
        </Code>
        <Code id="N16100" urn="urn:sdmx:org.sdmx.infomodel.codelist.Code=ESTAT:CL_STS_ACTIVITY(1.0).N16100">
          <Name xml:lang="en" xmlns="http://www.sdmx.org/resources/sdmxml/schemas/v2_1/common">Water transport</Name>
        </Code>
        <Code id="N16110" urn="urn:sdmx:org.sdmx.infomodel.codelist.Code=ESTAT:CL_STS_ACTIVITY(1.0).N16110">
          <Name xml:lang="en" xmlns="http://www.sdmx.org/resources/sdmxml/schemas/v2_1/common">Sea and coastal water transport</Name>
        </Code>
        <Code id="N16120" urn="urn:sdmx:org.sdmx.infomodel.codelist.Code=ESTAT:CL_STS_ACTIVITY(1.0).N16120">
          <Name xml:lang="en" xmlns="http://www.sdmx.org/resources/sdmxml/schemas/v2_1/common">Inland water transport</Name>
        </Code>
        <Code id="N16200" urn="urn:sdmx:org.sdmx.infomodel.codelist.Code=ESTAT:CL_STS_ACTIVITY(1.0).N16200">
          <Name xml:lang="en" xmlns="http://www.sdmx.org/resources/sdmxml/schemas/v2_1/common">Air transport</Name>
        </Code>
        <Code id="N16210" urn="urn:sdmx:org.sdmx.infomodel.codelist.Code=ESTAT:CL_STS_ACTIVITY(1.0).N16210">
          <Name xml:lang="en" xmlns="http://www.sdmx.org/resources/sdmxml/schemas/v2_1/common">Scheduled air transport</Name>
        </Code>
        <Code id="N16220" urn="urn:sdmx:org.sdmx.infomodel.codelist.Code=ESTAT:CL_STS_ACTIVITY(1.0).N16220">
          <Name xml:lang="en" xmlns="http://www.sdmx.org/resources/sdmxml/schemas/v2_1/common">Non-scheduled air transport</Name>
        </Code>
        <Code id="N16230" urn="urn:sdmx:org.sdmx.infomodel.codelist.Code=ESTAT:CL_STS_ACTIVITY(1.0).N16230">
          <Name xml:lang="en" xmlns="http://www.sdmx.org/resources/sdmxml/schemas/v2_1/common">Space transport</Name>
        </Code>
        <Code id="N16300" urn="urn:sdmx:org.sdmx.infomodel.codelist.Code=ESTAT:CL_STS_ACTIVITY(1.0).N16300">
          <Name xml:lang="en" xmlns="http://www.sdmx.org/resources/sdmxml/schemas/v2_1/common">Supporting and auxiliary transport activities; activities of travel agencies</Name>
        </Code>
        <Code id="N16310" urn="urn:sdmx:org.sdmx.infomodel.codelist.Code=ESTAT:CL_STS_ACTIVITY(1.0).N16310">
          <Name xml:lang="en" xmlns="http://www.sdmx.org/resources/sdmxml/schemas/v2_1/common">Cargo handling and storage</Name>
        </Code>
        <Code id="N16311" urn="urn:sdmx:org.sdmx.infomodel.codelist.Code=ESTAT:CL_STS_ACTIVITY(1.0).N16311">
          <Name xml:lang="en" xmlns="http://www.sdmx.org/resources/sdmxml/schemas/v2_1/common">Cargo handling</Name>
        </Code>
        <Code id="N16312" urn="urn:sdmx:org.sdmx.infomodel.codelist.Code=ESTAT:CL_STS_ACTIVITY(1.0).N16312">
          <Name xml:lang="en" xmlns="http://www.sdmx.org/resources/sdmxml/schemas/v2_1/common">Storage and warehousing</Name>
        </Code>
        <Code id="N16320" urn="urn:sdmx:org.sdmx.infomodel.codelist.Code=ESTAT:CL_STS_ACTIVITY(1.0).N16320">
          <Name xml:lang="en" xmlns="http://www.sdmx.org/resources/sdmxml/schemas/v2_1/common">Other supporting transport activities</Name>
        </Code>
        <Code id="N16321" urn="urn:sdmx:org.sdmx.infomodel.codelist.Code=ESTAT:CL_STS_ACTIVITY(1.0).N16321">
          <Name xml:lang="en" xmlns="http://www.sdmx.org/resources/sdmxml/schemas/v2_1/common">Other supporting land transport activities</Name>
        </Code>
        <Code id="N16322" urn="urn:sdmx:org.sdmx.infomodel.codelist.Code=ESTAT:CL_STS_ACTIVITY(1.0).N16322">
          <Name xml:lang="en" xmlns="http://www.sdmx.org/resources/sdmxml/schemas/v2_1/common">Other supporting water transport activities</Name>
        </Code>
        <Code id="N16323" urn="urn:sdmx:org.sdmx.infomodel.codelist.Code=ESTAT:CL_STS_ACTIVITY(1.0).N16323">
          <Name xml:lang="en" xmlns="http://www.sdmx.org/resources/sdmxml/schemas/v2_1/common">Other supporting air transport activities</Name>
        </Code>
        <Code id="N16330" urn="urn:sdmx:org.sdmx.infomodel.codelist.Code=ESTAT:CL_STS_ACTIVITY(1.0).N16330">
          <Name xml:lang="en" xmlns="http://www.sdmx.org/resources/sdmxml/schemas/v2_1/common">Activities of travel agencies and tour operators; tourist assistance activities n.e.c.</Name>
        </Code>
        <Code id="N16340" urn="urn:sdmx:org.sdmx.infomodel.codelist.Code=ESTAT:CL_STS_ACTIVITY(1.0).N16340">
          <Name xml:lang="en" xmlns="http://www.sdmx.org/resources/sdmxml/schemas/v2_1/common">Activities of other transport agencies</Name>
        </Code>
        <Code id="N16400" urn="urn:sdmx:org.sdmx.infomodel.codelist.Code=ESTAT:CL_STS_ACTIVITY(1.0).N16400">
          <Name xml:lang="en" xmlns="http://www.sdmx.org/resources/sdmxml/schemas/v2_1/common">Post and telecommunications</Name>
        </Code>
        <Code id="N16410" urn="urn:sdmx:org.sdmx.infomodel.codelist.Code=ESTAT:CL_STS_ACTIVITY(1.0).N16410">
          <Name xml:lang="en" xmlns="http://www.sdmx.org/resources/sdmxml/schemas/v2_1/common">Post and courier activities</Name>
        </Code>
        <Code id="N16411" urn="urn:sdmx:org.sdmx.infomodel.codelist.Code=ESTAT:CL_STS_ACTIVITY(1.0).N16411">
          <Name xml:lang="en" xmlns="http://www.sdmx.org/resources/sdmxml/schemas/v2_1/common">National post activities</Name>
        </Code>
        <Code id="N16412" urn="urn:sdmx:org.sdmx.infomodel.codelist.Code=ESTAT:CL_STS_ACTIVITY(1.0).N16412">
          <Name xml:lang="en" xmlns="http://www.sdmx.org/resources/sdmxml/schemas/v2_1/common">Courier activities other than national post activities</Name>
        </Code>
        <Code id="N16420" urn="urn:sdmx:org.sdmx.infomodel.codelist.Code=ESTAT:CL_STS_ACTIVITY(1.0).N16420">
          <Name xml:lang="en" xmlns="http://www.sdmx.org/resources/sdmxml/schemas/v2_1/common">Telecommunications</Name>
        </Code>
        <Code id="N16500" urn="urn:sdmx:org.sdmx.infomodel.codelist.Code=ESTAT:CL_STS_ACTIVITY(1.0).N16500">
          <Name xml:lang="en" xmlns="http://www.sdmx.org/resources/sdmxml/schemas/v2_1/common">Financial intermediation, except insurance and pension funding</Name>
        </Code>
        <Code id="N16510" urn="urn:sdmx:org.sdmx.infomodel.codelist.Code=ESTAT:CL_STS_ACTIVITY(1.0).N16510">
          <Name xml:lang="en" xmlns="http://www.sdmx.org/resources/sdmxml/schemas/v2_1/common">Monetary intermediation</Name>
        </Code>
        <Code id="N16511" urn="urn:sdmx:org.sdmx.infomodel.codelist.Code=ESTAT:CL_STS_ACTIVITY(1.0).N16511">
          <Name xml:lang="en" xmlns="http://www.sdmx.org/resources/sdmxml/schemas/v2_1/common">Central banking</Name>
        </Code>
        <Code id="N16512" urn="urn:sdmx:org.sdmx.infomodel.codelist.Code=ESTAT:CL_STS_ACTIVITY(1.0).N16512">
          <Name xml:lang="en" xmlns="http://www.sdmx.org/resources/sdmxml/schemas/v2_1/common">Other monetary intermediation</Name>
        </Code>
        <Code id="N16520" urn="urn:sdmx:org.sdmx.infomodel.codelist.Code=ESTAT:CL_STS_ACTIVITY(1.0).N16520">
          <Name xml:lang="en" xmlns="http://www.sdmx.org/resources/sdmxml/schemas/v2_1/common">Other financial intermediation</Name>
        </Code>
        <Code id="N16521" urn="urn:sdmx:org.sdmx.infomodel.codelist.Code=ESTAT:CL_STS_ACTIVITY(1.0).N16521">
          <Name xml:lang="en" xmlns="http://www.sdmx.org/resources/sdmxml/schemas/v2_1/common">Financial leasing</Name>
        </Code>
        <Code id="N16522" urn="urn:sdmx:org.sdmx.infomodel.codelist.Code=ESTAT:CL_STS_ACTIVITY(1.0).N16522">
          <Name xml:lang="en" xmlns="http://www.sdmx.org/resources/sdmxml/schemas/v2_1/common">Other credit granting</Name>
        </Code>
        <Code id="N16523" urn="urn:sdmx:org.sdmx.infomodel.codelist.Code=ESTAT:CL_STS_ACTIVITY(1.0).N16523">
          <Name xml:lang="en" xmlns="http://www.sdmx.org/resources/sdmxml/schemas/v2_1/common">Other financial intermediation n.e.c.</Name>
        </Code>
        <Code id="N16600" urn="urn:sdmx:org.sdmx.infomodel.codelist.Code=ESTAT:CL_STS_ACTIVITY(1.0).N16600">
          <Name xml:lang="en" xmlns="http://www.sdmx.org/resources/sdmxml/schemas/v2_1/common">Insurance and pension funding, except compulsory social security</Name>
        </Code>
        <Code id="N16601" urn="urn:sdmx:org.sdmx.infomodel.codelist.Code=ESTAT:CL_STS_ACTIVITY(1.0).N16601">
          <Name xml:lang="en" xmlns="http://www.sdmx.org/resources/sdmxml/schemas/v2_1/common">Life insurance</Name>
        </Code>
        <Code id="N16602" urn="urn:sdmx:org.sdmx.infomodel.codelist.Code=ESTAT:CL_STS_ACTIVITY(1.0).N16602">
          <Name xml:lang="en" xmlns="http://www.sdmx.org/resources/sdmxml/schemas/v2_1/common">Pension funding</Name>
        </Code>
        <Code id="N16603" urn="urn:sdmx:org.sdmx.infomodel.codelist.Code=ESTAT:CL_STS_ACTIVITY(1.0).N16603">
          <Name xml:lang="en" xmlns="http://www.sdmx.org/resources/sdmxml/schemas/v2_1/common">Non-life insurance</Name>
        </Code>
        <Code id="N16700" urn="urn:sdmx:org.sdmx.infomodel.codelist.Code=ESTAT:CL_STS_ACTIVITY(1.0).N16700">
          <Name xml:lang="en" xmlns="http://www.sdmx.org/resources/sdmxml/schemas/v2_1/common">Activities auxiliary to financial intermediation</Name>
        </Code>
        <Code id="N16710" urn="urn:sdmx:org.sdmx.infomodel.codelist.Code=ESTAT:CL_STS_ACTIVITY(1.0).N16710">
          <Name xml:lang="en" xmlns="http://www.sdmx.org/resources/sdmxml/schemas/v2_1/common">Activities auxiliary to financial intermediation, except insurance and pension funding</Name>
        </Code>
        <Code id="N16711" urn="urn:sdmx:org.sdmx.infomodel.codelist.Code=ESTAT:CL_STS_ACTIVITY(1.0).N16711">
          <Name xml:lang="en" xmlns="http://www.sdmx.org/resources/sdmxml/schemas/v2_1/common">Administration of financial markets</Name>
        </Code>
        <Code id="N16712" urn="urn:sdmx:org.sdmx.infomodel.codelist.Code=ESTAT:CL_STS_ACTIVITY(1.0).N16712">
          <Name xml:lang="en" xmlns="http://www.sdmx.org/resources/sdmxml/schemas/v2_1/common">Security broking and fund management</Name>
        </Code>
        <Code id="N16713" urn="urn:sdmx:org.sdmx.infomodel.codelist.Code=ESTAT:CL_STS_ACTIVITY(1.0).N16713">
          <Name xml:lang="en" xmlns="http://www.sdmx.org/resources/sdmxml/schemas/v2_1/common">Activities auxiliary to financial intermediation n.e.c.</Name>
        </Code>
        <Code id="N16720" urn="urn:sdmx:org.sdmx.infomodel.codelist.Code=ESTAT:CL_STS_ACTIVITY(1.0).N16720">
          <Name xml:lang="en" xmlns="http://www.sdmx.org/resources/sdmxml/schemas/v2_1/common">Activities auxiliary to insurance and pension funding</Name>
        </Code>
        <Code id="N17000" urn="urn:sdmx:org.sdmx.infomodel.codelist.Code=ESTAT:CL_STS_ACTIVITY(1.0).N17000">
          <Name xml:lang="en" xmlns="http://www.sdmx.org/resources/sdmxml/schemas/v2_1/common">Real estate activities</Name>
        </Code>
        <Code id="N17010" urn="urn:sdmx:org.sdmx.infomodel.codelist.Code=ESTAT:CL_STS_ACTIVITY(1.0).N17010">
          <Name xml:lang="en" xmlns="http://www.sdmx.org/resources/sdmxml/schemas/v2_1/common">Real estate activities with own property</Name>
        </Code>
        <Code id="N17011" urn="urn:sdmx:org.sdmx.infomodel.codelist.Code=ESTAT:CL_STS_ACTIVITY(1.0).N17011">
          <Name xml:lang="en" xmlns="http://www.sdmx.org/resources/sdmxml/schemas/v2_1/common">Development and selling of real estate</Name>
        </Code>
        <Code id="N17012" urn="urn:sdmx:org.sdmx.infomodel.codelist.Code=ESTAT:CL_STS_ACTIVITY(1.0).N17012">
          <Name xml:lang="en" xmlns="http://www.sdmx.org/resources/sdmxml/schemas/v2_1/common">Buying and selling of own real estate</Name>
        </Code>
        <Code id="N17020" urn="urn:sdmx:org.sdmx.infomodel.codelist.Code=ESTAT:CL_STS_ACTIVITY(1.0).N17020">
          <Name xml:lang="en" xmlns="http://www.sdmx.org/resources/sdmxml/schemas/v2_1/common">Letting of own property</Name>
        </Code>
        <Code id="N17030" urn="urn:sdmx:org.sdmx.infomodel.codelist.Code=ESTAT:CL_STS_ACTIVITY(1.0).N17030">
          <Name xml:lang="en" xmlns="http://www.sdmx.org/resources/sdmxml/schemas/v2_1/common">Real estate activities on a fee or contract basis</Name>
        </Code>
        <Code id="N17031" urn="urn:sdmx:org.sdmx.infomodel.codelist.Code=ESTAT:CL_STS_ACTIVITY(1.0).N17031">
          <Name xml:lang="en" xmlns="http://www.sdmx.org/resources/sdmxml/schemas/v2_1/common">Real estate agencies</Name>
        </Code>
        <Code id="N17032" urn="urn:sdmx:org.sdmx.infomodel.codelist.Code=ESTAT:CL_STS_ACTIVITY(1.0).N17032">
          <Name xml:lang="en" xmlns="http://www.sdmx.org/resources/sdmxml/schemas/v2_1/common">Management of real estate on a fee or contract basis</Name>
        </Code>
        <Code id="N17100" urn="urn:sdmx:org.sdmx.infomodel.codelist.Code=ESTAT:CL_STS_ACTIVITY(1.0).N17100">
          <Name xml:lang="en" xmlns="http://www.sdmx.org/resources/sdmxml/schemas/v2_1/common">Renting of machinery and equipment without operator and of personal and household goods</Name>
        </Code>
        <Code id="N17110" urn="urn:sdmx:org.sdmx.infomodel.codelist.Code=ESTAT:CL_STS_ACTIVITY(1.0).N17110">
          <Name xml:lang="en" xmlns="http://www.sdmx.org/resources/sdmxml/schemas/v2_1/common">Renting of automobiles</Name>
        </Code>
        <Code id="N17120" urn="urn:sdmx:org.sdmx.infomodel.codelist.Code=ESTAT:CL_STS_ACTIVITY(1.0).N17120">
          <Name xml:lang="en" xmlns="http://www.sdmx.org/resources/sdmxml/schemas/v2_1/common">Renting of other transport equipment</Name>
        </Code>
        <Code id="N17121" urn="urn:sdmx:org.sdmx.infomodel.codelist.Code=ESTAT:CL_STS_ACTIVITY(1.0).N17121">
          <Name xml:lang="en" xmlns="http://www.sdmx.org/resources/sdmxml/schemas/v2_1/common">Renting of other land transport equipment</Name>
        </Code>
        <Code id="N17122" urn="urn:sdmx:org.sdmx.infomodel.codelist.Code=ESTAT:CL_STS_ACTIVITY(1.0).N17122">
          <Name xml:lang="en" xmlns="http://www.sdmx.org/resources/sdmxml/schemas/v2_1/common">Renting of water transport equipment</Name>
        </Code>
        <Code id="N17123" urn="urn:sdmx:org.sdmx.infomodel.codelist.Code=ESTAT:CL_STS_ACTIVITY(1.0).N17123">
          <Name xml:lang="en" xmlns="http://www.sdmx.org/resources/sdmxml/schemas/v2_1/common">Renting of air transport equipment</Name>
        </Code>
        <Code id="N17130" urn="urn:sdmx:org.sdmx.infomodel.codelist.Code=ESTAT:CL_STS_ACTIVITY(1.0).N17130">
          <Name xml:lang="en" xmlns="http://www.sdmx.org/resources/sdmxml/schemas/v2_1/common">Renting of other machinery and equipment</Name>
        </Code>
        <Code id="N17131" urn="urn:sdmx:org.sdmx.infomodel.codelist.Code=ESTAT:CL_STS_ACTIVITY(1.0).N17131">
          <Name xml:lang="en" xmlns="http://www.sdmx.org/resources/sdmxml/schemas/v2_1/common">Renting of agricultural machinery and equipment</Name>
        </Code>
        <Code id="N17132" urn="urn:sdmx:org.sdmx.infomodel.codelist.Code=ESTAT:CL_STS_ACTIVITY(1.0).N17132">
          <Name xml:lang="en" xmlns="http://www.sdmx.org/resources/sdmxml/schemas/v2_1/common">Renting of construction and civil engineering machinery and equipment</Name>
        </Code>
        <Code id="N17133" urn="urn:sdmx:org.sdmx.infomodel.codelist.Code=ESTAT:CL_STS_ACTIVITY(1.0).N17133">
          <Name xml:lang="en" xmlns="http://www.sdmx.org/resources/sdmxml/schemas/v2_1/common">Renting of office machinery and equipment, including computers</Name>
        </Code>
        <Code id="N17134" urn="urn:sdmx:org.sdmx.infomodel.codelist.Code=ESTAT:CL_STS_ACTIVITY(1.0).N17134">
          <Name xml:lang="en" xmlns="http://www.sdmx.org/resources/sdmxml/schemas/v2_1/common">Renting of other machinery and equipment n.e.c.</Name>
        </Code>
        <Code id="N17140" urn="urn:sdmx:org.sdmx.infomodel.codelist.Code=ESTAT:CL_STS_ACTIVITY(1.0).N17140">
          <Name xml:lang="en" xmlns="http://www.sdmx.org/resources/sdmxml/schemas/v2_1/common">Renting of personal and household goods n.e.c.</Name>
        </Code>
        <Code id="N17200" urn="urn:sdmx:org.sdmx.infomodel.codelist.Code=ESTAT:CL_STS_ACTIVITY(1.0).N17200">
          <Name xml:lang="en" xmlns="http://www.sdmx.org/resources/sdmxml/schemas/v2_1/common">Computer and related activities</Name>
        </Code>
        <Code id="N17210" urn="urn:sdmx:org.sdmx.infomodel.codelist.Code=ESTAT:CL_STS_ACTIVITY(1.0).N17210">
          <Name xml:lang="en" xmlns="http://www.sdmx.org/resources/sdmxml/schemas/v2_1/common">Hardware consultancy</Name>
        </Code>
        <Code id="N17220" urn="urn:sdmx:org.sdmx.infomodel.codelist.Code=ESTAT:CL_STS_ACTIVITY(1.0).N17220">
          <Name xml:lang="en" xmlns="http://www.sdmx.org/resources/sdmxml/schemas/v2_1/common">Software consultancy and supply</Name>
        </Code>
        <Code id="N17230" urn="urn:sdmx:org.sdmx.infomodel.codelist.Code=ESTAT:CL_STS_ACTIVITY(1.0).N17230">
          <Name xml:lang="en" xmlns="http://www.sdmx.org/resources/sdmxml/schemas/v2_1/common">Data processing</Name>
        </Code>
        <Code id="N17240" urn="urn:sdmx:org.sdmx.infomodel.codelist.Code=ESTAT:CL_STS_ACTIVITY(1.0).N17240">
          <Name xml:lang="en" xmlns="http://www.sdmx.org/resources/sdmxml/schemas/v2_1/common">Database activities</Name>
        </Code>
        <Code id="N17250" urn="urn:sdmx:org.sdmx.infomodel.codelist.Code=ESTAT:CL_STS_ACTIVITY(1.0).N17250">
          <Name xml:lang="en" xmlns="http://www.sdmx.org/resources/sdmxml/schemas/v2_1/common">Maintenance and repair of office, accounting and computing machinery</Name>
        </Code>
        <Code id="N17260" urn="urn:sdmx:org.sdmx.infomodel.codelist.Code=ESTAT:CL_STS_ACTIVITY(1.0).N17260">
          <Name xml:lang="en" xmlns="http://www.sdmx.org/resources/sdmxml/schemas/v2_1/common">Other computer related activities</Name>
        </Code>
        <Code id="N17300" urn="urn:sdmx:org.sdmx.infomodel.codelist.Code=ESTAT:CL_STS_ACTIVITY(1.0).N17300">
          <Name xml:lang="en" xmlns="http://www.sdmx.org/resources/sdmxml/schemas/v2_1/common">Research and development</Name>
        </Code>
        <Code id="N17310" urn="urn:sdmx:org.sdmx.infomodel.codelist.Code=ESTAT:CL_STS_ACTIVITY(1.0).N17310">
          <Name xml:lang="en" xmlns="http://www.sdmx.org/resources/sdmxml/schemas/v2_1/common">Research and experimental development on natural sciences and engineering</Name>
        </Code>
        <Code id="N17320" urn="urn:sdmx:org.sdmx.infomodel.codelist.Code=ESTAT:CL_STS_ACTIVITY(1.0).N17320">
          <Name xml:lang="en" xmlns="http://www.sdmx.org/resources/sdmxml/schemas/v2_1/common">Research and experimental development on social sciences and humanities</Name>
        </Code>
        <Code id="N17400" urn="urn:sdmx:org.sdmx.infomodel.codelist.Code=ESTAT:CL_STS_ACTIVITY(1.0).N17400">
          <Name xml:lang="en" xmlns="http://www.sdmx.org/resources/sdmxml/schemas/v2_1/common">Other business activities</Name>
        </Code>
        <Code id="N17410" urn="urn:sdmx:org.sdmx.infomodel.codelist.Code=ESTAT:CL_STS_ACTIVITY(1.0).N17410">
          <Name xml:lang="en" xmlns="http://www.sdmx.org/resources/sdmxml/schemas/v2_1/common">Legal, accounting, book-keeping and auditing activities; tax consultancy; market research and public opinion polling; business and management consultancy; holdings</Name>
        </Code>
        <Code id="N17411" urn="urn:sdmx:org.sdmx.infomodel.codelist.Code=ESTAT:CL_STS_ACTIVITY(1.0).N17411">
          <Name xml:lang="en" xmlns="http://www.sdmx.org/resources/sdmxml/schemas/v2_1/common">Legal activities</Name>
        </Code>
        <Code id="N17412" urn="urn:sdmx:org.sdmx.infomodel.codelist.Code=ESTAT:CL_STS_ACTIVITY(1.0).N17412">
          <Name xml:lang="en" xmlns="http://www.sdmx.org/resources/sdmxml/schemas/v2_1/common">Accounting, book-keeping and auditing activities; tax consultancy</Name>
        </Code>
        <Code id="N17413" urn="urn:sdmx:org.sdmx.infomodel.codelist.Code=ESTAT:CL_STS_ACTIVITY(1.0).N17413">
          <Name xml:lang="en" xmlns="http://www.sdmx.org/resources/sdmxml/schemas/v2_1/common">Market research and public opinion polling</Name>
        </Code>
        <Code id="N17414" urn="urn:sdmx:org.sdmx.infomodel.codelist.Code=ESTAT:CL_STS_ACTIVITY(1.0).N17414">
          <Name xml:lang="en" xmlns="http://www.sdmx.org/resources/sdmxml/schemas/v2_1/common">Business and management consultancy activities</Name>
        </Code>
        <Code id="N17415" urn="urn:sdmx:org.sdmx.infomodel.codelist.Code=ESTAT:CL_STS_ACTIVITY(1.0).N17415">
          <Name xml:lang="en" xmlns="http://www.sdmx.org/resources/sdmxml/schemas/v2_1/common">Management activities of holding companies</Name>
        </Code>
        <Code id="N17420" urn="urn:sdmx:org.sdmx.infomodel.codelist.Code=ESTAT:CL_STS_ACTIVITY(1.0).N17420">
          <Name xml:lang="en" xmlns="http://www.sdmx.org/resources/sdmxml/schemas/v2_1/common">Architectural and engineering activities and related technical consultancy</Name>
        </Code>
        <Code id="N17430" urn="urn:sdmx:org.sdmx.infomodel.codelist.Code=ESTAT:CL_STS_ACTIVITY(1.0).N17430">
          <Name xml:lang="en" xmlns="http://www.sdmx.org/resources/sdmxml/schemas/v2_1/common">Technical testing and analysis</Name>
        </Code>
        <Code id="N17440" urn="urn:sdmx:org.sdmx.infomodel.codelist.Code=ESTAT:CL_STS_ACTIVITY(1.0).N17440">
          <Name xml:lang="en" xmlns="http://www.sdmx.org/resources/sdmxml/schemas/v2_1/common">Advertising</Name>
        </Code>
        <Code id="N17450" urn="urn:sdmx:org.sdmx.infomodel.codelist.Code=ESTAT:CL_STS_ACTIVITY(1.0).N17450">
          <Name xml:lang="en" xmlns="http://www.sdmx.org/resources/sdmxml/schemas/v2_1/common">Labour recruitment and provision of personnel</Name>
        </Code>
        <Code id="N17460" urn="urn:sdmx:org.sdmx.infomodel.codelist.Code=ESTAT:CL_STS_ACTIVITY(1.0).N17460">
          <Name xml:lang="en" xmlns="http://www.sdmx.org/resources/sdmxml/schemas/v2_1/common">Investigation and security activities</Name>
        </Code>
        <Code id="N17470" urn="urn:sdmx:org.sdmx.infomodel.codelist.Code=ESTAT:CL_STS_ACTIVITY(1.0).N17470">
          <Name xml:lang="en" xmlns="http://www.sdmx.org/resources/sdmxml/schemas/v2_1/common">Industrial cleaning</Name>
        </Code>
        <Code id="N17480" urn="urn:sdmx:org.sdmx.infomodel.codelist.Code=ESTAT:CL_STS_ACTIVITY(1.0).N17480">
          <Name xml:lang="en" xmlns="http://www.sdmx.org/resources/sdmxml/schemas/v2_1/common">Miscellaneous business activities n.e.c.</Name>
        </Code>
        <Code id="N17481" urn="urn:sdmx:org.sdmx.infomodel.codelist.Code=ESTAT:CL_STS_ACTIVITY(1.0).N17481">
          <Name xml:lang="en" xmlns="http://www.sdmx.org/resources/sdmxml/schemas/v2_1/common">Photographic activities</Name>
        </Code>
        <Code id="N17482" urn="urn:sdmx:org.sdmx.infomodel.codelist.Code=ESTAT:CL_STS_ACTIVITY(1.0).N17482">
          <Name xml:lang="en" xmlns="http://www.sdmx.org/resources/sdmxml/schemas/v2_1/common">Packaging activities</Name>
        </Code>
        <Code id="N17483" urn="urn:sdmx:org.sdmx.infomodel.codelist.Code=ESTAT:CL_STS_ACTIVITY(1.0).N17483">
          <Name xml:lang="en" xmlns="http://www.sdmx.org/resources/sdmxml/schemas/v2_1/common">Secretarial and translation activities</Name>
        </Code>
        <Code id="N17484" urn="urn:sdmx:org.sdmx.infomodel.codelist.Code=ESTAT:CL_STS_ACTIVITY(1.0).N17484">
          <Name xml:lang="en" xmlns="http://www.sdmx.org/resources/sdmxml/schemas/v2_1/common">Other business activities n.e.c.</Name>
        </Code>
        <Code id="N17500" urn="urn:sdmx:org.sdmx.infomodel.codelist.Code=ESTAT:CL_STS_ACTIVITY(1.0).N17500">
          <Name xml:lang="en" xmlns="http://www.sdmx.org/resources/sdmxml/schemas/v2_1/common">Public administration and defence; compulsory social security</Name>
        </Code>
        <Code id="N17510" urn="urn:sdmx:org.sdmx.infomodel.codelist.Code=ESTAT:CL_STS_ACTIVITY(1.0).N17510">
          <Name xml:lang="en" xmlns="http://www.sdmx.org/resources/sdmxml/schemas/v2_1/common">Administration of the State and the economic and social policy of the community</Name>
        </Code>
        <Code id="N17511" urn="urn:sdmx:org.sdmx.infomodel.codelist.Code=ESTAT:CL_STS_ACTIVITY(1.0).N17511">
          <Name xml:lang="en" xmlns="http://www.sdmx.org/resources/sdmxml/schemas/v2_1/common">General (overall) public service activities</Name>
        </Code>
        <Code id="N17512" urn="urn:sdmx:org.sdmx.infomodel.codelist.Code=ESTAT:CL_STS_ACTIVITY(1.0).N17512">
          <Name xml:lang="en" xmlns="http://www.sdmx.org/resources/sdmxml/schemas/v2_1/common">Regulation of the activities of agencies that provide health care, education, cultural services and other social services, excluding social security</Name>
        </Code>
        <Code id="N17513" urn="urn:sdmx:org.sdmx.infomodel.codelist.Code=ESTAT:CL_STS_ACTIVITY(1.0).N17513">
          <Name xml:lang="en" xmlns="http://www.sdmx.org/resources/sdmxml/schemas/v2_1/common">Regulation of and contribution to more efficient operation of business</Name>
        </Code>
        <Code id="N17514" urn="urn:sdmx:org.sdmx.infomodel.codelist.Code=ESTAT:CL_STS_ACTIVITY(1.0).N17514">
          <Name xml:lang="en" xmlns="http://www.sdmx.org/resources/sdmxml/schemas/v2_1/common">Supporting service activities for the government as a whole</Name>
        </Code>
        <Code id="N17520" urn="urn:sdmx:org.sdmx.infomodel.codelist.Code=ESTAT:CL_STS_ACTIVITY(1.0).N17520">
          <Name xml:lang="en" xmlns="http://www.sdmx.org/resources/sdmxml/schemas/v2_1/common">Provision of services to the community as a whole</Name>
        </Code>
        <Code id="N17521" urn="urn:sdmx:org.sdmx.infomodel.codelist.Code=ESTAT:CL_STS_ACTIVITY(1.0).N17521">
          <Name xml:lang="en" xmlns="http://www.sdmx.org/resources/sdmxml/schemas/v2_1/common">Foreign affairs</Name>
        </Code>
        <Code id="N17522" urn="urn:sdmx:org.sdmx.infomodel.codelist.Code=ESTAT:CL_STS_ACTIVITY(1.0).N17522">
          <Name xml:lang="en" xmlns="http://www.sdmx.org/resources/sdmxml/schemas/v2_1/common">Defence activities</Name>
        </Code>
        <Code id="N17523" urn="urn:sdmx:org.sdmx.infomodel.codelist.Code=ESTAT:CL_STS_ACTIVITY(1.0).N17523">
          <Name xml:lang="en" xmlns="http://www.sdmx.org/resources/sdmxml/schemas/v2_1/common">Justice and judicial activities</Name>
        </Code>
        <Code id="N17524" urn="urn:sdmx:org.sdmx.infomodel.codelist.Code=ESTAT:CL_STS_ACTIVITY(1.0).N17524">
          <Name xml:lang="en" xmlns="http://www.sdmx.org/resources/sdmxml/schemas/v2_1/common">Public security, law and order activities</Name>
        </Code>
        <Code id="N17525" urn="urn:sdmx:org.sdmx.infomodel.codelist.Code=ESTAT:CL_STS_ACTIVITY(1.0).N17525">
          <Name xml:lang="en" xmlns="http://www.sdmx.org/resources/sdmxml/schemas/v2_1/common">Fire service activities</Name>
        </Code>
        <Code id="N17530" urn="urn:sdmx:org.sdmx.infomodel.codelist.Code=ESTAT:CL_STS_ACTIVITY(1.0).N17530">
          <Name xml:lang="en" xmlns="http://www.sdmx.org/resources/sdmxml/schemas/v2_1/common">Compulsory social security activities</Name>
        </Code>
        <Code id="N18000" urn="urn:sdmx:org.sdmx.infomodel.codelist.Code=ESTAT:CL_STS_ACTIVITY(1.0).N18000">
          <Name xml:lang="en" xmlns="http://www.sdmx.org/resources/sdmxml/schemas/v2_1/common">Education</Name>
        </Code>
        <Code id="N18010" urn="urn:sdmx:org.sdmx.infomodel.codelist.Code=ESTAT:CL_STS_ACTIVITY(1.0).N18010">
          <Name xml:lang="en" xmlns="http://www.sdmx.org/resources/sdmxml/schemas/v2_1/common">Primary education</Name>
        </Code>
        <Code id="N18020" urn="urn:sdmx:org.sdmx.infomodel.codelist.Code=ESTAT:CL_STS_ACTIVITY(1.0).N18020">
          <Name xml:lang="en" xmlns="http://www.sdmx.org/resources/sdmxml/schemas/v2_1/common">Secondary education</Name>
        </Code>
        <Code id="N18021" urn="urn:sdmx:org.sdmx.infomodel.codelist.Code=ESTAT:CL_STS_ACTIVITY(1.0).N18021">
          <Name xml:lang="en" xmlns="http://www.sdmx.org/resources/sdmxml/schemas/v2_1/common">General secondary education</Name>
        </Code>
        <Code id="N18022" urn="urn:sdmx:org.sdmx.infomodel.codelist.Code=ESTAT:CL_STS_ACTIVITY(1.0).N18022">
          <Name xml:lang="en" xmlns="http://www.sdmx.org/resources/sdmxml/schemas/v2_1/common">Technical and vocational secondary education</Name>
        </Code>
        <Code id="N18030" urn="urn:sdmx:org.sdmx.infomodel.codelist.Code=ESTAT:CL_STS_ACTIVITY(1.0).N18030">
          <Name xml:lang="en" xmlns="http://www.sdmx.org/resources/sdmxml/schemas/v2_1/common">Higher education</Name>
        </Code>
        <Code id="N18040" urn="urn:sdmx:org.sdmx.infomodel.codelist.Code=ESTAT:CL_STS_ACTIVITY(1.0).N18040">
          <Name xml:lang="en" xmlns="http://www.sdmx.org/resources/sdmxml/schemas/v2_1/common">Adult and other education</Name>
        </Code>
        <Code id="N18041" urn="urn:sdmx:org.sdmx.infomodel.codelist.Code=ESTAT:CL_STS_ACTIVITY(1.0).N18041">
          <Name xml:lang="en" xmlns="http://www.sdmx.org/resources/sdmxml/schemas/v2_1/common">Driving school activities</Name>
        </Code>
        <Code id="N18042" urn="urn:sdmx:org.sdmx.infomodel.codelist.Code=ESTAT:CL_STS_ACTIVITY(1.0).N18042">
          <Name xml:lang="en" xmlns="http://www.sdmx.org/resources/sdmxml/schemas/v2_1/common">Adult and other education n.e.c.</Name>
        </Code>
        <Code id="N18500" urn="urn:sdmx:org.sdmx.infomodel.codelist.Code=ESTAT:CL_STS_ACTIVITY(1.0).N18500">
          <Name xml:lang="en" xmlns="http://www.sdmx.org/resources/sdmxml/schemas/v2_1/common">Health and social work</Name>
        </Code>
        <Code id="N18510" urn="urn:sdmx:org.sdmx.infomodel.codelist.Code=ESTAT:CL_STS_ACTIVITY(1.0).N18510">
          <Name xml:lang="en" xmlns="http://www.sdmx.org/resources/sdmxml/schemas/v2_1/common">Human health activities</Name>
        </Code>
        <Code id="N18511" urn="urn:sdmx:org.sdmx.infomodel.codelist.Code=ESTAT:CL_STS_ACTIVITY(1.0).N18511">
          <Name xml:lang="en" xmlns="http://www.sdmx.org/resources/sdmxml/schemas/v2_1/common">Hospital activities</Name>
        </Code>
        <Code id="N18512" urn="urn:sdmx:org.sdmx.infomodel.codelist.Code=ESTAT:CL_STS_ACTIVITY(1.0).N18512">
          <Name xml:lang="en" xmlns="http://www.sdmx.org/resources/sdmxml/schemas/v2_1/common">Medical practice activities</Name>
        </Code>
        <Code id="N18513" urn="urn:sdmx:org.sdmx.infomodel.codelist.Code=ESTAT:CL_STS_ACTIVITY(1.0).N18513">
          <Name xml:lang="en" xmlns="http://www.sdmx.org/resources/sdmxml/schemas/v2_1/common">Dental practice activities</Name>
        </Code>
        <Code id="N18514" urn="urn:sdmx:org.sdmx.infomodel.codelist.Code=ESTAT:CL_STS_ACTIVITY(1.0).N18514">
          <Name xml:lang="en" xmlns="http://www.sdmx.org/resources/sdmxml/schemas/v2_1/common">Other human health activities</Name>
        </Code>
        <Code id="N18520" urn="urn:sdmx:org.sdmx.infomodel.codelist.Code=ESTAT:CL_STS_ACTIVITY(1.0).N18520">
          <Name xml:lang="en" xmlns="http://www.sdmx.org/resources/sdmxml/schemas/v2_1/common">Veterinary activities</Name>
        </Code>
        <Code id="N18530" urn="urn:sdmx:org.sdmx.infomodel.codelist.Code=ESTAT:CL_STS_ACTIVITY(1.0).N18530">
          <Name xml:lang="en" xmlns="http://www.sdmx.org/resources/sdmxml/schemas/v2_1/common">Social work activities</Name>
        </Code>
        <Code id="N18531" urn="urn:sdmx:org.sdmx.infomodel.codelist.Code=ESTAT:CL_STS_ACTIVITY(1.0).N18531">
          <Name xml:lang="en" xmlns="http://www.sdmx.org/resources/sdmxml/schemas/v2_1/common">Social work activities with accommodation</Name>
        </Code>
        <Code id="N18532" urn="urn:sdmx:org.sdmx.infomodel.codelist.Code=ESTAT:CL_STS_ACTIVITY(1.0).N18532">
          <Name xml:lang="en" xmlns="http://www.sdmx.org/resources/sdmxml/schemas/v2_1/common">Social work activities without accommodation</Name>
        </Code>
        <Code id="N19000" urn="urn:sdmx:org.sdmx.infomodel.codelist.Code=ESTAT:CL_STS_ACTIVITY(1.0).N19000">
          <Name xml:lang="en" xmlns="http://www.sdmx.org/resources/sdmxml/schemas/v2_1/common">Sewage and refuse disposal, sanitation and similar activities</Name>
        </Code>
        <Code id="N19100" urn="urn:sdmx:org.sdmx.infomodel.codelist.Code=ESTAT:CL_STS_ACTIVITY(1.0).N19100">
          <Name xml:lang="en" xmlns="http://www.sdmx.org/resources/sdmxml/schemas/v2_1/common">Activities of membership organizations n.e.c.</Name>
        </Code>
        <Code id="N19110" urn="urn:sdmx:org.sdmx.infomodel.codelist.Code=ESTAT:CL_STS_ACTIVITY(1.0).N19110">
          <Name xml:lang="en" xmlns="http://www.sdmx.org/resources/sdmxml/schemas/v2_1/common">Activities of business, employers and professional organizations</Name>
        </Code>
        <Code id="N19111" urn="urn:sdmx:org.sdmx.infomodel.codelist.Code=ESTAT:CL_STS_ACTIVITY(1.0).N19111">
          <Name xml:lang="en" xmlns="http://www.sdmx.org/resources/sdmxml/schemas/v2_1/common">Activities of business and employers organizations</Name>
        </Code>
        <Code id="N19112" urn="urn:sdmx:org.sdmx.infomodel.codelist.Code=ESTAT:CL_STS_ACTIVITY(1.0).N19112">
          <Name xml:lang="en" xmlns="http://www.sdmx.org/resources/sdmxml/schemas/v2_1/common">Activities of professional organizations</Name>
        </Code>
        <Code id="N19120" urn="urn:sdmx:org.sdmx.infomodel.codelist.Code=ESTAT:CL_STS_ACTIVITY(1.0).N19120">
          <Name xml:lang="en" xmlns="http://www.sdmx.org/resources/sdmxml/schemas/v2_1/common">Activities of trade unions</Name>
        </Code>
        <Code id="N19130" urn="urn:sdmx:org.sdmx.infomodel.codelist.Code=ESTAT:CL_STS_ACTIVITY(1.0).N19130">
          <Name xml:lang="en" xmlns="http://www.sdmx.org/resources/sdmxml/schemas/v2_1/common">Activities of other membership organizations</Name>
        </Code>
        <Code id="N19131" urn="urn:sdmx:org.sdmx.infomodel.codelist.Code=ESTAT:CL_STS_ACTIVITY(1.0).N19131">
          <Name xml:lang="en" xmlns="http://www.sdmx.org/resources/sdmxml/schemas/v2_1/common">Activities of religious organizations</Name>
        </Code>
        <Code id="N19132" urn="urn:sdmx:org.sdmx.infomodel.codelist.Code=ESTAT:CL_STS_ACTIVITY(1.0).N19132">
          <Name xml:lang="en" xmlns="http://www.sdmx.org/resources/sdmxml/schemas/v2_1/common">Activities of political organizations</Name>
        </Code>
        <Code id="N19133" urn="urn:sdmx:org.sdmx.infomodel.codelist.Code=ESTAT:CL_STS_ACTIVITY(1.0).N19133">
          <Name xml:lang="en" xmlns="http://www.sdmx.org/resources/sdmxml/schemas/v2_1/common">Activities of other membership organizations n.e.c.</Name>
        </Code>
        <Code id="N19200" urn="urn:sdmx:org.sdmx.infomodel.codelist.Code=ESTAT:CL_STS_ACTIVITY(1.0).N19200">
          <Name xml:lang="en" xmlns="http://www.sdmx.org/resources/sdmxml/schemas/v2_1/common">Recreational, cultural and sporting activities</Name>
        </Code>
        <Code id="N19210" urn="urn:sdmx:org.sdmx.infomodel.codelist.Code=ESTAT:CL_STS_ACTIVITY(1.0).N19210">
          <Name xml:lang="en" xmlns="http://www.sdmx.org/resources/sdmxml/schemas/v2_1/common">Motion picture and video activities</Name>
        </Code>
        <Code id="N19211" urn="urn:sdmx:org.sdmx.infomodel.codelist.Code=ESTAT:CL_STS_ACTIVITY(1.0).N19211">
          <Name xml:lang="en" xmlns="http://www.sdmx.org/resources/sdmxml/schemas/v2_1/common">Motion picture and video production</Name>
        </Code>
        <Code id="N19212" urn="urn:sdmx:org.sdmx.infomodel.codelist.Code=ESTAT:CL_STS_ACTIVITY(1.0).N19212">
          <Name xml:lang="en" xmlns="http://www.sdmx.org/resources/sdmxml/schemas/v2_1/common">Motion picture and video distribution</Name>
        </Code>
        <Code id="N19213" urn="urn:sdmx:org.sdmx.infomodel.codelist.Code=ESTAT:CL_STS_ACTIVITY(1.0).N19213">
          <Name xml:lang="en" xmlns="http://www.sdmx.org/resources/sdmxml/schemas/v2_1/common">Motion picture projection</Name>
        </Code>
        <Code id="N19220" urn="urn:sdmx:org.sdmx.infomodel.codelist.Code=ESTAT:CL_STS_ACTIVITY(1.0).N19220">
          <Name xml:lang="en" xmlns="http://www.sdmx.org/resources/sdmxml/schemas/v2_1/common">Radio and television activities</Name>
        </Code>
        <Code id="N19230" urn="urn:sdmx:org.sdmx.infomodel.codelist.Code=ESTAT:CL_STS_ACTIVITY(1.0).N19230">
          <Name xml:lang="en" xmlns="http://www.sdmx.org/resources/sdmxml/schemas/v2_1/common">Other entertainment activities</Name>
        </Code>
        <Code id="N19231" urn="urn:sdmx:org.sdmx.infomodel.codelist.Code=ESTAT:CL_STS_ACTIVITY(1.0).N19231">
          <Name xml:lang="en" xmlns="http://www.sdmx.org/resources/sdmxml/schemas/v2_1/common">Artistic and literary creation and interpretation</Name>
        </Code>
        <Code id="N19232" urn="urn:sdmx:org.sdmx.infomodel.codelist.Code=ESTAT:CL_STS_ACTIVITY(1.0).N19232">
          <Name xml:lang="en" xmlns="http://www.sdmx.org/resources/sdmxml/schemas/v2_1/common">Operation of arts facilities</Name>
        </Code>
        <Code id="N19233" urn="urn:sdmx:org.sdmx.infomodel.codelist.Code=ESTAT:CL_STS_ACTIVITY(1.0).N19233">
          <Name xml:lang="en" xmlns="http://www.sdmx.org/resources/sdmxml/schemas/v2_1/common">Fair and amusement park activities</Name>
        </Code>
        <Code id="N19234" urn="urn:sdmx:org.sdmx.infomodel.codelist.Code=ESTAT:CL_STS_ACTIVITY(1.0).N19234">
          <Name xml:lang="en" xmlns="http://www.sdmx.org/resources/sdmxml/schemas/v2_1/common">Other entertainment activities n.e.c.</Name>
        </Code>
        <Code id="N19240" urn="urn:sdmx:org.sdmx.infomodel.codelist.Code=ESTAT:CL_STS_ACTIVITY(1.0).N19240">
          <Name xml:lang="en" xmlns="http://www.sdmx.org/resources/sdmxml/schemas/v2_1/common">News agency activities</Name>
        </Code>
        <Code id="N19250" urn="urn:sdmx:org.sdmx.infomodel.codelist.Code=ESTAT:CL_STS_ACTIVITY(1.0).N19250">
          <Name xml:lang="en" xmlns="http://www.sdmx.org/resources/sdmxml/schemas/v2_1/common">Library, archives, museums and other cultural activities</Name>
        </Code>
        <Code id="N19251" urn="urn:sdmx:org.sdmx.infomodel.codelist.Code=ESTAT:CL_STS_ACTIVITY(1.0).N19251">
          <Name xml:lang="en" xmlns="http://www.sdmx.org/resources/sdmxml/schemas/v2_1/common">Library and archives activities</Name>
        </Code>
        <Code id="N19252" urn="urn:sdmx:org.sdmx.infomodel.codelist.Code=ESTAT:CL_STS_ACTIVITY(1.0).N19252">
          <Name xml:lang="en" xmlns="http://www.sdmx.org/resources/sdmxml/schemas/v2_1/common">Museums activities and preservation of historical sites and buildings</Name>
        </Code>
        <Code id="N19253" urn="urn:sdmx:org.sdmx.infomodel.codelist.Code=ESTAT:CL_STS_ACTIVITY(1.0).N19253">
          <Name xml:lang="en" xmlns="http://www.sdmx.org/resources/sdmxml/schemas/v2_1/common">Botanical and zoological gardens and nature reserves activities</Name>
        </Code>
        <Code id="N19260" urn="urn:sdmx:org.sdmx.infomodel.codelist.Code=ESTAT:CL_STS_ACTIVITY(1.0).N19260">
          <Name xml:lang="en" xmlns="http://www.sdmx.org/resources/sdmxml/schemas/v2_1/common">Sporting activities</Name>
        </Code>
        <Code id="N19261" urn="urn:sdmx:org.sdmx.infomodel.codelist.Code=ESTAT:CL_STS_ACTIVITY(1.0).N19261">
          <Name xml:lang="en" xmlns="http://www.sdmx.org/resources/sdmxml/schemas/v2_1/common">Operation of sports arenas and stadiums</Name>
        </Code>
        <Code id="N19262" urn="urn:sdmx:org.sdmx.infomodel.codelist.Code=ESTAT:CL_STS_ACTIVITY(1.0).N19262">
          <Name xml:lang="en" xmlns="http://www.sdmx.org/resources/sdmxml/schemas/v2_1/common">Other sporting activities</Name>
        </Code>
        <Code id="N19270" urn="urn:sdmx:org.sdmx.infomodel.codelist.Code=ESTAT:CL_STS_ACTIVITY(1.0).N19270">
          <Name xml:lang="en" xmlns="http://www.sdmx.org/resources/sdmxml/schemas/v2_1/common">Other recreational activities</Name>
        </Code>
        <Code id="N19271" urn="urn:sdmx:org.sdmx.infomodel.codelist.Code=ESTAT:CL_STS_ACTIVITY(1.0).N19271">
          <Name xml:lang="en" xmlns="http://www.sdmx.org/resources/sdmxml/schemas/v2_1/common">Gambling and betting activities</Name>
        </Code>
        <Code id="N19272" urn="urn:sdmx:org.sdmx.infomodel.codelist.Code=ESTAT:CL_STS_ACTIVITY(1.0).N19272">
          <Name xml:lang="en" xmlns="http://www.sdmx.org/resources/sdmxml/schemas/v2_1/common">Other recreational activities n.e.c.</Name>
        </Code>
        <Code id="N19300" urn="urn:sdmx:org.sdmx.infomodel.codelist.Code=ESTAT:CL_STS_ACTIVITY(1.0).N19300">
          <Name xml:lang="en" xmlns="http://www.sdmx.org/resources/sdmxml/schemas/v2_1/common">Other service activities</Name>
        </Code>
        <Code id="N19301" urn="urn:sdmx:org.sdmx.infomodel.codelist.Code=ESTAT:CL_STS_ACTIVITY(1.0).N19301">
          <Name xml:lang="en" xmlns="http://www.sdmx.org/resources/sdmxml/schemas/v2_1/common">Washing and dry-cleaning of textile and fur products</Name>
        </Code>
        <Code id="N19302" urn="urn:sdmx:org.sdmx.infomodel.codelist.Code=ESTAT:CL_STS_ACTIVITY(1.0).N19302">
          <Name xml:lang="en" xmlns="http://www.sdmx.org/resources/sdmxml/schemas/v2_1/common">Hairdressing and other beauty treatment</Name>
        </Code>
        <Code id="N19303" urn="urn:sdmx:org.sdmx.infomodel.codelist.Code=ESTAT:CL_STS_ACTIVITY(1.0).N19303">
          <Name xml:lang="en" xmlns="http://www.sdmx.org/resources/sdmxml/schemas/v2_1/common">Funeral and related activities</Name>
        </Code>
        <Code id="N19304" urn="urn:sdmx:org.sdmx.infomodel.codelist.Code=ESTAT:CL_STS_ACTIVITY(1.0).N19304">
          <Name xml:lang="en" xmlns="http://www.sdmx.org/resources/sdmxml/schemas/v2_1/common">Physical well-being activities</Name>
        </Code>
        <Code id="N19305" urn="urn:sdmx:org.sdmx.infomodel.codelist.Code=ESTAT:CL_STS_ACTIVITY(1.0).N19305">
          <Name xml:lang="en" xmlns="http://www.sdmx.org/resources/sdmxml/schemas/v2_1/common">Other service activities n.e.c.</Name>
        </Code>
        <Code id="N19500" urn="urn:sdmx:org.sdmx.infomodel.codelist.Code=ESTAT:CL_STS_ACTIVITY(1.0).N19500">
          <Name xml:lang="en" xmlns="http://www.sdmx.org/resources/sdmxml/schemas/v2_1/common">Private households with employed persons</Name>
        </Code>
        <Code id="N19900" urn="urn:sdmx:org.sdmx.infomodel.codelist.Code=ESTAT:CL_STS_ACTIVITY(1.0).N19900">
          <Name xml:lang="en" xmlns="http://www.sdmx.org/resources/sdmxml/schemas/v2_1/common">Extra-territorial organizations and bodies</Name>
        </Code>
        <Code id="NS0001" urn="urn:sdmx:org.sdmx.infomodel.codelist.Code=ESTAT:CL_STS_ACTIVITY(1.0).NS0001">
          <Name xml:lang="en" xmlns="http://www.sdmx.org/resources/sdmxml/schemas/v2_1/common">Total market economy</Name>
        </Code>
        <Code id="NS0005" urn="urn:sdmx:org.sdmx.infomodel.codelist.Code=ESTAT:CL_STS_ACTIVITY(1.0).NS0005">
          <Name xml:lang="en" xmlns="http://www.sdmx.org/resources/sdmxml/schemas/v2_1/common">Industry, construction and Trade</Name>
        </Code>
        <Code id="NS0006" urn="urn:sdmx:org.sdmx.infomodel.codelist.Code=ESTAT:CL_STS_ACTIVITY(1.0).NS0006">
          <Name xml:lang="en" xmlns="http://www.sdmx.org/resources/sdmxml/schemas/v2_1/common">Industry without construction and Retail Trade</Name>
        </Code>
        <Code id="NS0010" urn="urn:sdmx:org.sdmx.infomodel.codelist.Code=ESTAT:CL_STS_ACTIVITY(1.0).NS0010">
          <Name xml:lang="en" xmlns="http://www.sdmx.org/resources/sdmxml/schemas/v2_1/common">Industry and Construction</Name>
        </Code>
        <Code id="NS0020" urn="urn:sdmx:org.sdmx.infomodel.codelist.Code=ESTAT:CL_STS_ACTIVITY(1.0).NS0020">
          <Name xml:lang="en" xmlns="http://www.sdmx.org/resources/sdmxml/schemas/v2_1/common">Total industry (excluding construction)</Name>
        </Code>
        <Code id="NS0021" urn="urn:sdmx:org.sdmx.infomodel.codelist.Code=ESTAT:CL_STS_ACTIVITY(1.0).NS0021">
          <Name xml:lang="en" xmlns="http://www.sdmx.org/resources/sdmxml/schemas/v2_1/common">Total Industry excluding MIG Energy</Name>
        </Code>
        <Code id="NS0030" urn="urn:sdmx:org.sdmx.infomodel.codelist.Code=ESTAT:CL_STS_ACTIVITY(1.0).NS0030">
          <Name xml:lang="en" xmlns="http://www.sdmx.org/resources/sdmxml/schemas/v2_1/common">Mining, Quarrying and Manufacturing</Name>
        </Code>
        <Code id="NS0040" urn="urn:sdmx:org.sdmx.infomodel.codelist.Code=ESTAT:CL_STS_ACTIVITY(1.0).NS0040">
          <Name xml:lang="en" xmlns="http://www.sdmx.org/resources/sdmxml/schemas/v2_1/common">MIG Intermediate Goods Industry</Name>
        </Code>
        <Code id="NS0050" urn="urn:sdmx:org.sdmx.infomodel.codelist.Code=ESTAT:CL_STS_ACTIVITY(1.0).NS0050">
          <Name xml:lang="en" xmlns="http://www.sdmx.org/resources/sdmxml/schemas/v2_1/common">MIG Capital Goods Industry</Name>
        </Code>
        <Code id="NS0060" urn="urn:sdmx:org.sdmx.infomodel.codelist.Code=ESTAT:CL_STS_ACTIVITY(1.0).NS0060">
          <Name xml:lang="en" xmlns="http://www.sdmx.org/resources/sdmxml/schemas/v2_1/common">MIG Durable Consumer Goods Industry</Name>
        </Code>
        <Code id="NS0070" urn="urn:sdmx:org.sdmx.infomodel.codelist.Code=ESTAT:CL_STS_ACTIVITY(1.0).NS0070">
          <Name xml:lang="en" xmlns="http://www.sdmx.org/resources/sdmxml/schemas/v2_1/common">MIG Non-durable Goods Industry</Name>
        </Code>
        <Code id="NS0080" urn="urn:sdmx:org.sdmx.infomodel.codelist.Code=ESTAT:CL_STS_ACTIVITY(1.0).NS0080">
          <Name xml:lang="en" xmlns="http://www.sdmx.org/resources/sdmxml/schemas/v2_1/common">Consumer goods industry</Name>
        </Code>
        <Code id="NS0090" urn="urn:sdmx:org.sdmx.infomodel.codelist.Code=ESTAT:CL_STS_ACTIVITY(1.0).NS0090">
          <Name xml:lang="en" xmlns="http://www.sdmx.org/resources/sdmxml/schemas/v2_1/common">MIG Energy</Name>
        </Code>
        <Code id="NS0091" urn="urn:sdmx:org.sdmx.infomodel.codelist.Code=ESTAT:CL_STS_ACTIVITY(1.0).NS0091">
          <Name xml:lang="en" xmlns="http://www.sdmx.org/resources/sdmxml/schemas/v2_1/common">Energy excluding NACE Rev.1 Section E</Name>
        </Code>
        <Code id="NS00K1" urn="urn:sdmx:org.sdmx.infomodel.codelist.Code=ESTAT:CL_STS_ACTIVITY(1.0).NS00K1">
          <Name xml:lang="en" xmlns="http://www.sdmx.org/resources/sdmxml/schemas/v2_1/common">Business Activities (without 70, 71 and 73)</Name>
        </Code>
        <Code id="NS4600" urn="urn:sdmx:org.sdmx.infomodel.codelist.Code=ESTAT:CL_STS_ACTIVITY(1.0).NS4600">
          <Name xml:lang="en" xmlns="http://www.sdmx.org/resources/sdmxml/schemas/v2_1/common">Buildings</Name>
        </Code>
        <Code id="NS4610" urn="urn:sdmx:org.sdmx.infomodel.codelist.Code=ESTAT:CL_STS_ACTIVITY(1.0).NS4610">
          <Name xml:lang="en" xmlns="http://www.sdmx.org/resources/sdmxml/schemas/v2_1/common">Residential buildings (4611?</Name>
        </Code>
        <Code id="NS4611" urn="urn:sdmx:org.sdmx.infomodel.codelist.Code=ESTAT:CL_STS_ACTIVITY(1.0).NS4611">
          <Name xml:lang="en" xmlns="http://www.sdmx.org/resources/sdmxml/schemas/v2_1/common">One-dwelling buildings</Name>
        </Code>
        <Code id="NS4612" urn="urn:sdmx:org.sdmx.infomodel.codelist.Code=ESTAT:CL_STS_ACTIVITY(1.0).NS4612">
          <Name xml:lang="en" xmlns="http://www.sdmx.org/resources/sdmxml/schemas/v2_1/common">Two and more dwelling buildings</Name>
        </Code>
        <Code id="NS4613" urn="urn:sdmx:org.sdmx.infomodel.codelist.Code=ESTAT:CL_STS_ACTIVITY(1.0).NS4613">
          <Name xml:lang="en" xmlns="http://www.sdmx.org/resources/sdmxml/schemas/v2_1/common">Residencies for communities</Name>
        </Code>
        <Code id="NS4620" urn="urn:sdmx:org.sdmx.infomodel.codelist.Code=ESTAT:CL_STS_ACTIVITY(1.0).NS4620">
          <Name xml:lang="en" xmlns="http://www.sdmx.org/resources/sdmxml/schemas/v2_1/common">Non-residential buildings</Name>
        </Code>
        <Code id="NS4621" urn="urn:sdmx:org.sdmx.infomodel.codelist.Code=ESTAT:CL_STS_ACTIVITY(1.0).NS4621">
          <Name xml:lang="en" xmlns="http://www.sdmx.org/resources/sdmxml/schemas/v2_1/common">Office buildings</Name>
        </Code>
        <Code id="NS4629" urn="urn:sdmx:org.sdmx.infomodel.codelist.Code=ESTAT:CL_STS_ACTIVITY(1.0).NS4629">
          <Name xml:lang="en" xmlns="http://www.sdmx.org/resources/sdmxml/schemas/v2_1/common">Other non-residential buildings</Name>
        </Code>
        <Code id="NS4700" urn="urn:sdmx:org.sdmx.infomodel.codelist.Code=ESTAT:CL_STS_ACTIVITY(1.0).NS4700">
          <Name xml:lang="en" xmlns="http://www.sdmx.org/resources/sdmxml/schemas/v2_1/common">Civil Engineering Works</Name>
        </Code>
        <Code id="NS5001" urn="urn:sdmx:org.sdmx.infomodel.codelist.Code=ESTAT:CL_STS_ACTIVITY(1.0).NS5001">
          <Name xml:lang="en" xmlns="http://www.sdmx.org/resources/sdmxml/schemas/v2_1/common">Sale of motor vehicles, vehicle parts and motorcycles</Name>
        </Code>
        <Code id="NS5201" urn="urn:sdmx:org.sdmx.infomodel.codelist.Code=ESTAT:CL_STS_ACTIVITY(1.0).NS5201">
          <Name xml:lang="en" xmlns="http://www.sdmx.org/resources/sdmxml/schemas/v2_1/common">Retail trade</Name>
        </Code>
        <Code id="NS5202" urn="urn:sdmx:org.sdmx.infomodel.codelist.Code=ESTAT:CL_STS_ACTIVITY(1.0).NS5202">
          <Name xml:lang="en" xmlns="http://www.sdmx.org/resources/sdmxml/schemas/v2_1/common">Retail sale of food, beverages and tobacco</Name>
        </Code>
        <Code id="NS5203" urn="urn:sdmx:org.sdmx.infomodel.codelist.Code=ESTAT:CL_STS_ACTIVITY(1.0).NS5203">
          <Name xml:lang="en" xmlns="http://www.sdmx.org/resources/sdmxml/schemas/v2_1/common">Retail sale of non food products</Name>
        </Code>
        <Code id="NS5204" urn="urn:sdmx:org.sdmx.infomodel.codelist.Code=ESTAT:CL_STS_ACTIVITY(1.0).NS5204">
          <Name xml:lang="en" xmlns="http://www.sdmx.org/resources/sdmxml/schemas/v2_1/common">Retail sale of textiles, clothing, footwear &amp; leather goods</Name>
        </Code>
        <Code id="NS5205" urn="urn:sdmx:org.sdmx.infomodel.codelist.Code=ESTAT:CL_STS_ACTIVITY(1.0).NS5205">
          <Name xml:lang="en" xmlns="http://www.sdmx.org/resources/sdmxml/schemas/v2_1/common">Retail sale of household equipment</Name>
        </Code>
        <Code id="NS5206" urn="urn:sdmx:org.sdmx.infomodel.codelist.Code=ESTAT:CL_STS_ACTIVITY(1.0).NS5206">
          <Name xml:lang="en" xmlns="http://www.sdmx.org/resources/sdmxml/schemas/v2_1/common">Retail sale of books, newspapers and other</Name>
        </Code>
        <Code id="NS7401" urn="urn:sdmx:org.sdmx.infomodel.codelist.Code=ESTAT:CL_STS_ACTIVITY(1.0).NS7401">
          <Name xml:lang="en" xmlns="http://www.sdmx.org/resources/sdmxml/schemas/v2_1/common">Legal, accounting, book-keeping &amp; auditing activities; tax consultancy; market research, public opinion polling; business &amp; management consultancy</Name>
        </Code>
        <Code id="NS7402" urn="urn:sdmx:org.sdmx.infomodel.codelist.Code=ESTAT:CL_STS_ACTIVITY(1.0).NS7402">
          <Name xml:lang="en" xmlns="http://www.sdmx.org/resources/sdmxml/schemas/v2_1/common">Architectural and engineering activities; technical testing and analysis</Name>
        </Code>
      </Codelist>
      <Codelist id="CL_STS_BASE_YEAR" urn="urn:sdmx:org.sdmx.infomodel.codelist.Codelist=ESTAT:CL_STS_BASE_YEAR(1.0)" agencyID="ESTAT" version="1.0" validFrom="2007-01-01T00:00:00" validTo="2007-12-31T00:00:00" isFinal="true">
        <Name xml:lang="en" xmlns="http://www.sdmx.org/resources/sdmxml/schemas/v2_1/common">Suffix in short-term stats context code list</Name>
        <Code id="0000" urn="urn:sdmx:org.sdmx.infomodel.codelist.Code=ESTAT:CL_STS_BASE_YEAR(1.0).0000">
          <Name xml:lang="en" xmlns="http://www.sdmx.org/resources/sdmxml/schemas/v2_1/common">Unspecified</Name>
        </Code>
        <Code id="1980" urn="urn:sdmx:org.sdmx.infomodel.codelist.Code=ESTAT:CL_STS_BASE_YEAR(1.0).1980">
          <Name xml:lang="en" xmlns="http://www.sdmx.org/resources/sdmxml/schemas/v2_1/common">Year 1980</Name>
        </Code>
        <Code id="1981" urn="urn:sdmx:org.sdmx.infomodel.codelist.Code=ESTAT:CL_STS_BASE_YEAR(1.0).1981">
          <Name xml:lang="en" xmlns="http://www.sdmx.org/resources/sdmxml/schemas/v2_1/common">Year 1981</Name>
        </Code>
        <Code id="1982" urn="urn:sdmx:org.sdmx.infomodel.codelist.Code=ESTAT:CL_STS_BASE_YEAR(1.0).1982">
          <Name xml:lang="en" xmlns="http://www.sdmx.org/resources/sdmxml/schemas/v2_1/common">Year 1982</Name>
        </Code>
        <Code id="1989" urn="urn:sdmx:org.sdmx.infomodel.codelist.Code=ESTAT:CL_STS_BASE_YEAR(1.0).1989">
          <Name xml:lang="en" xmlns="http://www.sdmx.org/resources/sdmxml/schemas/v2_1/common">Year 1989</Name>
        </Code>
        <Code id="1990" urn="urn:sdmx:org.sdmx.infomodel.codelist.Code=ESTAT:CL_STS_BASE_YEAR(1.0).1990">
          <Name xml:lang="en" xmlns="http://www.sdmx.org/resources/sdmxml/schemas/v2_1/common">Year 1990</Name>
        </Code>
        <Code id="1991" urn="urn:sdmx:org.sdmx.infomodel.codelist.Code=ESTAT:CL_STS_BASE_YEAR(1.0).1991">
          <Name xml:lang="en" xmlns="http://www.sdmx.org/resources/sdmxml/schemas/v2_1/common">Year 1991</Name>
        </Code>
        <Code id="1992" urn="urn:sdmx:org.sdmx.infomodel.codelist.Code=ESTAT:CL_STS_BASE_YEAR(1.0).1992">
          <Name xml:lang="en" xmlns="http://www.sdmx.org/resources/sdmxml/schemas/v2_1/common">Year 1992</Name>
        </Code>
        <Code id="1993" urn="urn:sdmx:org.sdmx.infomodel.codelist.Code=ESTAT:CL_STS_BASE_YEAR(1.0).1993">
          <Name xml:lang="en" xmlns="http://www.sdmx.org/resources/sdmxml/schemas/v2_1/common">Year 1993</Name>
        </Code>
        <Code id="1994" urn="urn:sdmx:org.sdmx.infomodel.codelist.Code=ESTAT:CL_STS_BASE_YEAR(1.0).1994">
          <Name xml:lang="en" xmlns="http://www.sdmx.org/resources/sdmxml/schemas/v2_1/common">Year 1994</Name>
        </Code>
        <Code id="1995" urn="urn:sdmx:org.sdmx.infomodel.codelist.Code=ESTAT:CL_STS_BASE_YEAR(1.0).1995">
          <Name xml:lang="en" xmlns="http://www.sdmx.org/resources/sdmxml/schemas/v2_1/common">Year 1995</Name>
        </Code>
        <Code id="1996" urn="urn:sdmx:org.sdmx.infomodel.codelist.Code=ESTAT:CL_STS_BASE_YEAR(1.0).1996">
          <Name xml:lang="en" xmlns="http://www.sdmx.org/resources/sdmxml/schemas/v2_1/common">Year 1996</Name>
        </Code>
        <Code id="1997" urn="urn:sdmx:org.sdmx.infomodel.codelist.Code=ESTAT:CL_STS_BASE_YEAR(1.0).1997">
          <Name xml:lang="en" xmlns="http://www.sdmx.org/resources/sdmxml/schemas/v2_1/common">Year 1997</Name>
        </Code>
        <Code id="1998" urn="urn:sdmx:org.sdmx.infomodel.codelist.Code=ESTAT:CL_STS_BASE_YEAR(1.0).1998">
          <Name xml:lang="en" xmlns="http://www.sdmx.org/resources/sdmxml/schemas/v2_1/common">Year 1998</Name>
        </Code>
        <Code id="1999" urn="urn:sdmx:org.sdmx.infomodel.codelist.Code=ESTAT:CL_STS_BASE_YEAR(1.0).1999">
          <Name xml:lang="en" xmlns="http://www.sdmx.org/resources/sdmxml/schemas/v2_1/common">Year 1999</Name>
        </Code>
        <Code id="2000" urn="urn:sdmx:org.sdmx.infomodel.codelist.Code=ESTAT:CL_STS_BASE_YEAR(1.0).2000">
          <Name xml:lang="en" xmlns="http://www.sdmx.org/resources/sdmxml/schemas/v2_1/common">Year 2000</Name>
        </Code>
        <Code id="2001" urn="urn:sdmx:org.sdmx.infomodel.codelist.Code=ESTAT:CL_STS_BASE_YEAR(1.0).2001">
          <Name xml:lang="en" xmlns="http://www.sdmx.org/resources/sdmxml/schemas/v2_1/common">Year 2001</Name>
        </Code>
        <Code id="2002" urn="urn:sdmx:org.sdmx.infomodel.codelist.Code=ESTAT:CL_STS_BASE_YEAR(1.0).2002">
          <Name xml:lang="en" xmlns="http://www.sdmx.org/resources/sdmxml/schemas/v2_1/common">Year 2002</Name>
        </Code>
        <Code id="2003" urn="urn:sdmx:org.sdmx.infomodel.codelist.Code=ESTAT:CL_STS_BASE_YEAR(1.0).2003">
          <Name xml:lang="en" xmlns="http://www.sdmx.org/resources/sdmxml/schemas/v2_1/common">Year 2003</Name>
        </Code>
        <Code id="2004" urn="urn:sdmx:org.sdmx.infomodel.codelist.Code=ESTAT:CL_STS_BASE_YEAR(1.0).2004">
          <Name xml:lang="en" xmlns="http://www.sdmx.org/resources/sdmxml/schemas/v2_1/common">Year 2004</Name>
        </Code>
        <Code id="2005" urn="urn:sdmx:org.sdmx.infomodel.codelist.Code=ESTAT:CL_STS_BASE_YEAR(1.0).2005">
          <Name xml:lang="en" xmlns="http://www.sdmx.org/resources/sdmxml/schemas/v2_1/common">Year 2005</Name>
        </Code>
        <Code id="ABS0" urn="urn:sdmx:org.sdmx.infomodel.codelist.Code=ESTAT:CL_STS_BASE_YEAR(1.0).ABS0">
          <Name xml:lang="en" xmlns="http://www.sdmx.org/resources/sdmxml/schemas/v2_1/common">Absolute value</Name>
        </Code>
        <Code id="ANR0" urn="urn:sdmx:org.sdmx.infomodel.codelist.Code=ESTAT:CL_STS_BASE_YEAR(1.0).ANR0">
          <Name xml:lang="en" xmlns="http://www.sdmx.org/resources/sdmxml/schemas/v2_1/common">Annual rate of change</Name>
        </Code>
      </Codelist>
      <Codelist id="CL_STS_INDICATOR" urn="urn:sdmx:org.sdmx.infomodel.codelist.Codelist=ESTAT:CL_STS_INDICATOR(1.0)" agencyID="ESTAT" version="1.0" validFrom="2007-01-01T00:00:00" validTo="2007-12-31T00:00:00" isFinal="true">
        <Name xml:lang="en" xmlns="http://www.sdmx.org/resources/sdmxml/schemas/v2_1/common">Indicators index code</Name>
        <Code id="CREG" urn="urn:sdmx:org.sdmx.infomodel.codelist.Code=ESTAT:CL_STS_INDICATOR(1.0).CREG">
          <Name xml:lang="en" xmlns="http://www.sdmx.org/resources/sdmxml/schemas/v2_1/common">Car registrations (not in STS Regulation)</Name>
        </Code>
        <Code id="CSTI" urn="urn:sdmx:org.sdmx.infomodel.codelist.Code=ESTAT:CL_STS_INDICATOR(1.0).CSTI">
          <Name xml:lang="en" xmlns="http://www.sdmx.org/resources/sdmxml/schemas/v2_1/common">Construction costs (variable 320)</Name>
        </Code>
        <Code id="CSTL" urn="urn:sdmx:org.sdmx.infomodel.codelist.Code=ESTAT:CL_STS_INDICATOR(1.0).CSTL">
          <Name xml:lang="en" xmlns="http://www.sdmx.org/resources/sdmxml/schemas/v2_1/common">Labour costs (variable (322)</Name>
        </Code>
        <Code id="CSTM" urn="urn:sdmx:org.sdmx.infomodel.codelist.Code=ESTAT:CL_STS_INDICATOR(1.0).CSTM">
          <Name xml:lang="en" xmlns="http://www.sdmx.org/resources/sdmxml/schemas/v2_1/common">Material costs (variable 321)</Name>
        </Code>
        <Code id="CSTO" urn="urn:sdmx:org.sdmx.infomodel.codelist.Code=ESTAT:CL_STS_INDICATOR(1.0).CSTO">
          <Name xml:lang="en" xmlns="http://www.sdmx.org/resources/sdmxml/schemas/v2_1/common">Output prices for construction (variable 310) (approximation for construction costs, variable 320)</Name>
        </Code>
        <Code id="DEFL" urn="urn:sdmx:org.sdmx.infomodel.codelist.Code=ESTAT:CL_STS_INDICATOR(1.0).DEFL">
          <Name xml:lang="en" xmlns="http://www.sdmx.org/resources/sdmxml/schemas/v2_1/common">Deflator of sales (variable 330)</Name>
        </Code>
        <Code id="EMPL" urn="urn:sdmx:org.sdmx.infomodel.codelist.Code=ESTAT:CL_STS_INDICATOR(1.0).EMPL">
          <Name xml:lang="en" xmlns="http://www.sdmx.org/resources/sdmxml/schemas/v2_1/common">Number of persons employed (variable 210)(can be approximated by numbe:r of employees, variable 211)</Name>
        </Code>
        <Code id="HOWK" urn="urn:sdmx:org.sdmx.infomodel.codelist.Code=ESTAT:CL_STS_INDICATOR(1.0).HOWK">
          <Name xml:lang="en" xmlns="http://www.sdmx.org/resources/sdmxml/schemas/v2_1/common">Hours worked (variable 220)</Name>
        </Code>
        <Code id="IMPR" urn="urn:sdmx:org.sdmx.infomodel.codelist.Code=ESTAT:CL_STS_INDICATOR(1.0).IMPR">
          <Name xml:lang="en" xmlns="http://www.sdmx.org/resources/sdmxml/schemas/v2_1/common">Import prices (currently not in STS Regulation)</Name>
        </Code>
        <Code id="ORDD" urn="urn:sdmx:org.sdmx.infomodel.codelist.Code=ESTAT:CL_STS_INDICATOR(1.0).ORDD">
          <Name xml:lang="en" xmlns="http://www.sdmx.org/resources/sdmxml/schemas/v2_1/common">New orders received, domestic market (variable 131)</Name>
        </Code>
        <Code id="ORDE" urn="urn:sdmx:org.sdmx.infomodel.codelist.Code=ESTAT:CL_STS_INDICATOR(1.0).ORDE">
          <Name xml:lang="en" xmlns="http://www.sdmx.org/resources/sdmxml/schemas/v2_1/common">New orders received, non-domestic market (variable 132)</Name>
        </Code>
        <Code id="ORDT" urn="urn:sdmx:org.sdmx.infomodel.codelist.Code=ESTAT:CL_STS_INDICATOR(1.0).ORDT">
          <Name xml:lang="en" xmlns="http://www.sdmx.org/resources/sdmxml/schemas/v2_1/common">New orders received (total) (variables 130, 135, 136)</Name>
        </Code>
        <Code id="PNUM" urn="urn:sdmx:org.sdmx.infomodel.codelist.Code=ESTAT:CL_STS_INDICATOR(1.0).PNUM">
          <Name xml:lang="en" xmlns="http://www.sdmx.org/resources/sdmxml/schemas/v2_1/common">Building permits, number of dwellings (variable 411)</Name>
        </Code>
        <Code id="PREN" urn="urn:sdmx:org.sdmx.infomodel.codelist.Code=ESTAT:CL_STS_INDICATOR(1.0).PREN">
          <Name xml:lang="en" xmlns="http://www.sdmx.org/resources/sdmxml/schemas/v2_1/common">Output prices, non-domestic market (variable 312) (can be approximated by unit value index, variable 313)</Name>
        </Code>
        <Code id="PRIN" urn="urn:sdmx:org.sdmx.infomodel.codelist.Code=ESTAT:CL_STS_INDICATOR(1.0).PRIN">
          <Name xml:lang="en" xmlns="http://www.sdmx.org/resources/sdmxml/schemas/v2_1/common">Output prices, domestic market (variable 311)</Name>
        </Code>
        <Code id="PROD" urn="urn:sdmx:org.sdmx.infomodel.codelist.Code=ESTAT:CL_STS_INDICATOR(1.0).PROD">
          <Name xml:lang="en" xmlns="http://www.sdmx.org/resources/sdmxml/schemas/v2_1/common">Production (variables 110, 115, 116)</Name>
        </Code>
        <Code id="PRON" urn="urn:sdmx:org.sdmx.infomodel.codelist.Code=ESTAT:CL_STS_INDICATOR(1.0).PRON">
          <Name xml:lang="en" xmlns="http://www.sdmx.org/resources/sdmxml/schemas/v2_1/common">Output prices for industry (total) (variable 310)</Name>
        </Code>
        <Code id="PSQM" urn="urn:sdmx:org.sdmx.infomodel.codelist.Code=ESTAT:CL_STS_INDICATOR(1.0).PSQM">
          <Name xml:lang="en" xmlns="http://www.sdmx.org/resources/sdmxml/schemas/v2_1/common">Building permits square metres of useful floor area (variable 412)</Name>
        </Code>
        <Code id="TOVD" urn="urn:sdmx:org.sdmx.infomodel.codelist.Code=ESTAT:CL_STS_INDICATOR(1.0).TOVD">
          <Name xml:lang="en" xmlns="http://www.sdmx.org/resources/sdmxml/schemas/v2_1/common">Turnover, domestic market (non-deflated) (variable 121)</Name>
        </Code>
        <Code id="TOVE" urn="urn:sdmx:org.sdmx.infomodel.codelist.Code=ESTAT:CL_STS_INDICATOR(1.0).TOVE">
          <Name xml:lang="en" xmlns="http://www.sdmx.org/resources/sdmxml/schemas/v2_1/common">Turnover, non-domestic market (non-deflated) (variable 122)</Name>
        </Code>
        <Code id="TOVT" urn="urn:sdmx:org.sdmx.infomodel.codelist.Code=ESTAT:CL_STS_INDICATOR(1.0).TOVT">
          <Name xml:lang="en" xmlns="http://www.sdmx.org/resources/sdmxml/schemas/v2_1/common">Turnover (total turnover, non-deflated) (variable 120)</Name>
        </Code>
        <Code id="TOVV" urn="urn:sdmx:org.sdmx.infomodel.codelist.Code=ESTAT:CL_STS_INDICATOR(1.0).TOVV">
          <Name xml:lang="en" xmlns="http://www.sdmx.org/resources/sdmxml/schemas/v2_1/common">Turnover deflated (volume of sales) (variable 123)</Name>
        </Code>
        <Code id="UVEX" urn="urn:sdmx:org.sdmx.infomodel.codelist.Code=ESTAT:CL_STS_INDICATOR(1.0).UVEX">
          <Name xml:lang="en" xmlns="http://www.sdmx.org/resources/sdmxml/schemas/v2_1/common">Unit values for exports (currently not in STS Regulation)</Name>
        </Code>
        <Code id="UVIM" urn="urn:sdmx:org.sdmx.infomodel.codelist.Code=ESTAT:CL_STS_INDICATOR(1.0).UVIM">
          <Name xml:lang="en" xmlns="http://www.sdmx.org/resources/sdmxml/schemas/v2_1/common">Unit values of imports (currently not in STS Regulation)</Name>
        </Code>
        <Code id="WAGE" urn="urn:sdmx:org.sdmx.infomodel.codelist.Code=ESTAT:CL_STS_INDICATOR(1.0).WAGE">
          <Name xml:lang="en" xmlns="http://www.sdmx.org/resources/sdmxml/schemas/v2_1/common">Gross wages and salaries (variable 230)</Name>
        </Code>
      </Codelist>
      <Codelist id="CL_STS_INSTITUTION" urn="urn:sdmx:org.sdmx.infomodel.codelist.Codelist=ESTAT:CL_STS_INSTITUTION(1.0)" agencyID="ESTAT" version="1.0" validFrom="2007-01-01T00:00:00" validTo="2007-12-31T00:00:00" isFinal="true">
        <Name xml:lang="en" xmlns="http://www.sdmx.org/resources/sdmxml/schemas/v2_1/common">Institution originating STS dataflow code list (ECB)</Name>
        <Code id="1" urn="urn:sdmx:org.sdmx.infomodel.codelist.Code=ESTAT:CL_STS_INSTITUTION(1.0).1">
          <Name xml:lang="en" xmlns="http://www.sdmx.org/resources/sdmxml/schemas/v2_1/common">National Statistical Office(s)</Name>
        </Code>
        <Code id="2" urn="urn:sdmx:org.sdmx.infomodel.codelist.Code=ESTAT:CL_STS_INSTITUTION(1.0).2">
          <Name xml:lang="en" xmlns="http://www.sdmx.org/resources/sdmxml/schemas/v2_1/common">National Central Bank</Name>
        </Code>
        <Code id="3" urn="urn:sdmx:org.sdmx.infomodel.codelist.Code=ESTAT:CL_STS_INSTITUTION(1.0).3">
          <Name xml:lang="en" xmlns="http://www.sdmx.org/resources/sdmxml/schemas/v2_1/common">European Central Bank</Name>
        </Code>
        <Code id="4" urn="urn:sdmx:org.sdmx.infomodel.codelist.Code=ESTAT:CL_STS_INSTITUTION(1.0).4">
          <Name xml:lang="en" xmlns="http://www.sdmx.org/resources/sdmxml/schemas/v2_1/common">Eurostat</Name>
        </Code>
        <Code id="5" urn="urn:sdmx:org.sdmx.infomodel.codelist.Code=ESTAT:CL_STS_INSTITUTION(1.0).5">
          <Name xml:lang="en" xmlns="http://www.sdmx.org/resources/sdmxml/schemas/v2_1/common">Other (see attributes for more information)</Name>
        </Code>
      </Codelist>
      <Codelist id="CL_TIME_FORMAT" urn="urn:sdmx:org.sdmx.infomodel.codelist.Codelist=ESTAT:CL_TIME_FORMAT(1.0)" agencyID="ESTAT" version="1.0" validFrom="2007-01-01T00:00:00" validTo="2007-12-31T00:00:00" isFinal="true">
        <Name xml:lang="en" xmlns="http://www.sdmx.org/resources/sdmxml/schemas/v2_1/common">Time Format</Name>
        <Code id="P1Y" urn="urn:sdmx:org.sdmx.infomodel.codelist.Code=ESTAT:CL_TIME_FORMAT(1.0).P1Y">
          <Name xml:lang="en" xmlns="http://www.sdmx.org/resources/sdmxml/schemas/v2_1/common">Annual</Name>
        </Code>
        <Code id="P6M" urn="urn:sdmx:org.sdmx.infomodel.codelist.Code=ESTAT:CL_TIME_FORMAT(1.0).P6M">
          <Name xml:lang="en" xmlns="http://www.sdmx.org/resources/sdmxml/schemas/v2_1/common">Semi-Annual</Name>
        </Code>
        <Code id="P3M" urn="urn:sdmx:org.sdmx.infomodel.codelist.Code=ESTAT:CL_TIME_FORMAT(1.0).P3M">
          <Name xml:lang="en" xmlns="http://www.sdmx.org/resources/sdmxml/schemas/v2_1/common">Quarterly</Name>
        </Code>
        <Code id="P1M" urn="urn:sdmx:org.sdmx.infomodel.codelist.Code=ESTAT:CL_TIME_FORMAT(1.0).P1M">
          <Name xml:lang="en" xmlns="http://www.sdmx.org/resources/sdmxml/schemas/v2_1/common">Monthly</Name>
        </Code>
        <Code id="P7D" urn="urn:sdmx:org.sdmx.infomodel.codelist.Code=ESTAT:CL_TIME_FORMAT(1.0).P7D">
          <Name xml:lang="en" xmlns="http://www.sdmx.org/resources/sdmxml/schemas/v2_1/common">Weekly</Name>
        </Code>
        <Code id="P1D" urn="urn:sdmx:org.sdmx.infomodel.codelist.Code=ESTAT:CL_TIME_FORMAT(1.0).P1D">
          <Name xml:lang="en" xmlns="http://www.sdmx.org/resources/sdmxml/schemas/v2_1/common">Daily</Name>
        </Code>
        <Code id="PT1M" urn="urn:sdmx:org.sdmx.infomodel.codelist.Code=ESTAT:CL_TIME_FORMAT(1.0).PT1M">
          <Name xml:lang="en" xmlns="http://www.sdmx.org/resources/sdmxml/schemas/v2_1/common">Minutely</Name>
        </Code>
      </Codelist>
      <Codelist id="CL_UNIT_MULT" urn="urn:sdmx:org.sdmx.infomodel.codelist.Codelist=ESTAT:CL_UNIT_MULT(1.0)" agencyID="ESTAT" version="1.0" validFrom="2007-01-01T00:00:00" validTo="2007-12-31T00:00:00" isFinal="true">
        <Name xml:lang="en" xmlns="http://www.sdmx.org/resources/sdmxml/schemas/v2_1/common">Unit multiplier code list</Name>
        <Code id="0" urn="urn:sdmx:org.sdmx.infomodel.codelist.Code=ESTAT:CL_UNIT_MULT(1.0).0">
          <Name xml:lang="en" xmlns="http://www.sdmx.org/resources/sdmxml/schemas/v2_1/common">Units</Name>
        </Code>
        <Code id="1" urn="urn:sdmx:org.sdmx.infomodel.codelist.Code=ESTAT:CL_UNIT_MULT(1.0).1">
          <Name xml:lang="en" xmlns="http://www.sdmx.org/resources/sdmxml/schemas/v2_1/common">Tens</Name>
        </Code>
        <Code id="2" urn="urn:sdmx:org.sdmx.infomodel.codelist.Code=ESTAT:CL_UNIT_MULT(1.0).2">
          <Name xml:lang="en" xmlns="http://www.sdmx.org/resources/sdmxml/schemas/v2_1/common">Hundreds</Name>
        </Code>
        <Code id="3" urn="urn:sdmx:org.sdmx.infomodel.codelist.Code=ESTAT:CL_UNIT_MULT(1.0).3">
          <Name xml:lang="en" xmlns="http://www.sdmx.org/resources/sdmxml/schemas/v2_1/common">Thousands</Name>
        </Code>
        <Code id="4" urn="urn:sdmx:org.sdmx.infomodel.codelist.Code=ESTAT:CL_UNIT_MULT(1.0).4">
          <Name xml:lang="en" xmlns="http://www.sdmx.org/resources/sdmxml/schemas/v2_1/common">Tens of thousands</Name>
        </Code>
        <Code id="6" urn="urn:sdmx:org.sdmx.infomodel.codelist.Code=ESTAT:CL_UNIT_MULT(1.0).6">
          <Name xml:lang="en" xmlns="http://www.sdmx.org/resources/sdmxml/schemas/v2_1/common">Millions</Name>
        </Code>
        <Code id="9" urn="urn:sdmx:org.sdmx.infomodel.codelist.Code=ESTAT:CL_UNIT_MULT(1.0).9">
          <Name xml:lang="en" xmlns="http://www.sdmx.org/resources/sdmxml/schemas/v2_1/common">Billions</Name>
        </Code>
      </Codelist>
    </Codelists>
    <Concepts xmlns="http://www.sdmx.org/resources/sdmxml/schemas/v2_1/structure">
      <ConceptScheme id="STS_SCHEME" urn="urn:sdmx:org.sdmx.infomodel.conceptscheme.ConceptScheme=ESTAT:STS_SCHEME(1.0)" agencyID="ESTAT" version="1.0" validFrom="2007-01-01T00:00:00" validTo="2007-12-31T00:00:00" isFinal="true">
        <Name xml:lang="en" xmlns="http://www.sdmx.org/resources/sdmxml/schemas/v2_1/common">Short Term Statistics Concepts</Name>
        <Concept id="ADJUSTMENT" urn="urn:sdmx:org.sdmx.infomodel.conceptscheme.Concept=ESTAT:STS_SCHEME(1.0).ADJUSTMENT">
          <Name xml:lang="en" xmlns="http://www.sdmx.org/resources/sdmxml/schemas/v2_1/common">Adjustment indicator</Name>
          <Description xml:lang="en" xmlns="http://www.sdmx.org/resources/sdmxml/schemas/v2_1/common">Adjustment indicator</Description>
        </Concept>
        <Concept id="AVAILABILITY" urn="urn:sdmx:org.sdmx.infomodel.conceptscheme.Concept=ESTAT:STS_SCHEME(1.0).AVAILABILITY">
          <Name xml:lang="en" xmlns="http://www.sdmx.org/resources/sdmxml/schemas/v2_1/common">Availability</Name>
          <Description xml:lang="en" xmlns="http://www.sdmx.org/resources/sdmxml/schemas/v2_1/common">Availability</Description>
        </Concept>
        <Concept id="BREAKS" urn="urn:sdmx:org.sdmx.infomodel.conceptscheme.Concept=ESTAT:STS_SCHEME(1.0).BREAKS">
          <Name xml:lang="en" xmlns="http://www.sdmx.org/resources/sdmxml/schemas/v2_1/common">Breaks</Name>
          <Description xml:lang="en" xmlns="http://www.sdmx.org/resources/sdmxml/schemas/v2_1/common">Breaks</Description>
        </Concept>
        <Concept id="COLLECTION" urn="urn:sdmx:org.sdmx.infomodel.conceptscheme.Concept=ESTAT:STS_SCHEME(1.0).COLLECTION">
          <Name xml:lang="en" xmlns="http://www.sdmx.org/resources/sdmxml/schemas/v2_1/common">Collection indicator</Name>
          <Description xml:lang="en" xmlns="http://www.sdmx.org/resources/sdmxml/schemas/v2_1/common">Collection indicator</Description>
        </Concept>
        <Concept id="COMPILATION" urn="urn:sdmx:org.sdmx.infomodel.conceptscheme.Concept=ESTAT:STS_SCHEME(1.0).COMPILATION">
          <Name xml:lang="en" xmlns="http://www.sdmx.org/resources/sdmxml/schemas/v2_1/common">Compilation</Name>
          <Description xml:lang="en" xmlns="http://www.sdmx.org/resources/sdmxml/schemas/v2_1/common">Compilation</Description>
        </Concept>
        <Concept id="COVERAGE" urn="urn:sdmx:org.sdmx.infomodel.conceptscheme.Concept=ESTAT:STS_SCHEME(1.0).COVERAGE">
          <Name xml:lang="en" xmlns="http://www.sdmx.org/resources/sdmxml/schemas/v2_1/common">Coverage</Name>
          <Description xml:lang="en" xmlns="http://www.sdmx.org/resources/sdmxml/schemas/v2_1/common">Coverage</Description>
        </Concept>
        <Concept id="DECIMALS" urn="urn:sdmx:org.sdmx.infomodel.conceptscheme.Concept=ESTAT:STS_SCHEME(1.0).DECIMALS">
          <Name xml:lang="en" xmlns="http://www.sdmx.org/resources/sdmxml/schemas/v2_1/common">Decimals</Name>
          <Description xml:lang="en" xmlns="http://www.sdmx.org/resources/sdmxml/schemas/v2_1/common">Decimals</Description>
        </Concept>
        <Concept id="DOM_SER_IDS" urn="urn:sdmx:org.sdmx.infomodel.conceptscheme.Concept=ESTAT:STS_SCHEME(1.0).DOM_SER_IDS">
          <Name xml:lang="en" xmlns="http://www.sdmx.org/resources/sdmxml/schemas/v2_1/common">Domestic series ids</Name>
          <Description xml:lang="en" xmlns="http://www.sdmx.org/resources/sdmxml/schemas/v2_1/common">Domestic series ids</Description>
        </Concept>
        <Concept id="FREQ" urn="urn:sdmx:org.sdmx.infomodel.conceptscheme.Concept=ESTAT:STS_SCHEME(1.0).FREQ">
          <Name xml:lang="en" xmlns="http://www.sdmx.org/resources/sdmxml/schemas/v2_1/common">Frequency</Name>
          <Description xml:lang="en" xmlns="http://www.sdmx.org/resources/sdmxml/schemas/v2_1/common">Frequency</Description>
        </Concept>
        <Concept id="NAT_TITLE" urn="urn:sdmx:org.sdmx.infomodel.conceptscheme.Concept=ESTAT:STS_SCHEME(1.0).NAT_TITLE">
          <Name xml:lang="en" xmlns="http://www.sdmx.org/resources/sdmxml/schemas/v2_1/common">National language title</Name>
          <Description xml:lang="en" xmlns="http://www.sdmx.org/resources/sdmxml/schemas/v2_1/common">National language title</Description>
        </Concept>
        <Concept id="OBS_COM" urn="urn:sdmx:org.sdmx.infomodel.conceptscheme.Concept=ESTAT:STS_SCHEME(1.0).OBS_COM">
          <Name xml:lang="en" xmlns="http://www.sdmx.org/resources/sdmxml/schemas/v2_1/common">Observation comment</Name>
          <Description xml:lang="en" xmlns="http://www.sdmx.org/resources/sdmxml/schemas/v2_1/common">Observation comment</Description>
        </Concept>
        <Concept id="OBS_CONF" urn="urn:sdmx:org.sdmx.infomodel.conceptscheme.Concept=ESTAT:STS_SCHEME(1.0).OBS_CONF">
          <Name xml:lang="en" xmlns="http://www.sdmx.org/resources/sdmxml/schemas/v2_1/common">Observation confidentiality</Name>
          <Description xml:lang="en" xmlns="http://www.sdmx.org/resources/sdmxml/schemas/v2_1/common">Observation confidentiality</Description>
        </Concept>
        <Concept id="OBS_PRE_BREAK" urn="urn:sdmx:org.sdmx.infomodel.conceptscheme.Concept=ESTAT:STS_SCHEME(1.0).OBS_PRE_BREAK">
          <Name xml:lang="en" xmlns="http://www.sdmx.org/resources/sdmxml/schemas/v2_1/common">Pre-break observation value</Name>
          <Description xml:lang="en" xmlns="http://www.sdmx.org/resources/sdmxml/schemas/v2_1/common">Pre-break observation value</Description>
        </Concept>
        <Concept id="OBS_STATUS" urn="urn:sdmx:org.sdmx.infomodel.conceptscheme.Concept=ESTAT:STS_SCHEME(1.0).OBS_STATUS">
          <Name xml:lang="en" xmlns="http://www.sdmx.org/resources/sdmxml/schemas/v2_1/common">Observation status</Name>
          <Description xml:lang="en" xmlns="http://www.sdmx.org/resources/sdmxml/schemas/v2_1/common">Observation status</Description>
        </Concept>
        <Concept id="OBS_VALUE" urn="urn:sdmx:org.sdmx.infomodel.conceptscheme.Concept=ESTAT:STS_SCHEME(1.0).OBS_VALUE">
          <Name xml:lang="en" xmlns="http://www.sdmx.org/resources/sdmxml/schemas/v2_1/common">Observation value</Name>
          <Description xml:lang="en" xmlns="http://www.sdmx.org/resources/sdmxml/schemas/v2_1/common">Observation value</Description>
        </Concept>
        <Concept id="REF_AREA" urn="urn:sdmx:org.sdmx.infomodel.conceptscheme.Concept=ESTAT:STS_SCHEME(1.0).REF_AREA">
          <Name xml:lang="en" xmlns="http://www.sdmx.org/resources/sdmxml/schemas/v2_1/common">Reference area</Name>
          <Description xml:lang="en" xmlns="http://www.sdmx.org/resources/sdmxml/schemas/v2_1/common">Reference area</Description>
        </Concept>
        <Concept id="SOURCE_AGENCY" urn="urn:sdmx:org.sdmx.infomodel.conceptscheme.Concept=ESTAT:STS_SCHEME(1.0).SOURCE_AGENCY">
          <Name xml:lang="en" xmlns="http://www.sdmx.org/resources/sdmxml/schemas/v2_1/common">Source agency</Name>
          <Description xml:lang="en" xmlns="http://www.sdmx.org/resources/sdmxml/schemas/v2_1/common">Source agency</Description>
        </Concept>
        <Concept id="SOURCE_PUB" urn="urn:sdmx:org.sdmx.infomodel.conceptscheme.Concept=ESTAT:STS_SCHEME(1.0).SOURCE_PUB">
          <Name xml:lang="en" xmlns="http://www.sdmx.org/resources/sdmxml/schemas/v2_1/common">Source publication</Name>
          <Description xml:lang="en" xmlns="http://www.sdmx.org/resources/sdmxml/schemas/v2_1/common">Source publication</Description>
        </Concept>
        <Concept id="STS_ACTIVITY" urn="urn:sdmx:org.sdmx.infomodel.conceptscheme.Concept=ESTAT:STS_SCHEME(1.0).STS_ACTIVITY">
          <Name xml:lang="en" xmlns="http://www.sdmx.org/resources/sdmxml/schemas/v2_1/common">Economic Activity code</Name>
          <Description xml:lang="en" xmlns="http://www.sdmx.org/resources/sdmxml/schemas/v2_1/common">Economic Activity code</Description>
        </Concept>
        <Concept id="STS_BASE_YEAR" urn="urn:sdmx:org.sdmx.infomodel.conceptscheme.Concept=ESTAT:STS_SCHEME(1.0).STS_BASE_YEAR">
          <Name xml:lang="en" xmlns="http://www.sdmx.org/resources/sdmxml/schemas/v2_1/common">Series variation in short-term statistics</Name>
          <Description xml:lang="en" xmlns="http://www.sdmx.org/resources/sdmxml/schemas/v2_1/common">Series variation in short-term statistics</Description>
        </Concept>
        <Concept id="STS_INDICATOR" urn="urn:sdmx:org.sdmx.infomodel.conceptscheme.Concept=ESTAT:STS_SCHEME(1.0).STS_INDICATOR">
          <Name xml:lang="en" xmlns="http://www.sdmx.org/resources/sdmxml/schemas/v2_1/common">STS Indicator</Name>
          <Description xml:lang="en" xmlns="http://www.sdmx.org/resources/sdmxml/schemas/v2_1/common">STS Indicator</Description>
        </Concept>
        <Concept id="STS_INSTITUTION" urn="urn:sdmx:org.sdmx.infomodel.conceptscheme.Concept=ESTAT:STS_SCHEME(1.0).STS_INSTITUTION">
          <Name xml:lang="en" xmlns="http://www.sdmx.org/resources/sdmxml/schemas/v2_1/common">Institution originating STS dataflow to ECB</Name>
          <Description xml:lang="en" xmlns="http://www.sdmx.org/resources/sdmxml/schemas/v2_1/common">Institution originating STS dataflow to ECB</Description>
        </Concept>
        <Concept id="TIME_FORMAT" urn="urn:sdmx:org.sdmx.infomodel.conceptscheme.Concept=ESTAT:STS_SCHEME(1.0).TIME_FORMAT">
          <Name xml:lang="en" xmlns="http://www.sdmx.org/resources/sdmxml/schemas/v2_1/common">Time format code</Name>
          <Description xml:lang="en" xmlns="http://www.sdmx.org/resources/sdmxml/schemas/v2_1/common">Time format code</Description>
        </Concept>
        <Concept id="TIME_PERIOD" urn="urn:sdmx:org.sdmx.infomodel.conceptscheme.Concept=ESTAT:STS_SCHEME(1.0).TIME_PERIOD">
          <Name xml:lang="en" xmlns="http://www.sdmx.org/resources/sdmxml/schemas/v2_1/common">Time period or range</Name>
          <Description xml:lang="en" xmlns="http://www.sdmx.org/resources/sdmxml/schemas/v2_1/common">Time period or range</Description>
        </Concept>
        <Concept id="TITLE" urn="urn:sdmx:org.sdmx.infomodel.conceptscheme.Concept=ESTAT:STS_SCHEME(1.0).TITLE">
          <Name xml:lang="en" xmlns="http://www.sdmx.org/resources/sdmxml/schemas/v2_1/common">Title</Name>
          <Description xml:lang="en" xmlns="http://www.sdmx.org/resources/sdmxml/schemas/v2_1/common">Title</Description>
        </Concept>
        <Concept id="TITLE_COMPL" urn="urn:sdmx:org.sdmx.infomodel.conceptscheme.Concept=ESTAT:STS_SCHEME(1.0).TITLE_COMPL">
          <Name xml:lang="en" xmlns="http://www.sdmx.org/resources/sdmxml/schemas/v2_1/common">Title complement</Name>
          <Description xml:lang="en" xmlns="http://www.sdmx.org/resources/sdmxml/schemas/v2_1/common">Title complement</Description>
        </Concept>
        <Concept id="UNIT" urn="urn:sdmx:org.sdmx.infomodel.conceptscheme.Concept=ESTAT:STS_SCHEME(1.0).UNIT">
          <Name xml:lang="en" xmlns="http://www.sdmx.org/resources/sdmxml/schemas/v2_1/common">Unit</Name>
          <Description xml:lang="en" xmlns="http://www.sdmx.org/resources/sdmxml/schemas/v2_1/common">Unit</Description>
        </Concept>
        <Concept id="UNIT_INDEX_BASE" urn="urn:sdmx:org.sdmx.infomodel.conceptscheme.Concept=ESTAT:STS_SCHEME(1.0).UNIT_INDEX_BASE">
          <Name xml:lang="en" xmlns="http://www.sdmx.org/resources/sdmxml/schemas/v2_1/common">Unit index base</Name>
          <Description xml:lang="en" xmlns="http://www.sdmx.org/resources/sdmxml/schemas/v2_1/common">Unit index base</Description>
        </Concept>
        <Concept id="UNIT_MULT" urn="urn:sdmx:org.sdmx.infomodel.conceptscheme.Concept=ESTAT:STS_SCHEME(1.0).UNIT_MULT">
          <Name xml:lang="en" xmlns="http://www.sdmx.org/resources/sdmxml/schemas/v2_1/common">Unit multiplier</Name>
          <Description xml:lang="en" xmlns="http://www.sdmx.org/resources/sdmxml/schemas/v2_1/common">Unit multiplier</Description>
        </Concept>
      </ConceptScheme>
    </Concepts>
    <DataStructures xmlns="http://www.sdmx.org/resources/sdmxml/schemas/v2_1/structure">
      <DataStructure id="STS" urn="urn:sdmx:org.sdmx.infomodel.datastructure.DataStructure=ESTAT:STS(2.0)" agencyID="ESTAT" version="2.0" validFrom="2007-11-01T00:00:00" validTo="2007-12-31T00:00:00" isFinal="true">
        <Name xml:lang="en" xmlns="http://www.sdmx.org/resources/sdmxml/schemas/v2_1/common">Short Term Statistics</Name>
        <DataStructureComponents>
          <DimensionList id="DimensionDescriptor" urn="urn:sdmx:org.sdmx.infomodel.datastructure.DimensionDescriptor=ESTAT:STS(2.0).DimensionDescriptor">
            <Dimension id="FREQ" urn="urn:sdmx:org.sdmx.infomodel.datastructure.Dimension=ESTAT:STS(2.0).FREQ" position="1">
              <ConceptIdentity>
                <Ref id="FREQ" maintainableParentID="STS_SCHEME" maintainableParentVersion="1.0" agencyID="ESTAT" package="conceptscheme" class="Concept" xmlns="" />
              </ConceptIdentity>
              <LocalRepresentation>
                <Enumeration>
                  <Ref id="CL_FREQ" version="1.0" agencyID="ECB" package="codelist" class="Codelist" xmlns="" />
                </Enumeration>
              </LocalRepresentation>
            </Dimension>
            <Dimension id="REF_AREA" urn="urn:sdmx:org.sdmx.infomodel.datastructure.Dimension=ESTAT:STS(2.0).REF_AREA" position="2">
              <ConceptIdentity>
                <Ref id="REF_AREA" maintainableParentID="STS_SCHEME" maintainableParentVersion="1.0" agencyID="ESTAT" package="conceptscheme" class="Concept" xmlns="" />
              </ConceptIdentity>
              <LocalRepresentation>
                <Enumeration>
                  <Ref id="CL_AREA_EE" version="1.0" agencyID="ECB" package="codelist" class="Codelist" xmlns="" />
                </Enumeration>
              </LocalRepresentation>
            </Dimension>
            <Dimension id="ADJUSTMENT" urn="urn:sdmx:org.sdmx.infomodel.datastructure.Dimension=ESTAT:STS(2.0).ADJUSTMENT" position="3">
              <ConceptIdentity>
                <Ref id="ADJUSTMENT" maintainableParentID="STS_SCHEME" maintainableParentVersion="1.0" agencyID="ESTAT" package="conceptscheme" class="Concept" xmlns="" />
              </ConceptIdentity>
              <LocalRepresentation>
                <Enumeration>
                  <Ref id="CL_ADJUSTMENT" version="1.0" agencyID="ECB" package="codelist" class="Codelist" xmlns="" />
                </Enumeration>
              </LocalRepresentation>
            </Dimension>
            <Dimension id="STS_INDICATOR" urn="urn:sdmx:org.sdmx.infomodel.datastructure.Dimension=ESTAT:STS(2.0).STS_INDICATOR" position="4">
              <ConceptIdentity>
                <Ref id="STS_INDICATOR" maintainableParentID="STS_SCHEME" maintainableParentVersion="1.0" agencyID="ESTAT" package="conceptscheme" class="Concept" xmlns="" />
              </ConceptIdentity>
              <LocalRepresentation>
                <Enumeration>
                  <Ref id="CL_STS_INDICATOR" version="1.0" agencyID="ESTAT" package="codelist" class="Codelist" xmlns="" />
                </Enumeration>
              </LocalRepresentation>
            </Dimension>
            <Dimension id="STS_ACTIVITY" urn="urn:sdmx:org.sdmx.infomodel.datastructure.Dimension=ESTAT:STS(2.0).STS_ACTIVITY" position="5">
              <ConceptIdentity>
                <Ref id="STS_ACTIVITY" maintainableParentID="STS_SCHEME" maintainableParentVersion="1.0" agencyID="ESTAT" package="conceptscheme" class="Concept" xmlns="" />
              </ConceptIdentity>
              <LocalRepresentation>
                <Enumeration>
                  <Ref id="CL_STS_ACTIVITY" version="1.0" agencyID="ESTAT" package="codelist" class="Codelist" xmlns="" />
                </Enumeration>
              </LocalRepresentation>
            </Dimension>
            <Dimension id="STS_INSTITUTION" urn="urn:sdmx:org.sdmx.infomodel.datastructure.Dimension=ESTAT:STS(2.0).STS_INSTITUTION" position="6">
              <ConceptIdentity>
                <Ref id="STS_INSTITUTION" maintainableParentID="STS_SCHEME" maintainableParentVersion="1.0" agencyID="ESTAT" package="conceptscheme" class="Concept" xmlns="" />
              </ConceptIdentity>
              <LocalRepresentation>
                <Enumeration>
                  <Ref id="CL_STS_INSTITUTION" version="1.0" agencyID="ESTAT" package="codelist" class="Codelist" xmlns="" />
                </Enumeration>
              </LocalRepresentation>
            </Dimension>
            <Dimension id="STS_BASE_YEAR" urn="urn:sdmx:org.sdmx.infomodel.datastructure.Dimension=ESTAT:STS(2.0).STS_BASE_YEAR" position="7">
              <ConceptIdentity>
                <Ref id="STS_BASE_YEAR" maintainableParentID="STS_SCHEME" maintainableParentVersion="1.0" agencyID="ESTAT" package="conceptscheme" class="Concept" xmlns="" />
              </ConceptIdentity>
              <LocalRepresentation>
                <Enumeration>
                  <Ref id="CL_STS_BASE_YEAR" version="1.0" agencyID="ESTAT" package="codelist" class="Codelist" xmlns="" />
                </Enumeration>
              </LocalRepresentation>
            </Dimension>
            <TimeDimension id="TIME_PERIOD" urn="urn:sdmx:org.sdmx.infomodel.datastructure.TimeDimension=ESTAT:STS(2.0).TIME_PERIOD" position="8">
              <ConceptIdentity>
                <Ref id="TIME_PERIOD" maintainableParentID="STS_SCHEME" maintainableParentVersion="1.0" agencyID="ESTAT" package="conceptscheme" class="Concept" xmlns="" />
              </ConceptIdentity>
              <LocalRepresentation>
                <TextFormat />
              </LocalRepresentation>
            </TimeDimension>
          </DimensionList>
          <Group id="Sibling" urn="urn:sdmx:org.sdmx.infomodel.datastructure.GroupDimensionDescriptor=ESTAT:STS(2.0).Sibling">
            <GroupDimension>
              <DimensionReference>
                <Ref id="STS_BASE_YEAR" xmlns="" />
              </DimensionReference>
            </GroupDimension>
            <GroupDimension>
              <DimensionReference>
                <Ref id="STS_INSTITUTION" xmlns="" />
              </DimensionReference>
            </GroupDimension>
            <GroupDimension>
              <DimensionReference>
                <Ref id="STS_ACTIVITY" xmlns="" />
              </DimensionReference>
            </GroupDimension>
            <GroupDimension>
              <DimensionReference>
                <Ref id="STS_INDICATOR" xmlns="" />
              </DimensionReference>
            </GroupDimension>
            <GroupDimension>
              <DimensionReference>
                <Ref id="ADJUSTMENT" xmlns="" />
              </DimensionReference>
            </GroupDimension>
            <GroupDimension>
              <DimensionReference>
                <Ref id="REF_AREA" xmlns="" />
              </DimensionReference>
            </GroupDimension>
          </Group>
          <AttributeList id="AttributeDescriptor" urn="urn:sdmx:org.sdmx.infomodel.datastructure.AttributeDescriptor=ESTAT:STS(2.0).AttributeDescriptor">
            <Attribute id="OBS_COM" urn="urn:sdmx:org.sdmx.infomodel.datastructure.DataAttribute=ESTAT:STS(2.0).OBS_COM" assignmentStatus="Conditional">
              <ConceptIdentity>
                <Ref id="OBS_COM" maintainableParentID="STS_SCHEME" maintainableParentVersion="1.0" agencyID="ESTAT" package="conceptscheme" class="Concept" xmlns="" />
              </ConceptIdentity>
              <AttributeRelationship>
                <PrimaryMeasure>
                  <Ref id="OBS_VALUE" xmlns="" />
                </PrimaryMeasure>
              </AttributeRelationship>
            </Attribute>
            <Attribute id="OBS_CONF" urn="urn:sdmx:org.sdmx.infomodel.datastructure.DataAttribute=ESTAT:STS(2.0).OBS_CONF" assignmentStatus="Conditional">
              <ConceptIdentity>
                <Ref id="OBS_CONF" maintainableParentID="STS_SCHEME" maintainableParentVersion="1.0" agencyID="ESTAT" package="conceptscheme" class="Concept" xmlns="" />
              </ConceptIdentity>
              <LocalRepresentation>
                <Enumeration>
                  <Ref id="CL_OBS_CONF" version="1.0" agencyID="ECB" package="codelist" class="Codelist" xmlns="" />
                </Enumeration>
              </LocalRepresentation>
              <AttributeRelationship>
                <PrimaryMeasure>
                  <Ref id="OBS_VALUE" xmlns="" />
                </PrimaryMeasure>
              </AttributeRelationship>
            </Attribute>
            <Attribute id="OBS_PRE_BREAK" urn="urn:sdmx:org.sdmx.infomodel.datastructure.DataAttribute=ESTAT:STS(2.0).OBS_PRE_BREAK" assignmentStatus="Conditional">
              <ConceptIdentity>
                <Ref id="OBS_PRE_BREAK" maintainableParentID="STS_SCHEME" maintainableParentVersion="1.0" agencyID="ESTAT" package="conceptscheme" class="Concept" xmlns="" />
              </ConceptIdentity>
              <AttributeRelationship>
                <PrimaryMeasure>
                  <Ref id="OBS_VALUE" xmlns="" />
                </PrimaryMeasure>
              </AttributeRelationship>
            </Attribute>
            <Attribute id="OBS_STATUS" urn="urn:sdmx:org.sdmx.infomodel.datastructure.DataAttribute=ESTAT:STS(2.0).OBS_STATUS" assignmentStatus="Mandatory">
              <ConceptIdentity>
                <Ref id="OBS_STATUS" maintainableParentID="STS_SCHEME" maintainableParentVersion="1.0" agencyID="ESTAT" package="conceptscheme" class="Concept" xmlns="" />
              </ConceptIdentity>
              <LocalRepresentation>
                <Enumeration>
                  <Ref id="CL_OBS_STATUS" version="1.0" agencyID="ECB" package="codelist" class="Codelist" xmlns="" />
                </Enumeration>
              </LocalRepresentation>
              <AttributeRelationship>
                <PrimaryMeasure>
                  <Ref id="OBS_VALUE" xmlns="" />
                </PrimaryMeasure>
              </AttributeRelationship>
            </Attribute>
            <Attribute id="AVAILABILITY" urn="urn:sdmx:org.sdmx.infomodel.datastructure.DataAttribute=ESTAT:STS(2.0).AVAILABILITY" assignmentStatus="Conditional">
              <ConceptIdentity>
                <Ref id="AVAILABILITY" maintainableParentID="STS_SCHEME" maintainableParentVersion="1.0" agencyID="ESTAT" package="conceptscheme" class="Concept" xmlns="" />
              </ConceptIdentity>
              <LocalRepresentation>
                <Enumeration>
                  <Ref id="CL_AVAILABILITY" version="1.0" agencyID="ESTAT" package="codelist" class="Codelist" xmlns="" />
                </Enumeration>
              </LocalRepresentation>
              <AttributeRelationship>
                <Dimension>
                  <Ref id="FREQ" xmlns="" />
                </Dimension>
                <Dimension>
                  <Ref id="REF_AREA" xmlns="" />
                </Dimension>
                <Dimension>
                  <Ref id="ADJUSTMENT" xmlns="" />
                </Dimension>
                <Dimension>
                  <Ref id="STS_INDICATOR" xmlns="" />
                </Dimension>
                <Dimension>
                  <Ref id="STS_ACTIVITY" xmlns="" />
                </Dimension>
                <Dimension>
                  <Ref id="STS_INSTITUTION" xmlns="" />
                </Dimension>
                <Dimension>
                  <Ref id="STS_BASE_YEAR" xmlns="" />
                </Dimension>
              </AttributeRelationship>
            </Attribute>
            <Attribute id="BREAKS" urn="urn:sdmx:org.sdmx.infomodel.datastructure.DataAttribute=ESTAT:STS(2.0).BREAKS" assignmentStatus="Conditional">
              <ConceptIdentity>
                <Ref id="BREAKS" maintainableParentID="STS_SCHEME" maintainableParentVersion="1.0" agencyID="ESTAT" package="conceptscheme" class="Concept" xmlns="" />
              </ConceptIdentity>
              <AttributeRelationship>
                <Dimension>
                  <Ref id="FREQ" xmlns="" />
                </Dimension>
                <Dimension>
                  <Ref id="REF_AREA" xmlns="" />
                </Dimension>
                <Dimension>
                  <Ref id="ADJUSTMENT" xmlns="" />
                </Dimension>
                <Dimension>
                  <Ref id="STS_INDICATOR" xmlns="" />
                </Dimension>
                <Dimension>
                  <Ref id="STS_ACTIVITY" xmlns="" />
                </Dimension>
                <Dimension>
                  <Ref id="STS_INSTITUTION" xmlns="" />
                </Dimension>
                <Dimension>
                  <Ref id="STS_BASE_YEAR" xmlns="" />
                </Dimension>
              </AttributeRelationship>
            </Attribute>
            <Attribute id="COLLECTION" urn="urn:sdmx:org.sdmx.infomodel.datastructure.DataAttribute=ESTAT:STS(2.0).COLLECTION" assignmentStatus="Conditional">
              <ConceptIdentity>
                <Ref id="COLLECTION" maintainableParentID="STS_SCHEME" maintainableParentVersion="1.0" agencyID="ESTAT" package="conceptscheme" class="Concept" xmlns="" />
              </ConceptIdentity>
              <LocalRepresentation>
                <Enumeration>
                  <Ref id="CL_COLLECTION" version="1.0" agencyID="ECB" package="codelist" class="Codelist" xmlns="" />
                </Enumeration>
              </LocalRepresentation>
              <AttributeRelationship>
                <Dimension>
                  <Ref id="FREQ" xmlns="" />
                </Dimension>
                <Dimension>
                  <Ref id="REF_AREA" xmlns="" />
                </Dimension>
                <Dimension>
                  <Ref id="ADJUSTMENT" xmlns="" />
                </Dimension>
                <Dimension>
                  <Ref id="STS_INDICATOR" xmlns="" />
                </Dimension>
                <Dimension>
                  <Ref id="STS_ACTIVITY" xmlns="" />
                </Dimension>
                <Dimension>
                  <Ref id="STS_INSTITUTION" xmlns="" />
                </Dimension>
                <Dimension>
                  <Ref id="STS_BASE_YEAR" xmlns="" />
                </Dimension>
              </AttributeRelationship>
            </Attribute>
            <Attribute id="DOM_SER_IDS" urn="urn:sdmx:org.sdmx.infomodel.datastructure.DataAttribute=ESTAT:STS(2.0).DOM_SER_IDS" assignmentStatus="Conditional">
              <ConceptIdentity>
                <Ref id="DOM_SER_IDS" maintainableParentID="STS_SCHEME" maintainableParentVersion="1.0" agencyID="ESTAT" package="conceptscheme" class="Concept" xmlns="" />
              </ConceptIdentity>
              <AttributeRelationship>
                <Dimension>
                  <Ref id="FREQ" xmlns="" />
                </Dimension>
                <Dimension>
                  <Ref id="REF_AREA" xmlns="" />
                </Dimension>
                <Dimension>
                  <Ref id="ADJUSTMENT" xmlns="" />
                </Dimension>
                <Dimension>
                  <Ref id="STS_INDICATOR" xmlns="" />
                </Dimension>
                <Dimension>
                  <Ref id="STS_ACTIVITY" xmlns="" />
                </Dimension>
                <Dimension>
                  <Ref id="STS_INSTITUTION" xmlns="" />
                </Dimension>
                <Dimension>
                  <Ref id="STS_BASE_YEAR" xmlns="" />
                </Dimension>
              </AttributeRelationship>
            </Attribute>
            <Attribute id="TIME_FORMAT" urn="urn:sdmx:org.sdmx.infomodel.datastructure.DataAttribute=ESTAT:STS(2.0).TIME_FORMAT" assignmentStatus="Mandatory">
              <ConceptIdentity>
                <Ref id="TIME_FORMAT" maintainableParentID="STS_SCHEME" maintainableParentVersion="1.0" agencyID="ESTAT" package="conceptscheme" class="Concept" xmlns="" />
              </ConceptIdentity>
              <LocalRepresentation>
                <Enumeration>
                  <Ref id="CL_TIME_FORMAT" version="1.0" agencyID="ESTAT" package="codelist" class="Codelist" xmlns="" />
                </Enumeration>
              </LocalRepresentation>
              <AttributeRelationship>
                <Dimension>
                  <Ref id="FREQ" xmlns="" />
                </Dimension>
                <Dimension>
                  <Ref id="REF_AREA" xmlns="" />
                </Dimension>
                <Dimension>
                  <Ref id="ADJUSTMENT" xmlns="" />
                </Dimension>
                <Dimension>
                  <Ref id="STS_INDICATOR" xmlns="" />
                </Dimension>
                <Dimension>
                  <Ref id="STS_ACTIVITY" xmlns="" />
                </Dimension>
                <Dimension>
                  <Ref id="STS_INSTITUTION" xmlns="" />
                </Dimension>
                <Dimension>
                  <Ref id="STS_BASE_YEAR" xmlns="" />
                </Dimension>
              </AttributeRelationship>
            </Attribute>
            <Attribute id="UNIT_INDEX_BASE" urn="urn:sdmx:org.sdmx.infomodel.datastructure.DataAttribute=ESTAT:STS(2.0).UNIT_INDEX_BASE" assignmentStatus="Conditional">
              <ConceptIdentity>
                <Ref id="UNIT_INDEX_BASE" maintainableParentID="STS_SCHEME" maintainableParentVersion="1.0" agencyID="ESTAT" package="conceptscheme" class="Concept" xmlns="" />
              </ConceptIdentity>
              <AttributeRelationship>
                <Dimension>
                  <Ref id="FREQ" xmlns="" />
                </Dimension>
                <Dimension>
                  <Ref id="REF_AREA" xmlns="" />
                </Dimension>
                <Dimension>
                  <Ref id="ADJUSTMENT" xmlns="" />
                </Dimension>
                <Dimension>
                  <Ref id="STS_INDICATOR" xmlns="" />
                </Dimension>
                <Dimension>
                  <Ref id="STS_ACTIVITY" xmlns="" />
                </Dimension>
                <Dimension>
                  <Ref id="STS_INSTITUTION" xmlns="" />
                </Dimension>
                <Dimension>
                  <Ref id="STS_BASE_YEAR" xmlns="" />
                </Dimension>
              </AttributeRelationship>
            </Attribute>
            <Attribute id="COMPILATION" urn="urn:sdmx:org.sdmx.infomodel.datastructure.DataAttribute=ESTAT:STS(2.0).COMPILATION" assignmentStatus="Conditional">
              <ConceptIdentity>
                <Ref id="COMPILATION" maintainableParentID="STS_SCHEME" maintainableParentVersion="1.0" agencyID="ESTAT" package="conceptscheme" class="Concept" xmlns="" />
              </ConceptIdentity>
              <AttributeRelationship>
                <Group>
                  <Ref id="Sibling" xmlns="" />
                </Group>
              </AttributeRelationship>
            </Attribute>
            <Attribute id="COVERAGE" urn="urn:sdmx:org.sdmx.infomodel.datastructure.DataAttribute=ESTAT:STS(2.0).COVERAGE" assignmentStatus="Conditional">
              <ConceptIdentity>
                <Ref id="COVERAGE" maintainableParentID="STS_SCHEME" maintainableParentVersion="1.0" agencyID="ESTAT" package="conceptscheme" class="Concept" xmlns="" />
              </ConceptIdentity>
              <AttributeRelationship>
                <Group>
                  <Ref id="Sibling" xmlns="" />
                </Group>
              </AttributeRelationship>
            </Attribute>
            <Attribute id="DECIMALS" urn="urn:sdmx:org.sdmx.infomodel.datastructure.DataAttribute=ESTAT:STS(2.0).DECIMALS" assignmentStatus="Conditional">
              <ConceptIdentity>
                <Ref id="DECIMALS" maintainableParentID="STS_SCHEME" maintainableParentVersion="1.0" agencyID="ESTAT" package="conceptscheme" class="Concept" xmlns="" />
              </ConceptIdentity>
              <LocalRepresentation>
                <Enumeration>
                  <Ref id="CL_DECIMALS" version="1.0" agencyID="ECB" package="codelist" class="Codelist" xmlns="" />
                </Enumeration>
              </LocalRepresentation>
              <AttributeRelationship>
                <Group>
                  <Ref id="Sibling" xmlns="" />
                </Group>
              </AttributeRelationship>
            </Attribute>
            <Attribute id="NAT_TITLE" urn="urn:sdmx:org.sdmx.infomodel.datastructure.DataAttribute=ESTAT:STS(2.0).NAT_TITLE" assignmentStatus="Conditional">
              <ConceptIdentity>
                <Ref id="NAT_TITLE" maintainableParentID="STS_SCHEME" maintainableParentVersion="1.0" agencyID="ESTAT" package="conceptscheme" class="Concept" xmlns="" />
              </ConceptIdentity>
              <AttributeRelationship>
                <Group>
                  <Ref id="Sibling" xmlns="" />
                </Group>
              </AttributeRelationship>
            </Attribute>
            <Attribute id="SOURCE_AGENCY" urn="urn:sdmx:org.sdmx.infomodel.datastructure.DataAttribute=ESTAT:STS(2.0).SOURCE_AGENCY" assignmentStatus="Conditional">
              <ConceptIdentity>
                <Ref id="SOURCE_AGENCY" maintainableParentID="STS_SCHEME" maintainableParentVersion="1.0" agencyID="ESTAT" package="conceptscheme" class="Concept" xmlns="" />
              </ConceptIdentity>
              <LocalRepresentation>
                <Enumeration>
                  <Ref id="CL_ORGANISATION" version="1.0" agencyID="ECB" package="codelist" class="Codelist" xmlns="" />
                </Enumeration>
              </LocalRepresentation>
              <AttributeRelationship>
                <Group>
                  <Ref id="Sibling" xmlns="" />
                </Group>
              </AttributeRelationship>
            </Attribute>
            <Attribute id="SOURCE_PUB" urn="urn:sdmx:org.sdmx.infomodel.datastructure.DataAttribute=ESTAT:STS(2.0).SOURCE_PUB" assignmentStatus="Conditional">
              <ConceptIdentity>
                <Ref id="SOURCE_PUB" maintainableParentID="STS_SCHEME" maintainableParentVersion="1.0" agencyID="ESTAT" package="conceptscheme" class="Concept" xmlns="" />
              </ConceptIdentity>
              <AttributeRelationship>
                <Group>
                  <Ref id="Sibling" xmlns="" />
                </Group>
              </AttributeRelationship>
            </Attribute>
            <Attribute id="TITLE" urn="urn:sdmx:org.sdmx.infomodel.datastructure.DataAttribute=ESTAT:STS(2.0).TITLE" assignmentStatus="Conditional">
              <ConceptIdentity>
                <Ref id="TITLE" maintainableParentID="STS_SCHEME" maintainableParentVersion="1.0" agencyID="ESTAT" package="conceptscheme" class="Concept" xmlns="" />
              </ConceptIdentity>
              <AttributeRelationship>
                <Group>
                  <Ref id="Sibling" xmlns="" />
                </Group>
              </AttributeRelationship>
            </Attribute>
            <Attribute id="TITLE_COMPL" urn="urn:sdmx:org.sdmx.infomodel.datastructure.DataAttribute=ESTAT:STS(2.0).TITLE_COMPL" assignmentStatus="Conditional">
              <ConceptIdentity>
                <Ref id="TITLE_COMPL" maintainableParentID="STS_SCHEME" maintainableParentVersion="1.0" agencyID="ESTAT" package="conceptscheme" class="Concept" xmlns="" />
              </ConceptIdentity>
              <AttributeRelationship>
                <Group>
                  <Ref id="Sibling" xmlns="" />
                </Group>
              </AttributeRelationship>
            </Attribute>
            <Attribute id="UNIT" urn="urn:sdmx:org.sdmx.infomodel.datastructure.DataAttribute=ESTAT:STS(2.0).UNIT" assignmentStatus="Conditional">
              <ConceptIdentity>
                <Ref id="UNIT" maintainableParentID="STS_SCHEME" maintainableParentVersion="1.0" agencyID="ESTAT" package="conceptscheme" class="Concept" xmlns="" />
              </ConceptIdentity>
              <LocalRepresentation>
                <Enumeration>
                  <Ref id="CL_UNIT" version="1.0" agencyID="ECB" package="codelist" class="Codelist" xmlns="" />
                </Enumeration>
              </LocalRepresentation>
              <AttributeRelationship>
                <Group>
                  <Ref id="Sibling" xmlns="" />
                </Group>
              </AttributeRelationship>
            </Attribute>
            <Attribute id="UNIT_MULT" urn="urn:sdmx:org.sdmx.infomodel.datastructure.DataAttribute=ESTAT:STS(2.0).UNIT_MULT" assignmentStatus="Conditional">
              <ConceptIdentity>
                <Ref id="UNIT_MULT" maintainableParentID="STS_SCHEME" maintainableParentVersion="1.0" agencyID="ESTAT" package="conceptscheme" class="Concept" xmlns="" />
              </ConceptIdentity>
              <LocalRepresentation>
                <Enumeration>
                  <Ref id="CL_UNIT_MULT" version="1.0" agencyID="ESTAT" package="codelist" class="Codelist" xmlns="" />
                </Enumeration>
              </LocalRepresentation>
              <AttributeRelationship>
                <Group>
                  <Ref id="Sibling" xmlns="" />
                </Group>
              </AttributeRelationship>
            </Attribute>
          </AttributeList>
          <MeasureList id="MeasureDescriptor" urn="urn:sdmx:org.sdmx.infomodel.datastructure.MeasureDescriptor=ESTAT:STS(2.0).MeasureDescriptor">
            <PrimaryMeasure id="OBS_VALUE" urn="urn:sdmx:org.sdmx.infomodel.datastructure.PrimaryMeasure=ESTAT:STS(2.0).OBS_VALUE">
              <ConceptIdentity>
                <Ref id="OBS_VALUE" maintainableParentID="STS_SCHEME" maintainableParentVersion="1.0" agencyID="ESTAT" package="conceptscheme" class="Concept" xmlns="" />
              </ConceptIdentity>
            </PrimaryMeasure>
          </MeasureList>
        </DataStructureComponents>
      </DataStructure>
    </DataStructures>
  </Structures>
</Structure>