<?xml version="1.0" encoding="utf-8"?>
<Structure xmlns="http://www.sdmx.org/resources/sdmxml/schemas/v2_1/message">
  <Header>
    <ID>REGISTRY_RESPONSE</ID>
    <Test>true</Test>
    <Prepared>2013-09-10T09:08:16.0398+02:00</Prepared>
    <Sender id="EUROSTAT" />
    <Receiver id="unknown" />
  </Header>
  <Structures>
    <Codelists xmlns="http://www.sdmx.org/resources/sdmxml/schemas/v2_1/structure">
      <Codelist id="CL_ACTION_INDICATOR" urn="urn:sdmx:org.sdmx.infomodel.codelist.Codelist=ESTAT:CL_ACTION_INDICATOR(1.0)" agencyID="ESTAT" version="1.0" isFinal="true">
        <Name xml:lang="en" xmlns="http://www.sdmx.org/resources/sdmxml/schemas/v2_1/common">Indicator on the action to be performed</Name>
        <Code id="K" urn="urn:sdmx:org.sdmx.infomodel.codelist.Code=ESTAT:CL_ACTION_INDICATOR(1.0).K">
          <Name xml:lang="en" xmlns="http://www.sdmx.org/resources/sdmxml/schemas/v2_1/common">Keep in the population</Name>
        </Code>
        <Code id="A" urn="urn:sdmx:org.sdmx.infomodel.codelist.Code=ESTAT:CL_ACTION_INDICATOR(1.0).A">
          <Name xml:lang="en" xmlns="http://www.sdmx.org/resources/sdmxml/schemas/v2_1/common">Add to the population</Name>
        </Code>
        <Code id="R" urn="urn:sdmx:org.sdmx.infomodel.codelist.Code=ESTAT:CL_ACTION_INDICATOR(1.0).R">
          <Name xml:lang="en" xmlns="http://www.sdmx.org/resources/sdmxml/schemas/v2_1/common">Remove from the population</Name>
        </Code>
      </Codelist>
      <Codelist id="CL_CHANGE_INDICATOR" urn="urn:sdmx:org.sdmx.infomodel.codelist.Codelist=ESTAT:CL_CHANGE_INDICATOR(1.1)" agencyID="ESTAT" version="1.1" isFinal="true">
        <Name xml:lang="en" xmlns="http://www.sdmx.org/resources/sdmxml/schemas/v2_1/common">Code list change indicator</Name>
        <Code id="N" urn="urn:sdmx:org.sdmx.infomodel.codelist.Code=ESTAT:CL_CHANGE_INDICATOR(1.1).N">
          <Name xml:lang="en" xmlns="http://www.sdmx.org/resources/sdmxml/schemas/v2_1/common">New information</Name>
        </Code>
        <Code id="C" urn="urn:sdmx:org.sdmx.infomodel.codelist.Code=ESTAT:CL_CHANGE_INDICATOR(1.1).C">
          <Name xml:lang="en" xmlns="http://www.sdmx.org/resources/sdmxml/schemas/v2_1/common">Changed information</Name>
        </Code>
        <Code id="U" urn="urn:sdmx:org.sdmx.infomodel.codelist.Code=ESTAT:CL_CHANGE_INDICATOR(1.1).U">
          <Name xml:lang="en" xmlns="http://www.sdmx.org/resources/sdmxml/schemas/v2_1/common">Unchanged information compared with previous situation</Name>
        </Code>
        <Code id="S" urn="urn:sdmx:org.sdmx.infomodel.codelist.Code=ESTAT:CL_CHANGE_INDICATOR(1.1).S">
          <Name xml:lang="en" xmlns="http://www.sdmx.org/resources/sdmxml/schemas/v2_1/common">Legal unit not existing in the present cycle, but part of the rpevious cycle</Name>
        </Code>
      </Codelist>
      <Codelist id="CL_CONFIDENTIAL_IND" urn="urn:sdmx:org.sdmx.infomodel.codelist.Codelist=ESTAT:CL_CONFIDENTIAL_IND(1.0)" agencyID="ESTAT" version="1.0" isFinal="true">
        <Name xml:lang="en" xmlns="http://www.sdmx.org/resources/sdmxml/schemas/v2_1/common">Indicator on the data confidentiality</Name>
        <Code id="C" urn="urn:sdmx:org.sdmx.infomodel.codelist.Code=ESTAT:CL_CONFIDENTIAL_IND(1.0).C">
          <Name xml:lang="en" xmlns="http://www.sdmx.org/resources/sdmxml/schemas/v2_1/common">Confidential data</Name>
        </Code>
        <Code id="N" urn="urn:sdmx:org.sdmx.infomodel.codelist.Code=ESTAT:CL_CONFIDENTIAL_IND(1.0).N">
          <Name xml:lang="en" xmlns="http://www.sdmx.org/resources/sdmxml/schemas/v2_1/common">Not confidential data</Name>
        </Code>
      </Codelist>
      <Codelist id="CL_CONS_PERSON_EMPLOYED" urn="urn:sdmx:org.sdmx.infomodel.codelist.Codelist=ESTAT:CL_CONS_PERSON_EMPLOYED(1.1)" agencyID="ESTAT" version="1.1" isFinal="true">
        <Name xml:lang="en" xmlns="http://www.sdmx.org/resources/sdmxml/schemas/v2_1/common">The status of consolidation of persons employed</Name>
        <Code id="U" urn="urn:sdmx:org.sdmx.infomodel.codelist.Code=ESTAT:CL_CONS_PERSON_EMPLOYED(1.1).U">
          <Name xml:lang="en" xmlns="http://www.sdmx.org/resources/sdmxml/schemas/v2_1/common">Unconsolidated</Name>
        </Code>
        <Code id="C" urn="urn:sdmx:org.sdmx.infomodel.codelist.Code=ESTAT:CL_CONS_PERSON_EMPLOYED(1.1).C">
          <Name xml:lang="en" xmlns="http://www.sdmx.org/resources/sdmxml/schemas/v2_1/common">Consolidated</Name>
        </Code>
        <Code id="N" urn="urn:sdmx:org.sdmx.infomodel.codelist.Code=ESTAT:CL_CONS_PERSON_EMPLOYED(1.1).N">
          <Name xml:lang="en" xmlns="http://www.sdmx.org/resources/sdmxml/schemas/v2_1/common">Unconsolidated</Name>
        </Code>
        <Code id="Y" urn="urn:sdmx:org.sdmx.infomodel.codelist.Code=ESTAT:CL_CONS_PERSON_EMPLOYED(1.1).Y">
          <Name xml:lang="en" xmlns="http://www.sdmx.org/resources/sdmxml/schemas/v2_1/common">Consolidated</Name>
        </Code>
      </Codelist>
      <Codelist id="CL_COUNTRY_CODE_BOP" urn="urn:sdmx:org.sdmx.infomodel.codelist.Codelist=ESTAT:CL_COUNTRY_CODE_BOP(1.0)" agencyID="ESTAT" version="1.0" isFinal="true">
        <Name xml:lang="en" xmlns="http://www.sdmx.org/resources/sdmxml/schemas/v2_1/common">Country code list BOP</Name>
        <Code id="AD" urn="urn:sdmx:org.sdmx.infomodel.codelist.Code=ESTAT:CL_COUNTRY_CODE_BOP(1.0).AD">
          <Name xml:lang="en" xmlns="http://www.sdmx.org/resources/sdmxml/schemas/v2_1/common">ANDORRA</Name>
        </Code>
        <Code id="AE" urn="urn:sdmx:org.sdmx.infomodel.codelist.Code=ESTAT:CL_COUNTRY_CODE_BOP(1.0).AE">
          <Name xml:lang="en" xmlns="http://www.sdmx.org/resources/sdmxml/schemas/v2_1/common">UNITED ARAB EMIRATES</Name>
        </Code>
        <Code id="AF" urn="urn:sdmx:org.sdmx.infomodel.codelist.Code=ESTAT:CL_COUNTRY_CODE_BOP(1.0).AF">
          <Name xml:lang="en" xmlns="http://www.sdmx.org/resources/sdmxml/schemas/v2_1/common">AFGHANISTAN</Name>
        </Code>
        <Code id="AG" urn="urn:sdmx:org.sdmx.infomodel.codelist.Code=ESTAT:CL_COUNTRY_CODE_BOP(1.0).AG">
          <Name xml:lang="en" xmlns="http://www.sdmx.org/resources/sdmxml/schemas/v2_1/common">ANTIGUA AND BARBUDA</Name>
        </Code>
        <Code id="AI" urn="urn:sdmx:org.sdmx.infomodel.codelist.Code=ESTAT:CL_COUNTRY_CODE_BOP(1.0).AI">
          <Name xml:lang="en" xmlns="http://www.sdmx.org/resources/sdmxml/schemas/v2_1/common">ANGUILLA</Name>
        </Code>
        <Code id="AL" urn="urn:sdmx:org.sdmx.infomodel.codelist.Code=ESTAT:CL_COUNTRY_CODE_BOP(1.0).AL">
          <Name xml:lang="en" xmlns="http://www.sdmx.org/resources/sdmxml/schemas/v2_1/common">ALBANIA</Name>
        </Code>
        <Code id="AM" urn="urn:sdmx:org.sdmx.infomodel.codelist.Code=ESTAT:CL_COUNTRY_CODE_BOP(1.0).AM">
          <Name xml:lang="en" xmlns="http://www.sdmx.org/resources/sdmxml/schemas/v2_1/common">ARMENIA</Name>
        </Code>
        <Code id="AN" urn="urn:sdmx:org.sdmx.infomodel.codelist.Code=ESTAT:CL_COUNTRY_CODE_BOP(1.0).AN">
          <Name xml:lang="en" xmlns="http://www.sdmx.org/resources/sdmxml/schemas/v2_1/common">NETHERLANDS ANTILLES</Name>
        </Code>
        <Code id="AO" urn="urn:sdmx:org.sdmx.infomodel.codelist.Code=ESTAT:CL_COUNTRY_CODE_BOP(1.0).AO">
          <Name xml:lang="en" xmlns="http://www.sdmx.org/resources/sdmxml/schemas/v2_1/common">ANGOLA</Name>
        </Code>
        <Code id="AQ" urn="urn:sdmx:org.sdmx.infomodel.codelist.Code=ESTAT:CL_COUNTRY_CODE_BOP(1.0).AQ">
          <Name xml:lang="en" xmlns="http://www.sdmx.org/resources/sdmxml/schemas/v2_1/common">ANTARCTICA</Name>
        </Code>
        <Code id="AR" urn="urn:sdmx:org.sdmx.infomodel.codelist.Code=ESTAT:CL_COUNTRY_CODE_BOP(1.0).AR">
          <Name xml:lang="en" xmlns="http://www.sdmx.org/resources/sdmxml/schemas/v2_1/common">ARGENTINA</Name>
        </Code>
        <Code id="AS" urn="urn:sdmx:org.sdmx.infomodel.codelist.Code=ESTAT:CL_COUNTRY_CODE_BOP(1.0).AS">
          <Name xml:lang="en" xmlns="http://www.sdmx.org/resources/sdmxml/schemas/v2_1/common">AMERICAN SAMOA</Name>
        </Code>
        <Code id="AT" urn="urn:sdmx:org.sdmx.infomodel.codelist.Code=ESTAT:CL_COUNTRY_CODE_BOP(1.0).AT">
          <Name xml:lang="en" xmlns="http://www.sdmx.org/resources/sdmxml/schemas/v2_1/common">AUSTRIA</Name>
        </Code>
        <Code id="AU" urn="urn:sdmx:org.sdmx.infomodel.codelist.Code=ESTAT:CL_COUNTRY_CODE_BOP(1.0).AU">
          <Name xml:lang="en" xmlns="http://www.sdmx.org/resources/sdmxml/schemas/v2_1/common">AUSTRALIA</Name>
        </Code>
        <Code id="AW" urn="urn:sdmx:org.sdmx.infomodel.codelist.Code=ESTAT:CL_COUNTRY_CODE_BOP(1.0).AW">
          <Name xml:lang="en" xmlns="http://www.sdmx.org/resources/sdmxml/schemas/v2_1/common">ARUBA</Name>
        </Code>
        <Code id="AX" urn="urn:sdmx:org.sdmx.infomodel.codelist.Code=ESTAT:CL_COUNTRY_CODE_BOP(1.0).AX">
          <Name xml:lang="en" xmlns="http://www.sdmx.org/resources/sdmxml/schemas/v2_1/common">ALAND ISLANDS</Name>
        </Code>
        <Code id="AZ" urn="urn:sdmx:org.sdmx.infomodel.codelist.Code=ESTAT:CL_COUNTRY_CODE_BOP(1.0).AZ">
          <Name xml:lang="en" xmlns="http://www.sdmx.org/resources/sdmxml/schemas/v2_1/common">AZERBAIJAN</Name>
        </Code>
        <Code id="BA" urn="urn:sdmx:org.sdmx.infomodel.codelist.Code=ESTAT:CL_COUNTRY_CODE_BOP(1.0).BA">
          <Name xml:lang="en" xmlns="http://www.sdmx.org/resources/sdmxml/schemas/v2_1/common">BOSNIA AND HERZEGOVINA</Name>
        </Code>
        <Code id="BB" urn="urn:sdmx:org.sdmx.infomodel.codelist.Code=ESTAT:CL_COUNTRY_CODE_BOP(1.0).BB">
          <Name xml:lang="en" xmlns="http://www.sdmx.org/resources/sdmxml/schemas/v2_1/common">BARBADOS</Name>
        </Code>
        <Code id="BD" urn="urn:sdmx:org.sdmx.infomodel.codelist.Code=ESTAT:CL_COUNTRY_CODE_BOP(1.0).BD">
          <Name xml:lang="en" xmlns="http://www.sdmx.org/resources/sdmxml/schemas/v2_1/common">BANGLADESH</Name>
        </Code>
        <Code id="BE" urn="urn:sdmx:org.sdmx.infomodel.codelist.Code=ESTAT:CL_COUNTRY_CODE_BOP(1.0).BE">
          <Name xml:lang="en" xmlns="http://www.sdmx.org/resources/sdmxml/schemas/v2_1/common">BELGIUM</Name>
        </Code>
        <Code id="BF" urn="urn:sdmx:org.sdmx.infomodel.codelist.Code=ESTAT:CL_COUNTRY_CODE_BOP(1.0).BF">
          <Name xml:lang="en" xmlns="http://www.sdmx.org/resources/sdmxml/schemas/v2_1/common">BURKINA FASO</Name>
        </Code>
        <Code id="BG" urn="urn:sdmx:org.sdmx.infomodel.codelist.Code=ESTAT:CL_COUNTRY_CODE_BOP(1.0).BG">
          <Name xml:lang="en" xmlns="http://www.sdmx.org/resources/sdmxml/schemas/v2_1/common">BULGARIA</Name>
        </Code>
        <Code id="BH" urn="urn:sdmx:org.sdmx.infomodel.codelist.Code=ESTAT:CL_COUNTRY_CODE_BOP(1.0).BH">
          <Name xml:lang="en" xmlns="http://www.sdmx.org/resources/sdmxml/schemas/v2_1/common">BAHRAIN</Name>
        </Code>
        <Code id="BI" urn="urn:sdmx:org.sdmx.infomodel.codelist.Code=ESTAT:CL_COUNTRY_CODE_BOP(1.0).BI">
          <Name xml:lang="en" xmlns="http://www.sdmx.org/resources/sdmxml/schemas/v2_1/common">BURUNDI</Name>
        </Code>
        <Code id="BJ" urn="urn:sdmx:org.sdmx.infomodel.codelist.Code=ESTAT:CL_COUNTRY_CODE_BOP(1.0).BJ">
          <Name xml:lang="en" xmlns="http://www.sdmx.org/resources/sdmxml/schemas/v2_1/common">BENIN</Name>
        </Code>
        <Code id="BL" urn="urn:sdmx:org.sdmx.infomodel.codelist.Code=ESTAT:CL_COUNTRY_CODE_BOP(1.0).BL">
          <Name xml:lang="en" xmlns="http://www.sdmx.org/resources/sdmxml/schemas/v2_1/common">SAINT BARTHELEMY</Name>
        </Code>
        <Code id="BM" urn="urn:sdmx:org.sdmx.infomodel.codelist.Code=ESTAT:CL_COUNTRY_CODE_BOP(1.0).BM">
          <Name xml:lang="en" xmlns="http://www.sdmx.org/resources/sdmxml/schemas/v2_1/common">BERMUDA</Name>
        </Code>
        <Code id="BN" urn="urn:sdmx:org.sdmx.infomodel.codelist.Code=ESTAT:CL_COUNTRY_CODE_BOP(1.0).BN">
          <Name xml:lang="en" xmlns="http://www.sdmx.org/resources/sdmxml/schemas/v2_1/common">BRUNEI DARUSSALAM</Name>
        </Code>
        <Code id="BO" urn="urn:sdmx:org.sdmx.infomodel.codelist.Code=ESTAT:CL_COUNTRY_CODE_BOP(1.0).BO">
          <Name xml:lang="en" xmlns="http://www.sdmx.org/resources/sdmxml/schemas/v2_1/common">BOLIVIA</Name>
        </Code>
        <Code id="BR" urn="urn:sdmx:org.sdmx.infomodel.codelist.Code=ESTAT:CL_COUNTRY_CODE_BOP(1.0).BR">
          <Name xml:lang="en" xmlns="http://www.sdmx.org/resources/sdmxml/schemas/v2_1/common">BRAZIL</Name>
        </Code>
        <Code id="BS" urn="urn:sdmx:org.sdmx.infomodel.codelist.Code=ESTAT:CL_COUNTRY_CODE_BOP(1.0).BS">
          <Name xml:lang="en" xmlns="http://www.sdmx.org/resources/sdmxml/schemas/v2_1/common">BAHAMAS</Name>
        </Code>
        <Code id="BT" urn="urn:sdmx:org.sdmx.infomodel.codelist.Code=ESTAT:CL_COUNTRY_CODE_BOP(1.0).BT">
          <Name xml:lang="en" xmlns="http://www.sdmx.org/resources/sdmxml/schemas/v2_1/common">BHUTAN</Name>
        </Code>
        <Code id="BV" urn="urn:sdmx:org.sdmx.infomodel.codelist.Code=ESTAT:CL_COUNTRY_CODE_BOP(1.0).BV">
          <Name xml:lang="en" xmlns="http://www.sdmx.org/resources/sdmxml/schemas/v2_1/common">BOUVET ISLAND</Name>
        </Code>
        <Code id="BW" urn="urn:sdmx:org.sdmx.infomodel.codelist.Code=ESTAT:CL_COUNTRY_CODE_BOP(1.0).BW">
          <Name xml:lang="en" xmlns="http://www.sdmx.org/resources/sdmxml/schemas/v2_1/common">BOTSWANA</Name>
        </Code>
        <Code id="BY" urn="urn:sdmx:org.sdmx.infomodel.codelist.Code=ESTAT:CL_COUNTRY_CODE_BOP(1.0).BY">
          <Name xml:lang="en" xmlns="http://www.sdmx.org/resources/sdmxml/schemas/v2_1/common">BELARUS</Name>
        </Code>
        <Code id="BZ" urn="urn:sdmx:org.sdmx.infomodel.codelist.Code=ESTAT:CL_COUNTRY_CODE_BOP(1.0).BZ">
          <Name xml:lang="en" xmlns="http://www.sdmx.org/resources/sdmxml/schemas/v2_1/common">BELIZE</Name>
        </Code>
        <Code id="CA" urn="urn:sdmx:org.sdmx.infomodel.codelist.Code=ESTAT:CL_COUNTRY_CODE_BOP(1.0).CA">
          <Name xml:lang="en" xmlns="http://www.sdmx.org/resources/sdmxml/schemas/v2_1/common">CANADA</Name>
        </Code>
        <Code id="CC" urn="urn:sdmx:org.sdmx.infomodel.codelist.Code=ESTAT:CL_COUNTRY_CODE_BOP(1.0).CC">
          <Name xml:lang="en" xmlns="http://www.sdmx.org/resources/sdmxml/schemas/v2_1/common">COCOS (KEELING) ISLANDS</Name>
        </Code>
        <Code id="CD" urn="urn:sdmx:org.sdmx.infomodel.codelist.Code=ESTAT:CL_COUNTRY_CODE_BOP(1.0).CD">
          <Name xml:lang="en" xmlns="http://www.sdmx.org/resources/sdmxml/schemas/v2_1/common">CONGO, THE DEMOCRATIC REPUBLIC OF THE</Name>
        </Code>
        <Code id="CF" urn="urn:sdmx:org.sdmx.infomodel.codelist.Code=ESTAT:CL_COUNTRY_CODE_BOP(1.0).CF">
          <Name xml:lang="en" xmlns="http://www.sdmx.org/resources/sdmxml/schemas/v2_1/common">CENTRAL AFRICAN REPUBLIC</Name>
        </Code>
        <Code id="CG" urn="urn:sdmx:org.sdmx.infomodel.codelist.Code=ESTAT:CL_COUNTRY_CODE_BOP(1.0).CG">
          <Name xml:lang="en" xmlns="http://www.sdmx.org/resources/sdmxml/schemas/v2_1/common">CONGO</Name>
        </Code>
        <Code id="CH" urn="urn:sdmx:org.sdmx.infomodel.codelist.Code=ESTAT:CL_COUNTRY_CODE_BOP(1.0).CH">
          <Name xml:lang="en" xmlns="http://www.sdmx.org/resources/sdmxml/schemas/v2_1/common">SWITZERLAND</Name>
        </Code>
        <Code id="CI" urn="urn:sdmx:org.sdmx.infomodel.codelist.Code=ESTAT:CL_COUNTRY_CODE_BOP(1.0).CI">
          <Name xml:lang="en" xmlns="http://www.sdmx.org/resources/sdmxml/schemas/v2_1/common">C�TE D'IVOIRE</Name>
        </Code>
        <Code id="CK" urn="urn:sdmx:org.sdmx.infomodel.codelist.Code=ESTAT:CL_COUNTRY_CODE_BOP(1.0).CK">
          <Name xml:lang="en" xmlns="http://www.sdmx.org/resources/sdmxml/schemas/v2_1/common">COOK ISLANDS</Name>
        </Code>
        <Code id="CL" urn="urn:sdmx:org.sdmx.infomodel.codelist.Code=ESTAT:CL_COUNTRY_CODE_BOP(1.0).CL">
          <Name xml:lang="en" xmlns="http://www.sdmx.org/resources/sdmxml/schemas/v2_1/common">CHILE</Name>
        </Code>
        <Code id="CM" urn="urn:sdmx:org.sdmx.infomodel.codelist.Code=ESTAT:CL_COUNTRY_CODE_BOP(1.0).CM">
          <Name xml:lang="en" xmlns="http://www.sdmx.org/resources/sdmxml/schemas/v2_1/common">CAMEROON</Name>
        </Code>
        <Code id="CN" urn="urn:sdmx:org.sdmx.infomodel.codelist.Code=ESTAT:CL_COUNTRY_CODE_BOP(1.0).CN">
          <Name xml:lang="en" xmlns="http://www.sdmx.org/resources/sdmxml/schemas/v2_1/common">CHINA</Name>
        </Code>
        <Code id="CO" urn="urn:sdmx:org.sdmx.infomodel.codelist.Code=ESTAT:CL_COUNTRY_CODE_BOP(1.0).CO">
          <Name xml:lang="en" xmlns="http://www.sdmx.org/resources/sdmxml/schemas/v2_1/common">COLOMBIA</Name>
        </Code>
        <Code id="CR" urn="urn:sdmx:org.sdmx.infomodel.codelist.Code=ESTAT:CL_COUNTRY_CODE_BOP(1.0).CR">
          <Name xml:lang="en" xmlns="http://www.sdmx.org/resources/sdmxml/schemas/v2_1/common">COSTA RICA</Name>
        </Code>
        <Code id="CU" urn="urn:sdmx:org.sdmx.infomodel.codelist.Code=ESTAT:CL_COUNTRY_CODE_BOP(1.0).CU">
          <Name xml:lang="en" xmlns="http://www.sdmx.org/resources/sdmxml/schemas/v2_1/common">CUBA</Name>
        </Code>
        <Code id="CV" urn="urn:sdmx:org.sdmx.infomodel.codelist.Code=ESTAT:CL_COUNTRY_CODE_BOP(1.0).CV">
          <Name xml:lang="en" xmlns="http://www.sdmx.org/resources/sdmxml/schemas/v2_1/common">CAPE VERDE</Name>
        </Code>
        <Code id="CX" urn="urn:sdmx:org.sdmx.infomodel.codelist.Code=ESTAT:CL_COUNTRY_CODE_BOP(1.0).CX">
          <Name xml:lang="en" xmlns="http://www.sdmx.org/resources/sdmxml/schemas/v2_1/common">CHRISTMAS ISLAND</Name>
        </Code>
        <Code id="CY" urn="urn:sdmx:org.sdmx.infomodel.codelist.Code=ESTAT:CL_COUNTRY_CODE_BOP(1.0).CY">
          <Name xml:lang="en" xmlns="http://www.sdmx.org/resources/sdmxml/schemas/v2_1/common">CYPRUS</Name>
        </Code>
        <Code id="CZ" urn="urn:sdmx:org.sdmx.infomodel.codelist.Code=ESTAT:CL_COUNTRY_CODE_BOP(1.0).CZ">
          <Name xml:lang="en" xmlns="http://www.sdmx.org/resources/sdmxml/schemas/v2_1/common">CZECH REPUBLIC</Name>
        </Code>
        <Code id="DE" urn="urn:sdmx:org.sdmx.infomodel.codelist.Code=ESTAT:CL_COUNTRY_CODE_BOP(1.0).DE">
          <Name xml:lang="en" xmlns="http://www.sdmx.org/resources/sdmxml/schemas/v2_1/common">GERMANY</Name>
        </Code>
        <Code id="DJ" urn="urn:sdmx:org.sdmx.infomodel.codelist.Code=ESTAT:CL_COUNTRY_CODE_BOP(1.0).DJ">
          <Name xml:lang="en" xmlns="http://www.sdmx.org/resources/sdmxml/schemas/v2_1/common">DJIBOUTI</Name>
        </Code>
        <Code id="DK" urn="urn:sdmx:org.sdmx.infomodel.codelist.Code=ESTAT:CL_COUNTRY_CODE_BOP(1.0).DK">
          <Name xml:lang="en" xmlns="http://www.sdmx.org/resources/sdmxml/schemas/v2_1/common">DENMARK</Name>
        </Code>
        <Code id="DM" urn="urn:sdmx:org.sdmx.infomodel.codelist.Code=ESTAT:CL_COUNTRY_CODE_BOP(1.0).DM">
          <Name xml:lang="en" xmlns="http://www.sdmx.org/resources/sdmxml/schemas/v2_1/common">DOMINICA</Name>
        </Code>
        <Code id="DO" urn="urn:sdmx:org.sdmx.infomodel.codelist.Code=ESTAT:CL_COUNTRY_CODE_BOP(1.0).DO">
          <Name xml:lang="en" xmlns="http://www.sdmx.org/resources/sdmxml/schemas/v2_1/common">DOMINICAN REPUBLIC</Name>
        </Code>
        <Code id="DZ" urn="urn:sdmx:org.sdmx.infomodel.codelist.Code=ESTAT:CL_COUNTRY_CODE_BOP(1.0).DZ">
          <Name xml:lang="en" xmlns="http://www.sdmx.org/resources/sdmxml/schemas/v2_1/common">ALGERIA</Name>
        </Code>
        <Code id="EC" urn="urn:sdmx:org.sdmx.infomodel.codelist.Code=ESTAT:CL_COUNTRY_CODE_BOP(1.0).EC">
          <Name xml:lang="en" xmlns="http://www.sdmx.org/resources/sdmxml/schemas/v2_1/common">ECUADOR</Name>
        </Code>
        <Code id="EE" urn="urn:sdmx:org.sdmx.infomodel.codelist.Code=ESTAT:CL_COUNTRY_CODE_BOP(1.0).EE">
          <Name xml:lang="en" xmlns="http://www.sdmx.org/resources/sdmxml/schemas/v2_1/common">ESTONIA</Name>
        </Code>
        <Code id="EG" urn="urn:sdmx:org.sdmx.infomodel.codelist.Code=ESTAT:CL_COUNTRY_CODE_BOP(1.0).EG">
          <Name xml:lang="en" xmlns="http://www.sdmx.org/resources/sdmxml/schemas/v2_1/common">EGYPT</Name>
        </Code>
        <Code id="EH" urn="urn:sdmx:org.sdmx.infomodel.codelist.Code=ESTAT:CL_COUNTRY_CODE_BOP(1.0).EH">
          <Name xml:lang="en" xmlns="http://www.sdmx.org/resources/sdmxml/schemas/v2_1/common">WESTERN SAHARA</Name>
        </Code>
        <Code id="ER" urn="urn:sdmx:org.sdmx.infomodel.codelist.Code=ESTAT:CL_COUNTRY_CODE_BOP(1.0).ER">
          <Name xml:lang="en" xmlns="http://www.sdmx.org/resources/sdmxml/schemas/v2_1/common">ERITREA</Name>
        </Code>
        <Code id="ES" urn="urn:sdmx:org.sdmx.infomodel.codelist.Code=ESTAT:CL_COUNTRY_CODE_BOP(1.0).ES">
          <Name xml:lang="en" xmlns="http://www.sdmx.org/resources/sdmxml/schemas/v2_1/common">SPAIN</Name>
        </Code>
        <Code id="ET" urn="urn:sdmx:org.sdmx.infomodel.codelist.Code=ESTAT:CL_COUNTRY_CODE_BOP(1.0).ET">
          <Name xml:lang="en" xmlns="http://www.sdmx.org/resources/sdmxml/schemas/v2_1/common">ETHIOPIA</Name>
        </Code>
        <Code id="FI" urn="urn:sdmx:org.sdmx.infomodel.codelist.Code=ESTAT:CL_COUNTRY_CODE_BOP(1.0).FI">
          <Name xml:lang="en" xmlns="http://www.sdmx.org/resources/sdmxml/schemas/v2_1/common">FINLAND</Name>
        </Code>
        <Code id="FJ" urn="urn:sdmx:org.sdmx.infomodel.codelist.Code=ESTAT:CL_COUNTRY_CODE_BOP(1.0).FJ">
          <Name xml:lang="en" xmlns="http://www.sdmx.org/resources/sdmxml/schemas/v2_1/common">FIJI</Name>
        </Code>
        <Code id="FK" urn="urn:sdmx:org.sdmx.infomodel.codelist.Code=ESTAT:CL_COUNTRY_CODE_BOP(1.0).FK">
          <Name xml:lang="en" xmlns="http://www.sdmx.org/resources/sdmxml/schemas/v2_1/common">FALKLAND ISLANDS (MALVINAS)</Name>
        </Code>
        <Code id="FM" urn="urn:sdmx:org.sdmx.infomodel.codelist.Code=ESTAT:CL_COUNTRY_CODE_BOP(1.0).FM">
          <Name xml:lang="en" xmlns="http://www.sdmx.org/resources/sdmxml/schemas/v2_1/common">MICRONESIA, FEDERATED STATES OF</Name>
        </Code>
        <Code id="FO" urn="urn:sdmx:org.sdmx.infomodel.codelist.Code=ESTAT:CL_COUNTRY_CODE_BOP(1.0).FO">
          <Name xml:lang="en" xmlns="http://www.sdmx.org/resources/sdmxml/schemas/v2_1/common">FAROE ISLANDS</Name>
        </Code>
        <Code id="FR" urn="urn:sdmx:org.sdmx.infomodel.codelist.Code=ESTAT:CL_COUNTRY_CODE_BOP(1.0).FR">
          <Name xml:lang="en" xmlns="http://www.sdmx.org/resources/sdmxml/schemas/v2_1/common">FRANCE</Name>
        </Code>
        <Code id="GA" urn="urn:sdmx:org.sdmx.infomodel.codelist.Code=ESTAT:CL_COUNTRY_CODE_BOP(1.0).GA">
          <Name xml:lang="en" xmlns="http://www.sdmx.org/resources/sdmxml/schemas/v2_1/common">GABON</Name>
        </Code>
        <Code id="GB" urn="urn:sdmx:org.sdmx.infomodel.codelist.Code=ESTAT:CL_COUNTRY_CODE_BOP(1.0).GB">
          <Name xml:lang="en" xmlns="http://www.sdmx.org/resources/sdmxml/schemas/v2_1/common">UNITED KINGDOM</Name>
        </Code>
        <Code id="GD" urn="urn:sdmx:org.sdmx.infomodel.codelist.Code=ESTAT:CL_COUNTRY_CODE_BOP(1.0).GD">
          <Name xml:lang="en" xmlns="http://www.sdmx.org/resources/sdmxml/schemas/v2_1/common">GRENADA</Name>
        </Code>
        <Code id="GE" urn="urn:sdmx:org.sdmx.infomodel.codelist.Code=ESTAT:CL_COUNTRY_CODE_BOP(1.0).GE">
          <Name xml:lang="en" xmlns="http://www.sdmx.org/resources/sdmxml/schemas/v2_1/common">GEORGIA</Name>
        </Code>
        <Code id="GF" urn="urn:sdmx:org.sdmx.infomodel.codelist.Code=ESTAT:CL_COUNTRY_CODE_BOP(1.0).GF">
          <Name xml:lang="en" xmlns="http://www.sdmx.org/resources/sdmxml/schemas/v2_1/common">FRENCH GUIANA</Name>
        </Code>
        <Code id="GG" urn="urn:sdmx:org.sdmx.infomodel.codelist.Code=ESTAT:CL_COUNTRY_CODE_BOP(1.0).GG">
          <Name xml:lang="en" xmlns="http://www.sdmx.org/resources/sdmxml/schemas/v2_1/common">GUERNSEY</Name>
        </Code>
        <Code id="GH" urn="urn:sdmx:org.sdmx.infomodel.codelist.Code=ESTAT:CL_COUNTRY_CODE_BOP(1.0).GH">
          <Name xml:lang="en" xmlns="http://www.sdmx.org/resources/sdmxml/schemas/v2_1/common">GHANA</Name>
        </Code>
        <Code id="GI" urn="urn:sdmx:org.sdmx.infomodel.codelist.Code=ESTAT:CL_COUNTRY_CODE_BOP(1.0).GI">
          <Name xml:lang="en" xmlns="http://www.sdmx.org/resources/sdmxml/schemas/v2_1/common">GIBRALTAR</Name>
        </Code>
        <Code id="GL" urn="urn:sdmx:org.sdmx.infomodel.codelist.Code=ESTAT:CL_COUNTRY_CODE_BOP(1.0).GL">
          <Name xml:lang="en" xmlns="http://www.sdmx.org/resources/sdmxml/schemas/v2_1/common">GREENLAND</Name>
        </Code>
        <Code id="GM" urn="urn:sdmx:org.sdmx.infomodel.codelist.Code=ESTAT:CL_COUNTRY_CODE_BOP(1.0).GM">
          <Name xml:lang="en" xmlns="http://www.sdmx.org/resources/sdmxml/schemas/v2_1/common">GAMBIA</Name>
        </Code>
        <Code id="GN" urn="urn:sdmx:org.sdmx.infomodel.codelist.Code=ESTAT:CL_COUNTRY_CODE_BOP(1.0).GN">
          <Name xml:lang="en" xmlns="http://www.sdmx.org/resources/sdmxml/schemas/v2_1/common">GUINEA</Name>
        </Code>
        <Code id="GP" urn="urn:sdmx:org.sdmx.infomodel.codelist.Code=ESTAT:CL_COUNTRY_CODE_BOP(1.0).GP">
          <Name xml:lang="en" xmlns="http://www.sdmx.org/resources/sdmxml/schemas/v2_1/common">GUADELOUPE</Name>
        </Code>
        <Code id="GQ" urn="urn:sdmx:org.sdmx.infomodel.codelist.Code=ESTAT:CL_COUNTRY_CODE_BOP(1.0).GQ">
          <Name xml:lang="en" xmlns="http://www.sdmx.org/resources/sdmxml/schemas/v2_1/common">EQUATORIAL GUINEA</Name>
        </Code>
        <Code id="GR" urn="urn:sdmx:org.sdmx.infomodel.codelist.Code=ESTAT:CL_COUNTRY_CODE_BOP(1.0).GR">
          <Name xml:lang="en" xmlns="http://www.sdmx.org/resources/sdmxml/schemas/v2_1/common">GREECE</Name>
        </Code>
        <Code id="GS" urn="urn:sdmx:org.sdmx.infomodel.codelist.Code=ESTAT:CL_COUNTRY_CODE_BOP(1.0).GS">
          <Name xml:lang="en" xmlns="http://www.sdmx.org/resources/sdmxml/schemas/v2_1/common">SOUTH GEORGIA AND THE SOUTH SANDWICH ISLANDS</Name>
        </Code>
        <Code id="GT" urn="urn:sdmx:org.sdmx.infomodel.codelist.Code=ESTAT:CL_COUNTRY_CODE_BOP(1.0).GT">
          <Name xml:lang="en" xmlns="http://www.sdmx.org/resources/sdmxml/schemas/v2_1/common">GUATEMALA</Name>
        </Code>
        <Code id="GU" urn="urn:sdmx:org.sdmx.infomodel.codelist.Code=ESTAT:CL_COUNTRY_CODE_BOP(1.0).GU">
          <Name xml:lang="en" xmlns="http://www.sdmx.org/resources/sdmxml/schemas/v2_1/common">GUAM</Name>
        </Code>
        <Code id="GW" urn="urn:sdmx:org.sdmx.infomodel.codelist.Code=ESTAT:CL_COUNTRY_CODE_BOP(1.0).GW">
          <Name xml:lang="en" xmlns="http://www.sdmx.org/resources/sdmxml/schemas/v2_1/common">GUINEA-BISSAU</Name>
        </Code>
        <Code id="GY" urn="urn:sdmx:org.sdmx.infomodel.codelist.Code=ESTAT:CL_COUNTRY_CODE_BOP(1.0).GY">
          <Name xml:lang="en" xmlns="http://www.sdmx.org/resources/sdmxml/schemas/v2_1/common">GUYANA</Name>
        </Code>
        <Code id="HK" urn="urn:sdmx:org.sdmx.infomodel.codelist.Code=ESTAT:CL_COUNTRY_CODE_BOP(1.0).HK">
          <Name xml:lang="en" xmlns="http://www.sdmx.org/resources/sdmxml/schemas/v2_1/common">HONG KONG</Name>
        </Code>
        <Code id="HM" urn="urn:sdmx:org.sdmx.infomodel.codelist.Code=ESTAT:CL_COUNTRY_CODE_BOP(1.0).HM">
          <Name xml:lang="en" xmlns="http://www.sdmx.org/resources/sdmxml/schemas/v2_1/common">HEARD ISLAND AND MCDONALD ISLANDS</Name>
        </Code>
        <Code id="HN" urn="urn:sdmx:org.sdmx.infomodel.codelist.Code=ESTAT:CL_COUNTRY_CODE_BOP(1.0).HN">
          <Name xml:lang="en" xmlns="http://www.sdmx.org/resources/sdmxml/schemas/v2_1/common">HONDURAS</Name>
        </Code>
        <Code id="HR" urn="urn:sdmx:org.sdmx.infomodel.codelist.Code=ESTAT:CL_COUNTRY_CODE_BOP(1.0).HR">
          <Name xml:lang="en" xmlns="http://www.sdmx.org/resources/sdmxml/schemas/v2_1/common">CROATIA</Name>
        </Code>
        <Code id="HT" urn="urn:sdmx:org.sdmx.infomodel.codelist.Code=ESTAT:CL_COUNTRY_CODE_BOP(1.0).HT">
          <Name xml:lang="en" xmlns="http://www.sdmx.org/resources/sdmxml/schemas/v2_1/common">HAITI</Name>
        </Code>
        <Code id="HU" urn="urn:sdmx:org.sdmx.infomodel.codelist.Code=ESTAT:CL_COUNTRY_CODE_BOP(1.0).HU">
          <Name xml:lang="en" xmlns="http://www.sdmx.org/resources/sdmxml/schemas/v2_1/common">HUNGARY</Name>
        </Code>
        <Code id="ID" urn="urn:sdmx:org.sdmx.infomodel.codelist.Code=ESTAT:CL_COUNTRY_CODE_BOP(1.0).ID">
          <Name xml:lang="en" xmlns="http://www.sdmx.org/resources/sdmxml/schemas/v2_1/common">INDONESIA</Name>
        </Code>
        <Code id="IE" urn="urn:sdmx:org.sdmx.infomodel.codelist.Code=ESTAT:CL_COUNTRY_CODE_BOP(1.0).IE">
          <Name xml:lang="en" xmlns="http://www.sdmx.org/resources/sdmxml/schemas/v2_1/common">IRELAND</Name>
        </Code>
        <Code id="IL" urn="urn:sdmx:org.sdmx.infomodel.codelist.Code=ESTAT:CL_COUNTRY_CODE_BOP(1.0).IL">
          <Name xml:lang="en" xmlns="http://www.sdmx.org/resources/sdmxml/schemas/v2_1/common">ISRAEL</Name>
        </Code>
        <Code id="IM" urn="urn:sdmx:org.sdmx.infomodel.codelist.Code=ESTAT:CL_COUNTRY_CODE_BOP(1.0).IM">
          <Name xml:lang="en" xmlns="http://www.sdmx.org/resources/sdmxml/schemas/v2_1/common">ISLE OF MAN</Name>
        </Code>
        <Code id="IN" urn="urn:sdmx:org.sdmx.infomodel.codelist.Code=ESTAT:CL_COUNTRY_CODE_BOP(1.0).IN">
          <Name xml:lang="en" xmlns="http://www.sdmx.org/resources/sdmxml/schemas/v2_1/common">INDIA</Name>
        </Code>
        <Code id="IO" urn="urn:sdmx:org.sdmx.infomodel.codelist.Code=ESTAT:CL_COUNTRY_CODE_BOP(1.0).IO">
          <Name xml:lang="en" xmlns="http://www.sdmx.org/resources/sdmxml/schemas/v2_1/common">BRITISH INDIAN OCEAN TERRITORY</Name>
        </Code>
        <Code id="IQ" urn="urn:sdmx:org.sdmx.infomodel.codelist.Code=ESTAT:CL_COUNTRY_CODE_BOP(1.0).IQ">
          <Name xml:lang="en" xmlns="http://www.sdmx.org/resources/sdmxml/schemas/v2_1/common">IRAQ</Name>
        </Code>
        <Code id="IR" urn="urn:sdmx:org.sdmx.infomodel.codelist.Code=ESTAT:CL_COUNTRY_CODE_BOP(1.0).IR">
          <Name xml:lang="en" xmlns="http://www.sdmx.org/resources/sdmxml/schemas/v2_1/common">IRAN, ISLAMIC REPUBLIC OF</Name>
        </Code>
        <Code id="IS" urn="urn:sdmx:org.sdmx.infomodel.codelist.Code=ESTAT:CL_COUNTRY_CODE_BOP(1.0).IS">
          <Name xml:lang="en" xmlns="http://www.sdmx.org/resources/sdmxml/schemas/v2_1/common">ICELAND</Name>
        </Code>
        <Code id="IT" urn="urn:sdmx:org.sdmx.infomodel.codelist.Code=ESTAT:CL_COUNTRY_CODE_BOP(1.0).IT">
          <Name xml:lang="en" xmlns="http://www.sdmx.org/resources/sdmxml/schemas/v2_1/common">ITALY</Name>
        </Code>
        <Code id="JE" urn="urn:sdmx:org.sdmx.infomodel.codelist.Code=ESTAT:CL_COUNTRY_CODE_BOP(1.0).JE">
          <Name xml:lang="en" xmlns="http://www.sdmx.org/resources/sdmxml/schemas/v2_1/common">JERSEY</Name>
        </Code>
        <Code id="JM" urn="urn:sdmx:org.sdmx.infomodel.codelist.Code=ESTAT:CL_COUNTRY_CODE_BOP(1.0).JM">
          <Name xml:lang="en" xmlns="http://www.sdmx.org/resources/sdmxml/schemas/v2_1/common">JAMAICA</Name>
        </Code>
        <Code id="JO" urn="urn:sdmx:org.sdmx.infomodel.codelist.Code=ESTAT:CL_COUNTRY_CODE_BOP(1.0).JO">
          <Name xml:lang="en" xmlns="http://www.sdmx.org/resources/sdmxml/schemas/v2_1/common">JORDAN</Name>
        </Code>
        <Code id="JP" urn="urn:sdmx:org.sdmx.infomodel.codelist.Code=ESTAT:CL_COUNTRY_CODE_BOP(1.0).JP">
          <Name xml:lang="en" xmlns="http://www.sdmx.org/resources/sdmxml/schemas/v2_1/common">JAPAN</Name>
        </Code>
        <Code id="KE" urn="urn:sdmx:org.sdmx.infomodel.codelist.Code=ESTAT:CL_COUNTRY_CODE_BOP(1.0).KE">
          <Name xml:lang="en" xmlns="http://www.sdmx.org/resources/sdmxml/schemas/v2_1/common">KENYA</Name>
        </Code>
        <Code id="KG" urn="urn:sdmx:org.sdmx.infomodel.codelist.Code=ESTAT:CL_COUNTRY_CODE_BOP(1.0).KG">
          <Name xml:lang="en" xmlns="http://www.sdmx.org/resources/sdmxml/schemas/v2_1/common">KYRGYZSTAN</Name>
        </Code>
        <Code id="KH" urn="urn:sdmx:org.sdmx.infomodel.codelist.Code=ESTAT:CL_COUNTRY_CODE_BOP(1.0).KH">
          <Name xml:lang="en" xmlns="http://www.sdmx.org/resources/sdmxml/schemas/v2_1/common">CAMBODIA</Name>
        </Code>
        <Code id="KI" urn="urn:sdmx:org.sdmx.infomodel.codelist.Code=ESTAT:CL_COUNTRY_CODE_BOP(1.0).KI">
          <Name xml:lang="en" xmlns="http://www.sdmx.org/resources/sdmxml/schemas/v2_1/common">KIRIBATI</Name>
        </Code>
        <Code id="KM" urn="urn:sdmx:org.sdmx.infomodel.codelist.Code=ESTAT:CL_COUNTRY_CODE_BOP(1.0).KM">
          <Name xml:lang="en" xmlns="http://www.sdmx.org/resources/sdmxml/schemas/v2_1/common">COMOROS</Name>
        </Code>
        <Code id="KN" urn="urn:sdmx:org.sdmx.infomodel.codelist.Code=ESTAT:CL_COUNTRY_CODE_BOP(1.0).KN">
          <Name xml:lang="en" xmlns="http://www.sdmx.org/resources/sdmxml/schemas/v2_1/common">SAINT KITTS AND NEVIS</Name>
        </Code>
        <Code id="KP" urn="urn:sdmx:org.sdmx.infomodel.codelist.Code=ESTAT:CL_COUNTRY_CODE_BOP(1.0).KP">
          <Name xml:lang="en" xmlns="http://www.sdmx.org/resources/sdmxml/schemas/v2_1/common">KOREA, DEMOCRATIC PEOPLE'S REPUBLIC OF</Name>
        </Code>
        <Code id="KR" urn="urn:sdmx:org.sdmx.infomodel.codelist.Code=ESTAT:CL_COUNTRY_CODE_BOP(1.0).KR">
          <Name xml:lang="en" xmlns="http://www.sdmx.org/resources/sdmxml/schemas/v2_1/common">KOREA, REPUBLIC OF</Name>
        </Code>
        <Code id="KW" urn="urn:sdmx:org.sdmx.infomodel.codelist.Code=ESTAT:CL_COUNTRY_CODE_BOP(1.0).KW">
          <Name xml:lang="en" xmlns="http://www.sdmx.org/resources/sdmxml/schemas/v2_1/common">KUWAIT</Name>
        </Code>
        <Code id="KY" urn="urn:sdmx:org.sdmx.infomodel.codelist.Code=ESTAT:CL_COUNTRY_CODE_BOP(1.0).KY">
          <Name xml:lang="en" xmlns="http://www.sdmx.org/resources/sdmxml/schemas/v2_1/common">CAYMAN ISLANDS</Name>
        </Code>
        <Code id="KZ" urn="urn:sdmx:org.sdmx.infomodel.codelist.Code=ESTAT:CL_COUNTRY_CODE_BOP(1.0).KZ">
          <Name xml:lang="en" xmlns="http://www.sdmx.org/resources/sdmxml/schemas/v2_1/common">KAZAKHSTAN</Name>
        </Code>
        <Code id="LA" urn="urn:sdmx:org.sdmx.infomodel.codelist.Code=ESTAT:CL_COUNTRY_CODE_BOP(1.0).LA">
          <Name xml:lang="en" xmlns="http://www.sdmx.org/resources/sdmxml/schemas/v2_1/common">LAO PEOPLE'S DEMOCRATIC REPUBLIC</Name>
        </Code>
        <Code id="LB" urn="urn:sdmx:org.sdmx.infomodel.codelist.Code=ESTAT:CL_COUNTRY_CODE_BOP(1.0).LB">
          <Name xml:lang="en" xmlns="http://www.sdmx.org/resources/sdmxml/schemas/v2_1/common">LEBANON</Name>
        </Code>
        <Code id="LC" urn="urn:sdmx:org.sdmx.infomodel.codelist.Code=ESTAT:CL_COUNTRY_CODE_BOP(1.0).LC">
          <Name xml:lang="en" xmlns="http://www.sdmx.org/resources/sdmxml/schemas/v2_1/common">SAINT LUCIA</Name>
        </Code>
        <Code id="LI" urn="urn:sdmx:org.sdmx.infomodel.codelist.Code=ESTAT:CL_COUNTRY_CODE_BOP(1.0).LI">
          <Name xml:lang="en" xmlns="http://www.sdmx.org/resources/sdmxml/schemas/v2_1/common">LIECHTENSTEIN</Name>
        </Code>
        <Code id="LK" urn="urn:sdmx:org.sdmx.infomodel.codelist.Code=ESTAT:CL_COUNTRY_CODE_BOP(1.0).LK">
          <Name xml:lang="en" xmlns="http://www.sdmx.org/resources/sdmxml/schemas/v2_1/common">SRI LANKA</Name>
        </Code>
        <Code id="LR" urn="urn:sdmx:org.sdmx.infomodel.codelist.Code=ESTAT:CL_COUNTRY_CODE_BOP(1.0).LR">
          <Name xml:lang="en" xmlns="http://www.sdmx.org/resources/sdmxml/schemas/v2_1/common">LIBERIA</Name>
        </Code>
        <Code id="LS" urn="urn:sdmx:org.sdmx.infomodel.codelist.Code=ESTAT:CL_COUNTRY_CODE_BOP(1.0).LS">
          <Name xml:lang="en" xmlns="http://www.sdmx.org/resources/sdmxml/schemas/v2_1/common">LESOTHO</Name>
        </Code>
        <Code id="LT" urn="urn:sdmx:org.sdmx.infomodel.codelist.Code=ESTAT:CL_COUNTRY_CODE_BOP(1.0).LT">
          <Name xml:lang="en" xmlns="http://www.sdmx.org/resources/sdmxml/schemas/v2_1/common">LITHUANIA</Name>
        </Code>
        <Code id="LU" urn="urn:sdmx:org.sdmx.infomodel.codelist.Code=ESTAT:CL_COUNTRY_CODE_BOP(1.0).LU">
          <Name xml:lang="en" xmlns="http://www.sdmx.org/resources/sdmxml/schemas/v2_1/common">LUXEMBOURG</Name>
        </Code>
        <Code id="LV" urn="urn:sdmx:org.sdmx.infomodel.codelist.Code=ESTAT:CL_COUNTRY_CODE_BOP(1.0).LV">
          <Name xml:lang="en" xmlns="http://www.sdmx.org/resources/sdmxml/schemas/v2_1/common">LATVIA</Name>
        </Code>
        <Code id="LY" urn="urn:sdmx:org.sdmx.infomodel.codelist.Code=ESTAT:CL_COUNTRY_CODE_BOP(1.0).LY">
          <Name xml:lang="en" xmlns="http://www.sdmx.org/resources/sdmxml/schemas/v2_1/common">LIBYAN ARAB JAMAHIRIYA</Name>
        </Code>
        <Code id="MA" urn="urn:sdmx:org.sdmx.infomodel.codelist.Code=ESTAT:CL_COUNTRY_CODE_BOP(1.0).MA">
          <Name xml:lang="en" xmlns="http://www.sdmx.org/resources/sdmxml/schemas/v2_1/common">MOROCCO</Name>
        </Code>
        <Code id="MC" urn="urn:sdmx:org.sdmx.infomodel.codelist.Code=ESTAT:CL_COUNTRY_CODE_BOP(1.0).MC">
          <Name xml:lang="en" xmlns="http://www.sdmx.org/resources/sdmxml/schemas/v2_1/common">MONACO</Name>
        </Code>
        <Code id="MD" urn="urn:sdmx:org.sdmx.infomodel.codelist.Code=ESTAT:CL_COUNTRY_CODE_BOP(1.0).MD">
          <Name xml:lang="en" xmlns="http://www.sdmx.org/resources/sdmxml/schemas/v2_1/common">MOLDOVA, REPUBLIC OF</Name>
        </Code>
        <Code id="ME" urn="urn:sdmx:org.sdmx.infomodel.codelist.Code=ESTAT:CL_COUNTRY_CODE_BOP(1.0).ME">
          <Name xml:lang="en" xmlns="http://www.sdmx.org/resources/sdmxml/schemas/v2_1/common">MONTENEGRO</Name>
        </Code>
        <Code id="MF" urn="urn:sdmx:org.sdmx.infomodel.codelist.Code=ESTAT:CL_COUNTRY_CODE_BOP(1.0).MF">
          <Name xml:lang="en" xmlns="http://www.sdmx.org/resources/sdmxml/schemas/v2_1/common">SAINT MARTIN</Name>
        </Code>
        <Code id="MG" urn="urn:sdmx:org.sdmx.infomodel.codelist.Code=ESTAT:CL_COUNTRY_CODE_BOP(1.0).MG">
          <Name xml:lang="en" xmlns="http://www.sdmx.org/resources/sdmxml/schemas/v2_1/common">MADAGASCAR</Name>
        </Code>
        <Code id="MH" urn="urn:sdmx:org.sdmx.infomodel.codelist.Code=ESTAT:CL_COUNTRY_CODE_BOP(1.0).MH">
          <Name xml:lang="en" xmlns="http://www.sdmx.org/resources/sdmxml/schemas/v2_1/common">MARSHALL ISLANDS</Name>
        </Code>
        <Code id="MK" urn="urn:sdmx:org.sdmx.infomodel.codelist.Code=ESTAT:CL_COUNTRY_CODE_BOP(1.0).MK">
          <Name xml:lang="en" xmlns="http://www.sdmx.org/resources/sdmxml/schemas/v2_1/common">MACEDONIA, THE FORMER YUGOSLAV REPUBLIC OF</Name>
        </Code>
        <Code id="ML" urn="urn:sdmx:org.sdmx.infomodel.codelist.Code=ESTAT:CL_COUNTRY_CODE_BOP(1.0).ML">
          <Name xml:lang="en" xmlns="http://www.sdmx.org/resources/sdmxml/schemas/v2_1/common">MALI</Name>
        </Code>
        <Code id="MM" urn="urn:sdmx:org.sdmx.infomodel.codelist.Code=ESTAT:CL_COUNTRY_CODE_BOP(1.0).MM">
          <Name xml:lang="en" xmlns="http://www.sdmx.org/resources/sdmxml/schemas/v2_1/common">MYANMAR</Name>
        </Code>
        <Code id="MN" urn="urn:sdmx:org.sdmx.infomodel.codelist.Code=ESTAT:CL_COUNTRY_CODE_BOP(1.0).MN">
          <Name xml:lang="en" xmlns="http://www.sdmx.org/resources/sdmxml/schemas/v2_1/common">MONGOLIA</Name>
        </Code>
        <Code id="MO" urn="urn:sdmx:org.sdmx.infomodel.codelist.Code=ESTAT:CL_COUNTRY_CODE_BOP(1.0).MO">
          <Name xml:lang="en" xmlns="http://www.sdmx.org/resources/sdmxml/schemas/v2_1/common">MACAO</Name>
        </Code>
        <Code id="MP" urn="urn:sdmx:org.sdmx.infomodel.codelist.Code=ESTAT:CL_COUNTRY_CODE_BOP(1.0).MP">
          <Name xml:lang="en" xmlns="http://www.sdmx.org/resources/sdmxml/schemas/v2_1/common">NORTHERN MARIANA ISLANDS</Name>
        </Code>
        <Code id="MQ" urn="urn:sdmx:org.sdmx.infomodel.codelist.Code=ESTAT:CL_COUNTRY_CODE_BOP(1.0).MQ">
          <Name xml:lang="en" xmlns="http://www.sdmx.org/resources/sdmxml/schemas/v2_1/common">MARTINIQUE</Name>
        </Code>
        <Code id="MR" urn="urn:sdmx:org.sdmx.infomodel.codelist.Code=ESTAT:CL_COUNTRY_CODE_BOP(1.0).MR">
          <Name xml:lang="en" xmlns="http://www.sdmx.org/resources/sdmxml/schemas/v2_1/common">MAURITANIA</Name>
        </Code>
        <Code id="MS" urn="urn:sdmx:org.sdmx.infomodel.codelist.Code=ESTAT:CL_COUNTRY_CODE_BOP(1.0).MS">
          <Name xml:lang="en" xmlns="http://www.sdmx.org/resources/sdmxml/schemas/v2_1/common">MONTSERRAT</Name>
        </Code>
        <Code id="MT" urn="urn:sdmx:org.sdmx.infomodel.codelist.Code=ESTAT:CL_COUNTRY_CODE_BOP(1.0).MT">
          <Name xml:lang="en" xmlns="http://www.sdmx.org/resources/sdmxml/schemas/v2_1/common">MALTA</Name>
        </Code>
        <Code id="MU" urn="urn:sdmx:org.sdmx.infomodel.codelist.Code=ESTAT:CL_COUNTRY_CODE_BOP(1.0).MU">
          <Name xml:lang="en" xmlns="http://www.sdmx.org/resources/sdmxml/schemas/v2_1/common">MAURITIUS</Name>
        </Code>
        <Code id="MV" urn="urn:sdmx:org.sdmx.infomodel.codelist.Code=ESTAT:CL_COUNTRY_CODE_BOP(1.0).MV">
          <Name xml:lang="en" xmlns="http://www.sdmx.org/resources/sdmxml/schemas/v2_1/common">MALDIVES</Name>
        </Code>
        <Code id="MW" urn="urn:sdmx:org.sdmx.infomodel.codelist.Code=ESTAT:CL_COUNTRY_CODE_BOP(1.0).MW">
          <Name xml:lang="en" xmlns="http://www.sdmx.org/resources/sdmxml/schemas/v2_1/common">MALAWI</Name>
        </Code>
        <Code id="MX" urn="urn:sdmx:org.sdmx.infomodel.codelist.Code=ESTAT:CL_COUNTRY_CODE_BOP(1.0).MX">
          <Name xml:lang="en" xmlns="http://www.sdmx.org/resources/sdmxml/schemas/v2_1/common">MEXICO</Name>
        </Code>
        <Code id="MY" urn="urn:sdmx:org.sdmx.infomodel.codelist.Code=ESTAT:CL_COUNTRY_CODE_BOP(1.0).MY">
          <Name xml:lang="en" xmlns="http://www.sdmx.org/resources/sdmxml/schemas/v2_1/common">MALAYSIA</Name>
        </Code>
        <Code id="MZ" urn="urn:sdmx:org.sdmx.infomodel.codelist.Code=ESTAT:CL_COUNTRY_CODE_BOP(1.0).MZ">
          <Name xml:lang="en" xmlns="http://www.sdmx.org/resources/sdmxml/schemas/v2_1/common">MOZAMBIQUE</Name>
        </Code>
        <Code id="NA" urn="urn:sdmx:org.sdmx.infomodel.codelist.Code=ESTAT:CL_COUNTRY_CODE_BOP(1.0).NA">
          <Name xml:lang="en" xmlns="http://www.sdmx.org/resources/sdmxml/schemas/v2_1/common">NAMIBIA</Name>
        </Code>
        <Code id="NC" urn="urn:sdmx:org.sdmx.infomodel.codelist.Code=ESTAT:CL_COUNTRY_CODE_BOP(1.0).NC">
          <Name xml:lang="en" xmlns="http://www.sdmx.org/resources/sdmxml/schemas/v2_1/common">NEW CALEDONIA</Name>
        </Code>
        <Code id="NE" urn="urn:sdmx:org.sdmx.infomodel.codelist.Code=ESTAT:CL_COUNTRY_CODE_BOP(1.0).NE">
          <Name xml:lang="en" xmlns="http://www.sdmx.org/resources/sdmxml/schemas/v2_1/common">NIGER</Name>
        </Code>
        <Code id="NF" urn="urn:sdmx:org.sdmx.infomodel.codelist.Code=ESTAT:CL_COUNTRY_CODE_BOP(1.0).NF">
          <Name xml:lang="en" xmlns="http://www.sdmx.org/resources/sdmxml/schemas/v2_1/common">NORFOLK ISLAND</Name>
        </Code>
        <Code id="NG" urn="urn:sdmx:org.sdmx.infomodel.codelist.Code=ESTAT:CL_COUNTRY_CODE_BOP(1.0).NG">
          <Name xml:lang="en" xmlns="http://www.sdmx.org/resources/sdmxml/schemas/v2_1/common">NIGERIA</Name>
        </Code>
        <Code id="NI" urn="urn:sdmx:org.sdmx.infomodel.codelist.Code=ESTAT:CL_COUNTRY_CODE_BOP(1.0).NI">
          <Name xml:lang="en" xmlns="http://www.sdmx.org/resources/sdmxml/schemas/v2_1/common">NICARAGUA</Name>
        </Code>
        <Code id="NL" urn="urn:sdmx:org.sdmx.infomodel.codelist.Code=ESTAT:CL_COUNTRY_CODE_BOP(1.0).NL">
          <Name xml:lang="en" xmlns="http://www.sdmx.org/resources/sdmxml/schemas/v2_1/common">NETHERLANDS</Name>
        </Code>
        <Code id="NO" urn="urn:sdmx:org.sdmx.infomodel.codelist.Code=ESTAT:CL_COUNTRY_CODE_BOP(1.0).NO">
          <Name xml:lang="en" xmlns="http://www.sdmx.org/resources/sdmxml/schemas/v2_1/common">NORWAY</Name>
        </Code>
        <Code id="NP" urn="urn:sdmx:org.sdmx.infomodel.codelist.Code=ESTAT:CL_COUNTRY_CODE_BOP(1.0).NP">
          <Name xml:lang="en" xmlns="http://www.sdmx.org/resources/sdmxml/schemas/v2_1/common">NEPAL</Name>
        </Code>
        <Code id="NR" urn="urn:sdmx:org.sdmx.infomodel.codelist.Code=ESTAT:CL_COUNTRY_CODE_BOP(1.0).NR">
          <Name xml:lang="en" xmlns="http://www.sdmx.org/resources/sdmxml/schemas/v2_1/common">NAURU</Name>
        </Code>
        <Code id="NU" urn="urn:sdmx:org.sdmx.infomodel.codelist.Code=ESTAT:CL_COUNTRY_CODE_BOP(1.0).NU">
          <Name xml:lang="en" xmlns="http://www.sdmx.org/resources/sdmxml/schemas/v2_1/common">NIUE</Name>
        </Code>
        <Code id="NZ" urn="urn:sdmx:org.sdmx.infomodel.codelist.Code=ESTAT:CL_COUNTRY_CODE_BOP(1.0).NZ">
          <Name xml:lang="en" xmlns="http://www.sdmx.org/resources/sdmxml/schemas/v2_1/common">NEW ZEALAND</Name>
        </Code>
        <Code id="OM" urn="urn:sdmx:org.sdmx.infomodel.codelist.Code=ESTAT:CL_COUNTRY_CODE_BOP(1.0).OM">
          <Name xml:lang="en" xmlns="http://www.sdmx.org/resources/sdmxml/schemas/v2_1/common">OMAN</Name>
        </Code>
        <Code id="PA" urn="urn:sdmx:org.sdmx.infomodel.codelist.Code=ESTAT:CL_COUNTRY_CODE_BOP(1.0).PA">
          <Name xml:lang="en" xmlns="http://www.sdmx.org/resources/sdmxml/schemas/v2_1/common">PANAMA</Name>
        </Code>
        <Code id="PE" urn="urn:sdmx:org.sdmx.infomodel.codelist.Code=ESTAT:CL_COUNTRY_CODE_BOP(1.0).PE">
          <Name xml:lang="en" xmlns="http://www.sdmx.org/resources/sdmxml/schemas/v2_1/common">PERU</Name>
        </Code>
        <Code id="PF" urn="urn:sdmx:org.sdmx.infomodel.codelist.Code=ESTAT:CL_COUNTRY_CODE_BOP(1.0).PF">
          <Name xml:lang="en" xmlns="http://www.sdmx.org/resources/sdmxml/schemas/v2_1/common">FRENCH POLYNESIA</Name>
        </Code>
        <Code id="PG" urn="urn:sdmx:org.sdmx.infomodel.codelist.Code=ESTAT:CL_COUNTRY_CODE_BOP(1.0).PG">
          <Name xml:lang="en" xmlns="http://www.sdmx.org/resources/sdmxml/schemas/v2_1/common">PAPUA NEW GUINEA</Name>
        </Code>
        <Code id="PH" urn="urn:sdmx:org.sdmx.infomodel.codelist.Code=ESTAT:CL_COUNTRY_CODE_BOP(1.0).PH">
          <Name xml:lang="en" xmlns="http://www.sdmx.org/resources/sdmxml/schemas/v2_1/common">PHILIPPINES</Name>
        </Code>
        <Code id="PK" urn="urn:sdmx:org.sdmx.infomodel.codelist.Code=ESTAT:CL_COUNTRY_CODE_BOP(1.0).PK">
          <Name xml:lang="en" xmlns="http://www.sdmx.org/resources/sdmxml/schemas/v2_1/common">PAKISTAN</Name>
        </Code>
        <Code id="PL" urn="urn:sdmx:org.sdmx.infomodel.codelist.Code=ESTAT:CL_COUNTRY_CODE_BOP(1.0).PL">
          <Name xml:lang="en" xmlns="http://www.sdmx.org/resources/sdmxml/schemas/v2_1/common">POLAND</Name>
        </Code>
        <Code id="PM" urn="urn:sdmx:org.sdmx.infomodel.codelist.Code=ESTAT:CL_COUNTRY_CODE_BOP(1.0).PM">
          <Name xml:lang="en" xmlns="http://www.sdmx.org/resources/sdmxml/schemas/v2_1/common">SAINT PIERRE AND MIQUELON</Name>
        </Code>
        <Code id="PN" urn="urn:sdmx:org.sdmx.infomodel.codelist.Code=ESTAT:CL_COUNTRY_CODE_BOP(1.0).PN">
          <Name xml:lang="en" xmlns="http://www.sdmx.org/resources/sdmxml/schemas/v2_1/common">PITCAIRN</Name>
        </Code>
        <Code id="PR" urn="urn:sdmx:org.sdmx.infomodel.codelist.Code=ESTAT:CL_COUNTRY_CODE_BOP(1.0).PR">
          <Name xml:lang="en" xmlns="http://www.sdmx.org/resources/sdmxml/schemas/v2_1/common">PUERTO RICO</Name>
        </Code>
        <Code id="PS" urn="urn:sdmx:org.sdmx.infomodel.codelist.Code=ESTAT:CL_COUNTRY_CODE_BOP(1.0).PS">
          <Name xml:lang="en" xmlns="http://www.sdmx.org/resources/sdmxml/schemas/v2_1/common">PALESTINIAN TERRITORY, OCCUPIED</Name>
        </Code>
        <Code id="PT" urn="urn:sdmx:org.sdmx.infomodel.codelist.Code=ESTAT:CL_COUNTRY_CODE_BOP(1.0).PT">
          <Name xml:lang="en" xmlns="http://www.sdmx.org/resources/sdmxml/schemas/v2_1/common">PORTUGAL</Name>
        </Code>
        <Code id="PW" urn="urn:sdmx:org.sdmx.infomodel.codelist.Code=ESTAT:CL_COUNTRY_CODE_BOP(1.0).PW">
          <Name xml:lang="en" xmlns="http://www.sdmx.org/resources/sdmxml/schemas/v2_1/common">PALAU</Name>
        </Code>
        <Code id="PY" urn="urn:sdmx:org.sdmx.infomodel.codelist.Code=ESTAT:CL_COUNTRY_CODE_BOP(1.0).PY">
          <Name xml:lang="en" xmlns="http://www.sdmx.org/resources/sdmxml/schemas/v2_1/common">PARAGUAY</Name>
        </Code>
        <Code id="QA" urn="urn:sdmx:org.sdmx.infomodel.codelist.Code=ESTAT:CL_COUNTRY_CODE_BOP(1.0).QA">
          <Name xml:lang="en" xmlns="http://www.sdmx.org/resources/sdmxml/schemas/v2_1/common">QATAR</Name>
        </Code>
        <Code id="RE" urn="urn:sdmx:org.sdmx.infomodel.codelist.Code=ESTAT:CL_COUNTRY_CODE_BOP(1.0).RE">
          <Name xml:lang="en" xmlns="http://www.sdmx.org/resources/sdmxml/schemas/v2_1/common">REUNION</Name>
        </Code>
        <Code id="RO" urn="urn:sdmx:org.sdmx.infomodel.codelist.Code=ESTAT:CL_COUNTRY_CODE_BOP(1.0).RO">
          <Name xml:lang="en" xmlns="http://www.sdmx.org/resources/sdmxml/schemas/v2_1/common">ROMANIA</Name>
        </Code>
        <Code id="RS" urn="urn:sdmx:org.sdmx.infomodel.codelist.Code=ESTAT:CL_COUNTRY_CODE_BOP(1.0).RS">
          <Name xml:lang="en" xmlns="http://www.sdmx.org/resources/sdmxml/schemas/v2_1/common">SERBIA</Name>
        </Code>
        <Code id="RU" urn="urn:sdmx:org.sdmx.infomodel.codelist.Code=ESTAT:CL_COUNTRY_CODE_BOP(1.0).RU">
          <Name xml:lang="en" xmlns="http://www.sdmx.org/resources/sdmxml/schemas/v2_1/common">RUSSIAN FEDERATION</Name>
        </Code>
        <Code id="RW" urn="urn:sdmx:org.sdmx.infomodel.codelist.Code=ESTAT:CL_COUNTRY_CODE_BOP(1.0).RW">
          <Name xml:lang="en" xmlns="http://www.sdmx.org/resources/sdmxml/schemas/v2_1/common">RWANDA</Name>
        </Code>
        <Code id="SA" urn="urn:sdmx:org.sdmx.infomodel.codelist.Code=ESTAT:CL_COUNTRY_CODE_BOP(1.0).SA">
          <Name xml:lang="en" xmlns="http://www.sdmx.org/resources/sdmxml/schemas/v2_1/common">SAUDI ARABIA</Name>
        </Code>
        <Code id="SB" urn="urn:sdmx:org.sdmx.infomodel.codelist.Code=ESTAT:CL_COUNTRY_CODE_BOP(1.0).SB">
          <Name xml:lang="en" xmlns="http://www.sdmx.org/resources/sdmxml/schemas/v2_1/common">SOLOMON ISLANDS</Name>
        </Code>
        <Code id="SC" urn="urn:sdmx:org.sdmx.infomodel.codelist.Code=ESTAT:CL_COUNTRY_CODE_BOP(1.0).SC">
          <Name xml:lang="en" xmlns="http://www.sdmx.org/resources/sdmxml/schemas/v2_1/common">SEYCHELLES</Name>
        </Code>
        <Code id="SD" urn="urn:sdmx:org.sdmx.infomodel.codelist.Code=ESTAT:CL_COUNTRY_CODE_BOP(1.0).SD">
          <Name xml:lang="en" xmlns="http://www.sdmx.org/resources/sdmxml/schemas/v2_1/common">SUDAN</Name>
        </Code>
        <Code id="SE" urn="urn:sdmx:org.sdmx.infomodel.codelist.Code=ESTAT:CL_COUNTRY_CODE_BOP(1.0).SE">
          <Name xml:lang="en" xmlns="http://www.sdmx.org/resources/sdmxml/schemas/v2_1/common">SWEDEN</Name>
        </Code>
        <Code id="SG" urn="urn:sdmx:org.sdmx.infomodel.codelist.Code=ESTAT:CL_COUNTRY_CODE_BOP(1.0).SG">
          <Name xml:lang="en" xmlns="http://www.sdmx.org/resources/sdmxml/schemas/v2_1/common">SINGAPORE</Name>
        </Code>
        <Code id="SH" urn="urn:sdmx:org.sdmx.infomodel.codelist.Code=ESTAT:CL_COUNTRY_CODE_BOP(1.0).SH">
          <Name xml:lang="en" xmlns="http://www.sdmx.org/resources/sdmxml/schemas/v2_1/common">SAINT HELENA</Name>
        </Code>
        <Code id="SI" urn="urn:sdmx:org.sdmx.infomodel.codelist.Code=ESTAT:CL_COUNTRY_CODE_BOP(1.0).SI">
          <Name xml:lang="en" xmlns="http://www.sdmx.org/resources/sdmxml/schemas/v2_1/common">SLOVENIA</Name>
        </Code>
        <Code id="SJ" urn="urn:sdmx:org.sdmx.infomodel.codelist.Code=ESTAT:CL_COUNTRY_CODE_BOP(1.0).SJ">
          <Name xml:lang="en" xmlns="http://www.sdmx.org/resources/sdmxml/schemas/v2_1/common">SVALBARD AND JAN MAYEN</Name>
        </Code>
        <Code id="SK" urn="urn:sdmx:org.sdmx.infomodel.codelist.Code=ESTAT:CL_COUNTRY_CODE_BOP(1.0).SK">
          <Name xml:lang="en" xmlns="http://www.sdmx.org/resources/sdmxml/schemas/v2_1/common">SLOVAKIA</Name>
        </Code>
        <Code id="SL" urn="urn:sdmx:org.sdmx.infomodel.codelist.Code=ESTAT:CL_COUNTRY_CODE_BOP(1.0).SL">
          <Name xml:lang="en" xmlns="http://www.sdmx.org/resources/sdmxml/schemas/v2_1/common">SIERRA LEONE</Name>
        </Code>
        <Code id="SM" urn="urn:sdmx:org.sdmx.infomodel.codelist.Code=ESTAT:CL_COUNTRY_CODE_BOP(1.0).SM">
          <Name xml:lang="en" xmlns="http://www.sdmx.org/resources/sdmxml/schemas/v2_1/common">SAN MARINO</Name>
        </Code>
        <Code id="SN" urn="urn:sdmx:org.sdmx.infomodel.codelist.Code=ESTAT:CL_COUNTRY_CODE_BOP(1.0).SN">
          <Name xml:lang="en" xmlns="http://www.sdmx.org/resources/sdmxml/schemas/v2_1/common">SENEGAL</Name>
        </Code>
        <Code id="SO" urn="urn:sdmx:org.sdmx.infomodel.codelist.Code=ESTAT:CL_COUNTRY_CODE_BOP(1.0).SO">
          <Name xml:lang="en" xmlns="http://www.sdmx.org/resources/sdmxml/schemas/v2_1/common">SOMALIA</Name>
        </Code>
        <Code id="SR" urn="urn:sdmx:org.sdmx.infomodel.codelist.Code=ESTAT:CL_COUNTRY_CODE_BOP(1.0).SR">
          <Name xml:lang="en" xmlns="http://www.sdmx.org/resources/sdmxml/schemas/v2_1/common">SURINAME</Name>
        </Code>
        <Code id="ST" urn="urn:sdmx:org.sdmx.infomodel.codelist.Code=ESTAT:CL_COUNTRY_CODE_BOP(1.0).ST">
          <Name xml:lang="en" xmlns="http://www.sdmx.org/resources/sdmxml/schemas/v2_1/common">SAO TOME AND PRINCIPE</Name>
        </Code>
        <Code id="SV" urn="urn:sdmx:org.sdmx.infomodel.codelist.Code=ESTAT:CL_COUNTRY_CODE_BOP(1.0).SV">
          <Name xml:lang="en" xmlns="http://www.sdmx.org/resources/sdmxml/schemas/v2_1/common">EL SALVADOR</Name>
        </Code>
        <Code id="SY" urn="urn:sdmx:org.sdmx.infomodel.codelist.Code=ESTAT:CL_COUNTRY_CODE_BOP(1.0).SY">
          <Name xml:lang="en" xmlns="http://www.sdmx.org/resources/sdmxml/schemas/v2_1/common">SYRIAN ARAB REPUBLIC</Name>
        </Code>
        <Code id="SZ" urn="urn:sdmx:org.sdmx.infomodel.codelist.Code=ESTAT:CL_COUNTRY_CODE_BOP(1.0).SZ">
          <Name xml:lang="en" xmlns="http://www.sdmx.org/resources/sdmxml/schemas/v2_1/common">SWAZILAND</Name>
        </Code>
        <Code id="TC" urn="urn:sdmx:org.sdmx.infomodel.codelist.Code=ESTAT:CL_COUNTRY_CODE_BOP(1.0).TC">
          <Name xml:lang="en" xmlns="http://www.sdmx.org/resources/sdmxml/schemas/v2_1/common">TURKS AND CAICOS ISLANDS</Name>
        </Code>
        <Code id="TD" urn="urn:sdmx:org.sdmx.infomodel.codelist.Code=ESTAT:CL_COUNTRY_CODE_BOP(1.0).TD">
          <Name xml:lang="en" xmlns="http://www.sdmx.org/resources/sdmxml/schemas/v2_1/common">CHAD</Name>
        </Code>
        <Code id="TF" urn="urn:sdmx:org.sdmx.infomodel.codelist.Code=ESTAT:CL_COUNTRY_CODE_BOP(1.0).TF">
          <Name xml:lang="en" xmlns="http://www.sdmx.org/resources/sdmxml/schemas/v2_1/common">FRENCH SOUTHERN TERRITORIES</Name>
        </Code>
        <Code id="TG" urn="urn:sdmx:org.sdmx.infomodel.codelist.Code=ESTAT:CL_COUNTRY_CODE_BOP(1.0).TG">
          <Name xml:lang="en" xmlns="http://www.sdmx.org/resources/sdmxml/schemas/v2_1/common">TOGO</Name>
        </Code>
        <Code id="TH" urn="urn:sdmx:org.sdmx.infomodel.codelist.Code=ESTAT:CL_COUNTRY_CODE_BOP(1.0).TH">
          <Name xml:lang="en" xmlns="http://www.sdmx.org/resources/sdmxml/schemas/v2_1/common">THAILAND</Name>
        </Code>
        <Code id="TJ" urn="urn:sdmx:org.sdmx.infomodel.codelist.Code=ESTAT:CL_COUNTRY_CODE_BOP(1.0).TJ">
          <Name xml:lang="en" xmlns="http://www.sdmx.org/resources/sdmxml/schemas/v2_1/common">TAJIKISTAN</Name>
        </Code>
        <Code id="TK" urn="urn:sdmx:org.sdmx.infomodel.codelist.Code=ESTAT:CL_COUNTRY_CODE_BOP(1.0).TK">
          <Name xml:lang="en" xmlns="http://www.sdmx.org/resources/sdmxml/schemas/v2_1/common">TOKELAU</Name>
        </Code>
        <Code id="TL" urn="urn:sdmx:org.sdmx.infomodel.codelist.Code=ESTAT:CL_COUNTRY_CODE_BOP(1.0).TL">
          <Name xml:lang="en" xmlns="http://www.sdmx.org/resources/sdmxml/schemas/v2_1/common">TIMOR-LESTE</Name>
        </Code>
        <Code id="TM" urn="urn:sdmx:org.sdmx.infomodel.codelist.Code=ESTAT:CL_COUNTRY_CODE_BOP(1.0).TM">
          <Name xml:lang="en" xmlns="http://www.sdmx.org/resources/sdmxml/schemas/v2_1/common">TURKMENISTAN</Name>
        </Code>
        <Code id="TN" urn="urn:sdmx:org.sdmx.infomodel.codelist.Code=ESTAT:CL_COUNTRY_CODE_BOP(1.0).TN">
          <Name xml:lang="en" xmlns="http://www.sdmx.org/resources/sdmxml/schemas/v2_1/common">TUNISIA</Name>
        </Code>
        <Code id="TO" urn="urn:sdmx:org.sdmx.infomodel.codelist.Code=ESTAT:CL_COUNTRY_CODE_BOP(1.0).TO">
          <Name xml:lang="en" xmlns="http://www.sdmx.org/resources/sdmxml/schemas/v2_1/common">TONGA</Name>
        </Code>
        <Code id="TR" urn="urn:sdmx:org.sdmx.infomodel.codelist.Code=ESTAT:CL_COUNTRY_CODE_BOP(1.0).TR">
          <Name xml:lang="en" xmlns="http://www.sdmx.org/resources/sdmxml/schemas/v2_1/common">TURKEY</Name>
        </Code>
        <Code id="TT" urn="urn:sdmx:org.sdmx.infomodel.codelist.Code=ESTAT:CL_COUNTRY_CODE_BOP(1.0).TT">
          <Name xml:lang="en" xmlns="http://www.sdmx.org/resources/sdmxml/schemas/v2_1/common">TRINIDAD AND TOBAGO</Name>
        </Code>
        <Code id="TV" urn="urn:sdmx:org.sdmx.infomodel.codelist.Code=ESTAT:CL_COUNTRY_CODE_BOP(1.0).TV">
          <Name xml:lang="en" xmlns="http://www.sdmx.org/resources/sdmxml/schemas/v2_1/common">TUVALU</Name>
        </Code>
        <Code id="TW" urn="urn:sdmx:org.sdmx.infomodel.codelist.Code=ESTAT:CL_COUNTRY_CODE_BOP(1.0).TW">
          <Name xml:lang="en" xmlns="http://www.sdmx.org/resources/sdmxml/schemas/v2_1/common">TAIWAN, PROVINCE OF CHINA</Name>
        </Code>
        <Code id="TZ" urn="urn:sdmx:org.sdmx.infomodel.codelist.Code=ESTAT:CL_COUNTRY_CODE_BOP(1.0).TZ">
          <Name xml:lang="en" xmlns="http://www.sdmx.org/resources/sdmxml/schemas/v2_1/common">TANZANIA, UNITED REPUBLIC OF</Name>
        </Code>
        <Code id="UA" urn="urn:sdmx:org.sdmx.infomodel.codelist.Code=ESTAT:CL_COUNTRY_CODE_BOP(1.0).UA">
          <Name xml:lang="en" xmlns="http://www.sdmx.org/resources/sdmxml/schemas/v2_1/common">UKRAINE</Name>
        </Code>
        <Code id="UG" urn="urn:sdmx:org.sdmx.infomodel.codelist.Code=ESTAT:CL_COUNTRY_CODE_BOP(1.0).UG">
          <Name xml:lang="en" xmlns="http://www.sdmx.org/resources/sdmxml/schemas/v2_1/common">UGANDA</Name>
        </Code>
        <Code id="UM" urn="urn:sdmx:org.sdmx.infomodel.codelist.Code=ESTAT:CL_COUNTRY_CODE_BOP(1.0).UM">
          <Name xml:lang="en" xmlns="http://www.sdmx.org/resources/sdmxml/schemas/v2_1/common">UNITED STATES MINOR OUTLYING ISLANDS</Name>
        </Code>
        <Code id="US" urn="urn:sdmx:org.sdmx.infomodel.codelist.Code=ESTAT:CL_COUNTRY_CODE_BOP(1.0).US">
          <Name xml:lang="en" xmlns="http://www.sdmx.org/resources/sdmxml/schemas/v2_1/common">UNITED STATES</Name>
        </Code>
        <Code id="UY" urn="urn:sdmx:org.sdmx.infomodel.codelist.Code=ESTAT:CL_COUNTRY_CODE_BOP(1.0).UY">
          <Name xml:lang="en" xmlns="http://www.sdmx.org/resources/sdmxml/schemas/v2_1/common">URUGUAY</Name>
        </Code>
        <Code id="UZ" urn="urn:sdmx:org.sdmx.infomodel.codelist.Code=ESTAT:CL_COUNTRY_CODE_BOP(1.0).UZ">
          <Name xml:lang="en" xmlns="http://www.sdmx.org/resources/sdmxml/schemas/v2_1/common">UZBEKISTAN</Name>
        </Code>
        <Code id="VA" urn="urn:sdmx:org.sdmx.infomodel.codelist.Code=ESTAT:CL_COUNTRY_CODE_BOP(1.0).VA">
          <Name xml:lang="en" xmlns="http://www.sdmx.org/resources/sdmxml/schemas/v2_1/common">HOLY SEE (VATICAN CITY STATE)</Name>
        </Code>
        <Code id="VC" urn="urn:sdmx:org.sdmx.infomodel.codelist.Code=ESTAT:CL_COUNTRY_CODE_BOP(1.0).VC">
          <Name xml:lang="en" xmlns="http://www.sdmx.org/resources/sdmxml/schemas/v2_1/common">SAINT VINCENT AND THE GRENADINES</Name>
        </Code>
        <Code id="VE" urn="urn:sdmx:org.sdmx.infomodel.codelist.Code=ESTAT:CL_COUNTRY_CODE_BOP(1.0).VE">
          <Name xml:lang="en" xmlns="http://www.sdmx.org/resources/sdmxml/schemas/v2_1/common">VENEZUELA</Name>
        </Code>
        <Code id="VG" urn="urn:sdmx:org.sdmx.infomodel.codelist.Code=ESTAT:CL_COUNTRY_CODE_BOP(1.0).VG">
          <Name xml:lang="en" xmlns="http://www.sdmx.org/resources/sdmxml/schemas/v2_1/common">VIRGIN ISLANDS, BRITISH</Name>
        </Code>
        <Code id="VI" urn="urn:sdmx:org.sdmx.infomodel.codelist.Code=ESTAT:CL_COUNTRY_CODE_BOP(1.0).VI">
          <Name xml:lang="en" xmlns="http://www.sdmx.org/resources/sdmxml/schemas/v2_1/common">VIRGIN ISLANDS, U.S.</Name>
        </Code>
        <Code id="VN" urn="urn:sdmx:org.sdmx.infomodel.codelist.Code=ESTAT:CL_COUNTRY_CODE_BOP(1.0).VN">
          <Name xml:lang="en" xmlns="http://www.sdmx.org/resources/sdmxml/schemas/v2_1/common">VIET NAM</Name>
        </Code>
        <Code id="VU" urn="urn:sdmx:org.sdmx.infomodel.codelist.Code=ESTAT:CL_COUNTRY_CODE_BOP(1.0).VU">
          <Name xml:lang="en" xmlns="http://www.sdmx.org/resources/sdmxml/schemas/v2_1/common">VANUATU</Name>
        </Code>
        <Code id="WF" urn="urn:sdmx:org.sdmx.infomodel.codelist.Code=ESTAT:CL_COUNTRY_CODE_BOP(1.0).WF">
          <Name xml:lang="en" xmlns="http://www.sdmx.org/resources/sdmxml/schemas/v2_1/common">WALLIS AND FUTUNA</Name>
        </Code>
        <Code id="WS" urn="urn:sdmx:org.sdmx.infomodel.codelist.Code=ESTAT:CL_COUNTRY_CODE_BOP(1.0).WS">
          <Name xml:lang="en" xmlns="http://www.sdmx.org/resources/sdmxml/schemas/v2_1/common">SAMOA</Name>
        </Code>
        <Code id="YE" urn="urn:sdmx:org.sdmx.infomodel.codelist.Code=ESTAT:CL_COUNTRY_CODE_BOP(1.0).YE">
          <Name xml:lang="en" xmlns="http://www.sdmx.org/resources/sdmxml/schemas/v2_1/common">YEMEN</Name>
        </Code>
        <Code id="YT" urn="urn:sdmx:org.sdmx.infomodel.codelist.Code=ESTAT:CL_COUNTRY_CODE_BOP(1.0).YT">
          <Name xml:lang="en" xmlns="http://www.sdmx.org/resources/sdmxml/schemas/v2_1/common">MAYOTTE</Name>
        </Code>
        <Code id="ZA" urn="urn:sdmx:org.sdmx.infomodel.codelist.Code=ESTAT:CL_COUNTRY_CODE_BOP(1.0).ZA">
          <Name xml:lang="en" xmlns="http://www.sdmx.org/resources/sdmxml/schemas/v2_1/common">SOUTH AFRICA</Name>
        </Code>
        <Code id="ZM" urn="urn:sdmx:org.sdmx.infomodel.codelist.Code=ESTAT:CL_COUNTRY_CODE_BOP(1.0).ZM">
          <Name xml:lang="en" xmlns="http://www.sdmx.org/resources/sdmxml/schemas/v2_1/common">ZAMBIA</Name>
        </Code>
        <Code id="ZW" urn="urn:sdmx:org.sdmx.infomodel.codelist.Code=ESTAT:CL_COUNTRY_CODE_BOP(1.0).ZW">
          <Name xml:lang="en" xmlns="http://www.sdmx.org/resources/sdmxml/schemas/v2_1/common">ZIMBABWE</Name>
        </Code>
        <Code id="ZZ" urn="urn:sdmx:org.sdmx.infomodel.codelist.Code=ESTAT:CL_COUNTRY_CODE_BOP(1.0).ZZ">
          <Name xml:lang="en" xmlns="http://www.sdmx.org/resources/sdmxml/schemas/v2_1/common">NEUTRAL ZONE</Name>
        </Code>
        <Code id="II" urn="urn:sdmx:org.sdmx.infomodel.codelist.Code=ESTAT:CL_COUNTRY_CODE_BOP(1.0).II">
          <Name xml:lang="en" xmlns="http://www.sdmx.org/resources/sdmxml/schemas/v2_1/common">SUPRANATIONAL</Name>
        </Code>
      </Codelist>
      <Codelist id="CL_LEGAL_FORM_EGR" urn="urn:sdmx:org.sdmx.infomodel.codelist.Codelist=ESTAT:CL_LEGAL_FORM_EGR(1.0)" agencyID="ESTAT" version="1.0" isFinal="true">
        <Name xml:lang="en" xmlns="http://www.sdmx.org/resources/sdmxml/schemas/v2_1/common">The legal form of a legal unit according to the classification in the EGR.</Name>
        <Code id="LL" urn="urn:sdmx:org.sdmx.infomodel.codelist.Code=ESTAT:CL_LEGAL_FORM_EGR(1.0).LL">
          <Name xml:lang="en" xmlns="http://www.sdmx.org/resources/sdmxml/schemas/v2_1/common">Limited liability company - include limited liability partnerships and public corporations</Name>
        </Code>
        <Code id="SP" urn="urn:sdmx:org.sdmx.infomodel.codelist.Code=ESTAT:CL_LEGAL_FORM_EGR(1.0).SP">
          <Name xml:lang="en" xmlns="http://www.sdmx.org/resources/sdmxml/schemas/v2_1/common">Sole Proprietor</Name>
        </Code>
        <Code id="PA" urn="urn:sdmx:org.sdmx.infomodel.codelist.Code=ESTAT:CL_LEGAL_FORM_EGR(1.0).PA">
          <Name xml:lang="en" xmlns="http://www.sdmx.org/resources/sdmxml/schemas/v2_1/common">Partnership - exclude limited liability partnerships</Name>
        </Code>
        <Code id="GO" urn="urn:sdmx:org.sdmx.infomodel.codelist.Code=ESTAT:CL_LEGAL_FORM_EGR(1.0).GO">
          <Name xml:lang="en" xmlns="http://www.sdmx.org/resources/sdmxml/schemas/v2_1/common">Government - local and central government - exclude public corporations</Name>
        </Code>
        <Code id="NB" urn="urn:sdmx:org.sdmx.infomodel.codelist.Code=ESTAT:CL_LEGAL_FORM_EGR(1.0).NB">
          <Name xml:lang="en" xmlns="http://www.sdmx.org/resources/sdmxml/schemas/v2_1/common">Non profit body or mutual association</Name>
        </Code>
        <Code id="NP" urn="urn:sdmx:org.sdmx.infomodel.codelist.Code=ESTAT:CL_LEGAL_FORM_EGR(1.0).NP">
          <Name xml:lang="en" xmlns="http://www.sdmx.org/resources/sdmxml/schemas/v2_1/common">Natural person - include only if not involved in any economic activity</Name>
        </Code>
        <Code id="ND" urn="urn:sdmx:org.sdmx.infomodel.codelist.Code=ESTAT:CL_LEGAL_FORM_EGR(1.0).ND">
          <Name xml:lang="en" xmlns="http://www.sdmx.org/resources/sdmxml/schemas/v2_1/common">Not defined - units should be coded here only temporarily</Name>
        </Code>
      </Codelist>
      <Codelist id="CL_NACE_REV2_CODE" urn="urn:sdmx:org.sdmx.infomodel.codelist.Codelist=ESTAT:CL_NACE_REV2_CODE(1.0)" agencyID="ESTAT" version="1.0" isFinal="true">
        <Name xml:lang="en" xmlns="http://www.sdmx.org/resources/sdmxml/schemas/v2_1/common">Nace revision 2</Name>
        <Code id="0111" urn="urn:sdmx:org.sdmx.infomodel.codelist.Code=ESTAT:CL_NACE_REV2_CODE(1.0).0111">
          <Name xml:lang="en" xmlns="http://www.sdmx.org/resources/sdmxml/schemas/v2_1/common">Growing of cereals (except rice), leguminous crops and oil seeds</Name>
        </Code>
        <Code id="0112" urn="urn:sdmx:org.sdmx.infomodel.codelist.Code=ESTAT:CL_NACE_REV2_CODE(1.0).0112">
          <Name xml:lang="en" xmlns="http://www.sdmx.org/resources/sdmxml/schemas/v2_1/common">Growing of rice</Name>
        </Code>
        <Code id="0113" urn="urn:sdmx:org.sdmx.infomodel.codelist.Code=ESTAT:CL_NACE_REV2_CODE(1.0).0113">
          <Name xml:lang="en" xmlns="http://www.sdmx.org/resources/sdmxml/schemas/v2_1/common">Growing of vegetables and melons, roots and tubers</Name>
        </Code>
        <Code id="0114" urn="urn:sdmx:org.sdmx.infomodel.codelist.Code=ESTAT:CL_NACE_REV2_CODE(1.0).0114">
          <Name xml:lang="en" xmlns="http://www.sdmx.org/resources/sdmxml/schemas/v2_1/common">Growing of sugar cane</Name>
        </Code>
        <Code id="0115" urn="urn:sdmx:org.sdmx.infomodel.codelist.Code=ESTAT:CL_NACE_REV2_CODE(1.0).0115">
          <Name xml:lang="en" xmlns="http://www.sdmx.org/resources/sdmxml/schemas/v2_1/common">Growing of tobacco</Name>
        </Code>
        <Code id="0116" urn="urn:sdmx:org.sdmx.infomodel.codelist.Code=ESTAT:CL_NACE_REV2_CODE(1.0).0116">
          <Name xml:lang="en" xmlns="http://www.sdmx.org/resources/sdmxml/schemas/v2_1/common">Growing of fibre crops</Name>
        </Code>
        <Code id="0119" urn="urn:sdmx:org.sdmx.infomodel.codelist.Code=ESTAT:CL_NACE_REV2_CODE(1.0).0119">
          <Name xml:lang="en" xmlns="http://www.sdmx.org/resources/sdmxml/schemas/v2_1/common">Growing of other non-perennial crops</Name>
        </Code>
        <Code id="0121" urn="urn:sdmx:org.sdmx.infomodel.codelist.Code=ESTAT:CL_NACE_REV2_CODE(1.0).0121">
          <Name xml:lang="en" xmlns="http://www.sdmx.org/resources/sdmxml/schemas/v2_1/common">Growing of grapes</Name>
        </Code>
        <Code id="0122" urn="urn:sdmx:org.sdmx.infomodel.codelist.Code=ESTAT:CL_NACE_REV2_CODE(1.0).0122">
          <Name xml:lang="en" xmlns="http://www.sdmx.org/resources/sdmxml/schemas/v2_1/common">Growing of tropical and subtropical fruits</Name>
        </Code>
        <Code id="0123" urn="urn:sdmx:org.sdmx.infomodel.codelist.Code=ESTAT:CL_NACE_REV2_CODE(1.0).0123">
          <Name xml:lang="en" xmlns="http://www.sdmx.org/resources/sdmxml/schemas/v2_1/common">Growing of citrus fruits</Name>
        </Code>
        <Code id="0124" urn="urn:sdmx:org.sdmx.infomodel.codelist.Code=ESTAT:CL_NACE_REV2_CODE(1.0).0124">
          <Name xml:lang="en" xmlns="http://www.sdmx.org/resources/sdmxml/schemas/v2_1/common">Growing of pome fruits and stone fruits</Name>
        </Code>
        <Code id="0125" urn="urn:sdmx:org.sdmx.infomodel.codelist.Code=ESTAT:CL_NACE_REV2_CODE(1.0).0125">
          <Name xml:lang="en" xmlns="http://www.sdmx.org/resources/sdmxml/schemas/v2_1/common">Growing of other tree and bush fruits and nuts</Name>
        </Code>
        <Code id="0126" urn="urn:sdmx:org.sdmx.infomodel.codelist.Code=ESTAT:CL_NACE_REV2_CODE(1.0).0126">
          <Name xml:lang="en" xmlns="http://www.sdmx.org/resources/sdmxml/schemas/v2_1/common">Growing of oleaginous fruits</Name>
        </Code>
        <Code id="0127" urn="urn:sdmx:org.sdmx.infomodel.codelist.Code=ESTAT:CL_NACE_REV2_CODE(1.0).0127">
          <Name xml:lang="en" xmlns="http://www.sdmx.org/resources/sdmxml/schemas/v2_1/common">Growing of beverage crops</Name>
        </Code>
        <Code id="0128" urn="urn:sdmx:org.sdmx.infomodel.codelist.Code=ESTAT:CL_NACE_REV2_CODE(1.0).0128">
          <Name xml:lang="en" xmlns="http://www.sdmx.org/resources/sdmxml/schemas/v2_1/common">Growing of spices, aromatic, drug and pharmaceutical crops</Name>
        </Code>
        <Code id="0129" urn="urn:sdmx:org.sdmx.infomodel.codelist.Code=ESTAT:CL_NACE_REV2_CODE(1.0).0129">
          <Name xml:lang="en" xmlns="http://www.sdmx.org/resources/sdmxml/schemas/v2_1/common">Growing of other perennial crops</Name>
        </Code>
        <Code id="0130" urn="urn:sdmx:org.sdmx.infomodel.codelist.Code=ESTAT:CL_NACE_REV2_CODE(1.0).0130">
          <Name xml:lang="en" xmlns="http://www.sdmx.org/resources/sdmxml/schemas/v2_1/common">Plant propagation</Name>
        </Code>
        <Code id="0141" urn="urn:sdmx:org.sdmx.infomodel.codelist.Code=ESTAT:CL_NACE_REV2_CODE(1.0).0141">
          <Name xml:lang="en" xmlns="http://www.sdmx.org/resources/sdmxml/schemas/v2_1/common">Raising of dairy cattle</Name>
        </Code>
        <Code id="0142" urn="urn:sdmx:org.sdmx.infomodel.codelist.Code=ESTAT:CL_NACE_REV2_CODE(1.0).0142">
          <Name xml:lang="en" xmlns="http://www.sdmx.org/resources/sdmxml/schemas/v2_1/common">Raising of other cattle and buffaloes</Name>
        </Code>
        <Code id="0143" urn="urn:sdmx:org.sdmx.infomodel.codelist.Code=ESTAT:CL_NACE_REV2_CODE(1.0).0143">
          <Name xml:lang="en" xmlns="http://www.sdmx.org/resources/sdmxml/schemas/v2_1/common">Raising of horses and other equines</Name>
        </Code>
        <Code id="0144" urn="urn:sdmx:org.sdmx.infomodel.codelist.Code=ESTAT:CL_NACE_REV2_CODE(1.0).0144">
          <Name xml:lang="en" xmlns="http://www.sdmx.org/resources/sdmxml/schemas/v2_1/common">Raising of camels and camelids</Name>
        </Code>
        <Code id="0145" urn="urn:sdmx:org.sdmx.infomodel.codelist.Code=ESTAT:CL_NACE_REV2_CODE(1.0).0145">
          <Name xml:lang="en" xmlns="http://www.sdmx.org/resources/sdmxml/schemas/v2_1/common">Raising of sheep and goats</Name>
        </Code>
        <Code id="0146" urn="urn:sdmx:org.sdmx.infomodel.codelist.Code=ESTAT:CL_NACE_REV2_CODE(1.0).0146">
          <Name xml:lang="en" xmlns="http://www.sdmx.org/resources/sdmxml/schemas/v2_1/common">Raising of swine/pigs</Name>
        </Code>
        <Code id="0147" urn="urn:sdmx:org.sdmx.infomodel.codelist.Code=ESTAT:CL_NACE_REV2_CODE(1.0).0147">
          <Name xml:lang="en" xmlns="http://www.sdmx.org/resources/sdmxml/schemas/v2_1/common">Raising of poultry</Name>
        </Code>
        <Code id="0149" urn="urn:sdmx:org.sdmx.infomodel.codelist.Code=ESTAT:CL_NACE_REV2_CODE(1.0).0149">
          <Name xml:lang="en" xmlns="http://www.sdmx.org/resources/sdmxml/schemas/v2_1/common">Raising of other animals</Name>
        </Code>
        <Code id="0150" urn="urn:sdmx:org.sdmx.infomodel.codelist.Code=ESTAT:CL_NACE_REV2_CODE(1.0).0150">
          <Name xml:lang="en" xmlns="http://www.sdmx.org/resources/sdmxml/schemas/v2_1/common">Mixed farming</Name>
        </Code>
        <Code id="0161" urn="urn:sdmx:org.sdmx.infomodel.codelist.Code=ESTAT:CL_NACE_REV2_CODE(1.0).0161">
          <Name xml:lang="en" xmlns="http://www.sdmx.org/resources/sdmxml/schemas/v2_1/common">Support activities for crop production</Name>
        </Code>
        <Code id="0162" urn="urn:sdmx:org.sdmx.infomodel.codelist.Code=ESTAT:CL_NACE_REV2_CODE(1.0).0162">
          <Name xml:lang="en" xmlns="http://www.sdmx.org/resources/sdmxml/schemas/v2_1/common">Support activities for animal production</Name>
        </Code>
        <Code id="0163" urn="urn:sdmx:org.sdmx.infomodel.codelist.Code=ESTAT:CL_NACE_REV2_CODE(1.0).0163">
          <Name xml:lang="en" xmlns="http://www.sdmx.org/resources/sdmxml/schemas/v2_1/common">Post-harvest crop activities</Name>
        </Code>
        <Code id="0164" urn="urn:sdmx:org.sdmx.infomodel.codelist.Code=ESTAT:CL_NACE_REV2_CODE(1.0).0164">
          <Name xml:lang="en" xmlns="http://www.sdmx.org/resources/sdmxml/schemas/v2_1/common">Seed processing for propagation</Name>
        </Code>
        <Code id="0170" urn="urn:sdmx:org.sdmx.infomodel.codelist.Code=ESTAT:CL_NACE_REV2_CODE(1.0).0170">
          <Name xml:lang="en" xmlns="http://www.sdmx.org/resources/sdmxml/schemas/v2_1/common">Hunting, trapping and related service activities</Name>
        </Code>
        <Code id="0210" urn="urn:sdmx:org.sdmx.infomodel.codelist.Code=ESTAT:CL_NACE_REV2_CODE(1.0).0210">
          <Name xml:lang="en" xmlns="http://www.sdmx.org/resources/sdmxml/schemas/v2_1/common">Silviculture and other forestry activities</Name>
        </Code>
        <Code id="0220" urn="urn:sdmx:org.sdmx.infomodel.codelist.Code=ESTAT:CL_NACE_REV2_CODE(1.0).0220">
          <Name xml:lang="en" xmlns="http://www.sdmx.org/resources/sdmxml/schemas/v2_1/common">Logging</Name>
        </Code>
        <Code id="0230" urn="urn:sdmx:org.sdmx.infomodel.codelist.Code=ESTAT:CL_NACE_REV2_CODE(1.0).0230">
          <Name xml:lang="en" xmlns="http://www.sdmx.org/resources/sdmxml/schemas/v2_1/common">Gathering of wild growing non-wood products</Name>
        </Code>
        <Code id="0240" urn="urn:sdmx:org.sdmx.infomodel.codelist.Code=ESTAT:CL_NACE_REV2_CODE(1.0).0240">
          <Name xml:lang="en" xmlns="http://www.sdmx.org/resources/sdmxml/schemas/v2_1/common">Support services to forestry</Name>
        </Code>
        <Code id="0311" urn="urn:sdmx:org.sdmx.infomodel.codelist.Code=ESTAT:CL_NACE_REV2_CODE(1.0).0311">
          <Name xml:lang="en" xmlns="http://www.sdmx.org/resources/sdmxml/schemas/v2_1/common">Marine fishing</Name>
        </Code>
        <Code id="0312" urn="urn:sdmx:org.sdmx.infomodel.codelist.Code=ESTAT:CL_NACE_REV2_CODE(1.0).0312">
          <Name xml:lang="en" xmlns="http://www.sdmx.org/resources/sdmxml/schemas/v2_1/common">Freshwater fishing</Name>
        </Code>
        <Code id="0321" urn="urn:sdmx:org.sdmx.infomodel.codelist.Code=ESTAT:CL_NACE_REV2_CODE(1.0).0321">
          <Name xml:lang="en" xmlns="http://www.sdmx.org/resources/sdmxml/schemas/v2_1/common">Marine aquaculture</Name>
        </Code>
        <Code id="0322" urn="urn:sdmx:org.sdmx.infomodel.codelist.Code=ESTAT:CL_NACE_REV2_CODE(1.0).0322">
          <Name xml:lang="en" xmlns="http://www.sdmx.org/resources/sdmxml/schemas/v2_1/common">Freshwater aquaculture</Name>
        </Code>
        <Code id="0510" urn="urn:sdmx:org.sdmx.infomodel.codelist.Code=ESTAT:CL_NACE_REV2_CODE(1.0).0510">
          <Name xml:lang="en" xmlns="http://www.sdmx.org/resources/sdmxml/schemas/v2_1/common">Mining of hard coal</Name>
        </Code>
        <Code id="0520" urn="urn:sdmx:org.sdmx.infomodel.codelist.Code=ESTAT:CL_NACE_REV2_CODE(1.0).0520">
          <Name xml:lang="en" xmlns="http://www.sdmx.org/resources/sdmxml/schemas/v2_1/common">Mining of lignite</Name>
        </Code>
        <Code id="0610" urn="urn:sdmx:org.sdmx.infomodel.codelist.Code=ESTAT:CL_NACE_REV2_CODE(1.0).0610">
          <Name xml:lang="en" xmlns="http://www.sdmx.org/resources/sdmxml/schemas/v2_1/common">Extraction of crude petroleum</Name>
        </Code>
        <Code id="0620" urn="urn:sdmx:org.sdmx.infomodel.codelist.Code=ESTAT:CL_NACE_REV2_CODE(1.0).0620">
          <Name xml:lang="en" xmlns="http://www.sdmx.org/resources/sdmxml/schemas/v2_1/common">Extraction of natural gas</Name>
        </Code>
        <Code id="0710" urn="urn:sdmx:org.sdmx.infomodel.codelist.Code=ESTAT:CL_NACE_REV2_CODE(1.0).0710">
          <Name xml:lang="en" xmlns="http://www.sdmx.org/resources/sdmxml/schemas/v2_1/common">Mining of iron ores</Name>
        </Code>
        <Code id="0721" urn="urn:sdmx:org.sdmx.infomodel.codelist.Code=ESTAT:CL_NACE_REV2_CODE(1.0).0721">
          <Name xml:lang="en" xmlns="http://www.sdmx.org/resources/sdmxml/schemas/v2_1/common">Mining of uranium and thorium ores</Name>
        </Code>
        <Code id="0729" urn="urn:sdmx:org.sdmx.infomodel.codelist.Code=ESTAT:CL_NACE_REV2_CODE(1.0).0729">
          <Name xml:lang="en" xmlns="http://www.sdmx.org/resources/sdmxml/schemas/v2_1/common">Mining of other non-ferrous metal ores</Name>
        </Code>
        <Code id="0811" urn="urn:sdmx:org.sdmx.infomodel.codelist.Code=ESTAT:CL_NACE_REV2_CODE(1.0).0811">
          <Name xml:lang="en" xmlns="http://www.sdmx.org/resources/sdmxml/schemas/v2_1/common">Quarrying of ornamental and building stone, limestone, gypsum, chalk and slate</Name>
        </Code>
        <Code id="0812" urn="urn:sdmx:org.sdmx.infomodel.codelist.Code=ESTAT:CL_NACE_REV2_CODE(1.0).0812">
          <Name xml:lang="en" xmlns="http://www.sdmx.org/resources/sdmxml/schemas/v2_1/common">Operation of gravel and sand pits; mining of clays and kaolin</Name>
        </Code>
        <Code id="0891" urn="urn:sdmx:org.sdmx.infomodel.codelist.Code=ESTAT:CL_NACE_REV2_CODE(1.0).0891">
          <Name xml:lang="en" xmlns="http://www.sdmx.org/resources/sdmxml/schemas/v2_1/common">Mining of chemical and fertiliser minerals</Name>
        </Code>
        <Code id="0892" urn="urn:sdmx:org.sdmx.infomodel.codelist.Code=ESTAT:CL_NACE_REV2_CODE(1.0).0892">
          <Name xml:lang="en" xmlns="http://www.sdmx.org/resources/sdmxml/schemas/v2_1/common">Extraction of peat</Name>
        </Code>
        <Code id="0893" urn="urn:sdmx:org.sdmx.infomodel.codelist.Code=ESTAT:CL_NACE_REV2_CODE(1.0).0893">
          <Name xml:lang="en" xmlns="http://www.sdmx.org/resources/sdmxml/schemas/v2_1/common">Extraction of salt</Name>
        </Code>
        <Code id="0899" urn="urn:sdmx:org.sdmx.infomodel.codelist.Code=ESTAT:CL_NACE_REV2_CODE(1.0).0899">
          <Name xml:lang="en" xmlns="http://www.sdmx.org/resources/sdmxml/schemas/v2_1/common">Other mining and quarrying n.e.c.</Name>
        </Code>
        <Code id="0910" urn="urn:sdmx:org.sdmx.infomodel.codelist.Code=ESTAT:CL_NACE_REV2_CODE(1.0).0910">
          <Name xml:lang="en" xmlns="http://www.sdmx.org/resources/sdmxml/schemas/v2_1/common">Support activities for petroleum and natural gas extraction</Name>
        </Code>
        <Code id="0990" urn="urn:sdmx:org.sdmx.infomodel.codelist.Code=ESTAT:CL_NACE_REV2_CODE(1.0).0990">
          <Name xml:lang="en" xmlns="http://www.sdmx.org/resources/sdmxml/schemas/v2_1/common">Support activities for other mining and quarrying</Name>
        </Code>
        <Code id="1011" urn="urn:sdmx:org.sdmx.infomodel.codelist.Code=ESTAT:CL_NACE_REV2_CODE(1.0).1011">
          <Name xml:lang="en" xmlns="http://www.sdmx.org/resources/sdmxml/schemas/v2_1/common">Processing and preserving of meat</Name>
        </Code>
        <Code id="1012" urn="urn:sdmx:org.sdmx.infomodel.codelist.Code=ESTAT:CL_NACE_REV2_CODE(1.0).1012">
          <Name xml:lang="en" xmlns="http://www.sdmx.org/resources/sdmxml/schemas/v2_1/common">Processing and preserving of poultry meat</Name>
        </Code>
        <Code id="1013" urn="urn:sdmx:org.sdmx.infomodel.codelist.Code=ESTAT:CL_NACE_REV2_CODE(1.0).1013">
          <Name xml:lang="en" xmlns="http://www.sdmx.org/resources/sdmxml/schemas/v2_1/common">Production of meat and poultry meat products</Name>
        </Code>
        <Code id="1020" urn="urn:sdmx:org.sdmx.infomodel.codelist.Code=ESTAT:CL_NACE_REV2_CODE(1.0).1020">
          <Name xml:lang="en" xmlns="http://www.sdmx.org/resources/sdmxml/schemas/v2_1/common">Processing and preserving of fish, crustaceans and molluscs</Name>
        </Code>
        <Code id="1031" urn="urn:sdmx:org.sdmx.infomodel.codelist.Code=ESTAT:CL_NACE_REV2_CODE(1.0).1031">
          <Name xml:lang="en" xmlns="http://www.sdmx.org/resources/sdmxml/schemas/v2_1/common">Processing and preserving of potatoes</Name>
        </Code>
        <Code id="1032" urn="urn:sdmx:org.sdmx.infomodel.codelist.Code=ESTAT:CL_NACE_REV2_CODE(1.0).1032">
          <Name xml:lang="en" xmlns="http://www.sdmx.org/resources/sdmxml/schemas/v2_1/common">Manufacture of fruit and vegetable juice</Name>
        </Code>
        <Code id="1039" urn="urn:sdmx:org.sdmx.infomodel.codelist.Code=ESTAT:CL_NACE_REV2_CODE(1.0).1039">
          <Name xml:lang="en" xmlns="http://www.sdmx.org/resources/sdmxml/schemas/v2_1/common">Other processing and preserving of fruit and vegetables</Name>
        </Code>
        <Code id="1041" urn="urn:sdmx:org.sdmx.infomodel.codelist.Code=ESTAT:CL_NACE_REV2_CODE(1.0).1041">
          <Name xml:lang="en" xmlns="http://www.sdmx.org/resources/sdmxml/schemas/v2_1/common">Manufacture of oils and fats</Name>
        </Code>
        <Code id="1042" urn="urn:sdmx:org.sdmx.infomodel.codelist.Code=ESTAT:CL_NACE_REV2_CODE(1.0).1042">
          <Name xml:lang="en" xmlns="http://www.sdmx.org/resources/sdmxml/schemas/v2_1/common">Manufacture of margarine and similar edible fats</Name>
        </Code>
        <Code id="1051" urn="urn:sdmx:org.sdmx.infomodel.codelist.Code=ESTAT:CL_NACE_REV2_CODE(1.0).1051">
          <Name xml:lang="en" xmlns="http://www.sdmx.org/resources/sdmxml/schemas/v2_1/common">Operation of dairies and cheese making</Name>
        </Code>
        <Code id="1052" urn="urn:sdmx:org.sdmx.infomodel.codelist.Code=ESTAT:CL_NACE_REV2_CODE(1.0).1052">
          <Name xml:lang="en" xmlns="http://www.sdmx.org/resources/sdmxml/schemas/v2_1/common">Manufacture of ice cream</Name>
        </Code>
        <Code id="1061" urn="urn:sdmx:org.sdmx.infomodel.codelist.Code=ESTAT:CL_NACE_REV2_CODE(1.0).1061">
          <Name xml:lang="en" xmlns="http://www.sdmx.org/resources/sdmxml/schemas/v2_1/common">Manufacture of grain mill products</Name>
        </Code>
        <Code id="1062" urn="urn:sdmx:org.sdmx.infomodel.codelist.Code=ESTAT:CL_NACE_REV2_CODE(1.0).1062">
          <Name xml:lang="en" xmlns="http://www.sdmx.org/resources/sdmxml/schemas/v2_1/common">Manufacture of starches and starch products</Name>
        </Code>
        <Code id="1071" urn="urn:sdmx:org.sdmx.infomodel.codelist.Code=ESTAT:CL_NACE_REV2_CODE(1.0).1071">
          <Name xml:lang="en" xmlns="http://www.sdmx.org/resources/sdmxml/schemas/v2_1/common">Manufacture of bread; manufacture of fresh pastry goods and cakes</Name>
        </Code>
        <Code id="1072" urn="urn:sdmx:org.sdmx.infomodel.codelist.Code=ESTAT:CL_NACE_REV2_CODE(1.0).1072">
          <Name xml:lang="en" xmlns="http://www.sdmx.org/resources/sdmxml/schemas/v2_1/common">Manufacture of rusks and biscuits; manufacture of preserved pastry goods and cakes</Name>
        </Code>
        <Code id="1073" urn="urn:sdmx:org.sdmx.infomodel.codelist.Code=ESTAT:CL_NACE_REV2_CODE(1.0).1073">
          <Name xml:lang="en" xmlns="http://www.sdmx.org/resources/sdmxml/schemas/v2_1/common">Manufacture of macaroni, noodles, couscous and similar farinaceous products</Name>
        </Code>
        <Code id="1081" urn="urn:sdmx:org.sdmx.infomodel.codelist.Code=ESTAT:CL_NACE_REV2_CODE(1.0).1081">
          <Name xml:lang="en" xmlns="http://www.sdmx.org/resources/sdmxml/schemas/v2_1/common">Manufacture of sugar</Name>
        </Code>
        <Code id="1082" urn="urn:sdmx:org.sdmx.infomodel.codelist.Code=ESTAT:CL_NACE_REV2_CODE(1.0).1082">
          <Name xml:lang="en" xmlns="http://www.sdmx.org/resources/sdmxml/schemas/v2_1/common">Manufacture of cocoa, chocolate and sugar confectionery</Name>
        </Code>
        <Code id="1083" urn="urn:sdmx:org.sdmx.infomodel.codelist.Code=ESTAT:CL_NACE_REV2_CODE(1.0).1083">
          <Name xml:lang="en" xmlns="http://www.sdmx.org/resources/sdmxml/schemas/v2_1/common">Processing of tea and coffee</Name>
        </Code>
        <Code id="1084" urn="urn:sdmx:org.sdmx.infomodel.codelist.Code=ESTAT:CL_NACE_REV2_CODE(1.0).1084">
          <Name xml:lang="en" xmlns="http://www.sdmx.org/resources/sdmxml/schemas/v2_1/common">Manufacture of condiments and seasonings</Name>
        </Code>
        <Code id="1085" urn="urn:sdmx:org.sdmx.infomodel.codelist.Code=ESTAT:CL_NACE_REV2_CODE(1.0).1085">
          <Name xml:lang="en" xmlns="http://www.sdmx.org/resources/sdmxml/schemas/v2_1/common">Manufacture of prepared meals and dishes</Name>
        </Code>
        <Code id="1086" urn="urn:sdmx:org.sdmx.infomodel.codelist.Code=ESTAT:CL_NACE_REV2_CODE(1.0).1086">
          <Name xml:lang="en" xmlns="http://www.sdmx.org/resources/sdmxml/schemas/v2_1/common">Manufacture of homogenised food preparations and dietetic food</Name>
        </Code>
        <Code id="1089" urn="urn:sdmx:org.sdmx.infomodel.codelist.Code=ESTAT:CL_NACE_REV2_CODE(1.0).1089">
          <Name xml:lang="en" xmlns="http://www.sdmx.org/resources/sdmxml/schemas/v2_1/common">Manufacture of other food products n.e.c.</Name>
        </Code>
        <Code id="1091" urn="urn:sdmx:org.sdmx.infomodel.codelist.Code=ESTAT:CL_NACE_REV2_CODE(1.0).1091">
          <Name xml:lang="en" xmlns="http://www.sdmx.org/resources/sdmxml/schemas/v2_1/common">Manufacture of prepared feeds for farm animals</Name>
        </Code>
        <Code id="1092" urn="urn:sdmx:org.sdmx.infomodel.codelist.Code=ESTAT:CL_NACE_REV2_CODE(1.0).1092">
          <Name xml:lang="en" xmlns="http://www.sdmx.org/resources/sdmxml/schemas/v2_1/common">Manufacture of prepared pet foods</Name>
        </Code>
        <Code id="1101" urn="urn:sdmx:org.sdmx.infomodel.codelist.Code=ESTAT:CL_NACE_REV2_CODE(1.0).1101">
          <Name xml:lang="en" xmlns="http://www.sdmx.org/resources/sdmxml/schemas/v2_1/common">Manufacture of distilled, potable, alcoholic beverages: whisky, brandy, gin, liqueurs etc.</Name>
        </Code>
        <Code id="1102" urn="urn:sdmx:org.sdmx.infomodel.codelist.Code=ESTAT:CL_NACE_REV2_CODE(1.0).1102">
          <Name xml:lang="en" xmlns="http://www.sdmx.org/resources/sdmxml/schemas/v2_1/common">Manufacture of wine from grape</Name>
        </Code>
        <Code id="1103" urn="urn:sdmx:org.sdmx.infomodel.codelist.Code=ESTAT:CL_NACE_REV2_CODE(1.0).1103">
          <Name xml:lang="en" xmlns="http://www.sdmx.org/resources/sdmxml/schemas/v2_1/common">Manufacture of cider and other fruit wines</Name>
        </Code>
        <Code id="1104" urn="urn:sdmx:org.sdmx.infomodel.codelist.Code=ESTAT:CL_NACE_REV2_CODE(1.0).1104">
          <Name xml:lang="en" xmlns="http://www.sdmx.org/resources/sdmxml/schemas/v2_1/common">Manufacture of other non-distilled fermented beverages</Name>
        </Code>
        <Code id="1105" urn="urn:sdmx:org.sdmx.infomodel.codelist.Code=ESTAT:CL_NACE_REV2_CODE(1.0).1105">
          <Name xml:lang="en" xmlns="http://www.sdmx.org/resources/sdmxml/schemas/v2_1/common">Manufacture of beer</Name>
        </Code>
        <Code id="1106" urn="urn:sdmx:org.sdmx.infomodel.codelist.Code=ESTAT:CL_NACE_REV2_CODE(1.0).1106">
          <Name xml:lang="en" xmlns="http://www.sdmx.org/resources/sdmxml/schemas/v2_1/common">Manufacture of malt</Name>
        </Code>
        <Code id="1107" urn="urn:sdmx:org.sdmx.infomodel.codelist.Code=ESTAT:CL_NACE_REV2_CODE(1.0).1107">
          <Name xml:lang="en" xmlns="http://www.sdmx.org/resources/sdmxml/schemas/v2_1/common">Manufacture of soft drinks; production of mineral waters and other bottled waters</Name>
        </Code>
        <Code id="1200" urn="urn:sdmx:org.sdmx.infomodel.codelist.Code=ESTAT:CL_NACE_REV2_CODE(1.0).1200">
          <Name xml:lang="en" xmlns="http://www.sdmx.org/resources/sdmxml/schemas/v2_1/common">Manufacture of tobacco products</Name>
        </Code>
        <Code id="1310" urn="urn:sdmx:org.sdmx.infomodel.codelist.Code=ESTAT:CL_NACE_REV2_CODE(1.0).1310">
          <Name xml:lang="en" xmlns="http://www.sdmx.org/resources/sdmxml/schemas/v2_1/common">Preparation and spinning of textile fibres</Name>
        </Code>
        <Code id="1320" urn="urn:sdmx:org.sdmx.infomodel.codelist.Code=ESTAT:CL_NACE_REV2_CODE(1.0).1320">
          <Name xml:lang="en" xmlns="http://www.sdmx.org/resources/sdmxml/schemas/v2_1/common">Weaving of textiles</Name>
        </Code>
        <Code id="1330" urn="urn:sdmx:org.sdmx.infomodel.codelist.Code=ESTAT:CL_NACE_REV2_CODE(1.0).1330">
          <Name xml:lang="en" xmlns="http://www.sdmx.org/resources/sdmxml/schemas/v2_1/common">Finishing of textiles</Name>
        </Code>
        <Code id="1391" urn="urn:sdmx:org.sdmx.infomodel.codelist.Code=ESTAT:CL_NACE_REV2_CODE(1.0).1391">
          <Name xml:lang="en" xmlns="http://www.sdmx.org/resources/sdmxml/schemas/v2_1/common">Manufacture of knitted and crocheted fabrics</Name>
        </Code>
        <Code id="1392" urn="urn:sdmx:org.sdmx.infomodel.codelist.Code=ESTAT:CL_NACE_REV2_CODE(1.0).1392">
          <Name xml:lang="en" xmlns="http://www.sdmx.org/resources/sdmxml/schemas/v2_1/common">Manufacture of made-up textile articles, except apparel</Name>
        </Code>
        <Code id="1393" urn="urn:sdmx:org.sdmx.infomodel.codelist.Code=ESTAT:CL_NACE_REV2_CODE(1.0).1393">
          <Name xml:lang="en" xmlns="http://www.sdmx.org/resources/sdmxml/schemas/v2_1/common">Manufacture of carpets and rugs</Name>
        </Code>
        <Code id="1394" urn="urn:sdmx:org.sdmx.infomodel.codelist.Code=ESTAT:CL_NACE_REV2_CODE(1.0).1394">
          <Name xml:lang="en" xmlns="http://www.sdmx.org/resources/sdmxml/schemas/v2_1/common">Manufacture of cordage, rope, twine and netting</Name>
        </Code>
        <Code id="1395" urn="urn:sdmx:org.sdmx.infomodel.codelist.Code=ESTAT:CL_NACE_REV2_CODE(1.0).1395">
          <Name xml:lang="en" xmlns="http://www.sdmx.org/resources/sdmxml/schemas/v2_1/common">Manufacture of non-wovens and articles made from non-wovens, except apparel</Name>
        </Code>
        <Code id="1396" urn="urn:sdmx:org.sdmx.infomodel.codelist.Code=ESTAT:CL_NACE_REV2_CODE(1.0).1396">
          <Name xml:lang="en" xmlns="http://www.sdmx.org/resources/sdmxml/schemas/v2_1/common">Manufacture of other technical and industrial textiles</Name>
        </Code>
        <Code id="1399" urn="urn:sdmx:org.sdmx.infomodel.codelist.Code=ESTAT:CL_NACE_REV2_CODE(1.0).1399">
          <Name xml:lang="en" xmlns="http://www.sdmx.org/resources/sdmxml/schemas/v2_1/common">Manufacture of other textiles n.e.c.</Name>
        </Code>
        <Code id="1411" urn="urn:sdmx:org.sdmx.infomodel.codelist.Code=ESTAT:CL_NACE_REV2_CODE(1.0).1411">
          <Name xml:lang="en" xmlns="http://www.sdmx.org/resources/sdmxml/schemas/v2_1/common">Manufacture of leather clothes</Name>
        </Code>
        <Code id="1412" urn="urn:sdmx:org.sdmx.infomodel.codelist.Code=ESTAT:CL_NACE_REV2_CODE(1.0).1412">
          <Name xml:lang="en" xmlns="http://www.sdmx.org/resources/sdmxml/schemas/v2_1/common">Manufacture of workwear</Name>
        </Code>
        <Code id="1413" urn="urn:sdmx:org.sdmx.infomodel.codelist.Code=ESTAT:CL_NACE_REV2_CODE(1.0).1413">
          <Name xml:lang="en" xmlns="http://www.sdmx.org/resources/sdmxml/schemas/v2_1/common">Manufacture of other outerwear</Name>
        </Code>
        <Code id="1414" urn="urn:sdmx:org.sdmx.infomodel.codelist.Code=ESTAT:CL_NACE_REV2_CODE(1.0).1414">
          <Name xml:lang="en" xmlns="http://www.sdmx.org/resources/sdmxml/schemas/v2_1/common">Manufacture of underwear</Name>
        </Code>
        <Code id="1419" urn="urn:sdmx:org.sdmx.infomodel.codelist.Code=ESTAT:CL_NACE_REV2_CODE(1.0).1419">
          <Name xml:lang="en" xmlns="http://www.sdmx.org/resources/sdmxml/schemas/v2_1/common">Manufacture of other wearing apparel and accessories</Name>
        </Code>
        <Code id="1420" urn="urn:sdmx:org.sdmx.infomodel.codelist.Code=ESTAT:CL_NACE_REV2_CODE(1.0).1420">
          <Name xml:lang="en" xmlns="http://www.sdmx.org/resources/sdmxml/schemas/v2_1/common">Manufacture of articles of fur</Name>
        </Code>
        <Code id="1431" urn="urn:sdmx:org.sdmx.infomodel.codelist.Code=ESTAT:CL_NACE_REV2_CODE(1.0).1431">
          <Name xml:lang="en" xmlns="http://www.sdmx.org/resources/sdmxml/schemas/v2_1/common">Manufacture of knitted and crocheted hosiery</Name>
        </Code>
        <Code id="1439" urn="urn:sdmx:org.sdmx.infomodel.codelist.Code=ESTAT:CL_NACE_REV2_CODE(1.0).1439">
          <Name xml:lang="en" xmlns="http://www.sdmx.org/resources/sdmxml/schemas/v2_1/common">Manufacture of other knitted and crocheted apparel</Name>
        </Code>
        <Code id="1511" urn="urn:sdmx:org.sdmx.infomodel.codelist.Code=ESTAT:CL_NACE_REV2_CODE(1.0).1511">
          <Name xml:lang="en" xmlns="http://www.sdmx.org/resources/sdmxml/schemas/v2_1/common">Tanning and dressing of leather; dressing and dyeing of fur</Name>
        </Code>
        <Code id="1512" urn="urn:sdmx:org.sdmx.infomodel.codelist.Code=ESTAT:CL_NACE_REV2_CODE(1.0).1512">
          <Name xml:lang="en" xmlns="http://www.sdmx.org/resources/sdmxml/schemas/v2_1/common">Manufacture of luggage, handbags and the like, saddlery and harness</Name>
        </Code>
        <Code id="1520" urn="urn:sdmx:org.sdmx.infomodel.codelist.Code=ESTAT:CL_NACE_REV2_CODE(1.0).1520">
          <Name xml:lang="en" xmlns="http://www.sdmx.org/resources/sdmxml/schemas/v2_1/common">Manufacture of footwear</Name>
        </Code>
        <Code id="1610" urn="urn:sdmx:org.sdmx.infomodel.codelist.Code=ESTAT:CL_NACE_REV2_CODE(1.0).1610">
          <Name xml:lang="en" xmlns="http://www.sdmx.org/resources/sdmxml/schemas/v2_1/common">Sawmilling and planing of wood</Name>
        </Code>
        <Code id="1621" urn="urn:sdmx:org.sdmx.infomodel.codelist.Code=ESTAT:CL_NACE_REV2_CODE(1.0).1621">
          <Name xml:lang="en" xmlns="http://www.sdmx.org/resources/sdmxml/schemas/v2_1/common">Manufacture of veneer sheets and wood-based panels</Name>
        </Code>
        <Code id="1622" urn="urn:sdmx:org.sdmx.infomodel.codelist.Code=ESTAT:CL_NACE_REV2_CODE(1.0).1622">
          <Name xml:lang="en" xmlns="http://www.sdmx.org/resources/sdmxml/schemas/v2_1/common">Manufacture of assembled parquet floors</Name>
        </Code>
        <Code id="1623" urn="urn:sdmx:org.sdmx.infomodel.codelist.Code=ESTAT:CL_NACE_REV2_CODE(1.0).1623">
          <Name xml:lang="en" xmlns="http://www.sdmx.org/resources/sdmxml/schemas/v2_1/common">Manufacture of other builders' carpentry and joinery</Name>
        </Code>
        <Code id="1624" urn="urn:sdmx:org.sdmx.infomodel.codelist.Code=ESTAT:CL_NACE_REV2_CODE(1.0).1624">
          <Name xml:lang="en" xmlns="http://www.sdmx.org/resources/sdmxml/schemas/v2_1/common">Manufacture of wooden containers</Name>
        </Code>
        <Code id="1629" urn="urn:sdmx:org.sdmx.infomodel.codelist.Code=ESTAT:CL_NACE_REV2_CODE(1.0).1629">
          <Name xml:lang="en" xmlns="http://www.sdmx.org/resources/sdmxml/schemas/v2_1/common">Manufacture of other products of wood; manufacture of articles of cork, straw and plaiting materials</Name>
        </Code>
        <Code id="1711" urn="urn:sdmx:org.sdmx.infomodel.codelist.Code=ESTAT:CL_NACE_REV2_CODE(1.0).1711">
          <Name xml:lang="en" xmlns="http://www.sdmx.org/resources/sdmxml/schemas/v2_1/common">Manufacture of pulp</Name>
        </Code>
        <Code id="1712" urn="urn:sdmx:org.sdmx.infomodel.codelist.Code=ESTAT:CL_NACE_REV2_CODE(1.0).1712">
          <Name xml:lang="en" xmlns="http://www.sdmx.org/resources/sdmxml/schemas/v2_1/common">Manufacture of paper and paperboard</Name>
        </Code>
        <Code id="1721" urn="urn:sdmx:org.sdmx.infomodel.codelist.Code=ESTAT:CL_NACE_REV2_CODE(1.0).1721">
          <Name xml:lang="en" xmlns="http://www.sdmx.org/resources/sdmxml/schemas/v2_1/common">Manufacture of corrugated paper and paperboard and of containers of paper and paperboard</Name>
        </Code>
        <Code id="1722" urn="urn:sdmx:org.sdmx.infomodel.codelist.Code=ESTAT:CL_NACE_REV2_CODE(1.0).1722">
          <Name xml:lang="en" xmlns="http://www.sdmx.org/resources/sdmxml/schemas/v2_1/common">Manufacture of household and sanitary goods and of toilet requisites</Name>
        </Code>
        <Code id="1723" urn="urn:sdmx:org.sdmx.infomodel.codelist.Code=ESTAT:CL_NACE_REV2_CODE(1.0).1723">
          <Name xml:lang="en" xmlns="http://www.sdmx.org/resources/sdmxml/schemas/v2_1/common">Manufacture of paper stationery</Name>
        </Code>
        <Code id="1724" urn="urn:sdmx:org.sdmx.infomodel.codelist.Code=ESTAT:CL_NACE_REV2_CODE(1.0).1724">
          <Name xml:lang="en" xmlns="http://www.sdmx.org/resources/sdmxml/schemas/v2_1/common">Manufacture of wallpaper</Name>
        </Code>
        <Code id="1729" urn="urn:sdmx:org.sdmx.infomodel.codelist.Code=ESTAT:CL_NACE_REV2_CODE(1.0).1729">
          <Name xml:lang="en" xmlns="http://www.sdmx.org/resources/sdmxml/schemas/v2_1/common">Manufacture of other articles of paper and paperboard</Name>
        </Code>
        <Code id="1811" urn="urn:sdmx:org.sdmx.infomodel.codelist.Code=ESTAT:CL_NACE_REV2_CODE(1.0).1811">
          <Name xml:lang="en" xmlns="http://www.sdmx.org/resources/sdmxml/schemas/v2_1/common">Printing of newspapers</Name>
        </Code>
        <Code id="1812" urn="urn:sdmx:org.sdmx.infomodel.codelist.Code=ESTAT:CL_NACE_REV2_CODE(1.0).1812">
          <Name xml:lang="en" xmlns="http://www.sdmx.org/resources/sdmxml/schemas/v2_1/common">Other printing</Name>
        </Code>
        <Code id="1813" urn="urn:sdmx:org.sdmx.infomodel.codelist.Code=ESTAT:CL_NACE_REV2_CODE(1.0).1813">
          <Name xml:lang="en" xmlns="http://www.sdmx.org/resources/sdmxml/schemas/v2_1/common">Pre-press and pre-media services</Name>
        </Code>
        <Code id="1814" urn="urn:sdmx:org.sdmx.infomodel.codelist.Code=ESTAT:CL_NACE_REV2_CODE(1.0).1814">
          <Name xml:lang="en" xmlns="http://www.sdmx.org/resources/sdmxml/schemas/v2_1/common">Binding and related services</Name>
        </Code>
        <Code id="1820" urn="urn:sdmx:org.sdmx.infomodel.codelist.Code=ESTAT:CL_NACE_REV2_CODE(1.0).1820">
          <Name xml:lang="en" xmlns="http://www.sdmx.org/resources/sdmxml/schemas/v2_1/common">Reproduction of recorded media</Name>
        </Code>
        <Code id="1910" urn="urn:sdmx:org.sdmx.infomodel.codelist.Code=ESTAT:CL_NACE_REV2_CODE(1.0).1910">
          <Name xml:lang="en" xmlns="http://www.sdmx.org/resources/sdmxml/schemas/v2_1/common">Manufacture of coke oven products</Name>
        </Code>
        <Code id="1920" urn="urn:sdmx:org.sdmx.infomodel.codelist.Code=ESTAT:CL_NACE_REV2_CODE(1.0).1920">
          <Name xml:lang="en" xmlns="http://www.sdmx.org/resources/sdmxml/schemas/v2_1/common">Manufacture of refined petroleum products</Name>
        </Code>
        <Code id="2011" urn="urn:sdmx:org.sdmx.infomodel.codelist.Code=ESTAT:CL_NACE_REV2_CODE(1.0).2011">
          <Name xml:lang="en" xmlns="http://www.sdmx.org/resources/sdmxml/schemas/v2_1/common">Manufacture of industrial gases</Name>
        </Code>
        <Code id="2012" urn="urn:sdmx:org.sdmx.infomodel.codelist.Code=ESTAT:CL_NACE_REV2_CODE(1.0).2012">
          <Name xml:lang="en" xmlns="http://www.sdmx.org/resources/sdmxml/schemas/v2_1/common">Manufacture of dyes and pigments</Name>
        </Code>
        <Code id="2013" urn="urn:sdmx:org.sdmx.infomodel.codelist.Code=ESTAT:CL_NACE_REV2_CODE(1.0).2013">
          <Name xml:lang="en" xmlns="http://www.sdmx.org/resources/sdmxml/schemas/v2_1/common">Manufacture of other inorganic basic chemicals</Name>
        </Code>
        <Code id="2014" urn="urn:sdmx:org.sdmx.infomodel.codelist.Code=ESTAT:CL_NACE_REV2_CODE(1.0).2014">
          <Name xml:lang="en" xmlns="http://www.sdmx.org/resources/sdmxml/schemas/v2_1/common">Manufacture of other organic basic chemicals</Name>
        </Code>
        <Code id="2015" urn="urn:sdmx:org.sdmx.infomodel.codelist.Code=ESTAT:CL_NACE_REV2_CODE(1.0).2015">
          <Name xml:lang="en" xmlns="http://www.sdmx.org/resources/sdmxml/schemas/v2_1/common">Manufacture of fertilisers and nitrogen compounds</Name>
        </Code>
        <Code id="2016" urn="urn:sdmx:org.sdmx.infomodel.codelist.Code=ESTAT:CL_NACE_REV2_CODE(1.0).2016">
          <Name xml:lang="en" xmlns="http://www.sdmx.org/resources/sdmxml/schemas/v2_1/common">Manufacture of plastics in primary forms</Name>
        </Code>
        <Code id="2017" urn="urn:sdmx:org.sdmx.infomodel.codelist.Code=ESTAT:CL_NACE_REV2_CODE(1.0).2017">
          <Name xml:lang="en" xmlns="http://www.sdmx.org/resources/sdmxml/schemas/v2_1/common">Manufacture of synthetic rubber in primary forms</Name>
        </Code>
        <Code id="2020" urn="urn:sdmx:org.sdmx.infomodel.codelist.Code=ESTAT:CL_NACE_REV2_CODE(1.0).2020">
          <Name xml:lang="en" xmlns="http://www.sdmx.org/resources/sdmxml/schemas/v2_1/common">Manufacture of pesticides and other agrochemical products</Name>
        </Code>
        <Code id="2030" urn="urn:sdmx:org.sdmx.infomodel.codelist.Code=ESTAT:CL_NACE_REV2_CODE(1.0).2030">
          <Name xml:lang="en" xmlns="http://www.sdmx.org/resources/sdmxml/schemas/v2_1/common">Manufacture of paints, varnishes and similar coatings, printing ink and mastics</Name>
        </Code>
        <Code id="2041" urn="urn:sdmx:org.sdmx.infomodel.codelist.Code=ESTAT:CL_NACE_REV2_CODE(1.0).2041">
          <Name xml:lang="en" xmlns="http://www.sdmx.org/resources/sdmxml/schemas/v2_1/common">Manufacture of soap and detergents, cleaning and polishing preparations</Name>
        </Code>
        <Code id="2042" urn="urn:sdmx:org.sdmx.infomodel.codelist.Code=ESTAT:CL_NACE_REV2_CODE(1.0).2042">
          <Name xml:lang="en" xmlns="http://www.sdmx.org/resources/sdmxml/schemas/v2_1/common">Manufacture of perfumes and toilet preparations</Name>
        </Code>
        <Code id="2051" urn="urn:sdmx:org.sdmx.infomodel.codelist.Code=ESTAT:CL_NACE_REV2_CODE(1.0).2051">
          <Name xml:lang="en" xmlns="http://www.sdmx.org/resources/sdmxml/schemas/v2_1/common">Manufacture of explosives</Name>
        </Code>
        <Code id="2052" urn="urn:sdmx:org.sdmx.infomodel.codelist.Code=ESTAT:CL_NACE_REV2_CODE(1.0).2052">
          <Name xml:lang="en" xmlns="http://www.sdmx.org/resources/sdmxml/schemas/v2_1/common">Manufacture of glues</Name>
        </Code>
        <Code id="2053" urn="urn:sdmx:org.sdmx.infomodel.codelist.Code=ESTAT:CL_NACE_REV2_CODE(1.0).2053">
          <Name xml:lang="en" xmlns="http://www.sdmx.org/resources/sdmxml/schemas/v2_1/common">Manufacture of essential oils</Name>
        </Code>
        <Code id="2059" urn="urn:sdmx:org.sdmx.infomodel.codelist.Code=ESTAT:CL_NACE_REV2_CODE(1.0).2059">
          <Name xml:lang="en" xmlns="http://www.sdmx.org/resources/sdmxml/schemas/v2_1/common">Manufacture of other chemical products n.e.c.</Name>
        </Code>
        <Code id="2060" urn="urn:sdmx:org.sdmx.infomodel.codelist.Code=ESTAT:CL_NACE_REV2_CODE(1.0).2060">
          <Name xml:lang="en" xmlns="http://www.sdmx.org/resources/sdmxml/schemas/v2_1/common">Manufacture of man-made fibres</Name>
        </Code>
        <Code id="2110" urn="urn:sdmx:org.sdmx.infomodel.codelist.Code=ESTAT:CL_NACE_REV2_CODE(1.0).2110">
          <Name xml:lang="en" xmlns="http://www.sdmx.org/resources/sdmxml/schemas/v2_1/common">Manufacture of basic pharmaceutical products</Name>
        </Code>
        <Code id="2120" urn="urn:sdmx:org.sdmx.infomodel.codelist.Code=ESTAT:CL_NACE_REV2_CODE(1.0).2120">
          <Name xml:lang="en" xmlns="http://www.sdmx.org/resources/sdmxml/schemas/v2_1/common">Manufacture of pharmaceutical preparations</Name>
        </Code>
        <Code id="2211" urn="urn:sdmx:org.sdmx.infomodel.codelist.Code=ESTAT:CL_NACE_REV2_CODE(1.0).2211">
          <Name xml:lang="en" xmlns="http://www.sdmx.org/resources/sdmxml/schemas/v2_1/common">Manufacture of rubber tyres and tubes; retreading and rebuilding of rubber tyres</Name>
        </Code>
        <Code id="2219" urn="urn:sdmx:org.sdmx.infomodel.codelist.Code=ESTAT:CL_NACE_REV2_CODE(1.0).2219">
          <Name xml:lang="en" xmlns="http://www.sdmx.org/resources/sdmxml/schemas/v2_1/common">Manufacture of other rubber products</Name>
        </Code>
        <Code id="2221" urn="urn:sdmx:org.sdmx.infomodel.codelist.Code=ESTAT:CL_NACE_REV2_CODE(1.0).2221">
          <Name xml:lang="en" xmlns="http://www.sdmx.org/resources/sdmxml/schemas/v2_1/common">Manufacture of plastic plates, sheets, tubes and profiles</Name>
        </Code>
        <Code id="2222" urn="urn:sdmx:org.sdmx.infomodel.codelist.Code=ESTAT:CL_NACE_REV2_CODE(1.0).2222">
          <Name xml:lang="en" xmlns="http://www.sdmx.org/resources/sdmxml/schemas/v2_1/common">Manufacture of plastic packing goods</Name>
        </Code>
        <Code id="2223" urn="urn:sdmx:org.sdmx.infomodel.codelist.Code=ESTAT:CL_NACE_REV2_CODE(1.0).2223">
          <Name xml:lang="en" xmlns="http://www.sdmx.org/resources/sdmxml/schemas/v2_1/common">Manufacture of buildersâ€™ ware of plastic</Name>
        </Code>
        <Code id="2229" urn="urn:sdmx:org.sdmx.infomodel.codelist.Code=ESTAT:CL_NACE_REV2_CODE(1.0).2229">
          <Name xml:lang="en" xmlns="http://www.sdmx.org/resources/sdmxml/schemas/v2_1/common">Manufacture of other plastic products</Name>
        </Code>
        <Code id="2311" urn="urn:sdmx:org.sdmx.infomodel.codelist.Code=ESTAT:CL_NACE_REV2_CODE(1.0).2311">
          <Name xml:lang="en" xmlns="http://www.sdmx.org/resources/sdmxml/schemas/v2_1/common">Manufacture of flat glass</Name>
        </Code>
        <Code id="2312" urn="urn:sdmx:org.sdmx.infomodel.codelist.Code=ESTAT:CL_NACE_REV2_CODE(1.0).2312">
          <Name xml:lang="en" xmlns="http://www.sdmx.org/resources/sdmxml/schemas/v2_1/common">Shaping and processing of flat glass</Name>
        </Code>
        <Code id="2313" urn="urn:sdmx:org.sdmx.infomodel.codelist.Code=ESTAT:CL_NACE_REV2_CODE(1.0).2313">
          <Name xml:lang="en" xmlns="http://www.sdmx.org/resources/sdmxml/schemas/v2_1/common">Manufacture of hollow glass</Name>
        </Code>
        <Code id="2314" urn="urn:sdmx:org.sdmx.infomodel.codelist.Code=ESTAT:CL_NACE_REV2_CODE(1.0).2314">
          <Name xml:lang="en" xmlns="http://www.sdmx.org/resources/sdmxml/schemas/v2_1/common">Manufacture of glass fibres</Name>
        </Code>
        <Code id="2319" urn="urn:sdmx:org.sdmx.infomodel.codelist.Code=ESTAT:CL_NACE_REV2_CODE(1.0).2319">
          <Name xml:lang="en" xmlns="http://www.sdmx.org/resources/sdmxml/schemas/v2_1/common">Manufacture and processing of other glass, including technical glassware</Name>
        </Code>
        <Code id="2320" urn="urn:sdmx:org.sdmx.infomodel.codelist.Code=ESTAT:CL_NACE_REV2_CODE(1.0).2320">
          <Name xml:lang="en" xmlns="http://www.sdmx.org/resources/sdmxml/schemas/v2_1/common">Manufacture of refractory products</Name>
        </Code>
        <Code id="2331" urn="urn:sdmx:org.sdmx.infomodel.codelist.Code=ESTAT:CL_NACE_REV2_CODE(1.0).2331">
          <Name xml:lang="en" xmlns="http://www.sdmx.org/resources/sdmxml/schemas/v2_1/common">Manufacture of ceramic tiles and flags</Name>
        </Code>
        <Code id="2332" urn="urn:sdmx:org.sdmx.infomodel.codelist.Code=ESTAT:CL_NACE_REV2_CODE(1.0).2332">
          <Name xml:lang="en" xmlns="http://www.sdmx.org/resources/sdmxml/schemas/v2_1/common">Manufacture of bricks, tiles and construction products, in baked clay</Name>
        </Code>
        <Code id="2341" urn="urn:sdmx:org.sdmx.infomodel.codelist.Code=ESTAT:CL_NACE_REV2_CODE(1.0).2341">
          <Name xml:lang="en" xmlns="http://www.sdmx.org/resources/sdmxml/schemas/v2_1/common">Manufacture of ceramic household and ornamental articles</Name>
        </Code>
        <Code id="2342" urn="urn:sdmx:org.sdmx.infomodel.codelist.Code=ESTAT:CL_NACE_REV2_CODE(1.0).2342">
          <Name xml:lang="en" xmlns="http://www.sdmx.org/resources/sdmxml/schemas/v2_1/common">Manufacture of ceramic sanitary fixtures</Name>
        </Code>
        <Code id="2343" urn="urn:sdmx:org.sdmx.infomodel.codelist.Code=ESTAT:CL_NACE_REV2_CODE(1.0).2343">
          <Name xml:lang="en" xmlns="http://www.sdmx.org/resources/sdmxml/schemas/v2_1/common">Manufacture of ceramic insulators and insulating fittings</Name>
        </Code>
        <Code id="2344" urn="urn:sdmx:org.sdmx.infomodel.codelist.Code=ESTAT:CL_NACE_REV2_CODE(1.0).2344">
          <Name xml:lang="en" xmlns="http://www.sdmx.org/resources/sdmxml/schemas/v2_1/common">Manufacture of other technical ceramic products</Name>
        </Code>
        <Code id="2349" urn="urn:sdmx:org.sdmx.infomodel.codelist.Code=ESTAT:CL_NACE_REV2_CODE(1.0).2349">
          <Name xml:lang="en" xmlns="http://www.sdmx.org/resources/sdmxml/schemas/v2_1/common">Manufacture of other ceramic products</Name>
        </Code>
        <Code id="2351" urn="urn:sdmx:org.sdmx.infomodel.codelist.Code=ESTAT:CL_NACE_REV2_CODE(1.0).2351">
          <Name xml:lang="en" xmlns="http://www.sdmx.org/resources/sdmxml/schemas/v2_1/common">Manufacture of cement</Name>
        </Code>
        <Code id="2352" urn="urn:sdmx:org.sdmx.infomodel.codelist.Code=ESTAT:CL_NACE_REV2_CODE(1.0).2352">
          <Name xml:lang="en" xmlns="http://www.sdmx.org/resources/sdmxml/schemas/v2_1/common">Manufacture of lime and plaster</Name>
        </Code>
        <Code id="2361" urn="urn:sdmx:org.sdmx.infomodel.codelist.Code=ESTAT:CL_NACE_REV2_CODE(1.0).2361">
          <Name xml:lang="en" xmlns="http://www.sdmx.org/resources/sdmxml/schemas/v2_1/common">Manufacture of concrete products for construction purposes</Name>
        </Code>
        <Code id="2362" urn="urn:sdmx:org.sdmx.infomodel.codelist.Code=ESTAT:CL_NACE_REV2_CODE(1.0).2362">
          <Name xml:lang="en" xmlns="http://www.sdmx.org/resources/sdmxml/schemas/v2_1/common">Manufacture of plaster products for construction purposes</Name>
        </Code>
        <Code id="2363" urn="urn:sdmx:org.sdmx.infomodel.codelist.Code=ESTAT:CL_NACE_REV2_CODE(1.0).2363">
          <Name xml:lang="en" xmlns="http://www.sdmx.org/resources/sdmxml/schemas/v2_1/common">Manufacture of ready-mixed concrete</Name>
        </Code>
        <Code id="2364" urn="urn:sdmx:org.sdmx.infomodel.codelist.Code=ESTAT:CL_NACE_REV2_CODE(1.0).2364">
          <Name xml:lang="en" xmlns="http://www.sdmx.org/resources/sdmxml/schemas/v2_1/common">Manufacture of mortars</Name>
        </Code>
        <Code id="2365" urn="urn:sdmx:org.sdmx.infomodel.codelist.Code=ESTAT:CL_NACE_REV2_CODE(1.0).2365">
          <Name xml:lang="en" xmlns="http://www.sdmx.org/resources/sdmxml/schemas/v2_1/common">Manufacture of fibre cement</Name>
        </Code>
        <Code id="2369" urn="urn:sdmx:org.sdmx.infomodel.codelist.Code=ESTAT:CL_NACE_REV2_CODE(1.0).2369">
          <Name xml:lang="en" xmlns="http://www.sdmx.org/resources/sdmxml/schemas/v2_1/common">Manufacture of other articles of concrete, plaster and cement</Name>
        </Code>
        <Code id="2370" urn="urn:sdmx:org.sdmx.infomodel.codelist.Code=ESTAT:CL_NACE_REV2_CODE(1.0).2370">
          <Name xml:lang="en" xmlns="http://www.sdmx.org/resources/sdmxml/schemas/v2_1/common">Cutting, shaping and finishing of stone</Name>
        </Code>
        <Code id="2391" urn="urn:sdmx:org.sdmx.infomodel.codelist.Code=ESTAT:CL_NACE_REV2_CODE(1.0).2391">
          <Name xml:lang="en" xmlns="http://www.sdmx.org/resources/sdmxml/schemas/v2_1/common">Production of abrasive products</Name>
        </Code>
        <Code id="2399" urn="urn:sdmx:org.sdmx.infomodel.codelist.Code=ESTAT:CL_NACE_REV2_CODE(1.0).2399">
          <Name xml:lang="en" xmlns="http://www.sdmx.org/resources/sdmxml/schemas/v2_1/common">Manufacture of other non-metallic mineral products n.e.c.</Name>
        </Code>
        <Code id="2410" urn="urn:sdmx:org.sdmx.infomodel.codelist.Code=ESTAT:CL_NACE_REV2_CODE(1.0).2410">
          <Name xml:lang="en" xmlns="http://www.sdmx.org/resources/sdmxml/schemas/v2_1/common">Manufacture of basic iron and steel and of ferro-alloys</Name>
        </Code>
        <Code id="2420" urn="urn:sdmx:org.sdmx.infomodel.codelist.Code=ESTAT:CL_NACE_REV2_CODE(1.0).2420">
          <Name xml:lang="en" xmlns="http://www.sdmx.org/resources/sdmxml/schemas/v2_1/common">Manufacture of tubes, pipes, hollow profiles and related fittings, of steel</Name>
        </Code>
        <Code id="2431" urn="urn:sdmx:org.sdmx.infomodel.codelist.Code=ESTAT:CL_NACE_REV2_CODE(1.0).2431">
          <Name xml:lang="en" xmlns="http://www.sdmx.org/resources/sdmxml/schemas/v2_1/common">Cold drawing of bars</Name>
        </Code>
        <Code id="2432" urn="urn:sdmx:org.sdmx.infomodel.codelist.Code=ESTAT:CL_NACE_REV2_CODE(1.0).2432">
          <Name xml:lang="en" xmlns="http://www.sdmx.org/resources/sdmxml/schemas/v2_1/common">Cold rolling of narrow strip</Name>
        </Code>
        <Code id="2433" urn="urn:sdmx:org.sdmx.infomodel.codelist.Code=ESTAT:CL_NACE_REV2_CODE(1.0).2433">
          <Name xml:lang="en" xmlns="http://www.sdmx.org/resources/sdmxml/schemas/v2_1/common">Cold forming or folding</Name>
        </Code>
        <Code id="2434" urn="urn:sdmx:org.sdmx.infomodel.codelist.Code=ESTAT:CL_NACE_REV2_CODE(1.0).2434">
          <Name xml:lang="en" xmlns="http://www.sdmx.org/resources/sdmxml/schemas/v2_1/common">Cold drawing of wire</Name>
        </Code>
        <Code id="2441" urn="urn:sdmx:org.sdmx.infomodel.codelist.Code=ESTAT:CL_NACE_REV2_CODE(1.0).2441">
          <Name xml:lang="en" xmlns="http://www.sdmx.org/resources/sdmxml/schemas/v2_1/common">Precious metals production</Name>
        </Code>
        <Code id="2442" urn="urn:sdmx:org.sdmx.infomodel.codelist.Code=ESTAT:CL_NACE_REV2_CODE(1.0).2442">
          <Name xml:lang="en" xmlns="http://www.sdmx.org/resources/sdmxml/schemas/v2_1/common">Aluminium production</Name>
        </Code>
        <Code id="2443" urn="urn:sdmx:org.sdmx.infomodel.codelist.Code=ESTAT:CL_NACE_REV2_CODE(1.0).2443">
          <Name xml:lang="en" xmlns="http://www.sdmx.org/resources/sdmxml/schemas/v2_1/common">Lead, zinc and tin production</Name>
        </Code>
        <Code id="2444" urn="urn:sdmx:org.sdmx.infomodel.codelist.Code=ESTAT:CL_NACE_REV2_CODE(1.0).2444">
          <Name xml:lang="en" xmlns="http://www.sdmx.org/resources/sdmxml/schemas/v2_1/common">Copper production</Name>
        </Code>
        <Code id="2445" urn="urn:sdmx:org.sdmx.infomodel.codelist.Code=ESTAT:CL_NACE_REV2_CODE(1.0).2445">
          <Name xml:lang="en" xmlns="http://www.sdmx.org/resources/sdmxml/schemas/v2_1/common">Other non-ferrous metal production</Name>
        </Code>
        <Code id="2446" urn="urn:sdmx:org.sdmx.infomodel.codelist.Code=ESTAT:CL_NACE_REV2_CODE(1.0).2446">
          <Name xml:lang="en" xmlns="http://www.sdmx.org/resources/sdmxml/schemas/v2_1/common">Processing of nuclear fuel</Name>
        </Code>
        <Code id="2451" urn="urn:sdmx:org.sdmx.infomodel.codelist.Code=ESTAT:CL_NACE_REV2_CODE(1.0).2451">
          <Name xml:lang="en" xmlns="http://www.sdmx.org/resources/sdmxml/schemas/v2_1/common">Casting of iron</Name>
        </Code>
        <Code id="2452" urn="urn:sdmx:org.sdmx.infomodel.codelist.Code=ESTAT:CL_NACE_REV2_CODE(1.0).2452">
          <Name xml:lang="en" xmlns="http://www.sdmx.org/resources/sdmxml/schemas/v2_1/common">Casting of steel</Name>
        </Code>
        <Code id="2453" urn="urn:sdmx:org.sdmx.infomodel.codelist.Code=ESTAT:CL_NACE_REV2_CODE(1.0).2453">
          <Name xml:lang="en" xmlns="http://www.sdmx.org/resources/sdmxml/schemas/v2_1/common">Casting of light metals</Name>
        </Code>
        <Code id="2454" urn="urn:sdmx:org.sdmx.infomodel.codelist.Code=ESTAT:CL_NACE_REV2_CODE(1.0).2454">
          <Name xml:lang="en" xmlns="http://www.sdmx.org/resources/sdmxml/schemas/v2_1/common">Casting of other non-ferrous metals</Name>
        </Code>
        <Code id="2511" urn="urn:sdmx:org.sdmx.infomodel.codelist.Code=ESTAT:CL_NACE_REV2_CODE(1.0).2511">
          <Name xml:lang="en" xmlns="http://www.sdmx.org/resources/sdmxml/schemas/v2_1/common">Manufacture of metal structures and parts of structures</Name>
        </Code>
        <Code id="2512" urn="urn:sdmx:org.sdmx.infomodel.codelist.Code=ESTAT:CL_NACE_REV2_CODE(1.0).2512">
          <Name xml:lang="en" xmlns="http://www.sdmx.org/resources/sdmxml/schemas/v2_1/common">Manufacture of doors and windows of metal</Name>
        </Code>
        <Code id="2521" urn="urn:sdmx:org.sdmx.infomodel.codelist.Code=ESTAT:CL_NACE_REV2_CODE(1.0).2521">
          <Name xml:lang="en" xmlns="http://www.sdmx.org/resources/sdmxml/schemas/v2_1/common">Manufacture of central heating radiators and boilers</Name>
        </Code>
        <Code id="2529" urn="urn:sdmx:org.sdmx.infomodel.codelist.Code=ESTAT:CL_NACE_REV2_CODE(1.0).2529">
          <Name xml:lang="en" xmlns="http://www.sdmx.org/resources/sdmxml/schemas/v2_1/common">Manufacture of other tanks, reservoirs and containers of metal</Name>
        </Code>
        <Code id="2530" urn="urn:sdmx:org.sdmx.infomodel.codelist.Code=ESTAT:CL_NACE_REV2_CODE(1.0).2530">
          <Name xml:lang="en" xmlns="http://www.sdmx.org/resources/sdmxml/schemas/v2_1/common">Manufacture of steam generators, except central heating hot water boilers</Name>
        </Code>
        <Code id="2540" urn="urn:sdmx:org.sdmx.infomodel.codelist.Code=ESTAT:CL_NACE_REV2_CODE(1.0).2540">
          <Name xml:lang="en" xmlns="http://www.sdmx.org/resources/sdmxml/schemas/v2_1/common">Manufacture of weapons and ammunition</Name>
        </Code>
        <Code id="2550" urn="urn:sdmx:org.sdmx.infomodel.codelist.Code=ESTAT:CL_NACE_REV2_CODE(1.0).2550">
          <Name xml:lang="en" xmlns="http://www.sdmx.org/resources/sdmxml/schemas/v2_1/common">Forging, pressing, stamping and roll-forming of metal; powder metallurgy</Name>
        </Code>
        <Code id="2561" urn="urn:sdmx:org.sdmx.infomodel.codelist.Code=ESTAT:CL_NACE_REV2_CODE(1.0).2561">
          <Name xml:lang="en" xmlns="http://www.sdmx.org/resources/sdmxml/schemas/v2_1/common">Treatment and coating of metals</Name>
        </Code>
        <Code id="2562" urn="urn:sdmx:org.sdmx.infomodel.codelist.Code=ESTAT:CL_NACE_REV2_CODE(1.0).2562">
          <Name xml:lang="en" xmlns="http://www.sdmx.org/resources/sdmxml/schemas/v2_1/common">Machining</Name>
        </Code>
        <Code id="2571" urn="urn:sdmx:org.sdmx.infomodel.codelist.Code=ESTAT:CL_NACE_REV2_CODE(1.0).2571">
          <Name xml:lang="en" xmlns="http://www.sdmx.org/resources/sdmxml/schemas/v2_1/common">Manufacture of cutlery</Name>
        </Code>
        <Code id="2572" urn="urn:sdmx:org.sdmx.infomodel.codelist.Code=ESTAT:CL_NACE_REV2_CODE(1.0).2572">
          <Name xml:lang="en" xmlns="http://www.sdmx.org/resources/sdmxml/schemas/v2_1/common">Manufacture of locks and hinges</Name>
        </Code>
        <Code id="2573" urn="urn:sdmx:org.sdmx.infomodel.codelist.Code=ESTAT:CL_NACE_REV2_CODE(1.0).2573">
          <Name xml:lang="en" xmlns="http://www.sdmx.org/resources/sdmxml/schemas/v2_1/common">Manufacture of tools</Name>
        </Code>
        <Code id="2591" urn="urn:sdmx:org.sdmx.infomodel.codelist.Code=ESTAT:CL_NACE_REV2_CODE(1.0).2591">
          <Name xml:lang="en" xmlns="http://www.sdmx.org/resources/sdmxml/schemas/v2_1/common">Manufacture of steel drums and similar containers</Name>
        </Code>
        <Code id="2592" urn="urn:sdmx:org.sdmx.infomodel.codelist.Code=ESTAT:CL_NACE_REV2_CODE(1.0).2592">
          <Name xml:lang="en" xmlns="http://www.sdmx.org/resources/sdmxml/schemas/v2_1/common">Manufacture of light metal packaging</Name>
        </Code>
        <Code id="2593" urn="urn:sdmx:org.sdmx.infomodel.codelist.Code=ESTAT:CL_NACE_REV2_CODE(1.0).2593">
          <Name xml:lang="en" xmlns="http://www.sdmx.org/resources/sdmxml/schemas/v2_1/common">Manufacture of wire products, chain and springs</Name>
        </Code>
        <Code id="2594" urn="urn:sdmx:org.sdmx.infomodel.codelist.Code=ESTAT:CL_NACE_REV2_CODE(1.0).2594">
          <Name xml:lang="en" xmlns="http://www.sdmx.org/resources/sdmxml/schemas/v2_1/common">Manufacture of fasteners and screw machine products</Name>
        </Code>
        <Code id="2599" urn="urn:sdmx:org.sdmx.infomodel.codelist.Code=ESTAT:CL_NACE_REV2_CODE(1.0).2599">
          <Name xml:lang="en" xmlns="http://www.sdmx.org/resources/sdmxml/schemas/v2_1/common">Manufacture of other fabricated metal products n.e.c.</Name>
        </Code>
        <Code id="2611" urn="urn:sdmx:org.sdmx.infomodel.codelist.Code=ESTAT:CL_NACE_REV2_CODE(1.0).2611">
          <Name xml:lang="en" xmlns="http://www.sdmx.org/resources/sdmxml/schemas/v2_1/common">Manufacture of electronic components</Name>
        </Code>
        <Code id="2612" urn="urn:sdmx:org.sdmx.infomodel.codelist.Code=ESTAT:CL_NACE_REV2_CODE(1.0).2612">
          <Name xml:lang="en" xmlns="http://www.sdmx.org/resources/sdmxml/schemas/v2_1/common">Manufacture of loaded electronic boards</Name>
        </Code>
        <Code id="2620" urn="urn:sdmx:org.sdmx.infomodel.codelist.Code=ESTAT:CL_NACE_REV2_CODE(1.0).2620">
          <Name xml:lang="en" xmlns="http://www.sdmx.org/resources/sdmxml/schemas/v2_1/common">Manufacture of computers and peripheral equipment</Name>
        </Code>
        <Code id="2630" urn="urn:sdmx:org.sdmx.infomodel.codelist.Code=ESTAT:CL_NACE_REV2_CODE(1.0).2630">
          <Name xml:lang="en" xmlns="http://www.sdmx.org/resources/sdmxml/schemas/v2_1/common">Manufacture of communication equipment</Name>
        </Code>
        <Code id="2640" urn="urn:sdmx:org.sdmx.infomodel.codelist.Code=ESTAT:CL_NACE_REV2_CODE(1.0).2640">
          <Name xml:lang="en" xmlns="http://www.sdmx.org/resources/sdmxml/schemas/v2_1/common">Manufacture of consumer electronics</Name>
        </Code>
        <Code id="2651" urn="urn:sdmx:org.sdmx.infomodel.codelist.Code=ESTAT:CL_NACE_REV2_CODE(1.0).2651">
          <Name xml:lang="en" xmlns="http://www.sdmx.org/resources/sdmxml/schemas/v2_1/common">Manufacture of instruments and appliances for measuring, testing and navigation</Name>
        </Code>
        <Code id="2652" urn="urn:sdmx:org.sdmx.infomodel.codelist.Code=ESTAT:CL_NACE_REV2_CODE(1.0).2652">
          <Name xml:lang="en" xmlns="http://www.sdmx.org/resources/sdmxml/schemas/v2_1/common">Manufacture of watches and clocks</Name>
        </Code>
        <Code id="2660" urn="urn:sdmx:org.sdmx.infomodel.codelist.Code=ESTAT:CL_NACE_REV2_CODE(1.0).2660">
          <Name xml:lang="en" xmlns="http://www.sdmx.org/resources/sdmxml/schemas/v2_1/common">Manufacture of irradiation, electromedical and electrotherapeutic equipment</Name>
        </Code>
        <Code id="2670" urn="urn:sdmx:org.sdmx.infomodel.codelist.Code=ESTAT:CL_NACE_REV2_CODE(1.0).2670">
          <Name xml:lang="en" xmlns="http://www.sdmx.org/resources/sdmxml/schemas/v2_1/common">Manufacture of optical instruments and photographic equipment</Name>
        </Code>
        <Code id="2680" urn="urn:sdmx:org.sdmx.infomodel.codelist.Code=ESTAT:CL_NACE_REV2_CODE(1.0).2680">
          <Name xml:lang="en" xmlns="http://www.sdmx.org/resources/sdmxml/schemas/v2_1/common">Manufacture of magnetic and optical media</Name>
        </Code>
        <Code id="2711" urn="urn:sdmx:org.sdmx.infomodel.codelist.Code=ESTAT:CL_NACE_REV2_CODE(1.0).2711">
          <Name xml:lang="en" xmlns="http://www.sdmx.org/resources/sdmxml/schemas/v2_1/common">Manufacture of electric motors, generators and transformers</Name>
        </Code>
        <Code id="2712" urn="urn:sdmx:org.sdmx.infomodel.codelist.Code=ESTAT:CL_NACE_REV2_CODE(1.0).2712">
          <Name xml:lang="en" xmlns="http://www.sdmx.org/resources/sdmxml/schemas/v2_1/common">Manufacture of electricity distribution and control apparatus</Name>
        </Code>
        <Code id="2720" urn="urn:sdmx:org.sdmx.infomodel.codelist.Code=ESTAT:CL_NACE_REV2_CODE(1.0).2720">
          <Name xml:lang="en" xmlns="http://www.sdmx.org/resources/sdmxml/schemas/v2_1/common">Manufacture of batteries and accumulators</Name>
        </Code>
        <Code id="2731" urn="urn:sdmx:org.sdmx.infomodel.codelist.Code=ESTAT:CL_NACE_REV2_CODE(1.0).2731">
          <Name xml:lang="en" xmlns="http://www.sdmx.org/resources/sdmxml/schemas/v2_1/common">Manufacture of fibre optic cables</Name>
        </Code>
        <Code id="2732" urn="urn:sdmx:org.sdmx.infomodel.codelist.Code=ESTAT:CL_NACE_REV2_CODE(1.0).2732">
          <Name xml:lang="en" xmlns="http://www.sdmx.org/resources/sdmxml/schemas/v2_1/common">Manufacture of other electronic and electric wires and cables</Name>
        </Code>
        <Code id="2733" urn="urn:sdmx:org.sdmx.infomodel.codelist.Code=ESTAT:CL_NACE_REV2_CODE(1.0).2733">
          <Name xml:lang="en" xmlns="http://www.sdmx.org/resources/sdmxml/schemas/v2_1/common">Manufacture of wiring devices</Name>
        </Code>
        <Code id="2740" urn="urn:sdmx:org.sdmx.infomodel.codelist.Code=ESTAT:CL_NACE_REV2_CODE(1.0).2740">
          <Name xml:lang="en" xmlns="http://www.sdmx.org/resources/sdmxml/schemas/v2_1/common">Manufacture of electric lighting equipment</Name>
        </Code>
        <Code id="2751" urn="urn:sdmx:org.sdmx.infomodel.codelist.Code=ESTAT:CL_NACE_REV2_CODE(1.0).2751">
          <Name xml:lang="en" xmlns="http://www.sdmx.org/resources/sdmxml/schemas/v2_1/common">Manufacture of electric domestic appliances</Name>
        </Code>
        <Code id="2752" urn="urn:sdmx:org.sdmx.infomodel.codelist.Code=ESTAT:CL_NACE_REV2_CODE(1.0).2752">
          <Name xml:lang="en" xmlns="http://www.sdmx.org/resources/sdmxml/schemas/v2_1/common">Manufacture of non-electric domestic appliances</Name>
        </Code>
        <Code id="2790" urn="urn:sdmx:org.sdmx.infomodel.codelist.Code=ESTAT:CL_NACE_REV2_CODE(1.0).2790">
          <Name xml:lang="en" xmlns="http://www.sdmx.org/resources/sdmxml/schemas/v2_1/common">Manufacture of other electrical equipment</Name>
        </Code>
        <Code id="2811" urn="urn:sdmx:org.sdmx.infomodel.codelist.Code=ESTAT:CL_NACE_REV2_CODE(1.0).2811">
          <Name xml:lang="en" xmlns="http://www.sdmx.org/resources/sdmxml/schemas/v2_1/common">Manufacture of engines and turbines, except aircraft, vehicle and cycle engines</Name>
        </Code>
        <Code id="2812" urn="urn:sdmx:org.sdmx.infomodel.codelist.Code=ESTAT:CL_NACE_REV2_CODE(1.0).2812">
          <Name xml:lang="en" xmlns="http://www.sdmx.org/resources/sdmxml/schemas/v2_1/common">Manufacture of fluid power equipment</Name>
        </Code>
        <Code id="2813" urn="urn:sdmx:org.sdmx.infomodel.codelist.Code=ESTAT:CL_NACE_REV2_CODE(1.0).2813">
          <Name xml:lang="en" xmlns="http://www.sdmx.org/resources/sdmxml/schemas/v2_1/common">Manufacture of other pumps and compressors</Name>
        </Code>
        <Code id="2814" urn="urn:sdmx:org.sdmx.infomodel.codelist.Code=ESTAT:CL_NACE_REV2_CODE(1.0).2814">
          <Name xml:lang="en" xmlns="http://www.sdmx.org/resources/sdmxml/schemas/v2_1/common">Manufacture of other taps and valves</Name>
        </Code>
        <Code id="2815" urn="urn:sdmx:org.sdmx.infomodel.codelist.Code=ESTAT:CL_NACE_REV2_CODE(1.0).2815">
          <Name xml:lang="en" xmlns="http://www.sdmx.org/resources/sdmxml/schemas/v2_1/common">Manufacture of bearings, gears, gearing and driving elements</Name>
        </Code>
        <Code id="2821" urn="urn:sdmx:org.sdmx.infomodel.codelist.Code=ESTAT:CL_NACE_REV2_CODE(1.0).2821">
          <Name xml:lang="en" xmlns="http://www.sdmx.org/resources/sdmxml/schemas/v2_1/common">Manufacture of ovens, furnaces and furnace burners</Name>
        </Code>
        <Code id="2822" urn="urn:sdmx:org.sdmx.infomodel.codelist.Code=ESTAT:CL_NACE_REV2_CODE(1.0).2822">
          <Name xml:lang="en" xmlns="http://www.sdmx.org/resources/sdmxml/schemas/v2_1/common">Manufacture of lifting and handling equipment</Name>
        </Code>
        <Code id="2823" urn="urn:sdmx:org.sdmx.infomodel.codelist.Code=ESTAT:CL_NACE_REV2_CODE(1.0).2823">
          <Name xml:lang="en" xmlns="http://www.sdmx.org/resources/sdmxml/schemas/v2_1/common">Manufacture of office machinery and equipment (except computers and peripheral equipment)</Name>
        </Code>
        <Code id="2824" urn="urn:sdmx:org.sdmx.infomodel.codelist.Code=ESTAT:CL_NACE_REV2_CODE(1.0).2824">
          <Name xml:lang="en" xmlns="http://www.sdmx.org/resources/sdmxml/schemas/v2_1/common">Manufacture of power-driven hand tools</Name>
        </Code>
        <Code id="2825" urn="urn:sdmx:org.sdmx.infomodel.codelist.Code=ESTAT:CL_NACE_REV2_CODE(1.0).2825">
          <Name xml:lang="en" xmlns="http://www.sdmx.org/resources/sdmxml/schemas/v2_1/common">Manufacture of non-domestic cooling and ventilation equipment</Name>
        </Code>
        <Code id="2829" urn="urn:sdmx:org.sdmx.infomodel.codelist.Code=ESTAT:CL_NACE_REV2_CODE(1.0).2829">
          <Name xml:lang="en" xmlns="http://www.sdmx.org/resources/sdmxml/schemas/v2_1/common">Manufacture of other general-purpose machinery n.e.c.</Name>
        </Code>
        <Code id="2830" urn="urn:sdmx:org.sdmx.infomodel.codelist.Code=ESTAT:CL_NACE_REV2_CODE(1.0).2830">
          <Name xml:lang="en" xmlns="http://www.sdmx.org/resources/sdmxml/schemas/v2_1/common">Manufacture of agricultural and forestry machinery</Name>
        </Code>
        <Code id="2841" urn="urn:sdmx:org.sdmx.infomodel.codelist.Code=ESTAT:CL_NACE_REV2_CODE(1.0).2841">
          <Name xml:lang="en" xmlns="http://www.sdmx.org/resources/sdmxml/schemas/v2_1/common">Manufacture of metal forming machinery</Name>
        </Code>
        <Code id="2849" urn="urn:sdmx:org.sdmx.infomodel.codelist.Code=ESTAT:CL_NACE_REV2_CODE(1.0).2849">
          <Name xml:lang="en" xmlns="http://www.sdmx.org/resources/sdmxml/schemas/v2_1/common">Manufacture of other machine tools</Name>
        </Code>
        <Code id="2891" urn="urn:sdmx:org.sdmx.infomodel.codelist.Code=ESTAT:CL_NACE_REV2_CODE(1.0).2891">
          <Name xml:lang="en" xmlns="http://www.sdmx.org/resources/sdmxml/schemas/v2_1/common">Manufacture of machinery for metallurgy</Name>
        </Code>
        <Code id="2892" urn="urn:sdmx:org.sdmx.infomodel.codelist.Code=ESTAT:CL_NACE_REV2_CODE(1.0).2892">
          <Name xml:lang="en" xmlns="http://www.sdmx.org/resources/sdmxml/schemas/v2_1/common">Manufacture of machinery for mining, quarrying and construction</Name>
        </Code>
        <Code id="2893" urn="urn:sdmx:org.sdmx.infomodel.codelist.Code=ESTAT:CL_NACE_REV2_CODE(1.0).2893">
          <Name xml:lang="en" xmlns="http://www.sdmx.org/resources/sdmxml/schemas/v2_1/common">Manufacture of machinery for food, beverage and tobacco processing</Name>
        </Code>
        <Code id="2894" urn="urn:sdmx:org.sdmx.infomodel.codelist.Code=ESTAT:CL_NACE_REV2_CODE(1.0).2894">
          <Name xml:lang="en" xmlns="http://www.sdmx.org/resources/sdmxml/schemas/v2_1/common">Manufacture of machinery for textile, apparel and leather production</Name>
        </Code>
        <Code id="2895" urn="urn:sdmx:org.sdmx.infomodel.codelist.Code=ESTAT:CL_NACE_REV2_CODE(1.0).2895">
          <Name xml:lang="en" xmlns="http://www.sdmx.org/resources/sdmxml/schemas/v2_1/common">Manufacture of machinery for paper and paperboard production</Name>
        </Code>
        <Code id="2896" urn="urn:sdmx:org.sdmx.infomodel.codelist.Code=ESTAT:CL_NACE_REV2_CODE(1.0).2896">
          <Name xml:lang="en" xmlns="http://www.sdmx.org/resources/sdmxml/schemas/v2_1/common">Manufacture of plastics and rubber machinery</Name>
        </Code>
        <Code id="2899" urn="urn:sdmx:org.sdmx.infomodel.codelist.Code=ESTAT:CL_NACE_REV2_CODE(1.0).2899">
          <Name xml:lang="en" xmlns="http://www.sdmx.org/resources/sdmxml/schemas/v2_1/common">Manufacture of other special-purpose machinery n.e.c.</Name>
        </Code>
        <Code id="2910" urn="urn:sdmx:org.sdmx.infomodel.codelist.Code=ESTAT:CL_NACE_REV2_CODE(1.0).2910">
          <Name xml:lang="en" xmlns="http://www.sdmx.org/resources/sdmxml/schemas/v2_1/common">Manufacture of motor vehicles</Name>
        </Code>
        <Code id="2920" urn="urn:sdmx:org.sdmx.infomodel.codelist.Code=ESTAT:CL_NACE_REV2_CODE(1.0).2920">
          <Name xml:lang="en" xmlns="http://www.sdmx.org/resources/sdmxml/schemas/v2_1/common">Manufacture of bodies (coachwork) for motor vehicles; manufacture of trailers and semi-trailers</Name>
        </Code>
        <Code id="2931" urn="urn:sdmx:org.sdmx.infomodel.codelist.Code=ESTAT:CL_NACE_REV2_CODE(1.0).2931">
          <Name xml:lang="en" xmlns="http://www.sdmx.org/resources/sdmxml/schemas/v2_1/common">Manufacture of electrical and electronic equipment for motor vehicles</Name>
        </Code>
        <Code id="2932" urn="urn:sdmx:org.sdmx.infomodel.codelist.Code=ESTAT:CL_NACE_REV2_CODE(1.0).2932">
          <Name xml:lang="en" xmlns="http://www.sdmx.org/resources/sdmxml/schemas/v2_1/common">Manufacture of other parts and accessories for motor vehicles</Name>
        </Code>
        <Code id="3011" urn="urn:sdmx:org.sdmx.infomodel.codelist.Code=ESTAT:CL_NACE_REV2_CODE(1.0).3011">
          <Name xml:lang="en" xmlns="http://www.sdmx.org/resources/sdmxml/schemas/v2_1/common">Building of ships and floating structures</Name>
        </Code>
        <Code id="3012" urn="urn:sdmx:org.sdmx.infomodel.codelist.Code=ESTAT:CL_NACE_REV2_CODE(1.0).3012">
          <Name xml:lang="en" xmlns="http://www.sdmx.org/resources/sdmxml/schemas/v2_1/common">Building of pleasure and sporting boats</Name>
        </Code>
        <Code id="3020" urn="urn:sdmx:org.sdmx.infomodel.codelist.Code=ESTAT:CL_NACE_REV2_CODE(1.0).3020">
          <Name xml:lang="en" xmlns="http://www.sdmx.org/resources/sdmxml/schemas/v2_1/common">Manufacture of railway locomotives and rolling stock</Name>
        </Code>
        <Code id="3030" urn="urn:sdmx:org.sdmx.infomodel.codelist.Code=ESTAT:CL_NACE_REV2_CODE(1.0).3030">
          <Name xml:lang="en" xmlns="http://www.sdmx.org/resources/sdmxml/schemas/v2_1/common">Manufacture of air and spacecraft and related machinery</Name>
        </Code>
        <Code id="3040" urn="urn:sdmx:org.sdmx.infomodel.codelist.Code=ESTAT:CL_NACE_REV2_CODE(1.0).3040">
          <Name xml:lang="en" xmlns="http://www.sdmx.org/resources/sdmxml/schemas/v2_1/common">Manufacture of military fighting vehicles</Name>
        </Code>
        <Code id="3091" urn="urn:sdmx:org.sdmx.infomodel.codelist.Code=ESTAT:CL_NACE_REV2_CODE(1.0).3091">
          <Name xml:lang="en" xmlns="http://www.sdmx.org/resources/sdmxml/schemas/v2_1/common">Manufacture of motorcycles</Name>
        </Code>
        <Code id="3092" urn="urn:sdmx:org.sdmx.infomodel.codelist.Code=ESTAT:CL_NACE_REV2_CODE(1.0).3092">
          <Name xml:lang="en" xmlns="http://www.sdmx.org/resources/sdmxml/schemas/v2_1/common">Manufacture of bicycles and invalid carriages</Name>
        </Code>
        <Code id="3099" urn="urn:sdmx:org.sdmx.infomodel.codelist.Code=ESTAT:CL_NACE_REV2_CODE(1.0).3099">
          <Name xml:lang="en" xmlns="http://www.sdmx.org/resources/sdmxml/schemas/v2_1/common">Manufacture of other transport equipment n.e.c.</Name>
        </Code>
        <Code id="3101" urn="urn:sdmx:org.sdmx.infomodel.codelist.Code=ESTAT:CL_NACE_REV2_CODE(1.0).3101">
          <Name xml:lang="en" xmlns="http://www.sdmx.org/resources/sdmxml/schemas/v2_1/common">Manufacture of office and shop furniture</Name>
        </Code>
        <Code id="3102" urn="urn:sdmx:org.sdmx.infomodel.codelist.Code=ESTAT:CL_NACE_REV2_CODE(1.0).3102">
          <Name xml:lang="en" xmlns="http://www.sdmx.org/resources/sdmxml/schemas/v2_1/common">Manufacture of kitchen furniture</Name>
        </Code>
        <Code id="3103" urn="urn:sdmx:org.sdmx.infomodel.codelist.Code=ESTAT:CL_NACE_REV2_CODE(1.0).3103">
          <Name xml:lang="en" xmlns="http://www.sdmx.org/resources/sdmxml/schemas/v2_1/common">Manufacture of mattresses</Name>
        </Code>
        <Code id="3109" urn="urn:sdmx:org.sdmx.infomodel.codelist.Code=ESTAT:CL_NACE_REV2_CODE(1.0).3109">
          <Name xml:lang="en" xmlns="http://www.sdmx.org/resources/sdmxml/schemas/v2_1/common">Manufacture of other furniture</Name>
        </Code>
        <Code id="3211" urn="urn:sdmx:org.sdmx.infomodel.codelist.Code=ESTAT:CL_NACE_REV2_CODE(1.0).3211">
          <Name xml:lang="en" xmlns="http://www.sdmx.org/resources/sdmxml/schemas/v2_1/common">Striking of coins</Name>
        </Code>
        <Code id="3212" urn="urn:sdmx:org.sdmx.infomodel.codelist.Code=ESTAT:CL_NACE_REV2_CODE(1.0).3212">
          <Name xml:lang="en" xmlns="http://www.sdmx.org/resources/sdmxml/schemas/v2_1/common">Manufacture of jewellery and related articles</Name>
        </Code>
        <Code id="3213" urn="urn:sdmx:org.sdmx.infomodel.codelist.Code=ESTAT:CL_NACE_REV2_CODE(1.0).3213">
          <Name xml:lang="en" xmlns="http://www.sdmx.org/resources/sdmxml/schemas/v2_1/common">Manufacture of imitation jewellery and related articles</Name>
        </Code>
        <Code id="3220" urn="urn:sdmx:org.sdmx.infomodel.codelist.Code=ESTAT:CL_NACE_REV2_CODE(1.0).3220">
          <Name xml:lang="en" xmlns="http://www.sdmx.org/resources/sdmxml/schemas/v2_1/common">Manufacture of musical instruments</Name>
        </Code>
        <Code id="3230" urn="urn:sdmx:org.sdmx.infomodel.codelist.Code=ESTAT:CL_NACE_REV2_CODE(1.0).3230">
          <Name xml:lang="en" xmlns="http://www.sdmx.org/resources/sdmxml/schemas/v2_1/common">Manufacture of sports goods</Name>
        </Code>
        <Code id="3240" urn="urn:sdmx:org.sdmx.infomodel.codelist.Code=ESTAT:CL_NACE_REV2_CODE(1.0).3240">
          <Name xml:lang="en" xmlns="http://www.sdmx.org/resources/sdmxml/schemas/v2_1/common">Manufacture of games and toys</Name>
        </Code>
        <Code id="3250" urn="urn:sdmx:org.sdmx.infomodel.codelist.Code=ESTAT:CL_NACE_REV2_CODE(1.0).3250">
          <Name xml:lang="en" xmlns="http://www.sdmx.org/resources/sdmxml/schemas/v2_1/common">Manufacture of medical and dental instruments and supplies</Name>
        </Code>
        <Code id="3291" urn="urn:sdmx:org.sdmx.infomodel.codelist.Code=ESTAT:CL_NACE_REV2_CODE(1.0).3291">
          <Name xml:lang="en" xmlns="http://www.sdmx.org/resources/sdmxml/schemas/v2_1/common">Manufacture of brooms and brushes</Name>
        </Code>
        <Code id="3299" urn="urn:sdmx:org.sdmx.infomodel.codelist.Code=ESTAT:CL_NACE_REV2_CODE(1.0).3299">
          <Name xml:lang="en" xmlns="http://www.sdmx.org/resources/sdmxml/schemas/v2_1/common">Other manufacturing n.e.c.</Name>
        </Code>
        <Code id="3311" urn="urn:sdmx:org.sdmx.infomodel.codelist.Code=ESTAT:CL_NACE_REV2_CODE(1.0).3311">
          <Name xml:lang="en" xmlns="http://www.sdmx.org/resources/sdmxml/schemas/v2_1/common">Repair of fabricated metal products</Name>
        </Code>
        <Code id="3312" urn="urn:sdmx:org.sdmx.infomodel.codelist.Code=ESTAT:CL_NACE_REV2_CODE(1.0).3312">
          <Name xml:lang="en" xmlns="http://www.sdmx.org/resources/sdmxml/schemas/v2_1/common">Repair of machinery</Name>
        </Code>
        <Code id="3313" urn="urn:sdmx:org.sdmx.infomodel.codelist.Code=ESTAT:CL_NACE_REV2_CODE(1.0).3313">
          <Name xml:lang="en" xmlns="http://www.sdmx.org/resources/sdmxml/schemas/v2_1/common">Repair of electronic and optical equipment</Name>
        </Code>
        <Code id="3314" urn="urn:sdmx:org.sdmx.infomodel.codelist.Code=ESTAT:CL_NACE_REV2_CODE(1.0).3314">
          <Name xml:lang="en" xmlns="http://www.sdmx.org/resources/sdmxml/schemas/v2_1/common">Repair of electrical equipment</Name>
        </Code>
        <Code id="3315" urn="urn:sdmx:org.sdmx.infomodel.codelist.Code=ESTAT:CL_NACE_REV2_CODE(1.0).3315">
          <Name xml:lang="en" xmlns="http://www.sdmx.org/resources/sdmxml/schemas/v2_1/common">Repair and maintenance of ships and boats</Name>
        </Code>
        <Code id="3316" urn="urn:sdmx:org.sdmx.infomodel.codelist.Code=ESTAT:CL_NACE_REV2_CODE(1.0).3316">
          <Name xml:lang="en" xmlns="http://www.sdmx.org/resources/sdmxml/schemas/v2_1/common">Repair and maintenance of aircraft and spacecraft</Name>
        </Code>
        <Code id="3317" urn="urn:sdmx:org.sdmx.infomodel.codelist.Code=ESTAT:CL_NACE_REV2_CODE(1.0).3317">
          <Name xml:lang="en" xmlns="http://www.sdmx.org/resources/sdmxml/schemas/v2_1/common">Repair and maintenance of other transport equipment</Name>
        </Code>
        <Code id="3319" urn="urn:sdmx:org.sdmx.infomodel.codelist.Code=ESTAT:CL_NACE_REV2_CODE(1.0).3319">
          <Name xml:lang="en" xmlns="http://www.sdmx.org/resources/sdmxml/schemas/v2_1/common">Repair of other equipment</Name>
        </Code>
        <Code id="3320" urn="urn:sdmx:org.sdmx.infomodel.codelist.Code=ESTAT:CL_NACE_REV2_CODE(1.0).3320">
          <Name xml:lang="en" xmlns="http://www.sdmx.org/resources/sdmxml/schemas/v2_1/common">Installation of industrial machinery and equipment</Name>
        </Code>
        <Code id="3511" urn="urn:sdmx:org.sdmx.infomodel.codelist.Code=ESTAT:CL_NACE_REV2_CODE(1.0).3511">
          <Name xml:lang="en" xmlns="http://www.sdmx.org/resources/sdmxml/schemas/v2_1/common">Production of electricity</Name>
        </Code>
        <Code id="3512" urn="urn:sdmx:org.sdmx.infomodel.codelist.Code=ESTAT:CL_NACE_REV2_CODE(1.0).3512">
          <Name xml:lang="en" xmlns="http://www.sdmx.org/resources/sdmxml/schemas/v2_1/common">Transmission of electricity</Name>
        </Code>
        <Code id="3513" urn="urn:sdmx:org.sdmx.infomodel.codelist.Code=ESTAT:CL_NACE_REV2_CODE(1.0).3513">
          <Name xml:lang="en" xmlns="http://www.sdmx.org/resources/sdmxml/schemas/v2_1/common">Distribution of electricity</Name>
        </Code>
        <Code id="3514" urn="urn:sdmx:org.sdmx.infomodel.codelist.Code=ESTAT:CL_NACE_REV2_CODE(1.0).3514">
          <Name xml:lang="en" xmlns="http://www.sdmx.org/resources/sdmxml/schemas/v2_1/common">Trade of electricity</Name>
        </Code>
        <Code id="3521" urn="urn:sdmx:org.sdmx.infomodel.codelist.Code=ESTAT:CL_NACE_REV2_CODE(1.0).3521">
          <Name xml:lang="en" xmlns="http://www.sdmx.org/resources/sdmxml/schemas/v2_1/common">Manufacture of gas</Name>
        </Code>
        <Code id="3522" urn="urn:sdmx:org.sdmx.infomodel.codelist.Code=ESTAT:CL_NACE_REV2_CODE(1.0).3522">
          <Name xml:lang="en" xmlns="http://www.sdmx.org/resources/sdmxml/schemas/v2_1/common">Distribution of gaseous fuels through mains</Name>
        </Code>
        <Code id="3523" urn="urn:sdmx:org.sdmx.infomodel.codelist.Code=ESTAT:CL_NACE_REV2_CODE(1.0).3523">
          <Name xml:lang="en" xmlns="http://www.sdmx.org/resources/sdmxml/schemas/v2_1/common">Trade of gas through mains</Name>
        </Code>
        <Code id="3530" urn="urn:sdmx:org.sdmx.infomodel.codelist.Code=ESTAT:CL_NACE_REV2_CODE(1.0).3530">
          <Name xml:lang="en" xmlns="http://www.sdmx.org/resources/sdmxml/schemas/v2_1/common">Steam and air conditioning supply</Name>
        </Code>
        <Code id="3600" urn="urn:sdmx:org.sdmx.infomodel.codelist.Code=ESTAT:CL_NACE_REV2_CODE(1.0).3600">
          <Name xml:lang="en" xmlns="http://www.sdmx.org/resources/sdmxml/schemas/v2_1/common">Water collection, treatment and supply</Name>
        </Code>
        <Code id="3700" urn="urn:sdmx:org.sdmx.infomodel.codelist.Code=ESTAT:CL_NACE_REV2_CODE(1.0).3700">
          <Name xml:lang="en" xmlns="http://www.sdmx.org/resources/sdmxml/schemas/v2_1/common">Sewerage</Name>
        </Code>
        <Code id="3811" urn="urn:sdmx:org.sdmx.infomodel.codelist.Code=ESTAT:CL_NACE_REV2_CODE(1.0).3811">
          <Name xml:lang="en" xmlns="http://www.sdmx.org/resources/sdmxml/schemas/v2_1/common">Collection of non-hazardous waste</Name>
        </Code>
        <Code id="3812" urn="urn:sdmx:org.sdmx.infomodel.codelist.Code=ESTAT:CL_NACE_REV2_CODE(1.0).3812">
          <Name xml:lang="en" xmlns="http://www.sdmx.org/resources/sdmxml/schemas/v2_1/common">Collection of hazardous waste</Name>
        </Code>
        <Code id="3821" urn="urn:sdmx:org.sdmx.infomodel.codelist.Code=ESTAT:CL_NACE_REV2_CODE(1.0).3821">
          <Name xml:lang="en" xmlns="http://www.sdmx.org/resources/sdmxml/schemas/v2_1/common">Treatment and disposal of non-hazardous waste</Name>
        </Code>
        <Code id="3822" urn="urn:sdmx:org.sdmx.infomodel.codelist.Code=ESTAT:CL_NACE_REV2_CODE(1.0).3822">
          <Name xml:lang="en" xmlns="http://www.sdmx.org/resources/sdmxml/schemas/v2_1/common">Treatment and disposal of hazardous waste</Name>
        </Code>
        <Code id="3831" urn="urn:sdmx:org.sdmx.infomodel.codelist.Code=ESTAT:CL_NACE_REV2_CODE(1.0).3831">
          <Name xml:lang="en" xmlns="http://www.sdmx.org/resources/sdmxml/schemas/v2_1/common">Dismantling of wrecks</Name>
        </Code>
        <Code id="3832" urn="urn:sdmx:org.sdmx.infomodel.codelist.Code=ESTAT:CL_NACE_REV2_CODE(1.0).3832">
          <Name xml:lang="en" xmlns="http://www.sdmx.org/resources/sdmxml/schemas/v2_1/common">Recovery of sorted materials</Name>
        </Code>
        <Code id="3900" urn="urn:sdmx:org.sdmx.infomodel.codelist.Code=ESTAT:CL_NACE_REV2_CODE(1.0).3900">
          <Name xml:lang="en" xmlns="http://www.sdmx.org/resources/sdmxml/schemas/v2_1/common">Remediation activities and other waste management services</Name>
        </Code>
        <Code id="4110" urn="urn:sdmx:org.sdmx.infomodel.codelist.Code=ESTAT:CL_NACE_REV2_CODE(1.0).4110">
          <Name xml:lang="en" xmlns="http://www.sdmx.org/resources/sdmxml/schemas/v2_1/common">Development of building projects</Name>
        </Code>
        <Code id="4120" urn="urn:sdmx:org.sdmx.infomodel.codelist.Code=ESTAT:CL_NACE_REV2_CODE(1.0).4120">
          <Name xml:lang="en" xmlns="http://www.sdmx.org/resources/sdmxml/schemas/v2_1/common">Construction of residential and non-residential buildings</Name>
        </Code>
        <Code id="4211" urn="urn:sdmx:org.sdmx.infomodel.codelist.Code=ESTAT:CL_NACE_REV2_CODE(1.0).4211">
          <Name xml:lang="en" xmlns="http://www.sdmx.org/resources/sdmxml/schemas/v2_1/common">Construction of roads and motorways</Name>
        </Code>
        <Code id="4212" urn="urn:sdmx:org.sdmx.infomodel.codelist.Code=ESTAT:CL_NACE_REV2_CODE(1.0).4212">
          <Name xml:lang="en" xmlns="http://www.sdmx.org/resources/sdmxml/schemas/v2_1/common">Construction of railways and underground railways</Name>
        </Code>
        <Code id="4213" urn="urn:sdmx:org.sdmx.infomodel.codelist.Code=ESTAT:CL_NACE_REV2_CODE(1.0).4213">
          <Name xml:lang="en" xmlns="http://www.sdmx.org/resources/sdmxml/schemas/v2_1/common">Construction of bridges and tunnels</Name>
        </Code>
        <Code id="4221" urn="urn:sdmx:org.sdmx.infomodel.codelist.Code=ESTAT:CL_NACE_REV2_CODE(1.0).4221">
          <Name xml:lang="en" xmlns="http://www.sdmx.org/resources/sdmxml/schemas/v2_1/common">Construction of utility projects for fluids</Name>
        </Code>
        <Code id="4222" urn="urn:sdmx:org.sdmx.infomodel.codelist.Code=ESTAT:CL_NACE_REV2_CODE(1.0).4222">
          <Name xml:lang="en" xmlns="http://www.sdmx.org/resources/sdmxml/schemas/v2_1/common">Construction of utility projects for electricity and telecommunications</Name>
        </Code>
        <Code id="4291" urn="urn:sdmx:org.sdmx.infomodel.codelist.Code=ESTAT:CL_NACE_REV2_CODE(1.0).4291">
          <Name xml:lang="en" xmlns="http://www.sdmx.org/resources/sdmxml/schemas/v2_1/common">Construction of water projects</Name>
        </Code>
        <Code id="4299" urn="urn:sdmx:org.sdmx.infomodel.codelist.Code=ESTAT:CL_NACE_REV2_CODE(1.0).4299">
          <Name xml:lang="en" xmlns="http://www.sdmx.org/resources/sdmxml/schemas/v2_1/common">Construction of other civil engineering projects n.e.c.</Name>
        </Code>
        <Code id="4311" urn="urn:sdmx:org.sdmx.infomodel.codelist.Code=ESTAT:CL_NACE_REV2_CODE(1.0).4311">
          <Name xml:lang="en" xmlns="http://www.sdmx.org/resources/sdmxml/schemas/v2_1/common">Demolition</Name>
        </Code>
        <Code id="4312" urn="urn:sdmx:org.sdmx.infomodel.codelist.Code=ESTAT:CL_NACE_REV2_CODE(1.0).4312">
          <Name xml:lang="en" xmlns="http://www.sdmx.org/resources/sdmxml/schemas/v2_1/common">Site preparation</Name>
        </Code>
        <Code id="4313" urn="urn:sdmx:org.sdmx.infomodel.codelist.Code=ESTAT:CL_NACE_REV2_CODE(1.0).4313">
          <Name xml:lang="en" xmlns="http://www.sdmx.org/resources/sdmxml/schemas/v2_1/common">Test drilling and boring</Name>
        </Code>
        <Code id="4321" urn="urn:sdmx:org.sdmx.infomodel.codelist.Code=ESTAT:CL_NACE_REV2_CODE(1.0).4321">
          <Name xml:lang="en" xmlns="http://www.sdmx.org/resources/sdmxml/schemas/v2_1/common">Electrical installation</Name>
        </Code>
        <Code id="4322" urn="urn:sdmx:org.sdmx.infomodel.codelist.Code=ESTAT:CL_NACE_REV2_CODE(1.0).4322">
          <Name xml:lang="en" xmlns="http://www.sdmx.org/resources/sdmxml/schemas/v2_1/common">Plumbing, heat and air-conditioning installation</Name>
        </Code>
        <Code id="4329" urn="urn:sdmx:org.sdmx.infomodel.codelist.Code=ESTAT:CL_NACE_REV2_CODE(1.0).4329">
          <Name xml:lang="en" xmlns="http://www.sdmx.org/resources/sdmxml/schemas/v2_1/common">Other construction installation</Name>
        </Code>
        <Code id="4331" urn="urn:sdmx:org.sdmx.infomodel.codelist.Code=ESTAT:CL_NACE_REV2_CODE(1.0).4331">
          <Name xml:lang="en" xmlns="http://www.sdmx.org/resources/sdmxml/schemas/v2_1/common">Plastering</Name>
        </Code>
        <Code id="4332" urn="urn:sdmx:org.sdmx.infomodel.codelist.Code=ESTAT:CL_NACE_REV2_CODE(1.0).4332">
          <Name xml:lang="en" xmlns="http://www.sdmx.org/resources/sdmxml/schemas/v2_1/common">Joinery installation</Name>
        </Code>
        <Code id="4333" urn="urn:sdmx:org.sdmx.infomodel.codelist.Code=ESTAT:CL_NACE_REV2_CODE(1.0).4333">
          <Name xml:lang="en" xmlns="http://www.sdmx.org/resources/sdmxml/schemas/v2_1/common">Floor and wall covering</Name>
        </Code>
        <Code id="4334" urn="urn:sdmx:org.sdmx.infomodel.codelist.Code=ESTAT:CL_NACE_REV2_CODE(1.0).4334">
          <Name xml:lang="en" xmlns="http://www.sdmx.org/resources/sdmxml/schemas/v2_1/common">Painting and glazing</Name>
        </Code>
        <Code id="4339" urn="urn:sdmx:org.sdmx.infomodel.codelist.Code=ESTAT:CL_NACE_REV2_CODE(1.0).4339">
          <Name xml:lang="en" xmlns="http://www.sdmx.org/resources/sdmxml/schemas/v2_1/common">Other building completion and finishing</Name>
        </Code>
        <Code id="4391" urn="urn:sdmx:org.sdmx.infomodel.codelist.Code=ESTAT:CL_NACE_REV2_CODE(1.0).4391">
          <Name xml:lang="en" xmlns="http://www.sdmx.org/resources/sdmxml/schemas/v2_1/common">Roofing activities</Name>
        </Code>
        <Code id="4399" urn="urn:sdmx:org.sdmx.infomodel.codelist.Code=ESTAT:CL_NACE_REV2_CODE(1.0).4399">
          <Name xml:lang="en" xmlns="http://www.sdmx.org/resources/sdmxml/schemas/v2_1/common">Other specialised construction activities n.e.c.</Name>
        </Code>
        <Code id="4511" urn="urn:sdmx:org.sdmx.infomodel.codelist.Code=ESTAT:CL_NACE_REV2_CODE(1.0).4511">
          <Name xml:lang="en" xmlns="http://www.sdmx.org/resources/sdmxml/schemas/v2_1/common">Sale of cars and light motor vehicles</Name>
        </Code>
        <Code id="4519" urn="urn:sdmx:org.sdmx.infomodel.codelist.Code=ESTAT:CL_NACE_REV2_CODE(1.0).4519">
          <Name xml:lang="en" xmlns="http://www.sdmx.org/resources/sdmxml/schemas/v2_1/common">Sale of other motor vehicles</Name>
        </Code>
        <Code id="4520" urn="urn:sdmx:org.sdmx.infomodel.codelist.Code=ESTAT:CL_NACE_REV2_CODE(1.0).4520">
          <Name xml:lang="en" xmlns="http://www.sdmx.org/resources/sdmxml/schemas/v2_1/common">Maintenance and repair of motor vehicles</Name>
        </Code>
        <Code id="4531" urn="urn:sdmx:org.sdmx.infomodel.codelist.Code=ESTAT:CL_NACE_REV2_CODE(1.0).4531">
          <Name xml:lang="en" xmlns="http://www.sdmx.org/resources/sdmxml/schemas/v2_1/common">Wholesale trade of motor vehicle parts and accessories</Name>
        </Code>
        <Code id="4532" urn="urn:sdmx:org.sdmx.infomodel.codelist.Code=ESTAT:CL_NACE_REV2_CODE(1.0).4532">
          <Name xml:lang="en" xmlns="http://www.sdmx.org/resources/sdmxml/schemas/v2_1/common">Retail trade of motor vehicle parts and accessories</Name>
        </Code>
        <Code id="4540" urn="urn:sdmx:org.sdmx.infomodel.codelist.Code=ESTAT:CL_NACE_REV2_CODE(1.0).4540">
          <Name xml:lang="en" xmlns="http://www.sdmx.org/resources/sdmxml/schemas/v2_1/common">Sale, maintenance and repair of motorcycles and related parts and accessories</Name>
        </Code>
        <Code id="4611" urn="urn:sdmx:org.sdmx.infomodel.codelist.Code=ESTAT:CL_NACE_REV2_CODE(1.0).4611">
          <Name xml:lang="en" xmlns="http://www.sdmx.org/resources/sdmxml/schemas/v2_1/common">Agents involved in the sale of agricultural raw materials, live animals, textile raw materials and semi-finished goods</Name>
        </Code>
        <Code id="4612" urn="urn:sdmx:org.sdmx.infomodel.codelist.Code=ESTAT:CL_NACE_REV2_CODE(1.0).4612">
          <Name xml:lang="en" xmlns="http://www.sdmx.org/resources/sdmxml/schemas/v2_1/common">Agents involved in the sale of fuels, ores, metals and industrial chemicals</Name>
        </Code>
        <Code id="4613" urn="urn:sdmx:org.sdmx.infomodel.codelist.Code=ESTAT:CL_NACE_REV2_CODE(1.0).4613">
          <Name xml:lang="en" xmlns="http://www.sdmx.org/resources/sdmxml/schemas/v2_1/common">Agents involved in the sale of timber and building materials</Name>
        </Code>
        <Code id="4614" urn="urn:sdmx:org.sdmx.infomodel.codelist.Code=ESTAT:CL_NACE_REV2_CODE(1.0).4614">
          <Name xml:lang="en" xmlns="http://www.sdmx.org/resources/sdmxml/schemas/v2_1/common">Agents involved in the sale of machinery, industrial equipment, ships and aircraft</Name>
        </Code>
        <Code id="4615" urn="urn:sdmx:org.sdmx.infomodel.codelist.Code=ESTAT:CL_NACE_REV2_CODE(1.0).4615">
          <Name xml:lang="en" xmlns="http://www.sdmx.org/resources/sdmxml/schemas/v2_1/common">Agents involved in the sale of furniture, household goods, hardware and ironmongery</Name>
        </Code>
        <Code id="4616" urn="urn:sdmx:org.sdmx.infomodel.codelist.Code=ESTAT:CL_NACE_REV2_CODE(1.0).4616">
          <Name xml:lang="en" xmlns="http://www.sdmx.org/resources/sdmxml/schemas/v2_1/common">Agents involved in the sale of textiles, clothing, fur, footwear and leather goods</Name>
        </Code>
        <Code id="4617" urn="urn:sdmx:org.sdmx.infomodel.codelist.Code=ESTAT:CL_NACE_REV2_CODE(1.0).4617">
          <Name xml:lang="en" xmlns="http://www.sdmx.org/resources/sdmxml/schemas/v2_1/common">Agents involved in the sale of food, beverages and tobacco</Name>
        </Code>
        <Code id="4618" urn="urn:sdmx:org.sdmx.infomodel.codelist.Code=ESTAT:CL_NACE_REV2_CODE(1.0).4618">
          <Name xml:lang="en" xmlns="http://www.sdmx.org/resources/sdmxml/schemas/v2_1/common">Agents specialised in the sale of other particular products</Name>
        </Code>
        <Code id="4619" urn="urn:sdmx:org.sdmx.infomodel.codelist.Code=ESTAT:CL_NACE_REV2_CODE(1.0).4619">
          <Name xml:lang="en" xmlns="http://www.sdmx.org/resources/sdmxml/schemas/v2_1/common">Agents involved in the sale of a variety of goods</Name>
        </Code>
        <Code id="4621" urn="urn:sdmx:org.sdmx.infomodel.codelist.Code=ESTAT:CL_NACE_REV2_CODE(1.0).4621">
          <Name xml:lang="en" xmlns="http://www.sdmx.org/resources/sdmxml/schemas/v2_1/common">Wholesale of grain, unmanufactured tobacco, seeds and animal feeds</Name>
        </Code>
        <Code id="4622" urn="urn:sdmx:org.sdmx.infomodel.codelist.Code=ESTAT:CL_NACE_REV2_CODE(1.0).4622">
          <Name xml:lang="en" xmlns="http://www.sdmx.org/resources/sdmxml/schemas/v2_1/common">Wholesale of flowers and plants</Name>
        </Code>
        <Code id="4623" urn="urn:sdmx:org.sdmx.infomodel.codelist.Code=ESTAT:CL_NACE_REV2_CODE(1.0).4623">
          <Name xml:lang="en" xmlns="http://www.sdmx.org/resources/sdmxml/schemas/v2_1/common">Wholesale of live animals</Name>
        </Code>
        <Code id="4624" urn="urn:sdmx:org.sdmx.infomodel.codelist.Code=ESTAT:CL_NACE_REV2_CODE(1.0).4624">
          <Name xml:lang="en" xmlns="http://www.sdmx.org/resources/sdmxml/schemas/v2_1/common">Wholesale of hides, skins and leather</Name>
        </Code>
        <Code id="4631" urn="urn:sdmx:org.sdmx.infomodel.codelist.Code=ESTAT:CL_NACE_REV2_CODE(1.0).4631">
          <Name xml:lang="en" xmlns="http://www.sdmx.org/resources/sdmxml/schemas/v2_1/common">Wholesale of fruit and vegetables</Name>
        </Code>
        <Code id="4632" urn="urn:sdmx:org.sdmx.infomodel.codelist.Code=ESTAT:CL_NACE_REV2_CODE(1.0).4632">
          <Name xml:lang="en" xmlns="http://www.sdmx.org/resources/sdmxml/schemas/v2_1/common">Wholesale of meat and meat products</Name>
        </Code>
        <Code id="4633" urn="urn:sdmx:org.sdmx.infomodel.codelist.Code=ESTAT:CL_NACE_REV2_CODE(1.0).4633">
          <Name xml:lang="en" xmlns="http://www.sdmx.org/resources/sdmxml/schemas/v2_1/common">Wholesale of dairy products, eggs and edible oils and fats</Name>
        </Code>
        <Code id="4634" urn="urn:sdmx:org.sdmx.infomodel.codelist.Code=ESTAT:CL_NACE_REV2_CODE(1.0).4634">
          <Name xml:lang="en" xmlns="http://www.sdmx.org/resources/sdmxml/schemas/v2_1/common">Wholesale of beverages</Name>
        </Code>
        <Code id="4635" urn="urn:sdmx:org.sdmx.infomodel.codelist.Code=ESTAT:CL_NACE_REV2_CODE(1.0).4635">
          <Name xml:lang="en" xmlns="http://www.sdmx.org/resources/sdmxml/schemas/v2_1/common">Wholesale of tobacco products</Name>
        </Code>
        <Code id="4636" urn="urn:sdmx:org.sdmx.infomodel.codelist.Code=ESTAT:CL_NACE_REV2_CODE(1.0).4636">
          <Name xml:lang="en" xmlns="http://www.sdmx.org/resources/sdmxml/schemas/v2_1/common">Wholesale of sugar and chocolate and sugar confectionery</Name>
        </Code>
        <Code id="4637" urn="urn:sdmx:org.sdmx.infomodel.codelist.Code=ESTAT:CL_NACE_REV2_CODE(1.0).4637">
          <Name xml:lang="en" xmlns="http://www.sdmx.org/resources/sdmxml/schemas/v2_1/common">Wholesale of coffee, tea, cocoa and spices</Name>
        </Code>
        <Code id="4638" urn="urn:sdmx:org.sdmx.infomodel.codelist.Code=ESTAT:CL_NACE_REV2_CODE(1.0).4638">
          <Name xml:lang="en" xmlns="http://www.sdmx.org/resources/sdmxml/schemas/v2_1/common">Wholesale of other food, including fish, crustaceans and molluscs</Name>
        </Code>
        <Code id="4639" urn="urn:sdmx:org.sdmx.infomodel.codelist.Code=ESTAT:CL_NACE_REV2_CODE(1.0).4639">
          <Name xml:lang="en" xmlns="http://www.sdmx.org/resources/sdmxml/schemas/v2_1/common">Non-specialised wholesale of food, beverages and tobacco</Name>
        </Code>
        <Code id="4641" urn="urn:sdmx:org.sdmx.infomodel.codelist.Code=ESTAT:CL_NACE_REV2_CODE(1.0).4641">
          <Name xml:lang="en" xmlns="http://www.sdmx.org/resources/sdmxml/schemas/v2_1/common">Wholesale of textiles</Name>
        </Code>
        <Code id="4642" urn="urn:sdmx:org.sdmx.infomodel.codelist.Code=ESTAT:CL_NACE_REV2_CODE(1.0).4642">
          <Name xml:lang="en" xmlns="http://www.sdmx.org/resources/sdmxml/schemas/v2_1/common">Wholesale of clothing and footwear</Name>
        </Code>
        <Code id="4643" urn="urn:sdmx:org.sdmx.infomodel.codelist.Code=ESTAT:CL_NACE_REV2_CODE(1.0).4643">
          <Name xml:lang="en" xmlns="http://www.sdmx.org/resources/sdmxml/schemas/v2_1/common">Wholesale of electrical household appliances</Name>
        </Code>
        <Code id="4644" urn="urn:sdmx:org.sdmx.infomodel.codelist.Code=ESTAT:CL_NACE_REV2_CODE(1.0).4644">
          <Name xml:lang="en" xmlns="http://www.sdmx.org/resources/sdmxml/schemas/v2_1/common">Wholesale of china and glassware and cleaning materials</Name>
        </Code>
        <Code id="4645" urn="urn:sdmx:org.sdmx.infomodel.codelist.Code=ESTAT:CL_NACE_REV2_CODE(1.0).4645">
          <Name xml:lang="en" xmlns="http://www.sdmx.org/resources/sdmxml/schemas/v2_1/common">Wholesale of perfume and cosmetics</Name>
        </Code>
        <Code id="4646" urn="urn:sdmx:org.sdmx.infomodel.codelist.Code=ESTAT:CL_NACE_REV2_CODE(1.0).4646">
          <Name xml:lang="en" xmlns="http://www.sdmx.org/resources/sdmxml/schemas/v2_1/common">Wholesale of pharmaceutical goods</Name>
        </Code>
        <Code id="4647" urn="urn:sdmx:org.sdmx.infomodel.codelist.Code=ESTAT:CL_NACE_REV2_CODE(1.0).4647">
          <Name xml:lang="en" xmlns="http://www.sdmx.org/resources/sdmxml/schemas/v2_1/common">Wholesale of furniture, carpets and lighting equipment</Name>
        </Code>
        <Code id="4648" urn="urn:sdmx:org.sdmx.infomodel.codelist.Code=ESTAT:CL_NACE_REV2_CODE(1.0).4648">
          <Name xml:lang="en" xmlns="http://www.sdmx.org/resources/sdmxml/schemas/v2_1/common">Wholesale of watches and jewellery</Name>
        </Code>
        <Code id="4649" urn="urn:sdmx:org.sdmx.infomodel.codelist.Code=ESTAT:CL_NACE_REV2_CODE(1.0).4649">
          <Name xml:lang="en" xmlns="http://www.sdmx.org/resources/sdmxml/schemas/v2_1/common">Wholesale of other household goods</Name>
        </Code>
        <Code id="4651" urn="urn:sdmx:org.sdmx.infomodel.codelist.Code=ESTAT:CL_NACE_REV2_CODE(1.0).4651">
          <Name xml:lang="en" xmlns="http://www.sdmx.org/resources/sdmxml/schemas/v2_1/common">Wholesale of computers, computer peripheral equipment and software</Name>
        </Code>
        <Code id="4652" urn="urn:sdmx:org.sdmx.infomodel.codelist.Code=ESTAT:CL_NACE_REV2_CODE(1.0).4652">
          <Name xml:lang="en" xmlns="http://www.sdmx.org/resources/sdmxml/schemas/v2_1/common">Wholesale of electronic and telecommunications equipment and parts</Name>
        </Code>
        <Code id="4661" urn="urn:sdmx:org.sdmx.infomodel.codelist.Code=ESTAT:CL_NACE_REV2_CODE(1.0).4661">
          <Name xml:lang="en" xmlns="http://www.sdmx.org/resources/sdmxml/schemas/v2_1/common">Wholesale of agricultural machinery, equipment and supplies</Name>
        </Code>
        <Code id="4662" urn="urn:sdmx:org.sdmx.infomodel.codelist.Code=ESTAT:CL_NACE_REV2_CODE(1.0).4662">
          <Name xml:lang="en" xmlns="http://www.sdmx.org/resources/sdmxml/schemas/v2_1/common">Wholesale of machine tools</Name>
        </Code>
        <Code id="4663" urn="urn:sdmx:org.sdmx.infomodel.codelist.Code=ESTAT:CL_NACE_REV2_CODE(1.0).4663">
          <Name xml:lang="en" xmlns="http://www.sdmx.org/resources/sdmxml/schemas/v2_1/common">Wholesale of mining, construction and civil engineering machinery</Name>
        </Code>
        <Code id="4664" urn="urn:sdmx:org.sdmx.infomodel.codelist.Code=ESTAT:CL_NACE_REV2_CODE(1.0).4664">
          <Name xml:lang="en" xmlns="http://www.sdmx.org/resources/sdmxml/schemas/v2_1/common">Wholesale of machinery for the textile industry and of sewing and knitting machines</Name>
        </Code>
        <Code id="4665" urn="urn:sdmx:org.sdmx.infomodel.codelist.Code=ESTAT:CL_NACE_REV2_CODE(1.0).4665">
          <Name xml:lang="en" xmlns="http://www.sdmx.org/resources/sdmxml/schemas/v2_1/common">Wholesale of office furniture</Name>
        </Code>
        <Code id="4666" urn="urn:sdmx:org.sdmx.infomodel.codelist.Code=ESTAT:CL_NACE_REV2_CODE(1.0).4666">
          <Name xml:lang="en" xmlns="http://www.sdmx.org/resources/sdmxml/schemas/v2_1/common">Wholesale of other office machinery and equipment</Name>
        </Code>
        <Code id="4669" urn="urn:sdmx:org.sdmx.infomodel.codelist.Code=ESTAT:CL_NACE_REV2_CODE(1.0).4669">
          <Name xml:lang="en" xmlns="http://www.sdmx.org/resources/sdmxml/schemas/v2_1/common">Wholesale of other machinery and equipment</Name>
        </Code>
        <Code id="4671" urn="urn:sdmx:org.sdmx.infomodel.codelist.Code=ESTAT:CL_NACE_REV2_CODE(1.0).4671">
          <Name xml:lang="en" xmlns="http://www.sdmx.org/resources/sdmxml/schemas/v2_1/common">Wholesale of solid, liquid and gaseous fuels and related products</Name>
        </Code>
        <Code id="4672" urn="urn:sdmx:org.sdmx.infomodel.codelist.Code=ESTAT:CL_NACE_REV2_CODE(1.0).4672">
          <Name xml:lang="en" xmlns="http://www.sdmx.org/resources/sdmxml/schemas/v2_1/common">Wholesale of metals and metal ores</Name>
        </Code>
        <Code id="4673" urn="urn:sdmx:org.sdmx.infomodel.codelist.Code=ESTAT:CL_NACE_REV2_CODE(1.0).4673">
          <Name xml:lang="en" xmlns="http://www.sdmx.org/resources/sdmxml/schemas/v2_1/common">Wholesale of wood, construction materials and sanitary equipment</Name>
        </Code>
        <Code id="4674" urn="urn:sdmx:org.sdmx.infomodel.codelist.Code=ESTAT:CL_NACE_REV2_CODE(1.0).4674">
          <Name xml:lang="en" xmlns="http://www.sdmx.org/resources/sdmxml/schemas/v2_1/common">Wholesale of hardware, plumbing and heating equipment and supplies</Name>
        </Code>
        <Code id="4675" urn="urn:sdmx:org.sdmx.infomodel.codelist.Code=ESTAT:CL_NACE_REV2_CODE(1.0).4675">
          <Name xml:lang="en" xmlns="http://www.sdmx.org/resources/sdmxml/schemas/v2_1/common">Wholesale of chemical products</Name>
        </Code>
        <Code id="4676" urn="urn:sdmx:org.sdmx.infomodel.codelist.Code=ESTAT:CL_NACE_REV2_CODE(1.0).4676">
          <Name xml:lang="en" xmlns="http://www.sdmx.org/resources/sdmxml/schemas/v2_1/common">Wholesale of other intermediate products</Name>
        </Code>
        <Code id="4677" urn="urn:sdmx:org.sdmx.infomodel.codelist.Code=ESTAT:CL_NACE_REV2_CODE(1.0).4677">
          <Name xml:lang="en" xmlns="http://www.sdmx.org/resources/sdmxml/schemas/v2_1/common">Wholesale of waste and scrap</Name>
        </Code>
        <Code id="4690" urn="urn:sdmx:org.sdmx.infomodel.codelist.Code=ESTAT:CL_NACE_REV2_CODE(1.0).4690">
          <Name xml:lang="en" xmlns="http://www.sdmx.org/resources/sdmxml/schemas/v2_1/common">Non-specialised wholesale trade</Name>
        </Code>
        <Code id="4711" urn="urn:sdmx:org.sdmx.infomodel.codelist.Code=ESTAT:CL_NACE_REV2_CODE(1.0).4711">
          <Name xml:lang="en" xmlns="http://www.sdmx.org/resources/sdmxml/schemas/v2_1/common">Retail sale in non-specialised stores with food, beverages or tobacco predominating</Name>
        </Code>
        <Code id="4719" urn="urn:sdmx:org.sdmx.infomodel.codelist.Code=ESTAT:CL_NACE_REV2_CODE(1.0).4719">
          <Name xml:lang="en" xmlns="http://www.sdmx.org/resources/sdmxml/schemas/v2_1/common">Other retail sale in non-specialised stores</Name>
        </Code>
        <Code id="4721" urn="urn:sdmx:org.sdmx.infomodel.codelist.Code=ESTAT:CL_NACE_REV2_CODE(1.0).4721">
          <Name xml:lang="en" xmlns="http://www.sdmx.org/resources/sdmxml/schemas/v2_1/common">Retail sale of fruit and vegetables in specialised stores</Name>
        </Code>
        <Code id="4722" urn="urn:sdmx:org.sdmx.infomodel.codelist.Code=ESTAT:CL_NACE_REV2_CODE(1.0).4722">
          <Name xml:lang="en" xmlns="http://www.sdmx.org/resources/sdmxml/schemas/v2_1/common">Retail sale of meat and meat products in specialised stores</Name>
        </Code>
        <Code id="4723" urn="urn:sdmx:org.sdmx.infomodel.codelist.Code=ESTAT:CL_NACE_REV2_CODE(1.0).4723">
          <Name xml:lang="en" xmlns="http://www.sdmx.org/resources/sdmxml/schemas/v2_1/common">Retail sale of fish, crustaceans and molluscs in specialised stores</Name>
        </Code>
        <Code id="4724" urn="urn:sdmx:org.sdmx.infomodel.codelist.Code=ESTAT:CL_NACE_REV2_CODE(1.0).4724">
          <Name xml:lang="en" xmlns="http://www.sdmx.org/resources/sdmxml/schemas/v2_1/common">Retail sale of bread, cakes, flour confectionery and sugar confectionery in specialised stores</Name>
        </Code>
        <Code id="4725" urn="urn:sdmx:org.sdmx.infomodel.codelist.Code=ESTAT:CL_NACE_REV2_CODE(1.0).4725">
          <Name xml:lang="en" xmlns="http://www.sdmx.org/resources/sdmxml/schemas/v2_1/common">Retail sale of beverages in specialised stores</Name>
        </Code>
        <Code id="4726" urn="urn:sdmx:org.sdmx.infomodel.codelist.Code=ESTAT:CL_NACE_REV2_CODE(1.0).4726">
          <Name xml:lang="en" xmlns="http://www.sdmx.org/resources/sdmxml/schemas/v2_1/common">Retail sale of tobacco products in specialised stores</Name>
        </Code>
        <Code id="4729" urn="urn:sdmx:org.sdmx.infomodel.codelist.Code=ESTAT:CL_NACE_REV2_CODE(1.0).4729">
          <Name xml:lang="en" xmlns="http://www.sdmx.org/resources/sdmxml/schemas/v2_1/common">Other retail sale of food in specialised stores</Name>
        </Code>
        <Code id="4730" urn="urn:sdmx:org.sdmx.infomodel.codelist.Code=ESTAT:CL_NACE_REV2_CODE(1.0).4730">
          <Name xml:lang="en" xmlns="http://www.sdmx.org/resources/sdmxml/schemas/v2_1/common">Retail sale of automotive fuel in specialised stores</Name>
        </Code>
        <Code id="4741" urn="urn:sdmx:org.sdmx.infomodel.codelist.Code=ESTAT:CL_NACE_REV2_CODE(1.0).4741">
          <Name xml:lang="en" xmlns="http://www.sdmx.org/resources/sdmxml/schemas/v2_1/common">Retail sale of computers, peripheral units and software in specialised stores</Name>
        </Code>
        <Code id="4742" urn="urn:sdmx:org.sdmx.infomodel.codelist.Code=ESTAT:CL_NACE_REV2_CODE(1.0).4742">
          <Name xml:lang="en" xmlns="http://www.sdmx.org/resources/sdmxml/schemas/v2_1/common">Retail sale of telecommunications equipment in specialised stores</Name>
        </Code>
        <Code id="4743" urn="urn:sdmx:org.sdmx.infomodel.codelist.Code=ESTAT:CL_NACE_REV2_CODE(1.0).4743">
          <Name xml:lang="en" xmlns="http://www.sdmx.org/resources/sdmxml/schemas/v2_1/common">Retail sale of audio and video equipment in specialised stores</Name>
        </Code>
        <Code id="4751" urn="urn:sdmx:org.sdmx.infomodel.codelist.Code=ESTAT:CL_NACE_REV2_CODE(1.0).4751">
          <Name xml:lang="en" xmlns="http://www.sdmx.org/resources/sdmxml/schemas/v2_1/common">Retail sale of textiles in specialised stores</Name>
        </Code>
        <Code id="4752" urn="urn:sdmx:org.sdmx.infomodel.codelist.Code=ESTAT:CL_NACE_REV2_CODE(1.0).4752">
          <Name xml:lang="en" xmlns="http://www.sdmx.org/resources/sdmxml/schemas/v2_1/common">Retail sale of hardware, paints and glass in specialised stores</Name>
        </Code>
        <Code id="4753" urn="urn:sdmx:org.sdmx.infomodel.codelist.Code=ESTAT:CL_NACE_REV2_CODE(1.0).4753">
          <Name xml:lang="en" xmlns="http://www.sdmx.org/resources/sdmxml/schemas/v2_1/common">Retail sale of carpets, rugs, wall and floor coverings in specialised stores</Name>
        </Code>
        <Code id="4754" urn="urn:sdmx:org.sdmx.infomodel.codelist.Code=ESTAT:CL_NACE_REV2_CODE(1.0).4754">
          <Name xml:lang="en" xmlns="http://www.sdmx.org/resources/sdmxml/schemas/v2_1/common">Retail sale of electrical household appliances in specialised stores</Name>
        </Code>
        <Code id="4759" urn="urn:sdmx:org.sdmx.infomodel.codelist.Code=ESTAT:CL_NACE_REV2_CODE(1.0).4759">
          <Name xml:lang="en" xmlns="http://www.sdmx.org/resources/sdmxml/schemas/v2_1/common">Retail sale of furniture, lighting equipment and other household articles in specialised stores</Name>
        </Code>
        <Code id="4761" urn="urn:sdmx:org.sdmx.infomodel.codelist.Code=ESTAT:CL_NACE_REV2_CODE(1.0).4761">
          <Name xml:lang="en" xmlns="http://www.sdmx.org/resources/sdmxml/schemas/v2_1/common">Retail sale of books in specialised stores</Name>
        </Code>
        <Code id="4762" urn="urn:sdmx:org.sdmx.infomodel.codelist.Code=ESTAT:CL_NACE_REV2_CODE(1.0).4762">
          <Name xml:lang="en" xmlns="http://www.sdmx.org/resources/sdmxml/schemas/v2_1/common">Retail sale of newspapers and stationery in specialised stores</Name>
        </Code>
        <Code id="4763" urn="urn:sdmx:org.sdmx.infomodel.codelist.Code=ESTAT:CL_NACE_REV2_CODE(1.0).4763">
          <Name xml:lang="en" xmlns="http://www.sdmx.org/resources/sdmxml/schemas/v2_1/common">Retail sale of music and video recordings in specialised stores</Name>
        </Code>
        <Code id="4764" urn="urn:sdmx:org.sdmx.infomodel.codelist.Code=ESTAT:CL_NACE_REV2_CODE(1.0).4764">
          <Name xml:lang="en" xmlns="http://www.sdmx.org/resources/sdmxml/schemas/v2_1/common">Retail sale of sporting equipment in specialised stores</Name>
        </Code>
        <Code id="4765" urn="urn:sdmx:org.sdmx.infomodel.codelist.Code=ESTAT:CL_NACE_REV2_CODE(1.0).4765">
          <Name xml:lang="en" xmlns="http://www.sdmx.org/resources/sdmxml/schemas/v2_1/common">Retail sale of games and toys in specialised stores</Name>
        </Code>
        <Code id="4771" urn="urn:sdmx:org.sdmx.infomodel.codelist.Code=ESTAT:CL_NACE_REV2_CODE(1.0).4771">
          <Name xml:lang="en" xmlns="http://www.sdmx.org/resources/sdmxml/schemas/v2_1/common">Retail sale of clothing in specialised stores</Name>
        </Code>
        <Code id="4772" urn="urn:sdmx:org.sdmx.infomodel.codelist.Code=ESTAT:CL_NACE_REV2_CODE(1.0).4772">
          <Name xml:lang="en" xmlns="http://www.sdmx.org/resources/sdmxml/schemas/v2_1/common">Retail sale of footwear and leather goods in specialised stores</Name>
        </Code>
        <Code id="4773" urn="urn:sdmx:org.sdmx.infomodel.codelist.Code=ESTAT:CL_NACE_REV2_CODE(1.0).4773">
          <Name xml:lang="en" xmlns="http://www.sdmx.org/resources/sdmxml/schemas/v2_1/common">Dispensing chemist in specialised stores</Name>
        </Code>
        <Code id="4774" urn="urn:sdmx:org.sdmx.infomodel.codelist.Code=ESTAT:CL_NACE_REV2_CODE(1.0).4774">
          <Name xml:lang="en" xmlns="http://www.sdmx.org/resources/sdmxml/schemas/v2_1/common">Retail sale of medical and orthopaedic goods in specialised stores</Name>
        </Code>
        <Code id="4775" urn="urn:sdmx:org.sdmx.infomodel.codelist.Code=ESTAT:CL_NACE_REV2_CODE(1.0).4775">
          <Name xml:lang="en" xmlns="http://www.sdmx.org/resources/sdmxml/schemas/v2_1/common">Retail sale of cosmetic and toilet articles in specialised stores</Name>
        </Code>
        <Code id="4776" urn="urn:sdmx:org.sdmx.infomodel.codelist.Code=ESTAT:CL_NACE_REV2_CODE(1.0).4776">
          <Name xml:lang="en" xmlns="http://www.sdmx.org/resources/sdmxml/schemas/v2_1/common">Retail sale of flowers, plants, seeds, fertilisers, pet animals and pet food in specialised stores</Name>
        </Code>
        <Code id="4777" urn="urn:sdmx:org.sdmx.infomodel.codelist.Code=ESTAT:CL_NACE_REV2_CODE(1.0).4777">
          <Name xml:lang="en" xmlns="http://www.sdmx.org/resources/sdmxml/schemas/v2_1/common">Retail sale of watches and jewellery in specialised stores</Name>
        </Code>
        <Code id="4778" urn="urn:sdmx:org.sdmx.infomodel.codelist.Code=ESTAT:CL_NACE_REV2_CODE(1.0).4778">
          <Name xml:lang="en" xmlns="http://www.sdmx.org/resources/sdmxml/schemas/v2_1/common">Other retail sale of new goods in specialised stores</Name>
        </Code>
        <Code id="4779" urn="urn:sdmx:org.sdmx.infomodel.codelist.Code=ESTAT:CL_NACE_REV2_CODE(1.0).4779">
          <Name xml:lang="en" xmlns="http://www.sdmx.org/resources/sdmxml/schemas/v2_1/common">Retail sale of second-hand goods in stores</Name>
        </Code>
        <Code id="4781" urn="urn:sdmx:org.sdmx.infomodel.codelist.Code=ESTAT:CL_NACE_REV2_CODE(1.0).4781">
          <Name xml:lang="en" xmlns="http://www.sdmx.org/resources/sdmxml/schemas/v2_1/common">Retail sale via stalls and markets of food, beverages and tobacco products</Name>
        </Code>
        <Code id="4782" urn="urn:sdmx:org.sdmx.infomodel.codelist.Code=ESTAT:CL_NACE_REV2_CODE(1.0).4782">
          <Name xml:lang="en" xmlns="http://www.sdmx.org/resources/sdmxml/schemas/v2_1/common">Retail sale via stalls and markets of textiles, clothing and footwear</Name>
        </Code>
        <Code id="4789" urn="urn:sdmx:org.sdmx.infomodel.codelist.Code=ESTAT:CL_NACE_REV2_CODE(1.0).4789">
          <Name xml:lang="en" xmlns="http://www.sdmx.org/resources/sdmxml/schemas/v2_1/common">Retail sale via stalls and markets of other goods</Name>
        </Code>
        <Code id="4791" urn="urn:sdmx:org.sdmx.infomodel.codelist.Code=ESTAT:CL_NACE_REV2_CODE(1.0).4791">
          <Name xml:lang="en" xmlns="http://www.sdmx.org/resources/sdmxml/schemas/v2_1/common">Retail sale via mail order houses or via Internet</Name>
        </Code>
        <Code id="4799" urn="urn:sdmx:org.sdmx.infomodel.codelist.Code=ESTAT:CL_NACE_REV2_CODE(1.0).4799">
          <Name xml:lang="en" xmlns="http://www.sdmx.org/resources/sdmxml/schemas/v2_1/common">Other retail sale not in stores, stalls or markets</Name>
        </Code>
        <Code id="4910" urn="urn:sdmx:org.sdmx.infomodel.codelist.Code=ESTAT:CL_NACE_REV2_CODE(1.0).4910">
          <Name xml:lang="en" xmlns="http://www.sdmx.org/resources/sdmxml/schemas/v2_1/common">Passenger rail transport, interurban</Name>
        </Code>
        <Code id="4920" urn="urn:sdmx:org.sdmx.infomodel.codelist.Code=ESTAT:CL_NACE_REV2_CODE(1.0).4920">
          <Name xml:lang="en" xmlns="http://www.sdmx.org/resources/sdmxml/schemas/v2_1/common">Freight rail transport</Name>
        </Code>
        <Code id="4931" urn="urn:sdmx:org.sdmx.infomodel.codelist.Code=ESTAT:CL_NACE_REV2_CODE(1.0).4931">
          <Name xml:lang="en" xmlns="http://www.sdmx.org/resources/sdmxml/schemas/v2_1/common">Urban and suburban passenger land transport</Name>
        </Code>
        <Code id="4932" urn="urn:sdmx:org.sdmx.infomodel.codelist.Code=ESTAT:CL_NACE_REV2_CODE(1.0).4932">
          <Name xml:lang="en" xmlns="http://www.sdmx.org/resources/sdmxml/schemas/v2_1/common">Taxi operation</Name>
        </Code>
        <Code id="4939" urn="urn:sdmx:org.sdmx.infomodel.codelist.Code=ESTAT:CL_NACE_REV2_CODE(1.0).4939">
          <Name xml:lang="en" xmlns="http://www.sdmx.org/resources/sdmxml/schemas/v2_1/common">Other passenger land transport n.e.c.</Name>
        </Code>
        <Code id="4941" urn="urn:sdmx:org.sdmx.infomodel.codelist.Code=ESTAT:CL_NACE_REV2_CODE(1.0).4941">
          <Name xml:lang="en" xmlns="http://www.sdmx.org/resources/sdmxml/schemas/v2_1/common">Freight transport by road</Name>
        </Code>
        <Code id="4942" urn="urn:sdmx:org.sdmx.infomodel.codelist.Code=ESTAT:CL_NACE_REV2_CODE(1.0).4942">
          <Name xml:lang="en" xmlns="http://www.sdmx.org/resources/sdmxml/schemas/v2_1/common">Removal services</Name>
        </Code>
        <Code id="4950" urn="urn:sdmx:org.sdmx.infomodel.codelist.Code=ESTAT:CL_NACE_REV2_CODE(1.0).4950">
          <Name xml:lang="en" xmlns="http://www.sdmx.org/resources/sdmxml/schemas/v2_1/common">Transport via pipeline</Name>
        </Code>
        <Code id="5010" urn="urn:sdmx:org.sdmx.infomodel.codelist.Code=ESTAT:CL_NACE_REV2_CODE(1.0).5010">
          <Name xml:lang="en" xmlns="http://www.sdmx.org/resources/sdmxml/schemas/v2_1/common">Sea and coastal passenger water transport</Name>
        </Code>
        <Code id="5020" urn="urn:sdmx:org.sdmx.infomodel.codelist.Code=ESTAT:CL_NACE_REV2_CODE(1.0).5020">
          <Name xml:lang="en" xmlns="http://www.sdmx.org/resources/sdmxml/schemas/v2_1/common">Sea and coastal freight water transport</Name>
        </Code>
        <Code id="5030" urn="urn:sdmx:org.sdmx.infomodel.codelist.Code=ESTAT:CL_NACE_REV2_CODE(1.0).5030">
          <Name xml:lang="en" xmlns="http://www.sdmx.org/resources/sdmxml/schemas/v2_1/common">Inland passenger water transport</Name>
        </Code>
        <Code id="5040" urn="urn:sdmx:org.sdmx.infomodel.codelist.Code=ESTAT:CL_NACE_REV2_CODE(1.0).5040">
          <Name xml:lang="en" xmlns="http://www.sdmx.org/resources/sdmxml/schemas/v2_1/common">Inland freight water transport</Name>
        </Code>
        <Code id="5110" urn="urn:sdmx:org.sdmx.infomodel.codelist.Code=ESTAT:CL_NACE_REV2_CODE(1.0).5110">
          <Name xml:lang="en" xmlns="http://www.sdmx.org/resources/sdmxml/schemas/v2_1/common">Passenger air transport</Name>
        </Code>
        <Code id="5121" urn="urn:sdmx:org.sdmx.infomodel.codelist.Code=ESTAT:CL_NACE_REV2_CODE(1.0).5121">
          <Name xml:lang="en" xmlns="http://www.sdmx.org/resources/sdmxml/schemas/v2_1/common">Freight air transport</Name>
        </Code>
        <Code id="5122" urn="urn:sdmx:org.sdmx.infomodel.codelist.Code=ESTAT:CL_NACE_REV2_CODE(1.0).5122">
          <Name xml:lang="en" xmlns="http://www.sdmx.org/resources/sdmxml/schemas/v2_1/common">Space transport</Name>
        </Code>
        <Code id="5210" urn="urn:sdmx:org.sdmx.infomodel.codelist.Code=ESTAT:CL_NACE_REV2_CODE(1.0).5210">
          <Name xml:lang="en" xmlns="http://www.sdmx.org/resources/sdmxml/schemas/v2_1/common">Warehousing and storage</Name>
        </Code>
        <Code id="5221" urn="urn:sdmx:org.sdmx.infomodel.codelist.Code=ESTAT:CL_NACE_REV2_CODE(1.0).5221">
          <Name xml:lang="en" xmlns="http://www.sdmx.org/resources/sdmxml/schemas/v2_1/common">Service activities incidental to land transportation</Name>
        </Code>
        <Code id="5222" urn="urn:sdmx:org.sdmx.infomodel.codelist.Code=ESTAT:CL_NACE_REV2_CODE(1.0).5222">
          <Name xml:lang="en" xmlns="http://www.sdmx.org/resources/sdmxml/schemas/v2_1/common">Service activities incidental to water transportation</Name>
        </Code>
        <Code id="5223" urn="urn:sdmx:org.sdmx.infomodel.codelist.Code=ESTAT:CL_NACE_REV2_CODE(1.0).5223">
          <Name xml:lang="en" xmlns="http://www.sdmx.org/resources/sdmxml/schemas/v2_1/common">Service activities incidental to air transportation</Name>
        </Code>
        <Code id="5224" urn="urn:sdmx:org.sdmx.infomodel.codelist.Code=ESTAT:CL_NACE_REV2_CODE(1.0).5224">
          <Name xml:lang="en" xmlns="http://www.sdmx.org/resources/sdmxml/schemas/v2_1/common">Cargo handling</Name>
        </Code>
        <Code id="5229" urn="urn:sdmx:org.sdmx.infomodel.codelist.Code=ESTAT:CL_NACE_REV2_CODE(1.0).5229">
          <Name xml:lang="en" xmlns="http://www.sdmx.org/resources/sdmxml/schemas/v2_1/common">Other transportation support activities</Name>
        </Code>
        <Code id="5310" urn="urn:sdmx:org.sdmx.infomodel.codelist.Code=ESTAT:CL_NACE_REV2_CODE(1.0).5310">
          <Name xml:lang="en" xmlns="http://www.sdmx.org/resources/sdmxml/schemas/v2_1/common">Postal activities under universal service obligation</Name>
        </Code>
        <Code id="5320" urn="urn:sdmx:org.sdmx.infomodel.codelist.Code=ESTAT:CL_NACE_REV2_CODE(1.0).5320">
          <Name xml:lang="en" xmlns="http://www.sdmx.org/resources/sdmxml/schemas/v2_1/common">Other postal and courier activities</Name>
        </Code>
        <Code id="5510" urn="urn:sdmx:org.sdmx.infomodel.codelist.Code=ESTAT:CL_NACE_REV2_CODE(1.0).5510">
          <Name xml:lang="en" xmlns="http://www.sdmx.org/resources/sdmxml/schemas/v2_1/common">Hotels and similar accommodation</Name>
        </Code>
        <Code id="5520" urn="urn:sdmx:org.sdmx.infomodel.codelist.Code=ESTAT:CL_NACE_REV2_CODE(1.0).5520">
          <Name xml:lang="en" xmlns="http://www.sdmx.org/resources/sdmxml/schemas/v2_1/common">Holiday and other short-stay accommodation</Name>
        </Code>
        <Code id="5530" urn="urn:sdmx:org.sdmx.infomodel.codelist.Code=ESTAT:CL_NACE_REV2_CODE(1.0).5530">
          <Name xml:lang="en" xmlns="http://www.sdmx.org/resources/sdmxml/schemas/v2_1/common">Camping grounds, recreational vehicle parks and trailer parks</Name>
        </Code>
        <Code id="5590" urn="urn:sdmx:org.sdmx.infomodel.codelist.Code=ESTAT:CL_NACE_REV2_CODE(1.0).5590">
          <Name xml:lang="en" xmlns="http://www.sdmx.org/resources/sdmxml/schemas/v2_1/common">Other accommodation</Name>
        </Code>
        <Code id="5610" urn="urn:sdmx:org.sdmx.infomodel.codelist.Code=ESTAT:CL_NACE_REV2_CODE(1.0).5610">
          <Name xml:lang="en" xmlns="http://www.sdmx.org/resources/sdmxml/schemas/v2_1/common">Restaurants and mobile food service activities</Name>
        </Code>
        <Code id="5621" urn="urn:sdmx:org.sdmx.infomodel.codelist.Code=ESTAT:CL_NACE_REV2_CODE(1.0).5621">
          <Name xml:lang="en" xmlns="http://www.sdmx.org/resources/sdmxml/schemas/v2_1/common">Event catering activities</Name>
        </Code>
        <Code id="5629" urn="urn:sdmx:org.sdmx.infomodel.codelist.Code=ESTAT:CL_NACE_REV2_CODE(1.0).5629">
          <Name xml:lang="en" xmlns="http://www.sdmx.org/resources/sdmxml/schemas/v2_1/common">Other food service activities</Name>
        </Code>
        <Code id="5630" urn="urn:sdmx:org.sdmx.infomodel.codelist.Code=ESTAT:CL_NACE_REV2_CODE(1.0).5630">
          <Name xml:lang="en" xmlns="http://www.sdmx.org/resources/sdmxml/schemas/v2_1/common">Beverage serving activities</Name>
        </Code>
        <Code id="5811" urn="urn:sdmx:org.sdmx.infomodel.codelist.Code=ESTAT:CL_NACE_REV2_CODE(1.0).5811">
          <Name xml:lang="en" xmlns="http://www.sdmx.org/resources/sdmxml/schemas/v2_1/common">Book publishing</Name>
        </Code>
        <Code id="5812" urn="urn:sdmx:org.sdmx.infomodel.codelist.Code=ESTAT:CL_NACE_REV2_CODE(1.0).5812">
          <Name xml:lang="en" xmlns="http://www.sdmx.org/resources/sdmxml/schemas/v2_1/common">Publishing of directories and mailing lists</Name>
        </Code>
        <Code id="5813" urn="urn:sdmx:org.sdmx.infomodel.codelist.Code=ESTAT:CL_NACE_REV2_CODE(1.0).5813">
          <Name xml:lang="en" xmlns="http://www.sdmx.org/resources/sdmxml/schemas/v2_1/common">Publishing of newspapers</Name>
        </Code>
        <Code id="5814" urn="urn:sdmx:org.sdmx.infomodel.codelist.Code=ESTAT:CL_NACE_REV2_CODE(1.0).5814">
          <Name xml:lang="en" xmlns="http://www.sdmx.org/resources/sdmxml/schemas/v2_1/common">Publishing of journals and periodicals</Name>
        </Code>
        <Code id="5819" urn="urn:sdmx:org.sdmx.infomodel.codelist.Code=ESTAT:CL_NACE_REV2_CODE(1.0).5819">
          <Name xml:lang="en" xmlns="http://www.sdmx.org/resources/sdmxml/schemas/v2_1/common">Other publishing activities</Name>
        </Code>
        <Code id="5821" urn="urn:sdmx:org.sdmx.infomodel.codelist.Code=ESTAT:CL_NACE_REV2_CODE(1.0).5821">
          <Name xml:lang="en" xmlns="http://www.sdmx.org/resources/sdmxml/schemas/v2_1/common">Publishing of computer games</Name>
        </Code>
        <Code id="5829" urn="urn:sdmx:org.sdmx.infomodel.codelist.Code=ESTAT:CL_NACE_REV2_CODE(1.0).5829">
          <Name xml:lang="en" xmlns="http://www.sdmx.org/resources/sdmxml/schemas/v2_1/common">Other software publishing</Name>
        </Code>
        <Code id="5911" urn="urn:sdmx:org.sdmx.infomodel.codelist.Code=ESTAT:CL_NACE_REV2_CODE(1.0).5911">
          <Name xml:lang="en" xmlns="http://www.sdmx.org/resources/sdmxml/schemas/v2_1/common">Motion picture, video and television programme production activities</Name>
        </Code>
        <Code id="5912" urn="urn:sdmx:org.sdmx.infomodel.codelist.Code=ESTAT:CL_NACE_REV2_CODE(1.0).5912">
          <Name xml:lang="en" xmlns="http://www.sdmx.org/resources/sdmxml/schemas/v2_1/common">Motion picture, video and television programme post-production activities</Name>
        </Code>
        <Code id="5913" urn="urn:sdmx:org.sdmx.infomodel.codelist.Code=ESTAT:CL_NACE_REV2_CODE(1.0).5913">
          <Name xml:lang="en" xmlns="http://www.sdmx.org/resources/sdmxml/schemas/v2_1/common">Motion picture, video and television programme distribution activities</Name>
        </Code>
        <Code id="5914" urn="urn:sdmx:org.sdmx.infomodel.codelist.Code=ESTAT:CL_NACE_REV2_CODE(1.0).5914">
          <Name xml:lang="en" xmlns="http://www.sdmx.org/resources/sdmxml/schemas/v2_1/common">Motion picture projection activities</Name>
        </Code>
        <Code id="5920" urn="urn:sdmx:org.sdmx.infomodel.codelist.Code=ESTAT:CL_NACE_REV2_CODE(1.0).5920">
          <Name xml:lang="en" xmlns="http://www.sdmx.org/resources/sdmxml/schemas/v2_1/common">Sound recording and music publishing activities</Name>
        </Code>
        <Code id="6010" urn="urn:sdmx:org.sdmx.infomodel.codelist.Code=ESTAT:CL_NACE_REV2_CODE(1.0).6010">
          <Name xml:lang="en" xmlns="http://www.sdmx.org/resources/sdmxml/schemas/v2_1/common">Radio broadcasting</Name>
        </Code>
        <Code id="6020" urn="urn:sdmx:org.sdmx.infomodel.codelist.Code=ESTAT:CL_NACE_REV2_CODE(1.0).6020">
          <Name xml:lang="en" xmlns="http://www.sdmx.org/resources/sdmxml/schemas/v2_1/common">Television programming and broadcasting activities</Name>
        </Code>
        <Code id="6110" urn="urn:sdmx:org.sdmx.infomodel.codelist.Code=ESTAT:CL_NACE_REV2_CODE(1.0).6110">
          <Name xml:lang="en" xmlns="http://www.sdmx.org/resources/sdmxml/schemas/v2_1/common">Wired telecommunications activities</Name>
        </Code>
        <Code id="6120" urn="urn:sdmx:org.sdmx.infomodel.codelist.Code=ESTAT:CL_NACE_REV2_CODE(1.0).6120">
          <Name xml:lang="en" xmlns="http://www.sdmx.org/resources/sdmxml/schemas/v2_1/common">Wireless telecommunications activities</Name>
        </Code>
        <Code id="6130" urn="urn:sdmx:org.sdmx.infomodel.codelist.Code=ESTAT:CL_NACE_REV2_CODE(1.0).6130">
          <Name xml:lang="en" xmlns="http://www.sdmx.org/resources/sdmxml/schemas/v2_1/common">Satellite telecommunications activities</Name>
        </Code>
        <Code id="6190" urn="urn:sdmx:org.sdmx.infomodel.codelist.Code=ESTAT:CL_NACE_REV2_CODE(1.0).6190">
          <Name xml:lang="en" xmlns="http://www.sdmx.org/resources/sdmxml/schemas/v2_1/common">Other telecommunications activities</Name>
        </Code>
        <Code id="6201" urn="urn:sdmx:org.sdmx.infomodel.codelist.Code=ESTAT:CL_NACE_REV2_CODE(1.0).6201">
          <Name xml:lang="en" xmlns="http://www.sdmx.org/resources/sdmxml/schemas/v2_1/common">Computer programming activities</Name>
        </Code>
        <Code id="6202" urn="urn:sdmx:org.sdmx.infomodel.codelist.Code=ESTAT:CL_NACE_REV2_CODE(1.0).6202">
          <Name xml:lang="en" xmlns="http://www.sdmx.org/resources/sdmxml/schemas/v2_1/common">Computer consultancy activities</Name>
        </Code>
        <Code id="6203" urn="urn:sdmx:org.sdmx.infomodel.codelist.Code=ESTAT:CL_NACE_REV2_CODE(1.0).6203">
          <Name xml:lang="en" xmlns="http://www.sdmx.org/resources/sdmxml/schemas/v2_1/common">Computer facilities management activities</Name>
        </Code>
        <Code id="6209" urn="urn:sdmx:org.sdmx.infomodel.codelist.Code=ESTAT:CL_NACE_REV2_CODE(1.0).6209">
          <Name xml:lang="en" xmlns="http://www.sdmx.org/resources/sdmxml/schemas/v2_1/common">Other information technology and computer service activities</Name>
        </Code>
        <Code id="6311" urn="urn:sdmx:org.sdmx.infomodel.codelist.Code=ESTAT:CL_NACE_REV2_CODE(1.0).6311">
          <Name xml:lang="en" xmlns="http://www.sdmx.org/resources/sdmxml/schemas/v2_1/common">Data processing, hosting and related activities</Name>
        </Code>
        <Code id="6312" urn="urn:sdmx:org.sdmx.infomodel.codelist.Code=ESTAT:CL_NACE_REV2_CODE(1.0).6312">
          <Name xml:lang="en" xmlns="http://www.sdmx.org/resources/sdmxml/schemas/v2_1/common">Web portals</Name>
        </Code>
        <Code id="6391" urn="urn:sdmx:org.sdmx.infomodel.codelist.Code=ESTAT:CL_NACE_REV2_CODE(1.0).6391">
          <Name xml:lang="en" xmlns="http://www.sdmx.org/resources/sdmxml/schemas/v2_1/common">News agency activities</Name>
        </Code>
        <Code id="6399" urn="urn:sdmx:org.sdmx.infomodel.codelist.Code=ESTAT:CL_NACE_REV2_CODE(1.0).6399">
          <Name xml:lang="en" xmlns="http://www.sdmx.org/resources/sdmxml/schemas/v2_1/common">Other information service activities n.e.c.</Name>
        </Code>
        <Code id="6411" urn="urn:sdmx:org.sdmx.infomodel.codelist.Code=ESTAT:CL_NACE_REV2_CODE(1.0).6411">
          <Name xml:lang="en" xmlns="http://www.sdmx.org/resources/sdmxml/schemas/v2_1/common">Central banking</Name>
        </Code>
        <Code id="6419" urn="urn:sdmx:org.sdmx.infomodel.codelist.Code=ESTAT:CL_NACE_REV2_CODE(1.0).6419">
          <Name xml:lang="en" xmlns="http://www.sdmx.org/resources/sdmxml/schemas/v2_1/common">Other monetary intermediation</Name>
        </Code>
        <Code id="6420" urn="urn:sdmx:org.sdmx.infomodel.codelist.Code=ESTAT:CL_NACE_REV2_CODE(1.0).6420">
          <Name xml:lang="en" xmlns="http://www.sdmx.org/resources/sdmxml/schemas/v2_1/common">Activities of holding companies</Name>
        </Code>
        <Code id="6430" urn="urn:sdmx:org.sdmx.infomodel.codelist.Code=ESTAT:CL_NACE_REV2_CODE(1.0).6430">
          <Name xml:lang="en" xmlns="http://www.sdmx.org/resources/sdmxml/schemas/v2_1/common">Trusts, funds and similar financial entities</Name>
        </Code>
        <Code id="6491" urn="urn:sdmx:org.sdmx.infomodel.codelist.Code=ESTAT:CL_NACE_REV2_CODE(1.0).6491">
          <Name xml:lang="en" xmlns="http://www.sdmx.org/resources/sdmxml/schemas/v2_1/common">Financial leasing</Name>
        </Code>
        <Code id="6492" urn="urn:sdmx:org.sdmx.infomodel.codelist.Code=ESTAT:CL_NACE_REV2_CODE(1.0).6492">
          <Name xml:lang="en" xmlns="http://www.sdmx.org/resources/sdmxml/schemas/v2_1/common">Other credit granting</Name>
        </Code>
        <Code id="6499" urn="urn:sdmx:org.sdmx.infomodel.codelist.Code=ESTAT:CL_NACE_REV2_CODE(1.0).6499">
          <Name xml:lang="en" xmlns="http://www.sdmx.org/resources/sdmxml/schemas/v2_1/common">Other financial service activities, except insurance and pension funding n.e.c.</Name>
        </Code>
        <Code id="6511" urn="urn:sdmx:org.sdmx.infomodel.codelist.Code=ESTAT:CL_NACE_REV2_CODE(1.0).6511">
          <Name xml:lang="en" xmlns="http://www.sdmx.org/resources/sdmxml/schemas/v2_1/common">Life insurance</Name>
        </Code>
        <Code id="6512" urn="urn:sdmx:org.sdmx.infomodel.codelist.Code=ESTAT:CL_NACE_REV2_CODE(1.0).6512">
          <Name xml:lang="en" xmlns="http://www.sdmx.org/resources/sdmxml/schemas/v2_1/common">Non-life insurance</Name>
        </Code>
        <Code id="6520" urn="urn:sdmx:org.sdmx.infomodel.codelist.Code=ESTAT:CL_NACE_REV2_CODE(1.0).6520">
          <Name xml:lang="en" xmlns="http://www.sdmx.org/resources/sdmxml/schemas/v2_1/common">Reinsurance</Name>
        </Code>
        <Code id="6530" urn="urn:sdmx:org.sdmx.infomodel.codelist.Code=ESTAT:CL_NACE_REV2_CODE(1.0).6530">
          <Name xml:lang="en" xmlns="http://www.sdmx.org/resources/sdmxml/schemas/v2_1/common">Pension funding</Name>
        </Code>
        <Code id="6611" urn="urn:sdmx:org.sdmx.infomodel.codelist.Code=ESTAT:CL_NACE_REV2_CODE(1.0).6611">
          <Name xml:lang="en" xmlns="http://www.sdmx.org/resources/sdmxml/schemas/v2_1/common">Administration of financial markets</Name>
        </Code>
        <Code id="6612" urn="urn:sdmx:org.sdmx.infomodel.codelist.Code=ESTAT:CL_NACE_REV2_CODE(1.0).6612">
          <Name xml:lang="en" xmlns="http://www.sdmx.org/resources/sdmxml/schemas/v2_1/common">Security and commodity contracts brokerage</Name>
        </Code>
        <Code id="6619" urn="urn:sdmx:org.sdmx.infomodel.codelist.Code=ESTAT:CL_NACE_REV2_CODE(1.0).6619">
          <Name xml:lang="en" xmlns="http://www.sdmx.org/resources/sdmxml/schemas/v2_1/common">Other activities auxiliary to financial services, except insurance and pension funding</Name>
        </Code>
        <Code id="6621" urn="urn:sdmx:org.sdmx.infomodel.codelist.Code=ESTAT:CL_NACE_REV2_CODE(1.0).6621">
          <Name xml:lang="en" xmlns="http://www.sdmx.org/resources/sdmxml/schemas/v2_1/common">Risk and damage evaluation</Name>
        </Code>
        <Code id="6622" urn="urn:sdmx:org.sdmx.infomodel.codelist.Code=ESTAT:CL_NACE_REV2_CODE(1.0).6622">
          <Name xml:lang="en" xmlns="http://www.sdmx.org/resources/sdmxml/schemas/v2_1/common">Activities of insurance agents and brokers</Name>
        </Code>
        <Code id="6629" urn="urn:sdmx:org.sdmx.infomodel.codelist.Code=ESTAT:CL_NACE_REV2_CODE(1.0).6629">
          <Name xml:lang="en" xmlns="http://www.sdmx.org/resources/sdmxml/schemas/v2_1/common">Other activities auxiliary to insurance and pension funding</Name>
        </Code>
        <Code id="6630" urn="urn:sdmx:org.sdmx.infomodel.codelist.Code=ESTAT:CL_NACE_REV2_CODE(1.0).6630">
          <Name xml:lang="en" xmlns="http://www.sdmx.org/resources/sdmxml/schemas/v2_1/common">Fund management activities</Name>
        </Code>
        <Code id="6810" urn="urn:sdmx:org.sdmx.infomodel.codelist.Code=ESTAT:CL_NACE_REV2_CODE(1.0).6810">
          <Name xml:lang="en" xmlns="http://www.sdmx.org/resources/sdmxml/schemas/v2_1/common">Buying and selling of own real estate</Name>
        </Code>
        <Code id="6820" urn="urn:sdmx:org.sdmx.infomodel.codelist.Code=ESTAT:CL_NACE_REV2_CODE(1.0).6820">
          <Name xml:lang="en" xmlns="http://www.sdmx.org/resources/sdmxml/schemas/v2_1/common">Renting and operating of own or leased real estate</Name>
        </Code>
        <Code id="6831" urn="urn:sdmx:org.sdmx.infomodel.codelist.Code=ESTAT:CL_NACE_REV2_CODE(1.0).6831">
          <Name xml:lang="en" xmlns="http://www.sdmx.org/resources/sdmxml/schemas/v2_1/common">Real estate agencies</Name>
        </Code>
        <Code id="6832" urn="urn:sdmx:org.sdmx.infomodel.codelist.Code=ESTAT:CL_NACE_REV2_CODE(1.0).6832">
          <Name xml:lang="en" xmlns="http://www.sdmx.org/resources/sdmxml/schemas/v2_1/common">Management of real estate on a fee or contract basis</Name>
        </Code>
        <Code id="6910" urn="urn:sdmx:org.sdmx.infomodel.codelist.Code=ESTAT:CL_NACE_REV2_CODE(1.0).6910">
          <Name xml:lang="en" xmlns="http://www.sdmx.org/resources/sdmxml/schemas/v2_1/common">Legal activities</Name>
        </Code>
        <Code id="6920" urn="urn:sdmx:org.sdmx.infomodel.codelist.Code=ESTAT:CL_NACE_REV2_CODE(1.0).6920">
          <Name xml:lang="en" xmlns="http://www.sdmx.org/resources/sdmxml/schemas/v2_1/common">Accounting, bookkeeping and auditing activities; tax consultancy</Name>
        </Code>
        <Code id="7010" urn="urn:sdmx:org.sdmx.infomodel.codelist.Code=ESTAT:CL_NACE_REV2_CODE(1.0).7010">
          <Name xml:lang="en" xmlns="http://www.sdmx.org/resources/sdmxml/schemas/v2_1/common">Activities of head offices</Name>
        </Code>
        <Code id="7021" urn="urn:sdmx:org.sdmx.infomodel.codelist.Code=ESTAT:CL_NACE_REV2_CODE(1.0).7021">
          <Name xml:lang="en" xmlns="http://www.sdmx.org/resources/sdmxml/schemas/v2_1/common">Public relations and communication activities</Name>
        </Code>
        <Code id="7022" urn="urn:sdmx:org.sdmx.infomodel.codelist.Code=ESTAT:CL_NACE_REV2_CODE(1.0).7022">
          <Name xml:lang="en" xmlns="http://www.sdmx.org/resources/sdmxml/schemas/v2_1/common">Business and other management consultancy activities</Name>
        </Code>
        <Code id="7111" urn="urn:sdmx:org.sdmx.infomodel.codelist.Code=ESTAT:CL_NACE_REV2_CODE(1.0).7111">
          <Name xml:lang="en" xmlns="http://www.sdmx.org/resources/sdmxml/schemas/v2_1/common">Architectural activities</Name>
        </Code>
        <Code id="7112" urn="urn:sdmx:org.sdmx.infomodel.codelist.Code=ESTAT:CL_NACE_REV2_CODE(1.0).7112">
          <Name xml:lang="en" xmlns="http://www.sdmx.org/resources/sdmxml/schemas/v2_1/common">Engineering activities and related technical consultancy</Name>
        </Code>
        <Code id="7120" urn="urn:sdmx:org.sdmx.infomodel.codelist.Code=ESTAT:CL_NACE_REV2_CODE(1.0).7120">
          <Name xml:lang="en" xmlns="http://www.sdmx.org/resources/sdmxml/schemas/v2_1/common">Technical testing and analysis</Name>
        </Code>
        <Code id="7211" urn="urn:sdmx:org.sdmx.infomodel.codelist.Code=ESTAT:CL_NACE_REV2_CODE(1.0).7211">
          <Name xml:lang="en" xmlns="http://www.sdmx.org/resources/sdmxml/schemas/v2_1/common">Research and experimental development on biotechnology</Name>
        </Code>
        <Code id="7219" urn="urn:sdmx:org.sdmx.infomodel.codelist.Code=ESTAT:CL_NACE_REV2_CODE(1.0).7219">
          <Name xml:lang="en" xmlns="http://www.sdmx.org/resources/sdmxml/schemas/v2_1/common">Other research and experimental development on natural sciences and engineering</Name>
        </Code>
        <Code id="7220" urn="urn:sdmx:org.sdmx.infomodel.codelist.Code=ESTAT:CL_NACE_REV2_CODE(1.0).7220">
          <Name xml:lang="en" xmlns="http://www.sdmx.org/resources/sdmxml/schemas/v2_1/common">Research and experimental development on social sciences and humanities</Name>
        </Code>
        <Code id="7311" urn="urn:sdmx:org.sdmx.infomodel.codelist.Code=ESTAT:CL_NACE_REV2_CODE(1.0).7311">
          <Name xml:lang="en" xmlns="http://www.sdmx.org/resources/sdmxml/schemas/v2_1/common">Advertising agencies</Name>
        </Code>
        <Code id="7312" urn="urn:sdmx:org.sdmx.infomodel.codelist.Code=ESTAT:CL_NACE_REV2_CODE(1.0).7312">
          <Name xml:lang="en" xmlns="http://www.sdmx.org/resources/sdmxml/schemas/v2_1/common">Media representation</Name>
        </Code>
        <Code id="7320" urn="urn:sdmx:org.sdmx.infomodel.codelist.Code=ESTAT:CL_NACE_REV2_CODE(1.0).7320">
          <Name xml:lang="en" xmlns="http://www.sdmx.org/resources/sdmxml/schemas/v2_1/common">Market research and public opinion polling</Name>
        </Code>
        <Code id="7410" urn="urn:sdmx:org.sdmx.infomodel.codelist.Code=ESTAT:CL_NACE_REV2_CODE(1.0).7410">
          <Name xml:lang="en" xmlns="http://www.sdmx.org/resources/sdmxml/schemas/v2_1/common">Specialised design activities</Name>
        </Code>
        <Code id="7420" urn="urn:sdmx:org.sdmx.infomodel.codelist.Code=ESTAT:CL_NACE_REV2_CODE(1.0).7420">
          <Name xml:lang="en" xmlns="http://www.sdmx.org/resources/sdmxml/schemas/v2_1/common">Photographic activities</Name>
        </Code>
        <Code id="7430" urn="urn:sdmx:org.sdmx.infomodel.codelist.Code=ESTAT:CL_NACE_REV2_CODE(1.0).7430">
          <Name xml:lang="en" xmlns="http://www.sdmx.org/resources/sdmxml/schemas/v2_1/common">Translation and interpretation activities</Name>
        </Code>
        <Code id="7490" urn="urn:sdmx:org.sdmx.infomodel.codelist.Code=ESTAT:CL_NACE_REV2_CODE(1.0).7490">
          <Name xml:lang="en" xmlns="http://www.sdmx.org/resources/sdmxml/schemas/v2_1/common">Other professional, scientific and technical activities n.e.c.</Name>
        </Code>
        <Code id="7500" urn="urn:sdmx:org.sdmx.infomodel.codelist.Code=ESTAT:CL_NACE_REV2_CODE(1.0).7500">
          <Name xml:lang="en" xmlns="http://www.sdmx.org/resources/sdmxml/schemas/v2_1/common">Veterinary activities</Name>
        </Code>
        <Code id="7711" urn="urn:sdmx:org.sdmx.infomodel.codelist.Code=ESTAT:CL_NACE_REV2_CODE(1.0).7711">
          <Name xml:lang="en" xmlns="http://www.sdmx.org/resources/sdmxml/schemas/v2_1/common">Renting and leasing of cars and light motor vehicles</Name>
        </Code>
        <Code id="7712" urn="urn:sdmx:org.sdmx.infomodel.codelist.Code=ESTAT:CL_NACE_REV2_CODE(1.0).7712">
          <Name xml:lang="en" xmlns="http://www.sdmx.org/resources/sdmxml/schemas/v2_1/common">Renting and leasing of trucks</Name>
        </Code>
        <Code id="7721" urn="urn:sdmx:org.sdmx.infomodel.codelist.Code=ESTAT:CL_NACE_REV2_CODE(1.0).7721">
          <Name xml:lang="en" xmlns="http://www.sdmx.org/resources/sdmxml/schemas/v2_1/common">Renting and leasing of recreational and sports goods</Name>
        </Code>
        <Code id="7722" urn="urn:sdmx:org.sdmx.infomodel.codelist.Code=ESTAT:CL_NACE_REV2_CODE(1.0).7722">
          <Name xml:lang="en" xmlns="http://www.sdmx.org/resources/sdmxml/schemas/v2_1/common">Renting of video tapes and disks</Name>
        </Code>
        <Code id="7729" urn="urn:sdmx:org.sdmx.infomodel.codelist.Code=ESTAT:CL_NACE_REV2_CODE(1.0).7729">
          <Name xml:lang="en" xmlns="http://www.sdmx.org/resources/sdmxml/schemas/v2_1/common">Renting and leasing of other personal and household goods</Name>
        </Code>
        <Code id="7731" urn="urn:sdmx:org.sdmx.infomodel.codelist.Code=ESTAT:CL_NACE_REV2_CODE(1.0).7731">
          <Name xml:lang="en" xmlns="http://www.sdmx.org/resources/sdmxml/schemas/v2_1/common">Renting and leasing of agricultural machinery and equipment</Name>
        </Code>
        <Code id="7732" urn="urn:sdmx:org.sdmx.infomodel.codelist.Code=ESTAT:CL_NACE_REV2_CODE(1.0).7732">
          <Name xml:lang="en" xmlns="http://www.sdmx.org/resources/sdmxml/schemas/v2_1/common">Renting and leasing of construction and civil engineering machinery and equipment</Name>
        </Code>
        <Code id="7733" urn="urn:sdmx:org.sdmx.infomodel.codelist.Code=ESTAT:CL_NACE_REV2_CODE(1.0).7733">
          <Name xml:lang="en" xmlns="http://www.sdmx.org/resources/sdmxml/schemas/v2_1/common">Renting and leasing of office machinery and equipment (including computers)</Name>
        </Code>
        <Code id="7734" urn="urn:sdmx:org.sdmx.infomodel.codelist.Code=ESTAT:CL_NACE_REV2_CODE(1.0).7734">
          <Name xml:lang="en" xmlns="http://www.sdmx.org/resources/sdmxml/schemas/v2_1/common">Renting and leasing of water transport equipment</Name>
        </Code>
        <Code id="7735" urn="urn:sdmx:org.sdmx.infomodel.codelist.Code=ESTAT:CL_NACE_REV2_CODE(1.0).7735">
          <Name xml:lang="en" xmlns="http://www.sdmx.org/resources/sdmxml/schemas/v2_1/common">Renting and leasing of air transport equipment</Name>
        </Code>
        <Code id="7739" urn="urn:sdmx:org.sdmx.infomodel.codelist.Code=ESTAT:CL_NACE_REV2_CODE(1.0).7739">
          <Name xml:lang="en" xmlns="http://www.sdmx.org/resources/sdmxml/schemas/v2_1/common">Renting and leasing of other machinery, equipment and tangible goods n.e.c.</Name>
        </Code>
        <Code id="7740" urn="urn:sdmx:org.sdmx.infomodel.codelist.Code=ESTAT:CL_NACE_REV2_CODE(1.0).7740">
          <Name xml:lang="en" xmlns="http://www.sdmx.org/resources/sdmxml/schemas/v2_1/common">Leasing of intellectual property and similar products, except copyrighted works</Name>
        </Code>
        <Code id="7810" urn="urn:sdmx:org.sdmx.infomodel.codelist.Code=ESTAT:CL_NACE_REV2_CODE(1.0).7810">
          <Name xml:lang="en" xmlns="http://www.sdmx.org/resources/sdmxml/schemas/v2_1/common">Activities of employment placement agencies</Name>
        </Code>
        <Code id="7820" urn="urn:sdmx:org.sdmx.infomodel.codelist.Code=ESTAT:CL_NACE_REV2_CODE(1.0).7820">
          <Name xml:lang="en" xmlns="http://www.sdmx.org/resources/sdmxml/schemas/v2_1/common">Temporary employment agency activities</Name>
        </Code>
        <Code id="7830" urn="urn:sdmx:org.sdmx.infomodel.codelist.Code=ESTAT:CL_NACE_REV2_CODE(1.0).7830">
          <Name xml:lang="en" xmlns="http://www.sdmx.org/resources/sdmxml/schemas/v2_1/common">Other human resources provision</Name>
        </Code>
        <Code id="7911" urn="urn:sdmx:org.sdmx.infomodel.codelist.Code=ESTAT:CL_NACE_REV2_CODE(1.0).7911">
          <Name xml:lang="en" xmlns="http://www.sdmx.org/resources/sdmxml/schemas/v2_1/common">Travel agency activities</Name>
        </Code>
        <Code id="7912" urn="urn:sdmx:org.sdmx.infomodel.codelist.Code=ESTAT:CL_NACE_REV2_CODE(1.0).7912">
          <Name xml:lang="en" xmlns="http://www.sdmx.org/resources/sdmxml/schemas/v2_1/common">Tour operator activities</Name>
        </Code>
        <Code id="7990" urn="urn:sdmx:org.sdmx.infomodel.codelist.Code=ESTAT:CL_NACE_REV2_CODE(1.0).7990">
          <Name xml:lang="en" xmlns="http://www.sdmx.org/resources/sdmxml/schemas/v2_1/common">Other reservation service and related activities</Name>
        </Code>
        <Code id="8010" urn="urn:sdmx:org.sdmx.infomodel.codelist.Code=ESTAT:CL_NACE_REV2_CODE(1.0).8010">
          <Name xml:lang="en" xmlns="http://www.sdmx.org/resources/sdmxml/schemas/v2_1/common">Private security activities</Name>
        </Code>
        <Code id="8020" urn="urn:sdmx:org.sdmx.infomodel.codelist.Code=ESTAT:CL_NACE_REV2_CODE(1.0).8020">
          <Name xml:lang="en" xmlns="http://www.sdmx.org/resources/sdmxml/schemas/v2_1/common">Security systems service activities</Name>
        </Code>
        <Code id="8030" urn="urn:sdmx:org.sdmx.infomodel.codelist.Code=ESTAT:CL_NACE_REV2_CODE(1.0).8030">
          <Name xml:lang="en" xmlns="http://www.sdmx.org/resources/sdmxml/schemas/v2_1/common">Investigation activities</Name>
        </Code>
        <Code id="8110" urn="urn:sdmx:org.sdmx.infomodel.codelist.Code=ESTAT:CL_NACE_REV2_CODE(1.0).8110">
          <Name xml:lang="en" xmlns="http://www.sdmx.org/resources/sdmxml/schemas/v2_1/common">Combined facilities support activities</Name>
        </Code>
        <Code id="8121" urn="urn:sdmx:org.sdmx.infomodel.codelist.Code=ESTAT:CL_NACE_REV2_CODE(1.0).8121">
          <Name xml:lang="en" xmlns="http://www.sdmx.org/resources/sdmxml/schemas/v2_1/common">General cleaning of buildings</Name>
        </Code>
        <Code id="8122" urn="urn:sdmx:org.sdmx.infomodel.codelist.Code=ESTAT:CL_NACE_REV2_CODE(1.0).8122">
          <Name xml:lang="en" xmlns="http://www.sdmx.org/resources/sdmxml/schemas/v2_1/common">Other building and industrial cleaning activities</Name>
        </Code>
        <Code id="8129" urn="urn:sdmx:org.sdmx.infomodel.codelist.Code=ESTAT:CL_NACE_REV2_CODE(1.0).8129">
          <Name xml:lang="en" xmlns="http://www.sdmx.org/resources/sdmxml/schemas/v2_1/common">Other cleaning activities</Name>
        </Code>
        <Code id="8130" urn="urn:sdmx:org.sdmx.infomodel.codelist.Code=ESTAT:CL_NACE_REV2_CODE(1.0).8130">
          <Name xml:lang="en" xmlns="http://www.sdmx.org/resources/sdmxml/schemas/v2_1/common">Landscape service activities</Name>
        </Code>
        <Code id="8211" urn="urn:sdmx:org.sdmx.infomodel.codelist.Code=ESTAT:CL_NACE_REV2_CODE(1.0).8211">
          <Name xml:lang="en" xmlns="http://www.sdmx.org/resources/sdmxml/schemas/v2_1/common">Combined office administrative service activities</Name>
        </Code>
        <Code id="8219" urn="urn:sdmx:org.sdmx.infomodel.codelist.Code=ESTAT:CL_NACE_REV2_CODE(1.0).8219">
          <Name xml:lang="en" xmlns="http://www.sdmx.org/resources/sdmxml/schemas/v2_1/common">Photocopying, document preparation and other specialised office support activities</Name>
        </Code>
        <Code id="8220" urn="urn:sdmx:org.sdmx.infomodel.codelist.Code=ESTAT:CL_NACE_REV2_CODE(1.0).8220">
          <Name xml:lang="en" xmlns="http://www.sdmx.org/resources/sdmxml/schemas/v2_1/common">Activities of call centres</Name>
        </Code>
        <Code id="8230" urn="urn:sdmx:org.sdmx.infomodel.codelist.Code=ESTAT:CL_NACE_REV2_CODE(1.0).8230">
          <Name xml:lang="en" xmlns="http://www.sdmx.org/resources/sdmxml/schemas/v2_1/common">Organisation of conventions and trade shows</Name>
        </Code>
        <Code id="8291" urn="urn:sdmx:org.sdmx.infomodel.codelist.Code=ESTAT:CL_NACE_REV2_CODE(1.0).8291">
          <Name xml:lang="en" xmlns="http://www.sdmx.org/resources/sdmxml/schemas/v2_1/common">Activities of collection agencies and credit bureaus</Name>
        </Code>
        <Code id="8292" urn="urn:sdmx:org.sdmx.infomodel.codelist.Code=ESTAT:CL_NACE_REV2_CODE(1.0).8292">
          <Name xml:lang="en" xmlns="http://www.sdmx.org/resources/sdmxml/schemas/v2_1/common">Packaging activities</Name>
        </Code>
        <Code id="8299" urn="urn:sdmx:org.sdmx.infomodel.codelist.Code=ESTAT:CL_NACE_REV2_CODE(1.0).8299">
          <Name xml:lang="en" xmlns="http://www.sdmx.org/resources/sdmxml/schemas/v2_1/common">Other business support service activities n.e.c.</Name>
        </Code>
        <Code id="8411" urn="urn:sdmx:org.sdmx.infomodel.codelist.Code=ESTAT:CL_NACE_REV2_CODE(1.0).8411">
          <Name xml:lang="en" xmlns="http://www.sdmx.org/resources/sdmxml/schemas/v2_1/common">General public administration activities</Name>
        </Code>
        <Code id="8412" urn="urn:sdmx:org.sdmx.infomodel.codelist.Code=ESTAT:CL_NACE_REV2_CODE(1.0).8412">
          <Name xml:lang="en" xmlns="http://www.sdmx.org/resources/sdmxml/schemas/v2_1/common">Regulation of the activities of providing health care, education, cultural services and other social services, excluding social security</Name>
        </Code>
        <Code id="8413" urn="urn:sdmx:org.sdmx.infomodel.codelist.Code=ESTAT:CL_NACE_REV2_CODE(1.0).8413">
          <Name xml:lang="en" xmlns="http://www.sdmx.org/resources/sdmxml/schemas/v2_1/common">Regulation of and contribution to more efficient operation of businesses</Name>
        </Code>
        <Code id="8421" urn="urn:sdmx:org.sdmx.infomodel.codelist.Code=ESTAT:CL_NACE_REV2_CODE(1.0).8421">
          <Name xml:lang="en" xmlns="http://www.sdmx.org/resources/sdmxml/schemas/v2_1/common">Foreign affairs</Name>
        </Code>
        <Code id="8422" urn="urn:sdmx:org.sdmx.infomodel.codelist.Code=ESTAT:CL_NACE_REV2_CODE(1.0).8422">
          <Name xml:lang="en" xmlns="http://www.sdmx.org/resources/sdmxml/schemas/v2_1/common">Defence activities</Name>
        </Code>
        <Code id="8423" urn="urn:sdmx:org.sdmx.infomodel.codelist.Code=ESTAT:CL_NACE_REV2_CODE(1.0).8423">
          <Name xml:lang="en" xmlns="http://www.sdmx.org/resources/sdmxml/schemas/v2_1/common">Justice and judicial activities</Name>
        </Code>
        <Code id="8424" urn="urn:sdmx:org.sdmx.infomodel.codelist.Code=ESTAT:CL_NACE_REV2_CODE(1.0).8424">
          <Name xml:lang="en" xmlns="http://www.sdmx.org/resources/sdmxml/schemas/v2_1/common">Public order and safety activities</Name>
        </Code>
        <Code id="8425" urn="urn:sdmx:org.sdmx.infomodel.codelist.Code=ESTAT:CL_NACE_REV2_CODE(1.0).8425">
          <Name xml:lang="en" xmlns="http://www.sdmx.org/resources/sdmxml/schemas/v2_1/common">Fire service activities</Name>
        </Code>
        <Code id="8430" urn="urn:sdmx:org.sdmx.infomodel.codelist.Code=ESTAT:CL_NACE_REV2_CODE(1.0).8430">
          <Name xml:lang="en" xmlns="http://www.sdmx.org/resources/sdmxml/schemas/v2_1/common">Compulsory social security activities</Name>
        </Code>
        <Code id="8510" urn="urn:sdmx:org.sdmx.infomodel.codelist.Code=ESTAT:CL_NACE_REV2_CODE(1.0).8510">
          <Name xml:lang="en" xmlns="http://www.sdmx.org/resources/sdmxml/schemas/v2_1/common">Pre-primary education</Name>
        </Code>
        <Code id="8520" urn="urn:sdmx:org.sdmx.infomodel.codelist.Code=ESTAT:CL_NACE_REV2_CODE(1.0).8520">
          <Name xml:lang="en" xmlns="http://www.sdmx.org/resources/sdmxml/schemas/v2_1/common">Primary education</Name>
        </Code>
        <Code id="8531" urn="urn:sdmx:org.sdmx.infomodel.codelist.Code=ESTAT:CL_NACE_REV2_CODE(1.0).8531">
          <Name xml:lang="en" xmlns="http://www.sdmx.org/resources/sdmxml/schemas/v2_1/common">General secondary education</Name>
        </Code>
        <Code id="8532" urn="urn:sdmx:org.sdmx.infomodel.codelist.Code=ESTAT:CL_NACE_REV2_CODE(1.0).8532">
          <Name xml:lang="en" xmlns="http://www.sdmx.org/resources/sdmxml/schemas/v2_1/common">Technical and vocational secondary education</Name>
        </Code>
        <Code id="8541" urn="urn:sdmx:org.sdmx.infomodel.codelist.Code=ESTAT:CL_NACE_REV2_CODE(1.0).8541">
          <Name xml:lang="en" xmlns="http://www.sdmx.org/resources/sdmxml/schemas/v2_1/common">Post-secondary non-tertiary education</Name>
        </Code>
        <Code id="8542" urn="urn:sdmx:org.sdmx.infomodel.codelist.Code=ESTAT:CL_NACE_REV2_CODE(1.0).8542">
          <Name xml:lang="en" xmlns="http://www.sdmx.org/resources/sdmxml/schemas/v2_1/common">Tertiary education</Name>
        </Code>
        <Code id="8551" urn="urn:sdmx:org.sdmx.infomodel.codelist.Code=ESTAT:CL_NACE_REV2_CODE(1.0).8551">
          <Name xml:lang="en" xmlns="http://www.sdmx.org/resources/sdmxml/schemas/v2_1/common">Sports and recreation education</Name>
        </Code>
        <Code id="8552" urn="urn:sdmx:org.sdmx.infomodel.codelist.Code=ESTAT:CL_NACE_REV2_CODE(1.0).8552">
          <Name xml:lang="en" xmlns="http://www.sdmx.org/resources/sdmxml/schemas/v2_1/common">Cultural education</Name>
        </Code>
        <Code id="8553" urn="urn:sdmx:org.sdmx.infomodel.codelist.Code=ESTAT:CL_NACE_REV2_CODE(1.0).8553">
          <Name xml:lang="en" xmlns="http://www.sdmx.org/resources/sdmxml/schemas/v2_1/common">Driving school activities</Name>
        </Code>
        <Code id="8559" urn="urn:sdmx:org.sdmx.infomodel.codelist.Code=ESTAT:CL_NACE_REV2_CODE(1.0).8559">
          <Name xml:lang="en" xmlns="http://www.sdmx.org/resources/sdmxml/schemas/v2_1/common">Other education n.e.c.</Name>
        </Code>
        <Code id="8560" urn="urn:sdmx:org.sdmx.infomodel.codelist.Code=ESTAT:CL_NACE_REV2_CODE(1.0).8560">
          <Name xml:lang="en" xmlns="http://www.sdmx.org/resources/sdmxml/schemas/v2_1/common">Educational support activities</Name>
        </Code>
        <Code id="8610" urn="urn:sdmx:org.sdmx.infomodel.codelist.Code=ESTAT:CL_NACE_REV2_CODE(1.0).8610">
          <Name xml:lang="en" xmlns="http://www.sdmx.org/resources/sdmxml/schemas/v2_1/common">Hospital activities</Name>
        </Code>
        <Code id="8621" urn="urn:sdmx:org.sdmx.infomodel.codelist.Code=ESTAT:CL_NACE_REV2_CODE(1.0).8621">
          <Name xml:lang="en" xmlns="http://www.sdmx.org/resources/sdmxml/schemas/v2_1/common">General medical practice activities</Name>
        </Code>
        <Code id="8622" urn="urn:sdmx:org.sdmx.infomodel.codelist.Code=ESTAT:CL_NACE_REV2_CODE(1.0).8622">
          <Name xml:lang="en" xmlns="http://www.sdmx.org/resources/sdmxml/schemas/v2_1/common">Specialist medical practice activities</Name>
        </Code>
        <Code id="8623" urn="urn:sdmx:org.sdmx.infomodel.codelist.Code=ESTAT:CL_NACE_REV2_CODE(1.0).8623">
          <Name xml:lang="en" xmlns="http://www.sdmx.org/resources/sdmxml/schemas/v2_1/common">Dental practice activities</Name>
        </Code>
        <Code id="8690" urn="urn:sdmx:org.sdmx.infomodel.codelist.Code=ESTAT:CL_NACE_REV2_CODE(1.0).8690">
          <Name xml:lang="en" xmlns="http://www.sdmx.org/resources/sdmxml/schemas/v2_1/common">Other human health activities</Name>
        </Code>
        <Code id="8710" urn="urn:sdmx:org.sdmx.infomodel.codelist.Code=ESTAT:CL_NACE_REV2_CODE(1.0).8710">
          <Name xml:lang="en" xmlns="http://www.sdmx.org/resources/sdmxml/schemas/v2_1/common">Residential nursing care activities</Name>
        </Code>
        <Code id="8720" urn="urn:sdmx:org.sdmx.infomodel.codelist.Code=ESTAT:CL_NACE_REV2_CODE(1.0).8720">
          <Name xml:lang="en" xmlns="http://www.sdmx.org/resources/sdmxml/schemas/v2_1/common">Residential care activities for mental retardation, mental health and substance abuse</Name>
        </Code>
        <Code id="8730" urn="urn:sdmx:org.sdmx.infomodel.codelist.Code=ESTAT:CL_NACE_REV2_CODE(1.0).8730">
          <Name xml:lang="en" xmlns="http://www.sdmx.org/resources/sdmxml/schemas/v2_1/common">Residential care activities for the elderly and disabled</Name>
        </Code>
        <Code id="8790" urn="urn:sdmx:org.sdmx.infomodel.codelist.Code=ESTAT:CL_NACE_REV2_CODE(1.0).8790">
          <Name xml:lang="en" xmlns="http://www.sdmx.org/resources/sdmxml/schemas/v2_1/common">Other residential care activities</Name>
        </Code>
        <Code id="8810" urn="urn:sdmx:org.sdmx.infomodel.codelist.Code=ESTAT:CL_NACE_REV2_CODE(1.0).8810">
          <Name xml:lang="en" xmlns="http://www.sdmx.org/resources/sdmxml/schemas/v2_1/common">Social work activities without accommodation for the elderly and disabled</Name>
        </Code>
        <Code id="8891" urn="urn:sdmx:org.sdmx.infomodel.codelist.Code=ESTAT:CL_NACE_REV2_CODE(1.0).8891">
          <Name xml:lang="en" xmlns="http://www.sdmx.org/resources/sdmxml/schemas/v2_1/common">Child day-care activities</Name>
        </Code>
        <Code id="8899" urn="urn:sdmx:org.sdmx.infomodel.codelist.Code=ESTAT:CL_NACE_REV2_CODE(1.0).8899">
          <Name xml:lang="en" xmlns="http://www.sdmx.org/resources/sdmxml/schemas/v2_1/common">Other social work activities without accommodation n.e.c.</Name>
        </Code>
        <Code id="9001" urn="urn:sdmx:org.sdmx.infomodel.codelist.Code=ESTAT:CL_NACE_REV2_CODE(1.0).9001">
          <Name xml:lang="en" xmlns="http://www.sdmx.org/resources/sdmxml/schemas/v2_1/common">Performing arts</Name>
        </Code>
        <Code id="9002" urn="urn:sdmx:org.sdmx.infomodel.codelist.Code=ESTAT:CL_NACE_REV2_CODE(1.0).9002">
          <Name xml:lang="en" xmlns="http://www.sdmx.org/resources/sdmxml/schemas/v2_1/common">Support activities to performing arts</Name>
        </Code>
        <Code id="9003" urn="urn:sdmx:org.sdmx.infomodel.codelist.Code=ESTAT:CL_NACE_REV2_CODE(1.0).9003">
          <Name xml:lang="en" xmlns="http://www.sdmx.org/resources/sdmxml/schemas/v2_1/common">Artistic creation</Name>
        </Code>
        <Code id="9004" urn="urn:sdmx:org.sdmx.infomodel.codelist.Code=ESTAT:CL_NACE_REV2_CODE(1.0).9004">
          <Name xml:lang="en" xmlns="http://www.sdmx.org/resources/sdmxml/schemas/v2_1/common">Operation of arts facilities</Name>
        </Code>
        <Code id="9101" urn="urn:sdmx:org.sdmx.infomodel.codelist.Code=ESTAT:CL_NACE_REV2_CODE(1.0).9101">
          <Name xml:lang="en" xmlns="http://www.sdmx.org/resources/sdmxml/schemas/v2_1/common">Library and archives activities</Name>
        </Code>
        <Code id="9102" urn="urn:sdmx:org.sdmx.infomodel.codelist.Code=ESTAT:CL_NACE_REV2_CODE(1.0).9102">
          <Name xml:lang="en" xmlns="http://www.sdmx.org/resources/sdmxml/schemas/v2_1/common">Museums activities</Name>
        </Code>
        <Code id="9103" urn="urn:sdmx:org.sdmx.infomodel.codelist.Code=ESTAT:CL_NACE_REV2_CODE(1.0).9103">
          <Name xml:lang="en" xmlns="http://www.sdmx.org/resources/sdmxml/schemas/v2_1/common">Operation of historical sites and buildings and similar visitor attractions</Name>
        </Code>
        <Code id="9104" urn="urn:sdmx:org.sdmx.infomodel.codelist.Code=ESTAT:CL_NACE_REV2_CODE(1.0).9104">
          <Name xml:lang="en" xmlns="http://www.sdmx.org/resources/sdmxml/schemas/v2_1/common">Botanical and zoological gardens and nature reserves activities</Name>
        </Code>
        <Code id="9200" urn="urn:sdmx:org.sdmx.infomodel.codelist.Code=ESTAT:CL_NACE_REV2_CODE(1.0).9200">
          <Name xml:lang="en" xmlns="http://www.sdmx.org/resources/sdmxml/schemas/v2_1/common">Gambling and betting activities</Name>
        </Code>
        <Code id="9311" urn="urn:sdmx:org.sdmx.infomodel.codelist.Code=ESTAT:CL_NACE_REV2_CODE(1.0).9311">
          <Name xml:lang="en" xmlns="http://www.sdmx.org/resources/sdmxml/schemas/v2_1/common">Operation of sports facilities</Name>
        </Code>
        <Code id="9312" urn="urn:sdmx:org.sdmx.infomodel.codelist.Code=ESTAT:CL_NACE_REV2_CODE(1.0).9312">
          <Name xml:lang="en" xmlns="http://www.sdmx.org/resources/sdmxml/schemas/v2_1/common">Activities of sport clubs</Name>
        </Code>
        <Code id="9313" urn="urn:sdmx:org.sdmx.infomodel.codelist.Code=ESTAT:CL_NACE_REV2_CODE(1.0).9313">
          <Name xml:lang="en" xmlns="http://www.sdmx.org/resources/sdmxml/schemas/v2_1/common">Fitness facilities</Name>
        </Code>
        <Code id="9319" urn="urn:sdmx:org.sdmx.infomodel.codelist.Code=ESTAT:CL_NACE_REV2_CODE(1.0).9319">
          <Name xml:lang="en" xmlns="http://www.sdmx.org/resources/sdmxml/schemas/v2_1/common">Other sports activities</Name>
        </Code>
        <Code id="9321" urn="urn:sdmx:org.sdmx.infomodel.codelist.Code=ESTAT:CL_NACE_REV2_CODE(1.0).9321">
          <Name xml:lang="en" xmlns="http://www.sdmx.org/resources/sdmxml/schemas/v2_1/common">Activities of amusement parks and theme parks</Name>
        </Code>
        <Code id="9329" urn="urn:sdmx:org.sdmx.infomodel.codelist.Code=ESTAT:CL_NACE_REV2_CODE(1.0).9329">
          <Name xml:lang="en" xmlns="http://www.sdmx.org/resources/sdmxml/schemas/v2_1/common">Other amusement and recreation activities</Name>
        </Code>
        <Code id="9411" urn="urn:sdmx:org.sdmx.infomodel.codelist.Code=ESTAT:CL_NACE_REV2_CODE(1.0).9411">
          <Name xml:lang="en" xmlns="http://www.sdmx.org/resources/sdmxml/schemas/v2_1/common">Activities of business and employers membership organisations</Name>
        </Code>
        <Code id="9412" urn="urn:sdmx:org.sdmx.infomodel.codelist.Code=ESTAT:CL_NACE_REV2_CODE(1.0).9412">
          <Name xml:lang="en" xmlns="http://www.sdmx.org/resources/sdmxml/schemas/v2_1/common">Activities of professional membership organisations</Name>
        </Code>
        <Code id="9420" urn="urn:sdmx:org.sdmx.infomodel.codelist.Code=ESTAT:CL_NACE_REV2_CODE(1.0).9420">
          <Name xml:lang="en" xmlns="http://www.sdmx.org/resources/sdmxml/schemas/v2_1/common">Activities of trade unions</Name>
        </Code>
        <Code id="9491" urn="urn:sdmx:org.sdmx.infomodel.codelist.Code=ESTAT:CL_NACE_REV2_CODE(1.0).9491">
          <Name xml:lang="en" xmlns="http://www.sdmx.org/resources/sdmxml/schemas/v2_1/common">Activities of religious organisations</Name>
        </Code>
        <Code id="9492" urn="urn:sdmx:org.sdmx.infomodel.codelist.Code=ESTAT:CL_NACE_REV2_CODE(1.0).9492">
          <Name xml:lang="en" xmlns="http://www.sdmx.org/resources/sdmxml/schemas/v2_1/common">Activities of political organisations</Name>
        </Code>
        <Code id="9499" urn="urn:sdmx:org.sdmx.infomodel.codelist.Code=ESTAT:CL_NACE_REV2_CODE(1.0).9499">
          <Name xml:lang="en" xmlns="http://www.sdmx.org/resources/sdmxml/schemas/v2_1/common">Activities of other membership organisations n.e.c.</Name>
        </Code>
        <Code id="9511" urn="urn:sdmx:org.sdmx.infomodel.codelist.Code=ESTAT:CL_NACE_REV2_CODE(1.0).9511">
          <Name xml:lang="en" xmlns="http://www.sdmx.org/resources/sdmxml/schemas/v2_1/common">Repair of computers and peripheral equipment</Name>
        </Code>
        <Code id="9512" urn="urn:sdmx:org.sdmx.infomodel.codelist.Code=ESTAT:CL_NACE_REV2_CODE(1.0).9512">
          <Name xml:lang="en" xmlns="http://www.sdmx.org/resources/sdmxml/schemas/v2_1/common">Repair of communication equipment</Name>
        </Code>
        <Code id="9521" urn="urn:sdmx:org.sdmx.infomodel.codelist.Code=ESTAT:CL_NACE_REV2_CODE(1.0).9521">
          <Name xml:lang="en" xmlns="http://www.sdmx.org/resources/sdmxml/schemas/v2_1/common">Repair of consumer electronics</Name>
        </Code>
        <Code id="9522" urn="urn:sdmx:org.sdmx.infomodel.codelist.Code=ESTAT:CL_NACE_REV2_CODE(1.0).9522">
          <Name xml:lang="en" xmlns="http://www.sdmx.org/resources/sdmxml/schemas/v2_1/common">Repair of household appliances and home and garden equipment</Name>
        </Code>
        <Code id="9523" urn="urn:sdmx:org.sdmx.infomodel.codelist.Code=ESTAT:CL_NACE_REV2_CODE(1.0).9523">
          <Name xml:lang="en" xmlns="http://www.sdmx.org/resources/sdmxml/schemas/v2_1/common">Repair of footwear and leather goods</Name>
        </Code>
        <Code id="9524" urn="urn:sdmx:org.sdmx.infomodel.codelist.Code=ESTAT:CL_NACE_REV2_CODE(1.0).9524">
          <Name xml:lang="en" xmlns="http://www.sdmx.org/resources/sdmxml/schemas/v2_1/common">Repair of furniture and home furnishings</Name>
        </Code>
        <Code id="9525" urn="urn:sdmx:org.sdmx.infomodel.codelist.Code=ESTAT:CL_NACE_REV2_CODE(1.0).9525">
          <Name xml:lang="en" xmlns="http://www.sdmx.org/resources/sdmxml/schemas/v2_1/common">Repair of watches, clocks and jewellery</Name>
        </Code>
        <Code id="9529" urn="urn:sdmx:org.sdmx.infomodel.codelist.Code=ESTAT:CL_NACE_REV2_CODE(1.0).9529">
          <Name xml:lang="en" xmlns="http://www.sdmx.org/resources/sdmxml/schemas/v2_1/common">Repair of other personal and household goods</Name>
        </Code>
        <Code id="9601" urn="urn:sdmx:org.sdmx.infomodel.codelist.Code=ESTAT:CL_NACE_REV2_CODE(1.0).9601">
          <Name xml:lang="en" xmlns="http://www.sdmx.org/resources/sdmxml/schemas/v2_1/common">Washing and (dry-)cleaning of textile and fur products</Name>
        </Code>
        <Code id="9602" urn="urn:sdmx:org.sdmx.infomodel.codelist.Code=ESTAT:CL_NACE_REV2_CODE(1.0).9602">
          <Name xml:lang="en" xmlns="http://www.sdmx.org/resources/sdmxml/schemas/v2_1/common">Hairdressing and other beauty treatment</Name>
        </Code>
        <Code id="9603" urn="urn:sdmx:org.sdmx.infomodel.codelist.Code=ESTAT:CL_NACE_REV2_CODE(1.0).9603">
          <Name xml:lang="en" xmlns="http://www.sdmx.org/resources/sdmxml/schemas/v2_1/common">Funeral and related activities</Name>
        </Code>
        <Code id="9604" urn="urn:sdmx:org.sdmx.infomodel.codelist.Code=ESTAT:CL_NACE_REV2_CODE(1.0).9604">
          <Name xml:lang="en" xmlns="http://www.sdmx.org/resources/sdmxml/schemas/v2_1/common">Physical well-being activities</Name>
        </Code>
        <Code id="9609" urn="urn:sdmx:org.sdmx.infomodel.codelist.Code=ESTAT:CL_NACE_REV2_CODE(1.0).9609">
          <Name xml:lang="en" xmlns="http://www.sdmx.org/resources/sdmxml/schemas/v2_1/common">Other personal service activities n.e.c.</Name>
        </Code>
        <Code id="9700" urn="urn:sdmx:org.sdmx.infomodel.codelist.Code=ESTAT:CL_NACE_REV2_CODE(1.0).9700">
          <Name xml:lang="en" xmlns="http://www.sdmx.org/resources/sdmxml/schemas/v2_1/common">Activities of households as employers of domestic personnel</Name>
        </Code>
        <Code id="9810" urn="urn:sdmx:org.sdmx.infomodel.codelist.Code=ESTAT:CL_NACE_REV2_CODE(1.0).9810">
          <Name xml:lang="en" xmlns="http://www.sdmx.org/resources/sdmxml/schemas/v2_1/common">Undifferentiated goods-producing activities of private households for own use</Name>
        </Code>
        <Code id="9820" urn="urn:sdmx:org.sdmx.infomodel.codelist.Code=ESTAT:CL_NACE_REV2_CODE(1.0).9820">
          <Name xml:lang="en" xmlns="http://www.sdmx.org/resources/sdmxml/schemas/v2_1/common">Undifferentiated service-producing activities of private households for own use</Name>
        </Code>
        <Code id="9900" urn="urn:sdmx:org.sdmx.infomodel.codelist.Code=ESTAT:CL_NACE_REV2_CODE(1.0).9900">
          <Name xml:lang="en" xmlns="http://www.sdmx.org/resources/sdmxml/schemas/v2_1/common">Activities of extraterritorial organisations and bodies</Name>
        </Code>
      </Codelist>
      <Codelist id="CL_NIS_CODE_EGR" urn="urn:sdmx:org.sdmx.infomodel.codelist.Codelist=ESTAT:CL_NIS_CODE_EGR(1.3)" agencyID="ESTAT" version="1.3" isFinal="true">
        <Name xml:lang="en" xmlns="http://www.sdmx.org/resources/sdmxml/schemas/v2_1/common">List of NIS codes</Name>
        <Code id="31003" urn="urn:sdmx:org.sdmx.infomodel.codelist.Code=ESTAT:CL_NIS_CODE_EGR(1.3).31003">
          <Name xml:lang="en" xmlns="http://www.sdmx.org/resources/sdmxml/schemas/v2_1/common">AFGHANISTAN CHAMBER OF COMMERCE NUMBER</Name>
        </Code>
        <Code id="23003" urn="urn:sdmx:org.sdmx.infomodel.codelist.Code=ESTAT:CL_NIS_CODE_EGR(1.3).23003">
          <Name xml:lang="en" xmlns="http://www.sdmx.org/resources/sdmxml/schemas/v2_1/common">AFGHANISTAN COMPANY ID NUMBER</Name>
        </Code>
        <Code id="29003" urn="urn:sdmx:org.sdmx.infomodel.codelist.Code=ESTAT:CL_NIS_CODE_EGR(1.3).29003">
          <Name xml:lang="en" xmlns="http://www.sdmx.org/resources/sdmxml/schemas/v2_1/common">AFGHANISTAN DnB COMPANY NUMBER</Name>
        </Code>
        <Code id="27003" urn="urn:sdmx:org.sdmx.infomodel.codelist.Code=ESTAT:CL_NIS_CODE_EGR(1.3).27003">
          <Name xml:lang="en" xmlns="http://www.sdmx.org/resources/sdmxml/schemas/v2_1/common">AFGHANISTAN IP IDENTIFICATION NUMBER</Name>
        </Code>
        <Code id="32003" urn="urn:sdmx:org.sdmx.infomodel.codelist.Code=ESTAT:CL_NIS_CODE_EGR(1.3).32003">
          <Name xml:lang="en" xmlns="http://www.sdmx.org/resources/sdmxml/schemas/v2_1/common">AFGHANISTAN OTHER ID NUMBER</Name>
        </Code>
        <Code id="25003" urn="urn:sdmx:org.sdmx.infomodel.codelist.Code=ESTAT:CL_NIS_CODE_EGR(1.3).25003">
          <Name xml:lang="en" xmlns="http://www.sdmx.org/resources/sdmxml/schemas/v2_1/common">AFGHANISTAN STATISTICAL NUMBER</Name>
        </Code>
        <Code id="21003" urn="urn:sdmx:org.sdmx.infomodel.codelist.Code=ESTAT:CL_NIS_CODE_EGR(1.3).21003">
          <Name xml:lang="en" xmlns="http://www.sdmx.org/resources/sdmxml/schemas/v2_1/common">AFGHANISTAN TRADE REGISTER NUMBER</Name>
        </Code>
        <Code id="22003" urn="urn:sdmx:org.sdmx.infomodel.codelist.Code=ESTAT:CL_NIS_CODE_EGR(1.3).22003">
          <Name xml:lang="en" xmlns="http://www.sdmx.org/resources/sdmxml/schemas/v2_1/common">AFGHANISTAN VAT NUMBER</Name>
        </Code>
        <Code id="28003" urn="urn:sdmx:org.sdmx.infomodel.codelist.Code=ESTAT:CL_NIS_CODE_EGR(1.3).28003">
          <Name xml:lang="en" xmlns="http://www.sdmx.org/resources/sdmxml/schemas/v2_1/common">AFGHANISTAN WVB COMPANY NUMBER</Name>
        </Code>
        <Code id="31016" urn="urn:sdmx:org.sdmx.infomodel.codelist.Code=ESTAT:CL_NIS_CODE_EGR(1.3).31016">
          <Name xml:lang="en" xmlns="http://www.sdmx.org/resources/sdmxml/schemas/v2_1/common">ALAND ISLANDS CHAMBER OF COMMERCE NUMBER</Name>
        </Code>
        <Code id="23016" urn="urn:sdmx:org.sdmx.infomodel.codelist.Code=ESTAT:CL_NIS_CODE_EGR(1.3).23016">
          <Name xml:lang="en" xmlns="http://www.sdmx.org/resources/sdmxml/schemas/v2_1/common">ALAND ISLANDS COMPANY ID NUMBER</Name>
        </Code>
        <Code id="29016" urn="urn:sdmx:org.sdmx.infomodel.codelist.Code=ESTAT:CL_NIS_CODE_EGR(1.3).29016">
          <Name xml:lang="en" xmlns="http://www.sdmx.org/resources/sdmxml/schemas/v2_1/common">ALAND ISLANDS DnB COMPANY NUMBER</Name>
        </Code>
        <Code id="27016" urn="urn:sdmx:org.sdmx.infomodel.codelist.Code=ESTAT:CL_NIS_CODE_EGR(1.3).27016">
          <Name xml:lang="en" xmlns="http://www.sdmx.org/resources/sdmxml/schemas/v2_1/common">ALAND ISLANDS IP IDENTIFICATION NUMBER</Name>
        </Code>
        <Code id="32016" urn="urn:sdmx:org.sdmx.infomodel.codelist.Code=ESTAT:CL_NIS_CODE_EGR(1.3).32016">
          <Name xml:lang="en" xmlns="http://www.sdmx.org/resources/sdmxml/schemas/v2_1/common">ALAND ISLANDS OTHER ID NUMBER</Name>
        </Code>
        <Code id="25016" urn="urn:sdmx:org.sdmx.infomodel.codelist.Code=ESTAT:CL_NIS_CODE_EGR(1.3).25016">
          <Name xml:lang="en" xmlns="http://www.sdmx.org/resources/sdmxml/schemas/v2_1/common">ALAND ISLANDS STATISTICAL NUMBER</Name>
        </Code>
        <Code id="21016" urn="urn:sdmx:org.sdmx.infomodel.codelist.Code=ESTAT:CL_NIS_CODE_EGR(1.3).21016">
          <Name xml:lang="en" xmlns="http://www.sdmx.org/resources/sdmxml/schemas/v2_1/common">ALAND ISLANDS TRADE REGISTER NUMBER</Name>
        </Code>
        <Code id="22016" urn="urn:sdmx:org.sdmx.infomodel.codelist.Code=ESTAT:CL_NIS_CODE_EGR(1.3).22016">
          <Name xml:lang="en" xmlns="http://www.sdmx.org/resources/sdmxml/schemas/v2_1/common">ALAND ISLANDS VAT NUMBER</Name>
        </Code>
        <Code id="28016" urn="urn:sdmx:org.sdmx.infomodel.codelist.Code=ESTAT:CL_NIS_CODE_EGR(1.3).28016">
          <Name xml:lang="en" xmlns="http://www.sdmx.org/resources/sdmxml/schemas/v2_1/common">ALAND ISLANDS WVB COMPANY NUMBER</Name>
        </Code>
        <Code id="31006" urn="urn:sdmx:org.sdmx.infomodel.codelist.Code=ESTAT:CL_NIS_CODE_EGR(1.3).31006">
          <Name xml:lang="en" xmlns="http://www.sdmx.org/resources/sdmxml/schemas/v2_1/common">ALBANIA CHAMBER OF COMMERCE NUMBER</Name>
        </Code>
        <Code id="23006" urn="urn:sdmx:org.sdmx.infomodel.codelist.Code=ESTAT:CL_NIS_CODE_EGR(1.3).23006">
          <Name xml:lang="en" xmlns="http://www.sdmx.org/resources/sdmxml/schemas/v2_1/common">ALBANIA COMPANY ID NUMBER</Name>
        </Code>
        <Code id="29006" urn="urn:sdmx:org.sdmx.infomodel.codelist.Code=ESTAT:CL_NIS_CODE_EGR(1.3).29006">
          <Name xml:lang="en" xmlns="http://www.sdmx.org/resources/sdmxml/schemas/v2_1/common">ALBANIA DnB COMPANY NUMBER</Name>
        </Code>
        <Code id="27006" urn="urn:sdmx:org.sdmx.infomodel.codelist.Code=ESTAT:CL_NIS_CODE_EGR(1.3).27006">
          <Name xml:lang="en" xmlns="http://www.sdmx.org/resources/sdmxml/schemas/v2_1/common">ALBANIA IP IDENTIFICATION NUMBER</Name>
        </Code>
        <Code id="32006" urn="urn:sdmx:org.sdmx.infomodel.codelist.Code=ESTAT:CL_NIS_CODE_EGR(1.3).32006">
          <Name xml:lang="en" xmlns="http://www.sdmx.org/resources/sdmxml/schemas/v2_1/common">ALBANIA OTHER ID NUMBER</Name>
        </Code>
        <Code id="25006" urn="urn:sdmx:org.sdmx.infomodel.codelist.Code=ESTAT:CL_NIS_CODE_EGR(1.3).25006">
          <Name xml:lang="en" xmlns="http://www.sdmx.org/resources/sdmxml/schemas/v2_1/common">ALBANIA STATISTICAL NUMBER</Name>
        </Code>
        <Code id="21006" urn="urn:sdmx:org.sdmx.infomodel.codelist.Code=ESTAT:CL_NIS_CODE_EGR(1.3).21006">
          <Name xml:lang="en" xmlns="http://www.sdmx.org/resources/sdmxml/schemas/v2_1/common">ALBANIA TRADE REGISTER NUMBER</Name>
        </Code>
        <Code id="22006" urn="urn:sdmx:org.sdmx.infomodel.codelist.Code=ESTAT:CL_NIS_CODE_EGR(1.3).22006">
          <Name xml:lang="en" xmlns="http://www.sdmx.org/resources/sdmxml/schemas/v2_1/common">ALBANIA VAT NUMBER</Name>
        </Code>
        <Code id="28006" urn="urn:sdmx:org.sdmx.infomodel.codelist.Code=ESTAT:CL_NIS_CODE_EGR(1.3).28006">
          <Name xml:lang="en" xmlns="http://www.sdmx.org/resources/sdmxml/schemas/v2_1/common">ALBANIA WVB COMPANY NUMBER</Name>
        </Code>
        <Code id="31061" urn="urn:sdmx:org.sdmx.infomodel.codelist.Code=ESTAT:CL_NIS_CODE_EGR(1.3).31061">
          <Name xml:lang="en" xmlns="http://www.sdmx.org/resources/sdmxml/schemas/v2_1/common">ALGERIA CHAMBER OF COMMERCE NUMBER</Name>
        </Code>
        <Code id="23061" urn="urn:sdmx:org.sdmx.infomodel.codelist.Code=ESTAT:CL_NIS_CODE_EGR(1.3).23061">
          <Name xml:lang="en" xmlns="http://www.sdmx.org/resources/sdmxml/schemas/v2_1/common">ALGERIA COMPANY ID NUMBER</Name>
        </Code>
        <Code id="29061" urn="urn:sdmx:org.sdmx.infomodel.codelist.Code=ESTAT:CL_NIS_CODE_EGR(1.3).29061">
          <Name xml:lang="en" xmlns="http://www.sdmx.org/resources/sdmxml/schemas/v2_1/common">ALGERIA DnB COMPANY NUMBER</Name>
        </Code>
        <Code id="27061" urn="urn:sdmx:org.sdmx.infomodel.codelist.Code=ESTAT:CL_NIS_CODE_EGR(1.3).27061">
          <Name xml:lang="en" xmlns="http://www.sdmx.org/resources/sdmxml/schemas/v2_1/common">ALGERIA IP IDENTIFICATION NUMBER</Name>
        </Code>
        <Code id="32061" urn="urn:sdmx:org.sdmx.infomodel.codelist.Code=ESTAT:CL_NIS_CODE_EGR(1.3).32061">
          <Name xml:lang="en" xmlns="http://www.sdmx.org/resources/sdmxml/schemas/v2_1/common">ALGERIA OTHER ID NUMBER</Name>
        </Code>
        <Code id="25061" urn="urn:sdmx:org.sdmx.infomodel.codelist.Code=ESTAT:CL_NIS_CODE_EGR(1.3).25061">
          <Name xml:lang="en" xmlns="http://www.sdmx.org/resources/sdmxml/schemas/v2_1/common">ALGERIA STATISTICAL NUMBER</Name>
        </Code>
        <Code id="21061" urn="urn:sdmx:org.sdmx.infomodel.codelist.Code=ESTAT:CL_NIS_CODE_EGR(1.3).21061">
          <Name xml:lang="en" xmlns="http://www.sdmx.org/resources/sdmxml/schemas/v2_1/common">ALGERIA TRADE REGISTER NUMBER</Name>
        </Code>
        <Code id="22061" urn="urn:sdmx:org.sdmx.infomodel.codelist.Code=ESTAT:CL_NIS_CODE_EGR(1.3).22061">
          <Name xml:lang="en" xmlns="http://www.sdmx.org/resources/sdmxml/schemas/v2_1/common">ALGERIA VAT NUMBER</Name>
        </Code>
        <Code id="28061" urn="urn:sdmx:org.sdmx.infomodel.codelist.Code=ESTAT:CL_NIS_CODE_EGR(1.3).28061">
          <Name xml:lang="en" xmlns="http://www.sdmx.org/resources/sdmxml/schemas/v2_1/common">ALGERIA WVB COMPANY NUMBER</Name>
        </Code>
        <Code id="31012" urn="urn:sdmx:org.sdmx.infomodel.codelist.Code=ESTAT:CL_NIS_CODE_EGR(1.3).31012">
          <Name xml:lang="en" xmlns="http://www.sdmx.org/resources/sdmxml/schemas/v2_1/common">AMERICAN SAMOA CHAMBER OF COMMERCE NUMBER</Name>
        </Code>
        <Code id="23012" urn="urn:sdmx:org.sdmx.infomodel.codelist.Code=ESTAT:CL_NIS_CODE_EGR(1.3).23012">
          <Name xml:lang="en" xmlns="http://www.sdmx.org/resources/sdmxml/schemas/v2_1/common">AMERICAN SAMOA COMPANY ID NUMBER</Name>
        </Code>
        <Code id="29012" urn="urn:sdmx:org.sdmx.infomodel.codelist.Code=ESTAT:CL_NIS_CODE_EGR(1.3).29012">
          <Name xml:lang="en" xmlns="http://www.sdmx.org/resources/sdmxml/schemas/v2_1/common">AMERICAN SAMOA DnB COMPANY NUMBER</Name>
        </Code>
        <Code id="27012" urn="urn:sdmx:org.sdmx.infomodel.codelist.Code=ESTAT:CL_NIS_CODE_EGR(1.3).27012">
          <Name xml:lang="en" xmlns="http://www.sdmx.org/resources/sdmxml/schemas/v2_1/common">AMERICAN SAMOA IP IDENTIFICATION NUMBER</Name>
        </Code>
        <Code id="32012" urn="urn:sdmx:org.sdmx.infomodel.codelist.Code=ESTAT:CL_NIS_CODE_EGR(1.3).32012">
          <Name xml:lang="en" xmlns="http://www.sdmx.org/resources/sdmxml/schemas/v2_1/common">AMERICAN SAMOA OTHER ID NUMBER</Name>
        </Code>
        <Code id="25012" urn="urn:sdmx:org.sdmx.infomodel.codelist.Code=ESTAT:CL_NIS_CODE_EGR(1.3).25012">
          <Name xml:lang="en" xmlns="http://www.sdmx.org/resources/sdmxml/schemas/v2_1/common">AMERICAN SAMOA STATISTICAL NUMBER</Name>
        </Code>
        <Code id="21012" urn="urn:sdmx:org.sdmx.infomodel.codelist.Code=ESTAT:CL_NIS_CODE_EGR(1.3).21012">
          <Name xml:lang="en" xmlns="http://www.sdmx.org/resources/sdmxml/schemas/v2_1/common">AMERICAN SAMOA TRADE REGISTER NUMBER</Name>
        </Code>
        <Code id="22012" urn="urn:sdmx:org.sdmx.infomodel.codelist.Code=ESTAT:CL_NIS_CODE_EGR(1.3).22012">
          <Name xml:lang="en" xmlns="http://www.sdmx.org/resources/sdmxml/schemas/v2_1/common">AMERICAN SAMOA VAT NUMBER</Name>
        </Code>
        <Code id="28012" urn="urn:sdmx:org.sdmx.infomodel.codelist.Code=ESTAT:CL_NIS_CODE_EGR(1.3).28012">
          <Name xml:lang="en" xmlns="http://www.sdmx.org/resources/sdmxml/schemas/v2_1/common">AMERICAN SAMOA WVB COMPANY NUMBER</Name>
        </Code>
        <Code id="31001" urn="urn:sdmx:org.sdmx.infomodel.codelist.Code=ESTAT:CL_NIS_CODE_EGR(1.3).31001">
          <Name xml:lang="en" xmlns="http://www.sdmx.org/resources/sdmxml/schemas/v2_1/common">ANDORRA CHAMBER OF COMMERCE NUMBER</Name>
        </Code>
        <Code id="23001" urn="urn:sdmx:org.sdmx.infomodel.codelist.Code=ESTAT:CL_NIS_CODE_EGR(1.3).23001">
          <Name xml:lang="en" xmlns="http://www.sdmx.org/resources/sdmxml/schemas/v2_1/common">ANDORRA COMPANY ID NUMBER</Name>
        </Code>
        <Code id="29001" urn="urn:sdmx:org.sdmx.infomodel.codelist.Code=ESTAT:CL_NIS_CODE_EGR(1.3).29001">
          <Name xml:lang="en" xmlns="http://www.sdmx.org/resources/sdmxml/schemas/v2_1/common">ANDORRA DnB COMPANY NUMBER</Name>
        </Code>
        <Code id="27001" urn="urn:sdmx:org.sdmx.infomodel.codelist.Code=ESTAT:CL_NIS_CODE_EGR(1.3).27001">
          <Name xml:lang="en" xmlns="http://www.sdmx.org/resources/sdmxml/schemas/v2_1/common">ANDORRA IP IDENTIFICATION NUMBER</Name>
        </Code>
        <Code id="32001" urn="urn:sdmx:org.sdmx.infomodel.codelist.Code=ESTAT:CL_NIS_CODE_EGR(1.3).32001">
          <Name xml:lang="en" xmlns="http://www.sdmx.org/resources/sdmxml/schemas/v2_1/common">ANDORRA OTHER ID NUMBER</Name>
        </Code>
        <Code id="25001" urn="urn:sdmx:org.sdmx.infomodel.codelist.Code=ESTAT:CL_NIS_CODE_EGR(1.3).25001">
          <Name xml:lang="en" xmlns="http://www.sdmx.org/resources/sdmxml/schemas/v2_1/common">ANDORRA STATISTICAL NUMBER</Name>
        </Code>
        <Code id="21001" urn="urn:sdmx:org.sdmx.infomodel.codelist.Code=ESTAT:CL_NIS_CODE_EGR(1.3).21001">
          <Name xml:lang="en" xmlns="http://www.sdmx.org/resources/sdmxml/schemas/v2_1/common">ANDORRA TRADE REGISTER NUMBER</Name>
        </Code>
        <Code id="22001" urn="urn:sdmx:org.sdmx.infomodel.codelist.Code=ESTAT:CL_NIS_CODE_EGR(1.3).22001">
          <Name xml:lang="en" xmlns="http://www.sdmx.org/resources/sdmxml/schemas/v2_1/common">ANDORRA VAT NUMBER</Name>
        </Code>
        <Code id="28001" urn="urn:sdmx:org.sdmx.infomodel.codelist.Code=ESTAT:CL_NIS_CODE_EGR(1.3).28001">
          <Name xml:lang="en" xmlns="http://www.sdmx.org/resources/sdmxml/schemas/v2_1/common">ANDORRA WVB COMPANY NUMBER</Name>
        </Code>
        <Code id="31009" urn="urn:sdmx:org.sdmx.infomodel.codelist.Code=ESTAT:CL_NIS_CODE_EGR(1.3).31009">
          <Name xml:lang="en" xmlns="http://www.sdmx.org/resources/sdmxml/schemas/v2_1/common">ANGOLA CHAMBER OF COMMERCE NUMBER</Name>
        </Code>
        <Code id="23009" urn="urn:sdmx:org.sdmx.infomodel.codelist.Code=ESTAT:CL_NIS_CODE_EGR(1.3).23009">
          <Name xml:lang="en" xmlns="http://www.sdmx.org/resources/sdmxml/schemas/v2_1/common">ANGOLA COMPANY ID NUMBER</Name>
        </Code>
        <Code id="29009" urn="urn:sdmx:org.sdmx.infomodel.codelist.Code=ESTAT:CL_NIS_CODE_EGR(1.3).29009">
          <Name xml:lang="en" xmlns="http://www.sdmx.org/resources/sdmxml/schemas/v2_1/common">ANGOLA DnB COMPANY NUMBER</Name>
        </Code>
        <Code id="27009" urn="urn:sdmx:org.sdmx.infomodel.codelist.Code=ESTAT:CL_NIS_CODE_EGR(1.3).27009">
          <Name xml:lang="en" xmlns="http://www.sdmx.org/resources/sdmxml/schemas/v2_1/common">ANGOLA IP IDENTIFICATION NUMBER</Name>
        </Code>
        <Code id="32009" urn="urn:sdmx:org.sdmx.infomodel.codelist.Code=ESTAT:CL_NIS_CODE_EGR(1.3).32009">
          <Name xml:lang="en" xmlns="http://www.sdmx.org/resources/sdmxml/schemas/v2_1/common">ANGOLA OTHER ID NUMBER</Name>
        </Code>
        <Code id="25009" urn="urn:sdmx:org.sdmx.infomodel.codelist.Code=ESTAT:CL_NIS_CODE_EGR(1.3).25009">
          <Name xml:lang="en" xmlns="http://www.sdmx.org/resources/sdmxml/schemas/v2_1/common">ANGOLA STATISTICAL NUMBER</Name>
        </Code>
        <Code id="21009" urn="urn:sdmx:org.sdmx.infomodel.codelist.Code=ESTAT:CL_NIS_CODE_EGR(1.3).21009">
          <Name xml:lang="en" xmlns="http://www.sdmx.org/resources/sdmxml/schemas/v2_1/common">ANGOLA TRADE REGISTER NUMBER</Name>
        </Code>
        <Code id="22009" urn="urn:sdmx:org.sdmx.infomodel.codelist.Code=ESTAT:CL_NIS_CODE_EGR(1.3).22009">
          <Name xml:lang="en" xmlns="http://www.sdmx.org/resources/sdmxml/schemas/v2_1/common">ANGOLA VAT NUMBER</Name>
        </Code>
        <Code id="28009" urn="urn:sdmx:org.sdmx.infomodel.codelist.Code=ESTAT:CL_NIS_CODE_EGR(1.3).28009">
          <Name xml:lang="en" xmlns="http://www.sdmx.org/resources/sdmxml/schemas/v2_1/common">ANGOLA WVB COMPANY NUMBER</Name>
        </Code>
        <Code id="31005" urn="urn:sdmx:org.sdmx.infomodel.codelist.Code=ESTAT:CL_NIS_CODE_EGR(1.3).31005">
          <Name xml:lang="en" xmlns="http://www.sdmx.org/resources/sdmxml/schemas/v2_1/common">ANGUILLA CHAMBER OF COMMERCE NUMBER</Name>
        </Code>
        <Code id="23005" urn="urn:sdmx:org.sdmx.infomodel.codelist.Code=ESTAT:CL_NIS_CODE_EGR(1.3).23005">
          <Name xml:lang="en" xmlns="http://www.sdmx.org/resources/sdmxml/schemas/v2_1/common">ANGUILLA COMPANY ID NUMBER</Name>
        </Code>
        <Code id="29005" urn="urn:sdmx:org.sdmx.infomodel.codelist.Code=ESTAT:CL_NIS_CODE_EGR(1.3).29005">
          <Name xml:lang="en" xmlns="http://www.sdmx.org/resources/sdmxml/schemas/v2_1/common">ANGUILLA DnB COMPANY NUMBER</Name>
        </Code>
        <Code id="27005" urn="urn:sdmx:org.sdmx.infomodel.codelist.Code=ESTAT:CL_NIS_CODE_EGR(1.3).27005">
          <Name xml:lang="en" xmlns="http://www.sdmx.org/resources/sdmxml/schemas/v2_1/common">ANGUILLA IP IDENTIFICATION NUMBER</Name>
        </Code>
        <Code id="32005" urn="urn:sdmx:org.sdmx.infomodel.codelist.Code=ESTAT:CL_NIS_CODE_EGR(1.3).32005">
          <Name xml:lang="en" xmlns="http://www.sdmx.org/resources/sdmxml/schemas/v2_1/common">ANGUILLA OTHER ID NUMBER</Name>
        </Code>
        <Code id="25005" urn="urn:sdmx:org.sdmx.infomodel.codelist.Code=ESTAT:CL_NIS_CODE_EGR(1.3).25005">
          <Name xml:lang="en" xmlns="http://www.sdmx.org/resources/sdmxml/schemas/v2_1/common">ANGUILLA STATISTICAL NUMBER</Name>
        </Code>
        <Code id="21005" urn="urn:sdmx:org.sdmx.infomodel.codelist.Code=ESTAT:CL_NIS_CODE_EGR(1.3).21005">
          <Name xml:lang="en" xmlns="http://www.sdmx.org/resources/sdmxml/schemas/v2_1/common">ANGUILLA TRADE REGISTER NUMBER</Name>
        </Code>
        <Code id="22005" urn="urn:sdmx:org.sdmx.infomodel.codelist.Code=ESTAT:CL_NIS_CODE_EGR(1.3).22005">
          <Name xml:lang="en" xmlns="http://www.sdmx.org/resources/sdmxml/schemas/v2_1/common">ANGUILLA VAT NUMBER</Name>
        </Code>
        <Code id="28005" urn="urn:sdmx:org.sdmx.infomodel.codelist.Code=ESTAT:CL_NIS_CODE_EGR(1.3).28005">
          <Name xml:lang="en" xmlns="http://www.sdmx.org/resources/sdmxml/schemas/v2_1/common">ANGUILLA WVB COMPANY NUMBER</Name>
        </Code>
        <Code id="31010" urn="urn:sdmx:org.sdmx.infomodel.codelist.Code=ESTAT:CL_NIS_CODE_EGR(1.3).31010">
          <Name xml:lang="en" xmlns="http://www.sdmx.org/resources/sdmxml/schemas/v2_1/common">ANTARCTICA CHAMBER OF COMMERCE NUMBER</Name>
        </Code>
        <Code id="23010" urn="urn:sdmx:org.sdmx.infomodel.codelist.Code=ESTAT:CL_NIS_CODE_EGR(1.3).23010">
          <Name xml:lang="en" xmlns="http://www.sdmx.org/resources/sdmxml/schemas/v2_1/common">ANTARCTICA COMPANY ID NUMBER</Name>
        </Code>
        <Code id="29010" urn="urn:sdmx:org.sdmx.infomodel.codelist.Code=ESTAT:CL_NIS_CODE_EGR(1.3).29010">
          <Name xml:lang="en" xmlns="http://www.sdmx.org/resources/sdmxml/schemas/v2_1/common">ANTARCTICA DnB COMPANY NUMBER</Name>
        </Code>
        <Code id="27010" urn="urn:sdmx:org.sdmx.infomodel.codelist.Code=ESTAT:CL_NIS_CODE_EGR(1.3).27010">
          <Name xml:lang="en" xmlns="http://www.sdmx.org/resources/sdmxml/schemas/v2_1/common">ANTARCTICA IP IDENTIFICATION NUMBER</Name>
        </Code>
        <Code id="32010" urn="urn:sdmx:org.sdmx.infomodel.codelist.Code=ESTAT:CL_NIS_CODE_EGR(1.3).32010">
          <Name xml:lang="en" xmlns="http://www.sdmx.org/resources/sdmxml/schemas/v2_1/common">ANTARCTICA OTHER ID NUMBER</Name>
        </Code>
        <Code id="25010" urn="urn:sdmx:org.sdmx.infomodel.codelist.Code=ESTAT:CL_NIS_CODE_EGR(1.3).25010">
          <Name xml:lang="en" xmlns="http://www.sdmx.org/resources/sdmxml/schemas/v2_1/common">ANTARCTICA STATISTICAL NUMBER</Name>
        </Code>
        <Code id="21010" urn="urn:sdmx:org.sdmx.infomodel.codelist.Code=ESTAT:CL_NIS_CODE_EGR(1.3).21010">
          <Name xml:lang="en" xmlns="http://www.sdmx.org/resources/sdmxml/schemas/v2_1/common">ANTARCTICA TRADE REGISTER NUMBER</Name>
        </Code>
        <Code id="22010" urn="urn:sdmx:org.sdmx.infomodel.codelist.Code=ESTAT:CL_NIS_CODE_EGR(1.3).22010">
          <Name xml:lang="en" xmlns="http://www.sdmx.org/resources/sdmxml/schemas/v2_1/common">ANTARCTICA VAT NUMBER</Name>
        </Code>
        <Code id="28010" urn="urn:sdmx:org.sdmx.infomodel.codelist.Code=ESTAT:CL_NIS_CODE_EGR(1.3).28010">
          <Name xml:lang="en" xmlns="http://www.sdmx.org/resources/sdmxml/schemas/v2_1/common">ANTARCTICA WVB COMPANY NUMBER</Name>
        </Code>
        <Code id="31004" urn="urn:sdmx:org.sdmx.infomodel.codelist.Code=ESTAT:CL_NIS_CODE_EGR(1.3).31004">
          <Name xml:lang="en" xmlns="http://www.sdmx.org/resources/sdmxml/schemas/v2_1/common">ANTIGUA AND BARBUDA CHAMBER OF COMMERCE NUMBER</Name>
        </Code>
        <Code id="23004" urn="urn:sdmx:org.sdmx.infomodel.codelist.Code=ESTAT:CL_NIS_CODE_EGR(1.3).23004">
          <Name xml:lang="en" xmlns="http://www.sdmx.org/resources/sdmxml/schemas/v2_1/common">ANTIGUA AND BARBUDA COMPANY ID NUMBER</Name>
        </Code>
        <Code id="29004" urn="urn:sdmx:org.sdmx.infomodel.codelist.Code=ESTAT:CL_NIS_CODE_EGR(1.3).29004">
          <Name xml:lang="en" xmlns="http://www.sdmx.org/resources/sdmxml/schemas/v2_1/common">ANTIGUA AND BARBUDA DnB COMPANY NUMBER</Name>
        </Code>
        <Code id="27004" urn="urn:sdmx:org.sdmx.infomodel.codelist.Code=ESTAT:CL_NIS_CODE_EGR(1.3).27004">
          <Name xml:lang="en" xmlns="http://www.sdmx.org/resources/sdmxml/schemas/v2_1/common">ANTIGUA AND BARBUDA IP IDENTIFICATION NUMBER</Name>
        </Code>
        <Code id="32004" urn="urn:sdmx:org.sdmx.infomodel.codelist.Code=ESTAT:CL_NIS_CODE_EGR(1.3).32004">
          <Name xml:lang="en" xmlns="http://www.sdmx.org/resources/sdmxml/schemas/v2_1/common">ANTIGUA AND BARBUDA OTHER ID NUMBER</Name>
        </Code>
        <Code id="25004" urn="urn:sdmx:org.sdmx.infomodel.codelist.Code=ESTAT:CL_NIS_CODE_EGR(1.3).25004">
          <Name xml:lang="en" xmlns="http://www.sdmx.org/resources/sdmxml/schemas/v2_1/common">ANTIGUA AND BARBUDA STATISTICAL NUMBER</Name>
        </Code>
        <Code id="21004" urn="urn:sdmx:org.sdmx.infomodel.codelist.Code=ESTAT:CL_NIS_CODE_EGR(1.3).21004">
          <Name xml:lang="en" xmlns="http://www.sdmx.org/resources/sdmxml/schemas/v2_1/common">ANTIGUA AND BARBUDA TRADE REGISTER NUMBER</Name>
        </Code>
        <Code id="22004" urn="urn:sdmx:org.sdmx.infomodel.codelist.Code=ESTAT:CL_NIS_CODE_EGR(1.3).22004">
          <Name xml:lang="en" xmlns="http://www.sdmx.org/resources/sdmxml/schemas/v2_1/common">ANTIGUA AND BARBUDA VAT NUMBER</Name>
        </Code>
        <Code id="28004" urn="urn:sdmx:org.sdmx.infomodel.codelist.Code=ESTAT:CL_NIS_CODE_EGR(1.3).28004">
          <Name xml:lang="en" xmlns="http://www.sdmx.org/resources/sdmxml/schemas/v2_1/common">ANTIGUA AND BARBUDA WVB COMPANY NUMBER</Name>
        </Code>
        <Code id="31011" urn="urn:sdmx:org.sdmx.infomodel.codelist.Code=ESTAT:CL_NIS_CODE_EGR(1.3).31011">
          <Name xml:lang="en" xmlns="http://www.sdmx.org/resources/sdmxml/schemas/v2_1/common">ARGENTINA CHAMBER OF COMMERCE NUMBER</Name>
        </Code>
        <Code id="23011" urn="urn:sdmx:org.sdmx.infomodel.codelist.Code=ESTAT:CL_NIS_CODE_EGR(1.3).23011">
          <Name xml:lang="en" xmlns="http://www.sdmx.org/resources/sdmxml/schemas/v2_1/common">ARGENTINA COMPANY ID NUMBER</Name>
        </Code>
        <Code id="29011" urn="urn:sdmx:org.sdmx.infomodel.codelist.Code=ESTAT:CL_NIS_CODE_EGR(1.3).29011">
          <Name xml:lang="en" xmlns="http://www.sdmx.org/resources/sdmxml/schemas/v2_1/common">ARGENTINA DnB COMPANY NUMBER</Name>
        </Code>
        <Code id="27011" urn="urn:sdmx:org.sdmx.infomodel.codelist.Code=ESTAT:CL_NIS_CODE_EGR(1.3).27011">
          <Name xml:lang="en" xmlns="http://www.sdmx.org/resources/sdmxml/schemas/v2_1/common">ARGENTINA IP IDENTIFICATION NUMBER</Name>
        </Code>
        <Code id="32011" urn="urn:sdmx:org.sdmx.infomodel.codelist.Code=ESTAT:CL_NIS_CODE_EGR(1.3).32011">
          <Name xml:lang="en" xmlns="http://www.sdmx.org/resources/sdmxml/schemas/v2_1/common">ARGENTINA OTHER ID NUMBER</Name>
        </Code>
        <Code id="25011" urn="urn:sdmx:org.sdmx.infomodel.codelist.Code=ESTAT:CL_NIS_CODE_EGR(1.3).25011">
          <Name xml:lang="en" xmlns="http://www.sdmx.org/resources/sdmxml/schemas/v2_1/common">ARGENTINA STATISTICAL NUMBER</Name>
        </Code>
        <Code id="21011" urn="urn:sdmx:org.sdmx.infomodel.codelist.Code=ESTAT:CL_NIS_CODE_EGR(1.3).21011">
          <Name xml:lang="en" xmlns="http://www.sdmx.org/resources/sdmxml/schemas/v2_1/common">ARGENTINA TRADE REGISTER NUMBER</Name>
        </Code>
        <Code id="22011" urn="urn:sdmx:org.sdmx.infomodel.codelist.Code=ESTAT:CL_NIS_CODE_EGR(1.3).22011">
          <Name xml:lang="en" xmlns="http://www.sdmx.org/resources/sdmxml/schemas/v2_1/common">ARGENTINA VAT NUMBER</Name>
        </Code>
        <Code id="28011" urn="urn:sdmx:org.sdmx.infomodel.codelist.Code=ESTAT:CL_NIS_CODE_EGR(1.3).28011">
          <Name xml:lang="en" xmlns="http://www.sdmx.org/resources/sdmxml/schemas/v2_1/common">ARGENTINA WVB COMPANY NUMBER</Name>
        </Code>
        <Code id="31007" urn="urn:sdmx:org.sdmx.infomodel.codelist.Code=ESTAT:CL_NIS_CODE_EGR(1.3).31007">
          <Name xml:lang="en" xmlns="http://www.sdmx.org/resources/sdmxml/schemas/v2_1/common">ARMENIA CHAMBER OF COMMERCE NUMBER</Name>
        </Code>
        <Code id="23007" urn="urn:sdmx:org.sdmx.infomodel.codelist.Code=ESTAT:CL_NIS_CODE_EGR(1.3).23007">
          <Name xml:lang="en" xmlns="http://www.sdmx.org/resources/sdmxml/schemas/v2_1/common">ARMENIA COMPANY ID NUMBER</Name>
        </Code>
        <Code id="29007" urn="urn:sdmx:org.sdmx.infomodel.codelist.Code=ESTAT:CL_NIS_CODE_EGR(1.3).29007">
          <Name xml:lang="en" xmlns="http://www.sdmx.org/resources/sdmxml/schemas/v2_1/common">ARMENIA DnB COMPANY NUMBER</Name>
        </Code>
        <Code id="27007" urn="urn:sdmx:org.sdmx.infomodel.codelist.Code=ESTAT:CL_NIS_CODE_EGR(1.3).27007">
          <Name xml:lang="en" xmlns="http://www.sdmx.org/resources/sdmxml/schemas/v2_1/common">ARMENIA IP IDENTIFICATION NUMBER</Name>
        </Code>
        <Code id="32007" urn="urn:sdmx:org.sdmx.infomodel.codelist.Code=ESTAT:CL_NIS_CODE_EGR(1.3).32007">
          <Name xml:lang="en" xmlns="http://www.sdmx.org/resources/sdmxml/schemas/v2_1/common">ARMENIA OTHER ID NUMBER</Name>
        </Code>
        <Code id="25007" urn="urn:sdmx:org.sdmx.infomodel.codelist.Code=ESTAT:CL_NIS_CODE_EGR(1.3).25007">
          <Name xml:lang="en" xmlns="http://www.sdmx.org/resources/sdmxml/schemas/v2_1/common">ARMENIA STATISTICAL NUMBER</Name>
        </Code>
        <Code id="21007" urn="urn:sdmx:org.sdmx.infomodel.codelist.Code=ESTAT:CL_NIS_CODE_EGR(1.3).21007">
          <Name xml:lang="en" xmlns="http://www.sdmx.org/resources/sdmxml/schemas/v2_1/common">ARMENIA TRADE REGISTER NUMBER</Name>
        </Code>
        <Code id="22007" urn="urn:sdmx:org.sdmx.infomodel.codelist.Code=ESTAT:CL_NIS_CODE_EGR(1.3).22007">
          <Name xml:lang="en" xmlns="http://www.sdmx.org/resources/sdmxml/schemas/v2_1/common">ARMENIA VAT NUMBER</Name>
        </Code>
        <Code id="28007" urn="urn:sdmx:org.sdmx.infomodel.codelist.Code=ESTAT:CL_NIS_CODE_EGR(1.3).28007">
          <Name xml:lang="en" xmlns="http://www.sdmx.org/resources/sdmxml/schemas/v2_1/common">ARMENIA WVB COMPANY NUMBER</Name>
        </Code>
        <Code id="31015" urn="urn:sdmx:org.sdmx.infomodel.codelist.Code=ESTAT:CL_NIS_CODE_EGR(1.3).31015">
          <Name xml:lang="en" xmlns="http://www.sdmx.org/resources/sdmxml/schemas/v2_1/common">ARUBA CHAMBER OF COMMERCE NUMBER</Name>
        </Code>
        <Code id="23015" urn="urn:sdmx:org.sdmx.infomodel.codelist.Code=ESTAT:CL_NIS_CODE_EGR(1.3).23015">
          <Name xml:lang="en" xmlns="http://www.sdmx.org/resources/sdmxml/schemas/v2_1/common">ARUBA COMPANY ID NUMBER</Name>
        </Code>
        <Code id="29015" urn="urn:sdmx:org.sdmx.infomodel.codelist.Code=ESTAT:CL_NIS_CODE_EGR(1.3).29015">
          <Name xml:lang="en" xmlns="http://www.sdmx.org/resources/sdmxml/schemas/v2_1/common">ARUBA DnB COMPANY NUMBER</Name>
        </Code>
        <Code id="27015" urn="urn:sdmx:org.sdmx.infomodel.codelist.Code=ESTAT:CL_NIS_CODE_EGR(1.3).27015">
          <Name xml:lang="en" xmlns="http://www.sdmx.org/resources/sdmxml/schemas/v2_1/common">ARUBA IP IDENTIFICATION NUMBER</Name>
        </Code>
        <Code id="32015" urn="urn:sdmx:org.sdmx.infomodel.codelist.Code=ESTAT:CL_NIS_CODE_EGR(1.3).32015">
          <Name xml:lang="en" xmlns="http://www.sdmx.org/resources/sdmxml/schemas/v2_1/common">ARUBA OTHER ID NUMBER</Name>
        </Code>
        <Code id="25015" urn="urn:sdmx:org.sdmx.infomodel.codelist.Code=ESTAT:CL_NIS_CODE_EGR(1.3).25015">
          <Name xml:lang="en" xmlns="http://www.sdmx.org/resources/sdmxml/schemas/v2_1/common">ARUBA STATISTICAL NUMBER</Name>
        </Code>
        <Code id="21015" urn="urn:sdmx:org.sdmx.infomodel.codelist.Code=ESTAT:CL_NIS_CODE_EGR(1.3).21015">
          <Name xml:lang="en" xmlns="http://www.sdmx.org/resources/sdmxml/schemas/v2_1/common">ARUBA TRADE REGISTER NUMBER</Name>
        </Code>
        <Code id="22015" urn="urn:sdmx:org.sdmx.infomodel.codelist.Code=ESTAT:CL_NIS_CODE_EGR(1.3).22015">
          <Name xml:lang="en" xmlns="http://www.sdmx.org/resources/sdmxml/schemas/v2_1/common">ARUBA VAT NUMBER</Name>
        </Code>
        <Code id="28015" urn="urn:sdmx:org.sdmx.infomodel.codelist.Code=ESTAT:CL_NIS_CODE_EGR(1.3).28015">
          <Name xml:lang="en" xmlns="http://www.sdmx.org/resources/sdmxml/schemas/v2_1/common">ARUBA WVB COMPANY NUMBER</Name>
        </Code>
        <Code id="31014" urn="urn:sdmx:org.sdmx.infomodel.codelist.Code=ESTAT:CL_NIS_CODE_EGR(1.3).31014">
          <Name xml:lang="en" xmlns="http://www.sdmx.org/resources/sdmxml/schemas/v2_1/common">AUSTRALIA CHAMBER OF COMMERCE NUMBER</Name>
        </Code>
        <Code id="23014" urn="urn:sdmx:org.sdmx.infomodel.codelist.Code=ESTAT:CL_NIS_CODE_EGR(1.3).23014">
          <Name xml:lang="en" xmlns="http://www.sdmx.org/resources/sdmxml/schemas/v2_1/common">AUSTRALIA COMPANY ID NUMBER</Name>
        </Code>
        <Code id="29014" urn="urn:sdmx:org.sdmx.infomodel.codelist.Code=ESTAT:CL_NIS_CODE_EGR(1.3).29014">
          <Name xml:lang="en" xmlns="http://www.sdmx.org/resources/sdmxml/schemas/v2_1/common">AUSTRALIA DnB COMPANY NUMBER</Name>
        </Code>
        <Code id="27014" urn="urn:sdmx:org.sdmx.infomodel.codelist.Code=ESTAT:CL_NIS_CODE_EGR(1.3).27014">
          <Name xml:lang="en" xmlns="http://www.sdmx.org/resources/sdmxml/schemas/v2_1/common">AUSTRALIA IP IDENTIFICATION NUMBER</Name>
        </Code>
        <Code id="32014" urn="urn:sdmx:org.sdmx.infomodel.codelist.Code=ESTAT:CL_NIS_CODE_EGR(1.3).32014">
          <Name xml:lang="en" xmlns="http://www.sdmx.org/resources/sdmxml/schemas/v2_1/common">AUSTRALIA OTHER ID NUMBER</Name>
        </Code>
        <Code id="25014" urn="urn:sdmx:org.sdmx.infomodel.codelist.Code=ESTAT:CL_NIS_CODE_EGR(1.3).25014">
          <Name xml:lang="en" xmlns="http://www.sdmx.org/resources/sdmxml/schemas/v2_1/common">AUSTRALIA STATISTICAL NUMBER</Name>
        </Code>
        <Code id="21014" urn="urn:sdmx:org.sdmx.infomodel.codelist.Code=ESTAT:CL_NIS_CODE_EGR(1.3).21014">
          <Name xml:lang="en" xmlns="http://www.sdmx.org/resources/sdmxml/schemas/v2_1/common">AUSTRALIA TRADE REGISTER NUMBER</Name>
        </Code>
        <Code id="22014" urn="urn:sdmx:org.sdmx.infomodel.codelist.Code=ESTAT:CL_NIS_CODE_EGR(1.3).22014">
          <Name xml:lang="en" xmlns="http://www.sdmx.org/resources/sdmxml/schemas/v2_1/common">AUSTRALIA VAT NUMBER</Name>
        </Code>
        <Code id="28014" urn="urn:sdmx:org.sdmx.infomodel.codelist.Code=ESTAT:CL_NIS_CODE_EGR(1.3).28014">
          <Name xml:lang="en" xmlns="http://www.sdmx.org/resources/sdmxml/schemas/v2_1/common">AUSTRALIA WVB COMPANY NUMBER</Name>
        </Code>
        <Code id="31013" urn="urn:sdmx:org.sdmx.infomodel.codelist.Code=ESTAT:CL_NIS_CODE_EGR(1.3).31013">
          <Name xml:lang="en" xmlns="http://www.sdmx.org/resources/sdmxml/schemas/v2_1/common">AUSTRIA CHAMBER OF COMMERCE NUMBER</Name>
        </Code>
        <Code id="23013" urn="urn:sdmx:org.sdmx.infomodel.codelist.Code=ESTAT:CL_NIS_CODE_EGR(1.3).23013">
          <Name xml:lang="en" xmlns="http://www.sdmx.org/resources/sdmxml/schemas/v2_1/common">AUSTRIA COMPANY ID NUMBER</Name>
        </Code>
        <Code id="29013" urn="urn:sdmx:org.sdmx.infomodel.codelist.Code=ESTAT:CL_NIS_CODE_EGR(1.3).29013">
          <Name xml:lang="en" xmlns="http://www.sdmx.org/resources/sdmxml/schemas/v2_1/common">AUSTRIA DnB COMPANY NUMBER</Name>
        </Code>
        <Code id="27013" urn="urn:sdmx:org.sdmx.infomodel.codelist.Code=ESTAT:CL_NIS_CODE_EGR(1.3).27013">
          <Name xml:lang="en" xmlns="http://www.sdmx.org/resources/sdmxml/schemas/v2_1/common">AUSTRIA IP IDENTIFICATION NUMBER</Name>
        </Code>
        <Code id="32013" urn="urn:sdmx:org.sdmx.infomodel.codelist.Code=ESTAT:CL_NIS_CODE_EGR(1.3).32013">
          <Name xml:lang="en" xmlns="http://www.sdmx.org/resources/sdmxml/schemas/v2_1/common">AUSTRIA OTHER ID NUMBER</Name>
        </Code>
        <Code id="25013" urn="urn:sdmx:org.sdmx.infomodel.codelist.Code=ESTAT:CL_NIS_CODE_EGR(1.3).25013">
          <Name xml:lang="en" xmlns="http://www.sdmx.org/resources/sdmxml/schemas/v2_1/common">AUSTRIA STATISTICAL NUMBER</Name>
        </Code>
        <Code id="21013" urn="urn:sdmx:org.sdmx.infomodel.codelist.Code=ESTAT:CL_NIS_CODE_EGR(1.3).21013">
          <Name xml:lang="en" xmlns="http://www.sdmx.org/resources/sdmxml/schemas/v2_1/common">AUSTRIA TRADE REGISTER NUMBER</Name>
        </Code>
        <Code id="22013" urn="urn:sdmx:org.sdmx.infomodel.codelist.Code=ESTAT:CL_NIS_CODE_EGR(1.3).22013">
          <Name xml:lang="en" xmlns="http://www.sdmx.org/resources/sdmxml/schemas/v2_1/common">AUSTRIA VAT NUMBER</Name>
        </Code>
        <Code id="28013" urn="urn:sdmx:org.sdmx.infomodel.codelist.Code=ESTAT:CL_NIS_CODE_EGR(1.3).28013">
          <Name xml:lang="en" xmlns="http://www.sdmx.org/resources/sdmxml/schemas/v2_1/common">AUSTRIA WVB COMPANY NUMBER</Name>
        </Code>
        <Code id="31017" urn="urn:sdmx:org.sdmx.infomodel.codelist.Code=ESTAT:CL_NIS_CODE_EGR(1.3).31017">
          <Name xml:lang="en" xmlns="http://www.sdmx.org/resources/sdmxml/schemas/v2_1/common">AZERBAIJAN CHAMBER OF COMMERCE NUMBER</Name>
        </Code>
        <Code id="23017" urn="urn:sdmx:org.sdmx.infomodel.codelist.Code=ESTAT:CL_NIS_CODE_EGR(1.3).23017">
          <Name xml:lang="en" xmlns="http://www.sdmx.org/resources/sdmxml/schemas/v2_1/common">AZERBAIJAN COMPANY ID NUMBER</Name>
        </Code>
        <Code id="29017" urn="urn:sdmx:org.sdmx.infomodel.codelist.Code=ESTAT:CL_NIS_CODE_EGR(1.3).29017">
          <Name xml:lang="en" xmlns="http://www.sdmx.org/resources/sdmxml/schemas/v2_1/common">AZERBAIJAN DnB COMPANY NUMBER</Name>
        </Code>
        <Code id="27017" urn="urn:sdmx:org.sdmx.infomodel.codelist.Code=ESTAT:CL_NIS_CODE_EGR(1.3).27017">
          <Name xml:lang="en" xmlns="http://www.sdmx.org/resources/sdmxml/schemas/v2_1/common">AZERBAIJAN IP IDENTIFICATION NUMBER</Name>
        </Code>
        <Code id="32017" urn="urn:sdmx:org.sdmx.infomodel.codelist.Code=ESTAT:CL_NIS_CODE_EGR(1.3).32017">
          <Name xml:lang="en" xmlns="http://www.sdmx.org/resources/sdmxml/schemas/v2_1/common">AZERBAIJAN OTHER ID NUMBER</Name>
        </Code>
        <Code id="25017" urn="urn:sdmx:org.sdmx.infomodel.codelist.Code=ESTAT:CL_NIS_CODE_EGR(1.3).25017">
          <Name xml:lang="en" xmlns="http://www.sdmx.org/resources/sdmxml/schemas/v2_1/common">AZERBAIJAN STATISTICAL NUMBER</Name>
        </Code>
        <Code id="21017" urn="urn:sdmx:org.sdmx.infomodel.codelist.Code=ESTAT:CL_NIS_CODE_EGR(1.3).21017">
          <Name xml:lang="en" xmlns="http://www.sdmx.org/resources/sdmxml/schemas/v2_1/common">AZERBAIJAN TRADE REGISTER NUMBER</Name>
        </Code>
        <Code id="22017" urn="urn:sdmx:org.sdmx.infomodel.codelist.Code=ESTAT:CL_NIS_CODE_EGR(1.3).22017">
          <Name xml:lang="en" xmlns="http://www.sdmx.org/resources/sdmxml/schemas/v2_1/common">AZERBAIJAN VAT NUMBER</Name>
        </Code>
        <Code id="28017" urn="urn:sdmx:org.sdmx.infomodel.codelist.Code=ESTAT:CL_NIS_CODE_EGR(1.3).28017">
          <Name xml:lang="en" xmlns="http://www.sdmx.org/resources/sdmxml/schemas/v2_1/common">AZERBAIJAN WVB COMPANY NUMBER</Name>
        </Code>
        <Code id="31032" urn="urn:sdmx:org.sdmx.infomodel.codelist.Code=ESTAT:CL_NIS_CODE_EGR(1.3).31032">
          <Name xml:lang="en" xmlns="http://www.sdmx.org/resources/sdmxml/schemas/v2_1/common">BAHAMAS CHAMBER OF COMMERCE NUMBER</Name>
        </Code>
        <Code id="23032" urn="urn:sdmx:org.sdmx.infomodel.codelist.Code=ESTAT:CL_NIS_CODE_EGR(1.3).23032">
          <Name xml:lang="en" xmlns="http://www.sdmx.org/resources/sdmxml/schemas/v2_1/common">BAHAMAS COMPANY ID NUMBER</Name>
        </Code>
        <Code id="29032" urn="urn:sdmx:org.sdmx.infomodel.codelist.Code=ESTAT:CL_NIS_CODE_EGR(1.3).29032">
          <Name xml:lang="en" xmlns="http://www.sdmx.org/resources/sdmxml/schemas/v2_1/common">BAHAMAS DnB COMPANY NUMBER</Name>
        </Code>
        <Code id="27032" urn="urn:sdmx:org.sdmx.infomodel.codelist.Code=ESTAT:CL_NIS_CODE_EGR(1.3).27032">
          <Name xml:lang="en" xmlns="http://www.sdmx.org/resources/sdmxml/schemas/v2_1/common">BAHAMAS IP IDENTIFICATION NUMBER</Name>
        </Code>
        <Code id="32032" urn="urn:sdmx:org.sdmx.infomodel.codelist.Code=ESTAT:CL_NIS_CODE_EGR(1.3).32032">
          <Name xml:lang="en" xmlns="http://www.sdmx.org/resources/sdmxml/schemas/v2_1/common">BAHAMAS OTHER ID NUMBER</Name>
        </Code>
        <Code id="25032" urn="urn:sdmx:org.sdmx.infomodel.codelist.Code=ESTAT:CL_NIS_CODE_EGR(1.3).25032">
          <Name xml:lang="en" xmlns="http://www.sdmx.org/resources/sdmxml/schemas/v2_1/common">BAHAMAS STATISTICAL NUMBER</Name>
        </Code>
        <Code id="21032" urn="urn:sdmx:org.sdmx.infomodel.codelist.Code=ESTAT:CL_NIS_CODE_EGR(1.3).21032">
          <Name xml:lang="en" xmlns="http://www.sdmx.org/resources/sdmxml/schemas/v2_1/common">BAHAMAS TRADE REGISTER NUMBER</Name>
        </Code>
        <Code id="22032" urn="urn:sdmx:org.sdmx.infomodel.codelist.Code=ESTAT:CL_NIS_CODE_EGR(1.3).22032">
          <Name xml:lang="en" xmlns="http://www.sdmx.org/resources/sdmxml/schemas/v2_1/common">BAHAMAS VAT NUMBER</Name>
        </Code>
        <Code id="28032" urn="urn:sdmx:org.sdmx.infomodel.codelist.Code=ESTAT:CL_NIS_CODE_EGR(1.3).28032">
          <Name xml:lang="en" xmlns="http://www.sdmx.org/resources/sdmxml/schemas/v2_1/common">BAHAMAS WVB COMPANY NUMBER</Name>
        </Code>
        <Code id="31024" urn="urn:sdmx:org.sdmx.infomodel.codelist.Code=ESTAT:CL_NIS_CODE_EGR(1.3).31024">
          <Name xml:lang="en" xmlns="http://www.sdmx.org/resources/sdmxml/schemas/v2_1/common">BAHRAIN CHAMBER OF COMMERCE NUMBER</Name>
        </Code>
        <Code id="23024" urn="urn:sdmx:org.sdmx.infomodel.codelist.Code=ESTAT:CL_NIS_CODE_EGR(1.3).23024">
          <Name xml:lang="en" xmlns="http://www.sdmx.org/resources/sdmxml/schemas/v2_1/common">BAHRAIN COMPANY ID NUMBER</Name>
        </Code>
        <Code id="29024" urn="urn:sdmx:org.sdmx.infomodel.codelist.Code=ESTAT:CL_NIS_CODE_EGR(1.3).29024">
          <Name xml:lang="en" xmlns="http://www.sdmx.org/resources/sdmxml/schemas/v2_1/common">BAHRAIN DnB COMPANY NUMBER</Name>
        </Code>
        <Code id="27024" urn="urn:sdmx:org.sdmx.infomodel.codelist.Code=ESTAT:CL_NIS_CODE_EGR(1.3).27024">
          <Name xml:lang="en" xmlns="http://www.sdmx.org/resources/sdmxml/schemas/v2_1/common">BAHRAIN IP IDENTIFICATION NUMBER</Name>
        </Code>
        <Code id="32024" urn="urn:sdmx:org.sdmx.infomodel.codelist.Code=ESTAT:CL_NIS_CODE_EGR(1.3).32024">
          <Name xml:lang="en" xmlns="http://www.sdmx.org/resources/sdmxml/schemas/v2_1/common">BAHRAIN OTHER ID NUMBER</Name>
        </Code>
        <Code id="25024" urn="urn:sdmx:org.sdmx.infomodel.codelist.Code=ESTAT:CL_NIS_CODE_EGR(1.3).25024">
          <Name xml:lang="en" xmlns="http://www.sdmx.org/resources/sdmxml/schemas/v2_1/common">BAHRAIN STATISTICAL NUMBER</Name>
        </Code>
        <Code id="21024" urn="urn:sdmx:org.sdmx.infomodel.codelist.Code=ESTAT:CL_NIS_CODE_EGR(1.3).21024">
          <Name xml:lang="en" xmlns="http://www.sdmx.org/resources/sdmxml/schemas/v2_1/common">BAHRAIN TRADE REGISTER NUMBER</Name>
        </Code>
        <Code id="22024" urn="urn:sdmx:org.sdmx.infomodel.codelist.Code=ESTAT:CL_NIS_CODE_EGR(1.3).22024">
          <Name xml:lang="en" xmlns="http://www.sdmx.org/resources/sdmxml/schemas/v2_1/common">BAHRAIN VAT NUMBER</Name>
        </Code>
        <Code id="28024" urn="urn:sdmx:org.sdmx.infomodel.codelist.Code=ESTAT:CL_NIS_CODE_EGR(1.3).28024">
          <Name xml:lang="en" xmlns="http://www.sdmx.org/resources/sdmxml/schemas/v2_1/common">BAHRAIN WVB COMPANY NUMBER</Name>
        </Code>
        <Code id="31020" urn="urn:sdmx:org.sdmx.infomodel.codelist.Code=ESTAT:CL_NIS_CODE_EGR(1.3).31020">
          <Name xml:lang="en" xmlns="http://www.sdmx.org/resources/sdmxml/schemas/v2_1/common">BANGLADESH CHAMBER OF COMMERCE NUMBER</Name>
        </Code>
        <Code id="23020" urn="urn:sdmx:org.sdmx.infomodel.codelist.Code=ESTAT:CL_NIS_CODE_EGR(1.3).23020">
          <Name xml:lang="en" xmlns="http://www.sdmx.org/resources/sdmxml/schemas/v2_1/common">BANGLADESH COMPANY ID NUMBER</Name>
        </Code>
        <Code id="29020" urn="urn:sdmx:org.sdmx.infomodel.codelist.Code=ESTAT:CL_NIS_CODE_EGR(1.3).29020">
          <Name xml:lang="en" xmlns="http://www.sdmx.org/resources/sdmxml/schemas/v2_1/common">BANGLADESH DnB COMPANY NUMBER</Name>
        </Code>
        <Code id="27020" urn="urn:sdmx:org.sdmx.infomodel.codelist.Code=ESTAT:CL_NIS_CODE_EGR(1.3).27020">
          <Name xml:lang="en" xmlns="http://www.sdmx.org/resources/sdmxml/schemas/v2_1/common">BANGLADESH IP IDENTIFICATION NUMBER</Name>
        </Code>
        <Code id="32020" urn="urn:sdmx:org.sdmx.infomodel.codelist.Code=ESTAT:CL_NIS_CODE_EGR(1.3).32020">
          <Name xml:lang="en" xmlns="http://www.sdmx.org/resources/sdmxml/schemas/v2_1/common">BANGLADESH OTHER ID NUMBER</Name>
        </Code>
        <Code id="25020" urn="urn:sdmx:org.sdmx.infomodel.codelist.Code=ESTAT:CL_NIS_CODE_EGR(1.3).25020">
          <Name xml:lang="en" xmlns="http://www.sdmx.org/resources/sdmxml/schemas/v2_1/common">BANGLADESH STATISTICAL NUMBER</Name>
        </Code>
        <Code id="21020" urn="urn:sdmx:org.sdmx.infomodel.codelist.Code=ESTAT:CL_NIS_CODE_EGR(1.3).21020">
          <Name xml:lang="en" xmlns="http://www.sdmx.org/resources/sdmxml/schemas/v2_1/common">BANGLADESH TRADE REGISTER NUMBER</Name>
        </Code>
        <Code id="22020" urn="urn:sdmx:org.sdmx.infomodel.codelist.Code=ESTAT:CL_NIS_CODE_EGR(1.3).22020">
          <Name xml:lang="en" xmlns="http://www.sdmx.org/resources/sdmxml/schemas/v2_1/common">BANGLADESH VAT NUMBER</Name>
        </Code>
        <Code id="28020" urn="urn:sdmx:org.sdmx.infomodel.codelist.Code=ESTAT:CL_NIS_CODE_EGR(1.3).28020">
          <Name xml:lang="en" xmlns="http://www.sdmx.org/resources/sdmxml/schemas/v2_1/common">BANGLADESH WVB COMPANY NUMBER</Name>
        </Code>
        <Code id="31019" urn="urn:sdmx:org.sdmx.infomodel.codelist.Code=ESTAT:CL_NIS_CODE_EGR(1.3).31019">
          <Name xml:lang="en" xmlns="http://www.sdmx.org/resources/sdmxml/schemas/v2_1/common">BARBADOS CHAMBER OF COMMERCE NUMBER</Name>
        </Code>
        <Code id="23019" urn="urn:sdmx:org.sdmx.infomodel.codelist.Code=ESTAT:CL_NIS_CODE_EGR(1.3).23019">
          <Name xml:lang="en" xmlns="http://www.sdmx.org/resources/sdmxml/schemas/v2_1/common">BARBADOS COMPANY ID NUMBER</Name>
        </Code>
        <Code id="29019" urn="urn:sdmx:org.sdmx.infomodel.codelist.Code=ESTAT:CL_NIS_CODE_EGR(1.3).29019">
          <Name xml:lang="en" xmlns="http://www.sdmx.org/resources/sdmxml/schemas/v2_1/common">BARBADOS DnB COMPANY NUMBER</Name>
        </Code>
        <Code id="27019" urn="urn:sdmx:org.sdmx.infomodel.codelist.Code=ESTAT:CL_NIS_CODE_EGR(1.3).27019">
          <Name xml:lang="en" xmlns="http://www.sdmx.org/resources/sdmxml/schemas/v2_1/common">BARBADOS IP IDENTIFICATION NUMBER</Name>
        </Code>
        <Code id="32019" urn="urn:sdmx:org.sdmx.infomodel.codelist.Code=ESTAT:CL_NIS_CODE_EGR(1.3).32019">
          <Name xml:lang="en" xmlns="http://www.sdmx.org/resources/sdmxml/schemas/v2_1/common">BARBADOS OTHER ID NUMBER</Name>
        </Code>
        <Code id="25019" urn="urn:sdmx:org.sdmx.infomodel.codelist.Code=ESTAT:CL_NIS_CODE_EGR(1.3).25019">
          <Name xml:lang="en" xmlns="http://www.sdmx.org/resources/sdmxml/schemas/v2_1/common">BARBADOS STATISTICAL NUMBER</Name>
        </Code>
        <Code id="21019" urn="urn:sdmx:org.sdmx.infomodel.codelist.Code=ESTAT:CL_NIS_CODE_EGR(1.3).21019">
          <Name xml:lang="en" xmlns="http://www.sdmx.org/resources/sdmxml/schemas/v2_1/common">BARBADOS TRADE REGISTER NUMBER</Name>
        </Code>
        <Code id="22019" urn="urn:sdmx:org.sdmx.infomodel.codelist.Code=ESTAT:CL_NIS_CODE_EGR(1.3).22019">
          <Name xml:lang="en" xmlns="http://www.sdmx.org/resources/sdmxml/schemas/v2_1/common">BARBADOS VAT NUMBER</Name>
        </Code>
        <Code id="28019" urn="urn:sdmx:org.sdmx.infomodel.codelist.Code=ESTAT:CL_NIS_CODE_EGR(1.3).28019">
          <Name xml:lang="en" xmlns="http://www.sdmx.org/resources/sdmxml/schemas/v2_1/common">BARBADOS WVB COMPANY NUMBER</Name>
        </Code>
        <Code id="31036" urn="urn:sdmx:org.sdmx.infomodel.codelist.Code=ESTAT:CL_NIS_CODE_EGR(1.3).31036">
          <Name xml:lang="en" xmlns="http://www.sdmx.org/resources/sdmxml/schemas/v2_1/common">BELARUS CHAMBER OF COMMERCE NUMBER</Name>
        </Code>
        <Code id="23036" urn="urn:sdmx:org.sdmx.infomodel.codelist.Code=ESTAT:CL_NIS_CODE_EGR(1.3).23036">
          <Name xml:lang="en" xmlns="http://www.sdmx.org/resources/sdmxml/schemas/v2_1/common">BELARUS COMPANY ID NUMBER</Name>
        </Code>
        <Code id="29036" urn="urn:sdmx:org.sdmx.infomodel.codelist.Code=ESTAT:CL_NIS_CODE_EGR(1.3).29036">
          <Name xml:lang="en" xmlns="http://www.sdmx.org/resources/sdmxml/schemas/v2_1/common">BELARUS DnB COMPANY NUMBER</Name>
        </Code>
        <Code id="27036" urn="urn:sdmx:org.sdmx.infomodel.codelist.Code=ESTAT:CL_NIS_CODE_EGR(1.3).27036">
          <Name xml:lang="en" xmlns="http://www.sdmx.org/resources/sdmxml/schemas/v2_1/common">BELARUS IP IDENTIFICATION NUMBER</Name>
        </Code>
        <Code id="32036" urn="urn:sdmx:org.sdmx.infomodel.codelist.Code=ESTAT:CL_NIS_CODE_EGR(1.3).32036">
          <Name xml:lang="en" xmlns="http://www.sdmx.org/resources/sdmxml/schemas/v2_1/common">BELARUS OTHER ID NUMBER</Name>
        </Code>
        <Code id="25036" urn="urn:sdmx:org.sdmx.infomodel.codelist.Code=ESTAT:CL_NIS_CODE_EGR(1.3).25036">
          <Name xml:lang="en" xmlns="http://www.sdmx.org/resources/sdmxml/schemas/v2_1/common">BELARUS STATISTICAL NUMBER</Name>
        </Code>
        <Code id="21036" urn="urn:sdmx:org.sdmx.infomodel.codelist.Code=ESTAT:CL_NIS_CODE_EGR(1.3).21036">
          <Name xml:lang="en" xmlns="http://www.sdmx.org/resources/sdmxml/schemas/v2_1/common">BELARUS TRADE REGISTER NUMBER</Name>
        </Code>
        <Code id="22036" urn="urn:sdmx:org.sdmx.infomodel.codelist.Code=ESTAT:CL_NIS_CODE_EGR(1.3).22036">
          <Name xml:lang="en" xmlns="http://www.sdmx.org/resources/sdmxml/schemas/v2_1/common">BELARUS VAT NUMBER</Name>
        </Code>
        <Code id="28036" urn="urn:sdmx:org.sdmx.infomodel.codelist.Code=ESTAT:CL_NIS_CODE_EGR(1.3).28036">
          <Name xml:lang="en" xmlns="http://www.sdmx.org/resources/sdmxml/schemas/v2_1/common">BELARUS WVB COMPANY NUMBER</Name>
        </Code>
        <Code id="31021" urn="urn:sdmx:org.sdmx.infomodel.codelist.Code=ESTAT:CL_NIS_CODE_EGR(1.3).31021">
          <Name xml:lang="en" xmlns="http://www.sdmx.org/resources/sdmxml/schemas/v2_1/common">BELGIUM CHAMBER OF COMMERCE NUMBER</Name>
        </Code>
        <Code id="23021" urn="urn:sdmx:org.sdmx.infomodel.codelist.Code=ESTAT:CL_NIS_CODE_EGR(1.3).23021">
          <Name xml:lang="en" xmlns="http://www.sdmx.org/resources/sdmxml/schemas/v2_1/common">BELGIUM COMPANY ID NUMBER</Name>
        </Code>
        <Code id="29021" urn="urn:sdmx:org.sdmx.infomodel.codelist.Code=ESTAT:CL_NIS_CODE_EGR(1.3).29021">
          <Name xml:lang="en" xmlns="http://www.sdmx.org/resources/sdmxml/schemas/v2_1/common">BELGIUM DnB COMPANY NUMBER</Name>
        </Code>
        <Code id="27021" urn="urn:sdmx:org.sdmx.infomodel.codelist.Code=ESTAT:CL_NIS_CODE_EGR(1.3).27021">
          <Name xml:lang="en" xmlns="http://www.sdmx.org/resources/sdmxml/schemas/v2_1/common">BELGIUM IP IDENTIFICATION NUMBER</Name>
        </Code>
        <Code id="32021" urn="urn:sdmx:org.sdmx.infomodel.codelist.Code=ESTAT:CL_NIS_CODE_EGR(1.3).32021">
          <Name xml:lang="en" xmlns="http://www.sdmx.org/resources/sdmxml/schemas/v2_1/common">BELGIUM OTHER ID NUMBER</Name>
        </Code>
        <Code id="25021" urn="urn:sdmx:org.sdmx.infomodel.codelist.Code=ESTAT:CL_NIS_CODE_EGR(1.3).25021">
          <Name xml:lang="en" xmlns="http://www.sdmx.org/resources/sdmxml/schemas/v2_1/common">BELGIUM STATISTICAL NUMBER</Name>
        </Code>
        <Code id="21021" urn="urn:sdmx:org.sdmx.infomodel.codelist.Code=ESTAT:CL_NIS_CODE_EGR(1.3).21021">
          <Name xml:lang="en" xmlns="http://www.sdmx.org/resources/sdmxml/schemas/v2_1/common">BELGIUM TRADE REGISTER NUMBER</Name>
        </Code>
        <Code id="22021" urn="urn:sdmx:org.sdmx.infomodel.codelist.Code=ESTAT:CL_NIS_CODE_EGR(1.3).22021">
          <Name xml:lang="en" xmlns="http://www.sdmx.org/resources/sdmxml/schemas/v2_1/common">BELGIUM VAT NUMBER</Name>
        </Code>
        <Code id="28021" urn="urn:sdmx:org.sdmx.infomodel.codelist.Code=ESTAT:CL_NIS_CODE_EGR(1.3).28021">
          <Name xml:lang="en" xmlns="http://www.sdmx.org/resources/sdmxml/schemas/v2_1/common">BELGIUM WVB COMPANY NUMBER</Name>
        </Code>
        <Code id="31037" urn="urn:sdmx:org.sdmx.infomodel.codelist.Code=ESTAT:CL_NIS_CODE_EGR(1.3).31037">
          <Name xml:lang="en" xmlns="http://www.sdmx.org/resources/sdmxml/schemas/v2_1/common">BELIZE CHAMBER OF COMMERCE NUMBER</Name>
        </Code>
        <Code id="23037" urn="urn:sdmx:org.sdmx.infomodel.codelist.Code=ESTAT:CL_NIS_CODE_EGR(1.3).23037">
          <Name xml:lang="en" xmlns="http://www.sdmx.org/resources/sdmxml/schemas/v2_1/common">BELIZE COMPANY ID NUMBER</Name>
        </Code>
        <Code id="29037" urn="urn:sdmx:org.sdmx.infomodel.codelist.Code=ESTAT:CL_NIS_CODE_EGR(1.3).29037">
          <Name xml:lang="en" xmlns="http://www.sdmx.org/resources/sdmxml/schemas/v2_1/common">BELIZE DnB COMPANY NUMBER</Name>
        </Code>
        <Code id="27037" urn="urn:sdmx:org.sdmx.infomodel.codelist.Code=ESTAT:CL_NIS_CODE_EGR(1.3).27037">
          <Name xml:lang="en" xmlns="http://www.sdmx.org/resources/sdmxml/schemas/v2_1/common">BELIZE IP IDENTIFICATION NUMBER</Name>
        </Code>
        <Code id="32037" urn="urn:sdmx:org.sdmx.infomodel.codelist.Code=ESTAT:CL_NIS_CODE_EGR(1.3).32037">
          <Name xml:lang="en" xmlns="http://www.sdmx.org/resources/sdmxml/schemas/v2_1/common">BELIZE OTHER ID NUMBER</Name>
        </Code>
        <Code id="25037" urn="urn:sdmx:org.sdmx.infomodel.codelist.Code=ESTAT:CL_NIS_CODE_EGR(1.3).25037">
          <Name xml:lang="en" xmlns="http://www.sdmx.org/resources/sdmxml/schemas/v2_1/common">BELIZE STATISTICAL NUMBER</Name>
        </Code>
        <Code id="21037" urn="urn:sdmx:org.sdmx.infomodel.codelist.Code=ESTAT:CL_NIS_CODE_EGR(1.3).21037">
          <Name xml:lang="en" xmlns="http://www.sdmx.org/resources/sdmxml/schemas/v2_1/common">BELIZE TRADE REGISTER NUMBER</Name>
        </Code>
        <Code id="22037" urn="urn:sdmx:org.sdmx.infomodel.codelist.Code=ESTAT:CL_NIS_CODE_EGR(1.3).22037">
          <Name xml:lang="en" xmlns="http://www.sdmx.org/resources/sdmxml/schemas/v2_1/common">BELIZE VAT NUMBER</Name>
        </Code>
        <Code id="28037" urn="urn:sdmx:org.sdmx.infomodel.codelist.Code=ESTAT:CL_NIS_CODE_EGR(1.3).28037">
          <Name xml:lang="en" xmlns="http://www.sdmx.org/resources/sdmxml/schemas/v2_1/common">BELIZE WVB COMPANY NUMBER</Name>
        </Code>
        <Code id="31026" urn="urn:sdmx:org.sdmx.infomodel.codelist.Code=ESTAT:CL_NIS_CODE_EGR(1.3).31026">
          <Name xml:lang="en" xmlns="http://www.sdmx.org/resources/sdmxml/schemas/v2_1/common">BENIN CHAMBER OF COMMERCE NUMBER</Name>
        </Code>
        <Code id="23026" urn="urn:sdmx:org.sdmx.infomodel.codelist.Code=ESTAT:CL_NIS_CODE_EGR(1.3).23026">
          <Name xml:lang="en" xmlns="http://www.sdmx.org/resources/sdmxml/schemas/v2_1/common">BENIN COMPANY ID NUMBER</Name>
        </Code>
        <Code id="29026" urn="urn:sdmx:org.sdmx.infomodel.codelist.Code=ESTAT:CL_NIS_CODE_EGR(1.3).29026">
          <Name xml:lang="en" xmlns="http://www.sdmx.org/resources/sdmxml/schemas/v2_1/common">BENIN DnB COMPANY NUMBER</Name>
        </Code>
        <Code id="27026" urn="urn:sdmx:org.sdmx.infomodel.codelist.Code=ESTAT:CL_NIS_CODE_EGR(1.3).27026">
          <Name xml:lang="en" xmlns="http://www.sdmx.org/resources/sdmxml/schemas/v2_1/common">BENIN IP IDENTIFICATION NUMBER</Name>
        </Code>
        <Code id="32026" urn="urn:sdmx:org.sdmx.infomodel.codelist.Code=ESTAT:CL_NIS_CODE_EGR(1.3).32026">
          <Name xml:lang="en" xmlns="http://www.sdmx.org/resources/sdmxml/schemas/v2_1/common">BENIN OTHER ID NUMBER</Name>
        </Code>
        <Code id="25026" urn="urn:sdmx:org.sdmx.infomodel.codelist.Code=ESTAT:CL_NIS_CODE_EGR(1.3).25026">
          <Name xml:lang="en" xmlns="http://www.sdmx.org/resources/sdmxml/schemas/v2_1/common">BENIN STATISTICAL NUMBER</Name>
        </Code>
        <Code id="21026" urn="urn:sdmx:org.sdmx.infomodel.codelist.Code=ESTAT:CL_NIS_CODE_EGR(1.3).21026">
          <Name xml:lang="en" xmlns="http://www.sdmx.org/resources/sdmxml/schemas/v2_1/common">BENIN TRADE REGISTER NUMBER</Name>
        </Code>
        <Code id="22026" urn="urn:sdmx:org.sdmx.infomodel.codelist.Code=ESTAT:CL_NIS_CODE_EGR(1.3).22026">
          <Name xml:lang="en" xmlns="http://www.sdmx.org/resources/sdmxml/schemas/v2_1/common">BENIN VAT NUMBER</Name>
        </Code>
        <Code id="28026" urn="urn:sdmx:org.sdmx.infomodel.codelist.Code=ESTAT:CL_NIS_CODE_EGR(1.3).28026">
          <Name xml:lang="en" xmlns="http://www.sdmx.org/resources/sdmxml/schemas/v2_1/common">BENIN WVB COMPANY NUMBER</Name>
        </Code>
        <Code id="31028" urn="urn:sdmx:org.sdmx.infomodel.codelist.Code=ESTAT:CL_NIS_CODE_EGR(1.3).31028">
          <Name xml:lang="en" xmlns="http://www.sdmx.org/resources/sdmxml/schemas/v2_1/common">BERMUDA CHAMBER OF COMMERCE NUMBER</Name>
        </Code>
        <Code id="23028" urn="urn:sdmx:org.sdmx.infomodel.codelist.Code=ESTAT:CL_NIS_CODE_EGR(1.3).23028">
          <Name xml:lang="en" xmlns="http://www.sdmx.org/resources/sdmxml/schemas/v2_1/common">BERMUDA COMPANY ID NUMBER</Name>
        </Code>
        <Code id="29028" urn="urn:sdmx:org.sdmx.infomodel.codelist.Code=ESTAT:CL_NIS_CODE_EGR(1.3).29028">
          <Name xml:lang="en" xmlns="http://www.sdmx.org/resources/sdmxml/schemas/v2_1/common">BERMUDA DnB COMPANY NUMBER</Name>
        </Code>
        <Code id="27028" urn="urn:sdmx:org.sdmx.infomodel.codelist.Code=ESTAT:CL_NIS_CODE_EGR(1.3).27028">
          <Name xml:lang="en" xmlns="http://www.sdmx.org/resources/sdmxml/schemas/v2_1/common">BERMUDA IP IDENTIFICATION NUMBER</Name>
        </Code>
        <Code id="32028" urn="urn:sdmx:org.sdmx.infomodel.codelist.Code=ESTAT:CL_NIS_CODE_EGR(1.3).32028">
          <Name xml:lang="en" xmlns="http://www.sdmx.org/resources/sdmxml/schemas/v2_1/common">BERMUDA OTHER ID NUMBER</Name>
        </Code>
        <Code id="25028" urn="urn:sdmx:org.sdmx.infomodel.codelist.Code=ESTAT:CL_NIS_CODE_EGR(1.3).25028">
          <Name xml:lang="en" xmlns="http://www.sdmx.org/resources/sdmxml/schemas/v2_1/common">BERMUDA STATISTICAL NUMBER</Name>
        </Code>
        <Code id="21028" urn="urn:sdmx:org.sdmx.infomodel.codelist.Code=ESTAT:CL_NIS_CODE_EGR(1.3).21028">
          <Name xml:lang="en" xmlns="http://www.sdmx.org/resources/sdmxml/schemas/v2_1/common">BERMUDA TRADE REGISTER NUMBER</Name>
        </Code>
        <Code id="22028" urn="urn:sdmx:org.sdmx.infomodel.codelist.Code=ESTAT:CL_NIS_CODE_EGR(1.3).22028">
          <Name xml:lang="en" xmlns="http://www.sdmx.org/resources/sdmxml/schemas/v2_1/common">BERMUDA VAT NUMBER</Name>
        </Code>
        <Code id="28028" urn="urn:sdmx:org.sdmx.infomodel.codelist.Code=ESTAT:CL_NIS_CODE_EGR(1.3).28028">
          <Name xml:lang="en" xmlns="http://www.sdmx.org/resources/sdmxml/schemas/v2_1/common">BERMUDA WVB COMPANY NUMBER</Name>
        </Code>
        <Code id="31033" urn="urn:sdmx:org.sdmx.infomodel.codelist.Code=ESTAT:CL_NIS_CODE_EGR(1.3).31033">
          <Name xml:lang="en" xmlns="http://www.sdmx.org/resources/sdmxml/schemas/v2_1/common">BHUTAN CHAMBER OF COMMERCE NUMBER</Name>
        </Code>
        <Code id="23033" urn="urn:sdmx:org.sdmx.infomodel.codelist.Code=ESTAT:CL_NIS_CODE_EGR(1.3).23033">
          <Name xml:lang="en" xmlns="http://www.sdmx.org/resources/sdmxml/schemas/v2_1/common">BHUTAN COMPANY ID NUMBER</Name>
        </Code>
        <Code id="29033" urn="urn:sdmx:org.sdmx.infomodel.codelist.Code=ESTAT:CL_NIS_CODE_EGR(1.3).29033">
          <Name xml:lang="en" xmlns="http://www.sdmx.org/resources/sdmxml/schemas/v2_1/common">BHUTAN DnB COMPANY NUMBER</Name>
        </Code>
        <Code id="27033" urn="urn:sdmx:org.sdmx.infomodel.codelist.Code=ESTAT:CL_NIS_CODE_EGR(1.3).27033">
          <Name xml:lang="en" xmlns="http://www.sdmx.org/resources/sdmxml/schemas/v2_1/common">BHUTAN IP IDENTIFICATION NUMBER</Name>
        </Code>
        <Code id="32033" urn="urn:sdmx:org.sdmx.infomodel.codelist.Code=ESTAT:CL_NIS_CODE_EGR(1.3).32033">
          <Name xml:lang="en" xmlns="http://www.sdmx.org/resources/sdmxml/schemas/v2_1/common">BHUTAN OTHER ID NUMBER</Name>
        </Code>
        <Code id="25033" urn="urn:sdmx:org.sdmx.infomodel.codelist.Code=ESTAT:CL_NIS_CODE_EGR(1.3).25033">
          <Name xml:lang="en" xmlns="http://www.sdmx.org/resources/sdmxml/schemas/v2_1/common">BHUTAN STATISTICAL NUMBER</Name>
        </Code>
        <Code id="21033" urn="urn:sdmx:org.sdmx.infomodel.codelist.Code=ESTAT:CL_NIS_CODE_EGR(1.3).21033">
          <Name xml:lang="en" xmlns="http://www.sdmx.org/resources/sdmxml/schemas/v2_1/common">BHUTAN TRADE REGISTER NUMBER</Name>
        </Code>
        <Code id="22033" urn="urn:sdmx:org.sdmx.infomodel.codelist.Code=ESTAT:CL_NIS_CODE_EGR(1.3).22033">
          <Name xml:lang="en" xmlns="http://www.sdmx.org/resources/sdmxml/schemas/v2_1/common">BHUTAN VAT NUMBER</Name>
        </Code>
        <Code id="28033" urn="urn:sdmx:org.sdmx.infomodel.codelist.Code=ESTAT:CL_NIS_CODE_EGR(1.3).28033">
          <Name xml:lang="en" xmlns="http://www.sdmx.org/resources/sdmxml/schemas/v2_1/common">BHUTAN WVB COMPANY NUMBER</Name>
        </Code>
        <Code id="31030" urn="urn:sdmx:org.sdmx.infomodel.codelist.Code=ESTAT:CL_NIS_CODE_EGR(1.3).31030">
          <Name xml:lang="en" xmlns="http://www.sdmx.org/resources/sdmxml/schemas/v2_1/common">BOLIVIA CHAMBER OF COMMERCE NUMBER</Name>
        </Code>
        <Code id="23030" urn="urn:sdmx:org.sdmx.infomodel.codelist.Code=ESTAT:CL_NIS_CODE_EGR(1.3).23030">
          <Name xml:lang="en" xmlns="http://www.sdmx.org/resources/sdmxml/schemas/v2_1/common">BOLIVIA COMPANY ID NUMBER</Name>
        </Code>
        <Code id="29030" urn="urn:sdmx:org.sdmx.infomodel.codelist.Code=ESTAT:CL_NIS_CODE_EGR(1.3).29030">
          <Name xml:lang="en" xmlns="http://www.sdmx.org/resources/sdmxml/schemas/v2_1/common">BOLIVIA DnB COMPANY NUMBER</Name>
        </Code>
        <Code id="27030" urn="urn:sdmx:org.sdmx.infomodel.codelist.Code=ESTAT:CL_NIS_CODE_EGR(1.3).27030">
          <Name xml:lang="en" xmlns="http://www.sdmx.org/resources/sdmxml/schemas/v2_1/common">BOLIVIA IP IDENTIFICATION NUMBER</Name>
        </Code>
        <Code id="32030" urn="urn:sdmx:org.sdmx.infomodel.codelist.Code=ESTAT:CL_NIS_CODE_EGR(1.3).32030">
          <Name xml:lang="en" xmlns="http://www.sdmx.org/resources/sdmxml/schemas/v2_1/common">BOLIVIA OTHER ID NUMBER</Name>
        </Code>
        <Code id="25030" urn="urn:sdmx:org.sdmx.infomodel.codelist.Code=ESTAT:CL_NIS_CODE_EGR(1.3).25030">
          <Name xml:lang="en" xmlns="http://www.sdmx.org/resources/sdmxml/schemas/v2_1/common">BOLIVIA STATISTICAL NUMBER</Name>
        </Code>
        <Code id="21030" urn="urn:sdmx:org.sdmx.infomodel.codelist.Code=ESTAT:CL_NIS_CODE_EGR(1.3).21030">
          <Name xml:lang="en" xmlns="http://www.sdmx.org/resources/sdmxml/schemas/v2_1/common">BOLIVIA TRADE REGISTER NUMBER</Name>
        </Code>
        <Code id="22030" urn="urn:sdmx:org.sdmx.infomodel.codelist.Code=ESTAT:CL_NIS_CODE_EGR(1.3).22030">
          <Name xml:lang="en" xmlns="http://www.sdmx.org/resources/sdmxml/schemas/v2_1/common">BOLIVIA VAT NUMBER</Name>
        </Code>
        <Code id="28030" urn="urn:sdmx:org.sdmx.infomodel.codelist.Code=ESTAT:CL_NIS_CODE_EGR(1.3).28030">
          <Name xml:lang="en" xmlns="http://www.sdmx.org/resources/sdmxml/schemas/v2_1/common">BOLIVIA WVB COMPANY NUMBER</Name>
        </Code>
        <Code id="31018" urn="urn:sdmx:org.sdmx.infomodel.codelist.Code=ESTAT:CL_NIS_CODE_EGR(1.3).31018">
          <Name xml:lang="en" xmlns="http://www.sdmx.org/resources/sdmxml/schemas/v2_1/common">BOSNIA AND HERZEGOVINA CHAMBER OF COMMERCE NUMBER</Name>
        </Code>
        <Code id="23018" urn="urn:sdmx:org.sdmx.infomodel.codelist.Code=ESTAT:CL_NIS_CODE_EGR(1.3).23018">
          <Name xml:lang="en" xmlns="http://www.sdmx.org/resources/sdmxml/schemas/v2_1/common">BOSNIA AND HERZEGOVINA COMPANY ID NUMBER</Name>
        </Code>
        <Code id="29018" urn="urn:sdmx:org.sdmx.infomodel.codelist.Code=ESTAT:CL_NIS_CODE_EGR(1.3).29018">
          <Name xml:lang="en" xmlns="http://www.sdmx.org/resources/sdmxml/schemas/v2_1/common">BOSNIA AND HERZEGOVINA DnB COMPANY NUMBER</Name>
        </Code>
        <Code id="27018" urn="urn:sdmx:org.sdmx.infomodel.codelist.Code=ESTAT:CL_NIS_CODE_EGR(1.3).27018">
          <Name xml:lang="en" xmlns="http://www.sdmx.org/resources/sdmxml/schemas/v2_1/common">BOSNIA AND HERZEGOVINA IP IDENTIFICATION NUMBER</Name>
        </Code>
        <Code id="32018" urn="urn:sdmx:org.sdmx.infomodel.codelist.Code=ESTAT:CL_NIS_CODE_EGR(1.3).32018">
          <Name xml:lang="en" xmlns="http://www.sdmx.org/resources/sdmxml/schemas/v2_1/common">BOSNIA AND HERZEGOVINA OTHER ID NUMBER</Name>
        </Code>
        <Code id="25018" urn="urn:sdmx:org.sdmx.infomodel.codelist.Code=ESTAT:CL_NIS_CODE_EGR(1.3).25018">
          <Name xml:lang="en" xmlns="http://www.sdmx.org/resources/sdmxml/schemas/v2_1/common">BOSNIA AND HERZEGOVINA STATISTICAL NUMBER</Name>
        </Code>
        <Code id="21018" urn="urn:sdmx:org.sdmx.infomodel.codelist.Code=ESTAT:CL_NIS_CODE_EGR(1.3).21018">
          <Name xml:lang="en" xmlns="http://www.sdmx.org/resources/sdmxml/schemas/v2_1/common">BOSNIA AND HERZEGOVINA TRADE REGISTER NUMBER</Name>
        </Code>
        <Code id="22018" urn="urn:sdmx:org.sdmx.infomodel.codelist.Code=ESTAT:CL_NIS_CODE_EGR(1.3).22018">
          <Name xml:lang="en" xmlns="http://www.sdmx.org/resources/sdmxml/schemas/v2_1/common">BOSNIA AND HERZEGOVINA VAT NUMBER</Name>
        </Code>
        <Code id="28018" urn="urn:sdmx:org.sdmx.infomodel.codelist.Code=ESTAT:CL_NIS_CODE_EGR(1.3).28018">
          <Name xml:lang="en" xmlns="http://www.sdmx.org/resources/sdmxml/schemas/v2_1/common">BOSNIA AND HERZEGOVINA WVB COMPANY NUMBER</Name>
        </Code>
        <Code id="31035" urn="urn:sdmx:org.sdmx.infomodel.codelist.Code=ESTAT:CL_NIS_CODE_EGR(1.3).31035">
          <Name xml:lang="en" xmlns="http://www.sdmx.org/resources/sdmxml/schemas/v2_1/common">BOTSWANA CHAMBER OF COMMERCE NUMBER</Name>
        </Code>
        <Code id="23035" urn="urn:sdmx:org.sdmx.infomodel.codelist.Code=ESTAT:CL_NIS_CODE_EGR(1.3).23035">
          <Name xml:lang="en" xmlns="http://www.sdmx.org/resources/sdmxml/schemas/v2_1/common">BOTSWANA COMPANY ID NUMBER</Name>
        </Code>
        <Code id="29035" urn="urn:sdmx:org.sdmx.infomodel.codelist.Code=ESTAT:CL_NIS_CODE_EGR(1.3).29035">
          <Name xml:lang="en" xmlns="http://www.sdmx.org/resources/sdmxml/schemas/v2_1/common">BOTSWANA DnB COMPANY NUMBER</Name>
        </Code>
        <Code id="27035" urn="urn:sdmx:org.sdmx.infomodel.codelist.Code=ESTAT:CL_NIS_CODE_EGR(1.3).27035">
          <Name xml:lang="en" xmlns="http://www.sdmx.org/resources/sdmxml/schemas/v2_1/common">BOTSWANA IP IDENTIFICATION NUMBER</Name>
        </Code>
        <Code id="32035" urn="urn:sdmx:org.sdmx.infomodel.codelist.Code=ESTAT:CL_NIS_CODE_EGR(1.3).32035">
          <Name xml:lang="en" xmlns="http://www.sdmx.org/resources/sdmxml/schemas/v2_1/common">BOTSWANA OTHER ID NUMBER</Name>
        </Code>
        <Code id="25035" urn="urn:sdmx:org.sdmx.infomodel.codelist.Code=ESTAT:CL_NIS_CODE_EGR(1.3).25035">
          <Name xml:lang="en" xmlns="http://www.sdmx.org/resources/sdmxml/schemas/v2_1/common">BOTSWANA STATISTICAL NUMBER</Name>
        </Code>
        <Code id="21035" urn="urn:sdmx:org.sdmx.infomodel.codelist.Code=ESTAT:CL_NIS_CODE_EGR(1.3).21035">
          <Name xml:lang="en" xmlns="http://www.sdmx.org/resources/sdmxml/schemas/v2_1/common">BOTSWANA TRADE REGISTER NUMBER</Name>
        </Code>
        <Code id="22035" urn="urn:sdmx:org.sdmx.infomodel.codelist.Code=ESTAT:CL_NIS_CODE_EGR(1.3).22035">
          <Name xml:lang="en" xmlns="http://www.sdmx.org/resources/sdmxml/schemas/v2_1/common">BOTSWANA VAT NUMBER</Name>
        </Code>
        <Code id="28035" urn="urn:sdmx:org.sdmx.infomodel.codelist.Code=ESTAT:CL_NIS_CODE_EGR(1.3).28035">
          <Name xml:lang="en" xmlns="http://www.sdmx.org/resources/sdmxml/schemas/v2_1/common">BOTSWANA WVB COMPANY NUMBER</Name>
        </Code>
        <Code id="31034" urn="urn:sdmx:org.sdmx.infomodel.codelist.Code=ESTAT:CL_NIS_CODE_EGR(1.3).31034">
          <Name xml:lang="en" xmlns="http://www.sdmx.org/resources/sdmxml/schemas/v2_1/common">BOUVET ISLAND CHAMBER OF COMMERCE NUMBER</Name>
        </Code>
        <Code id="23034" urn="urn:sdmx:org.sdmx.infomodel.codelist.Code=ESTAT:CL_NIS_CODE_EGR(1.3).23034">
          <Name xml:lang="en" xmlns="http://www.sdmx.org/resources/sdmxml/schemas/v2_1/common">BOUVET ISLAND COMPANY ID NUMBER</Name>
        </Code>
        <Code id="29034" urn="urn:sdmx:org.sdmx.infomodel.codelist.Code=ESTAT:CL_NIS_CODE_EGR(1.3).29034">
          <Name xml:lang="en" xmlns="http://www.sdmx.org/resources/sdmxml/schemas/v2_1/common">BOUVET ISLAND DnB COMPANY NUMBER</Name>
        </Code>
        <Code id="27034" urn="urn:sdmx:org.sdmx.infomodel.codelist.Code=ESTAT:CL_NIS_CODE_EGR(1.3).27034">
          <Name xml:lang="en" xmlns="http://www.sdmx.org/resources/sdmxml/schemas/v2_1/common">BOUVET ISLAND IP IDENTIFICATION NUMBER</Name>
        </Code>
        <Code id="32034" urn="urn:sdmx:org.sdmx.infomodel.codelist.Code=ESTAT:CL_NIS_CODE_EGR(1.3).32034">
          <Name xml:lang="en" xmlns="http://www.sdmx.org/resources/sdmxml/schemas/v2_1/common">BOUVET ISLAND OTHER ID NUMBER</Name>
        </Code>
        <Code id="25034" urn="urn:sdmx:org.sdmx.infomodel.codelist.Code=ESTAT:CL_NIS_CODE_EGR(1.3).25034">
          <Name xml:lang="en" xmlns="http://www.sdmx.org/resources/sdmxml/schemas/v2_1/common">BOUVET ISLAND STATISTICAL NUMBER</Name>
        </Code>
        <Code id="21034" urn="urn:sdmx:org.sdmx.infomodel.codelist.Code=ESTAT:CL_NIS_CODE_EGR(1.3).21034">
          <Name xml:lang="en" xmlns="http://www.sdmx.org/resources/sdmxml/schemas/v2_1/common">BOUVET ISLAND TRADE REGISTER NUMBER</Name>
        </Code>
        <Code id="22034" urn="urn:sdmx:org.sdmx.infomodel.codelist.Code=ESTAT:CL_NIS_CODE_EGR(1.3).22034">
          <Name xml:lang="en" xmlns="http://www.sdmx.org/resources/sdmxml/schemas/v2_1/common">BOUVET ISLAND VAT NUMBER</Name>
        </Code>
        <Code id="28034" urn="urn:sdmx:org.sdmx.infomodel.codelist.Code=ESTAT:CL_NIS_CODE_EGR(1.3).28034">
          <Name xml:lang="en" xmlns="http://www.sdmx.org/resources/sdmxml/schemas/v2_1/common">BOUVET ISLAND WVB COMPANY NUMBER</Name>
        </Code>
        <Code id="31031" urn="urn:sdmx:org.sdmx.infomodel.codelist.Code=ESTAT:CL_NIS_CODE_EGR(1.3).31031">
          <Name xml:lang="en" xmlns="http://www.sdmx.org/resources/sdmxml/schemas/v2_1/common">BRAZIL CHAMBER OF COMMERCE NUMBER</Name>
        </Code>
        <Code id="23031" urn="urn:sdmx:org.sdmx.infomodel.codelist.Code=ESTAT:CL_NIS_CODE_EGR(1.3).23031">
          <Name xml:lang="en" xmlns="http://www.sdmx.org/resources/sdmxml/schemas/v2_1/common">BRAZIL COMPANY ID NUMBER</Name>
        </Code>
        <Code id="29031" urn="urn:sdmx:org.sdmx.infomodel.codelist.Code=ESTAT:CL_NIS_CODE_EGR(1.3).29031">
          <Name xml:lang="en" xmlns="http://www.sdmx.org/resources/sdmxml/schemas/v2_1/common">BRAZIL DnB COMPANY NUMBER</Name>
        </Code>
        <Code id="27031" urn="urn:sdmx:org.sdmx.infomodel.codelist.Code=ESTAT:CL_NIS_CODE_EGR(1.3).27031">
          <Name xml:lang="en" xmlns="http://www.sdmx.org/resources/sdmxml/schemas/v2_1/common">BRAZIL IP IDENTIFICATION NUMBER</Name>
        </Code>
        <Code id="32031" urn="urn:sdmx:org.sdmx.infomodel.codelist.Code=ESTAT:CL_NIS_CODE_EGR(1.3).32031">
          <Name xml:lang="en" xmlns="http://www.sdmx.org/resources/sdmxml/schemas/v2_1/common">BRAZIL OTHER ID NUMBER</Name>
        </Code>
        <Code id="25031" urn="urn:sdmx:org.sdmx.infomodel.codelist.Code=ESTAT:CL_NIS_CODE_EGR(1.3).25031">
          <Name xml:lang="en" xmlns="http://www.sdmx.org/resources/sdmxml/schemas/v2_1/common">BRAZIL STATISTICAL NUMBER</Name>
        </Code>
        <Code id="21031" urn="urn:sdmx:org.sdmx.infomodel.codelist.Code=ESTAT:CL_NIS_CODE_EGR(1.3).21031">
          <Name xml:lang="en" xmlns="http://www.sdmx.org/resources/sdmxml/schemas/v2_1/common">BRAZIL TRADE REGISTER NUMBER</Name>
        </Code>
        <Code id="22031" urn="urn:sdmx:org.sdmx.infomodel.codelist.Code=ESTAT:CL_NIS_CODE_EGR(1.3).22031">
          <Name xml:lang="en" xmlns="http://www.sdmx.org/resources/sdmxml/schemas/v2_1/common">BRAZIL VAT NUMBER</Name>
        </Code>
        <Code id="28031" urn="urn:sdmx:org.sdmx.infomodel.codelist.Code=ESTAT:CL_NIS_CODE_EGR(1.3).28031">
          <Name xml:lang="en" xmlns="http://www.sdmx.org/resources/sdmxml/schemas/v2_1/common">BRAZIL WVB COMPANY NUMBER</Name>
        </Code>
        <Code id="31105" urn="urn:sdmx:org.sdmx.infomodel.codelist.Code=ESTAT:CL_NIS_CODE_EGR(1.3).31105">
          <Name xml:lang="en" xmlns="http://www.sdmx.org/resources/sdmxml/schemas/v2_1/common">BRITISH INDIAN OCEAN TERRITORY CHAMBER OF COMMERCE NUMBER</Name>
        </Code>
        <Code id="23105" urn="urn:sdmx:org.sdmx.infomodel.codelist.Code=ESTAT:CL_NIS_CODE_EGR(1.3).23105">
          <Name xml:lang="en" xmlns="http://www.sdmx.org/resources/sdmxml/schemas/v2_1/common">BRITISH INDIAN OCEAN TERRITORY COMPANY ID NUMBER</Name>
        </Code>
        <Code id="29105" urn="urn:sdmx:org.sdmx.infomodel.codelist.Code=ESTAT:CL_NIS_CODE_EGR(1.3).29105">
          <Name xml:lang="en" xmlns="http://www.sdmx.org/resources/sdmxml/schemas/v2_1/common">BRITISH INDIAN OCEAN TERRITORY DnB COMPANY NUMBER</Name>
        </Code>
        <Code id="27105" urn="urn:sdmx:org.sdmx.infomodel.codelist.Code=ESTAT:CL_NIS_CODE_EGR(1.3).27105">
          <Name xml:lang="en" xmlns="http://www.sdmx.org/resources/sdmxml/schemas/v2_1/common">BRITISH INDIAN OCEAN TERRITORY IP IDENTIFICATION NUMBER</Name>
        </Code>
        <Code id="32105" urn="urn:sdmx:org.sdmx.infomodel.codelist.Code=ESTAT:CL_NIS_CODE_EGR(1.3).32105">
          <Name xml:lang="en" xmlns="http://www.sdmx.org/resources/sdmxml/schemas/v2_1/common">BRITISH INDIAN OCEAN TERRITORY OTHER ID NUMBER</Name>
        </Code>
        <Code id="25105" urn="urn:sdmx:org.sdmx.infomodel.codelist.Code=ESTAT:CL_NIS_CODE_EGR(1.3).25105">
          <Name xml:lang="en" xmlns="http://www.sdmx.org/resources/sdmxml/schemas/v2_1/common">BRITISH INDIAN OCEAN TERRITORY STATISTICAL NUMBER</Name>
        </Code>
        <Code id="21105" urn="urn:sdmx:org.sdmx.infomodel.codelist.Code=ESTAT:CL_NIS_CODE_EGR(1.3).21105">
          <Name xml:lang="en" xmlns="http://www.sdmx.org/resources/sdmxml/schemas/v2_1/common">BRITISH INDIAN OCEAN TERRITORY TRADE REGISTER NUMBER</Name>
        </Code>
        <Code id="22105" urn="urn:sdmx:org.sdmx.infomodel.codelist.Code=ESTAT:CL_NIS_CODE_EGR(1.3).22105">
          <Name xml:lang="en" xmlns="http://www.sdmx.org/resources/sdmxml/schemas/v2_1/common">BRITISH INDIAN OCEAN TERRITORY VAT NUMBER</Name>
        </Code>
        <Code id="28105" urn="urn:sdmx:org.sdmx.infomodel.codelist.Code=ESTAT:CL_NIS_CODE_EGR(1.3).28105">
          <Name xml:lang="en" xmlns="http://www.sdmx.org/resources/sdmxml/schemas/v2_1/common">BRITISH INDIAN OCEAN TERRITORY WVB COMPANY NUMBER</Name>
        </Code>
        <Code id="31236" urn="urn:sdmx:org.sdmx.infomodel.codelist.Code=ESTAT:CL_NIS_CODE_EGR(1.3).31236">
          <Name xml:lang="en" xmlns="http://www.sdmx.org/resources/sdmxml/schemas/v2_1/common">BRITISH VIRGIN ISLANDS CHAMBER OF COMMERCE NUMBER</Name>
        </Code>
        <Code id="23236" urn="urn:sdmx:org.sdmx.infomodel.codelist.Code=ESTAT:CL_NIS_CODE_EGR(1.3).23236">
          <Name xml:lang="en" xmlns="http://www.sdmx.org/resources/sdmxml/schemas/v2_1/common">BRITISH VIRGIN ISLANDS COMPANY ID NUMBER</Name>
        </Code>
        <Code id="29236" urn="urn:sdmx:org.sdmx.infomodel.codelist.Code=ESTAT:CL_NIS_CODE_EGR(1.3).29236">
          <Name xml:lang="en" xmlns="http://www.sdmx.org/resources/sdmxml/schemas/v2_1/common">BRITISH VIRGIN ISLANDS DnB COMPANY NUMBER</Name>
        </Code>
        <Code id="27236" urn="urn:sdmx:org.sdmx.infomodel.codelist.Code=ESTAT:CL_NIS_CODE_EGR(1.3).27236">
          <Name xml:lang="en" xmlns="http://www.sdmx.org/resources/sdmxml/schemas/v2_1/common">BRITISH VIRGIN ISLANDS IP IDENTIFICATION NUMBER</Name>
        </Code>
        <Code id="32236" urn="urn:sdmx:org.sdmx.infomodel.codelist.Code=ESTAT:CL_NIS_CODE_EGR(1.3).32236">
          <Name xml:lang="en" xmlns="http://www.sdmx.org/resources/sdmxml/schemas/v2_1/common">BRITISH VIRGIN ISLANDS OTHER ID NUMBER</Name>
        </Code>
        <Code id="25236" urn="urn:sdmx:org.sdmx.infomodel.codelist.Code=ESTAT:CL_NIS_CODE_EGR(1.3).25236">
          <Name xml:lang="en" xmlns="http://www.sdmx.org/resources/sdmxml/schemas/v2_1/common">BRITISH VIRGIN ISLANDS STATISTICAL NUMBER</Name>
        </Code>
        <Code id="21236" urn="urn:sdmx:org.sdmx.infomodel.codelist.Code=ESTAT:CL_NIS_CODE_EGR(1.3).21236">
          <Name xml:lang="en" xmlns="http://www.sdmx.org/resources/sdmxml/schemas/v2_1/common">BRITISH VIRGIN ISLANDS TRADE REGISTER NUMBER</Name>
        </Code>
        <Code id="22236" urn="urn:sdmx:org.sdmx.infomodel.codelist.Code=ESTAT:CL_NIS_CODE_EGR(1.3).22236">
          <Name xml:lang="en" xmlns="http://www.sdmx.org/resources/sdmxml/schemas/v2_1/common">BRITISH VIRGIN ISLANDS VAT NUMBER</Name>
        </Code>
        <Code id="28236" urn="urn:sdmx:org.sdmx.infomodel.codelist.Code=ESTAT:CL_NIS_CODE_EGR(1.3).28236">
          <Name xml:lang="en" xmlns="http://www.sdmx.org/resources/sdmxml/schemas/v2_1/common">BRITISH VIRGIN ISLANDS WVB COMPANY NUMBER</Name>
        </Code>
        <Code id="31029" urn="urn:sdmx:org.sdmx.infomodel.codelist.Code=ESTAT:CL_NIS_CODE_EGR(1.3).31029">
          <Name xml:lang="en" xmlns="http://www.sdmx.org/resources/sdmxml/schemas/v2_1/common">BRUNEI DARUSSALAM CHAMBER OF COMMERCE NUMBER</Name>
        </Code>
        <Code id="23029" urn="urn:sdmx:org.sdmx.infomodel.codelist.Code=ESTAT:CL_NIS_CODE_EGR(1.3).23029">
          <Name xml:lang="en" xmlns="http://www.sdmx.org/resources/sdmxml/schemas/v2_1/common">BRUNEI DARUSSALAM COMPANY ID NUMBER</Name>
        </Code>
        <Code id="29029" urn="urn:sdmx:org.sdmx.infomodel.codelist.Code=ESTAT:CL_NIS_CODE_EGR(1.3).29029">
          <Name xml:lang="en" xmlns="http://www.sdmx.org/resources/sdmxml/schemas/v2_1/common">BRUNEI DARUSSALAM DnB COMPANY NUMBER</Name>
        </Code>
        <Code id="27029" urn="urn:sdmx:org.sdmx.infomodel.codelist.Code=ESTAT:CL_NIS_CODE_EGR(1.3).27029">
          <Name xml:lang="en" xmlns="http://www.sdmx.org/resources/sdmxml/schemas/v2_1/common">BRUNEI DARUSSALAM IP IDENTIFICATION NUMBER</Name>
        </Code>
        <Code id="32029" urn="urn:sdmx:org.sdmx.infomodel.codelist.Code=ESTAT:CL_NIS_CODE_EGR(1.3).32029">
          <Name xml:lang="en" xmlns="http://www.sdmx.org/resources/sdmxml/schemas/v2_1/common">BRUNEI DARUSSALAM OTHER ID NUMBER</Name>
        </Code>
        <Code id="25029" urn="urn:sdmx:org.sdmx.infomodel.codelist.Code=ESTAT:CL_NIS_CODE_EGR(1.3).25029">
          <Name xml:lang="en" xmlns="http://www.sdmx.org/resources/sdmxml/schemas/v2_1/common">BRUNEI DARUSSALAM STATISTICAL NUMBER</Name>
        </Code>
        <Code id="21029" urn="urn:sdmx:org.sdmx.infomodel.codelist.Code=ESTAT:CL_NIS_CODE_EGR(1.3).21029">
          <Name xml:lang="en" xmlns="http://www.sdmx.org/resources/sdmxml/schemas/v2_1/common">BRUNEI DARUSSALAM TRADE REGISTER NUMBER</Name>
        </Code>
        <Code id="22029" urn="urn:sdmx:org.sdmx.infomodel.codelist.Code=ESTAT:CL_NIS_CODE_EGR(1.3).22029">
          <Name xml:lang="en" xmlns="http://www.sdmx.org/resources/sdmxml/schemas/v2_1/common">BRUNEI DARUSSALAM VAT NUMBER</Name>
        </Code>
        <Code id="28029" urn="urn:sdmx:org.sdmx.infomodel.codelist.Code=ESTAT:CL_NIS_CODE_EGR(1.3).28029">
          <Name xml:lang="en" xmlns="http://www.sdmx.org/resources/sdmxml/schemas/v2_1/common">BRUNEI DARUSSALAM WVB COMPANY NUMBER</Name>
        </Code>
        <Code id="31023" urn="urn:sdmx:org.sdmx.infomodel.codelist.Code=ESTAT:CL_NIS_CODE_EGR(1.3).31023">
          <Name xml:lang="en" xmlns="http://www.sdmx.org/resources/sdmxml/schemas/v2_1/common">BULGARIA CHAMBER OF COMMERCE NUMBER</Name>
        </Code>
        <Code id="23023" urn="urn:sdmx:org.sdmx.infomodel.codelist.Code=ESTAT:CL_NIS_CODE_EGR(1.3).23023">
          <Name xml:lang="en" xmlns="http://www.sdmx.org/resources/sdmxml/schemas/v2_1/common">BULGARIA COMPANY ID NUMBER</Name>
        </Code>
        <Code id="29023" urn="urn:sdmx:org.sdmx.infomodel.codelist.Code=ESTAT:CL_NIS_CODE_EGR(1.3).29023">
          <Name xml:lang="en" xmlns="http://www.sdmx.org/resources/sdmxml/schemas/v2_1/common">BULGARIA DnB COMPANY NUMBER</Name>
        </Code>
        <Code id="27023" urn="urn:sdmx:org.sdmx.infomodel.codelist.Code=ESTAT:CL_NIS_CODE_EGR(1.3).27023">
          <Name xml:lang="en" xmlns="http://www.sdmx.org/resources/sdmxml/schemas/v2_1/common">BULGARIA IP IDENTIFICATION NUMBER</Name>
        </Code>
        <Code id="32023" urn="urn:sdmx:org.sdmx.infomodel.codelist.Code=ESTAT:CL_NIS_CODE_EGR(1.3).32023">
          <Name xml:lang="en" xmlns="http://www.sdmx.org/resources/sdmxml/schemas/v2_1/common">BULGARIA OTHER ID NUMBER</Name>
        </Code>
        <Code id="25023" urn="urn:sdmx:org.sdmx.infomodel.codelist.Code=ESTAT:CL_NIS_CODE_EGR(1.3).25023">
          <Name xml:lang="en" xmlns="http://www.sdmx.org/resources/sdmxml/schemas/v2_1/common">BULGARIA STATISTICAL NUMBER</Name>
        </Code>
        <Code id="21023" urn="urn:sdmx:org.sdmx.infomodel.codelist.Code=ESTAT:CL_NIS_CODE_EGR(1.3).21023">
          <Name xml:lang="en" xmlns="http://www.sdmx.org/resources/sdmxml/schemas/v2_1/common">BULGARIA TRADE REGISTER NUMBER</Name>
        </Code>
        <Code id="22023" urn="urn:sdmx:org.sdmx.infomodel.codelist.Code=ESTAT:CL_NIS_CODE_EGR(1.3).22023">
          <Name xml:lang="en" xmlns="http://www.sdmx.org/resources/sdmxml/schemas/v2_1/common">BULGARIA VAT NUMBER</Name>
        </Code>
        <Code id="28023" urn="urn:sdmx:org.sdmx.infomodel.codelist.Code=ESTAT:CL_NIS_CODE_EGR(1.3).28023">
          <Name xml:lang="en" xmlns="http://www.sdmx.org/resources/sdmxml/schemas/v2_1/common">BULGARIA WVB COMPANY NUMBER</Name>
        </Code>
        <Code id="31022" urn="urn:sdmx:org.sdmx.infomodel.codelist.Code=ESTAT:CL_NIS_CODE_EGR(1.3).31022">
          <Name xml:lang="en" xmlns="http://www.sdmx.org/resources/sdmxml/schemas/v2_1/common">BURKINA FASO CHAMBER OF COMMERCE NUMBER</Name>
        </Code>
        <Code id="23022" urn="urn:sdmx:org.sdmx.infomodel.codelist.Code=ESTAT:CL_NIS_CODE_EGR(1.3).23022">
          <Name xml:lang="en" xmlns="http://www.sdmx.org/resources/sdmxml/schemas/v2_1/common">BURKINA FASO COMPANY ID NUMBER</Name>
        </Code>
        <Code id="29022" urn="urn:sdmx:org.sdmx.infomodel.codelist.Code=ESTAT:CL_NIS_CODE_EGR(1.3).29022">
          <Name xml:lang="en" xmlns="http://www.sdmx.org/resources/sdmxml/schemas/v2_1/common">BURKINA FASO DnB COMPANY NUMBER</Name>
        </Code>
        <Code id="27022" urn="urn:sdmx:org.sdmx.infomodel.codelist.Code=ESTAT:CL_NIS_CODE_EGR(1.3).27022">
          <Name xml:lang="en" xmlns="http://www.sdmx.org/resources/sdmxml/schemas/v2_1/common">BURKINA FASO IP IDENTIFICATION NUMBER</Name>
        </Code>
        <Code id="32022" urn="urn:sdmx:org.sdmx.infomodel.codelist.Code=ESTAT:CL_NIS_CODE_EGR(1.3).32022">
          <Name xml:lang="en" xmlns="http://www.sdmx.org/resources/sdmxml/schemas/v2_1/common">BURKINA FASO OTHER ID NUMBER</Name>
        </Code>
        <Code id="25022" urn="urn:sdmx:org.sdmx.infomodel.codelist.Code=ESTAT:CL_NIS_CODE_EGR(1.3).25022">
          <Name xml:lang="en" xmlns="http://www.sdmx.org/resources/sdmxml/schemas/v2_1/common">BURKINA FASO STATISTICAL NUMBER</Name>
        </Code>
        <Code id="21022" urn="urn:sdmx:org.sdmx.infomodel.codelist.Code=ESTAT:CL_NIS_CODE_EGR(1.3).21022">
          <Name xml:lang="en" xmlns="http://www.sdmx.org/resources/sdmxml/schemas/v2_1/common">BURKINA FASO TRADE REGISTER NUMBER</Name>
        </Code>
        <Code id="22022" urn="urn:sdmx:org.sdmx.infomodel.codelist.Code=ESTAT:CL_NIS_CODE_EGR(1.3).22022">
          <Name xml:lang="en" xmlns="http://www.sdmx.org/resources/sdmxml/schemas/v2_1/common">BURKINA FASO VAT NUMBER</Name>
        </Code>
        <Code id="28022" urn="urn:sdmx:org.sdmx.infomodel.codelist.Code=ESTAT:CL_NIS_CODE_EGR(1.3).28022">
          <Name xml:lang="en" xmlns="http://www.sdmx.org/resources/sdmxml/schemas/v2_1/common">BURKINA FASO WVB COMPANY NUMBER</Name>
        </Code>
        <Code id="31025" urn="urn:sdmx:org.sdmx.infomodel.codelist.Code=ESTAT:CL_NIS_CODE_EGR(1.3).31025">
          <Name xml:lang="en" xmlns="http://www.sdmx.org/resources/sdmxml/schemas/v2_1/common">BURUNDI CHAMBER OF COMMERCE NUMBER</Name>
        </Code>
        <Code id="23025" urn="urn:sdmx:org.sdmx.infomodel.codelist.Code=ESTAT:CL_NIS_CODE_EGR(1.3).23025">
          <Name xml:lang="en" xmlns="http://www.sdmx.org/resources/sdmxml/schemas/v2_1/common">BURUNDI COMPANY ID NUMBER</Name>
        </Code>
        <Code id="29025" urn="urn:sdmx:org.sdmx.infomodel.codelist.Code=ESTAT:CL_NIS_CODE_EGR(1.3).29025">
          <Name xml:lang="en" xmlns="http://www.sdmx.org/resources/sdmxml/schemas/v2_1/common">BURUNDI DnB COMPANY NUMBER</Name>
        </Code>
        <Code id="27025" urn="urn:sdmx:org.sdmx.infomodel.codelist.Code=ESTAT:CL_NIS_CODE_EGR(1.3).27025">
          <Name xml:lang="en" xmlns="http://www.sdmx.org/resources/sdmxml/schemas/v2_1/common">BURUNDI IP IDENTIFICATION NUMBER</Name>
        </Code>
        <Code id="32025" urn="urn:sdmx:org.sdmx.infomodel.codelist.Code=ESTAT:CL_NIS_CODE_EGR(1.3).32025">
          <Name xml:lang="en" xmlns="http://www.sdmx.org/resources/sdmxml/schemas/v2_1/common">BURUNDI OTHER ID NUMBER</Name>
        </Code>
        <Code id="25025" urn="urn:sdmx:org.sdmx.infomodel.codelist.Code=ESTAT:CL_NIS_CODE_EGR(1.3).25025">
          <Name xml:lang="en" xmlns="http://www.sdmx.org/resources/sdmxml/schemas/v2_1/common">BURUNDI STATISTICAL NUMBER</Name>
        </Code>
        <Code id="21025" urn="urn:sdmx:org.sdmx.infomodel.codelist.Code=ESTAT:CL_NIS_CODE_EGR(1.3).21025">
          <Name xml:lang="en" xmlns="http://www.sdmx.org/resources/sdmxml/schemas/v2_1/common">BURUNDI TRADE REGISTER NUMBER</Name>
        </Code>
        <Code id="22025" urn="urn:sdmx:org.sdmx.infomodel.codelist.Code=ESTAT:CL_NIS_CODE_EGR(1.3).22025">
          <Name xml:lang="en" xmlns="http://www.sdmx.org/resources/sdmxml/schemas/v2_1/common">BURUNDI VAT NUMBER</Name>
        </Code>
        <Code id="28025" urn="urn:sdmx:org.sdmx.infomodel.codelist.Code=ESTAT:CL_NIS_CODE_EGR(1.3).28025">
          <Name xml:lang="en" xmlns="http://www.sdmx.org/resources/sdmxml/schemas/v2_1/common">BURUNDI WVB COMPANY NUMBER</Name>
        </Code>
        <Code id="31116" urn="urn:sdmx:org.sdmx.infomodel.codelist.Code=ESTAT:CL_NIS_CODE_EGR(1.3).31116">
          <Name xml:lang="en" xmlns="http://www.sdmx.org/resources/sdmxml/schemas/v2_1/common">CAMBODIA CHAMBER OF COMMERCE NUMBER</Name>
        </Code>
        <Code id="23116" urn="urn:sdmx:org.sdmx.infomodel.codelist.Code=ESTAT:CL_NIS_CODE_EGR(1.3).23116">
          <Name xml:lang="en" xmlns="http://www.sdmx.org/resources/sdmxml/schemas/v2_1/common">CAMBODIA COMPANY ID NUMBER</Name>
        </Code>
        <Code id="29116" urn="urn:sdmx:org.sdmx.infomodel.codelist.Code=ESTAT:CL_NIS_CODE_EGR(1.3).29116">
          <Name xml:lang="en" xmlns="http://www.sdmx.org/resources/sdmxml/schemas/v2_1/common">CAMBODIA DnB COMPANY NUMBER</Name>
        </Code>
        <Code id="27116" urn="urn:sdmx:org.sdmx.infomodel.codelist.Code=ESTAT:CL_NIS_CODE_EGR(1.3).27116">
          <Name xml:lang="en" xmlns="http://www.sdmx.org/resources/sdmxml/schemas/v2_1/common">CAMBODIA IP IDENTIFICATION NUMBER</Name>
        </Code>
        <Code id="32116" urn="urn:sdmx:org.sdmx.infomodel.codelist.Code=ESTAT:CL_NIS_CODE_EGR(1.3).32116">
          <Name xml:lang="en" xmlns="http://www.sdmx.org/resources/sdmxml/schemas/v2_1/common">CAMBODIA OTHER ID NUMBER</Name>
        </Code>
        <Code id="25116" urn="urn:sdmx:org.sdmx.infomodel.codelist.Code=ESTAT:CL_NIS_CODE_EGR(1.3).25116">
          <Name xml:lang="en" xmlns="http://www.sdmx.org/resources/sdmxml/schemas/v2_1/common">CAMBODIA STATISTICAL NUMBER</Name>
        </Code>
        <Code id="21116" urn="urn:sdmx:org.sdmx.infomodel.codelist.Code=ESTAT:CL_NIS_CODE_EGR(1.3).21116">
          <Name xml:lang="en" xmlns="http://www.sdmx.org/resources/sdmxml/schemas/v2_1/common">CAMBODIA TRADE REGISTER NUMBER</Name>
        </Code>
        <Code id="22116" urn="urn:sdmx:org.sdmx.infomodel.codelist.Code=ESTAT:CL_NIS_CODE_EGR(1.3).22116">
          <Name xml:lang="en" xmlns="http://www.sdmx.org/resources/sdmxml/schemas/v2_1/common">CAMBODIA VAT NUMBER</Name>
        </Code>
        <Code id="28116" urn="urn:sdmx:org.sdmx.infomodel.codelist.Code=ESTAT:CL_NIS_CODE_EGR(1.3).28116">
          <Name xml:lang="en" xmlns="http://www.sdmx.org/resources/sdmxml/schemas/v2_1/common">CAMBODIA WVB COMPANY NUMBER</Name>
        </Code>
        <Code id="31047" urn="urn:sdmx:org.sdmx.infomodel.codelist.Code=ESTAT:CL_NIS_CODE_EGR(1.3).31047">
          <Name xml:lang="en" xmlns="http://www.sdmx.org/resources/sdmxml/schemas/v2_1/common">CAMEROON CHAMBER OF COMMERCE NUMBER</Name>
        </Code>
        <Code id="23047" urn="urn:sdmx:org.sdmx.infomodel.codelist.Code=ESTAT:CL_NIS_CODE_EGR(1.3).23047">
          <Name xml:lang="en" xmlns="http://www.sdmx.org/resources/sdmxml/schemas/v2_1/common">CAMEROON COMPANY ID NUMBER</Name>
        </Code>
        <Code id="29047" urn="urn:sdmx:org.sdmx.infomodel.codelist.Code=ESTAT:CL_NIS_CODE_EGR(1.3).29047">
          <Name xml:lang="en" xmlns="http://www.sdmx.org/resources/sdmxml/schemas/v2_1/common">CAMEROON DnB COMPANY NUMBER</Name>
        </Code>
        <Code id="27047" urn="urn:sdmx:org.sdmx.infomodel.codelist.Code=ESTAT:CL_NIS_CODE_EGR(1.3).27047">
          <Name xml:lang="en" xmlns="http://www.sdmx.org/resources/sdmxml/schemas/v2_1/common">CAMEROON IP IDENTIFICATION NUMBER</Name>
        </Code>
        <Code id="32047" urn="urn:sdmx:org.sdmx.infomodel.codelist.Code=ESTAT:CL_NIS_CODE_EGR(1.3).32047">
          <Name xml:lang="en" xmlns="http://www.sdmx.org/resources/sdmxml/schemas/v2_1/common">CAMEROON OTHER ID NUMBER</Name>
        </Code>
        <Code id="25047" urn="urn:sdmx:org.sdmx.infomodel.codelist.Code=ESTAT:CL_NIS_CODE_EGR(1.3).25047">
          <Name xml:lang="en" xmlns="http://www.sdmx.org/resources/sdmxml/schemas/v2_1/common">CAMEROON STATISTICAL NUMBER</Name>
        </Code>
        <Code id="21047" urn="urn:sdmx:org.sdmx.infomodel.codelist.Code=ESTAT:CL_NIS_CODE_EGR(1.3).21047">
          <Name xml:lang="en" xmlns="http://www.sdmx.org/resources/sdmxml/schemas/v2_1/common">CAMEROON TRADE REGISTER NUMBER</Name>
        </Code>
        <Code id="22047" urn="urn:sdmx:org.sdmx.infomodel.codelist.Code=ESTAT:CL_NIS_CODE_EGR(1.3).22047">
          <Name xml:lang="en" xmlns="http://www.sdmx.org/resources/sdmxml/schemas/v2_1/common">CAMEROON VAT NUMBER</Name>
        </Code>
        <Code id="28047" urn="urn:sdmx:org.sdmx.infomodel.codelist.Code=ESTAT:CL_NIS_CODE_EGR(1.3).28047">
          <Name xml:lang="en" xmlns="http://www.sdmx.org/resources/sdmxml/schemas/v2_1/common">CAMEROON WVB COMPANY NUMBER</Name>
        </Code>
        <Code id="31038" urn="urn:sdmx:org.sdmx.infomodel.codelist.Code=ESTAT:CL_NIS_CODE_EGR(1.3).31038">
          <Name xml:lang="en" xmlns="http://www.sdmx.org/resources/sdmxml/schemas/v2_1/common">CANADA CHAMBER OF COMMERCE NUMBER</Name>
        </Code>
        <Code id="23038" urn="urn:sdmx:org.sdmx.infomodel.codelist.Code=ESTAT:CL_NIS_CODE_EGR(1.3).23038">
          <Name xml:lang="en" xmlns="http://www.sdmx.org/resources/sdmxml/schemas/v2_1/common">CANADA COMPANY ID NUMBER</Name>
        </Code>
        <Code id="29038" urn="urn:sdmx:org.sdmx.infomodel.codelist.Code=ESTAT:CL_NIS_CODE_EGR(1.3).29038">
          <Name xml:lang="en" xmlns="http://www.sdmx.org/resources/sdmxml/schemas/v2_1/common">CANADA DnB COMPANY NUMBER</Name>
        </Code>
        <Code id="27038" urn="urn:sdmx:org.sdmx.infomodel.codelist.Code=ESTAT:CL_NIS_CODE_EGR(1.3).27038">
          <Name xml:lang="en" xmlns="http://www.sdmx.org/resources/sdmxml/schemas/v2_1/common">CANADA IP IDENTIFICATION NUMBER</Name>
        </Code>
        <Code id="32038" urn="urn:sdmx:org.sdmx.infomodel.codelist.Code=ESTAT:CL_NIS_CODE_EGR(1.3).32038">
          <Name xml:lang="en" xmlns="http://www.sdmx.org/resources/sdmxml/schemas/v2_1/common">CANADA OTHER ID NUMBER</Name>
        </Code>
        <Code id="25038" urn="urn:sdmx:org.sdmx.infomodel.codelist.Code=ESTAT:CL_NIS_CODE_EGR(1.3).25038">
          <Name xml:lang="en" xmlns="http://www.sdmx.org/resources/sdmxml/schemas/v2_1/common">CANADA STATISTICAL NUMBER</Name>
        </Code>
        <Code id="21038" urn="urn:sdmx:org.sdmx.infomodel.codelist.Code=ESTAT:CL_NIS_CODE_EGR(1.3).21038">
          <Name xml:lang="en" xmlns="http://www.sdmx.org/resources/sdmxml/schemas/v2_1/common">CANADA TRADE REGISTER NUMBER</Name>
        </Code>
        <Code id="22038" urn="urn:sdmx:org.sdmx.infomodel.codelist.Code=ESTAT:CL_NIS_CODE_EGR(1.3).22038">
          <Name xml:lang="en" xmlns="http://www.sdmx.org/resources/sdmxml/schemas/v2_1/common">CANADA VAT NUMBER</Name>
        </Code>
        <Code id="28038" urn="urn:sdmx:org.sdmx.infomodel.codelist.Code=ESTAT:CL_NIS_CODE_EGR(1.3).28038">
          <Name xml:lang="en" xmlns="http://www.sdmx.org/resources/sdmxml/schemas/v2_1/common">CANADA WVB COMPANY NUMBER</Name>
        </Code>
        <Code id="31052" urn="urn:sdmx:org.sdmx.infomodel.codelist.Code=ESTAT:CL_NIS_CODE_EGR(1.3).31052">
          <Name xml:lang="en" xmlns="http://www.sdmx.org/resources/sdmxml/schemas/v2_1/common">CAPE VERDE CHAMBER OF COMMERCE NUMBER</Name>
        </Code>
        <Code id="23052" urn="urn:sdmx:org.sdmx.infomodel.codelist.Code=ESTAT:CL_NIS_CODE_EGR(1.3).23052">
          <Name xml:lang="en" xmlns="http://www.sdmx.org/resources/sdmxml/schemas/v2_1/common">CAPE VERDE COMPANY ID NUMBER</Name>
        </Code>
        <Code id="29052" urn="urn:sdmx:org.sdmx.infomodel.codelist.Code=ESTAT:CL_NIS_CODE_EGR(1.3).29052">
          <Name xml:lang="en" xmlns="http://www.sdmx.org/resources/sdmxml/schemas/v2_1/common">CAPE VERDE DnB COMPANY NUMBER</Name>
        </Code>
        <Code id="27052" urn="urn:sdmx:org.sdmx.infomodel.codelist.Code=ESTAT:CL_NIS_CODE_EGR(1.3).27052">
          <Name xml:lang="en" xmlns="http://www.sdmx.org/resources/sdmxml/schemas/v2_1/common">CAPE VERDE IP IDENTIFICATION NUMBER</Name>
        </Code>
        <Code id="32052" urn="urn:sdmx:org.sdmx.infomodel.codelist.Code=ESTAT:CL_NIS_CODE_EGR(1.3).32052">
          <Name xml:lang="en" xmlns="http://www.sdmx.org/resources/sdmxml/schemas/v2_1/common">CAPE VERDE OTHER ID NUMBER</Name>
        </Code>
        <Code id="25052" urn="urn:sdmx:org.sdmx.infomodel.codelist.Code=ESTAT:CL_NIS_CODE_EGR(1.3).25052">
          <Name xml:lang="en" xmlns="http://www.sdmx.org/resources/sdmxml/schemas/v2_1/common">CAPE VERDE STATISTICAL NUMBER</Name>
        </Code>
        <Code id="21052" urn="urn:sdmx:org.sdmx.infomodel.codelist.Code=ESTAT:CL_NIS_CODE_EGR(1.3).21052">
          <Name xml:lang="en" xmlns="http://www.sdmx.org/resources/sdmxml/schemas/v2_1/common">CAPE VERDE TRADE REGISTER NUMBER</Name>
        </Code>
        <Code id="22052" urn="urn:sdmx:org.sdmx.infomodel.codelist.Code=ESTAT:CL_NIS_CODE_EGR(1.3).22052">
          <Name xml:lang="en" xmlns="http://www.sdmx.org/resources/sdmxml/schemas/v2_1/common">CAPE VERDE VAT NUMBER</Name>
        </Code>
        <Code id="28052" urn="urn:sdmx:org.sdmx.infomodel.codelist.Code=ESTAT:CL_NIS_CODE_EGR(1.3).28052">
          <Name xml:lang="en" xmlns="http://www.sdmx.org/resources/sdmxml/schemas/v2_1/common">CAPE VERDE WVB COMPANY NUMBER</Name>
        </Code>
        <Code id="31123" urn="urn:sdmx:org.sdmx.infomodel.codelist.Code=ESTAT:CL_NIS_CODE_EGR(1.3).31123">
          <Name xml:lang="en" xmlns="http://www.sdmx.org/resources/sdmxml/schemas/v2_1/common">CAYMAN ISLANDS CHAMBER OF COMMERCE NUMBER</Name>
        </Code>
        <Code id="23123" urn="urn:sdmx:org.sdmx.infomodel.codelist.Code=ESTAT:CL_NIS_CODE_EGR(1.3).23123">
          <Name xml:lang="en" xmlns="http://www.sdmx.org/resources/sdmxml/schemas/v2_1/common">CAYMAN ISLANDS COMPANY ID NUMBER</Name>
        </Code>
        <Code id="29123" urn="urn:sdmx:org.sdmx.infomodel.codelist.Code=ESTAT:CL_NIS_CODE_EGR(1.3).29123">
          <Name xml:lang="en" xmlns="http://www.sdmx.org/resources/sdmxml/schemas/v2_1/common">CAYMAN ISLANDS DnB COMPANY NUMBER</Name>
        </Code>
        <Code id="27123" urn="urn:sdmx:org.sdmx.infomodel.codelist.Code=ESTAT:CL_NIS_CODE_EGR(1.3).27123">
          <Name xml:lang="en" xmlns="http://www.sdmx.org/resources/sdmxml/schemas/v2_1/common">CAYMAN ISLANDS IP IDENTIFICATION NUMBER</Name>
        </Code>
        <Code id="32123" urn="urn:sdmx:org.sdmx.infomodel.codelist.Code=ESTAT:CL_NIS_CODE_EGR(1.3).32123">
          <Name xml:lang="en" xmlns="http://www.sdmx.org/resources/sdmxml/schemas/v2_1/common">CAYMAN ISLANDS OTHER ID NUMBER</Name>
        </Code>
        <Code id="25123" urn="urn:sdmx:org.sdmx.infomodel.codelist.Code=ESTAT:CL_NIS_CODE_EGR(1.3).25123">
          <Name xml:lang="en" xmlns="http://www.sdmx.org/resources/sdmxml/schemas/v2_1/common">CAYMAN ISLANDS STATISTICAL NUMBER</Name>
        </Code>
        <Code id="21123" urn="urn:sdmx:org.sdmx.infomodel.codelist.Code=ESTAT:CL_NIS_CODE_EGR(1.3).21123">
          <Name xml:lang="en" xmlns="http://www.sdmx.org/resources/sdmxml/schemas/v2_1/common">CAYMAN ISLANDS TRADE REGISTER NUMBER</Name>
        </Code>
        <Code id="22123" urn="urn:sdmx:org.sdmx.infomodel.codelist.Code=ESTAT:CL_NIS_CODE_EGR(1.3).22123">
          <Name xml:lang="en" xmlns="http://www.sdmx.org/resources/sdmxml/schemas/v2_1/common">CAYMAN ISLANDS VAT NUMBER</Name>
        </Code>
        <Code id="28123" urn="urn:sdmx:org.sdmx.infomodel.codelist.Code=ESTAT:CL_NIS_CODE_EGR(1.3).28123">
          <Name xml:lang="en" xmlns="http://www.sdmx.org/resources/sdmxml/schemas/v2_1/common">CAYMAN ISLANDS WVB COMPANY NUMBER</Name>
        </Code>
        <Code id="31041" urn="urn:sdmx:org.sdmx.infomodel.codelist.Code=ESTAT:CL_NIS_CODE_EGR(1.3).31041">
          <Name xml:lang="en" xmlns="http://www.sdmx.org/resources/sdmxml/schemas/v2_1/common">CENTRAL AFRICAN REPUBLIC CHAMBER OF COMMERCE NUMBER</Name>
        </Code>
        <Code id="23041" urn="urn:sdmx:org.sdmx.infomodel.codelist.Code=ESTAT:CL_NIS_CODE_EGR(1.3).23041">
          <Name xml:lang="en" xmlns="http://www.sdmx.org/resources/sdmxml/schemas/v2_1/common">CENTRAL AFRICAN REPUBLIC COMPANY ID NUMBER</Name>
        </Code>
        <Code id="29041" urn="urn:sdmx:org.sdmx.infomodel.codelist.Code=ESTAT:CL_NIS_CODE_EGR(1.3).29041">
          <Name xml:lang="en" xmlns="http://www.sdmx.org/resources/sdmxml/schemas/v2_1/common">CENTRAL AFRICAN REPUBLIC DnB COMPANY NUMBER</Name>
        </Code>
        <Code id="27041" urn="urn:sdmx:org.sdmx.infomodel.codelist.Code=ESTAT:CL_NIS_CODE_EGR(1.3).27041">
          <Name xml:lang="en" xmlns="http://www.sdmx.org/resources/sdmxml/schemas/v2_1/common">CENTRAL AFRICAN REPUBLIC IP IDENTIFICATION NUMBER</Name>
        </Code>
        <Code id="32041" urn="urn:sdmx:org.sdmx.infomodel.codelist.Code=ESTAT:CL_NIS_CODE_EGR(1.3).32041">
          <Name xml:lang="en" xmlns="http://www.sdmx.org/resources/sdmxml/schemas/v2_1/common">CENTRAL AFRICAN REPUBLIC OTHER ID NUMBER</Name>
        </Code>
        <Code id="25041" urn="urn:sdmx:org.sdmx.infomodel.codelist.Code=ESTAT:CL_NIS_CODE_EGR(1.3).25041">
          <Name xml:lang="en" xmlns="http://www.sdmx.org/resources/sdmxml/schemas/v2_1/common">CENTRAL AFRICAN REPUBLIC STATISTICAL NUMBER</Name>
        </Code>
        <Code id="21041" urn="urn:sdmx:org.sdmx.infomodel.codelist.Code=ESTAT:CL_NIS_CODE_EGR(1.3).21041">
          <Name xml:lang="en" xmlns="http://www.sdmx.org/resources/sdmxml/schemas/v2_1/common">CENTRAL AFRICAN REPUBLIC TRADE REGISTER NUMBER</Name>
        </Code>
        <Code id="22041" urn="urn:sdmx:org.sdmx.infomodel.codelist.Code=ESTAT:CL_NIS_CODE_EGR(1.3).22041">
          <Name xml:lang="en" xmlns="http://www.sdmx.org/resources/sdmxml/schemas/v2_1/common">CENTRAL AFRICAN REPUBLIC VAT NUMBER</Name>
        </Code>
        <Code id="28041" urn="urn:sdmx:org.sdmx.infomodel.codelist.Code=ESTAT:CL_NIS_CODE_EGR(1.3).28041">
          <Name xml:lang="en" xmlns="http://www.sdmx.org/resources/sdmxml/schemas/v2_1/common">CENTRAL AFRICAN REPUBLIC WVB COMPANY NUMBER</Name>
        </Code>
        <Code id="31212" urn="urn:sdmx:org.sdmx.infomodel.codelist.Code=ESTAT:CL_NIS_CODE_EGR(1.3).31212">
          <Name xml:lang="en" xmlns="http://www.sdmx.org/resources/sdmxml/schemas/v2_1/common">CHAD CHAMBER OF COMMERCE NUMBER</Name>
        </Code>
        <Code id="23212" urn="urn:sdmx:org.sdmx.infomodel.codelist.Code=ESTAT:CL_NIS_CODE_EGR(1.3).23212">
          <Name xml:lang="en" xmlns="http://www.sdmx.org/resources/sdmxml/schemas/v2_1/common">CHAD COMPANY ID NUMBER</Name>
        </Code>
        <Code id="29212" urn="urn:sdmx:org.sdmx.infomodel.codelist.Code=ESTAT:CL_NIS_CODE_EGR(1.3).29212">
          <Name xml:lang="en" xmlns="http://www.sdmx.org/resources/sdmxml/schemas/v2_1/common">CHAD DnB COMPANY NUMBER</Name>
        </Code>
        <Code id="27212" urn="urn:sdmx:org.sdmx.infomodel.codelist.Code=ESTAT:CL_NIS_CODE_EGR(1.3).27212">
          <Name xml:lang="en" xmlns="http://www.sdmx.org/resources/sdmxml/schemas/v2_1/common">CHAD IP IDENTIFICATION NUMBER</Name>
        </Code>
        <Code id="32212" urn="urn:sdmx:org.sdmx.infomodel.codelist.Code=ESTAT:CL_NIS_CODE_EGR(1.3).32212">
          <Name xml:lang="en" xmlns="http://www.sdmx.org/resources/sdmxml/schemas/v2_1/common">CHAD OTHER ID NUMBER</Name>
        </Code>
        <Code id="25212" urn="urn:sdmx:org.sdmx.infomodel.codelist.Code=ESTAT:CL_NIS_CODE_EGR(1.3).25212">
          <Name xml:lang="en" xmlns="http://www.sdmx.org/resources/sdmxml/schemas/v2_1/common">CHAD STATISTICAL NUMBER</Name>
        </Code>
        <Code id="21212" urn="urn:sdmx:org.sdmx.infomodel.codelist.Code=ESTAT:CL_NIS_CODE_EGR(1.3).21212">
          <Name xml:lang="en" xmlns="http://www.sdmx.org/resources/sdmxml/schemas/v2_1/common">CHAD TRADE REGISTER NUMBER</Name>
        </Code>
        <Code id="22212" urn="urn:sdmx:org.sdmx.infomodel.codelist.Code=ESTAT:CL_NIS_CODE_EGR(1.3).22212">
          <Name xml:lang="en" xmlns="http://www.sdmx.org/resources/sdmxml/schemas/v2_1/common">CHAD VAT NUMBER</Name>
        </Code>
        <Code id="28212" urn="urn:sdmx:org.sdmx.infomodel.codelist.Code=ESTAT:CL_NIS_CODE_EGR(1.3).28212">
          <Name xml:lang="en" xmlns="http://www.sdmx.org/resources/sdmxml/schemas/v2_1/common">CHAD WVB COMPANY NUMBER</Name>
        </Code>
        <Code id="31046" urn="urn:sdmx:org.sdmx.infomodel.codelist.Code=ESTAT:CL_NIS_CODE_EGR(1.3).31046">
          <Name xml:lang="en" xmlns="http://www.sdmx.org/resources/sdmxml/schemas/v2_1/common">CHILE CHAMBER OF COMMERCE NUMBER</Name>
        </Code>
        <Code id="23046" urn="urn:sdmx:org.sdmx.infomodel.codelist.Code=ESTAT:CL_NIS_CODE_EGR(1.3).23046">
          <Name xml:lang="en" xmlns="http://www.sdmx.org/resources/sdmxml/schemas/v2_1/common">CHILE COMPANY ID NUMBER</Name>
        </Code>
        <Code id="29046" urn="urn:sdmx:org.sdmx.infomodel.codelist.Code=ESTAT:CL_NIS_CODE_EGR(1.3).29046">
          <Name xml:lang="en" xmlns="http://www.sdmx.org/resources/sdmxml/schemas/v2_1/common">CHILE DnB COMPANY NUMBER</Name>
        </Code>
        <Code id="27046" urn="urn:sdmx:org.sdmx.infomodel.codelist.Code=ESTAT:CL_NIS_CODE_EGR(1.3).27046">
          <Name xml:lang="en" xmlns="http://www.sdmx.org/resources/sdmxml/schemas/v2_1/common">CHILE IP IDENTIFICATION NUMBER</Name>
        </Code>
        <Code id="32046" urn="urn:sdmx:org.sdmx.infomodel.codelist.Code=ESTAT:CL_NIS_CODE_EGR(1.3).32046">
          <Name xml:lang="en" xmlns="http://www.sdmx.org/resources/sdmxml/schemas/v2_1/common">CHILE OTHER ID NUMBER</Name>
        </Code>
        <Code id="25046" urn="urn:sdmx:org.sdmx.infomodel.codelist.Code=ESTAT:CL_NIS_CODE_EGR(1.3).25046">
          <Name xml:lang="en" xmlns="http://www.sdmx.org/resources/sdmxml/schemas/v2_1/common">CHILE STATISTICAL NUMBER</Name>
        </Code>
        <Code id="21046" urn="urn:sdmx:org.sdmx.infomodel.codelist.Code=ESTAT:CL_NIS_CODE_EGR(1.3).21046">
          <Name xml:lang="en" xmlns="http://www.sdmx.org/resources/sdmxml/schemas/v2_1/common">CHILE TRADE REGISTER NUMBER</Name>
        </Code>
        <Code id="22046" urn="urn:sdmx:org.sdmx.infomodel.codelist.Code=ESTAT:CL_NIS_CODE_EGR(1.3).22046">
          <Name xml:lang="en" xmlns="http://www.sdmx.org/resources/sdmxml/schemas/v2_1/common">CHILE VAT NUMBER</Name>
        </Code>
        <Code id="28046" urn="urn:sdmx:org.sdmx.infomodel.codelist.Code=ESTAT:CL_NIS_CODE_EGR(1.3).28046">
          <Name xml:lang="en" xmlns="http://www.sdmx.org/resources/sdmxml/schemas/v2_1/common">CHILE WVB COMPANY NUMBER</Name>
        </Code>
        <Code id="31048" urn="urn:sdmx:org.sdmx.infomodel.codelist.Code=ESTAT:CL_NIS_CODE_EGR(1.3).31048">
          <Name xml:lang="en" xmlns="http://www.sdmx.org/resources/sdmxml/schemas/v2_1/common">CHINA CHAMBER OF COMMERCE NUMBER</Name>
        </Code>
        <Code id="23048" urn="urn:sdmx:org.sdmx.infomodel.codelist.Code=ESTAT:CL_NIS_CODE_EGR(1.3).23048">
          <Name xml:lang="en" xmlns="http://www.sdmx.org/resources/sdmxml/schemas/v2_1/common">CHINA COMPANY ID NUMBER</Name>
        </Code>
        <Code id="29048" urn="urn:sdmx:org.sdmx.infomodel.codelist.Code=ESTAT:CL_NIS_CODE_EGR(1.3).29048">
          <Name xml:lang="en" xmlns="http://www.sdmx.org/resources/sdmxml/schemas/v2_1/common">CHINA DnB COMPANY NUMBER</Name>
        </Code>
        <Code id="27048" urn="urn:sdmx:org.sdmx.infomodel.codelist.Code=ESTAT:CL_NIS_CODE_EGR(1.3).27048">
          <Name xml:lang="en" xmlns="http://www.sdmx.org/resources/sdmxml/schemas/v2_1/common">CHINA IP IDENTIFICATION NUMBER</Name>
        </Code>
        <Code id="32048" urn="urn:sdmx:org.sdmx.infomodel.codelist.Code=ESTAT:CL_NIS_CODE_EGR(1.3).32048">
          <Name xml:lang="en" xmlns="http://www.sdmx.org/resources/sdmxml/schemas/v2_1/common">CHINA OTHER ID NUMBER</Name>
        </Code>
        <Code id="25048" urn="urn:sdmx:org.sdmx.infomodel.codelist.Code=ESTAT:CL_NIS_CODE_EGR(1.3).25048">
          <Name xml:lang="en" xmlns="http://www.sdmx.org/resources/sdmxml/schemas/v2_1/common">CHINA STATISTICAL NUMBER</Name>
        </Code>
        <Code id="21048" urn="urn:sdmx:org.sdmx.infomodel.codelist.Code=ESTAT:CL_NIS_CODE_EGR(1.3).21048">
          <Name xml:lang="en" xmlns="http://www.sdmx.org/resources/sdmxml/schemas/v2_1/common">CHINA TRADE REGISTER NUMBER</Name>
        </Code>
        <Code id="22048" urn="urn:sdmx:org.sdmx.infomodel.codelist.Code=ESTAT:CL_NIS_CODE_EGR(1.3).22048">
          <Name xml:lang="en" xmlns="http://www.sdmx.org/resources/sdmxml/schemas/v2_1/common">CHINA VAT NUMBER</Name>
        </Code>
        <Code id="28048" urn="urn:sdmx:org.sdmx.infomodel.codelist.Code=ESTAT:CL_NIS_CODE_EGR(1.3).28048">
          <Name xml:lang="en" xmlns="http://www.sdmx.org/resources/sdmxml/schemas/v2_1/common">CHINA WVB COMPANY NUMBER</Name>
        </Code>
        <Code id="31053" urn="urn:sdmx:org.sdmx.infomodel.codelist.Code=ESTAT:CL_NIS_CODE_EGR(1.3).31053">
          <Name xml:lang="en" xmlns="http://www.sdmx.org/resources/sdmxml/schemas/v2_1/common">CHRISTMAS ISLAND CHAMBER OF COMMERCE NUMBER</Name>
        </Code>
        <Code id="23053" urn="urn:sdmx:org.sdmx.infomodel.codelist.Code=ESTAT:CL_NIS_CODE_EGR(1.3).23053">
          <Name xml:lang="en" xmlns="http://www.sdmx.org/resources/sdmxml/schemas/v2_1/common">CHRISTMAS ISLAND COMPANY ID NUMBER</Name>
        </Code>
        <Code id="29053" urn="urn:sdmx:org.sdmx.infomodel.codelist.Code=ESTAT:CL_NIS_CODE_EGR(1.3).29053">
          <Name xml:lang="en" xmlns="http://www.sdmx.org/resources/sdmxml/schemas/v2_1/common">CHRISTMAS ISLAND DnB COMPANY NUMBER</Name>
        </Code>
        <Code id="27053" urn="urn:sdmx:org.sdmx.infomodel.codelist.Code=ESTAT:CL_NIS_CODE_EGR(1.3).27053">
          <Name xml:lang="en" xmlns="http://www.sdmx.org/resources/sdmxml/schemas/v2_1/common">CHRISTMAS ISLAND IP IDENTIFICATION NUMBER</Name>
        </Code>
        <Code id="32053" urn="urn:sdmx:org.sdmx.infomodel.codelist.Code=ESTAT:CL_NIS_CODE_EGR(1.3).32053">
          <Name xml:lang="en" xmlns="http://www.sdmx.org/resources/sdmxml/schemas/v2_1/common">CHRISTMAS ISLAND OTHER ID NUMBER</Name>
        </Code>
        <Code id="25053" urn="urn:sdmx:org.sdmx.infomodel.codelist.Code=ESTAT:CL_NIS_CODE_EGR(1.3).25053">
          <Name xml:lang="en" xmlns="http://www.sdmx.org/resources/sdmxml/schemas/v2_1/common">CHRISTMAS ISLAND STATISTICAL NUMBER</Name>
        </Code>
        <Code id="21053" urn="urn:sdmx:org.sdmx.infomodel.codelist.Code=ESTAT:CL_NIS_CODE_EGR(1.3).21053">
          <Name xml:lang="en" xmlns="http://www.sdmx.org/resources/sdmxml/schemas/v2_1/common">CHRISTMAS ISLAND TRADE REGISTER NUMBER</Name>
        </Code>
        <Code id="22053" urn="urn:sdmx:org.sdmx.infomodel.codelist.Code=ESTAT:CL_NIS_CODE_EGR(1.3).22053">
          <Name xml:lang="en" xmlns="http://www.sdmx.org/resources/sdmxml/schemas/v2_1/common">CHRISTMAS ISLAND VAT NUMBER</Name>
        </Code>
        <Code id="28053" urn="urn:sdmx:org.sdmx.infomodel.codelist.Code=ESTAT:CL_NIS_CODE_EGR(1.3).28053">
          <Name xml:lang="en" xmlns="http://www.sdmx.org/resources/sdmxml/schemas/v2_1/common">CHRISTMAS ISLAND WVB COMPANY NUMBER</Name>
        </Code>
        <Code id="31039" urn="urn:sdmx:org.sdmx.infomodel.codelist.Code=ESTAT:CL_NIS_CODE_EGR(1.3).31039">
          <Name xml:lang="en" xmlns="http://www.sdmx.org/resources/sdmxml/schemas/v2_1/common">COCOS (KEELING) ISLANDS CHAMBER OF COMMERCE NUMBER</Name>
        </Code>
        <Code id="23039" urn="urn:sdmx:org.sdmx.infomodel.codelist.Code=ESTAT:CL_NIS_CODE_EGR(1.3).23039">
          <Name xml:lang="en" xmlns="http://www.sdmx.org/resources/sdmxml/schemas/v2_1/common">COCOS (KEELING) ISLANDS COMPANY ID NUMBER</Name>
        </Code>
        <Code id="29039" urn="urn:sdmx:org.sdmx.infomodel.codelist.Code=ESTAT:CL_NIS_CODE_EGR(1.3).29039">
          <Name xml:lang="en" xmlns="http://www.sdmx.org/resources/sdmxml/schemas/v2_1/common">COCOS (KEELING) ISLANDS DnB COMPANY NUMBER</Name>
        </Code>
        <Code id="27039" urn="urn:sdmx:org.sdmx.infomodel.codelist.Code=ESTAT:CL_NIS_CODE_EGR(1.3).27039">
          <Name xml:lang="en" xmlns="http://www.sdmx.org/resources/sdmxml/schemas/v2_1/common">COCOS (KEELING) ISLANDS IP IDENTIFICATION NUMBER</Name>
        </Code>
        <Code id="32039" urn="urn:sdmx:org.sdmx.infomodel.codelist.Code=ESTAT:CL_NIS_CODE_EGR(1.3).32039">
          <Name xml:lang="en" xmlns="http://www.sdmx.org/resources/sdmxml/schemas/v2_1/common">COCOS (KEELING) ISLANDS OTHER ID NUMBER</Name>
        </Code>
        <Code id="25039" urn="urn:sdmx:org.sdmx.infomodel.codelist.Code=ESTAT:CL_NIS_CODE_EGR(1.3).25039">
          <Name xml:lang="en" xmlns="http://www.sdmx.org/resources/sdmxml/schemas/v2_1/common">COCOS (KEELING) ISLANDS STATISTICAL NUMBER</Name>
        </Code>
        <Code id="21039" urn="urn:sdmx:org.sdmx.infomodel.codelist.Code=ESTAT:CL_NIS_CODE_EGR(1.3).21039">
          <Name xml:lang="en" xmlns="http://www.sdmx.org/resources/sdmxml/schemas/v2_1/common">COCOS (KEELING) ISLANDS TRADE REGISTER NUMBER</Name>
        </Code>
        <Code id="22039" urn="urn:sdmx:org.sdmx.infomodel.codelist.Code=ESTAT:CL_NIS_CODE_EGR(1.3).22039">
          <Name xml:lang="en" xmlns="http://www.sdmx.org/resources/sdmxml/schemas/v2_1/common">COCOS (KEELING) ISLANDS VAT NUMBER</Name>
        </Code>
        <Code id="28039" urn="urn:sdmx:org.sdmx.infomodel.codelist.Code=ESTAT:CL_NIS_CODE_EGR(1.3).28039">
          <Name xml:lang="en" xmlns="http://www.sdmx.org/resources/sdmxml/schemas/v2_1/common">COCOS (KEELING) ISLANDS WVB COMPANY NUMBER</Name>
        </Code>
        <Code id="31049" urn="urn:sdmx:org.sdmx.infomodel.codelist.Code=ESTAT:CL_NIS_CODE_EGR(1.3).31049">
          <Name xml:lang="en" xmlns="http://www.sdmx.org/resources/sdmxml/schemas/v2_1/common">COLOMBIA CHAMBER OF COMMERCE NUMBER</Name>
        </Code>
        <Code id="23049" urn="urn:sdmx:org.sdmx.infomodel.codelist.Code=ESTAT:CL_NIS_CODE_EGR(1.3).23049">
          <Name xml:lang="en" xmlns="http://www.sdmx.org/resources/sdmxml/schemas/v2_1/common">COLOMBIA COMPANY ID NUMBER</Name>
        </Code>
        <Code id="29049" urn="urn:sdmx:org.sdmx.infomodel.codelist.Code=ESTAT:CL_NIS_CODE_EGR(1.3).29049">
          <Name xml:lang="en" xmlns="http://www.sdmx.org/resources/sdmxml/schemas/v2_1/common">COLOMBIA DnB COMPANY NUMBER</Name>
        </Code>
        <Code id="27049" urn="urn:sdmx:org.sdmx.infomodel.codelist.Code=ESTAT:CL_NIS_CODE_EGR(1.3).27049">
          <Name xml:lang="en" xmlns="http://www.sdmx.org/resources/sdmxml/schemas/v2_1/common">COLOMBIA IP IDENTIFICATION NUMBER</Name>
        </Code>
        <Code id="32049" urn="urn:sdmx:org.sdmx.infomodel.codelist.Code=ESTAT:CL_NIS_CODE_EGR(1.3).32049">
          <Name xml:lang="en" xmlns="http://www.sdmx.org/resources/sdmxml/schemas/v2_1/common">COLOMBIA OTHER ID NUMBER</Name>
        </Code>
        <Code id="25049" urn="urn:sdmx:org.sdmx.infomodel.codelist.Code=ESTAT:CL_NIS_CODE_EGR(1.3).25049">
          <Name xml:lang="en" xmlns="http://www.sdmx.org/resources/sdmxml/schemas/v2_1/common">COLOMBIA STATISTICAL NUMBER</Name>
        </Code>
        <Code id="21049" urn="urn:sdmx:org.sdmx.infomodel.codelist.Code=ESTAT:CL_NIS_CODE_EGR(1.3).21049">
          <Name xml:lang="en" xmlns="http://www.sdmx.org/resources/sdmxml/schemas/v2_1/common">COLOMBIA TRADE REGISTER NUMBER</Name>
        </Code>
        <Code id="22049" urn="urn:sdmx:org.sdmx.infomodel.codelist.Code=ESTAT:CL_NIS_CODE_EGR(1.3).22049">
          <Name xml:lang="en" xmlns="http://www.sdmx.org/resources/sdmxml/schemas/v2_1/common">COLOMBIA VAT NUMBER</Name>
        </Code>
        <Code id="28049" urn="urn:sdmx:org.sdmx.infomodel.codelist.Code=ESTAT:CL_NIS_CODE_EGR(1.3).28049">
          <Name xml:lang="en" xmlns="http://www.sdmx.org/resources/sdmxml/schemas/v2_1/common">COLOMBIA WVB COMPANY NUMBER</Name>
        </Code>
        <Code id="31118" urn="urn:sdmx:org.sdmx.infomodel.codelist.Code=ESTAT:CL_NIS_CODE_EGR(1.3).31118">
          <Name xml:lang="en" xmlns="http://www.sdmx.org/resources/sdmxml/schemas/v2_1/common">COMOROS CHAMBER OF COMMERCE NUMBER</Name>
        </Code>
        <Code id="23118" urn="urn:sdmx:org.sdmx.infomodel.codelist.Code=ESTAT:CL_NIS_CODE_EGR(1.3).23118">
          <Name xml:lang="en" xmlns="http://www.sdmx.org/resources/sdmxml/schemas/v2_1/common">COMOROS COMPANY ID NUMBER</Name>
        </Code>
        <Code id="29118" urn="urn:sdmx:org.sdmx.infomodel.codelist.Code=ESTAT:CL_NIS_CODE_EGR(1.3).29118">
          <Name xml:lang="en" xmlns="http://www.sdmx.org/resources/sdmxml/schemas/v2_1/common">COMOROS DnB COMPANY NUMBER</Name>
        </Code>
        <Code id="27118" urn="urn:sdmx:org.sdmx.infomodel.codelist.Code=ESTAT:CL_NIS_CODE_EGR(1.3).27118">
          <Name xml:lang="en" xmlns="http://www.sdmx.org/resources/sdmxml/schemas/v2_1/common">COMOROS IP IDENTIFICATION NUMBER</Name>
        </Code>
        <Code id="32118" urn="urn:sdmx:org.sdmx.infomodel.codelist.Code=ESTAT:CL_NIS_CODE_EGR(1.3).32118">
          <Name xml:lang="en" xmlns="http://www.sdmx.org/resources/sdmxml/schemas/v2_1/common">COMOROS OTHER ID NUMBER</Name>
        </Code>
        <Code id="25118" urn="urn:sdmx:org.sdmx.infomodel.codelist.Code=ESTAT:CL_NIS_CODE_EGR(1.3).25118">
          <Name xml:lang="en" xmlns="http://www.sdmx.org/resources/sdmxml/schemas/v2_1/common">COMOROS STATISTICAL NUMBER</Name>
        </Code>
        <Code id="21118" urn="urn:sdmx:org.sdmx.infomodel.codelist.Code=ESTAT:CL_NIS_CODE_EGR(1.3).21118">
          <Name xml:lang="en" xmlns="http://www.sdmx.org/resources/sdmxml/schemas/v2_1/common">COMOROS TRADE REGISTER NUMBER</Name>
        </Code>
        <Code id="22118" urn="urn:sdmx:org.sdmx.infomodel.codelist.Code=ESTAT:CL_NIS_CODE_EGR(1.3).22118">
          <Name xml:lang="en" xmlns="http://www.sdmx.org/resources/sdmxml/schemas/v2_1/common">COMOROS VAT NUMBER</Name>
        </Code>
        <Code id="28118" urn="urn:sdmx:org.sdmx.infomodel.codelist.Code=ESTAT:CL_NIS_CODE_EGR(1.3).28118">
          <Name xml:lang="en" xmlns="http://www.sdmx.org/resources/sdmxml/schemas/v2_1/common">COMOROS WVB COMPANY NUMBER</Name>
        </Code>
        <Code id="31042" urn="urn:sdmx:org.sdmx.infomodel.codelist.Code=ESTAT:CL_NIS_CODE_EGR(1.3).31042">
          <Name xml:lang="en" xmlns="http://www.sdmx.org/resources/sdmxml/schemas/v2_1/common">CONGO CHAMBER OF COMMERCE NUMBER</Name>
        </Code>
        <Code id="23042" urn="urn:sdmx:org.sdmx.infomodel.codelist.Code=ESTAT:CL_NIS_CODE_EGR(1.3).23042">
          <Name xml:lang="en" xmlns="http://www.sdmx.org/resources/sdmxml/schemas/v2_1/common">CONGO COMPANY ID NUMBER</Name>
        </Code>
        <Code id="29042" urn="urn:sdmx:org.sdmx.infomodel.codelist.Code=ESTAT:CL_NIS_CODE_EGR(1.3).29042">
          <Name xml:lang="en" xmlns="http://www.sdmx.org/resources/sdmxml/schemas/v2_1/common">CONGO DnB COMPANY NUMBER</Name>
        </Code>
        <Code id="27042" urn="urn:sdmx:org.sdmx.infomodel.codelist.Code=ESTAT:CL_NIS_CODE_EGR(1.3).27042">
          <Name xml:lang="en" xmlns="http://www.sdmx.org/resources/sdmxml/schemas/v2_1/common">CONGO IP IDENTIFICATION NUMBER</Name>
        </Code>
        <Code id="32042" urn="urn:sdmx:org.sdmx.infomodel.codelist.Code=ESTAT:CL_NIS_CODE_EGR(1.3).32042">
          <Name xml:lang="en" xmlns="http://www.sdmx.org/resources/sdmxml/schemas/v2_1/common">CONGO OTHER ID NUMBER</Name>
        </Code>
        <Code id="25042" urn="urn:sdmx:org.sdmx.infomodel.codelist.Code=ESTAT:CL_NIS_CODE_EGR(1.3).25042">
          <Name xml:lang="en" xmlns="http://www.sdmx.org/resources/sdmxml/schemas/v2_1/common">CONGO STATISTICAL NUMBER</Name>
        </Code>
        <Code id="21042" urn="urn:sdmx:org.sdmx.infomodel.codelist.Code=ESTAT:CL_NIS_CODE_EGR(1.3).21042">
          <Name xml:lang="en" xmlns="http://www.sdmx.org/resources/sdmxml/schemas/v2_1/common">CONGO TRADE REGISTER NUMBER</Name>
        </Code>
        <Code id="22042" urn="urn:sdmx:org.sdmx.infomodel.codelist.Code=ESTAT:CL_NIS_CODE_EGR(1.3).22042">
          <Name xml:lang="en" xmlns="http://www.sdmx.org/resources/sdmxml/schemas/v2_1/common">CONGO VAT NUMBER</Name>
        </Code>
        <Code id="28042" urn="urn:sdmx:org.sdmx.infomodel.codelist.Code=ESTAT:CL_NIS_CODE_EGR(1.3).28042">
          <Name xml:lang="en" xmlns="http://www.sdmx.org/resources/sdmxml/schemas/v2_1/common">CONGO WVB COMPANY NUMBER</Name>
        </Code>
        <Code id="31045" urn="urn:sdmx:org.sdmx.infomodel.codelist.Code=ESTAT:CL_NIS_CODE_EGR(1.3).31045">
          <Name xml:lang="en" xmlns="http://www.sdmx.org/resources/sdmxml/schemas/v2_1/common">COOK ISLANDS CHAMBER OF COMMERCE NUMBER</Name>
        </Code>
        <Code id="23045" urn="urn:sdmx:org.sdmx.infomodel.codelist.Code=ESTAT:CL_NIS_CODE_EGR(1.3).23045">
          <Name xml:lang="en" xmlns="http://www.sdmx.org/resources/sdmxml/schemas/v2_1/common">COOK ISLANDS COMPANY ID NUMBER</Name>
        </Code>
        <Code id="29045" urn="urn:sdmx:org.sdmx.infomodel.codelist.Code=ESTAT:CL_NIS_CODE_EGR(1.3).29045">
          <Name xml:lang="en" xmlns="http://www.sdmx.org/resources/sdmxml/schemas/v2_1/common">COOK ISLANDS DnB COMPANY NUMBER</Name>
        </Code>
        <Code id="27045" urn="urn:sdmx:org.sdmx.infomodel.codelist.Code=ESTAT:CL_NIS_CODE_EGR(1.3).27045">
          <Name xml:lang="en" xmlns="http://www.sdmx.org/resources/sdmxml/schemas/v2_1/common">COOK ISLANDS IP IDENTIFICATION NUMBER</Name>
        </Code>
        <Code id="32045" urn="urn:sdmx:org.sdmx.infomodel.codelist.Code=ESTAT:CL_NIS_CODE_EGR(1.3).32045">
          <Name xml:lang="en" xmlns="http://www.sdmx.org/resources/sdmxml/schemas/v2_1/common">COOK ISLANDS OTHER ID NUMBER</Name>
        </Code>
        <Code id="25045" urn="urn:sdmx:org.sdmx.infomodel.codelist.Code=ESTAT:CL_NIS_CODE_EGR(1.3).25045">
          <Name xml:lang="en" xmlns="http://www.sdmx.org/resources/sdmxml/schemas/v2_1/common">COOK ISLANDS STATISTICAL NUMBER</Name>
        </Code>
        <Code id="21045" urn="urn:sdmx:org.sdmx.infomodel.codelist.Code=ESTAT:CL_NIS_CODE_EGR(1.3).21045">
          <Name xml:lang="en" xmlns="http://www.sdmx.org/resources/sdmxml/schemas/v2_1/common">COOK ISLANDS TRADE REGISTER NUMBER</Name>
        </Code>
        <Code id="22045" urn="urn:sdmx:org.sdmx.infomodel.codelist.Code=ESTAT:CL_NIS_CODE_EGR(1.3).22045">
          <Name xml:lang="en" xmlns="http://www.sdmx.org/resources/sdmxml/schemas/v2_1/common">COOK ISLANDS VAT NUMBER</Name>
        </Code>
        <Code id="28045" urn="urn:sdmx:org.sdmx.infomodel.codelist.Code=ESTAT:CL_NIS_CODE_EGR(1.3).28045">
          <Name xml:lang="en" xmlns="http://www.sdmx.org/resources/sdmxml/schemas/v2_1/common">COOK ISLANDS WVB COMPANY NUMBER</Name>
        </Code>
        <Code id="31050" urn="urn:sdmx:org.sdmx.infomodel.codelist.Code=ESTAT:CL_NIS_CODE_EGR(1.3).31050">
          <Name xml:lang="en" xmlns="http://www.sdmx.org/resources/sdmxml/schemas/v2_1/common">COSTA RICA CHAMBER OF COMMERCE NUMBER</Name>
        </Code>
        <Code id="23050" urn="urn:sdmx:org.sdmx.infomodel.codelist.Code=ESTAT:CL_NIS_CODE_EGR(1.3).23050">
          <Name xml:lang="en" xmlns="http://www.sdmx.org/resources/sdmxml/schemas/v2_1/common">COSTA RICA COMPANY ID NUMBER</Name>
        </Code>
        <Code id="29050" urn="urn:sdmx:org.sdmx.infomodel.codelist.Code=ESTAT:CL_NIS_CODE_EGR(1.3).29050">
          <Name xml:lang="en" xmlns="http://www.sdmx.org/resources/sdmxml/schemas/v2_1/common">COSTA RICA DnB COMPANY NUMBER</Name>
        </Code>
        <Code id="27050" urn="urn:sdmx:org.sdmx.infomodel.codelist.Code=ESTAT:CL_NIS_CODE_EGR(1.3).27050">
          <Name xml:lang="en" xmlns="http://www.sdmx.org/resources/sdmxml/schemas/v2_1/common">COSTA RICA IP IDENTIFICATION NUMBER</Name>
        </Code>
        <Code id="32050" urn="urn:sdmx:org.sdmx.infomodel.codelist.Code=ESTAT:CL_NIS_CODE_EGR(1.3).32050">
          <Name xml:lang="en" xmlns="http://www.sdmx.org/resources/sdmxml/schemas/v2_1/common">COSTA RICA OTHER ID NUMBER</Name>
        </Code>
        <Code id="25050" urn="urn:sdmx:org.sdmx.infomodel.codelist.Code=ESTAT:CL_NIS_CODE_EGR(1.3).25050">
          <Name xml:lang="en" xmlns="http://www.sdmx.org/resources/sdmxml/schemas/v2_1/common">COSTA RICA STATISTICAL NUMBER</Name>
        </Code>
        <Code id="21050" urn="urn:sdmx:org.sdmx.infomodel.codelist.Code=ESTAT:CL_NIS_CODE_EGR(1.3).21050">
          <Name xml:lang="en" xmlns="http://www.sdmx.org/resources/sdmxml/schemas/v2_1/common">COSTA RICA TRADE REGISTER NUMBER</Name>
        </Code>
        <Code id="22050" urn="urn:sdmx:org.sdmx.infomodel.codelist.Code=ESTAT:CL_NIS_CODE_EGR(1.3).22050">
          <Name xml:lang="en" xmlns="http://www.sdmx.org/resources/sdmxml/schemas/v2_1/common">COSTA RICA VAT NUMBER</Name>
        </Code>
        <Code id="28050" urn="urn:sdmx:org.sdmx.infomodel.codelist.Code=ESTAT:CL_NIS_CODE_EGR(1.3).28050">
          <Name xml:lang="en" xmlns="http://www.sdmx.org/resources/sdmxml/schemas/v2_1/common">COSTA RICA WVB COMPANY NUMBER</Name>
        </Code>
        <Code id="31044" urn="urn:sdmx:org.sdmx.infomodel.codelist.Code=ESTAT:CL_NIS_CODE_EGR(1.3).31044">
          <Name xml:lang="en" xmlns="http://www.sdmx.org/resources/sdmxml/schemas/v2_1/common">COTE D''IVOIRE CHAMBER OF COMMERCE NUMBER</Name>
        </Code>
        <Code id="23044" urn="urn:sdmx:org.sdmx.infomodel.codelist.Code=ESTAT:CL_NIS_CODE_EGR(1.3).23044">
          <Name xml:lang="en" xmlns="http://www.sdmx.org/resources/sdmxml/schemas/v2_1/common">COTE D''IVOIRE COMPANY ID NUMBER</Name>
        </Code>
        <Code id="29044" urn="urn:sdmx:org.sdmx.infomodel.codelist.Code=ESTAT:CL_NIS_CODE_EGR(1.3).29044">
          <Name xml:lang="en" xmlns="http://www.sdmx.org/resources/sdmxml/schemas/v2_1/common">COTE D''IVOIRE DnB COMPANY NUMBER</Name>
        </Code>
        <Code id="27044" urn="urn:sdmx:org.sdmx.infomodel.codelist.Code=ESTAT:CL_NIS_CODE_EGR(1.3).27044">
          <Name xml:lang="en" xmlns="http://www.sdmx.org/resources/sdmxml/schemas/v2_1/common">COTE D''IVOIRE IP IDENTIFICATION NUMBER</Name>
        </Code>
        <Code id="32044" urn="urn:sdmx:org.sdmx.infomodel.codelist.Code=ESTAT:CL_NIS_CODE_EGR(1.3).32044">
          <Name xml:lang="en" xmlns="http://www.sdmx.org/resources/sdmxml/schemas/v2_1/common">COTE D''IVOIRE OTHER ID NUMBER</Name>
        </Code>
        <Code id="25044" urn="urn:sdmx:org.sdmx.infomodel.codelist.Code=ESTAT:CL_NIS_CODE_EGR(1.3).25044">
          <Name xml:lang="en" xmlns="http://www.sdmx.org/resources/sdmxml/schemas/v2_1/common">COTE D''IVOIRE STATISTICAL NUMBER</Name>
        </Code>
        <Code id="21044" urn="urn:sdmx:org.sdmx.infomodel.codelist.Code=ESTAT:CL_NIS_CODE_EGR(1.3).21044">
          <Name xml:lang="en" xmlns="http://www.sdmx.org/resources/sdmxml/schemas/v2_1/common">COTE D''IVOIRE TRADE REGISTER NUMBER</Name>
        </Code>
        <Code id="22044" urn="urn:sdmx:org.sdmx.infomodel.codelist.Code=ESTAT:CL_NIS_CODE_EGR(1.3).22044">
          <Name xml:lang="en" xmlns="http://www.sdmx.org/resources/sdmxml/schemas/v2_1/common">COTE D''IVOIRE VAT NUMBER</Name>
        </Code>
        <Code id="28044" urn="urn:sdmx:org.sdmx.infomodel.codelist.Code=ESTAT:CL_NIS_CODE_EGR(1.3).28044">
          <Name xml:lang="en" xmlns="http://www.sdmx.org/resources/sdmxml/schemas/v2_1/common">COTE D''IVOIRE WVB COMPANY NUMBER</Name>
        </Code>
        <Code id="31097" urn="urn:sdmx:org.sdmx.infomodel.codelist.Code=ESTAT:CL_NIS_CODE_EGR(1.3).31097">
          <Name xml:lang="en" xmlns="http://www.sdmx.org/resources/sdmxml/schemas/v2_1/common">CROATIA CHAMBER OF COMMERCE NUMBER</Name>
        </Code>
        <Code id="23097" urn="urn:sdmx:org.sdmx.infomodel.codelist.Code=ESTAT:CL_NIS_CODE_EGR(1.3).23097">
          <Name xml:lang="en" xmlns="http://www.sdmx.org/resources/sdmxml/schemas/v2_1/common">CROATIA COMPANY ID NUMBER</Name>
        </Code>
        <Code id="29097" urn="urn:sdmx:org.sdmx.infomodel.codelist.Code=ESTAT:CL_NIS_CODE_EGR(1.3).29097">
          <Name xml:lang="en" xmlns="http://www.sdmx.org/resources/sdmxml/schemas/v2_1/common">CROATIA DnB COMPANY NUMBER</Name>
        </Code>
        <Code id="27097" urn="urn:sdmx:org.sdmx.infomodel.codelist.Code=ESTAT:CL_NIS_CODE_EGR(1.3).27097">
          <Name xml:lang="en" xmlns="http://www.sdmx.org/resources/sdmxml/schemas/v2_1/common">CROATIA IP IDENTIFICATION NUMBER</Name>
        </Code>
        <Code id="32097" urn="urn:sdmx:org.sdmx.infomodel.codelist.Code=ESTAT:CL_NIS_CODE_EGR(1.3).32097">
          <Name xml:lang="en" xmlns="http://www.sdmx.org/resources/sdmxml/schemas/v2_1/common">CROATIA OTHER ID NUMBER</Name>
        </Code>
        <Code id="25097" urn="urn:sdmx:org.sdmx.infomodel.codelist.Code=ESTAT:CL_NIS_CODE_EGR(1.3).25097">
          <Name xml:lang="en" xmlns="http://www.sdmx.org/resources/sdmxml/schemas/v2_1/common">CROATIA STATISTICAL NUMBER</Name>
        </Code>
        <Code id="21097" urn="urn:sdmx:org.sdmx.infomodel.codelist.Code=ESTAT:CL_NIS_CODE_EGR(1.3).21097">
          <Name xml:lang="en" xmlns="http://www.sdmx.org/resources/sdmxml/schemas/v2_1/common">CROATIA TRADE REGISTER NUMBER</Name>
        </Code>
        <Code id="22097" urn="urn:sdmx:org.sdmx.infomodel.codelist.Code=ESTAT:CL_NIS_CODE_EGR(1.3).22097">
          <Name xml:lang="en" xmlns="http://www.sdmx.org/resources/sdmxml/schemas/v2_1/common">CROATIA VAT NUMBER</Name>
        </Code>
        <Code id="28097" urn="urn:sdmx:org.sdmx.infomodel.codelist.Code=ESTAT:CL_NIS_CODE_EGR(1.3).28097">
          <Name xml:lang="en" xmlns="http://www.sdmx.org/resources/sdmxml/schemas/v2_1/common">CROATIA WVB COMPANY NUMBER</Name>
        </Code>
        <Code id="31051" urn="urn:sdmx:org.sdmx.infomodel.codelist.Code=ESTAT:CL_NIS_CODE_EGR(1.3).31051">
          <Name xml:lang="en" xmlns="http://www.sdmx.org/resources/sdmxml/schemas/v2_1/common">CUBA CHAMBER OF COMMERCE NUMBER</Name>
        </Code>
        <Code id="23051" urn="urn:sdmx:org.sdmx.infomodel.codelist.Code=ESTAT:CL_NIS_CODE_EGR(1.3).23051">
          <Name xml:lang="en" xmlns="http://www.sdmx.org/resources/sdmxml/schemas/v2_1/common">CUBA COMPANY ID NUMBER</Name>
        </Code>
        <Code id="29051" urn="urn:sdmx:org.sdmx.infomodel.codelist.Code=ESTAT:CL_NIS_CODE_EGR(1.3).29051">
          <Name xml:lang="en" xmlns="http://www.sdmx.org/resources/sdmxml/schemas/v2_1/common">CUBA DnB COMPANY NUMBER</Name>
        </Code>
        <Code id="27051" urn="urn:sdmx:org.sdmx.infomodel.codelist.Code=ESTAT:CL_NIS_CODE_EGR(1.3).27051">
          <Name xml:lang="en" xmlns="http://www.sdmx.org/resources/sdmxml/schemas/v2_1/common">CUBA IP IDENTIFICATION NUMBER</Name>
        </Code>
        <Code id="32051" urn="urn:sdmx:org.sdmx.infomodel.codelist.Code=ESTAT:CL_NIS_CODE_EGR(1.3).32051">
          <Name xml:lang="en" xmlns="http://www.sdmx.org/resources/sdmxml/schemas/v2_1/common">CUBA OTHER ID NUMBER</Name>
        </Code>
        <Code id="25051" urn="urn:sdmx:org.sdmx.infomodel.codelist.Code=ESTAT:CL_NIS_CODE_EGR(1.3).25051">
          <Name xml:lang="en" xmlns="http://www.sdmx.org/resources/sdmxml/schemas/v2_1/common">CUBA STATISTICAL NUMBER</Name>
        </Code>
        <Code id="21051" urn="urn:sdmx:org.sdmx.infomodel.codelist.Code=ESTAT:CL_NIS_CODE_EGR(1.3).21051">
          <Name xml:lang="en" xmlns="http://www.sdmx.org/resources/sdmxml/schemas/v2_1/common">CUBA TRADE REGISTER NUMBER</Name>
        </Code>
        <Code id="22051" urn="urn:sdmx:org.sdmx.infomodel.codelist.Code=ESTAT:CL_NIS_CODE_EGR(1.3).22051">
          <Name xml:lang="en" xmlns="http://www.sdmx.org/resources/sdmxml/schemas/v2_1/common">CUBA VAT NUMBER</Name>
        </Code>
        <Code id="28051" urn="urn:sdmx:org.sdmx.infomodel.codelist.Code=ESTAT:CL_NIS_CODE_EGR(1.3).28051">
          <Name xml:lang="en" xmlns="http://www.sdmx.org/resources/sdmxml/schemas/v2_1/common">CUBA WVB COMPANY NUMBER</Name>
        </Code>
        <Code id="31054" urn="urn:sdmx:org.sdmx.infomodel.codelist.Code=ESTAT:CL_NIS_CODE_EGR(1.3).31054">
          <Name xml:lang="en" xmlns="http://www.sdmx.org/resources/sdmxml/schemas/v2_1/common">CYPRUS CHAMBER OF COMMERCE NUMBER</Name>
        </Code>
        <Code id="23054" urn="urn:sdmx:org.sdmx.infomodel.codelist.Code=ESTAT:CL_NIS_CODE_EGR(1.3).23054">
          <Name xml:lang="en" xmlns="http://www.sdmx.org/resources/sdmxml/schemas/v2_1/common">CYPRUS COMPANY ID NUMBER</Name>
        </Code>
        <Code id="29054" urn="urn:sdmx:org.sdmx.infomodel.codelist.Code=ESTAT:CL_NIS_CODE_EGR(1.3).29054">
          <Name xml:lang="en" xmlns="http://www.sdmx.org/resources/sdmxml/schemas/v2_1/common">CYPRUS DnB COMPANY NUMBER</Name>
        </Code>
        <Code id="27054" urn="urn:sdmx:org.sdmx.infomodel.codelist.Code=ESTAT:CL_NIS_CODE_EGR(1.3).27054">
          <Name xml:lang="en" xmlns="http://www.sdmx.org/resources/sdmxml/schemas/v2_1/common">CYPRUS IP IDENTIFICATION NUMBER</Name>
        </Code>
        <Code id="32054" urn="urn:sdmx:org.sdmx.infomodel.codelist.Code=ESTAT:CL_NIS_CODE_EGR(1.3).32054">
          <Name xml:lang="en" xmlns="http://www.sdmx.org/resources/sdmxml/schemas/v2_1/common">CYPRUS OTHER ID NUMBER</Name>
        </Code>
        <Code id="25054" urn="urn:sdmx:org.sdmx.infomodel.codelist.Code=ESTAT:CL_NIS_CODE_EGR(1.3).25054">
          <Name xml:lang="en" xmlns="http://www.sdmx.org/resources/sdmxml/schemas/v2_1/common">CYPRUS STATISTICAL NUMBER</Name>
        </Code>
        <Code id="21054" urn="urn:sdmx:org.sdmx.infomodel.codelist.Code=ESTAT:CL_NIS_CODE_EGR(1.3).21054">
          <Name xml:lang="en" xmlns="http://www.sdmx.org/resources/sdmxml/schemas/v2_1/common">CYPRUS TRADE REGISTER NUMBER</Name>
        </Code>
        <Code id="22054" urn="urn:sdmx:org.sdmx.infomodel.codelist.Code=ESTAT:CL_NIS_CODE_EGR(1.3).22054">
          <Name xml:lang="en" xmlns="http://www.sdmx.org/resources/sdmxml/schemas/v2_1/common">CYPRUS VAT NUMBER</Name>
        </Code>
        <Code id="28054" urn="urn:sdmx:org.sdmx.infomodel.codelist.Code=ESTAT:CL_NIS_CODE_EGR(1.3).28054">
          <Name xml:lang="en" xmlns="http://www.sdmx.org/resources/sdmxml/schemas/v2_1/common">CYPRUS WVB COMPANY NUMBER</Name>
        </Code>
        <Code id="31055" urn="urn:sdmx:org.sdmx.infomodel.codelist.Code=ESTAT:CL_NIS_CODE_EGR(1.3).31055">
          <Name xml:lang="en" xmlns="http://www.sdmx.org/resources/sdmxml/schemas/v2_1/common">CZECH REPUBLIC CHAMBER OF COMMERCE NUMBER</Name>
        </Code>
        <Code id="23055" urn="urn:sdmx:org.sdmx.infomodel.codelist.Code=ESTAT:CL_NIS_CODE_EGR(1.3).23055">
          <Name xml:lang="en" xmlns="http://www.sdmx.org/resources/sdmxml/schemas/v2_1/common">CZECH REPUBLIC COMPANY ID NUMBER</Name>
        </Code>
        <Code id="29055" urn="urn:sdmx:org.sdmx.infomodel.codelist.Code=ESTAT:CL_NIS_CODE_EGR(1.3).29055">
          <Name xml:lang="en" xmlns="http://www.sdmx.org/resources/sdmxml/schemas/v2_1/common">CZECH REPUBLIC DnB COMPANY NUMBER</Name>
        </Code>
        <Code id="27055" urn="urn:sdmx:org.sdmx.infomodel.codelist.Code=ESTAT:CL_NIS_CODE_EGR(1.3).27055">
          <Name xml:lang="en" xmlns="http://www.sdmx.org/resources/sdmxml/schemas/v2_1/common">CZECH REPUBLIC IP IDENTIFICATION NUMBER</Name>
        </Code>
        <Code id="32055" urn="urn:sdmx:org.sdmx.infomodel.codelist.Code=ESTAT:CL_NIS_CODE_EGR(1.3).32055">
          <Name xml:lang="en" xmlns="http://www.sdmx.org/resources/sdmxml/schemas/v2_1/common">CZECH REPUBLIC OTHER ID NUMBER</Name>
        </Code>
        <Code id="25055" urn="urn:sdmx:org.sdmx.infomodel.codelist.Code=ESTAT:CL_NIS_CODE_EGR(1.3).25055">
          <Name xml:lang="en" xmlns="http://www.sdmx.org/resources/sdmxml/schemas/v2_1/common">CZECH REPUBLIC STATISTICAL NUMBER</Name>
        </Code>
        <Code id="21055" urn="urn:sdmx:org.sdmx.infomodel.codelist.Code=ESTAT:CL_NIS_CODE_EGR(1.3).21055">
          <Name xml:lang="en" xmlns="http://www.sdmx.org/resources/sdmxml/schemas/v2_1/common">CZECH REPUBLIC TRADE REGISTER NUMBER</Name>
        </Code>
        <Code id="22055" urn="urn:sdmx:org.sdmx.infomodel.codelist.Code=ESTAT:CL_NIS_CODE_EGR(1.3).22055">
          <Name xml:lang="en" xmlns="http://www.sdmx.org/resources/sdmxml/schemas/v2_1/common">CZECH REPUBLIC VAT NUMBER</Name>
        </Code>
        <Code id="28055" urn="urn:sdmx:org.sdmx.infomodel.codelist.Code=ESTAT:CL_NIS_CODE_EGR(1.3).28055">
          <Name xml:lang="en" xmlns="http://www.sdmx.org/resources/sdmxml/schemas/v2_1/common">CZECH REPUBLIC WVB COMPANY NUMBER</Name>
        </Code>
        <Code id="31120" urn="urn:sdmx:org.sdmx.infomodel.codelist.Code=ESTAT:CL_NIS_CODE_EGR(1.3).31120">
          <Name xml:lang="en" xmlns="http://www.sdmx.org/resources/sdmxml/schemas/v2_1/common">DEMOCRATIC PEOPLE''S REPUBLIC OF KOREA CHAMBER OF COMMERCE NUMBER</Name>
        </Code>
        <Code id="23120" urn="urn:sdmx:org.sdmx.infomodel.codelist.Code=ESTAT:CL_NIS_CODE_EGR(1.3).23120">
          <Name xml:lang="en" xmlns="http://www.sdmx.org/resources/sdmxml/schemas/v2_1/common">DEMOCRATIC PEOPLE''S REPUBLIC OF KOREA COMPANY ID NUMBER</Name>
        </Code>
        <Code id="29120" urn="urn:sdmx:org.sdmx.infomodel.codelist.Code=ESTAT:CL_NIS_CODE_EGR(1.3).29120">
          <Name xml:lang="en" xmlns="http://www.sdmx.org/resources/sdmxml/schemas/v2_1/common">DEMOCRATIC PEOPLE''S REPUBLIC OF KOREA DnB COMPANY NUMBER</Name>
        </Code>
        <Code id="27120" urn="urn:sdmx:org.sdmx.infomodel.codelist.Code=ESTAT:CL_NIS_CODE_EGR(1.3).27120">
          <Name xml:lang="en" xmlns="http://www.sdmx.org/resources/sdmxml/schemas/v2_1/common">DEMOCRATIC PEOPLE''S REPUBLIC OF KOREA IP IDENTIFICATION NUMBER</Name>
        </Code>
        <Code id="32120" urn="urn:sdmx:org.sdmx.infomodel.codelist.Code=ESTAT:CL_NIS_CODE_EGR(1.3).32120">
          <Name xml:lang="en" xmlns="http://www.sdmx.org/resources/sdmxml/schemas/v2_1/common">DEMOCRATIC PEOPLE''S REPUBLIC OF KOREA OTHER ID NUMBER</Name>
        </Code>
        <Code id="25120" urn="urn:sdmx:org.sdmx.infomodel.codelist.Code=ESTAT:CL_NIS_CODE_EGR(1.3).25120">
          <Name xml:lang="en" xmlns="http://www.sdmx.org/resources/sdmxml/schemas/v2_1/common">DEMOCRATIC PEOPLE''S REPUBLIC OF KOREA STATISTICAL NUMBER</Name>
        </Code>
        <Code id="21120" urn="urn:sdmx:org.sdmx.infomodel.codelist.Code=ESTAT:CL_NIS_CODE_EGR(1.3).21120">
          <Name xml:lang="en" xmlns="http://www.sdmx.org/resources/sdmxml/schemas/v2_1/common">DEMOCRATIC PEOPLE''S REPUBLIC OF KOREA TRADE REGISTER NUMBER</Name>
        </Code>
        <Code id="22120" urn="urn:sdmx:org.sdmx.infomodel.codelist.Code=ESTAT:CL_NIS_CODE_EGR(1.3).22120">
          <Name xml:lang="en" xmlns="http://www.sdmx.org/resources/sdmxml/schemas/v2_1/common">DEMOCRATIC PEOPLE''S REPUBLIC OF KOREA VAT NUMBER</Name>
        </Code>
        <Code id="28120" urn="urn:sdmx:org.sdmx.infomodel.codelist.Code=ESTAT:CL_NIS_CODE_EGR(1.3).28120">
          <Name xml:lang="en" xmlns="http://www.sdmx.org/resources/sdmxml/schemas/v2_1/common">DEMOCRATIC PEOPLE''S REPUBLIC OF KOREA WVB COMPANY NUMBER</Name>
        </Code>
        <Code id="31058" urn="urn:sdmx:org.sdmx.infomodel.codelist.Code=ESTAT:CL_NIS_CODE_EGR(1.3).31058">
          <Name xml:lang="en" xmlns="http://www.sdmx.org/resources/sdmxml/schemas/v2_1/common">DENMARK CHAMBER OF COMMERCE NUMBER</Name>
        </Code>
        <Code id="23058" urn="urn:sdmx:org.sdmx.infomodel.codelist.Code=ESTAT:CL_NIS_CODE_EGR(1.3).23058">
          <Name xml:lang="en" xmlns="http://www.sdmx.org/resources/sdmxml/schemas/v2_1/common">DENMARK COMPANY ID NUMBER</Name>
        </Code>
        <Code id="21058" urn="urn:sdmx:org.sdmx.infomodel.codelist.Code=ESTAT:CL_NIS_CODE_EGR(1.3).21058">
          <Name xml:lang="en" xmlns="http://www.sdmx.org/resources/sdmxml/schemas/v2_1/common">DENMARK CVR NUMBER</Name>
        </Code>
        <Code id="29058" urn="urn:sdmx:org.sdmx.infomodel.codelist.Code=ESTAT:CL_NIS_CODE_EGR(1.3).29058">
          <Name xml:lang="en" xmlns="http://www.sdmx.org/resources/sdmxml/schemas/v2_1/common">DENMARK DnB COMPANY NUMBER</Name>
        </Code>
        <Code id="27058" urn="urn:sdmx:org.sdmx.infomodel.codelist.Code=ESTAT:CL_NIS_CODE_EGR(1.3).27058">
          <Name xml:lang="en" xmlns="http://www.sdmx.org/resources/sdmxml/schemas/v2_1/common">DENMARK IP IDENTIFICATION NUMBER</Name>
        </Code>
        <Code id="32058" urn="urn:sdmx:org.sdmx.infomodel.codelist.Code=ESTAT:CL_NIS_CODE_EGR(1.3).32058">
          <Name xml:lang="en" xmlns="http://www.sdmx.org/resources/sdmxml/schemas/v2_1/common">DENMARK OTHER ID NUMBER</Name>
        </Code>
        <Code id="25058" urn="urn:sdmx:org.sdmx.infomodel.codelist.Code=ESTAT:CL_NIS_CODE_EGR(1.3).25058">
          <Name xml:lang="en" xmlns="http://www.sdmx.org/resources/sdmxml/schemas/v2_1/common">DENMARK STATISTICAL NUMBER</Name>
        </Code>
        <Code id="22058" urn="urn:sdmx:org.sdmx.infomodel.codelist.Code=ESTAT:CL_NIS_CODE_EGR(1.3).22058">
          <Name xml:lang="en" xmlns="http://www.sdmx.org/resources/sdmxml/schemas/v2_1/common">DENMARK VAT NUMBER</Name>
        </Code>
        <Code id="28058" urn="urn:sdmx:org.sdmx.infomodel.codelist.Code=ESTAT:CL_NIS_CODE_EGR(1.3).28058">
          <Name xml:lang="en" xmlns="http://www.sdmx.org/resources/sdmxml/schemas/v2_1/common">DENMARK WVB COMPANY NUMBER</Name>
        </Code>
        <Code id="31057" urn="urn:sdmx:org.sdmx.infomodel.codelist.Code=ESTAT:CL_NIS_CODE_EGR(1.3).31057">
          <Name xml:lang="en" xmlns="http://www.sdmx.org/resources/sdmxml/schemas/v2_1/common">DJIBOUTI CHAMBER OF COMMERCE NUMBER</Name>
        </Code>
        <Code id="23057" urn="urn:sdmx:org.sdmx.infomodel.codelist.Code=ESTAT:CL_NIS_CODE_EGR(1.3).23057">
          <Name xml:lang="en" xmlns="http://www.sdmx.org/resources/sdmxml/schemas/v2_1/common">DJIBOUTI COMPANY ID NUMBER</Name>
        </Code>
        <Code id="29057" urn="urn:sdmx:org.sdmx.infomodel.codelist.Code=ESTAT:CL_NIS_CODE_EGR(1.3).29057">
          <Name xml:lang="en" xmlns="http://www.sdmx.org/resources/sdmxml/schemas/v2_1/common">DJIBOUTI DnB COMPANY NUMBER</Name>
        </Code>
        <Code id="27057" urn="urn:sdmx:org.sdmx.infomodel.codelist.Code=ESTAT:CL_NIS_CODE_EGR(1.3).27057">
          <Name xml:lang="en" xmlns="http://www.sdmx.org/resources/sdmxml/schemas/v2_1/common">DJIBOUTI IP IDENTIFICATION NUMBER</Name>
        </Code>
        <Code id="32057" urn="urn:sdmx:org.sdmx.infomodel.codelist.Code=ESTAT:CL_NIS_CODE_EGR(1.3).32057">
          <Name xml:lang="en" xmlns="http://www.sdmx.org/resources/sdmxml/schemas/v2_1/common">DJIBOUTI OTHER ID NUMBER</Name>
        </Code>
        <Code id="25057" urn="urn:sdmx:org.sdmx.infomodel.codelist.Code=ESTAT:CL_NIS_CODE_EGR(1.3).25057">
          <Name xml:lang="en" xmlns="http://www.sdmx.org/resources/sdmxml/schemas/v2_1/common">DJIBOUTI STATISTICAL NUMBER</Name>
        </Code>
        <Code id="21057" urn="urn:sdmx:org.sdmx.infomodel.codelist.Code=ESTAT:CL_NIS_CODE_EGR(1.3).21057">
          <Name xml:lang="en" xmlns="http://www.sdmx.org/resources/sdmxml/schemas/v2_1/common">DJIBOUTI TRADE REGISTER NUMBER</Name>
        </Code>
        <Code id="22057" urn="urn:sdmx:org.sdmx.infomodel.codelist.Code=ESTAT:CL_NIS_CODE_EGR(1.3).22057">
          <Name xml:lang="en" xmlns="http://www.sdmx.org/resources/sdmxml/schemas/v2_1/common">DJIBOUTI VAT NUMBER</Name>
        </Code>
        <Code id="28057" urn="urn:sdmx:org.sdmx.infomodel.codelist.Code=ESTAT:CL_NIS_CODE_EGR(1.3).28057">
          <Name xml:lang="en" xmlns="http://www.sdmx.org/resources/sdmxml/schemas/v2_1/common">DJIBOUTI WVB COMPANY NUMBER</Name>
        </Code>
        <Code id="31059" urn="urn:sdmx:org.sdmx.infomodel.codelist.Code=ESTAT:CL_NIS_CODE_EGR(1.3).31059">
          <Name xml:lang="en" xmlns="http://www.sdmx.org/resources/sdmxml/schemas/v2_1/common">DOMINICA CHAMBER OF COMMERCE NUMBER</Name>
        </Code>
        <Code id="23059" urn="urn:sdmx:org.sdmx.infomodel.codelist.Code=ESTAT:CL_NIS_CODE_EGR(1.3).23059">
          <Name xml:lang="en" xmlns="http://www.sdmx.org/resources/sdmxml/schemas/v2_1/common">DOMINICA COMPANY ID NUMBER</Name>
        </Code>
        <Code id="29059" urn="urn:sdmx:org.sdmx.infomodel.codelist.Code=ESTAT:CL_NIS_CODE_EGR(1.3).29059">
          <Name xml:lang="en" xmlns="http://www.sdmx.org/resources/sdmxml/schemas/v2_1/common">DOMINICA DnB COMPANY NUMBER</Name>
        </Code>
        <Code id="27059" urn="urn:sdmx:org.sdmx.infomodel.codelist.Code=ESTAT:CL_NIS_CODE_EGR(1.3).27059">
          <Name xml:lang="en" xmlns="http://www.sdmx.org/resources/sdmxml/schemas/v2_1/common">DOMINICA IP IDENTIFICATION NUMBER</Name>
        </Code>
        <Code id="32059" urn="urn:sdmx:org.sdmx.infomodel.codelist.Code=ESTAT:CL_NIS_CODE_EGR(1.3).32059">
          <Name xml:lang="en" xmlns="http://www.sdmx.org/resources/sdmxml/schemas/v2_1/common">DOMINICA OTHER ID NUMBER</Name>
        </Code>
        <Code id="25059" urn="urn:sdmx:org.sdmx.infomodel.codelist.Code=ESTAT:CL_NIS_CODE_EGR(1.3).25059">
          <Name xml:lang="en" xmlns="http://www.sdmx.org/resources/sdmxml/schemas/v2_1/common">DOMINICA STATISTICAL NUMBER</Name>
        </Code>
        <Code id="21059" urn="urn:sdmx:org.sdmx.infomodel.codelist.Code=ESTAT:CL_NIS_CODE_EGR(1.3).21059">
          <Name xml:lang="en" xmlns="http://www.sdmx.org/resources/sdmxml/schemas/v2_1/common">DOMINICA TRADE REGISTER NUMBER</Name>
        </Code>
        <Code id="22059" urn="urn:sdmx:org.sdmx.infomodel.codelist.Code=ESTAT:CL_NIS_CODE_EGR(1.3).22059">
          <Name xml:lang="en" xmlns="http://www.sdmx.org/resources/sdmxml/schemas/v2_1/common">DOMINICA VAT NUMBER</Name>
        </Code>
        <Code id="28059" urn="urn:sdmx:org.sdmx.infomodel.codelist.Code=ESTAT:CL_NIS_CODE_EGR(1.3).28059">
          <Name xml:lang="en" xmlns="http://www.sdmx.org/resources/sdmxml/schemas/v2_1/common">DOMINICA WVB COMPANY NUMBER</Name>
        </Code>
        <Code id="31060" urn="urn:sdmx:org.sdmx.infomodel.codelist.Code=ESTAT:CL_NIS_CODE_EGR(1.3).31060">
          <Name xml:lang="en" xmlns="http://www.sdmx.org/resources/sdmxml/schemas/v2_1/common">DOMINICAN REPUBLIC CHAMBER OF COMMERCE NUMBER</Name>
        </Code>
        <Code id="23060" urn="urn:sdmx:org.sdmx.infomodel.codelist.Code=ESTAT:CL_NIS_CODE_EGR(1.3).23060">
          <Name xml:lang="en" xmlns="http://www.sdmx.org/resources/sdmxml/schemas/v2_1/common">DOMINICAN REPUBLIC COMPANY ID NUMBER</Name>
        </Code>
        <Code id="29060" urn="urn:sdmx:org.sdmx.infomodel.codelist.Code=ESTAT:CL_NIS_CODE_EGR(1.3).29060">
          <Name xml:lang="en" xmlns="http://www.sdmx.org/resources/sdmxml/schemas/v2_1/common">DOMINICAN REPUBLIC DnB COMPANY NUMBER</Name>
        </Code>
        <Code id="27060" urn="urn:sdmx:org.sdmx.infomodel.codelist.Code=ESTAT:CL_NIS_CODE_EGR(1.3).27060">
          <Name xml:lang="en" xmlns="http://www.sdmx.org/resources/sdmxml/schemas/v2_1/common">DOMINICAN REPUBLIC IP IDENTIFICATION NUMBER</Name>
        </Code>
        <Code id="32060" urn="urn:sdmx:org.sdmx.infomodel.codelist.Code=ESTAT:CL_NIS_CODE_EGR(1.3).32060">
          <Name xml:lang="en" xmlns="http://www.sdmx.org/resources/sdmxml/schemas/v2_1/common">DOMINICAN REPUBLIC OTHER ID NUMBER</Name>
        </Code>
        <Code id="25060" urn="urn:sdmx:org.sdmx.infomodel.codelist.Code=ESTAT:CL_NIS_CODE_EGR(1.3).25060">
          <Name xml:lang="en" xmlns="http://www.sdmx.org/resources/sdmxml/schemas/v2_1/common">DOMINICAN REPUBLIC STATISTICAL NUMBER</Name>
        </Code>
        <Code id="21060" urn="urn:sdmx:org.sdmx.infomodel.codelist.Code=ESTAT:CL_NIS_CODE_EGR(1.3).21060">
          <Name xml:lang="en" xmlns="http://www.sdmx.org/resources/sdmxml/schemas/v2_1/common">DOMINICAN REPUBLIC TRADE REGISTER NUMBER</Name>
        </Code>
        <Code id="22060" urn="urn:sdmx:org.sdmx.infomodel.codelist.Code=ESTAT:CL_NIS_CODE_EGR(1.3).22060">
          <Name xml:lang="en" xmlns="http://www.sdmx.org/resources/sdmxml/schemas/v2_1/common">DOMINICAN REPUBLIC VAT NUMBER</Name>
        </Code>
        <Code id="28060" urn="urn:sdmx:org.sdmx.infomodel.codelist.Code=ESTAT:CL_NIS_CODE_EGR(1.3).28060">
          <Name xml:lang="en" xmlns="http://www.sdmx.org/resources/sdmxml/schemas/v2_1/common">DOMINICAN REPUBLIC WVB COMPANY NUMBER</Name>
        </Code>
        <Code id="31218" urn="urn:sdmx:org.sdmx.infomodel.codelist.Code=ESTAT:CL_NIS_CODE_EGR(1.3).31218">
          <Name xml:lang="en" xmlns="http://www.sdmx.org/resources/sdmxml/schemas/v2_1/common">EAST TIMOR CHAMBER OF COMMERCE NUMBER</Name>
        </Code>
        <Code id="23218" urn="urn:sdmx:org.sdmx.infomodel.codelist.Code=ESTAT:CL_NIS_CODE_EGR(1.3).23218">
          <Name xml:lang="en" xmlns="http://www.sdmx.org/resources/sdmxml/schemas/v2_1/common">EAST TIMOR COMPANY ID NUMBER</Name>
        </Code>
        <Code id="29218" urn="urn:sdmx:org.sdmx.infomodel.codelist.Code=ESTAT:CL_NIS_CODE_EGR(1.3).29218">
          <Name xml:lang="en" xmlns="http://www.sdmx.org/resources/sdmxml/schemas/v2_1/common">EAST TIMOR DnB COMPANY NUMBER</Name>
        </Code>
        <Code id="27218" urn="urn:sdmx:org.sdmx.infomodel.codelist.Code=ESTAT:CL_NIS_CODE_EGR(1.3).27218">
          <Name xml:lang="en" xmlns="http://www.sdmx.org/resources/sdmxml/schemas/v2_1/common">EAST TIMOR IP IDENTIFICATION NUMBER</Name>
        </Code>
        <Code id="32218" urn="urn:sdmx:org.sdmx.infomodel.codelist.Code=ESTAT:CL_NIS_CODE_EGR(1.3).32218">
          <Name xml:lang="en" xmlns="http://www.sdmx.org/resources/sdmxml/schemas/v2_1/common">EAST TIMOR OTHER ID NUMBER</Name>
        </Code>
        <Code id="25218" urn="urn:sdmx:org.sdmx.infomodel.codelist.Code=ESTAT:CL_NIS_CODE_EGR(1.3).25218">
          <Name xml:lang="en" xmlns="http://www.sdmx.org/resources/sdmxml/schemas/v2_1/common">EAST TIMOR STATISTICAL NUMBER</Name>
        </Code>
        <Code id="21218" urn="urn:sdmx:org.sdmx.infomodel.codelist.Code=ESTAT:CL_NIS_CODE_EGR(1.3).21218">
          <Name xml:lang="en" xmlns="http://www.sdmx.org/resources/sdmxml/schemas/v2_1/common">EAST TIMOR TRADE REGISTER NUMBER</Name>
        </Code>
        <Code id="22218" urn="urn:sdmx:org.sdmx.infomodel.codelist.Code=ESTAT:CL_NIS_CODE_EGR(1.3).22218">
          <Name xml:lang="en" xmlns="http://www.sdmx.org/resources/sdmxml/schemas/v2_1/common">EAST TIMOR VAT NUMBER</Name>
        </Code>
        <Code id="28218" urn="urn:sdmx:org.sdmx.infomodel.codelist.Code=ESTAT:CL_NIS_CODE_EGR(1.3).28218">
          <Name xml:lang="en" xmlns="http://www.sdmx.org/resources/sdmxml/schemas/v2_1/common">EAST TIMOR WVB COMPANY NUMBER</Name>
        </Code>
        <Code id="31062" urn="urn:sdmx:org.sdmx.infomodel.codelist.Code=ESTAT:CL_NIS_CODE_EGR(1.3).31062">
          <Name xml:lang="en" xmlns="http://www.sdmx.org/resources/sdmxml/schemas/v2_1/common">ECUADOR CHAMBER OF COMMERCE NUMBER</Name>
        </Code>
        <Code id="23062" urn="urn:sdmx:org.sdmx.infomodel.codelist.Code=ESTAT:CL_NIS_CODE_EGR(1.3).23062">
          <Name xml:lang="en" xmlns="http://www.sdmx.org/resources/sdmxml/schemas/v2_1/common">ECUADOR COMPANY ID NUMBER</Name>
        </Code>
        <Code id="29062" urn="urn:sdmx:org.sdmx.infomodel.codelist.Code=ESTAT:CL_NIS_CODE_EGR(1.3).29062">
          <Name xml:lang="en" xmlns="http://www.sdmx.org/resources/sdmxml/schemas/v2_1/common">ECUADOR DnB COMPANY NUMBER</Name>
        </Code>
        <Code id="27062" urn="urn:sdmx:org.sdmx.infomodel.codelist.Code=ESTAT:CL_NIS_CODE_EGR(1.3).27062">
          <Name xml:lang="en" xmlns="http://www.sdmx.org/resources/sdmxml/schemas/v2_1/common">ECUADOR IP IDENTIFICATION NUMBER</Name>
        </Code>
        <Code id="32062" urn="urn:sdmx:org.sdmx.infomodel.codelist.Code=ESTAT:CL_NIS_CODE_EGR(1.3).32062">
          <Name xml:lang="en" xmlns="http://www.sdmx.org/resources/sdmxml/schemas/v2_1/common">ECUADOR OTHER ID NUMBER</Name>
        </Code>
        <Code id="25062" urn="urn:sdmx:org.sdmx.infomodel.codelist.Code=ESTAT:CL_NIS_CODE_EGR(1.3).25062">
          <Name xml:lang="en" xmlns="http://www.sdmx.org/resources/sdmxml/schemas/v2_1/common">ECUADOR STATISTICAL NUMBER</Name>
        </Code>
        <Code id="21062" urn="urn:sdmx:org.sdmx.infomodel.codelist.Code=ESTAT:CL_NIS_CODE_EGR(1.3).21062">
          <Name xml:lang="en" xmlns="http://www.sdmx.org/resources/sdmxml/schemas/v2_1/common">ECUADOR TRADE REGISTER NUMBER</Name>
        </Code>
        <Code id="22062" urn="urn:sdmx:org.sdmx.infomodel.codelist.Code=ESTAT:CL_NIS_CODE_EGR(1.3).22062">
          <Name xml:lang="en" xmlns="http://www.sdmx.org/resources/sdmxml/schemas/v2_1/common">ECUADOR VAT NUMBER</Name>
        </Code>
        <Code id="28062" urn="urn:sdmx:org.sdmx.infomodel.codelist.Code=ESTAT:CL_NIS_CODE_EGR(1.3).28062">
          <Name xml:lang="en" xmlns="http://www.sdmx.org/resources/sdmxml/schemas/v2_1/common">ECUADOR WVB COMPANY NUMBER</Name>
        </Code>
        <Code id="31064" urn="urn:sdmx:org.sdmx.infomodel.codelist.Code=ESTAT:CL_NIS_CODE_EGR(1.3).31064">
          <Name xml:lang="en" xmlns="http://www.sdmx.org/resources/sdmxml/schemas/v2_1/common">EGYPT CHAMBER OF COMMERCE NUMBER</Name>
        </Code>
        <Code id="23064" urn="urn:sdmx:org.sdmx.infomodel.codelist.Code=ESTAT:CL_NIS_CODE_EGR(1.3).23064">
          <Name xml:lang="en" xmlns="http://www.sdmx.org/resources/sdmxml/schemas/v2_1/common">EGYPT COMPANY ID NUMBER</Name>
        </Code>
        <Code id="29064" urn="urn:sdmx:org.sdmx.infomodel.codelist.Code=ESTAT:CL_NIS_CODE_EGR(1.3).29064">
          <Name xml:lang="en" xmlns="http://www.sdmx.org/resources/sdmxml/schemas/v2_1/common">EGYPT DnB COMPANY NUMBER</Name>
        </Code>
        <Code id="27064" urn="urn:sdmx:org.sdmx.infomodel.codelist.Code=ESTAT:CL_NIS_CODE_EGR(1.3).27064">
          <Name xml:lang="en" xmlns="http://www.sdmx.org/resources/sdmxml/schemas/v2_1/common">EGYPT IP IDENTIFICATION NUMBER</Name>
        </Code>
        <Code id="32064" urn="urn:sdmx:org.sdmx.infomodel.codelist.Code=ESTAT:CL_NIS_CODE_EGR(1.3).32064">
          <Name xml:lang="en" xmlns="http://www.sdmx.org/resources/sdmxml/schemas/v2_1/common">EGYPT OTHER ID NUMBER</Name>
        </Code>
        <Code id="25064" urn="urn:sdmx:org.sdmx.infomodel.codelist.Code=ESTAT:CL_NIS_CODE_EGR(1.3).25064">
          <Name xml:lang="en" xmlns="http://www.sdmx.org/resources/sdmxml/schemas/v2_1/common">EGYPT STATISTICAL NUMBER</Name>
        </Code>
        <Code id="21064" urn="urn:sdmx:org.sdmx.infomodel.codelist.Code=ESTAT:CL_NIS_CODE_EGR(1.3).21064">
          <Name xml:lang="en" xmlns="http://www.sdmx.org/resources/sdmxml/schemas/v2_1/common">EGYPT TRADE REGISTER NUMBER</Name>
        </Code>
        <Code id="22064" urn="urn:sdmx:org.sdmx.infomodel.codelist.Code=ESTAT:CL_NIS_CODE_EGR(1.3).22064">
          <Name xml:lang="en" xmlns="http://www.sdmx.org/resources/sdmxml/schemas/v2_1/common">EGYPT VAT NUMBER</Name>
        </Code>
        <Code id="28064" urn="urn:sdmx:org.sdmx.infomodel.codelist.Code=ESTAT:CL_NIS_CODE_EGR(1.3).28064">
          <Name xml:lang="en" xmlns="http://www.sdmx.org/resources/sdmxml/schemas/v2_1/common">EGYPT WVB COMPANY NUMBER</Name>
        </Code>
        <Code id="31208" urn="urn:sdmx:org.sdmx.infomodel.codelist.Code=ESTAT:CL_NIS_CODE_EGR(1.3).31208">
          <Name xml:lang="en" xmlns="http://www.sdmx.org/resources/sdmxml/schemas/v2_1/common">EL SALVADOR CHAMBER OF COMMERCE NUMBER</Name>
        </Code>
        <Code id="23208" urn="urn:sdmx:org.sdmx.infomodel.codelist.Code=ESTAT:CL_NIS_CODE_EGR(1.3).23208">
          <Name xml:lang="en" xmlns="http://www.sdmx.org/resources/sdmxml/schemas/v2_1/common">EL SALVADOR COMPANY ID NUMBER</Name>
        </Code>
        <Code id="29208" urn="urn:sdmx:org.sdmx.infomodel.codelist.Code=ESTAT:CL_NIS_CODE_EGR(1.3).29208">
          <Name xml:lang="en" xmlns="http://www.sdmx.org/resources/sdmxml/schemas/v2_1/common">EL SALVADOR DnB COMPANY NUMBER</Name>
        </Code>
        <Code id="27208" urn="urn:sdmx:org.sdmx.infomodel.codelist.Code=ESTAT:CL_NIS_CODE_EGR(1.3).27208">
          <Name xml:lang="en" xmlns="http://www.sdmx.org/resources/sdmxml/schemas/v2_1/common">EL SALVADOR IP IDENTIFICATION NUMBER</Name>
        </Code>
        <Code id="32208" urn="urn:sdmx:org.sdmx.infomodel.codelist.Code=ESTAT:CL_NIS_CODE_EGR(1.3).32208">
          <Name xml:lang="en" xmlns="http://www.sdmx.org/resources/sdmxml/schemas/v2_1/common">EL SALVADOR OTHER ID NUMBER</Name>
        </Code>
        <Code id="25208" urn="urn:sdmx:org.sdmx.infomodel.codelist.Code=ESTAT:CL_NIS_CODE_EGR(1.3).25208">
          <Name xml:lang="en" xmlns="http://www.sdmx.org/resources/sdmxml/schemas/v2_1/common">EL SALVADOR STATISTICAL NUMBER</Name>
        </Code>
        <Code id="21208" urn="urn:sdmx:org.sdmx.infomodel.codelist.Code=ESTAT:CL_NIS_CODE_EGR(1.3).21208">
          <Name xml:lang="en" xmlns="http://www.sdmx.org/resources/sdmxml/schemas/v2_1/common">EL SALVADOR TRADE REGISTER NUMBER</Name>
        </Code>
        <Code id="22208" urn="urn:sdmx:org.sdmx.infomodel.codelist.Code=ESTAT:CL_NIS_CODE_EGR(1.3).22208">
          <Name xml:lang="en" xmlns="http://www.sdmx.org/resources/sdmxml/schemas/v2_1/common">EL SALVADOR VAT NUMBER</Name>
        </Code>
        <Code id="28208" urn="urn:sdmx:org.sdmx.infomodel.codelist.Code=ESTAT:CL_NIS_CODE_EGR(1.3).28208">
          <Name xml:lang="en" xmlns="http://www.sdmx.org/resources/sdmxml/schemas/v2_1/common">EL SALVADOR WVB COMPANY NUMBER</Name>
        </Code>
        <Code id="31087" urn="urn:sdmx:org.sdmx.infomodel.codelist.Code=ESTAT:CL_NIS_CODE_EGR(1.3).31087">
          <Name xml:lang="en" xmlns="http://www.sdmx.org/resources/sdmxml/schemas/v2_1/common">EQUATORIAL GUINEA CHAMBER OF COMMERCE NUMBER</Name>
        </Code>
        <Code id="23087" urn="urn:sdmx:org.sdmx.infomodel.codelist.Code=ESTAT:CL_NIS_CODE_EGR(1.3).23087">
          <Name xml:lang="en" xmlns="http://www.sdmx.org/resources/sdmxml/schemas/v2_1/common">EQUATORIAL GUINEA COMPANY ID NUMBER</Name>
        </Code>
        <Code id="29087" urn="urn:sdmx:org.sdmx.infomodel.codelist.Code=ESTAT:CL_NIS_CODE_EGR(1.3).29087">
          <Name xml:lang="en" xmlns="http://www.sdmx.org/resources/sdmxml/schemas/v2_1/common">EQUATORIAL GUINEA DnB COMPANY NUMBER</Name>
        </Code>
        <Code id="27087" urn="urn:sdmx:org.sdmx.infomodel.codelist.Code=ESTAT:CL_NIS_CODE_EGR(1.3).27087">
          <Name xml:lang="en" xmlns="http://www.sdmx.org/resources/sdmxml/schemas/v2_1/common">EQUATORIAL GUINEA IP IDENTIFICATION NUMBER</Name>
        </Code>
        <Code id="32087" urn="urn:sdmx:org.sdmx.infomodel.codelist.Code=ESTAT:CL_NIS_CODE_EGR(1.3).32087">
          <Name xml:lang="en" xmlns="http://www.sdmx.org/resources/sdmxml/schemas/v2_1/common">EQUATORIAL GUINEA OTHER ID NUMBER</Name>
        </Code>
        <Code id="25087" urn="urn:sdmx:org.sdmx.infomodel.codelist.Code=ESTAT:CL_NIS_CODE_EGR(1.3).25087">
          <Name xml:lang="en" xmlns="http://www.sdmx.org/resources/sdmxml/schemas/v2_1/common">EQUATORIAL GUINEA STATISTICAL NUMBER</Name>
        </Code>
        <Code id="21087" urn="urn:sdmx:org.sdmx.infomodel.codelist.Code=ESTAT:CL_NIS_CODE_EGR(1.3).21087">
          <Name xml:lang="en" xmlns="http://www.sdmx.org/resources/sdmxml/schemas/v2_1/common">EQUATORIAL GUINEA TRADE REGISTER NUMBER</Name>
        </Code>
        <Code id="22087" urn="urn:sdmx:org.sdmx.infomodel.codelist.Code=ESTAT:CL_NIS_CODE_EGR(1.3).22087">
          <Name xml:lang="en" xmlns="http://www.sdmx.org/resources/sdmxml/schemas/v2_1/common">EQUATORIAL GUINEA VAT NUMBER</Name>
        </Code>
        <Code id="28087" urn="urn:sdmx:org.sdmx.infomodel.codelist.Code=ESTAT:CL_NIS_CODE_EGR(1.3).28087">
          <Name xml:lang="en" xmlns="http://www.sdmx.org/resources/sdmxml/schemas/v2_1/common">EQUATORIAL GUINEA WVB COMPANY NUMBER</Name>
        </Code>
        <Code id="31066" urn="urn:sdmx:org.sdmx.infomodel.codelist.Code=ESTAT:CL_NIS_CODE_EGR(1.3).31066">
          <Name xml:lang="en" xmlns="http://www.sdmx.org/resources/sdmxml/schemas/v2_1/common">ERITREA CHAMBER OF COMMERCE NUMBER</Name>
        </Code>
        <Code id="23066" urn="urn:sdmx:org.sdmx.infomodel.codelist.Code=ESTAT:CL_NIS_CODE_EGR(1.3).23066">
          <Name xml:lang="en" xmlns="http://www.sdmx.org/resources/sdmxml/schemas/v2_1/common">ERITREA COMPANY ID NUMBER</Name>
        </Code>
        <Code id="29066" urn="urn:sdmx:org.sdmx.infomodel.codelist.Code=ESTAT:CL_NIS_CODE_EGR(1.3).29066">
          <Name xml:lang="en" xmlns="http://www.sdmx.org/resources/sdmxml/schemas/v2_1/common">ERITREA DnB COMPANY NUMBER</Name>
        </Code>
        <Code id="27066" urn="urn:sdmx:org.sdmx.infomodel.codelist.Code=ESTAT:CL_NIS_CODE_EGR(1.3).27066">
          <Name xml:lang="en" xmlns="http://www.sdmx.org/resources/sdmxml/schemas/v2_1/common">ERITREA IP IDENTIFICATION NUMBER</Name>
        </Code>
        <Code id="32066" urn="urn:sdmx:org.sdmx.infomodel.codelist.Code=ESTAT:CL_NIS_CODE_EGR(1.3).32066">
          <Name xml:lang="en" xmlns="http://www.sdmx.org/resources/sdmxml/schemas/v2_1/common">ERITREA OTHER ID NUMBER</Name>
        </Code>
        <Code id="25066" urn="urn:sdmx:org.sdmx.infomodel.codelist.Code=ESTAT:CL_NIS_CODE_EGR(1.3).25066">
          <Name xml:lang="en" xmlns="http://www.sdmx.org/resources/sdmxml/schemas/v2_1/common">ERITREA STATISTICAL NUMBER</Name>
        </Code>
        <Code id="21066" urn="urn:sdmx:org.sdmx.infomodel.codelist.Code=ESTAT:CL_NIS_CODE_EGR(1.3).21066">
          <Name xml:lang="en" xmlns="http://www.sdmx.org/resources/sdmxml/schemas/v2_1/common">ERITREA TRADE REGISTER NUMBER</Name>
        </Code>
        <Code id="22066" urn="urn:sdmx:org.sdmx.infomodel.codelist.Code=ESTAT:CL_NIS_CODE_EGR(1.3).22066">
          <Name xml:lang="en" xmlns="http://www.sdmx.org/resources/sdmxml/schemas/v2_1/common">ERITREA VAT NUMBER</Name>
        </Code>
        <Code id="28066" urn="urn:sdmx:org.sdmx.infomodel.codelist.Code=ESTAT:CL_NIS_CODE_EGR(1.3).28066">
          <Name xml:lang="en" xmlns="http://www.sdmx.org/resources/sdmxml/schemas/v2_1/common">ERITREA WVB COMPANY NUMBER</Name>
        </Code>
        <Code id="31063" urn="urn:sdmx:org.sdmx.infomodel.codelist.Code=ESTAT:CL_NIS_CODE_EGR(1.3).31063">
          <Name xml:lang="en" xmlns="http://www.sdmx.org/resources/sdmxml/schemas/v2_1/common">ESTONIA CHAMBER OF COMMERCE NUMBER</Name>
        </Code>
        <Code id="23063" urn="urn:sdmx:org.sdmx.infomodel.codelist.Code=ESTAT:CL_NIS_CODE_EGR(1.3).23063">
          <Name xml:lang="en" xmlns="http://www.sdmx.org/resources/sdmxml/schemas/v2_1/common">ESTONIA COMPANY ID NUMBER</Name>
        </Code>
        <Code id="29063" urn="urn:sdmx:org.sdmx.infomodel.codelist.Code=ESTAT:CL_NIS_CODE_EGR(1.3).29063">
          <Name xml:lang="en" xmlns="http://www.sdmx.org/resources/sdmxml/schemas/v2_1/common">ESTONIA DnB COMPANY NUMBER</Name>
        </Code>
        <Code id="27063" urn="urn:sdmx:org.sdmx.infomodel.codelist.Code=ESTAT:CL_NIS_CODE_EGR(1.3).27063">
          <Name xml:lang="en" xmlns="http://www.sdmx.org/resources/sdmxml/schemas/v2_1/common">ESTONIA IP IDENTIFICATION NUMBER</Name>
        </Code>
        <Code id="32063" urn="urn:sdmx:org.sdmx.infomodel.codelist.Code=ESTAT:CL_NIS_CODE_EGR(1.3).32063">
          <Name xml:lang="en" xmlns="http://www.sdmx.org/resources/sdmxml/schemas/v2_1/common">ESTONIA OTHER ID NUMBER</Name>
        </Code>
        <Code id="25063" urn="urn:sdmx:org.sdmx.infomodel.codelist.Code=ESTAT:CL_NIS_CODE_EGR(1.3).25063">
          <Name xml:lang="en" xmlns="http://www.sdmx.org/resources/sdmxml/schemas/v2_1/common">ESTONIA STATISTICAL NUMBER</Name>
        </Code>
        <Code id="21063" urn="urn:sdmx:org.sdmx.infomodel.codelist.Code=ESTAT:CL_NIS_CODE_EGR(1.3).21063">
          <Name xml:lang="en" xmlns="http://www.sdmx.org/resources/sdmxml/schemas/v2_1/common">ESTONIA TRADE REGISTER NUMBER</Name>
        </Code>
        <Code id="22063" urn="urn:sdmx:org.sdmx.infomodel.codelist.Code=ESTAT:CL_NIS_CODE_EGR(1.3).22063">
          <Name xml:lang="en" xmlns="http://www.sdmx.org/resources/sdmxml/schemas/v2_1/common">ESTONIA VAT NUMBER</Name>
        </Code>
        <Code id="28063" urn="urn:sdmx:org.sdmx.infomodel.codelist.Code=ESTAT:CL_NIS_CODE_EGR(1.3).28063">
          <Name xml:lang="en" xmlns="http://www.sdmx.org/resources/sdmxml/schemas/v2_1/common">ESTONIA WVB COMPANY NUMBER</Name>
        </Code>
        <Code id="31068" urn="urn:sdmx:org.sdmx.infomodel.codelist.Code=ESTAT:CL_NIS_CODE_EGR(1.3).31068">
          <Name xml:lang="en" xmlns="http://www.sdmx.org/resources/sdmxml/schemas/v2_1/common">ETHIOPIA CHAMBER OF COMMERCE NUMBER</Name>
        </Code>
        <Code id="23068" urn="urn:sdmx:org.sdmx.infomodel.codelist.Code=ESTAT:CL_NIS_CODE_EGR(1.3).23068">
          <Name xml:lang="en" xmlns="http://www.sdmx.org/resources/sdmxml/schemas/v2_1/common">ETHIOPIA COMPANY ID NUMBER</Name>
        </Code>
        <Code id="29068" urn="urn:sdmx:org.sdmx.infomodel.codelist.Code=ESTAT:CL_NIS_CODE_EGR(1.3).29068">
          <Name xml:lang="en" xmlns="http://www.sdmx.org/resources/sdmxml/schemas/v2_1/common">ETHIOPIA DnB COMPANY NUMBER</Name>
        </Code>
        <Code id="27068" urn="urn:sdmx:org.sdmx.infomodel.codelist.Code=ESTAT:CL_NIS_CODE_EGR(1.3).27068">
          <Name xml:lang="en" xmlns="http://www.sdmx.org/resources/sdmxml/schemas/v2_1/common">ETHIOPIA IP IDENTIFICATION NUMBER</Name>
        </Code>
        <Code id="32068" urn="urn:sdmx:org.sdmx.infomodel.codelist.Code=ESTAT:CL_NIS_CODE_EGR(1.3).32068">
          <Name xml:lang="en" xmlns="http://www.sdmx.org/resources/sdmxml/schemas/v2_1/common">ETHIOPIA OTHER ID NUMBER</Name>
        </Code>
        <Code id="25068" urn="urn:sdmx:org.sdmx.infomodel.codelist.Code=ESTAT:CL_NIS_CODE_EGR(1.3).25068">
          <Name xml:lang="en" xmlns="http://www.sdmx.org/resources/sdmxml/schemas/v2_1/common">ETHIOPIA STATISTICAL NUMBER</Name>
        </Code>
        <Code id="21068" urn="urn:sdmx:org.sdmx.infomodel.codelist.Code=ESTAT:CL_NIS_CODE_EGR(1.3).21068">
          <Name xml:lang="en" xmlns="http://www.sdmx.org/resources/sdmxml/schemas/v2_1/common">ETHIOPIA TRADE REGISTER NUMBER</Name>
        </Code>
        <Code id="22068" urn="urn:sdmx:org.sdmx.infomodel.codelist.Code=ESTAT:CL_NIS_CODE_EGR(1.3).22068">
          <Name xml:lang="en" xmlns="http://www.sdmx.org/resources/sdmxml/schemas/v2_1/common">ETHIOPIA VAT NUMBER</Name>
        </Code>
        <Code id="28068" urn="urn:sdmx:org.sdmx.infomodel.codelist.Code=ESTAT:CL_NIS_CODE_EGR(1.3).28068">
          <Name xml:lang="en" xmlns="http://www.sdmx.org/resources/sdmxml/schemas/v2_1/common">ETHIOPIA WVB COMPANY NUMBER</Name>
        </Code>
        <Code id="31071" urn="urn:sdmx:org.sdmx.infomodel.codelist.Code=ESTAT:CL_NIS_CODE_EGR(1.3).31071">
          <Name xml:lang="en" xmlns="http://www.sdmx.org/resources/sdmxml/schemas/v2_1/common">FALKLAND ISLANDS (MALVINAS) CHAMBER OF COMMERCE NUMBER</Name>
        </Code>
        <Code id="23071" urn="urn:sdmx:org.sdmx.infomodel.codelist.Code=ESTAT:CL_NIS_CODE_EGR(1.3).23071">
          <Name xml:lang="en" xmlns="http://www.sdmx.org/resources/sdmxml/schemas/v2_1/common">FALKLAND ISLANDS (MALVINAS) COMPANY ID NUMBER</Name>
        </Code>
        <Code id="29071" urn="urn:sdmx:org.sdmx.infomodel.codelist.Code=ESTAT:CL_NIS_CODE_EGR(1.3).29071">
          <Name xml:lang="en" xmlns="http://www.sdmx.org/resources/sdmxml/schemas/v2_1/common">FALKLAND ISLANDS (MALVINAS) DnB COMPANY NUMBER</Name>
        </Code>
        <Code id="27071" urn="urn:sdmx:org.sdmx.infomodel.codelist.Code=ESTAT:CL_NIS_CODE_EGR(1.3).27071">
          <Name xml:lang="en" xmlns="http://www.sdmx.org/resources/sdmxml/schemas/v2_1/common">FALKLAND ISLANDS (MALVINAS) IP IDENTIFICATION NUMBER</Name>
        </Code>
        <Code id="32071" urn="urn:sdmx:org.sdmx.infomodel.codelist.Code=ESTAT:CL_NIS_CODE_EGR(1.3).32071">
          <Name xml:lang="en" xmlns="http://www.sdmx.org/resources/sdmxml/schemas/v2_1/common">FALKLAND ISLANDS (MALVINAS) OTHER ID NUMBER</Name>
        </Code>
        <Code id="25071" urn="urn:sdmx:org.sdmx.infomodel.codelist.Code=ESTAT:CL_NIS_CODE_EGR(1.3).25071">
          <Name xml:lang="en" xmlns="http://www.sdmx.org/resources/sdmxml/schemas/v2_1/common">FALKLAND ISLANDS (MALVINAS) STATISTICAL NUMBER</Name>
        </Code>
        <Code id="21071" urn="urn:sdmx:org.sdmx.infomodel.codelist.Code=ESTAT:CL_NIS_CODE_EGR(1.3).21071">
          <Name xml:lang="en" xmlns="http://www.sdmx.org/resources/sdmxml/schemas/v2_1/common">FALKLAND ISLANDS (MALVINAS) TRADE REGISTER NUMBER</Name>
        </Code>
        <Code id="22071" urn="urn:sdmx:org.sdmx.infomodel.codelist.Code=ESTAT:CL_NIS_CODE_EGR(1.3).22071">
          <Name xml:lang="en" xmlns="http://www.sdmx.org/resources/sdmxml/schemas/v2_1/common">FALKLAND ISLANDS (MALVINAS) VAT NUMBER</Name>
        </Code>
        <Code id="28071" urn="urn:sdmx:org.sdmx.infomodel.codelist.Code=ESTAT:CL_NIS_CODE_EGR(1.3).28071">
          <Name xml:lang="en" xmlns="http://www.sdmx.org/resources/sdmxml/schemas/v2_1/common">FALKLAND ISLANDS (MALVINAS) WVB COMPANY NUMBER</Name>
        </Code>
        <Code id="31073" urn="urn:sdmx:org.sdmx.infomodel.codelist.Code=ESTAT:CL_NIS_CODE_EGR(1.3).31073">
          <Name xml:lang="en" xmlns="http://www.sdmx.org/resources/sdmxml/schemas/v2_1/common">FAROE ISLANDS CHAMBER OF COMMERCE NUMBER</Name>
        </Code>
        <Code id="23073" urn="urn:sdmx:org.sdmx.infomodel.codelist.Code=ESTAT:CL_NIS_CODE_EGR(1.3).23073">
          <Name xml:lang="en" xmlns="http://www.sdmx.org/resources/sdmxml/schemas/v2_1/common">FAROE ISLANDS COMPANY ID NUMBER</Name>
        </Code>
        <Code id="29073" urn="urn:sdmx:org.sdmx.infomodel.codelist.Code=ESTAT:CL_NIS_CODE_EGR(1.3).29073">
          <Name xml:lang="en" xmlns="http://www.sdmx.org/resources/sdmxml/schemas/v2_1/common">FAROE ISLANDS DnB COMPANY NUMBER</Name>
        </Code>
        <Code id="27073" urn="urn:sdmx:org.sdmx.infomodel.codelist.Code=ESTAT:CL_NIS_CODE_EGR(1.3).27073">
          <Name xml:lang="en" xmlns="http://www.sdmx.org/resources/sdmxml/schemas/v2_1/common">FAROE ISLANDS IP IDENTIFICATION NUMBER</Name>
        </Code>
        <Code id="32073" urn="urn:sdmx:org.sdmx.infomodel.codelist.Code=ESTAT:CL_NIS_CODE_EGR(1.3).32073">
          <Name xml:lang="en" xmlns="http://www.sdmx.org/resources/sdmxml/schemas/v2_1/common">FAROE ISLANDS OTHER ID NUMBER</Name>
        </Code>
        <Code id="25073" urn="urn:sdmx:org.sdmx.infomodel.codelist.Code=ESTAT:CL_NIS_CODE_EGR(1.3).25073">
          <Name xml:lang="en" xmlns="http://www.sdmx.org/resources/sdmxml/schemas/v2_1/common">FAROE ISLANDS STATISTICAL NUMBER</Name>
        </Code>
        <Code id="21073" urn="urn:sdmx:org.sdmx.infomodel.codelist.Code=ESTAT:CL_NIS_CODE_EGR(1.3).21073">
          <Name xml:lang="en" xmlns="http://www.sdmx.org/resources/sdmxml/schemas/v2_1/common">FAROE ISLANDS TRADE REGISTER NUMBER</Name>
        </Code>
        <Code id="22073" urn="urn:sdmx:org.sdmx.infomodel.codelist.Code=ESTAT:CL_NIS_CODE_EGR(1.3).22073">
          <Name xml:lang="en" xmlns="http://www.sdmx.org/resources/sdmxml/schemas/v2_1/common">FAROE ISLANDS VAT NUMBER</Name>
        </Code>
        <Code id="28073" urn="urn:sdmx:org.sdmx.infomodel.codelist.Code=ESTAT:CL_NIS_CODE_EGR(1.3).28073">
          <Name xml:lang="en" xmlns="http://www.sdmx.org/resources/sdmxml/schemas/v2_1/common">FAROE ISLANDS WVB COMPANY NUMBER</Name>
        </Code>
        <Code id="31072" urn="urn:sdmx:org.sdmx.infomodel.codelist.Code=ESTAT:CL_NIS_CODE_EGR(1.3).31072">
          <Name xml:lang="en" xmlns="http://www.sdmx.org/resources/sdmxml/schemas/v2_1/common">FEDERATED STATES OF MICRONESIA CHAMBER OF COMMERCE NUMBER</Name>
        </Code>
        <Code id="23072" urn="urn:sdmx:org.sdmx.infomodel.codelist.Code=ESTAT:CL_NIS_CODE_EGR(1.3).23072">
          <Name xml:lang="en" xmlns="http://www.sdmx.org/resources/sdmxml/schemas/v2_1/common">FEDERATED STATES OF MICRONESIA COMPANY ID NUMBER</Name>
        </Code>
        <Code id="29072" urn="urn:sdmx:org.sdmx.infomodel.codelist.Code=ESTAT:CL_NIS_CODE_EGR(1.3).29072">
          <Name xml:lang="en" xmlns="http://www.sdmx.org/resources/sdmxml/schemas/v2_1/common">FEDERATED STATES OF MICRONESIA DnB COMPANY NUMBER</Name>
        </Code>
        <Code id="27072" urn="urn:sdmx:org.sdmx.infomodel.codelist.Code=ESTAT:CL_NIS_CODE_EGR(1.3).27072">
          <Name xml:lang="en" xmlns="http://www.sdmx.org/resources/sdmxml/schemas/v2_1/common">FEDERATED STATES OF MICRONESIA IP IDENTIFICATION NUMBER</Name>
        </Code>
        <Code id="32072" urn="urn:sdmx:org.sdmx.infomodel.codelist.Code=ESTAT:CL_NIS_CODE_EGR(1.3).32072">
          <Name xml:lang="en" xmlns="http://www.sdmx.org/resources/sdmxml/schemas/v2_1/common">FEDERATED STATES OF MICRONESIA OTHER ID NUMBER</Name>
        </Code>
        <Code id="25072" urn="urn:sdmx:org.sdmx.infomodel.codelist.Code=ESTAT:CL_NIS_CODE_EGR(1.3).25072">
          <Name xml:lang="en" xmlns="http://www.sdmx.org/resources/sdmxml/schemas/v2_1/common">FEDERATED STATES OF MICRONESIA STATISTICAL NUMBER</Name>
        </Code>
        <Code id="21072" urn="urn:sdmx:org.sdmx.infomodel.codelist.Code=ESTAT:CL_NIS_CODE_EGR(1.3).21072">
          <Name xml:lang="en" xmlns="http://www.sdmx.org/resources/sdmxml/schemas/v2_1/common">FEDERATED STATES OF MICRONESIA TRADE REGISTER NUMBER</Name>
        </Code>
        <Code id="22072" urn="urn:sdmx:org.sdmx.infomodel.codelist.Code=ESTAT:CL_NIS_CODE_EGR(1.3).22072">
          <Name xml:lang="en" xmlns="http://www.sdmx.org/resources/sdmxml/schemas/v2_1/common">FEDERATED STATES OF MICRONESIA VAT NUMBER</Name>
        </Code>
        <Code id="28072" urn="urn:sdmx:org.sdmx.infomodel.codelist.Code=ESTAT:CL_NIS_CODE_EGR(1.3).28072">
          <Name xml:lang="en" xmlns="http://www.sdmx.org/resources/sdmxml/schemas/v2_1/common">FEDERATED STATES OF MICRONESIA WVB COMPANY NUMBER</Name>
        </Code>
        <Code id="31070" urn="urn:sdmx:org.sdmx.infomodel.codelist.Code=ESTAT:CL_NIS_CODE_EGR(1.3).31070">
          <Name xml:lang="en" xmlns="http://www.sdmx.org/resources/sdmxml/schemas/v2_1/common">FIJI CHAMBER OF COMMERCE NUMBER</Name>
        </Code>
        <Code id="23070" urn="urn:sdmx:org.sdmx.infomodel.codelist.Code=ESTAT:CL_NIS_CODE_EGR(1.3).23070">
          <Name xml:lang="en" xmlns="http://www.sdmx.org/resources/sdmxml/schemas/v2_1/common">FIJI COMPANY ID NUMBER</Name>
        </Code>
        <Code id="29070" urn="urn:sdmx:org.sdmx.infomodel.codelist.Code=ESTAT:CL_NIS_CODE_EGR(1.3).29070">
          <Name xml:lang="en" xmlns="http://www.sdmx.org/resources/sdmxml/schemas/v2_1/common">FIJI DnB COMPANY NUMBER</Name>
        </Code>
        <Code id="27070" urn="urn:sdmx:org.sdmx.infomodel.codelist.Code=ESTAT:CL_NIS_CODE_EGR(1.3).27070">
          <Name xml:lang="en" xmlns="http://www.sdmx.org/resources/sdmxml/schemas/v2_1/common">FIJI IP IDENTIFICATION NUMBER</Name>
        </Code>
        <Code id="32070" urn="urn:sdmx:org.sdmx.infomodel.codelist.Code=ESTAT:CL_NIS_CODE_EGR(1.3).32070">
          <Name xml:lang="en" xmlns="http://www.sdmx.org/resources/sdmxml/schemas/v2_1/common">FIJI OTHER ID NUMBER</Name>
        </Code>
        <Code id="25070" urn="urn:sdmx:org.sdmx.infomodel.codelist.Code=ESTAT:CL_NIS_CODE_EGR(1.3).25070">
          <Name xml:lang="en" xmlns="http://www.sdmx.org/resources/sdmxml/schemas/v2_1/common">FIJI STATISTICAL NUMBER</Name>
        </Code>
        <Code id="21070" urn="urn:sdmx:org.sdmx.infomodel.codelist.Code=ESTAT:CL_NIS_CODE_EGR(1.3).21070">
          <Name xml:lang="en" xmlns="http://www.sdmx.org/resources/sdmxml/schemas/v2_1/common">FIJI TRADE REGISTER NUMBER</Name>
        </Code>
        <Code id="22070" urn="urn:sdmx:org.sdmx.infomodel.codelist.Code=ESTAT:CL_NIS_CODE_EGR(1.3).22070">
          <Name xml:lang="en" xmlns="http://www.sdmx.org/resources/sdmxml/schemas/v2_1/common">FIJI VAT NUMBER</Name>
        </Code>
        <Code id="28070" urn="urn:sdmx:org.sdmx.infomodel.codelist.Code=ESTAT:CL_NIS_CODE_EGR(1.3).28070">
          <Name xml:lang="en" xmlns="http://www.sdmx.org/resources/sdmxml/schemas/v2_1/common">FIJI WVB COMPANY NUMBER</Name>
        </Code>
        <Code id="31069" urn="urn:sdmx:org.sdmx.infomodel.codelist.Code=ESTAT:CL_NIS_CODE_EGR(1.3).31069">
          <Name xml:lang="en" xmlns="http://www.sdmx.org/resources/sdmxml/schemas/v2_1/common">FINLAND CHAMBER OF COMMERCE NUMBER</Name>
        </Code>
        <Code id="23069" urn="urn:sdmx:org.sdmx.infomodel.codelist.Code=ESTAT:CL_NIS_CODE_EGR(1.3).23069">
          <Name xml:lang="en" xmlns="http://www.sdmx.org/resources/sdmxml/schemas/v2_1/common">FINLAND COMPANY ID NUMBER</Name>
        </Code>
        <Code id="29069" urn="urn:sdmx:org.sdmx.infomodel.codelist.Code=ESTAT:CL_NIS_CODE_EGR(1.3).29069">
          <Name xml:lang="en" xmlns="http://www.sdmx.org/resources/sdmxml/schemas/v2_1/common">FINLAND DnB COMPANY NUMBER</Name>
        </Code>
        <Code id="27069" urn="urn:sdmx:org.sdmx.infomodel.codelist.Code=ESTAT:CL_NIS_CODE_EGR(1.3).27069">
          <Name xml:lang="en" xmlns="http://www.sdmx.org/resources/sdmxml/schemas/v2_1/common">FINLAND IP IDENTIFICATION NUMBER</Name>
        </Code>
        <Code id="32069" urn="urn:sdmx:org.sdmx.infomodel.codelist.Code=ESTAT:CL_NIS_CODE_EGR(1.3).32069">
          <Name xml:lang="en" xmlns="http://www.sdmx.org/resources/sdmxml/schemas/v2_1/common">FINLAND OTHER ID NUMBER</Name>
        </Code>
        <Code id="25069" urn="urn:sdmx:org.sdmx.infomodel.codelist.Code=ESTAT:CL_NIS_CODE_EGR(1.3).25069">
          <Name xml:lang="en" xmlns="http://www.sdmx.org/resources/sdmxml/schemas/v2_1/common">FINLAND STATISTICAL NUMBER</Name>
        </Code>
        <Code id="21069" urn="urn:sdmx:org.sdmx.infomodel.codelist.Code=ESTAT:CL_NIS_CODE_EGR(1.3).21069">
          <Name xml:lang="en" xmlns="http://www.sdmx.org/resources/sdmxml/schemas/v2_1/common">FINLAND TRADE REGISTER NUMBER</Name>
        </Code>
        <Code id="22069" urn="urn:sdmx:org.sdmx.infomodel.codelist.Code=ESTAT:CL_NIS_CODE_EGR(1.3).22069">
          <Name xml:lang="en" xmlns="http://www.sdmx.org/resources/sdmxml/schemas/v2_1/common">FINLAND VAT NUMBER</Name>
        </Code>
        <Code id="28069" urn="urn:sdmx:org.sdmx.infomodel.codelist.Code=ESTAT:CL_NIS_CODE_EGR(1.3).28069">
          <Name xml:lang="en" xmlns="http://www.sdmx.org/resources/sdmxml/schemas/v2_1/common">FINLAND WVB COMPANY NUMBER</Name>
        </Code>
        <Code id="31074" urn="urn:sdmx:org.sdmx.infomodel.codelist.Code=ESTAT:CL_NIS_CODE_EGR(1.3).31074">
          <Name xml:lang="en" xmlns="http://www.sdmx.org/resources/sdmxml/schemas/v2_1/common">FRANCE CHAMBER OF COMMERCE NUMBER</Name>
        </Code>
        <Code id="23074" urn="urn:sdmx:org.sdmx.infomodel.codelist.Code=ESTAT:CL_NIS_CODE_EGR(1.3).23074">
          <Name xml:lang="en" xmlns="http://www.sdmx.org/resources/sdmxml/schemas/v2_1/common">FRANCE COMPANY ID NUMBER</Name>
        </Code>
        <Code id="29074" urn="urn:sdmx:org.sdmx.infomodel.codelist.Code=ESTAT:CL_NIS_CODE_EGR(1.3).29074">
          <Name xml:lang="en" xmlns="http://www.sdmx.org/resources/sdmxml/schemas/v2_1/common">FRANCE DnB COMPANY NUMBER</Name>
        </Code>
        <Code id="27074" urn="urn:sdmx:org.sdmx.infomodel.codelist.Code=ESTAT:CL_NIS_CODE_EGR(1.3).27074">
          <Name xml:lang="en" xmlns="http://www.sdmx.org/resources/sdmxml/schemas/v2_1/common">FRANCE IP IDENTIFICATION NUMBER</Name>
        </Code>
        <Code id="32074" urn="urn:sdmx:org.sdmx.infomodel.codelist.Code=ESTAT:CL_NIS_CODE_EGR(1.3).32074">
          <Name xml:lang="en" xmlns="http://www.sdmx.org/resources/sdmxml/schemas/v2_1/common">FRANCE OTHER ID NUMBER</Name>
        </Code>
        <Code id="25074" urn="urn:sdmx:org.sdmx.infomodel.codelist.Code=ESTAT:CL_NIS_CODE_EGR(1.3).25074">
          <Name xml:lang="en" xmlns="http://www.sdmx.org/resources/sdmxml/schemas/v2_1/common">FRANCE STATISTICAL NUMBER</Name>
        </Code>
        <Code id="21074" urn="urn:sdmx:org.sdmx.infomodel.codelist.Code=ESTAT:CL_NIS_CODE_EGR(1.3).21074">
          <Name xml:lang="en" xmlns="http://www.sdmx.org/resources/sdmxml/schemas/v2_1/common">FRANCE TRADE REGISTER NUMBER</Name>
        </Code>
        <Code id="22074" urn="urn:sdmx:org.sdmx.infomodel.codelist.Code=ESTAT:CL_NIS_CODE_EGR(1.3).22074">
          <Name xml:lang="en" xmlns="http://www.sdmx.org/resources/sdmxml/schemas/v2_1/common">FRANCE VAT NUMBER</Name>
        </Code>
        <Code id="28074" urn="urn:sdmx:org.sdmx.infomodel.codelist.Code=ESTAT:CL_NIS_CODE_EGR(1.3).28074">
          <Name xml:lang="en" xmlns="http://www.sdmx.org/resources/sdmxml/schemas/v2_1/common">FRANCE WVB COMPANY NUMBER</Name>
        </Code>
        <Code id="31079" urn="urn:sdmx:org.sdmx.infomodel.codelist.Code=ESTAT:CL_NIS_CODE_EGR(1.3).31079">
          <Name xml:lang="en" xmlns="http://www.sdmx.org/resources/sdmxml/schemas/v2_1/common">FRENCH GUIANA CHAMBER OF COMMERCE NUMBER</Name>
        </Code>
        <Code id="23079" urn="urn:sdmx:org.sdmx.infomodel.codelist.Code=ESTAT:CL_NIS_CODE_EGR(1.3).23079">
          <Name xml:lang="en" xmlns="http://www.sdmx.org/resources/sdmxml/schemas/v2_1/common">FRENCH GUIANA COMPANY ID NUMBER</Name>
        </Code>
        <Code id="29079" urn="urn:sdmx:org.sdmx.infomodel.codelist.Code=ESTAT:CL_NIS_CODE_EGR(1.3).29079">
          <Name xml:lang="en" xmlns="http://www.sdmx.org/resources/sdmxml/schemas/v2_1/common">FRENCH GUIANA DnB COMPANY NUMBER</Name>
        </Code>
        <Code id="27079" urn="urn:sdmx:org.sdmx.infomodel.codelist.Code=ESTAT:CL_NIS_CODE_EGR(1.3).27079">
          <Name xml:lang="en" xmlns="http://www.sdmx.org/resources/sdmxml/schemas/v2_1/common">FRENCH GUIANA IP IDENTIFICATION NUMBER</Name>
        </Code>
        <Code id="32079" urn="urn:sdmx:org.sdmx.infomodel.codelist.Code=ESTAT:CL_NIS_CODE_EGR(1.3).32079">
          <Name xml:lang="en" xmlns="http://www.sdmx.org/resources/sdmxml/schemas/v2_1/common">FRENCH GUIANA OTHER ID NUMBER</Name>
        </Code>
        <Code id="25079" urn="urn:sdmx:org.sdmx.infomodel.codelist.Code=ESTAT:CL_NIS_CODE_EGR(1.3).25079">
          <Name xml:lang="en" xmlns="http://www.sdmx.org/resources/sdmxml/schemas/v2_1/common">FRENCH GUIANA STATISTICAL NUMBER</Name>
        </Code>
        <Code id="21079" urn="urn:sdmx:org.sdmx.infomodel.codelist.Code=ESTAT:CL_NIS_CODE_EGR(1.3).21079">
          <Name xml:lang="en" xmlns="http://www.sdmx.org/resources/sdmxml/schemas/v2_1/common">FRENCH GUIANA TRADE REGISTER NUMBER</Name>
        </Code>
        <Code id="22079" urn="urn:sdmx:org.sdmx.infomodel.codelist.Code=ESTAT:CL_NIS_CODE_EGR(1.3).22079">
          <Name xml:lang="en" xmlns="http://www.sdmx.org/resources/sdmxml/schemas/v2_1/common">FRENCH GUIANA VAT NUMBER</Name>
        </Code>
        <Code id="28079" urn="urn:sdmx:org.sdmx.infomodel.codelist.Code=ESTAT:CL_NIS_CODE_EGR(1.3).28079">
          <Name xml:lang="en" xmlns="http://www.sdmx.org/resources/sdmxml/schemas/v2_1/common">FRENCH GUIANA WVB COMPANY NUMBER</Name>
        </Code>
        <Code id="31174" urn="urn:sdmx:org.sdmx.infomodel.codelist.Code=ESTAT:CL_NIS_CODE_EGR(1.3).31174">
          <Name xml:lang="en" xmlns="http://www.sdmx.org/resources/sdmxml/schemas/v2_1/common">FRENCH POLYNESIA CHAMBER OF COMMERCE NUMBER</Name>
        </Code>
        <Code id="23174" urn="urn:sdmx:org.sdmx.infomodel.codelist.Code=ESTAT:CL_NIS_CODE_EGR(1.3).23174">
          <Name xml:lang="en" xmlns="http://www.sdmx.org/resources/sdmxml/schemas/v2_1/common">FRENCH POLYNESIA COMPANY ID NUMBER</Name>
        </Code>
        <Code id="29174" urn="urn:sdmx:org.sdmx.infomodel.codelist.Code=ESTAT:CL_NIS_CODE_EGR(1.3).29174">
          <Name xml:lang="en" xmlns="http://www.sdmx.org/resources/sdmxml/schemas/v2_1/common">FRENCH POLYNESIA DnB COMPANY NUMBER</Name>
        </Code>
        <Code id="27174" urn="urn:sdmx:org.sdmx.infomodel.codelist.Code=ESTAT:CL_NIS_CODE_EGR(1.3).27174">
          <Name xml:lang="en" xmlns="http://www.sdmx.org/resources/sdmxml/schemas/v2_1/common">FRENCH POLYNESIA IP IDENTIFICATION NUMBER</Name>
        </Code>
        <Code id="32174" urn="urn:sdmx:org.sdmx.infomodel.codelist.Code=ESTAT:CL_NIS_CODE_EGR(1.3).32174">
          <Name xml:lang="en" xmlns="http://www.sdmx.org/resources/sdmxml/schemas/v2_1/common">FRENCH POLYNESIA OTHER ID NUMBER</Name>
        </Code>
        <Code id="25174" urn="urn:sdmx:org.sdmx.infomodel.codelist.Code=ESTAT:CL_NIS_CODE_EGR(1.3).25174">
          <Name xml:lang="en" xmlns="http://www.sdmx.org/resources/sdmxml/schemas/v2_1/common">FRENCH POLYNESIA STATISTICAL NUMBER</Name>
        </Code>
        <Code id="21174" urn="urn:sdmx:org.sdmx.infomodel.codelist.Code=ESTAT:CL_NIS_CODE_EGR(1.3).21174">
          <Name xml:lang="en" xmlns="http://www.sdmx.org/resources/sdmxml/schemas/v2_1/common">FRENCH POLYNESIA TRADE REGISTER NUMBER</Name>
        </Code>
        <Code id="22174" urn="urn:sdmx:org.sdmx.infomodel.codelist.Code=ESTAT:CL_NIS_CODE_EGR(1.3).22174">
          <Name xml:lang="en" xmlns="http://www.sdmx.org/resources/sdmxml/schemas/v2_1/common">FRENCH POLYNESIA VAT NUMBER</Name>
        </Code>
        <Code id="28174" urn="urn:sdmx:org.sdmx.infomodel.codelist.Code=ESTAT:CL_NIS_CODE_EGR(1.3).28174">
          <Name xml:lang="en" xmlns="http://www.sdmx.org/resources/sdmxml/schemas/v2_1/common">FRENCH POLYNESIA WVB COMPANY NUMBER</Name>
        </Code>
        <Code id="31213" urn="urn:sdmx:org.sdmx.infomodel.codelist.Code=ESTAT:CL_NIS_CODE_EGR(1.3).31213">
          <Name xml:lang="en" xmlns="http://www.sdmx.org/resources/sdmxml/schemas/v2_1/common">FRENCH SOUTHERN TERRITORIES CHAMBER OF COMMERCE NUMBER</Name>
        </Code>
        <Code id="23213" urn="urn:sdmx:org.sdmx.infomodel.codelist.Code=ESTAT:CL_NIS_CODE_EGR(1.3).23213">
          <Name xml:lang="en" xmlns="http://www.sdmx.org/resources/sdmxml/schemas/v2_1/common">FRENCH SOUTHERN TERRITORIES COMPANY ID NUMBER</Name>
        </Code>
        <Code id="29213" urn="urn:sdmx:org.sdmx.infomodel.codelist.Code=ESTAT:CL_NIS_CODE_EGR(1.3).29213">
          <Name xml:lang="en" xmlns="http://www.sdmx.org/resources/sdmxml/schemas/v2_1/common">FRENCH SOUTHERN TERRITORIES DnB COMPANY NUMBER</Name>
        </Code>
        <Code id="27213" urn="urn:sdmx:org.sdmx.infomodel.codelist.Code=ESTAT:CL_NIS_CODE_EGR(1.3).27213">
          <Name xml:lang="en" xmlns="http://www.sdmx.org/resources/sdmxml/schemas/v2_1/common">FRENCH SOUTHERN TERRITORIES IP IDENTIFICATION NUMBER</Name>
        </Code>
        <Code id="32213" urn="urn:sdmx:org.sdmx.infomodel.codelist.Code=ESTAT:CL_NIS_CODE_EGR(1.3).32213">
          <Name xml:lang="en" xmlns="http://www.sdmx.org/resources/sdmxml/schemas/v2_1/common">FRENCH SOUTHERN TERRITORIES OTHER ID NUMBER</Name>
        </Code>
        <Code id="25213" urn="urn:sdmx:org.sdmx.infomodel.codelist.Code=ESTAT:CL_NIS_CODE_EGR(1.3).25213">
          <Name xml:lang="en" xmlns="http://www.sdmx.org/resources/sdmxml/schemas/v2_1/common">FRENCH SOUTHERN TERRITORIES STATISTICAL NUMBER</Name>
        </Code>
        <Code id="21213" urn="urn:sdmx:org.sdmx.infomodel.codelist.Code=ESTAT:CL_NIS_CODE_EGR(1.3).21213">
          <Name xml:lang="en" xmlns="http://www.sdmx.org/resources/sdmxml/schemas/v2_1/common">FRENCH SOUTHERN TERRITORIES TRADE REGISTER NUMBER</Name>
        </Code>
        <Code id="22213" urn="urn:sdmx:org.sdmx.infomodel.codelist.Code=ESTAT:CL_NIS_CODE_EGR(1.3).22213">
          <Name xml:lang="en" xmlns="http://www.sdmx.org/resources/sdmxml/schemas/v2_1/common">FRENCH SOUTHERN TERRITORIES VAT NUMBER</Name>
        </Code>
        <Code id="28213" urn="urn:sdmx:org.sdmx.infomodel.codelist.Code=ESTAT:CL_NIS_CODE_EGR(1.3).28213">
          <Name xml:lang="en" xmlns="http://www.sdmx.org/resources/sdmxml/schemas/v2_1/common">FRENCH SOUTHERN TERRITORIES WVB COMPANY NUMBER</Name>
        </Code>
        <Code id="31075" urn="urn:sdmx:org.sdmx.infomodel.codelist.Code=ESTAT:CL_NIS_CODE_EGR(1.3).31075">
          <Name xml:lang="en" xmlns="http://www.sdmx.org/resources/sdmxml/schemas/v2_1/common">GABON CHAMBER OF COMMERCE NUMBER</Name>
        </Code>
        <Code id="23075" urn="urn:sdmx:org.sdmx.infomodel.codelist.Code=ESTAT:CL_NIS_CODE_EGR(1.3).23075">
          <Name xml:lang="en" xmlns="http://www.sdmx.org/resources/sdmxml/schemas/v2_1/common">GABON COMPANY ID NUMBER</Name>
        </Code>
        <Code id="29075" urn="urn:sdmx:org.sdmx.infomodel.codelist.Code=ESTAT:CL_NIS_CODE_EGR(1.3).29075">
          <Name xml:lang="en" xmlns="http://www.sdmx.org/resources/sdmxml/schemas/v2_1/common">GABON DnB COMPANY NUMBER</Name>
        </Code>
        <Code id="27075" urn="urn:sdmx:org.sdmx.infomodel.codelist.Code=ESTAT:CL_NIS_CODE_EGR(1.3).27075">
          <Name xml:lang="en" xmlns="http://www.sdmx.org/resources/sdmxml/schemas/v2_1/common">GABON IP IDENTIFICATION NUMBER</Name>
        </Code>
        <Code id="32075" urn="urn:sdmx:org.sdmx.infomodel.codelist.Code=ESTAT:CL_NIS_CODE_EGR(1.3).32075">
          <Name xml:lang="en" xmlns="http://www.sdmx.org/resources/sdmxml/schemas/v2_1/common">GABON OTHER ID NUMBER</Name>
        </Code>
        <Code id="25075" urn="urn:sdmx:org.sdmx.infomodel.codelist.Code=ESTAT:CL_NIS_CODE_EGR(1.3).25075">
          <Name xml:lang="en" xmlns="http://www.sdmx.org/resources/sdmxml/schemas/v2_1/common">GABON STATISTICAL NUMBER</Name>
        </Code>
        <Code id="21075" urn="urn:sdmx:org.sdmx.infomodel.codelist.Code=ESTAT:CL_NIS_CODE_EGR(1.3).21075">
          <Name xml:lang="en" xmlns="http://www.sdmx.org/resources/sdmxml/schemas/v2_1/common">GABON TRADE REGISTER NUMBER</Name>
        </Code>
        <Code id="22075" urn="urn:sdmx:org.sdmx.infomodel.codelist.Code=ESTAT:CL_NIS_CODE_EGR(1.3).22075">
          <Name xml:lang="en" xmlns="http://www.sdmx.org/resources/sdmxml/schemas/v2_1/common">GABON VAT NUMBER</Name>
        </Code>
        <Code id="28075" urn="urn:sdmx:org.sdmx.infomodel.codelist.Code=ESTAT:CL_NIS_CODE_EGR(1.3).28075">
          <Name xml:lang="en" xmlns="http://www.sdmx.org/resources/sdmxml/schemas/v2_1/common">GABON WVB COMPANY NUMBER</Name>
        </Code>
        <Code id="31084" urn="urn:sdmx:org.sdmx.infomodel.codelist.Code=ESTAT:CL_NIS_CODE_EGR(1.3).31084">
          <Name xml:lang="en" xmlns="http://www.sdmx.org/resources/sdmxml/schemas/v2_1/common">GAMBIA CHAMBER OF COMMERCE NUMBER</Name>
        </Code>
        <Code id="23084" urn="urn:sdmx:org.sdmx.infomodel.codelist.Code=ESTAT:CL_NIS_CODE_EGR(1.3).23084">
          <Name xml:lang="en" xmlns="http://www.sdmx.org/resources/sdmxml/schemas/v2_1/common">GAMBIA COMPANY ID NUMBER</Name>
        </Code>
        <Code id="29084" urn="urn:sdmx:org.sdmx.infomodel.codelist.Code=ESTAT:CL_NIS_CODE_EGR(1.3).29084">
          <Name xml:lang="en" xmlns="http://www.sdmx.org/resources/sdmxml/schemas/v2_1/common">GAMBIA DnB COMPANY NUMBER</Name>
        </Code>
        <Code id="27084" urn="urn:sdmx:org.sdmx.infomodel.codelist.Code=ESTAT:CL_NIS_CODE_EGR(1.3).27084">
          <Name xml:lang="en" xmlns="http://www.sdmx.org/resources/sdmxml/schemas/v2_1/common">GAMBIA IP IDENTIFICATION NUMBER</Name>
        </Code>
        <Code id="32084" urn="urn:sdmx:org.sdmx.infomodel.codelist.Code=ESTAT:CL_NIS_CODE_EGR(1.3).32084">
          <Name xml:lang="en" xmlns="http://www.sdmx.org/resources/sdmxml/schemas/v2_1/common">GAMBIA OTHER ID NUMBER</Name>
        </Code>
        <Code id="25084" urn="urn:sdmx:org.sdmx.infomodel.codelist.Code=ESTAT:CL_NIS_CODE_EGR(1.3).25084">
          <Name xml:lang="en" xmlns="http://www.sdmx.org/resources/sdmxml/schemas/v2_1/common">GAMBIA STATISTICAL NUMBER</Name>
        </Code>
        <Code id="21084" urn="urn:sdmx:org.sdmx.infomodel.codelist.Code=ESTAT:CL_NIS_CODE_EGR(1.3).21084">
          <Name xml:lang="en" xmlns="http://www.sdmx.org/resources/sdmxml/schemas/v2_1/common">GAMBIA TRADE REGISTER NUMBER</Name>
        </Code>
        <Code id="22084" urn="urn:sdmx:org.sdmx.infomodel.codelist.Code=ESTAT:CL_NIS_CODE_EGR(1.3).22084">
          <Name xml:lang="en" xmlns="http://www.sdmx.org/resources/sdmxml/schemas/v2_1/common">GAMBIA VAT NUMBER</Name>
        </Code>
        <Code id="28084" urn="urn:sdmx:org.sdmx.infomodel.codelist.Code=ESTAT:CL_NIS_CODE_EGR(1.3).28084">
          <Name xml:lang="en" xmlns="http://www.sdmx.org/resources/sdmxml/schemas/v2_1/common">GAMBIA WVB COMPANY NUMBER</Name>
        </Code>
        <Code id="31078" urn="urn:sdmx:org.sdmx.infomodel.codelist.Code=ESTAT:CL_NIS_CODE_EGR(1.3).31078">
          <Name xml:lang="en" xmlns="http://www.sdmx.org/resources/sdmxml/schemas/v2_1/common">GEORGIA CHAMBER OF COMMERCE NUMBER</Name>
        </Code>
        <Code id="23078" urn="urn:sdmx:org.sdmx.infomodel.codelist.Code=ESTAT:CL_NIS_CODE_EGR(1.3).23078">
          <Name xml:lang="en" xmlns="http://www.sdmx.org/resources/sdmxml/schemas/v2_1/common">GEORGIA COMPANY ID NUMBER</Name>
        </Code>
        <Code id="29078" urn="urn:sdmx:org.sdmx.infomodel.codelist.Code=ESTAT:CL_NIS_CODE_EGR(1.3).29078">
          <Name xml:lang="en" xmlns="http://www.sdmx.org/resources/sdmxml/schemas/v2_1/common">GEORGIA DnB COMPANY NUMBER</Name>
        </Code>
        <Code id="27078" urn="urn:sdmx:org.sdmx.infomodel.codelist.Code=ESTAT:CL_NIS_CODE_EGR(1.3).27078">
          <Name xml:lang="en" xmlns="http://www.sdmx.org/resources/sdmxml/schemas/v2_1/common">GEORGIA IP IDENTIFICATION NUMBER</Name>
        </Code>
        <Code id="32078" urn="urn:sdmx:org.sdmx.infomodel.codelist.Code=ESTAT:CL_NIS_CODE_EGR(1.3).32078">
          <Name xml:lang="en" xmlns="http://www.sdmx.org/resources/sdmxml/schemas/v2_1/common">GEORGIA OTHER ID NUMBER</Name>
        </Code>
        <Code id="25078" urn="urn:sdmx:org.sdmx.infomodel.codelist.Code=ESTAT:CL_NIS_CODE_EGR(1.3).25078">
          <Name xml:lang="en" xmlns="http://www.sdmx.org/resources/sdmxml/schemas/v2_1/common">GEORGIA STATISTICAL NUMBER</Name>
        </Code>
        <Code id="21078" urn="urn:sdmx:org.sdmx.infomodel.codelist.Code=ESTAT:CL_NIS_CODE_EGR(1.3).21078">
          <Name xml:lang="en" xmlns="http://www.sdmx.org/resources/sdmxml/schemas/v2_1/common">GEORGIA TRADE REGISTER NUMBER</Name>
        </Code>
        <Code id="22078" urn="urn:sdmx:org.sdmx.infomodel.codelist.Code=ESTAT:CL_NIS_CODE_EGR(1.3).22078">
          <Name xml:lang="en" xmlns="http://www.sdmx.org/resources/sdmxml/schemas/v2_1/common">GEORGIA VAT NUMBER</Name>
        </Code>
        <Code id="28078" urn="urn:sdmx:org.sdmx.infomodel.codelist.Code=ESTAT:CL_NIS_CODE_EGR(1.3).28078">
          <Name xml:lang="en" xmlns="http://www.sdmx.org/resources/sdmxml/schemas/v2_1/common">GEORGIA WVB COMPANY NUMBER</Name>
        </Code>
        <Code id="31056" urn="urn:sdmx:org.sdmx.infomodel.codelist.Code=ESTAT:CL_NIS_CODE_EGR(1.3).31056">
          <Name xml:lang="en" xmlns="http://www.sdmx.org/resources/sdmxml/schemas/v2_1/common">GERMANY CHAMBER OF COMMERCE NUMBER</Name>
        </Code>
        <Code id="23056" urn="urn:sdmx:org.sdmx.infomodel.codelist.Code=ESTAT:CL_NIS_CODE_EGR(1.3).23056">
          <Name xml:lang="en" xmlns="http://www.sdmx.org/resources/sdmxml/schemas/v2_1/common">GERMANY COMPANY ID NUMBER</Name>
        </Code>
        <Code id="29056" urn="urn:sdmx:org.sdmx.infomodel.codelist.Code=ESTAT:CL_NIS_CODE_EGR(1.3).29056">
          <Name xml:lang="en" xmlns="http://www.sdmx.org/resources/sdmxml/schemas/v2_1/common">GERMANY DnB COMPANY NUMBER</Name>
        </Code>
        <Code id="27056" urn="urn:sdmx:org.sdmx.infomodel.codelist.Code=ESTAT:CL_NIS_CODE_EGR(1.3).27056">
          <Name xml:lang="en" xmlns="http://www.sdmx.org/resources/sdmxml/schemas/v2_1/common">GERMANY IP IDENTIFICATION NUMBER</Name>
        </Code>
        <Code id="32056" urn="urn:sdmx:org.sdmx.infomodel.codelist.Code=ESTAT:CL_NIS_CODE_EGR(1.3).32056">
          <Name xml:lang="en" xmlns="http://www.sdmx.org/resources/sdmxml/schemas/v2_1/common">GERMANY OTHER ID NUMBER</Name>
        </Code>
        <Code id="25056" urn="urn:sdmx:org.sdmx.infomodel.codelist.Code=ESTAT:CL_NIS_CODE_EGR(1.3).25056">
          <Name xml:lang="en" xmlns="http://www.sdmx.org/resources/sdmxml/schemas/v2_1/common">GERMANY STATISTICAL NUMBER</Name>
        </Code>
        <Code id="21056" urn="urn:sdmx:org.sdmx.infomodel.codelist.Code=ESTAT:CL_NIS_CODE_EGR(1.3).21056">
          <Name xml:lang="en" xmlns="http://www.sdmx.org/resources/sdmxml/schemas/v2_1/common">GERMANY TRADE REGISTER NUMBER</Name>
        </Code>
        <Code id="22056" urn="urn:sdmx:org.sdmx.infomodel.codelist.Code=ESTAT:CL_NIS_CODE_EGR(1.3).22056">
          <Name xml:lang="en" xmlns="http://www.sdmx.org/resources/sdmxml/schemas/v2_1/common">GERMANY VAT NUMBER</Name>
        </Code>
        <Code id="28056" urn="urn:sdmx:org.sdmx.infomodel.codelist.Code=ESTAT:CL_NIS_CODE_EGR(1.3).28056">
          <Name xml:lang="en" xmlns="http://www.sdmx.org/resources/sdmxml/schemas/v2_1/common">GERMANY WVB COMPANY NUMBER</Name>
        </Code>
        <Code id="31081" urn="urn:sdmx:org.sdmx.infomodel.codelist.Code=ESTAT:CL_NIS_CODE_EGR(1.3).31081">
          <Name xml:lang="en" xmlns="http://www.sdmx.org/resources/sdmxml/schemas/v2_1/common">GHANA CHAMBER OF COMMERCE NUMBER</Name>
        </Code>
        <Code id="23081" urn="urn:sdmx:org.sdmx.infomodel.codelist.Code=ESTAT:CL_NIS_CODE_EGR(1.3).23081">
          <Name xml:lang="en" xmlns="http://www.sdmx.org/resources/sdmxml/schemas/v2_1/common">GHANA COMPANY ID NUMBER</Name>
        </Code>
        <Code id="29081" urn="urn:sdmx:org.sdmx.infomodel.codelist.Code=ESTAT:CL_NIS_CODE_EGR(1.3).29081">
          <Name xml:lang="en" xmlns="http://www.sdmx.org/resources/sdmxml/schemas/v2_1/common">GHANA DnB COMPANY NUMBER</Name>
        </Code>
        <Code id="27081" urn="urn:sdmx:org.sdmx.infomodel.codelist.Code=ESTAT:CL_NIS_CODE_EGR(1.3).27081">
          <Name xml:lang="en" xmlns="http://www.sdmx.org/resources/sdmxml/schemas/v2_1/common">GHANA IP IDENTIFICATION NUMBER</Name>
        </Code>
        <Code id="32081" urn="urn:sdmx:org.sdmx.infomodel.codelist.Code=ESTAT:CL_NIS_CODE_EGR(1.3).32081">
          <Name xml:lang="en" xmlns="http://www.sdmx.org/resources/sdmxml/schemas/v2_1/common">GHANA OTHER ID NUMBER</Name>
        </Code>
        <Code id="25081" urn="urn:sdmx:org.sdmx.infomodel.codelist.Code=ESTAT:CL_NIS_CODE_EGR(1.3).25081">
          <Name xml:lang="en" xmlns="http://www.sdmx.org/resources/sdmxml/schemas/v2_1/common">GHANA STATISTICAL NUMBER</Name>
        </Code>
        <Code id="21081" urn="urn:sdmx:org.sdmx.infomodel.codelist.Code=ESTAT:CL_NIS_CODE_EGR(1.3).21081">
          <Name xml:lang="en" xmlns="http://www.sdmx.org/resources/sdmxml/schemas/v2_1/common">GHANA TRADE REGISTER NUMBER</Name>
        </Code>
        <Code id="22081" urn="urn:sdmx:org.sdmx.infomodel.codelist.Code=ESTAT:CL_NIS_CODE_EGR(1.3).22081">
          <Name xml:lang="en" xmlns="http://www.sdmx.org/resources/sdmxml/schemas/v2_1/common">GHANA VAT NUMBER</Name>
        </Code>
        <Code id="28081" urn="urn:sdmx:org.sdmx.infomodel.codelist.Code=ESTAT:CL_NIS_CODE_EGR(1.3).28081">
          <Name xml:lang="en" xmlns="http://www.sdmx.org/resources/sdmxml/schemas/v2_1/common">GHANA WVB COMPANY NUMBER</Name>
        </Code>
        <Code id="31082" urn="urn:sdmx:org.sdmx.infomodel.codelist.Code=ESTAT:CL_NIS_CODE_EGR(1.3).31082">
          <Name xml:lang="en" xmlns="http://www.sdmx.org/resources/sdmxml/schemas/v2_1/common">GIBRALTAR CHAMBER OF COMMERCE NUMBER</Name>
        </Code>
        <Code id="23082" urn="urn:sdmx:org.sdmx.infomodel.codelist.Code=ESTAT:CL_NIS_CODE_EGR(1.3).23082">
          <Name xml:lang="en" xmlns="http://www.sdmx.org/resources/sdmxml/schemas/v2_1/common">GIBRALTAR COMPANY ID NUMBER</Name>
        </Code>
        <Code id="29082" urn="urn:sdmx:org.sdmx.infomodel.codelist.Code=ESTAT:CL_NIS_CODE_EGR(1.3).29082">
          <Name xml:lang="en" xmlns="http://www.sdmx.org/resources/sdmxml/schemas/v2_1/common">GIBRALTAR DnB COMPANY NUMBER</Name>
        </Code>
        <Code id="27082" urn="urn:sdmx:org.sdmx.infomodel.codelist.Code=ESTAT:CL_NIS_CODE_EGR(1.3).27082">
          <Name xml:lang="en" xmlns="http://www.sdmx.org/resources/sdmxml/schemas/v2_1/common">GIBRALTAR IP IDENTIFICATION NUMBER</Name>
        </Code>
        <Code id="32082" urn="urn:sdmx:org.sdmx.infomodel.codelist.Code=ESTAT:CL_NIS_CODE_EGR(1.3).32082">
          <Name xml:lang="en" xmlns="http://www.sdmx.org/resources/sdmxml/schemas/v2_1/common">GIBRALTAR OTHER ID NUMBER</Name>
        </Code>
        <Code id="25082" urn="urn:sdmx:org.sdmx.infomodel.codelist.Code=ESTAT:CL_NIS_CODE_EGR(1.3).25082">
          <Name xml:lang="en" xmlns="http://www.sdmx.org/resources/sdmxml/schemas/v2_1/common">GIBRALTAR STATISTICAL NUMBER</Name>
        </Code>
        <Code id="21082" urn="urn:sdmx:org.sdmx.infomodel.codelist.Code=ESTAT:CL_NIS_CODE_EGR(1.3).21082">
          <Name xml:lang="en" xmlns="http://www.sdmx.org/resources/sdmxml/schemas/v2_1/common">GIBRALTAR TRADE REGISTER NUMBER</Name>
        </Code>
        <Code id="22082" urn="urn:sdmx:org.sdmx.infomodel.codelist.Code=ESTAT:CL_NIS_CODE_EGR(1.3).22082">
          <Name xml:lang="en" xmlns="http://www.sdmx.org/resources/sdmxml/schemas/v2_1/common">GIBRALTAR VAT NUMBER</Name>
        </Code>
        <Code id="28082" urn="urn:sdmx:org.sdmx.infomodel.codelist.Code=ESTAT:CL_NIS_CODE_EGR(1.3).28082">
          <Name xml:lang="en" xmlns="http://www.sdmx.org/resources/sdmxml/schemas/v2_1/common">GIBRALTAR WVB COMPANY NUMBER</Name>
        </Code>
        <Code id="31088" urn="urn:sdmx:org.sdmx.infomodel.codelist.Code=ESTAT:CL_NIS_CODE_EGR(1.3).31088">
          <Name xml:lang="en" xmlns="http://www.sdmx.org/resources/sdmxml/schemas/v2_1/common">GREECE CHAMBER OF COMMERCE NUMBER</Name>
        </Code>
        <Code id="23088" urn="urn:sdmx:org.sdmx.infomodel.codelist.Code=ESTAT:CL_NIS_CODE_EGR(1.3).23088">
          <Name xml:lang="en" xmlns="http://www.sdmx.org/resources/sdmxml/schemas/v2_1/common">GREECE COMPANY ID NUMBER</Name>
        </Code>
        <Code id="29088" urn="urn:sdmx:org.sdmx.infomodel.codelist.Code=ESTAT:CL_NIS_CODE_EGR(1.3).29088">
          <Name xml:lang="en" xmlns="http://www.sdmx.org/resources/sdmxml/schemas/v2_1/common">GREECE DnB COMPANY NUMBER</Name>
        </Code>
        <Code id="27088" urn="urn:sdmx:org.sdmx.infomodel.codelist.Code=ESTAT:CL_NIS_CODE_EGR(1.3).27088">
          <Name xml:lang="en" xmlns="http://www.sdmx.org/resources/sdmxml/schemas/v2_1/common">GREECE IP IDENTIFICATION NUMBER</Name>
        </Code>
        <Code id="32088" urn="urn:sdmx:org.sdmx.infomodel.codelist.Code=ESTAT:CL_NIS_CODE_EGR(1.3).32088">
          <Name xml:lang="en" xmlns="http://www.sdmx.org/resources/sdmxml/schemas/v2_1/common">GREECE OTHER ID NUMBER</Name>
        </Code>
        <Code id="25088" urn="urn:sdmx:org.sdmx.infomodel.codelist.Code=ESTAT:CL_NIS_CODE_EGR(1.3).25088">
          <Name xml:lang="en" xmlns="http://www.sdmx.org/resources/sdmxml/schemas/v2_1/common">GREECE STATISTICAL NUMBER</Name>
        </Code>
        <Code id="21088" urn="urn:sdmx:org.sdmx.infomodel.codelist.Code=ESTAT:CL_NIS_CODE_EGR(1.3).21088">
          <Name xml:lang="en" xmlns="http://www.sdmx.org/resources/sdmxml/schemas/v2_1/common">GREECE TRADE REGISTER NUMBER</Name>
        </Code>
        <Code id="22088" urn="urn:sdmx:org.sdmx.infomodel.codelist.Code=ESTAT:CL_NIS_CODE_EGR(1.3).22088">
          <Name xml:lang="en" xmlns="http://www.sdmx.org/resources/sdmxml/schemas/v2_1/common">GREECE VAT NUMBER</Name>
        </Code>
        <Code id="28088" urn="urn:sdmx:org.sdmx.infomodel.codelist.Code=ESTAT:CL_NIS_CODE_EGR(1.3).28088">
          <Name xml:lang="en" xmlns="http://www.sdmx.org/resources/sdmxml/schemas/v2_1/common">GREECE WVB COMPANY NUMBER</Name>
        </Code>
        <Code id="31083" urn="urn:sdmx:org.sdmx.infomodel.codelist.Code=ESTAT:CL_NIS_CODE_EGR(1.3).31083">
          <Name xml:lang="en" xmlns="http://www.sdmx.org/resources/sdmxml/schemas/v2_1/common">GREENLAND CHAMBER OF COMMERCE NUMBER</Name>
        </Code>
        <Code id="23083" urn="urn:sdmx:org.sdmx.infomodel.codelist.Code=ESTAT:CL_NIS_CODE_EGR(1.3).23083">
          <Name xml:lang="en" xmlns="http://www.sdmx.org/resources/sdmxml/schemas/v2_1/common">GREENLAND COMPANY ID NUMBER</Name>
        </Code>
        <Code id="29083" urn="urn:sdmx:org.sdmx.infomodel.codelist.Code=ESTAT:CL_NIS_CODE_EGR(1.3).29083">
          <Name xml:lang="en" xmlns="http://www.sdmx.org/resources/sdmxml/schemas/v2_1/common">GREENLAND DnB COMPANY NUMBER</Name>
        </Code>
        <Code id="27083" urn="urn:sdmx:org.sdmx.infomodel.codelist.Code=ESTAT:CL_NIS_CODE_EGR(1.3).27083">
          <Name xml:lang="en" xmlns="http://www.sdmx.org/resources/sdmxml/schemas/v2_1/common">GREENLAND IP IDENTIFICATION NUMBER</Name>
        </Code>
        <Code id="32083" urn="urn:sdmx:org.sdmx.infomodel.codelist.Code=ESTAT:CL_NIS_CODE_EGR(1.3).32083">
          <Name xml:lang="en" xmlns="http://www.sdmx.org/resources/sdmxml/schemas/v2_1/common">GREENLAND OTHER ID NUMBER</Name>
        </Code>
        <Code id="25083" urn="urn:sdmx:org.sdmx.infomodel.codelist.Code=ESTAT:CL_NIS_CODE_EGR(1.3).25083">
          <Name xml:lang="en" xmlns="http://www.sdmx.org/resources/sdmxml/schemas/v2_1/common">GREENLAND STATISTICAL NUMBER</Name>
        </Code>
        <Code id="21083" urn="urn:sdmx:org.sdmx.infomodel.codelist.Code=ESTAT:CL_NIS_CODE_EGR(1.3).21083">
          <Name xml:lang="en" xmlns="http://www.sdmx.org/resources/sdmxml/schemas/v2_1/common">GREENLAND TRADE REGISTER NUMBER</Name>
        </Code>
        <Code id="22083" urn="urn:sdmx:org.sdmx.infomodel.codelist.Code=ESTAT:CL_NIS_CODE_EGR(1.3).22083">
          <Name xml:lang="en" xmlns="http://www.sdmx.org/resources/sdmxml/schemas/v2_1/common">GREENLAND VAT NUMBER</Name>
        </Code>
        <Code id="28083" urn="urn:sdmx:org.sdmx.infomodel.codelist.Code=ESTAT:CL_NIS_CODE_EGR(1.3).28083">
          <Name xml:lang="en" xmlns="http://www.sdmx.org/resources/sdmxml/schemas/v2_1/common">GREENLAND WVB COMPANY NUMBER</Name>
        </Code>
        <Code id="31077" urn="urn:sdmx:org.sdmx.infomodel.codelist.Code=ESTAT:CL_NIS_CODE_EGR(1.3).31077">
          <Name xml:lang="en" xmlns="http://www.sdmx.org/resources/sdmxml/schemas/v2_1/common">GRENADA CHAMBER OF COMMERCE NUMBER</Name>
        </Code>
        <Code id="23077" urn="urn:sdmx:org.sdmx.infomodel.codelist.Code=ESTAT:CL_NIS_CODE_EGR(1.3).23077">
          <Name xml:lang="en" xmlns="http://www.sdmx.org/resources/sdmxml/schemas/v2_1/common">GRENADA COMPANY ID NUMBER</Name>
        </Code>
        <Code id="29077" urn="urn:sdmx:org.sdmx.infomodel.codelist.Code=ESTAT:CL_NIS_CODE_EGR(1.3).29077">
          <Name xml:lang="en" xmlns="http://www.sdmx.org/resources/sdmxml/schemas/v2_1/common">GRENADA DnB COMPANY NUMBER</Name>
        </Code>
        <Code id="27077" urn="urn:sdmx:org.sdmx.infomodel.codelist.Code=ESTAT:CL_NIS_CODE_EGR(1.3).27077">
          <Name xml:lang="en" xmlns="http://www.sdmx.org/resources/sdmxml/schemas/v2_1/common">GRENADA IP IDENTIFICATION NUMBER</Name>
        </Code>
        <Code id="32077" urn="urn:sdmx:org.sdmx.infomodel.codelist.Code=ESTAT:CL_NIS_CODE_EGR(1.3).32077">
          <Name xml:lang="en" xmlns="http://www.sdmx.org/resources/sdmxml/schemas/v2_1/common">GRENADA OTHER ID NUMBER</Name>
        </Code>
        <Code id="25077" urn="urn:sdmx:org.sdmx.infomodel.codelist.Code=ESTAT:CL_NIS_CODE_EGR(1.3).25077">
          <Name xml:lang="en" xmlns="http://www.sdmx.org/resources/sdmxml/schemas/v2_1/common">GRENADA STATISTICAL NUMBER</Name>
        </Code>
        <Code id="21077" urn="urn:sdmx:org.sdmx.infomodel.codelist.Code=ESTAT:CL_NIS_CODE_EGR(1.3).21077">
          <Name xml:lang="en" xmlns="http://www.sdmx.org/resources/sdmxml/schemas/v2_1/common">GRENADA TRADE REGISTER NUMBER</Name>
        </Code>
        <Code id="22077" urn="urn:sdmx:org.sdmx.infomodel.codelist.Code=ESTAT:CL_NIS_CODE_EGR(1.3).22077">
          <Name xml:lang="en" xmlns="http://www.sdmx.org/resources/sdmxml/schemas/v2_1/common">GRENADA VAT NUMBER</Name>
        </Code>
        <Code id="28077" urn="urn:sdmx:org.sdmx.infomodel.codelist.Code=ESTAT:CL_NIS_CODE_EGR(1.3).28077">
          <Name xml:lang="en" xmlns="http://www.sdmx.org/resources/sdmxml/schemas/v2_1/common">GRENADA WVB COMPANY NUMBER</Name>
        </Code>
        <Code id="31086" urn="urn:sdmx:org.sdmx.infomodel.codelist.Code=ESTAT:CL_NIS_CODE_EGR(1.3).31086">
          <Name xml:lang="en" xmlns="http://www.sdmx.org/resources/sdmxml/schemas/v2_1/common">GUADELOUPE CHAMBER OF COMMERCE NUMBER</Name>
        </Code>
        <Code id="23086" urn="urn:sdmx:org.sdmx.infomodel.codelist.Code=ESTAT:CL_NIS_CODE_EGR(1.3).23086">
          <Name xml:lang="en" xmlns="http://www.sdmx.org/resources/sdmxml/schemas/v2_1/common">GUADELOUPE COMPANY ID NUMBER</Name>
        </Code>
        <Code id="29086" urn="urn:sdmx:org.sdmx.infomodel.codelist.Code=ESTAT:CL_NIS_CODE_EGR(1.3).29086">
          <Name xml:lang="en" xmlns="http://www.sdmx.org/resources/sdmxml/schemas/v2_1/common">GUADELOUPE DnB COMPANY NUMBER</Name>
        </Code>
        <Code id="27086" urn="urn:sdmx:org.sdmx.infomodel.codelist.Code=ESTAT:CL_NIS_CODE_EGR(1.3).27086">
          <Name xml:lang="en" xmlns="http://www.sdmx.org/resources/sdmxml/schemas/v2_1/common">GUADELOUPE IP IDENTIFICATION NUMBER</Name>
        </Code>
        <Code id="32086" urn="urn:sdmx:org.sdmx.infomodel.codelist.Code=ESTAT:CL_NIS_CODE_EGR(1.3).32086">
          <Name xml:lang="en" xmlns="http://www.sdmx.org/resources/sdmxml/schemas/v2_1/common">GUADELOUPE OTHER ID NUMBER</Name>
        </Code>
        <Code id="25086" urn="urn:sdmx:org.sdmx.infomodel.codelist.Code=ESTAT:CL_NIS_CODE_EGR(1.3).25086">
          <Name xml:lang="en" xmlns="http://www.sdmx.org/resources/sdmxml/schemas/v2_1/common">GUADELOUPE STATISTICAL NUMBER</Name>
        </Code>
        <Code id="21086" urn="urn:sdmx:org.sdmx.infomodel.codelist.Code=ESTAT:CL_NIS_CODE_EGR(1.3).21086">
          <Name xml:lang="en" xmlns="http://www.sdmx.org/resources/sdmxml/schemas/v2_1/common">GUADELOUPE TRADE REGISTER NUMBER</Name>
        </Code>
        <Code id="22086" urn="urn:sdmx:org.sdmx.infomodel.codelist.Code=ESTAT:CL_NIS_CODE_EGR(1.3).22086">
          <Name xml:lang="en" xmlns="http://www.sdmx.org/resources/sdmxml/schemas/v2_1/common">GUADELOUPE VAT NUMBER</Name>
        </Code>
        <Code id="28086" urn="urn:sdmx:org.sdmx.infomodel.codelist.Code=ESTAT:CL_NIS_CODE_EGR(1.3).28086">
          <Name xml:lang="en" xmlns="http://www.sdmx.org/resources/sdmxml/schemas/v2_1/common">GUADELOUPE WVB COMPANY NUMBER</Name>
        </Code>
        <Code id="31091" urn="urn:sdmx:org.sdmx.infomodel.codelist.Code=ESTAT:CL_NIS_CODE_EGR(1.3).31091">
          <Name xml:lang="en" xmlns="http://www.sdmx.org/resources/sdmxml/schemas/v2_1/common">GUAM CHAMBER OF COMMERCE NUMBER</Name>
        </Code>
        <Code id="23091" urn="urn:sdmx:org.sdmx.infomodel.codelist.Code=ESTAT:CL_NIS_CODE_EGR(1.3).23091">
          <Name xml:lang="en" xmlns="http://www.sdmx.org/resources/sdmxml/schemas/v2_1/common">GUAM COMPANY ID NUMBER</Name>
        </Code>
        <Code id="29091" urn="urn:sdmx:org.sdmx.infomodel.codelist.Code=ESTAT:CL_NIS_CODE_EGR(1.3).29091">
          <Name xml:lang="en" xmlns="http://www.sdmx.org/resources/sdmxml/schemas/v2_1/common">GUAM DnB COMPANY NUMBER</Name>
        </Code>
        <Code id="27091" urn="urn:sdmx:org.sdmx.infomodel.codelist.Code=ESTAT:CL_NIS_CODE_EGR(1.3).27091">
          <Name xml:lang="en" xmlns="http://www.sdmx.org/resources/sdmxml/schemas/v2_1/common">GUAM IP IDENTIFICATION NUMBER</Name>
        </Code>
        <Code id="32091" urn="urn:sdmx:org.sdmx.infomodel.codelist.Code=ESTAT:CL_NIS_CODE_EGR(1.3).32091">
          <Name xml:lang="en" xmlns="http://www.sdmx.org/resources/sdmxml/schemas/v2_1/common">GUAM OTHER ID NUMBER</Name>
        </Code>
        <Code id="25091" urn="urn:sdmx:org.sdmx.infomodel.codelist.Code=ESTAT:CL_NIS_CODE_EGR(1.3).25091">
          <Name xml:lang="en" xmlns="http://www.sdmx.org/resources/sdmxml/schemas/v2_1/common">GUAM STATISTICAL NUMBER</Name>
        </Code>
        <Code id="21091" urn="urn:sdmx:org.sdmx.infomodel.codelist.Code=ESTAT:CL_NIS_CODE_EGR(1.3).21091">
          <Name xml:lang="en" xmlns="http://www.sdmx.org/resources/sdmxml/schemas/v2_1/common">GUAM TRADE REGISTER NUMBER</Name>
        </Code>
        <Code id="22091" urn="urn:sdmx:org.sdmx.infomodel.codelist.Code=ESTAT:CL_NIS_CODE_EGR(1.3).22091">
          <Name xml:lang="en" xmlns="http://www.sdmx.org/resources/sdmxml/schemas/v2_1/common">GUAM VAT NUMBER</Name>
        </Code>
        <Code id="28091" urn="urn:sdmx:org.sdmx.infomodel.codelist.Code=ESTAT:CL_NIS_CODE_EGR(1.3).28091">
          <Name xml:lang="en" xmlns="http://www.sdmx.org/resources/sdmxml/schemas/v2_1/common">GUAM WVB COMPANY NUMBER</Name>
        </Code>
        <Code id="31090" urn="urn:sdmx:org.sdmx.infomodel.codelist.Code=ESTAT:CL_NIS_CODE_EGR(1.3).31090">
          <Name xml:lang="en" xmlns="http://www.sdmx.org/resources/sdmxml/schemas/v2_1/common">GUATEMALA CHAMBER OF COMMERCE NUMBER</Name>
        </Code>
        <Code id="23090" urn="urn:sdmx:org.sdmx.infomodel.codelist.Code=ESTAT:CL_NIS_CODE_EGR(1.3).23090">
          <Name xml:lang="en" xmlns="http://www.sdmx.org/resources/sdmxml/schemas/v2_1/common">GUATEMALA COMPANY ID NUMBER</Name>
        </Code>
        <Code id="29090" urn="urn:sdmx:org.sdmx.infomodel.codelist.Code=ESTAT:CL_NIS_CODE_EGR(1.3).29090">
          <Name xml:lang="en" xmlns="http://www.sdmx.org/resources/sdmxml/schemas/v2_1/common">GUATEMALA DnB COMPANY NUMBER</Name>
        </Code>
        <Code id="27090" urn="urn:sdmx:org.sdmx.infomodel.codelist.Code=ESTAT:CL_NIS_CODE_EGR(1.3).27090">
          <Name xml:lang="en" xmlns="http://www.sdmx.org/resources/sdmxml/schemas/v2_1/common">GUATEMALA IP IDENTIFICATION NUMBER</Name>
        </Code>
        <Code id="32090" urn="urn:sdmx:org.sdmx.infomodel.codelist.Code=ESTAT:CL_NIS_CODE_EGR(1.3).32090">
          <Name xml:lang="en" xmlns="http://www.sdmx.org/resources/sdmxml/schemas/v2_1/common">GUATEMALA OTHER ID NUMBER</Name>
        </Code>
        <Code id="25090" urn="urn:sdmx:org.sdmx.infomodel.codelist.Code=ESTAT:CL_NIS_CODE_EGR(1.3).25090">
          <Name xml:lang="en" xmlns="http://www.sdmx.org/resources/sdmxml/schemas/v2_1/common">GUATEMALA STATISTICAL NUMBER</Name>
        </Code>
        <Code id="21090" urn="urn:sdmx:org.sdmx.infomodel.codelist.Code=ESTAT:CL_NIS_CODE_EGR(1.3).21090">
          <Name xml:lang="en" xmlns="http://www.sdmx.org/resources/sdmxml/schemas/v2_1/common">GUATEMALA TRADE REGISTER NUMBER</Name>
        </Code>
        <Code id="22090" urn="urn:sdmx:org.sdmx.infomodel.codelist.Code=ESTAT:CL_NIS_CODE_EGR(1.3).22090">
          <Name xml:lang="en" xmlns="http://www.sdmx.org/resources/sdmxml/schemas/v2_1/common">GUATEMALA VAT NUMBER</Name>
        </Code>
        <Code id="28090" urn="urn:sdmx:org.sdmx.infomodel.codelist.Code=ESTAT:CL_NIS_CODE_EGR(1.3).28090">
          <Name xml:lang="en" xmlns="http://www.sdmx.org/resources/sdmxml/schemas/v2_1/common">GUATEMALA WVB COMPANY NUMBER</Name>
        </Code>
        <Code id="31080" urn="urn:sdmx:org.sdmx.infomodel.codelist.Code=ESTAT:CL_NIS_CODE_EGR(1.3).31080">
          <Name xml:lang="en" xmlns="http://www.sdmx.org/resources/sdmxml/schemas/v2_1/common">GUERNSEY CHAMBER OF COMMERCE NUMBER</Name>
        </Code>
        <Code id="23080" urn="urn:sdmx:org.sdmx.infomodel.codelist.Code=ESTAT:CL_NIS_CODE_EGR(1.3).23080">
          <Name xml:lang="en" xmlns="http://www.sdmx.org/resources/sdmxml/schemas/v2_1/common">GUERNSEY COMPANY ID NUMBER</Name>
        </Code>
        <Code id="29080" urn="urn:sdmx:org.sdmx.infomodel.codelist.Code=ESTAT:CL_NIS_CODE_EGR(1.3).29080">
          <Name xml:lang="en" xmlns="http://www.sdmx.org/resources/sdmxml/schemas/v2_1/common">GUERNSEY DnB COMPANY NUMBER</Name>
        </Code>
        <Code id="27080" urn="urn:sdmx:org.sdmx.infomodel.codelist.Code=ESTAT:CL_NIS_CODE_EGR(1.3).27080">
          <Name xml:lang="en" xmlns="http://www.sdmx.org/resources/sdmxml/schemas/v2_1/common">GUERNSEY IP IDENTIFICATION NUMBER</Name>
        </Code>
        <Code id="32080" urn="urn:sdmx:org.sdmx.infomodel.codelist.Code=ESTAT:CL_NIS_CODE_EGR(1.3).32080">
          <Name xml:lang="en" xmlns="http://www.sdmx.org/resources/sdmxml/schemas/v2_1/common">GUERNSEY OTHER ID NUMBER</Name>
        </Code>
        <Code id="25080" urn="urn:sdmx:org.sdmx.infomodel.codelist.Code=ESTAT:CL_NIS_CODE_EGR(1.3).25080">
          <Name xml:lang="en" xmlns="http://www.sdmx.org/resources/sdmxml/schemas/v2_1/common">GUERNSEY STATISTICAL NUMBER</Name>
        </Code>
        <Code id="21080" urn="urn:sdmx:org.sdmx.infomodel.codelist.Code=ESTAT:CL_NIS_CODE_EGR(1.3).21080">
          <Name xml:lang="en" xmlns="http://www.sdmx.org/resources/sdmxml/schemas/v2_1/common">GUERNSEY TRADE REGISTER NUMBER</Name>
        </Code>
        <Code id="22080" urn="urn:sdmx:org.sdmx.infomodel.codelist.Code=ESTAT:CL_NIS_CODE_EGR(1.3).22080">
          <Name xml:lang="en" xmlns="http://www.sdmx.org/resources/sdmxml/schemas/v2_1/common">GUERNSEY VAT NUMBER</Name>
        </Code>
        <Code id="28080" urn="urn:sdmx:org.sdmx.infomodel.codelist.Code=ESTAT:CL_NIS_CODE_EGR(1.3).28080">
          <Name xml:lang="en" xmlns="http://www.sdmx.org/resources/sdmxml/schemas/v2_1/common">GUERNSEY WVB COMPANY NUMBER</Name>
        </Code>
        <Code id="31085" urn="urn:sdmx:org.sdmx.infomodel.codelist.Code=ESTAT:CL_NIS_CODE_EGR(1.3).31085">
          <Name xml:lang="en" xmlns="http://www.sdmx.org/resources/sdmxml/schemas/v2_1/common">GUINEA CHAMBER OF COMMERCE NUMBER</Name>
        </Code>
        <Code id="23085" urn="urn:sdmx:org.sdmx.infomodel.codelist.Code=ESTAT:CL_NIS_CODE_EGR(1.3).23085">
          <Name xml:lang="en" xmlns="http://www.sdmx.org/resources/sdmxml/schemas/v2_1/common">GUINEA COMPANY ID NUMBER</Name>
        </Code>
        <Code id="29085" urn="urn:sdmx:org.sdmx.infomodel.codelist.Code=ESTAT:CL_NIS_CODE_EGR(1.3).29085">
          <Name xml:lang="en" xmlns="http://www.sdmx.org/resources/sdmxml/schemas/v2_1/common">GUINEA DnB COMPANY NUMBER</Name>
        </Code>
        <Code id="27085" urn="urn:sdmx:org.sdmx.infomodel.codelist.Code=ESTAT:CL_NIS_CODE_EGR(1.3).27085">
          <Name xml:lang="en" xmlns="http://www.sdmx.org/resources/sdmxml/schemas/v2_1/common">GUINEA IP IDENTIFICATION NUMBER</Name>
        </Code>
        <Code id="32085" urn="urn:sdmx:org.sdmx.infomodel.codelist.Code=ESTAT:CL_NIS_CODE_EGR(1.3).32085">
          <Name xml:lang="en" xmlns="http://www.sdmx.org/resources/sdmxml/schemas/v2_1/common">GUINEA OTHER ID NUMBER</Name>
        </Code>
        <Code id="25085" urn="urn:sdmx:org.sdmx.infomodel.codelist.Code=ESTAT:CL_NIS_CODE_EGR(1.3).25085">
          <Name xml:lang="en" xmlns="http://www.sdmx.org/resources/sdmxml/schemas/v2_1/common">GUINEA STATISTICAL NUMBER</Name>
        </Code>
        <Code id="21085" urn="urn:sdmx:org.sdmx.infomodel.codelist.Code=ESTAT:CL_NIS_CODE_EGR(1.3).21085">
          <Name xml:lang="en" xmlns="http://www.sdmx.org/resources/sdmxml/schemas/v2_1/common">GUINEA TRADE REGISTER NUMBER</Name>
        </Code>
        <Code id="22085" urn="urn:sdmx:org.sdmx.infomodel.codelist.Code=ESTAT:CL_NIS_CODE_EGR(1.3).22085">
          <Name xml:lang="en" xmlns="http://www.sdmx.org/resources/sdmxml/schemas/v2_1/common">GUINEA VAT NUMBER</Name>
        </Code>
        <Code id="28085" urn="urn:sdmx:org.sdmx.infomodel.codelist.Code=ESTAT:CL_NIS_CODE_EGR(1.3).28085">
          <Name xml:lang="en" xmlns="http://www.sdmx.org/resources/sdmxml/schemas/v2_1/common">GUINEA WVB COMPANY NUMBER</Name>
        </Code>
        <Code id="31092" urn="urn:sdmx:org.sdmx.infomodel.codelist.Code=ESTAT:CL_NIS_CODE_EGR(1.3).31092">
          <Name xml:lang="en" xmlns="http://www.sdmx.org/resources/sdmxml/schemas/v2_1/common">GUINEA-BISSAU CHAMBER OF COMMERCE NUMBER</Name>
        </Code>
        <Code id="23092" urn="urn:sdmx:org.sdmx.infomodel.codelist.Code=ESTAT:CL_NIS_CODE_EGR(1.3).23092">
          <Name xml:lang="en" xmlns="http://www.sdmx.org/resources/sdmxml/schemas/v2_1/common">GUINEA-BISSAU COMPANY ID NUMBER</Name>
        </Code>
        <Code id="29092" urn="urn:sdmx:org.sdmx.infomodel.codelist.Code=ESTAT:CL_NIS_CODE_EGR(1.3).29092">
          <Name xml:lang="en" xmlns="http://www.sdmx.org/resources/sdmxml/schemas/v2_1/common">GUINEA-BISSAU DnB COMPANY NUMBER</Name>
        </Code>
        <Code id="27092" urn="urn:sdmx:org.sdmx.infomodel.codelist.Code=ESTAT:CL_NIS_CODE_EGR(1.3).27092">
          <Name xml:lang="en" xmlns="http://www.sdmx.org/resources/sdmxml/schemas/v2_1/common">GUINEA-BISSAU IP IDENTIFICATION NUMBER</Name>
        </Code>
        <Code id="32092" urn="urn:sdmx:org.sdmx.infomodel.codelist.Code=ESTAT:CL_NIS_CODE_EGR(1.3).32092">
          <Name xml:lang="en" xmlns="http://www.sdmx.org/resources/sdmxml/schemas/v2_1/common">GUINEA-BISSAU OTHER ID NUMBER</Name>
        </Code>
        <Code id="25092" urn="urn:sdmx:org.sdmx.infomodel.codelist.Code=ESTAT:CL_NIS_CODE_EGR(1.3).25092">
          <Name xml:lang="en" xmlns="http://www.sdmx.org/resources/sdmxml/schemas/v2_1/common">GUINEA-BISSAU STATISTICAL NUMBER</Name>
        </Code>
        <Code id="21092" urn="urn:sdmx:org.sdmx.infomodel.codelist.Code=ESTAT:CL_NIS_CODE_EGR(1.3).21092">
          <Name xml:lang="en" xmlns="http://www.sdmx.org/resources/sdmxml/schemas/v2_1/common">GUINEA-BISSAU TRADE REGISTER NUMBER</Name>
        </Code>
        <Code id="22092" urn="urn:sdmx:org.sdmx.infomodel.codelist.Code=ESTAT:CL_NIS_CODE_EGR(1.3).22092">
          <Name xml:lang="en" xmlns="http://www.sdmx.org/resources/sdmxml/schemas/v2_1/common">GUINEA-BISSAU VAT NUMBER</Name>
        </Code>
        <Code id="28092" urn="urn:sdmx:org.sdmx.infomodel.codelist.Code=ESTAT:CL_NIS_CODE_EGR(1.3).28092">
          <Name xml:lang="en" xmlns="http://www.sdmx.org/resources/sdmxml/schemas/v2_1/common">GUINEA-BISSAU WVB COMPANY NUMBER</Name>
        </Code>
        <Code id="31093" urn="urn:sdmx:org.sdmx.infomodel.codelist.Code=ESTAT:CL_NIS_CODE_EGR(1.3).31093">
          <Name xml:lang="en" xmlns="http://www.sdmx.org/resources/sdmxml/schemas/v2_1/common">GUYANA CHAMBER OF COMMERCE NUMBER</Name>
        </Code>
        <Code id="23093" urn="urn:sdmx:org.sdmx.infomodel.codelist.Code=ESTAT:CL_NIS_CODE_EGR(1.3).23093">
          <Name xml:lang="en" xmlns="http://www.sdmx.org/resources/sdmxml/schemas/v2_1/common">GUYANA COMPANY ID NUMBER</Name>
        </Code>
        <Code id="29093" urn="urn:sdmx:org.sdmx.infomodel.codelist.Code=ESTAT:CL_NIS_CODE_EGR(1.3).29093">
          <Name xml:lang="en" xmlns="http://www.sdmx.org/resources/sdmxml/schemas/v2_1/common">GUYANA DnB COMPANY NUMBER</Name>
        </Code>
        <Code id="27093" urn="urn:sdmx:org.sdmx.infomodel.codelist.Code=ESTAT:CL_NIS_CODE_EGR(1.3).27093">
          <Name xml:lang="en" xmlns="http://www.sdmx.org/resources/sdmxml/schemas/v2_1/common">GUYANA IP IDENTIFICATION NUMBER</Name>
        </Code>
        <Code id="32093" urn="urn:sdmx:org.sdmx.infomodel.codelist.Code=ESTAT:CL_NIS_CODE_EGR(1.3).32093">
          <Name xml:lang="en" xmlns="http://www.sdmx.org/resources/sdmxml/schemas/v2_1/common">GUYANA OTHER ID NUMBER</Name>
        </Code>
        <Code id="25093" urn="urn:sdmx:org.sdmx.infomodel.codelist.Code=ESTAT:CL_NIS_CODE_EGR(1.3).25093">
          <Name xml:lang="en" xmlns="http://www.sdmx.org/resources/sdmxml/schemas/v2_1/common">GUYANA STATISTICAL NUMBER</Name>
        </Code>
        <Code id="21093" urn="urn:sdmx:org.sdmx.infomodel.codelist.Code=ESTAT:CL_NIS_CODE_EGR(1.3).21093">
          <Name xml:lang="en" xmlns="http://www.sdmx.org/resources/sdmxml/schemas/v2_1/common">GUYANA TRADE REGISTER NUMBER</Name>
        </Code>
        <Code id="22093" urn="urn:sdmx:org.sdmx.infomodel.codelist.Code=ESTAT:CL_NIS_CODE_EGR(1.3).22093">
          <Name xml:lang="en" xmlns="http://www.sdmx.org/resources/sdmxml/schemas/v2_1/common">GUYANA VAT NUMBER</Name>
        </Code>
        <Code id="28093" urn="urn:sdmx:org.sdmx.infomodel.codelist.Code=ESTAT:CL_NIS_CODE_EGR(1.3).28093">
          <Name xml:lang="en" xmlns="http://www.sdmx.org/resources/sdmxml/schemas/v2_1/common">GUYANA WVB COMPANY NUMBER</Name>
        </Code>
        <Code id="31098" urn="urn:sdmx:org.sdmx.infomodel.codelist.Code=ESTAT:CL_NIS_CODE_EGR(1.3).31098">
          <Name xml:lang="en" xmlns="http://www.sdmx.org/resources/sdmxml/schemas/v2_1/common">HAITI CHAMBER OF COMMERCE NUMBER</Name>
        </Code>
        <Code id="23098" urn="urn:sdmx:org.sdmx.infomodel.codelist.Code=ESTAT:CL_NIS_CODE_EGR(1.3).23098">
          <Name xml:lang="en" xmlns="http://www.sdmx.org/resources/sdmxml/schemas/v2_1/common">HAITI COMPANY ID NUMBER</Name>
        </Code>
        <Code id="29098" urn="urn:sdmx:org.sdmx.infomodel.codelist.Code=ESTAT:CL_NIS_CODE_EGR(1.3).29098">
          <Name xml:lang="en" xmlns="http://www.sdmx.org/resources/sdmxml/schemas/v2_1/common">HAITI DnB COMPANY NUMBER</Name>
        </Code>
        <Code id="27098" urn="urn:sdmx:org.sdmx.infomodel.codelist.Code=ESTAT:CL_NIS_CODE_EGR(1.3).27098">
          <Name xml:lang="en" xmlns="http://www.sdmx.org/resources/sdmxml/schemas/v2_1/common">HAITI IP IDENTIFICATION NUMBER</Name>
        </Code>
        <Code id="32098" urn="urn:sdmx:org.sdmx.infomodel.codelist.Code=ESTAT:CL_NIS_CODE_EGR(1.3).32098">
          <Name xml:lang="en" xmlns="http://www.sdmx.org/resources/sdmxml/schemas/v2_1/common">HAITI OTHER ID NUMBER</Name>
        </Code>
        <Code id="25098" urn="urn:sdmx:org.sdmx.infomodel.codelist.Code=ESTAT:CL_NIS_CODE_EGR(1.3).25098">
          <Name xml:lang="en" xmlns="http://www.sdmx.org/resources/sdmxml/schemas/v2_1/common">HAITI STATISTICAL NUMBER</Name>
        </Code>
        <Code id="21098" urn="urn:sdmx:org.sdmx.infomodel.codelist.Code=ESTAT:CL_NIS_CODE_EGR(1.3).21098">
          <Name xml:lang="en" xmlns="http://www.sdmx.org/resources/sdmxml/schemas/v2_1/common">HAITI TRADE REGISTER NUMBER</Name>
        </Code>
        <Code id="22098" urn="urn:sdmx:org.sdmx.infomodel.codelist.Code=ESTAT:CL_NIS_CODE_EGR(1.3).22098">
          <Name xml:lang="en" xmlns="http://www.sdmx.org/resources/sdmxml/schemas/v2_1/common">HAITI VAT NUMBER</Name>
        </Code>
        <Code id="28098" urn="urn:sdmx:org.sdmx.infomodel.codelist.Code=ESTAT:CL_NIS_CODE_EGR(1.3).28098">
          <Name xml:lang="en" xmlns="http://www.sdmx.org/resources/sdmxml/schemas/v2_1/common">HAITI WVB COMPANY NUMBER</Name>
        </Code>
        <Code id="31095" urn="urn:sdmx:org.sdmx.infomodel.codelist.Code=ESTAT:CL_NIS_CODE_EGR(1.3).31095">
          <Name xml:lang="en" xmlns="http://www.sdmx.org/resources/sdmxml/schemas/v2_1/common">HEARD ISLAND AND MCDONALD ISLANDS CHAMBER OF COMMERCE NUMBER</Name>
        </Code>
        <Code id="23095" urn="urn:sdmx:org.sdmx.infomodel.codelist.Code=ESTAT:CL_NIS_CODE_EGR(1.3).23095">
          <Name xml:lang="en" xmlns="http://www.sdmx.org/resources/sdmxml/schemas/v2_1/common">HEARD ISLAND AND MCDONALD ISLANDS COMPANY ID NUMBER</Name>
        </Code>
        <Code id="29095" urn="urn:sdmx:org.sdmx.infomodel.codelist.Code=ESTAT:CL_NIS_CODE_EGR(1.3).29095">
          <Name xml:lang="en" xmlns="http://www.sdmx.org/resources/sdmxml/schemas/v2_1/common">HEARD ISLAND AND MCDONALD ISLANDS DnB COMPANY NUMBER</Name>
        </Code>
        <Code id="27095" urn="urn:sdmx:org.sdmx.infomodel.codelist.Code=ESTAT:CL_NIS_CODE_EGR(1.3).27095">
          <Name xml:lang="en" xmlns="http://www.sdmx.org/resources/sdmxml/schemas/v2_1/common">HEARD ISLAND AND MCDONALD ISLANDS IP IDENTIFICATION NUMBER</Name>
        </Code>
        <Code id="32095" urn="urn:sdmx:org.sdmx.infomodel.codelist.Code=ESTAT:CL_NIS_CODE_EGR(1.3).32095">
          <Name xml:lang="en" xmlns="http://www.sdmx.org/resources/sdmxml/schemas/v2_1/common">HEARD ISLAND AND MCDONALD ISLANDS OTHER ID NUMBER</Name>
        </Code>
        <Code id="25095" urn="urn:sdmx:org.sdmx.infomodel.codelist.Code=ESTAT:CL_NIS_CODE_EGR(1.3).25095">
          <Name xml:lang="en" xmlns="http://www.sdmx.org/resources/sdmxml/schemas/v2_1/common">HEARD ISLAND AND MCDONALD ISLANDS STATISTICAL NUMBER</Name>
        </Code>
        <Code id="21095" urn="urn:sdmx:org.sdmx.infomodel.codelist.Code=ESTAT:CL_NIS_CODE_EGR(1.3).21095">
          <Name xml:lang="en" xmlns="http://www.sdmx.org/resources/sdmxml/schemas/v2_1/common">HEARD ISLAND AND MCDONALD ISLANDS TRADE REGISTER NUMBER</Name>
        </Code>
        <Code id="22095" urn="urn:sdmx:org.sdmx.infomodel.codelist.Code=ESTAT:CL_NIS_CODE_EGR(1.3).22095">
          <Name xml:lang="en" xmlns="http://www.sdmx.org/resources/sdmxml/schemas/v2_1/common">HEARD ISLAND AND MCDONALD ISLANDS VAT NUMBER</Name>
        </Code>
        <Code id="28095" urn="urn:sdmx:org.sdmx.infomodel.codelist.Code=ESTAT:CL_NIS_CODE_EGR(1.3).28095">
          <Name xml:lang="en" xmlns="http://www.sdmx.org/resources/sdmxml/schemas/v2_1/common">HEARD ISLAND AND MCDONALD ISLANDS WVB COMPANY NUMBER</Name>
        </Code>
        <Code id="31096" urn="urn:sdmx:org.sdmx.infomodel.codelist.Code=ESTAT:CL_NIS_CODE_EGR(1.3).31096">
          <Name xml:lang="en" xmlns="http://www.sdmx.org/resources/sdmxml/schemas/v2_1/common">HONDURAS CHAMBER OF COMMERCE NUMBER</Name>
        </Code>
        <Code id="23096" urn="urn:sdmx:org.sdmx.infomodel.codelist.Code=ESTAT:CL_NIS_CODE_EGR(1.3).23096">
          <Name xml:lang="en" xmlns="http://www.sdmx.org/resources/sdmxml/schemas/v2_1/common">HONDURAS COMPANY ID NUMBER</Name>
        </Code>
        <Code id="29096" urn="urn:sdmx:org.sdmx.infomodel.codelist.Code=ESTAT:CL_NIS_CODE_EGR(1.3).29096">
          <Name xml:lang="en" xmlns="http://www.sdmx.org/resources/sdmxml/schemas/v2_1/common">HONDURAS DnB COMPANY NUMBER</Name>
        </Code>
        <Code id="27096" urn="urn:sdmx:org.sdmx.infomodel.codelist.Code=ESTAT:CL_NIS_CODE_EGR(1.3).27096">
          <Name xml:lang="en" xmlns="http://www.sdmx.org/resources/sdmxml/schemas/v2_1/common">HONDURAS IP IDENTIFICATION NUMBER</Name>
        </Code>
        <Code id="32096" urn="urn:sdmx:org.sdmx.infomodel.codelist.Code=ESTAT:CL_NIS_CODE_EGR(1.3).32096">
          <Name xml:lang="en" xmlns="http://www.sdmx.org/resources/sdmxml/schemas/v2_1/common">HONDURAS OTHER ID NUMBER</Name>
        </Code>
        <Code id="25096" urn="urn:sdmx:org.sdmx.infomodel.codelist.Code=ESTAT:CL_NIS_CODE_EGR(1.3).25096">
          <Name xml:lang="en" xmlns="http://www.sdmx.org/resources/sdmxml/schemas/v2_1/common">HONDURAS STATISTICAL NUMBER</Name>
        </Code>
        <Code id="21096" urn="urn:sdmx:org.sdmx.infomodel.codelist.Code=ESTAT:CL_NIS_CODE_EGR(1.3).21096">
          <Name xml:lang="en" xmlns="http://www.sdmx.org/resources/sdmxml/schemas/v2_1/common">HONDURAS TRADE REGISTER NUMBER</Name>
        </Code>
        <Code id="22096" urn="urn:sdmx:org.sdmx.infomodel.codelist.Code=ESTAT:CL_NIS_CODE_EGR(1.3).22096">
          <Name xml:lang="en" xmlns="http://www.sdmx.org/resources/sdmxml/schemas/v2_1/common">HONDURAS VAT NUMBER</Name>
        </Code>
        <Code id="28096" urn="urn:sdmx:org.sdmx.infomodel.codelist.Code=ESTAT:CL_NIS_CODE_EGR(1.3).28096">
          <Name xml:lang="en" xmlns="http://www.sdmx.org/resources/sdmxml/schemas/v2_1/common">HONDURAS WVB COMPANY NUMBER</Name>
        </Code>
        <Code id="31094" urn="urn:sdmx:org.sdmx.infomodel.codelist.Code=ESTAT:CL_NIS_CODE_EGR(1.3).31094">
          <Name xml:lang="en" xmlns="http://www.sdmx.org/resources/sdmxml/schemas/v2_1/common">HONG KONG CHAMBER OF COMMERCE NUMBER</Name>
        </Code>
        <Code id="23094" urn="urn:sdmx:org.sdmx.infomodel.codelist.Code=ESTAT:CL_NIS_CODE_EGR(1.3).23094">
          <Name xml:lang="en" xmlns="http://www.sdmx.org/resources/sdmxml/schemas/v2_1/common">HONG KONG COMPANY ID NUMBER</Name>
        </Code>
        <Code id="29094" urn="urn:sdmx:org.sdmx.infomodel.codelist.Code=ESTAT:CL_NIS_CODE_EGR(1.3).29094">
          <Name xml:lang="en" xmlns="http://www.sdmx.org/resources/sdmxml/schemas/v2_1/common">HONG KONG DnB COMPANY NUMBER</Name>
        </Code>
        <Code id="27094" urn="urn:sdmx:org.sdmx.infomodel.codelist.Code=ESTAT:CL_NIS_CODE_EGR(1.3).27094">
          <Name xml:lang="en" xmlns="http://www.sdmx.org/resources/sdmxml/schemas/v2_1/common">HONG KONG IP IDENTIFICATION NUMBER</Name>
        </Code>
        <Code id="32094" urn="urn:sdmx:org.sdmx.infomodel.codelist.Code=ESTAT:CL_NIS_CODE_EGR(1.3).32094">
          <Name xml:lang="en" xmlns="http://www.sdmx.org/resources/sdmxml/schemas/v2_1/common">HONG KONG OTHER ID NUMBER</Name>
        </Code>
        <Code id="25094" urn="urn:sdmx:org.sdmx.infomodel.codelist.Code=ESTAT:CL_NIS_CODE_EGR(1.3).25094">
          <Name xml:lang="en" xmlns="http://www.sdmx.org/resources/sdmxml/schemas/v2_1/common">HONG KONG STATISTICAL NUMBER</Name>
        </Code>
        <Code id="21094" urn="urn:sdmx:org.sdmx.infomodel.codelist.Code=ESTAT:CL_NIS_CODE_EGR(1.3).21094">
          <Name xml:lang="en" xmlns="http://www.sdmx.org/resources/sdmxml/schemas/v2_1/common">HONG KONG TRADE REGISTER NUMBER</Name>
        </Code>
        <Code id="22094" urn="urn:sdmx:org.sdmx.infomodel.codelist.Code=ESTAT:CL_NIS_CODE_EGR(1.3).22094">
          <Name xml:lang="en" xmlns="http://www.sdmx.org/resources/sdmxml/schemas/v2_1/common">HONG KONG VAT NUMBER</Name>
        </Code>
        <Code id="28094" urn="urn:sdmx:org.sdmx.infomodel.codelist.Code=ESTAT:CL_NIS_CODE_EGR(1.3).28094">
          <Name xml:lang="en" xmlns="http://www.sdmx.org/resources/sdmxml/schemas/v2_1/common">HONG KONG WVB COMPANY NUMBER</Name>
        </Code>
        <Code id="31099" urn="urn:sdmx:org.sdmx.infomodel.codelist.Code=ESTAT:CL_NIS_CODE_EGR(1.3).31099">
          <Name xml:lang="en" xmlns="http://www.sdmx.org/resources/sdmxml/schemas/v2_1/common">HUNGARY CHAMBER OF COMMERCE NUMBER</Name>
        </Code>
        <Code id="23099" urn="urn:sdmx:org.sdmx.infomodel.codelist.Code=ESTAT:CL_NIS_CODE_EGR(1.3).23099">
          <Name xml:lang="en" xmlns="http://www.sdmx.org/resources/sdmxml/schemas/v2_1/common">HUNGARY COMPANY ID NUMBER</Name>
        </Code>
        <Code id="21099" urn="urn:sdmx:org.sdmx.infomodel.codelist.Code=ESTAT:CL_NIS_CODE_EGR(1.3).21099">
          <Name xml:lang="en" xmlns="http://www.sdmx.org/resources/sdmxml/schemas/v2_1/common">HUNGARY COMPANY REGISTER NUMBER</Name>
        </Code>
        <Code id="29099" urn="urn:sdmx:org.sdmx.infomodel.codelist.Code=ESTAT:CL_NIS_CODE_EGR(1.3).29099">
          <Name xml:lang="en" xmlns="http://www.sdmx.org/resources/sdmxml/schemas/v2_1/common">HUNGARY DnB COMPANY NUMBER</Name>
        </Code>
        <Code id="27099" urn="urn:sdmx:org.sdmx.infomodel.codelist.Code=ESTAT:CL_NIS_CODE_EGR(1.3).27099">
          <Name xml:lang="en" xmlns="http://www.sdmx.org/resources/sdmxml/schemas/v2_1/common">HUNGARY IP IDENTIFICATION NUMBER</Name>
        </Code>
        <Code id="32099" urn="urn:sdmx:org.sdmx.infomodel.codelist.Code=ESTAT:CL_NIS_CODE_EGR(1.3).32099">
          <Name xml:lang="en" xmlns="http://www.sdmx.org/resources/sdmxml/schemas/v2_1/common">HUNGARY OTHER ID NUMBER</Name>
        </Code>
        <Code id="25099" urn="urn:sdmx:org.sdmx.infomodel.codelist.Code=ESTAT:CL_NIS_CODE_EGR(1.3).25099">
          <Name xml:lang="en" xmlns="http://www.sdmx.org/resources/sdmxml/schemas/v2_1/common">HUNGARY STATISTICAL NUMBER</Name>
        </Code>
        <Code id="22099" urn="urn:sdmx:org.sdmx.infomodel.codelist.Code=ESTAT:CL_NIS_CODE_EGR(1.3).22099">
          <Name xml:lang="en" xmlns="http://www.sdmx.org/resources/sdmxml/schemas/v2_1/common">HUNGARY TAX NUMBER</Name>
        </Code>
        <Code id="28099" urn="urn:sdmx:org.sdmx.infomodel.codelist.Code=ESTAT:CL_NIS_CODE_EGR(1.3).28099">
          <Name xml:lang="en" xmlns="http://www.sdmx.org/resources/sdmxml/schemas/v2_1/common">HUNGARY WVB COMPANY NUMBER</Name>
        </Code>
        <Code id="31108" urn="urn:sdmx:org.sdmx.infomodel.codelist.Code=ESTAT:CL_NIS_CODE_EGR(1.3).31108">
          <Name xml:lang="en" xmlns="http://www.sdmx.org/resources/sdmxml/schemas/v2_1/common">ICELAND CHAMBER OF COMMERCE NUMBER</Name>
        </Code>
        <Code id="23108" urn="urn:sdmx:org.sdmx.infomodel.codelist.Code=ESTAT:CL_NIS_CODE_EGR(1.3).23108">
          <Name xml:lang="en" xmlns="http://www.sdmx.org/resources/sdmxml/schemas/v2_1/common">ICELAND COMPANY ID NUMBER</Name>
        </Code>
        <Code id="29108" urn="urn:sdmx:org.sdmx.infomodel.codelist.Code=ESTAT:CL_NIS_CODE_EGR(1.3).29108">
          <Name xml:lang="en" xmlns="http://www.sdmx.org/resources/sdmxml/schemas/v2_1/common">ICELAND DnB COMPANY NUMBER</Name>
        </Code>
        <Code id="27108" urn="urn:sdmx:org.sdmx.infomodel.codelist.Code=ESTAT:CL_NIS_CODE_EGR(1.3).27108">
          <Name xml:lang="en" xmlns="http://www.sdmx.org/resources/sdmxml/schemas/v2_1/common">ICELAND IP IDENTIFICATION NUMBER</Name>
        </Code>
        <Code id="32108" urn="urn:sdmx:org.sdmx.infomodel.codelist.Code=ESTAT:CL_NIS_CODE_EGR(1.3).32108">
          <Name xml:lang="en" xmlns="http://www.sdmx.org/resources/sdmxml/schemas/v2_1/common">ICELAND OTHER ID NUMBER</Name>
        </Code>
        <Code id="25108" urn="urn:sdmx:org.sdmx.infomodel.codelist.Code=ESTAT:CL_NIS_CODE_EGR(1.3).25108">
          <Name xml:lang="en" xmlns="http://www.sdmx.org/resources/sdmxml/schemas/v2_1/common">ICELAND STATISTICAL NUMBER</Name>
        </Code>
        <Code id="21108" urn="urn:sdmx:org.sdmx.infomodel.codelist.Code=ESTAT:CL_NIS_CODE_EGR(1.3).21108">
          <Name xml:lang="en" xmlns="http://www.sdmx.org/resources/sdmxml/schemas/v2_1/common">ICELAND TRADE REGISTER NUMBER</Name>
        </Code>
        <Code id="22108" urn="urn:sdmx:org.sdmx.infomodel.codelist.Code=ESTAT:CL_NIS_CODE_EGR(1.3).22108">
          <Name xml:lang="en" xmlns="http://www.sdmx.org/resources/sdmxml/schemas/v2_1/common">ICELAND VAT NUMBER</Name>
        </Code>
        <Code id="28108" urn="urn:sdmx:org.sdmx.infomodel.codelist.Code=ESTAT:CL_NIS_CODE_EGR(1.3).28108">
          <Name xml:lang="en" xmlns="http://www.sdmx.org/resources/sdmxml/schemas/v2_1/common">ICELAND WVB COMPANY NUMBER</Name>
        </Code>
        <Code id="31104" urn="urn:sdmx:org.sdmx.infomodel.codelist.Code=ESTAT:CL_NIS_CODE_EGR(1.3).31104">
          <Name xml:lang="en" xmlns="http://www.sdmx.org/resources/sdmxml/schemas/v2_1/common">INDIA CHAMBER OF COMMERCE NUMBER</Name>
        </Code>
        <Code id="23104" urn="urn:sdmx:org.sdmx.infomodel.codelist.Code=ESTAT:CL_NIS_CODE_EGR(1.3).23104">
          <Name xml:lang="en" xmlns="http://www.sdmx.org/resources/sdmxml/schemas/v2_1/common">INDIA COMPANY ID NUMBER</Name>
        </Code>
        <Code id="29104" urn="urn:sdmx:org.sdmx.infomodel.codelist.Code=ESTAT:CL_NIS_CODE_EGR(1.3).29104">
          <Name xml:lang="en" xmlns="http://www.sdmx.org/resources/sdmxml/schemas/v2_1/common">INDIA DnB COMPANY NUMBER</Name>
        </Code>
        <Code id="27104" urn="urn:sdmx:org.sdmx.infomodel.codelist.Code=ESTAT:CL_NIS_CODE_EGR(1.3).27104">
          <Name xml:lang="en" xmlns="http://www.sdmx.org/resources/sdmxml/schemas/v2_1/common">INDIA IP IDENTIFICATION NUMBER</Name>
        </Code>
        <Code id="32104" urn="urn:sdmx:org.sdmx.infomodel.codelist.Code=ESTAT:CL_NIS_CODE_EGR(1.3).32104">
          <Name xml:lang="en" xmlns="http://www.sdmx.org/resources/sdmxml/schemas/v2_1/common">INDIA OTHER ID NUMBER</Name>
        </Code>
        <Code id="25104" urn="urn:sdmx:org.sdmx.infomodel.codelist.Code=ESTAT:CL_NIS_CODE_EGR(1.3).25104">
          <Name xml:lang="en" xmlns="http://www.sdmx.org/resources/sdmxml/schemas/v2_1/common">INDIA STATISTICAL NUMBER</Name>
        </Code>
        <Code id="21104" urn="urn:sdmx:org.sdmx.infomodel.codelist.Code=ESTAT:CL_NIS_CODE_EGR(1.3).21104">
          <Name xml:lang="en" xmlns="http://www.sdmx.org/resources/sdmxml/schemas/v2_1/common">INDIA TRADE REGISTER NUMBER</Name>
        </Code>
        <Code id="22104" urn="urn:sdmx:org.sdmx.infomodel.codelist.Code=ESTAT:CL_NIS_CODE_EGR(1.3).22104">
          <Name xml:lang="en" xmlns="http://www.sdmx.org/resources/sdmxml/schemas/v2_1/common">INDIA VAT NUMBER</Name>
        </Code>
        <Code id="28104" urn="urn:sdmx:org.sdmx.infomodel.codelist.Code=ESTAT:CL_NIS_CODE_EGR(1.3).28104">
          <Name xml:lang="en" xmlns="http://www.sdmx.org/resources/sdmxml/schemas/v2_1/common">INDIA WVB COMPANY NUMBER</Name>
        </Code>
        <Code id="31100" urn="urn:sdmx:org.sdmx.infomodel.codelist.Code=ESTAT:CL_NIS_CODE_EGR(1.3).31100">
          <Name xml:lang="en" xmlns="http://www.sdmx.org/resources/sdmxml/schemas/v2_1/common">INDONESIA CHAMBER OF COMMERCE NUMBER</Name>
        </Code>
        <Code id="23100" urn="urn:sdmx:org.sdmx.infomodel.codelist.Code=ESTAT:CL_NIS_CODE_EGR(1.3).23100">
          <Name xml:lang="en" xmlns="http://www.sdmx.org/resources/sdmxml/schemas/v2_1/common">INDONESIA COMPANY ID NUMBER</Name>
        </Code>
        <Code id="29100" urn="urn:sdmx:org.sdmx.infomodel.codelist.Code=ESTAT:CL_NIS_CODE_EGR(1.3).29100">
          <Name xml:lang="en" xmlns="http://www.sdmx.org/resources/sdmxml/schemas/v2_1/common">INDONESIA DnB COMPANY NUMBER</Name>
        </Code>
        <Code id="27100" urn="urn:sdmx:org.sdmx.infomodel.codelist.Code=ESTAT:CL_NIS_CODE_EGR(1.3).27100">
          <Name xml:lang="en" xmlns="http://www.sdmx.org/resources/sdmxml/schemas/v2_1/common">INDONESIA IP IDENTIFICATION NUMBER</Name>
        </Code>
        <Code id="32100" urn="urn:sdmx:org.sdmx.infomodel.codelist.Code=ESTAT:CL_NIS_CODE_EGR(1.3).32100">
          <Name xml:lang="en" xmlns="http://www.sdmx.org/resources/sdmxml/schemas/v2_1/common">INDONESIA OTHER ID NUMBER</Name>
        </Code>
        <Code id="25100" urn="urn:sdmx:org.sdmx.infomodel.codelist.Code=ESTAT:CL_NIS_CODE_EGR(1.3).25100">
          <Name xml:lang="en" xmlns="http://www.sdmx.org/resources/sdmxml/schemas/v2_1/common">INDONESIA STATISTICAL NUMBER</Name>
        </Code>
        <Code id="21100" urn="urn:sdmx:org.sdmx.infomodel.codelist.Code=ESTAT:CL_NIS_CODE_EGR(1.3).21100">
          <Name xml:lang="en" xmlns="http://www.sdmx.org/resources/sdmxml/schemas/v2_1/common">INDONESIA TRADE REGISTER NUMBER</Name>
        </Code>
        <Code id="22100" urn="urn:sdmx:org.sdmx.infomodel.codelist.Code=ESTAT:CL_NIS_CODE_EGR(1.3).22100">
          <Name xml:lang="en" xmlns="http://www.sdmx.org/resources/sdmxml/schemas/v2_1/common">INDONESIA VAT NUMBER</Name>
        </Code>
        <Code id="28100" urn="urn:sdmx:org.sdmx.infomodel.codelist.Code=ESTAT:CL_NIS_CODE_EGR(1.3).28100">
          <Name xml:lang="en" xmlns="http://www.sdmx.org/resources/sdmxml/schemas/v2_1/common">INDONESIA WVB COMPANY NUMBER</Name>
        </Code>
        <Code id="31107" urn="urn:sdmx:org.sdmx.infomodel.codelist.Code=ESTAT:CL_NIS_CODE_EGR(1.3).31107">
          <Name xml:lang="en" xmlns="http://www.sdmx.org/resources/sdmxml/schemas/v2_1/common">IRAN CHAMBER OF COMMERCE NUMBER</Name>
        </Code>
        <Code id="23107" urn="urn:sdmx:org.sdmx.infomodel.codelist.Code=ESTAT:CL_NIS_CODE_EGR(1.3).23107">
          <Name xml:lang="en" xmlns="http://www.sdmx.org/resources/sdmxml/schemas/v2_1/common">IRAN COMPANY ID NUMBER</Name>
        </Code>
        <Code id="29107" urn="urn:sdmx:org.sdmx.infomodel.codelist.Code=ESTAT:CL_NIS_CODE_EGR(1.3).29107">
          <Name xml:lang="en" xmlns="http://www.sdmx.org/resources/sdmxml/schemas/v2_1/common">IRAN DnB COMPANY NUMBER</Name>
        </Code>
        <Code id="27107" urn="urn:sdmx:org.sdmx.infomodel.codelist.Code=ESTAT:CL_NIS_CODE_EGR(1.3).27107">
          <Name xml:lang="en" xmlns="http://www.sdmx.org/resources/sdmxml/schemas/v2_1/common">IRAN IP IDENTIFICATION NUMBER</Name>
        </Code>
        <Code id="32107" urn="urn:sdmx:org.sdmx.infomodel.codelist.Code=ESTAT:CL_NIS_CODE_EGR(1.3).32107">
          <Name xml:lang="en" xmlns="http://www.sdmx.org/resources/sdmxml/schemas/v2_1/common">IRAN OTHER ID NUMBER</Name>
        </Code>
        <Code id="25107" urn="urn:sdmx:org.sdmx.infomodel.codelist.Code=ESTAT:CL_NIS_CODE_EGR(1.3).25107">
          <Name xml:lang="en" xmlns="http://www.sdmx.org/resources/sdmxml/schemas/v2_1/common">IRAN STATISTICAL NUMBER</Name>
        </Code>
        <Code id="21107" urn="urn:sdmx:org.sdmx.infomodel.codelist.Code=ESTAT:CL_NIS_CODE_EGR(1.3).21107">
          <Name xml:lang="en" xmlns="http://www.sdmx.org/resources/sdmxml/schemas/v2_1/common">IRAN TRADE REGISTER NUMBER</Name>
        </Code>
        <Code id="22107" urn="urn:sdmx:org.sdmx.infomodel.codelist.Code=ESTAT:CL_NIS_CODE_EGR(1.3).22107">
          <Name xml:lang="en" xmlns="http://www.sdmx.org/resources/sdmxml/schemas/v2_1/common">IRAN VAT NUMBER</Name>
        </Code>
        <Code id="28107" urn="urn:sdmx:org.sdmx.infomodel.codelist.Code=ESTAT:CL_NIS_CODE_EGR(1.3).28107">
          <Name xml:lang="en" xmlns="http://www.sdmx.org/resources/sdmxml/schemas/v2_1/common">IRAN WVB COMPANY NUMBER</Name>
        </Code>
        <Code id="31106" urn="urn:sdmx:org.sdmx.infomodel.codelist.Code=ESTAT:CL_NIS_CODE_EGR(1.3).31106">
          <Name xml:lang="en" xmlns="http://www.sdmx.org/resources/sdmxml/schemas/v2_1/common">IRAQ CHAMBER OF COMMERCE NUMBER</Name>
        </Code>
        <Code id="23106" urn="urn:sdmx:org.sdmx.infomodel.codelist.Code=ESTAT:CL_NIS_CODE_EGR(1.3).23106">
          <Name xml:lang="en" xmlns="http://www.sdmx.org/resources/sdmxml/schemas/v2_1/common">IRAQ COMPANY ID NUMBER</Name>
        </Code>
        <Code id="29106" urn="urn:sdmx:org.sdmx.infomodel.codelist.Code=ESTAT:CL_NIS_CODE_EGR(1.3).29106">
          <Name xml:lang="en" xmlns="http://www.sdmx.org/resources/sdmxml/schemas/v2_1/common">IRAQ DnB COMPANY NUMBER</Name>
        </Code>
        <Code id="27106" urn="urn:sdmx:org.sdmx.infomodel.codelist.Code=ESTAT:CL_NIS_CODE_EGR(1.3).27106">
          <Name xml:lang="en" xmlns="http://www.sdmx.org/resources/sdmxml/schemas/v2_1/common">IRAQ IP IDENTIFICATION NUMBER</Name>
        </Code>
        <Code id="32106" urn="urn:sdmx:org.sdmx.infomodel.codelist.Code=ESTAT:CL_NIS_CODE_EGR(1.3).32106">
          <Name xml:lang="en" xmlns="http://www.sdmx.org/resources/sdmxml/schemas/v2_1/common">IRAQ OTHER ID NUMBER</Name>
        </Code>
        <Code id="25106" urn="urn:sdmx:org.sdmx.infomodel.codelist.Code=ESTAT:CL_NIS_CODE_EGR(1.3).25106">
          <Name xml:lang="en" xmlns="http://www.sdmx.org/resources/sdmxml/schemas/v2_1/common">IRAQ STATISTICAL NUMBER</Name>
        </Code>
        <Code id="21106" urn="urn:sdmx:org.sdmx.infomodel.codelist.Code=ESTAT:CL_NIS_CODE_EGR(1.3).21106">
          <Name xml:lang="en" xmlns="http://www.sdmx.org/resources/sdmxml/schemas/v2_1/common">IRAQ TRADE REGISTER NUMBER</Name>
        </Code>
        <Code id="22106" urn="urn:sdmx:org.sdmx.infomodel.codelist.Code=ESTAT:CL_NIS_CODE_EGR(1.3).22106">
          <Name xml:lang="en" xmlns="http://www.sdmx.org/resources/sdmxml/schemas/v2_1/common">IRAQ VAT NUMBER</Name>
        </Code>
        <Code id="28106" urn="urn:sdmx:org.sdmx.infomodel.codelist.Code=ESTAT:CL_NIS_CODE_EGR(1.3).28106">
          <Name xml:lang="en" xmlns="http://www.sdmx.org/resources/sdmxml/schemas/v2_1/common">IRAQ WVB COMPANY NUMBER</Name>
        </Code>
        <Code id="31101" urn="urn:sdmx:org.sdmx.infomodel.codelist.Code=ESTAT:CL_NIS_CODE_EGR(1.3).31101">
          <Name xml:lang="en" xmlns="http://www.sdmx.org/resources/sdmxml/schemas/v2_1/common">IRELAND CHAMBER OF COMMERCE NUMBER</Name>
        </Code>
        <Code id="23101" urn="urn:sdmx:org.sdmx.infomodel.codelist.Code=ESTAT:CL_NIS_CODE_EGR(1.3).23101">
          <Name xml:lang="en" xmlns="http://www.sdmx.org/resources/sdmxml/schemas/v2_1/common">IRELAND COMPANY ID NUMBER</Name>
        </Code>
        <Code id="21101" urn="urn:sdmx:org.sdmx.infomodel.codelist.Code=ESTAT:CL_NIS_CODE_EGR(1.3).21101">
          <Name xml:lang="en" xmlns="http://www.sdmx.org/resources/sdmxml/schemas/v2_1/common">IRELAND CRO NUMBER</Name>
        </Code>
        <Code id="29101" urn="urn:sdmx:org.sdmx.infomodel.codelist.Code=ESTAT:CL_NIS_CODE_EGR(1.3).29101">
          <Name xml:lang="en" xmlns="http://www.sdmx.org/resources/sdmxml/schemas/v2_1/common">IRELAND DnB COMPANY NUMBER</Name>
        </Code>
        <Code id="27101" urn="urn:sdmx:org.sdmx.infomodel.codelist.Code=ESTAT:CL_NIS_CODE_EGR(1.3).27101">
          <Name xml:lang="en" xmlns="http://www.sdmx.org/resources/sdmxml/schemas/v2_1/common">IRELAND IP IDENTIFICATION NUMBER</Name>
        </Code>
        <Code id="32101" urn="urn:sdmx:org.sdmx.infomodel.codelist.Code=ESTAT:CL_NIS_CODE_EGR(1.3).32101">
          <Name xml:lang="en" xmlns="http://www.sdmx.org/resources/sdmxml/schemas/v2_1/common">IRELAND OTHER ID NUMBER</Name>
        </Code>
        <Code id="25101" urn="urn:sdmx:org.sdmx.infomodel.codelist.Code=ESTAT:CL_NIS_CODE_EGR(1.3).25101">
          <Name xml:lang="en" xmlns="http://www.sdmx.org/resources/sdmxml/schemas/v2_1/common">IRELAND STATISTICAL NUMBER</Name>
        </Code>
        <Code id="22101" urn="urn:sdmx:org.sdmx.infomodel.codelist.Code=ESTAT:CL_NIS_CODE_EGR(1.3).22101">
          <Name xml:lang="en" xmlns="http://www.sdmx.org/resources/sdmxml/schemas/v2_1/common">IRELAND VAT NUMBER</Name>
        </Code>
        <Code id="28101" urn="urn:sdmx:org.sdmx.infomodel.codelist.Code=ESTAT:CL_NIS_CODE_EGR(1.3).28101">
          <Name xml:lang="en" xmlns="http://www.sdmx.org/resources/sdmxml/schemas/v2_1/common">IRELAND WVB COMPANY NUMBER</Name>
        </Code>
        <Code id="31103" urn="urn:sdmx:org.sdmx.infomodel.codelist.Code=ESTAT:CL_NIS_CODE_EGR(1.3).31103">
          <Name xml:lang="en" xmlns="http://www.sdmx.org/resources/sdmxml/schemas/v2_1/common">ISLE OF MAN CHAMBER OF COMMERCE NUMBER</Name>
        </Code>
        <Code id="23103" urn="urn:sdmx:org.sdmx.infomodel.codelist.Code=ESTAT:CL_NIS_CODE_EGR(1.3).23103">
          <Name xml:lang="en" xmlns="http://www.sdmx.org/resources/sdmxml/schemas/v2_1/common">ISLE OF MAN COMPANY ID NUMBER</Name>
        </Code>
        <Code id="29103" urn="urn:sdmx:org.sdmx.infomodel.codelist.Code=ESTAT:CL_NIS_CODE_EGR(1.3).29103">
          <Name xml:lang="en" xmlns="http://www.sdmx.org/resources/sdmxml/schemas/v2_1/common">ISLE OF MAN DnB COMPANY NUMBER</Name>
        </Code>
        <Code id="27103" urn="urn:sdmx:org.sdmx.infomodel.codelist.Code=ESTAT:CL_NIS_CODE_EGR(1.3).27103">
          <Name xml:lang="en" xmlns="http://www.sdmx.org/resources/sdmxml/schemas/v2_1/common">ISLE OF MAN IP IDENTIFICATION NUMBER</Name>
        </Code>
        <Code id="32103" urn="urn:sdmx:org.sdmx.infomodel.codelist.Code=ESTAT:CL_NIS_CODE_EGR(1.3).32103">
          <Name xml:lang="en" xmlns="http://www.sdmx.org/resources/sdmxml/schemas/v2_1/common">ISLE OF MAN OTHER ID NUMBER</Name>
        </Code>
        <Code id="25103" urn="urn:sdmx:org.sdmx.infomodel.codelist.Code=ESTAT:CL_NIS_CODE_EGR(1.3).25103">
          <Name xml:lang="en" xmlns="http://www.sdmx.org/resources/sdmxml/schemas/v2_1/common">ISLE OF MAN STATISTICAL NUMBER</Name>
        </Code>
        <Code id="21103" urn="urn:sdmx:org.sdmx.infomodel.codelist.Code=ESTAT:CL_NIS_CODE_EGR(1.3).21103">
          <Name xml:lang="en" xmlns="http://www.sdmx.org/resources/sdmxml/schemas/v2_1/common">ISLE OF MAN TRADE REGISTER NUMBER</Name>
        </Code>
        <Code id="22103" urn="urn:sdmx:org.sdmx.infomodel.codelist.Code=ESTAT:CL_NIS_CODE_EGR(1.3).22103">
          <Name xml:lang="en" xmlns="http://www.sdmx.org/resources/sdmxml/schemas/v2_1/common">ISLE OF MAN VAT NUMBER</Name>
        </Code>
        <Code id="28103" urn="urn:sdmx:org.sdmx.infomodel.codelist.Code=ESTAT:CL_NIS_CODE_EGR(1.3).28103">
          <Name xml:lang="en" xmlns="http://www.sdmx.org/resources/sdmxml/schemas/v2_1/common">ISLE OF MAN WVB COMPANY NUMBER</Name>
        </Code>
        <Code id="31102" urn="urn:sdmx:org.sdmx.infomodel.codelist.Code=ESTAT:CL_NIS_CODE_EGR(1.3).31102">
          <Name xml:lang="en" xmlns="http://www.sdmx.org/resources/sdmxml/schemas/v2_1/common">ISRAEL CHAMBER OF COMMERCE NUMBER</Name>
        </Code>
        <Code id="23102" urn="urn:sdmx:org.sdmx.infomodel.codelist.Code=ESTAT:CL_NIS_CODE_EGR(1.3).23102">
          <Name xml:lang="en" xmlns="http://www.sdmx.org/resources/sdmxml/schemas/v2_1/common">ISRAEL COMPANY ID NUMBER</Name>
        </Code>
        <Code id="29102" urn="urn:sdmx:org.sdmx.infomodel.codelist.Code=ESTAT:CL_NIS_CODE_EGR(1.3).29102">
          <Name xml:lang="en" xmlns="http://www.sdmx.org/resources/sdmxml/schemas/v2_1/common">ISRAEL DnB COMPANY NUMBER</Name>
        </Code>
        <Code id="27102" urn="urn:sdmx:org.sdmx.infomodel.codelist.Code=ESTAT:CL_NIS_CODE_EGR(1.3).27102">
          <Name xml:lang="en" xmlns="http://www.sdmx.org/resources/sdmxml/schemas/v2_1/common">ISRAEL IP IDENTIFICATION NUMBER</Name>
        </Code>
        <Code id="32102" urn="urn:sdmx:org.sdmx.infomodel.codelist.Code=ESTAT:CL_NIS_CODE_EGR(1.3).32102">
          <Name xml:lang="en" xmlns="http://www.sdmx.org/resources/sdmxml/schemas/v2_1/common">ISRAEL OTHER ID NUMBER</Name>
        </Code>
        <Code id="25102" urn="urn:sdmx:org.sdmx.infomodel.codelist.Code=ESTAT:CL_NIS_CODE_EGR(1.3).25102">
          <Name xml:lang="en" xmlns="http://www.sdmx.org/resources/sdmxml/schemas/v2_1/common">ISRAEL STATISTICAL NUMBER</Name>
        </Code>
        <Code id="21102" urn="urn:sdmx:org.sdmx.infomodel.codelist.Code=ESTAT:CL_NIS_CODE_EGR(1.3).21102">
          <Name xml:lang="en" xmlns="http://www.sdmx.org/resources/sdmxml/schemas/v2_1/common">ISRAEL TRADE REGISTER NUMBER</Name>
        </Code>
        <Code id="22102" urn="urn:sdmx:org.sdmx.infomodel.codelist.Code=ESTAT:CL_NIS_CODE_EGR(1.3).22102">
          <Name xml:lang="en" xmlns="http://www.sdmx.org/resources/sdmxml/schemas/v2_1/common">ISRAEL VAT NUMBER</Name>
        </Code>
        <Code id="28102" urn="urn:sdmx:org.sdmx.infomodel.codelist.Code=ESTAT:CL_NIS_CODE_EGR(1.3).28102">
          <Name xml:lang="en" xmlns="http://www.sdmx.org/resources/sdmxml/schemas/v2_1/common">ISRAEL WVB COMPANY NUMBER</Name>
        </Code>
        <Code id="31109" urn="urn:sdmx:org.sdmx.infomodel.codelist.Code=ESTAT:CL_NIS_CODE_EGR(1.3).31109">
          <Name xml:lang="en" xmlns="http://www.sdmx.org/resources/sdmxml/schemas/v2_1/common">ITALY CHAMBER OF COMMERCE NUMBER</Name>
        </Code>
        <Code id="23109" urn="urn:sdmx:org.sdmx.infomodel.codelist.Code=ESTAT:CL_NIS_CODE_EGR(1.3).23109">
          <Name xml:lang="en" xmlns="http://www.sdmx.org/resources/sdmxml/schemas/v2_1/common">ITALY COMPANY ID NUMBER</Name>
        </Code>
        <Code id="29109" urn="urn:sdmx:org.sdmx.infomodel.codelist.Code=ESTAT:CL_NIS_CODE_EGR(1.3).29109">
          <Name xml:lang="en" xmlns="http://www.sdmx.org/resources/sdmxml/schemas/v2_1/common">ITALY DnB COMPANY NUMBER</Name>
        </Code>
        <Code id="27109" urn="urn:sdmx:org.sdmx.infomodel.codelist.Code=ESTAT:CL_NIS_CODE_EGR(1.3).27109">
          <Name xml:lang="en" xmlns="http://www.sdmx.org/resources/sdmxml/schemas/v2_1/common">ITALY IP IDENTIFICATION NUMBER</Name>
        </Code>
        <Code id="32109" urn="urn:sdmx:org.sdmx.infomodel.codelist.Code=ESTAT:CL_NIS_CODE_EGR(1.3).32109">
          <Name xml:lang="en" xmlns="http://www.sdmx.org/resources/sdmxml/schemas/v2_1/common">ITALY OTHER ID NUMBER</Name>
        </Code>
        <Code id="25109" urn="urn:sdmx:org.sdmx.infomodel.codelist.Code=ESTAT:CL_NIS_CODE_EGR(1.3).25109">
          <Name xml:lang="en" xmlns="http://www.sdmx.org/resources/sdmxml/schemas/v2_1/common">ITALY STATISTICAL NUMBER</Name>
        </Code>
        <Code id="21109" urn="urn:sdmx:org.sdmx.infomodel.codelist.Code=ESTAT:CL_NIS_CODE_EGR(1.3).21109">
          <Name xml:lang="en" xmlns="http://www.sdmx.org/resources/sdmxml/schemas/v2_1/common">ITALY TRADE REGISTER NUMBER</Name>
        </Code>
        <Code id="22109" urn="urn:sdmx:org.sdmx.infomodel.codelist.Code=ESTAT:CL_NIS_CODE_EGR(1.3).22109">
          <Name xml:lang="en" xmlns="http://www.sdmx.org/resources/sdmxml/schemas/v2_1/common">ITALY VAT NUMBER</Name>
        </Code>
        <Code id="28109" urn="urn:sdmx:org.sdmx.infomodel.codelist.Code=ESTAT:CL_NIS_CODE_EGR(1.3).28109">
          <Name xml:lang="en" xmlns="http://www.sdmx.org/resources/sdmxml/schemas/v2_1/common">ITALY WVB COMPANY NUMBER</Name>
        </Code>
        <Code id="31111" urn="urn:sdmx:org.sdmx.infomodel.codelist.Code=ESTAT:CL_NIS_CODE_EGR(1.3).31111">
          <Name xml:lang="en" xmlns="http://www.sdmx.org/resources/sdmxml/schemas/v2_1/common">JAMAICA CHAMBER OF COMMERCE NUMBER</Name>
        </Code>
        <Code id="23111" urn="urn:sdmx:org.sdmx.infomodel.codelist.Code=ESTAT:CL_NIS_CODE_EGR(1.3).23111">
          <Name xml:lang="en" xmlns="http://www.sdmx.org/resources/sdmxml/schemas/v2_1/common">JAMAICA COMPANY ID NUMBER</Name>
        </Code>
        <Code id="29111" urn="urn:sdmx:org.sdmx.infomodel.codelist.Code=ESTAT:CL_NIS_CODE_EGR(1.3).29111">
          <Name xml:lang="en" xmlns="http://www.sdmx.org/resources/sdmxml/schemas/v2_1/common">JAMAICA DnB COMPANY NUMBER</Name>
        </Code>
        <Code id="27111" urn="urn:sdmx:org.sdmx.infomodel.codelist.Code=ESTAT:CL_NIS_CODE_EGR(1.3).27111">
          <Name xml:lang="en" xmlns="http://www.sdmx.org/resources/sdmxml/schemas/v2_1/common">JAMAICA IP IDENTIFICATION NUMBER</Name>
        </Code>
        <Code id="32111" urn="urn:sdmx:org.sdmx.infomodel.codelist.Code=ESTAT:CL_NIS_CODE_EGR(1.3).32111">
          <Name xml:lang="en" xmlns="http://www.sdmx.org/resources/sdmxml/schemas/v2_1/common">JAMAICA OTHER ID NUMBER</Name>
        </Code>
        <Code id="25111" urn="urn:sdmx:org.sdmx.infomodel.codelist.Code=ESTAT:CL_NIS_CODE_EGR(1.3).25111">
          <Name xml:lang="en" xmlns="http://www.sdmx.org/resources/sdmxml/schemas/v2_1/common">JAMAICA STATISTICAL NUMBER</Name>
        </Code>
        <Code id="21111" urn="urn:sdmx:org.sdmx.infomodel.codelist.Code=ESTAT:CL_NIS_CODE_EGR(1.3).21111">
          <Name xml:lang="en" xmlns="http://www.sdmx.org/resources/sdmxml/schemas/v2_1/common">JAMAICA TRADE REGISTER NUMBER</Name>
        </Code>
        <Code id="22111" urn="urn:sdmx:org.sdmx.infomodel.codelist.Code=ESTAT:CL_NIS_CODE_EGR(1.3).22111">
          <Name xml:lang="en" xmlns="http://www.sdmx.org/resources/sdmxml/schemas/v2_1/common">JAMAICA VAT NUMBER</Name>
        </Code>
        <Code id="28111" urn="urn:sdmx:org.sdmx.infomodel.codelist.Code=ESTAT:CL_NIS_CODE_EGR(1.3).28111">
          <Name xml:lang="en" xmlns="http://www.sdmx.org/resources/sdmxml/schemas/v2_1/common">JAMAICA WVB COMPANY NUMBER</Name>
        </Code>
        <Code id="31113" urn="urn:sdmx:org.sdmx.infomodel.codelist.Code=ESTAT:CL_NIS_CODE_EGR(1.3).31113">
          <Name xml:lang="en" xmlns="http://www.sdmx.org/resources/sdmxml/schemas/v2_1/common">JAPAN CHAMBER OF COMMERCE NUMBER</Name>
        </Code>
        <Code id="23113" urn="urn:sdmx:org.sdmx.infomodel.codelist.Code=ESTAT:CL_NIS_CODE_EGR(1.3).23113">
          <Name xml:lang="en" xmlns="http://www.sdmx.org/resources/sdmxml/schemas/v2_1/common">JAPAN COMPANY ID NUMBER</Name>
        </Code>
        <Code id="29113" urn="urn:sdmx:org.sdmx.infomodel.codelist.Code=ESTAT:CL_NIS_CODE_EGR(1.3).29113">
          <Name xml:lang="en" xmlns="http://www.sdmx.org/resources/sdmxml/schemas/v2_1/common">JAPAN DnB COMPANY NUMBER</Name>
        </Code>
        <Code id="27113" urn="urn:sdmx:org.sdmx.infomodel.codelist.Code=ESTAT:CL_NIS_CODE_EGR(1.3).27113">
          <Name xml:lang="en" xmlns="http://www.sdmx.org/resources/sdmxml/schemas/v2_1/common">JAPAN IP IDENTIFICATION NUMBER</Name>
        </Code>
        <Code id="32113" urn="urn:sdmx:org.sdmx.infomodel.codelist.Code=ESTAT:CL_NIS_CODE_EGR(1.3).32113">
          <Name xml:lang="en" xmlns="http://www.sdmx.org/resources/sdmxml/schemas/v2_1/common">JAPAN OTHER ID NUMBER</Name>
        </Code>
        <Code id="25113" urn="urn:sdmx:org.sdmx.infomodel.codelist.Code=ESTAT:CL_NIS_CODE_EGR(1.3).25113">
          <Name xml:lang="en" xmlns="http://www.sdmx.org/resources/sdmxml/schemas/v2_1/common">JAPAN STATISTICAL NUMBER</Name>
        </Code>
        <Code id="21113" urn="urn:sdmx:org.sdmx.infomodel.codelist.Code=ESTAT:CL_NIS_CODE_EGR(1.3).21113">
          <Name xml:lang="en" xmlns="http://www.sdmx.org/resources/sdmxml/schemas/v2_1/common">JAPAN TRADE REGISTER NUMBER</Name>
        </Code>
        <Code id="22113" urn="urn:sdmx:org.sdmx.infomodel.codelist.Code=ESTAT:CL_NIS_CODE_EGR(1.3).22113">
          <Name xml:lang="en" xmlns="http://www.sdmx.org/resources/sdmxml/schemas/v2_1/common">JAPAN VAT NUMBER</Name>
        </Code>
        <Code id="28113" urn="urn:sdmx:org.sdmx.infomodel.codelist.Code=ESTAT:CL_NIS_CODE_EGR(1.3).28113">
          <Name xml:lang="en" xmlns="http://www.sdmx.org/resources/sdmxml/schemas/v2_1/common">JAPAN WVB COMPANY NUMBER</Name>
        </Code>
        <Code id="31110" urn="urn:sdmx:org.sdmx.infomodel.codelist.Code=ESTAT:CL_NIS_CODE_EGR(1.3).31110">
          <Name xml:lang="en" xmlns="http://www.sdmx.org/resources/sdmxml/schemas/v2_1/common">JERSEY CHAMBER OF COMMERCE NUMBER</Name>
        </Code>
        <Code id="23110" urn="urn:sdmx:org.sdmx.infomodel.codelist.Code=ESTAT:CL_NIS_CODE_EGR(1.3).23110">
          <Name xml:lang="en" xmlns="http://www.sdmx.org/resources/sdmxml/schemas/v2_1/common">JERSEY COMPANY ID NUMBER</Name>
        </Code>
        <Code id="29110" urn="urn:sdmx:org.sdmx.infomodel.codelist.Code=ESTAT:CL_NIS_CODE_EGR(1.3).29110">
          <Name xml:lang="en" xmlns="http://www.sdmx.org/resources/sdmxml/schemas/v2_1/common">JERSEY DnB COMPANY NUMBER</Name>
        </Code>
        <Code id="27110" urn="urn:sdmx:org.sdmx.infomodel.codelist.Code=ESTAT:CL_NIS_CODE_EGR(1.3).27110">
          <Name xml:lang="en" xmlns="http://www.sdmx.org/resources/sdmxml/schemas/v2_1/common">JERSEY IP IDENTIFICATION NUMBER</Name>
        </Code>
        <Code id="32110" urn="urn:sdmx:org.sdmx.infomodel.codelist.Code=ESTAT:CL_NIS_CODE_EGR(1.3).32110">
          <Name xml:lang="en" xmlns="http://www.sdmx.org/resources/sdmxml/schemas/v2_1/common">JERSEY OTHER ID NUMBER</Name>
        </Code>
        <Code id="25110" urn="urn:sdmx:org.sdmx.infomodel.codelist.Code=ESTAT:CL_NIS_CODE_EGR(1.3).25110">
          <Name xml:lang="en" xmlns="http://www.sdmx.org/resources/sdmxml/schemas/v2_1/common">JERSEY STATISTICAL NUMBER</Name>
        </Code>
        <Code id="21110" urn="urn:sdmx:org.sdmx.infomodel.codelist.Code=ESTAT:CL_NIS_CODE_EGR(1.3).21110">
          <Name xml:lang="en" xmlns="http://www.sdmx.org/resources/sdmxml/schemas/v2_1/common">JERSEY TRADE REGISTER NUMBER</Name>
        </Code>
        <Code id="22110" urn="urn:sdmx:org.sdmx.infomodel.codelist.Code=ESTAT:CL_NIS_CODE_EGR(1.3).22110">
          <Name xml:lang="en" xmlns="http://www.sdmx.org/resources/sdmxml/schemas/v2_1/common">JERSEY VAT NUMBER</Name>
        </Code>
        <Code id="28110" urn="urn:sdmx:org.sdmx.infomodel.codelist.Code=ESTAT:CL_NIS_CODE_EGR(1.3).28110">
          <Name xml:lang="en" xmlns="http://www.sdmx.org/resources/sdmxml/schemas/v2_1/common">JERSEY WVB COMPANY NUMBER</Name>
        </Code>
        <Code id="31112" urn="urn:sdmx:org.sdmx.infomodel.codelist.Code=ESTAT:CL_NIS_CODE_EGR(1.3).31112">
          <Name xml:lang="en" xmlns="http://www.sdmx.org/resources/sdmxml/schemas/v2_1/common">JORDAN CHAMBER OF COMMERCE NUMBER</Name>
        </Code>
        <Code id="23112" urn="urn:sdmx:org.sdmx.infomodel.codelist.Code=ESTAT:CL_NIS_CODE_EGR(1.3).23112">
          <Name xml:lang="en" xmlns="http://www.sdmx.org/resources/sdmxml/schemas/v2_1/common">JORDAN COMPANY ID NUMBER</Name>
        </Code>
        <Code id="29112" urn="urn:sdmx:org.sdmx.infomodel.codelist.Code=ESTAT:CL_NIS_CODE_EGR(1.3).29112">
          <Name xml:lang="en" xmlns="http://www.sdmx.org/resources/sdmxml/schemas/v2_1/common">JORDAN DnB COMPANY NUMBER</Name>
        </Code>
        <Code id="27112" urn="urn:sdmx:org.sdmx.infomodel.codelist.Code=ESTAT:CL_NIS_CODE_EGR(1.3).27112">
          <Name xml:lang="en" xmlns="http://www.sdmx.org/resources/sdmxml/schemas/v2_1/common">JORDAN IP IDENTIFICATION NUMBER</Name>
        </Code>
        <Code id="32112" urn="urn:sdmx:org.sdmx.infomodel.codelist.Code=ESTAT:CL_NIS_CODE_EGR(1.3).32112">
          <Name xml:lang="en" xmlns="http://www.sdmx.org/resources/sdmxml/schemas/v2_1/common">JORDAN OTHER ID NUMBER</Name>
        </Code>
        <Code id="25112" urn="urn:sdmx:org.sdmx.infomodel.codelist.Code=ESTAT:CL_NIS_CODE_EGR(1.3).25112">
          <Name xml:lang="en" xmlns="http://www.sdmx.org/resources/sdmxml/schemas/v2_1/common">JORDAN STATISTICAL NUMBER</Name>
        </Code>
        <Code id="21112" urn="urn:sdmx:org.sdmx.infomodel.codelist.Code=ESTAT:CL_NIS_CODE_EGR(1.3).21112">
          <Name xml:lang="en" xmlns="http://www.sdmx.org/resources/sdmxml/schemas/v2_1/common">JORDAN TRADE REGISTER NUMBER</Name>
        </Code>
        <Code id="22112" urn="urn:sdmx:org.sdmx.infomodel.codelist.Code=ESTAT:CL_NIS_CODE_EGR(1.3).22112">
          <Name xml:lang="en" xmlns="http://www.sdmx.org/resources/sdmxml/schemas/v2_1/common">JORDAN VAT NUMBER</Name>
        </Code>
        <Code id="28112" urn="urn:sdmx:org.sdmx.infomodel.codelist.Code=ESTAT:CL_NIS_CODE_EGR(1.3).28112">
          <Name xml:lang="en" xmlns="http://www.sdmx.org/resources/sdmxml/schemas/v2_1/common">JORDAN WVB COMPANY NUMBER</Name>
        </Code>
        <Code id="31124" urn="urn:sdmx:org.sdmx.infomodel.codelist.Code=ESTAT:CL_NIS_CODE_EGR(1.3).31124">
          <Name xml:lang="en" xmlns="http://www.sdmx.org/resources/sdmxml/schemas/v2_1/common">KAZAKHSTAN CHAMBER OF COMMERCE NUMBER</Name>
        </Code>
        <Code id="23124" urn="urn:sdmx:org.sdmx.infomodel.codelist.Code=ESTAT:CL_NIS_CODE_EGR(1.3).23124">
          <Name xml:lang="en" xmlns="http://www.sdmx.org/resources/sdmxml/schemas/v2_1/common">KAZAKHSTAN COMPANY ID NUMBER</Name>
        </Code>
        <Code id="29124" urn="urn:sdmx:org.sdmx.infomodel.codelist.Code=ESTAT:CL_NIS_CODE_EGR(1.3).29124">
          <Name xml:lang="en" xmlns="http://www.sdmx.org/resources/sdmxml/schemas/v2_1/common">KAZAKHSTAN DnB COMPANY NUMBER</Name>
        </Code>
        <Code id="27124" urn="urn:sdmx:org.sdmx.infomodel.codelist.Code=ESTAT:CL_NIS_CODE_EGR(1.3).27124">
          <Name xml:lang="en" xmlns="http://www.sdmx.org/resources/sdmxml/schemas/v2_1/common">KAZAKHSTAN IP IDENTIFICATION NUMBER</Name>
        </Code>
        <Code id="32124" urn="urn:sdmx:org.sdmx.infomodel.codelist.Code=ESTAT:CL_NIS_CODE_EGR(1.3).32124">
          <Name xml:lang="en" xmlns="http://www.sdmx.org/resources/sdmxml/schemas/v2_1/common">KAZAKHSTAN OTHER ID NUMBER</Name>
        </Code>
        <Code id="25124" urn="urn:sdmx:org.sdmx.infomodel.codelist.Code=ESTAT:CL_NIS_CODE_EGR(1.3).25124">
          <Name xml:lang="en" xmlns="http://www.sdmx.org/resources/sdmxml/schemas/v2_1/common">KAZAKHSTAN STATISTICAL NUMBER</Name>
        </Code>
        <Code id="21124" urn="urn:sdmx:org.sdmx.infomodel.codelist.Code=ESTAT:CL_NIS_CODE_EGR(1.3).21124">
          <Name xml:lang="en" xmlns="http://www.sdmx.org/resources/sdmxml/schemas/v2_1/common">KAZAKHSTAN TRADE REGISTER NUMBER</Name>
        </Code>
        <Code id="22124" urn="urn:sdmx:org.sdmx.infomodel.codelist.Code=ESTAT:CL_NIS_CODE_EGR(1.3).22124">
          <Name xml:lang="en" xmlns="http://www.sdmx.org/resources/sdmxml/schemas/v2_1/common">KAZAKHSTAN VAT NUMBER</Name>
        </Code>
        <Code id="28124" urn="urn:sdmx:org.sdmx.infomodel.codelist.Code=ESTAT:CL_NIS_CODE_EGR(1.3).28124">
          <Name xml:lang="en" xmlns="http://www.sdmx.org/resources/sdmxml/schemas/v2_1/common">KAZAKHSTAN WVB COMPANY NUMBER</Name>
        </Code>
        <Code id="31114" urn="urn:sdmx:org.sdmx.infomodel.codelist.Code=ESTAT:CL_NIS_CODE_EGR(1.3).31114">
          <Name xml:lang="en" xmlns="http://www.sdmx.org/resources/sdmxml/schemas/v2_1/common">KENYA CHAMBER OF COMMERCE NUMBER</Name>
        </Code>
        <Code id="23114" urn="urn:sdmx:org.sdmx.infomodel.codelist.Code=ESTAT:CL_NIS_CODE_EGR(1.3).23114">
          <Name xml:lang="en" xmlns="http://www.sdmx.org/resources/sdmxml/schemas/v2_1/common">KENYA COMPANY ID NUMBER</Name>
        </Code>
        <Code id="29114" urn="urn:sdmx:org.sdmx.infomodel.codelist.Code=ESTAT:CL_NIS_CODE_EGR(1.3).29114">
          <Name xml:lang="en" xmlns="http://www.sdmx.org/resources/sdmxml/schemas/v2_1/common">KENYA DnB COMPANY NUMBER</Name>
        </Code>
        <Code id="27114" urn="urn:sdmx:org.sdmx.infomodel.codelist.Code=ESTAT:CL_NIS_CODE_EGR(1.3).27114">
          <Name xml:lang="en" xmlns="http://www.sdmx.org/resources/sdmxml/schemas/v2_1/common">KENYA IP IDENTIFICATION NUMBER</Name>
        </Code>
        <Code id="32114" urn="urn:sdmx:org.sdmx.infomodel.codelist.Code=ESTAT:CL_NIS_CODE_EGR(1.3).32114">
          <Name xml:lang="en" xmlns="http://www.sdmx.org/resources/sdmxml/schemas/v2_1/common">KENYA OTHER ID NUMBER</Name>
        </Code>
        <Code id="25114" urn="urn:sdmx:org.sdmx.infomodel.codelist.Code=ESTAT:CL_NIS_CODE_EGR(1.3).25114">
          <Name xml:lang="en" xmlns="http://www.sdmx.org/resources/sdmxml/schemas/v2_1/common">KENYA STATISTICAL NUMBER</Name>
        </Code>
        <Code id="21114" urn="urn:sdmx:org.sdmx.infomodel.codelist.Code=ESTAT:CL_NIS_CODE_EGR(1.3).21114">
          <Name xml:lang="en" xmlns="http://www.sdmx.org/resources/sdmxml/schemas/v2_1/common">KENYA TRADE REGISTER NUMBER</Name>
        </Code>
        <Code id="22114" urn="urn:sdmx:org.sdmx.infomodel.codelist.Code=ESTAT:CL_NIS_CODE_EGR(1.3).22114">
          <Name xml:lang="en" xmlns="http://www.sdmx.org/resources/sdmxml/schemas/v2_1/common">KENYA VAT NUMBER</Name>
        </Code>
        <Code id="28114" urn="urn:sdmx:org.sdmx.infomodel.codelist.Code=ESTAT:CL_NIS_CODE_EGR(1.3).28114">
          <Name xml:lang="en" xmlns="http://www.sdmx.org/resources/sdmxml/schemas/v2_1/common">KENYA WVB COMPANY NUMBER</Name>
        </Code>
        <Code id="31117" urn="urn:sdmx:org.sdmx.infomodel.codelist.Code=ESTAT:CL_NIS_CODE_EGR(1.3).31117">
          <Name xml:lang="en" xmlns="http://www.sdmx.org/resources/sdmxml/schemas/v2_1/common">KIRIBATI CHAMBER OF COMMERCE NUMBER</Name>
        </Code>
        <Code id="23117" urn="urn:sdmx:org.sdmx.infomodel.codelist.Code=ESTAT:CL_NIS_CODE_EGR(1.3).23117">
          <Name xml:lang="en" xmlns="http://www.sdmx.org/resources/sdmxml/schemas/v2_1/common">KIRIBATI COMPANY ID NUMBER</Name>
        </Code>
        <Code id="29117" urn="urn:sdmx:org.sdmx.infomodel.codelist.Code=ESTAT:CL_NIS_CODE_EGR(1.3).29117">
          <Name xml:lang="en" xmlns="http://www.sdmx.org/resources/sdmxml/schemas/v2_1/common">KIRIBATI DnB COMPANY NUMBER</Name>
        </Code>
        <Code id="27117" urn="urn:sdmx:org.sdmx.infomodel.codelist.Code=ESTAT:CL_NIS_CODE_EGR(1.3).27117">
          <Name xml:lang="en" xmlns="http://www.sdmx.org/resources/sdmxml/schemas/v2_1/common">KIRIBATI IP IDENTIFICATION NUMBER</Name>
        </Code>
        <Code id="32117" urn="urn:sdmx:org.sdmx.infomodel.codelist.Code=ESTAT:CL_NIS_CODE_EGR(1.3).32117">
          <Name xml:lang="en" xmlns="http://www.sdmx.org/resources/sdmxml/schemas/v2_1/common">KIRIBATI OTHER ID NUMBER</Name>
        </Code>
        <Code id="25117" urn="urn:sdmx:org.sdmx.infomodel.codelist.Code=ESTAT:CL_NIS_CODE_EGR(1.3).25117">
          <Name xml:lang="en" xmlns="http://www.sdmx.org/resources/sdmxml/schemas/v2_1/common">KIRIBATI STATISTICAL NUMBER</Name>
        </Code>
        <Code id="21117" urn="urn:sdmx:org.sdmx.infomodel.codelist.Code=ESTAT:CL_NIS_CODE_EGR(1.3).21117">
          <Name xml:lang="en" xmlns="http://www.sdmx.org/resources/sdmxml/schemas/v2_1/common">KIRIBATI TRADE REGISTER NUMBER</Name>
        </Code>
        <Code id="22117" urn="urn:sdmx:org.sdmx.infomodel.codelist.Code=ESTAT:CL_NIS_CODE_EGR(1.3).22117">
          <Name xml:lang="en" xmlns="http://www.sdmx.org/resources/sdmxml/schemas/v2_1/common">KIRIBATI VAT NUMBER</Name>
        </Code>
        <Code id="28117" urn="urn:sdmx:org.sdmx.infomodel.codelist.Code=ESTAT:CL_NIS_CODE_EGR(1.3).28117">
          <Name xml:lang="en" xmlns="http://www.sdmx.org/resources/sdmxml/schemas/v2_1/common">KIRIBATI WVB COMPANY NUMBER</Name>
        </Code>
        <Code id="31122" urn="urn:sdmx:org.sdmx.infomodel.codelist.Code=ESTAT:CL_NIS_CODE_EGR(1.3).31122">
          <Name xml:lang="en" xmlns="http://www.sdmx.org/resources/sdmxml/schemas/v2_1/common">KUWAIT CHAMBER OF COMMERCE NUMBER</Name>
        </Code>
        <Code id="23122" urn="urn:sdmx:org.sdmx.infomodel.codelist.Code=ESTAT:CL_NIS_CODE_EGR(1.3).23122">
          <Name xml:lang="en" xmlns="http://www.sdmx.org/resources/sdmxml/schemas/v2_1/common">KUWAIT COMPANY ID NUMBER</Name>
        </Code>
        <Code id="29122" urn="urn:sdmx:org.sdmx.infomodel.codelist.Code=ESTAT:CL_NIS_CODE_EGR(1.3).29122">
          <Name xml:lang="en" xmlns="http://www.sdmx.org/resources/sdmxml/schemas/v2_1/common">KUWAIT DnB COMPANY NUMBER</Name>
        </Code>
        <Code id="27122" urn="urn:sdmx:org.sdmx.infomodel.codelist.Code=ESTAT:CL_NIS_CODE_EGR(1.3).27122">
          <Name xml:lang="en" xmlns="http://www.sdmx.org/resources/sdmxml/schemas/v2_1/common">KUWAIT IP IDENTIFICATION NUMBER</Name>
        </Code>
        <Code id="32122" urn="urn:sdmx:org.sdmx.infomodel.codelist.Code=ESTAT:CL_NIS_CODE_EGR(1.3).32122">
          <Name xml:lang="en" xmlns="http://www.sdmx.org/resources/sdmxml/schemas/v2_1/common">KUWAIT OTHER ID NUMBER</Name>
        </Code>
        <Code id="25122" urn="urn:sdmx:org.sdmx.infomodel.codelist.Code=ESTAT:CL_NIS_CODE_EGR(1.3).25122">
          <Name xml:lang="en" xmlns="http://www.sdmx.org/resources/sdmxml/schemas/v2_1/common">KUWAIT STATISTICAL NUMBER</Name>
        </Code>
        <Code id="21122" urn="urn:sdmx:org.sdmx.infomodel.codelist.Code=ESTAT:CL_NIS_CODE_EGR(1.3).21122">
          <Name xml:lang="en" xmlns="http://www.sdmx.org/resources/sdmxml/schemas/v2_1/common">KUWAIT TRADE REGISTER NUMBER</Name>
        </Code>
        <Code id="22122" urn="urn:sdmx:org.sdmx.infomodel.codelist.Code=ESTAT:CL_NIS_CODE_EGR(1.3).22122">
          <Name xml:lang="en" xmlns="http://www.sdmx.org/resources/sdmxml/schemas/v2_1/common">KUWAIT VAT NUMBER</Name>
        </Code>
        <Code id="28122" urn="urn:sdmx:org.sdmx.infomodel.codelist.Code=ESTAT:CL_NIS_CODE_EGR(1.3).28122">
          <Name xml:lang="en" xmlns="http://www.sdmx.org/resources/sdmxml/schemas/v2_1/common">KUWAIT WVB COMPANY NUMBER</Name>
        </Code>
        <Code id="31115" urn="urn:sdmx:org.sdmx.infomodel.codelist.Code=ESTAT:CL_NIS_CODE_EGR(1.3).31115">
          <Name xml:lang="en" xmlns="http://www.sdmx.org/resources/sdmxml/schemas/v2_1/common">KYRGYZSTAN CHAMBER OF COMMERCE NUMBER</Name>
        </Code>
        <Code id="23115" urn="urn:sdmx:org.sdmx.infomodel.codelist.Code=ESTAT:CL_NIS_CODE_EGR(1.3).23115">
          <Name xml:lang="en" xmlns="http://www.sdmx.org/resources/sdmxml/schemas/v2_1/common">KYRGYZSTAN COMPANY ID NUMBER</Name>
        </Code>
        <Code id="29115" urn="urn:sdmx:org.sdmx.infomodel.codelist.Code=ESTAT:CL_NIS_CODE_EGR(1.3).29115">
          <Name xml:lang="en" xmlns="http://www.sdmx.org/resources/sdmxml/schemas/v2_1/common">KYRGYZSTAN DnB COMPANY NUMBER</Name>
        </Code>
        <Code id="27115" urn="urn:sdmx:org.sdmx.infomodel.codelist.Code=ESTAT:CL_NIS_CODE_EGR(1.3).27115">
          <Name xml:lang="en" xmlns="http://www.sdmx.org/resources/sdmxml/schemas/v2_1/common">KYRGYZSTAN IP IDENTIFICATION NUMBER</Name>
        </Code>
        <Code id="32115" urn="urn:sdmx:org.sdmx.infomodel.codelist.Code=ESTAT:CL_NIS_CODE_EGR(1.3).32115">
          <Name xml:lang="en" xmlns="http://www.sdmx.org/resources/sdmxml/schemas/v2_1/common">KYRGYZSTAN OTHER ID NUMBER</Name>
        </Code>
        <Code id="25115" urn="urn:sdmx:org.sdmx.infomodel.codelist.Code=ESTAT:CL_NIS_CODE_EGR(1.3).25115">
          <Name xml:lang="en" xmlns="http://www.sdmx.org/resources/sdmxml/schemas/v2_1/common">KYRGYZSTAN STATISTICAL NUMBER</Name>
        </Code>
        <Code id="21115" urn="urn:sdmx:org.sdmx.infomodel.codelist.Code=ESTAT:CL_NIS_CODE_EGR(1.3).21115">
          <Name xml:lang="en" xmlns="http://www.sdmx.org/resources/sdmxml/schemas/v2_1/common">KYRGYZSTAN TRADE REGISTER NUMBER</Name>
        </Code>
        <Code id="22115" urn="urn:sdmx:org.sdmx.infomodel.codelist.Code=ESTAT:CL_NIS_CODE_EGR(1.3).22115">
          <Name xml:lang="en" xmlns="http://www.sdmx.org/resources/sdmxml/schemas/v2_1/common">KYRGYZSTAN VAT NUMBER</Name>
        </Code>
        <Code id="28115" urn="urn:sdmx:org.sdmx.infomodel.codelist.Code=ESTAT:CL_NIS_CODE_EGR(1.3).28115">
          <Name xml:lang="en" xmlns="http://www.sdmx.org/resources/sdmxml/schemas/v2_1/common">KYRGYZSTAN WVB COMPANY NUMBER</Name>
        </Code>
        <Code id="31125" urn="urn:sdmx:org.sdmx.infomodel.codelist.Code=ESTAT:CL_NIS_CODE_EGR(1.3).31125">
          <Name xml:lang="en" xmlns="http://www.sdmx.org/resources/sdmxml/schemas/v2_1/common">LAO PEOPLE''S DEMOCRATIC REPUBLIC CHAMBER OF COMMERCE NUMBER</Name>
        </Code>
        <Code id="23125" urn="urn:sdmx:org.sdmx.infomodel.codelist.Code=ESTAT:CL_NIS_CODE_EGR(1.3).23125">
          <Name xml:lang="en" xmlns="http://www.sdmx.org/resources/sdmxml/schemas/v2_1/common">LAO PEOPLE''S DEMOCRATIC REPUBLIC COMPANY ID NUMBER</Name>
        </Code>
        <Code id="29125" urn="urn:sdmx:org.sdmx.infomodel.codelist.Code=ESTAT:CL_NIS_CODE_EGR(1.3).29125">
          <Name xml:lang="en" xmlns="http://www.sdmx.org/resources/sdmxml/schemas/v2_1/common">LAO PEOPLE''S DEMOCRATIC REPUBLIC DnB COMPANY NUMBER</Name>
        </Code>
        <Code id="27125" urn="urn:sdmx:org.sdmx.infomodel.codelist.Code=ESTAT:CL_NIS_CODE_EGR(1.3).27125">
          <Name xml:lang="en" xmlns="http://www.sdmx.org/resources/sdmxml/schemas/v2_1/common">LAO PEOPLE''S DEMOCRATIC REPUBLIC IP IDENTIFICATION NUMBER</Name>
        </Code>
        <Code id="32125" urn="urn:sdmx:org.sdmx.infomodel.codelist.Code=ESTAT:CL_NIS_CODE_EGR(1.3).32125">
          <Name xml:lang="en" xmlns="http://www.sdmx.org/resources/sdmxml/schemas/v2_1/common">LAO PEOPLE''S DEMOCRATIC REPUBLIC OTHER ID NUMBER</Name>
        </Code>
        <Code id="25125" urn="urn:sdmx:org.sdmx.infomodel.codelist.Code=ESTAT:CL_NIS_CODE_EGR(1.3).25125">
          <Name xml:lang="en" xmlns="http://www.sdmx.org/resources/sdmxml/schemas/v2_1/common">LAO PEOPLE''S DEMOCRATIC REPUBLIC STATISTICAL NUMBER</Name>
        </Code>
        <Code id="21125" urn="urn:sdmx:org.sdmx.infomodel.codelist.Code=ESTAT:CL_NIS_CODE_EGR(1.3).21125">
          <Name xml:lang="en" xmlns="http://www.sdmx.org/resources/sdmxml/schemas/v2_1/common">LAO PEOPLE''S DEMOCRATIC REPUBLIC TRADE REGISTER NUMBER</Name>
        </Code>
        <Code id="22125" urn="urn:sdmx:org.sdmx.infomodel.codelist.Code=ESTAT:CL_NIS_CODE_EGR(1.3).22125">
          <Name xml:lang="en" xmlns="http://www.sdmx.org/resources/sdmxml/schemas/v2_1/common">LAO PEOPLE''S DEMOCRATIC REPUBLIC VAT NUMBER</Name>
        </Code>
        <Code id="28125" urn="urn:sdmx:org.sdmx.infomodel.codelist.Code=ESTAT:CL_NIS_CODE_EGR(1.3).28125">
          <Name xml:lang="en" xmlns="http://www.sdmx.org/resources/sdmxml/schemas/v2_1/common">LAO PEOPLE''S DEMOCRATIC REPUBLIC WVB COMPANY NUMBER</Name>
        </Code>
        <Code id="31134" urn="urn:sdmx:org.sdmx.infomodel.codelist.Code=ESTAT:CL_NIS_CODE_EGR(1.3).31134">
          <Name xml:lang="en" xmlns="http://www.sdmx.org/resources/sdmxml/schemas/v2_1/common">LATVIA CHAMBER OF COMMERCE NUMBER</Name>
        </Code>
        <Code id="23134" urn="urn:sdmx:org.sdmx.infomodel.codelist.Code=ESTAT:CL_NIS_CODE_EGR(1.3).23134">
          <Name xml:lang="en" xmlns="http://www.sdmx.org/resources/sdmxml/schemas/v2_1/common">LATVIA COMPANY ID NUMBER</Name>
        </Code>
        <Code id="29134" urn="urn:sdmx:org.sdmx.infomodel.codelist.Code=ESTAT:CL_NIS_CODE_EGR(1.3).29134">
          <Name xml:lang="en" xmlns="http://www.sdmx.org/resources/sdmxml/schemas/v2_1/common">LATVIA DnB COMPANY NUMBER</Name>
        </Code>
        <Code id="27134" urn="urn:sdmx:org.sdmx.infomodel.codelist.Code=ESTAT:CL_NIS_CODE_EGR(1.3).27134">
          <Name xml:lang="en" xmlns="http://www.sdmx.org/resources/sdmxml/schemas/v2_1/common">LATVIA IP IDENTIFICATION NUMBER</Name>
        </Code>
        <Code id="32134" urn="urn:sdmx:org.sdmx.infomodel.codelist.Code=ESTAT:CL_NIS_CODE_EGR(1.3).32134">
          <Name xml:lang="en" xmlns="http://www.sdmx.org/resources/sdmxml/schemas/v2_1/common">LATVIA OTHER ID NUMBER</Name>
        </Code>
        <Code id="25134" urn="urn:sdmx:org.sdmx.infomodel.codelist.Code=ESTAT:CL_NIS_CODE_EGR(1.3).25134">
          <Name xml:lang="en" xmlns="http://www.sdmx.org/resources/sdmxml/schemas/v2_1/common">LATVIA STATISTICAL NUMBER</Name>
        </Code>
        <Code id="21134" urn="urn:sdmx:org.sdmx.infomodel.codelist.Code=ESTAT:CL_NIS_CODE_EGR(1.3).21134">
          <Name xml:lang="en" xmlns="http://www.sdmx.org/resources/sdmxml/schemas/v2_1/common">LATVIA TRADE REGISTER NUMBER</Name>
        </Code>
        <Code id="22134" urn="urn:sdmx:org.sdmx.infomodel.codelist.Code=ESTAT:CL_NIS_CODE_EGR(1.3).22134">
          <Name xml:lang="en" xmlns="http://www.sdmx.org/resources/sdmxml/schemas/v2_1/common">LATVIA VAT NUMBER</Name>
        </Code>
        <Code id="28134" urn="urn:sdmx:org.sdmx.infomodel.codelist.Code=ESTAT:CL_NIS_CODE_EGR(1.3).28134">
          <Name xml:lang="en" xmlns="http://www.sdmx.org/resources/sdmxml/schemas/v2_1/common">LATVIA WVB COMPANY NUMBER</Name>
        </Code>
        <Code id="31126" urn="urn:sdmx:org.sdmx.infomodel.codelist.Code=ESTAT:CL_NIS_CODE_EGR(1.3).31126">
          <Name xml:lang="en" xmlns="http://www.sdmx.org/resources/sdmxml/schemas/v2_1/common">LEBANON CHAMBER OF COMMERCE NUMBER</Name>
        </Code>
        <Code id="23126" urn="urn:sdmx:org.sdmx.infomodel.codelist.Code=ESTAT:CL_NIS_CODE_EGR(1.3).23126">
          <Name xml:lang="en" xmlns="http://www.sdmx.org/resources/sdmxml/schemas/v2_1/common">LEBANON COMPANY ID NUMBER</Name>
        </Code>
        <Code id="29126" urn="urn:sdmx:org.sdmx.infomodel.codelist.Code=ESTAT:CL_NIS_CODE_EGR(1.3).29126">
          <Name xml:lang="en" xmlns="http://www.sdmx.org/resources/sdmxml/schemas/v2_1/common">LEBANON DnB COMPANY NUMBER</Name>
        </Code>
        <Code id="27126" urn="urn:sdmx:org.sdmx.infomodel.codelist.Code=ESTAT:CL_NIS_CODE_EGR(1.3).27126">
          <Name xml:lang="en" xmlns="http://www.sdmx.org/resources/sdmxml/schemas/v2_1/common">LEBANON IP IDENTIFICATION NUMBER</Name>
        </Code>
        <Code id="32126" urn="urn:sdmx:org.sdmx.infomodel.codelist.Code=ESTAT:CL_NIS_CODE_EGR(1.3).32126">
          <Name xml:lang="en" xmlns="http://www.sdmx.org/resources/sdmxml/schemas/v2_1/common">LEBANON OTHER ID NUMBER</Name>
        </Code>
        <Code id="25126" urn="urn:sdmx:org.sdmx.infomodel.codelist.Code=ESTAT:CL_NIS_CODE_EGR(1.3).25126">
          <Name xml:lang="en" xmlns="http://www.sdmx.org/resources/sdmxml/schemas/v2_1/common">LEBANON STATISTICAL NUMBER</Name>
        </Code>
        <Code id="21126" urn="urn:sdmx:org.sdmx.infomodel.codelist.Code=ESTAT:CL_NIS_CODE_EGR(1.3).21126">
          <Name xml:lang="en" xmlns="http://www.sdmx.org/resources/sdmxml/schemas/v2_1/common">LEBANON TRADE REGISTER NUMBER</Name>
        </Code>
        <Code id="22126" urn="urn:sdmx:org.sdmx.infomodel.codelist.Code=ESTAT:CL_NIS_CODE_EGR(1.3).22126">
          <Name xml:lang="en" xmlns="http://www.sdmx.org/resources/sdmxml/schemas/v2_1/common">LEBANON VAT NUMBER</Name>
        </Code>
        <Code id="28126" urn="urn:sdmx:org.sdmx.infomodel.codelist.Code=ESTAT:CL_NIS_CODE_EGR(1.3).28126">
          <Name xml:lang="en" xmlns="http://www.sdmx.org/resources/sdmxml/schemas/v2_1/common">LEBANON WVB COMPANY NUMBER</Name>
        </Code>
        <Code id="31131" urn="urn:sdmx:org.sdmx.infomodel.codelist.Code=ESTAT:CL_NIS_CODE_EGR(1.3).31131">
          <Name xml:lang="en" xmlns="http://www.sdmx.org/resources/sdmxml/schemas/v2_1/common">LESOTHO CHAMBER OF COMMERCE NUMBER</Name>
        </Code>
        <Code id="23131" urn="urn:sdmx:org.sdmx.infomodel.codelist.Code=ESTAT:CL_NIS_CODE_EGR(1.3).23131">
          <Name xml:lang="en" xmlns="http://www.sdmx.org/resources/sdmxml/schemas/v2_1/common">LESOTHO COMPANY ID NUMBER</Name>
        </Code>
        <Code id="29131" urn="urn:sdmx:org.sdmx.infomodel.codelist.Code=ESTAT:CL_NIS_CODE_EGR(1.3).29131">
          <Name xml:lang="en" xmlns="http://www.sdmx.org/resources/sdmxml/schemas/v2_1/common">LESOTHO DnB COMPANY NUMBER</Name>
        </Code>
        <Code id="27131" urn="urn:sdmx:org.sdmx.infomodel.codelist.Code=ESTAT:CL_NIS_CODE_EGR(1.3).27131">
          <Name xml:lang="en" xmlns="http://www.sdmx.org/resources/sdmxml/schemas/v2_1/common">LESOTHO IP IDENTIFICATION NUMBER</Name>
        </Code>
        <Code id="32131" urn="urn:sdmx:org.sdmx.infomodel.codelist.Code=ESTAT:CL_NIS_CODE_EGR(1.3).32131">
          <Name xml:lang="en" xmlns="http://www.sdmx.org/resources/sdmxml/schemas/v2_1/common">LESOTHO OTHER ID NUMBER</Name>
        </Code>
        <Code id="25131" urn="urn:sdmx:org.sdmx.infomodel.codelist.Code=ESTAT:CL_NIS_CODE_EGR(1.3).25131">
          <Name xml:lang="en" xmlns="http://www.sdmx.org/resources/sdmxml/schemas/v2_1/common">LESOTHO STATISTICAL NUMBER</Name>
        </Code>
        <Code id="21131" urn="urn:sdmx:org.sdmx.infomodel.codelist.Code=ESTAT:CL_NIS_CODE_EGR(1.3).21131">
          <Name xml:lang="en" xmlns="http://www.sdmx.org/resources/sdmxml/schemas/v2_1/common">LESOTHO TRADE REGISTER NUMBER</Name>
        </Code>
        <Code id="22131" urn="urn:sdmx:org.sdmx.infomodel.codelist.Code=ESTAT:CL_NIS_CODE_EGR(1.3).22131">
          <Name xml:lang="en" xmlns="http://www.sdmx.org/resources/sdmxml/schemas/v2_1/common">LESOTHO VAT NUMBER</Name>
        </Code>
        <Code id="28131" urn="urn:sdmx:org.sdmx.infomodel.codelist.Code=ESTAT:CL_NIS_CODE_EGR(1.3).28131">
          <Name xml:lang="en" xmlns="http://www.sdmx.org/resources/sdmxml/schemas/v2_1/common">LESOTHO WVB COMPANY NUMBER</Name>
        </Code>
        <Code id="31130" urn="urn:sdmx:org.sdmx.infomodel.codelist.Code=ESTAT:CL_NIS_CODE_EGR(1.3).31130">
          <Name xml:lang="en" xmlns="http://www.sdmx.org/resources/sdmxml/schemas/v2_1/common">LIBERIA CHAMBER OF COMMERCE NUMBER</Name>
        </Code>
        <Code id="23130" urn="urn:sdmx:org.sdmx.infomodel.codelist.Code=ESTAT:CL_NIS_CODE_EGR(1.3).23130">
          <Name xml:lang="en" xmlns="http://www.sdmx.org/resources/sdmxml/schemas/v2_1/common">LIBERIA COMPANY ID NUMBER</Name>
        </Code>
        <Code id="29130" urn="urn:sdmx:org.sdmx.infomodel.codelist.Code=ESTAT:CL_NIS_CODE_EGR(1.3).29130">
          <Name xml:lang="en" xmlns="http://www.sdmx.org/resources/sdmxml/schemas/v2_1/common">LIBERIA DnB COMPANY NUMBER</Name>
        </Code>
        <Code id="27130" urn="urn:sdmx:org.sdmx.infomodel.codelist.Code=ESTAT:CL_NIS_CODE_EGR(1.3).27130">
          <Name xml:lang="en" xmlns="http://www.sdmx.org/resources/sdmxml/schemas/v2_1/common">LIBERIA IP IDENTIFICATION NUMBER</Name>
        </Code>
        <Code id="32130" urn="urn:sdmx:org.sdmx.infomodel.codelist.Code=ESTAT:CL_NIS_CODE_EGR(1.3).32130">
          <Name xml:lang="en" xmlns="http://www.sdmx.org/resources/sdmxml/schemas/v2_1/common">LIBERIA OTHER ID NUMBER</Name>
        </Code>
        <Code id="25130" urn="urn:sdmx:org.sdmx.infomodel.codelist.Code=ESTAT:CL_NIS_CODE_EGR(1.3).25130">
          <Name xml:lang="en" xmlns="http://www.sdmx.org/resources/sdmxml/schemas/v2_1/common">LIBERIA STATISTICAL NUMBER</Name>
        </Code>
        <Code id="21130" urn="urn:sdmx:org.sdmx.infomodel.codelist.Code=ESTAT:CL_NIS_CODE_EGR(1.3).21130">
          <Name xml:lang="en" xmlns="http://www.sdmx.org/resources/sdmxml/schemas/v2_1/common">LIBERIA TRADE REGISTER NUMBER</Name>
        </Code>
        <Code id="22130" urn="urn:sdmx:org.sdmx.infomodel.codelist.Code=ESTAT:CL_NIS_CODE_EGR(1.3).22130">
          <Name xml:lang="en" xmlns="http://www.sdmx.org/resources/sdmxml/schemas/v2_1/common">LIBERIA VAT NUMBER</Name>
        </Code>
        <Code id="28130" urn="urn:sdmx:org.sdmx.infomodel.codelist.Code=ESTAT:CL_NIS_CODE_EGR(1.3).28130">
          <Name xml:lang="en" xmlns="http://www.sdmx.org/resources/sdmxml/schemas/v2_1/common">LIBERIA WVB COMPANY NUMBER</Name>
        </Code>
        <Code id="31135" urn="urn:sdmx:org.sdmx.infomodel.codelist.Code=ESTAT:CL_NIS_CODE_EGR(1.3).31135">
          <Name xml:lang="en" xmlns="http://www.sdmx.org/resources/sdmxml/schemas/v2_1/common">LIBYA CHAMBER OF COMMERCE NUMBER</Name>
        </Code>
        <Code id="23135" urn="urn:sdmx:org.sdmx.infomodel.codelist.Code=ESTAT:CL_NIS_CODE_EGR(1.3).23135">
          <Name xml:lang="en" xmlns="http://www.sdmx.org/resources/sdmxml/schemas/v2_1/common">LIBYA COMPANY ID NUMBER</Name>
        </Code>
        <Code id="29135" urn="urn:sdmx:org.sdmx.infomodel.codelist.Code=ESTAT:CL_NIS_CODE_EGR(1.3).29135">
          <Name xml:lang="en" xmlns="http://www.sdmx.org/resources/sdmxml/schemas/v2_1/common">LIBYA DnB COMPANY NUMBER</Name>
        </Code>
        <Code id="27135" urn="urn:sdmx:org.sdmx.infomodel.codelist.Code=ESTAT:CL_NIS_CODE_EGR(1.3).27135">
          <Name xml:lang="en" xmlns="http://www.sdmx.org/resources/sdmxml/schemas/v2_1/common">LIBYA IP IDENTIFICATION NUMBER</Name>
        </Code>
        <Code id="32135" urn="urn:sdmx:org.sdmx.infomodel.codelist.Code=ESTAT:CL_NIS_CODE_EGR(1.3).32135">
          <Name xml:lang="en" xmlns="http://www.sdmx.org/resources/sdmxml/schemas/v2_1/common">LIBYA OTHER ID NUMBER</Name>
        </Code>
        <Code id="25135" urn="urn:sdmx:org.sdmx.infomodel.codelist.Code=ESTAT:CL_NIS_CODE_EGR(1.3).25135">
          <Name xml:lang="en" xmlns="http://www.sdmx.org/resources/sdmxml/schemas/v2_1/common">LIBYA STATISTICAL NUMBER</Name>
        </Code>
        <Code id="21135" urn="urn:sdmx:org.sdmx.infomodel.codelist.Code=ESTAT:CL_NIS_CODE_EGR(1.3).21135">
          <Name xml:lang="en" xmlns="http://www.sdmx.org/resources/sdmxml/schemas/v2_1/common">LIBYA TRADE REGISTER NUMBER</Name>
        </Code>
        <Code id="22135" urn="urn:sdmx:org.sdmx.infomodel.codelist.Code=ESTAT:CL_NIS_CODE_EGR(1.3).22135">
          <Name xml:lang="en" xmlns="http://www.sdmx.org/resources/sdmxml/schemas/v2_1/common">LIBYA VAT NUMBER</Name>
        </Code>
        <Code id="28135" urn="urn:sdmx:org.sdmx.infomodel.codelist.Code=ESTAT:CL_NIS_CODE_EGR(1.3).28135">
          <Name xml:lang="en" xmlns="http://www.sdmx.org/resources/sdmxml/schemas/v2_1/common">LIBYA WVB COMPANY NUMBER</Name>
        </Code>
        <Code id="31128" urn="urn:sdmx:org.sdmx.infomodel.codelist.Code=ESTAT:CL_NIS_CODE_EGR(1.3).31128">
          <Name xml:lang="en" xmlns="http://www.sdmx.org/resources/sdmxml/schemas/v2_1/common">LIECHTENSTEIN CHAMBER OF COMMERCE NUMBER</Name>
        </Code>
        <Code id="23128" urn="urn:sdmx:org.sdmx.infomodel.codelist.Code=ESTAT:CL_NIS_CODE_EGR(1.3).23128">
          <Name xml:lang="en" xmlns="http://www.sdmx.org/resources/sdmxml/schemas/v2_1/common">LIECHTENSTEIN COMPANY ID NUMBER</Name>
        </Code>
        <Code id="29128" urn="urn:sdmx:org.sdmx.infomodel.codelist.Code=ESTAT:CL_NIS_CODE_EGR(1.3).29128">
          <Name xml:lang="en" xmlns="http://www.sdmx.org/resources/sdmxml/schemas/v2_1/common">LIECHTENSTEIN DnB COMPANY NUMBER</Name>
        </Code>
        <Code id="27128" urn="urn:sdmx:org.sdmx.infomodel.codelist.Code=ESTAT:CL_NIS_CODE_EGR(1.3).27128">
          <Name xml:lang="en" xmlns="http://www.sdmx.org/resources/sdmxml/schemas/v2_1/common">LIECHTENSTEIN IP IDENTIFICATION NUMBER</Name>
        </Code>
        <Code id="32128" urn="urn:sdmx:org.sdmx.infomodel.codelist.Code=ESTAT:CL_NIS_CODE_EGR(1.3).32128">
          <Name xml:lang="en" xmlns="http://www.sdmx.org/resources/sdmxml/schemas/v2_1/common">LIECHTENSTEIN OTHER ID NUMBER</Name>
        </Code>
        <Code id="25128" urn="urn:sdmx:org.sdmx.infomodel.codelist.Code=ESTAT:CL_NIS_CODE_EGR(1.3).25128">
          <Name xml:lang="en" xmlns="http://www.sdmx.org/resources/sdmxml/schemas/v2_1/common">LIECHTENSTEIN STATISTICAL NUMBER</Name>
        </Code>
        <Code id="21128" urn="urn:sdmx:org.sdmx.infomodel.codelist.Code=ESTAT:CL_NIS_CODE_EGR(1.3).21128">
          <Name xml:lang="en" xmlns="http://www.sdmx.org/resources/sdmxml/schemas/v2_1/common">LIECHTENSTEIN TRADE REGISTER NUMBER</Name>
        </Code>
        <Code id="22128" urn="urn:sdmx:org.sdmx.infomodel.codelist.Code=ESTAT:CL_NIS_CODE_EGR(1.3).22128">
          <Name xml:lang="en" xmlns="http://www.sdmx.org/resources/sdmxml/schemas/v2_1/common">LIECHTENSTEIN VAT NUMBER</Name>
        </Code>
        <Code id="28128" urn="urn:sdmx:org.sdmx.infomodel.codelist.Code=ESTAT:CL_NIS_CODE_EGR(1.3).28128">
          <Name xml:lang="en" xmlns="http://www.sdmx.org/resources/sdmxml/schemas/v2_1/common">LIECHTENSTEIN WVB COMPANY NUMBER</Name>
        </Code>
        <Code id="31132" urn="urn:sdmx:org.sdmx.infomodel.codelist.Code=ESTAT:CL_NIS_CODE_EGR(1.3).31132">
          <Name xml:lang="en" xmlns="http://www.sdmx.org/resources/sdmxml/schemas/v2_1/common">LITHUANIA CHAMBER OF COMMERCE NUMBER</Name>
        </Code>
        <Code id="23132" urn="urn:sdmx:org.sdmx.infomodel.codelist.Code=ESTAT:CL_NIS_CODE_EGR(1.3).23132">
          <Name xml:lang="en" xmlns="http://www.sdmx.org/resources/sdmxml/schemas/v2_1/common">LITHUANIA COMPANY ID NUMBER</Name>
        </Code>
        <Code id="29132" urn="urn:sdmx:org.sdmx.infomodel.codelist.Code=ESTAT:CL_NIS_CODE_EGR(1.3).29132">
          <Name xml:lang="en" xmlns="http://www.sdmx.org/resources/sdmxml/schemas/v2_1/common">LITHUANIA DnB COMPANY NUMBER</Name>
        </Code>
        <Code id="27132" urn="urn:sdmx:org.sdmx.infomodel.codelist.Code=ESTAT:CL_NIS_CODE_EGR(1.3).27132">
          <Name xml:lang="en" xmlns="http://www.sdmx.org/resources/sdmxml/schemas/v2_1/common">LITHUANIA IP IDENTIFICATION NUMBER</Name>
        </Code>
        <Code id="32132" urn="urn:sdmx:org.sdmx.infomodel.codelist.Code=ESTAT:CL_NIS_CODE_EGR(1.3).32132">
          <Name xml:lang="en" xmlns="http://www.sdmx.org/resources/sdmxml/schemas/v2_1/common">LITHUANIA OTHER ID NUMBER</Name>
        </Code>
        <Code id="25132" urn="urn:sdmx:org.sdmx.infomodel.codelist.Code=ESTAT:CL_NIS_CODE_EGR(1.3).25132">
          <Name xml:lang="en" xmlns="http://www.sdmx.org/resources/sdmxml/schemas/v2_1/common">LITHUANIA STATISTICAL NUMBER</Name>
        </Code>
        <Code id="21132" urn="urn:sdmx:org.sdmx.infomodel.codelist.Code=ESTAT:CL_NIS_CODE_EGR(1.3).21132">
          <Name xml:lang="en" xmlns="http://www.sdmx.org/resources/sdmxml/schemas/v2_1/common">LITHUANIA TRADE REGISTER NUMBER</Name>
        </Code>
        <Code id="22132" urn="urn:sdmx:org.sdmx.infomodel.codelist.Code=ESTAT:CL_NIS_CODE_EGR(1.3).22132">
          <Name xml:lang="en" xmlns="http://www.sdmx.org/resources/sdmxml/schemas/v2_1/common">LITHUANIA VAT NUMBER</Name>
        </Code>
        <Code id="28132" urn="urn:sdmx:org.sdmx.infomodel.codelist.Code=ESTAT:CL_NIS_CODE_EGR(1.3).28132">
          <Name xml:lang="en" xmlns="http://www.sdmx.org/resources/sdmxml/schemas/v2_1/common">LITHUANIA WVB COMPANY NUMBER</Name>
        </Code>
        <Code id="31133" urn="urn:sdmx:org.sdmx.infomodel.codelist.Code=ESTAT:CL_NIS_CODE_EGR(1.3).31133">
          <Name xml:lang="en" xmlns="http://www.sdmx.org/resources/sdmxml/schemas/v2_1/common">LUXEMBOURG CHAMBER OF COMMERCE NUMBER</Name>
        </Code>
        <Code id="23133" urn="urn:sdmx:org.sdmx.infomodel.codelist.Code=ESTAT:CL_NIS_CODE_EGR(1.3).23133">
          <Name xml:lang="en" xmlns="http://www.sdmx.org/resources/sdmxml/schemas/v2_1/common">LUXEMBOURG COMPANY ID NUMBER</Name>
        </Code>
        <Code id="29133" urn="urn:sdmx:org.sdmx.infomodel.codelist.Code=ESTAT:CL_NIS_CODE_EGR(1.3).29133">
          <Name xml:lang="en" xmlns="http://www.sdmx.org/resources/sdmxml/schemas/v2_1/common">LUXEMBOURG DnB COMPANY NUMBER</Name>
        </Code>
        <Code id="27133" urn="urn:sdmx:org.sdmx.infomodel.codelist.Code=ESTAT:CL_NIS_CODE_EGR(1.3).27133">
          <Name xml:lang="en" xmlns="http://www.sdmx.org/resources/sdmxml/schemas/v2_1/common">LUXEMBOURG IP IDENTIFICATION NUMBER</Name>
        </Code>
        <Code id="32133" urn="urn:sdmx:org.sdmx.infomodel.codelist.Code=ESTAT:CL_NIS_CODE_EGR(1.3).32133">
          <Name xml:lang="en" xmlns="http://www.sdmx.org/resources/sdmxml/schemas/v2_1/common">LUXEMBOURG OTHER ID NUMBER</Name>
        </Code>
        <Code id="25133" urn="urn:sdmx:org.sdmx.infomodel.codelist.Code=ESTAT:CL_NIS_CODE_EGR(1.3).25133">
          <Name xml:lang="en" xmlns="http://www.sdmx.org/resources/sdmxml/schemas/v2_1/common">LUXEMBOURG STATISTICAL NUMBER</Name>
        </Code>
        <Code id="21133" urn="urn:sdmx:org.sdmx.infomodel.codelist.Code=ESTAT:CL_NIS_CODE_EGR(1.3).21133">
          <Name xml:lang="en" xmlns="http://www.sdmx.org/resources/sdmxml/schemas/v2_1/common">LUXEMBOURG TRADE REGISTER NUMBER</Name>
        </Code>
        <Code id="22133" urn="urn:sdmx:org.sdmx.infomodel.codelist.Code=ESTAT:CL_NIS_CODE_EGR(1.3).22133">
          <Name xml:lang="en" xmlns="http://www.sdmx.org/resources/sdmxml/schemas/v2_1/common">LUXEMBOURG VAT NUMBER</Name>
        </Code>
        <Code id="28133" urn="urn:sdmx:org.sdmx.infomodel.codelist.Code=ESTAT:CL_NIS_CODE_EGR(1.3).28133">
          <Name xml:lang="en" xmlns="http://www.sdmx.org/resources/sdmxml/schemas/v2_1/common">LUXEMBOURG WVB COMPANY NUMBER</Name>
        </Code>
        <Code id="31147" urn="urn:sdmx:org.sdmx.infomodel.codelist.Code=ESTAT:CL_NIS_CODE_EGR(1.3).31147">
          <Name xml:lang="en" xmlns="http://www.sdmx.org/resources/sdmxml/schemas/v2_1/common">MACAO CHAMBER OF COMMERCE NUMBER</Name>
        </Code>
        <Code id="23147" urn="urn:sdmx:org.sdmx.infomodel.codelist.Code=ESTAT:CL_NIS_CODE_EGR(1.3).23147">
          <Name xml:lang="en" xmlns="http://www.sdmx.org/resources/sdmxml/schemas/v2_1/common">MACAO COMPANY ID NUMBER</Name>
        </Code>
        <Code id="29147" urn="urn:sdmx:org.sdmx.infomodel.codelist.Code=ESTAT:CL_NIS_CODE_EGR(1.3).29147">
          <Name xml:lang="en" xmlns="http://www.sdmx.org/resources/sdmxml/schemas/v2_1/common">MACAO DnB COMPANY NUMBER</Name>
        </Code>
        <Code id="27147" urn="urn:sdmx:org.sdmx.infomodel.codelist.Code=ESTAT:CL_NIS_CODE_EGR(1.3).27147">
          <Name xml:lang="en" xmlns="http://www.sdmx.org/resources/sdmxml/schemas/v2_1/common">MACAO IP IDENTIFICATION NUMBER</Name>
        </Code>
        <Code id="32147" urn="urn:sdmx:org.sdmx.infomodel.codelist.Code=ESTAT:CL_NIS_CODE_EGR(1.3).32147">
          <Name xml:lang="en" xmlns="http://www.sdmx.org/resources/sdmxml/schemas/v2_1/common">MACAO OTHER ID NUMBER</Name>
        </Code>
        <Code id="25147" urn="urn:sdmx:org.sdmx.infomodel.codelist.Code=ESTAT:CL_NIS_CODE_EGR(1.3).25147">
          <Name xml:lang="en" xmlns="http://www.sdmx.org/resources/sdmxml/schemas/v2_1/common">MACAO STATISTICAL NUMBER</Name>
        </Code>
        <Code id="21147" urn="urn:sdmx:org.sdmx.infomodel.codelist.Code=ESTAT:CL_NIS_CODE_EGR(1.3).21147">
          <Name xml:lang="en" xmlns="http://www.sdmx.org/resources/sdmxml/schemas/v2_1/common">MACAO TRADE REGISTER NUMBER</Name>
        </Code>
        <Code id="22147" urn="urn:sdmx:org.sdmx.infomodel.codelist.Code=ESTAT:CL_NIS_CODE_EGR(1.3).22147">
          <Name xml:lang="en" xmlns="http://www.sdmx.org/resources/sdmxml/schemas/v2_1/common">MACAO VAT NUMBER</Name>
        </Code>
        <Code id="28147" urn="urn:sdmx:org.sdmx.infomodel.codelist.Code=ESTAT:CL_NIS_CODE_EGR(1.3).28147">
          <Name xml:lang="en" xmlns="http://www.sdmx.org/resources/sdmxml/schemas/v2_1/common">MACAO WVB COMPANY NUMBER</Name>
        </Code>
        <Code id="31143" urn="urn:sdmx:org.sdmx.infomodel.codelist.Code=ESTAT:CL_NIS_CODE_EGR(1.3).31143">
          <Name xml:lang="en" xmlns="http://www.sdmx.org/resources/sdmxml/schemas/v2_1/common">MACEDONIA CHAMBER OF COMMERCE NUMBER</Name>
        </Code>
        <Code id="23143" urn="urn:sdmx:org.sdmx.infomodel.codelist.Code=ESTAT:CL_NIS_CODE_EGR(1.3).23143">
          <Name xml:lang="en" xmlns="http://www.sdmx.org/resources/sdmxml/schemas/v2_1/common">MACEDONIA COMPANY ID NUMBER</Name>
        </Code>
        <Code id="29143" urn="urn:sdmx:org.sdmx.infomodel.codelist.Code=ESTAT:CL_NIS_CODE_EGR(1.3).29143">
          <Name xml:lang="en" xmlns="http://www.sdmx.org/resources/sdmxml/schemas/v2_1/common">MACEDONIA DnB COMPANY NUMBER</Name>
        </Code>
        <Code id="27143" urn="urn:sdmx:org.sdmx.infomodel.codelist.Code=ESTAT:CL_NIS_CODE_EGR(1.3).27143">
          <Name xml:lang="en" xmlns="http://www.sdmx.org/resources/sdmxml/schemas/v2_1/common">MACEDONIA IP IDENTIFICATION NUMBER</Name>
        </Code>
        <Code id="32143" urn="urn:sdmx:org.sdmx.infomodel.codelist.Code=ESTAT:CL_NIS_CODE_EGR(1.3).32143">
          <Name xml:lang="en" xmlns="http://www.sdmx.org/resources/sdmxml/schemas/v2_1/common">MACEDONIA OTHER ID NUMBER</Name>
        </Code>
        <Code id="25143" urn="urn:sdmx:org.sdmx.infomodel.codelist.Code=ESTAT:CL_NIS_CODE_EGR(1.3).25143">
          <Name xml:lang="en" xmlns="http://www.sdmx.org/resources/sdmxml/schemas/v2_1/common">MACEDONIA STATISTICAL NUMBER</Name>
        </Code>
        <Code id="21143" urn="urn:sdmx:org.sdmx.infomodel.codelist.Code=ESTAT:CL_NIS_CODE_EGR(1.3).21143">
          <Name xml:lang="en" xmlns="http://www.sdmx.org/resources/sdmxml/schemas/v2_1/common">MACEDONIA TRADE REGISTER NUMBER</Name>
        </Code>
        <Code id="22143" urn="urn:sdmx:org.sdmx.infomodel.codelist.Code=ESTAT:CL_NIS_CODE_EGR(1.3).22143">
          <Name xml:lang="en" xmlns="http://www.sdmx.org/resources/sdmxml/schemas/v2_1/common">MACEDONIA VAT NUMBER</Name>
        </Code>
        <Code id="28143" urn="urn:sdmx:org.sdmx.infomodel.codelist.Code=ESTAT:CL_NIS_CODE_EGR(1.3).28143">
          <Name xml:lang="en" xmlns="http://www.sdmx.org/resources/sdmxml/schemas/v2_1/common">MACEDONIA WVB COMPANY NUMBER</Name>
        </Code>
        <Code id="31141" urn="urn:sdmx:org.sdmx.infomodel.codelist.Code=ESTAT:CL_NIS_CODE_EGR(1.3).31141">
          <Name xml:lang="en" xmlns="http://www.sdmx.org/resources/sdmxml/schemas/v2_1/common">MADAGASCAR CHAMBER OF COMMERCE NUMBER</Name>
        </Code>
        <Code id="23141" urn="urn:sdmx:org.sdmx.infomodel.codelist.Code=ESTAT:CL_NIS_CODE_EGR(1.3).23141">
          <Name xml:lang="en" xmlns="http://www.sdmx.org/resources/sdmxml/schemas/v2_1/common">MADAGASCAR COMPANY ID NUMBER</Name>
        </Code>
        <Code id="29141" urn="urn:sdmx:org.sdmx.infomodel.codelist.Code=ESTAT:CL_NIS_CODE_EGR(1.3).29141">
          <Name xml:lang="en" xmlns="http://www.sdmx.org/resources/sdmxml/schemas/v2_1/common">MADAGASCAR DnB COMPANY NUMBER</Name>
        </Code>
        <Code id="27141" urn="urn:sdmx:org.sdmx.infomodel.codelist.Code=ESTAT:CL_NIS_CODE_EGR(1.3).27141">
          <Name xml:lang="en" xmlns="http://www.sdmx.org/resources/sdmxml/schemas/v2_1/common">MADAGASCAR IP IDENTIFICATION NUMBER</Name>
        </Code>
        <Code id="32141" urn="urn:sdmx:org.sdmx.infomodel.codelist.Code=ESTAT:CL_NIS_CODE_EGR(1.3).32141">
          <Name xml:lang="en" xmlns="http://www.sdmx.org/resources/sdmxml/schemas/v2_1/common">MADAGASCAR OTHER ID NUMBER</Name>
        </Code>
        <Code id="25141" urn="urn:sdmx:org.sdmx.infomodel.codelist.Code=ESTAT:CL_NIS_CODE_EGR(1.3).25141">
          <Name xml:lang="en" xmlns="http://www.sdmx.org/resources/sdmxml/schemas/v2_1/common">MADAGASCAR STATISTICAL NUMBER</Name>
        </Code>
        <Code id="21141" urn="urn:sdmx:org.sdmx.infomodel.codelist.Code=ESTAT:CL_NIS_CODE_EGR(1.3).21141">
          <Name xml:lang="en" xmlns="http://www.sdmx.org/resources/sdmxml/schemas/v2_1/common">MADAGASCAR TRADE REGISTER NUMBER</Name>
        </Code>
        <Code id="22141" urn="urn:sdmx:org.sdmx.infomodel.codelist.Code=ESTAT:CL_NIS_CODE_EGR(1.3).22141">
          <Name xml:lang="en" xmlns="http://www.sdmx.org/resources/sdmxml/schemas/v2_1/common">MADAGASCAR VAT NUMBER</Name>
        </Code>
        <Code id="28141" urn="urn:sdmx:org.sdmx.infomodel.codelist.Code=ESTAT:CL_NIS_CODE_EGR(1.3).28141">
          <Name xml:lang="en" xmlns="http://www.sdmx.org/resources/sdmxml/schemas/v2_1/common">MADAGASCAR WVB COMPANY NUMBER</Name>
        </Code>
        <Code id="31155" urn="urn:sdmx:org.sdmx.infomodel.codelist.Code=ESTAT:CL_NIS_CODE_EGR(1.3).31155">
          <Name xml:lang="en" xmlns="http://www.sdmx.org/resources/sdmxml/schemas/v2_1/common">MALAWI CHAMBER OF COMMERCE NUMBER</Name>
        </Code>
        <Code id="23155" urn="urn:sdmx:org.sdmx.infomodel.codelist.Code=ESTAT:CL_NIS_CODE_EGR(1.3).23155">
          <Name xml:lang="en" xmlns="http://www.sdmx.org/resources/sdmxml/schemas/v2_1/common">MALAWI COMPANY ID NUMBER</Name>
        </Code>
        <Code id="29155" urn="urn:sdmx:org.sdmx.infomodel.codelist.Code=ESTAT:CL_NIS_CODE_EGR(1.3).29155">
          <Name xml:lang="en" xmlns="http://www.sdmx.org/resources/sdmxml/schemas/v2_1/common">MALAWI DnB COMPANY NUMBER</Name>
        </Code>
        <Code id="27155" urn="urn:sdmx:org.sdmx.infomodel.codelist.Code=ESTAT:CL_NIS_CODE_EGR(1.3).27155">
          <Name xml:lang="en" xmlns="http://www.sdmx.org/resources/sdmxml/schemas/v2_1/common">MALAWI IP IDENTIFICATION NUMBER</Name>
        </Code>
        <Code id="32155" urn="urn:sdmx:org.sdmx.infomodel.codelist.Code=ESTAT:CL_NIS_CODE_EGR(1.3).32155">
          <Name xml:lang="en" xmlns="http://www.sdmx.org/resources/sdmxml/schemas/v2_1/common">MALAWI OTHER ID NUMBER</Name>
        </Code>
        <Code id="25155" urn="urn:sdmx:org.sdmx.infomodel.codelist.Code=ESTAT:CL_NIS_CODE_EGR(1.3).25155">
          <Name xml:lang="en" xmlns="http://www.sdmx.org/resources/sdmxml/schemas/v2_1/common">MALAWI STATISTICAL NUMBER</Name>
        </Code>
        <Code id="21155" urn="urn:sdmx:org.sdmx.infomodel.codelist.Code=ESTAT:CL_NIS_CODE_EGR(1.3).21155">
          <Name xml:lang="en" xmlns="http://www.sdmx.org/resources/sdmxml/schemas/v2_1/common">MALAWI TRADE REGISTER NUMBER</Name>
        </Code>
        <Code id="22155" urn="urn:sdmx:org.sdmx.infomodel.codelist.Code=ESTAT:CL_NIS_CODE_EGR(1.3).22155">
          <Name xml:lang="en" xmlns="http://www.sdmx.org/resources/sdmxml/schemas/v2_1/common">MALAWI VAT NUMBER</Name>
        </Code>
        <Code id="28155" urn="urn:sdmx:org.sdmx.infomodel.codelist.Code=ESTAT:CL_NIS_CODE_EGR(1.3).28155">
          <Name xml:lang="en" xmlns="http://www.sdmx.org/resources/sdmxml/schemas/v2_1/common">MALAWI WVB COMPANY NUMBER</Name>
        </Code>
        <Code id="31157" urn="urn:sdmx:org.sdmx.infomodel.codelist.Code=ESTAT:CL_NIS_CODE_EGR(1.3).31157">
          <Name xml:lang="en" xmlns="http://www.sdmx.org/resources/sdmxml/schemas/v2_1/common">MALAYSIA CHAMBER OF COMMERCE NUMBER</Name>
        </Code>
        <Code id="23157" urn="urn:sdmx:org.sdmx.infomodel.codelist.Code=ESTAT:CL_NIS_CODE_EGR(1.3).23157">
          <Name xml:lang="en" xmlns="http://www.sdmx.org/resources/sdmxml/schemas/v2_1/common">MALAYSIA COMPANY ID NUMBER</Name>
        </Code>
        <Code id="29157" urn="urn:sdmx:org.sdmx.infomodel.codelist.Code=ESTAT:CL_NIS_CODE_EGR(1.3).29157">
          <Name xml:lang="en" xmlns="http://www.sdmx.org/resources/sdmxml/schemas/v2_1/common">MALAYSIA DnB COMPANY NUMBER</Name>
        </Code>
        <Code id="27157" urn="urn:sdmx:org.sdmx.infomodel.codelist.Code=ESTAT:CL_NIS_CODE_EGR(1.3).27157">
          <Name xml:lang="en" xmlns="http://www.sdmx.org/resources/sdmxml/schemas/v2_1/common">MALAYSIA IP IDENTIFICATION NUMBER</Name>
        </Code>
        <Code id="32157" urn="urn:sdmx:org.sdmx.infomodel.codelist.Code=ESTAT:CL_NIS_CODE_EGR(1.3).32157">
          <Name xml:lang="en" xmlns="http://www.sdmx.org/resources/sdmxml/schemas/v2_1/common">MALAYSIA OTHER ID NUMBER</Name>
        </Code>
        <Code id="25157" urn="urn:sdmx:org.sdmx.infomodel.codelist.Code=ESTAT:CL_NIS_CODE_EGR(1.3).25157">
          <Name xml:lang="en" xmlns="http://www.sdmx.org/resources/sdmxml/schemas/v2_1/common">MALAYSIA STATISTICAL NUMBER</Name>
        </Code>
        <Code id="21157" urn="urn:sdmx:org.sdmx.infomodel.codelist.Code=ESTAT:CL_NIS_CODE_EGR(1.3).21157">
          <Name xml:lang="en" xmlns="http://www.sdmx.org/resources/sdmxml/schemas/v2_1/common">MALAYSIA TRADE REGISTER NUMBER</Name>
        </Code>
        <Code id="22157" urn="urn:sdmx:org.sdmx.infomodel.codelist.Code=ESTAT:CL_NIS_CODE_EGR(1.3).22157">
          <Name xml:lang="en" xmlns="http://www.sdmx.org/resources/sdmxml/schemas/v2_1/common">MALAYSIA VAT NUMBER</Name>
        </Code>
        <Code id="28157" urn="urn:sdmx:org.sdmx.infomodel.codelist.Code=ESTAT:CL_NIS_CODE_EGR(1.3).28157">
          <Name xml:lang="en" xmlns="http://www.sdmx.org/resources/sdmxml/schemas/v2_1/common">MALAYSIA WVB COMPANY NUMBER</Name>
        </Code>
        <Code id="31154" urn="urn:sdmx:org.sdmx.infomodel.codelist.Code=ESTAT:CL_NIS_CODE_EGR(1.3).31154">
          <Name xml:lang="en" xmlns="http://www.sdmx.org/resources/sdmxml/schemas/v2_1/common">MALDIVES CHAMBER OF COMMERCE NUMBER</Name>
        </Code>
        <Code id="23154" urn="urn:sdmx:org.sdmx.infomodel.codelist.Code=ESTAT:CL_NIS_CODE_EGR(1.3).23154">
          <Name xml:lang="en" xmlns="http://www.sdmx.org/resources/sdmxml/schemas/v2_1/common">MALDIVES COMPANY ID NUMBER</Name>
        </Code>
        <Code id="29154" urn="urn:sdmx:org.sdmx.infomodel.codelist.Code=ESTAT:CL_NIS_CODE_EGR(1.3).29154">
          <Name xml:lang="en" xmlns="http://www.sdmx.org/resources/sdmxml/schemas/v2_1/common">MALDIVES DnB COMPANY NUMBER</Name>
        </Code>
        <Code id="27154" urn="urn:sdmx:org.sdmx.infomodel.codelist.Code=ESTAT:CL_NIS_CODE_EGR(1.3).27154">
          <Name xml:lang="en" xmlns="http://www.sdmx.org/resources/sdmxml/schemas/v2_1/common">MALDIVES IP IDENTIFICATION NUMBER</Name>
        </Code>
        <Code id="32154" urn="urn:sdmx:org.sdmx.infomodel.codelist.Code=ESTAT:CL_NIS_CODE_EGR(1.3).32154">
          <Name xml:lang="en" xmlns="http://www.sdmx.org/resources/sdmxml/schemas/v2_1/common">MALDIVES OTHER ID NUMBER</Name>
        </Code>
        <Code id="25154" urn="urn:sdmx:org.sdmx.infomodel.codelist.Code=ESTAT:CL_NIS_CODE_EGR(1.3).25154">
          <Name xml:lang="en" xmlns="http://www.sdmx.org/resources/sdmxml/schemas/v2_1/common">MALDIVES STATISTICAL NUMBER</Name>
        </Code>
        <Code id="21154" urn="urn:sdmx:org.sdmx.infomodel.codelist.Code=ESTAT:CL_NIS_CODE_EGR(1.3).21154">
          <Name xml:lang="en" xmlns="http://www.sdmx.org/resources/sdmxml/schemas/v2_1/common">MALDIVES TRADE REGISTER NUMBER</Name>
        </Code>
        <Code id="22154" urn="urn:sdmx:org.sdmx.infomodel.codelist.Code=ESTAT:CL_NIS_CODE_EGR(1.3).22154">
          <Name xml:lang="en" xmlns="http://www.sdmx.org/resources/sdmxml/schemas/v2_1/common">MALDIVES VAT NUMBER</Name>
        </Code>
        <Code id="28154" urn="urn:sdmx:org.sdmx.infomodel.codelist.Code=ESTAT:CL_NIS_CODE_EGR(1.3).28154">
          <Name xml:lang="en" xmlns="http://www.sdmx.org/resources/sdmxml/schemas/v2_1/common">MALDIVES WVB COMPANY NUMBER</Name>
        </Code>
        <Code id="31144" urn="urn:sdmx:org.sdmx.infomodel.codelist.Code=ESTAT:CL_NIS_CODE_EGR(1.3).31144">
          <Name xml:lang="en" xmlns="http://www.sdmx.org/resources/sdmxml/schemas/v2_1/common">MALI CHAMBER OF COMMERCE NUMBER</Name>
        </Code>
        <Code id="23144" urn="urn:sdmx:org.sdmx.infomodel.codelist.Code=ESTAT:CL_NIS_CODE_EGR(1.3).23144">
          <Name xml:lang="en" xmlns="http://www.sdmx.org/resources/sdmxml/schemas/v2_1/common">MALI COMPANY ID NUMBER</Name>
        </Code>
        <Code id="29144" urn="urn:sdmx:org.sdmx.infomodel.codelist.Code=ESTAT:CL_NIS_CODE_EGR(1.3).29144">
          <Name xml:lang="en" xmlns="http://www.sdmx.org/resources/sdmxml/schemas/v2_1/common">MALI DnB COMPANY NUMBER</Name>
        </Code>
        <Code id="27144" urn="urn:sdmx:org.sdmx.infomodel.codelist.Code=ESTAT:CL_NIS_CODE_EGR(1.3).27144">
          <Name xml:lang="en" xmlns="http://www.sdmx.org/resources/sdmxml/schemas/v2_1/common">MALI IP IDENTIFICATION NUMBER</Name>
        </Code>
        <Code id="32144" urn="urn:sdmx:org.sdmx.infomodel.codelist.Code=ESTAT:CL_NIS_CODE_EGR(1.3).32144">
          <Name xml:lang="en" xmlns="http://www.sdmx.org/resources/sdmxml/schemas/v2_1/common">MALI OTHER ID NUMBER</Name>
        </Code>
        <Code id="25144" urn="urn:sdmx:org.sdmx.infomodel.codelist.Code=ESTAT:CL_NIS_CODE_EGR(1.3).25144">
          <Name xml:lang="en" xmlns="http://www.sdmx.org/resources/sdmxml/schemas/v2_1/common">MALI STATISTICAL NUMBER</Name>
        </Code>
        <Code id="21144" urn="urn:sdmx:org.sdmx.infomodel.codelist.Code=ESTAT:CL_NIS_CODE_EGR(1.3).21144">
          <Name xml:lang="en" xmlns="http://www.sdmx.org/resources/sdmxml/schemas/v2_1/common">MALI TRADE REGISTER NUMBER</Name>
        </Code>
        <Code id="22144" urn="urn:sdmx:org.sdmx.infomodel.codelist.Code=ESTAT:CL_NIS_CODE_EGR(1.3).22144">
          <Name xml:lang="en" xmlns="http://www.sdmx.org/resources/sdmxml/schemas/v2_1/common">MALI VAT NUMBER</Name>
        </Code>
        <Code id="28144" urn="urn:sdmx:org.sdmx.infomodel.codelist.Code=ESTAT:CL_NIS_CODE_EGR(1.3).28144">
          <Name xml:lang="en" xmlns="http://www.sdmx.org/resources/sdmxml/schemas/v2_1/common">MALI WVB COMPANY NUMBER</Name>
        </Code>
        <Code id="31152" urn="urn:sdmx:org.sdmx.infomodel.codelist.Code=ESTAT:CL_NIS_CODE_EGR(1.3).31152">
          <Name xml:lang="en" xmlns="http://www.sdmx.org/resources/sdmxml/schemas/v2_1/common">MALTA CHAMBER OF COMMERCE NUMBER</Name>
        </Code>
        <Code id="23152" urn="urn:sdmx:org.sdmx.infomodel.codelist.Code=ESTAT:CL_NIS_CODE_EGR(1.3).23152">
          <Name xml:lang="en" xmlns="http://www.sdmx.org/resources/sdmxml/schemas/v2_1/common">MALTA COMPANY ID NUMBER</Name>
        </Code>
        <Code id="29152" urn="urn:sdmx:org.sdmx.infomodel.codelist.Code=ESTAT:CL_NIS_CODE_EGR(1.3).29152">
          <Name xml:lang="en" xmlns="http://www.sdmx.org/resources/sdmxml/schemas/v2_1/common">MALTA DnB COMPANY NUMBER</Name>
        </Code>
        <Code id="27152" urn="urn:sdmx:org.sdmx.infomodel.codelist.Code=ESTAT:CL_NIS_CODE_EGR(1.3).27152">
          <Name xml:lang="en" xmlns="http://www.sdmx.org/resources/sdmxml/schemas/v2_1/common">MALTA IP IDENTIFICATION NUMBER</Name>
        </Code>
        <Code id="32152" urn="urn:sdmx:org.sdmx.infomodel.codelist.Code=ESTAT:CL_NIS_CODE_EGR(1.3).32152">
          <Name xml:lang="en" xmlns="http://www.sdmx.org/resources/sdmxml/schemas/v2_1/common">MALTA OTHER ID NUMBER</Name>
        </Code>
        <Code id="25152" urn="urn:sdmx:org.sdmx.infomodel.codelist.Code=ESTAT:CL_NIS_CODE_EGR(1.3).25152">
          <Name xml:lang="en" xmlns="http://www.sdmx.org/resources/sdmxml/schemas/v2_1/common">MALTA STATISTICAL NUMBER</Name>
        </Code>
        <Code id="21152" urn="urn:sdmx:org.sdmx.infomodel.codelist.Code=ESTAT:CL_NIS_CODE_EGR(1.3).21152">
          <Name xml:lang="en" xmlns="http://www.sdmx.org/resources/sdmxml/schemas/v2_1/common">MALTA TRADE REGISTER NUMBER</Name>
        </Code>
        <Code id="22152" urn="urn:sdmx:org.sdmx.infomodel.codelist.Code=ESTAT:CL_NIS_CODE_EGR(1.3).22152">
          <Name xml:lang="en" xmlns="http://www.sdmx.org/resources/sdmxml/schemas/v2_1/common">MALTA VAT NUMBER</Name>
        </Code>
        <Code id="28152" urn="urn:sdmx:org.sdmx.infomodel.codelist.Code=ESTAT:CL_NIS_CODE_EGR(1.3).28152">
          <Name xml:lang="en" xmlns="http://www.sdmx.org/resources/sdmxml/schemas/v2_1/common">MALTA WVB COMPANY NUMBER</Name>
        </Code>
        <Code id="31142" urn="urn:sdmx:org.sdmx.infomodel.codelist.Code=ESTAT:CL_NIS_CODE_EGR(1.3).31142">
          <Name xml:lang="en" xmlns="http://www.sdmx.org/resources/sdmxml/schemas/v2_1/common">MARSHALL ISLANDS CHAMBER OF COMMERCE NUMBER</Name>
        </Code>
        <Code id="23142" urn="urn:sdmx:org.sdmx.infomodel.codelist.Code=ESTAT:CL_NIS_CODE_EGR(1.3).23142">
          <Name xml:lang="en" xmlns="http://www.sdmx.org/resources/sdmxml/schemas/v2_1/common">MARSHALL ISLANDS COMPANY ID NUMBER</Name>
        </Code>
        <Code id="29142" urn="urn:sdmx:org.sdmx.infomodel.codelist.Code=ESTAT:CL_NIS_CODE_EGR(1.3).29142">
          <Name xml:lang="en" xmlns="http://www.sdmx.org/resources/sdmxml/schemas/v2_1/common">MARSHALL ISLANDS DnB COMPANY NUMBER</Name>
        </Code>
        <Code id="27142" urn="urn:sdmx:org.sdmx.infomodel.codelist.Code=ESTAT:CL_NIS_CODE_EGR(1.3).27142">
          <Name xml:lang="en" xmlns="http://www.sdmx.org/resources/sdmxml/schemas/v2_1/common">MARSHALL ISLANDS IP IDENTIFICATION NUMBER</Name>
        </Code>
        <Code id="32142" urn="urn:sdmx:org.sdmx.infomodel.codelist.Code=ESTAT:CL_NIS_CODE_EGR(1.3).32142">
          <Name xml:lang="en" xmlns="http://www.sdmx.org/resources/sdmxml/schemas/v2_1/common">MARSHALL ISLANDS OTHER ID NUMBER</Name>
        </Code>
        <Code id="25142" urn="urn:sdmx:org.sdmx.infomodel.codelist.Code=ESTAT:CL_NIS_CODE_EGR(1.3).25142">
          <Name xml:lang="en" xmlns="http://www.sdmx.org/resources/sdmxml/schemas/v2_1/common">MARSHALL ISLANDS STATISTICAL NUMBER</Name>
        </Code>
        <Code id="21142" urn="urn:sdmx:org.sdmx.infomodel.codelist.Code=ESTAT:CL_NIS_CODE_EGR(1.3).21142">
          <Name xml:lang="en" xmlns="http://www.sdmx.org/resources/sdmxml/schemas/v2_1/common">MARSHALL ISLANDS TRADE REGISTER NUMBER</Name>
        </Code>
        <Code id="22142" urn="urn:sdmx:org.sdmx.infomodel.codelist.Code=ESTAT:CL_NIS_CODE_EGR(1.3).22142">
          <Name xml:lang="en" xmlns="http://www.sdmx.org/resources/sdmxml/schemas/v2_1/common">MARSHALL ISLANDS VAT NUMBER</Name>
        </Code>
        <Code id="28142" urn="urn:sdmx:org.sdmx.infomodel.codelist.Code=ESTAT:CL_NIS_CODE_EGR(1.3).28142">
          <Name xml:lang="en" xmlns="http://www.sdmx.org/resources/sdmxml/schemas/v2_1/common">MARSHALL ISLANDS WVB COMPANY NUMBER</Name>
        </Code>
        <Code id="31149" urn="urn:sdmx:org.sdmx.infomodel.codelist.Code=ESTAT:CL_NIS_CODE_EGR(1.3).31149">
          <Name xml:lang="en" xmlns="http://www.sdmx.org/resources/sdmxml/schemas/v2_1/common">MARTINIQUE CHAMBER OF COMMERCE NUMBER</Name>
        </Code>
        <Code id="23149" urn="urn:sdmx:org.sdmx.infomodel.codelist.Code=ESTAT:CL_NIS_CODE_EGR(1.3).23149">
          <Name xml:lang="en" xmlns="http://www.sdmx.org/resources/sdmxml/schemas/v2_1/common">MARTINIQUE COMPANY ID NUMBER</Name>
        </Code>
        <Code id="29149" urn="urn:sdmx:org.sdmx.infomodel.codelist.Code=ESTAT:CL_NIS_CODE_EGR(1.3).29149">
          <Name xml:lang="en" xmlns="http://www.sdmx.org/resources/sdmxml/schemas/v2_1/common">MARTINIQUE DnB COMPANY NUMBER</Name>
        </Code>
        <Code id="27149" urn="urn:sdmx:org.sdmx.infomodel.codelist.Code=ESTAT:CL_NIS_CODE_EGR(1.3).27149">
          <Name xml:lang="en" xmlns="http://www.sdmx.org/resources/sdmxml/schemas/v2_1/common">MARTINIQUE IP IDENTIFICATION NUMBER</Name>
        </Code>
        <Code id="32149" urn="urn:sdmx:org.sdmx.infomodel.codelist.Code=ESTAT:CL_NIS_CODE_EGR(1.3).32149">
          <Name xml:lang="en" xmlns="http://www.sdmx.org/resources/sdmxml/schemas/v2_1/common">MARTINIQUE OTHER ID NUMBER</Name>
        </Code>
        <Code id="25149" urn="urn:sdmx:org.sdmx.infomodel.codelist.Code=ESTAT:CL_NIS_CODE_EGR(1.3).25149">
          <Name xml:lang="en" xmlns="http://www.sdmx.org/resources/sdmxml/schemas/v2_1/common">MARTINIQUE STATISTICAL NUMBER</Name>
        </Code>
        <Code id="21149" urn="urn:sdmx:org.sdmx.infomodel.codelist.Code=ESTAT:CL_NIS_CODE_EGR(1.3).21149">
          <Name xml:lang="en" xmlns="http://www.sdmx.org/resources/sdmxml/schemas/v2_1/common">MARTINIQUE TRADE REGISTER NUMBER</Name>
        </Code>
        <Code id="22149" urn="urn:sdmx:org.sdmx.infomodel.codelist.Code=ESTAT:CL_NIS_CODE_EGR(1.3).22149">
          <Name xml:lang="en" xmlns="http://www.sdmx.org/resources/sdmxml/schemas/v2_1/common">MARTINIQUE VAT NUMBER</Name>
        </Code>
        <Code id="28149" urn="urn:sdmx:org.sdmx.infomodel.codelist.Code=ESTAT:CL_NIS_CODE_EGR(1.3).28149">
          <Name xml:lang="en" xmlns="http://www.sdmx.org/resources/sdmxml/schemas/v2_1/common">MARTINIQUE WVB COMPANY NUMBER</Name>
        </Code>
        <Code id="31150" urn="urn:sdmx:org.sdmx.infomodel.codelist.Code=ESTAT:CL_NIS_CODE_EGR(1.3).31150">
          <Name xml:lang="en" xmlns="http://www.sdmx.org/resources/sdmxml/schemas/v2_1/common">MAURITANIA CHAMBER OF COMMERCE NUMBER</Name>
        </Code>
        <Code id="23150" urn="urn:sdmx:org.sdmx.infomodel.codelist.Code=ESTAT:CL_NIS_CODE_EGR(1.3).23150">
          <Name xml:lang="en" xmlns="http://www.sdmx.org/resources/sdmxml/schemas/v2_1/common">MAURITANIA COMPANY ID NUMBER</Name>
        </Code>
        <Code id="29150" urn="urn:sdmx:org.sdmx.infomodel.codelist.Code=ESTAT:CL_NIS_CODE_EGR(1.3).29150">
          <Name xml:lang="en" xmlns="http://www.sdmx.org/resources/sdmxml/schemas/v2_1/common">MAURITANIA DnB COMPANY NUMBER</Name>
        </Code>
        <Code id="27150" urn="urn:sdmx:org.sdmx.infomodel.codelist.Code=ESTAT:CL_NIS_CODE_EGR(1.3).27150">
          <Name xml:lang="en" xmlns="http://www.sdmx.org/resources/sdmxml/schemas/v2_1/common">MAURITANIA IP IDENTIFICATION NUMBER</Name>
        </Code>
        <Code id="32150" urn="urn:sdmx:org.sdmx.infomodel.codelist.Code=ESTAT:CL_NIS_CODE_EGR(1.3).32150">
          <Name xml:lang="en" xmlns="http://www.sdmx.org/resources/sdmxml/schemas/v2_1/common">MAURITANIA OTHER ID NUMBER</Name>
        </Code>
        <Code id="25150" urn="urn:sdmx:org.sdmx.infomodel.codelist.Code=ESTAT:CL_NIS_CODE_EGR(1.3).25150">
          <Name xml:lang="en" xmlns="http://www.sdmx.org/resources/sdmxml/schemas/v2_1/common">MAURITANIA STATISTICAL NUMBER</Name>
        </Code>
        <Code id="21150" urn="urn:sdmx:org.sdmx.infomodel.codelist.Code=ESTAT:CL_NIS_CODE_EGR(1.3).21150">
          <Name xml:lang="en" xmlns="http://www.sdmx.org/resources/sdmxml/schemas/v2_1/common">MAURITANIA TRADE REGISTER NUMBER</Name>
        </Code>
        <Code id="22150" urn="urn:sdmx:org.sdmx.infomodel.codelist.Code=ESTAT:CL_NIS_CODE_EGR(1.3).22150">
          <Name xml:lang="en" xmlns="http://www.sdmx.org/resources/sdmxml/schemas/v2_1/common">MAURITANIA VAT NUMBER</Name>
        </Code>
        <Code id="28150" urn="urn:sdmx:org.sdmx.infomodel.codelist.Code=ESTAT:CL_NIS_CODE_EGR(1.3).28150">
          <Name xml:lang="en" xmlns="http://www.sdmx.org/resources/sdmxml/schemas/v2_1/common">MAURITANIA WVB COMPANY NUMBER</Name>
        </Code>
        <Code id="31153" urn="urn:sdmx:org.sdmx.infomodel.codelist.Code=ESTAT:CL_NIS_CODE_EGR(1.3).31153">
          <Name xml:lang="en" xmlns="http://www.sdmx.org/resources/sdmxml/schemas/v2_1/common">MAURITIUS CHAMBER OF COMMERCE NUMBER</Name>
        </Code>
        <Code id="23153" urn="urn:sdmx:org.sdmx.infomodel.codelist.Code=ESTAT:CL_NIS_CODE_EGR(1.3).23153">
          <Name xml:lang="en" xmlns="http://www.sdmx.org/resources/sdmxml/schemas/v2_1/common">MAURITIUS COMPANY ID NUMBER</Name>
        </Code>
        <Code id="29153" urn="urn:sdmx:org.sdmx.infomodel.codelist.Code=ESTAT:CL_NIS_CODE_EGR(1.3).29153">
          <Name xml:lang="en" xmlns="http://www.sdmx.org/resources/sdmxml/schemas/v2_1/common">MAURITIUS DnB COMPANY NUMBER</Name>
        </Code>
        <Code id="27153" urn="urn:sdmx:org.sdmx.infomodel.codelist.Code=ESTAT:CL_NIS_CODE_EGR(1.3).27153">
          <Name xml:lang="en" xmlns="http://www.sdmx.org/resources/sdmxml/schemas/v2_1/common">MAURITIUS IP IDENTIFICATION NUMBER</Name>
        </Code>
        <Code id="32153" urn="urn:sdmx:org.sdmx.infomodel.codelist.Code=ESTAT:CL_NIS_CODE_EGR(1.3).32153">
          <Name xml:lang="en" xmlns="http://www.sdmx.org/resources/sdmxml/schemas/v2_1/common">MAURITIUS OTHER ID NUMBER</Name>
        </Code>
        <Code id="25153" urn="urn:sdmx:org.sdmx.infomodel.codelist.Code=ESTAT:CL_NIS_CODE_EGR(1.3).25153">
          <Name xml:lang="en" xmlns="http://www.sdmx.org/resources/sdmxml/schemas/v2_1/common">MAURITIUS STATISTICAL NUMBER</Name>
        </Code>
        <Code id="21153" urn="urn:sdmx:org.sdmx.infomodel.codelist.Code=ESTAT:CL_NIS_CODE_EGR(1.3).21153">
          <Name xml:lang="en" xmlns="http://www.sdmx.org/resources/sdmxml/schemas/v2_1/common">MAURITIUS TRADE REGISTER NUMBER</Name>
        </Code>
        <Code id="22153" urn="urn:sdmx:org.sdmx.infomodel.codelist.Code=ESTAT:CL_NIS_CODE_EGR(1.3).22153">
          <Name xml:lang="en" xmlns="http://www.sdmx.org/resources/sdmxml/schemas/v2_1/common">MAURITIUS VAT NUMBER</Name>
        </Code>
        <Code id="28153" urn="urn:sdmx:org.sdmx.infomodel.codelist.Code=ESTAT:CL_NIS_CODE_EGR(1.3).28153">
          <Name xml:lang="en" xmlns="http://www.sdmx.org/resources/sdmxml/schemas/v2_1/common">MAURITIUS WVB COMPANY NUMBER</Name>
        </Code>
        <Code id="31243" urn="urn:sdmx:org.sdmx.infomodel.codelist.Code=ESTAT:CL_NIS_CODE_EGR(1.3).31243">
          <Name xml:lang="en" xmlns="http://www.sdmx.org/resources/sdmxml/schemas/v2_1/common">MAYOTTE CHAMBER OF COMMERCE NUMBER</Name>
        </Code>
        <Code id="23243" urn="urn:sdmx:org.sdmx.infomodel.codelist.Code=ESTAT:CL_NIS_CODE_EGR(1.3).23243">
          <Name xml:lang="en" xmlns="http://www.sdmx.org/resources/sdmxml/schemas/v2_1/common">MAYOTTE COMPANY ID NUMBER</Name>
        </Code>
        <Code id="29243" urn="urn:sdmx:org.sdmx.infomodel.codelist.Code=ESTAT:CL_NIS_CODE_EGR(1.3).29243">
          <Name xml:lang="en" xmlns="http://www.sdmx.org/resources/sdmxml/schemas/v2_1/common">MAYOTTE DnB COMPANY NUMBER</Name>
        </Code>
        <Code id="27243" urn="urn:sdmx:org.sdmx.infomodel.codelist.Code=ESTAT:CL_NIS_CODE_EGR(1.3).27243">
          <Name xml:lang="en" xmlns="http://www.sdmx.org/resources/sdmxml/schemas/v2_1/common">MAYOTTE IP IDENTIFICATION NUMBER</Name>
        </Code>
        <Code id="32243" urn="urn:sdmx:org.sdmx.infomodel.codelist.Code=ESTAT:CL_NIS_CODE_EGR(1.3).32243">
          <Name xml:lang="en" xmlns="http://www.sdmx.org/resources/sdmxml/schemas/v2_1/common">MAYOTTE OTHER ID NUMBER</Name>
        </Code>
        <Code id="25243" urn="urn:sdmx:org.sdmx.infomodel.codelist.Code=ESTAT:CL_NIS_CODE_EGR(1.3).25243">
          <Name xml:lang="en" xmlns="http://www.sdmx.org/resources/sdmxml/schemas/v2_1/common">MAYOTTE STATISTICAL NUMBER</Name>
        </Code>
        <Code id="21243" urn="urn:sdmx:org.sdmx.infomodel.codelist.Code=ESTAT:CL_NIS_CODE_EGR(1.3).21243">
          <Name xml:lang="en" xmlns="http://www.sdmx.org/resources/sdmxml/schemas/v2_1/common">MAYOTTE TRADE REGISTER NUMBER</Name>
        </Code>
        <Code id="22243" urn="urn:sdmx:org.sdmx.infomodel.codelist.Code=ESTAT:CL_NIS_CODE_EGR(1.3).22243">
          <Name xml:lang="en" xmlns="http://www.sdmx.org/resources/sdmxml/schemas/v2_1/common">MAYOTTE VAT NUMBER</Name>
        </Code>
        <Code id="28243" urn="urn:sdmx:org.sdmx.infomodel.codelist.Code=ESTAT:CL_NIS_CODE_EGR(1.3).28243">
          <Name xml:lang="en" xmlns="http://www.sdmx.org/resources/sdmxml/schemas/v2_1/common">MAYOTTE WVB COMPANY NUMBER</Name>
        </Code>
        <Code id="31156" urn="urn:sdmx:org.sdmx.infomodel.codelist.Code=ESTAT:CL_NIS_CODE_EGR(1.3).31156">
          <Name xml:lang="en" xmlns="http://www.sdmx.org/resources/sdmxml/schemas/v2_1/common">MEXICO CHAMBER OF COMMERCE NUMBER</Name>
        </Code>
        <Code id="23156" urn="urn:sdmx:org.sdmx.infomodel.codelist.Code=ESTAT:CL_NIS_CODE_EGR(1.3).23156">
          <Name xml:lang="en" xmlns="http://www.sdmx.org/resources/sdmxml/schemas/v2_1/common">MEXICO COMPANY ID NUMBER</Name>
        </Code>
        <Code id="29156" urn="urn:sdmx:org.sdmx.infomodel.codelist.Code=ESTAT:CL_NIS_CODE_EGR(1.3).29156">
          <Name xml:lang="en" xmlns="http://www.sdmx.org/resources/sdmxml/schemas/v2_1/common">MEXICO DnB COMPANY NUMBER</Name>
        </Code>
        <Code id="27156" urn="urn:sdmx:org.sdmx.infomodel.codelist.Code=ESTAT:CL_NIS_CODE_EGR(1.3).27156">
          <Name xml:lang="en" xmlns="http://www.sdmx.org/resources/sdmxml/schemas/v2_1/common">MEXICO IP IDENTIFICATION NUMBER</Name>
        </Code>
        <Code id="32156" urn="urn:sdmx:org.sdmx.infomodel.codelist.Code=ESTAT:CL_NIS_CODE_EGR(1.3).32156">
          <Name xml:lang="en" xmlns="http://www.sdmx.org/resources/sdmxml/schemas/v2_1/common">MEXICO OTHER ID NUMBER</Name>
        </Code>
        <Code id="25156" urn="urn:sdmx:org.sdmx.infomodel.codelist.Code=ESTAT:CL_NIS_CODE_EGR(1.3).25156">
          <Name xml:lang="en" xmlns="http://www.sdmx.org/resources/sdmxml/schemas/v2_1/common">MEXICO STATISTICAL NUMBER</Name>
        </Code>
        <Code id="21156" urn="urn:sdmx:org.sdmx.infomodel.codelist.Code=ESTAT:CL_NIS_CODE_EGR(1.3).21156">
          <Name xml:lang="en" xmlns="http://www.sdmx.org/resources/sdmxml/schemas/v2_1/common">MEXICO TRADE REGISTER NUMBER</Name>
        </Code>
        <Code id="22156" urn="urn:sdmx:org.sdmx.infomodel.codelist.Code=ESTAT:CL_NIS_CODE_EGR(1.3).22156">
          <Name xml:lang="en" xmlns="http://www.sdmx.org/resources/sdmxml/schemas/v2_1/common">MEXICO VAT NUMBER</Name>
        </Code>
        <Code id="28156" urn="urn:sdmx:org.sdmx.infomodel.codelist.Code=ESTAT:CL_NIS_CODE_EGR(1.3).28156">
          <Name xml:lang="en" xmlns="http://www.sdmx.org/resources/sdmxml/schemas/v2_1/common">MEXICO WVB COMPANY NUMBER</Name>
        </Code>
        <Code id="31138" urn="urn:sdmx:org.sdmx.infomodel.codelist.Code=ESTAT:CL_NIS_CODE_EGR(1.3).31138">
          <Name xml:lang="en" xmlns="http://www.sdmx.org/resources/sdmxml/schemas/v2_1/common">MOLDOVA CHAMBER OF COMMERCE NUMBER</Name>
        </Code>
        <Code id="23138" urn="urn:sdmx:org.sdmx.infomodel.codelist.Code=ESTAT:CL_NIS_CODE_EGR(1.3).23138">
          <Name xml:lang="en" xmlns="http://www.sdmx.org/resources/sdmxml/schemas/v2_1/common">MOLDOVA COMPANY ID NUMBER</Name>
        </Code>
        <Code id="29138" urn="urn:sdmx:org.sdmx.infomodel.codelist.Code=ESTAT:CL_NIS_CODE_EGR(1.3).29138">
          <Name xml:lang="en" xmlns="http://www.sdmx.org/resources/sdmxml/schemas/v2_1/common">MOLDOVA DnB COMPANY NUMBER</Name>
        </Code>
        <Code id="27138" urn="urn:sdmx:org.sdmx.infomodel.codelist.Code=ESTAT:CL_NIS_CODE_EGR(1.3).27138">
          <Name xml:lang="en" xmlns="http://www.sdmx.org/resources/sdmxml/schemas/v2_1/common">MOLDOVA IP IDENTIFICATION NUMBER</Name>
        </Code>
        <Code id="32138" urn="urn:sdmx:org.sdmx.infomodel.codelist.Code=ESTAT:CL_NIS_CODE_EGR(1.3).32138">
          <Name xml:lang="en" xmlns="http://www.sdmx.org/resources/sdmxml/schemas/v2_1/common">MOLDOVA OTHER ID NUMBER</Name>
        </Code>
        <Code id="25138" urn="urn:sdmx:org.sdmx.infomodel.codelist.Code=ESTAT:CL_NIS_CODE_EGR(1.3).25138">
          <Name xml:lang="en" xmlns="http://www.sdmx.org/resources/sdmxml/schemas/v2_1/common">MOLDOVA STATISTICAL NUMBER</Name>
        </Code>
        <Code id="21138" urn="urn:sdmx:org.sdmx.infomodel.codelist.Code=ESTAT:CL_NIS_CODE_EGR(1.3).21138">
          <Name xml:lang="en" xmlns="http://www.sdmx.org/resources/sdmxml/schemas/v2_1/common">MOLDOVA TRADE REGISTER NUMBER</Name>
        </Code>
        <Code id="22138" urn="urn:sdmx:org.sdmx.infomodel.codelist.Code=ESTAT:CL_NIS_CODE_EGR(1.3).22138">
          <Name xml:lang="en" xmlns="http://www.sdmx.org/resources/sdmxml/schemas/v2_1/common">MOLDOVA VAT NUMBER</Name>
        </Code>
        <Code id="28138" urn="urn:sdmx:org.sdmx.infomodel.codelist.Code=ESTAT:CL_NIS_CODE_EGR(1.3).28138">
          <Name xml:lang="en" xmlns="http://www.sdmx.org/resources/sdmxml/schemas/v2_1/common">MOLDOVA WVB COMPANY NUMBER</Name>
        </Code>
        <Code id="31137" urn="urn:sdmx:org.sdmx.infomodel.codelist.Code=ESTAT:CL_NIS_CODE_EGR(1.3).31137">
          <Name xml:lang="en" xmlns="http://www.sdmx.org/resources/sdmxml/schemas/v2_1/common">MONACO CHAMBER OF COMMERCE NUMBER</Name>
        </Code>
        <Code id="23137" urn="urn:sdmx:org.sdmx.infomodel.codelist.Code=ESTAT:CL_NIS_CODE_EGR(1.3).23137">
          <Name xml:lang="en" xmlns="http://www.sdmx.org/resources/sdmxml/schemas/v2_1/common">MONACO COMPANY ID NUMBER</Name>
        </Code>
        <Code id="29137" urn="urn:sdmx:org.sdmx.infomodel.codelist.Code=ESTAT:CL_NIS_CODE_EGR(1.3).29137">
          <Name xml:lang="en" xmlns="http://www.sdmx.org/resources/sdmxml/schemas/v2_1/common">MONACO DnB COMPANY NUMBER</Name>
        </Code>
        <Code id="27137" urn="urn:sdmx:org.sdmx.infomodel.codelist.Code=ESTAT:CL_NIS_CODE_EGR(1.3).27137">
          <Name xml:lang="en" xmlns="http://www.sdmx.org/resources/sdmxml/schemas/v2_1/common">MONACO IP IDENTIFICATION NUMBER</Name>
        </Code>
        <Code id="32137" urn="urn:sdmx:org.sdmx.infomodel.codelist.Code=ESTAT:CL_NIS_CODE_EGR(1.3).32137">
          <Name xml:lang="en" xmlns="http://www.sdmx.org/resources/sdmxml/schemas/v2_1/common">MONACO OTHER ID NUMBER</Name>
        </Code>
        <Code id="25137" urn="urn:sdmx:org.sdmx.infomodel.codelist.Code=ESTAT:CL_NIS_CODE_EGR(1.3).25137">
          <Name xml:lang="en" xmlns="http://www.sdmx.org/resources/sdmxml/schemas/v2_1/common">MONACO STATISTICAL NUMBER</Name>
        </Code>
        <Code id="21137" urn="urn:sdmx:org.sdmx.infomodel.codelist.Code=ESTAT:CL_NIS_CODE_EGR(1.3).21137">
          <Name xml:lang="en" xmlns="http://www.sdmx.org/resources/sdmxml/schemas/v2_1/common">MONACO TRADE REGISTER NUMBER</Name>
        </Code>
        <Code id="22137" urn="urn:sdmx:org.sdmx.infomodel.codelist.Code=ESTAT:CL_NIS_CODE_EGR(1.3).22137">
          <Name xml:lang="en" xmlns="http://www.sdmx.org/resources/sdmxml/schemas/v2_1/common">MONACO VAT NUMBER</Name>
        </Code>
        <Code id="28137" urn="urn:sdmx:org.sdmx.infomodel.codelist.Code=ESTAT:CL_NIS_CODE_EGR(1.3).28137">
          <Name xml:lang="en" xmlns="http://www.sdmx.org/resources/sdmxml/schemas/v2_1/common">MONACO WVB COMPANY NUMBER</Name>
        </Code>
        <Code id="31146" urn="urn:sdmx:org.sdmx.infomodel.codelist.Code=ESTAT:CL_NIS_CODE_EGR(1.3).31146">
          <Name xml:lang="en" xmlns="http://www.sdmx.org/resources/sdmxml/schemas/v2_1/common">MONGOLIA CHAMBER OF COMMERCE NUMBER</Name>
        </Code>
        <Code id="23146" urn="urn:sdmx:org.sdmx.infomodel.codelist.Code=ESTAT:CL_NIS_CODE_EGR(1.3).23146">
          <Name xml:lang="en" xmlns="http://www.sdmx.org/resources/sdmxml/schemas/v2_1/common">MONGOLIA COMPANY ID NUMBER</Name>
        </Code>
        <Code id="29146" urn="urn:sdmx:org.sdmx.infomodel.codelist.Code=ESTAT:CL_NIS_CODE_EGR(1.3).29146">
          <Name xml:lang="en" xmlns="http://www.sdmx.org/resources/sdmxml/schemas/v2_1/common">MONGOLIA DnB COMPANY NUMBER</Name>
        </Code>
        <Code id="27146" urn="urn:sdmx:org.sdmx.infomodel.codelist.Code=ESTAT:CL_NIS_CODE_EGR(1.3).27146">
          <Name xml:lang="en" xmlns="http://www.sdmx.org/resources/sdmxml/schemas/v2_1/common">MONGOLIA IP IDENTIFICATION NUMBER</Name>
        </Code>
        <Code id="32146" urn="urn:sdmx:org.sdmx.infomodel.codelist.Code=ESTAT:CL_NIS_CODE_EGR(1.3).32146">
          <Name xml:lang="en" xmlns="http://www.sdmx.org/resources/sdmxml/schemas/v2_1/common">MONGOLIA OTHER ID NUMBER</Name>
        </Code>
        <Code id="25146" urn="urn:sdmx:org.sdmx.infomodel.codelist.Code=ESTAT:CL_NIS_CODE_EGR(1.3).25146">
          <Name xml:lang="en" xmlns="http://www.sdmx.org/resources/sdmxml/schemas/v2_1/common">MONGOLIA STATISTICAL NUMBER</Name>
        </Code>
        <Code id="21146" urn="urn:sdmx:org.sdmx.infomodel.codelist.Code=ESTAT:CL_NIS_CODE_EGR(1.3).21146">
          <Name xml:lang="en" xmlns="http://www.sdmx.org/resources/sdmxml/schemas/v2_1/common">MONGOLIA TRADE REGISTER NUMBER</Name>
        </Code>
        <Code id="22146" urn="urn:sdmx:org.sdmx.infomodel.codelist.Code=ESTAT:CL_NIS_CODE_EGR(1.3).22146">
          <Name xml:lang="en" xmlns="http://www.sdmx.org/resources/sdmxml/schemas/v2_1/common">MONGOLIA VAT NUMBER</Name>
        </Code>
        <Code id="28146" urn="urn:sdmx:org.sdmx.infomodel.codelist.Code=ESTAT:CL_NIS_CODE_EGR(1.3).28146">
          <Name xml:lang="en" xmlns="http://www.sdmx.org/resources/sdmxml/schemas/v2_1/common">MONGOLIA WVB COMPANY NUMBER</Name>
        </Code>
        <Code id="31139" urn="urn:sdmx:org.sdmx.infomodel.codelist.Code=ESTAT:CL_NIS_CODE_EGR(1.3).31139">
          <Name xml:lang="en" xmlns="http://www.sdmx.org/resources/sdmxml/schemas/v2_1/common">MONTENEGRO CHAMBER OF COMMERCE NUMBER</Name>
        </Code>
        <Code id="23139" urn="urn:sdmx:org.sdmx.infomodel.codelist.Code=ESTAT:CL_NIS_CODE_EGR(1.3).23139">
          <Name xml:lang="en" xmlns="http://www.sdmx.org/resources/sdmxml/schemas/v2_1/common">MONTENEGRO COMPANY ID NUMBER</Name>
        </Code>
        <Code id="29139" urn="urn:sdmx:org.sdmx.infomodel.codelist.Code=ESTAT:CL_NIS_CODE_EGR(1.3).29139">
          <Name xml:lang="en" xmlns="http://www.sdmx.org/resources/sdmxml/schemas/v2_1/common">MONTENEGRO DnB COMPANY NUMBER</Name>
        </Code>
        <Code id="27139" urn="urn:sdmx:org.sdmx.infomodel.codelist.Code=ESTAT:CL_NIS_CODE_EGR(1.3).27139">
          <Name xml:lang="en" xmlns="http://www.sdmx.org/resources/sdmxml/schemas/v2_1/common">MONTENEGRO IP IDENTIFICATION NUMBER</Name>
        </Code>
        <Code id="32139" urn="urn:sdmx:org.sdmx.infomodel.codelist.Code=ESTAT:CL_NIS_CODE_EGR(1.3).32139">
          <Name xml:lang="en" xmlns="http://www.sdmx.org/resources/sdmxml/schemas/v2_1/common">MONTENEGRO OTHER ID NUMBER</Name>
        </Code>
        <Code id="25139" urn="urn:sdmx:org.sdmx.infomodel.codelist.Code=ESTAT:CL_NIS_CODE_EGR(1.3).25139">
          <Name xml:lang="en" xmlns="http://www.sdmx.org/resources/sdmxml/schemas/v2_1/common">MONTENEGRO STATISTICAL NUMBER</Name>
        </Code>
        <Code id="21139" urn="urn:sdmx:org.sdmx.infomodel.codelist.Code=ESTAT:CL_NIS_CODE_EGR(1.3).21139">
          <Name xml:lang="en" xmlns="http://www.sdmx.org/resources/sdmxml/schemas/v2_1/common">MONTENEGRO TRADE REGISTER NUMBER</Name>
        </Code>
        <Code id="22139" urn="urn:sdmx:org.sdmx.infomodel.codelist.Code=ESTAT:CL_NIS_CODE_EGR(1.3).22139">
          <Name xml:lang="en" xmlns="http://www.sdmx.org/resources/sdmxml/schemas/v2_1/common">MONTENEGRO VAT NUMBER</Name>
        </Code>
        <Code id="28139" urn="urn:sdmx:org.sdmx.infomodel.codelist.Code=ESTAT:CL_NIS_CODE_EGR(1.3).28139">
          <Name xml:lang="en" xmlns="http://www.sdmx.org/resources/sdmxml/schemas/v2_1/common">MONTENEGRO WVB COMPANY NUMBER</Name>
        </Code>
        <Code id="31151" urn="urn:sdmx:org.sdmx.infomodel.codelist.Code=ESTAT:CL_NIS_CODE_EGR(1.3).31151">
          <Name xml:lang="en" xmlns="http://www.sdmx.org/resources/sdmxml/schemas/v2_1/common">MONTSERRAT CHAMBER OF COMMERCE NUMBER</Name>
        </Code>
        <Code id="23151" urn="urn:sdmx:org.sdmx.infomodel.codelist.Code=ESTAT:CL_NIS_CODE_EGR(1.3).23151">
          <Name xml:lang="en" xmlns="http://www.sdmx.org/resources/sdmxml/schemas/v2_1/common">MONTSERRAT COMPANY ID NUMBER</Name>
        </Code>
        <Code id="29151" urn="urn:sdmx:org.sdmx.infomodel.codelist.Code=ESTAT:CL_NIS_CODE_EGR(1.3).29151">
          <Name xml:lang="en" xmlns="http://www.sdmx.org/resources/sdmxml/schemas/v2_1/common">MONTSERRAT DnB COMPANY NUMBER</Name>
        </Code>
        <Code id="27151" urn="urn:sdmx:org.sdmx.infomodel.codelist.Code=ESTAT:CL_NIS_CODE_EGR(1.3).27151">
          <Name xml:lang="en" xmlns="http://www.sdmx.org/resources/sdmxml/schemas/v2_1/common">MONTSERRAT IP IDENTIFICATION NUMBER</Name>
        </Code>
        <Code id="32151" urn="urn:sdmx:org.sdmx.infomodel.codelist.Code=ESTAT:CL_NIS_CODE_EGR(1.3).32151">
          <Name xml:lang="en" xmlns="http://www.sdmx.org/resources/sdmxml/schemas/v2_1/common">MONTSERRAT OTHER ID NUMBER</Name>
        </Code>
        <Code id="25151" urn="urn:sdmx:org.sdmx.infomodel.codelist.Code=ESTAT:CL_NIS_CODE_EGR(1.3).25151">
          <Name xml:lang="en" xmlns="http://www.sdmx.org/resources/sdmxml/schemas/v2_1/common">MONTSERRAT STATISTICAL NUMBER</Name>
        </Code>
        <Code id="21151" urn="urn:sdmx:org.sdmx.infomodel.codelist.Code=ESTAT:CL_NIS_CODE_EGR(1.3).21151">
          <Name xml:lang="en" xmlns="http://www.sdmx.org/resources/sdmxml/schemas/v2_1/common">MONTSERRAT TRADE REGISTER NUMBER</Name>
        </Code>
        <Code id="22151" urn="urn:sdmx:org.sdmx.infomodel.codelist.Code=ESTAT:CL_NIS_CODE_EGR(1.3).22151">
          <Name xml:lang="en" xmlns="http://www.sdmx.org/resources/sdmxml/schemas/v2_1/common">MONTSERRAT VAT NUMBER</Name>
        </Code>
        <Code id="28151" urn="urn:sdmx:org.sdmx.infomodel.codelist.Code=ESTAT:CL_NIS_CODE_EGR(1.3).28151">
          <Name xml:lang="en" xmlns="http://www.sdmx.org/resources/sdmxml/schemas/v2_1/common">MONTSERRAT WVB COMPANY NUMBER</Name>
        </Code>
        <Code id="31136" urn="urn:sdmx:org.sdmx.infomodel.codelist.Code=ESTAT:CL_NIS_CODE_EGR(1.3).31136">
          <Name xml:lang="en" xmlns="http://www.sdmx.org/resources/sdmxml/schemas/v2_1/common">MOROCCO CHAMBER OF COMMERCE NUMBER</Name>
        </Code>
        <Code id="23136" urn="urn:sdmx:org.sdmx.infomodel.codelist.Code=ESTAT:CL_NIS_CODE_EGR(1.3).23136">
          <Name xml:lang="en" xmlns="http://www.sdmx.org/resources/sdmxml/schemas/v2_1/common">MOROCCO COMPANY ID NUMBER</Name>
        </Code>
        <Code id="29136" urn="urn:sdmx:org.sdmx.infomodel.codelist.Code=ESTAT:CL_NIS_CODE_EGR(1.3).29136">
          <Name xml:lang="en" xmlns="http://www.sdmx.org/resources/sdmxml/schemas/v2_1/common">MOROCCO DnB COMPANY NUMBER</Name>
        </Code>
        <Code id="27136" urn="urn:sdmx:org.sdmx.infomodel.codelist.Code=ESTAT:CL_NIS_CODE_EGR(1.3).27136">
          <Name xml:lang="en" xmlns="http://www.sdmx.org/resources/sdmxml/schemas/v2_1/common">MOROCCO IP IDENTIFICATION NUMBER</Name>
        </Code>
        <Code id="32136" urn="urn:sdmx:org.sdmx.infomodel.codelist.Code=ESTAT:CL_NIS_CODE_EGR(1.3).32136">
          <Name xml:lang="en" xmlns="http://www.sdmx.org/resources/sdmxml/schemas/v2_1/common">MOROCCO OTHER ID NUMBER</Name>
        </Code>
        <Code id="25136" urn="urn:sdmx:org.sdmx.infomodel.codelist.Code=ESTAT:CL_NIS_CODE_EGR(1.3).25136">
          <Name xml:lang="en" xmlns="http://www.sdmx.org/resources/sdmxml/schemas/v2_1/common">MOROCCO STATISTICAL NUMBER</Name>
        </Code>
        <Code id="21136" urn="urn:sdmx:org.sdmx.infomodel.codelist.Code=ESTAT:CL_NIS_CODE_EGR(1.3).21136">
          <Name xml:lang="en" xmlns="http://www.sdmx.org/resources/sdmxml/schemas/v2_1/common">MOROCCO TRADE REGISTER NUMBER</Name>
        </Code>
        <Code id="22136" urn="urn:sdmx:org.sdmx.infomodel.codelist.Code=ESTAT:CL_NIS_CODE_EGR(1.3).22136">
          <Name xml:lang="en" xmlns="http://www.sdmx.org/resources/sdmxml/schemas/v2_1/common">MOROCCO VAT NUMBER</Name>
        </Code>
        <Code id="28136" urn="urn:sdmx:org.sdmx.infomodel.codelist.Code=ESTAT:CL_NIS_CODE_EGR(1.3).28136">
          <Name xml:lang="en" xmlns="http://www.sdmx.org/resources/sdmxml/schemas/v2_1/common">MOROCCO WVB COMPANY NUMBER</Name>
        </Code>
        <Code id="31158" urn="urn:sdmx:org.sdmx.infomodel.codelist.Code=ESTAT:CL_NIS_CODE_EGR(1.3).31158">
          <Name xml:lang="en" xmlns="http://www.sdmx.org/resources/sdmxml/schemas/v2_1/common">MOZAMBIQUE CHAMBER OF COMMERCE NUMBER</Name>
        </Code>
        <Code id="23158" urn="urn:sdmx:org.sdmx.infomodel.codelist.Code=ESTAT:CL_NIS_CODE_EGR(1.3).23158">
          <Name xml:lang="en" xmlns="http://www.sdmx.org/resources/sdmxml/schemas/v2_1/common">MOZAMBIQUE COMPANY ID NUMBER</Name>
        </Code>
        <Code id="29158" urn="urn:sdmx:org.sdmx.infomodel.codelist.Code=ESTAT:CL_NIS_CODE_EGR(1.3).29158">
          <Name xml:lang="en" xmlns="http://www.sdmx.org/resources/sdmxml/schemas/v2_1/common">MOZAMBIQUE DnB COMPANY NUMBER</Name>
        </Code>
        <Code id="27158" urn="urn:sdmx:org.sdmx.infomodel.codelist.Code=ESTAT:CL_NIS_CODE_EGR(1.3).27158">
          <Name xml:lang="en" xmlns="http://www.sdmx.org/resources/sdmxml/schemas/v2_1/common">MOZAMBIQUE IP IDENTIFICATION NUMBER</Name>
        </Code>
        <Code id="32158" urn="urn:sdmx:org.sdmx.infomodel.codelist.Code=ESTAT:CL_NIS_CODE_EGR(1.3).32158">
          <Name xml:lang="en" xmlns="http://www.sdmx.org/resources/sdmxml/schemas/v2_1/common">MOZAMBIQUE OTHER ID NUMBER</Name>
        </Code>
        <Code id="25158" urn="urn:sdmx:org.sdmx.infomodel.codelist.Code=ESTAT:CL_NIS_CODE_EGR(1.3).25158">
          <Name xml:lang="en" xmlns="http://www.sdmx.org/resources/sdmxml/schemas/v2_1/common">MOZAMBIQUE STATISTICAL NUMBER</Name>
        </Code>
        <Code id="21158" urn="urn:sdmx:org.sdmx.infomodel.codelist.Code=ESTAT:CL_NIS_CODE_EGR(1.3).21158">
          <Name xml:lang="en" xmlns="http://www.sdmx.org/resources/sdmxml/schemas/v2_1/common">MOZAMBIQUE TRADE REGISTER NUMBER</Name>
        </Code>
        <Code id="22158" urn="urn:sdmx:org.sdmx.infomodel.codelist.Code=ESTAT:CL_NIS_CODE_EGR(1.3).22158">
          <Name xml:lang="en" xmlns="http://www.sdmx.org/resources/sdmxml/schemas/v2_1/common">MOZAMBIQUE VAT NUMBER</Name>
        </Code>
        <Code id="28158" urn="urn:sdmx:org.sdmx.infomodel.codelist.Code=ESTAT:CL_NIS_CODE_EGR(1.3).28158">
          <Name xml:lang="en" xmlns="http://www.sdmx.org/resources/sdmxml/schemas/v2_1/common">MOZAMBIQUE WVB COMPANY NUMBER</Name>
        </Code>
        <Code id="31145" urn="urn:sdmx:org.sdmx.infomodel.codelist.Code=ESTAT:CL_NIS_CODE_EGR(1.3).31145">
          <Name xml:lang="en" xmlns="http://www.sdmx.org/resources/sdmxml/schemas/v2_1/common">MYANMAR CHAMBER OF COMMERCE NUMBER</Name>
        </Code>
        <Code id="23145" urn="urn:sdmx:org.sdmx.infomodel.codelist.Code=ESTAT:CL_NIS_CODE_EGR(1.3).23145">
          <Name xml:lang="en" xmlns="http://www.sdmx.org/resources/sdmxml/schemas/v2_1/common">MYANMAR COMPANY ID NUMBER</Name>
        </Code>
        <Code id="29145" urn="urn:sdmx:org.sdmx.infomodel.codelist.Code=ESTAT:CL_NIS_CODE_EGR(1.3).29145">
          <Name xml:lang="en" xmlns="http://www.sdmx.org/resources/sdmxml/schemas/v2_1/common">MYANMAR DnB COMPANY NUMBER</Name>
        </Code>
        <Code id="27145" urn="urn:sdmx:org.sdmx.infomodel.codelist.Code=ESTAT:CL_NIS_CODE_EGR(1.3).27145">
          <Name xml:lang="en" xmlns="http://www.sdmx.org/resources/sdmxml/schemas/v2_1/common">MYANMAR IP IDENTIFICATION NUMBER</Name>
        </Code>
        <Code id="32145" urn="urn:sdmx:org.sdmx.infomodel.codelist.Code=ESTAT:CL_NIS_CODE_EGR(1.3).32145">
          <Name xml:lang="en" xmlns="http://www.sdmx.org/resources/sdmxml/schemas/v2_1/common">MYANMAR OTHER ID NUMBER</Name>
        </Code>
        <Code id="25145" urn="urn:sdmx:org.sdmx.infomodel.codelist.Code=ESTAT:CL_NIS_CODE_EGR(1.3).25145">
          <Name xml:lang="en" xmlns="http://www.sdmx.org/resources/sdmxml/schemas/v2_1/common">MYANMAR STATISTICAL NUMBER</Name>
        </Code>
        <Code id="21145" urn="urn:sdmx:org.sdmx.infomodel.codelist.Code=ESTAT:CL_NIS_CODE_EGR(1.3).21145">
          <Name xml:lang="en" xmlns="http://www.sdmx.org/resources/sdmxml/schemas/v2_1/common">MYANMAR TRADE REGISTER NUMBER</Name>
        </Code>
        <Code id="22145" urn="urn:sdmx:org.sdmx.infomodel.codelist.Code=ESTAT:CL_NIS_CODE_EGR(1.3).22145">
          <Name xml:lang="en" xmlns="http://www.sdmx.org/resources/sdmxml/schemas/v2_1/common">MYANMAR VAT NUMBER</Name>
        </Code>
        <Code id="28145" urn="urn:sdmx:org.sdmx.infomodel.codelist.Code=ESTAT:CL_NIS_CODE_EGR(1.3).28145">
          <Name xml:lang="en" xmlns="http://www.sdmx.org/resources/sdmxml/schemas/v2_1/common">MYANMAR WVB COMPANY NUMBER</Name>
        </Code>
        <Code id="31159" urn="urn:sdmx:org.sdmx.infomodel.codelist.Code=ESTAT:CL_NIS_CODE_EGR(1.3).31159">
          <Name xml:lang="en" xmlns="http://www.sdmx.org/resources/sdmxml/schemas/v2_1/common">NAMIBIA CHAMBER OF COMMERCE NUMBER</Name>
        </Code>
        <Code id="23159" urn="urn:sdmx:org.sdmx.infomodel.codelist.Code=ESTAT:CL_NIS_CODE_EGR(1.3).23159">
          <Name xml:lang="en" xmlns="http://www.sdmx.org/resources/sdmxml/schemas/v2_1/common">NAMIBIA COMPANY ID NUMBER</Name>
        </Code>
        <Code id="29159" urn="urn:sdmx:org.sdmx.infomodel.codelist.Code=ESTAT:CL_NIS_CODE_EGR(1.3).29159">
          <Name xml:lang="en" xmlns="http://www.sdmx.org/resources/sdmxml/schemas/v2_1/common">NAMIBIA DnB COMPANY NUMBER</Name>
        </Code>
        <Code id="27159" urn="urn:sdmx:org.sdmx.infomodel.codelist.Code=ESTAT:CL_NIS_CODE_EGR(1.3).27159">
          <Name xml:lang="en" xmlns="http://www.sdmx.org/resources/sdmxml/schemas/v2_1/common">NAMIBIA IP IDENTIFICATION NUMBER</Name>
        </Code>
        <Code id="32159" urn="urn:sdmx:org.sdmx.infomodel.codelist.Code=ESTAT:CL_NIS_CODE_EGR(1.3).32159">
          <Name xml:lang="en" xmlns="http://www.sdmx.org/resources/sdmxml/schemas/v2_1/common">NAMIBIA OTHER ID NUMBER</Name>
        </Code>
        <Code id="25159" urn="urn:sdmx:org.sdmx.infomodel.codelist.Code=ESTAT:CL_NIS_CODE_EGR(1.3).25159">
          <Name xml:lang="en" xmlns="http://www.sdmx.org/resources/sdmxml/schemas/v2_1/common">NAMIBIA STATISTICAL NUMBER</Name>
        </Code>
        <Code id="21159" urn="urn:sdmx:org.sdmx.infomodel.codelist.Code=ESTAT:CL_NIS_CODE_EGR(1.3).21159">
          <Name xml:lang="en" xmlns="http://www.sdmx.org/resources/sdmxml/schemas/v2_1/common">NAMIBIA TRADE REGISTER NUMBER</Name>
        </Code>
        <Code id="22159" urn="urn:sdmx:org.sdmx.infomodel.codelist.Code=ESTAT:CL_NIS_CODE_EGR(1.3).22159">
          <Name xml:lang="en" xmlns="http://www.sdmx.org/resources/sdmxml/schemas/v2_1/common">NAMIBIA VAT NUMBER</Name>
        </Code>
        <Code id="28159" urn="urn:sdmx:org.sdmx.infomodel.codelist.Code=ESTAT:CL_NIS_CODE_EGR(1.3).28159">
          <Name xml:lang="en" xmlns="http://www.sdmx.org/resources/sdmxml/schemas/v2_1/common">NAMIBIA WVB COMPANY NUMBER</Name>
        </Code>
        <Code id="31168" urn="urn:sdmx:org.sdmx.infomodel.codelist.Code=ESTAT:CL_NIS_CODE_EGR(1.3).31168">
          <Name xml:lang="en" xmlns="http://www.sdmx.org/resources/sdmxml/schemas/v2_1/common">NAURU CHAMBER OF COMMERCE NUMBER</Name>
        </Code>
        <Code id="23168" urn="urn:sdmx:org.sdmx.infomodel.codelist.Code=ESTAT:CL_NIS_CODE_EGR(1.3).23168">
          <Name xml:lang="en" xmlns="http://www.sdmx.org/resources/sdmxml/schemas/v2_1/common">NAURU COMPANY ID NUMBER</Name>
        </Code>
        <Code id="29168" urn="urn:sdmx:org.sdmx.infomodel.codelist.Code=ESTAT:CL_NIS_CODE_EGR(1.3).29168">
          <Name xml:lang="en" xmlns="http://www.sdmx.org/resources/sdmxml/schemas/v2_1/common">NAURU DnB COMPANY NUMBER</Name>
        </Code>
        <Code id="27168" urn="urn:sdmx:org.sdmx.infomodel.codelist.Code=ESTAT:CL_NIS_CODE_EGR(1.3).27168">
          <Name xml:lang="en" xmlns="http://www.sdmx.org/resources/sdmxml/schemas/v2_1/common">NAURU IP IDENTIFICATION NUMBER</Name>
        </Code>
        <Code id="32168" urn="urn:sdmx:org.sdmx.infomodel.codelist.Code=ESTAT:CL_NIS_CODE_EGR(1.3).32168">
          <Name xml:lang="en" xmlns="http://www.sdmx.org/resources/sdmxml/schemas/v2_1/common">NAURU OTHER ID NUMBER</Name>
        </Code>
        <Code id="25168" urn="urn:sdmx:org.sdmx.infomodel.codelist.Code=ESTAT:CL_NIS_CODE_EGR(1.3).25168">
          <Name xml:lang="en" xmlns="http://www.sdmx.org/resources/sdmxml/schemas/v2_1/common">NAURU STATISTICAL NUMBER</Name>
        </Code>
        <Code id="21168" urn="urn:sdmx:org.sdmx.infomodel.codelist.Code=ESTAT:CL_NIS_CODE_EGR(1.3).21168">
          <Name xml:lang="en" xmlns="http://www.sdmx.org/resources/sdmxml/schemas/v2_1/common">NAURU TRADE REGISTER NUMBER</Name>
        </Code>
        <Code id="22168" urn="urn:sdmx:org.sdmx.infomodel.codelist.Code=ESTAT:CL_NIS_CODE_EGR(1.3).22168">
          <Name xml:lang="en" xmlns="http://www.sdmx.org/resources/sdmxml/schemas/v2_1/common">NAURU VAT NUMBER</Name>
        </Code>
        <Code id="28168" urn="urn:sdmx:org.sdmx.infomodel.codelist.Code=ESTAT:CL_NIS_CODE_EGR(1.3).28168">
          <Name xml:lang="en" xmlns="http://www.sdmx.org/resources/sdmxml/schemas/v2_1/common">NAURU WVB COMPANY NUMBER</Name>
        </Code>
        <Code id="31167" urn="urn:sdmx:org.sdmx.infomodel.codelist.Code=ESTAT:CL_NIS_CODE_EGR(1.3).31167">
          <Name xml:lang="en" xmlns="http://www.sdmx.org/resources/sdmxml/schemas/v2_1/common">NEPAL CHAMBER OF COMMERCE NUMBER</Name>
        </Code>
        <Code id="23167" urn="urn:sdmx:org.sdmx.infomodel.codelist.Code=ESTAT:CL_NIS_CODE_EGR(1.3).23167">
          <Name xml:lang="en" xmlns="http://www.sdmx.org/resources/sdmxml/schemas/v2_1/common">NEPAL COMPANY ID NUMBER</Name>
        </Code>
        <Code id="29167" urn="urn:sdmx:org.sdmx.infomodel.codelist.Code=ESTAT:CL_NIS_CODE_EGR(1.3).29167">
          <Name xml:lang="en" xmlns="http://www.sdmx.org/resources/sdmxml/schemas/v2_1/common">NEPAL DnB COMPANY NUMBER</Name>
        </Code>
        <Code id="27167" urn="urn:sdmx:org.sdmx.infomodel.codelist.Code=ESTAT:CL_NIS_CODE_EGR(1.3).27167">
          <Name xml:lang="en" xmlns="http://www.sdmx.org/resources/sdmxml/schemas/v2_1/common">NEPAL IP IDENTIFICATION NUMBER</Name>
        </Code>
        <Code id="32167" urn="urn:sdmx:org.sdmx.infomodel.codelist.Code=ESTAT:CL_NIS_CODE_EGR(1.3).32167">
          <Name xml:lang="en" xmlns="http://www.sdmx.org/resources/sdmxml/schemas/v2_1/common">NEPAL OTHER ID NUMBER</Name>
        </Code>
        <Code id="25167" urn="urn:sdmx:org.sdmx.infomodel.codelist.Code=ESTAT:CL_NIS_CODE_EGR(1.3).25167">
          <Name xml:lang="en" xmlns="http://www.sdmx.org/resources/sdmxml/schemas/v2_1/common">NEPAL STATISTICAL NUMBER</Name>
        </Code>
        <Code id="21167" urn="urn:sdmx:org.sdmx.infomodel.codelist.Code=ESTAT:CL_NIS_CODE_EGR(1.3).21167">
          <Name xml:lang="en" xmlns="http://www.sdmx.org/resources/sdmxml/schemas/v2_1/common">NEPAL TRADE REGISTER NUMBER</Name>
        </Code>
        <Code id="22167" urn="urn:sdmx:org.sdmx.infomodel.codelist.Code=ESTAT:CL_NIS_CODE_EGR(1.3).22167">
          <Name xml:lang="en" xmlns="http://www.sdmx.org/resources/sdmxml/schemas/v2_1/common">NEPAL VAT NUMBER</Name>
        </Code>
        <Code id="28167" urn="urn:sdmx:org.sdmx.infomodel.codelist.Code=ESTAT:CL_NIS_CODE_EGR(1.3).28167">
          <Name xml:lang="en" xmlns="http://www.sdmx.org/resources/sdmxml/schemas/v2_1/common">NEPAL WVB COMPANY NUMBER</Name>
        </Code>
        <Code id="31008" urn="urn:sdmx:org.sdmx.infomodel.codelist.Code=ESTAT:CL_NIS_CODE_EGR(1.3).31008">
          <Name xml:lang="en" xmlns="http://www.sdmx.org/resources/sdmxml/schemas/v2_1/common">NETHERLANDS ANTILLES CHAMBER OF COMMERCE NUMBER</Name>
        </Code>
        <Code id="23008" urn="urn:sdmx:org.sdmx.infomodel.codelist.Code=ESTAT:CL_NIS_CODE_EGR(1.3).23008">
          <Name xml:lang="en" xmlns="http://www.sdmx.org/resources/sdmxml/schemas/v2_1/common">NETHERLANDS ANTILLES COMPANY ID NUMBER</Name>
        </Code>
        <Code id="29008" urn="urn:sdmx:org.sdmx.infomodel.codelist.Code=ESTAT:CL_NIS_CODE_EGR(1.3).29008">
          <Name xml:lang="en" xmlns="http://www.sdmx.org/resources/sdmxml/schemas/v2_1/common">NETHERLANDS ANTILLES DnB COMPANY NUMBER</Name>
        </Code>
        <Code id="27008" urn="urn:sdmx:org.sdmx.infomodel.codelist.Code=ESTAT:CL_NIS_CODE_EGR(1.3).27008">
          <Name xml:lang="en" xmlns="http://www.sdmx.org/resources/sdmxml/schemas/v2_1/common">NETHERLANDS ANTILLES IP IDENTIFICATION NUMBER</Name>
        </Code>
        <Code id="32008" urn="urn:sdmx:org.sdmx.infomodel.codelist.Code=ESTAT:CL_NIS_CODE_EGR(1.3).32008">
          <Name xml:lang="en" xmlns="http://www.sdmx.org/resources/sdmxml/schemas/v2_1/common">NETHERLANDS ANTILLES OTHER ID NUMBER</Name>
        </Code>
        <Code id="25008" urn="urn:sdmx:org.sdmx.infomodel.codelist.Code=ESTAT:CL_NIS_CODE_EGR(1.3).25008">
          <Name xml:lang="en" xmlns="http://www.sdmx.org/resources/sdmxml/schemas/v2_1/common">NETHERLANDS ANTILLES STATISTICAL NUMBER</Name>
        </Code>
        <Code id="21008" urn="urn:sdmx:org.sdmx.infomodel.codelist.Code=ESTAT:CL_NIS_CODE_EGR(1.3).21008">
          <Name xml:lang="en" xmlns="http://www.sdmx.org/resources/sdmxml/schemas/v2_1/common">NETHERLANDS ANTILLES TRADE REGISTER NUMBER</Name>
        </Code>
        <Code id="22008" urn="urn:sdmx:org.sdmx.infomodel.codelist.Code=ESTAT:CL_NIS_CODE_EGR(1.3).22008">
          <Name xml:lang="en" xmlns="http://www.sdmx.org/resources/sdmxml/schemas/v2_1/common">NETHERLANDS ANTILLES VAT NUMBER</Name>
        </Code>
        <Code id="28008" urn="urn:sdmx:org.sdmx.infomodel.codelist.Code=ESTAT:CL_NIS_CODE_EGR(1.3).28008">
          <Name xml:lang="en" xmlns="http://www.sdmx.org/resources/sdmxml/schemas/v2_1/common">NETHERLANDS ANTILLES WVB COMPANY NUMBER</Name>
        </Code>
        <Code id="31165" urn="urn:sdmx:org.sdmx.infomodel.codelist.Code=ESTAT:CL_NIS_CODE_EGR(1.3).31165">
          <Name xml:lang="en" xmlns="http://www.sdmx.org/resources/sdmxml/schemas/v2_1/common">NETHERLANDS CHAMBER OF COMMERCE NUMBER</Name>
        </Code>
        <Code id="23165" urn="urn:sdmx:org.sdmx.infomodel.codelist.Code=ESTAT:CL_NIS_CODE_EGR(1.3).23165">
          <Name xml:lang="en" xmlns="http://www.sdmx.org/resources/sdmxml/schemas/v2_1/common">NETHERLANDS COMPANY ID NUMBER</Name>
        </Code>
        <Code id="29165" urn="urn:sdmx:org.sdmx.infomodel.codelist.Code=ESTAT:CL_NIS_CODE_EGR(1.3).29165">
          <Name xml:lang="en" xmlns="http://www.sdmx.org/resources/sdmxml/schemas/v2_1/common">NETHERLANDS DnB COMPANY NUMBER</Name>
        </Code>
        <Code id="27165" urn="urn:sdmx:org.sdmx.infomodel.codelist.Code=ESTAT:CL_NIS_CODE_EGR(1.3).27165">
          <Name xml:lang="en" xmlns="http://www.sdmx.org/resources/sdmxml/schemas/v2_1/common">NETHERLANDS IP IDENTIFICATION NUMBER</Name>
        </Code>
        <Code id="32165" urn="urn:sdmx:org.sdmx.infomodel.codelist.Code=ESTAT:CL_NIS_CODE_EGR(1.3).32165">
          <Name xml:lang="en" xmlns="http://www.sdmx.org/resources/sdmxml/schemas/v2_1/common">NETHERLANDS OTHER ID NUMBER</Name>
        </Code>
        <Code id="25165" urn="urn:sdmx:org.sdmx.infomodel.codelist.Code=ESTAT:CL_NIS_CODE_EGR(1.3).25165">
          <Name xml:lang="en" xmlns="http://www.sdmx.org/resources/sdmxml/schemas/v2_1/common">NETHERLANDS STATISTICAL NUMBER</Name>
        </Code>
        <Code id="21165" urn="urn:sdmx:org.sdmx.infomodel.codelist.Code=ESTAT:CL_NIS_CODE_EGR(1.3).21165">
          <Name xml:lang="en" xmlns="http://www.sdmx.org/resources/sdmxml/schemas/v2_1/common">NETHERLANDS TRADE REGISTER NUMBER</Name>
        </Code>
        <Code id="22165" urn="urn:sdmx:org.sdmx.infomodel.codelist.Code=ESTAT:CL_NIS_CODE_EGR(1.3).22165">
          <Name xml:lang="en" xmlns="http://www.sdmx.org/resources/sdmxml/schemas/v2_1/common">NETHERLANDS VAT NUMBER</Name>
        </Code>
        <Code id="28165" urn="urn:sdmx:org.sdmx.infomodel.codelist.Code=ESTAT:CL_NIS_CODE_EGR(1.3).28165">
          <Name xml:lang="en" xmlns="http://www.sdmx.org/resources/sdmxml/schemas/v2_1/common">NETHERLANDS WVB COMPANY NUMBER</Name>
        </Code>
        <Code id="31160" urn="urn:sdmx:org.sdmx.infomodel.codelist.Code=ESTAT:CL_NIS_CODE_EGR(1.3).31160">
          <Name xml:lang="en" xmlns="http://www.sdmx.org/resources/sdmxml/schemas/v2_1/common">NEW CALEDONIA CHAMBER OF COMMERCE NUMBER</Name>
        </Code>
        <Code id="23160" urn="urn:sdmx:org.sdmx.infomodel.codelist.Code=ESTAT:CL_NIS_CODE_EGR(1.3).23160">
          <Name xml:lang="en" xmlns="http://www.sdmx.org/resources/sdmxml/schemas/v2_1/common">NEW CALEDONIA COMPANY ID NUMBER</Name>
        </Code>
        <Code id="29160" urn="urn:sdmx:org.sdmx.infomodel.codelist.Code=ESTAT:CL_NIS_CODE_EGR(1.3).29160">
          <Name xml:lang="en" xmlns="http://www.sdmx.org/resources/sdmxml/schemas/v2_1/common">NEW CALEDONIA DnB COMPANY NUMBER</Name>
        </Code>
        <Code id="27160" urn="urn:sdmx:org.sdmx.infomodel.codelist.Code=ESTAT:CL_NIS_CODE_EGR(1.3).27160">
          <Name xml:lang="en" xmlns="http://www.sdmx.org/resources/sdmxml/schemas/v2_1/common">NEW CALEDONIA IP IDENTIFICATION NUMBER</Name>
        </Code>
        <Code id="32160" urn="urn:sdmx:org.sdmx.infomodel.codelist.Code=ESTAT:CL_NIS_CODE_EGR(1.3).32160">
          <Name xml:lang="en" xmlns="http://www.sdmx.org/resources/sdmxml/schemas/v2_1/common">NEW CALEDONIA OTHER ID NUMBER</Name>
        </Code>
        <Code id="25160" urn="urn:sdmx:org.sdmx.infomodel.codelist.Code=ESTAT:CL_NIS_CODE_EGR(1.3).25160">
          <Name xml:lang="en" xmlns="http://www.sdmx.org/resources/sdmxml/schemas/v2_1/common">NEW CALEDONIA STATISTICAL NUMBER</Name>
        </Code>
        <Code id="21160" urn="urn:sdmx:org.sdmx.infomodel.codelist.Code=ESTAT:CL_NIS_CODE_EGR(1.3).21160">
          <Name xml:lang="en" xmlns="http://www.sdmx.org/resources/sdmxml/schemas/v2_1/common">NEW CALEDONIA TRADE REGISTER NUMBER</Name>
        </Code>
        <Code id="22160" urn="urn:sdmx:org.sdmx.infomodel.codelist.Code=ESTAT:CL_NIS_CODE_EGR(1.3).22160">
          <Name xml:lang="en" xmlns="http://www.sdmx.org/resources/sdmxml/schemas/v2_1/common">NEW CALEDONIA VAT NUMBER</Name>
        </Code>
        <Code id="28160" urn="urn:sdmx:org.sdmx.infomodel.codelist.Code=ESTAT:CL_NIS_CODE_EGR(1.3).28160">
          <Name xml:lang="en" xmlns="http://www.sdmx.org/resources/sdmxml/schemas/v2_1/common">NEW CALEDONIA WVB COMPANY NUMBER</Name>
        </Code>
        <Code id="31170" urn="urn:sdmx:org.sdmx.infomodel.codelist.Code=ESTAT:CL_NIS_CODE_EGR(1.3).31170">
          <Name xml:lang="en" xmlns="http://www.sdmx.org/resources/sdmxml/schemas/v2_1/common">NEW ZEALAND CHAMBER OF COMMERCE NUMBER</Name>
        </Code>
        <Code id="23170" urn="urn:sdmx:org.sdmx.infomodel.codelist.Code=ESTAT:CL_NIS_CODE_EGR(1.3).23170">
          <Name xml:lang="en" xmlns="http://www.sdmx.org/resources/sdmxml/schemas/v2_1/common">NEW ZEALAND COMPANY ID NUMBER</Name>
        </Code>
        <Code id="29170" urn="urn:sdmx:org.sdmx.infomodel.codelist.Code=ESTAT:CL_NIS_CODE_EGR(1.3).29170">
          <Name xml:lang="en" xmlns="http://www.sdmx.org/resources/sdmxml/schemas/v2_1/common">NEW ZEALAND DnB COMPANY NUMBER</Name>
        </Code>
        <Code id="27170" urn="urn:sdmx:org.sdmx.infomodel.codelist.Code=ESTAT:CL_NIS_CODE_EGR(1.3).27170">
          <Name xml:lang="en" xmlns="http://www.sdmx.org/resources/sdmxml/schemas/v2_1/common">NEW ZEALAND IP IDENTIFICATION NUMBER</Name>
        </Code>
        <Code id="32170" urn="urn:sdmx:org.sdmx.infomodel.codelist.Code=ESTAT:CL_NIS_CODE_EGR(1.3).32170">
          <Name xml:lang="en" xmlns="http://www.sdmx.org/resources/sdmxml/schemas/v2_1/common">NEW ZEALAND OTHER ID NUMBER</Name>
        </Code>
        <Code id="25170" urn="urn:sdmx:org.sdmx.infomodel.codelist.Code=ESTAT:CL_NIS_CODE_EGR(1.3).25170">
          <Name xml:lang="en" xmlns="http://www.sdmx.org/resources/sdmxml/schemas/v2_1/common">NEW ZEALAND STATISTICAL NUMBER</Name>
        </Code>
        <Code id="21170" urn="urn:sdmx:org.sdmx.infomodel.codelist.Code=ESTAT:CL_NIS_CODE_EGR(1.3).21170">
          <Name xml:lang="en" xmlns="http://www.sdmx.org/resources/sdmxml/schemas/v2_1/common">NEW ZEALAND TRADE REGISTER NUMBER</Name>
        </Code>
        <Code id="22170" urn="urn:sdmx:org.sdmx.infomodel.codelist.Code=ESTAT:CL_NIS_CODE_EGR(1.3).22170">
          <Name xml:lang="en" xmlns="http://www.sdmx.org/resources/sdmxml/schemas/v2_1/common">NEW ZEALAND VAT NUMBER</Name>
        </Code>
        <Code id="28170" urn="urn:sdmx:org.sdmx.infomodel.codelist.Code=ESTAT:CL_NIS_CODE_EGR(1.3).28170">
          <Name xml:lang="en" xmlns="http://www.sdmx.org/resources/sdmxml/schemas/v2_1/common">NEW ZEALAND WVB COMPANY NUMBER</Name>
        </Code>
        <Code id="31164" urn="urn:sdmx:org.sdmx.infomodel.codelist.Code=ESTAT:CL_NIS_CODE_EGR(1.3).31164">
          <Name xml:lang="en" xmlns="http://www.sdmx.org/resources/sdmxml/schemas/v2_1/common">NICARAGUA CHAMBER OF COMMERCE NUMBER</Name>
        </Code>
        <Code id="23164" urn="urn:sdmx:org.sdmx.infomodel.codelist.Code=ESTAT:CL_NIS_CODE_EGR(1.3).23164">
          <Name xml:lang="en" xmlns="http://www.sdmx.org/resources/sdmxml/schemas/v2_1/common">NICARAGUA COMPANY ID NUMBER</Name>
        </Code>
        <Code id="29164" urn="urn:sdmx:org.sdmx.infomodel.codelist.Code=ESTAT:CL_NIS_CODE_EGR(1.3).29164">
          <Name xml:lang="en" xmlns="http://www.sdmx.org/resources/sdmxml/schemas/v2_1/common">NICARAGUA DnB COMPANY NUMBER</Name>
        </Code>
        <Code id="27164" urn="urn:sdmx:org.sdmx.infomodel.codelist.Code=ESTAT:CL_NIS_CODE_EGR(1.3).27164">
          <Name xml:lang="en" xmlns="http://www.sdmx.org/resources/sdmxml/schemas/v2_1/common">NICARAGUA IP IDENTIFICATION NUMBER</Name>
        </Code>
        <Code id="32164" urn="urn:sdmx:org.sdmx.infomodel.codelist.Code=ESTAT:CL_NIS_CODE_EGR(1.3).32164">
          <Name xml:lang="en" xmlns="http://www.sdmx.org/resources/sdmxml/schemas/v2_1/common">NICARAGUA OTHER ID NUMBER</Name>
        </Code>
        <Code id="25164" urn="urn:sdmx:org.sdmx.infomodel.codelist.Code=ESTAT:CL_NIS_CODE_EGR(1.3).25164">
          <Name xml:lang="en" xmlns="http://www.sdmx.org/resources/sdmxml/schemas/v2_1/common">NICARAGUA STATISTICAL NUMBER</Name>
        </Code>
        <Code id="21164" urn="urn:sdmx:org.sdmx.infomodel.codelist.Code=ESTAT:CL_NIS_CODE_EGR(1.3).21164">
          <Name xml:lang="en" xmlns="http://www.sdmx.org/resources/sdmxml/schemas/v2_1/common">NICARAGUA TRADE REGISTER NUMBER</Name>
        </Code>
        <Code id="22164" urn="urn:sdmx:org.sdmx.infomodel.codelist.Code=ESTAT:CL_NIS_CODE_EGR(1.3).22164">
          <Name xml:lang="en" xmlns="http://www.sdmx.org/resources/sdmxml/schemas/v2_1/common">NICARAGUA VAT NUMBER</Name>
        </Code>
        <Code id="28164" urn="urn:sdmx:org.sdmx.infomodel.codelist.Code=ESTAT:CL_NIS_CODE_EGR(1.3).28164">
          <Name xml:lang="en" xmlns="http://www.sdmx.org/resources/sdmxml/schemas/v2_1/common">NICARAGUA WVB COMPANY NUMBER</Name>
        </Code>
        <Code id="31161" urn="urn:sdmx:org.sdmx.infomodel.codelist.Code=ESTAT:CL_NIS_CODE_EGR(1.3).31161">
          <Name xml:lang="en" xmlns="http://www.sdmx.org/resources/sdmxml/schemas/v2_1/common">NIGER CHAMBER OF COMMERCE NUMBER</Name>
        </Code>
        <Code id="23161" urn="urn:sdmx:org.sdmx.infomodel.codelist.Code=ESTAT:CL_NIS_CODE_EGR(1.3).23161">
          <Name xml:lang="en" xmlns="http://www.sdmx.org/resources/sdmxml/schemas/v2_1/common">NIGER COMPANY ID NUMBER</Name>
        </Code>
        <Code id="29161" urn="urn:sdmx:org.sdmx.infomodel.codelist.Code=ESTAT:CL_NIS_CODE_EGR(1.3).29161">
          <Name xml:lang="en" xmlns="http://www.sdmx.org/resources/sdmxml/schemas/v2_1/common">NIGER DnB COMPANY NUMBER</Name>
        </Code>
        <Code id="27161" urn="urn:sdmx:org.sdmx.infomodel.codelist.Code=ESTAT:CL_NIS_CODE_EGR(1.3).27161">
          <Name xml:lang="en" xmlns="http://www.sdmx.org/resources/sdmxml/schemas/v2_1/common">NIGER IP IDENTIFICATION NUMBER</Name>
        </Code>
        <Code id="32161" urn="urn:sdmx:org.sdmx.infomodel.codelist.Code=ESTAT:CL_NIS_CODE_EGR(1.3).32161">
          <Name xml:lang="en" xmlns="http://www.sdmx.org/resources/sdmxml/schemas/v2_1/common">NIGER OTHER ID NUMBER</Name>
        </Code>
        <Code id="25161" urn="urn:sdmx:org.sdmx.infomodel.codelist.Code=ESTAT:CL_NIS_CODE_EGR(1.3).25161">
          <Name xml:lang="en" xmlns="http://www.sdmx.org/resources/sdmxml/schemas/v2_1/common">NIGER STATISTICAL NUMBER</Name>
        </Code>
        <Code id="21161" urn="urn:sdmx:org.sdmx.infomodel.codelist.Code=ESTAT:CL_NIS_CODE_EGR(1.3).21161">
          <Name xml:lang="en" xmlns="http://www.sdmx.org/resources/sdmxml/schemas/v2_1/common">NIGER TRADE REGISTER NUMBER</Name>
        </Code>
        <Code id="22161" urn="urn:sdmx:org.sdmx.infomodel.codelist.Code=ESTAT:CL_NIS_CODE_EGR(1.3).22161">
          <Name xml:lang="en" xmlns="http://www.sdmx.org/resources/sdmxml/schemas/v2_1/common">NIGER VAT NUMBER</Name>
        </Code>
        <Code id="28161" urn="urn:sdmx:org.sdmx.infomodel.codelist.Code=ESTAT:CL_NIS_CODE_EGR(1.3).28161">
          <Name xml:lang="en" xmlns="http://www.sdmx.org/resources/sdmxml/schemas/v2_1/common">NIGER WVB COMPANY NUMBER</Name>
        </Code>
        <Code id="31163" urn="urn:sdmx:org.sdmx.infomodel.codelist.Code=ESTAT:CL_NIS_CODE_EGR(1.3).31163">
          <Name xml:lang="en" xmlns="http://www.sdmx.org/resources/sdmxml/schemas/v2_1/common">NIGERIA CHAMBER OF COMMERCE NUMBER</Name>
        </Code>
        <Code id="23163" urn="urn:sdmx:org.sdmx.infomodel.codelist.Code=ESTAT:CL_NIS_CODE_EGR(1.3).23163">
          <Name xml:lang="en" xmlns="http://www.sdmx.org/resources/sdmxml/schemas/v2_1/common">NIGERIA COMPANY ID NUMBER</Name>
        </Code>
        <Code id="29163" urn="urn:sdmx:org.sdmx.infomodel.codelist.Code=ESTAT:CL_NIS_CODE_EGR(1.3).29163">
          <Name xml:lang="en" xmlns="http://www.sdmx.org/resources/sdmxml/schemas/v2_1/common">NIGERIA DnB COMPANY NUMBER</Name>
        </Code>
        <Code id="27163" urn="urn:sdmx:org.sdmx.infomodel.codelist.Code=ESTAT:CL_NIS_CODE_EGR(1.3).27163">
          <Name xml:lang="en" xmlns="http://www.sdmx.org/resources/sdmxml/schemas/v2_1/common">NIGERIA IP IDENTIFICATION NUMBER</Name>
        </Code>
        <Code id="32163" urn="urn:sdmx:org.sdmx.infomodel.codelist.Code=ESTAT:CL_NIS_CODE_EGR(1.3).32163">
          <Name xml:lang="en" xmlns="http://www.sdmx.org/resources/sdmxml/schemas/v2_1/common">NIGERIA OTHER ID NUMBER</Name>
        </Code>
        <Code id="25163" urn="urn:sdmx:org.sdmx.infomodel.codelist.Code=ESTAT:CL_NIS_CODE_EGR(1.3).25163">
          <Name xml:lang="en" xmlns="http://www.sdmx.org/resources/sdmxml/schemas/v2_1/common">NIGERIA STATISTICAL NUMBER</Name>
        </Code>
        <Code id="21163" urn="urn:sdmx:org.sdmx.infomodel.codelist.Code=ESTAT:CL_NIS_CODE_EGR(1.3).21163">
          <Name xml:lang="en" xmlns="http://www.sdmx.org/resources/sdmxml/schemas/v2_1/common">NIGERIA TRADE REGISTER NUMBER</Name>
        </Code>
        <Code id="22163" urn="urn:sdmx:org.sdmx.infomodel.codelist.Code=ESTAT:CL_NIS_CODE_EGR(1.3).22163">
          <Name xml:lang="en" xmlns="http://www.sdmx.org/resources/sdmxml/schemas/v2_1/common">NIGERIA VAT NUMBER</Name>
        </Code>
        <Code id="28163" urn="urn:sdmx:org.sdmx.infomodel.codelist.Code=ESTAT:CL_NIS_CODE_EGR(1.3).28163">
          <Name xml:lang="en" xmlns="http://www.sdmx.org/resources/sdmxml/schemas/v2_1/common">NIGERIA WVB COMPANY NUMBER</Name>
        </Code>
        <Code id="31169" urn="urn:sdmx:org.sdmx.infomodel.codelist.Code=ESTAT:CL_NIS_CODE_EGR(1.3).31169">
          <Name xml:lang="en" xmlns="http://www.sdmx.org/resources/sdmxml/schemas/v2_1/common">NIUE CHAMBER OF COMMERCE NUMBER</Name>
        </Code>
        <Code id="23169" urn="urn:sdmx:org.sdmx.infomodel.codelist.Code=ESTAT:CL_NIS_CODE_EGR(1.3).23169">
          <Name xml:lang="en" xmlns="http://www.sdmx.org/resources/sdmxml/schemas/v2_1/common">NIUE COMPANY ID NUMBER</Name>
        </Code>
        <Code id="29169" urn="urn:sdmx:org.sdmx.infomodel.codelist.Code=ESTAT:CL_NIS_CODE_EGR(1.3).29169">
          <Name xml:lang="en" xmlns="http://www.sdmx.org/resources/sdmxml/schemas/v2_1/common">NIUE DnB COMPANY NUMBER</Name>
        </Code>
        <Code id="27169" urn="urn:sdmx:org.sdmx.infomodel.codelist.Code=ESTAT:CL_NIS_CODE_EGR(1.3).27169">
          <Name xml:lang="en" xmlns="http://www.sdmx.org/resources/sdmxml/schemas/v2_1/common">NIUE IP IDENTIFICATION NUMBER</Name>
        </Code>
        <Code id="32169" urn="urn:sdmx:org.sdmx.infomodel.codelist.Code=ESTAT:CL_NIS_CODE_EGR(1.3).32169">
          <Name xml:lang="en" xmlns="http://www.sdmx.org/resources/sdmxml/schemas/v2_1/common">NIUE OTHER ID NUMBER</Name>
        </Code>
        <Code id="25169" urn="urn:sdmx:org.sdmx.infomodel.codelist.Code=ESTAT:CL_NIS_CODE_EGR(1.3).25169">
          <Name xml:lang="en" xmlns="http://www.sdmx.org/resources/sdmxml/schemas/v2_1/common">NIUE STATISTICAL NUMBER</Name>
        </Code>
        <Code id="21169" urn="urn:sdmx:org.sdmx.infomodel.codelist.Code=ESTAT:CL_NIS_CODE_EGR(1.3).21169">
          <Name xml:lang="en" xmlns="http://www.sdmx.org/resources/sdmxml/schemas/v2_1/common">NIUE TRADE REGISTER NUMBER</Name>
        </Code>
        <Code id="22169" urn="urn:sdmx:org.sdmx.infomodel.codelist.Code=ESTAT:CL_NIS_CODE_EGR(1.3).22169">
          <Name xml:lang="en" xmlns="http://www.sdmx.org/resources/sdmxml/schemas/v2_1/common">NIUE VAT NUMBER</Name>
        </Code>
        <Code id="28169" urn="urn:sdmx:org.sdmx.infomodel.codelist.Code=ESTAT:CL_NIS_CODE_EGR(1.3).28169">
          <Name xml:lang="en" xmlns="http://www.sdmx.org/resources/sdmxml/schemas/v2_1/common">NIUE WVB COMPANY NUMBER</Name>
        </Code>
        <Code id="31162" urn="urn:sdmx:org.sdmx.infomodel.codelist.Code=ESTAT:CL_NIS_CODE_EGR(1.3).31162">
          <Name xml:lang="en" xmlns="http://www.sdmx.org/resources/sdmxml/schemas/v2_1/common">NORFOLK ISLAND CHAMBER OF COMMERCE NUMBER</Name>
        </Code>
        <Code id="23162" urn="urn:sdmx:org.sdmx.infomodel.codelist.Code=ESTAT:CL_NIS_CODE_EGR(1.3).23162">
          <Name xml:lang="en" xmlns="http://www.sdmx.org/resources/sdmxml/schemas/v2_1/common">NORFOLK ISLAND COMPANY ID NUMBER</Name>
        </Code>
        <Code id="29162" urn="urn:sdmx:org.sdmx.infomodel.codelist.Code=ESTAT:CL_NIS_CODE_EGR(1.3).29162">
          <Name xml:lang="en" xmlns="http://www.sdmx.org/resources/sdmxml/schemas/v2_1/common">NORFOLK ISLAND DnB COMPANY NUMBER</Name>
        </Code>
        <Code id="27162" urn="urn:sdmx:org.sdmx.infomodel.codelist.Code=ESTAT:CL_NIS_CODE_EGR(1.3).27162">
          <Name xml:lang="en" xmlns="http://www.sdmx.org/resources/sdmxml/schemas/v2_1/common">NORFOLK ISLAND IP IDENTIFICATION NUMBER</Name>
        </Code>
        <Code id="32162" urn="urn:sdmx:org.sdmx.infomodel.codelist.Code=ESTAT:CL_NIS_CODE_EGR(1.3).32162">
          <Name xml:lang="en" xmlns="http://www.sdmx.org/resources/sdmxml/schemas/v2_1/common">NORFOLK ISLAND OTHER ID NUMBER</Name>
        </Code>
        <Code id="25162" urn="urn:sdmx:org.sdmx.infomodel.codelist.Code=ESTAT:CL_NIS_CODE_EGR(1.3).25162">
          <Name xml:lang="en" xmlns="http://www.sdmx.org/resources/sdmxml/schemas/v2_1/common">NORFOLK ISLAND STATISTICAL NUMBER</Name>
        </Code>
        <Code id="21162" urn="urn:sdmx:org.sdmx.infomodel.codelist.Code=ESTAT:CL_NIS_CODE_EGR(1.3).21162">
          <Name xml:lang="en" xmlns="http://www.sdmx.org/resources/sdmxml/schemas/v2_1/common">NORFOLK ISLAND TRADE REGISTER NUMBER</Name>
        </Code>
        <Code id="22162" urn="urn:sdmx:org.sdmx.infomodel.codelist.Code=ESTAT:CL_NIS_CODE_EGR(1.3).22162">
          <Name xml:lang="en" xmlns="http://www.sdmx.org/resources/sdmxml/schemas/v2_1/common">NORFOLK ISLAND VAT NUMBER</Name>
        </Code>
        <Code id="28162" urn="urn:sdmx:org.sdmx.infomodel.codelist.Code=ESTAT:CL_NIS_CODE_EGR(1.3).28162">
          <Name xml:lang="en" xmlns="http://www.sdmx.org/resources/sdmxml/schemas/v2_1/common">NORFOLK ISLAND WVB COMPANY NUMBER</Name>
        </Code>
        <Code id="31148" urn="urn:sdmx:org.sdmx.infomodel.codelist.Code=ESTAT:CL_NIS_CODE_EGR(1.3).31148">
          <Name xml:lang="en" xmlns="http://www.sdmx.org/resources/sdmxml/schemas/v2_1/common">NORTHERN MARIANA ISLANDS CHAMBER OF COMMERCE NUMBER</Name>
        </Code>
        <Code id="23148" urn="urn:sdmx:org.sdmx.infomodel.codelist.Code=ESTAT:CL_NIS_CODE_EGR(1.3).23148">
          <Name xml:lang="en" xmlns="http://www.sdmx.org/resources/sdmxml/schemas/v2_1/common">NORTHERN MARIANA ISLANDS COMPANY ID NUMBER</Name>
        </Code>
        <Code id="29148" urn="urn:sdmx:org.sdmx.infomodel.codelist.Code=ESTAT:CL_NIS_CODE_EGR(1.3).29148">
          <Name xml:lang="en" xmlns="http://www.sdmx.org/resources/sdmxml/schemas/v2_1/common">NORTHERN MARIANA ISLANDS DnB COMPANY NUMBER</Name>
        </Code>
        <Code id="27148" urn="urn:sdmx:org.sdmx.infomodel.codelist.Code=ESTAT:CL_NIS_CODE_EGR(1.3).27148">
          <Name xml:lang="en" xmlns="http://www.sdmx.org/resources/sdmxml/schemas/v2_1/common">NORTHERN MARIANA ISLANDS IP IDENTIFICATION NUMBER</Name>
        </Code>
        <Code id="32148" urn="urn:sdmx:org.sdmx.infomodel.codelist.Code=ESTAT:CL_NIS_CODE_EGR(1.3).32148">
          <Name xml:lang="en" xmlns="http://www.sdmx.org/resources/sdmxml/schemas/v2_1/common">NORTHERN MARIANA ISLANDS OTHER ID NUMBER</Name>
        </Code>
        <Code id="25148" urn="urn:sdmx:org.sdmx.infomodel.codelist.Code=ESTAT:CL_NIS_CODE_EGR(1.3).25148">
          <Name xml:lang="en" xmlns="http://www.sdmx.org/resources/sdmxml/schemas/v2_1/common">NORTHERN MARIANA ISLANDS STATISTICAL NUMBER</Name>
        </Code>
        <Code id="21148" urn="urn:sdmx:org.sdmx.infomodel.codelist.Code=ESTAT:CL_NIS_CODE_EGR(1.3).21148">
          <Name xml:lang="en" xmlns="http://www.sdmx.org/resources/sdmxml/schemas/v2_1/common">NORTHERN MARIANA ISLANDS TRADE REGISTER NUMBER</Name>
        </Code>
        <Code id="22148" urn="urn:sdmx:org.sdmx.infomodel.codelist.Code=ESTAT:CL_NIS_CODE_EGR(1.3).22148">
          <Name xml:lang="en" xmlns="http://www.sdmx.org/resources/sdmxml/schemas/v2_1/common">NORTHERN MARIANA ISLANDS VAT NUMBER</Name>
        </Code>
        <Code id="28148" urn="urn:sdmx:org.sdmx.infomodel.codelist.Code=ESTAT:CL_NIS_CODE_EGR(1.3).28148">
          <Name xml:lang="en" xmlns="http://www.sdmx.org/resources/sdmxml/schemas/v2_1/common">NORTHERN MARIANA ISLANDS WVB COMPANY NUMBER</Name>
        </Code>
        <Code id="31166" urn="urn:sdmx:org.sdmx.infomodel.codelist.Code=ESTAT:CL_NIS_CODE_EGR(1.3).31166">
          <Name xml:lang="en" xmlns="http://www.sdmx.org/resources/sdmxml/schemas/v2_1/common">NORWAY CHAMBER OF COMMERCE NUMBER</Name>
        </Code>
        <Code id="23166" urn="urn:sdmx:org.sdmx.infomodel.codelist.Code=ESTAT:CL_NIS_CODE_EGR(1.3).23166">
          <Name xml:lang="en" xmlns="http://www.sdmx.org/resources/sdmxml/schemas/v2_1/common">NORWAY COMPANY ID NUMBER</Name>
        </Code>
        <Code id="29166" urn="urn:sdmx:org.sdmx.infomodel.codelist.Code=ESTAT:CL_NIS_CODE_EGR(1.3).29166">
          <Name xml:lang="en" xmlns="http://www.sdmx.org/resources/sdmxml/schemas/v2_1/common">NORWAY DnB COMPANY NUMBER</Name>
        </Code>
        <Code id="27166" urn="urn:sdmx:org.sdmx.infomodel.codelist.Code=ESTAT:CL_NIS_CODE_EGR(1.3).27166">
          <Name xml:lang="en" xmlns="http://www.sdmx.org/resources/sdmxml/schemas/v2_1/common">NORWAY IP IDENTIFICATION NUMBER</Name>
        </Code>
        <Code id="32166" urn="urn:sdmx:org.sdmx.infomodel.codelist.Code=ESTAT:CL_NIS_CODE_EGR(1.3).32166">
          <Name xml:lang="en" xmlns="http://www.sdmx.org/resources/sdmxml/schemas/v2_1/common">NORWAY OTHER ID NUMBER</Name>
        </Code>
        <Code id="25166" urn="urn:sdmx:org.sdmx.infomodel.codelist.Code=ESTAT:CL_NIS_CODE_EGR(1.3).25166">
          <Name xml:lang="en" xmlns="http://www.sdmx.org/resources/sdmxml/schemas/v2_1/common">NORWAY STATISTICAL NUMBER</Name>
        </Code>
        <Code id="21166" urn="urn:sdmx:org.sdmx.infomodel.codelist.Code=ESTAT:CL_NIS_CODE_EGR(1.3).21166">
          <Name xml:lang="en" xmlns="http://www.sdmx.org/resources/sdmxml/schemas/v2_1/common">NORWAY TRADE REGISTER NUMBER</Name>
        </Code>
        <Code id="22166" urn="urn:sdmx:org.sdmx.infomodel.codelist.Code=ESTAT:CL_NIS_CODE_EGR(1.3).22166">
          <Name xml:lang="en" xmlns="http://www.sdmx.org/resources/sdmxml/schemas/v2_1/common">NORWAY VAT NUMBER</Name>
        </Code>
        <Code id="28166" urn="urn:sdmx:org.sdmx.infomodel.codelist.Code=ESTAT:CL_NIS_CODE_EGR(1.3).28166">
          <Name xml:lang="en" xmlns="http://www.sdmx.org/resources/sdmxml/schemas/v2_1/common">NORWAY WVB COMPANY NUMBER</Name>
        </Code>
        <Code id="31171" urn="urn:sdmx:org.sdmx.infomodel.codelist.Code=ESTAT:CL_NIS_CODE_EGR(1.3).31171">
          <Name xml:lang="en" xmlns="http://www.sdmx.org/resources/sdmxml/schemas/v2_1/common">OMAN CHAMBER OF COMMERCE NUMBER</Name>
        </Code>
        <Code id="23171" urn="urn:sdmx:org.sdmx.infomodel.codelist.Code=ESTAT:CL_NIS_CODE_EGR(1.3).23171">
          <Name xml:lang="en" xmlns="http://www.sdmx.org/resources/sdmxml/schemas/v2_1/common">OMAN COMPANY ID NUMBER</Name>
        </Code>
        <Code id="29171" urn="urn:sdmx:org.sdmx.infomodel.codelist.Code=ESTAT:CL_NIS_CODE_EGR(1.3).29171">
          <Name xml:lang="en" xmlns="http://www.sdmx.org/resources/sdmxml/schemas/v2_1/common">OMAN DnB COMPANY NUMBER</Name>
        </Code>
        <Code id="27171" urn="urn:sdmx:org.sdmx.infomodel.codelist.Code=ESTAT:CL_NIS_CODE_EGR(1.3).27171">
          <Name xml:lang="en" xmlns="http://www.sdmx.org/resources/sdmxml/schemas/v2_1/common">OMAN IP IDENTIFICATION NUMBER</Name>
        </Code>
        <Code id="32171" urn="urn:sdmx:org.sdmx.infomodel.codelist.Code=ESTAT:CL_NIS_CODE_EGR(1.3).32171">
          <Name xml:lang="en" xmlns="http://www.sdmx.org/resources/sdmxml/schemas/v2_1/common">OMAN OTHER ID NUMBER</Name>
        </Code>
        <Code id="25171" urn="urn:sdmx:org.sdmx.infomodel.codelist.Code=ESTAT:CL_NIS_CODE_EGR(1.3).25171">
          <Name xml:lang="en" xmlns="http://www.sdmx.org/resources/sdmxml/schemas/v2_1/common">OMAN STATISTICAL NUMBER</Name>
        </Code>
        <Code id="21171" urn="urn:sdmx:org.sdmx.infomodel.codelist.Code=ESTAT:CL_NIS_CODE_EGR(1.3).21171">
          <Name xml:lang="en" xmlns="http://www.sdmx.org/resources/sdmxml/schemas/v2_1/common">OMAN TRADE REGISTER NUMBER</Name>
        </Code>
        <Code id="22171" urn="urn:sdmx:org.sdmx.infomodel.codelist.Code=ESTAT:CL_NIS_CODE_EGR(1.3).22171">
          <Name xml:lang="en" xmlns="http://www.sdmx.org/resources/sdmxml/schemas/v2_1/common">OMAN VAT NUMBER</Name>
        </Code>
        <Code id="28171" urn="urn:sdmx:org.sdmx.infomodel.codelist.Code=ESTAT:CL_NIS_CODE_EGR(1.3).28171">
          <Name xml:lang="en" xmlns="http://www.sdmx.org/resources/sdmxml/schemas/v2_1/common">OMAN WVB COMPANY NUMBER</Name>
        </Code>
        <Code id="31177" urn="urn:sdmx:org.sdmx.infomodel.codelist.Code=ESTAT:CL_NIS_CODE_EGR(1.3).31177">
          <Name xml:lang="en" xmlns="http://www.sdmx.org/resources/sdmxml/schemas/v2_1/common">PAKISTAN CHAMBER OF COMMERCE NUMBER</Name>
        </Code>
        <Code id="23177" urn="urn:sdmx:org.sdmx.infomodel.codelist.Code=ESTAT:CL_NIS_CODE_EGR(1.3).23177">
          <Name xml:lang="en" xmlns="http://www.sdmx.org/resources/sdmxml/schemas/v2_1/common">PAKISTAN COMPANY ID NUMBER</Name>
        </Code>
        <Code id="29177" urn="urn:sdmx:org.sdmx.infomodel.codelist.Code=ESTAT:CL_NIS_CODE_EGR(1.3).29177">
          <Name xml:lang="en" xmlns="http://www.sdmx.org/resources/sdmxml/schemas/v2_1/common">PAKISTAN DnB COMPANY NUMBER</Name>
        </Code>
        <Code id="27177" urn="urn:sdmx:org.sdmx.infomodel.codelist.Code=ESTAT:CL_NIS_CODE_EGR(1.3).27177">
          <Name xml:lang="en" xmlns="http://www.sdmx.org/resources/sdmxml/schemas/v2_1/common">PAKISTAN IP IDENTIFICATION NUMBER</Name>
        </Code>
        <Code id="32177" urn="urn:sdmx:org.sdmx.infomodel.codelist.Code=ESTAT:CL_NIS_CODE_EGR(1.3).32177">
          <Name xml:lang="en" xmlns="http://www.sdmx.org/resources/sdmxml/schemas/v2_1/common">PAKISTAN OTHER ID NUMBER</Name>
        </Code>
        <Code id="25177" urn="urn:sdmx:org.sdmx.infomodel.codelist.Code=ESTAT:CL_NIS_CODE_EGR(1.3).25177">
          <Name xml:lang="en" xmlns="http://www.sdmx.org/resources/sdmxml/schemas/v2_1/common">PAKISTAN STATISTICAL NUMBER</Name>
        </Code>
        <Code id="21177" urn="urn:sdmx:org.sdmx.infomodel.codelist.Code=ESTAT:CL_NIS_CODE_EGR(1.3).21177">
          <Name xml:lang="en" xmlns="http://www.sdmx.org/resources/sdmxml/schemas/v2_1/common">PAKISTAN TRADE REGISTER NUMBER</Name>
        </Code>
        <Code id="22177" urn="urn:sdmx:org.sdmx.infomodel.codelist.Code=ESTAT:CL_NIS_CODE_EGR(1.3).22177">
          <Name xml:lang="en" xmlns="http://www.sdmx.org/resources/sdmxml/schemas/v2_1/common">PAKISTAN VAT NUMBER</Name>
        </Code>
        <Code id="28177" urn="urn:sdmx:org.sdmx.infomodel.codelist.Code=ESTAT:CL_NIS_CODE_EGR(1.3).28177">
          <Name xml:lang="en" xmlns="http://www.sdmx.org/resources/sdmxml/schemas/v2_1/common">PAKISTAN WVB COMPANY NUMBER</Name>
        </Code>
        <Code id="31184" urn="urn:sdmx:org.sdmx.infomodel.codelist.Code=ESTAT:CL_NIS_CODE_EGR(1.3).31184">
          <Name xml:lang="en" xmlns="http://www.sdmx.org/resources/sdmxml/schemas/v2_1/common">PALAU CHAMBER OF COMMERCE NUMBER</Name>
        </Code>
        <Code id="23184" urn="urn:sdmx:org.sdmx.infomodel.codelist.Code=ESTAT:CL_NIS_CODE_EGR(1.3).23184">
          <Name xml:lang="en" xmlns="http://www.sdmx.org/resources/sdmxml/schemas/v2_1/common">PALAU COMPANY ID NUMBER</Name>
        </Code>
        <Code id="29184" urn="urn:sdmx:org.sdmx.infomodel.codelist.Code=ESTAT:CL_NIS_CODE_EGR(1.3).29184">
          <Name xml:lang="en" xmlns="http://www.sdmx.org/resources/sdmxml/schemas/v2_1/common">PALAU DnB COMPANY NUMBER</Name>
        </Code>
        <Code id="27184" urn="urn:sdmx:org.sdmx.infomodel.codelist.Code=ESTAT:CL_NIS_CODE_EGR(1.3).27184">
          <Name xml:lang="en" xmlns="http://www.sdmx.org/resources/sdmxml/schemas/v2_1/common">PALAU IP IDENTIFICATION NUMBER</Name>
        </Code>
        <Code id="32184" urn="urn:sdmx:org.sdmx.infomodel.codelist.Code=ESTAT:CL_NIS_CODE_EGR(1.3).32184">
          <Name xml:lang="en" xmlns="http://www.sdmx.org/resources/sdmxml/schemas/v2_1/common">PALAU OTHER ID NUMBER</Name>
        </Code>
        <Code id="25184" urn="urn:sdmx:org.sdmx.infomodel.codelist.Code=ESTAT:CL_NIS_CODE_EGR(1.3).25184">
          <Name xml:lang="en" xmlns="http://www.sdmx.org/resources/sdmxml/schemas/v2_1/common">PALAU STATISTICAL NUMBER</Name>
        </Code>
        <Code id="21184" urn="urn:sdmx:org.sdmx.infomodel.codelist.Code=ESTAT:CL_NIS_CODE_EGR(1.3).21184">
          <Name xml:lang="en" xmlns="http://www.sdmx.org/resources/sdmxml/schemas/v2_1/common">PALAU TRADE REGISTER NUMBER</Name>
        </Code>
        <Code id="22184" urn="urn:sdmx:org.sdmx.infomodel.codelist.Code=ESTAT:CL_NIS_CODE_EGR(1.3).22184">
          <Name xml:lang="en" xmlns="http://www.sdmx.org/resources/sdmxml/schemas/v2_1/common">PALAU VAT NUMBER</Name>
        </Code>
        <Code id="28184" urn="urn:sdmx:org.sdmx.infomodel.codelist.Code=ESTAT:CL_NIS_CODE_EGR(1.3).28184">
          <Name xml:lang="en" xmlns="http://www.sdmx.org/resources/sdmxml/schemas/v2_1/common">PALAU WVB COMPANY NUMBER</Name>
        </Code>
        <Code id="31182" urn="urn:sdmx:org.sdmx.infomodel.codelist.Code=ESTAT:CL_NIS_CODE_EGR(1.3).31182">
          <Name xml:lang="en" xmlns="http://www.sdmx.org/resources/sdmxml/schemas/v2_1/common">PALESTINIAN TERRITORY CHAMBER OF COMMERCE NUMBER</Name>
        </Code>
        <Code id="23182" urn="urn:sdmx:org.sdmx.infomodel.codelist.Code=ESTAT:CL_NIS_CODE_EGR(1.3).23182">
          <Name xml:lang="en" xmlns="http://www.sdmx.org/resources/sdmxml/schemas/v2_1/common">PALESTINIAN TERRITORY COMPANY ID NUMBER</Name>
        </Code>
        <Code id="29182" urn="urn:sdmx:org.sdmx.infomodel.codelist.Code=ESTAT:CL_NIS_CODE_EGR(1.3).29182">
          <Name xml:lang="en" xmlns="http://www.sdmx.org/resources/sdmxml/schemas/v2_1/common">PALESTINIAN TERRITORY DnB COMPANY NUMBER</Name>
        </Code>
        <Code id="27182" urn="urn:sdmx:org.sdmx.infomodel.codelist.Code=ESTAT:CL_NIS_CODE_EGR(1.3).27182">
          <Name xml:lang="en" xmlns="http://www.sdmx.org/resources/sdmxml/schemas/v2_1/common">PALESTINIAN TERRITORY IP IDENTIFICATION NUMBER</Name>
        </Code>
        <Code id="32182" urn="urn:sdmx:org.sdmx.infomodel.codelist.Code=ESTAT:CL_NIS_CODE_EGR(1.3).32182">
          <Name xml:lang="en" xmlns="http://www.sdmx.org/resources/sdmxml/schemas/v2_1/common">PALESTINIAN TERRITORY OTHER ID NUMBER</Name>
        </Code>
        <Code id="25182" urn="urn:sdmx:org.sdmx.infomodel.codelist.Code=ESTAT:CL_NIS_CODE_EGR(1.3).25182">
          <Name xml:lang="en" xmlns="http://www.sdmx.org/resources/sdmxml/schemas/v2_1/common">PALESTINIAN TERRITORY STATISTICAL NUMBER</Name>
        </Code>
        <Code id="21182" urn="urn:sdmx:org.sdmx.infomodel.codelist.Code=ESTAT:CL_NIS_CODE_EGR(1.3).21182">
          <Name xml:lang="en" xmlns="http://www.sdmx.org/resources/sdmxml/schemas/v2_1/common">PALESTINIAN TERRITORY TRADE REGISTER NUMBER</Name>
        </Code>
        <Code id="22182" urn="urn:sdmx:org.sdmx.infomodel.codelist.Code=ESTAT:CL_NIS_CODE_EGR(1.3).22182">
          <Name xml:lang="en" xmlns="http://www.sdmx.org/resources/sdmxml/schemas/v2_1/common">PALESTINIAN TERRITORY VAT NUMBER</Name>
        </Code>
        <Code id="28182" urn="urn:sdmx:org.sdmx.infomodel.codelist.Code=ESTAT:CL_NIS_CODE_EGR(1.3).28182">
          <Name xml:lang="en" xmlns="http://www.sdmx.org/resources/sdmxml/schemas/v2_1/common">PALESTINIAN TERRITORY WVB COMPANY NUMBER</Name>
        </Code>
        <Code id="31172" urn="urn:sdmx:org.sdmx.infomodel.codelist.Code=ESTAT:CL_NIS_CODE_EGR(1.3).31172">
          <Name xml:lang="en" xmlns="http://www.sdmx.org/resources/sdmxml/schemas/v2_1/common">PANAMA CHAMBER OF COMMERCE NUMBER</Name>
        </Code>
        <Code id="23172" urn="urn:sdmx:org.sdmx.infomodel.codelist.Code=ESTAT:CL_NIS_CODE_EGR(1.3).23172">
          <Name xml:lang="en" xmlns="http://www.sdmx.org/resources/sdmxml/schemas/v2_1/common">PANAMA COMPANY ID NUMBER</Name>
        </Code>
        <Code id="29172" urn="urn:sdmx:org.sdmx.infomodel.codelist.Code=ESTAT:CL_NIS_CODE_EGR(1.3).29172">
          <Name xml:lang="en" xmlns="http://www.sdmx.org/resources/sdmxml/schemas/v2_1/common">PANAMA DnB COMPANY NUMBER</Name>
        </Code>
        <Code id="27172" urn="urn:sdmx:org.sdmx.infomodel.codelist.Code=ESTAT:CL_NIS_CODE_EGR(1.3).27172">
          <Name xml:lang="en" xmlns="http://www.sdmx.org/resources/sdmxml/schemas/v2_1/common">PANAMA IP IDENTIFICATION NUMBER</Name>
        </Code>
        <Code id="32172" urn="urn:sdmx:org.sdmx.infomodel.codelist.Code=ESTAT:CL_NIS_CODE_EGR(1.3).32172">
          <Name xml:lang="en" xmlns="http://www.sdmx.org/resources/sdmxml/schemas/v2_1/common">PANAMA OTHER ID NUMBER</Name>
        </Code>
        <Code id="25172" urn="urn:sdmx:org.sdmx.infomodel.codelist.Code=ESTAT:CL_NIS_CODE_EGR(1.3).25172">
          <Name xml:lang="en" xmlns="http://www.sdmx.org/resources/sdmxml/schemas/v2_1/common">PANAMA STATISTICAL NUMBER</Name>
        </Code>
        <Code id="21172" urn="urn:sdmx:org.sdmx.infomodel.codelist.Code=ESTAT:CL_NIS_CODE_EGR(1.3).21172">
          <Name xml:lang="en" xmlns="http://www.sdmx.org/resources/sdmxml/schemas/v2_1/common">PANAMA TRADE REGISTER NUMBER</Name>
        </Code>
        <Code id="22172" urn="urn:sdmx:org.sdmx.infomodel.codelist.Code=ESTAT:CL_NIS_CODE_EGR(1.3).22172">
          <Name xml:lang="en" xmlns="http://www.sdmx.org/resources/sdmxml/schemas/v2_1/common">PANAMA VAT NUMBER</Name>
        </Code>
        <Code id="28172" urn="urn:sdmx:org.sdmx.infomodel.codelist.Code=ESTAT:CL_NIS_CODE_EGR(1.3).28172">
          <Name xml:lang="en" xmlns="http://www.sdmx.org/resources/sdmxml/schemas/v2_1/common">PANAMA WVB COMPANY NUMBER</Name>
        </Code>
        <Code id="31175" urn="urn:sdmx:org.sdmx.infomodel.codelist.Code=ESTAT:CL_NIS_CODE_EGR(1.3).31175">
          <Name xml:lang="en" xmlns="http://www.sdmx.org/resources/sdmxml/schemas/v2_1/common">PAPUA NEW GUINEA CHAMBER OF COMMERCE NUMBER</Name>
        </Code>
        <Code id="23175" urn="urn:sdmx:org.sdmx.infomodel.codelist.Code=ESTAT:CL_NIS_CODE_EGR(1.3).23175">
          <Name xml:lang="en" xmlns="http://www.sdmx.org/resources/sdmxml/schemas/v2_1/common">PAPUA NEW GUINEA COMPANY ID NUMBER</Name>
        </Code>
        <Code id="29175" urn="urn:sdmx:org.sdmx.infomodel.codelist.Code=ESTAT:CL_NIS_CODE_EGR(1.3).29175">
          <Name xml:lang="en" xmlns="http://www.sdmx.org/resources/sdmxml/schemas/v2_1/common">PAPUA NEW GUINEA DnB COMPANY NUMBER</Name>
        </Code>
        <Code id="27175" urn="urn:sdmx:org.sdmx.infomodel.codelist.Code=ESTAT:CL_NIS_CODE_EGR(1.3).27175">
          <Name xml:lang="en" xmlns="http://www.sdmx.org/resources/sdmxml/schemas/v2_1/common">PAPUA NEW GUINEA IP IDENTIFICATION NUMBER</Name>
        </Code>
        <Code id="32175" urn="urn:sdmx:org.sdmx.infomodel.codelist.Code=ESTAT:CL_NIS_CODE_EGR(1.3).32175">
          <Name xml:lang="en" xmlns="http://www.sdmx.org/resources/sdmxml/schemas/v2_1/common">PAPUA NEW GUINEA OTHER ID NUMBER</Name>
        </Code>
        <Code id="25175" urn="urn:sdmx:org.sdmx.infomodel.codelist.Code=ESTAT:CL_NIS_CODE_EGR(1.3).25175">
          <Name xml:lang="en" xmlns="http://www.sdmx.org/resources/sdmxml/schemas/v2_1/common">PAPUA NEW GUINEA STATISTICAL NUMBER</Name>
        </Code>
        <Code id="21175" urn="urn:sdmx:org.sdmx.infomodel.codelist.Code=ESTAT:CL_NIS_CODE_EGR(1.3).21175">
          <Name xml:lang="en" xmlns="http://www.sdmx.org/resources/sdmxml/schemas/v2_1/common">PAPUA NEW GUINEA TRADE REGISTER NUMBER</Name>
        </Code>
        <Code id="22175" urn="urn:sdmx:org.sdmx.infomodel.codelist.Code=ESTAT:CL_NIS_CODE_EGR(1.3).22175">
          <Name xml:lang="en" xmlns="http://www.sdmx.org/resources/sdmxml/schemas/v2_1/common">PAPUA NEW GUINEA VAT NUMBER</Name>
        </Code>
        <Code id="28175" urn="urn:sdmx:org.sdmx.infomodel.codelist.Code=ESTAT:CL_NIS_CODE_EGR(1.3).28175">
          <Name xml:lang="en" xmlns="http://www.sdmx.org/resources/sdmxml/schemas/v2_1/common">PAPUA NEW GUINEA WVB COMPANY NUMBER</Name>
        </Code>
        <Code id="31185" urn="urn:sdmx:org.sdmx.infomodel.codelist.Code=ESTAT:CL_NIS_CODE_EGR(1.3).31185">
          <Name xml:lang="en" xmlns="http://www.sdmx.org/resources/sdmxml/schemas/v2_1/common">PARAGUAY CHAMBER OF COMMERCE NUMBER</Name>
        </Code>
        <Code id="23185" urn="urn:sdmx:org.sdmx.infomodel.codelist.Code=ESTAT:CL_NIS_CODE_EGR(1.3).23185">
          <Name xml:lang="en" xmlns="http://www.sdmx.org/resources/sdmxml/schemas/v2_1/common">PARAGUAY COMPANY ID NUMBER</Name>
        </Code>
        <Code id="29185" urn="urn:sdmx:org.sdmx.infomodel.codelist.Code=ESTAT:CL_NIS_CODE_EGR(1.3).29185">
          <Name xml:lang="en" xmlns="http://www.sdmx.org/resources/sdmxml/schemas/v2_1/common">PARAGUAY DnB COMPANY NUMBER</Name>
        </Code>
        <Code id="27185" urn="urn:sdmx:org.sdmx.infomodel.codelist.Code=ESTAT:CL_NIS_CODE_EGR(1.3).27185">
          <Name xml:lang="en" xmlns="http://www.sdmx.org/resources/sdmxml/schemas/v2_1/common">PARAGUAY IP IDENTIFICATION NUMBER</Name>
        </Code>
        <Code id="32185" urn="urn:sdmx:org.sdmx.infomodel.codelist.Code=ESTAT:CL_NIS_CODE_EGR(1.3).32185">
          <Name xml:lang="en" xmlns="http://www.sdmx.org/resources/sdmxml/schemas/v2_1/common">PARAGUAY OTHER ID NUMBER</Name>
        </Code>
        <Code id="25185" urn="urn:sdmx:org.sdmx.infomodel.codelist.Code=ESTAT:CL_NIS_CODE_EGR(1.3).25185">
          <Name xml:lang="en" xmlns="http://www.sdmx.org/resources/sdmxml/schemas/v2_1/common">PARAGUAY STATISTICAL NUMBER</Name>
        </Code>
        <Code id="21185" urn="urn:sdmx:org.sdmx.infomodel.codelist.Code=ESTAT:CL_NIS_CODE_EGR(1.3).21185">
          <Name xml:lang="en" xmlns="http://www.sdmx.org/resources/sdmxml/schemas/v2_1/common">PARAGUAY TRADE REGISTER NUMBER</Name>
        </Code>
        <Code id="22185" urn="urn:sdmx:org.sdmx.infomodel.codelist.Code=ESTAT:CL_NIS_CODE_EGR(1.3).22185">
          <Name xml:lang="en" xmlns="http://www.sdmx.org/resources/sdmxml/schemas/v2_1/common">PARAGUAY VAT NUMBER</Name>
        </Code>
        <Code id="28185" urn="urn:sdmx:org.sdmx.infomodel.codelist.Code=ESTAT:CL_NIS_CODE_EGR(1.3).28185">
          <Name xml:lang="en" xmlns="http://www.sdmx.org/resources/sdmxml/schemas/v2_1/common">PARAGUAY WVB COMPANY NUMBER</Name>
        </Code>
        <Code id="31173" urn="urn:sdmx:org.sdmx.infomodel.codelist.Code=ESTAT:CL_NIS_CODE_EGR(1.3).31173">
          <Name xml:lang="en" xmlns="http://www.sdmx.org/resources/sdmxml/schemas/v2_1/common">PERU CHAMBER OF COMMERCE NUMBER</Name>
        </Code>
        <Code id="23173" urn="urn:sdmx:org.sdmx.infomodel.codelist.Code=ESTAT:CL_NIS_CODE_EGR(1.3).23173">
          <Name xml:lang="en" xmlns="http://www.sdmx.org/resources/sdmxml/schemas/v2_1/common">PERU COMPANY ID NUMBER</Name>
        </Code>
        <Code id="29173" urn="urn:sdmx:org.sdmx.infomodel.codelist.Code=ESTAT:CL_NIS_CODE_EGR(1.3).29173">
          <Name xml:lang="en" xmlns="http://www.sdmx.org/resources/sdmxml/schemas/v2_1/common">PERU DnB COMPANY NUMBER</Name>
        </Code>
        <Code id="27173" urn="urn:sdmx:org.sdmx.infomodel.codelist.Code=ESTAT:CL_NIS_CODE_EGR(1.3).27173">
          <Name xml:lang="en" xmlns="http://www.sdmx.org/resources/sdmxml/schemas/v2_1/common">PERU IP IDENTIFICATION NUMBER</Name>
        </Code>
        <Code id="32173" urn="urn:sdmx:org.sdmx.infomodel.codelist.Code=ESTAT:CL_NIS_CODE_EGR(1.3).32173">
          <Name xml:lang="en" xmlns="http://www.sdmx.org/resources/sdmxml/schemas/v2_1/common">PERU OTHER ID NUMBER</Name>
        </Code>
        <Code id="25173" urn="urn:sdmx:org.sdmx.infomodel.codelist.Code=ESTAT:CL_NIS_CODE_EGR(1.3).25173">
          <Name xml:lang="en" xmlns="http://www.sdmx.org/resources/sdmxml/schemas/v2_1/common">PERU STATISTICAL NUMBER</Name>
        </Code>
        <Code id="21173" urn="urn:sdmx:org.sdmx.infomodel.codelist.Code=ESTAT:CL_NIS_CODE_EGR(1.3).21173">
          <Name xml:lang="en" xmlns="http://www.sdmx.org/resources/sdmxml/schemas/v2_1/common">PERU TRADE REGISTER NUMBER</Name>
        </Code>
        <Code id="22173" urn="urn:sdmx:org.sdmx.infomodel.codelist.Code=ESTAT:CL_NIS_CODE_EGR(1.3).22173">
          <Name xml:lang="en" xmlns="http://www.sdmx.org/resources/sdmxml/schemas/v2_1/common">PERU VAT NUMBER</Name>
        </Code>
        <Code id="28173" urn="urn:sdmx:org.sdmx.infomodel.codelist.Code=ESTAT:CL_NIS_CODE_EGR(1.3).28173">
          <Name xml:lang="en" xmlns="http://www.sdmx.org/resources/sdmxml/schemas/v2_1/common">PERU WVB COMPANY NUMBER</Name>
        </Code>
        <Code id="31176" urn="urn:sdmx:org.sdmx.infomodel.codelist.Code=ESTAT:CL_NIS_CODE_EGR(1.3).31176">
          <Name xml:lang="en" xmlns="http://www.sdmx.org/resources/sdmxml/schemas/v2_1/common">PHILIPPINES CHAMBER OF COMMERCE NUMBER</Name>
        </Code>
        <Code id="23176" urn="urn:sdmx:org.sdmx.infomodel.codelist.Code=ESTAT:CL_NIS_CODE_EGR(1.3).23176">
          <Name xml:lang="en" xmlns="http://www.sdmx.org/resources/sdmxml/schemas/v2_1/common">PHILIPPINES COMPANY ID NUMBER</Name>
        </Code>
        <Code id="29176" urn="urn:sdmx:org.sdmx.infomodel.codelist.Code=ESTAT:CL_NIS_CODE_EGR(1.3).29176">
          <Name xml:lang="en" xmlns="http://www.sdmx.org/resources/sdmxml/schemas/v2_1/common">PHILIPPINES DnB COMPANY NUMBER</Name>
        </Code>
        <Code id="27176" urn="urn:sdmx:org.sdmx.infomodel.codelist.Code=ESTAT:CL_NIS_CODE_EGR(1.3).27176">
          <Name xml:lang="en" xmlns="http://www.sdmx.org/resources/sdmxml/schemas/v2_1/common">PHILIPPINES IP IDENTIFICATION NUMBER</Name>
        </Code>
        <Code id="32176" urn="urn:sdmx:org.sdmx.infomodel.codelist.Code=ESTAT:CL_NIS_CODE_EGR(1.3).32176">
          <Name xml:lang="en" xmlns="http://www.sdmx.org/resources/sdmxml/schemas/v2_1/common">PHILIPPINES OTHER ID NUMBER</Name>
        </Code>
        <Code id="25176" urn="urn:sdmx:org.sdmx.infomodel.codelist.Code=ESTAT:CL_NIS_CODE_EGR(1.3).25176">
          <Name xml:lang="en" xmlns="http://www.sdmx.org/resources/sdmxml/schemas/v2_1/common">PHILIPPINES STATISTICAL NUMBER</Name>
        </Code>
        <Code id="21176" urn="urn:sdmx:org.sdmx.infomodel.codelist.Code=ESTAT:CL_NIS_CODE_EGR(1.3).21176">
          <Name xml:lang="en" xmlns="http://www.sdmx.org/resources/sdmxml/schemas/v2_1/common">PHILIPPINES TRADE REGISTER NUMBER</Name>
        </Code>
        <Code id="22176" urn="urn:sdmx:org.sdmx.infomodel.codelist.Code=ESTAT:CL_NIS_CODE_EGR(1.3).22176">
          <Name xml:lang="en" xmlns="http://www.sdmx.org/resources/sdmxml/schemas/v2_1/common">PHILIPPINES VAT NUMBER</Name>
        </Code>
        <Code id="28176" urn="urn:sdmx:org.sdmx.infomodel.codelist.Code=ESTAT:CL_NIS_CODE_EGR(1.3).28176">
          <Name xml:lang="en" xmlns="http://www.sdmx.org/resources/sdmxml/schemas/v2_1/common">PHILIPPINES WVB COMPANY NUMBER</Name>
        </Code>
        <Code id="31180" urn="urn:sdmx:org.sdmx.infomodel.codelist.Code=ESTAT:CL_NIS_CODE_EGR(1.3).31180">
          <Name xml:lang="en" xmlns="http://www.sdmx.org/resources/sdmxml/schemas/v2_1/common">PITCAIRN CHAMBER OF COMMERCE NUMBER</Name>
        </Code>
        <Code id="23180" urn="urn:sdmx:org.sdmx.infomodel.codelist.Code=ESTAT:CL_NIS_CODE_EGR(1.3).23180">
          <Name xml:lang="en" xmlns="http://www.sdmx.org/resources/sdmxml/schemas/v2_1/common">PITCAIRN COMPANY ID NUMBER</Name>
        </Code>
        <Code id="29180" urn="urn:sdmx:org.sdmx.infomodel.codelist.Code=ESTAT:CL_NIS_CODE_EGR(1.3).29180">
          <Name xml:lang="en" xmlns="http://www.sdmx.org/resources/sdmxml/schemas/v2_1/common">PITCAIRN DnB COMPANY NUMBER</Name>
        </Code>
        <Code id="27180" urn="urn:sdmx:org.sdmx.infomodel.codelist.Code=ESTAT:CL_NIS_CODE_EGR(1.3).27180">
          <Name xml:lang="en" xmlns="http://www.sdmx.org/resources/sdmxml/schemas/v2_1/common">PITCAIRN IP IDENTIFICATION NUMBER</Name>
        </Code>
        <Code id="32180" urn="urn:sdmx:org.sdmx.infomodel.codelist.Code=ESTAT:CL_NIS_CODE_EGR(1.3).32180">
          <Name xml:lang="en" xmlns="http://www.sdmx.org/resources/sdmxml/schemas/v2_1/common">PITCAIRN OTHER ID NUMBER</Name>
        </Code>
        <Code id="25180" urn="urn:sdmx:org.sdmx.infomodel.codelist.Code=ESTAT:CL_NIS_CODE_EGR(1.3).25180">
          <Name xml:lang="en" xmlns="http://www.sdmx.org/resources/sdmxml/schemas/v2_1/common">PITCAIRN STATISTICAL NUMBER</Name>
        </Code>
        <Code id="21180" urn="urn:sdmx:org.sdmx.infomodel.codelist.Code=ESTAT:CL_NIS_CODE_EGR(1.3).21180">
          <Name xml:lang="en" xmlns="http://www.sdmx.org/resources/sdmxml/schemas/v2_1/common">PITCAIRN TRADE REGISTER NUMBER</Name>
        </Code>
        <Code id="22180" urn="urn:sdmx:org.sdmx.infomodel.codelist.Code=ESTAT:CL_NIS_CODE_EGR(1.3).22180">
          <Name xml:lang="en" xmlns="http://www.sdmx.org/resources/sdmxml/schemas/v2_1/common">PITCAIRN VAT NUMBER</Name>
        </Code>
        <Code id="28180" urn="urn:sdmx:org.sdmx.infomodel.codelist.Code=ESTAT:CL_NIS_CODE_EGR(1.3).28180">
          <Name xml:lang="en" xmlns="http://www.sdmx.org/resources/sdmxml/schemas/v2_1/common">PITCAIRN WVB COMPANY NUMBER</Name>
        </Code>
        <Code id="31178" urn="urn:sdmx:org.sdmx.infomodel.codelist.Code=ESTAT:CL_NIS_CODE_EGR(1.3).31178">
          <Name xml:lang="en" xmlns="http://www.sdmx.org/resources/sdmxml/schemas/v2_1/common">POLAND CHAMBER OF COMMERCE NUMBER</Name>
        </Code>
        <Code id="23178" urn="urn:sdmx:org.sdmx.infomodel.codelist.Code=ESTAT:CL_NIS_CODE_EGR(1.3).23178">
          <Name xml:lang="en" xmlns="http://www.sdmx.org/resources/sdmxml/schemas/v2_1/common">POLAND COMPANY ID NUMBER</Name>
        </Code>
        <Code id="29178" urn="urn:sdmx:org.sdmx.infomodel.codelist.Code=ESTAT:CL_NIS_CODE_EGR(1.3).29178">
          <Name xml:lang="en" xmlns="http://www.sdmx.org/resources/sdmxml/schemas/v2_1/common">POLAND DnB COMPANY NUMBER</Name>
        </Code>
        <Code id="27178" urn="urn:sdmx:org.sdmx.infomodel.codelist.Code=ESTAT:CL_NIS_CODE_EGR(1.3).27178">
          <Name xml:lang="en" xmlns="http://www.sdmx.org/resources/sdmxml/schemas/v2_1/common">POLAND IP IDENTIFICATION NUMBER</Name>
        </Code>
        <Code id="32178" urn="urn:sdmx:org.sdmx.infomodel.codelist.Code=ESTAT:CL_NIS_CODE_EGR(1.3).32178">
          <Name xml:lang="en" xmlns="http://www.sdmx.org/resources/sdmxml/schemas/v2_1/common">POLAND OTHER ID NUMBER</Name>
        </Code>
        <Code id="25178" urn="urn:sdmx:org.sdmx.infomodel.codelist.Code=ESTAT:CL_NIS_CODE_EGR(1.3).25178">
          <Name xml:lang="en" xmlns="http://www.sdmx.org/resources/sdmxml/schemas/v2_1/common">POLAND STATISTICAL NUMBER</Name>
        </Code>
        <Code id="21178" urn="urn:sdmx:org.sdmx.infomodel.codelist.Code=ESTAT:CL_NIS_CODE_EGR(1.3).21178">
          <Name xml:lang="en" xmlns="http://www.sdmx.org/resources/sdmxml/schemas/v2_1/common">POLAND TRADE REGISTER NUMBER</Name>
        </Code>
        <Code id="22178" urn="urn:sdmx:org.sdmx.infomodel.codelist.Code=ESTAT:CL_NIS_CODE_EGR(1.3).22178">
          <Name xml:lang="en" xmlns="http://www.sdmx.org/resources/sdmxml/schemas/v2_1/common">POLAND VAT NUMBER</Name>
        </Code>
        <Code id="28178" urn="urn:sdmx:org.sdmx.infomodel.codelist.Code=ESTAT:CL_NIS_CODE_EGR(1.3).28178">
          <Name xml:lang="en" xmlns="http://www.sdmx.org/resources/sdmxml/schemas/v2_1/common">POLAND WVB COMPANY NUMBER</Name>
        </Code>
        <Code id="31183" urn="urn:sdmx:org.sdmx.infomodel.codelist.Code=ESTAT:CL_NIS_CODE_EGR(1.3).31183">
          <Name xml:lang="en" xmlns="http://www.sdmx.org/resources/sdmxml/schemas/v2_1/common">PORTUGAL CHAMBER OF COMMERCE NUMBER</Name>
        </Code>
        <Code id="23183" urn="urn:sdmx:org.sdmx.infomodel.codelist.Code=ESTAT:CL_NIS_CODE_EGR(1.3).23183">
          <Name xml:lang="en" xmlns="http://www.sdmx.org/resources/sdmxml/schemas/v2_1/common">PORTUGAL COMPANY ID NUMBER</Name>
        </Code>
        <Code id="29183" urn="urn:sdmx:org.sdmx.infomodel.codelist.Code=ESTAT:CL_NIS_CODE_EGR(1.3).29183">
          <Name xml:lang="en" xmlns="http://www.sdmx.org/resources/sdmxml/schemas/v2_1/common">PORTUGAL DnB COMPANY NUMBER</Name>
        </Code>
        <Code id="27183" urn="urn:sdmx:org.sdmx.infomodel.codelist.Code=ESTAT:CL_NIS_CODE_EGR(1.3).27183">
          <Name xml:lang="en" xmlns="http://www.sdmx.org/resources/sdmxml/schemas/v2_1/common">PORTUGAL IP IDENTIFICATION NUMBER</Name>
        </Code>
        <Code id="32183" urn="urn:sdmx:org.sdmx.infomodel.codelist.Code=ESTAT:CL_NIS_CODE_EGR(1.3).32183">
          <Name xml:lang="en" xmlns="http://www.sdmx.org/resources/sdmxml/schemas/v2_1/common">PORTUGAL OTHER ID NUMBER</Name>
        </Code>
        <Code id="25183" urn="urn:sdmx:org.sdmx.infomodel.codelist.Code=ESTAT:CL_NIS_CODE_EGR(1.3).25183">
          <Name xml:lang="en" xmlns="http://www.sdmx.org/resources/sdmxml/schemas/v2_1/common">PORTUGAL STATISTICAL NUMBER</Name>
        </Code>
        <Code id="21183" urn="urn:sdmx:org.sdmx.infomodel.codelist.Code=ESTAT:CL_NIS_CODE_EGR(1.3).21183">
          <Name xml:lang="en" xmlns="http://www.sdmx.org/resources/sdmxml/schemas/v2_1/common">PORTUGAL TRADE REGISTER NUMBER</Name>
        </Code>
        <Code id="22183" urn="urn:sdmx:org.sdmx.infomodel.codelist.Code=ESTAT:CL_NIS_CODE_EGR(1.3).22183">
          <Name xml:lang="en" xmlns="http://www.sdmx.org/resources/sdmxml/schemas/v2_1/common">PORTUGAL VAT NUMBER</Name>
        </Code>
        <Code id="28183" urn="urn:sdmx:org.sdmx.infomodel.codelist.Code=ESTAT:CL_NIS_CODE_EGR(1.3).28183">
          <Name xml:lang="en" xmlns="http://www.sdmx.org/resources/sdmxml/schemas/v2_1/common">PORTUGAL WVB COMPANY NUMBER</Name>
        </Code>
        <Code id="31181" urn="urn:sdmx:org.sdmx.infomodel.codelist.Code=ESTAT:CL_NIS_CODE_EGR(1.3).31181">
          <Name xml:lang="en" xmlns="http://www.sdmx.org/resources/sdmxml/schemas/v2_1/common">PUERTO RICO CHAMBER OF COMMERCE NUMBER</Name>
        </Code>
        <Code id="23181" urn="urn:sdmx:org.sdmx.infomodel.codelist.Code=ESTAT:CL_NIS_CODE_EGR(1.3).23181">
          <Name xml:lang="en" xmlns="http://www.sdmx.org/resources/sdmxml/schemas/v2_1/common">PUERTO RICO COMPANY ID NUMBER</Name>
        </Code>
        <Code id="29181" urn="urn:sdmx:org.sdmx.infomodel.codelist.Code=ESTAT:CL_NIS_CODE_EGR(1.3).29181">
          <Name xml:lang="en" xmlns="http://www.sdmx.org/resources/sdmxml/schemas/v2_1/common">PUERTO RICO DnB COMPANY NUMBER</Name>
        </Code>
        <Code id="27181" urn="urn:sdmx:org.sdmx.infomodel.codelist.Code=ESTAT:CL_NIS_CODE_EGR(1.3).27181">
          <Name xml:lang="en" xmlns="http://www.sdmx.org/resources/sdmxml/schemas/v2_1/common">PUERTO RICO IP IDENTIFICATION NUMBER</Name>
        </Code>
        <Code id="32181" urn="urn:sdmx:org.sdmx.infomodel.codelist.Code=ESTAT:CL_NIS_CODE_EGR(1.3).32181">
          <Name xml:lang="en" xmlns="http://www.sdmx.org/resources/sdmxml/schemas/v2_1/common">PUERTO RICO OTHER ID NUMBER</Name>
        </Code>
        <Code id="25181" urn="urn:sdmx:org.sdmx.infomodel.codelist.Code=ESTAT:CL_NIS_CODE_EGR(1.3).25181">
          <Name xml:lang="en" xmlns="http://www.sdmx.org/resources/sdmxml/schemas/v2_1/common">PUERTO RICO STATISTICAL NUMBER</Name>
        </Code>
        <Code id="21181" urn="urn:sdmx:org.sdmx.infomodel.codelist.Code=ESTAT:CL_NIS_CODE_EGR(1.3).21181">
          <Name xml:lang="en" xmlns="http://www.sdmx.org/resources/sdmxml/schemas/v2_1/common">PUERTO RICO TRADE REGISTER NUMBER</Name>
        </Code>
        <Code id="22181" urn="urn:sdmx:org.sdmx.infomodel.codelist.Code=ESTAT:CL_NIS_CODE_EGR(1.3).22181">
          <Name xml:lang="en" xmlns="http://www.sdmx.org/resources/sdmxml/schemas/v2_1/common">PUERTO RICO VAT NUMBER</Name>
        </Code>
        <Code id="28181" urn="urn:sdmx:org.sdmx.infomodel.codelist.Code=ESTAT:CL_NIS_CODE_EGR(1.3).28181">
          <Name xml:lang="en" xmlns="http://www.sdmx.org/resources/sdmxml/schemas/v2_1/common">PUERTO RICO WVB COMPANY NUMBER</Name>
        </Code>
        <Code id="31186" urn="urn:sdmx:org.sdmx.infomodel.codelist.Code=ESTAT:CL_NIS_CODE_EGR(1.3).31186">
          <Name xml:lang="en" xmlns="http://www.sdmx.org/resources/sdmxml/schemas/v2_1/common">QATAR CHAMBER OF COMMERCE NUMBER</Name>
        </Code>
        <Code id="23186" urn="urn:sdmx:org.sdmx.infomodel.codelist.Code=ESTAT:CL_NIS_CODE_EGR(1.3).23186">
          <Name xml:lang="en" xmlns="http://www.sdmx.org/resources/sdmxml/schemas/v2_1/common">QATAR COMPANY ID NUMBER</Name>
        </Code>
        <Code id="29186" urn="urn:sdmx:org.sdmx.infomodel.codelist.Code=ESTAT:CL_NIS_CODE_EGR(1.3).29186">
          <Name xml:lang="en" xmlns="http://www.sdmx.org/resources/sdmxml/schemas/v2_1/common">QATAR DnB COMPANY NUMBER</Name>
        </Code>
        <Code id="27186" urn="urn:sdmx:org.sdmx.infomodel.codelist.Code=ESTAT:CL_NIS_CODE_EGR(1.3).27186">
          <Name xml:lang="en" xmlns="http://www.sdmx.org/resources/sdmxml/schemas/v2_1/common">QATAR IP IDENTIFICATION NUMBER</Name>
        </Code>
        <Code id="32186" urn="urn:sdmx:org.sdmx.infomodel.codelist.Code=ESTAT:CL_NIS_CODE_EGR(1.3).32186">
          <Name xml:lang="en" xmlns="http://www.sdmx.org/resources/sdmxml/schemas/v2_1/common">QATAR OTHER ID NUMBER</Name>
        </Code>
        <Code id="25186" urn="urn:sdmx:org.sdmx.infomodel.codelist.Code=ESTAT:CL_NIS_CODE_EGR(1.3).25186">
          <Name xml:lang="en" xmlns="http://www.sdmx.org/resources/sdmxml/schemas/v2_1/common">QATAR STATISTICAL NUMBER</Name>
        </Code>
        <Code id="21186" urn="urn:sdmx:org.sdmx.infomodel.codelist.Code=ESTAT:CL_NIS_CODE_EGR(1.3).21186">
          <Name xml:lang="en" xmlns="http://www.sdmx.org/resources/sdmxml/schemas/v2_1/common">QATAR TRADE REGISTER NUMBER</Name>
        </Code>
        <Code id="22186" urn="urn:sdmx:org.sdmx.infomodel.codelist.Code=ESTAT:CL_NIS_CODE_EGR(1.3).22186">
          <Name xml:lang="en" xmlns="http://www.sdmx.org/resources/sdmxml/schemas/v2_1/common">QATAR VAT NUMBER</Name>
        </Code>
        <Code id="28186" urn="urn:sdmx:org.sdmx.infomodel.codelist.Code=ESTAT:CL_NIS_CODE_EGR(1.3).28186">
          <Name xml:lang="en" xmlns="http://www.sdmx.org/resources/sdmxml/schemas/v2_1/common">QATAR WVB COMPANY NUMBER</Name>
        </Code>
        <Code id="31121" urn="urn:sdmx:org.sdmx.infomodel.codelist.Code=ESTAT:CL_NIS_CODE_EGR(1.3).31121">
          <Name xml:lang="en" xmlns="http://www.sdmx.org/resources/sdmxml/schemas/v2_1/common">REPUBLIC OF KOREA CHAMBER OF COMMERCE NUMBER</Name>
        </Code>
        <Code id="23121" urn="urn:sdmx:org.sdmx.infomodel.codelist.Code=ESTAT:CL_NIS_CODE_EGR(1.3).23121">
          <Name xml:lang="en" xmlns="http://www.sdmx.org/resources/sdmxml/schemas/v2_1/common">REPUBLIC OF KOREA COMPANY ID NUMBER</Name>
        </Code>
        <Code id="29121" urn="urn:sdmx:org.sdmx.infomodel.codelist.Code=ESTAT:CL_NIS_CODE_EGR(1.3).29121">
          <Name xml:lang="en" xmlns="http://www.sdmx.org/resources/sdmxml/schemas/v2_1/common">REPUBLIC OF KOREA DnB COMPANY NUMBER</Name>
        </Code>
        <Code id="27121" urn="urn:sdmx:org.sdmx.infomodel.codelist.Code=ESTAT:CL_NIS_CODE_EGR(1.3).27121">
          <Name xml:lang="en" xmlns="http://www.sdmx.org/resources/sdmxml/schemas/v2_1/common">REPUBLIC OF KOREA IP IDENTIFICATION NUMBER</Name>
        </Code>
        <Code id="32121" urn="urn:sdmx:org.sdmx.infomodel.codelist.Code=ESTAT:CL_NIS_CODE_EGR(1.3).32121">
          <Name xml:lang="en" xmlns="http://www.sdmx.org/resources/sdmxml/schemas/v2_1/common">REPUBLIC OF KOREA OTHER ID NUMBER</Name>
        </Code>
        <Code id="25121" urn="urn:sdmx:org.sdmx.infomodel.codelist.Code=ESTAT:CL_NIS_CODE_EGR(1.3).25121">
          <Name xml:lang="en" xmlns="http://www.sdmx.org/resources/sdmxml/schemas/v2_1/common">REPUBLIC OF KOREA STATISTICAL NUMBER</Name>
        </Code>
        <Code id="21121" urn="urn:sdmx:org.sdmx.infomodel.codelist.Code=ESTAT:CL_NIS_CODE_EGR(1.3).21121">
          <Name xml:lang="en" xmlns="http://www.sdmx.org/resources/sdmxml/schemas/v2_1/common">REPUBLIC OF KOREA TRADE REGISTER NUMBER</Name>
        </Code>
        <Code id="22121" urn="urn:sdmx:org.sdmx.infomodel.codelist.Code=ESTAT:CL_NIS_CODE_EGR(1.3).22121">
          <Name xml:lang="en" xmlns="http://www.sdmx.org/resources/sdmxml/schemas/v2_1/common">REPUBLIC OF KOREA VAT NUMBER</Name>
        </Code>
        <Code id="28121" urn="urn:sdmx:org.sdmx.infomodel.codelist.Code=ESTAT:CL_NIS_CODE_EGR(1.3).28121">
          <Name xml:lang="en" xmlns="http://www.sdmx.org/resources/sdmxml/schemas/v2_1/common">REPUBLIC OF KOREA WVB COMPANY NUMBER</Name>
        </Code>
        <Code id="31187" urn="urn:sdmx:org.sdmx.infomodel.codelist.Code=ESTAT:CL_NIS_CODE_EGR(1.3).31187">
          <Name xml:lang="en" xmlns="http://www.sdmx.org/resources/sdmxml/schemas/v2_1/common">REUNION CHAMBER OF COMMERCE NUMBER</Name>
        </Code>
        <Code id="23187" urn="urn:sdmx:org.sdmx.infomodel.codelist.Code=ESTAT:CL_NIS_CODE_EGR(1.3).23187">
          <Name xml:lang="en" xmlns="http://www.sdmx.org/resources/sdmxml/schemas/v2_1/common">REUNION COMPANY ID NUMBER</Name>
        </Code>
        <Code id="29187" urn="urn:sdmx:org.sdmx.infomodel.codelist.Code=ESTAT:CL_NIS_CODE_EGR(1.3).29187">
          <Name xml:lang="en" xmlns="http://www.sdmx.org/resources/sdmxml/schemas/v2_1/common">REUNION DnB COMPANY NUMBER</Name>
        </Code>
        <Code id="27187" urn="urn:sdmx:org.sdmx.infomodel.codelist.Code=ESTAT:CL_NIS_CODE_EGR(1.3).27187">
          <Name xml:lang="en" xmlns="http://www.sdmx.org/resources/sdmxml/schemas/v2_1/common">REUNION IP IDENTIFICATION NUMBER</Name>
        </Code>
        <Code id="32187" urn="urn:sdmx:org.sdmx.infomodel.codelist.Code=ESTAT:CL_NIS_CODE_EGR(1.3).32187">
          <Name xml:lang="en" xmlns="http://www.sdmx.org/resources/sdmxml/schemas/v2_1/common">REUNION OTHER ID NUMBER</Name>
        </Code>
        <Code id="25187" urn="urn:sdmx:org.sdmx.infomodel.codelist.Code=ESTAT:CL_NIS_CODE_EGR(1.3).25187">
          <Name xml:lang="en" xmlns="http://www.sdmx.org/resources/sdmxml/schemas/v2_1/common">REUNION STATISTICAL NUMBER</Name>
        </Code>
        <Code id="21187" urn="urn:sdmx:org.sdmx.infomodel.codelist.Code=ESTAT:CL_NIS_CODE_EGR(1.3).21187">
          <Name xml:lang="en" xmlns="http://www.sdmx.org/resources/sdmxml/schemas/v2_1/common">REUNION TRADE REGISTER NUMBER</Name>
        </Code>
        <Code id="22187" urn="urn:sdmx:org.sdmx.infomodel.codelist.Code=ESTAT:CL_NIS_CODE_EGR(1.3).22187">
          <Name xml:lang="en" xmlns="http://www.sdmx.org/resources/sdmxml/schemas/v2_1/common">REUNION VAT NUMBER</Name>
        </Code>
        <Code id="28187" urn="urn:sdmx:org.sdmx.infomodel.codelist.Code=ESTAT:CL_NIS_CODE_EGR(1.3).28187">
          <Name xml:lang="en" xmlns="http://www.sdmx.org/resources/sdmxml/schemas/v2_1/common">REUNION WVB COMPANY NUMBER</Name>
        </Code>
        <Code id="31188" urn="urn:sdmx:org.sdmx.infomodel.codelist.Code=ESTAT:CL_NIS_CODE_EGR(1.3).31188">
          <Name xml:lang="en" xmlns="http://www.sdmx.org/resources/sdmxml/schemas/v2_1/common">ROMANIA CHAMBER OF COMMERCE NUMBER</Name>
        </Code>
        <Code id="23188" urn="urn:sdmx:org.sdmx.infomodel.codelist.Code=ESTAT:CL_NIS_CODE_EGR(1.3).23188">
          <Name xml:lang="en" xmlns="http://www.sdmx.org/resources/sdmxml/schemas/v2_1/common">ROMANIA COMPANY ID NUMBER</Name>
        </Code>
        <Code id="29188" urn="urn:sdmx:org.sdmx.infomodel.codelist.Code=ESTAT:CL_NIS_CODE_EGR(1.3).29188">
          <Name xml:lang="en" xmlns="http://www.sdmx.org/resources/sdmxml/schemas/v2_1/common">ROMANIA DnB COMPANY NUMBER</Name>
        </Code>
        <Code id="27188" urn="urn:sdmx:org.sdmx.infomodel.codelist.Code=ESTAT:CL_NIS_CODE_EGR(1.3).27188">
          <Name xml:lang="en" xmlns="http://www.sdmx.org/resources/sdmxml/schemas/v2_1/common">ROMANIA IP IDENTIFICATION NUMBER</Name>
        </Code>
        <Code id="32188" urn="urn:sdmx:org.sdmx.infomodel.codelist.Code=ESTAT:CL_NIS_CODE_EGR(1.3).32188">
          <Name xml:lang="en" xmlns="http://www.sdmx.org/resources/sdmxml/schemas/v2_1/common">ROMANIA OTHER ID NUMBER</Name>
        </Code>
        <Code id="25188" urn="urn:sdmx:org.sdmx.infomodel.codelist.Code=ESTAT:CL_NIS_CODE_EGR(1.3).25188">
          <Name xml:lang="en" xmlns="http://www.sdmx.org/resources/sdmxml/schemas/v2_1/common">ROMANIA STATISTICAL NUMBER</Name>
        </Code>
        <Code id="21188" urn="urn:sdmx:org.sdmx.infomodel.codelist.Code=ESTAT:CL_NIS_CODE_EGR(1.3).21188">
          <Name xml:lang="en" xmlns="http://www.sdmx.org/resources/sdmxml/schemas/v2_1/common">ROMANIA TRADE REGISTER NUMBER</Name>
        </Code>
        <Code id="22188" urn="urn:sdmx:org.sdmx.infomodel.codelist.Code=ESTAT:CL_NIS_CODE_EGR(1.3).22188">
          <Name xml:lang="en" xmlns="http://www.sdmx.org/resources/sdmxml/schemas/v2_1/common">ROMANIA VAT NUMBER</Name>
        </Code>
        <Code id="28188" urn="urn:sdmx:org.sdmx.infomodel.codelist.Code=ESTAT:CL_NIS_CODE_EGR(1.3).28188">
          <Name xml:lang="en" xmlns="http://www.sdmx.org/resources/sdmxml/schemas/v2_1/common">ROMANIA WVB COMPANY NUMBER</Name>
        </Code>
        <Code id="31190" urn="urn:sdmx:org.sdmx.infomodel.codelist.Code=ESTAT:CL_NIS_CODE_EGR(1.3).31190">
          <Name xml:lang="en" xmlns="http://www.sdmx.org/resources/sdmxml/schemas/v2_1/common">RUSSIAN FEDERATION CHAMBER OF COMMERCE NUMBER</Name>
        </Code>
        <Code id="23190" urn="urn:sdmx:org.sdmx.infomodel.codelist.Code=ESTAT:CL_NIS_CODE_EGR(1.3).23190">
          <Name xml:lang="en" xmlns="http://www.sdmx.org/resources/sdmxml/schemas/v2_1/common">RUSSIAN FEDERATION COMPANY ID NUMBER</Name>
        </Code>
        <Code id="29190" urn="urn:sdmx:org.sdmx.infomodel.codelist.Code=ESTAT:CL_NIS_CODE_EGR(1.3).29190">
          <Name xml:lang="en" xmlns="http://www.sdmx.org/resources/sdmxml/schemas/v2_1/common">RUSSIAN FEDERATION DnB COMPANY NUMBER</Name>
        </Code>
        <Code id="27190" urn="urn:sdmx:org.sdmx.infomodel.codelist.Code=ESTAT:CL_NIS_CODE_EGR(1.3).27190">
          <Name xml:lang="en" xmlns="http://www.sdmx.org/resources/sdmxml/schemas/v2_1/common">RUSSIAN FEDERATION IP IDENTIFICATION NUMBER</Name>
        </Code>
        <Code id="32190" urn="urn:sdmx:org.sdmx.infomodel.codelist.Code=ESTAT:CL_NIS_CODE_EGR(1.3).32190">
          <Name xml:lang="en" xmlns="http://www.sdmx.org/resources/sdmxml/schemas/v2_1/common">RUSSIAN FEDERATION OTHER ID NUMBER</Name>
        </Code>
        <Code id="25190" urn="urn:sdmx:org.sdmx.infomodel.codelist.Code=ESTAT:CL_NIS_CODE_EGR(1.3).25190">
          <Name xml:lang="en" xmlns="http://www.sdmx.org/resources/sdmxml/schemas/v2_1/common">RUSSIAN FEDERATION STATISTICAL NUMBER</Name>
        </Code>
        <Code id="21190" urn="urn:sdmx:org.sdmx.infomodel.codelist.Code=ESTAT:CL_NIS_CODE_EGR(1.3).21190">
          <Name xml:lang="en" xmlns="http://www.sdmx.org/resources/sdmxml/schemas/v2_1/common">RUSSIAN FEDERATION TRADE REGISTER NUMBER</Name>
        </Code>
        <Code id="22190" urn="urn:sdmx:org.sdmx.infomodel.codelist.Code=ESTAT:CL_NIS_CODE_EGR(1.3).22190">
          <Name xml:lang="en" xmlns="http://www.sdmx.org/resources/sdmxml/schemas/v2_1/common">RUSSIAN FEDERATION VAT NUMBER</Name>
        </Code>
        <Code id="28190" urn="urn:sdmx:org.sdmx.infomodel.codelist.Code=ESTAT:CL_NIS_CODE_EGR(1.3).28190">
          <Name xml:lang="en" xmlns="http://www.sdmx.org/resources/sdmxml/schemas/v2_1/common">RUSSIAN FEDERATION WVB COMPANY NUMBER</Name>
        </Code>
        <Code id="31191" urn="urn:sdmx:org.sdmx.infomodel.codelist.Code=ESTAT:CL_NIS_CODE_EGR(1.3).31191">
          <Name xml:lang="en" xmlns="http://www.sdmx.org/resources/sdmxml/schemas/v2_1/common">RWANDA CHAMBER OF COMMERCE NUMBER</Name>
        </Code>
        <Code id="23191" urn="urn:sdmx:org.sdmx.infomodel.codelist.Code=ESTAT:CL_NIS_CODE_EGR(1.3).23191">
          <Name xml:lang="en" xmlns="http://www.sdmx.org/resources/sdmxml/schemas/v2_1/common">RWANDA COMPANY ID NUMBER</Name>
        </Code>
        <Code id="29191" urn="urn:sdmx:org.sdmx.infomodel.codelist.Code=ESTAT:CL_NIS_CODE_EGR(1.3).29191">
          <Name xml:lang="en" xmlns="http://www.sdmx.org/resources/sdmxml/schemas/v2_1/common">RWANDA DnB COMPANY NUMBER</Name>
        </Code>
        <Code id="27191" urn="urn:sdmx:org.sdmx.infomodel.codelist.Code=ESTAT:CL_NIS_CODE_EGR(1.3).27191">
          <Name xml:lang="en" xmlns="http://www.sdmx.org/resources/sdmxml/schemas/v2_1/common">RWANDA IP IDENTIFICATION NUMBER</Name>
        </Code>
        <Code id="32191" urn="urn:sdmx:org.sdmx.infomodel.codelist.Code=ESTAT:CL_NIS_CODE_EGR(1.3).32191">
          <Name xml:lang="en" xmlns="http://www.sdmx.org/resources/sdmxml/schemas/v2_1/common">RWANDA OTHER ID NUMBER</Name>
        </Code>
        <Code id="25191" urn="urn:sdmx:org.sdmx.infomodel.codelist.Code=ESTAT:CL_NIS_CODE_EGR(1.3).25191">
          <Name xml:lang="en" xmlns="http://www.sdmx.org/resources/sdmxml/schemas/v2_1/common">RWANDA STATISTICAL NUMBER</Name>
        </Code>
        <Code id="21191" urn="urn:sdmx:org.sdmx.infomodel.codelist.Code=ESTAT:CL_NIS_CODE_EGR(1.3).21191">
          <Name xml:lang="en" xmlns="http://www.sdmx.org/resources/sdmxml/schemas/v2_1/common">RWANDA TRADE REGISTER NUMBER</Name>
        </Code>
        <Code id="22191" urn="urn:sdmx:org.sdmx.infomodel.codelist.Code=ESTAT:CL_NIS_CODE_EGR(1.3).22191">
          <Name xml:lang="en" xmlns="http://www.sdmx.org/resources/sdmxml/schemas/v2_1/common">RWANDA VAT NUMBER</Name>
        </Code>
        <Code id="28191" urn="urn:sdmx:org.sdmx.infomodel.codelist.Code=ESTAT:CL_NIS_CODE_EGR(1.3).28191">
          <Name xml:lang="en" xmlns="http://www.sdmx.org/resources/sdmxml/schemas/v2_1/common">RWANDA WVB COMPANY NUMBER</Name>
        </Code>
        <Code id="31027" urn="urn:sdmx:org.sdmx.infomodel.codelist.Code=ESTAT:CL_NIS_CODE_EGR(1.3).31027">
          <Name xml:lang="en" xmlns="http://www.sdmx.org/resources/sdmxml/schemas/v2_1/common">SAINT BARTHELEMY CHAMBER OF COMMERCE NUMBER</Name>
        </Code>
        <Code id="23027" urn="urn:sdmx:org.sdmx.infomodel.codelist.Code=ESTAT:CL_NIS_CODE_EGR(1.3).23027">
          <Name xml:lang="en" xmlns="http://www.sdmx.org/resources/sdmxml/schemas/v2_1/common">SAINT BARTHELEMY COMPANY ID NUMBER</Name>
        </Code>
        <Code id="29027" urn="urn:sdmx:org.sdmx.infomodel.codelist.Code=ESTAT:CL_NIS_CODE_EGR(1.3).29027">
          <Name xml:lang="en" xmlns="http://www.sdmx.org/resources/sdmxml/schemas/v2_1/common">SAINT BARTHELEMY DnB COMPANY NUMBER</Name>
        </Code>
        <Code id="27027" urn="urn:sdmx:org.sdmx.infomodel.codelist.Code=ESTAT:CL_NIS_CODE_EGR(1.3).27027">
          <Name xml:lang="en" xmlns="http://www.sdmx.org/resources/sdmxml/schemas/v2_1/common">SAINT BARTHELEMY IP IDENTIFICATION NUMBER</Name>
        </Code>
        <Code id="32027" urn="urn:sdmx:org.sdmx.infomodel.codelist.Code=ESTAT:CL_NIS_CODE_EGR(1.3).32027">
          <Name xml:lang="en" xmlns="http://www.sdmx.org/resources/sdmxml/schemas/v2_1/common">SAINT BARTHELEMY OTHER ID NUMBER</Name>
        </Code>
        <Code id="25027" urn="urn:sdmx:org.sdmx.infomodel.codelist.Code=ESTAT:CL_NIS_CODE_EGR(1.3).25027">
          <Name xml:lang="en" xmlns="http://www.sdmx.org/resources/sdmxml/schemas/v2_1/common">SAINT BARTHELEMY STATISTICAL NUMBER</Name>
        </Code>
        <Code id="21027" urn="urn:sdmx:org.sdmx.infomodel.codelist.Code=ESTAT:CL_NIS_CODE_EGR(1.3).21027">
          <Name xml:lang="en" xmlns="http://www.sdmx.org/resources/sdmxml/schemas/v2_1/common">SAINT BARTHELEMY TRADE REGISTER NUMBER</Name>
        </Code>
        <Code id="22027" urn="urn:sdmx:org.sdmx.infomodel.codelist.Code=ESTAT:CL_NIS_CODE_EGR(1.3).22027">
          <Name xml:lang="en" xmlns="http://www.sdmx.org/resources/sdmxml/schemas/v2_1/common">SAINT BARTHELEMY VAT NUMBER</Name>
        </Code>
        <Code id="28027" urn="urn:sdmx:org.sdmx.infomodel.codelist.Code=ESTAT:CL_NIS_CODE_EGR(1.3).28027">
          <Name xml:lang="en" xmlns="http://www.sdmx.org/resources/sdmxml/schemas/v2_1/common">SAINT BARTHELEMY WVB COMPANY NUMBER</Name>
        </Code>
        <Code id="31198" urn="urn:sdmx:org.sdmx.infomodel.codelist.Code=ESTAT:CL_NIS_CODE_EGR(1.3).31198">
          <Name xml:lang="en" xmlns="http://www.sdmx.org/resources/sdmxml/schemas/v2_1/common">SAINT HELENA CHAMBER OF COMMERCE NUMBER</Name>
        </Code>
        <Code id="23198" urn="urn:sdmx:org.sdmx.infomodel.codelist.Code=ESTAT:CL_NIS_CODE_EGR(1.3).23198">
          <Name xml:lang="en" xmlns="http://www.sdmx.org/resources/sdmxml/schemas/v2_1/common">SAINT HELENA COMPANY ID NUMBER</Name>
        </Code>
        <Code id="29198" urn="urn:sdmx:org.sdmx.infomodel.codelist.Code=ESTAT:CL_NIS_CODE_EGR(1.3).29198">
          <Name xml:lang="en" xmlns="http://www.sdmx.org/resources/sdmxml/schemas/v2_1/common">SAINT HELENA DnB COMPANY NUMBER</Name>
        </Code>
        <Code id="27198" urn="urn:sdmx:org.sdmx.infomodel.codelist.Code=ESTAT:CL_NIS_CODE_EGR(1.3).27198">
          <Name xml:lang="en" xmlns="http://www.sdmx.org/resources/sdmxml/schemas/v2_1/common">SAINT HELENA IP IDENTIFICATION NUMBER</Name>
        </Code>
        <Code id="32198" urn="urn:sdmx:org.sdmx.infomodel.codelist.Code=ESTAT:CL_NIS_CODE_EGR(1.3).32198">
          <Name xml:lang="en" xmlns="http://www.sdmx.org/resources/sdmxml/schemas/v2_1/common">SAINT HELENA OTHER ID NUMBER</Name>
        </Code>
        <Code id="25198" urn="urn:sdmx:org.sdmx.infomodel.codelist.Code=ESTAT:CL_NIS_CODE_EGR(1.3).25198">
          <Name xml:lang="en" xmlns="http://www.sdmx.org/resources/sdmxml/schemas/v2_1/common">SAINT HELENA STATISTICAL NUMBER</Name>
        </Code>
        <Code id="21198" urn="urn:sdmx:org.sdmx.infomodel.codelist.Code=ESTAT:CL_NIS_CODE_EGR(1.3).21198">
          <Name xml:lang="en" xmlns="http://www.sdmx.org/resources/sdmxml/schemas/v2_1/common">SAINT HELENA TRADE REGISTER NUMBER</Name>
        </Code>
        <Code id="22198" urn="urn:sdmx:org.sdmx.infomodel.codelist.Code=ESTAT:CL_NIS_CODE_EGR(1.3).22198">
          <Name xml:lang="en" xmlns="http://www.sdmx.org/resources/sdmxml/schemas/v2_1/common">SAINT HELENA VAT NUMBER</Name>
        </Code>
        <Code id="28198" urn="urn:sdmx:org.sdmx.infomodel.codelist.Code=ESTAT:CL_NIS_CODE_EGR(1.3).28198">
          <Name xml:lang="en" xmlns="http://www.sdmx.org/resources/sdmxml/schemas/v2_1/common">SAINT HELENA WVB COMPANY NUMBER</Name>
        </Code>
        <Code id="31119" urn="urn:sdmx:org.sdmx.infomodel.codelist.Code=ESTAT:CL_NIS_CODE_EGR(1.3).31119">
          <Name xml:lang="en" xmlns="http://www.sdmx.org/resources/sdmxml/schemas/v2_1/common">SAINT KITTS AND NEVIS CHAMBER OF COMMERCE NUMBER</Name>
        </Code>
        <Code id="23119" urn="urn:sdmx:org.sdmx.infomodel.codelist.Code=ESTAT:CL_NIS_CODE_EGR(1.3).23119">
          <Name xml:lang="en" xmlns="http://www.sdmx.org/resources/sdmxml/schemas/v2_1/common">SAINT KITTS AND NEVIS COMPANY ID NUMBER</Name>
        </Code>
        <Code id="29119" urn="urn:sdmx:org.sdmx.infomodel.codelist.Code=ESTAT:CL_NIS_CODE_EGR(1.3).29119">
          <Name xml:lang="en" xmlns="http://www.sdmx.org/resources/sdmxml/schemas/v2_1/common">SAINT KITTS AND NEVIS DnB COMPANY NUMBER</Name>
        </Code>
        <Code id="27119" urn="urn:sdmx:org.sdmx.infomodel.codelist.Code=ESTAT:CL_NIS_CODE_EGR(1.3).27119">
          <Name xml:lang="en" xmlns="http://www.sdmx.org/resources/sdmxml/schemas/v2_1/common">SAINT KITTS AND NEVIS IP IDENTIFICATION NUMBER</Name>
        </Code>
        <Code id="32119" urn="urn:sdmx:org.sdmx.infomodel.codelist.Code=ESTAT:CL_NIS_CODE_EGR(1.3).32119">
          <Name xml:lang="en" xmlns="http://www.sdmx.org/resources/sdmxml/schemas/v2_1/common">SAINT KITTS AND NEVIS OTHER ID NUMBER</Name>
        </Code>
        <Code id="25119" urn="urn:sdmx:org.sdmx.infomodel.codelist.Code=ESTAT:CL_NIS_CODE_EGR(1.3).25119">
          <Name xml:lang="en" xmlns="http://www.sdmx.org/resources/sdmxml/schemas/v2_1/common">SAINT KITTS AND NEVIS STATISTICAL NUMBER</Name>
        </Code>
        <Code id="21119" urn="urn:sdmx:org.sdmx.infomodel.codelist.Code=ESTAT:CL_NIS_CODE_EGR(1.3).21119">
          <Name xml:lang="en" xmlns="http://www.sdmx.org/resources/sdmxml/schemas/v2_1/common">SAINT KITTS AND NEVIS TRADE REGISTER NUMBER</Name>
        </Code>
        <Code id="22119" urn="urn:sdmx:org.sdmx.infomodel.codelist.Code=ESTAT:CL_NIS_CODE_EGR(1.3).22119">
          <Name xml:lang="en" xmlns="http://www.sdmx.org/resources/sdmxml/schemas/v2_1/common">SAINT KITTS AND NEVIS VAT NUMBER</Name>
        </Code>
        <Code id="28119" urn="urn:sdmx:org.sdmx.infomodel.codelist.Code=ESTAT:CL_NIS_CODE_EGR(1.3).28119">
          <Name xml:lang="en" xmlns="http://www.sdmx.org/resources/sdmxml/schemas/v2_1/common">SAINT KITTS AND NEVIS WVB COMPANY NUMBER</Name>
        </Code>
        <Code id="31127" urn="urn:sdmx:org.sdmx.infomodel.codelist.Code=ESTAT:CL_NIS_CODE_EGR(1.3).31127">
          <Name xml:lang="en" xmlns="http://www.sdmx.org/resources/sdmxml/schemas/v2_1/common">SAINT LUCIA CHAMBER OF COMMERCE NUMBER</Name>
        </Code>
        <Code id="23127" urn="urn:sdmx:org.sdmx.infomodel.codelist.Code=ESTAT:CL_NIS_CODE_EGR(1.3).23127">
          <Name xml:lang="en" xmlns="http://www.sdmx.org/resources/sdmxml/schemas/v2_1/common">SAINT LUCIA COMPANY ID NUMBER</Name>
        </Code>
        <Code id="29127" urn="urn:sdmx:org.sdmx.infomodel.codelist.Code=ESTAT:CL_NIS_CODE_EGR(1.3).29127">
          <Name xml:lang="en" xmlns="http://www.sdmx.org/resources/sdmxml/schemas/v2_1/common">SAINT LUCIA DnB COMPANY NUMBER</Name>
        </Code>
        <Code id="27127" urn="urn:sdmx:org.sdmx.infomodel.codelist.Code=ESTAT:CL_NIS_CODE_EGR(1.3).27127">
          <Name xml:lang="en" xmlns="http://www.sdmx.org/resources/sdmxml/schemas/v2_1/common">SAINT LUCIA IP IDENTIFICATION NUMBER</Name>
        </Code>
        <Code id="32127" urn="urn:sdmx:org.sdmx.infomodel.codelist.Code=ESTAT:CL_NIS_CODE_EGR(1.3).32127">
          <Name xml:lang="en" xmlns="http://www.sdmx.org/resources/sdmxml/schemas/v2_1/common">SAINT LUCIA OTHER ID NUMBER</Name>
        </Code>
        <Code id="25127" urn="urn:sdmx:org.sdmx.infomodel.codelist.Code=ESTAT:CL_NIS_CODE_EGR(1.3).25127">
          <Name xml:lang="en" xmlns="http://www.sdmx.org/resources/sdmxml/schemas/v2_1/common">SAINT LUCIA STATISTICAL NUMBER</Name>
        </Code>
        <Code id="21127" urn="urn:sdmx:org.sdmx.infomodel.codelist.Code=ESTAT:CL_NIS_CODE_EGR(1.3).21127">
          <Name xml:lang="en" xmlns="http://www.sdmx.org/resources/sdmxml/schemas/v2_1/common">SAINT LUCIA TRADE REGISTER NUMBER</Name>
        </Code>
        <Code id="22127" urn="urn:sdmx:org.sdmx.infomodel.codelist.Code=ESTAT:CL_NIS_CODE_EGR(1.3).22127">
          <Name xml:lang="en" xmlns="http://www.sdmx.org/resources/sdmxml/schemas/v2_1/common">SAINT LUCIA VAT NUMBER</Name>
        </Code>
        <Code id="28127" urn="urn:sdmx:org.sdmx.infomodel.codelist.Code=ESTAT:CL_NIS_CODE_EGR(1.3).28127">
          <Name xml:lang="en" xmlns="http://www.sdmx.org/resources/sdmxml/schemas/v2_1/common">SAINT LUCIA WVB COMPANY NUMBER</Name>
        </Code>
        <Code id="31140" urn="urn:sdmx:org.sdmx.infomodel.codelist.Code=ESTAT:CL_NIS_CODE_EGR(1.3).31140">
          <Name xml:lang="en" xmlns="http://www.sdmx.org/resources/sdmxml/schemas/v2_1/common">SAINT MARTIN CHAMBER OF COMMERCE NUMBER</Name>
        </Code>
        <Code id="23140" urn="urn:sdmx:org.sdmx.infomodel.codelist.Code=ESTAT:CL_NIS_CODE_EGR(1.3).23140">
          <Name xml:lang="en" xmlns="http://www.sdmx.org/resources/sdmxml/schemas/v2_1/common">SAINT MARTIN COMPANY ID NUMBER</Name>
        </Code>
        <Code id="29140" urn="urn:sdmx:org.sdmx.infomodel.codelist.Code=ESTAT:CL_NIS_CODE_EGR(1.3).29140">
          <Name xml:lang="en" xmlns="http://www.sdmx.org/resources/sdmxml/schemas/v2_1/common">SAINT MARTIN DnB COMPANY NUMBER</Name>
        </Code>
        <Code id="27140" urn="urn:sdmx:org.sdmx.infomodel.codelist.Code=ESTAT:CL_NIS_CODE_EGR(1.3).27140">
          <Name xml:lang="en" xmlns="http://www.sdmx.org/resources/sdmxml/schemas/v2_1/common">SAINT MARTIN IP IDENTIFICATION NUMBER</Name>
        </Code>
        <Code id="32140" urn="urn:sdmx:org.sdmx.infomodel.codelist.Code=ESTAT:CL_NIS_CODE_EGR(1.3).32140">
          <Name xml:lang="en" xmlns="http://www.sdmx.org/resources/sdmxml/schemas/v2_1/common">SAINT MARTIN OTHER ID NUMBER</Name>
        </Code>
        <Code id="25140" urn="urn:sdmx:org.sdmx.infomodel.codelist.Code=ESTAT:CL_NIS_CODE_EGR(1.3).25140">
          <Name xml:lang="en" xmlns="http://www.sdmx.org/resources/sdmxml/schemas/v2_1/common">SAINT MARTIN STATISTICAL NUMBER</Name>
        </Code>
        <Code id="21140" urn="urn:sdmx:org.sdmx.infomodel.codelist.Code=ESTAT:CL_NIS_CODE_EGR(1.3).21140">
          <Name xml:lang="en" xmlns="http://www.sdmx.org/resources/sdmxml/schemas/v2_1/common">SAINT MARTIN TRADE REGISTER NUMBER</Name>
        </Code>
        <Code id="22140" urn="urn:sdmx:org.sdmx.infomodel.codelist.Code=ESTAT:CL_NIS_CODE_EGR(1.3).22140">
          <Name xml:lang="en" xmlns="http://www.sdmx.org/resources/sdmxml/schemas/v2_1/common">SAINT MARTIN VAT NUMBER</Name>
        </Code>
        <Code id="28140" urn="urn:sdmx:org.sdmx.infomodel.codelist.Code=ESTAT:CL_NIS_CODE_EGR(1.3).28140">
          <Name xml:lang="en" xmlns="http://www.sdmx.org/resources/sdmxml/schemas/v2_1/common">SAINT MARTIN WVB COMPANY NUMBER</Name>
        </Code>
        <Code id="31179" urn="urn:sdmx:org.sdmx.infomodel.codelist.Code=ESTAT:CL_NIS_CODE_EGR(1.3).31179">
          <Name xml:lang="en" xmlns="http://www.sdmx.org/resources/sdmxml/schemas/v2_1/common">SAINT PIERRE AND MIQUELON CHAMBER OF COMMERCE NUMBER</Name>
        </Code>
        <Code id="23179" urn="urn:sdmx:org.sdmx.infomodel.codelist.Code=ESTAT:CL_NIS_CODE_EGR(1.3).23179">
          <Name xml:lang="en" xmlns="http://www.sdmx.org/resources/sdmxml/schemas/v2_1/common">SAINT PIERRE AND MIQUELON COMPANY ID NUMBER</Name>
        </Code>
        <Code id="29179" urn="urn:sdmx:org.sdmx.infomodel.codelist.Code=ESTAT:CL_NIS_CODE_EGR(1.3).29179">
          <Name xml:lang="en" xmlns="http://www.sdmx.org/resources/sdmxml/schemas/v2_1/common">SAINT PIERRE AND MIQUELON DnB COMPANY NUMBER</Name>
        </Code>
        <Code id="27179" urn="urn:sdmx:org.sdmx.infomodel.codelist.Code=ESTAT:CL_NIS_CODE_EGR(1.3).27179">
          <Name xml:lang="en" xmlns="http://www.sdmx.org/resources/sdmxml/schemas/v2_1/common">SAINT PIERRE AND MIQUELON IP IDENTIFICATION NUMBER</Name>
        </Code>
        <Code id="32179" urn="urn:sdmx:org.sdmx.infomodel.codelist.Code=ESTAT:CL_NIS_CODE_EGR(1.3).32179">
          <Name xml:lang="en" xmlns="http://www.sdmx.org/resources/sdmxml/schemas/v2_1/common">SAINT PIERRE AND MIQUELON OTHER ID NUMBER</Name>
        </Code>
        <Code id="25179" urn="urn:sdmx:org.sdmx.infomodel.codelist.Code=ESTAT:CL_NIS_CODE_EGR(1.3).25179">
          <Name xml:lang="en" xmlns="http://www.sdmx.org/resources/sdmxml/schemas/v2_1/common">SAINT PIERRE AND MIQUELON STATISTICAL NUMBER</Name>
        </Code>
        <Code id="21179" urn="urn:sdmx:org.sdmx.infomodel.codelist.Code=ESTAT:CL_NIS_CODE_EGR(1.3).21179">
          <Name xml:lang="en" xmlns="http://www.sdmx.org/resources/sdmxml/schemas/v2_1/common">SAINT PIERRE AND MIQUELON TRADE REGISTER NUMBER</Name>
        </Code>
        <Code id="22179" urn="urn:sdmx:org.sdmx.infomodel.codelist.Code=ESTAT:CL_NIS_CODE_EGR(1.3).22179">
          <Name xml:lang="en" xmlns="http://www.sdmx.org/resources/sdmxml/schemas/v2_1/common">SAINT PIERRE AND MIQUELON VAT NUMBER</Name>
        </Code>
        <Code id="28179" urn="urn:sdmx:org.sdmx.infomodel.codelist.Code=ESTAT:CL_NIS_CODE_EGR(1.3).28179">
          <Name xml:lang="en" xmlns="http://www.sdmx.org/resources/sdmxml/schemas/v2_1/common">SAINT PIERRE AND MIQUELON WVB COMPANY NUMBER</Name>
        </Code>
        <Code id="31234" urn="urn:sdmx:org.sdmx.infomodel.codelist.Code=ESTAT:CL_NIS_CODE_EGR(1.3).31234">
          <Name xml:lang="en" xmlns="http://www.sdmx.org/resources/sdmxml/schemas/v2_1/common">SAINT VINCENT AND THE GRENADINES CHAMBER OF COMMERCE NUMBER</Name>
        </Code>
        <Code id="23234" urn="urn:sdmx:org.sdmx.infomodel.codelist.Code=ESTAT:CL_NIS_CODE_EGR(1.3).23234">
          <Name xml:lang="en" xmlns="http://www.sdmx.org/resources/sdmxml/schemas/v2_1/common">SAINT VINCENT AND THE GRENADINES COMPANY ID NUMBER</Name>
        </Code>
        <Code id="29234" urn="urn:sdmx:org.sdmx.infomodel.codelist.Code=ESTAT:CL_NIS_CODE_EGR(1.3).29234">
          <Name xml:lang="en" xmlns="http://www.sdmx.org/resources/sdmxml/schemas/v2_1/common">SAINT VINCENT AND THE GRENADINES DnB COMPANY NUMBER</Name>
        </Code>
        <Code id="27234" urn="urn:sdmx:org.sdmx.infomodel.codelist.Code=ESTAT:CL_NIS_CODE_EGR(1.3).27234">
          <Name xml:lang="en" xmlns="http://www.sdmx.org/resources/sdmxml/schemas/v2_1/common">SAINT VINCENT AND THE GRENADINES IP IDENTIFICATION NUMBER</Name>
        </Code>
        <Code id="32234" urn="urn:sdmx:org.sdmx.infomodel.codelist.Code=ESTAT:CL_NIS_CODE_EGR(1.3).32234">
          <Name xml:lang="en" xmlns="http://www.sdmx.org/resources/sdmxml/schemas/v2_1/common">SAINT VINCENT AND THE GRENADINES OTHER ID NUMBER</Name>
        </Code>
        <Code id="25234" urn="urn:sdmx:org.sdmx.infomodel.codelist.Code=ESTAT:CL_NIS_CODE_EGR(1.3).25234">
          <Name xml:lang="en" xmlns="http://www.sdmx.org/resources/sdmxml/schemas/v2_1/common">SAINT VINCENT AND THE GRENADINES STATISTICAL NUMBER</Name>
        </Code>
        <Code id="21234" urn="urn:sdmx:org.sdmx.infomodel.codelist.Code=ESTAT:CL_NIS_CODE_EGR(1.3).21234">
          <Name xml:lang="en" xmlns="http://www.sdmx.org/resources/sdmxml/schemas/v2_1/common">SAINT VINCENT AND THE GRENADINES TRADE REGISTER NUMBER</Name>
        </Code>
        <Code id="22234" urn="urn:sdmx:org.sdmx.infomodel.codelist.Code=ESTAT:CL_NIS_CODE_EGR(1.3).22234">
          <Name xml:lang="en" xmlns="http://www.sdmx.org/resources/sdmxml/schemas/v2_1/common">SAINT VINCENT AND THE GRENADINES VAT NUMBER</Name>
        </Code>
        <Code id="28234" urn="urn:sdmx:org.sdmx.infomodel.codelist.Code=ESTAT:CL_NIS_CODE_EGR(1.3).28234">
          <Name xml:lang="en" xmlns="http://www.sdmx.org/resources/sdmxml/schemas/v2_1/common">SAINT VINCENT AND THE GRENADINES WVB COMPANY NUMBER</Name>
        </Code>
        <Code id="31241" urn="urn:sdmx:org.sdmx.infomodel.codelist.Code=ESTAT:CL_NIS_CODE_EGR(1.3).31241">
          <Name xml:lang="en" xmlns="http://www.sdmx.org/resources/sdmxml/schemas/v2_1/common">SAMOA CHAMBER OF COMMERCE NUMBER</Name>
        </Code>
        <Code id="23241" urn="urn:sdmx:org.sdmx.infomodel.codelist.Code=ESTAT:CL_NIS_CODE_EGR(1.3).23241">
          <Name xml:lang="en" xmlns="http://www.sdmx.org/resources/sdmxml/schemas/v2_1/common">SAMOA COMPANY ID NUMBER</Name>
        </Code>
        <Code id="29241" urn="urn:sdmx:org.sdmx.infomodel.codelist.Code=ESTAT:CL_NIS_CODE_EGR(1.3).29241">
          <Name xml:lang="en" xmlns="http://www.sdmx.org/resources/sdmxml/schemas/v2_1/common">SAMOA DnB COMPANY NUMBER</Name>
        </Code>
        <Code id="27241" urn="urn:sdmx:org.sdmx.infomodel.codelist.Code=ESTAT:CL_NIS_CODE_EGR(1.3).27241">
          <Name xml:lang="en" xmlns="http://www.sdmx.org/resources/sdmxml/schemas/v2_1/common">SAMOA IP IDENTIFICATION NUMBER</Name>
        </Code>
        <Code id="32241" urn="urn:sdmx:org.sdmx.infomodel.codelist.Code=ESTAT:CL_NIS_CODE_EGR(1.3).32241">
          <Name xml:lang="en" xmlns="http://www.sdmx.org/resources/sdmxml/schemas/v2_1/common">SAMOA OTHER ID NUMBER</Name>
        </Code>
        <Code id="25241" urn="urn:sdmx:org.sdmx.infomodel.codelist.Code=ESTAT:CL_NIS_CODE_EGR(1.3).25241">
          <Name xml:lang="en" xmlns="http://www.sdmx.org/resources/sdmxml/schemas/v2_1/common">SAMOA STATISTICAL NUMBER</Name>
        </Code>
        <Code id="21241" urn="urn:sdmx:org.sdmx.infomodel.codelist.Code=ESTAT:CL_NIS_CODE_EGR(1.3).21241">
          <Name xml:lang="en" xmlns="http://www.sdmx.org/resources/sdmxml/schemas/v2_1/common">SAMOA TRADE REGISTER NUMBER</Name>
        </Code>
        <Code id="22241" urn="urn:sdmx:org.sdmx.infomodel.codelist.Code=ESTAT:CL_NIS_CODE_EGR(1.3).22241">
          <Name xml:lang="en" xmlns="http://www.sdmx.org/resources/sdmxml/schemas/v2_1/common">SAMOA VAT NUMBER</Name>
        </Code>
        <Code id="28241" urn="urn:sdmx:org.sdmx.infomodel.codelist.Code=ESTAT:CL_NIS_CODE_EGR(1.3).28241">
          <Name xml:lang="en" xmlns="http://www.sdmx.org/resources/sdmxml/schemas/v2_1/common">SAMOA WVB COMPANY NUMBER</Name>
        </Code>
        <Code id="31203" urn="urn:sdmx:org.sdmx.infomodel.codelist.Code=ESTAT:CL_NIS_CODE_EGR(1.3).31203">
          <Name xml:lang="en" xmlns="http://www.sdmx.org/resources/sdmxml/schemas/v2_1/common">SAN MARINO CHAMBER OF COMMERCE NUMBER</Name>
        </Code>
        <Code id="23203" urn="urn:sdmx:org.sdmx.infomodel.codelist.Code=ESTAT:CL_NIS_CODE_EGR(1.3).23203">
          <Name xml:lang="en" xmlns="http://www.sdmx.org/resources/sdmxml/schemas/v2_1/common">SAN MARINO COMPANY ID NUMBER</Name>
        </Code>
        <Code id="29203" urn="urn:sdmx:org.sdmx.infomodel.codelist.Code=ESTAT:CL_NIS_CODE_EGR(1.3).29203">
          <Name xml:lang="en" xmlns="http://www.sdmx.org/resources/sdmxml/schemas/v2_1/common">SAN MARINO DnB COMPANY NUMBER</Name>
        </Code>
        <Code id="27203" urn="urn:sdmx:org.sdmx.infomodel.codelist.Code=ESTAT:CL_NIS_CODE_EGR(1.3).27203">
          <Name xml:lang="en" xmlns="http://www.sdmx.org/resources/sdmxml/schemas/v2_1/common">SAN MARINO IP IDENTIFICATION NUMBER</Name>
        </Code>
        <Code id="32203" urn="urn:sdmx:org.sdmx.infomodel.codelist.Code=ESTAT:CL_NIS_CODE_EGR(1.3).32203">
          <Name xml:lang="en" xmlns="http://www.sdmx.org/resources/sdmxml/schemas/v2_1/common">SAN MARINO OTHER ID NUMBER</Name>
        </Code>
        <Code id="25203" urn="urn:sdmx:org.sdmx.infomodel.codelist.Code=ESTAT:CL_NIS_CODE_EGR(1.3).25203">
          <Name xml:lang="en" xmlns="http://www.sdmx.org/resources/sdmxml/schemas/v2_1/common">SAN MARINO STATISTICAL NUMBER</Name>
        </Code>
        <Code id="21203" urn="urn:sdmx:org.sdmx.infomodel.codelist.Code=ESTAT:CL_NIS_CODE_EGR(1.3).21203">
          <Name xml:lang="en" xmlns="http://www.sdmx.org/resources/sdmxml/schemas/v2_1/common">SAN MARINO TRADE REGISTER NUMBER</Name>
        </Code>
        <Code id="22203" urn="urn:sdmx:org.sdmx.infomodel.codelist.Code=ESTAT:CL_NIS_CODE_EGR(1.3).22203">
          <Name xml:lang="en" xmlns="http://www.sdmx.org/resources/sdmxml/schemas/v2_1/common">SAN MARINO VAT NUMBER</Name>
        </Code>
        <Code id="28203" urn="urn:sdmx:org.sdmx.infomodel.codelist.Code=ESTAT:CL_NIS_CODE_EGR(1.3).28203">
          <Name xml:lang="en" xmlns="http://www.sdmx.org/resources/sdmxml/schemas/v2_1/common">SAN MARINO WVB COMPANY NUMBER</Name>
        </Code>
        <Code id="31207" urn="urn:sdmx:org.sdmx.infomodel.codelist.Code=ESTAT:CL_NIS_CODE_EGR(1.3).31207">
          <Name xml:lang="en" xmlns="http://www.sdmx.org/resources/sdmxml/schemas/v2_1/common">SAO TOME AND PRINCIPE CHAMBER OF COMMERCE NUMBER</Name>
        </Code>
        <Code id="23207" urn="urn:sdmx:org.sdmx.infomodel.codelist.Code=ESTAT:CL_NIS_CODE_EGR(1.3).23207">
          <Name xml:lang="en" xmlns="http://www.sdmx.org/resources/sdmxml/schemas/v2_1/common">SAO TOME AND PRINCIPE COMPANY ID NUMBER</Name>
        </Code>
        <Code id="29207" urn="urn:sdmx:org.sdmx.infomodel.codelist.Code=ESTAT:CL_NIS_CODE_EGR(1.3).29207">
          <Name xml:lang="en" xmlns="http://www.sdmx.org/resources/sdmxml/schemas/v2_1/common">SAO TOME AND PRINCIPE DnB COMPANY NUMBER</Name>
        </Code>
        <Code id="27207" urn="urn:sdmx:org.sdmx.infomodel.codelist.Code=ESTAT:CL_NIS_CODE_EGR(1.3).27207">
          <Name xml:lang="en" xmlns="http://www.sdmx.org/resources/sdmxml/schemas/v2_1/common">SAO TOME AND PRINCIPE IP IDENTIFICATION NUMBER</Name>
        </Code>
        <Code id="32207" urn="urn:sdmx:org.sdmx.infomodel.codelist.Code=ESTAT:CL_NIS_CODE_EGR(1.3).32207">
          <Name xml:lang="en" xmlns="http://www.sdmx.org/resources/sdmxml/schemas/v2_1/common">SAO TOME AND PRINCIPE OTHER ID NUMBER</Name>
        </Code>
        <Code id="25207" urn="urn:sdmx:org.sdmx.infomodel.codelist.Code=ESTAT:CL_NIS_CODE_EGR(1.3).25207">
          <Name xml:lang="en" xmlns="http://www.sdmx.org/resources/sdmxml/schemas/v2_1/common">SAO TOME AND PRINCIPE STATISTICAL NUMBER</Name>
        </Code>
        <Code id="21207" urn="urn:sdmx:org.sdmx.infomodel.codelist.Code=ESTAT:CL_NIS_CODE_EGR(1.3).21207">
          <Name xml:lang="en" xmlns="http://www.sdmx.org/resources/sdmxml/schemas/v2_1/common">SAO TOME AND PRINCIPE TRADE REGISTER NUMBER</Name>
        </Code>
        <Code id="22207" urn="urn:sdmx:org.sdmx.infomodel.codelist.Code=ESTAT:CL_NIS_CODE_EGR(1.3).22207">
          <Name xml:lang="en" xmlns="http://www.sdmx.org/resources/sdmxml/schemas/v2_1/common">SAO TOME AND PRINCIPE VAT NUMBER</Name>
        </Code>
        <Code id="28207" urn="urn:sdmx:org.sdmx.infomodel.codelist.Code=ESTAT:CL_NIS_CODE_EGR(1.3).28207">
          <Name xml:lang="en" xmlns="http://www.sdmx.org/resources/sdmxml/schemas/v2_1/common">SAO TOME AND PRINCIPE WVB COMPANY NUMBER</Name>
        </Code>
        <Code id="31192" urn="urn:sdmx:org.sdmx.infomodel.codelist.Code=ESTAT:CL_NIS_CODE_EGR(1.3).31192">
          <Name xml:lang="en" xmlns="http://www.sdmx.org/resources/sdmxml/schemas/v2_1/common">SAUDI ARABIA CHAMBER OF COMMERCE NUMBER</Name>
        </Code>
        <Code id="23192" urn="urn:sdmx:org.sdmx.infomodel.codelist.Code=ESTAT:CL_NIS_CODE_EGR(1.3).23192">
          <Name xml:lang="en" xmlns="http://www.sdmx.org/resources/sdmxml/schemas/v2_1/common">SAUDI ARABIA COMPANY ID NUMBER</Name>
        </Code>
        <Code id="29192" urn="urn:sdmx:org.sdmx.infomodel.codelist.Code=ESTAT:CL_NIS_CODE_EGR(1.3).29192">
          <Name xml:lang="en" xmlns="http://www.sdmx.org/resources/sdmxml/schemas/v2_1/common">SAUDI ARABIA DnB COMPANY NUMBER</Name>
        </Code>
        <Code id="27192" urn="urn:sdmx:org.sdmx.infomodel.codelist.Code=ESTAT:CL_NIS_CODE_EGR(1.3).27192">
          <Name xml:lang="en" xmlns="http://www.sdmx.org/resources/sdmxml/schemas/v2_1/common">SAUDI ARABIA IP IDENTIFICATION NUMBER</Name>
        </Code>
        <Code id="32192" urn="urn:sdmx:org.sdmx.infomodel.codelist.Code=ESTAT:CL_NIS_CODE_EGR(1.3).32192">
          <Name xml:lang="en" xmlns="http://www.sdmx.org/resources/sdmxml/schemas/v2_1/common">SAUDI ARABIA OTHER ID NUMBER</Name>
        </Code>
        <Code id="25192" urn="urn:sdmx:org.sdmx.infomodel.codelist.Code=ESTAT:CL_NIS_CODE_EGR(1.3).25192">
          <Name xml:lang="en" xmlns="http://www.sdmx.org/resources/sdmxml/schemas/v2_1/common">SAUDI ARABIA STATISTICAL NUMBER</Name>
        </Code>
        <Code id="21192" urn="urn:sdmx:org.sdmx.infomodel.codelist.Code=ESTAT:CL_NIS_CODE_EGR(1.3).21192">
          <Name xml:lang="en" xmlns="http://www.sdmx.org/resources/sdmxml/schemas/v2_1/common">SAUDI ARABIA TRADE REGISTER NUMBER</Name>
        </Code>
        <Code id="22192" urn="urn:sdmx:org.sdmx.infomodel.codelist.Code=ESTAT:CL_NIS_CODE_EGR(1.3).22192">
          <Name xml:lang="en" xmlns="http://www.sdmx.org/resources/sdmxml/schemas/v2_1/common">SAUDI ARABIA VAT NUMBER</Name>
        </Code>
        <Code id="28192" urn="urn:sdmx:org.sdmx.infomodel.codelist.Code=ESTAT:CL_NIS_CODE_EGR(1.3).28192">
          <Name xml:lang="en" xmlns="http://www.sdmx.org/resources/sdmxml/schemas/v2_1/common">SAUDI ARABIA WVB COMPANY NUMBER</Name>
        </Code>
        <Code id="31204" urn="urn:sdmx:org.sdmx.infomodel.codelist.Code=ESTAT:CL_NIS_CODE_EGR(1.3).31204">
          <Name xml:lang="en" xmlns="http://www.sdmx.org/resources/sdmxml/schemas/v2_1/common">SENEGAL CHAMBER OF COMMERCE NUMBER</Name>
        </Code>
        <Code id="23204" urn="urn:sdmx:org.sdmx.infomodel.codelist.Code=ESTAT:CL_NIS_CODE_EGR(1.3).23204">
          <Name xml:lang="en" xmlns="http://www.sdmx.org/resources/sdmxml/schemas/v2_1/common">SENEGAL COMPANY ID NUMBER</Name>
        </Code>
        <Code id="29204" urn="urn:sdmx:org.sdmx.infomodel.codelist.Code=ESTAT:CL_NIS_CODE_EGR(1.3).29204">
          <Name xml:lang="en" xmlns="http://www.sdmx.org/resources/sdmxml/schemas/v2_1/common">SENEGAL DnB COMPANY NUMBER</Name>
        </Code>
        <Code id="27204" urn="urn:sdmx:org.sdmx.infomodel.codelist.Code=ESTAT:CL_NIS_CODE_EGR(1.3).27204">
          <Name xml:lang="en" xmlns="http://www.sdmx.org/resources/sdmxml/schemas/v2_1/common">SENEGAL IP IDENTIFICATION NUMBER</Name>
        </Code>
        <Code id="32204" urn="urn:sdmx:org.sdmx.infomodel.codelist.Code=ESTAT:CL_NIS_CODE_EGR(1.3).32204">
          <Name xml:lang="en" xmlns="http://www.sdmx.org/resources/sdmxml/schemas/v2_1/common">SENEGAL OTHER ID NUMBER</Name>
        </Code>
        <Code id="25204" urn="urn:sdmx:org.sdmx.infomodel.codelist.Code=ESTAT:CL_NIS_CODE_EGR(1.3).25204">
          <Name xml:lang="en" xmlns="http://www.sdmx.org/resources/sdmxml/schemas/v2_1/common">SENEGAL STATISTICAL NUMBER</Name>
        </Code>
        <Code id="21204" urn="urn:sdmx:org.sdmx.infomodel.codelist.Code=ESTAT:CL_NIS_CODE_EGR(1.3).21204">
          <Name xml:lang="en" xmlns="http://www.sdmx.org/resources/sdmxml/schemas/v2_1/common">SENEGAL TRADE REGISTER NUMBER</Name>
        </Code>
        <Code id="22204" urn="urn:sdmx:org.sdmx.infomodel.codelist.Code=ESTAT:CL_NIS_CODE_EGR(1.3).22204">
          <Name xml:lang="en" xmlns="http://www.sdmx.org/resources/sdmxml/schemas/v2_1/common">SENEGAL VAT NUMBER</Name>
        </Code>
        <Code id="28204" urn="urn:sdmx:org.sdmx.infomodel.codelist.Code=ESTAT:CL_NIS_CODE_EGR(1.3).28204">
          <Name xml:lang="en" xmlns="http://www.sdmx.org/resources/sdmxml/schemas/v2_1/common">SENEGAL WVB COMPANY NUMBER</Name>
        </Code>
        <Code id="31189" urn="urn:sdmx:org.sdmx.infomodel.codelist.Code=ESTAT:CL_NIS_CODE_EGR(1.3).31189">
          <Name xml:lang="en" xmlns="http://www.sdmx.org/resources/sdmxml/schemas/v2_1/common">SERBIA CHAMBER OF COMMERCE NUMBER</Name>
        </Code>
        <Code id="23189" urn="urn:sdmx:org.sdmx.infomodel.codelist.Code=ESTAT:CL_NIS_CODE_EGR(1.3).23189">
          <Name xml:lang="en" xmlns="http://www.sdmx.org/resources/sdmxml/schemas/v2_1/common">SERBIA COMPANY ID NUMBER</Name>
        </Code>
        <Code id="29189" urn="urn:sdmx:org.sdmx.infomodel.codelist.Code=ESTAT:CL_NIS_CODE_EGR(1.3).29189">
          <Name xml:lang="en" xmlns="http://www.sdmx.org/resources/sdmxml/schemas/v2_1/common">SERBIA DnB COMPANY NUMBER</Name>
        </Code>
        <Code id="27189" urn="urn:sdmx:org.sdmx.infomodel.codelist.Code=ESTAT:CL_NIS_CODE_EGR(1.3).27189">
          <Name xml:lang="en" xmlns="http://www.sdmx.org/resources/sdmxml/schemas/v2_1/common">SERBIA IP IDENTIFICATION NUMBER</Name>
        </Code>
        <Code id="32189" urn="urn:sdmx:org.sdmx.infomodel.codelist.Code=ESTAT:CL_NIS_CODE_EGR(1.3).32189">
          <Name xml:lang="en" xmlns="http://www.sdmx.org/resources/sdmxml/schemas/v2_1/common">SERBIA OTHER ID NUMBER</Name>
        </Code>
        <Code id="25189" urn="urn:sdmx:org.sdmx.infomodel.codelist.Code=ESTAT:CL_NIS_CODE_EGR(1.3).25189">
          <Name xml:lang="en" xmlns="http://www.sdmx.org/resources/sdmxml/schemas/v2_1/common">SERBIA STATISTICAL NUMBER</Name>
        </Code>
        <Code id="21189" urn="urn:sdmx:org.sdmx.infomodel.codelist.Code=ESTAT:CL_NIS_CODE_EGR(1.3).21189">
          <Name xml:lang="en" xmlns="http://www.sdmx.org/resources/sdmxml/schemas/v2_1/common">SERBIA TRADE REGISTER NUMBER</Name>
        </Code>
        <Code id="22189" urn="urn:sdmx:org.sdmx.infomodel.codelist.Code=ESTAT:CL_NIS_CODE_EGR(1.3).22189">
          <Name xml:lang="en" xmlns="http://www.sdmx.org/resources/sdmxml/schemas/v2_1/common">SERBIA VAT NUMBER</Name>
        </Code>
        <Code id="28189" urn="urn:sdmx:org.sdmx.infomodel.codelist.Code=ESTAT:CL_NIS_CODE_EGR(1.3).28189">
          <Name xml:lang="en" xmlns="http://www.sdmx.org/resources/sdmxml/schemas/v2_1/common">SERBIA WVB COMPANY NUMBER</Name>
        </Code>
        <Code id="31194" urn="urn:sdmx:org.sdmx.infomodel.codelist.Code=ESTAT:CL_NIS_CODE_EGR(1.3).31194">
          <Name xml:lang="en" xmlns="http://www.sdmx.org/resources/sdmxml/schemas/v2_1/common">SEYCHELLES CHAMBER OF COMMERCE NUMBER</Name>
        </Code>
        <Code id="23194" urn="urn:sdmx:org.sdmx.infomodel.codelist.Code=ESTAT:CL_NIS_CODE_EGR(1.3).23194">
          <Name xml:lang="en" xmlns="http://www.sdmx.org/resources/sdmxml/schemas/v2_1/common">SEYCHELLES COMPANY ID NUMBER</Name>
        </Code>
        <Code id="29194" urn="urn:sdmx:org.sdmx.infomodel.codelist.Code=ESTAT:CL_NIS_CODE_EGR(1.3).29194">
          <Name xml:lang="en" xmlns="http://www.sdmx.org/resources/sdmxml/schemas/v2_1/common">SEYCHELLES DnB COMPANY NUMBER</Name>
        </Code>
        <Code id="27194" urn="urn:sdmx:org.sdmx.infomodel.codelist.Code=ESTAT:CL_NIS_CODE_EGR(1.3).27194">
          <Name xml:lang="en" xmlns="http://www.sdmx.org/resources/sdmxml/schemas/v2_1/common">SEYCHELLES IP IDENTIFICATION NUMBER</Name>
        </Code>
        <Code id="32194" urn="urn:sdmx:org.sdmx.infomodel.codelist.Code=ESTAT:CL_NIS_CODE_EGR(1.3).32194">
          <Name xml:lang="en" xmlns="http://www.sdmx.org/resources/sdmxml/schemas/v2_1/common">SEYCHELLES OTHER ID NUMBER</Name>
        </Code>
        <Code id="25194" urn="urn:sdmx:org.sdmx.infomodel.codelist.Code=ESTAT:CL_NIS_CODE_EGR(1.3).25194">
          <Name xml:lang="en" xmlns="http://www.sdmx.org/resources/sdmxml/schemas/v2_1/common">SEYCHELLES STATISTICAL NUMBER</Name>
        </Code>
        <Code id="21194" urn="urn:sdmx:org.sdmx.infomodel.codelist.Code=ESTAT:CL_NIS_CODE_EGR(1.3).21194">
          <Name xml:lang="en" xmlns="http://www.sdmx.org/resources/sdmxml/schemas/v2_1/common">SEYCHELLES TRADE REGISTER NUMBER</Name>
        </Code>
        <Code id="22194" urn="urn:sdmx:org.sdmx.infomodel.codelist.Code=ESTAT:CL_NIS_CODE_EGR(1.3).22194">
          <Name xml:lang="en" xmlns="http://www.sdmx.org/resources/sdmxml/schemas/v2_1/common">SEYCHELLES VAT NUMBER</Name>
        </Code>
        <Code id="28194" urn="urn:sdmx:org.sdmx.infomodel.codelist.Code=ESTAT:CL_NIS_CODE_EGR(1.3).28194">
          <Name xml:lang="en" xmlns="http://www.sdmx.org/resources/sdmxml/schemas/v2_1/common">SEYCHELLES WVB COMPANY NUMBER</Name>
        </Code>
        <Code id="31202" urn="urn:sdmx:org.sdmx.infomodel.codelist.Code=ESTAT:CL_NIS_CODE_EGR(1.3).31202">
          <Name xml:lang="en" xmlns="http://www.sdmx.org/resources/sdmxml/schemas/v2_1/common">SIERRA LEONE CHAMBER OF COMMERCE NUMBER</Name>
        </Code>
        <Code id="23202" urn="urn:sdmx:org.sdmx.infomodel.codelist.Code=ESTAT:CL_NIS_CODE_EGR(1.3).23202">
          <Name xml:lang="en" xmlns="http://www.sdmx.org/resources/sdmxml/schemas/v2_1/common">SIERRA LEONE COMPANY ID NUMBER</Name>
        </Code>
        <Code id="29202" urn="urn:sdmx:org.sdmx.infomodel.codelist.Code=ESTAT:CL_NIS_CODE_EGR(1.3).29202">
          <Name xml:lang="en" xmlns="http://www.sdmx.org/resources/sdmxml/schemas/v2_1/common">SIERRA LEONE DnB COMPANY NUMBER</Name>
        </Code>
        <Code id="27202" urn="urn:sdmx:org.sdmx.infomodel.codelist.Code=ESTAT:CL_NIS_CODE_EGR(1.3).27202">
          <Name xml:lang="en" xmlns="http://www.sdmx.org/resources/sdmxml/schemas/v2_1/common">SIERRA LEONE IP IDENTIFICATION NUMBER</Name>
        </Code>
        <Code id="32202" urn="urn:sdmx:org.sdmx.infomodel.codelist.Code=ESTAT:CL_NIS_CODE_EGR(1.3).32202">
          <Name xml:lang="en" xmlns="http://www.sdmx.org/resources/sdmxml/schemas/v2_1/common">SIERRA LEONE OTHER ID NUMBER</Name>
        </Code>
        <Code id="25202" urn="urn:sdmx:org.sdmx.infomodel.codelist.Code=ESTAT:CL_NIS_CODE_EGR(1.3).25202">
          <Name xml:lang="en" xmlns="http://www.sdmx.org/resources/sdmxml/schemas/v2_1/common">SIERRA LEONE STATISTICAL NUMBER</Name>
        </Code>
        <Code id="21202" urn="urn:sdmx:org.sdmx.infomodel.codelist.Code=ESTAT:CL_NIS_CODE_EGR(1.3).21202">
          <Name xml:lang="en" xmlns="http://www.sdmx.org/resources/sdmxml/schemas/v2_1/common">SIERRA LEONE TRADE REGISTER NUMBER</Name>
        </Code>
        <Code id="22202" urn="urn:sdmx:org.sdmx.infomodel.codelist.Code=ESTAT:CL_NIS_CODE_EGR(1.3).22202">
          <Name xml:lang="en" xmlns="http://www.sdmx.org/resources/sdmxml/schemas/v2_1/common">SIERRA LEONE VAT NUMBER</Name>
        </Code>
        <Code id="28202" urn="urn:sdmx:org.sdmx.infomodel.codelist.Code=ESTAT:CL_NIS_CODE_EGR(1.3).28202">
          <Name xml:lang="en" xmlns="http://www.sdmx.org/resources/sdmxml/schemas/v2_1/common">SIERRA LEONE WVB COMPANY NUMBER</Name>
        </Code>
        <Code id="31197" urn="urn:sdmx:org.sdmx.infomodel.codelist.Code=ESTAT:CL_NIS_CODE_EGR(1.3).31197">
          <Name xml:lang="en" xmlns="http://www.sdmx.org/resources/sdmxml/schemas/v2_1/common">SINGAPORE CHAMBER OF COMMERCE NUMBER</Name>
        </Code>
        <Code id="23197" urn="urn:sdmx:org.sdmx.infomodel.codelist.Code=ESTAT:CL_NIS_CODE_EGR(1.3).23197">
          <Name xml:lang="en" xmlns="http://www.sdmx.org/resources/sdmxml/schemas/v2_1/common">SINGAPORE COMPANY ID NUMBER</Name>
        </Code>
        <Code id="29197" urn="urn:sdmx:org.sdmx.infomodel.codelist.Code=ESTAT:CL_NIS_CODE_EGR(1.3).29197">
          <Name xml:lang="en" xmlns="http://www.sdmx.org/resources/sdmxml/schemas/v2_1/common">SINGAPORE DnB COMPANY NUMBER</Name>
        </Code>
        <Code id="27197" urn="urn:sdmx:org.sdmx.infomodel.codelist.Code=ESTAT:CL_NIS_CODE_EGR(1.3).27197">
          <Name xml:lang="en" xmlns="http://www.sdmx.org/resources/sdmxml/schemas/v2_1/common">SINGAPORE IP IDENTIFICATION NUMBER</Name>
        </Code>
        <Code id="32197" urn="urn:sdmx:org.sdmx.infomodel.codelist.Code=ESTAT:CL_NIS_CODE_EGR(1.3).32197">
          <Name xml:lang="en" xmlns="http://www.sdmx.org/resources/sdmxml/schemas/v2_1/common">SINGAPORE OTHER ID NUMBER</Name>
        </Code>
        <Code id="25197" urn="urn:sdmx:org.sdmx.infomodel.codelist.Code=ESTAT:CL_NIS_CODE_EGR(1.3).25197">
          <Name xml:lang="en" xmlns="http://www.sdmx.org/resources/sdmxml/schemas/v2_1/common">SINGAPORE STATISTICAL NUMBER</Name>
        </Code>
        <Code id="21197" urn="urn:sdmx:org.sdmx.infomodel.codelist.Code=ESTAT:CL_NIS_CODE_EGR(1.3).21197">
          <Name xml:lang="en" xmlns="http://www.sdmx.org/resources/sdmxml/schemas/v2_1/common">SINGAPORE TRADE REGISTER NUMBER</Name>
        </Code>
        <Code id="22197" urn="urn:sdmx:org.sdmx.infomodel.codelist.Code=ESTAT:CL_NIS_CODE_EGR(1.3).22197">
          <Name xml:lang="en" xmlns="http://www.sdmx.org/resources/sdmxml/schemas/v2_1/common">SINGAPORE VAT NUMBER</Name>
        </Code>
        <Code id="28197" urn="urn:sdmx:org.sdmx.infomodel.codelist.Code=ESTAT:CL_NIS_CODE_EGR(1.3).28197">
          <Name xml:lang="en" xmlns="http://www.sdmx.org/resources/sdmxml/schemas/v2_1/common">SINGAPORE WVB COMPANY NUMBER</Name>
        </Code>
        <Code id="31201" urn="urn:sdmx:org.sdmx.infomodel.codelist.Code=ESTAT:CL_NIS_CODE_EGR(1.3).31201">
          <Name xml:lang="en" xmlns="http://www.sdmx.org/resources/sdmxml/schemas/v2_1/common">SLOVAKIA CHAMBER OF COMMERCE NUMBER</Name>
        </Code>
        <Code id="23201" urn="urn:sdmx:org.sdmx.infomodel.codelist.Code=ESTAT:CL_NIS_CODE_EGR(1.3).23201">
          <Name xml:lang="en" xmlns="http://www.sdmx.org/resources/sdmxml/schemas/v2_1/common">SLOVAKIA COMPANY ID NUMBER</Name>
        </Code>
        <Code id="29201" urn="urn:sdmx:org.sdmx.infomodel.codelist.Code=ESTAT:CL_NIS_CODE_EGR(1.3).29201">
          <Name xml:lang="en" xmlns="http://www.sdmx.org/resources/sdmxml/schemas/v2_1/common">SLOVAKIA DnB COMPANY NUMBER</Name>
        </Code>
        <Code id="27201" urn="urn:sdmx:org.sdmx.infomodel.codelist.Code=ESTAT:CL_NIS_CODE_EGR(1.3).27201">
          <Name xml:lang="en" xmlns="http://www.sdmx.org/resources/sdmxml/schemas/v2_1/common">SLOVAKIA IP IDENTIFICATION NUMBER</Name>
        </Code>
        <Code id="32201" urn="urn:sdmx:org.sdmx.infomodel.codelist.Code=ESTAT:CL_NIS_CODE_EGR(1.3).32201">
          <Name xml:lang="en" xmlns="http://www.sdmx.org/resources/sdmxml/schemas/v2_1/common">SLOVAKIA OTHER ID NUMBER</Name>
        </Code>
        <Code id="25201" urn="urn:sdmx:org.sdmx.infomodel.codelist.Code=ESTAT:CL_NIS_CODE_EGR(1.3).25201">
          <Name xml:lang="en" xmlns="http://www.sdmx.org/resources/sdmxml/schemas/v2_1/common">SLOVAKIA STATISTICAL NUMBER</Name>
        </Code>
        <Code id="21201" urn="urn:sdmx:org.sdmx.infomodel.codelist.Code=ESTAT:CL_NIS_CODE_EGR(1.3).21201">
          <Name xml:lang="en" xmlns="http://www.sdmx.org/resources/sdmxml/schemas/v2_1/common">SLOVAKIA TRADE REGISTER NUMBER</Name>
        </Code>
        <Code id="22201" urn="urn:sdmx:org.sdmx.infomodel.codelist.Code=ESTAT:CL_NIS_CODE_EGR(1.3).22201">
          <Name xml:lang="en" xmlns="http://www.sdmx.org/resources/sdmxml/schemas/v2_1/common">SLOVAKIA VAT NUMBER</Name>
        </Code>
        <Code id="28201" urn="urn:sdmx:org.sdmx.infomodel.codelist.Code=ESTAT:CL_NIS_CODE_EGR(1.3).28201">
          <Name xml:lang="en" xmlns="http://www.sdmx.org/resources/sdmxml/schemas/v2_1/common">SLOVAKIA WVB COMPANY NUMBER</Name>
        </Code>
        <Code id="31199" urn="urn:sdmx:org.sdmx.infomodel.codelist.Code=ESTAT:CL_NIS_CODE_EGR(1.3).31199">
          <Name xml:lang="en" xmlns="http://www.sdmx.org/resources/sdmxml/schemas/v2_1/common">SLOVENIA CHAMBER OF COMMERCE NUMBER</Name>
        </Code>
        <Code id="23199" urn="urn:sdmx:org.sdmx.infomodel.codelist.Code=ESTAT:CL_NIS_CODE_EGR(1.3).23199">
          <Name xml:lang="en" xmlns="http://www.sdmx.org/resources/sdmxml/schemas/v2_1/common">SLOVENIA COMPANY ID NUMBER</Name>
        </Code>
        <Code id="29199" urn="urn:sdmx:org.sdmx.infomodel.codelist.Code=ESTAT:CL_NIS_CODE_EGR(1.3).29199">
          <Name xml:lang="en" xmlns="http://www.sdmx.org/resources/sdmxml/schemas/v2_1/common">SLOVENIA DnB COMPANY NUMBER</Name>
        </Code>
        <Code id="27199" urn="urn:sdmx:org.sdmx.infomodel.codelist.Code=ESTAT:CL_NIS_CODE_EGR(1.3).27199">
          <Name xml:lang="en" xmlns="http://www.sdmx.org/resources/sdmxml/schemas/v2_1/common">SLOVENIA IP IDENTIFICATION NUMBER</Name>
        </Code>
        <Code id="32199" urn="urn:sdmx:org.sdmx.infomodel.codelist.Code=ESTAT:CL_NIS_CODE_EGR(1.3).32199">
          <Name xml:lang="en" xmlns="http://www.sdmx.org/resources/sdmxml/schemas/v2_1/common">SLOVENIA OTHER ID NUMBER</Name>
        </Code>
        <Code id="25199" urn="urn:sdmx:org.sdmx.infomodel.codelist.Code=ESTAT:CL_NIS_CODE_EGR(1.3).25199">
          <Name xml:lang="en" xmlns="http://www.sdmx.org/resources/sdmxml/schemas/v2_1/common">SLOVENIA STATISTICAL NUMBER</Name>
        </Code>
        <Code id="21199" urn="urn:sdmx:org.sdmx.infomodel.codelist.Code=ESTAT:CL_NIS_CODE_EGR(1.3).21199">
          <Name xml:lang="en" xmlns="http://www.sdmx.org/resources/sdmxml/schemas/v2_1/common">SLOVENIA TRADE REGISTER NUMBER</Name>
        </Code>
        <Code id="22199" urn="urn:sdmx:org.sdmx.infomodel.codelist.Code=ESTAT:CL_NIS_CODE_EGR(1.3).22199">
          <Name xml:lang="en" xmlns="http://www.sdmx.org/resources/sdmxml/schemas/v2_1/common">SLOVENIA VAT NUMBER</Name>
        </Code>
        <Code id="28199" urn="urn:sdmx:org.sdmx.infomodel.codelist.Code=ESTAT:CL_NIS_CODE_EGR(1.3).28199">
          <Name xml:lang="en" xmlns="http://www.sdmx.org/resources/sdmxml/schemas/v2_1/common">SLOVENIA WVB COMPANY NUMBER</Name>
        </Code>
        <Code id="31193" urn="urn:sdmx:org.sdmx.infomodel.codelist.Code=ESTAT:CL_NIS_CODE_EGR(1.3).31193">
          <Name xml:lang="en" xmlns="http://www.sdmx.org/resources/sdmxml/schemas/v2_1/common">SOLOMON ISLANDS CHAMBER OF COMMERCE NUMBER</Name>
        </Code>
        <Code id="23193" urn="urn:sdmx:org.sdmx.infomodel.codelist.Code=ESTAT:CL_NIS_CODE_EGR(1.3).23193">
          <Name xml:lang="en" xmlns="http://www.sdmx.org/resources/sdmxml/schemas/v2_1/common">SOLOMON ISLANDS COMPANY ID NUMBER</Name>
        </Code>
        <Code id="29193" urn="urn:sdmx:org.sdmx.infomodel.codelist.Code=ESTAT:CL_NIS_CODE_EGR(1.3).29193">
          <Name xml:lang="en" xmlns="http://www.sdmx.org/resources/sdmxml/schemas/v2_1/common">SOLOMON ISLANDS DnB COMPANY NUMBER</Name>
        </Code>
        <Code id="27193" urn="urn:sdmx:org.sdmx.infomodel.codelist.Code=ESTAT:CL_NIS_CODE_EGR(1.3).27193">
          <Name xml:lang="en" xmlns="http://www.sdmx.org/resources/sdmxml/schemas/v2_1/common">SOLOMON ISLANDS IP IDENTIFICATION NUMBER</Name>
        </Code>
        <Code id="32193" urn="urn:sdmx:org.sdmx.infomodel.codelist.Code=ESTAT:CL_NIS_CODE_EGR(1.3).32193">
          <Name xml:lang="en" xmlns="http://www.sdmx.org/resources/sdmxml/schemas/v2_1/common">SOLOMON ISLANDS OTHER ID NUMBER</Name>
        </Code>
        <Code id="25193" urn="urn:sdmx:org.sdmx.infomodel.codelist.Code=ESTAT:CL_NIS_CODE_EGR(1.3).25193">
          <Name xml:lang="en" xmlns="http://www.sdmx.org/resources/sdmxml/schemas/v2_1/common">SOLOMON ISLANDS STATISTICAL NUMBER</Name>
        </Code>
        <Code id="21193" urn="urn:sdmx:org.sdmx.infomodel.codelist.Code=ESTAT:CL_NIS_CODE_EGR(1.3).21193">
          <Name xml:lang="en" xmlns="http://www.sdmx.org/resources/sdmxml/schemas/v2_1/common">SOLOMON ISLANDS TRADE REGISTER NUMBER</Name>
        </Code>
        <Code id="22193" urn="urn:sdmx:org.sdmx.infomodel.codelist.Code=ESTAT:CL_NIS_CODE_EGR(1.3).22193">
          <Name xml:lang="en" xmlns="http://www.sdmx.org/resources/sdmxml/schemas/v2_1/common">SOLOMON ISLANDS VAT NUMBER</Name>
        </Code>
        <Code id="28193" urn="urn:sdmx:org.sdmx.infomodel.codelist.Code=ESTAT:CL_NIS_CODE_EGR(1.3).28193">
          <Name xml:lang="en" xmlns="http://www.sdmx.org/resources/sdmxml/schemas/v2_1/common">SOLOMON ISLANDS WVB COMPANY NUMBER</Name>
        </Code>
        <Code id="31205" urn="urn:sdmx:org.sdmx.infomodel.codelist.Code=ESTAT:CL_NIS_CODE_EGR(1.3).31205">
          <Name xml:lang="en" xmlns="http://www.sdmx.org/resources/sdmxml/schemas/v2_1/common">SOMALIA CHAMBER OF COMMERCE NUMBER</Name>
        </Code>
        <Code id="23205" urn="urn:sdmx:org.sdmx.infomodel.codelist.Code=ESTAT:CL_NIS_CODE_EGR(1.3).23205">
          <Name xml:lang="en" xmlns="http://www.sdmx.org/resources/sdmxml/schemas/v2_1/common">SOMALIA COMPANY ID NUMBER</Name>
        </Code>
        <Code id="29205" urn="urn:sdmx:org.sdmx.infomodel.codelist.Code=ESTAT:CL_NIS_CODE_EGR(1.3).29205">
          <Name xml:lang="en" xmlns="http://www.sdmx.org/resources/sdmxml/schemas/v2_1/common">SOMALIA DnB COMPANY NUMBER</Name>
        </Code>
        <Code id="27205" urn="urn:sdmx:org.sdmx.infomodel.codelist.Code=ESTAT:CL_NIS_CODE_EGR(1.3).27205">
          <Name xml:lang="en" xmlns="http://www.sdmx.org/resources/sdmxml/schemas/v2_1/common">SOMALIA IP IDENTIFICATION NUMBER</Name>
        </Code>
        <Code id="32205" urn="urn:sdmx:org.sdmx.infomodel.codelist.Code=ESTAT:CL_NIS_CODE_EGR(1.3).32205">
          <Name xml:lang="en" xmlns="http://www.sdmx.org/resources/sdmxml/schemas/v2_1/common">SOMALIA OTHER ID NUMBER</Name>
        </Code>
        <Code id="25205" urn="urn:sdmx:org.sdmx.infomodel.codelist.Code=ESTAT:CL_NIS_CODE_EGR(1.3).25205">
          <Name xml:lang="en" xmlns="http://www.sdmx.org/resources/sdmxml/schemas/v2_1/common">SOMALIA STATISTICAL NUMBER</Name>
        </Code>
        <Code id="21205" urn="urn:sdmx:org.sdmx.infomodel.codelist.Code=ESTAT:CL_NIS_CODE_EGR(1.3).21205">
          <Name xml:lang="en" xmlns="http://www.sdmx.org/resources/sdmxml/schemas/v2_1/common">SOMALIA TRADE REGISTER NUMBER</Name>
        </Code>
        <Code id="22205" urn="urn:sdmx:org.sdmx.infomodel.codelist.Code=ESTAT:CL_NIS_CODE_EGR(1.3).22205">
          <Name xml:lang="en" xmlns="http://www.sdmx.org/resources/sdmxml/schemas/v2_1/common">SOMALIA VAT NUMBER</Name>
        </Code>
        <Code id="28205" urn="urn:sdmx:org.sdmx.infomodel.codelist.Code=ESTAT:CL_NIS_CODE_EGR(1.3).28205">
          <Name xml:lang="en" xmlns="http://www.sdmx.org/resources/sdmxml/schemas/v2_1/common">SOMALIA WVB COMPANY NUMBER</Name>
        </Code>
        <Code id="31244" urn="urn:sdmx:org.sdmx.infomodel.codelist.Code=ESTAT:CL_NIS_CODE_EGR(1.3).31244">
          <Name xml:lang="en" xmlns="http://www.sdmx.org/resources/sdmxml/schemas/v2_1/common">SOUTH AFRICA CHAMBER OF COMMERCE NUMBER</Name>
        </Code>
        <Code id="23244" urn="urn:sdmx:org.sdmx.infomodel.codelist.Code=ESTAT:CL_NIS_CODE_EGR(1.3).23244">
          <Name xml:lang="en" xmlns="http://www.sdmx.org/resources/sdmxml/schemas/v2_1/common">SOUTH AFRICA COMPANY ID NUMBER</Name>
        </Code>
        <Code id="29244" urn="urn:sdmx:org.sdmx.infomodel.codelist.Code=ESTAT:CL_NIS_CODE_EGR(1.3).29244">
          <Name xml:lang="en" xmlns="http://www.sdmx.org/resources/sdmxml/schemas/v2_1/common">SOUTH AFRICA DnB COMPANY NUMBER</Name>
        </Code>
        <Code id="27244" urn="urn:sdmx:org.sdmx.infomodel.codelist.Code=ESTAT:CL_NIS_CODE_EGR(1.3).27244">
          <Name xml:lang="en" xmlns="http://www.sdmx.org/resources/sdmxml/schemas/v2_1/common">SOUTH AFRICA IP IDENTIFICATION NUMBER</Name>
        </Code>
        <Code id="32244" urn="urn:sdmx:org.sdmx.infomodel.codelist.Code=ESTAT:CL_NIS_CODE_EGR(1.3).32244">
          <Name xml:lang="en" xmlns="http://www.sdmx.org/resources/sdmxml/schemas/v2_1/common">SOUTH AFRICA OTHER ID NUMBER</Name>
        </Code>
        <Code id="25244" urn="urn:sdmx:org.sdmx.infomodel.codelist.Code=ESTAT:CL_NIS_CODE_EGR(1.3).25244">
          <Name xml:lang="en" xmlns="http://www.sdmx.org/resources/sdmxml/schemas/v2_1/common">SOUTH AFRICA STATISTICAL NUMBER</Name>
        </Code>
        <Code id="21244" urn="urn:sdmx:org.sdmx.infomodel.codelist.Code=ESTAT:CL_NIS_CODE_EGR(1.3).21244">
          <Name xml:lang="en" xmlns="http://www.sdmx.org/resources/sdmxml/schemas/v2_1/common">SOUTH AFRICA TRADE REGISTER NUMBER</Name>
        </Code>
        <Code id="22244" urn="urn:sdmx:org.sdmx.infomodel.codelist.Code=ESTAT:CL_NIS_CODE_EGR(1.3).22244">
          <Name xml:lang="en" xmlns="http://www.sdmx.org/resources/sdmxml/schemas/v2_1/common">SOUTH AFRICA VAT NUMBER</Name>
        </Code>
        <Code id="28244" urn="urn:sdmx:org.sdmx.infomodel.codelist.Code=ESTAT:CL_NIS_CODE_EGR(1.3).28244">
          <Name xml:lang="en" xmlns="http://www.sdmx.org/resources/sdmxml/schemas/v2_1/common">SOUTH AFRICA WVB COMPANY NUMBER</Name>
        </Code>
        <Code id="31089" urn="urn:sdmx:org.sdmx.infomodel.codelist.Code=ESTAT:CL_NIS_CODE_EGR(1.3).31089">
          <Name xml:lang="en" xmlns="http://www.sdmx.org/resources/sdmxml/schemas/v2_1/common">SOUTH GEORGIA AND THE SOUTH SANDWICH ISLANDS CHAMBER OF COMMERCE NUMBER</Name>
        </Code>
        <Code id="23089" urn="urn:sdmx:org.sdmx.infomodel.codelist.Code=ESTAT:CL_NIS_CODE_EGR(1.3).23089">
          <Name xml:lang="en" xmlns="http://www.sdmx.org/resources/sdmxml/schemas/v2_1/common">SOUTH GEORGIA AND THE SOUTH SANDWICH ISLANDS COMPANY ID NUMBER</Name>
        </Code>
        <Code id="29089" urn="urn:sdmx:org.sdmx.infomodel.codelist.Code=ESTAT:CL_NIS_CODE_EGR(1.3).29089">
          <Name xml:lang="en" xmlns="http://www.sdmx.org/resources/sdmxml/schemas/v2_1/common">SOUTH GEORGIA AND THE SOUTH SANDWICH ISLANDS DnB COMPANY NUMBER</Name>
        </Code>
        <Code id="27089" urn="urn:sdmx:org.sdmx.infomodel.codelist.Code=ESTAT:CL_NIS_CODE_EGR(1.3).27089">
          <Name xml:lang="en" xmlns="http://www.sdmx.org/resources/sdmxml/schemas/v2_1/common">SOUTH GEORGIA AND THE SOUTH SANDWICH ISLANDS IP IDENTIFICATION NUMBER</Name>
        </Code>
        <Code id="32089" urn="urn:sdmx:org.sdmx.infomodel.codelist.Code=ESTAT:CL_NIS_CODE_EGR(1.3).32089">
          <Name xml:lang="en" xmlns="http://www.sdmx.org/resources/sdmxml/schemas/v2_1/common">SOUTH GEORGIA AND THE SOUTH SANDWICH ISLANDS OTHER ID NUMBER</Name>
        </Code>
        <Code id="25089" urn="urn:sdmx:org.sdmx.infomodel.codelist.Code=ESTAT:CL_NIS_CODE_EGR(1.3).25089">
          <Name xml:lang="en" xmlns="http://www.sdmx.org/resources/sdmxml/schemas/v2_1/common">SOUTH GEORGIA AND THE SOUTH SANDWICH ISLANDS STATISTICAL NUMBER</Name>
        </Code>
        <Code id="21089" urn="urn:sdmx:org.sdmx.infomodel.codelist.Code=ESTAT:CL_NIS_CODE_EGR(1.3).21089">
          <Name xml:lang="en" xmlns="http://www.sdmx.org/resources/sdmxml/schemas/v2_1/common">SOUTH GEORGIA AND THE SOUTH SANDWICH ISLANDS TRADE REGISTER NUMBER</Name>
        </Code>
        <Code id="22089" urn="urn:sdmx:org.sdmx.infomodel.codelist.Code=ESTAT:CL_NIS_CODE_EGR(1.3).22089">
          <Name xml:lang="en" xmlns="http://www.sdmx.org/resources/sdmxml/schemas/v2_1/common">SOUTH GEORGIA AND THE SOUTH SANDWICH ISLANDS VAT NUMBER</Name>
        </Code>
        <Code id="28089" urn="urn:sdmx:org.sdmx.infomodel.codelist.Code=ESTAT:CL_NIS_CODE_EGR(1.3).28089">
          <Name xml:lang="en" xmlns="http://www.sdmx.org/resources/sdmxml/schemas/v2_1/common">SOUTH GEORGIA AND THE SOUTH SANDWICH ISLANDS WVB COMPANY NUMBER</Name>
        </Code>
        <Code id="31067" urn="urn:sdmx:org.sdmx.infomodel.codelist.Code=ESTAT:CL_NIS_CODE_EGR(1.3).31067">
          <Name xml:lang="en" xmlns="http://www.sdmx.org/resources/sdmxml/schemas/v2_1/common">SPAIN CHAMBER OF COMMERCE NUMBER</Name>
        </Code>
        <Code id="23067" urn="urn:sdmx:org.sdmx.infomodel.codelist.Code=ESTAT:CL_NIS_CODE_EGR(1.3).23067">
          <Name xml:lang="en" xmlns="http://www.sdmx.org/resources/sdmxml/schemas/v2_1/common">SPAIN COMPANY ID NUMBER</Name>
        </Code>
        <Code id="29067" urn="urn:sdmx:org.sdmx.infomodel.codelist.Code=ESTAT:CL_NIS_CODE_EGR(1.3).29067">
          <Name xml:lang="en" xmlns="http://www.sdmx.org/resources/sdmxml/schemas/v2_1/common">SPAIN DnB COMPANY NUMBER</Name>
        </Code>
        <Code id="27067" urn="urn:sdmx:org.sdmx.infomodel.codelist.Code=ESTAT:CL_NIS_CODE_EGR(1.3).27067">
          <Name xml:lang="en" xmlns="http://www.sdmx.org/resources/sdmxml/schemas/v2_1/common">SPAIN IP IDENTIFICATION NUMBER</Name>
        </Code>
        <Code id="32067" urn="urn:sdmx:org.sdmx.infomodel.codelist.Code=ESTAT:CL_NIS_CODE_EGR(1.3).32067">
          <Name xml:lang="en" xmlns="http://www.sdmx.org/resources/sdmxml/schemas/v2_1/common">SPAIN OTHER ID NUMBER</Name>
        </Code>
        <Code id="25067" urn="urn:sdmx:org.sdmx.infomodel.codelist.Code=ESTAT:CL_NIS_CODE_EGR(1.3).25067">
          <Name xml:lang="en" xmlns="http://www.sdmx.org/resources/sdmxml/schemas/v2_1/common">SPAIN STATISTICAL NUMBER</Name>
        </Code>
        <Code id="21067" urn="urn:sdmx:org.sdmx.infomodel.codelist.Code=ESTAT:CL_NIS_CODE_EGR(1.3).21067">
          <Name xml:lang="en" xmlns="http://www.sdmx.org/resources/sdmxml/schemas/v2_1/common">SPAIN TRADE REGISTER NUMBER</Name>
        </Code>
        <Code id="22067" urn="urn:sdmx:org.sdmx.infomodel.codelist.Code=ESTAT:CL_NIS_CODE_EGR(1.3).22067">
          <Name xml:lang="en" xmlns="http://www.sdmx.org/resources/sdmxml/schemas/v2_1/common">SPAIN VAT NUMBER</Name>
        </Code>
        <Code id="28067" urn="urn:sdmx:org.sdmx.infomodel.codelist.Code=ESTAT:CL_NIS_CODE_EGR(1.3).28067">
          <Name xml:lang="en" xmlns="http://www.sdmx.org/resources/sdmxml/schemas/v2_1/common">SPAIN WVB COMPANY NUMBER</Name>
        </Code>
        <Code id="31129" urn="urn:sdmx:org.sdmx.infomodel.codelist.Code=ESTAT:CL_NIS_CODE_EGR(1.3).31129">
          <Name xml:lang="en" xmlns="http://www.sdmx.org/resources/sdmxml/schemas/v2_1/common">SRI LANKA CHAMBER OF COMMERCE NUMBER</Name>
        </Code>
        <Code id="23129" urn="urn:sdmx:org.sdmx.infomodel.codelist.Code=ESTAT:CL_NIS_CODE_EGR(1.3).23129">
          <Name xml:lang="en" xmlns="http://www.sdmx.org/resources/sdmxml/schemas/v2_1/common">SRI LANKA COMPANY ID NUMBER</Name>
        </Code>
        <Code id="29129" urn="urn:sdmx:org.sdmx.infomodel.codelist.Code=ESTAT:CL_NIS_CODE_EGR(1.3).29129">
          <Name xml:lang="en" xmlns="http://www.sdmx.org/resources/sdmxml/schemas/v2_1/common">SRI LANKA DnB COMPANY NUMBER</Name>
        </Code>
        <Code id="27129" urn="urn:sdmx:org.sdmx.infomodel.codelist.Code=ESTAT:CL_NIS_CODE_EGR(1.3).27129">
          <Name xml:lang="en" xmlns="http://www.sdmx.org/resources/sdmxml/schemas/v2_1/common">SRI LANKA IP IDENTIFICATION NUMBER</Name>
        </Code>
        <Code id="32129" urn="urn:sdmx:org.sdmx.infomodel.codelist.Code=ESTAT:CL_NIS_CODE_EGR(1.3).32129">
          <Name xml:lang="en" xmlns="http://www.sdmx.org/resources/sdmxml/schemas/v2_1/common">SRI LANKA OTHER ID NUMBER</Name>
        </Code>
        <Code id="25129" urn="urn:sdmx:org.sdmx.infomodel.codelist.Code=ESTAT:CL_NIS_CODE_EGR(1.3).25129">
          <Name xml:lang="en" xmlns="http://www.sdmx.org/resources/sdmxml/schemas/v2_1/common">SRI LANKA STATISTICAL NUMBER</Name>
        </Code>
        <Code id="21129" urn="urn:sdmx:org.sdmx.infomodel.codelist.Code=ESTAT:CL_NIS_CODE_EGR(1.3).21129">
          <Name xml:lang="en" xmlns="http://www.sdmx.org/resources/sdmxml/schemas/v2_1/common">SRI LANKA TRADE REGISTER NUMBER</Name>
        </Code>
        <Code id="22129" urn="urn:sdmx:org.sdmx.infomodel.codelist.Code=ESTAT:CL_NIS_CODE_EGR(1.3).22129">
          <Name xml:lang="en" xmlns="http://www.sdmx.org/resources/sdmxml/schemas/v2_1/common">SRI LANKA VAT NUMBER</Name>
        </Code>
        <Code id="28129" urn="urn:sdmx:org.sdmx.infomodel.codelist.Code=ESTAT:CL_NIS_CODE_EGR(1.3).28129">
          <Name xml:lang="en" xmlns="http://www.sdmx.org/resources/sdmxml/schemas/v2_1/common">SRI LANKA WVB COMPANY NUMBER</Name>
        </Code>
        <Code id="31195" urn="urn:sdmx:org.sdmx.infomodel.codelist.Code=ESTAT:CL_NIS_CODE_EGR(1.3).31195">
          <Name xml:lang="en" xmlns="http://www.sdmx.org/resources/sdmxml/schemas/v2_1/common">SUDAN CHAMBER OF COMMERCE NUMBER</Name>
        </Code>
        <Code id="23195" urn="urn:sdmx:org.sdmx.infomodel.codelist.Code=ESTAT:CL_NIS_CODE_EGR(1.3).23195">
          <Name xml:lang="en" xmlns="http://www.sdmx.org/resources/sdmxml/schemas/v2_1/common">SUDAN COMPANY ID NUMBER</Name>
        </Code>
        <Code id="29195" urn="urn:sdmx:org.sdmx.infomodel.codelist.Code=ESTAT:CL_NIS_CODE_EGR(1.3).29195">
          <Name xml:lang="en" xmlns="http://www.sdmx.org/resources/sdmxml/schemas/v2_1/common">SUDAN DnB COMPANY NUMBER</Name>
        </Code>
        <Code id="27195" urn="urn:sdmx:org.sdmx.infomodel.codelist.Code=ESTAT:CL_NIS_CODE_EGR(1.3).27195">
          <Name xml:lang="en" xmlns="http://www.sdmx.org/resources/sdmxml/schemas/v2_1/common">SUDAN IP IDENTIFICATION NUMBER</Name>
        </Code>
        <Code id="32195" urn="urn:sdmx:org.sdmx.infomodel.codelist.Code=ESTAT:CL_NIS_CODE_EGR(1.3).32195">
          <Name xml:lang="en" xmlns="http://www.sdmx.org/resources/sdmxml/schemas/v2_1/common">SUDAN OTHER ID NUMBER</Name>
        </Code>
        <Code id="25195" urn="urn:sdmx:org.sdmx.infomodel.codelist.Code=ESTAT:CL_NIS_CODE_EGR(1.3).25195">
          <Name xml:lang="en" xmlns="http://www.sdmx.org/resources/sdmxml/schemas/v2_1/common">SUDAN STATISTICAL NUMBER</Name>
        </Code>
        <Code id="21195" urn="urn:sdmx:org.sdmx.infomodel.codelist.Code=ESTAT:CL_NIS_CODE_EGR(1.3).21195">
          <Name xml:lang="en" xmlns="http://www.sdmx.org/resources/sdmxml/schemas/v2_1/common">SUDAN TRADE REGISTER NUMBER</Name>
        </Code>
        <Code id="22195" urn="urn:sdmx:org.sdmx.infomodel.codelist.Code=ESTAT:CL_NIS_CODE_EGR(1.3).22195">
          <Name xml:lang="en" xmlns="http://www.sdmx.org/resources/sdmxml/schemas/v2_1/common">SUDAN VAT NUMBER</Name>
        </Code>
        <Code id="28195" urn="urn:sdmx:org.sdmx.infomodel.codelist.Code=ESTAT:CL_NIS_CODE_EGR(1.3).28195">
          <Name xml:lang="en" xmlns="http://www.sdmx.org/resources/sdmxml/schemas/v2_1/common">SUDAN WVB COMPANY NUMBER</Name>
        </Code>
        <Code id="31206" urn="urn:sdmx:org.sdmx.infomodel.codelist.Code=ESTAT:CL_NIS_CODE_EGR(1.3).31206">
          <Name xml:lang="en" xmlns="http://www.sdmx.org/resources/sdmxml/schemas/v2_1/common">SURINAME CHAMBER OF COMMERCE NUMBER</Name>
        </Code>
        <Code id="23206" urn="urn:sdmx:org.sdmx.infomodel.codelist.Code=ESTAT:CL_NIS_CODE_EGR(1.3).23206">
          <Name xml:lang="en" xmlns="http://www.sdmx.org/resources/sdmxml/schemas/v2_1/common">SURINAME COMPANY ID NUMBER</Name>
        </Code>
        <Code id="29206" urn="urn:sdmx:org.sdmx.infomodel.codelist.Code=ESTAT:CL_NIS_CODE_EGR(1.3).29206">
          <Name xml:lang="en" xmlns="http://www.sdmx.org/resources/sdmxml/schemas/v2_1/common">SURINAME DnB COMPANY NUMBER</Name>
        </Code>
        <Code id="27206" urn="urn:sdmx:org.sdmx.infomodel.codelist.Code=ESTAT:CL_NIS_CODE_EGR(1.3).27206">
          <Name xml:lang="en" xmlns="http://www.sdmx.org/resources/sdmxml/schemas/v2_1/common">SURINAME IP IDENTIFICATION NUMBER</Name>
        </Code>
        <Code id="32206" urn="urn:sdmx:org.sdmx.infomodel.codelist.Code=ESTAT:CL_NIS_CODE_EGR(1.3).32206">
          <Name xml:lang="en" xmlns="http://www.sdmx.org/resources/sdmxml/schemas/v2_1/common">SURINAME OTHER ID NUMBER</Name>
        </Code>
        <Code id="25206" urn="urn:sdmx:org.sdmx.infomodel.codelist.Code=ESTAT:CL_NIS_CODE_EGR(1.3).25206">
          <Name xml:lang="en" xmlns="http://www.sdmx.org/resources/sdmxml/schemas/v2_1/common">SURINAME STATISTICAL NUMBER</Name>
        </Code>
        <Code id="21206" urn="urn:sdmx:org.sdmx.infomodel.codelist.Code=ESTAT:CL_NIS_CODE_EGR(1.3).21206">
          <Name xml:lang="en" xmlns="http://www.sdmx.org/resources/sdmxml/schemas/v2_1/common">SURINAME TRADE REGISTER NUMBER</Name>
        </Code>
        <Code id="22206" urn="urn:sdmx:org.sdmx.infomodel.codelist.Code=ESTAT:CL_NIS_CODE_EGR(1.3).22206">
          <Name xml:lang="en" xmlns="http://www.sdmx.org/resources/sdmxml/schemas/v2_1/common">SURINAME VAT NUMBER</Name>
        </Code>
        <Code id="28206" urn="urn:sdmx:org.sdmx.infomodel.codelist.Code=ESTAT:CL_NIS_CODE_EGR(1.3).28206">
          <Name xml:lang="en" xmlns="http://www.sdmx.org/resources/sdmxml/schemas/v2_1/common">SURINAME WVB COMPANY NUMBER</Name>
        </Code>
        <Code id="31200" urn="urn:sdmx:org.sdmx.infomodel.codelist.Code=ESTAT:CL_NIS_CODE_EGR(1.3).31200">
          <Name xml:lang="en" xmlns="http://www.sdmx.org/resources/sdmxml/schemas/v2_1/common">SVALBARD AND JAN MAYEN CHAMBER OF COMMERCE NUMBER</Name>
        </Code>
        <Code id="23200" urn="urn:sdmx:org.sdmx.infomodel.codelist.Code=ESTAT:CL_NIS_CODE_EGR(1.3).23200">
          <Name xml:lang="en" xmlns="http://www.sdmx.org/resources/sdmxml/schemas/v2_1/common">SVALBARD AND JAN MAYEN COMPANY ID NUMBER</Name>
        </Code>
        <Code id="29200" urn="urn:sdmx:org.sdmx.infomodel.codelist.Code=ESTAT:CL_NIS_CODE_EGR(1.3).29200">
          <Name xml:lang="en" xmlns="http://www.sdmx.org/resources/sdmxml/schemas/v2_1/common">SVALBARD AND JAN MAYEN DnB COMPANY NUMBER</Name>
        </Code>
        <Code id="27200" urn="urn:sdmx:org.sdmx.infomodel.codelist.Code=ESTAT:CL_NIS_CODE_EGR(1.3).27200">
          <Name xml:lang="en" xmlns="http://www.sdmx.org/resources/sdmxml/schemas/v2_1/common">SVALBARD AND JAN MAYEN IP IDENTIFICATION NUMBER</Name>
        </Code>
        <Code id="32200" urn="urn:sdmx:org.sdmx.infomodel.codelist.Code=ESTAT:CL_NIS_CODE_EGR(1.3).32200">
          <Name xml:lang="en" xmlns="http://www.sdmx.org/resources/sdmxml/schemas/v2_1/common">SVALBARD AND JAN MAYEN OTHER ID NUMBER</Name>
        </Code>
        <Code id="25200" urn="urn:sdmx:org.sdmx.infomodel.codelist.Code=ESTAT:CL_NIS_CODE_EGR(1.3).25200">
          <Name xml:lang="en" xmlns="http://www.sdmx.org/resources/sdmxml/schemas/v2_1/common">SVALBARD AND JAN MAYEN STATISTICAL NUMBER</Name>
        </Code>
        <Code id="21200" urn="urn:sdmx:org.sdmx.infomodel.codelist.Code=ESTAT:CL_NIS_CODE_EGR(1.3).21200">
          <Name xml:lang="en" xmlns="http://www.sdmx.org/resources/sdmxml/schemas/v2_1/common">SVALBARD AND JAN MAYEN TRADE REGISTER NUMBER</Name>
        </Code>
        <Code id="22200" urn="urn:sdmx:org.sdmx.infomodel.codelist.Code=ESTAT:CL_NIS_CODE_EGR(1.3).22200">
          <Name xml:lang="en" xmlns="http://www.sdmx.org/resources/sdmxml/schemas/v2_1/common">SVALBARD AND JAN MAYEN VAT NUMBER</Name>
        </Code>
        <Code id="28200" urn="urn:sdmx:org.sdmx.infomodel.codelist.Code=ESTAT:CL_NIS_CODE_EGR(1.3).28200">
          <Name xml:lang="en" xmlns="http://www.sdmx.org/resources/sdmxml/schemas/v2_1/common">SVALBARD AND JAN MAYEN WVB COMPANY NUMBER</Name>
        </Code>
        <Code id="31210" urn="urn:sdmx:org.sdmx.infomodel.codelist.Code=ESTAT:CL_NIS_CODE_EGR(1.3).31210">
          <Name xml:lang="en" xmlns="http://www.sdmx.org/resources/sdmxml/schemas/v2_1/common">SWAZILAND CHAMBER OF COMMERCE NUMBER</Name>
        </Code>
        <Code id="23210" urn="urn:sdmx:org.sdmx.infomodel.codelist.Code=ESTAT:CL_NIS_CODE_EGR(1.3).23210">
          <Name xml:lang="en" xmlns="http://www.sdmx.org/resources/sdmxml/schemas/v2_1/common">SWAZILAND COMPANY ID NUMBER</Name>
        </Code>
        <Code id="29210" urn="urn:sdmx:org.sdmx.infomodel.codelist.Code=ESTAT:CL_NIS_CODE_EGR(1.3).29210">
          <Name xml:lang="en" xmlns="http://www.sdmx.org/resources/sdmxml/schemas/v2_1/common">SWAZILAND DnB COMPANY NUMBER</Name>
        </Code>
        <Code id="27210" urn="urn:sdmx:org.sdmx.infomodel.codelist.Code=ESTAT:CL_NIS_CODE_EGR(1.3).27210">
          <Name xml:lang="en" xmlns="http://www.sdmx.org/resources/sdmxml/schemas/v2_1/common">SWAZILAND IP IDENTIFICATION NUMBER</Name>
        </Code>
        <Code id="32210" urn="urn:sdmx:org.sdmx.infomodel.codelist.Code=ESTAT:CL_NIS_CODE_EGR(1.3).32210">
          <Name xml:lang="en" xmlns="http://www.sdmx.org/resources/sdmxml/schemas/v2_1/common">SWAZILAND OTHER ID NUMBER</Name>
        </Code>
        <Code id="25210" urn="urn:sdmx:org.sdmx.infomodel.codelist.Code=ESTAT:CL_NIS_CODE_EGR(1.3).25210">
          <Name xml:lang="en" xmlns="http://www.sdmx.org/resources/sdmxml/schemas/v2_1/common">SWAZILAND STATISTICAL NUMBER</Name>
        </Code>
        <Code id="21210" urn="urn:sdmx:org.sdmx.infomodel.codelist.Code=ESTAT:CL_NIS_CODE_EGR(1.3).21210">
          <Name xml:lang="en" xmlns="http://www.sdmx.org/resources/sdmxml/schemas/v2_1/common">SWAZILAND TRADE REGISTER NUMBER</Name>
        </Code>
        <Code id="22210" urn="urn:sdmx:org.sdmx.infomodel.codelist.Code=ESTAT:CL_NIS_CODE_EGR(1.3).22210">
          <Name xml:lang="en" xmlns="http://www.sdmx.org/resources/sdmxml/schemas/v2_1/common">SWAZILAND VAT NUMBER</Name>
        </Code>
        <Code id="28210" urn="urn:sdmx:org.sdmx.infomodel.codelist.Code=ESTAT:CL_NIS_CODE_EGR(1.3).28210">
          <Name xml:lang="en" xmlns="http://www.sdmx.org/resources/sdmxml/schemas/v2_1/common">SWAZILAND WVB COMPANY NUMBER</Name>
        </Code>
        <Code id="31196" urn="urn:sdmx:org.sdmx.infomodel.codelist.Code=ESTAT:CL_NIS_CODE_EGR(1.3).31196">
          <Name xml:lang="en" xmlns="http://www.sdmx.org/resources/sdmxml/schemas/v2_1/common">SWEDEN CHAMBER OF COMMERCE NUMBER</Name>
        </Code>
        <Code id="23196" urn="urn:sdmx:org.sdmx.infomodel.codelist.Code=ESTAT:CL_NIS_CODE_EGR(1.3).23196">
          <Name xml:lang="en" xmlns="http://www.sdmx.org/resources/sdmxml/schemas/v2_1/common">SWEDEN COMPANY ID NUMBER</Name>
        </Code>
        <Code id="29196" urn="urn:sdmx:org.sdmx.infomodel.codelist.Code=ESTAT:CL_NIS_CODE_EGR(1.3).29196">
          <Name xml:lang="en" xmlns="http://www.sdmx.org/resources/sdmxml/schemas/v2_1/common">SWEDEN DnB COMPANY NUMBER</Name>
        </Code>
        <Code id="27196" urn="urn:sdmx:org.sdmx.infomodel.codelist.Code=ESTAT:CL_NIS_CODE_EGR(1.3).27196">
          <Name xml:lang="en" xmlns="http://www.sdmx.org/resources/sdmxml/schemas/v2_1/common">SWEDEN IP IDENTIFICATION NUMBER</Name>
        </Code>
        <Code id="32196" urn="urn:sdmx:org.sdmx.infomodel.codelist.Code=ESTAT:CL_NIS_CODE_EGR(1.3).32196">
          <Name xml:lang="en" xmlns="http://www.sdmx.org/resources/sdmxml/schemas/v2_1/common">SWEDEN OTHER ID NUMBER</Name>
        </Code>
        <Code id="25196" urn="urn:sdmx:org.sdmx.infomodel.codelist.Code=ESTAT:CL_NIS_CODE_EGR(1.3).25196">
          <Name xml:lang="en" xmlns="http://www.sdmx.org/resources/sdmxml/schemas/v2_1/common">SWEDEN STATISTICAL NUMBER</Name>
        </Code>
        <Code id="21196" urn="urn:sdmx:org.sdmx.infomodel.codelist.Code=ESTAT:CL_NIS_CODE_EGR(1.3).21196">
          <Name xml:lang="en" xmlns="http://www.sdmx.org/resources/sdmxml/schemas/v2_1/common">SWEDEN TRADE REGISTER NUMBER</Name>
        </Code>
        <Code id="22196" urn="urn:sdmx:org.sdmx.infomodel.codelist.Code=ESTAT:CL_NIS_CODE_EGR(1.3).22196">
          <Name xml:lang="en" xmlns="http://www.sdmx.org/resources/sdmxml/schemas/v2_1/common">SWEDEN VAT NUMBER</Name>
        </Code>
        <Code id="28196" urn="urn:sdmx:org.sdmx.infomodel.codelist.Code=ESTAT:CL_NIS_CODE_EGR(1.3).28196">
          <Name xml:lang="en" xmlns="http://www.sdmx.org/resources/sdmxml/schemas/v2_1/common">SWEDEN WVB COMPANY NUMBER</Name>
        </Code>
        <Code id="31043" urn="urn:sdmx:org.sdmx.infomodel.codelist.Code=ESTAT:CL_NIS_CODE_EGR(1.3).31043">
          <Name xml:lang="en" xmlns="http://www.sdmx.org/resources/sdmxml/schemas/v2_1/common">SWITZERLAND CHAMBER OF COMMERCE NUMBER</Name>
        </Code>
        <Code id="23043" urn="urn:sdmx:org.sdmx.infomodel.codelist.Code=ESTAT:CL_NIS_CODE_EGR(1.3).23043">
          <Name xml:lang="en" xmlns="http://www.sdmx.org/resources/sdmxml/schemas/v2_1/common">SWITZERLAND COMPANY ID NUMBER</Name>
        </Code>
        <Code id="29043" urn="urn:sdmx:org.sdmx.infomodel.codelist.Code=ESTAT:CL_NIS_CODE_EGR(1.3).29043">
          <Name xml:lang="en" xmlns="http://www.sdmx.org/resources/sdmxml/schemas/v2_1/common">SWITZERLAND DnB COMPANY NUMBER</Name>
        </Code>
        <Code id="27043" urn="urn:sdmx:org.sdmx.infomodel.codelist.Code=ESTAT:CL_NIS_CODE_EGR(1.3).27043">
          <Name xml:lang="en" xmlns="http://www.sdmx.org/resources/sdmxml/schemas/v2_1/common">SWITZERLAND IP IDENTIFICATION NUMBER</Name>
        </Code>
        <Code id="32043" urn="urn:sdmx:org.sdmx.infomodel.codelist.Code=ESTAT:CL_NIS_CODE_EGR(1.3).32043">
          <Name xml:lang="en" xmlns="http://www.sdmx.org/resources/sdmxml/schemas/v2_1/common">SWITZERLAND OTHER ID NUMBER</Name>
        </Code>
        <Code id="25043" urn="urn:sdmx:org.sdmx.infomodel.codelist.Code=ESTAT:CL_NIS_CODE_EGR(1.3).25043">
          <Name xml:lang="en" xmlns="http://www.sdmx.org/resources/sdmxml/schemas/v2_1/common">SWITZERLAND STATISTICAL NUMBER</Name>
        </Code>
        <Code id="21043" urn="urn:sdmx:org.sdmx.infomodel.codelist.Code=ESTAT:CL_NIS_CODE_EGR(1.3).21043">
          <Name xml:lang="en" xmlns="http://www.sdmx.org/resources/sdmxml/schemas/v2_1/common">SWITZERLAND TRADE REGISTER NUMBER</Name>
        </Code>
        <Code id="22043" urn="urn:sdmx:org.sdmx.infomodel.codelist.Code=ESTAT:CL_NIS_CODE_EGR(1.3).22043">
          <Name xml:lang="en" xmlns="http://www.sdmx.org/resources/sdmxml/schemas/v2_1/common">SWITZERLAND VAT NUMBER</Name>
        </Code>
        <Code id="28043" urn="urn:sdmx:org.sdmx.infomodel.codelist.Code=ESTAT:CL_NIS_CODE_EGR(1.3).28043">
          <Name xml:lang="en" xmlns="http://www.sdmx.org/resources/sdmxml/schemas/v2_1/common">SWITZERLAND WVB COMPANY NUMBER</Name>
        </Code>
        <Code id="31209" urn="urn:sdmx:org.sdmx.infomodel.codelist.Code=ESTAT:CL_NIS_CODE_EGR(1.3).31209">
          <Name xml:lang="en" xmlns="http://www.sdmx.org/resources/sdmxml/schemas/v2_1/common">SYRIA CHAMBER OF COMMERCE NUMBER</Name>
        </Code>
        <Code id="23209" urn="urn:sdmx:org.sdmx.infomodel.codelist.Code=ESTAT:CL_NIS_CODE_EGR(1.3).23209">
          <Name xml:lang="en" xmlns="http://www.sdmx.org/resources/sdmxml/schemas/v2_1/common">SYRIA COMPANY ID NUMBER</Name>
        </Code>
        <Code id="29209" urn="urn:sdmx:org.sdmx.infomodel.codelist.Code=ESTAT:CL_NIS_CODE_EGR(1.3).29209">
          <Name xml:lang="en" xmlns="http://www.sdmx.org/resources/sdmxml/schemas/v2_1/common">SYRIA DnB COMPANY NUMBER</Name>
        </Code>
        <Code id="27209" urn="urn:sdmx:org.sdmx.infomodel.codelist.Code=ESTAT:CL_NIS_CODE_EGR(1.3).27209">
          <Name xml:lang="en" xmlns="http://www.sdmx.org/resources/sdmxml/schemas/v2_1/common">SYRIA IP IDENTIFICATION NUMBER</Name>
        </Code>
        <Code id="32209" urn="urn:sdmx:org.sdmx.infomodel.codelist.Code=ESTAT:CL_NIS_CODE_EGR(1.3).32209">
          <Name xml:lang="en" xmlns="http://www.sdmx.org/resources/sdmxml/schemas/v2_1/common">SYRIA OTHER ID NUMBER</Name>
        </Code>
        <Code id="25209" urn="urn:sdmx:org.sdmx.infomodel.codelist.Code=ESTAT:CL_NIS_CODE_EGR(1.3).25209">
          <Name xml:lang="en" xmlns="http://www.sdmx.org/resources/sdmxml/schemas/v2_1/common">SYRIA STATISTICAL NUMBER</Name>
        </Code>
        <Code id="21209" urn="urn:sdmx:org.sdmx.infomodel.codelist.Code=ESTAT:CL_NIS_CODE_EGR(1.3).21209">
          <Name xml:lang="en" xmlns="http://www.sdmx.org/resources/sdmxml/schemas/v2_1/common">SYRIA TRADE REGISTER NUMBER</Name>
        </Code>
        <Code id="22209" urn="urn:sdmx:org.sdmx.infomodel.codelist.Code=ESTAT:CL_NIS_CODE_EGR(1.3).22209">
          <Name xml:lang="en" xmlns="http://www.sdmx.org/resources/sdmxml/schemas/v2_1/common">SYRIA VAT NUMBER</Name>
        </Code>
        <Code id="28209" urn="urn:sdmx:org.sdmx.infomodel.codelist.Code=ESTAT:CL_NIS_CODE_EGR(1.3).28209">
          <Name xml:lang="en" xmlns="http://www.sdmx.org/resources/sdmxml/schemas/v2_1/common">SYRIA WVB COMPANY NUMBER</Name>
        </Code>
        <Code id="31225" urn="urn:sdmx:org.sdmx.infomodel.codelist.Code=ESTAT:CL_NIS_CODE_EGR(1.3).31225">
          <Name xml:lang="en" xmlns="http://www.sdmx.org/resources/sdmxml/schemas/v2_1/common">TAIWAN CHAMBER OF COMMERCE NUMBER</Name>
        </Code>
        <Code id="23225" urn="urn:sdmx:org.sdmx.infomodel.codelist.Code=ESTAT:CL_NIS_CODE_EGR(1.3).23225">
          <Name xml:lang="en" xmlns="http://www.sdmx.org/resources/sdmxml/schemas/v2_1/common">TAIWAN COMPANY ID NUMBER</Name>
        </Code>
        <Code id="29225" urn="urn:sdmx:org.sdmx.infomodel.codelist.Code=ESTAT:CL_NIS_CODE_EGR(1.3).29225">
          <Name xml:lang="en" xmlns="http://www.sdmx.org/resources/sdmxml/schemas/v2_1/common">TAIWAN DnB COMPANY NUMBER</Name>
        </Code>
        <Code id="27225" urn="urn:sdmx:org.sdmx.infomodel.codelist.Code=ESTAT:CL_NIS_CODE_EGR(1.3).27225">
          <Name xml:lang="en" xmlns="http://www.sdmx.org/resources/sdmxml/schemas/v2_1/common">TAIWAN IP IDENTIFICATION NUMBER</Name>
        </Code>
        <Code id="32225" urn="urn:sdmx:org.sdmx.infomodel.codelist.Code=ESTAT:CL_NIS_CODE_EGR(1.3).32225">
          <Name xml:lang="en" xmlns="http://www.sdmx.org/resources/sdmxml/schemas/v2_1/common">TAIWAN OTHER ID NUMBER</Name>
        </Code>
        <Code id="25225" urn="urn:sdmx:org.sdmx.infomodel.codelist.Code=ESTAT:CL_NIS_CODE_EGR(1.3).25225">
          <Name xml:lang="en" xmlns="http://www.sdmx.org/resources/sdmxml/schemas/v2_1/common">TAIWAN STATISTICAL NUMBER</Name>
        </Code>
        <Code id="21225" urn="urn:sdmx:org.sdmx.infomodel.codelist.Code=ESTAT:CL_NIS_CODE_EGR(1.3).21225">
          <Name xml:lang="en" xmlns="http://www.sdmx.org/resources/sdmxml/schemas/v2_1/common">TAIWAN TRADE REGISTER NUMBER</Name>
        </Code>
        <Code id="22225" urn="urn:sdmx:org.sdmx.infomodel.codelist.Code=ESTAT:CL_NIS_CODE_EGR(1.3).22225">
          <Name xml:lang="en" xmlns="http://www.sdmx.org/resources/sdmxml/schemas/v2_1/common">TAIWAN VAT NUMBER</Name>
        </Code>
        <Code id="28225" urn="urn:sdmx:org.sdmx.infomodel.codelist.Code=ESTAT:CL_NIS_CODE_EGR(1.3).28225">
          <Name xml:lang="en" xmlns="http://www.sdmx.org/resources/sdmxml/schemas/v2_1/common">TAIWAN WVB COMPANY NUMBER</Name>
        </Code>
        <Code id="31216" urn="urn:sdmx:org.sdmx.infomodel.codelist.Code=ESTAT:CL_NIS_CODE_EGR(1.3).31216">
          <Name xml:lang="en" xmlns="http://www.sdmx.org/resources/sdmxml/schemas/v2_1/common">TAJIKISTAN CHAMBER OF COMMERCE NUMBER</Name>
        </Code>
        <Code id="23216" urn="urn:sdmx:org.sdmx.infomodel.codelist.Code=ESTAT:CL_NIS_CODE_EGR(1.3).23216">
          <Name xml:lang="en" xmlns="http://www.sdmx.org/resources/sdmxml/schemas/v2_1/common">TAJIKISTAN COMPANY ID NUMBER</Name>
        </Code>
        <Code id="29216" urn="urn:sdmx:org.sdmx.infomodel.codelist.Code=ESTAT:CL_NIS_CODE_EGR(1.3).29216">
          <Name xml:lang="en" xmlns="http://www.sdmx.org/resources/sdmxml/schemas/v2_1/common">TAJIKISTAN DnB COMPANY NUMBER</Name>
        </Code>
        <Code id="27216" urn="urn:sdmx:org.sdmx.infomodel.codelist.Code=ESTAT:CL_NIS_CODE_EGR(1.3).27216">
          <Name xml:lang="en" xmlns="http://www.sdmx.org/resources/sdmxml/schemas/v2_1/common">TAJIKISTAN IP IDENTIFICATION NUMBER</Name>
        </Code>
        <Code id="32216" urn="urn:sdmx:org.sdmx.infomodel.codelist.Code=ESTAT:CL_NIS_CODE_EGR(1.3).32216">
          <Name xml:lang="en" xmlns="http://www.sdmx.org/resources/sdmxml/schemas/v2_1/common">TAJIKISTAN OTHER ID NUMBER</Name>
        </Code>
        <Code id="25216" urn="urn:sdmx:org.sdmx.infomodel.codelist.Code=ESTAT:CL_NIS_CODE_EGR(1.3).25216">
          <Name xml:lang="en" xmlns="http://www.sdmx.org/resources/sdmxml/schemas/v2_1/common">TAJIKISTAN STATISTICAL NUMBER</Name>
        </Code>
        <Code id="21216" urn="urn:sdmx:org.sdmx.infomodel.codelist.Code=ESTAT:CL_NIS_CODE_EGR(1.3).21216">
          <Name xml:lang="en" xmlns="http://www.sdmx.org/resources/sdmxml/schemas/v2_1/common">TAJIKISTAN TRADE REGISTER NUMBER</Name>
        </Code>
        <Code id="22216" urn="urn:sdmx:org.sdmx.infomodel.codelist.Code=ESTAT:CL_NIS_CODE_EGR(1.3).22216">
          <Name xml:lang="en" xmlns="http://www.sdmx.org/resources/sdmxml/schemas/v2_1/common">TAJIKISTAN VAT NUMBER</Name>
        </Code>
        <Code id="28216" urn="urn:sdmx:org.sdmx.infomodel.codelist.Code=ESTAT:CL_NIS_CODE_EGR(1.3).28216">
          <Name xml:lang="en" xmlns="http://www.sdmx.org/resources/sdmxml/schemas/v2_1/common">TAJIKISTAN WVB COMPANY NUMBER</Name>
        </Code>
        <Code id="31226" urn="urn:sdmx:org.sdmx.infomodel.codelist.Code=ESTAT:CL_NIS_CODE_EGR(1.3).31226">
          <Name xml:lang="en" xmlns="http://www.sdmx.org/resources/sdmxml/schemas/v2_1/common">TANZANIA CHAMBER OF COMMERCE NUMBER</Name>
        </Code>
        <Code id="23226" urn="urn:sdmx:org.sdmx.infomodel.codelist.Code=ESTAT:CL_NIS_CODE_EGR(1.3).23226">
          <Name xml:lang="en" xmlns="http://www.sdmx.org/resources/sdmxml/schemas/v2_1/common">TANZANIA COMPANY ID NUMBER</Name>
        </Code>
        <Code id="29226" urn="urn:sdmx:org.sdmx.infomodel.codelist.Code=ESTAT:CL_NIS_CODE_EGR(1.3).29226">
          <Name xml:lang="en" xmlns="http://www.sdmx.org/resources/sdmxml/schemas/v2_1/common">TANZANIA DnB COMPANY NUMBER</Name>
        </Code>
        <Code id="27226" urn="urn:sdmx:org.sdmx.infomodel.codelist.Code=ESTAT:CL_NIS_CODE_EGR(1.3).27226">
          <Name xml:lang="en" xmlns="http://www.sdmx.org/resources/sdmxml/schemas/v2_1/common">TANZANIA IP IDENTIFICATION NUMBER</Name>
        </Code>
        <Code id="32226" urn="urn:sdmx:org.sdmx.infomodel.codelist.Code=ESTAT:CL_NIS_CODE_EGR(1.3).32226">
          <Name xml:lang="en" xmlns="http://www.sdmx.org/resources/sdmxml/schemas/v2_1/common">TANZANIA OTHER ID NUMBER</Name>
        </Code>
        <Code id="25226" urn="urn:sdmx:org.sdmx.infomodel.codelist.Code=ESTAT:CL_NIS_CODE_EGR(1.3).25226">
          <Name xml:lang="en" xmlns="http://www.sdmx.org/resources/sdmxml/schemas/v2_1/common">TANZANIA STATISTICAL NUMBER</Name>
        </Code>
        <Code id="21226" urn="urn:sdmx:org.sdmx.infomodel.codelist.Code=ESTAT:CL_NIS_CODE_EGR(1.3).21226">
          <Name xml:lang="en" xmlns="http://www.sdmx.org/resources/sdmxml/schemas/v2_1/common">TANZANIA TRADE REGISTER NUMBER</Name>
        </Code>
        <Code id="22226" urn="urn:sdmx:org.sdmx.infomodel.codelist.Code=ESTAT:CL_NIS_CODE_EGR(1.3).22226">
          <Name xml:lang="en" xmlns="http://www.sdmx.org/resources/sdmxml/schemas/v2_1/common">TANZANIA VAT NUMBER</Name>
        </Code>
        <Code id="28226" urn="urn:sdmx:org.sdmx.infomodel.codelist.Code=ESTAT:CL_NIS_CODE_EGR(1.3).28226">
          <Name xml:lang="en" xmlns="http://www.sdmx.org/resources/sdmxml/schemas/v2_1/common">TANZANIA WVB COMPANY NUMBER</Name>
        </Code>
        <Code id="31215" urn="urn:sdmx:org.sdmx.infomodel.codelist.Code=ESTAT:CL_NIS_CODE_EGR(1.3).31215">
          <Name xml:lang="en" xmlns="http://www.sdmx.org/resources/sdmxml/schemas/v2_1/common">THAILAND CHAMBER OF COMMERCE NUMBER</Name>
        </Code>
        <Code id="23215" urn="urn:sdmx:org.sdmx.infomodel.codelist.Code=ESTAT:CL_NIS_CODE_EGR(1.3).23215">
          <Name xml:lang="en" xmlns="http://www.sdmx.org/resources/sdmxml/schemas/v2_1/common">THAILAND COMPANY ID NUMBER</Name>
        </Code>
        <Code id="29215" urn="urn:sdmx:org.sdmx.infomodel.codelist.Code=ESTAT:CL_NIS_CODE_EGR(1.3).29215">
          <Name xml:lang="en" xmlns="http://www.sdmx.org/resources/sdmxml/schemas/v2_1/common">THAILAND DnB COMPANY NUMBER</Name>
        </Code>
        <Code id="27215" urn="urn:sdmx:org.sdmx.infomodel.codelist.Code=ESTAT:CL_NIS_CODE_EGR(1.3).27215">
          <Name xml:lang="en" xmlns="http://www.sdmx.org/resources/sdmxml/schemas/v2_1/common">THAILAND IP IDENTIFICATION NUMBER</Name>
        </Code>
        <Code id="32215" urn="urn:sdmx:org.sdmx.infomodel.codelist.Code=ESTAT:CL_NIS_CODE_EGR(1.3).32215">
          <Name xml:lang="en" xmlns="http://www.sdmx.org/resources/sdmxml/schemas/v2_1/common">THAILAND OTHER ID NUMBER</Name>
        </Code>
        <Code id="25215" urn="urn:sdmx:org.sdmx.infomodel.codelist.Code=ESTAT:CL_NIS_CODE_EGR(1.3).25215">
          <Name xml:lang="en" xmlns="http://www.sdmx.org/resources/sdmxml/schemas/v2_1/common">THAILAND STATISTICAL NUMBER</Name>
        </Code>
        <Code id="21215" urn="urn:sdmx:org.sdmx.infomodel.codelist.Code=ESTAT:CL_NIS_CODE_EGR(1.3).21215">
          <Name xml:lang="en" xmlns="http://www.sdmx.org/resources/sdmxml/schemas/v2_1/common">THAILAND TRADE REGISTER NUMBER</Name>
        </Code>
        <Code id="22215" urn="urn:sdmx:org.sdmx.infomodel.codelist.Code=ESTAT:CL_NIS_CODE_EGR(1.3).22215">
          <Name xml:lang="en" xmlns="http://www.sdmx.org/resources/sdmxml/schemas/v2_1/common">THAILAND VAT NUMBER</Name>
        </Code>
        <Code id="28215" urn="urn:sdmx:org.sdmx.infomodel.codelist.Code=ESTAT:CL_NIS_CODE_EGR(1.3).28215">
          <Name xml:lang="en" xmlns="http://www.sdmx.org/resources/sdmxml/schemas/v2_1/common">THAILAND WVB COMPANY NUMBER</Name>
        </Code>
        <Code id="31040" urn="urn:sdmx:org.sdmx.infomodel.codelist.Code=ESTAT:CL_NIS_CODE_EGR(1.3).31040">
          <Name xml:lang="en" xmlns="http://www.sdmx.org/resources/sdmxml/schemas/v2_1/common">THE DEMOCRATIC REPUBLIC OF THE CONGO CHAMBER OF COMMERCE NUMBER</Name>
        </Code>
        <Code id="23040" urn="urn:sdmx:org.sdmx.infomodel.codelist.Code=ESTAT:CL_NIS_CODE_EGR(1.3).23040">
          <Name xml:lang="en" xmlns="http://www.sdmx.org/resources/sdmxml/schemas/v2_1/common">THE DEMOCRATIC REPUBLIC OF THE CONGO COMPANY ID NUMBER</Name>
        </Code>
        <Code id="29040" urn="urn:sdmx:org.sdmx.infomodel.codelist.Code=ESTAT:CL_NIS_CODE_EGR(1.3).29040">
          <Name xml:lang="en" xmlns="http://www.sdmx.org/resources/sdmxml/schemas/v2_1/common">THE DEMOCRATIC REPUBLIC OF THE CONGO DnB COMPANY NUMBER</Name>
        </Code>
        <Code id="27040" urn="urn:sdmx:org.sdmx.infomodel.codelist.Code=ESTAT:CL_NIS_CODE_EGR(1.3).27040">
          <Name xml:lang="en" xmlns="http://www.sdmx.org/resources/sdmxml/schemas/v2_1/common">THE DEMOCRATIC REPUBLIC OF THE CONGO IP IDENTIFICATION NUMBER</Name>
        </Code>
        <Code id="32040" urn="urn:sdmx:org.sdmx.infomodel.codelist.Code=ESTAT:CL_NIS_CODE_EGR(1.3).32040">
          <Name xml:lang="en" xmlns="http://www.sdmx.org/resources/sdmxml/schemas/v2_1/common">THE DEMOCRATIC REPUBLIC OF THE CONGO OTHER ID NUMBER</Name>
        </Code>
        <Code id="25040" urn="urn:sdmx:org.sdmx.infomodel.codelist.Code=ESTAT:CL_NIS_CODE_EGR(1.3).25040">
          <Name xml:lang="en" xmlns="http://www.sdmx.org/resources/sdmxml/schemas/v2_1/common">THE DEMOCRATIC REPUBLIC OF THE CONGO STATISTICAL NUMBER</Name>
        </Code>
        <Code id="21040" urn="urn:sdmx:org.sdmx.infomodel.codelist.Code=ESTAT:CL_NIS_CODE_EGR(1.3).21040">
          <Name xml:lang="en" xmlns="http://www.sdmx.org/resources/sdmxml/schemas/v2_1/common">THE DEMOCRATIC REPUBLIC OF THE CONGO TRADE REGISTER NUMBER</Name>
        </Code>
        <Code id="22040" urn="urn:sdmx:org.sdmx.infomodel.codelist.Code=ESTAT:CL_NIS_CODE_EGR(1.3).22040">
          <Name xml:lang="en" xmlns="http://www.sdmx.org/resources/sdmxml/schemas/v2_1/common">THE DEMOCRATIC REPUBLIC OF THE CONGO VAT NUMBER</Name>
        </Code>
        <Code id="28040" urn="urn:sdmx:org.sdmx.infomodel.codelist.Code=ESTAT:CL_NIS_CODE_EGR(1.3).28040">
          <Name xml:lang="en" xmlns="http://www.sdmx.org/resources/sdmxml/schemas/v2_1/common">THE DEMOCRATIC REPUBLIC OF THE CONGO WVB COMPANY NUMBER</Name>
        </Code>
        <Code id="31214" urn="urn:sdmx:org.sdmx.infomodel.codelist.Code=ESTAT:CL_NIS_CODE_EGR(1.3).31214">
          <Name xml:lang="en" xmlns="http://www.sdmx.org/resources/sdmxml/schemas/v2_1/common">TOGO CHAMBER OF COMMERCE NUMBER</Name>
        </Code>
        <Code id="23214" urn="urn:sdmx:org.sdmx.infomodel.codelist.Code=ESTAT:CL_NIS_CODE_EGR(1.3).23214">
          <Name xml:lang="en" xmlns="http://www.sdmx.org/resources/sdmxml/schemas/v2_1/common">TOGO COMPANY ID NUMBER</Name>
        </Code>
        <Code id="29214" urn="urn:sdmx:org.sdmx.infomodel.codelist.Code=ESTAT:CL_NIS_CODE_EGR(1.3).29214">
          <Name xml:lang="en" xmlns="http://www.sdmx.org/resources/sdmxml/schemas/v2_1/common">TOGO DnB COMPANY NUMBER</Name>
        </Code>
        <Code id="27214" urn="urn:sdmx:org.sdmx.infomodel.codelist.Code=ESTAT:CL_NIS_CODE_EGR(1.3).27214">
          <Name xml:lang="en" xmlns="http://www.sdmx.org/resources/sdmxml/schemas/v2_1/common">TOGO IP IDENTIFICATION NUMBER</Name>
        </Code>
        <Code id="32214" urn="urn:sdmx:org.sdmx.infomodel.codelist.Code=ESTAT:CL_NIS_CODE_EGR(1.3).32214">
          <Name xml:lang="en" xmlns="http://www.sdmx.org/resources/sdmxml/schemas/v2_1/common">TOGO OTHER ID NUMBER</Name>
        </Code>
        <Code id="25214" urn="urn:sdmx:org.sdmx.infomodel.codelist.Code=ESTAT:CL_NIS_CODE_EGR(1.3).25214">
          <Name xml:lang="en" xmlns="http://www.sdmx.org/resources/sdmxml/schemas/v2_1/common">TOGO STATISTICAL NUMBER</Name>
        </Code>
        <Code id="21214" urn="urn:sdmx:org.sdmx.infomodel.codelist.Code=ESTAT:CL_NIS_CODE_EGR(1.3).21214">
          <Name xml:lang="en" xmlns="http://www.sdmx.org/resources/sdmxml/schemas/v2_1/common">TOGO TRADE REGISTER NUMBER</Name>
        </Code>
        <Code id="22214" urn="urn:sdmx:org.sdmx.infomodel.codelist.Code=ESTAT:CL_NIS_CODE_EGR(1.3).22214">
          <Name xml:lang="en" xmlns="http://www.sdmx.org/resources/sdmxml/schemas/v2_1/common">TOGO VAT NUMBER</Name>
        </Code>
        <Code id="28214" urn="urn:sdmx:org.sdmx.infomodel.codelist.Code=ESTAT:CL_NIS_CODE_EGR(1.3).28214">
          <Name xml:lang="en" xmlns="http://www.sdmx.org/resources/sdmxml/schemas/v2_1/common">TOGO WVB COMPANY NUMBER</Name>
        </Code>
        <Code id="31217" urn="urn:sdmx:org.sdmx.infomodel.codelist.Code=ESTAT:CL_NIS_CODE_EGR(1.3).31217">
          <Name xml:lang="en" xmlns="http://www.sdmx.org/resources/sdmxml/schemas/v2_1/common">TOKELAU CHAMBER OF COMMERCE NUMBER</Name>
        </Code>
        <Code id="23217" urn="urn:sdmx:org.sdmx.infomodel.codelist.Code=ESTAT:CL_NIS_CODE_EGR(1.3).23217">
          <Name xml:lang="en" xmlns="http://www.sdmx.org/resources/sdmxml/schemas/v2_1/common">TOKELAU COMPANY ID NUMBER</Name>
        </Code>
        <Code id="29217" urn="urn:sdmx:org.sdmx.infomodel.codelist.Code=ESTAT:CL_NIS_CODE_EGR(1.3).29217">
          <Name xml:lang="en" xmlns="http://www.sdmx.org/resources/sdmxml/schemas/v2_1/common">TOKELAU DnB COMPANY NUMBER</Name>
        </Code>
        <Code id="27217" urn="urn:sdmx:org.sdmx.infomodel.codelist.Code=ESTAT:CL_NIS_CODE_EGR(1.3).27217">
          <Name xml:lang="en" xmlns="http://www.sdmx.org/resources/sdmxml/schemas/v2_1/common">TOKELAU IP IDENTIFICATION NUMBER</Name>
        </Code>
        <Code id="32217" urn="urn:sdmx:org.sdmx.infomodel.codelist.Code=ESTAT:CL_NIS_CODE_EGR(1.3).32217">
          <Name xml:lang="en" xmlns="http://www.sdmx.org/resources/sdmxml/schemas/v2_1/common">TOKELAU OTHER ID NUMBER</Name>
        </Code>
        <Code id="25217" urn="urn:sdmx:org.sdmx.infomodel.codelist.Code=ESTAT:CL_NIS_CODE_EGR(1.3).25217">
          <Name xml:lang="en" xmlns="http://www.sdmx.org/resources/sdmxml/schemas/v2_1/common">TOKELAU STATISTICAL NUMBER</Name>
        </Code>
        <Code id="21217" urn="urn:sdmx:org.sdmx.infomodel.codelist.Code=ESTAT:CL_NIS_CODE_EGR(1.3).21217">
          <Name xml:lang="en" xmlns="http://www.sdmx.org/resources/sdmxml/schemas/v2_1/common">TOKELAU TRADE REGISTER NUMBER</Name>
        </Code>
        <Code id="22217" urn="urn:sdmx:org.sdmx.infomodel.codelist.Code=ESTAT:CL_NIS_CODE_EGR(1.3).22217">
          <Name xml:lang="en" xmlns="http://www.sdmx.org/resources/sdmxml/schemas/v2_1/common">TOKELAU VAT NUMBER</Name>
        </Code>
        <Code id="28217" urn="urn:sdmx:org.sdmx.infomodel.codelist.Code=ESTAT:CL_NIS_CODE_EGR(1.3).28217">
          <Name xml:lang="en" xmlns="http://www.sdmx.org/resources/sdmxml/schemas/v2_1/common">TOKELAU WVB COMPANY NUMBER</Name>
        </Code>
        <Code id="31221" urn="urn:sdmx:org.sdmx.infomodel.codelist.Code=ESTAT:CL_NIS_CODE_EGR(1.3).31221">
          <Name xml:lang="en" xmlns="http://www.sdmx.org/resources/sdmxml/schemas/v2_1/common">TONGA CHAMBER OF COMMERCE NUMBER</Name>
        </Code>
        <Code id="23221" urn="urn:sdmx:org.sdmx.infomodel.codelist.Code=ESTAT:CL_NIS_CODE_EGR(1.3).23221">
          <Name xml:lang="en" xmlns="http://www.sdmx.org/resources/sdmxml/schemas/v2_1/common">TONGA COMPANY ID NUMBER</Name>
        </Code>
        <Code id="29221" urn="urn:sdmx:org.sdmx.infomodel.codelist.Code=ESTAT:CL_NIS_CODE_EGR(1.3).29221">
          <Name xml:lang="en" xmlns="http://www.sdmx.org/resources/sdmxml/schemas/v2_1/common">TONGA DnB COMPANY NUMBER</Name>
        </Code>
        <Code id="27221" urn="urn:sdmx:org.sdmx.infomodel.codelist.Code=ESTAT:CL_NIS_CODE_EGR(1.3).27221">
          <Name xml:lang="en" xmlns="http://www.sdmx.org/resources/sdmxml/schemas/v2_1/common">TONGA IP IDENTIFICATION NUMBER</Name>
        </Code>
        <Code id="32221" urn="urn:sdmx:org.sdmx.infomodel.codelist.Code=ESTAT:CL_NIS_CODE_EGR(1.3).32221">
          <Name xml:lang="en" xmlns="http://www.sdmx.org/resources/sdmxml/schemas/v2_1/common">TONGA OTHER ID NUMBER</Name>
        </Code>
        <Code id="25221" urn="urn:sdmx:org.sdmx.infomodel.codelist.Code=ESTAT:CL_NIS_CODE_EGR(1.3).25221">
          <Name xml:lang="en" xmlns="http://www.sdmx.org/resources/sdmxml/schemas/v2_1/common">TONGA STATISTICAL NUMBER</Name>
        </Code>
        <Code id="21221" urn="urn:sdmx:org.sdmx.infomodel.codelist.Code=ESTAT:CL_NIS_CODE_EGR(1.3).21221">
          <Name xml:lang="en" xmlns="http://www.sdmx.org/resources/sdmxml/schemas/v2_1/common">TONGA TRADE REGISTER NUMBER</Name>
        </Code>
        <Code id="22221" urn="urn:sdmx:org.sdmx.infomodel.codelist.Code=ESTAT:CL_NIS_CODE_EGR(1.3).22221">
          <Name xml:lang="en" xmlns="http://www.sdmx.org/resources/sdmxml/schemas/v2_1/common">TONGA VAT NUMBER</Name>
        </Code>
        <Code id="28221" urn="urn:sdmx:org.sdmx.infomodel.codelist.Code=ESTAT:CL_NIS_CODE_EGR(1.3).28221">
          <Name xml:lang="en" xmlns="http://www.sdmx.org/resources/sdmxml/schemas/v2_1/common">TONGA WVB COMPANY NUMBER</Name>
        </Code>
        <Code id="31223" urn="urn:sdmx:org.sdmx.infomodel.codelist.Code=ESTAT:CL_NIS_CODE_EGR(1.3).31223">
          <Name xml:lang="en" xmlns="http://www.sdmx.org/resources/sdmxml/schemas/v2_1/common">TRINIDAD AND TOBAGO CHAMBER OF COMMERCE NUMBER</Name>
        </Code>
        <Code id="23223" urn="urn:sdmx:org.sdmx.infomodel.codelist.Code=ESTAT:CL_NIS_CODE_EGR(1.3).23223">
          <Name xml:lang="en" xmlns="http://www.sdmx.org/resources/sdmxml/schemas/v2_1/common">TRINIDAD AND TOBAGO COMPANY ID NUMBER</Name>
        </Code>
        <Code id="29223" urn="urn:sdmx:org.sdmx.infomodel.codelist.Code=ESTAT:CL_NIS_CODE_EGR(1.3).29223">
          <Name xml:lang="en" xmlns="http://www.sdmx.org/resources/sdmxml/schemas/v2_1/common">TRINIDAD AND TOBAGO DnB COMPANY NUMBER</Name>
        </Code>
        <Code id="27223" urn="urn:sdmx:org.sdmx.infomodel.codelist.Code=ESTAT:CL_NIS_CODE_EGR(1.3).27223">
          <Name xml:lang="en" xmlns="http://www.sdmx.org/resources/sdmxml/schemas/v2_1/common">TRINIDAD AND TOBAGO IP IDENTIFICATION NUMBER</Name>
        </Code>
        <Code id="32223" urn="urn:sdmx:org.sdmx.infomodel.codelist.Code=ESTAT:CL_NIS_CODE_EGR(1.3).32223">
          <Name xml:lang="en" xmlns="http://www.sdmx.org/resources/sdmxml/schemas/v2_1/common">TRINIDAD AND TOBAGO OTHER ID NUMBER</Name>
        </Code>
        <Code id="25223" urn="urn:sdmx:org.sdmx.infomodel.codelist.Code=ESTAT:CL_NIS_CODE_EGR(1.3).25223">
          <Name xml:lang="en" xmlns="http://www.sdmx.org/resources/sdmxml/schemas/v2_1/common">TRINIDAD AND TOBAGO STATISTICAL NUMBER</Name>
        </Code>
        <Code id="21223" urn="urn:sdmx:org.sdmx.infomodel.codelist.Code=ESTAT:CL_NIS_CODE_EGR(1.3).21223">
          <Name xml:lang="en" xmlns="http://www.sdmx.org/resources/sdmxml/schemas/v2_1/common">TRINIDAD AND TOBAGO TRADE REGISTER NUMBER</Name>
        </Code>
        <Code id="22223" urn="urn:sdmx:org.sdmx.infomodel.codelist.Code=ESTAT:CL_NIS_CODE_EGR(1.3).22223">
          <Name xml:lang="en" xmlns="http://www.sdmx.org/resources/sdmxml/schemas/v2_1/common">TRINIDAD AND TOBAGO VAT NUMBER</Name>
        </Code>
        <Code id="28223" urn="urn:sdmx:org.sdmx.infomodel.codelist.Code=ESTAT:CL_NIS_CODE_EGR(1.3).28223">
          <Name xml:lang="en" xmlns="http://www.sdmx.org/resources/sdmxml/schemas/v2_1/common">TRINIDAD AND TOBAGO WVB COMPANY NUMBER</Name>
        </Code>
        <Code id="31220" urn="urn:sdmx:org.sdmx.infomodel.codelist.Code=ESTAT:CL_NIS_CODE_EGR(1.3).31220">
          <Name xml:lang="en" xmlns="http://www.sdmx.org/resources/sdmxml/schemas/v2_1/common">TUNISIA CHAMBER OF COMMERCE NUMBER</Name>
        </Code>
        <Code id="23220" urn="urn:sdmx:org.sdmx.infomodel.codelist.Code=ESTAT:CL_NIS_CODE_EGR(1.3).23220">
          <Name xml:lang="en" xmlns="http://www.sdmx.org/resources/sdmxml/schemas/v2_1/common">TUNISIA COMPANY ID NUMBER</Name>
        </Code>
        <Code id="29220" urn="urn:sdmx:org.sdmx.infomodel.codelist.Code=ESTAT:CL_NIS_CODE_EGR(1.3).29220">
          <Name xml:lang="en" xmlns="http://www.sdmx.org/resources/sdmxml/schemas/v2_1/common">TUNISIA DnB COMPANY NUMBER</Name>
        </Code>
        <Code id="27220" urn="urn:sdmx:org.sdmx.infomodel.codelist.Code=ESTAT:CL_NIS_CODE_EGR(1.3).27220">
          <Name xml:lang="en" xmlns="http://www.sdmx.org/resources/sdmxml/schemas/v2_1/common">TUNISIA IP IDENTIFICATION NUMBER</Name>
        </Code>
        <Code id="32220" urn="urn:sdmx:org.sdmx.infomodel.codelist.Code=ESTAT:CL_NIS_CODE_EGR(1.3).32220">
          <Name xml:lang="en" xmlns="http://www.sdmx.org/resources/sdmxml/schemas/v2_1/common">TUNISIA OTHER ID NUMBER</Name>
        </Code>
        <Code id="25220" urn="urn:sdmx:org.sdmx.infomodel.codelist.Code=ESTAT:CL_NIS_CODE_EGR(1.3).25220">
          <Name xml:lang="en" xmlns="http://www.sdmx.org/resources/sdmxml/schemas/v2_1/common">TUNISIA STATISTICAL NUMBER</Name>
        </Code>
        <Code id="21220" urn="urn:sdmx:org.sdmx.infomodel.codelist.Code=ESTAT:CL_NIS_CODE_EGR(1.3).21220">
          <Name xml:lang="en" xmlns="http://www.sdmx.org/resources/sdmxml/schemas/v2_1/common">TUNISIA TRADE REGISTER NUMBER</Name>
        </Code>
        <Code id="22220" urn="urn:sdmx:org.sdmx.infomodel.codelist.Code=ESTAT:CL_NIS_CODE_EGR(1.3).22220">
          <Name xml:lang="en" xmlns="http://www.sdmx.org/resources/sdmxml/schemas/v2_1/common">TUNISIA VAT NUMBER</Name>
        </Code>
        <Code id="28220" urn="urn:sdmx:org.sdmx.infomodel.codelist.Code=ESTAT:CL_NIS_CODE_EGR(1.3).28220">
          <Name xml:lang="en" xmlns="http://www.sdmx.org/resources/sdmxml/schemas/v2_1/common">TUNISIA WVB COMPANY NUMBER</Name>
        </Code>
        <Code id="31222" urn="urn:sdmx:org.sdmx.infomodel.codelist.Code=ESTAT:CL_NIS_CODE_EGR(1.3).31222">
          <Name xml:lang="en" xmlns="http://www.sdmx.org/resources/sdmxml/schemas/v2_1/common">TURKEY CHAMBER OF COMMERCE NUMBER</Name>
        </Code>
        <Code id="23222" urn="urn:sdmx:org.sdmx.infomodel.codelist.Code=ESTAT:CL_NIS_CODE_EGR(1.3).23222">
          <Name xml:lang="en" xmlns="http://www.sdmx.org/resources/sdmxml/schemas/v2_1/common">TURKEY COMPANY ID NUMBER</Name>
        </Code>
        <Code id="29222" urn="urn:sdmx:org.sdmx.infomodel.codelist.Code=ESTAT:CL_NIS_CODE_EGR(1.3).29222">
          <Name xml:lang="en" xmlns="http://www.sdmx.org/resources/sdmxml/schemas/v2_1/common">TURKEY DnB COMPANY NUMBER</Name>
        </Code>
        <Code id="27222" urn="urn:sdmx:org.sdmx.infomodel.codelist.Code=ESTAT:CL_NIS_CODE_EGR(1.3).27222">
          <Name xml:lang="en" xmlns="http://www.sdmx.org/resources/sdmxml/schemas/v2_1/common">TURKEY IP IDENTIFICATION NUMBER</Name>
        </Code>
        <Code id="32222" urn="urn:sdmx:org.sdmx.infomodel.codelist.Code=ESTAT:CL_NIS_CODE_EGR(1.3).32222">
          <Name xml:lang="en" xmlns="http://www.sdmx.org/resources/sdmxml/schemas/v2_1/common">TURKEY OTHER ID NUMBER</Name>
        </Code>
        <Code id="25222" urn="urn:sdmx:org.sdmx.infomodel.codelist.Code=ESTAT:CL_NIS_CODE_EGR(1.3).25222">
          <Name xml:lang="en" xmlns="http://www.sdmx.org/resources/sdmxml/schemas/v2_1/common">TURKEY STATISTICAL NUMBER</Name>
        </Code>
        <Code id="21222" urn="urn:sdmx:org.sdmx.infomodel.codelist.Code=ESTAT:CL_NIS_CODE_EGR(1.3).21222">
          <Name xml:lang="en" xmlns="http://www.sdmx.org/resources/sdmxml/schemas/v2_1/common">TURKEY TRADE REGISTER NUMBER</Name>
        </Code>
        <Code id="22222" urn="urn:sdmx:org.sdmx.infomodel.codelist.Code=ESTAT:CL_NIS_CODE_EGR(1.3).22222">
          <Name xml:lang="en" xmlns="http://www.sdmx.org/resources/sdmxml/schemas/v2_1/common">TURKEY VAT NUMBER</Name>
        </Code>
        <Code id="28222" urn="urn:sdmx:org.sdmx.infomodel.codelist.Code=ESTAT:CL_NIS_CODE_EGR(1.3).28222">
          <Name xml:lang="en" xmlns="http://www.sdmx.org/resources/sdmxml/schemas/v2_1/common">TURKEY WVB COMPANY NUMBER</Name>
        </Code>
        <Code id="31219" urn="urn:sdmx:org.sdmx.infomodel.codelist.Code=ESTAT:CL_NIS_CODE_EGR(1.3).31219">
          <Name xml:lang="en" xmlns="http://www.sdmx.org/resources/sdmxml/schemas/v2_1/common">TURKMENISTAN CHAMBER OF COMMERCE NUMBER</Name>
        </Code>
        <Code id="23219" urn="urn:sdmx:org.sdmx.infomodel.codelist.Code=ESTAT:CL_NIS_CODE_EGR(1.3).23219">
          <Name xml:lang="en" xmlns="http://www.sdmx.org/resources/sdmxml/schemas/v2_1/common">TURKMENISTAN COMPANY ID NUMBER</Name>
        </Code>
        <Code id="29219" urn="urn:sdmx:org.sdmx.infomodel.codelist.Code=ESTAT:CL_NIS_CODE_EGR(1.3).29219">
          <Name xml:lang="en" xmlns="http://www.sdmx.org/resources/sdmxml/schemas/v2_1/common">TURKMENISTAN DnB COMPANY NUMBER</Name>
        </Code>
        <Code id="27219" urn="urn:sdmx:org.sdmx.infomodel.codelist.Code=ESTAT:CL_NIS_CODE_EGR(1.3).27219">
          <Name xml:lang="en" xmlns="http://www.sdmx.org/resources/sdmxml/schemas/v2_1/common">TURKMENISTAN IP IDENTIFICATION NUMBER</Name>
        </Code>
        <Code id="32219" urn="urn:sdmx:org.sdmx.infomodel.codelist.Code=ESTAT:CL_NIS_CODE_EGR(1.3).32219">
          <Name xml:lang="en" xmlns="http://www.sdmx.org/resources/sdmxml/schemas/v2_1/common">TURKMENISTAN OTHER ID NUMBER</Name>
        </Code>
        <Code id="25219" urn="urn:sdmx:org.sdmx.infomodel.codelist.Code=ESTAT:CL_NIS_CODE_EGR(1.3).25219">
          <Name xml:lang="en" xmlns="http://www.sdmx.org/resources/sdmxml/schemas/v2_1/common">TURKMENISTAN STATISTICAL NUMBER</Name>
        </Code>
        <Code id="21219" urn="urn:sdmx:org.sdmx.infomodel.codelist.Code=ESTAT:CL_NIS_CODE_EGR(1.3).21219">
          <Name xml:lang="en" xmlns="http://www.sdmx.org/resources/sdmxml/schemas/v2_1/common">TURKMENISTAN TRADE REGISTER NUMBER</Name>
        </Code>
        <Code id="22219" urn="urn:sdmx:org.sdmx.infomodel.codelist.Code=ESTAT:CL_NIS_CODE_EGR(1.3).22219">
          <Name xml:lang="en" xmlns="http://www.sdmx.org/resources/sdmxml/schemas/v2_1/common">TURKMENISTAN VAT NUMBER</Name>
        </Code>
        <Code id="28219" urn="urn:sdmx:org.sdmx.infomodel.codelist.Code=ESTAT:CL_NIS_CODE_EGR(1.3).28219">
          <Name xml:lang="en" xmlns="http://www.sdmx.org/resources/sdmxml/schemas/v2_1/common">TURKMENISTAN WVB COMPANY NUMBER</Name>
        </Code>
        <Code id="31211" urn="urn:sdmx:org.sdmx.infomodel.codelist.Code=ESTAT:CL_NIS_CODE_EGR(1.3).31211">
          <Name xml:lang="en" xmlns="http://www.sdmx.org/resources/sdmxml/schemas/v2_1/common">TURKS AND CAICOS ISLANDS CHAMBER OF COMMERCE NUMBER</Name>
        </Code>
        <Code id="23211" urn="urn:sdmx:org.sdmx.infomodel.codelist.Code=ESTAT:CL_NIS_CODE_EGR(1.3).23211">
          <Name xml:lang="en" xmlns="http://www.sdmx.org/resources/sdmxml/schemas/v2_1/common">TURKS AND CAICOS ISLANDS COMPANY ID NUMBER</Name>
        </Code>
        <Code id="29211" urn="urn:sdmx:org.sdmx.infomodel.codelist.Code=ESTAT:CL_NIS_CODE_EGR(1.3).29211">
          <Name xml:lang="en" xmlns="http://www.sdmx.org/resources/sdmxml/schemas/v2_1/common">TURKS AND CAICOS ISLANDS DnB COMPANY NUMBER</Name>
        </Code>
        <Code id="27211" urn="urn:sdmx:org.sdmx.infomodel.codelist.Code=ESTAT:CL_NIS_CODE_EGR(1.3).27211">
          <Name xml:lang="en" xmlns="http://www.sdmx.org/resources/sdmxml/schemas/v2_1/common">TURKS AND CAICOS ISLANDS IP IDENTIFICATION NUMBER</Name>
        </Code>
        <Code id="32211" urn="urn:sdmx:org.sdmx.infomodel.codelist.Code=ESTAT:CL_NIS_CODE_EGR(1.3).32211">
          <Name xml:lang="en" xmlns="http://www.sdmx.org/resources/sdmxml/schemas/v2_1/common">TURKS AND CAICOS ISLANDS OTHER ID NUMBER</Name>
        </Code>
        <Code id="25211" urn="urn:sdmx:org.sdmx.infomodel.codelist.Code=ESTAT:CL_NIS_CODE_EGR(1.3).25211">
          <Name xml:lang="en" xmlns="http://www.sdmx.org/resources/sdmxml/schemas/v2_1/common">TURKS AND CAICOS ISLANDS STATISTICAL NUMBER</Name>
        </Code>
        <Code id="21211" urn="urn:sdmx:org.sdmx.infomodel.codelist.Code=ESTAT:CL_NIS_CODE_EGR(1.3).21211">
          <Name xml:lang="en" xmlns="http://www.sdmx.org/resources/sdmxml/schemas/v2_1/common">TURKS AND CAICOS ISLANDS TRADE REGISTER NUMBER</Name>
        </Code>
        <Code id="22211" urn="urn:sdmx:org.sdmx.infomodel.codelist.Code=ESTAT:CL_NIS_CODE_EGR(1.3).22211">
          <Name xml:lang="en" xmlns="http://www.sdmx.org/resources/sdmxml/schemas/v2_1/common">TURKS AND CAICOS ISLANDS VAT NUMBER</Name>
        </Code>
        <Code id="28211" urn="urn:sdmx:org.sdmx.infomodel.codelist.Code=ESTAT:CL_NIS_CODE_EGR(1.3).28211">
          <Name xml:lang="en" xmlns="http://www.sdmx.org/resources/sdmxml/schemas/v2_1/common">TURKS AND CAICOS ISLANDS WVB COMPANY NUMBER</Name>
        </Code>
        <Code id="31224" urn="urn:sdmx:org.sdmx.infomodel.codelist.Code=ESTAT:CL_NIS_CODE_EGR(1.3).31224">
          <Name xml:lang="en" xmlns="http://www.sdmx.org/resources/sdmxml/schemas/v2_1/common">TUVALU CHAMBER OF COMMERCE NUMBER</Name>
        </Code>
        <Code id="23224" urn="urn:sdmx:org.sdmx.infomodel.codelist.Code=ESTAT:CL_NIS_CODE_EGR(1.3).23224">
          <Name xml:lang="en" xmlns="http://www.sdmx.org/resources/sdmxml/schemas/v2_1/common">TUVALU COMPANY ID NUMBER</Name>
        </Code>
        <Code id="29224" urn="urn:sdmx:org.sdmx.infomodel.codelist.Code=ESTAT:CL_NIS_CODE_EGR(1.3).29224">
          <Name xml:lang="en" xmlns="http://www.sdmx.org/resources/sdmxml/schemas/v2_1/common">TUVALU DnB COMPANY NUMBER</Name>
        </Code>
        <Code id="27224" urn="urn:sdmx:org.sdmx.infomodel.codelist.Code=ESTAT:CL_NIS_CODE_EGR(1.3).27224">
          <Name xml:lang="en" xmlns="http://www.sdmx.org/resources/sdmxml/schemas/v2_1/common">TUVALU IP IDENTIFICATION NUMBER</Name>
        </Code>
        <Code id="32224" urn="urn:sdmx:org.sdmx.infomodel.codelist.Code=ESTAT:CL_NIS_CODE_EGR(1.3).32224">
          <Name xml:lang="en" xmlns="http://www.sdmx.org/resources/sdmxml/schemas/v2_1/common">TUVALU OTHER ID NUMBER</Name>
        </Code>
        <Code id="25224" urn="urn:sdmx:org.sdmx.infomodel.codelist.Code=ESTAT:CL_NIS_CODE_EGR(1.3).25224">
          <Name xml:lang="en" xmlns="http://www.sdmx.org/resources/sdmxml/schemas/v2_1/common">TUVALU STATISTICAL NUMBER</Name>
        </Code>
        <Code id="21224" urn="urn:sdmx:org.sdmx.infomodel.codelist.Code=ESTAT:CL_NIS_CODE_EGR(1.3).21224">
          <Name xml:lang="en" xmlns="http://www.sdmx.org/resources/sdmxml/schemas/v2_1/common">TUVALU TRADE REGISTER NUMBER</Name>
        </Code>
        <Code id="22224" urn="urn:sdmx:org.sdmx.infomodel.codelist.Code=ESTAT:CL_NIS_CODE_EGR(1.3).22224">
          <Name xml:lang="en" xmlns="http://www.sdmx.org/resources/sdmxml/schemas/v2_1/common">TUVALU VAT NUMBER</Name>
        </Code>
        <Code id="28224" urn="urn:sdmx:org.sdmx.infomodel.codelist.Code=ESTAT:CL_NIS_CODE_EGR(1.3).28224">
          <Name xml:lang="en" xmlns="http://www.sdmx.org/resources/sdmxml/schemas/v2_1/common">TUVALU WVB COMPANY NUMBER</Name>
        </Code>
        <Code id="31228" urn="urn:sdmx:org.sdmx.infomodel.codelist.Code=ESTAT:CL_NIS_CODE_EGR(1.3).31228">
          <Name xml:lang="en" xmlns="http://www.sdmx.org/resources/sdmxml/schemas/v2_1/common">UGANDA CHAMBER OF COMMERCE NUMBER</Name>
        </Code>
        <Code id="23228" urn="urn:sdmx:org.sdmx.infomodel.codelist.Code=ESTAT:CL_NIS_CODE_EGR(1.3).23228">
          <Name xml:lang="en" xmlns="http://www.sdmx.org/resources/sdmxml/schemas/v2_1/common">UGANDA COMPANY ID NUMBER</Name>
        </Code>
        <Code id="29228" urn="urn:sdmx:org.sdmx.infomodel.codelist.Code=ESTAT:CL_NIS_CODE_EGR(1.3).29228">
          <Name xml:lang="en" xmlns="http://www.sdmx.org/resources/sdmxml/schemas/v2_1/common">UGANDA DnB COMPANY NUMBER</Name>
        </Code>
        <Code id="27228" urn="urn:sdmx:org.sdmx.infomodel.codelist.Code=ESTAT:CL_NIS_CODE_EGR(1.3).27228">
          <Name xml:lang="en" xmlns="http://www.sdmx.org/resources/sdmxml/schemas/v2_1/common">UGANDA IP IDENTIFICATION NUMBER</Name>
        </Code>
        <Code id="32228" urn="urn:sdmx:org.sdmx.infomodel.codelist.Code=ESTAT:CL_NIS_CODE_EGR(1.3).32228">
          <Name xml:lang="en" xmlns="http://www.sdmx.org/resources/sdmxml/schemas/v2_1/common">UGANDA OTHER ID NUMBER</Name>
        </Code>
        <Code id="25228" urn="urn:sdmx:org.sdmx.infomodel.codelist.Code=ESTAT:CL_NIS_CODE_EGR(1.3).25228">
          <Name xml:lang="en" xmlns="http://www.sdmx.org/resources/sdmxml/schemas/v2_1/common">UGANDA STATISTICAL NUMBER</Name>
        </Code>
        <Code id="21228" urn="urn:sdmx:org.sdmx.infomodel.codelist.Code=ESTAT:CL_NIS_CODE_EGR(1.3).21228">
          <Name xml:lang="en" xmlns="http://www.sdmx.org/resources/sdmxml/schemas/v2_1/common">UGANDA TRADE REGISTER NUMBER</Name>
        </Code>
        <Code id="22228" urn="urn:sdmx:org.sdmx.infomodel.codelist.Code=ESTAT:CL_NIS_CODE_EGR(1.3).22228">
          <Name xml:lang="en" xmlns="http://www.sdmx.org/resources/sdmxml/schemas/v2_1/common">UGANDA VAT NUMBER</Name>
        </Code>
        <Code id="28228" urn="urn:sdmx:org.sdmx.infomodel.codelist.Code=ESTAT:CL_NIS_CODE_EGR(1.3).28228">
          <Name xml:lang="en" xmlns="http://www.sdmx.org/resources/sdmxml/schemas/v2_1/common">UGANDA WVB COMPANY NUMBER</Name>
        </Code>
        <Code id="31227" urn="urn:sdmx:org.sdmx.infomodel.codelist.Code=ESTAT:CL_NIS_CODE_EGR(1.3).31227">
          <Name xml:lang="en" xmlns="http://www.sdmx.org/resources/sdmxml/schemas/v2_1/common">UKRAINE CHAMBER OF COMMERCE NUMBER</Name>
        </Code>
        <Code id="23227" urn="urn:sdmx:org.sdmx.infomodel.codelist.Code=ESTAT:CL_NIS_CODE_EGR(1.3).23227">
          <Name xml:lang="en" xmlns="http://www.sdmx.org/resources/sdmxml/schemas/v2_1/common">UKRAINE COMPANY ID NUMBER</Name>
        </Code>
        <Code id="29227" urn="urn:sdmx:org.sdmx.infomodel.codelist.Code=ESTAT:CL_NIS_CODE_EGR(1.3).29227">
          <Name xml:lang="en" xmlns="http://www.sdmx.org/resources/sdmxml/schemas/v2_1/common">UKRAINE DnB COMPANY NUMBER</Name>
        </Code>
        <Code id="27227" urn="urn:sdmx:org.sdmx.infomodel.codelist.Code=ESTAT:CL_NIS_CODE_EGR(1.3).27227">
          <Name xml:lang="en" xmlns="http://www.sdmx.org/resources/sdmxml/schemas/v2_1/common">UKRAINE IP IDENTIFICATION NUMBER</Name>
        </Code>
        <Code id="32227" urn="urn:sdmx:org.sdmx.infomodel.codelist.Code=ESTAT:CL_NIS_CODE_EGR(1.3).32227">
          <Name xml:lang="en" xmlns="http://www.sdmx.org/resources/sdmxml/schemas/v2_1/common">UKRAINE OTHER ID NUMBER</Name>
        </Code>
        <Code id="25227" urn="urn:sdmx:org.sdmx.infomodel.codelist.Code=ESTAT:CL_NIS_CODE_EGR(1.3).25227">
          <Name xml:lang="en" xmlns="http://www.sdmx.org/resources/sdmxml/schemas/v2_1/common">UKRAINE STATISTICAL NUMBER</Name>
        </Code>
        <Code id="21227" urn="urn:sdmx:org.sdmx.infomodel.codelist.Code=ESTAT:CL_NIS_CODE_EGR(1.3).21227">
          <Name xml:lang="en" xmlns="http://www.sdmx.org/resources/sdmxml/schemas/v2_1/common">UKRAINE TRADE REGISTER NUMBER</Name>
        </Code>
        <Code id="22227" urn="urn:sdmx:org.sdmx.infomodel.codelist.Code=ESTAT:CL_NIS_CODE_EGR(1.3).22227">
          <Name xml:lang="en" xmlns="http://www.sdmx.org/resources/sdmxml/schemas/v2_1/common">UKRAINE VAT NUMBER</Name>
        </Code>
        <Code id="28227" urn="urn:sdmx:org.sdmx.infomodel.codelist.Code=ESTAT:CL_NIS_CODE_EGR(1.3).28227">
          <Name xml:lang="en" xmlns="http://www.sdmx.org/resources/sdmxml/schemas/v2_1/common">UKRAINE WVB COMPANY NUMBER</Name>
        </Code>
        <Code id="31002" urn="urn:sdmx:org.sdmx.infomodel.codelist.Code=ESTAT:CL_NIS_CODE_EGR(1.3).31002">
          <Name xml:lang="en" xmlns="http://www.sdmx.org/resources/sdmxml/schemas/v2_1/common">UNITED ARAB EMIRATES CHAMBER OF COMMERCE NUMBER</Name>
        </Code>
        <Code id="23002" urn="urn:sdmx:org.sdmx.infomodel.codelist.Code=ESTAT:CL_NIS_CODE_EGR(1.3).23002">
          <Name xml:lang="en" xmlns="http://www.sdmx.org/resources/sdmxml/schemas/v2_1/common">UNITED ARAB EMIRATES COMPANY ID NUMBER</Name>
        </Code>
        <Code id="29002" urn="urn:sdmx:org.sdmx.infomodel.codelist.Code=ESTAT:CL_NIS_CODE_EGR(1.3).29002">
          <Name xml:lang="en" xmlns="http://www.sdmx.org/resources/sdmxml/schemas/v2_1/common">UNITED ARAB EMIRATES DnB COMPANY NUMBER</Name>
        </Code>
        <Code id="27002" urn="urn:sdmx:org.sdmx.infomodel.codelist.Code=ESTAT:CL_NIS_CODE_EGR(1.3).27002">
          <Name xml:lang="en" xmlns="http://www.sdmx.org/resources/sdmxml/schemas/v2_1/common">UNITED ARAB EMIRATES IP IDENTIFICATION NUMBER</Name>
        </Code>
        <Code id="32002" urn="urn:sdmx:org.sdmx.infomodel.codelist.Code=ESTAT:CL_NIS_CODE_EGR(1.3).32002">
          <Name xml:lang="en" xmlns="http://www.sdmx.org/resources/sdmxml/schemas/v2_1/common">UNITED ARAB EMIRATES OTHER ID NUMBER</Name>
        </Code>
        <Code id="25002" urn="urn:sdmx:org.sdmx.infomodel.codelist.Code=ESTAT:CL_NIS_CODE_EGR(1.3).25002">
          <Name xml:lang="en" xmlns="http://www.sdmx.org/resources/sdmxml/schemas/v2_1/common">UNITED ARAB EMIRATES STATISTICAL NUMBER</Name>
        </Code>
        <Code id="21002" urn="urn:sdmx:org.sdmx.infomodel.codelist.Code=ESTAT:CL_NIS_CODE_EGR(1.3).21002">
          <Name xml:lang="en" xmlns="http://www.sdmx.org/resources/sdmxml/schemas/v2_1/common">UNITED ARAB EMIRATES TRADE REGISTER NUMBER</Name>
        </Code>
        <Code id="22002" urn="urn:sdmx:org.sdmx.infomodel.codelist.Code=ESTAT:CL_NIS_CODE_EGR(1.3).22002">
          <Name xml:lang="en" xmlns="http://www.sdmx.org/resources/sdmxml/schemas/v2_1/common">UNITED ARAB EMIRATES VAT NUMBER</Name>
        </Code>
        <Code id="28002" urn="urn:sdmx:org.sdmx.infomodel.codelist.Code=ESTAT:CL_NIS_CODE_EGR(1.3).28002">
          <Name xml:lang="en" xmlns="http://www.sdmx.org/resources/sdmxml/schemas/v2_1/common">UNITED ARAB EMIRATES WVB COMPANY NUMBER</Name>
        </Code>
        <Code id="31076" urn="urn:sdmx:org.sdmx.infomodel.codelist.Code=ESTAT:CL_NIS_CODE_EGR(1.3).31076">
          <Name xml:lang="en" xmlns="http://www.sdmx.org/resources/sdmxml/schemas/v2_1/common">UNITED KINGDOM CHAMBER OF COMMERCE NUMBER</Name>
        </Code>
        <Code id="23076" urn="urn:sdmx:org.sdmx.infomodel.codelist.Code=ESTAT:CL_NIS_CODE_EGR(1.3).23076">
          <Name xml:lang="en" xmlns="http://www.sdmx.org/resources/sdmxml/schemas/v2_1/common">UNITED KINGDOM COMPANY ID NUMBER</Name>
        </Code>
        <Code id="21076" urn="urn:sdmx:org.sdmx.infomodel.codelist.Code=ESTAT:CL_NIS_CODE_EGR(1.3).21076">
          <Name xml:lang="en" xmlns="http://www.sdmx.org/resources/sdmxml/schemas/v2_1/common">UNITED KINGDOM CRO NUMBER</Name>
        </Code>
        <Code id="29076" urn="urn:sdmx:org.sdmx.infomodel.codelist.Code=ESTAT:CL_NIS_CODE_EGR(1.3).29076">
          <Name xml:lang="en" xmlns="http://www.sdmx.org/resources/sdmxml/schemas/v2_1/common">UNITED KINGDOM DnB COMPANY NUMBER</Name>
        </Code>
        <Code id="27076" urn="urn:sdmx:org.sdmx.infomodel.codelist.Code=ESTAT:CL_NIS_CODE_EGR(1.3).27076">
          <Name xml:lang="en" xmlns="http://www.sdmx.org/resources/sdmxml/schemas/v2_1/common">UNITED KINGDOM IP IDENTIFICATION NUMBER</Name>
        </Code>
        <Code id="32076" urn="urn:sdmx:org.sdmx.infomodel.codelist.Code=ESTAT:CL_NIS_CODE_EGR(1.3).32076">
          <Name xml:lang="en" xmlns="http://www.sdmx.org/resources/sdmxml/schemas/v2_1/common">UNITED KINGDOM OTHER ID NUMBER</Name>
        </Code>
        <Code id="25076" urn="urn:sdmx:org.sdmx.infomodel.codelist.Code=ESTAT:CL_NIS_CODE_EGR(1.3).25076">
          <Name xml:lang="en" xmlns="http://www.sdmx.org/resources/sdmxml/schemas/v2_1/common">UNITED KINGDOM STATISTICAL NUMBER</Name>
        </Code>
        <Code id="22076" urn="urn:sdmx:org.sdmx.infomodel.codelist.Code=ESTAT:CL_NIS_CODE_EGR(1.3).22076">
          <Name xml:lang="en" xmlns="http://www.sdmx.org/resources/sdmxml/schemas/v2_1/common">UNITED KINGDOM VAT NUMBER</Name>
        </Code>
        <Code id="28076" urn="urn:sdmx:org.sdmx.infomodel.codelist.Code=ESTAT:CL_NIS_CODE_EGR(1.3).28076">
          <Name xml:lang="en" xmlns="http://www.sdmx.org/resources/sdmxml/schemas/v2_1/common">UNITED KINGDOM WVB COMPANY NUMBER</Name>
        </Code>
        <Code id="31230" urn="urn:sdmx:org.sdmx.infomodel.codelist.Code=ESTAT:CL_NIS_CODE_EGR(1.3).31230">
          <Name xml:lang="en" xmlns="http://www.sdmx.org/resources/sdmxml/schemas/v2_1/common">UNITED STATES CHAMBER OF COMMERCE NUMBER</Name>
        </Code>
        <Code id="23230" urn="urn:sdmx:org.sdmx.infomodel.codelist.Code=ESTAT:CL_NIS_CODE_EGR(1.3).23230">
          <Name xml:lang="en" xmlns="http://www.sdmx.org/resources/sdmxml/schemas/v2_1/common">UNITED STATES COMPANY ID NUMBER</Name>
        </Code>
        <Code id="29230" urn="urn:sdmx:org.sdmx.infomodel.codelist.Code=ESTAT:CL_NIS_CODE_EGR(1.3).29230">
          <Name xml:lang="en" xmlns="http://www.sdmx.org/resources/sdmxml/schemas/v2_1/common">UNITED STATES DnB COMPANY NUMBER</Name>
        </Code>
        <Code id="27230" urn="urn:sdmx:org.sdmx.infomodel.codelist.Code=ESTAT:CL_NIS_CODE_EGR(1.3).27230">
          <Name xml:lang="en" xmlns="http://www.sdmx.org/resources/sdmxml/schemas/v2_1/common">UNITED STATES IP IDENTIFICATION NUMBER</Name>
        </Code>
        <Code id="31229" urn="urn:sdmx:org.sdmx.infomodel.codelist.Code=ESTAT:CL_NIS_CODE_EGR(1.3).31229">
          <Name xml:lang="en" xmlns="http://www.sdmx.org/resources/sdmxml/schemas/v2_1/common">UNITED STATES MINOR OUTLYING ISLANDS CHAMBER OF COMMERCE NUMBER</Name>
        </Code>
        <Code id="23229" urn="urn:sdmx:org.sdmx.infomodel.codelist.Code=ESTAT:CL_NIS_CODE_EGR(1.3).23229">
          <Name xml:lang="en" xmlns="http://www.sdmx.org/resources/sdmxml/schemas/v2_1/common">UNITED STATES MINOR OUTLYING ISLANDS COMPANY ID NUMBER</Name>
        </Code>
        <Code id="29229" urn="urn:sdmx:org.sdmx.infomodel.codelist.Code=ESTAT:CL_NIS_CODE_EGR(1.3).29229">
          <Name xml:lang="en" xmlns="http://www.sdmx.org/resources/sdmxml/schemas/v2_1/common">UNITED STATES MINOR OUTLYING ISLANDS DnB COMPANY NUMBER</Name>
        </Code>
        <Code id="27229" urn="urn:sdmx:org.sdmx.infomodel.codelist.Code=ESTAT:CL_NIS_CODE_EGR(1.3).27229">
          <Name xml:lang="en" xmlns="http://www.sdmx.org/resources/sdmxml/schemas/v2_1/common">UNITED STATES MINOR OUTLYING ISLANDS IP IDENTIFICATION NUMBER</Name>
        </Code>
        <Code id="32229" urn="urn:sdmx:org.sdmx.infomodel.codelist.Code=ESTAT:CL_NIS_CODE_EGR(1.3).32229">
          <Name xml:lang="en" xmlns="http://www.sdmx.org/resources/sdmxml/schemas/v2_1/common">UNITED STATES MINOR OUTLYING ISLANDS OTHER ID NUMBER</Name>
        </Code>
        <Code id="25229" urn="urn:sdmx:org.sdmx.infomodel.codelist.Code=ESTAT:CL_NIS_CODE_EGR(1.3).25229">
          <Name xml:lang="en" xmlns="http://www.sdmx.org/resources/sdmxml/schemas/v2_1/common">UNITED STATES MINOR OUTLYING ISLANDS STATISTICAL NUMBER</Name>
        </Code>
        <Code id="21229" urn="urn:sdmx:org.sdmx.infomodel.codelist.Code=ESTAT:CL_NIS_CODE_EGR(1.3).21229">
          <Name xml:lang="en" xmlns="http://www.sdmx.org/resources/sdmxml/schemas/v2_1/common">UNITED STATES MINOR OUTLYING ISLANDS TRADE REGISTER NUMBER</Name>
        </Code>
        <Code id="22229" urn="urn:sdmx:org.sdmx.infomodel.codelist.Code=ESTAT:CL_NIS_CODE_EGR(1.3).22229">
          <Name xml:lang="en" xmlns="http://www.sdmx.org/resources/sdmxml/schemas/v2_1/common">UNITED STATES MINOR OUTLYING ISLANDS VAT NUMBER</Name>
        </Code>
        <Code id="28229" urn="urn:sdmx:org.sdmx.infomodel.codelist.Code=ESTAT:CL_NIS_CODE_EGR(1.3).28229">
          <Name xml:lang="en" xmlns="http://www.sdmx.org/resources/sdmxml/schemas/v2_1/common">UNITED STATES MINOR OUTLYING ISLANDS WVB COMPANY NUMBER</Name>
        </Code>
        <Code id="32230" urn="urn:sdmx:org.sdmx.infomodel.codelist.Code=ESTAT:CL_NIS_CODE_EGR(1.3).32230">
          <Name xml:lang="en" xmlns="http://www.sdmx.org/resources/sdmxml/schemas/v2_1/common">UNITED STATES OTHER ID NUMBER</Name>
        </Code>
        <Code id="25230" urn="urn:sdmx:org.sdmx.infomodel.codelist.Code=ESTAT:CL_NIS_CODE_EGR(1.3).25230">
          <Name xml:lang="en" xmlns="http://www.sdmx.org/resources/sdmxml/schemas/v2_1/common">UNITED STATES STATISTICAL NUMBER</Name>
        </Code>
        <Code id="21230" urn="urn:sdmx:org.sdmx.infomodel.codelist.Code=ESTAT:CL_NIS_CODE_EGR(1.3).21230">
          <Name xml:lang="en" xmlns="http://www.sdmx.org/resources/sdmxml/schemas/v2_1/common">UNITED STATES TRADE REGISTER NUMBER</Name>
        </Code>
        <Code id="22230" urn="urn:sdmx:org.sdmx.infomodel.codelist.Code=ESTAT:CL_NIS_CODE_EGR(1.3).22230">
          <Name xml:lang="en" xmlns="http://www.sdmx.org/resources/sdmxml/schemas/v2_1/common">UNITED STATES VAT NUMBER</Name>
        </Code>
        <Code id="28230" urn="urn:sdmx:org.sdmx.infomodel.codelist.Code=ESTAT:CL_NIS_CODE_EGR(1.3).28230">
          <Name xml:lang="en" xmlns="http://www.sdmx.org/resources/sdmxml/schemas/v2_1/common">UNITED STATES WVB COMPANY NUMBER</Name>
        </Code>
        <Code id="31231" urn="urn:sdmx:org.sdmx.infomodel.codelist.Code=ESTAT:CL_NIS_CODE_EGR(1.3).31231">
          <Name xml:lang="en" xmlns="http://www.sdmx.org/resources/sdmxml/schemas/v2_1/common">URUGUAY CHAMBER OF COMMERCE NUMBER</Name>
        </Code>
        <Code id="23231" urn="urn:sdmx:org.sdmx.infomodel.codelist.Code=ESTAT:CL_NIS_CODE_EGR(1.3).23231">
          <Name xml:lang="en" xmlns="http://www.sdmx.org/resources/sdmxml/schemas/v2_1/common">URUGUAY COMPANY ID NUMBER</Name>
        </Code>
        <Code id="29231" urn="urn:sdmx:org.sdmx.infomodel.codelist.Code=ESTAT:CL_NIS_CODE_EGR(1.3).29231">
          <Name xml:lang="en" xmlns="http://www.sdmx.org/resources/sdmxml/schemas/v2_1/common">URUGUAY DnB COMPANY NUMBER</Name>
        </Code>
        <Code id="27231" urn="urn:sdmx:org.sdmx.infomodel.codelist.Code=ESTAT:CL_NIS_CODE_EGR(1.3).27231">
          <Name xml:lang="en" xmlns="http://www.sdmx.org/resources/sdmxml/schemas/v2_1/common">URUGUAY IP IDENTIFICATION NUMBER</Name>
        </Code>
        <Code id="32231" urn="urn:sdmx:org.sdmx.infomodel.codelist.Code=ESTAT:CL_NIS_CODE_EGR(1.3).32231">
          <Name xml:lang="en" xmlns="http://www.sdmx.org/resources/sdmxml/schemas/v2_1/common">URUGUAY OTHER ID NUMBER</Name>
        </Code>
        <Code id="25231" urn="urn:sdmx:org.sdmx.infomodel.codelist.Code=ESTAT:CL_NIS_CODE_EGR(1.3).25231">
          <Name xml:lang="en" xmlns="http://www.sdmx.org/resources/sdmxml/schemas/v2_1/common">URUGUAY STATISTICAL NUMBER</Name>
        </Code>
        <Code id="21231" urn="urn:sdmx:org.sdmx.infomodel.codelist.Code=ESTAT:CL_NIS_CODE_EGR(1.3).21231">
          <Name xml:lang="en" xmlns="http://www.sdmx.org/resources/sdmxml/schemas/v2_1/common">URUGUAY TRADE REGISTER NUMBER</Name>
        </Code>
        <Code id="22231" urn="urn:sdmx:org.sdmx.infomodel.codelist.Code=ESTAT:CL_NIS_CODE_EGR(1.3).22231">
          <Name xml:lang="en" xmlns="http://www.sdmx.org/resources/sdmxml/schemas/v2_1/common">URUGUAY VAT NUMBER</Name>
        </Code>
        <Code id="28231" urn="urn:sdmx:org.sdmx.infomodel.codelist.Code=ESTAT:CL_NIS_CODE_EGR(1.3).28231">
          <Name xml:lang="en" xmlns="http://www.sdmx.org/resources/sdmxml/schemas/v2_1/common">URUGUAY WVB COMPANY NUMBER</Name>
        </Code>
        <Code id="31237" urn="urn:sdmx:org.sdmx.infomodel.codelist.Code=ESTAT:CL_NIS_CODE_EGR(1.3).31237">
          <Name xml:lang="en" xmlns="http://www.sdmx.org/resources/sdmxml/schemas/v2_1/common">US VIRGIN ISLANDS CHAMBER OF COMMERCE NUMBER</Name>
        </Code>
        <Code id="23237" urn="urn:sdmx:org.sdmx.infomodel.codelist.Code=ESTAT:CL_NIS_CODE_EGR(1.3).23237">
          <Name xml:lang="en" xmlns="http://www.sdmx.org/resources/sdmxml/schemas/v2_1/common">US VIRGIN ISLANDS COMPANY ID NUMBER</Name>
        </Code>
        <Code id="29237" urn="urn:sdmx:org.sdmx.infomodel.codelist.Code=ESTAT:CL_NIS_CODE_EGR(1.3).29237">
          <Name xml:lang="en" xmlns="http://www.sdmx.org/resources/sdmxml/schemas/v2_1/common">US VIRGIN ISLANDS DnB COMPANY NUMBER</Name>
        </Code>
        <Code id="27237" urn="urn:sdmx:org.sdmx.infomodel.codelist.Code=ESTAT:CL_NIS_CODE_EGR(1.3).27237">
          <Name xml:lang="en" xmlns="http://www.sdmx.org/resources/sdmxml/schemas/v2_1/common">US VIRGIN ISLANDS IP IDENTIFICATION NUMBER</Name>
        </Code>
        <Code id="32237" urn="urn:sdmx:org.sdmx.infomodel.codelist.Code=ESTAT:CL_NIS_CODE_EGR(1.3).32237">
          <Name xml:lang="en" xmlns="http://www.sdmx.org/resources/sdmxml/schemas/v2_1/common">US VIRGIN ISLANDS OTHER ID NUMBER</Name>
        </Code>
        <Code id="25237" urn="urn:sdmx:org.sdmx.infomodel.codelist.Code=ESTAT:CL_NIS_CODE_EGR(1.3).25237">
          <Name xml:lang="en" xmlns="http://www.sdmx.org/resources/sdmxml/schemas/v2_1/common">US VIRGIN ISLANDS STATISTICAL NUMBER</Name>
        </Code>
        <Code id="21237" urn="urn:sdmx:org.sdmx.infomodel.codelist.Code=ESTAT:CL_NIS_CODE_EGR(1.3).21237">
          <Name xml:lang="en" xmlns="http://www.sdmx.org/resources/sdmxml/schemas/v2_1/common">US VIRGIN ISLANDS TRADE REGISTER NUMBER</Name>
        </Code>
        <Code id="22237" urn="urn:sdmx:org.sdmx.infomodel.codelist.Code=ESTAT:CL_NIS_CODE_EGR(1.3).22237">
          <Name xml:lang="en" xmlns="http://www.sdmx.org/resources/sdmxml/schemas/v2_1/common">US VIRGIN ISLANDS VAT NUMBER</Name>
        </Code>
        <Code id="28237" urn="urn:sdmx:org.sdmx.infomodel.codelist.Code=ESTAT:CL_NIS_CODE_EGR(1.3).28237">
          <Name xml:lang="en" xmlns="http://www.sdmx.org/resources/sdmxml/schemas/v2_1/common">US VIRGIN ISLANDS WVB COMPANY NUMBER</Name>
        </Code>
        <Code id="31232" urn="urn:sdmx:org.sdmx.infomodel.codelist.Code=ESTAT:CL_NIS_CODE_EGR(1.3).31232">
          <Name xml:lang="en" xmlns="http://www.sdmx.org/resources/sdmxml/schemas/v2_1/common">UZBEKISTAN CHAMBER OF COMMERCE NUMBER</Name>
        </Code>
        <Code id="23232" urn="urn:sdmx:org.sdmx.infomodel.codelist.Code=ESTAT:CL_NIS_CODE_EGR(1.3).23232">
          <Name xml:lang="en" xmlns="http://www.sdmx.org/resources/sdmxml/schemas/v2_1/common">UZBEKISTAN COMPANY ID NUMBER</Name>
        </Code>
        <Code id="29232" urn="urn:sdmx:org.sdmx.infomodel.codelist.Code=ESTAT:CL_NIS_CODE_EGR(1.3).29232">
          <Name xml:lang="en" xmlns="http://www.sdmx.org/resources/sdmxml/schemas/v2_1/common">UZBEKISTAN DnB COMPANY NUMBER</Name>
        </Code>
        <Code id="27232" urn="urn:sdmx:org.sdmx.infomodel.codelist.Code=ESTAT:CL_NIS_CODE_EGR(1.3).27232">
          <Name xml:lang="en" xmlns="http://www.sdmx.org/resources/sdmxml/schemas/v2_1/common">UZBEKISTAN IP IDENTIFICATION NUMBER</Name>
        </Code>
        <Code id="32232" urn="urn:sdmx:org.sdmx.infomodel.codelist.Code=ESTAT:CL_NIS_CODE_EGR(1.3).32232">
          <Name xml:lang="en" xmlns="http://www.sdmx.org/resources/sdmxml/schemas/v2_1/common">UZBEKISTAN OTHER ID NUMBER</Name>
        </Code>
        <Code id="25232" urn="urn:sdmx:org.sdmx.infomodel.codelist.Code=ESTAT:CL_NIS_CODE_EGR(1.3).25232">
          <Name xml:lang="en" xmlns="http://www.sdmx.org/resources/sdmxml/schemas/v2_1/common">UZBEKISTAN STATISTICAL NUMBER</Name>
        </Code>
        <Code id="21232" urn="urn:sdmx:org.sdmx.infomodel.codelist.Code=ESTAT:CL_NIS_CODE_EGR(1.3).21232">
          <Name xml:lang="en" xmlns="http://www.sdmx.org/resources/sdmxml/schemas/v2_1/common">UZBEKISTAN TRADE REGISTER NUMBER</Name>
        </Code>
        <Code id="22232" urn="urn:sdmx:org.sdmx.infomodel.codelist.Code=ESTAT:CL_NIS_CODE_EGR(1.3).22232">
          <Name xml:lang="en" xmlns="http://www.sdmx.org/resources/sdmxml/schemas/v2_1/common">UZBEKISTAN VAT NUMBER</Name>
        </Code>
        <Code id="28232" urn="urn:sdmx:org.sdmx.infomodel.codelist.Code=ESTAT:CL_NIS_CODE_EGR(1.3).28232">
          <Name xml:lang="en" xmlns="http://www.sdmx.org/resources/sdmxml/schemas/v2_1/common">UZBEKISTAN WVB COMPANY NUMBER</Name>
        </Code>
        <Code id="31239" urn="urn:sdmx:org.sdmx.infomodel.codelist.Code=ESTAT:CL_NIS_CODE_EGR(1.3).31239">
          <Name xml:lang="en" xmlns="http://www.sdmx.org/resources/sdmxml/schemas/v2_1/common">VANUATU CHAMBER OF COMMERCE NUMBER</Name>
        </Code>
        <Code id="23239" urn="urn:sdmx:org.sdmx.infomodel.codelist.Code=ESTAT:CL_NIS_CODE_EGR(1.3).23239">
          <Name xml:lang="en" xmlns="http://www.sdmx.org/resources/sdmxml/schemas/v2_1/common">VANUATU COMPANY ID NUMBER</Name>
        </Code>
        <Code id="29239" urn="urn:sdmx:org.sdmx.infomodel.codelist.Code=ESTAT:CL_NIS_CODE_EGR(1.3).29239">
          <Name xml:lang="en" xmlns="http://www.sdmx.org/resources/sdmxml/schemas/v2_1/common">VANUATU DnB COMPANY NUMBER</Name>
        </Code>
        <Code id="27239" urn="urn:sdmx:org.sdmx.infomodel.codelist.Code=ESTAT:CL_NIS_CODE_EGR(1.3).27239">
          <Name xml:lang="en" xmlns="http://www.sdmx.org/resources/sdmxml/schemas/v2_1/common">VANUATU IP IDENTIFICATION NUMBER</Name>
        </Code>
        <Code id="32239" urn="urn:sdmx:org.sdmx.infomodel.codelist.Code=ESTAT:CL_NIS_CODE_EGR(1.3).32239">
          <Name xml:lang="en" xmlns="http://www.sdmx.org/resources/sdmxml/schemas/v2_1/common">VANUATU OTHER ID NUMBER</Name>
        </Code>
        <Code id="25239" urn="urn:sdmx:org.sdmx.infomodel.codelist.Code=ESTAT:CL_NIS_CODE_EGR(1.3).25239">
          <Name xml:lang="en" xmlns="http://www.sdmx.org/resources/sdmxml/schemas/v2_1/common">VANUATU STATISTICAL NUMBER</Name>
        </Code>
        <Code id="21239" urn="urn:sdmx:org.sdmx.infomodel.codelist.Code=ESTAT:CL_NIS_CODE_EGR(1.3).21239">
          <Name xml:lang="en" xmlns="http://www.sdmx.org/resources/sdmxml/schemas/v2_1/common">VANUATU TRADE REGISTER NUMBER</Name>
        </Code>
        <Code id="22239" urn="urn:sdmx:org.sdmx.infomodel.codelist.Code=ESTAT:CL_NIS_CODE_EGR(1.3).22239">
          <Name xml:lang="en" xmlns="http://www.sdmx.org/resources/sdmxml/schemas/v2_1/common">VANUATU VAT NUMBER</Name>
        </Code>
        <Code id="28239" urn="urn:sdmx:org.sdmx.infomodel.codelist.Code=ESTAT:CL_NIS_CODE_EGR(1.3).28239">
          <Name xml:lang="en" xmlns="http://www.sdmx.org/resources/sdmxml/schemas/v2_1/common">VANUATU WVB COMPANY NUMBER</Name>
        </Code>
        <Code id="31233" urn="urn:sdmx:org.sdmx.infomodel.codelist.Code=ESTAT:CL_NIS_CODE_EGR(1.3).31233">
          <Name xml:lang="en" xmlns="http://www.sdmx.org/resources/sdmxml/schemas/v2_1/common">VATICAN CHAMBER OF COMMERCE NUMBER</Name>
        </Code>
        <Code id="23233" urn="urn:sdmx:org.sdmx.infomodel.codelist.Code=ESTAT:CL_NIS_CODE_EGR(1.3).23233">
          <Name xml:lang="en" xmlns="http://www.sdmx.org/resources/sdmxml/schemas/v2_1/common">VATICAN COMPANY ID NUMBER</Name>
        </Code>
        <Code id="29233" urn="urn:sdmx:org.sdmx.infomodel.codelist.Code=ESTAT:CL_NIS_CODE_EGR(1.3).29233">
          <Name xml:lang="en" xmlns="http://www.sdmx.org/resources/sdmxml/schemas/v2_1/common">VATICAN DnB COMPANY NUMBER</Name>
        </Code>
        <Code id="27233" urn="urn:sdmx:org.sdmx.infomodel.codelist.Code=ESTAT:CL_NIS_CODE_EGR(1.3).27233">
          <Name xml:lang="en" xmlns="http://www.sdmx.org/resources/sdmxml/schemas/v2_1/common">VATICAN IP IDENTIFICATION NUMBER</Name>
        </Code>
        <Code id="32233" urn="urn:sdmx:org.sdmx.infomodel.codelist.Code=ESTAT:CL_NIS_CODE_EGR(1.3).32233">
          <Name xml:lang="en" xmlns="http://www.sdmx.org/resources/sdmxml/schemas/v2_1/common">VATICAN OTHER ID NUMBER</Name>
        </Code>
        <Code id="25233" urn="urn:sdmx:org.sdmx.infomodel.codelist.Code=ESTAT:CL_NIS_CODE_EGR(1.3).25233">
          <Name xml:lang="en" xmlns="http://www.sdmx.org/resources/sdmxml/schemas/v2_1/common">VATICAN STATISTICAL NUMBER</Name>
        </Code>
        <Code id="21233" urn="urn:sdmx:org.sdmx.infomodel.codelist.Code=ESTAT:CL_NIS_CODE_EGR(1.3).21233">
          <Name xml:lang="en" xmlns="http://www.sdmx.org/resources/sdmxml/schemas/v2_1/common">VATICAN TRADE REGISTER NUMBER</Name>
        </Code>
        <Code id="22233" urn="urn:sdmx:org.sdmx.infomodel.codelist.Code=ESTAT:CL_NIS_CODE_EGR(1.3).22233">
          <Name xml:lang="en" xmlns="http://www.sdmx.org/resources/sdmxml/schemas/v2_1/common">VATICAN VAT NUMBER</Name>
        </Code>
        <Code id="28233" urn="urn:sdmx:org.sdmx.infomodel.codelist.Code=ESTAT:CL_NIS_CODE_EGR(1.3).28233">
          <Name xml:lang="en" xmlns="http://www.sdmx.org/resources/sdmxml/schemas/v2_1/common">VATICAN WVB COMPANY NUMBER</Name>
        </Code>
        <Code id="31235" urn="urn:sdmx:org.sdmx.infomodel.codelist.Code=ESTAT:CL_NIS_CODE_EGR(1.3).31235">
          <Name xml:lang="en" xmlns="http://www.sdmx.org/resources/sdmxml/schemas/v2_1/common">VENEZUELA CHAMBER OF COMMERCE NUMBER</Name>
        </Code>
        <Code id="23235" urn="urn:sdmx:org.sdmx.infomodel.codelist.Code=ESTAT:CL_NIS_CODE_EGR(1.3).23235">
          <Name xml:lang="en" xmlns="http://www.sdmx.org/resources/sdmxml/schemas/v2_1/common">VENEZUELA COMPANY ID NUMBER</Name>
        </Code>
        <Code id="29235" urn="urn:sdmx:org.sdmx.infomodel.codelist.Code=ESTAT:CL_NIS_CODE_EGR(1.3).29235">
          <Name xml:lang="en" xmlns="http://www.sdmx.org/resources/sdmxml/schemas/v2_1/common">VENEZUELA DnB COMPANY NUMBER</Name>
        </Code>
        <Code id="27235" urn="urn:sdmx:org.sdmx.infomodel.codelist.Code=ESTAT:CL_NIS_CODE_EGR(1.3).27235">
          <Name xml:lang="en" xmlns="http://www.sdmx.org/resources/sdmxml/schemas/v2_1/common">VENEZUELA IP IDENTIFICATION NUMBER</Name>
        </Code>
        <Code id="32235" urn="urn:sdmx:org.sdmx.infomodel.codelist.Code=ESTAT:CL_NIS_CODE_EGR(1.3).32235">
          <Name xml:lang="en" xmlns="http://www.sdmx.org/resources/sdmxml/schemas/v2_1/common">VENEZUELA OTHER ID NUMBER</Name>
        </Code>
        <Code id="25235" urn="urn:sdmx:org.sdmx.infomodel.codelist.Code=ESTAT:CL_NIS_CODE_EGR(1.3).25235">
          <Name xml:lang="en" xmlns="http://www.sdmx.org/resources/sdmxml/schemas/v2_1/common">VENEZUELA STATISTICAL NUMBER</Name>
        </Code>
        <Code id="21235" urn="urn:sdmx:org.sdmx.infomodel.codelist.Code=ESTAT:CL_NIS_CODE_EGR(1.3).21235">
          <Name xml:lang="en" xmlns="http://www.sdmx.org/resources/sdmxml/schemas/v2_1/common">VENEZUELA TRADE REGISTER NUMBER</Name>
        </Code>
        <Code id="22235" urn="urn:sdmx:org.sdmx.infomodel.codelist.Code=ESTAT:CL_NIS_CODE_EGR(1.3).22235">
          <Name xml:lang="en" xmlns="http://www.sdmx.org/resources/sdmxml/schemas/v2_1/common">VENEZUELA VAT NUMBER</Name>
        </Code>
        <Code id="28235" urn="urn:sdmx:org.sdmx.infomodel.codelist.Code=ESTAT:CL_NIS_CODE_EGR(1.3).28235">
          <Name xml:lang="en" xmlns="http://www.sdmx.org/resources/sdmxml/schemas/v2_1/common">VENEZUELA WVB COMPANY NUMBER</Name>
        </Code>
        <Code id="31238" urn="urn:sdmx:org.sdmx.infomodel.codelist.Code=ESTAT:CL_NIS_CODE_EGR(1.3).31238">
          <Name xml:lang="en" xmlns="http://www.sdmx.org/resources/sdmxml/schemas/v2_1/common">VIETNAM CHAMBER OF COMMERCE NUMBER</Name>
        </Code>
        <Code id="23238" urn="urn:sdmx:org.sdmx.infomodel.codelist.Code=ESTAT:CL_NIS_CODE_EGR(1.3).23238">
          <Name xml:lang="en" xmlns="http://www.sdmx.org/resources/sdmxml/schemas/v2_1/common">VIETNAM COMPANY ID NUMBER</Name>
        </Code>
        <Code id="29238" urn="urn:sdmx:org.sdmx.infomodel.codelist.Code=ESTAT:CL_NIS_CODE_EGR(1.3).29238">
          <Name xml:lang="en" xmlns="http://www.sdmx.org/resources/sdmxml/schemas/v2_1/common">VIETNAM DnB COMPANY NUMBER</Name>
        </Code>
        <Code id="27238" urn="urn:sdmx:org.sdmx.infomodel.codelist.Code=ESTAT:CL_NIS_CODE_EGR(1.3).27238">
          <Name xml:lang="en" xmlns="http://www.sdmx.org/resources/sdmxml/schemas/v2_1/common">VIETNAM IP IDENTIFICATION NUMBER</Name>
        </Code>
        <Code id="32238" urn="urn:sdmx:org.sdmx.infomodel.codelist.Code=ESTAT:CL_NIS_CODE_EGR(1.3).32238">
          <Name xml:lang="en" xmlns="http://www.sdmx.org/resources/sdmxml/schemas/v2_1/common">VIETNAM OTHER ID NUMBER</Name>
        </Code>
        <Code id="25238" urn="urn:sdmx:org.sdmx.infomodel.codelist.Code=ESTAT:CL_NIS_CODE_EGR(1.3).25238">
          <Name xml:lang="en" xmlns="http://www.sdmx.org/resources/sdmxml/schemas/v2_1/common">VIETNAM STATISTICAL NUMBER</Name>
        </Code>
        <Code id="21238" urn="urn:sdmx:org.sdmx.infomodel.codelist.Code=ESTAT:CL_NIS_CODE_EGR(1.3).21238">
          <Name xml:lang="en" xmlns="http://www.sdmx.org/resources/sdmxml/schemas/v2_1/common">VIETNAM TRADE REGISTER NUMBER</Name>
        </Code>
        <Code id="22238" urn="urn:sdmx:org.sdmx.infomodel.codelist.Code=ESTAT:CL_NIS_CODE_EGR(1.3).22238">
          <Name xml:lang="en" xmlns="http://www.sdmx.org/resources/sdmxml/schemas/v2_1/common">VIETNAM VAT NUMBER</Name>
        </Code>
        <Code id="28238" urn="urn:sdmx:org.sdmx.infomodel.codelist.Code=ESTAT:CL_NIS_CODE_EGR(1.3).28238">
          <Name xml:lang="en" xmlns="http://www.sdmx.org/resources/sdmxml/schemas/v2_1/common">VIETNAM WVB COMPANY NUMBER</Name>
        </Code>
        <Code id="31240" urn="urn:sdmx:org.sdmx.infomodel.codelist.Code=ESTAT:CL_NIS_CODE_EGR(1.3).31240">
          <Name xml:lang="en" xmlns="http://www.sdmx.org/resources/sdmxml/schemas/v2_1/common">WALLIS AND FUTUNA CHAMBER OF COMMERCE NUMBER</Name>
        </Code>
        <Code id="23240" urn="urn:sdmx:org.sdmx.infomodel.codelist.Code=ESTAT:CL_NIS_CODE_EGR(1.3).23240">
          <Name xml:lang="en" xmlns="http://www.sdmx.org/resources/sdmxml/schemas/v2_1/common">WALLIS AND FUTUNA COMPANY ID NUMBER</Name>
        </Code>
        <Code id="29240" urn="urn:sdmx:org.sdmx.infomodel.codelist.Code=ESTAT:CL_NIS_CODE_EGR(1.3).29240">
          <Name xml:lang="en" xmlns="http://www.sdmx.org/resources/sdmxml/schemas/v2_1/common">WALLIS AND FUTUNA DnB COMPANY NUMBER</Name>
        </Code>
        <Code id="27240" urn="urn:sdmx:org.sdmx.infomodel.codelist.Code=ESTAT:CL_NIS_CODE_EGR(1.3).27240">
          <Name xml:lang="en" xmlns="http://www.sdmx.org/resources/sdmxml/schemas/v2_1/common">WALLIS AND FUTUNA IP IDENTIFICATION NUMBER</Name>
        </Code>
        <Code id="32240" urn="urn:sdmx:org.sdmx.infomodel.codelist.Code=ESTAT:CL_NIS_CODE_EGR(1.3).32240">
          <Name xml:lang="en" xmlns="http://www.sdmx.org/resources/sdmxml/schemas/v2_1/common">WALLIS AND FUTUNA OTHER ID NUMBER</Name>
        </Code>
        <Code id="25240" urn="urn:sdmx:org.sdmx.infomodel.codelist.Code=ESTAT:CL_NIS_CODE_EGR(1.3).25240">
          <Name xml:lang="en" xmlns="http://www.sdmx.org/resources/sdmxml/schemas/v2_1/common">WALLIS AND FUTUNA STATISTICAL NUMBER</Name>
        </Code>
        <Code id="21240" urn="urn:sdmx:org.sdmx.infomodel.codelist.Code=ESTAT:CL_NIS_CODE_EGR(1.3).21240">
          <Name xml:lang="en" xmlns="http://www.sdmx.org/resources/sdmxml/schemas/v2_1/common">WALLIS AND FUTUNA TRADE REGISTER NUMBER</Name>
        </Code>
        <Code id="22240" urn="urn:sdmx:org.sdmx.infomodel.codelist.Code=ESTAT:CL_NIS_CODE_EGR(1.3).22240">
          <Name xml:lang="en" xmlns="http://www.sdmx.org/resources/sdmxml/schemas/v2_1/common">WALLIS AND FUTUNA VAT NUMBER</Name>
        </Code>
        <Code id="28240" urn="urn:sdmx:org.sdmx.infomodel.codelist.Code=ESTAT:CL_NIS_CODE_EGR(1.3).28240">
          <Name xml:lang="en" xmlns="http://www.sdmx.org/resources/sdmxml/schemas/v2_1/common">WALLIS AND FUTUNA WVB COMPANY NUMBER</Name>
        </Code>
        <Code id="31065" urn="urn:sdmx:org.sdmx.infomodel.codelist.Code=ESTAT:CL_NIS_CODE_EGR(1.3).31065">
          <Name xml:lang="en" xmlns="http://www.sdmx.org/resources/sdmxml/schemas/v2_1/common">WESTERN SAHARA CHAMBER OF COMMERCE NUMBER</Name>
        </Code>
        <Code id="23065" urn="urn:sdmx:org.sdmx.infomodel.codelist.Code=ESTAT:CL_NIS_CODE_EGR(1.3).23065">
          <Name xml:lang="en" xmlns="http://www.sdmx.org/resources/sdmxml/schemas/v2_1/common">WESTERN SAHARA COMPANY ID NUMBER</Name>
        </Code>
        <Code id="29065" urn="urn:sdmx:org.sdmx.infomodel.codelist.Code=ESTAT:CL_NIS_CODE_EGR(1.3).29065">
          <Name xml:lang="en" xmlns="http://www.sdmx.org/resources/sdmxml/schemas/v2_1/common">WESTERN SAHARA DnB COMPANY NUMBER</Name>
        </Code>
        <Code id="27065" urn="urn:sdmx:org.sdmx.infomodel.codelist.Code=ESTAT:CL_NIS_CODE_EGR(1.3).27065">
          <Name xml:lang="en" xmlns="http://www.sdmx.org/resources/sdmxml/schemas/v2_1/common">WESTERN SAHARA IP IDENTIFICATION NUMBER</Name>
        </Code>
        <Code id="32065" urn="urn:sdmx:org.sdmx.infomodel.codelist.Code=ESTAT:CL_NIS_CODE_EGR(1.3).32065">
          <Name xml:lang="en" xmlns="http://www.sdmx.org/resources/sdmxml/schemas/v2_1/common">WESTERN SAHARA OTHER ID NUMBER</Name>
        </Code>
        <Code id="25065" urn="urn:sdmx:org.sdmx.infomodel.codelist.Code=ESTAT:CL_NIS_CODE_EGR(1.3).25065">
          <Name xml:lang="en" xmlns="http://www.sdmx.org/resources/sdmxml/schemas/v2_1/common">WESTERN SAHARA STATISTICAL NUMBER</Name>
        </Code>
        <Code id="21065" urn="urn:sdmx:org.sdmx.infomodel.codelist.Code=ESTAT:CL_NIS_CODE_EGR(1.3).21065">
          <Name xml:lang="en" xmlns="http://www.sdmx.org/resources/sdmxml/schemas/v2_1/common">WESTERN SAHARA TRADE REGISTER NUMBER</Name>
        </Code>
        <Code id="22065" urn="urn:sdmx:org.sdmx.infomodel.codelist.Code=ESTAT:CL_NIS_CODE_EGR(1.3).22065">
          <Name xml:lang="en" xmlns="http://www.sdmx.org/resources/sdmxml/schemas/v2_1/common">WESTERN SAHARA VAT NUMBER</Name>
        </Code>
        <Code id="28065" urn="urn:sdmx:org.sdmx.infomodel.codelist.Code=ESTAT:CL_NIS_CODE_EGR(1.3).28065">
          <Name xml:lang="en" xmlns="http://www.sdmx.org/resources/sdmxml/schemas/v2_1/common">WESTERN SAHARA WVB COMPANY NUMBER</Name>
        </Code>
        <Code id="31242" urn="urn:sdmx:org.sdmx.infomodel.codelist.Code=ESTAT:CL_NIS_CODE_EGR(1.3).31242">
          <Name xml:lang="en" xmlns="http://www.sdmx.org/resources/sdmxml/schemas/v2_1/common">YEMEN CHAMBER OF COMMERCE NUMBER</Name>
        </Code>
        <Code id="23242" urn="urn:sdmx:org.sdmx.infomodel.codelist.Code=ESTAT:CL_NIS_CODE_EGR(1.3).23242">
          <Name xml:lang="en" xmlns="http://www.sdmx.org/resources/sdmxml/schemas/v2_1/common">YEMEN COMPANY ID NUMBER</Name>
        </Code>
        <Code id="29242" urn="urn:sdmx:org.sdmx.infomodel.codelist.Code=ESTAT:CL_NIS_CODE_EGR(1.3).29242">
          <Name xml:lang="en" xmlns="http://www.sdmx.org/resources/sdmxml/schemas/v2_1/common">YEMEN DnB COMPANY NUMBER</Name>
        </Code>
        <Code id="27242" urn="urn:sdmx:org.sdmx.infomodel.codelist.Code=ESTAT:CL_NIS_CODE_EGR(1.3).27242">
          <Name xml:lang="en" xmlns="http://www.sdmx.org/resources/sdmxml/schemas/v2_1/common">YEMEN IP IDENTIFICATION NUMBER</Name>
        </Code>
        <Code id="32242" urn="urn:sdmx:org.sdmx.infomodel.codelist.Code=ESTAT:CL_NIS_CODE_EGR(1.3).32242">
          <Name xml:lang="en" xmlns="http://www.sdmx.org/resources/sdmxml/schemas/v2_1/common">YEMEN OTHER ID NUMBER</Name>
        </Code>
        <Code id="25242" urn="urn:sdmx:org.sdmx.infomodel.codelist.Code=ESTAT:CL_NIS_CODE_EGR(1.3).25242">
          <Name xml:lang="en" xmlns="http://www.sdmx.org/resources/sdmxml/schemas/v2_1/common">YEMEN STATISTICAL NUMBER</Name>
        </Code>
        <Code id="21242" urn="urn:sdmx:org.sdmx.infomodel.codelist.Code=ESTAT:CL_NIS_CODE_EGR(1.3).21242">
          <Name xml:lang="en" xmlns="http://www.sdmx.org/resources/sdmxml/schemas/v2_1/common">YEMEN TRADE REGISTER NUMBER</Name>
        </Code>
        <Code id="22242" urn="urn:sdmx:org.sdmx.infomodel.codelist.Code=ESTAT:CL_NIS_CODE_EGR(1.3).22242">
          <Name xml:lang="en" xmlns="http://www.sdmx.org/resources/sdmxml/schemas/v2_1/common">YEMEN VAT NUMBER</Name>
        </Code>
        <Code id="28242" urn="urn:sdmx:org.sdmx.infomodel.codelist.Code=ESTAT:CL_NIS_CODE_EGR(1.3).28242">
          <Name xml:lang="en" xmlns="http://www.sdmx.org/resources/sdmxml/schemas/v2_1/common">YEMEN WVB COMPANY NUMBER</Name>
        </Code>
        <Code id="31245" urn="urn:sdmx:org.sdmx.infomodel.codelist.Code=ESTAT:CL_NIS_CODE_EGR(1.3).31245">
          <Name xml:lang="en" xmlns="http://www.sdmx.org/resources/sdmxml/schemas/v2_1/common">ZAMBIA CHAMBER OF COMMERCE NUMBER</Name>
        </Code>
        <Code id="23245" urn="urn:sdmx:org.sdmx.infomodel.codelist.Code=ESTAT:CL_NIS_CODE_EGR(1.3).23245">
          <Name xml:lang="en" xmlns="http://www.sdmx.org/resources/sdmxml/schemas/v2_1/common">ZAMBIA COMPANY ID NUMBER</Name>
        </Code>
        <Code id="29245" urn="urn:sdmx:org.sdmx.infomodel.codelist.Code=ESTAT:CL_NIS_CODE_EGR(1.3).29245">
          <Name xml:lang="en" xmlns="http://www.sdmx.org/resources/sdmxml/schemas/v2_1/common">ZAMBIA DnB COMPANY NUMBER</Name>
        </Code>
        <Code id="27245" urn="urn:sdmx:org.sdmx.infomodel.codelist.Code=ESTAT:CL_NIS_CODE_EGR(1.3).27245">
          <Name xml:lang="en" xmlns="http://www.sdmx.org/resources/sdmxml/schemas/v2_1/common">ZAMBIA IP IDENTIFICATION NUMBER</Name>
        </Code>
        <Code id="32245" urn="urn:sdmx:org.sdmx.infomodel.codelist.Code=ESTAT:CL_NIS_CODE_EGR(1.3).32245">
          <Name xml:lang="en" xmlns="http://www.sdmx.org/resources/sdmxml/schemas/v2_1/common">ZAMBIA OTHER ID NUMBER</Name>
        </Code>
        <Code id="25245" urn="urn:sdmx:org.sdmx.infomodel.codelist.Code=ESTAT:CL_NIS_CODE_EGR(1.3).25245">
          <Name xml:lang="en" xmlns="http://www.sdmx.org/resources/sdmxml/schemas/v2_1/common">ZAMBIA STATISTICAL NUMBER</Name>
        </Code>
        <Code id="21245" urn="urn:sdmx:org.sdmx.infomodel.codelist.Code=ESTAT:CL_NIS_CODE_EGR(1.3).21245">
          <Name xml:lang="en" xmlns="http://www.sdmx.org/resources/sdmxml/schemas/v2_1/common">ZAMBIA TRADE REGISTER NUMBER</Name>
        </Code>
        <Code id="22245" urn="urn:sdmx:org.sdmx.infomodel.codelist.Code=ESTAT:CL_NIS_CODE_EGR(1.3).22245">
          <Name xml:lang="en" xmlns="http://www.sdmx.org/resources/sdmxml/schemas/v2_1/common">ZAMBIA VAT NUMBER</Name>
        </Code>
        <Code id="28245" urn="urn:sdmx:org.sdmx.infomodel.codelist.Code=ESTAT:CL_NIS_CODE_EGR(1.3).28245">
          <Name xml:lang="en" xmlns="http://www.sdmx.org/resources/sdmxml/schemas/v2_1/common">ZAMBIA WVB COMPANY NUMBER</Name>
        </Code>
        <Code id="31246" urn="urn:sdmx:org.sdmx.infomodel.codelist.Code=ESTAT:CL_NIS_CODE_EGR(1.3).31246">
          <Name xml:lang="en" xmlns="http://www.sdmx.org/resources/sdmxml/schemas/v2_1/common">ZIMBABWE CHAMBER OF COMMERCE NUMBER</Name>
        </Code>
        <Code id="23246" urn="urn:sdmx:org.sdmx.infomodel.codelist.Code=ESTAT:CL_NIS_CODE_EGR(1.3).23246">
          <Name xml:lang="en" xmlns="http://www.sdmx.org/resources/sdmxml/schemas/v2_1/common">ZIMBABWE COMPANY ID NUMBER</Name>
        </Code>
        <Code id="29246" urn="urn:sdmx:org.sdmx.infomodel.codelist.Code=ESTAT:CL_NIS_CODE_EGR(1.3).29246">
          <Name xml:lang="en" xmlns="http://www.sdmx.org/resources/sdmxml/schemas/v2_1/common">ZIMBABWE DnB COMPANY NUMBER</Name>
        </Code>
        <Code id="27246" urn="urn:sdmx:org.sdmx.infomodel.codelist.Code=ESTAT:CL_NIS_CODE_EGR(1.3).27246">
          <Name xml:lang="en" xmlns="http://www.sdmx.org/resources/sdmxml/schemas/v2_1/common">ZIMBABWE IP IDENTIFICATION NUMBER</Name>
        </Code>
        <Code id="32246" urn="urn:sdmx:org.sdmx.infomodel.codelist.Code=ESTAT:CL_NIS_CODE_EGR(1.3).32246">
          <Name xml:lang="en" xmlns="http://www.sdmx.org/resources/sdmxml/schemas/v2_1/common">ZIMBABWE OTHER ID NUMBER</Name>
        </Code>
        <Code id="25246" urn="urn:sdmx:org.sdmx.infomodel.codelist.Code=ESTAT:CL_NIS_CODE_EGR(1.3).25246">
          <Name xml:lang="en" xmlns="http://www.sdmx.org/resources/sdmxml/schemas/v2_1/common">ZIMBABWE STATISTICAL NUMBER</Name>
        </Code>
        <Code id="21246" urn="urn:sdmx:org.sdmx.infomodel.codelist.Code=ESTAT:CL_NIS_CODE_EGR(1.3).21246">
          <Name xml:lang="en" xmlns="http://www.sdmx.org/resources/sdmxml/schemas/v2_1/common">ZIMBABWE TRADE REGISTER NUMBER</Name>
        </Code>
        <Code id="22246" urn="urn:sdmx:org.sdmx.infomodel.codelist.Code=ESTAT:CL_NIS_CODE_EGR(1.3).22246">
          <Name xml:lang="en" xmlns="http://www.sdmx.org/resources/sdmxml/schemas/v2_1/common">ZIMBABWE VAT NUMBER</Name>
        </Code>
        <Code id="28246" urn="urn:sdmx:org.sdmx.infomodel.codelist.Code=ESTAT:CL_NIS_CODE_EGR(1.3).28246">
          <Name xml:lang="en" xmlns="http://www.sdmx.org/resources/sdmxml/schemas/v2_1/common">ZIMBABWE WVB COMPANY NUMBER</Name>
        </Code>
        <Code id="24109" urn="urn:sdmx:org.sdmx.infomodel.codelist.Code=ESTAT:CL_NIS_CODE_EGR(1.3).24109">
          <Name xml:lang="en" xmlns="http://www.sdmx.org/resources/sdmxml/schemas/v2_1/common">ITALY FISCAL NUMBER</Name>
        </Code>
      </Codelist>
      <Codelist id="CL_SOURCE_CODE" urn="urn:sdmx:org.sdmx.infomodel.codelist.Codelist=ESTAT:CL_SOURCE_CODE(1.0)" agencyID="ESTAT" version="1.0" isFinal="true">
        <Name xml:lang="en" xmlns="http://www.sdmx.org/resources/sdmxml/schemas/v2_1/common">Code list on the source of the SPE status of a legal unit</Name>
        <Code id="BvD" urn="urn:sdmx:org.sdmx.infomodel.codelist.Code=ESTAT:CL_SOURCE_CODE(1.0).BvD">
          <Name xml:lang="en" xmlns="http://www.sdmx.org/resources/sdmxml/schemas/v2_1/common">BUREAU VAN DIJK</Name>
        </Code>
        <Code id="DnB" urn="urn:sdmx:org.sdmx.infomodel.codelist.Code=ESTAT:CL_SOURCE_CODE(1.0).DnB">
          <Name xml:lang="en" xmlns="http://www.sdmx.org/resources/sdmxml/schemas/v2_1/common">DUN AND BRADSTREET</Name>
        </Code>
        <Code id="EGR" urn="urn:sdmx:org.sdmx.infomodel.codelist.Code=ESTAT:CL_SOURCE_CODE(1.0).EGR">
          <Name xml:lang="en" xmlns="http://www.sdmx.org/resources/sdmxml/schemas/v2_1/common">EUROGROUPS REGISTER</Name>
        </Code>
        <Code id="NSI_AT" urn="urn:sdmx:org.sdmx.infomodel.codelist.Code=ESTAT:CL_SOURCE_CODE(1.0).NSI_AT">
          <Name xml:lang="en" xmlns="http://www.sdmx.org/resources/sdmxml/schemas/v2_1/common">STATISTIK AUSTRIA</Name>
        </Code>
        <Code id="NSI_BE" urn="urn:sdmx:org.sdmx.infomodel.codelist.Code=ESTAT:CL_SOURCE_CODE(1.0).NSI_BE">
          <Name xml:lang="en" xmlns="http://www.sdmx.org/resources/sdmxml/schemas/v2_1/common">SPF ECONOMIE - DIVISION STATISTIQUE</Name>
        </Code>
        <Code id="NSI_BG" urn="urn:sdmx:org.sdmx.infomodel.codelist.Code=ESTAT:CL_SOURCE_CODE(1.0).NSI_BG">
          <Name xml:lang="en" xmlns="http://www.sdmx.org/resources/sdmxml/schemas/v2_1/common">NATIONAL STATISTICAL INSTITUTE</Name>
        </Code>
        <Code id="NSI_CH" urn="urn:sdmx:org.sdmx.infomodel.codelist.Code=ESTAT:CL_SOURCE_CODE(1.0).NSI_CH">
          <Name xml:lang="en" xmlns="http://www.sdmx.org/resources/sdmxml/schemas/v2_1/common">OFFICE FÉDÉRAL DE LA STATISTIQUE (BFS)</Name>
        </Code>
        <Code id="NSI_CY" urn="urn:sdmx:org.sdmx.infomodel.codelist.Code=ESTAT:CL_SOURCE_CODE(1.0).NSI_CY">
          <Name xml:lang="en" xmlns="http://www.sdmx.org/resources/sdmxml/schemas/v2_1/common">DEPARTMENT OF STATISTICS AND RESEARCH</Name>
        </Code>
        <Code id="NSI_CZ" urn="urn:sdmx:org.sdmx.infomodel.codelist.Code=ESTAT:CL_SOURCE_CODE(1.0).NSI_CZ">
          <Name xml:lang="en" xmlns="http://www.sdmx.org/resources/sdmxml/schemas/v2_1/common">CESKÝ STATISTICKÝ ÚRAD (CSU)</Name>
        </Code>
        <Code id="NSI_DE" urn="urn:sdmx:org.sdmx.infomodel.codelist.Code=ESTAT:CL_SOURCE_CODE(1.0).NSI_DE">
          <Name xml:lang="en" xmlns="http://www.sdmx.org/resources/sdmxml/schemas/v2_1/common">STATISTISCHES BUNDESAMT (DESTATIS)</Name>
        </Code>
        <Code id="NSI_DK" urn="urn:sdmx:org.sdmx.infomodel.codelist.Code=ESTAT:CL_SOURCE_CODE(1.0).NSI_DK">
          <Name xml:lang="en" xmlns="http://www.sdmx.org/resources/sdmxml/schemas/v2_1/common">DANMARKS STATISTIK</Name>
        </Code>
        <Code id="NSI_EE" urn="urn:sdmx:org.sdmx.infomodel.codelist.Code=ESTAT:CL_SOURCE_CODE(1.0).NSI_EE">
          <Name xml:lang="en" xmlns="http://www.sdmx.org/resources/sdmxml/schemas/v2_1/common">STATISTIKAAMET (ESA)</Name>
        </Code>
        <Code id="NSI_ES" urn="urn:sdmx:org.sdmx.infomodel.codelist.Code=ESTAT:CL_SOURCE_CODE(1.0).NSI_ES">
          <Name xml:lang="en" xmlns="http://www.sdmx.org/resources/sdmxml/schemas/v2_1/common">INSTITUTO NACIONAL DE ESTADÍSTICA (INE)</Name>
        </Code>
        <Code id="NSI_FI" urn="urn:sdmx:org.sdmx.infomodel.codelist.Code=ESTAT:CL_SOURCE_CODE(1.0).NSI_FI">
          <Name xml:lang="en" xmlns="http://www.sdmx.org/resources/sdmxml/schemas/v2_1/common">TILASTOKESKUS</Name>
        </Code>
        <Code id="NSI_FR" urn="urn:sdmx:org.sdmx.infomodel.codelist.Code=ESTAT:CL_SOURCE_CODE(1.0).NSI_FR">
          <Name xml:lang="en" xmlns="http://www.sdmx.org/resources/sdmxml/schemas/v2_1/common">INSTITUT NATIONAL DE LA STATISTIQUE ET DES ÉTUDES ÉCONOMIQUES (INSEE)</Name>
        </Code>
        <Code id="NSI_GB" urn="urn:sdmx:org.sdmx.infomodel.codelist.Code=ESTAT:CL_SOURCE_CODE(1.0).NSI_GB">
          <Name xml:lang="en" xmlns="http://www.sdmx.org/resources/sdmxml/schemas/v2_1/common">NATIONAL STATISTICS (ONS)</Name>
        </Code>
        <Code id="NSI_GR" urn="urn:sdmx:org.sdmx.infomodel.codelist.Code=ESTAT:CL_SOURCE_CODE(1.0).NSI_GR">
          <Name xml:lang="en" xmlns="http://www.sdmx.org/resources/sdmxml/schemas/v2_1/common">NATIONAL STATISTICAL SERVICE (NSSG)</Name>
        </Code>
        <Code id="NSI_HU" urn="urn:sdmx:org.sdmx.infomodel.codelist.Code=ESTAT:CL_SOURCE_CODE(1.0).NSI_HU">
          <Name xml:lang="en" xmlns="http://www.sdmx.org/resources/sdmxml/schemas/v2_1/common">KÖZPONTI STATISZTIKAI HIVATAL (KSH)</Name>
        </Code>
        <Code id="NSI_IE" urn="urn:sdmx:org.sdmx.infomodel.codelist.Code=ESTAT:CL_SOURCE_CODE(1.0).NSI_IE">
          <Name xml:lang="en" xmlns="http://www.sdmx.org/resources/sdmxml/schemas/v2_1/common">CENTRAL STATISTICS OFFICE (CSO)</Name>
        </Code>
        <Code id="NSI_IS" urn="urn:sdmx:org.sdmx.infomodel.codelist.Code=ESTAT:CL_SOURCE_CODE(1.0).NSI_IS">
          <Name xml:lang="en" xmlns="http://www.sdmx.org/resources/sdmxml/schemas/v2_1/common">STATISTICS ICELAND</Name>
        </Code>
        <Code id="NSI_IT" urn="urn:sdmx:org.sdmx.infomodel.codelist.Code=ESTAT:CL_SOURCE_CODE(1.0).NSI_IT">
          <Name xml:lang="en" xmlns="http://www.sdmx.org/resources/sdmxml/schemas/v2_1/common">ISTITUTO NAZIONALE DI STATISTICA (ISTAT)</Name>
        </Code>
        <Code id="NSI_LI" urn="urn:sdmx:org.sdmx.infomodel.codelist.Code=ESTAT:CL_SOURCE_CODE(1.0).NSI_LI">
          <Name xml:lang="en" xmlns="http://www.sdmx.org/resources/sdmxml/schemas/v2_1/common">LANDESVERWALTUNG LIECHTENSTEIN</Name>
        </Code>
        <Code id="NSI_LT" urn="urn:sdmx:org.sdmx.infomodel.codelist.Code=ESTAT:CL_SOURCE_CODE(1.0).NSI_LT">
          <Name xml:lang="en" xmlns="http://www.sdmx.org/resources/sdmxml/schemas/v2_1/common">STATISTIKOS DEPARTAMENTAS</Name>
        </Code>
        <Code id="NSI_LU" urn="urn:sdmx:org.sdmx.infomodel.codelist.Code=ESTAT:CL_SOURCE_CODE(1.0).NSI_LU">
          <Name xml:lang="en" xmlns="http://www.sdmx.org/resources/sdmxml/schemas/v2_1/common">SERVICE CENTRAL DE LA STATISTIQUE ET DES ÉTUDES ÉCONOMIQUES (STATEC)</Name>
        </Code>
        <Code id="NSI_LV" urn="urn:sdmx:org.sdmx.infomodel.codelist.Code=ESTAT:CL_SOURCE_CODE(1.0).NSI_LV">
          <Name xml:lang="en" xmlns="http://www.sdmx.org/resources/sdmxml/schemas/v2_1/common">CENTRAL STATISTICAL BUREAU</Name>
        </Code>
        <Code id="NSI_MT" urn="urn:sdmx:org.sdmx.infomodel.codelist.Code=ESTAT:CL_SOURCE_CODE(1.0).NSI_MT">
          <Name xml:lang="en" xmlns="http://www.sdmx.org/resources/sdmxml/schemas/v2_1/common">NATIONAL STATISTICS OFFICE (NSO)</Name>
        </Code>
        <Code id="NSI_NL" urn="urn:sdmx:org.sdmx.infomodel.codelist.Code=ESTAT:CL_SOURCE_CODE(1.0).NSI_NL">
          <Name xml:lang="en" xmlns="http://www.sdmx.org/resources/sdmxml/schemas/v2_1/common">CENTRAAL BUREAU VOOR DE STATISTIEK (CBS)</Name>
        </Code>
        <Code id="NSI_NO" urn="urn:sdmx:org.sdmx.infomodel.codelist.Code=ESTAT:CL_SOURCE_CODE(1.0).NSI_NO">
          <Name xml:lang="en" xmlns="http://www.sdmx.org/resources/sdmxml/schemas/v2_1/common">STATISTISK SENTRALBYRÅ</Name>
        </Code>
        <Code id="NSI_PL" urn="urn:sdmx:org.sdmx.infomodel.codelist.Code=ESTAT:CL_SOURCE_CODE(1.0).NSI_PL">
          <Name xml:lang="en" xmlns="http://www.sdmx.org/resources/sdmxml/schemas/v2_1/common">POLSKA STATYSTYKA PUBLICZNA</Name>
        </Code>
        <Code id="NSI_PT" urn="urn:sdmx:org.sdmx.infomodel.codelist.Code=ESTAT:CL_SOURCE_CODE(1.0).NSI_PT">
          <Name xml:lang="en" xmlns="http://www.sdmx.org/resources/sdmxml/schemas/v2_1/common">INSTITUTO NACIONAL DE ESTATÍSTICA (INE)</Name>
        </Code>
        <Code id="NSI_RO" urn="urn:sdmx:org.sdmx.infomodel.codelist.Code=ESTAT:CL_SOURCE_CODE(1.0).NSI_RO">
          <Name xml:lang="en" xmlns="http://www.sdmx.org/resources/sdmxml/schemas/v2_1/common">INSTITUL NACIONAL DE STATISTICA SI STUDII ECONOMICE (INSSE)</Name>
        </Code>
        <Code id="NSI_SE" urn="urn:sdmx:org.sdmx.infomodel.codelist.Code=ESTAT:CL_SOURCE_CODE(1.0).NSI_SE">
          <Name xml:lang="en" xmlns="http://www.sdmx.org/resources/sdmxml/schemas/v2_1/common">STATISTISKA CENTRALBYRÅN (SCB)</Name>
        </Code>
        <Code id="NSI_SI" urn="urn:sdmx:org.sdmx.infomodel.codelist.Code=ESTAT:CL_SOURCE_CODE(1.0).NSI_SI">
          <Name xml:lang="en" xmlns="http://www.sdmx.org/resources/sdmxml/schemas/v2_1/common">STATISTICNI URAD REPUBLIKE SLOVENIJE</Name>
        </Code>
        <Code id="NSI_SK" urn="urn:sdmx:org.sdmx.infomodel.codelist.Code=ESTAT:CL_SOURCE_CODE(1.0).NSI_SK">
          <Name xml:lang="en" xmlns="http://www.sdmx.org/resources/sdmxml/schemas/v2_1/common">STATISTICKÝ ÚRAD SLOVENSKEJ REPUBLIKY (SUSR)</Name>
        </Code>
      </Codelist>
      <Codelist id="CL_SPECIAL_PURP_ENTITY_CODE" urn="urn:sdmx:org.sdmx.infomodel.codelist.Codelist=ESTAT:CL_SPECIAL_PURP_ENTITY_CODE(1.0)" agencyID="ESTAT" version="1.0" isFinal="true">
        <Name xml:lang="en" xmlns="http://www.sdmx.org/resources/sdmxml/schemas/v2_1/common">SPE code</Name>
        <Code id="S" urn="urn:sdmx:org.sdmx.infomodel.codelist.Code=ESTAT:CL_SPECIAL_PURP_ENTITY_CODE(1.0).S">
          <Name xml:lang="en" xmlns="http://www.sdmx.org/resources/sdmxml/schemas/v2_1/common">Special purpose entity unit</Name>
        </Code>
      </Codelist>
      <Codelist id="CL_STATUS_LEU_B" urn="urn:sdmx:org.sdmx.infomodel.codelist.Codelist=ESTAT:CL_STATUS_LEU_B(1.1)" agencyID="ESTAT" version="1.1" isFinal="true">
        <Name xml:lang="en" xmlns="http://www.sdmx.org/resources/sdmxml/schemas/v2_1/common">The status of the Legal unit in the EGR.</Name>
        <Code id="A" urn="urn:sdmx:org.sdmx.infomodel.codelist.Code=ESTAT:CL_STATUS_LEU_B(1.1).A">
          <Name xml:lang="en" xmlns="http://www.sdmx.org/resources/sdmxml/schemas/v2_1/common">Active legal unit</Name>
        </Code>
        <Code id="D" urn="urn:sdmx:org.sdmx.infomodel.codelist.Code=ESTAT:CL_STATUS_LEU_B(1.1).D">
          <Name xml:lang="en" xmlns="http://www.sdmx.org/resources/sdmxml/schemas/v2_1/common">Double legal unit</Name>
        </Code>
        <Code id="L" urn="urn:sdmx:org.sdmx.infomodel.codelist.Code=ESTAT:CL_STATUS_LEU_B(1.1).L">
          <Name xml:lang="en" xmlns="http://www.sdmx.org/resources/sdmxml/schemas/v2_1/common">Liquidated legal unit</Name>
        </Code>
        <Code id="U" urn="urn:sdmx:org.sdmx.infomodel.codelist.Code=ESTAT:CL_STATUS_LEU_B(1.1).U">
          <Name xml:lang="en" xmlns="http://www.sdmx.org/resources/sdmxml/schemas/v2_1/common">Status is unknown</Name>
        </Code>
        <Code id="I" urn="urn:sdmx:org.sdmx.infomodel.codelist.Code=ESTAT:CL_STATUS_LEU_B(1.1).I">
          <Name xml:lang="en" xmlns="http://www.sdmx.org/resources/sdmxml/schemas/v2_1/common">Inactive legal unit</Name>
        </Code>
        <Code id="R" urn="urn:sdmx:org.sdmx.infomodel.codelist.Code=ESTAT:CL_STATUS_LEU_B(1.1).R">
          <Name xml:lang="en" xmlns="http://www.sdmx.org/resources/sdmxml/schemas/v2_1/common">Legal unit removed from population</Name>
        </Code>
        <Code id="W" urn="urn:sdmx:org.sdmx.infomodel.codelist.Code=ESTAT:CL_STATUS_LEU_B(1.1).W">
          <Name xml:lang="en" xmlns="http://www.sdmx.org/resources/sdmxml/schemas/v2_1/common">Legal units without coverage</Name>
        </Code>
      </Codelist>
      <Codelist id="CL_TYPE_OF_LEGAL_UNIT" urn="urn:sdmx:org.sdmx.infomodel.codelist.Codelist=ESTAT:CL_TYPE_OF_LEGAL_UNIT(1.0)" agencyID="ESTAT" version="1.0" isFinal="true">
        <Name xml:lang="en" xmlns="http://www.sdmx.org/resources/sdmxml/schemas/v2_1/common">The typ of the Legal unit in the EGR.</Name>
        <Code id="B" urn="urn:sdmx:org.sdmx.infomodel.codelist.Code=ESTAT:CL_TYPE_OF_LEGAL_UNIT(1.0).B">
          <Name xml:lang="en" xmlns="http://www.sdmx.org/resources/sdmxml/schemas/v2_1/common">Branch</Name>
        </Code>
      </Codelist>
    </Codelists>
    <Concepts xmlns="http://www.sdmx.org/resources/sdmxml/schemas/v2_1/structure">
      <ConceptScheme id="EGR_CONCEPTS" urn="urn:sdmx:org.sdmx.infomodel.conceptscheme.ConceptScheme=ESTAT:EGR_CONCEPTS(1.2)" agencyID="ESTAT" version="1.2" isFinal="true">
        <Name xml:lang="en" xmlns="http://www.sdmx.org/resources/sdmxml/schemas/v2_1/common">EGR_CONCEPTS</Name>
        <Concept id="ACTION_INDICATOR" urn="urn:sdmx:org.sdmx.infomodel.conceptscheme.Concept=ESTAT:EGR_CONCEPTS(1.2).ACTION_INDICATOR">
          <Name xml:lang="en" xmlns="http://www.sdmx.org/resources/sdmxml/schemas/v2_1/common">Code for the action to be undertaken.</Name>
          <CoreRepresentation>
            <TextFormat textType="String" maxLength="1" />
          </CoreRepresentation>
        </Concept>
        <Concept id="BVD_ID" urn="urn:sdmx:org.sdmx.infomodel.conceptscheme.Concept=ESTAT:EGR_CONCEPTS(1.2).BVD_ID">
          <Name xml:lang="en" xmlns="http://www.sdmx.org/resources/sdmxml/schemas/v2_1/common">ID number of a legal unit created by BvD. The usual structure is ISO country code + national ID number.</Name>
          <CoreRepresentation>
            <TextFormat textType="String" maxLength="25" />
          </CoreRepresentation>
        </Concept>
        <Concept id="CHANGE_INDICATOR" urn="urn:sdmx:org.sdmx.infomodel.conceptscheme.Concept=ESTAT:EGR_CONCEPTS(1.2).CHANGE_INDICATOR">
          <Name xml:lang="en" xmlns="http://www.sdmx.org/resources/sdmxml/schemas/v2_1/common">Variable that indicates that the record was changed by a NSI or not. (Not yet applicable.)</Name>
          <CoreRepresentation>
            <TextFormat textType="String" maxLength="1" />
          </CoreRepresentation>
        </Concept>
        <Concept id="CITY_NAME" urn="urn:sdmx:org.sdmx.infomodel.conceptscheme.Concept=ESTAT:EGR_CONCEPTS(1.2).CITY_NAME">
          <Name xml:lang="en" xmlns="http://www.sdmx.org/resources/sdmxml/schemas/v2_1/common">Name of the city within the address of a legal unit.</Name>
          <CoreRepresentation>
            <TextFormat textType="String" maxLength="75" />
          </CoreRepresentation>
        </Concept>
        <Concept id="CONF_IND_NACE" urn="urn:sdmx:org.sdmx.infomodel.conceptscheme.Concept=ESTAT:EGR_CONCEPTS(1.2).CONF_IND_NACE">
          <Name xml:lang="en" xmlns="http://www.sdmx.org/resources/sdmxml/schemas/v2_1/common">Indicator whether the NACE code of the legal unit is confidential or not.</Name>
          <CoreRepresentation>
            <TextFormat textType="String" maxLength="1" />
          </CoreRepresentation>
        </Concept>
        <Concept id="CONF_IND_PERSONS" urn="urn:sdmx:org.sdmx.infomodel.conceptscheme.Concept=ESTAT:EGR_CONCEPTS(1.2).CONF_IND_PERSONS">
          <Name xml:lang="en" xmlns="http://www.sdmx.org/resources/sdmxml/schemas/v2_1/common">Indicator whether the number of persons employed of the legal unit is confidential or not.</Name>
          <CoreRepresentation>
            <TextFormat textType="String" maxLength="1" />
          </CoreRepresentation>
        </Concept>
        <Concept id="CONF_IND_REL" urn="urn:sdmx:org.sdmx.infomodel.conceptscheme.Concept=ESTAT:EGR_CONCEPTS(1.2).CONF_IND_REL">
          <Name xml:lang="en" xmlns="http://www.sdmx.org/resources/sdmxml/schemas/v2_1/common">Variable that indicates that a relationship is confidential or not.</Name>
          <CoreRepresentation>
            <TextFormat textType="String" maxLength="1" />
          </CoreRepresentation>
        </Concept>
        <Concept id="COM_DATA_ID" urn="urn:sdmx:org.sdmx.infomodel.conceptscheme.Concept=ESTAT:EGR_CONCEPTS(1.2).COM_DATA_ID">
          <Name xml:lang="en" xmlns="http://www.sdmx.org/resources/sdmxml/schemas/v2_1/common">ID number of a record within a COM case.</Name>
          <CoreRepresentation>
            <TextFormat textType="Integer" minLength="1" maxLength="10" />
          </CoreRepresentation>
        </Concept>
        <Concept id="COM_DATA_SET_ID" urn="urn:sdmx:org.sdmx.infomodel.conceptscheme.Concept=ESTAT:EGR_CONCEPTS(1.2).COM_DATA_SET_ID">
          <Name xml:lang="en" xmlns="http://www.sdmx.org/resources/sdmxml/schemas/v2_1/common">ID number of COM data set. One data set is communicated to one NSI.</Name>
          <CoreRepresentation>
            <TextFormat textType="Integer" minLength="1" maxLength="9" />
          </CoreRepresentation>
        </Concept>
        <Concept id="CONF_IND_SPE" urn="urn:sdmx:org.sdmx.infomodel.conceptscheme.Concept=ESTAT:EGR_CONCEPTS(1.2).CONF_IND_SPE">
          <Name xml:lang="en" xmlns="http://www.sdmx.org/resources/sdmxml/schemas/v2_1/common">Indicator whether the SPE status of a legal unit is confidential or not.</Name>
          <CoreRepresentation>
            <TextFormat textType="String" maxLength="1" />
          </CoreRepresentation>
        </Concept>
        <Concept id="CONFIDENTIAL_LEU_IDENTITY" urn="urn:sdmx:org.sdmx.infomodel.conceptscheme.Concept=ESTAT:EGR_CONCEPTS(1.2).CONFIDENTIAL_LEU_IDENTITY">
          <Name xml:lang="en" xmlns="http://www.sdmx.org/resources/sdmxml/schemas/v2_1/common">Indicator whether the existence of a legal unit is confidential or not.</Name>
          <CoreRepresentation>
            <TextFormat textType="String" maxLength="6" />
          </CoreRepresentation>
        </Concept>
        <Concept id="CONF_IND_STATUS_LEU" urn="urn:sdmx:org.sdmx.infomodel.conceptscheme.Concept=ESTAT:EGR_CONCEPTS(1.2).CONF_IND_STATUS_LEU">
          <Name xml:lang="en" xmlns="http://www.sdmx.org/resources/sdmxml/schemas/v2_1/common">Indicator whether the status of the legal unit is confidential or not.</Name>
          <CoreRepresentation>
            <TextFormat textType="String" maxLength="1" />
          </CoreRepresentation>
        </Concept>
        <Concept id="CONS_PERSON_EMPLOYED" urn="urn:sdmx:org.sdmx.infomodel.conceptscheme.Concept=ESTAT:EGR_CONCEPTS(1.2).CONS_PERSON_EMPLOYED">
          <Name xml:lang="en" xmlns="http://www.sdmx.org/resources/sdmxml/schemas/v2_1/common">Variable that indicates that the employment figure is consolidated or unconsolidated.</Name>
          <CoreRepresentation>
            <TextFormat textType="String" maxLength="1" />
          </CoreRepresentation>
        </Concept>
        <Concept id="CONS_REL_ID" urn="urn:sdmx:org.sdmx.infomodel.conceptscheme.Concept=ESTAT:EGR_CONCEPTS(1.2).CONS_REL_ID">
          <Name xml:lang="en" xmlns="http://www.sdmx.org/resources/sdmxml/schemas/v2_1/common">Technical ID number of the consolidated relationship.</Name>
          <CoreRepresentation>
            <TextFormat textType="Integer" maxLength="10" />
          </CoreRepresentation>
        </Concept>
        <Concept id="CON_REL" urn="urn:sdmx:org.sdmx.infomodel.conceptscheme.Concept=ESTAT:EGR_CONCEPTS(1.2).CON_REL">
          <Name xml:lang="en" xmlns="http://www.sdmx.org/resources/sdmxml/schemas/v2_1/common">Variable that indicates that a relationship is confidential or not.</Name>
          <CoreRepresentation>
            <TextFormat textType="String" maxLength="1" />
          </CoreRepresentation>
        </Concept>
        <Concept id="COUNTRY_ACCESS_CODE" urn="urn:sdmx:org.sdmx.infomodel.conceptscheme.Concept=ESTAT:EGR_CONCEPTS(1.2).COUNTRY_ACCESS_CODE">
          <Name xml:lang="en" xmlns="http://www.sdmx.org/resources/sdmxml/schemas/v2_1/common">Telephone access code of the telephone number of a legal unit.</Name>
          <CoreRepresentation>
            <TextFormat textType="String" maxLength="5" />
          </CoreRepresentation>
        </Concept>
        <Concept id="COUNTRY_CODE_BOP" urn="urn:sdmx:org.sdmx.infomodel.conceptscheme.Concept=ESTAT:EGR_CONCEPTS(1.2).COUNTRY_CODE_BOP">
          <Name xml:lang="en" xmlns="http://www.sdmx.org/resources/sdmxml/schemas/v2_1/common">ISO country code of a legal unit.</Name>
          <CoreRepresentation>
            <TextFormat textType="String" maxLength="2" />
          </CoreRepresentation>
        </Concept>
        <Concept id="DATE_CESSATION_REL" urn="urn:sdmx:org.sdmx.infomodel.conceptscheme.Concept=ESTAT:EGR_CONCEPTS(1.2).DATE_CESSATION_REL">
          <Name xml:lang="en" xmlns="http://www.sdmx.org/resources/sdmxml/schemas/v2_1/common">A date on which the relation between the legal unit and their parent ceased.</Name>
          <CoreRepresentation>
            <TextFormat textType="String" maxLength="10" />
          </CoreRepresentation>
        </Concept>
        <Concept id="DATE_COMM_REL" urn="urn:sdmx:org.sdmx.infomodel.conceptscheme.Concept=ESTAT:EGR_CONCEPTS(1.2).DATE_COMM_REL">
          <Name xml:lang="en" xmlns="http://www.sdmx.org/resources/sdmxml/schemas/v2_1/common">A date on which the relation between the legal unit and their parent started.</Name>
          <CoreRepresentation>
            <TextFormat textType="String" maxLength="10" />
          </CoreRepresentation>
        </Concept>
        <Concept id="DATE_OF_INCORPORATE" urn="urn:sdmx:org.sdmx.infomodel.conceptscheme.Concept=ESTAT:EGR_CONCEPTS(1.2).DATE_OF_INCORPORATE">
          <Name xml:lang="en" xmlns="http://www.sdmx.org/resources/sdmxml/schemas/v2_1/common">Date on which a legal person is officially recognised as a legal entity.</Name>
          <CoreRepresentation>
            <TextFormat textType="DateTime" pattern="(\d{2})\/(\d{2})\/(\d{4})" />
          </CoreRepresentation>
        </Concept>
        <Concept id="DATE_OF_LIQUIDATION" urn="urn:sdmx:org.sdmx.infomodel.conceptscheme.Concept=ESTAT:EGR_CONCEPTS(1.2).DATE_OF_LIQUIDATION">
          <Name xml:lang="en" xmlns="http://www.sdmx.org/resources/sdmxml/schemas/v2_1/common">Date on which a legal unit was liquidated.</Name>
          <CoreRepresentation>
            <TextFormat textType="DateTime" pattern="(\d{2})\/(\d{2})\/(\d{4})" />
          </CoreRepresentation>
        </Concept>
        <Concept id="DIFFERENCE_INDICATOR" urn="urn:sdmx:org.sdmx.infomodel.conceptscheme.Concept=ESTAT:EGR_CONCEPTS(1.2).DIFFERENCE_INDICATOR">
          <Name xml:lang="en" xmlns="http://www.sdmx.org/resources/sdmxml/schemas/v2_1/common">Variable that indicates that the communicated information is new, changed or unchanged.</Name>
          <CoreRepresentation>
            <TextFormat textType="String" maxLength="1" />
          </CoreRepresentation>
        </Concept>
        <Concept id="DUNS_NUMBER" urn="urn:sdmx:org.sdmx.infomodel.conceptscheme.Concept=ESTAT:EGR_CONCEPTS(1.2).DUNS_NUMBER">
          <Name xml:lang="en" xmlns="http://www.sdmx.org/resources/sdmxml/schemas/v2_1/common">ID number of a legal unit created by Dun and Bradstreet.</Name>
          <CoreRepresentation>
            <TextFormat textType="String" maxLength="14" />
          </CoreRepresentation>
        </Concept>
        <Concept id="EMAIL_ADDRESS" urn="urn:sdmx:org.sdmx.infomodel.conceptscheme.Concept=ESTAT:EGR_CONCEPTS(1.2).EMAIL_ADDRESS">
          <Name xml:lang="en" xmlns="http://www.sdmx.org/resources/sdmxml/schemas/v2_1/common">E-mail address of the legal unit.</Name>
          <CoreRepresentation>
            <TextFormat textType="String" maxLength="75" />
          </CoreRepresentation>
        </Concept>
        <Concept id="EU_LEU_ID" urn="urn:sdmx:org.sdmx.infomodel.conceptscheme.Concept=ESTAT:EGR_CONCEPTS(1.2).EU_LEU_ID">
          <Name xml:lang="en" xmlns="http://www.sdmx.org/resources/sdmxml/schemas/v2_1/common">Unique ID number of a legal unit created by EGR. (EGR ID number.)</Name>
          <CoreRepresentation>
            <TextFormat textType="Integer" minLength="1" maxLength="10" />
          </CoreRepresentation>
        </Concept>
        <Concept id="FAX_NUMBER" urn="urn:sdmx:org.sdmx.infomodel.conceptscheme.Concept=ESTAT:EGR_CONCEPTS(1.2).FAX_NUMBER">
          <Name xml:lang="en" xmlns="http://www.sdmx.org/resources/sdmxml/schemas/v2_1/common">Fax number of a legal unit.</Name>
          <CoreRepresentation>
            <TextFormat textType="String" maxLength="16" />
          </CoreRepresentation>
        </Concept>
        <Concept id="FRAME_REFERENCE_DATE" urn="urn:sdmx:org.sdmx.infomodel.conceptscheme.Concept=ESTAT:EGR_CONCEPTS(1.2).FRAME_REFERENCE_DATE">
          <Name xml:lang="en" xmlns="http://www.sdmx.org/resources/sdmxml/schemas/v2_1/common">Time stamp of the information stored in the data set.</Name>
          <CoreRepresentation>
            <TextFormat textType="DateTime" pattern="(\d{2})\/(\d{2})\/(\d{4})" />
          </CoreRepresentation>
        </Concept>
        <Concept id="GGH_EU_LEU_ID" urn="urn:sdmx:org.sdmx.infomodel.conceptscheme.Concept=ESTAT:EGR_CONCEPTS(1.2).GGH_EU_LEU_ID">
          <Name xml:lang="en" xmlns="http://www.sdmx.org/resources/sdmxml/schemas/v2_1/common">ID number of the group head of the MNE to which a legal unit belong.</Name>
          <CoreRepresentation>
            <TextFormat textType="Integer" maxLength="10" />
          </CoreRepresentation>
        </Concept>
        <Concept id="GLOBAL_LEVEL" urn="urn:sdmx:org.sdmx.infomodel.conceptscheme.Concept=ESTAT:EGR_CONCEPTS(1.2).GLOBAL_LEVEL">
          <Name xml:lang="en" xmlns="http://www.sdmx.org/resources/sdmxml/schemas/v2_1/common">The position of a legal unit in the tree structure of an MNE. (Group head = 0, direct subsidiaries = 1, etc.)</Name>
          <CoreRepresentation>
            <TextFormat textType="Integer" maxLength="2" />
          </CoreRepresentation>
        </Concept>
        <Concept id="GLOBAL_ULTIMATE_BVD" urn="urn:sdmx:org.sdmx.infomodel.conceptscheme.Concept=ESTAT:EGR_CONCEPTS(1.2).GLOBAL_ULTIMATE_BVD">
          <Name xml:lang="en" xmlns="http://www.sdmx.org/resources/sdmxml/schemas/v2_1/common">BvD ID number of the group head of the MNE to which a legal unit belongs.</Name>
          <CoreRepresentation>
            <TextFormat textType="String" maxLength="25" />
          </CoreRepresentation>
        </Concept>
        <Concept id="GLOBAL_ULTIMATE_DUNS" urn="urn:sdmx:org.sdmx.infomodel.conceptscheme.Concept=ESTAT:EGR_CONCEPTS(1.2).GLOBAL_ULTIMATE_DUNS">
          <Name xml:lang="en" xmlns="http://www.sdmx.org/resources/sdmxml/schemas/v2_1/common">DandB ID number of the group head of the MNE to which a legal unit belongs.</Name>
          <CoreRepresentation>
            <TextFormat textType="String" maxLength="9" />
          </CoreRepresentation>
        </Concept>
        <Concept id="KIND_OF_CONTROL" urn="urn:sdmx:org.sdmx.infomodel.conceptscheme.Concept=ESTAT:EGR_CONCEPTS(1.2).KIND_OF_CONTROL">
          <Name xml:lang="en" xmlns="http://www.sdmx.org/resources/sdmxml/schemas/v2_1/common">Indicator that gives information about the form of control.</Name>
          <CoreRepresentation>
            <TextFormat textType="String" maxLength="1" />
          </CoreRepresentation>
        </Concept>
        <Concept id="KIND_OF_LINK" urn="urn:sdmx:org.sdmx.infomodel.conceptscheme.Concept=ESTAT:EGR_CONCEPTS(1.2).KIND_OF_LINK">
          <Name xml:lang="en" xmlns="http://www.sdmx.org/resources/sdmxml/schemas/v2_1/common">Code that identifies that on which basis were linked two records of the two sources.</Name>
          <CoreRepresentation>
            <TextFormat textType="String" maxLength="1" />
          </CoreRepresentation>
        </Concept>
        <Concept id="LEGAL_FORM_EGR" urn="urn:sdmx:org.sdmx.infomodel.conceptscheme.Concept=ESTAT:EGR_CONCEPTS(1.2).LEGAL_FORM_EGR">
          <Name xml:lang="en" xmlns="http://www.sdmx.org/resources/sdmxml/schemas/v2_1/common">Legal form of a legal unit according to the EGR legal form classification.</Name>
          <CoreRepresentation>
            <TextFormat textType="String" maxLength="3" />
          </CoreRepresentation>
        </Concept>
        <Concept id="LINK_NAME_LEGAL_UNIT" urn="urn:sdmx:org.sdmx.infomodel.conceptscheme.Concept=ESTAT:EGR_CONCEPTS(1.2).LINK_NAME_LEGAL_UNIT">
          <Name xml:lang="en" xmlns="http://www.sdmx.org/resources/sdmxml/schemas/v2_1/common">The transformed name of a legal unit. This is the basis of the linking on names.</Name>
          <CoreRepresentation>
            <TextFormat textType="String" maxLength="21" />
          </CoreRepresentation>
        </Concept>
        <Concept id="LINK_NATIONAL_ID" urn="urn:sdmx:org.sdmx.infomodel.conceptscheme.Concept=ESTAT:EGR_CONCEPTS(1.2).LINK_NATIONAL_ID">
          <Name xml:lang="en" xmlns="http://www.sdmx.org/resources/sdmxml/schemas/v2_1/common">The transformed national ID number of a legal unit. This is the basis of the linking on national IDs.</Name>
          <CoreRepresentation>
            <TextFormat textType="String" maxLength="25" />
          </CoreRepresentation>
        </Concept>
        <Concept id="NACE_CODE" urn="urn:sdmx:org.sdmx.infomodel.conceptscheme.Concept=ESTAT:EGR_CONCEPTS(1.2).NACE_CODE">
          <Name xml:lang="en" xmlns="http://www.sdmx.org/resources/sdmxml/schemas/v2_1/common">NACE Rev. 1.1 main activity code of a legal unit defined by EGR.</Name>
          <CoreRepresentation>
            <TextFormat textType="String" maxLength="4" />
          </CoreRepresentation>
        </Concept>
        <Concept id="NAME_LEGAL_UNIT" urn="urn:sdmx:org.sdmx.infomodel.conceptscheme.Concept=ESTAT:EGR_CONCEPTS(1.2).NAME_LEGAL_UNIT">
          <Name xml:lang="en" xmlns="http://www.sdmx.org/resources/sdmxml/schemas/v2_1/common">The official name of a legal unit.</Name>
          <CoreRepresentation>
            <TextFormat textType="String" maxLength="180" />
          </CoreRepresentation>
        </Concept>
        <Concept id="NATIONAL_ID_1" urn="urn:sdmx:org.sdmx.infomodel.conceptscheme.Concept=ESTAT:EGR_CONCEPTS(1.2).NATIONAL_ID_1">
          <Name xml:lang="en" xmlns="http://www.sdmx.org/resources/sdmxml/schemas/v2_1/common">First additional national ID of a legal unit.</Name>
          <CoreRepresentation>
            <TextFormat textType="String" maxLength="25" />
          </CoreRepresentation>
        </Concept>
        <Concept id="NATIONAL_ID_2" urn="urn:sdmx:org.sdmx.infomodel.conceptscheme.Concept=ESTAT:EGR_CONCEPTS(1.2).NATIONAL_ID_2">
          <Name xml:lang="en" xmlns="http://www.sdmx.org/resources/sdmxml/schemas/v2_1/common">Second additional national ID of a legal unit.</Name>
          <CoreRepresentation>
            <TextFormat textType="String" maxLength="25" />
          </CoreRepresentation>
        </Concept>
        <Concept id="NATIONAL_ID_3" urn="urn:sdmx:org.sdmx.infomodel.conceptscheme.Concept=ESTAT:EGR_CONCEPTS(1.2).NATIONAL_ID_3">
          <Name xml:lang="en" xmlns="http://www.sdmx.org/resources/sdmxml/schemas/v2_1/common">Third additional national ID of a legal unit.</Name>
          <CoreRepresentation>
            <TextFormat textType="String" maxLength="25" />
          </CoreRepresentation>
        </Concept>
        <Concept id="NATIONAL_ID_NSI" urn="urn:sdmx:org.sdmx.infomodel.conceptscheme.Concept=ESTAT:EGR_CONCEPTS(1.2).NATIONAL_ID_NSI">
          <Name xml:lang="en" xmlns="http://www.sdmx.org/resources/sdmxml/schemas/v2_1/common">National ID number of a legal unit provided by a NSI.</Name>
          <CoreRepresentation>
            <TextFormat textType="String" maxLength="25" />
          </CoreRepresentation>
        </Concept>
        <Concept id="NIS_CODE_EGR" urn="urn:sdmx:org.sdmx.infomodel.conceptscheme.Concept=ESTAT:EGR_CONCEPTS(1.2).NIS_CODE_EGR">
          <Name xml:lang="en" xmlns="http://www.sdmx.org/resources/sdmxml/schemas/v2_1/common">Code of the register which applies the national ID for linking (LINK_NATIONAL_ID).</Name>
          <CoreRepresentation>
            <TextFormat textType="String" maxLength="5" />
          </CoreRepresentation>
        </Concept>
        <Concept id="NIS_CODE_EGR_1" urn="urn:sdmx:org.sdmx.infomodel.conceptscheme.Concept=ESTAT:EGR_CONCEPTS(1.2).NIS_CODE_EGR_1">
          <Name xml:lang="en" xmlns="http://www.sdmx.org/resources/sdmxml/schemas/v2_1/common">Code of the register which applies the first additional national ID.</Name>
          <CoreRepresentation>
            <TextFormat textType="String" maxLength="5" />
          </CoreRepresentation>
        </Concept>
        <Concept id="NIS_CODE_EGR_2" urn="urn:sdmx:org.sdmx.infomodel.conceptscheme.Concept=ESTAT:EGR_CONCEPTS(1.2).NIS_CODE_EGR_2">
          <Name xml:lang="en" xmlns="http://www.sdmx.org/resources/sdmxml/schemas/v2_1/common">Code of the register which applies the second additional national ID.</Name>
          <CoreRepresentation>
            <TextFormat textType="String" maxLength="5" />
          </CoreRepresentation>
        </Concept>
        <Concept id="NIS_CODE_EGR_3" urn="urn:sdmx:org.sdmx.infomodel.conceptscheme.Concept=ESTAT:EGR_CONCEPTS(1.2).NIS_CODE_EGR_3">
          <Name xml:lang="en" xmlns="http://www.sdmx.org/resources/sdmxml/schemas/v2_1/common">Code of the register which applies the third additional national ID.</Name>
          <CoreRepresentation>
            <TextFormat textType="String" maxLength="5" />
          </CoreRepresentation>
        </Concept>
        <Concept id="NIS_CODE_EGR_NSI" urn="urn:sdmx:org.sdmx.infomodel.conceptscheme.Concept=ESTAT:EGR_CONCEPTS(1.2).NIS_CODE_EGR_NSI">
          <Name xml:lang="en" xmlns="http://www.sdmx.org/resources/sdmxml/schemas/v2_1/common">Code of the register which applies the national ID provided by a NSI (NATIONAL_ID_NSI).</Name>
          <CoreRepresentation>
            <TextFormat textType="String" maxLength="5" />
          </CoreRepresentation>
        </Concept>
        <Concept id="NSA_ID" urn="urn:sdmx:org.sdmx.infomodel.conceptscheme.Concept=ESTAT:EGR_CONCEPTS(1.2).NSA_ID">
          <Name xml:lang="en" xmlns="http://www.sdmx.org/resources/sdmxml/schemas/v2_1/common">ID number of a legal unit in the business register of a NSI.</Name>
          <CoreRepresentation>
            <TextFormat textType="String" maxLength="25" />
          </CoreRepresentation>
        </Concept>
        <Concept id="NSI" urn="urn:sdmx:org.sdmx.infomodel.conceptscheme.Concept=ESTAT:EGR_CONCEPTS(1.2).NSI">
          <Name xml:lang="en" xmlns="http://www.sdmx.org/resources/sdmxml/schemas/v2_1/common">Code of the NSI where the data set will be communicated.</Name>
          <CoreRepresentation>
            <TextFormat textType="String" maxLength="6" />
          </CoreRepresentation>
        </Concept>
        <Concept id="NUMBER_PERS_EMPLOYED" urn="urn:sdmx:org.sdmx.infomodel.conceptscheme.Concept=ESTAT:EGR_CONCEPTS(1.2).NUMBER_PERS_EMPLOYED">
          <Name xml:lang="en" xmlns="http://www.sdmx.org/resources/sdmxml/schemas/v2_1/common">Number of persons emloyed of a legal unit defined by EGR.</Name>
          <CoreRepresentation>
            <TextFormat textType="Integer" maxLength="7" />
          </CoreRepresentation>
        </Concept>
        <Concept id="PERCENTAGE" urn="urn:sdmx:org.sdmx.infomodel.conceptscheme.Concept=ESTAT:EGR_CONCEPTS(1.2).PERCENTAGE">
          <Name xml:lang="en" xmlns="http://www.sdmx.org/resources/sdmxml/schemas/v2_1/common">The direct percentage of an ownership relation. It represents the relative amount of shares.</Name>
          <CoreRepresentation>
            <TextFormat textType="Decimal" maxLength="6" decimals="2" />
          </CoreRepresentation>
        </Concept>
        <Concept id="POSTAL_CODE" urn="urn:sdmx:org.sdmx.infomodel.conceptscheme.Concept=ESTAT:EGR_CONCEPTS(1.2).POSTAL_CODE">
          <Name xml:lang="en" xmlns="http://www.sdmx.org/resources/sdmxml/schemas/v2_1/common">Postal identification number within the address of a legal unit.</Name>
          <CoreRepresentation>
            <TextFormat textType="String" maxLength="14" />
          </CoreRepresentation>
        </Concept>
        <Concept id="POST_DELIVERY_POINT" urn="urn:sdmx:org.sdmx.infomodel.conceptscheme.Concept=ESTAT:EGR_CONCEPTS(1.2).POST_DELIVERY_POINT">
          <Name xml:lang="en" xmlns="http://www.sdmx.org/resources/sdmxml/schemas/v2_1/common">Postal address of a legal unit.</Name>
          <CoreRepresentation>
            <TextFormat textType="String" maxLength="300" />
          </CoreRepresentation>
        </Concept>
        <Concept id="P_EU_LEU_ID" urn="urn:sdmx:org.sdmx.infomodel.conceptscheme.Concept=ESTAT:EGR_CONCEPTS(1.2).P_EU_LEU_ID">
          <Name xml:lang="en" xmlns="http://www.sdmx.org/resources/sdmxml/schemas/v2_1/common">ID number (EU_LEU_ID) of the parent company of a legal unit.</Name>
          <CoreRepresentation>
            <TextFormat textType="Integer" maxLength="10" />
          </CoreRepresentation>
        </Concept>
        <Concept id="P_NSA_ID" urn="urn:sdmx:org.sdmx.infomodel.conceptscheme.Concept=ESTAT:EGR_CONCEPTS(1.2).P_NSA_ID">
          <Name xml:lang="en" xmlns="http://www.sdmx.org/resources/sdmxml/schemas/v2_1/common">ID number of the parent company in the business register of a NSI.</Name>
          <CoreRepresentation>
            <TextFormat textType="String" maxLength="25" />
          </CoreRepresentation>
        </Concept>
        <Concept id="QUALITY_INDICATOR_REL" urn="urn:sdmx:org.sdmx.infomodel.conceptscheme.Concept=ESTAT:EGR_CONCEPTS(1.2).QUALITY_INDICATOR_REL">
          <Name xml:lang="en" xmlns="http://www.sdmx.org/resources/sdmxml/schemas/v2_1/common">Variable that indicates the quality of a relationship. (Not yet applicable.)</Name>
          <CoreRepresentation>
            <TextFormat textType="String" maxLength="1" />
          </CoreRepresentation>
        </Concept>
        <Concept id="QUALITY_LINK_NAT_ID" urn="urn:sdmx:org.sdmx.infomodel.conceptscheme.Concept=ESTAT:EGR_CONCEPTS(1.2).QUALITY_LINK_NAT_ID">
          <Name xml:lang="en" xmlns="http://www.sdmx.org/resources/sdmxml/schemas/v2_1/common">Value for quality of an EGR link provided by a NSI.</Name>
          <CoreRepresentation>
            <TextFormat textType="String" maxLength="1" />
          </CoreRepresentation>
        </Concept>
        <Concept id="REF_DATE_CHECK_LINK" urn="urn:sdmx:org.sdmx.infomodel.conceptscheme.Concept=ESTAT:EGR_CONCEPTS(1.2).REF_DATE_CHECK_LINK">
          <Name xml:lang="en" xmlns="http://www.sdmx.org/resources/sdmxml/schemas/v2_1/common">Timestamp which indicates the date of checking a record by a NSI.</Name>
          <CoreRepresentation>
            <TextFormat textType="DateTime" pattern="(\d{2})\/(\d{2})\/(\d{4})" />
          </CoreRepresentation>
        </Concept>
        <Concept id="REF_DATE_DATE_INCORP" urn="urn:sdmx:org.sdmx.infomodel.conceptscheme.Concept=ESTAT:EGR_CONCEPTS(1.2).REF_DATE_DATE_INCORP">
          <Name xml:lang="en" xmlns="http://www.sdmx.org/resources/sdmxml/schemas/v2_1/common">Timestamp of the date of incorporation of a legal unit.</Name>
          <CoreRepresentation>
            <TextFormat textType="DateTime" pattern="(\d{2})\/(\d{2})\/(\d{4})" />
          </CoreRepresentation>
        </Concept>
        <Concept id="REF_DATE_DATE_OF_LIQ" urn="urn:sdmx:org.sdmx.infomodel.conceptscheme.Concept=ESTAT:EGR_CONCEPTS(1.2).REF_DATE_DATE_OF_LIQ">
          <Name xml:lang="en" xmlns="http://www.sdmx.org/resources/sdmxml/schemas/v2_1/common">Timestamp of the date of liquidation of a legal unit.</Name>
          <CoreRepresentation>
            <TextFormat textType="DateTime" pattern="(\d{2})\/(\d{2})\/(\d{4})" />
          </CoreRepresentation>
        </Concept>
        <Concept id="REF_DATE_EMAIL_ADDRESS" urn="urn:sdmx:org.sdmx.infomodel.conceptscheme.Concept=ESTAT:EGR_CONCEPTS(1.2).REF_DATE_EMAIL_ADDRESS">
          <Name xml:lang="en" xmlns="http://www.sdmx.org/resources/sdmxml/schemas/v2_1/common">Timestamp of the e-mail address of a legal unit.</Name>
          <CoreRepresentation>
            <TextFormat textType="DateTime" pattern="(\d{2})\/(\d{2})\/(\d{4})" />
          </CoreRepresentation>
        </Concept>
        <Concept id="REF_DATE_LEGAL_FORM" urn="urn:sdmx:org.sdmx.infomodel.conceptscheme.Concept=ESTAT:EGR_CONCEPTS(1.2).REF_DATE_LEGAL_FORM">
          <Name xml:lang="en" xmlns="http://www.sdmx.org/resources/sdmxml/schemas/v2_1/common">Timestamp of the legal form code of a legal unit.</Name>
          <CoreRepresentation>
            <TextFormat textType="DateTime" pattern="(\d{2})\/(\d{2})\/(\d{4})" />
          </CoreRepresentation>
        </Concept>
        <Concept id="REF_DATE_LEU_IDENTITY" urn="urn:sdmx:org.sdmx.infomodel.conceptscheme.Concept=ESTAT:EGR_CONCEPTS(1.2).REF_DATE_LEU_IDENTITY">
          <Name xml:lang="en" xmlns="http://www.sdmx.org/resources/sdmxml/schemas/v2_1/common">Timestamp of the CONFIDENTIAL_LEU_IDENTITY.</Name>
          <CoreRepresentation>
            <TextFormat textType="DateTime" pattern="(\d{2})\/(\d{2})\/(\d{4})" />
          </CoreRepresentation>
        </Concept>
        <Concept id="REF_DATE_NACE" urn="urn:sdmx:org.sdmx.infomodel.conceptscheme.Concept=ESTAT:EGR_CONCEPTS(1.2).REF_DATE_NACE">
          <Name xml:lang="en" xmlns="http://www.sdmx.org/resources/sdmxml/schemas/v2_1/common">Timestamp of the main activity code of a legal unit.</Name>
          <CoreRepresentation>
            <TextFormat textType="DateTime" pattern="(\d{2})\/(\d{2})\/(\d{4})" />
          </CoreRepresentation>
        </Concept>
        <Concept id="REF_DATE_PERS_EMPLOYED" urn="urn:sdmx:org.sdmx.infomodel.conceptscheme.Concept=ESTAT:EGR_CONCEPTS(1.2).REF_DATE_PERS_EMPLOYED">
          <Name xml:lang="en" xmlns="http://www.sdmx.org/resources/sdmxml/schemas/v2_1/common">Timestamp of the variable on persons employed of a legal units.</Name>
          <CoreRepresentation>
            <TextFormat textType="DateTime" pattern="(\d{2})\/(\d{2})\/(\d{4})" />
          </CoreRepresentation>
        </Concept>
        <Concept id="REF_DATE_RELATIONSHIP" urn="urn:sdmx:org.sdmx.infomodel.conceptscheme.Concept=ESTAT:EGR_CONCEPTS(1.2).REF_DATE_RELATIONSHIP">
          <Name xml:lang="en" xmlns="http://www.sdmx.org/resources/sdmxml/schemas/v2_1/common">Timestamp of the relationship between two legal units.</Name>
          <CoreRepresentation>
            <TextFormat textType="String" maxLength="10" />
          </CoreRepresentation>
        </Concept>
        <Concept id="REF_DATE_SPE_CODE" urn="urn:sdmx:org.sdmx.infomodel.conceptscheme.Concept=ESTAT:EGR_CONCEPTS(1.2).REF_DATE_SPE_CODE">
          <Name xml:lang="en" xmlns="http://www.sdmx.org/resources/sdmxml/schemas/v2_1/common">Timestamp of the variable whether a legal unit is SPE or not.</Name>
          <CoreRepresentation>
            <TextFormat textType="DateTime" pattern="(\d{2})\/(\d{2})\/(\d{4})" />
          </CoreRepresentation>
        </Concept>
        <Concept id="REF_DATE_STATUS_LEU" urn="urn:sdmx:org.sdmx.infomodel.conceptscheme.Concept=ESTAT:EGR_CONCEPTS(1.2).REF_DATE_STATUS_LEU">
          <Name xml:lang="en" xmlns="http://www.sdmx.org/resources/sdmxml/schemas/v2_1/common">Timestamp of the status of a legal unit.</Name>
          <CoreRepresentation>
            <TextFormat textType="DateTime" pattern="(\d{2})\/(\d{2})\/(\d{4})" />
          </CoreRepresentation>
        </Concept>
        <Concept id="REF_DATE_TYPE_OF_LEU" urn="urn:sdmx:org.sdmx.infomodel.conceptscheme.Concept=ESTAT:EGR_CONCEPTS(1.2).REF_DATE_TYPE_OF_LEU">
          <Name xml:lang="en" xmlns="http://www.sdmx.org/resources/sdmxml/schemas/v2_1/common">Timestamp of the type of a legal unit.</Name>
          <CoreRepresentation>
            <TextFormat textType="DateTime" pattern="(\d{2})\/(\d{2})\/(\d{4})" />
          </CoreRepresentation>
        </Concept>
        <Concept id="REF_DATE_WEB_ADDRESS" urn="urn:sdmx:org.sdmx.infomodel.conceptscheme.Concept=ESTAT:EGR_CONCEPTS(1.2).REF_DATE_WEB_ADDRESS">
          <Name xml:lang="en" xmlns="http://www.sdmx.org/resources/sdmxml/schemas/v2_1/common">Timestamp of the web address of a legal unit.</Name>
          <CoreRepresentation>
            <TextFormat textType="DateTime" pattern="(\d{2})\/(\d{2})\/(\d{4})" />
          </CoreRepresentation>
        </Concept>
        <Concept id="SOURCE_CODE_NACE" urn="urn:sdmx:org.sdmx.infomodel.conceptscheme.Concept=ESTAT:EGR_CONCEPTS(1.2).SOURCE_CODE_NACE">
          <Name xml:lang="en" xmlns="http://www.sdmx.org/resources/sdmxml/schemas/v2_1/common">Code which indicates the source of the main activity code of a legal unit.</Name>
          <CoreRepresentation>
            <TextFormat textType="String" maxLength="6" />
          </CoreRepresentation>
        </Concept>
        <Concept id="SOURCE_CODE_PERS_EMPL" urn="urn:sdmx:org.sdmx.infomodel.conceptscheme.Concept=ESTAT:EGR_CONCEPTS(1.2).SOURCE_CODE_PERS_EMPL">
          <Name xml:lang="en" xmlns="http://www.sdmx.org/resources/sdmxml/schemas/v2_1/common">Code which indicates the source of the persons employed value of a legal unit.</Name>
          <CoreRepresentation>
            <TextFormat textType="String" maxLength="6" />
          </CoreRepresentation>
        </Concept>
        <Concept id="SOURCE_CODE_RELATIONSHIP" urn="urn:sdmx:org.sdmx.infomodel.conceptscheme.Concept=ESTAT:EGR_CONCEPTS(1.2).SOURCE_CODE_RELATIONSHIP">
          <Name xml:lang="en" xmlns="http://www.sdmx.org/resources/sdmxml/schemas/v2_1/common">Code which indicates the source of a relationship between two legal units.</Name>
          <CoreRepresentation>
            <TextFormat textType="String" maxLength="6" />
          </CoreRepresentation>
        </Concept>
        <Concept id="SOURCE_CODE_SPE" urn="urn:sdmx:org.sdmx.infomodel.conceptscheme.Concept=ESTAT:EGR_CONCEPTS(1.2).SOURCE_CODE_SPE">
          <Name xml:lang="en" xmlns="http://www.sdmx.org/resources/sdmxml/schemas/v2_1/common">Code which indicates the source of the SPE status of a legal units.</Name>
          <CoreRepresentation>
            <TextFormat textType="String" maxLength="6" />
          </CoreRepresentation>
        </Concept>
        <Concept id="SOURCE_CODE_STATUS_LEU" urn="urn:sdmx:org.sdmx.infomodel.conceptscheme.Concept=ESTAT:EGR_CONCEPTS(1.2).SOURCE_CODE_STATUS_LEU">
          <Name xml:lang="en" xmlns="http://www.sdmx.org/resources/sdmxml/schemas/v2_1/common">Code which indicates the source of status of the legal unit.</Name>
          <CoreRepresentation>
            <TextFormat textType="String" maxLength="6" />
          </CoreRepresentation>
        </Concept>
        <Concept id="SOURCE_CODE_TYPE_LEU" urn="urn:sdmx:org.sdmx.infomodel.conceptscheme.Concept=ESTAT:EGR_CONCEPTS(1.2).SOURCE_CODE_TYPE_LEU">
          <Name xml:lang="en" xmlns="http://www.sdmx.org/resources/sdmxml/schemas/v2_1/common">Code which indicates the source of the type of the legal unit.</Name>
          <CoreRepresentation>
            <TextFormat textType="String" maxLength="6" />
          </CoreRepresentation>
        </Concept>
        <Concept id="SOURCE_DATE_OF_INCORP" urn="urn:sdmx:org.sdmx.infomodel.conceptscheme.Concept=ESTAT:EGR_CONCEPTS(1.2).SOURCE_DATE_OF_INCORP">
          <Name xml:lang="en" xmlns="http://www.sdmx.org/resources/sdmxml/schemas/v2_1/common">Code which indicates the source of the date of incorporation of a legal unit.</Name>
          <CoreRepresentation>
            <TextFormat textType="String" maxLength="6" />
          </CoreRepresentation>
        </Concept>
        <Concept id="SOURCE_DATE_OF_LIQ" urn="urn:sdmx:org.sdmx.infomodel.conceptscheme.Concept=ESTAT:EGR_CONCEPTS(1.2).SOURCE_DATE_OF_LIQ">
          <Name xml:lang="en" xmlns="http://www.sdmx.org/resources/sdmxml/schemas/v2_1/common">Code which indicates the source of date of liquidation.</Name>
          <CoreRepresentation>
            <TextFormat textType="String" maxLength="6" />
          </CoreRepresentation>
        </Concept>
        <Concept id="SOURCE_IDENTITY" urn="urn:sdmx:org.sdmx.infomodel.conceptscheme.Concept=ESTAT:EGR_CONCEPTS(1.2).SOURCE_IDENTITY">
          <Name xml:lang="en" xmlns="http://www.sdmx.org/resources/sdmxml/schemas/v2_1/common">Code which indicates the source of the CONFIDENTIAL_LEU_IDENTITY.</Name>
          <CoreRepresentation>
            <TextFormat textType="String" maxLength="6" />
          </CoreRepresentation>
        </Concept>
        <Concept id="SOURCE_LEGAL_FORM" urn="urn:sdmx:org.sdmx.infomodel.conceptscheme.Concept=ESTAT:EGR_CONCEPTS(1.2).SOURCE_LEGAL_FORM">
          <Name xml:lang="en" xmlns="http://www.sdmx.org/resources/sdmxml/schemas/v2_1/common">Code which indicates the source of legal form of a legal unit.</Name>
          <CoreRepresentation>
            <TextFormat textType="String" maxLength="6" />
          </CoreRepresentation>
        </Concept>
        <Concept id="SPECIAL_PURP_ENTITY_CODE" urn="urn:sdmx:org.sdmx.infomodel.conceptscheme.Concept=ESTAT:EGR_CONCEPTS(1.2).SPECIAL_PURP_ENTITY_CODE">
          <Name xml:lang="en" xmlns="http://www.sdmx.org/resources/sdmxml/schemas/v2_1/common">Variable that indicates that a legal unit is special purpose entity or not.</Name>
          <CoreRepresentation>
            <TextFormat textType="String" maxLength="2" />
          </CoreRepresentation>
        </Concept>
        <Concept id="STATE_NAME" urn="urn:sdmx:org.sdmx.infomodel.conceptscheme.Concept=ESTAT:EGR_CONCEPTS(1.2).STATE_NAME">
          <Name xml:lang="en" xmlns="http://www.sdmx.org/resources/sdmxml/schemas/v2_1/common">Name of the state within the address of a legal unit.</Name>
          <CoreRepresentation>
            <TextFormat textType="String" maxLength="64" />
          </CoreRepresentation>
        </Concept>
        <Concept id="STATUS_LEU" urn="urn:sdmx:org.sdmx.infomodel.conceptscheme.Concept=ESTAT:EGR_CONCEPTS(1.2).STATUS_LEU">
          <Name xml:lang="en" xmlns="http://www.sdmx.org/resources/sdmxml/schemas/v2_1/common">Variable that indicates the status of a legal unit. (Active, liquidated, dormant, etc.)</Name>
          <CoreRepresentation>
            <TextFormat textType="String" maxLength="1" />
          </CoreRepresentation>
        </Concept>
        <Concept id="STATUS_RELATIONSHIP" urn="urn:sdmx:org.sdmx.infomodel.conceptscheme.Concept=ESTAT:EGR_CONCEPTS(1.2).STATUS_RELATIONSHIP">
          <Name xml:lang="en" xmlns="http://www.sdmx.org/resources/sdmxml/schemas/v2_1/common">Variable that indicates the status of a relationship between two legal units. (Active, ceased, unknown, etc.)</Name>
          <CoreRepresentation>
            <TextFormat textType="String" maxLength="1" />
          </CoreRepresentation>
        </Concept>
        <Concept id="TELEPHONE_NUMBER" urn="urn:sdmx:org.sdmx.infomodel.conceptscheme.Concept=ESTAT:EGR_CONCEPTS(1.2).TELEPHONE_NUMBER">
          <Name xml:lang="en" xmlns="http://www.sdmx.org/resources/sdmxml/schemas/v2_1/common">Telephone number of a legal unit.</Name>
          <CoreRepresentation>
            <TextFormat textType="String" maxLength="16" />
          </CoreRepresentation>
        </Concept>
        <Concept id="TYPE_OF_LEGAL_UNIT" urn="urn:sdmx:org.sdmx.infomodel.conceptscheme.Concept=ESTAT:EGR_CONCEPTS(1.2).TYPE_OF_LEGAL_UNIT">
          <Name xml:lang="en" xmlns="http://www.sdmx.org/resources/sdmxml/schemas/v2_1/common">Indicator whether a legal unit is a branch or not.</Name>
          <CoreRepresentation>
            <TextFormat textType="String" maxLength="1" />
          </CoreRepresentation>
        </Concept>
        <Concept id="WEB_ADDRESS" urn="urn:sdmx:org.sdmx.infomodel.conceptscheme.Concept=ESTAT:EGR_CONCEPTS(1.2).WEB_ADDRESS">
          <Name xml:lang="en" xmlns="http://www.sdmx.org/resources/sdmxml/schemas/v2_1/common">Address on the world wide web of the internet site of a legal unit.</Name>
          <CoreRepresentation>
            <TextFormat textType="String" maxLength="100" />
          </CoreRepresentation>
        </Concept>
        <Concept id="OBS_VALUE" urn="urn:sdmx:org.sdmx.infomodel.conceptscheme.Concept=ESTAT:EGR_CONCEPTS(1.2).OBS_VALUE">
          <Name xml:lang="en" xmlns="http://www.sdmx.org/resources/sdmxml/schemas/v2_1/common">Observation Value</Name>
          <CoreRepresentation>
            <TextFormat textType="String" maxLength="11" />
          </CoreRepresentation>
        </Concept>
        <Concept id="DETAILS" urn="urn:sdmx:org.sdmx.infomodel.conceptscheme.Concept=ESTAT:EGR_CONCEPTS(1.2).DETAILS">
          <Name xml:lang="en" xmlns="http://www.sdmx.org/resources/sdmxml/schemas/v2_1/common">code for EGR variable</Name>
        </Concept>
        <Concept id="CONF_PERS_EMPL" urn="urn:sdmx:org.sdmx.infomodel.conceptscheme.Concept=ESTAT:EGR_CONCEPTS(1.2).CONF_PERS_EMPL">
          <Name xml:lang="en" xmlns="http://www.sdmx.org/resources/sdmxml/schemas/v2_1/common">Indicator whether the number of persons employed is confidential or not.</Name>
          <CoreRepresentation>
            <TextFormat textType="String" maxLength="1" />
          </CoreRepresentation>
        </Concept>
        <Concept id="NSI_CITY_NAME" urn="urn:sdmx:org.sdmx.infomodel.conceptscheme.Concept=ESTAT:EGR_CONCEPTS(1.2).NSI_CITY_NAME">
          <Name xml:lang="en" xmlns="http://www.sdmx.org/resources/sdmxml/schemas/v2_1/common">Name of the city within the address of a legal unit with national characters</Name>
          <CoreRepresentation>
            <TextFormat textType="String" maxLength="75" />
          </CoreRepresentation>
        </Concept>
        <Concept id="NSI_NAME_LEGAL_UNIT" urn="urn:sdmx:org.sdmx.infomodel.conceptscheme.Concept=ESTAT:EGR_CONCEPTS(1.2).NSI_NAME_LEGAL_UNIT">
          <Name xml:lang="en" xmlns="http://www.sdmx.org/resources/sdmxml/schemas/v2_1/common">The official name of a legal unit with national characters</Name>
          <CoreRepresentation>
            <TextFormat textType="String" maxLength="180" />
          </CoreRepresentation>
        </Concept>
        <Concept id="NSI_POST_DEL_LOC" urn="urn:sdmx:org.sdmx.infomodel.conceptscheme.Concept=ESTAT:EGR_CONCEPTS(1.2).NSI_POST_DEL_LOC">
          <Name xml:lang="en" xmlns="http://www.sdmx.org/resources/sdmxml/schemas/v2_1/common">Postal address of a legal unit with national characters</Name>
          <CoreRepresentation>
            <TextFormat textType="String" maxLength="300" />
          </CoreRepresentation>
        </Concept>
        <Concept id="CONF_IND_LEU_IDENTITY" urn="urn:sdmx:org.sdmx.infomodel.conceptscheme.Concept=ESTAT:EGR_CONCEPTS(1.2).CONF_IND_LEU_IDENTITY">
          <Name xml:lang="en" xmlns="http://www.sdmx.org/resources/sdmxml/schemas/v2_1/common">Indicator whether the name, address and legal form of a legal unit is confidential or not.</Name>
          <CoreRepresentation>
            <TextFormat textType="String" maxLength="6" />
          </CoreRepresentation>
        </Concept>
      </ConceptScheme>
    </Concepts>
    <DataStructures xmlns="http://www.sdmx.org/resources/sdmxml/schemas/v2_1/structure">
      <DataStructure id="EGR_1_TS" urn="urn:sdmx:org.sdmx.infomodel.datastructure.DataStructure=ESTAT:EGR_1_TS(1.4)" agencyID="ESTAT" version="1.4" isFinal="true">
        <Name xml:lang="en" xmlns="http://www.sdmx.org/resources/sdmxml/schemas/v2_1/common">EGROUT_LINK_A</Name>
        <DataStructureComponents>
          <DimensionList id="DimensionDescriptor" urn="urn:sdmx:org.sdmx.infomodel.datastructure.DimensionDescriptor=ESTAT:EGR_1_TS(1.4).DimensionDescriptor">
            <Dimension id="COM_DATA_ID" urn="urn:sdmx:org.sdmx.infomodel.datastructure.Dimension=ESTAT:EGR_1_TS(1.4).COM_DATA_ID" position="1">
              <ConceptIdentity>
                <Ref id="COM_DATA_ID" maintainableParentID="EGR_CONCEPTS" maintainableParentVersion="1.2" agencyID="ESTAT" package="conceptscheme" class="Concept" xmlns="" />
              </ConceptIdentity>
            </Dimension>
          </DimensionList>
          <AttributeList id="AttributeDescriptor" urn="urn:sdmx:org.sdmx.infomodel.datastructure.AttributeDescriptor=ESTAT:EGR_1_TS(1.4).AttributeDescriptor">
            <Attribute id="COM_DATA_SET_ID" urn="urn:sdmx:org.sdmx.infomodel.datastructure.DataAttribute=ESTAT:EGR_1_TS(1.4).COM_DATA_SET_ID" assignmentStatus="Mandatory">
              <ConceptIdentity>
                <Ref id="COM_DATA_SET_ID" maintainableParentID="EGR_CONCEPTS" maintainableParentVersion="1.2" agencyID="ESTAT" package="conceptscheme" class="Concept" xmlns="" />
              </ConceptIdentity>
              <AttributeRelationship>
                <PrimaryMeasure>
                  <Ref id="OBS_VALUE" xmlns="" />
                </PrimaryMeasure>
              </AttributeRelationship>
            </Attribute>
            <Attribute id="NSI" urn="urn:sdmx:org.sdmx.infomodel.datastructure.DataAttribute=ESTAT:EGR_1_TS(1.4).NSI" assignmentStatus="Conditional">
              <ConceptIdentity>
                <Ref id="NSI" maintainableParentID="EGR_CONCEPTS" maintainableParentVersion="1.2" agencyID="ESTAT" package="conceptscheme" class="Concept" xmlns="" />
              </ConceptIdentity>
              <LocalRepresentation>
                <Enumeration>
                  <Ref id="CL_SOURCE_CODE" version="1.0" agencyID="ESTAT" package="codelist" class="Codelist" xmlns="" />
                </Enumeration>
              </LocalRepresentation>
              <AttributeRelationship>
                <PrimaryMeasure>
                  <Ref id="OBS_VALUE" xmlns="" />
                </PrimaryMeasure>
              </AttributeRelationship>
            </Attribute>
            <Attribute id="FRAME_REFERENCE_DATE" urn="urn:sdmx:org.sdmx.infomodel.datastructure.DataAttribute=ESTAT:EGR_1_TS(1.4).FRAME_REFERENCE_DATE" assignmentStatus="Mandatory">
              <ConceptIdentity>
                <Ref id="FRAME_REFERENCE_DATE" maintainableParentID="EGR_CONCEPTS" maintainableParentVersion="1.2" agencyID="ESTAT" package="conceptscheme" class="Concept" xmlns="" />
              </ConceptIdentity>
              <AttributeRelationship>
                <PrimaryMeasure>
                  <Ref id="OBS_VALUE" xmlns="" />
                </PrimaryMeasure>
              </AttributeRelationship>
            </Attribute>
            <Attribute id="EU_LEU_ID" urn="urn:sdmx:org.sdmx.infomodel.datastructure.DataAttribute=ESTAT:EGR_1_TS(1.4).EU_LEU_ID" assignmentStatus="Mandatory">
              <ConceptIdentity>
                <Ref id="EU_LEU_ID" maintainableParentID="EGR_CONCEPTS" maintainableParentVersion="1.2" agencyID="ESTAT" package="conceptscheme" class="Concept" xmlns="" />
              </ConceptIdentity>
              <AttributeRelationship>
                <PrimaryMeasure>
                  <Ref id="OBS_VALUE" xmlns="" />
                </PrimaryMeasure>
              </AttributeRelationship>
            </Attribute>
            <Attribute id="NSA_ID" urn="urn:sdmx:org.sdmx.infomodel.datastructure.DataAttribute=ESTAT:EGR_1_TS(1.4).NSA_ID" assignmentStatus="Conditional">
              <ConceptIdentity>
                <Ref id="NSA_ID" maintainableParentID="EGR_CONCEPTS" maintainableParentVersion="1.2" agencyID="ESTAT" package="conceptscheme" class="Concept" xmlns="" />
              </ConceptIdentity>
              <AttributeRelationship>
                <PrimaryMeasure>
                  <Ref id="OBS_VALUE" xmlns="" />
                </PrimaryMeasure>
              </AttributeRelationship>
            </Attribute>
            <Attribute id="CONF_IND_LEU_IDENTITY" urn="urn:sdmx:org.sdmx.infomodel.datastructure.DataAttribute=ESTAT:EGR_1_TS(1.4).CONF_IND_LEU_IDENTITY" assignmentStatus="Conditional">
              <ConceptIdentity>
                <Ref id="CONF_IND_LEU_IDENTITY" maintainableParentID="EGR_CONCEPTS" maintainableParentVersion="1.2" agencyID="ESTAT" package="conceptscheme" class="Concept" xmlns="" />
              </ConceptIdentity>
              <LocalRepresentation>
                <Enumeration>
                  <Ref id="CL_CONFIDENTIAL_IND" version="1.0" agencyID="ESTAT" package="codelist" class="Codelist" xmlns="" />
                </Enumeration>
              </LocalRepresentation>
              <AttributeRelationship>
                <PrimaryMeasure>
                  <Ref id="OBS_VALUE" xmlns="" />
                </PrimaryMeasure>
              </AttributeRelationship>
            </Attribute>
            <Attribute id="SOURCE_IDENTITY" urn="urn:sdmx:org.sdmx.infomodel.datastructure.DataAttribute=ESTAT:EGR_1_TS(1.4).SOURCE_IDENTITY" assignmentStatus="Conditional">
              <ConceptIdentity>
                <Ref id="SOURCE_IDENTITY" maintainableParentID="EGR_CONCEPTS" maintainableParentVersion="1.2" agencyID="ESTAT" package="conceptscheme" class="Concept" xmlns="" />
              </ConceptIdentity>
              <LocalRepresentation>
                <Enumeration>
                  <Ref id="CL_SOURCE_CODE" version="1.0" agencyID="ESTAT" package="codelist" class="Codelist" xmlns="" />
                </Enumeration>
              </LocalRepresentation>
              <AttributeRelationship>
                <PrimaryMeasure>
                  <Ref id="OBS_VALUE" xmlns="" />
                </PrimaryMeasure>
              </AttributeRelationship>
            </Attribute>
            <Attribute id="REF_DATE_LEU_IDENTITY" urn="urn:sdmx:org.sdmx.infomodel.datastructure.DataAttribute=ESTAT:EGR_1_TS(1.4).REF_DATE_LEU_IDENTITY" assignmentStatus="Conditional">
              <ConceptIdentity>
                <Ref id="REF_DATE_LEU_IDENTITY" maintainableParentID="EGR_CONCEPTS" maintainableParentVersion="1.2" agencyID="ESTAT" package="conceptscheme" class="Concept" xmlns="" />
              </ConceptIdentity>
              <AttributeRelationship>
                <PrimaryMeasure>
                  <Ref id="OBS_VALUE" xmlns="" />
                </PrimaryMeasure>
              </AttributeRelationship>
            </Attribute>
            <Attribute id="DUNS_NUMBER" urn="urn:sdmx:org.sdmx.infomodel.datastructure.DataAttribute=ESTAT:EGR_1_TS(1.4).DUNS_NUMBER" assignmentStatus="Conditional">
              <ConceptIdentity>
                <Ref id="DUNS_NUMBER" maintainableParentID="EGR_CONCEPTS" maintainableParentVersion="1.2" agencyID="ESTAT" package="conceptscheme" class="Concept" xmlns="" />
              </ConceptIdentity>
              <AttributeRelationship>
                <PrimaryMeasure>
                  <Ref id="OBS_VALUE" xmlns="" />
                </PrimaryMeasure>
              </AttributeRelationship>
            </Attribute>
            <Attribute id="BVD_ID" urn="urn:sdmx:org.sdmx.infomodel.datastructure.DataAttribute=ESTAT:EGR_1_TS(1.4).BVD_ID" assignmentStatus="Conditional">
              <ConceptIdentity>
                <Ref id="BVD_ID" maintainableParentID="EGR_CONCEPTS" maintainableParentVersion="1.2" agencyID="ESTAT" package="conceptscheme" class="Concept" xmlns="" />
              </ConceptIdentity>
              <AttributeRelationship>
                <PrimaryMeasure>
                  <Ref id="OBS_VALUE" xmlns="" />
                </PrimaryMeasure>
              </AttributeRelationship>
            </Attribute>
            <Attribute id="NATIONAL_ID_NSI" urn="urn:sdmx:org.sdmx.infomodel.datastructure.DataAttribute=ESTAT:EGR_1_TS(1.4).NATIONAL_ID_NSI" assignmentStatus="Conditional">
              <ConceptIdentity>
                <Ref id="NATIONAL_ID_NSI" maintainableParentID="EGR_CONCEPTS" maintainableParentVersion="1.2" agencyID="ESTAT" package="conceptscheme" class="Concept" xmlns="" />
              </ConceptIdentity>
              <AttributeRelationship>
                <PrimaryMeasure>
                  <Ref id="OBS_VALUE" xmlns="" />
                </PrimaryMeasure>
              </AttributeRelationship>
            </Attribute>
            <Attribute id="NIS_CODE_EGR_NSI" urn="urn:sdmx:org.sdmx.infomodel.datastructure.DataAttribute=ESTAT:EGR_1_TS(1.4).NIS_CODE_EGR_NSI" assignmentStatus="Conditional">
              <ConceptIdentity>
                <Ref id="NIS_CODE_EGR_NSI" maintainableParentID="EGR_CONCEPTS" maintainableParentVersion="1.2" agencyID="ESTAT" package="conceptscheme" class="Concept" xmlns="" />
              </ConceptIdentity>
              <LocalRepresentation>
                <Enumeration>
                  <Ref id="CL_NIS_CODE_EGR" version="1.3" agencyID="ESTAT" package="codelist" class="Codelist" xmlns="" />
                </Enumeration>
              </LocalRepresentation>
              <AttributeRelationship>
                <PrimaryMeasure>
                  <Ref id="OBS_VALUE" xmlns="" />
                </PrimaryMeasure>
              </AttributeRelationship>
            </Attribute>
            <Attribute id="NATIONAL_ID_1" urn="urn:sdmx:org.sdmx.infomodel.datastructure.DataAttribute=ESTAT:EGR_1_TS(1.4).NATIONAL_ID_1" assignmentStatus="Conditional">
              <ConceptIdentity>
                <Ref id="NATIONAL_ID_1" maintainableParentID="EGR_CONCEPTS" maintainableParentVersion="1.2" agencyID="ESTAT" package="conceptscheme" class="Concept" xmlns="" />
              </ConceptIdentity>
              <AttributeRelationship>
                <PrimaryMeasure>
                  <Ref id="OBS_VALUE" xmlns="" />
                </PrimaryMeasure>
              </AttributeRelationship>
            </Attribute>
            <Attribute id="NIS_CODE_EGR_1" urn="urn:sdmx:org.sdmx.infomodel.datastructure.DataAttribute=ESTAT:EGR_1_TS(1.4).NIS_CODE_EGR_1" assignmentStatus="Conditional">
              <ConceptIdentity>
                <Ref id="NIS_CODE_EGR_1" maintainableParentID="EGR_CONCEPTS" maintainableParentVersion="1.2" agencyID="ESTAT" package="conceptscheme" class="Concept" xmlns="" />
              </ConceptIdentity>
              <LocalRepresentation>
                <Enumeration>
                  <Ref id="CL_NIS_CODE_EGR" version="1.3" agencyID="ESTAT" package="codelist" class="Codelist" xmlns="" />
                </Enumeration>
              </LocalRepresentation>
              <AttributeRelationship>
                <PrimaryMeasure>
                  <Ref id="OBS_VALUE" xmlns="" />
                </PrimaryMeasure>
              </AttributeRelationship>
            </Attribute>
            <Attribute id="NATIONAL_ID_2" urn="urn:sdmx:org.sdmx.infomodel.datastructure.DataAttribute=ESTAT:EGR_1_TS(1.4).NATIONAL_ID_2" assignmentStatus="Conditional">
              <ConceptIdentity>
                <Ref id="NATIONAL_ID_2" maintainableParentID="EGR_CONCEPTS" maintainableParentVersion="1.2" agencyID="ESTAT" package="conceptscheme" class="Concept" xmlns="" />
              </ConceptIdentity>
              <AttributeRelationship>
                <PrimaryMeasure>
                  <Ref id="OBS_VALUE" xmlns="" />
                </PrimaryMeasure>
              </AttributeRelationship>
            </Attribute>
            <Attribute id="NIS_CODE_EGR_2" urn="urn:sdmx:org.sdmx.infomodel.datastructure.DataAttribute=ESTAT:EGR_1_TS(1.4).NIS_CODE_EGR_2" assignmentStatus="Conditional">
              <ConceptIdentity>
                <Ref id="NIS_CODE_EGR_2" maintainableParentID="EGR_CONCEPTS" maintainableParentVersion="1.2" agencyID="ESTAT" package="conceptscheme" class="Concept" xmlns="" />
              </ConceptIdentity>
              <LocalRepresentation>
                <Enumeration>
                  <Ref id="CL_NIS_CODE_EGR" version="1.3" agencyID="ESTAT" package="codelist" class="Codelist" xmlns="" />
                </Enumeration>
              </LocalRepresentation>
              <AttributeRelationship>
                <PrimaryMeasure>
                  <Ref id="OBS_VALUE" xmlns="" />
                </PrimaryMeasure>
              </AttributeRelationship>
            </Attribute>
            <Attribute id="NATIONAL_ID_3" urn="urn:sdmx:org.sdmx.infomodel.datastructure.DataAttribute=ESTAT:EGR_1_TS(1.4).NATIONAL_ID_3" assignmentStatus="Conditional">
              <ConceptIdentity>
                <Ref id="NATIONAL_ID_3" maintainableParentID="EGR_CONCEPTS" maintainableParentVersion="1.2" agencyID="ESTAT" package="conceptscheme" class="Concept" xmlns="" />
              </ConceptIdentity>
              <AttributeRelationship>
                <PrimaryMeasure>
                  <Ref id="OBS_VALUE" xmlns="" />
                </PrimaryMeasure>
              </AttributeRelationship>
            </Attribute>
            <Attribute id="NIS_CODE_EGR_3" urn="urn:sdmx:org.sdmx.infomodel.datastructure.DataAttribute=ESTAT:EGR_1_TS(1.4).NIS_CODE_EGR_3" assignmentStatus="Conditional">
              <ConceptIdentity>
                <Ref id="NIS_CODE_EGR_3" maintainableParentID="EGR_CONCEPTS" maintainableParentVersion="1.2" agencyID="ESTAT" package="conceptscheme" class="Concept" xmlns="" />
              </ConceptIdentity>
              <LocalRepresentation>
                <Enumeration>
                  <Ref id="CL_NIS_CODE_EGR" version="1.3" agencyID="ESTAT" package="codelist" class="Codelist" xmlns="" />
                </Enumeration>
              </LocalRepresentation>
              <AttributeRelationship>
                <PrimaryMeasure>
                  <Ref id="OBS_VALUE" xmlns="" />
                </PrimaryMeasure>
              </AttributeRelationship>
            </Attribute>
            <Attribute id="NAME_LEGAL_UNIT" urn="urn:sdmx:org.sdmx.infomodel.datastructure.DataAttribute=ESTAT:EGR_1_TS(1.4).NAME_LEGAL_UNIT" assignmentStatus="Conditional">
              <ConceptIdentity>
                <Ref id="NAME_LEGAL_UNIT" maintainableParentID="EGR_CONCEPTS" maintainableParentVersion="1.2" agencyID="ESTAT" package="conceptscheme" class="Concept" xmlns="" />
              </ConceptIdentity>
              <AttributeRelationship>
                <PrimaryMeasure>
                  <Ref id="OBS_VALUE" xmlns="" />
                </PrimaryMeasure>
              </AttributeRelationship>
            </Attribute>
            <Attribute id="NSI_NAME_LEGAL_UNIT" urn="urn:sdmx:org.sdmx.infomodel.datastructure.DataAttribute=ESTAT:EGR_1_TS(1.4).NSI_NAME_LEGAL_UNIT" assignmentStatus="Conditional">
              <ConceptIdentity>
                <Ref id="NSI_NAME_LEGAL_UNIT" maintainableParentID="EGR_CONCEPTS" maintainableParentVersion="1.2" agencyID="ESTAT" package="conceptscheme" class="Concept" xmlns="" />
              </ConceptIdentity>
              <AttributeRelationship>
                <PrimaryMeasure>
                  <Ref id="OBS_VALUE" xmlns="" />
                </PrimaryMeasure>
              </AttributeRelationship>
            </Attribute>
            <Attribute id="POST_DELIVERY_POINT" urn="urn:sdmx:org.sdmx.infomodel.datastructure.DataAttribute=ESTAT:EGR_1_TS(1.4).POST_DELIVERY_POINT" assignmentStatus="Conditional">
              <ConceptIdentity>
                <Ref id="POST_DELIVERY_POINT" maintainableParentID="EGR_CONCEPTS" maintainableParentVersion="1.2" agencyID="ESTAT" package="conceptscheme" class="Concept" xmlns="" />
              </ConceptIdentity>
              <AttributeRelationship>
                <PrimaryMeasure>
                  <Ref id="OBS_VALUE" xmlns="" />
                </PrimaryMeasure>
              </AttributeRelationship>
            </Attribute>
            <Attribute id="NSI_POST_DEL_LOC" urn="urn:sdmx:org.sdmx.infomodel.datastructure.DataAttribute=ESTAT:EGR_1_TS(1.4).NSI_POST_DEL_LOC" assignmentStatus="Conditional">
              <ConceptIdentity>
                <Ref id="NSI_POST_DEL_LOC" maintainableParentID="EGR_CONCEPTS" maintainableParentVersion="1.2" agencyID="ESTAT" package="conceptscheme" class="Concept" xmlns="" />
              </ConceptIdentity>
              <AttributeRelationship>
                <PrimaryMeasure>
                  <Ref id="OBS_VALUE" xmlns="" />
                </PrimaryMeasure>
              </AttributeRelationship>
            </Attribute>
            <Attribute id="CITY_NAME" urn="urn:sdmx:org.sdmx.infomodel.datastructure.DataAttribute=ESTAT:EGR_1_TS(1.4).CITY_NAME" assignmentStatus="Conditional">
              <ConceptIdentity>
                <Ref id="CITY_NAME" maintainableParentID="EGR_CONCEPTS" maintainableParentVersion="1.2" agencyID="ESTAT" package="conceptscheme" class="Concept" xmlns="" />
              </ConceptIdentity>
              <AttributeRelationship>
                <PrimaryMeasure>
                  <Ref id="OBS_VALUE" xmlns="" />
                </PrimaryMeasure>
              </AttributeRelationship>
            </Attribute>
            <Attribute id="NSI_CITY_NAME" urn="urn:sdmx:org.sdmx.infomodel.datastructure.DataAttribute=ESTAT:EGR_1_TS(1.4).NSI_CITY_NAME" assignmentStatus="Conditional">
              <ConceptIdentity>
                <Ref id="NSI_CITY_NAME" maintainableParentID="EGR_CONCEPTS" maintainableParentVersion="1.2" agencyID="ESTAT" package="conceptscheme" class="Concept" xmlns="" />
              </ConceptIdentity>
              <AttributeRelationship>
                <PrimaryMeasure>
                  <Ref id="OBS_VALUE" xmlns="" />
                </PrimaryMeasure>
              </AttributeRelationship>
            </Attribute>
            <Attribute id="POSTAL_CODE" urn="urn:sdmx:org.sdmx.infomodel.datastructure.DataAttribute=ESTAT:EGR_1_TS(1.4).POSTAL_CODE" assignmentStatus="Conditional">
              <ConceptIdentity>
                <Ref id="POSTAL_CODE" maintainableParentID="EGR_CONCEPTS" maintainableParentVersion="1.2" agencyID="ESTAT" package="conceptscheme" class="Concept" xmlns="" />
              </ConceptIdentity>
              <AttributeRelationship>
                <PrimaryMeasure>
                  <Ref id="OBS_VALUE" xmlns="" />
                </PrimaryMeasure>
              </AttributeRelationship>
            </Attribute>
            <Attribute id="COUNTRY_CODE_BOP" urn="urn:sdmx:org.sdmx.infomodel.datastructure.DataAttribute=ESTAT:EGR_1_TS(1.4).COUNTRY_CODE_BOP" assignmentStatus="Conditional">
              <ConceptIdentity>
                <Ref id="COUNTRY_CODE_BOP" maintainableParentID="EGR_CONCEPTS" maintainableParentVersion="1.2" agencyID="ESTAT" package="conceptscheme" class="Concept" xmlns="" />
              </ConceptIdentity>
              <LocalRepresentation>
                <Enumeration>
                  <Ref id="CL_COUNTRY_CODE_BOP" version="1.0" agencyID="ESTAT" package="codelist" class="Codelist" xmlns="" />
                </Enumeration>
              </LocalRepresentation>
              <AttributeRelationship>
                <PrimaryMeasure>
                  <Ref id="OBS_VALUE" xmlns="" />
                </PrimaryMeasure>
              </AttributeRelationship>
            </Attribute>
            <Attribute id="COUNTRY_ACCESS_CODE" urn="urn:sdmx:org.sdmx.infomodel.datastructure.DataAttribute=ESTAT:EGR_1_TS(1.4).COUNTRY_ACCESS_CODE" assignmentStatus="Conditional">
              <ConceptIdentity>
                <Ref id="COUNTRY_ACCESS_CODE" maintainableParentID="EGR_CONCEPTS" maintainableParentVersion="1.2" agencyID="ESTAT" package="conceptscheme" class="Concept" xmlns="" />
              </ConceptIdentity>
              <AttributeRelationship>
                <PrimaryMeasure>
                  <Ref id="OBS_VALUE" xmlns="" />
                </PrimaryMeasure>
              </AttributeRelationship>
            </Attribute>
            <Attribute id="TELEPHONE_NUMBER" urn="urn:sdmx:org.sdmx.infomodel.datastructure.DataAttribute=ESTAT:EGR_1_TS(1.4).TELEPHONE_NUMBER" assignmentStatus="Conditional">
              <ConceptIdentity>
                <Ref id="TELEPHONE_NUMBER" maintainableParentID="EGR_CONCEPTS" maintainableParentVersion="1.2" agencyID="ESTAT" package="conceptscheme" class="Concept" xmlns="" />
              </ConceptIdentity>
              <AttributeRelationship>
                <PrimaryMeasure>
                  <Ref id="OBS_VALUE" xmlns="" />
                </PrimaryMeasure>
              </AttributeRelationship>
            </Attribute>
            <Attribute id="FAX_NUMBER" urn="urn:sdmx:org.sdmx.infomodel.datastructure.DataAttribute=ESTAT:EGR_1_TS(1.4).FAX_NUMBER" assignmentStatus="Conditional">
              <ConceptIdentity>
                <Ref id="FAX_NUMBER" maintainableParentID="EGR_CONCEPTS" maintainableParentVersion="1.2" agencyID="ESTAT" package="conceptscheme" class="Concept" xmlns="" />
              </ConceptIdentity>
              <AttributeRelationship>
                <PrimaryMeasure>
                  <Ref id="OBS_VALUE" xmlns="" />
                </PrimaryMeasure>
              </AttributeRelationship>
            </Attribute>
            <Attribute id="EMAIL_ADDRESS" urn="urn:sdmx:org.sdmx.infomodel.datastructure.DataAttribute=ESTAT:EGR_1_TS(1.4).EMAIL_ADDRESS" assignmentStatus="Conditional">
              <ConceptIdentity>
                <Ref id="EMAIL_ADDRESS" maintainableParentID="EGR_CONCEPTS" maintainableParentVersion="1.2" agencyID="ESTAT" package="conceptscheme" class="Concept" xmlns="" />
              </ConceptIdentity>
              <AttributeRelationship>
                <PrimaryMeasure>
                  <Ref id="OBS_VALUE" xmlns="" />
                </PrimaryMeasure>
              </AttributeRelationship>
            </Attribute>
            <Attribute id="REF_DATE_EMAIL_ADDRESS" urn="urn:sdmx:org.sdmx.infomodel.datastructure.DataAttribute=ESTAT:EGR_1_TS(1.4).REF_DATE_EMAIL_ADDRESS" assignmentStatus="Conditional">
              <ConceptIdentity>
                <Ref id="REF_DATE_EMAIL_ADDRESS" maintainableParentID="EGR_CONCEPTS" maintainableParentVersion="1.2" agencyID="ESTAT" package="conceptscheme" class="Concept" xmlns="" />
              </ConceptIdentity>
              <AttributeRelationship>
                <PrimaryMeasure>
                  <Ref id="OBS_VALUE" xmlns="" />
                </PrimaryMeasure>
              </AttributeRelationship>
            </Attribute>
            <Attribute id="WEB_ADDRESS" urn="urn:sdmx:org.sdmx.infomodel.datastructure.DataAttribute=ESTAT:EGR_1_TS(1.4).WEB_ADDRESS" assignmentStatus="Conditional">
              <ConceptIdentity>
                <Ref id="WEB_ADDRESS" maintainableParentID="EGR_CONCEPTS" maintainableParentVersion="1.2" agencyID="ESTAT" package="conceptscheme" class="Concept" xmlns="" />
              </ConceptIdentity>
              <AttributeRelationship>
                <PrimaryMeasure>
                  <Ref id="OBS_VALUE" xmlns="" />
                </PrimaryMeasure>
              </AttributeRelationship>
            </Attribute>
            <Attribute id="REF_DATE_WEB_ADDRESS" urn="urn:sdmx:org.sdmx.infomodel.datastructure.DataAttribute=ESTAT:EGR_1_TS(1.4).REF_DATE_WEB_ADDRESS" assignmentStatus="Conditional">
              <ConceptIdentity>
                <Ref id="REF_DATE_WEB_ADDRESS" maintainableParentID="EGR_CONCEPTS" maintainableParentVersion="1.2" agencyID="ESTAT" package="conceptscheme" class="Concept" xmlns="" />
              </ConceptIdentity>
              <AttributeRelationship>
                <PrimaryMeasure>
                  <Ref id="OBS_VALUE" xmlns="" />
                </PrimaryMeasure>
              </AttributeRelationship>
            </Attribute>
            <Attribute id="DATE_OF_INCORPORATE" urn="urn:sdmx:org.sdmx.infomodel.datastructure.DataAttribute=ESTAT:EGR_1_TS(1.4).DATE_OF_INCORPORATE" assignmentStatus="Conditional">
              <ConceptIdentity>
                <Ref id="DATE_OF_INCORPORATE" maintainableParentID="EGR_CONCEPTS" maintainableParentVersion="1.2" agencyID="ESTAT" package="conceptscheme" class="Concept" xmlns="" />
              </ConceptIdentity>
              <AttributeRelationship>
                <PrimaryMeasure>
                  <Ref id="OBS_VALUE" xmlns="" />
                </PrimaryMeasure>
              </AttributeRelationship>
            </Attribute>
            <Attribute id="SOURCE_DATE_OF_INCORP" urn="urn:sdmx:org.sdmx.infomodel.datastructure.DataAttribute=ESTAT:EGR_1_TS(1.4).SOURCE_DATE_OF_INCORP" assignmentStatus="Conditional">
              <ConceptIdentity>
                <Ref id="SOURCE_DATE_OF_INCORP" maintainableParentID="EGR_CONCEPTS" maintainableParentVersion="1.2" agencyID="ESTAT" package="conceptscheme" class="Concept" xmlns="" />
              </ConceptIdentity>
              <LocalRepresentation>
                <Enumeration>
                  <Ref id="CL_SOURCE_CODE" version="1.0" agencyID="ESTAT" package="codelist" class="Codelist" xmlns="" />
                </Enumeration>
              </LocalRepresentation>
              <AttributeRelationship>
                <PrimaryMeasure>
                  <Ref id="OBS_VALUE" xmlns="" />
                </PrimaryMeasure>
              </AttributeRelationship>
            </Attribute>
            <Attribute id="REF_DATE_DATE_INCORP" urn="urn:sdmx:org.sdmx.infomodel.datastructure.DataAttribute=ESTAT:EGR_1_TS(1.4).REF_DATE_DATE_INCORP" assignmentStatus="Conditional">
              <ConceptIdentity>
                <Ref id="REF_DATE_DATE_INCORP" maintainableParentID="EGR_CONCEPTS" maintainableParentVersion="1.2" agencyID="ESTAT" package="conceptscheme" class="Concept" xmlns="" />
              </ConceptIdentity>
              <AttributeRelationship>
                <PrimaryMeasure>
                  <Ref id="OBS_VALUE" xmlns="" />
                </PrimaryMeasure>
              </AttributeRelationship>
            </Attribute>
            <Attribute id="LEGAL_FORM_EGR" urn="urn:sdmx:org.sdmx.infomodel.datastructure.DataAttribute=ESTAT:EGR_1_TS(1.4).LEGAL_FORM_EGR" assignmentStatus="Conditional">
              <ConceptIdentity>
                <Ref id="LEGAL_FORM_EGR" maintainableParentID="EGR_CONCEPTS" maintainableParentVersion="1.2" agencyID="ESTAT" package="conceptscheme" class="Concept" xmlns="" />
              </ConceptIdentity>
              <LocalRepresentation>
                <Enumeration>
                  <Ref id="CL_LEGAL_FORM_EGR" version="1.0" agencyID="ESTAT" package="codelist" class="Codelist" xmlns="" />
                </Enumeration>
              </LocalRepresentation>
              <AttributeRelationship>
                <PrimaryMeasure>
                  <Ref id="OBS_VALUE" xmlns="" />
                </PrimaryMeasure>
              </AttributeRelationship>
            </Attribute>
            <Attribute id="SOURCE_LEGAL_FORM" urn="urn:sdmx:org.sdmx.infomodel.datastructure.DataAttribute=ESTAT:EGR_1_TS(1.4).SOURCE_LEGAL_FORM" assignmentStatus="Conditional">
              <ConceptIdentity>
                <Ref id="SOURCE_LEGAL_FORM" maintainableParentID="EGR_CONCEPTS" maintainableParentVersion="1.2" agencyID="ESTAT" package="conceptscheme" class="Concept" xmlns="" />
              </ConceptIdentity>
              <LocalRepresentation>
                <Enumeration>
                  <Ref id="CL_SOURCE_CODE" version="1.0" agencyID="ESTAT" package="codelist" class="Codelist" xmlns="" />
                </Enumeration>
              </LocalRepresentation>
              <AttributeRelationship>
                <PrimaryMeasure>
                  <Ref id="OBS_VALUE" xmlns="" />
                </PrimaryMeasure>
              </AttributeRelationship>
            </Attribute>
            <Attribute id="REF_DATE_LEGAL_FORM" urn="urn:sdmx:org.sdmx.infomodel.datastructure.DataAttribute=ESTAT:EGR_1_TS(1.4).REF_DATE_LEGAL_FORM" assignmentStatus="Conditional">
              <ConceptIdentity>
                <Ref id="REF_DATE_LEGAL_FORM" maintainableParentID="EGR_CONCEPTS" maintainableParentVersion="1.2" agencyID="ESTAT" package="conceptscheme" class="Concept" xmlns="" />
              </ConceptIdentity>
              <AttributeRelationship>
                <PrimaryMeasure>
                  <Ref id="OBS_VALUE" xmlns="" />
                </PrimaryMeasure>
              </AttributeRelationship>
            </Attribute>
            <Attribute id="TYPE_OF_LEGAL_UNIT" urn="urn:sdmx:org.sdmx.infomodel.datastructure.DataAttribute=ESTAT:EGR_1_TS(1.4).TYPE_OF_LEGAL_UNIT" assignmentStatus="Conditional">
              <ConceptIdentity>
                <Ref id="TYPE_OF_LEGAL_UNIT" maintainableParentID="EGR_CONCEPTS" maintainableParentVersion="1.2" agencyID="ESTAT" package="conceptscheme" class="Concept" xmlns="" />
              </ConceptIdentity>
              <LocalRepresentation>
                <Enumeration>
                  <Ref id="CL_TYPE_OF_LEGAL_UNIT" version="1.0" agencyID="ESTAT" package="codelist" class="Codelist" xmlns="" />
                </Enumeration>
              </LocalRepresentation>
              <AttributeRelationship>
                <PrimaryMeasure>
                  <Ref id="OBS_VALUE" xmlns="" />
                </PrimaryMeasure>
              </AttributeRelationship>
            </Attribute>
            <Attribute id="SOURCE_CODE_TYPE_LEU" urn="urn:sdmx:org.sdmx.infomodel.datastructure.DataAttribute=ESTAT:EGR_1_TS(1.4).SOURCE_CODE_TYPE_LEU" assignmentStatus="Conditional">
              <ConceptIdentity>
                <Ref id="SOURCE_CODE_TYPE_LEU" maintainableParentID="EGR_CONCEPTS" maintainableParentVersion="1.2" agencyID="ESTAT" package="conceptscheme" class="Concept" xmlns="" />
              </ConceptIdentity>
              <LocalRepresentation>
                <Enumeration>
                  <Ref id="CL_SOURCE_CODE" version="1.0" agencyID="ESTAT" package="codelist" class="Codelist" xmlns="" />
                </Enumeration>
              </LocalRepresentation>
              <AttributeRelationship>
                <PrimaryMeasure>
                  <Ref id="OBS_VALUE" xmlns="" />
                </PrimaryMeasure>
              </AttributeRelationship>
            </Attribute>
            <Attribute id="REF_DATE_TYPE_OF_LEU" urn="urn:sdmx:org.sdmx.infomodel.datastructure.DataAttribute=ESTAT:EGR_1_TS(1.4).REF_DATE_TYPE_OF_LEU" assignmentStatus="Conditional">
              <ConceptIdentity>
                <Ref id="REF_DATE_TYPE_OF_LEU" maintainableParentID="EGR_CONCEPTS" maintainableParentVersion="1.2" agencyID="ESTAT" package="conceptscheme" class="Concept" xmlns="" />
              </ConceptIdentity>
              <AttributeRelationship>
                <PrimaryMeasure>
                  <Ref id="OBS_VALUE" xmlns="" />
                </PrimaryMeasure>
              </AttributeRelationship>
            </Attribute>
            <Attribute id="STATUS_LEU" urn="urn:sdmx:org.sdmx.infomodel.datastructure.DataAttribute=ESTAT:EGR_1_TS(1.4).STATUS_LEU" assignmentStatus="Conditional">
              <ConceptIdentity>
                <Ref id="STATUS_LEU" maintainableParentID="EGR_CONCEPTS" maintainableParentVersion="1.2" agencyID="ESTAT" package="conceptscheme" class="Concept" xmlns="" />
              </ConceptIdentity>
              <LocalRepresentation>
                <Enumeration>
                  <Ref id="CL_STATUS_LEU_B" version="1.1" agencyID="ESTAT" package="codelist" class="Codelist" xmlns="" />
                </Enumeration>
              </LocalRepresentation>
              <AttributeRelationship>
                <PrimaryMeasure>
                  <Ref id="OBS_VALUE" xmlns="" />
                </PrimaryMeasure>
              </AttributeRelationship>
            </Attribute>
            <Attribute id="SOURCE_CODE_STATUS_LEU" urn="urn:sdmx:org.sdmx.infomodel.datastructure.DataAttribute=ESTAT:EGR_1_TS(1.4).SOURCE_CODE_STATUS_LEU" assignmentStatus="Conditional">
              <ConceptIdentity>
                <Ref id="SOURCE_CODE_STATUS_LEU" maintainableParentID="EGR_CONCEPTS" maintainableParentVersion="1.2" agencyID="ESTAT" package="conceptscheme" class="Concept" xmlns="" />
              </ConceptIdentity>
              <LocalRepresentation>
                <Enumeration>
                  <Ref id="CL_SOURCE_CODE" version="1.0" agencyID="ESTAT" package="codelist" class="Codelist" xmlns="" />
                </Enumeration>
              </LocalRepresentation>
              <AttributeRelationship>
                <PrimaryMeasure>
                  <Ref id="OBS_VALUE" xmlns="" />
                </PrimaryMeasure>
              </AttributeRelationship>
            </Attribute>
            <Attribute id="CONF_IND_STATUS_LEU" urn="urn:sdmx:org.sdmx.infomodel.datastructure.DataAttribute=ESTAT:EGR_1_TS(1.4).CONF_IND_STATUS_LEU" assignmentStatus="Conditional">
              <ConceptIdentity>
                <Ref id="CONF_IND_STATUS_LEU" maintainableParentID="EGR_CONCEPTS" maintainableParentVersion="1.2" agencyID="ESTAT" package="conceptscheme" class="Concept" xmlns="" />
              </ConceptIdentity>
              <LocalRepresentation>
                <Enumeration>
                  <Ref id="CL_CONFIDENTIAL_IND" version="1.0" agencyID="ESTAT" package="codelist" class="Codelist" xmlns="" />
                </Enumeration>
              </LocalRepresentation>
              <AttributeRelationship>
                <PrimaryMeasure>
                  <Ref id="OBS_VALUE" xmlns="" />
                </PrimaryMeasure>
              </AttributeRelationship>
            </Attribute>
            <Attribute id="REF_DATE_STATUS_LEU" urn="urn:sdmx:org.sdmx.infomodel.datastructure.DataAttribute=ESTAT:EGR_1_TS(1.4).REF_DATE_STATUS_LEU" assignmentStatus="Conditional">
              <ConceptIdentity>
                <Ref id="REF_DATE_STATUS_LEU" maintainableParentID="EGR_CONCEPTS" maintainableParentVersion="1.2" agencyID="ESTAT" package="conceptscheme" class="Concept" xmlns="" />
              </ConceptIdentity>
              <AttributeRelationship>
                <PrimaryMeasure>
                  <Ref id="OBS_VALUE" xmlns="" />
                </PrimaryMeasure>
              </AttributeRelationship>
            </Attribute>
            <Attribute id="NACE_CODE" urn="urn:sdmx:org.sdmx.infomodel.datastructure.DataAttribute=ESTAT:EGR_1_TS(1.4).NACE_CODE" assignmentStatus="Conditional">
              <ConceptIdentity>
                <Ref id="NACE_CODE" maintainableParentID="EGR_CONCEPTS" maintainableParentVersion="1.2" agencyID="ESTAT" package="conceptscheme" class="Concept" xmlns="" />
              </ConceptIdentity>
              <LocalRepresentation>
                <Enumeration>
                  <Ref id="CL_NACE_REV2_CODE" version="1.0" agencyID="ESTAT" package="codelist" class="Codelist" xmlns="" />
                </Enumeration>
              </LocalRepresentation>
              <AttributeRelationship>
                <PrimaryMeasure>
                  <Ref id="OBS_VALUE" xmlns="" />
                </PrimaryMeasure>
              </AttributeRelationship>
            </Attribute>
            <Attribute id="SOURCE_CODE_NACE" urn="urn:sdmx:org.sdmx.infomodel.datastructure.DataAttribute=ESTAT:EGR_1_TS(1.4).SOURCE_CODE_NACE" assignmentStatus="Conditional">
              <ConceptIdentity>
                <Ref id="SOURCE_CODE_NACE" maintainableParentID="EGR_CONCEPTS" maintainableParentVersion="1.2" agencyID="ESTAT" package="conceptscheme" class="Concept" xmlns="" />
              </ConceptIdentity>
              <LocalRepresentation>
                <Enumeration>
                  <Ref id="CL_SOURCE_CODE" version="1.0" agencyID="ESTAT" package="codelist" class="Codelist" xmlns="" />
                </Enumeration>
              </LocalRepresentation>
              <AttributeRelationship>
                <PrimaryMeasure>
                  <Ref id="OBS_VALUE" xmlns="" />
                </PrimaryMeasure>
              </AttributeRelationship>
            </Attribute>
            <Attribute id="CONF_IND_NACE" urn="urn:sdmx:org.sdmx.infomodel.datastructure.DataAttribute=ESTAT:EGR_1_TS(1.4).CONF_IND_NACE" assignmentStatus="Conditional">
              <ConceptIdentity>
                <Ref id="CONF_IND_NACE" maintainableParentID="EGR_CONCEPTS" maintainableParentVersion="1.2" agencyID="ESTAT" package="conceptscheme" class="Concept" xmlns="" />
              </ConceptIdentity>
              <LocalRepresentation>
                <Enumeration>
                  <Ref id="CL_CONFIDENTIAL_IND" version="1.0" agencyID="ESTAT" package="codelist" class="Codelist" xmlns="" />
                </Enumeration>
              </LocalRepresentation>
              <AttributeRelationship>
                <PrimaryMeasure>
                  <Ref id="OBS_VALUE" xmlns="" />
                </PrimaryMeasure>
              </AttributeRelationship>
            </Attribute>
            <Attribute id="REF_DATE_NACE" urn="urn:sdmx:org.sdmx.infomodel.datastructure.DataAttribute=ESTAT:EGR_1_TS(1.4).REF_DATE_NACE" assignmentStatus="Conditional">
              <ConceptIdentity>
                <Ref id="REF_DATE_NACE" maintainableParentID="EGR_CONCEPTS" maintainableParentVersion="1.2" agencyID="ESTAT" package="conceptscheme" class="Concept" xmlns="" />
              </ConceptIdentity>
              <AttributeRelationship>
                <PrimaryMeasure>
                  <Ref id="OBS_VALUE" xmlns="" />
                </PrimaryMeasure>
              </AttributeRelationship>
            </Attribute>
            <Attribute id="NUMBER_PERS_EMPLOYED" urn="urn:sdmx:org.sdmx.infomodel.datastructure.DataAttribute=ESTAT:EGR_1_TS(1.4).NUMBER_PERS_EMPLOYED" assignmentStatus="Conditional">
              <ConceptIdentity>
                <Ref id="NUMBER_PERS_EMPLOYED" maintainableParentID="EGR_CONCEPTS" maintainableParentVersion="1.2" agencyID="ESTAT" package="conceptscheme" class="Concept" xmlns="" />
              </ConceptIdentity>
              <AttributeRelationship>
                <PrimaryMeasure>
                  <Ref id="OBS_VALUE" xmlns="" />
                </PrimaryMeasure>
              </AttributeRelationship>
            </Attribute>
            <Attribute id="SOURCE_CODE_PERS_EMPL" urn="urn:sdmx:org.sdmx.infomodel.datastructure.DataAttribute=ESTAT:EGR_1_TS(1.4).SOURCE_CODE_PERS_EMPL" assignmentStatus="Conditional">
              <ConceptIdentity>
                <Ref id="SOURCE_CODE_PERS_EMPL" maintainableParentID="EGR_CONCEPTS" maintainableParentVersion="1.2" agencyID="ESTAT" package="conceptscheme" class="Concept" xmlns="" />
              </ConceptIdentity>
              <LocalRepresentation>
                <Enumeration>
                  <Ref id="CL_SOURCE_CODE" version="1.0" agencyID="ESTAT" package="codelist" class="Codelist" xmlns="" />
                </Enumeration>
              </LocalRepresentation>
              <AttributeRelationship>
                <PrimaryMeasure>
                  <Ref id="OBS_VALUE" xmlns="" />
                </PrimaryMeasure>
              </AttributeRelationship>
            </Attribute>
            <Attribute id="CONS_PERSON_EMPLOYED" urn="urn:sdmx:org.sdmx.infomodel.datastructure.DataAttribute=ESTAT:EGR_1_TS(1.4).CONS_PERSON_EMPLOYED" assignmentStatus="Conditional">
              <ConceptIdentity>
                <Ref id="CONS_PERSON_EMPLOYED" maintainableParentID="EGR_CONCEPTS" maintainableParentVersion="1.2" agencyID="ESTAT" package="conceptscheme" class="Concept" xmlns="" />
              </ConceptIdentity>
              <LocalRepresentation>
                <Enumeration>
                  <Ref id="CL_CONS_PERSON_EMPLOYED" version="1.1" agencyID="ESTAT" package="codelist" class="Codelist" xmlns="" />
                </Enumeration>
              </LocalRepresentation>
              <AttributeRelationship>
                <PrimaryMeasure>
                  <Ref id="OBS_VALUE" xmlns="" />
                </PrimaryMeasure>
              </AttributeRelationship>
            </Attribute>
            <Attribute id="CONF_PERS_EMPL" urn="urn:sdmx:org.sdmx.infomodel.datastructure.DataAttribute=ESTAT:EGR_1_TS(1.4).CONF_PERS_EMPL" assignmentStatus="Conditional">
              <ConceptIdentity>
                <Ref id="CONF_PERS_EMPL" maintainableParentID="EGR_CONCEPTS" maintainableParentVersion="1.2" agencyID="ESTAT" package="conceptscheme" class="Concept" xmlns="" />
              </ConceptIdentity>
              <LocalRepresentation>
                <Enumeration>
                  <Ref id="CL_CONFIDENTIAL_IND" version="1.0" agencyID="ESTAT" package="codelist" class="Codelist" xmlns="" />
                </Enumeration>
              </LocalRepresentation>
              <AttributeRelationship>
                <PrimaryMeasure>
                  <Ref id="OBS_VALUE" xmlns="" />
                </PrimaryMeasure>
              </AttributeRelationship>
            </Attribute>
            <Attribute id="REF_DATE_PERS_EMPLOYED" urn="urn:sdmx:org.sdmx.infomodel.datastructure.DataAttribute=ESTAT:EGR_1_TS(1.4).REF_DATE_PERS_EMPLOYED" assignmentStatus="Conditional">
              <ConceptIdentity>
                <Ref id="REF_DATE_PERS_EMPLOYED" maintainableParentID="EGR_CONCEPTS" maintainableParentVersion="1.2" agencyID="ESTAT" package="conceptscheme" class="Concept" xmlns="" />
              </ConceptIdentity>
              <AttributeRelationship>
                <PrimaryMeasure>
                  <Ref id="OBS_VALUE" xmlns="" />
                </PrimaryMeasure>
              </AttributeRelationship>
            </Attribute>
            <Attribute id="SPECIAL_PURP_ENTITY_CODE" urn="urn:sdmx:org.sdmx.infomodel.datastructure.DataAttribute=ESTAT:EGR_1_TS(1.4).SPECIAL_PURP_ENTITY_CODE" assignmentStatus="Conditional">
              <ConceptIdentity>
                <Ref id="SPECIAL_PURP_ENTITY_CODE" maintainableParentID="EGR_CONCEPTS" maintainableParentVersion="1.2" agencyID="ESTAT" package="conceptscheme" class="Concept" xmlns="" />
              </ConceptIdentity>
              <LocalRepresentation>
                <Enumeration>
                  <Ref id="CL_SPECIAL_PURP_ENTITY_CODE" version="1.0" agencyID="ESTAT" package="codelist" class="Codelist" xmlns="" />
                </Enumeration>
              </LocalRepresentation>
              <AttributeRelationship>
                <PrimaryMeasure>
                  <Ref id="OBS_VALUE" xmlns="" />
                </PrimaryMeasure>
              </AttributeRelationship>
            </Attribute>
            <Attribute id="SOURCE_CODE_SPE" urn="urn:sdmx:org.sdmx.infomodel.datastructure.DataAttribute=ESTAT:EGR_1_TS(1.4).SOURCE_CODE_SPE" assignmentStatus="Conditional">
              <ConceptIdentity>
                <Ref id="SOURCE_CODE_SPE" maintainableParentID="EGR_CONCEPTS" maintainableParentVersion="1.2" agencyID="ESTAT" package="conceptscheme" class="Concept" xmlns="" />
              </ConceptIdentity>
              <LocalRepresentation>
                <Enumeration>
                  <Ref id="CL_SOURCE_CODE" version="1.0" agencyID="ESTAT" package="codelist" class="Codelist" xmlns="" />
                </Enumeration>
              </LocalRepresentation>
              <AttributeRelationship>
                <PrimaryMeasure>
                  <Ref id="OBS_VALUE" xmlns="" />
                </PrimaryMeasure>
              </AttributeRelationship>
            </Attribute>
            <Attribute id="CONF_IND_SPE" urn="urn:sdmx:org.sdmx.infomodel.datastructure.DataAttribute=ESTAT:EGR_1_TS(1.4).CONF_IND_SPE" assignmentStatus="Conditional">
              <ConceptIdentity>
                <Ref id="CONF_IND_SPE" maintainableParentID="EGR_CONCEPTS" maintainableParentVersion="1.2" agencyID="ESTAT" package="conceptscheme" class="Concept" xmlns="" />
              </ConceptIdentity>
              <LocalRepresentation>
                <Enumeration>
                  <Ref id="CL_CONFIDENTIAL_IND" version="1.0" agencyID="ESTAT" package="codelist" class="Codelist" xmlns="" />
                </Enumeration>
              </LocalRepresentation>
              <AttributeRelationship>
                <PrimaryMeasure>
                  <Ref id="OBS_VALUE" xmlns="" />
                </PrimaryMeasure>
              </AttributeRelationship>
            </Attribute>
            <Attribute id="REF_DATE_SPE_CODE" urn="urn:sdmx:org.sdmx.infomodel.datastructure.DataAttribute=ESTAT:EGR_1_TS(1.4).REF_DATE_SPE_CODE" assignmentStatus="Conditional">
              <ConceptIdentity>
                <Ref id="REF_DATE_SPE_CODE" maintainableParentID="EGR_CONCEPTS" maintainableParentVersion="1.2" agencyID="ESTAT" package="conceptscheme" class="Concept" xmlns="" />
              </ConceptIdentity>
              <AttributeRelationship>
                <PrimaryMeasure>
                  <Ref id="OBS_VALUE" xmlns="" />
                </PrimaryMeasure>
              </AttributeRelationship>
            </Attribute>
            <Attribute id="DATE_OF_LIQUIDATION" urn="urn:sdmx:org.sdmx.infomodel.datastructure.DataAttribute=ESTAT:EGR_1_TS(1.4).DATE_OF_LIQUIDATION" assignmentStatus="Conditional">
              <ConceptIdentity>
                <Ref id="DATE_OF_LIQUIDATION" maintainableParentID="EGR_CONCEPTS" maintainableParentVersion="1.2" agencyID="ESTAT" package="conceptscheme" class="Concept" xmlns="" />
              </ConceptIdentity>
              <AttributeRelationship>
                <PrimaryMeasure>
                  <Ref id="OBS_VALUE" xmlns="" />
                </PrimaryMeasure>
              </AttributeRelationship>
            </Attribute>
            <Attribute id="SOURCE_DATE_OF_LIQ" urn="urn:sdmx:org.sdmx.infomodel.datastructure.DataAttribute=ESTAT:EGR_1_TS(1.4).SOURCE_DATE_OF_LIQ" assignmentStatus="Conditional">
              <ConceptIdentity>
                <Ref id="SOURCE_DATE_OF_LIQ" maintainableParentID="EGR_CONCEPTS" maintainableParentVersion="1.2" agencyID="ESTAT" package="conceptscheme" class="Concept" xmlns="" />
              </ConceptIdentity>
              <LocalRepresentation>
                <Enumeration>
                  <Ref id="CL_SOURCE_CODE" version="1.0" agencyID="ESTAT" package="codelist" class="Codelist" xmlns="" />
                </Enumeration>
              </LocalRepresentation>
              <AttributeRelationship>
                <PrimaryMeasure>
                  <Ref id="OBS_VALUE" xmlns="" />
                </PrimaryMeasure>
              </AttributeRelationship>
            </Attribute>
            <Attribute id="REF_DATE_DATE_OF_LIQ" urn="urn:sdmx:org.sdmx.infomodel.datastructure.DataAttribute=ESTAT:EGR_1_TS(1.4).REF_DATE_DATE_OF_LIQ" assignmentStatus="Conditional">
              <ConceptIdentity>
                <Ref id="REF_DATE_DATE_OF_LIQ" maintainableParentID="EGR_CONCEPTS" maintainableParentVersion="1.2" agencyID="ESTAT" package="conceptscheme" class="Concept" xmlns="" />
              </ConceptIdentity>
              <AttributeRelationship>
                <PrimaryMeasure>
                  <Ref id="OBS_VALUE" xmlns="" />
                </PrimaryMeasure>
              </AttributeRelationship>
            </Attribute>
            <Attribute id="CHANGE_INDICATOR" urn="urn:sdmx:org.sdmx.infomodel.datastructure.DataAttribute=ESTAT:EGR_1_TS(1.4).CHANGE_INDICATOR" assignmentStatus="Conditional">
              <ConceptIdentity>
                <Ref id="CHANGE_INDICATOR" maintainableParentID="EGR_CONCEPTS" maintainableParentVersion="1.2" agencyID="ESTAT" package="conceptscheme" class="Concept" xmlns="" />
              </ConceptIdentity>
              <LocalRepresentation>
                <Enumeration>
                  <Ref id="CL_CHANGE_INDICATOR" version="1.1" agencyID="ESTAT" package="codelist" class="Codelist" xmlns="" />
                </Enumeration>
              </LocalRepresentation>
              <AttributeRelationship>
                <PrimaryMeasure>
                  <Ref id="OBS_VALUE" xmlns="" />
                </PrimaryMeasure>
              </AttributeRelationship>
            </Attribute>
            <Attribute id="ACTION_INDICATOR" urn="urn:sdmx:org.sdmx.infomodel.datastructure.DataAttribute=ESTAT:EGR_1_TS(1.4).ACTION_INDICATOR" assignmentStatus="Conditional">
              <ConceptIdentity>
                <Ref id="ACTION_INDICATOR" maintainableParentID="EGR_CONCEPTS" maintainableParentVersion="1.2" agencyID="ESTAT" package="conceptscheme" class="Concept" xmlns="" />
              </ConceptIdentity>
              <LocalRepresentation>
                <Enumeration>
                  <Ref id="CL_ACTION_INDICATOR" version="1.0" agencyID="ESTAT" package="codelist" class="Codelist" xmlns="" />
                </Enumeration>
              </LocalRepresentation>
              <AttributeRelationship>
                <PrimaryMeasure>
                  <Ref id="OBS_VALUE" xmlns="" />
                </PrimaryMeasure>
              </AttributeRelationship>
            </Attribute>
          </AttributeList>
          <MeasureList id="MeasureDescriptor" urn="urn:sdmx:org.sdmx.infomodel.datastructure.MeasureDescriptor=ESTAT:EGR_1_TS(1.4).MeasureDescriptor">
            <PrimaryMeasure id="OBS_VALUE" urn="urn:sdmx:org.sdmx.infomodel.datastructure.PrimaryMeasure=ESTAT:EGR_1_TS(1.4).OBS_VALUE">
              <ConceptIdentity>
                <Ref id="OBS_VALUE" maintainableParentID="EGR_CONCEPTS" maintainableParentVersion="1.2" agencyID="ESTAT" package="conceptscheme" class="Concept" xmlns="" />
              </ConceptIdentity>
            </PrimaryMeasure>
          </MeasureList>
        </DataStructureComponents>
      </DataStructure>
    </DataStructures>
  </Structures>
</Structure>